<?xml version="1.0" encoding="UTF-8"?>
<testsuite xmlns:xsi="http://www.w3.org/2001/XMLSchema-instance" xsi:noNamespaceSchemaLocation="https://maven.apache.org/surefire/maven-surefire-plugin/xsd/surefire-test-report-3.0.xsd" version="3.0" name="org.apache.hadoop.ozone.om.TestAddRemoveOzoneManager" time="34.947" tests="1" errors="0" skipped="0" failures="1">
  <properties>
    <property name="awt.toolkit" value="sun.awt.X11.XToolkit"/>
    <property name="file.encoding.pkg" value="sun.io"/>
    <property name="java.specification.version" value="1.8"/>
    <property name="sun.cpu.isalist" value=""/>
    <property name="sun.jnu.encoding" value="UTF-8"/>
    <property name="java.class.path" value="/home/runner/work/ozone/ozone/hadoop-ozone/integration-test/target/test-classes:/home/runner/work/ozone/ozone/hadoop-ozone/integration-test/target/classes:/home/runner/.m2/repository/org/apache/ozone/ozone-common/1.4.0-SNAPSHOT/ozone-common-1.4.0-SNAPSHOT.jar:/home/runner/.m2/repository/io/grpc/grpc-netty/1.51.1/grpc-netty-1.51.1.jar:/home/runner/.m2/repository/io/grpc/grpc-core/1.51.1/grpc-core-1.51.1.jar:/home/runner/.m2/repository/com/google/android/annotations/4.1.1.4/annotations-4.1.1.4.jar:/home/runner/.m2/repository/org/codehaus/mojo/animal-sniffer-annotations/1.21/animal-sniffer-annotations-1.21.jar:/home/runner/.m2/repository/com/google/errorprone/error_prone_annotations/2.2.0/error_prone_annotations-2.2.0.jar:/home/runner/.m2/repository/io/perfmark/perfmark-api/0.25.0/perfmark-api-0.25.0.jar:/home/runner/.m2/repository/io/netty/netty-codec-http2/4.1.86.Final/netty-codec-http2-4.1.86.Final.jar:/home/runner/.m2/repository/io/netty/netty-common/4.1.86.Final/netty-common-4.1.86.Final.jar:/home/runner/.m2/repository/io/netty/netty-buffer/4.1.86.Final/netty-buffer-4.1.86.Final.jar:/home/runner/.m2/repository/io/netty/netty-codec-http/4.1.86.Final/netty-codec-http-4.1.86.Final.jar:/home/runner/.m2/repository/io/netty/netty-handler-proxy/4.1.86.Final/netty-handler-proxy-4.1.86.Final.jar:/home/runner/.m2/repository/io/netty/netty-codec-socks/4.1.86.Final/netty-codec-socks-4.1.86.Final.jar:/home/runner/.m2/repository/io/netty/netty-tcnative-boringssl-static/2.0.54.Final/netty-tcnative-boringssl-static-2.0.54.Final.jar:/home/runner/.m2/repository/io/netty/netty-tcnative-classes/2.0.54.Final/netty-tcnative-classes-2.0.54.Final.jar:/home/runner/.m2/repository/io/netty/netty-tcnative-boringssl-static/2.0.54.Final/netty-tcnative-boringssl-static-2.0.54.Final-linux-x86_64.jar:/home/runner/.m2/repository/io/netty/netty-tcnative-boringssl-static/2.0.54.Final/netty-tcnative-boringssl-static-2.0.54.Final-linux-aarch_64.jar:/home/runner/.m2/repository/io/netty/netty-tcnative-boringssl-static/2.0.54.Final/netty-tcnative-boringssl-static-2.0.54.Final-osx-x86_64.jar:/home/runner/.m2/repository/io/netty/netty-tcnative-boringssl-static/2.0.54.Final/netty-tcnative-boringssl-static-2.0.54.Final-osx-aarch_64.jar:/home/runner/.m2/repository/io/netty/netty-tcnative-boringssl-static/2.0.54.Final/netty-tcnative-boringssl-static-2.0.54.Final-windows-x86_64.jar:/home/runner/.m2/repository/org/apache/commons/commons-compress/1.21/commons-compress-1.21.jar:/home/runner/.m2/repository/org/apache/ozone/hdds-common/1.4.0-SNAPSHOT/hdds-common-1.4.0-SNAPSHOT.jar:/home/runner/.m2/repository/org/apache/ozone/hdds-client/1.4.0-SNAPSHOT/hdds-client-1.4.0-SNAPSHOT.jar:/home/runner/.m2/repository/org/apache/ozone/ozone-interface-client/1.4.0-SNAPSHOT/ozone-interface-client-1.4.0-SNAPSHOT.jar:/home/runner/.m2/repository/org/apache/ozone/hdds-test-utils/1.4.0-SNAPSHOT/hdds-test-utils-1.4.0-SNAPSHOT.jar:/home/runner/.m2/repository/com/google/guava/guava/31.1-jre/guava-31.1-jre.jar:/home/runner/.m2/repository/com/google/guava/failureaccess/1.0.1/failureaccess-1.0.1.jar:/home/runner/.m2/repository/com/google/guava/listenablefuture/9999.0-empty-to-avoid-conflict-with-guava/listenablefuture-9999.0-empty-to-avoid-conflict-with-guava.jar:/home/runner/.m2/repository/com/google/code/findbugs/jsr305/3.0.0/jsr305-3.0.0.jar:/home/runner/.m2/repository/org/checkerframework/checker-qual/3.12.0/checker-qual-3.12.0.jar:/home/runner/.m2/repository/com/google/j2objc/j2objc-annotations/1.3/j2objc-annotations-1.3.jar:/home/runner/.m2/repository/commons-io/commons-io/2.11.0/commons-io-2.11.0.jar:/home/runner/.m2/repository/commons-logging/commons-logging/1.2/commons-logging-1.2.jar:/home/runner/.m2/repository/ch/qos/reload4j/reload4j/1.2.22/reload4j-1.2.22.jar:/home/runner/.m2/repository/org/slf4j/slf4j-api/1.7.36/slf4j-api-1.7.36.jar:/home/runner/.m2/repository/org/apache/ozone/hdds-server-scm/1.4.0-SNAPSHOT/hdds-server-scm-1.4.0-SNAPSHOT.jar:/home/runner/.m2/repository/org/apache/ozone/hdds-container-service/1.4.0-SNAPSHOT/hdds-container-service-1.4.0-SNAPSHOT.jar:/home/runner/.m2/repository/org/apache/ozone/hdds-hadoop-dependency-server/1.4.0-SNAPSHOT/hdds-hadoop-dependency-server-1.4.0-SNAPSHOT.jar:/home/runner/.m2/repository/org/apache/hadoop/hadoop-hdfs/3.3.4/hadoop-hdfs-3.3.4.jar:/home/runner/.m2/repository/commons-daemon/commons-daemon/1.0.13/commons-daemon-1.0.13.jar:/home/runner/.m2/repository/org/apache/ozone/hdds-server-framework/1.4.0-SNAPSHOT/hdds-server-framework-1.4.0-SNAPSHOT.jar:/home/runner/.m2/repository/io/dropwizard/metrics/metrics-core/3.2.4/metrics-core-3.2.4.jar:/home/runner/.m2/repository/org/apache/commons/commons-text/1.4/commons-text-1.4.jar:/home/runner/.m2/repository/org/apache/hadoop/hadoop-hdfs-client/3.3.4/hadoop-hdfs-client-3.3.4.jar:/home/runner/.m2/repository/com/squareup/okhttp3/okhttp/4.9.3/okhttp-4.9.3.jar:/home/runner/.m2/repository/com/squareup/okio/okio/2.8.0/okio-2.8.0.jar:/home/runner/.m2/repository/org/jetbrains/kotlin/kotlin-stdlib-common/1.6.21/kotlin-stdlib-common-1.6.21.jar:/home/runner/.m2/repository/org/bouncycastle/bcprov-jdk15on/1.67/bcprov-jdk15on-1.67.jar:/home/runner/.m2/repository/com/google/protobuf/protobuf-java/2.5.0/protobuf-java-2.5.0.jar:/home/runner/.m2/repository/org/apache/ozone/hdds-server-framework/1.4.0-SNAPSHOT/hdds-server-framework-1.4.0-SNAPSHOT-tests.jar:/home/runner/.m2/repository/org/apache/ozone/hdds-interface-server/1.4.0-SNAPSHOT/hdds-interface-server-1.4.0-SNAPSHOT.jar:/home/runner/.m2/repository/org/apache/ozone/hdds-interface-admin/1.4.0-SNAPSHOT/hdds-interface-admin-1.4.0-SNAPSHOT.jar:/home/runner/.m2/repository/org/apache/ozone/hdds-managed-rocksdb/1.4.0-SNAPSHOT/hdds-managed-rocksdb-1.4.0-SNAPSHOT.jar:/home/runner/.m2/repository/org/rocksdb/rocksdbjni/7.7.3/rocksdbjni-7.7.3.jar:/home/runner/.m2/repository/org/slf4j/slf4j-reload4j/1.7.36/slf4j-reload4j-1.7.36.jar:/home/runner/.m2/repository/org/apache/commons/commons-configuration2/2.1.1/commons-configuration2-2.1.1.jar:/home/runner/.m2/repository/org/apache/logging/log4j/log4j-core/2.17.1/log4j-core-2.17.1.jar:/home/runner/.m2/repository/com/lmax/disruptor/3.4.2/disruptor-3.4.2.jar:/home/runner/.m2/repository/org/eclipse/jetty/jetty-util/9.4.49.v20220914/jetty-util-9.4.49.v20220914.jar:/home/runner/.m2/repository/org/eclipse/jetty/jetty-server/9.4.49.v20220914/jetty-server-9.4.49.v20220914.jar:/home/runner/.m2/repository/org/eclipse/jetty/jetty-http/9.4.49.v20220914/jetty-http-9.4.49.v20220914.jar:/home/runner/.m2/repository/org/eclipse/jetty/jetty-io/9.4.49.v20220914/jetty-io-9.4.49.v20220914.jar:/home/runner/.m2/repository/org/eclipse/jetty/jetty-servlet/9.4.49.v20220914/jetty-servlet-9.4.49.v20220914.jar:/home/runner/.m2/repository/org/eclipse/jetty/jetty-security/9.4.49.v20220914/jetty-security-9.4.49.v20220914.jar:/home/runner/.m2/repository/org/eclipse/jetty/jetty-util-ajax/9.4.49.v20220914/jetty-util-ajax-9.4.49.v20220914.jar:/home/runner/.m2/repository/org/eclipse/jetty/jetty-webapp/9.4.49.v20220914/jetty-webapp-9.4.49.v20220914.jar:/home/runner/.m2/repository/org/eclipse/jetty/jetty-xml/9.4.49.v20220914/jetty-xml-9.4.49.v20220914.jar:/home/runner/.m2/repository/org/apache/ratis/ratis-server/2.4.2-8b8bdda-SNAPSHOT/ratis-server-2.4.2-8b8bdda-SNAPSHOT.jar:/home/runner/.m2/repository/org/apache/ratis/ratis-thirdparty-misc/1.0.3/ratis-thirdparty-misc-1.0.3.jar:/home/runner/.m2/repository/org/apache/ratis/ratis-proto/2.4.2-8b8bdda-SNAPSHOT/ratis-proto-2.4.2-8b8bdda-SNAPSHOT.jar:/home/runner/.m2/repository/org/apache/ratis/ratis-common/2.4.2-8b8bdda-SNAPSHOT/ratis-common-2.4.2-8b8bdda-SNAPSHOT.jar:/home/runner/.m2/repository/org/apache/ratis/ratis-client/2.4.2-8b8bdda-SNAPSHOT/ratis-client-2.4.2-8b8bdda-SNAPSHOT.jar:/home/runner/.m2/repository/org/apache/ratis/ratis-server-api/2.4.2-8b8bdda-SNAPSHOT/ratis-server-api-2.4.2-8b8bdda-SNAPSHOT.jar:/home/runner/.m2/repository/org/apache/ratis/ratis-metrics/2.4.2-8b8bdda-SNAPSHOT/ratis-metrics-2.4.2-8b8bdda-SNAPSHOT.jar:/home/runner/.m2/repository/io/prometheus/simpleclient_dropwizard/0.7.0/simpleclient_dropwizard-0.7.0.jar:/home/runner/.m2/repository/io/prometheus/simpleclient/0.7.0/simpleclient-0.7.0.jar:/home/runner/.m2/repository/io/prometheus/simpleclient_common/0.7.0/simpleclient_common-0.7.0.jar:/home/runner/.m2/repository/com/fasterxml/jackson/datatype/jackson-datatype-jsr310/2.13.4/jackson-datatype-jsr310-2.13.4.jar:/home/runner/.m2/repository/com/fasterxml/jackson/core/jackson-core/2.13.4/jackson-core-2.13.4.jar:/home/runner/.m2/repository/com/github/spotbugs/spotbugs-annotations/3.1.12/spotbugs-annotations-3.1.12.jar:/home/runner/.m2/repository/org/apache/ozone/rocksdb-checkpoint-differ/1.4.0-SNAPSHOT/rocksdb-checkpoint-differ-1.4.0-SNAPSHOT.jar:/home/runner/.m2/repository/org/awaitility/awaitility/4.2.0/awaitility-4.2.0.jar:/home/runner/.m2/repository/org/hamcrest/hamcrest/2.1/hamcrest-2.1.jar:/home/runner/.m2/repository/org/apache/ozone/ozone-manager/1.4.0-SNAPSHOT/ozone-manager-1.4.0-SNAPSHOT.jar:/home/runner/.m2/repository/org/aspectj/aspectjrt/1.9.7/aspectjrt-1.9.7.jar:/home/runner/.m2/repository/org/aspectj/aspectjweaver/1.9.7/aspectjweaver-1.9.7.jar:/home/runner/.m2/repository/org/apache/ozone/hdds-interface-client/1.4.0-SNAPSHOT/hdds-interface-client-1.4.0-SNAPSHOT.jar:/home/runner/.m2/repository/org/apache/hadoop/thirdparty/hadoop-shaded-protobuf_3_7/1.1.1/hadoop-shaded-protobuf_3_7-1.1.1.jar:/home/runner/.m2/repository/org/apache/ozone/ozone-interface-storage/1.4.0-SNAPSHOT/ozone-interface-storage-1.4.0-SNAPSHOT.jar:/home/runner/.m2/repository/org/reflections/reflections/0.9.11/reflections-0.9.11.jar:/home/runner/.m2/repository/com/sun/jersey/jersey-client/1.19/jersey-client-1.19.jar:/home/runner/.m2/repository/org/apache/ranger/ranger-intg/2.3.0/ranger-intg-2.3.0.jar:/home/runner/.m2/repository/org/apache/ranger/ranger-plugins-common/2.3.0/ranger-plugins-common-2.3.0.jar:/home/runner/.m2/repository/commons-lang/commons-lang/2.6/commons-lang-2.6.jar:/home/runner/.m2/repository/org/apache/ranger/ranger-plugins-cred/2.3.0/ranger-plugins-cred-2.3.0.jar:/home/runner/.m2/repository/org/apache/ranger/ranger-plugins-audit/2.3.0/ranger-plugins-audit-2.3.0.jar:/home/runner/.m2/repository/org/eclipse/jetty/jetty-client/9.4.49.v20220914/jetty-client-9.4.49.v20220914.jar:/home/runner/.m2/repository/org/apache/httpcomponents/httpmime/4.5.6/httpmime-4.5.6.jar:/home/runner/.m2/repository/org/apache/httpcomponents/httpcore-nio/4.4.13/httpcore-nio-4.4.13.jar:/home/runner/.m2/repository/org/apache/httpcomponents/httpasyncclient/4.1.3/httpasyncclient-4.1.3.jar:/home/runner/.m2/repository/com/carrotsearch/hppc/0.8.0/hppc-0.8.0.jar:/home/runner/.m2/repository/org/apache/orc/orc-core/1.5.8/orc-core-1.5.8.jar:/home/runner/.m2/repository/net/java/dev/jna/jna/5.2.0/jna-5.2.0.jar:/home/runner/.m2/repository/net/java/dev/jna/jna-platform/5.2.0/jna-platform-5.2.0.jar:/home/runner/.m2/repository/com/kstruct/gethostname4j/0.0.2/gethostname4j-0.0.2.jar:/home/runner/.m2/repository/org/apache/ranger/ranger-plugin-classloader/2.3.0/ranger-plugin-classloader-2.3.0.jar:/home/runner/.m2/repository/org/apache/hadoop/hadoop-minikdc/3.3.4/hadoop-minikdc-3.3.4.jar:/home/runner/.m2/repository/org/apache/kerby/kerb-simplekdc/1.0.1/kerb-simplekdc-1.0.1.jar:/home/runner/.m2/repository/org/apache/kerby/kerb-client/1.0.1/kerb-client-1.0.1.jar:/home/runner/.m2/repository/org/apache/kerby/kerby-config/1.0.1/kerby-config-1.0.1.jar:/home/runner/.m2/repository/org/apache/kerby/kerb-common/1.0.1/kerb-common-1.0.1.jar:/home/runner/.m2/repository/org/apache/kerby/kerb-crypto/1.0.1/kerb-crypto-1.0.1.jar:/home/runner/.m2/repository/org/apache/kerby/kerb-util/1.0.1/kerb-util-1.0.1.jar:/home/runner/.m2/repository/org/apache/kerby/token-provider/1.0.1/token-provider-1.0.1.jar:/home/runner/.m2/repository/org/apache/kerby/kerb-admin/1.0.1/kerb-admin-1.0.1.jar:/home/runner/.m2/repository/org/apache/kerby/kerb-server/1.0.1/kerb-server-1.0.1.jar:/home/runner/.m2/repository/org/apache/kerby/kerb-identity/1.0.1/kerb-identity-1.0.1.jar:/home/runner/.m2/repository/org/apache/kerby/kerby-xdr/1.0.1/kerby-xdr-1.0.1.jar:/home/runner/.m2/repository/org/apache/ozone/ozone-s3gateway/1.4.0-SNAPSHOT/ozone-s3gateway-1.4.0-SNAPSHOT.jar:/home/runner/.m2/repository/org/javassist/javassist/3.21.0-GA/javassist-3.21.0-GA.jar:/home/runner/.m2/repository/org/jboss/weld/servlet/weld-servlet-shaded/3.1.9.Final/weld-servlet-shaded-3.1.9.Final.jar:/home/runner/.m2/repository/org/glassfish/jersey/containers/jersey-container-servlet-core/2.34/jersey-container-servlet-core-2.34.jar:/home/runner/.m2/repository/org/glassfish/hk2/external/jakarta.inject/2.6.1/jakarta.inject-2.6.1.jar:/home/runner/.m2/repository/org/glassfish/jersey/core/jersey-common/2.34/jersey-common-2.34.jar:/home/runner/.m2/repository/jakarta/ws/rs/jakarta.ws.rs-api/2.1.6/jakarta.ws.rs-api-2.1.6.jar:/home/runner/.m2/repository/org/glassfish/jersey/ext/cdi/jersey-cdi1x/2.34/jersey-cdi1x-2.34.jar:/home/runner/.m2/repository/org/glassfish/jersey/inject/jersey-hk2/2.34/jersey-hk2-2.34.jar:/home/runner/.m2/repository/org/glassfish/hk2/hk2-locator/2.6.1/hk2-locator-2.6.1.jar:/home/runner/.m2/repository/org/glassfish/jersey/media/jersey-media-jaxb/2.34/jersey-media-jaxb-2.34.jar:/home/runner/.m2/repository/org/glassfish/hk2/osgi-resource-locator/1.0.3/osgi-resource-locator-1.0.3.jar:/home/runner/.m2/repository/org/glassfish/hk2/hk2-api/2.5.0/hk2-api-2.5.0.jar:/home/runner/.m2/repository/org/glassfish/hk2/hk2-utils/2.5.0/hk2-utils-2.5.0.jar:/home/runner/.m2/repository/org/glassfish/hk2/external/aopalliance-repackaged/2.5.0/aopalliance-repackaged-2.5.0.jar:/home/runner/.m2/repository/com/fasterxml/jackson/dataformat/jackson-dataformat-xml/2.13.4/jackson-dataformat-xml-2.13.4.jar:/home/runner/.m2/repository/org/codehaus/woodstox/stax2-api/4.2.1/stax2-api-4.2.1.jar:/home/runner/.m2/repository/com/fasterxml/woodstox/woodstox-core/5.4.0/woodstox-core-5.4.0.jar:/home/runner/.m2/repository/com/fasterxml/jackson/module/jackson-module-jaxb-annotations/2.13.4/jackson-module-jaxb-annotations-2.13.4.jar:/home/runner/.m2/repository/jakarta/xml/bind/jakarta.xml.bind-api/2.3.3/jakarta.xml.bind-api-2.3.3.jar:/home/runner/.m2/repository/jakarta/activation/jakarta.activation-api/1.2.2/jakarta.activation-api-1.2.2.jar:/home/runner/.m2/repository/javax/enterprise/cdi-api/2.0/cdi-api-2.0.jar:/home/runner/.m2/repository/javax/el/javax.el-api/3.0.0/javax.el-api-3.0.0.jar:/home/runner/.m2/repository/javax/interceptor/javax.interceptor-api/1.2/javax.interceptor-api-1.2.jar:/home/runner/.m2/repository/javax/inject/javax.inject/1/javax.inject-1.jar:/home/runner/.m2/repository/javax/xml/bind/jaxb-api/2.3.0/jaxb-api-2.3.0.jar:/home/runner/.m2/repository/org/glassfish/jaxb/jaxb-runtime/2.3.0.1/jaxb-runtime-2.3.0.1.jar:/home/runner/.m2/repository/org/glassfish/jaxb/jaxb-core/2.3.0.1/jaxb-core-2.3.0.1.jar:/home/runner/.m2/repository/org/glassfish/jaxb/txw2/2.3.0.1/txw2-2.3.0.1.jar:/home/runner/.m2/repository/com/sun/istack/istack-commons-runtime/3.0.5/istack-commons-runtime-3.0.5.jar:/home/runner/.m2/repository/org/jvnet/staxex/stax-ex/1.7.8/stax-ex-1.7.8.jar:/home/runner/.m2/repository/com/sun/xml/fastinfoset/FastInfoset/1.2.13/FastInfoset-1.2.13.jar:/home/runner/.m2/repository/javax/activation/activation/1.1.1/activation-1.1.1.jar:/home/runner/.m2/repository/io/grpc/grpc-protobuf/1.51.1/grpc-protobuf-1.51.1.jar:/home/runner/.m2/repository/io/grpc/grpc-api/1.51.1/grpc-api-1.51.1.jar:/home/runner/.m2/repository/io/grpc/grpc-context/1.51.1/grpc-context-1.51.1.jar:/home/runner/.m2/repository/com/google/api/grpc/proto-google-common-protos/2.9.0/proto-google-common-protos-2.9.0.jar:/home/runner/.m2/repository/io/grpc/grpc-protobuf-lite/1.51.1/grpc-protobuf-lite-1.51.1.jar:/home/runner/.m2/repository/io/grpc/grpc-stub/1.51.1/grpc-stub-1.51.1.jar:/home/runner/.m2/repository/io/netty/netty-transport/4.1.86.Final/netty-transport-4.1.86.Final.jar:/home/runner/.m2/repository/io/netty/netty-resolver/4.1.86.Final/netty-resolver-4.1.86.Final.jar:/home/runner/.m2/repository/org/apache/ozone/ozone-csi/1.4.0-SNAPSHOT/ozone-csi-1.4.0-SNAPSHOT.jar:/home/runner/.m2/repository/com/google/protobuf/protobuf-java-util/3.19.6/protobuf-java-util-3.19.6.jar:/home/runner/.m2/repository/com/google/code/gson/gson/2.9.0/gson-2.9.0.jar:/home/runner/.m2/repository/org/apache/ozone/hdds-config/1.4.0-SNAPSHOT/hdds-config-1.4.0-SNAPSHOT.jar:/home/runner/.m2/repository/io/netty/netty-transport-native-epoll/4.1.86.Final/netty-transport-native-epoll-4.1.86.Final-linux-x86_64.jar:/home/runner/.m2/repository/io/netty/netty-transport-classes-epoll/4.1.86.Final/netty-transport-classes-epoll-4.1.86.Final.jar:/home/runner/.m2/repository/io/netty/netty-transport-native-unix-common/4.1.86.Final/netty-transport-native-unix-common-4.1.86.Final.jar:/home/runner/.m2/repository/org/apache/ozone/ozone-recon/1.4.0-SNAPSHOT/ozone-recon-1.4.0-SNAPSHOT.jar:/home/runner/.m2/repository/org/apache/ozone/ozone-reconcodegen/1.4.0-SNAPSHOT/ozone-reconcodegen-1.4.0-SNAPSHOT.jar:/home/runner/.m2/repository/com/google/inject/extensions/guice-multibindings/4.0/guice-multibindings-4.0.jar:/home/runner/.m2/repository/com/google/inject/guice/4.0/guice-4.0.jar:/home/runner/.m2/repository/aopalliance/aopalliance/1.0/aopalliance-1.0.jar:/home/runner/.m2/repository/com/google/inject/extensions/guice-assistedinject/4.0/guice-assistedinject-4.0.jar:/home/runner/.m2/repository/com/google/inject/extensions/guice-servlet/4.0/guice-servlet-4.0.jar:/home/runner/.m2/repository/org/glassfish/jersey/containers/jersey-container-servlet/2.34/jersey-container-servlet-2.34.jar:/home/runner/.m2/repository/org/glassfish/hk2/guice-bridge/2.5.0/guice-bridge-2.5.0.jar:/home/runner/.m2/repository/org/glassfish/jersey/core/jersey-server/2.34/jersey-server-2.34.jar:/home/runner/.m2/repository/org/glassfish/jersey/core/jersey-client/2.34/jersey-client-2.34.jar:/home/runner/.m2/repository/jakarta/annotation/jakarta.annotation-api/1.3.5/jakarta.annotation-api-1.3.5.jar:/home/runner/.m2/repository/jakarta/validation/jakarta.validation-api/2.0.2/jakarta.validation-api-2.0.2.jar:/home/runner/.m2/repository/org/glassfish/jersey/media/jersey-media-json-jackson/2.34/jersey-media-json-jackson-2.34.jar:/home/runner/.m2/repository/org/glassfish/jersey/ext/jersey-entity-filtering/2.34/jersey-entity-filtering-2.34.jar:/home/runner/.m2/repository/org/jooq/jooq/3.11.10/jooq-3.11.10.jar:/home/runner/.m2/repository/org/jooq/jooq-meta/3.11.10/jooq-meta-3.11.10.jar:/home/runner/.m2/repository/org/jooq/jooq-codegen/3.11.10/jooq-codegen-3.11.10.jar:/home/runner/.m2/repository/com/jolbox/bonecp/0.8.0.RELEASE/bonecp-0.8.0.RELEASE.jar:/home/runner/.m2/repository/org/apache/derby/derby/10.14.2.0/derby-10.14.2.0.jar:/home/runner/.m2/repository/org/xerial/sqlite-jdbc/3.25.2/sqlite-jdbc-3.25.2.jar:/home/runner/.m2/repository/org/springframework/spring-jdbc/5.3.23/spring-jdbc-5.3.23.jar:/home/runner/.m2/repository/org/springframework/spring-beans/5.3.23/spring-beans-5.3.23.jar:/home/runner/.m2/repository/org/springframework/spring-core/5.3.23/spring-core-5.3.23.jar:/home/runner/.m2/repository/org/springframework/spring-jcl/5.3.23/spring-jcl-5.3.23.jar:/home/runner/.m2/repository/org/springframework/spring-tx/5.3.23/spring-tx-5.3.23.jar:/home/runner/.m2/repository/org/apache/ozone/ozone-client/1.4.0-SNAPSHOT/ozone-client-1.4.0-SNAPSHOT.jar:/home/runner/.m2/repository/org/apache/ozone/hdds-erasurecode/1.4.0-SNAPSHOT/hdds-erasurecode-1.4.0-SNAPSHOT.jar:/home/runner/.m2/repository/org/apache/ozone/ozone-filesystem/1.4.0-SNAPSHOT/ozone-filesystem-1.4.0-SNAPSHOT.jar:/home/runner/.m2/repository/org/apache/ozone/ozone-filesystem-common/1.4.0-SNAPSHOT/ozone-filesystem-common-1.4.0-SNAPSHOT.jar:/home/runner/.m2/repository/org/apache/ozone/ozone-tools/1.4.0-SNAPSHOT/ozone-tools-1.4.0-SNAPSHOT.jar:/home/runner/.m2/repository/com/amazonaws/aws-java-sdk-core/1.12.261/aws-java-sdk-core-1.12.261.jar:/home/runner/.m2/repository/org/apache/httpcomponents/httpclient/4.5.13/httpclient-4.5.13.jar:/home/runner/.m2/repository/org/apache/httpcomponents/httpcore/4.4.13/httpcore-4.4.13.jar:/home/runner/.m2/repository/software/amazon/ion/ion-java/1.0.2/ion-java-1.0.2.jar:/home/runner/.m2/repository/com/fasterxml/jackson/dataformat/jackson-dataformat-cbor/2.13.4/jackson-dataformat-cbor-2.13.4.jar:/home/runner/.m2/repository/joda-time/joda-time/2.10.6/joda-time-2.10.6.jar:/home/runner/.m2/repository/com/amazonaws/aws-java-sdk-s3/1.12.261/aws-java-sdk-s3-1.12.261.jar:/home/runner/.m2/repository/com/amazonaws/aws-java-sdk-kms/1.12.261/aws-java-sdk-kms-1.12.261.jar:/home/runner/.m2/repository/com/amazonaws/jmespath-java/1.12.261/jmespath-java-1.12.261.jar:/home/runner/.m2/repository/org/kohsuke/metainf-services/metainf-services/1.8/metainf-services-1.8.jar:/home/runner/.m2/repository/org/apache/ozone/hdds-tools/1.4.0-SNAPSHOT/hdds-tools-1.4.0-SNAPSHOT.jar:/home/runner/.m2/repository/org/apache/ratis/ratis-tools/2.4.2-8b8bdda-SNAPSHOT/ratis-tools-2.4.2-8b8bdda-SNAPSHOT.jar:/home/runner/.m2/repository/commons-cli/commons-cli/1.2/commons-cli-1.2.jar:/home/runner/.m2/repository/org/apache/commons/commons-lang3/3.7/commons-lang3-3.7.jar:/home/runner/.m2/repository/org/apache/ozone/ozone-manager/1.4.0-SNAPSHOT/ozone-manager-1.4.0-SNAPSHOT-tests.jar:/home/runner/.m2/repository/org/apache/ozone/hdds-common/1.4.0-SNAPSHOT/hdds-common-1.4.0-SNAPSHOT-tests.jar:/home/runner/.m2/repository/org/apache/ozone/hdds-hadoop-dependency-client/1.4.0-SNAPSHOT/hdds-hadoop-dependency-client-1.4.0-SNAPSHOT.jar:/home/runner/.m2/repository/info/picocli/picocli/4.6.1/picocli-4.6.1.jar:/home/runner/.m2/repository/com/fasterxml/jackson/core/jackson-annotations/2.13.4/jackson-annotations-2.13.4.jar:/home/runner/.m2/repository/org/apache/ozone/hdds-annotation-processing/1.4.0-SNAPSHOT/hdds-annotation-processing-1.4.0-SNAPSHOT.jar:/home/runner/.m2/repository/javax/annotation/javax.annotation-api/1.2/javax.annotation-api-1.2.jar:/home/runner/.m2/repository/org/apache/ratis/ratis-netty/2.4.2-8b8bdda-SNAPSHOT/ratis-netty-2.4.2-8b8bdda-SNAPSHOT.jar:/home/runner/.m2/repository/org/apache/ratis/ratis-grpc/2.4.2-8b8bdda-SNAPSHOT/ratis-grpc-2.4.2-8b8bdda-SNAPSHOT.jar:/home/runner/.m2/repository/org/apache/logging/log4j/log4j-api/2.17.1/log4j-api-2.17.1.jar:/home/runner/.m2/repository/org/apache/commons/commons-pool2/2.6.0/commons-pool2-2.6.0.jar:/home/runner/.m2/repository/org/bouncycastle/bcpkix-jdk15on/1.67/bcpkix-jdk15on-1.67.jar:/home/runner/.m2/repository/commons-validator/commons-validator/1.6/commons-validator-1.6.jar:/home/runner/.m2/repository/commons-beanutils/commons-beanutils/1.9.4/commons-beanutils-1.9.4.jar:/home/runner/.m2/repository/commons-digester/commons-digester/1.8.1/commons-digester-1.8.1.jar:/home/runner/.m2/repository/commons-collections/commons-collections/3.2.2/commons-collections-3.2.2.jar:/home/runner/.m2/repository/io/jaegertracing/jaeger-client/1.6.0/jaeger-client-1.6.0.jar:/home/runner/.m2/repository/io/jaegertracing/jaeger-thrift/1.6.0/jaeger-thrift-1.6.0.jar:/home/runner/.m2/repository/org/apache/thrift/libthrift/0.14.1/libthrift-0.14.1.jar:/home/runner/.m2/repository/io/jaegertracing/jaeger-core/1.6.0/jaeger-core-1.6.0.jar:/home/runner/.m2/repository/io/jaegertracing/jaeger-tracerresolver/1.6.0/jaeger-tracerresolver-1.6.0.jar:/home/runner/.m2/repository/io/opentracing/contrib/opentracing-tracerresolver/0.1.8/opentracing-tracerresolver-0.1.8.jar:/home/runner/.m2/repository/org/jetbrains/kotlin/kotlin-stdlib/1.6.21/kotlin-stdlib-1.6.21.jar:/home/runner/.m2/repository/org/jetbrains/annotations/13.0/annotations-13.0.jar:/home/runner/.m2/repository/io/opentracing/opentracing-util/0.33.0/opentracing-util-0.33.0.jar:/home/runner/.m2/repository/io/opentracing/opentracing-api/0.33.0/opentracing-api-0.33.0.jar:/home/runner/.m2/repository/io/opentracing/opentracing-noop/0.33.0/opentracing-noop-0.33.0.jar:/home/runner/.m2/repository/org/yaml/snakeyaml/2.0/snakeyaml-2.0.jar:/home/runner/.m2/repository/junit/junit/4.13.1/junit-4.13.1.jar:/home/runner/.m2/repository/org/hamcrest/hamcrest-core/1.3/hamcrest-core-1.3.jar:/home/runner/.m2/repository/org/junit/jupiter/junit-jupiter-api/5.8.2/junit-jupiter-api-5.8.2.jar:/home/runner/.m2/repository/org/opentest4j/opentest4j/1.2.0/opentest4j-1.2.0.jar:/home/runner/.m2/repository/org/junit/platform/junit-platform-commons/1.8.2/junit-platform-commons-1.8.2.jar:/home/runner/.m2/repository/org/apiguardian/apiguardian-api/1.1.2/apiguardian-api-1.1.2.jar:/home/runner/.m2/repository/org/junit/jupiter/junit-jupiter-params/5.8.2/junit-jupiter-params-5.8.2.jar:/home/runner/.m2/repository/org/junit/jupiter/junit-jupiter-migrationsupport/5.8.2/junit-jupiter-migrationsupport-5.8.2.jar:/home/runner/.m2/repository/org/junit/jupiter/junit-jupiter-engine/5.8.2/junit-jupiter-engine-5.8.2.jar:/home/runner/.m2/repository/org/junit/platform/junit-platform-engine/1.8.2/junit-platform-engine-1.8.2.jar:/home/runner/.m2/repository/org/junit/vintage/junit-vintage-engine/5.8.2/junit-vintage-engine-5.8.2.jar:/home/runner/.m2/repository/org/junit/platform/junit-platform-launcher/1.8.2/junit-platform-launcher-1.8.2.jar:/home/runner/.m2/repository/org/mockito/mockito-core/2.28.2/mockito-core-2.28.2.jar:/home/runner/.m2/repository/net/bytebuddy/byte-buddy/1.9.10/byte-buddy-1.9.10.jar:/home/runner/.m2/repository/net/bytebuddy/byte-buddy-agent/1.9.10/byte-buddy-agent-1.9.10.jar:/home/runner/.m2/repository/org/objenesis/objenesis/1.0/objenesis-1.0.jar:/home/runner/.m2/repository/org/apache/hadoop/hadoop-kms/3.3.4/hadoop-kms-3.3.4.jar:/home/runner/.m2/repository/org/apache/hadoop/hadoop-auth/3.3.4/hadoop-auth-3.3.4.jar:/home/runner/.m2/repository/com/nimbusds/nimbus-jose-jwt/9.8.1/nimbus-jose-jwt-9.8.1.jar:/home/runner/.m2/repository/com/github/stephenc/jcip/jcip-annotations/1.0-1/jcip-annotations-1.0-1.jar:/home/runner/.m2/repository/net/minidev/json-smart/2.4.7/json-smart-2.4.7.jar:/home/runner/.m2/repository/net/minidev/accessors-smart/2.4.7/accessors-smart-2.4.7.jar:/home/runner/.m2/repository/org/ow2/asm/asm/5.0.4/asm-5.0.4.jar:/home/runner/.m2/repository/org/apache/zookeeper/zookeeper/3.5.6/zookeeper-3.5.6.jar:/home/runner/.m2/repository/org/apache/zookeeper/zookeeper-jute/3.5.6/zookeeper-jute-3.5.6.jar:/home/runner/.m2/repository/org/apache/yetus/audience-annotations/0.5.0/audience-annotations-0.5.0.jar:/home/runner/.m2/repository/org/apache/curator/curator-framework/4.2.0/curator-framework-4.2.0.jar:/home/runner/.m2/repository/org/apache/hadoop/thirdparty/hadoop-shaded-guava/1.1.1/hadoop-shaded-guava-1.1.1.jar:/home/runner/.m2/repository/com/sun/jersey/jersey-core/1.19/jersey-core-1.19.jar:/home/runner/.m2/repository/javax/ws/rs/jsr311-api/1.1.1/jsr311-api-1.1.1.jar:/home/runner/.m2/repository/com/sun/jersey/jersey-server/1.19/jersey-server-1.19.jar:/home/runner/.m2/repository/javax/servlet/javax.servlet-api/3.1.0/javax.servlet-api-3.1.0.jar:/home/runner/.m2/repository/org/apache/hadoop/hadoop-common/3.3.4/hadoop-common-3.3.4.jar:/home/runner/.m2/repository/org/apache/commons/commons-math3/3.1.1/commons-math3-3.1.1.jar:/home/runner/.m2/repository/commons-net/commons-net/3.9.0/commons-net-3.9.0.jar:/home/runner/.m2/repository/com/sun/jersey/jersey-servlet/1.19/jersey-servlet-1.19.jar:/home/runner/.m2/repository/com/sun/jersey/jersey-json/1.19/jersey-json-1.19.jar:/home/runner/.m2/repository/org/codehaus/jettison/jettison/1.1/jettison-1.1.jar:/home/runner/.m2/repository/com/sun/xml/bind/jaxb-impl/2.2.3-1/jaxb-impl-2.2.3-1.jar:/home/runner/.m2/repository/org/codehaus/jackson/jackson-jaxrs/1.9.2/jackson-jaxrs-1.9.2.jar:/home/runner/.m2/repository/org/codehaus/jackson/jackson-xc/1.9.2/jackson-xc-1.9.2.jar:/home/runner/.m2/repository/com/google/re2j/re2j/1.1/re2j-1.1.jar:/home/runner/.m2/repository/com/jcraft/jsch/0.1.54/jsch-0.1.54.jar:/home/runner/.m2/repository/org/apache/curator/curator-client/4.2.0/curator-client-4.2.0.jar:/home/runner/.m2/repository/org/apache/curator/curator-recipes/4.2.0/curator-recipes-4.2.0.jar:/home/runner/.m2/repository/org/apache/kerby/kerb-core/1.0.1/kerb-core-1.0.1.jar:/home/runner/.m2/repository/org/apache/kerby/kerby-pkix/1.0.1/kerby-pkix-1.0.1.jar:/home/runner/.m2/repository/org/apache/kerby/kerby-asn1/1.0.1/kerby-asn1-1.0.1.jar:/home/runner/.m2/repository/org/apache/kerby/kerby-util/1.0.1/kerby-util-1.0.1.jar:/home/runner/.m2/repository/dnsjava/dnsjava/2.1.7/dnsjava-2.1.7.jar:/home/runner/.m2/repository/org/xerial/snappy/snappy-java/1.1.8.2/snappy-java-1.1.8.2.jar:/home/runner/.m2/repository/com/fasterxml/jackson/core/jackson-databind/2.13.4.2/jackson-databind-2.13.4.2.jar:/home/runner/.m2/repository/org/apache/hadoop/hadoop-kms/3.3.4/hadoop-kms-3.3.4-tests.jar:/home/runner/.m2/repository/org/apache/ozone/hdds-server-scm/1.4.0-SNAPSHOT/hdds-server-scm-1.4.0-SNAPSHOT-tests.jar:/home/runner/.m2/repository/org/apache/ozone/hdds-container-service/1.4.0-SNAPSHOT/hdds-container-service-1.4.0-SNAPSHOT-tests.jar:/home/runner/.m2/repository/com/github/luben/zstd-jni/1.5.2-5/zstd-jni-1.5.2-5.jar:/home/runner/.m2/repository/commons-codec/commons-codec/1.15/commons-codec-1.15.jar:/home/runner/.m2/repository/io/netty/netty-codec/4.1.86.Final/netty-codec-4.1.86.Final.jar:/home/runner/.m2/repository/io/netty/netty-handler/4.1.86.Final/netty-handler-4.1.86.Final.jar:/home/runner/.m2/repository/org/apache/ozone/hdds-hadoop-dependency-test/1.4.0-SNAPSHOT/hdds-hadoop-dependency-test-1.4.0-SNAPSHOT.jar:/home/runner/.m2/repository/org/apache/hadoop/hadoop-common/3.3.4/hadoop-common-3.3.4-tests.jar:/home/runner/.m2/repository/org/apache/hadoop/hadoop-hdfs/3.3.4/hadoop-hdfs-3.3.4-tests.jar:/home/runner/.m2/repository/org/assertj/assertj-core/3.12.2/assertj-core-3.12.2.jar:/home/runner/.m2/repository/org/apache/hadoop/hadoop-distcp/3.3.4/hadoop-distcp-3.3.4.jar:/home/runner/.m2/repository/org/apache/hadoop/hadoop-mapreduce-client-jobclient/3.3.4/hadoop-mapreduce-client-jobclient-3.3.4.jar:/home/runner/.m2/repository/org/apache/hadoop/hadoop-mapreduce-client-common/3.3.4/hadoop-mapreduce-client-common-3.3.4.jar:/home/runner/.m2/repository/org/apache/hadoop/hadoop-yarn-common/3.3.4/hadoop-yarn-common-3.3.4.jar:/home/runner/.m2/repository/org/apache/hadoop/hadoop-yarn-api/3.3.4/hadoop-yarn-api-3.3.4.jar:/home/runner/.m2/repository/com/sun/jersey/contribs/jersey-guice/1.19/jersey-guice-1.19.jar:/home/runner/.m2/repository/com/fasterxml/jackson/jaxrs/jackson-jaxrs-json-provider/2.13.4/jackson-jaxrs-json-provider-2.13.4.jar:/home/runner/.m2/repository/com/fasterxml/jackson/jaxrs/jackson-jaxrs-base/2.13.4/jackson-jaxrs-base-2.13.4.jar:/home/runner/.m2/repository/org/apache/hadoop/hadoop-yarn-client/3.3.4/hadoop-yarn-client-3.3.4.jar:/home/runner/.m2/repository/org/eclipse/jetty/websocket/websocket-client/9.4.43.v20210629/websocket-client-9.4.43.v20210629.jar:/home/runner/.m2/repository/org/eclipse/jetty/websocket/websocket-common/9.4.43.v20210629/websocket-common-9.4.43.v20210629.jar:/home/runner/.m2/repository/org/eclipse/jetty/websocket/websocket-api/9.4.43.v20210629/websocket-api-9.4.43.v20210629.jar:/home/runner/.m2/repository/org/jline/jline/3.9.0/jline-3.9.0.jar:/home/runner/.m2/repository/org/apache/hadoop/hadoop-mapreduce-client-core/3.3.4/hadoop-mapreduce-client-core-3.3.4.jar:/home/runner/.m2/repository/org/apache/avro/avro/1.7.7/avro-1.7.7.jar:/home/runner/.m2/repository/org/codehaus/jackson/jackson-core-asl/1.9.13/jackson-core-asl-1.9.13.jar:/home/runner/.m2/repository/org/codehaus/jackson/jackson-mapper-asl/1.9.13/jackson-mapper-asl-1.9.13.jar:/home/runner/.m2/repository/com/thoughtworks/paranamer/paranamer/2.3/paranamer-2.3.jar:/home/runner/.m2/repository/org/apache/hadoop/hadoop-annotations/3.3.4/hadoop-annotations-3.3.4.jar:/usr/lib/jvm/temurin-8-jdk-amd64/jre/../lib/tools.jar:/home/runner/.m2/repository/io/netty/netty/3.10.6.Final/netty-3.10.6.Final.jar:/home/runner/.m2/repository/org/apache/hadoop/hadoop-distcp/3.3.4/hadoop-distcp-3.3.4-tests.jar:/home/runner/.m2/repository/org/slf4j/jul-to-slf4j/1.7.36/jul-to-slf4j-1.7.36.jar:"/>
    <property name="java.vm.vendor" value="Temurin"/>
    <property name="sun.arch.data.model" value="64"/>
    <property name="test.build.dir" value="/home/runner/work/ozone/ozone/hadoop-ozone/integration-test/target/test-dir"/>
    <property name="test.cache.data" value=""/>
    <property name="java.vendor.url" value="https://adoptium.net/"/>
    <property name="user.timezone" value="Etc/UTC"/>
    <property name="java.vm.specification.version" value="1.8"/>
    <property name="os.name" value="Linux"/>
    <property name="test.build.data" value="/home/runner/work/ozone/ozone/hadoop-ozone/integration-test/target/test-dir"/>
    <property name="sun.java.launcher" value="SUN_STANDARD"/>
    <property name="sun.boot.library.path" value="/usr/lib/jvm/temurin-8-jdk-amd64/jre/lib/amd64"/>
    <property name="sun.java.command" value="/home/runner/work/ozone/ozone/hadoop-ozone/integration-test/target/surefire/surefirebooter1868304773805448709.jar /home/runner/work/ozone/ozone/hadoop-ozone/integration-test/target/surefire 2023-03-09T14-34-57_343-jvmRun1 surefire3880272031501341999tmp surefire_118593131900701371723tmp"/>
    <property name="surefire.test.class.path" value="/home/runner/work/ozone/ozone/hadoop-ozone/integration-test/target/test-classes:/home/runner/work/ozone/ozone/hadoop-ozone/integration-test/target/classes:/home/runner/.m2/repository/org/apache/ozone/ozone-common/1.4.0-SNAPSHOT/ozone-common-1.4.0-SNAPSHOT.jar:/home/runner/.m2/repository/io/grpc/grpc-netty/1.51.1/grpc-netty-1.51.1.jar:/home/runner/.m2/repository/io/grpc/grpc-core/1.51.1/grpc-core-1.51.1.jar:/home/runner/.m2/repository/com/google/android/annotations/4.1.1.4/annotations-4.1.1.4.jar:/home/runner/.m2/repository/org/codehaus/mojo/animal-sniffer-annotations/1.21/animal-sniffer-annotations-1.21.jar:/home/runner/.m2/repository/com/google/errorprone/error_prone_annotations/2.2.0/error_prone_annotations-2.2.0.jar:/home/runner/.m2/repository/io/perfmark/perfmark-api/0.25.0/perfmark-api-0.25.0.jar:/home/runner/.m2/repository/io/netty/netty-codec-http2/4.1.86.Final/netty-codec-http2-4.1.86.Final.jar:/home/runner/.m2/repository/io/netty/netty-common/4.1.86.Final/netty-common-4.1.86.Final.jar:/home/runner/.m2/repository/io/netty/netty-buffer/4.1.86.Final/netty-buffer-4.1.86.Final.jar:/home/runner/.m2/repository/io/netty/netty-codec-http/4.1.86.Final/netty-codec-http-4.1.86.Final.jar:/home/runner/.m2/repository/io/netty/netty-handler-proxy/4.1.86.Final/netty-handler-proxy-4.1.86.Final.jar:/home/runner/.m2/repository/io/netty/netty-codec-socks/4.1.86.Final/netty-codec-socks-4.1.86.Final.jar:/home/runner/.m2/repository/io/netty/netty-tcnative-boringssl-static/2.0.54.Final/netty-tcnative-boringssl-static-2.0.54.Final.jar:/home/runner/.m2/repository/io/netty/netty-tcnative-classes/2.0.54.Final/netty-tcnative-classes-2.0.54.Final.jar:/home/runner/.m2/repository/io/netty/netty-tcnative-boringssl-static/2.0.54.Final/netty-tcnative-boringssl-static-2.0.54.Final-linux-x86_64.jar:/home/runner/.m2/repository/io/netty/netty-tcnative-boringssl-static/2.0.54.Final/netty-tcnative-boringssl-static-2.0.54.Final-linux-aarch_64.jar:/home/runner/.m2/repository/io/netty/netty-tcnative-boringssl-static/2.0.54.Final/netty-tcnative-boringssl-static-2.0.54.Final-osx-x86_64.jar:/home/runner/.m2/repository/io/netty/netty-tcnative-boringssl-static/2.0.54.Final/netty-tcnative-boringssl-static-2.0.54.Final-osx-aarch_64.jar:/home/runner/.m2/repository/io/netty/netty-tcnative-boringssl-static/2.0.54.Final/netty-tcnative-boringssl-static-2.0.54.Final-windows-x86_64.jar:/home/runner/.m2/repository/org/apache/commons/commons-compress/1.21/commons-compress-1.21.jar:/home/runner/.m2/repository/org/apache/ozone/hdds-common/1.4.0-SNAPSHOT/hdds-common-1.4.0-SNAPSHOT.jar:/home/runner/.m2/repository/org/apache/ozone/hdds-client/1.4.0-SNAPSHOT/hdds-client-1.4.0-SNAPSHOT.jar:/home/runner/.m2/repository/org/apache/ozone/ozone-interface-client/1.4.0-SNAPSHOT/ozone-interface-client-1.4.0-SNAPSHOT.jar:/home/runner/.m2/repository/org/apache/ozone/hdds-test-utils/1.4.0-SNAPSHOT/hdds-test-utils-1.4.0-SNAPSHOT.jar:/home/runner/.m2/repository/com/google/guava/guava/31.1-jre/guava-31.1-jre.jar:/home/runner/.m2/repository/com/google/guava/failureaccess/1.0.1/failureaccess-1.0.1.jar:/home/runner/.m2/repository/com/google/guava/listenablefuture/9999.0-empty-to-avoid-conflict-with-guava/listenablefuture-9999.0-empty-to-avoid-conflict-with-guava.jar:/home/runner/.m2/repository/com/google/code/findbugs/jsr305/3.0.0/jsr305-3.0.0.jar:/home/runner/.m2/repository/org/checkerframework/checker-qual/3.12.0/checker-qual-3.12.0.jar:/home/runner/.m2/repository/com/google/j2objc/j2objc-annotations/1.3/j2objc-annotations-1.3.jar:/home/runner/.m2/repository/commons-io/commons-io/2.11.0/commons-io-2.11.0.jar:/home/runner/.m2/repository/commons-logging/commons-logging/1.2/commons-logging-1.2.jar:/home/runner/.m2/repository/ch/qos/reload4j/reload4j/1.2.22/reload4j-1.2.22.jar:/home/runner/.m2/repository/org/slf4j/slf4j-api/1.7.36/slf4j-api-1.7.36.jar:/home/runner/.m2/repository/org/apache/ozone/hdds-server-scm/1.4.0-SNAPSHOT/hdds-server-scm-1.4.0-SNAPSHOT.jar:/home/runner/.m2/repository/org/apache/ozone/hdds-container-service/1.4.0-SNAPSHOT/hdds-container-service-1.4.0-SNAPSHOT.jar:/home/runner/.m2/repository/org/apache/ozone/hdds-hadoop-dependency-server/1.4.0-SNAPSHOT/hdds-hadoop-dependency-server-1.4.0-SNAPSHOT.jar:/home/runner/.m2/repository/org/apache/hadoop/hadoop-hdfs/3.3.4/hadoop-hdfs-3.3.4.jar:/home/runner/.m2/repository/commons-daemon/commons-daemon/1.0.13/commons-daemon-1.0.13.jar:/home/runner/.m2/repository/org/apache/ozone/hdds-server-framework/1.4.0-SNAPSHOT/hdds-server-framework-1.4.0-SNAPSHOT.jar:/home/runner/.m2/repository/io/dropwizard/metrics/metrics-core/3.2.4/metrics-core-3.2.4.jar:/home/runner/.m2/repository/org/apache/commons/commons-text/1.4/commons-text-1.4.jar:/home/runner/.m2/repository/org/apache/hadoop/hadoop-hdfs-client/3.3.4/hadoop-hdfs-client-3.3.4.jar:/home/runner/.m2/repository/com/squareup/okhttp3/okhttp/4.9.3/okhttp-4.9.3.jar:/home/runner/.m2/repository/com/squareup/okio/okio/2.8.0/okio-2.8.0.jar:/home/runner/.m2/repository/org/jetbrains/kotlin/kotlin-stdlib-common/1.6.21/kotlin-stdlib-common-1.6.21.jar:/home/runner/.m2/repository/org/bouncycastle/bcprov-jdk15on/1.67/bcprov-jdk15on-1.67.jar:/home/runner/.m2/repository/com/google/protobuf/protobuf-java/2.5.0/protobuf-java-2.5.0.jar:/home/runner/.m2/repository/org/apache/ozone/hdds-server-framework/1.4.0-SNAPSHOT/hdds-server-framework-1.4.0-SNAPSHOT-tests.jar:/home/runner/.m2/repository/org/apache/ozone/hdds-interface-server/1.4.0-SNAPSHOT/hdds-interface-server-1.4.0-SNAPSHOT.jar:/home/runner/.m2/repository/org/apache/ozone/hdds-interface-admin/1.4.0-SNAPSHOT/hdds-interface-admin-1.4.0-SNAPSHOT.jar:/home/runner/.m2/repository/org/apache/ozone/hdds-managed-rocksdb/1.4.0-SNAPSHOT/hdds-managed-rocksdb-1.4.0-SNAPSHOT.jar:/home/runner/.m2/repository/org/rocksdb/rocksdbjni/7.7.3/rocksdbjni-7.7.3.jar:/home/runner/.m2/repository/org/slf4j/slf4j-reload4j/1.7.36/slf4j-reload4j-1.7.36.jar:/home/runner/.m2/repository/org/apache/commons/commons-configuration2/2.1.1/commons-configuration2-2.1.1.jar:/home/runner/.m2/repository/org/apache/logging/log4j/log4j-core/2.17.1/log4j-core-2.17.1.jar:/home/runner/.m2/repository/com/lmax/disruptor/3.4.2/disruptor-3.4.2.jar:/home/runner/.m2/repository/org/eclipse/jetty/jetty-util/9.4.49.v20220914/jetty-util-9.4.49.v20220914.jar:/home/runner/.m2/repository/org/eclipse/jetty/jetty-server/9.4.49.v20220914/jetty-server-9.4.49.v20220914.jar:/home/runner/.m2/repository/org/eclipse/jetty/jetty-http/9.4.49.v20220914/jetty-http-9.4.49.v20220914.jar:/home/runner/.m2/repository/org/eclipse/jetty/jetty-io/9.4.49.v20220914/jetty-io-9.4.49.v20220914.jar:/home/runner/.m2/repository/org/eclipse/jetty/jetty-servlet/9.4.49.v20220914/jetty-servlet-9.4.49.v20220914.jar:/home/runner/.m2/repository/org/eclipse/jetty/jetty-security/9.4.49.v20220914/jetty-security-9.4.49.v20220914.jar:/home/runner/.m2/repository/org/eclipse/jetty/jetty-util-ajax/9.4.49.v20220914/jetty-util-ajax-9.4.49.v20220914.jar:/home/runner/.m2/repository/org/eclipse/jetty/jetty-webapp/9.4.49.v20220914/jetty-webapp-9.4.49.v20220914.jar:/home/runner/.m2/repository/org/eclipse/jetty/jetty-xml/9.4.49.v20220914/jetty-xml-9.4.49.v20220914.jar:/home/runner/.m2/repository/org/apache/ratis/ratis-server/2.4.2-8b8bdda-SNAPSHOT/ratis-server-2.4.2-8b8bdda-SNAPSHOT.jar:/home/runner/.m2/repository/org/apache/ratis/ratis-thirdparty-misc/1.0.3/ratis-thirdparty-misc-1.0.3.jar:/home/runner/.m2/repository/org/apache/ratis/ratis-proto/2.4.2-8b8bdda-SNAPSHOT/ratis-proto-2.4.2-8b8bdda-SNAPSHOT.jar:/home/runner/.m2/repository/org/apache/ratis/ratis-common/2.4.2-8b8bdda-SNAPSHOT/ratis-common-2.4.2-8b8bdda-SNAPSHOT.jar:/home/runner/.m2/repository/org/apache/ratis/ratis-client/2.4.2-8b8bdda-SNAPSHOT/ratis-client-2.4.2-8b8bdda-SNAPSHOT.jar:/home/runner/.m2/repository/org/apache/ratis/ratis-server-api/2.4.2-8b8bdda-SNAPSHOT/ratis-server-api-2.4.2-8b8bdda-SNAPSHOT.jar:/home/runner/.m2/repository/org/apache/ratis/ratis-metrics/2.4.2-8b8bdda-SNAPSHOT/ratis-metrics-2.4.2-8b8bdda-SNAPSHOT.jar:/home/runner/.m2/repository/io/prometheus/simpleclient_dropwizard/0.7.0/simpleclient_dropwizard-0.7.0.jar:/home/runner/.m2/repository/io/prometheus/simpleclient/0.7.0/simpleclient-0.7.0.jar:/home/runner/.m2/repository/io/prometheus/simpleclient_common/0.7.0/simpleclient_common-0.7.0.jar:/home/runner/.m2/repository/com/fasterxml/jackson/datatype/jackson-datatype-jsr310/2.13.4/jackson-datatype-jsr310-2.13.4.jar:/home/runner/.m2/repository/com/fasterxml/jackson/core/jackson-core/2.13.4/jackson-core-2.13.4.jar:/home/runner/.m2/repository/com/github/spotbugs/spotbugs-annotations/3.1.12/spotbugs-annotations-3.1.12.jar:/home/runner/.m2/repository/org/apache/ozone/rocksdb-checkpoint-differ/1.4.0-SNAPSHOT/rocksdb-checkpoint-differ-1.4.0-SNAPSHOT.jar:/home/runner/.m2/repository/org/awaitility/awaitility/4.2.0/awaitility-4.2.0.jar:/home/runner/.m2/repository/org/hamcrest/hamcrest/2.1/hamcrest-2.1.jar:/home/runner/.m2/repository/org/apache/ozone/ozone-manager/1.4.0-SNAPSHOT/ozone-manager-1.4.0-SNAPSHOT.jar:/home/runner/.m2/repository/org/aspectj/aspectjrt/1.9.7/aspectjrt-1.9.7.jar:/home/runner/.m2/repository/org/aspectj/aspectjweaver/1.9.7/aspectjweaver-1.9.7.jar:/home/runner/.m2/repository/org/apache/ozone/hdds-interface-client/1.4.0-SNAPSHOT/hdds-interface-client-1.4.0-SNAPSHOT.jar:/home/runner/.m2/repository/org/apache/hadoop/thirdparty/hadoop-shaded-protobuf_3_7/1.1.1/hadoop-shaded-protobuf_3_7-1.1.1.jar:/home/runner/.m2/repository/org/apache/ozone/ozone-interface-storage/1.4.0-SNAPSHOT/ozone-interface-storage-1.4.0-SNAPSHOT.jar:/home/runner/.m2/repository/org/reflections/reflections/0.9.11/reflections-0.9.11.jar:/home/runner/.m2/repository/com/sun/jersey/jersey-client/1.19/jersey-client-1.19.jar:/home/runner/.m2/repository/org/apache/ranger/ranger-intg/2.3.0/ranger-intg-2.3.0.jar:/home/runner/.m2/repository/org/apache/ranger/ranger-plugins-common/2.3.0/ranger-plugins-common-2.3.0.jar:/home/runner/.m2/repository/commons-lang/commons-lang/2.6/commons-lang-2.6.jar:/home/runner/.m2/repository/org/apache/ranger/ranger-plugins-cred/2.3.0/ranger-plugins-cred-2.3.0.jar:/home/runner/.m2/repository/org/apache/ranger/ranger-plugins-audit/2.3.0/ranger-plugins-audit-2.3.0.jar:/home/runner/.m2/repository/org/eclipse/jetty/jetty-client/9.4.49.v20220914/jetty-client-9.4.49.v20220914.jar:/home/runner/.m2/repository/org/apache/httpcomponents/httpmime/4.5.6/httpmime-4.5.6.jar:/home/runner/.m2/repository/org/apache/httpcomponents/httpcore-nio/4.4.13/httpcore-nio-4.4.13.jar:/home/runner/.m2/repository/org/apache/httpcomponents/httpasyncclient/4.1.3/httpasyncclient-4.1.3.jar:/home/runner/.m2/repository/com/carrotsearch/hppc/0.8.0/hppc-0.8.0.jar:/home/runner/.m2/repository/org/apache/orc/orc-core/1.5.8/orc-core-1.5.8.jar:/home/runner/.m2/repository/net/java/dev/jna/jna/5.2.0/jna-5.2.0.jar:/home/runner/.m2/repository/net/java/dev/jna/jna-platform/5.2.0/jna-platform-5.2.0.jar:/home/runner/.m2/repository/com/kstruct/gethostname4j/0.0.2/gethostname4j-0.0.2.jar:/home/runner/.m2/repository/org/apache/ranger/ranger-plugin-classloader/2.3.0/ranger-plugin-classloader-2.3.0.jar:/home/runner/.m2/repository/org/apache/hadoop/hadoop-minikdc/3.3.4/hadoop-minikdc-3.3.4.jar:/home/runner/.m2/repository/org/apache/kerby/kerb-simplekdc/1.0.1/kerb-simplekdc-1.0.1.jar:/home/runner/.m2/repository/org/apache/kerby/kerb-client/1.0.1/kerb-client-1.0.1.jar:/home/runner/.m2/repository/org/apache/kerby/kerby-config/1.0.1/kerby-config-1.0.1.jar:/home/runner/.m2/repository/org/apache/kerby/kerb-common/1.0.1/kerb-common-1.0.1.jar:/home/runner/.m2/repository/org/apache/kerby/kerb-crypto/1.0.1/kerb-crypto-1.0.1.jar:/home/runner/.m2/repository/org/apache/kerby/kerb-util/1.0.1/kerb-util-1.0.1.jar:/home/runner/.m2/repository/org/apache/kerby/token-provider/1.0.1/token-provider-1.0.1.jar:/home/runner/.m2/repository/org/apache/kerby/kerb-admin/1.0.1/kerb-admin-1.0.1.jar:/home/runner/.m2/repository/org/apache/kerby/kerb-server/1.0.1/kerb-server-1.0.1.jar:/home/runner/.m2/repository/org/apache/kerby/kerb-identity/1.0.1/kerb-identity-1.0.1.jar:/home/runner/.m2/repository/org/apache/kerby/kerby-xdr/1.0.1/kerby-xdr-1.0.1.jar:/home/runner/.m2/repository/org/apache/ozone/ozone-s3gateway/1.4.0-SNAPSHOT/ozone-s3gateway-1.4.0-SNAPSHOT.jar:/home/runner/.m2/repository/org/javassist/javassist/3.21.0-GA/javassist-3.21.0-GA.jar:/home/runner/.m2/repository/org/jboss/weld/servlet/weld-servlet-shaded/3.1.9.Final/weld-servlet-shaded-3.1.9.Final.jar:/home/runner/.m2/repository/org/glassfish/jersey/containers/jersey-container-servlet-core/2.34/jersey-container-servlet-core-2.34.jar:/home/runner/.m2/repository/org/glassfish/hk2/external/jakarta.inject/2.6.1/jakarta.inject-2.6.1.jar:/home/runner/.m2/repository/org/glassfish/jersey/core/jersey-common/2.34/jersey-common-2.34.jar:/home/runner/.m2/repository/jakarta/ws/rs/jakarta.ws.rs-api/2.1.6/jakarta.ws.rs-api-2.1.6.jar:/home/runner/.m2/repository/org/glassfish/jersey/ext/cdi/jersey-cdi1x/2.34/jersey-cdi1x-2.34.jar:/home/runner/.m2/repository/org/glassfish/jersey/inject/jersey-hk2/2.34/jersey-hk2-2.34.jar:/home/runner/.m2/repository/org/glassfish/hk2/hk2-locator/2.6.1/hk2-locator-2.6.1.jar:/home/runner/.m2/repository/org/glassfish/jersey/media/jersey-media-jaxb/2.34/jersey-media-jaxb-2.34.jar:/home/runner/.m2/repository/org/glassfish/hk2/osgi-resource-locator/1.0.3/osgi-resource-locator-1.0.3.jar:/home/runner/.m2/repository/org/glassfish/hk2/hk2-api/2.5.0/hk2-api-2.5.0.jar:/home/runner/.m2/repository/org/glassfish/hk2/hk2-utils/2.5.0/hk2-utils-2.5.0.jar:/home/runner/.m2/repository/org/glassfish/hk2/external/aopalliance-repackaged/2.5.0/aopalliance-repackaged-2.5.0.jar:/home/runner/.m2/repository/com/fasterxml/jackson/dataformat/jackson-dataformat-xml/2.13.4/jackson-dataformat-xml-2.13.4.jar:/home/runner/.m2/repository/org/codehaus/woodstox/stax2-api/4.2.1/stax2-api-4.2.1.jar:/home/runner/.m2/repository/com/fasterxml/woodstox/woodstox-core/5.4.0/woodstox-core-5.4.0.jar:/home/runner/.m2/repository/com/fasterxml/jackson/module/jackson-module-jaxb-annotations/2.13.4/jackson-module-jaxb-annotations-2.13.4.jar:/home/runner/.m2/repository/jakarta/xml/bind/jakarta.xml.bind-api/2.3.3/jakarta.xml.bind-api-2.3.3.jar:/home/runner/.m2/repository/jakarta/activation/jakarta.activation-api/1.2.2/jakarta.activation-api-1.2.2.jar:/home/runner/.m2/repository/javax/enterprise/cdi-api/2.0/cdi-api-2.0.jar:/home/runner/.m2/repository/javax/el/javax.el-api/3.0.0/javax.el-api-3.0.0.jar:/home/runner/.m2/repository/javax/interceptor/javax.interceptor-api/1.2/javax.interceptor-api-1.2.jar:/home/runner/.m2/repository/javax/inject/javax.inject/1/javax.inject-1.jar:/home/runner/.m2/repository/javax/xml/bind/jaxb-api/2.3.0/jaxb-api-2.3.0.jar:/home/runner/.m2/repository/org/glassfish/jaxb/jaxb-runtime/2.3.0.1/jaxb-runtime-2.3.0.1.jar:/home/runner/.m2/repository/org/glassfish/jaxb/jaxb-core/2.3.0.1/jaxb-core-2.3.0.1.jar:/home/runner/.m2/repository/org/glassfish/jaxb/txw2/2.3.0.1/txw2-2.3.0.1.jar:/home/runner/.m2/repository/com/sun/istack/istack-commons-runtime/3.0.5/istack-commons-runtime-3.0.5.jar:/home/runner/.m2/repository/org/jvnet/staxex/stax-ex/1.7.8/stax-ex-1.7.8.jar:/home/runner/.m2/repository/com/sun/xml/fastinfoset/FastInfoset/1.2.13/FastInfoset-1.2.13.jar:/home/runner/.m2/repository/javax/activation/activation/1.1.1/activation-1.1.1.jar:/home/runner/.m2/repository/io/grpc/grpc-protobuf/1.51.1/grpc-protobuf-1.51.1.jar:/home/runner/.m2/repository/io/grpc/grpc-api/1.51.1/grpc-api-1.51.1.jar:/home/runner/.m2/repository/io/grpc/grpc-context/1.51.1/grpc-context-1.51.1.jar:/home/runner/.m2/repository/com/google/api/grpc/proto-google-common-protos/2.9.0/proto-google-common-protos-2.9.0.jar:/home/runner/.m2/repository/io/grpc/grpc-protobuf-lite/1.51.1/grpc-protobuf-lite-1.51.1.jar:/home/runner/.m2/repository/io/grpc/grpc-stub/1.51.1/grpc-stub-1.51.1.jar:/home/runner/.m2/repository/io/netty/netty-transport/4.1.86.Final/netty-transport-4.1.86.Final.jar:/home/runner/.m2/repository/io/netty/netty-resolver/4.1.86.Final/netty-resolver-4.1.86.Final.jar:/home/runner/.m2/repository/org/apache/ozone/ozone-csi/1.4.0-SNAPSHOT/ozone-csi-1.4.0-SNAPSHOT.jar:/home/runner/.m2/repository/com/google/protobuf/protobuf-java-util/3.19.6/protobuf-java-util-3.19.6.jar:/home/runner/.m2/repository/com/google/code/gson/gson/2.9.0/gson-2.9.0.jar:/home/runner/.m2/repository/org/apache/ozone/hdds-config/1.4.0-SNAPSHOT/hdds-config-1.4.0-SNAPSHOT.jar:/home/runner/.m2/repository/io/netty/netty-transport-native-epoll/4.1.86.Final/netty-transport-native-epoll-4.1.86.Final-linux-x86_64.jar:/home/runner/.m2/repository/io/netty/netty-transport-classes-epoll/4.1.86.Final/netty-transport-classes-epoll-4.1.86.Final.jar:/home/runner/.m2/repository/io/netty/netty-transport-native-unix-common/4.1.86.Final/netty-transport-native-unix-common-4.1.86.Final.jar:/home/runner/.m2/repository/org/apache/ozone/ozone-recon/1.4.0-SNAPSHOT/ozone-recon-1.4.0-SNAPSHOT.jar:/home/runner/.m2/repository/org/apache/ozone/ozone-reconcodegen/1.4.0-SNAPSHOT/ozone-reconcodegen-1.4.0-SNAPSHOT.jar:/home/runner/.m2/repository/com/google/inject/extensions/guice-multibindings/4.0/guice-multibindings-4.0.jar:/home/runner/.m2/repository/com/google/inject/guice/4.0/guice-4.0.jar:/home/runner/.m2/repository/aopalliance/aopalliance/1.0/aopalliance-1.0.jar:/home/runner/.m2/repository/com/google/inject/extensions/guice-assistedinject/4.0/guice-assistedinject-4.0.jar:/home/runner/.m2/repository/com/google/inject/extensions/guice-servlet/4.0/guice-servlet-4.0.jar:/home/runner/.m2/repository/org/glassfish/jersey/containers/jersey-container-servlet/2.34/jersey-container-servlet-2.34.jar:/home/runner/.m2/repository/org/glassfish/hk2/guice-bridge/2.5.0/guice-bridge-2.5.0.jar:/home/runner/.m2/repository/org/glassfish/jersey/core/jersey-server/2.34/jersey-server-2.34.jar:/home/runner/.m2/repository/org/glassfish/jersey/core/jersey-client/2.34/jersey-client-2.34.jar:/home/runner/.m2/repository/jakarta/annotation/jakarta.annotation-api/1.3.5/jakarta.annotation-api-1.3.5.jar:/home/runner/.m2/repository/jakarta/validation/jakarta.validation-api/2.0.2/jakarta.validation-api-2.0.2.jar:/home/runner/.m2/repository/org/glassfish/jersey/media/jersey-media-json-jackson/2.34/jersey-media-json-jackson-2.34.jar:/home/runner/.m2/repository/org/glassfish/jersey/ext/jersey-entity-filtering/2.34/jersey-entity-filtering-2.34.jar:/home/runner/.m2/repository/org/jooq/jooq/3.11.10/jooq-3.11.10.jar:/home/runner/.m2/repository/org/jooq/jooq-meta/3.11.10/jooq-meta-3.11.10.jar:/home/runner/.m2/repository/org/jooq/jooq-codegen/3.11.10/jooq-codegen-3.11.10.jar:/home/runner/.m2/repository/com/jolbox/bonecp/0.8.0.RELEASE/bonecp-0.8.0.RELEASE.jar:/home/runner/.m2/repository/org/apache/derby/derby/10.14.2.0/derby-10.14.2.0.jar:/home/runner/.m2/repository/org/xerial/sqlite-jdbc/3.25.2/sqlite-jdbc-3.25.2.jar:/home/runner/.m2/repository/org/springframework/spring-jdbc/5.3.23/spring-jdbc-5.3.23.jar:/home/runner/.m2/repository/org/springframework/spring-beans/5.3.23/spring-beans-5.3.23.jar:/home/runner/.m2/repository/org/springframework/spring-core/5.3.23/spring-core-5.3.23.jar:/home/runner/.m2/repository/org/springframework/spring-jcl/5.3.23/spring-jcl-5.3.23.jar:/home/runner/.m2/repository/org/springframework/spring-tx/5.3.23/spring-tx-5.3.23.jar:/home/runner/.m2/repository/org/apache/ozone/ozone-client/1.4.0-SNAPSHOT/ozone-client-1.4.0-SNAPSHOT.jar:/home/runner/.m2/repository/org/apache/ozone/hdds-erasurecode/1.4.0-SNAPSHOT/hdds-erasurecode-1.4.0-SNAPSHOT.jar:/home/runner/.m2/repository/org/apache/ozone/ozone-filesystem/1.4.0-SNAPSHOT/ozone-filesystem-1.4.0-SNAPSHOT.jar:/home/runner/.m2/repository/org/apache/ozone/ozone-filesystem-common/1.4.0-SNAPSHOT/ozone-filesystem-common-1.4.0-SNAPSHOT.jar:/home/runner/.m2/repository/org/apache/ozone/ozone-tools/1.4.0-SNAPSHOT/ozone-tools-1.4.0-SNAPSHOT.jar:/home/runner/.m2/repository/com/amazonaws/aws-java-sdk-core/1.12.261/aws-java-sdk-core-1.12.261.jar:/home/runner/.m2/repository/org/apache/httpcomponents/httpclient/4.5.13/httpclient-4.5.13.jar:/home/runner/.m2/repository/org/apache/httpcomponents/httpcore/4.4.13/httpcore-4.4.13.jar:/home/runner/.m2/repository/software/amazon/ion/ion-java/1.0.2/ion-java-1.0.2.jar:/home/runner/.m2/repository/com/fasterxml/jackson/dataformat/jackson-dataformat-cbor/2.13.4/jackson-dataformat-cbor-2.13.4.jar:/home/runner/.m2/repository/joda-time/joda-time/2.10.6/joda-time-2.10.6.jar:/home/runner/.m2/repository/com/amazonaws/aws-java-sdk-s3/1.12.261/aws-java-sdk-s3-1.12.261.jar:/home/runner/.m2/repository/com/amazonaws/aws-java-sdk-kms/1.12.261/aws-java-sdk-kms-1.12.261.jar:/home/runner/.m2/repository/com/amazonaws/jmespath-java/1.12.261/jmespath-java-1.12.261.jar:/home/runner/.m2/repository/org/kohsuke/metainf-services/metainf-services/1.8/metainf-services-1.8.jar:/home/runner/.m2/repository/org/apache/ozone/hdds-tools/1.4.0-SNAPSHOT/hdds-tools-1.4.0-SNAPSHOT.jar:/home/runner/.m2/repository/org/apache/ratis/ratis-tools/2.4.2-8b8bdda-SNAPSHOT/ratis-tools-2.4.2-8b8bdda-SNAPSHOT.jar:/home/runner/.m2/repository/commons-cli/commons-cli/1.2/commons-cli-1.2.jar:/home/runner/.m2/repository/org/apache/commons/commons-lang3/3.7/commons-lang3-3.7.jar:/home/runner/.m2/repository/org/apache/ozone/ozone-manager/1.4.0-SNAPSHOT/ozone-manager-1.4.0-SNAPSHOT-tests.jar:/home/runner/.m2/repository/org/apache/ozone/hdds-common/1.4.0-SNAPSHOT/hdds-common-1.4.0-SNAPSHOT-tests.jar:/home/runner/.m2/repository/org/apache/ozone/hdds-hadoop-dependency-client/1.4.0-SNAPSHOT/hdds-hadoop-dependency-client-1.4.0-SNAPSHOT.jar:/home/runner/.m2/repository/info/picocli/picocli/4.6.1/picocli-4.6.1.jar:/home/runner/.m2/repository/com/fasterxml/jackson/core/jackson-annotations/2.13.4/jackson-annotations-2.13.4.jar:/home/runner/.m2/repository/org/apache/ozone/hdds-annotation-processing/1.4.0-SNAPSHOT/hdds-annotation-processing-1.4.0-SNAPSHOT.jar:/home/runner/.m2/repository/javax/annotation/javax.annotation-api/1.2/javax.annotation-api-1.2.jar:/home/runner/.m2/repository/org/apache/ratis/ratis-netty/2.4.2-8b8bdda-SNAPSHOT/ratis-netty-2.4.2-8b8bdda-SNAPSHOT.jar:/home/runner/.m2/repository/org/apache/ratis/ratis-grpc/2.4.2-8b8bdda-SNAPSHOT/ratis-grpc-2.4.2-8b8bdda-SNAPSHOT.jar:/home/runner/.m2/repository/org/apache/logging/log4j/log4j-api/2.17.1/log4j-api-2.17.1.jar:/home/runner/.m2/repository/org/apache/commons/commons-pool2/2.6.0/commons-pool2-2.6.0.jar:/home/runner/.m2/repository/org/bouncycastle/bcpkix-jdk15on/1.67/bcpkix-jdk15on-1.67.jar:/home/runner/.m2/repository/commons-validator/commons-validator/1.6/commons-validator-1.6.jar:/home/runner/.m2/repository/commons-beanutils/commons-beanutils/1.9.4/commons-beanutils-1.9.4.jar:/home/runner/.m2/repository/commons-digester/commons-digester/1.8.1/commons-digester-1.8.1.jar:/home/runner/.m2/repository/commons-collections/commons-collections/3.2.2/commons-collections-3.2.2.jar:/home/runner/.m2/repository/io/jaegertracing/jaeger-client/1.6.0/jaeger-client-1.6.0.jar:/home/runner/.m2/repository/io/jaegertracing/jaeger-thrift/1.6.0/jaeger-thrift-1.6.0.jar:/home/runner/.m2/repository/org/apache/thrift/libthrift/0.14.1/libthrift-0.14.1.jar:/home/runner/.m2/repository/io/jaegertracing/jaeger-core/1.6.0/jaeger-core-1.6.0.jar:/home/runner/.m2/repository/io/jaegertracing/jaeger-tracerresolver/1.6.0/jaeger-tracerresolver-1.6.0.jar:/home/runner/.m2/repository/io/opentracing/contrib/opentracing-tracerresolver/0.1.8/opentracing-tracerresolver-0.1.8.jar:/home/runner/.m2/repository/org/jetbrains/kotlin/kotlin-stdlib/1.6.21/kotlin-stdlib-1.6.21.jar:/home/runner/.m2/repository/org/jetbrains/annotations/13.0/annotations-13.0.jar:/home/runner/.m2/repository/io/opentracing/opentracing-util/0.33.0/opentracing-util-0.33.0.jar:/home/runner/.m2/repository/io/opentracing/opentracing-api/0.33.0/opentracing-api-0.33.0.jar:/home/runner/.m2/repository/io/opentracing/opentracing-noop/0.33.0/opentracing-noop-0.33.0.jar:/home/runner/.m2/repository/org/yaml/snakeyaml/2.0/snakeyaml-2.0.jar:/home/runner/.m2/repository/junit/junit/4.13.1/junit-4.13.1.jar:/home/runner/.m2/repository/org/hamcrest/hamcrest-core/1.3/hamcrest-core-1.3.jar:/home/runner/.m2/repository/org/junit/jupiter/junit-jupiter-api/5.8.2/junit-jupiter-api-5.8.2.jar:/home/runner/.m2/repository/org/opentest4j/opentest4j/1.2.0/opentest4j-1.2.0.jar:/home/runner/.m2/repository/org/junit/platform/junit-platform-commons/1.8.2/junit-platform-commons-1.8.2.jar:/home/runner/.m2/repository/org/apiguardian/apiguardian-api/1.1.2/apiguardian-api-1.1.2.jar:/home/runner/.m2/repository/org/junit/jupiter/junit-jupiter-params/5.8.2/junit-jupiter-params-5.8.2.jar:/home/runner/.m2/repository/org/junit/jupiter/junit-jupiter-migrationsupport/5.8.2/junit-jupiter-migrationsupport-5.8.2.jar:/home/runner/.m2/repository/org/junit/jupiter/junit-jupiter-engine/5.8.2/junit-jupiter-engine-5.8.2.jar:/home/runner/.m2/repository/org/junit/platform/junit-platform-engine/1.8.2/junit-platform-engine-1.8.2.jar:/home/runner/.m2/repository/org/junit/vintage/junit-vintage-engine/5.8.2/junit-vintage-engine-5.8.2.jar:/home/runner/.m2/repository/org/junit/platform/junit-platform-launcher/1.8.2/junit-platform-launcher-1.8.2.jar:/home/runner/.m2/repository/org/mockito/mockito-core/2.28.2/mockito-core-2.28.2.jar:/home/runner/.m2/repository/net/bytebuddy/byte-buddy/1.9.10/byte-buddy-1.9.10.jar:/home/runner/.m2/repository/net/bytebuddy/byte-buddy-agent/1.9.10/byte-buddy-agent-1.9.10.jar:/home/runner/.m2/repository/org/objenesis/objenesis/1.0/objenesis-1.0.jar:/home/runner/.m2/repository/org/apache/hadoop/hadoop-kms/3.3.4/hadoop-kms-3.3.4.jar:/home/runner/.m2/repository/org/apache/hadoop/hadoop-auth/3.3.4/hadoop-auth-3.3.4.jar:/home/runner/.m2/repository/com/nimbusds/nimbus-jose-jwt/9.8.1/nimbus-jose-jwt-9.8.1.jar:/home/runner/.m2/repository/com/github/stephenc/jcip/jcip-annotations/1.0-1/jcip-annotations-1.0-1.jar:/home/runner/.m2/repository/net/minidev/json-smart/2.4.7/json-smart-2.4.7.jar:/home/runner/.m2/repository/net/minidev/accessors-smart/2.4.7/accessors-smart-2.4.7.jar:/home/runner/.m2/repository/org/ow2/asm/asm/5.0.4/asm-5.0.4.jar:/home/runner/.m2/repository/org/apache/zookeeper/zookeeper/3.5.6/zookeeper-3.5.6.jar:/home/runner/.m2/repository/org/apache/zookeeper/zookeeper-jute/3.5.6/zookeeper-jute-3.5.6.jar:/home/runner/.m2/repository/org/apache/yetus/audience-annotations/0.5.0/audience-annotations-0.5.0.jar:/home/runner/.m2/repository/org/apache/curator/curator-framework/4.2.0/curator-framework-4.2.0.jar:/home/runner/.m2/repository/org/apache/hadoop/thirdparty/hadoop-shaded-guava/1.1.1/hadoop-shaded-guava-1.1.1.jar:/home/runner/.m2/repository/com/sun/jersey/jersey-core/1.19/jersey-core-1.19.jar:/home/runner/.m2/repository/javax/ws/rs/jsr311-api/1.1.1/jsr311-api-1.1.1.jar:/home/runner/.m2/repository/com/sun/jersey/jersey-server/1.19/jersey-server-1.19.jar:/home/runner/.m2/repository/javax/servlet/javax.servlet-api/3.1.0/javax.servlet-api-3.1.0.jar:/home/runner/.m2/repository/org/apache/hadoop/hadoop-common/3.3.4/hadoop-common-3.3.4.jar:/home/runner/.m2/repository/org/apache/commons/commons-math3/3.1.1/commons-math3-3.1.1.jar:/home/runner/.m2/repository/commons-net/commons-net/3.9.0/commons-net-3.9.0.jar:/home/runner/.m2/repository/com/sun/jersey/jersey-servlet/1.19/jersey-servlet-1.19.jar:/home/runner/.m2/repository/com/sun/jersey/jersey-json/1.19/jersey-json-1.19.jar:/home/runner/.m2/repository/org/codehaus/jettison/jettison/1.1/jettison-1.1.jar:/home/runner/.m2/repository/com/sun/xml/bind/jaxb-impl/2.2.3-1/jaxb-impl-2.2.3-1.jar:/home/runner/.m2/repository/org/codehaus/jackson/jackson-jaxrs/1.9.2/jackson-jaxrs-1.9.2.jar:/home/runner/.m2/repository/org/codehaus/jackson/jackson-xc/1.9.2/jackson-xc-1.9.2.jar:/home/runner/.m2/repository/com/google/re2j/re2j/1.1/re2j-1.1.jar:/home/runner/.m2/repository/com/jcraft/jsch/0.1.54/jsch-0.1.54.jar:/home/runner/.m2/repository/org/apache/curator/curator-client/4.2.0/curator-client-4.2.0.jar:/home/runner/.m2/repository/org/apache/curator/curator-recipes/4.2.0/curator-recipes-4.2.0.jar:/home/runner/.m2/repository/org/apache/kerby/kerb-core/1.0.1/kerb-core-1.0.1.jar:/home/runner/.m2/repository/org/apache/kerby/kerby-pkix/1.0.1/kerby-pkix-1.0.1.jar:/home/runner/.m2/repository/org/apache/kerby/kerby-asn1/1.0.1/kerby-asn1-1.0.1.jar:/home/runner/.m2/repository/org/apache/kerby/kerby-util/1.0.1/kerby-util-1.0.1.jar:/home/runner/.m2/repository/dnsjava/dnsjava/2.1.7/dnsjava-2.1.7.jar:/home/runner/.m2/repository/org/xerial/snappy/snappy-java/1.1.8.2/snappy-java-1.1.8.2.jar:/home/runner/.m2/repository/com/fasterxml/jackson/core/jackson-databind/2.13.4.2/jackson-databind-2.13.4.2.jar:/home/runner/.m2/repository/org/apache/hadoop/hadoop-kms/3.3.4/hadoop-kms-3.3.4-tests.jar:/home/runner/.m2/repository/org/apache/ozone/hdds-server-scm/1.4.0-SNAPSHOT/hdds-server-scm-1.4.0-SNAPSHOT-tests.jar:/home/runner/.m2/repository/org/apache/ozone/hdds-container-service/1.4.0-SNAPSHOT/hdds-container-service-1.4.0-SNAPSHOT-tests.jar:/home/runner/.m2/repository/com/github/luben/zstd-jni/1.5.2-5/zstd-jni-1.5.2-5.jar:/home/runner/.m2/repository/commons-codec/commons-codec/1.15/commons-codec-1.15.jar:/home/runner/.m2/repository/io/netty/netty-codec/4.1.86.Final/netty-codec-4.1.86.Final.jar:/home/runner/.m2/repository/io/netty/netty-handler/4.1.86.Final/netty-handler-4.1.86.Final.jar:/home/runner/.m2/repository/org/apache/ozone/hdds-hadoop-dependency-test/1.4.0-SNAPSHOT/hdds-hadoop-dependency-test-1.4.0-SNAPSHOT.jar:/home/runner/.m2/repository/org/apache/hadoop/hadoop-common/3.3.4/hadoop-common-3.3.4-tests.jar:/home/runner/.m2/repository/org/apache/hadoop/hadoop-hdfs/3.3.4/hadoop-hdfs-3.3.4-tests.jar:/home/runner/.m2/repository/org/assertj/assertj-core/3.12.2/assertj-core-3.12.2.jar:/home/runner/.m2/repository/org/apache/hadoop/hadoop-distcp/3.3.4/hadoop-distcp-3.3.4.jar:/home/runner/.m2/repository/org/apache/hadoop/hadoop-mapreduce-client-jobclient/3.3.4/hadoop-mapreduce-client-jobclient-3.3.4.jar:/home/runner/.m2/repository/org/apache/hadoop/hadoop-mapreduce-client-common/3.3.4/hadoop-mapreduce-client-common-3.3.4.jar:/home/runner/.m2/repository/org/apache/hadoop/hadoop-yarn-common/3.3.4/hadoop-yarn-common-3.3.4.jar:/home/runner/.m2/repository/org/apache/hadoop/hadoop-yarn-api/3.3.4/hadoop-yarn-api-3.3.4.jar:/home/runner/.m2/repository/com/sun/jersey/contribs/jersey-guice/1.19/jersey-guice-1.19.jar:/home/runner/.m2/repository/com/fasterxml/jackson/jaxrs/jackson-jaxrs-json-provider/2.13.4/jackson-jaxrs-json-provider-2.13.4.jar:/home/runner/.m2/repository/com/fasterxml/jackson/jaxrs/jackson-jaxrs-base/2.13.4/jackson-jaxrs-base-2.13.4.jar:/home/runner/.m2/repository/org/apache/hadoop/hadoop-yarn-client/3.3.4/hadoop-yarn-client-3.3.4.jar:/home/runner/.m2/repository/org/eclipse/jetty/websocket/websocket-client/9.4.43.v20210629/websocket-client-9.4.43.v20210629.jar:/home/runner/.m2/repository/org/eclipse/jetty/websocket/websocket-common/9.4.43.v20210629/websocket-common-9.4.43.v20210629.jar:/home/runner/.m2/repository/org/eclipse/jetty/websocket/websocket-api/9.4.43.v20210629/websocket-api-9.4.43.v20210629.jar:/home/runner/.m2/repository/org/jline/jline/3.9.0/jline-3.9.0.jar:/home/runner/.m2/repository/org/apache/hadoop/hadoop-mapreduce-client-core/3.3.4/hadoop-mapreduce-client-core-3.3.4.jar:/home/runner/.m2/repository/org/apache/avro/avro/1.7.7/avro-1.7.7.jar:/home/runner/.m2/repository/org/codehaus/jackson/jackson-core-asl/1.9.13/jackson-core-asl-1.9.13.jar:/home/runner/.m2/repository/org/codehaus/jackson/jackson-mapper-asl/1.9.13/jackson-mapper-asl-1.9.13.jar:/home/runner/.m2/repository/com/thoughtworks/paranamer/paranamer/2.3/paranamer-2.3.jar:/home/runner/.m2/repository/org/apache/hadoop/hadoop-annotations/3.3.4/hadoop-annotations-3.3.4.jar:/usr/lib/jvm/temurin-8-jdk-amd64/jre/../lib/tools.jar:/home/runner/.m2/repository/io/netty/netty/3.10.6.Final/netty-3.10.6.Final.jar:/home/runner/.m2/repository/org/apache/hadoop/hadoop-distcp/3.3.4/hadoop-distcp-3.3.4-tests.jar:/home/runner/.m2/repository/org/slf4j/jul-to-slf4j/1.7.36/jul-to-slf4j-1.7.36.jar:"/>
    <property name="sun.cpu.endian" value="little"/>
    <property name="user.home" value="/home/runner"/>
    <property name="user.language" value="en"/>
    <property name="java.specification.vendor" value="Oracle Corporation"/>
    <property name="java.home" value="/usr/lib/jvm/temurin-8-jdk-amd64/jre"/>
    <property name="java.security.krb5.conf" value="/home/runner/work/ozone/ozone/hadoop-ozone/integration-test/target/test-classes/krb5.conf"/>
    <property name="file.separator" value="/"/>
    <property name="basedir" value="/home/runner/work/ozone/ozone/hadoop-ozone/integration-test"/>
    <property name="line.separator" value="&#10;"/>
    <property name="java.vm.specification.vendor" value="Oracle Corporation"/>
    <property name="java.specification.name" value="Java Platform API Specification"/>
    <property name="skip.installnpx" value="true"/>
    <property name="java.awt.graphicsenv" value="sun.awt.X11GraphicsEnvironment"/>
    <property name="surefire.fork.timeout" value="3600"/>
    <property name="surefire.real.class.path" value="/home/runner/work/ozone/ozone/hadoop-ozone/integration-test/target/surefire/surefirebooter1868304773805448709.jar:/home/runner/.m2/repository/org/jacoco/org.jacoco.agent/0.8.5/org.jacoco.agent-0.8.5-runtime.jar"/>
    <property name="sun.boot.class.path" value="/usr/lib/jvm/temurin-8-jdk-amd64/jre/lib/resources.jar:/usr/lib/jvm/temurin-8-jdk-amd64/jre/lib/rt.jar:/usr/lib/jvm/temurin-8-jdk-amd64/jre/lib/sunrsasign.jar:/usr/lib/jvm/temurin-8-jdk-amd64/jre/lib/jsse.jar:/usr/lib/jvm/temurin-8-jdk-amd64/jre/lib/jce.jar:/usr/lib/jvm/temurin-8-jdk-amd64/jre/lib/charsets.jar:/usr/lib/jvm/temurin-8-jdk-amd64/jre/lib/jfr.jar:/usr/lib/jvm/temurin-8-jdk-amd64/jre/classes"/>
    <property name="hadoop.log.dir" value="/home/runner/work/ozone/ozone/hadoop-ozone/integration-test/target/log"/>
    <property name="sun.management.compiler" value="HotSpot 64-Bit Tiered Compilers"/>
    <property name="java.runtime.version" value="1.8.0_362-b09"/>
    <property name="skip.npx" value="true"/>
    <property name="user.name" value="runner"/>
    <property name="java.net.preferIPv4Stack" value="true"/>
    <property name="path.separator" value=":"/>
    <property name="java.security.egd" value="file:///dev/urandom"/>
    <property name="os.version" value="5.15.0-1034-azure"/>
    <property name="java.endorsed.dirs" value="/usr/lib/jvm/temurin-8-jdk-amd64/jre/lib/endorsed"/>
    <property name="java.runtime.name" value="OpenJDK Runtime Environment"/>
    <property name="file.encoding" value="UTF-8"/>
    <property name="java.vm.name" value="OpenJDK 64-Bit Server VM"/>
    <property name="test.build.webapps" value=""/>
    <property name="localRepository" value="/home/runner/.m2/repository"/>
    <property name="jetty.git.hash" value="4231a3b2e4cb8548a412a789936d640a97b1aa0a"/>
    <property name="java.vendor.url.bug" value="https://github.com/adoptium/adoptium-support/issues"/>
    <property name="require.test.libhadoop" value=""/>
    <property name="java.io.tmpdir" value="/tmp"/>
    <property name="java.version" value="1.8.0_362"/>
    <property name="surefire.rerunFailingTestsCount" value="5"/>
    <property name="user.dir" value="/home/runner/work/ozone/ozone/hadoop-ozone/integration-test"/>
    <property name="os.arch" value="amd64"/>
    <property name="test.build.classes" value="/home/runner/work/ozone/ozone/hadoop-ozone/integration-test/target/test-classes"/>
    <property name="java.vm.specification.name" value="Java Virtual Machine Specification"/>
    <property name="java.awt.printerjob" value="sun.print.PSPrinterJob"/>
    <property name="sun.os.patch.level" value="unknown"/>
    <property name="org.apache.ratis.thirdparty.io.netty.allocator.useCacheForAllThreads" value="false"/>
    <property name="hadoop.tmp.dir" value="/home/runner/work/ozone/ozone/hadoop-ozone/integration-test/target/tmp"/>
    <property name="java.library.path" value="/usr/java/packages/lib/amd64:/usr/lib64:/lib64:/lib:/usr/lib"/>
    <property name="java.vendor" value="Temurin"/>
    <property name="java.vm.info" value="mixed mode"/>
    <property name="java.vm.version" value="25.362-b09"/>
    <property name="java.specification.maintenance.version" value="4"/>
    <property name="sun.io.unicode.encoding" value="UnicodeLittle"/>
    <property name="java.ext.dirs" value="/usr/lib/jvm/temurin-8-jdk-amd64/jre/lib/ext:/usr/java/packages/lib/ext"/>
    <property name="java.class.version" value="52.0"/>
  </properties>
  <testcase name="testBootstrapWithoutConfigUpdate" classname="org.apache.hadoop.ozone.om.TestAddRemoveOzoneManager" time="44.43">
    <failure type="java.lang.AssertionError"><![CDATA[java.lang.AssertionError
	at org.junit.Assert.fail(Assert.java:87)
	at org.junit.Assert.fail(Assert.java:96)
	at org.apache.hadoop.ozone.om.TestAddRemoveOzoneManager.testBootstrapWithoutConfigUpdate(TestAddRemoveOzoneManager.java:261)
	at sun.reflect.NativeMethodAccessorImpl.invoke0(Native Method)
	at sun.reflect.NativeMethodAccessorImpl.invoke(NativeMethodAccessorImpl.java:62)
	at sun.reflect.DelegatingMethodAccessorImpl.invoke(DelegatingMethodAccessorImpl.java:43)
	at java.lang.reflect.Method.invoke(Method.java:498)
	at org.junit.platform.commons.util.ReflectionUtils.invokeMethod(ReflectionUtils.java:725)
	at org.junit.jupiter.engine.execution.MethodInvocation.proceed(MethodInvocation.java:60)
	at org.junit.jupiter.engine.execution.InvocationInterceptorChain$ValidatingInvocation.proceed(InvocationInterceptorChain.java:131)
	at org.junit.jupiter.engine.extension.TimeoutInvocation.proceed(TimeoutInvocation.java:46)
	at org.junit.jupiter.engine.extension.TimeoutExtension.intercept(TimeoutExtension.java:149)
	at org.junit.jupiter.engine.extension.TimeoutExtension.interceptTestableMethod(TimeoutExtension.java:140)
	at org.junit.jupiter.engine.extension.TimeoutExtension.interceptTestMethod(TimeoutExtension.java:84)
	at org.junit.jupiter.engine.execution.ExecutableInvoker$ReflectiveInterceptorCall.lambda$ofVoidMethod$0(ExecutableInvoker.java:115)
	at org.junit.jupiter.engine.execution.ExecutableInvoker.lambda$invoke$0(ExecutableInvoker.java:105)
	at org.junit.jupiter.engine.execution.InvocationInterceptorChain$InterceptedInvocation.proceed(InvocationInterceptorChain.java:106)
	at org.junit.jupiter.engine.execution.InvocationInterceptorChain.proceed(InvocationInterceptorChain.java:64)
	at org.junit.jupiter.engine.execution.InvocationInterceptorChain.chainAndInvoke(InvocationInterceptorChain.java:45)
	at org.junit.jupiter.engine.execution.InvocationInterceptorChain.invoke(InvocationInterceptorChain.java:37)
	at org.junit.jupiter.engine.execution.ExecutableInvoker.invoke(ExecutableInvoker.java:104)
	at org.junit.jupiter.engine.execution.ExecutableInvoker.invoke(ExecutableInvoker.java:98)
	at org.junit.jupiter.engine.descriptor.TestMethodTestDescriptor.lambda$invokeTestMethod$7(TestMethodTestDescriptor.java:214)
	at org.junit.platform.engine.support.hierarchical.ThrowableCollector.execute(ThrowableCollector.java:73)
	at org.junit.jupiter.engine.descriptor.TestMethodTestDescriptor.invokeTestMethod(TestMethodTestDescriptor.java:210)
	at org.junit.jupiter.engine.descriptor.TestMethodTestDescriptor.execute(TestMethodTestDescriptor.java:135)
	at org.junit.jupiter.engine.descriptor.TestMethodTestDescriptor.execute(TestMethodTestDescriptor.java:66)
	at org.junit.platform.engine.support.hierarchical.NodeTestTask.lambda$executeRecursively$6(NodeTestTask.java:151)
	at org.junit.platform.engine.support.hierarchical.ThrowableCollector.execute(ThrowableCollector.java:73)
	at org.junit.platform.engine.support.hierarchical.NodeTestTask.lambda$executeRecursively$8(NodeTestTask.java:141)
	at org.junit.platform.engine.support.hierarchical.Node.around(Node.java:137)
	at org.junit.platform.engine.support.hierarchical.NodeTestTask.lambda$executeRecursively$9(NodeTestTask.java:139)
	at org.junit.platform.engine.support.hierarchical.ThrowableCollector.execute(ThrowableCollector.java:73)
	at org.junit.platform.engine.support.hierarchical.NodeTestTask.executeRecursively(NodeTestTask.java:138)
	at org.junit.platform.engine.support.hierarchical.NodeTestTask.execute(NodeTestTask.java:95)
	at java.util.ArrayList.forEach(ArrayList.java:1259)
	at org.junit.platform.engine.support.hierarchical.SameThreadHierarchicalTestExecutorService.invokeAll(SameThreadHierarchicalTestExecutorService.java:41)
	at org.junit.platform.engine.support.hierarchical.NodeTestTask.lambda$executeRecursively$6(NodeTestTask.java:155)
	at org.junit.platform.engine.support.hierarchical.ThrowableCollector.execute(ThrowableCollector.java:73)
	at org.junit.platform.engine.support.hierarchical.NodeTestTask.lambda$executeRecursively$8(NodeTestTask.java:141)
	at org.junit.platform.engine.support.hierarchical.Node.around(Node.java:137)
	at org.junit.platform.engine.support.hierarchical.NodeTestTask.lambda$executeRecursively$9(NodeTestTask.java:139)
	at org.junit.platform.engine.support.hierarchical.ThrowableCollector.execute(ThrowableCollector.java:73)
	at org.junit.platform.engine.support.hierarchical.NodeTestTask.executeRecursively(NodeTestTask.java:138)
	at org.junit.platform.engine.support.hierarchical.NodeTestTask.execute(NodeTestTask.java:95)
	at java.util.ArrayList.forEach(ArrayList.java:1259)
	at org.junit.platform.engine.support.hierarchical.SameThreadHierarchicalTestExecutorService.invokeAll(SameThreadHierarchicalTestExecutorService.java:41)
	at org.junit.platform.engine.support.hierarchical.NodeTestTask.lambda$executeRecursively$6(NodeTestTask.java:155)
	at org.junit.platform.engine.support.hierarchical.ThrowableCollector.execute(ThrowableCollector.java:73)
	at org.junit.platform.engine.support.hierarchical.NodeTestTask.lambda$executeRecursively$8(NodeTestTask.java:141)
	at org.junit.platform.engine.support.hierarchical.Node.around(Node.java:137)
	at org.junit.platform.engine.support.hierarchical.NodeTestTask.lambda$executeRecursively$9(NodeTestTask.java:139)
	at org.junit.platform.engine.support.hierarchical.ThrowableCollector.execute(ThrowableCollector.java:73)
	at org.junit.platform.engine.support.hierarchical.NodeTestTask.executeRecursively(NodeTestTask.java:138)
	at org.junit.platform.engine.support.hierarchical.NodeTestTask.execute(NodeTestTask.java:95)
	at org.junit.platform.engine.support.hierarchical.SameThreadHierarchicalTestExecutorService.submit(SameThreadHierarchicalTestExecutorService.java:35)
	at org.junit.platform.engine.support.hierarchical.HierarchicalTestExecutor.execute(HierarchicalTestExecutor.java:57)
	at org.junit.platform.engine.support.hierarchical.HierarchicalTestEngine.execute(HierarchicalTestEngine.java:54)
	at org.junit.platform.launcher.core.EngineExecutionOrchestrator.execute(EngineExecutionOrchestrator.java:107)
	at org.junit.platform.launcher.core.EngineExecutionOrchestrator.execute(EngineExecutionOrchestrator.java:88)
	at org.junit.platform.launcher.core.EngineExecutionOrchestrator.lambda$execute$0(EngineExecutionOrchestrator.java:54)
	at org.junit.platform.launcher.core.EngineExecutionOrchestrator.withInterceptedStreams(EngineExecutionOrchestrator.java:67)
	at org.junit.platform.launcher.core.EngineExecutionOrchestrator.execute(EngineExecutionOrchestrator.java:52)
	at org.junit.platform.launcher.core.DefaultLauncher.execute(DefaultLauncher.java:114)
	at org.junit.platform.launcher.core.DefaultLauncher.execute(DefaultLauncher.java:86)
	at org.junit.platform.launcher.core.DefaultLauncherSession$DelegatingLauncher.execute(DefaultLauncherSession.java:86)
	at org.junit.platform.launcher.core.SessionPerRequestLauncher.execute(SessionPerRequestLauncher.java:53)
	at org.apache.maven.surefire.junitplatform.JUnitPlatformProvider.execute(JUnitPlatformProvider.java:188)
	at org.apache.maven.surefire.junitplatform.JUnitPlatformProvider.invokeAllTests(JUnitPlatformProvider.java:154)
	at org.apache.maven.surefire.junitplatform.JUnitPlatformProvider.invoke(JUnitPlatformProvider.java:124)
	at org.apache.maven.surefire.booter.ForkedBooter.runSuitesInProcess(ForkedBooter.java:428)
	at org.apache.maven.surefire.booter.ForkedBooter.execute(ForkedBooter.java:162)
	at org.apache.maven.surefire.booter.ForkedBooter.run(ForkedBooter.java:562)
	at org.apache.maven.surefire.booter.ForkedBooter.main(ForkedBooter.java:548)
]]></failure>
    <system-out><![CDATA[2023-03-09 14:57:51,300 [main] WARN  server.ServerUtils (ServerUtils.java:getScmDbDir(148)) - ozone.scm.db.dirs is not configured. We recommend adding this setting. Falling back to ozone.metadata.dirs instead.
2023-03-09 14:57:51,324 [main] INFO  ha.SCMHANodeDetails (SCMHANodeDetails.java:loadSCMHAConfig(209)) - ServiceID for StorageContainerManager is scmServiceId
2023-03-09 14:57:51,334 [main] INFO  ha.SCMHANodeDetails (SCMHANodeDetails.java:loadSCMHAConfig(220)) - ServiceID for StorageContainerManager is scmServiceId
2023-03-09 14:57:51,394 [main] INFO  ha.SCMHANodeDetails (SCMHANodeDetails.java:loadSCMHAConfig(307)) - Found matching SCM address with SCMServiceId: scmServiceId, SCMNodeId: scmNode-1, RPC Address: localhost:38101 and Ratis port: 38101
2023-03-09 14:57:51,395 [main] INFO  ha.SCMHANodeDetails (ConfUtils.java:setNodeSpecificConfigs(97)) - Setting configuration key ozone.scm.datanode.address with value of key ozone.scm.datanode.address.scmServiceId.scmNode-1: 127.0.0.1:42633
2023-03-09 14:57:51,396 [main] INFO  ha.SCMHANodeDetails (ConfUtils.java:setNodeSpecificConfigs(97)) - Setting configuration key ozone.scm.block.client.address with value of key ozone.scm.block.client.address.scmServiceId.scmNode-1: 127.0.0.1:43203
2023-03-09 14:57:51,396 [main] INFO  ha.SCMHANodeDetails (ConfUtils.java:setNodeSpecificConfigs(97)) - Setting configuration key ozone.scm.client.address with value of key ozone.scm.client.address.scmServiceId.scmNode-1: 127.0.0.1:42711
2023-03-09 14:57:51,396 [main] INFO  ha.SCMHANodeDetails (ConfUtils.java:setNodeSpecificConfigs(97)) - Setting configuration key ozone.scm.ratis.port with value of key ozone.scm.ratis.port.scmServiceId.scmNode-1: 38101
2023-03-09 14:57:51,397 [main] INFO  ha.SCMHANodeDetails (ConfUtils.java:setNodeSpecificConfigs(97)) - Setting configuration key ozone.scm.grpc.port with value of key ozone.scm.grpc.port.scmServiceId.scmNode-1: 44513
2023-03-09 14:57:51,397 [main] INFO  ha.SCMHANodeDetails (ConfUtils.java:setNodeSpecificConfigs(97)) - Setting configuration key ozone.scm.http-address with value of key ozone.scm.http-address.scmServiceId.scmNode-1: 127.0.0.1:43683
2023-03-09 14:57:51,397 [main] INFO  ha.SCMHANodeDetails (ConfUtils.java:setNodeSpecificConfigs(97)) - Setting configuration key ozone.scm.https-address with value of key ozone.scm.https-address.scmServiceId.scmNode-1: 127.0.0.1:41691
2023-03-09 14:57:51,398 [main] INFO  ha.SCMHANodeDetails (ConfUtils.java:setNodeSpecificConfigs(97)) - Setting configuration key ozone.scm.address with value of key ozone.scm.address.scmServiceId.scmNode-1: 127.0.0.1
2023-03-09 14:57:51,434 [main] WARN  scm.ScmUtils (ScmUtils.java:logWarn(190)) - ConfigKey ozone.scm.block.client.address is deprecated, For configuring different ports for each SCM use PortConfigKey ozone.scm.block.client.port appended with serviceId and nodeId. If want to configure same port configure ozone.scm.block.client.port
2023-03-09 14:57:51,435 [main] WARN  scm.ScmUtils (ScmUtils.java:logWarn(190)) - ConfigKey ozone.scm.client.address is deprecated, For configuring different ports for each SCM use PortConfigKey ozone.scm.client.port appended with serviceId and nodeId. If want to configure same port configure ozone.scm.client.port
2023-03-09 14:57:51,436 [main] WARN  scm.ScmUtils (ScmUtils.java:logWarn(190)) - ConfigKey ozone.scm.datanode.address is deprecated, For configuring different ports for each SCM use PortConfigKey ozone.scm.datanode.port appended with serviceId and nodeId. If want to configure same port configure ozone.scm.datanode.port
2023-03-09 14:57:51,551 [main] INFO  server.RaftServer (ConfUtils.java:logGet(46)) - raft.rpc.type = GRPC (default)
2023-03-09 14:57:51,623 [main] INFO  grpc.GrpcConfigKeys (ConfUtils.java:logFallback(53)) - raft.grpc.admin.host = null (fallback to raft.grpc.server.host)
2023-03-09 14:57:51,625 [main] INFO  grpc.GrpcConfigKeys (ConfUtils.java:logFallback(53)) - raft.grpc.admin.port = 38101 (fallback to raft.grpc.server.port)
2023-03-09 14:57:51,625 [main] INFO  grpc.GrpcConfigKeys (ConfUtils.java:logFallback(53)) - raft.grpc.client.host = null (fallback to raft.grpc.server.host)
2023-03-09 14:57:51,626 [main] INFO  grpc.GrpcConfigKeys (ConfUtils.java:logFallback(53)) - raft.grpc.client.port = 38101 (fallback to raft.grpc.server.port)
2023-03-09 14:57:51,627 [main] INFO  grpc.GrpcConfigKeys (ConfUtils.java:logGet(46)) - raft.grpc.server.host = null (default)
2023-03-09 14:57:51,627 [main] INFO  grpc.GrpcConfigKeys (ConfUtils.java:logGet(46)) - raft.grpc.server.port = 38101 (custom)
2023-03-09 14:57:51,628 [main] INFO  server.GrpcService (ConfUtils.java:logGet(46)) - raft.grpc.message.size.max = 32m (=33554432) (custom)
2023-03-09 14:57:51,629 [main] INFO  server.RaftServerConfigKeys (ConfUtils.java:logGet(46)) - raft.server.log.appender.buffer.byte-limit = 33554432 (custom)
2023-03-09 14:57:51,630 [main] INFO  server.GrpcService (ConfUtils.java:logGet(46)) - raft.grpc.flow.control.window = 1MB (=1048576) (default)
2023-03-09 14:57:51,631 [main] INFO  server.RaftServerConfigKeys (ConfUtils.java:logGet(46)) - raft.server.rpc.request.timeout = 30000ms (custom)
2023-03-09 14:57:51,713 [main] INFO  grpc.GrpcConfigKeys (ConfUtils.java:logGet(46)) - raft.grpc.server.heartbeat.channel = true (default)
2023-03-09 14:57:51,717 [main] INFO  grpc.GrpcConfigKeys (ConfUtils.java:logGet(46)) - raft.grpc.server.async.request.thread.pool.cached = true (default)
2023-03-09 14:57:51,718 [main] INFO  grpc.GrpcConfigKeys (ConfUtils.java:logGet(46)) - raft.grpc.server.async.request.thread.pool.size = 32 (default)
2023-03-09 14:57:51,956 [main] INFO  impl.DataStreamServerImpl (ConfUtils.java:logGet(46)) - raft.datastream.type = DISABLED (default)
2023-03-09 14:57:51,959 [main] INFO  server.RaftServerConfigKeys (ConfUtils.java:logGet(46)) - raft.server.threadpool.proxy.cached = true (default)
2023-03-09 14:57:51,960 [main] INFO  server.RaftServerConfigKeys (ConfUtils.java:logGet(46)) - raft.server.threadpool.proxy.size = 0 (default)
2023-03-09 14:57:51,962 [main] INFO  server.RaftServerConfigKeys (ConfUtils.java:logGet(46)) - raft.server.rpc.slowness.timeout = 120000ms (custom)
2023-03-09 14:57:51,962 [main] INFO  server.RaftServerConfigKeys (ConfUtils.java:logGet(46)) - raft.server.leaderelection.leader.step-down.wait-time = 10s (default)
2023-03-09 14:57:51,965 [main] INFO  server.RaftServerConfigKeys (ConfUtils.java:logGet(46)) - raft.server.storage.dir = [/home/runner/work/ozone/ozone/hadoop-ozone/integration-test/target/test-dir/MiniOzoneClusterImpl-e86c7e49-e04f-4606-8b16-8d18ad715950/scmNode-1/scm-ha] (custom)
2023-03-09 14:57:51,974 [main] INFO  server.RaftServer (RaftServerProxy.java:addNew(96)) - 32163878-e8f2-41cf-b327-23a994648d98: addNew group-8D18AD715950:[32163878-e8f2-41cf-b327-23a994648d98|rpc:localhost:38101|priority:0|startupRole:FOLLOWER] returns group-8D18AD715950:java.util.concurrent.CompletableFuture@58472096[Not completed]
2023-03-09 14:57:51,995 [pool-2-thread-1] INFO  server.RaftServer$Division (RaftServerImpl.java:<init>(195)) - 32163878-e8f2-41cf-b327-23a994648d98: new RaftServerImpl for group-8D18AD715950:[32163878-e8f2-41cf-b327-23a994648d98|rpc:localhost:38101|priority:0|startupRole:FOLLOWER] with SCMStateMachine:uninitialized
2023-03-09 14:57:51,997 [pool-2-thread-1] INFO  server.RaftServerConfigKeys (ConfUtils.java:logGet(46)) - raft.server.rpc.timeout.min = 5000ms (custom)
2023-03-09 14:57:51,997 [pool-2-thread-1] INFO  server.RaftServerConfigKeys (ConfUtils.java:logGet(46)) - raft.server.rpc.timeout.max = 5200ms (custom)
2023-03-09 14:57:51,998 [pool-2-thread-1] INFO  server.RaftServerConfigKeys (ConfUtils.java:logGet(46)) - raft.server.rpc.sleep.time = 25ms (default)
2023-03-09 14:57:51,998 [pool-2-thread-1] INFO  server.RaftServerConfigKeys (ConfUtils.java:logGet(46)) - raft.server.rpc.slowness.timeout = 120000ms (custom)
2023-03-09 14:57:51,998 [pool-2-thread-1] INFO  server.RaftServerConfigKeys (ConfUtils.java:logGet(46)) - raft.server.leaderelection.leader.step-down.wait-time = 10s (default)
2023-03-09 14:57:51,999 [pool-2-thread-1] INFO  server.RaftServerConfigKeys (ConfUtils.java:logGet(46)) - raft.server.sleep.deviation.threshold = 300ms (default)
2023-03-09 14:57:52,005 [pool-2-thread-1] INFO  server.RaftServer$Division (ServerState.java:<init>(118)) - 32163878-e8f2-41cf-b327-23a994648d98@group-8D18AD715950: ConfigurationManager, init=-1: peers:[32163878-e8f2-41cf-b327-23a994648d98|rpc:localhost:38101|priority:0|startupRole:FOLLOWER]|listeners:[], old=null, confs=<EMPTY_MAP>
2023-03-09 14:57:52,006 [pool-2-thread-1] INFO  server.RaftServerConfigKeys (ConfUtils.java:logGet(46)) - raft.server.storage.dir = [/home/runner/work/ozone/ozone/hadoop-ozone/integration-test/target/test-dir/MiniOzoneClusterImpl-e86c7e49-e04f-4606-8b16-8d18ad715950/scmNode-1/scm-ha] (custom)
2023-03-09 14:57:52,015 [pool-2-thread-1] INFO  server.RaftServerConfigKeys (ConfUtils.java:logGet(46)) - raft.server.log.corruption.policy = EXCEPTION (default)
2023-03-09 14:57:52,016 [pool-2-thread-1] INFO  server.RaftServerConfigKeys (ConfUtils.java:logGet(46)) - raft.server.storage.free-space.min = 0MB (=0) (default)
2023-03-09 14:57:52,024 [pool-2-thread-1] INFO  server.RaftServerConfigKeys (ConfUtils.java:logGet(46)) - raft.server.notification.no-leader.timeout = 60s (default)
2023-03-09 14:57:52,027 [pool-2-thread-1] INFO  server.RaftServerConfigKeys (ConfUtils.java:logGet(46)) - raft.server.retrycache.expirytime = 60000ms (default)
2023-03-09 14:57:52,027 [pool-2-thread-1] INFO  server.RaftServerConfigKeys (ConfUtils.java:logGet(46)) - raft.server.retrycache.statistics.expirytime = 100μs (default)
2023-03-09 14:57:52,065 [pool-2-thread-1] INFO  metrics.MetricRegistries (MetricRegistriesLoader.java:load(64)) - Loaded MetricRegistries class org.apache.ratis.metrics.impl.MetricRegistriesImpl
2023-03-09 14:57:52,175 [pool-2-thread-1] INFO  server.RaftServerConfigKeys (ConfUtils.java:logGet(46)) - raft.server.log.appender.install.snapshot.enabled = false (custom)
2023-03-09 14:57:52,176 [pool-2-thread-1] INFO  server.RaftServerConfigKeys (ConfUtils.java:logGet(46)) - raft.server.threadpool.server.cached = true (default)
2023-03-09 14:57:52,178 [pool-2-thread-1] INFO  server.RaftServerConfigKeys (ConfUtils.java:logGet(46)) - raft.server.threadpool.server.size = 0 (default)
2023-03-09 14:57:52,179 [pool-2-thread-1] INFO  server.RaftServerConfigKeys (ConfUtils.java:logGet(46)) - raft.server.threadpool.client.cached = true (default)
2023-03-09 14:57:52,179 [pool-2-thread-1] INFO  server.RaftServerConfigKeys (ConfUtils.java:logGet(46)) - raft.server.threadpool.client.size = 0 (default)
2023-03-09 14:57:52,180 [32163878-e8f2-41cf-b327-23a994648d98-impl-thread1] INFO  storage.RaftStorageDirectory (RaftStorageDirectoryImpl.java:analyzeStorage(137)) - The storage directory /home/runner/work/ozone/ozone/hadoop-ozone/integration-test/target/test-dir/MiniOzoneClusterImpl-e86c7e49-e04f-4606-8b16-8d18ad715950/scmNode-1/scm-ha/e86c7e49-e04f-4606-8b16-8d18ad715950 does not exist. Creating ...
2023-03-09 14:57:52,185 [32163878-e8f2-41cf-b327-23a994648d98-impl-thread1] INFO  storage.RaftStorageDirectory (RaftStorageDirectoryImpl.java:tryLock(231)) - Lock on /home/runner/work/ozone/ozone/hadoop-ozone/integration-test/target/test-dir/MiniOzoneClusterImpl-e86c7e49-e04f-4606-8b16-8d18ad715950/scmNode-1/scm-ha/e86c7e49-e04f-4606-8b16-8d18ad715950/in_use.lock acquired by nodename 57158@fv-az377-502
2023-03-09 14:57:52,191 [32163878-e8f2-41cf-b327-23a994648d98-impl-thread1] INFO  storage.RaftStorage (RaftStorageImpl.java:format(96)) - Storage directory /home/runner/work/ozone/ozone/hadoop-ozone/integration-test/target/test-dir/MiniOzoneClusterImpl-e86c7e49-e04f-4606-8b16-8d18ad715950/scmNode-1/scm-ha/e86c7e49-e04f-4606-8b16-8d18ad715950 has been successfully formatted.
2023-03-09 14:57:52,194 [32163878-e8f2-41cf-b327-23a994648d98-impl-thread1] INFO  server.RaftServerConfigKeys (ConfUtils.java:logGet(46)) - raft.server.log.use.memory = false (default)
2023-03-09 14:57:52,203 [32163878-e8f2-41cf-b327-23a994648d98-impl-thread1] INFO  server.RaftServerConfigKeys (ConfUtils.java:logGet(46)) - raft.server.log.purge.gap = 1000000 (custom)
2023-03-09 14:57:52,204 [32163878-e8f2-41cf-b327-23a994648d98-impl-thread1] INFO  server.RaftServerConfigKeys (ConfUtils.java:logGet(46)) - raft.server.log.appender.buffer.byte-limit = 33554432 (custom)
2023-03-09 14:57:52,206 [32163878-e8f2-41cf-b327-23a994648d98-impl-thread1] INFO  server.RaftServerConfigKeys (ConfUtils.java:logGet(46)) - raft.server.log.statemachine.data.read.timeout = 1000ms (default)
2023-03-09 14:57:52,207 [32163878-e8f2-41cf-b327-23a994648d98-impl-thread1] INFO  server.RaftServerConfigKeys (ConfUtils.java:logGet(46)) - raft.server.log.purge.preservation.log.num = 0 (default)
2023-03-09 14:57:52,210 [32163878-e8f2-41cf-b327-23a994648d98-impl-thread1] INFO  server.RaftServerConfigKeys (ConfUtils.java:logGet(46)) - raft.server.log.segment.size.max = 4194304 (custom)
2023-03-09 14:57:52,215 [32163878-e8f2-41cf-b327-23a994648d98-impl-thread1] INFO  server.RaftServerConfigKeys (ConfUtils.java:logGet(46)) - raft.server.log.segment.cache.num.max = 2 (custom)
2023-03-09 14:57:52,216 [32163878-e8f2-41cf-b327-23a994648d98-impl-thread1] INFO  server.RaftServerConfigKeys (ConfUtils.java:logGet(46)) - raft.server.log.segment.cache.size.max = 200MB (=209715200) (default)
2023-03-09 14:57:52,223 [32163878-e8f2-41cf-b327-23a994648d98-impl-thread1] INFO  segmented.SegmentedRaftLogWorker (SegmentedRaftLogWorker.java:<init>(189)) - new 32163878-e8f2-41cf-b327-23a994648d98@group-8D18AD715950-SegmentedRaftLogWorker for RaftStorageImpl:Storage Directory /home/runner/work/ozone/ozone/hadoop-ozone/integration-test/target/test-dir/MiniOzoneClusterImpl-e86c7e49-e04f-4606-8b16-8d18ad715950/scmNode-1/scm-ha/e86c7e49-e04f-4606-8b16-8d18ad715950
2023-03-09 14:57:52,223 [32163878-e8f2-41cf-b327-23a994648d98-impl-thread1] INFO  server.RaftServerConfigKeys (ConfUtils.java:logGet(46)) - raft.server.log.queue.byte-limit = 64MB (=67108864) (default)
2023-03-09 14:57:52,225 [32163878-e8f2-41cf-b327-23a994648d98-impl-thread1] INFO  server.RaftServerConfigKeys (ConfUtils.java:logGet(46)) - raft.server.log.queue.element-limit = 4096 (default)
2023-03-09 14:57:52,226 [32163878-e8f2-41cf-b327-23a994648d98-impl-thread1] INFO  server.RaftServerConfigKeys (ConfUtils.java:logGet(46)) - raft.server.log.segment.size.max = 4194304 (custom)
2023-03-09 14:57:52,226 [32163878-e8f2-41cf-b327-23a994648d98-impl-thread1] INFO  server.RaftServerConfigKeys (ConfUtils.java:logGet(46)) - raft.server.log.preallocated.size = 4194304 (custom)
2023-03-09 14:57:52,227 [32163878-e8f2-41cf-b327-23a994648d98-impl-thread1] INFO  server.RaftServerConfigKeys (ConfUtils.java:logGet(46)) - raft.server.log.force.sync.num = 128 (default)
2023-03-09 14:57:52,229 [32163878-e8f2-41cf-b327-23a994648d98-impl-thread1] INFO  server.RaftServerConfigKeys (ConfUtils.java:logGet(46)) - raft.server.log.statemachine.data.sync = true (default)
2023-03-09 14:57:52,229 [32163878-e8f2-41cf-b327-23a994648d98-impl-thread1] INFO  server.RaftServerConfigKeys (ConfUtils.java:logGet(46)) - raft.server.log.statemachine.data.sync.timeout = 10s (default)
2023-03-09 14:57:52,229 [32163878-e8f2-41cf-b327-23a994648d98-impl-thread1] INFO  server.RaftServerConfigKeys (ConfUtils.java:logGet(46)) - raft.server.log.statemachine.data.sync.timeout.retry = -1 (default)
2023-03-09 14:57:52,241 [32163878-e8f2-41cf-b327-23a994648d98-impl-thread1] INFO  server.RaftServerConfigKeys (ConfUtils.java:logGet(46)) - raft.server.log.write.buffer.size = 64KB (=65536) (default)
2023-03-09 14:57:52,242 [32163878-e8f2-41cf-b327-23a994648d98-impl-thread1] INFO  server.RaftServerConfigKeys (ConfUtils.java:logGet(46)) - raft.server.log.appender.buffer.byte-limit = 33554432 (custom)
2023-03-09 14:57:52,255 [32163878-e8f2-41cf-b327-23a994648d98-impl-thread1] INFO  server.RaftServerConfigKeys (ConfUtils.java:logGet(46)) - raft.server.log.unsafe-flush.enabled = false (default)
2023-03-09 14:57:52,258 [32163878-e8f2-41cf-b327-23a994648d98-impl-thread1] INFO  server.RaftServerConfigKeys (ConfUtils.java:logGet(46)) - raft.server.log.async-flush.enabled = false (default)
2023-03-09 14:57:52,258 [32163878-e8f2-41cf-b327-23a994648d98-impl-thread1] INFO  server.RaftServerConfigKeys (ConfUtils.java:logGet(46)) - raft.server.log.statemachine.data.caching.enabled = false (default)
2023-03-09 14:57:52,268 [32163878-e8f2-41cf-b327-23a994648d98-impl-thread1] INFO  segmented.SegmentedRaftLogWorker (SegmentedRaftLogWorker.java:lambda$new$0(135)) - 32163878-e8f2-41cf-b327-23a994648d98@group-8D18AD715950-SegmentedRaftLogWorker: flushIndex: setUnconditionally 0 -> -1
2023-03-09 14:57:52,271 [32163878-e8f2-41cf-b327-23a994648d98-impl-thread1] INFO  segmented.SegmentedRaftLogWorker (SegmentedRaftLogWorker.java:lambda$new$0(135)) - 32163878-e8f2-41cf-b327-23a994648d98@group-8D18AD715950-SegmentedRaftLogWorker: safeCacheEvictIndex: setUnconditionally 0 -> -1
2023-03-09 14:57:52,272 [32163878-e8f2-41cf-b327-23a994648d98-impl-thread1] INFO  server.RaftServer$Division (RaftServerImpl.java:start(334)) - 32163878-e8f2-41cf-b327-23a994648d98@group-8D18AD715950: start as a follower, conf=-1: peers:[32163878-e8f2-41cf-b327-23a994648d98|rpc:localhost:38101|priority:0|startupRole:FOLLOWER]|listeners:[], old=null
2023-03-09 14:57:52,273 [32163878-e8f2-41cf-b327-23a994648d98-impl-thread1] INFO  server.RaftServer$Division (RaftServerImpl.java:setRole(321)) - 32163878-e8f2-41cf-b327-23a994648d98@group-8D18AD715950: changes role from      null to FOLLOWER at term 0 for startAsFollower
2023-03-09 14:57:52,274 [32163878-e8f2-41cf-b327-23a994648d98-impl-thread1] INFO  impl.RoleInfo (RoleInfo.java:updateAndGet(139)) - 32163878-e8f2-41cf-b327-23a994648d98: start 32163878-e8f2-41cf-b327-23a994648d98@group-8D18AD715950-FollowerState
2023-03-09 14:57:52,277 [32163878-e8f2-41cf-b327-23a994648d98-impl-thread1] INFO  util.JmxRegister (JmxRegister.java:tryRegister(44)) - Successfully registered JMX Bean with object name Ratis:service=RaftServer,group=group-8D18AD715950,id=32163878-e8f2-41cf-b327-23a994648d98
2023-03-09 14:57:52,279 [32163878-e8f2-41cf-b327-23a994648d98-impl-thread1] INFO  server.RaftServerConfigKeys (ConfUtils.java:logGet(46)) - raft.server.snapshot.auto.trigger.enabled = true (custom)
2023-03-09 14:57:52,279 [32163878-e8f2-41cf-b327-23a994648d98-impl-thread1] INFO  server.RaftServerConfigKeys (ConfUtils.java:logGet(46)) - raft.server.snapshot.auto.trigger.threshold = 1000 (custom)
2023-03-09 14:57:52,280 [32163878-e8f2-41cf-b327-23a994648d98-impl-thread1] INFO  server.RaftServerConfigKeys (ConfUtils.java:logGet(46)) - raft.server.snapshot.retention.file.num = -1 (default)
2023-03-09 14:57:52,280 [32163878-e8f2-41cf-b327-23a994648d98-impl-thread1] INFO  server.RaftServerConfigKeys (ConfUtils.java:logGet(46)) - raft.server.log.purge.upto.snapshot.index = false (default)
2023-03-09 14:57:52,286 [32163878-e8f2-41cf-b327-23a994648d98@group-8D18AD715950-FollowerState] INFO  server.RaftServerConfigKeys (ConfUtils.java:logFallback(53)) - raft.server.rpc.first-election.timeout.min = 5000ms (fallback to raft.server.rpc.timeout.min)
2023-03-09 14:57:52,286 [32163878-e8f2-41cf-b327-23a994648d98@group-8D18AD715950-FollowerState] INFO  server.RaftServerConfigKeys (ConfUtils.java:logFallback(53)) - raft.server.rpc.first-election.timeout.max = 5200ms (fallback to raft.server.rpc.timeout.max)
2023-03-09 14:57:52,287 [main] INFO  server.RaftServer (RaftServerProxy.java:startImpl(393)) - 32163878-e8f2-41cf-b327-23a994648d98: start RPC server
2023-03-09 14:57:52,344 [main] INFO  server.GrpcService (GrpcService.java:startImpl(262)) - 32163878-e8f2-41cf-b327-23a994648d98: GrpcService started, listening on 38101
2023-03-09 14:57:52,347 [JvmPauseMonitor0] INFO  util.JvmPauseMonitor (JvmPauseMonitor.java:run(105)) - JvmPauseMonitor-32163878-e8f2-41cf-b327-23a994648d98: Started
2023-03-09 14:57:57,301 [32163878-e8f2-41cf-b327-23a994648d98@group-8D18AD715950-FollowerState] INFO  impl.FollowerState (FollowerState.java:run(143)) - 32163878-e8f2-41cf-b327-23a994648d98@group-8D18AD715950-FollowerState: change to CANDIDATE, lastRpcElapsedTime:5027233424ns, electionTimeout:5013ms
2023-03-09 14:57:57,303 [32163878-e8f2-41cf-b327-23a994648d98@group-8D18AD715950-FollowerState] INFO  impl.RoleInfo (RoleInfo.java:shutdownFollowerState(110)) - 32163878-e8f2-41cf-b327-23a994648d98: shutdown 32163878-e8f2-41cf-b327-23a994648d98@group-8D18AD715950-FollowerState
2023-03-09 14:57:57,303 [32163878-e8f2-41cf-b327-23a994648d98@group-8D18AD715950-FollowerState] INFO  server.RaftServer$Division (RaftServerImpl.java:setRole(321)) - 32163878-e8f2-41cf-b327-23a994648d98@group-8D18AD715950: changes role from  FOLLOWER to CANDIDATE at term 0 for changeToCandidate
2023-03-09 14:57:57,306 [32163878-e8f2-41cf-b327-23a994648d98@group-8D18AD715950-FollowerState] INFO  server.RaftServerConfigKeys (ConfUtils.java:logGet(46)) - raft.server.leaderelection.pre-vote = true (default)
2023-03-09 14:57:57,306 [32163878-e8f2-41cf-b327-23a994648d98@group-8D18AD715950-FollowerState] INFO  impl.RoleInfo (RoleInfo.java:updateAndGet(139)) - 32163878-e8f2-41cf-b327-23a994648d98: start 32163878-e8f2-41cf-b327-23a994648d98@group-8D18AD715950-LeaderElection1
2023-03-09 14:57:57,376 [32163878-e8f2-41cf-b327-23a994648d98@group-8D18AD715950-LeaderElection1] INFO  impl.LeaderElection (LeaderElection.java:askForVotes(312)) - 32163878-e8f2-41cf-b327-23a994648d98@group-8D18AD715950-LeaderElection1 PRE_VOTE round 0: submit vote requests at term 0 for -1: peers:[32163878-e8f2-41cf-b327-23a994648d98|rpc:localhost:38101|priority:0|startupRole:FOLLOWER]|listeners:[], old=null
2023-03-09 14:57:57,377 [32163878-e8f2-41cf-b327-23a994648d98@group-8D18AD715950-LeaderElection1] INFO  impl.LeaderElection (LeaderElection.java:askForVotes(314)) - 32163878-e8f2-41cf-b327-23a994648d98@group-8D18AD715950-LeaderElection1 PRE_VOTE round 0: result PASSED (term=0)
2023-03-09 14:57:57,379 [32163878-e8f2-41cf-b327-23a994648d98@group-8D18AD715950-LeaderElection1] INFO  impl.LeaderElection (LeaderElection.java:askForVotes(312)) - 32163878-e8f2-41cf-b327-23a994648d98@group-8D18AD715950-LeaderElection1 ELECTION round 0: submit vote requests at term 1 for -1: peers:[32163878-e8f2-41cf-b327-23a994648d98|rpc:localhost:38101|priority:0|startupRole:FOLLOWER]|listeners:[], old=null
2023-03-09 14:57:57,379 [32163878-e8f2-41cf-b327-23a994648d98@group-8D18AD715950-LeaderElection1] INFO  impl.LeaderElection (LeaderElection.java:askForVotes(314)) - 32163878-e8f2-41cf-b327-23a994648d98@group-8D18AD715950-LeaderElection1 ELECTION round 0: result PASSED (term=1)
2023-03-09 14:57:57,380 [32163878-e8f2-41cf-b327-23a994648d98@group-8D18AD715950-LeaderElection1] INFO  impl.RoleInfo (RoleInfo.java:shutdownLeaderElection(130)) - 32163878-e8f2-41cf-b327-23a994648d98: shutdown 32163878-e8f2-41cf-b327-23a994648d98@group-8D18AD715950-LeaderElection1
2023-03-09 14:57:57,381 [32163878-e8f2-41cf-b327-23a994648d98@group-8D18AD715950-LeaderElection1] INFO  server.RaftServer$Division (RaftServerImpl.java:setRole(321)) - 32163878-e8f2-41cf-b327-23a994648d98@group-8D18AD715950: changes role from CANDIDATE to LEADER at term 1 for changeToLeader
2023-03-09 14:57:57,381 [32163878-e8f2-41cf-b327-23a994648d98@group-8D18AD715950-LeaderElection1] INFO  server.RaftServer$Division (ServerState.java:setLeader(313)) - 32163878-e8f2-41cf-b327-23a994648d98@group-8D18AD715950: change Leader from null to 32163878-e8f2-41cf-b327-23a994648d98 at term 1 for becomeLeader, leader elected after 5357ms
2023-03-09 14:57:57,387 [32163878-e8f2-41cf-b327-23a994648d98@group-8D18AD715950-LeaderElection1] INFO  server.RaftServerConfigKeys (ConfUtils.java:logGet(46)) - raft.server.staging.catchup.gap = 1000 (default)
2023-03-09 14:57:57,392 [32163878-e8f2-41cf-b327-23a994648d98@group-8D18AD715950-LeaderElection1] INFO  server.RaftServerConfigKeys (ConfUtils.java:logGet(46)) - raft.server.write.element-limit = 4096 (default)
2023-03-09 14:57:57,393 [32163878-e8f2-41cf-b327-23a994648d98@group-8D18AD715950-LeaderElection1] INFO  server.RaftServerConfigKeys (ConfUtils.java:logGet(46)) - raft.server.write.byte-limit = 64MB (=67108864) (default)
2023-03-09 14:57:57,400 [32163878-e8f2-41cf-b327-23a994648d98@group-8D18AD715950-LeaderElection1] INFO  server.RaftServerConfigKeys (ConfUtils.java:logGet(46)) - raft.server.watch.timeout = 10s (default)
2023-03-09 14:57:57,400 [32163878-e8f2-41cf-b327-23a994648d98@group-8D18AD715950-LeaderElection1] INFO  server.RaftServerConfigKeys (ConfUtils.java:logGet(46)) - raft.server.watch.timeout.denomination = 1s (default)
2023-03-09 14:57:57,402 [32163878-e8f2-41cf-b327-23a994648d98@group-8D18AD715950-LeaderElection1] INFO  server.RaftServerConfigKeys (ConfUtils.java:logGet(46)) - raft.server.watch.element-limit = 65536 (default)
2023-03-09 14:57:57,408 [32163878-e8f2-41cf-b327-23a994648d98@group-8D18AD715950-LeaderElection1] INFO  server.RaftServerConfigKeys (ConfUtils.java:logGet(46)) - raft.server.write.element-limit = 4096 (default)
2023-03-09 14:57:57,411 [32163878-e8f2-41cf-b327-23a994648d98@group-8D18AD715950-LeaderElection1] INFO  server.RaftServerConfigKeys (ConfUtils.java:logGet(46)) - raft.server.write.follower.gap.ratio.max = -1.0 (default)
2023-03-09 14:57:57,415 [32163878-e8f2-41cf-b327-23a994648d98@group-8D18AD715950-LeaderElection1] INFO  impl.RoleInfo (RoleInfo.java:updateAndGet(139)) - 32163878-e8f2-41cf-b327-23a994648d98: start 32163878-e8f2-41cf-b327-23a994648d98@group-8D18AD715950-LeaderStateImpl
2023-03-09 14:57:57,436 [32163878-e8f2-41cf-b327-23a994648d98@group-8D18AD715950-LeaderElection1] INFO  segmented.SegmentedRaftLogWorker (SegmentedRaftLogWorker.java:startLogSegment(452)) - 32163878-e8f2-41cf-b327-23a994648d98@group-8D18AD715950-SegmentedRaftLogWorker: Starting segment from index:0
2023-03-09 14:57:57,474 [32163878-e8f2-41cf-b327-23a994648d98@group-8D18AD715950-LeaderElection1] INFO  server.RaftServer$Division (ServerState.java:setRaftConf(430)) - 32163878-e8f2-41cf-b327-23a994648d98@group-8D18AD715950: set configuration 0: peers:[32163878-e8f2-41cf-b327-23a994648d98|rpc:localhost:38101|admin:|client:|dataStream:|priority:0|startupRole:FOLLOWER]|listeners:[], old=null
2023-03-09 14:57:57,539 [32163878-e8f2-41cf-b327-23a994648d98@group-8D18AD715950-SegmentedRaftLogWorker] INFO  segmented.SegmentedRaftLogWorker (SegmentedRaftLogWorker.java:execute(656)) - 32163878-e8f2-41cf-b327-23a994648d98@group-8D18AD715950-SegmentedRaftLogWorker: created new log segment /home/runner/work/ozone/ozone/hadoop-ozone/integration-test/target/test-dir/MiniOzoneClusterImpl-e86c7e49-e04f-4606-8b16-8d18ad715950/scmNode-1/scm-ha/e86c7e49-e04f-4606-8b16-8d18ad715950/current/log_inprogress_0
2023-03-09 14:57:58,349 [main] INFO  server.RaftServer (RaftServerProxy.java:lambda$close$6(409)) - 32163878-e8f2-41cf-b327-23a994648d98: close
2023-03-09 14:57:58,350 [main] INFO  server.GrpcService (GrpcService.java:closeImpl(271)) - 32163878-e8f2-41cf-b327-23a994648d98: shutdown server GrpcServerProtocolService now
2023-03-09 14:57:58,350 [32163878-e8f2-41cf-b327-23a994648d98-impl-thread1] INFO  server.RaftServer$Division (RaftServerImpl.java:lambda$close$4(458)) - 32163878-e8f2-41cf-b327-23a994648d98@group-8D18AD715950: shutdown
2023-03-09 14:57:58,351 [32163878-e8f2-41cf-b327-23a994648d98-impl-thread1] INFO  util.JmxRegister (JmxRegister.java:unregister(73)) - Successfully un-registered JMX Bean with object name Ratis:service=RaftServer,group=group-8D18AD715950,id=32163878-e8f2-41cf-b327-23a994648d98
2023-03-09 14:57:58,351 [32163878-e8f2-41cf-b327-23a994648d98-impl-thread1] INFO  impl.RoleInfo (RoleInfo.java:shutdownLeaderState(93)) - 32163878-e8f2-41cf-b327-23a994648d98: shutdown 32163878-e8f2-41cf-b327-23a994648d98@group-8D18AD715950-LeaderStateImpl
2023-03-09 14:57:58,356 [32163878-e8f2-41cf-b327-23a994648d98-impl-thread1] INFO  impl.PendingRequests (PendingRequests.java:sendNotLeaderResponses(282)) - 32163878-e8f2-41cf-b327-23a994648d98@group-8D18AD715950-PendingRequests: sendNotLeaderResponses
2023-03-09 14:57:58,358 [32163878-e8f2-41cf-b327-23a994648d98-impl-thread1] INFO  impl.StateMachineUpdater (StateMachineUpdater.java:stopAndJoin(153)) - 32163878-e8f2-41cf-b327-23a994648d98@group-8D18AD715950-StateMachineUpdater: set stopIndex = 0
2023-03-09 14:57:58,360 [32163878-e8f2-41cf-b327-23a994648d98@group-8D18AD715950-StateMachineUpdater] INFO  impl.StateMachineUpdater (StateMachineUpdater.java:takeSnapshot(287)) - 32163878-e8f2-41cf-b327-23a994648d98@group-8D18AD715950-StateMachineUpdater: Took a snapshot at index 0
2023-03-09 14:57:58,360 [32163878-e8f2-41cf-b327-23a994648d98@group-8D18AD715950-StateMachineUpdater] INFO  impl.StateMachineUpdater (StateMachineUpdater.java:lambda$new$0(92)) - 32163878-e8f2-41cf-b327-23a994648d98@group-8D18AD715950-StateMachineUpdater: snapshotIndex: updateIncreasingly -1 -> 0
2023-03-09 14:57:58,363 [32163878-e8f2-41cf-b327-23a994648d98-impl-thread1] INFO  server.RaftServer$Division (ServerState.java:close(466)) - 32163878-e8f2-41cf-b327-23a994648d98@group-8D18AD715950: closes. applyIndex: 0
2023-03-09 14:57:58,364 [32163878-e8f2-41cf-b327-23a994648d98@group-8D18AD715950-SegmentedRaftLogWorker] INFO  segmented.SegmentedRaftLogWorker (SegmentedRaftLogWorker.java:run(347)) - 32163878-e8f2-41cf-b327-23a994648d98@group-8D18AD715950-SegmentedRaftLogWorker was interrupted, exiting. There are 0 tasks remaining in the queue.
2023-03-09 14:57:58,370 [32163878-e8f2-41cf-b327-23a994648d98-impl-thread1] INFO  segmented.SegmentedRaftLogWorker (SegmentedRaftLogWorker.java:close(257)) - 32163878-e8f2-41cf-b327-23a994648d98@group-8D18AD715950-SegmentedRaftLogWorker close()
2023-03-09 14:57:58,377 [main] INFO  server.GrpcService (GrpcService.java:closeImpl(280)) - 32163878-e8f2-41cf-b327-23a994648d98: shutdown server GrpcServerProtocolService successfully
2023-03-09 14:57:58,377 [JvmPauseMonitor0] INFO  util.JvmPauseMonitor (JvmPauseMonitor.java:run(111)) - JvmPauseMonitor-32163878-e8f2-41cf-b327-23a994648d98: Stopped
2023-03-09 14:57:58,377 [main] WARN  server.ServerUtils (ServerUtils.java:getScmDbDir(148)) - ozone.scm.db.dirs is not configured. We recommend adding this setting. Falling back to ozone.metadata.dirs instead.
2023-03-09 14:57:58,381 [main] INFO  server.StorageContainerManager (StorageContainerManager.java:scmInit(1244)) - SCM initialization succeeded. Current cluster id for sd=/home/runner/work/ozone/ozone/hadoop-ozone/integration-test/target/test-dir/MiniOzoneClusterImpl-e86c7e49-e04f-4606-8b16-8d18ad715950/scmNode-1/scm; cid=e86c7e49-e04f-4606-8b16-8d18ad715950; layoutVersion=4; scmId=32163878-e8f2-41cf-b327-23a994648d98
2023-03-09 14:57:58,404 [main] WARN  server.ServerUtils (ServerUtils.java:getScmDbDir(148)) - ozone.scm.db.dirs is not configured. We recommend adding this setting. Falling back to ozone.metadata.dirs instead.
2023-03-09 14:57:58,405 [main] INFO  ha.SCMHANodeDetails (SCMHANodeDetails.java:loadSCMHAConfig(209)) - ServiceID for StorageContainerManager is scmServiceId
2023-03-09 14:57:58,407 [main] INFO  ha.SCMHANodeDetails (SCMHANodeDetails.java:loadSCMHAConfig(220)) - ServiceID for StorageContainerManager is scmServiceId
2023-03-09 14:57:58,407 [main] INFO  ha.SCMHANodeDetails (SCMHANodeDetails.java:loadSCMHAConfig(307)) - Found matching SCM address with SCMServiceId: scmServiceId, SCMNodeId: scmNode-1, RPC Address: localhost:38101 and Ratis port: 38101
2023-03-09 14:57:58,408 [main] INFO  ha.SCMHANodeDetails (ConfUtils.java:setNodeSpecificConfigs(97)) - Setting configuration key ozone.scm.datanode.address with value of key ozone.scm.datanode.address.scmServiceId.scmNode-1: 127.0.0.1:42633
2023-03-09 14:57:58,408 [main] INFO  ha.SCMHANodeDetails (ConfUtils.java:setNodeSpecificConfigs(97)) - Setting configuration key ozone.scm.block.client.address with value of key ozone.scm.block.client.address.scmServiceId.scmNode-1: 127.0.0.1:43203
2023-03-09 14:57:58,408 [main] INFO  ha.SCMHANodeDetails (ConfUtils.java:setNodeSpecificConfigs(97)) - Setting configuration key ozone.scm.client.address with value of key ozone.scm.client.address.scmServiceId.scmNode-1: 127.0.0.1:42711
2023-03-09 14:57:58,409 [main] INFO  ha.SCMHANodeDetails (ConfUtils.java:setNodeSpecificConfigs(97)) - Setting configuration key ozone.scm.ratis.port with value of key ozone.scm.ratis.port.scmServiceId.scmNode-1: 38101
2023-03-09 14:57:58,409 [main] INFO  ha.SCMHANodeDetails (ConfUtils.java:setNodeSpecificConfigs(97)) - Setting configuration key ozone.scm.grpc.port with value of key ozone.scm.grpc.port.scmServiceId.scmNode-1: 44513
2023-03-09 14:57:58,410 [main] INFO  ha.SCMHANodeDetails (ConfUtils.java:setNodeSpecificConfigs(97)) - Setting configuration key ozone.scm.http-address with value of key ozone.scm.http-address.scmServiceId.scmNode-1: 127.0.0.1:43683
2023-03-09 14:57:58,410 [main] INFO  ha.SCMHANodeDetails (ConfUtils.java:setNodeSpecificConfigs(97)) - Setting configuration key ozone.scm.https-address with value of key ozone.scm.https-address.scmServiceId.scmNode-1: 127.0.0.1:41691
2023-03-09 14:57:58,410 [main] INFO  ha.SCMHANodeDetails (ConfUtils.java:setNodeSpecificConfigs(97)) - Setting configuration key ozone.scm.address with value of key ozone.scm.address.scmServiceId.scmNode-1: 127.0.0.1
2023-03-09 14:57:58,410 [main] WARN  scm.ScmUtils (ScmUtils.java:logWarn(190)) - ConfigKey ozone.scm.block.client.address is deprecated, For configuring different ports for each SCM use PortConfigKey ozone.scm.block.client.port appended with serviceId and nodeId. If want to configure same port configure ozone.scm.block.client.port
2023-03-09 14:57:58,411 [main] WARN  scm.ScmUtils (ScmUtils.java:logWarn(190)) - ConfigKey ozone.scm.client.address is deprecated, For configuring different ports for each SCM use PortConfigKey ozone.scm.client.port appended with serviceId and nodeId. If want to configure same port configure ozone.scm.client.port
2023-03-09 14:57:58,411 [main] WARN  scm.ScmUtils (ScmUtils.java:logWarn(190)) - ConfigKey ozone.scm.datanode.address is deprecated, For configuring different ports for each SCM use PortConfigKey ozone.scm.datanode.port appended with serviceId and nodeId. If want to configure same port configure ozone.scm.datanode.port
2023-03-09 14:57:58,863 [main] WARN  utils.HAUtils (HAUtils.java:getMetaDir(342)) - ozone.scm.db.dirs is not configured. We recommend adding this setting. Falling back to ozone.metadata.dirs instead.
2023-03-09 14:57:59,024 [main] WARN  db.DBStoreBuilder (DBStoreBuilder.java:applyDBDefinition(172)) - ozone.scm.db.dirs is not configured. We recommend adding this setting. Falling back to ozone.metadata.dirs instead.
2023-03-09 14:57:59,289 [main] INFO  net.NodeSchemaLoader (NodeSchemaLoader.java:loadSchemaFromFile(129)) - Loading schema from [jar:file:/home/runner/.m2/repository/org/apache/ozone/hdds-common/1.4.0-SNAPSHOT/hdds-common-1.4.0-SNAPSHOT.jar!/network-topology-default.xml]
2023-03-09 14:57:59,290 [main] INFO  net.NodeSchemaLoader (NodeSchemaLoader.java:loadSchema(176)) - Loading network topology layer schema file
2023-03-09 14:57:59,340 [main] INFO  ha.SCMRatisServerImpl (SCMRatisServerImpl.java:<init>(87)) - starting Raft server for scm:32163878-e8f2-41cf-b327-23a994648d98
2023-03-09 14:57:59,345 [main] INFO  server.RaftServer (ConfUtils.java:logGet(46)) - raft.rpc.type = GRPC (default)
2023-03-09 14:57:59,345 [main] INFO  grpc.GrpcConfigKeys (ConfUtils.java:logFallback(53)) - raft.grpc.admin.host = null (fallback to raft.grpc.server.host)
2023-03-09 14:57:59,346 [main] INFO  grpc.GrpcConfigKeys (ConfUtils.java:logFallback(53)) - raft.grpc.admin.port = 38101 (fallback to raft.grpc.server.port)
2023-03-09 14:57:59,346 [main] INFO  grpc.GrpcConfigKeys (ConfUtils.java:logFallback(53)) - raft.grpc.client.host = null (fallback to raft.grpc.server.host)
2023-03-09 14:57:59,346 [main] INFO  grpc.GrpcConfigKeys (ConfUtils.java:logFallback(53)) - raft.grpc.client.port = 38101 (fallback to raft.grpc.server.port)
2023-03-09 14:57:59,346 [main] INFO  grpc.GrpcConfigKeys (ConfUtils.java:logGet(46)) - raft.grpc.server.host = null (default)
2023-03-09 14:57:59,347 [main] INFO  grpc.GrpcConfigKeys (ConfUtils.java:logGet(46)) - raft.grpc.server.port = 38101 (custom)
2023-03-09 14:57:59,347 [main] INFO  server.GrpcService (ConfUtils.java:logGet(46)) - raft.grpc.message.size.max = 32m (=33554432) (custom)
2023-03-09 14:57:59,347 [main] INFO  server.RaftServerConfigKeys (ConfUtils.java:logGet(46)) - raft.server.log.appender.buffer.byte-limit = 33554432 (custom)
2023-03-09 14:57:59,347 [main] INFO  server.GrpcService (ConfUtils.java:logGet(46)) - raft.grpc.flow.control.window = 1MB (=1048576) (default)
2023-03-09 14:57:59,348 [main] INFO  server.RaftServerConfigKeys (ConfUtils.java:logGet(46)) - raft.server.rpc.request.timeout = 30000ms (custom)
2023-03-09 14:57:59,348 [main] INFO  grpc.GrpcConfigKeys (ConfUtils.java:logGet(46)) - raft.grpc.server.heartbeat.channel = true (default)
2023-03-09 14:57:59,348 [main] INFO  grpc.GrpcConfigKeys (ConfUtils.java:logGet(46)) - raft.grpc.server.async.request.thread.pool.cached = true (default)
2023-03-09 14:57:59,348 [main] INFO  grpc.GrpcConfigKeys (ConfUtils.java:logGet(46)) - raft.grpc.server.async.request.thread.pool.size = 32 (default)
2023-03-09 14:57:59,350 [main] INFO  impl.DataStreamServerImpl (ConfUtils.java:logGet(46)) - raft.datastream.type = DISABLED (default)
2023-03-09 14:57:59,350 [main] INFO  server.RaftServerConfigKeys (ConfUtils.java:logGet(46)) - raft.server.threadpool.proxy.cached = true (default)
2023-03-09 14:57:59,350 [main] INFO  server.RaftServerConfigKeys (ConfUtils.java:logGet(46)) - raft.server.threadpool.proxy.size = 0 (default)
2023-03-09 14:57:59,351 [main] INFO  server.RaftServerConfigKeys (ConfUtils.java:logGet(46)) - raft.server.rpc.slowness.timeout = 120000ms (custom)
2023-03-09 14:57:59,351 [main] INFO  server.RaftServerConfigKeys (ConfUtils.java:logGet(46)) - raft.server.leaderelection.leader.step-down.wait-time = 10s (default)
2023-03-09 14:57:59,351 [main] INFO  server.RaftServerConfigKeys (ConfUtils.java:logGet(46)) - raft.server.storage.dir = [/home/runner/work/ozone/ozone/hadoop-ozone/integration-test/target/test-dir/MiniOzoneClusterImpl-e86c7e49-e04f-4606-8b16-8d18ad715950/scmNode-1/scm-ha] (custom)
2023-03-09 14:57:59,352 [32163878-e8f2-41cf-b327-23a994648d98-impl-thread1] INFO  server.RaftServer (RaftServerProxy.java:initGroupDir(251)) - 32163878-e8f2-41cf-b327-23a994648d98: found a subdirectory /home/runner/work/ozone/ozone/hadoop-ozone/integration-test/target/test-dir/MiniOzoneClusterImpl-e86c7e49-e04f-4606-8b16-8d18ad715950/scmNode-1/scm-ha/e86c7e49-e04f-4606-8b16-8d18ad715950
2023-03-09 14:57:59,353 [main] INFO  server.RaftServer (RaftServerProxy.java:addNew(96)) - 32163878-e8f2-41cf-b327-23a994648d98: addNew group-8D18AD715950:[] returns group-8D18AD715950:java.util.concurrent.CompletableFuture@45801322[Not completed]
2023-03-09 14:57:59,356 [pool-19-thread-1] INFO  server.RaftServer$Division (RaftServerImpl.java:<init>(195)) - 32163878-e8f2-41cf-b327-23a994648d98: new RaftServerImpl for group-8D18AD715950:[] with SCMStateMachine:uninitialized
2023-03-09 14:57:59,356 [pool-19-thread-1] INFO  server.RaftServerConfigKeys (ConfUtils.java:logGet(46)) - raft.server.rpc.timeout.min = 5000ms (custom)
2023-03-09 14:57:59,356 [pool-19-thread-1] INFO  server.RaftServerConfigKeys (ConfUtils.java:logGet(46)) - raft.server.rpc.timeout.max = 5200ms (custom)
2023-03-09 14:57:59,356 [pool-19-thread-1] INFO  server.RaftServerConfigKeys (ConfUtils.java:logGet(46)) - raft.server.rpc.sleep.time = 25ms (default)
2023-03-09 14:57:59,357 [pool-19-thread-1] INFO  server.RaftServerConfigKeys (ConfUtils.java:logGet(46)) - raft.server.rpc.slowness.timeout = 120000ms (custom)
2023-03-09 14:57:59,357 [pool-19-thread-1] INFO  server.RaftServerConfigKeys (ConfUtils.java:logGet(46)) - raft.server.leaderelection.leader.step-down.wait-time = 10s (default)
2023-03-09 14:57:59,357 [pool-19-thread-1] INFO  server.RaftServerConfigKeys (ConfUtils.java:logGet(46)) - raft.server.sleep.deviation.threshold = 300ms (default)
2023-03-09 14:57:59,357 [pool-19-thread-1] INFO  server.RaftServer$Division (ServerState.java:<init>(118)) - 32163878-e8f2-41cf-b327-23a994648d98@group-8D18AD715950: ConfigurationManager, init=-1: peers:[]|listeners:[], old=null, confs=<EMPTY_MAP>
2023-03-09 14:57:59,357 [pool-19-thread-1] INFO  server.RaftServerConfigKeys (ConfUtils.java:logGet(46)) - raft.server.storage.dir = [/home/runner/work/ozone/ozone/hadoop-ozone/integration-test/target/test-dir/MiniOzoneClusterImpl-e86c7e49-e04f-4606-8b16-8d18ad715950/scmNode-1/scm-ha] (custom)
2023-03-09 14:57:59,357 [pool-19-thread-1] INFO  server.RaftServerConfigKeys (ConfUtils.java:logGet(46)) - raft.server.log.corruption.policy = EXCEPTION (default)
2023-03-09 14:57:59,357 [pool-19-thread-1] INFO  server.RaftServerConfigKeys (ConfUtils.java:logGet(46)) - raft.server.storage.free-space.min = 0MB (=0) (default)
2023-03-09 14:57:59,358 [pool-19-thread-1] INFO  server.RaftServerConfigKeys (ConfUtils.java:logGet(46)) - raft.server.notification.no-leader.timeout = 60s (default)
2023-03-09 14:57:59,358 [pool-19-thread-1] INFO  server.RaftServerConfigKeys (ConfUtils.java:logGet(46)) - raft.server.retrycache.expirytime = 60000ms (default)
2023-03-09 14:57:59,358 [pool-19-thread-1] INFO  server.RaftServerConfigKeys (ConfUtils.java:logGet(46)) - raft.server.retrycache.statistics.expirytime = 100μs (default)
2023-03-09 14:57:59,366 [pool-19-thread-1] INFO  server.RaftServerConfigKeys (ConfUtils.java:logGet(46)) - raft.server.log.appender.install.snapshot.enabled = false (custom)
2023-03-09 14:57:59,366 [pool-19-thread-1] INFO  server.RaftServerConfigKeys (ConfUtils.java:logGet(46)) - raft.server.threadpool.server.cached = true (default)
2023-03-09 14:57:59,366 [pool-19-thread-1] INFO  server.RaftServerConfigKeys (ConfUtils.java:logGet(46)) - raft.server.threadpool.server.size = 0 (default)
2023-03-09 14:57:59,367 [pool-19-thread-1] INFO  server.RaftServerConfigKeys (ConfUtils.java:logGet(46)) - raft.server.threadpool.client.cached = true (default)
2023-03-09 14:57:59,367 [pool-19-thread-1] INFO  server.RaftServerConfigKeys (ConfUtils.java:logGet(46)) - raft.server.threadpool.client.size = 0 (default)
2023-03-09 14:57:59,368 [main] INFO  ha.SCMSnapshotProvider (SCMSnapshotProvider.java:<init>(66)) - Initializing SCM Snapshot Provider
2023-03-09 14:57:59,369 [main] WARN  server.ServerUtils (ServerUtils.java:getDefaultRatisDirectory(237)) - Storage directory for Ratis is not configured. It is a good idea to map this to an SSD disk. Falling back to ozone.metadata.dirs
2023-03-09 14:57:59,369 [main] WARN  ha.SCMHAUtils (SCMHAUtils.java:getSCMRatisSnapshotDirectory(153)) - SCM snapshot dir is not configured. Falling back to ozone.metadata.dirs config
2023-03-09 14:57:59,388 [main] INFO  upgrade.AbstractLayoutVersionManager (AbstractLayoutVersionManager.java:init(83)) - Initializing Layout version manager with metadata layout = DATANODE_SCHEMA_V3 (version = 4), software layout = DATANODE_SCHEMA_V3 (version = 4)
2023-03-09 14:57:59,594 [main] INFO  reflections.Reflections (Reflections.java:scan(232)) - Reflections took 179 ms to scan 7 urls, producing 154 keys and 367 values 
2023-03-09 14:57:59,709 [main] INFO  ha.SequenceIdGenerator (SequenceIdGenerator.java:upgradeToSequenceId(349)) - upgrade localId to 111677748019200000
2023-03-09 14:57:59,710 [main] INFO  ha.SequenceIdGenerator (SequenceIdGenerator.java:upgradeToSequenceId(359)) - upgrade delTxnId to 0
2023-03-09 14:57:59,721 [main] INFO  ha.SequenceIdGenerator (SequenceIdGenerator.java:upgradeToSequenceId(376)) - upgrade containerId to 0
2023-03-09 14:57:59,724 [main] INFO  ha.SequenceIdGenerator (SequenceIdGenerator.java:<init>(220)) - Init the HA SequenceIdGenerator.
2023-03-09 14:57:59,876 [main] INFO  node.SCMNodeManager (SCMNodeManager.java:<init>(156)) - Entering startup safe mode.
2023-03-09 14:57:59,972 [main] INFO  algorithms.ContainerPlacementPolicyFactory (ContainerPlacementPolicyFactory.java:getPolicyInternal(86)) - Create container placement policy of type org.apache.hadoop.hdds.scm.container.placement.algorithms.SCMContainerPlacementRandom
2023-03-09 14:57:59,975 [main] INFO  algorithms.ContainerPlacementPolicyFactory (ContainerPlacementPolicyFactory.java:getPolicyInternal(86)) - Create container placement policy of type org.apache.hadoop.hdds.scm.container.placement.algorithms.SCMContainerPlacementRackScatter
2023-03-09 14:57:59,985 [main] INFO  pipeline.PipelineStateManagerImpl (PipelineStateManagerImpl.java:initialize(78)) - No pipeline exists in current db
2023-03-09 14:58:00,038 [main] INFO  algorithms.LeaderChoosePolicyFactory (LeaderChoosePolicyFactory.java:getPolicy(57)) - Create leader choose policy of type org.apache.hadoop.hdds.scm.pipeline.leader.choose.algorithms.MinLeaderCountChoosePolicy
2023-03-09 14:58:00,039 [main] INFO  algorithms.ContainerPlacementPolicyFactory (ContainerPlacementPolicyFactory.java:getPolicyInternal(86)) - Create container placement policy of type org.apache.hadoop.hdds.scm.container.placement.algorithms.SCMContainerPlacementRackScatter
2023-03-09 14:58:00,047 [main] INFO  ha.SCMServiceManager (SCMServiceManager.java:register(42)) - Registering service BackgroundPipelineCreator.
2023-03-09 14:58:00,049 [main] INFO  pipeline.BackgroundPipelineCreator (BackgroundPipelineCreator.java:start(124)) - Starting RatisPipelineUtilsThread.
2023-03-09 14:58:00,058 [main] INFO  BackgroundPipelineScrubber (BackgroundSCMService.java:start(68)) - Starting BackgroundPipelineScrubber Service.
2023-03-09 14:58:00,058 [main] INFO  ha.SCMServiceManager (SCMServiceManager.java:register(42)) - Registering service BackgroundPipelineScrubber.
2023-03-09 14:58:00,067 [main] INFO  ExpiredContainerReplicaOpScrubber (BackgroundSCMService.java:start(68)) - Starting ExpiredContainerReplicaOpScrubber Service.
2023-03-09 14:58:00,067 [main] INFO  ha.SCMServiceManager (SCMServiceManager.java:register(42)) - Registering service ExpiredContainerReplicaOpScrubber.
2023-03-09 14:58:00,126 [main] INFO  algorithms.PipelineChoosePolicyFactory (PipelineChoosePolicyFactory.java:createPipelineChoosePolicyFromClass(73)) - Create pipeline choose policy of type org.apache.hadoop.hdds.scm.pipeline.choose.algorithms.RandomPipelineChoosePolicy
2023-03-09 14:58:00,149 [main] INFO  ha.SCMServiceManager (SCMServiceManager.java:register(42)) - Registering service SCMBlockDeletingService.
2023-03-09 14:58:00,221 [main] INFO  replication.ReplicationManager (ReplicationManager.java:start(267)) - Starting Replication Monitor Thread.
2023-03-09 14:58:00,233 [main] INFO  ha.SCMServiceManager (SCMServiceManager.java:register(42)) - Registering service ReplicationManager.
2023-03-09 14:58:00,243 [ReplicationMonitor] INFO  replication.ReplicationManager (ReplicationManager.java:processAll(342)) - Replication Manager is not ready to run until 300000ms after safemode exit
2023-03-09 14:58:00,246 [main] INFO  safemode.ContainerSafeModeRule (ContainerSafeModeRule.java:<init>(89)) - containers with one replica threshold count 0
2023-03-09 14:58:00,251 [main] INFO  safemode.HealthyPipelineSafeModeRule (HealthyPipelineSafeModeRule.java:initializeRule(169)) - Total pipeline count is 0, healthy pipeline threshold count is 1
2023-03-09 14:58:00,254 [main] INFO  safemode.OneReplicaPipelineSafeModeRule (OneReplicaPipelineSafeModeRule.java:initializeRule(180)) - Total pipeline count is 0, pipeline's with at least one datanode reported threshold count is 0
2023-03-09 14:58:00,321 [main] INFO  server.StorageContainerManager (StorageContainerManager.java:<init>(392)) - SCM start with adminUsers: [runner]
2023-03-09 14:58:00,684 [main] INFO  audit.AuditLogger (AuditLogger.java:refreshDebugCmdSet(126)) - Refresh DebugCmdSet for SCMAudit to [].
2023-03-09 14:58:00,727 [main] INFO  ipc.CallQueueManager (CallQueueManager.java:<init>(90)) - Using callQueue: class java.util.concurrent.LinkedBlockingQueue, queueCapacity: 10000, scheduler: class org.apache.hadoop.ipc.DefaultRpcScheduler, ipcBackoff: false.
2023-03-09 14:58:00,780 [Socket Reader #1 for port 42633] INFO  ipc.Server (Server.java:run(1273)) - Starting Socket Reader #1 for port 42633
2023-03-09 14:58:00,852 [Listener at 0.0.0.0/42633] INFO  audit.AuditLogger (AuditLogger.java:refreshDebugCmdSet(126)) - Refresh DebugCmdSet for SCMAudit to [].
2023-03-09 14:58:00,862 [Listener at 0.0.0.0/42633] INFO  ipc.CallQueueManager (CallQueueManager.java:<init>(90)) - Using callQueue: class java.util.concurrent.LinkedBlockingQueue, queueCapacity: 10000, scheduler: class org.apache.hadoop.ipc.DefaultRpcScheduler, ipcBackoff: false.
2023-03-09 14:58:00,864 [Socket Reader #1 for port 43203] INFO  ipc.Server (Server.java:run(1273)) - Starting Socket Reader #1 for port 43203
2023-03-09 14:58:00,909 [Listener at 0.0.0.0/43203] INFO  audit.AuditLogger (AuditLogger.java:refreshDebugCmdSet(126)) - Refresh DebugCmdSet for SCMAudit to [].
2023-03-09 14:58:00,926 [Listener at 0.0.0.0/43203] INFO  ipc.CallQueueManager (CallQueueManager.java:<init>(90)) - Using callQueue: class java.util.concurrent.LinkedBlockingQueue, queueCapacity: 10000, scheduler: class org.apache.hadoop.ipc.DefaultRpcScheduler, ipcBackoff: false.
2023-03-09 14:58:00,927 [Socket Reader #1 for port 42711] INFO  ipc.Server (Server.java:run(1273)) - Starting Socket Reader #1 for port 42711
2023-03-09 14:58:00,983 [Listener at 0.0.0.0/42711] INFO  ha.SCMServiceManager (SCMServiceManager.java:register(42)) - Registering service ContainerBalancer.
2023-03-09 14:58:00,984 [Listener at 0.0.0.0/42711] INFO  server.StorageContainerManager (StorageContainerManager.java:<init>(407)) - 
Container Balancer status:
Key                            Value
Running                        true
Container Balancer Configuration values:
Key                                                Value
Threshold                                          10
Max Datanodes to Involve per Iteration(percent)    20
Max Size to Move per Iteration                     500GB
Max Size Entering Target per Iteration             26GB
Max Size Leaving Source per Iteration              26GB

2023-03-09 14:58:00,985 [Listener at 0.0.0.0/42711] INFO  ha.SCMContext (SCMContext.java:updateSafeModeStatus(228)) - Update SafeModeStatus from SafeModeStatus{safeModeStatus=true, preCheckPassed=false} to SafeModeStatus{safeModeStatus=true, preCheckPassed=false}.
2023-03-09 14:58:00,991 [Listener at 0.0.0.0/42711] INFO  server.StorageContainerManager (StorageContainerManager.java:start(1437)) - StorageContainerLocationProtocol RPC server is listening at /0.0.0.0:42711
2023-03-09 14:58:00,993 [Listener at 0.0.0.0/42711] INFO  ha.SCMRatisServerImpl (SCMRatisServerImpl.java:start(178)) - starting ratis server 0.0.0.0:38101
2023-03-09 14:58:00,996 [32163878-e8f2-41cf-b327-23a994648d98-impl-thread1] INFO  storage.RaftStorageDirectory (RaftStorageDirectoryImpl.java:tryLock(231)) - Lock on /home/runner/work/ozone/ozone/hadoop-ozone/integration-test/target/test-dir/MiniOzoneClusterImpl-e86c7e49-e04f-4606-8b16-8d18ad715950/scmNode-1/scm-ha/e86c7e49-e04f-4606-8b16-8d18ad715950/in_use.lock acquired by nodename 57158@fv-az377-502
2023-03-09 14:58:00,998 [32163878-e8f2-41cf-b327-23a994648d98-impl-thread1] INFO  storage.RaftStorage (RaftStorageImpl.java:analyzeAndRecoverStorage(117)) - Read RaftStorageMetadata{term=1, votedFor=32163878-e8f2-41cf-b327-23a994648d98} from /home/runner/work/ozone/ozone/hadoop-ozone/integration-test/target/test-dir/MiniOzoneClusterImpl-e86c7e49-e04f-4606-8b16-8d18ad715950/scmNode-1/scm-ha/e86c7e49-e04f-4606-8b16-8d18ad715950/current/raft-meta
2023-03-09 14:58:01,001 [32163878-e8f2-41cf-b327-23a994648d98-impl-thread1] INFO  server.RaftServer$Division (ServerState.java:setRaftConf(430)) - 32163878-e8f2-41cf-b327-23a994648d98@group-8D18AD715950: set configuration 0: peers:[32163878-e8f2-41cf-b327-23a994648d98|rpc:localhost:38101|admin:|client:|dataStream:|priority:0|startupRole:FOLLOWER]|listeners:[], old=null
2023-03-09 14:58:01,003 [32163878-e8f2-41cf-b327-23a994648d98-impl-thread1] INFO  server.RaftServerConfigKeys (ConfUtils.java:logGet(46)) - raft.server.log.use.memory = false (default)
2023-03-09 14:58:01,003 [32163878-e8f2-41cf-b327-23a994648d98-impl-thread1] INFO  server.RaftServerConfigKeys (ConfUtils.java:logGet(46)) - raft.server.log.purge.gap = 1000000 (custom)
2023-03-09 14:58:01,003 [32163878-e8f2-41cf-b327-23a994648d98-impl-thread1] INFO  server.RaftServerConfigKeys (ConfUtils.java:logGet(46)) - raft.server.log.appender.buffer.byte-limit = 33554432 (custom)
2023-03-09 14:58:01,005 [32163878-e8f2-41cf-b327-23a994648d98-impl-thread1] INFO  server.RaftServerConfigKeys (ConfUtils.java:logGet(46)) - raft.server.log.statemachine.data.read.timeout = 1000ms (default)
2023-03-09 14:58:01,005 [32163878-e8f2-41cf-b327-23a994648d98-impl-thread1] INFO  server.RaftServerConfigKeys (ConfUtils.java:logGet(46)) - raft.server.log.purge.preservation.log.num = 0 (default)
2023-03-09 14:58:01,005 [32163878-e8f2-41cf-b327-23a994648d98-impl-thread1] INFO  server.RaftServerConfigKeys (ConfUtils.java:logGet(46)) - raft.server.log.segment.size.max = 4194304 (custom)
2023-03-09 14:58:01,008 [32163878-e8f2-41cf-b327-23a994648d98-impl-thread1] INFO  server.RaftServerConfigKeys (ConfUtils.java:logGet(46)) - raft.server.log.segment.cache.num.max = 2 (custom)
2023-03-09 14:58:01,008 [32163878-e8f2-41cf-b327-23a994648d98-impl-thread1] INFO  server.RaftServerConfigKeys (ConfUtils.java:logGet(46)) - raft.server.log.segment.cache.size.max = 200MB (=209715200) (default)
2023-03-09 14:58:01,008 [32163878-e8f2-41cf-b327-23a994648d98-impl-thread1] INFO  segmented.SegmentedRaftLogWorker (SegmentedRaftLogWorker.java:<init>(189)) - new 32163878-e8f2-41cf-b327-23a994648d98@group-8D18AD715950-SegmentedRaftLogWorker for RaftStorageImpl:Storage Directory /home/runner/work/ozone/ozone/hadoop-ozone/integration-test/target/test-dir/MiniOzoneClusterImpl-e86c7e49-e04f-4606-8b16-8d18ad715950/scmNode-1/scm-ha/e86c7e49-e04f-4606-8b16-8d18ad715950
2023-03-09 14:58:01,008 [32163878-e8f2-41cf-b327-23a994648d98-impl-thread1] INFO  server.RaftServerConfigKeys (ConfUtils.java:logGet(46)) - raft.server.log.queue.byte-limit = 64MB (=67108864) (default)
2023-03-09 14:58:01,008 [32163878-e8f2-41cf-b327-23a994648d98-impl-thread1] INFO  server.RaftServerConfigKeys (ConfUtils.java:logGet(46)) - raft.server.log.queue.element-limit = 4096 (default)
2023-03-09 14:58:01,009 [32163878-e8f2-41cf-b327-23a994648d98-impl-thread1] INFO  server.RaftServerConfigKeys (ConfUtils.java:logGet(46)) - raft.server.log.segment.size.max = 4194304 (custom)
2023-03-09 14:58:01,009 [32163878-e8f2-41cf-b327-23a994648d98-impl-thread1] INFO  server.RaftServerConfigKeys (ConfUtils.java:logGet(46)) - raft.server.log.preallocated.size = 4194304 (custom)
2023-03-09 14:58:01,009 [32163878-e8f2-41cf-b327-23a994648d98-impl-thread1] INFO  server.RaftServerConfigKeys (ConfUtils.java:logGet(46)) - raft.server.log.force.sync.num = 128 (default)
2023-03-09 14:58:01,009 [32163878-e8f2-41cf-b327-23a994648d98-impl-thread1] INFO  server.RaftServerConfigKeys (ConfUtils.java:logGet(46)) - raft.server.log.statemachine.data.sync = true (default)
2023-03-09 14:58:01,010 [32163878-e8f2-41cf-b327-23a994648d98-impl-thread1] INFO  server.RaftServerConfigKeys (ConfUtils.java:logGet(46)) - raft.server.log.statemachine.data.sync.timeout = 10s (default)
2023-03-09 14:58:01,010 [32163878-e8f2-41cf-b327-23a994648d98-impl-thread1] INFO  server.RaftServerConfigKeys (ConfUtils.java:logGet(46)) - raft.server.log.statemachine.data.sync.timeout.retry = -1 (default)
2023-03-09 14:58:01,012 [32163878-e8f2-41cf-b327-23a994648d98-impl-thread1] INFO  server.RaftServerConfigKeys (ConfUtils.java:logGet(46)) - raft.server.log.write.buffer.size = 64KB (=65536) (default)
2023-03-09 14:58:01,013 [32163878-e8f2-41cf-b327-23a994648d98-impl-thread1] INFO  server.RaftServerConfigKeys (ConfUtils.java:logGet(46)) - raft.server.log.appender.buffer.byte-limit = 33554432 (custom)
2023-03-09 14:58:01,046 [32163878-e8f2-41cf-b327-23a994648d98-impl-thread1] INFO  server.RaftServerConfigKeys (ConfUtils.java:logGet(46)) - raft.server.log.unsafe-flush.enabled = false (default)
2023-03-09 14:58:01,047 [32163878-e8f2-41cf-b327-23a994648d98-impl-thread1] INFO  server.RaftServerConfigKeys (ConfUtils.java:logGet(46)) - raft.server.log.async-flush.enabled = false (default)
2023-03-09 14:58:01,047 [32163878-e8f2-41cf-b327-23a994648d98-impl-thread1] INFO  server.RaftServerConfigKeys (ConfUtils.java:logGet(46)) - raft.server.log.statemachine.data.caching.enabled = false (default)
2023-03-09 14:58:01,065 [32163878-e8f2-41cf-b327-23a994648d98-impl-thread1] INFO  server.RaftServer$Division (ServerState.java:setRaftConf(430)) - 32163878-e8f2-41cf-b327-23a994648d98@group-8D18AD715950: set configuration 0: peers:[32163878-e8f2-41cf-b327-23a994648d98|rpc:localhost:38101|admin:|client:|dataStream:|priority:0|startupRole:FOLLOWER]|listeners:[], old=null
2023-03-09 14:58:01,065 [32163878-e8f2-41cf-b327-23a994648d98-impl-thread1] INFO  segmented.LogSegment (LogSegment.java:loadSegment(173)) - Successfully read 1 entries from segment file /home/runner/work/ozone/ozone/hadoop-ozone/integration-test/target/test-dir/MiniOzoneClusterImpl-e86c7e49-e04f-4606-8b16-8d18ad715950/scmNode-1/scm-ha/e86c7e49-e04f-4606-8b16-8d18ad715950/current/log_inprogress_0
2023-03-09 14:58:01,066 [32163878-e8f2-41cf-b327-23a994648d98-impl-thread1] INFO  segmented.SegmentedRaftLogWorker (SegmentedRaftLogWorker.java:lambda$new$0(135)) - 32163878-e8f2-41cf-b327-23a994648d98@group-8D18AD715950-SegmentedRaftLogWorker: flushIndex: setUnconditionally 0 -> 0
2023-03-09 14:58:01,066 [32163878-e8f2-41cf-b327-23a994648d98-impl-thread1] INFO  segmented.SegmentedRaftLogWorker (SegmentedRaftLogWorker.java:lambda$new$0(135)) - 32163878-e8f2-41cf-b327-23a994648d98@group-8D18AD715950-SegmentedRaftLogWorker: safeCacheEvictIndex: setUnconditionally 0 -> -1
2023-03-09 14:58:01,067 [32163878-e8f2-41cf-b327-23a994648d98-impl-thread1] INFO  server.RaftServer$Division (RaftServerImpl.java:start(334)) - 32163878-e8f2-41cf-b327-23a994648d98@group-8D18AD715950: start as a follower, conf=0: peers:[32163878-e8f2-41cf-b327-23a994648d98|rpc:localhost:38101|admin:|client:|dataStream:|priority:0|startupRole:FOLLOWER]|listeners:[], old=null
2023-03-09 14:58:01,067 [32163878-e8f2-41cf-b327-23a994648d98-impl-thread1] INFO  server.RaftServer$Division (RaftServerImpl.java:setRole(321)) - 32163878-e8f2-41cf-b327-23a994648d98@group-8D18AD715950: changes role from      null to FOLLOWER at term 1 for startAsFollower
2023-03-09 14:58:01,067 [32163878-e8f2-41cf-b327-23a994648d98-impl-thread1] INFO  impl.RoleInfo (RoleInfo.java:updateAndGet(139)) - 32163878-e8f2-41cf-b327-23a994648d98: start 32163878-e8f2-41cf-b327-23a994648d98@group-8D18AD715950-FollowerState
2023-03-09 14:58:01,067 [32163878-e8f2-41cf-b327-23a994648d98-impl-thread1] INFO  util.JmxRegister (JmxRegister.java:tryRegister(44)) - Successfully registered JMX Bean with object name Ratis:service=RaftServer,group=group-8D18AD715950,id=32163878-e8f2-41cf-b327-23a994648d98
2023-03-09 14:58:01,068 [32163878-e8f2-41cf-b327-23a994648d98-impl-thread1] INFO  server.RaftServerConfigKeys (ConfUtils.java:logGet(46)) - raft.server.snapshot.auto.trigger.enabled = true (custom)
2023-03-09 14:58:01,068 [32163878-e8f2-41cf-b327-23a994648d98-impl-thread1] INFO  server.RaftServerConfigKeys (ConfUtils.java:logGet(46)) - raft.server.snapshot.auto.trigger.threshold = 1000 (custom)
2023-03-09 14:58:01,068 [32163878-e8f2-41cf-b327-23a994648d98-impl-thread1] INFO  server.RaftServerConfigKeys (ConfUtils.java:logGet(46)) - raft.server.snapshot.retention.file.num = -1 (default)
2023-03-09 14:58:01,068 [32163878-e8f2-41cf-b327-23a994648d98-impl-thread1] INFO  server.RaftServerConfigKeys (ConfUtils.java:logGet(46)) - raft.server.log.purge.upto.snapshot.index = false (default)
2023-03-09 14:58:01,070 [32163878-e8f2-41cf-b327-23a994648d98@group-8D18AD715950-FollowerState] INFO  server.RaftServerConfigKeys (ConfUtils.java:logFallback(53)) - raft.server.rpc.first-election.timeout.min = 5000ms (fallback to raft.server.rpc.timeout.min)
2023-03-09 14:58:01,070 [32163878-e8f2-41cf-b327-23a994648d98@group-8D18AD715950-FollowerState] INFO  server.RaftServerConfigKeys (ConfUtils.java:logFallback(53)) - raft.server.rpc.first-election.timeout.max = 5200ms (fallback to raft.server.rpc.timeout.max)
2023-03-09 14:58:01,070 [Listener at 0.0.0.0/42711] INFO  server.RaftServer (RaftServerProxy.java:startImpl(393)) - 32163878-e8f2-41cf-b327-23a994648d98: start RPC server
2023-03-09 14:58:01,073 [Listener at 0.0.0.0/42711] INFO  server.GrpcService (GrpcService.java:startImpl(262)) - 32163878-e8f2-41cf-b327-23a994648d98: GrpcService started, listening on 38101
2023-03-09 14:58:01,073 [JvmPauseMonitor1] INFO  util.JvmPauseMonitor (JvmPauseMonitor.java:run(105)) - JvmPauseMonitor-32163878-e8f2-41cf-b327-23a994648d98: Started
2023-03-09 14:58:01,084 [Listener at 0.0.0.0/42711] INFO  ha.SCMHAManagerImpl (SCMHAManagerImpl.java:start(121)) -  scm role is FOLLOWER peers [32163878-e8f2-41cf-b327-23a994648d98|rpc:localhost:38101|admin:|client:|dataStream:|priority:0|startupRole:FOLLOWER]
2023-03-09 14:58:01,084 [Listener at 0.0.0.0/42711] INFO  ha.InterSCMGrpcService (InterSCMGrpcProtocolService.java:start(94)) - Starting SCM Grpc Service at port 44513
2023-03-09 14:58:01,155 [Listener at 0.0.0.0/42711] WARN  impl.MetricsConfig (MetricsConfig.java:loadFirst(136)) - Cannot locate configuration: tried hadoop-metrics2-storagecontainermanager.properties,hadoop-metrics2.properties
2023-03-09 14:58:01,169 [Listener at 0.0.0.0/42711] INFO  impl.MetricsSystemImpl (MetricsSystemImpl.java:startTimer(378)) - Scheduled Metric snapshot period at 10 second(s).
2023-03-09 14:58:01,169 [Listener at 0.0.0.0/42711] INFO  impl.MetricsSystemImpl (MetricsSystemImpl.java:start(191)) - StorageContainerManager metrics system started
2023-03-09 14:58:01,597 [Listener at 0.0.0.0/42711] INFO  server.SCMClientProtocolServer (SCMClientProtocolServer.java:start(194)) - RPC server for Client  is listening at /0.0.0.0:42711
2023-03-09 14:58:01,598 [IPC Server Responder] INFO  ipc.Server (Server.java:run(1512)) - IPC Server Responder: starting
2023-03-09 14:58:01,600 [IPC Server listener on 42711] INFO  ipc.Server (Server.java:run(1352)) - IPC Server listener on 42711: starting
2023-03-09 14:58:01,617 [Listener at 0.0.0.0/42711] INFO  server.StorageContainerManager (StorageContainerManager.java:start(1451)) - ScmBlockLocationProtocol RPC server is listening at /0.0.0.0:43203
2023-03-09 14:58:01,618 [Listener at 0.0.0.0/42711] INFO  server.SCMBlockProtocolServer (SCMBlockProtocolServer.java:start(152)) - RPC server for Block Protocol is listening at /0.0.0.0:43203
2023-03-09 14:58:01,623 [IPC Server Responder] INFO  ipc.Server (Server.java:run(1512)) - IPC Server Responder: starting
2023-03-09 14:58:01,624 [IPC Server listener on 43203] INFO  ipc.Server (Server.java:run(1352)) - IPC Server listener on 43203: starting
2023-03-09 14:58:01,679 [org.apache.hadoop.util.JvmPauseMonitor$Monitor@395854dd] INFO  util.JvmPauseMonitor (JvmPauseMonitor.java:run(188)) - Starting JVM pause monitor
2023-03-09 14:58:01,691 [Listener at 0.0.0.0/42711] INFO  http.BaseHttpServer (BaseHttpServer.java:newHttpServer2BuilderForOzone(224)) - Starting Web-server for scm at: http://0.0.0.0:43683
2023-03-09 14:58:01,692 [Listener at 0.0.0.0/42711] INFO  http.BaseHttpServer (BaseHttpServer.java:<init>(111)) - Hadoop Security Enabled: false Ozone Security Enabled: false Ozone HTTP Security Enabled: false 
2023-03-09 14:58:01,719 [Listener at 0.0.0.0/42711] INFO  util.log (Log.java:initialized(170)) - Logging initialized @12372ms to org.eclipse.jetty.util.log.Slf4jLog
2023-03-09 14:58:01,837 [Listener at 0.0.0.0/42711] WARN  server.AuthenticationFilter (AuthenticationFilter.java:constructSecretProvider(240)) - Unable to initialize FileSignerSecretProvider, falling back to use random secrets. Reason: Could not read signature secret file: /home/runner/hadoop-http-auth-signature-secret
2023-03-09 14:58:01,863 [Listener at 0.0.0.0/42711] WARN  http.HttpRequestLog (HttpRequestLog.java:getRequestLog(103)) - Jetty request log can only be enabled using Log4j
2023-03-09 14:58:01,873 [Listener at 0.0.0.0/42711] INFO  http.HttpServer2 (HttpServer2.java:addGlobalFilter(1031)) - Added global filter 'safety' (class=org.apache.hadoop.hdds.server.http.HttpServer2$QuotingInputFilter)
2023-03-09 14:58:01,876 [Listener at 0.0.0.0/42711] INFO  http.HttpServer2 (HttpServer2.java:addFilter(1007)) - Added filter static_user_filter (class=org.apache.hadoop.http.lib.StaticUserWebFilter$StaticUserFilter) to context scm
2023-03-09 14:58:01,877 [Listener at 0.0.0.0/42711] INFO  http.HttpServer2 (HttpServer2.java:addFilter(1015)) - Added filter static_user_filter (class=org.apache.hadoop.http.lib.StaticUserWebFilter$StaticUserFilter) to context logs
2023-03-09 14:58:01,877 [Listener at 0.0.0.0/42711] INFO  http.HttpServer2 (HttpServer2.java:addFilter(1015)) - Added filter static_user_filter (class=org.apache.hadoop.http.lib.StaticUserWebFilter$StaticUserFilter) to context static
2023-03-09 14:58:01,924 [Listener at 0.0.0.0/42711] INFO  http.BaseHttpServer (BaseHttpServer.java:<init>(190)) - HTTP server of scm uses base directory /home/runner/work/ozone/ozone/hadoop-ozone/integration-test/target/test-dir/MiniOzoneClusterImpl-e86c7e49-e04f-4606-8b16-8d18ad715950/scmNode-1/webserver
2023-03-09 14:58:01,925 [Listener at 0.0.0.0/42711] INFO  http.HttpServer2 (HttpServer2.java:bindListener(1250)) - Jetty bound to port 43683
2023-03-09 14:58:01,927 [Listener at 0.0.0.0/42711] INFO  server.Server (Server.java:doStart(375)) - jetty-9.4.49.v20220914; built: 2022-09-14T01:07:36.601Z; git: 4231a3b2e4cb8548a412a789936d640a97b1aa0a; jvm 1.8.0_362-b09
2023-03-09 14:58:01,972 [Listener at 0.0.0.0/42711] INFO  server.session (DefaultSessionIdManager.java:doStart(334)) - DefaultSessionIdManager workerName=node0
2023-03-09 14:58:01,973 [Listener at 0.0.0.0/42711] INFO  server.session (DefaultSessionIdManager.java:doStart(339)) - No SessionScavenger set, using defaults
2023-03-09 14:58:01,975 [Listener at 0.0.0.0/42711] INFO  server.session (HouseKeeper.java:startScavenging(132)) - node0 Scavenging every 660000ms
2023-03-09 14:58:01,987 [Listener at 0.0.0.0/42711] INFO  handler.ContextHandler (ContextHandler.java:doStart(921)) - Started o.e.j.s.ServletContextHandler@51f412e6{logs,/logs,file:///home/runner/work/ozone/ozone/hadoop-ozone/integration-test/target/log,AVAILABLE}
2023-03-09 14:58:01,988 [Listener at 0.0.0.0/42711] INFO  handler.ContextHandler (ContextHandler.java:doStart(921)) - Started o.e.j.s.ServletContextHandler@3e60be48{static,/static,file:///home/runner/work/ozone/ozone/hadoop-ozone/integration-test/target/test-classes/webapps/static,AVAILABLE}
2023-03-09 14:58:02,029 [Listener at 0.0.0.0/42711] INFO  handler.ContextHandler (ContextHandler.java:doStart(921)) - Started o.e.j.w.WebAppContext@30a8ac50{scm,/,file:///home/runner/work/ozone/ozone/hadoop-ozone/integration-test/target/test-classes/webapps/scm/,AVAILABLE}{file:/home/runner/work/ozone/ozone/hadoop-ozone/integration-test/target/test-classes/webapps/scm}
2023-03-09 14:58:02,039 [Listener at 0.0.0.0/42711] INFO  server.AbstractConnector (AbstractConnector.java:doStart(333)) - Started ServerConnector@39cf7f3c{HTTP/1.1, (http/1.1)}{0.0.0.0:43683}
2023-03-09 14:58:02,039 [Listener at 0.0.0.0/42711] INFO  server.Server (Server.java:doStart(415)) - Started @12693ms
2023-03-09 14:58:02,042 [Listener at 0.0.0.0/42711] INFO  impl.MetricsSinkAdapter (MetricsSinkAdapter.java:start(204)) - Sink prometheus started
2023-03-09 14:58:02,042 [Listener at 0.0.0.0/42711] INFO  impl.MetricsSystemImpl (MetricsSystemImpl.java:registerSink(305)) - Registered sink prometheus
2023-03-09 14:58:02,043 [Listener at 0.0.0.0/42711] INFO  http.BaseHttpServer (BaseHttpServer.java:updateConnectorAddress(344)) - HTTP server of scm listening at http://0.0.0.0:43683
2023-03-09 14:58:02,044 [Listener at 0.0.0.0/42711] INFO  ozone.MiniOzoneHAClusterImpl (MiniOzoneHAClusterImpl.java:createSCMService(606)) - Started SCM RPC server at /0.0.0.0:42711
2023-03-09 14:58:02,114 [Listener at 0.0.0.0/42711] INFO  audit.AuditLogger (AuditLogger.java:refreshDebugCmdSet(126)) - Refresh DebugCmdSet for OMAudit to [].
2023-03-09 14:58:02,204 [Listener at 0.0.0.0/42711] INFO  ha.OMHANodeDetails (OMHANodeDetails.java:loadOMHAConfig(121)) - ServiceID for OzoneManager is om-add-remove
2023-03-09 14:58:02,208 [Listener at 0.0.0.0/42711] INFO  ha.OMHANodeDetails (OMHANodeDetails.java:loadOMHAConfig(201)) - Found matching OM address with OMServiceId: om-add-remove, OMNodeId: omNode-1, RPC Address: localhost:39405 and Ratis port: 42621
2023-03-09 14:58:02,208 [Listener at 0.0.0.0/42711] INFO  ha.OMHANodeDetails (ConfUtils.java:setNodeSpecificConfigs(97)) - Setting configuration key ozone.om.http-address with value of key ozone.om.http-address.om-add-remove.omNode-1: 127.0.0.1:38235
2023-03-09 14:58:02,208 [Listener at 0.0.0.0/42711] INFO  ha.OMHANodeDetails (ConfUtils.java:setNodeSpecificConfigs(97)) - Setting configuration key ozone.om.https-address with value of key ozone.om.https-address.om-add-remove.omNode-1: 127.0.0.1:40425
2023-03-09 14:58:02,209 [Listener at 0.0.0.0/42711] INFO  ha.OMHANodeDetails (ConfUtils.java:setNodeSpecificConfigs(97)) - Setting configuration key ozone.om.address with value of key ozone.om.address.om-add-remove.omNode-1: 127.0.0.1:39405
2023-03-09 14:58:02,211 [Listener at 0.0.0.0/42711] WARN  server.ServerUtils (ServerUtils.java:getDBPath(225)) - ozone.om.db.dirs is not configured. We recommend adding this setting. Falling back to ozone.metadata.dirs instead.
2023-03-09 14:58:02,223 [Listener at 0.0.0.0/42711] INFO  ha.SCMNodeInfo (SCMNodeInfo.java:getPort(197)) - ConfigKey ozone.scm.client.address is deprecated, For configuring different ports for each SCM use PortConfigKey ozone.scm.client.port appended with serviceId and nodeId
2023-03-09 14:58:02,223 [Listener at 0.0.0.0/42711] INFO  ha.SCMNodeInfo (SCMNodeInfo.java:getPort(197)) - ConfigKey ozone.scm.block.client.address is deprecated, For configuring different ports for each SCM use PortConfigKey ozone.scm.block.client.port appended with serviceId and nodeId
2023-03-09 14:58:02,223 [Listener at 0.0.0.0/42711] INFO  ha.SCMNodeInfo (SCMNodeInfo.java:getPort(197)) - ConfigKey ozone.scm.datanode.address is deprecated, For configuring different ports for each SCM use PortConfigKey ozone.scm.datanode.port appended with serviceId and nodeId
2023-03-09 14:58:02,224 [Listener at 0.0.0.0/42711] INFO  proxy.SCMBlockLocationFailoverProxyProvider (SCMBlockLocationFailoverProxyProvider.java:<init>(114)) - Created block location fail-over proxy with 1 nodes: [nodeId=scmNode-1,nodeAddress=/127.0.0.1:43203]
2023-03-09 14:58:04,531 [Listener at 0.0.0.0/42711] INFO  retry.RetryInvocationHandler (RetryInvocationHandler.java:log(411)) - com.google.protobuf.ServiceException: org.apache.hadoop.ipc.RemoteException(org.apache.hadoop.hdds.ratis.ServerNotLeaderException): Server:32163878-e8f2-41cf-b327-23a994648d98 is not the leader. Could not determine the leader node.
	at org.apache.hadoop.hdds.ratis.ServerNotLeaderException.convertToNotLeaderException(ServerNotLeaderException.java:109)
	at org.apache.hadoop.hdds.scm.ha.RatisUtil.checkRatisException(RatisUtil.java:246)
	at org.apache.hadoop.hdds.scm.protocol.ScmBlockLocationProtocolServerSideTranslatorPB.send(ScmBlockLocationProtocolServerSideTranslatorPB.java:109)
	at org.apache.hadoop.hdds.protocol.proto.ScmBlockLocationProtocolProtos$ScmBlockLocationProtocolService$2.callBlockingMethod(ScmBlockLocationProtocolProtos.java:14220)
	at org.apache.hadoop.ipc.ProtobufRpcEngine$Server.processCall(ProtobufRpcEngine.java:465)
	at org.apache.hadoop.ipc.ProtobufRpcEngine2$Server$ProtoBufRpcInvoker.call(ProtobufRpcEngine2.java:578)
	at org.apache.hadoop.ipc.ProtobufRpcEngine2$Server$ProtoBufRpcInvoker.call(ProtobufRpcEngine2.java:556)
	at org.apache.hadoop.ipc.RPC$Server.call(RPC.java:1093)
	at org.apache.hadoop.ipc.Server$RpcCall.run(Server.java:1043)
	at org.apache.hadoop.ipc.Server$RpcCall.run(Server.java:971)
	at java.security.AccessController.doPrivileged(Native Method)
	at javax.security.auth.Subject.doAs(Subject.java:422)
	at org.apache.hadoop.security.UserGroupInformation.doAs(UserGroupInformation.java:1878)
	at org.apache.hadoop.ipc.Server$Handler.run(Server.java:2976)
, while invoking $Proxy46.send over nodeId=scmNode-1,nodeAddress=/127.0.0.1:43203 after 1 failover attempts. Trying to failover after sleeping for 2000ms.
2023-03-09 14:58:06,208 [32163878-e8f2-41cf-b327-23a994648d98@group-8D18AD715950-FollowerState] INFO  impl.FollowerState (FollowerState.java:run(143)) - 32163878-e8f2-41cf-b327-23a994648d98@group-8D18AD715950-FollowerState: change to CANDIDATE, lastRpcElapsedTime:5141165559ns, electionTimeout:5138ms
2023-03-09 14:58:06,209 [32163878-e8f2-41cf-b327-23a994648d98@group-8D18AD715950-FollowerState] INFO  impl.RoleInfo (RoleInfo.java:shutdownFollowerState(110)) - 32163878-e8f2-41cf-b327-23a994648d98: shutdown 32163878-e8f2-41cf-b327-23a994648d98@group-8D18AD715950-FollowerState
2023-03-09 14:58:06,209 [32163878-e8f2-41cf-b327-23a994648d98@group-8D18AD715950-FollowerState] INFO  server.RaftServer$Division (RaftServerImpl.java:setRole(321)) - 32163878-e8f2-41cf-b327-23a994648d98@group-8D18AD715950: changes role from  FOLLOWER to CANDIDATE at term 1 for changeToCandidate
2023-03-09 14:58:06,209 [32163878-e8f2-41cf-b327-23a994648d98@group-8D18AD715950-FollowerState] INFO  server.RaftServerConfigKeys (ConfUtils.java:logGet(46)) - raft.server.leaderelection.pre-vote = true (default)
2023-03-09 14:58:06,209 [32163878-e8f2-41cf-b327-23a994648d98@group-8D18AD715950-FollowerState] INFO  impl.RoleInfo (RoleInfo.java:updateAndGet(139)) - 32163878-e8f2-41cf-b327-23a994648d98: start 32163878-e8f2-41cf-b327-23a994648d98@group-8D18AD715950-LeaderElection2
2023-03-09 14:58:06,211 [32163878-e8f2-41cf-b327-23a994648d98@group-8D18AD715950-LeaderElection2] INFO  impl.LeaderElection (LeaderElection.java:askForVotes(312)) - 32163878-e8f2-41cf-b327-23a994648d98@group-8D18AD715950-LeaderElection2 PRE_VOTE round 0: submit vote requests at term 1 for 0: peers:[32163878-e8f2-41cf-b327-23a994648d98|rpc:localhost:38101|admin:|client:|dataStream:|priority:0|startupRole:FOLLOWER]|listeners:[], old=null
2023-03-09 14:58:06,212 [32163878-e8f2-41cf-b327-23a994648d98@group-8D18AD715950-LeaderElection2] INFO  impl.LeaderElection (LeaderElection.java:askForVotes(314)) - 32163878-e8f2-41cf-b327-23a994648d98@group-8D18AD715950-LeaderElection2 PRE_VOTE round 0: result PASSED (term=1)
2023-03-09 14:58:06,214 [32163878-e8f2-41cf-b327-23a994648d98@group-8D18AD715950-LeaderElection2] INFO  impl.LeaderElection (LeaderElection.java:askForVotes(312)) - 32163878-e8f2-41cf-b327-23a994648d98@group-8D18AD715950-LeaderElection2 ELECTION round 0: submit vote requests at term 2 for 0: peers:[32163878-e8f2-41cf-b327-23a994648d98|rpc:localhost:38101|admin:|client:|dataStream:|priority:0|startupRole:FOLLOWER]|listeners:[], old=null
2023-03-09 14:58:06,214 [32163878-e8f2-41cf-b327-23a994648d98@group-8D18AD715950-LeaderElection2] INFO  impl.LeaderElection (LeaderElection.java:askForVotes(314)) - 32163878-e8f2-41cf-b327-23a994648d98@group-8D18AD715950-LeaderElection2 ELECTION round 0: result PASSED (term=2)
2023-03-09 14:58:06,214 [32163878-e8f2-41cf-b327-23a994648d98@group-8D18AD715950-LeaderElection2] INFO  impl.RoleInfo (RoleInfo.java:shutdownLeaderElection(130)) - 32163878-e8f2-41cf-b327-23a994648d98: shutdown 32163878-e8f2-41cf-b327-23a994648d98@group-8D18AD715950-LeaderElection2
2023-03-09 14:58:06,214 [32163878-e8f2-41cf-b327-23a994648d98@group-8D18AD715950-LeaderElection2] INFO  server.RaftServer$Division (RaftServerImpl.java:setRole(321)) - 32163878-e8f2-41cf-b327-23a994648d98@group-8D18AD715950: changes role from CANDIDATE to LEADER at term 2 for changeToLeader
2023-03-09 14:58:06,215 [32163878-e8f2-41cf-b327-23a994648d98@group-8D18AD715950-LeaderElection2] INFO  ha.SCMStateMachine (SCMStateMachine.java:notifyLeaderChanged(274)) - current SCM becomes leader of term 2.
2023-03-09 14:58:06,215 [32163878-e8f2-41cf-b327-23a994648d98@group-8D18AD715950-LeaderElection2] INFO  ha.SCMContext (SCMContext.java:updateLeaderAndTerm(99)) - update <isLeader,term> from <false,0> to <true,2>
2023-03-09 14:58:06,219 [32163878-e8f2-41cf-b327-23a994648d98@group-8D18AD715950-LeaderElection2] INFO  server.RaftServer$Division (ServerState.java:setLeader(313)) - 32163878-e8f2-41cf-b327-23a994648d98@group-8D18AD715950: change Leader from null to 32163878-e8f2-41cf-b327-23a994648d98 at term 2 for becomeLeader, leader elected after 6856ms
2023-03-09 14:58:06,219 [32163878-e8f2-41cf-b327-23a994648d98@group-8D18AD715950-LeaderElection2] INFO  server.RaftServerConfigKeys (ConfUtils.java:logGet(46)) - raft.server.staging.catchup.gap = 1000 (default)
2023-03-09 14:58:06,219 [32163878-e8f2-41cf-b327-23a994648d98@group-8D18AD715950-LeaderElection2] INFO  server.RaftServerConfigKeys (ConfUtils.java:logGet(46)) - raft.server.write.element-limit = 4096 (default)
2023-03-09 14:58:06,220 [32163878-e8f2-41cf-b327-23a994648d98@group-8D18AD715950-LeaderElection2] INFO  server.RaftServerConfigKeys (ConfUtils.java:logGet(46)) - raft.server.write.byte-limit = 64MB (=67108864) (default)
2023-03-09 14:58:06,220 [32163878-e8f2-41cf-b327-23a994648d98@group-8D18AD715950-LeaderElection2] INFO  server.RaftServerConfigKeys (ConfUtils.java:logGet(46)) - raft.server.watch.timeout = 10s (default)
2023-03-09 14:58:06,220 [32163878-e8f2-41cf-b327-23a994648d98@group-8D18AD715950-LeaderElection2] INFO  server.RaftServerConfigKeys (ConfUtils.java:logGet(46)) - raft.server.watch.timeout.denomination = 1s (default)
2023-03-09 14:58:06,220 [32163878-e8f2-41cf-b327-23a994648d98@group-8D18AD715950-LeaderElection2] INFO  server.RaftServerConfigKeys (ConfUtils.java:logGet(46)) - raft.server.watch.element-limit = 65536 (default)
2023-03-09 14:58:06,220 [32163878-e8f2-41cf-b327-23a994648d98@group-8D18AD715950-LeaderElection2] INFO  server.RaftServerConfigKeys (ConfUtils.java:logGet(46)) - raft.server.write.element-limit = 4096 (default)
2023-03-09 14:58:06,221 [32163878-e8f2-41cf-b327-23a994648d98@group-8D18AD715950-LeaderElection2] INFO  server.RaftServerConfigKeys (ConfUtils.java:logGet(46)) - raft.server.write.follower.gap.ratio.max = -1.0 (default)
2023-03-09 14:58:06,221 [32163878-e8f2-41cf-b327-23a994648d98@group-8D18AD715950-LeaderElection2] INFO  impl.RoleInfo (RoleInfo.java:updateAndGet(139)) - 32163878-e8f2-41cf-b327-23a994648d98: start 32163878-e8f2-41cf-b327-23a994648d98@group-8D18AD715950-LeaderStateImpl
2023-03-09 14:58:06,222 [32163878-e8f2-41cf-b327-23a994648d98@group-8D18AD715950-LeaderElection2] INFO  segmented.SegmentedRaftLogWorker (SegmentedRaftLogWorker.java:rollLogSegment(457)) - 32163878-e8f2-41cf-b327-23a994648d98@group-8D18AD715950-SegmentedRaftLogWorker: Rolling segment log-0_0 to index:0
2023-03-09 14:58:06,226 [32163878-e8f2-41cf-b327-23a994648d98@group-8D18AD715950-SegmentedRaftLogWorker] INFO  segmented.SegmentedRaftLogWorker (SegmentedRaftLogWorker.java:execute(613)) - 32163878-e8f2-41cf-b327-23a994648d98@group-8D18AD715950-SegmentedRaftLogWorker: Rolled log segment from /home/runner/work/ozone/ozone/hadoop-ozone/integration-test/target/test-dir/MiniOzoneClusterImpl-e86c7e49-e04f-4606-8b16-8d18ad715950/scmNode-1/scm-ha/e86c7e49-e04f-4606-8b16-8d18ad715950/current/log_inprogress_0 to /home/runner/work/ozone/ozone/hadoop-ozone/integration-test/target/test-dir/MiniOzoneClusterImpl-e86c7e49-e04f-4606-8b16-8d18ad715950/scmNode-1/scm-ha/e86c7e49-e04f-4606-8b16-8d18ad715950/current/log_0-0
2023-03-09 14:58:06,233 [32163878-e8f2-41cf-b327-23a994648d98@group-8D18AD715950-LeaderElection2] INFO  server.RaftServer$Division (ServerState.java:setRaftConf(430)) - 32163878-e8f2-41cf-b327-23a994648d98@group-8D18AD715950: set configuration 1: peers:[32163878-e8f2-41cf-b327-23a994648d98|rpc:localhost:38101|admin:|client:|dataStream:|priority:0|startupRole:FOLLOWER]|listeners:[], old=null
2023-03-09 14:58:06,240 [32163878-e8f2-41cf-b327-23a994648d98@group-8D18AD715950-SegmentedRaftLogWorker] INFO  segmented.SegmentedRaftLogWorker (SegmentedRaftLogWorker.java:execute(656)) - 32163878-e8f2-41cf-b327-23a994648d98@group-8D18AD715950-SegmentedRaftLogWorker: created new log segment /home/runner/work/ozone/ozone/hadoop-ozone/integration-test/target/test-dir/MiniOzoneClusterImpl-e86c7e49-e04f-4606-8b16-8d18ad715950/scmNode-1/scm-ha/e86c7e49-e04f-4606-8b16-8d18ad715950/current/log_inprogress_1
2023-03-09 14:58:06,245 [32163878-e8f2-41cf-b327-23a994648d98@group-8D18AD715950-StateMachineUpdater] INFO  ha.SCMContext (SCMContext.java:setLeaderReady(126)) - update <isLeaderReady> from <false> to <true>
2023-03-09 14:58:06,246 [32163878-e8f2-41cf-b327-23a994648d98@group-8D18AD715950-StateMachineUpdater] INFO  pipeline.BackgroundPipelineCreator (BackgroundPipelineCreator.java:notifyStatusChanged(254)) - Service BackgroundPipelineCreator transitions to RUNNING.
2023-03-09 14:58:06,258 [32163878-e8f2-41cf-b327-23a994648d98@group-8D18AD715950-StateMachineUpdater] INFO  safemode.HealthyPipelineSafeModeRule (HealthyPipelineSafeModeRule.java:initializeRule(165)) - Refreshed total pipeline count is 0, healthy pipeline threshold count is 1
2023-03-09 14:58:06,260 [32163878-e8f2-41cf-b327-23a994648d98@group-8D18AD715950-StateMachineUpdater] INFO  safemode.ContainerSafeModeRule (ContainerSafeModeRule.java:reInitializeRule(177)) - Refreshed one replica container threshold 0, currentThreshold 0
2023-03-09 14:58:06,260 [32163878-e8f2-41cf-b327-23a994648d98@group-8D18AD715950-StateMachineUpdater] INFO  safemode.OneReplicaPipelineSafeModeRule (OneReplicaPipelineSafeModeRule.java:initializeRule(176)) - Refreshed Total pipeline count is 0, pipeline's with at least one datanode reported threshold count is 0
2023-03-09 14:58:06,261 [32163878-e8f2-41cf-b327-23a994648d98@group-8D18AD715950-StateMachineUpdater] INFO  server.SCMDatanodeProtocolServer (SCMDatanodeProtocolServer.java:start(193)) - ScmDatanodeProtocol RPC server for DataNodes is listening at /0.0.0.0:42633
2023-03-09 14:58:06,270 [IPC Server Responder] INFO  ipc.Server (Server.java:run(1512)) - IPC Server Responder: starting
2023-03-09 14:58:06,270 [IPC Server listener on 42633] INFO  ipc.Server (Server.java:run(1352)) - IPC Server listener on 42633: starting
OM initialization succeeded.Current cluster id for sd=/home/runner/work/ozone/ozone/hadoop-ozone/integration-test/target/test-dir/MiniOzoneClusterImpl-e86c7e49-e04f-4606-8b16-8d18ad715950/omNode-1/om;cid=e86c7e49-e04f-4606-8b16-8d18ad715950;layoutVersion=3
2023-03-09 14:58:06,568 [Listener at 0.0.0.0/42711] INFO  ha.OMHANodeDetails (OMHANodeDetails.java:loadOMHAConfig(121)) - ServiceID for OzoneManager is om-add-remove
2023-03-09 14:58:06,569 [Listener at 0.0.0.0/42711] INFO  ha.OMHANodeDetails (OMHANodeDetails.java:loadOMHAConfig(201)) - Found matching OM address with OMServiceId: om-add-remove, OMNodeId: omNode-1, RPC Address: localhost:39405 and Ratis port: 42621
2023-03-09 14:58:06,569 [Listener at 0.0.0.0/42711] INFO  ha.OMHANodeDetails (ConfUtils.java:setNodeSpecificConfigs(97)) - Setting configuration key ozone.om.http-address with value of key ozone.om.http-address.om-add-remove.omNode-1: 127.0.0.1:38235
2023-03-09 14:58:06,569 [Listener at 0.0.0.0/42711] INFO  ha.OMHANodeDetails (ConfUtils.java:setNodeSpecificConfigs(97)) - Setting configuration key ozone.om.https-address with value of key ozone.om.https-address.om-add-remove.omNode-1: 127.0.0.1:40425
2023-03-09 14:58:06,569 [Listener at 0.0.0.0/42711] INFO  ha.OMHANodeDetails (ConfUtils.java:setNodeSpecificConfigs(97)) - Setting configuration key ozone.om.address with value of key ozone.om.address.om-add-remove.omNode-1: 127.0.0.1:39405
2023-03-09 14:58:06,569 [Listener at 0.0.0.0/42711] WARN  server.ServerUtils (ServerUtils.java:getDBPath(225)) - ozone.om.db.dirs is not configured. We recommend adding this setting. Falling back to ozone.metadata.dirs instead.
2023-03-09 14:58:06,574 [Listener at 0.0.0.0/42711] INFO  upgrade.AbstractLayoutVersionManager (AbstractLayoutVersionManager.java:init(83)) - Initializing Layout version manager with metadata layout = MULTITENANCY_SCHEMA (version = 3), software layout = MULTITENANCY_SCHEMA (version = 3)
2023-03-09 14:58:06,680 [Listener at 0.0.0.0/42711] INFO  reflections.Reflections (Reflections.java:scan(232)) - Reflections took 96 ms to scan 2 urls, producing 167 keys and 459 values [using 2 cores]
2023-03-09 14:58:06,694 [Listener at 0.0.0.0/42711] INFO  upgrade.OMLayoutVersionManager (OMLayoutVersionManager.java:lambda$0(115)) - Skipping Upgrade Action MockOmUpgradeAction since it has been finalized.
2023-03-09 14:58:06,697 [Listener at 0.0.0.0/42711] WARN  server.ServerUtils (ServerUtils.java:getDBPath(225)) - ozone.om.db.dirs is not configured. We recommend adding this setting. Falling back to ozone.metadata.dirs instead.
2023-03-09 14:58:06,718 [Listener at 0.0.0.0/42711] INFO  ha.SCMNodeInfo (SCMNodeInfo.java:getPort(197)) - ConfigKey ozone.scm.client.address is deprecated, For configuring different ports for each SCM use PortConfigKey ozone.scm.client.port appended with serviceId and nodeId
2023-03-09 14:58:06,718 [Listener at 0.0.0.0/42711] INFO  ha.SCMNodeInfo (SCMNodeInfo.java:getPort(197)) - ConfigKey ozone.scm.block.client.address is deprecated, For configuring different ports for each SCM use PortConfigKey ozone.scm.block.client.port appended with serviceId and nodeId
2023-03-09 14:58:06,718 [Listener at 0.0.0.0/42711] INFO  ha.SCMNodeInfo (SCMNodeInfo.java:getPort(197)) - ConfigKey ozone.scm.datanode.address is deprecated, For configuring different ports for each SCM use PortConfigKey ozone.scm.datanode.port appended with serviceId and nodeId
2023-03-09 14:58:06,865 [Listener at 0.0.0.0/42711] INFO  ha.SCMNodeInfo (SCMNodeInfo.java:getPort(197)) - ConfigKey ozone.scm.client.address is deprecated, For configuring different ports for each SCM use PortConfigKey ozone.scm.client.port appended with serviceId and nodeId
2023-03-09 14:58:06,868 [Listener at 0.0.0.0/42711] INFO  ha.SCMNodeInfo (SCMNodeInfo.java:getPort(197)) - ConfigKey ozone.scm.block.client.address is deprecated, For configuring different ports for each SCM use PortConfigKey ozone.scm.block.client.port appended with serviceId and nodeId
2023-03-09 14:58:06,869 [Listener at 0.0.0.0/42711] INFO  ha.SCMNodeInfo (SCMNodeInfo.java:getPort(197)) - ConfigKey ozone.scm.datanode.address is deprecated, For configuring different ports for each SCM use PortConfigKey ozone.scm.datanode.port appended with serviceId and nodeId
2023-03-09 14:58:06,871 [Listener at 0.0.0.0/42711] INFO  proxy.SCMBlockLocationFailoverProxyProvider (SCMBlockLocationFailoverProxyProvider.java:<init>(114)) - Created block location fail-over proxy with 1 nodes: [nodeId=scmNode-1,nodeAddress=/127.0.0.1:43203]
2023-03-09 14:58:06,889 [Listener at 0.0.0.0/42711] INFO  ha.SCMNodeInfo (SCMNodeInfo.java:getPort(197)) - ConfigKey ozone.scm.client.address is deprecated, For configuring different ports for each SCM use PortConfigKey ozone.scm.client.port appended with serviceId and nodeId
2023-03-09 14:58:06,889 [Listener at 0.0.0.0/42711] INFO  ha.SCMNodeInfo (SCMNodeInfo.java:getPort(197)) - ConfigKey ozone.scm.block.client.address is deprecated, For configuring different ports for each SCM use PortConfigKey ozone.scm.block.client.port appended with serviceId and nodeId
2023-03-09 14:58:06,889 [Listener at 0.0.0.0/42711] INFO  ha.SCMNodeInfo (SCMNodeInfo.java:getPort(197)) - ConfigKey ozone.scm.datanode.address is deprecated, For configuring different ports for each SCM use PortConfigKey ozone.scm.datanode.port appended with serviceId and nodeId
2023-03-09 14:58:06,890 [Listener at 0.0.0.0/42711] INFO  proxy.SCMBlockLocationFailoverProxyProvider (SCMBlockLocationFailoverProxyProvider.java:<init>(114)) - Created block location fail-over proxy with 1 nodes: [nodeId=scmNode-1,nodeAddress=/127.0.0.1:43203]
2023-03-09 14:58:06,921 [Listener at 0.0.0.0/42711] INFO  om.OzoneManager (OzoneManager.java:<init>(619)) - OM start with adminUsers: [runner]
2023-03-09 14:58:06,932 [Listener at 0.0.0.0/42711] WARN  server.ServerUtils (ServerUtils.java:getDBPath(225)) - ozone.om.db.dirs is not configured. We recommend adding this setting. Falling back to ozone.metadata.dirs instead.
2023-03-09 14:58:06,939 [Listener at 0.0.0.0/42711] INFO  codec.OmKeyInfoCodec (OmKeyInfoCodec.java:<init>(49)) - OmKeyInfoCodec ignorePipeline = true
2023-03-09 14:58:06,941 [Listener at 0.0.0.0/42711] INFO  codec.RepeatedOmKeyInfoCodec (RepeatedOmKeyInfoCodec.java:<init>(41)) - RepeatedOmKeyInfoCodec ignorePipeline = true
2023-03-09 14:58:07,210 [Listener at 0.0.0.0/42711] INFO  om.OzoneManager (OzoneManager.java:instantiateServices(749)) - S3 Multi-Tenancy is disabled
2023-03-09 14:58:07,244 [Listener at 0.0.0.0/42711] WARN  server.ServerUtils (ServerUtils.java:getDBPath(225)) - ozone.om.snapshot.diff.db.dir is not configured. We recommend adding this setting. Falling back to ozone.metadata.dirs instead.
2023-03-09 14:58:07,333 [Listener at 0.0.0.0/42711] INFO  om.OzoneManager (OzoneManager.java:addS3GVolumeToDB(4217)) - Created Volume s3v With Owner runner required for S3Gateway operations.
2023-03-09 14:58:07,405 [Listener at 0.0.0.0/42711] WARN  server.ServerUtils (ServerUtils.java:getDefaultRatisDirectory(237)) - Storage directory for Ratis is not configured. It is a good idea to map this to an SSD disk. Falling back to ozone.metadata.dirs
2023-03-09 14:58:07,406 [Listener at 0.0.0.0/42711] WARN  utils.OzoneManagerRatisUtils (OzoneManagerRatisUtils.java:getOMRatisSnapshotDirectory(436)) - ozone.om.ratis.snapshot.dir is not configured. Falling back to ozone.metadata.dirs config
2023-03-09 14:58:07,411 [Listener at 0.0.0.0/42711] WARN  impl.MetricRegistriesImpl (MetricRegistriesImpl.java:addReporterRegistration(111)) - New reporters are added after registries were created. Some metrics will be missing from the reporter. Please add reporter before adding any new registry.
2023-03-09 14:58:07,412 [Listener at 0.0.0.0/42711] WARN  impl.MetricRegistriesImpl (MetricRegistriesImpl.java:addReporterRegistration(111)) - New reporters are added after registries were created. Some metrics will be missing from the reporter. Please add reporter before adding any new registry.
2023-03-09 14:58:07,412 [Listener at 0.0.0.0/42711] WARN  server.ServerUtils (ServerUtils.java:getDefaultRatisDirectory(237)) - Storage directory for Ratis is not configured. It is a good idea to map this to an SSD disk. Falling back to ozone.metadata.dirs
2023-03-09 14:58:07,415 [Listener at 0.0.0.0/42711] INFO  ratis.OzoneManagerRatisServer (OzoneManagerRatisServer.java:<init>(164)) - Instantiating OM Ratis server with groupID: om-add-remove and peers: localhost:42621
2023-03-09 14:58:07,420 [Listener at 0.0.0.0/42711] INFO  ratis.OzoneManagerStateMachine (OzoneManagerStateMachine.java:loadSnapshotInfoFromDB(636)) - LastAppliedIndex is set from TransactionInfo from OM DB as (t:0, i:~)
2023-03-09 14:58:07,453 [Listener at 0.0.0.0/42711] INFO  server.RaftServer (ConfUtils.java:logGet(46)) - raft.rpc.type = GRPC (default)
2023-03-09 14:58:07,453 [Listener at 0.0.0.0/42711] INFO  grpc.GrpcConfigKeys (ConfUtils.java:logFallback(53)) - raft.grpc.admin.host = null (fallback to raft.grpc.server.host)
2023-03-09 14:58:07,454 [Listener at 0.0.0.0/42711] INFO  grpc.GrpcConfigKeys (ConfUtils.java:logFallback(53)) - raft.grpc.admin.port = 42621 (fallback to raft.grpc.server.port)
2023-03-09 14:58:07,454 [Listener at 0.0.0.0/42711] INFO  grpc.GrpcConfigKeys (ConfUtils.java:logFallback(53)) - raft.grpc.client.host = null (fallback to raft.grpc.server.host)
2023-03-09 14:58:07,454 [Listener at 0.0.0.0/42711] INFO  grpc.GrpcConfigKeys (ConfUtils.java:logFallback(53)) - raft.grpc.client.port = 42621 (fallback to raft.grpc.server.port)
2023-03-09 14:58:07,454 [Listener at 0.0.0.0/42711] INFO  grpc.GrpcConfigKeys (ConfUtils.java:logGet(46)) - raft.grpc.server.host = null (default)
2023-03-09 14:58:07,454 [Listener at 0.0.0.0/42711] INFO  grpc.GrpcConfigKeys (ConfUtils.java:logGet(46)) - raft.grpc.server.port = 42621 (custom)
2023-03-09 14:58:07,455 [Listener at 0.0.0.0/42711] INFO  server.GrpcService (ConfUtils.java:logGet(46)) - raft.grpc.message.size.max = 33554432 (custom)
2023-03-09 14:58:07,455 [Listener at 0.0.0.0/42711] INFO  server.RaftServerConfigKeys (ConfUtils.java:logGet(46)) - raft.server.log.appender.buffer.byte-limit = 33554432 (custom)
2023-03-09 14:58:07,455 [Listener at 0.0.0.0/42711] INFO  server.GrpcService (ConfUtils.java:logGet(46)) - raft.grpc.flow.control.window = 1MB (=1048576) (default)
2023-03-09 14:58:07,455 [Listener at 0.0.0.0/42711] INFO  server.RaftServerConfigKeys (ConfUtils.java:logGet(46)) - raft.server.rpc.request.timeout = 3000ms (default)
2023-03-09 14:58:07,455 [Listener at 0.0.0.0/42711] INFO  grpc.GrpcConfigKeys (ConfUtils.java:logGet(46)) - raft.grpc.server.heartbeat.channel = true (default)
2023-03-09 14:58:07,456 [Listener at 0.0.0.0/42711] INFO  grpc.GrpcConfigKeys (ConfUtils.java:logGet(46)) - raft.grpc.server.async.request.thread.pool.cached = true (default)
2023-03-09 14:58:07,456 [Listener at 0.0.0.0/42711] INFO  grpc.GrpcConfigKeys (ConfUtils.java:logGet(46)) - raft.grpc.server.async.request.thread.pool.size = 32 (default)
2023-03-09 14:58:07,457 [Listener at 0.0.0.0/42711] INFO  impl.DataStreamServerImpl (ConfUtils.java:logGet(46)) - raft.datastream.type = DISABLED (default)
2023-03-09 14:58:07,458 [Listener at 0.0.0.0/42711] INFO  server.RaftServerConfigKeys (ConfUtils.java:logGet(46)) - raft.server.threadpool.proxy.cached = true (default)
2023-03-09 14:58:07,458 [Listener at 0.0.0.0/42711] INFO  server.RaftServerConfigKeys (ConfUtils.java:logGet(46)) - raft.server.threadpool.proxy.size = 0 (default)
2023-03-09 14:58:07,458 [Listener at 0.0.0.0/42711] INFO  server.RaftServerConfigKeys (ConfUtils.java:logGet(46)) - raft.server.rpc.slowness.timeout = 2s (custom)
2023-03-09 14:58:07,458 [Listener at 0.0.0.0/42711] INFO  server.RaftServerConfigKeys (ConfUtils.java:logGet(46)) - raft.server.leaderelection.leader.step-down.wait-time = 10s (default)
2023-03-09 14:58:07,459 [Listener at 0.0.0.0/42711] INFO  server.RaftServerConfigKeys (ConfUtils.java:logGet(46)) - raft.server.storage.dir = [/home/runner/work/ozone/ozone/hadoop-ozone/integration-test/target/test-dir/MiniOzoneClusterImpl-e86c7e49-e04f-4606-8b16-8d18ad715950/omNode-1/ratis] (custom)
2023-03-09 14:58:07,460 [Listener at 0.0.0.0/42711] INFO  server.RaftServer (RaftServerProxy.java:addNew(96)) - omNode-1: addNew group-0AAC5367B30E:[omNode-1|rpc:localhost:42621|priority:0|startupRole:FOLLOWER] returns group-0AAC5367B30E:java.util.concurrent.CompletableFuture@7738b226[Not completed]
2023-03-09 14:58:07,460 [Listener at 0.0.0.0/42711] INFO  om.OzoneManager (OzoneManager.java:initializeRatisServer(2096)) - OzoneManager Ratis server initialized at port 42621
2023-03-09 14:58:07,464 [Listener at 0.0.0.0/42711] INFO  om.OzoneManager (OzoneManager.java:getRpcServer(1132)) - Creating RPC Server
2023-03-09 14:58:07,474 [pool-64-thread-1] INFO  server.RaftServer$Division (RaftServerImpl.java:<init>(195)) - omNode-1: new RaftServerImpl for group-0AAC5367B30E:[omNode-1|rpc:localhost:42621|priority:0|startupRole:FOLLOWER] with OzoneManagerStateMachine:uninitialized
2023-03-09 14:58:07,474 [pool-64-thread-1] INFO  server.RaftServerConfigKeys (ConfUtils.java:logGet(46)) - raft.server.rpc.timeout.min = 1s (custom)
2023-03-09 14:58:07,474 [pool-64-thread-1] INFO  server.RaftServerConfigKeys (ConfUtils.java:logGet(46)) - raft.server.rpc.timeout.max = 1200ms (custom)
2023-03-09 14:58:07,474 [pool-64-thread-1] INFO  server.RaftServerConfigKeys (ConfUtils.java:logGet(46)) - raft.server.rpc.sleep.time = 25ms (default)
2023-03-09 14:58:07,475 [pool-64-thread-1] INFO  server.RaftServerConfigKeys (ConfUtils.java:logGet(46)) - raft.server.rpc.slowness.timeout = 2s (custom)
2023-03-09 14:58:07,475 [pool-64-thread-1] INFO  server.RaftServerConfigKeys (ConfUtils.java:logGet(46)) - raft.server.leaderelection.leader.step-down.wait-time = 10s (default)
2023-03-09 14:58:07,475 [pool-64-thread-1] INFO  server.RaftServerConfigKeys (ConfUtils.java:logGet(46)) - raft.server.sleep.deviation.threshold = 300ms (default)
2023-03-09 14:58:07,475 [pool-64-thread-1] INFO  server.RaftServer$Division (ServerState.java:<init>(118)) - omNode-1@group-0AAC5367B30E: ConfigurationManager, init=-1: peers:[omNode-1|rpc:localhost:42621|priority:0|startupRole:FOLLOWER]|listeners:[], old=null, confs=<EMPTY_MAP>
2023-03-09 14:58:07,475 [pool-64-thread-1] INFO  server.RaftServerConfigKeys (ConfUtils.java:logGet(46)) - raft.server.storage.dir = [/home/runner/work/ozone/ozone/hadoop-ozone/integration-test/target/test-dir/MiniOzoneClusterImpl-e86c7e49-e04f-4606-8b16-8d18ad715950/omNode-1/ratis] (custom)
2023-03-09 14:58:07,476 [pool-64-thread-1] INFO  server.RaftServerConfigKeys (ConfUtils.java:logGet(46)) - raft.server.log.corruption.policy = EXCEPTION (default)
2023-03-09 14:58:07,476 [pool-64-thread-1] INFO  server.RaftServerConfigKeys (ConfUtils.java:logGet(46)) - raft.server.storage.free-space.min = 0MB (=0) (default)
2023-03-09 14:58:07,476 [pool-64-thread-1] INFO  server.RaftServerConfigKeys (ConfUtils.java:logGet(46)) - raft.server.notification.no-leader.timeout = 2s (custom)
2023-03-09 14:58:07,476 [pool-64-thread-1] INFO  server.RaftServerConfigKeys (ConfUtils.java:logGet(46)) - raft.server.retrycache.expirytime = 300s (custom)
2023-03-09 14:58:07,476 [pool-64-thread-1] INFO  server.RaftServerConfigKeys (ConfUtils.java:logGet(46)) - raft.server.retrycache.statistics.expirytime = 100μs (default)
2023-03-09 14:58:07,479 [pool-64-thread-1] INFO  server.RaftServerConfigKeys (ConfUtils.java:logGet(46)) - raft.server.log.appender.install.snapshot.enabled = false (custom)
2023-03-09 14:58:07,479 [pool-64-thread-1] INFO  server.RaftServerConfigKeys (ConfUtils.java:logGet(46)) - raft.server.threadpool.server.cached = true (default)
2023-03-09 14:58:07,479 [pool-64-thread-1] INFO  server.RaftServerConfigKeys (ConfUtils.java:logGet(46)) - raft.server.threadpool.server.size = 0 (default)
2023-03-09 14:58:07,479 [pool-64-thread-1] INFO  server.RaftServerConfigKeys (ConfUtils.java:logGet(46)) - raft.server.threadpool.client.cached = true (default)
2023-03-09 14:58:07,479 [pool-64-thread-1] INFO  server.RaftServerConfigKeys (ConfUtils.java:logGet(46)) - raft.server.threadpool.client.size = 0 (default)
2023-03-09 14:58:08,394 [Listener at 0.0.0.0/42711] INFO  reflections.Reflections (Reflections.java:scan(232)) - Reflections took 882 ms to scan 19 urls, producing 68 keys and 4914 values [using 2 cores]
2023-03-09 14:58:08,579 [Listener at 0.0.0.0/42711] INFO  ipc.CallQueueManager (CallQueueManager.java:<init>(90)) - Using callQueue: class java.util.concurrent.LinkedBlockingQueue, queueCapacity: 2000, scheduler: class org.apache.hadoop.ipc.DefaultRpcScheduler, ipcBackoff: false.
2023-03-09 14:58:08,580 [Socket Reader #1 for port 39405] INFO  ipc.Server (Server.java:run(1273)) - Starting Socket Reader #1 for port 39405
2023-03-09 14:58:08,612 [Listener at 127.0.0.1/39405] INFO  impl.MetricsSystemImpl (MetricsSystemImpl.java:init(158)) - OzoneManager metrics system started (again)
2023-03-09 14:58:08,629 [Listener at 127.0.0.1/39405] INFO  om.OzoneManager (OzoneManager.java:start(1553)) - OzoneManager RPC server is listening at localhost/127.0.0.1:39405
2023-03-09 14:58:08,630 [Listener at 127.0.0.1/39405] INFO  ratis.OzoneManagerRatisServer (OzoneManagerRatisServer.java:start(559)) - Starting OzoneManagerRatisServer omNode-1 at port 42621
2023-03-09 14:58:08,630 [omNode-1-impl-thread1] INFO  storage.RaftStorageDirectory (RaftStorageDirectoryImpl.java:analyzeStorage(137)) - The storage directory /home/runner/work/ozone/ozone/hadoop-ozone/integration-test/target/test-dir/MiniOzoneClusterImpl-e86c7e49-e04f-4606-8b16-8d18ad715950/omNode-1/ratis/0718e334-ffa1-36bc-8e9a-0aac5367b30e does not exist. Creating ...
2023-03-09 14:58:08,632 [omNode-1-impl-thread1] INFO  storage.RaftStorageDirectory (RaftStorageDirectoryImpl.java:tryLock(231)) - Lock on /home/runner/work/ozone/ozone/hadoop-ozone/integration-test/target/test-dir/MiniOzoneClusterImpl-e86c7e49-e04f-4606-8b16-8d18ad715950/omNode-1/ratis/0718e334-ffa1-36bc-8e9a-0aac5367b30e/in_use.lock acquired by nodename 57158@fv-az377-502
2023-03-09 14:58:08,634 [omNode-1-impl-thread1] INFO  storage.RaftStorage (RaftStorageImpl.java:format(96)) - Storage directory /home/runner/work/ozone/ozone/hadoop-ozone/integration-test/target/test-dir/MiniOzoneClusterImpl-e86c7e49-e04f-4606-8b16-8d18ad715950/omNode-1/ratis/0718e334-ffa1-36bc-8e9a-0aac5367b30e has been successfully formatted.
2023-03-09 14:58:08,635 [omNode-1-impl-thread1] INFO  server.RaftServerConfigKeys (ConfUtils.java:logGet(46)) - raft.server.log.use.memory = false (default)
2023-03-09 14:58:08,635 [omNode-1-impl-thread1] INFO  server.RaftServerConfigKeys (ConfUtils.java:logGet(46)) - raft.server.log.purge.gap = 1000000 (custom)
2023-03-09 14:58:08,636 [omNode-1-impl-thread1] INFO  server.RaftServerConfigKeys (ConfUtils.java:logGet(46)) - raft.server.log.appender.buffer.byte-limit = 33554432 (custom)
2023-03-09 14:58:08,636 [omNode-1-impl-thread1] INFO  server.RaftServerConfigKeys (ConfUtils.java:logGet(46)) - raft.server.log.statemachine.data.read.timeout = 1000ms (default)
2023-03-09 14:58:08,636 [omNode-1-impl-thread1] INFO  server.RaftServerConfigKeys (ConfUtils.java:logGet(46)) - raft.server.log.purge.preservation.log.num = 0 (default)
2023-03-09 14:58:08,636 [omNode-1-impl-thread1] INFO  server.RaftServerConfigKeys (ConfUtils.java:logGet(46)) - raft.server.log.segment.size.max = 4194304 (custom)
2023-03-09 14:58:08,637 [omNode-1-impl-thread1] INFO  server.RaftServerConfigKeys (ConfUtils.java:logGet(46)) - raft.server.log.segment.cache.num.max = 2 (custom)
2023-03-09 14:58:08,637 [omNode-1-impl-thread1] INFO  server.RaftServerConfigKeys (ConfUtils.java:logGet(46)) - raft.server.log.segment.cache.size.max = 200MB (=209715200) (default)
2023-03-09 14:58:08,637 [omNode-1-impl-thread1] INFO  segmented.SegmentedRaftLogWorker (SegmentedRaftLogWorker.java:<init>(189)) - new omNode-1@group-0AAC5367B30E-SegmentedRaftLogWorker for RaftStorageImpl:Storage Directory /home/runner/work/ozone/ozone/hadoop-ozone/integration-test/target/test-dir/MiniOzoneClusterImpl-e86c7e49-e04f-4606-8b16-8d18ad715950/omNode-1/ratis/0718e334-ffa1-36bc-8e9a-0aac5367b30e
2023-03-09 14:58:08,637 [omNode-1-impl-thread1] INFO  server.RaftServerConfigKeys (ConfUtils.java:logGet(46)) - raft.server.log.queue.byte-limit = 64MB (=67108864) (default)
2023-03-09 14:58:08,637 [omNode-1-impl-thread1] INFO  server.RaftServerConfigKeys (ConfUtils.java:logGet(46)) - raft.server.log.queue.element-limit = 4096 (default)
2023-03-09 14:58:08,638 [omNode-1-impl-thread1] INFO  server.RaftServerConfigKeys (ConfUtils.java:logGet(46)) - raft.server.log.segment.size.max = 4194304 (custom)
2023-03-09 14:58:08,638 [omNode-1-impl-thread1] INFO  server.RaftServerConfigKeys (ConfUtils.java:logGet(46)) - raft.server.log.preallocated.size = 4194304 (custom)
2023-03-09 14:58:08,638 [omNode-1-impl-thread1] INFO  server.RaftServerConfigKeys (ConfUtils.java:logGet(46)) - raft.server.log.force.sync.num = 128 (default)
2023-03-09 14:58:08,638 [omNode-1-impl-thread1] INFO  server.RaftServerConfigKeys (ConfUtils.java:logGet(46)) - raft.server.log.statemachine.data.sync = true (default)
2023-03-09 14:58:08,638 [omNode-1-impl-thread1] INFO  server.RaftServerConfigKeys (ConfUtils.java:logGet(46)) - raft.server.log.statemachine.data.sync.timeout = 10s (default)
2023-03-09 14:58:08,638 [omNode-1-impl-thread1] INFO  server.RaftServerConfigKeys (ConfUtils.java:logGet(46)) - raft.server.log.statemachine.data.sync.timeout.retry = -1 (default)
2023-03-09 14:58:08,641 [omNode-1-impl-thread1] INFO  server.RaftServerConfigKeys (ConfUtils.java:logGet(46)) - raft.server.log.write.buffer.size = 64KB (=65536) (default)
2023-03-09 14:58:08,641 [omNode-1-impl-thread1] INFO  server.RaftServerConfigKeys (ConfUtils.java:logGet(46)) - raft.server.log.appender.buffer.byte-limit = 33554432 (custom)
2023-03-09 14:58:08,691 [omNode-1-impl-thread1] INFO  server.RaftServerConfigKeys (ConfUtils.java:logGet(46)) - raft.server.log.unsafe-flush.enabled = false (default)
2023-03-09 14:58:08,696 [omNode-1-impl-thread1] INFO  server.RaftServerConfigKeys (ConfUtils.java:logGet(46)) - raft.server.log.async-flush.enabled = false (default)
2023-03-09 14:58:08,696 [omNode-1-impl-thread1] INFO  server.RaftServerConfigKeys (ConfUtils.java:logGet(46)) - raft.server.log.statemachine.data.caching.enabled = false (default)
2023-03-09 14:58:08,697 [omNode-1-impl-thread1] INFO  segmented.SegmentedRaftLogWorker (SegmentedRaftLogWorker.java:lambda$new$0(135)) - omNode-1@group-0AAC5367B30E-SegmentedRaftLogWorker: flushIndex: setUnconditionally 0 -> -1
2023-03-09 14:58:08,697 [omNode-1-impl-thread1] INFO  segmented.SegmentedRaftLogWorker (SegmentedRaftLogWorker.java:lambda$new$0(135)) - omNode-1@group-0AAC5367B30E-SegmentedRaftLogWorker: safeCacheEvictIndex: setUnconditionally 0 -> -1
2023-03-09 14:58:08,698 [omNode-1-impl-thread1] INFO  server.RaftServer$Division (RaftServerImpl.java:start(334)) - omNode-1@group-0AAC5367B30E: start as a follower, conf=-1: peers:[omNode-1|rpc:localhost:42621|priority:0|startupRole:FOLLOWER]|listeners:[], old=null
2023-03-09 14:58:08,698 [omNode-1-impl-thread1] INFO  server.RaftServer$Division (RaftServerImpl.java:setRole(321)) - omNode-1@group-0AAC5367B30E: changes role from      null to FOLLOWER at term 0 for startAsFollower
2023-03-09 14:58:08,698 [omNode-1-impl-thread1] INFO  impl.RoleInfo (RoleInfo.java:updateAndGet(139)) - omNode-1: start omNode-1@group-0AAC5367B30E-FollowerState
2023-03-09 14:58:08,699 [omNode-1-impl-thread1] INFO  util.JmxRegister (JmxRegister.java:tryRegister(44)) - Successfully registered JMX Bean with object name Ratis:service=RaftServer,group=group-0AAC5367B30E,id=omNode-1
2023-03-09 14:58:08,699 [omNode-1-impl-thread1] INFO  server.RaftServerConfigKeys (ConfUtils.java:logGet(46)) - raft.server.snapshot.auto.trigger.enabled = true (custom)
2023-03-09 14:58:08,699 [omNode-1-impl-thread1] INFO  server.RaftServerConfigKeys (ConfUtils.java:logGet(46)) - raft.server.snapshot.auto.trigger.threshold = 400000 (default)
2023-03-09 14:58:08,699 [omNode-1-impl-thread1] INFO  server.RaftServerConfigKeys (ConfUtils.java:logGet(46)) - raft.server.snapshot.retention.file.num = -1 (default)
2023-03-09 14:58:08,699 [omNode-1-impl-thread1] INFO  server.RaftServerConfigKeys (ConfUtils.java:logGet(46)) - raft.server.log.purge.upto.snapshot.index = true (custom)
2023-03-09 14:58:08,701 [omNode-1@group-0AAC5367B30E-FollowerState] INFO  server.RaftServerConfigKeys (ConfUtils.java:logFallback(53)) - raft.server.rpc.first-election.timeout.min = 1s (fallback to raft.server.rpc.timeout.min)
2023-03-09 14:58:08,702 [omNode-1@group-0AAC5367B30E-FollowerState] INFO  server.RaftServerConfigKeys (ConfUtils.java:logFallback(53)) - raft.server.rpc.first-election.timeout.max = 1200ms (fallback to raft.server.rpc.timeout.max)
2023-03-09 14:58:08,703 [Listener at 127.0.0.1/39405] INFO  server.RaftServer (RaftServerProxy.java:startImpl(393)) - omNode-1: start RPC server
2023-03-09 14:58:08,715 [Listener at 127.0.0.1/39405] INFO  server.GrpcService (GrpcService.java:startImpl(262)) - omNode-1: GrpcService started, listening on 42621
2023-03-09 14:58:08,718 [Listener at 127.0.0.1/39405] INFO  om.OzoneManager (OzoneManager.java:start(1569)) - Version File has different layout version (3) than OM DB (null). That is expected if this OM has never been finalized to a newer layout version.
2023-03-09 14:58:08,721 [JvmPauseMonitor2] INFO  util.JvmPauseMonitor (JvmPauseMonitor.java:run(105)) - JvmPauseMonitor-omNode-1: Started
2023-03-09 14:58:08,743 [Listener at 127.0.0.1/39405] INFO  http.BaseHttpServer (BaseHttpServer.java:newHttpServer2BuilderForOzone(224)) - Starting Web-server for ozoneManager at: http://0.0.0.0:38235
2023-03-09 14:58:08,744 [Listener at 127.0.0.1/39405] INFO  http.BaseHttpServer (BaseHttpServer.java:<init>(111)) - Hadoop Security Enabled: false Ozone Security Enabled: false Ozone HTTP Security Enabled: false 
2023-03-09 14:58:08,747 [Listener at 127.0.0.1/39405] WARN  server.AuthenticationFilter (AuthenticationFilter.java:constructSecretProvider(240)) - Unable to initialize FileSignerSecretProvider, falling back to use random secrets. Reason: Could not read signature secret file: /home/runner/hadoop-http-auth-signature-secret
2023-03-09 14:58:08,750 [Listener at 127.0.0.1/39405] WARN  http.HttpRequestLog (HttpRequestLog.java:getRequestLog(103)) - Jetty request log can only be enabled using Log4j
2023-03-09 14:58:08,751 [Listener at 127.0.0.1/39405] INFO  http.HttpServer2 (HttpServer2.java:addGlobalFilter(1031)) - Added global filter 'safety' (class=org.apache.hadoop.hdds.server.http.HttpServer2$QuotingInputFilter)
2023-03-09 14:58:08,752 [Listener at 127.0.0.1/39405] INFO  http.HttpServer2 (HttpServer2.java:addFilter(1007)) - Added filter static_user_filter (class=org.apache.hadoop.http.lib.StaticUserWebFilter$StaticUserFilter) to context ozoneManager
2023-03-09 14:58:08,752 [Listener at 127.0.0.1/39405] INFO  http.HttpServer2 (HttpServer2.java:addFilter(1015)) - Added filter static_user_filter (class=org.apache.hadoop.http.lib.StaticUserWebFilter$StaticUserFilter) to context static
2023-03-09 14:58:08,752 [Listener at 127.0.0.1/39405] INFO  http.HttpServer2 (HttpServer2.java:addFilter(1015)) - Added filter static_user_filter (class=org.apache.hadoop.http.lib.StaticUserWebFilter$StaticUserFilter) to context logs
2023-03-09 14:58:08,753 [Listener at 127.0.0.1/39405] INFO  http.BaseHttpServer (BaseHttpServer.java:<init>(190)) - HTTP server of ozoneManager uses base directory /home/runner/work/ozone/ozone/hadoop-ozone/integration-test/target/test-dir/MiniOzoneClusterImpl-e86c7e49-e04f-4606-8b16-8d18ad715950/omNode-1/webserver
2023-03-09 14:58:08,756 [Listener at 127.0.0.1/39405] INFO  http.HttpServer2 (HttpServer2.java:bindListener(1250)) - Jetty bound to port 38235
2023-03-09 14:58:08,757 [Listener at 127.0.0.1/39405] INFO  server.Server (Server.java:doStart(375)) - jetty-9.4.49.v20220914; built: 2022-09-14T01:07:36.601Z; git: 4231a3b2e4cb8548a412a789936d640a97b1aa0a; jvm 1.8.0_362-b09
2023-03-09 14:58:08,781 [Listener at 127.0.0.1/39405] INFO  server.session (DefaultSessionIdManager.java:doStart(334)) - DefaultSessionIdManager workerName=node0
2023-03-09 14:58:08,781 [Listener at 127.0.0.1/39405] INFO  server.session (DefaultSessionIdManager.java:doStart(339)) - No SessionScavenger set, using defaults
2023-03-09 14:58:08,781 [Listener at 127.0.0.1/39405] INFO  server.session (HouseKeeper.java:startScavenging(132)) - node0 Scavenging every 600000ms
2023-03-09 14:58:08,783 [Listener at 127.0.0.1/39405] INFO  handler.ContextHandler (ContextHandler.java:doStart(921)) - Started o.e.j.s.ServletContextHandler@3fa4fe1f{logs,/logs,file:///home/runner/work/ozone/ozone/hadoop-ozone/integration-test/target/log,AVAILABLE}
2023-03-09 14:58:08,784 [Listener at 127.0.0.1/39405] INFO  handler.ContextHandler (ContextHandler.java:doStart(921)) - Started o.e.j.s.ServletContextHandler@311fd276{static,/static,file:///home/runner/work/ozone/ozone/hadoop-ozone/integration-test/target/test-classes/webapps/static,AVAILABLE}
2023-03-09 14:58:08,791 [Listener at 127.0.0.1/39405] INFO  handler.ContextHandler (ContextHandler.java:doStart(921)) - Started o.e.j.w.WebAppContext@1d74b85d{ozoneManager,/,file:///home/runner/work/ozone/ozone/hadoop-ozone/integration-test/target/test-classes/webapps/ozoneManager/,AVAILABLE}{file:/home/runner/work/ozone/ozone/hadoop-ozone/integration-test/target/test-classes/webapps/ozoneManager}
2023-03-09 14:58:08,795 [Listener at 127.0.0.1/39405] INFO  server.AbstractConnector (AbstractConnector.java:doStart(333)) - Started ServerConnector@25300a2{HTTP/1.1, (http/1.1)}{0.0.0.0:38235}
2023-03-09 14:58:08,795 [Listener at 127.0.0.1/39405] INFO  server.Server (Server.java:doStart(415)) - Started @19449ms
2023-03-09 14:58:08,796 [Listener at 127.0.0.1/39405] WARN  impl.MetricsSystemImpl (MetricsSystemImpl.java:register(279)) - Sink prometheus already exists!
2023-03-09 14:58:08,797 [Listener at 127.0.0.1/39405] INFO  http.BaseHttpServer (BaseHttpServer.java:updateConnectorAddress(344)) - HTTP server of ozoneManager listening at http://0.0.0.0:38235
2023-03-09 14:58:08,802 [IPC Server Responder] INFO  ipc.Server (Server.java:run(1512)) - IPC Server Responder: starting
2023-03-09 14:58:08,807 [IPC Server listener on 39405] INFO  ipc.Server (Server.java:run(1352)) - IPC Server listener on 39405: starting
2023-03-09 14:58:08,816 [Listener at 127.0.0.1/39405] INFO  om.OzoneManager (OzoneManager.java:startTrashEmptier(2040)) - Trash Interval set to 0. Files deleted won't move to trash
2023-03-09 14:58:08,820 [Listener at 127.0.0.1/39405] INFO  ozone.MiniOzoneHAClusterImpl (MiniOzoneHAClusterImpl.java:createOMService(527)) - Started OzoneManager omNode-1 RPC server at localhost/127.0.0.1:39405
2023-03-09 14:58:08,820 [org.apache.hadoop.util.JvmPauseMonitor$Monitor@55150964] INFO  util.JvmPauseMonitor (JvmPauseMonitor.java:run(188)) - Starting JVM pause monitor
2023-03-09 14:58:08,986 [Listener at 127.0.0.1/39405] WARN  impl.MetricRegistriesImpl (MetricRegistriesImpl.java:addReporterRegistration(111)) - New reporters are added after registries were created. Some metrics will be missing from the reporter. Please add reporter before adding any new registry.
2023-03-09 14:58:08,986 [Listener at 127.0.0.1/39405] WARN  impl.MetricRegistriesImpl (MetricRegistriesImpl.java:addReporterRegistration(111)) - New reporters are added after registries were created. Some metrics will be missing from the reporter. Please add reporter before adding any new registry.
2023-03-09 14:58:08,986 [Listener at 127.0.0.1/39405] INFO  impl.MetricsSystemImpl (MetricsSystemImpl.java:init(158)) - HddsDatanode metrics system started (again)
2023-03-09 14:58:09,009 [Listener at 127.0.0.1/39405] INFO  ozone.HddsDatanodeService (HddsDatanodeService.java:start(229)) - HddsDatanodeService host:fv-az377-502.ap30g4v5sw5evmjtdmxdg2w53f.dx.internal.cloudapp.net ip:10.1.0.44
2023-03-09 14:58:09,050 [Listener at 127.0.0.1/39405] INFO  upgrade.AbstractLayoutVersionManager (AbstractLayoutVersionManager.java:init(83)) - Initializing Layout version manager with metadata layout = DATANODE_SCHEMA_V3 (version = 4), software layout = DATANODE_SCHEMA_V3 (version = 4)
2023-03-09 14:58:09,109 [Listener at 127.0.0.1/39405] INFO  reflections.Reflections (Reflections.java:scan(232)) - Reflections took 57 ms to scan 7 urls, producing 154 keys and 367 values 
2023-03-09 14:58:09,118 [Listener at 127.0.0.1/39405] INFO  ha.SCMNodeInfo (SCMNodeInfo.java:getPort(197)) - ConfigKey ozone.scm.client.address is deprecated, For configuring different ports for each SCM use PortConfigKey ozone.scm.client.port appended with serviceId and nodeId
2023-03-09 14:58:09,118 [Listener at 127.0.0.1/39405] INFO  ha.SCMNodeInfo (SCMNodeInfo.java:getPort(197)) - ConfigKey ozone.scm.block.client.address is deprecated, For configuring different ports for each SCM use PortConfigKey ozone.scm.block.client.port appended with serviceId and nodeId
2023-03-09 14:58:09,118 [Listener at 127.0.0.1/39405] INFO  ha.SCMNodeInfo (SCMNodeInfo.java:getPort(197)) - ConfigKey ozone.scm.datanode.address is deprecated, For configuring different ports for each SCM use PortConfigKey ozone.scm.datanode.port appended with serviceId and nodeId
2023-03-09 14:58:09,119 [Listener at 127.0.0.1/39405] INFO  statemachine.DatanodeStateMachine (DatanodeStateMachine.java:getEndPointTaskThreadPoolSize(260)) - Datanode State Machine Task Thread Pool size 2
2023-03-09 14:58:09,213 [Listener at 127.0.0.1/39405] INFO  volume.HddsVolume (HddsVolume.java:<init>(122)) - Creating HddsVolume: /home/runner/work/ozone/ozone/hadoop-ozone/integration-test/target/test-dir/MiniOzoneClusterImpl-e86c7e49-e04f-4606-8b16-8d18ad715950/datanode-0/data-0/containers/hdds of storage type : DISK capacity : 9223372036854775807
2023-03-09 14:58:09,217 [Listener at 127.0.0.1/39405] INFO  volume.MutableVolumeSet (MutableVolumeSet.java:initializeVolumeSet(174)) - Added Volume : /home/runner/work/ozone/ozone/hadoop-ozone/integration-test/target/test-dir/MiniOzoneClusterImpl-e86c7e49-e04f-4606-8b16-8d18ad715950/datanode-0/data-0/containers/hdds to VolumeSet
2023-03-09 14:58:09,219 [Listener at 127.0.0.1/39405] INFO  volume.ThrottledAsyncChecker (ThrottledAsyncChecker.java:schedule(141)) - Scheduling a check for /home/runner/work/ozone/ozone/hadoop-ozone/integration-test/target/test-dir/MiniOzoneClusterImpl-e86c7e49-e04f-4606-8b16-8d18ad715950/datanode-0/data-0/containers/hdds
2023-03-09 14:58:09,241 [Listener at 127.0.0.1/39405] INFO  volume.StorageVolumeChecker (StorageVolumeChecker.java:checkAllVolumes(202)) - Scheduled health check for volume /home/runner/work/ozone/ozone/hadoop-ozone/integration-test/target/test-dir/MiniOzoneClusterImpl-e86c7e49-e04f-4606-8b16-8d18ad715950/datanode-0/data-0/containers/hdds
2023-03-09 14:58:09,263 [Listener at 127.0.0.1/39405] INFO  volume.MutableVolumeSet (MutableVolumeSet.java:initializeVolumeSet(174)) - Added Volume : /home/runner/work/ozone/ozone/hadoop-ozone/integration-test/target/test-dir/MiniOzoneClusterImpl-e86c7e49-e04f-4606-8b16-8d18ad715950/datanode-0/data/ratis to VolumeSet
2023-03-09 14:58:09,263 [Listener at 127.0.0.1/39405] INFO  volume.ThrottledAsyncChecker (ThrottledAsyncChecker.java:schedule(141)) - Scheduling a check for /home/runner/work/ozone/ozone/hadoop-ozone/integration-test/target/test-dir/MiniOzoneClusterImpl-e86c7e49-e04f-4606-8b16-8d18ad715950/datanode-0/data/ratis
2023-03-09 14:58:09,263 [Listener at 127.0.0.1/39405] INFO  volume.StorageVolumeChecker (StorageVolumeChecker.java:checkAllVolumes(202)) - Scheduled health check for volume /home/runner/work/ozone/ozone/hadoop-ozone/integration-test/target/test-dir/MiniOzoneClusterImpl-e86c7e49-e04f-4606-8b16-8d18ad715950/datanode-0/data/ratis
2023-03-09 14:58:09,290 [Thread-389] INFO  ozoneimpl.ContainerReader (ContainerReader.java:readVolume(175)) - Finish verifying containers on volume /home/runner/work/ozone/ozone/hadoop-ozone/integration-test/target/test-dir/MiniOzoneClusterImpl-e86c7e49-e04f-4606-8b16-8d18ad715950/datanode-0/data-0/containers/hdds
2023-03-09 14:58:09,291 [Listener at 127.0.0.1/39405] INFO  ozoneimpl.OzoneContainer (OzoneContainer.java:buildContainerSet(304)) - Build ContainerSet costs 0s
2023-03-09 14:58:09,351 [Listener at 127.0.0.1/39405] INFO  audit.AuditLogger (AuditLogger.java:refreshDebugCmdSet(126)) - Refresh DebugCmdSet for DNAudit to [].
2023-03-09 14:58:09,387 [Listener at 127.0.0.1/39405] INFO  server.RaftServer (ConfUtils.java:logGet(46)) - raft.rpc.type = GRPC (default)
2023-03-09 14:58:09,387 [Listener at 127.0.0.1/39405] INFO  grpc.GrpcConfigKeys (ConfUtils.java:logFallback(53)) - raft.grpc.admin.host = null (fallback to raft.grpc.server.host)
2023-03-09 14:58:09,388 [Listener at 127.0.0.1/39405] INFO  grpc.GrpcConfigKeys (ConfUtils.java:logGet(46)) - raft.grpc.admin.port = 0 (custom)
2023-03-09 14:58:09,388 [Listener at 127.0.0.1/39405] INFO  grpc.GrpcConfigKeys (ConfUtils.java:logFallback(53)) - raft.grpc.client.host = null (fallback to raft.grpc.server.host)
2023-03-09 14:58:09,388 [Listener at 127.0.0.1/39405] INFO  grpc.GrpcConfigKeys (ConfUtils.java:logGet(46)) - raft.grpc.client.port = 0 (custom)
2023-03-09 14:58:09,388 [Listener at 127.0.0.1/39405] INFO  grpc.GrpcConfigKeys (ConfUtils.java:logGet(46)) - raft.grpc.server.host = null (default)
2023-03-09 14:58:09,389 [Listener at 127.0.0.1/39405] INFO  grpc.GrpcConfigKeys (ConfUtils.java:logGet(46)) - raft.grpc.server.port = 0 (default)
2023-03-09 14:58:09,389 [Listener at 127.0.0.1/39405] INFO  server.GrpcService (ConfUtils.java:logGet(46)) - raft.grpc.message.size.max = 32MB (=33554432) (custom)
2023-03-09 14:58:09,389 [Listener at 127.0.0.1/39405] INFO  server.RaftServerConfigKeys (ConfUtils.java:logGet(46)) - raft.server.log.appender.buffer.byte-limit = 33554432 (custom)
2023-03-09 14:58:09,389 [Listener at 127.0.0.1/39405] INFO  server.GrpcService (ConfUtils.java:logGet(46)) - raft.grpc.flow.control.window = 5MB (=5242880) (custom)
2023-03-09 14:58:09,389 [Listener at 127.0.0.1/39405] INFO  server.RaftServerConfigKeys (ConfUtils.java:logGet(46)) - raft.server.rpc.request.timeout = 60s (custom)
2023-03-09 14:58:09,390 [Listener at 127.0.0.1/39405] INFO  grpc.GrpcConfigKeys (ConfUtils.java:logGet(46)) - raft.grpc.server.heartbeat.channel = true (default)
2023-03-09 14:58:09,390 [Listener at 127.0.0.1/39405] INFO  grpc.GrpcConfigKeys (ConfUtils.java:logGet(46)) - raft.grpc.server.async.request.thread.pool.cached = true (default)
2023-03-09 14:58:09,390 [Listener at 127.0.0.1/39405] INFO  grpc.GrpcConfigKeys (ConfUtils.java:logGet(46)) - raft.grpc.server.async.request.thread.pool.size = 32 (default)
2023-03-09 14:58:09,392 [Listener at 127.0.0.1/39405] INFO  impl.DataStreamServerImpl (ConfUtils.java:logGet(46)) - raft.datastream.type = NETTY (custom)
2023-03-09 14:58:09,403 [Listener at 127.0.0.1/39405] INFO  server.RaftServerConfigKeys (ConfUtils.java:logGet(46)) - raft.server.data-stream.async.request.thread.pool.cached = false (default)
2023-03-09 14:58:09,404 [Listener at 127.0.0.1/39405] INFO  server.RaftServerConfigKeys (ConfUtils.java:logGet(46)) - raft.server.data-stream.async.request.thread.pool.size = 20 (custom)
2023-03-09 14:58:09,404 [Listener at 127.0.0.1/39405] INFO  server.RaftServerConfigKeys (ConfUtils.java:logGet(46)) - raft.server.data-stream.async.write.thread.pool.size = 16 (default)
2023-03-09 14:58:09,405 [Listener at 127.0.0.1/39405] INFO  server.RaftServerConfigKeys (ConfUtils.java:logGet(46)) - raft.server.data-stream.client.pool.size = 10 (default)
2023-03-09 14:58:09,408 [Listener at 127.0.0.1/39405] INFO  netty.NettyConfigKeys$DataStream (ConfUtils.java:logGet(46)) - raft.netty.dataStream.server.use-epoll = false (default)
2023-03-09 14:58:09,409 [Listener at 127.0.0.1/39405] INFO  netty.NettyConfigKeys$DataStream (ConfUtils.java:logGet(46)) - raft.netty.dataStream.server.boss-group.size = 0 (default)
2023-03-09 14:58:09,416 [Listener at 127.0.0.1/39405] INFO  netty.NettyConfigKeys$DataStream (ConfUtils.java:logGet(46)) - raft.netty.dataStream.server.worker-group.size = 0 (default)
2023-03-09 14:58:09,420 [Listener at 127.0.0.1/39405] INFO  netty.NettyConfigKeys$DataStream (ConfUtils.java:logGet(46)) - raft.netty.dataStream.server.tls.conf = null (default)
2023-03-09 14:58:09,422 [Listener at 127.0.0.1/39405] INFO  netty.NettyConfigKeys$DataStream (ConfUtils.java:logGet(46)) - raft.netty.dataStream.host = null (default)
2023-03-09 14:58:09,424 [Listener at 127.0.0.1/39405] INFO  netty.NettyConfigKeys$DataStream (ConfUtils.java:logGet(46)) - raft.netty.dataStream.port = 0 (default)
2023-03-09 14:58:09,434 [Listener at 127.0.0.1/39405] INFO  server.RaftServerConfigKeys (ConfUtils.java:logGet(46)) - raft.server.threadpool.proxy.cached = true (default)
2023-03-09 14:58:09,434 [Listener at 127.0.0.1/39405] INFO  server.RaftServerConfigKeys (ConfUtils.java:logGet(46)) - raft.server.threadpool.proxy.size = 0 (default)
2023-03-09 14:58:09,434 [Listener at 127.0.0.1/39405] INFO  server.RaftServerConfigKeys (ConfUtils.java:logGet(46)) - raft.server.rpc.slowness.timeout = 300s (custom)
2023-03-09 14:58:09,434 [Listener at 127.0.0.1/39405] INFO  server.RaftServerConfigKeys (ConfUtils.java:logGet(46)) - raft.server.leaderelection.leader.step-down.wait-time = 10s (default)
2023-03-09 14:58:09,435 [Listener at 127.0.0.1/39405] INFO  server.RaftServerConfigKeys (ConfUtils.java:logGet(46)) - raft.server.storage.dir = [/home/runner/work/ozone/ozone/hadoop-ozone/integration-test/target/test-dir/MiniOzoneClusterImpl-e86c7e49-e04f-4606-8b16-8d18ad715950/datanode-0/data/ratis] (custom)
2023-03-09 14:58:09,459 [9c2028ec-eae4-47ee-99aa-bca7ce936f50-NettyServerStreamRpc-bossGroup--thread1] INFO  logging.LoggingHandler (AbstractInternalLogger.java:log(148)) - [id: 0x4b5b99df] REGISTERED
2023-03-09 14:58:09,459 [9c2028ec-eae4-47ee-99aa-bca7ce936f50-NettyServerStreamRpc-bossGroup--thread1] INFO  logging.LoggingHandler (AbstractInternalLogger.java:log(148)) - [id: 0x4b5b99df] BIND: 0.0.0.0/0.0.0.0:0
2023-03-09 14:58:09,460 [9c2028ec-eae4-47ee-99aa-bca7ce936f50-NettyServerStreamRpc-bossGroup--thread1] INFO  logging.LoggingHandler (AbstractInternalLogger.java:log(148)) - [id: 0x4b5b99df, L:/0:0:0:0:0:0:0:0:38891] ACTIVE
2023-03-09 14:58:09,486 [Listener at 127.0.0.1/39405] INFO  server.XceiverServerGrpc (XceiverServerGrpc.java:<init>(132)) - GrpcServer channel type EpollServerSocketChannel
2023-03-09 14:58:09,579 [Listener at 127.0.0.1/39405] INFO  http.BaseHttpServer (BaseHttpServer.java:newHttpServer2BuilderForOzone(224)) - Starting Web-server for hddsDatanode at: http://0.0.0.0:0
2023-03-09 14:58:09,579 [Listener at 127.0.0.1/39405] INFO  http.BaseHttpServer (BaseHttpServer.java:<init>(111)) - Hadoop Security Enabled: false Ozone Security Enabled: false Ozone HTTP Security Enabled: false 
2023-03-09 14:58:09,581 [Listener at 127.0.0.1/39405] WARN  server.AuthenticationFilter (AuthenticationFilter.java:constructSecretProvider(240)) - Unable to initialize FileSignerSecretProvider, falling back to use random secrets. Reason: Could not read signature secret file: /home/runner/hadoop-http-auth-signature-secret
2023-03-09 14:58:09,582 [Listener at 127.0.0.1/39405] WARN  http.HttpRequestLog (HttpRequestLog.java:getRequestLog(103)) - Jetty request log can only be enabled using Log4j
2023-03-09 14:58:09,584 [Listener at 127.0.0.1/39405] INFO  http.HttpServer2 (HttpServer2.java:addGlobalFilter(1031)) - Added global filter 'safety' (class=org.apache.hadoop.hdds.server.http.HttpServer2$QuotingInputFilter)
2023-03-09 14:58:09,584 [Listener at 127.0.0.1/39405] INFO  http.HttpServer2 (HttpServer2.java:addFilter(1007)) - Added filter static_user_filter (class=org.apache.hadoop.http.lib.StaticUserWebFilter$StaticUserFilter) to context hddsDatanode
2023-03-09 14:58:09,585 [Listener at 127.0.0.1/39405] INFO  http.HttpServer2 (HttpServer2.java:addFilter(1015)) - Added filter static_user_filter (class=org.apache.hadoop.http.lib.StaticUserWebFilter$StaticUserFilter) to context logs
2023-03-09 14:58:09,585 [Listener at 127.0.0.1/39405] INFO  http.HttpServer2 (HttpServer2.java:addFilter(1015)) - Added filter static_user_filter (class=org.apache.hadoop.http.lib.StaticUserWebFilter$StaticUserFilter) to context static
2023-03-09 14:58:09,589 [Listener at 127.0.0.1/39405] INFO  http.BaseHttpServer (BaseHttpServer.java:<init>(190)) - HTTP server of hddsDatanode uses base directory /home/runner/work/ozone/ozone/hadoop-ozone/integration-test/target/test-dir/MiniOzoneClusterImpl-e86c7e49-e04f-4606-8b16-8d18ad715950/datanode-0/meta/webserver
2023-03-09 14:58:09,589 [Listener at 127.0.0.1/39405] INFO  http.HttpServer2 (HttpServer2.java:bindListener(1250)) - Jetty bound to port 39073
2023-03-09 14:58:09,589 [Listener at 127.0.0.1/39405] INFO  server.Server (Server.java:doStart(375)) - jetty-9.4.49.v20220914; built: 2022-09-14T01:07:36.601Z; git: 4231a3b2e4cb8548a412a789936d640a97b1aa0a; jvm 1.8.0_362-b09
2023-03-09 14:58:09,595 [Listener at 127.0.0.1/39405] INFO  server.session (DefaultSessionIdManager.java:doStart(334)) - DefaultSessionIdManager workerName=node0
2023-03-09 14:58:09,596 [Listener at 127.0.0.1/39405] INFO  server.session (DefaultSessionIdManager.java:doStart(339)) - No SessionScavenger set, using defaults
2023-03-09 14:58:09,596 [Listener at 127.0.0.1/39405] INFO  server.session (HouseKeeper.java:startScavenging(132)) - node0 Scavenging every 660000ms
2023-03-09 14:58:09,597 [Listener at 127.0.0.1/39405] INFO  handler.ContextHandler (ContextHandler.java:doStart(921)) - Started o.e.j.s.ServletContextHandler@70f04941{logs,/logs,file:///home/runner/work/ozone/ozone/hadoop-ozone/integration-test/target/log,AVAILABLE}
2023-03-09 14:58:09,598 [Listener at 127.0.0.1/39405] INFO  handler.ContextHandler (ContextHandler.java:doStart(921)) - Started o.e.j.s.ServletContextHandler@68989b46{static,/static,jar:file:/home/runner/.m2/repository/org/apache/ozone/hdds-container-service/1.4.0-SNAPSHOT/hdds-container-service-1.4.0-SNAPSHOT.jar!/webapps/static,AVAILABLE}
2023-03-09 14:58:09,867 [Listener at 127.0.0.1/39405] INFO  handler.ContextHandler (ContextHandler.java:doStart(921)) - Started o.e.j.w.WebAppContext@7b5f32be{hddsDatanode,/,file:///home/runner/work/ozone/ozone/hadoop-ozone/integration-test/target/test-dir/MiniOzoneClusterImpl-e86c7e49-e04f-4606-8b16-8d18ad715950/datanode-0/meta/webserver/jetty-0_0_0_0-39073-hdds-container-service-1_4_0-SNAPSHOT_jar-_-any-3441879394066878511/webapp/,AVAILABLE}{jar:file:/home/runner/.m2/repository/org/apache/ozone/hdds-container-service/1.4.0-SNAPSHOT/hdds-container-service-1.4.0-SNAPSHOT.jar!/webapps/hddsDatanode}
2023-03-09 14:58:09,871 [Listener at 127.0.0.1/39405] INFO  server.AbstractConnector (AbstractConnector.java:doStart(333)) - Started ServerConnector@52396d1e{HTTP/1.1, (http/1.1)}{0.0.0.0:39073}
2023-03-09 14:58:09,871 [Listener at 127.0.0.1/39405] INFO  server.Server (Server.java:doStart(415)) - Started @20524ms
2023-03-09 14:58:09,871 [Listener at 127.0.0.1/39405] WARN  impl.MetricsSystemImpl (MetricsSystemImpl.java:register(279)) - Sink prometheus already exists!
2023-03-09 14:58:09,872 [Listener at 127.0.0.1/39405] INFO  http.BaseHttpServer (BaseHttpServer.java:updateConnectorAddress(344)) - HTTP server of hddsDatanode listening at http://0.0.0.0:39073
2023-03-09 14:58:09,873 [Listener at 127.0.0.1/39405] WARN  impl.MetricRegistriesImpl (MetricRegistriesImpl.java:addReporterRegistration(111)) - New reporters are added after registries were created. Some metrics will be missing from the reporter. Please add reporter before adding any new registry.
2023-03-09 14:58:09,873 [Listener at 127.0.0.1/39405] WARN  impl.MetricRegistriesImpl (MetricRegistriesImpl.java:addReporterRegistration(111)) - New reporters are added after registries were created. Some metrics will be missing from the reporter. Please add reporter before adding any new registry.
2023-03-09 14:58:09,874 [Listener at 127.0.0.1/39405] INFO  impl.MetricsSystemImpl (MetricsSystemImpl.java:init(158)) - HddsDatanode metrics system started (again)
2023-03-09 14:58:09,880 [Datanode State Machine Daemon Thread] INFO  statemachine.DatanodeStateMachine (DatanodeStateMachine.java:lambda$startDaemon$0(517)) - Ozone container server started.
2023-03-09 14:58:09,892 [omNode-1@group-0AAC5367B30E-FollowerState] INFO  impl.FollowerState (FollowerState.java:run(143)) - omNode-1@group-0AAC5367B30E-FollowerState: change to CANDIDATE, lastRpcElapsedTime:1193453294ns, electionTimeout:1190ms
2023-03-09 14:58:09,892 [omNode-1@group-0AAC5367B30E-FollowerState] INFO  impl.RoleInfo (RoleInfo.java:shutdownFollowerState(110)) - omNode-1: shutdown omNode-1@group-0AAC5367B30E-FollowerState
2023-03-09 14:58:09,892 [omNode-1@group-0AAC5367B30E-FollowerState] INFO  server.RaftServer$Division (RaftServerImpl.java:setRole(321)) - omNode-1@group-0AAC5367B30E: changes role from  FOLLOWER to CANDIDATE at term 0 for changeToCandidate
2023-03-09 14:58:09,898 [omNode-1@group-0AAC5367B30E-FollowerState] INFO  server.RaftServerConfigKeys (ConfUtils.java:logGet(46)) - raft.server.leaderelection.pre-vote = true (default)
2023-03-09 14:58:09,898 [omNode-1@group-0AAC5367B30E-FollowerState] INFO  impl.RoleInfo (RoleInfo.java:updateAndGet(139)) - omNode-1: start omNode-1@group-0AAC5367B30E-LeaderElection3
2023-03-09 14:58:09,905 [Listener at 127.0.0.1/39405] INFO  ozone.HddsDatanodeService (HddsDatanodeService.java:start(229)) - HddsDatanodeService host:fv-az377-502.ap30g4v5sw5evmjtdmxdg2w53f.dx.internal.cloudapp.net ip:10.1.0.44
2023-03-09 14:58:09,910 [omNode-1@group-0AAC5367B30E-LeaderElection3] INFO  impl.LeaderElection (LeaderElection.java:askForVotes(312)) - omNode-1@group-0AAC5367B30E-LeaderElection3 PRE_VOTE round 0: submit vote requests at term 0 for -1: peers:[omNode-1|rpc:localhost:42621|priority:0|startupRole:FOLLOWER]|listeners:[], old=null
2023-03-09 14:58:09,910 [omNode-1@group-0AAC5367B30E-LeaderElection3] INFO  impl.LeaderElection (LeaderElection.java:askForVotes(314)) - omNode-1@group-0AAC5367B30E-LeaderElection3 PRE_VOTE round 0: result PASSED (term=0)
2023-03-09 14:58:09,911 [org.apache.hadoop.util.JvmPauseMonitor$Monitor@28f5665e] INFO  util.JvmPauseMonitor (JvmPauseMonitor.java:run(188)) - Starting JVM pause monitor
2023-03-09 14:58:09,912 [omNode-1@group-0AAC5367B30E-LeaderElection3] INFO  impl.LeaderElection (LeaderElection.java:askForVotes(312)) - omNode-1@group-0AAC5367B30E-LeaderElection3 ELECTION round 0: submit vote requests at term 1 for -1: peers:[omNode-1|rpc:localhost:42621|priority:0|startupRole:FOLLOWER]|listeners:[], old=null
2023-03-09 14:58:09,912 [omNode-1@group-0AAC5367B30E-LeaderElection3] INFO  impl.LeaderElection (LeaderElection.java:askForVotes(314)) - omNode-1@group-0AAC5367B30E-LeaderElection3 ELECTION round 0: result PASSED (term=1)
2023-03-09 14:58:09,912 [omNode-1@group-0AAC5367B30E-LeaderElection3] INFO  impl.RoleInfo (RoleInfo.java:shutdownLeaderElection(130)) - omNode-1: shutdown omNode-1@group-0AAC5367B30E-LeaderElection3
2023-03-09 14:58:09,912 [omNode-1@group-0AAC5367B30E-LeaderElection3] INFO  server.RaftServer$Division (RaftServerImpl.java:setRole(321)) - omNode-1@group-0AAC5367B30E: changes role from CANDIDATE to LEADER at term 1 for changeToLeader
2023-03-09 14:58:09,912 [omNode-1@group-0AAC5367B30E-LeaderElection3] INFO  server.RaftServer$Division (ServerState.java:setLeader(313)) - omNode-1@group-0AAC5367B30E: change Leader from null to omNode-1 at term 1 for becomeLeader, leader elected after 2436ms
2023-03-09 14:58:09,912 [omNode-1@group-0AAC5367B30E-LeaderElection3] INFO  server.RaftServerConfigKeys (ConfUtils.java:logGet(46)) - raft.server.staging.catchup.gap = 1000 (default)
2023-03-09 14:58:09,912 [omNode-1@group-0AAC5367B30E-LeaderElection3] INFO  server.RaftServerConfigKeys (ConfUtils.java:logGet(46)) - raft.server.write.element-limit = 4096 (default)
2023-03-09 14:58:09,913 [omNode-1@group-0AAC5367B30E-LeaderElection3] INFO  server.RaftServerConfigKeys (ConfUtils.java:logGet(46)) - raft.server.write.byte-limit = 64MB (=67108864) (default)
2023-03-09 14:58:09,913 [omNode-1@group-0AAC5367B30E-LeaderElection3] INFO  server.RaftServerConfigKeys (ConfUtils.java:logGet(46)) - raft.server.watch.timeout = 10s (default)
2023-03-09 14:58:09,913 [omNode-1@group-0AAC5367B30E-LeaderElection3] INFO  server.RaftServerConfigKeys (ConfUtils.java:logGet(46)) - raft.server.watch.timeout.denomination = 1s (default)
2023-03-09 14:58:09,913 [omNode-1@group-0AAC5367B30E-LeaderElection3] INFO  server.RaftServerConfigKeys (ConfUtils.java:logGet(46)) - raft.server.watch.element-limit = 65536 (default)
2023-03-09 14:58:09,913 [omNode-1@group-0AAC5367B30E-LeaderElection3] INFO  server.RaftServerConfigKeys (ConfUtils.java:logGet(46)) - raft.server.write.element-limit = 4096 (default)
2023-03-09 14:58:09,913 [omNode-1@group-0AAC5367B30E-LeaderElection3] INFO  server.RaftServerConfigKeys (ConfUtils.java:logGet(46)) - raft.server.write.follower.gap.ratio.max = -1.0 (default)
2023-03-09 14:58:09,913 [omNode-1@group-0AAC5367B30E-LeaderElection3] INFO  impl.RoleInfo (RoleInfo.java:updateAndGet(139)) - omNode-1: start omNode-1@group-0AAC5367B30E-LeaderStateImpl
2023-03-09 14:58:09,914 [omNode-1@group-0AAC5367B30E-LeaderElection3] INFO  segmented.SegmentedRaftLogWorker (SegmentedRaftLogWorker.java:startLogSegment(452)) - omNode-1@group-0AAC5367B30E-SegmentedRaftLogWorker: Starting segment from index:0
2023-03-09 14:58:09,935 [omNode-1@group-0AAC5367B30E-SegmentedRaftLogWorker] INFO  segmented.SegmentedRaftLogWorker (SegmentedRaftLogWorker.java:execute(656)) - omNode-1@group-0AAC5367B30E-SegmentedRaftLogWorker: created new log segment /home/runner/work/ozone/ozone/hadoop-ozone/integration-test/target/test-dir/MiniOzoneClusterImpl-e86c7e49-e04f-4606-8b16-8d18ad715950/omNode-1/ratis/0718e334-ffa1-36bc-8e9a-0aac5367b30e/current/log_inprogress_0
2023-03-09 14:58:09,911 [Datanode State Machine Task Thread - 0] INFO  ha.SCMNodeInfo (SCMNodeInfo.java:getPort(197)) - ConfigKey ozone.scm.client.address is deprecated, For configuring different ports for each SCM use PortConfigKey ozone.scm.client.port appended with serviceId and nodeId
2023-03-09 14:58:09,937 [omNode-1@group-0AAC5367B30E-LeaderElection3] INFO  server.RaftServer$Division (ServerState.java:setRaftConf(430)) - omNode-1@group-0AAC5367B30E: set configuration 0: peers:[omNode-1|rpc:localhost:42621|admin:|client:|dataStream:|priority:0|startupRole:FOLLOWER]|listeners:[], old=null
2023-03-09 14:58:09,937 [Datanode State Machine Task Thread - 0] INFO  ha.SCMNodeInfo (SCMNodeInfo.java:getPort(197)) - ConfigKey ozone.scm.block.client.address is deprecated, For configuring different ports for each SCM use PortConfigKey ozone.scm.block.client.port appended with serviceId and nodeId
2023-03-09 14:58:09,938 [Datanode State Machine Task Thread - 0] INFO  ha.SCMNodeInfo (SCMNodeInfo.java:getPort(197)) - ConfigKey ozone.scm.datanode.address is deprecated, For configuring different ports for each SCM use PortConfigKey ozone.scm.datanode.port appended with serviceId and nodeId
2023-03-09 14:58:09,954 [Listener at 127.0.0.1/39405] INFO  upgrade.AbstractLayoutVersionManager (AbstractLayoutVersionManager.java:init(83)) - Initializing Layout version manager with metadata layout = DATANODE_SCHEMA_V3 (version = 4), software layout = DATANODE_SCHEMA_V3 (version = 4)
2023-03-09 14:58:10,102 [Listener at 127.0.0.1/39405] INFO  reflections.Reflections (Reflections.java:scan(232)) - Reflections took 146 ms to scan 7 urls, producing 154 keys and 367 values 
2023-03-09 14:58:10,106 [Listener at 127.0.0.1/39405] INFO  ha.SCMNodeInfo (SCMNodeInfo.java:getPort(197)) - ConfigKey ozone.scm.client.address is deprecated, For configuring different ports for each SCM use PortConfigKey ozone.scm.client.port appended with serviceId and nodeId
2023-03-09 14:58:10,106 [Listener at 127.0.0.1/39405] INFO  ha.SCMNodeInfo (SCMNodeInfo.java:getPort(197)) - ConfigKey ozone.scm.block.client.address is deprecated, For configuring different ports for each SCM use PortConfigKey ozone.scm.block.client.port appended with serviceId and nodeId
2023-03-09 14:58:10,107 [Listener at 127.0.0.1/39405] INFO  ha.SCMNodeInfo (SCMNodeInfo.java:getPort(197)) - ConfigKey ozone.scm.datanode.address is deprecated, For configuring different ports for each SCM use PortConfigKey ozone.scm.datanode.port appended with serviceId and nodeId
2023-03-09 14:58:10,107 [Listener at 127.0.0.1/39405] INFO  statemachine.DatanodeStateMachine (DatanodeStateMachine.java:getEndPointTaskThreadPoolSize(260)) - Datanode State Machine Task Thread Pool size 2
2023-03-09 14:58:10,117 [Listener at 127.0.0.1/39405] INFO  volume.HddsVolume (HddsVolume.java:<init>(122)) - Creating HddsVolume: /home/runner/work/ozone/ozone/hadoop-ozone/integration-test/target/test-dir/MiniOzoneClusterImpl-e86c7e49-e04f-4606-8b16-8d18ad715950/datanode-1/data-0/containers/hdds of storage type : DISK capacity : 9223372036854775807
2023-03-09 14:58:10,117 [Listener at 127.0.0.1/39405] INFO  volume.MutableVolumeSet (MutableVolumeSet.java:initializeVolumeSet(174)) - Added Volume : /home/runner/work/ozone/ozone/hadoop-ozone/integration-test/target/test-dir/MiniOzoneClusterImpl-e86c7e49-e04f-4606-8b16-8d18ad715950/datanode-1/data-0/containers/hdds to VolumeSet
2023-03-09 14:58:10,118 [Listener at 127.0.0.1/39405] INFO  volume.ThrottledAsyncChecker (ThrottledAsyncChecker.java:schedule(141)) - Scheduling a check for /home/runner/work/ozone/ozone/hadoop-ozone/integration-test/target/test-dir/MiniOzoneClusterImpl-e86c7e49-e04f-4606-8b16-8d18ad715950/datanode-1/data-0/containers/hdds
2023-03-09 14:58:10,125 [Listener at 127.0.0.1/39405] INFO  volume.StorageVolumeChecker (StorageVolumeChecker.java:checkAllVolumes(202)) - Scheduled health check for volume /home/runner/work/ozone/ozone/hadoop-ozone/integration-test/target/test-dir/MiniOzoneClusterImpl-e86c7e49-e04f-4606-8b16-8d18ad715950/datanode-1/data-0/containers/hdds
2023-03-09 14:58:10,142 [Listener at 127.0.0.1/39405] INFO  volume.MutableVolumeSet (MutableVolumeSet.java:initializeVolumeSet(174)) - Added Volume : /home/runner/work/ozone/ozone/hadoop-ozone/integration-test/target/test-dir/MiniOzoneClusterImpl-e86c7e49-e04f-4606-8b16-8d18ad715950/datanode-1/data/ratis to VolumeSet
2023-03-09 14:58:10,142 [Listener at 127.0.0.1/39405] INFO  volume.ThrottledAsyncChecker (ThrottledAsyncChecker.java:schedule(141)) - Scheduling a check for /home/runner/work/ozone/ozone/hadoop-ozone/integration-test/target/test-dir/MiniOzoneClusterImpl-e86c7e49-e04f-4606-8b16-8d18ad715950/datanode-1/data/ratis
2023-03-09 14:58:10,142 [Listener at 127.0.0.1/39405] INFO  volume.StorageVolumeChecker (StorageVolumeChecker.java:checkAllVolumes(202)) - Scheduled health check for volume /home/runner/work/ozone/ozone/hadoop-ozone/integration-test/target/test-dir/MiniOzoneClusterImpl-e86c7e49-e04f-4606-8b16-8d18ad715950/datanode-1/data/ratis
2023-03-09 14:58:10,184 [omNode-1@group-0AAC5367B30E-StateMachineUpdater] INFO  ratis.OzoneManagerStateMachine (OzoneManagerStateMachine.java:notifyConfigurationChanged(192)) - Received Configuration change notification from Ratis. New Peer list:
[id: "omNode-1"
address: "localhost:42621"
startupRole: FOLLOWER
]
2023-03-09 14:58:10,186 [Datanode State Machine Task Thread - 0] INFO  datanode.InitDatanodeState (InitDatanodeState.java:persistContainerDatanodeDetails(138)) - DatanodeDetails is persisted to /home/runner/work/ozone/ozone/hadoop-ozone/integration-test/target/test-dir/MiniOzoneClusterImpl-e86c7e49-e04f-4606-8b16-8d18ad715950/datanode-0/meta/datanode.id
2023-03-09 14:58:10,187 [Thread-405] INFO  ozoneimpl.ContainerReader (ContainerReader.java:readVolume(175)) - Finish verifying containers on volume /home/runner/work/ozone/ozone/hadoop-ozone/integration-test/target/test-dir/MiniOzoneClusterImpl-e86c7e49-e04f-4606-8b16-8d18ad715950/datanode-1/data-0/containers/hdds
2023-03-09 14:58:10,188 [Listener at 127.0.0.1/39405] INFO  ozoneimpl.OzoneContainer (OzoneContainer.java:buildContainerSet(304)) - Build ContainerSet costs 0s
2023-03-09 14:58:10,193 [Listener at 127.0.0.1/39405] INFO  server.RaftServer (ConfUtils.java:logGet(46)) - raft.rpc.type = GRPC (default)
2023-03-09 14:58:10,195 [Listener at 127.0.0.1/39405] INFO  grpc.GrpcConfigKeys (ConfUtils.java:logFallback(53)) - raft.grpc.admin.host = null (fallback to raft.grpc.server.host)
2023-03-09 14:58:10,195 [Listener at 127.0.0.1/39405] INFO  grpc.GrpcConfigKeys (ConfUtils.java:logGet(46)) - raft.grpc.admin.port = 0 (custom)
2023-03-09 14:58:10,195 [Listener at 127.0.0.1/39405] INFO  grpc.GrpcConfigKeys (ConfUtils.java:logFallback(53)) - raft.grpc.client.host = null (fallback to raft.grpc.server.host)
2023-03-09 14:58:10,195 [Listener at 127.0.0.1/39405] INFO  grpc.GrpcConfigKeys (ConfUtils.java:logGet(46)) - raft.grpc.client.port = 0 (custom)
2023-03-09 14:58:10,196 [Listener at 127.0.0.1/39405] INFO  grpc.GrpcConfigKeys (ConfUtils.java:logGet(46)) - raft.grpc.server.host = null (default)
2023-03-09 14:58:10,196 [Listener at 127.0.0.1/39405] INFO  grpc.GrpcConfigKeys (ConfUtils.java:logGet(46)) - raft.grpc.server.port = 0 (default)
2023-03-09 14:58:10,196 [Listener at 127.0.0.1/39405] INFO  server.GrpcService (ConfUtils.java:logGet(46)) - raft.grpc.message.size.max = 32MB (=33554432) (custom)
2023-03-09 14:58:10,196 [Listener at 127.0.0.1/39405] INFO  server.RaftServerConfigKeys (ConfUtils.java:logGet(46)) - raft.server.log.appender.buffer.byte-limit = 33554432 (custom)
2023-03-09 14:58:10,196 [Listener at 127.0.0.1/39405] INFO  server.GrpcService (ConfUtils.java:logGet(46)) - raft.grpc.flow.control.window = 5MB (=5242880) (custom)
2023-03-09 14:58:10,196 [Listener at 127.0.0.1/39405] INFO  server.RaftServerConfigKeys (ConfUtils.java:logGet(46)) - raft.server.rpc.request.timeout = 60s (custom)
2023-03-09 14:58:10,197 [Listener at 127.0.0.1/39405] INFO  grpc.GrpcConfigKeys (ConfUtils.java:logGet(46)) - raft.grpc.server.heartbeat.channel = true (default)
2023-03-09 14:58:10,197 [Listener at 127.0.0.1/39405] INFO  grpc.GrpcConfigKeys (ConfUtils.java:logGet(46)) - raft.grpc.server.async.request.thread.pool.cached = true (default)
2023-03-09 14:58:10,197 [Listener at 127.0.0.1/39405] INFO  grpc.GrpcConfigKeys (ConfUtils.java:logGet(46)) - raft.grpc.server.async.request.thread.pool.size = 32 (default)
2023-03-09 14:58:10,198 [Listener at 127.0.0.1/39405] INFO  impl.DataStreamServerImpl (ConfUtils.java:logGet(46)) - raft.datastream.type = NETTY (custom)
2023-03-09 14:58:10,199 [Listener at 127.0.0.1/39405] INFO  server.RaftServerConfigKeys (ConfUtils.java:logGet(46)) - raft.server.data-stream.async.request.thread.pool.cached = false (default)
2023-03-09 14:58:10,199 [Listener at 127.0.0.1/39405] INFO  server.RaftServerConfigKeys (ConfUtils.java:logGet(46)) - raft.server.data-stream.async.request.thread.pool.size = 20 (custom)
2023-03-09 14:58:10,199 [Listener at 127.0.0.1/39405] INFO  server.RaftServerConfigKeys (ConfUtils.java:logGet(46)) - raft.server.data-stream.async.write.thread.pool.size = 16 (default)
2023-03-09 14:58:10,199 [Listener at 127.0.0.1/39405] INFO  server.RaftServerConfigKeys (ConfUtils.java:logGet(46)) - raft.server.data-stream.client.pool.size = 10 (default)
2023-03-09 14:58:10,199 [Listener at 127.0.0.1/39405] INFO  netty.NettyConfigKeys$DataStream (ConfUtils.java:logGet(46)) - raft.netty.dataStream.server.use-epoll = false (default)
2023-03-09 14:58:10,199 [Listener at 127.0.0.1/39405] INFO  netty.NettyConfigKeys$DataStream (ConfUtils.java:logGet(46)) - raft.netty.dataStream.server.boss-group.size = 0 (default)
2023-03-09 14:58:10,200 [Listener at 127.0.0.1/39405] INFO  netty.NettyConfigKeys$DataStream (ConfUtils.java:logGet(46)) - raft.netty.dataStream.server.worker-group.size = 0 (default)
2023-03-09 14:58:10,201 [Listener at 127.0.0.1/39405] INFO  netty.NettyConfigKeys$DataStream (ConfUtils.java:logGet(46)) - raft.netty.dataStream.server.tls.conf = null (default)
2023-03-09 14:58:10,201 [Listener at 127.0.0.1/39405] INFO  netty.NettyConfigKeys$DataStream (ConfUtils.java:logGet(46)) - raft.netty.dataStream.host = null (default)
2023-03-09 14:58:10,201 [Listener at 127.0.0.1/39405] INFO  netty.NettyConfigKeys$DataStream (ConfUtils.java:logGet(46)) - raft.netty.dataStream.port = 0 (default)
2023-03-09 14:58:10,202 [Listener at 127.0.0.1/39405] INFO  server.RaftServerConfigKeys (ConfUtils.java:logGet(46)) - raft.server.threadpool.proxy.cached = true (default)
2023-03-09 14:58:10,202 [Listener at 127.0.0.1/39405] INFO  server.RaftServerConfigKeys (ConfUtils.java:logGet(46)) - raft.server.threadpool.proxy.size = 0 (default)
2023-03-09 14:58:10,202 [Listener at 127.0.0.1/39405] INFO  server.RaftServerConfigKeys (ConfUtils.java:logGet(46)) - raft.server.rpc.slowness.timeout = 300s (custom)
2023-03-09 14:58:10,202 [Listener at 127.0.0.1/39405] INFO  server.RaftServerConfigKeys (ConfUtils.java:logGet(46)) - raft.server.leaderelection.leader.step-down.wait-time = 10s (default)
2023-03-09 14:58:10,203 [Listener at 127.0.0.1/39405] INFO  server.RaftServerConfigKeys (ConfUtils.java:logGet(46)) - raft.server.storage.dir = [/home/runner/work/ozone/ozone/hadoop-ozone/integration-test/target/test-dir/MiniOzoneClusterImpl-e86c7e49-e04f-4606-8b16-8d18ad715950/datanode-1/data/ratis] (custom)
2023-03-09 14:58:10,204 [8bafe227-ab53-47f4-b02f-6ec7cb40a7a2-NettyServerStreamRpc-bossGroup--thread1] INFO  logging.LoggingHandler (AbstractInternalLogger.java:log(148)) - [id: 0xb23a01f4] REGISTERED
2023-03-09 14:58:10,205 [8bafe227-ab53-47f4-b02f-6ec7cb40a7a2-NettyServerStreamRpc-bossGroup--thread1] INFO  logging.LoggingHandler (AbstractInternalLogger.java:log(148)) - [id: 0xb23a01f4] BIND: 0.0.0.0/0.0.0.0:0
2023-03-09 14:58:10,205 [8bafe227-ab53-47f4-b02f-6ec7cb40a7a2-NettyServerStreamRpc-bossGroup--thread1] INFO  logging.LoggingHandler (AbstractInternalLogger.java:log(148)) - [id: 0xb23a01f4, L:/0:0:0:0:0:0:0:0:38373] ACTIVE
2023-03-09 14:58:10,209 [Listener at 127.0.0.1/39405] INFO  server.XceiverServerGrpc (XceiverServerGrpc.java:<init>(132)) - GrpcServer channel type EpollServerSocketChannel
2023-03-09 14:58:10,214 [Listener at 127.0.0.1/39405] INFO  http.BaseHttpServer (BaseHttpServer.java:newHttpServer2BuilderForOzone(224)) - Starting Web-server for hddsDatanode at: http://0.0.0.0:0
2023-03-09 14:58:10,214 [Listener at 127.0.0.1/39405] INFO  http.BaseHttpServer (BaseHttpServer.java:<init>(111)) - Hadoop Security Enabled: false Ozone Security Enabled: false Ozone HTTP Security Enabled: false 
2023-03-09 14:58:10,216 [Listener at 127.0.0.1/39405] WARN  server.AuthenticationFilter (AuthenticationFilter.java:constructSecretProvider(240)) - Unable to initialize FileSignerSecretProvider, falling back to use random secrets. Reason: Could not read signature secret file: /home/runner/hadoop-http-auth-signature-secret
2023-03-09 14:58:10,222 [Listener at 127.0.0.1/39405] WARN  http.HttpRequestLog (HttpRequestLog.java:getRequestLog(103)) - Jetty request log can only be enabled using Log4j
2023-03-09 14:58:10,224 [Listener at 127.0.0.1/39405] INFO  http.HttpServer2 (HttpServer2.java:addGlobalFilter(1031)) - Added global filter 'safety' (class=org.apache.hadoop.hdds.server.http.HttpServer2$QuotingInputFilter)
2023-03-09 14:58:10,225 [Listener at 127.0.0.1/39405] INFO  http.HttpServer2 (HttpServer2.java:addFilter(1007)) - Added filter static_user_filter (class=org.apache.hadoop.http.lib.StaticUserWebFilter$StaticUserFilter) to context hddsDatanode
2023-03-09 14:58:10,226 [Listener at 127.0.0.1/39405] INFO  http.HttpServer2 (HttpServer2.java:addFilter(1015)) - Added filter static_user_filter (class=org.apache.hadoop.http.lib.StaticUserWebFilter$StaticUserFilter) to context static
2023-03-09 14:58:10,226 [Listener at 127.0.0.1/39405] INFO  http.HttpServer2 (HttpServer2.java:addFilter(1015)) - Added filter static_user_filter (class=org.apache.hadoop.http.lib.StaticUserWebFilter$StaticUserFilter) to context logs
2023-03-09 14:58:10,228 [Listener at 127.0.0.1/39405] INFO  http.BaseHttpServer (BaseHttpServer.java:<init>(190)) - HTTP server of hddsDatanode uses base directory /home/runner/work/ozone/ozone/hadoop-ozone/integration-test/target/test-dir/MiniOzoneClusterImpl-e86c7e49-e04f-4606-8b16-8d18ad715950/datanode-1/meta/webserver
2023-03-09 14:58:10,228 [Listener at 127.0.0.1/39405] INFO  http.HttpServer2 (HttpServer2.java:bindListener(1250)) - Jetty bound to port 36601
2023-03-09 14:58:10,228 [Listener at 127.0.0.1/39405] INFO  server.Server (Server.java:doStart(375)) - jetty-9.4.49.v20220914; built: 2022-09-14T01:07:36.601Z; git: 4231a3b2e4cb8548a412a789936d640a97b1aa0a; jvm 1.8.0_362-b09
2023-03-09 14:58:10,240 [Listener at 127.0.0.1/39405] INFO  server.session (DefaultSessionIdManager.java:doStart(334)) - DefaultSessionIdManager workerName=node0
2023-03-09 14:58:10,240 [Listener at 127.0.0.1/39405] INFO  server.session (DefaultSessionIdManager.java:doStart(339)) - No SessionScavenger set, using defaults
2023-03-09 14:58:10,240 [Listener at 127.0.0.1/39405] INFO  server.session (HouseKeeper.java:startScavenging(132)) - node0 Scavenging every 660000ms
2023-03-09 14:58:10,241 [Listener at 127.0.0.1/39405] INFO  handler.ContextHandler (ContextHandler.java:doStart(921)) - Started o.e.j.s.ServletContextHandler@745a3724{logs,/logs,file:///home/runner/work/ozone/ozone/hadoop-ozone/integration-test/target/log,AVAILABLE}
2023-03-09 14:58:10,242 [Listener at 127.0.0.1/39405] INFO  handler.ContextHandler (ContextHandler.java:doStart(921)) - Started o.e.j.s.ServletContextHandler@3dc421ae{static,/static,jar:file:/home/runner/.m2/repository/org/apache/ozone/hdds-container-service/1.4.0-SNAPSHOT/hdds-container-service-1.4.0-SNAPSHOT.jar!/webapps/static,AVAILABLE}
2023-03-09 14:58:10,479 [Listener at 127.0.0.1/39405] INFO  handler.ContextHandler (ContextHandler.java:doStart(921)) - Started o.e.j.w.WebAppContext@2b96dc3e{hddsDatanode,/,file:///home/runner/work/ozone/ozone/hadoop-ozone/integration-test/target/test-dir/MiniOzoneClusterImpl-e86c7e49-e04f-4606-8b16-8d18ad715950/datanode-1/meta/webserver/jetty-0_0_0_0-36601-hdds-container-service-1_4_0-SNAPSHOT_jar-_-any-6393403149393848661/webapp/,AVAILABLE}{jar:file:/home/runner/.m2/repository/org/apache/ozone/hdds-container-service/1.4.0-SNAPSHOT/hdds-container-service-1.4.0-SNAPSHOT.jar!/webapps/hddsDatanode}
2023-03-09 14:58:10,481 [Listener at 127.0.0.1/39405] INFO  server.AbstractConnector (AbstractConnector.java:doStart(333)) - Started ServerConnector@13defad1{HTTP/1.1, (http/1.1)}{0.0.0.0:36601}
2023-03-09 14:58:10,481 [Listener at 127.0.0.1/39405] INFO  server.Server (Server.java:doStart(415)) - Started @21134ms
2023-03-09 14:58:10,481 [Listener at 127.0.0.1/39405] WARN  impl.MetricsSystemImpl (MetricsSystemImpl.java:register(279)) - Sink prometheus already exists!
2023-03-09 14:58:10,482 [Listener at 127.0.0.1/39405] INFO  http.BaseHttpServer (BaseHttpServer.java:updateConnectorAddress(344)) - HTTP server of hddsDatanode listening at http://0.0.0.0:36601
2023-03-09 14:58:10,485 [Datanode State Machine Daemon Thread] INFO  statemachine.DatanodeStateMachine (DatanodeStateMachine.java:lambda$startDaemon$0(517)) - Ozone container server started.
2023-03-09 14:58:10,497 [Listener at 127.0.0.1/39405] WARN  impl.MetricRegistriesImpl (MetricRegistriesImpl.java:addReporterRegistration(111)) - New reporters are added after registries were created. Some metrics will be missing from the reporter. Please add reporter before adding any new registry.
2023-03-09 14:58:10,497 [Listener at 127.0.0.1/39405] WARN  impl.MetricRegistriesImpl (MetricRegistriesImpl.java:addReporterRegistration(111)) - New reporters are added after registries were created. Some metrics will be missing from the reporter. Please add reporter before adding any new registry.
2023-03-09 14:58:10,497 [Listener at 127.0.0.1/39405] INFO  impl.MetricsSystemImpl (MetricsSystemImpl.java:init(158)) - HddsDatanode metrics system started (again)
2023-03-09 14:58:10,514 [Listener at 127.0.0.1/39405] INFO  ozone.HddsDatanodeService (HddsDatanodeService.java:start(229)) - HddsDatanodeService host:fv-az377-502.ap30g4v5sw5evmjtdmxdg2w53f.dx.internal.cloudapp.net ip:10.1.0.44
2023-03-09 14:58:10,515 [org.apache.hadoop.util.JvmPauseMonitor$Monitor@7b59b49f] INFO  util.JvmPauseMonitor (JvmPauseMonitor.java:run(188)) - Starting JVM pause monitor
2023-03-09 14:58:10,521 [Datanode State Machine Task Thread - 0] INFO  ha.SCMNodeInfo (SCMNodeInfo.java:getPort(197)) - ConfigKey ozone.scm.client.address is deprecated, For configuring different ports for each SCM use PortConfigKey ozone.scm.client.port appended with serviceId and nodeId
2023-03-09 14:58:10,521 [Datanode State Machine Task Thread - 0] INFO  ha.SCMNodeInfo (SCMNodeInfo.java:getPort(197)) - ConfigKey ozone.scm.block.client.address is deprecated, For configuring different ports for each SCM use PortConfigKey ozone.scm.block.client.port appended with serviceId and nodeId
2023-03-09 14:58:10,521 [Datanode State Machine Task Thread - 0] INFO  ha.SCMNodeInfo (SCMNodeInfo.java:getPort(197)) - ConfigKey ozone.scm.datanode.address is deprecated, For configuring different ports for each SCM use PortConfigKey ozone.scm.datanode.port appended with serviceId and nodeId
2023-03-09 14:58:10,541 [Datanode State Machine Task Thread - 0] INFO  datanode.InitDatanodeState (InitDatanodeState.java:persistContainerDatanodeDetails(138)) - DatanodeDetails is persisted to /home/runner/work/ozone/ozone/hadoop-ozone/integration-test/target/test-dir/MiniOzoneClusterImpl-e86c7e49-e04f-4606-8b16-8d18ad715950/datanode-1/meta/datanode.id
2023-03-09 14:58:10,545 [Listener at 127.0.0.1/39405] INFO  upgrade.AbstractLayoutVersionManager (AbstractLayoutVersionManager.java:init(83)) - Initializing Layout version manager with metadata layout = DATANODE_SCHEMA_V3 (version = 4), software layout = DATANODE_SCHEMA_V3 (version = 4)
2023-03-09 14:58:10,603 [Listener at 127.0.0.1/39405] INFO  reflections.Reflections (Reflections.java:scan(232)) - Reflections took 56 ms to scan 7 urls, producing 154 keys and 367 values 
2023-03-09 14:58:10,606 [Listener at 127.0.0.1/39405] INFO  ha.SCMNodeInfo (SCMNodeInfo.java:getPort(197)) - ConfigKey ozone.scm.client.address is deprecated, For configuring different ports for each SCM use PortConfigKey ozone.scm.client.port appended with serviceId and nodeId
2023-03-09 14:58:10,606 [Listener at 127.0.0.1/39405] INFO  ha.SCMNodeInfo (SCMNodeInfo.java:getPort(197)) - ConfigKey ozone.scm.block.client.address is deprecated, For configuring different ports for each SCM use PortConfigKey ozone.scm.block.client.port appended with serviceId and nodeId
2023-03-09 14:58:10,606 [Listener at 127.0.0.1/39405] INFO  ha.SCMNodeInfo (SCMNodeInfo.java:getPort(197)) - ConfigKey ozone.scm.datanode.address is deprecated, For configuring different ports for each SCM use PortConfigKey ozone.scm.datanode.port appended with serviceId and nodeId
2023-03-09 14:58:10,606 [Listener at 127.0.0.1/39405] INFO  statemachine.DatanodeStateMachine (DatanodeStateMachine.java:getEndPointTaskThreadPoolSize(260)) - Datanode State Machine Task Thread Pool size 2
2023-03-09 14:58:10,609 [Listener at 127.0.0.1/39405] INFO  volume.HddsVolume (HddsVolume.java:<init>(122)) - Creating HddsVolume: /home/runner/work/ozone/ozone/hadoop-ozone/integration-test/target/test-dir/MiniOzoneClusterImpl-e86c7e49-e04f-4606-8b16-8d18ad715950/datanode-2/data-0/containers/hdds of storage type : DISK capacity : 9223372036854775807
2023-03-09 14:58:10,610 [Listener at 127.0.0.1/39405] INFO  volume.MutableVolumeSet (MutableVolumeSet.java:initializeVolumeSet(174)) - Added Volume : /home/runner/work/ozone/ozone/hadoop-ozone/integration-test/target/test-dir/MiniOzoneClusterImpl-e86c7e49-e04f-4606-8b16-8d18ad715950/datanode-2/data-0/containers/hdds to VolumeSet
2023-03-09 14:58:10,610 [Listener at 127.0.0.1/39405] INFO  volume.ThrottledAsyncChecker (ThrottledAsyncChecker.java:schedule(141)) - Scheduling a check for /home/runner/work/ozone/ozone/hadoop-ozone/integration-test/target/test-dir/MiniOzoneClusterImpl-e86c7e49-e04f-4606-8b16-8d18ad715950/datanode-2/data-0/containers/hdds
2023-03-09 14:58:10,611 [Listener at 127.0.0.1/39405] INFO  volume.StorageVolumeChecker (StorageVolumeChecker.java:checkAllVolumes(202)) - Scheduled health check for volume /home/runner/work/ozone/ozone/hadoop-ozone/integration-test/target/test-dir/MiniOzoneClusterImpl-e86c7e49-e04f-4606-8b16-8d18ad715950/datanode-2/data-0/containers/hdds
2023-03-09 14:58:10,623 [Listener at 127.0.0.1/39405] INFO  volume.MutableVolumeSet (MutableVolumeSet.java:initializeVolumeSet(174)) - Added Volume : /home/runner/work/ozone/ozone/hadoop-ozone/integration-test/target/test-dir/MiniOzoneClusterImpl-e86c7e49-e04f-4606-8b16-8d18ad715950/datanode-2/data/ratis to VolumeSet
2023-03-09 14:58:10,623 [Listener at 127.0.0.1/39405] INFO  volume.ThrottledAsyncChecker (ThrottledAsyncChecker.java:schedule(141)) - Scheduling a check for /home/runner/work/ozone/ozone/hadoop-ozone/integration-test/target/test-dir/MiniOzoneClusterImpl-e86c7e49-e04f-4606-8b16-8d18ad715950/datanode-2/data/ratis
2023-03-09 14:58:10,623 [Listener at 127.0.0.1/39405] INFO  volume.StorageVolumeChecker (StorageVolumeChecker.java:checkAllVolumes(202)) - Scheduled health check for volume /home/runner/work/ozone/ozone/hadoop-ozone/integration-test/target/test-dir/MiniOzoneClusterImpl-e86c7e49-e04f-4606-8b16-8d18ad715950/datanode-2/data/ratis
2023-03-09 14:58:10,635 [Thread-419] INFO  ozoneimpl.ContainerReader (ContainerReader.java:readVolume(175)) - Finish verifying containers on volume /home/runner/work/ozone/ozone/hadoop-ozone/integration-test/target/test-dir/MiniOzoneClusterImpl-e86c7e49-e04f-4606-8b16-8d18ad715950/datanode-2/data-0/containers/hdds
2023-03-09 14:58:10,635 [Listener at 127.0.0.1/39405] INFO  ozoneimpl.OzoneContainer (OzoneContainer.java:buildContainerSet(304)) - Build ContainerSet costs 0s
2023-03-09 14:58:10,639 [Listener at 127.0.0.1/39405] INFO  server.RaftServer (ConfUtils.java:logGet(46)) - raft.rpc.type = GRPC (default)
2023-03-09 14:58:10,639 [Listener at 127.0.0.1/39405] INFO  grpc.GrpcConfigKeys (ConfUtils.java:logFallback(53)) - raft.grpc.admin.host = null (fallback to raft.grpc.server.host)
2023-03-09 14:58:10,639 [Listener at 127.0.0.1/39405] INFO  grpc.GrpcConfigKeys (ConfUtils.java:logGet(46)) - raft.grpc.admin.port = 0 (custom)
2023-03-09 14:58:10,639 [Listener at 127.0.0.1/39405] INFO  grpc.GrpcConfigKeys (ConfUtils.java:logFallback(53)) - raft.grpc.client.host = null (fallback to raft.grpc.server.host)
2023-03-09 14:58:10,640 [Listener at 127.0.0.1/39405] INFO  grpc.GrpcConfigKeys (ConfUtils.java:logGet(46)) - raft.grpc.client.port = 0 (custom)
2023-03-09 14:58:10,640 [Listener at 127.0.0.1/39405] INFO  grpc.GrpcConfigKeys (ConfUtils.java:logGet(46)) - raft.grpc.server.host = null (default)
2023-03-09 14:58:10,640 [Listener at 127.0.0.1/39405] INFO  grpc.GrpcConfigKeys (ConfUtils.java:logGet(46)) - raft.grpc.server.port = 0 (default)
2023-03-09 14:58:10,640 [Listener at 127.0.0.1/39405] INFO  server.GrpcService (ConfUtils.java:logGet(46)) - raft.grpc.message.size.max = 32MB (=33554432) (custom)
2023-03-09 14:58:10,640 [Listener at 127.0.0.1/39405] INFO  server.RaftServerConfigKeys (ConfUtils.java:logGet(46)) - raft.server.log.appender.buffer.byte-limit = 33554432 (custom)
2023-03-09 14:58:10,641 [Listener at 127.0.0.1/39405] INFO  server.GrpcService (ConfUtils.java:logGet(46)) - raft.grpc.flow.control.window = 5MB (=5242880) (custom)
2023-03-09 14:58:10,641 [Listener at 127.0.0.1/39405] INFO  server.RaftServerConfigKeys (ConfUtils.java:logGet(46)) - raft.server.rpc.request.timeout = 60s (custom)
2023-03-09 14:58:10,641 [Listener at 127.0.0.1/39405] INFO  grpc.GrpcConfigKeys (ConfUtils.java:logGet(46)) - raft.grpc.server.heartbeat.channel = true (default)
2023-03-09 14:58:10,641 [Listener at 127.0.0.1/39405] INFO  grpc.GrpcConfigKeys (ConfUtils.java:logGet(46)) - raft.grpc.server.async.request.thread.pool.cached = true (default)
2023-03-09 14:58:10,642 [Listener at 127.0.0.1/39405] INFO  grpc.GrpcConfigKeys (ConfUtils.java:logGet(46)) - raft.grpc.server.async.request.thread.pool.size = 32 (default)
2023-03-09 14:58:10,643 [Listener at 127.0.0.1/39405] INFO  impl.DataStreamServerImpl (ConfUtils.java:logGet(46)) - raft.datastream.type = NETTY (custom)
2023-03-09 14:58:10,644 [Listener at 127.0.0.1/39405] INFO  server.RaftServerConfigKeys (ConfUtils.java:logGet(46)) - raft.server.data-stream.async.request.thread.pool.cached = false (default)
2023-03-09 14:58:10,644 [Listener at 127.0.0.1/39405] INFO  server.RaftServerConfigKeys (ConfUtils.java:logGet(46)) - raft.server.data-stream.async.request.thread.pool.size = 20 (custom)
2023-03-09 14:58:10,644 [Listener at 127.0.0.1/39405] INFO  server.RaftServerConfigKeys (ConfUtils.java:logGet(46)) - raft.server.data-stream.async.write.thread.pool.size = 16 (default)
2023-03-09 14:58:10,644 [Listener at 127.0.0.1/39405] INFO  server.RaftServerConfigKeys (ConfUtils.java:logGet(46)) - raft.server.data-stream.client.pool.size = 10 (default)
2023-03-09 14:58:10,644 [Listener at 127.0.0.1/39405] INFO  netty.NettyConfigKeys$DataStream (ConfUtils.java:logGet(46)) - raft.netty.dataStream.server.use-epoll = false (default)
2023-03-09 14:58:10,648 [Listener at 127.0.0.1/39405] INFO  netty.NettyConfigKeys$DataStream (ConfUtils.java:logGet(46)) - raft.netty.dataStream.server.boss-group.size = 0 (default)
2023-03-09 14:58:10,649 [Listener at 127.0.0.1/39405] INFO  netty.NettyConfigKeys$DataStream (ConfUtils.java:logGet(46)) - raft.netty.dataStream.server.worker-group.size = 0 (default)
2023-03-09 14:58:10,649 [Listener at 127.0.0.1/39405] INFO  netty.NettyConfigKeys$DataStream (ConfUtils.java:logGet(46)) - raft.netty.dataStream.server.tls.conf = null (default)
2023-03-09 14:58:10,649 [Listener at 127.0.0.1/39405] INFO  netty.NettyConfigKeys$DataStream (ConfUtils.java:logGet(46)) - raft.netty.dataStream.host = null (default)
2023-03-09 14:58:10,650 [Listener at 127.0.0.1/39405] INFO  netty.NettyConfigKeys$DataStream (ConfUtils.java:logGet(46)) - raft.netty.dataStream.port = 0 (default)
2023-03-09 14:58:10,650 [Listener at 127.0.0.1/39405] INFO  server.RaftServerConfigKeys (ConfUtils.java:logGet(46)) - raft.server.threadpool.proxy.cached = true (default)
2023-03-09 14:58:10,650 [Listener at 127.0.0.1/39405] INFO  server.RaftServerConfigKeys (ConfUtils.java:logGet(46)) - raft.server.threadpool.proxy.size = 0 (default)
2023-03-09 14:58:10,655 [Listener at 127.0.0.1/39405] INFO  server.RaftServerConfigKeys (ConfUtils.java:logGet(46)) - raft.server.rpc.slowness.timeout = 300s (custom)
2023-03-09 14:58:10,655 [Listener at 127.0.0.1/39405] INFO  server.RaftServerConfigKeys (ConfUtils.java:logGet(46)) - raft.server.leaderelection.leader.step-down.wait-time = 10s (default)
2023-03-09 14:58:10,656 [Listener at 127.0.0.1/39405] INFO  server.RaftServerConfigKeys (ConfUtils.java:logGet(46)) - raft.server.storage.dir = [/home/runner/work/ozone/ozone/hadoop-ozone/integration-test/target/test-dir/MiniOzoneClusterImpl-e86c7e49-e04f-4606-8b16-8d18ad715950/datanode-2/data/ratis] (custom)
2023-03-09 14:58:10,658 [7cc8348c-25f7-4abd-9a5e-53969841dd44-NettyServerStreamRpc-bossGroup--thread1] INFO  logging.LoggingHandler (AbstractInternalLogger.java:log(148)) - [id: 0x46ddcd61] REGISTERED
2023-03-09 14:58:10,659 [7cc8348c-25f7-4abd-9a5e-53969841dd44-NettyServerStreamRpc-bossGroup--thread1] INFO  logging.LoggingHandler (AbstractInternalLogger.java:log(148)) - [id: 0x46ddcd61] BIND: 0.0.0.0/0.0.0.0:0
2023-03-09 14:58:10,659 [7cc8348c-25f7-4abd-9a5e-53969841dd44-NettyServerStreamRpc-bossGroup--thread1] INFO  logging.LoggingHandler (AbstractInternalLogger.java:log(148)) - [id: 0x46ddcd61, L:/0:0:0:0:0:0:0:0:32895] ACTIVE
2023-03-09 14:58:10,661 [Listener at 127.0.0.1/39405] INFO  server.XceiverServerGrpc (XceiverServerGrpc.java:<init>(132)) - GrpcServer channel type EpollServerSocketChannel
2023-03-09 14:58:10,666 [Listener at 127.0.0.1/39405] INFO  http.BaseHttpServer (BaseHttpServer.java:newHttpServer2BuilderForOzone(224)) - Starting Web-server for hddsDatanode at: http://0.0.0.0:0
2023-03-09 14:58:10,667 [Listener at 127.0.0.1/39405] INFO  http.BaseHttpServer (BaseHttpServer.java:<init>(111)) - Hadoop Security Enabled: false Ozone Security Enabled: false Ozone HTTP Security Enabled: false 
2023-03-09 14:58:10,669 [Listener at 127.0.0.1/39405] WARN  server.AuthenticationFilter (AuthenticationFilter.java:constructSecretProvider(240)) - Unable to initialize FileSignerSecretProvider, falling back to use random secrets. Reason: Could not read signature secret file: /home/runner/hadoop-http-auth-signature-secret
2023-03-09 14:58:10,670 [Listener at 127.0.0.1/39405] WARN  http.HttpRequestLog (HttpRequestLog.java:getRequestLog(103)) - Jetty request log can only be enabled using Log4j
2023-03-09 14:58:10,671 [Listener at 127.0.0.1/39405] INFO  http.HttpServer2 (HttpServer2.java:addGlobalFilter(1031)) - Added global filter 'safety' (class=org.apache.hadoop.hdds.server.http.HttpServer2$QuotingInputFilter)
2023-03-09 14:58:10,672 [Listener at 127.0.0.1/39405] INFO  http.HttpServer2 (HttpServer2.java:addFilter(1007)) - Added filter static_user_filter (class=org.apache.hadoop.http.lib.StaticUserWebFilter$StaticUserFilter) to context hddsDatanode
2023-03-09 14:58:10,673 [Listener at 127.0.0.1/39405] INFO  http.HttpServer2 (HttpServer2.java:addFilter(1015)) - Added filter static_user_filter (class=org.apache.hadoop.http.lib.StaticUserWebFilter$StaticUserFilter) to context static
2023-03-09 14:58:10,673 [Listener at 127.0.0.1/39405] INFO  http.HttpServer2 (HttpServer2.java:addFilter(1015)) - Added filter static_user_filter (class=org.apache.hadoop.http.lib.StaticUserWebFilter$StaticUserFilter) to context logs
2023-03-09 14:58:10,674 [Listener at 127.0.0.1/39405] INFO  http.BaseHttpServer (BaseHttpServer.java:<init>(190)) - HTTP server of hddsDatanode uses base directory /home/runner/work/ozone/ozone/hadoop-ozone/integration-test/target/test-dir/MiniOzoneClusterImpl-e86c7e49-e04f-4606-8b16-8d18ad715950/datanode-2/meta/webserver
2023-03-09 14:58:10,674 [Listener at 127.0.0.1/39405] INFO  http.HttpServer2 (HttpServer2.java:bindListener(1250)) - Jetty bound to port 39249
2023-03-09 14:58:10,674 [Listener at 127.0.0.1/39405] INFO  server.Server (Server.java:doStart(375)) - jetty-9.4.49.v20220914; built: 2022-09-14T01:07:36.601Z; git: 4231a3b2e4cb8548a412a789936d640a97b1aa0a; jvm 1.8.0_362-b09
2023-03-09 14:58:10,679 [Listener at 127.0.0.1/39405] INFO  server.session (DefaultSessionIdManager.java:doStart(334)) - DefaultSessionIdManager workerName=node0
2023-03-09 14:58:10,680 [Listener at 127.0.0.1/39405] INFO  server.session (DefaultSessionIdManager.java:doStart(339)) - No SessionScavenger set, using defaults
2023-03-09 14:58:10,680 [Listener at 127.0.0.1/39405] INFO  server.session (HouseKeeper.java:startScavenging(132)) - node0 Scavenging every 660000ms
2023-03-09 14:58:10,681 [Listener at 127.0.0.1/39405] INFO  handler.ContextHandler (ContextHandler.java:doStart(921)) - Started o.e.j.s.ServletContextHandler@7f3469e7{logs,/logs,file:///home/runner/work/ozone/ozone/hadoop-ozone/integration-test/target/log,AVAILABLE}
2023-03-09 14:58:10,681 [Listener at 127.0.0.1/39405] INFO  handler.ContextHandler (ContextHandler.java:doStart(921)) - Started o.e.j.s.ServletContextHandler@18c35c73{static,/static,jar:file:/home/runner/.m2/repository/org/apache/ozone/hdds-container-service/1.4.0-SNAPSHOT/hdds-container-service-1.4.0-SNAPSHOT.jar!/webapps/static,AVAILABLE}
2023-03-09 14:58:10,914 [Listener at 127.0.0.1/39405] INFO  handler.ContextHandler (ContextHandler.java:doStart(921)) - Started o.e.j.w.WebAppContext@947e589{hddsDatanode,/,file:///home/runner/work/ozone/ozone/hadoop-ozone/integration-test/target/test-dir/MiniOzoneClusterImpl-e86c7e49-e04f-4606-8b16-8d18ad715950/datanode-2/meta/webserver/jetty-0_0_0_0-39249-hdds-container-service-1_4_0-SNAPSHOT_jar-_-any-7288359999327493781/webapp/,AVAILABLE}{jar:file:/home/runner/.m2/repository/org/apache/ozone/hdds-container-service/1.4.0-SNAPSHOT/hdds-container-service-1.4.0-SNAPSHOT.jar!/webapps/hddsDatanode}
2023-03-09 14:58:10,916 [Listener at 127.0.0.1/39405] INFO  server.AbstractConnector (AbstractConnector.java:doStart(333)) - Started ServerConnector@33e331a0{HTTP/1.1, (http/1.1)}{0.0.0.0:39249}
2023-03-09 14:58:10,916 [Listener at 127.0.0.1/39405] INFO  server.Server (Server.java:doStart(415)) - Started @21569ms
2023-03-09 14:58:10,916 [Listener at 127.0.0.1/39405] WARN  impl.MetricsSystemImpl (MetricsSystemImpl.java:register(279)) - Sink prometheus already exists!
2023-03-09 14:58:10,917 [Listener at 127.0.0.1/39405] INFO  http.BaseHttpServer (BaseHttpServer.java:updateConnectorAddress(344)) - HTTP server of hddsDatanode listening at http://0.0.0.0:39249
2023-03-09 14:58:10,924 [Datanode State Machine Daemon Thread] INFO  statemachine.DatanodeStateMachine (DatanodeStateMachine.java:lambda$startDaemon$0(517)) - Ozone container server started.
2023-03-09 14:58:10,925 [Listener at 127.0.0.1/39405] INFO  ozone.MiniOzoneClusterImpl (MiniOzoneClusterImpl.java:lambda$waitForClusterToBeReady$0(218)) - Waiting for nodes to be ready. Got 0 of 3 DN Heartbeats.
2023-03-09 14:58:10,926 [Listener at 127.0.0.1/39405] INFO  ozone.MiniOzoneClusterImpl (MiniOzoneClusterImpl.java:lambda$waitForClusterToBeReady$0(221)) - Waiting for cluster to exit safe mode
2023-03-09 14:58:10,926 [Listener at 127.0.0.1/39405] INFO  ozone.MiniOzoneClusterImpl (MiniOzoneClusterImpl.java:lambda$waitForClusterToBeReady$0(223)) - SCM became leader
2023-03-09 14:58:10,942 [org.apache.hadoop.util.JvmPauseMonitor$Monitor@64544a0c] INFO  util.JvmPauseMonitor (JvmPauseMonitor.java:run(188)) - Starting JVM pause monitor
2023-03-09 14:58:10,943 [Datanode State Machine Task Thread - 0] INFO  ha.SCMNodeInfo (SCMNodeInfo.java:getPort(197)) - ConfigKey ozone.scm.client.address is deprecated, For configuring different ports for each SCM use PortConfigKey ozone.scm.client.port appended with serviceId and nodeId
2023-03-09 14:58:10,944 [Datanode State Machine Task Thread - 0] INFO  ha.SCMNodeInfo (SCMNodeInfo.java:getPort(197)) - ConfigKey ozone.scm.block.client.address is deprecated, For configuring different ports for each SCM use PortConfigKey ozone.scm.block.client.port appended with serviceId and nodeId
2023-03-09 14:58:10,944 [Datanode State Machine Task Thread - 0] INFO  ha.SCMNodeInfo (SCMNodeInfo.java:getPort(197)) - ConfigKey ozone.scm.datanode.address is deprecated, For configuring different ports for each SCM use PortConfigKey ozone.scm.datanode.port appended with serviceId and nodeId
2023-03-09 14:58:10,947 [Datanode State Machine Task Thread - 0] INFO  datanode.InitDatanodeState (InitDatanodeState.java:persistContainerDatanodeDetails(138)) - DatanodeDetails is persisted to /home/runner/work/ozone/ozone/hadoop-ozone/integration-test/target/test-dir/MiniOzoneClusterImpl-e86c7e49-e04f-4606-8b16-8d18ad715950/datanode-2/meta/datanode.id
2023-03-09 14:58:11,928 [Listener at 127.0.0.1/39405] INFO  ozone.MiniOzoneClusterImpl (MiniOzoneClusterImpl.java:lambda$waitForClusterToBeReady$0(218)) - Waiting for nodes to be ready. Got 0 of 3 DN Heartbeats.
2023-03-09 14:58:11,928 [Listener at 127.0.0.1/39405] INFO  ozone.MiniOzoneClusterImpl (MiniOzoneClusterImpl.java:lambda$waitForClusterToBeReady$0(221)) - Waiting for cluster to exit safe mode
2023-03-09 14:58:11,929 [Listener at 127.0.0.1/39405] INFO  ozone.MiniOzoneClusterImpl (MiniOzoneClusterImpl.java:lambda$waitForClusterToBeReady$0(223)) - SCM became leader
2023-03-09 14:58:12,036 [EndpointStateMachine task thread for /127.0.0.1:42633 - 0 ] INFO  utils.DatanodeStoreCache (DatanodeStoreCache.java:addDB(58)) - Added db /home/runner/work/ozone/ozone/hadoop-ozone/integration-test/target/test-dir/MiniOzoneClusterImpl-e86c7e49-e04f-4606-8b16-8d18ad715950/datanode-0/data-0/containers/hdds/e86c7e49-e04f-4606-8b16-8d18ad715950/DS-743847d5-ab58-4e43-b5a0-a9afe96f5b8b/container.db to cache
2023-03-09 14:58:12,038 [EndpointStateMachine task thread for /127.0.0.1:42633 - 0 ] INFO  volume.HddsVolume (HddsVolume.java:createDbStore(331)) - SchemaV3 db is created and loaded at /home/runner/work/ozone/ozone/hadoop-ozone/integration-test/target/test-dir/MiniOzoneClusterImpl-e86c7e49-e04f-4606-8b16-8d18ad715950/datanode-0/data-0/containers/hdds/e86c7e49-e04f-4606-8b16-8d18ad715950/DS-743847d5-ab58-4e43-b5a0-a9afe96f5b8b/container.db for volume DS-743847d5-ab58-4e43-b5a0-a9afe96f5b8b
2023-03-09 14:58:12,041 [EndpointStateMachine task thread for /127.0.0.1:42633 - 0 ] INFO  ozoneimpl.OzoneContainer (OzoneContainer.java:start(398)) - Attempting to start container services.
2023-03-09 14:58:12,043 [EndpointStateMachine task thread for /127.0.0.1:42633 - 0 ] INFO  ozoneimpl.OzoneContainer (OzoneContainer.java:startContainerScrub(315)) - Scheduled background container scanners and the on-demand container scanner have been disabled.
2023-03-09 14:58:12,046 [EndpointStateMachine task thread for /127.0.0.1:42633 - 0 ] INFO  replication.ReplicationServer (ReplicationServer.java:start(109)) - ReplicationServer is started using port 45731
2023-03-09 14:58:12,050 [EndpointStateMachine task thread for /127.0.0.1:42633 - 0 ] INFO  ratis.XceiverServerRatis (XceiverServerRatis.java:start(518)) - Starting XceiverServerRatis 9c2028ec-eae4-47ee-99aa-bca7ce936f50
2023-03-09 14:58:12,051 [EndpointStateMachine task thread for /127.0.0.1:42633 - 0 ] INFO  server.RaftServer (RaftServerProxy.java:startImpl(393)) - 9c2028ec-eae4-47ee-99aa-bca7ce936f50: start RPC server
2023-03-09 14:58:12,053 [EndpointStateMachine task thread for /127.0.0.1:42633 - 0 ] INFO  server.GrpcService (GrpcService.java:startImpl(262)) - 9c2028ec-eae4-47ee-99aa-bca7ce936f50: GrpcService started, listening on 35725
2023-03-09 14:58:12,053 [EndpointStateMachine task thread for /127.0.0.1:42633 - 0 ] INFO  ratis.XceiverServerRatis (XceiverServerRatis.java:getRealPort(544)) - XceiverServerRatis 9c2028ec-eae4-47ee-99aa-bca7ce936f50 is started using port 35725 for RATIS
2023-03-09 14:58:12,053 [EndpointStateMachine task thread for /127.0.0.1:42633 - 0 ] INFO  ratis.XceiverServerRatis (XceiverServerRatis.java:getRealPort(544)) - XceiverServerRatis 9c2028ec-eae4-47ee-99aa-bca7ce936f50 is started using port 35725 for RATIS_ADMIN
2023-03-09 14:58:12,053 [EndpointStateMachine task thread for /127.0.0.1:42633 - 0 ] INFO  ratis.XceiverServerRatis (XceiverServerRatis.java:getRealPort(544)) - XceiverServerRatis 9c2028ec-eae4-47ee-99aa-bca7ce936f50 is started using port 35725 for RATIS_SERVER
2023-03-09 14:58:12,054 [EndpointStateMachine task thread for /127.0.0.1:42633 - 0 ] INFO  ratis.XceiverServerRatis (XceiverServerRatis.java:getRealPort(544)) - XceiverServerRatis 9c2028ec-eae4-47ee-99aa-bca7ce936f50 is started using port 38891 for RATIS_DATASTREAM
2023-03-09 14:58:12,054 [JvmPauseMonitor3] INFO  util.JvmPauseMonitor (JvmPauseMonitor.java:run(105)) - JvmPauseMonitor-9c2028ec-eae4-47ee-99aa-bca7ce936f50: Started
2023-03-09 14:58:12,060 [EndpointStateMachine task thread for /127.0.0.1:42633 - 0 ] INFO  server.XceiverServerGrpc (XceiverServerGrpc.java:start(180)) - XceiverServerGrpc 9c2028ec-eae4-47ee-99aa-bca7ce936f50 is started using port 44393
2023-03-09 14:58:12,068 [BlockDeletingService#0] INFO  interfaces.ContainerDeletionChoosingPolicyTemplate (ContainerDeletionChoosingPolicyTemplate.java:chooseContainerForBlockDeletion(83)) - Chosen 0/5000 blocks from 0 candidate containers.
2023-03-09 14:58:12,565 [EndpointStateMachine task thread for /127.0.0.1:42633 - 0 ] INFO  utils.DatanodeStoreCache (DatanodeStoreCache.java:addDB(58)) - Added db /home/runner/work/ozone/ozone/hadoop-ozone/integration-test/target/test-dir/MiniOzoneClusterImpl-e86c7e49-e04f-4606-8b16-8d18ad715950/datanode-1/data-0/containers/hdds/e86c7e49-e04f-4606-8b16-8d18ad715950/DS-3deab9ce-174c-4e26-afd3-000a53d1ed08/container.db to cache
2023-03-09 14:58:12,566 [EndpointStateMachine task thread for /127.0.0.1:42633 - 0 ] INFO  volume.HddsVolume (HddsVolume.java:createDbStore(331)) - SchemaV3 db is created and loaded at /home/runner/work/ozone/ozone/hadoop-ozone/integration-test/target/test-dir/MiniOzoneClusterImpl-e86c7e49-e04f-4606-8b16-8d18ad715950/datanode-1/data-0/containers/hdds/e86c7e49-e04f-4606-8b16-8d18ad715950/DS-3deab9ce-174c-4e26-afd3-000a53d1ed08/container.db for volume DS-3deab9ce-174c-4e26-afd3-000a53d1ed08
2023-03-09 14:58:12,570 [EndpointStateMachine task thread for /127.0.0.1:42633 - 0 ] INFO  ozoneimpl.OzoneContainer (OzoneContainer.java:start(398)) - Attempting to start container services.
2023-03-09 14:58:12,570 [EndpointStateMachine task thread for /127.0.0.1:42633 - 0 ] INFO  ozoneimpl.OzoneContainer (OzoneContainer.java:startContainerScrub(315)) - Scheduled background container scanners and the on-demand container scanner have been disabled.
2023-03-09 14:58:12,573 [EndpointStateMachine task thread for /127.0.0.1:42633 - 0 ] INFO  replication.ReplicationServer (ReplicationServer.java:start(109)) - ReplicationServer is started using port 37829
2023-03-09 14:58:12,578 [EndpointStateMachine task thread for /127.0.0.1:42633 - 0 ] INFO  ratis.XceiverServerRatis (XceiverServerRatis.java:start(518)) - Starting XceiverServerRatis 8bafe227-ab53-47f4-b02f-6ec7cb40a7a2
2023-03-09 14:58:12,596 [EndpointStateMachine task thread for /127.0.0.1:42633 - 0 ] INFO  server.RaftServer (RaftServerProxy.java:startImpl(393)) - 8bafe227-ab53-47f4-b02f-6ec7cb40a7a2: start RPC server
2023-03-09 14:58:12,600 [EndpointStateMachine task thread for /127.0.0.1:42633 - 0 ] INFO  server.GrpcService (GrpcService.java:startImpl(262)) - 8bafe227-ab53-47f4-b02f-6ec7cb40a7a2: GrpcService started, listening on 43633
2023-03-09 14:58:12,601 [EndpointStateMachine task thread for /127.0.0.1:42633 - 0 ] INFO  ratis.XceiverServerRatis (XceiverServerRatis.java:getRealPort(544)) - XceiverServerRatis 8bafe227-ab53-47f4-b02f-6ec7cb40a7a2 is started using port 43633 for RATIS
2023-03-09 14:58:12,601 [JvmPauseMonitor4] INFO  util.JvmPauseMonitor (JvmPauseMonitor.java:run(105)) - JvmPauseMonitor-8bafe227-ab53-47f4-b02f-6ec7cb40a7a2: Started
2023-03-09 14:58:12,601 [EndpointStateMachine task thread for /127.0.0.1:42633 - 0 ] INFO  ratis.XceiverServerRatis (XceiverServerRatis.java:getRealPort(544)) - XceiverServerRatis 8bafe227-ab53-47f4-b02f-6ec7cb40a7a2 is started using port 43633 for RATIS_ADMIN
2023-03-09 14:58:12,603 [EndpointStateMachine task thread for /127.0.0.1:42633 - 0 ] INFO  ratis.XceiverServerRatis (XceiverServerRatis.java:getRealPort(544)) - XceiverServerRatis 8bafe227-ab53-47f4-b02f-6ec7cb40a7a2 is started using port 43633 for RATIS_SERVER
2023-03-09 14:58:12,603 [EndpointStateMachine task thread for /127.0.0.1:42633 - 0 ] INFO  ratis.XceiverServerRatis (XceiverServerRatis.java:getRealPort(544)) - XceiverServerRatis 8bafe227-ab53-47f4-b02f-6ec7cb40a7a2 is started using port 38373 for RATIS_DATASTREAM
2023-03-09 14:58:12,607 [EndpointStateMachine task thread for /127.0.0.1:42633 - 0 ] INFO  server.XceiverServerGrpc (XceiverServerGrpc.java:start(180)) - XceiverServerGrpc 8bafe227-ab53-47f4-b02f-6ec7cb40a7a2 is started using port 42695
2023-03-09 14:58:12,608 [BlockDeletingService#0] INFO  interfaces.ContainerDeletionChoosingPolicyTemplate (ContainerDeletionChoosingPolicyTemplate.java:chooseContainerForBlockDeletion(83)) - Chosen 0/5000 blocks from 0 candidate containers.
2023-03-09 14:58:12,929 [Listener at 127.0.0.1/39405] INFO  ozone.MiniOzoneClusterImpl (MiniOzoneClusterImpl.java:lambda$waitForClusterToBeReady$0(218)) - Waiting for nodes to be ready. Got 0 of 3 DN Heartbeats.
2023-03-09 14:58:12,929 [Listener at 127.0.0.1/39405] INFO  ozone.MiniOzoneClusterImpl (MiniOzoneClusterImpl.java:lambda$waitForClusterToBeReady$0(221)) - Waiting for cluster to exit safe mode
2023-03-09 14:58:12,930 [Listener at 127.0.0.1/39405] INFO  ozone.MiniOzoneClusterImpl (MiniOzoneClusterImpl.java:lambda$waitForClusterToBeReady$0(223)) - SCM became leader
2023-03-09 14:58:12,994 [EndpointStateMachine task thread for /127.0.0.1:42633 - 0 ] INFO  utils.DatanodeStoreCache (DatanodeStoreCache.java:addDB(58)) - Added db /home/runner/work/ozone/ozone/hadoop-ozone/integration-test/target/test-dir/MiniOzoneClusterImpl-e86c7e49-e04f-4606-8b16-8d18ad715950/datanode-2/data-0/containers/hdds/e86c7e49-e04f-4606-8b16-8d18ad715950/DS-b2ed889f-543d-4f52-bb9b-8fe9b1f61146/container.db to cache
2023-03-09 14:58:12,995 [EndpointStateMachine task thread for /127.0.0.1:42633 - 0 ] INFO  volume.HddsVolume (HddsVolume.java:createDbStore(331)) - SchemaV3 db is created and loaded at /home/runner/work/ozone/ozone/hadoop-ozone/integration-test/target/test-dir/MiniOzoneClusterImpl-e86c7e49-e04f-4606-8b16-8d18ad715950/datanode-2/data-0/containers/hdds/e86c7e49-e04f-4606-8b16-8d18ad715950/DS-b2ed889f-543d-4f52-bb9b-8fe9b1f61146/container.db for volume DS-b2ed889f-543d-4f52-bb9b-8fe9b1f61146
2023-03-09 14:58:12,995 [EndpointStateMachine task thread for /127.0.0.1:42633 - 0 ] INFO  ozoneimpl.OzoneContainer (OzoneContainer.java:start(398)) - Attempting to start container services.
2023-03-09 14:58:12,995 [EndpointStateMachine task thread for /127.0.0.1:42633 - 0 ] INFO  ozoneimpl.OzoneContainer (OzoneContainer.java:startContainerScrub(315)) - Scheduled background container scanners and the on-demand container scanner have been disabled.
2023-03-09 14:58:13,002 [EndpointStateMachine task thread for /127.0.0.1:42633 - 0 ] INFO  replication.ReplicationServer (ReplicationServer.java:start(109)) - ReplicationServer is started using port 40047
2023-03-09 14:58:13,004 [EndpointStateMachine task thread for /127.0.0.1:42633 - 0 ] INFO  ratis.XceiverServerRatis (XceiverServerRatis.java:start(518)) - Starting XceiverServerRatis 7cc8348c-25f7-4abd-9a5e-53969841dd44
2023-03-09 14:58:13,006 [EndpointStateMachine task thread for /127.0.0.1:42633 - 0 ] INFO  server.RaftServer (RaftServerProxy.java:startImpl(393)) - 7cc8348c-25f7-4abd-9a5e-53969841dd44: start RPC server
2023-03-09 14:58:13,008 [EndpointStateMachine task thread for /127.0.0.1:42633 - 0 ] INFO  server.GrpcService (GrpcService.java:startImpl(262)) - 7cc8348c-25f7-4abd-9a5e-53969841dd44: GrpcService started, listening on 44627
2023-03-09 14:58:13,008 [EndpointStateMachine task thread for /127.0.0.1:42633 - 0 ] INFO  ratis.XceiverServerRatis (XceiverServerRatis.java:getRealPort(544)) - XceiverServerRatis 7cc8348c-25f7-4abd-9a5e-53969841dd44 is started using port 44627 for RATIS
2023-03-09 14:58:13,008 [JvmPauseMonitor5] INFO  util.JvmPauseMonitor (JvmPauseMonitor.java:run(105)) - JvmPauseMonitor-7cc8348c-25f7-4abd-9a5e-53969841dd44: Started
2023-03-09 14:58:13,008 [EndpointStateMachine task thread for /127.0.0.1:42633 - 0 ] INFO  ratis.XceiverServerRatis (XceiverServerRatis.java:getRealPort(544)) - XceiverServerRatis 7cc8348c-25f7-4abd-9a5e-53969841dd44 is started using port 44627 for RATIS_ADMIN
2023-03-09 14:58:13,008 [EndpointStateMachine task thread for /127.0.0.1:42633 - 0 ] INFO  ratis.XceiverServerRatis (XceiverServerRatis.java:getRealPort(544)) - XceiverServerRatis 7cc8348c-25f7-4abd-9a5e-53969841dd44 is started using port 44627 for RATIS_SERVER
2023-03-09 14:58:13,008 [EndpointStateMachine task thread for /127.0.0.1:42633 - 0 ] INFO  ratis.XceiverServerRatis (XceiverServerRatis.java:getRealPort(544)) - XceiverServerRatis 7cc8348c-25f7-4abd-9a5e-53969841dd44 is started using port 32895 for RATIS_DATASTREAM
2023-03-09 14:58:13,014 [EndpointStateMachine task thread for /127.0.0.1:42633 - 0 ] INFO  server.XceiverServerGrpc (XceiverServerGrpc.java:start(180)) - XceiverServerGrpc 7cc8348c-25f7-4abd-9a5e-53969841dd44 is started using port 35737
2023-03-09 14:58:13,020 [BlockDeletingService#0] INFO  interfaces.ContainerDeletionChoosingPolicyTemplate (ContainerDeletionChoosingPolicyTemplate.java:chooseContainerForBlockDeletion(83)) - Chosen 0/5000 blocks from 0 candidate containers.
2023-03-09 14:58:13,930 [Listener at 127.0.0.1/39405] INFO  ozone.MiniOzoneClusterImpl (MiniOzoneClusterImpl.java:lambda$waitForClusterToBeReady$0(218)) - Waiting for nodes to be ready. Got 0 of 3 DN Heartbeats.
2023-03-09 14:58:13,930 [Listener at 127.0.0.1/39405] INFO  ozone.MiniOzoneClusterImpl (MiniOzoneClusterImpl.java:lambda$waitForClusterToBeReady$0(221)) - Waiting for cluster to exit safe mode
2023-03-09 14:58:13,930 [Listener at 127.0.0.1/39405] INFO  ozone.MiniOzoneClusterImpl (MiniOzoneClusterImpl.java:lambda$waitForClusterToBeReady$0(223)) - SCM became leader
2023-03-09 14:58:13,940 [IPC Server handler 3 on default port 42633] INFO  net.NetworkTopologyImpl (NetworkTopologyImpl.java:add(112)) - Added a new node: /default-rack/9c2028ec-eae4-47ee-99aa-bca7ce936f50
2023-03-09 14:58:13,943 [IPC Server handler 3 on default port 42633] INFO  node.SCMNodeManager (SCMNodeManager.java:register(404)) - Registered Data node : 9c2028ec-eae4-47ee-99aa-bca7ce936f50{ip: 127.0.0.1, host: localhost, ports: [REPLICATION=45731, RATIS=35725, RATIS_ADMIN=35725, RATIS_SERVER=35725, RATIS_DATASTREAM=38891, STANDALONE=44393], networkLocation: /default-rack, certSerialId: null, persistedOpState: null, persistedOpStateExpiryEpochSec: 0}
2023-03-09 14:58:13,954 [EventQueue-NodeRegistrationContainerReportForDataNodeSafeModeRule] INFO  safemode.SCMSafeModeManager (DataNodeSafeModeRule.java:process(71)) - SCM in safe mode. 1 DataNodes registered, 3 required.
2023-03-09 14:58:13,969 [EventQueue-NewNodeForNewNodeHandler] INFO  pipeline.BackgroundPipelineCreator (BackgroundPipelineCreator.java:notifyEventTriggered(276)) - trigger a one-shot run on RatisPipelineUtilsThread.
2023-03-09 14:58:13,975 [EventQueue-NodeRegistrationContainerReportForContainerSafeModeRule] INFO  safemode.SCMSafeModeManager (SCMSafeModeManager.java:validateSafeModeExitRules(200)) - ContainerSafeModeRule rule is successfully validated
2023-03-09 14:58:13,978 [EventQueue-PipelineReportForOneReplicaPipelineSafeModeRule] INFO  safemode.SCMSafeModeManager (SCMSafeModeManager.java:validateSafeModeExitRules(200)) - AtleastOneDatanodeReportedRule rule is successfully validated
2023-03-09 14:58:13,981 [RatisPipelineUtilsThread - 0] INFO  pipeline.RatisPipelineProvider (RatisPipelineProvider.java:lambda$create$0(206)) - Sending CreatePipelineCommand for pipeline:PipelineID=db027398-7b68-4b1c-bffb-a0ad4c07ba3c to datanode:9c2028ec-eae4-47ee-99aa-bca7ce936f50
2023-03-09 14:58:14,087 [32163878-e8f2-41cf-b327-23a994648d98@group-8D18AD715950-StateMachineUpdater] INFO  pipeline.PipelineStateManagerImpl (PipelineStateManagerImpl.java:addPipeline(103)) - Created pipeline Pipeline[ Id: db027398-7b68-4b1c-bffb-a0ad4c07ba3c, Nodes: 9c2028ec-eae4-47ee-99aa-bca7ce936f50(localhost/127.0.0.1), ReplicationConfig: RATIS/ONE, State:ALLOCATED, leaderId:, CreationTimestamp2023-03-09T14:58:13.979Z[Etc/UTC]].
2023-03-09 14:58:14,089 [32163878-e8f2-41cf-b327-23a994648d98@group-8D18AD715950-StateMachineUpdater] INFO  safemode.HealthyPipelineSafeModeRule (HealthyPipelineSafeModeRule.java:initializeRule(165)) - Refreshed total pipeline count is 0, healthy pipeline threshold count is 1
2023-03-09 14:58:14,519 [IPC Server handler 1 on default port 42633] INFO  net.NetworkTopologyImpl (NetworkTopologyImpl.java:add(112)) - Added a new node: /default-rack/8bafe227-ab53-47f4-b02f-6ec7cb40a7a2
2023-03-09 14:58:14,521 [IPC Server handler 1 on default port 42633] INFO  node.SCMNodeManager (SCMNodeManager.java:register(404)) - Registered Data node : 8bafe227-ab53-47f4-b02f-6ec7cb40a7a2{ip: 127.0.0.1, host: localhost, ports: [REPLICATION=37829, RATIS=43633, RATIS_ADMIN=43633, RATIS_SERVER=43633, RATIS_DATASTREAM=38373, STANDALONE=42695], networkLocation: /default-rack, certSerialId: null, persistedOpState: null, persistedOpStateExpiryEpochSec: 0}
2023-03-09 14:58:14,523 [EventQueue-NewNodeForNewNodeHandler] INFO  pipeline.BackgroundPipelineCreator (BackgroundPipelineCreator.java:notifyEventTriggered(276)) - trigger a one-shot run on RatisPipelineUtilsThread.
2023-03-09 14:58:14,524 [RatisPipelineUtilsThread - 0] INFO  pipeline.RatisPipelineProvider (RatisPipelineProvider.java:lambda$create$0(206)) - Sending CreatePipelineCommand for pipeline:PipelineID=d53dda86-7499-4a9b-b33d-e39c6911387a to datanode:8bafe227-ab53-47f4-b02f-6ec7cb40a7a2
2023-03-09 14:58:14,527 [EventQueue-NodeRegistrationContainerReportForDataNodeSafeModeRule] INFO  safemode.SCMSafeModeManager (DataNodeSafeModeRule.java:process(71)) - SCM in safe mode. 2 DataNodes registered, 3 required.
2023-03-09 14:58:14,530 [32163878-e8f2-41cf-b327-23a994648d98@group-8D18AD715950-StateMachineUpdater] INFO  pipeline.PipelineStateManagerImpl (PipelineStateManagerImpl.java:addPipeline(103)) - Created pipeline Pipeline[ Id: d53dda86-7499-4a9b-b33d-e39c6911387a, Nodes: 8bafe227-ab53-47f4-b02f-6ec7cb40a7a2(localhost/127.0.0.1), ReplicationConfig: RATIS/ONE, State:ALLOCATED, leaderId:, CreationTimestamp2023-03-09T14:58:14.524Z[Etc/UTC]].
2023-03-09 14:58:14,530 [32163878-e8f2-41cf-b327-23a994648d98@group-8D18AD715950-StateMachineUpdater] INFO  safemode.HealthyPipelineSafeModeRule (HealthyPipelineSafeModeRule.java:initializeRule(165)) - Refreshed total pipeline count is 0, healthy pipeline threshold count is 1
2023-03-09 14:58:14,931 [Listener at 127.0.0.1/39405] INFO  ozone.MiniOzoneClusterImpl (MiniOzoneClusterImpl.java:lambda$waitForClusterToBeReady$0(218)) - Waiting for nodes to be ready. Got 2 of 3 DN Heartbeats.
2023-03-09 14:58:14,931 [Listener at 127.0.0.1/39405] INFO  ozone.MiniOzoneClusterImpl (MiniOzoneClusterImpl.java:lambda$waitForClusterToBeReady$0(221)) - Waiting for cluster to exit safe mode
2023-03-09 14:58:14,931 [Listener at 127.0.0.1/39405] INFO  ozone.MiniOzoneClusterImpl (MiniOzoneClusterImpl.java:lambda$waitForClusterToBeReady$0(223)) - SCM became leader
2023-03-09 14:58:14,945 [IPC Server handler 3 on default port 42633] INFO  net.NetworkTopologyImpl (NetworkTopologyImpl.java:add(112)) - Added a new node: /default-rack/7cc8348c-25f7-4abd-9a5e-53969841dd44
2023-03-09 14:58:14,945 [IPC Server handler 3 on default port 42633] INFO  node.SCMNodeManager (SCMNodeManager.java:register(404)) - Registered Data node : 7cc8348c-25f7-4abd-9a5e-53969841dd44{ip: 127.0.0.1, host: localhost, ports: [REPLICATION=40047, RATIS=44627, RATIS_ADMIN=44627, RATIS_SERVER=44627, RATIS_DATASTREAM=32895, STANDALONE=35737], networkLocation: /default-rack, certSerialId: null, persistedOpState: null, persistedOpStateExpiryEpochSec: 0}
2023-03-09 14:58:14,946 [EventQueue-NewNodeForNewNodeHandler] INFO  pipeline.BackgroundPipelineCreator (BackgroundPipelineCreator.java:notifyEventTriggered(276)) - trigger a one-shot run on RatisPipelineUtilsThread.
2023-03-09 14:58:14,946 [EventQueue-NodeRegistrationContainerReportForDataNodeSafeModeRule] INFO  safemode.SCMSafeModeManager (DataNodeSafeModeRule.java:process(71)) - SCM in safe mode. 3 DataNodes registered, 3 required.
2023-03-09 14:58:14,946 [EventQueue-NodeRegistrationContainerReportForDataNodeSafeModeRule] INFO  safemode.SCMSafeModeManager (SCMSafeModeManager.java:validateSafeModeExitRules(200)) - DataNodeSafeModeRule rule is successfully validated
2023-03-09 14:58:14,946 [EventQueue-NodeRegistrationContainerReportForDataNodeSafeModeRule] INFO  safemode.SCMSafeModeManager (SCMSafeModeManager.java:completePreCheck(229)) - All SCM safe mode pre check rules have passed
2023-03-09 14:58:14,946 [EventQueue-NodeRegistrationContainerReportForDataNodeSafeModeRule] INFO  ha.SCMContext (SCMContext.java:updateSafeModeStatus(228)) - Update SafeModeStatus from SafeModeStatus{safeModeStatus=true, preCheckPassed=false} to SafeModeStatus{safeModeStatus=true, preCheckPassed=true}.
2023-03-09 14:58:14,946 [EventQueue-NodeRegistrationContainerReportForDataNodeSafeModeRule] INFO  pipeline.BackgroundPipelineCreator (BackgroundPipelineCreator.java:notifyEventTriggered(276)) - trigger a one-shot run on RatisPipelineUtilsThread.
2023-03-09 14:58:14,947 [RatisPipelineUtilsThread - 0] INFO  pipeline.RatisPipelineProvider (RatisPipelineProvider.java:lambda$create$0(206)) - Sending CreatePipelineCommand for pipeline:PipelineID=23ea7f70-7a85-433b-b6bd-943e7187e310 to datanode:7cc8348c-25f7-4abd-9a5e-53969841dd44
2023-03-09 14:58:14,950 [32163878-e8f2-41cf-b327-23a994648d98@group-8D18AD715950-StateMachineUpdater] INFO  pipeline.PipelineStateManagerImpl (PipelineStateManagerImpl.java:addPipeline(103)) - Created pipeline Pipeline[ Id: 23ea7f70-7a85-433b-b6bd-943e7187e310, Nodes: 7cc8348c-25f7-4abd-9a5e-53969841dd44(localhost/127.0.0.1), ReplicationConfig: RATIS/ONE, State:ALLOCATED, leaderId:, CreationTimestamp2023-03-09T14:58:14.947Z[Etc/UTC]].
2023-03-09 14:58:14,950 [32163878-e8f2-41cf-b327-23a994648d98@group-8D18AD715950-StateMachineUpdater] INFO  safemode.HealthyPipelineSafeModeRule (HealthyPipelineSafeModeRule.java:initializeRule(165)) - Refreshed total pipeline count is 0, healthy pipeline threshold count is 1
2023-03-09 14:58:14,955 [RatisPipelineUtilsThread - 0] INFO  pipeline.RatisPipelineProvider (RatisPipelineProvider.java:lambda$create$0(206)) - Sending CreatePipelineCommand for pipeline:PipelineID=5cdb5299-f0f3-4ae7-8a8c-8b6815a740cc to datanode:7cc8348c-25f7-4abd-9a5e-53969841dd44
2023-03-09 14:58:14,955 [RatisPipelineUtilsThread - 0] INFO  pipeline.RatisPipelineProvider (RatisPipelineProvider.java:lambda$create$0(206)) - Sending CreatePipelineCommand for pipeline:PipelineID=5cdb5299-f0f3-4ae7-8a8c-8b6815a740cc to datanode:8bafe227-ab53-47f4-b02f-6ec7cb40a7a2
2023-03-09 14:58:14,955 [RatisPipelineUtilsThread - 0] INFO  pipeline.RatisPipelineProvider (RatisPipelineProvider.java:lambda$create$0(206)) - Sending CreatePipelineCommand for pipeline:PipelineID=5cdb5299-f0f3-4ae7-8a8c-8b6815a740cc to datanode:9c2028ec-eae4-47ee-99aa-bca7ce936f50
2023-03-09 14:58:14,959 [32163878-e8f2-41cf-b327-23a994648d98@group-8D18AD715950-StateMachineUpdater] INFO  pipeline.PipelineStateManagerImpl (PipelineStateManagerImpl.java:addPipeline(103)) - Created pipeline Pipeline[ Id: 5cdb5299-f0f3-4ae7-8a8c-8b6815a740cc, Nodes: 7cc8348c-25f7-4abd-9a5e-53969841dd44(localhost/127.0.0.1)8bafe227-ab53-47f4-b02f-6ec7cb40a7a2(localhost/127.0.0.1)9c2028ec-eae4-47ee-99aa-bca7ce936f50(localhost/127.0.0.1), ReplicationConfig: RATIS/THREE, State:ALLOCATED, leaderId:, CreationTimestamp2023-03-09T14:58:14.955Z[Etc/UTC]].
2023-03-09 14:58:14,959 [32163878-e8f2-41cf-b327-23a994648d98@group-8D18AD715950-StateMachineUpdater] INFO  safemode.HealthyPipelineSafeModeRule (HealthyPipelineSafeModeRule.java:initializeRule(165)) - Refreshed total pipeline count is 0, healthy pipeline threshold count is 1
2023-03-09 14:58:14,964 [RatisPipelineUtilsThread - 0] INFO  pipeline.RatisPipelineProvider (RatisPipelineProvider.java:lambda$create$0(206)) - Sending CreatePipelineCommand for pipeline:PipelineID=a417e7bd-d0a1-44e2-96ee-3cb6e2304b87 to datanode:7cc8348c-25f7-4abd-9a5e-53969841dd44
2023-03-09 14:58:14,964 [RatisPipelineUtilsThread - 0] INFO  pipeline.RatisPipelineProvider (RatisPipelineProvider.java:lambda$create$0(206)) - Sending CreatePipelineCommand for pipeline:PipelineID=a417e7bd-d0a1-44e2-96ee-3cb6e2304b87 to datanode:8bafe227-ab53-47f4-b02f-6ec7cb40a7a2
2023-03-09 14:58:14,964 [RatisPipelineUtilsThread - 0] INFO  pipeline.RatisPipelineProvider (RatisPipelineProvider.java:lambda$create$0(206)) - Sending CreatePipelineCommand for pipeline:PipelineID=a417e7bd-d0a1-44e2-96ee-3cb6e2304b87 to datanode:9c2028ec-eae4-47ee-99aa-bca7ce936f50
2023-03-09 14:58:14,968 [32163878-e8f2-41cf-b327-23a994648d98@group-8D18AD715950-StateMachineUpdater] INFO  pipeline.PipelineStateManagerImpl (PipelineStateManagerImpl.java:addPipeline(103)) - Created pipeline Pipeline[ Id: a417e7bd-d0a1-44e2-96ee-3cb6e2304b87, Nodes: 7cc8348c-25f7-4abd-9a5e-53969841dd44(localhost/127.0.0.1)8bafe227-ab53-47f4-b02f-6ec7cb40a7a2(localhost/127.0.0.1)9c2028ec-eae4-47ee-99aa-bca7ce936f50(localhost/127.0.0.1), ReplicationConfig: RATIS/THREE, State:ALLOCATED, leaderId:, CreationTimestamp2023-03-09T14:58:14.963Z[Etc/UTC]].
2023-03-09 14:58:14,968 [32163878-e8f2-41cf-b327-23a994648d98@group-8D18AD715950-StateMachineUpdater] INFO  safemode.HealthyPipelineSafeModeRule (HealthyPipelineSafeModeRule.java:initializeRule(165)) - Refreshed total pipeline count is 0, healthy pipeline threshold count is 1
2023-03-09 14:58:14,969 [RatisPipelineUtilsThread - 0] INFO  pipeline.PipelineManagerImpl (PipelineManagerImpl.java:recordMetricsForPipeline(826)) - Pipeline: PipelineID=a417e7bd-d0a1-44e2-96ee-3cb6e2304b87 contains same datanodes as previous pipelines: PipelineID=5cdb5299-f0f3-4ae7-8a8c-8b6815a740cc nodeIds: 7cc8348c-25f7-4abd-9a5e-53969841dd44, 8bafe227-ab53-47f4-b02f-6ec7cb40a7a2, 9c2028ec-eae4-47ee-99aa-bca7ce936f50
2023-03-09 14:58:14,970 [RatisPipelineUtilsThread - 0] WARN  pipeline.PipelinePlacementPolicy (PipelinePlacementPolicy.java:filterViableNodes(158)) - Pipeline creation failed due to no sufficient healthy datanodes. Required 3. Found 0.
2023-03-09 14:58:15,932 [Listener at 127.0.0.1/39405] INFO  ozone.MiniOzoneClusterImpl (MiniOzoneClusterImpl.java:lambda$waitForClusterToBeReady$0(218)) - Nodes are ready. Got 3 of 3 DN Heartbeats.
2023-03-09 14:58:15,932 [Listener at 127.0.0.1/39405] INFO  ozone.MiniOzoneClusterImpl (MiniOzoneClusterImpl.java:lambda$waitForClusterToBeReady$0(221)) - Waiting for cluster to exit safe mode
2023-03-09 14:58:15,932 [Listener at 127.0.0.1/39405] INFO  ozone.MiniOzoneClusterImpl (MiniOzoneClusterImpl.java:lambda$waitForClusterToBeReady$0(223)) - SCM became leader
2023-03-09 14:58:17,072 [Listener at 127.0.0.1/39405] INFO  ozone.MiniOzoneClusterImpl (MiniOzoneClusterImpl.java:lambda$waitForClusterToBeReady$0(218)) - Nodes are ready. Got 3 of 3 DN Heartbeats.
2023-03-09 14:58:17,072 [Listener at 127.0.0.1/39405] INFO  ozone.MiniOzoneClusterImpl (MiniOzoneClusterImpl.java:lambda$waitForClusterToBeReady$0(221)) - Waiting for cluster to exit safe mode
2023-03-09 14:58:17,078 [Listener at 127.0.0.1/39405] INFO  ozone.MiniOzoneClusterImpl (MiniOzoneClusterImpl.java:lambda$waitForClusterToBeReady$0(223)) - SCM became leader
2023-03-09 14:58:17,104 [Command processor thread] INFO  server.RaftServer (RaftServerProxy.java:addNew(96)) - 9c2028ec-eae4-47ee-99aa-bca7ce936f50: addNew group-A0AD4C07BA3C:[9c2028ec-eae4-47ee-99aa-bca7ce936f50|rpc:127.0.0.1:35725|dataStream:127.0.0.1:38891|priority:1|startupRole:FOLLOWER] returns group-A0AD4C07BA3C:java.util.concurrent.CompletableFuture@33ab67e0[Not completed]
2023-03-09 14:58:17,116 [pool-80-thread-1] INFO  server.RaftServer$Division (RaftServerImpl.java:<init>(195)) - 9c2028ec-eae4-47ee-99aa-bca7ce936f50: new RaftServerImpl for group-A0AD4C07BA3C:[9c2028ec-eae4-47ee-99aa-bca7ce936f50|rpc:127.0.0.1:35725|dataStream:127.0.0.1:38891|priority:1|startupRole:FOLLOWER] with ContainerStateMachine:uninitialized
2023-03-09 14:58:17,117 [pool-80-thread-1] INFO  server.RaftServerConfigKeys (ConfUtils.java:logGet(46)) - raft.server.rpc.timeout.min = 5s (custom)
2023-03-09 14:58:17,117 [pool-80-thread-1] INFO  server.RaftServerConfigKeys (ConfUtils.java:logGet(46)) - raft.server.rpc.timeout.max = 5200ms (custom)
2023-03-09 14:58:17,117 [pool-80-thread-1] INFO  server.RaftServerConfigKeys (ConfUtils.java:logGet(46)) - raft.server.rpc.sleep.time = 25ms (default)
2023-03-09 14:58:17,117 [pool-80-thread-1] INFO  server.RaftServerConfigKeys (ConfUtils.java:logGet(46)) - raft.server.rpc.slowness.timeout = 300s (custom)
2023-03-09 14:58:17,117 [pool-80-thread-1] INFO  server.RaftServerConfigKeys (ConfUtils.java:logGet(46)) - raft.server.leaderelection.leader.step-down.wait-time = 10s (default)
2023-03-09 14:58:17,117 [pool-80-thread-1] INFO  server.RaftServerConfigKeys (ConfUtils.java:logGet(46)) - raft.server.sleep.deviation.threshold = 300ms (default)
2023-03-09 14:58:17,117 [pool-80-thread-1] INFO  server.RaftServer$Division (ServerState.java:<init>(118)) - 9c2028ec-eae4-47ee-99aa-bca7ce936f50@group-A0AD4C07BA3C: ConfigurationManager, init=-1: peers:[9c2028ec-eae4-47ee-99aa-bca7ce936f50|rpc:127.0.0.1:35725|dataStream:127.0.0.1:38891|priority:1|startupRole:FOLLOWER]|listeners:[], old=null, confs=<EMPTY_MAP>
2023-03-09 14:58:17,117 [pool-80-thread-1] INFO  server.RaftServerConfigKeys (ConfUtils.java:logGet(46)) - raft.server.storage.dir = [/home/runner/work/ozone/ozone/hadoop-ozone/integration-test/target/test-dir/MiniOzoneClusterImpl-e86c7e49-e04f-4606-8b16-8d18ad715950/datanode-0/data/ratis] (custom)
2023-03-09 14:58:17,117 [pool-80-thread-1] INFO  server.RaftServerConfigKeys (ConfUtils.java:logGet(46)) - raft.server.log.corruption.policy = EXCEPTION (default)
2023-03-09 14:58:17,118 [pool-80-thread-1] INFO  server.RaftServerConfigKeys (ConfUtils.java:logGet(46)) - raft.server.storage.free-space.min = 0MB (=0) (default)
2023-03-09 14:58:17,118 [pool-80-thread-1] INFO  server.RaftServerConfigKeys (ConfUtils.java:logGet(46)) - raft.server.notification.no-leader.timeout = 300s (custom)
2023-03-09 14:58:17,118 [pool-80-thread-1] INFO  server.RaftServerConfigKeys (ConfUtils.java:logGet(46)) - raft.server.retrycache.expirytime = 600000ms (custom)
2023-03-09 14:58:17,118 [pool-80-thread-1] INFO  server.RaftServerConfigKeys (ConfUtils.java:logGet(46)) - raft.server.retrycache.statistics.expirytime = 100μs (default)
2023-03-09 14:58:17,121 [pool-80-thread-1] INFO  server.RaftServerConfigKeys (ConfUtils.java:logGet(46)) - raft.server.log.appender.install.snapshot.enabled = false (custom)
2023-03-09 14:58:17,121 [pool-80-thread-1] INFO  server.RaftServerConfigKeys (ConfUtils.java:logGet(46)) - raft.server.threadpool.server.cached = true (default)
2023-03-09 14:58:17,121 [pool-80-thread-1] INFO  server.RaftServerConfigKeys (ConfUtils.java:logGet(46)) - raft.server.threadpool.server.size = 0 (default)
2023-03-09 14:58:17,121 [pool-80-thread-1] INFO  server.RaftServerConfigKeys (ConfUtils.java:logGet(46)) - raft.server.threadpool.client.cached = true (default)
2023-03-09 14:58:17,121 [pool-80-thread-1] INFO  server.RaftServerConfigKeys (ConfUtils.java:logGet(46)) - raft.server.threadpool.client.size = 0 (default)
2023-03-09 14:58:17,122 [pool-80-thread-1] INFO  storage.RaftStorageDirectory (RaftStorageDirectoryImpl.java:analyzeStorage(137)) - The storage directory /home/runner/work/ozone/ozone/hadoop-ozone/integration-test/target/test-dir/MiniOzoneClusterImpl-e86c7e49-e04f-4606-8b16-8d18ad715950/datanode-0/data/ratis/db027398-7b68-4b1c-bffb-a0ad4c07ba3c does not exist. Creating ...
2023-03-09 14:58:17,124 [pool-80-thread-1] INFO  storage.RaftStorageDirectory (RaftStorageDirectoryImpl.java:tryLock(231)) - Lock on /home/runner/work/ozone/ozone/hadoop-ozone/integration-test/target/test-dir/MiniOzoneClusterImpl-e86c7e49-e04f-4606-8b16-8d18ad715950/datanode-0/data/ratis/db027398-7b68-4b1c-bffb-a0ad4c07ba3c/in_use.lock acquired by nodename 57158@fv-az377-502
2023-03-09 14:58:17,125 [pool-80-thread-1] INFO  storage.RaftStorage (RaftStorageImpl.java:format(96)) - Storage directory /home/runner/work/ozone/ozone/hadoop-ozone/integration-test/target/test-dir/MiniOzoneClusterImpl-e86c7e49-e04f-4606-8b16-8d18ad715950/datanode-0/data/ratis/db027398-7b68-4b1c-bffb-a0ad4c07ba3c has been successfully formatted.
2023-03-09 14:58:17,135 [pool-80-thread-1] INFO  ratis.ContainerStateMachine (ContainerStateMachine.java:loadSnapshot(240)) - group-A0AD4C07BA3C: The snapshot info is null. Setting the last applied indexto:(t:0, i:~)
2023-03-09 14:58:17,135 [pool-80-thread-1] INFO  server.RaftServerConfigKeys (ConfUtils.java:logGet(46)) - raft.server.log.use.memory = false (default)
2023-03-09 14:58:17,135 [pool-80-thread-1] INFO  server.RaftServerConfigKeys (ConfUtils.java:logGet(46)) - raft.server.log.purge.gap = 1000000 (custom)
2023-03-09 14:58:17,135 [pool-80-thread-1] INFO  server.RaftServerConfigKeys (ConfUtils.java:logGet(46)) - raft.server.log.appender.buffer.byte-limit = 33554432 (custom)
2023-03-09 14:58:17,135 [pool-80-thread-1] INFO  server.RaftServerConfigKeys (ConfUtils.java:logGet(46)) - raft.server.log.statemachine.data.read.timeout = 1000ms (default)
2023-03-09 14:58:17,135 [pool-80-thread-1] INFO  server.RaftServerConfigKeys (ConfUtils.java:logGet(46)) - raft.server.log.purge.preservation.log.num = 0 (default)
2023-03-09 14:58:17,136 [pool-80-thread-1] INFO  server.RaftServerConfigKeys (ConfUtils.java:logGet(46)) - raft.server.log.segment.size.max = 1048576 (custom)
2023-03-09 14:58:17,141 [pool-80-thread-1] INFO  server.RaftServerConfigKeys (ConfUtils.java:logGet(46)) - raft.server.log.segment.cache.num.max = 2 (custom)
2023-03-09 14:58:17,141 [pool-80-thread-1] INFO  server.RaftServerConfigKeys (ConfUtils.java:logGet(46)) - raft.server.log.segment.cache.size.max = 200MB (=209715200) (default)
2023-03-09 14:58:17,141 [pool-80-thread-1] INFO  segmented.SegmentedRaftLogWorker (SegmentedRaftLogWorker.java:<init>(189)) - new 9c2028ec-eae4-47ee-99aa-bca7ce936f50@group-A0AD4C07BA3C-SegmentedRaftLogWorker for RaftStorageImpl:Storage Directory /home/runner/work/ozone/ozone/hadoop-ozone/integration-test/target/test-dir/MiniOzoneClusterImpl-e86c7e49-e04f-4606-8b16-8d18ad715950/datanode-0/data/ratis/db027398-7b68-4b1c-bffb-a0ad4c07ba3c
2023-03-09 14:58:17,141 [pool-80-thread-1] INFO  server.RaftServerConfigKeys (ConfUtils.java:logGet(46)) - raft.server.log.queue.byte-limit = 4294967296 (custom)
2023-03-09 14:58:17,145 [pool-80-thread-1] INFO  server.RaftServerConfigKeys (ConfUtils.java:logGet(46)) - raft.server.log.queue.element-limit = 1024 (custom)
2023-03-09 14:58:17,145 [pool-80-thread-1] INFO  server.RaftServerConfigKeys (ConfUtils.java:logGet(46)) - raft.server.log.segment.size.max = 1048576 (custom)
2023-03-09 14:58:17,145 [pool-80-thread-1] INFO  server.RaftServerConfigKeys (ConfUtils.java:logGet(46)) - raft.server.log.preallocated.size = 16384 (custom)
2023-03-09 14:58:17,145 [pool-80-thread-1] INFO  server.RaftServerConfigKeys (ConfUtils.java:logGet(46)) - raft.server.log.force.sync.num = 128 (default)
2023-03-09 14:58:17,145 [pool-80-thread-1] INFO  server.RaftServerConfigKeys (ConfUtils.java:logGet(46)) - raft.server.log.statemachine.data.sync = true (default)
2023-03-09 14:58:17,145 [pool-80-thread-1] INFO  server.RaftServerConfigKeys (ConfUtils.java:logGet(46)) - raft.server.log.statemachine.data.sync.timeout = 10s (default)
2023-03-09 14:58:17,145 [pool-80-thread-1] INFO  server.RaftServerConfigKeys (ConfUtils.java:logGet(46)) - raft.server.log.statemachine.data.sync.timeout.retry = -1 (default)
2023-03-09 14:58:17,149 [EventQueue-PipelineReportForPipelineReportHandler] INFO  pipeline.PipelineManagerImpl (PipelineManagerImpl.java:openPipeline(367)) - Pipeline Pipeline[ Id: db027398-7b68-4b1c-bffb-a0ad4c07ba3c, Nodes: 9c2028ec-eae4-47ee-99aa-bca7ce936f50(localhost/127.0.0.1), ReplicationConfig: RATIS/ONE, State:ALLOCATED, leaderId:9c2028ec-eae4-47ee-99aa-bca7ce936f50, CreationTimestamp2023-03-09T14:58:13.979Z[Etc/UTC]] moved to OPEN state
2023-03-09 14:58:17,165 [32163878-e8f2-41cf-b327-23a994648d98@group-8D18AD715950-StateMachineUpdater] INFO  safemode.HealthyPipelineSafeModeRule (HealthyPipelineSafeModeRule.java:initializeRule(165)) - Refreshed total pipeline count is 0, healthy pipeline threshold count is 1
2023-03-09 14:58:17,166 [pool-80-thread-1] INFO  server.RaftServerConfigKeys (ConfUtils.java:logGet(46)) - raft.server.log.write.buffer.size = 1048576 (custom)
2023-03-09 14:58:17,166 [pool-80-thread-1] INFO  server.RaftServerConfigKeys (ConfUtils.java:logGet(46)) - raft.server.log.appender.buffer.byte-limit = 33554432 (custom)
2023-03-09 14:58:17,174 [EventQueue-OpenPipelineForHealthyPipelineSafeModeRule] INFO  safemode.SCMSafeModeManager (HealthyPipelineSafeModeRule.java:process(137)) - SCM in safe mode. Healthy pipelines reported count is 0, required healthy pipeline reported count is 1
2023-03-09 14:58:17,183 [pool-80-thread-1] INFO  server.RaftServerConfigKeys (ConfUtils.java:logGet(46)) - raft.server.log.unsafe-flush.enabled = false (default)
2023-03-09 14:58:17,183 [pool-80-thread-1] INFO  server.RaftServerConfigKeys (ConfUtils.java:logGet(46)) - raft.server.log.async-flush.enabled = false (default)
2023-03-09 14:58:17,183 [pool-80-thread-1] INFO  server.RaftServerConfigKeys (ConfUtils.java:logGet(46)) - raft.server.log.statemachine.data.caching.enabled = true (custom)
2023-03-09 14:58:17,184 [pool-80-thread-1] INFO  segmented.SegmentedRaftLogWorker (SegmentedRaftLogWorker.java:lambda$new$0(135)) - 9c2028ec-eae4-47ee-99aa-bca7ce936f50@group-A0AD4C07BA3C-SegmentedRaftLogWorker: flushIndex: setUnconditionally 0 -> -1
2023-03-09 14:58:17,185 [pool-80-thread-1] INFO  segmented.SegmentedRaftLogWorker (SegmentedRaftLogWorker.java:lambda$new$0(135)) - 9c2028ec-eae4-47ee-99aa-bca7ce936f50@group-A0AD4C07BA3C-SegmentedRaftLogWorker: safeCacheEvictIndex: setUnconditionally 0 -> -1
2023-03-09 14:58:17,186 [pool-80-thread-1] INFO  server.RaftServer$Division (RaftServerImpl.java:start(334)) - 9c2028ec-eae4-47ee-99aa-bca7ce936f50@group-A0AD4C07BA3C: start as a follower, conf=-1: peers:[9c2028ec-eae4-47ee-99aa-bca7ce936f50|rpc:127.0.0.1:35725|dataStream:127.0.0.1:38891|priority:1|startupRole:FOLLOWER]|listeners:[], old=null
2023-03-09 14:58:17,186 [pool-80-thread-1] INFO  server.RaftServer$Division (RaftServerImpl.java:setRole(321)) - 9c2028ec-eae4-47ee-99aa-bca7ce936f50@group-A0AD4C07BA3C: changes role from      null to FOLLOWER at term 0 for startAsFollower
2023-03-09 14:58:17,186 [pool-80-thread-1] INFO  impl.RoleInfo (RoleInfo.java:updateAndGet(139)) - 9c2028ec-eae4-47ee-99aa-bca7ce936f50: start 9c2028ec-eae4-47ee-99aa-bca7ce936f50@group-A0AD4C07BA3C-FollowerState
2023-03-09 14:58:17,187 [9c2028ec-eae4-47ee-99aa-bca7ce936f50@group-A0AD4C07BA3C-FollowerState] INFO  server.RaftServerConfigKeys (ConfUtils.java:logFallback(53)) - raft.server.rpc.first-election.timeout.min = 5s (fallback to raft.server.rpc.timeout.min)
2023-03-09 14:58:17,187 [9c2028ec-eae4-47ee-99aa-bca7ce936f50@group-A0AD4C07BA3C-FollowerState] INFO  server.RaftServerConfigKeys (ConfUtils.java:logFallback(53)) - raft.server.rpc.first-election.timeout.max = 5200ms (fallback to raft.server.rpc.timeout.max)
2023-03-09 14:58:17,189 [pool-80-thread-1] INFO  util.JmxRegister (JmxRegister.java:tryRegister(44)) - Successfully registered JMX Bean with object name Ratis:service=RaftServer,group=group-A0AD4C07BA3C,id=9c2028ec-eae4-47ee-99aa-bca7ce936f50
2023-03-09 14:58:17,189 [pool-80-thread-1] INFO  server.RaftServerConfigKeys (ConfUtils.java:logGet(46)) - raft.server.snapshot.auto.trigger.enabled = true (custom)
2023-03-09 14:58:17,189 [pool-80-thread-1] INFO  server.RaftServerConfigKeys (ConfUtils.java:logGet(46)) - raft.server.snapshot.auto.trigger.threshold = 10000 (custom)
2023-03-09 14:58:17,191 [pool-80-thread-1] INFO  server.RaftServerConfigKeys (ConfUtils.java:logGet(46)) - raft.server.snapshot.retention.file.num = 5 (custom)
2023-03-09 14:58:17,191 [pool-80-thread-1] INFO  server.RaftServerConfigKeys (ConfUtils.java:logGet(46)) - raft.server.log.purge.upto.snapshot.index = false (default)
2023-03-09 14:58:17,197 [Command processor thread] INFO  ratis.XceiverServerRatis (XceiverServerRatis.java:addGroup(807)) - Created group PipelineID=db027398-7b68-4b1c-bffb-a0ad4c07ba3c
2023-03-09 14:58:17,198 [Command processor thread] INFO  commandhandler.CreatePipelineCommandHandler (CreatePipelineCommandHandler.java:handle(113)) - Created Pipeline RATIS ONE PipelineID=db027398-7b68-4b1c-bffb-a0ad4c07ba3c.
2023-03-09 14:58:17,199 [Command processor thread] INFO  server.RaftServer (RaftServerProxy.java:addNew(96)) - 9c2028ec-eae4-47ee-99aa-bca7ce936f50: addNew group-8B6815A740CC:[8bafe227-ab53-47f4-b02f-6ec7cb40a7a2|rpc:127.0.0.1:43633|dataStream:127.0.0.1:38373|priority:0|startupRole:FOLLOWER, 9c2028ec-eae4-47ee-99aa-bca7ce936f50|rpc:127.0.0.1:35725|dataStream:127.0.0.1:38891|priority:0|startupRole:FOLLOWER, 7cc8348c-25f7-4abd-9a5e-53969841dd44|rpc:127.0.0.1:44627|dataStream:127.0.0.1:32895|priority:1|startupRole:FOLLOWER] returns group-8B6815A740CC:java.util.concurrent.CompletableFuture@46ea325[Not completed]
2023-03-09 14:58:17,206 [pool-80-thread-1] INFO  server.RaftServer$Division (RaftServerImpl.java:<init>(195)) - 9c2028ec-eae4-47ee-99aa-bca7ce936f50: new RaftServerImpl for group-8B6815A740CC:[8bafe227-ab53-47f4-b02f-6ec7cb40a7a2|rpc:127.0.0.1:43633|dataStream:127.0.0.1:38373|priority:0|startupRole:FOLLOWER, 9c2028ec-eae4-47ee-99aa-bca7ce936f50|rpc:127.0.0.1:35725|dataStream:127.0.0.1:38891|priority:0|startupRole:FOLLOWER, 7cc8348c-25f7-4abd-9a5e-53969841dd44|rpc:127.0.0.1:44627|dataStream:127.0.0.1:32895|priority:1|startupRole:FOLLOWER] with ContainerStateMachine:uninitialized
2023-03-09 14:58:17,206 [pool-80-thread-1] INFO  server.RaftServerConfigKeys (ConfUtils.java:logGet(46)) - raft.server.rpc.timeout.min = 5s (custom)
2023-03-09 14:58:17,206 [pool-80-thread-1] INFO  server.RaftServerConfigKeys (ConfUtils.java:logGet(46)) - raft.server.rpc.timeout.max = 5200ms (custom)
2023-03-09 14:58:17,206 [pool-80-thread-1] INFO  server.RaftServerConfigKeys (ConfUtils.java:logGet(46)) - raft.server.rpc.sleep.time = 25ms (default)
2023-03-09 14:58:17,206 [pool-80-thread-1] INFO  server.RaftServerConfigKeys (ConfUtils.java:logGet(46)) - raft.server.rpc.slowness.timeout = 300s (custom)
2023-03-09 14:58:17,206 [pool-80-thread-1] INFO  server.RaftServerConfigKeys (ConfUtils.java:logGet(46)) - raft.server.leaderelection.leader.step-down.wait-time = 10s (default)
2023-03-09 14:58:17,206 [pool-80-thread-1] INFO  server.RaftServerConfigKeys (ConfUtils.java:logGet(46)) - raft.server.sleep.deviation.threshold = 300ms (default)
2023-03-09 14:58:17,206 [pool-80-thread-1] INFO  server.RaftServer$Division (ServerState.java:<init>(118)) - 9c2028ec-eae4-47ee-99aa-bca7ce936f50@group-8B6815A740CC: ConfigurationManager, init=-1: peers:[8bafe227-ab53-47f4-b02f-6ec7cb40a7a2|rpc:127.0.0.1:43633|dataStream:127.0.0.1:38373|priority:0|startupRole:FOLLOWER, 9c2028ec-eae4-47ee-99aa-bca7ce936f50|rpc:127.0.0.1:35725|dataStream:127.0.0.1:38891|priority:0|startupRole:FOLLOWER, 7cc8348c-25f7-4abd-9a5e-53969841dd44|rpc:127.0.0.1:44627|dataStream:127.0.0.1:32895|priority:1|startupRole:FOLLOWER]|listeners:[], old=null, confs=<EMPTY_MAP>
2023-03-09 14:58:17,206 [pool-80-thread-1] INFO  server.RaftServerConfigKeys (ConfUtils.java:logGet(46)) - raft.server.storage.dir = [/home/runner/work/ozone/ozone/hadoop-ozone/integration-test/target/test-dir/MiniOzoneClusterImpl-e86c7e49-e04f-4606-8b16-8d18ad715950/datanode-0/data/ratis] (custom)
2023-03-09 14:58:17,207 [pool-80-thread-1] INFO  server.RaftServerConfigKeys (ConfUtils.java:logGet(46)) - raft.server.log.corruption.policy = EXCEPTION (default)
2023-03-09 14:58:17,207 [pool-80-thread-1] INFO  server.RaftServerConfigKeys (ConfUtils.java:logGet(46)) - raft.server.storage.free-space.min = 0MB (=0) (default)
2023-03-09 14:58:17,207 [pool-80-thread-1] INFO  server.RaftServerConfigKeys (ConfUtils.java:logGet(46)) - raft.server.notification.no-leader.timeout = 300s (custom)
2023-03-09 14:58:17,207 [pool-80-thread-1] INFO  server.RaftServerConfigKeys (ConfUtils.java:logGet(46)) - raft.server.retrycache.expirytime = 600000ms (custom)
2023-03-09 14:58:17,207 [pool-80-thread-1] INFO  server.RaftServerConfigKeys (ConfUtils.java:logGet(46)) - raft.server.retrycache.statistics.expirytime = 100μs (default)
2023-03-09 14:58:17,216 [pool-80-thread-1] INFO  server.RaftServerConfigKeys (ConfUtils.java:logGet(46)) - raft.server.log.appender.install.snapshot.enabled = false (custom)
2023-03-09 14:58:17,217 [pool-80-thread-1] INFO  server.RaftServerConfigKeys (ConfUtils.java:logGet(46)) - raft.server.threadpool.server.cached = true (default)
2023-03-09 14:58:17,218 [pool-80-thread-1] INFO  server.RaftServerConfigKeys (ConfUtils.java:logGet(46)) - raft.server.threadpool.server.size = 0 (default)
2023-03-09 14:58:17,218 [pool-80-thread-1] INFO  server.RaftServerConfigKeys (ConfUtils.java:logGet(46)) - raft.server.threadpool.client.cached = true (default)
2023-03-09 14:58:17,218 [pool-80-thread-1] INFO  server.RaftServerConfigKeys (ConfUtils.java:logGet(46)) - raft.server.threadpool.client.size = 0 (default)
2023-03-09 14:58:17,218 [pool-80-thread-1] INFO  storage.RaftStorageDirectory (RaftStorageDirectoryImpl.java:analyzeStorage(137)) - The storage directory /home/runner/work/ozone/ozone/hadoop-ozone/integration-test/target/test-dir/MiniOzoneClusterImpl-e86c7e49-e04f-4606-8b16-8d18ad715950/datanode-0/data/ratis/5cdb5299-f0f3-4ae7-8a8c-8b6815a740cc does not exist. Creating ...
2023-03-09 14:58:17,219 [pool-80-thread-1] INFO  storage.RaftStorageDirectory (RaftStorageDirectoryImpl.java:tryLock(231)) - Lock on /home/runner/work/ozone/ozone/hadoop-ozone/integration-test/target/test-dir/MiniOzoneClusterImpl-e86c7e49-e04f-4606-8b16-8d18ad715950/datanode-0/data/ratis/5cdb5299-f0f3-4ae7-8a8c-8b6815a740cc/in_use.lock acquired by nodename 57158@fv-az377-502
2023-03-09 14:58:17,221 [pool-80-thread-1] INFO  storage.RaftStorage (RaftStorageImpl.java:format(96)) - Storage directory /home/runner/work/ozone/ozone/hadoop-ozone/integration-test/target/test-dir/MiniOzoneClusterImpl-e86c7e49-e04f-4606-8b16-8d18ad715950/datanode-0/data/ratis/5cdb5299-f0f3-4ae7-8a8c-8b6815a740cc has been successfully formatted.
2023-03-09 14:58:17,221 [pool-80-thread-1] INFO  ratis.ContainerStateMachine (ContainerStateMachine.java:loadSnapshot(240)) - group-8B6815A740CC: The snapshot info is null. Setting the last applied indexto:(t:0, i:~)
2023-03-09 14:58:17,221 [pool-80-thread-1] INFO  server.RaftServerConfigKeys (ConfUtils.java:logGet(46)) - raft.server.log.use.memory = false (default)
2023-03-09 14:58:17,221 [pool-80-thread-1] INFO  server.RaftServerConfigKeys (ConfUtils.java:logGet(46)) - raft.server.log.purge.gap = 1000000 (custom)
2023-03-09 14:58:17,222 [pool-80-thread-1] INFO  server.RaftServerConfigKeys (ConfUtils.java:logGet(46)) - raft.server.log.appender.buffer.byte-limit = 33554432 (custom)
2023-03-09 14:58:17,222 [pool-80-thread-1] INFO  server.RaftServerConfigKeys (ConfUtils.java:logGet(46)) - raft.server.log.statemachine.data.read.timeout = 1000ms (default)
2023-03-09 14:58:17,222 [pool-80-thread-1] INFO  server.RaftServerConfigKeys (ConfUtils.java:logGet(46)) - raft.server.log.purge.preservation.log.num = 0 (default)
2023-03-09 14:58:17,225 [pool-80-thread-1] INFO  server.RaftServerConfigKeys (ConfUtils.java:logGet(46)) - raft.server.log.segment.size.max = 1048576 (custom)
2023-03-09 14:58:17,225 [pool-80-thread-1] INFO  server.RaftServerConfigKeys (ConfUtils.java:logGet(46)) - raft.server.log.segment.cache.num.max = 2 (custom)
2023-03-09 14:58:17,225 [pool-80-thread-1] INFO  server.RaftServerConfigKeys (ConfUtils.java:logGet(46)) - raft.server.log.segment.cache.size.max = 200MB (=209715200) (default)
2023-03-09 14:58:17,225 [EventQueue-OpenPipelineForHealthyPipelineSafeModeRule] INFO  safemode.SCMSafeModeManager (HealthyPipelineSafeModeRule.java:process(137)) - SCM in safe mode. Healthy pipelines reported count is 0, required healthy pipeline reported count is 1
2023-03-09 14:58:17,233 [pool-80-thread-1] INFO  segmented.SegmentedRaftLogWorker (SegmentedRaftLogWorker.java:<init>(189)) - new 9c2028ec-eae4-47ee-99aa-bca7ce936f50@group-8B6815A740CC-SegmentedRaftLogWorker for RaftStorageImpl:Storage Directory /home/runner/work/ozone/ozone/hadoop-ozone/integration-test/target/test-dir/MiniOzoneClusterImpl-e86c7e49-e04f-4606-8b16-8d18ad715950/datanode-0/data/ratis/5cdb5299-f0f3-4ae7-8a8c-8b6815a740cc
2023-03-09 14:58:17,233 [pool-80-thread-1] INFO  server.RaftServerConfigKeys (ConfUtils.java:logGet(46)) - raft.server.log.queue.byte-limit = 4294967296 (custom)
2023-03-09 14:58:17,233 [pool-80-thread-1] INFO  server.RaftServerConfigKeys (ConfUtils.java:logGet(46)) - raft.server.log.queue.element-limit = 1024 (custom)
2023-03-09 14:58:17,233 [pool-80-thread-1] INFO  server.RaftServerConfigKeys (ConfUtils.java:logGet(46)) - raft.server.log.segment.size.max = 1048576 (custom)
2023-03-09 14:58:17,233 [pool-80-thread-1] INFO  server.RaftServerConfigKeys (ConfUtils.java:logGet(46)) - raft.server.log.preallocated.size = 16384 (custom)
2023-03-09 14:58:17,233 [pool-80-thread-1] INFO  server.RaftServerConfigKeys (ConfUtils.java:logGet(46)) - raft.server.log.force.sync.num = 128 (default)
2023-03-09 14:58:17,233 [pool-80-thread-1] INFO  server.RaftServerConfigKeys (ConfUtils.java:logGet(46)) - raft.server.log.statemachine.data.sync = true (default)
2023-03-09 14:58:17,233 [pool-80-thread-1] INFO  server.RaftServerConfigKeys (ConfUtils.java:logGet(46)) - raft.server.log.statemachine.data.sync.timeout = 10s (default)
2023-03-09 14:58:17,233 [pool-80-thread-1] INFO  server.RaftServerConfigKeys (ConfUtils.java:logGet(46)) - raft.server.log.statemachine.data.sync.timeout.retry = -1 (default)
2023-03-09 14:58:17,235 [pool-80-thread-1] INFO  server.RaftServerConfigKeys (ConfUtils.java:logGet(46)) - raft.server.log.write.buffer.size = 1048576 (custom)
2023-03-09 14:58:17,235 [pool-80-thread-1] INFO  server.RaftServerConfigKeys (ConfUtils.java:logGet(46)) - raft.server.log.appender.buffer.byte-limit = 33554432 (custom)
2023-03-09 14:58:17,241 [pool-80-thread-1] INFO  server.RaftServerConfigKeys (ConfUtils.java:logGet(46)) - raft.server.log.unsafe-flush.enabled = false (default)
2023-03-09 14:58:17,242 [pool-80-thread-1] INFO  server.RaftServerConfigKeys (ConfUtils.java:logGet(46)) - raft.server.log.async-flush.enabled = false (default)
2023-03-09 14:58:17,242 [pool-80-thread-1] INFO  server.RaftServerConfigKeys (ConfUtils.java:logGet(46)) - raft.server.log.statemachine.data.caching.enabled = true (custom)
2023-03-09 14:58:17,242 [pool-80-thread-1] INFO  segmented.SegmentedRaftLogWorker (SegmentedRaftLogWorker.java:lambda$new$0(135)) - 9c2028ec-eae4-47ee-99aa-bca7ce936f50@group-8B6815A740CC-SegmentedRaftLogWorker: flushIndex: setUnconditionally 0 -> -1
2023-03-09 14:58:17,242 [pool-80-thread-1] INFO  segmented.SegmentedRaftLogWorker (SegmentedRaftLogWorker.java:lambda$new$0(135)) - 9c2028ec-eae4-47ee-99aa-bca7ce936f50@group-8B6815A740CC-SegmentedRaftLogWorker: safeCacheEvictIndex: setUnconditionally 0 -> -1
2023-03-09 14:58:17,242 [pool-80-thread-1] INFO  server.RaftServer$Division (RaftServerImpl.java:start(334)) - 9c2028ec-eae4-47ee-99aa-bca7ce936f50@group-8B6815A740CC: start as a follower, conf=-1: peers:[8bafe227-ab53-47f4-b02f-6ec7cb40a7a2|rpc:127.0.0.1:43633|dataStream:127.0.0.1:38373|priority:0|startupRole:FOLLOWER, 9c2028ec-eae4-47ee-99aa-bca7ce936f50|rpc:127.0.0.1:35725|dataStream:127.0.0.1:38891|priority:0|startupRole:FOLLOWER, 7cc8348c-25f7-4abd-9a5e-53969841dd44|rpc:127.0.0.1:44627|dataStream:127.0.0.1:32895|priority:1|startupRole:FOLLOWER]|listeners:[], old=null
2023-03-09 14:58:17,242 [pool-80-thread-1] INFO  server.RaftServer$Division (RaftServerImpl.java:setRole(321)) - 9c2028ec-eae4-47ee-99aa-bca7ce936f50@group-8B6815A740CC: changes role from      null to FOLLOWER at term 0 for startAsFollower
2023-03-09 14:58:17,242 [pool-80-thread-1] INFO  impl.RoleInfo (RoleInfo.java:updateAndGet(139)) - 9c2028ec-eae4-47ee-99aa-bca7ce936f50: start 9c2028ec-eae4-47ee-99aa-bca7ce936f50@group-8B6815A740CC-FollowerState
2023-03-09 14:58:17,245 [pool-80-thread-1] INFO  util.JmxRegister (JmxRegister.java:tryRegister(44)) - Successfully registered JMX Bean with object name Ratis:service=RaftServer,group=group-8B6815A740CC,id=9c2028ec-eae4-47ee-99aa-bca7ce936f50
2023-03-09 14:58:17,245 [pool-80-thread-1] INFO  server.RaftServerConfigKeys (ConfUtils.java:logGet(46)) - raft.server.snapshot.auto.trigger.enabled = true (custom)
2023-03-09 14:58:17,245 [pool-80-thread-1] INFO  server.RaftServerConfigKeys (ConfUtils.java:logGet(46)) - raft.server.snapshot.auto.trigger.threshold = 10000 (custom)
2023-03-09 14:58:17,245 [pool-80-thread-1] INFO  server.RaftServerConfigKeys (ConfUtils.java:logGet(46)) - raft.server.snapshot.retention.file.num = 5 (custom)
2023-03-09 14:58:17,245 [pool-80-thread-1] INFO  server.RaftServerConfigKeys (ConfUtils.java:logGet(46)) - raft.server.log.purge.upto.snapshot.index = false (default)
2023-03-09 14:58:17,246 [9c2028ec-eae4-47ee-99aa-bca7ce936f50@group-8B6815A740CC-FollowerState] INFO  server.RaftServerConfigKeys (ConfUtils.java:logFallback(53)) - raft.server.rpc.first-election.timeout.min = 5s (fallback to raft.server.rpc.timeout.min)
2023-03-09 14:58:17,250 [Command processor thread] INFO  ratis.XceiverServerRatis (XceiverServerRatis.java:addGroup(807)) - Created group PipelineID=5cdb5299-f0f3-4ae7-8a8c-8b6815a740cc
2023-03-09 14:58:17,260 [9c2028ec-eae4-47ee-99aa-bca7ce936f50@group-8B6815A740CC-FollowerState] INFO  server.RaftServerConfigKeys (ConfUtils.java:logFallback(53)) - raft.server.rpc.first-election.timeout.max = 5200ms (fallback to raft.server.rpc.timeout.max)
2023-03-09 14:58:17,525 [Command processor thread] INFO  server.RaftServer (RaftServerProxy.java:addNew(96)) - 8bafe227-ab53-47f4-b02f-6ec7cb40a7a2: addNew group-E39C6911387A:[8bafe227-ab53-47f4-b02f-6ec7cb40a7a2|rpc:127.0.0.1:43633|dataStream:127.0.0.1:38373|priority:1|startupRole:FOLLOWER] returns group-E39C6911387A:java.util.concurrent.CompletableFuture@772caff2[Not completed]
2023-03-09 14:58:17,533 [pool-102-thread-1] INFO  server.RaftServer$Division (RaftServerImpl.java:<init>(195)) - 8bafe227-ab53-47f4-b02f-6ec7cb40a7a2: new RaftServerImpl for group-E39C6911387A:[8bafe227-ab53-47f4-b02f-6ec7cb40a7a2|rpc:127.0.0.1:43633|dataStream:127.0.0.1:38373|priority:1|startupRole:FOLLOWER] with ContainerStateMachine:uninitialized
2023-03-09 14:58:17,533 [pool-102-thread-1] INFO  server.RaftServerConfigKeys (ConfUtils.java:logGet(46)) - raft.server.rpc.timeout.min = 5s (custom)
2023-03-09 14:58:17,533 [pool-102-thread-1] INFO  server.RaftServerConfigKeys (ConfUtils.java:logGet(46)) - raft.server.rpc.timeout.max = 5200ms (custom)
2023-03-09 14:58:17,533 [pool-102-thread-1] INFO  server.RaftServerConfigKeys (ConfUtils.java:logGet(46)) - raft.server.rpc.sleep.time = 25ms (default)
2023-03-09 14:58:17,533 [pool-102-thread-1] INFO  server.RaftServerConfigKeys (ConfUtils.java:logGet(46)) - raft.server.rpc.slowness.timeout = 300s (custom)
2023-03-09 14:58:17,534 [pool-102-thread-1] INFO  server.RaftServerConfigKeys (ConfUtils.java:logGet(46)) - raft.server.leaderelection.leader.step-down.wait-time = 10s (default)
2023-03-09 14:58:17,534 [pool-102-thread-1] INFO  server.RaftServerConfigKeys (ConfUtils.java:logGet(46)) - raft.server.sleep.deviation.threshold = 300ms (default)
2023-03-09 14:58:17,534 [pool-102-thread-1] INFO  server.RaftServer$Division (ServerState.java:<init>(118)) - 8bafe227-ab53-47f4-b02f-6ec7cb40a7a2@group-E39C6911387A: ConfigurationManager, init=-1: peers:[8bafe227-ab53-47f4-b02f-6ec7cb40a7a2|rpc:127.0.0.1:43633|dataStream:127.0.0.1:38373|priority:1|startupRole:FOLLOWER]|listeners:[], old=null, confs=<EMPTY_MAP>
2023-03-09 14:58:17,534 [pool-102-thread-1] INFO  server.RaftServerConfigKeys (ConfUtils.java:logGet(46)) - raft.server.storage.dir = [/home/runner/work/ozone/ozone/hadoop-ozone/integration-test/target/test-dir/MiniOzoneClusterImpl-e86c7e49-e04f-4606-8b16-8d18ad715950/datanode-1/data/ratis] (custom)
2023-03-09 14:58:17,535 [pool-102-thread-1] INFO  server.RaftServerConfigKeys (ConfUtils.java:logGet(46)) - raft.server.log.corruption.policy = EXCEPTION (default)
2023-03-09 14:58:17,535 [pool-102-thread-1] INFO  server.RaftServerConfigKeys (ConfUtils.java:logGet(46)) - raft.server.storage.free-space.min = 0MB (=0) (default)
2023-03-09 14:58:17,535 [pool-102-thread-1] INFO  server.RaftServerConfigKeys (ConfUtils.java:logGet(46)) - raft.server.notification.no-leader.timeout = 300s (custom)
2023-03-09 14:58:17,536 [pool-102-thread-1] INFO  server.RaftServerConfigKeys (ConfUtils.java:logGet(46)) - raft.server.retrycache.expirytime = 600000ms (custom)
2023-03-09 14:58:17,536 [pool-102-thread-1] INFO  server.RaftServerConfigKeys (ConfUtils.java:logGet(46)) - raft.server.retrycache.statistics.expirytime = 100μs (default)
2023-03-09 14:58:17,549 [pool-102-thread-1] INFO  server.RaftServerConfigKeys (ConfUtils.java:logGet(46)) - raft.server.log.appender.install.snapshot.enabled = false (custom)
2023-03-09 14:58:17,549 [pool-102-thread-1] INFO  server.RaftServerConfigKeys (ConfUtils.java:logGet(46)) - raft.server.threadpool.server.cached = true (default)
2023-03-09 14:58:17,549 [pool-102-thread-1] INFO  server.RaftServerConfigKeys (ConfUtils.java:logGet(46)) - raft.server.threadpool.server.size = 0 (default)
2023-03-09 14:58:17,549 [pool-102-thread-1] INFO  server.RaftServerConfigKeys (ConfUtils.java:logGet(46)) - raft.server.threadpool.client.cached = true (default)
2023-03-09 14:58:17,549 [pool-102-thread-1] INFO  server.RaftServerConfigKeys (ConfUtils.java:logGet(46)) - raft.server.threadpool.client.size = 0 (default)
2023-03-09 14:58:17,549 [pool-102-thread-1] INFO  storage.RaftStorageDirectory (RaftStorageDirectoryImpl.java:analyzeStorage(137)) - The storage directory /home/runner/work/ozone/ozone/hadoop-ozone/integration-test/target/test-dir/MiniOzoneClusterImpl-e86c7e49-e04f-4606-8b16-8d18ad715950/datanode-1/data/ratis/d53dda86-7499-4a9b-b33d-e39c6911387a does not exist. Creating ...
2023-03-09 14:58:17,553 [pool-102-thread-1] INFO  storage.RaftStorageDirectory (RaftStorageDirectoryImpl.java:tryLock(231)) - Lock on /home/runner/work/ozone/ozone/hadoop-ozone/integration-test/target/test-dir/MiniOzoneClusterImpl-e86c7e49-e04f-4606-8b16-8d18ad715950/datanode-1/data/ratis/d53dda86-7499-4a9b-b33d-e39c6911387a/in_use.lock acquired by nodename 57158@fv-az377-502
2023-03-09 14:58:17,554 [pool-102-thread-1] INFO  storage.RaftStorage (RaftStorageImpl.java:format(96)) - Storage directory /home/runner/work/ozone/ozone/hadoop-ozone/integration-test/target/test-dir/MiniOzoneClusterImpl-e86c7e49-e04f-4606-8b16-8d18ad715950/datanode-1/data/ratis/d53dda86-7499-4a9b-b33d-e39c6911387a has been successfully formatted.
2023-03-09 14:58:17,558 [pool-102-thread-1] INFO  ratis.ContainerStateMachine (ContainerStateMachine.java:loadSnapshot(240)) - group-E39C6911387A: The snapshot info is null. Setting the last applied indexto:(t:0, i:~)
2023-03-09 14:58:17,563 [EventQueue-PipelineReportForPipelineReportHandler] INFO  pipeline.PipelineManagerImpl (PipelineManagerImpl.java:openPipeline(367)) - Pipeline Pipeline[ Id: d53dda86-7499-4a9b-b33d-e39c6911387a, Nodes: 8bafe227-ab53-47f4-b02f-6ec7cb40a7a2(localhost/127.0.0.1), ReplicationConfig: RATIS/ONE, State:ALLOCATED, leaderId:8bafe227-ab53-47f4-b02f-6ec7cb40a7a2, CreationTimestamp2023-03-09T14:58:14.524Z[Etc/UTC]] moved to OPEN state
2023-03-09 14:58:17,564 [pool-102-thread-1] INFO  server.RaftServerConfigKeys (ConfUtils.java:logGet(46)) - raft.server.log.use.memory = false (default)
2023-03-09 14:58:17,565 [pool-102-thread-1] INFO  server.RaftServerConfigKeys (ConfUtils.java:logGet(46)) - raft.server.log.purge.gap = 1000000 (custom)
2023-03-09 14:58:17,565 [pool-102-thread-1] INFO  server.RaftServerConfigKeys (ConfUtils.java:logGet(46)) - raft.server.log.appender.buffer.byte-limit = 33554432 (custom)
2023-03-09 14:58:17,565 [pool-102-thread-1] INFO  server.RaftServerConfigKeys (ConfUtils.java:logGet(46)) - raft.server.log.statemachine.data.read.timeout = 1000ms (default)
2023-03-09 14:58:17,565 [pool-102-thread-1] INFO  server.RaftServerConfigKeys (ConfUtils.java:logGet(46)) - raft.server.log.purge.preservation.log.num = 0 (default)
2023-03-09 14:58:17,566 [pool-102-thread-1] INFO  server.RaftServerConfigKeys (ConfUtils.java:logGet(46)) - raft.server.log.segment.size.max = 1048576 (custom)
2023-03-09 14:58:17,567 [32163878-e8f2-41cf-b327-23a994648d98@group-8D18AD715950-StateMachineUpdater] INFO  safemode.HealthyPipelineSafeModeRule (HealthyPipelineSafeModeRule.java:initializeRule(165)) - Refreshed total pipeline count is 0, healthy pipeline threshold count is 1
2023-03-09 14:58:17,568 [EventQueue-OpenPipelineForHealthyPipelineSafeModeRule] INFO  safemode.SCMSafeModeManager (HealthyPipelineSafeModeRule.java:process(137)) - SCM in safe mode. Healthy pipelines reported count is 0, required healthy pipeline reported count is 1
2023-03-09 14:58:17,569 [pool-102-thread-1] INFO  server.RaftServerConfigKeys (ConfUtils.java:logGet(46)) - raft.server.log.segment.cache.num.max = 2 (custom)
2023-03-09 14:58:17,569 [pool-102-thread-1] INFO  server.RaftServerConfigKeys (ConfUtils.java:logGet(46)) - raft.server.log.segment.cache.size.max = 200MB (=209715200) (default)
2023-03-09 14:58:17,569 [pool-102-thread-1] INFO  segmented.SegmentedRaftLogWorker (SegmentedRaftLogWorker.java:<init>(189)) - new 8bafe227-ab53-47f4-b02f-6ec7cb40a7a2@group-E39C6911387A-SegmentedRaftLogWorker for RaftStorageImpl:Storage Directory /home/runner/work/ozone/ozone/hadoop-ozone/integration-test/target/test-dir/MiniOzoneClusterImpl-e86c7e49-e04f-4606-8b16-8d18ad715950/datanode-1/data/ratis/d53dda86-7499-4a9b-b33d-e39c6911387a
2023-03-09 14:58:17,570 [pool-102-thread-1] INFO  server.RaftServerConfigKeys (ConfUtils.java:logGet(46)) - raft.server.log.queue.byte-limit = 4294967296 (custom)
2023-03-09 14:58:17,570 [pool-102-thread-1] INFO  server.RaftServerConfigKeys (ConfUtils.java:logGet(46)) - raft.server.log.queue.element-limit = 1024 (custom)
2023-03-09 14:58:17,570 [pool-102-thread-1] INFO  server.RaftServerConfigKeys (ConfUtils.java:logGet(46)) - raft.server.log.segment.size.max = 1048576 (custom)
2023-03-09 14:58:17,570 [pool-102-thread-1] INFO  server.RaftServerConfigKeys (ConfUtils.java:logGet(46)) - raft.server.log.preallocated.size = 16384 (custom)
2023-03-09 14:58:17,570 [pool-102-thread-1] INFO  server.RaftServerConfigKeys (ConfUtils.java:logGet(46)) - raft.server.log.force.sync.num = 128 (default)
2023-03-09 14:58:17,570 [pool-102-thread-1] INFO  server.RaftServerConfigKeys (ConfUtils.java:logGet(46)) - raft.server.log.statemachine.data.sync = true (default)
2023-03-09 14:58:17,571 [pool-102-thread-1] INFO  server.RaftServerConfigKeys (ConfUtils.java:logGet(46)) - raft.server.log.statemachine.data.sync.timeout = 10s (default)
2023-03-09 14:58:17,571 [pool-102-thread-1] INFO  server.RaftServerConfigKeys (ConfUtils.java:logGet(46)) - raft.server.log.statemachine.data.sync.timeout.retry = -1 (default)
2023-03-09 14:58:17,578 [pool-102-thread-1] INFO  server.RaftServerConfigKeys (ConfUtils.java:logGet(46)) - raft.server.log.write.buffer.size = 1048576 (custom)
2023-03-09 14:58:17,580 [pool-102-thread-1] INFO  server.RaftServerConfigKeys (ConfUtils.java:logGet(46)) - raft.server.log.appender.buffer.byte-limit = 33554432 (custom)
2023-03-09 14:58:17,593 [pool-102-thread-1] INFO  server.RaftServerConfigKeys (ConfUtils.java:logGet(46)) - raft.server.log.unsafe-flush.enabled = false (default)
2023-03-09 14:58:17,593 [pool-102-thread-1] INFO  server.RaftServerConfigKeys (ConfUtils.java:logGet(46)) - raft.server.log.async-flush.enabled = false (default)
2023-03-09 14:58:17,593 [pool-102-thread-1] INFO  server.RaftServerConfigKeys (ConfUtils.java:logGet(46)) - raft.server.log.statemachine.data.caching.enabled = true (custom)
2023-03-09 14:58:17,594 [pool-102-thread-1] INFO  segmented.SegmentedRaftLogWorker (SegmentedRaftLogWorker.java:lambda$new$0(135)) - 8bafe227-ab53-47f4-b02f-6ec7cb40a7a2@group-E39C6911387A-SegmentedRaftLogWorker: flushIndex: setUnconditionally 0 -> -1
2023-03-09 14:58:17,595 [pool-102-thread-1] INFO  segmented.SegmentedRaftLogWorker (SegmentedRaftLogWorker.java:lambda$new$0(135)) - 8bafe227-ab53-47f4-b02f-6ec7cb40a7a2@group-E39C6911387A-SegmentedRaftLogWorker: safeCacheEvictIndex: setUnconditionally 0 -> -1
2023-03-09 14:58:17,600 [pool-102-thread-1] INFO  server.RaftServer$Division (RaftServerImpl.java:start(334)) - 8bafe227-ab53-47f4-b02f-6ec7cb40a7a2@group-E39C6911387A: start as a follower, conf=-1: peers:[8bafe227-ab53-47f4-b02f-6ec7cb40a7a2|rpc:127.0.0.1:43633|dataStream:127.0.0.1:38373|priority:1|startupRole:FOLLOWER]|listeners:[], old=null
2023-03-09 14:58:17,600 [pool-102-thread-1] INFO  server.RaftServer$Division (RaftServerImpl.java:setRole(321)) - 8bafe227-ab53-47f4-b02f-6ec7cb40a7a2@group-E39C6911387A: changes role from      null to FOLLOWER at term 0 for startAsFollower
2023-03-09 14:58:17,600 [pool-102-thread-1] INFO  impl.RoleInfo (RoleInfo.java:updateAndGet(139)) - 8bafe227-ab53-47f4-b02f-6ec7cb40a7a2: start 8bafe227-ab53-47f4-b02f-6ec7cb40a7a2@group-E39C6911387A-FollowerState
2023-03-09 14:58:17,604 [pool-102-thread-1] INFO  util.JmxRegister (JmxRegister.java:tryRegister(44)) - Successfully registered JMX Bean with object name Ratis:service=RaftServer,group=group-E39C6911387A,id=8bafe227-ab53-47f4-b02f-6ec7cb40a7a2
2023-03-09 14:58:17,605 [pool-102-thread-1] INFO  server.RaftServerConfigKeys (ConfUtils.java:logGet(46)) - raft.server.snapshot.auto.trigger.enabled = true (custom)
2023-03-09 14:58:17,605 [pool-102-thread-1] INFO  server.RaftServerConfigKeys (ConfUtils.java:logGet(46)) - raft.server.snapshot.auto.trigger.threshold = 10000 (custom)
2023-03-09 14:58:17,605 [pool-102-thread-1] INFO  server.RaftServerConfigKeys (ConfUtils.java:logGet(46)) - raft.server.snapshot.retention.file.num = 5 (custom)
2023-03-09 14:58:17,605 [pool-102-thread-1] INFO  server.RaftServerConfigKeys (ConfUtils.java:logGet(46)) - raft.server.log.purge.upto.snapshot.index = false (default)
2023-03-09 14:58:17,605 [8bafe227-ab53-47f4-b02f-6ec7cb40a7a2@group-E39C6911387A-FollowerState] INFO  server.RaftServerConfigKeys (ConfUtils.java:logFallback(53)) - raft.server.rpc.first-election.timeout.min = 5s (fallback to raft.server.rpc.timeout.min)
2023-03-09 14:58:17,606 [8bafe227-ab53-47f4-b02f-6ec7cb40a7a2@group-E39C6911387A-FollowerState] INFO  server.RaftServerConfigKeys (ConfUtils.java:logFallback(53)) - raft.server.rpc.first-election.timeout.max = 5200ms (fallback to raft.server.rpc.timeout.max)
2023-03-09 14:58:17,610 [Command processor thread] INFO  ratis.XceiverServerRatis (XceiverServerRatis.java:addGroup(807)) - Created group PipelineID=d53dda86-7499-4a9b-b33d-e39c6911387a
2023-03-09 14:58:17,610 [Command processor thread] INFO  commandhandler.CreatePipelineCommandHandler (CreatePipelineCommandHandler.java:handle(113)) - Created Pipeline RATIS ONE PipelineID=d53dda86-7499-4a9b-b33d-e39c6911387a.
2023-03-09 14:58:17,619 [Command processor thread] INFO  server.RaftServer (RaftServerProxy.java:addNew(96)) - 8bafe227-ab53-47f4-b02f-6ec7cb40a7a2: addNew group-8B6815A740CC:[8bafe227-ab53-47f4-b02f-6ec7cb40a7a2|rpc:127.0.0.1:43633|dataStream:127.0.0.1:38373|priority:0|startupRole:FOLLOWER, 9c2028ec-eae4-47ee-99aa-bca7ce936f50|rpc:127.0.0.1:35725|dataStream:127.0.0.1:38891|priority:0|startupRole:FOLLOWER, 7cc8348c-25f7-4abd-9a5e-53969841dd44|rpc:127.0.0.1:44627|dataStream:127.0.0.1:32895|priority:1|startupRole:FOLLOWER] returns group-8B6815A740CC:java.util.concurrent.CompletableFuture@731335cf[Not completed]
2023-03-09 14:58:17,621 [pool-102-thread-1] INFO  server.RaftServer$Division (RaftServerImpl.java:<init>(195)) - 8bafe227-ab53-47f4-b02f-6ec7cb40a7a2: new RaftServerImpl for group-8B6815A740CC:[8bafe227-ab53-47f4-b02f-6ec7cb40a7a2|rpc:127.0.0.1:43633|dataStream:127.0.0.1:38373|priority:0|startupRole:FOLLOWER, 9c2028ec-eae4-47ee-99aa-bca7ce936f50|rpc:127.0.0.1:35725|dataStream:127.0.0.1:38891|priority:0|startupRole:FOLLOWER, 7cc8348c-25f7-4abd-9a5e-53969841dd44|rpc:127.0.0.1:44627|dataStream:127.0.0.1:32895|priority:1|startupRole:FOLLOWER] with ContainerStateMachine:uninitialized
2023-03-09 14:58:17,621 [pool-102-thread-1] INFO  server.RaftServerConfigKeys (ConfUtils.java:logGet(46)) - raft.server.rpc.timeout.min = 5s (custom)
2023-03-09 14:58:17,621 [pool-102-thread-1] INFO  server.RaftServerConfigKeys (ConfUtils.java:logGet(46)) - raft.server.rpc.timeout.max = 5200ms (custom)
2023-03-09 14:58:17,621 [pool-102-thread-1] INFO  server.RaftServerConfigKeys (ConfUtils.java:logGet(46)) - raft.server.rpc.sleep.time = 25ms (default)
2023-03-09 14:58:17,621 [pool-102-thread-1] INFO  server.RaftServerConfigKeys (ConfUtils.java:logGet(46)) - raft.server.rpc.slowness.timeout = 300s (custom)
2023-03-09 14:58:17,621 [pool-102-thread-1] INFO  server.RaftServerConfigKeys (ConfUtils.java:logGet(46)) - raft.server.leaderelection.leader.step-down.wait-time = 10s (default)
2023-03-09 14:58:17,622 [pool-102-thread-1] INFO  server.RaftServerConfigKeys (ConfUtils.java:logGet(46)) - raft.server.sleep.deviation.threshold = 300ms (default)
2023-03-09 14:58:17,622 [pool-102-thread-1] INFO  server.RaftServer$Division (ServerState.java:<init>(118)) - 8bafe227-ab53-47f4-b02f-6ec7cb40a7a2@group-8B6815A740CC: ConfigurationManager, init=-1: peers:[8bafe227-ab53-47f4-b02f-6ec7cb40a7a2|rpc:127.0.0.1:43633|dataStream:127.0.0.1:38373|priority:0|startupRole:FOLLOWER, 9c2028ec-eae4-47ee-99aa-bca7ce936f50|rpc:127.0.0.1:35725|dataStream:127.0.0.1:38891|priority:0|startupRole:FOLLOWER, 7cc8348c-25f7-4abd-9a5e-53969841dd44|rpc:127.0.0.1:44627|dataStream:127.0.0.1:32895|priority:1|startupRole:FOLLOWER]|listeners:[], old=null, confs=<EMPTY_MAP>
2023-03-09 14:58:17,622 [pool-102-thread-1] INFO  server.RaftServerConfigKeys (ConfUtils.java:logGet(46)) - raft.server.storage.dir = [/home/runner/work/ozone/ozone/hadoop-ozone/integration-test/target/test-dir/MiniOzoneClusterImpl-e86c7e49-e04f-4606-8b16-8d18ad715950/datanode-1/data/ratis] (custom)
2023-03-09 14:58:17,623 [pool-102-thread-1] INFO  server.RaftServerConfigKeys (ConfUtils.java:logGet(46)) - raft.server.log.corruption.policy = EXCEPTION (default)
2023-03-09 14:58:17,623 [pool-102-thread-1] INFO  server.RaftServerConfigKeys (ConfUtils.java:logGet(46)) - raft.server.storage.free-space.min = 0MB (=0) (default)
2023-03-09 14:58:17,623 [pool-102-thread-1] INFO  server.RaftServerConfigKeys (ConfUtils.java:logGet(46)) - raft.server.notification.no-leader.timeout = 300s (custom)
2023-03-09 14:58:17,623 [pool-102-thread-1] INFO  server.RaftServerConfigKeys (ConfUtils.java:logGet(46)) - raft.server.retrycache.expirytime = 600000ms (custom)
2023-03-09 14:58:17,623 [pool-102-thread-1] INFO  server.RaftServerConfigKeys (ConfUtils.java:logGet(46)) - raft.server.retrycache.statistics.expirytime = 100μs (default)
2023-03-09 14:58:17,624 [pool-102-thread-1] INFO  server.RaftServerConfigKeys (ConfUtils.java:logGet(46)) - raft.server.log.appender.install.snapshot.enabled = false (custom)
2023-03-09 14:58:17,624 [pool-102-thread-1] INFO  server.RaftServerConfigKeys (ConfUtils.java:logGet(46)) - raft.server.threadpool.server.cached = true (default)
2023-03-09 14:58:17,625 [pool-102-thread-1] INFO  server.RaftServerConfigKeys (ConfUtils.java:logGet(46)) - raft.server.threadpool.server.size = 0 (default)
2023-03-09 14:58:17,625 [pool-102-thread-1] INFO  server.RaftServerConfigKeys (ConfUtils.java:logGet(46)) - raft.server.threadpool.client.cached = true (default)
2023-03-09 14:58:17,625 [pool-102-thread-1] INFO  server.RaftServerConfigKeys (ConfUtils.java:logGet(46)) - raft.server.threadpool.client.size = 0 (default)
2023-03-09 14:58:17,625 [pool-102-thread-1] INFO  storage.RaftStorageDirectory (RaftStorageDirectoryImpl.java:analyzeStorage(137)) - The storage directory /home/runner/work/ozone/ozone/hadoop-ozone/integration-test/target/test-dir/MiniOzoneClusterImpl-e86c7e49-e04f-4606-8b16-8d18ad715950/datanode-1/data/ratis/5cdb5299-f0f3-4ae7-8a8c-8b6815a740cc does not exist. Creating ...
2023-03-09 14:58:17,632 [pool-102-thread-1] INFO  storage.RaftStorageDirectory (RaftStorageDirectoryImpl.java:tryLock(231)) - Lock on /home/runner/work/ozone/ozone/hadoop-ozone/integration-test/target/test-dir/MiniOzoneClusterImpl-e86c7e49-e04f-4606-8b16-8d18ad715950/datanode-1/data/ratis/5cdb5299-f0f3-4ae7-8a8c-8b6815a740cc/in_use.lock acquired by nodename 57158@fv-az377-502
2023-03-09 14:58:17,634 [pool-102-thread-1] INFO  storage.RaftStorage (RaftStorageImpl.java:format(96)) - Storage directory /home/runner/work/ozone/ozone/hadoop-ozone/integration-test/target/test-dir/MiniOzoneClusterImpl-e86c7e49-e04f-4606-8b16-8d18ad715950/datanode-1/data/ratis/5cdb5299-f0f3-4ae7-8a8c-8b6815a740cc has been successfully formatted.
2023-03-09 14:58:17,635 [pool-102-thread-1] INFO  ratis.ContainerStateMachine (ContainerStateMachine.java:loadSnapshot(240)) - group-8B6815A740CC: The snapshot info is null. Setting the last applied indexto:(t:0, i:~)
2023-03-09 14:58:17,640 [pool-102-thread-1] INFO  server.RaftServerConfigKeys (ConfUtils.java:logGet(46)) - raft.server.log.use.memory = false (default)
2023-03-09 14:58:17,642 [pool-102-thread-1] INFO  server.RaftServerConfigKeys (ConfUtils.java:logGet(46)) - raft.server.log.purge.gap = 1000000 (custom)
2023-03-09 14:58:17,642 [pool-102-thread-1] INFO  server.RaftServerConfigKeys (ConfUtils.java:logGet(46)) - raft.server.log.appender.buffer.byte-limit = 33554432 (custom)
2023-03-09 14:58:17,642 [pool-102-thread-1] INFO  server.RaftServerConfigKeys (ConfUtils.java:logGet(46)) - raft.server.log.statemachine.data.read.timeout = 1000ms (default)
2023-03-09 14:58:17,642 [pool-102-thread-1] INFO  server.RaftServerConfigKeys (ConfUtils.java:logGet(46)) - raft.server.log.purge.preservation.log.num = 0 (default)
2023-03-09 14:58:17,643 [pool-102-thread-1] INFO  server.RaftServerConfigKeys (ConfUtils.java:logGet(46)) - raft.server.log.segment.size.max = 1048576 (custom)
2023-03-09 14:58:17,641 [EventQueue-OpenPipelineForHealthyPipelineSafeModeRule] INFO  safemode.SCMSafeModeManager (HealthyPipelineSafeModeRule.java:process(137)) - SCM in safe mode. Healthy pipelines reported count is 0, required healthy pipeline reported count is 1
2023-03-09 14:58:17,648 [pool-102-thread-1] INFO  server.RaftServerConfigKeys (ConfUtils.java:logGet(46)) - raft.server.log.segment.cache.num.max = 2 (custom)
2023-03-09 14:58:17,648 [pool-102-thread-1] INFO  server.RaftServerConfigKeys (ConfUtils.java:logGet(46)) - raft.server.log.segment.cache.size.max = 200MB (=209715200) (default)
2023-03-09 14:58:17,649 [pool-102-thread-1] INFO  segmented.SegmentedRaftLogWorker (SegmentedRaftLogWorker.java:<init>(189)) - new 8bafe227-ab53-47f4-b02f-6ec7cb40a7a2@group-8B6815A740CC-SegmentedRaftLogWorker for RaftStorageImpl:Storage Directory /home/runner/work/ozone/ozone/hadoop-ozone/integration-test/target/test-dir/MiniOzoneClusterImpl-e86c7e49-e04f-4606-8b16-8d18ad715950/datanode-1/data/ratis/5cdb5299-f0f3-4ae7-8a8c-8b6815a740cc
2023-03-09 14:58:17,649 [pool-102-thread-1] INFO  server.RaftServerConfigKeys (ConfUtils.java:logGet(46)) - raft.server.log.queue.byte-limit = 4294967296 (custom)
2023-03-09 14:58:17,649 [pool-102-thread-1] INFO  server.RaftServerConfigKeys (ConfUtils.java:logGet(46)) - raft.server.log.queue.element-limit = 1024 (custom)
2023-03-09 14:58:17,649 [pool-102-thread-1] INFO  server.RaftServerConfigKeys (ConfUtils.java:logGet(46)) - raft.server.log.segment.size.max = 1048576 (custom)
2023-03-09 14:58:17,649 [pool-102-thread-1] INFO  server.RaftServerConfigKeys (ConfUtils.java:logGet(46)) - raft.server.log.preallocated.size = 16384 (custom)
2023-03-09 14:58:17,649 [pool-102-thread-1] INFO  server.RaftServerConfigKeys (ConfUtils.java:logGet(46)) - raft.server.log.force.sync.num = 128 (default)
2023-03-09 14:58:17,649 [pool-102-thread-1] INFO  server.RaftServerConfigKeys (ConfUtils.java:logGet(46)) - raft.server.log.statemachine.data.sync = true (default)
2023-03-09 14:58:17,649 [pool-102-thread-1] INFO  server.RaftServerConfigKeys (ConfUtils.java:logGet(46)) - raft.server.log.statemachine.data.sync.timeout = 10s (default)
2023-03-09 14:58:17,649 [pool-102-thread-1] INFO  server.RaftServerConfigKeys (ConfUtils.java:logGet(46)) - raft.server.log.statemachine.data.sync.timeout.retry = -1 (default)
2023-03-09 14:58:17,655 [pool-102-thread-1] INFO  server.RaftServerConfigKeys (ConfUtils.java:logGet(46)) - raft.server.log.write.buffer.size = 1048576 (custom)
2023-03-09 14:58:17,657 [pool-102-thread-1] INFO  server.RaftServerConfigKeys (ConfUtils.java:logGet(46)) - raft.server.log.appender.buffer.byte-limit = 33554432 (custom)
2023-03-09 14:58:17,665 [pool-102-thread-1] INFO  server.RaftServerConfigKeys (ConfUtils.java:logGet(46)) - raft.server.log.unsafe-flush.enabled = false (default)
2023-03-09 14:58:17,665 [pool-102-thread-1] INFO  server.RaftServerConfigKeys (ConfUtils.java:logGet(46)) - raft.server.log.async-flush.enabled = false (default)
2023-03-09 14:58:17,665 [pool-102-thread-1] INFO  server.RaftServerConfigKeys (ConfUtils.java:logGet(46)) - raft.server.log.statemachine.data.caching.enabled = true (custom)
2023-03-09 14:58:17,665 [pool-102-thread-1] INFO  segmented.SegmentedRaftLogWorker (SegmentedRaftLogWorker.java:lambda$new$0(135)) - 8bafe227-ab53-47f4-b02f-6ec7cb40a7a2@group-8B6815A740CC-SegmentedRaftLogWorker: flushIndex: setUnconditionally 0 -> -1
2023-03-09 14:58:17,666 [pool-102-thread-1] INFO  segmented.SegmentedRaftLogWorker (SegmentedRaftLogWorker.java:lambda$new$0(135)) - 8bafe227-ab53-47f4-b02f-6ec7cb40a7a2@group-8B6815A740CC-SegmentedRaftLogWorker: safeCacheEvictIndex: setUnconditionally 0 -> -1
2023-03-09 14:58:17,666 [pool-102-thread-1] INFO  server.RaftServer$Division (RaftServerImpl.java:start(334)) - 8bafe227-ab53-47f4-b02f-6ec7cb40a7a2@group-8B6815A740CC: start as a follower, conf=-1: peers:[8bafe227-ab53-47f4-b02f-6ec7cb40a7a2|rpc:127.0.0.1:43633|dataStream:127.0.0.1:38373|priority:0|startupRole:FOLLOWER, 9c2028ec-eae4-47ee-99aa-bca7ce936f50|rpc:127.0.0.1:35725|dataStream:127.0.0.1:38891|priority:0|startupRole:FOLLOWER, 7cc8348c-25f7-4abd-9a5e-53969841dd44|rpc:127.0.0.1:44627|dataStream:127.0.0.1:32895|priority:1|startupRole:FOLLOWER]|listeners:[], old=null
2023-03-09 14:58:17,666 [pool-102-thread-1] INFO  server.RaftServer$Division (RaftServerImpl.java:setRole(321)) - 8bafe227-ab53-47f4-b02f-6ec7cb40a7a2@group-8B6815A740CC: changes role from      null to FOLLOWER at term 0 for startAsFollower
2023-03-09 14:58:17,666 [pool-102-thread-1] INFO  impl.RoleInfo (RoleInfo.java:updateAndGet(139)) - 8bafe227-ab53-47f4-b02f-6ec7cb40a7a2: start 8bafe227-ab53-47f4-b02f-6ec7cb40a7a2@group-8B6815A740CC-FollowerState
2023-03-09 14:58:17,669 [pool-102-thread-1] INFO  util.JmxRegister (JmxRegister.java:tryRegister(44)) - Successfully registered JMX Bean with object name Ratis:service=RaftServer,group=group-8B6815A740CC,id=8bafe227-ab53-47f4-b02f-6ec7cb40a7a2
2023-03-09 14:58:17,669 [pool-102-thread-1] INFO  server.RaftServerConfigKeys (ConfUtils.java:logGet(46)) - raft.server.snapshot.auto.trigger.enabled = true (custom)
2023-03-09 14:58:17,669 [pool-102-thread-1] INFO  server.RaftServerConfigKeys (ConfUtils.java:logGet(46)) - raft.server.snapshot.auto.trigger.threshold = 10000 (custom)
2023-03-09 14:58:17,669 [pool-102-thread-1] INFO  server.RaftServerConfigKeys (ConfUtils.java:logGet(46)) - raft.server.snapshot.retention.file.num = 5 (custom)
2023-03-09 14:58:17,669 [pool-102-thread-1] INFO  server.RaftServerConfigKeys (ConfUtils.java:logGet(46)) - raft.server.log.purge.upto.snapshot.index = false (default)
2023-03-09 14:58:17,671 [8bafe227-ab53-47f4-b02f-6ec7cb40a7a2@group-8B6815A740CC-FollowerState] INFO  server.RaftServerConfigKeys (ConfUtils.java:logFallback(53)) - raft.server.rpc.first-election.timeout.min = 5s (fallback to raft.server.rpc.timeout.min)
2023-03-09 14:58:17,675 [Command processor thread] INFO  ratis.XceiverServerRatis (XceiverServerRatis.java:addGroup(807)) - Created group PipelineID=5cdb5299-f0f3-4ae7-8a8c-8b6815a740cc
2023-03-09 14:58:17,690 [8bafe227-ab53-47f4-b02f-6ec7cb40a7a2@group-8B6815A740CC-FollowerState] INFO  server.RaftServerConfigKeys (ConfUtils.java:logFallback(53)) - raft.server.rpc.first-election.timeout.max = 5200ms (fallback to raft.server.rpc.timeout.max)
2023-03-09 14:58:17,876 [grpc-default-executor-0] INFO  server.RaftServer (RaftServerProxy.java:addNew(96)) - 7cc8348c-25f7-4abd-9a5e-53969841dd44: addNew group-8B6815A740CC:[8bafe227-ab53-47f4-b02f-6ec7cb40a7a2|rpc:127.0.0.1:43633|dataStream:127.0.0.1:38373|priority:0|startupRole:FOLLOWER, 9c2028ec-eae4-47ee-99aa-bca7ce936f50|rpc:127.0.0.1:35725|dataStream:127.0.0.1:38891|priority:0|startupRole:FOLLOWER, 7cc8348c-25f7-4abd-9a5e-53969841dd44|rpc:127.0.0.1:44627|dataStream:127.0.0.1:32895|priority:1|startupRole:FOLLOWER] returns group-8B6815A740CC:java.util.concurrent.CompletableFuture@4a154399[Not completed]
2023-03-09 14:58:17,879 [pool-124-thread-1] INFO  server.RaftServer$Division (RaftServerImpl.java:<init>(195)) - 7cc8348c-25f7-4abd-9a5e-53969841dd44: new RaftServerImpl for group-8B6815A740CC:[8bafe227-ab53-47f4-b02f-6ec7cb40a7a2|rpc:127.0.0.1:43633|dataStream:127.0.0.1:38373|priority:0|startupRole:FOLLOWER, 9c2028ec-eae4-47ee-99aa-bca7ce936f50|rpc:127.0.0.1:35725|dataStream:127.0.0.1:38891|priority:0|startupRole:FOLLOWER, 7cc8348c-25f7-4abd-9a5e-53969841dd44|rpc:127.0.0.1:44627|dataStream:127.0.0.1:32895|priority:1|startupRole:FOLLOWER] with ContainerStateMachine:uninitialized
2023-03-09 14:58:17,879 [pool-124-thread-1] INFO  server.RaftServerConfigKeys (ConfUtils.java:logGet(46)) - raft.server.rpc.timeout.min = 5s (custom)
2023-03-09 14:58:17,879 [pool-124-thread-1] INFO  server.RaftServerConfigKeys (ConfUtils.java:logGet(46)) - raft.server.rpc.timeout.max = 5200ms (custom)
2023-03-09 14:58:17,879 [pool-124-thread-1] INFO  server.RaftServerConfigKeys (ConfUtils.java:logGet(46)) - raft.server.rpc.sleep.time = 25ms (default)
2023-03-09 14:58:17,879 [pool-124-thread-1] INFO  server.RaftServerConfigKeys (ConfUtils.java:logGet(46)) - raft.server.rpc.slowness.timeout = 300s (custom)
2023-03-09 14:58:17,879 [pool-124-thread-1] INFO  server.RaftServerConfigKeys (ConfUtils.java:logGet(46)) - raft.server.leaderelection.leader.step-down.wait-time = 10s (default)
2023-03-09 14:58:17,879 [pool-124-thread-1] INFO  server.RaftServerConfigKeys (ConfUtils.java:logGet(46)) - raft.server.sleep.deviation.threshold = 300ms (default)
2023-03-09 14:58:17,879 [pool-124-thread-1] INFO  server.RaftServer$Division (ServerState.java:<init>(118)) - 7cc8348c-25f7-4abd-9a5e-53969841dd44@group-8B6815A740CC: ConfigurationManager, init=-1: peers:[8bafe227-ab53-47f4-b02f-6ec7cb40a7a2|rpc:127.0.0.1:43633|dataStream:127.0.0.1:38373|priority:0|startupRole:FOLLOWER, 9c2028ec-eae4-47ee-99aa-bca7ce936f50|rpc:127.0.0.1:35725|dataStream:127.0.0.1:38891|priority:0|startupRole:FOLLOWER, 7cc8348c-25f7-4abd-9a5e-53969841dd44|rpc:127.0.0.1:44627|dataStream:127.0.0.1:32895|priority:1|startupRole:FOLLOWER]|listeners:[], old=null, confs=<EMPTY_MAP>
2023-03-09 14:58:17,880 [pool-124-thread-1] INFO  server.RaftServerConfigKeys (ConfUtils.java:logGet(46)) - raft.server.storage.dir = [/home/runner/work/ozone/ozone/hadoop-ozone/integration-test/target/test-dir/MiniOzoneClusterImpl-e86c7e49-e04f-4606-8b16-8d18ad715950/datanode-2/data/ratis] (custom)
2023-03-09 14:58:17,880 [pool-124-thread-1] INFO  server.RaftServerConfigKeys (ConfUtils.java:logGet(46)) - raft.server.log.corruption.policy = EXCEPTION (default)
2023-03-09 14:58:17,880 [pool-124-thread-1] INFO  server.RaftServerConfigKeys (ConfUtils.java:logGet(46)) - raft.server.storage.free-space.min = 0MB (=0) (default)
2023-03-09 14:58:17,880 [pool-124-thread-1] INFO  server.RaftServerConfigKeys (ConfUtils.java:logGet(46)) - raft.server.notification.no-leader.timeout = 300s (custom)
2023-03-09 14:58:17,880 [pool-124-thread-1] INFO  server.RaftServerConfigKeys (ConfUtils.java:logGet(46)) - raft.server.retrycache.expirytime = 600000ms (custom)
2023-03-09 14:58:17,880 [pool-124-thread-1] INFO  server.RaftServerConfigKeys (ConfUtils.java:logGet(46)) - raft.server.retrycache.statistics.expirytime = 100μs (default)
2023-03-09 14:58:17,884 [pool-124-thread-1] INFO  server.RaftServerConfigKeys (ConfUtils.java:logGet(46)) - raft.server.log.appender.install.snapshot.enabled = false (custom)
2023-03-09 14:58:17,884 [pool-124-thread-1] INFO  server.RaftServerConfigKeys (ConfUtils.java:logGet(46)) - raft.server.threadpool.server.cached = true (default)
2023-03-09 14:58:17,884 [pool-124-thread-1] INFO  server.RaftServerConfigKeys (ConfUtils.java:logGet(46)) - raft.server.threadpool.server.size = 0 (default)
2023-03-09 14:58:17,885 [pool-124-thread-1] INFO  server.RaftServerConfigKeys (ConfUtils.java:logGet(46)) - raft.server.threadpool.client.cached = true (default)
2023-03-09 14:58:17,885 [pool-124-thread-1] INFO  server.RaftServerConfigKeys (ConfUtils.java:logGet(46)) - raft.server.threadpool.client.size = 0 (default)
2023-03-09 14:58:17,885 [pool-124-thread-1] INFO  storage.RaftStorageDirectory (RaftStorageDirectoryImpl.java:analyzeStorage(137)) - The storage directory /home/runner/work/ozone/ozone/hadoop-ozone/integration-test/target/test-dir/MiniOzoneClusterImpl-e86c7e49-e04f-4606-8b16-8d18ad715950/datanode-2/data/ratis/5cdb5299-f0f3-4ae7-8a8c-8b6815a740cc does not exist. Creating ...
2023-03-09 14:58:17,886 [pool-124-thread-1] INFO  storage.RaftStorageDirectory (RaftStorageDirectoryImpl.java:tryLock(231)) - Lock on /home/runner/work/ozone/ozone/hadoop-ozone/integration-test/target/test-dir/MiniOzoneClusterImpl-e86c7e49-e04f-4606-8b16-8d18ad715950/datanode-2/data/ratis/5cdb5299-f0f3-4ae7-8a8c-8b6815a740cc/in_use.lock acquired by nodename 57158@fv-az377-502
2023-03-09 14:58:17,890 [pool-124-thread-1] INFO  storage.RaftStorage (RaftStorageImpl.java:format(96)) - Storage directory /home/runner/work/ozone/ozone/hadoop-ozone/integration-test/target/test-dir/MiniOzoneClusterImpl-e86c7e49-e04f-4606-8b16-8d18ad715950/datanode-2/data/ratis/5cdb5299-f0f3-4ae7-8a8c-8b6815a740cc has been successfully formatted.
2023-03-09 14:58:17,892 [pool-124-thread-1] INFO  ratis.ContainerStateMachine (ContainerStateMachine.java:loadSnapshot(240)) - group-8B6815A740CC: The snapshot info is null. Setting the last applied indexto:(t:0, i:~)
2023-03-09 14:58:17,892 [pool-124-thread-1] INFO  server.RaftServerConfigKeys (ConfUtils.java:logGet(46)) - raft.server.log.use.memory = false (default)
2023-03-09 14:58:17,892 [pool-124-thread-1] INFO  server.RaftServerConfigKeys (ConfUtils.java:logGet(46)) - raft.server.log.purge.gap = 1000000 (custom)
2023-03-09 14:58:17,901 [pool-124-thread-1] INFO  server.RaftServerConfigKeys (ConfUtils.java:logGet(46)) - raft.server.log.appender.buffer.byte-limit = 33554432 (custom)
2023-03-09 14:58:17,901 [pool-124-thread-1] INFO  server.RaftServerConfigKeys (ConfUtils.java:logGet(46)) - raft.server.log.statemachine.data.read.timeout = 1000ms (default)
2023-03-09 14:58:17,901 [pool-124-thread-1] INFO  server.RaftServerConfigKeys (ConfUtils.java:logGet(46)) - raft.server.log.purge.preservation.log.num = 0 (default)
2023-03-09 14:58:17,903 [pool-124-thread-1] INFO  server.RaftServerConfigKeys (ConfUtils.java:logGet(46)) - raft.server.log.segment.size.max = 1048576 (custom)
2023-03-09 14:58:17,904 [pool-124-thread-1] INFO  server.RaftServerConfigKeys (ConfUtils.java:logGet(46)) - raft.server.log.segment.cache.num.max = 2 (custom)
2023-03-09 14:58:17,904 [pool-124-thread-1] INFO  server.RaftServerConfigKeys (ConfUtils.java:logGet(46)) - raft.server.log.segment.cache.size.max = 200MB (=209715200) (default)
2023-03-09 14:58:17,904 [pool-124-thread-1] INFO  segmented.SegmentedRaftLogWorker (SegmentedRaftLogWorker.java:<init>(189)) - new 7cc8348c-25f7-4abd-9a5e-53969841dd44@group-8B6815A740CC-SegmentedRaftLogWorker for RaftStorageImpl:Storage Directory /home/runner/work/ozone/ozone/hadoop-ozone/integration-test/target/test-dir/MiniOzoneClusterImpl-e86c7e49-e04f-4606-8b16-8d18ad715950/datanode-2/data/ratis/5cdb5299-f0f3-4ae7-8a8c-8b6815a740cc
2023-03-09 14:58:17,904 [pool-124-thread-1] INFO  server.RaftServerConfigKeys (ConfUtils.java:logGet(46)) - raft.server.log.queue.byte-limit = 4294967296 (custom)
2023-03-09 14:58:17,904 [pool-124-thread-1] INFO  server.RaftServerConfigKeys (ConfUtils.java:logGet(46)) - raft.server.log.queue.element-limit = 1024 (custom)
2023-03-09 14:58:17,904 [pool-124-thread-1] INFO  server.RaftServerConfigKeys (ConfUtils.java:logGet(46)) - raft.server.log.segment.size.max = 1048576 (custom)
2023-03-09 14:58:17,904 [pool-124-thread-1] INFO  server.RaftServerConfigKeys (ConfUtils.java:logGet(46)) - raft.server.log.preallocated.size = 16384 (custom)
2023-03-09 14:58:17,904 [pool-124-thread-1] INFO  server.RaftServerConfigKeys (ConfUtils.java:logGet(46)) - raft.server.log.force.sync.num = 128 (default)
2023-03-09 14:58:17,904 [pool-124-thread-1] INFO  server.RaftServerConfigKeys (ConfUtils.java:logGet(46)) - raft.server.log.statemachine.data.sync = true (default)
2023-03-09 14:58:17,904 [pool-124-thread-1] INFO  server.RaftServerConfigKeys (ConfUtils.java:logGet(46)) - raft.server.log.statemachine.data.sync.timeout = 10s (default)
2023-03-09 14:58:17,904 [pool-124-thread-1] INFO  server.RaftServerConfigKeys (ConfUtils.java:logGet(46)) - raft.server.log.statemachine.data.sync.timeout.retry = -1 (default)
2023-03-09 14:58:17,913 [pool-124-thread-1] INFO  server.RaftServerConfigKeys (ConfUtils.java:logGet(46)) - raft.server.log.write.buffer.size = 1048576 (custom)
2023-03-09 14:58:17,913 [pool-124-thread-1] INFO  server.RaftServerConfigKeys (ConfUtils.java:logGet(46)) - raft.server.log.appender.buffer.byte-limit = 33554432 (custom)
2023-03-09 14:58:17,923 [pool-124-thread-1] INFO  server.RaftServerConfigKeys (ConfUtils.java:logGet(46)) - raft.server.log.unsafe-flush.enabled = false (default)
2023-03-09 14:58:17,923 [pool-124-thread-1] INFO  server.RaftServerConfigKeys (ConfUtils.java:logGet(46)) - raft.server.log.async-flush.enabled = false (default)
2023-03-09 14:58:17,923 [pool-124-thread-1] INFO  server.RaftServerConfigKeys (ConfUtils.java:logGet(46)) - raft.server.log.statemachine.data.caching.enabled = true (custom)
2023-03-09 14:58:17,923 [pool-124-thread-1] INFO  segmented.SegmentedRaftLogWorker (SegmentedRaftLogWorker.java:lambda$new$0(135)) - 7cc8348c-25f7-4abd-9a5e-53969841dd44@group-8B6815A740CC-SegmentedRaftLogWorker: flushIndex: setUnconditionally 0 -> -1
2023-03-09 14:58:17,923 [pool-124-thread-1] INFO  segmented.SegmentedRaftLogWorker (SegmentedRaftLogWorker.java:lambda$new$0(135)) - 7cc8348c-25f7-4abd-9a5e-53969841dd44@group-8B6815A740CC-SegmentedRaftLogWorker: safeCacheEvictIndex: setUnconditionally 0 -> -1
2023-03-09 14:58:17,939 [pool-124-thread-1] INFO  server.RaftServer$Division (RaftServerImpl.java:start(334)) - 7cc8348c-25f7-4abd-9a5e-53969841dd44@group-8B6815A740CC: start as a follower, conf=-1: peers:[8bafe227-ab53-47f4-b02f-6ec7cb40a7a2|rpc:127.0.0.1:43633|dataStream:127.0.0.1:38373|priority:0|startupRole:FOLLOWER, 9c2028ec-eae4-47ee-99aa-bca7ce936f50|rpc:127.0.0.1:35725|dataStream:127.0.0.1:38891|priority:0|startupRole:FOLLOWER, 7cc8348c-25f7-4abd-9a5e-53969841dd44|rpc:127.0.0.1:44627|dataStream:127.0.0.1:32895|priority:1|startupRole:FOLLOWER]|listeners:[], old=null
2023-03-09 14:58:17,939 [pool-124-thread-1] INFO  server.RaftServer$Division (RaftServerImpl.java:setRole(321)) - 7cc8348c-25f7-4abd-9a5e-53969841dd44@group-8B6815A740CC: changes role from      null to FOLLOWER at term 0 for startAsFollower
2023-03-09 14:58:17,939 [pool-124-thread-1] INFO  impl.RoleInfo (RoleInfo.java:updateAndGet(139)) - 7cc8348c-25f7-4abd-9a5e-53969841dd44: start 7cc8348c-25f7-4abd-9a5e-53969841dd44@group-8B6815A740CC-FollowerState
2023-03-09 14:58:17,940 [pool-124-thread-1] INFO  util.JmxRegister (JmxRegister.java:tryRegister(44)) - Successfully registered JMX Bean with object name Ratis:service=RaftServer,group=group-8B6815A740CC,id=7cc8348c-25f7-4abd-9a5e-53969841dd44
2023-03-09 14:58:17,940 [7cc8348c-25f7-4abd-9a5e-53969841dd44@group-8B6815A740CC-FollowerState] INFO  server.RaftServerConfigKeys (ConfUtils.java:logFallback(53)) - raft.server.rpc.first-election.timeout.min = 5s (fallback to raft.server.rpc.timeout.min)
2023-03-09 14:58:17,942 [7cc8348c-25f7-4abd-9a5e-53969841dd44@group-8B6815A740CC-FollowerState] INFO  server.RaftServerConfigKeys (ConfUtils.java:logFallback(53)) - raft.server.rpc.first-election.timeout.max = 5200ms (fallback to raft.server.rpc.timeout.max)
2023-03-09 14:58:17,940 [pool-124-thread-1] INFO  server.RaftServerConfigKeys (ConfUtils.java:logGet(46)) - raft.server.snapshot.auto.trigger.enabled = true (custom)
2023-03-09 14:58:17,942 [pool-124-thread-1] INFO  server.RaftServerConfigKeys (ConfUtils.java:logGet(46)) - raft.server.snapshot.auto.trigger.threshold = 10000 (custom)
2023-03-09 14:58:17,942 [pool-124-thread-1] INFO  server.RaftServerConfigKeys (ConfUtils.java:logGet(46)) - raft.server.snapshot.retention.file.num = 5 (custom)
2023-03-09 14:58:17,942 [pool-124-thread-1] INFO  server.RaftServerConfigKeys (ConfUtils.java:logGet(46)) - raft.server.log.purge.upto.snapshot.index = false (default)
2023-03-09 14:58:17,943 [Command processor thread] INFO  server.RaftServer (RaftServerProxy.java:addNew(96)) - 7cc8348c-25f7-4abd-9a5e-53969841dd44: addNew group-943E7187E310:[7cc8348c-25f7-4abd-9a5e-53969841dd44|rpc:127.0.0.1:44627|dataStream:127.0.0.1:32895|priority:1|startupRole:FOLLOWER] returns group-943E7187E310:java.util.concurrent.CompletableFuture@79195463[Not completed]
2023-03-09 14:58:17,947 [pool-124-thread-1] INFO  server.RaftServer$Division (RaftServerImpl.java:<init>(195)) - 7cc8348c-25f7-4abd-9a5e-53969841dd44: new RaftServerImpl for group-943E7187E310:[7cc8348c-25f7-4abd-9a5e-53969841dd44|rpc:127.0.0.1:44627|dataStream:127.0.0.1:32895|priority:1|startupRole:FOLLOWER] with ContainerStateMachine:uninitialized
2023-03-09 14:58:17,948 [pool-124-thread-1] INFO  server.RaftServerConfigKeys (ConfUtils.java:logGet(46)) - raft.server.rpc.timeout.min = 5s (custom)
2023-03-09 14:58:17,948 [pool-124-thread-1] INFO  server.RaftServerConfigKeys (ConfUtils.java:logGet(46)) - raft.server.rpc.timeout.max = 5200ms (custom)
2023-03-09 14:58:17,948 [pool-124-thread-1] INFO  server.RaftServerConfigKeys (ConfUtils.java:logGet(46)) - raft.server.rpc.sleep.time = 25ms (default)
2023-03-09 14:58:17,948 [pool-124-thread-1] INFO  server.RaftServerConfigKeys (ConfUtils.java:logGet(46)) - raft.server.rpc.slowness.timeout = 300s (custom)
2023-03-09 14:58:17,949 [pool-124-thread-1] INFO  server.RaftServerConfigKeys (ConfUtils.java:logGet(46)) - raft.server.leaderelection.leader.step-down.wait-time = 10s (default)
2023-03-09 14:58:17,949 [pool-124-thread-1] INFO  server.RaftServerConfigKeys (ConfUtils.java:logGet(46)) - raft.server.sleep.deviation.threshold = 300ms (default)
2023-03-09 14:58:17,949 [pool-124-thread-1] INFO  server.RaftServer$Division (ServerState.java:<init>(118)) - 7cc8348c-25f7-4abd-9a5e-53969841dd44@group-943E7187E310: ConfigurationManager, init=-1: peers:[7cc8348c-25f7-4abd-9a5e-53969841dd44|rpc:127.0.0.1:44627|dataStream:127.0.0.1:32895|priority:1|startupRole:FOLLOWER]|listeners:[], old=null, confs=<EMPTY_MAP>
2023-03-09 14:58:17,950 [pool-124-thread-1] INFO  server.RaftServerConfigKeys (ConfUtils.java:logGet(46)) - raft.server.storage.dir = [/home/runner/work/ozone/ozone/hadoop-ozone/integration-test/target/test-dir/MiniOzoneClusterImpl-e86c7e49-e04f-4606-8b16-8d18ad715950/datanode-2/data/ratis] (custom)
2023-03-09 14:58:17,958 [pool-124-thread-1] INFO  server.RaftServerConfigKeys (ConfUtils.java:logGet(46)) - raft.server.log.corruption.policy = EXCEPTION (default)
2023-03-09 14:58:17,958 [pool-124-thread-1] INFO  server.RaftServerConfigKeys (ConfUtils.java:logGet(46)) - raft.server.storage.free-space.min = 0MB (=0) (default)
2023-03-09 14:58:17,959 [pool-124-thread-1] INFO  server.RaftServerConfigKeys (ConfUtils.java:logGet(46)) - raft.server.notification.no-leader.timeout = 300s (custom)
2023-03-09 14:58:17,959 [pool-124-thread-1] INFO  server.RaftServerConfigKeys (ConfUtils.java:logGet(46)) - raft.server.retrycache.expirytime = 600000ms (custom)
2023-03-09 14:58:17,959 [pool-124-thread-1] INFO  server.RaftServerConfigKeys (ConfUtils.java:logGet(46)) - raft.server.retrycache.statistics.expirytime = 100μs (default)
2023-03-09 14:58:17,960 [pool-124-thread-1] INFO  server.RaftServerConfigKeys (ConfUtils.java:logGet(46)) - raft.server.log.appender.install.snapshot.enabled = false (custom)
2023-03-09 14:58:17,960 [pool-124-thread-1] INFO  server.RaftServerConfigKeys (ConfUtils.java:logGet(46)) - raft.server.threadpool.server.cached = true (default)
2023-03-09 14:58:17,960 [pool-124-thread-1] INFO  server.RaftServerConfigKeys (ConfUtils.java:logGet(46)) - raft.server.threadpool.server.size = 0 (default)
2023-03-09 14:58:17,960 [pool-124-thread-1] INFO  server.RaftServerConfigKeys (ConfUtils.java:logGet(46)) - raft.server.threadpool.client.cached = true (default)
2023-03-09 14:58:17,960 [pool-124-thread-1] INFO  server.RaftServerConfigKeys (ConfUtils.java:logGet(46)) - raft.server.threadpool.client.size = 0 (default)
2023-03-09 14:58:17,961 [pool-124-thread-1] INFO  storage.RaftStorageDirectory (RaftStorageDirectoryImpl.java:analyzeStorage(137)) - The storage directory /home/runner/work/ozone/ozone/hadoop-ozone/integration-test/target/test-dir/MiniOzoneClusterImpl-e86c7e49-e04f-4606-8b16-8d18ad715950/datanode-2/data/ratis/23ea7f70-7a85-433b-b6bd-943e7187e310 does not exist. Creating ...
2023-03-09 14:58:17,963 [pool-124-thread-1] INFO  storage.RaftStorageDirectory (RaftStorageDirectoryImpl.java:tryLock(231)) - Lock on /home/runner/work/ozone/ozone/hadoop-ozone/integration-test/target/test-dir/MiniOzoneClusterImpl-e86c7e49-e04f-4606-8b16-8d18ad715950/datanode-2/data/ratis/23ea7f70-7a85-433b-b6bd-943e7187e310/in_use.lock acquired by nodename 57158@fv-az377-502
2023-03-09 14:58:17,964 [pool-124-thread-1] INFO  storage.RaftStorage (RaftStorageImpl.java:format(96)) - Storage directory /home/runner/work/ozone/ozone/hadoop-ozone/integration-test/target/test-dir/MiniOzoneClusterImpl-e86c7e49-e04f-4606-8b16-8d18ad715950/datanode-2/data/ratis/23ea7f70-7a85-433b-b6bd-943e7187e310 has been successfully formatted.
2023-03-09 14:58:17,975 [pool-124-thread-1] INFO  ratis.ContainerStateMachine (ContainerStateMachine.java:loadSnapshot(240)) - group-943E7187E310: The snapshot info is null. Setting the last applied indexto:(t:0, i:~)
2023-03-09 14:58:17,975 [pool-124-thread-1] INFO  server.RaftServerConfigKeys (ConfUtils.java:logGet(46)) - raft.server.log.use.memory = false (default)
2023-03-09 14:58:17,975 [pool-124-thread-1] INFO  server.RaftServerConfigKeys (ConfUtils.java:logGet(46)) - raft.server.log.purge.gap = 1000000 (custom)
2023-03-09 14:58:17,975 [pool-124-thread-1] INFO  server.RaftServerConfigKeys (ConfUtils.java:logGet(46)) - raft.server.log.appender.buffer.byte-limit = 33554432 (custom)
2023-03-09 14:58:17,975 [pool-124-thread-1] INFO  server.RaftServerConfigKeys (ConfUtils.java:logGet(46)) - raft.server.log.statemachine.data.read.timeout = 1000ms (default)
2023-03-09 14:58:17,976 [pool-124-thread-1] INFO  server.RaftServerConfigKeys (ConfUtils.java:logGet(46)) - raft.server.log.purge.preservation.log.num = 0 (default)
2023-03-09 14:58:17,976 [pool-124-thread-1] INFO  server.RaftServerConfigKeys (ConfUtils.java:logGet(46)) - raft.server.log.segment.size.max = 1048576 (custom)
2023-03-09 14:58:17,976 [pool-124-thread-1] INFO  server.RaftServerConfigKeys (ConfUtils.java:logGet(46)) - raft.server.log.segment.cache.num.max = 2 (custom)
2023-03-09 14:58:17,978 [pool-124-thread-1] INFO  server.RaftServerConfigKeys (ConfUtils.java:logGet(46)) - raft.server.log.segment.cache.size.max = 200MB (=209715200) (default)
2023-03-09 14:58:17,994 [pool-124-thread-1] INFO  segmented.SegmentedRaftLogWorker (SegmentedRaftLogWorker.java:<init>(189)) - new 7cc8348c-25f7-4abd-9a5e-53969841dd44@group-943E7187E310-SegmentedRaftLogWorker for RaftStorageImpl:Storage Directory /home/runner/work/ozone/ozone/hadoop-ozone/integration-test/target/test-dir/MiniOzoneClusterImpl-e86c7e49-e04f-4606-8b16-8d18ad715950/datanode-2/data/ratis/23ea7f70-7a85-433b-b6bd-943e7187e310
2023-03-09 14:58:17,995 [pool-124-thread-1] INFO  server.RaftServerConfigKeys (ConfUtils.java:logGet(46)) - raft.server.log.queue.byte-limit = 4294967296 (custom)
2023-03-09 14:58:17,995 [pool-124-thread-1] INFO  server.RaftServerConfigKeys (ConfUtils.java:logGet(46)) - raft.server.log.queue.element-limit = 1024 (custom)
2023-03-09 14:58:17,995 [pool-124-thread-1] INFO  server.RaftServerConfigKeys (ConfUtils.java:logGet(46)) - raft.server.log.segment.size.max = 1048576 (custom)
2023-03-09 14:58:17,995 [pool-124-thread-1] INFO  server.RaftServerConfigKeys (ConfUtils.java:logGet(46)) - raft.server.log.preallocated.size = 16384 (custom)
2023-03-09 14:58:17,995 [pool-124-thread-1] INFO  server.RaftServerConfigKeys (ConfUtils.java:logGet(46)) - raft.server.log.force.sync.num = 128 (default)
2023-03-09 14:58:17,995 [pool-124-thread-1] INFO  server.RaftServerConfigKeys (ConfUtils.java:logGet(46)) - raft.server.log.statemachine.data.sync = true (default)
2023-03-09 14:58:17,995 [pool-124-thread-1] INFO  server.RaftServerConfigKeys (ConfUtils.java:logGet(46)) - raft.server.log.statemachine.data.sync.timeout = 10s (default)
2023-03-09 14:58:17,995 [pool-124-thread-1] INFO  server.RaftServerConfigKeys (ConfUtils.java:logGet(46)) - raft.server.log.statemachine.data.sync.timeout.retry = -1 (default)
2023-03-09 14:58:17,996 [pool-124-thread-1] INFO  server.RaftServerConfigKeys (ConfUtils.java:logGet(46)) - raft.server.log.write.buffer.size = 1048576 (custom)
2023-03-09 14:58:17,997 [pool-124-thread-1] INFO  server.RaftServerConfigKeys (ConfUtils.java:logGet(46)) - raft.server.log.appender.buffer.byte-limit = 33554432 (custom)
2023-03-09 14:58:18,003 [EventQueue-PipelineReportForPipelineReportHandler] INFO  pipeline.PipelineManagerImpl (PipelineManagerImpl.java:openPipeline(367)) - Pipeline Pipeline[ Id: 23ea7f70-7a85-433b-b6bd-943e7187e310, Nodes: 7cc8348c-25f7-4abd-9a5e-53969841dd44(localhost/127.0.0.1), ReplicationConfig: RATIS/ONE, State:ALLOCATED, leaderId:7cc8348c-25f7-4abd-9a5e-53969841dd44, CreationTimestamp2023-03-09T14:58:14.947Z[Etc/UTC]] moved to OPEN state
2023-03-09 14:58:18,007 [32163878-e8f2-41cf-b327-23a994648d98@group-8D18AD715950-StateMachineUpdater] INFO  safemode.HealthyPipelineSafeModeRule (HealthyPipelineSafeModeRule.java:initializeRule(165)) - Refreshed total pipeline count is 0, healthy pipeline threshold count is 1
2023-03-09 14:58:18,008 [EventQueue-OpenPipelineForHealthyPipelineSafeModeRule] INFO  safemode.SCMSafeModeManager (HealthyPipelineSafeModeRule.java:process(137)) - SCM in safe mode. Healthy pipelines reported count is 0, required healthy pipeline reported count is 1
2023-03-09 14:58:18,009 [pool-124-thread-1] INFO  server.RaftServerConfigKeys (ConfUtils.java:logGet(46)) - raft.server.log.unsafe-flush.enabled = false (default)
2023-03-09 14:58:18,009 [pool-124-thread-1] INFO  server.RaftServerConfigKeys (ConfUtils.java:logGet(46)) - raft.server.log.async-flush.enabled = false (default)
2023-03-09 14:58:18,009 [pool-124-thread-1] INFO  server.RaftServerConfigKeys (ConfUtils.java:logGet(46)) - raft.server.log.statemachine.data.caching.enabled = true (custom)
2023-03-09 14:58:18,009 [pool-124-thread-1] INFO  segmented.SegmentedRaftLogWorker (SegmentedRaftLogWorker.java:lambda$new$0(135)) - 7cc8348c-25f7-4abd-9a5e-53969841dd44@group-943E7187E310-SegmentedRaftLogWorker: flushIndex: setUnconditionally 0 -> -1
2023-03-09 14:58:18,009 [pool-124-thread-1] INFO  segmented.SegmentedRaftLogWorker (SegmentedRaftLogWorker.java:lambda$new$0(135)) - 7cc8348c-25f7-4abd-9a5e-53969841dd44@group-943E7187E310-SegmentedRaftLogWorker: safeCacheEvictIndex: setUnconditionally 0 -> -1
2023-03-09 14:58:18,016 [pool-124-thread-1] INFO  server.RaftServer$Division (RaftServerImpl.java:start(334)) - 7cc8348c-25f7-4abd-9a5e-53969841dd44@group-943E7187E310: start as a follower, conf=-1: peers:[7cc8348c-25f7-4abd-9a5e-53969841dd44|rpc:127.0.0.1:44627|dataStream:127.0.0.1:32895|priority:1|startupRole:FOLLOWER]|listeners:[], old=null
2023-03-09 14:58:18,016 [pool-124-thread-1] INFO  server.RaftServer$Division (RaftServerImpl.java:setRole(321)) - 7cc8348c-25f7-4abd-9a5e-53969841dd44@group-943E7187E310: changes role from      null to FOLLOWER at term 0 for startAsFollower
2023-03-09 14:58:18,016 [pool-124-thread-1] INFO  impl.RoleInfo (RoleInfo.java:updateAndGet(139)) - 7cc8348c-25f7-4abd-9a5e-53969841dd44: start 7cc8348c-25f7-4abd-9a5e-53969841dd44@group-943E7187E310-FollowerState
2023-03-09 14:58:18,016 [7cc8348c-25f7-4abd-9a5e-53969841dd44@group-943E7187E310-FollowerState] INFO  server.RaftServerConfigKeys (ConfUtils.java:logFallback(53)) - raft.server.rpc.first-election.timeout.min = 5s (fallback to raft.server.rpc.timeout.min)
2023-03-09 14:58:18,016 [pool-124-thread-1] INFO  util.JmxRegister (JmxRegister.java:tryRegister(44)) - Successfully registered JMX Bean with object name Ratis:service=RaftServer,group=group-943E7187E310,id=7cc8348c-25f7-4abd-9a5e-53969841dd44
2023-03-09 14:58:18,018 [pool-124-thread-1] INFO  server.RaftServerConfigKeys (ConfUtils.java:logGet(46)) - raft.server.snapshot.auto.trigger.enabled = true (custom)
2023-03-09 14:58:18,018 [pool-124-thread-1] INFO  server.RaftServerConfigKeys (ConfUtils.java:logGet(46)) - raft.server.snapshot.auto.trigger.threshold = 10000 (custom)
2023-03-09 14:58:18,018 [pool-124-thread-1] INFO  server.RaftServerConfigKeys (ConfUtils.java:logGet(46)) - raft.server.snapshot.retention.file.num = 5 (custom)
2023-03-09 14:58:18,018 [pool-124-thread-1] INFO  server.RaftServerConfigKeys (ConfUtils.java:logGet(46)) - raft.server.log.purge.upto.snapshot.index = false (default)
2023-03-09 14:58:18,020 [7cc8348c-25f7-4abd-9a5e-53969841dd44@group-943E7187E310-FollowerState] INFO  server.RaftServerConfigKeys (ConfUtils.java:logFallback(53)) - raft.server.rpc.first-election.timeout.max = 5200ms (fallback to raft.server.rpc.timeout.max)
2023-03-09 14:58:18,026 [Command processor thread] INFO  ratis.XceiverServerRatis (XceiverServerRatis.java:addGroup(807)) - Created group PipelineID=23ea7f70-7a85-433b-b6bd-943e7187e310
2023-03-09 14:58:18,026 [Command processor thread] INFO  commandhandler.CreatePipelineCommandHandler (CreatePipelineCommandHandler.java:handle(113)) - Created Pipeline RATIS ONE PipelineID=23ea7f70-7a85-433b-b6bd-943e7187e310.
2023-03-09 14:58:18,026 [Command processor thread] INFO  server.RaftServer (RaftServerProxy.java:addNew(96)) - 7cc8348c-25f7-4abd-9a5e-53969841dd44: addNew group-3CB6E2304B87:[8bafe227-ab53-47f4-b02f-6ec7cb40a7a2|rpc:127.0.0.1:43633|dataStream:127.0.0.1:38373|priority:1|startupRole:FOLLOWER, 9c2028ec-eae4-47ee-99aa-bca7ce936f50|rpc:127.0.0.1:35725|dataStream:127.0.0.1:38891|priority:0|startupRole:FOLLOWER, 7cc8348c-25f7-4abd-9a5e-53969841dd44|rpc:127.0.0.1:44627|dataStream:127.0.0.1:32895|priority:0|startupRole:FOLLOWER] returns group-3CB6E2304B87:java.util.concurrent.CompletableFuture@77deb530[Not completed]
2023-03-09 14:58:18,028 [pool-124-thread-1] INFO  server.RaftServer$Division (RaftServerImpl.java:<init>(195)) - 7cc8348c-25f7-4abd-9a5e-53969841dd44: new RaftServerImpl for group-3CB6E2304B87:[8bafe227-ab53-47f4-b02f-6ec7cb40a7a2|rpc:127.0.0.1:43633|dataStream:127.0.0.1:38373|priority:1|startupRole:FOLLOWER, 9c2028ec-eae4-47ee-99aa-bca7ce936f50|rpc:127.0.0.1:35725|dataStream:127.0.0.1:38891|priority:0|startupRole:FOLLOWER, 7cc8348c-25f7-4abd-9a5e-53969841dd44|rpc:127.0.0.1:44627|dataStream:127.0.0.1:32895|priority:0|startupRole:FOLLOWER] with ContainerStateMachine:uninitialized
2023-03-09 14:58:18,028 [pool-124-thread-1] INFO  server.RaftServerConfigKeys (ConfUtils.java:logGet(46)) - raft.server.rpc.timeout.min = 5s (custom)
2023-03-09 14:58:18,028 [pool-124-thread-1] INFO  server.RaftServerConfigKeys (ConfUtils.java:logGet(46)) - raft.server.rpc.timeout.max = 5200ms (custom)
2023-03-09 14:58:18,028 [pool-124-thread-1] INFO  server.RaftServerConfigKeys (ConfUtils.java:logGet(46)) - raft.server.rpc.sleep.time = 25ms (default)
2023-03-09 14:58:18,028 [pool-124-thread-1] INFO  server.RaftServerConfigKeys (ConfUtils.java:logGet(46)) - raft.server.rpc.slowness.timeout = 300s (custom)
2023-03-09 14:58:18,028 [pool-124-thread-1] INFO  server.RaftServerConfigKeys (ConfUtils.java:logGet(46)) - raft.server.leaderelection.leader.step-down.wait-time = 10s (default)
2023-03-09 14:58:18,028 [pool-124-thread-1] INFO  server.RaftServerConfigKeys (ConfUtils.java:logGet(46)) - raft.server.sleep.deviation.threshold = 300ms (default)
2023-03-09 14:58:18,028 [pool-124-thread-1] INFO  server.RaftServer$Division (ServerState.java:<init>(118)) - 7cc8348c-25f7-4abd-9a5e-53969841dd44@group-3CB6E2304B87: ConfigurationManager, init=-1: peers:[8bafe227-ab53-47f4-b02f-6ec7cb40a7a2|rpc:127.0.0.1:43633|dataStream:127.0.0.1:38373|priority:1|startupRole:FOLLOWER, 9c2028ec-eae4-47ee-99aa-bca7ce936f50|rpc:127.0.0.1:35725|dataStream:127.0.0.1:38891|priority:0|startupRole:FOLLOWER, 7cc8348c-25f7-4abd-9a5e-53969841dd44|rpc:127.0.0.1:44627|dataStream:127.0.0.1:32895|priority:0|startupRole:FOLLOWER]|listeners:[], old=null, confs=<EMPTY_MAP>
2023-03-09 14:58:18,029 [pool-124-thread-1] INFO  server.RaftServerConfigKeys (ConfUtils.java:logGet(46)) - raft.server.storage.dir = [/home/runner/work/ozone/ozone/hadoop-ozone/integration-test/target/test-dir/MiniOzoneClusterImpl-e86c7e49-e04f-4606-8b16-8d18ad715950/datanode-2/data/ratis] (custom)
2023-03-09 14:58:18,029 [pool-124-thread-1] INFO  server.RaftServerConfigKeys (ConfUtils.java:logGet(46)) - raft.server.log.corruption.policy = EXCEPTION (default)
2023-03-09 14:58:18,029 [pool-124-thread-1] INFO  server.RaftServerConfigKeys (ConfUtils.java:logGet(46)) - raft.server.storage.free-space.min = 0MB (=0) (default)
2023-03-09 14:58:18,029 [pool-124-thread-1] INFO  server.RaftServerConfigKeys (ConfUtils.java:logGet(46)) - raft.server.notification.no-leader.timeout = 300s (custom)
2023-03-09 14:58:18,029 [pool-124-thread-1] INFO  server.RaftServerConfigKeys (ConfUtils.java:logGet(46)) - raft.server.retrycache.expirytime = 600000ms (custom)
2023-03-09 14:58:18,029 [pool-124-thread-1] INFO  server.RaftServerConfigKeys (ConfUtils.java:logGet(46)) - raft.server.retrycache.statistics.expirytime = 100μs (default)
2023-03-09 14:58:18,031 [pool-124-thread-1] INFO  server.RaftServerConfigKeys (ConfUtils.java:logGet(46)) - raft.server.log.appender.install.snapshot.enabled = false (custom)
2023-03-09 14:58:18,031 [pool-124-thread-1] INFO  server.RaftServerConfigKeys (ConfUtils.java:logGet(46)) - raft.server.threadpool.server.cached = true (default)
2023-03-09 14:58:18,031 [pool-124-thread-1] INFO  server.RaftServerConfigKeys (ConfUtils.java:logGet(46)) - raft.server.threadpool.server.size = 0 (default)
2023-03-09 14:58:18,032 [pool-124-thread-1] INFO  server.RaftServerConfigKeys (ConfUtils.java:logGet(46)) - raft.server.threadpool.client.cached = true (default)
2023-03-09 14:58:18,032 [pool-124-thread-1] INFO  server.RaftServerConfigKeys (ConfUtils.java:logGet(46)) - raft.server.threadpool.client.size = 0 (default)
2023-03-09 14:58:18,032 [pool-124-thread-1] INFO  storage.RaftStorageDirectory (RaftStorageDirectoryImpl.java:analyzeStorage(137)) - The storage directory /home/runner/work/ozone/ozone/hadoop-ozone/integration-test/target/test-dir/MiniOzoneClusterImpl-e86c7e49-e04f-4606-8b16-8d18ad715950/datanode-2/data/ratis/a417e7bd-d0a1-44e2-96ee-3cb6e2304b87 does not exist. Creating ...
2023-03-09 14:58:18,034 [pool-124-thread-1] INFO  storage.RaftStorageDirectory (RaftStorageDirectoryImpl.java:tryLock(231)) - Lock on /home/runner/work/ozone/ozone/hadoop-ozone/integration-test/target/test-dir/MiniOzoneClusterImpl-e86c7e49-e04f-4606-8b16-8d18ad715950/datanode-2/data/ratis/a417e7bd-d0a1-44e2-96ee-3cb6e2304b87/in_use.lock acquired by nodename 57158@fv-az377-502
2023-03-09 14:58:18,036 [pool-124-thread-1] INFO  storage.RaftStorage (RaftStorageImpl.java:format(96)) - Storage directory /home/runner/work/ozone/ozone/hadoop-ozone/integration-test/target/test-dir/MiniOzoneClusterImpl-e86c7e49-e04f-4606-8b16-8d18ad715950/datanode-2/data/ratis/a417e7bd-d0a1-44e2-96ee-3cb6e2304b87 has been successfully formatted.
2023-03-09 14:58:18,045 [pool-124-thread-1] INFO  ratis.ContainerStateMachine (ContainerStateMachine.java:loadSnapshot(240)) - group-3CB6E2304B87: The snapshot info is null. Setting the last applied indexto:(t:0, i:~)
2023-03-09 14:58:18,045 [pool-124-thread-1] INFO  server.RaftServerConfigKeys (ConfUtils.java:logGet(46)) - raft.server.log.use.memory = false (default)
2023-03-09 14:58:18,045 [pool-124-thread-1] INFO  server.RaftServerConfigKeys (ConfUtils.java:logGet(46)) - raft.server.log.purge.gap = 1000000 (custom)
2023-03-09 14:58:18,046 [pool-124-thread-1] INFO  server.RaftServerConfigKeys (ConfUtils.java:logGet(46)) - raft.server.log.appender.buffer.byte-limit = 33554432 (custom)
2023-03-09 14:58:18,046 [pool-124-thread-1] INFO  server.RaftServerConfigKeys (ConfUtils.java:logGet(46)) - raft.server.log.statemachine.data.read.timeout = 1000ms (default)
2023-03-09 14:58:18,046 [pool-124-thread-1] INFO  server.RaftServerConfigKeys (ConfUtils.java:logGet(46)) - raft.server.log.purge.preservation.log.num = 0 (default)
2023-03-09 14:58:18,046 [pool-124-thread-1] INFO  server.RaftServerConfigKeys (ConfUtils.java:logGet(46)) - raft.server.log.segment.size.max = 1048576 (custom)
2023-03-09 14:58:18,046 [pool-124-thread-1] INFO  server.RaftServerConfigKeys (ConfUtils.java:logGet(46)) - raft.server.log.segment.cache.num.max = 2 (custom)
2023-03-09 14:58:18,046 [pool-124-thread-1] INFO  server.RaftServerConfigKeys (ConfUtils.java:logGet(46)) - raft.server.log.segment.cache.size.max = 200MB (=209715200) (default)
2023-03-09 14:58:18,047 [EventQueue-OpenPipelineForHealthyPipelineSafeModeRule] INFO  safemode.SCMSafeModeManager (HealthyPipelineSafeModeRule.java:process(137)) - SCM in safe mode. Healthy pipelines reported count is 0, required healthy pipeline reported count is 1
2023-03-09 14:58:18,056 [pool-124-thread-1] INFO  segmented.SegmentedRaftLogWorker (SegmentedRaftLogWorker.java:<init>(189)) - new 7cc8348c-25f7-4abd-9a5e-53969841dd44@group-3CB6E2304B87-SegmentedRaftLogWorker for RaftStorageImpl:Storage Directory /home/runner/work/ozone/ozone/hadoop-ozone/integration-test/target/test-dir/MiniOzoneClusterImpl-e86c7e49-e04f-4606-8b16-8d18ad715950/datanode-2/data/ratis/a417e7bd-d0a1-44e2-96ee-3cb6e2304b87
2023-03-09 14:58:18,061 [pool-124-thread-1] INFO  server.RaftServerConfigKeys (ConfUtils.java:logGet(46)) - raft.server.log.queue.byte-limit = 4294967296 (custom)
2023-03-09 14:58:18,061 [pool-124-thread-1] INFO  server.RaftServerConfigKeys (ConfUtils.java:logGet(46)) - raft.server.log.queue.element-limit = 1024 (custom)
2023-03-09 14:58:18,061 [pool-124-thread-1] INFO  server.RaftServerConfigKeys (ConfUtils.java:logGet(46)) - raft.server.log.segment.size.max = 1048576 (custom)
2023-03-09 14:58:18,061 [pool-124-thread-1] INFO  server.RaftServerConfigKeys (ConfUtils.java:logGet(46)) - raft.server.log.preallocated.size = 16384 (custom)
2023-03-09 14:58:18,061 [pool-124-thread-1] INFO  server.RaftServerConfigKeys (ConfUtils.java:logGet(46)) - raft.server.log.force.sync.num = 128 (default)
2023-03-09 14:58:18,061 [pool-124-thread-1] INFO  server.RaftServerConfigKeys (ConfUtils.java:logGet(46)) - raft.server.log.statemachine.data.sync = true (default)
2023-03-09 14:58:18,061 [pool-124-thread-1] INFO  server.RaftServerConfigKeys (ConfUtils.java:logGet(46)) - raft.server.log.statemachine.data.sync.timeout = 10s (default)
2023-03-09 14:58:18,061 [pool-124-thread-1] INFO  server.RaftServerConfigKeys (ConfUtils.java:logGet(46)) - raft.server.log.statemachine.data.sync.timeout.retry = -1 (default)
2023-03-09 14:58:18,063 [pool-124-thread-1] INFO  server.RaftServerConfigKeys (ConfUtils.java:logGet(46)) - raft.server.log.write.buffer.size = 1048576 (custom)
2023-03-09 14:58:18,064 [pool-124-thread-1] INFO  server.RaftServerConfigKeys (ConfUtils.java:logGet(46)) - raft.server.log.appender.buffer.byte-limit = 33554432 (custom)
2023-03-09 14:58:18,082 [Listener at 127.0.0.1/39405] INFO  ozone.MiniOzoneClusterImpl (MiniOzoneClusterImpl.java:lambda$waitForClusterToBeReady$0(218)) - Nodes are ready. Got 3 of 3 DN Heartbeats.
2023-03-09 14:58:18,090 [Listener at 127.0.0.1/39405] INFO  ozone.MiniOzoneClusterImpl (MiniOzoneClusterImpl.java:lambda$waitForClusterToBeReady$0(221)) - Waiting for cluster to exit safe mode
2023-03-09 14:58:18,090 [Listener at 127.0.0.1/39405] INFO  ozone.MiniOzoneClusterImpl (MiniOzoneClusterImpl.java:lambda$waitForClusterToBeReady$0(223)) - SCM became leader
2023-03-09 14:58:18,089 [pool-124-thread-1] INFO  server.RaftServerConfigKeys (ConfUtils.java:logGet(46)) - raft.server.log.unsafe-flush.enabled = false (default)
2023-03-09 14:58:18,092 [pool-124-thread-1] INFO  server.RaftServerConfigKeys (ConfUtils.java:logGet(46)) - raft.server.log.async-flush.enabled = false (default)
2023-03-09 14:58:18,092 [pool-124-thread-1] INFO  server.RaftServerConfigKeys (ConfUtils.java:logGet(46)) - raft.server.log.statemachine.data.caching.enabled = true (custom)
2023-03-09 14:58:18,092 [pool-124-thread-1] INFO  segmented.SegmentedRaftLogWorker (SegmentedRaftLogWorker.java:lambda$new$0(135)) - 7cc8348c-25f7-4abd-9a5e-53969841dd44@group-3CB6E2304B87-SegmentedRaftLogWorker: flushIndex: setUnconditionally 0 -> -1
2023-03-09 14:58:18,092 [pool-124-thread-1] INFO  segmented.SegmentedRaftLogWorker (SegmentedRaftLogWorker.java:lambda$new$0(135)) - 7cc8348c-25f7-4abd-9a5e-53969841dd44@group-3CB6E2304B87-SegmentedRaftLogWorker: safeCacheEvictIndex: setUnconditionally 0 -> -1
2023-03-09 14:58:18,093 [pool-124-thread-1] INFO  server.RaftServer$Division (RaftServerImpl.java:start(334)) - 7cc8348c-25f7-4abd-9a5e-53969841dd44@group-3CB6E2304B87: start as a follower, conf=-1: peers:[8bafe227-ab53-47f4-b02f-6ec7cb40a7a2|rpc:127.0.0.1:43633|dataStream:127.0.0.1:38373|priority:1|startupRole:FOLLOWER, 9c2028ec-eae4-47ee-99aa-bca7ce936f50|rpc:127.0.0.1:35725|dataStream:127.0.0.1:38891|priority:0|startupRole:FOLLOWER, 7cc8348c-25f7-4abd-9a5e-53969841dd44|rpc:127.0.0.1:44627|dataStream:127.0.0.1:32895|priority:0|startupRole:FOLLOWER]|listeners:[], old=null
2023-03-09 14:58:18,093 [pool-124-thread-1] INFO  server.RaftServer$Division (RaftServerImpl.java:setRole(321)) - 7cc8348c-25f7-4abd-9a5e-53969841dd44@group-3CB6E2304B87: changes role from      null to FOLLOWER at term 0 for startAsFollower
2023-03-09 14:58:18,093 [pool-124-thread-1] INFO  impl.RoleInfo (RoleInfo.java:updateAndGet(139)) - 7cc8348c-25f7-4abd-9a5e-53969841dd44: start 7cc8348c-25f7-4abd-9a5e-53969841dd44@group-3CB6E2304B87-FollowerState
2023-03-09 14:58:18,094 [7cc8348c-25f7-4abd-9a5e-53969841dd44@group-3CB6E2304B87-FollowerState] INFO  server.RaftServerConfigKeys (ConfUtils.java:logFallback(53)) - raft.server.rpc.first-election.timeout.min = 5s (fallback to raft.server.rpc.timeout.min)
2023-03-09 14:58:18,108 [Command processor thread] INFO  commandhandler.CreatePipelineCommandHandler (CreatePipelineCommandHandler.java:handle(113)) - Created Pipeline RATIS THREE PipelineID=5cdb5299-f0f3-4ae7-8a8c-8b6815a740cc.
2023-03-09 14:58:18,094 [pool-124-thread-1] INFO  util.JmxRegister (JmxRegister.java:tryRegister(44)) - Successfully registered JMX Bean with object name Ratis:service=RaftServer,group=group-3CB6E2304B87,id=7cc8348c-25f7-4abd-9a5e-53969841dd44
2023-03-09 14:58:18,115 [pool-124-thread-1] INFO  server.RaftServerConfigKeys (ConfUtils.java:logGet(46)) - raft.server.snapshot.auto.trigger.enabled = true (custom)
2023-03-09 14:58:18,115 [pool-124-thread-1] INFO  server.RaftServerConfigKeys (ConfUtils.java:logGet(46)) - raft.server.snapshot.auto.trigger.threshold = 10000 (custom)
2023-03-09 14:58:18,115 [Command processor thread] INFO  server.RaftServer (RaftServerProxy.java:addNew(96)) - 9c2028ec-eae4-47ee-99aa-bca7ce936f50: addNew group-3CB6E2304B87:[8bafe227-ab53-47f4-b02f-6ec7cb40a7a2|rpc:127.0.0.1:43633|dataStream:127.0.0.1:38373|priority:1|startupRole:FOLLOWER, 9c2028ec-eae4-47ee-99aa-bca7ce936f50|rpc:127.0.0.1:35725|dataStream:127.0.0.1:38891|priority:0|startupRole:FOLLOWER, 7cc8348c-25f7-4abd-9a5e-53969841dd44|rpc:127.0.0.1:44627|dataStream:127.0.0.1:32895|priority:0|startupRole:FOLLOWER] returns group-3CB6E2304B87:java.util.concurrent.CompletableFuture@2056924e[Not completed]
2023-03-09 14:58:18,116 [pool-80-thread-1] INFO  server.RaftServer$Division (RaftServerImpl.java:<init>(195)) - 9c2028ec-eae4-47ee-99aa-bca7ce936f50: new RaftServerImpl for group-3CB6E2304B87:[8bafe227-ab53-47f4-b02f-6ec7cb40a7a2|rpc:127.0.0.1:43633|dataStream:127.0.0.1:38373|priority:1|startupRole:FOLLOWER, 9c2028ec-eae4-47ee-99aa-bca7ce936f50|rpc:127.0.0.1:35725|dataStream:127.0.0.1:38891|priority:0|startupRole:FOLLOWER, 7cc8348c-25f7-4abd-9a5e-53969841dd44|rpc:127.0.0.1:44627|dataStream:127.0.0.1:32895|priority:0|startupRole:FOLLOWER] with ContainerStateMachine:uninitialized
2023-03-09 14:58:18,116 [pool-80-thread-1] INFO  server.RaftServerConfigKeys (ConfUtils.java:logGet(46)) - raft.server.rpc.timeout.min = 5s (custom)
2023-03-09 14:58:18,117 [pool-80-thread-1] INFO  server.RaftServerConfigKeys (ConfUtils.java:logGet(46)) - raft.server.rpc.timeout.max = 5200ms (custom)
2023-03-09 14:58:18,117 [pool-80-thread-1] INFO  server.RaftServerConfigKeys (ConfUtils.java:logGet(46)) - raft.server.rpc.sleep.time = 25ms (default)
2023-03-09 14:58:18,117 [pool-80-thread-1] INFO  server.RaftServerConfigKeys (ConfUtils.java:logGet(46)) - raft.server.rpc.slowness.timeout = 300s (custom)
2023-03-09 14:58:18,117 [pool-80-thread-1] INFO  server.RaftServerConfigKeys (ConfUtils.java:logGet(46)) - raft.server.leaderelection.leader.step-down.wait-time = 10s (default)
2023-03-09 14:58:18,117 [pool-80-thread-1] INFO  server.RaftServerConfigKeys (ConfUtils.java:logGet(46)) - raft.server.sleep.deviation.threshold = 300ms (default)
2023-03-09 14:58:18,117 [pool-80-thread-1] INFO  server.RaftServer$Division (ServerState.java:<init>(118)) - 9c2028ec-eae4-47ee-99aa-bca7ce936f50@group-3CB6E2304B87: ConfigurationManager, init=-1: peers:[8bafe227-ab53-47f4-b02f-6ec7cb40a7a2|rpc:127.0.0.1:43633|dataStream:127.0.0.1:38373|priority:1|startupRole:FOLLOWER, 9c2028ec-eae4-47ee-99aa-bca7ce936f50|rpc:127.0.0.1:35725|dataStream:127.0.0.1:38891|priority:0|startupRole:FOLLOWER, 7cc8348c-25f7-4abd-9a5e-53969841dd44|rpc:127.0.0.1:44627|dataStream:127.0.0.1:32895|priority:0|startupRole:FOLLOWER]|listeners:[], old=null, confs=<EMPTY_MAP>
2023-03-09 14:58:18,117 [pool-80-thread-1] INFO  server.RaftServerConfigKeys (ConfUtils.java:logGet(46)) - raft.server.storage.dir = [/home/runner/work/ozone/ozone/hadoop-ozone/integration-test/target/test-dir/MiniOzoneClusterImpl-e86c7e49-e04f-4606-8b16-8d18ad715950/datanode-0/data/ratis] (custom)
2023-03-09 14:58:18,122 [7cc8348c-25f7-4abd-9a5e-53969841dd44@group-3CB6E2304B87-FollowerState] INFO  server.RaftServerConfigKeys (ConfUtils.java:logFallback(53)) - raft.server.rpc.first-election.timeout.max = 5200ms (fallback to raft.server.rpc.timeout.max)
2023-03-09 14:58:18,115 [pool-124-thread-1] INFO  server.RaftServerConfigKeys (ConfUtils.java:logGet(46)) - raft.server.snapshot.retention.file.num = 5 (custom)
2023-03-09 14:58:18,123 [pool-124-thread-1] INFO  server.RaftServerConfigKeys (ConfUtils.java:logGet(46)) - raft.server.log.purge.upto.snapshot.index = false (default)
2023-03-09 14:58:18,122 [pool-80-thread-1] INFO  server.RaftServerConfigKeys (ConfUtils.java:logGet(46)) - raft.server.log.corruption.policy = EXCEPTION (default)
2023-03-09 14:58:18,123 [pool-80-thread-1] INFO  server.RaftServerConfigKeys (ConfUtils.java:logGet(46)) - raft.server.storage.free-space.min = 0MB (=0) (default)
2023-03-09 14:58:18,124 [pool-80-thread-1] INFO  server.RaftServerConfigKeys (ConfUtils.java:logGet(46)) - raft.server.notification.no-leader.timeout = 300s (custom)
2023-03-09 14:58:18,124 [pool-80-thread-1] INFO  server.RaftServerConfigKeys (ConfUtils.java:logGet(46)) - raft.server.retrycache.expirytime = 600000ms (custom)
2023-03-09 14:58:18,124 [pool-80-thread-1] INFO  server.RaftServerConfigKeys (ConfUtils.java:logGet(46)) - raft.server.retrycache.statistics.expirytime = 100μs (default)
2023-03-09 14:58:18,124 [Command processor thread] INFO  ratis.XceiverServerRatis (XceiverServerRatis.java:addGroup(807)) - Created group PipelineID=a417e7bd-d0a1-44e2-96ee-3cb6e2304b87
2023-03-09 14:58:18,125 [pool-80-thread-1] INFO  server.RaftServerConfigKeys (ConfUtils.java:logGet(46)) - raft.server.log.appender.install.snapshot.enabled = false (custom)
2023-03-09 14:58:18,125 [pool-80-thread-1] INFO  server.RaftServerConfigKeys (ConfUtils.java:logGet(46)) - raft.server.threadpool.server.cached = true (default)
2023-03-09 14:58:18,125 [pool-80-thread-1] INFO  server.RaftServerConfigKeys (ConfUtils.java:logGet(46)) - raft.server.threadpool.server.size = 0 (default)
2023-03-09 14:58:18,125 [pool-80-thread-1] INFO  server.RaftServerConfigKeys (ConfUtils.java:logGet(46)) - raft.server.threadpool.client.cached = true (default)
2023-03-09 14:58:18,125 [pool-80-thread-1] INFO  server.RaftServerConfigKeys (ConfUtils.java:logGet(46)) - raft.server.threadpool.client.size = 0 (default)
2023-03-09 14:58:18,125 [pool-80-thread-1] INFO  storage.RaftStorageDirectory (RaftStorageDirectoryImpl.java:analyzeStorage(137)) - The storage directory /home/runner/work/ozone/ozone/hadoop-ozone/integration-test/target/test-dir/MiniOzoneClusterImpl-e86c7e49-e04f-4606-8b16-8d18ad715950/datanode-0/data/ratis/a417e7bd-d0a1-44e2-96ee-3cb6e2304b87 does not exist. Creating ...
2023-03-09 14:58:18,118 [Command processor thread] INFO  commandhandler.CreatePipelineCommandHandler (CreatePipelineCommandHandler.java:handle(113)) - Created Pipeline RATIS THREE PipelineID=5cdb5299-f0f3-4ae7-8a8c-8b6815a740cc.
2023-03-09 14:58:18,126 [Command processor thread] INFO  server.RaftServer (RaftServerProxy.java:addNew(96)) - 8bafe227-ab53-47f4-b02f-6ec7cb40a7a2: addNew group-3CB6E2304B87:[8bafe227-ab53-47f4-b02f-6ec7cb40a7a2|rpc:127.0.0.1:43633|dataStream:127.0.0.1:38373|priority:1|startupRole:FOLLOWER, 9c2028ec-eae4-47ee-99aa-bca7ce936f50|rpc:127.0.0.1:35725|dataStream:127.0.0.1:38891|priority:0|startupRole:FOLLOWER, 7cc8348c-25f7-4abd-9a5e-53969841dd44|rpc:127.0.0.1:44627|dataStream:127.0.0.1:32895|priority:0|startupRole:FOLLOWER] returns group-3CB6E2304B87:java.util.concurrent.CompletableFuture@563de642[Not completed]
2023-03-09 14:58:18,127 [pool-102-thread-1] INFO  server.RaftServer$Division (RaftServerImpl.java:<init>(195)) - 8bafe227-ab53-47f4-b02f-6ec7cb40a7a2: new RaftServerImpl for group-3CB6E2304B87:[8bafe227-ab53-47f4-b02f-6ec7cb40a7a2|rpc:127.0.0.1:43633|dataStream:127.0.0.1:38373|priority:1|startupRole:FOLLOWER, 9c2028ec-eae4-47ee-99aa-bca7ce936f50|rpc:127.0.0.1:35725|dataStream:127.0.0.1:38891|priority:0|startupRole:FOLLOWER, 7cc8348c-25f7-4abd-9a5e-53969841dd44|rpc:127.0.0.1:44627|dataStream:127.0.0.1:32895|priority:0|startupRole:FOLLOWER] with ContainerStateMachine:uninitialized
2023-03-09 14:58:18,127 [pool-102-thread-1] INFO  server.RaftServerConfigKeys (ConfUtils.java:logGet(46)) - raft.server.rpc.timeout.min = 5s (custom)
2023-03-09 14:58:18,127 [pool-102-thread-1] INFO  server.RaftServerConfigKeys (ConfUtils.java:logGet(46)) - raft.server.rpc.timeout.max = 5200ms (custom)
2023-03-09 14:58:18,127 [pool-102-thread-1] INFO  server.RaftServerConfigKeys (ConfUtils.java:logGet(46)) - raft.server.rpc.sleep.time = 25ms (default)
2023-03-09 14:58:18,127 [pool-102-thread-1] INFO  server.RaftServerConfigKeys (ConfUtils.java:logGet(46)) - raft.server.rpc.slowness.timeout = 300s (custom)
2023-03-09 14:58:18,127 [pool-102-thread-1] INFO  server.RaftServerConfigKeys (ConfUtils.java:logGet(46)) - raft.server.leaderelection.leader.step-down.wait-time = 10s (default)
2023-03-09 14:58:18,127 [pool-102-thread-1] INFO  server.RaftServerConfigKeys (ConfUtils.java:logGet(46)) - raft.server.sleep.deviation.threshold = 300ms (default)
2023-03-09 14:58:18,128 [pool-102-thread-1] INFO  server.RaftServer$Division (ServerState.java:<init>(118)) - 8bafe227-ab53-47f4-b02f-6ec7cb40a7a2@group-3CB6E2304B87: ConfigurationManager, init=-1: peers:[8bafe227-ab53-47f4-b02f-6ec7cb40a7a2|rpc:127.0.0.1:43633|dataStream:127.0.0.1:38373|priority:1|startupRole:FOLLOWER, 9c2028ec-eae4-47ee-99aa-bca7ce936f50|rpc:127.0.0.1:35725|dataStream:127.0.0.1:38891|priority:0|startupRole:FOLLOWER, 7cc8348c-25f7-4abd-9a5e-53969841dd44|rpc:127.0.0.1:44627|dataStream:127.0.0.1:32895|priority:0|startupRole:FOLLOWER]|listeners:[], old=null, confs=<EMPTY_MAP>
2023-03-09 14:58:18,128 [pool-102-thread-1] INFO  server.RaftServerConfigKeys (ConfUtils.java:logGet(46)) - raft.server.storage.dir = [/home/runner/work/ozone/ozone/hadoop-ozone/integration-test/target/test-dir/MiniOzoneClusterImpl-e86c7e49-e04f-4606-8b16-8d18ad715950/datanode-1/data/ratis] (custom)
2023-03-09 14:58:18,128 [pool-102-thread-1] INFO  server.RaftServerConfigKeys (ConfUtils.java:logGet(46)) - raft.server.log.corruption.policy = EXCEPTION (default)
2023-03-09 14:58:18,128 [pool-102-thread-1] INFO  server.RaftServerConfigKeys (ConfUtils.java:logGet(46)) - raft.server.storage.free-space.min = 0MB (=0) (default)
2023-03-09 14:58:18,128 [pool-102-thread-1] INFO  server.RaftServerConfigKeys (ConfUtils.java:logGet(46)) - raft.server.notification.no-leader.timeout = 300s (custom)
2023-03-09 14:58:18,128 [pool-102-thread-1] INFO  server.RaftServerConfigKeys (ConfUtils.java:logGet(46)) - raft.server.retrycache.expirytime = 600000ms (custom)
2023-03-09 14:58:18,128 [pool-102-thread-1] INFO  server.RaftServerConfigKeys (ConfUtils.java:logGet(46)) - raft.server.retrycache.statistics.expirytime = 100μs (default)
2023-03-09 14:58:18,129 [pool-102-thread-1] INFO  server.RaftServerConfigKeys (ConfUtils.java:logGet(46)) - raft.server.log.appender.install.snapshot.enabled = false (custom)
2023-03-09 14:58:18,129 [pool-102-thread-1] INFO  server.RaftServerConfigKeys (ConfUtils.java:logGet(46)) - raft.server.threadpool.server.cached = true (default)
2023-03-09 14:58:18,129 [pool-102-thread-1] INFO  server.RaftServerConfigKeys (ConfUtils.java:logGet(46)) - raft.server.threadpool.server.size = 0 (default)
2023-03-09 14:58:18,129 [pool-102-thread-1] INFO  server.RaftServerConfigKeys (ConfUtils.java:logGet(46)) - raft.server.threadpool.client.cached = true (default)
2023-03-09 14:58:18,129 [pool-102-thread-1] INFO  server.RaftServerConfigKeys (ConfUtils.java:logGet(46)) - raft.server.threadpool.client.size = 0 (default)
2023-03-09 14:58:18,130 [pool-102-thread-1] INFO  storage.RaftStorageDirectory (RaftStorageDirectoryImpl.java:analyzeStorage(137)) - The storage directory /home/runner/work/ozone/ozone/hadoop-ozone/integration-test/target/test-dir/MiniOzoneClusterImpl-e86c7e49-e04f-4606-8b16-8d18ad715950/datanode-1/data/ratis/a417e7bd-d0a1-44e2-96ee-3cb6e2304b87 does not exist. Creating ...
2023-03-09 14:58:18,131 [pool-80-thread-1] INFO  storage.RaftStorageDirectory (RaftStorageDirectoryImpl.java:tryLock(231)) - Lock on /home/runner/work/ozone/ozone/hadoop-ozone/integration-test/target/test-dir/MiniOzoneClusterImpl-e86c7e49-e04f-4606-8b16-8d18ad715950/datanode-0/data/ratis/a417e7bd-d0a1-44e2-96ee-3cb6e2304b87/in_use.lock acquired by nodename 57158@fv-az377-502
2023-03-09 14:58:18,135 [pool-102-thread-1] INFO  storage.RaftStorageDirectory (RaftStorageDirectoryImpl.java:tryLock(231)) - Lock on /home/runner/work/ozone/ozone/hadoop-ozone/integration-test/target/test-dir/MiniOzoneClusterImpl-e86c7e49-e04f-4606-8b16-8d18ad715950/datanode-1/data/ratis/a417e7bd-d0a1-44e2-96ee-3cb6e2304b87/in_use.lock acquired by nodename 57158@fv-az377-502
2023-03-09 14:58:18,137 [pool-102-thread-1] INFO  storage.RaftStorage (RaftStorageImpl.java:format(96)) - Storage directory /home/runner/work/ozone/ozone/hadoop-ozone/integration-test/target/test-dir/MiniOzoneClusterImpl-e86c7e49-e04f-4606-8b16-8d18ad715950/datanode-1/data/ratis/a417e7bd-d0a1-44e2-96ee-3cb6e2304b87 has been successfully formatted.
2023-03-09 14:58:18,137 [pool-80-thread-1] INFO  storage.RaftStorage (RaftStorageImpl.java:format(96)) - Storage directory /home/runner/work/ozone/ozone/hadoop-ozone/integration-test/target/test-dir/MiniOzoneClusterImpl-e86c7e49-e04f-4606-8b16-8d18ad715950/datanode-0/data/ratis/a417e7bd-d0a1-44e2-96ee-3cb6e2304b87 has been successfully formatted.
2023-03-09 14:58:18,138 [pool-80-thread-1] INFO  ratis.ContainerStateMachine (ContainerStateMachine.java:loadSnapshot(240)) - group-3CB6E2304B87: The snapshot info is null. Setting the last applied indexto:(t:0, i:~)
2023-03-09 14:58:18,139 [pool-80-thread-1] INFO  server.RaftServerConfigKeys (ConfUtils.java:logGet(46)) - raft.server.log.use.memory = false (default)
2023-03-09 14:58:18,139 [pool-80-thread-1] INFO  server.RaftServerConfigKeys (ConfUtils.java:logGet(46)) - raft.server.log.purge.gap = 1000000 (custom)
2023-03-09 14:58:18,139 [pool-80-thread-1] INFO  server.RaftServerConfigKeys (ConfUtils.java:logGet(46)) - raft.server.log.appender.buffer.byte-limit = 33554432 (custom)
2023-03-09 14:58:18,139 [pool-80-thread-1] INFO  server.RaftServerConfigKeys (ConfUtils.java:logGet(46)) - raft.server.log.statemachine.data.read.timeout = 1000ms (default)
2023-03-09 14:58:18,139 [pool-80-thread-1] INFO  server.RaftServerConfigKeys (ConfUtils.java:logGet(46)) - raft.server.log.purge.preservation.log.num = 0 (default)
2023-03-09 14:58:18,139 [pool-80-thread-1] INFO  server.RaftServerConfigKeys (ConfUtils.java:logGet(46)) - raft.server.log.segment.size.max = 1048576 (custom)
2023-03-09 14:58:18,140 [pool-80-thread-1] INFO  server.RaftServerConfigKeys (ConfUtils.java:logGet(46)) - raft.server.log.segment.cache.num.max = 2 (custom)
2023-03-09 14:58:18,140 [pool-80-thread-1] INFO  server.RaftServerConfigKeys (ConfUtils.java:logGet(46)) - raft.server.log.segment.cache.size.max = 200MB (=209715200) (default)
2023-03-09 14:58:18,140 [pool-80-thread-1] INFO  segmented.SegmentedRaftLogWorker (SegmentedRaftLogWorker.java:<init>(189)) - new 9c2028ec-eae4-47ee-99aa-bca7ce936f50@group-3CB6E2304B87-SegmentedRaftLogWorker for RaftStorageImpl:Storage Directory /home/runner/work/ozone/ozone/hadoop-ozone/integration-test/target/test-dir/MiniOzoneClusterImpl-e86c7e49-e04f-4606-8b16-8d18ad715950/datanode-0/data/ratis/a417e7bd-d0a1-44e2-96ee-3cb6e2304b87
2023-03-09 14:58:18,140 [pool-80-thread-1] INFO  server.RaftServerConfigKeys (ConfUtils.java:logGet(46)) - raft.server.log.queue.byte-limit = 4294967296 (custom)
2023-03-09 14:58:18,140 [pool-80-thread-1] INFO  server.RaftServerConfigKeys (ConfUtils.java:logGet(46)) - raft.server.log.queue.element-limit = 1024 (custom)
2023-03-09 14:58:18,140 [pool-80-thread-1] INFO  server.RaftServerConfigKeys (ConfUtils.java:logGet(46)) - raft.server.log.segment.size.max = 1048576 (custom)
2023-03-09 14:58:18,140 [pool-80-thread-1] INFO  server.RaftServerConfigKeys (ConfUtils.java:logGet(46)) - raft.server.log.preallocated.size = 16384 (custom)
2023-03-09 14:58:18,140 [pool-80-thread-1] INFO  server.RaftServerConfigKeys (ConfUtils.java:logGet(46)) - raft.server.log.force.sync.num = 128 (default)
2023-03-09 14:58:18,140 [pool-80-thread-1] INFO  server.RaftServerConfigKeys (ConfUtils.java:logGet(46)) - raft.server.log.statemachine.data.sync = true (default)
2023-03-09 14:58:18,140 [pool-80-thread-1] INFO  server.RaftServerConfigKeys (ConfUtils.java:logGet(46)) - raft.server.log.statemachine.data.sync.timeout = 10s (default)
2023-03-09 14:58:18,141 [pool-80-thread-1] INFO  server.RaftServerConfigKeys (ConfUtils.java:logGet(46)) - raft.server.log.statemachine.data.sync.timeout.retry = -1 (default)
2023-03-09 14:58:18,141 [pool-80-thread-1] INFO  server.RaftServerConfigKeys (ConfUtils.java:logGet(46)) - raft.server.log.write.buffer.size = 1048576 (custom)
2023-03-09 14:58:18,142 [pool-102-thread-1] INFO  ratis.ContainerStateMachine (ContainerStateMachine.java:loadSnapshot(240)) - group-3CB6E2304B87: The snapshot info is null. Setting the last applied indexto:(t:0, i:~)
2023-03-09 14:58:18,143 [pool-102-thread-1] INFO  server.RaftServerConfigKeys (ConfUtils.java:logGet(46)) - raft.server.log.use.memory = false (default)
2023-03-09 14:58:18,143 [pool-102-thread-1] INFO  server.RaftServerConfigKeys (ConfUtils.java:logGet(46)) - raft.server.log.purge.gap = 1000000 (custom)
2023-03-09 14:58:18,143 [pool-102-thread-1] INFO  server.RaftServerConfigKeys (ConfUtils.java:logGet(46)) - raft.server.log.appender.buffer.byte-limit = 33554432 (custom)
2023-03-09 14:58:18,143 [pool-102-thread-1] INFO  server.RaftServerConfigKeys (ConfUtils.java:logGet(46)) - raft.server.log.statemachine.data.read.timeout = 1000ms (default)
2023-03-09 14:58:18,143 [pool-102-thread-1] INFO  server.RaftServerConfigKeys (ConfUtils.java:logGet(46)) - raft.server.log.purge.preservation.log.num = 0 (default)
2023-03-09 14:58:18,143 [pool-102-thread-1] INFO  server.RaftServerConfigKeys (ConfUtils.java:logGet(46)) - raft.server.log.segment.size.max = 1048576 (custom)
2023-03-09 14:58:18,143 [pool-102-thread-1] INFO  server.RaftServerConfigKeys (ConfUtils.java:logGet(46)) - raft.server.log.segment.cache.num.max = 2 (custom)
2023-03-09 14:58:18,144 [pool-102-thread-1] INFO  server.RaftServerConfigKeys (ConfUtils.java:logGet(46)) - raft.server.log.segment.cache.size.max = 200MB (=209715200) (default)
2023-03-09 14:58:18,144 [pool-102-thread-1] INFO  segmented.SegmentedRaftLogWorker (SegmentedRaftLogWorker.java:<init>(189)) - new 8bafe227-ab53-47f4-b02f-6ec7cb40a7a2@group-3CB6E2304B87-SegmentedRaftLogWorker for RaftStorageImpl:Storage Directory /home/runner/work/ozone/ozone/hadoop-ozone/integration-test/target/test-dir/MiniOzoneClusterImpl-e86c7e49-e04f-4606-8b16-8d18ad715950/datanode-1/data/ratis/a417e7bd-d0a1-44e2-96ee-3cb6e2304b87
2023-03-09 14:58:18,144 [pool-102-thread-1] INFO  server.RaftServerConfigKeys (ConfUtils.java:logGet(46)) - raft.server.log.queue.byte-limit = 4294967296 (custom)
2023-03-09 14:58:18,144 [pool-102-thread-1] INFO  server.RaftServerConfigKeys (ConfUtils.java:logGet(46)) - raft.server.log.queue.element-limit = 1024 (custom)
2023-03-09 14:58:18,144 [pool-102-thread-1] INFO  server.RaftServerConfigKeys (ConfUtils.java:logGet(46)) - raft.server.log.segment.size.max = 1048576 (custom)
2023-03-09 14:58:18,144 [pool-102-thread-1] INFO  server.RaftServerConfigKeys (ConfUtils.java:logGet(46)) - raft.server.log.preallocated.size = 16384 (custom)
2023-03-09 14:58:18,144 [pool-102-thread-1] INFO  server.RaftServerConfigKeys (ConfUtils.java:logGet(46)) - raft.server.log.force.sync.num = 128 (default)
2023-03-09 14:58:18,144 [pool-102-thread-1] INFO  server.RaftServerConfigKeys (ConfUtils.java:logGet(46)) - raft.server.log.statemachine.data.sync = true (default)
2023-03-09 14:58:18,144 [pool-102-thread-1] INFO  server.RaftServerConfigKeys (ConfUtils.java:logGet(46)) - raft.server.log.statemachine.data.sync.timeout = 10s (default)
2023-03-09 14:58:18,144 [pool-102-thread-1] INFO  server.RaftServerConfigKeys (ConfUtils.java:logGet(46)) - raft.server.log.statemachine.data.sync.timeout.retry = -1 (default)
2023-03-09 14:58:18,145 [pool-102-thread-1] INFO  server.RaftServerConfigKeys (ConfUtils.java:logGet(46)) - raft.server.log.write.buffer.size = 1048576 (custom)
2023-03-09 14:58:18,146 [pool-80-thread-1] INFO  server.RaftServerConfigKeys (ConfUtils.java:logGet(46)) - raft.server.log.appender.buffer.byte-limit = 33554432 (custom)
2023-03-09 14:58:18,156 [pool-102-thread-1] INFO  server.RaftServerConfigKeys (ConfUtils.java:logGet(46)) - raft.server.log.appender.buffer.byte-limit = 33554432 (custom)
2023-03-09 14:58:18,164 [pool-102-thread-1] INFO  server.RaftServerConfigKeys (ConfUtils.java:logGet(46)) - raft.server.log.unsafe-flush.enabled = false (default)
2023-03-09 14:58:18,164 [pool-102-thread-1] INFO  server.RaftServerConfigKeys (ConfUtils.java:logGet(46)) - raft.server.log.async-flush.enabled = false (default)
2023-03-09 14:58:18,165 [pool-102-thread-1] INFO  server.RaftServerConfigKeys (ConfUtils.java:logGet(46)) - raft.server.log.statemachine.data.caching.enabled = true (custom)
2023-03-09 14:58:18,165 [pool-102-thread-1] INFO  segmented.SegmentedRaftLogWorker (SegmentedRaftLogWorker.java:lambda$new$0(135)) - 8bafe227-ab53-47f4-b02f-6ec7cb40a7a2@group-3CB6E2304B87-SegmentedRaftLogWorker: flushIndex: setUnconditionally 0 -> -1
2023-03-09 14:58:18,165 [pool-102-thread-1] INFO  segmented.SegmentedRaftLogWorker (SegmentedRaftLogWorker.java:lambda$new$0(135)) - 8bafe227-ab53-47f4-b02f-6ec7cb40a7a2@group-3CB6E2304B87-SegmentedRaftLogWorker: safeCacheEvictIndex: setUnconditionally 0 -> -1
2023-03-09 14:58:18,165 [pool-80-thread-1] INFO  server.RaftServerConfigKeys (ConfUtils.java:logGet(46)) - raft.server.log.unsafe-flush.enabled = false (default)
2023-03-09 14:58:18,165 [pool-80-thread-1] INFO  server.RaftServerConfigKeys (ConfUtils.java:logGet(46)) - raft.server.log.async-flush.enabled = false (default)
2023-03-09 14:58:18,165 [pool-80-thread-1] INFO  server.RaftServerConfigKeys (ConfUtils.java:logGet(46)) - raft.server.log.statemachine.data.caching.enabled = true (custom)
2023-03-09 14:58:18,166 [pool-80-thread-1] INFO  segmented.SegmentedRaftLogWorker (SegmentedRaftLogWorker.java:lambda$new$0(135)) - 9c2028ec-eae4-47ee-99aa-bca7ce936f50@group-3CB6E2304B87-SegmentedRaftLogWorker: flushIndex: setUnconditionally 0 -> -1
2023-03-09 14:58:18,166 [pool-80-thread-1] INFO  segmented.SegmentedRaftLogWorker (SegmentedRaftLogWorker.java:lambda$new$0(135)) - 9c2028ec-eae4-47ee-99aa-bca7ce936f50@group-3CB6E2304B87-SegmentedRaftLogWorker: safeCacheEvictIndex: setUnconditionally 0 -> -1
2023-03-09 14:58:18,166 [pool-80-thread-1] INFO  server.RaftServer$Division (RaftServerImpl.java:start(334)) - 9c2028ec-eae4-47ee-99aa-bca7ce936f50@group-3CB6E2304B87: start as a follower, conf=-1: peers:[8bafe227-ab53-47f4-b02f-6ec7cb40a7a2|rpc:127.0.0.1:43633|dataStream:127.0.0.1:38373|priority:1|startupRole:FOLLOWER, 9c2028ec-eae4-47ee-99aa-bca7ce936f50|rpc:127.0.0.1:35725|dataStream:127.0.0.1:38891|priority:0|startupRole:FOLLOWER, 7cc8348c-25f7-4abd-9a5e-53969841dd44|rpc:127.0.0.1:44627|dataStream:127.0.0.1:32895|priority:0|startupRole:FOLLOWER]|listeners:[], old=null
2023-03-09 14:58:18,166 [pool-80-thread-1] INFO  server.RaftServer$Division (RaftServerImpl.java:setRole(321)) - 9c2028ec-eae4-47ee-99aa-bca7ce936f50@group-3CB6E2304B87: changes role from      null to FOLLOWER at term 0 for startAsFollower
2023-03-09 14:58:18,166 [pool-80-thread-1] INFO  impl.RoleInfo (RoleInfo.java:updateAndGet(139)) - 9c2028ec-eae4-47ee-99aa-bca7ce936f50: start 9c2028ec-eae4-47ee-99aa-bca7ce936f50@group-3CB6E2304B87-FollowerState
2023-03-09 14:58:18,167 [pool-80-thread-1] INFO  util.JmxRegister (JmxRegister.java:tryRegister(44)) - Successfully registered JMX Bean with object name Ratis:service=RaftServer,group=group-3CB6E2304B87,id=9c2028ec-eae4-47ee-99aa-bca7ce936f50
2023-03-09 14:58:18,167 [pool-80-thread-1] INFO  server.RaftServerConfigKeys (ConfUtils.java:logGet(46)) - raft.server.snapshot.auto.trigger.enabled = true (custom)
2023-03-09 14:58:18,167 [pool-80-thread-1] INFO  server.RaftServerConfigKeys (ConfUtils.java:logGet(46)) - raft.server.snapshot.auto.trigger.threshold = 10000 (custom)
2023-03-09 14:58:18,167 [pool-80-thread-1] INFO  server.RaftServerConfigKeys (ConfUtils.java:logGet(46)) - raft.server.snapshot.retention.file.num = 5 (custom)
2023-03-09 14:58:18,167 [pool-80-thread-1] INFO  server.RaftServerConfigKeys (ConfUtils.java:logGet(46)) - raft.server.log.purge.upto.snapshot.index = false (default)
2023-03-09 14:58:18,168 [9c2028ec-eae4-47ee-99aa-bca7ce936f50@group-3CB6E2304B87-FollowerState] INFO  server.RaftServerConfigKeys (ConfUtils.java:logFallback(53)) - raft.server.rpc.first-election.timeout.min = 5s (fallback to raft.server.rpc.timeout.min)
2023-03-09 14:58:18,170 [9c2028ec-eae4-47ee-99aa-bca7ce936f50@group-3CB6E2304B87-FollowerState] INFO  server.RaftServerConfigKeys (ConfUtils.java:logFallback(53)) - raft.server.rpc.first-election.timeout.max = 5200ms (fallback to raft.server.rpc.timeout.max)
2023-03-09 14:58:18,165 [pool-102-thread-1] INFO  server.RaftServer$Division (RaftServerImpl.java:start(334)) - 8bafe227-ab53-47f4-b02f-6ec7cb40a7a2@group-3CB6E2304B87: start as a follower, conf=-1: peers:[8bafe227-ab53-47f4-b02f-6ec7cb40a7a2|rpc:127.0.0.1:43633|dataStream:127.0.0.1:38373|priority:1|startupRole:FOLLOWER, 9c2028ec-eae4-47ee-99aa-bca7ce936f50|rpc:127.0.0.1:35725|dataStream:127.0.0.1:38891|priority:0|startupRole:FOLLOWER, 7cc8348c-25f7-4abd-9a5e-53969841dd44|rpc:127.0.0.1:44627|dataStream:127.0.0.1:32895|priority:0|startupRole:FOLLOWER]|listeners:[], old=null
2023-03-09 14:58:18,168 [EventQueue-OpenPipelineForHealthyPipelineSafeModeRule] INFO  safemode.SCMSafeModeManager (HealthyPipelineSafeModeRule.java:process(137)) - SCM in safe mode. Healthy pipelines reported count is 0, required healthy pipeline reported count is 1
2023-03-09 14:58:18,171 [pool-102-thread-1] INFO  server.RaftServer$Division (RaftServerImpl.java:setRole(321)) - 8bafe227-ab53-47f4-b02f-6ec7cb40a7a2@group-3CB6E2304B87: changes role from      null to FOLLOWER at term 0 for startAsFollower
2023-03-09 14:58:18,172 [pool-102-thread-1] INFO  impl.RoleInfo (RoleInfo.java:updateAndGet(139)) - 8bafe227-ab53-47f4-b02f-6ec7cb40a7a2: start 8bafe227-ab53-47f4-b02f-6ec7cb40a7a2@group-3CB6E2304B87-FollowerState
2023-03-09 14:58:18,168 [Command processor thread] INFO  ratis.XceiverServerRatis (XceiverServerRatis.java:addGroup(807)) - Created group PipelineID=a417e7bd-d0a1-44e2-96ee-3cb6e2304b87
2023-03-09 14:58:18,172 [EventQueue-OpenPipelineForHealthyPipelineSafeModeRule] INFO  safemode.SCMSafeModeManager (HealthyPipelineSafeModeRule.java:process(137)) - SCM in safe mode. Healthy pipelines reported count is 0, required healthy pipeline reported count is 1
2023-03-09 14:58:18,179 [pool-102-thread-1] INFO  util.JmxRegister (JmxRegister.java:tryRegister(44)) - Successfully registered JMX Bean with object name Ratis:service=RaftServer,group=group-3CB6E2304B87,id=8bafe227-ab53-47f4-b02f-6ec7cb40a7a2
2023-03-09 14:58:18,179 [pool-102-thread-1] INFO  server.RaftServerConfigKeys (ConfUtils.java:logGet(46)) - raft.server.snapshot.auto.trigger.enabled = true (custom)
2023-03-09 14:58:18,179 [pool-102-thread-1] INFO  server.RaftServerConfigKeys (ConfUtils.java:logGet(46)) - raft.server.snapshot.auto.trigger.threshold = 10000 (custom)
2023-03-09 14:58:18,179 [pool-102-thread-1] INFO  server.RaftServerConfigKeys (ConfUtils.java:logGet(46)) - raft.server.snapshot.retention.file.num = 5 (custom)
2023-03-09 14:58:18,180 [pool-102-thread-1] INFO  server.RaftServerConfigKeys (ConfUtils.java:logGet(46)) - raft.server.log.purge.upto.snapshot.index = false (default)
2023-03-09 14:58:18,180 [8bafe227-ab53-47f4-b02f-6ec7cb40a7a2@group-3CB6E2304B87-FollowerState] INFO  server.RaftServerConfigKeys (ConfUtils.java:logFallback(53)) - raft.server.rpc.first-election.timeout.min = 5s (fallback to raft.server.rpc.timeout.min)
2023-03-09 14:58:18,181 [8bafe227-ab53-47f4-b02f-6ec7cb40a7a2@group-3CB6E2304B87-FollowerState] INFO  server.RaftServerConfigKeys (ConfUtils.java:logFallback(53)) - raft.server.rpc.first-election.timeout.max = 5200ms (fallback to raft.server.rpc.timeout.max)
2023-03-09 14:58:18,181 [Command processor thread] INFO  ratis.XceiverServerRatis (XceiverServerRatis.java:addGroup(807)) - Created group PipelineID=a417e7bd-d0a1-44e2-96ee-3cb6e2304b87
2023-03-09 14:58:18,313 [Command processor thread] INFO  commandhandler.CreatePipelineCommandHandler (CreatePipelineCommandHandler.java:handle(113)) - Created Pipeline RATIS THREE PipelineID=a417e7bd-d0a1-44e2-96ee-3cb6e2304b87.
2023-03-09 14:58:18,314 [Command processor thread] INFO  commandhandler.CreatePipelineCommandHandler (CreatePipelineCommandHandler.java:handle(113)) - Created Pipeline RATIS THREE PipelineID=a417e7bd-d0a1-44e2-96ee-3cb6e2304b87.
2023-03-09 14:58:18,333 [Command processor thread] INFO  commandhandler.CreatePipelineCommandHandler (CreatePipelineCommandHandler.java:handle(113)) - Created Pipeline RATIS THREE PipelineID=a417e7bd-d0a1-44e2-96ee-3cb6e2304b87.
2023-03-09 14:58:19,091 [Listener at 127.0.0.1/39405] INFO  ozone.MiniOzoneClusterImpl (MiniOzoneClusterImpl.java:lambda$waitForClusterToBeReady$0(218)) - Nodes are ready. Got 3 of 3 DN Heartbeats.
2023-03-09 14:58:19,091 [Listener at 127.0.0.1/39405] INFO  ozone.MiniOzoneClusterImpl (MiniOzoneClusterImpl.java:lambda$waitForClusterToBeReady$0(221)) - Waiting for cluster to exit safe mode
2023-03-09 14:58:19,091 [Listener at 127.0.0.1/39405] INFO  ozone.MiniOzoneClusterImpl (MiniOzoneClusterImpl.java:lambda$waitForClusterToBeReady$0(223)) - SCM became leader
2023-03-09 14:58:20,091 [Listener at 127.0.0.1/39405] INFO  ozone.MiniOzoneClusterImpl (MiniOzoneClusterImpl.java:lambda$waitForClusterToBeReady$0(218)) - Nodes are ready. Got 3 of 3 DN Heartbeats.
2023-03-09 14:58:20,092 [Listener at 127.0.0.1/39405] INFO  ozone.MiniOzoneClusterImpl (MiniOzoneClusterImpl.java:lambda$waitForClusterToBeReady$0(221)) - Waiting for cluster to exit safe mode
2023-03-09 14:58:20,092 [Listener at 127.0.0.1/39405] INFO  ozone.MiniOzoneClusterImpl (MiniOzoneClusterImpl.java:lambda$waitForClusterToBeReady$0(223)) - SCM became leader
2023-03-09 14:58:21,092 [Listener at 127.0.0.1/39405] INFO  ozone.MiniOzoneClusterImpl (MiniOzoneClusterImpl.java:lambda$waitForClusterToBeReady$0(218)) - Nodes are ready. Got 3 of 3 DN Heartbeats.
2023-03-09 14:58:21,093 [Listener at 127.0.0.1/39405] INFO  ozone.MiniOzoneClusterImpl (MiniOzoneClusterImpl.java:lambda$waitForClusterToBeReady$0(221)) - Waiting for cluster to exit safe mode
2023-03-09 14:58:21,093 [Listener at 127.0.0.1/39405] INFO  ozone.MiniOzoneClusterImpl (MiniOzoneClusterImpl.java:lambda$waitForClusterToBeReady$0(223)) - SCM became leader
2023-03-09 14:58:22,093 [Listener at 127.0.0.1/39405] INFO  ozone.MiniOzoneClusterImpl (MiniOzoneClusterImpl.java:lambda$waitForClusterToBeReady$0(218)) - Nodes are ready. Got 3 of 3 DN Heartbeats.
2023-03-09 14:58:22,094 [Listener at 127.0.0.1/39405] INFO  ozone.MiniOzoneClusterImpl (MiniOzoneClusterImpl.java:lambda$waitForClusterToBeReady$0(221)) - Waiting for cluster to exit safe mode
2023-03-09 14:58:22,094 [Listener at 127.0.0.1/39405] INFO  ozone.MiniOzoneClusterImpl (MiniOzoneClusterImpl.java:lambda$waitForClusterToBeReady$0(223)) - SCM became leader
2023-03-09 14:58:22,343 [9c2028ec-eae4-47ee-99aa-bca7ce936f50@group-8B6815A740CC-FollowerState] INFO  impl.FollowerState (FollowerState.java:run(143)) - 9c2028ec-eae4-47ee-99aa-bca7ce936f50@group-8B6815A740CC-FollowerState: change to CANDIDATE, lastRpcElapsedTime:5100261498ns, electionTimeout:5083ms
2023-03-09 14:58:22,343 [9c2028ec-eae4-47ee-99aa-bca7ce936f50@group-8B6815A740CC-FollowerState] INFO  impl.RoleInfo (RoleInfo.java:shutdownFollowerState(110)) - 9c2028ec-eae4-47ee-99aa-bca7ce936f50: shutdown 9c2028ec-eae4-47ee-99aa-bca7ce936f50@group-8B6815A740CC-FollowerState
2023-03-09 14:58:22,343 [9c2028ec-eae4-47ee-99aa-bca7ce936f50@group-8B6815A740CC-FollowerState] INFO  server.RaftServer$Division (RaftServerImpl.java:setRole(321)) - 9c2028ec-eae4-47ee-99aa-bca7ce936f50@group-8B6815A740CC: changes role from  FOLLOWER to CANDIDATE at term 0 for changeToCandidate
2023-03-09 14:58:22,345 [9c2028ec-eae4-47ee-99aa-bca7ce936f50@group-8B6815A740CC-FollowerState] INFO  server.RaftServerConfigKeys (ConfUtils.java:logGet(46)) - raft.server.leaderelection.pre-vote = true (default)
2023-03-09 14:58:22,346 [9c2028ec-eae4-47ee-99aa-bca7ce936f50@group-8B6815A740CC-FollowerState] INFO  impl.RoleInfo (RoleInfo.java:updateAndGet(139)) - 9c2028ec-eae4-47ee-99aa-bca7ce936f50: start 9c2028ec-eae4-47ee-99aa-bca7ce936f50@group-8B6815A740CC-LeaderElection4
2023-03-09 14:58:22,348 [9c2028ec-eae4-47ee-99aa-bca7ce936f50@group-8B6815A740CC-LeaderElection4] INFO  impl.LeaderElection (LeaderElection.java:askForVotes(312)) - 9c2028ec-eae4-47ee-99aa-bca7ce936f50@group-8B6815A740CC-LeaderElection4 PRE_VOTE round 0: submit vote requests at term 0 for -1: peers:[8bafe227-ab53-47f4-b02f-6ec7cb40a7a2|rpc:127.0.0.1:43633|dataStream:127.0.0.1:38373|priority:0|startupRole:FOLLOWER, 9c2028ec-eae4-47ee-99aa-bca7ce936f50|rpc:127.0.0.1:35725|dataStream:127.0.0.1:38891|priority:0|startupRole:FOLLOWER, 7cc8348c-25f7-4abd-9a5e-53969841dd44|rpc:127.0.0.1:44627|dataStream:127.0.0.1:32895|priority:1|startupRole:FOLLOWER]|listeners:[], old=null
2023-03-09 14:58:22,349 [9c2028ec-eae4-47ee-99aa-bca7ce936f50@group-A0AD4C07BA3C-FollowerState] INFO  impl.FollowerState (FollowerState.java:run(143)) - 9c2028ec-eae4-47ee-99aa-bca7ce936f50@group-A0AD4C07BA3C-FollowerState: change to CANDIDATE, lastRpcElapsedTime:5162257320ns, electionTimeout:5161ms
2023-03-09 14:58:22,349 [9c2028ec-eae4-47ee-99aa-bca7ce936f50@group-A0AD4C07BA3C-FollowerState] INFO  impl.RoleInfo (RoleInfo.java:shutdownFollowerState(110)) - 9c2028ec-eae4-47ee-99aa-bca7ce936f50: shutdown 9c2028ec-eae4-47ee-99aa-bca7ce936f50@group-A0AD4C07BA3C-FollowerState
2023-03-09 14:58:22,349 [9c2028ec-eae4-47ee-99aa-bca7ce936f50@group-A0AD4C07BA3C-FollowerState] INFO  server.RaftServer$Division (RaftServerImpl.java:setRole(321)) - 9c2028ec-eae4-47ee-99aa-bca7ce936f50@group-A0AD4C07BA3C: changes role from  FOLLOWER to CANDIDATE at term 0 for changeToCandidate
2023-03-09 14:58:22,349 [9c2028ec-eae4-47ee-99aa-bca7ce936f50@group-A0AD4C07BA3C-FollowerState] INFO  server.RaftServerConfigKeys (ConfUtils.java:logGet(46)) - raft.server.leaderelection.pre-vote = true (default)
2023-03-09 14:58:22,349 [9c2028ec-eae4-47ee-99aa-bca7ce936f50@group-A0AD4C07BA3C-FollowerState] INFO  impl.RoleInfo (RoleInfo.java:updateAndGet(139)) - 9c2028ec-eae4-47ee-99aa-bca7ce936f50: start 9c2028ec-eae4-47ee-99aa-bca7ce936f50@group-A0AD4C07BA3C-LeaderElection5
2023-03-09 14:58:22,359 [9c2028ec-eae4-47ee-99aa-bca7ce936f50@group-A0AD4C07BA3C-LeaderElection5] INFO  impl.LeaderElection (LeaderElection.java:askForVotes(312)) - 9c2028ec-eae4-47ee-99aa-bca7ce936f50@group-A0AD4C07BA3C-LeaderElection5 PRE_VOTE round 0: submit vote requests at term 0 for -1: peers:[9c2028ec-eae4-47ee-99aa-bca7ce936f50|rpc:127.0.0.1:35725|dataStream:127.0.0.1:38891|priority:1|startupRole:FOLLOWER]|listeners:[], old=null
2023-03-09 14:58:22,366 [9c2028ec-eae4-47ee-99aa-bca7ce936f50@group-A0AD4C07BA3C-LeaderElection5] INFO  impl.LeaderElection (LeaderElection.java:askForVotes(314)) - 9c2028ec-eae4-47ee-99aa-bca7ce936f50@group-A0AD4C07BA3C-LeaderElection5 PRE_VOTE round 0: result PASSED (term=0)
2023-03-09 14:58:22,369 [9c2028ec-eae4-47ee-99aa-bca7ce936f50@group-A0AD4C07BA3C-LeaderElection5] INFO  impl.LeaderElection (LeaderElection.java:askForVotes(312)) - 9c2028ec-eae4-47ee-99aa-bca7ce936f50@group-A0AD4C07BA3C-LeaderElection5 ELECTION round 0: submit vote requests at term 1 for -1: peers:[9c2028ec-eae4-47ee-99aa-bca7ce936f50|rpc:127.0.0.1:35725|dataStream:127.0.0.1:38891|priority:1|startupRole:FOLLOWER]|listeners:[], old=null
2023-03-09 14:58:22,369 [9c2028ec-eae4-47ee-99aa-bca7ce936f50@group-A0AD4C07BA3C-LeaderElection5] INFO  impl.LeaderElection (LeaderElection.java:askForVotes(314)) - 9c2028ec-eae4-47ee-99aa-bca7ce936f50@group-A0AD4C07BA3C-LeaderElection5 ELECTION round 0: result PASSED (term=1)
2023-03-09 14:58:22,369 [9c2028ec-eae4-47ee-99aa-bca7ce936f50@group-A0AD4C07BA3C-LeaderElection5] INFO  impl.RoleInfo (RoleInfo.java:shutdownLeaderElection(130)) - 9c2028ec-eae4-47ee-99aa-bca7ce936f50: shutdown 9c2028ec-eae4-47ee-99aa-bca7ce936f50@group-A0AD4C07BA3C-LeaderElection5
2023-03-09 14:58:22,369 [9c2028ec-eae4-47ee-99aa-bca7ce936f50@group-A0AD4C07BA3C-LeaderElection5] INFO  server.RaftServer$Division (RaftServerImpl.java:setRole(321)) - 9c2028ec-eae4-47ee-99aa-bca7ce936f50@group-A0AD4C07BA3C: changes role from CANDIDATE to LEADER at term 1 for changeToLeader
2023-03-09 14:58:22,369 [9c2028ec-eae4-47ee-99aa-bca7ce936f50@group-A0AD4C07BA3C-LeaderElection5] INFO  ratis.XceiverServerRatis (XceiverServerRatis.java:handleLeaderChangedNotification(905)) - Leader change notification received for group: group-A0AD4C07BA3C with new leaderId: 9c2028ec-eae4-47ee-99aa-bca7ce936f50
2023-03-09 14:58:22,369 [9c2028ec-eae4-47ee-99aa-bca7ce936f50@group-A0AD4C07BA3C-LeaderElection5] INFO  server.RaftServer$Division (ServerState.java:setLeader(313)) - 9c2028ec-eae4-47ee-99aa-bca7ce936f50@group-A0AD4C07BA3C: change Leader from null to 9c2028ec-eae4-47ee-99aa-bca7ce936f50 at term 1 for becomeLeader, leader elected after 5251ms
2023-03-09 14:58:22,369 [9c2028ec-eae4-47ee-99aa-bca7ce936f50@group-A0AD4C07BA3C-LeaderElection5] INFO  server.RaftServerConfigKeys (ConfUtils.java:logGet(46)) - raft.server.staging.catchup.gap = 1000 (default)
2023-03-09 14:58:22,373 [EventQueue-OpenPipelineForHealthyPipelineSafeModeRule] INFO  safemode.SCMSafeModeManager (HealthyPipelineSafeModeRule.java:process(137)) - SCM in safe mode. Healthy pipelines reported count is 0, required healthy pipeline reported count is 1
2023-03-09 14:58:22,373 [9c2028ec-eae4-47ee-99aa-bca7ce936f50@group-A0AD4C07BA3C-LeaderElection5] INFO  server.RaftServerConfigKeys (ConfUtils.java:logGet(46)) - raft.server.write.element-limit = 1024 (custom)
2023-03-09 14:58:22,375 [9c2028ec-eae4-47ee-99aa-bca7ce936f50@group-A0AD4C07BA3C-LeaderElection5] INFO  server.RaftServerConfigKeys (ConfUtils.java:logGet(46)) - raft.server.write.byte-limit = 1024 M (=1073741824) (custom)
2023-03-09 14:58:22,376 [9c2028ec-eae4-47ee-99aa-bca7ce936f50@group-8B6815A740CC-LeaderElection4-1] INFO  server.GrpcServerProtocolClient (GrpcServerProtocolClient.java:<init>(63)) - Build channel for 8bafe227-ab53-47f4-b02f-6ec7cb40a7a2
2023-03-09 14:58:22,376 [9c2028ec-eae4-47ee-99aa-bca7ce936f50@group-A0AD4C07BA3C-LeaderElection5] INFO  server.RaftServerConfigKeys (ConfUtils.java:logGet(46)) - raft.server.watch.timeout = 180s (custom)
2023-03-09 14:58:22,376 [9c2028ec-eae4-47ee-99aa-bca7ce936f50@group-A0AD4C07BA3C-LeaderElection5] INFO  server.RaftServerConfigKeys (ConfUtils.java:logGet(46)) - raft.server.watch.timeout.denomination = 1s (default)
2023-03-09 14:58:22,376 [9c2028ec-eae4-47ee-99aa-bca7ce936f50@group-A0AD4C07BA3C-LeaderElection5] INFO  server.RaftServerConfigKeys (ConfUtils.java:logGet(46)) - raft.server.watch.element-limit = 65536 (default)
2023-03-09 14:58:22,376 [9c2028ec-eae4-47ee-99aa-bca7ce936f50@group-A0AD4C07BA3C-LeaderElection5] INFO  server.RaftServerConfigKeys (ConfUtils.java:logGet(46)) - raft.server.write.element-limit = 1024 (custom)
2023-03-09 14:58:22,376 [9c2028ec-eae4-47ee-99aa-bca7ce936f50@group-A0AD4C07BA3C-LeaderElection5] INFO  server.RaftServerConfigKeys (ConfUtils.java:logGet(46)) - raft.server.write.follower.gap.ratio.max = -1.0 (default)
2023-03-09 14:58:22,377 [9c2028ec-eae4-47ee-99aa-bca7ce936f50@group-A0AD4C07BA3C-LeaderElection5] INFO  impl.RoleInfo (RoleInfo.java:updateAndGet(139)) - 9c2028ec-eae4-47ee-99aa-bca7ce936f50: start 9c2028ec-eae4-47ee-99aa-bca7ce936f50@group-A0AD4C07BA3C-LeaderStateImpl
2023-03-09 14:58:22,377 [9c2028ec-eae4-47ee-99aa-bca7ce936f50@group-A0AD4C07BA3C-LeaderElection5] INFO  segmented.SegmentedRaftLogWorker (SegmentedRaftLogWorker.java:startLogSegment(452)) - 9c2028ec-eae4-47ee-99aa-bca7ce936f50@group-A0AD4C07BA3C-SegmentedRaftLogWorker: Starting segment from index:0
2023-03-09 14:58:22,380 [9c2028ec-eae4-47ee-99aa-bca7ce936f50@group-8B6815A740CC-LeaderElection4] INFO  server.RaftServerConfigKeys (ConfUtils.java:logFallback(53)) - raft.server.rpc.first-election.timeout.min = 5s (fallback to raft.server.rpc.timeout.min)
2023-03-09 14:58:22,384 [9c2028ec-eae4-47ee-99aa-bca7ce936f50@group-8B6815A740CC-LeaderElection4] INFO  server.RaftServerConfigKeys (ConfUtils.java:logFallback(53)) - raft.server.rpc.first-election.timeout.max = 5200ms (fallback to raft.server.rpc.timeout.max)
2023-03-09 14:58:22,385 [9c2028ec-eae4-47ee-99aa-bca7ce936f50@group-A0AD4C07BA3C-SegmentedRaftLogWorker] INFO  segmented.SegmentedRaftLogWorker (SegmentedRaftLogWorker.java:execute(656)) - 9c2028ec-eae4-47ee-99aa-bca7ce936f50@group-A0AD4C07BA3C-SegmentedRaftLogWorker: created new log segment /home/runner/work/ozone/ozone/hadoop-ozone/integration-test/target/test-dir/MiniOzoneClusterImpl-e86c7e49-e04f-4606-8b16-8d18ad715950/datanode-0/data/ratis/db027398-7b68-4b1c-bffb-a0ad4c07ba3c/current/log_inprogress_0
2023-03-09 14:58:22,380 [9c2028ec-eae4-47ee-99aa-bca7ce936f50@group-8B6815A740CC-LeaderElection4-2] INFO  server.GrpcServerProtocolClient (GrpcServerProtocolClient.java:<init>(63)) - Build channel for 7cc8348c-25f7-4abd-9a5e-53969841dd44
2023-03-09 14:58:22,390 [9c2028ec-eae4-47ee-99aa-bca7ce936f50@group-A0AD4C07BA3C-LeaderElection5] INFO  server.RaftServer$Division (ServerState.java:setRaftConf(430)) - 9c2028ec-eae4-47ee-99aa-bca7ce936f50@group-A0AD4C07BA3C: set configuration 0: peers:[9c2028ec-eae4-47ee-99aa-bca7ce936f50|rpc:127.0.0.1:35725|dataStream:127.0.0.1:38891|priority:1|startupRole:FOLLOWER]|listeners:[], old=null
2023-03-09 14:58:22,417 [grpc-default-executor-2] INFO  server.RaftServer$Division (RaftServerImpl.java:requestVote(1218)) - 8bafe227-ab53-47f4-b02f-6ec7cb40a7a2@group-8B6815A740CC: receive requestVote(PRE_VOTE, 9c2028ec-eae4-47ee-99aa-bca7ce936f50, group-8B6815A740CC, 0, (t:0, i:0))
2023-03-09 14:58:22,420 [grpc-default-executor-2] INFO  impl.VoteContext (VoteContext.java:log(49)) - 8bafe227-ab53-47f4-b02f-6ec7cb40a7a2@group-8B6815A740CC-FOLLOWER: accept PRE_VOTE from 9c2028ec-eae4-47ee-99aa-bca7ce936f50: our priority 0 <= candidate's priority 0
2023-03-09 14:58:22,435 [grpc-default-executor-0] INFO  server.RaftServer$Division (RaftServerImpl.java:requestVote(1218)) - 7cc8348c-25f7-4abd-9a5e-53969841dd44@group-8B6815A740CC: receive requestVote(PRE_VOTE, 9c2028ec-eae4-47ee-99aa-bca7ce936f50, group-8B6815A740CC, 0, (t:0, i:0))
2023-03-09 14:58:22,435 [grpc-default-executor-0] INFO  impl.VoteContext (VoteContext.java:log(49)) - 7cc8348c-25f7-4abd-9a5e-53969841dd44@group-8B6815A740CC-FOLLOWER: reject PRE_VOTE from 9c2028ec-eae4-47ee-99aa-bca7ce936f50: our priority 1 > candidate's priority 0
2023-03-09 14:58:22,436 [grpc-default-executor-0] INFO  server.RaftServer$Division (RaftServerImpl.java:requestVote(1251)) - 7cc8348c-25f7-4abd-9a5e-53969841dd44@group-8B6815A740CC replies to PRE_VOTE vote request: 9c2028ec-eae4-47ee-99aa-bca7ce936f50<-7cc8348c-25f7-4abd-9a5e-53969841dd44#0:FAIL-t0. Peer's state: 7cc8348c-25f7-4abd-9a5e-53969841dd44@group-8B6815A740CC:t0, leader=null, voted=, raftlog=Memoized:7cc8348c-25f7-4abd-9a5e-53969841dd44@group-8B6815A740CC-SegmentedRaftLog:OPENED:c-1, conf=-1: peers:[8bafe227-ab53-47f4-b02f-6ec7cb40a7a2|rpc:127.0.0.1:43633|dataStream:127.0.0.1:38373|priority:0|startupRole:FOLLOWER, 9c2028ec-eae4-47ee-99aa-bca7ce936f50|rpc:127.0.0.1:35725|dataStream:127.0.0.1:38891|priority:0|startupRole:FOLLOWER, 7cc8348c-25f7-4abd-9a5e-53969841dd44|rpc:127.0.0.1:44627|dataStream:127.0.0.1:32895|priority:1|startupRole:FOLLOWER]|listeners:[], old=null
2023-03-09 14:58:22,436 [grpc-default-executor-2] INFO  server.RaftServer$Division (RaftServerImpl.java:requestVote(1251)) - 8bafe227-ab53-47f4-b02f-6ec7cb40a7a2@group-8B6815A740CC replies to PRE_VOTE vote request: 9c2028ec-eae4-47ee-99aa-bca7ce936f50<-8bafe227-ab53-47f4-b02f-6ec7cb40a7a2#0:OK-t0. Peer's state: 8bafe227-ab53-47f4-b02f-6ec7cb40a7a2@group-8B6815A740CC:t0, leader=null, voted=, raftlog=Memoized:8bafe227-ab53-47f4-b02f-6ec7cb40a7a2@group-8B6815A740CC-SegmentedRaftLog:OPENED:c-1, conf=-1: peers:[8bafe227-ab53-47f4-b02f-6ec7cb40a7a2|rpc:127.0.0.1:43633|dataStream:127.0.0.1:38373|priority:0|startupRole:FOLLOWER, 9c2028ec-eae4-47ee-99aa-bca7ce936f50|rpc:127.0.0.1:35725|dataStream:127.0.0.1:38891|priority:0|startupRole:FOLLOWER, 7cc8348c-25f7-4abd-9a5e-53969841dd44|rpc:127.0.0.1:44627|dataStream:127.0.0.1:32895|priority:1|startupRole:FOLLOWER]|listeners:[], old=null
2023-03-09 14:58:22,449 [9c2028ec-eae4-47ee-99aa-bca7ce936f50@group-8B6815A740CC-LeaderElection4] INFO  impl.LeaderElection (LeaderElection.java:logAndReturn(90)) - 9c2028ec-eae4-47ee-99aa-bca7ce936f50@group-8B6815A740CC-LeaderElection4: PRE_VOTE REJECTED received 1 response(s) and 0 exception(s):
2023-03-09 14:58:22,453 [9c2028ec-eae4-47ee-99aa-bca7ce936f50@group-8B6815A740CC-LeaderElection4] INFO  impl.LeaderElection (LeaderElection.java:logAndReturn(94)) -   Response 0: 9c2028ec-eae4-47ee-99aa-bca7ce936f50<-7cc8348c-25f7-4abd-9a5e-53969841dd44#0:FAIL-t0
2023-03-09 14:58:22,453 [9c2028ec-eae4-47ee-99aa-bca7ce936f50@group-8B6815A740CC-LeaderElection4] INFO  impl.LeaderElection (LeaderElection.java:askForVotes(314)) - 9c2028ec-eae4-47ee-99aa-bca7ce936f50@group-8B6815A740CC-LeaderElection4 PRE_VOTE round 0: result REJECTED
2023-03-09 14:58:22,454 [9c2028ec-eae4-47ee-99aa-bca7ce936f50@group-8B6815A740CC-LeaderElection4] INFO  server.RaftServer$Division (RaftServerImpl.java:setRole(321)) - 9c2028ec-eae4-47ee-99aa-bca7ce936f50@group-8B6815A740CC: changes role from CANDIDATE to FOLLOWER at term 0 for REJECTED
2023-03-09 14:58:22,454 [9c2028ec-eae4-47ee-99aa-bca7ce936f50@group-8B6815A740CC-LeaderElection4] INFO  impl.RoleInfo (RoleInfo.java:shutdownLeaderElection(130)) - 9c2028ec-eae4-47ee-99aa-bca7ce936f50: shutdown 9c2028ec-eae4-47ee-99aa-bca7ce936f50@group-8B6815A740CC-LeaderElection4
2023-03-09 14:58:22,454 [9c2028ec-eae4-47ee-99aa-bca7ce936f50@group-8B6815A740CC-LeaderElection4] INFO  impl.RoleInfo (RoleInfo.java:updateAndGet(139)) - 9c2028ec-eae4-47ee-99aa-bca7ce936f50: start 9c2028ec-eae4-47ee-99aa-bca7ce936f50@group-8B6815A740CC-FollowerState
2023-03-09 14:58:22,455 [9c2028ec-eae4-47ee-99aa-bca7ce936f50@group-8B6815A740CC-FollowerState] INFO  server.RaftServerConfigKeys (ConfUtils.java:logFallback(53)) - raft.server.rpc.first-election.timeout.min = 5s (fallback to raft.server.rpc.timeout.min)
2023-03-09 14:58:22,456 [9c2028ec-eae4-47ee-99aa-bca7ce936f50@group-8B6815A740CC-FollowerState] INFO  server.RaftServerConfigKeys (ConfUtils.java:logFallback(53)) - raft.server.rpc.first-election.timeout.max = 5200ms (fallback to raft.server.rpc.timeout.max)
2023-03-09 14:58:22,770 [8bafe227-ab53-47f4-b02f-6ec7cb40a7a2@group-E39C6911387A-FollowerState] INFO  impl.FollowerState (FollowerState.java:run(143)) - 8bafe227-ab53-47f4-b02f-6ec7cb40a7a2@group-E39C6911387A-FollowerState: change to CANDIDATE, lastRpcElapsedTime:5169638682ns, electionTimeout:5164ms
2023-03-09 14:58:22,770 [8bafe227-ab53-47f4-b02f-6ec7cb40a7a2@group-E39C6911387A-FollowerState] INFO  impl.RoleInfo (RoleInfo.java:shutdownFollowerState(110)) - 8bafe227-ab53-47f4-b02f-6ec7cb40a7a2: shutdown 8bafe227-ab53-47f4-b02f-6ec7cb40a7a2@group-E39C6911387A-FollowerState
2023-03-09 14:58:22,770 [8bafe227-ab53-47f4-b02f-6ec7cb40a7a2@group-E39C6911387A-FollowerState] INFO  server.RaftServer$Division (RaftServerImpl.java:setRole(321)) - 8bafe227-ab53-47f4-b02f-6ec7cb40a7a2@group-E39C6911387A: changes role from  FOLLOWER to CANDIDATE at term 0 for changeToCandidate
2023-03-09 14:58:22,772 [8bafe227-ab53-47f4-b02f-6ec7cb40a7a2@group-E39C6911387A-FollowerState] INFO  server.RaftServerConfigKeys (ConfUtils.java:logGet(46)) - raft.server.leaderelection.pre-vote = true (default)
2023-03-09 14:58:22,772 [8bafe227-ab53-47f4-b02f-6ec7cb40a7a2@group-E39C6911387A-FollowerState] INFO  impl.RoleInfo (RoleInfo.java:updateAndGet(139)) - 8bafe227-ab53-47f4-b02f-6ec7cb40a7a2: start 8bafe227-ab53-47f4-b02f-6ec7cb40a7a2@group-E39C6911387A-LeaderElection6
2023-03-09 14:58:22,775 [8bafe227-ab53-47f4-b02f-6ec7cb40a7a2@group-E39C6911387A-LeaderElection6] INFO  impl.LeaderElection (LeaderElection.java:askForVotes(312)) - 8bafe227-ab53-47f4-b02f-6ec7cb40a7a2@group-E39C6911387A-LeaderElection6 PRE_VOTE round 0: submit vote requests at term 0 for -1: peers:[8bafe227-ab53-47f4-b02f-6ec7cb40a7a2|rpc:127.0.0.1:43633|dataStream:127.0.0.1:38373|priority:1|startupRole:FOLLOWER]|listeners:[], old=null
2023-03-09 14:58:22,775 [8bafe227-ab53-47f4-b02f-6ec7cb40a7a2@group-E39C6911387A-LeaderElection6] INFO  impl.LeaderElection (LeaderElection.java:askForVotes(314)) - 8bafe227-ab53-47f4-b02f-6ec7cb40a7a2@group-E39C6911387A-LeaderElection6 PRE_VOTE round 0: result PASSED (term=0)
2023-03-09 14:58:22,777 [8bafe227-ab53-47f4-b02f-6ec7cb40a7a2@group-E39C6911387A-LeaderElection6] INFO  impl.LeaderElection (LeaderElection.java:askForVotes(312)) - 8bafe227-ab53-47f4-b02f-6ec7cb40a7a2@group-E39C6911387A-LeaderElection6 ELECTION round 0: submit vote requests at term 1 for -1: peers:[8bafe227-ab53-47f4-b02f-6ec7cb40a7a2|rpc:127.0.0.1:43633|dataStream:127.0.0.1:38373|priority:1|startupRole:FOLLOWER]|listeners:[], old=null
2023-03-09 14:58:22,777 [8bafe227-ab53-47f4-b02f-6ec7cb40a7a2@group-E39C6911387A-LeaderElection6] INFO  impl.LeaderElection (LeaderElection.java:askForVotes(314)) - 8bafe227-ab53-47f4-b02f-6ec7cb40a7a2@group-E39C6911387A-LeaderElection6 ELECTION round 0: result PASSED (term=1)
2023-03-09 14:58:22,777 [8bafe227-ab53-47f4-b02f-6ec7cb40a7a2@group-E39C6911387A-LeaderElection6] INFO  impl.RoleInfo (RoleInfo.java:shutdownLeaderElection(130)) - 8bafe227-ab53-47f4-b02f-6ec7cb40a7a2: shutdown 8bafe227-ab53-47f4-b02f-6ec7cb40a7a2@group-E39C6911387A-LeaderElection6
2023-03-09 14:58:22,777 [8bafe227-ab53-47f4-b02f-6ec7cb40a7a2@group-E39C6911387A-LeaderElection6] INFO  server.RaftServer$Division (RaftServerImpl.java:setRole(321)) - 8bafe227-ab53-47f4-b02f-6ec7cb40a7a2@group-E39C6911387A: changes role from CANDIDATE to LEADER at term 1 for changeToLeader
2023-03-09 14:58:22,777 [8bafe227-ab53-47f4-b02f-6ec7cb40a7a2@group-E39C6911387A-LeaderElection6] INFO  ratis.XceiverServerRatis (XceiverServerRatis.java:handleLeaderChangedNotification(905)) - Leader change notification received for group: group-E39C6911387A with new leaderId: 8bafe227-ab53-47f4-b02f-6ec7cb40a7a2
2023-03-09 14:58:22,777 [8bafe227-ab53-47f4-b02f-6ec7cb40a7a2@group-E39C6911387A-LeaderElection6] INFO  server.RaftServer$Division (ServerState.java:setLeader(313)) - 8bafe227-ab53-47f4-b02f-6ec7cb40a7a2@group-E39C6911387A: change Leader from null to 8bafe227-ab53-47f4-b02f-6ec7cb40a7a2 at term 1 for becomeLeader, leader elected after 5241ms
2023-03-09 14:58:22,777 [8bafe227-ab53-47f4-b02f-6ec7cb40a7a2@group-E39C6911387A-LeaderElection6] INFO  server.RaftServerConfigKeys (ConfUtils.java:logGet(46)) - raft.server.staging.catchup.gap = 1000 (default)
2023-03-09 14:58:22,778 [8bafe227-ab53-47f4-b02f-6ec7cb40a7a2@group-E39C6911387A-LeaderElection6] INFO  server.RaftServerConfigKeys (ConfUtils.java:logGet(46)) - raft.server.write.element-limit = 1024 (custom)
2023-03-09 14:58:22,778 [8bafe227-ab53-47f4-b02f-6ec7cb40a7a2@group-E39C6911387A-LeaderElection6] INFO  server.RaftServerConfigKeys (ConfUtils.java:logGet(46)) - raft.server.write.byte-limit = 1024 M (=1073741824) (custom)
2023-03-09 14:58:22,778 [8bafe227-ab53-47f4-b02f-6ec7cb40a7a2@group-E39C6911387A-LeaderElection6] INFO  server.RaftServerConfigKeys (ConfUtils.java:logGet(46)) - raft.server.watch.timeout = 180s (custom)
2023-03-09 14:58:22,778 [8bafe227-ab53-47f4-b02f-6ec7cb40a7a2@group-E39C6911387A-LeaderElection6] INFO  server.RaftServerConfigKeys (ConfUtils.java:logGet(46)) - raft.server.watch.timeout.denomination = 1s (default)
2023-03-09 14:58:22,778 [8bafe227-ab53-47f4-b02f-6ec7cb40a7a2@group-E39C6911387A-LeaderElection6] INFO  server.RaftServerConfigKeys (ConfUtils.java:logGet(46)) - raft.server.watch.element-limit = 65536 (default)
2023-03-09 14:58:22,780 [EventQueue-OpenPipelineForHealthyPipelineSafeModeRule] INFO  safemode.SCMSafeModeManager (HealthyPipelineSafeModeRule.java:process(137)) - SCM in safe mode. Healthy pipelines reported count is 0, required healthy pipeline reported count is 1
2023-03-09 14:58:22,780 [8bafe227-ab53-47f4-b02f-6ec7cb40a7a2@group-E39C6911387A-LeaderElection6] INFO  server.RaftServerConfigKeys (ConfUtils.java:logGet(46)) - raft.server.write.element-limit = 1024 (custom)
2023-03-09 14:58:22,780 [8bafe227-ab53-47f4-b02f-6ec7cb40a7a2@group-E39C6911387A-LeaderElection6] INFO  server.RaftServerConfigKeys (ConfUtils.java:logGet(46)) - raft.server.write.follower.gap.ratio.max = -1.0 (default)
2023-03-09 14:58:22,780 [8bafe227-ab53-47f4-b02f-6ec7cb40a7a2@group-E39C6911387A-LeaderElection6] INFO  impl.RoleInfo (RoleInfo.java:updateAndGet(139)) - 8bafe227-ab53-47f4-b02f-6ec7cb40a7a2: start 8bafe227-ab53-47f4-b02f-6ec7cb40a7a2@group-E39C6911387A-LeaderStateImpl
2023-03-09 14:58:22,781 [8bafe227-ab53-47f4-b02f-6ec7cb40a7a2@group-E39C6911387A-LeaderElection6] INFO  segmented.SegmentedRaftLogWorker (SegmentedRaftLogWorker.java:startLogSegment(452)) - 8bafe227-ab53-47f4-b02f-6ec7cb40a7a2@group-E39C6911387A-SegmentedRaftLogWorker: Starting segment from index:0
2023-03-09 14:58:22,786 [8bafe227-ab53-47f4-b02f-6ec7cb40a7a2@group-E39C6911387A-LeaderElection6] INFO  server.RaftServer$Division (ServerState.java:setRaftConf(430)) - 8bafe227-ab53-47f4-b02f-6ec7cb40a7a2@group-E39C6911387A: set configuration 0: peers:[8bafe227-ab53-47f4-b02f-6ec7cb40a7a2|rpc:127.0.0.1:43633|dataStream:127.0.0.1:38373|priority:1|startupRole:FOLLOWER]|listeners:[], old=null
2023-03-09 14:58:22,786 [8bafe227-ab53-47f4-b02f-6ec7cb40a7a2@group-E39C6911387A-SegmentedRaftLogWorker] INFO  segmented.SegmentedRaftLogWorker (SegmentedRaftLogWorker.java:execute(656)) - 8bafe227-ab53-47f4-b02f-6ec7cb40a7a2@group-E39C6911387A-SegmentedRaftLogWorker: created new log segment /home/runner/work/ozone/ozone/hadoop-ozone/integration-test/target/test-dir/MiniOzoneClusterImpl-e86c7e49-e04f-4606-8b16-8d18ad715950/datanode-1/data/ratis/d53dda86-7499-4a9b-b33d-e39c6911387a/current/log_inprogress_0
2023-03-09 14:58:22,863 [8bafe227-ab53-47f4-b02f-6ec7cb40a7a2@group-8B6815A740CC-FollowerState] INFO  server.RaftServerConfigKeys (ConfUtils.java:logFallback(53)) - raft.server.rpc.first-election.timeout.min = 5s (fallback to raft.server.rpc.timeout.min)
2023-03-09 14:58:22,863 [8bafe227-ab53-47f4-b02f-6ec7cb40a7a2@group-8B6815A740CC-FollowerState] INFO  server.RaftServerConfigKeys (ConfUtils.java:logFallback(53)) - raft.server.rpc.first-election.timeout.max = 5200ms (fallback to raft.server.rpc.timeout.max)
2023-03-09 14:58:23,044 [7cc8348c-25f7-4abd-9a5e-53969841dd44@group-943E7187E310-FollowerState] INFO  impl.FollowerState (FollowerState.java:run(143)) - 7cc8348c-25f7-4abd-9a5e-53969841dd44@group-943E7187E310-FollowerState: change to CANDIDATE, lastRpcElapsedTime:5027509884ns, electionTimeout:5021ms
2023-03-09 14:58:23,044 [7cc8348c-25f7-4abd-9a5e-53969841dd44@group-943E7187E310-FollowerState] INFO  impl.RoleInfo (RoleInfo.java:shutdownFollowerState(110)) - 7cc8348c-25f7-4abd-9a5e-53969841dd44: shutdown 7cc8348c-25f7-4abd-9a5e-53969841dd44@group-943E7187E310-FollowerState
2023-03-09 14:58:23,044 [7cc8348c-25f7-4abd-9a5e-53969841dd44@group-943E7187E310-FollowerState] INFO  server.RaftServer$Division (RaftServerImpl.java:setRole(321)) - 7cc8348c-25f7-4abd-9a5e-53969841dd44@group-943E7187E310: changes role from  FOLLOWER to CANDIDATE at term 0 for changeToCandidate
2023-03-09 14:58:23,045 [7cc8348c-25f7-4abd-9a5e-53969841dd44@group-943E7187E310-FollowerState] INFO  server.RaftServerConfigKeys (ConfUtils.java:logGet(46)) - raft.server.leaderelection.pre-vote = true (default)
2023-03-09 14:58:23,045 [7cc8348c-25f7-4abd-9a5e-53969841dd44@group-943E7187E310-FollowerState] INFO  impl.RoleInfo (RoleInfo.java:updateAndGet(139)) - 7cc8348c-25f7-4abd-9a5e-53969841dd44: start 7cc8348c-25f7-4abd-9a5e-53969841dd44@group-943E7187E310-LeaderElection7
2023-03-09 14:58:23,048 [7cc8348c-25f7-4abd-9a5e-53969841dd44@group-943E7187E310-LeaderElection7] INFO  impl.LeaderElection (LeaderElection.java:askForVotes(312)) - 7cc8348c-25f7-4abd-9a5e-53969841dd44@group-943E7187E310-LeaderElection7 PRE_VOTE round 0: submit vote requests at term 0 for -1: peers:[7cc8348c-25f7-4abd-9a5e-53969841dd44|rpc:127.0.0.1:44627|dataStream:127.0.0.1:32895|priority:1|startupRole:FOLLOWER]|listeners:[], old=null
2023-03-09 14:58:23,049 [7cc8348c-25f7-4abd-9a5e-53969841dd44@group-943E7187E310-LeaderElection7] INFO  impl.LeaderElection (LeaderElection.java:askForVotes(314)) - 7cc8348c-25f7-4abd-9a5e-53969841dd44@group-943E7187E310-LeaderElection7 PRE_VOTE round 0: result PASSED (term=0)
2023-03-09 14:58:23,050 [7cc8348c-25f7-4abd-9a5e-53969841dd44@group-943E7187E310-LeaderElection7] INFO  impl.LeaderElection (LeaderElection.java:askForVotes(312)) - 7cc8348c-25f7-4abd-9a5e-53969841dd44@group-943E7187E310-LeaderElection7 ELECTION round 0: submit vote requests at term 1 for -1: peers:[7cc8348c-25f7-4abd-9a5e-53969841dd44|rpc:127.0.0.1:44627|dataStream:127.0.0.1:32895|priority:1|startupRole:FOLLOWER]|listeners:[], old=null
2023-03-09 14:58:23,050 [7cc8348c-25f7-4abd-9a5e-53969841dd44@group-943E7187E310-LeaderElection7] INFO  impl.LeaderElection (LeaderElection.java:askForVotes(314)) - 7cc8348c-25f7-4abd-9a5e-53969841dd44@group-943E7187E310-LeaderElection7 ELECTION round 0: result PASSED (term=1)
2023-03-09 14:58:23,050 [7cc8348c-25f7-4abd-9a5e-53969841dd44@group-943E7187E310-LeaderElection7] INFO  impl.RoleInfo (RoleInfo.java:shutdownLeaderElection(130)) - 7cc8348c-25f7-4abd-9a5e-53969841dd44: shutdown 7cc8348c-25f7-4abd-9a5e-53969841dd44@group-943E7187E310-LeaderElection7
2023-03-09 14:58:23,050 [7cc8348c-25f7-4abd-9a5e-53969841dd44@group-943E7187E310-LeaderElection7] INFO  server.RaftServer$Division (RaftServerImpl.java:setRole(321)) - 7cc8348c-25f7-4abd-9a5e-53969841dd44@group-943E7187E310: changes role from CANDIDATE to LEADER at term 1 for changeToLeader
2023-03-09 14:58:23,050 [7cc8348c-25f7-4abd-9a5e-53969841dd44@group-943E7187E310-LeaderElection7] INFO  ratis.XceiverServerRatis (XceiverServerRatis.java:handleLeaderChangedNotification(905)) - Leader change notification received for group: group-943E7187E310 with new leaderId: 7cc8348c-25f7-4abd-9a5e-53969841dd44
2023-03-09 14:58:23,051 [7cc8348c-25f7-4abd-9a5e-53969841dd44@group-943E7187E310-LeaderElection7] INFO  server.RaftServer$Division (ServerState.java:setLeader(313)) - 7cc8348c-25f7-4abd-9a5e-53969841dd44@group-943E7187E310: change Leader from null to 7cc8348c-25f7-4abd-9a5e-53969841dd44 at term 1 for becomeLeader, leader elected after 5091ms
2023-03-09 14:58:23,051 [7cc8348c-25f7-4abd-9a5e-53969841dd44@group-943E7187E310-LeaderElection7] INFO  server.RaftServerConfigKeys (ConfUtils.java:logGet(46)) - raft.server.staging.catchup.gap = 1000 (default)
2023-03-09 14:58:23,051 [7cc8348c-25f7-4abd-9a5e-53969841dd44@group-943E7187E310-LeaderElection7] INFO  server.RaftServerConfigKeys (ConfUtils.java:logGet(46)) - raft.server.write.element-limit = 1024 (custom)
2023-03-09 14:58:23,051 [7cc8348c-25f7-4abd-9a5e-53969841dd44@group-943E7187E310-LeaderElection7] INFO  server.RaftServerConfigKeys (ConfUtils.java:logGet(46)) - raft.server.write.byte-limit = 1024 M (=1073741824) (custom)
2023-03-09 14:58:23,057 [EventQueue-OpenPipelineForHealthyPipelineSafeModeRule] INFO  safemode.SCMSafeModeManager (HealthyPipelineSafeModeRule.java:process(137)) - SCM in safe mode. Healthy pipelines reported count is 0, required healthy pipeline reported count is 1
2023-03-09 14:58:23,058 [7cc8348c-25f7-4abd-9a5e-53969841dd44@group-943E7187E310-LeaderElection7] INFO  server.RaftServerConfigKeys (ConfUtils.java:logGet(46)) - raft.server.watch.timeout = 180s (custom)
2023-03-09 14:58:23,058 [7cc8348c-25f7-4abd-9a5e-53969841dd44@group-943E7187E310-LeaderElection7] INFO  server.RaftServerConfigKeys (ConfUtils.java:logGet(46)) - raft.server.watch.timeout.denomination = 1s (default)
2023-03-09 14:58:23,058 [7cc8348c-25f7-4abd-9a5e-53969841dd44@group-943E7187E310-LeaderElection7] INFO  server.RaftServerConfigKeys (ConfUtils.java:logGet(46)) - raft.server.watch.element-limit = 65536 (default)
2023-03-09 14:58:23,058 [7cc8348c-25f7-4abd-9a5e-53969841dd44@group-943E7187E310-LeaderElection7] INFO  server.RaftServerConfigKeys (ConfUtils.java:logGet(46)) - raft.server.write.element-limit = 1024 (custom)
2023-03-09 14:58:23,058 [7cc8348c-25f7-4abd-9a5e-53969841dd44@group-943E7187E310-LeaderElection7] INFO  server.RaftServerConfigKeys (ConfUtils.java:logGet(46)) - raft.server.write.follower.gap.ratio.max = -1.0 (default)
2023-03-09 14:58:23,058 [7cc8348c-25f7-4abd-9a5e-53969841dd44@group-943E7187E310-LeaderElection7] INFO  impl.RoleInfo (RoleInfo.java:updateAndGet(139)) - 7cc8348c-25f7-4abd-9a5e-53969841dd44: start 7cc8348c-25f7-4abd-9a5e-53969841dd44@group-943E7187E310-LeaderStateImpl
2023-03-09 14:58:23,059 [7cc8348c-25f7-4abd-9a5e-53969841dd44@group-943E7187E310-LeaderElection7] INFO  segmented.SegmentedRaftLogWorker (SegmentedRaftLogWorker.java:startLogSegment(452)) - 7cc8348c-25f7-4abd-9a5e-53969841dd44@group-943E7187E310-SegmentedRaftLogWorker: Starting segment from index:0
2023-03-09 14:58:23,063 [7cc8348c-25f7-4abd-9a5e-53969841dd44@group-943E7187E310-SegmentedRaftLogWorker] INFO  segmented.SegmentedRaftLogWorker (SegmentedRaftLogWorker.java:execute(656)) - 7cc8348c-25f7-4abd-9a5e-53969841dd44@group-943E7187E310-SegmentedRaftLogWorker: created new log segment /home/runner/work/ozone/ozone/hadoop-ozone/integration-test/target/test-dir/MiniOzoneClusterImpl-e86c7e49-e04f-4606-8b16-8d18ad715950/datanode-2/data/ratis/23ea7f70-7a85-433b-b6bd-943e7187e310/current/log_inprogress_0
2023-03-09 14:58:23,067 [7cc8348c-25f7-4abd-9a5e-53969841dd44@group-8B6815A740CC-FollowerState] INFO  impl.FollowerState (FollowerState.java:run(143)) - 7cc8348c-25f7-4abd-9a5e-53969841dd44@group-8B6815A740CC-FollowerState: change to CANDIDATE, lastRpcElapsedTime:5127895931ns, electionTimeout:5119ms
2023-03-09 14:58:23,067 [7cc8348c-25f7-4abd-9a5e-53969841dd44@group-8B6815A740CC-FollowerState] INFO  impl.RoleInfo (RoleInfo.java:shutdownFollowerState(110)) - 7cc8348c-25f7-4abd-9a5e-53969841dd44: shutdown 7cc8348c-25f7-4abd-9a5e-53969841dd44@group-8B6815A740CC-FollowerState
2023-03-09 14:58:23,067 [7cc8348c-25f7-4abd-9a5e-53969841dd44@group-8B6815A740CC-FollowerState] INFO  server.RaftServer$Division (RaftServerImpl.java:setRole(321)) - 7cc8348c-25f7-4abd-9a5e-53969841dd44@group-8B6815A740CC: changes role from  FOLLOWER to CANDIDATE at term 0 for changeToCandidate
2023-03-09 14:58:23,067 [7cc8348c-25f7-4abd-9a5e-53969841dd44@group-943E7187E310-LeaderElection7] INFO  server.RaftServer$Division (ServerState.java:setRaftConf(430)) - 7cc8348c-25f7-4abd-9a5e-53969841dd44@group-943E7187E310: set configuration 0: peers:[7cc8348c-25f7-4abd-9a5e-53969841dd44|rpc:127.0.0.1:44627|dataStream:127.0.0.1:32895|priority:1|startupRole:FOLLOWER]|listeners:[], old=null
2023-03-09 14:58:23,071 [7cc8348c-25f7-4abd-9a5e-53969841dd44@group-8B6815A740CC-FollowerState] INFO  server.RaftServerConfigKeys (ConfUtils.java:logGet(46)) - raft.server.leaderelection.pre-vote = true (default)
2023-03-09 14:58:23,071 [7cc8348c-25f7-4abd-9a5e-53969841dd44@group-8B6815A740CC-FollowerState] INFO  impl.RoleInfo (RoleInfo.java:updateAndGet(139)) - 7cc8348c-25f7-4abd-9a5e-53969841dd44: start 7cc8348c-25f7-4abd-9a5e-53969841dd44@group-8B6815A740CC-LeaderElection8
2023-03-09 14:58:23,074 [7cc8348c-25f7-4abd-9a5e-53969841dd44@group-8B6815A740CC-LeaderElection8] INFO  impl.LeaderElection (LeaderElection.java:askForVotes(312)) - 7cc8348c-25f7-4abd-9a5e-53969841dd44@group-8B6815A740CC-LeaderElection8 PRE_VOTE round 0: submit vote requests at term 0 for -1: peers:[8bafe227-ab53-47f4-b02f-6ec7cb40a7a2|rpc:127.0.0.1:43633|dataStream:127.0.0.1:38373|priority:0|startupRole:FOLLOWER, 9c2028ec-eae4-47ee-99aa-bca7ce936f50|rpc:127.0.0.1:35725|dataStream:127.0.0.1:38891|priority:0|startupRole:FOLLOWER, 7cc8348c-25f7-4abd-9a5e-53969841dd44|rpc:127.0.0.1:44627|dataStream:127.0.0.1:32895|priority:1|startupRole:FOLLOWER]|listeners:[], old=null
2023-03-09 14:58:23,079 [7cc8348c-25f7-4abd-9a5e-53969841dd44@group-8B6815A740CC-LeaderElection8-1] INFO  server.GrpcServerProtocolClient (GrpcServerProtocolClient.java:<init>(63)) - Build channel for 8bafe227-ab53-47f4-b02f-6ec7cb40a7a2
2023-03-09 14:58:23,079 [7cc8348c-25f7-4abd-9a5e-53969841dd44@group-8B6815A740CC-LeaderElection8] INFO  server.RaftServerConfigKeys (ConfUtils.java:logFallback(53)) - raft.server.rpc.first-election.timeout.min = 5s (fallback to raft.server.rpc.timeout.min)
2023-03-09 14:58:23,087 [7cc8348c-25f7-4abd-9a5e-53969841dd44@group-8B6815A740CC-LeaderElection8] INFO  server.RaftServerConfigKeys (ConfUtils.java:logFallback(53)) - raft.server.rpc.first-election.timeout.max = 5200ms (fallback to raft.server.rpc.timeout.max)
2023-03-09 14:58:23,090 [7cc8348c-25f7-4abd-9a5e-53969841dd44@group-8B6815A740CC-LeaderElection8-2] INFO  server.GrpcServerProtocolClient (GrpcServerProtocolClient.java:<init>(63)) - Build channel for 9c2028ec-eae4-47ee-99aa-bca7ce936f50
2023-03-09 14:58:23,094 [Listener at 127.0.0.1/39405] INFO  ozone.MiniOzoneClusterImpl (MiniOzoneClusterImpl.java:lambda$waitForClusterToBeReady$0(218)) - Nodes are ready. Got 3 of 3 DN Heartbeats.
2023-03-09 14:58:23,094 [Listener at 127.0.0.1/39405] INFO  ozone.MiniOzoneClusterImpl (MiniOzoneClusterImpl.java:lambda$waitForClusterToBeReady$0(221)) - Waiting for cluster to exit safe mode
2023-03-09 14:58:23,095 [Listener at 127.0.0.1/39405] INFO  ozone.MiniOzoneClusterImpl (MiniOzoneClusterImpl.java:lambda$waitForClusterToBeReady$0(223)) - SCM became leader
2023-03-09 14:58:23,110 [grpc-default-executor-2] INFO  server.RaftServer$Division (RaftServerImpl.java:requestVote(1218)) - 9c2028ec-eae4-47ee-99aa-bca7ce936f50@group-8B6815A740CC: receive requestVote(PRE_VOTE, 7cc8348c-25f7-4abd-9a5e-53969841dd44, group-8B6815A740CC, 0, (t:0, i:0))
2023-03-09 14:58:23,110 [grpc-default-executor-2] INFO  impl.VoteContext (VoteContext.java:log(49)) - 9c2028ec-eae4-47ee-99aa-bca7ce936f50@group-8B6815A740CC-FOLLOWER: accept PRE_VOTE from 7cc8348c-25f7-4abd-9a5e-53969841dd44: our priority 0 <= candidate's priority 1
2023-03-09 14:58:23,110 [grpc-default-executor-2] INFO  server.RaftServer$Division (RaftServerImpl.java:requestVote(1251)) - 9c2028ec-eae4-47ee-99aa-bca7ce936f50@group-8B6815A740CC replies to PRE_VOTE vote request: 7cc8348c-25f7-4abd-9a5e-53969841dd44<-9c2028ec-eae4-47ee-99aa-bca7ce936f50#0:OK-t0. Peer's state: 9c2028ec-eae4-47ee-99aa-bca7ce936f50@group-8B6815A740CC:t0, leader=null, voted=, raftlog=Memoized:9c2028ec-eae4-47ee-99aa-bca7ce936f50@group-8B6815A740CC-SegmentedRaftLog:OPENED:c-1, conf=-1: peers:[8bafe227-ab53-47f4-b02f-6ec7cb40a7a2|rpc:127.0.0.1:43633|dataStream:127.0.0.1:38373|priority:0|startupRole:FOLLOWER, 9c2028ec-eae4-47ee-99aa-bca7ce936f50|rpc:127.0.0.1:35725|dataStream:127.0.0.1:38891|priority:0|startupRole:FOLLOWER, 7cc8348c-25f7-4abd-9a5e-53969841dd44|rpc:127.0.0.1:44627|dataStream:127.0.0.1:32895|priority:1|startupRole:FOLLOWER]|listeners:[], old=null
2023-03-09 14:58:23,113 [grpc-default-executor-2] INFO  server.RaftServer$Division (RaftServerImpl.java:requestVote(1218)) - 8bafe227-ab53-47f4-b02f-6ec7cb40a7a2@group-8B6815A740CC: receive requestVote(PRE_VOTE, 7cc8348c-25f7-4abd-9a5e-53969841dd44, group-8B6815A740CC, 0, (t:0, i:0))
2023-03-09 14:58:23,113 [grpc-default-executor-2] INFO  impl.VoteContext (VoteContext.java:log(49)) - 8bafe227-ab53-47f4-b02f-6ec7cb40a7a2@group-8B6815A740CC-FOLLOWER: accept PRE_VOTE from 7cc8348c-25f7-4abd-9a5e-53969841dd44: our priority 0 <= candidate's priority 1
2023-03-09 14:58:23,113 [grpc-default-executor-2] INFO  server.RaftServer$Division (RaftServerImpl.java:requestVote(1251)) - 8bafe227-ab53-47f4-b02f-6ec7cb40a7a2@group-8B6815A740CC replies to PRE_VOTE vote request: 7cc8348c-25f7-4abd-9a5e-53969841dd44<-8bafe227-ab53-47f4-b02f-6ec7cb40a7a2#0:OK-t0. Peer's state: 8bafe227-ab53-47f4-b02f-6ec7cb40a7a2@group-8B6815A740CC:t0, leader=null, voted=, raftlog=Memoized:8bafe227-ab53-47f4-b02f-6ec7cb40a7a2@group-8B6815A740CC-SegmentedRaftLog:OPENED:c-1, conf=-1: peers:[8bafe227-ab53-47f4-b02f-6ec7cb40a7a2|rpc:127.0.0.1:43633|dataStream:127.0.0.1:38373|priority:0|startupRole:FOLLOWER, 9c2028ec-eae4-47ee-99aa-bca7ce936f50|rpc:127.0.0.1:35725|dataStream:127.0.0.1:38891|priority:0|startupRole:FOLLOWER, 7cc8348c-25f7-4abd-9a5e-53969841dd44|rpc:127.0.0.1:44627|dataStream:127.0.0.1:32895|priority:1|startupRole:FOLLOWER]|listeners:[], old=null
2023-03-09 14:58:23,116 [7cc8348c-25f7-4abd-9a5e-53969841dd44@group-8B6815A740CC-LeaderElection8] INFO  impl.LeaderElection (LeaderElection.java:logAndReturn(90)) - 7cc8348c-25f7-4abd-9a5e-53969841dd44@group-8B6815A740CC-LeaderElection8: PRE_VOTE PASSED received 1 response(s) and 0 exception(s):
2023-03-09 14:58:23,117 [7cc8348c-25f7-4abd-9a5e-53969841dd44@group-8B6815A740CC-LeaderElection8] INFO  impl.LeaderElection (LeaderElection.java:logAndReturn(94)) -   Response 0: 7cc8348c-25f7-4abd-9a5e-53969841dd44<-9c2028ec-eae4-47ee-99aa-bca7ce936f50#0:OK-t0
2023-03-09 14:58:23,117 [7cc8348c-25f7-4abd-9a5e-53969841dd44@group-8B6815A740CC-LeaderElection8] INFO  impl.LeaderElection (LeaderElection.java:askForVotes(314)) - 7cc8348c-25f7-4abd-9a5e-53969841dd44@group-8B6815A740CC-LeaderElection8 PRE_VOTE round 0: result PASSED
2023-03-09 14:58:23,120 [7cc8348c-25f7-4abd-9a5e-53969841dd44@group-8B6815A740CC-LeaderElection8] INFO  impl.LeaderElection (LeaderElection.java:askForVotes(312)) - 7cc8348c-25f7-4abd-9a5e-53969841dd44@group-8B6815A740CC-LeaderElection8 ELECTION round 0: submit vote requests at term 1 for -1: peers:[8bafe227-ab53-47f4-b02f-6ec7cb40a7a2|rpc:127.0.0.1:43633|dataStream:127.0.0.1:38373|priority:0|startupRole:FOLLOWER, 9c2028ec-eae4-47ee-99aa-bca7ce936f50|rpc:127.0.0.1:35725|dataStream:127.0.0.1:38891|priority:0|startupRole:FOLLOWER, 7cc8348c-25f7-4abd-9a5e-53969841dd44|rpc:127.0.0.1:44627|dataStream:127.0.0.1:32895|priority:1|startupRole:FOLLOWER]|listeners:[], old=null
2023-03-09 14:58:23,123 [7cc8348c-25f7-4abd-9a5e-53969841dd44@group-8B6815A740CC-LeaderElection8] INFO  server.RaftServerConfigKeys (ConfUtils.java:logFallback(53)) - raft.server.rpc.first-election.timeout.min = 5s (fallback to raft.server.rpc.timeout.min)
2023-03-09 14:58:23,123 [7cc8348c-25f7-4abd-9a5e-53969841dd44@group-8B6815A740CC-LeaderElection8] INFO  server.RaftServerConfigKeys (ConfUtils.java:logFallback(53)) - raft.server.rpc.first-election.timeout.max = 5200ms (fallback to raft.server.rpc.timeout.max)
2023-03-09 14:58:23,126 [grpc-default-executor-2] INFO  server.RaftServer$Division (RaftServerImpl.java:requestVote(1218)) - 8bafe227-ab53-47f4-b02f-6ec7cb40a7a2@group-8B6815A740CC: receive requestVote(ELECTION, 7cc8348c-25f7-4abd-9a5e-53969841dd44, group-8B6815A740CC, 1, (t:0, i:0))
2023-03-09 14:58:23,126 [grpc-default-executor-2] INFO  impl.VoteContext (VoteContext.java:log(49)) - 8bafe227-ab53-47f4-b02f-6ec7cb40a7a2@group-8B6815A740CC-FOLLOWER: accept ELECTION from 7cc8348c-25f7-4abd-9a5e-53969841dd44: our priority 0 <= candidate's priority 1
2023-03-09 14:58:23,127 [grpc-default-executor-2] INFO  server.RaftServer$Division (RaftServerImpl.java:setRole(321)) - 8bafe227-ab53-47f4-b02f-6ec7cb40a7a2@group-8B6815A740CC: changes role from  FOLLOWER to FOLLOWER at term 1 for candidate:7cc8348c-25f7-4abd-9a5e-53969841dd44
2023-03-09 14:58:23,127 [grpc-default-executor-2] INFO  impl.RoleInfo (RoleInfo.java:shutdownFollowerState(110)) - 8bafe227-ab53-47f4-b02f-6ec7cb40a7a2: shutdown 8bafe227-ab53-47f4-b02f-6ec7cb40a7a2@group-8B6815A740CC-FollowerState
2023-03-09 14:58:23,127 [8bafe227-ab53-47f4-b02f-6ec7cb40a7a2@group-8B6815A740CC-FollowerState] INFO  impl.FollowerState (FollowerState.java:run(152)) - 8bafe227-ab53-47f4-b02f-6ec7cb40a7a2@group-8B6815A740CC-FollowerState was interrupted
2023-03-09 14:58:23,128 [grpc-default-executor-2] INFO  impl.RoleInfo (RoleInfo.java:updateAndGet(139)) - 8bafe227-ab53-47f4-b02f-6ec7cb40a7a2: start 8bafe227-ab53-47f4-b02f-6ec7cb40a7a2@group-8B6815A740CC-FollowerState
2023-03-09 14:58:23,131 [grpc-default-executor-2] INFO  server.RaftServer$Division (RaftServerImpl.java:requestVote(1251)) - 8bafe227-ab53-47f4-b02f-6ec7cb40a7a2@group-8B6815A740CC replies to ELECTION vote request: 7cc8348c-25f7-4abd-9a5e-53969841dd44<-8bafe227-ab53-47f4-b02f-6ec7cb40a7a2#0:OK-t1. Peer's state: 8bafe227-ab53-47f4-b02f-6ec7cb40a7a2@group-8B6815A740CC:t1, leader=null, voted=7cc8348c-25f7-4abd-9a5e-53969841dd44, raftlog=Memoized:8bafe227-ab53-47f4-b02f-6ec7cb40a7a2@group-8B6815A740CC-SegmentedRaftLog:OPENED:c-1, conf=-1: peers:[8bafe227-ab53-47f4-b02f-6ec7cb40a7a2|rpc:127.0.0.1:43633|dataStream:127.0.0.1:38373|priority:0|startupRole:FOLLOWER, 9c2028ec-eae4-47ee-99aa-bca7ce936f50|rpc:127.0.0.1:35725|dataStream:127.0.0.1:38891|priority:0|startupRole:FOLLOWER, 7cc8348c-25f7-4abd-9a5e-53969841dd44|rpc:127.0.0.1:44627|dataStream:127.0.0.1:32895|priority:1|startupRole:FOLLOWER]|listeners:[], old=null
2023-03-09 14:58:23,131 [grpc-default-executor-0] INFO  server.RaftServer$Division (RaftServerImpl.java:requestVote(1218)) - 9c2028ec-eae4-47ee-99aa-bca7ce936f50@group-8B6815A740CC: receive requestVote(ELECTION, 7cc8348c-25f7-4abd-9a5e-53969841dd44, group-8B6815A740CC, 1, (t:0, i:0))
2023-03-09 14:58:23,131 [grpc-default-executor-0] INFO  impl.VoteContext (VoteContext.java:log(49)) - 9c2028ec-eae4-47ee-99aa-bca7ce936f50@group-8B6815A740CC-FOLLOWER: accept ELECTION from 7cc8348c-25f7-4abd-9a5e-53969841dd44: our priority 0 <= candidate's priority 1
2023-03-09 14:58:23,131 [grpc-default-executor-0] INFO  server.RaftServer$Division (RaftServerImpl.java:setRole(321)) - 9c2028ec-eae4-47ee-99aa-bca7ce936f50@group-8B6815A740CC: changes role from  FOLLOWER to FOLLOWER at term 1 for candidate:7cc8348c-25f7-4abd-9a5e-53969841dd44
2023-03-09 14:58:23,132 [grpc-default-executor-0] INFO  impl.RoleInfo (RoleInfo.java:shutdownFollowerState(110)) - 9c2028ec-eae4-47ee-99aa-bca7ce936f50: shutdown 9c2028ec-eae4-47ee-99aa-bca7ce936f50@group-8B6815A740CC-FollowerState
2023-03-09 14:58:23,132 [grpc-default-executor-0] INFO  impl.RoleInfo (RoleInfo.java:updateAndGet(139)) - 9c2028ec-eae4-47ee-99aa-bca7ce936f50: start 9c2028ec-eae4-47ee-99aa-bca7ce936f50@group-8B6815A740CC-FollowerState
2023-03-09 14:58:23,132 [9c2028ec-eae4-47ee-99aa-bca7ce936f50@group-8B6815A740CC-FollowerState] INFO  impl.FollowerState (FollowerState.java:run(152)) - 9c2028ec-eae4-47ee-99aa-bca7ce936f50@group-8B6815A740CC-FollowerState was interrupted
2023-03-09 14:58:23,138 [9c2028ec-eae4-47ee-99aa-bca7ce936f50@group-8B6815A740CC-FollowerState] INFO  server.RaftServerConfigKeys (ConfUtils.java:logFallback(53)) - raft.server.rpc.first-election.timeout.min = 5s (fallback to raft.server.rpc.timeout.min)
2023-03-09 14:58:23,138 [9c2028ec-eae4-47ee-99aa-bca7ce936f50@group-8B6815A740CC-FollowerState] INFO  server.RaftServerConfigKeys (ConfUtils.java:logFallback(53)) - raft.server.rpc.first-election.timeout.max = 5200ms (fallback to raft.server.rpc.timeout.max)
2023-03-09 14:58:23,139 [grpc-default-executor-0] INFO  server.RaftServer$Division (RaftServerImpl.java:requestVote(1251)) - 9c2028ec-eae4-47ee-99aa-bca7ce936f50@group-8B6815A740CC replies to ELECTION vote request: 7cc8348c-25f7-4abd-9a5e-53969841dd44<-9c2028ec-eae4-47ee-99aa-bca7ce936f50#0:OK-t1. Peer's state: 9c2028ec-eae4-47ee-99aa-bca7ce936f50@group-8B6815A740CC:t1, leader=null, voted=7cc8348c-25f7-4abd-9a5e-53969841dd44, raftlog=Memoized:9c2028ec-eae4-47ee-99aa-bca7ce936f50@group-8B6815A740CC-SegmentedRaftLog:OPENED:c-1, conf=-1: peers:[8bafe227-ab53-47f4-b02f-6ec7cb40a7a2|rpc:127.0.0.1:43633|dataStream:127.0.0.1:38373|priority:0|startupRole:FOLLOWER, 9c2028ec-eae4-47ee-99aa-bca7ce936f50|rpc:127.0.0.1:35725|dataStream:127.0.0.1:38891|priority:0|startupRole:FOLLOWER, 7cc8348c-25f7-4abd-9a5e-53969841dd44|rpc:127.0.0.1:44627|dataStream:127.0.0.1:32895|priority:1|startupRole:FOLLOWER]|listeners:[], old=null
2023-03-09 14:58:23,140 [7cc8348c-25f7-4abd-9a5e-53969841dd44@group-8B6815A740CC-LeaderElection8] INFO  impl.LeaderElection (LeaderElection.java:logAndReturn(90)) - 7cc8348c-25f7-4abd-9a5e-53969841dd44@group-8B6815A740CC-LeaderElection8: ELECTION PASSED received 1 response(s) and 0 exception(s):
2023-03-09 14:58:23,140 [7cc8348c-25f7-4abd-9a5e-53969841dd44@group-8B6815A740CC-LeaderElection8] INFO  impl.LeaderElection (LeaderElection.java:logAndReturn(94)) -   Response 0: 7cc8348c-25f7-4abd-9a5e-53969841dd44<-9c2028ec-eae4-47ee-99aa-bca7ce936f50#0:OK-t1
2023-03-09 14:58:23,140 [7cc8348c-25f7-4abd-9a5e-53969841dd44@group-8B6815A740CC-LeaderElection8] INFO  impl.LeaderElection (LeaderElection.java:askForVotes(314)) - 7cc8348c-25f7-4abd-9a5e-53969841dd44@group-8B6815A740CC-LeaderElection8 ELECTION round 0: result PASSED
2023-03-09 14:58:23,140 [7cc8348c-25f7-4abd-9a5e-53969841dd44@group-8B6815A740CC-LeaderElection8] INFO  impl.RoleInfo (RoleInfo.java:shutdownLeaderElection(130)) - 7cc8348c-25f7-4abd-9a5e-53969841dd44: shutdown 7cc8348c-25f7-4abd-9a5e-53969841dd44@group-8B6815A740CC-LeaderElection8
2023-03-09 14:58:23,132 [8bafe227-ab53-47f4-b02f-6ec7cb40a7a2@group-8B6815A740CC-FollowerState] INFO  server.RaftServerConfigKeys (ConfUtils.java:logFallback(53)) - raft.server.rpc.first-election.timeout.min = 5s (fallback to raft.server.rpc.timeout.min)
2023-03-09 14:58:23,141 [7cc8348c-25f7-4abd-9a5e-53969841dd44@group-8B6815A740CC-LeaderElection8] INFO  server.RaftServer$Division (RaftServerImpl.java:setRole(321)) - 7cc8348c-25f7-4abd-9a5e-53969841dd44@group-8B6815A740CC: changes role from CANDIDATE to LEADER at term 1 for changeToLeader
2023-03-09 14:58:23,148 [7cc8348c-25f7-4abd-9a5e-53969841dd44@group-8B6815A740CC-LeaderElection8] INFO  ratis.XceiverServerRatis (XceiverServerRatis.java:handleLeaderChangedNotification(905)) - Leader change notification received for group: group-8B6815A740CC with new leaderId: 7cc8348c-25f7-4abd-9a5e-53969841dd44
2023-03-09 14:58:23,148 [7cc8348c-25f7-4abd-9a5e-53969841dd44@group-8B6815A740CC-LeaderElection8] INFO  server.RaftServer$Division (ServerState.java:setLeader(313)) - 7cc8348c-25f7-4abd-9a5e-53969841dd44@group-8B6815A740CC: change Leader from null to 7cc8348c-25f7-4abd-9a5e-53969841dd44 at term 1 for becomeLeader, leader elected after 5267ms
2023-03-09 14:58:23,148 [7cc8348c-25f7-4abd-9a5e-53969841dd44@group-8B6815A740CC-LeaderElection8] INFO  server.RaftServerConfigKeys (ConfUtils.java:logGet(46)) - raft.server.staging.catchup.gap = 1000 (default)
2023-03-09 14:58:23,148 [7cc8348c-25f7-4abd-9a5e-53969841dd44@group-8B6815A740CC-LeaderElection8] INFO  server.RaftServerConfigKeys (ConfUtils.java:logGet(46)) - raft.server.write.element-limit = 1024 (custom)
2023-03-09 14:58:23,148 [7cc8348c-25f7-4abd-9a5e-53969841dd44@group-8B6815A740CC-LeaderElection8] INFO  server.RaftServerConfigKeys (ConfUtils.java:logGet(46)) - raft.server.write.byte-limit = 1024 M (=1073741824) (custom)
2023-03-09 14:58:23,149 [7cc8348c-25f7-4abd-9a5e-53969841dd44@group-8B6815A740CC-LeaderElection8] INFO  server.RaftServerConfigKeys (ConfUtils.java:logGet(46)) - raft.server.watch.timeout = 180s (custom)
2023-03-09 14:58:23,149 [7cc8348c-25f7-4abd-9a5e-53969841dd44@group-8B6815A740CC-LeaderElection8] INFO  server.RaftServerConfigKeys (ConfUtils.java:logGet(46)) - raft.server.watch.timeout.denomination = 1s (default)
2023-03-09 14:58:23,149 [7cc8348c-25f7-4abd-9a5e-53969841dd44@group-8B6815A740CC-LeaderElection8] INFO  server.RaftServerConfigKeys (ConfUtils.java:logGet(46)) - raft.server.watch.element-limit = 65536 (default)
2023-03-09 14:58:23,149 [7cc8348c-25f7-4abd-9a5e-53969841dd44@group-8B6815A740CC-LeaderElection8] INFO  server.RaftServerConfigKeys (ConfUtils.java:logGet(46)) - raft.server.write.element-limit = 1024 (custom)
2023-03-09 14:58:23,149 [7cc8348c-25f7-4abd-9a5e-53969841dd44@group-8B6815A740CC-LeaderElection8] INFO  server.RaftServerConfigKeys (ConfUtils.java:logGet(46)) - raft.server.write.follower.gap.ratio.max = -1.0 (default)
2023-03-09 14:58:23,147 [8bafe227-ab53-47f4-b02f-6ec7cb40a7a2@group-8B6815A740CC-FollowerState] INFO  server.RaftServerConfigKeys (ConfUtils.java:logFallback(53)) - raft.server.rpc.first-election.timeout.max = 5200ms (fallback to raft.server.rpc.timeout.max)
2023-03-09 14:58:23,152 [EventQueue-PipelineReportForPipelineReportHandler] INFO  pipeline.PipelineManagerImpl (PipelineManagerImpl.java:openPipeline(367)) - Pipeline Pipeline[ Id: 5cdb5299-f0f3-4ae7-8a8c-8b6815a740cc, Nodes: 7cc8348c-25f7-4abd-9a5e-53969841dd44(localhost/127.0.0.1)8bafe227-ab53-47f4-b02f-6ec7cb40a7a2(localhost/127.0.0.1)9c2028ec-eae4-47ee-99aa-bca7ce936f50(localhost/127.0.0.1), ReplicationConfig: RATIS/THREE, State:ALLOCATED, leaderId:7cc8348c-25f7-4abd-9a5e-53969841dd44, CreationTimestamp2023-03-09T14:58:14.955Z[Etc/UTC]] moved to OPEN state
2023-03-09 14:58:23,152 [EventQueue-OpenPipelineForHealthyPipelineSafeModeRule] INFO  safemode.SCMSafeModeManager (HealthyPipelineSafeModeRule.java:process(137)) - SCM in safe mode. Healthy pipelines reported count is 0, required healthy pipeline reported count is 1
2023-03-09 14:58:23,155 [32163878-e8f2-41cf-b327-23a994648d98@group-8D18AD715950-StateMachineUpdater] INFO  safemode.HealthyPipelineSafeModeRule (HealthyPipelineSafeModeRule.java:initializeRule(165)) - Refreshed total pipeline count is 1, healthy pipeline threshold count is 1
2023-03-09 14:58:23,156 [EventQueue-OpenPipelineForHealthyPipelineSafeModeRule] INFO  safemode.SCMSafeModeManager (HealthyPipelineSafeModeRule.java:process(137)) - SCM in safe mode. Healthy pipelines reported count is 1, required healthy pipeline reported count is 1
2023-03-09 14:58:23,157 [EventQueue-OpenPipelineForHealthyPipelineSafeModeRule] INFO  safemode.SCMSafeModeManager (SCMSafeModeManager.java:validateSafeModeExitRules(200)) - HealthyPipelineSafeModeRule rule is successfully validated
2023-03-09 14:58:23,157 [EventQueue-OpenPipelineForHealthyPipelineSafeModeRule] INFO  safemode.SCMSafeModeManager (SCMSafeModeManager.java:validateSafeModeExitRules(215)) - ScmSafeModeManager, all rules are successfully validated
2023-03-09 14:58:23,157 [EventQueue-OpenPipelineForHealthyPipelineSafeModeRule] INFO  safemode.SCMSafeModeManager (SCMSafeModeManager.java:exitSafeMode(244)) - SCM exiting safe mode.
2023-03-09 14:58:23,157 [EventQueue-OpenPipelineForHealthyPipelineSafeModeRule] INFO  ha.SCMContext (SCMContext.java:updateSafeModeStatus(228)) - Update SafeModeStatus from SafeModeStatus{safeModeStatus=true, preCheckPassed=true} to SafeModeStatus{safeModeStatus=false, preCheckPassed=true}.
2023-03-09 14:58:23,157 [EventQueue-OpenPipelineForHealthyPipelineSafeModeRule] INFO  BackgroundPipelineScrubber (BackgroundSCMService.java:notifyStatusChanged(82)) - Service BackgroundPipelineScrubber transitions to RUNNING.
2023-03-09 14:58:23,157 [EventQueue-OpenPipelineForHealthyPipelineSafeModeRule] INFO  ExpiredContainerReplicaOpScrubber (BackgroundSCMService.java:notifyStatusChanged(82)) - Service ExpiredContainerReplicaOpScrubber transitions to RUNNING.
2023-03-09 14:58:23,157 [EventQueue-OpenPipelineForHealthyPipelineSafeModeRule] INFO  replication.ReplicationManager (ReplicationManager.java:notifyStatusChanged(1085)) - Service ReplicationManager transitions to RUNNING.
2023-03-09 14:58:23,163 [EventQueue-OpenPipelineForHealthyPipelineSafeModeRule] WARN  balancer.ContainerBalancer (ContainerBalancer.java:shouldRun(131)) - Could not find persisted configuration for ContainerBalancer when checking if ContainerBalancer should run. ContainerBalancer should not run now.
2023-03-09 14:58:23,171 [7cc8348c-25f7-4abd-9a5e-53969841dd44@group-8B6815A740CC-LeaderElection8] INFO  server.RaftServerConfigKeys (ConfUtils.java:logGet(46)) - raft.server.log.appender.snapshot.chunk.size.max = 16MB (=16777216) (default)
2023-03-09 14:58:23,171 [7cc8348c-25f7-4abd-9a5e-53969841dd44@group-8B6815A740CC-LeaderElection8] INFO  server.RaftServerConfigKeys (ConfUtils.java:logGet(46)) - raft.server.log.appender.buffer.byte-limit = 33554432 (custom)
2023-03-09 14:58:23,171 [7cc8348c-25f7-4abd-9a5e-53969841dd44@group-8B6815A740CC-LeaderElection8] INFO  server.RaftServerConfigKeys (ConfUtils.java:logGet(46)) - raft.server.log.appender.buffer.element-limit = 1 (custom)
2023-03-09 14:58:23,174 [7cc8348c-25f7-4abd-9a5e-53969841dd44@group-8B6815A740CC-LeaderElection8] INFO  grpc.GrpcConfigKeys (ConfUtils.java:logGet(46)) - raft.grpc.server.leader.outstanding.appends.max = 128 (default)
2023-03-09 14:58:23,175 [7cc8348c-25f7-4abd-9a5e-53969841dd44@group-8B6815A740CC-LeaderElection8] INFO  server.RaftServerConfigKeys (ConfUtils.java:logGet(46)) - raft.server.rpc.request.timeout = 60s (custom)
2023-03-09 14:58:23,175 [7cc8348c-25f7-4abd-9a5e-53969841dd44@group-8B6815A740CC-LeaderElection8] INFO  server.RaftServerConfigKeys (ConfUtils.java:logGet(46)) - raft.server.log.appender.install.snapshot.enabled = false (custom)
2023-03-09 14:58:23,175 [7cc8348c-25f7-4abd-9a5e-53969841dd44@group-8B6815A740CC-LeaderElection8] INFO  grpc.GrpcConfigKeys (ConfUtils.java:logGet(46)) - raft.grpc.server.heartbeat.channel = true (default)
2023-03-09 14:58:23,175 [7cc8348c-25f7-4abd-9a5e-53969841dd44@group-8B6815A740CC-LeaderElection8] INFO  server.RaftServerConfigKeys (ConfUtils.java:logGet(46)) - raft.server.log.appender.wait-time.min = 10ms (default)
2023-03-09 14:58:23,178 [7cc8348c-25f7-4abd-9a5e-53969841dd44@group-8B6815A740CC-LeaderElection8] INFO  server.RaftServerConfigKeys (ConfUtils.java:logGet(46)) - raft.server.log.appender.snapshot.chunk.size.max = 16MB (=16777216) (default)
2023-03-09 14:58:23,178 [7cc8348c-25f7-4abd-9a5e-53969841dd44@group-8B6815A740CC-LeaderElection8] INFO  server.RaftServerConfigKeys (ConfUtils.java:logGet(46)) - raft.server.log.appender.buffer.byte-limit = 33554432 (custom)
2023-03-09 14:58:23,179 [7cc8348c-25f7-4abd-9a5e-53969841dd44@group-8B6815A740CC-LeaderElection8] INFO  server.RaftServerConfigKeys (ConfUtils.java:logGet(46)) - raft.server.log.appender.buffer.element-limit = 1 (custom)
2023-03-09 14:58:23,179 [7cc8348c-25f7-4abd-9a5e-53969841dd44@group-8B6815A740CC-LeaderElection8] INFO  grpc.GrpcConfigKeys (ConfUtils.java:logGet(46)) - raft.grpc.server.leader.outstanding.appends.max = 128 (default)
2023-03-09 14:58:23,179 [7cc8348c-25f7-4abd-9a5e-53969841dd44@group-8B6815A740CC-LeaderElection8] INFO  server.RaftServerConfigKeys (ConfUtils.java:logGet(46)) - raft.server.rpc.request.timeout = 60s (custom)
2023-03-09 14:58:23,179 [7cc8348c-25f7-4abd-9a5e-53969841dd44@group-8B6815A740CC-LeaderElection8] INFO  server.RaftServerConfigKeys (ConfUtils.java:logGet(46)) - raft.server.log.appender.install.snapshot.enabled = false (custom)
2023-03-09 14:58:23,179 [7cc8348c-25f7-4abd-9a5e-53969841dd44@group-8B6815A740CC-LeaderElection8] INFO  grpc.GrpcConfigKeys (ConfUtils.java:logGet(46)) - raft.grpc.server.heartbeat.channel = true (default)
2023-03-09 14:58:23,179 [7cc8348c-25f7-4abd-9a5e-53969841dd44@group-8B6815A740CC-LeaderElection8] INFO  server.RaftServerConfigKeys (ConfUtils.java:logGet(46)) - raft.server.log.appender.wait-time.min = 10ms (default)
2023-03-09 14:58:23,180 [7cc8348c-25f7-4abd-9a5e-53969841dd44@group-8B6815A740CC-LeaderElection8] INFO  impl.RoleInfo (RoleInfo.java:updateAndGet(139)) - 7cc8348c-25f7-4abd-9a5e-53969841dd44: start 7cc8348c-25f7-4abd-9a5e-53969841dd44@group-8B6815A740CC-LeaderStateImpl
2023-03-09 14:58:23,181 [7cc8348c-25f7-4abd-9a5e-53969841dd44@group-8B6815A740CC-LeaderElection8] INFO  segmented.SegmentedRaftLogWorker (SegmentedRaftLogWorker.java:startLogSegment(452)) - 7cc8348c-25f7-4abd-9a5e-53969841dd44@group-8B6815A740CC-SegmentedRaftLogWorker: Starting segment from index:0
2023-03-09 14:58:23,195 [7cc8348c-25f7-4abd-9a5e-53969841dd44@group-8B6815A740CC-SegmentedRaftLogWorker] INFO  segmented.SegmentedRaftLogWorker (SegmentedRaftLogWorker.java:execute(656)) - 7cc8348c-25f7-4abd-9a5e-53969841dd44@group-8B6815A740CC-SegmentedRaftLogWorker: created new log segment /home/runner/work/ozone/ozone/hadoop-ozone/integration-test/target/test-dir/MiniOzoneClusterImpl-e86c7e49-e04f-4606-8b16-8d18ad715950/datanode-2/data/ratis/5cdb5299-f0f3-4ae7-8a8c-8b6815a740cc/current/log_inprogress_0
2023-03-09 14:58:23,200 [7cc8348c-25f7-4abd-9a5e-53969841dd44@group-8B6815A740CC-LeaderElection8] INFO  server.RaftServer$Division (ServerState.java:setRaftConf(430)) - 7cc8348c-25f7-4abd-9a5e-53969841dd44@group-8B6815A740CC: set configuration 0: peers:[8bafe227-ab53-47f4-b02f-6ec7cb40a7a2|rpc:127.0.0.1:43633|dataStream:127.0.0.1:38373|priority:0|startupRole:FOLLOWER, 9c2028ec-eae4-47ee-99aa-bca7ce936f50|rpc:127.0.0.1:35725|dataStream:127.0.0.1:38891|priority:0|startupRole:FOLLOWER, 7cc8348c-25f7-4abd-9a5e-53969841dd44|rpc:127.0.0.1:44627|dataStream:127.0.0.1:32895|priority:1|startupRole:FOLLOWER]|listeners:[], old=null
2023-03-09 14:58:23,231 [9c2028ec-eae4-47ee-99aa-bca7ce936f50-server-thread1] INFO  ratis.XceiverServerRatis (XceiverServerRatis.java:handleLeaderChangedNotification(905)) - Leader change notification received for group: group-8B6815A740CC with new leaderId: 7cc8348c-25f7-4abd-9a5e-53969841dd44
2023-03-09 14:58:23,231 [9c2028ec-eae4-47ee-99aa-bca7ce936f50-server-thread1] INFO  server.RaftServer$Division (ServerState.java:setLeader(313)) - 9c2028ec-eae4-47ee-99aa-bca7ce936f50@group-8B6815A740CC: change Leader from null to 7cc8348c-25f7-4abd-9a5e-53969841dd44 at term 1 for appendEntries, leader elected after 6023ms
2023-03-09 14:58:23,232 [8bafe227-ab53-47f4-b02f-6ec7cb40a7a2-server-thread1] INFO  ratis.XceiverServerRatis (XceiverServerRatis.java:handleLeaderChangedNotification(905)) - Leader change notification received for group: group-8B6815A740CC with new leaderId: 7cc8348c-25f7-4abd-9a5e-53969841dd44
2023-03-09 14:58:23,234 [8bafe227-ab53-47f4-b02f-6ec7cb40a7a2-server-thread1] INFO  server.RaftServer$Division (ServerState.java:setLeader(313)) - 8bafe227-ab53-47f4-b02f-6ec7cb40a7a2@group-8B6815A740CC: change Leader from null to 7cc8348c-25f7-4abd-9a5e-53969841dd44 at term 1 for appendEntries, leader elected after 5609ms
2023-03-09 14:58:23,238 [9c2028ec-eae4-47ee-99aa-bca7ce936f50@group-3CB6E2304B87-FollowerState] INFO  impl.FollowerState (FollowerState.java:run(143)) - 9c2028ec-eae4-47ee-99aa-bca7ce936f50@group-3CB6E2304B87-FollowerState: change to CANDIDATE, lastRpcElapsedTime:5072124560ns, electionTimeout:5066ms
2023-03-09 14:58:23,239 [9c2028ec-eae4-47ee-99aa-bca7ce936f50@group-3CB6E2304B87-FollowerState] INFO  impl.RoleInfo (RoleInfo.java:shutdownFollowerState(110)) - 9c2028ec-eae4-47ee-99aa-bca7ce936f50: shutdown 9c2028ec-eae4-47ee-99aa-bca7ce936f50@group-3CB6E2304B87-FollowerState
2023-03-09 14:58:23,239 [9c2028ec-eae4-47ee-99aa-bca7ce936f50@group-3CB6E2304B87-FollowerState] INFO  server.RaftServer$Division (RaftServerImpl.java:setRole(321)) - 9c2028ec-eae4-47ee-99aa-bca7ce936f50@group-3CB6E2304B87: changes role from  FOLLOWER to CANDIDATE at term 0 for changeToCandidate
2023-03-09 14:58:23,239 [9c2028ec-eae4-47ee-99aa-bca7ce936f50@group-3CB6E2304B87-FollowerState] INFO  server.RaftServerConfigKeys (ConfUtils.java:logGet(46)) - raft.server.leaderelection.pre-vote = true (default)
2023-03-09 14:58:23,240 [9c2028ec-eae4-47ee-99aa-bca7ce936f50@group-3CB6E2304B87-FollowerState] INFO  impl.RoleInfo (RoleInfo.java:updateAndGet(139)) - 9c2028ec-eae4-47ee-99aa-bca7ce936f50: start 9c2028ec-eae4-47ee-99aa-bca7ce936f50@group-3CB6E2304B87-LeaderElection9
2023-03-09 14:58:23,252 [9c2028ec-eae4-47ee-99aa-bca7ce936f50@group-3CB6E2304B87-LeaderElection9] INFO  impl.LeaderElection (LeaderElection.java:askForVotes(312)) - 9c2028ec-eae4-47ee-99aa-bca7ce936f50@group-3CB6E2304B87-LeaderElection9 PRE_VOTE round 0: submit vote requests at term 0 for -1: peers:[8bafe227-ab53-47f4-b02f-6ec7cb40a7a2|rpc:127.0.0.1:43633|dataStream:127.0.0.1:38373|priority:1|startupRole:FOLLOWER, 9c2028ec-eae4-47ee-99aa-bca7ce936f50|rpc:127.0.0.1:35725|dataStream:127.0.0.1:38891|priority:0|startupRole:FOLLOWER, 7cc8348c-25f7-4abd-9a5e-53969841dd44|rpc:127.0.0.1:44627|dataStream:127.0.0.1:32895|priority:0|startupRole:FOLLOWER]|listeners:[], old=null
2023-03-09 14:58:23,255 [8bafe227-ab53-47f4-b02f-6ec7cb40a7a2@group-3CB6E2304B87-FollowerState] INFO  impl.FollowerState (FollowerState.java:run(143)) - 8bafe227-ab53-47f4-b02f-6ec7cb40a7a2@group-3CB6E2304B87-FollowerState: change to CANDIDATE, lastRpcElapsedTime:5083293154ns, electionTimeout:5074ms
2023-03-09 14:58:23,255 [8bafe227-ab53-47f4-b02f-6ec7cb40a7a2@group-3CB6E2304B87-FollowerState] INFO  impl.RoleInfo (RoleInfo.java:shutdownFollowerState(110)) - 8bafe227-ab53-47f4-b02f-6ec7cb40a7a2: shutdown 8bafe227-ab53-47f4-b02f-6ec7cb40a7a2@group-3CB6E2304B87-FollowerState
2023-03-09 14:58:23,255 [8bafe227-ab53-47f4-b02f-6ec7cb40a7a2@group-3CB6E2304B87-FollowerState] INFO  server.RaftServer$Division (RaftServerImpl.java:setRole(321)) - 8bafe227-ab53-47f4-b02f-6ec7cb40a7a2@group-3CB6E2304B87: changes role from  FOLLOWER to CANDIDATE at term 0 for changeToCandidate
2023-03-09 14:58:23,256 [8bafe227-ab53-47f4-b02f-6ec7cb40a7a2@group-3CB6E2304B87-FollowerState] INFO  server.RaftServerConfigKeys (ConfUtils.java:logGet(46)) - raft.server.leaderelection.pre-vote = true (default)
2023-03-09 14:58:23,256 [8bafe227-ab53-47f4-b02f-6ec7cb40a7a2@group-3CB6E2304B87-FollowerState] INFO  impl.RoleInfo (RoleInfo.java:updateAndGet(139)) - 8bafe227-ab53-47f4-b02f-6ec7cb40a7a2: start 8bafe227-ab53-47f4-b02f-6ec7cb40a7a2@group-3CB6E2304B87-LeaderElection10
2023-03-09 14:58:23,270 [8bafe227-ab53-47f4-b02f-6ec7cb40a7a2@group-3CB6E2304B87-LeaderElection10] INFO  impl.LeaderElection (LeaderElection.java:askForVotes(312)) - 8bafe227-ab53-47f4-b02f-6ec7cb40a7a2@group-3CB6E2304B87-LeaderElection10 PRE_VOTE round 0: submit vote requests at term 0 for -1: peers:[8bafe227-ab53-47f4-b02f-6ec7cb40a7a2|rpc:127.0.0.1:43633|dataStream:127.0.0.1:38373|priority:1|startupRole:FOLLOWER, 9c2028ec-eae4-47ee-99aa-bca7ce936f50|rpc:127.0.0.1:35725|dataStream:127.0.0.1:38891|priority:0|startupRole:FOLLOWER, 7cc8348c-25f7-4abd-9a5e-53969841dd44|rpc:127.0.0.1:44627|dataStream:127.0.0.1:32895|priority:0|startupRole:FOLLOWER]|listeners:[], old=null
2023-03-09 14:58:23,280 [8bafe227-ab53-47f4-b02f-6ec7cb40a7a2@group-3CB6E2304B87-LeaderElection10-1] INFO  server.GrpcServerProtocolClient (GrpcServerProtocolClient.java:<init>(63)) - Build channel for 9c2028ec-eae4-47ee-99aa-bca7ce936f50
2023-03-09 14:58:23,271 [9c2028ec-eae4-47ee-99aa-bca7ce936f50@group-3CB6E2304B87-LeaderElection9] INFO  server.RaftServerConfigKeys (ConfUtils.java:logFallback(53)) - raft.server.rpc.first-election.timeout.min = 5s (fallback to raft.server.rpc.timeout.min)
2023-03-09 14:58:23,291 [9c2028ec-eae4-47ee-99aa-bca7ce936f50@group-3CB6E2304B87-LeaderElection9] INFO  server.RaftServerConfigKeys (ConfUtils.java:logFallback(53)) - raft.server.rpc.first-election.timeout.max = 5200ms (fallback to raft.server.rpc.timeout.max)
2023-03-09 14:58:23,291 [9c2028ec-eae4-47ee-99aa-bca7ce936f50-server-thread3] INFO  server.RaftServer$Division (ServerState.java:setRaftConf(430)) - 9c2028ec-eae4-47ee-99aa-bca7ce936f50@group-8B6815A740CC: set configuration 0: peers:[8bafe227-ab53-47f4-b02f-6ec7cb40a7a2|rpc:127.0.0.1:43633|dataStream:127.0.0.1:38373|priority:0|startupRole:FOLLOWER, 9c2028ec-eae4-47ee-99aa-bca7ce936f50|rpc:127.0.0.1:35725|dataStream:127.0.0.1:38891|priority:0|startupRole:FOLLOWER, 7cc8348c-25f7-4abd-9a5e-53969841dd44|rpc:127.0.0.1:44627|dataStream:127.0.0.1:32895|priority:1|startupRole:FOLLOWER]|listeners:[], old=null
2023-03-09 14:58:23,291 [grpc-default-executor-5] INFO  server.RaftServer$Division (RaftServerImpl.java:requestVote(1218)) - 7cc8348c-25f7-4abd-9a5e-53969841dd44@group-3CB6E2304B87: receive requestVote(PRE_VOTE, 9c2028ec-eae4-47ee-99aa-bca7ce936f50, group-3CB6E2304B87, 0, (t:0, i:0))
2023-03-09 14:58:23,292 [grpc-default-executor-5] INFO  impl.VoteContext (VoteContext.java:log(49)) - 7cc8348c-25f7-4abd-9a5e-53969841dd44@group-3CB6E2304B87-FOLLOWER: accept PRE_VOTE from 9c2028ec-eae4-47ee-99aa-bca7ce936f50: our priority 0 <= candidate's priority 0
2023-03-09 14:58:23,286 [8bafe227-ab53-47f4-b02f-6ec7cb40a7a2@group-3CB6E2304B87-LeaderElection10-2] INFO  server.GrpcServerProtocolClient (GrpcServerProtocolClient.java:<init>(63)) - Build channel for 7cc8348c-25f7-4abd-9a5e-53969841dd44
2023-03-09 14:58:23,281 [8bafe227-ab53-47f4-b02f-6ec7cb40a7a2-server-thread2] INFO  server.RaftServer$Division (ServerState.java:setRaftConf(430)) - 8bafe227-ab53-47f4-b02f-6ec7cb40a7a2@group-8B6815A740CC: set configuration 0: peers:[8bafe227-ab53-47f4-b02f-6ec7cb40a7a2|rpc:127.0.0.1:43633|dataStream:127.0.0.1:38373|priority:0|startupRole:FOLLOWER, 9c2028ec-eae4-47ee-99aa-bca7ce936f50|rpc:127.0.0.1:35725|dataStream:127.0.0.1:38891|priority:0|startupRole:FOLLOWER, 7cc8348c-25f7-4abd-9a5e-53969841dd44|rpc:127.0.0.1:44627|dataStream:127.0.0.1:32895|priority:1|startupRole:FOLLOWER]|listeners:[], old=null
2023-03-09 14:58:23,280 [8bafe227-ab53-47f4-b02f-6ec7cb40a7a2@group-3CB6E2304B87-LeaderElection10] INFO  server.RaftServerConfigKeys (ConfUtils.java:logFallback(53)) - raft.server.rpc.first-election.timeout.min = 5s (fallback to raft.server.rpc.timeout.min)
2023-03-09 14:58:23,294 [9c2028ec-eae4-47ee-99aa-bca7ce936f50-server-thread3] INFO  segmented.SegmentedRaftLogWorker (SegmentedRaftLogWorker.java:startLogSegment(452)) - 9c2028ec-eae4-47ee-99aa-bca7ce936f50@group-8B6815A740CC-SegmentedRaftLogWorker: Starting segment from index:0
2023-03-09 14:58:23,294 [8bafe227-ab53-47f4-b02f-6ec7cb40a7a2@group-3CB6E2304B87-LeaderElection10] INFO  server.RaftServerConfigKeys (ConfUtils.java:logFallback(53)) - raft.server.rpc.first-election.timeout.max = 5200ms (fallback to raft.server.rpc.timeout.max)
2023-03-09 14:58:23,293 [grpc-default-executor-5] INFO  server.RaftServer$Division (RaftServerImpl.java:requestVote(1251)) - 7cc8348c-25f7-4abd-9a5e-53969841dd44@group-3CB6E2304B87 replies to PRE_VOTE vote request: 9c2028ec-eae4-47ee-99aa-bca7ce936f50<-7cc8348c-25f7-4abd-9a5e-53969841dd44#0:OK-t0. Peer's state: 7cc8348c-25f7-4abd-9a5e-53969841dd44@group-3CB6E2304B87:t0, leader=null, voted=, raftlog=Memoized:7cc8348c-25f7-4abd-9a5e-53969841dd44@group-3CB6E2304B87-SegmentedRaftLog:OPENED:c-1, conf=-1: peers:[8bafe227-ab53-47f4-b02f-6ec7cb40a7a2|rpc:127.0.0.1:43633|dataStream:127.0.0.1:38373|priority:1|startupRole:FOLLOWER, 9c2028ec-eae4-47ee-99aa-bca7ce936f50|rpc:127.0.0.1:35725|dataStream:127.0.0.1:38891|priority:0|startupRole:FOLLOWER, 7cc8348c-25f7-4abd-9a5e-53969841dd44|rpc:127.0.0.1:44627|dataStream:127.0.0.1:32895|priority:0|startupRole:FOLLOWER]|listeners:[], old=null
2023-03-09 14:58:23,296 [grpc-default-executor-4] INFO  server.RaftServer$Division (RaftServerImpl.java:requestVote(1218)) - 8bafe227-ab53-47f4-b02f-6ec7cb40a7a2@group-3CB6E2304B87: receive requestVote(PRE_VOTE, 9c2028ec-eae4-47ee-99aa-bca7ce936f50, group-3CB6E2304B87, 0, (t:0, i:0))
2023-03-09 14:58:23,297 [grpc-default-executor-4] INFO  impl.VoteContext (VoteContext.java:log(49)) - 8bafe227-ab53-47f4-b02f-6ec7cb40a7a2@group-3CB6E2304B87-CANDIDATE: reject PRE_VOTE from 9c2028ec-eae4-47ee-99aa-bca7ce936f50: our priority 1 > candidate's priority 0
2023-03-09 14:58:23,297 [grpc-default-executor-4] INFO  server.RaftServer$Division (RaftServerImpl.java:requestVote(1251)) - 8bafe227-ab53-47f4-b02f-6ec7cb40a7a2@group-3CB6E2304B87 replies to PRE_VOTE vote request: 9c2028ec-eae4-47ee-99aa-bca7ce936f50<-8bafe227-ab53-47f4-b02f-6ec7cb40a7a2#0:FAIL-t0. Peer's state: 8bafe227-ab53-47f4-b02f-6ec7cb40a7a2@group-3CB6E2304B87:t0, leader=null, voted=, raftlog=Memoized:8bafe227-ab53-47f4-b02f-6ec7cb40a7a2@group-3CB6E2304B87-SegmentedRaftLog:OPENED:c-1, conf=-1: peers:[8bafe227-ab53-47f4-b02f-6ec7cb40a7a2|rpc:127.0.0.1:43633|dataStream:127.0.0.1:38373|priority:1|startupRole:FOLLOWER, 9c2028ec-eae4-47ee-99aa-bca7ce936f50|rpc:127.0.0.1:35725|dataStream:127.0.0.1:38891|priority:0|startupRole:FOLLOWER, 7cc8348c-25f7-4abd-9a5e-53969841dd44|rpc:127.0.0.1:44627|dataStream:127.0.0.1:32895|priority:0|startupRole:FOLLOWER]|listeners:[], old=null
2023-03-09 14:58:23,298 [8bafe227-ab53-47f4-b02f-6ec7cb40a7a2-server-thread2] INFO  segmented.SegmentedRaftLogWorker (SegmentedRaftLogWorker.java:startLogSegment(452)) - 8bafe227-ab53-47f4-b02f-6ec7cb40a7a2@group-8B6815A740CC-SegmentedRaftLogWorker: Starting segment from index:0
2023-03-09 14:58:23,302 [9c2028ec-eae4-47ee-99aa-bca7ce936f50@group-8B6815A740CC-SegmentedRaftLogWorker] INFO  segmented.SegmentedRaftLogWorker (SegmentedRaftLogWorker.java:execute(656)) - 9c2028ec-eae4-47ee-99aa-bca7ce936f50@group-8B6815A740CC-SegmentedRaftLogWorker: created new log segment /home/runner/work/ozone/ozone/hadoop-ozone/integration-test/target/test-dir/MiniOzoneClusterImpl-e86c7e49-e04f-4606-8b16-8d18ad715950/datanode-0/data/ratis/5cdb5299-f0f3-4ae7-8a8c-8b6815a740cc/current/log_inprogress_0
2023-03-09 14:58:23,305 [7cc8348c-25f7-4abd-9a5e-53969841dd44@group-3CB6E2304B87-FollowerState] INFO  server.RaftServerConfigKeys (ConfUtils.java:logFallback(53)) - raft.server.rpc.first-election.timeout.min = 5s (fallback to raft.server.rpc.timeout.min)
2023-03-09 14:58:23,305 [7cc8348c-25f7-4abd-9a5e-53969841dd44@group-3CB6E2304B87-FollowerState] INFO  server.RaftServerConfigKeys (ConfUtils.java:logFallback(53)) - raft.server.rpc.first-election.timeout.max = 5200ms (fallback to raft.server.rpc.timeout.max)
2023-03-09 14:58:23,307 [8bafe227-ab53-47f4-b02f-6ec7cb40a7a2@group-8B6815A740CC-SegmentedRaftLogWorker] INFO  segmented.SegmentedRaftLogWorker (SegmentedRaftLogWorker.java:execute(656)) - 8bafe227-ab53-47f4-b02f-6ec7cb40a7a2@group-8B6815A740CC-SegmentedRaftLogWorker: created new log segment /home/runner/work/ozone/ozone/hadoop-ozone/integration-test/target/test-dir/MiniOzoneClusterImpl-e86c7e49-e04f-4606-8b16-8d18ad715950/datanode-1/data/ratis/5cdb5299-f0f3-4ae7-8a8c-8b6815a740cc/current/log_inprogress_0
2023-03-09 14:58:23,311 [9c2028ec-eae4-47ee-99aa-bca7ce936f50@group-3CB6E2304B87-LeaderElection9] INFO  impl.LeaderElection (LeaderElection.java:logAndReturn(90)) - 9c2028ec-eae4-47ee-99aa-bca7ce936f50@group-3CB6E2304B87-LeaderElection9: PRE_VOTE REJECTED received 2 response(s) and 0 exception(s):
2023-03-09 14:58:23,311 [9c2028ec-eae4-47ee-99aa-bca7ce936f50@group-3CB6E2304B87-LeaderElection9] INFO  impl.LeaderElection (LeaderElection.java:logAndReturn(94)) -   Response 0: 9c2028ec-eae4-47ee-99aa-bca7ce936f50<-8bafe227-ab53-47f4-b02f-6ec7cb40a7a2#0:FAIL-t0
2023-03-09 14:58:23,311 [9c2028ec-eae4-47ee-99aa-bca7ce936f50@group-3CB6E2304B87-LeaderElection9] INFO  impl.LeaderElection (LeaderElection.java:logAndReturn(94)) -   Response 1: 9c2028ec-eae4-47ee-99aa-bca7ce936f50<-7cc8348c-25f7-4abd-9a5e-53969841dd44#0:OK-t0
2023-03-09 14:58:23,311 [9c2028ec-eae4-47ee-99aa-bca7ce936f50@group-3CB6E2304B87-LeaderElection9] INFO  impl.LeaderElection (LeaderElection.java:askForVotes(314)) - 9c2028ec-eae4-47ee-99aa-bca7ce936f50@group-3CB6E2304B87-LeaderElection9 PRE_VOTE round 0: result REJECTED
2023-03-09 14:58:23,311 [9c2028ec-eae4-47ee-99aa-bca7ce936f50@group-3CB6E2304B87-LeaderElection9] INFO  server.RaftServer$Division (RaftServerImpl.java:setRole(321)) - 9c2028ec-eae4-47ee-99aa-bca7ce936f50@group-3CB6E2304B87: changes role from CANDIDATE to FOLLOWER at term 0 for REJECTED
2023-03-09 14:58:23,311 [9c2028ec-eae4-47ee-99aa-bca7ce936f50@group-3CB6E2304B87-LeaderElection9] INFO  impl.RoleInfo (RoleInfo.java:shutdownLeaderElection(130)) - 9c2028ec-eae4-47ee-99aa-bca7ce936f50: shutdown 9c2028ec-eae4-47ee-99aa-bca7ce936f50@group-3CB6E2304B87-LeaderElection9
2023-03-09 14:58:23,311 [9c2028ec-eae4-47ee-99aa-bca7ce936f50@group-3CB6E2304B87-LeaderElection9] INFO  impl.RoleInfo (RoleInfo.java:updateAndGet(139)) - 9c2028ec-eae4-47ee-99aa-bca7ce936f50: start 9c2028ec-eae4-47ee-99aa-bca7ce936f50@group-3CB6E2304B87-FollowerState
2023-03-09 14:58:23,318 [9c2028ec-eae4-47ee-99aa-bca7ce936f50@group-3CB6E2304B87-FollowerState] INFO  server.RaftServerConfigKeys (ConfUtils.java:logFallback(53)) - raft.server.rpc.first-election.timeout.min = 5s (fallback to raft.server.rpc.timeout.min)
2023-03-09 14:58:23,319 [9c2028ec-eae4-47ee-99aa-bca7ce936f50@group-3CB6E2304B87-FollowerState] INFO  server.RaftServerConfigKeys (ConfUtils.java:logFallback(53)) - raft.server.rpc.first-election.timeout.max = 5200ms (fallback to raft.server.rpc.timeout.max)
2023-03-09 14:58:23,319 [grpc-default-executor-2] INFO  server.RaftServer$Division (RaftServerImpl.java:requestVote(1218)) - 9c2028ec-eae4-47ee-99aa-bca7ce936f50@group-3CB6E2304B87: receive requestVote(PRE_VOTE, 8bafe227-ab53-47f4-b02f-6ec7cb40a7a2, group-3CB6E2304B87, 0, (t:0, i:0))
2023-03-09 14:58:23,319 [grpc-default-executor-2] INFO  impl.VoteContext (VoteContext.java:log(49)) - 9c2028ec-eae4-47ee-99aa-bca7ce936f50@group-3CB6E2304B87-FOLLOWER: accept PRE_VOTE from 8bafe227-ab53-47f4-b02f-6ec7cb40a7a2: our priority 0 <= candidate's priority 1
2023-03-09 14:58:23,319 [grpc-default-executor-2] INFO  server.RaftServer$Division (RaftServerImpl.java:requestVote(1251)) - 9c2028ec-eae4-47ee-99aa-bca7ce936f50@group-3CB6E2304B87 replies to PRE_VOTE vote request: 8bafe227-ab53-47f4-b02f-6ec7cb40a7a2<-9c2028ec-eae4-47ee-99aa-bca7ce936f50#0:OK-t0. Peer's state: 9c2028ec-eae4-47ee-99aa-bca7ce936f50@group-3CB6E2304B87:t0, leader=null, voted=, raftlog=Memoized:9c2028ec-eae4-47ee-99aa-bca7ce936f50@group-3CB6E2304B87-SegmentedRaftLog:OPENED:c-1, conf=-1: peers:[8bafe227-ab53-47f4-b02f-6ec7cb40a7a2|rpc:127.0.0.1:43633|dataStream:127.0.0.1:38373|priority:1|startupRole:FOLLOWER, 9c2028ec-eae4-47ee-99aa-bca7ce936f50|rpc:127.0.0.1:35725|dataStream:127.0.0.1:38891|priority:0|startupRole:FOLLOWER, 7cc8348c-25f7-4abd-9a5e-53969841dd44|rpc:127.0.0.1:44627|dataStream:127.0.0.1:32895|priority:0|startupRole:FOLLOWER]|listeners:[], old=null
2023-03-09 14:58:23,324 [8bafe227-ab53-47f4-b02f-6ec7cb40a7a2@group-3CB6E2304B87-LeaderElection10] INFO  impl.LeaderElection (LeaderElection.java:logAndReturn(90)) - 8bafe227-ab53-47f4-b02f-6ec7cb40a7a2@group-3CB6E2304B87-LeaderElection10: PRE_VOTE PASSED received 1 response(s) and 0 exception(s):
2023-03-09 14:58:23,324 [8bafe227-ab53-47f4-b02f-6ec7cb40a7a2@group-3CB6E2304B87-LeaderElection10] INFO  impl.LeaderElection (LeaderElection.java:logAndReturn(94)) -   Response 0: 8bafe227-ab53-47f4-b02f-6ec7cb40a7a2<-9c2028ec-eae4-47ee-99aa-bca7ce936f50#0:OK-t0
2023-03-09 14:58:23,324 [8bafe227-ab53-47f4-b02f-6ec7cb40a7a2@group-3CB6E2304B87-LeaderElection10] INFO  impl.LeaderElection (LeaderElection.java:askForVotes(314)) - 8bafe227-ab53-47f4-b02f-6ec7cb40a7a2@group-3CB6E2304B87-LeaderElection10 PRE_VOTE round 0: result PASSED
2023-03-09 14:58:23,328 [8bafe227-ab53-47f4-b02f-6ec7cb40a7a2@group-3CB6E2304B87-LeaderElection10] INFO  impl.LeaderElection (LeaderElection.java:askForVotes(312)) - 8bafe227-ab53-47f4-b02f-6ec7cb40a7a2@group-3CB6E2304B87-LeaderElection10 ELECTION round 0: submit vote requests at term 1 for -1: peers:[8bafe227-ab53-47f4-b02f-6ec7cb40a7a2|rpc:127.0.0.1:43633|dataStream:127.0.0.1:38373|priority:1|startupRole:FOLLOWER, 9c2028ec-eae4-47ee-99aa-bca7ce936f50|rpc:127.0.0.1:35725|dataStream:127.0.0.1:38891|priority:0|startupRole:FOLLOWER, 7cc8348c-25f7-4abd-9a5e-53969841dd44|rpc:127.0.0.1:44627|dataStream:127.0.0.1:32895|priority:0|startupRole:FOLLOWER]|listeners:[], old=null
2023-03-09 14:58:23,328 [grpc-default-executor-2] INFO  server.RaftServer$Division (RaftServerImpl.java:requestVote(1218)) - 7cc8348c-25f7-4abd-9a5e-53969841dd44@group-3CB6E2304B87: receive requestVote(PRE_VOTE, 8bafe227-ab53-47f4-b02f-6ec7cb40a7a2, group-3CB6E2304B87, 0, (t:0, i:0))
2023-03-09 14:58:23,333 [grpc-default-executor-2] INFO  impl.VoteContext (VoteContext.java:log(49)) - 7cc8348c-25f7-4abd-9a5e-53969841dd44@group-3CB6E2304B87-FOLLOWER: accept PRE_VOTE from 8bafe227-ab53-47f4-b02f-6ec7cb40a7a2: our priority 0 <= candidate's priority 1
2023-03-09 14:58:23,333 [grpc-default-executor-2] INFO  server.RaftServer$Division (RaftServerImpl.java:requestVote(1251)) - 7cc8348c-25f7-4abd-9a5e-53969841dd44@group-3CB6E2304B87 replies to PRE_VOTE vote request: 8bafe227-ab53-47f4-b02f-6ec7cb40a7a2<-7cc8348c-25f7-4abd-9a5e-53969841dd44#0:OK-t0. Peer's state: 7cc8348c-25f7-4abd-9a5e-53969841dd44@group-3CB6E2304B87:t0, leader=null, voted=, raftlog=Memoized:7cc8348c-25f7-4abd-9a5e-53969841dd44@group-3CB6E2304B87-SegmentedRaftLog:OPENED:c-1, conf=-1: peers:[8bafe227-ab53-47f4-b02f-6ec7cb40a7a2|rpc:127.0.0.1:43633|dataStream:127.0.0.1:38373|priority:1|startupRole:FOLLOWER, 9c2028ec-eae4-47ee-99aa-bca7ce936f50|rpc:127.0.0.1:35725|dataStream:127.0.0.1:38891|priority:0|startupRole:FOLLOWER, 7cc8348c-25f7-4abd-9a5e-53969841dd44|rpc:127.0.0.1:44627|dataStream:127.0.0.1:32895|priority:0|startupRole:FOLLOWER]|listeners:[], old=null
2023-03-09 14:58:23,330 [8bafe227-ab53-47f4-b02f-6ec7cb40a7a2@group-3CB6E2304B87-LeaderElection10] INFO  server.RaftServerConfigKeys (ConfUtils.java:logFallback(53)) - raft.server.rpc.first-election.timeout.min = 5s (fallback to raft.server.rpc.timeout.min)
2023-03-09 14:58:23,336 [8bafe227-ab53-47f4-b02f-6ec7cb40a7a2@group-3CB6E2304B87-LeaderElection10] INFO  server.RaftServerConfigKeys (ConfUtils.java:logFallback(53)) - raft.server.rpc.first-election.timeout.max = 5200ms (fallback to raft.server.rpc.timeout.max)
2023-03-09 14:58:23,339 [grpc-default-executor-4] INFO  server.RaftServer$Division (RaftServerImpl.java:requestVote(1218)) - 7cc8348c-25f7-4abd-9a5e-53969841dd44@group-3CB6E2304B87: receive requestVote(ELECTION, 8bafe227-ab53-47f4-b02f-6ec7cb40a7a2, group-3CB6E2304B87, 1, (t:0, i:0))
2023-03-09 14:58:23,339 [grpc-default-executor-4] INFO  impl.VoteContext (VoteContext.java:log(49)) - 7cc8348c-25f7-4abd-9a5e-53969841dd44@group-3CB6E2304B87-FOLLOWER: accept ELECTION from 8bafe227-ab53-47f4-b02f-6ec7cb40a7a2: our priority 0 <= candidate's priority 1
2023-03-09 14:58:23,340 [grpc-default-executor-4] INFO  server.RaftServer$Division (RaftServerImpl.java:setRole(321)) - 7cc8348c-25f7-4abd-9a5e-53969841dd44@group-3CB6E2304B87: changes role from  FOLLOWER to FOLLOWER at term 1 for candidate:8bafe227-ab53-47f4-b02f-6ec7cb40a7a2
2023-03-09 14:58:23,340 [grpc-default-executor-4] INFO  impl.RoleInfo (RoleInfo.java:shutdownFollowerState(110)) - 7cc8348c-25f7-4abd-9a5e-53969841dd44: shutdown 7cc8348c-25f7-4abd-9a5e-53969841dd44@group-3CB6E2304B87-FollowerState
2023-03-09 14:58:23,339 [grpc-default-executor-5] INFO  server.RaftServer$Division (RaftServerImpl.java:requestVote(1218)) - 9c2028ec-eae4-47ee-99aa-bca7ce936f50@group-3CB6E2304B87: receive requestVote(ELECTION, 8bafe227-ab53-47f4-b02f-6ec7cb40a7a2, group-3CB6E2304B87, 1, (t:0, i:0))
2023-03-09 14:58:23,340 [grpc-default-executor-5] INFO  impl.VoteContext (VoteContext.java:log(49)) - 9c2028ec-eae4-47ee-99aa-bca7ce936f50@group-3CB6E2304B87-FOLLOWER: accept ELECTION from 8bafe227-ab53-47f4-b02f-6ec7cb40a7a2: our priority 0 <= candidate's priority 1
2023-03-09 14:58:23,340 [grpc-default-executor-5] INFO  server.RaftServer$Division (RaftServerImpl.java:setRole(321)) - 9c2028ec-eae4-47ee-99aa-bca7ce936f50@group-3CB6E2304B87: changes role from  FOLLOWER to FOLLOWER at term 1 for candidate:8bafe227-ab53-47f4-b02f-6ec7cb40a7a2
2023-03-09 14:58:23,340 [grpc-default-executor-5] INFO  impl.RoleInfo (RoleInfo.java:shutdownFollowerState(110)) - 9c2028ec-eae4-47ee-99aa-bca7ce936f50: shutdown 9c2028ec-eae4-47ee-99aa-bca7ce936f50@group-3CB6E2304B87-FollowerState
2023-03-09 14:58:23,340 [grpc-default-executor-5] INFO  impl.RoleInfo (RoleInfo.java:updateAndGet(139)) - 9c2028ec-eae4-47ee-99aa-bca7ce936f50: start 9c2028ec-eae4-47ee-99aa-bca7ce936f50@group-3CB6E2304B87-FollowerState
2023-03-09 14:58:23,340 [9c2028ec-eae4-47ee-99aa-bca7ce936f50@group-3CB6E2304B87-FollowerState] INFO  impl.FollowerState (FollowerState.java:run(152)) - 9c2028ec-eae4-47ee-99aa-bca7ce936f50@group-3CB6E2304B87-FollowerState was interrupted
2023-03-09 14:58:23,340 [7cc8348c-25f7-4abd-9a5e-53969841dd44@group-3CB6E2304B87-FollowerState] INFO  impl.FollowerState (FollowerState.java:run(152)) - 7cc8348c-25f7-4abd-9a5e-53969841dd44@group-3CB6E2304B87-FollowerState was interrupted
2023-03-09 14:58:23,344 [9c2028ec-eae4-47ee-99aa-bca7ce936f50@group-3CB6E2304B87-FollowerState] INFO  server.RaftServerConfigKeys (ConfUtils.java:logFallback(53)) - raft.server.rpc.first-election.timeout.min = 5s (fallback to raft.server.rpc.timeout.min)
2023-03-09 14:58:23,345 [9c2028ec-eae4-47ee-99aa-bca7ce936f50@group-3CB6E2304B87-FollowerState] INFO  server.RaftServerConfigKeys (ConfUtils.java:logFallback(53)) - raft.server.rpc.first-election.timeout.max = 5200ms (fallback to raft.server.rpc.timeout.max)
2023-03-09 14:58:23,345 [grpc-default-executor-4] INFO  impl.RoleInfo (RoleInfo.java:updateAndGet(139)) - 7cc8348c-25f7-4abd-9a5e-53969841dd44: start 7cc8348c-25f7-4abd-9a5e-53969841dd44@group-3CB6E2304B87-FollowerState
2023-03-09 14:58:23,346 [grpc-default-executor-5] INFO  server.RaftServer$Division (RaftServerImpl.java:requestVote(1251)) - 9c2028ec-eae4-47ee-99aa-bca7ce936f50@group-3CB6E2304B87 replies to ELECTION vote request: 8bafe227-ab53-47f4-b02f-6ec7cb40a7a2<-9c2028ec-eae4-47ee-99aa-bca7ce936f50#0:OK-t1. Peer's state: 9c2028ec-eae4-47ee-99aa-bca7ce936f50@group-3CB6E2304B87:t1, leader=null, voted=8bafe227-ab53-47f4-b02f-6ec7cb40a7a2, raftlog=Memoized:9c2028ec-eae4-47ee-99aa-bca7ce936f50@group-3CB6E2304B87-SegmentedRaftLog:OPENED:c-1, conf=-1: peers:[8bafe227-ab53-47f4-b02f-6ec7cb40a7a2|rpc:127.0.0.1:43633|dataStream:127.0.0.1:38373|priority:1|startupRole:FOLLOWER, 9c2028ec-eae4-47ee-99aa-bca7ce936f50|rpc:127.0.0.1:35725|dataStream:127.0.0.1:38891|priority:0|startupRole:FOLLOWER, 7cc8348c-25f7-4abd-9a5e-53969841dd44|rpc:127.0.0.1:44627|dataStream:127.0.0.1:32895|priority:0|startupRole:FOLLOWER]|listeners:[], old=null
2023-03-09 14:58:23,354 [7cc8348c-25f7-4abd-9a5e-53969841dd44@group-3CB6E2304B87-FollowerState] INFO  server.RaftServerConfigKeys (ConfUtils.java:logFallback(53)) - raft.server.rpc.first-election.timeout.min = 5s (fallback to raft.server.rpc.timeout.min)
2023-03-09 14:58:23,355 [7cc8348c-25f7-4abd-9a5e-53969841dd44@group-3CB6E2304B87-FollowerState] INFO  server.RaftServerConfigKeys (ConfUtils.java:logFallback(53)) - raft.server.rpc.first-election.timeout.max = 5200ms (fallback to raft.server.rpc.timeout.max)
2023-03-09 14:58:23,354 [grpc-default-executor-4] INFO  server.RaftServer$Division (RaftServerImpl.java:requestVote(1251)) - 7cc8348c-25f7-4abd-9a5e-53969841dd44@group-3CB6E2304B87 replies to ELECTION vote request: 8bafe227-ab53-47f4-b02f-6ec7cb40a7a2<-7cc8348c-25f7-4abd-9a5e-53969841dd44#0:OK-t1. Peer's state: 7cc8348c-25f7-4abd-9a5e-53969841dd44@group-3CB6E2304B87:t1, leader=null, voted=8bafe227-ab53-47f4-b02f-6ec7cb40a7a2, raftlog=Memoized:7cc8348c-25f7-4abd-9a5e-53969841dd44@group-3CB6E2304B87-SegmentedRaftLog:OPENED:c-1, conf=-1: peers:[8bafe227-ab53-47f4-b02f-6ec7cb40a7a2|rpc:127.0.0.1:43633|dataStream:127.0.0.1:38373|priority:1|startupRole:FOLLOWER, 9c2028ec-eae4-47ee-99aa-bca7ce936f50|rpc:127.0.0.1:35725|dataStream:127.0.0.1:38891|priority:0|startupRole:FOLLOWER, 7cc8348c-25f7-4abd-9a5e-53969841dd44|rpc:127.0.0.1:44627|dataStream:127.0.0.1:32895|priority:0|startupRole:FOLLOWER]|listeners:[], old=null
2023-03-09 14:58:23,357 [8bafe227-ab53-47f4-b02f-6ec7cb40a7a2@group-3CB6E2304B87-LeaderElection10] INFO  impl.LeaderElection (LeaderElection.java:logAndReturn(90)) - 8bafe227-ab53-47f4-b02f-6ec7cb40a7a2@group-3CB6E2304B87-LeaderElection10: ELECTION PASSED received 1 response(s) and 0 exception(s):
2023-03-09 14:58:23,357 [8bafe227-ab53-47f4-b02f-6ec7cb40a7a2@group-3CB6E2304B87-LeaderElection10] INFO  impl.LeaderElection (LeaderElection.java:logAndReturn(94)) -   Response 0: 8bafe227-ab53-47f4-b02f-6ec7cb40a7a2<-9c2028ec-eae4-47ee-99aa-bca7ce936f50#0:OK-t1
2023-03-09 14:58:23,357 [8bafe227-ab53-47f4-b02f-6ec7cb40a7a2@group-3CB6E2304B87-LeaderElection10] INFO  impl.LeaderElection (LeaderElection.java:askForVotes(314)) - 8bafe227-ab53-47f4-b02f-6ec7cb40a7a2@group-3CB6E2304B87-LeaderElection10 ELECTION round 0: result PASSED
2023-03-09 14:58:23,358 [8bafe227-ab53-47f4-b02f-6ec7cb40a7a2@group-3CB6E2304B87-LeaderElection10] INFO  impl.RoleInfo (RoleInfo.java:shutdownLeaderElection(130)) - 8bafe227-ab53-47f4-b02f-6ec7cb40a7a2: shutdown 8bafe227-ab53-47f4-b02f-6ec7cb40a7a2@group-3CB6E2304B87-LeaderElection10
2023-03-09 14:58:23,358 [8bafe227-ab53-47f4-b02f-6ec7cb40a7a2@group-3CB6E2304B87-LeaderElection10] INFO  server.RaftServer$Division (RaftServerImpl.java:setRole(321)) - 8bafe227-ab53-47f4-b02f-6ec7cb40a7a2@group-3CB6E2304B87: changes role from CANDIDATE to LEADER at term 1 for changeToLeader
2023-03-09 14:58:23,358 [8bafe227-ab53-47f4-b02f-6ec7cb40a7a2@group-3CB6E2304B87-LeaderElection10] INFO  ratis.XceiverServerRatis (XceiverServerRatis.java:handleLeaderChangedNotification(905)) - Leader change notification received for group: group-3CB6E2304B87 with new leaderId: 8bafe227-ab53-47f4-b02f-6ec7cb40a7a2
2023-03-09 14:58:23,358 [8bafe227-ab53-47f4-b02f-6ec7cb40a7a2@group-3CB6E2304B87-LeaderElection10] INFO  server.RaftServer$Division (ServerState.java:setLeader(313)) - 8bafe227-ab53-47f4-b02f-6ec7cb40a7a2@group-3CB6E2304B87: change Leader from null to 8bafe227-ab53-47f4-b02f-6ec7cb40a7a2 at term 1 for becomeLeader, leader elected after 5229ms
2023-03-09 14:58:23,358 [8bafe227-ab53-47f4-b02f-6ec7cb40a7a2@group-3CB6E2304B87-LeaderElection10] INFO  server.RaftServerConfigKeys (ConfUtils.java:logGet(46)) - raft.server.staging.catchup.gap = 1000 (default)
2023-03-09 14:58:23,358 [8bafe227-ab53-47f4-b02f-6ec7cb40a7a2@group-3CB6E2304B87-LeaderElection10] INFO  server.RaftServerConfigKeys (ConfUtils.java:logGet(46)) - raft.server.write.element-limit = 1024 (custom)
2023-03-09 14:58:23,358 [8bafe227-ab53-47f4-b02f-6ec7cb40a7a2@group-3CB6E2304B87-LeaderElection10] INFO  server.RaftServerConfigKeys (ConfUtils.java:logGet(46)) - raft.server.write.byte-limit = 1024 M (=1073741824) (custom)
2023-03-09 14:58:23,361 [8bafe227-ab53-47f4-b02f-6ec7cb40a7a2@group-3CB6E2304B87-LeaderElection10] INFO  server.RaftServerConfigKeys (ConfUtils.java:logGet(46)) - raft.server.watch.timeout = 180s (custom)
2023-03-09 14:58:23,361 [8bafe227-ab53-47f4-b02f-6ec7cb40a7a2@group-3CB6E2304B87-LeaderElection10] INFO  server.RaftServerConfigKeys (ConfUtils.java:logGet(46)) - raft.server.watch.timeout.denomination = 1s (default)
2023-03-09 14:58:23,361 [8bafe227-ab53-47f4-b02f-6ec7cb40a7a2@group-3CB6E2304B87-LeaderElection10] INFO  server.RaftServerConfigKeys (ConfUtils.java:logGet(46)) - raft.server.watch.element-limit = 65536 (default)
2023-03-09 14:58:23,361 [8bafe227-ab53-47f4-b02f-6ec7cb40a7a2@group-3CB6E2304B87-LeaderElection10] INFO  server.RaftServerConfigKeys (ConfUtils.java:logGet(46)) - raft.server.write.element-limit = 1024 (custom)
2023-03-09 14:58:23,361 [8bafe227-ab53-47f4-b02f-6ec7cb40a7a2@group-3CB6E2304B87-LeaderElection10] INFO  server.RaftServerConfigKeys (ConfUtils.java:logGet(46)) - raft.server.write.follower.gap.ratio.max = -1.0 (default)
2023-03-09 14:58:23,362 [8bafe227-ab53-47f4-b02f-6ec7cb40a7a2@group-3CB6E2304B87-LeaderElection10] INFO  server.RaftServerConfigKeys (ConfUtils.java:logGet(46)) - raft.server.log.appender.snapshot.chunk.size.max = 16MB (=16777216) (default)
2023-03-09 14:58:23,362 [8bafe227-ab53-47f4-b02f-6ec7cb40a7a2@group-3CB6E2304B87-LeaderElection10] INFO  server.RaftServerConfigKeys (ConfUtils.java:logGet(46)) - raft.server.log.appender.buffer.byte-limit = 33554432 (custom)
2023-03-09 14:58:23,362 [8bafe227-ab53-47f4-b02f-6ec7cb40a7a2@group-3CB6E2304B87-LeaderElection10] INFO  server.RaftServerConfigKeys (ConfUtils.java:logGet(46)) - raft.server.log.appender.buffer.element-limit = 1 (custom)
2023-03-09 14:58:23,362 [8bafe227-ab53-47f4-b02f-6ec7cb40a7a2@group-3CB6E2304B87-LeaderElection10] INFO  grpc.GrpcConfigKeys (ConfUtils.java:logGet(46)) - raft.grpc.server.leader.outstanding.appends.max = 128 (default)
2023-03-09 14:58:23,362 [8bafe227-ab53-47f4-b02f-6ec7cb40a7a2@group-3CB6E2304B87-LeaderElection10] INFO  server.RaftServerConfigKeys (ConfUtils.java:logGet(46)) - raft.server.rpc.request.timeout = 60s (custom)
2023-03-09 14:58:23,362 [8bafe227-ab53-47f4-b02f-6ec7cb40a7a2@group-3CB6E2304B87-LeaderElection10] INFO  server.RaftServerConfigKeys (ConfUtils.java:logGet(46)) - raft.server.log.appender.install.snapshot.enabled = false (custom)
2023-03-09 14:58:23,362 [8bafe227-ab53-47f4-b02f-6ec7cb40a7a2@group-3CB6E2304B87-LeaderElection10] INFO  grpc.GrpcConfigKeys (ConfUtils.java:logGet(46)) - raft.grpc.server.heartbeat.channel = true (default)
2023-03-09 14:58:23,362 [8bafe227-ab53-47f4-b02f-6ec7cb40a7a2@group-3CB6E2304B87-LeaderElection10] INFO  server.RaftServerConfigKeys (ConfUtils.java:logGet(46)) - raft.server.log.appender.wait-time.min = 10ms (default)
2023-03-09 14:58:23,363 [EventQueue-PipelineReportForPipelineReportHandler] INFO  pipeline.PipelineManagerImpl (PipelineManagerImpl.java:openPipeline(367)) - Pipeline Pipeline[ Id: a417e7bd-d0a1-44e2-96ee-3cb6e2304b87, Nodes: 7cc8348c-25f7-4abd-9a5e-53969841dd44(localhost/127.0.0.1)8bafe227-ab53-47f4-b02f-6ec7cb40a7a2(localhost/127.0.0.1)9c2028ec-eae4-47ee-99aa-bca7ce936f50(localhost/127.0.0.1), ReplicationConfig: RATIS/THREE, State:ALLOCATED, leaderId:8bafe227-ab53-47f4-b02f-6ec7cb40a7a2, CreationTimestamp2023-03-09T14:58:14.963Z[Etc/UTC]] moved to OPEN state
2023-03-09 14:58:23,363 [8bafe227-ab53-47f4-b02f-6ec7cb40a7a2@group-3CB6E2304B87-LeaderElection10] INFO  server.RaftServerConfigKeys (ConfUtils.java:logGet(46)) - raft.server.log.appender.snapshot.chunk.size.max = 16MB (=16777216) (default)
2023-03-09 14:58:23,363 [8bafe227-ab53-47f4-b02f-6ec7cb40a7a2@group-3CB6E2304B87-LeaderElection10] INFO  server.RaftServerConfigKeys (ConfUtils.java:logGet(46)) - raft.server.log.appender.buffer.byte-limit = 33554432 (custom)
2023-03-09 14:58:23,364 [8bafe227-ab53-47f4-b02f-6ec7cb40a7a2@group-3CB6E2304B87-LeaderElection10] INFO  server.RaftServerConfigKeys (ConfUtils.java:logGet(46)) - raft.server.log.appender.buffer.element-limit = 1 (custom)
2023-03-09 14:58:23,364 [8bafe227-ab53-47f4-b02f-6ec7cb40a7a2@group-3CB6E2304B87-LeaderElection10] INFO  grpc.GrpcConfigKeys (ConfUtils.java:logGet(46)) - raft.grpc.server.leader.outstanding.appends.max = 128 (default)
2023-03-09 14:58:23,364 [8bafe227-ab53-47f4-b02f-6ec7cb40a7a2@group-3CB6E2304B87-LeaderElection10] INFO  server.RaftServerConfigKeys (ConfUtils.java:logGet(46)) - raft.server.rpc.request.timeout = 60s (custom)
2023-03-09 14:58:23,364 [8bafe227-ab53-47f4-b02f-6ec7cb40a7a2@group-3CB6E2304B87-LeaderElection10] INFO  server.RaftServerConfigKeys (ConfUtils.java:logGet(46)) - raft.server.log.appender.install.snapshot.enabled = false (custom)
2023-03-09 14:58:23,364 [8bafe227-ab53-47f4-b02f-6ec7cb40a7a2@group-3CB6E2304B87-LeaderElection10] INFO  grpc.GrpcConfigKeys (ConfUtils.java:logGet(46)) - raft.grpc.server.heartbeat.channel = true (default)
2023-03-09 14:58:23,364 [8bafe227-ab53-47f4-b02f-6ec7cb40a7a2@group-3CB6E2304B87-LeaderElection10] INFO  server.RaftServerConfigKeys (ConfUtils.java:logGet(46)) - raft.server.log.appender.wait-time.min = 10ms (default)
2023-03-09 14:58:23,364 [8bafe227-ab53-47f4-b02f-6ec7cb40a7a2@group-3CB6E2304B87-LeaderElection10] INFO  impl.RoleInfo (RoleInfo.java:updateAndGet(139)) - 8bafe227-ab53-47f4-b02f-6ec7cb40a7a2: start 8bafe227-ab53-47f4-b02f-6ec7cb40a7a2@group-3CB6E2304B87-LeaderStateImpl
2023-03-09 14:58:23,365 [8bafe227-ab53-47f4-b02f-6ec7cb40a7a2@group-3CB6E2304B87-LeaderElection10] INFO  segmented.SegmentedRaftLogWorker (SegmentedRaftLogWorker.java:startLogSegment(452)) - 8bafe227-ab53-47f4-b02f-6ec7cb40a7a2@group-3CB6E2304B87-SegmentedRaftLogWorker: Starting segment from index:0
2023-03-09 14:58:23,367 [8bafe227-ab53-47f4-b02f-6ec7cb40a7a2@group-3CB6E2304B87-SegmentedRaftLogWorker] INFO  segmented.SegmentedRaftLogWorker (SegmentedRaftLogWorker.java:execute(656)) - 8bafe227-ab53-47f4-b02f-6ec7cb40a7a2@group-3CB6E2304B87-SegmentedRaftLogWorker: created new log segment /home/runner/work/ozone/ozone/hadoop-ozone/integration-test/target/test-dir/MiniOzoneClusterImpl-e86c7e49-e04f-4606-8b16-8d18ad715950/datanode-1/data/ratis/a417e7bd-d0a1-44e2-96ee-3cb6e2304b87/current/log_inprogress_0
2023-03-09 14:58:23,374 [8bafe227-ab53-47f4-b02f-6ec7cb40a7a2@group-3CB6E2304B87-LeaderElection10] INFO  server.RaftServer$Division (ServerState.java:setRaftConf(430)) - 8bafe227-ab53-47f4-b02f-6ec7cb40a7a2@group-3CB6E2304B87: set configuration 0: peers:[8bafe227-ab53-47f4-b02f-6ec7cb40a7a2|rpc:127.0.0.1:43633|dataStream:127.0.0.1:38373|priority:1|startupRole:FOLLOWER, 9c2028ec-eae4-47ee-99aa-bca7ce936f50|rpc:127.0.0.1:35725|dataStream:127.0.0.1:38891|priority:0|startupRole:FOLLOWER, 7cc8348c-25f7-4abd-9a5e-53969841dd44|rpc:127.0.0.1:44627|dataStream:127.0.0.1:32895|priority:0|startupRole:FOLLOWER]|listeners:[], old=null
2023-03-09 14:58:23,390 [9c2028ec-eae4-47ee-99aa-bca7ce936f50-server-thread1] INFO  ratis.XceiverServerRatis (XceiverServerRatis.java:handleLeaderChangedNotification(905)) - Leader change notification received for group: group-3CB6E2304B87 with new leaderId: 8bafe227-ab53-47f4-b02f-6ec7cb40a7a2
2023-03-09 14:58:23,390 [9c2028ec-eae4-47ee-99aa-bca7ce936f50-server-thread1] INFO  server.RaftServer$Division (ServerState.java:setLeader(313)) - 9c2028ec-eae4-47ee-99aa-bca7ce936f50@group-3CB6E2304B87: change Leader from null to 8bafe227-ab53-47f4-b02f-6ec7cb40a7a2 at term 1 for appendEntries, leader elected after 5266ms
2023-03-09 14:58:23,391 [7cc8348c-25f7-4abd-9a5e-53969841dd44-server-thread2] INFO  ratis.XceiverServerRatis (XceiverServerRatis.java:handleLeaderChangedNotification(905)) - Leader change notification received for group: group-3CB6E2304B87 with new leaderId: 8bafe227-ab53-47f4-b02f-6ec7cb40a7a2
2023-03-09 14:58:23,391 [7cc8348c-25f7-4abd-9a5e-53969841dd44-server-thread2] INFO  server.RaftServer$Division (ServerState.java:setLeader(313)) - 7cc8348c-25f7-4abd-9a5e-53969841dd44@group-3CB6E2304B87: change Leader from null to 8bafe227-ab53-47f4-b02f-6ec7cb40a7a2 at term 1 for appendEntries, leader elected after 5361ms
2023-03-09 14:58:23,407 [9c2028ec-eae4-47ee-99aa-bca7ce936f50-server-thread1] INFO  server.RaftServer$Division (ServerState.java:setRaftConf(430)) - 9c2028ec-eae4-47ee-99aa-bca7ce936f50@group-3CB6E2304B87: set configuration 0: peers:[8bafe227-ab53-47f4-b02f-6ec7cb40a7a2|rpc:127.0.0.1:43633|dataStream:127.0.0.1:38373|priority:1|startupRole:FOLLOWER, 9c2028ec-eae4-47ee-99aa-bca7ce936f50|rpc:127.0.0.1:35725|dataStream:127.0.0.1:38891|priority:0|startupRole:FOLLOWER, 7cc8348c-25f7-4abd-9a5e-53969841dd44|rpc:127.0.0.1:44627|dataStream:127.0.0.1:32895|priority:0|startupRole:FOLLOWER]|listeners:[], old=null
2023-03-09 14:58:23,408 [9c2028ec-eae4-47ee-99aa-bca7ce936f50-server-thread1] INFO  segmented.SegmentedRaftLogWorker (SegmentedRaftLogWorker.java:startLogSegment(452)) - 9c2028ec-eae4-47ee-99aa-bca7ce936f50@group-3CB6E2304B87-SegmentedRaftLogWorker: Starting segment from index:0
2023-03-09 14:58:23,411 [7cc8348c-25f7-4abd-9a5e-53969841dd44-server-thread1] INFO  server.RaftServer$Division (ServerState.java:setRaftConf(430)) - 7cc8348c-25f7-4abd-9a5e-53969841dd44@group-3CB6E2304B87: set configuration 0: peers:[8bafe227-ab53-47f4-b02f-6ec7cb40a7a2|rpc:127.0.0.1:43633|dataStream:127.0.0.1:38373|priority:1|startupRole:FOLLOWER, 9c2028ec-eae4-47ee-99aa-bca7ce936f50|rpc:127.0.0.1:35725|dataStream:127.0.0.1:38891|priority:0|startupRole:FOLLOWER, 7cc8348c-25f7-4abd-9a5e-53969841dd44|rpc:127.0.0.1:44627|dataStream:127.0.0.1:32895|priority:0|startupRole:FOLLOWER]|listeners:[], old=null
2023-03-09 14:58:23,411 [7cc8348c-25f7-4abd-9a5e-53969841dd44-server-thread1] INFO  segmented.SegmentedRaftLogWorker (SegmentedRaftLogWorker.java:startLogSegment(452)) - 7cc8348c-25f7-4abd-9a5e-53969841dd44@group-3CB6E2304B87-SegmentedRaftLogWorker: Starting segment from index:0
2023-03-09 14:58:23,414 [9c2028ec-eae4-47ee-99aa-bca7ce936f50@group-3CB6E2304B87-SegmentedRaftLogWorker] INFO  segmented.SegmentedRaftLogWorker (SegmentedRaftLogWorker.java:execute(656)) - 9c2028ec-eae4-47ee-99aa-bca7ce936f50@group-3CB6E2304B87-SegmentedRaftLogWorker: created new log segment /home/runner/work/ozone/ozone/hadoop-ozone/integration-test/target/test-dir/MiniOzoneClusterImpl-e86c7e49-e04f-4606-8b16-8d18ad715950/datanode-0/data/ratis/a417e7bd-d0a1-44e2-96ee-3cb6e2304b87/current/log_inprogress_0
2023-03-09 14:58:23,416 [7cc8348c-25f7-4abd-9a5e-53969841dd44@group-3CB6E2304B87-SegmentedRaftLogWorker] INFO  segmented.SegmentedRaftLogWorker (SegmentedRaftLogWorker.java:execute(656)) - 7cc8348c-25f7-4abd-9a5e-53969841dd44@group-3CB6E2304B87-SegmentedRaftLogWorker: created new log segment /home/runner/work/ozone/ozone/hadoop-ozone/integration-test/target/test-dir/MiniOzoneClusterImpl-e86c7e49-e04f-4606-8b16-8d18ad715950/datanode-2/data/ratis/a417e7bd-d0a1-44e2-96ee-3cb6e2304b87/current/log_inprogress_0
2023-03-09 14:58:24,095 [Listener at 127.0.0.1/39405] INFO  ozone.MiniOzoneClusterImpl (MiniOzoneClusterImpl.java:lambda$waitForClusterToBeReady$0(218)) - Nodes are ready. Got 3 of 3 DN Heartbeats.
2023-03-09 14:58:24,095 [Listener at 127.0.0.1/39405] INFO  ozone.MiniOzoneClusterImpl (MiniOzoneClusterImpl.java:lambda$waitForClusterToBeReady$0(221)) - Cluster exits safe mode
2023-03-09 14:58:24,095 [Listener at 127.0.0.1/39405] INFO  ozone.MiniOzoneClusterImpl (MiniOzoneClusterImpl.java:lambda$waitForClusterToBeReady$0(223)) - SCM became leader
2023-03-09 14:58:24,985 [IPC Server handler 3 on default port 39405] INFO  ha.SCMNodeInfo (SCMNodeInfo.java:getPort(197)) - ConfigKey ozone.scm.client.address is deprecated, For configuring different ports for each SCM use PortConfigKey ozone.scm.client.port appended with serviceId and nodeId
2023-03-09 14:58:24,986 [IPC Server handler 3 on default port 39405] INFO  ha.SCMNodeInfo (SCMNodeInfo.java:getPort(197)) - ConfigKey ozone.scm.block.client.address is deprecated, For configuring different ports for each SCM use PortConfigKey ozone.scm.block.client.port appended with serviceId and nodeId
2023-03-09 14:58:24,986 [IPC Server handler 3 on default port 39405] INFO  ha.SCMNodeInfo (SCMNodeInfo.java:getPort(197)) - ConfigKey ozone.scm.datanode.address is deprecated, For configuring different ports for each SCM use PortConfigKey ozone.scm.datanode.port appended with serviceId and nodeId
2023-03-09 14:58:25,002 [Listener at 127.0.0.1/39405] INFO  rpc.RpcClient (RpcClient.java:createVolume(476)) - Creating Volume: volume58122, with runner as owner and space quota set to -1 bytes, counts quota set to -1
2023-03-09 14:58:25,057 [OM StateMachine ApplyTransaction Thread - 0] INFO  volume.OMVolumeCreateRequest (OMVolumeCreateRequest.java:validateAndUpdateCache(195)) - created volume:volume58122 for user:runner
2023-03-09 14:58:25,090 [Listener at 127.0.0.1/39405] INFO  rpc.RpcClient (RpcClient.java:createBucket(698)) - Creating Bucket: volume58122/bucket28645, with server-side default bucket layout, runner as owner, Versioning false, Storage Type set to DISK and Encryption set to false, Replication Type set to server-side default replication type, Namespace Quota set to -1, Space Quota set to -1 
2023-03-09 14:58:25,107 [OM StateMachine ApplyTransaction Thread - 0] INFO  bucket.OMBucketCreateRequest (OMBucketCreateRequest.java:validateAndUpdateCache(263)) - created bucket: bucket28645 of layout FILE_SYSTEM_OPTIMIZED in volume: volume58122
2023-03-09 14:58:25,197 [IPC Server handler 3 on default port 43203] INFO  ha.SequenceIdGenerator (SequenceIdGenerator.java:getNextId(128)) - Allocate a batch for containerId, change lastId from 0 to 1000.
2023-03-09 14:58:25,225 [32163878-e8f2-41cf-b327-23a994648d98@group-8D18AD715950-StateMachineUpdater] WARN  ha.SequenceIdGenerator (SequenceIdGenerator.java:allocateBatch(237)) - Failed to allocate a batch for localId, expected lastId is 0, actual lastId is 111677748019200000.
2023-03-09 14:58:25,234 [IPC Server handler 3 on default port 43203] INFO  ha.SequenceIdGenerator (SequenceIdGenerator.java:getNextId(128)) - Allocate a batch for localId, change lastId from 111677748019200000 to 111677748019201000.
2023-03-09 14:58:25,340 [Listener at 127.0.0.1/39405] INFO  impl.MetricsSystemImpl (MetricsSystemImpl.java:init(158)) - XceiverClientMetrics metrics system started (again)
2023-03-09 14:58:25,704 [Listener at 127.0.0.1/39405] INFO  ha.OMHANodeDetails (OMHANodeDetails.java:loadOMHAConfig(121)) - ServiceID for OzoneManager is om-add-remove
2023-03-09 14:58:25,705 [Listener at 127.0.0.1/39405] INFO  ha.OMHANodeDetails (OMHANodeDetails.java:loadOMHAConfig(201)) - Found matching OM address with OMServiceId: om-add-remove, OMNodeId: omNode-bootstrap-1, RPC Address: localhost:39267 and Ratis port: 38633
2023-03-09 14:58:25,705 [Listener at 127.0.0.1/39405] INFO  ha.OMHANodeDetails (ConfUtils.java:setNodeSpecificConfigs(97)) - Setting configuration key ozone.om.http-address with value of key ozone.om.http-address.om-add-remove.omNode-bootstrap-1: 127.0.0.1:39475
2023-03-09 14:58:25,705 [Listener at 127.0.0.1/39405] INFO  ha.OMHANodeDetails (ConfUtils.java:setNodeSpecificConfigs(97)) - Setting configuration key ozone.om.https-address with value of key ozone.om.https-address.om-add-remove.omNode-bootstrap-1: 127.0.0.1:42263
2023-03-09 14:58:25,705 [Listener at 127.0.0.1/39405] INFO  ha.OMHANodeDetails (ConfUtils.java:setNodeSpecificConfigs(97)) - Setting configuration key ozone.om.address with value of key ozone.om.address.om-add-remove.omNode-bootstrap-1: 127.0.0.1:39267
2023-03-09 14:58:25,705 [Listener at 127.0.0.1/39405] WARN  server.ServerUtils (ServerUtils.java:getDBPath(225)) - ozone.om.db.dirs is not configured. We recommend adding this setting. Falling back to ozone.metadata.dirs instead.
2023-03-09 14:58:25,706 [Listener at 127.0.0.1/39405] INFO  ha.SCMNodeInfo (SCMNodeInfo.java:getPort(197)) - ConfigKey ozone.scm.client.address is deprecated, For configuring different ports for each SCM use PortConfigKey ozone.scm.client.port appended with serviceId and nodeId
2023-03-09 14:58:25,707 [Listener at 127.0.0.1/39405] INFO  ha.SCMNodeInfo (SCMNodeInfo.java:getPort(197)) - ConfigKey ozone.scm.block.client.address is deprecated, For configuring different ports for each SCM use PortConfigKey ozone.scm.block.client.port appended with serviceId and nodeId
2023-03-09 14:58:25,707 [Listener at 127.0.0.1/39405] INFO  ha.SCMNodeInfo (SCMNodeInfo.java:getPort(197)) - ConfigKey ozone.scm.datanode.address is deprecated, For configuring different ports for each SCM use PortConfigKey ozone.scm.datanode.port appended with serviceId and nodeId
2023-03-09 14:58:25,707 [Listener at 127.0.0.1/39405] INFO  proxy.SCMBlockLocationFailoverProxyProvider (SCMBlockLocationFailoverProxyProvider.java:<init>(114)) - Created block location fail-over proxy with 1 nodes: [nodeId=scmNode-1,nodeAddress=/127.0.0.1:43203]
OM initialization succeeded.Current cluster id for sd=/home/runner/work/ozone/ozone/hadoop-ozone/integration-test/target/test-dir/MiniOzoneClusterImpl-e86c7e49-e04f-4606-8b16-8d18ad715950/omNode-bootstrap-1/om;cid=e86c7e49-e04f-4606-8b16-8d18ad715950;layoutVersion=3
2023-03-09 14:58:25,733 [Listener at 127.0.0.1/39405] INFO  ha.OMHANodeDetails (OMHANodeDetails.java:loadOMHAConfig(121)) - ServiceID for OzoneManager is om-add-remove
2023-03-09 14:58:25,734 [Listener at 127.0.0.1/39405] INFO  ha.OMHANodeDetails (OMHANodeDetails.java:loadOMHAConfig(201)) - Found matching OM address with OMServiceId: om-add-remove, OMNodeId: omNode-bootstrap-1, RPC Address: localhost:39267 and Ratis port: 38633
2023-03-09 14:58:25,734 [Listener at 127.0.0.1/39405] INFO  ha.OMHANodeDetails (ConfUtils.java:setNodeSpecificConfigs(97)) - Setting configuration key ozone.om.http-address with value of key ozone.om.http-address.om-add-remove.omNode-bootstrap-1: 127.0.0.1:39475
2023-03-09 14:58:25,734 [Listener at 127.0.0.1/39405] INFO  ha.OMHANodeDetails (ConfUtils.java:setNodeSpecificConfigs(97)) - Setting configuration key ozone.om.https-address with value of key ozone.om.https-address.om-add-remove.omNode-bootstrap-1: 127.0.0.1:42263
2023-03-09 14:58:25,734 [Listener at 127.0.0.1/39405] INFO  ha.OMHANodeDetails (ConfUtils.java:setNodeSpecificConfigs(97)) - Setting configuration key ozone.om.address with value of key ozone.om.address.om-add-remove.omNode-bootstrap-1: 127.0.0.1:39267
2023-03-09 14:58:25,735 [Listener at 127.0.0.1/39405] WARN  server.ServerUtils (ServerUtils.java:getDBPath(225)) - ozone.om.db.dirs is not configured. We recommend adding this setting. Falling back to ozone.metadata.dirs instead.
2023-03-09 14:58:25,738 [Listener at 127.0.0.1/39405] INFO  upgrade.AbstractLayoutVersionManager (AbstractLayoutVersionManager.java:init(83)) - Initializing Layout version manager with metadata layout = MULTITENANCY_SCHEMA (version = 3), software layout = MULTITENANCY_SCHEMA (version = 3)
2023-03-09 14:58:25,823 [Listener at 127.0.0.1/39405] INFO  reflections.Reflections (Reflections.java:scan(232)) - Reflections took 82 ms to scan 2 urls, producing 167 keys and 459 values [using 2 cores]
2023-03-09 14:58:25,823 [Listener at 127.0.0.1/39405] INFO  upgrade.OMLayoutVersionManager (OMLayoutVersionManager.java:lambda$0(115)) - Skipping Upgrade Action MockOmUpgradeAction since it has been finalized.
2023-03-09 14:58:25,823 [Listener at 127.0.0.1/39405] WARN  server.ServerUtils (ServerUtils.java:getDBPath(225)) - ozone.om.db.dirs is not configured. We recommend adding this setting. Falling back to ozone.metadata.dirs instead.
2023-03-09 14:58:25,825 [Listener at 127.0.0.1/39405] INFO  ha.SCMNodeInfo (SCMNodeInfo.java:getPort(197)) - ConfigKey ozone.scm.client.address is deprecated, For configuring different ports for each SCM use PortConfigKey ozone.scm.client.port appended with serviceId and nodeId
2023-03-09 14:58:25,825 [Listener at 127.0.0.1/39405] INFO  ha.SCMNodeInfo (SCMNodeInfo.java:getPort(197)) - ConfigKey ozone.scm.block.client.address is deprecated, For configuring different ports for each SCM use PortConfigKey ozone.scm.block.client.port appended with serviceId and nodeId
2023-03-09 14:58:25,825 [Listener at 127.0.0.1/39405] INFO  ha.SCMNodeInfo (SCMNodeInfo.java:getPort(197)) - ConfigKey ozone.scm.datanode.address is deprecated, For configuring different ports for each SCM use PortConfigKey ozone.scm.datanode.port appended with serviceId and nodeId
2023-03-09 14:58:25,826 [Listener at 127.0.0.1/39405] INFO  ha.SCMNodeInfo (SCMNodeInfo.java:getPort(197)) - ConfigKey ozone.scm.client.address is deprecated, For configuring different ports for each SCM use PortConfigKey ozone.scm.client.port appended with serviceId and nodeId
2023-03-09 14:58:25,826 [Listener at 127.0.0.1/39405] INFO  ha.SCMNodeInfo (SCMNodeInfo.java:getPort(197)) - ConfigKey ozone.scm.block.client.address is deprecated, For configuring different ports for each SCM use PortConfigKey ozone.scm.block.client.port appended with serviceId and nodeId
2023-03-09 14:58:25,826 [Listener at 127.0.0.1/39405] INFO  ha.SCMNodeInfo (SCMNodeInfo.java:getPort(197)) - ConfigKey ozone.scm.datanode.address is deprecated, For configuring different ports for each SCM use PortConfigKey ozone.scm.datanode.port appended with serviceId and nodeId
2023-03-09 14:58:25,827 [Listener at 127.0.0.1/39405] INFO  proxy.SCMBlockLocationFailoverProxyProvider (SCMBlockLocationFailoverProxyProvider.java:<init>(114)) - Created block location fail-over proxy with 1 nodes: [nodeId=scmNode-1,nodeAddress=/127.0.0.1:43203]
2023-03-09 14:58:25,829 [Listener at 127.0.0.1/39405] INFO  ha.SCMNodeInfo (SCMNodeInfo.java:getPort(197)) - ConfigKey ozone.scm.client.address is deprecated, For configuring different ports for each SCM use PortConfigKey ozone.scm.client.port appended with serviceId and nodeId
2023-03-09 14:58:25,829 [Listener at 127.0.0.1/39405] INFO  ha.SCMNodeInfo (SCMNodeInfo.java:getPort(197)) - ConfigKey ozone.scm.block.client.address is deprecated, For configuring different ports for each SCM use PortConfigKey ozone.scm.block.client.port appended with serviceId and nodeId
2023-03-09 14:58:25,829 [Listener at 127.0.0.1/39405] INFO  ha.SCMNodeInfo (SCMNodeInfo.java:getPort(197)) - ConfigKey ozone.scm.datanode.address is deprecated, For configuring different ports for each SCM use PortConfigKey ozone.scm.datanode.port appended with serviceId and nodeId
2023-03-09 14:58:25,830 [Listener at 127.0.0.1/39405] INFO  proxy.SCMBlockLocationFailoverProxyProvider (SCMBlockLocationFailoverProxyProvider.java:<init>(114)) - Created block location fail-over proxy with 1 nodes: [nodeId=scmNode-1,nodeAddress=/127.0.0.1:43203]
2023-03-09 14:58:25,841 [Listener at 127.0.0.1/39405] INFO  om.OzoneManager (OzoneManager.java:<init>(619)) - OM start with adminUsers: [runner]
2023-03-09 14:58:25,842 [Listener at 127.0.0.1/39405] WARN  server.ServerUtils (ServerUtils.java:getDBPath(225)) - ozone.om.db.dirs is not configured. We recommend adding this setting. Falling back to ozone.metadata.dirs instead.
2023-03-09 14:58:25,843 [Listener at 127.0.0.1/39405] INFO  codec.OmKeyInfoCodec (OmKeyInfoCodec.java:<init>(49)) - OmKeyInfoCodec ignorePipeline = true
2023-03-09 14:58:25,843 [Listener at 127.0.0.1/39405] INFO  codec.RepeatedOmKeyInfoCodec (RepeatedOmKeyInfoCodec.java:<init>(41)) - RepeatedOmKeyInfoCodec ignorePipeline = true
2023-03-09 14:58:26,075 [Listener at 127.0.0.1/39405] INFO  om.OzoneManager (OzoneManager.java:instantiateServices(749)) - S3 Multi-Tenancy is disabled
2023-03-09 14:58:26,076 [Listener at 127.0.0.1/39405] WARN  server.ServerUtils (ServerUtils.java:getDBPath(225)) - ozone.om.snapshot.diff.db.dir is not configured. We recommend adding this setting. Falling back to ozone.metadata.dirs instead.
2023-03-09 14:58:26,092 [Listener at 127.0.0.1/39405] INFO  om.OzoneManager (OzoneManager.java:addS3GVolumeToDB(4217)) - Created Volume s3v With Owner runner required for S3Gateway operations.
2023-03-09 14:58:26,093 [Listener at 127.0.0.1/39405] WARN  server.ServerUtils (ServerUtils.java:getDefaultRatisDirectory(237)) - Storage directory for Ratis is not configured. It is a good idea to map this to an SSD disk. Falling back to ozone.metadata.dirs
2023-03-09 14:58:26,093 [Listener at 127.0.0.1/39405] WARN  utils.OzoneManagerRatisUtils (OzoneManagerRatisUtils.java:getOMRatisSnapshotDirectory(436)) - ozone.om.ratis.snapshot.dir is not configured. Falling back to ozone.metadata.dirs config
2023-03-09 14:58:26,095 [Listener at 127.0.0.1/39405] INFO  snapshot.OzoneManagerSnapshotProvider (OzoneManagerSnapshotProvider.java:<init>(76)) - Initializing OM Snapshot Provider
2023-03-09 14:58:26,290 [Listener at 127.0.0.1/39405] WARN  impl.MetricRegistriesImpl (MetricRegistriesImpl.java:addReporterRegistration(111)) - New reporters are added after registries were created. Some metrics will be missing from the reporter. Please add reporter before adding any new registry.
2023-03-09 14:58:26,291 [Listener at 127.0.0.1/39405] WARN  impl.MetricRegistriesImpl (MetricRegistriesImpl.java:addReporterRegistration(111)) - New reporters are added after registries were created. Some metrics will be missing from the reporter. Please add reporter before adding any new registry.
2023-03-09 14:58:26,291 [Listener at 127.0.0.1/39405] WARN  server.ServerUtils (ServerUtils.java:getDefaultRatisDirectory(237)) - Storage directory for Ratis is not configured. It is a good idea to map this to an SSD disk. Falling back to ozone.metadata.dirs
2023-03-09 14:58:26,294 [Listener at 127.0.0.1/39405] INFO  ratis.OzoneManagerRatisServer (OzoneManagerRatisServer.java:<init>(157)) - OM started in Bootstrap mode. Instantiating OM Ratis server with groupID: om-add-remove
2023-03-09 14:58:26,294 [Listener at 127.0.0.1/39405] INFO  ratis.OzoneManagerStateMachine (OzoneManagerStateMachine.java:loadSnapshotInfoFromDB(636)) - LastAppliedIndex is set from TransactionInfo from OM DB as (t:0, i:~)
2023-03-09 14:58:26,295 [Listener at 127.0.0.1/39405] INFO  server.RaftServer (ConfUtils.java:logGet(46)) - raft.rpc.type = GRPC (default)
2023-03-09 14:58:26,296 [Listener at 127.0.0.1/39405] INFO  grpc.GrpcConfigKeys (ConfUtils.java:logFallback(53)) - raft.grpc.admin.host = null (fallback to raft.grpc.server.host)
2023-03-09 14:58:26,296 [Listener at 127.0.0.1/39405] INFO  grpc.GrpcConfigKeys (ConfUtils.java:logFallback(53)) - raft.grpc.admin.port = 38633 (fallback to raft.grpc.server.port)
2023-03-09 14:58:26,296 [Listener at 127.0.0.1/39405] INFO  grpc.GrpcConfigKeys (ConfUtils.java:logFallback(53)) - raft.grpc.client.host = null (fallback to raft.grpc.server.host)
2023-03-09 14:58:26,296 [Listener at 127.0.0.1/39405] INFO  grpc.GrpcConfigKeys (ConfUtils.java:logFallback(53)) - raft.grpc.client.port = 38633 (fallback to raft.grpc.server.port)
2023-03-09 14:58:26,296 [Listener at 127.0.0.1/39405] INFO  grpc.GrpcConfigKeys (ConfUtils.java:logGet(46)) - raft.grpc.server.host = null (default)
2023-03-09 14:58:26,296 [Listener at 127.0.0.1/39405] INFO  grpc.GrpcConfigKeys (ConfUtils.java:logGet(46)) - raft.grpc.server.port = 38633 (custom)
2023-03-09 14:58:26,297 [Listener at 127.0.0.1/39405] INFO  server.GrpcService (ConfUtils.java:logGet(46)) - raft.grpc.message.size.max = 33554432 (custom)
2023-03-09 14:58:26,297 [Listener at 127.0.0.1/39405] INFO  server.RaftServerConfigKeys (ConfUtils.java:logGet(46)) - raft.server.log.appender.buffer.byte-limit = 33554432 (custom)
2023-03-09 14:58:26,297 [Listener at 127.0.0.1/39405] INFO  server.GrpcService (ConfUtils.java:logGet(46)) - raft.grpc.flow.control.window = 1MB (=1048576) (default)
2023-03-09 14:58:26,297 [Listener at 127.0.0.1/39405] INFO  server.RaftServerConfigKeys (ConfUtils.java:logGet(46)) - raft.server.rpc.request.timeout = 3000ms (default)
2023-03-09 14:58:26,298 [Listener at 127.0.0.1/39405] INFO  grpc.GrpcConfigKeys (ConfUtils.java:logGet(46)) - raft.grpc.server.heartbeat.channel = true (default)
2023-03-09 14:58:26,298 [Listener at 127.0.0.1/39405] INFO  grpc.GrpcConfigKeys (ConfUtils.java:logGet(46)) - raft.grpc.server.async.request.thread.pool.cached = true (default)
2023-03-09 14:58:26,298 [Listener at 127.0.0.1/39405] INFO  grpc.GrpcConfigKeys (ConfUtils.java:logGet(46)) - raft.grpc.server.async.request.thread.pool.size = 32 (default)
2023-03-09 14:58:26,300 [Listener at 127.0.0.1/39405] INFO  impl.DataStreamServerImpl (ConfUtils.java:logGet(46)) - raft.datastream.type = DISABLED (default)
2023-03-09 14:58:26,300 [Listener at 127.0.0.1/39405] INFO  server.RaftServerConfigKeys (ConfUtils.java:logGet(46)) - raft.server.threadpool.proxy.cached = true (default)
2023-03-09 14:58:26,300 [Listener at 127.0.0.1/39405] INFO  server.RaftServerConfigKeys (ConfUtils.java:logGet(46)) - raft.server.threadpool.proxy.size = 0 (default)
2023-03-09 14:58:26,300 [Listener at 127.0.0.1/39405] INFO  server.RaftServerConfigKeys (ConfUtils.java:logGet(46)) - raft.server.rpc.slowness.timeout = 2s (custom)
2023-03-09 14:58:26,301 [Listener at 127.0.0.1/39405] INFO  server.RaftServerConfigKeys (ConfUtils.java:logGet(46)) - raft.server.leaderelection.leader.step-down.wait-time = 10s (default)
2023-03-09 14:58:26,301 [Listener at 127.0.0.1/39405] INFO  server.RaftServerConfigKeys (ConfUtils.java:logGet(46)) - raft.server.storage.dir = [/home/runner/work/ozone/ozone/hadoop-ozone/integration-test/target/test-dir/MiniOzoneClusterImpl-e86c7e49-e04f-4606-8b16-8d18ad715950/omNode-bootstrap-1/ratis] (custom)
2023-03-09 14:58:26,301 [Listener at 127.0.0.1/39405] INFO  server.RaftServer (RaftServerProxy.java:addNew(96)) - omNode-bootstrap-1: addNew group-0AAC5367B30E:[] returns group-0AAC5367B30E:java.util.concurrent.CompletableFuture@281f4497[Not completed]
2023-03-09 14:58:26,302 [Listener at 127.0.0.1/39405] INFO  om.OzoneManager (2023-03-09 14:58:26,302 [pool-182-thread-1] INFO  server.RaftServer$Division (RaftServerImpl.java:<init>(195)) - omNode-bootstrap-1: new RaftServerImpl for group-0AAC5367B30E:[] with OzoneManagerStateMachine:uninitialized
2023-03-09 14:58:26,302 [Listener at 127.0.0.1/39405] INFO  om.OzoneManager (OzoneManager.java:initializeRatisServer(2096)) - OzoneManager Ratis server initialized at port 38633
2023-03-09 14:58:26,302 [Listener at 127.0.0.1/39405] INFO  om.OzoneManager (ConfUtils.java:logGet(46)) - raft.server.rpc.timeout.min = 1s (custom)
2023-03-09 14:58:26,302 [pool-182-thread-1] INFO  server.RaftServerConfigKeys (OzoneManager.java:getRpcServer(1132)) - Creating RPC Server
ConfUtils.java:logGet(46)) - raft.server.rpc.timeout.max = 1200ms (custom)
2023-03-09 14:58:26,302 [pool-182-thread-1] INFO  server.RaftServerConfigKeys (ConfUtils.java:logGet(46)) - raft.server.rpc.sleep.time = 25ms (default)
2023-03-09 14:58:26,302 [Listener at 127.0.0.1/39405] INFO  om.OzoneManager (OzoneManager.java:getRpcServer(1132)) - Creating RPC Server
2023-03-09 14:58:26,302 [pool-182-thread-1] INFO  server.RaftServerConfigKeys (ConfUtils.java:logGet(46)) - raft.server.rpc.slowness.timeout = 2s (custom)
2023-03-09 14:58:26,302 [pool-182-thread-1] INFO  server.RaftServerConfigKeys (ConfUtils.java:logGet(46)) - raft.server.leaderelection.leader.step-down.wait-time = 10s (default)
2023-03-09 14:58:26,302 [pool-182-thread-1] INFO  server.RaftServerConfigKeys (ConfUtils.java:logGet(46)) - raft.server.sleep.deviation.threshold = 300ms (default)
2023-03-09 14:58:26,302 [pool-182-thread-1] INFO  server.RaftServer$Division (ServerState.java:<init>(118)) - omNode-bootstrap-1@group-0AAC5367B30E: ConfigurationManager, init=-1: peers:[]|listeners:[], old=null, confs=<EMPTY_MAP>
2023-03-09 14:58:26,302 [pool-182-thread-1] INFO  server.RaftServerConfigKeys (ConfUtils.java:logGet(46)) - raft.server.storage.dir = [/home/runner/work/ozone/ozone/hadoop-ozone/integration-test/target/test-dir/MiniOzoneClusterImpl-e86c7e49-e04f-4606-8b16-8d18ad715950/omNode-bootstrap-1/ratis] (custom)
2023-03-09 14:58:26,303 [pool-182-thread-1] INFO  server.RaftServerConfigKeys (ConfUtils.java:logGet(46)) - raft.server.log.corruption.policy = EXCEPTION (default)
2023-03-09 14:58:26,303 [pool-182-thread-1] INFO  server.RaftServerConfigKeys (ConfUtils.java:logGet(46)) - raft.server.storage.free-space.min = 0MB (=0) (default)
2023-03-09 14:58:26,303 [pool-182-thread-1] INFO  server.RaftServerConfigKeys (ConfUtils.java:logGet(46)) - raft.server.notification.no-leader.timeout = 2s (custom)
2023-03-09 14:58:26,303 [pool-182-thread-1] INFO  server.RaftServerConfigKeys (ConfUtils.java:logGet(46)) - raft.server.retrycache.expirytime = 300s (custom)
2023-03-09 14:58:26,303 [pool-182-thread-1] INFO  server.RaftServerConfigKeys (ConfUtils.java:logGet(46)) - raft.server.retrycache.statistics.expirytime = 100μs (default)
2023-03-09 14:58:26,311 [pool-182-thread-1] INFO  server.RaftServerConfigKeys (ConfUtils.java:logGet(46)) - raft.server.log.appender.install.snapshot.enabled = false (custom)
2023-03-09 14:58:26,311 [pool-182-thread-1] INFO  server.RaftServerConfigKeys (ConfUtils.java:logGet(46)) - raft.server.threadpool.server.cached = true (default)
2023-03-09 14:58:26,311 [pool-182-thread-1] INFO  server.RaftServerConfigKeys (ConfUtils.java:logGet(46)) - raft.server.threadpool.server.size = 0 (default)
2023-03-09 14:58:26,311 [pool-182-thread-1] INFO  server.RaftServerConfigKeys (ConfUtils.java:logGet(46)) - raft.server.threadpool.client.cached = true (default)
2023-03-09 14:58:26,311 [pool-182-thread-1] INFO  server.RaftServerConfigKeys (ConfUtils.java:logGet(46)) - raft.server.threadpool.client.size = 0 (default)
2023-03-09 14:58:26,859 [Listener at 127.0.0.1/39405] INFO  reflections.Reflections (Reflections.java:scan(232)) - Reflections took 556 ms to scan 19 urls, producing 68 keys and 4914 values [using 2 cores]
2023-03-09 14:58:26,861 [Listener at 127.0.0.1/39405] INFO  ipc.CallQueueManager (CallQueueManager.java:<init>(90)) - Using callQueue: class java.util.concurrent.LinkedBlockingQueue, queueCapacity: 2000, scheduler: class org.apache.hadoop.ipc.DefaultRpcScheduler, ipcBackoff: false.
2023-03-09 14:58:26,865 [Socket Reader #1 for port 39267] INFO  ipc.Server (Server.java:run(1273)) - Starting Socket Reader #1 for port 39267
2023-03-09 14:58:26,942 [Listener at 127.0.0.1/39267] ERROR om.OzoneManager (OzoneManager.java:checkConfigBeforeBootstrap(1758)) - Remote OM config check failed on OM omNode-1
java.io.IOException: Remote OM omNode-1 does not have the bootstrapping OM(omNode-bootstrap-1) information on reloading configs or it could not resolve the address.
	at org.apache.hadoop.ozone.om.OzoneManager.checkRemoteOMConfig(OzoneManager.java:1790)
	at org.apache.hadoop.ozone.om.OzoneManager.checkConfigBeforeBootstrap(OzoneManager.java:1756)
	at org.apache.hadoop.ozone.om.OzoneManager.start(OzoneManager.java:1543)
	at org.apache.hadoop.ozone.MiniOzoneHAClusterImpl$MiniOzoneHAService.startInactiveService(MiniOzoneHAClusterImpl.java:1034)
	at org.apache.hadoop.ozone.MiniOzoneHAClusterImpl.startInactiveOM(MiniOzoneHAClusterImpl.java:214)
	at org.apache.hadoop.ozone.MiniOzoneHAClusterImpl.bootstrapNewOM(MiniOzoneHAClusterImpl.java:868)
	at org.apache.hadoop.ozone.MiniOzoneHAClusterImpl.bootstrapOzoneManager(MiniOzoneHAClusterImpl.java:778)
	at org.apache.hadoop.ozone.om.TestAddRemoveOzoneManager.testBootstrapWithoutConfigUpdate(TestAddRemoveOzoneManager.java:233)
	at sun.reflect.NativeMethodAccessorImpl.invoke0(Native Method)
	at sun.reflect.NativeMethodAccessorImpl.invoke(NativeMethodAccessorImpl.java:62)
	at sun.reflect.DelegatingMethodAccessorImpl.invoke(DelegatingMethodAccessorImpl.java:43)
	at java.lang.reflect.Method.invoke(Method.java:498)
	at org.junit.platform.commons.util.ReflectionUtils.invokeMethod(ReflectionUtils.java:725)
	at org.junit.jupiter.engine.execution.MethodInvocation.proceed(MethodInvocation.java:60)
	at org.junit.jupiter.engine.execution.InvocationInterceptorChain$ValidatingInvocation.proceed(InvocationInterceptorChain.java:131)
	at org.junit.jupiter.engine.extension.TimeoutInvocation.proceed(TimeoutInvocation.java:46)
	at org.junit.jupiter.engine.extension.TimeoutExtension.intercept(TimeoutExtension.java:149)
	at org.junit.jupiter.engine.extension.TimeoutExtension.interceptTestableMethod(TimeoutExtension.java:140)
	at org.junit.jupiter.engine.extension.TimeoutExtension.interceptTestMethod(TimeoutExtension.java:84)
	at org.junit.jupiter.engine.execution.ExecutableInvoker$ReflectiveInterceptorCall.lambda$ofVoidMethod$0(ExecutableInvoker.java:115)
	at org.junit.jupiter.engine.execution.ExecutableInvoker.lambda$invoke$0(ExecutableInvoker.java:105)
	at org.junit.jupiter.engine.execution.InvocationInterceptorChain$InterceptedInvocation.proceed(InvocationInterceptorChain.java:106)
	at org.junit.jupiter.engine.execution.InvocationInterceptorChain.proceed(InvocationInterceptorChain.java:64)
	at org.junit.jupiter.engine.execution.InvocationInterceptorChain.chainAndInvoke(InvocationInterceptorChain.java:45)
	at org.junit.jupiter.engine.execution.InvocationInterceptorChain.invoke(InvocationInterceptorChain.java:37)
	at org.junit.jupiter.engine.execution.ExecutableInvoker.invoke(ExecutableInvoker.java:104)
	at org.junit.jupiter.engine.execution.ExecutableInvoker.invoke(ExecutableInvoker.java:98)
	at org.junit.jupiter.engine.descriptor.TestMethodTestDescriptor.lambda$invokeTestMethod$7(TestMethodTestDescriptor.java:214)
	at org.junit.platform.engine.support.hierarchical.ThrowableCollector.execute(ThrowableCollector.java:73)
	at org.junit.jupiter.engine.descriptor.TestMethodTestDescriptor.invokeTestMethod(TestMethodTestDescriptor.java:210)
	at org.junit.jupiter.engine.descriptor.TestMethodTestDescriptor.execute(TestMethodTestDescriptor.java:135)
	at org.junit.jupiter.engine.descriptor.TestMethodTestDescriptor.execute(TestMethodTestDescriptor.java:66)
	at org.junit.platform.engine.support.hierarchical.NodeTestTask.lambda$executeRecursively$6(NodeTestTask.java:151)
	at org.junit.platform.engine.support.hierarchical.ThrowableCollector.execute(ThrowableCollector.java:73)
	at org.junit.platform.engine.support.hierarchical.NodeTestTask.lambda$executeRecursively$8(NodeTestTask.java:141)
	at org.junit.platform.engine.support.hierarchical.Node.around(Node.java:137)
	at org.junit.platform.engine.support.hierarchical.NodeTestTask.lambda$executeRecursively$9(NodeTestTask.java:139)
	at org.junit.platform.engine.support.hierarchical.ThrowableCollector.execute(ThrowableCollector.java:73)
	at org.junit.platform.engine.support.hierarchical.NodeTestTask.executeRecursively(NodeTestTask.java:138)
	at org.junit.platform.engine.support.hierarchical.NodeTestTask.execute(NodeTestTask.java:95)
	at java.util.ArrayList.forEach(ArrayList.java:1259)
	at org.junit.platform.engine.support.hierarchical.SameThreadHierarchicalTestExecutorService.invokeAll(SameThreadHierarchicalTestExecutorService.java:41)
	at org.junit.platform.engine.support.hierarchical.NodeTestTask.lambda$executeRecursively$6(NodeTestTask.java:155)
	at org.junit.platform.engine.support.hierarchical.ThrowableCollector.execute(ThrowableCollector.java:73)
	at org.junit.platform.engine.support.hierarchical.NodeTestTask.lambda$executeRecursively$8(NodeTestTask.java:141)
	at org.junit.platform.engine.support.hierarchical.Node.around(Node.java:137)
	at org.junit.platform.engine.support.hierarchical.NodeTestTask.lambda$executeRecursively$9(NodeTestTask.java:139)
	at org.junit.platform.engine.support.hierarchical.ThrowableCollector.execute(ThrowableCollector.java:73)
	at org.junit.platform.engine.support.hierarchical.NodeTestTask.executeRecursively(NodeTestTask.java:138)
	at org.junit.platform.engine.support.hierarchical.NodeTestTask.execute(NodeTestTask.java:95)
	at java.util.ArrayList.forEach(ArrayList.java:1259)
	at org.junit.platform.engine.support.hierarchical.SameThreadHierarchicalTestExecutorService.invokeAll(SameThreadHierarchicalTestExecutorService.java:41)
	at org.junit.platform.engine.support.hierarchical.NodeTestTask.lambda$executeRecursively$6(NodeTestTask.java:155)
	at org.junit.platform.engine.support.hierarchical.ThrowableCollector.execute(ThrowableCollector.java:73)
	at org.junit.platform.engine.support.hierarchical.NodeTestTask.lambda$executeRecursively$8(NodeTestTask.java:141)
	at org.junit.platform.engine.support.hierarchical.Node.around(Node.java:137)
	at org.junit.platform.engine.support.hierarchical.NodeTestTask.lambda$executeRecursively$9(NodeTestTask.java:139)
	at org.junit.platform.engine.support.hierarchical.ThrowableCollector.execute(ThrowableCollector.java:73)
	at org.junit.platform.engine.support.hierarchical.NodeTestTask.executeRecursively(NodeTestTask.java:138)
	at org.junit.platform.engine.support.hierarchical.NodeTestTask.execute(NodeTestTask.java:95)
	at org.junit.platform.engine.support.hierarchical.SameThreadHierarchicalTestExecutorService.submit(SameThreadHierarchicalTestExecutorService.java:35)
	at org.junit.platform.engine.support.hierarchical.HierarchicalTestExecutor.execute(HierarchicalTestExecutor.java:57)
	at org.junit.platform.engine.support.hierarchical.HierarchicalTestEngine.execute(HierarchicalTestEngine.java:54)
	at org.junit.platform.launcher.core.EngineExecutionOrchestrator.execute(EngineExecutionOrchestrator.java:107)
	at org.junit.platform.launcher.core.EngineExecutionOrchestrator.execute(EngineExecutionOrchestrator.java:88)
	at org.junit.platform.launcher.core.EngineExecutionOrchestrator.lambda$execute$0(EngineExecutionOrchestrator.java:54)
	at org.junit.platform.launcher.core.EngineExecutionOrchestrator.withInterceptedStreams(EngineExecutionOrchestrator.java:67)
	at org.junit.platform.launcher.core.EngineExecutionOrchestrator.execute(EngineExecutionOrchestrator.java:52)
	at org.junit.platform.launcher.core.DefaultLauncher.execute(DefaultLauncher.java:114)
	at org.junit.platform.launcher.core.DefaultLauncher.execute(DefaultLauncher.java:86)
	at org.junit.platform.launcher.core.DefaultLauncherSession$DelegatingLauncher.execute(DefaultLauncherSession.java:86)
	at org.junit.platform.launcher.core.SessionPerRequestLauncher.execute(SessionPerRequestLauncher.java:53)
	at org.apache.maven.surefire.junitplatform.JUnitPlatformProvider.execute(JUnitPlatformProvider.java:188)
	at org.apache.maven.surefire.junitplatform.JUnitPlatformProvider.invokeAllTests(JUnitPlatformProvider.java:154)
	at org.apache.maven.surefire.junitplatform.JUnitPlatformProvider.invoke(JUnitPlatformProvider.java:124)
	at org.apache.maven.surefire.booter.ForkedBooter.runSuitesInProcess(ForkedBooter.java:428)
	at org.apache.maven.surefire.booter.ForkedBooter.execute(ForkedBooter.java:162)
	at org.apache.maven.surefire.booter.ForkedBooter.run(ForkedBooter.java:562)
	at org.apache.maven.surefire.booter.ForkedBooter.main(ForkedBooter.java:548)
2023-03-09 14:58:26,945 [Listener at 127.0.0.1/39267] ERROR ozone.MiniOzoneHAClusterImpl (MiniOzoneHAClusterImpl.java:exitSystem(1092)) - omNode-bootstrap-1 - System Exit: OM [omNode-1[localhost:39405]] do not have or have incorrect information of the bootstrapping OM. Update their ozone-site.xml before proceeding.
2023-03-09 14:58:26,945 [Listener at 127.0.0.1/39267] INFO  om.OzoneManager (OzoneManager.java:stop(2155)) - omNode-bootstrap-1[localhost:39267]: Stopping Ozone Manager
2023-03-09 14:58:26,945 [Listener at 127.0.0.1/39267] INFO  ipc.Server (Server.java:stop(3428)) - Stopping server on 39267
2023-03-09 14:58:26,946 [Listener at 127.0.0.1/39267] INFO  ratis.OzoneManagerStateMachine (OzoneManagerStateMachine.java:close(499)) - StateMachine has shutdown. Shutdown OzoneManager if not already shutdown.
2023-03-09 14:58:26,947 [Listener at 127.0.0.1/39267] INFO  ratis.OzoneManagerDoubleBuffer (OzoneManagerDoubleBuffer.java:stopDaemon(540)) - Stopping OMDoubleBuffer flush thread
2023-03-09 14:58:26,947 [OMDoubleBufferFlushThread] INFO  ratis.OzoneManagerDoubleBuffer (OzoneManagerDoubleBuffer.java:canFlush(625)) - OMDoubleBuffer flush thread OMDoubleBufferFlushThread is interrupted and will exit.
2023-03-09 14:58:26,959 [Listener at 127.0.0.1/39267] INFO  ha.OMHANodeDetails (OMHANodeDetails.java:loadOMHAConfig(121)) - ServiceID for OzoneManager is om-add-remove
2023-03-09 14:58:26,960 [Listener at 127.0.0.1/39267] INFO  ha.OMHANodeDetails (OMHANodeDetails.java:loadOMHAConfig(201)) - Found matching OM address with OMServiceId: om-add-remove, OMNodeId: omNode-bootstrap-2, RPC Address: localhost:37111 and Ratis port: 35407
2023-03-09 14:58:26,960 [Listener at 127.0.0.1/39267] INFO  ha.OMHANodeDetails (ConfUtils.java:setNodeSpecificConfigs(97)) - Setting configuration key ozone.om.http-address with value of key ozone.om.http-address.om-add-remove.omNode-bootstrap-2: 127.0.0.1:41837
2023-03-09 14:58:26,960 [Listener at 127.0.0.1/39267] INFO  ha.OMHANodeDetails (ConfUtils.java:setNodeSpecificConfigs(97)) - Setting configuration key ozone.om.https-address with value of key ozone.om.https-address.om-add-remove.omNode-bootstrap-2: 127.0.0.1:40807
2023-03-09 14:58:26,960 [Listener at 127.0.0.1/39267] INFO  ha.OMHANodeDetails (ConfUtils.java:setNodeSpecificConfigs(97)) - Setting configuration key ozone.om.address with value of key ozone.om.address.om-add-remove.omNode-bootstrap-2: 127.0.0.1:37111
2023-03-09 14:58:26,960 [Listener at 127.0.0.1/39267] WARN  server.ServerUtils (ServerUtils.java:getDBPath(225)) - ozone.om.db.dirs is not configured. We recommend adding this setting. Falling back to ozone.metadata.dirs instead.
2023-03-09 14:58:26,962 [Listener at 127.0.0.1/39267] INFO  ha.SCMNodeInfo (SCMNodeInfo.java:getPort(197)) - ConfigKey ozone.scm.client.address is deprecated, For configuring different ports for each SCM use PortConfigKey ozone.scm.client.port appended with serviceId and nodeId
2023-03-09 14:58:26,962 [Listener at 127.0.0.1/39267] INFO  ha.SCMNodeInfo (SCMNodeInfo.java:getPort(197)) - ConfigKey ozone.scm.block.client.address is deprecated, For configuring different ports for each SCM use PortConfigKey ozone.scm.block.client.port appended with serviceId and nodeId
2023-03-09 14:58:26,964 [Listener at 127.0.0.1/39267] INFO  ha.SCMNodeInfo (SCMNodeInfo.java:getPort(197)) - ConfigKey ozone.scm.datanode.address is deprecated, For configuring different ports for each SCM use PortConfigKey ozone.scm.datanode.port appended with serviceId and nodeId
2023-03-09 14:58:26,964 [Listener at 127.0.0.1/39267] INFO  proxy.SCMBlockLocationFailoverProxyProvider (SCMBlockLocationFailoverProxyProvider.java:<init>(114)) - Created block location fail-over proxy with 1 nodes: [nodeId=scmNode-1,nodeAddress=/127.0.0.1:43203]
OM initialization succeeded.Current cluster id for sd=/home/runner/work/ozone/ozone/hadoop-ozone/integration-test/target/test-dir/MiniOzoneClusterImpl-e86c7e49-e04f-4606-8b16-8d18ad715950/omNode-bootstrap-2/om;cid=e86c7e49-e04f-4606-8b16-8d18ad715950;layoutVersion=3
2023-03-09 14:58:26,979 [Listener at 127.0.0.1/39267] INFO  ha.OMHANodeDetails (OMHANodeDetails.java:loadOMHAConfig(121)) - ServiceID for OzoneManager is om-add-remove
2023-03-09 14:58:26,980 [Listener at 127.0.0.1/39267] INFO  ha.OMHANodeDetails (OMHANodeDetails.java:loadOMHAConfig(201)) - Found matching OM address with OMServiceId: om-add-remove, OMNodeId: omNode-bootstrap-2, RPC Address: localhost:37111 and Ratis port: 35407
2023-03-09 14:58:26,980 [Listener at 127.0.0.1/39267] INFO  ha.OMHANodeDetails (ConfUtils.java:setNodeSpecificConfigs(97)) - Setting configuration key ozone.om.http-address with value of key ozone.om.http-address.om-add-remove.omNode-bootstrap-2: 127.0.0.1:41837
2023-03-09 14:58:26,980 [Listener at 127.0.0.1/39267] INFO  ha.OMHANodeDetails (ConfUtils.java:setNodeSpecificConfigs(97)) - Setting configuration key ozone.om.https-address with value of key ozone.om.https-address.om-add-remove.omNode-bootstrap-2: 127.0.0.1:40807
2023-03-09 14:58:26,980 [Listener at 127.0.0.1/39267] INFO  ha.OMHANodeDetails (ConfUtils.java:setNodeSpecificConfigs(97)) - Setting configuration key ozone.om.address with value of key ozone.om.address.om-add-remove.omNode-bootstrap-2: 127.0.0.1:37111
2023-03-09 14:58:26,980 [Listener at 127.0.0.1/39267] WARN  server.ServerUtils (ServerUtils.java:getDBPath(225)) - ozone.om.db.dirs is not configured. We recommend adding this setting. Falling back to ozone.metadata.dirs instead.
2023-03-09 14:58:26,981 [Listener at 127.0.0.1/39267] INFO  upgrade.AbstractLayoutVersionManager (AbstractLayoutVersionManager.java:init(83)) - Initializing Layout version manager with metadata layout = MULTITENANCY_SCHEMA (version = 3), software layout = MULTITENANCY_SCHEMA (version = 3)
2023-03-09 14:58:27,078 [Listener at 127.0.0.1/39267] INFO  reflections.Reflections (Reflections.java:scan(232)) - Reflections took 95 ms to scan 2 urls, producing 167 keys and 459 values [using 2 cores]
2023-03-09 14:58:27,079 [Listener at 127.0.0.1/39267] INFO  upgrade.OMLayoutVersionManager (OMLayoutVersionManager.java:lambda$0(115)) - Skipping Upgrade Action MockOmUpgradeAction since it has been finalized.
2023-03-09 14:58:27,079 [Listener at 127.0.0.1/39267] WARN  server.ServerUtils (ServerUtils.java:getDBPath(225)) - ozone.om.db.dirs is not configured. We recommend adding this setting. Falling back to ozone.metadata.dirs instead.
2023-03-09 14:58:27,080 [Listener at 127.0.0.1/39267] INFO  ha.SCMNodeInfo (SCMNodeInfo.java:getPort(197)) - ConfigKey ozone.scm.client.address is deprecated, For configuring different ports for each SCM use PortConfigKey ozone.scm.client.port appended with serviceId and nodeId
2023-03-09 14:58:27,080 [Listener at 127.0.0.1/39267] INFO  ha.SCMNodeInfo (SCMNodeInfo.java:getPort(197)) - ConfigKey ozone.scm.block.client.address is deprecated, For configuring different ports for each SCM use PortConfigKey ozone.scm.block.client.port appended with serviceId and nodeId
2023-03-09 14:58:27,080 [Listener at 127.0.0.1/39267] INFO  ha.SCMNodeInfo (SCMNodeInfo.java:getPort(197)) - ConfigKey ozone.scm.datanode.address is deprecated, For configuring different ports for each SCM use PortConfigKey ozone.scm.datanode.port appended with serviceId and nodeId
2023-03-09 14:58:27,080 [Listener at 127.0.0.1/39267] INFO  ha.SCMNodeInfo (SCMNodeInfo.java:getPort(197)) - ConfigKey ozone.scm.client.address is deprecated, For configuring different ports for each SCM use PortConfigKey ozone.scm.client.port appended with serviceId and nodeId
2023-03-09 14:58:27,080 [Listener at 127.0.0.1/39267] INFO  ha.SCMNodeInfo (SCMNodeInfo.java:getPort(197)) - ConfigKey ozone.scm.block.client.address is deprecated, For configuring different ports for each SCM use PortConfigKey ozone.scm.block.client.port appended with serviceId and nodeId
2023-03-09 14:58:27,081 [Listener at 127.0.0.1/39267] INFO  ha.SCMNodeInfo (SCMNodeInfo.java:getPort(197)) - ConfigKey ozone.scm.datanode.address is deprecated, For configuring different ports for each SCM use PortConfigKey ozone.scm.datanode.port appended with serviceId and nodeId
2023-03-09 14:58:27,081 [Listener at 127.0.0.1/39267] INFO  proxy.SCMBlockLocationFailoverProxyProvider (SCMBlockLocationFailoverProxyProvider.java:<init>(114)) - Created block location fail-over proxy with 1 nodes: [nodeId=scmNode-1,nodeAddress=/127.0.0.1:43203]
2023-03-09 14:58:27,089 [Listener at 127.0.0.1/39267] INFO  ha.SCMNodeInfo (SCMNodeInfo.java:getPort(197)) - ConfigKey ozone.scm.client.address is deprecated, For configuring different ports for each SCM use PortConfigKey ozone.scm.client.port appended with serviceId and nodeId
2023-03-09 14:58:27,089 [Listener at 127.0.0.1/39267] INFO  ha.SCMNodeInfo (SCMNodeInfo.java:getPort(197)) - ConfigKey ozone.scm.block.client.address is deprecated, For configuring different ports for each SCM use PortConfigKey ozone.scm.block.client.port appended with serviceId and nodeId
2023-03-09 14:58:27,089 [Listener at 127.0.0.1/39267] INFO  ha.SCMNodeInfo (SCMNodeInfo.java:getPort(197)) - ConfigKey ozone.scm.datanode.address is deprecated, For configuring different ports for each SCM use PortConfigKey ozone.scm.datanode.port appended with serviceId and nodeId
2023-03-09 14:58:27,089 [Listener at 127.0.0.1/39267] INFO  proxy.SCMBlockLocationFailoverProxyProvider (SCMBlockLocationFailoverProxyProvider.java:<init>(114)) - Created block location fail-over proxy with 1 nodes: [nodeId=scmNode-1,nodeAddress=/127.0.0.1:43203]
2023-03-09 14:58:27,099 [Listener at 127.0.0.1/39267] INFO  om.OzoneManager (OzoneManager.java:<init>(619)) - OM start with adminUsers: [runner]
2023-03-09 14:58:27,102 [Listener at 127.0.0.1/39267] WARN  server.ServerUtils (ServerUtils.java:getDBPath(225)) - ozone.om.db.dirs is not configured. We recommend adding this setting. Falling back to ozone.metadata.dirs instead.
2023-03-09 14:58:27,103 [Listener at 127.0.0.1/39267] INFO  codec.OmKeyInfoCodec (OmKeyInfoCodec.java:<init>(49)) - OmKeyInfoCodec ignorePipeline = true
2023-03-09 14:58:27,104 [Listener at 127.0.0.1/39267] INFO  codec.RepeatedOmKeyInfoCodec (RepeatedOmKeyInfoCodec.java:<init>(41)) - RepeatedOmKeyInfoCodec ignorePipeline = true
2023-03-09 14:58:27,364 [Listener at 127.0.0.1/39267] INFO  om.OzoneManager (OzoneManager.java:instantiateServices(749)) - S3 Multi-Tenancy is disabled
2023-03-09 14:58:27,364 [Listener at 127.0.0.1/39267] WARN  server.ServerUtils (ServerUtils.java:getDBPath(225)) - ozone.om.snapshot.diff.db.dir is not configured. We recommend adding this setting. Falling back to ozone.metadata.dirs instead.
2023-03-09 14:58:27,381 [Listener at 127.0.0.1/39267] INFO  om.OzoneManager (OzoneManager.java:addS3GVolumeToDB(4217)) - Created Volume s3v With Owner runner required for S3Gateway operations.
2023-03-09 14:58:27,381 [Listener at 127.0.0.1/39267] WARN  server.ServerUtils (ServerUtils.java:getDefaultRatisDirectory(237)) - Storage directory for Ratis is not configured. It is a good idea to map this to an SSD disk. Falling back to ozone.metadata.dirs
2023-03-09 14:58:27,381 [Listener at 127.0.0.1/39267] WARN  utils.OzoneManagerRatisUtils (OzoneManagerRatisUtils.java:getOMRatisSnapshotDirectory(436)) - ozone.om.ratis.snapshot.dir is not configured. Falling back to ozone.metadata.dirs config
2023-03-09 14:58:27,381 [Listener at 127.0.0.1/39267] INFO  snapshot.OzoneManagerSnapshotProvider (OzoneManagerSnapshotProvider.java:<init>(76)) - Initializing OM Snapshot Provider
2023-03-09 14:58:27,383 [Listener at 127.0.0.1/39267] WARN  server.ServerUtils (ServerUtils.java:getDefaultRatisDirectory(237)) - Storage directory for Ratis is not configured. It is a good idea to map this to an SSD disk. Falling back to ozone.metadata.dirs
2023-03-09 14:58:27,385 [Listener at 127.0.0.1/39267] INFO  ratis.OzoneManagerRatisServer (OzoneManagerRatisServer.java:<init>(157)) - OM started in Bootstrap mode. Instantiating OM Ratis server with groupID: om-add-remove
2023-03-09 14:58:27,386 [Listener at 127.0.0.1/39267] INFO  ratis.OzoneManagerStateMachine (OzoneManagerStateMachine.java:loadSnapshotInfoFromDB(636)) - LastAppliedIndex is set from TransactionInfo from OM DB as (t:0, i:~)
2023-03-09 14:58:27,391 [Listener at 127.0.0.1/39267] INFO  server.RaftServer (ConfUtils.java:logGet(46)) - raft.rpc.type = GRPC (default)
2023-03-09 14:58:27,391 [Listener at 127.0.0.1/39267] INFO  grpc.GrpcConfigKeys (ConfUtils.java:logFallback(53)) - raft.grpc.admin.host = null (fallback to raft.grpc.server.host)
2023-03-09 14:58:27,391 [Listener at 127.0.0.1/39267] INFO  grpc.GrpcConfigKeys (ConfUtils.java:logFallback(53)) - raft.grpc.admin.port = 35407 (fallback to raft.grpc.server.port)
2023-03-09 14:58:27,391 [Listener at 127.0.0.1/39267] INFO  grpc.GrpcConfigKeys (ConfUtils.java:logFallback(53)) - raft.grpc.client.host = null (fallback to raft.grpc.server.host)
2023-03-09 14:58:27,391 [Listener at 127.0.0.1/39267] INFO  grpc.GrpcConfigKeys (ConfUtils.java:logFallback(53)) - raft.grpc.client.port = 35407 (fallback to raft.grpc.server.port)
2023-03-09 14:58:27,392 [Listener at 127.0.0.1/39267] INFO  grpc.GrpcConfigKeys (ConfUtils.java:logGet(46)) - raft.grpc.server.host = null (default)
2023-03-09 14:58:27,392 [Listener at 127.0.0.1/39267] INFO  grpc.GrpcConfigKeys (ConfUtils.java:logGet(46)) - raft.grpc.server.port = 35407 (custom)
2023-03-09 14:58:27,392 [Listener at 127.0.0.1/39267] INFO  server.GrpcService (ConfUtils.java:logGet(46)) - raft.grpc.message.size.max = 33554432 (custom)
2023-03-09 14:58:27,392 [Listener at 127.0.0.1/39267] INFO  server.RaftServerConfigKeys (ConfUtils.java:logGet(46)) - raft.server.log.appender.buffer.byte-limit = 33554432 (custom)
2023-03-09 14:58:27,392 [Listener at 127.0.0.1/39267] INFO  server.GrpcService (ConfUtils.java:logGet(46)) - raft.grpc.flow.control.window = 1MB (=1048576) (default)
2023-03-09 14:58:27,393 [Listener at 127.0.0.1/39267] INFO  server.RaftServerConfigKeys (ConfUtils.java:logGet(46)) - raft.server.rpc.request.timeout = 3000ms (default)
2023-03-09 14:58:27,393 [Listener at 127.0.0.1/39267] INFO  grpc.GrpcConfigKeys (ConfUtils.java:logGet(46)) - raft.grpc.server.heartbeat.channel = true (default)
2023-03-09 14:58:27,393 [Listener at 127.0.0.1/39267] INFO  grpc.GrpcConfigKeys (ConfUtils.java:logGet(46)) - raft.grpc.server.async.request.thread.pool.cached = true (default)
2023-03-09 14:58:27,393 [Listener at 127.0.0.1/39267] INFO  grpc.GrpcConfigKeys (ConfUtils.java:logGet(46)) - raft.grpc.server.async.request.thread.pool.size = 32 (default)
2023-03-09 14:58:27,395 [Listener at 127.0.0.1/39267] INFO  impl.DataStreamServerImpl (ConfUtils.java:logGet(46)) - raft.datastream.type = DISABLED (default)
2023-03-09 14:58:27,395 [Listener at 127.0.0.1/39267] INFO  server.RaftServerConfigKeys (ConfUtils.java:logGet(46)) - raft.server.threadpool.proxy.cached = true (default)
2023-03-09 14:58:27,395 [Listener at 127.0.0.1/39267] INFO  server.RaftServerConfigKeys (ConfUtils.java:logGet(46)) - raft.server.threadpool.proxy.size = 0 (default)
2023-03-09 14:58:27,395 [Listener at 127.0.0.1/39267] INFO  server.RaftServerConfigKeys (ConfUtils.java:logGet(46)) - raft.server.rpc.slowness.timeout = 2s (custom)
2023-03-09 14:58:27,395 [Listener at 127.0.0.1/39267] INFO  server.RaftServerConfigKeys (ConfUtils.java:logGet(46)) - raft.server.leaderelection.leader.step-down.wait-time = 10s (default)
2023-03-09 14:58:27,396 [Listener at 127.0.0.1/39267] INFO  server.RaftServerConfigKeys (ConfUtils.java:logGet(46)) - raft.server.storage.dir = [/home/runner/work/ozone/ozone/hadoop-ozone/integration-test/target/test-dir/MiniOzoneClusterImpl-e86c7e49-e04f-4606-8b16-8d18ad715950/omNode-bootstrap-2/ratis] (custom)
2023-03-09 14:58:27,397 [Listener at 127.0.0.1/39267] INFO  server.RaftServer (RaftServerProxy.java:addNew(96)) - omNode-bootstrap-2: addNew group-0AAC5367B30E:[] returns group-0AAC5367B30E:java.util.concurrent.CompletableFuture@529e7f5d[Not completed]
2023-03-09 14:58:27,397 [Listener at 127.0.0.1/39267] INFO  om.OzoneManager (OzoneManager.java:initializeRatisServer(2096)) - OzoneManager Ratis server initialized at port 35407
2023-03-09 14:58:27,398 [Listener at 127.0.0.1/39267] INFO  om.OzoneManager (OzoneManager.java:getRpcServer(1132)) - Creating RPC Server
2023-03-09 14:58:27,399 [pool-209-thread-1] INFO  server.RaftServer$Division (RaftServerImpl.java:<init>(195)) - omNode-bootstrap-2: new RaftServerImpl for group-0AAC5367B30E:[] with OzoneManagerStateMachine:uninitialized
2023-03-09 14:58:27,399 [pool-209-thread-1] INFO  server.RaftServerConfigKeys (ConfUtils.java:logGet(46)) - raft.server.rpc.timeout.min = 1s (custom)
2023-03-09 14:58:27,399 [pool-209-thread-1] INFO  server.RaftServerConfigKeys (ConfUtils.java:logGet(46)) - raft.server.rpc.timeout.max = 1200ms (custom)
2023-03-09 14:58:27,399 [pool-209-thread-1] INFO  server.RaftServerConfigKeys (ConfUtils.java:logGet(46)) - raft.server.rpc.sleep.time = 25ms (default)
2023-03-09 14:58:27,399 [pool-209-thread-1] INFO  server.RaftServerConfigKeys (ConfUtils.java:logGet(46)) - raft.server.rpc.slowness.timeout = 2s (custom)
2023-03-09 14:58:27,399 [pool-209-thread-1] INFO  server.RaftServerConfigKeys (ConfUtils.java:logGet(46)) - raft.server.leaderelection.leader.step-down.wait-time = 10s (default)
2023-03-09 14:58:27,399 [pool-209-thread-1] INFO  server.RaftServerConfigKeys (ConfUtils.java:logGet(46)) - raft.server.sleep.deviation.threshold = 300ms (default)
2023-03-09 14:58:27,399 [pool-209-thread-1] INFO  server.RaftServer$Division (ServerState.java:<init>(118)) - omNode-bootstrap-2@group-0AAC5367B30E: ConfigurationManager, init=-1: peers:[]|listeners:[], old=null, confs=<EMPTY_MAP>
2023-03-09 14:58:27,400 [pool-209-thread-1] INFO  server.RaftServerConfigKeys (ConfUtils.java:logGet(46)) - raft.server.storage.dir = [/home/runner/work/ozone/ozone/hadoop-ozone/integration-test/target/test-dir/MiniOzoneClusterImpl-e86c7e49-e04f-4606-8b16-8d18ad715950/omNode-bootstrap-2/ratis] (custom)
2023-03-09 14:58:27,400 [pool-209-thread-1] INFO  server.RaftServerConfigKeys (ConfUtils.java:logGet(46)) - raft.server.log.corruption.policy = EXCEPTION (default)
2023-03-09 14:58:27,400 [pool-209-thread-1] INFO  server.RaftServerConfigKeys (ConfUtils.java:logGet(46)) - raft.server.storage.free-space.min = 0MB (=0) (default)
2023-03-09 14:58:27,400 [pool-209-thread-1] INFO  server.RaftServerConfigKeys (ConfUtils.java:logGet(46)) - raft.server.notification.no-leader.timeout = 2s (custom)
2023-03-09 14:58:27,400 [pool-209-thread-1] INFO  server.RaftServerConfigKeys (ConfUtils.java:logGet(46)) - raft.server.retrycache.expirytime = 300s (custom)
2023-03-09 14:58:27,400 [pool-209-thread-1] INFO  server.RaftServerConfigKeys (ConfUtils.java:logGet(46)) - raft.server.retrycache.statistics.expirytime = 100μs (default)
2023-03-09 14:58:27,401 [pool-209-thread-1] INFO  server.RaftServerConfigKeys (ConfUtils.java:logGet(46)) - raft.server.log.appender.install.snapshot.enabled = false (custom)
2023-03-09 14:58:27,401 [pool-209-thread-1] INFO  server.RaftServerConfigKeys (ConfUtils.java:logGet(46)) - raft.server.threadpool.server.cached = true (default)
2023-03-09 14:58:27,402 [pool-209-thread-1] INFO  server.RaftServerConfigKeys (ConfUtils.java:logGet(46)) - raft.server.threadpool.server.size = 0 (default)
2023-03-09 14:58:27,402 [pool-209-thread-1] INFO  server.RaftServerConfigKeys (ConfUtils.java:logGet(46)) - raft.server.threadpool.client.cached = true (default)
2023-03-09 14:58:27,402 [pool-209-thread-1] INFO  server.RaftServerConfigKeys (ConfUtils.java:logGet(46)) - raft.server.threadpool.client.size = 0 (default)
2023-03-09 14:58:28,027 [Listener at 127.0.0.1/39267] INFO  reflections.Reflections (Reflections.java:scan(232)) - Reflections took 628 ms to scan 19 urls, producing 68 keys and 4914 values [using 2 cores]
2023-03-09 14:58:28,028 [Listener at 127.0.0.1/39267] INFO  ipc.CallQueueManager (CallQueueManager.java:<init>(90)) - Using callQueue: class java.util.concurrent.LinkedBlockingQueue, queueCapacity: 2000, scheduler: class org.apache.hadoop.ipc.DefaultRpcScheduler, ipcBackoff: false.
2023-03-09 14:58:28,030 [Socket Reader #1 for port 37111] INFO  ipc.Server (Server.java:run(1273)) - Starting Socket Reader #1 for port 37111
2023-03-09 14:58:28,062 [Listener at 127.0.0.1/37111] WARN  om.OzoneManager (OzoneManager.java:start(1545)) - Skipped checking whether existing OM configs have been updated with this OM information as force bootstrap is called.
2023-03-09 14:58:28,065 [Listener at 127.0.0.1/37111] INFO  impl.MetricsSystemImpl (MetricsSystemImpl.java:init(158)) - OzoneManager metrics system started (again)
2023-03-09 14:58:28,091 [Listener at 127.0.0.1/37111] INFO  om.OzoneManager (OzoneManager.java:start(1553)) - OzoneManager RPC server is listening at localhost/127.0.0.1:37111
2023-03-09 14:58:28,091 [Listener at 127.0.0.1/37111] INFO  ratis.OzoneManagerRatisServer (OzoneManagerRatisServer.java:start(559)) - Starting OzoneManagerRatisServer omNode-bootstrap-2 at port 35407
2023-03-09 14:58:28,092 [omNode-bootstrap-2-impl-thread1] INFO  storage.RaftStorageDirectory (RaftStorageDirectoryImpl.java:analyzeStorage(137)) - The storage directory /home/runner/work/ozone/ozone/hadoop-ozone/integration-test/target/test-dir/MiniOzoneClusterImpl-e86c7e49-e04f-4606-8b16-8d18ad715950/omNode-bootstrap-2/ratis/0718e334-ffa1-36bc-8e9a-0aac5367b30e does not exist. Creating ...
2023-03-09 14:58:28,093 [omNode-bootstrap-2-impl-thread1] INFO  storage.RaftStorageDirectory (RaftStorageDirectoryImpl.java:tryLock(231)) - Lock on /home/runner/work/ozone/ozone/hadoop-ozone/integration-test/target/test-dir/MiniOzoneClusterImpl-e86c7e49-e04f-4606-8b16-8d18ad715950/omNode-bootstrap-2/ratis/0718e334-ffa1-36bc-8e9a-0aac5367b30e/in_use.lock acquired by nodename 57158@fv-az377-502
2023-03-09 14:58:28,095 [omNode-bootstrap-2-impl-thread1] INFO  storage.RaftStorage (RaftStorageImpl.java:format(96)) - Storage directory /home/runner/work/ozone/ozone/hadoop-ozone/integration-test/target/test-dir/MiniOzoneClusterImpl-e86c7e49-e04f-4606-8b16-8d18ad715950/omNode-bootstrap-2/ratis/0718e334-ffa1-36bc-8e9a-0aac5367b30e has been successfully formatted.
2023-03-09 14:58:28,095 [omNode-bootstrap-2-impl-thread1] INFO  server.RaftServerConfigKeys (ConfUtils.java:logGet(46)) - raft.server.log.use.memory = false (default)
2023-03-09 14:58:28,095 [omNode-bootstrap-2-impl-thread1] INFO  server.RaftServerConfigKeys (ConfUtils.java:logGet(46)) - raft.server.log.purge.gap = 1000000 (custom)
2023-03-09 14:58:28,095 [omNode-bootstrap-2-impl-thread1] INFO  server.RaftServerConfigKeys (ConfUtils.java:logGet(46)) - raft.server.log.appender.buffer.byte-limit = 33554432 (custom)
2023-03-09 14:58:28,095 [omNode-bootstrap-2-impl-thread1] INFO  server.RaftServerConfigKeys (ConfUtils.java:logGet(46)) - raft.server.log.statemachine.data.read.timeout = 1000ms (default)
2023-03-09 14:58:28,095 [omNode-bootstrap-2-impl-thread1] INFO  server.RaftServerConfigKeys (ConfUtils.java:logGet(46)) - raft.server.log.purge.preservation.log.num = 0 (default)
2023-03-09 14:58:28,096 [omNode-bootstrap-2-impl-thread1] INFO  server.RaftServerConfigKeys (ConfUtils.java:logGet(46)) - raft.server.log.segment.size.max = 4194304 (custom)
2023-03-09 14:58:28,096 [omNode-bootstrap-2-impl-thread1] INFO  server.RaftServerConfigKeys (ConfUtils.java:logGet(46)) - raft.server.log.segment.cache.num.max = 2 (custom)
2023-03-09 14:58:28,096 [omNode-bootstrap-2-impl-thread1] INFO  server.RaftServerConfigKeys (ConfUtils.java:logGet(46)) - raft.server.log.segment.cache.size.max = 200MB (=209715200) (default)
2023-03-09 14:58:28,096 [omNode-bootstrap-2-impl-thread1] INFO  segmented.SegmentedRaftLogWorker (SegmentedRaftLogWorker.java:<init>(189)) - new omNode-bootstrap-2@group-0AAC5367B30E-SegmentedRaftLogWorker for RaftStorageImpl:Storage Directory /home/runner/work/ozone/ozone/hadoop-ozone/integration-test/target/test-dir/MiniOzoneClusterImpl-e86c7e49-e04f-4606-8b16-8d18ad715950/omNode-bootstrap-2/ratis/0718e334-ffa1-36bc-8e9a-0aac5367b30e
2023-03-09 14:58:28,096 [omNode-bootstrap-2-impl-thread1] INFO  server.RaftServerConfigKeys (ConfUtils.java:logGet(46)) - raft.server.log.queue.byte-limit = 64MB (=67108864) (default)
2023-03-09 14:58:28,096 [omNode-bootstrap-2-impl-thread1] INFO  server.RaftServerConfigKeys (ConfUtils.java:logGet(46)) - raft.server.log.queue.element-limit = 4096 (default)
2023-03-09 14:58:28,097 [omNode-bootstrap-2-impl-thread1] INFO  server.RaftServerConfigKeys (ConfUtils.java:logGet(46)) - raft.server.log.segment.size.max = 4194304 (custom)
2023-03-09 14:58:28,097 [omNode-bootstrap-2-impl-thread1] INFO  server.RaftServerConfigKeys (ConfUtils.java:logGet(46)) - raft.server.log.preallocated.size = 4194304 (custom)
2023-03-09 14:58:28,097 [omNode-bootstrap-2-impl-thread1] INFO  server.RaftServerConfigKeys (ConfUtils.java:logGet(46)) - raft.server.log.force.sync.num = 128 (default)
2023-03-09 14:58:28,097 [omNode-bootstrap-2-impl-thread1] INFO  server.RaftServerConfigKeys (ConfUtils.java:logGet(46)) - raft.server.log.statemachine.data.sync = true (default)
2023-03-09 14:58:28,097 [omNode-bootstrap-2-impl-thread1] INFO  server.RaftServerConfigKeys (ConfUtils.java:logGet(46)) - raft.server.log.statemachine.data.sync.timeout = 10s (default)
2023-03-09 14:58:28,097 [omNode-bootstrap-2-impl-thread1] INFO  server.RaftServerConfigKeys (ConfUtils.java:logGet(46)) - raft.server.log.statemachine.data.sync.timeout.retry = -1 (default)
2023-03-09 14:58:28,099 [omNode-bootstrap-2-impl-thread1] INFO  server.RaftServerConfigKeys (ConfUtils.java:logGet(46)) - raft.server.log.write.buffer.size = 64KB (=65536) (default)
2023-03-09 14:58:28,099 [omNode-bootstrap-2-impl-thread1] INFO  server.RaftServerConfigKeys (ConfUtils.java:logGet(46)) - raft.server.log.appender.buffer.byte-limit = 33554432 (custom)
2023-03-09 14:58:28,105 [omNode-bootstrap-2-impl-thread1] INFO  server.RaftServerConfigKeys (ConfUtils.java:logGet(46)) - raft.server.log.unsafe-flush.enabled = false (default)
2023-03-09 14:58:28,105 [omNode-bootstrap-2-impl-thread1] INFO  server.RaftServerConfigKeys (ConfUtils.java:logGet(46)) - raft.server.log.async-flush.enabled = false (default)
2023-03-09 14:58:28,105 [omNode-bootstrap-2-impl-thread1] INFO  server.RaftServerConfigKeys (ConfUtils.java:logGet(46)) - raft.server.log.statemachine.data.caching.enabled = false (default)
2023-03-09 14:58:28,106 [omNode-bootstrap-2-impl-thread1] INFO  segmented.SegmentedRaftLogWorker (SegmentedRaftLogWorker.java:lambda$new$0(135)) - omNode-bootstrap-2@group-0AAC5367B30E-SegmentedRaftLogWorker: flushIndex: setUnconditionally 0 -> -1
2023-03-09 14:58:28,106 [omNode-bootstrap-2-impl-thread1] INFO  segmented.SegmentedRaftLogWorker (SegmentedRaftLogWorker.java:lambda$new$0(135)) - omNode-bootstrap-2@group-0AAC5367B30E-SegmentedRaftLogWorker: safeCacheEvictIndex: setUnconditionally 0 -> -1
2023-03-09 14:58:28,108 [omNode-bootstrap-2-impl-thread1] INFO  server.RaftServer$Division (RaftServerImpl.java:start(340)) - omNode-bootstrap-2@group-0AAC5367B30E: start with initializing state, conf=-1: peers:[]|listeners:[], old=null
2023-03-09 14:58:28,108 [omNode-bootstrap-2-impl-thread1] INFO  server.RaftServer$Division (RaftServerImpl.java:setRole(321)) - omNode-bootstrap-2@group-0AAC5367B30E: changes role from      null to FOLLOWER at term 0 for startInitializing
2023-03-09 14:58:28,108 [omNode-bootstrap-2-impl-thread1] INFO  util.JmxRegister (JmxRegister.java:tryRegister(44)) - Successfully registered JMX Bean with object name Ratis:service=RaftServer,group=group-0AAC5367B30E,id=omNode-bootstrap-2
2023-03-09 14:58:28,108 [omNode-bootstrap-2-impl-thread1] INFO  server.RaftServerConfigKeys (ConfUtils.java:logGet(46)) - raft.server.snapshot.auto.trigger.enabled = true (custom)
2023-03-09 14:58:28,108 [omNode-bootstrap-2-impl-thread1] INFO  server.RaftServerConfigKeys (ConfUtils.java:logGet(46)) - raft.server.snapshot.auto.trigger.threshold = 400000 (default)
2023-03-09 14:58:28,108 [omNode-bootstrap-2-impl-thread1] INFO  server.RaftServerConfigKeys (ConfUtils.java:logGet(46)) - raft.server.snapshot.retention.file.num = -1 (default)
2023-03-09 14:58:28,109 [omNode-bootstrap-2-impl-thread1] INFO  server.RaftServerConfigKeys (ConfUtils.java:logGet(46)) - raft.server.log.purge.upto.snapshot.index = true (custom)
2023-03-09 14:58:28,113 [Listener at 127.0.0.1/37111] INFO  server.RaftServer (RaftServerProxy.java:startImpl(393)) - omNode-bootstrap-2: start RPC server
2023-03-09 14:58:28,121 [Listener at 127.0.0.1/37111] INFO  server.GrpcService (GrpcService.java:startImpl(262)) - omNode-bootstrap-2: GrpcService started, listening on 35407
2023-03-09 14:58:28,122 [Listener at 127.0.0.1/37111] INFO  om.OzoneManager (OzoneManager.java:start(1569)) - Version File has different layout version (3) than OM DB (null). That is expected if this OM has never been finalized to a newer layout version.
2023-03-09 14:58:28,122 [JvmPauseMonitor6] INFO  util.JvmPauseMonitor (JvmPauseMonitor.java:run(105)) - JvmPauseMonitor-omNode-bootstrap-2: Started
2023-03-09 14:58:28,147 [Listener at 127.0.0.1/37111] INFO  http.BaseHttpServer (BaseHttpServer.java:newHttpServer2BuilderForOzone(224)) - Starting Web-server for ozoneManager at: http://0.0.0.0:41837
2023-03-09 14:58:28,147 [Listener at 127.0.0.1/37111] INFO  http.BaseHttpServer (BaseHttpServer.java:<init>(111)) - Hadoop Security Enabled: false Ozone Security Enabled: false Ozone HTTP Security Enabled: false 
2023-03-09 14:58:28,149 [Listener at 127.0.0.1/37111] WARN  server.AuthenticationFilter (AuthenticationFilter.java:constructSecretProvider(240)) - Unable to initialize FileSignerSecretProvider, falling back to use random secrets. Reason: Could not read signature secret file: /home/runner/hadoop-http-auth-signature-secret
2023-03-09 14:58:28,150 [Listener at 127.0.0.1/37111] WARN  http.HttpRequestLog (HttpRequestLog.java:getRequestLog(103)) - Jetty request log can only be enabled using Log4j
2023-03-09 14:58:28,152 [Listener at 127.0.0.1/37111] INFO  http.HttpServer2 (HttpServer2.java:addGlobalFilter(1031)) - Added global filter 'safety' (class=org.apache.hadoop.hdds.server.http.HttpServer2$QuotingInputFilter)
2023-03-09 14:58:28,153 [Listener at 127.0.0.1/37111] INFO  http.HttpServer2 (HttpServer2.java:addFilter(1007)) - Added filter static_user_filter (class=org.apache.hadoop.http.lib.StaticUserWebFilter$StaticUserFilter) to context ozoneManager
2023-03-09 14:58:28,154 [Listener at 127.0.0.1/37111] INFO  http.HttpServer2 (HttpServer2.java:addFilter(1015)) - Added filter static_user_filter (class=org.apache.hadoop.http.lib.StaticUserWebFilter$StaticUserFilter) to context static
2023-03-09 14:58:28,154 [Listener at 127.0.0.1/37111] INFO  http.HttpServer2 (HttpServer2.java:addFilter(1015)) - Added filter static_user_filter (class=org.apache.hadoop.http.lib.StaticUserWebFilter$StaticUserFilter) to context logs
2023-03-09 14:58:28,155 [Listener at 127.0.0.1/37111] INFO  http.BaseHttpServer (BaseHttpServer.java:<init>(190)) - HTTP server of ozoneManager uses base directory /home/runner/work/ozone/ozone/hadoop-ozone/integration-test/target/test-dir/MiniOzoneClusterImpl-e86c7e49-e04f-4606-8b16-8d18ad715950/omNode-bootstrap-2/webserver
2023-03-09 14:58:28,156 [Listener at 127.0.0.1/37111] INFO  http.HttpServer2 (HttpServer2.java:bindListener(1250)) - Jetty bound to port 41837
2023-03-09 14:58:28,156 [Listener at 127.0.0.1/37111] INFO  server.Server (Server.java:doStart(375)) - jetty-9.4.49.v20220914; built: 2022-09-14T01:07:36.601Z; git: 4231a3b2e4cb8548a412a789936d640a97b1aa0a; jvm 1.8.0_362-b09
2023-03-09 14:58:28,179 [Listener at 127.0.0.1/37111] INFO  server.session (DefaultSessionIdManager.java:doStart(334)) - DefaultSessionIdManager workerName=node0
2023-03-09 14:58:28,179 [Listener at 127.0.0.1/37111] INFO  server.session (DefaultSessionIdManager.java:doStart(339)) - No SessionScavenger set, using defaults
2023-03-09 14:58:28,180 [Listener at 127.0.0.1/37111] INFO  server.session (HouseKeeper.java:startScavenging(132)) - node0 Scavenging every 660000ms
2023-03-09 14:58:28,183 [Listener at 127.0.0.1/37111] INFO  handler.ContextHandler (ContextHandler.java:doStart(921)) - Started o.e.j.s.ServletContextHandler@7a01dd79{logs,/logs,file:///home/runner/work/ozone/ozone/hadoop-ozone/integration-test/target/log,AVAILABLE}
2023-03-09 14:58:28,184 [Listener at 127.0.0.1/37111] INFO  handler.ContextHandler (ContextHandler.java:doStart(921)) - Started o.e.j.s.ServletContextHandler@6bea8788{static,/static,file:///home/runner/work/ozone/ozone/hadoop-ozone/integration-test/target/test-classes/webapps/static,AVAILABLE}
2023-03-09 14:58:28,191 [Listener at 127.0.0.1/37111] INFO  handler.ContextHandler (ContextHandler.java:doStart(921)) - Started o.e.j.w.WebAppContext@50e46059{ozoneManager,/,file:///home/runner/work/ozone/ozone/hadoop-ozone/integration-test/target/test-classes/webapps/ozoneManager/,AVAILABLE}{file:/home/runner/work/ozone/ozone/hadoop-ozone/integration-test/target/test-classes/webapps/ozoneManager}
2023-03-09 14:58:28,194 [Listener at 127.0.0.1/37111] INFO  server.AbstractConnector (AbstractConnector.java:doStart(333)) - Started ServerConnector@119a7fd2{HTTP/1.1, (http/1.1)}{0.0.0.0:41837}
2023-03-09 14:58:28,194 [Listener at 127.0.0.1/37111] INFO  server.Server (Server.java:doStart(415)) - Started @38847ms
2023-03-09 14:58:28,194 [Listener at 127.0.0.1/37111] WARN  impl.MetricsSystemImpl (MetricsSystemImpl.java:register(279)) - Sink prometheus already exists!
2023-03-09 14:58:28,195 [Listener at 127.0.0.1/37111] INFO  http.BaseHttpServer (BaseHttpServer.java:updateConnectorAddress(344)) - HTTP server of ozoneManager listening at http://0.0.0.0:41837
2023-03-09 14:58:28,198 [IPC Server Responder] INFO  ipc.Server (Server.java:run(1512)) - IPC Server Responder: starting
2023-03-09 14:58:28,246 [IPC Server listener on 37111] INFO  ipc.Server (Server.java:run(1352)) - IPC Server listener on 37111: starting
2023-03-09 14:58:28,248 [Listener at 127.0.0.1/37111] INFO  om.OzoneManager (OzoneManager.java:startTrashEmptier(2040)) - Trash Interval set to 0. Files deleted won't move to trash
2023-03-09 14:58:28,264 [org.apache.hadoop.util.JvmPauseMonitor$Monitor@2487307e] INFO  util.JvmPauseMonitor (JvmPauseMonitor.java:run(188)) - Starting JVM pause monitor
2023-03-09 14:58:28,285 [IPC Server handler 10 on default port 39405] INFO  ratis.OzoneManagerRatisServer (OzoneManagerRatisServer.java:addOMToRatisRing(314)) - omNode-1: Submitting SetConfiguration request to Ratis server to add new OM peer omNode-bootstrap-2|rpc:localhost:35407|priority:0|startupRole:FOLLOWER to the Ratis group group-0AAC5367B30E:[omNode-1|rpc:localhost:42621|priority:0|startupRole:FOLLOWER]
2023-03-09 14:58:28,292 [IPC Server handler 10 on default port 39405] INFO  server.RaftServer$Division (RaftServerImpl.java:setConfigurationAsync(1112)) - omNode-1@group-0AAC5367B30E: receive setConfiguration SetConfigurationRequest:client-FD22D00D165C->omNode-1@group-0AAC5367B30E, cid=0, seq=0, RW, null, SET_UNCONDITIONALLY, servers:[omNode-1|rpc:localhost:42621|priority:0|startupRole:FOLLOWER, omNode-bootstrap-2|rpc:localhost:35407|priority:0|startupRole:FOLLOWER], listeners:[]
2023-03-09 14:58:28,292 [IPC Server handler 10 on default port 39405] INFO  server.RaftServer$Division (LeaderStateImpl.java:startSetConfiguration(368)) - omNode-1@group-0AAC5367B30E-LeaderStateImpl: startSetConfiguration SetConfigurationRequest:client-FD22D00D165C->omNode-1@group-0AAC5367B30E, cid=0, seq=0, RW, null, SET_UNCONDITIONALLY, servers:[omNode-1|rpc:localhost:42621|priority:0|startupRole:FOLLOWER, omNode-bootstrap-2|rpc:localhost:35407|priority:0|startupRole:FOLLOWER], listeners:[]
2023-03-09 14:58:28,294 [IPC Server handler 10 on default port 39405] INFO  server.RaftServerConfigKeys (ConfUtils.java:logGet(46)) - raft.server.log.appender.snapshot.chunk.size.max = 16MB (=16777216) (default)
2023-03-09 14:58:28,294 [IPC Server handler 10 on default port 39405] INFO  server.RaftServerConfigKeys (ConfUtils.java:logGet(46)) - raft.server.log.appender.buffer.byte-limit = 33554432 (custom)
2023-03-09 14:58:28,294 [IPC Server handler 10 on default port 39405] INFO  server.RaftServerConfigKeys (ConfUtils.java:logGet(46)) - raft.server.log.appender.buffer.element-limit = 1024 (custom)
2023-03-09 14:58:28,295 [IPC Server handler 10 on default port 39405] INFO  grpc.GrpcConfigKeys (ConfUtils.java:logGet(46)) - raft.grpc.server.leader.outstanding.appends.max = 128 (default)
2023-03-09 14:58:28,295 [IPC Server handler 10 on default port 39405] INFO  server.RaftServerConfigKeys (ConfUtils.java:logGet(46)) - raft.server.rpc.request.timeout = 3000ms (default)
2023-03-09 14:58:28,296 [IPC Server handler 10 on default port 39405] INFO  server.RaftServerConfigKeys (ConfUtils.java:logGet(46)) - raft.server.log.appender.install.snapshot.enabled = false (custom)
2023-03-09 14:58:28,296 [IPC Server handler 10 on default port 39405] INFO  grpc.GrpcConfigKeys (ConfUtils.java:logGet(46)) - raft.grpc.server.heartbeat.channel = true (default)
2023-03-09 14:58:28,296 [IPC Server handler 10 on default port 39405] INFO  server.RaftServerConfigKeys (ConfUtils.java:logGet(46)) - raft.server.log.appender.wait-time.min = 10ms (default)
2023-03-09 14:58:28,298 [omNode-1@group-0AAC5367B30E->omNode-bootstrap-2-GrpcLogAppender-LogAppenderDaemon] INFO  server.GrpcLogAppender (GrpcLogAppender.java:installSnapshot(635)) - omNode-1@group-0AAC5367B30E->omNode-bootstrap-2-GrpcLogAppender: followerNextIndex = 0 but logStartIndex = 0, notify follower to install snapshot-(t:1, i:0)
2023-03-09 14:58:28,305 [omNode-1@group-0AAC5367B30E->omNode-bootstrap-2-GrpcLogAppender-LogAppenderDaemon] INFO  server.GrpcLogAppender (GrpcLogAppender.java:installSnapshot(643)) - omNode-1@group-0AAC5367B30E->omNode-bootstrap-2-GrpcLogAppender: send omNode-1->omNode-bootstrap-2#0-t1,notify:(t:1, i:0)
2023-03-09 14:58:28,305 [omNode-1@group-0AAC5367B30E->omNode-bootstrap-2-GrpcLogAppender-LogAppenderDaemon] INFO  server.GrpcServerProtocolClient (GrpcServerProtocolClient.java:<init>(63)) - Build channel for omNode-bootstrap-2
2023-03-09 14:58:28,326 [grpc-default-executor-5] INFO  impl.SnapshotInstallationHandler (SnapshotInstallationHandler.java:installSnapshot(89)) - omNode-bootstrap-2@group-0AAC5367B30E: receive installSnapshot: omNode-1->omNode-bootstrap-2#0-t1,notify:(t:1, i:0)
2023-03-09 14:58:28,329 [grpc-default-executor-5] INFO  server.RaftServer$Division (ServerState.java:setLeader(313)) - omNode-bootstrap-2@group-0AAC5367B30E: change Leader from null to omNode-1 at term 1 for installSnapshot, leader elected after 928ms
2023-03-09 14:58:28,329 [grpc-default-executor-5] INFO  impl.SnapshotInstallationHandler (SnapshotInstallationHandler.java:notifyStateMachineToInstallSnapshot(220)) - omNode-bootstrap-2@group-0AAC5367B30E: Received notification to install snapshot at index 0
2023-03-09 14:58:28,329 [grpc-default-executor-5] INFO  impl.SnapshotInstallationHandler (SnapshotInstallationHandler.java:notifyStateMachineToInstallSnapshot(229)) - omNode-bootstrap-2@group-0AAC5367B30E: InstallSnapshot notification result: ALREADY_INSTALLED, current snapshot index: -1
2023-03-09 14:58:28,335 [grpc-default-executor-5] INFO  impl.SnapshotInstallationHandler (SnapshotInstallationHandler.java:installSnapshotImpl(134)) - omNode-bootstrap-2@group-0AAC5367B30E: set new configuration configurationEntry {
  peers {
    id: "omNode-1"
    address: "localhost:42621"
    startupRole: FOLLOWER
  }
}
 from snapshot
2023-03-09 14:58:28,336 [grpc-default-executor-5] INFO  server.RaftServer$Division (ServerState.java:setRaftConf(430)) - omNode-bootstrap-2@group-0AAC5367B30E: set configuration 0: peers:[omNode-1|rpc:localhost:42621|admin:|client:|dataStream:|priority:0|startupRole:FOLLOWER]|listeners:[], old=null
2023-03-09 14:58:28,336 [grpc-default-executor-5] INFO  ratis.OzoneManagerStateMachine (OzoneManagerStateMachine.java:notifyConfigurationChanged(192)) - Received Configuration change notification from Ratis. New Peer list:
[id: "omNode-1"
address: "localhost:42621"
startupRole: FOLLOWER
]
2023-03-09 14:58:28,338 [grpc-default-executor-5] INFO  ratis.OzoneManagerRatisServer (OzoneManagerRatisServer.java:addRaftPeer(405)) - Added OM omNode-1 to Ratis Peers list.
2023-03-09 14:58:28,338 [grpc-default-executor-5] INFO  om.OzoneManager (OzoneManager.java:addOMNodeToPeers(1959)) - Added OM omNode-1 to the Peer list.
2023-03-09 14:58:28,341 [grpc-default-executor-5] INFO  impl.SnapshotInstallationHandler (SnapshotInstallationHandler.java:installSnapshot(100)) - omNode-bootstrap-2@group-0AAC5367B30E: reply installSnapshot: omNode-1<-omNode-bootstrap-2#0:OK-t0,ALREADY_INSTALLED
2023-03-09 14:58:28,342 [grpc-default-executor-3] INFO  server.GrpcLogAppender (GrpcLogAppender.java:onNext(494)) - omNode-1@group-0AAC5367B30E->omNode-bootstrap-2-InstallSnapshotResponseHandler: received the first reply omNode-1<-omNode-bootstrap-2#0:OK-t0,ALREADY_INSTALLED
2023-03-09 14:58:28,343 [grpc-default-executor-3] INFO  server.GrpcLogAppender (GrpcLogAppender.java:onNext(517)) - omNode-1@group-0AAC5367B30E->omNode-bootstrap-2-InstallSnapshotResponseHandler: Follower snapshot is already at index 0.
2023-03-09 14:58:28,343 [grpc-default-executor-3] INFO  leader.FollowerInfo (FollowerInfoImpl.java:lambda$new$0(48)) - omNode-1@group-0AAC5367B30E->omNode-bootstrap-2: snapshotIndex: setUnconditionally 0 -> 0
2023-03-09 14:58:28,343 [grpc-default-executor-3] INFO  leader.FollowerInfo (FollowerInfoImpl.java:lambda$new$0(48)) - omNode-1@group-0AAC5367B30E->omNode-bootstrap-2: matchIndex: setUnconditionally 0 -> 0
2023-03-09 14:58:28,343 [grpc-default-executor-3] INFO  leader.FollowerInfo (FollowerInfoImpl.java:lambda$new$0(48)) - omNode-1@group-0AAC5367B30E->omNode-bootstrap-2: nextIndex: setUnconditionally 0 -> 1
2023-03-09 14:58:28,343 [grpc-default-executor-3] INFO  leader.FollowerInfo (FollowerInfoImpl.java:setAttemptedToInstallSnapshot(118)) - Follower omNode-1@group-0AAC5367B30E->omNode-bootstrap-2 acknowledged installing snapshot
2023-03-09 14:58:28,343 [grpc-default-executor-3] INFO  leader.FollowerInfo (FollowerInfoImpl.java:lambda$new$0(48)) - omNode-1@group-0AAC5367B30E->omNode-bootstrap-2: nextIndex: updateToMax old=1, new=1, updated? false
2023-03-09 14:58:28,344 [grpc-default-executor-5] INFO  server.GrpcServerProtocolService (GrpcServerProtocolService.java:onCompleted(143)) - omNode-bootstrap-2: Completed INSTALL_SNAPSHOT, lastRequest: omNode-1->omNode-bootstrap-2#0-t1,notify:(t:1, i:0)
2023-03-09 14:58:28,375 [omNode-bootstrap-2-server-thread2] INFO  impl.RoleInfo (RoleInfo.java:updateAndGet(139)) - omNode-bootstrap-2: start omNode-bootstrap-2@group-0AAC5367B30E-FollowerState
2023-03-09 14:58:28,375 [omNode-bootstrap-2-server-thread2] INFO  server.RaftServer$Division (RaftServerImpl.java:checkInconsistentAppendEntries(1508)) - omNode-bootstrap-2@group-0AAC5367B30E: Failed appendEntries as previous log entry ((t:1, i:0)) is not found
2023-03-09 14:58:28,375 [omNode-bootstrap-2-server-thread2] INFO  server.RaftServer$Division (RaftServerImpl.java:checkInconsistentAppendEntries(1478)) - omNode-bootstrap-2@group-0AAC5367B30E: inconsistency entries. Reply:omNode-1<-omNode-bootstrap-2#1:FAIL-t1,INCONSISTENCY,nextIndex=0,followerCommit=-1,matchIndex=-1
2023-03-09 14:58:28,376 [omNode-bootstrap-2-server-thread1] INFO  server.RaftServer$Division (RaftServerImpl.java:checkInconsistentAppendEntries(1508)) - omNode-bootstrap-2@group-0AAC5367B30E: Failed appendEntries as previous log entry ((t:1, i:0)) is not found
2023-03-09 14:58:28,376 [omNode-bootstrap-2-server-thread1] INFO  server.RaftServer$Division (RaftServerImpl.java:checkInconsistentAppendEntries(1478)) - omNode-bootstrap-2@group-0AAC5367B30E: inconsistency entries. Reply:omNode-1<-omNode-bootstrap-2#0:FAIL-t1,INCONSISTENCY,nextIndex=0,followerCommit=-1,matchIndex=-1
2023-03-09 14:58:28,379 [grpc-default-executor-2] INFO  leader.FollowerInfo (FollowerInfoImpl.java:lambda$new$0(48)) - omNode-1@group-0AAC5367B30E->omNode-bootstrap-2: nextIndex: updateUnconditionally 9 -> 0
2023-03-09 14:58:28,386 [grpc-default-executor-3] INFO  leader.FollowerInfo (FollowerInfoImpl.java:lambda$new$0(48)) - omNode-1@group-0AAC5367B30E->omNode-bootstrap-2: nextIndex: updateUnconditionally 9 -> 0
2023-03-09 14:58:28,394 [omNode-bootstrap-2-server-thread1] INFO  server.RaftServer$Division (ServerState.java:setRaftConf(430)) - omNode-bootstrap-2@group-0AAC5367B30E: set configuration 0: peers:[omNode-1|rpc:localhost:42621|admin:|client:|dataStream:|priority:0|startupRole:FOLLOWER]|listeners:[], old=null
2023-03-09 14:58:28,395 [omNode-bootstrap-2-server-thread1] INFO  segmented.SegmentedRaftLogWorker (SegmentedRaftLogWorker.java:startLogSegment(452)) - omNode-bootstrap-2@group-0AAC5367B30E-SegmentedRaftLogWorker: Starting segment from index:0
2023-03-09 14:58:28,402 [omNode-bootstrap-2-server-thread2] INFO  server.RaftServer$Division (ServerState.java:setRaftConf(430)) - omNode-bootstrap-2@group-0AAC5367B30E: set configuration 0: peers:[omNode-1|rpc:localhost:42621|admin:|client:|dataStream:|priority:0|startupRole:FOLLOWER]|listeners:[], old=null
2023-03-09 14:58:28,409 [omNode-bootstrap-2@group-0AAC5367B30E-SegmentedRaftLogWorker] INFO  segmented.SegmentedRaftLogWorker (SegmentedRaftLogWorker.java:execute(656)) - omNode-bootstrap-2@group-0AAC5367B30E-SegmentedRaftLogWorker: created new log segment /home/runner/work/ozone/ozone/hadoop-ozone/integration-test/target/test-dir/MiniOzoneClusterImpl-e86c7e49-e04f-4606-8b16-8d18ad715950/omNode-bootstrap-2/ratis/0718e334-ffa1-36bc-8e9a-0aac5367b30e/current/log_inprogress_0
2023-03-09 14:58:28,414 [omNode-bootstrap-2@group-0AAC5367B30E-StateMachineUpdater] INFO  ratis.OzoneManagerStateMachine (OzoneManagerStateMachine.java:notifyConfigurationChanged(192)) - Received Configuration change notification from Ratis. New Peer list:
[id: "omNode-1"
address: "localhost:42621"
startupRole: FOLLOWER
]
2023-03-09 14:58:28,418 [omNode-1@group-0AAC5367B30E-LeaderStateImpl] INFO  server.RaftServer$Division (ServerState.java:setRaftConf(430)) - omNode-1@group-0AAC5367B30E: set configuration 9: peers:[omNode-bootstrap-2|rpc:localhost:35407|priority:0|startupRole:FOLLOWER, omNode-1|rpc:localhost:42621|priority:0|startupRole:FOLLOWER]|listeners:[], old=peers:[omNode-1|rpc:localhost:42621|admin:|client:|dataStream:|priority:0|startupRole:FOLLOWER]|listeners:[]
2023-03-09 14:58:28,420 [omNode-bootstrap-2-server-thread2] INFO  server.RaftServer$Division (ServerState.java:setRaftConf(430)) - omNode-bootstrap-2@group-0AAC5367B30E: set configuration 9: peers:[omNode-bootstrap-2|rpc:localhost:35407|admin:|client:|dataStream:|priority:0|startupRole:FOLLOWER, omNode-1|rpc:localhost:42621|admin:|client:|dataStream:|priority:0|startupRole:FOLLOWER]|listeners:[], old=peers:[omNode-1|rpc:localhost:42621|admin:|client:|dataStream:|priority:0|startupRole:FOLLOWER]|listeners:[]
2023-03-09 14:58:28,429 [omNode-1@group-0AAC5367B30E-StateMachineUpdater] INFO  ratis.OzoneManagerStateMachine (OzoneManagerStateMachine.java:notifyConfigurationChanged(192)) - Received Configuration change notification from Ratis. New Peer list:
[id: "omNode-bootstrap-2"
address: "localhost:35407"
startupRole: FOLLOWER
, id: "omNode-1"
address: "localhost:42621"
startupRole: FOLLOWER
]
2023-03-09 14:58:28,433 [omNode-1@group-0AAC5367B30E-LeaderStateImpl] INFO  server.RaftServer$Division (ServerState.java:setRaftConf(430)) - omNode-1@group-0AAC5367B30E: set configuration 11: peers:[omNode-bootstrap-2|rpc:localhost:35407|priority:0|startupRole:FOLLOWER, omNode-1|rpc:localhost:42621|priority:0|startupRole:FOLLOWER]|listeners:[], old=null
2023-03-09 14:58:28,434 [omNode-bootstrap-2-server-thread2] INFO  server.RaftServer$Division (ServerState.java:setRaftConf(430)) - omNode-bootstrap-2@group-0AAC5367B30E: set configuration 11: peers:[omNode-bootstrap-2|rpc:localhost:35407|admin:|client:|dataStream:|priority:0|startupRole:FOLLOWER, omNode-1|rpc:localhost:42621|admin:|client:|dataStream:|priority:0|startupRole:FOLLOWER]|listeners:[], old=null
2023-03-09 14:58:28,436 [omNode-bootstrap-2@group-0AAC5367B30E-StateMachineUpdater] INFO  ratis.OzoneManagerStateMachine (OzoneManagerStateMachine.java:notifyConfigurationChanged(192)) - Received Configuration change notification from Ratis. New Peer list:
[id: "omNode-bootstrap-2"
address: "localhost:35407"
startupRole: FOLLOWER
, id: "omNode-1"
address: "localhost:42621"
startupRole: FOLLOWER
]
2023-03-09 14:58:28,437 [omNode-bootstrap-2@group-0AAC5367B30E-StateMachineUpdater] INFO  ratis.OzoneManagerRatisServer (OzoneManagerRatisServer.java:addRaftPeer(405)) - Added OM omNode-bootstrap-2 to Ratis Peers list.
2023-03-09 14:58:28,437 [omNode-bootstrap-2@group-0AAC5367B30E-StateMachineUpdater] INFO  ratis.OzoneManagerRatisServer (OzoneManagerRatisServer.java:addRaftPeer(405)) - Added OM omNode-1 to Ratis Peers list.
2023-03-09 14:58:28,442 [IPC Server handler 10 on default port 39405] INFO  ratis.OzoneManagerRatisServer (OzoneManagerRatisServer.java:addOMToRatisRing(328)) - Added OM omNode-bootstrap-2 to Ratis group group-0AAC5367B30E.
2023-03-09 14:58:28,445 [omNode-bootstrap-2@group-0AAC5367B30E-StateMachineUpdater] INFO  ratis.OzoneManagerStateMachine (OzoneManagerStateMachine.java:notifyConfigurationChanged(192)) - Received Configuration change notification from Ratis. New Peer list:
[id: "omNode-bootstrap-2"
address: "localhost:35407"
startupRole: FOLLOWER
, id: "omNode-1"
address: "localhost:42621"
startupRole: FOLLOWER
]
2023-03-09 14:58:28,446 [omNode-1@group-0AAC5367B30E-StateMachineUpdater] ERROR om.OzoneManager (OzoneManager.java:addOMNodeToPeers(1946)) - omNode-1: Couldn't add OM omNode-bootstrap-2 to peer list.
2023-03-09 14:58:28,451 [Listener at 127.0.0.1/37111] INFO  om.OzoneManager (OzoneManager.java:bootstrap(1820)) - Successfully bootstrapped OM omNode-bootstrap-2 and joined the Ratis group group-0AAC5367B30E:[]
2023-03-09 14:58:28,439 [OM StateMachine ApplyTransaction Thread - 0] INFO  volume.OMVolumeCreateRequest (OMVolumeCreateRequest.java:validateAndUpdateCache(195)) - created volume:volume58122 for user:runner
2023-03-09 14:58:28,446 [omNode-1@group-0AAC5367B30E-StateMachineUpdater] ERROR ozone.MiniOzoneHAClusterImpl (MiniOzoneHAClusterImpl.java:exitSystem(1084)) - omNode-1 - System Exit: There is no OM configuration for node ID omNode-bootstrap-2 in ozone-site.xml.
java.io.IOException: There is no OM configuration for node ID omNode-bootstrap-2 in ozone-site.xml.
	at org.apache.hadoop.ozone.om.OzoneManager.addOMNodeToPeers(OzoneManager.java:1941)
	at org.apache.hadoop.ozone.om.OzoneManager.updatePeerList(OzoneManager.java:1871)
	at org.apache.hadoop.ozone.om.ratis.OzoneManagerStateMachine.notifyConfigurationChanged(OzoneManagerStateMachine.java:200)
	at org.apache.ratis.server.impl.RaftServerImpl.applyLogToStateMachine(RaftServerImpl.java:1657)
	at org.apache.ratis.server.impl.StateMachineUpdater.applyLog(StateMachineUpdater.java:239)
	at org.apache.ratis.server.impl.StateMachineUpdater.run(StateMachineUpdater.java:182)
	at java.lang.Thread.run(Thread.java:750)
2023-03-09 14:58:28,465 [omNode-1@group-0AAC5367B30E-StateMachineUpdater] INFO  om.OzoneManager (OzoneManager.java:stop(2155)) - omNode-1[localhost:39405]: Stopping Ozone Manager
2023-03-09 14:58:28,451 [Listener at 127.0.0.1/37111] INFO  ozone.MiniOzoneHAClusterImpl (MiniOzoneHAClusterImpl.java:bootstrapOzoneManager(780)) - Bootstrapped OzoneManager omNode-bootstrap-2 RPC server at localhost/127.0.0.1:37111
2023-03-09 14:58:28,475 [omNode-1@group-0AAC5367B30E-StateMachineUpdater] INFO  ipc.Server (Server.java:stop(3428)) - Stopping server on 39405
2023-03-09 14:58:28,475 [OM StateMachine ApplyTransaction Thread - 0] INFO  bucket.OMBucketCreateRequest (OMBucketCreateRequest.java:validateAndUpdateCache(263)) - created bucket: bucket28645 of layout FILE_SYSTEM_OPTIMIZED in volume: volume58122
2023-03-09 14:58:28,479 [IPC Server listener on 39405] INFO  ipc.Server (Server.java:run(1384)) - Stopping IPC Server listener on 39405
2023-03-09 14:58:28,479 [IPC Server Responder] INFO  ipc.Server (Server.java:run(1517)) - Stopping IPC Server Responder
2023-03-09 14:58:28,508 [omNode-1@group-0AAC5367B30E-StateMachineUpdater] INFO  server.RaftServer (RaftServerProxy.java:lambda$close$6(409)) - omNode-1: close
2023-03-09 14:58:28,510 [omNode-1@group-0AAC5367B30E-StateMachineUpdater] INFO  server.GrpcService (GrpcService.java:closeImpl(271)) - omNode-1: shutdown server GrpcServerProtocolService now
2023-03-09 14:58:28,512 [omNode-1-impl-thread1] INFO  server.RaftServer$Division (RaftServerImpl.java:lambda$close$4(458)) - omNode-1@group-0AAC5367B30E: shutdown
2023-03-09 14:58:28,512 [omNode-1-impl-thread1] INFO  util.JmxRegister (JmxRegister.java:unregister(73)) - Successfully un-registered JMX Bean with object name Ratis:service=RaftServer,group=group-0AAC5367B30E,id=omNode-1
2023-03-09 14:58:28,512 [omNode-1-impl-thread1] INFO  impl.RoleInfo (RoleInfo.java:shutdownLeaderState(93)) - omNode-1: shutdown omNode-1@group-0AAC5367B30E-LeaderStateImpl
2023-03-09 14:58:28,512 [omNode-1-impl-thread1] INFO  impl.PendingRequests (PendingRequests.java:sendNotLeaderResponses(282)) - omNode-1@group-0AAC5367B30E-PendingRequests: sendNotLeaderResponses
2023-03-09 14:58:28,513 [omNode-1@group-0AAC5367B30E->omNode-bootstrap-2-GrpcLogAppender-LogAppenderDaemon] WARN  server.GrpcLogAppender (GrpcLogAppender.java:mayWait(200)) - omNode-1@group-0AAC5367B30E->omNode-bootstrap-2-GrpcLogAppender: Wait interrupted by java.lang.InterruptedException
2023-03-09 14:58:28,516 [grpc-default-executor-3] INFO  server.GrpcServerProtocolService (GrpcServerProtocolService.java:onCompleted(143)) - omNode-bootstrap-2: Completed APPEND_ENTRIES, lastRequest: omNode-1->omNode-bootstrap-2#11-t1,previous=(t:1, i:11),leaderCommit=11,initializing? true,entries: size=1, first=(t:1, i:12), METADATAENTRY(c:11)
2023-03-09 14:58:28,516 [grpc-default-executor-2] INFO  server.GrpcServerProtocolService (GrpcServerProtocolService.java:onCompleted(143)) - omNode-bootstrap-2: Completed APPEND_ENTRIES, lastRequest: null
2023-03-09 14:58:28,518 [grpc-default-executor-2] INFO  server.GrpcLogAppender (GrpcLogAppender.java:onCompleted(415)) - omNode-1@group-0AAC5367B30E->omNode-bootstrap-2-AppendLogResponseHandler: follower responses appendEntries COMPLETED
2023-03-09 14:58:28,520 [grpc-default-executor-2] INFO  leader.FollowerInfo (FollowerInfoImpl.java:lambda$new$0(48)) - omNode-1@group-0AAC5367B30E->omNode-bootstrap-2: nextIndex: updateUnconditionally 13 -> 12
2023-03-09 14:58:28,522 [grpc-default-executor-5] INFO  server.GrpcLogAppender (GrpcLogAppender.java:onCompleted(415)) - omNode-1@group-0AAC5367B30E->omNode-bootstrap-2-AppendLogResponseHandler: follower responses appendEntries COMPLETED
2023-03-09 14:58:28,522 [grpc-default-executor-5] INFO  leader.FollowerInfo (FollowerInfoImpl.java:lambda$new$0(48)) - omNode-1@group-0AAC5367B30E->omNode-bootstrap-2: nextIndex: updateUnconditionally 12 -> 11
2023-03-09 14:58:28,535 [omNode-1@group-0AAC5367B30E-StateMachineUpdater] INFO  server.GrpcServerProtocolClient (GrpcServerProtocolClient.java:close(101)) - omNode-bootstrap-2 Close channels
2023-03-09 14:58:28,537 [omNode-1-impl-thread1] INFO  impl.StateMachineUpdater (StateMachineUpdater.java:stopAndJoin(153)) - omNode-1@group-0AAC5367B30E-StateMachineUpdater: set stopIndex = 12
2023-03-09 14:58:28,539 [omNode-1@group-0AAC5367B30E-StateMachineUpdater] INFO  server.GrpcService (GrpcService.java:closeImpl(280)) - omNode-1: shutdown server GrpcServerProtocolService successfully
2023-03-09 14:58:29,477 [Listener at 127.0.0.1/37111] INFO  ozone.MiniOzoneClusterImpl (MiniOzoneClusterImpl.java:shutdown(450)) - Shutting down the Mini Ozone Cluster
2023-03-09 14:58:29,478 [Listener at 127.0.0.1/37111] INFO  ozone.MiniOzoneHAClusterImpl (MiniOzoneHAClusterImpl.java:stop(312)) - Stopping the OzoneManager omNode-1
2023-03-09 14:58:29,479 [Listener at 127.0.0.1/37111] INFO  om.OzoneManager (OzoneManager.java:stop(2155)) - omNode-1[localhost:39405]: Stopping Ozone Manager
2023-03-09 14:58:29,479 [Listener at 127.0.0.1/37111] INFO  ozone.MiniOzoneHAClusterImpl (MiniOzoneHAClusterImpl.java:stop(312)) - Stopping the OzoneManager omNode-bootstrap-1
2023-03-09 14:58:29,479 [Listener at 127.0.0.1/37111] INFO  om.OzoneManager (OzoneManager.java:stop(2155)) - omNode-bootstrap-1[localhost:39267]: Stopping Ozone Manager
2023-03-09 14:58:29,479 [Listener at 127.0.0.1/37111] INFO  ozone.MiniOzoneHAClusterImpl (MiniOzoneHAClusterImpl.java:stop(312)) - Stopping the OzoneManager omNode-bootstrap-2
2023-03-09 14:58:29,479 [Listener at 127.0.0.1/37111] INFO  om.OzoneManager (OzoneManager.java:stop(2155)) - omNode-bootstrap-2[localhost:37111]: Stopping Ozone Manager
2023-03-09 14:58:29,481 [Listener at 127.0.0.1/37111] INFO  ipc.Server (Server.java:stop(3428)) - Stopping server on 37111
2023-03-09 14:58:29,487 [IPC Server Responder] INFO  ipc.Server (Server.java:run(1517)) - Stopping IPC Server Responder
2023-03-09 14:58:29,487 [IPC Server listener on 37111] INFO  ipc.Server (Server.java:run(1384)) - Stopping IPC Server listener on 37111
2023-03-09 14:58:29,488 [Listener at 127.0.0.1/37111] INFO  server.RaftServer (RaftServerProxy.java:lambda$close$6(409)) - omNode-bootstrap-2: close
2023-03-09 14:58:29,489 [Listener at 127.0.0.1/37111] INFO  server.GrpcService (GrpcService.java:closeImpl(271)) - omNode-bootstrap-2: shutdown server GrpcServerProtocolService now
2023-03-09 14:58:29,489 [omNode-bootstrap-2-impl-thread1] INFO  server.RaftServer$Division (RaftServerImpl.java:lambda$close$4(458)) - omNode-bootstrap-2@group-0AAC5367B30E: shutdown
2023-03-09 14:58:29,489 [omNode-bootstrap-2-impl-thread1] INFO  util.JmxRegister (JmxRegister.java:unregister(73)) - Successfully un-registered JMX Bean with object name Ratis:service=RaftServer,group=group-0AAC5367B30E,id=omNode-bootstrap-2
2023-03-09 14:58:29,489 [omNode-bootstrap-2-impl-thread1] INFO  impl.RoleInfo (RoleInfo.java:shutdownFollowerState(110)) - omNode-bootstrap-2: shutdown omNode-bootstrap-2@group-0AAC5367B30E-FollowerState
2023-03-09 14:58:29,491 [omNode-bootstrap-2-impl-thread1] INFO  impl.StateMachineUpdater (StateMachineUpdater.java:stopAndJoin(153)) - omNode-bootstrap-2@group-0AAC5367B30E-StateMachineUpdater: set stopIndex = 11
2023-03-09 14:58:29,491 [omNode-bootstrap-2@group-0AAC5367B30E-StateMachineUpdater] INFO  ratis.OzoneManagerStateMachine (OzoneManagerStateMachine.java:takeSnapshot(445)) - Current Snapshot Index (t:1, i:11)
2023-03-09 14:58:29,491 [omNode-bootstrap-2@group-0AAC5367B30E-FollowerState] INFO  impl.FollowerState (FollowerState.java:run(152)) - omNode-bootstrap-2@group-0AAC5367B30E-FollowerState was interrupted
2023-03-09 14:58:29,493 [Listener at 127.0.0.1/37111] INFO  server.GrpcService (GrpcService.java:closeImpl(280)) - omNode-bootstrap-2: shutdown server GrpcServerProtocolService successfully
2023-03-09 14:58:29,521 [omNode-bootstrap-2@group-0AAC5367B30E-StateMachineUpdater] INFO  impl.StateMachineUpdater (StateMachineUpdater.java:takeSnapshot(287)) - omNode-bootstrap-2@group-0AAC5367B30E-StateMachineUpdater: Took a snapshot at index 11
2023-03-09 14:58:29,521 [omNode-bootstrap-2@group-0AAC5367B30E-StateMachineUpdater] INFO  impl.StateMachineUpdater (StateMachineUpdater.java:lambda$new$0(92)) - omNode-bootstrap-2@group-0AAC5367B30E-StateMachineUpdater: snapshotIndex: updateIncreasingly -1 -> 11
2023-03-09 14:58:29,521 [omNode-bootstrap-2@group-0AAC5367B30E-StateMachineUpdater] INFO  ratis.OzoneManagerStateMachine (OzoneManagerStateMachine.java:close(499)) - StateMachine has shutdown. Shutdown OzoneManager if not already shutdown.
2023-03-09 14:58:29,521 [omNode-bootstrap-2@group-0AAC5367B30E-StateMachineUpdater] INFO  ratis.OzoneManagerDoubleBuffer (OzoneManagerDoubleBuffer.java:stopDaemon(540)) - Stopping OMDoubleBuffer flush thread
2023-03-09 14:58:29,522 [OMDoubleBufferFlushThread] INFO  ratis.OzoneManagerDoubleBuffer (OzoneManagerDoubleBuffer.java:canFlush(625)) - OMDoubleBuffer flush thread OMDoubleBufferFlushThread is interrupted and will exit.
2023-03-09 14:58:29,523 [omNode-bootstrap-2-impl-thread1] INFO  server.RaftServer$Division (ServerState.java:close(466)) - omNode-bootstrap-2@group-0AAC5367B30E: closes. applyIndex: 11
2023-03-09 14:58:29,523 [omNode-bootstrap-2@group-0AAC5367B30E-SegmentedRaftLogWorker] INFO  segmented.SegmentedRaftLogWorker (SegmentedRaftLogWorker.java:run(347)) - omNode-bootstrap-2@group-0AAC5367B30E-SegmentedRaftLogWorker was interrupted, exiting. There are 0 tasks remaining in the queue.
2023-03-09 14:58:29,528 [omNode-bootstrap-2-impl-thread1] INFO  segmented.SegmentedRaftLogWorker (SegmentedRaftLogWorker.java:close(257)) - omNode-bootstrap-2@group-0AAC5367B30E-SegmentedRaftLogWorker close()
2023-03-09 14:58:29,529 [JvmPauseMonitor6] INFO  util.JvmPauseMonitor (JvmPauseMonitor.java:run(111)) - JvmPauseMonitor-omNode-bootstrap-2: Stopped
2023-03-09 14:58:29,529 [Listener at 127.0.0.1/37111] INFO  ratis.OzoneManagerStateMachine (OzoneManagerStateMachine.java:close(499)) - StateMachine has shutdown. Shutdown OzoneManager if not already shutdown.
2023-03-09 14:58:29,530 [Listener at 127.0.0.1/37111] INFO  ratis.OzoneManagerDoubleBuffer (OzoneManagerDoubleBuffer.java:stopDaemon(549)) - OMDoubleBuffer flush thread is not running.
2023-03-09 14:58:29,533 [Listener at 127.0.0.1/37111] INFO  utils.BackgroundService (BackgroundService.java:shutdown(141)) - Shutting down service KeyDeletingService
2023-03-09 14:58:29,533 [Listener at 127.0.0.1/37111] INFO  utils.BackgroundService (BackgroundService.java:shutdown(141)) - Shutting down service DirectoryDeletingService
2023-03-09 14:58:29,534 [Listener at 127.0.0.1/37111] INFO  utils.BackgroundService (BackgroundService.java:shutdown(141)) - Shutting down service OpenKeyCleanupService
2023-03-09 14:58:29,535 [Listener at 127.0.0.1/37111] INFO  utils.BackgroundService (BackgroundService.java:shutdown(141)) - Shutting down service SstFilteringService
2023-03-09 14:58:29,540 [Listener at 127.0.0.1/37111] INFO  handler.ContextHandler (ContextHandler.java:doStop(1159)) - Stopped o.e.j.w.WebAppContext@50e46059{ozoneManager,/,null,STOPPED}{file:/home/runner/work/ozone/ozone/hadoop-ozone/integration-test/target/test-classes/webapps/ozoneManager}
2023-03-09 14:58:29,543 [Listener at 127.0.0.1/37111] INFO  server.AbstractConnector (AbstractConnector.java:doStop(383)) - Stopped ServerConnector@119a7fd2{HTTP/1.1, (http/1.1)}{0.0.0.0:41837}
2023-03-09 14:58:29,544 [Listener at 127.0.0.1/37111] INFO  server.session (HouseKeeper.java:stopScavenging(149)) - node0 Stopped scavenging
2023-03-09 14:58:29,544 [Listener at 127.0.0.1/37111] INFO  handler.ContextHandler (ContextHandler.java:doStop(1159)) - Stopped o.e.j.s.ServletContextHandler@6bea8788{static,/static,file:///home/runner/work/ozone/ozone/hadoop-ozone/integration-test/target/test-classes/webapps/static,STOPPED}
2023-03-09 14:58:29,544 [Listener at 127.0.0.1/37111] INFO  handler.ContextHandler (ContextHandler.java:doStop(1159)) - Stopped o.e.j.s.ServletContextHandler@7a01dd79{logs,/logs,file:///home/runner/work/ozone/ozone/hadoop-ozone/integration-test/target/log,STOPPED}
2023-03-09 14:58:29,552 [Listener at 127.0.0.1/37111] INFO  ozone.MiniOzoneHAClusterImpl (MiniOzoneHAClusterImpl.java:stop(320)) - Stopping the StorageContainerManager 32163878-e8f2-41cf-b327-23a994648d98
2023-03-09 14:58:29,552 [Listener at 127.0.0.1/37111] INFO  server.StorageContainerManager (StorageContainerManager.java:stop(1532)) - Container Balancer is not running.
2023-03-09 14:58:29,552 [Listener at 127.0.0.1/37111] INFO  server.StorageContainerManager (StorageContainerManager.java:stop(1539)) - Stopping Replication Manager Service.
2023-03-09 14:58:29,552 [Listener at 127.0.0.1/37111] INFO  replication.ReplicationManager (ReplicationManager.java:stop(300)) - Stopping Replication Monitor Thread.
2023-03-09 14:58:29,552 [Over Replicated Processor] WARN  replication.UnhealthyReplicationProcessor (UnhealthyReplicationProcessor.java:run(153)) - Over Replicated Processor interrupted. Exiting...
2023-03-09 14:58:29,552 [Under Replicated Processor] WARN  replication.UnhealthyReplicationProcessor (UnhealthyReplicationProcessor.java:run(153)) - Under Replicated Processor interrupted. Exiting...
2023-03-09 14:58:29,556 [Listener at 127.0.0.1/37111] INFO  server.StorageContainerManager (StorageContainerManager.java:stop(1546)) - Stopping the Datanode Admin Monitor.
2023-03-09 14:58:29,556 [ReplicationMonitor] INFO  replication.ReplicationManager (ReplicationManager.java:run(747)) - Replication Monitor Thread is stopped
2023-03-09 14:58:29,557 [Listener at 127.0.0.1/37111] INFO  server.StorageContainerManager (StorageContainerManager.java:stop(1553)) - Stopping datanode service RPC server
2023-03-09 14:58:29,557 [Listener at 127.0.0.1/37111] INFO  server.SCMDatanodeProtocolServer (SCMDatanodeProtocolServer.java:stop(424)) - Stopping the RPC server for DataNodes
2023-03-09 14:58:29,557 [Listener at 127.0.0.1/37111] INFO  ipc.Server (Server.java:stop(3428)) - Stopping server on 42633
2023-03-09 14:58:29,570 [IPC Server listener on 42633] INFO  ipc.Server (Server.java:run(1384)) - Stopping IPC Server listener on 42633
2023-03-09 14:58:29,573 [IPC Server Responder] INFO  ipc.Server (Server.java:run(1517)) - Stopping IPC Server Responder
2023-03-09 14:58:29,594 [EndpointStateMachine task thread for /127.0.0.1:42633 - 0 ] WARN  statemachine.EndpointStateMachine (EndpointStateMachine.java:logIfNeeded(242)) - Unable to communicate to SCM server at localhost:42633 for past 0 seconds.
java.io.EOFException: End of File Exception between local host is: "fv-az377-502/10.1.0.44"; destination host is: "localhost":42633; : java.io.EOFException; For more details see:  http://wiki.apache.org/hadoop/EOFException
	at sun.reflect.NativeConstructorAccessorImpl.newInstance0(Native Method)
	at sun.reflect.NativeConstructorAccessorImpl.newInstance(NativeConstructorAccessorImpl.java:62)
	at sun.reflect.DelegatingConstructorAccessorImpl.newInstance(DelegatingConstructorAccessorImpl.java:45)
	at java.lang.reflect.Constructor.newInstance(Constructor.java:423)
	at org.apache.hadoop.net.NetUtils.wrapWithMessage(NetUtils.java:913)
	at org.apache.hadoop.net.NetUtils.wrapException(NetUtils.java:862)
	at org.apache.hadoop.ipc.Client.getRpcResponse(Client.java:1616)
	at org.apache.hadoop.ipc.Client.call(Client.java:1558)
	at org.apache.hadoop.ipc.Client.call(Client.java:1455)
	at org.apache.hadoop.ipc.ProtobufRpcEngine$Invoker.invoke(ProtobufRpcEngine.java:235)
	at org.apache.hadoop.ipc.ProtobufRpcEngine$Invoker.invoke(ProtobufRpcEngine.java:122)
	at com.sun.proxy.$Proxy54.submitRequest(Unknown Source)
	at org.apache.hadoop.ozone.protocolPB.StorageContainerDatanodeProtocolClientSideTranslatorPB.submitRequest(StorageContainerDatanodeProtocolClientSideTranslatorPB.java:117)
	at org.apache.hadoop.ozone.protocolPB.StorageContainerDatanodeProtocolClientSideTranslatorPB.sendHeartbeat(StorageContainerDatanodeProtocolClientSideTranslatorPB.java:149)
	at org.apache.hadoop.ozone.container.common.states.endpoint.HeartbeatEndpointTask.call(HeartbeatEndpointTask.java:185)
	at org.apache.hadoop.ozone.container.common.states.endpoint.HeartbeatEndpointTask.call(HeartbeatEndpointTask.java:87)
	at java.util.concurrent.FutureTask.run(FutureTask.java:266)
	at java.util.concurrent.ThreadPoolExecutor.runWorker(ThreadPoolExecutor.java:1149)
	at java.util.concurrent.ThreadPoolExecutor$Worker.run(ThreadPoolExecutor.java:624)
	at java.lang.Thread.run(Thread.java:750)
Caused by: java.io.EOFException
	at java.io.DataInputStream.readInt(DataInputStream.java:392)
	at org.apache.hadoop.ipc.Client$IpcStreams.readResponse(Client.java:1922)
	at org.apache.hadoop.ipc.Client$Connection.receiveRpcResponse(Client.java:1238)
	at org.apache.hadoop.ipc.Client$Connection.run(Client.java:1134)
2023-03-09 14:58:29,877 [SCM Heartbeat Processing Thread - 0] WARN  node.NodeStateManager (NodeStateManager.java:scheduleNextHealthCheck(870)) - Current Thread is interrupted, shutting down HB processing thread for Node Manager.
2023-03-09 14:58:29,879 [Listener at 127.0.0.1/37111] INFO  server.StorageContainerManager (StorageContainerManager.java:stop(1561)) - Stopping block service RPC server
2023-03-09 14:58:29,879 [Listener at 127.0.0.1/37111] INFO  server.SCMBlockProtocolServer (SCMBlockProtocolServer.java:stop(161)) - Stopping the RPC server for Block Protocol
2023-03-09 14:58:29,879 [Listener at 127.0.0.1/37111] INFO  ipc.Server (Server.java:stop(3428)) - Stopping server on 43203
2023-03-09 14:58:29,886 [IPC Server Responder] INFO  ipc.Server (Server.java:run(1517)) - Stopping IPC Server Responder
2023-03-09 14:58:29,886 [IPC Server listener on 43203] INFO  ipc.Server (Server.java:run(1384)) - Stopping IPC Server listener on 43203
2023-03-09 14:58:29,888 [Listener at 127.0.0.1/37111] INFO  server.StorageContainerManager (StorageContainerManager.java:stop(1568)) - Stopping the StorageContainerLocationProtocol RPC server
2023-03-09 14:58:29,891 [Listener at 127.0.0.1/37111] INFO  server.SCMClientProtocolServer (SCMClientProtocolServer.java:stop(203)) - Stopping the RPC server for Client Protocol
2023-03-09 14:58:29,892 [Listener at 127.0.0.1/37111] INFO  ipc.Server (Server.java:stop(3428)) - Stopping server on 42711
2023-03-09 14:58:29,896 [IPC Server listener on 42711] INFO  ipc.Server (Server.java:run(1384)) - Stopping IPC Server listener on 42711
2023-03-09 14:58:29,896 [IPC Server Responder] INFO  ipc.Server (Server.java:run(1517)) - Stopping IPC Server Responder
2023-03-09 14:58:29,899 [Listener at 127.0.0.1/37111] INFO  server.StorageContainerManager (StorageContainerManager.java:stop(1575)) - Stopping Storage Container Manager HTTP server.
2023-03-09 14:58:29,900 [Listener at 127.0.0.1/37111] INFO  handler.ContextHandler (ContextHandler.java:doStop(1159)) - Stopped o.e.j.w.WebAppContext@30a8ac50{scm,/,null,STOPPED}{file:/home/runner/work/ozone/ozone/hadoop-ozone/integration-test/target/test-classes/webapps/scm}
2023-03-09 14:58:29,903 [Listener at 127.0.0.1/37111] INFO  server.AbstractConnector (AbstractConnector.java:doStop(383)) - Stopped ServerConnector@39cf7f3c{HTTP/1.1, (http/1.1)}{0.0.0.0:43683}
2023-03-09 14:58:29,904 [Listener at 127.0.0.1/37111] INFO  server.session (HouseKeeper.java:stopScavenging(149)) - node0 Stopped scavenging
2023-03-09 14:58:29,904 [Listener at 127.0.0.1/37111] INFO  handler.ContextHandler (ContextHandler.java:doStop(1159)) - Stopped o.e.j.s.ServletContextHandler@3e60be48{static,/static,file:///home/runner/work/ozone/ozone/hadoop-ozone/integration-test/target/test-classes/webapps/static,STOPPED}
2023-03-09 14:58:29,908 [Listener at 127.0.0.1/37111] INFO  handler.ContextHandler (ContextHandler.java:doStop(1159)) - Stopped o.e.j.s.ServletContextHandler@51f412e6{logs,/logs,file:///home/runner/work/ozone/ozone/hadoop-ozone/integration-test/target/log,STOPPED}
2023-03-09 14:58:29,909 [Listener at 127.0.0.1/37111] INFO  server.StorageContainerManager (StorageContainerManager.java:stop(1583)) - Stopping SCM LayoutVersionManager Service.
2023-03-09 14:58:29,910 [Listener at 127.0.0.1/37111] INFO  server.StorageContainerManager (StorageContainerManager.java:stop(1591)) - Stopping Block Manager Service.
2023-03-09 14:58:29,911 [Listener at 127.0.0.1/37111] INFO  utils.BackgroundService (BackgroundService.java:shutdown(141)) - Shutting down service SCMBlockDeletingService
2023-03-09 14:58:29,911 [Listener at 127.0.0.1/37111] INFO  utils.BackgroundService (BackgroundService.java:shutdown(141)) - Shutting down service SCMBlockDeletingService
2023-03-09 14:58:29,912 [Listener at 127.0.0.1/37111] INFO  server.StorageContainerManager (StorageContainerManager.java:stop(1613)) - Stopping SCM Event Queue.
2023-03-09 14:58:29,915 [Listener at 127.0.0.1/37111] INFO  server.StorageContainerManager (StorageContainerManager.java:stop(1624)) - Stopping SCM HA services.
2023-03-09 14:58:29,915 [Listener at 127.0.0.1/37111] INFO  ha.SCMRatisServerImpl (SCMRatisServerImpl.java:stop(237)) - stopping ratis server 0.0.0.0:38101
2023-03-09 14:58:29,916 [Listener at 127.0.0.1/37111] INFO  server.RaftServer (RaftServerProxy.java:lambda$close$6(409)) - 32163878-e8f2-41cf-b327-23a994648d98: close
2023-03-09 14:58:29,916 [Listener at 127.0.0.1/37111] INFO  server.GrpcService (GrpcService.java:closeImpl(271)) - 32163878-e8f2-41cf-b327-23a994648d98: shutdown server GrpcServerProtocolService now
2023-03-09 14:58:29,916 [32163878-e8f2-41cf-b327-23a994648d98-impl-thread1] INFO  server.RaftServer$Division (RaftServerImpl.java:lambda$close$4(458)) - 32163878-e8f2-41cf-b327-23a994648d98@group-8D18AD715950: shutdown
2023-03-09 14:58:29,917 [Listener at 127.0.0.1/37111] INFO  server.GrpcService (GrpcService.java:closeImpl(280)) - 32163878-e8f2-41cf-b327-23a994648d98: shutdown server GrpcServerProtocolService successfully
2023-03-09 14:58:29,917 [32163878-e8f2-41cf-b327-23a994648d98-impl-thread1] INFO  util.JmxRegister (JmxRegister.java:unregister(73)) - Successfully un-registered JMX Bean with object name Ratis:service=RaftServer,group=group-8D18AD715950,id=32163878-e8f2-41cf-b327-23a994648d98
2023-03-09 14:58:29,917 [32163878-e8f2-41cf-b327-23a994648d98-impl-thread1] INFO  impl.RoleInfo (RoleInfo.java:shutdownLeaderState(93)) - 32163878-e8f2-41cf-b327-23a994648d98: shutdown 32163878-e8f2-41cf-b327-23a994648d98@group-8D18AD715950-LeaderStateImpl
2023-03-09 14:58:29,917 [32163878-e8f2-41cf-b327-23a994648d98-impl-thread1] INFO  impl.PendingRequests (PendingRequests.java:sendNotLeaderResponses(282)) - 32163878-e8f2-41cf-b327-23a994648d98@group-8D18AD715950-PendingRequests: sendNotLeaderResponses
2023-03-09 14:58:29,919 [32163878-e8f2-41cf-b327-23a994648d98-impl-thread1] INFO  ha.SCMStateMachine (SCMStateMachine.java:notifyNotLeader(205)) - current leader SCM steps down.
2023-03-09 14:58:29,919 [32163878-e8f2-41cf-b327-23a994648d98-impl-thread1] INFO  ha.SCMContext (SCMContext.java:updateLeaderAndTerm(99)) - update <isLeader,term> from <true,2> to <false,0>
2023-03-09 14:58:29,919 [32163878-e8f2-41cf-b327-23a994648d98-impl-thread1] INFO  ha.SCMContext (SCMContext.java:updateLeaderAndTerm(106)) - update <isLeaderReady> from <false> to <false>
2023-03-09 14:58:29,919 [32163878-e8f2-41cf-b327-23a994648d98-impl-thread1] INFO  BackgroundPipelineScrubber (BackgroundSCMService.java:notifyStatusChanged(88)) - Service BackgroundPipelineScrubber transitions to PAUSING.
2023-03-09 14:58:29,919 [32163878-e8f2-41cf-b327-23a994648d98-impl-thread1] INFO  ExpiredContainerReplicaOpScrubber (BackgroundSCMService.java:notifyStatusChanged(88)) - Service ExpiredContainerReplicaOpScrubber transitions to PAUSING.
2023-03-09 14:58:29,921 [32163878-e8f2-41cf-b327-23a994648d98-impl-thread1] INFO  impl.StateMachineUpdater (StateMachineUpdater.java:stopAndJoin(153)) - 32163878-e8f2-41cf-b327-23a994648d98@group-8D18AD715950-StateMachineUpdater: set stopIndex = 30
2023-03-09 14:58:29,921 [32163878-e8f2-41cf-b327-23a994648d98@group-8D18AD715950-StateMachineUpdater] INFO  ha.SCMStateMachine (SCMStateMachine.java:takeSnapshot(312)) - Current Snapshot Index 30, takeSnapshot took 0 ms
2023-03-09 14:58:29,921 [32163878-e8f2-41cf-b327-23a994648d98@group-8D18AD715950-StateMachineUpdater] INFO  impl.StateMachineUpdater (StateMachineUpdater.java:takeSnapshot(287)) - 32163878-e8f2-41cf-b327-23a994648d98@group-8D18AD715950-StateMachineUpdater: Took a snapshot at index 30
2023-03-09 14:58:29,922 [32163878-e8f2-41cf-b327-23a994648d98@group-8D18AD715950-StateMachineUpdater] INFO  impl.StateMachineUpdater (StateMachineUpdater.java:lambda$new$0(92)) - 32163878-e8f2-41cf-b327-23a994648d98@group-8D18AD715950-StateMachineUpdater: snapshotIndex: updateIncreasingly -1 -> 30
2023-03-09 14:58:29,922 [32163878-e8f2-41cf-b327-23a994648d98@group-8D18AD715950-StateMachineUpdater] INFO  server.StorageContainerManager (StorageContainerManager.java:stop(1523)) - Storage Container Manager is not running.
2023-03-09 14:58:29,922 [32163878-e8f2-41cf-b327-23a994648d98@group-8D18AD715950-StateMachineUpdater] INFO  server.StorageContainerManager (ExitUtils.java:terminate(131)) - Terminating with exit status 0: scm statemachine is closed by ratis, terminate SCM
2023-03-09 14:58:29,922 [32163878-e8f2-41cf-b327-23a994648d98@group-8D18AD715950-StateMachineUpdater] WARN  impl.StateMachineUpdater (StateMachineUpdater.java:stop(137)) - 32163878-e8f2-41cf-b327-23a994648d98@group-8D18AD715950-StateMachineUpdater: Failed to close SCMStateMachine SCMStateMachine:32163878-e8f2-41cf-b327-23a994648d98:group-8D18AD715950
org.apache.ratis.util.ExitUtils$ExitException: scm statemachine is closed by ratis, terminate SCM
	at org.apache.ratis.util.ExitUtils.terminate(ExitUtils.java:141)
	at org.apache.ratis.util.ExitUtils.terminate(ExitUtils.java:151)
	at org.apache.ratis.util.ExitUtils.terminate(ExitUtils.java:155)
	at org.apache.hadoop.hdds.scm.server.StorageContainerManager.shutDown(StorageContainerManager.java:1652)
	at org.apache.hadoop.hdds.scm.ha.SCMStateMachine.close(SCMStateMachine.java:421)
	at org.apache.ratis.server.impl.StateMachineUpdater.stop(StateMachineUpdater.java:134)
	at org.apache.ratis.server.impl.StateMachineUpdater.run(StateMachineUpdater.java:187)
	at java.lang.Thread.run(Thread.java:750)
2023-03-09 14:58:29,923 [32163878-e8f2-41cf-b327-23a994648d98-impl-thread1] INFO  server.RaftServer$Division (ServerState.java:close(466)) - 32163878-e8f2-41cf-b327-23a994648d98@group-8D18AD715950: closes. applyIndex: 30
2023-03-09 14:58:29,923 [32163878-e8f2-41cf-b327-23a994648d98@group-8D18AD715950-SegmentedRaftLogWorker] INFO  segmented.SegmentedRaftLogWorker (SegmentedRaftLogWorker.java:run(347)) - 32163878-e8f2-41cf-b327-23a994648d98@group-8D18AD715950-SegmentedRaftLogWorker was interrupted, exiting. There are 0 tasks remaining in the queue.
2023-03-09 14:58:29,925 [32163878-e8f2-41cf-b327-23a994648d98-impl-thread1] INFO  segmented.SegmentedRaftLogWorker (SegmentedRaftLogWorker.java:close(257)) - 32163878-e8f2-41cf-b327-23a994648d98@group-8D18AD715950-SegmentedRaftLogWorker close()
2023-03-09 14:58:29,925 [JvmPauseMonitor1] INFO  util.JvmPauseMonitor (JvmPauseMonitor.java:run(111)) - JvmPauseMonitor-32163878-e8f2-41cf-b327-23a994648d98: Stopped
2023-03-09 14:58:29,926 [Listener at 127.0.0.1/37111] INFO  pipeline.BackgroundPipelineCreator (BackgroundPipelineCreator.java:stop(149)) - Stopping RatisPipelineUtilsThread.
2023-03-09 14:58:29,927 [RatisPipelineUtilsThread - 0] WARN  pipeline.BackgroundPipelineCreator (BackgroundPipelineCreator.java:run(180)) - RatisPipelineUtilsThread is interrupted.
2023-03-09 14:58:29,927 [Listener at 127.0.0.1/37111] INFO  BackgroundPipelineScrubber (BackgroundSCMService.java:stop(131)) - Stopping BackgroundPipelineScrubber Service.
2023-03-09 14:58:29,927 [BackgroundPipelineScrubberThread] WARN  BackgroundPipelineScrubber (BackgroundSCMService.java:run(115)) - BackgroundPipelineScrubber is interrupted, exit
2023-03-09 14:58:29,928 [Listener at 127.0.0.1/37111] INFO  impl.MetricsSystemImpl (MetricsSystemImpl.java:stop(210)) - Stopping OzoneManager metrics system...
2023-03-09 14:58:29,937 [prometheus] INFO  impl.MetricsSinkAdapter (MetricsSinkAdapter.java:publishMetricsFromQueue(141)) - prometheus thread interrupted.
2023-03-09 14:58:29,938 [Listener at 127.0.0.1/37111] INFO  impl.MetricsSystemImpl (MetricsSystemImpl.java:stop(216)) - OzoneManager metrics system stopped.
2023-03-09 14:58:29,939 [Listener at 127.0.0.1/37111] WARN  pipeline.BackgroundPipelineCreator (BackgroundPipelineCreator.java:stop(145)) - RatisPipelineUtilsThread is not running, just ignore.
2023-03-09 14:58:29,939 [Listener at 127.0.0.1/37111] INFO  BackgroundPipelineScrubber (BackgroundSCMService.java:stop(126)) - BackgroundPipelineScrubber Service is not running, skip stop.
2023-03-09 14:58:29,939 [Listener at 127.0.0.1/37111] INFO  ExpiredContainerReplicaOpScrubber (BackgroundSCMService.java:stop(131)) - Stopping ExpiredContainerReplicaOpScrubber Service.
2023-03-09 14:58:29,939 [Listener at 127.0.0.1/37111] INFO  utils.BackgroundService (BackgroundService.java:shutdown(141)) - Shutting down service SCMBlockDeletingService
2023-03-09 14:58:29,939 [Listener at 127.0.0.1/37111] INFO  replication.ReplicationManager (ReplicationManager.java:stop(310)) - Replication Monitor Thread is not running.
2023-03-09 14:58:29,939 [ExpiredContainerReplicaOpScrubberThread] WARN  ExpiredContainerReplicaOpScrubber (BackgroundSCMService.java:run(115)) - ExpiredContainerReplicaOpScrubber is interrupted, exit
2023-03-09 14:58:29,939 [Listener at 127.0.0.1/37111] WARN  balancer.ContainerBalancer (ContainerBalancer.java:stop(322)) - Cannot stop Container Balancer because it's not running or stopping
2023-03-09 14:58:29,940 [Listener at 127.0.0.1/37111] INFO  server.StorageContainerManager (StorageContainerManager.java:stop(1642)) - Stopping SCM MetadataStore.
2023-03-09 14:58:29,942 [Listener at 127.0.0.1/37111] INFO  ozone.MiniOzoneClusterImpl (MiniOzoneClusterImpl.java:stop(465)) - Stopping the Mini Ozone Cluster
2023-03-09 14:58:29,942 [Listener at 127.0.0.1/37111] INFO  ozone.MiniOzoneClusterImpl (MiniOzoneClusterImpl.java:stopDatanodes(524)) - Stopping the HddsDatanodes
2023-03-09 14:58:29,946 [ForkJoinPool.commonPool-worker-1] INFO  ozoneimpl.OzoneContainer (OzoneContainer.java:stop(420)) - Attempting to stop container services.
2023-03-09 14:58:29,946 [ForkJoinPool.commonPool-worker-1] INFO  server.RaftServer (RaftServerProxy.java:lambda$close$6(409)) - 9c2028ec-eae4-47ee-99aa-bca7ce936f50: close
2023-03-09 14:58:29,947 [9c2028ec-eae4-47ee-99aa-bca7ce936f50-impl-thread1] INFO  server.RaftServer$Division (RaftServerImpl.java:lambda$close$4(458)) - 9c2028ec-eae4-47ee-99aa-bca7ce936f50@group-A0AD4C07BA3C: shutdown
2023-03-09 14:58:29,947 [9c2028ec-eae4-47ee-99aa-bca7ce936f50-impl-thread1] INFO  util.JmxRegister (JmxRegister.java:unregister(73)) - Successfully un-registered JMX Bean with object name Ratis:service=RaftServer,group=group-A0AD4C07BA3C,id=9c2028ec-eae4-47ee-99aa-bca7ce936f50
2023-03-09 14:58:29,947 [9c2028ec-eae4-47ee-99aa-bca7ce936f50-impl-thread1] INFO  impl.RoleInfo (RoleInfo.java:shutdownLeaderState(93)) - 9c2028ec-eae4-47ee-99aa-bca7ce936f50: shutdown 9c2028ec-eae4-47ee-99aa-bca7ce936f50@group-A0AD4C07BA3C-LeaderStateImpl
2023-03-09 14:58:29,947 [9c2028ec-eae4-47ee-99aa-bca7ce936f50-impl-thread2] INFO  server.RaftServer$Division (RaftServerImpl.java:lambda$close$4(458)) - 9c2028ec-eae4-47ee-99aa-bca7ce936f50@group-3CB6E2304B87: shutdown
2023-03-09 14:58:29,947 [9c2028ec-eae4-47ee-99aa-bca7ce936f50-impl-thread2] INFO  util.JmxRegister (JmxRegister.java:unregister(73)) - Successfully un-registered JMX Bean with object name Ratis:service=RaftServer,group=group-3CB6E2304B87,id=9c2028ec-eae4-47ee-99aa-bca7ce936f50
2023-03-09 14:58:29,947 [9c2028ec-eae4-47ee-99aa-bca7ce936f50-impl-thread1] INFO  impl.PendingRequests (PendingRequests.java:sendNotLeaderResponses(282)) - 9c2028ec-eae4-47ee-99aa-bca7ce936f50@group-A0AD4C07BA3C-PendingRequests: sendNotLeaderResponses
2023-03-09 14:58:29,947 [9c2028ec-eae4-47ee-99aa-bca7ce936f50-impl-thread2] INFO  impl.RoleInfo (RoleInfo.java:shutdownFollowerState(110)) - 9c2028ec-eae4-47ee-99aa-bca7ce936f50: shutdown 9c2028ec-eae4-47ee-99aa-bca7ce936f50@group-3CB6E2304B87-FollowerState
2023-03-09 14:58:29,948 [9c2028ec-eae4-47ee-99aa-bca7ce936f50@group-A0AD4C07BA3C-StateMachineUpdater] INFO  ratis.ContainerStateMachine (ContainerStateMachine.java:takeSnapshot(308)) - group-A0AD4C07BA3C: Taking a snapshot at:(t:1, i:0) file /home/runner/work/ozone/ozone/hadoop-ozone/integration-test/target/test-dir/MiniOzoneClusterImpl-e86c7e49-e04f-4606-8b16-8d18ad715950/datanode-0/data/ratis/db027398-7b68-4b1c-bffb-a0ad4c07ba3c/sm/snapshot.1_0
2023-03-09 14:58:29,950 [9c2028ec-eae4-47ee-99aa-bca7ce936f50@group-3CB6E2304B87-FollowerState] INFO  impl.FollowerState (FollowerState.java:run(152)) - 9c2028ec-eae4-47ee-99aa-bca7ce936f50@group-3CB6E2304B87-FollowerState was interrupted
2023-03-09 14:58:29,947 [9c2028ec-eae4-47ee-99aa-bca7ce936f50-impl-thread1] INFO  impl.StateMachineUpdater (StateMachineUpdater.java:stopAndJoin(153)) - 9c2028ec-eae4-47ee-99aa-bca7ce936f50@group-A0AD4C07BA3C-StateMachineUpdater: set stopIndex = 0
2023-03-09 14:58:29,954 [9c2028ec-eae4-47ee-99aa-bca7ce936f50-impl-thread2] INFO  impl.StateMachineUpdater (StateMachineUpdater.java:stopAndJoin(153)) - 9c2028ec-eae4-47ee-99aa-bca7ce936f50@group-3CB6E2304B87-StateMachineUpdater: set stopIndex = 0
2023-03-09 14:58:29,956 [9c2028ec-eae4-47ee-99aa-bca7ce936f50@group-3CB6E2304B87-StateMachineUpdater] INFO  ratis.ContainerStateMachine (ContainerStateMachine.java:takeSnapshot(308)) - group-3CB6E2304B87: Taking a snapshot at:(t:1, i:0) file /home/runner/work/ozone/ozone/hadoop-ozone/integration-test/target/test-dir/MiniOzoneClusterImpl-e86c7e49-e04f-4606-8b16-8d18ad715950/datanode-0/data/ratis/a417e7bd-d0a1-44e2-96ee-3cb6e2304b87/sm/snapshot.1_0
2023-03-09 14:58:29,956 [9c2028ec-eae4-47ee-99aa-bca7ce936f50-impl-thread3] INFO  server.RaftServer$Division (RaftServerImpl.java:lambda$close$4(458)) - 9c2028ec-eae4-47ee-99aa-bca7ce936f50@group-8B6815A740CC: shutdown
2023-03-09 14:58:29,956 [9c2028ec-eae4-47ee-99aa-bca7ce936f50-impl-thread3] INFO  util.JmxRegister (JmxRegister.java:unregister(73)) - Successfully un-registered JMX Bean with object name Ratis:service=RaftServer,group=group-8B6815A740CC,id=9c2028ec-eae4-47ee-99aa-bca7ce936f50
2023-03-09 14:58:29,949 [ForkJoinPool.commonPool-worker-1] INFO  server.GrpcService (GrpcService.java:closeImpl(271)) - 9c2028ec-eae4-47ee-99aa-bca7ce936f50: shutdown server GrpcServerProtocolService now
2023-03-09 14:58:29,964 [9c2028ec-eae4-47ee-99aa-bca7ce936f50-impl-thread3] INFO  impl.RoleInfo (RoleInfo.java:shutdownFollowerState(110)) - 9c2028ec-eae4-47ee-99aa-bca7ce936f50: shutdown 9c2028ec-eae4-47ee-99aa-bca7ce936f50@group-8B6815A740CC-FollowerState
2023-03-09 14:58:29,972 [ForkJoinPool.commonPool-worker-1] INFO  server.GrpcServerProtocolClient (GrpcServerProtocolClient.java:close(101)) - 8bafe227-ab53-47f4-b02f-6ec7cb40a7a2 Close channels
2023-03-09 14:58:29,975 [9c2028ec-eae4-47ee-99aa-bca7ce936f50-impl-thread3] INFO  impl.StateMachineUpdater (StateMachineUpdater.java:stopAndJoin(153)) - 9c2028ec-eae4-47ee-99aa-bca7ce936f50@group-8B6815A740CC-StateMachineUpdater: set stopIndex = 0
2023-03-09 14:58:29,975 [9c2028ec-eae4-47ee-99aa-bca7ce936f50@group-8B6815A740CC-StateMachineUpdater] INFO  ratis.ContainerStateMachine (ContainerStateMachine.java:takeSnapshot(308)) - group-8B6815A740CC: Taking a snapshot at:(t:1, i:0) file /home/runner/work/ozone/ozone/hadoop-ozone/integration-test/target/test-dir/MiniOzoneClusterImpl-e86c7e49-e04f-4606-8b16-8d18ad715950/datanode-0/data/ratis/5cdb5299-f0f3-4ae7-8a8c-8b6815a740cc/sm/snapshot.1_0
2023-03-09 14:58:29,978 [grpc-default-executor-3] WARN  server.GrpcServerProtocolService (LogUtils.java:warn(122)) - 9c2028ec-eae4-47ee-99aa-bca7ce936f50: installSnapshot onError, lastRequest: null: org.apache.ratis.thirdparty.io.grpc.StatusRuntimeException: CANCELLED: client cancelled
2023-03-09 14:58:29,975 [9c2028ec-eae4-47ee-99aa-bca7ce936f50@group-8B6815A740CC-FollowerState] INFO  impl.FollowerState (FollowerState.java:run(152)) - 9c2028ec-eae4-47ee-99aa-bca7ce936f50@group-8B6815A740CC-FollowerState was interrupted
2023-03-09 14:58:29,987 [grpc-default-executor-3] WARN  server.GrpcLogAppender (LogUtils.java:warn(122)) - 8bafe227-ab53-47f4-b02f-6ec7cb40a7a2@group-3CB6E2304B87->9c2028ec-eae4-47ee-99aa-bca7ce936f50-AppendLogResponseHandler: Failed appendEntries: org.apache.ratis.thirdparty.io.grpc.StatusRuntimeException: CANCELLED: RST_STREAM closed stream. HTTP/2 error code: CANCEL
2023-03-09 14:58:29,995 [grpc-default-executor-3] WARN  server.GrpcLogAppender (GrpcLogAppender.java:resetClient(131)) - 8bafe227-ab53-47f4-b02f-6ec7cb40a7a2@group-3CB6E2304B87->9c2028ec-eae4-47ee-99aa-bca7ce936f50-GrpcLogAppender: Leader has not got in touch with Follower 8bafe227-ab53-47f4-b02f-6ec7cb40a7a2@group-3CB6E2304B87->9c2028ec-eae4-47ee-99aa-bca7ce936f50(c0,m0,n1, attendVote=true, lastRpcSendTime=1570, lastRpcResponseTime=1569) yet, just keep nextIndex unchanged and retry.
2023-03-09 14:58:29,996 [grpc-default-executor-4] WARN  server.GrpcServerProtocolService (LogUtils.java:warn(122)) - 9c2028ec-eae4-47ee-99aa-bca7ce936f50: installSnapshot onError, lastRequest: 7cc8348c-25f7-4abd-9a5e-53969841dd44->9c2028ec-eae4-47ee-99aa-bca7ce936f50#1-t1,previous=(t:0, i:0),leaderCommit=0,initializing? true,entries: size=1, first=(t:1, i:0), CONFIGURATIONENTRY(current:id: "8bafe227-ab53-47f4-b02f-6ec7cb40a7a2"
address: "127.0.0.1:43633"
dataStreamAddress: "127.0.0.1:38373"
clientAddress: "127.0.0.1:43633"
adminAddress: "127.0.0.1:43633"
startupRole: FOLLOWER
,id: "9c2028ec-eae4-47ee-99aa-bca7ce936f50"
address: "127.0.0.1:35725"
dataStreamAddress: "127.0.0.1:38891"
clientAddress: "127.0.0.1:35725"
adminAddress: "127.0.0.1:35725"
startupRole: FOLLOWER
,id: "7cc8348c-25f7-4abd-9a5e-53969841dd44"
address: "127.0.0.1:44627"
priority: 1
dataStreamAddress: "127.0.0.1:32895"
clientAddress: "127.0.0.1:44627"
adminAddress: "127.0.0.1:44627"
startupRole: FOLLOWER
, old:): org.apache.ratis.thirdparty.io.grpc.StatusRuntimeException: CANCELLED: client cancelled
2023-03-09 14:58:29,996 [grpc-default-executor-2] WARN  server.GrpcServerProtocolService (LogUtils.java:warn(122)) - 9c2028ec-eae4-47ee-99aa-bca7ce936f50: installSnapshot onError, lastRequest: 8bafe227-ab53-47f4-b02f-6ec7cb40a7a2->9c2028ec-eae4-47ee-99aa-bca7ce936f50#1-t1,previous=(t:0, i:0),leaderCommit=0,initializing? true,entries: size=1, first=(t:1, i:0), CONFIGURATIONENTRY(current:id: "8bafe227-ab53-47f4-b02f-6ec7cb40a7a2"
address: "127.0.0.1:43633"
priority: 1
dataStreamAddress: "127.0.0.1:38373"
clientAddress: "127.0.0.1:43633"
adminAddress: "127.0.0.1:43633"
startupRole: FOLLOWER
,id: "9c2028ec-eae4-47ee-99aa-bca7ce936f50"
address: "127.0.0.1:35725"
dataStreamAddress: "127.0.0.1:38891"
clientAddress: "127.0.0.1:35725"
adminAddress: "127.0.0.1:35725"
startupRole: FOLLOWER
,id: "7cc8348c-25f7-4abd-9a5e-53969841dd44"
address: "127.0.0.1:44627"
dataStreamAddress: "127.0.0.1:32895"
clientAddress: "127.0.0.1:44627"
adminAddress: "127.0.0.1:44627"
startupRole: FOLLOWER
, old:): org.apache.ratis.thirdparty.io.grpc.StatusRuntimeException: CANCELLED: client cancelled
2023-03-09 14:58:29,998 [grpc-default-executor-5] WARN  server.GrpcLogAppender (LogUtils.java:warn(122)) - 8bafe227-ab53-47f4-b02f-6ec7cb40a7a2@group-3CB6E2304B87->9c2028ec-eae4-47ee-99aa-bca7ce936f50-AppendLogResponseHandler: Failed appendEntries: org.apache.ratis.thirdparty.io.grpc.StatusRuntimeException: CANCELLED: RST_STREAM closed stream. HTTP/2 error code: CANCEL
2023-03-09 14:58:30,000 [grpc-default-executor-0] WARN  server.GrpcServerProtocolService (LogUtils.java:warn(122)) - 9c2028ec-eae4-47ee-99aa-bca7ce936f50: installSnapshot onError, lastRequest: null: org.apache.ratis.thirdparty.io.grpc.StatusRuntimeException: CANCELLED: client cancelled
2023-03-09 14:58:30,000 [grpc-default-executor-5] WARN  server.GrpcLogAppender (GrpcLogAppender.java:resetClient(131)) - 8bafe227-ab53-47f4-b02f-6ec7cb40a7a2@group-3CB6E2304B87->9c2028ec-eae4-47ee-99aa-bca7ce936f50-GrpcLogAppender: Leader has not got in touch with Follower 8bafe227-ab53-47f4-b02f-6ec7cb40a7a2@group-3CB6E2304B87->9c2028ec-eae4-47ee-99aa-bca7ce936f50(c0,m0,n1, attendVote=true, lastRpcSendTime=1575, lastRpcResponseTime=1574) yet, just keep nextIndex unchanged and retry.
2023-03-09 14:58:30,000 [grpc-default-executor-1] WARN  server.GrpcLogAppender (LogUtils.java:warn(122)) - 7cc8348c-25f7-4abd-9a5e-53969841dd44@group-8B6815A740CC->9c2028ec-eae4-47ee-99aa-bca7ce936f50-AppendLogResponseHandler: Failed appendEntries: org.apache.ratis.thirdparty.io.grpc.StatusRuntimeException: CANCELLED: RST_STREAM closed stream. HTTP/2 error code: CANCEL
2023-03-09 14:58:30,001 [grpc-default-executor-1] WARN  server.GrpcLogAppender (GrpcLogAppender.java:resetClient(131)) - 7cc8348c-25f7-4abd-9a5e-53969841dd44@group-8B6815A740CC->9c2028ec-eae4-47ee-99aa-bca7ce936f50-GrpcLogAppender: Leader has not got in touch with Follower 7cc8348c-25f7-4abd-9a5e-53969841dd44@group-8B6815A740CC->9c2028ec-eae4-47ee-99aa-bca7ce936f50(c0,m0,n1, attendVote=true, lastRpcSendTime=1676, lastRpcResponseTime=1669) yet, just keep nextIndex unchanged and retry.
2023-03-09 14:58:30,001 [grpc-default-executor-3] WARN  server.GrpcLogAppender (LogUtils.java:warn(122)) - 7cc8348c-25f7-4abd-9a5e-53969841dd44@group-8B6815A740CC->9c2028ec-eae4-47ee-99aa-bca7ce936f50-AppendLogResponseHandler: Failed appendEntries: org.apache.ratis.thirdparty.io.grpc.StatusRuntimeException: CANCELLED: RST_STREAM closed stream. HTTP/2 error code: CANCEL
2023-03-09 14:58:30,001 [grpc-default-executor-3] WARN  server.GrpcLogAppender (GrpcLogAppender.java:resetClient(131)) - 7cc8348c-25f7-4abd-9a5e-53969841dd44@group-8B6815A740CC->9c2028ec-eae4-47ee-99aa-bca7ce936f50-GrpcLogAppender: Leader has not got in touch with Follower 7cc8348c-25f7-4abd-9a5e-53969841dd44@group-8B6815A740CC->9c2028ec-eae4-47ee-99aa-bca7ce936f50(c0,m0,n1, attendVote=true, lastRpcSendTime=1676, lastRpcResponseTime=1670) yet, just keep nextIndex unchanged and retry.
2023-03-09 14:58:30,008 [ForkJoinPool.commonPool-worker-1] INFO  server.GrpcServerProtocolClient (GrpcServerProtocolClient.java:close(101)) - 7cc8348c-25f7-4abd-9a5e-53969841dd44 Close channels
2023-03-09 14:58:30,014 [ForkJoinPool.commonPool-worker-1] INFO  server.GrpcService (GrpcService.java:closeImpl(280)) - 9c2028ec-eae4-47ee-99aa-bca7ce936f50: shutdown server GrpcServerProtocolService successfully
2023-03-09 14:58:30,014 [9c2028ec-eae4-47ee-99aa-bca7ce936f50-NettyServerStreamRpc-bossGroup--thread1] INFO  logging.LoggingHandler (AbstractInternalLogger.java:log(148)) - [id: 0x4b5b99df, L:/0:0:0:0:0:0:0:0:38891] CLOSE
2023-03-09 14:58:30,014 [9c2028ec-eae4-47ee-99aa-bca7ce936f50-NettyServerStreamRpc-bossGroup--thread1] INFO  logging.LoggingHandler (AbstractInternalLogger.java:log(148)) - [id: 0x4b5b99df, L:/0:0:0:0:0:0:0:0:38891] INACTIVE
2023-03-09 14:58:30,015 [9c2028ec-eae4-47ee-99aa-bca7ce936f50-NettyServerStreamRpc-bossGroup--thread1] INFO  logging.LoggingHandler (AbstractInternalLogger.java:log(148)) - [id: 0x4b5b99df, L:/0:0:0:0:0:0:0:0:38891] UNREGISTERED
2023-03-09 14:58:30,099 [9c2028ec-eae4-47ee-99aa-bca7ce936f50@group-A0AD4C07BA3C-StateMachineUpdater] INFO  ratis.ContainerStateMachine (ContainerStateMachine.java:takeSnapshot(319)) - group-A0AD4C07BA3C: Finished taking a snapshot at:(t:1, i:0) file:/home/runner/work/ozone/ozone/hadoop-ozone/integration-test/target/test-dir/MiniOzoneClusterImpl-e86c7e49-e04f-4606-8b16-8d18ad715950/datanode-0/data/ratis/db027398-7b68-4b1c-bffb-a0ad4c07ba3c/sm/snapshot.1_0 took: 151 ms
2023-03-09 14:58:30,100 [9c2028ec-eae4-47ee-99aa-bca7ce936f50@group-8B6815A740CC-StateMachineUpdater] INFO  ratis.ContainerStateMachine (ContainerStateMachine.java:takeSnapshot(319)) - group-8B6815A740CC: Finished taking a snapshot at:(t:1, i:0) file:/home/runner/work/ozone/ozone/hadoop-ozone/integration-test/target/test-dir/MiniOzoneClusterImpl-e86c7e49-e04f-4606-8b16-8d18ad715950/datanode-0/data/ratis/5cdb5299-f0f3-4ae7-8a8c-8b6815a740cc/sm/snapshot.1_0 took: 125 ms
2023-03-09 14:58:30,101 [9c2028ec-eae4-47ee-99aa-bca7ce936f50@group-A0AD4C07BA3C-StateMachineUpdater] INFO  impl.StateMachineUpdater (StateMachineUpdater.java:takeSnapshot(287)) - 9c2028ec-eae4-47ee-99aa-bca7ce936f50@group-A0AD4C07BA3C-StateMachineUpdater: Took a snapshot at index 0
2023-03-09 14:58:30,101 [9c2028ec-eae4-47ee-99aa-bca7ce936f50@group-A0AD4C07BA3C-StateMachineUpdater] INFO  impl.StateMachineUpdater (StateMachineUpdater.java:lambda$new$0(92)) - 9c2028ec-eae4-47ee-99aa-bca7ce936f50@group-A0AD4C07BA3C-StateMachineUpdater: snapshotIndex: updateIncreasingly -1 -> 0
2023-03-09 14:58:30,102 [9c2028ec-eae4-47ee-99aa-bca7ce936f50@group-8B6815A740CC-StateMachineUpdater] INFO  impl.StateMachineUpdater (StateMachineUpdater.java:takeSnapshot(287)) - 9c2028ec-eae4-47ee-99aa-bca7ce936f50@group-8B6815A740CC-StateMachineUpdater: Took a snapshot at index 0
2023-03-09 14:58:30,102 [9c2028ec-eae4-47ee-99aa-bca7ce936f50@group-8B6815A740CC-StateMachineUpdater] INFO  impl.StateMachineUpdater (StateMachineUpdater.java:lambda$new$0(92)) - 9c2028ec-eae4-47ee-99aa-bca7ce936f50@group-8B6815A740CC-StateMachineUpdater: snapshotIndex: updateIncreasingly -1 -> 0
2023-03-09 14:58:30,102 [9c2028ec-eae4-47ee-99aa-bca7ce936f50-impl-thread1] INFO  server.RaftServer$Division (ServerState.java:close(466)) - 9c2028ec-eae4-47ee-99aa-bca7ce936f50@group-A0AD4C07BA3C: closes. applyIndex: 0
2023-03-09 14:58:30,102 [9c2028ec-eae4-47ee-99aa-bca7ce936f50-impl-thread3] INFO  server.RaftServer$Division (ServerState.java:close(466)) - 9c2028ec-eae4-47ee-99aa-bca7ce936f50@group-8B6815A740CC: closes. applyIndex: 0
2023-03-09 14:58:30,102 [9c2028ec-eae4-47ee-99aa-bca7ce936f50@group-A0AD4C07BA3C-SegmentedRaftLogWorker] INFO  segmented.SegmentedRaftLogWorker (SegmentedRaftLogWorker.java:run(347)) - 9c2028ec-eae4-47ee-99aa-bca7ce936f50@group-A0AD4C07BA3C-SegmentedRaftLogWorker was interrupted, exiting. There are 0 tasks remaining in the queue.
2023-03-09 14:58:30,102 [9c2028ec-eae4-47ee-99aa-bca7ce936f50@group-8B6815A740CC-SegmentedRaftLogWorker] INFO  segmented.SegmentedRaftLogWorker (SegmentedRaftLogWorker.java:run(347)) - 9c2028ec-eae4-47ee-99aa-bca7ce936f50@group-8B6815A740CC-SegmentedRaftLogWorker was interrupted, exiting. There are 0 tasks remaining in the queue.
2023-03-09 14:58:30,102 [9c2028ec-eae4-47ee-99aa-bca7ce936f50@group-3CB6E2304B87-StateMachineUpdater] INFO  ratis.ContainerStateMachine (ContainerStateMachine.java:takeSnapshot(319)) - group-3CB6E2304B87: Finished taking a snapshot at:(t:1, i:0) file:/home/runner/work/ozone/ozone/hadoop-ozone/integration-test/target/test-dir/MiniOzoneClusterImpl-e86c7e49-e04f-4606-8b16-8d18ad715950/datanode-0/data/ratis/a417e7bd-d0a1-44e2-96ee-3cb6e2304b87/sm/snapshot.1_0 took: 146 ms
2023-03-09 14:58:30,110 [9c2028ec-eae4-47ee-99aa-bca7ce936f50@group-3CB6E2304B87-StateMachineUpdater] INFO  impl.StateMachineUpdater (StateMachineUpdater.java:takeSnapshot(287)) - 9c2028ec-eae4-47ee-99aa-bca7ce936f50@group-3CB6E2304B87-StateMachineUpdater: Took a snapshot at index 0
2023-03-09 14:58:30,111 [9c2028ec-eae4-47ee-99aa-bca7ce936f50@group-3CB6E2304B87-StateMachineUpdater] INFO  impl.StateMachineUpdater (StateMachineUpdater.java:lambda$new$0(92)) - 9c2028ec-eae4-47ee-99aa-bca7ce936f50@group-3CB6E2304B87-StateMachineUpdater: snapshotIndex: updateIncreasingly -1 -> 0
2023-03-09 14:58:30,111 [9c2028ec-eae4-47ee-99aa-bca7ce936f50-impl-thread2] INFO  server.RaftServer$Division (ServerState.java:close(466)) - 9c2028ec-eae4-47ee-99aa-bca7ce936f50@group-3CB6E2304B87: closes. applyIndex: 0
2023-03-09 14:58:30,111 [9c2028ec-eae4-47ee-99aa-bca7ce936f50@group-3CB6E2304B87-SegmentedRaftLogWorker] INFO  segmented.SegmentedRaftLogWorker (SegmentedRaftLogWorker.java:run(347)) - 9c2028ec-eae4-47ee-99aa-bca7ce936f50@group-3CB6E2304B87-SegmentedRaftLogWorker was interrupted, exiting. There are 0 tasks remaining in the queue.
2023-03-09 14:58:30,142 [9c2028ec-eae4-47ee-99aa-bca7ce936f50-impl-thread3] INFO  segmented.SegmentedRaftLogWorker (SegmentedRaftLogWorker.java:close(257)) - 9c2028ec-eae4-47ee-99aa-bca7ce936f50@group-8B6815A740CC-SegmentedRaftLogWorker close()
2023-03-09 14:58:30,142 [9c2028ec-eae4-47ee-99aa-bca7ce936f50-impl-thread1] INFO  segmented.SegmentedRaftLogWorker (SegmentedRaftLogWorker.java:close(257)) - 9c2028ec-eae4-47ee-99aa-bca7ce936f50@group-A0AD4C07BA3C-SegmentedRaftLogWorker close()
2023-03-09 14:58:30,153 [9c2028ec-eae4-47ee-99aa-bca7ce936f50-impl-thread2] INFO  segmented.SegmentedRaftLogWorker (SegmentedRaftLogWorker.java:close(257)) - 9c2028ec-eae4-47ee-99aa-bca7ce936f50@group-3CB6E2304B87-SegmentedRaftLogWorker close()
2023-03-09 14:58:30,174 [JvmPauseMonitor3] INFO  util.JvmPauseMonitor (JvmPauseMonitor.java:run(111)) - JvmPauseMonitor-9c2028ec-eae4-47ee-99aa-bca7ce936f50: Stopped
2023-03-09 14:58:30,603 [Listener at 127.0.0.1/37111] INFO  ozoneimpl.OzoneContainer (OzoneContainer.java:stop(420)) - Attempting to stop container services.
2023-03-09 14:58:30,605 [EndpointStateMachine task thread for /127.0.0.1:42633 - 0 ] INFO  ipc.Client (Client.java:handleConnectionFailure(1010)) - Retrying connect to server: localhost/127.0.0.1:42633. Already tried 0 time(s); retry policy is RetryUpToMaximumCountWithFixedSleep(maxRetries=15, sleepTime=1000 MILLISECONDS)
2023-03-09 14:58:30,606 [Listener at 127.0.0.1/37111] INFO  server.RaftServer (RaftServerProxy.java:lambda$close$6(409)) - 8bafe227-ab53-47f4-b02f-6ec7cb40a7a2: close
2023-03-09 14:58:30,606 [8bafe227-ab53-47f4-b02f-6ec7cb40a7a2-impl-thread1] INFO  server.RaftServer$Division (RaftServerImpl.java:lambda$close$4(458)) - 8bafe227-ab53-47f4-b02f-6ec7cb40a7a2@group-E39C6911387A: shutdown
2023-03-09 14:58:30,606 [8bafe227-ab53-47f4-b02f-6ec7cb40a7a2-impl-thread1] INFO  util.JmxRegister (JmxRegister.java:unregister(73)) - Successfully un-registered JMX Bean with object name Ratis:service=RaftServer,group=group-E39C6911387A,id=8bafe227-ab53-47f4-b02f-6ec7cb40a7a2
2023-03-09 14:58:30,606 [8bafe227-ab53-47f4-b02f-6ec7cb40a7a2-impl-thread1] INFO  impl.RoleInfo (RoleInfo.java:shutdownLeaderState(93)) - 8bafe227-ab53-47f4-b02f-6ec7cb40a7a2: shutdown 8bafe227-ab53-47f4-b02f-6ec7cb40a7a2@group-E39C6911387A-LeaderStateImpl
2023-03-09 14:58:30,606 [8bafe227-ab53-47f4-b02f-6ec7cb40a7a2-impl-thread1] INFO  impl.PendingRequests (PendingRequests.java:sendNotLeaderResponses(282)) - 8bafe227-ab53-47f4-b02f-6ec7cb40a7a2@group-E39C6911387A-PendingRequests: sendNotLeaderResponses
2023-03-09 14:58:30,612 [8bafe227-ab53-47f4-b02f-6ec7cb40a7a2-impl-thread2] INFO  server.RaftServer$Division (RaftServerImpl.java:lambda$close$4(458)) - 8bafe227-ab53-47f4-b02f-6ec7cb40a7a2@group-3CB6E2304B87: shutdown
2023-03-09 14:58:30,612 [8bafe227-ab53-47f4-b02f-6ec7cb40a7a2-impl-thread2] INFO  util.JmxRegister (JmxRegister.java:unregister(73)) - Successfully un-registered JMX Bean with object name Ratis:service=RaftServer,group=group-3CB6E2304B87,id=8bafe227-ab53-47f4-b02f-6ec7cb40a7a2
2023-03-09 14:58:30,612 [8bafe227-ab53-47f4-b02f-6ec7cb40a7a2-impl-thread2] INFO  impl.RoleInfo (RoleInfo.java:shutdownLeaderState(93)) - 8bafe227-ab53-47f4-b02f-6ec7cb40a7a2: shutdown 8bafe227-ab53-47f4-b02f-6ec7cb40a7a2@group-3CB6E2304B87-LeaderStateImpl
2023-03-09 14:58:30,613 [Listener at 127.0.0.1/37111] INFO  server.GrpcService (GrpcService.java:closeImpl(271)) - 8bafe227-ab53-47f4-b02f-6ec7cb40a7a2: shutdown server GrpcServerProtocolService now
2023-03-09 14:58:30,615 [8bafe227-ab53-47f4-b02f-6ec7cb40a7a2-impl-thread2] INFO  impl.PendingRequests (PendingRequests.java:sendNotLeaderResponses(282)) - 8bafe227-ab53-47f4-b02f-6ec7cb40a7a2@group-3CB6E2304B87-PendingRequests: sendNotLeaderResponses
2023-03-09 14:58:30,615 [8bafe227-ab53-47f4-b02f-6ec7cb40a7a2@group-3CB6E2304B87->7cc8348c-25f7-4abd-9a5e-53969841dd44-GrpcLogAppender-LogAppenderDaemon] WARN  server.GrpcLogAppender (GrpcLogAppender.java:mayWait(200)) - 8bafe227-ab53-47f4-b02f-6ec7cb40a7a2@group-3CB6E2304B87->7cc8348c-25f7-4abd-9a5e-53969841dd44-GrpcLogAppender: Wait interrupted by java.lang.InterruptedException
2023-03-09 14:58:30,616 [grpc-default-executor-0] INFO  server.GrpcServerProtocolService (GrpcServerProtocolService.java:onCompleted(143)) - 7cc8348c-25f7-4abd-9a5e-53969841dd44: Completed APPEND_ENTRIES, lastRequest: 8bafe227-ab53-47f4-b02f-6ec7cb40a7a2->7cc8348c-25f7-4abd-9a5e-53969841dd44#1-t1,previous=(t:0, i:0),leaderCommit=0,initializing? true,entries: size=1, first=(t:1, i:0), CONFIGURATIONENTRY(current:id: "8bafe227-ab53-47f4-b02f-6ec7cb40a7a2"
address: "127.0.0.1:43633"
priority: 1
dataStreamAddress: "127.0.0.1:38373"
clientAddress: "127.0.0.1:43633"
adminAddress: "127.0.0.1:43633"
startupRole: FOLLOWER
,id: "9c2028ec-eae4-47ee-99aa-bca7ce936f50"
address: "127.0.0.1:35725"
dataStreamAddress: "127.0.0.1:38891"
clientAddress: "127.0.0.1:35725"
adminAddress: "127.0.0.1:35725"
startupRole: FOLLOWER
,id: "7cc8348c-25f7-4abd-9a5e-53969841dd44"
address: "127.0.0.1:44627"
dataStreamAddress: "127.0.0.1:32895"
clientAddress: "127.0.0.1:44627"
adminAddress: "127.0.0.1:44627"
startupRole: FOLLOWER
, old:)
2023-03-09 14:58:30,616 [grpc-default-executor-3] INFO  server.GrpcServerProtocolService (GrpcServerProtocolService.java:onCompleted(143)) - 7cc8348c-25f7-4abd-9a5e-53969841dd44: Completed APPEND_ENTRIES, lastRequest: null
2023-03-09 14:58:30,617 [grpc-default-executor-1] INFO  server.GrpcLogAppender (GrpcLogAppender.java:onCompleted(415)) - 8bafe227-ab53-47f4-b02f-6ec7cb40a7a2@group-3CB6E2304B87->7cc8348c-25f7-4abd-9a5e-53969841dd44-AppendLogResponseHandler: follower responses appendEntries COMPLETED
2023-03-09 14:58:30,618 [grpc-default-executor-1] INFO  leader.FollowerInfo (FollowerInfoImpl.java:lambda$new$0(48)) - 8bafe227-ab53-47f4-b02f-6ec7cb40a7a2@group-3CB6E2304B87->7cc8348c-25f7-4abd-9a5e-53969841dd44: nextIndex: updateUnconditionally 1 -> 0
2023-03-09 14:58:30,618 [8bafe227-ab53-47f4-b02f-6ec7cb40a7a2-impl-thread2] INFO  impl.StateMachineUpdater (StateMachineUpdater.java:stopAndJoin(153)) - 8bafe227-ab53-47f4-b02f-6ec7cb40a7a2@group-3CB6E2304B87-StateMachineUpdater: set stopIndex = 0
2023-03-09 14:58:30,618 [8bafe227-ab53-47f4-b02f-6ec7cb40a7a2-impl-thread3] INFO  server.RaftServer$Division (RaftServerImpl.java:lambda$close$4(458)) - 8bafe227-ab53-47f4-b02f-6ec7cb40a7a2@group-8B6815A740CC: shutdown
2023-03-09 14:58:30,618 [8bafe227-ab53-47f4-b02f-6ec7cb40a7a2-impl-thread3] INFO  util.JmxRegister (JmxRegister.java:unregister(73)) - Successfully un-registered JMX Bean with object name Ratis:service=RaftServer,group=group-8B6815A740CC,id=8bafe227-ab53-47f4-b02f-6ec7cb40a7a2
2023-03-09 14:58:30,619 [8bafe227-ab53-47f4-b02f-6ec7cb40a7a2-impl-thread3] INFO  impl.RoleInfo (RoleInfo.java:shutdownFollowerState(110)) - 8bafe227-ab53-47f4-b02f-6ec7cb40a7a2: shutdown 8bafe227-ab53-47f4-b02f-6ec7cb40a7a2@group-8B6815A740CC-FollowerState
2023-03-09 14:58:30,619 [8bafe227-ab53-47f4-b02f-6ec7cb40a7a2@group-3CB6E2304B87-StateMachineUpdater] INFO  ratis.ContainerStateMachine (ContainerStateMachine.java:takeSnapshot(308)) - group-3CB6E2304B87: Taking a snapshot at:(t:1, i:0) file /home/runner/work/ozone/ozone/hadoop-ozone/integration-test/target/test-dir/MiniOzoneClusterImpl-e86c7e49-e04f-4606-8b16-8d18ad715950/datanode-1/data/ratis/a417e7bd-d0a1-44e2-96ee-3cb6e2304b87/sm/snapshot.1_0
2023-03-09 14:58:30,619 [8bafe227-ab53-47f4-b02f-6ec7cb40a7a2@group-8B6815A740CC-FollowerState] INFO  impl.FollowerState (FollowerState.java:run(152)) - 8bafe227-ab53-47f4-b02f-6ec7cb40a7a2@group-8B6815A740CC-FollowerState was interrupted
2023-03-09 14:58:30,620 [8bafe227-ab53-47f4-b02f-6ec7cb40a7a2@group-3CB6E2304B87-StateMachineUpdater] INFO  ratis.ContainerStateMachine (ContainerStateMachine.java:takeSnapshot(319)) - group-3CB6E2304B87: Finished taking a snapshot at:(t:1, i:0) file:/home/runner/work/ozone/ozone/hadoop-ozone/integration-test/target/test-dir/MiniOzoneClusterImpl-e86c7e49-e04f-4606-8b16-8d18ad715950/datanode-1/data/ratis/a417e7bd-d0a1-44e2-96ee-3cb6e2304b87/sm/snapshot.1_0 took: 2 ms
2023-03-09 14:58:30,620 [grpc-default-executor-1] WARN  server.GrpcClientProtocolService (LogUtils.java:warn(122)) - 0-OrderedRequestStreamObserver0: onError: org.apache.ratis.thirdparty.io.grpc.StatusRuntimeException: CANCELLED: client cancelled
2023-03-09 14:58:30,621 [8bafe227-ab53-47f4-b02f-6ec7cb40a7a2@group-3CB6E2304B87-StateMachineUpdater] INFO  impl.StateMachineUpdater (StateMachineUpdater.java:takeSnapshot(287)) - 8bafe227-ab53-47f4-b02f-6ec7cb40a7a2@group-3CB6E2304B87-StateMachineUpdater: Took a snapshot at index 0
2023-03-09 14:58:30,621 [grpc-default-executor-4] WARN  server.GrpcServerProtocolService (LogUtils.java:warn(122)) - 8bafe227-ab53-47f4-b02f-6ec7cb40a7a2: installSnapshot onError, lastRequest: 7cc8348c-25f7-4abd-9a5e-53969841dd44->8bafe227-ab53-47f4-b02f-6ec7cb40a7a2#1-t1,previous=(t:0, i:0),leaderCommit=0,initializing? true,entries: size=1, first=(t:1, i:0), CONFIGURATIONENTRY(current:id: "8bafe227-ab53-47f4-b02f-6ec7cb40a7a2"
address: "127.0.0.1:43633"
dataStreamAddress: "127.0.0.1:38373"
clientAddress: "127.0.0.1:43633"
adminAddress: "127.0.0.1:43633"
startupRole: FOLLOWER
,id: "9c2028ec-eae4-47ee-99aa-bca7ce936f50"
address: "127.0.0.1:35725"
dataStreamAddress: "127.0.0.1:38891"
clientAddress: "127.0.0.1:35725"
adminAddress: "127.0.0.1:35725"
startupRole: FOLLOWER
,id: "7cc8348c-25f7-4abd-9a5e-53969841dd44"
address: "127.0.0.1:44627"
priority: 1
dataStreamAddress: "127.0.0.1:32895"
clientAddress: "127.0.0.1:44627"
adminAddress: "127.0.0.1:44627"
startupRole: FOLLOWER
, old:): org.apache.ratis.thirdparty.io.grpc.StatusRuntimeException: CANCELLED: client cancelled
2023-03-09 14:58:30,621 [8bafe227-ab53-47f4-b02f-6ec7cb40a7a2@group-8B6815A740CC-StateMachineUpdater] INFO  ratis.ContainerStateMachine (ContainerStateMachine.java:takeSnapshot(308)) - group-8B6815A740CC: Taking a snapshot at:(t:1, i:0) file /home/runner/work/ozone/ozone/hadoop-ozone/integration-test/target/test-dir/MiniOzoneClusterImpl-e86c7e49-e04f-4606-8b16-8d18ad715950/datanode-1/data/ratis/5cdb5299-f0f3-4ae7-8a8c-8b6815a740cc/sm/snapshot.1_0
2023-03-09 14:58:30,622 [8bafe227-ab53-47f4-b02f-6ec7cb40a7a2@group-8B6815A740CC-StateMachineUpdater] INFO  ratis.ContainerStateMachine (ContainerStateMachine.java:takeSnapshot(319)) - group-8B6815A740CC: Finished taking a snapshot at:(t:1, i:0) file:/home/runner/work/ozone/ozone/hadoop-ozone/integration-test/target/test-dir/MiniOzoneClusterImpl-e86c7e49-e04f-4606-8b16-8d18ad715950/datanode-1/data/ratis/5cdb5299-f0f3-4ae7-8a8c-8b6815a740cc/sm/snapshot.1_0 took: 2 ms
2023-03-09 14:58:30,622 [8bafe227-ab53-47f4-b02f-6ec7cb40a7a2@group-8B6815A740CC-StateMachineUpdater] INFO  impl.StateMachineUpdater (StateMachineUpdater.java:takeSnapshot(287)) - 8bafe227-ab53-47f4-b02f-6ec7cb40a7a2@group-8B6815A740CC-StateMachineUpdater: Took a snapshot at index 0
2023-03-09 14:58:30,622 [8bafe227-ab53-47f4-b02f-6ec7cb40a7a2@group-8B6815A740CC-StateMachineUpdater] INFO  impl.StateMachineUpdater (StateMachineUpdater.java:lambda$new$0(92)) - 8bafe227-ab53-47f4-b02f-6ec7cb40a7a2@group-8B6815A740CC-StateMachineUpdater: snapshotIndex: updateIncreasingly -1 -> 0
2023-03-09 14:58:30,621 [8bafe227-ab53-47f4-b02f-6ec7cb40a7a2@group-3CB6E2304B87-StateMachineUpdater] INFO  impl.StateMachineUpdater (StateMachineUpdater.java:lambda$new$0(92)) - 8bafe227-ab53-47f4-b02f-6ec7cb40a7a2@group-3CB6E2304B87-StateMachineUpdater: snapshotIndex: updateIncreasingly -1 -> 0
2023-03-09 14:58:30,626 [8bafe227-ab53-47f4-b02f-6ec7cb40a7a2-impl-thread2] INFO  server.RaftServer$Division (ServerState.java:close(466)) - 8bafe227-ab53-47f4-b02f-6ec7cb40a7a2@group-3CB6E2304B87: closes. applyIndex: 0
2023-03-09 14:58:30,630 [8bafe227-ab53-47f4-b02f-6ec7cb40a7a2-impl-thread3] INFO  impl.StateMachineUpdater (StateMachineUpdater.java:stopAndJoin(153)) - 8bafe227-ab53-47f4-b02f-6ec7cb40a7a2@group-8B6815A740CC-StateMachineUpdater: set stopIndex = 0
2023-03-09 14:58:30,630 [8bafe227-ab53-47f4-b02f-6ec7cb40a7a2-impl-thread3] INFO  server.RaftServer$Division (ServerState.java:close(466)) - 8bafe227-ab53-47f4-b02f-6ec7cb40a7a2@group-8B6815A740CC: closes. applyIndex: 0
2023-03-09 14:58:30,631 [8bafe227-ab53-47f4-b02f-6ec7cb40a7a2@group-8B6815A740CC-SegmentedRaftLogWorker] INFO  segmented.SegmentedRaftLogWorker (SegmentedRaftLogWorker.java:run(347)) - 8bafe227-ab53-47f4-b02f-6ec7cb40a7a2@group-8B6815A740CC-SegmentedRaftLogWorker was interrupted, exiting. There are 0 tasks remaining in the queue.
2023-03-09 14:58:30,632 [8bafe227-ab53-47f4-b02f-6ec7cb40a7a2@group-3CB6E2304B87-SegmentedRaftLogWorker] INFO  segmented.SegmentedRaftLogWorker (SegmentedRaftLogWorker.java:run(347)) - 8bafe227-ab53-47f4-b02f-6ec7cb40a7a2@group-3CB6E2304B87-SegmentedRaftLogWorker was interrupted, exiting. There are 0 tasks remaining in the queue.
2023-03-09 14:58:30,632 [grpc-default-executor-2] WARN  server.GrpcLogAppender (LogUtils.java:warn(122)) - 7cc8348c-25f7-4abd-9a5e-53969841dd44@group-8B6815A740CC->8bafe227-ab53-47f4-b02f-6ec7cb40a7a2-AppendLogResponseHandler: Failed appendEntries: org.apache.ratis.thirdparty.io.grpc.StatusRuntimeException: CANCELLED: RST_STREAM closed stream. HTTP/2 error code: CANCEL
2023-03-09 14:58:30,632 [grpc-default-executor-2] WARN  server.GrpcLogAppender (GrpcLogAppender.java:resetClient(131)) - 7cc8348c-25f7-4abd-9a5e-53969841dd44@group-8B6815A740CC->8bafe227-ab53-47f4-b02f-6ec7cb40a7a2-GrpcLogAppender: Leader has not got in touch with Follower 7cc8348c-25f7-4abd-9a5e-53969841dd44@group-8B6815A740CC->8bafe227-ab53-47f4-b02f-6ec7cb40a7a2(c0,m0,n1, attendVote=true, lastRpcSendTime=2305, lastRpcResponseTime=2301) yet, just keep nextIndex unchanged and retry.
2023-03-09 14:58:30,643 [Listener at 127.0.0.1/37111] INFO  server.GrpcServerProtocolClient (GrpcServerProtocolClient.java:close(101)) - 9c2028ec-eae4-47ee-99aa-bca7ce936f50 Close channels
2023-03-09 14:58:30,643 [grpc-default-executor-5] INFO  server.GrpcLogAppender (GrpcLogAppender.java:onCompleted(415)) - 8bafe227-ab53-47f4-b02f-6ec7cb40a7a2@group-3CB6E2304B87->7cc8348c-25f7-4abd-9a5e-53969841dd44-AppendLogResponseHandler: follower responses appendEntries COMPLETED
2023-03-09 14:58:30,643 [grpc-default-executor-5] INFO  leader.FollowerInfo (FollowerInfoImpl.java:lambda$new$0(48)) - 8bafe227-ab53-47f4-b02f-6ec7cb40a7a2@group-3CB6E2304B87->7cc8348c-25f7-4abd-9a5e-53969841dd44: nextIndex: updateUnconditionally 0 -> 0
2023-03-09 14:58:30,643 [grpc-default-executor-6] WARN  server.GrpcLogAppender (LogUtils.java:warn(122)) - 7cc8348c-25f7-4abd-9a5e-53969841dd44@group-8B6815A740CC->8bafe227-ab53-47f4-b02f-6ec7cb40a7a2-AppendLogResponseHandler: Failed appendEntries: org.apache.ratis.thirdparty.io.grpc.StatusRuntimeException: CANCELLED: RST_STREAM closed stream. HTTP/2 error code: CANCEL
2023-03-09 14:58:30,643 [grpc-default-executor-6] WARN  server.GrpcLogAppender (GrpcLogAppender.java:resetClient(131)) - 7cc8348c-25f7-4abd-9a5e-53969841dd44@group-8B6815A740CC->8bafe227-ab53-47f4-b02f-6ec7cb40a7a2-GrpcLogAppender: Leader has not got in touch with Follower 7cc8348c-25f7-4abd-9a5e-53969841dd44@group-8B6815A740CC->8bafe227-ab53-47f4-b02f-6ec7cb40a7a2(c0,m0,n1, attendVote=true, lastRpcSendTime=2316, lastRpcResponseTime=2313) yet, just keep nextIndex unchanged and retry.
2023-03-09 14:58:30,644 [8bafe227-ab53-47f4-b02f-6ec7cb40a7a2-impl-thread2] INFO  segmented.SegmentedRaftLogWorker (SegmentedRaftLogWorker.java:close(257)) - 8bafe227-ab53-47f4-b02f-6ec7cb40a7a2@group-3CB6E2304B87-SegmentedRaftLogWorker close()
2023-03-09 14:58:30,646 [8bafe227-ab53-47f4-b02f-6ec7cb40a7a2-impl-thread3] INFO  segmented.SegmentedRaftLogWorker (SegmentedRaftLogWorker.java:close(257)) - 8bafe227-ab53-47f4-b02f-6ec7cb40a7a2@group-8B6815A740CC-SegmentedRaftLogWorker close()
2023-03-09 14:58:30,646 [8bafe227-ab53-47f4-b02f-6ec7cb40a7a2-impl-thread1] INFO  impl.StateMachineUpdater (StateMachineUpdater.java:stopAndJoin(153)) - 8bafe227-ab53-47f4-b02f-6ec7cb40a7a2@group-E39C6911387A-StateMachineUpdater: set stopIndex = 3
2023-03-09 14:58:30,647 [8bafe227-ab53-47f4-b02f-6ec7cb40a7a2@group-E39C6911387A-StateMachineUpdater] INFO  ratis.ContainerStateMachine (ContainerStateMachine.java:takeSnapshot(308)) - group-E39C6911387A: Taking a snapshot at:(t:1, i:3) file /home/runner/work/ozone/ozone/hadoop-ozone/integration-test/target/test-dir/MiniOzoneClusterImpl-e86c7e49-e04f-4606-8b16-8d18ad715950/datanode-1/data/ratis/d53dda86-7499-4a9b-b33d-e39c6911387a/sm/snapshot.1_3
2023-03-09 14:58:30,659 [Listener at 127.0.0.1/37111] INFO  server.GrpcServerProtocolClient (GrpcServerProtocolClient.java:close(101)) - 7cc8348c-25f7-4abd-9a5e-53969841dd44 Close channels
2023-03-09 14:58:30,659 [grpc-default-executor-7] WARN  server.GrpcServerProtocolService (LogUtils.java:warn(122)) - 8bafe227-ab53-47f4-b02f-6ec7cb40a7a2: installSnapshot onError, lastRequest: null: org.apache.ratis.thirdparty.io.grpc.StatusRuntimeException: CANCELLED: client cancelled
2023-03-09 14:58:30,662 [8bafe227-ab53-47f4-b02f-6ec7cb40a7a2@group-E39C6911387A-StateMachineUpdater] INFO  ratis.ContainerStateMachine (ContainerStateMachine.java:takeSnapshot(319)) - group-E39C6911387A: Finished taking a snapshot at:(t:1, i:3) file:/home/runner/work/ozone/ozone/hadoop-ozone/integration-test/target/test-dir/MiniOzoneClusterImpl-e86c7e49-e04f-4606-8b16-8d18ad715950/datanode-1/data/ratis/d53dda86-7499-4a9b-b33d-e39c6911387a/sm/snapshot.1_3 took: 15 ms
2023-03-09 14:58:30,663 [8bafe227-ab53-47f4-b02f-6ec7cb40a7a2@group-E39C6911387A-StateMachineUpdater] INFO  impl.StateMachineUpdater (StateMachineUpdater.java:takeSnapshot(287)) - 8bafe227-ab53-47f4-b02f-6ec7cb40a7a2@group-E39C6911387A-StateMachineUpdater: Took a snapshot at index 3
2023-03-09 14:58:30,663 [8bafe227-ab53-47f4-b02f-6ec7cb40a7a2@group-E39C6911387A-StateMachineUpdater] INFO  impl.StateMachineUpdater (StateMachineUpdater.java:lambda$new$0(92)) - 8bafe227-ab53-47f4-b02f-6ec7cb40a7a2@group-E39C6911387A-StateMachineUpdater: snapshotIndex: updateIncreasingly -1 -> 3
2023-03-09 14:58:30,663 [8bafe227-ab53-47f4-b02f-6ec7cb40a7a2-impl-thread1] INFO  server.RaftServer$Division (ServerState.java:close(466)) - 8bafe227-ab53-47f4-b02f-6ec7cb40a7a2@group-E39C6911387A: closes. applyIndex: 3
2023-03-09 14:58:30,663 [8bafe227-ab53-47f4-b02f-6ec7cb40a7a2@group-E39C6911387A-SegmentedRaftLogWorker] INFO  segmented.SegmentedRaftLogWorker (SegmentedRaftLogWorker.java:run(347)) - 8bafe227-ab53-47f4-b02f-6ec7cb40a7a2@group-E39C6911387A-SegmentedRaftLogWorker was interrupted, exiting. There are 0 tasks remaining in the queue.
2023-03-09 14:58:30,665 [8bafe227-ab53-47f4-b02f-6ec7cb40a7a2-impl-thread1] INFO  segmented.SegmentedRaftLogWorker (SegmentedRaftLogWorker.java:close(257)) - 8bafe227-ab53-47f4-b02f-6ec7cb40a7a2@group-E39C6911387A-SegmentedRaftLogWorker close()
2023-03-09 14:58:30,666 [Listener at 127.0.0.1/37111] INFO  server.GrpcService (GrpcService.java:closeImpl(280)) - 8bafe227-ab53-47f4-b02f-6ec7cb40a7a2: shutdown server GrpcServerProtocolService successfully
2023-03-09 14:58:30,678 [8bafe227-ab53-47f4-b02f-6ec7cb40a7a2-NettyServerStreamRpc-bossGroup--thread1] INFO  logging.LoggingHandler (AbstractInternalLogger.java:log(148)) - [id: 0xb23a01f4, L:/0:0:0:0:0:0:0:0:38373] CLOSE
2023-03-09 14:58:30,678 [8bafe227-ab53-47f4-b02f-6ec7cb40a7a2-NettyServerStreamRpc-bossGroup--thread1] INFO  logging.LoggingHandler (AbstractInternalLogger.java:log(148)) - [id: 0xb23a01f4, L:/0:0:0:0:0:0:0:0:38373] INACTIVE
2023-03-09 14:58:30,678 [8bafe227-ab53-47f4-b02f-6ec7cb40a7a2-NettyServerStreamRpc-bossGroup--thread1] INFO  logging.LoggingHandler (AbstractInternalLogger.java:log(148)) - [id: 0xb23a01f4, L:/0:0:0:0:0:0:0:0:38373] UNREGISTERED
2023-03-09 14:58:30,716 [JvmPauseMonitor4] INFO  util.JvmPauseMonitor (JvmPauseMonitor.java:run(111)) - JvmPauseMonitor-8bafe227-ab53-47f4-b02f-6ec7cb40a7a2: Stopped
2023-03-09 14:58:30,842 [grpc-default-executor-4] WARN  server.GrpcLogAppender (LogUtils.java:warn(122)) - 7cc8348c-25f7-4abd-9a5e-53969841dd44@group-8B6815A740CC->9c2028ec-eae4-47ee-99aa-bca7ce936f50-AppendLogResponseHandler: Failed appendEntries: org.apache.ratis.thirdparty.io.grpc.StatusRuntimeException: UNAVAILABLE: io exception
2023-03-09 14:58:30,843 [grpc-default-executor-4] WARN  server.GrpcLogAppender (GrpcLogAppender.java:resetClient(131)) - 7cc8348c-25f7-4abd-9a5e-53969841dd44@group-8B6815A740CC->9c2028ec-eae4-47ee-99aa-bca7ce936f50-GrpcLogAppender: Leader has not got in touch with Follower 7cc8348c-25f7-4abd-9a5e-53969841dd44@group-8B6815A740CC->9c2028ec-eae4-47ee-99aa-bca7ce936f50(c0,m0,n1, attendVote=true, lastRpcSendTime=0, lastRpcResponseTime=2511) yet, just keep nextIndex unchanged and retry.
2023-03-09 14:58:30,842 [grpc-default-executor-6] WARN  server.GrpcLogAppender (LogUtils.java:warn(122)) - 7cc8348c-25f7-4abd-9a5e-53969841dd44@group-8B6815A740CC->9c2028ec-eae4-47ee-99aa-bca7ce936f50-AppendLogResponseHandler: Failed appendEntries: org.apache.ratis.thirdparty.io.grpc.StatusRuntimeException: UNAVAILABLE: io exception
2023-03-09 14:58:30,844 [grpc-default-executor-6] WARN  server.GrpcLogAppender (GrpcLogAppender.java:resetClient(131)) - 7cc8348c-25f7-4abd-9a5e-53969841dd44@group-8B6815A740CC->9c2028ec-eae4-47ee-99aa-bca7ce936f50-GrpcLogAppender: Leader has not got in touch with Follower 7cc8348c-25f7-4abd-9a5e-53969841dd44@group-8B6815A740CC->9c2028ec-eae4-47ee-99aa-bca7ce936f50(c0,m0,n1, attendVote=true, lastRpcSendTime=2, lastRpcResponseTime=2513) yet, just keep nextIndex unchanged and retry.
2023-03-09 14:58:30,844 [grpc-default-executor-4] WARN  server.GrpcLogAppender (LogUtils.java:warn(122)) - 7cc8348c-25f7-4abd-9a5e-53969841dd44@group-8B6815A740CC->8bafe227-ab53-47f4-b02f-6ec7cb40a7a2-AppendLogResponseHandler: Failed appendEntries: org.apache.ratis.thirdparty.io.grpc.StatusRuntimeException: UNAVAILABLE: io exception
2023-03-09 14:58:30,846 [grpc-default-executor-4] WARN  server.GrpcLogAppender (GrpcLogAppender.java:resetClient(131)) - 7cc8348c-25f7-4abd-9a5e-53969841dd44@group-8B6815A740CC->8bafe227-ab53-47f4-b02f-6ec7cb40a7a2-GrpcLogAppender: Leader has not got in touch with Follower 7cc8348c-25f7-4abd-9a5e-53969841dd44@group-8B6815A740CC->8bafe227-ab53-47f4-b02f-6ec7cb40a7a2(c0,m0,n1, attendVote=true, lastRpcSendTime=0, lastRpcResponseTime=2515) yet, just keep nextIndex unchanged and retry.
2023-03-09 14:58:30,847 [grpc-default-executor-4] WARN  server.GrpcLogAppender (LogUtils.java:warn(122)) - 7cc8348c-25f7-4abd-9a5e-53969841dd44@group-8B6815A740CC->8bafe227-ab53-47f4-b02f-6ec7cb40a7a2-AppendLogResponseHandler: Failed appendEntries: org.apache.ratis.thirdparty.io.grpc.StatusRuntimeException: UNAVAILABLE: io exception
2023-03-09 14:58:30,848 [grpc-default-executor-4] WARN  server.GrpcLogAppender (GrpcLogAppender.java:resetClient(131)) - 7cc8348c-25f7-4abd-9a5e-53969841dd44@group-8B6815A740CC->8bafe227-ab53-47f4-b02f-6ec7cb40a7a2-GrpcLogAppender: Leader has not got in touch with Follower 7cc8348c-25f7-4abd-9a5e-53969841dd44@group-8B6815A740CC->8bafe227-ab53-47f4-b02f-6ec7cb40a7a2(c0,m0,n1, attendVote=true, lastRpcSendTime=2, lastRpcResponseTime=2517) yet, just keep nextIndex unchanged and retry.
2023-03-09 14:58:31,605 [EndpointStateMachine task thread for /127.0.0.1:42633 - 0 ] INFO  ipc.Client (Client.java:handleConnectionFailure(1010)) - Retrying connect to server: localhost/127.0.0.1:42633. Already tried 1 time(s); retry policy is RetryUpToMaximumCountWithFixedSleep(maxRetries=15, sleepTime=1000 MILLISECONDS)
2023-03-09 14:58:32,093 [grpc-default-executor-4] WARN  server.GrpcLogAppender (LogUtils.java:warn(122)) - 7cc8348c-25f7-4abd-9a5e-53969841dd44@group-8B6815A740CC->9c2028ec-eae4-47ee-99aa-bca7ce936f50-AppendLogResponseHandler: Failed appendEntries: org.apache.ratis.thirdparty.io.grpc.StatusRuntimeException: UNAVAILABLE: io exception
2023-03-09 14:58:32,093 [grpc-default-executor-6] WARN  server.GrpcLogAppender (LogUtils.java:warn(122)) - 7cc8348c-25f7-4abd-9a5e-53969841dd44@group-8B6815A740CC->9c2028ec-eae4-47ee-99aa-bca7ce936f50-AppendLogResponseHandler: Failed appendEntries: org.apache.ratis.thirdparty.io.grpc.StatusRuntimeException: UNAVAILABLE: io exception
2023-03-09 14:58:32,095 [grpc-default-executor-4] WARN  server.GrpcLogAppender (GrpcLogAppender.java:resetClient(131)) - 7cc8348c-25f7-4abd-9a5e-53969841dd44@group-8B6815A740CC->9c2028ec-eae4-47ee-99aa-bca7ce936f50-GrpcLogAppender: Leader has not got in touch with Follower 7cc8348c-25f7-4abd-9a5e-53969841dd44@group-8B6815A740CC->9c2028ec-eae4-47ee-99aa-bca7ce936f50(c0,m0,n1, attendVote=true, lastRpcSendTime=1252, lastRpcResponseTime=3763) yet, just keep nextIndex unchanged and retry.
2023-03-09 14:58:32,096 [grpc-default-executor-4] WARN  server.GrpcLogAppender (LogUtils.java:warn(122)) - 7cc8348c-25f7-4abd-9a5e-53969841dd44@group-8B6815A740CC->8bafe227-ab53-47f4-b02f-6ec7cb40a7a2-AppendLogResponseHandler: Failed appendEntries: org.apache.ratis.thirdparty.io.grpc.StatusRuntimeException: UNAVAILABLE: io exception
2023-03-09 14:58:32,096 [grpc-default-executor-7] WARN  server.GrpcLogAppender (LogUtils.java:warn(122)) - 7cc8348c-25f7-4abd-9a5e-53969841dd44@group-8B6815A740CC->8bafe227-ab53-47f4-b02f-6ec7cb40a7a2-AppendLogResponseHandler: Failed appendEntries: org.apache.ratis.thirdparty.io.grpc.StatusRuntimeException: UNAVAILABLE: io exception
2023-03-09 14:58:32,097 [grpc-default-executor-4] WARN  server.GrpcLogAppender (GrpcLogAppender.java:resetClient(131)) - 7cc8348c-25f7-4abd-9a5e-53969841dd44@group-8B6815A740CC->8bafe227-ab53-47f4-b02f-6ec7cb40a7a2-GrpcLogAppender: Leader has not got in touch with Follower 7cc8348c-25f7-4abd-9a5e-53969841dd44@group-8B6815A740CC->8bafe227-ab53-47f4-b02f-6ec7cb40a7a2(c0,m0,n1, attendVote=true, lastRpcSendTime=1251, lastRpcResponseTime=3766) yet, just keep nextIndex unchanged and retry.
2023-03-09 14:58:32,097 [grpc-default-executor-6] WARN  server.GrpcLogAppender (GrpcLogAppender.java:resetClient(131)) - 7cc8348c-25f7-4abd-9a5e-53969841dd44@group-8B6815A740CC->9c2028ec-eae4-47ee-99aa-bca7ce936f50-GrpcLogAppender: Leader has not got in touch with Follower 7cc8348c-25f7-4abd-9a5e-53969841dd44@group-8B6815A740CC->9c2028ec-eae4-47ee-99aa-bca7ce936f50(c0,m0,n1, attendVote=true, lastRpcSendTime=1255, lastRpcResponseTime=3766) yet, just keep nextIndex unchanged and retry.
2023-03-09 14:58:32,101 [grpc-default-executor-6] WARN  server.GrpcLogAppender (LogUtils.java:warn(122)) - 7cc8348c-25f7-4abd-9a5e-53969841dd44@group-8B6815A740CC->9c2028ec-eae4-47ee-99aa-bca7ce936f50-AppendLogResponseHandler: Failed appendEntries: org.apache.ratis.thirdparty.io.grpc.StatusRuntimeException: UNAVAILABLE: io exception
2023-03-09 14:58:32,101 [grpc-default-executor-1] WARN  server.GrpcLogAppender (LogUtils.java:warn(122)) - 7cc8348c-25f7-4abd-9a5e-53969841dd44@group-8B6815A740CC->9c2028ec-eae4-47ee-99aa-bca7ce936f50-AppendLogResponseHandler: Failed appendEntries: org.apache.ratis.thirdparty.io.grpc.StatusRuntimeException: UNAVAILABLE: io exception
2023-03-09 14:58:32,102 [grpc-default-executor-7] WARN  server.GrpcLogAppender (GrpcLogAppender.java:resetClient(131)) - 7cc8348c-25f7-4abd-9a5e-53969841dd44@group-8B6815A740CC->8bafe227-ab53-47f4-b02f-6ec7cb40a7a2-GrpcLogAppender: Leader has not got in touch with Follower 7cc8348c-25f7-4abd-9a5e-53969841dd44@group-8B6815A740CC->8bafe227-ab53-47f4-b02f-6ec7cb40a7a2(c0,m0,n1, attendVote=true, lastRpcSendTime=1256, lastRpcResponseTime=3771) yet, just keep nextIndex unchanged and retry.
2023-03-09 14:58:32,102 [grpc-default-executor-6] WARN  server.GrpcLogAppender (GrpcLogAppender.java:resetClient(131)) - 7cc8348c-25f7-4abd-9a5e-53969841dd44@group-8B6815A740CC->9c2028ec-eae4-47ee-99aa-bca7ce936f50-GrpcLogAppender: Leader has not got in touch with Follower 7cc8348c-25f7-4abd-9a5e-53969841dd44@group-8B6815A740CC->9c2028ec-eae4-47ee-99aa-bca7ce936f50(c0,m0,n1, attendVote=true, lastRpcSendTime=1260, lastRpcResponseTime=3771) yet, just keep nextIndex unchanged and retry.
2023-03-09 14:58:32,102 [grpc-default-executor-1] WARN  server.GrpcLogAppender (GrpcLogAppender.java:resetClient(131)) - 7cc8348c-25f7-4abd-9a5e-53969841dd44@group-8B6815A740CC->9c2028ec-eae4-47ee-99aa-bca7ce936f50-GrpcLogAppender: Leader has not got in touch with Follower 7cc8348c-25f7-4abd-9a5e-53969841dd44@group-8B6815A740CC->9c2028ec-eae4-47ee-99aa-bca7ce936f50(c0,m0,n1, attendVote=true, lastRpcSendTime=1260, lastRpcResponseTime=3771) yet, just keep nextIndex unchanged and retry.
2023-03-09 14:58:32,104 [grpc-default-executor-4] WARN  server.GrpcLogAppender (LogUtils.java:warn(122)) - 7cc8348c-25f7-4abd-9a5e-53969841dd44@group-8B6815A740CC->8bafe227-ab53-47f4-b02f-6ec7cb40a7a2-AppendLogResponseHandler: Failed appendEntries: org.apache.ratis.thirdparty.io.grpc.StatusRuntimeException: UNAVAILABLE: io exception
2023-03-09 14:58:32,104 [grpc-default-executor-1] WARN  server.GrpcLogAppender (LogUtils.java:warn(122)) - 7cc8348c-25f7-4abd-9a5e-53969841dd44@group-8B6815A740CC->8bafe227-ab53-47f4-b02f-6ec7cb40a7a2-AppendLogResponseHandler: Failed appendEntries: org.apache.ratis.thirdparty.io.grpc.StatusRuntimeException: UNAVAILABLE: io exception
2023-03-09 14:58:32,106 [grpc-default-executor-4] WARN  server.GrpcLogAppender (GrpcLogAppender.java:resetClient(131)) - 7cc8348c-25f7-4abd-9a5e-53969841dd44@group-8B6815A740CC->8bafe227-ab53-47f4-b02f-6ec7cb40a7a2-GrpcLogAppender: Leader has not got in touch with Follower 7cc8348c-25f7-4abd-9a5e-53969841dd44@group-8B6815A740CC->8bafe227-ab53-47f4-b02f-6ec7cb40a7a2(c0,m0,n1, attendVote=true, lastRpcSendTime=0, lastRpcResponseTime=3775) yet, just keep nextIndex unchanged and retry.
2023-03-09 14:58:32,107 [grpc-default-executor-1] WARN  server.GrpcLogAppender (GrpcLogAppender.java:resetClient(131)) - 7cc8348c-25f7-4abd-9a5e-53969841dd44@group-8B6815A740CC->8bafe227-ab53-47f4-b02f-6ec7cb40a7a2-GrpcLogAppender: Leader has not got in touch with Follower 7cc8348c-25f7-4abd-9a5e-53969841dd44@group-8B6815A740CC->8bafe227-ab53-47f4-b02f-6ec7cb40a7a2(c0,m0,n1, attendVote=true, lastRpcSendTime=1, lastRpcResponseTime=3776) yet, just keep nextIndex unchanged and retry.
2023-03-09 14:58:32,110 [grpc-default-executor-1] WARN  server.GrpcLogAppender (LogUtils.java:warn(122)) - 7cc8348c-25f7-4abd-9a5e-53969841dd44@group-8B6815A740CC->9c2028ec-eae4-47ee-99aa-bca7ce936f50-AppendLogResponseHandler: Failed appendEntries: org.apache.ratis.thirdparty.io.grpc.StatusRuntimeException: UNAVAILABLE: io exception
2023-03-09 14:58:32,110 [grpc-default-executor-4] WARN  server.GrpcLogAppender (LogUtils.java:warn(122)) - 7cc8348c-25f7-4abd-9a5e-53969841dd44@group-8B6815A740CC->9c2028ec-eae4-47ee-99aa-bca7ce936f50-AppendLogResponseHandler: Failed appendEntries: org.apache.ratis.thirdparty.io.grpc.StatusRuntimeException: UNAVAILABLE: io exception
2023-03-09 14:58:32,110 [grpc-default-executor-1] WARN  server.GrpcLogAppender (GrpcLogAppender.java:resetClient(131)) - 7cc8348c-25f7-4abd-9a5e-53969841dd44@group-8B6815A740CC->9c2028ec-eae4-47ee-99aa-bca7ce936f50-GrpcLogAppender: Leader has not got in touch with Follower 7cc8348c-25f7-4abd-9a5e-53969841dd44@group-8B6815A740CC->9c2028ec-eae4-47ee-99aa-bca7ce936f50(c0,m0,n1, attendVote=true, lastRpcSendTime=1268, lastRpcResponseTime=3779) yet, just keep nextIndex unchanged and retry.
2023-03-09 14:58:32,110 [grpc-default-executor-4] WARN  server.GrpcLogAppender (GrpcLogAppender.java:resetClient(131)) - 7cc8348c-25f7-4abd-9a5e-53969841dd44@group-8B6815A740CC->9c2028ec-eae4-47ee-99aa-bca7ce936f50-GrpcLogAppender: Leader has not got in touch with Follower 7cc8348c-25f7-4abd-9a5e-53969841dd44@group-8B6815A740CC->9c2028ec-eae4-47ee-99aa-bca7ce936f50(c0,m0,n1, attendVote=true, lastRpcSendTime=1268, lastRpcResponseTime=3779) yet, just keep nextIndex unchanged and retry.
2023-03-09 14:58:32,112 [grpc-default-executor-4] WARN  server.GrpcLogAppender (LogUtils.java:warn(122)) - 7cc8348c-25f7-4abd-9a5e-53969841dd44@group-8B6815A740CC->9c2028ec-eae4-47ee-99aa-bca7ce936f50-AppendLogResponseHandler: Failed appendEntries: org.apache.ratis.thirdparty.io.grpc.StatusRuntimeException: UNAVAILABLE: io exception
2023-03-09 14:58:32,112 [grpc-default-executor-1] WARN  server.GrpcLogAppender (LogUtils.java:warn(122)) - 7cc8348c-25f7-4abd-9a5e-53969841dd44@group-8B6815A740CC->9c2028ec-eae4-47ee-99aa-bca7ce936f50-AppendLogResponseHandler: Failed appendEntries: org.apache.ratis.thirdparty.io.grpc.StatusRuntimeException: UNAVAILABLE: io exception
2023-03-09 14:58:32,113 [grpc-default-executor-4] WARN  server.GrpcLogAppender (GrpcLogAppender.java:resetClient(131)) - 7cc8348c-25f7-4abd-9a5e-53969841dd44@group-8B6815A740CC->9c2028ec-eae4-47ee-99aa-bca7ce936f50-GrpcLogAppender: Leader has not got in touch with Follower 7cc8348c-25f7-4abd-9a5e-53969841dd44@group-8B6815A740CC->9c2028ec-eae4-47ee-99aa-bca7ce936f50(c0,m0,n1, attendVote=true, lastRpcSendTime=0, lastRpcResponseTime=3781) yet, just keep nextIndex unchanged and retry.
2023-03-09 14:58:32,114 [grpc-default-executor-1] WARN  server.GrpcLogAppender (GrpcLogAppender.java:resetClient(131)) - 7cc8348c-25f7-4abd-9a5e-53969841dd44@group-8B6815A740CC->9c2028ec-eae4-47ee-99aa-bca7ce936f50-GrpcLogAppender: Leader has not got in touch with Follower 7cc8348c-25f7-4abd-9a5e-53969841dd44@group-8B6815A740CC->9c2028ec-eae4-47ee-99aa-bca7ce936f50(c0,m0,n1, attendVote=true, lastRpcSendTime=1, lastRpcResponseTime=3783) yet, just keep nextIndex unchanged and retry.
2023-03-09 14:58:32,222 [ForkJoinPool.commonPool-worker-1] INFO  volume.HddsVolume (HddsVolume.java:closeDbStore(362)) - SchemaV3 db is stopped at /home/runner/work/ozone/ozone/hadoop-ozone/integration-test/target/test-dir/MiniOzoneClusterImpl-e86c7e49-e04f-4606-8b16-8d18ad715950/datanode-0/data-0/containers/hdds/e86c7e49-e04f-4606-8b16-8d18ad715950/DS-743847d5-ab58-4e43-b5a0-a9afe96f5b8b/container.db for volume DS-743847d5-ab58-4e43-b5a0-a9afe96f5b8b
2023-03-09 14:58:32,223 [ForkJoinPool.commonPool-worker-1] INFO  utils.BackgroundService (BackgroundService.java:shutdown(141)) - Shutting down service BlockDeletingService
2023-03-09 14:58:32,223 [ForkJoinPool.commonPool-worker-1] INFO  utils.BackgroundService (BackgroundService.java:shutdown(141)) - Shutting down service StaleRecoveringContainerScrubbingService
2023-03-09 14:58:32,231 [ForkJoinPool.commonPool-worker-1] INFO  statemachine.DatanodeStateMachine (DatanodeStateMachine.java:stopDaemon(601)) - Ozone container server stopped.
2023-03-09 14:58:32,265 [ForkJoinPool.commonPool-worker-1] INFO  handler.ContextHandler (ContextHandler.java:doStop(1159)) - Stopped o.e.j.w.WebAppContext@7b5f32be{hddsDatanode,/,null,STOPPED}{jar:file:/home/runner/.m2/repository/org/apache/ozone/hdds-container-service/1.4.0-SNAPSHOT/hdds-container-service-1.4.0-SNAPSHOT.jar!/webapps/hddsDatanode}
2023-03-09 14:58:32,266 [ForkJoinPool.commonPool-worker-1] INFO  server.AbstractConnector (AbstractConnector.java:doStop(383)) - Stopped ServerConnector@52396d1e{HTTP/1.1, (http/1.1)}{0.0.0.0:0}
2023-03-09 14:58:32,266 [ForkJoinPool.commonPool-worker-1] INFO  server.session (HouseKeeper.java:stopScavenging(149)) - node0 Stopped scavenging
2023-03-09 14:58:32,274 [ForkJoinPool.commonPool-worker-1] INFO  handler.ContextHandler (ContextHandler.java:doStop(1159)) - Stopped o.e.j.s.ServletContextHandler@68989b46{static,/static,jar:file:/home/runner/.m2/repository/org/apache/ozone/hdds-container-service/1.4.0-SNAPSHOT/hdds-container-service-1.4.0-SNAPSHOT.jar!/webapps/static,STOPPED}
2023-03-09 14:58:32,300 [ForkJoinPool.commonPool-worker-1] INFO  handler.ContextHandler (ContextHandler.java:doStop(1159)) - Stopped o.e.j.s.ServletContextHandler@70f04941{logs,/logs,file:///home/runner/work/ozone/ozone/hadoop-ozone/integration-test/target/log,STOPPED}
2023-03-09 14:58:32,606 [EndpointStateMachine task thread for /127.0.0.1:42633 - 0 ] INFO  ipc.Client (Client.java:handleConnectionFailure(1010)) - Retrying connect to server: localhost/127.0.0.1:42633. Already tried 2 time(s); retry policy is RetryUpToMaximumCountWithFixedSleep(maxRetries=15, sleepTime=1000 MILLISECONDS)
2023-03-09 14:58:32,746 [Listener at 127.0.0.1/37111] INFO  volume.HddsVolume (HddsVolume.java:closeDbStore(362)) - SchemaV3 db is stopped at /home/runner/work/ozone/ozone/hadoop-ozone/integration-test/target/test-dir/MiniOzoneClusterImpl-e86c7e49-e04f-4606-8b16-8d18ad715950/datanode-1/data-0/containers/hdds/e86c7e49-e04f-4606-8b16-8d18ad715950/DS-3deab9ce-174c-4e26-afd3-000a53d1ed08/container.db for volume DS-3deab9ce-174c-4e26-afd3-000a53d1ed08
2023-03-09 14:58:32,747 [Listener at 127.0.0.1/37111] INFO  utils.BackgroundService (BackgroundService.java:shutdown(141)) - Shutting down service BlockDeletingService
2023-03-09 14:58:32,747 [Listener at 127.0.0.1/37111] INFO  utils.BackgroundService (BackgroundService.java:shutdown(141)) - Shutting down service StaleRecoveringContainerScrubbingService
2023-03-09 14:58:32,749 [Listener at 127.0.0.1/37111] INFO  statemachine.DatanodeStateMachine (DatanodeStateMachine.java:stopDaemon(601)) - Ozone container server stopped.
2023-03-09 14:58:32,764 [Listener at 127.0.0.1/37111] INFO  handler.ContextHandler (ContextHandler.java:doStop(1159)) - Stopped o.e.j.w.WebAppContext@2b96dc3e{hddsDatanode,/,null,STOPPED}{jar:file:/home/runner/.m2/repository/org/apache/ozone/hdds-container-service/1.4.0-SNAPSHOT/hdds-container-service-1.4.0-SNAPSHOT.jar!/webapps/hddsDatanode}
2023-03-09 14:58:32,764 [Listener at 127.0.0.1/37111] INFO  server.AbstractConnector (AbstractConnector.java:doStop(383)) - Stopped ServerConnector@13defad1{HTTP/1.1, (http/1.1)}{0.0.0.0:0}
2023-03-09 14:58:32,765 [Listener at 127.0.0.1/37111] INFO  server.session (HouseKeeper.java:stopScavenging(149)) - node0 Stopped scavenging
2023-03-09 14:58:32,770 [Listener at 127.0.0.1/37111] INFO  handler.ContextHandler (ContextHandler.java:doStop(1159)) - Stopped o.e.j.s.ServletContextHandler@3dc421ae{static,/static,jar:file:/home/runner/.m2/repository/org/apache/ozone/hdds-container-service/1.4.0-SNAPSHOT/hdds-container-service-1.4.0-SNAPSHOT.jar!/webapps/static,STOPPED}
2023-03-09 14:58:32,770 [Listener at 127.0.0.1/37111] INFO  handler.ContextHandler (ContextHandler.java:doStop(1159)) - Stopped o.e.j.s.ServletContextHandler@745a3724{logs,/logs,file:///home/runner/work/ozone/ozone/hadoop-ozone/integration-test/target/log,STOPPED}
2023-03-09 14:58:33,154 [ForkJoinPool.commonPool-worker-1] INFO  ozoneimpl.OzoneContainer (OzoneContainer.java:stop(420)) - Attempting to stop container services.
2023-03-09 14:58:33,155 [ForkJoinPool.commonPool-worker-1] INFO  server.RaftServer (RaftServerProxy.java:lambda$close$6(409)) - 7cc8348c-25f7-4abd-9a5e-53969841dd44: close
2023-03-09 14:58:33,155 [7cc8348c-25f7-4abd-9a5e-53969841dd44-impl-thread1] INFO  server.RaftServer$Division (RaftServerImpl.java:lambda$close$4(458)) - 7cc8348c-25f7-4abd-9a5e-53969841dd44@group-943E7187E310: shutdown
2023-03-09 14:58:33,155 [7cc8348c-25f7-4abd-9a5e-53969841dd44-impl-thread1] INFO  util.JmxRegister (JmxRegister.java:unregister(73)) - Successfully un-registered JMX Bean with object name Ratis:service=RaftServer,group=group-943E7187E310,id=7cc8348c-25f7-4abd-9a5e-53969841dd44
2023-03-09 14:58:33,155 [7cc8348c-25f7-4abd-9a5e-53969841dd44-impl-thread1] INFO  impl.RoleInfo (RoleInfo.java:shutdownLeaderState(93)) - 7cc8348c-25f7-4abd-9a5e-53969841dd44: shutdown 7cc8348c-25f7-4abd-9a5e-53969841dd44@group-943E7187E310-LeaderStateImpl
2023-03-09 14:58:33,156 [7cc8348c-25f7-4abd-9a5e-53969841dd44-impl-thread1] INFO  impl.PendingRequests (PendingRequests.java:sendNotLeaderResponses(282)) - 7cc8348c-25f7-4abd-9a5e-53969841dd44@group-943E7187E310-PendingRequests: sendNotLeaderResponses
2023-03-09 14:58:33,156 [7cc8348c-25f7-4abd-9a5e-53969841dd44-impl-thread1] INFO  impl.StateMachineUpdater (StateMachineUpdater.java:stopAndJoin(153)) - 7cc8348c-25f7-4abd-9a5e-53969841dd44@group-943E7187E310-StateMachineUpdater: set stopIndex = 0
2023-03-09 14:58:33,156 [7cc8348c-25f7-4abd-9a5e-53969841dd44@group-943E7187E310-StateMachineUpdater] INFO  ratis.ContainerStateMachine (ContainerStateMachine.java:takeSnapshot(308)) - group-943E7187E310: Taking a snapshot at:(t:1, i:0) file /home/runner/work/ozone/ozone/hadoop-ozone/integration-test/target/test-dir/MiniOzoneClusterImpl-e86c7e49-e04f-4606-8b16-8d18ad715950/datanode-2/data/ratis/23ea7f70-7a85-433b-b6bd-943e7187e310/sm/snapshot.1_0
2023-03-09 14:58:33,159 [7cc8348c-25f7-4abd-9a5e-53969841dd44@group-943E7187E310-StateMachineUpdater] INFO  ratis.ContainerStateMachine (ContainerStateMachine.java:takeSnapshot(319)) - group-943E7187E310: Finished taking a snapshot at:(t:1, i:0) file:/home/runner/work/ozone/ozone/hadoop-ozone/integration-test/target/test-dir/MiniOzoneClusterImpl-e86c7e49-e04f-4606-8b16-8d18ad715950/datanode-2/data/ratis/23ea7f70-7a85-433b-b6bd-943e7187e310/sm/snapshot.1_0 took: 3 ms
2023-03-09 14:58:33,159 [7cc8348c-25f7-4abd-9a5e-53969841dd44-impl-thread2] INFO  server.RaftServer$Division (RaftServerImpl.java:lambda$close$4(458)) - 7cc8348c-25f7-4abd-9a5e-53969841dd44@group-3CB6E2304B87: shutdown
2023-03-09 14:58:33,159 [7cc8348c-25f7-4abd-9a5e-53969841dd44@group-943E7187E310-StateMachineUpdater] INFO  impl.StateMachineUpdater (StateMachineUpdater.java:takeSnapshot(287)) - 7cc8348c-25f7-4abd-9a5e-53969841dd44@group-943E7187E310-StateMachineUpdater: Took a snapshot at index 0
2023-03-09 14:58:33,159 [7cc8348c-25f7-4abd-9a5e-53969841dd44@group-943E7187E310-StateMachineUpdater] INFO  impl.StateMachineUpdater (StateMachineUpdater.java:lambda$new$0(92)) - 7cc8348c-25f7-4abd-9a5e-53969841dd44@group-943E7187E310-StateMachineUpdater: snapshotIndex: updateIncreasingly -1 -> 0
2023-03-09 14:58:33,160 [7cc8348c-25f7-4abd-9a5e-53969841dd44-impl-thread2] INFO  util.JmxRegister (JmxRegister.java:unregister(73)) - Successfully un-registered JMX Bean with object name Ratis:service=RaftServer,group=group-3CB6E2304B87,id=7cc8348c-25f7-4abd-9a5e-53969841dd44
2023-03-09 14:58:33,160 [7cc8348c-25f7-4abd-9a5e-53969841dd44-impl-thread2] INFO  impl.RoleInfo (RoleInfo.java:shutdownFollowerState(110)) - 7cc8348c-25f7-4abd-9a5e-53969841dd44: shutdown 7cc8348c-25f7-4abd-9a5e-53969841dd44@group-3CB6E2304B87-FollowerState
2023-03-09 14:58:33,166 [7cc8348c-25f7-4abd-9a5e-53969841dd44-impl-thread3] INFO  server.RaftServer$Division (RaftServerImpl.java:lambda$close$4(458)) - 7cc8348c-25f7-4abd-9a5e-53969841dd44@group-8B6815A740CC: shutdown
2023-03-09 14:58:33,170 [7cc8348c-25f7-4abd-9a5e-53969841dd44-impl-thread3] INFO  util.JmxRegister (JmxRegister.java:unregister(73)) - Successfully un-registered JMX Bean with object name Ratis:service=RaftServer,group=group-8B6815A740CC,id=7cc8348c-25f7-4abd-9a5e-53969841dd44
2023-03-09 14:58:33,170 [7cc8348c-25f7-4abd-9a5e-53969841dd44-impl-thread3] INFO  impl.RoleInfo (RoleInfo.java:shutdownLeaderState(93)) - 7cc8348c-25f7-4abd-9a5e-53969841dd44: shutdown 7cc8348c-25f7-4abd-9a5e-53969841dd44@group-8B6815A740CC-LeaderStateImpl
2023-03-09 14:58:33,170 [7cc8348c-25f7-4abd-9a5e-53969841dd44-impl-thread3] INFO  impl.PendingRequests (PendingRequests.java:sendNotLeaderResponses(282)) - 7cc8348c-25f7-4abd-9a5e-53969841dd44@group-8B6815A740CC-PendingRequests: sendNotLeaderResponses
2023-03-09 14:58:33,170 [7cc8348c-25f7-4abd-9a5e-53969841dd44-impl-thread3] INFO  impl.StateMachineUpdater (StateMachineUpdater.java:stopAndJoin(153)) - 7cc8348c-25f7-4abd-9a5e-53969841dd44@group-8B6815A740CC-StateMachineUpdater: set stopIndex = 0
2023-03-09 14:58:33,170 [7cc8348c-25f7-4abd-9a5e-53969841dd44@group-3CB6E2304B87-FollowerState] INFO  impl.FollowerState (FollowerState.java:run(152)) - 7cc8348c-25f7-4abd-9a5e-53969841dd44@group-3CB6E2304B87-FollowerState was interrupted
2023-03-09 14:58:33,165 [ForkJoinPool.commonPool-worker-1] INFO  server.GrpcService (GrpcService.java:closeImpl(271)) - 7cc8348c-25f7-4abd-9a5e-53969841dd44: shutdown server GrpcServerProtocolService now
2023-03-09 14:58:33,171 [7cc8348c-25f7-4abd-9a5e-53969841dd44@group-8B6815A740CC-StateMachineUpdater] INFO  ratis.ContainerStateMachine (ContainerStateMachine.java:takeSnapshot(308)) - group-8B6815A740CC: Taking a snapshot at:(t:1, i:0) file /home/runner/work/ozone/ozone/hadoop-ozone/integration-test/target/test-dir/MiniOzoneClusterImpl-e86c7e49-e04f-4606-8b16-8d18ad715950/datanode-2/data/ratis/5cdb5299-f0f3-4ae7-8a8c-8b6815a740cc/sm/snapshot.1_0
2023-03-09 14:58:33,160 [7cc8348c-25f7-4abd-9a5e-53969841dd44-impl-thread1] INFO  server.RaftServer$Division (ServerState.java:close(466)) - 7cc8348c-25f7-4abd-9a5e-53969841dd44@group-943E7187E310: closes. applyIndex: 0
2023-03-09 14:58:33,172 [ForkJoinPool.commonPool-worker-1] INFO  server.GrpcServerProtocolClient (GrpcServerProtocolClient.java:close(101)) - 8bafe227-ab53-47f4-b02f-6ec7cb40a7a2 Close channels
2023-03-09 14:58:33,172 [7cc8348c-25f7-4abd-9a5e-53969841dd44@group-943E7187E310-SegmentedRaftLogWorker] INFO  segmented.SegmentedRaftLogWorker (SegmentedRaftLogWorker.java:run(347)) - 7cc8348c-25f7-4abd-9a5e-53969841dd44@group-943E7187E310-SegmentedRaftLogWorker was interrupted, exiting. There are 0 tasks remaining in the queue.
2023-03-09 14:58:33,170 [7cc8348c-25f7-4abd-9a5e-53969841dd44-impl-thread2] INFO  impl.StateMachineUpdater (StateMachineUpdater.java:stopAndJoin(153)) - 7cc8348c-25f7-4abd-9a5e-53969841dd44@group-3CB6E2304B87-StateMachineUpdater: set stopIndex = 0
2023-03-09 14:58:33,172 [7cc8348c-25f7-4abd-9a5e-53969841dd44@group-3CB6E2304B87-StateMachineUpdater] INFO  ratis.ContainerStateMachine (ContainerStateMachine.java:takeSnapshot(308)) - group-3CB6E2304B87: Taking a snapshot at:(t:1, i:0) file /home/runner/work/ozone/ozone/hadoop-ozone/integration-test/target/test-dir/MiniOzoneClusterImpl-e86c7e49-e04f-4606-8b16-8d18ad715950/datanode-2/data/ratis/a417e7bd-d0a1-44e2-96ee-3cb6e2304b87/sm/snapshot.1_0
2023-03-09 14:58:33,174 [7cc8348c-25f7-4abd-9a5e-53969841dd44-impl-thread1] INFO  segmented.SegmentedRaftLogWorker (SegmentedRaftLogWorker.java:close(257)) - 7cc8348c-25f7-4abd-9a5e-53969841dd44@group-943E7187E310-SegmentedRaftLogWorker close()
2023-03-09 14:58:33,174 [7cc8348c-25f7-4abd-9a5e-53969841dd44@group-3CB6E2304B87-StateMachineUpdater] INFO  ratis.ContainerStateMachine (ContainerStateMachine.java:takeSnapshot(319)) - group-3CB6E2304B87: Finished taking a snapshot at:(t:1, i:0) file:/home/runner/work/ozone/ozone/hadoop-ozone/integration-test/target/test-dir/MiniOzoneClusterImpl-e86c7e49-e04f-4606-8b16-8d18ad715950/datanode-2/data/ratis/a417e7bd-d0a1-44e2-96ee-3cb6e2304b87/sm/snapshot.1_0 took: 3 ms
2023-03-09 14:58:33,175 [7cc8348c-25f7-4abd-9a5e-53969841dd44@group-3CB6E2304B87-StateMachineUpdater] INFO  impl.StateMachineUpdater (StateMachineUpdater.java:takeSnapshot(287)) - 7cc8348c-25f7-4abd-9a5e-53969841dd44@group-3CB6E2304B87-StateMachineUpdater: Took a snapshot at index 0
2023-03-09 14:58:33,175 [7cc8348c-25f7-4abd-9a5e-53969841dd44@group-3CB6E2304B87-StateMachineUpdater] INFO  impl.StateMachineUpdater (StateMachineUpdater.java:lambda$new$0(92)) - 7cc8348c-25f7-4abd-9a5e-53969841dd44@group-3CB6E2304B87-StateMachineUpdater: snapshotIndex: updateIncreasingly -1 -> 0
2023-03-09 14:58:33,173 [7cc8348c-25f7-4abd-9a5e-53969841dd44@group-8B6815A740CC-StateMachineUpdater] INFO  ratis.ContainerStateMachine (ContainerStateMachine.java:takeSnapshot(319)) - group-8B6815A740CC: Finished taking a snapshot at:(t:1, i:0) file:/home/runner/work/ozone/ozone/hadoop-ozone/integration-test/target/test-dir/MiniOzoneClusterImpl-e86c7e49-e04f-4606-8b16-8d18ad715950/datanode-2/data/ratis/5cdb5299-f0f3-4ae7-8a8c-8b6815a740cc/sm/snapshot.1_0 took: 2 ms
2023-03-09 14:58:33,175 [7cc8348c-25f7-4abd-9a5e-53969841dd44@group-8B6815A740CC-StateMachineUpdater] INFO  impl.StateMachineUpdater (StateMachineUpdater.java:takeSnapshot(287)) - 7cc8348c-25f7-4abd-9a5e-53969841dd44@group-8B6815A740CC-StateMachineUpdater: Took a snapshot at index 0
2023-03-09 14:58:33,175 [7cc8348c-25f7-4abd-9a5e-53969841dd44@group-8B6815A740CC-StateMachineUpdater] INFO  impl.StateMachineUpdater (StateMachineUpdater.java:lambda$new$0(92)) - 7cc8348c-25f7-4abd-9a5e-53969841dd44@group-8B6815A740CC-StateMachineUpdater: snapshotIndex: updateIncreasingly -1 -> 0
2023-03-09 14:58:33,176 [7cc8348c-25f7-4abd-9a5e-53969841dd44-impl-thread3] INFO  server.RaftServer$Division (ServerState.java:close(466)) - 7cc8348c-25f7-4abd-9a5e-53969841dd44@group-8B6815A740CC: closes. applyIndex: 0
2023-03-09 14:58:33,176 [7cc8348c-25f7-4abd-9a5e-53969841dd44-impl-thread2] INFO  server.RaftServer$Division (ServerState.java:close(466)) - 7cc8348c-25f7-4abd-9a5e-53969841dd44@group-3CB6E2304B87: closes. applyIndex: 0
2023-03-09 14:58:33,176 [7cc8348c-25f7-4abd-9a5e-53969841dd44@group-8B6815A740CC-SegmentedRaftLogWorker] INFO  segmented.SegmentedRaftLogWorker (SegmentedRaftLogWorker.java:run(347)) - 7cc8348c-25f7-4abd-9a5e-53969841dd44@group-8B6815A740CC-SegmentedRaftLogWorker was interrupted, exiting. There are 0 tasks remaining in the queue.
2023-03-09 14:58:33,176 [7cc8348c-25f7-4abd-9a5e-53969841dd44@group-3CB6E2304B87-SegmentedRaftLogWorker] INFO  segmented.SegmentedRaftLogWorker (SegmentedRaftLogWorker.java:run(347)) - 7cc8348c-25f7-4abd-9a5e-53969841dd44@group-3CB6E2304B87-SegmentedRaftLogWorker was interrupted, exiting. There are 0 tasks remaining in the queue.
2023-03-09 14:58:33,181 [7cc8348c-25f7-4abd-9a5e-53969841dd44-impl-thread3] INFO  segmented.SegmentedRaftLogWorker (SegmentedRaftLogWorker.java:close(257)) - 7cc8348c-25f7-4abd-9a5e-53969841dd44@group-8B6815A740CC-SegmentedRaftLogWorker close()
2023-03-09 14:58:33,181 [ForkJoinPool.commonPool-worker-1] INFO  server.GrpcServerProtocolClient (GrpcServerProtocolClient.java:close(101)) - 9c2028ec-eae4-47ee-99aa-bca7ce936f50 Close channels
2023-03-09 14:58:33,181 [7cc8348c-25f7-4abd-9a5e-53969841dd44-impl-thread2] INFO  segmented.SegmentedRaftLogWorker (SegmentedRaftLogWorker.java:close(257)) - 7cc8348c-25f7-4abd-9a5e-53969841dd44@group-3CB6E2304B87-SegmentedRaftLogWorker close()
2023-03-09 14:58:33,181 [ForkJoinPool.commonPool-worker-1] INFO  server.GrpcService (GrpcService.java:closeImpl(280)) - 7cc8348c-25f7-4abd-9a5e-53969841dd44: shutdown server GrpcServerProtocolService successfully
2023-03-09 14:58:33,182 [7cc8348c-25f7-4abd-9a5e-53969841dd44-NettyServerStreamRpc-bossGroup--thread1] INFO  logging.LoggingHandler (AbstractInternalLogger.java:log(148)) - [id: 0x46ddcd61, L:/0:0:0:0:0:0:0:0:32895] CLOSE
2023-03-09 14:58:33,182 [7cc8348c-25f7-4abd-9a5e-53969841dd44-NettyServerStreamRpc-bossGroup--thread1] INFO  logging.LoggingHandler (AbstractInternalLogger.java:log(148)) - [id: 0x46ddcd61, L:/0:0:0:0:0:0:0:0:32895] INACTIVE
2023-03-09 14:58:33,182 [7cc8348c-25f7-4abd-9a5e-53969841dd44-NettyServerStreamRpc-bossGroup--thread1] INFO  logging.LoggingHandler (AbstractInternalLogger.java:log(148)) - [id: 0x46ddcd61, L:/0:0:0:0:0:0:0:0:32895] UNREGISTERED
2023-03-09 14:58:33,185 [JvmPauseMonitor5] INFO  util.JvmPauseMonitor (JvmPauseMonitor.java:run(111)) - JvmPauseMonitor-7cc8348c-25f7-4abd-9a5e-53969841dd44: Stopped
2023-03-09 14:58:33,607 [EndpointStateMachine task thread for /127.0.0.1:42633 - 0 ] INFO  ipc.Client (Client.java:handleConnectionFailure(1010)) - Retrying connect to server: localhost/127.0.0.1:42633. Already tried 3 time(s); retry policy is RetryUpToMaximumCountWithFixedSleep(maxRetries=15, sleepTime=1000 MILLISECONDS)
2023-03-09 14:58:34,608 [EndpointStateMachine task thread for /127.0.0.1:42633 - 0 ] INFO  ipc.Client (Client.java:handleConnectionFailure(1010)) - Retrying connect to server: localhost/127.0.0.1:42633. Already tried 4 time(s); retry policy is RetryUpToMaximumCountWithFixedSleep(maxRetries=15, sleepTime=1000 MILLISECONDS)
2023-03-09 14:58:35,194 [ForkJoinPool.commonPool-worker-1] INFO  volume.HddsVolume (HddsVolume.java:closeDbStore(362)) - SchemaV3 db is stopped at /home/runner/work/ozone/ozone/hadoop-ozone/integration-test/target/test-dir/MiniOzoneClusterImpl-e86c7e49-e04f-4606-8b16-8d18ad715950/datanode-2/data-0/containers/hdds/e86c7e49-e04f-4606-8b16-8d18ad715950/DS-b2ed889f-543d-4f52-bb9b-8fe9b1f61146/container.db for volume DS-b2ed889f-543d-4f52-bb9b-8fe9b1f61146
2023-03-09 14:58:35,194 [ForkJoinPool.commonPool-worker-1] INFO  utils.BackgroundService (BackgroundService.java:shutdown(141)) - Shutting down service BlockDeletingService
2023-03-09 14:58:35,194 [ForkJoinPool.commonPool-worker-1] INFO  utils.BackgroundService (BackgroundService.java:shutdown(141)) - Shutting down service StaleRecoveringContainerScrubbingService
2023-03-09 14:58:35,196 [ForkJoinPool.commonPool-worker-1] INFO  statemachine.DatanodeStateMachine (DatanodeStateMachine.java:stopDaemon(601)) - Ozone container server stopped.
2023-03-09 14:58:35,220 [ForkJoinPool.commonPool-worker-1] INFO  handler.ContextHandler (ContextHandler.java:doStop(1159)) - Stopped o.e.j.w.WebAppContext@947e589{hddsDatanode,/,null,STOPPED}{jar:file:/home/runner/.m2/repository/org/apache/ozone/hdds-container-service/1.4.0-SNAPSHOT/hdds-container-service-1.4.0-SNAPSHOT.jar!/webapps/hddsDatanode}
2023-03-09 14:58:35,220 [ForkJoinPool.commonPool-worker-1] INFO  server.AbstractConnector (AbstractConnector.java:doStop(383)) - Stopped ServerConnector@33e331a0{HTTP/1.1, (http/1.1)}{0.0.0.0:0}
2023-03-09 14:58:35,221 [ForkJoinPool.commonPool-worker-1] INFO  server.session (HouseKeeper.java:stopScavenging(149)) - node0 Stopped scavenging
2023-03-09 14:58:35,221 [ForkJoinPool.commonPool-worker-1] INFO  handler.ContextHandler (ContextHandler.java:doStop(1159)) - Stopped o.e.j.s.ServletContextHandler@18c35c73{static,/static,jar:file:/home/runner/.m2/repository/org/apache/ozone/hdds-container-service/1.4.0-SNAPSHOT/hdds-container-service-1.4.0-SNAPSHOT.jar!/webapps/static,STOPPED}
2023-03-09 14:58:35,222 [ForkJoinPool.commonPool-worker-1] INFO  handler.ContextHandler (ContextHandler.java:doStop(1159)) - Stopped o.e.j.s.ServletContextHandler@7f3469e7{logs,/logs,file:///home/runner/work/ozone/ozone/hadoop-ozone/integration-test/target/log,STOPPED}
]]></system-out>
    <rerunFailure type="java.lang.AssertionError">
      <stackTrace><![CDATA[java.lang.AssertionError
	at org.junit.Assert.fail(Assert.java:87)
	at org.junit.Assert.fail(Assert.java:96)
	at org.apache.hadoop.ozone.om.TestAddRemoveOzoneManager.testBootstrapWithoutConfigUpdate(TestAddRemoveOzoneManager.java:261)
	at sun.reflect.NativeMethodAccessorImpl.invoke0(Native Method)
	at sun.reflect.NativeMethodAccessorImpl.invoke(NativeMethodAccessorImpl.java:62)
	at sun.reflect.DelegatingMethodAccessorImpl.invoke(DelegatingMethodAccessorImpl.java:43)
	at java.lang.reflect.Method.invoke(Method.java:498)
	at org.junit.platform.commons.util.ReflectionUtils.invokeMethod(ReflectionUtils.java:725)
	at org.junit.jupiter.engine.execution.MethodInvocation.proceed(MethodInvocation.java:60)
	at org.junit.jupiter.engine.execution.InvocationInterceptorChain$ValidatingInvocation.proceed(InvocationInterceptorChain.java:131)
	at org.junit.jupiter.engine.extension.TimeoutInvocation.proceed(TimeoutInvocation.java:46)
	at org.junit.jupiter.engine.extension.TimeoutExtension.intercept(TimeoutExtension.java:149)
	at org.junit.jupiter.engine.extension.TimeoutExtension.interceptTestableMethod(TimeoutExtension.java:140)
	at org.junit.jupiter.engine.extension.TimeoutExtension.interceptTestMethod(TimeoutExtension.java:84)
	at org.junit.jupiter.engine.execution.ExecutableInvoker$ReflectiveInterceptorCall.lambda$ofVoidMethod$0(ExecutableInvoker.java:115)
	at org.junit.jupiter.engine.execution.ExecutableInvoker.lambda$invoke$0(ExecutableInvoker.java:105)
	at org.junit.jupiter.engine.execution.InvocationInterceptorChain$InterceptedInvocation.proceed(InvocationInterceptorChain.java:106)
	at org.junit.jupiter.engine.execution.InvocationInterceptorChain.proceed(InvocationInterceptorChain.java:64)
	at org.junit.jupiter.engine.execution.InvocationInterceptorChain.chainAndInvoke(InvocationInterceptorChain.java:45)
	at org.junit.jupiter.engine.execution.InvocationInterceptorChain.invoke(InvocationInterceptorChain.java:37)
	at org.junit.jupiter.engine.execution.ExecutableInvoker.invoke(ExecutableInvoker.java:104)
	at org.junit.jupiter.engine.execution.ExecutableInvoker.invoke(ExecutableInvoker.java:98)
	at org.junit.jupiter.engine.descriptor.TestMethodTestDescriptor.lambda$invokeTestMethod$7(TestMethodTestDescriptor.java:214)
	at org.junit.platform.engine.support.hierarchical.ThrowableCollector.execute(ThrowableCollector.java:73)
	at org.junit.jupiter.engine.descriptor.TestMethodTestDescriptor.invokeTestMethod(TestMethodTestDescriptor.java:210)
	at org.junit.jupiter.engine.descriptor.TestMethodTestDescriptor.execute(TestMethodTestDescriptor.java:135)
	at org.junit.jupiter.engine.descriptor.TestMethodTestDescriptor.execute(TestMethodTestDescriptor.java:66)
	at org.junit.platform.engine.support.hierarchical.NodeTestTask.lambda$executeRecursively$6(NodeTestTask.java:151)
	at org.junit.platform.engine.support.hierarchical.ThrowableCollector.execute(ThrowableCollector.java:73)
	at org.junit.platform.engine.support.hierarchical.NodeTestTask.lambda$executeRecursively$8(NodeTestTask.java:141)
	at org.junit.platform.engine.support.hierarchical.Node.around(Node.java:137)
	at org.junit.platform.engine.support.hierarchical.NodeTestTask.lambda$executeRecursively$9(NodeTestTask.java:139)
	at org.junit.platform.engine.support.hierarchical.ThrowableCollector.execute(ThrowableCollector.java:73)
	at org.junit.platform.engine.support.hierarchical.NodeTestTask.executeRecursively(NodeTestTask.java:138)
	at org.junit.platform.engine.support.hierarchical.NodeTestTask.execute(NodeTestTask.java:95)
	at java.util.ArrayList.forEach(ArrayList.java:1259)
	at org.junit.platform.engine.support.hierarchical.SameThreadHierarchicalTestExecutorService.invokeAll(SameThreadHierarchicalTestExecutorService.java:41)
	at org.junit.platform.engine.support.hierarchical.NodeTestTask.lambda$executeRecursively$6(NodeTestTask.java:155)
	at org.junit.platform.engine.support.hierarchical.ThrowableCollector.execute(ThrowableCollector.java:73)
	at org.junit.platform.engine.support.hierarchical.NodeTestTask.lambda$executeRecursively$8(NodeTestTask.java:141)
	at org.junit.platform.engine.support.hierarchical.Node.around(Node.java:137)
	at org.junit.platform.engine.support.hierarchical.NodeTestTask.lambda$executeRecursively$9(NodeTestTask.java:139)
	at org.junit.platform.engine.support.hierarchical.ThrowableCollector.execute(ThrowableCollector.java:73)
	at org.junit.platform.engine.support.hierarchical.NodeTestTask.executeRecursively(NodeTestTask.java:138)
	at org.junit.platform.engine.support.hierarchical.NodeTestTask.execute(NodeTestTask.java:95)
	at java.util.ArrayList.forEach(ArrayList.java:1259)
	at org.junit.platform.engine.support.hierarchical.SameThreadHierarchicalTestExecutorService.invokeAll(SameThreadHierarchicalTestExecutorService.java:41)
	at org.junit.platform.engine.support.hierarchical.NodeTestTask.lambda$executeRecursively$6(NodeTestTask.java:155)
	at org.junit.platform.engine.support.hierarchical.ThrowableCollector.execute(ThrowableCollector.java:73)
	at org.junit.platform.engine.support.hierarchical.NodeTestTask.lambda$executeRecursively$8(NodeTestTask.java:141)
	at org.junit.platform.engine.support.hierarchical.Node.around(Node.java:137)
	at org.junit.platform.engine.support.hierarchical.NodeTestTask.lambda$executeRecursively$9(NodeTestTask.java:139)
	at org.junit.platform.engine.support.hierarchical.ThrowableCollector.execute(ThrowableCollector.java:73)
	at org.junit.platform.engine.support.hierarchical.NodeTestTask.executeRecursively(NodeTestTask.java:138)
	at org.junit.platform.engine.support.hierarchical.NodeTestTask.execute(NodeTestTask.java:95)
	at org.junit.platform.engine.support.hierarchical.SameThreadHierarchicalTestExecutorService.submit(SameThreadHierarchicalTestExecutorService.java:35)
	at org.junit.platform.engine.support.hierarchical.HierarchicalTestExecutor.execute(HierarchicalTestExecutor.java:57)
	at org.junit.platform.engine.support.hierarchical.HierarchicalTestEngine.execute(HierarchicalTestEngine.java:54)
	at org.junit.platform.launcher.core.EngineExecutionOrchestrator.execute(EngineExecutionOrchestrator.java:107)
	at org.junit.platform.launcher.core.EngineExecutionOrchestrator.execute(EngineExecutionOrchestrator.java:88)
	at org.junit.platform.launcher.core.EngineExecutionOrchestrator.lambda$execute$0(EngineExecutionOrchestrator.java:54)
	at org.junit.platform.launcher.core.EngineExecutionOrchestrator.withInterceptedStreams(EngineExecutionOrchestrator.java:67)
	at org.junit.platform.launcher.core.EngineExecutionOrchestrator.execute(EngineExecutionOrchestrator.java:52)
	at org.junit.platform.launcher.core.DefaultLauncher.execute(DefaultLauncher.java:114)
	at org.junit.platform.launcher.core.DefaultLauncher.execute(DefaultLauncher.java:86)
	at org.junit.platform.launcher.core.DefaultLauncherSession$DelegatingLauncher.execute(DefaultLauncherSession.java:86)
	at org.junit.platform.launcher.core.SessionPerRequestLauncher.execute(SessionPerRequestLauncher.java:53)
	at org.apache.maven.surefire.junitplatform.JUnitPlatformProvider.invokeAllTests(JUnitPlatformProvider.java:165)
	at org.apache.maven.surefire.junitplatform.JUnitPlatformProvider.invoke(JUnitPlatformProvider.java:124)
	at org.apache.maven.surefire.booter.ForkedBooter.runSuitesInProcess(ForkedBooter.java:428)
	at org.apache.maven.surefire.booter.ForkedBooter.execute(ForkedBooter.java:162)
	at org.apache.maven.surefire.booter.ForkedBooter.run(ForkedBooter.java:562)
	at org.apache.maven.surefire.booter.ForkedBooter.main(ForkedBooter.java:548)
]]></stackTrace>
      <system-out><![CDATA[2023-03-09 14:59:34,408 [Listener at 127.0.0.1/35653] WARN  server.ServerUtils (ServerUtils.java:getScmDbDir(148)) - ozone.scm.db.dirs is not configured. We recommend adding this setting. Falling back to ozone.metadata.dirs instead.
2023-03-09 14:59:34,408 [Listener at 127.0.0.1/35653] INFO  ha.SCMHANodeDetails (SCMHANodeDetails.java:loadSCMHAConfig(209)) - ServiceID for StorageContainerManager is scmServiceId
2023-03-09 14:59:34,408 [Listener at 127.0.0.1/35653] INFO  ha.SCMHANodeDetails (SCMHANodeDetails.java:loadSCMHAConfig(220)) - ServiceID for StorageContainerManager is scmServiceId
2023-03-09 14:59:34,408 [Listener at 127.0.0.1/35653] INFO  ha.SCMHANodeDetails (SCMHANodeDetails.java:loadSCMHAConfig(307)) - Found matching SCM address with SCMServiceId: scmServiceId, SCMNodeId: scmNode-1, RPC Address: localhost:38335 and Ratis port: 38335
2023-03-09 14:59:34,409 [Listener at 127.0.0.1/35653] INFO  ha.SCMHANodeDetails (ConfUtils.java:setNodeSpecificConfigs(97)) - Setting configuration key ozone.scm.datanode.address with value of key ozone.scm.datanode.address.scmServiceId.scmNode-1: 127.0.0.1:36681
2023-03-09 14:59:34,409 [Listener at 127.0.0.1/35653] INFO  ha.SCMHANodeDetails (ConfUtils.java:setNodeSpecificConfigs(97)) - Setting configuration key ozone.scm.block.client.address with value of key ozone.scm.block.client.address.scmServiceId.scmNode-1: 127.0.0.1:38735
2023-03-09 14:59:34,409 [Listener at 127.0.0.1/35653] INFO  ha.SCMHANodeDetails (ConfUtils.java:setNodeSpecificConfigs(97)) - Setting configuration key ozone.scm.client.address with value of key ozone.scm.client.address.scmServiceId.scmNode-1: 127.0.0.1:43819
2023-03-09 14:59:34,409 [Listener at 127.0.0.1/35653] INFO  ha.SCMHANodeDetails (ConfUtils.java:setNodeSpecificConfigs(97)) - Setting configuration key ozone.scm.ratis.port with value of key ozone.scm.ratis.port.scmServiceId.scmNode-1: 38335
2023-03-09 14:59:34,409 [Listener at 127.0.0.1/35653] INFO  ha.SCMHANodeDetails (ConfUtils.java:setNodeSpecificConfigs(97)) - Setting configuration key ozone.scm.grpc.port with value of key ozone.scm.grpc.port.scmServiceId.scmNode-1: 40579
2023-03-09 14:59:34,409 [Listener at 127.0.0.1/35653] INFO  ha.SCMHANodeDetails (ConfUtils.java:setNodeSpecificConfigs(97)) - Setting configuration key ozone.scm.http-address with value of key ozone.scm.http-address.scmServiceId.scmNode-1: 127.0.0.1:39797
2023-03-09 14:59:34,409 [Listener at 127.0.0.1/35653] INFO  ha.SCMHANodeDetails (ConfUtils.java:setNodeSpecificConfigs(97)) - Setting configuration key ozone.scm.https-address with value of key ozone.scm.https-address.scmServiceId.scmNode-1: 127.0.0.1:46581
2023-03-09 14:59:34,410 [Listener at 127.0.0.1/35653] INFO  ha.SCMHANodeDetails (ConfUtils.java:setNodeSpecificConfigs(97)) - Setting configuration key ozone.scm.address with value of key ozone.scm.address.scmServiceId.scmNode-1: 127.0.0.1
2023-03-09 14:59:34,410 [Listener at 127.0.0.1/35653] WARN  scm.ScmUtils (ScmUtils.java:logWarn(190)) - ConfigKey ozone.scm.block.client.address is deprecated, For configuring different ports for each SCM use PortConfigKey ozone.scm.block.client.port appended with serviceId and nodeId. If want to configure same port configure ozone.scm.block.client.port
2023-03-09 14:59:34,410 [Listener at 127.0.0.1/35653] WARN  scm.ScmUtils (ScmUtils.java:logWarn(190)) - ConfigKey ozone.scm.client.address is deprecated, For configuring different ports for each SCM use PortConfigKey ozone.scm.client.port appended with serviceId and nodeId. If want to configure same port configure ozone.scm.client.port
2023-03-09 14:59:34,410 [Listener at 127.0.0.1/35653] WARN  scm.ScmUtils (ScmUtils.java:logWarn(190)) - ConfigKey ozone.scm.datanode.address is deprecated, For configuring different ports for each SCM use PortConfigKey ozone.scm.datanode.port appended with serviceId and nodeId. If want to configure same port configure ozone.scm.datanode.port
2023-03-09 14:59:34,414 [Listener at 127.0.0.1/35653] INFO  server.RaftServer (ConfUtils.java:logGet(46)) - raft.rpc.type = GRPC (default)
2023-03-09 14:59:34,414 [Listener at 127.0.0.1/35653] INFO  grpc.GrpcConfigKeys (ConfUtils.java:logFallback(53)) - raft.grpc.admin.host = null (fallback to raft.grpc.server.host)
2023-03-09 14:59:34,414 [Listener at 127.0.0.1/35653] INFO  grpc.GrpcConfigKeys (ConfUtils.java:logFallback(53)) - raft.grpc.admin.port = 38335 (fallback to raft.grpc.server.port)
2023-03-09 14:59:34,414 [Listener at 127.0.0.1/35653] INFO  grpc.GrpcConfigKeys (ConfUtils.java:logFallback(53)) - raft.grpc.client.host = null (fallback to raft.grpc.server.host)
2023-03-09 14:59:34,415 [Listener at 127.0.0.1/35653] INFO  grpc.GrpcConfigKeys (ConfUtils.java:logFallback(53)) - raft.grpc.client.port = 38335 (fallback to raft.grpc.server.port)
2023-03-09 14:59:34,415 [Listener at 127.0.0.1/35653] INFO  grpc.GrpcConfigKeys (ConfUtils.java:logGet(46)) - raft.grpc.server.host = null (default)
2023-03-09 14:59:34,415 [Listener at 127.0.0.1/35653] INFO  grpc.GrpcConfigKeys (ConfUtils.java:logGet(46)) - raft.grpc.server.port = 38335 (custom)
2023-03-09 14:59:34,415 [Listener at 127.0.0.1/35653] INFO  server.GrpcService (ConfUtils.java:logGet(46)) - raft.grpc.message.size.max = 32m (=33554432) (custom)
2023-03-09 14:59:34,415 [Listener at 127.0.0.1/35653] INFO  server.RaftServerConfigKeys (ConfUtils.java:logGet(46)) - raft.server.log.appender.buffer.byte-limit = 33554432 (custom)
2023-03-09 14:59:34,416 [Listener at 127.0.0.1/35653] INFO  server.GrpcService (ConfUtils.java:logGet(46)) - raft.grpc.flow.control.window = 1MB (=1048576) (default)
2023-03-09 14:59:34,416 [Listener at 127.0.0.1/35653] INFO  server.RaftServerConfigKeys (ConfUtils.java:logGet(46)) - raft.server.rpc.request.timeout = 30000ms (custom)
2023-03-09 14:59:34,416 [Listener at 127.0.0.1/35653] INFO  grpc.GrpcConfigKeys (ConfUtils.java:logGet(46)) - raft.grpc.server.heartbeat.channel = true (default)
2023-03-09 14:59:34,416 [Listener at 127.0.0.1/35653] INFO  grpc.GrpcConfigKeys (ConfUtils.java:logGet(46)) - raft.grpc.server.async.request.thread.pool.cached = true (default)
2023-03-09 14:59:34,416 [Listener at 127.0.0.1/35653] INFO  grpc.GrpcConfigKeys (ConfUtils.java:logGet(46)) - raft.grpc.server.async.request.thread.pool.size = 32 (default)
2023-03-09 14:59:34,418 [Listener at 127.0.0.1/35653] INFO  impl.DataStreamServerImpl (ConfUtils.java:logGet(46)) - raft.datastream.type = DISABLED (default)
2023-03-09 14:59:34,418 [Listener at 127.0.0.1/35653] INFO  server.RaftServerConfigKeys (ConfUtils.java:logGet(46)) - raft.server.threadpool.proxy.cached = true (default)
2023-03-09 14:59:34,418 [Listener at 127.0.0.1/35653] INFO  server.RaftServerConfigKeys (ConfUtils.java:logGet(46)) - raft.server.threadpool.proxy.size = 0 (default)
2023-03-09 14:59:34,419 [Listener at 127.0.0.1/35653] INFO  server.RaftServerConfigKeys (ConfUtils.java:logGet(46)) - raft.server.rpc.slowness.timeout = 120000ms (custom)
2023-03-09 14:59:34,419 [Listener at 127.0.0.1/35653] INFO  server.RaftServerConfigKeys (ConfUtils.java:logGet(46)) - raft.server.leaderelection.leader.step-down.wait-time = 10s (default)
2023-03-09 14:59:34,419 [Listener at 127.0.0.1/35653] INFO  server.RaftServerConfigKeys (ConfUtils.java:logGet(46)) - raft.server.storage.dir = [/home/runner/work/ozone/ozone/hadoop-ozone/integration-test/target/test-dir/MiniOzoneClusterImpl-0be2ff2d-c2a8-4ed5-ac17-c4684e36ac53/scmNode-1/scm-ha] (custom)
2023-03-09 14:59:34,422 [Listener at 127.0.0.1/35653] INFO  server.RaftServer (RaftServerProxy.java:addNew(96)) - 94489f6d-fe79-40fc-acb2-36e6df399f83: addNew group-C4684E36AC53:[94489f6d-fe79-40fc-acb2-36e6df399f83|rpc:localhost:38335|priority:0|startupRole:FOLLOWER] returns group-C4684E36AC53:java.util.concurrent.CompletableFuture@643d7051[Not completed]
2023-03-09 14:59:34,422 [pool-417-thread-1] INFO  server.RaftServer$Division (RaftServerImpl.java:<init>(195)) - 94489f6d-fe79-40fc-acb2-36e6df399f83: new RaftServerImpl for group-C4684E36AC53:[94489f6d-fe79-40fc-acb2-36e6df399f83|rpc:localhost:38335|priority:0|startupRole:FOLLOWER] with SCMStateMachine:uninitialized
2023-03-09 14:59:34,423 [pool-417-thread-1] INFO  server.RaftServerConfigKeys (ConfUtils.java:logGet(46)) - raft.server.rpc.timeout.min = 5000ms (custom)
2023-03-09 14:59:34,423 [pool-417-thread-1] INFO  server.RaftServerConfigKeys (ConfUtils.java:logGet(46)) - raft.server.rpc.timeout.max = 5200ms (custom)
2023-03-09 14:59:34,423 [pool-417-thread-1] INFO  server.RaftServerConfigKeys (ConfUtils.java:logGet(46)) - raft.server.rpc.sleep.time = 25ms (default)
2023-03-09 14:59:34,423 [pool-417-thread-1] INFO  server.RaftServerConfigKeys (ConfUtils.java:logGet(46)) - raft.server.rpc.slowness.timeout = 120000ms (custom)
2023-03-09 14:59:34,423 [pool-417-thread-1] INFO  server.RaftServerConfigKeys (ConfUtils.java:logGet(46)) - raft.server.leaderelection.leader.step-down.wait-time = 10s (default)
2023-03-09 14:59:34,423 [pool-417-thread-1] INFO  server.RaftServerConfigKeys (ConfUtils.java:logGet(46)) - raft.server.sleep.deviation.threshold = 300ms (default)
2023-03-09 14:59:34,423 [pool-417-thread-1] INFO  server.RaftServer$Division (ServerState.java:<init>(118)) - 94489f6d-fe79-40fc-acb2-36e6df399f83@group-C4684E36AC53: ConfigurationManager, init=-1: peers:[94489f6d-fe79-40fc-acb2-36e6df399f83|rpc:localhost:38335|priority:0|startupRole:FOLLOWER]|listeners:[], old=null, confs=<EMPTY_MAP>
2023-03-09 14:59:34,423 [pool-417-thread-1] INFO  server.RaftServerConfigKeys (ConfUtils.java:logGet(46)) - raft.server.storage.dir = [/home/runner/work/ozone/ozone/hadoop-ozone/integration-test/target/test-dir/MiniOzoneClusterImpl-0be2ff2d-c2a8-4ed5-ac17-c4684e36ac53/scmNode-1/scm-ha] (custom)
2023-03-09 14:59:34,423 [pool-417-thread-1] INFO  server.RaftServerConfigKeys (ConfUtils.java:logGet(46)) - raft.server.log.corruption.policy = EXCEPTION (default)
2023-03-09 14:59:34,423 [pool-417-thread-1] INFO  server.RaftServerConfigKeys (ConfUtils.java:logGet(46)) - raft.server.storage.free-space.min = 0MB (=0) (default)
2023-03-09 14:59:34,424 [pool-417-thread-1] INFO  server.RaftServerConfigKeys (ConfUtils.java:logGet(46)) - raft.server.notification.no-leader.timeout = 60s (default)
2023-03-09 14:59:34,424 [pool-417-thread-1] INFO  server.RaftServerConfigKeys (ConfUtils.java:logGet(46)) - raft.server.retrycache.expirytime = 60000ms (default)
2023-03-09 14:59:34,424 [pool-417-thread-1] INFO  server.RaftServerConfigKeys (ConfUtils.java:logGet(46)) - raft.server.retrycache.statistics.expirytime = 100μs (default)
2023-03-09 14:59:34,424 [pool-417-thread-1] INFO  server.RaftServerConfigKeys (ConfUtils.java:logGet(46)) - raft.server.log.appender.install.snapshot.enabled = false (custom)
2023-03-09 14:59:34,425 [pool-417-thread-1] INFO  server.RaftServerConfigKeys (ConfUtils.java:logGet(46)) - raft.server.threadpool.server.cached = true (default)
2023-03-09 14:59:34,425 [pool-417-thread-1] INFO  server.RaftServerConfigKeys (ConfUtils.java:logGet(46)) - raft.server.threadpool.server.size = 0 (default)
2023-03-09 14:59:34,425 [pool-417-thread-1] INFO  server.RaftServerConfigKeys (ConfUtils.java:logGet(46)) - raft.server.threadpool.client.cached = true (default)
2023-03-09 14:59:34,425 [pool-417-thread-1] INFO  server.RaftServerConfigKeys (ConfUtils.java:logGet(46)) - raft.server.threadpool.client.size = 0 (default)
2023-03-09 14:59:34,425 [94489f6d-fe79-40fc-acb2-36e6df399f83-impl-thread1] INFO  storage.RaftStorageDirectory (RaftStorageDirectoryImpl.java:analyzeStorage(137)) - The storage directory /home/runner/work/ozone/ozone/hadoop-ozone/integration-test/target/test-dir/MiniOzoneClusterImpl-0be2ff2d-c2a8-4ed5-ac17-c4684e36ac53/scmNode-1/scm-ha/0be2ff2d-c2a8-4ed5-ac17-c4684e36ac53 does not exist. Creating ...
2023-03-09 14:59:34,426 [94489f6d-fe79-40fc-acb2-36e6df399f83-impl-thread1] INFO  storage.RaftStorageDirectory (RaftStorageDirectoryImpl.java:tryLock(231)) - Lock on /home/runner/work/ozone/ozone/hadoop-ozone/integration-test/target/test-dir/MiniOzoneClusterImpl-0be2ff2d-c2a8-4ed5-ac17-c4684e36ac53/scmNode-1/scm-ha/0be2ff2d-c2a8-4ed5-ac17-c4684e36ac53/in_use.lock acquired by nodename 57158@fv-az377-502
2023-03-09 14:59:34,428 [94489f6d-fe79-40fc-acb2-36e6df399f83-impl-thread1] INFO  storage.RaftStorage (RaftStorageImpl.java:format(96)) - Storage directory /home/runner/work/ozone/ozone/hadoop-ozone/integration-test/target/test-dir/MiniOzoneClusterImpl-0be2ff2d-c2a8-4ed5-ac17-c4684e36ac53/scmNode-1/scm-ha/0be2ff2d-c2a8-4ed5-ac17-c4684e36ac53 has been successfully formatted.
2023-03-09 14:59:34,428 [94489f6d-fe79-40fc-acb2-36e6df399f83-impl-thread1] INFO  server.RaftServerConfigKeys (ConfUtils.java:logGet(46)) - raft.server.log.use.memory = false (default)
2023-03-09 14:59:34,428 [94489f6d-fe79-40fc-acb2-36e6df399f83-impl-thread1] INFO  server.RaftServerConfigKeys (ConfUtils.java:logGet(46)) - raft.server.log.purge.gap = 1000000 (custom)
2023-03-09 14:59:34,429 [94489f6d-fe79-40fc-acb2-36e6df399f83-impl-thread1] INFO  server.RaftServerConfigKeys (ConfUtils.java:logGet(46)) - raft.server.log.appender.buffer.byte-limit = 33554432 (custom)
2023-03-09 14:59:34,429 [94489f6d-fe79-40fc-acb2-36e6df399f83-impl-thread1] INFO  server.RaftServerConfigKeys (ConfUtils.java:logGet(46)) - raft.server.log.statemachine.data.read.timeout = 1000ms (default)
2023-03-09 14:59:34,429 [94489f6d-fe79-40fc-acb2-36e6df399f83-impl-thread1] INFO  server.RaftServerConfigKeys (ConfUtils.java:logGet(46)) - raft.server.log.purge.preservation.log.num = 0 (default)
2023-03-09 14:59:34,429 [94489f6d-fe79-40fc-acb2-36e6df399f83-impl-thread1] INFO  server.RaftServerConfigKeys (ConfUtils.java:logGet(46)) - raft.server.log.segment.size.max = 4194304 (custom)
2023-03-09 14:59:34,429 [94489f6d-fe79-40fc-acb2-36e6df399f83-impl-thread1] INFO  server.RaftServerConfigKeys (ConfUtils.java:logGet(46)) - raft.server.log.segment.cache.num.max = 2 (custom)
2023-03-09 14:59:34,429 [94489f6d-fe79-40fc-acb2-36e6df399f83-impl-thread1] INFO  server.RaftServerConfigKeys (ConfUtils.java:logGet(46)) - raft.server.log.segment.cache.size.max = 200MB (=209715200) (default)
2023-03-09 14:59:34,429 [94489f6d-fe79-40fc-acb2-36e6df399f83-impl-thread1] INFO  segmented.SegmentedRaftLogWorker (SegmentedRaftLogWorker.java:<init>(189)) - new 94489f6d-fe79-40fc-acb2-36e6df399f83@group-C4684E36AC53-SegmentedRaftLogWorker for RaftStorageImpl:Storage Directory /home/runner/work/ozone/ozone/hadoop-ozone/integration-test/target/test-dir/MiniOzoneClusterImpl-0be2ff2d-c2a8-4ed5-ac17-c4684e36ac53/scmNode-1/scm-ha/0be2ff2d-c2a8-4ed5-ac17-c4684e36ac53
2023-03-09 14:59:34,429 [94489f6d-fe79-40fc-acb2-36e6df399f83-impl-thread1] INFO  server.RaftServerConfigKeys (ConfUtils.java:logGet(46)) - raft.server.log.queue.byte-limit = 64MB (=67108864) (default)
2023-03-09 14:59:34,429 [94489f6d-fe79-40fc-acb2-36e6df399f83-impl-thread1] INFO  server.RaftServerConfigKeys (ConfUtils.java:logGet(46)) - raft.server.log.queue.element-limit = 4096 (default)
2023-03-09 14:59:34,429 [94489f6d-fe79-40fc-acb2-36e6df399f83-impl-thread1] INFO  server.RaftServerConfigKeys (ConfUtils.java:logGet(46)) - raft.server.log.segment.size.max = 4194304 (custom)
2023-03-09 14:59:34,429 [94489f6d-fe79-40fc-acb2-36e6df399f83-impl-thread1] INFO  server.RaftServerConfigKeys (ConfUtils.java:logGet(46)) - raft.server.log.preallocated.size = 4194304 (custom)
2023-03-09 14:59:34,430 [94489f6d-fe79-40fc-acb2-36e6df399f83-impl-thread1] INFO  server.RaftServerConfigKeys (ConfUtils.java:logGet(46)) - raft.server.log.force.sync.num = 128 (default)
2023-03-09 14:59:34,430 [94489f6d-fe79-40fc-acb2-36e6df399f83-impl-thread1] INFO  server.RaftServerConfigKeys (ConfUtils.java:logGet(46)) - raft.server.log.statemachine.data.sync = true (default)
2023-03-09 14:59:34,430 [94489f6d-fe79-40fc-acb2-36e6df399f83-impl-thread1] INFO  server.RaftServerConfigKeys (ConfUtils.java:logGet(46)) - raft.server.log.statemachine.data.sync.timeout = 10s (default)
2023-03-09 14:59:34,430 [94489f6d-fe79-40fc-acb2-36e6df399f83-impl-thread1] INFO  server.RaftServerConfigKeys (ConfUtils.java:logGet(46)) - raft.server.log.statemachine.data.sync.timeout.retry = -1 (default)
2023-03-09 14:59:34,430 [94489f6d-fe79-40fc-acb2-36e6df399f83-impl-thread1] INFO  server.RaftServerConfigKeys (ConfUtils.java:logGet(46)) - raft.server.log.write.buffer.size = 64KB (=65536) (default)
2023-03-09 14:59:34,430 [94489f6d-fe79-40fc-acb2-36e6df399f83-impl-thread1] INFO  server.RaftServerConfigKeys (ConfUtils.java:logGet(46)) - raft.server.log.appender.buffer.byte-limit = 33554432 (custom)
2023-03-09 14:59:34,436 [94489f6d-fe79-40fc-acb2-36e6df399f83-impl-thread1] INFO  server.RaftServerConfigKeys (ConfUtils.java:logGet(46)) - raft.server.log.unsafe-flush.enabled = false (default)
2023-03-09 14:59:34,436 [94489f6d-fe79-40fc-acb2-36e6df399f83-impl-thread1] INFO  server.RaftServerConfigKeys (ConfUtils.java:logGet(46)) - raft.server.log.async-flush.enabled = false (default)
2023-03-09 14:59:34,436 [94489f6d-fe79-40fc-acb2-36e6df399f83-impl-thread1] INFO  server.RaftServerConfigKeys (ConfUtils.java:logGet(46)) - raft.server.log.statemachine.data.caching.enabled = false (default)
2023-03-09 14:59:34,437 [94489f6d-fe79-40fc-acb2-36e6df399f83-impl-thread1] INFO  segmented.SegmentedRaftLogWorker (SegmentedRaftLogWorker.java:lambda$new$0(135)) - 94489f6d-fe79-40fc-acb2-36e6df399f83@group-C4684E36AC53-SegmentedRaftLogWorker: flushIndex: setUnconditionally 0 -> -1
2023-03-09 14:59:34,437 [94489f6d-fe79-40fc-acb2-36e6df399f83-impl-thread1] INFO  segmented.SegmentedRaftLogWorker (SegmentedRaftLogWorker.java:lambda$new$0(135)) - 94489f6d-fe79-40fc-acb2-36e6df399f83@group-C4684E36AC53-SegmentedRaftLogWorker: safeCacheEvictIndex: setUnconditionally 0 -> -1
2023-03-09 14:59:34,437 [94489f6d-fe79-40fc-acb2-36e6df399f83-impl-thread1] INFO  server.RaftServer$Division (RaftServerImpl.java:start(334)) - 94489f6d-fe79-40fc-acb2-36e6df399f83@group-C4684E36AC53: start as a follower, conf=-1: peers:[94489f6d-fe79-40fc-acb2-36e6df399f83|rpc:localhost:38335|priority:0|startupRole:FOLLOWER]|listeners:[], old=null
2023-03-09 14:59:34,437 [94489f6d-fe79-40fc-acb2-36e6df399f83-impl-thread1] INFO  server.RaftServer$Division (RaftServerImpl.java:setRole(321)) - 94489f6d-fe79-40fc-acb2-36e6df399f83@group-C4684E36AC53: changes role from      null to FOLLOWER at term 0 for startAsFollower
2023-03-09 14:59:34,437 [94489f6d-fe79-40fc-acb2-36e6df399f83-impl-thread1] INFO  impl.RoleInfo (RoleInfo.java:updateAndGet(139)) - 94489f6d-fe79-40fc-acb2-36e6df399f83: start 94489f6d-fe79-40fc-acb2-36e6df399f83@group-C4684E36AC53-FollowerState
2023-03-09 14:59:34,438 [94489f6d-fe79-40fc-acb2-36e6df399f83-impl-thread1] INFO  util.JmxRegister (JmxRegister.java:tryRegister(44)) - Successfully registered JMX Bean with object name Ratis:service=RaftServer,group=group-C4684E36AC53,id=94489f6d-fe79-40fc-acb2-36e6df399f83
2023-03-09 14:59:34,438 [94489f6d-fe79-40fc-acb2-36e6df399f83-impl-thread1] INFO  server.RaftServerConfigKeys (ConfUtils.java:logGet(46)) - raft.server.snapshot.auto.trigger.enabled = true (custom)
2023-03-09 14:59:34,438 [94489f6d-fe79-40fc-acb2-36e6df399f83-impl-thread1] INFO  server.RaftServerConfigKeys (ConfUtils.java:logGet(46)) - raft.server.snapshot.auto.trigger.threshold = 1000 (custom)
2023-03-09 14:59:34,438 [94489f6d-fe79-40fc-acb2-36e6df399f83-impl-thread1] INFO  server.RaftServerConfigKeys (ConfUtils.java:logGet(46)) - raft.server.snapshot.retention.file.num = -1 (default)
2023-03-09 14:59:34,438 [94489f6d-fe79-40fc-acb2-36e6df399f83-impl-thread1] INFO  server.RaftServerConfigKeys (ConfUtils.java:logGet(46)) - raft.server.log.purge.upto.snapshot.index = false (default)
2023-03-09 14:59:34,439 [94489f6d-fe79-40fc-acb2-36e6df399f83@group-C4684E36AC53-FollowerState] INFO  server.RaftServerConfigKeys (ConfUtils.java:logFallback(53)) - raft.server.rpc.first-election.timeout.min = 5000ms (fallback to raft.server.rpc.timeout.min)
2023-03-09 14:59:34,439 [94489f6d-fe79-40fc-acb2-36e6df399f83@group-C4684E36AC53-FollowerState] INFO  server.RaftServerConfigKeys (ConfUtils.java:logFallback(53)) - raft.server.rpc.first-election.timeout.max = 5200ms (fallback to raft.server.rpc.timeout.max)
2023-03-09 14:59:34,442 [Listener at 127.0.0.1/35653] INFO  server.RaftServer (RaftServerProxy.java:startImpl(393)) - 94489f6d-fe79-40fc-acb2-36e6df399f83: start RPC server
2023-03-09 14:59:34,444 [Listener at 127.0.0.1/35653] INFO  server.GrpcService (GrpcService.java:startImpl(262)) - 94489f6d-fe79-40fc-acb2-36e6df399f83: GrpcService started, listening on 38335
2023-03-09 14:59:34,446 [JvmPauseMonitor15] INFO  util.JvmPauseMonitor (JvmPauseMonitor.java:run(105)) - JvmPauseMonitor-94489f6d-fe79-40fc-acb2-36e6df399f83: Started
2023-03-09 14:59:35,224 [EndpointStateMachine task thread for /127.0.0.1:40177 - 0 ] INFO  ipc.Client (Client.java:handleConnectionFailure(1010)) - Retrying connect to server: localhost/127.0.0.1:40177. Already tried 5 time(s); retry policy is RetryUpToMaximumCountWithFixedSleep(maxRetries=15, sleepTime=1000 MILLISECONDS)
2023-03-09 14:59:36,225 [EndpointStateMachine task thread for /127.0.0.1:40177 - 0 ] INFO  ipc.Client (Client.java:handleConnectionFailure(1010)) - Retrying connect to server: localhost/127.0.0.1:40177. Already tried 6 time(s); retry policy is RetryUpToMaximumCountWithFixedSleep(maxRetries=15, sleepTime=1000 MILLISECONDS)
2023-03-09 14:59:37,226 [EndpointStateMachine task thread for /127.0.0.1:40177 - 0 ] INFO  ipc.Client (Client.java:handleConnectionFailure(1010)) - Retrying connect to server: localhost/127.0.0.1:40177. Already tried 7 time(s); retry policy is RetryUpToMaximumCountWithFixedSleep(maxRetries=15, sleepTime=1000 MILLISECONDS)
2023-03-09 14:59:38,227 [EndpointStateMachine task thread for /127.0.0.1:40177 - 0 ] INFO  ipc.Client (Client.java:handleConnectionFailure(1010)) - Retrying connect to server: localhost/127.0.0.1:40177. Already tried 8 time(s); retry policy is RetryUpToMaximumCountWithFixedSleep(maxRetries=15, sleepTime=1000 MILLISECONDS)
2023-03-09 14:59:39,228 [EndpointStateMachine task thread for /127.0.0.1:40177 - 0 ] INFO  ipc.Client (Client.java:handleConnectionFailure(1010)) - Retrying connect to server: localhost/127.0.0.1:40177. Already tried 9 time(s); retry policy is RetryUpToMaximumCountWithFixedSleep(maxRetries=15, sleepTime=1000 MILLISECONDS)
2023-03-09 14:59:39,554 [94489f6d-fe79-40fc-acb2-36e6df399f83@group-C4684E36AC53-FollowerState] INFO  impl.FollowerState (FollowerState.java:run(143)) - 94489f6d-fe79-40fc-acb2-36e6df399f83@group-C4684E36AC53-FollowerState: change to CANDIDATE, lastRpcElapsedTime:5117067741ns, electionTimeout:5115ms
2023-03-09 14:59:39,554 [94489f6d-fe79-40fc-acb2-36e6df399f83@group-C4684E36AC53-FollowerState] INFO  impl.RoleInfo (RoleInfo.java:shutdownFollowerState(110)) - 94489f6d-fe79-40fc-acb2-36e6df399f83: shutdown 94489f6d-fe79-40fc-acb2-36e6df399f83@group-C4684E36AC53-FollowerState
2023-03-09 14:59:39,555 [94489f6d-fe79-40fc-acb2-36e6df399f83@group-C4684E36AC53-FollowerState] INFO  server.RaftServer$Division (RaftServerImpl.java:setRole(321)) - 94489f6d-fe79-40fc-acb2-36e6df399f83@group-C4684E36AC53: changes role from  FOLLOWER to CANDIDATE at term 0 for changeToCandidate
2023-03-09 14:59:39,555 [94489f6d-fe79-40fc-acb2-36e6df399f83@group-C4684E36AC53-FollowerState] INFO  server.RaftServerConfigKeys (ConfUtils.java:logGet(46)) - raft.server.leaderelection.pre-vote = true (default)
2023-03-09 14:59:39,555 [94489f6d-fe79-40fc-acb2-36e6df399f83@group-C4684E36AC53-FollowerState] INFO  impl.RoleInfo (RoleInfo.java:updateAndGet(139)) - 94489f6d-fe79-40fc-acb2-36e6df399f83: start 94489f6d-fe79-40fc-acb2-36e6df399f83@group-C4684E36AC53-LeaderElection23
2023-03-09 14:59:39,556 [94489f6d-fe79-40fc-acb2-36e6df399f83@group-C4684E36AC53-LeaderElection23] INFO  impl.LeaderElection (LeaderElection.java:askForVotes(312)) - 94489f6d-fe79-40fc-acb2-36e6df399f83@group-C4684E36AC53-LeaderElection23 PRE_VOTE round 0: submit vote requests at term 0 for -1: peers:[94489f6d-fe79-40fc-acb2-36e6df399f83|rpc:localhost:38335|priority:0|startupRole:FOLLOWER]|listeners:[], old=null
2023-03-09 14:59:39,556 [94489f6d-fe79-40fc-acb2-36e6df399f83@group-C4684E36AC53-LeaderElection23] INFO  impl.LeaderElection (LeaderElection.java:askForVotes(314)) - 94489f6d-fe79-40fc-acb2-36e6df399f83@group-C4684E36AC53-LeaderElection23 PRE_VOTE round 0: result PASSED (term=0)
2023-03-09 14:59:39,558 [94489f6d-fe79-40fc-acb2-36e6df399f83@group-C4684E36AC53-LeaderElection23] INFO  impl.LeaderElection (LeaderElection.java:askForVotes(312)) - 94489f6d-fe79-40fc-acb2-36e6df399f83@group-C4684E36AC53-LeaderElection23 ELECTION round 0: submit vote requests at term 1 for -1: peers:[94489f6d-fe79-40fc-acb2-36e6df399f83|rpc:localhost:38335|priority:0|startupRole:FOLLOWER]|listeners:[], old=null
2023-03-09 14:59:39,558 [94489f6d-fe79-40fc-acb2-36e6df399f83@group-C4684E36AC53-LeaderElection23] INFO  impl.LeaderElection (LeaderElection.java:askForVotes(314)) - 94489f6d-fe79-40fc-acb2-36e6df399f83@group-C4684E36AC53-LeaderElection23 ELECTION round 0: result PASSED (term=1)
2023-03-09 14:59:39,558 [94489f6d-fe79-40fc-acb2-36e6df399f83@group-C4684E36AC53-LeaderElection23] INFO  impl.RoleInfo (RoleInfo.java:shutdownLeaderElection(130)) - 94489f6d-fe79-40fc-acb2-36e6df399f83: shutdown 94489f6d-fe79-40fc-acb2-36e6df399f83@group-C4684E36AC53-LeaderElection23
2023-03-09 14:59:39,558 [94489f6d-fe79-40fc-acb2-36e6df399f83@group-C4684E36AC53-LeaderElection23] INFO  server.RaftServer$Division (RaftServerImpl.java:setRole(321)) - 94489f6d-fe79-40fc-acb2-36e6df399f83@group-C4684E36AC53: changes role from CANDIDATE to LEADER at term 1 for changeToLeader
2023-03-09 14:59:39,558 [94489f6d-fe79-40fc-acb2-36e6df399f83@group-C4684E36AC53-LeaderElection23] INFO  server.RaftServer$Division (ServerState.java:setLeader(313)) - 94489f6d-fe79-40fc-acb2-36e6df399f83@group-C4684E36AC53: change Leader from null to 94489f6d-fe79-40fc-acb2-36e6df399f83 at term 1 for becomeLeader, leader elected after 5134ms
2023-03-09 14:59:39,558 [94489f6d-fe79-40fc-acb2-36e6df399f83@group-C4684E36AC53-LeaderElection23] INFO  server.RaftServerConfigKeys (ConfUtils.java:logGet(46)) - raft.server.staging.catchup.gap = 1000 (default)
2023-03-09 14:59:39,558 [94489f6d-fe79-40fc-acb2-36e6df399f83@group-C4684E36AC53-LeaderElection23] INFO  server.RaftServerConfigKeys (ConfUtils.java:logGet(46)) - raft.server.write.element-limit = 4096 (default)
2023-03-09 14:59:39,559 [94489f6d-fe79-40fc-acb2-36e6df399f83@group-C4684E36AC53-LeaderElection23] INFO  server.RaftServerConfigKeys (ConfUtils.java:logGet(46)) - raft.server.write.byte-limit = 64MB (=67108864) (default)
2023-03-09 14:59:39,559 [94489f6d-fe79-40fc-acb2-36e6df399f83@group-C4684E36AC53-LeaderElection23] INFO  server.RaftServerConfigKeys (ConfUtils.java:logGet(46)) - raft.server.watch.timeout = 10s (default)
2023-03-09 14:59:39,559 [94489f6d-fe79-40fc-acb2-36e6df399f83@group-C4684E36AC53-LeaderElection23] INFO  server.RaftServerConfigKeys (ConfUtils.java:logGet(46)) - raft.server.watch.timeout.denomination = 1s (default)
2023-03-09 14:59:39,559 [94489f6d-fe79-40fc-acb2-36e6df399f83@group-C4684E36AC53-LeaderElection23] INFO  server.RaftServerConfigKeys (ConfUtils.java:logGet(46)) - raft.server.watch.element-limit = 65536 (default)
2023-03-09 14:59:39,559 [94489f6d-fe79-40fc-acb2-36e6df399f83@group-C4684E36AC53-LeaderElection23] INFO  server.RaftServerConfigKeys (ConfUtils.java:logGet(46)) - raft.server.write.element-limit = 4096 (default)
2023-03-09 14:59:39,559 [94489f6d-fe79-40fc-acb2-36e6df399f83@group-C4684E36AC53-LeaderElection23] INFO  server.RaftServerConfigKeys (ConfUtils.java:logGet(46)) - raft.server.write.follower.gap.ratio.max = -1.0 (default)
2023-03-09 14:59:39,559 [94489f6d-fe79-40fc-acb2-36e6df399f83@group-C4684E36AC53-LeaderElection23] INFO  impl.RoleInfo (RoleInfo.java:updateAndGet(139)) - 94489f6d-fe79-40fc-acb2-36e6df399f83: start 94489f6d-fe79-40fc-acb2-36e6df399f83@group-C4684E36AC53-LeaderStateImpl
2023-03-09 14:59:39,561 [94489f6d-fe79-40fc-acb2-36e6df399f83@group-C4684E36AC53-LeaderElection23] INFO  segmented.SegmentedRaftLogWorker (SegmentedRaftLogWorker.java:startLogSegment(452)) - 94489f6d-fe79-40fc-acb2-36e6df399f83@group-C4684E36AC53-SegmentedRaftLogWorker: Starting segment from index:0
2023-03-09 14:59:39,566 [94489f6d-fe79-40fc-acb2-36e6df399f83@group-C4684E36AC53-LeaderElection23] INFO  server.RaftServer$Division (ServerState.java:setRaftConf(430)) - 94489f6d-fe79-40fc-acb2-36e6df399f83@group-C4684E36AC53: set configuration 0: peers:[94489f6d-fe79-40fc-acb2-36e6df399f83|rpc:localhost:38335|admin:|client:|dataStream:|priority:0|startupRole:FOLLOWER]|listeners:[], old=null
2023-03-09 14:59:39,574 [94489f6d-fe79-40fc-acb2-36e6df399f83@group-C4684E36AC53-SegmentedRaftLogWorker] INFO  segmented.SegmentedRaftLogWorker (SegmentedRaftLogWorker.java:execute(656)) - 94489f6d-fe79-40fc-acb2-36e6df399f83@group-C4684E36AC53-SegmentedRaftLogWorker: created new log segment /home/runner/work/ozone/ozone/hadoop-ozone/integration-test/target/test-dir/MiniOzoneClusterImpl-0be2ff2d-c2a8-4ed5-ac17-c4684e36ac53/scmNode-1/scm-ha/0be2ff2d-c2a8-4ed5-ac17-c4684e36ac53/current/log_inprogress_0
2023-03-09 14:59:40,229 [EndpointStateMachine task thread for /127.0.0.1:40177 - 0 ] INFO  ipc.Client (Client.java:handleConnectionFailure(1010)) - Retrying connect to server: localhost/127.0.0.1:40177. Already tried 10 time(s); retry policy is RetryUpToMaximumCountWithFixedSleep(maxRetries=15, sleepTime=1000 MILLISECONDS)
2023-03-09 14:59:40,446 [Listener at 127.0.0.1/35653] INFO  server.RaftServer (RaftServerProxy.java:lambda$close$6(409)) - 94489f6d-fe79-40fc-acb2-36e6df399f83: close
2023-03-09 14:59:40,447 [Listener at 127.0.0.1/35653] INFO  server.GrpcService (GrpcService.java:closeImpl(271)) - 94489f6d-fe79-40fc-acb2-36e6df399f83: shutdown server GrpcServerProtocolService now
2023-03-09 14:59:40,448 [Listener at 127.0.0.1/35653] INFO  server.GrpcService (GrpcService.java:closeImpl(280)) - 94489f6d-fe79-40fc-acb2-36e6df399f83: shutdown server GrpcServerProtocolService successfully
2023-03-09 14:59:40,447 [94489f6d-fe79-40fc-acb2-36e6df399f83-impl-thread1] INFO  server.RaftServer$Division (RaftServerImpl.java:lambda$close$4(458)) - 94489f6d-fe79-40fc-acb2-36e6df399f83@group-C4684E36AC53: shutdown
2023-03-09 14:59:40,449 [94489f6d-fe79-40fc-acb2-36e6df399f83-impl-thread1] INFO  util.JmxRegister (JmxRegister.java:unregister(73)) - Successfully un-registered JMX Bean with object name Ratis:service=RaftServer,group=group-C4684E36AC53,id=94489f6d-fe79-40fc-acb2-36e6df399f83
2023-03-09 14:59:40,449 [94489f6d-fe79-40fc-acb2-36e6df399f83-impl-thread1] INFO  impl.RoleInfo (RoleInfo.java:shutdownLeaderState(93)) - 94489f6d-fe79-40fc-acb2-36e6df399f83: shutdown 94489f6d-fe79-40fc-acb2-36e6df399f83@group-C4684E36AC53-LeaderStateImpl
2023-03-09 14:59:40,449 [94489f6d-fe79-40fc-acb2-36e6df399f83-impl-thread1] INFO  impl.PendingRequests (PendingRequests.java:sendNotLeaderResponses(282)) - 94489f6d-fe79-40fc-acb2-36e6df399f83@group-C4684E36AC53-PendingRequests: sendNotLeaderResponses
2023-03-09 14:59:40,449 [94489f6d-fe79-40fc-acb2-36e6df399f83-impl-thread1] INFO  impl.StateMachineUpdater (StateMachineUpdater.java:stopAndJoin(153)) - 94489f6d-fe79-40fc-acb2-36e6df399f83@group-C4684E36AC53-StateMachineUpdater: set stopIndex = 0
2023-03-09 14:59:40,450 [94489f6d-fe79-40fc-acb2-36e6df399f83@group-C4684E36AC53-StateMachineUpdater] INFO  impl.StateMachineUpdater (StateMachineUpdater.java:takeSnapshot(287)) - 94489f6d-fe79-40fc-acb2-36e6df399f83@group-C4684E36AC53-StateMachineUpdater: Took a snapshot at index 0
2023-03-09 14:59:40,450 [94489f6d-fe79-40fc-acb2-36e6df399f83@group-C4684E36AC53-StateMachineUpdater] INFO  impl.StateMachineUpdater (StateMachineUpdater.java:lambda$new$0(92)) - 94489f6d-fe79-40fc-acb2-36e6df399f83@group-C4684E36AC53-StateMachineUpdater: snapshotIndex: updateIncreasingly -1 -> 0
2023-03-09 14:59:40,450 [94489f6d-fe79-40fc-acb2-36e6df399f83-impl-thread1] INFO  server.RaftServer$Division (ServerState.java:close(466)) - 94489f6d-fe79-40fc-acb2-36e6df399f83@group-C4684E36AC53: closes. applyIndex: 0
2023-03-09 14:59:40,450 [94489f6d-fe79-40fc-acb2-36e6df399f83@group-C4684E36AC53-SegmentedRaftLogWorker] INFO  segmented.SegmentedRaftLogWorker (SegmentedRaftLogWorker.java:run(347)) - 94489f6d-fe79-40fc-acb2-36e6df399f83@group-C4684E36AC53-SegmentedRaftLogWorker was interrupted, exiting. There are 0 tasks remaining in the queue.
2023-03-09 14:59:40,452 [94489f6d-fe79-40fc-acb2-36e6df399f83-impl-thread1] INFO  segmented.SegmentedRaftLogWorker (SegmentedRaftLogWorker.java:close(257)) - 94489f6d-fe79-40fc-acb2-36e6df399f83@group-C4684E36AC53-SegmentedRaftLogWorker close()
2023-03-09 14:59:40,453 [JvmPauseMonitor15] INFO  util.JvmPauseMonitor (JvmPauseMonitor.java:run(111)) - JvmPauseMonitor-94489f6d-fe79-40fc-acb2-36e6df399f83: Stopped
2023-03-09 14:59:40,453 [Listener at 127.0.0.1/35653] WARN  server.ServerUtils (ServerUtils.java:getScmDbDir(148)) - ozone.scm.db.dirs is not configured. We recommend adding this setting. Falling back to ozone.metadata.dirs instead.
2023-03-09 14:59:40,455 [Listener at 127.0.0.1/35653] INFO  server.StorageContainerManager (StorageContainerManager.java:scmInit(1244)) - SCM initialization succeeded. Current cluster id for sd=/home/runner/work/ozone/ozone/hadoop-ozone/integration-test/target/test-dir/MiniOzoneClusterImpl-0be2ff2d-c2a8-4ed5-ac17-c4684e36ac53/scmNode-1/scm; cid=0be2ff2d-c2a8-4ed5-ac17-c4684e36ac53; layoutVersion=4; scmId=94489f6d-fe79-40fc-acb2-36e6df399f83
2023-03-09 14:59:40,455 [Listener at 127.0.0.1/35653] WARN  server.ServerUtils (ServerUtils.java:getScmDbDir(148)) - ozone.scm.db.dirs is not configured. We recommend adding this setting. Falling back to ozone.metadata.dirs instead.
2023-03-09 14:59:40,455 [Listener at 127.0.0.1/35653] INFO  ha.SCMHANodeDetails (SCMHANodeDetails.java:loadSCMHAConfig(209)) - ServiceID for StorageContainerManager is scmServiceId
2023-03-09 14:59:40,455 [Listener at 127.0.0.1/35653] INFO  ha.SCMHANodeDetails (SCMHANodeDetails.java:loadSCMHAConfig(220)) - ServiceID for StorageContainerManager is scmServiceId
2023-03-09 14:59:40,456 [Listener at 127.0.0.1/35653] INFO  ha.SCMHANodeDetails (SCMHANodeDetails.java:loadSCMHAConfig(307)) - Found matching SCM address with SCMServiceId: scmServiceId, SCMNodeId: scmNode-1, RPC Address: localhost:38335 and Ratis port: 38335
2023-03-09 14:59:40,456 [Listener at 127.0.0.1/35653] INFO  ha.SCMHANodeDetails (ConfUtils.java:setNodeSpecificConfigs(97)) - Setting configuration key ozone.scm.datanode.address with value of key ozone.scm.datanode.address.scmServiceId.scmNode-1: 127.0.0.1:36681
2023-03-09 14:59:40,456 [Listener at 127.0.0.1/35653] INFO  ha.SCMHANodeDetails (ConfUtils.java:setNodeSpecificConfigs(97)) - Setting configuration key ozone.scm.block.client.address with value of key ozone.scm.block.client.address.scmServiceId.scmNode-1: 127.0.0.1:38735
2023-03-09 14:59:40,456 [Listener at 127.0.0.1/35653] INFO  ha.SCMHANodeDetails (ConfUtils.java:setNodeSpecificConfigs(97)) - Setting configuration key ozone.scm.client.address with value of key ozone.scm.client.address.scmServiceId.scmNode-1: 127.0.0.1:43819
2023-03-09 14:59:40,456 [Listener at 127.0.0.1/35653] INFO  ha.SCMHANodeDetails (ConfUtils.java:setNodeSpecificConfigs(97)) - Setting configuration key ozone.scm.ratis.port with value of key ozone.scm.ratis.port.scmServiceId.scmNode-1: 38335
2023-03-09 14:59:40,456 [Listener at 127.0.0.1/35653] INFO  ha.SCMHANodeDetails (ConfUtils.java:setNodeSpecificConfigs(97)) - Setting configuration key ozone.scm.grpc.port with value of key ozone.scm.grpc.port.scmServiceId.scmNode-1: 40579
2023-03-09 14:59:40,457 [Listener at 127.0.0.1/35653] INFO  ha.SCMHANodeDetails (ConfUtils.java:setNodeSpecificConfigs(97)) - Setting configuration key ozone.scm.http-address with value of key ozone.scm.http-address.scmServiceId.scmNode-1: 127.0.0.1:39797
2023-03-09 14:59:40,457 [Listener at 127.0.0.1/35653] INFO  ha.SCMHANodeDetails (ConfUtils.java:setNodeSpecificConfigs(97)) - Setting configuration key ozone.scm.https-address with value of key ozone.scm.https-address.scmServiceId.scmNode-1: 127.0.0.1:46581
2023-03-09 14:59:40,457 [Listener at 127.0.0.1/35653] INFO  ha.SCMHANodeDetails (ConfUtils.java:setNodeSpecificConfigs(97)) - Setting configuration key ozone.scm.address with value of key ozone.scm.address.scmServiceId.scmNode-1: 127.0.0.1
2023-03-09 14:59:40,457 [Listener at 127.0.0.1/35653] WARN  scm.ScmUtils (ScmUtils.java:logWarn(190)) - ConfigKey ozone.scm.block.client.address is deprecated, For configuring different ports for each SCM use PortConfigKey ozone.scm.block.client.port appended with serviceId and nodeId. If want to configure same port configure ozone.scm.block.client.port
2023-03-09 14:59:40,457 [Listener at 127.0.0.1/35653] WARN  scm.ScmUtils (ScmUtils.java:logWarn(190)) - ConfigKey ozone.scm.client.address is deprecated, For configuring different ports for each SCM use PortConfigKey ozone.scm.client.port appended with serviceId and nodeId. If want to configure same port configure ozone.scm.client.port
2023-03-09 14:59:40,457 [Listener at 127.0.0.1/35653] WARN  scm.ScmUtils (ScmUtils.java:logWarn(190)) - ConfigKey ozone.scm.datanode.address is deprecated, For configuring different ports for each SCM use PortConfigKey ozone.scm.datanode.port appended with serviceId and nodeId. If want to configure same port configure ozone.scm.datanode.port
2023-03-09 14:59:40,458 [Listener at 127.0.0.1/35653] WARN  utils.HAUtils (HAUtils.java:getMetaDir(342)) - ozone.scm.db.dirs is not configured. We recommend adding this setting. Falling back to ozone.metadata.dirs instead.
2023-03-09 14:59:40,458 [Listener at 127.0.0.1/35653] WARN  db.DBStoreBuilder (DBStoreBuilder.java:applyDBDefinition(172)) - ozone.scm.db.dirs is not configured. We recommend adding this setting. Falling back to ozone.metadata.dirs instead.
2023-03-09 14:59:40,591 [Listener at 127.0.0.1/35653] INFO  net.NodeSchemaLoader (NodeSchemaLoader.java:loadSchemaFromFile(129)) - Loading schema from [jar:file:/home/runner/.m2/repository/org/apache/ozone/hdds-common/1.4.0-SNAPSHOT/hdds-common-1.4.0-SNAPSHOT.jar!/network-topology-default.xml]
2023-03-09 14:59:40,592 [Listener at 127.0.0.1/35653] INFO  net.NodeSchemaLoader (NodeSchemaLoader.java:loadSchema(176)) - Loading network topology layer schema file
2023-03-09 14:59:40,596 [Listener at 127.0.0.1/35653] INFO  ha.SCMRatisServerImpl (SCMRatisServerImpl.java:<init>(87)) - starting Raft server for scm:94489f6d-fe79-40fc-acb2-36e6df399f83
2023-03-09 14:59:40,596 [Listener at 127.0.0.1/35653] INFO  server.RaftServer (ConfUtils.java:logGet(46)) - raft.rpc.type = GRPC (default)
2023-03-09 14:59:40,597 [Listener at 127.0.0.1/35653] INFO  grpc.GrpcConfigKeys (ConfUtils.java:logFallback(53)) - raft.grpc.admin.host = null (fallback to raft.grpc.server.host)
2023-03-09 14:59:40,597 [Listener at 127.0.0.1/35653] INFO  grpc.GrpcConfigKeys (ConfUtils.java:logFallback(53)) - raft.grpc.admin.port = 38335 (fallback to raft.grpc.server.port)
2023-03-09 14:59:40,597 [Listener at 127.0.0.1/35653] INFO  grpc.GrpcConfigKeys (ConfUtils.java:logFallback(53)) - raft.grpc.client.host = null (fallback to raft.grpc.server.host)
2023-03-09 14:59:40,597 [Listener at 127.0.0.1/35653] INFO  grpc.GrpcConfigKeys (ConfUtils.java:logFallback(53)) - raft.grpc.client.port = 38335 (fallback to raft.grpc.server.port)
2023-03-09 14:59:40,597 [Listener at 127.0.0.1/35653] INFO  grpc.GrpcConfigKeys (ConfUtils.java:logGet(46)) - raft.grpc.server.host = null (default)
2023-03-09 14:59:40,597 [Listener at 127.0.0.1/35653] INFO  grpc.GrpcConfigKeys (ConfUtils.java:logGet(46)) - raft.grpc.server.port = 38335 (custom)
2023-03-09 14:59:40,598 [Listener at 127.0.0.1/35653] INFO  server.GrpcService (ConfUtils.java:logGet(46)) - raft.grpc.message.size.max = 32m (=33554432) (custom)
2023-03-09 14:59:40,598 [Listener at 127.0.0.1/35653] INFO  server.RaftServerConfigKeys (ConfUtils.java:logGet(46)) - raft.server.log.appender.buffer.byte-limit = 33554432 (custom)
2023-03-09 14:59:40,598 [Listener at 127.0.0.1/35653] INFO  server.GrpcService (ConfUtils.java:logGet(46)) - raft.grpc.flow.control.window = 1MB (=1048576) (default)
2023-03-09 14:59:40,598 [Listener at 127.0.0.1/35653] INFO  server.RaftServerConfigKeys (ConfUtils.java:logGet(46)) - raft.server.rpc.request.timeout = 30000ms (custom)
2023-03-09 14:59:40,598 [Listener at 127.0.0.1/35653] INFO  grpc.GrpcConfigKeys (ConfUtils.java:logGet(46)) - raft.grpc.server.heartbeat.channel = true (default)
2023-03-09 14:59:40,599 [Listener at 127.0.0.1/35653] INFO  grpc.GrpcConfigKeys (ConfUtils.java:logGet(46)) - raft.grpc.server.async.request.thread.pool.cached = true (default)
2023-03-09 14:59:40,599 [Listener at 127.0.0.1/35653] INFO  grpc.GrpcConfigKeys (ConfUtils.java:logGet(46)) - raft.grpc.server.async.request.thread.pool.size = 32 (default)
2023-03-09 14:59:40,600 [Listener at 127.0.0.1/35653] INFO  impl.DataStreamServerImpl (ConfUtils.java:logGet(46)) - raft.datastream.type = DISABLED (default)
2023-03-09 14:59:40,600 [Listener at 127.0.0.1/35653] INFO  server.RaftServerConfigKeys (ConfUtils.java:logGet(46)) - raft.server.threadpool.proxy.cached = true (default)
2023-03-09 14:59:40,600 [Listener at 127.0.0.1/35653] INFO  server.RaftServerConfigKeys (ConfUtils.java:logGet(46)) - raft.server.threadpool.proxy.size = 0 (default)
2023-03-09 14:59:40,601 [Listener at 127.0.0.1/35653] INFO  server.RaftServerConfigKeys (ConfUtils.java:logGet(46)) - raft.server.rpc.slowness.timeout = 120000ms (custom)
2023-03-09 14:59:40,601 [Listener at 127.0.0.1/35653] INFO  server.RaftServerConfigKeys (ConfUtils.java:logGet(46)) - raft.server.leaderelection.leader.step-down.wait-time = 10s (default)
2023-03-09 14:59:40,601 [Listener at 127.0.0.1/35653] INFO  server.RaftServerConfigKeys (ConfUtils.java:logGet(46)) - raft.server.storage.dir = [/home/runner/work/ozone/ozone/hadoop-ozone/integration-test/target/test-dir/MiniOzoneClusterImpl-0be2ff2d-c2a8-4ed5-ac17-c4684e36ac53/scmNode-1/scm-ha] (custom)
2023-03-09 14:59:40,602 [94489f6d-fe79-40fc-acb2-36e6df399f83-impl-thread1] INFO  server.RaftServer (RaftServerProxy.java:initGroupDir(251)) - 94489f6d-fe79-40fc-acb2-36e6df399f83: found a subdirectory /home/runner/work/ozone/ozone/hadoop-ozone/integration-test/target/test-dir/MiniOzoneClusterImpl-0be2ff2d-c2a8-4ed5-ac17-c4684e36ac53/scmNode-1/scm-ha/0be2ff2d-c2a8-4ed5-ac17-c4684e36ac53
2023-03-09 14:59:40,603 [Listener at 127.0.0.1/35653] INFO  server.RaftServer (RaftServerProxy.java:addNew(96)) - 94489f6d-fe79-40fc-acb2-36e6df399f83: addNew group-C4684E36AC53:[] returns group-C4684E36AC53:java.util.concurrent.CompletableFuture@21d79ba3[Not completed]
2023-03-09 14:59:40,603 [pool-432-thread-1] INFO  server.RaftServer$Division (RaftServerImpl.java:<init>(195)) - 94489f6d-fe79-40fc-acb2-36e6df399f83: new RaftServerImpl for group-C4684E36AC53:[] with SCMStateMachine:uninitialized
2023-03-09 14:59:40,604 [pool-432-thread-1] INFO  server.RaftServerConfigKeys (ConfUtils.java:logGet(46)) - raft.server.rpc.timeout.min = 5000ms (custom)
2023-03-09 14:59:40,604 [pool-432-thread-1] INFO  server.RaftServerConfigKeys (ConfUtils.java:logGet(46)) - raft.server.rpc.timeout.max = 5200ms (custom)
2023-03-09 14:59:40,604 [pool-432-thread-1] INFO  server.RaftServerConfigKeys (ConfUtils.java:logGet(46)) - raft.server.rpc.sleep.time = 25ms (default)
2023-03-09 14:59:40,604 [pool-432-thread-1] INFO  server.RaftServerConfigKeys (ConfUtils.java:logGet(46)) - raft.server.rpc.slowness.timeout = 120000ms (custom)
2023-03-09 14:59:40,604 [pool-432-thread-1] INFO  server.RaftServerConfigKeys (ConfUtils.java:logGet(46)) - raft.server.leaderelection.leader.step-down.wait-time = 10s (default)
2023-03-09 14:59:40,604 [pool-432-thread-1] INFO  server.RaftServerConfigKeys (ConfUtils.java:logGet(46)) - raft.server.sleep.deviation.threshold = 300ms (default)
2023-03-09 14:59:40,604 [pool-432-thread-1] INFO  server.RaftServer$Division (ServerState.java:<init>(118)) - 94489f6d-fe79-40fc-acb2-36e6df399f83@group-C4684E36AC53: ConfigurationManager, init=-1: peers:[]|listeners:[], old=null, confs=<EMPTY_MAP>
2023-03-09 14:59:40,605 [pool-432-thread-1] INFO  server.RaftServerConfigKeys (ConfUtils.java:logGet(46)) - raft.server.storage.dir = [/home/runner/work/ozone/ozone/hadoop-ozone/integration-test/target/test-dir/MiniOzoneClusterImpl-0be2ff2d-c2a8-4ed5-ac17-c4684e36ac53/scmNode-1/scm-ha] (custom)
2023-03-09 14:59:40,605 [pool-432-thread-1] INFO  server.RaftServerConfigKeys (ConfUtils.java:logGet(46)) - raft.server.log.corruption.policy = EXCEPTION (default)
2023-03-09 14:59:40,605 [pool-432-thread-1] INFO  server.RaftServerConfigKeys (ConfUtils.java:logGet(46)) - raft.server.storage.free-space.min = 0MB (=0) (default)
2023-03-09 14:59:40,605 [pool-432-thread-1] INFO  server.RaftServerConfigKeys (ConfUtils.java:logGet(46)) - raft.server.notification.no-leader.timeout = 60s (default)
2023-03-09 14:59:40,605 [pool-432-thread-1] INFO  server.RaftServerConfigKeys (ConfUtils.java:logGet(46)) - raft.server.retrycache.expirytime = 60000ms (default)
2023-03-09 14:59:40,605 [pool-432-thread-1] INFO  server.RaftServerConfigKeys (ConfUtils.java:logGet(46)) - raft.server.retrycache.statistics.expirytime = 100μs (default)
2023-03-09 14:59:40,605 [pool-432-thread-1] INFO  server.RaftServerConfigKeys (ConfUtils.java:logGet(46)) - raft.server.log.appender.install.snapshot.enabled = false (custom)
2023-03-09 14:59:40,605 [pool-432-thread-1] INFO  server.RaftServerConfigKeys (ConfUtils.java:logGet(46)) - raft.server.threadpool.server.cached = true (default)
2023-03-09 14:59:40,606 [pool-432-thread-1] INFO  server.RaftServerConfigKeys (ConfUtils.java:logGet(46)) - raft.server.threadpool.server.size = 0 (default)
2023-03-09 14:59:40,606 [pool-432-thread-1] INFO  server.RaftServerConfigKeys (ConfUtils.java:logGet(46)) - raft.server.threadpool.client.cached = true (default)
2023-03-09 14:59:40,606 [pool-432-thread-1] INFO  server.RaftServerConfigKeys (ConfUtils.java:logGet(46)) - raft.server.threadpool.client.size = 0 (default)
2023-03-09 14:59:40,606 [Listener at 127.0.0.1/35653] INFO  ha.SCMSnapshotProvider (SCMSnapshotProvider.java:<init>(66)) - Initializing SCM Snapshot Provider
2023-03-09 14:59:40,606 [Listener at 127.0.0.1/35653] WARN  server.ServerUtils (ServerUtils.java:getDefaultRatisDirectory(237)) - Storage directory for Ratis is not configured. It is a good idea to map this to an SSD disk. Falling back to ozone.metadata.dirs
2023-03-09 14:59:40,606 [Listener at 127.0.0.1/35653] WARN  ha.SCMHAUtils (SCMHAUtils.java:getSCMRatisSnapshotDirectory(153)) - SCM snapshot dir is not configured. Falling back to ozone.metadata.dirs config
2023-03-09 14:59:40,607 [Listener at 127.0.0.1/35653] INFO  upgrade.AbstractLayoutVersionManager (AbstractLayoutVersionManager.java:init(83)) - Initializing Layout version manager with metadata layout = DATANODE_SCHEMA_V3 (version = 4), software layout = DATANODE_SCHEMA_V3 (version = 4)
2023-03-09 14:59:40,655 [Listener at 127.0.0.1/35653] INFO  reflections.Reflections (Reflections.java:scan(232)) - Reflections took 46 ms to scan 7 urls, producing 154 keys and 367 values 
2023-03-09 14:59:40,657 [Listener at 127.0.0.1/35653] INFO  ha.SequenceIdGenerator (SequenceIdGenerator.java:upgradeToSequenceId(349)) - upgrade localId to 111677748019200000
2023-03-09 14:59:40,657 [Listener at 127.0.0.1/35653] INFO  ha.SequenceIdGenerator (SequenceIdGenerator.java:upgradeToSequenceId(359)) - upgrade delTxnId to 0
2023-03-09 14:59:40,657 [Listener at 127.0.0.1/35653] INFO  ha.SequenceIdGenerator (SequenceIdGenerator.java:upgradeToSequenceId(376)) - upgrade containerId to 0
2023-03-09 14:59:40,657 [Listener at 127.0.0.1/35653] INFO  ha.SequenceIdGenerator (SequenceIdGenerator.java:<init>(220)) - Init the HA SequenceIdGenerator.
2023-03-09 14:59:40,660 [Listener at 127.0.0.1/35653] INFO  node.SCMNodeManager (SCMNodeManager.java:<init>(156)) - Entering startup safe mode.
2023-03-09 14:59:40,660 [Listener at 127.0.0.1/35653] INFO  algorithms.ContainerPlacementPolicyFactory (ContainerPlacementPolicyFactory.java:getPolicyInternal(86)) - Create container placement policy of type org.apache.hadoop.hdds.scm.container.placement.algorithms.SCMContainerPlacementRandom
2023-03-09 14:59:40,661 [Listener at 127.0.0.1/35653] INFO  algorithms.ContainerPlacementPolicyFactory (ContainerPlacementPolicyFactory.java:getPolicyInternal(86)) - Create container placement policy of type org.apache.hadoop.hdds.scm.container.placement.algorithms.SCMContainerPlacementRackScatter
2023-03-09 14:59:40,661 [Listener at 127.0.0.1/35653] INFO  pipeline.PipelineStateManagerImpl (PipelineStateManagerImpl.java:initialize(78)) - No pipeline exists in current db
2023-03-09 14:59:40,661 [Listener at 127.0.0.1/35653] INFO  algorithms.LeaderChoosePolicyFactory (LeaderChoosePolicyFactory.java:getPolicy(57)) - Create leader choose policy of type org.apache.hadoop.hdds.scm.pipeline.leader.choose.algorithms.MinLeaderCountChoosePolicy
2023-03-09 14:59:40,661 [Listener at 127.0.0.1/35653] INFO  algorithms.ContainerPlacementPolicyFactory (ContainerPlacementPolicyFactory.java:getPolicyInternal(86)) - Create container placement policy of type org.apache.hadoop.hdds.scm.container.placement.algorithms.SCMContainerPlacementRackScatter
2023-03-09 14:59:40,662 [Listener at 127.0.0.1/35653] INFO  ha.SCMServiceManager (SCMServiceManager.java:register(42)) - Registering service BackgroundPipelineCreator.
2023-03-09 14:59:40,662 [Listener at 127.0.0.1/35653] INFO  pipeline.BackgroundPipelineCreator (BackgroundPipelineCreator.java:start(124)) - Starting RatisPipelineUtilsThread.
2023-03-09 14:59:40,662 [Listener at 127.0.0.1/35653] INFO  BackgroundPipelineScrubber (BackgroundSCMService.java:start(68)) - Starting BackgroundPipelineScrubber Service.
2023-03-09 14:59:40,663 [Listener at 127.0.0.1/35653] INFO  ha.SCMServiceManager (SCMServiceManager.java:register(42)) - Registering service BackgroundPipelineScrubber.
2023-03-09 14:59:40,663 [Listener at 127.0.0.1/35653] INFO  ExpiredContainerReplicaOpScrubber (BackgroundSCMService.java:start(68)) - Starting ExpiredContainerReplicaOpScrubber Service.
2023-03-09 14:59:40,663 [Listener at 127.0.0.1/35653] INFO  ha.SCMServiceManager (SCMServiceManager.java:register(42)) - Registering service ExpiredContainerReplicaOpScrubber.
2023-03-09 14:59:40,665 [Listener at 127.0.0.1/35653] INFO  algorithms.PipelineChoosePolicyFactory (PipelineChoosePolicyFactory.java:createPipelineChoosePolicyFromClass(73)) - Create pipeline choose policy of type org.apache.hadoop.hdds.scm.pipeline.choose.algorithms.RandomPipelineChoosePolicy
2023-03-09 14:59:40,665 [Listener at 127.0.0.1/35653] INFO  ha.SCMServiceManager (SCMServiceManager.java:register(42)) - Registering service SCMBlockDeletingService.
2023-03-09 14:59:40,666 [Listener at 127.0.0.1/35653] INFO  replication.ReplicationManager (ReplicationManager.java:start(267)) - Starting Replication Monitor Thread.
2023-03-09 14:59:40,667 [Listener at 127.0.0.1/35653] INFO  ha.SCMServiceManager (SCMServiceManager.java:register(42)) - Registering service ReplicationManager.
2023-03-09 14:59:40,668 [Listener at 127.0.0.1/35653] INFO  safemode.ContainerSafeModeRule (ContainerSafeModeRule.java:<init>(89)) - containers with one replica threshold count 0
2023-03-09 14:59:40,668 [Listener at 127.0.0.1/35653] INFO  safemode.HealthyPipelineSafeModeRule (HealthyPipelineSafeModeRule.java:initializeRule(169)) - Total pipeline count is 0, healthy pipeline threshold count is 1
2023-03-09 14:59:40,668 [Listener at 127.0.0.1/35653] INFO  safemode.OneReplicaPipelineSafeModeRule (OneReplicaPipelineSafeModeRule.java:initializeRule(180)) - Total pipeline count is 0, pipeline's with at least one datanode reported threshold count is 0
2023-03-09 14:59:40,669 [ReplicationMonitor] INFO  replication.ReplicationManager (ReplicationManager.java:processAll(342)) - Replication Manager is not ready to run until 300000ms after safemode exit
2023-03-09 14:59:40,669 [Listener at 127.0.0.1/35653] INFO  server.StorageContainerManager (StorageContainerManager.java:<init>(392)) - SCM start with adminUsers: [runner]
2023-03-09 14:59:40,669 [Listener at 127.0.0.1/35653] INFO  ipc.CallQueueManager (CallQueueManager.java:<init>(90)) - Using callQueue: class java.util.concurrent.LinkedBlockingQueue, queueCapacity: 10000, scheduler: class org.apache.hadoop.ipc.DefaultRpcScheduler, ipcBackoff: false.
2023-03-09 14:59:40,670 [Socket Reader #1 for port 36681] INFO  ipc.Server (Server.java:run(1273)) - Starting Socket Reader #1 for port 36681
2023-03-09 14:59:40,671 [Listener at 0.0.0.0/36681] INFO  ipc.CallQueueManager (CallQueueManager.java:<init>(90)) - Using callQueue: class java.util.concurrent.LinkedBlockingQueue, queueCapacity: 10000, scheduler: class org.apache.hadoop.ipc.DefaultRpcScheduler, ipcBackoff: false.
2023-03-09 14:59:40,672 [Socket Reader #1 for port 38735] INFO  ipc.Server (Server.java:run(1273)) - Starting Socket Reader #1 for port 38735
2023-03-09 14:59:40,673 [Listener at 0.0.0.0/38735] INFO  ipc.CallQueueManager (CallQueueManager.java:<init>(90)) - Using callQueue: class java.util.concurrent.LinkedBlockingQueue, queueCapacity: 10000, scheduler: class org.apache.hadoop.ipc.DefaultRpcScheduler, ipcBackoff: false.
2023-03-09 14:59:40,673 [Socket Reader #1 for port 43819] INFO  ipc.Server (Server.java:run(1273)) - Starting Socket Reader #1 for port 43819
2023-03-09 14:59:40,677 [Listener at 0.0.0.0/43819] INFO  ha.SCMServiceManager (SCMServiceManager.java:register(42)) - Registering service ContainerBalancer.
2023-03-09 14:59:40,677 [Listener at 0.0.0.0/43819] INFO  server.StorageContainerManager (StorageContainerManager.java:<init>(407)) - 
Container Balancer status:
Key                            Value
Running                        true
Container Balancer Configuration values:
Key                                                Value
Threshold                                          10
Max Datanodes to Involve per Iteration(percent)    20
Max Size to Move per Iteration                     500GB
Max Size Entering Target per Iteration             26GB
Max Size Leaving Source per Iteration              26GB

2023-03-09 14:59:40,677 [Listener at 0.0.0.0/43819] INFO  ha.SCMContext (SCMContext.java:updateSafeModeStatus(228)) - Update SafeModeStatus from SafeModeStatus{safeModeStatus=true, preCheckPassed=false} to SafeModeStatus{safeModeStatus=true, preCheckPassed=false}.
2023-03-09 14:59:40,678 [Listener at 0.0.0.0/43819] INFO  server.StorageContainerManager (StorageContainerManager.java:start(1437)) - StorageContainerLocationProtocol RPC server is listening at /0.0.0.0:43819
2023-03-09 14:59:40,679 [Listener at 0.0.0.0/43819] INFO  ha.SCMRatisServerImpl (SCMRatisServerImpl.java:start(178)) - starting ratis server 0.0.0.0:38335
2023-03-09 14:59:40,684 [94489f6d-fe79-40fc-acb2-36e6df399f83-impl-thread1] INFO  storage.RaftStorageDirectory (RaftStorageDirectoryImpl.java:tryLock(231)) - Lock on /home/runner/work/ozone/ozone/hadoop-ozone/integration-test/target/test-dir/MiniOzoneClusterImpl-0be2ff2d-c2a8-4ed5-ac17-c4684e36ac53/scmNode-1/scm-ha/0be2ff2d-c2a8-4ed5-ac17-c4684e36ac53/in_use.lock acquired by nodename 57158@fv-az377-502
2023-03-09 14:59:40,684 [94489f6d-fe79-40fc-acb2-36e6df399f83-impl-thread1] INFO  storage.RaftStorage (RaftStorageImpl.java:analyzeAndRecoverStorage(117)) - Read RaftStorageMetadata{term=1, votedFor=94489f6d-fe79-40fc-acb2-36e6df399f83} from /home/runner/work/ozone/ozone/hadoop-ozone/integration-test/target/test-dir/MiniOzoneClusterImpl-0be2ff2d-c2a8-4ed5-ac17-c4684e36ac53/scmNode-1/scm-ha/0be2ff2d-c2a8-4ed5-ac17-c4684e36ac53/current/raft-meta
2023-03-09 14:59:40,685 [94489f6d-fe79-40fc-acb2-36e6df399f83-impl-thread1] INFO  server.RaftServer$Division (ServerState.java:setRaftConf(430)) - 94489f6d-fe79-40fc-acb2-36e6df399f83@group-C4684E36AC53: set configuration 0: peers:[94489f6d-fe79-40fc-acb2-36e6df399f83|rpc:localhost:38335|admin:|client:|dataStream:|priority:0|startupRole:FOLLOWER]|listeners:[], old=null
2023-03-09 14:59:40,685 [94489f6d-fe79-40fc-acb2-36e6df399f83-impl-thread1] INFO  server.RaftServerConfigKeys (ConfUtils.java:logGet(46)) - raft.server.log.use.memory = false (default)
2023-03-09 14:59:40,685 [94489f6d-fe79-40fc-acb2-36e6df399f83-impl-thread1] INFO  server.RaftServerConfigKeys (ConfUtils.java:logGet(46)) - raft.server.log.purge.gap = 1000000 (custom)
2023-03-09 14:59:40,685 [94489f6d-fe79-40fc-acb2-36e6df399f83-impl-thread1] INFO  server.RaftServerConfigKeys (ConfUtils.java:logGet(46)) - raft.server.log.appender.buffer.byte-limit = 33554432 (custom)
2023-03-09 14:59:40,686 [94489f6d-fe79-40fc-acb2-36e6df399f83-impl-thread1] INFO  server.RaftServerConfigKeys (ConfUtils.java:logGet(46)) - raft.server.log.statemachine.data.read.timeout = 1000ms (default)
2023-03-09 14:59:40,686 [94489f6d-fe79-40fc-acb2-36e6df399f83-impl-thread1] INFO  server.RaftServerConfigKeys (ConfUtils.java:logGet(46)) - raft.server.log.purge.preservation.log.num = 0 (default)
2023-03-09 14:59:40,686 [94489f6d-fe79-40fc-acb2-36e6df399f83-impl-thread1] INFO  server.RaftServerConfigKeys (ConfUtils.java:logGet(46)) - raft.server.log.segment.size.max = 4194304 (custom)
2023-03-09 14:59:40,686 [94489f6d-fe79-40fc-acb2-36e6df399f83-impl-thread1] INFO  server.RaftServerConfigKeys (ConfUtils.java:logGet(46)) - raft.server.log.segment.cache.num.max = 2 (custom)
2023-03-09 14:59:40,686 [94489f6d-fe79-40fc-acb2-36e6df399f83-impl-thread1] INFO  server.RaftServerConfigKeys (ConfUtils.java:logGet(46)) - raft.server.log.segment.cache.size.max = 200MB (=209715200) (default)
2023-03-09 14:59:40,686 [94489f6d-fe79-40fc-acb2-36e6df399f83-impl-thread1] INFO  segmented.SegmentedRaftLogWorker (SegmentedRaftLogWorker.java:<init>(189)) - new 94489f6d-fe79-40fc-acb2-36e6df399f83@group-C4684E36AC53-SegmentedRaftLogWorker for RaftStorageImpl:Storage Directory /home/runner/work/ozone/ozone/hadoop-ozone/integration-test/target/test-dir/MiniOzoneClusterImpl-0be2ff2d-c2a8-4ed5-ac17-c4684e36ac53/scmNode-1/scm-ha/0be2ff2d-c2a8-4ed5-ac17-c4684e36ac53
2023-03-09 14:59:40,686 [94489f6d-fe79-40fc-acb2-36e6df399f83-impl-thread1] INFO  server.RaftServerConfigKeys (ConfUtils.java:logGet(46)) - raft.server.log.queue.byte-limit = 64MB (=67108864) (default)
2023-03-09 14:59:40,686 [94489f6d-fe79-40fc-acb2-36e6df399f83-impl-thread1] INFO  server.RaftServerConfigKeys (ConfUtils.java:logGet(46)) - raft.server.log.queue.element-limit = 4096 (default)
2023-03-09 14:59:40,686 [94489f6d-fe79-40fc-acb2-36e6df399f83-impl-thread1] INFO  server.RaftServerConfigKeys (ConfUtils.java:logGet(46)) - raft.server.log.segment.size.max = 4194304 (custom)
2023-03-09 14:59:40,686 [94489f6d-fe79-40fc-acb2-36e6df399f83-impl-thread1] INFO  server.RaftServerConfigKeys (ConfUtils.java:logGet(46)) - raft.server.log.preallocated.size = 4194304 (custom)
2023-03-09 14:59:40,686 [94489f6d-fe79-40fc-acb2-36e6df399f83-impl-thread1] INFO  server.RaftServerConfigKeys (ConfUtils.java:logGet(46)) - raft.server.log.force.sync.num = 128 (default)
2023-03-09 14:59:40,687 [94489f6d-fe79-40fc-acb2-36e6df399f83-impl-thread1] INFO  server.RaftServerConfigKeys (ConfUtils.java:logGet(46)) - raft.server.log.statemachine.data.sync = true (default)
2023-03-09 14:59:40,687 [94489f6d-fe79-40fc-acb2-36e6df399f83-impl-thread1] INFO  server.RaftServerConfigKeys (ConfUtils.java:logGet(46)) - raft.server.log.statemachine.data.sync.timeout = 10s (default)
2023-03-09 14:59:40,687 [94489f6d-fe79-40fc-acb2-36e6df399f83-impl-thread1] INFO  server.RaftServerConfigKeys (ConfUtils.java:logGet(46)) - raft.server.log.statemachine.data.sync.timeout.retry = -1 (default)
2023-03-09 14:59:40,687 [94489f6d-fe79-40fc-acb2-36e6df399f83-impl-thread1] INFO  server.RaftServerConfigKeys (ConfUtils.java:logGet(46)) - raft.server.log.write.buffer.size = 64KB (=65536) (default)
2023-03-09 14:59:40,687 [94489f6d-fe79-40fc-acb2-36e6df399f83-impl-thread1] INFO  server.RaftServerConfigKeys (ConfUtils.java:logGet(46)) - raft.server.log.appender.buffer.byte-limit = 33554432 (custom)
2023-03-09 14:59:40,697 [94489f6d-fe79-40fc-acb2-36e6df399f83-impl-thread1] INFO  server.RaftServerConfigKeys (ConfUtils.java:logGet(46)) - raft.server.log.unsafe-flush.enabled = false (default)
2023-03-09 14:59:40,698 [94489f6d-fe79-40fc-acb2-36e6df399f83-impl-thread1] INFO  server.RaftServerConfigKeys (ConfUtils.java:logGet(46)) - raft.server.log.async-flush.enabled = false (default)
2023-03-09 14:59:40,698 [94489f6d-fe79-40fc-acb2-36e6df399f83-impl-thread1] INFO  server.RaftServerConfigKeys (ConfUtils.java:logGet(46)) - raft.server.log.statemachine.data.caching.enabled = false (default)
2023-03-09 14:59:40,699 [94489f6d-fe79-40fc-acb2-36e6df399f83-impl-thread1] INFO  server.RaftServer$Division (ServerState.java:setRaftConf(430)) - 94489f6d-fe79-40fc-acb2-36e6df399f83@group-C4684E36AC53: set configuration 0: peers:[94489f6d-fe79-40fc-acb2-36e6df399f83|rpc:localhost:38335|admin:|client:|dataStream:|priority:0|startupRole:FOLLOWER]|listeners:[], old=null
2023-03-09 14:59:40,699 [94489f6d-fe79-40fc-acb2-36e6df399f83-impl-thread1] INFO  segmented.LogSegment (LogSegment.java:loadSegment(173)) - Successfully read 1 entries from segment file /home/runner/work/ozone/ozone/hadoop-ozone/integration-test/target/test-dir/MiniOzoneClusterImpl-0be2ff2d-c2a8-4ed5-ac17-c4684e36ac53/scmNode-1/scm-ha/0be2ff2d-c2a8-4ed5-ac17-c4684e36ac53/current/log_inprogress_0
2023-03-09 14:59:40,699 [94489f6d-fe79-40fc-acb2-36e6df399f83-impl-thread1] INFO  segmented.SegmentedRaftLogWorker (SegmentedRaftLogWorker.java:lambda$new$0(135)) - 94489f6d-fe79-40fc-acb2-36e6df399f83@group-C4684E36AC53-SegmentedRaftLogWorker: flushIndex: setUnconditionally 0 -> 0
2023-03-09 14:59:40,699 [94489f6d-fe79-40fc-acb2-36e6df399f83-impl-thread1] INFO  segmented.SegmentedRaftLogWorker (SegmentedRaftLogWorker.java:lambda$new$0(135)) - 94489f6d-fe79-40fc-acb2-36e6df399f83@group-C4684E36AC53-SegmentedRaftLogWorker: safeCacheEvictIndex: setUnconditionally 0 -> -1
2023-03-09 14:59:40,700 [94489f6d-fe79-40fc-acb2-36e6df399f83-impl-thread1] INFO  server.RaftServer$Division (RaftServerImpl.java:start(334)) - 94489f6d-fe79-40fc-acb2-36e6df399f83@group-C4684E36AC53: start as a follower, conf=0: peers:[94489f6d-fe79-40fc-acb2-36e6df399f83|rpc:localhost:38335|admin:|client:|dataStream:|priority:0|startupRole:FOLLOWER]|listeners:[], old=null
2023-03-09 14:59:40,700 [94489f6d-fe79-40fc-acb2-36e6df399f83-impl-thread1] INFO  server.RaftServer$Division (RaftServerImpl.java:setRole(321)) - 94489f6d-fe79-40fc-acb2-36e6df399f83@group-C4684E36AC53: changes role from      null to FOLLOWER at term 1 for startAsFollower
2023-03-09 14:59:40,700 [94489f6d-fe79-40fc-acb2-36e6df399f83-impl-thread1] INFO  impl.RoleInfo (RoleInfo.java:updateAndGet(139)) - 94489f6d-fe79-40fc-acb2-36e6df399f83: start 94489f6d-fe79-40fc-acb2-36e6df399f83@group-C4684E36AC53-FollowerState
2023-03-09 14:59:40,700 [94489f6d-fe79-40fc-acb2-36e6df399f83-impl-thread1] INFO  util.JmxRegister (JmxRegister.java:tryRegister(44)) - Successfully registered JMX Bean with object name Ratis:service=RaftServer,group=group-C4684E36AC53,id=94489f6d-fe79-40fc-acb2-36e6df399f83
2023-03-09 14:59:40,700 [94489f6d-fe79-40fc-acb2-36e6df399f83-impl-thread1] INFO  server.RaftServerConfigKeys (ConfUtils.java:logGet(46)) - raft.server.snapshot.auto.trigger.enabled = true (custom)
2023-03-09 14:59:40,700 [94489f6d-fe79-40fc-acb2-36e6df399f83-impl-thread1] INFO  server.RaftServerConfigKeys (ConfUtils.java:logGet(46)) - raft.server.snapshot.auto.trigger.threshold = 1000 (custom)
2023-03-09 14:59:40,701 [94489f6d-fe79-40fc-acb2-36e6df399f83-impl-thread1] INFO  server.RaftServerConfigKeys (ConfUtils.java:logGet(46)) - raft.server.snapshot.retention.file.num = -1 (default)
2023-03-09 14:59:40,701 [94489f6d-fe79-40fc-acb2-36e6df399f83-impl-thread1] INFO  server.RaftServerConfigKeys (ConfUtils.java:logGet(46)) - raft.server.log.purge.upto.snapshot.index = false (default)
2023-03-09 14:59:40,701 [94489f6d-fe79-40fc-acb2-36e6df399f83@group-C4684E36AC53-FollowerState] INFO  server.RaftServerConfigKeys (ConfUtils.java:logFallback(53)) - raft.server.rpc.first-election.timeout.min = 5000ms (fallback to raft.server.rpc.timeout.min)
2023-03-09 14:59:40,701 [94489f6d-fe79-40fc-acb2-36e6df399f83@group-C4684E36AC53-FollowerState] INFO  server.RaftServerConfigKeys (ConfUtils.java:logFallback(53)) - raft.server.rpc.first-election.timeout.max = 5200ms (fallback to raft.server.rpc.timeout.max)
2023-03-09 14:59:40,703 [Listener at 0.0.0.0/43819] INFO  server.RaftServer (RaftServerProxy.java:startImpl(393)) - 94489f6d-fe79-40fc-acb2-36e6df399f83: start RPC server
2023-03-09 14:59:40,704 [Listener at 0.0.0.0/43819] INFO  server.GrpcService (GrpcService.java:startImpl(262)) - 94489f6d-fe79-40fc-acb2-36e6df399f83: GrpcService started, listening on 38335
2023-03-09 14:59:40,706 [Listener at 0.0.0.0/43819] INFO  ha.SCMHAManagerImpl (SCMHAManagerImpl.java:start(121)) -  scm role is FOLLOWER peers [94489f6d-fe79-40fc-acb2-36e6df399f83|rpc:localhost:38335|admin:|client:|dataStream:|priority:0|startupRole:FOLLOWER]
2023-03-09 14:59:40,725 [Listener at 0.0.0.0/43819] INFO  ha.InterSCMGrpcService (InterSCMGrpcProtocolService.java:start(94)) - Starting SCM Grpc Service at port 40579
2023-03-09 14:59:40,724 [JvmPauseMonitor16] INFO  util.JvmPauseMonitor (JvmPauseMonitor.java:run(105)) - JvmPauseMonitor-94489f6d-fe79-40fc-acb2-36e6df399f83: Started
2023-03-09 14:59:40,730 [Listener at 0.0.0.0/43819] WARN  impl.MetricsConfig (MetricsConfig.java:loadFirst(136)) - Cannot locate configuration: tried hadoop-metrics2-storagecontainermanager.properties,hadoop-metrics2.properties
2023-03-09 14:59:40,733 [Listener at 0.0.0.0/43819] INFO  impl.MetricsSystemImpl (MetricsSystemImpl.java:startTimer(378)) - Scheduled Metric snapshot period at 10 second(s).
2023-03-09 14:59:40,734 [Listener at 0.0.0.0/43819] INFO  impl.MetricsSystemImpl (MetricsSystemImpl.java:start(191)) - StorageContainerManager metrics system started
2023-03-09 14:59:40,754 [Listener at 0.0.0.0/43819] INFO  impl.MetricsSinkAdapter (MetricsSinkAdapter.java:start(204)) - Sink prometheus started
2023-03-09 14:59:40,754 [Listener at 0.0.0.0/43819] INFO  impl.MetricsSystemImpl (MetricsSystemImpl.java:registerSink(305)) - Registered sink prometheus
2023-03-09 14:59:40,782 [Listener at 0.0.0.0/43819] INFO  server.SCMClientProtocolServer (SCMClientProtocolServer.java:start(194)) - RPC server for Client  is listening at /0.0.0.0:43819
2023-03-09 14:59:40,782 [IPC Server Responder] INFO  ipc.Server (Server.java:run(1512)) - IPC Server Responder: starting
2023-03-09 14:59:40,786 [IPC Server listener on 43819] INFO  ipc.Server (Server.java:run(1352)) - IPC Server listener on 43819: starting
2023-03-09 14:59:40,813 [Listener at 0.0.0.0/43819] INFO  server.StorageContainerManager (StorageContainerManager.java:start(1451)) - ScmBlockLocationProtocol RPC server is listening at /0.0.0.0:38735
2023-03-09 14:59:40,814 [Listener at 0.0.0.0/43819] INFO  server.SCMBlockProtocolServer (SCMBlockProtocolServer.java:start(152)) - RPC server for Block Protocol is listening at /0.0.0.0:38735
2023-03-09 14:59:40,814 [IPC Server Responder] INFO  ipc.Server (Server.java:run(1512)) - IPC Server Responder: starting
2023-03-09 14:59:40,814 [IPC Server listener on 38735] INFO  ipc.Server (Server.java:run(1352)) - IPC Server listener on 38735: starting
2023-03-09 14:59:40,829 [Listener at 0.0.0.0/43819] INFO  http.BaseHttpServer (BaseHttpServer.java:newHttpServer2BuilderForOzone(224)) - Starting Web-server for scm at: http://0.0.0.0:39797
2023-03-09 14:59:40,829 [Listener at 0.0.0.0/43819] INFO  http.BaseHttpServer (BaseHttpServer.java:<init>(111)) - Hadoop Security Enabled: false Ozone Security Enabled: false Ozone HTTP Security Enabled: false 
2023-03-09 14:59:40,830 [org.apache.hadoop.util.JvmPauseMonitor$Monitor@412d6ae3] INFO  util.JvmPauseMonitor (JvmPauseMonitor.java:run(188)) - Starting JVM pause monitor
2023-03-09 14:59:40,831 [Listener at 0.0.0.0/43819] WARN  server.AuthenticationFilter (AuthenticationFilter.java:constructSecretProvider(240)) - Unable to initialize FileSignerSecretProvider, falling back to use random secrets. Reason: Could not read signature secret file: /home/runner/hadoop-http-auth-signature-secret
2023-03-09 14:59:40,833 [Listener at 0.0.0.0/43819] WARN  http.HttpRequestLog (HttpRequestLog.java:getRequestLog(103)) - Jetty request log can only be enabled using Log4j
2023-03-09 14:59:40,838 [Listener at 0.0.0.0/43819] INFO  http.HttpServer2 (HttpServer2.java:addGlobalFilter(1031)) - Added global filter 'safety' (class=org.apache.hadoop.hdds.server.http.HttpServer2$QuotingInputFilter)
2023-03-09 14:59:40,843 [Listener at 0.0.0.0/43819] INFO  http.HttpServer2 (HttpServer2.java:addFilter(1007)) - Added filter static_user_filter (class=org.apache.hadoop.http.lib.StaticUserWebFilter$StaticUserFilter) to context scm
2023-03-09 14:59:40,844 [Listener at 0.0.0.0/43819] INFO  http.HttpServer2 (HttpServer2.java:addFilter(1015)) - Added filter static_user_filter (class=org.apache.hadoop.http.lib.StaticUserWebFilter$StaticUserFilter) to context static
2023-03-09 14:59:40,844 [Listener at 0.0.0.0/43819] INFO  http.HttpServer2 (HttpServer2.java:addFilter(1015)) - Added filter static_user_filter (class=org.apache.hadoop.http.lib.StaticUserWebFilter$StaticUserFilter) to context logs
2023-03-09 14:59:40,847 [Listener at 0.0.0.0/43819] INFO  http.BaseHttpServer (BaseHttpServer.java:<init>(190)) - HTTP server of scm uses base directory /home/runner/work/ozone/ozone/hadoop-ozone/integration-test/target/test-dir/MiniOzoneClusterImpl-0be2ff2d-c2a8-4ed5-ac17-c4684e36ac53/scmNode-1/webserver
2023-03-09 14:59:40,849 [Listener at 0.0.0.0/43819] INFO  http.HttpServer2 (HttpServer2.java:bindListener(1250)) - Jetty bound to port 39797
2023-03-09 14:59:40,849 [Listener at 0.0.0.0/43819] INFO  server.Server (Server.java:doStart(375)) - jetty-9.4.49.v20220914; built: 2022-09-14T01:07:36.601Z; git: 4231a3b2e4cb8548a412a789936d640a97b1aa0a; jvm 1.8.0_362-b09
2023-03-09 14:59:40,854 [Listener at 0.0.0.0/43819] INFO  server.session (DefaultSessionIdManager.java:doStart(334)) - DefaultSessionIdManager workerName=node0
2023-03-09 14:59:40,854 [Listener at 0.0.0.0/43819] INFO  server.session (DefaultSessionIdManager.java:doStart(339)) - No SessionScavenger set, using defaults
2023-03-09 14:59:40,854 [Listener at 0.0.0.0/43819] INFO  server.session (HouseKeeper.java:startScavenging(132)) - node0 Scavenging every 660000ms
2023-03-09 14:59:40,855 [Listener at 0.0.0.0/43819] INFO  handler.ContextHandler (ContextHandler.java:doStart(921)) - Started o.e.j.s.ServletContextHandler@5f3587da{logs,/logs,file:///home/runner/work/ozone/ozone/hadoop-ozone/integration-test/target/log,AVAILABLE}
2023-03-09 14:59:40,856 [Listener at 0.0.0.0/43819] INFO  handler.ContextHandler (ContextHandler.java:doStart(921)) - Started o.e.j.s.ServletContextHandler@4d3c5b96{static,/static,file:///home/runner/work/ozone/ozone/hadoop-ozone/integration-test/target/test-classes/webapps/static,AVAILABLE}
2023-03-09 14:59:40,869 [Listener at 0.0.0.0/43819] INFO  handler.ContextHandler (ContextHandler.java:doStart(921)) - Started o.e.j.w.WebAppContext@235e60aa{scm,/,file:///home/runner/work/ozone/ozone/hadoop-ozone/integration-test/target/test-classes/webapps/scm/,AVAILABLE}{file:/home/runner/work/ozone/ozone/hadoop-ozone/integration-test/target/test-classes/webapps/scm}
2023-03-09 14:59:40,875 [Listener at 0.0.0.0/43819] INFO  server.AbstractConnector (AbstractConnector.java:doStart(333)) - Started ServerConnector@6550cebb{HTTP/1.1, (http/1.1)}{0.0.0.0:39797}
2023-03-09 14:59:40,876 [Listener at 0.0.0.0/43819] INFO  server.Server (Server.java:doStart(415)) - Started @111529ms
2023-03-09 14:59:40,876 [Listener at 0.0.0.0/43819] WARN  impl.MetricsSystemImpl (MetricsSystemImpl.java:register(279)) - Sink prometheus already exists!
2023-03-09 14:59:40,877 [Listener at 0.0.0.0/43819] INFO  http.BaseHttpServer (BaseHttpServer.java:updateConnectorAddress(344)) - HTTP server of scm listening at http://0.0.0.0:39797
2023-03-09 14:59:40,877 [Listener at 0.0.0.0/43819] INFO  ozone.MiniOzoneHAClusterImpl (MiniOzoneHAClusterImpl.java:createSCMService(606)) - Started SCM RPC server at /0.0.0.0:43819
2023-03-09 14:59:40,878 [Listener at 0.0.0.0/43819] INFO  ha.OMHANodeDetails (OMHANodeDetails.java:loadOMHAConfig(121)) - ServiceID for OzoneManager is om-add-remove
2023-03-09 14:59:40,878 [Listener at 0.0.0.0/43819] INFO  ha.OMHANodeDetails (OMHANodeDetails.java:loadOMHAConfig(201)) - Found matching OM address with OMServiceId: om-add-remove, OMNodeId: omNode-1, RPC Address: localhost:46569 and Ratis port: 37963
2023-03-09 14:59:40,879 [Listener at 0.0.0.0/43819] INFO  ha.OMHANodeDetails (ConfUtils.java:setNodeSpecificConfigs(97)) - Setting configuration key ozone.om.http-address with value of key ozone.om.http-address.om-add-remove.omNode-1: 127.0.0.1:39545
2023-03-09 14:59:40,879 [Listener at 0.0.0.0/43819] INFO  ha.OMHANodeDetails (ConfUtils.java:setNodeSpecificConfigs(97)) - Setting configuration key ozone.om.https-address with value of key ozone.om.https-address.om-add-remove.omNode-1: 127.0.0.1:44447
2023-03-09 14:59:40,879 [Listener at 0.0.0.0/43819] INFO  ha.OMHANodeDetails (ConfUtils.java:setNodeSpecificConfigs(97)) - Setting configuration key ozone.om.address with value of key ozone.om.address.om-add-remove.omNode-1: 127.0.0.1:46569
2023-03-09 14:59:40,879 [Listener at 0.0.0.0/43819] WARN  server.ServerUtils (ServerUtils.java:getDBPath(225)) - ozone.om.db.dirs is not configured. We recommend adding this setting. Falling back to ozone.metadata.dirs instead.
2023-03-09 14:59:40,881 [Listener at 0.0.0.0/43819] INFO  ha.SCMNodeInfo (SCMNodeInfo.java:getPort(197)) - ConfigKey ozone.scm.client.address is deprecated, For configuring different ports for each SCM use PortConfigKey ozone.scm.client.port appended with serviceId and nodeId
2023-03-09 14:59:40,881 [Listener at 0.0.0.0/43819] INFO  ha.SCMNodeInfo (SCMNodeInfo.java:getPort(197)) - ConfigKey ozone.scm.block.client.address is deprecated, For configuring different ports for each SCM use PortConfigKey ozone.scm.block.client.port appended with serviceId and nodeId
2023-03-09 14:59:40,882 [Listener at 0.0.0.0/43819] INFO  ha.SCMNodeInfo (SCMNodeInfo.java:getPort(197)) - ConfigKey ozone.scm.datanode.address is deprecated, For configuring different ports for each SCM use PortConfigKey ozone.scm.datanode.port appended with serviceId and nodeId
2023-03-09 14:59:40,882 [Listener at 0.0.0.0/43819] INFO  proxy.SCMBlockLocationFailoverProxyProvider (SCMBlockLocationFailoverProxyProvider.java:<init>(114)) - Created block location fail-over proxy with 1 nodes: [nodeId=scmNode-1,nodeAddress=/127.0.0.1:38735]
2023-03-09 14:59:41,230 [EndpointStateMachine task thread for /127.0.0.1:40177 - 0 ] INFO  ipc.Client (Client.java:handleConnectionFailure(1010)) - Retrying connect to server: localhost/127.0.0.1:40177. Already tried 11 time(s); retry policy is RetryUpToMaximumCountWithFixedSleep(maxRetries=15, sleepTime=1000 MILLISECONDS)
2023-03-09 14:59:42,231 [EndpointStateMachine task thread for /127.0.0.1:40177 - 0 ] INFO  ipc.Client (Client.java:handleConnectionFailure(1010)) - Retrying connect to server: localhost/127.0.0.1:40177. Already tried 12 time(s); retry policy is RetryUpToMaximumCountWithFixedSleep(maxRetries=15, sleepTime=1000 MILLISECONDS)
2023-03-09 14:59:42,898 [Listener at 0.0.0.0/43819] INFO  retry.RetryInvocationHandler (RetryInvocationHandler.java:log(411)) - com.google.protobuf.ServiceException: org.apache.hadoop.ipc.RemoteException(org.apache.hadoop.hdds.ratis.ServerNotLeaderException): Server:94489f6d-fe79-40fc-acb2-36e6df399f83 is not the leader. Could not determine the leader node.
	at org.apache.hadoop.hdds.ratis.ServerNotLeaderException.convertToNotLeaderException(ServerNotLeaderException.java:109)
	at org.apache.hadoop.hdds.scm.ha.RatisUtil.checkRatisException(RatisUtil.java:246)
	at org.apache.hadoop.hdds.scm.protocol.ScmBlockLocationProtocolServerSideTranslatorPB.send(ScmBlockLocationProtocolServerSideTranslatorPB.java:109)
	at org.apache.hadoop.hdds.protocol.proto.ScmBlockLocationProtocolProtos$ScmBlockLocationProtocolService$2.callBlockingMethod(ScmBlockLocationProtocolProtos.java:14220)
	at org.apache.hadoop.ipc.ProtobufRpcEngine$Server.processCall(ProtobufRpcEngine.java:465)
	at org.apache.hadoop.ipc.ProtobufRpcEngine2$Server$ProtoBufRpcInvoker.call(ProtobufRpcEngine2.java:578)
	at org.apache.hadoop.ipc.ProtobufRpcEngine2$Server$ProtoBufRpcInvoker.call(ProtobufRpcEngine2.java:556)
	at org.apache.hadoop.ipc.RPC$Server.call(RPC.java:1093)
	at org.apache.hadoop.ipc.Server$RpcCall.run(Server.java:1043)
	at org.apache.hadoop.ipc.Server$RpcCall.run(Server.java:971)
	at java.security.AccessController.doPrivileged(Native Method)
	at javax.security.auth.Subject.doAs(Subject.java:422)
	at org.apache.hadoop.security.UserGroupInformation.doAs(UserGroupInformation.java:1878)
	at org.apache.hadoop.ipc.Server$Handler.run(Server.java:2976)
, while invoking $Proxy46.send over nodeId=scmNode-1,nodeAddress=/127.0.0.1:38735 after 1 failover attempts. Trying to failover after sleeping for 2000ms.
2023-03-09 14:59:43,232 [EndpointStateMachine task thread for /127.0.0.1:40177 - 0 ] INFO  ipc.Client (Client.java:handleConnectionFailure(1010)) - Retrying connect to server: localhost/127.0.0.1:40177. Already tried 13 time(s); retry policy is RetryUpToMaximumCountWithFixedSleep(maxRetries=15, sleepTime=1000 MILLISECONDS)
2023-03-09 14:59:44,233 [EndpointStateMachine task thread for /127.0.0.1:40177 - 0 ] INFO  ipc.Client (Client.java:handleConnectionFailure(1010)) - Retrying connect to server: localhost/127.0.0.1:40177. Already tried 14 time(s); retry policy is RetryUpToMaximumCountWithFixedSleep(maxRetries=15, sleepTime=1000 MILLISECONDS)
2023-03-09 14:59:44,234 [EndpointStateMachine task thread for /127.0.0.1:40177 - 0 ] WARN  statemachine.EndpointStateMachine (EndpointStateMachine.java:logIfNeeded(242)) - Unable to communicate to SCM server at localhost:40177 for past 0 seconds.
java.net.ConnectException: Call From fv-az377-502/10.1.0.44 to localhost:40177 failed on connection exception: java.net.ConnectException: Connection refused; For more details see:  http://wiki.apache.org/hadoop/ConnectionRefused
	at sun.reflect.NativeConstructorAccessorImpl.newInstance0(Native Method)
	at sun.reflect.NativeConstructorAccessorImpl.newInstance(NativeConstructorAccessorImpl.java:62)
	at sun.reflect.DelegatingConstructorAccessorImpl.newInstance(DelegatingConstructorAccessorImpl.java:45)
	at java.lang.reflect.Constructor.newInstance(Constructor.java:423)
	at org.apache.hadoop.net.NetUtils.wrapWithMessage(NetUtils.java:913)
	at org.apache.hadoop.net.NetUtils.wrapException(NetUtils.java:828)
	at org.apache.hadoop.ipc.Client.getRpcResponse(Client.java:1616)
	at org.apache.hadoop.ipc.Client.call(Client.java:1558)
	at org.apache.hadoop.ipc.Client.call(Client.java:1455)
	at org.apache.hadoop.ipc.ProtobufRpcEngine$Invoker.invoke(ProtobufRpcEngine.java:235)
	at org.apache.hadoop.ipc.ProtobufRpcEngine$Invoker.invoke(ProtobufRpcEngine.java:122)
	at com.sun.proxy.$Proxy54.submitRequest(Unknown Source)
	at org.apache.hadoop.ozone.protocolPB.StorageContainerDatanodeProtocolClientSideTranslatorPB.submitRequest(StorageContainerDatanodeProtocolClientSideTranslatorPB.java:117)
	at org.apache.hadoop.ozone.protocolPB.StorageContainerDatanodeProtocolClientSideTranslatorPB.sendHeartbeat(StorageContainerDatanodeProtocolClientSideTranslatorPB.java:149)
	at org.apache.hadoop.ozone.container.common.states.endpoint.HeartbeatEndpointTask.call(HeartbeatEndpointTask.java:185)
	at org.apache.hadoop.ozone.container.common.states.endpoint.HeartbeatEndpointTask.call(HeartbeatEndpointTask.java:87)
	at java.util.concurrent.FutureTask.run(FutureTask.java:266)
	at java.util.concurrent.ThreadPoolExecutor.runWorker(ThreadPoolExecutor.java:1149)
	at java.util.concurrent.ThreadPoolExecutor$Worker.run(ThreadPoolExecutor.java:624)
	at java.lang.Thread.run(Thread.java:750)
Caused by: java.net.ConnectException: Connection refused
	at sun.nio.ch.SocketChannelImpl.checkConnect(Native Method)
	at sun.nio.ch.SocketChannelImpl.finishConnect(SocketChannelImpl.java:716)
	at org.apache.hadoop.net.SocketIOWithTimeout.connect(SocketIOWithTimeout.java:205)
	at org.apache.hadoop.net.NetUtils.connect(NetUtils.java:586)
	at org.apache.hadoop.ipc.Client$Connection.setupConnection(Client.java:711)
	at org.apache.hadoop.ipc.Client$Connection.setupIOstreams(Client.java:833)
	at org.apache.hadoop.ipc.Client$Connection.access$3800(Client.java:414)
	at org.apache.hadoop.ipc.Client.getConnection(Client.java:1677)
	at org.apache.hadoop.ipc.Client.call(Client.java:1502)
	... 12 more
2023-03-09 14:59:44,903 [Listener at 0.0.0.0/43819] INFO  retry.RetryInvocationHandler (RetryInvocationHandler.java:log(411)) - com.google.protobuf.ServiceException: org.apache.hadoop.ipc.RemoteException(org.apache.hadoop.hdds.ratis.ServerNotLeaderException): Server:94489f6d-fe79-40fc-acb2-36e6df399f83 is not the leader. Could not determine the leader node.
	at org.apache.hadoop.hdds.ratis.ServerNotLeaderException.convertToNotLeaderException(ServerNotLeaderException.java:109)
	at org.apache.hadoop.hdds.scm.ha.RatisUtil.checkRatisException(RatisUtil.java:246)
	at org.apache.hadoop.hdds.scm.protocol.ScmBlockLocationProtocolServerSideTranslatorPB.send(ScmBlockLocationProtocolServerSideTranslatorPB.java:109)
	at org.apache.hadoop.hdds.protocol.proto.ScmBlockLocationProtocolProtos$ScmBlockLocationProtocolService$2.callBlockingMethod(ScmBlockLocationProtocolProtos.java:14220)
	at org.apache.hadoop.ipc.ProtobufRpcEngine$Server.processCall(ProtobufRpcEngine.java:465)
	at org.apache.hadoop.ipc.ProtobufRpcEngine2$Server$ProtoBufRpcInvoker.call(ProtobufRpcEngine2.java:578)
	at org.apache.hadoop.ipc.ProtobufRpcEngine2$Server$ProtoBufRpcInvoker.call(ProtobufRpcEngine2.java:556)
	at org.apache.hadoop.ipc.RPC$Server.call(RPC.java:1093)
	at org.apache.hadoop.ipc.Server$RpcCall.run(Server.java:1043)
	at org.apache.hadoop.ipc.Server$RpcCall.run(Server.java:971)
	at java.security.AccessController.doPrivileged(Native Method)
	at javax.security.auth.Subject.doAs(Subject.java:422)
	at org.apache.hadoop.security.UserGroupInformation.doAs(UserGroupInformation.java:1878)
	at org.apache.hadoop.ipc.Server$Handler.run(Server.java:2976)
, while invoking $Proxy46.send over nodeId=scmNode-1,nodeAddress=/127.0.0.1:38735 after 2 failover attempts. Trying to failover after sleeping for 2000ms.
2023-03-09 14:59:45,234 [EndpointStateMachine task thread for /127.0.0.1:40177 - 0 ] INFO  ipc.Client (Client.java:handleConnectionFailure(1010)) - Retrying connect to server: localhost/127.0.0.1:40177. Already tried 0 time(s); retry policy is RetryUpToMaximumCountWithFixedSleep(maxRetries=15, sleepTime=1000 MILLISECONDS)
2023-03-09 14:59:45,804 [94489f6d-fe79-40fc-acb2-36e6df399f83@group-C4684E36AC53-FollowerState] INFO  impl.FollowerState (FollowerState.java:run(143)) - 94489f6d-fe79-40fc-acb2-36e6df399f83@group-C4684E36AC53-FollowerState: change to CANDIDATE, lastRpcElapsedTime:5103805659ns, electionTimeout:5101ms
2023-03-09 14:59:45,804 [94489f6d-fe79-40fc-acb2-36e6df399f83@group-C4684E36AC53-FollowerState] INFO  impl.RoleInfo (RoleInfo.java:shutdownFollowerState(110)) - 94489f6d-fe79-40fc-acb2-36e6df399f83: shutdown 94489f6d-fe79-40fc-acb2-36e6df399f83@group-C4684E36AC53-FollowerState
2023-03-09 14:59:45,804 [94489f6d-fe79-40fc-acb2-36e6df399f83@group-C4684E36AC53-FollowerState] INFO  server.RaftServer$Division (RaftServerImpl.java:setRole(321)) - 94489f6d-fe79-40fc-acb2-36e6df399f83@group-C4684E36AC53: changes role from  FOLLOWER to CANDIDATE at term 1 for changeToCandidate
2023-03-09 14:59:45,804 [94489f6d-fe79-40fc-acb2-36e6df399f83@group-C4684E36AC53-FollowerState] INFO  server.RaftServerConfigKeys (ConfUtils.java:logGet(46)) - raft.server.leaderelection.pre-vote = true (default)
2023-03-09 14:59:45,804 [94489f6d-fe79-40fc-acb2-36e6df399f83@group-C4684E36AC53-FollowerState] INFO  impl.RoleInfo (RoleInfo.java:updateAndGet(139)) - 94489f6d-fe79-40fc-acb2-36e6df399f83: start 94489f6d-fe79-40fc-acb2-36e6df399f83@group-C4684E36AC53-LeaderElection24
2023-03-09 14:59:45,807 [94489f6d-fe79-40fc-acb2-36e6df399f83@group-C4684E36AC53-LeaderElection24] INFO  impl.LeaderElection (LeaderElection.java:askForVotes(312)) - 94489f6d-fe79-40fc-acb2-36e6df399f83@group-C4684E36AC53-LeaderElection24 PRE_VOTE round 0: submit vote requests at term 1 for 0: peers:[94489f6d-fe79-40fc-acb2-36e6df399f83|rpc:localhost:38335|admin:|client:|dataStream:|priority:0|startupRole:FOLLOWER]|listeners:[], old=null
2023-03-09 14:59:45,807 [94489f6d-fe79-40fc-acb2-36e6df399f83@group-C4684E36AC53-LeaderElection24] INFO  impl.LeaderElection (LeaderElection.java:askForVotes(314)) - 94489f6d-fe79-40fc-acb2-36e6df399f83@group-C4684E36AC53-LeaderElection24 PRE_VOTE round 0: result PASSED (term=1)
2023-03-09 14:59:45,809 [94489f6d-fe79-40fc-acb2-36e6df399f83@group-C4684E36AC53-LeaderElection24] INFO  impl.LeaderElection (LeaderElection.java:askForVotes(312)) - 94489f6d-fe79-40fc-acb2-36e6df399f83@group-C4684E36AC53-LeaderElection24 ELECTION round 0: submit vote requests at term 2 for 0: peers:[94489f6d-fe79-40fc-acb2-36e6df399f83|rpc:localhost:38335|admin:|client:|dataStream:|priority:0|startupRole:FOLLOWER]|listeners:[], old=null
2023-03-09 14:59:45,809 [94489f6d-fe79-40fc-acb2-36e6df399f83@group-C4684E36AC53-LeaderElection24] INFO  impl.LeaderElection (LeaderElection.java:askForVotes(314)) - 94489f6d-fe79-40fc-acb2-36e6df399f83@group-C4684E36AC53-LeaderElection24 ELECTION round 0: result PASSED (term=2)
2023-03-09 14:59:45,809 [94489f6d-fe79-40fc-acb2-36e6df399f83@group-C4684E36AC53-LeaderElection24] INFO  impl.RoleInfo (RoleInfo.java:shutdownLeaderElection(130)) - 94489f6d-fe79-40fc-acb2-36e6df399f83: shutdown 94489f6d-fe79-40fc-acb2-36e6df399f83@group-C4684E36AC53-LeaderElection24
2023-03-09 14:59:45,810 [94489f6d-fe79-40fc-acb2-36e6df399f83@group-C4684E36AC53-LeaderElection24] INFO  server.RaftServer$Division (RaftServerImpl.java:setRole(321)) - 94489f6d-fe79-40fc-acb2-36e6df399f83@group-C4684E36AC53: changes role from CANDIDATE to LEADER at term 2 for changeToLeader
2023-03-09 14:59:45,810 [94489f6d-fe79-40fc-acb2-36e6df399f83@group-C4684E36AC53-LeaderElection24] INFO  ha.SCMStateMachine (SCMStateMachine.java:notifyLeaderChanged(274)) - current SCM becomes leader of term 2.
2023-03-09 14:59:45,810 [94489f6d-fe79-40fc-acb2-36e6df399f83@group-C4684E36AC53-LeaderElection24] INFO  ha.SCMContext (SCMContext.java:updateLeaderAndTerm(99)) - update <isLeader,term> from <false,0> to <true,2>
2023-03-09 14:59:45,810 [94489f6d-fe79-40fc-acb2-36e6df399f83@group-C4684E36AC53-LeaderElection24] INFO  server.RaftServer$Division (ServerState.java:setLeader(313)) - 94489f6d-fe79-40fc-acb2-36e6df399f83@group-C4684E36AC53: change Leader from null to 94489f6d-fe79-40fc-acb2-36e6df399f83 at term 2 for becomeLeader, leader elected after 5204ms
2023-03-09 14:59:45,810 [94489f6d-fe79-40fc-acb2-36e6df399f83@group-C4684E36AC53-LeaderElection24] INFO  server.RaftServerConfigKeys (ConfUtils.java:logGet(46)) - raft.server.staging.catchup.gap = 1000 (default)
2023-03-09 14:59:45,810 [94489f6d-fe79-40fc-acb2-36e6df399f83@group-C4684E36AC53-LeaderElection24] INFO  server.RaftServerConfigKeys (ConfUtils.java:logGet(46)) - raft.server.write.element-limit = 4096 (default)
2023-03-09 14:59:45,810 [94489f6d-fe79-40fc-acb2-36e6df399f83@group-C4684E36AC53-LeaderElection24] INFO  server.RaftServerConfigKeys (ConfUtils.java:logGet(46)) - raft.server.write.byte-limit = 64MB (=67108864) (default)
2023-03-09 14:59:45,810 [94489f6d-fe79-40fc-acb2-36e6df399f83@group-C4684E36AC53-LeaderElection24] INFO  server.RaftServerConfigKeys (ConfUtils.java:logGet(46)) - raft.server.watch.timeout = 10s (default)
2023-03-09 14:59:45,811 [94489f6d-fe79-40fc-acb2-36e6df399f83@group-C4684E36AC53-LeaderElection24] INFO  server.RaftServerConfigKeys (ConfUtils.java:logGet(46)) - raft.server.watch.timeout.denomination = 1s (default)
2023-03-09 14:59:45,811 [94489f6d-fe79-40fc-acb2-36e6df399f83@group-C4684E36AC53-LeaderElection24] INFO  server.RaftServerConfigKeys (ConfUtils.java:logGet(46)) - raft.server.watch.element-limit = 65536 (default)
2023-03-09 14:59:45,811 [94489f6d-fe79-40fc-acb2-36e6df399f83@group-C4684E36AC53-LeaderElection24] INFO  server.RaftServerConfigKeys (ConfUtils.java:logGet(46)) - raft.server.write.element-limit = 4096 (default)
2023-03-09 14:59:45,811 [94489f6d-fe79-40fc-acb2-36e6df399f83@group-C4684E36AC53-LeaderElection24] INFO  server.RaftServerConfigKeys (ConfUtils.java:logGet(46)) - raft.server.write.follower.gap.ratio.max = -1.0 (default)
2023-03-09 14:59:45,811 [94489f6d-fe79-40fc-acb2-36e6df399f83@group-C4684E36AC53-LeaderElection24] INFO  impl.RoleInfo (RoleInfo.java:updateAndGet(139)) - 94489f6d-fe79-40fc-acb2-36e6df399f83: start 94489f6d-fe79-40fc-acb2-36e6df399f83@group-C4684E36AC53-LeaderStateImpl
2023-03-09 14:59:45,811 [94489f6d-fe79-40fc-acb2-36e6df399f83@group-C4684E36AC53-LeaderElection24] INFO  segmented.SegmentedRaftLogWorker (SegmentedRaftLogWorker.java:rollLogSegment(457)) - 94489f6d-fe79-40fc-acb2-36e6df399f83@group-C4684E36AC53-SegmentedRaftLogWorker: Rolling segment log-0_0 to index:0
2023-03-09 14:59:45,813 [94489f6d-fe79-40fc-acb2-36e6df399f83@group-C4684E36AC53-SegmentedRaftLogWorker] INFO  segmented.SegmentedRaftLogWorker (SegmentedRaftLogWorker.java:execute(613)) - 94489f6d-fe79-40fc-acb2-36e6df399f83@group-C4684E36AC53-SegmentedRaftLogWorker: Rolled log segment from /home/runner/work/ozone/ozone/hadoop-ozone/integration-test/target/test-dir/MiniOzoneClusterImpl-0be2ff2d-c2a8-4ed5-ac17-c4684e36ac53/scmNode-1/scm-ha/0be2ff2d-c2a8-4ed5-ac17-c4684e36ac53/current/log_inprogress_0 to /home/runner/work/ozone/ozone/hadoop-ozone/integration-test/target/test-dir/MiniOzoneClusterImpl-0be2ff2d-c2a8-4ed5-ac17-c4684e36ac53/scmNode-1/scm-ha/0be2ff2d-c2a8-4ed5-ac17-c4684e36ac53/current/log_0-0
2023-03-09 14:59:45,818 [94489f6d-fe79-40fc-acb2-36e6df399f83@group-C4684E36AC53-LeaderElection24] INFO  server.RaftServer$Division (ServerState.java:setRaftConf(430)) - 94489f6d-fe79-40fc-acb2-36e6df399f83@group-C4684E36AC53: set configuration 1: peers:[94489f6d-fe79-40fc-acb2-36e6df399f83|rpc:localhost:38335|admin:|client:|dataStream:|priority:0|startupRole:FOLLOWER]|listeners:[], old=null
2023-03-09 14:59:45,826 [94489f6d-fe79-40fc-acb2-36e6df399f83@group-C4684E36AC53-SegmentedRaftLogWorker] INFO  segmented.SegmentedRaftLogWorker (SegmentedRaftLogWorker.java:execute(656)) - 94489f6d-fe79-40fc-acb2-36e6df399f83@group-C4684E36AC53-SegmentedRaftLogWorker: created new log segment /home/runner/work/ozone/ozone/hadoop-ozone/integration-test/target/test-dir/MiniOzoneClusterImpl-0be2ff2d-c2a8-4ed5-ac17-c4684e36ac53/scmNode-1/scm-ha/0be2ff2d-c2a8-4ed5-ac17-c4684e36ac53/current/log_inprogress_1
2023-03-09 14:59:45,827 [94489f6d-fe79-40fc-acb2-36e6df399f83@group-C4684E36AC53-StateMachineUpdater] INFO  ha.SCMContext (SCMContext.java:setLeaderReady(126)) - update <isLeaderReady> from <false> to <true>
2023-03-09 14:59:45,828 [94489f6d-fe79-40fc-acb2-36e6df399f83@group-C4684E36AC53-StateMachineUpdater] INFO  pipeline.BackgroundPipelineCreator (BackgroundPipelineCreator.java:notifyStatusChanged(254)) - Service BackgroundPipelineCreator transitions to RUNNING.
2023-03-09 14:59:45,830 [94489f6d-fe79-40fc-acb2-36e6df399f83@group-C4684E36AC53-StateMachineUpdater] INFO  safemode.HealthyPipelineSafeModeRule (HealthyPipelineSafeModeRule.java:initializeRule(165)) - Refreshed total pipeline count is 0, healthy pipeline threshold count is 1
2023-03-09 14:59:45,830 [94489f6d-fe79-40fc-acb2-36e6df399f83@group-C4684E36AC53-StateMachineUpdater] INFO  safemode.ContainerSafeModeRule (ContainerSafeModeRule.java:reInitializeRule(177)) - Refreshed one replica container threshold 0, currentThreshold 0
2023-03-09 14:59:45,830 [94489f6d-fe79-40fc-acb2-36e6df399f83@group-C4684E36AC53-StateMachineUpdater] INFO  safemode.OneReplicaPipelineSafeModeRule (OneReplicaPipelineSafeModeRule.java:initializeRule(176)) - Refreshed Total pipeline count is 0, pipeline's with at least one datanode reported threshold count is 0
2023-03-09 14:59:45,830 [94489f6d-fe79-40fc-acb2-36e6df399f83@group-C4684E36AC53-StateMachineUpdater] INFO  server.SCMDatanodeProtocolServer (SCMDatanodeProtocolServer.java:start(193)) - ScmDatanodeProtocol RPC server for DataNodes is listening at /0.0.0.0:36681
2023-03-09 14:59:45,832 [IPC Server listener on 36681] INFO  ipc.Server (Server.java:run(1352)) - IPC Server listener on 36681: starting
2023-03-09 14:59:45,832 [IPC Server Responder] INFO  ipc.Server (Server.java:run(1512)) - IPC Server Responder: starting
2023-03-09 14:59:46,235 [EndpointStateMachine task thread for /127.0.0.1:40177 - 0 ] INFO  ipc.Client (Client.java:handleConnectionFailure(1010)) - Retrying connect to server: localhost/127.0.0.1:40177. Already tried 1 time(s); retry policy is RetryUpToMaximumCountWithFixedSleep(maxRetries=15, sleepTime=1000 MILLISECONDS)
OM initialization succeeded.Current cluster id for sd=/home/runner/work/ozone/ozone/hadoop-ozone/integration-test/target/test-dir/MiniOzoneClusterImpl-0be2ff2d-c2a8-4ed5-ac17-c4684e36ac53/omNode-1/om;cid=0be2ff2d-c2a8-4ed5-ac17-c4684e36ac53;layoutVersion=3
2023-03-09 14:59:46,909 [Listener at 0.0.0.0/43819] INFO  ha.OMHANodeDetails (OMHANodeDetails.java:loadOMHAConfig(121)) - ServiceID for OzoneManager is om-add-remove
2023-03-09 14:59:46,909 [Listener at 0.0.0.0/43819] INFO  ha.OMHANodeDetails (OMHANodeDetails.java:loadOMHAConfig(201)) - Found matching OM address with OMServiceId: om-add-remove, OMNodeId: omNode-1, RPC Address: localhost:46569 and Ratis port: 37963
2023-03-09 14:59:46,910 [Listener at 0.0.0.0/43819] INFO  ha.OMHANodeDetails (ConfUtils.java:setNodeSpecificConfigs(97)) - Setting configuration key ozone.om.http-address with value of key ozone.om.http-address.om-add-remove.omNode-1: 127.0.0.1:39545
2023-03-09 14:59:46,910 [Listener at 0.0.0.0/43819] INFO  ha.OMHANodeDetails (ConfUtils.java:setNodeSpecificConfigs(97)) - Setting configuration key ozone.om.https-address with value of key ozone.om.https-address.om-add-remove.omNode-1: 127.0.0.1:44447
2023-03-09 14:59:46,910 [Listener at 0.0.0.0/43819] INFO  ha.OMHANodeDetails (ConfUtils.java:setNodeSpecificConfigs(97)) - Setting configuration key ozone.om.address with value of key ozone.om.address.om-add-remove.omNode-1: 127.0.0.1:46569
2023-03-09 14:59:46,910 [Listener at 0.0.0.0/43819] WARN  server.ServerUtils (ServerUtils.java:getDBPath(225)) - ozone.om.db.dirs is not configured. We recommend adding this setting. Falling back to ozone.metadata.dirs instead.
2023-03-09 14:59:46,911 [Listener at 0.0.0.0/43819] INFO  upgrade.AbstractLayoutVersionManager (AbstractLayoutVersionManager.java:init(83)) - Initializing Layout version manager with metadata layout = MULTITENANCY_SCHEMA (version = 3), software layout = MULTITENANCY_SCHEMA (version = 3)
2023-03-09 14:59:46,991 [Listener at 0.0.0.0/43819] INFO  reflections.Reflections (Reflections.java:scan(232)) - Reflections took 78 ms to scan 2 urls, producing 167 keys and 459 values [using 2 cores]
2023-03-09 14:59:46,992 [Listener at 0.0.0.0/43819] INFO  upgrade.OMLayoutVersionManager (OMLayoutVersionManager.java:lambda$0(115)) - Skipping Upgrade Action MockOmUpgradeAction since it has been finalized.
2023-03-09 14:59:46,992 [Listener at 0.0.0.0/43819] WARN  server.ServerUtils (ServerUtils.java:getDBPath(225)) - ozone.om.db.dirs is not configured. We recommend adding this setting. Falling back to ozone.metadata.dirs instead.
2023-03-09 14:59:46,993 [Listener at 0.0.0.0/43819] INFO  ha.SCMNodeInfo (SCMNodeInfo.java:getPort(197)) - ConfigKey ozone.scm.client.address is deprecated, For configuring different ports for each SCM use PortConfigKey ozone.scm.client.port appended with serviceId and nodeId
2023-03-09 14:59:46,993 [Listener at 0.0.0.0/43819] INFO  ha.SCMNodeInfo (SCMNodeInfo.java:getPort(197)) - ConfigKey ozone.scm.block.client.address is deprecated, For configuring different ports for each SCM use PortConfigKey ozone.scm.block.client.port appended with serviceId and nodeId
2023-03-09 14:59:46,993 [Listener at 0.0.0.0/43819] INFO  ha.SCMNodeInfo (SCMNodeInfo.java:getPort(197)) - ConfigKey ozone.scm.datanode.address is deprecated, For configuring different ports for each SCM use PortConfigKey ozone.scm.datanode.port appended with serviceId and nodeId
2023-03-09 14:59:46,993 [Listener at 0.0.0.0/43819] INFO  ha.SCMNodeInfo (SCMNodeInfo.java:getPort(197)) - ConfigKey ozone.scm.client.address is deprecated, For configuring different ports for each SCM use PortConfigKey ozone.scm.client.port appended with serviceId and nodeId
2023-03-09 14:59:46,993 [Listener at 0.0.0.0/43819] INFO  ha.SCMNodeInfo (SCMNodeInfo.java:getPort(197)) - ConfigKey ozone.scm.block.client.address is deprecated, For configuring different ports for each SCM use PortConfigKey ozone.scm.block.client.port appended with serviceId and nodeId
2023-03-09 14:59:46,994 [Listener at 0.0.0.0/43819] INFO  ha.SCMNodeInfo (SCMNodeInfo.java:getPort(197)) - ConfigKey ozone.scm.datanode.address is deprecated, For configuring different ports for each SCM use PortConfigKey ozone.scm.datanode.port appended with serviceId and nodeId
2023-03-09 14:59:46,994 [Listener at 0.0.0.0/43819] INFO  proxy.SCMBlockLocationFailoverProxyProvider (SCMBlockLocationFailoverProxyProvider.java:<init>(114)) - Created block location fail-over proxy with 1 nodes: [nodeId=scmNode-1,nodeAddress=/127.0.0.1:38735]
2023-03-09 14:59:46,995 [Listener at 0.0.0.0/43819] INFO  ha.SCMNodeInfo (SCMNodeInfo.java:getPort(197)) - ConfigKey ozone.scm.client.address is deprecated, For configuring different ports for each SCM use PortConfigKey ozone.scm.client.port appended with serviceId and nodeId
2023-03-09 14:59:46,995 [Listener at 0.0.0.0/43819] INFO  ha.SCMNodeInfo (SCMNodeInfo.java:getPort(197)) - ConfigKey ozone.scm.block.client.address is deprecated, For configuring different ports for each SCM use PortConfigKey ozone.scm.block.client.port appended with serviceId and nodeId
2023-03-09 14:59:46,995 [Listener at 0.0.0.0/43819] INFO  ha.SCMNodeInfo (SCMNodeInfo.java:getPort(197)) - ConfigKey ozone.scm.datanode.address is deprecated, For configuring different ports for each SCM use PortConfigKey ozone.scm.datanode.port appended with serviceId and nodeId
2023-03-09 14:59:46,995 [Listener at 0.0.0.0/43819] INFO  proxy.SCMBlockLocationFailoverProxyProvider (SCMBlockLocationFailoverProxyProvider.java:<init>(114)) - Created block location fail-over proxy with 1 nodes: [nodeId=scmNode-1,nodeAddress=/127.0.0.1:38735]
2023-03-09 14:59:47,013 [Listener at 0.0.0.0/43819] INFO  om.OzoneManager (OzoneManager.java:<init>(619)) - OM start with adminUsers: [runner]
2023-03-09 14:59:47,015 [Listener at 0.0.0.0/43819] WARN  server.ServerUtils (ServerUtils.java:getDBPath(225)) - ozone.om.db.dirs is not configured. We recommend adding this setting. Falling back to ozone.metadata.dirs instead.
2023-03-09 14:59:47,015 [Listener at 0.0.0.0/43819] INFO  codec.OmKeyInfoCodec (OmKeyInfoCodec.java:<init>(49)) - OmKeyInfoCodec ignorePipeline = true
2023-03-09 14:59:47,015 [Listener at 0.0.0.0/43819] INFO  codec.RepeatedOmKeyInfoCodec (RepeatedOmKeyInfoCodec.java:<init>(41)) - RepeatedOmKeyInfoCodec ignorePipeline = true
2023-03-09 14:59:47,236 [EndpointStateMachine task thread for /127.0.0.1:40177 - 0 ] INFO  ipc.Client (Client.java:handleConnectionFailure(1010)) - Retrying connect to server: localhost/127.0.0.1:40177. Already tried 2 time(s); retry policy is RetryUpToMaximumCountWithFixedSleep(maxRetries=15, sleepTime=1000 MILLISECONDS)
2023-03-09 14:59:47,247 [Listener at 0.0.0.0/43819] INFO  om.OzoneManager (OzoneManager.java:instantiateServices(749)) - S3 Multi-Tenancy is disabled
2023-03-09 14:59:47,247 [Listener at 0.0.0.0/43819] WARN  server.ServerUtils (ServerUtils.java:getDBPath(225)) - ozone.om.snapshot.diff.db.dir is not configured. We recommend adding this setting. Falling back to ozone.metadata.dirs instead.
2023-03-09 14:59:47,269 [Listener at 0.0.0.0/43819] INFO  om.OzoneManager (OzoneManager.java:addS3GVolumeToDB(4217)) - Created Volume s3v With Owner runner required for S3Gateway operations.
2023-03-09 14:59:47,269 [Listener at 0.0.0.0/43819] WARN  server.ServerUtils (ServerUtils.java:getDefaultRatisDirectory(237)) - Storage directory for Ratis is not configured. It is a good idea to map this to an SSD disk. Falling back to ozone.metadata.dirs
2023-03-09 14:59:47,269 [Listener at 0.0.0.0/43819] WARN  utils.OzoneManagerRatisUtils (OzoneManagerRatisUtils.java:getOMRatisSnapshotDirectory(436)) - ozone.om.ratis.snapshot.dir is not configured. Falling back to ozone.metadata.dirs config
2023-03-09 14:59:47,270 [Listener at 0.0.0.0/43819] WARN  impl.MetricRegistriesImpl (MetricRegistriesImpl.java:addReporterRegistration(111)) - New reporters are added after registries were created. Some metrics will be missing from the reporter. Please add reporter before adding any new registry.
2023-03-09 14:59:47,270 [Listener at 0.0.0.0/43819] WARN  impl.MetricRegistriesImpl (MetricRegistriesImpl.java:addReporterRegistration(111)) - New reporters are added after registries were created. Some metrics will be missing from the reporter. Please add reporter before adding any new registry.
2023-03-09 14:59:47,270 [Listener at 0.0.0.0/43819] WARN  server.ServerUtils (ServerUtils.java:getDefaultRatisDirectory(237)) - Storage directory for Ratis is not configured. It is a good idea to map this to an SSD disk. Falling back to ozone.metadata.dirs
2023-03-09 14:59:47,272 [Listener at 0.0.0.0/43819] INFO  ratis.OzoneManagerRatisServer (OzoneManagerRatisServer.java:<init>(164)) - Instantiating OM Ratis server with groupID: om-add-remove and peers: localhost:37963
2023-03-09 14:59:47,272 [Listener at 0.0.0.0/43819] INFO  ratis.OzoneManagerStateMachine (OzoneManagerStateMachine.java:loadSnapshotInfoFromDB(636)) - LastAppliedIndex is set from TransactionInfo from OM DB as (t:0, i:~)
2023-03-09 14:59:47,274 [Listener at 0.0.0.0/43819] INFO  server.RaftServer (ConfUtils.java:logGet(46)) - raft.rpc.type = GRPC (default)
2023-03-09 14:59:47,274 [Listener at 0.0.0.0/43819] INFO  grpc.GrpcConfigKeys (ConfUtils.java:logFallback(53)) - raft.grpc.admin.host = null (fallback to raft.grpc.server.host)
2023-03-09 14:59:47,274 [Listener at 0.0.0.0/43819] INFO  grpc.GrpcConfigKeys (ConfUtils.java:logFallback(53)) - raft.grpc.admin.port = 37963 (fallback to raft.grpc.server.port)
2023-03-09 14:59:47,274 [Listener at 0.0.0.0/43819] INFO  grpc.GrpcConfigKeys (ConfUtils.java:logFallback(53)) - raft.grpc.client.host = null (fallback to raft.grpc.server.host)
2023-03-09 14:59:47,275 [Listener at 0.0.0.0/43819] INFO  grpc.GrpcConfigKeys (ConfUtils.java:logFallback(53)) - raft.grpc.client.port = 37963 (fallback to raft.grpc.server.port)
2023-03-09 14:59:47,275 [Listener at 0.0.0.0/43819] INFO  grpc.GrpcConfigKeys (ConfUtils.java:logGet(46)) - raft.grpc.server.host = null (default)
2023-03-09 14:59:47,275 [Listener at 0.0.0.0/43819] INFO  grpc.GrpcConfigKeys (ConfUtils.java:logGet(46)) - raft.grpc.server.port = 37963 (custom)
2023-03-09 14:59:47,275 [Listener at 0.0.0.0/43819] INFO  server.GrpcService (ConfUtils.java:logGet(46)) - raft.grpc.message.size.max = 33554432 (custom)
2023-03-09 14:59:47,275 [Listener at 0.0.0.0/43819] INFO  server.RaftServerConfigKeys (ConfUtils.java:logGet(46)) - raft.server.log.appender.buffer.byte-limit = 33554432 (custom)
2023-03-09 14:59:47,276 [Listener at 0.0.0.0/43819] INFO  server.GrpcService (ConfUtils.java:logGet(46)) - raft.grpc.flow.control.window = 1MB (=1048576) (default)
2023-03-09 14:59:47,276 [Listener at 0.0.0.0/43819] INFO  server.RaftServerConfigKeys (ConfUtils.java:logGet(46)) - raft.server.rpc.request.timeout = 3000ms (default)
2023-03-09 14:59:47,276 [Listener at 0.0.0.0/43819] INFO  grpc.GrpcConfigKeys (ConfUtils.java:logGet(46)) - raft.grpc.server.heartbeat.channel = true (default)
2023-03-09 14:59:47,276 [Listener at 0.0.0.0/43819] INFO  grpc.GrpcConfigKeys (ConfUtils.java:logGet(46)) - raft.grpc.server.async.request.thread.pool.cached = true (default)
2023-03-09 14:59:47,276 [Listener at 0.0.0.0/43819] INFO  grpc.GrpcConfigKeys (ConfUtils.java:logGet(46)) - raft.grpc.server.async.request.thread.pool.size = 32 (default)
2023-03-09 14:59:47,278 [Listener at 0.0.0.0/43819] INFO  impl.DataStreamServerImpl (ConfUtils.java:logGet(46)) - raft.datastream.type = DISABLED (default)
2023-03-09 14:59:47,278 [Listener at 0.0.0.0/43819] INFO  server.RaftServerConfigKeys (ConfUtils.java:logGet(46)) - raft.server.threadpool.proxy.cached = true (default)
2023-03-09 14:59:47,278 [Listener at 0.0.0.0/43819] INFO  server.RaftServerConfigKeys (ConfUtils.java:logGet(46)) - raft.server.threadpool.proxy.size = 0 (default)
2023-03-09 14:59:47,278 [Listener at 0.0.0.0/43819] INFO  server.RaftServerConfigKeys (ConfUtils.java:logGet(46)) - raft.server.rpc.slowness.timeout = 2s (custom)
2023-03-09 14:59:47,278 [Listener at 0.0.0.0/43819] INFO  server.RaftServerConfigKeys (ConfUtils.java:logGet(46)) - raft.server.leaderelection.leader.step-down.wait-time = 10s (default)
2023-03-09 14:59:47,279 [Listener at 0.0.0.0/43819] INFO  server.RaftServerConfigKeys (ConfUtils.java:logGet(46)) - raft.server.storage.dir = [/home/runner/work/ozone/ozone/hadoop-ozone/integration-test/target/test-dir/MiniOzoneClusterImpl-0be2ff2d-c2a8-4ed5-ac17-c4684e36ac53/omNode-1/ratis] (custom)
2023-03-09 14:59:47,286 [Listener at 0.0.0.0/43819] INFO  server.RaftServer (RaftServerProxy.java:addNew(96)) - omNode-1: addNew group-0AAC5367B30E:[omNode-1|rpc:localhost:37963|priority:0|startupRole:FOLLOWER] returns group-0AAC5367B30E:java.util.concurrent.CompletableFuture@4244148a[Not completed]
2023-03-09 14:59:47,286 [Listener at 0.0.0.0/43819] INFO  om.OzoneManager (OzoneManager.java:initializeRatisServer(2096)) - OzoneManager Ratis server initialized at port 37963
2023-03-09 14:59:47,286 [Listener at 0.0.0.0/43819] INFO  om.OzoneManager (OzoneManager.java:getRpcServer(1132)) - Creating RPC Server
2023-03-09 14:59:47,288 [pool-474-thread-1] INFO  server.RaftServer$Division (RaftServerImpl.java:<init>(195)) - omNode-1: new RaftServerImpl for group-0AAC5367B30E:[omNode-1|rpc:localhost:37963|priority:0|startupRole:FOLLOWER] with OzoneManagerStateMachine:uninitialized
2023-03-09 14:59:47,288 [pool-474-thread-1] INFO  server.RaftServerConfigKeys (ConfUtils.java:logGet(46)) - raft.server.rpc.timeout.min = 1s (custom)
2023-03-09 14:59:47,288 [pool-474-thread-1] INFO  server.RaftServerConfigKeys (ConfUtils.java:logGet(46)) - raft.server.rpc.timeout.max = 1200ms (custom)
2023-03-09 14:59:47,288 [pool-474-thread-1] INFO  server.RaftServerConfigKeys (ConfUtils.java:logGet(46)) - raft.server.rpc.sleep.time = 25ms (default)
2023-03-09 14:59:47,288 [pool-474-thread-1] INFO  server.RaftServerConfigKeys (ConfUtils.java:logGet(46)) - raft.server.rpc.slowness.timeout = 2s (custom)
2023-03-09 14:59:47,288 [pool-474-thread-1] INFO  server.RaftServerConfigKeys (ConfUtils.java:logGet(46)) - raft.server.leaderelection.leader.step-down.wait-time = 10s (default)
2023-03-09 14:59:47,288 [pool-474-thread-1] INFO  server.RaftServerConfigKeys (ConfUtils.java:logGet(46)) - raft.server.sleep.deviation.threshold = 300ms (default)
2023-03-09 14:59:47,288 [pool-474-thread-1] INFO  server.RaftServer$Division (ServerState.java:<init>(118)) - omNode-1@group-0AAC5367B30E: ConfigurationManager, init=-1: peers:[omNode-1|rpc:localhost:37963|priority:0|startupRole:FOLLOWER]|listeners:[], old=null, confs=<EMPTY_MAP>
2023-03-09 14:59:47,288 [pool-474-thread-1] INFO  server.RaftServerConfigKeys (ConfUtils.java:logGet(46)) - raft.server.storage.dir = [/home/runner/work/ozone/ozone/hadoop-ozone/integration-test/target/test-dir/MiniOzoneClusterImpl-0be2ff2d-c2a8-4ed5-ac17-c4684e36ac53/omNode-1/ratis] (custom)
2023-03-09 14:59:47,288 [pool-474-thread-1] INFO  server.RaftServerConfigKeys (ConfUtils.java:logGet(46)) - raft.server.log.corruption.policy = EXCEPTION (default)
2023-03-09 14:59:47,289 [pool-474-thread-1] INFO  server.RaftServerConfigKeys (ConfUtils.java:logGet(46)) - raft.server.storage.free-space.min = 0MB (=0) (default)
2023-03-09 14:59:47,289 [pool-474-thread-1] INFO  server.RaftServerConfigKeys (ConfUtils.java:logGet(46)) - raft.server.notification.no-leader.timeout = 2s (custom)
2023-03-09 14:59:47,289 [pool-474-thread-1] INFO  server.RaftServerConfigKeys (ConfUtils.java:logGet(46)) - raft.server.retrycache.expirytime = 300s (custom)
2023-03-09 14:59:47,289 [pool-474-thread-1] INFO  server.RaftServerConfigKeys (ConfUtils.java:logGet(46)) - raft.server.retrycache.statistics.expirytime = 100μs (default)
2023-03-09 14:59:47,290 [pool-474-thread-1] INFO  server.RaftServerConfigKeys (ConfUtils.java:logGet(46)) - raft.server.log.appender.install.snapshot.enabled = false (custom)
2023-03-09 14:59:47,290 [pool-474-thread-1] INFO  server.RaftServerConfigKeys (ConfUtils.java:logGet(46)) - raft.server.threadpool.server.cached = true (default)
2023-03-09 14:59:47,290 [pool-474-thread-1] INFO  server.RaftServerConfigKeys (ConfUtils.java:logGet(46)) - raft.server.threadpool.server.size = 0 (default)
2023-03-09 14:59:47,290 [pool-474-thread-1] INFO  server.RaftServerConfigKeys (ConfUtils.java:logGet(46)) - raft.server.threadpool.client.cached = true (default)
2023-03-09 14:59:47,290 [pool-474-thread-1] INFO  server.RaftServerConfigKeys (ConfUtils.java:logGet(46)) - raft.server.threadpool.client.size = 0 (default)
2023-03-09 14:59:47,623 [Listener at 0.0.0.0/43819] INFO  reflections.Reflections (Reflections.java:scan(232)) - Reflections took 336 ms to scan 19 urls, producing 68 keys and 4914 values [using 2 cores]
2023-03-09 14:59:47,625 [Listener at 0.0.0.0/43819] INFO  ipc.CallQueueManager (CallQueueManager.java:<init>(90)) - Using callQueue: class java.util.concurrent.LinkedBlockingQueue, queueCapacity: 2000, scheduler: class org.apache.hadoop.ipc.DefaultRpcScheduler, ipcBackoff: false.
2023-03-09 14:59:47,628 [Socket Reader #1 for port 46569] INFO  ipc.Server (Server.java:run(1273)) - Starting Socket Reader #1 for port 46569
2023-03-09 14:59:47,654 [Listener at 127.0.0.1/46569] INFO  impl.MetricsSystemImpl (MetricsSystemImpl.java:init(158)) - OzoneManager metrics system started (again)
2023-03-09 14:59:47,668 [Listener at 127.0.0.1/46569] INFO  om.OzoneManager (OzoneManager.java:start(1553)) - OzoneManager RPC server is listening at localhost/127.0.0.1:46569
2023-03-09 14:59:47,669 [Listener at 127.0.0.1/46569] INFO  ratis.OzoneManagerRatisServer (OzoneManagerRatisServer.java:start(559)) - Starting OzoneManagerRatisServer omNode-1 at port 37963
2023-03-09 14:59:47,669 [omNode-1-impl-thread1] INFO  storage.RaftStorageDirectory (RaftStorageDirectoryImpl.java:analyzeStorage(137)) - The storage directory /home/runner/work/ozone/ozone/hadoop-ozone/integration-test/target/test-dir/MiniOzoneClusterImpl-0be2ff2d-c2a8-4ed5-ac17-c4684e36ac53/omNode-1/ratis/0718e334-ffa1-36bc-8e9a-0aac5367b30e does not exist. Creating ...
2023-03-09 14:59:47,670 [omNode-1-impl-thread1] INFO  storage.RaftStorageDirectory (RaftStorageDirectoryImpl.java:tryLock(231)) - Lock on /home/runner/work/ozone/ozone/hadoop-ozone/integration-test/target/test-dir/MiniOzoneClusterImpl-0be2ff2d-c2a8-4ed5-ac17-c4684e36ac53/omNode-1/ratis/0718e334-ffa1-36bc-8e9a-0aac5367b30e/in_use.lock acquired by nodename 57158@fv-az377-502
2023-03-09 14:59:47,671 [omNode-1-impl-thread1] INFO  storage.RaftStorage (RaftStorageImpl.java:format(96)) - Storage directory /home/runner/work/ozone/ozone/hadoop-ozone/integration-test/target/test-dir/MiniOzoneClusterImpl-0be2ff2d-c2a8-4ed5-ac17-c4684e36ac53/omNode-1/ratis/0718e334-ffa1-36bc-8e9a-0aac5367b30e has been successfully formatted.
2023-03-09 14:59:47,672 [omNode-1-impl-thread1] INFO  server.RaftServerConfigKeys (ConfUtils.java:logGet(46)) - raft.server.log.use.memory = false (default)
2023-03-09 14:59:47,672 [omNode-1-impl-thread1] INFO  server.RaftServerConfigKeys (ConfUtils.java:logGet(46)) - raft.server.log.purge.gap = 1000000 (custom)
2023-03-09 14:59:47,672 [omNode-1-impl-thread1] INFO  server.RaftServerConfigKeys (ConfUtils.java:logGet(46)) - raft.server.log.appender.buffer.byte-limit = 33554432 (custom)
2023-03-09 14:59:47,672 [omNode-1-impl-thread1] INFO  server.RaftServerConfigKeys (ConfUtils.java:logGet(46)) - raft.server.log.statemachine.data.read.timeout = 1000ms (default)
2023-03-09 14:59:47,672 [omNode-1-impl-thread1] INFO  server.RaftServerConfigKeys (ConfUtils.java:logGet(46)) - raft.server.log.purge.preservation.log.num = 0 (default)
2023-03-09 14:59:47,672 [omNode-1-impl-thread1] INFO  server.RaftServerConfigKeys (ConfUtils.java:logGet(46)) - raft.server.log.segment.size.max = 4194304 (custom)
2023-03-09 14:59:47,673 [omNode-1-impl-thread1] INFO  server.RaftServerConfigKeys (ConfUtils.java:logGet(46)) - raft.server.log.segment.cache.num.max = 2 (custom)
2023-03-09 14:59:47,673 [omNode-1-impl-thread1] INFO  server.RaftServerConfigKeys (ConfUtils.java:logGet(46)) - raft.server.log.segment.cache.size.max = 200MB (=209715200) (default)
2023-03-09 14:59:47,673 [omNode-1-impl-thread1] INFO  segmented.SegmentedRaftLogWorker (SegmentedRaftLogWorker.java:<init>(189)) - new omNode-1@group-0AAC5367B30E-SegmentedRaftLogWorker for RaftStorageImpl:Storage Directory /home/runner/work/ozone/ozone/hadoop-ozone/integration-test/target/test-dir/MiniOzoneClusterImpl-0be2ff2d-c2a8-4ed5-ac17-c4684e36ac53/omNode-1/ratis/0718e334-ffa1-36bc-8e9a-0aac5367b30e
2023-03-09 14:59:47,673 [omNode-1-impl-thread1] INFO  server.RaftServerConfigKeys (ConfUtils.java:logGet(46)) - raft.server.log.queue.byte-limit = 64MB (=67108864) (default)
2023-03-09 14:59:47,673 [omNode-1-impl-thread1] INFO  server.RaftServerConfigKeys (ConfUtils.java:logGet(46)) - raft.server.log.queue.element-limit = 4096 (default)
2023-03-09 14:59:47,673 [omNode-1-impl-thread1] INFO  server.RaftServerConfigKeys (ConfUtils.java:logGet(46)) - raft.server.log.segment.size.max = 4194304 (custom)
2023-03-09 14:59:47,673 [omNode-1-impl-thread1] INFO  server.RaftServerConfigKeys (ConfUtils.java:logGet(46)) - raft.server.log.preallocated.size = 4194304 (custom)
2023-03-09 14:59:47,673 [omNode-1-impl-thread1] INFO  server.RaftServerConfigKeys (ConfUtils.java:logGet(46)) - raft.server.log.force.sync.num = 128 (default)
2023-03-09 14:59:47,673 [omNode-1-impl-thread1] INFO  server.RaftServerConfigKeys (ConfUtils.java:logGet(46)) - raft.server.log.statemachine.data.sync = true (default)
2023-03-09 14:59:47,673 [omNode-1-impl-thread1] INFO  server.RaftServerConfigKeys (ConfUtils.java:logGet(46)) - raft.server.log.statemachine.data.sync.timeout = 10s (default)
2023-03-09 14:59:47,673 [omNode-1-impl-thread1] INFO  server.RaftServerConfigKeys (ConfUtils.java:logGet(46)) - raft.server.log.statemachine.data.sync.timeout.retry = -1 (default)
2023-03-09 14:59:47,673 [omNode-1-impl-thread1] INFO  server.RaftServerConfigKeys (ConfUtils.java:logGet(46)) - raft.server.log.write.buffer.size = 64KB (=65536) (default)
2023-03-09 14:59:47,674 [omNode-1-impl-thread1] INFO  server.RaftServerConfigKeys (ConfUtils.java:logGet(46)) - raft.server.log.appender.buffer.byte-limit = 33554432 (custom)
2023-03-09 14:59:47,680 [omNode-1-impl-thread1] INFO  server.RaftServerConfigKeys (ConfUtils.java:logGet(46)) - raft.server.log.unsafe-flush.enabled = false (default)
2023-03-09 14:59:47,680 [omNode-1-impl-thread1] INFO  server.RaftServerConfigKeys (ConfUtils.java:logGet(46)) - raft.server.log.async-flush.enabled = false (default)
2023-03-09 14:59:47,680 [omNode-1-impl-thread1] INFO  server.RaftServerConfigKeys (ConfUtils.java:logGet(46)) - raft.server.log.statemachine.data.caching.enabled = false (default)
2023-03-09 14:59:47,680 [omNode-1-impl-thread1] INFO  segmented.SegmentedRaftLogWorker (SegmentedRaftLogWorker.java:lambda$new$0(135)) - omNode-1@group-0AAC5367B30E-SegmentedRaftLogWorker: flushIndex: setUnconditionally 0 -> -1
2023-03-09 14:59:47,680 [omNode-1-impl-thread1] INFO  segmented.SegmentedRaftLogWorker (SegmentedRaftLogWorker.java:lambda$new$0(135)) - omNode-1@group-0AAC5367B30E-SegmentedRaftLogWorker: safeCacheEvictIndex: setUnconditionally 0 -> -1
2023-03-09 14:59:47,681 [omNode-1-impl-thread1] INFO  server.RaftServer$Division (RaftServerImpl.java:start(334)) - omNode-1@group-0AAC5367B30E: start as a follower, conf=-1: peers:[omNode-1|rpc:localhost:37963|priority:0|startupRole:FOLLOWER]|listeners:[], old=null
2023-03-09 14:59:47,681 [omNode-1-impl-thread1] INFO  server.RaftServer$Division (RaftServerImpl.java:setRole(321)) - omNode-1@group-0AAC5367B30E: changes role from      null to FOLLOWER at term 0 for startAsFollower
2023-03-09 14:59:47,681 [omNode-1-impl-thread1] INFO  impl.RoleInfo (RoleInfo.java:updateAndGet(139)) - omNode-1: start omNode-1@group-0AAC5367B30E-FollowerState
2023-03-09 14:59:47,681 [omNode-1-impl-thread1] INFO  util.JmxRegister (JmxRegister.java:tryRegister(44)) - Successfully registered JMX Bean with object name Ratis:service=RaftServer,group=group-0AAC5367B30E,id=omNode-1
2023-03-09 14:59:47,681 [omNode-1-impl-thread1] INFO  server.RaftServerConfigKeys (ConfUtils.java:logGet(46)) - raft.server.snapshot.auto.trigger.enabled = true (custom)
2023-03-09 14:59:47,682 [omNode-1-impl-thread1] INFO  server.RaftServerConfigKeys (ConfUtils.java:logGet(46)) - raft.server.snapshot.auto.trigger.threshold = 400000 (default)
2023-03-09 14:59:47,682 [omNode-1-impl-thread1] INFO  server.RaftServerConfigKeys (ConfUtils.java:logGet(46)) - raft.server.snapshot.retention.file.num = -1 (default)
2023-03-09 14:59:47,682 [omNode-1-impl-thread1] INFO  server.RaftServerConfigKeys (ConfUtils.java:logGet(46)) - raft.server.log.purge.upto.snapshot.index = true (custom)
2023-03-09 14:59:47,682 [Listener at 127.0.0.1/46569] INFO  server.RaftServer (RaftServerProxy.java:startImpl(393)) - omNode-1: start RPC server
2023-03-09 14:59:47,682 [omNode-1@group-0AAC5367B30E-FollowerState] INFO  server.RaftServerConfigKeys (ConfUtils.java:logFallback(53)) - raft.server.rpc.first-election.timeout.min = 1s (fallback to raft.server.rpc.timeout.min)
2023-03-09 14:59:47,686 [omNode-1@group-0AAC5367B30E-FollowerState] INFO  server.RaftServerConfigKeys (ConfUtils.java:logFallback(53)) - raft.server.rpc.first-election.timeout.max = 1200ms (fallback to raft.server.rpc.timeout.max)
2023-03-09 14:59:47,692 [Listener at 127.0.0.1/46569] INFO  server.GrpcService (GrpcService.java:startImpl(262)) - omNode-1: GrpcService started, listening on 37963
2023-03-09 14:59:47,693 [Listener at 127.0.0.1/46569] INFO  om.OzoneManager (JvmPauseMonitor.java:run(105)) - JvmPauseMonitor-omNode-1: Started
2023-03-09 14:59:47,693 [Listener at 127.0.0.1/46569] INFO  om.OzoneManager (OzoneManager.java:start(1569)) - Version File has different layout version (3) than OM DB (null). That is expected if this OM has never been finalized to a newer layout version.
2023-03-09 14:59:47,698 [Listener at 127.0.0.1/46569] INFO  http.BaseHttpServer (BaseHttpServer.java:newHttpServer2BuilderForOzone(224)) - Starting Web-server for ozoneManager at: http://0.0.0.0:39545
2023-03-09 14:59:47,698 [Listener at 127.0.0.1/46569] INFO  http.BaseHttpServer (BaseHttpServer.java:<init>(111)) - Hadoop Security Enabled: false Ozone Security Enabled: false Ozone HTTP Security Enabled: false 
2023-03-09 14:59:47,700 [Listener at 127.0.0.1/46569] WARN  server.AuthenticationFilter (AuthenticationFilter.java:constructSecretProvider(240)) - Unable to initialize FileSignerSecretProvider, falling back to use random secrets. Reason: Could not read signature secret file: /home/runner/hadoop-http-auth-signature-secret
2023-03-09 14:59:47,701 [Listener at 127.0.0.1/46569] WARN  http.HttpRequestLog (HttpRequestLog.java:getRequestLog(103)) - Jetty request log can only be enabled using Log4j
2023-03-09 14:59:47,703 [Listener at 127.0.0.1/46569] INFO  http.HttpServer2 (HttpServer2.java:addGlobalFilter(1031)) - Added global filter 'safety' (class=org.apache.hadoop.hdds.server.http.HttpServer2$QuotingInputFilter)
2023-03-09 14:59:47,704 [Listener at 127.0.0.1/46569] INFO  http.HttpServer2 (HttpServer2.java:addFilter(1007)) - Added filter static_user_filter (class=org.apache.hadoop.http.lib.StaticUserWebFilter$StaticUserFilter) to context ozoneManager
2023-03-09 14:59:47,704 [Listener at 127.0.0.1/46569] INFO  http.HttpServer2 (HttpServer2.java:addFilter(1015)) - Added filter static_user_filter (class=org.apache.hadoop.http.lib.StaticUserWebFilter$StaticUserFilter) to context static
2023-03-09 14:59:47,704 [Listener at 127.0.0.1/46569] INFO  http.HttpServer2 (HttpServer2.java:addFilter(1015)) - Added filter static_user_filter (class=org.apache.hadoop.http.lib.StaticUserWebFilter$StaticUserFilter) to context logs
2023-03-09 14:59:47,705 [Listener at 127.0.0.1/46569] INFO  http.BaseHttpServer (BaseHttpServer.java:<init>(190)) - HTTP server of ozoneManager uses base directory /home/runner/work/ozone/ozone/hadoop-ozone/integration-test/target/test-dir/MiniOzoneClusterImpl-0be2ff2d-c2a8-4ed5-ac17-c4684e36ac53/omNode-1/webserver
2023-03-09 14:59:47,705 [Listener at 127.0.0.1/46569] INFO  http.HttpServer2 (HttpServer2.java:bindListener(1250)) - Jetty bound to port 39545
2023-03-09 14:59:47,706 [Listener at 127.0.0.1/46569] INFO  server.Server (Server.java:doStart(375)) - jetty-9.4.49.v20220914; built: 2022-09-14T01:07:36.601Z; git: 4231a3b2e4cb8548a412a789936d640a97b1aa0a; jvm 1.8.0_362-b09
2023-03-09 14:59:47,707 [Listener at 127.0.0.1/46569] INFO  server.session (DefaultSessionIdManager.java:doStart(334)) - DefaultSessionIdManager workerName=node0
2023-03-09 14:59:47,707 [Listener at 127.0.0.1/46569] INFO  server.session (DefaultSessionIdManager.java:doStart(339)) - No SessionScavenger set, using defaults
2023-03-09 14:59:47,707 [Listener at 127.0.0.1/46569] INFO  server.session (HouseKeeper.java:startScavenging(132)) - node0 Scavenging every 600000ms
2023-03-09 14:59:47,708 [Listener at 127.0.0.1/46569] INFO  handler.ContextHandler (ContextHandler.java:doStart(921)) - Started o.e.j.s.ServletContextHandler@3a8a370{logs,/logs,file:///home/runner/work/ozone/ozone/hadoop-ozone/integration-test/target/log,AVAILABLE}
2023-03-09 14:59:47,709 [Listener at 127.0.0.1/46569] INFO  handler.ContextHandler (ContextHandler.java:doStart(921)) - Started o.e.j.s.ServletContextHandler@37a6eb47{static,/static,file:///home/runner/work/ozone/ozone/hadoop-ozone/integration-test/target/test-classes/webapps/static,AVAILABLE}
2023-03-09 14:59:47,712 [Listener at 127.0.0.1/46569] INFO  handler.ContextHandler (ContextHandler.java:doStart(921)) - Started o.e.j.w.WebAppContext@5a2481da{ozoneManager,/,file:///home/runner/work/ozone/ozone/hadoop-ozone/integration-test/target/test-classes/webapps/ozoneManager/,AVAILABLE}{file:/home/runner/work/ozone/ozone/hadoop-ozone/integration-test/target/test-classes/webapps/ozoneManager}
2023-03-09 14:59:47,714 [Listener at 127.0.0.1/46569] INFO  server.AbstractConnector (AbstractConnector.java:doStart(333)) - Started ServerConnector@61a1ca20{HTTP/1.1, (http/1.1)}{0.0.0.0:39545}
2023-03-09 14:59:47,715 [Listener at 127.0.0.1/46569] INFO  server.Server (Server.java:doStart(415)) - Started @118368ms
2023-03-09 14:59:47,715 [Listener at 127.0.0.1/46569] WARN  impl.MetricsSystemImpl (MetricsSystemImpl.java:register(279)) - Sink prometheus already exists!
2023-03-09 14:59:47,716 [Listener at 127.0.0.1/46569] INFO  http.BaseHttpServer (BaseHttpServer.java:updateConnectorAddress(344)) - HTTP server of ozoneManager listening at http://0.0.0.0:39545
2023-03-09 14:59:47,716 [IPC Server Responder] INFO  ipc.Server (Server.java:run(1512)) - IPC Server Responder: starting
2023-03-09 14:59:47,718 [IPC Server listener on 46569] INFO  ipc.Server (Server.java:run(1352)) - IPC Server listener on 46569: starting
2023-03-09 14:59:47,725 [Listener at 127.0.0.1/46569] INFO  om.OzoneManager (OzoneManager.java:startTrashEmptier(2040)) - Trash Interval set to 0. Files deleted won't move to trash
2023-03-09 14:59:47,725 [org.apache.hadoop.util.JvmPauseMonitor$Monitor@5b616a6d] INFO  util.JvmPauseMonitor (JvmPauseMonitor.java:run(188)) - Starting JVM pause monitor
2023-03-09 14:59:47,725 [Listener at 127.0.0.1/46569] INFO  ozone.MiniOzoneHAClusterImpl (MiniOzoneHAClusterImpl.java:createOMService(527)) - Started OzoneManager omNode-1 RPC server at localhost/127.0.0.1:46569
2023-03-09 14:59:47,743 [Listener at 127.0.0.1/46569] WARN  impl.MetricRegistriesImpl (MetricRegistriesImpl.java:addReporterRegistration(111)) - New reporters are added after registries were created. Some metrics will be missing from the reporter. Please add reporter before adding any new registry.
2023-03-09 14:59:47,743 [Listener at 127.0.0.1/46569] WARN  impl.MetricRegistriesImpl (MetricRegistriesImpl.java:addReporterRegistration(111)) - New reporters are added after registries were created. Some metrics will be missing from the reporter. Please add reporter before adding any new registry.
2023-03-09 14:59:47,744 [Listener at 127.0.0.1/46569] INFO  impl.MetricsSystemImpl (MetricsSystemImpl.java:init(158)) - HddsDatanode metrics system started (again)
2023-03-09 14:59:47,763 [Listener at 127.0.0.1/46569] INFO  ozone.HddsDatanodeService (HddsDatanodeService.java:start(229)) - HddsDatanodeService host:fv-az377-502.ap30g4v5sw5evmjtdmxdg2w53f.dx.internal.cloudapp.net ip:10.1.0.44
2023-03-09 14:59:47,787 [Listener at 127.0.0.1/46569] INFO  upgrade.AbstractLayoutVersionManager (AbstractLayoutVersionManager.java:init(83)) - Initializing Layout version manager with metadata layout = DATANODE_SCHEMA_V3 (version = 4), software layout = DATANODE_SCHEMA_V3 (version = 4)
2023-03-09 14:59:47,845 [Listener at 127.0.0.1/46569] INFO  reflections.Reflections (Reflections.java:scan(232)) - Reflections took 55 ms to scan 7 urls, producing 154 keys and 367 values 
2023-03-09 14:59:47,849 [Listener at 127.0.0.1/46569] INFO  ha.SCMNodeInfo (SCMNodeInfo.java:getPort(197)) - ConfigKey ozone.scm.client.address is deprecated, For configuring different ports for each SCM use PortConfigKey ozone.scm.client.port appended with serviceId and nodeId
2023-03-09 14:59:47,849 [Listener at 127.0.0.1/46569] INFO  ha.SCMNodeInfo (SCMNodeInfo.java:getPort(197)) - ConfigKey ozone.scm.block.client.address is deprecated, For configuring different ports for each SCM use PortConfigKey ozone.scm.block.client.port appended with serviceId and nodeId
2023-03-09 14:59:47,849 [Listener at 127.0.0.1/46569] INFO  ha.SCMNodeInfo (SCMNodeInfo.java:getPort(197)) - ConfigKey ozone.scm.datanode.address is deprecated, For configuring different ports for each SCM use PortConfigKey ozone.scm.datanode.port appended with serviceId and nodeId
2023-03-09 14:59:47,849 [Listener at 127.0.0.1/46569] INFO  statemachine.DatanodeStateMachine (DatanodeStateMachine.java:getEndPointTaskThreadPoolSize(260)) - Datanode State Machine Task Thread Pool size 2
2023-03-09 14:59:47,852 [Listener at 127.0.0.1/46569] INFO  volume.HddsVolume (HddsVolume.java:<init>(122)) - Creating HddsVolume: /home/runner/work/ozone/ozone/hadoop-ozone/integration-test/target/test-dir/MiniOzoneClusterImpl-0be2ff2d-c2a8-4ed5-ac17-c4684e36ac53/datanode-0/data-0/containers/hdds of storage type : DISK capacity : 9223372036854775807
2023-03-09 14:59:47,852 [Listener at 127.0.0.1/46569] INFO  volume.MutableVolumeSet (MutableVolumeSet.java:initializeVolumeSet(174)) - Added Volume : /home/runner/work/ozone/ozone/hadoop-ozone/integration-test/target/test-dir/MiniOzoneClusterImpl-0be2ff2d-c2a8-4ed5-ac17-c4684e36ac53/datanode-0/data-0/containers/hdds to VolumeSet
2023-03-09 14:59:47,853 [Listener at 127.0.0.1/46569] INFO  volume.ThrottledAsyncChecker (ThrottledAsyncChecker.java:schedule(141)) - Scheduling a check for /home/runner/work/ozone/ozone/hadoop-ozone/integration-test/target/test-dir/MiniOzoneClusterImpl-0be2ff2d-c2a8-4ed5-ac17-c4684e36ac53/datanode-0/data-0/containers/hdds
2023-03-09 14:59:47,855 [Listener at 127.0.0.1/46569] INFO  volume.StorageVolumeChecker (StorageVolumeChecker.java:checkAllVolumes(202)) - Scheduled health check for volume /home/runner/work/ozone/ozone/hadoop-ozone/integration-test/target/test-dir/MiniOzoneClusterImpl-0be2ff2d-c2a8-4ed5-ac17-c4684e36ac53/datanode-0/data-0/containers/hdds
2023-03-09 14:59:47,868 [Listener at 127.0.0.1/46569] INFO  volume.MutableVolumeSet (MutableVolumeSet.java:initializeVolumeSet(174)) - Added Volume : /home/runner/work/ozone/ozone/hadoop-ozone/integration-test/target/test-dir/MiniOzoneClusterImpl-0be2ff2d-c2a8-4ed5-ac17-c4684e36ac53/datanode-0/data/ratis to VolumeSet
2023-03-09 14:59:47,869 [Listener at 127.0.0.1/46569] INFO  volume.ThrottledAsyncChecker (ThrottledAsyncChecker.java:schedule(141)) - Scheduling a check for /home/runner/work/ozone/ozone/hadoop-ozone/integration-test/target/test-dir/MiniOzoneClusterImpl-0be2ff2d-c2a8-4ed5-ac17-c4684e36ac53/datanode-0/data/ratis
2023-03-09 14:59:47,869 [Listener at 127.0.0.1/46569] INFO  volume.StorageVolumeChecker (StorageVolumeChecker.java:checkAllVolumes(202)) - Scheduled health check for volume /home/runner/work/ozone/ozone/hadoop-ozone/integration-test/target/test-dir/MiniOzoneClusterImpl-0be2ff2d-c2a8-4ed5-ac17-c4684e36ac53/datanode-0/data/ratis
2023-03-09 14:59:47,883 [Thread-1981] INFO  ozoneimpl.ContainerReader (ContainerReader.java:readVolume(175)) - Finish verifying containers on volume /home/runner/work/ozone/ozone/hadoop-ozone/integration-test/target/test-dir/MiniOzoneClusterImpl-0be2ff2d-c2a8-4ed5-ac17-c4684e36ac53/datanode-0/data-0/containers/hdds
2023-03-09 14:59:47,884 [Listener at 127.0.0.1/46569] INFO  ozoneimpl.OzoneContainer (OzoneContainer.java:buildContainerSet(304)) - Build ContainerSet costs 0s
2023-03-09 14:59:47,887 [Listener at 127.0.0.1/46569] INFO  server.RaftServer (ConfUtils.java:logGet(46)) - raft.rpc.type = GRPC (default)
2023-03-09 14:59:47,887 [Listener at 127.0.0.1/46569] INFO  grpc.GrpcConfigKeys (ConfUtils.java:logFallback(53)) - raft.grpc.admin.host = null (fallback to raft.grpc.server.host)
2023-03-09 14:59:47,887 [Listener at 127.0.0.1/46569] INFO  grpc.GrpcConfigKeys (ConfUtils.java:logGet(46)) - raft.grpc.admin.port = 0 (custom)
2023-03-09 14:59:47,887 [Listener at 127.0.0.1/46569] INFO  grpc.GrpcConfigKeys (ConfUtils.java:logFallback(53)) - raft.grpc.client.host = null (fallback to raft.grpc.server.host)
2023-03-09 14:59:47,887 [Listener at 127.0.0.1/46569] INFO  grpc.GrpcConfigKeys (ConfUtils.java:logGet(46)) - raft.grpc.client.port = 0 (custom)
2023-03-09 14:59:47,888 [Listener at 127.0.0.1/46569] INFO  grpc.GrpcConfigKeys (ConfUtils.java:logGet(46)) - raft.grpc.server.host = null (default)
2023-03-09 14:59:47,888 [Listener at 127.0.0.1/46569] INFO  grpc.GrpcConfigKeys (ConfUtils.java:logGet(46)) - raft.grpc.server.port = 0 (default)
2023-03-09 14:59:47,888 [Listener at 127.0.0.1/46569] INFO  server.GrpcService (ConfUtils.java:logGet(46)) - raft.grpc.message.size.max = 32MB (=33554432) (custom)
2023-03-09 14:59:47,888 [Listener at 127.0.0.1/46569] INFO  server.RaftServerConfigKeys (ConfUtils.java:logGet(46)) - raft.server.log.appender.buffer.byte-limit = 33554432 (custom)
2023-03-09 14:59:47,888 [Listener at 127.0.0.1/46569] INFO  server.GrpcService (ConfUtils.java:logGet(46)) - raft.grpc.flow.control.window = 5MB (=5242880) (custom)
2023-03-09 14:59:47,888 [Listener at 127.0.0.1/46569] INFO  server.RaftServerConfigKeys (ConfUtils.java:logGet(46)) - raft.server.rpc.request.timeout = 60s (custom)
2023-03-09 14:59:47,889 [Listener at 127.0.0.1/46569] INFO  grpc.GrpcConfigKeys (ConfUtils.java:logGet(46)) - raft.grpc.server.heartbeat.channel = true (default)
2023-03-09 14:59:47,889 [Listener at 127.0.0.1/46569] INFO  grpc.GrpcConfigKeys (ConfUtils.java:logGet(46)) - raft.grpc.server.async.request.thread.pool.cached = true (default)
2023-03-09 14:59:47,889 [Listener at 127.0.0.1/46569] INFO  grpc.GrpcConfigKeys (ConfUtils.java:logGet(46)) - raft.grpc.server.async.request.thread.pool.size = 32 (default)
2023-03-09 14:59:47,890 [Listener at 127.0.0.1/46569] INFO  impl.DataStreamServerImpl (ConfUtils.java:logGet(46)) - raft.datastream.type = NETTY (custom)
2023-03-09 14:59:47,891 [Listener at 127.0.0.1/46569] INFO  server.RaftServerConfigKeys (ConfUtils.java:logGet(46)) - raft.server.data-stream.async.request.thread.pool.cached = false (default)
2023-03-09 14:59:47,891 [Listener at 127.0.0.1/46569] INFO  server.RaftServerConfigKeys (ConfUtils.java:logGet(46)) - raft.server.data-stream.async.request.thread.pool.size = 20 (custom)
2023-03-09 14:59:47,891 [Listener at 127.0.0.1/46569] INFO  server.RaftServerConfigKeys (ConfUtils.java:logGet(46)) - raft.server.data-stream.async.write.thread.pool.size = 16 (default)
2023-03-09 14:59:47,891 [Listener at 127.0.0.1/46569] INFO  server.RaftServerConfigKeys (ConfUtils.java:logGet(46)) - raft.server.data-stream.client.pool.size = 10 (default)
2023-03-09 14:59:47,892 [Listener at 127.0.0.1/46569] INFO  netty.NettyConfigKeys$DataStream (ConfUtils.java:logGet(46)) - raft.netty.dataStream.server.use-epoll = false (default)
2023-03-09 14:59:47,892 [Listener at 127.0.0.1/46569] INFO  netty.NettyConfigKeys$DataStream (ConfUtils.java:logGet(46)) - raft.netty.dataStream.server.boss-group.size = 0 (default)
2023-03-09 14:59:47,892 [Listener at 127.0.0.1/46569] INFO  netty.NettyConfigKeys$DataStream (ConfUtils.java:logGet(46)) - raft.netty.dataStream.server.worker-group.size = 0 (default)
2023-03-09 14:59:47,893 [Listener at 127.0.0.1/46569] INFO  netty.NettyConfigKeys$DataStream (ConfUtils.java:logGet(46)) - raft.netty.dataStream.server.tls.conf = null (default)
2023-03-09 14:59:47,893 [Listener at 127.0.0.1/46569] INFO  netty.NettyConfigKeys$DataStream (ConfUtils.java:logGet(46)) - raft.netty.dataStream.host = null (default)
2023-03-09 14:59:47,893 [Listener at 127.0.0.1/46569] INFO  netty.NettyConfigKeys$DataStream (ConfUtils.java:logGet(46)) - raft.netty.dataStream.port = 0 (default)
2023-03-09 14:59:47,894 [Listener at 127.0.0.1/46569] INFO  server.RaftServerConfigKeys (ConfUtils.java:logGet(46)) - raft.server.threadpool.proxy.cached = true (default)
2023-03-09 14:59:47,894 [Listener at 127.0.0.1/46569] INFO  server.RaftServerConfigKeys (ConfUtils.java:logGet(46)) - raft.server.threadpool.proxy.size = 0 (default)
2023-03-09 14:59:47,895 [Listener at 127.0.0.1/46569] INFO  server.RaftServerConfigKeys (ConfUtils.java:logGet(46)) - raft.server.rpc.slowness.timeout = 300s (custom)
2023-03-09 14:59:47,895 [Listener at 127.0.0.1/46569] INFO  server.RaftServerConfigKeys (ConfUtils.java:logGet(46)) - raft.server.leaderelection.leader.step-down.wait-time = 10s (default)
2023-03-09 14:59:47,895 [2e08ab99-21b9-413b-a3c3-42a884871cc4-NettyServerStreamRpc-bossGroup--thread1] INFO  logging.LoggingHandler (AbstractInternalLogger.java:log(148)) - [id: 0xe6c225df] REGISTERED
2023-03-09 14:59:47,895 [Listener at 127.0.0.1/46569] INFO  server.RaftServerConfigKeys (ConfUtils.java:logGet(46)) - raft.server.storage.dir = [/home/runner/work/ozone/ozone/hadoop-ozone/integration-test/target/test-dir/MiniOzoneClusterImpl-0be2ff2d-c2a8-4ed5-ac17-c4684e36ac53/datanode-0/data/ratis] (custom)
2023-03-09 14:59:47,895 [2e08ab99-21b9-413b-a3c3-42a884871cc4-NettyServerStreamRpc-bossGroup--thread1] INFO  logging.LoggingHandler (AbstractInternalLogger.java:log(148)) - [id: 0xe6c225df] BIND: 0.0.0.0/0.0.0.0:0
2023-03-09 14:59:47,896 [2e08ab99-21b9-413b-a3c3-42a884871cc4-NettyServerStreamRpc-bossGroup--thread1] INFO  logging.LoggingHandler (AbstractInternalLogger.java:log(148)) - [id: 0xe6c225df, L:/0:0:0:0:0:0:0:0:36339] ACTIVE
2023-03-09 14:59:47,898 [Listener at 127.0.0.1/46569] INFO  server.XceiverServerGrpc (XceiverServerGrpc.java:<init>(132)) - GrpcServer channel type EpollServerSocketChannel
2023-03-09 14:59:47,904 [Listener at 127.0.0.1/46569] INFO  http.BaseHttpServer (BaseHttpServer.java:newHttpServer2BuilderForOzone(224)) - Starting Web-server for hddsDatanode at: http://0.0.0.0:0
2023-03-09 14:59:47,904 [Listener at 127.0.0.1/46569] INFO  http.BaseHttpServer (BaseHttpServer.java:<init>(111)) - Hadoop Security Enabled: false Ozone Security Enabled: false Ozone HTTP Security Enabled: false 
2023-03-09 14:59:47,909 [Listener at 127.0.0.1/46569] WARN  server.AuthenticationFilter (AuthenticationFilter.java:constructSecretProvider(240)) - Unable to initialize FileSignerSecretProvider, falling back to use random secrets. Reason: Could not read signature secret file: /home/runner/hadoop-http-auth-signature-secret
2023-03-09 14:59:47,910 [Listener at 127.0.0.1/46569] WARN  http.HttpRequestLog (HttpRequestLog.java:getRequestLog(103)) - Jetty request log can only be enabled using Log4j
2023-03-09 14:59:47,912 [Listener at 127.0.0.1/46569] INFO  http.HttpServer2 (HttpServer2.java:addGlobalFilter(1031)) - Added global filter 'safety' (class=org.apache.hadoop.hdds.server.http.HttpServer2$QuotingInputFilter)
2023-03-09 14:59:47,913 [Listener at 127.0.0.1/46569] INFO  http.HttpServer2 (HttpServer2.java:addFilter(1007)) - Added filter static_user_filter (class=org.apache.hadoop.http.lib.StaticUserWebFilter$StaticUserFilter) to context hddsDatanode
2023-03-09 14:59:47,913 [Listener at 127.0.0.1/46569] INFO  http.HttpServer2 (HttpServer2.java:addFilter(1015)) - Added filter static_user_filter (class=org.apache.hadoop.http.lib.StaticUserWebFilter$StaticUserFilter) to context static
2023-03-09 14:59:47,913 [Listener at 127.0.0.1/46569] INFO  http.HttpServer2 (HttpServer2.java:addFilter(1015)) - Added filter static_user_filter (class=org.apache.hadoop.http.lib.StaticUserWebFilter$StaticUserFilter) to context logs
2023-03-09 14:59:47,914 [Listener at 127.0.0.1/46569] INFO  http.BaseHttpServer (BaseHttpServer.java:<init>(190)) - HTTP server of hddsDatanode uses base directory /home/runner/work/ozone/ozone/hadoop-ozone/integration-test/target/test-dir/MiniOzoneClusterImpl-0be2ff2d-c2a8-4ed5-ac17-c4684e36ac53/datanode-0/meta/webserver
2023-03-09 14:59:47,915 [Listener at 127.0.0.1/46569] INFO  http.HttpServer2 (HttpServer2.java:bindListener(1250)) - Jetty bound to port 34967
2023-03-09 14:59:47,915 [Listener at 127.0.0.1/46569] INFO  server.Server (Server.java:doStart(375)) - jetty-9.4.49.v20220914; built: 2022-09-14T01:07:36.601Z; git: 4231a3b2e4cb8548a412a789936d640a97b1aa0a; jvm 1.8.0_362-b09
2023-03-09 14:59:47,917 [Listener at 127.0.0.1/46569] INFO  server.session (DefaultSessionIdManager.java:doStart(334)) - DefaultSessionIdManager workerName=node0
2023-03-09 14:59:47,917 [Listener at 127.0.0.1/46569] INFO  server.session (DefaultSessionIdManager.java:doStart(339)) - No SessionScavenger set, using defaults
2023-03-09 14:59:47,917 [Listener at 127.0.0.1/46569] INFO  server.session (HouseKeeper.java:startScavenging(132)) - node0 Scavenging every 600000ms
2023-03-09 14:59:47,919 [Listener at 127.0.0.1/46569] INFO  handler.ContextHandler (ContextHandler.java:doStart(921)) - Started o.e.j.s.ServletContextHandler@cd12f3f{logs,/logs,file:///home/runner/work/ozone/ozone/hadoop-ozone/integration-test/target/log,AVAILABLE}
2023-03-09 14:59:47,919 [Listener at 127.0.0.1/46569] INFO  handler.ContextHandler (ContextHandler.java:doStart(921)) - Started o.e.j.s.ServletContextHandler@3f0e4f35{static,/static,jar:file:/home/runner/.m2/repository/org/apache/ozone/hdds-container-service/1.4.0-SNAPSHOT/hdds-container-service-1.4.0-SNAPSHOT.jar!/webapps/static,AVAILABLE}
2023-03-09 14:59:48,153 [Listener at 127.0.0.1/46569] INFO  handler.ContextHandler (ContextHandler.java:doStart(921)) - Started o.e.j.w.WebAppContext@7b792d4a{hddsDatanode,/,file:///home/runner/work/ozone/ozone/hadoop-ozone/integration-test/target/test-dir/MiniOzoneClusterImpl-0be2ff2d-c2a8-4ed5-ac17-c4684e36ac53/datanode-0/meta/webserver/jetty-0_0_0_0-34967-hdds-container-service-1_4_0-SNAPSHOT_jar-_-any-8705931352522110385/webapp/,AVAILABLE}{jar:file:/home/runner/.m2/repository/org/apache/ozone/hdds-container-service/1.4.0-SNAPSHOT/hdds-container-service-1.4.0-SNAPSHOT.jar!/webapps/hddsDatanode}
2023-03-09 14:59:48,156 [Listener at 127.0.0.1/46569] INFO  server.AbstractConnector (AbstractConnector.java:doStart(333)) - Started ServerConnector@2dac8ef8{HTTP/1.1, (http/1.1)}{0.0.0.0:34967}
2023-03-09 14:59:48,156 [Listener at 127.0.0.1/46569] INFO  server.Server (Server.java:doStart(415)) - Started @118810ms
2023-03-09 14:59:48,156 [Listener at 127.0.0.1/46569] WARN  impl.MetricsSystemImpl (MetricsSystemImpl.java:register(279)) - Sink prometheus already exists!
2023-03-09 14:59:48,157 [Listener at 127.0.0.1/46569] INFO  http.BaseHttpServer (BaseHttpServer.java:updateConnectorAddress(344)) - HTTP server of hddsDatanode listening at http://0.0.0.0:34967
2023-03-09 14:59:48,158 [Datanode State Machine Daemon Thread] INFO  statemachine.DatanodeStateMachine (DatanodeStateMachine.java:lambda$startDaemon$0(517)) - Ozone container server started.
2023-03-09 14:59:48,164 [Listener at 127.0.0.1/46569] WARN  impl.MetricRegistriesImpl (MetricRegistriesImpl.java:addReporterRegistration(111)) - New reporters are added after registries were created. Some metrics will be missing from the reporter. Please add reporter before adding any new registry.
2023-03-09 14:59:48,164 [Listener at 127.0.0.1/46569] WARN  impl.MetricRegistriesImpl (MetricRegistriesImpl.java:addReporterRegistration(111)) - New reporters are added after registries were created. Some metrics will be missing from the reporter. Please add reporter before adding any new registry.
2023-03-09 14:59:48,164 [Listener at 127.0.0.1/46569] INFO  impl.MetricsSystemImpl (MetricsSystemImpl.java:init(158)) - HddsDatanode metrics system started (again)
2023-03-09 14:59:48,169 [org.apache.hadoop.util.JvmPauseMonitor$Monitor@7a691d21] INFO  util.JvmPauseMonitor (JvmPauseMonitor.java:run(188)) - Starting JVM pause monitor
2023-03-09 14:59:48,170 [Datanode State Machine Task Thread - 0] INFO  ha.SCMNodeInfo (SCMNodeInfo.java:getPort(197)) - ConfigKey ozone.scm.client.address is deprecated, For configuring different ports for each SCM use PortConfigKey ozone.scm.client.port appended with serviceId and nodeId
2023-03-09 14:59:48,170 [Datanode State Machine Task Thread - 0] INFO  ha.SCMNodeInfo (SCMNodeInfo.java:getPort(197)) - ConfigKey ozone.scm.block.client.address is deprecated, For configuring different ports for each SCM use PortConfigKey ozone.scm.block.client.port appended with serviceId and nodeId
2023-03-09 14:59:48,170 [Datanode State Machine Task Thread - 0] INFO  ha.SCMNodeInfo (SCMNodeInfo.java:getPort(197)) - ConfigKey ozone.scm.datanode.address is deprecated, For configuring different ports for each SCM use PortConfigKey ozone.scm.datanode.port appended with serviceId and nodeId
2023-03-09 14:59:48,178 [Datanode State Machine Task Thread - 0] INFO  datanode.InitDatanodeState (InitDatanodeState.java:persistContainerDatanodeDetails(138)) - DatanodeDetails is persisted to /home/runner/work/ozone/ozone/hadoop-ozone/integration-test/target/test-dir/MiniOzoneClusterImpl-0be2ff2d-c2a8-4ed5-ac17-c4684e36ac53/datanode-0/meta/datanode.id
2023-03-09 14:59:48,182 [Listener at 127.0.0.1/46569] INFO  ozone.HddsDatanodeService (HddsDatanodeService.java:start(229)) - HddsDatanodeService host:fv-az377-502.ap30g4v5sw5evmjtdmxdg2w53f.dx.internal.cloudapp.net ip:10.1.0.44
2023-03-09 14:59:48,207 [Listener at 127.0.0.1/46569] INFO  upgrade.AbstractLayoutVersionManager (AbstractLayoutVersionManager.java:init(83)) - Initializing Layout version manager with metadata layout = DATANODE_SCHEMA_V3 (version = 4), software layout = DATANODE_SCHEMA_V3 (version = 4)
2023-03-09 14:59:48,237 [EndpointStateMachine task thread for /127.0.0.1:40177 - 0 ] INFO  ipc.Client (Client.java:handleConnectionFailure(1010)) - Retrying connect to server: localhost/127.0.0.1:40177. Already tried 3 time(s); retry policy is RetryUpToMaximumCountWithFixedSleep(maxRetries=15, sleepTime=1000 MILLISECONDS)
2023-03-09 14:59:48,262 [Listener at 127.0.0.1/46569] INFO  reflections.Reflections (Reflections.java:scan(232)) - Reflections took 53 ms to scan 7 urls, producing 154 keys and 367 values 
2023-03-09 14:59:48,264 [Listener at 127.0.0.1/46569] INFO  ha.SCMNodeInfo (SCMNodeInfo.java:getPort(197)) - ConfigKey ozone.scm.client.address is deprecated, For configuring different ports for each SCM use PortConfigKey ozone.scm.client.port appended with serviceId and nodeId
2023-03-09 14:59:48,264 [Listener at 127.0.0.1/46569] INFO  ha.SCMNodeInfo (SCMNodeInfo.java:getPort(197)) - ConfigKey ozone.scm.block.client.address is deprecated, For configuring different ports for each SCM use PortConfigKey ozone.scm.block.client.port appended with serviceId and nodeId
2023-03-09 14:59:48,264 [Listener at 127.0.0.1/46569] INFO  ha.SCMNodeInfo (SCMNodeInfo.java:getPort(197)) - ConfigKey ozone.scm.datanode.address is deprecated, For configuring different ports for each SCM use PortConfigKey ozone.scm.datanode.port appended with serviceId and nodeId
2023-03-09 14:59:48,264 [Listener at 127.0.0.1/46569] INFO  statemachine.DatanodeStateMachine (DatanodeStateMachine.java:getEndPointTaskThreadPoolSize(260)) - Datanode State Machine Task Thread Pool size 2
2023-03-09 14:59:48,271 [Listener at 127.0.0.1/46569] INFO  volume.HddsVolume (HddsVolume.java:<init>(122)) - Creating HddsVolume: /home/runner/work/ozone/ozone/hadoop-ozone/integration-test/target/test-dir/MiniOzoneClusterImpl-0be2ff2d-c2a8-4ed5-ac17-c4684e36ac53/datanode-1/data-0/containers/hdds of storage type : DISK capacity : 9223372036854775807
2023-03-09 14:59:48,271 [Listener at 127.0.0.1/46569] INFO  volume.MutableVolumeSet (MutableVolumeSet.java:initializeVolumeSet(174)) - Added Volume : /home/runner/work/ozone/ozone/hadoop-ozone/integration-test/target/test-dir/MiniOzoneClusterImpl-0be2ff2d-c2a8-4ed5-ac17-c4684e36ac53/datanode-1/data-0/containers/hdds to VolumeSet
2023-03-09 14:59:48,271 [Listener at 127.0.0.1/46569] INFO  volume.ThrottledAsyncChecker (ThrottledAsyncChecker.java:schedule(141)) - Scheduling a check for /home/runner/work/ozone/ozone/hadoop-ozone/integration-test/target/test-dir/MiniOzoneClusterImpl-0be2ff2d-c2a8-4ed5-ac17-c4684e36ac53/datanode-1/data-0/containers/hdds
2023-03-09 14:59:48,277 [Listener at 127.0.0.1/46569] INFO  volume.StorageVolumeChecker (StorageVolumeChecker.java:checkAllVolumes(202)) - Scheduled health check for volume /home/runner/work/ozone/ozone/hadoop-ozone/integration-test/target/test-dir/MiniOzoneClusterImpl-0be2ff2d-c2a8-4ed5-ac17-c4684e36ac53/datanode-1/data-0/containers/hdds
2023-03-09 14:59:48,291 [Listener at 127.0.0.1/46569] INFO  volume.MutableVolumeSet (MutableVolumeSet.java:initializeVolumeSet(174)) - Added Volume : /home/runner/work/ozone/ozone/hadoop-ozone/integration-test/target/test-dir/MiniOzoneClusterImpl-0be2ff2d-c2a8-4ed5-ac17-c4684e36ac53/datanode-1/data/ratis to VolumeSet
2023-03-09 14:59:48,291 [Listener at 127.0.0.1/46569] INFO  volume.ThrottledAsyncChecker (ThrottledAsyncChecker.java:schedule(141)) - Scheduling a check for /home/runner/work/ozone/ozone/hadoop-ozone/integration-test/target/test-dir/MiniOzoneClusterImpl-0be2ff2d-c2a8-4ed5-ac17-c4684e36ac53/datanode-1/data/ratis
2023-03-09 14:59:48,291 [Listener at 127.0.0.1/46569] INFO  volume.StorageVolumeChecker (StorageVolumeChecker.java:checkAllVolumes(202)) - Scheduled health check for volume /home/runner/work/ozone/ozone/hadoop-ozone/integration-test/target/test-dir/MiniOzoneClusterImpl-0be2ff2d-c2a8-4ed5-ac17-c4684e36ac53/datanode-1/data/ratis
2023-03-09 14:59:48,307 [Thread-1995] INFO  ozoneimpl.ContainerReader (ContainerReader.java:readVolume(175)) - Finish verifying containers on volume /home/runner/work/ozone/ozone/hadoop-ozone/integration-test/target/test-dir/MiniOzoneClusterImpl-0be2ff2d-c2a8-4ed5-ac17-c4684e36ac53/datanode-1/data-0/containers/hdds
2023-03-09 14:59:48,308 [Listener at 127.0.0.1/46569] INFO  ozoneimpl.OzoneContainer (OzoneContainer.java:buildContainerSet(304)) - Build ContainerSet costs 0s
2023-03-09 14:59:48,311 [Listener at 127.0.0.1/46569] INFO  server.RaftServer (ConfUtils.java:logGet(46)) - raft.rpc.type = GRPC (default)
2023-03-09 14:59:48,311 [Listener at 127.0.0.1/46569] INFO  grpc.GrpcConfigKeys (ConfUtils.java:logFallback(53)) - raft.grpc.admin.host = null (fallback to raft.grpc.server.host)
2023-03-09 14:59:48,312 [Listener at 127.0.0.1/46569] INFO  grpc.GrpcConfigKeys (ConfUtils.java:logGet(46)) - raft.grpc.admin.port = 0 (custom)
2023-03-09 14:59:48,312 [Listener at 127.0.0.1/46569] INFO  grpc.GrpcConfigKeys (ConfUtils.java:logFallback(53)) - raft.grpc.client.host = null (fallback to raft.grpc.server.host)
2023-03-09 14:59:48,312 [Listener at 127.0.0.1/46569] INFO  grpc.GrpcConfigKeys (ConfUtils.java:logGet(46)) - raft.grpc.client.port = 0 (custom)
2023-03-09 14:59:48,312 [Listener at 127.0.0.1/46569] INFO  grpc.GrpcConfigKeys (ConfUtils.java:logGet(46)) - raft.grpc.server.host = null (default)
2023-03-09 14:59:48,312 [Listener at 127.0.0.1/46569] INFO  grpc.GrpcConfigKeys (ConfUtils.java:logGet(46)) - raft.grpc.server.port = 0 (default)
2023-03-09 14:59:48,313 [Listener at 127.0.0.1/46569] INFO  server.GrpcService (ConfUtils.java:logGet(46)) - raft.grpc.message.size.max = 32MB (=33554432) (custom)
2023-03-09 14:59:48,313 [Listener at 127.0.0.1/46569] INFO  server.RaftServerConfigKeys (ConfUtils.java:logGet(46)) - raft.server.log.appender.buffer.byte-limit = 33554432 (custom)
2023-03-09 14:59:48,313 [Listener at 127.0.0.1/46569] INFO  server.GrpcService (ConfUtils.java:logGet(46)) - raft.grpc.flow.control.window = 5MB (=5242880) (custom)
2023-03-09 14:59:48,313 [Listener at 127.0.0.1/46569] INFO  server.RaftServerConfigKeys (ConfUtils.java:logGet(46)) - raft.server.rpc.request.timeout = 60s (custom)
2023-03-09 14:59:48,313 [Listener at 127.0.0.1/46569] INFO  grpc.GrpcConfigKeys (ConfUtils.java:logGet(46)) - raft.grpc.server.heartbeat.channel = true (default)
2023-03-09 14:59:48,314 [Listener at 127.0.0.1/46569] INFO  grpc.GrpcConfigKeys (ConfUtils.java:logGet(46)) - raft.grpc.server.async.request.thread.pool.cached = true (default)
2023-03-09 14:59:48,314 [Listener at 127.0.0.1/46569] INFO  grpc.GrpcConfigKeys (ConfUtils.java:logGet(46)) - raft.grpc.server.async.request.thread.pool.size = 32 (default)
2023-03-09 14:59:48,315 [Listener at 127.0.0.1/46569] INFO  impl.DataStreamServerImpl (ConfUtils.java:logGet(46)) - raft.datastream.type = NETTY (custom)
2023-03-09 14:59:48,316 [Listener at 127.0.0.1/46569] INFO  server.RaftServerConfigKeys (ConfUtils.java:logGet(46)) - raft.server.data-stream.async.request.thread.pool.cached = false (default)
2023-03-09 14:59:48,316 [Listener at 127.0.0.1/46569] INFO  server.RaftServerConfigKeys (ConfUtils.java:logGet(46)) - raft.server.data-stream.async.request.thread.pool.size = 20 (custom)
2023-03-09 14:59:48,316 [Listener at 127.0.0.1/46569] INFO  server.RaftServerConfigKeys (ConfUtils.java:logGet(46)) - raft.server.data-stream.async.write.thread.pool.size = 16 (default)
2023-03-09 14:59:48,316 [Listener at 127.0.0.1/46569] INFO  server.RaftServerConfigKeys (ConfUtils.java:logGet(46)) - raft.server.data-stream.client.pool.size = 10 (default)
2023-03-09 14:59:48,316 [Listener at 127.0.0.1/46569] INFO  netty.NettyConfigKeys$DataStream (ConfUtils.java:logGet(46)) - raft.netty.dataStream.server.use-epoll = false (default)
2023-03-09 14:59:48,317 [Listener at 127.0.0.1/46569] INFO  netty.NettyConfigKeys$DataStream (ConfUtils.java:logGet(46)) - raft.netty.dataStream.server.boss-group.size = 0 (default)
2023-03-09 14:59:48,317 [Listener at 127.0.0.1/46569] INFO  netty.NettyConfigKeys$DataStream (ConfUtils.java:logGet(46)) - raft.netty.dataStream.server.worker-group.size = 0 (default)
2023-03-09 14:59:48,318 [Listener at 127.0.0.1/46569] INFO  netty.NettyConfigKeys$DataStream (ConfUtils.java:logGet(46)) - raft.netty.dataStream.server.tls.conf = null (default)
2023-03-09 14:59:48,318 [Listener at 127.0.0.1/46569] INFO  netty.NettyConfigKeys$DataStream (ConfUtils.java:logGet(46)) - raft.netty.dataStream.host = null (default)
2023-03-09 14:59:48,318 [Listener at 127.0.0.1/46569] INFO  netty.NettyConfigKeys$DataStream (ConfUtils.java:logGet(46)) - raft.netty.dataStream.port = 0 (default)
2023-03-09 14:59:48,319 [Listener at 127.0.0.1/46569] INFO  server.RaftServerConfigKeys (ConfUtils.java:logGet(46)) - raft.server.threadpool.proxy.cached = true (default)
2023-03-09 14:59:48,319 [Listener at 127.0.0.1/46569] INFO  server.RaftServerConfigKeys (ConfUtils.java:logGet(46)) - raft.server.threadpool.proxy.size = 0 (default)
2023-03-09 14:59:48,319 [Listener at 127.0.0.1/46569] INFO  server.RaftServerConfigKeys (ConfUtils.java:logGet(46)) - raft.server.rpc.slowness.timeout = 300s (custom)
2023-03-09 14:59:48,319 [Listener at 127.0.0.1/46569] INFO  server.RaftServerConfigKeys (ConfUtils.java:logGet(46)) - raft.server.leaderelection.leader.step-down.wait-time = 10s (default)
2023-03-09 14:59:48,319 [Listener at 127.0.0.1/46569] INFO  server.RaftServerConfigKeys (ConfUtils.java:logGet(46)) - raft.server.storage.dir = [/home/runner/work/ozone/ozone/hadoop-ozone/integration-test/target/test-dir/MiniOzoneClusterImpl-0be2ff2d-c2a8-4ed5-ac17-c4684e36ac53/datanode-1/data/ratis] (custom)
2023-03-09 14:59:48,320 [2041f563-0d32-4367-9889-6c4be41f3c5d-NettyServerStreamRpc-bossGroup--thread1] INFO  logging.LoggingHandler (AbstractInternalLogger.java:log(148)) - [id: 0x3ec790e2] REGISTERED
2023-03-09 14:59:48,320 [2041f563-0d32-4367-9889-6c4be41f3c5d-NettyServerStreamRpc-bossGroup--thread1] INFO  logging.LoggingHandler (AbstractInternalLogger.java:log(148)) - [id: 0x3ec790e2] BIND: 0.0.0.0/0.0.0.0:0
2023-03-09 14:59:48,321 [2041f563-0d32-4367-9889-6c4be41f3c5d-NettyServerStreamRpc-bossGroup--thread1] INFO  logging.LoggingHandler (AbstractInternalLogger.java:log(148)) - [id: 0x3ec790e2, L:/0:0:0:0:0:0:0:0:40961] ACTIVE
2023-03-09 14:59:48,324 [Listener at 127.0.0.1/46569] INFO  server.XceiverServerGrpc (XceiverServerGrpc.java:<init>(132)) - GrpcServer channel type EpollServerSocketChannel
2023-03-09 14:59:48,331 [Listener at 127.0.0.1/46569] INFO  http.BaseHttpServer (BaseHttpServer.java:newHttpServer2BuilderForOzone(224)) - Starting Web-server for hddsDatanode at: http://0.0.0.0:0
2023-03-09 14:59:48,331 [Listener at 127.0.0.1/46569] INFO  http.BaseHttpServer (BaseHttpServer.java:<init>(111)) - Hadoop Security Enabled: false Ozone Security Enabled: false Ozone HTTP Security Enabled: false 
2023-03-09 14:59:48,333 [Listener at 127.0.0.1/46569] WARN  server.AuthenticationFilter (AuthenticationFilter.java:constructSecretProvider(240)) - Unable to initialize FileSignerSecretProvider, falling back to use random secrets. Reason: Could not read signature secret file: /home/runner/hadoop-http-auth-signature-secret
2023-03-09 14:59:48,334 [Listener at 127.0.0.1/46569] WARN  http.HttpRequestLog (HttpRequestLog.java:getRequestLog(103)) - Jetty request log can only be enabled using Log4j
2023-03-09 14:59:48,335 [Listener at 127.0.0.1/46569] INFO  http.HttpServer2 (HttpServer2.java:addGlobalFilter(1031)) - Added global filter 'safety' (class=org.apache.hadoop.hdds.server.http.HttpServer2$QuotingInputFilter)
2023-03-09 14:59:48,336 [Listener at 127.0.0.1/46569] INFO  http.HttpServer2 (HttpServer2.java:addFilter(1007)) - Added filter static_user_filter (class=org.apache.hadoop.http.lib.StaticUserWebFilter$StaticUserFilter) to context hddsDatanode
2023-03-09 14:59:48,336 [Listener at 127.0.0.1/46569] INFO  http.HttpServer2 (HttpServer2.java:addFilter(1015)) - Added filter static_user_filter (class=org.apache.hadoop.http.lib.StaticUserWebFilter$StaticUserFilter) to context logs
2023-03-09 14:59:48,336 [Listener at 127.0.0.1/46569] INFO  http.HttpServer2 (HttpServer2.java:addFilter(1015)) - Added filter static_user_filter (class=org.apache.hadoop.http.lib.StaticUserWebFilter$StaticUserFilter) to context static
2023-03-09 14:59:48,337 [Listener at 127.0.0.1/46569] INFO  http.BaseHttpServer (BaseHttpServer.java:<init>(190)) - HTTP server of hddsDatanode uses base directory /home/runner/work/ozone/ozone/hadoop-ozone/integration-test/target/test-dir/MiniOzoneClusterImpl-0be2ff2d-c2a8-4ed5-ac17-c4684e36ac53/datanode-1/meta/webserver
2023-03-09 14:59:48,337 [Listener at 127.0.0.1/46569] INFO  http.HttpServer2 (HttpServer2.java:bindListener(1250)) - Jetty bound to port 42793
2023-03-09 14:59:48,338 [Listener at 127.0.0.1/46569] INFO  server.Server (Server.java:doStart(375)) - jetty-9.4.49.v20220914; built: 2022-09-14T01:07:36.601Z; git: 4231a3b2e4cb8548a412a789936d640a97b1aa0a; jvm 1.8.0_362-b09
2023-03-09 14:59:48,342 [Listener at 127.0.0.1/46569] INFO  server.session (DefaultSessionIdManager.java:doStart(334)) - DefaultSessionIdManager workerName=node0
2023-03-09 14:59:48,342 [Listener at 127.0.0.1/46569] INFO  server.session (DefaultSessionIdManager.java:doStart(339)) - No SessionScavenger set, using defaults
2023-03-09 14:59:48,342 [Listener at 127.0.0.1/46569] INFO  server.session (HouseKeeper.java:startScavenging(132)) - node0 Scavenging every 660000ms
2023-03-09 14:59:48,343 [Listener at 127.0.0.1/46569] INFO  handler.ContextHandler (ContextHandler.java:doStart(921)) - Started o.e.j.s.ServletContextHandler@6270910a{logs,/logs,file:///home/runner/work/ozone/ozone/hadoop-ozone/integration-test/target/log,AVAILABLE}
2023-03-09 14:59:48,344 [Listener at 127.0.0.1/46569] INFO  handler.ContextHandler (ContextHandler.java:doStart(921)) - Started o.e.j.s.ServletContextHandler@5b358ec8{static,/static,jar:file:/home/runner/.m2/repository/org/apache/ozone/hdds-container-service/1.4.0-SNAPSHOT/hdds-container-service-1.4.0-SNAPSHOT.jar!/webapps/static,AVAILABLE}
2023-03-09 14:59:48,591 [Listener at 127.0.0.1/46569] INFO  handler.ContextHandler (ContextHandler.java:doStart(921)) - Started o.e.j.w.WebAppContext@1e510cb6{hddsDatanode,/,file:///home/runner/work/ozone/ozone/hadoop-ozone/integration-test/target/test-dir/MiniOzoneClusterImpl-0be2ff2d-c2a8-4ed5-ac17-c4684e36ac53/datanode-1/meta/webserver/jetty-0_0_0_0-42793-hdds-container-service-1_4_0-SNAPSHOT_jar-_-any-5598131838818959267/webapp/,AVAILABLE}{jar:file:/home/runner/.m2/repository/org/apache/ozone/hdds-container-service/1.4.0-SNAPSHOT/hdds-container-service-1.4.0-SNAPSHOT.jar!/webapps/hddsDatanode}
2023-03-09 14:59:48,594 [Listener at 127.0.0.1/46569] INFO  server.AbstractConnector (AbstractConnector.java:doStart(333)) - Started ServerConnector@3c4988e1{HTTP/1.1, (http/1.1)}{0.0.0.0:42793}
2023-03-09 14:59:48,594 [Listener at 127.0.0.1/46569] INFO  server.Server (Server.java:doStart(415)) - Started @119247ms
2023-03-09 14:59:48,594 [Listener at 127.0.0.1/46569] WARN  impl.MetricsSystemImpl (MetricsSystemImpl.java:register(279)) - Sink prometheus already exists!
2023-03-09 14:59:48,595 [Listener at 127.0.0.1/46569] INFO  http.BaseHttpServer (BaseHttpServer.java:updateConnectorAddress(344)) - HTTP server of hddsDatanode listening at http://0.0.0.0:42793
2023-03-09 14:59:48,596 [Datanode State Machine Daemon Thread] INFO  statemachine.DatanodeStateMachine (DatanodeStateMachine.java:lambda$startDaemon$0(517)) - Ozone container server started.
2023-03-09 14:59:48,598 [Listener at 127.0.0.1/46569] WARN  impl.MetricRegistriesImpl (MetricRegistriesImpl.java:addReporterRegistration(111)) - New reporters are added after registries were created. Some metrics will be missing from the reporter. Please add reporter before adding any new registry.
2023-03-09 14:59:48,598 [Listener at 127.0.0.1/46569] WARN  impl.MetricRegistriesImpl (MetricRegistriesImpl.java:addReporterRegistration(111)) - New reporters are added after registries were created. Some metrics will be missing from the reporter. Please add reporter before adding any new registry.
2023-03-09 14:59:48,598 [Listener at 127.0.0.1/46569] INFO  impl.MetricsSystemImpl (MetricsSystemImpl.java:init(158)) - HddsDatanode metrics system started (again)
2023-03-09 14:59:48,610 [Datanode State Machine Task Thread - 0] INFO  ha.SCMNodeInfo (SCMNodeInfo.java:getPort(197)) - ConfigKey ozone.scm.client.address is deprecated, For configuring different ports for each SCM use PortConfigKey ozone.scm.client.port appended with serviceId and nodeId
2023-03-09 14:59:48,610 [Datanode State Machine Task Thread - 0] INFO  ha.SCMNodeInfo (SCMNodeInfo.java:getPort(197)) - ConfigKey ozone.scm.block.client.address is deprecated, For configuring different ports for each SCM use PortConfigKey ozone.scm.block.client.port appended with serviceId and nodeId
2023-03-09 14:59:48,610 [Datanode State Machine Task Thread - 0] INFO  ha.SCMNodeInfo (SCMNodeInfo.java:getPort(197)) - ConfigKey ozone.scm.datanode.address is deprecated, For configuring different ports for each SCM use PortConfigKey ozone.scm.datanode.port appended with serviceId and nodeId
2023-03-09 14:59:48,611 [org.apache.hadoop.util.JvmPauseMonitor$Monitor@51f9e4c1] INFO  util.JvmPauseMonitor (JvmPauseMonitor.java:run(188)) - Starting JVM pause monitor
2023-03-09 14:59:48,612 [Listener at 127.0.0.1/46569] INFO  ozone.HddsDatanodeService (HddsDatanodeService.java:start(229)) - HddsDatanodeService host:fv-az377-502.ap30g4v5sw5evmjtdmxdg2w53f.dx.internal.cloudapp.net ip:10.1.0.44
2023-03-09 14:59:48,614 [Datanode State Machine Task Thread - 0] INFO  datanode.InitDatanodeState (InitDatanodeState.java:persistContainerDatanodeDetails(138)) - DatanodeDetails is persisted to /home/runner/work/ozone/ozone/hadoop-ozone/integration-test/target/test-dir/MiniOzoneClusterImpl-0be2ff2d-c2a8-4ed5-ac17-c4684e36ac53/datanode-1/meta/datanode.id
2023-03-09 14:59:48,637 [Listener at 127.0.0.1/46569] INFO  upgrade.AbstractLayoutVersionManager (AbstractLayoutVersionManager.java:init(83)) - Initializing Layout version manager with metadata layout = DATANODE_SCHEMA_V3 (version = 4), software layout = DATANODE_SCHEMA_V3 (version = 4)
2023-03-09 14:59:48,689 [Listener at 127.0.0.1/46569] INFO  reflections.Reflections (Reflections.java:scan(232)) - Reflections took 51 ms to scan 7 urls, producing 154 keys and 367 values 
2023-03-09 14:59:48,690 [Listener at 127.0.0.1/46569] INFO  ha.SCMNodeInfo (SCMNodeInfo.java:getPort(197)) - ConfigKey ozone.scm.client.address is deprecated, For configuring different ports for each SCM use PortConfigKey ozone.scm.client.port appended with serviceId and nodeId
2023-03-09 14:59:48,691 [Listener at 127.0.0.1/46569] INFO  ha.SCMNodeInfo (SCMNodeInfo.java:getPort(197)) - ConfigKey ozone.scm.block.client.address is deprecated, For configuring different ports for each SCM use PortConfigKey ozone.scm.block.client.port appended with serviceId and nodeId
2023-03-09 14:59:48,691 [Listener at 127.0.0.1/46569] INFO  ha.SCMNodeInfo (SCMNodeInfo.java:getPort(197)) - ConfigKey ozone.scm.datanode.address is deprecated, For configuring different ports for each SCM use PortConfigKey ozone.scm.datanode.port appended with serviceId and nodeId
2023-03-09 14:59:48,691 [Listener at 127.0.0.1/46569] INFO  statemachine.DatanodeStateMachine (DatanodeStateMachine.java:getEndPointTaskThreadPoolSize(260)) - Datanode State Machine Task Thread Pool size 2
2023-03-09 14:59:48,695 [Listener at 127.0.0.1/46569] INFO  volume.HddsVolume (HddsVolume.java:<init>(122)) - Creating HddsVolume: /home/runner/work/ozone/ozone/hadoop-ozone/integration-test/target/test-dir/MiniOzoneClusterImpl-0be2ff2d-c2a8-4ed5-ac17-c4684e36ac53/datanode-2/data-0/containers/hdds of storage type : DISK capacity : 9223372036854775807
2023-03-09 14:59:48,695 [Listener at 127.0.0.1/46569] INFO  volume.MutableVolumeSet (MutableVolumeSet.java:initializeVolumeSet(174)) - Added Volume : /home/runner/work/ozone/ozone/hadoop-ozone/integration-test/target/test-dir/MiniOzoneClusterImpl-0be2ff2d-c2a8-4ed5-ac17-c4684e36ac53/datanode-2/data-0/containers/hdds to VolumeSet
2023-03-09 14:59:48,695 [Listener at 127.0.0.1/46569] INFO  volume.ThrottledAsyncChecker (ThrottledAsyncChecker.java:schedule(141)) - Scheduling a check for /home/runner/work/ozone/ozone/hadoop-ozone/integration-test/target/test-dir/MiniOzoneClusterImpl-0be2ff2d-c2a8-4ed5-ac17-c4684e36ac53/datanode-2/data-0/containers/hdds
2023-03-09 14:59:48,699 [Listener at 127.0.0.1/46569] INFO  volume.StorageVolumeChecker (StorageVolumeChecker.java:checkAllVolumes(202)) - Scheduled health check for volume /home/runner/work/ozone/ozone/hadoop-ozone/integration-test/target/test-dir/MiniOzoneClusterImpl-0be2ff2d-c2a8-4ed5-ac17-c4684e36ac53/datanode-2/data-0/containers/hdds
2023-03-09 14:59:48,710 [Listener at 127.0.0.1/46569] INFO  volume.MutableVolumeSet (MutableVolumeSet.java:initializeVolumeSet(174)) - Added Volume : /home/runner/work/ozone/ozone/hadoop-ozone/integration-test/target/test-dir/MiniOzoneClusterImpl-0be2ff2d-c2a8-4ed5-ac17-c4684e36ac53/datanode-2/data/ratis to VolumeSet
2023-03-09 14:59:48,710 [Listener at 127.0.0.1/46569] INFO  volume.ThrottledAsyncChecker (ThrottledAsyncChecker.java:schedule(141)) - Scheduling a check for /home/runner/work/ozone/ozone/hadoop-ozone/integration-test/target/test-dir/MiniOzoneClusterImpl-0be2ff2d-c2a8-4ed5-ac17-c4684e36ac53/datanode-2/data/ratis
2023-03-09 14:59:48,711 [Listener at 127.0.0.1/46569] INFO  volume.StorageVolumeChecker (StorageVolumeChecker.java:checkAllVolumes(202)) - Scheduled health check for volume /home/runner/work/ozone/ozone/hadoop-ozone/integration-test/target/test-dir/MiniOzoneClusterImpl-0be2ff2d-c2a8-4ed5-ac17-c4684e36ac53/datanode-2/data/ratis
2023-03-09 14:59:48,722 [Thread-2009] INFO  ozoneimpl.ContainerReader (ContainerReader.java:readVolume(175)) - Finish verifying containers on volume /home/runner/work/ozone/ozone/hadoop-ozone/integration-test/target/test-dir/MiniOzoneClusterImpl-0be2ff2d-c2a8-4ed5-ac17-c4684e36ac53/datanode-2/data-0/containers/hdds
2023-03-09 14:59:48,722 [Listener at 127.0.0.1/46569] INFO  ozoneimpl.OzoneContainer (OzoneContainer.java:buildContainerSet(304)) - Build ContainerSet costs 0s
2023-03-09 14:59:48,724 [Listener at 127.0.0.1/46569] INFO  server.RaftServer (ConfUtils.java:logGet(46)) - raft.rpc.type = GRPC (default)
2023-03-09 14:59:48,725 [Listener at 127.0.0.1/46569] INFO  grpc.GrpcConfigKeys (ConfUtils.java:logFallback(53)) - raft.grpc.admin.host = null (fallback to raft.grpc.server.host)
2023-03-09 14:59:48,725 [Listener at 127.0.0.1/46569] INFO  grpc.GrpcConfigKeys (ConfUtils.java:logGet(46)) - raft.grpc.admin.port = 0 (custom)
2023-03-09 14:59:48,725 [Listener at 127.0.0.1/46569] INFO  grpc.GrpcConfigKeys (ConfUtils.java:logFallback(53)) - raft.grpc.client.host = null (fallback to raft.grpc.server.host)
2023-03-09 14:59:48,725 [Listener at 127.0.0.1/46569] INFO  grpc.GrpcConfigKeys (ConfUtils.java:logGet(46)) - raft.grpc.client.port = 0 (custom)
2023-03-09 14:59:48,725 [Listener at 127.0.0.1/46569] INFO  grpc.GrpcConfigKeys (ConfUtils.java:logGet(46)) - raft.grpc.server.host = null (default)
2023-03-09 14:59:48,726 [Listener at 127.0.0.1/46569] INFO  grpc.GrpcConfigKeys (ConfUtils.java:logGet(46)) - raft.grpc.server.port = 0 (default)
2023-03-09 14:59:48,726 [Listener at 127.0.0.1/46569] INFO  server.GrpcService (ConfUtils.java:logGet(46)) - raft.grpc.message.size.max = 32MB (=33554432) (custom)
2023-03-09 14:59:48,726 [Listener at 127.0.0.1/46569] INFO  server.RaftServerConfigKeys (ConfUtils.java:logGet(46)) - raft.server.log.appender.buffer.byte-limit = 33554432 (custom)
2023-03-09 14:59:48,726 [Listener at 127.0.0.1/46569] INFO  server.GrpcService (ConfUtils.java:logGet(46)) - raft.grpc.flow.control.window = 5MB (=5242880) (custom)
2023-03-09 14:59:48,726 [Listener at 127.0.0.1/46569] INFO  server.RaftServerConfigKeys (ConfUtils.java:logGet(46)) - raft.server.rpc.request.timeout = 60s (custom)
2023-03-09 14:59:48,727 [Listener at 127.0.0.1/46569] INFO  grpc.GrpcConfigKeys (ConfUtils.java:logGet(46)) - raft.grpc.server.heartbeat.channel = true (default)
2023-03-09 14:59:48,727 [Listener at 127.0.0.1/46569] INFO  grpc.GrpcConfigKeys (ConfUtils.java:logGet(46)) - raft.grpc.server.async.request.thread.pool.cached = true (default)
2023-03-09 14:59:48,727 [Listener at 127.0.0.1/46569] INFO  grpc.GrpcConfigKeys (ConfUtils.java:logGet(46)) - raft.grpc.server.async.request.thread.pool.size = 32 (default)
2023-03-09 14:59:48,728 [Listener at 127.0.0.1/46569] INFO  impl.DataStreamServerImpl (ConfUtils.java:logGet(46)) - raft.datastream.type = NETTY (custom)
2023-03-09 14:59:48,729 [Listener at 127.0.0.1/46569] INFO  server.RaftServerConfigKeys (ConfUtils.java:logGet(46)) - raft.server.data-stream.async.request.thread.pool.cached = false (default)
2023-03-09 14:59:48,729 [Listener at 127.0.0.1/46569] INFO  server.RaftServerConfigKeys (ConfUtils.java:logGet(46)) - raft.server.data-stream.async.request.thread.pool.size = 20 (custom)
2023-03-09 14:59:48,729 [Listener at 127.0.0.1/46569] INFO  server.RaftServerConfigKeys (ConfUtils.java:logGet(46)) - raft.server.data-stream.async.write.thread.pool.size = 16 (default)
2023-03-09 14:59:48,729 [Listener at 127.0.0.1/46569] INFO  server.RaftServerConfigKeys (ConfUtils.java:logGet(46)) - raft.server.data-stream.client.pool.size = 10 (default)
2023-03-09 14:59:48,729 [Listener at 127.0.0.1/46569] INFO  netty.NettyConfigKeys$DataStream (ConfUtils.java:logGet(46)) - raft.netty.dataStream.server.use-epoll = false (default)
2023-03-09 14:59:48,729 [Listener at 127.0.0.1/46569] INFO  netty.NettyConfigKeys$DataStream (ConfUtils.java:logGet(46)) - raft.netty.dataStream.server.boss-group.size = 0 (default)
2023-03-09 14:59:48,730 [Listener at 127.0.0.1/46569] INFO  netty.NettyConfigKeys$DataStream (ConfUtils.java:logGet(46)) - raft.netty.dataStream.server.worker-group.size = 0 (default)
2023-03-09 14:59:48,730 [Listener at 127.0.0.1/46569] INFO  netty.NettyConfigKeys$DataStream (ConfUtils.java:logGet(46)) - raft.netty.dataStream.server.tls.conf = null (default)
2023-03-09 14:59:48,731 [Listener at 127.0.0.1/46569] INFO  netty.NettyConfigKeys$DataStream (ConfUtils.java:logGet(46)) - raft.netty.dataStream.host = null (default)
2023-03-09 14:59:48,731 [Listener at 127.0.0.1/46569] INFO  netty.NettyConfigKeys$DataStream (ConfUtils.java:logGet(46)) - raft.netty.dataStream.port = 0 (default)
2023-03-09 14:59:48,731 [Listener at 127.0.0.1/46569] INFO  server.RaftServerConfigKeys (ConfUtils.java:logGet(46)) - raft.server.threadpool.proxy.cached = true (default)
2023-03-09 14:59:48,732 [Listener at 127.0.0.1/46569] INFO  server.RaftServerConfigKeys (ConfUtils.java:logGet(46)) - raft.server.threadpool.proxy.size = 0 (default)
2023-03-09 14:59:48,732 [Listener at 127.0.0.1/46569] INFO  server.RaftServerConfigKeys (ConfUtils.java:logGet(46)) - raft.server.rpc.slowness.timeout = 300s (custom)
2023-03-09 14:59:48,732 [Listener at 127.0.0.1/46569] INFO  server.RaftServerConfigKeys (ConfUtils.java:logGet(46)) - raft.server.leaderelection.leader.step-down.wait-time = 10s (default)
2023-03-09 14:59:48,732 [Listener at 127.0.0.1/46569] INFO  server.RaftServerConfigKeys (ConfUtils.java:logGet(46)) - raft.server.storage.dir = [/home/runner/work/ozone/ozone/hadoop-ozone/integration-test/target/test-dir/MiniOzoneClusterImpl-0be2ff2d-c2a8-4ed5-ac17-c4684e36ac53/datanode-2/data/ratis] (custom)
2023-03-09 14:59:48,732 [feab20ca-06d8-4da6-9078-da7af006e724-NettyServerStreamRpc-bossGroup--thread1] INFO  logging.LoggingHandler (AbstractInternalLogger.java:log(148)) - [id: 0x0f90534c] REGISTERED
2023-03-09 14:59:48,734 [feab20ca-06d8-4da6-9078-da7af006e724-NettyServerStreamRpc-bossGroup--thread1] INFO  logging.LoggingHandler (AbstractInternalLogger.java:log(148)) - [id: 0x0f90534c] BIND: 0.0.0.0/0.0.0.0:0
2023-03-09 14:59:48,734 [Listener at 127.0.0.1/46569] INFO  server.XceiverServerGrpc (XceiverServerGrpc.java:<init>(132)) - GrpcServer channel type EpollServerSocketChannel
2023-03-09 14:59:48,734 [feab20ca-06d8-4da6-9078-da7af006e724-NettyServerStreamRpc-bossGroup--thread1] INFO  logging.LoggingHandler (AbstractInternalLogger.java:log(148)) - [id: 0x0f90534c, L:/0:0:0:0:0:0:0:0:42183] ACTIVE
2023-03-09 14:59:48,738 [Listener at 127.0.0.1/46569] INFO  http.BaseHttpServer (BaseHttpServer.java:newHttpServer2BuilderForOzone(224)) - Starting Web-server for hddsDatanode at: http://0.0.0.0:0
2023-03-09 14:59:48,738 [Listener at 127.0.0.1/46569] INFO  http.BaseHttpServer (BaseHttpServer.java:<init>(111)) - Hadoop Security Enabled: false Ozone Security Enabled: false Ozone HTTP Security Enabled: false 
2023-03-09 14:59:48,739 [Listener at 127.0.0.1/46569] WARN  server.AuthenticationFilter (AuthenticationFilter.java:constructSecretProvider(240)) - Unable to initialize FileSignerSecretProvider, falling back to use random secrets. Reason: Could not read signature secret file: /home/runner/hadoop-http-auth-signature-secret
2023-03-09 14:59:48,740 [Listener at 127.0.0.1/46569] WARN  http.HttpRequestLog (HttpRequestLog.java:getRequestLog(103)) - Jetty request log can only be enabled using Log4j
2023-03-09 14:59:48,742 [Listener at 127.0.0.1/46569] INFO  http.HttpServer2 (HttpServer2.java:addGlobalFilter(1031)) - Added global filter 'safety' (class=org.apache.hadoop.hdds.server.http.HttpServer2$QuotingInputFilter)
2023-03-09 14:59:48,742 [Listener at 127.0.0.1/46569] INFO  http.HttpServer2 (HttpServer2.java:addFilter(1007)) - Added filter static_user_filter (class=org.apache.hadoop.http.lib.StaticUserWebFilter$StaticUserFilter) to context hddsDatanode
2023-03-09 14:59:48,743 [Listener at 127.0.0.1/46569] INFO  http.HttpServer2 (HttpServer2.java:addFilter(1015)) - Added filter static_user_filter (class=org.apache.hadoop.http.lib.StaticUserWebFilter$StaticUserFilter) to context static
2023-03-09 14:59:48,743 [Listener at 127.0.0.1/46569] INFO  http.HttpServer2 (HttpServer2.java:addFilter(1015)) - Added filter static_user_filter (class=org.apache.hadoop.http.lib.StaticUserWebFilter$StaticUserFilter) to context logs
2023-03-09 14:59:48,743 [Listener at 127.0.0.1/46569] INFO  http.BaseHttpServer (BaseHttpServer.java:<init>(190)) - HTTP server of hddsDatanode uses base directory /home/runner/work/ozone/ozone/hadoop-ozone/integration-test/target/test-dir/MiniOzoneClusterImpl-0be2ff2d-c2a8-4ed5-ac17-c4684e36ac53/datanode-2/meta/webserver
2023-03-09 14:59:48,743 [Listener at 127.0.0.1/46569] INFO  http.HttpServer2 (HttpServer2.java:bindListener(1250)) - Jetty bound to port 38993
2023-03-09 14:59:48,744 [Listener at 127.0.0.1/46569] INFO  server.Server (Server.java:doStart(375)) - jetty-9.4.49.v20220914; built: 2022-09-14T01:07:36.601Z; git: 4231a3b2e4cb8548a412a789936d640a97b1aa0a; jvm 1.8.0_362-b09
2023-03-09 14:59:48,745 [Listener at 127.0.0.1/46569] INFO  server.session (DefaultSessionIdManager.java:doStart(334)) - DefaultSessionIdManager workerName=node0
2023-03-09 14:59:48,745 [Listener at 127.0.0.1/46569] INFO  server.session (DefaultSessionIdManager.java:doStart(339)) - No SessionScavenger set, using defaults
2023-03-09 14:59:48,745 [Listener at 127.0.0.1/46569] INFO  server.session (HouseKeeper.java:startScavenging(132)) - node0 Scavenging every 600000ms
2023-03-09 14:59:48,746 [Listener at 127.0.0.1/46569] INFO  handler.ContextHandler (ContextHandler.java:doStart(921)) - Started o.e.j.s.ServletContextHandler@75f34d1c{logs,/logs,file:///home/runner/work/ozone/ozone/hadoop-ozone/integration-test/target/log,AVAILABLE}
2023-03-09 14:59:48,747 [Listener at 127.0.0.1/46569] INFO  handler.ContextHandler (ContextHandler.java:doStart(921)) - Started o.e.j.s.ServletContextHandler@7293aa9d{static,/static,jar:file:/home/runner/.m2/repository/org/apache/ozone/hdds-container-service/1.4.0-SNAPSHOT/hdds-container-service-1.4.0-SNAPSHOT.jar!/webapps/static,AVAILABLE}
2023-03-09 14:59:48,838 [omNode-1@group-0AAC5367B30E-FollowerState] INFO  impl.FollowerState (FollowerState.java:run(143)) - omNode-1@group-0AAC5367B30E-FollowerState: change to CANDIDATE, lastRpcElapsedTime:1156902684ns, electionTimeout:1140ms
2023-03-09 14:59:48,838 [omNode-1@group-0AAC5367B30E-FollowerState] INFO  impl.RoleInfo (RoleInfo.java:shutdownFollowerState(110)) - omNode-1: shutdown omNode-1@group-0AAC5367B30E-FollowerState
2023-03-09 14:59:48,838 [omNode-1@group-0AAC5367B30E-FollowerState] INFO  server.RaftServer$Division (RaftServerImpl.java:setRole(321)) - omNode-1@group-0AAC5367B30E: changes role from  FOLLOWER to CANDIDATE at term 0 for changeToCandidate
2023-03-09 14:59:48,838 [omNode-1@group-0AAC5367B30E-FollowerState] INFO  server.RaftServerConfigKeys (ConfUtils.java:logGet(46)) - raft.server.leaderelection.pre-vote = true (default)
2023-03-09 14:59:48,838 [omNode-1@group-0AAC5367B30E-FollowerState] INFO  impl.RoleInfo (RoleInfo.java:updateAndGet(139)) - omNode-1: start omNode-1@group-0AAC5367B30E-LeaderElection25
2023-03-09 14:59:48,849 [omNode-1@group-0AAC5367B30E-LeaderElection25] INFO  impl.LeaderElection (LeaderElection.java:askForVotes(312)) - omNode-1@group-0AAC5367B30E-LeaderElection25 PRE_VOTE round 0: submit vote requests at term 0 for -1: peers:[omNode-1|rpc:localhost:37963|priority:0|startupRole:FOLLOWER]|listeners:[], old=null
2023-03-09 14:59:48,849 [omNode-1@group-0AAC5367B30E-LeaderElection25] INFO  impl.LeaderElection (LeaderElection.java:askForVotes(314)) - omNode-1@group-0AAC5367B30E-LeaderElection25 PRE_VOTE round 0: result PASSED (term=0)
2023-03-09 14:59:48,852 [omNode-1@group-0AAC5367B30E-LeaderElection25] INFO  impl.LeaderElection (LeaderElection.java:askForVotes(312)) - omNode-1@group-0AAC5367B30E-LeaderElection25 ELECTION round 0: submit vote requests at term 1 for -1: peers:[omNode-1|rpc:localhost:37963|priority:0|startupRole:FOLLOWER]|listeners:[], old=null
2023-03-09 14:59:48,852 [omNode-1@group-0AAC5367B30E-LeaderElection25] INFO  impl.LeaderElection (LeaderElection.java:askForVotes(314)) - omNode-1@group-0AAC5367B30E-LeaderElection25 ELECTION round 0: result PASSED (term=1)
2023-03-09 14:59:48,852 [omNode-1@group-0AAC5367B30E-LeaderElection25] INFO  impl.RoleInfo (RoleInfo.java:shutdownLeaderElection(130)) - omNode-1: shutdown omNode-1@group-0AAC5367B30E-LeaderElection25
2023-03-09 14:59:48,852 [omNode-1@group-0AAC5367B30E-LeaderElection25] INFO  server.RaftServer$Division (RaftServerImpl.java:setRole(321)) - omNode-1@group-0AAC5367B30E: changes role from CANDIDATE to LEADER at term 1 for changeToLeader
2023-03-09 14:59:48,852 [omNode-1@group-0AAC5367B30E-LeaderElection25] INFO  server.RaftServer$Division (ServerState.java:setLeader(313)) - omNode-1@group-0AAC5367B30E: change Leader from null to omNode-1 at term 1 for becomeLeader, leader elected after 1563ms
2023-03-09 14:59:48,852 [omNode-1@group-0AAC5367B30E-LeaderElection25] INFO  server.RaftServerConfigKeys (ConfUtils.java:logGet(46)) - raft.server.staging.catchup.gap = 1000 (default)
2023-03-09 14:59:48,852 [omNode-1@group-0AAC5367B30E-LeaderElection25] INFO  server.RaftServerConfigKeys (ConfUtils.java:logGet(46)) - raft.server.write.element-limit = 4096 (default)
2023-03-09 14:59:48,852 [omNode-1@group-0AAC5367B30E-LeaderElection25] INFO  server.RaftServerConfigKeys (ConfUtils.java:logGet(46)) - raft.server.write.byte-limit = 64MB (=67108864) (default)
2023-03-09 14:59:48,852 [omNode-1@group-0AAC5367B30E-LeaderElection25] INFO  server.RaftServerConfigKeys (ConfUtils.java:logGet(46)) - raft.server.watch.timeout = 10s (default)
2023-03-09 14:59:48,853 [omNode-1@group-0AAC5367B30E-LeaderElection25] INFO  server.RaftServerConfigKeys (ConfUtils.java:logGet(46)) - raft.server.watch.timeout.denomination = 1s (default)
2023-03-09 14:59:48,853 [omNode-1@group-0AAC5367B30E-LeaderElection25] INFO  server.RaftServerConfigKeys (ConfUtils.java:logGet(46)) - raft.server.watch.element-limit = 65536 (default)
2023-03-09 14:59:48,853 [omNode-1@group-0AAC5367B30E-LeaderElection25] INFO  server.RaftServerConfigKeys (ConfUtils.java:logGet(46)) - raft.server.write.element-limit = 4096 (default)
2023-03-09 14:59:48,853 [omNode-1@group-0AAC5367B30E-LeaderElection25] INFO  server.RaftServerConfigKeys (ConfUtils.java:logGet(46)) - raft.server.write.follower.gap.ratio.max = -1.0 (default)
2023-03-09 14:59:48,854 [omNode-1@group-0AAC5367B30E-LeaderElection25] INFO  impl.RoleInfo (RoleInfo.java:updateAndGet(139)) - omNode-1: start omNode-1@group-0AAC5367B30E-LeaderStateImpl
2023-03-09 14:59:48,854 [omNode-1@group-0AAC5367B30E-LeaderElection25] INFO  segmented.SegmentedRaftLogWorker (SegmentedRaftLogWorker.java:startLogSegment(452)) - omNode-1@group-0AAC5367B30E-SegmentedRaftLogWorker: Starting segment from index:0
2023-03-09 14:59:48,863 [omNode-1@group-0AAC5367B30E-LeaderElection25] INFO  server.RaftServer$Division (ServerState.java:setRaftConf(430)) - omNode-1@group-0AAC5367B30E: set configuration 0: peers:[omNode-1|rpc:localhost:37963|admin:|client:|dataStream:|priority:0|startupRole:FOLLOWER]|listeners:[], old=null
2023-03-09 14:59:48,867 [omNode-1@group-0AAC5367B30E-SegmentedRaftLogWorker] INFO  segmented.SegmentedRaftLogWorker (SegmentedRaftLogWorker.java:execute(656)) - omNode-1@group-0AAC5367B30E-SegmentedRaftLogWorker: created new log segment /home/runner/work/ozone/ozone/hadoop-ozone/integration-test/target/test-dir/MiniOzoneClusterImpl-0be2ff2d-c2a8-4ed5-ac17-c4684e36ac53/omNode-1/ratis/0718e334-ffa1-36bc-8e9a-0aac5367b30e/current/log_inprogress_0
2023-03-09 14:59:48,869 [omNode-1@group-0AAC5367B30E-StateMachineUpdater] INFO  ratis.OzoneManagerStateMachine (OzoneManagerStateMachine.java:notifyConfigurationChanged(192)) - Received Configuration change notification from Ratis. New Peer list:
[id: "omNode-1"
address: "localhost:37963"
startupRole: FOLLOWER
]
2023-03-09 14:59:48,993 [Listener at 127.0.0.1/46569] INFO  handler.ContextHandler (ContextHandler.java:doStart(921)) - Started o.e.j.w.WebAppContext@7964fb99{hddsDatanode,/,file:///home/runner/work/ozone/ozone/hadoop-ozone/integration-test/target/test-dir/MiniOzoneClusterImpl-0be2ff2d-c2a8-4ed5-ac17-c4684e36ac53/datanode-2/meta/webserver/jetty-0_0_0_0-38993-hdds-container-service-1_4_0-SNAPSHOT_jar-_-any-2306364498080582566/webapp/,AVAILABLE}{jar:file:/home/runner/.m2/repository/org/apache/ozone/hdds-container-service/1.4.0-SNAPSHOT/hdds-container-service-1.4.0-SNAPSHOT.jar!/webapps/hddsDatanode}
2023-03-09 14:59:48,995 [Listener at 127.0.0.1/46569] INFO  server.AbstractConnector (AbstractConnector.java:doStart(333)) - Started ServerConnector@6f0f3ea0{HTTP/1.1, (http/1.1)}{0.0.0.0:38993}
2023-03-09 14:59:48,996 [Listener at 127.0.0.1/46569] INFO  server.Server (Server.java:doStart(415)) - Started @119649ms
2023-03-09 14:59:48,996 [Listener at 127.0.0.1/46569] WARN  impl.MetricsSystemImpl (MetricsSystemImpl.java:register(279)) - Sink prometheus already exists!
2023-03-09 14:59:48,996 [Listener at 127.0.0.1/46569] INFO  http.BaseHttpServer (BaseHttpServer.java:updateConnectorAddress(344)) - HTTP server of hddsDatanode listening at http://0.0.0.0:38993
2023-03-09 14:59:48,997 [Listener at 127.0.0.1/46569] INFO  ozone.MiniOzoneClusterImpl (MiniOzoneClusterImpl.java:lambda$waitForClusterToBeReady$0(218)) - Waiting for nodes to be ready. Got 0 of 3 DN Heartbeats.
2023-03-09 14:59:48,997 [Listener at 127.0.0.1/46569] INFO  ozone.MiniOzoneClusterImpl (MiniOzoneClusterImpl.java:lambda$waitForClusterToBeReady$0(221)) - Waiting for cluster to exit safe mode
2023-03-09 14:59:48,997 [Listener at 127.0.0.1/46569] INFO  ozone.MiniOzoneClusterImpl (MiniOzoneClusterImpl.java:lambda$waitForClusterToBeReady$0(223)) - SCM became leader
2023-03-09 14:59:48,997 [Datanode State Machine Daemon Thread] INFO  statemachine.DatanodeStateMachine (DatanodeStateMachine.java:lambda$startDaemon$0(517)) - Ozone container server started.
2023-03-09 14:59:49,009 [org.apache.hadoop.util.JvmPauseMonitor$Monitor@5a089364] INFO  util.JvmPauseMonitor (JvmPauseMonitor.java:run(188)) - Starting JVM pause monitor
2023-03-09 14:59:49,009 [Datanode State Machine Task Thread - 0] INFO  ha.SCMNodeInfo (SCMNodeInfo.java:getPort(197)) - ConfigKey ozone.scm.client.address is deprecated, For configuring different ports for each SCM use PortConfigKey ozone.scm.client.port appended with serviceId and nodeId
2023-03-09 14:59:49,010 [Datanode State Machine Task Thread - 0] INFO  ha.SCMNodeInfo (SCMNodeInfo.java:getPort(197)) - ConfigKey ozone.scm.block.client.address is deprecated, For configuring different ports for each SCM use PortConfigKey ozone.scm.block.client.port appended with serviceId and nodeId
2023-03-09 14:59:49,010 [Datanode State Machine Task Thread - 0] INFO  ha.SCMNodeInfo (SCMNodeInfo.java:getPort(197)) - ConfigKey ozone.scm.datanode.address is deprecated, For configuring different ports for each SCM use PortConfigKey ozone.scm.datanode.port appended with serviceId and nodeId
2023-03-09 14:59:49,011 [Datanode State Machine Task Thread - 0] INFO  datanode.InitDatanodeState (InitDatanodeState.java:persistContainerDatanodeDetails(138)) - DatanodeDetails is persisted to /home/runner/work/ozone/ozone/hadoop-ozone/integration-test/target/test-dir/MiniOzoneClusterImpl-0be2ff2d-c2a8-4ed5-ac17-c4684e36ac53/datanode-2/meta/datanode.id
2023-03-09 14:59:49,238 [EndpointStateMachine task thread for /127.0.0.1:40177 - 0 ] INFO  ipc.Client (Client.java:handleConnectionFailure(1010)) - Retrying connect to server: localhost/127.0.0.1:40177. Already tried 4 time(s); retry policy is RetryUpToMaximumCountWithFixedSleep(maxRetries=15, sleepTime=1000 MILLISECONDS)
2023-03-09 14:59:49,998 [Listener at 127.0.0.1/46569] INFO  ozone.MiniOzoneClusterImpl (MiniOzoneClusterImpl.java:lambda$waitForClusterToBeReady$0(218)) - Waiting for nodes to be ready. Got 0 of 3 DN Heartbeats.
2023-03-09 14:59:49,998 [Listener at 127.0.0.1/46569] INFO  ozone.MiniOzoneClusterImpl (MiniOzoneClusterImpl.java:lambda$waitForClusterToBeReady$0(221)) - Waiting for cluster to exit safe mode
2023-03-09 14:59:49,999 [Listener at 127.0.0.1/46569] INFO  ozone.MiniOzoneClusterImpl (MiniOzoneClusterImpl.java:lambda$waitForClusterToBeReady$0(223)) - SCM became leader
2023-03-09 14:59:50,221 [EndpointStateMachine task thread for /127.0.0.1:36681 - 0 ] INFO  utils.DatanodeStoreCache (DatanodeStoreCache.java:addDB(58)) - Added db /home/runner/work/ozone/ozone/hadoop-ozone/integration-test/target/test-dir/MiniOzoneClusterImpl-0be2ff2d-c2a8-4ed5-ac17-c4684e36ac53/datanode-0/data-0/containers/hdds/0be2ff2d-c2a8-4ed5-ac17-c4684e36ac53/DS-e407497a-eebc-429a-a870-2e5e87b047b8/container.db to cache
2023-03-09 14:59:50,221 [EndpointStateMachine task thread for /127.0.0.1:36681 - 0 ] INFO  volume.HddsVolume (HddsVolume.java:createDbStore(331)) - SchemaV3 db is created and loaded at /home/runner/work/ozone/ozone/hadoop-ozone/integration-test/target/test-dir/MiniOzoneClusterImpl-0be2ff2d-c2a8-4ed5-ac17-c4684e36ac53/datanode-0/data-0/containers/hdds/0be2ff2d-c2a8-4ed5-ac17-c4684e36ac53/DS-e407497a-eebc-429a-a870-2e5e87b047b8/container.db for volume DS-e407497a-eebc-429a-a870-2e5e87b047b8
2023-03-09 14:59:50,222 [EndpointStateMachine task thread for /127.0.0.1:36681 - 0 ] INFO  ozoneimpl.OzoneContainer (OzoneContainer.java:start(398)) - Attempting to start container services.
2023-03-09 14:59:50,222 [EndpointStateMachine task thread for /127.0.0.1:36681 - 0 ] INFO  ozoneimpl.OzoneContainer (OzoneContainer.java:startContainerScrub(315)) - Scheduled background container scanners and the on-demand container scanner have been disabled.
2023-03-09 14:59:50,225 [EndpointStateMachine task thread for /127.0.0.1:36681 - 0 ] INFO  replication.ReplicationServer (ReplicationServer.java:start(109)) - ReplicationServer is started using port 37775
2023-03-09 14:59:50,227 [EndpointStateMachine task thread for /127.0.0.1:36681 - 0 ] INFO  ratis.XceiverServerRatis (XceiverServerRatis.java:start(518)) - Starting XceiverServerRatis 2e08ab99-21b9-413b-a3c3-42a884871cc4
2023-03-09 14:59:50,228 [EndpointStateMachine task thread for /127.0.0.1:36681 - 0 ] INFO  server.RaftServer (RaftServerProxy.java:startImpl(393)) - 2e08ab99-21b9-413b-a3c3-42a884871cc4: start RPC server
2023-03-09 14:59:50,234 [EndpointStateMachine task thread for /127.0.0.1:36681 - 0 ] INFO  server.GrpcService (GrpcService.java:startImpl(262)) - 2e08ab99-21b9-413b-a3c3-42a884871cc4: GrpcService started, listening on 38561
2023-03-09 14:59:50,235 [EndpointStateMachine task thread for /127.0.0.1:36681 - 0 ] INFO  ratis.XceiverServerRatis (XceiverServerRatis.java:getRealPort(544)) - XceiverServerRatis 2e08ab99-21b9-413b-a3c3-42a884871cc4 is started using port 38561 for RATIS
2023-03-09 14:59:50,236 [EndpointStateMachine task thread for /127.0.0.1:36681 - 0 ] INFO  ratis.XceiverServerRatis (XceiverServerRatis.java:getRealPort(544)) - XceiverServerRatis 2e08ab99-21b9-413b-a3c3-42a884871cc4 is started using port 38561 for RATIS_ADMIN
2023-03-09 14:59:50,236 [JvmPauseMonitor18] INFO  util.JvmPauseMonitor (JvmPauseMonitor.java:run(105)) - JvmPauseMonitor-2e08ab99-21b9-413b-a3c3-42a884871cc4: Started
2023-03-09 14:59:50,236 [EndpointStateMachine task thread for /127.0.0.1:36681 - 0 ] INFO  ratis.XceiverServerRatis (XceiverServerRatis.java:getRealPort(544)) - XceiverServerRatis 2e08ab99-21b9-413b-a3c3-42a884871cc4 is started using port 38561 for RATIS_SERVER
2023-03-09 14:59:50,236 [EndpointStateMachine task thread for /127.0.0.1:36681 - 0 ] INFO  ratis.XceiverServerRatis (XceiverServerRatis.java:getRealPort(544)) - XceiverServerRatis 2e08ab99-21b9-413b-a3c3-42a884871cc4 is started using port 36339 for RATIS_DATASTREAM
2023-03-09 14:59:50,240 [EndpointStateMachine task thread for /127.0.0.1:40177 - 0 ] INFO  ipc.Client (Client.java:handleConnectionFailure(1010)) - Retrying connect to server: localhost/127.0.0.1:40177. Already tried 5 time(s); retry policy is RetryUpToMaximumCountWithFixedSleep(maxRetries=15, sleepTime=1000 MILLISECONDS)
2023-03-09 14:59:50,249 [EndpointStateMachine task thread for /127.0.0.1:36681 - 0 ] INFO  server.XceiverServerGrpc (XceiverServerGrpc.java:start(180)) - XceiverServerGrpc 2e08ab99-21b9-413b-a3c3-42a884871cc4 is started using port 35521
2023-03-09 14:59:50,251 [BlockDeletingService#0] INFO  interfaces.ContainerDeletionChoosingPolicyTemplate (ContainerDeletionChoosingPolicyTemplate.java:chooseContainerForBlockDeletion(83)) - Chosen 0/5000 blocks from 0 candidate containers.
2023-03-09 14:59:50,662 [EndpointStateMachine task thread for /127.0.0.1:36681 - 0 ] INFO  utils.DatanodeStoreCache (DatanodeStoreCache.java:addDB(58)) - Added db /home/runner/work/ozone/ozone/hadoop-ozone/integration-test/target/test-dir/MiniOzoneClusterImpl-0be2ff2d-c2a8-4ed5-ac17-c4684e36ac53/datanode-1/data-0/containers/hdds/0be2ff2d-c2a8-4ed5-ac17-c4684e36ac53/DS-05500a8c-6d07-46b3-925a-268c6fcd3017/container.db to cache
2023-03-09 14:59:50,662 [EndpointStateMachine task thread for /127.0.0.1:36681 - 0 ] INFO  volume.HddsVolume (HddsVolume.java:createDbStore(331)) - SchemaV3 db is created and loaded at /home/runner/work/ozone/ozone/hadoop-ozone/integration-test/target/test-dir/MiniOzoneClusterImpl-0be2ff2d-c2a8-4ed5-ac17-c4684e36ac53/datanode-1/data-0/containers/hdds/0be2ff2d-c2a8-4ed5-ac17-c4684e36ac53/DS-05500a8c-6d07-46b3-925a-268c6fcd3017/container.db for volume DS-05500a8c-6d07-46b3-925a-268c6fcd3017
2023-03-09 14:59:50,662 [EndpointStateMachine task thread for /127.0.0.1:36681 - 0 ] INFO  ozoneimpl.OzoneContainer (OzoneContainer.java:start(398)) - Attempting to start container services.
2023-03-09 14:59:50,662 [EndpointStateMachine task thread for /127.0.0.1:36681 - 0 ] INFO  ozoneimpl.OzoneContainer (OzoneContainer.java:startContainerScrub(315)) - Scheduled background container scanners and the on-demand container scanner have been disabled.
2023-03-09 14:59:50,666 [EndpointStateMachine task thread for /127.0.0.1:36681 - 0 ] INFO  replication.ReplicationServer (ReplicationServer.java:start(109)) - ReplicationServer is started using port 37989
2023-03-09 14:59:50,667 [EndpointStateMachine task thread for /127.0.0.1:36681 - 0 ] INFO  ratis.XceiverServerRatis (XceiverServerRatis.java:start(518)) - Starting XceiverServerRatis 2041f563-0d32-4367-9889-6c4be41f3c5d
2023-03-09 14:59:50,668 [EndpointStateMachine task thread for /127.0.0.1:36681 - 0 ] INFO  server.RaftServer (RaftServerProxy.java:startImpl(393)) - 2041f563-0d32-4367-9889-6c4be41f3c5d: start RPC server
2023-03-09 14:59:50,674 [EndpointStateMachine task thread for /127.0.0.1:36681 - 0 ] INFO  server.GrpcService (GrpcService.java:startImpl(262)) - 2041f563-0d32-4367-9889-6c4be41f3c5d: GrpcService started, listening on 35575
2023-03-09 14:59:50,675 [EndpointStateMachine task thread for /127.0.0.1:36681 - 0 ] INFO  ratis.XceiverServerRatis (XceiverServerRatis.java:getRealPort(544)) - XceiverServerRatis 2041f563-0d32-4367-9889-6c4be41f3c5d is started using port 35575 for RATIS
2023-03-09 14:59:50,675 [JvmPauseMonitor19] INFO  util.JvmPauseMonitor (JvmPauseMonitor.java:run(105)) - JvmPauseMonitor-2041f563-0d32-4367-9889-6c4be41f3c5d: Started
2023-03-09 14:59:50,675 [EndpointStateMachine task thread for /127.0.0.1:36681 - 0 ] INFO  ratis.XceiverServerRatis (XceiverServerRatis.java:getRealPort(544)) - XceiverServerRatis 2041f563-0d32-4367-9889-6c4be41f3c5d is started using port 35575 for RATIS_ADMIN
2023-03-09 14:59:50,675 [EndpointStateMachine task thread for /127.0.0.1:36681 - 0 ] INFO  ratis.XceiverServerRatis (XceiverServerRatis.java:getRealPort(544)) - XceiverServerRatis 2041f563-0d32-4367-9889-6c4be41f3c5d is started using port 35575 for RATIS_SERVER
2023-03-09 14:59:50,675 [EndpointStateMachine task thread for /127.0.0.1:36681 - 0 ] INFO  ratis.XceiverServerRatis (XceiverServerRatis.java:getRealPort(544)) - XceiverServerRatis 2041f563-0d32-4367-9889-6c4be41f3c5d is started using port 40961 for RATIS_DATASTREAM
2023-03-09 14:59:50,680 [EndpointStateMachine task thread for /127.0.0.1:36681 - 0 ] INFO  server.XceiverServerGrpc (XceiverServerGrpc.java:start(180)) - XceiverServerGrpc 2041f563-0d32-4367-9889-6c4be41f3c5d is started using port 44305
2023-03-09 14:59:50,680 [BlockDeletingService#0] INFO  interfaces.ContainerDeletionChoosingPolicyTemplate (ContainerDeletionChoosingPolicyTemplate.java:chooseContainerForBlockDeletion(83)) - Chosen 0/5000 blocks from 0 candidate containers.
2023-03-09 14:59:50,999 [Listener at 127.0.0.1/46569] INFO  ozone.MiniOzoneClusterImpl (MiniOzoneClusterImpl.java:lambda$waitForClusterToBeReady$0(218)) - Waiting for nodes to be ready. Got 0 of 3 DN Heartbeats.
2023-03-09 14:59:50,999 [Listener at 127.0.0.1/46569] INFO  ozone.MiniOzoneClusterImpl (MiniOzoneClusterImpl.java:lambda$waitForClusterToBeReady$0(221)) - Waiting for cluster to exit safe mode
2023-03-09 14:59:50,999 [Listener at 127.0.0.1/46569] INFO  ozone.MiniOzoneClusterImpl (MiniOzoneClusterImpl.java:lambda$waitForClusterToBeReady$0(223)) - SCM became leader
2023-03-09 14:59:51,050 [EndpointStateMachine task thread for /127.0.0.1:36681 - 0 ] INFO  utils.DatanodeStoreCache (DatanodeStoreCache.java:addDB(58)) - Added db /home/runner/work/ozone/ozone/hadoop-ozone/integration-test/target/test-dir/MiniOzoneClusterImpl-0be2ff2d-c2a8-4ed5-ac17-c4684e36ac53/datanode-2/data-0/containers/hdds/0be2ff2d-c2a8-4ed5-ac17-c4684e36ac53/DS-c8760f20-cd76-4999-ac67-abf5847938e9/container.db to cache
2023-03-09 14:59:51,050 [EndpointStateMachine task thread for /127.0.0.1:36681 - 0 ] INFO  volume.HddsVolume (HddsVolume.java:createDbStore(331)) - SchemaV3 db is created and loaded at /home/runner/work/ozone/ozone/hadoop-ozone/integration-test/target/test-dir/MiniOzoneClusterImpl-0be2ff2d-c2a8-4ed5-ac17-c4684e36ac53/datanode-2/data-0/containers/hdds/0be2ff2d-c2a8-4ed5-ac17-c4684e36ac53/DS-c8760f20-cd76-4999-ac67-abf5847938e9/container.db for volume DS-c8760f20-cd76-4999-ac67-abf5847938e9
2023-03-09 14:59:51,050 [EndpointStateMachine task thread for /127.0.0.1:36681 - 0 ] INFO  ozoneimpl.OzoneContainer (OzoneContainer.java:start(398)) - Attempting to start container services.
2023-03-09 14:59:51,050 [EndpointStateMachine task thread for /127.0.0.1:36681 - 0 ] INFO  ozoneimpl.OzoneContainer (OzoneContainer.java:startContainerScrub(315)) - Scheduled background container scanners and the on-demand container scanner have been disabled.
2023-03-09 14:59:51,054 [EndpointStateMachine task thread for /127.0.0.1:36681 - 0 ] INFO  replication.ReplicationServer (ReplicationServer.java:start(109)) - ReplicationServer is started using port 34757
2023-03-09 14:59:51,055 [EndpointStateMachine task thread for /127.0.0.1:36681 - 0 ] INFO  ratis.XceiverServerRatis (XceiverServerRatis.java:start(518)) - Starting XceiverServerRatis feab20ca-06d8-4da6-9078-da7af006e724
2023-03-09 14:59:51,056 [EndpointStateMachine task thread for /127.0.0.1:36681 - 0 ] INFO  server.RaftServer (RaftServerProxy.java:startImpl(393)) - feab20ca-06d8-4da6-9078-da7af006e724: start RPC server
2023-03-09 14:59:51,058 [EndpointStateMachine task thread for /127.0.0.1:36681 - 0 ] INFO  server.GrpcService (GrpcService.java:startImpl(262)) - feab20ca-06d8-4da6-9078-da7af006e724: GrpcService started, listening on 45775
2023-03-09 14:59:51,059 [EndpointStateMachine task thread for /127.0.0.1:36681 - 0 ] INFO  ratis.XceiverServerRatis (XceiverServerRatis.java:getRealPort(544)) - XceiverServerRatis feab20ca-06d8-4da6-9078-da7af006e724 is started using port 45775 for RATIS
2023-03-09 14:59:51,059 [EndpointStateMachine task thread for /127.0.0.1:36681 - 0 ] INFO  ratis.XceiverServerRatis (XceiverServerRatis.java:getRealPort(544)) - XceiverServerRatis feab20ca-06d8-4da6-9078-da7af006e724 is started using port 45775 for RATIS_ADMIN
2023-03-09 14:59:51,059 [EndpointStateMachine task thread for /127.0.0.1:36681 - 0 ] INFO  ratis.XceiverServerRatis (XceiverServerRatis.java:getRealPort(544)) - XceiverServerRatis feab20ca-06d8-4da6-9078-da7af006e724 is started using port 45775 for RATIS_SERVER
2023-03-09 14:59:51,059 [EndpointStateMachine task thread for /127.0.0.1:36681 - 0 ] INFO  ratis.XceiverServerRatis (XceiverServerRatis.java:getRealPort(544)) - XceiverServerRatis feab20ca-06d8-4da6-9078-da7af006e724 is started using port 42183 for RATIS_DATASTREAM
2023-03-09 14:59:51,060 [JvmPauseMonitor20] INFO  util.JvmPauseMonitor (JvmPauseMonitor.java:run(105)) - JvmPauseMonitor-feab20ca-06d8-4da6-9078-da7af006e724: Started
2023-03-09 14:59:51,064 [EndpointStateMachine task thread for /127.0.0.1:36681 - 0 ] INFO  server.XceiverServerGrpc (XceiverServerGrpc.java:start(180)) - XceiverServerGrpc feab20ca-06d8-4da6-9078-da7af006e724 is started using port 33269
2023-03-09 14:59:51,065 [BlockDeletingService#0] INFO  interfaces.ContainerDeletionChoosingPolicyTemplate (ContainerDeletionChoosingPolicyTemplate.java:chooseContainerForBlockDeletion(83)) - Chosen 0/5000 blocks from 0 candidate containers.
2023-03-09 14:59:51,241 [EndpointStateMachine task thread for /127.0.0.1:40177 - 0 ] INFO  ipc.Client (Client.java:handleConnectionFailure(1010)) - Retrying connect to server: localhost/127.0.0.1:40177. Already tried 6 time(s); retry policy is RetryUpToMaximumCountWithFixedSleep(maxRetries=15, sleepTime=1000 MILLISECONDS)
2023-03-09 14:59:52,000 [Listener at 127.0.0.1/46569] INFO  ozone.MiniOzoneClusterImpl (MiniOzoneClusterImpl.java:lambda$waitForClusterToBeReady$0(218)) - Waiting for nodes to be ready. Got 0 of 3 DN Heartbeats.
2023-03-09 14:59:52,000 [Listener at 127.0.0.1/46569] INFO  ozone.MiniOzoneClusterImpl (MiniOzoneClusterImpl.java:lambda$waitForClusterToBeReady$0(221)) - Waiting for cluster to exit safe mode
2023-03-09 14:59:52,000 [Listener at 127.0.0.1/46569] INFO  ozone.MiniOzoneClusterImpl (MiniOzoneClusterImpl.java:lambda$waitForClusterToBeReady$0(223)) - SCM became leader
2023-03-09 14:59:52,170 [IPC Server handler 1 on default port 36681] INFO  net.NetworkTopologyImpl (NetworkTopologyImpl.java:add(112)) - Added a new node: /default-rack/2e08ab99-21b9-413b-a3c3-42a884871cc4
2023-03-09 14:59:52,171 [IPC Server handler 1 on default port 36681] INFO  node.SCMNodeManager (SCMNodeManager.java:register(404)) - Registered Data node : 2e08ab99-21b9-413b-a3c3-42a884871cc4{ip: 127.0.0.1, host: localhost, ports: [REPLICATION=37775, RATIS=38561, RATIS_ADMIN=38561, RATIS_SERVER=38561, RATIS_DATASTREAM=36339, STANDALONE=35521], networkLocation: /default-rack, certSerialId: null, persistedOpState: null, persistedOpStateExpiryEpochSec: 0}
2023-03-09 14:59:52,175 [EventQueue-NodeRegistrationContainerReportForDataNodeSafeModeRule] INFO  safemode.SCMSafeModeManager (DataNodeSafeModeRule.java:process(71)) - SCM in safe mode. 1 DataNodes registered, 3 required.
2023-03-09 14:59:52,183 [EventQueue-NodeRegistrationContainerReportForContainerSafeModeRule] INFO  safemode.SCMSafeModeManager (SCMSafeModeManager.java:validateSafeModeExitRules(200)) - ContainerSafeModeRule rule is successfully validated
2023-03-09 14:59:52,183 [EventQueue-PipelineReportForOneReplicaPipelineSafeModeRule] INFO  safemode.SCMSafeModeManager (SCMSafeModeManager.java:validateSafeModeExitRules(200)) - AtleastOneDatanodeReportedRule rule is successfully validated
2023-03-09 14:59:52,186 [EventQueue-NewNodeForNewNodeHandler] INFO  pipeline.BackgroundPipelineCreator (BackgroundPipelineCreator.java:notifyEventTriggered(276)) - trigger a one-shot run on RatisPipelineUtilsThread.
2023-03-09 14:59:52,186 [RatisPipelineUtilsThread - 0] INFO  pipeline.RatisPipelineProvider (RatisPipelineProvider.java:lambda$create$0(206)) - Sending CreatePipelineCommand for pipeline:PipelineID=460e387d-a739-4695-ac04-3a6f2fb1d2f2 to datanode:2e08ab99-21b9-413b-a3c3-42a884871cc4
2023-03-09 14:59:52,208 [94489f6d-fe79-40fc-acb2-36e6df399f83@group-C4684E36AC53-StateMachineUpdater] INFO  pipeline.PipelineStateManagerImpl (PipelineStateManagerImpl.java:addPipeline(103)) - Created pipeline Pipeline[ Id: 460e387d-a739-4695-ac04-3a6f2fb1d2f2, Nodes: 2e08ab99-21b9-413b-a3c3-42a884871cc4(localhost/127.0.0.1), ReplicationConfig: RATIS/ONE, State:ALLOCATED, leaderId:, CreationTimestamp2023-03-09T14:59:52.186Z[Etc/UTC]].
2023-03-09 14:59:52,209 [94489f6d-fe79-40fc-acb2-36e6df399f83@group-C4684E36AC53-StateMachineUpdater] INFO  safemode.HealthyPipelineSafeModeRule (HealthyPipelineSafeModeRule.java:initializeRule(165)) - Refreshed total pipeline count is 0, healthy pipeline threshold count is 1
2023-03-09 14:59:52,242 [EndpointStateMachine task thread for /127.0.0.1:40177 - 0 ] INFO  ipc.Client (Client.java:handleConnectionFailure(1010)) - Retrying connect to server: localhost/127.0.0.1:40177. Already tried 7 time(s); retry policy is RetryUpToMaximumCountWithFixedSleep(maxRetries=15, sleepTime=1000 MILLISECONDS)
2023-03-09 14:59:52,612 [IPC Server handler 4 on default port 36681] INFO  net.NetworkTopologyImpl (NetworkTopologyImpl.java:add(112)) - Added a new node: /default-rack/2041f563-0d32-4367-9889-6c4be41f3c5d
2023-03-09 14:59:52,612 [IPC Server handler 4 on default port 36681] INFO  node.SCMNodeManager (SCMNodeManager.java:register(404)) - Registered Data node : 2041f563-0d32-4367-9889-6c4be41f3c5d{ip: 127.0.0.1, host: localhost, ports: [REPLICATION=37989, RATIS=35575, RATIS_ADMIN=35575, RATIS_SERVER=35575, RATIS_DATASTREAM=40961, STANDALONE=44305], networkLocation: /default-rack, certSerialId: null, persistedOpState: null, persistedOpStateExpiryEpochSec: 0}
2023-03-09 14:59:52,614 [EventQueue-NodeRegistrationContainerReportForDataNodeSafeModeRule] INFO  safemode.SCMSafeModeManager (DataNodeSafeModeRule.java:process(71)) - SCM in safe mode. 2 DataNodes registered, 3 required.
2023-03-09 14:59:52,614 [EventQueue-NewNodeForNewNodeHandler] INFO  pipeline.BackgroundPipelineCreator (BackgroundPipelineCreator.java:notifyEventTriggered(276)) - trigger a one-shot run on RatisPipelineUtilsThread.
2023-03-09 14:59:52,615 [RatisPipelineUtilsThread - 0] INFO  pipeline.RatisPipelineProvider (RatisPipelineProvider.java:lambda$create$0(206)) - Sending CreatePipelineCommand for pipeline:PipelineID=dbd29d10-1898-45ce-a351-cda870a9aa5c to datanode:2041f563-0d32-4367-9889-6c4be41f3c5d
2023-03-09 14:59:52,618 [94489f6d-fe79-40fc-acb2-36e6df399f83@group-C4684E36AC53-StateMachineUpdater] INFO  pipeline.PipelineStateManagerImpl (PipelineStateManagerImpl.java:addPipeline(103)) - Created pipeline Pipeline[ Id: dbd29d10-1898-45ce-a351-cda870a9aa5c, Nodes: 2041f563-0d32-4367-9889-6c4be41f3c5d(localhost/127.0.0.1), ReplicationConfig: RATIS/ONE, State:ALLOCATED, leaderId:, CreationTimestamp2023-03-09T14:59:52.615Z[Etc/UTC]].
2023-03-09 14:59:52,618 [94489f6d-fe79-40fc-acb2-36e6df399f83@group-C4684E36AC53-StateMachineUpdater] INFO  safemode.HealthyPipelineSafeModeRule (HealthyPipelineSafeModeRule.java:initializeRule(165)) - Refreshed total pipeline count is 0, healthy pipeline threshold count is 1
2023-03-09 14:59:53,001 [Listener at 127.0.0.1/46569] INFO  ozone.MiniOzoneClusterImpl (MiniOzoneClusterImpl.java:lambda$waitForClusterToBeReady$0(218)) - Waiting for nodes to be ready. Got 2 of 3 DN Heartbeats.
2023-03-09 14:59:53,001 [Listener at 127.0.0.1/46569] INFO  ozone.MiniOzoneClusterImpl (MiniOzoneClusterImpl.java:lambda$waitForClusterToBeReady$0(221)) - Waiting for cluster to exit safe mode
2023-03-09 14:59:53,001 [Listener at 127.0.0.1/46569] INFO  ozone.MiniOzoneClusterImpl (MiniOzoneClusterImpl.java:lambda$waitForClusterToBeReady$0(223)) - SCM became leader
2023-03-09 14:59:53,012 [IPC Server handler 0 on default port 36681] INFO  net.NetworkTopologyImpl (NetworkTopologyImpl.java:add(112)) - Added a new node: /default-rack/feab20ca-06d8-4da6-9078-da7af006e724
2023-03-09 14:59:53,013 [IPC Server handler 0 on default port 36681] INFO  node.SCMNodeManager (SCMNodeManager.java:register(404)) - Registered Data node : feab20ca-06d8-4da6-9078-da7af006e724{ip: 127.0.0.1, host: localhost, ports: [REPLICATION=34757, RATIS=45775, RATIS_ADMIN=45775, RATIS_SERVER=45775, RATIS_DATASTREAM=42183, STANDALONE=33269], networkLocation: /default-rack, certSerialId: null, persistedOpState: null, persistedOpStateExpiryEpochSec: 0}
2023-03-09 14:59:53,013 [EventQueue-NewNodeForNewNodeHandler] INFO  pipeline.BackgroundPipelineCreator (BackgroundPipelineCreator.java:notifyEventTriggered(276)) - trigger a one-shot run on RatisPipelineUtilsThread.
2023-03-09 14:59:53,013 [EventQueue-NodeRegistrationContainerReportForDataNodeSafeModeRule] INFO  safemode.SCMSafeModeManager (DataNodeSafeModeRule.java:process(71)) - SCM in safe mode. 3 DataNodes registered, 3 required.
2023-03-09 14:59:53,013 [EventQueue-NodeRegistrationContainerReportForDataNodeSafeModeRule] INFO  safemode.SCMSafeModeManager (SCMSafeModeManager.java:validateSafeModeExitRules(200)) - DataNodeSafeModeRule rule is successfully validated
2023-03-09 14:59:53,013 [EventQueue-NodeRegistrationContainerReportForDataNodeSafeModeRule] INFO  safemode.SCMSafeModeManager (SCMSafeModeManager.java:completePreCheck(229)) - All SCM safe mode pre check rules have passed
2023-03-09 14:59:53,013 [EventQueue-NodeRegistrationContainerReportForDataNodeSafeModeRule] INFO  ha.SCMContext (SCMContext.java:updateSafeModeStatus(228)) - Update SafeModeStatus from SafeModeStatus{safeModeStatus=true, preCheckPassed=false} to SafeModeStatus{safeModeStatus=true, preCheckPassed=true}.
2023-03-09 14:59:53,013 [EventQueue-NodeRegistrationContainerReportForDataNodeSafeModeRule] INFO  pipeline.BackgroundPipelineCreator (BackgroundPipelineCreator.java:notifyEventTriggered(276)) - trigger a one-shot run on RatisPipelineUtilsThread.
2023-03-09 14:59:53,015 [RatisPipelineUtilsThread - 0] INFO  pipeline.RatisPipelineProvider (RatisPipelineProvider.java:lambda$create$0(206)) - Sending CreatePipelineCommand for pipeline:PipelineID=175ced7f-6934-426a-8f18-24d945a2e867 to datanode:feab20ca-06d8-4da6-9078-da7af006e724
2023-03-09 14:59:53,018 [94489f6d-fe79-40fc-acb2-36e6df399f83@group-C4684E36AC53-StateMachineUpdater] INFO  pipeline.PipelineStateManagerImpl (PipelineStateManagerImpl.java:addPipeline(103)) - Created pipeline Pipeline[ Id: 175ced7f-6934-426a-8f18-24d945a2e867, Nodes: feab20ca-06d8-4da6-9078-da7af006e724(localhost/127.0.0.1), ReplicationConfig: RATIS/ONE, State:ALLOCATED, leaderId:, CreationTimestamp2023-03-09T14:59:53.015Z[Etc/UTC]].
2023-03-09 14:59:53,018 [94489f6d-fe79-40fc-acb2-36e6df399f83@group-C4684E36AC53-StateMachineUpdater] INFO  safemode.HealthyPipelineSafeModeRule (HealthyPipelineSafeModeRule.java:initializeRule(165)) - Refreshed total pipeline count is 0, healthy pipeline threshold count is 1
2023-03-09 14:59:53,019 [RatisPipelineUtilsThread - 0] INFO  pipeline.RatisPipelineProvider (RatisPipelineProvider.java:lambda$create$0(206)) - Sending CreatePipelineCommand for pipeline:PipelineID=faff28c6-d6df-4147-b59d-46a4dcb4a5d0 to datanode:2041f563-0d32-4367-9889-6c4be41f3c5d
2023-03-09 14:59:53,019 [RatisPipelineUtilsThread - 0] INFO  pipeline.RatisPipelineProvider (RatisPipelineProvider.java:lambda$create$0(206)) - Sending CreatePipelineCommand for pipeline:PipelineID=faff28c6-d6df-4147-b59d-46a4dcb4a5d0 to datanode:2e08ab99-21b9-413b-a3c3-42a884871cc4
2023-03-09 14:59:53,020 [RatisPipelineUtilsThread - 0] INFO  pipeline.RatisPipelineProvider (RatisPipelineProvider.java:lambda$create$0(206)) - Sending CreatePipelineCommand for pipeline:PipelineID=faff28c6-d6df-4147-b59d-46a4dcb4a5d0 to datanode:feab20ca-06d8-4da6-9078-da7af006e724
2023-03-09 14:59:53,021 [94489f6d-fe79-40fc-acb2-36e6df399f83@group-C4684E36AC53-StateMachineUpdater] INFO  pipeline.PipelineStateManagerImpl (PipelineStateManagerImpl.java:addPipeline(103)) - Created pipeline Pipeline[ Id: faff28c6-d6df-4147-b59d-46a4dcb4a5d0, Nodes: 2041f563-0d32-4367-9889-6c4be41f3c5d(localhost/127.0.0.1)2e08ab99-21b9-413b-a3c3-42a884871cc4(localhost/127.0.0.1)feab20ca-06d8-4da6-9078-da7af006e724(localhost/127.0.0.1), ReplicationConfig: RATIS/THREE, State:ALLOCATED, leaderId:, CreationTimestamp2023-03-09T14:59:53.019Z[Etc/UTC]].
2023-03-09 14:59:53,021 [94489f6d-fe79-40fc-acb2-36e6df399f83@group-C4684E36AC53-StateMachineUpdater] INFO  safemode.HealthyPipelineSafeModeRule (HealthyPipelineSafeModeRule.java:initializeRule(165)) - Refreshed total pipeline count is 0, healthy pipeline threshold count is 1
2023-03-09 14:59:53,022 [RatisPipelineUtilsThread - 0] INFO  pipeline.RatisPipelineProvider (RatisPipelineProvider.java:lambda$create$0(206)) - Sending CreatePipelineCommand for pipeline:PipelineID=f689b343-6c19-4032-b37b-520440aa15dd to datanode:2041f563-0d32-4367-9889-6c4be41f3c5d
2023-03-09 14:59:53,023 [RatisPipelineUtilsThread - 0] INFO  pipeline.RatisPipelineProvider (RatisPipelineProvider.java:lambda$create$0(206)) - Sending CreatePipelineCommand for pipeline:PipelineID=f689b343-6c19-4032-b37b-520440aa15dd to datanode:feab20ca-06d8-4da6-9078-da7af006e724
2023-03-09 14:59:53,023 [RatisPipelineUtilsThread - 0] INFO  pipeline.RatisPipelineProvider (RatisPipelineProvider.java:lambda$create$0(206)) - Sending CreatePipelineCommand for pipeline:PipelineID=f689b343-6c19-4032-b37b-520440aa15dd to datanode:2e08ab99-21b9-413b-a3c3-42a884871cc4
2023-03-09 14:59:53,024 [94489f6d-fe79-40fc-acb2-36e6df399f83@group-C4684E36AC53-StateMachineUpdater] INFO  pipeline.PipelineStateManagerImpl (PipelineStateManagerImpl.java:addPipeline(103)) - Created pipeline Pipeline[ Id: f689b343-6c19-4032-b37b-520440aa15dd, Nodes: 2041f563-0d32-4367-9889-6c4be41f3c5d(localhost/127.0.0.1)feab20ca-06d8-4da6-9078-da7af006e724(localhost/127.0.0.1)2e08ab99-21b9-413b-a3c3-42a884871cc4(localhost/127.0.0.1), ReplicationConfig: RATIS/THREE, State:ALLOCATED, leaderId:, CreationTimestamp2023-03-09T14:59:53.022Z[Etc/UTC]].
2023-03-09 14:59:53,025 [94489f6d-fe79-40fc-acb2-36e6df399f83@group-C4684E36AC53-StateMachineUpdater] INFO  safemode.HealthyPipelineSafeModeRule (HealthyPipelineSafeModeRule.java:initializeRule(165)) - Refreshed total pipeline count is 0, healthy pipeline threshold count is 1
2023-03-09 14:59:53,025 [RatisPipelineUtilsThread - 0] INFO  pipeline.PipelineManagerImpl (PipelineManagerImpl.java:recordMetricsForPipeline(826)) - Pipeline: PipelineID=f689b343-6c19-4032-b37b-520440aa15dd contains same datanodes as previous pipelines: PipelineID=faff28c6-d6df-4147-b59d-46a4dcb4a5d0 nodeIds: 2041f563-0d32-4367-9889-6c4be41f3c5d, feab20ca-06d8-4da6-9078-da7af006e724, 2e08ab99-21b9-413b-a3c3-42a884871cc4
2023-03-09 14:59:53,025 [RatisPipelineUtilsThread - 0] WARN  pipeline.PipelinePlacementPolicy (PipelinePlacementPolicy.java:filterViableNodes(158)) - Pipeline creation failed due to no sufficient healthy datanodes. Required 3. Found 0.
2023-03-09 14:59:53,026 [RatisPipelineUtilsThread - 0] WARN  pipeline.PipelinePlacementPolicy (PipelinePlacementPolicy.java:filterViableNodes(158)) - Pipeline creation failed due to no sufficient healthy datanodes. Required 3. Found 0.
2023-03-09 14:59:53,243 [EndpointStateMachine task thread for /127.0.0.1:40177 - 0 ] INFO  ipc.Client (Client.java:handleConnectionFailure(1010)) - Retrying connect to server: localhost/127.0.0.1:40177. Already tried 8 time(s); retry policy is RetryUpToMaximumCountWithFixedSleep(maxRetries=15, sleepTime=1000 MILLISECONDS)
2023-03-09 14:59:54,002 [Listener at 127.0.0.1/46569] INFO  ozone.MiniOzoneClusterImpl (MiniOzoneClusterImpl.java:lambda$waitForClusterToBeReady$0(218)) - Nodes are ready. Got 3 of 3 DN Heartbeats.
2023-03-09 14:59:54,002 [Listener at 127.0.0.1/46569] INFO  ozone.MiniOzoneClusterImpl (MiniOzoneClusterImpl.java:lambda$waitForClusterToBeReady$0(221)) - Waiting for cluster to exit safe mode
2023-03-09 14:59:54,002 [Listener at 127.0.0.1/46569] INFO  ozone.MiniOzoneClusterImpl (MiniOzoneClusterImpl.java:lambda$waitForClusterToBeReady$0(223)) - SCM became leader
2023-03-09 14:59:54,244 [EndpointStateMachine task thread for /127.0.0.1:40177 - 0 ] INFO  ipc.Client (Client.java:handleConnectionFailure(1010)) - Retrying connect to server: localhost/127.0.0.1:40177. Already tried 9 time(s); retry policy is RetryUpToMaximumCountWithFixedSleep(maxRetries=15, sleepTime=1000 MILLISECONDS)
2023-03-09 14:59:55,003 [Listener at 127.0.0.1/46569] INFO  ozone.MiniOzoneClusterImpl (MiniOzoneClusterImpl.java:lambda$waitForClusterToBeReady$0(218)) - Nodes are ready. Got 3 of 3 DN Heartbeats.
2023-03-09 14:59:55,003 [Listener at 127.0.0.1/46569] INFO  ozone.MiniOzoneClusterImpl (MiniOzoneClusterImpl.java:lambda$waitForClusterToBeReady$0(221)) - Waiting for cluster to exit safe mode
2023-03-09 14:59:55,003 [Listener at 127.0.0.1/46569] INFO  ozone.MiniOzoneClusterImpl (MiniOzoneClusterImpl.java:lambda$waitForClusterToBeReady$0(223)) - SCM became leader
2023-03-09 14:59:55,172 [Command processor thread] INFO  server.RaftServer (RaftServerProxy.java:addNew(96)) - 2e08ab99-21b9-413b-a3c3-42a884871cc4: addNew group-3A6F2FB1D2F2:[2e08ab99-21b9-413b-a3c3-42a884871cc4|rpc:127.0.0.1:38561|dataStream:127.0.0.1:36339|priority:1|startupRole:FOLLOWER] returns group-3A6F2FB1D2F2:java.util.concurrent.CompletableFuture@2012f412[Not completed]
2023-03-09 14:59:55,174 [pool-488-thread-1] INFO  server.RaftServer$Division (RaftServerImpl.java:<init>(195)) - 2e08ab99-21b9-413b-a3c3-42a884871cc4: new RaftServerImpl for group-3A6F2FB1D2F2:[2e08ab99-21b9-413b-a3c3-42a884871cc4|rpc:127.0.0.1:38561|dataStream:127.0.0.1:36339|priority:1|startupRole:FOLLOWER] with ContainerStateMachine:uninitialized
2023-03-09 14:59:55,174 [pool-488-thread-1] INFO  server.RaftServerConfigKeys (ConfUtils.java:logGet(46)) - raft.server.rpc.timeout.min = 5s (custom)
2023-03-09 14:59:55,174 [pool-488-thread-1] INFO  server.RaftServerConfigKeys (ConfUtils.java:logGet(46)) - raft.server.rpc.timeout.max = 5200ms (custom)
2023-03-09 14:59:55,174 [pool-488-thread-1] INFO  server.RaftServerConfigKeys (ConfUtils.java:logGet(46)) - raft.server.rpc.sleep.time = 25ms (default)
2023-03-09 14:59:55,174 [pool-488-thread-1] INFO  server.RaftServerConfigKeys (ConfUtils.java:logGet(46)) - raft.server.rpc.slowness.timeout = 300s (custom)
2023-03-09 14:59:55,174 [pool-488-thread-1] INFO  server.RaftServerConfigKeys (ConfUtils.java:logGet(46)) - raft.server.leaderelection.leader.step-down.wait-time = 10s (default)
2023-03-09 14:59:55,175 [pool-488-thread-1] INFO  server.RaftServerConfigKeys (ConfUtils.java:logGet(46)) - raft.server.sleep.deviation.threshold = 300ms (default)
2023-03-09 14:59:55,175 [pool-488-thread-1] INFO  server.RaftServer$Division (ServerState.java:<init>(118)) - 2e08ab99-21b9-413b-a3c3-42a884871cc4@group-3A6F2FB1D2F2: ConfigurationManager, init=-1: peers:[2e08ab99-21b9-413b-a3c3-42a884871cc4|rpc:127.0.0.1:38561|dataStream:127.0.0.1:36339|priority:1|startupRole:FOLLOWER]|listeners:[], old=null, confs=<EMPTY_MAP>
2023-03-09 14:59:55,175 [pool-488-thread-1] INFO  server.RaftServerConfigKeys (ConfUtils.java:logGet(46)) - raft.server.storage.dir = [/home/runner/work/ozone/ozone/hadoop-ozone/integration-test/target/test-dir/MiniOzoneClusterImpl-0be2ff2d-c2a8-4ed5-ac17-c4684e36ac53/datanode-0/data/ratis] (custom)
2023-03-09 14:59:55,175 [pool-488-thread-1] INFO  server.RaftServerConfigKeys (ConfUtils.java:logGet(46)) - raft.server.log.corruption.policy = EXCEPTION (default)
2023-03-09 14:59:55,175 [pool-488-thread-1] INFO  server.RaftServerConfigKeys (ConfUtils.java:logGet(46)) - raft.server.storage.free-space.min = 0MB (=0) (default)
2023-03-09 14:59:55,175 [pool-488-thread-1] INFO  server.RaftServerConfigKeys (ConfUtils.java:logGet(46)) - raft.server.notification.no-leader.timeout = 300s (custom)
2023-03-09 14:59:55,175 [pool-488-thread-1] INFO  server.RaftServerConfigKeys (ConfUtils.java:logGet(46)) - raft.server.retrycache.expirytime = 600000ms (custom)
2023-03-09 14:59:55,175 [pool-488-thread-1] INFO  server.RaftServerConfigKeys (ConfUtils.java:logGet(46)) - raft.server.retrycache.statistics.expirytime = 100μs (default)
2023-03-09 14:59:55,176 [pool-488-thread-1] INFO  server.RaftServerConfigKeys (ConfUtils.java:logGet(46)) - raft.server.log.appender.install.snapshot.enabled = false (custom)
2023-03-09 14:59:55,176 [pool-488-thread-1] INFO  server.RaftServerConfigKeys (ConfUtils.java:logGet(46)) - raft.server.threadpool.server.cached = true (default)
2023-03-09 14:59:55,176 [pool-488-thread-1] INFO  server.RaftServerConfigKeys (ConfUtils.java:logGet(46)) - raft.server.threadpool.server.size = 0 (default)
2023-03-09 14:59:55,176 [pool-488-thread-1] INFO  server.RaftServerConfigKeys (ConfUtils.java:logGet(46)) - raft.server.threadpool.client.cached = true (default)
2023-03-09 14:59:55,176 [pool-488-thread-1] INFO  server.RaftServerConfigKeys (ConfUtils.java:logGet(46)) - raft.server.threadpool.client.size = 0 (default)
2023-03-09 14:59:55,177 [pool-488-thread-1] INFO  storage.RaftStorageDirectory (RaftStorageDirectoryImpl.java:analyzeStorage(137)) - The storage directory /home/runner/work/ozone/ozone/hadoop-ozone/integration-test/target/test-dir/MiniOzoneClusterImpl-0be2ff2d-c2a8-4ed5-ac17-c4684e36ac53/datanode-0/data/ratis/460e387d-a739-4695-ac04-3a6f2fb1d2f2 does not exist. Creating ...
2023-03-09 14:59:55,178 [pool-488-thread-1] INFO  storage.RaftStorageDirectory (RaftStorageDirectoryImpl.java:tryLock(231)) - Lock on /home/runner/work/ozone/ozone/hadoop-ozone/integration-test/target/test-dir/MiniOzoneClusterImpl-0be2ff2d-c2a8-4ed5-ac17-c4684e36ac53/datanode-0/data/ratis/460e387d-a739-4695-ac04-3a6f2fb1d2f2/in_use.lock acquired by nodename 57158@fv-az377-502
2023-03-09 14:59:55,180 [pool-488-thread-1] INFO  storage.RaftStorage (RaftStorageImpl.java:format(96)) - Storage directory /home/runner/work/ozone/ozone/hadoop-ozone/integration-test/target/test-dir/MiniOzoneClusterImpl-0be2ff2d-c2a8-4ed5-ac17-c4684e36ac53/datanode-0/data/ratis/460e387d-a739-4695-ac04-3a6f2fb1d2f2 has been successfully formatted.
2023-03-09 14:59:55,183 [pool-488-thread-1] INFO  ratis.ContainerStateMachine (ContainerStateMachine.java:loadSnapshot(240)) - group-3A6F2FB1D2F2: The snapshot info is null. Setting the last applied indexto:(t:0, i:~)
2023-03-09 14:59:55,183 [pool-488-thread-1] INFO  server.RaftServerConfigKeys (ConfUtils.java:logGet(46)) - raft.server.log.use.memory = false (default)
2023-03-09 14:59:55,183 [pool-488-thread-1] INFO  server.RaftServerConfigKeys (ConfUtils.java:logGet(46)) - raft.server.log.purge.gap = 1000000 (custom)
2023-03-09 14:59:55,183 [pool-488-thread-1] INFO  server.RaftServerConfigKeys (ConfUtils.java:logGet(46)) - raft.server.log.appender.buffer.byte-limit = 33554432 (custom)
2023-03-09 14:59:55,183 [pool-488-thread-1] INFO  server.RaftServerConfigKeys (ConfUtils.java:logGet(46)) - raft.server.log.statemachine.data.read.timeout = 1000ms (default)
2023-03-09 14:59:55,183 [pool-488-thread-1] INFO  server.RaftServerConfigKeys (ConfUtils.java:logGet(46)) - raft.server.log.purge.preservation.log.num = 0 (default)
2023-03-09 14:59:55,183 [pool-488-thread-1] INFO  server.RaftServerConfigKeys (ConfUtils.java:logGet(46)) - raft.server.log.segment.size.max = 1048576 (custom)
2023-03-09 14:59:55,184 [pool-488-thread-1] INFO  server.RaftServerConfigKeys (ConfUtils.java:logGet(46)) - raft.server.log.segment.cache.num.max = 2 (custom)
2023-03-09 14:59:55,184 [pool-488-thread-1] INFO  server.RaftServerConfigKeys (ConfUtils.java:logGet(46)) - raft.server.log.segment.cache.size.max = 200MB (=209715200) (default)
2023-03-09 14:59:55,184 [pool-488-thread-1] INFO  segmented.SegmentedRaftLogWorker (SegmentedRaftLogWorker.java:<init>(189)) - new 2e08ab99-21b9-413b-a3c3-42a884871cc4@group-3A6F2FB1D2F2-SegmentedRaftLogWorker for RaftStorageImpl:Storage Directory /home/runner/work/ozone/ozone/hadoop-ozone/integration-test/target/test-dir/MiniOzoneClusterImpl-0be2ff2d-c2a8-4ed5-ac17-c4684e36ac53/datanode-0/data/ratis/460e387d-a739-4695-ac04-3a6f2fb1d2f2
2023-03-09 14:59:55,184 [pool-488-thread-1] INFO  server.RaftServerConfigKeys (ConfUtils.java:logGet(46)) - raft.server.log.queue.byte-limit = 4294967296 (custom)
2023-03-09 14:59:55,184 [pool-488-thread-1] INFO  server.RaftServerConfigKeys (ConfUtils.java:logGet(46)) - raft.server.log.queue.element-limit = 1024 (custom)
2023-03-09 14:59:55,184 [pool-488-thread-1] INFO  server.RaftServerConfigKeys (ConfUtils.java:logGet(46)) - raft.server.log.segment.size.max = 1048576 (custom)
2023-03-09 14:59:55,184 [pool-488-thread-1] INFO  server.RaftServerConfigKeys (ConfUtils.java:logGet(46)) - raft.server.log.preallocated.size = 16384 (custom)
2023-03-09 14:59:55,185 [pool-488-thread-1] INFO  server.RaftServerConfigKeys (ConfUtils.java:logGet(46)) - raft.server.log.force.sync.num = 128 (default)
2023-03-09 14:59:55,185 [EventQueue-PipelineReportForPipelineReportHandler] INFO  pipeline.PipelineManagerImpl (PipelineManagerImpl.java:openPipeline(367)) - Pipeline Pipeline[ Id: 460e387d-a739-4695-ac04-3a6f2fb1d2f2, Nodes: 2e08ab99-21b9-413b-a3c3-42a884871cc4(localhost/127.0.0.1), ReplicationConfig: RATIS/ONE, State:ALLOCATED, leaderId:2e08ab99-21b9-413b-a3c3-42a884871cc4, CreationTimestamp2023-03-09T14:59:52.186Z[Etc/UTC]] moved to OPEN state
2023-03-09 14:59:55,185 [pool-488-thread-1] INFO  server.RaftServerConfigKeys (ConfUtils.java:logGet(46)) - raft.server.log.statemachine.data.sync = true (default)
2023-03-09 14:59:55,191 [pool-488-thread-1] INFO  server.RaftServerConfigKeys (ConfUtils.java:logGet(46)) - raft.server.log.statemachine.data.sync.timeout = 10s (default)
2023-03-09 14:59:55,192 [pool-488-thread-1] INFO  server.RaftServerConfigKeys (ConfUtils.java:logGet(46)) - raft.server.log.statemachine.data.sync.timeout.retry = -1 (default)
2023-03-09 14:59:55,192 [pool-488-thread-1] INFO  server.RaftServerConfigKeys (ConfUtils.java:logGet(46)) - raft.server.log.write.buffer.size = 1048576 (custom)
2023-03-09 14:59:55,193 [pool-488-thread-1] INFO  server.RaftServerConfigKeys (ConfUtils.java:logGet(46)) - raft.server.log.appender.buffer.byte-limit = 33554432 (custom)
2023-03-09 14:59:55,193 [94489f6d-fe79-40fc-acb2-36e6df399f83@group-C4684E36AC53-StateMachineUpdater] INFO  safemode.HealthyPipelineSafeModeRule (HealthyPipelineSafeModeRule.java:initializeRule(165)) - Refreshed total pipeline count is 0, healthy pipeline threshold count is 1
2023-03-09 14:59:55,201 [pool-488-thread-1] INFO  server.RaftServerConfigKeys (ConfUtils.java:logGet(46)) - raft.server.log.unsafe-flush.enabled = false (default)
2023-03-09 14:59:55,201 [pool-488-thread-1] INFO  server.RaftServerConfigKeys (ConfUtils.java:logGet(46)) - raft.server.log.async-flush.enabled = false (default)
2023-03-09 14:59:55,201 [pool-488-thread-1] INFO  server.RaftServerConfigKeys (ConfUtils.java:logGet(46)) - raft.server.log.statemachine.data.caching.enabled = true (custom)
2023-03-09 14:59:55,201 [EventQueue-OpenPipelineForHealthyPipelineSafeModeRule] INFO  safemode.SCMSafeModeManager (HealthyPipelineSafeModeRule.java:process(137)) - SCM in safe mode. Healthy pipelines reported count is 0, required healthy pipeline reported count is 1
2023-03-09 14:59:55,204 [pool-488-thread-1] INFO  segmented.SegmentedRaftLogWorker (SegmentedRaftLogWorker.java:lambda$new$0(135)) - 2e08ab99-21b9-413b-a3c3-42a884871cc4@group-3A6F2FB1D2F2-SegmentedRaftLogWorker: flushIndex: setUnconditionally 0 -> -1
2023-03-09 14:59:55,204 [pool-488-thread-1] INFO  segmented.SegmentedRaftLogWorker (SegmentedRaftLogWorker.java:lambda$new$0(135)) - 2e08ab99-21b9-413b-a3c3-42a884871cc4@group-3A6F2FB1D2F2-SegmentedRaftLogWorker: safeCacheEvictIndex: setUnconditionally 0 -> -1
2023-03-09 14:59:55,204 [pool-488-thread-1] INFO  server.RaftServer$Division (RaftServerImpl.java:start(334)) - 2e08ab99-21b9-413b-a3c3-42a884871cc4@group-3A6F2FB1D2F2: start as a follower, conf=-1: peers:[2e08ab99-21b9-413b-a3c3-42a884871cc4|rpc:127.0.0.1:38561|dataStream:127.0.0.1:36339|priority:1|startupRole:FOLLOWER]|listeners:[], old=null
2023-03-09 14:59:55,204 [pool-488-thread-1] INFO  server.RaftServer$Division (RaftServerImpl.java:setRole(321)) - 2e08ab99-21b9-413b-a3c3-42a884871cc4@group-3A6F2FB1D2F2: changes role from      null to FOLLOWER at term 0 for startAsFollower
2023-03-09 14:59:55,204 [pool-488-thread-1] INFO  impl.RoleInfo (RoleInfo.java:updateAndGet(139)) - 2e08ab99-21b9-413b-a3c3-42a884871cc4: start 2e08ab99-21b9-413b-a3c3-42a884871cc4@group-3A6F2FB1D2F2-FollowerState
2023-03-09 14:59:55,205 [2e08ab99-21b9-413b-a3c3-42a884871cc4@group-3A6F2FB1D2F2-FollowerState] INFO  server.RaftServerConfigKeys (ConfUtils.java:logFallback(53)) - raft.server.rpc.first-election.timeout.min = 5s (fallback to raft.server.rpc.timeout.min)
2023-03-09 14:59:55,205 [pool-488-thread-1] INFO  util.JmxRegister (JmxRegister.java:tryRegister(44)) - Successfully registered JMX Bean with object name Ratis:service=RaftServer,group=group-3A6F2FB1D2F2,id=2e08ab99-21b9-413b-a3c3-42a884871cc4
2023-03-09 14:59:55,205 [2e08ab99-21b9-413b-a3c3-42a884871cc4@group-3A6F2FB1D2F2-FollowerState] INFO  server.RaftServerConfigKeys (ConfUtils.java:logFallback(53)) - raft.server.rpc.first-election.timeout.max = 5200ms (fallback to raft.server.rpc.timeout.max)
2023-03-09 14:59:55,205 [pool-488-thread-1] INFO  server.RaftServerConfigKeys (ConfUtils.java:logGet(46)) - raft.server.snapshot.auto.trigger.enabled = true (custom)
2023-03-09 14:59:55,205 [pool-488-thread-1] INFO  server.RaftServerConfigKeys (ConfUtils.java:logGet(46)) - raft.server.snapshot.auto.trigger.threshold = 10000 (custom)
2023-03-09 14:59:55,205 [pool-488-thread-1] INFO  server.RaftServerConfigKeys (ConfUtils.java:logGet(46)) - raft.server.snapshot.retention.file.num = 5 (custom)
2023-03-09 14:59:55,205 [pool-488-thread-1] INFO  server.RaftServerConfigKeys (ConfUtils.java:logGet(46)) - raft.server.log.purge.upto.snapshot.index = false (default)
2023-03-09 14:59:55,206 [Command processor thread] INFO  ratis.XceiverServerRatis (XceiverServerRatis.java:addGroup(807)) - Created group PipelineID=460e387d-a739-4695-ac04-3a6f2fb1d2f2
2023-03-09 14:59:55,206 [Command processor thread] INFO  commandhandler.CreatePipelineCommandHandler (CreatePipelineCommandHandler.java:handle(113)) - Created Pipeline RATIS ONE PipelineID=460e387d-a739-4695-ac04-3a6f2fb1d2f2.
2023-03-09 14:59:55,207 [Command processor thread] INFO  server.RaftServer (RaftServerProxy.java:addNew(96)) - 2e08ab99-21b9-413b-a3c3-42a884871cc4: addNew group-46A4DCB4A5D0:[feab20ca-06d8-4da6-9078-da7af006e724|rpc:127.0.0.1:45775|dataStream:127.0.0.1:42183|priority:0|startupRole:FOLLOWER, 2041f563-0d32-4367-9889-6c4be41f3c5d|rpc:127.0.0.1:35575|dataStream:127.0.0.1:40961|priority:1|startupRole:FOLLOWER, 2e08ab99-21b9-413b-a3c3-42a884871cc4|rpc:127.0.0.1:38561|dataStream:127.0.0.1:36339|priority:0|startupRole:FOLLOWER] returns group-46A4DCB4A5D0:java.util.concurrent.CompletableFuture@242d64c8[Not completed]
2023-03-09 14:59:55,208 [pool-488-thread-1] INFO  server.RaftServer$Division (RaftServerImpl.java:<init>(195)) - 2e08ab99-21b9-413b-a3c3-42a884871cc4: new RaftServerImpl for group-46A4DCB4A5D0:[feab20ca-06d8-4da6-9078-da7af006e724|rpc:127.0.0.1:45775|dataStream:127.0.0.1:42183|priority:0|startupRole:FOLLOWER, 2041f563-0d32-4367-9889-6c4be41f3c5d|rpc:127.0.0.1:35575|dataStream:127.0.0.1:40961|priority:1|startupRole:FOLLOWER, 2e08ab99-21b9-413b-a3c3-42a884871cc4|rpc:127.0.0.1:38561|dataStream:127.0.0.1:36339|priority:0|startupRole:FOLLOWER] with ContainerStateMachine:uninitialized
2023-03-09 14:59:55,208 [pool-488-thread-1] INFO  server.RaftServerConfigKeys (ConfUtils.java:logGet(46)) - raft.server.rpc.timeout.min = 5s (custom)
2023-03-09 14:59:55,208 [pool-488-thread-1] INFO  server.RaftServerConfigKeys (ConfUtils.java:logGet(46)) - raft.server.rpc.timeout.max = 5200ms (custom)
2023-03-09 14:59:55,208 [pool-488-thread-1] INFO  server.RaftServerConfigKeys (ConfUtils.java:logGet(46)) - raft.server.rpc.sleep.time = 25ms (default)
2023-03-09 14:59:55,208 [pool-488-thread-1] INFO  server.RaftServerConfigKeys (ConfUtils.java:logGet(46)) - raft.server.rpc.slowness.timeout = 300s (custom)
2023-03-09 14:59:55,208 [pool-488-thread-1] INFO  server.RaftServerConfigKeys (ConfUtils.java:logGet(46)) - raft.server.leaderelection.leader.step-down.wait-time = 10s (default)
2023-03-09 14:59:55,208 [pool-488-thread-1] INFO  server.RaftServerConfigKeys (ConfUtils.java:logGet(46)) - raft.server.sleep.deviation.threshold = 300ms (default)
2023-03-09 14:59:55,208 [pool-488-thread-1] INFO  server.RaftServer$Division (ServerState.java:<init>(118)) - 2e08ab99-21b9-413b-a3c3-42a884871cc4@group-46A4DCB4A5D0: ConfigurationManager, init=-1: peers:[feab20ca-06d8-4da6-9078-da7af006e724|rpc:127.0.0.1:45775|dataStream:127.0.0.1:42183|priority:0|startupRole:FOLLOWER, 2041f563-0d32-4367-9889-6c4be41f3c5d|rpc:127.0.0.1:35575|dataStream:127.0.0.1:40961|priority:1|startupRole:FOLLOWER, 2e08ab99-21b9-413b-a3c3-42a884871cc4|rpc:127.0.0.1:38561|dataStream:127.0.0.1:36339|priority:0|startupRole:FOLLOWER]|listeners:[], old=null, confs=<EMPTY_MAP>
2023-03-09 14:59:55,208 [pool-488-thread-1] INFO  server.RaftServerConfigKeys (ConfUtils.java:logGet(46)) - raft.server.storage.dir = [/home/runner/work/ozone/ozone/hadoop-ozone/integration-test/target/test-dir/MiniOzoneClusterImpl-0be2ff2d-c2a8-4ed5-ac17-c4684e36ac53/datanode-0/data/ratis] (custom)
2023-03-09 14:59:55,208 [pool-488-thread-1] INFO  server.RaftServerConfigKeys (ConfUtils.java:logGet(46)) - raft.server.log.corruption.policy = EXCEPTION (default)
2023-03-09 14:59:55,208 [pool-488-thread-1] INFO  server.RaftServerConfigKeys (ConfUtils.java:logGet(46)) - raft.server.storage.free-space.min = 0MB (=0) (default)
2023-03-09 14:59:55,209 [pool-488-thread-1] INFO  server.RaftServerConfigKeys (ConfUtils.java:logGet(46)) - raft.server.notification.no-leader.timeout = 300s (custom)
2023-03-09 14:59:55,209 [pool-488-thread-1] INFO  server.RaftServerConfigKeys (ConfUtils.java:logGet(46)) - raft.server.retrycache.expirytime = 600000ms (custom)
2023-03-09 14:59:55,209 [pool-488-thread-1] INFO  server.RaftServerConfigKeys (ConfUtils.java:logGet(46)) - raft.server.retrycache.statistics.expirytime = 100μs (default)
2023-03-09 14:59:55,209 [pool-488-thread-1] INFO  server.RaftServerConfigKeys (ConfUtils.java:logGet(46)) - raft.server.log.appender.install.snapshot.enabled = false (custom)
2023-03-09 14:59:55,209 [pool-488-thread-1] INFO  server.RaftServerConfigKeys (ConfUtils.java:logGet(46)) - raft.server.threadpool.server.cached = true (default)
2023-03-09 14:59:55,209 [pool-488-thread-1] INFO  server.RaftServerConfigKeys (ConfUtils.java:logGet(46)) - raft.server.threadpool.server.size = 0 (default)
2023-03-09 14:59:55,209 [pool-488-thread-1] INFO  server.RaftServerConfigKeys (ConfUtils.java:logGet(46)) - raft.server.threadpool.client.cached = true (default)
2023-03-09 14:59:55,209 [pool-488-thread-1] INFO  server.RaftServerConfigKeys (ConfUtils.java:logGet(46)) - raft.server.threadpool.client.size = 0 (default)
2023-03-09 14:59:55,210 [pool-488-thread-1] INFO  storage.RaftStorageDirectory (RaftStorageDirectoryImpl.java:analyzeStorage(137)) - The storage directory /home/runner/work/ozone/ozone/hadoop-ozone/integration-test/target/test-dir/MiniOzoneClusterImpl-0be2ff2d-c2a8-4ed5-ac17-c4684e36ac53/datanode-0/data/ratis/faff28c6-d6df-4147-b59d-46a4dcb4a5d0 does not exist. Creating ...
2023-03-09 14:59:55,216 [pool-488-thread-1] INFO  storage.RaftStorageDirectory (RaftStorageDirectoryImpl.java:tryLock(231)) - Lock on /home/runner/work/ozone/ozone/hadoop-ozone/integration-test/target/test-dir/MiniOzoneClusterImpl-0be2ff2d-c2a8-4ed5-ac17-c4684e36ac53/datanode-0/data/ratis/faff28c6-d6df-4147-b59d-46a4dcb4a5d0/in_use.lock acquired by nodename 57158@fv-az377-502
2023-03-09 14:59:55,218 [pool-488-thread-1] INFO  storage.RaftStorage (RaftStorageImpl.java:format(96)) - Storage directory /home/runner/work/ozone/ozone/hadoop-ozone/integration-test/target/test-dir/MiniOzoneClusterImpl-0be2ff2d-c2a8-4ed5-ac17-c4684e36ac53/datanode-0/data/ratis/faff28c6-d6df-4147-b59d-46a4dcb4a5d0 has been successfully formatted.
2023-03-09 14:59:55,219 [pool-488-thread-1] INFO  ratis.ContainerStateMachine (ContainerStateMachine.java:loadSnapshot(240)) - group-46A4DCB4A5D0: The snapshot info is null. Setting the last applied indexto:(t:0, i:~)
2023-03-09 14:59:55,219 [pool-488-thread-1] INFO  server.RaftServerConfigKeys (ConfUtils.java:logGet(46)) - raft.server.log.use.memory = false (default)
2023-03-09 14:59:55,219 [pool-488-thread-1] INFO  server.RaftServerConfigKeys (ConfUtils.java:logGet(46)) - raft.server.log.purge.gap = 1000000 (custom)
2023-03-09 14:59:55,219 [pool-488-thread-1] INFO  server.RaftServerConfigKeys (ConfUtils.java:logGet(46)) - raft.server.log.appender.buffer.byte-limit = 33554432 (custom)
2023-03-09 14:59:55,219 [pool-488-thread-1] INFO  server.RaftServerConfigKeys (ConfUtils.java:logGet(46)) - raft.server.log.statemachine.data.read.timeout = 1000ms (default)
2023-03-09 14:59:55,219 [pool-488-thread-1] INFO  server.RaftServerConfigKeys (ConfUtils.java:logGet(46)) - raft.server.log.purge.preservation.log.num = 0 (default)
2023-03-09 14:59:55,219 [pool-488-thread-1] INFO  server.RaftServerConfigKeys (ConfUtils.java:logGet(46)) - raft.server.log.segment.size.max = 1048576 (custom)
2023-03-09 14:59:55,220 [pool-488-thread-1] INFO  server.RaftServerConfigKeys (ConfUtils.java:logGet(46)) - raft.server.log.segment.cache.num.max = 2 (custom)
2023-03-09 14:59:55,220 [pool-488-thread-1] INFO  server.RaftServerConfigKeys (ConfUtils.java:logGet(46)) - raft.server.log.segment.cache.size.max = 200MB (=209715200) (default)
2023-03-09 14:59:55,220 [pool-488-thread-1] INFO  segmented.SegmentedRaftLogWorker (SegmentedRaftLogWorker.java:<init>(189)) - new 2e08ab99-21b9-413b-a3c3-42a884871cc4@group-46A4DCB4A5D0-SegmentedRaftLogWorker for RaftStorageImpl:Storage Directory /home/runner/work/ozone/ozone/hadoop-ozone/integration-test/target/test-dir/MiniOzoneClusterImpl-0be2ff2d-c2a8-4ed5-ac17-c4684e36ac53/datanode-0/data/ratis/faff28c6-d6df-4147-b59d-46a4dcb4a5d0
2023-03-09 14:59:55,220 [pool-488-thread-1] INFO  server.RaftServerConfigKeys (ConfUtils.java:logGet(46)) - raft.server.log.queue.byte-limit = 4294967296 (custom)
2023-03-09 14:59:55,220 [pool-488-thread-1] INFO  server.RaftServerConfigKeys (ConfUtils.java:logGet(46)) - raft.server.log.queue.element-limit = 1024 (custom)
2023-03-09 14:59:55,220 [pool-488-thread-1] INFO  server.RaftServerConfigKeys (ConfUtils.java:logGet(46)) - raft.server.log.segment.size.max = 1048576 (custom)
2023-03-09 14:59:55,220 [pool-488-thread-1] INFO  server.RaftServerConfigKeys (ConfUtils.java:logGet(46)) - raft.server.log.preallocated.size = 16384 (custom)
2023-03-09 14:59:55,220 [pool-488-thread-1] INFO  server.RaftServerConfigKeys (ConfUtils.java:logGet(46)) - raft.server.log.force.sync.num = 128 (default)
2023-03-09 14:59:55,220 [pool-488-thread-1] INFO  server.RaftServerConfigKeys (ConfUtils.java:logGet(46)) - raft.server.log.statemachine.data.sync = true (default)
2023-03-09 14:59:55,220 [pool-488-thread-1] INFO  server.RaftServerConfigKeys (ConfUtils.java:logGet(46)) - raft.server.log.statemachine.data.sync.timeout = 10s (default)
2023-03-09 14:59:55,220 [pool-488-thread-1] INFO  server.RaftServerConfigKeys (ConfUtils.java:logGet(46)) - raft.server.log.statemachine.data.sync.timeout.retry = -1 (default)
2023-03-09 14:59:55,221 [pool-488-thread-1] INFO  server.RaftServerConfigKeys (ConfUtils.java:logGet(46)) - raft.server.log.write.buffer.size = 1048576 (custom)
2023-03-09 14:59:55,221 [EventQueue-OpenPipelineForHealthyPipelineSafeModeRule] INFO  safemode.SCMSafeModeManager (HealthyPipelineSafeModeRule.java:process(137)) - SCM in safe mode. Healthy pipelines reported count is 0, required healthy pipeline reported count is 1
2023-03-09 14:59:55,226 [pool-488-thread-1] INFO  server.RaftServerConfigKeys (ConfUtils.java:logGet(46)) - raft.server.log.appender.buffer.byte-limit = 33554432 (custom)
2023-03-09 14:59:55,233 [pool-488-thread-1] INFO  server.RaftServerConfigKeys (ConfUtils.java:logGet(46)) - raft.server.log.unsafe-flush.enabled = false (default)
2023-03-09 14:59:55,233 [pool-488-thread-1] INFO  server.RaftServerConfigKeys (ConfUtils.java:logGet(46)) - raft.server.log.async-flush.enabled = false (default)
2023-03-09 14:59:55,233 [pool-488-thread-1] INFO  server.RaftServerConfigKeys (ConfUtils.java:logGet(46)) - raft.server.log.statemachine.data.caching.enabled = true (custom)
2023-03-09 14:59:55,233 [pool-488-thread-1] INFO  segmented.SegmentedRaftLogWorker (SegmentedRaftLogWorker.java:lambda$new$0(135)) - 2e08ab99-21b9-413b-a3c3-42a884871cc4@group-46A4DCB4A5D0-SegmentedRaftLogWorker: flushIndex: setUnconditionally 0 -> -1
2023-03-09 14:59:55,233 [pool-488-thread-1] INFO  segmented.SegmentedRaftLogWorker (SegmentedRaftLogWorker.java:lambda$new$0(135)) - 2e08ab99-21b9-413b-a3c3-42a884871cc4@group-46A4DCB4A5D0-SegmentedRaftLogWorker: safeCacheEvictIndex: setUnconditionally 0 -> -1
2023-03-09 14:59:55,238 [pool-488-thread-1] INFO  server.RaftServer$Division (RaftServerImpl.java:start(334)) - 2e08ab99-21b9-413b-a3c3-42a884871cc4@group-46A4DCB4A5D0: start as a follower, conf=-1: peers:[feab20ca-06d8-4da6-9078-da7af006e724|rpc:127.0.0.1:45775|dataStream:127.0.0.1:42183|priority:0|startupRole:FOLLOWER, 2041f563-0d32-4367-9889-6c4be41f3c5d|rpc:127.0.0.1:35575|dataStream:127.0.0.1:40961|priority:1|startupRole:FOLLOWER, 2e08ab99-21b9-413b-a3c3-42a884871cc4|rpc:127.0.0.1:38561|dataStream:127.0.0.1:36339|priority:0|startupRole:FOLLOWER]|listeners:[], old=null
2023-03-09 14:59:55,238 [pool-488-thread-1] INFO  server.RaftServer$Division (RaftServerImpl.java:setRole(321)) - 2e08ab99-21b9-413b-a3c3-42a884871cc4@group-46A4DCB4A5D0: changes role from      null to FOLLOWER at term 0 for startAsFollower
2023-03-09 14:59:55,238 [pool-488-thread-1] INFO  impl.RoleInfo (RoleInfo.java:updateAndGet(139)) - 2e08ab99-21b9-413b-a3c3-42a884871cc4: start 2e08ab99-21b9-413b-a3c3-42a884871cc4@group-46A4DCB4A5D0-FollowerState
2023-03-09 14:59:55,242 [pool-488-thread-1] INFO  util.JmxRegister (JmxRegister.java:tryRegister(44)) - Successfully registered JMX Bean with object name Ratis:service=RaftServer,group=group-46A4DCB4A5D0,id=2e08ab99-21b9-413b-a3c3-42a884871cc4
2023-03-09 14:59:55,242 [pool-488-thread-1] INFO  server.RaftServerConfigKeys (ConfUtils.java:logGet(46)) - raft.server.snapshot.auto.trigger.enabled = true (custom)
2023-03-09 14:59:55,242 [pool-488-thread-1] INFO  server.RaftServerConfigKeys (ConfUtils.java:logGet(46)) - raft.server.snapshot.auto.trigger.threshold = 10000 (custom)
2023-03-09 14:59:55,242 [pool-488-thread-1] INFO  server.RaftServerConfigKeys (ConfUtils.java:logGet(46)) - raft.server.snapshot.retention.file.num = 5 (custom)
2023-03-09 14:59:55,242 [pool-488-thread-1] INFO  server.RaftServerConfigKeys (ConfUtils.java:logGet(46)) - raft.server.log.purge.upto.snapshot.index = false (default)
2023-03-09 14:59:55,243 [2e08ab99-21b9-413b-a3c3-42a884871cc4@group-46A4DCB4A5D0-FollowerState] INFO  server.RaftServerConfigKeys (ConfUtils.java:logFallback(53)) - raft.server.rpc.first-election.timeout.min = 5s (fallback to raft.server.rpc.timeout.min)
2023-03-09 14:59:55,243 [2e08ab99-21b9-413b-a3c3-42a884871cc4@group-46A4DCB4A5D0-FollowerState] INFO  server.RaftServerConfigKeys (ConfUtils.java:logFallback(53)) - raft.server.rpc.first-election.timeout.max = 5200ms (fallback to raft.server.rpc.timeout.max)
2023-03-09 14:59:55,245 [EndpointStateMachine task thread for /127.0.0.1:40177 - 0 ] INFO  ipc.Client (Client.java:handleConnectionFailure(1010)) - Retrying connect to server: localhost/127.0.0.1:40177. Already tried 10 time(s); retry policy is RetryUpToMaximumCountWithFixedSleep(maxRetries=15, sleepTime=1000 MILLISECONDS)
2023-03-09 14:59:55,250 [Command processor thread] INFO  ratis.XceiverServerRatis (XceiverServerRatis.java:addGroup(807)) - Created group PipelineID=faff28c6-d6df-4147-b59d-46a4dcb4a5d0
2023-03-09 14:59:55,270 [grpc-default-executor-3] INFO  server.RaftServer (RaftServerProxy.java:addNew(96)) - 2041f563-0d32-4367-9889-6c4be41f3c5d: addNew group-46A4DCB4A5D0:[feab20ca-06d8-4da6-9078-da7af006e724|rpc:127.0.0.1:45775|dataStream:127.0.0.1:42183|priority:0|startupRole:FOLLOWER, 2041f563-0d32-4367-9889-6c4be41f3c5d|rpc:127.0.0.1:35575|dataStream:127.0.0.1:40961|priority:1|startupRole:FOLLOWER, 2e08ab99-21b9-413b-a3c3-42a884871cc4|rpc:127.0.0.1:38561|dataStream:127.0.0.1:36339|priority:0|startupRole:FOLLOWER] returns group-46A4DCB4A5D0:java.util.concurrent.CompletableFuture@3c97ab7b[Not completed]
2023-03-09 14:59:55,272 [pool-510-thread-1] INFO  server.RaftServer$Division (RaftServerImpl.java:<init>(195)) - 2041f563-0d32-4367-9889-6c4be41f3c5d: new RaftServerImpl for group-46A4DCB4A5D0:[feab20ca-06d8-4da6-9078-da7af006e724|rpc:127.0.0.1:45775|dataStream:127.0.0.1:42183|priority:0|startupRole:FOLLOWER, 2041f563-0d32-4367-9889-6c4be41f3c5d|rpc:127.0.0.1:35575|dataStream:127.0.0.1:40961|priority:1|startupRole:FOLLOWER, 2e08ab99-21b9-413b-a3c3-42a884871cc4|rpc:127.0.0.1:38561|dataStream:127.0.0.1:36339|priority:0|startupRole:FOLLOWER] with ContainerStateMachine:uninitialized
2023-03-09 14:59:55,272 [pool-510-thread-1] INFO  server.RaftServerConfigKeys (ConfUtils.java:logGet(46)) - raft.server.rpc.timeout.min = 5s (custom)
2023-03-09 14:59:55,272 [pool-510-thread-1] INFO  server.RaftServerConfigKeys (ConfUtils.java:logGet(46)) - raft.server.rpc.timeout.max = 5200ms (custom)
2023-03-09 14:59:55,272 [pool-510-thread-1] INFO  server.RaftServerConfigKeys (ConfUtils.java:logGet(46)) - raft.server.rpc.sleep.time = 25ms (default)
2023-03-09 14:59:55,272 [pool-510-thread-1] INFO  server.RaftServerConfigKeys (ConfUtils.java:logGet(46)) - raft.server.rpc.slowness.timeout = 300s (custom)
2023-03-09 14:59:55,272 [pool-510-thread-1] INFO  server.RaftServerConfigKeys (ConfUtils.java:logGet(46)) - raft.server.leaderelection.leader.step-down.wait-time = 10s (default)
2023-03-09 14:59:55,272 [pool-510-thread-1] INFO  server.RaftServerConfigKeys (ConfUtils.java:logGet(46)) - raft.server.sleep.deviation.threshold = 300ms (default)
2023-03-09 14:59:55,272 [pool-510-thread-1] INFO  server.RaftServer$Division (ServerState.java:<init>(118)) - 2041f563-0d32-4367-9889-6c4be41f3c5d@group-46A4DCB4A5D0: ConfigurationManager, init=-1: peers:[feab20ca-06d8-4da6-9078-da7af006e724|rpc:127.0.0.1:45775|dataStream:127.0.0.1:42183|priority:0|startupRole:FOLLOWER, 2041f563-0d32-4367-9889-6c4be41f3c5d|rpc:127.0.0.1:35575|dataStream:127.0.0.1:40961|priority:1|startupRole:FOLLOWER, 2e08ab99-21b9-413b-a3c3-42a884871cc4|rpc:127.0.0.1:38561|dataStream:127.0.0.1:36339|priority:0|startupRole:FOLLOWER]|listeners:[], old=null, confs=<EMPTY_MAP>
2023-03-09 14:59:55,272 [pool-510-thread-1] INFO  server.RaftServerConfigKeys (ConfUtils.java:logGet(46)) - raft.server.storage.dir = [/home/runner/work/ozone/ozone/hadoop-ozone/integration-test/target/test-dir/MiniOzoneClusterImpl-0be2ff2d-c2a8-4ed5-ac17-c4684e36ac53/datanode-1/data/ratis] (custom)
2023-03-09 14:59:55,272 [pool-510-thread-1] INFO  server.RaftServerConfigKeys (ConfUtils.java:logGet(46)) - raft.server.log.corruption.policy = EXCEPTION (default)
2023-03-09 14:59:55,272 [pool-510-thread-1] INFO  server.RaftServerConfigKeys (ConfUtils.java:logGet(46)) - raft.server.storage.free-space.min = 0MB (=0) (default)
2023-03-09 14:59:55,273 [pool-510-thread-1] INFO  server.RaftServerConfigKeys (ConfUtils.java:logGet(46)) - raft.server.notification.no-leader.timeout = 300s (custom)
2023-03-09 14:59:55,273 [pool-510-thread-1] INFO  server.RaftServerConfigKeys (ConfUtils.java:logGet(46)) - raft.server.retrycache.expirytime = 600000ms (custom)
2023-03-09 14:59:55,273 [pool-510-thread-1] INFO  server.RaftServerConfigKeys (ConfUtils.java:logGet(46)) - raft.server.retrycache.statistics.expirytime = 100μs (default)
2023-03-09 14:59:55,273 [pool-510-thread-1] INFO  server.RaftServerConfigKeys (ConfUtils.java:logGet(46)) - raft.server.log.appender.install.snapshot.enabled = false (custom)
2023-03-09 14:59:55,274 [pool-510-thread-1] INFO  server.RaftServerConfigKeys (ConfUtils.java:logGet(46)) - raft.server.threadpool.server.cached = true (default)
2023-03-09 14:59:55,274 [pool-510-thread-1] INFO  server.RaftServerConfigKeys (ConfUtils.java:logGet(46)) - raft.server.threadpool.server.size = 0 (default)
2023-03-09 14:59:55,274 [pool-510-thread-1] INFO  server.RaftServerConfigKeys (ConfUtils.java:logGet(46)) - raft.server.threadpool.client.cached = true (default)
2023-03-09 14:59:55,274 [pool-510-thread-1] INFO  server.RaftServerConfigKeys (ConfUtils.java:logGet(46)) - raft.server.threadpool.client.size = 0 (default)
2023-03-09 14:59:55,274 [pool-510-thread-1] INFO  storage.RaftStorageDirectory (RaftStorageDirectoryImpl.java:analyzeStorage(137)) - The storage directory /home/runner/work/ozone/ozone/hadoop-ozone/integration-test/target/test-dir/MiniOzoneClusterImpl-0be2ff2d-c2a8-4ed5-ac17-c4684e36ac53/datanode-1/data/ratis/faff28c6-d6df-4147-b59d-46a4dcb4a5d0 does not exist. Creating ...
2023-03-09 14:59:55,276 [pool-510-thread-1] INFO  storage.RaftStorageDirectory (RaftStorageDirectoryImpl.java:tryLock(231)) - Lock on /home/runner/work/ozone/ozone/hadoop-ozone/integration-test/target/test-dir/MiniOzoneClusterImpl-0be2ff2d-c2a8-4ed5-ac17-c4684e36ac53/datanode-1/data/ratis/faff28c6-d6df-4147-b59d-46a4dcb4a5d0/in_use.lock acquired by nodename 57158@fv-az377-502
2023-03-09 14:59:55,278 [pool-510-thread-1] INFO  storage.RaftStorage (RaftStorageImpl.java:format(96)) - Storage directory /home/runner/work/ozone/ozone/hadoop-ozone/integration-test/target/test-dir/MiniOzoneClusterImpl-0be2ff2d-c2a8-4ed5-ac17-c4684e36ac53/datanode-1/data/ratis/faff28c6-d6df-4147-b59d-46a4dcb4a5d0 has been successfully formatted.
2023-03-09 14:59:55,280 [pool-510-thread-1] INFO  ratis.ContainerStateMachine (ContainerStateMachine.java:loadSnapshot(240)) - group-46A4DCB4A5D0: The snapshot info is null. Setting the last applied indexto:(t:0, i:~)
2023-03-09 14:59:55,280 [pool-510-thread-1] INFO  server.RaftServerConfigKeys (ConfUtils.java:logGet(46)) - raft.server.log.use.memory = false (default)
2023-03-09 14:59:55,280 [pool-510-thread-1] INFO  server.RaftServerConfigKeys (ConfUtils.java:logGet(46)) - raft.server.log.purge.gap = 1000000 (custom)
2023-03-09 14:59:55,280 [pool-510-thread-1] INFO  server.RaftServerConfigKeys (ConfUtils.java:logGet(46)) - raft.server.log.appender.buffer.byte-limit = 33554432 (custom)
2023-03-09 14:59:55,280 [pool-510-thread-1] INFO  server.RaftServerConfigKeys (ConfUtils.java:logGet(46)) - raft.server.log.statemachine.data.read.timeout = 1000ms (default)
2023-03-09 14:59:55,280 [pool-510-thread-1] INFO  server.RaftServerConfigKeys (ConfUtils.java:logGet(46)) - raft.server.log.purge.preservation.log.num = 0 (default)
2023-03-09 14:59:55,280 [pool-510-thread-1] INFO  server.RaftServerConfigKeys (ConfUtils.java:logGet(46)) - raft.server.log.segment.size.max = 1048576 (custom)
2023-03-09 14:59:55,281 [pool-510-thread-1] INFO  server.RaftServerConfigKeys (ConfUtils.java:logGet(46)) - raft.server.log.segment.cache.num.max = 2 (custom)
2023-03-09 14:59:55,281 [pool-510-thread-1] INFO  server.RaftServerConfigKeys (ConfUtils.java:logGet(46)) - raft.server.log.segment.cache.size.max = 200MB (=209715200) (default)
2023-03-09 14:59:55,281 [pool-510-thread-1] INFO  segmented.SegmentedRaftLogWorker (SegmentedRaftLogWorker.java:<init>(189)) - new 2041f563-0d32-4367-9889-6c4be41f3c5d@group-46A4DCB4A5D0-SegmentedRaftLogWorker for RaftStorageImpl:Storage Directory /home/runner/work/ozone/ozone/hadoop-ozone/integration-test/target/test-dir/MiniOzoneClusterImpl-0be2ff2d-c2a8-4ed5-ac17-c4684e36ac53/datanode-1/data/ratis/faff28c6-d6df-4147-b59d-46a4dcb4a5d0
2023-03-09 14:59:55,281 [pool-510-thread-1] INFO  server.RaftServerConfigKeys (ConfUtils.java:logGet(46)) - raft.server.log.queue.byte-limit = 4294967296 (custom)
2023-03-09 14:59:55,282 [pool-510-thread-1] INFO  server.RaftServerConfigKeys (ConfUtils.java:logGet(46)) - raft.server.log.queue.element-limit = 1024 (custom)
2023-03-09 14:59:55,282 [pool-510-thread-1] INFO  server.RaftServerConfigKeys (ConfUtils.java:logGet(46)) - raft.server.log.segment.size.max = 1048576 (custom)
2023-03-09 14:59:55,282 [pool-510-thread-1] INFO  server.RaftServerConfigKeys (ConfUtils.java:logGet(46)) - raft.server.log.preallocated.size = 16384 (custom)
2023-03-09 14:59:55,283 [pool-510-thread-1] INFO  server.RaftServerConfigKeys (ConfUtils.java:logGet(46)) - raft.server.log.force.sync.num = 128 (default)
2023-03-09 14:59:55,283 [pool-510-thread-1] INFO  server.RaftServerConfigKeys (ConfUtils.java:logGet(46)) - raft.server.log.statemachine.data.sync = true (default)
2023-03-09 14:59:55,283 [pool-510-thread-1] INFO  server.RaftServerConfigKeys (ConfUtils.java:logGet(46)) - raft.server.log.statemachine.data.sync.timeout = 10s (default)
2023-03-09 14:59:55,283 [pool-510-thread-1] INFO  server.RaftServerConfigKeys (ConfUtils.java:logGet(46)) - raft.server.log.statemachine.data.sync.timeout.retry = -1 (default)
2023-03-09 14:59:55,284 [pool-510-thread-1] INFO  server.RaftServerConfigKeys (ConfUtils.java:logGet(46)) - raft.server.log.write.buffer.size = 1048576 (custom)
2023-03-09 14:59:55,284 [pool-510-thread-1] INFO  server.RaftServerConfigKeys (ConfUtils.java:logGet(46)) - raft.server.log.appender.buffer.byte-limit = 33554432 (custom)
2023-03-09 14:59:55,292 [pool-510-thread-1] INFO  server.RaftServerConfigKeys (ConfUtils.java:logGet(46)) - raft.server.log.unsafe-flush.enabled = false (default)
2023-03-09 14:59:55,292 [pool-510-thread-1] INFO  server.RaftServerConfigKeys (ConfUtils.java:logGet(46)) - raft.server.log.async-flush.enabled = false (default)
2023-03-09 14:59:55,292 [pool-510-thread-1] INFO  server.RaftServerConfigKeys (ConfUtils.java:logGet(46)) - raft.server.log.statemachine.data.caching.enabled = true (custom)
2023-03-09 14:59:55,292 [pool-510-thread-1] INFO  segmented.SegmentedRaftLogWorker (SegmentedRaftLogWorker.java:lambda$new$0(135)) - 2041f563-0d32-4367-9889-6c4be41f3c5d@group-46A4DCB4A5D0-SegmentedRaftLogWorker: flushIndex: setUnconditionally 0 -> -1
2023-03-09 14:59:55,293 [pool-510-thread-1] INFO  segmented.SegmentedRaftLogWorker (SegmentedRaftLogWorker.java:lambda$new$0(135)) - 2041f563-0d32-4367-9889-6c4be41f3c5d@group-46A4DCB4A5D0-SegmentedRaftLogWorker: safeCacheEvictIndex: setUnconditionally 0 -> -1
2023-03-09 14:59:55,293 [pool-510-thread-1] INFO  server.RaftServer$Division (RaftServerImpl.java:start(334)) - 2041f563-0d32-4367-9889-6c4be41f3c5d@group-46A4DCB4A5D0: start as a follower, conf=-1: peers:[feab20ca-06d8-4da6-9078-da7af006e724|rpc:127.0.0.1:45775|dataStream:127.0.0.1:42183|priority:0|startupRole:FOLLOWER, 2041f563-0d32-4367-9889-6c4be41f3c5d|rpc:127.0.0.1:35575|dataStream:127.0.0.1:40961|priority:1|startupRole:FOLLOWER, 2e08ab99-21b9-413b-a3c3-42a884871cc4|rpc:127.0.0.1:38561|dataStream:127.0.0.1:36339|priority:0|startupRole:FOLLOWER]|listeners:[], old=null
2023-03-09 14:59:55,293 [pool-510-thread-1] INFO  server.RaftServer$Division (RaftServerImpl.java:setRole(321)) - 2041f563-0d32-4367-9889-6c4be41f3c5d@group-46A4DCB4A5D0: changes role from      null to FOLLOWER at term 0 for startAsFollower
2023-03-09 14:59:55,293 [pool-510-thread-1] INFO  impl.RoleInfo (RoleInfo.java:updateAndGet(139)) - 2041f563-0d32-4367-9889-6c4be41f3c5d: start 2041f563-0d32-4367-9889-6c4be41f3c5d@group-46A4DCB4A5D0-FollowerState
2023-03-09 14:59:55,294 [2041f563-0d32-4367-9889-6c4be41f3c5d@group-46A4DCB4A5D0-FollowerState] INFO  server.RaftServerConfigKeys (ConfUtils.java:logFallback(53)) - raft.server.rpc.first-election.timeout.min = 5s (fallback to raft.server.rpc.timeout.min)
2023-03-09 14:59:55,294 [2041f563-0d32-4367-9889-6c4be41f3c5d@group-46A4DCB4A5D0-FollowerState] INFO  server.RaftServerConfigKeys (ConfUtils.java:logFallback(53)) - raft.server.rpc.first-election.timeout.max = 5200ms (fallback to raft.server.rpc.timeout.max)
2023-03-09 14:59:55,294 [pool-510-thread-1] INFO  util.JmxRegister (JmxRegister.java:tryRegister(44)) - Successfully registered JMX Bean with object name Ratis:service=RaftServer,group=group-46A4DCB4A5D0,id=2041f563-0d32-4367-9889-6c4be41f3c5d
2023-03-09 14:59:55,294 [pool-510-thread-1] INFO  server.RaftServerConfigKeys (ConfUtils.java:logGet(46)) - raft.server.snapshot.auto.trigger.enabled = true (custom)
2023-03-09 14:59:55,294 [pool-510-thread-1] INFO  server.RaftServerConfigKeys (ConfUtils.java:logGet(46)) - raft.server.snapshot.auto.trigger.threshold = 10000 (custom)
2023-03-09 14:59:55,294 [pool-510-thread-1] INFO  server.RaftServerConfigKeys (ConfUtils.java:logGet(46)) - raft.server.snapshot.retention.file.num = 5 (custom)
2023-03-09 14:59:55,294 [pool-510-thread-1] INFO  server.RaftServerConfigKeys (ConfUtils.java:logGet(46)) - raft.server.log.purge.upto.snapshot.index = false (default)
2023-03-09 14:59:55,321 [grpc-default-executor-3] INFO  server.RaftServer (RaftServerProxy.java:addNew(96)) - feab20ca-06d8-4da6-9078-da7af006e724: addNew group-46A4DCB4A5D0:[feab20ca-06d8-4da6-9078-da7af006e724|rpc:127.0.0.1:45775|dataStream:127.0.0.1:42183|priority:0|startupRole:FOLLOWER, 2041f563-0d32-4367-9889-6c4be41f3c5d|rpc:127.0.0.1:35575|dataStream:127.0.0.1:40961|priority:1|startupRole:FOLLOWER, 2e08ab99-21b9-413b-a3c3-42a884871cc4|rpc:127.0.0.1:38561|dataStream:127.0.0.1:36339|priority:0|startupRole:FOLLOWER] returns group-46A4DCB4A5D0:java.util.concurrent.CompletableFuture@53dca482[Not completed]
2023-03-09 14:59:55,323 [pool-532-thread-1] INFO  server.RaftServer$Division (RaftServerImpl.java:<init>(195)) - feab20ca-06d8-4da6-9078-da7af006e724: new RaftServerImpl for group-46A4DCB4A5D0:[feab20ca-06d8-4da6-9078-da7af006e724|rpc:127.0.0.1:45775|dataStream:127.0.0.1:42183|priority:0|startupRole:FOLLOWER, 2041f563-0d32-4367-9889-6c4be41f3c5d|rpc:127.0.0.1:35575|dataStream:127.0.0.1:40961|priority:1|startupRole:FOLLOWER, 2e08ab99-21b9-413b-a3c3-42a884871cc4|rpc:127.0.0.1:38561|dataStream:127.0.0.1:36339|priority:0|startupRole:FOLLOWER] with ContainerStateMachine:uninitialized
2023-03-09 14:59:55,323 [pool-532-thread-1] INFO  server.RaftServerConfigKeys (ConfUtils.java:logGet(46)) - raft.server.rpc.timeout.min = 5s (custom)
2023-03-09 14:59:55,323 [pool-532-thread-1] INFO  server.RaftServerConfigKeys (ConfUtils.java:logGet(46)) - raft.server.rpc.timeout.max = 5200ms (custom)
2023-03-09 14:59:55,323 [pool-532-thread-1] INFO  server.RaftServerConfigKeys (ConfUtils.java:logGet(46)) - raft.server.rpc.sleep.time = 25ms (default)
2023-03-09 14:59:55,323 [pool-532-thread-1] INFO  server.RaftServerConfigKeys (ConfUtils.java:logGet(46)) - raft.server.rpc.slowness.timeout = 300s (custom)
2023-03-09 14:59:55,323 [pool-532-thread-1] INFO  server.RaftServerConfigKeys (ConfUtils.java:logGet(46)) - raft.server.leaderelection.leader.step-down.wait-time = 10s (default)
2023-03-09 14:59:55,323 [pool-532-thread-1] INFO  server.RaftServerConfigKeys (ConfUtils.java:logGet(46)) - raft.server.sleep.deviation.threshold = 300ms (default)
2023-03-09 14:59:55,324 [pool-532-thread-1] INFO  server.RaftServer$Division (ServerState.java:<init>(118)) - feab20ca-06d8-4da6-9078-da7af006e724@group-46A4DCB4A5D0: ConfigurationManager, init=-1: peers:[feab20ca-06d8-4da6-9078-da7af006e724|rpc:127.0.0.1:45775|dataStream:127.0.0.1:42183|priority:0|startupRole:FOLLOWER, 2041f563-0d32-4367-9889-6c4be41f3c5d|rpc:127.0.0.1:35575|dataStream:127.0.0.1:40961|priority:1|startupRole:FOLLOWER, 2e08ab99-21b9-413b-a3c3-42a884871cc4|rpc:127.0.0.1:38561|dataStream:127.0.0.1:36339|priority:0|startupRole:FOLLOWER]|listeners:[], old=null, confs=<EMPTY_MAP>
2023-03-09 14:59:55,324 [pool-532-thread-1] INFO  server.RaftServerConfigKeys (ConfUtils.java:logGet(46)) - raft.server.storage.dir = [/home/runner/work/ozone/ozone/hadoop-ozone/integration-test/target/test-dir/MiniOzoneClusterImpl-0be2ff2d-c2a8-4ed5-ac17-c4684e36ac53/datanode-2/data/ratis] (custom)
2023-03-09 14:59:55,324 [pool-532-thread-1] INFO  server.RaftServerConfigKeys (ConfUtils.java:logGet(46)) - raft.server.log.corruption.policy = EXCEPTION (default)
2023-03-09 14:59:55,324 [pool-532-thread-1] INFO  server.RaftServerConfigKeys (ConfUtils.java:logGet(46)) - raft.server.storage.free-space.min = 0MB (=0) (default)
2023-03-09 14:59:55,324 [pool-532-thread-1] INFO  server.RaftServerConfigKeys (ConfUtils.java:logGet(46)) - raft.server.notification.no-leader.timeout = 300s (custom)
2023-03-09 14:59:55,325 [pool-532-thread-1] INFO  server.RaftServerConfigKeys (ConfUtils.java:logGet(46)) - raft.server.retrycache.expirytime = 600000ms (custom)
2023-03-09 14:59:55,325 [pool-532-thread-1] INFO  server.RaftServerConfigKeys (ConfUtils.java:logGet(46)) - raft.server.retrycache.statistics.expirytime = 100μs (default)
2023-03-09 14:59:55,325 [pool-532-thread-1] INFO  server.RaftServerConfigKeys (ConfUtils.java:logGet(46)) - raft.server.log.appender.install.snapshot.enabled = false (custom)
2023-03-09 14:59:55,325 [pool-532-thread-1] INFO  server.RaftServerConfigKeys (ConfUtils.java:logGet(46)) - raft.server.threadpool.server.cached = true (default)
2023-03-09 14:59:55,325 [pool-532-thread-1] INFO  server.RaftServerConfigKeys (ConfUtils.java:logGet(46)) - raft.server.threadpool.server.size = 0 (default)
2023-03-09 14:59:55,326 [pool-532-thread-1] INFO  server.RaftServerConfigKeys (ConfUtils.java:logGet(46)) - raft.server.threadpool.client.cached = true (default)
2023-03-09 14:59:55,326 [pool-532-thread-1] INFO  server.RaftServerConfigKeys (ConfUtils.java:logGet(46)) - raft.server.threadpool.client.size = 0 (default)
2023-03-09 14:59:55,326 [pool-532-thread-1] INFO  storage.RaftStorageDirectory (RaftStorageDirectoryImpl.java:analyzeStorage(137)) - The storage directory /home/runner/work/ozone/ozone/hadoop-ozone/integration-test/target/test-dir/MiniOzoneClusterImpl-0be2ff2d-c2a8-4ed5-ac17-c4684e36ac53/datanode-2/data/ratis/faff28c6-d6df-4147-b59d-46a4dcb4a5d0 does not exist. Creating ...
2023-03-09 14:59:55,327 [pool-532-thread-1] INFO  storage.RaftStorageDirectory (RaftStorageDirectoryImpl.java:tryLock(231)) - Lock on /home/runner/work/ozone/ozone/hadoop-ozone/integration-test/target/test-dir/MiniOzoneClusterImpl-0be2ff2d-c2a8-4ed5-ac17-c4684e36ac53/datanode-2/data/ratis/faff28c6-d6df-4147-b59d-46a4dcb4a5d0/in_use.lock acquired by nodename 57158@fv-az377-502
2023-03-09 14:59:55,329 [pool-532-thread-1] INFO  storage.RaftStorage (RaftStorageImpl.java:format(96)) - Storage directory /home/runner/work/ozone/ozone/hadoop-ozone/integration-test/target/test-dir/MiniOzoneClusterImpl-0be2ff2d-c2a8-4ed5-ac17-c4684e36ac53/datanode-2/data/ratis/faff28c6-d6df-4147-b59d-46a4dcb4a5d0 has been successfully formatted.
2023-03-09 14:59:55,331 [pool-532-thread-1] INFO  ratis.ContainerStateMachine (ContainerStateMachine.java:loadSnapshot(240)) - group-46A4DCB4A5D0: The snapshot info is null. Setting the last applied indexto:(t:0, i:~)
2023-03-09 14:59:55,331 [pool-532-thread-1] INFO  server.RaftServerConfigKeys (ConfUtils.java:logGet(46)) - raft.server.log.use.memory = false (default)
2023-03-09 14:59:55,331 [pool-532-thread-1] INFO  server.RaftServerConfigKeys (ConfUtils.java:logGet(46)) - raft.server.log.purge.gap = 1000000 (custom)
2023-03-09 14:59:55,331 [pool-532-thread-1] INFO  server.RaftServerConfigKeys (ConfUtils.java:logGet(46)) - raft.server.log.appender.buffer.byte-limit = 33554432 (custom)
2023-03-09 14:59:55,331 [pool-532-thread-1] INFO  server.RaftServerConfigKeys (ConfUtils.java:logGet(46)) - raft.server.log.statemachine.data.read.timeout = 1000ms (default)
2023-03-09 14:59:55,331 [pool-532-thread-1] INFO  server.RaftServerConfigKeys (ConfUtils.java:logGet(46)) - raft.server.log.purge.preservation.log.num = 0 (default)
2023-03-09 14:59:55,332 [pool-532-thread-1] INFO  server.RaftServerConfigKeys (ConfUtils.java:logGet(46)) - raft.server.log.segment.size.max = 1048576 (custom)
2023-03-09 14:59:55,332 [pool-532-thread-1] INFO  server.RaftServerConfigKeys (ConfUtils.java:logGet(46)) - raft.server.log.segment.cache.num.max = 2 (custom)
2023-03-09 14:59:55,332 [pool-532-thread-1] INFO  server.RaftServerConfigKeys (ConfUtils.java:logGet(46)) - raft.server.log.segment.cache.size.max = 200MB (=209715200) (default)
2023-03-09 14:59:55,332 [pool-532-thread-1] INFO  segmented.SegmentedRaftLogWorker (SegmentedRaftLogWorker.java:<init>(189)) - new feab20ca-06d8-4da6-9078-da7af006e724@group-46A4DCB4A5D0-SegmentedRaftLogWorker for RaftStorageImpl:Storage Directory /home/runner/work/ozone/ozone/hadoop-ozone/integration-test/target/test-dir/MiniOzoneClusterImpl-0be2ff2d-c2a8-4ed5-ac17-c4684e36ac53/datanode-2/data/ratis/faff28c6-d6df-4147-b59d-46a4dcb4a5d0
2023-03-09 14:59:55,334 [pool-532-thread-1] INFO  server.RaftServerConfigKeys (ConfUtils.java:logGet(46)) - raft.server.log.queue.byte-limit = 4294967296 (custom)
2023-03-09 14:59:55,334 [pool-532-thread-1] INFO  server.RaftServerConfigKeys (ConfUtils.java:logGet(46)) - raft.server.log.queue.element-limit = 1024 (custom)
2023-03-09 14:59:55,334 [pool-532-thread-1] INFO  server.RaftServerConfigKeys (ConfUtils.java:logGet(46)) - raft.server.log.segment.size.max = 1048576 (custom)
2023-03-09 14:59:55,334 [pool-532-thread-1] INFO  server.RaftServerConfigKeys (ConfUtils.java:logGet(46)) - raft.server.log.preallocated.size = 16384 (custom)
2023-03-09 14:59:55,334 [pool-532-thread-1] INFO  server.RaftServerConfigKeys (ConfUtils.java:logGet(46)) - raft.server.log.force.sync.num = 128 (default)
2023-03-09 14:59:55,334 [pool-532-thread-1] INFO  server.RaftServerConfigKeys (ConfUtils.java:logGet(46)) - raft.server.log.statemachine.data.sync = true (default)
2023-03-09 14:59:55,334 [pool-532-thread-1] INFO  server.RaftServerConfigKeys (ConfUtils.java:logGet(46)) - raft.server.log.statemachine.data.sync.timeout = 10s (default)
2023-03-09 14:59:55,334 [pool-532-thread-1] INFO  server.RaftServerConfigKeys (ConfUtils.java:logGet(46)) - raft.server.log.statemachine.data.sync.timeout.retry = -1 (default)
2023-03-09 14:59:55,335 [pool-532-thread-1] INFO  server.RaftServerConfigKeys (ConfUtils.java:logGet(46)) - raft.server.log.write.buffer.size = 1048576 (custom)
2023-03-09 14:59:55,335 [pool-532-thread-1] INFO  server.RaftServerConfigKeys (ConfUtils.java:logGet(46)) - raft.server.log.appender.buffer.byte-limit = 33554432 (custom)
2023-03-09 14:59:55,425 [pool-532-thread-1] INFO  server.RaftServerConfigKeys (ConfUtils.java:logGet(46)) - raft.server.log.unsafe-flush.enabled = false (default)
2023-03-09 14:59:55,426 [pool-532-thread-1] INFO  server.RaftServerConfigKeys (ConfUtils.java:logGet(46)) - raft.server.log.async-flush.enabled = false (default)
2023-03-09 14:59:55,426 [pool-532-thread-1] INFO  server.RaftServerConfigKeys (ConfUtils.java:logGet(46)) - raft.server.log.statemachine.data.caching.enabled = true (custom)
2023-03-09 14:59:55,426 [pool-532-thread-1] INFO  segmented.SegmentedRaftLogWorker (SegmentedRaftLogWorker.java:lambda$new$0(135)) - feab20ca-06d8-4da6-9078-da7af006e724@group-46A4DCB4A5D0-SegmentedRaftLogWorker: flushIndex: setUnconditionally 0 -> -1
2023-03-09 14:59:55,426 [pool-532-thread-1] INFO  segmented.SegmentedRaftLogWorker (SegmentedRaftLogWorker.java:lambda$new$0(135)) - feab20ca-06d8-4da6-9078-da7af006e724@group-46A4DCB4A5D0-SegmentedRaftLogWorker: safeCacheEvictIndex: setUnconditionally 0 -> -1
2023-03-09 14:59:55,426 [pool-532-thread-1] INFO  server.RaftServer$Division (RaftServerImpl.java:start(334)) - feab20ca-06d8-4da6-9078-da7af006e724@group-46A4DCB4A5D0: start as a follower, conf=-1: peers:[feab20ca-06d8-4da6-9078-da7af006e724|rpc:127.0.0.1:45775|dataStream:127.0.0.1:42183|priority:0|startupRole:FOLLOWER, 2041f563-0d32-4367-9889-6c4be41f3c5d|rpc:127.0.0.1:35575|dataStream:127.0.0.1:40961|priority:1|startupRole:FOLLOWER, 2e08ab99-21b9-413b-a3c3-42a884871cc4|rpc:127.0.0.1:38561|dataStream:127.0.0.1:36339|priority:0|startupRole:FOLLOWER]|listeners:[], old=null
2023-03-09 14:59:55,427 [pool-532-thread-1] INFO  server.RaftServer$Division (RaftServerImpl.java:setRole(321)) - feab20ca-06d8-4da6-9078-da7af006e724@group-46A4DCB4A5D0: changes role from      null to FOLLOWER at term 0 for startAsFollower
2023-03-09 14:59:55,427 [pool-532-thread-1] INFO  impl.RoleInfo (RoleInfo.java:updateAndGet(139)) - feab20ca-06d8-4da6-9078-da7af006e724: start feab20ca-06d8-4da6-9078-da7af006e724@group-46A4DCB4A5D0-FollowerState
2023-03-09 14:59:55,427 [pool-532-thread-1] INFO  util.JmxRegister (JmxRegister.java:tryRegister(44)) - Successfully registered JMX Bean with object name Ratis:service=RaftServer,group=group-46A4DCB4A5D0,id=feab20ca-06d8-4da6-9078-da7af006e724
2023-03-09 14:59:55,427 [pool-532-thread-1] INFO  server.RaftServerConfigKeys (ConfUtils.java:logGet(46)) - raft.server.snapshot.auto.trigger.enabled = true (custom)
2023-03-09 14:59:55,427 [pool-532-thread-1] INFO  server.RaftServerConfigKeys (ConfUtils.java:logGet(46)) - raft.server.snapshot.auto.trigger.threshold = 10000 (custom)
2023-03-09 14:59:55,427 [pool-532-thread-1] INFO  server.RaftServerConfigKeys (ConfUtils.java:logGet(46)) - raft.server.snapshot.retention.file.num = 5 (custom)
2023-03-09 14:59:55,427 [pool-532-thread-1] INFO  server.RaftServerConfigKeys (ConfUtils.java:logGet(46)) - raft.server.log.purge.upto.snapshot.index = false (default)
2023-03-09 14:59:55,428 [feab20ca-06d8-4da6-9078-da7af006e724@group-46A4DCB4A5D0-FollowerState] INFO  server.RaftServerConfigKeys (ConfUtils.java:logFallback(53)) - raft.server.rpc.first-election.timeout.min = 5s (fallback to raft.server.rpc.timeout.min)
2023-03-09 14:59:55,428 [feab20ca-06d8-4da6-9078-da7af006e724@group-46A4DCB4A5D0-FollowerState] INFO  server.RaftServerConfigKeys (ConfUtils.java:logFallback(53)) - raft.server.rpc.first-election.timeout.max = 5200ms (fallback to raft.server.rpc.timeout.max)
2023-03-09 14:59:55,443 [Command processor thread] INFO  commandhandler.CreatePipelineCommandHandler (CreatePipelineCommandHandler.java:handle(113)) - Created Pipeline RATIS THREE PipelineID=faff28c6-d6df-4147-b59d-46a4dcb4a5d0.
2023-03-09 14:59:55,444 [Command processor thread] INFO  server.RaftServer (RaftServerProxy.java:addNew(96)) - 2e08ab99-21b9-413b-a3c3-42a884871cc4: addNew group-520440AA15DD:[feab20ca-06d8-4da6-9078-da7af006e724|rpc:127.0.0.1:45775|dataStream:127.0.0.1:42183|priority:0|startupRole:FOLLOWER, 2041f563-0d32-4367-9889-6c4be41f3c5d|rpc:127.0.0.1:35575|dataStream:127.0.0.1:40961|priority:0|startupRole:FOLLOWER, 2e08ab99-21b9-413b-a3c3-42a884871cc4|rpc:127.0.0.1:38561|dataStream:127.0.0.1:36339|priority:1|startupRole:FOLLOWER] returns group-520440AA15DD:java.util.concurrent.CompletableFuture@26826d26[Not completed]
2023-03-09 14:59:55,445 [pool-488-thread-1] INFO  server.RaftServer$Division (RaftServerImpl.java:<init>(195)) - 2e08ab99-21b9-413b-a3c3-42a884871cc4: new RaftServerImpl for group-520440AA15DD:[feab20ca-06d8-4da6-9078-da7af006e724|rpc:127.0.0.1:45775|dataStream:127.0.0.1:42183|priority:0|startupRole:FOLLOWER, 2041f563-0d32-4367-9889-6c4be41f3c5d|rpc:127.0.0.1:35575|dataStream:127.0.0.1:40961|priority:0|startupRole:FOLLOWER, 2e08ab99-21b9-413b-a3c3-42a884871cc4|rpc:127.0.0.1:38561|dataStream:127.0.0.1:36339|priority:1|startupRole:FOLLOWER] with ContainerStateMachine:uninitialized
2023-03-09 14:59:55,445 [pool-488-thread-1] INFO  server.RaftServerConfigKeys (ConfUtils.java:logGet(46)) - raft.server.rpc.timeout.min = 5s (custom)
2023-03-09 14:59:55,445 [pool-488-thread-1] INFO  server.RaftServerConfigKeys (ConfUtils.java:logGet(46)) - raft.server.rpc.timeout.max = 5200ms (custom)
2023-03-09 14:59:55,445 [pool-488-thread-1] INFO  server.RaftServerConfigKeys (ConfUtils.java:logGet(46)) - raft.server.rpc.sleep.time = 25ms (default)
2023-03-09 14:59:55,445 [pool-488-thread-1] INFO  server.RaftServerConfigKeys (ConfUtils.java:logGet(46)) - raft.server.rpc.slowness.timeout = 300s (custom)
2023-03-09 14:59:55,445 [pool-488-thread-1] INFO  server.RaftServerConfigKeys (ConfUtils.java:logGet(46)) - raft.server.leaderelection.leader.step-down.wait-time = 10s (default)
2023-03-09 14:59:55,445 [pool-488-thread-1] INFO  server.RaftServerConfigKeys (ConfUtils.java:logGet(46)) - raft.server.sleep.deviation.threshold = 300ms (default)
2023-03-09 14:59:55,445 [pool-488-thread-1] INFO  server.RaftServer$Division (ServerState.java:<init>(118)) - 2e08ab99-21b9-413b-a3c3-42a884871cc4@group-520440AA15DD: ConfigurationManager, init=-1: peers:[feab20ca-06d8-4da6-9078-da7af006e724|rpc:127.0.0.1:45775|dataStream:127.0.0.1:42183|priority:0|startupRole:FOLLOWER, 2041f563-0d32-4367-9889-6c4be41f3c5d|rpc:127.0.0.1:35575|dataStream:127.0.0.1:40961|priority:0|startupRole:FOLLOWER, 2e08ab99-21b9-413b-a3c3-42a884871cc4|rpc:127.0.0.1:38561|dataStream:127.0.0.1:36339|priority:1|startupRole:FOLLOWER]|listeners:[], old=null, confs=<EMPTY_MAP>
2023-03-09 14:59:55,445 [pool-488-thread-1] INFO  server.RaftServerConfigKeys (ConfUtils.java:logGet(46)) - raft.server.storage.dir = [/home/runner/work/ozone/ozone/hadoop-ozone/integration-test/target/test-dir/MiniOzoneClusterImpl-0be2ff2d-c2a8-4ed5-ac17-c4684e36ac53/datanode-0/data/ratis] (custom)
2023-03-09 14:59:55,446 [pool-488-thread-1] INFO  server.RaftServerConfigKeys (ConfUtils.java:logGet(46)) - raft.server.log.corruption.policy = EXCEPTION (default)
2023-03-09 14:59:55,446 [pool-488-thread-1] INFO  server.RaftServerConfigKeys (ConfUtils.java:logGet(46)) - raft.server.storage.free-space.min = 0MB (=0) (default)
2023-03-09 14:59:55,446 [pool-488-thread-1] INFO  server.RaftServerConfigKeys (ConfUtils.java:logGet(46)) - raft.server.notification.no-leader.timeout = 300s (custom)
2023-03-09 14:59:55,446 [pool-488-thread-1] INFO  server.RaftServerConfigKeys (ConfUtils.java:logGet(46)) - raft.server.retrycache.expirytime = 600000ms (custom)
2023-03-09 14:59:55,446 [pool-488-thread-1] INFO  server.RaftServerConfigKeys (ConfUtils.java:logGet(46)) - raft.server.retrycache.statistics.expirytime = 100μs (default)
2023-03-09 14:59:55,447 [pool-488-thread-1] INFO  server.RaftServerConfigKeys (ConfUtils.java:logGet(46)) - raft.server.log.appender.install.snapshot.enabled = false (custom)
2023-03-09 14:59:55,447 [pool-488-thread-1] INFO  server.RaftServerConfigKeys (ConfUtils.java:logGet(46)) - raft.server.threadpool.server.cached = true (default)
2023-03-09 14:59:55,447 [pool-488-thread-1] INFO  server.RaftServerConfigKeys (ConfUtils.java:logGet(46)) - raft.server.threadpool.server.size = 0 (default)
2023-03-09 14:59:55,447 [pool-488-thread-1] INFO  server.RaftServerConfigKeys (ConfUtils.java:logGet(46)) - raft.server.threadpool.client.cached = true (default)
2023-03-09 14:59:55,447 [pool-488-thread-1] INFO  server.RaftServerConfigKeys (ConfUtils.java:logGet(46)) - raft.server.threadpool.client.size = 0 (default)
2023-03-09 14:59:55,447 [pool-488-thread-1] INFO  storage.RaftStorageDirectory (RaftStorageDirectoryImpl.java:analyzeStorage(137)) - The storage directory /home/runner/work/ozone/ozone/hadoop-ozone/integration-test/target/test-dir/MiniOzoneClusterImpl-0be2ff2d-c2a8-4ed5-ac17-c4684e36ac53/datanode-0/data/ratis/f689b343-6c19-4032-b37b-520440aa15dd does not exist. Creating ...
2023-03-09 14:59:55,450 [pool-488-thread-1] INFO  storage.RaftStorageDirectory (RaftStorageDirectoryImpl.java:tryLock(231)) - Lock on /home/runner/work/ozone/ozone/hadoop-ozone/integration-test/target/test-dir/MiniOzoneClusterImpl-0be2ff2d-c2a8-4ed5-ac17-c4684e36ac53/datanode-0/data/ratis/f689b343-6c19-4032-b37b-520440aa15dd/in_use.lock acquired by nodename 57158@fv-az377-502
2023-03-09 14:59:55,451 [pool-488-thread-1] INFO  storage.RaftStorage (RaftStorageImpl.java:format(96)) - Storage directory /home/runner/work/ozone/ozone/hadoop-ozone/integration-test/target/test-dir/MiniOzoneClusterImpl-0be2ff2d-c2a8-4ed5-ac17-c4684e36ac53/datanode-0/data/ratis/f689b343-6c19-4032-b37b-520440aa15dd has been successfully formatted.
2023-03-09 14:59:55,453 [pool-488-thread-1] INFO  ratis.ContainerStateMachine (ContainerStateMachine.java:loadSnapshot(240)) - group-520440AA15DD: The snapshot info is null. Setting the last applied indexto:(t:0, i:~)
2023-03-09 14:59:55,454 [pool-488-thread-1] INFO  server.RaftServerConfigKeys (ConfUtils.java:logGet(46)) - raft.server.log.use.memory = false (default)
2023-03-09 14:59:55,454 [EventQueue-OpenPipelineForHealthyPipelineSafeModeRule] INFO  safemode.SCMSafeModeManager (HealthyPipelineSafeModeRule.java:process(137)) - SCM in safe mode. Healthy pipelines reported count is 0, required healthy pipeline reported count is 1
2023-03-09 14:59:55,454 [pool-488-thread-1] INFO  server.RaftServerConfigKeys (ConfUtils.java:logGet(46)) - raft.server.log.purge.gap = 1000000 (custom)
2023-03-09 14:59:55,455 [pool-488-thread-1] INFO  server.RaftServerConfigKeys (ConfUtils.java:logGet(46)) - raft.server.log.appender.buffer.byte-limit = 33554432 (custom)
2023-03-09 14:59:55,455 [pool-488-thread-1] INFO  server.RaftServerConfigKeys (ConfUtils.java:logGet(46)) - raft.server.log.statemachine.data.read.timeout = 1000ms (default)
2023-03-09 14:59:55,455 [pool-488-thread-1] INFO  server.RaftServerConfigKeys (ConfUtils.java:logGet(46)) - raft.server.log.purge.preservation.log.num = 0 (default)
2023-03-09 14:59:55,455 [pool-488-thread-1] INFO  server.RaftServerConfigKeys (ConfUtils.java:logGet(46)) - raft.server.log.segment.size.max = 1048576 (custom)
2023-03-09 14:59:55,455 [pool-488-thread-1] INFO  server.RaftServerConfigKeys (ConfUtils.java:logGet(46)) - raft.server.log.segment.cache.num.max = 2 (custom)
2023-03-09 14:59:55,455 [pool-488-thread-1] INFO  server.RaftServerConfigKeys (ConfUtils.java:logGet(46)) - raft.server.log.segment.cache.size.max = 200MB (=209715200) (default)
2023-03-09 14:59:55,455 [pool-488-thread-1] INFO  segmented.SegmentedRaftLogWorker (SegmentedRaftLogWorker.java:<init>(189)) - new 2e08ab99-21b9-413b-a3c3-42a884871cc4@group-520440AA15DD-SegmentedRaftLogWorker for RaftStorageImpl:Storage Directory /home/runner/work/ozone/ozone/hadoop-ozone/integration-test/target/test-dir/MiniOzoneClusterImpl-0be2ff2d-c2a8-4ed5-ac17-c4684e36ac53/datanode-0/data/ratis/f689b343-6c19-4032-b37b-520440aa15dd
2023-03-09 14:59:55,456 [pool-488-thread-1] INFO  server.RaftServerConfigKeys (ConfUtils.java:logGet(46)) - raft.server.log.queue.byte-limit = 4294967296 (custom)
2023-03-09 14:59:55,456 [pool-488-thread-1] INFO  server.RaftServerConfigKeys (ConfUtils.java:logGet(46)) - raft.server.log.queue.element-limit = 1024 (custom)
2023-03-09 14:59:55,456 [pool-488-thread-1] INFO  server.RaftServerConfigKeys (ConfUtils.java:logGet(46)) - raft.server.log.segment.size.max = 1048576 (custom)
2023-03-09 14:59:55,456 [pool-488-thread-1] INFO  server.RaftServerConfigKeys (ConfUtils.java:logGet(46)) - raft.server.log.preallocated.size = 16384 (custom)
2023-03-09 14:59:55,456 [pool-488-thread-1] INFO  server.RaftServerConfigKeys (ConfUtils.java:logGet(46)) - raft.server.log.force.sync.num = 128 (default)
2023-03-09 14:59:55,456 [pool-488-thread-1] INFO  server.RaftServerConfigKeys (ConfUtils.java:logGet(46)) - raft.server.log.statemachine.data.sync = true (default)
2023-03-09 14:59:55,456 [pool-488-thread-1] INFO  server.RaftServerConfigKeys (ConfUtils.java:logGet(46)) - raft.server.log.statemachine.data.sync.timeout = 10s (default)
2023-03-09 14:59:55,456 [pool-488-thread-1] INFO  server.RaftServerConfigKeys (ConfUtils.java:logGet(46)) - raft.server.log.statemachine.data.sync.timeout.retry = -1 (default)
2023-03-09 14:59:55,457 [pool-488-thread-1] INFO  server.RaftServerConfigKeys (ConfUtils.java:logGet(46)) - raft.server.log.write.buffer.size = 1048576 (custom)
2023-03-09 14:59:55,457 [pool-488-thread-1] INFO  server.RaftServerConfigKeys (ConfUtils.java:logGet(46)) - raft.server.log.appender.buffer.byte-limit = 33554432 (custom)
2023-03-09 14:59:55,470 [pool-488-thread-1] INFO  server.RaftServerConfigKeys (ConfUtils.java:logGet(46)) - raft.server.log.unsafe-flush.enabled = false (default)
2023-03-09 14:59:55,470 [pool-488-thread-1] INFO  server.RaftServerConfigKeys (ConfUtils.java:logGet(46)) - raft.server.log.async-flush.enabled = false (default)
2023-03-09 14:59:55,470 [pool-488-thread-1] INFO  server.RaftServerConfigKeys (ConfUtils.java:logGet(46)) - raft.server.log.statemachine.data.caching.enabled = true (custom)
2023-03-09 14:59:55,471 [pool-488-thread-1] INFO  segmented.SegmentedRaftLogWorker (SegmentedRaftLogWorker.java:lambda$new$0(135)) - 2e08ab99-21b9-413b-a3c3-42a884871cc4@group-520440AA15DD-SegmentedRaftLogWorker: flushIndex: setUnconditionally 0 -> -1
2023-03-09 14:59:55,471 [pool-488-thread-1] INFO  segmented.SegmentedRaftLogWorker (SegmentedRaftLogWorker.java:lambda$new$0(135)) - 2e08ab99-21b9-413b-a3c3-42a884871cc4@group-520440AA15DD-SegmentedRaftLogWorker: safeCacheEvictIndex: setUnconditionally 0 -> -1
2023-03-09 14:59:55,474 [pool-488-thread-1] INFO  server.RaftServer$Division (RaftServerImpl.java:start(334)) - 2e08ab99-21b9-413b-a3c3-42a884871cc4@group-520440AA15DD: start as a follower, conf=-1: peers:[feab20ca-06d8-4da6-9078-da7af006e724|rpc:127.0.0.1:45775|dataStream:127.0.0.1:42183|priority:0|startupRole:FOLLOWER, 2041f563-0d32-4367-9889-6c4be41f3c5d|rpc:127.0.0.1:35575|dataStream:127.0.0.1:40961|priority:0|startupRole:FOLLOWER, 2e08ab99-21b9-413b-a3c3-42a884871cc4|rpc:127.0.0.1:38561|dataStream:127.0.0.1:36339|priority:1|startupRole:FOLLOWER]|listeners:[], old=null
2023-03-09 14:59:55,474 [pool-488-thread-1] INFO  server.RaftServer$Division (RaftServerImpl.java:setRole(321)) - 2e08ab99-21b9-413b-a3c3-42a884871cc4@group-520440AA15DD: changes role from      null to FOLLOWER at term 0 for startAsFollower
2023-03-09 14:59:55,474 [pool-488-thread-1] INFO  impl.RoleInfo (RoleInfo.java:updateAndGet(139)) - 2e08ab99-21b9-413b-a3c3-42a884871cc4: start 2e08ab99-21b9-413b-a3c3-42a884871cc4@group-520440AA15DD-FollowerState
2023-03-09 14:59:55,476 [2e08ab99-21b9-413b-a3c3-42a884871cc4@group-520440AA15DD-FollowerState] INFO  server.RaftServerConfigKeys (ConfUtils.java:logFallback(53)) - raft.server.rpc.first-election.timeout.min = 5s (fallback to raft.server.rpc.timeout.min)
2023-03-09 14:59:55,476 [pool-488-thread-1] INFO  util.JmxRegister (JmxRegister.java:tryRegister(44)) - Successfully registered JMX Bean with object name Ratis:service=RaftServer,group=group-520440AA15DD,id=2e08ab99-21b9-413b-a3c3-42a884871cc4
2023-03-09 14:59:55,476 [2e08ab99-21b9-413b-a3c3-42a884871cc4@group-520440AA15DD-FollowerState] INFO  server.RaftServerConfigKeys (ConfUtils.java:logFallback(53)) - raft.server.rpc.first-election.timeout.max = 5200ms (fallback to raft.server.rpc.timeout.max)
2023-03-09 14:59:55,476 [pool-488-thread-1] INFO  server.RaftServerConfigKeys (ConfUtils.java:logGet(46)) - raft.server.snapshot.auto.trigger.enabled = true (custom)
2023-03-09 14:59:55,476 [pool-488-thread-1] INFO  server.RaftServerConfigKeys (ConfUtils.java:logGet(46)) - raft.server.snapshot.auto.trigger.threshold = 10000 (custom)
2023-03-09 14:59:55,476 [pool-488-thread-1] INFO  server.RaftServerConfigKeys (ConfUtils.java:logGet(46)) - raft.server.snapshot.retention.file.num = 5 (custom)
2023-03-09 14:59:55,476 [pool-488-thread-1] INFO  server.RaftServerConfigKeys (ConfUtils.java:logGet(46)) - raft.server.log.purge.upto.snapshot.index = false (default)
2023-03-09 14:59:55,477 [Command processor thread] INFO  ratis.XceiverServerRatis (XceiverServerRatis.java:addGroup(807)) - Created group PipelineID=f689b343-6c19-4032-b37b-520440aa15dd
2023-03-09 14:59:55,492 [grpc-default-executor-3] INFO  server.RaftServer (RaftServerProxy.java:addNew(96)) - 2041f563-0d32-4367-9889-6c4be41f3c5d: addNew group-520440AA15DD:[feab20ca-06d8-4da6-9078-da7af006e724|rpc:127.0.0.1:45775|dataStream:127.0.0.1:42183|priority:0|startupRole:FOLLOWER, 2041f563-0d32-4367-9889-6c4be41f3c5d|rpc:127.0.0.1:35575|dataStream:127.0.0.1:40961|priority:0|startupRole:FOLLOWER, 2e08ab99-21b9-413b-a3c3-42a884871cc4|rpc:127.0.0.1:38561|dataStream:127.0.0.1:36339|priority:1|startupRole:FOLLOWER] returns group-520440AA15DD:java.util.concurrent.CompletableFuture@3e636827[Not completed]
2023-03-09 14:59:55,493 [pool-510-thread-1] INFO  server.RaftServer$Division (RaftServerImpl.java:<init>(195)) - 2041f563-0d32-4367-9889-6c4be41f3c5d: new RaftServerImpl for group-520440AA15DD:[feab20ca-06d8-4da6-9078-da7af006e724|rpc:127.0.0.1:45775|dataStream:127.0.0.1:42183|priority:0|startupRole:FOLLOWER, 2041f563-0d32-4367-9889-6c4be41f3c5d|rpc:127.0.0.1:35575|dataStream:127.0.0.1:40961|priority:0|startupRole:FOLLOWER, 2e08ab99-21b9-413b-a3c3-42a884871cc4|rpc:127.0.0.1:38561|dataStream:127.0.0.1:36339|priority:1|startupRole:FOLLOWER] with ContainerStateMachine:uninitialized
2023-03-09 14:59:55,493 [pool-510-thread-1] INFO  server.RaftServerConfigKeys (ConfUtils.java:logGet(46)) - raft.server.rpc.timeout.min = 5s (custom)
2023-03-09 14:59:55,493 [pool-510-thread-1] INFO  server.RaftServerConfigKeys (ConfUtils.java:logGet(46)) - raft.server.rpc.timeout.max = 5200ms (custom)
2023-03-09 14:59:55,493 [pool-510-thread-1] INFO  server.RaftServerConfigKeys (ConfUtils.java:logGet(46)) - raft.server.rpc.sleep.time = 25ms (default)
2023-03-09 14:59:55,493 [pool-510-thread-1] INFO  server.RaftServerConfigKeys (ConfUtils.java:logGet(46)) - raft.server.rpc.slowness.timeout = 300s (custom)
2023-03-09 14:59:55,493 [pool-510-thread-1] INFO  server.RaftServerConfigKeys (ConfUtils.java:logGet(46)) - raft.server.leaderelection.leader.step-down.wait-time = 10s (default)
2023-03-09 14:59:55,493 [pool-510-thread-1] INFO  server.RaftServerConfigKeys (ConfUtils.java:logGet(46)) - raft.server.sleep.deviation.threshold = 300ms (default)
2023-03-09 14:59:55,493 [pool-510-thread-1] INFO  server.RaftServer$Division (ServerState.java:<init>(118)) - 2041f563-0d32-4367-9889-6c4be41f3c5d@group-520440AA15DD: ConfigurationManager, init=-1: peers:[feab20ca-06d8-4da6-9078-da7af006e724|rpc:127.0.0.1:45775|dataStream:127.0.0.1:42183|priority:0|startupRole:FOLLOWER, 2041f563-0d32-4367-9889-6c4be41f3c5d|rpc:127.0.0.1:35575|dataStream:127.0.0.1:40961|priority:0|startupRole:FOLLOWER, 2e08ab99-21b9-413b-a3c3-42a884871cc4|rpc:127.0.0.1:38561|dataStream:127.0.0.1:36339|priority:1|startupRole:FOLLOWER]|listeners:[], old=null, confs=<EMPTY_MAP>
2023-03-09 14:59:55,494 [pool-510-thread-1] INFO  server.RaftServerConfigKeys (ConfUtils.java:logGet(46)) - raft.server.storage.dir = [/home/runner/work/ozone/ozone/hadoop-ozone/integration-test/target/test-dir/MiniOzoneClusterImpl-0be2ff2d-c2a8-4ed5-ac17-c4684e36ac53/datanode-1/data/ratis] (custom)
2023-03-09 14:59:55,494 [pool-510-thread-1] INFO  server.RaftServerConfigKeys (ConfUtils.java:logGet(46)) - raft.server.log.corruption.policy = EXCEPTION (default)
2023-03-09 14:59:55,494 [pool-510-thread-1] INFO  server.RaftServerConfigKeys (ConfUtils.java:logGet(46)) - raft.server.storage.free-space.min = 0MB (=0) (default)
2023-03-09 14:59:55,494 [pool-510-thread-1] INFO  server.RaftServerConfigKeys (ConfUtils.java:logGet(46)) - raft.server.notification.no-leader.timeout = 300s (custom)
2023-03-09 14:59:55,494 [pool-510-thread-1] INFO  server.RaftServerConfigKeys (ConfUtils.java:logGet(46)) - raft.server.retrycache.expirytime = 600000ms (custom)
2023-03-09 14:59:55,494 [pool-510-thread-1] INFO  server.RaftServerConfigKeys (ConfUtils.java:logGet(46)) - raft.server.retrycache.statistics.expirytime = 100μs (default)
2023-03-09 14:59:55,495 [pool-510-thread-1] INFO  server.RaftServerConfigKeys (ConfUtils.java:logGet(46)) - raft.server.log.appender.install.snapshot.enabled = false (custom)
2023-03-09 14:59:55,495 [pool-510-thread-1] INFO  server.RaftServerConfigKeys (ConfUtils.java:logGet(46)) - raft.server.threadpool.server.cached = true (default)
2023-03-09 14:59:55,495 [pool-510-thread-1] INFO  server.RaftServerConfigKeys (ConfUtils.java:logGet(46)) - raft.server.threadpool.server.size = 0 (default)
2023-03-09 14:59:55,495 [pool-510-thread-1] INFO  server.RaftServerConfigKeys (ConfUtils.java:logGet(46)) - raft.server.threadpool.client.cached = true (default)
2023-03-09 14:59:55,495 [pool-510-thread-1] INFO  server.RaftServerConfigKeys (ConfUtils.java:logGet(46)) - raft.server.threadpool.client.size = 0 (default)
2023-03-09 14:59:55,496 [pool-510-thread-1] INFO  storage.RaftStorageDirectory (RaftStorageDirectoryImpl.java:analyzeStorage(137)) - The storage directory /home/runner/work/ozone/ozone/hadoop-ozone/integration-test/target/test-dir/MiniOzoneClusterImpl-0be2ff2d-c2a8-4ed5-ac17-c4684e36ac53/datanode-1/data/ratis/f689b343-6c19-4032-b37b-520440aa15dd does not exist. Creating ...
2023-03-09 14:59:55,498 [pool-510-thread-1] INFO  storage.RaftStorageDirectory (RaftStorageDirectoryImpl.java:tryLock(231)) - Lock on /home/runner/work/ozone/ozone/hadoop-ozone/integration-test/target/test-dir/MiniOzoneClusterImpl-0be2ff2d-c2a8-4ed5-ac17-c4684e36ac53/datanode-1/data/ratis/f689b343-6c19-4032-b37b-520440aa15dd/in_use.lock acquired by nodename 57158@fv-az377-502
2023-03-09 14:59:55,499 [pool-510-thread-1] INFO  storage.RaftStorage (RaftStorageImpl.java:format(96)) - Storage directory /home/runner/work/ozone/ozone/hadoop-ozone/integration-test/target/test-dir/MiniOzoneClusterImpl-0be2ff2d-c2a8-4ed5-ac17-c4684e36ac53/datanode-1/data/ratis/f689b343-6c19-4032-b37b-520440aa15dd has been successfully formatted.
2023-03-09 14:59:55,500 [pool-510-thread-1] INFO  ratis.ContainerStateMachine (ContainerStateMachine.java:loadSnapshot(240)) - group-520440AA15DD: The snapshot info is null. Setting the last applied indexto:(t:0, i:~)
2023-03-09 14:59:55,500 [pool-510-thread-1] INFO  server.RaftServerConfigKeys (ConfUtils.java:logGet(46)) - raft.server.log.use.memory = false (default)
2023-03-09 14:59:55,500 [pool-510-thread-1] INFO  server.RaftServerConfigKeys (ConfUtils.java:logGet(46)) - raft.server.log.purge.gap = 1000000 (custom)
2023-03-09 14:59:55,500 [pool-510-thread-1] INFO  server.RaftServerConfigKeys (ConfUtils.java:logGet(46)) - raft.server.log.appender.buffer.byte-limit = 33554432 (custom)
2023-03-09 14:59:55,500 [pool-510-thread-1] INFO  server.RaftServerConfigKeys (ConfUtils.java:logGet(46)) - raft.server.log.statemachine.data.read.timeout = 1000ms (default)
2023-03-09 14:59:55,500 [pool-510-thread-1] INFO  server.RaftServerConfigKeys (ConfUtils.java:logGet(46)) - raft.server.log.purge.preservation.log.num = 0 (default)
2023-03-09 14:59:55,500 [pool-510-thread-1] INFO  server.RaftServerConfigKeys (ConfUtils.java:logGet(46)) - raft.server.log.segment.size.max = 1048576 (custom)
2023-03-09 14:59:55,501 [pool-510-thread-1] INFO  server.RaftServerConfigKeys (ConfUtils.java:logGet(46)) - raft.server.log.segment.cache.num.max = 2 (custom)
2023-03-09 14:59:55,501 [pool-510-thread-1] INFO  server.RaftServerConfigKeys (ConfUtils.java:logGet(46)) - raft.server.log.segment.cache.size.max = 200MB (=209715200) (default)
2023-03-09 14:59:55,501 [pool-510-thread-1] INFO  segmented.SegmentedRaftLogWorker (SegmentedRaftLogWorker.java:<init>(189)) - new 2041f563-0d32-4367-9889-6c4be41f3c5d@group-520440AA15DD-SegmentedRaftLogWorker for RaftStorageImpl:Storage Directory /home/runner/work/ozone/ozone/hadoop-ozone/integration-test/target/test-dir/MiniOzoneClusterImpl-0be2ff2d-c2a8-4ed5-ac17-c4684e36ac53/datanode-1/data/ratis/f689b343-6c19-4032-b37b-520440aa15dd
2023-03-09 14:59:55,501 [pool-510-thread-1] INFO  server.RaftServerConfigKeys (ConfUtils.java:logGet(46)) - raft.server.log.queue.byte-limit = 4294967296 (custom)
2023-03-09 14:59:55,501 [pool-510-thread-1] INFO  server.RaftServerConfigKeys (ConfUtils.java:logGet(46)) - raft.server.log.queue.element-limit = 1024 (custom)
2023-03-09 14:59:55,501 [pool-510-thread-1] INFO  server.RaftServerConfigKeys (ConfUtils.java:logGet(46)) - raft.server.log.segment.size.max = 1048576 (custom)
2023-03-09 14:59:55,501 [pool-510-thread-1] INFO  server.RaftServerConfigKeys (ConfUtils.java:logGet(46)) - raft.server.log.preallocated.size = 16384 (custom)
2023-03-09 14:59:55,501 [pool-510-thread-1] INFO  server.RaftServerConfigKeys (ConfUtils.java:logGet(46)) - raft.server.log.force.sync.num = 128 (default)
2023-03-09 14:59:55,501 [pool-510-thread-1] INFO  server.RaftServerConfigKeys (ConfUtils.java:logGet(46)) - raft.server.log.statemachine.data.sync = true (default)
2023-03-09 14:59:55,501 [pool-510-thread-1] INFO  server.RaftServerConfigKeys (ConfUtils.java:logGet(46)) - raft.server.log.statemachine.data.sync.timeout = 10s (default)
2023-03-09 14:59:55,501 [pool-510-thread-1] INFO  server.RaftServerConfigKeys (ConfUtils.java:logGet(46)) - raft.server.log.statemachine.data.sync.timeout.retry = -1 (default)
2023-03-09 14:59:55,502 [pool-510-thread-1] INFO  server.RaftServerConfigKeys (ConfUtils.java:logGet(46)) - raft.server.log.write.buffer.size = 1048576 (custom)
2023-03-09 14:59:55,503 [pool-510-thread-1] INFO  server.RaftServerConfigKeys (ConfUtils.java:logGet(46)) - raft.server.log.appender.buffer.byte-limit = 33554432 (custom)
2023-03-09 14:59:55,509 [pool-510-thread-1] INFO  server.RaftServerConfigKeys (ConfUtils.java:logGet(46)) - raft.server.log.unsafe-flush.enabled = false (default)
2023-03-09 14:59:55,509 [pool-510-thread-1] INFO  server.RaftServerConfigKeys (ConfUtils.java:logGet(46)) - raft.server.log.async-flush.enabled = false (default)
2023-03-09 14:59:55,509 [pool-510-thread-1] INFO  server.RaftServerConfigKeys (ConfUtils.java:logGet(46)) - raft.server.log.statemachine.data.caching.enabled = true (custom)
2023-03-09 14:59:55,509 [pool-510-thread-1] INFO  segmented.SegmentedRaftLogWorker (SegmentedRaftLogWorker.java:lambda$new$0(135)) - 2041f563-0d32-4367-9889-6c4be41f3c5d@group-520440AA15DD-SegmentedRaftLogWorker: flushIndex: setUnconditionally 0 -> -1
2023-03-09 14:59:55,509 [pool-510-thread-1] INFO  segmented.SegmentedRaftLogWorker (SegmentedRaftLogWorker.java:lambda$new$0(135)) - 2041f563-0d32-4367-9889-6c4be41f3c5d@group-520440AA15DD-SegmentedRaftLogWorker: safeCacheEvictIndex: setUnconditionally 0 -> -1
2023-03-09 14:59:55,522 [pool-510-thread-1] INFO  server.RaftServer$Division (RaftServerImpl.java:start(334)) - 2041f563-0d32-4367-9889-6c4be41f3c5d@group-520440AA15DD: start as a follower, conf=-1: peers:[feab20ca-06d8-4da6-9078-da7af006e724|rpc:127.0.0.1:45775|dataStream:127.0.0.1:42183|priority:0|startupRole:FOLLOWER, 2041f563-0d32-4367-9889-6c4be41f3c5d|rpc:127.0.0.1:35575|dataStream:127.0.0.1:40961|priority:0|startupRole:FOLLOWER, 2e08ab99-21b9-413b-a3c3-42a884871cc4|rpc:127.0.0.1:38561|dataStream:127.0.0.1:36339|priority:1|startupRole:FOLLOWER]|listeners:[], old=null
2023-03-09 14:59:55,522 [pool-510-thread-1] INFO  server.RaftServer$Division (RaftServerImpl.java:setRole(321)) - 2041f563-0d32-4367-9889-6c4be41f3c5d@group-520440AA15DD: changes role from      null to FOLLOWER at term 0 for startAsFollower
2023-03-09 14:59:55,522 [pool-510-thread-1] INFO  impl.RoleInfo (RoleInfo.java:updateAndGet(139)) - 2041f563-0d32-4367-9889-6c4be41f3c5d: start 2041f563-0d32-4367-9889-6c4be41f3c5d@group-520440AA15DD-FollowerState
2023-03-09 14:59:55,526 [pool-510-thread-1] INFO  util.JmxRegister (JmxRegister.java:tryRegister(44)) - Successfully registered JMX Bean with object name Ratis:service=RaftServer,group=group-520440AA15DD,id=2041f563-0d32-4367-9889-6c4be41f3c5d
2023-03-09 14:59:55,526 [pool-510-thread-1] INFO  server.RaftServerConfigKeys (ConfUtils.java:logGet(46)) - raft.server.snapshot.auto.trigger.enabled = true (custom)
2023-03-09 14:59:55,526 [pool-510-thread-1] INFO  server.RaftServerConfigKeys (ConfUtils.java:logGet(46)) - raft.server.snapshot.auto.trigger.threshold = 10000 (custom)
2023-03-09 14:59:55,526 [pool-510-thread-1] INFO  server.RaftServerConfigKeys (ConfUtils.java:logGet(46)) - raft.server.snapshot.retention.file.num = 5 (custom)
2023-03-09 14:59:55,526 [pool-510-thread-1] INFO  server.RaftServerConfigKeys (ConfUtils.java:logGet(46)) - raft.server.log.purge.upto.snapshot.index = false (default)
2023-03-09 14:59:55,527 [2041f563-0d32-4367-9889-6c4be41f3c5d@group-520440AA15DD-FollowerState] INFO  server.RaftServerConfigKeys (ConfUtils.java:logFallback(53)) - raft.server.rpc.first-election.timeout.min = 5s (fallback to raft.server.rpc.timeout.min)
2023-03-09 14:59:55,527 [2041f563-0d32-4367-9889-6c4be41f3c5d@group-520440AA15DD-FollowerState] INFO  server.RaftServerConfigKeys (ConfUtils.java:logFallback(53)) - raft.server.rpc.first-election.timeout.max = 5200ms (fallback to raft.server.rpc.timeout.max)
2023-03-09 14:59:55,546 [grpc-default-executor-3] INFO  server.RaftServer (RaftServerProxy.java:addNew(96)) - feab20ca-06d8-4da6-9078-da7af006e724: addNew group-520440AA15DD:[feab20ca-06d8-4da6-9078-da7af006e724|rpc:127.0.0.1:45775|dataStream:127.0.0.1:42183|priority:0|startupRole:FOLLOWER, 2041f563-0d32-4367-9889-6c4be41f3c5d|rpc:127.0.0.1:35575|dataStream:127.0.0.1:40961|priority:0|startupRole:FOLLOWER, 2e08ab99-21b9-413b-a3c3-42a884871cc4|rpc:127.0.0.1:38561|dataStream:127.0.0.1:36339|priority:1|startupRole:FOLLOWER] returns group-520440AA15DD:java.util.concurrent.CompletableFuture@61793a73[Not completed]
2023-03-09 14:59:55,547 [pool-532-thread-1] INFO  server.RaftServer$Division (RaftServerImpl.java:<init>(195)) - feab20ca-06d8-4da6-9078-da7af006e724: new RaftServerImpl for group-520440AA15DD:[feab20ca-06d8-4da6-9078-da7af006e724|rpc:127.0.0.1:45775|dataStream:127.0.0.1:42183|priority:0|startupRole:FOLLOWER, 2041f563-0d32-4367-9889-6c4be41f3c5d|rpc:127.0.0.1:35575|dataStream:127.0.0.1:40961|priority:0|startupRole:FOLLOWER, 2e08ab99-21b9-413b-a3c3-42a884871cc4|rpc:127.0.0.1:38561|dataStream:127.0.0.1:36339|priority:1|startupRole:FOLLOWER] with ContainerStateMachine:uninitialized
2023-03-09 14:59:55,547 [pool-532-thread-1] INFO  server.RaftServerConfigKeys (ConfUtils.java:logGet(46)) - raft.server.rpc.timeout.min = 5s (custom)
2023-03-09 14:59:55,547 [pool-532-thread-1] INFO  server.RaftServerConfigKeys (ConfUtils.java:logGet(46)) - raft.server.rpc.timeout.max = 5200ms (custom)
2023-03-09 14:59:55,547 [pool-532-thread-1] INFO  server.RaftServerConfigKeys (ConfUtils.java:logGet(46)) - raft.server.rpc.sleep.time = 25ms (default)
2023-03-09 14:59:55,547 [pool-532-thread-1] INFO  server.RaftServerConfigKeys (ConfUtils.java:logGet(46)) - raft.server.rpc.slowness.timeout = 300s (custom)
2023-03-09 14:59:55,547 [pool-532-thread-1] INFO  server.RaftServerConfigKeys (ConfUtils.java:logGet(46)) - raft.server.leaderelection.leader.step-down.wait-time = 10s (default)
2023-03-09 14:59:55,548 [pool-532-thread-1] INFO  server.RaftServerConfigKeys (ConfUtils.java:logGet(46)) - raft.server.sleep.deviation.threshold = 300ms (default)
2023-03-09 14:59:55,548 [pool-532-thread-1] INFO  server.RaftServer$Division (ServerState.java:<init>(118)) - feab20ca-06d8-4da6-9078-da7af006e724@group-520440AA15DD: ConfigurationManager, init=-1: peers:[feab20ca-06d8-4da6-9078-da7af006e724|rpc:127.0.0.1:45775|dataStream:127.0.0.1:42183|priority:0|startupRole:FOLLOWER, 2041f563-0d32-4367-9889-6c4be41f3c5d|rpc:127.0.0.1:35575|dataStream:127.0.0.1:40961|priority:0|startupRole:FOLLOWER, 2e08ab99-21b9-413b-a3c3-42a884871cc4|rpc:127.0.0.1:38561|dataStream:127.0.0.1:36339|priority:1|startupRole:FOLLOWER]|listeners:[], old=null, confs=<EMPTY_MAP>
2023-03-09 14:59:55,548 [pool-532-thread-1] INFO  server.RaftServerConfigKeys (ConfUtils.java:logGet(46)) - raft.server.storage.dir = [/home/runner/work/ozone/ozone/hadoop-ozone/integration-test/target/test-dir/MiniOzoneClusterImpl-0be2ff2d-c2a8-4ed5-ac17-c4684e36ac53/datanode-2/data/ratis] (custom)
2023-03-09 14:59:55,548 [pool-532-thread-1] INFO  server.RaftServerConfigKeys (ConfUtils.java:logGet(46)) - raft.server.log.corruption.policy = EXCEPTION (default)
2023-03-09 14:59:55,548 [pool-532-thread-1] INFO  server.RaftServerConfigKeys (ConfUtils.java:logGet(46)) - raft.server.storage.free-space.min = 0MB (=0) (default)
2023-03-09 14:59:55,548 [pool-532-thread-1] INFO  server.RaftServerConfigKeys (ConfUtils.java:logGet(46)) - raft.server.notification.no-leader.timeout = 300s (custom)
2023-03-09 14:59:55,548 [pool-532-thread-1] INFO  server.RaftServerConfigKeys (ConfUtils.java:logGet(46)) - raft.server.retrycache.expirytime = 600000ms (custom)
2023-03-09 14:59:55,548 [pool-532-thread-1] INFO  server.RaftServerConfigKeys (ConfUtils.java:logGet(46)) - raft.server.retrycache.statistics.expirytime = 100μs (default)
2023-03-09 14:59:55,549 [pool-532-thread-1] INFO  server.RaftServerConfigKeys (ConfUtils.java:logGet(46)) - raft.server.log.appender.install.snapshot.enabled = false (custom)
2023-03-09 14:59:55,549 [pool-532-thread-1] INFO  server.RaftServerConfigKeys (ConfUtils.java:logGet(46)) - raft.server.threadpool.server.cached = true (default)
2023-03-09 14:59:55,549 [pool-532-thread-1] INFO  server.RaftServerConfigKeys (ConfUtils.java:logGet(46)) - raft.server.threadpool.server.size = 0 (default)
2023-03-09 14:59:55,549 [pool-532-thread-1] INFO  server.RaftServerConfigKeys (ConfUtils.java:logGet(46)) - raft.server.threadpool.client.cached = true (default)
2023-03-09 14:59:55,549 [pool-532-thread-1] INFO  server.RaftServerConfigKeys (ConfUtils.java:logGet(46)) - raft.server.threadpool.client.size = 0 (default)
2023-03-09 14:59:55,550 [pool-532-thread-1] INFO  storage.RaftStorageDirectory (RaftStorageDirectoryImpl.java:analyzeStorage(137)) - The storage directory /home/runner/work/ozone/ozone/hadoop-ozone/integration-test/target/test-dir/MiniOzoneClusterImpl-0be2ff2d-c2a8-4ed5-ac17-c4684e36ac53/datanode-2/data/ratis/f689b343-6c19-4032-b37b-520440aa15dd does not exist. Creating ...
2023-03-09 14:59:55,551 [pool-532-thread-1] INFO  storage.RaftStorageDirectory (RaftStorageDirectoryImpl.java:tryLock(231)) - Lock on /home/runner/work/ozone/ozone/hadoop-ozone/integration-test/target/test-dir/MiniOzoneClusterImpl-0be2ff2d-c2a8-4ed5-ac17-c4684e36ac53/datanode-2/data/ratis/f689b343-6c19-4032-b37b-520440aa15dd/in_use.lock acquired by nodename 57158@fv-az377-502
2023-03-09 14:59:55,553 [pool-532-thread-1] INFO  storage.RaftStorage (RaftStorageImpl.java:format(96)) - Storage directory /home/runner/work/ozone/ozone/hadoop-ozone/integration-test/target/test-dir/MiniOzoneClusterImpl-0be2ff2d-c2a8-4ed5-ac17-c4684e36ac53/datanode-2/data/ratis/f689b343-6c19-4032-b37b-520440aa15dd has been successfully formatted.
2023-03-09 14:59:55,553 [pool-532-thread-1] INFO  ratis.ContainerStateMachine (ContainerStateMachine.java:loadSnapshot(240)) - group-520440AA15DD: The snapshot info is null. Setting the last applied indexto:(t:0, i:~)
2023-03-09 14:59:55,553 [pool-532-thread-1] INFO  server.RaftServerConfigKeys (ConfUtils.java:logGet(46)) - raft.server.log.use.memory = false (default)
2023-03-09 14:59:55,553 [pool-532-thread-1] INFO  server.RaftServerConfigKeys (ConfUtils.java:logGet(46)) - raft.server.log.purge.gap = 1000000 (custom)
2023-03-09 14:59:55,554 [pool-532-thread-1] INFO  server.RaftServerConfigKeys (ConfUtils.java:logGet(46)) - raft.server.log.appender.buffer.byte-limit = 33554432 (custom)
2023-03-09 14:59:55,554 [pool-532-thread-1] INFO  server.RaftServerConfigKeys (ConfUtils.java:logGet(46)) - raft.server.log.statemachine.data.read.timeout = 1000ms (default)
2023-03-09 14:59:55,554 [pool-532-thread-1] INFO  server.RaftServerConfigKeys (ConfUtils.java:logGet(46)) - raft.server.log.purge.preservation.log.num = 0 (default)
2023-03-09 14:59:55,554 [pool-532-thread-1] INFO  server.RaftServerConfigKeys (ConfUtils.java:logGet(46)) - raft.server.log.segment.size.max = 1048576 (custom)
2023-03-09 14:59:55,554 [pool-532-thread-1] INFO  server.RaftServerConfigKeys (ConfUtils.java:logGet(46)) - raft.server.log.segment.cache.num.max = 2 (custom)
2023-03-09 14:59:55,555 [pool-532-thread-1] INFO  server.RaftServerConfigKeys (ConfUtils.java:logGet(46)) - raft.server.log.segment.cache.size.max = 200MB (=209715200) (default)
2023-03-09 14:59:55,556 [pool-532-thread-1] INFO  segmented.SegmentedRaftLogWorker (SegmentedRaftLogWorker.java:<init>(189)) - new feab20ca-06d8-4da6-9078-da7af006e724@group-520440AA15DD-SegmentedRaftLogWorker for RaftStorageImpl:Storage Directory /home/runner/work/ozone/ozone/hadoop-ozone/integration-test/target/test-dir/MiniOzoneClusterImpl-0be2ff2d-c2a8-4ed5-ac17-c4684e36ac53/datanode-2/data/ratis/f689b343-6c19-4032-b37b-520440aa15dd
2023-03-09 14:59:55,556 [pool-532-thread-1] INFO  server.RaftServerConfigKeys (ConfUtils.java:logGet(46)) - raft.server.log.queue.byte-limit = 4294967296 (custom)
2023-03-09 14:59:55,556 [pool-532-thread-1] INFO  server.RaftServerConfigKeys (ConfUtils.java:logGet(46)) - raft.server.log.queue.element-limit = 1024 (custom)
2023-03-09 14:59:55,556 [pool-532-thread-1] INFO  server.RaftServerConfigKeys (ConfUtils.java:logGet(46)) - raft.server.log.segment.size.max = 1048576 (custom)
2023-03-09 14:59:55,556 [pool-532-thread-1] INFO  server.RaftServerConfigKeys (ConfUtils.java:logGet(46)) - raft.server.log.preallocated.size = 16384 (custom)
2023-03-09 14:59:55,556 [pool-532-thread-1] INFO  server.RaftServerConfigKeys (ConfUtils.java:logGet(46)) - raft.server.log.force.sync.num = 128 (default)
2023-03-09 14:59:55,557 [pool-532-thread-1] INFO  server.RaftServerConfigKeys (ConfUtils.java:logGet(46)) - raft.server.log.statemachine.data.sync = true (default)
2023-03-09 14:59:55,557 [pool-532-thread-1] INFO  server.RaftServerConfigKeys (ConfUtils.java:logGet(46)) - raft.server.log.statemachine.data.sync.timeout = 10s (default)
2023-03-09 14:59:55,557 [pool-532-thread-1] INFO  server.RaftServerConfigKeys (ConfUtils.java:logGet(46)) - raft.server.log.statemachine.data.sync.timeout.retry = -1 (default)
2023-03-09 14:59:55,557 [pool-532-thread-1] INFO  server.RaftServerConfigKeys (ConfUtils.java:logGet(46)) - raft.server.log.write.buffer.size = 1048576 (custom)
2023-03-09 14:59:55,558 [pool-532-thread-1] INFO  server.RaftServerConfigKeys (ConfUtils.java:logGet(46)) - raft.server.log.appender.buffer.byte-limit = 33554432 (custom)
2023-03-09 14:59:55,564 [pool-532-thread-1] INFO  server.RaftServerConfigKeys (ConfUtils.java:logGet(46)) - raft.server.log.unsafe-flush.enabled = false (default)
2023-03-09 14:59:55,564 [pool-532-thread-1] INFO  server.RaftServerConfigKeys (ConfUtils.java:logGet(46)) - raft.server.log.async-flush.enabled = false (default)
2023-03-09 14:59:55,564 [pool-532-thread-1] INFO  server.RaftServerConfigKeys (ConfUtils.java:logGet(46)) - raft.server.log.statemachine.data.caching.enabled = true (custom)
2023-03-09 14:59:55,564 [pool-532-thread-1] INFO  segmented.SegmentedRaftLogWorker (SegmentedRaftLogWorker.java:lambda$new$0(135)) - feab20ca-06d8-4da6-9078-da7af006e724@group-520440AA15DD-SegmentedRaftLogWorker: flushIndex: setUnconditionally 0 -> -1
2023-03-09 14:59:55,564 [pool-532-thread-1] INFO  segmented.SegmentedRaftLogWorker (SegmentedRaftLogWorker.java:lambda$new$0(135)) - feab20ca-06d8-4da6-9078-da7af006e724@group-520440AA15DD-SegmentedRaftLogWorker: safeCacheEvictIndex: setUnconditionally 0 -> -1
2023-03-09 14:59:55,565 [pool-532-thread-1] INFO  server.RaftServer$Division (RaftServerImpl.java:start(334)) - feab20ca-06d8-4da6-9078-da7af006e724@group-520440AA15DD: start as a follower, conf=-1: peers:[feab20ca-06d8-4da6-9078-da7af006e724|rpc:127.0.0.1:45775|dataStream:127.0.0.1:42183|priority:0|startupRole:FOLLOWER, 2041f563-0d32-4367-9889-6c4be41f3c5d|rpc:127.0.0.1:35575|dataStream:127.0.0.1:40961|priority:0|startupRole:FOLLOWER, 2e08ab99-21b9-413b-a3c3-42a884871cc4|rpc:127.0.0.1:38561|dataStream:127.0.0.1:36339|priority:1|startupRole:FOLLOWER]|listeners:[], old=null
2023-03-09 14:59:55,565 [pool-532-thread-1] INFO  server.RaftServer$Division (RaftServerImpl.java:setRole(321)) - feab20ca-06d8-4da6-9078-da7af006e724@group-520440AA15DD: changes role from      null to FOLLOWER at term 0 for startAsFollower
2023-03-09 14:59:55,565 [pool-532-thread-1] INFO  impl.RoleInfo (RoleInfo.java:updateAndGet(139)) - feab20ca-06d8-4da6-9078-da7af006e724: start feab20ca-06d8-4da6-9078-da7af006e724@group-520440AA15DD-FollowerState
2023-03-09 14:59:55,565 [feab20ca-06d8-4da6-9078-da7af006e724@group-520440AA15DD-FollowerState] INFO  server.RaftServerConfigKeys (ConfUtils.java:logFallback(53)) - raft.server.rpc.first-election.timeout.min = 5s (fallback to raft.server.rpc.timeout.min)
2023-03-09 14:59:55,565 [pool-532-thread-1] INFO  util.JmxRegister (JmxRegister.java:tryRegister(44)) - Successfully registered JMX Bean with object name Ratis:service=RaftServer,group=group-520440AA15DD,id=feab20ca-06d8-4da6-9078-da7af006e724
2023-03-09 14:59:55,565 [feab20ca-06d8-4da6-9078-da7af006e724@group-520440AA15DD-FollowerState] INFO  server.RaftServerConfigKeys (ConfUtils.java:logFallback(53)) - raft.server.rpc.first-election.timeout.max = 5200ms (fallback to raft.server.rpc.timeout.max)
2023-03-09 14:59:55,565 [pool-532-thread-1] INFO  server.RaftServerConfigKeys (ConfUtils.java:logGet(46)) - raft.server.snapshot.auto.trigger.enabled = true (custom)
2023-03-09 14:59:55,565 [pool-532-thread-1] INFO  server.RaftServerConfigKeys (ConfUtils.java:logGet(46)) - raft.server.snapshot.auto.trigger.threshold = 10000 (custom)
2023-03-09 14:59:55,565 [pool-532-thread-1] INFO  server.RaftServerConfigKeys (ConfUtils.java:logGet(46)) - raft.server.snapshot.retention.file.num = 5 (custom)
2023-03-09 14:59:55,565 [pool-532-thread-1] INFO  server.RaftServerConfigKeys (ConfUtils.java:logGet(46)) - raft.server.log.purge.upto.snapshot.index = false (default)
2023-03-09 14:59:55,571 [Command processor thread] INFO  commandhandler.CreatePipelineCommandHandler (CreatePipelineCommandHandler.java:handle(113)) - Created Pipeline RATIS THREE PipelineID=f689b343-6c19-4032-b37b-520440aa15dd.
2023-03-09 14:59:55,611 [Command processor thread] INFO  server.RaftServer (RaftServerProxy.java:addNew(96)) - 2041f563-0d32-4367-9889-6c4be41f3c5d: addNew group-CDA870A9AA5C:[2041f563-0d32-4367-9889-6c4be41f3c5d|rpc:127.0.0.1:35575|dataStream:127.0.0.1:40961|priority:1|startupRole:FOLLOWER] returns group-CDA870A9AA5C:java.util.concurrent.CompletableFuture@173f2cc[Not completed]
2023-03-09 14:59:55,613 [pool-510-thread-1] INFO  server.RaftServer$Division (RaftServerImpl.java:<init>(195)) - 2041f563-0d32-4367-9889-6c4be41f3c5d: new RaftServerImpl for group-CDA870A9AA5C:[2041f563-0d32-4367-9889-6c4be41f3c5d|rpc:127.0.0.1:35575|dataStream:127.0.0.1:40961|priority:1|startupRole:FOLLOWER] with ContainerStateMachine:uninitialized
2023-03-09 14:59:55,613 [pool-510-thread-1] INFO  server.RaftServerConfigKeys (ConfUtils.java:logGet(46)) - raft.server.rpc.timeout.min = 5s (custom)
2023-03-09 14:59:55,613 [pool-510-thread-1] INFO  server.RaftServerConfigKeys (ConfUtils.java:logGet(46)) - raft.server.rpc.timeout.max = 5200ms (custom)
2023-03-09 14:59:55,613 [pool-510-thread-1] INFO  server.RaftServerConfigKeys (ConfUtils.java:logGet(46)) - raft.server.rpc.sleep.time = 25ms (default)
2023-03-09 14:59:55,613 [pool-510-thread-1] INFO  server.RaftServerConfigKeys (ConfUtils.java:logGet(46)) - raft.server.rpc.slowness.timeout = 300s (custom)
2023-03-09 14:59:55,613 [pool-510-thread-1] INFO  server.RaftServerConfigKeys (ConfUtils.java:logGet(46)) - raft.server.leaderelection.leader.step-down.wait-time = 10s (default)
2023-03-09 14:59:55,614 [pool-510-thread-1] INFO  server.RaftServerConfigKeys (ConfUtils.java:logGet(46)) - raft.server.sleep.deviation.threshold = 300ms (default)
2023-03-09 14:59:55,614 [pool-510-thread-1] INFO  server.RaftServer$Division (ServerState.java:<init>(118)) - 2041f563-0d32-4367-9889-6c4be41f3c5d@group-CDA870A9AA5C: ConfigurationManager, init=-1: peers:[2041f563-0d32-4367-9889-6c4be41f3c5d|rpc:127.0.0.1:35575|dataStream:127.0.0.1:40961|priority:1|startupRole:FOLLOWER]|listeners:[], old=null, confs=<EMPTY_MAP>
2023-03-09 14:59:55,614 [pool-510-thread-1] INFO  server.RaftServerConfigKeys (ConfUtils.java:logGet(46)) - raft.server.storage.dir = [/home/runner/work/ozone/ozone/hadoop-ozone/integration-test/target/test-dir/MiniOzoneClusterImpl-0be2ff2d-c2a8-4ed5-ac17-c4684e36ac53/datanode-1/data/ratis] (custom)
2023-03-09 14:59:55,614 [pool-510-thread-1] INFO  server.RaftServerConfigKeys (ConfUtils.java:logGet(46)) - raft.server.log.corruption.policy = EXCEPTION (default)
2023-03-09 14:59:55,614 [pool-510-thread-1] INFO  server.RaftServerConfigKeys (ConfUtils.java:logGet(46)) - raft.server.storage.free-space.min = 0MB (=0) (default)
2023-03-09 14:59:55,614 [pool-510-thread-1] INFO  server.RaftServerConfigKeys (ConfUtils.java:logGet(46)) - raft.server.notification.no-leader.timeout = 300s (custom)
2023-03-09 14:59:55,614 [pool-510-thread-1] INFO  server.RaftServerConfigKeys (ConfUtils.java:logGet(46)) - raft.server.retrycache.expirytime = 600000ms (custom)
2023-03-09 14:59:55,614 [pool-510-thread-1] INFO  server.RaftServerConfigKeys (ConfUtils.java:logGet(46)) - raft.server.retrycache.statistics.expirytime = 100μs (default)
2023-03-09 14:59:55,615 [pool-510-thread-1] INFO  server.RaftServerConfigKeys (ConfUtils.java:logGet(46)) - raft.server.log.appender.install.snapshot.enabled = false (custom)
2023-03-09 14:59:55,615 [pool-510-thread-1] INFO  server.RaftServerConfigKeys (ConfUtils.java:logGet(46)) - raft.server.threadpool.server.cached = true (default)
2023-03-09 14:59:55,615 [pool-510-thread-1] INFO  server.RaftServerConfigKeys (ConfUtils.java:logGet(46)) - raft.server.threadpool.server.size = 0 (default)
2023-03-09 14:59:55,615 [pool-510-thread-1] INFO  server.RaftServerConfigKeys (ConfUtils.java:logGet(46)) - raft.server.threadpool.client.cached = true (default)
2023-03-09 14:59:55,615 [pool-510-thread-1] INFO  server.RaftServerConfigKeys (ConfUtils.java:logGet(46)) - raft.server.threadpool.client.size = 0 (default)
2023-03-09 14:59:55,615 [pool-510-thread-1] INFO  storage.RaftStorageDirectory (RaftStorageDirectoryImpl.java:analyzeStorage(137)) - The storage directory /home/runner/work/ozone/ozone/hadoop-ozone/integration-test/target/test-dir/MiniOzoneClusterImpl-0be2ff2d-c2a8-4ed5-ac17-c4684e36ac53/datanode-1/data/ratis/dbd29d10-1898-45ce-a351-cda870a9aa5c does not exist. Creating ...
2023-03-09 14:59:55,617 [pool-510-thread-1] INFO  storage.RaftStorageDirectory (RaftStorageDirectoryImpl.java:tryLock(231)) - Lock on /home/runner/work/ozone/ozone/hadoop-ozone/integration-test/target/test-dir/MiniOzoneClusterImpl-0be2ff2d-c2a8-4ed5-ac17-c4684e36ac53/datanode-1/data/ratis/dbd29d10-1898-45ce-a351-cda870a9aa5c/in_use.lock acquired by nodename 57158@fv-az377-502
2023-03-09 14:59:55,618 [pool-510-thread-1] INFO  storage.RaftStorage (RaftStorageImpl.java:format(96)) - Storage directory /home/runner/work/ozone/ozone/hadoop-ozone/integration-test/target/test-dir/MiniOzoneClusterImpl-0be2ff2d-c2a8-4ed5-ac17-c4684e36ac53/datanode-1/data/ratis/dbd29d10-1898-45ce-a351-cda870a9aa5c has been successfully formatted.
2023-03-09 14:59:55,620 [EventQueue-PipelineReportForPipelineReportHandler] INFO  pipeline.PipelineManagerImpl (PipelineManagerImpl.java:openPipeline(367)) - Pipeline Pipeline[ Id: dbd29d10-1898-45ce-a351-cda870a9aa5c, Nodes: 2041f563-0d32-4367-9889-6c4be41f3c5d(localhost/127.0.0.1), ReplicationConfig: RATIS/ONE, State:ALLOCATED, leaderId:2041f563-0d32-4367-9889-6c4be41f3c5d, CreationTimestamp2023-03-09T14:59:52.615Z[Etc/UTC]] moved to OPEN state
2023-03-09 14:59:55,621 [pool-510-thread-1] INFO  ratis.ContainerStateMachine (ContainerStateMachine.java:loadSnapshot(240)) - group-CDA870A9AA5C: The snapshot info is null. Setting the last applied indexto:(t:0, i:~)
2023-03-09 14:59:55,622 [pool-510-thread-1] INFO  server.RaftServerConfigKeys (ConfUtils.java:logGet(46)) - raft.server.log.use.memory = false (default)
2023-03-09 14:59:55,622 [pool-510-thread-1] INFO  server.RaftServerConfigKeys (ConfUtils.java:logGet(46)) - raft.server.log.purge.gap = 1000000 (custom)
2023-03-09 14:59:55,622 [pool-510-thread-1] INFO  server.RaftServerConfigKeys (ConfUtils.java:logGet(46)) - raft.server.log.appender.buffer.byte-limit = 33554432 (custom)
2023-03-09 14:59:55,622 [pool-510-thread-1] INFO  server.RaftServerConfigKeys (ConfUtils.java:logGet(46)) - raft.server.log.statemachine.data.read.timeout = 1000ms (default)
2023-03-09 14:59:55,622 [pool-510-thread-1] INFO  server.RaftServerConfigKeys (ConfUtils.java:logGet(46)) - raft.server.log.purge.preservation.log.num = 0 (default)
2023-03-09 14:59:55,622 [pool-510-thread-1] INFO  server.RaftServerConfigKeys (ConfUtils.java:logGet(46)) - raft.server.log.segment.size.max = 1048576 (custom)
2023-03-09 14:59:55,622 [pool-510-thread-1] INFO  server.RaftServerConfigKeys (ConfUtils.java:logGet(46)) - raft.server.log.segment.cache.num.max = 2 (custom)
2023-03-09 14:59:55,622 [pool-510-thread-1] INFO  server.RaftServerConfigKeys (ConfUtils.java:logGet(46)) - raft.server.log.segment.cache.size.max = 200MB (=209715200) (default)
2023-03-09 14:59:55,622 [94489f6d-fe79-40fc-acb2-36e6df399f83@group-C4684E36AC53-StateMachineUpdater] INFO  safemode.HealthyPipelineSafeModeRule (HealthyPipelineSafeModeRule.java:initializeRule(165)) - Refreshed total pipeline count is 0, healthy pipeline threshold count is 1
2023-03-09 14:59:55,622 [pool-510-thread-1] INFO  segmented.SegmentedRaftLogWorker (SegmentedRaftLogWorker.java:<init>(189)) - new 2041f563-0d32-4367-9889-6c4be41f3c5d@group-CDA870A9AA5C-SegmentedRaftLogWorker for RaftStorageImpl:Storage Directory /home/runner/work/ozone/ozone/hadoop-ozone/integration-test/target/test-dir/MiniOzoneClusterImpl-0be2ff2d-c2a8-4ed5-ac17-c4684e36ac53/datanode-1/data/ratis/dbd29d10-1898-45ce-a351-cda870a9aa5c
2023-03-09 14:59:55,623 [pool-510-thread-1] INFO  server.RaftServerConfigKeys (ConfUtils.java:logGet(46)) - raft.server.log.queue.byte-limit = 4294967296 (custom)
2023-03-09 14:59:55,623 [pool-510-thread-1] INFO  server.RaftServerConfigKeys (ConfUtils.java:logGet(46)) - raft.server.log.queue.element-limit = 1024 (custom)
2023-03-09 14:59:55,623 [pool-510-thread-1] INFO  server.RaftServerConfigKeys (ConfUtils.java:logGet(46)) - raft.server.log.segment.size.max = 1048576 (custom)
2023-03-09 14:59:55,623 [pool-510-thread-1] INFO  server.RaftServerConfigKeys (ConfUtils.java:logGet(46)) - raft.server.log.preallocated.size = 16384 (custom)
2023-03-09 14:59:55,623 [EventQueue-OpenPipelineForHealthyPipelineSafeModeRule] INFO  safemode.SCMSafeModeManager (HealthyPipelineSafeModeRule.java:process(137)) - SCM in safe mode. Healthy pipelines reported count is 0, required healthy pipeline reported count is 1
2023-03-09 14:59:55,623 [pool-510-thread-1] INFO  server.RaftServerConfigKeys (ConfUtils.java:logGet(46)) - raft.server.log.force.sync.num = 128 (default)
2023-03-09 14:59:55,623 [pool-510-thread-1] INFO  server.RaftServerConfigKeys (ConfUtils.java:logGet(46)) - raft.server.log.statemachine.data.sync = true (default)
2023-03-09 14:59:55,623 [pool-510-thread-1] INFO  server.RaftServerConfigKeys (ConfUtils.java:logGet(46)) - raft.server.log.statemachine.data.sync.timeout = 10s (default)
2023-03-09 14:59:55,623 [pool-510-thread-1] INFO  server.RaftServerConfigKeys (ConfUtils.java:logGet(46)) - raft.server.log.statemachine.data.sync.timeout.retry = -1 (default)
2023-03-09 14:59:55,624 [pool-510-thread-1] INFO  server.RaftServerConfigKeys (ConfUtils.java:logGet(46)) - raft.server.log.write.buffer.size = 1048576 (custom)
2023-03-09 14:59:55,625 [pool-510-thread-1] INFO  server.RaftServerConfigKeys (ConfUtils.java:logGet(46)) - raft.server.log.appender.buffer.byte-limit = 33554432 (custom)
2023-03-09 14:59:55,634 [pool-510-thread-1] INFO  server.RaftServerConfigKeys (ConfUtils.java:logGet(46)) - raft.server.log.unsafe-flush.enabled = false (default)
2023-03-09 14:59:55,634 [pool-510-thread-1] INFO  server.RaftServerConfigKeys (ConfUtils.java:logGet(46)) - raft.server.log.async-flush.enabled = false (default)
2023-03-09 14:59:55,634 [pool-510-thread-1] INFO  server.RaftServerConfigKeys (ConfUtils.java:logGet(46)) - raft.server.log.statemachine.data.caching.enabled = true (custom)
2023-03-09 14:59:55,635 [pool-510-thread-1] INFO  segmented.SegmentedRaftLogWorker (SegmentedRaftLogWorker.java:lambda$new$0(135)) - 2041f563-0d32-4367-9889-6c4be41f3c5d@group-CDA870A9AA5C-SegmentedRaftLogWorker: flushIndex: setUnconditionally 0 -> -1
2023-03-09 14:59:55,635 [pool-510-thread-1] INFO  segmented.SegmentedRaftLogWorker (SegmentedRaftLogWorker.java:lambda$new$0(135)) - 2041f563-0d32-4367-9889-6c4be41f3c5d@group-CDA870A9AA5C-SegmentedRaftLogWorker: safeCacheEvictIndex: setUnconditionally 0 -> -1
2023-03-09 14:59:55,635 [pool-510-thread-1] INFO  server.RaftServer$Division (RaftServerImpl.java:start(334)) - 2041f563-0d32-4367-9889-6c4be41f3c5d@group-CDA870A9AA5C: start as a follower, conf=-1: peers:[2041f563-0d32-4367-9889-6c4be41f3c5d|rpc:127.0.0.1:35575|dataStream:127.0.0.1:40961|priority:1|startupRole:FOLLOWER]|listeners:[], old=null
2023-03-09 14:59:55,635 [pool-510-thread-1] INFO  server.RaftServer$Division (RaftServerImpl.java:setRole(321)) - 2041f563-0d32-4367-9889-6c4be41f3c5d@group-CDA870A9AA5C: changes role from      null to FOLLOWER at term 0 for startAsFollower
2023-03-09 14:59:55,635 [pool-510-thread-1] INFO  impl.RoleInfo (RoleInfo.java:updateAndGet(139)) - 2041f563-0d32-4367-9889-6c4be41f3c5d: start 2041f563-0d32-4367-9889-6c4be41f3c5d@group-CDA870A9AA5C-FollowerState
2023-03-09 14:59:55,638 [pool-510-thread-1] INFO  util.JmxRegister (JmxRegister.java:tryRegister(44)) - Successfully registered JMX Bean with object name Ratis:service=RaftServer,group=group-CDA870A9AA5C,id=2041f563-0d32-4367-9889-6c4be41f3c5d
2023-03-09 14:59:55,638 [pool-510-thread-1] INFO  server.RaftServerConfigKeys (ConfUtils.java:logGet(46)) - raft.server.snapshot.auto.trigger.enabled = true (custom)
2023-03-09 14:59:55,638 [pool-510-thread-1] INFO  server.RaftServerConfigKeys (ConfUtils.java:logGet(46)) - raft.server.snapshot.auto.trigger.threshold = 10000 (custom)
2023-03-09 14:59:55,638 [pool-510-thread-1] INFO  server.RaftServerConfigKeys (ConfUtils.java:logGet(46)) - raft.server.snapshot.retention.file.num = 5 (custom)
2023-03-09 14:59:55,638 [pool-510-thread-1] INFO  server.RaftServerConfigKeys (ConfUtils.java:logGet(46)) - raft.server.log.purge.upto.snapshot.index = false (default)
2023-03-09 14:59:55,639 [Command processor thread] INFO  ratis.XceiverServerRatis (XceiverServerRatis.java:addGroup(807)) - Created group PipelineID=dbd29d10-1898-45ce-a351-cda870a9aa5c
2023-03-09 14:59:55,639 [2041f563-0d32-4367-9889-6c4be41f3c5d@group-CDA870A9AA5C-FollowerState] INFO  server.RaftServerConfigKeys (ConfUtils.java:logFallback(53)) - raft.server.rpc.first-election.timeout.min = 5s (fallback to raft.server.rpc.timeout.min)
2023-03-09 14:59:55,639 [Command processor thread] INFO  commandhandler.CreatePipelineCommandHandler (CreatePipelineCommandHandler.java:handle(113)) - Created Pipeline RATIS ONE PipelineID=dbd29d10-1898-45ce-a351-cda870a9aa5c.
2023-03-09 14:59:55,639 [2041f563-0d32-4367-9889-6c4be41f3c5d@group-CDA870A9AA5C-FollowerState] INFO  server.RaftServerConfigKeys (ConfUtils.java:logFallback(53)) - raft.server.rpc.first-election.timeout.max = 5200ms (fallback to raft.server.rpc.timeout.max)
2023-03-09 14:59:56,004 [Listener at 127.0.0.1/46569] INFO  ozone.MiniOzoneClusterImpl (MiniOzoneClusterImpl.java:lambda$waitForClusterToBeReady$0(218)) - Nodes are ready. Got 3 of 3 DN Heartbeats.
2023-03-09 14:59:56,004 [Listener at 127.0.0.1/46569] INFO  ozone.MiniOzoneClusterImpl (MiniOzoneClusterImpl.java:lambda$waitForClusterToBeReady$0(221)) - Waiting for cluster to exit safe mode
2023-03-09 14:59:56,004 [Listener at 127.0.0.1/46569] INFO  ozone.MiniOzoneClusterImpl (MiniOzoneClusterImpl.java:lambda$waitForClusterToBeReady$0(223)) - SCM became leader
2023-03-09 14:59:56,012 [Command processor thread] INFO  server.RaftServer (RaftServerProxy.java:addNew(96)) - feab20ca-06d8-4da6-9078-da7af006e724: addNew group-24D945A2E867:[feab20ca-06d8-4da6-9078-da7af006e724|rpc:127.0.0.1:45775|dataStream:127.0.0.1:42183|priority:1|startupRole:FOLLOWER] returns group-24D945A2E867:java.util.concurrent.CompletableFuture@20ad8620[Not completed]
2023-03-09 14:59:56,015 [pool-532-thread-1] INFO  server.RaftServer$Division (RaftServerImpl.java:<init>(195)) - feab20ca-06d8-4da6-9078-da7af006e724: new RaftServerImpl for group-24D945A2E867:[feab20ca-06d8-4da6-9078-da7af006e724|rpc:127.0.0.1:45775|dataStream:127.0.0.1:42183|priority:1|startupRole:FOLLOWER] with ContainerStateMachine:uninitialized
2023-03-09 14:59:56,015 [pool-532-thread-1] INFO  server.RaftServerConfigKeys (ConfUtils.java:logGet(46)) - raft.server.rpc.timeout.min = 5s (custom)
2023-03-09 14:59:56,015 [pool-532-thread-1] INFO  server.RaftServerConfigKeys (ConfUtils.java:logGet(46)) - raft.server.rpc.timeout.max = 5200ms (custom)
2023-03-09 14:59:56,015 [pool-532-thread-1] INFO  server.RaftServerConfigKeys (ConfUtils.java:logGet(46)) - raft.server.rpc.sleep.time = 25ms (default)
2023-03-09 14:59:56,015 [pool-532-thread-1] INFO  server.RaftServerConfigKeys (ConfUtils.java:logGet(46)) - raft.server.rpc.slowness.timeout = 300s (custom)
2023-03-09 14:59:56,015 [pool-532-thread-1] INFO  server.RaftServerConfigKeys (ConfUtils.java:logGet(46)) - raft.server.leaderelection.leader.step-down.wait-time = 10s (default)
2023-03-09 14:59:56,015 [pool-532-thread-1] INFO  server.RaftServerConfigKeys (ConfUtils.java:logGet(46)) - raft.server.sleep.deviation.threshold = 300ms (default)
2023-03-09 14:59:56,015 [pool-532-thread-1] INFO  server.RaftServer$Division (ServerState.java:<init>(118)) - feab20ca-06d8-4da6-9078-da7af006e724@group-24D945A2E867: ConfigurationManager, init=-1: peers:[feab20ca-06d8-4da6-9078-da7af006e724|rpc:127.0.0.1:45775|dataStream:127.0.0.1:42183|priority:1|startupRole:FOLLOWER]|listeners:[], old=null, confs=<EMPTY_MAP>
2023-03-09 14:59:56,015 [pool-532-thread-1] INFO  server.RaftServerConfigKeys (ConfUtils.java:logGet(46)) - raft.server.storage.dir = [/home/runner/work/ozone/ozone/hadoop-ozone/integration-test/target/test-dir/MiniOzoneClusterImpl-0be2ff2d-c2a8-4ed5-ac17-c4684e36ac53/datanode-2/data/ratis] (custom)
2023-03-09 14:59:56,016 [pool-532-thread-1] INFO  server.RaftServerConfigKeys (ConfUtils.java:logGet(46)) - raft.server.log.corruption.policy = EXCEPTION (default)
2023-03-09 14:59:56,016 [pool-532-thread-1] INFO  server.RaftServerConfigKeys (ConfUtils.java:logGet(46)) - raft.server.storage.free-space.min = 0MB (=0) (default)
2023-03-09 14:59:56,016 [pool-532-thread-1] INFO  server.RaftServerConfigKeys (ConfUtils.java:logGet(46)) - raft.server.notification.no-leader.timeout = 300s (custom)
2023-03-09 14:59:56,016 [pool-532-thread-1] INFO  server.RaftServerConfigKeys (ConfUtils.java:logGet(46)) - raft.server.retrycache.expirytime = 600000ms (custom)
2023-03-09 14:59:56,016 [pool-532-thread-1] INFO  server.RaftServerConfigKeys (ConfUtils.java:logGet(46)) - raft.server.retrycache.statistics.expirytime = 100μs (default)
2023-03-09 14:59:56,017 [pool-532-thread-1] INFO  server.RaftServerConfigKeys (ConfUtils.java:logGet(46)) - raft.server.log.appender.install.snapshot.enabled = false (custom)
2023-03-09 14:59:56,017 [pool-532-thread-1] INFO  server.RaftServerConfigKeys (ConfUtils.java:logGet(46)) - raft.server.threadpool.server.cached = true (default)
2023-03-09 14:59:56,017 [pool-532-thread-1] INFO  server.RaftServerConfigKeys (ConfUtils.java:logGet(46)) - raft.server.threadpool.server.size = 0 (default)
2023-03-09 14:59:56,017 [pool-532-thread-1] INFO  server.RaftServerConfigKeys (ConfUtils.java:logGet(46)) - raft.server.threadpool.client.cached = true (default)
2023-03-09 14:59:56,017 [pool-532-thread-1] INFO  server.RaftServerConfigKeys (ConfUtils.java:logGet(46)) - raft.server.threadpool.client.size = 0 (default)
2023-03-09 14:59:56,017 [pool-532-thread-1] INFO  storage.RaftStorageDirectory (RaftStorageDirectoryImpl.java:analyzeStorage(137)) - The storage directory /home/runner/work/ozone/ozone/hadoop-ozone/integration-test/target/test-dir/MiniOzoneClusterImpl-0be2ff2d-c2a8-4ed5-ac17-c4684e36ac53/datanode-2/data/ratis/175ced7f-6934-426a-8f18-24d945a2e867 does not exist. Creating ...
2023-03-09 14:59:56,018 [pool-532-thread-1] INFO  storage.RaftStorageDirectory (RaftStorageDirectoryImpl.java:tryLock(231)) - Lock on /home/runner/work/ozone/ozone/hadoop-ozone/integration-test/target/test-dir/MiniOzoneClusterImpl-0be2ff2d-c2a8-4ed5-ac17-c4684e36ac53/datanode-2/data/ratis/175ced7f-6934-426a-8f18-24d945a2e867/in_use.lock acquired by nodename 57158@fv-az377-502
2023-03-09 14:59:56,020 [pool-532-thread-1] INFO  storage.RaftStorage (RaftStorageImpl.java:format(96)) - Storage directory /home/runner/work/ozone/ozone/hadoop-ozone/integration-test/target/test-dir/MiniOzoneClusterImpl-0be2ff2d-c2a8-4ed5-ac17-c4684e36ac53/datanode-2/data/ratis/175ced7f-6934-426a-8f18-24d945a2e867 has been successfully formatted.
2023-03-09 14:59:56,020 [pool-532-thread-1] INFO  ratis.ContainerStateMachine (ContainerStateMachine.java:loadSnapshot(240)) - group-24D945A2E867: The snapshot info is null. Setting the last applied indexto:(t:0, i:~)
2023-03-09 14:59:56,021 [pool-532-thread-1] INFO  server.RaftServerConfigKeys (ConfUtils.java:logGet(46)) - raft.server.log.use.memory = false (default)
2023-03-09 14:59:56,021 [pool-532-thread-1] INFO  server.RaftServerConfigKeys (ConfUtils.java:logGet(46)) - raft.server.log.purge.gap = 1000000 (custom)
2023-03-09 14:59:56,022 [pool-532-thread-1] INFO  server.RaftServerConfigKeys (ConfUtils.java:logGet(46)) - raft.server.log.appender.buffer.byte-limit = 33554432 (custom)
2023-03-09 14:59:56,023 [EventQueue-PipelineReportForPipelineReportHandler] INFO  pipeline.PipelineManagerImpl (PipelineManagerImpl.java:openPipeline(367)) - Pipeline Pipeline[ Id: 175ced7f-6934-426a-8f18-24d945a2e867, Nodes: feab20ca-06d8-4da6-9078-da7af006e724(localhost/127.0.0.1), ReplicationConfig: RATIS/ONE, State:ALLOCATED, leaderId:feab20ca-06d8-4da6-9078-da7af006e724, CreationTimestamp2023-03-09T14:59:53.015Z[Etc/UTC]] moved to OPEN state
2023-03-09 14:59:56,024 [pool-532-thread-1] INFO  server.RaftServerConfigKeys (ConfUtils.java:logGet(46)) - raft.server.log.statemachine.data.read.timeout = 1000ms (default)
2023-03-09 14:59:56,024 [pool-532-thread-1] INFO  server.RaftServerConfigKeys (ConfUtils.java:logGet(46)) - raft.server.log.purge.preservation.log.num = 0 (default)
2023-03-09 14:59:56,024 [pool-532-thread-1] INFO  server.RaftServerConfigKeys (ConfUtils.java:logGet(46)) - raft.server.log.segment.size.max = 1048576 (custom)
2023-03-09 14:59:56,024 [pool-532-thread-1] INFO  server.RaftServerConfigKeys (ConfUtils.java:logGet(46)) - raft.server.log.segment.cache.num.max = 2 (custom)
2023-03-09 14:59:56,026 [94489f6d-fe79-40fc-acb2-36e6df399f83@group-C4684E36AC53-StateMachineUpdater] INFO  safemode.HealthyPipelineSafeModeRule (HealthyPipelineSafeModeRule.java:initializeRule(165)) - Refreshed total pipeline count is 0, healthy pipeline threshold count is 1
2023-03-09 14:59:56,027 [EventQueue-OpenPipelineForHealthyPipelineSafeModeRule] INFO  safemode.SCMSafeModeManager (HealthyPipelineSafeModeRule.java:process(137)) - SCM in safe mode. Healthy pipelines reported count is 0, required healthy pipeline reported count is 1
2023-03-09 14:59:56,027 [pool-532-thread-1] INFO  server.RaftServerConfigKeys (ConfUtils.java:logGet(46)) - raft.server.log.segment.cache.size.max = 200MB (=209715200) (default)
2023-03-09 14:59:56,027 [pool-532-thread-1] INFO  segmented.SegmentedRaftLogWorker (SegmentedRaftLogWorker.java:<init>(189)) - new feab20ca-06d8-4da6-9078-da7af006e724@group-24D945A2E867-SegmentedRaftLogWorker for RaftStorageImpl:Storage Directory /home/runner/work/ozone/ozone/hadoop-ozone/integration-test/target/test-dir/MiniOzoneClusterImpl-0be2ff2d-c2a8-4ed5-ac17-c4684e36ac53/datanode-2/data/ratis/175ced7f-6934-426a-8f18-24d945a2e867
2023-03-09 14:59:56,027 [pool-532-thread-1] INFO  server.RaftServerConfigKeys (ConfUtils.java:logGet(46)) - raft.server.log.queue.byte-limit = 4294967296 (custom)
2023-03-09 14:59:56,027 [pool-532-thread-1] INFO  server.RaftServerConfigKeys (ConfUtils.java:logGet(46)) - raft.server.log.queue.element-limit = 1024 (custom)
2023-03-09 14:59:56,027 [pool-532-thread-1] INFO  server.RaftServerConfigKeys (ConfUtils.java:logGet(46)) - raft.server.log.segment.size.max = 1048576 (custom)
2023-03-09 14:59:56,027 [pool-532-thread-1] INFO  server.RaftServerConfigKeys (ConfUtils.java:logGet(46)) - raft.server.log.preallocated.size = 16384 (custom)
2023-03-09 14:59:56,027 [pool-532-thread-1] INFO  server.RaftServerConfigKeys (ConfUtils.java:logGet(46)) - raft.server.log.force.sync.num = 128 (default)
2023-03-09 14:59:56,028 [pool-532-thread-1] INFO  server.RaftServerConfigKeys (ConfUtils.java:logGet(46)) - raft.server.log.statemachine.data.sync = true (default)
2023-03-09 14:59:56,028 [pool-532-thread-1] INFO  server.RaftServerConfigKeys (ConfUtils.java:logGet(46)) - raft.server.log.statemachine.data.sync.timeout = 10s (default)
2023-03-09 14:59:56,028 [pool-532-thread-1] INFO  server.RaftServerConfigKeys (ConfUtils.java:logGet(46)) - raft.server.log.statemachine.data.sync.timeout.retry = -1 (default)
2023-03-09 14:59:56,028 [pool-532-thread-1] INFO  server.RaftServerConfigKeys (ConfUtils.java:logGet(46)) - raft.server.log.write.buffer.size = 1048576 (custom)
2023-03-09 14:59:56,029 [pool-532-thread-1] INFO  server.RaftServerConfigKeys (ConfUtils.java:logGet(46)) - raft.server.log.appender.buffer.byte-limit = 33554432 (custom)
2023-03-09 14:59:56,035 [pool-532-thread-1] INFO  server.RaftServerConfigKeys (ConfUtils.java:logGet(46)) - raft.server.log.unsafe-flush.enabled = false (default)
2023-03-09 14:59:56,035 [pool-532-thread-1] INFO  server.RaftServerConfigKeys (ConfUtils.java:logGet(46)) - raft.server.log.async-flush.enabled = false (default)
2023-03-09 14:59:56,035 [pool-532-thread-1] INFO  server.RaftServerConfigKeys (ConfUtils.java:logGet(46)) - raft.server.log.statemachine.data.caching.enabled = true (custom)
2023-03-09 14:59:56,035 [pool-532-thread-1] INFO  segmented.SegmentedRaftLogWorker (SegmentedRaftLogWorker.java:lambda$new$0(135)) - feab20ca-06d8-4da6-9078-da7af006e724@group-24D945A2E867-SegmentedRaftLogWorker: flushIndex: setUnconditionally 0 -> -1
2023-03-09 14:59:56,036 [pool-532-thread-1] INFO  segmented.SegmentedRaftLogWorker (SegmentedRaftLogWorker.java:lambda$new$0(135)) - feab20ca-06d8-4da6-9078-da7af006e724@group-24D945A2E867-SegmentedRaftLogWorker: safeCacheEvictIndex: setUnconditionally 0 -> -1
2023-03-09 14:59:56,036 [pool-532-thread-1] INFO  server.RaftServer$Division (RaftServerImpl.java:start(334)) - feab20ca-06d8-4da6-9078-da7af006e724@group-24D945A2E867: start as a follower, conf=-1: peers:[feab20ca-06d8-4da6-9078-da7af006e724|rpc:127.0.0.1:45775|dataStream:127.0.0.1:42183|priority:1|startupRole:FOLLOWER]|listeners:[], old=null
2023-03-09 14:59:56,036 [pool-532-thread-1] INFO  server.RaftServer$Division (RaftServerImpl.java:setRole(321)) - feab20ca-06d8-4da6-9078-da7af006e724@group-24D945A2E867: changes role from      null to FOLLOWER at term 0 for startAsFollower
2023-03-09 14:59:56,036 [pool-532-thread-1] INFO  impl.RoleInfo (RoleInfo.java:updateAndGet(139)) - feab20ca-06d8-4da6-9078-da7af006e724: start feab20ca-06d8-4da6-9078-da7af006e724@group-24D945A2E867-FollowerState
2023-03-09 14:59:56,036 [pool-532-thread-1] INFO  util.JmxRegister (JmxRegister.java:tryRegister(44)) - Successfully registered JMX Bean with object name Ratis:service=RaftServer,group=group-24D945A2E867,id=feab20ca-06d8-4da6-9078-da7af006e724
2023-03-09 14:59:56,036 [pool-532-thread-1] INFO  server.RaftServerConfigKeys (ConfUtils.java:logGet(46)) - raft.server.snapshot.auto.trigger.enabled = true (custom)
2023-03-09 14:59:56,037 [pool-532-thread-1] INFO  server.RaftServerConfigKeys (ConfUtils.java:logGet(46)) - raft.server.snapshot.auto.trigger.threshold = 10000 (custom)
2023-03-09 14:59:56,037 [pool-532-thread-1] INFO  server.RaftServerConfigKeys (ConfUtils.java:logGet(46)) - raft.server.snapshot.retention.file.num = 5 (custom)
2023-03-09 14:59:56,037 [pool-532-thread-1] INFO  server.RaftServerConfigKeys (ConfUtils.java:logGet(46)) - raft.server.log.purge.upto.snapshot.index = false (default)
2023-03-09 14:59:56,037 [feab20ca-06d8-4da6-9078-da7af006e724@group-24D945A2E867-FollowerState] INFO  server.RaftServerConfigKeys (ConfUtils.java:logFallback(53)) - raft.server.rpc.first-election.timeout.min = 5s (fallback to raft.server.rpc.timeout.min)
2023-03-09 14:59:56,037 [feab20ca-06d8-4da6-9078-da7af006e724@group-24D945A2E867-FollowerState] INFO  server.RaftServerConfigKeys (ConfUtils.java:logFallback(53)) - raft.server.rpc.first-election.timeout.max = 5200ms (fallback to raft.server.rpc.timeout.max)
2023-03-09 14:59:56,038 [Command processor thread] INFO  ratis.XceiverServerRatis (XceiverServerRatis.java:addGroup(807)) - Created group PipelineID=175ced7f-6934-426a-8f18-24d945a2e867
2023-03-09 14:59:56,038 [Command processor thread] INFO  commandhandler.CreatePipelineCommandHandler (CreatePipelineCommandHandler.java:handle(113)) - Created Pipeline RATIS ONE PipelineID=175ced7f-6934-426a-8f18-24d945a2e867.
2023-03-09 14:59:56,245 [EndpointStateMachine task thread for /127.0.0.1:40177 - 0 ] INFO  ipc.Client (Client.java:handleConnectionFailure(1010)) - Retrying connect to server: localhost/127.0.0.1:40177. Already tried 11 time(s); retry policy is RetryUpToMaximumCountWithFixedSleep(maxRetries=15, sleepTime=1000 MILLISECONDS)
2023-03-09 14:59:57,005 [Listener at 127.0.0.1/46569] INFO  ozone.MiniOzoneClusterImpl (MiniOzoneClusterImpl.java:lambda$waitForClusterToBeReady$0(218)) - Nodes are ready. Got 3 of 3 DN Heartbeats.
2023-03-09 14:59:57,005 [Listener at 127.0.0.1/46569] INFO  ozone.MiniOzoneClusterImpl (MiniOzoneClusterImpl.java:lambda$waitForClusterToBeReady$0(221)) - Waiting for cluster to exit safe mode
2023-03-09 14:59:57,005 [Listener at 127.0.0.1/46569] INFO  ozone.MiniOzoneClusterImpl (MiniOzoneClusterImpl.java:lambda$waitForClusterToBeReady$0(223)) - SCM became leader
2023-03-09 14:59:57,246 [EndpointStateMachine task thread for /127.0.0.1:40177 - 0 ] INFO  ipc.Client (Client.java:handleConnectionFailure(1010)) - Retrying connect to server: localhost/127.0.0.1:40177. Already tried 12 time(s); retry policy is RetryUpToMaximumCountWithFixedSleep(maxRetries=15, sleepTime=1000 MILLISECONDS)
2023-03-09 14:59:58,005 [Listener at 127.0.0.1/46569] INFO  ozone.MiniOzoneClusterImpl (MiniOzoneClusterImpl.java:lambda$waitForClusterToBeReady$0(218)) - Nodes are ready. Got 3 of 3 DN Heartbeats.
2023-03-09 14:59:58,006 [Listener at 127.0.0.1/46569] INFO  ozone.MiniOzoneClusterImpl (MiniOzoneClusterImpl.java:lambda$waitForClusterToBeReady$0(221)) - Waiting for cluster to exit safe mode
2023-03-09 14:59:58,006 [Listener at 127.0.0.1/46569] INFO  ozone.MiniOzoneClusterImpl (MiniOzoneClusterImpl.java:lambda$waitForClusterToBeReady$0(223)) - SCM became leader
2023-03-09 14:59:58,247 [EndpointStateMachine task thread for /127.0.0.1:40177 - 0 ] INFO  ipc.Client (Client.java:handleConnectionFailure(1010)) - Retrying connect to server: localhost/127.0.0.1:40177. Already tried 13 time(s); retry policy is RetryUpToMaximumCountWithFixedSleep(maxRetries=15, sleepTime=1000 MILLISECONDS)
2023-03-09 14:59:59,006 [Listener at 127.0.0.1/46569] INFO  ozone.MiniOzoneClusterImpl (MiniOzoneClusterImpl.java:lambda$waitForClusterToBeReady$0(218)) - Nodes are ready. Got 3 of 3 DN Heartbeats.
2023-03-09 14:59:59,006 [Listener at 127.0.0.1/46569] INFO  ozone.MiniOzoneClusterImpl (MiniOzoneClusterImpl.java:lambda$waitForClusterToBeReady$0(221)) - Waiting for cluster to exit safe mode
2023-03-09 14:59:59,007 [Listener at 127.0.0.1/46569] INFO  ozone.MiniOzoneClusterImpl (MiniOzoneClusterImpl.java:lambda$waitForClusterToBeReady$0(223)) - SCM became leader
2023-03-09 14:59:59,248 [EndpointStateMachine task thread for /127.0.0.1:40177 - 0 ] INFO  ipc.Client (Client.java:handleConnectionFailure(1010)) - Retrying connect to server: localhost/127.0.0.1:40177. Already tried 14 time(s); retry policy is RetryUpToMaximumCountWithFixedSleep(maxRetries=15, sleepTime=1000 MILLISECONDS)
2023-03-09 14:59:59,249 [EndpointStateMachine task thread for /127.0.0.1:40177 - 0 ] WARN  statemachine.EndpointStateMachine (EndpointStateMachine.java:logIfNeeded(242)) - Unable to communicate to SCM server at localhost:40177 for past 0 seconds.
java.net.ConnectException: Call From fv-az377-502/10.1.0.44 to localhost:40177 failed on connection exception: java.net.ConnectException: Connection refused; For more details see:  http://wiki.apache.org/hadoop/ConnectionRefused
	at sun.reflect.NativeConstructorAccessorImpl.newInstance0(Native Method)
	at sun.reflect.NativeConstructorAccessorImpl.newInstance(NativeConstructorAccessorImpl.java:62)
	at sun.reflect.DelegatingConstructorAccessorImpl.newInstance(DelegatingConstructorAccessorImpl.java:45)
	at java.lang.reflect.Constructor.newInstance(Constructor.java:423)
	at org.apache.hadoop.net.NetUtils.wrapWithMessage(NetUtils.java:913)
	at org.apache.hadoop.net.NetUtils.wrapException(NetUtils.java:828)
	at org.apache.hadoop.ipc.Client.getRpcResponse(Client.java:1616)
	at org.apache.hadoop.ipc.Client.call(Client.java:1558)
	at org.apache.hadoop.ipc.Client.call(Client.java:1455)
	at org.apache.hadoop.ipc.ProtobufRpcEngine$Invoker.invoke(ProtobufRpcEngine.java:235)
	at org.apache.hadoop.ipc.ProtobufRpcEngine$Invoker.invoke(ProtobufRpcEngine.java:122)
	at com.sun.proxy.$Proxy54.submitRequest(Unknown Source)
	at org.apache.hadoop.ozone.protocolPB.StorageContainerDatanodeProtocolClientSideTranslatorPB.submitRequest(StorageContainerDatanodeProtocolClientSideTranslatorPB.java:117)
	at org.apache.hadoop.ozone.protocolPB.StorageContainerDatanodeProtocolClientSideTranslatorPB.sendHeartbeat(StorageContainerDatanodeProtocolClientSideTranslatorPB.java:149)
	at org.apache.hadoop.ozone.container.common.states.endpoint.HeartbeatEndpointTask.call(HeartbeatEndpointTask.java:185)
	at org.apache.hadoop.ozone.container.common.states.endpoint.HeartbeatEndpointTask.call(HeartbeatEndpointTask.java:87)
	at java.util.concurrent.FutureTask.run(FutureTask.java:266)
	at java.util.concurrent.ThreadPoolExecutor.runWorker(ThreadPoolExecutor.java:1149)
	at java.util.concurrent.ThreadPoolExecutor$Worker.run(ThreadPoolExecutor.java:624)
	at java.lang.Thread.run(Thread.java:750)
Caused by: java.net.ConnectException: Connection refused
	at sun.nio.ch.SocketChannelImpl.checkConnect(Native Method)
	at sun.nio.ch.SocketChannelImpl.finishConnect(SocketChannelImpl.java:716)
	at org.apache.hadoop.net.SocketIOWithTimeout.connect(SocketIOWithTimeout.java:205)
	at org.apache.hadoop.net.NetUtils.connect(NetUtils.java:586)
	at org.apache.hadoop.ipc.Client$Connection.setupConnection(Client.java:711)
	at org.apache.hadoop.ipc.Client$Connection.setupIOstreams(Client.java:833)
	at org.apache.hadoop.ipc.Client$Connection.access$3800(Client.java:414)
	at org.apache.hadoop.ipc.Client.getConnection(Client.java:1677)
	at org.apache.hadoop.ipc.Client.call(Client.java:1502)
	... 12 more
2023-03-09 15:00:00,007 [Listener at 127.0.0.1/46569] INFO  ozone.MiniOzoneClusterImpl (MiniOzoneClusterImpl.java:lambda$waitForClusterToBeReady$0(218)) - Nodes are ready. Got 3 of 3 DN Heartbeats.
2023-03-09 15:00:00,007 [Listener at 127.0.0.1/46569] INFO  ozone.MiniOzoneClusterImpl (MiniOzoneClusterImpl.java:lambda$waitForClusterToBeReady$0(221)) - Waiting for cluster to exit safe mode
2023-03-09 15:00:00,007 [Listener at 127.0.0.1/46569] INFO  ozone.MiniOzoneClusterImpl (MiniOzoneClusterImpl.java:lambda$waitForClusterToBeReady$0(223)) - SCM became leader
2023-03-09 15:00:00,228 [2e08ab99-21b9-413b-a3c3-42a884871cc4@group-3A6F2FB1D2F2-FollowerState] INFO  impl.FollowerState (FollowerState.java:run(143)) - 2e08ab99-21b9-413b-a3c3-42a884871cc4@group-3A6F2FB1D2F2-FollowerState: change to CANDIDATE, lastRpcElapsedTime:5023946614ns, electionTimeout:5023ms
2023-03-09 15:00:00,229 [2e08ab99-21b9-413b-a3c3-42a884871cc4@group-3A6F2FB1D2F2-FollowerState] INFO  impl.RoleInfo (RoleInfo.java:shutdownFollowerState(110)) - 2e08ab99-21b9-413b-a3c3-42a884871cc4: shutdown 2e08ab99-21b9-413b-a3c3-42a884871cc4@group-3A6F2FB1D2F2-FollowerState
2023-03-09 15:00:00,229 [2e08ab99-21b9-413b-a3c3-42a884871cc4@group-3A6F2FB1D2F2-FollowerState] INFO  server.RaftServer$Division (RaftServerImpl.java:setRole(321)) - 2e08ab99-21b9-413b-a3c3-42a884871cc4@group-3A6F2FB1D2F2: changes role from  FOLLOWER to CANDIDATE at term 0 for changeToCandidate
2023-03-09 15:00:00,229 [2e08ab99-21b9-413b-a3c3-42a884871cc4@group-3A6F2FB1D2F2-FollowerState] INFO  server.RaftServerConfigKeys (ConfUtils.java:logGet(46)) - raft.server.leaderelection.pre-vote = true (default)
2023-03-09 15:00:00,229 [2e08ab99-21b9-413b-a3c3-42a884871cc4@group-3A6F2FB1D2F2-FollowerState] INFO  impl.RoleInfo (RoleInfo.java:updateAndGet(139)) - 2e08ab99-21b9-413b-a3c3-42a884871cc4: start 2e08ab99-21b9-413b-a3c3-42a884871cc4@group-3A6F2FB1D2F2-LeaderElection26
2023-03-09 15:00:00,233 [2e08ab99-21b9-413b-a3c3-42a884871cc4@group-3A6F2FB1D2F2-LeaderElection26] INFO  impl.LeaderElection (LeaderElection.java:askForVotes(312)) - 2e08ab99-21b9-413b-a3c3-42a884871cc4@group-3A6F2FB1D2F2-LeaderElection26 PRE_VOTE round 0: submit vote requests at term 0 for -1: peers:[2e08ab99-21b9-413b-a3c3-42a884871cc4|rpc:127.0.0.1:38561|dataStream:127.0.0.1:36339|priority:1|startupRole:FOLLOWER]|listeners:[], old=null
2023-03-09 15:00:00,233 [2e08ab99-21b9-413b-a3c3-42a884871cc4@group-3A6F2FB1D2F2-LeaderElection26] INFO  impl.LeaderElection (LeaderElection.java:askForVotes(314)) - 2e08ab99-21b9-413b-a3c3-42a884871cc4@group-3A6F2FB1D2F2-LeaderElection26 PRE_VOTE round 0: result PASSED (term=0)
2023-03-09 15:00:00,242 [2e08ab99-21b9-413b-a3c3-42a884871cc4@group-3A6F2FB1D2F2-LeaderElection26] INFO  impl.LeaderElection (LeaderElection.java:askForVotes(312)) - 2e08ab99-21b9-413b-a3c3-42a884871cc4@group-3A6F2FB1D2F2-LeaderElection26 ELECTION round 0: submit vote requests at term 1 for -1: peers:[2e08ab99-21b9-413b-a3c3-42a884871cc4|rpc:127.0.0.1:38561|dataStream:127.0.0.1:36339|priority:1|startupRole:FOLLOWER]|listeners:[], old=null
2023-03-09 15:00:00,243 [2e08ab99-21b9-413b-a3c3-42a884871cc4@group-3A6F2FB1D2F2-LeaderElection26] INFO  impl.LeaderElection (LeaderElection.java:askForVotes(314)) - 2e08ab99-21b9-413b-a3c3-42a884871cc4@group-3A6F2FB1D2F2-LeaderElection26 ELECTION round 0: result PASSED (term=1)
2023-03-09 15:00:00,243 [2e08ab99-21b9-413b-a3c3-42a884871cc4@group-3A6F2FB1D2F2-LeaderElection26] INFO  impl.RoleInfo (RoleInfo.java:shutdownLeaderElection(130)) - 2e08ab99-21b9-413b-a3c3-42a884871cc4: shutdown 2e08ab99-21b9-413b-a3c3-42a884871cc4@group-3A6F2FB1D2F2-LeaderElection26
2023-03-09 15:00:00,243 [2e08ab99-21b9-413b-a3c3-42a884871cc4@group-3A6F2FB1D2F2-LeaderElection26] INFO  server.RaftServer$Division (RaftServerImpl.java:setRole(321)) - 2e08ab99-21b9-413b-a3c3-42a884871cc4@group-3A6F2FB1D2F2: changes role from CANDIDATE to LEADER at term 1 for changeToLeader
2023-03-09 15:00:00,243 [2e08ab99-21b9-413b-a3c3-42a884871cc4@group-3A6F2FB1D2F2-LeaderElection26] INFO  ratis.XceiverServerRatis (XceiverServerRatis.java:handleLeaderChangedNotification(905)) - Leader change notification received for group: group-3A6F2FB1D2F2 with new leaderId: 2e08ab99-21b9-413b-a3c3-42a884871cc4
2023-03-09 15:00:00,243 [2e08ab99-21b9-413b-a3c3-42a884871cc4@group-3A6F2FB1D2F2-LeaderElection26] INFO  server.RaftServer$Division (ServerState.java:setLeader(313)) - 2e08ab99-21b9-413b-a3c3-42a884871cc4@group-3A6F2FB1D2F2: change Leader from null to 2e08ab99-21b9-413b-a3c3-42a884871cc4 at term 1 for becomeLeader, leader elected after 5067ms
2023-03-09 15:00:00,243 [2e08ab99-21b9-413b-a3c3-42a884871cc4@group-3A6F2FB1D2F2-LeaderElection26] INFO  server.RaftServerConfigKeys (ConfUtils.java:logGet(46)) - raft.server.staging.catchup.gap = 1000 (default)
2023-03-09 15:00:00,243 [2e08ab99-21b9-413b-a3c3-42a884871cc4@group-3A6F2FB1D2F2-LeaderElection26] INFO  server.RaftServerConfigKeys (ConfUtils.java:logGet(46)) - raft.server.write.element-limit = 1024 (custom)
2023-03-09 15:00:00,243 [2e08ab99-21b9-413b-a3c3-42a884871cc4@group-3A6F2FB1D2F2-LeaderElection26] INFO  server.RaftServerConfigKeys (ConfUtils.java:logGet(46)) - raft.server.write.byte-limit = 1024 M (=1073741824) (custom)
2023-03-09 15:00:00,244 [2e08ab99-21b9-413b-a3c3-42a884871cc4@group-3A6F2FB1D2F2-LeaderElection26] INFO  server.RaftServerConfigKeys (ConfUtils.java:logGet(46)) - raft.server.watch.timeout = 180s (custom)
2023-03-09 15:00:00,244 [2e08ab99-21b9-413b-a3c3-42a884871cc4@group-3A6F2FB1D2F2-LeaderElection26] INFO  server.RaftServerConfigKeys (ConfUtils.java:logGet(46)) - raft.server.watch.timeout.denomination = 1s (default)
2023-03-09 15:00:00,244 [2e08ab99-21b9-413b-a3c3-42a884871cc4@group-3A6F2FB1D2F2-LeaderElection26] INFO  server.RaftServerConfigKeys (ConfUtils.java:logGet(46)) - raft.server.watch.element-limit = 65536 (default)
2023-03-09 15:00:00,244 [2e08ab99-21b9-413b-a3c3-42a884871cc4@group-3A6F2FB1D2F2-LeaderElection26] INFO  server.RaftServerConfigKeys (ConfUtils.java:logGet(46)) - raft.server.write.element-limit = 1024 (custom)
2023-03-09 15:00:00,244 [2e08ab99-21b9-413b-a3c3-42a884871cc4@group-3A6F2FB1D2F2-LeaderElection26] INFO  server.RaftServerConfigKeys (ConfUtils.java:logGet(46)) - raft.server.write.follower.gap.ratio.max = -1.0 (default)
2023-03-09 15:00:00,244 [2e08ab99-21b9-413b-a3c3-42a884871cc4@group-3A6F2FB1D2F2-LeaderElection26] INFO  impl.RoleInfo (RoleInfo.java:updateAndGet(139)) - 2e08ab99-21b9-413b-a3c3-42a884871cc4: start 2e08ab99-21b9-413b-a3c3-42a884871cc4@group-3A6F2FB1D2F2-LeaderStateImpl
2023-03-09 15:00:00,244 [2e08ab99-21b9-413b-a3c3-42a884871cc4@group-3A6F2FB1D2F2-LeaderElection26] INFO  segmented.SegmentedRaftLogWorker (SegmentedRaftLogWorker.java:startLogSegment(452)) - 2e08ab99-21b9-413b-a3c3-42a884871cc4@group-3A6F2FB1D2F2-SegmentedRaftLogWorker: Starting segment from index:0
2023-03-09 15:00:00,246 [EventQueue-OpenPipelineForHealthyPipelineSafeModeRule] INFO  safemode.SCMSafeModeManager (HealthyPipelineSafeModeRule.java:process(137)) - SCM in safe mode. Healthy pipelines reported count is 0, required healthy pipeline reported count is 1
2023-03-09 15:00:00,259 [2e08ab99-21b9-413b-a3c3-42a884871cc4@group-3A6F2FB1D2F2-LeaderElection26] INFO  server.RaftServer$Division (ServerState.java:setRaftConf(430)) - 2e08ab99-21b9-413b-a3c3-42a884871cc4@group-3A6F2FB1D2F2: set configuration 0: peers:[2e08ab99-21b9-413b-a3c3-42a884871cc4|rpc:127.0.0.1:38561|dataStream:127.0.0.1:36339|priority:1|startupRole:FOLLOWER]|listeners:[], old=null
2023-03-09 15:00:00,259 [EndpointStateMachine task thread for /127.0.0.1:40177 - 0 ] INFO  ipc.Client (Client.java:handleConnectionFailure(1010)) - Retrying connect to server: localhost/127.0.0.1:40177. Already tried 0 time(s); retry policy is RetryUpToMaximumCountWithFixedSleep(maxRetries=15, sleepTime=1000 MILLISECONDS)
2023-03-09 15:00:00,260 [2e08ab99-21b9-413b-a3c3-42a884871cc4@group-3A6F2FB1D2F2-SegmentedRaftLogWorker] INFO  segmented.SegmentedRaftLogWorker (SegmentedRaftLogWorker.java:execute(656)) - 2e08ab99-21b9-413b-a3c3-42a884871cc4@group-3A6F2FB1D2F2-SegmentedRaftLogWorker: created new log segment /home/runner/work/ozone/ozone/hadoop-ozone/integration-test/target/test-dir/MiniOzoneClusterImpl-0be2ff2d-c2a8-4ed5-ac17-c4684e36ac53/datanode-0/data/ratis/460e387d-a739-4695-ac04-3a6f2fb1d2f2/current/log_inprogress_0
2023-03-09 15:00:00,298 [2e08ab99-21b9-413b-a3c3-42a884871cc4@group-46A4DCB4A5D0-FollowerState] INFO  impl.FollowerState (FollowerState.java:run(143)) - 2e08ab99-21b9-413b-a3c3-42a884871cc4@group-46A4DCB4A5D0-FollowerState: change to CANDIDATE, lastRpcElapsedTime:5060073762ns, electionTimeout:5055ms
2023-03-09 15:00:00,298 [2e08ab99-21b9-413b-a3c3-42a884871cc4@group-46A4DCB4A5D0-FollowerState] INFO  impl.RoleInfo (RoleInfo.java:shutdownFollowerState(110)) - 2e08ab99-21b9-413b-a3c3-42a884871cc4: shutdown 2e08ab99-21b9-413b-a3c3-42a884871cc4@group-46A4DCB4A5D0-FollowerState
2023-03-09 15:00:00,298 [2e08ab99-21b9-413b-a3c3-42a884871cc4@group-46A4DCB4A5D0-FollowerState] INFO  server.RaftServer$Division (RaftServerImpl.java:setRole(321)) - 2e08ab99-21b9-413b-a3c3-42a884871cc4@group-46A4DCB4A5D0: changes role from  FOLLOWER to CANDIDATE at term 0 for changeToCandidate
2023-03-09 15:00:00,299 [2e08ab99-21b9-413b-a3c3-42a884871cc4@group-46A4DCB4A5D0-FollowerState] INFO  server.RaftServerConfigKeys (ConfUtils.java:logGet(46)) - raft.server.leaderelection.pre-vote = true (default)
2023-03-09 15:00:00,299 [2e08ab99-21b9-413b-a3c3-42a884871cc4@group-46A4DCB4A5D0-FollowerState] INFO  impl.RoleInfo (RoleInfo.java:updateAndGet(139)) - 2e08ab99-21b9-413b-a3c3-42a884871cc4: start 2e08ab99-21b9-413b-a3c3-42a884871cc4@group-46A4DCB4A5D0-LeaderElection27
2023-03-09 15:00:00,302 [2e08ab99-21b9-413b-a3c3-42a884871cc4@group-46A4DCB4A5D0-LeaderElection27] INFO  impl.LeaderElection (LeaderElection.java:askForVotes(312)) - 2e08ab99-21b9-413b-a3c3-42a884871cc4@group-46A4DCB4A5D0-LeaderElection27 PRE_VOTE round 0: submit vote requests at term 0 for -1: peers:[feab20ca-06d8-4da6-9078-da7af006e724|rpc:127.0.0.1:45775|dataStream:127.0.0.1:42183|priority:0|startupRole:FOLLOWER, 2041f563-0d32-4367-9889-6c4be41f3c5d|rpc:127.0.0.1:35575|dataStream:127.0.0.1:40961|priority:1|startupRole:FOLLOWER, 2e08ab99-21b9-413b-a3c3-42a884871cc4|rpc:127.0.0.1:38561|dataStream:127.0.0.1:36339|priority:0|startupRole:FOLLOWER]|listeners:[], old=null
2023-03-09 15:00:00,302 [2e08ab99-21b9-413b-a3c3-42a884871cc4@group-46A4DCB4A5D0-LeaderElection27-1] INFO  server.GrpcServerProtocolClient (GrpcServerProtocolClient.java:<init>(63)) - Build channel for feab20ca-06d8-4da6-9078-da7af006e724
2023-03-09 15:00:00,302 [2e08ab99-21b9-413b-a3c3-42a884871cc4@group-46A4DCB4A5D0-LeaderElection27] INFO  server.RaftServerConfigKeys (ConfUtils.java:logFallback(53)) - raft.server.rpc.first-election.timeout.min = 5s (fallback to raft.server.rpc.timeout.min)
2023-03-09 15:00:00,302 [2e08ab99-21b9-413b-a3c3-42a884871cc4@group-46A4DCB4A5D0-LeaderElection27] INFO  server.RaftServerConfigKeys (ConfUtils.java:logFallback(53)) - raft.server.rpc.first-election.timeout.max = 5200ms (fallback to raft.server.rpc.timeout.max)
2023-03-09 15:00:00,303 [2e08ab99-21b9-413b-a3c3-42a884871cc4@group-46A4DCB4A5D0-LeaderElection27-2] INFO  server.GrpcServerProtocolClient (GrpcServerProtocolClient.java:<init>(63)) - Build channel for 2041f563-0d32-4367-9889-6c4be41f3c5d
2023-03-09 15:00:00,318 [grpc-default-executor-3] INFO  server.RaftServer$Division (RaftServerImpl.java:requestVote(1218)) - feab20ca-06d8-4da6-9078-da7af006e724@group-46A4DCB4A5D0: receive requestVote(PRE_VOTE, 2e08ab99-21b9-413b-a3c3-42a884871cc4, group-46A4DCB4A5D0, 0, (t:0, i:0))
2023-03-09 15:00:00,318 [2041f563-0d32-4367-9889-6c4be41f3c5d@group-46A4DCB4A5D0-FollowerState] INFO  impl.FollowerState (FollowerState.java:run(143)) - 2041f563-0d32-4367-9889-6c4be41f3c5d@group-46A4DCB4A5D0-FollowerState: change to CANDIDATE, lastRpcElapsedTime:5025044416ns, electionTimeout:5024ms
2023-03-09 15:00:00,318 [grpc-default-executor-3] INFO  impl.VoteContext (VoteContext.java:log(49)) - feab20ca-06d8-4da6-9078-da7af006e724@group-46A4DCB4A5D0-FOLLOWER: accept PRE_VOTE from 2e08ab99-21b9-413b-a3c3-42a884871cc4: our priority 0 <= candidate's priority 0
2023-03-09 15:00:00,318 [2041f563-0d32-4367-9889-6c4be41f3c5d@group-46A4DCB4A5D0-FollowerState] INFO  impl.RoleInfo (RoleInfo.java:shutdownFollowerState(110)) - 2041f563-0d32-4367-9889-6c4be41f3c5d: shutdown 2041f563-0d32-4367-9889-6c4be41f3c5d@group-46A4DCB4A5D0-FollowerState
2023-03-09 15:00:00,318 [2041f563-0d32-4367-9889-6c4be41f3c5d@group-46A4DCB4A5D0-FollowerState] INFO  server.RaftServer$Division (RaftServerImpl.java:setRole(321)) - 2041f563-0d32-4367-9889-6c4be41f3c5d@group-46A4DCB4A5D0: changes role from  FOLLOWER to CANDIDATE at term 0 for changeToCandidate
2023-03-09 15:00:00,318 [grpc-default-executor-3] INFO  server.RaftServer$Division (RaftServerImpl.java:requestVote(1251)) - feab20ca-06d8-4da6-9078-da7af006e724@group-46A4DCB4A5D0 replies to PRE_VOTE vote request: 2e08ab99-21b9-413b-a3c3-42a884871cc4<-feab20ca-06d8-4da6-9078-da7af006e724#0:OK-t0. Peer's state: feab20ca-06d8-4da6-9078-da7af006e724@group-46A4DCB4A5D0:t0, leader=null, voted=, raftlog=Memoized:feab20ca-06d8-4da6-9078-da7af006e724@group-46A4DCB4A5D0-SegmentedRaftLog:OPENED:c-1, conf=-1: peers:[feab20ca-06d8-4da6-9078-da7af006e724|rpc:127.0.0.1:45775|dataStream:127.0.0.1:42183|priority:0|startupRole:FOLLOWER, 2041f563-0d32-4367-9889-6c4be41f3c5d|rpc:127.0.0.1:35575|dataStream:127.0.0.1:40961|priority:1|startupRole:FOLLOWER, 2e08ab99-21b9-413b-a3c3-42a884871cc4|rpc:127.0.0.1:38561|dataStream:127.0.0.1:36339|priority:0|startupRole:FOLLOWER]|listeners:[], old=null
2023-03-09 15:00:00,319 [2041f563-0d32-4367-9889-6c4be41f3c5d@group-46A4DCB4A5D0-FollowerState] INFO  server.RaftServerConfigKeys (ConfUtils.java:logGet(46)) - raft.server.leaderelection.pre-vote = true (default)
2023-03-09 15:00:00,319 [2041f563-0d32-4367-9889-6c4be41f3c5d@group-46A4DCB4A5D0-FollowerState] INFO  impl.RoleInfo (RoleInfo.java:updateAndGet(139)) - 2041f563-0d32-4367-9889-6c4be41f3c5d: start 2041f563-0d32-4367-9889-6c4be41f3c5d@group-46A4DCB4A5D0-LeaderElection28
2023-03-09 15:00:00,327 [grpc-default-executor-5] INFO  server.RaftServer$Division (RaftServerImpl.java:requestVote(1218)) - 2041f563-0d32-4367-9889-6c4be41f3c5d@group-46A4DCB4A5D0: receive requestVote(PRE_VOTE, 2e08ab99-21b9-413b-a3c3-42a884871cc4, group-46A4DCB4A5D0, 0, (t:0, i:0))
2023-03-09 15:00:00,328 [grpc-default-executor-5] INFO  impl.VoteContext (VoteContext.java:log(49)) - 2041f563-0d32-4367-9889-6c4be41f3c5d@group-46A4DCB4A5D0-CANDIDATE: reject PRE_VOTE from 2e08ab99-21b9-413b-a3c3-42a884871cc4: our priority 1 > candidate's priority 0
2023-03-09 15:00:00,328 [grpc-default-executor-5] INFO  server.RaftServer$Division (RaftServerImpl.java:requestVote(1251)) - 2041f563-0d32-4367-9889-6c4be41f3c5d@group-46A4DCB4A5D0 replies to PRE_VOTE vote request: 2e08ab99-21b9-413b-a3c3-42a884871cc4<-2041f563-0d32-4367-9889-6c4be41f3c5d#0:FAIL-t0. Peer's state: 2041f563-0d32-4367-9889-6c4be41f3c5d@group-46A4DCB4A5D0:t0, leader=null, voted=, raftlog=Memoized:2041f563-0d32-4367-9889-6c4be41f3c5d@group-46A4DCB4A5D0-SegmentedRaftLog:OPENED:c-1, conf=-1: peers:[feab20ca-06d8-4da6-9078-da7af006e724|rpc:127.0.0.1:45775|dataStream:127.0.0.1:42183|priority:0|startupRole:FOLLOWER, 2041f563-0d32-4367-9889-6c4be41f3c5d|rpc:127.0.0.1:35575|dataStream:127.0.0.1:40961|priority:1|startupRole:FOLLOWER, 2e08ab99-21b9-413b-a3c3-42a884871cc4|rpc:127.0.0.1:38561|dataStream:127.0.0.1:36339|priority:0|startupRole:FOLLOWER]|listeners:[], old=null
2023-03-09 15:00:00,329 [2041f563-0d32-4367-9889-6c4be41f3c5d@group-46A4DCB4A5D0-LeaderElection28] INFO  impl.LeaderElection (LeaderElection.java:askForVotes(312)) - 2041f563-0d32-4367-9889-6c4be41f3c5d@group-46A4DCB4A5D0-LeaderElection28 PRE_VOTE round 0: submit vote requests at term 0 for -1: peers:[feab20ca-06d8-4da6-9078-da7af006e724|rpc:127.0.0.1:45775|dataStream:127.0.0.1:42183|priority:0|startupRole:FOLLOWER, 2041f563-0d32-4367-9889-6c4be41f3c5d|rpc:127.0.0.1:35575|dataStream:127.0.0.1:40961|priority:1|startupRole:FOLLOWER, 2e08ab99-21b9-413b-a3c3-42a884871cc4|rpc:127.0.0.1:38561|dataStream:127.0.0.1:36339|priority:0|startupRole:FOLLOWER]|listeners:[], old=null
2023-03-09 15:00:00,330 [2041f563-0d32-4367-9889-6c4be41f3c5d@group-46A4DCB4A5D0-LeaderElection28-1] INFO  server.GrpcServerProtocolClient (GrpcServerProtocolClient.java:<init>(63)) - Build channel for feab20ca-06d8-4da6-9078-da7af006e724
2023-03-09 15:00:00,334 [2041f563-0d32-4367-9889-6c4be41f3c5d@group-46A4DCB4A5D0-LeaderElection28] INFO  server.RaftServerConfigKeys (ConfUtils.java:logFallback(53)) - raft.server.rpc.first-election.timeout.min = 5s (fallback to raft.server.rpc.timeout.min)
2023-03-09 15:00:00,334 [2041f563-0d32-4367-9889-6c4be41f3c5d@group-46A4DCB4A5D0-LeaderElection28] INFO  server.RaftServerConfigKeys (ConfUtils.java:logFallback(53)) - raft.server.rpc.first-election.timeout.max = 5200ms (fallback to raft.server.rpc.timeout.max)
2023-03-09 15:00:00,334 [2041f563-0d32-4367-9889-6c4be41f3c5d@group-46A4DCB4A5D0-LeaderElection28-2] INFO  server.GrpcServerProtocolClient (GrpcServerProtocolClient.java:<init>(63)) - Build channel for 2e08ab99-21b9-413b-a3c3-42a884871cc4
2023-03-09 15:00:00,335 [2e08ab99-21b9-413b-a3c3-42a884871cc4@group-46A4DCB4A5D0-LeaderElection27] INFO  impl.LeaderElection (LeaderElection.java:logAndReturn(90)) - 2e08ab99-21b9-413b-a3c3-42a884871cc4@group-46A4DCB4A5D0-LeaderElection27: PRE_VOTE REJECTED received 1 response(s) and 0 exception(s):
2023-03-09 15:00:00,335 [2e08ab99-21b9-413b-a3c3-42a884871cc4@group-46A4DCB4A5D0-LeaderElection27] INFO  impl.LeaderElection (LeaderElection.java:logAndReturn(94)) -   Response 0: 2e08ab99-21b9-413b-a3c3-42a884871cc4<-2041f563-0d32-4367-9889-6c4be41f3c5d#0:FAIL-t0
2023-03-09 15:00:00,335 [2e08ab99-21b9-413b-a3c3-42a884871cc4@group-46A4DCB4A5D0-LeaderElection27] INFO  impl.LeaderElection (LeaderElection.java:askForVotes(314)) - 2e08ab99-21b9-413b-a3c3-42a884871cc4@group-46A4DCB4A5D0-LeaderElection27 PRE_VOTE round 0: result REJECTED
2023-03-09 15:00:00,335 [2e08ab99-21b9-413b-a3c3-42a884871cc4@group-46A4DCB4A5D0-LeaderElection27] INFO  server.RaftServer$Division (RaftServerImpl.java:setRole(321)) - 2e08ab99-21b9-413b-a3c3-42a884871cc4@group-46A4DCB4A5D0: changes role from CANDIDATE to FOLLOWER at term 0 for REJECTED
2023-03-09 15:00:00,335 [2e08ab99-21b9-413b-a3c3-42a884871cc4@group-46A4DCB4A5D0-LeaderElection27] INFO  impl.RoleInfo (RoleInfo.java:shutdownLeaderElection(130)) - 2e08ab99-21b9-413b-a3c3-42a884871cc4: shutdown 2e08ab99-21b9-413b-a3c3-42a884871cc4@group-46A4DCB4A5D0-LeaderElection27
2023-03-09 15:00:00,335 [2e08ab99-21b9-413b-a3c3-42a884871cc4@group-46A4DCB4A5D0-LeaderElection27] INFO  impl.RoleInfo (RoleInfo.java:updateAndGet(139)) - 2e08ab99-21b9-413b-a3c3-42a884871cc4: start 2e08ab99-21b9-413b-a3c3-42a884871cc4@group-46A4DCB4A5D0-FollowerState
2023-03-09 15:00:00,343 [grpc-default-executor-5] INFO  server.RaftServer$Division (RaftServerImpl.java:requestVote(1218)) - feab20ca-06d8-4da6-9078-da7af006e724@group-46A4DCB4A5D0: receive requestVote(PRE_VOTE, 2041f563-0d32-4367-9889-6c4be41f3c5d, group-46A4DCB4A5D0, 0, (t:0, i:0))
2023-03-09 15:00:00,345 [grpc-default-executor-5] INFO  impl.VoteContext (VoteContext.java:log(49)) - feab20ca-06d8-4da6-9078-da7af006e724@group-46A4DCB4A5D0-FOLLOWER: accept PRE_VOTE from 2041f563-0d32-4367-9889-6c4be41f3c5d: our priority 0 <= candidate's priority 1
2023-03-09 15:00:00,345 [grpc-default-executor-5] INFO  server.RaftServer$Division (RaftServerImpl.java:requestVote(1251)) - feab20ca-06d8-4da6-9078-da7af006e724@group-46A4DCB4A5D0 replies to PRE_VOTE vote request: 2041f563-0d32-4367-9889-6c4be41f3c5d<-feab20ca-06d8-4da6-9078-da7af006e724#0:OK-t0. Peer's state: feab20ca-06d8-4da6-9078-da7af006e724@group-46A4DCB4A5D0:t0, leader=null, voted=, raftlog=Memoized:feab20ca-06d8-4da6-9078-da7af006e724@group-46A4DCB4A5D0-SegmentedRaftLog:OPENED:c-1, conf=-1: peers:[feab20ca-06d8-4da6-9078-da7af006e724|rpc:127.0.0.1:45775|dataStream:127.0.0.1:42183|priority:0|startupRole:FOLLOWER, 2041f563-0d32-4367-9889-6c4be41f3c5d|rpc:127.0.0.1:35575|dataStream:127.0.0.1:40961|priority:1|startupRole:FOLLOWER, 2e08ab99-21b9-413b-a3c3-42a884871cc4|rpc:127.0.0.1:38561|dataStream:127.0.0.1:36339|priority:0|startupRole:FOLLOWER]|listeners:[], old=null
2023-03-09 15:00:00,346 [2e08ab99-21b9-413b-a3c3-42a884871cc4@group-46A4DCB4A5D0-FollowerState] INFO  server.RaftServerConfigKeys (ConfUtils.java:logFallback(53)) - raft.server.rpc.first-election.timeout.min = 5s (fallback to raft.server.rpc.timeout.min)
2023-03-09 15:00:00,346 [2e08ab99-21b9-413b-a3c3-42a884871cc4@group-46A4DCB4A5D0-FollowerState] INFO  server.RaftServerConfigKeys (ConfUtils.java:logFallback(53)) - raft.server.rpc.first-election.timeout.max = 5200ms (fallback to raft.server.rpc.timeout.max)
2023-03-09 15:00:00,351 [2041f563-0d32-4367-9889-6c4be41f3c5d@group-46A4DCB4A5D0-LeaderElection28] INFO  impl.LeaderElection (LeaderElection.java:logAndReturn(90)) - 2041f563-0d32-4367-9889-6c4be41f3c5d@group-46A4DCB4A5D0-LeaderElection28: PRE_VOTE PASSED received 1 response(s) and 0 exception(s):
2023-03-09 15:00:00,352 [2041f563-0d32-4367-9889-6c4be41f3c5d@group-46A4DCB4A5D0-LeaderElection28] INFO  impl.LeaderElection (LeaderElection.java:logAndReturn(94)) -   Response 0: 2041f563-0d32-4367-9889-6c4be41f3c5d<-feab20ca-06d8-4da6-9078-da7af006e724#0:OK-t0
2023-03-09 15:00:00,352 [2041f563-0d32-4367-9889-6c4be41f3c5d@group-46A4DCB4A5D0-LeaderElection28] INFO  impl.LeaderElection (LeaderElection.java:askForVotes(314)) - 2041f563-0d32-4367-9889-6c4be41f3c5d@group-46A4DCB4A5D0-LeaderElection28 PRE_VOTE round 0: result PASSED
2023-03-09 15:00:00,355 [grpc-default-executor-5] INFO  server.RaftServer$Division (RaftServerImpl.java:requestVote(1218)) - 2e08ab99-21b9-413b-a3c3-42a884871cc4@group-46A4DCB4A5D0: receive requestVote(PRE_VOTE, 2041f563-0d32-4367-9889-6c4be41f3c5d, group-46A4DCB4A5D0, 0, (t:0, i:0))
2023-03-09 15:00:00,355 [grpc-default-executor-5] INFO  impl.VoteContext (VoteContext.java:log(49)) - 2e08ab99-21b9-413b-a3c3-42a884871cc4@group-46A4DCB4A5D0-FOLLOWER: accept PRE_VOTE from 2041f563-0d32-4367-9889-6c4be41f3c5d: our priority 0 <= candidate's priority 1
2023-03-09 15:00:00,355 [grpc-default-executor-5] INFO  server.RaftServer$Division (RaftServerImpl.java:requestVote(1251)) - 2e08ab99-21b9-413b-a3c3-42a884871cc4@group-46A4DCB4A5D0 replies to PRE_VOTE vote request: 2041f563-0d32-4367-9889-6c4be41f3c5d<-2e08ab99-21b9-413b-a3c3-42a884871cc4#0:OK-t0. Peer's state: 2e08ab99-21b9-413b-a3c3-42a884871cc4@group-46A4DCB4A5D0:t0, leader=null, voted=, raftlog=Memoized:2e08ab99-21b9-413b-a3c3-42a884871cc4@group-46A4DCB4A5D0-SegmentedRaftLog:OPENED:c-1, conf=-1: peers:[feab20ca-06d8-4da6-9078-da7af006e724|rpc:127.0.0.1:45775|dataStream:127.0.0.1:42183|priority:0|startupRole:FOLLOWER, 2041f563-0d32-4367-9889-6c4be41f3c5d|rpc:127.0.0.1:35575|dataStream:127.0.0.1:40961|priority:1|startupRole:FOLLOWER, 2e08ab99-21b9-413b-a3c3-42a884871cc4|rpc:127.0.0.1:38561|dataStream:127.0.0.1:36339|priority:0|startupRole:FOLLOWER]|listeners:[], old=null
2023-03-09 15:00:00,359 [2041f563-0d32-4367-9889-6c4be41f3c5d@group-46A4DCB4A5D0-LeaderElection28] INFO  impl.LeaderElection (LeaderElection.java:askForVotes(312)) - 2041f563-0d32-4367-9889-6c4be41f3c5d@group-46A4DCB4A5D0-LeaderElection28 ELECTION round 0: submit vote requests at term 1 for -1: peers:[feab20ca-06d8-4da6-9078-da7af006e724|rpc:127.0.0.1:45775|dataStream:127.0.0.1:42183|priority:0|startupRole:FOLLOWER, 2041f563-0d32-4367-9889-6c4be41f3c5d|rpc:127.0.0.1:35575|dataStream:127.0.0.1:40961|priority:1|startupRole:FOLLOWER, 2e08ab99-21b9-413b-a3c3-42a884871cc4|rpc:127.0.0.1:38561|dataStream:127.0.0.1:36339|priority:0|startupRole:FOLLOWER]|listeners:[], old=null
2023-03-09 15:00:00,359 [2041f563-0d32-4367-9889-6c4be41f3c5d@group-46A4DCB4A5D0-LeaderElection28] INFO  server.RaftServerConfigKeys (ConfUtils.java:logFallback(53)) - raft.server.rpc.first-election.timeout.min = 5s (fallback to raft.server.rpc.timeout.min)
2023-03-09 15:00:00,360 [2041f563-0d32-4367-9889-6c4be41f3c5d@group-46A4DCB4A5D0-LeaderElection28] INFO  server.RaftServerConfigKeys (ConfUtils.java:logFallback(53)) - raft.server.rpc.first-election.timeout.max = 5200ms (fallback to raft.server.rpc.timeout.max)
2023-03-09 15:00:00,361 [grpc-default-executor-3] INFO  server.RaftServer$Division (RaftServerImpl.java:requestVote(1218)) - feab20ca-06d8-4da6-9078-da7af006e724@group-46A4DCB4A5D0: receive requestVote(ELECTION, 2041f563-0d32-4367-9889-6c4be41f3c5d, group-46A4DCB4A5D0, 1, (t:0, i:0))
2023-03-09 15:00:00,361 [grpc-default-executor-3] INFO  impl.VoteContext (VoteContext.java:log(49)) - feab20ca-06d8-4da6-9078-da7af006e724@group-46A4DCB4A5D0-FOLLOWER: accept ELECTION from 2041f563-0d32-4367-9889-6c4be41f3c5d: our priority 0 <= candidate's priority 1
2023-03-09 15:00:00,361 [grpc-default-executor-3] INFO  server.RaftServer$Division (RaftServerImpl.java:setRole(321)) - feab20ca-06d8-4da6-9078-da7af006e724@group-46A4DCB4A5D0: changes role from  FOLLOWER to FOLLOWER at term 1 for candidate:2041f563-0d32-4367-9889-6c4be41f3c5d
2023-03-09 15:00:00,361 [grpc-default-executor-3] INFO  impl.RoleInfo (RoleInfo.java:shutdownFollowerState(110)) - feab20ca-06d8-4da6-9078-da7af006e724: shutdown feab20ca-06d8-4da6-9078-da7af006e724@group-46A4DCB4A5D0-FollowerState
2023-03-09 15:00:00,361 [grpc-default-executor-3] INFO  impl.RoleInfo (RoleInfo.java:updateAndGet(139)) - feab20ca-06d8-4da6-9078-da7af006e724: start feab20ca-06d8-4da6-9078-da7af006e724@group-46A4DCB4A5D0-FollowerState
2023-03-09 15:00:00,362 [feab20ca-06d8-4da6-9078-da7af006e724@group-46A4DCB4A5D0-FollowerState] INFO  impl.FollowerState (FollowerState.java:run(152)) - feab20ca-06d8-4da6-9078-da7af006e724@group-46A4DCB4A5D0-FollowerState was interrupted
2023-03-09 15:00:00,363 [grpc-default-executor-5] INFO  server.RaftServer$Division (RaftServerImpl.java:requestVote(1218)) - 2e08ab99-21b9-413b-a3c3-42a884871cc4@group-46A4DCB4A5D0: receive requestVote(ELECTION, 2041f563-0d32-4367-9889-6c4be41f3c5d, group-46A4DCB4A5D0, 1, (t:0, i:0))
2023-03-09 15:00:00,363 [grpc-default-executor-5] INFO  impl.VoteContext (VoteContext.java:log(49)) - 2e08ab99-21b9-413b-a3c3-42a884871cc4@group-46A4DCB4A5D0-FOLLOWER: accept ELECTION from 2041f563-0d32-4367-9889-6c4be41f3c5d: our priority 0 <= candidate's priority 1
2023-03-09 15:00:00,363 [grpc-default-executor-5] INFO  server.RaftServer$Division (RaftServerImpl.java:setRole(321)) - 2e08ab99-21b9-413b-a3c3-42a884871cc4@group-46A4DCB4A5D0: changes role from  FOLLOWER to FOLLOWER at term 1 for candidate:2041f563-0d32-4367-9889-6c4be41f3c5d
2023-03-09 15:00:00,363 [grpc-default-executor-5] INFO  impl.RoleInfo (RoleInfo.java:shutdownFollowerState(110)) - 2e08ab99-21b9-413b-a3c3-42a884871cc4: shutdown 2e08ab99-21b9-413b-a3c3-42a884871cc4@group-46A4DCB4A5D0-FollowerState
2023-03-09 15:00:00,363 [grpc-default-executor-5] INFO  impl.RoleInfo (RoleInfo.java:updateAndGet(139)) - 2e08ab99-21b9-413b-a3c3-42a884871cc4: start 2e08ab99-21b9-413b-a3c3-42a884871cc4@group-46A4DCB4A5D0-FollowerState
2023-03-09 15:00:00,363 [2e08ab99-21b9-413b-a3c3-42a884871cc4@group-46A4DCB4A5D0-FollowerState] INFO  impl.FollowerState (FollowerState.java:run(152)) - 2e08ab99-21b9-413b-a3c3-42a884871cc4@group-46A4DCB4A5D0-FollowerState was interrupted
2023-03-09 15:00:00,367 [2e08ab99-21b9-413b-a3c3-42a884871cc4@group-46A4DCB4A5D0-FollowerState] INFO  server.RaftServerConfigKeys (ConfUtils.java:logFallback(53)) - raft.server.rpc.first-election.timeout.min = 5s (fallback to raft.server.rpc.timeout.min)
2023-03-09 15:00:00,367 [2e08ab99-21b9-413b-a3c3-42a884871cc4@group-46A4DCB4A5D0-FollowerState] INFO  server.RaftServerConfigKeys (ConfUtils.java:logFallback(53)) - raft.server.rpc.first-election.timeout.max = 5200ms (fallback to raft.server.rpc.timeout.max)
2023-03-09 15:00:00,368 [grpc-default-executor-5] INFO  server.RaftServer$Division (RaftServerImpl.java:requestVote(1251)) - 2e08ab99-21b9-413b-a3c3-42a884871cc4@group-46A4DCB4A5D0 replies to ELECTION vote request: 2041f563-0d32-4367-9889-6c4be41f3c5d<-2e08ab99-21b9-413b-a3c3-42a884871cc4#0:OK-t1. Peer's state: 2e08ab99-21b9-413b-a3c3-42a884871cc4@group-46A4DCB4A5D0:t1, leader=null, voted=2041f563-0d32-4367-9889-6c4be41f3c5d, raftlog=Memoized:2e08ab99-21b9-413b-a3c3-42a884871cc4@group-46A4DCB4A5D0-SegmentedRaftLog:OPENED:c-1, conf=-1: peers:[feab20ca-06d8-4da6-9078-da7af006e724|rpc:127.0.0.1:45775|dataStream:127.0.0.1:42183|priority:0|startupRole:FOLLOWER, 2041f563-0d32-4367-9889-6c4be41f3c5d|rpc:127.0.0.1:35575|dataStream:127.0.0.1:40961|priority:1|startupRole:FOLLOWER, 2e08ab99-21b9-413b-a3c3-42a884871cc4|rpc:127.0.0.1:38561|dataStream:127.0.0.1:36339|priority:0|startupRole:FOLLOWER]|listeners:[], old=null
2023-03-09 15:00:00,369 [2041f563-0d32-4367-9889-6c4be41f3c5d@group-46A4DCB4A5D0-LeaderElection28] INFO  impl.LeaderElection (LeaderElection.java:logAndReturn(90)) - 2041f563-0d32-4367-9889-6c4be41f3c5d@group-46A4DCB4A5D0-LeaderElection28: ELECTION PASSED received 1 response(s) and 0 exception(s):
2023-03-09 15:00:00,369 [2041f563-0d32-4367-9889-6c4be41f3c5d@group-46A4DCB4A5D0-LeaderElection28] INFO  impl.LeaderElection (LeaderElection.java:logAndReturn(94)) -   Response 0: 2041f563-0d32-4367-9889-6c4be41f3c5d<-2e08ab99-21b9-413b-a3c3-42a884871cc4#0:OK-t1
2023-03-09 15:00:00,369 [2041f563-0d32-4367-9889-6c4be41f3c5d@group-46A4DCB4A5D0-LeaderElection28] INFO  impl.LeaderElection (LeaderElection.java:askForVotes(314)) - 2041f563-0d32-4367-9889-6c4be41f3c5d@group-46A4DCB4A5D0-LeaderElection28 ELECTION round 0: result PASSED
2023-03-09 15:00:00,369 [2041f563-0d32-4367-9889-6c4be41f3c5d@group-46A4DCB4A5D0-LeaderElection28] INFO  impl.RoleInfo (RoleInfo.java:shutdownLeaderElection(130)) - 2041f563-0d32-4367-9889-6c4be41f3c5d: shutdown 2041f563-0d32-4367-9889-6c4be41f3c5d@group-46A4DCB4A5D0-LeaderElection28
2023-03-09 15:00:00,369 [2041f563-0d32-4367-9889-6c4be41f3c5d@group-46A4DCB4A5D0-LeaderElection28] INFO  server.RaftServer$Division (RaftServerImpl.java:setRole(321)) - 2041f563-0d32-4367-9889-6c4be41f3c5d@group-46A4DCB4A5D0: changes role from CANDIDATE to LEADER at term 1 for changeToLeader
2023-03-09 15:00:00,369 [2041f563-0d32-4367-9889-6c4be41f3c5d@group-46A4DCB4A5D0-LeaderElection28] INFO  ratis.XceiverServerRatis (XceiverServerRatis.java:handleLeaderChangedNotification(905)) - Leader change notification received for group: group-46A4DCB4A5D0 with new leaderId: 2041f563-0d32-4367-9889-6c4be41f3c5d
2023-03-09 15:00:00,369 [2041f563-0d32-4367-9889-6c4be41f3c5d@group-46A4DCB4A5D0-LeaderElection28] INFO  server.RaftServer$Division (ServerState.java:setLeader(313)) - 2041f563-0d32-4367-9889-6c4be41f3c5d@group-46A4DCB4A5D0: change Leader from null to 2041f563-0d32-4367-9889-6c4be41f3c5d at term 1 for becomeLeader, leader elected after 5096ms
2023-03-09 15:00:00,369 [2041f563-0d32-4367-9889-6c4be41f3c5d@group-46A4DCB4A5D0-LeaderElection28] INFO  server.RaftServerConfigKeys (ConfUtils.java:logGet(46)) - raft.server.staging.catchup.gap = 1000 (default)
2023-03-09 15:00:00,370 [2041f563-0d32-4367-9889-6c4be41f3c5d@group-46A4DCB4A5D0-LeaderElection28] INFO  server.RaftServerConfigKeys (ConfUtils.java:logGet(46)) - raft.server.write.element-limit = 1024 (custom)
2023-03-09 15:00:00,370 [2041f563-0d32-4367-9889-6c4be41f3c5d@group-46A4DCB4A5D0-LeaderElection28] INFO  server.RaftServerConfigKeys (ConfUtils.java:logGet(46)) - raft.server.write.byte-limit = 1024 M (=1073741824) (custom)
2023-03-09 15:00:00,370 [2041f563-0d32-4367-9889-6c4be41f3c5d@group-46A4DCB4A5D0-LeaderElection28] INFO  server.RaftServerConfigKeys (ConfUtils.java:logGet(46)) - raft.server.watch.timeout = 180s (custom)
2023-03-09 15:00:00,370 [2041f563-0d32-4367-9889-6c4be41f3c5d@group-46A4DCB4A5D0-LeaderElection28] INFO  server.RaftServerConfigKeys (ConfUtils.java:logGet(46)) - raft.server.watch.timeout.denomination = 1s (default)
2023-03-09 15:00:00,370 [2041f563-0d32-4367-9889-6c4be41f3c5d@group-46A4DCB4A5D0-LeaderElection28] INFO  server.RaftServerConfigKeys (ConfUtils.java:logGet(46)) - raft.server.watch.element-limit = 65536 (default)
2023-03-09 15:00:00,370 [2041f563-0d32-4367-9889-6c4be41f3c5d@group-46A4DCB4A5D0-LeaderElection28] INFO  server.RaftServerConfigKeys (ConfUtils.java:logGet(46)) - raft.server.write.element-limit = 1024 (custom)
2023-03-09 15:00:00,370 [2041f563-0d32-4367-9889-6c4be41f3c5d@group-46A4DCB4A5D0-LeaderElection28] INFO  server.RaftServerConfigKeys (ConfUtils.java:logGet(46)) - raft.server.write.follower.gap.ratio.max = -1.0 (default)
2023-03-09 15:00:00,371 [2041f563-0d32-4367-9889-6c4be41f3c5d@group-46A4DCB4A5D0-LeaderElection28] INFO  server.RaftServerConfigKeys (ConfUtils.java:logGet(46)) - raft.server.log.appender.snapshot.chunk.size.max = 16MB (=16777216) (default)
2023-03-09 15:00:00,371 [2041f563-0d32-4367-9889-6c4be41f3c5d@group-46A4DCB4A5D0-LeaderElection28] INFO  server.RaftServerConfigKeys (ConfUtils.java:logGet(46)) - raft.server.log.appender.buffer.byte-limit = 33554432 (custom)
2023-03-09 15:00:00,371 [2041f563-0d32-4367-9889-6c4be41f3c5d@group-46A4DCB4A5D0-LeaderElection28] INFO  server.RaftServerConfigKeys (ConfUtils.java:logGet(46)) - raft.server.log.appender.buffer.element-limit = 1 (custom)
2023-03-09 15:00:00,371 [2041f563-0d32-4367-9889-6c4be41f3c5d@group-46A4DCB4A5D0-LeaderElection28] INFO  grpc.GrpcConfigKeys (ConfUtils.java:logGet(46)) - raft.grpc.server.leader.outstanding.appends.max = 128 (default)
2023-03-09 15:00:00,371 [2041f563-0d32-4367-9889-6c4be41f3c5d@group-46A4DCB4A5D0-LeaderElection28] INFO  server.RaftServerConfigKeys (ConfUtils.java:logGet(46)) - raft.server.rpc.request.timeout = 60s (custom)
2023-03-09 15:00:00,371 [2041f563-0d32-4367-9889-6c4be41f3c5d@group-46A4DCB4A5D0-LeaderElection28] INFO  server.RaftServerConfigKeys (ConfUtils.java:logGet(46)) - raft.server.log.appender.install.snapshot.enabled = false (custom)
2023-03-09 15:00:00,374 [2041f563-0d32-4367-9889-6c4be41f3c5d@group-46A4DCB4A5D0-LeaderElection28] INFO  grpc.GrpcConfigKeys (ConfUtils.java:logGet(46)) - raft.grpc.server.heartbeat.channel = true (default)
2023-03-09 15:00:00,374 [2041f563-0d32-4367-9889-6c4be41f3c5d@group-46A4DCB4A5D0-LeaderElection28] INFO  server.RaftServerConfigKeys (ConfUtils.java:logGet(46)) - raft.server.log.appender.wait-time.min = 10ms (default)
2023-03-09 15:00:00,374 [grpc-default-executor-3] INFO  server.RaftServer$Division (RaftServerImpl.java:requestVote(1251)) - feab20ca-06d8-4da6-9078-da7af006e724@group-46A4DCB4A5D0 replies to ELECTION vote request: 2041f563-0d32-4367-9889-6c4be41f3c5d<-feab20ca-06d8-4da6-9078-da7af006e724#0:OK-t1. Peer's state: feab20ca-06d8-4da6-9078-da7af006e724@group-46A4DCB4A5D0:t1, leader=null, voted=2041f563-0d32-4367-9889-6c4be41f3c5d, raftlog=Memoized:feab20ca-06d8-4da6-9078-da7af006e724@group-46A4DCB4A5D0-SegmentedRaftLog:OPENED:c-1, conf=-1: peers:[feab20ca-06d8-4da6-9078-da7af006e724|rpc:127.0.0.1:45775|dataStream:127.0.0.1:42183|priority:0|startupRole:FOLLOWER, 2041f563-0d32-4367-9889-6c4be41f3c5d|rpc:127.0.0.1:35575|dataStream:127.0.0.1:40961|priority:1|startupRole:FOLLOWER, 2e08ab99-21b9-413b-a3c3-42a884871cc4|rpc:127.0.0.1:38561|dataStream:127.0.0.1:36339|priority:0|startupRole:FOLLOWER]|listeners:[], old=null
2023-03-09 15:00:00,375 [feab20ca-06d8-4da6-9078-da7af006e724@group-46A4DCB4A5D0-FollowerState] INFO  server.RaftServerConfigKeys (ConfUtils.java:logFallback(53)) - raft.server.rpc.first-election.timeout.min = 5s (fallback to raft.server.rpc.timeout.min)
2023-03-09 15:00:00,375 [feab20ca-06d8-4da6-9078-da7af006e724@group-46A4DCB4A5D0-FollowerState] INFO  server.RaftServerConfigKeys (ConfUtils.java:logFallback(53)) - raft.server.rpc.first-election.timeout.max = 5200ms (fallback to raft.server.rpc.timeout.max)
2023-03-09 15:00:00,376 [EventQueue-PipelineReportForPipelineReportHandler] INFO  pipeline.PipelineManagerImpl (PipelineManagerImpl.java:openPipeline(367)) - Pipeline Pipeline[ Id: faff28c6-d6df-4147-b59d-46a4dcb4a5d0, Nodes: 2041f563-0d32-4367-9889-6c4be41f3c5d(localhost/127.0.0.1)2e08ab99-21b9-413b-a3c3-42a884871cc4(localhost/127.0.0.1)feab20ca-06d8-4da6-9078-da7af006e724(localhost/127.0.0.1), ReplicationConfig: RATIS/THREE, State:ALLOCATED, leaderId:2041f563-0d32-4367-9889-6c4be41f3c5d, CreationTimestamp2023-03-09T14:59:53.019Z[Etc/UTC]] moved to OPEN state
2023-03-09 15:00:00,377 [EventQueue-OpenPipelineForHealthyPipelineSafeModeRule] INFO  safemode.SCMSafeModeManager (HealthyPipelineSafeModeRule.java:process(137)) - SCM in safe mode. Healthy pipelines reported count is 0, required healthy pipeline reported count is 1
2023-03-09 15:00:00,377 [2041f563-0d32-4367-9889-6c4be41f3c5d@group-46A4DCB4A5D0-LeaderElection28] INFO  server.RaftServerConfigKeys (ConfUtils.java:logGet(46)) - raft.server.log.appender.snapshot.chunk.size.max = 16MB (=16777216) (default)
2023-03-09 15:00:00,377 [2041f563-0d32-4367-9889-6c4be41f3c5d@group-46A4DCB4A5D0-LeaderElection28] INFO  server.RaftServerConfigKeys (ConfUtils.java:logGet(46)) - raft.server.log.appender.buffer.byte-limit = 33554432 (custom)
2023-03-09 15:00:00,378 [2041f563-0d32-4367-9889-6c4be41f3c5d@group-46A4DCB4A5D0-LeaderElection28] INFO  server.RaftServerConfigKeys (ConfUtils.java:logGet(46)) - raft.server.log.appender.buffer.element-limit = 1 (custom)
2023-03-09 15:00:00,378 [2041f563-0d32-4367-9889-6c4be41f3c5d@group-46A4DCB4A5D0-LeaderElection28] INFO  grpc.GrpcConfigKeys (ConfUtils.java:logGet(46)) - raft.grpc.server.leader.outstanding.appends.max = 128 (default)
2023-03-09 15:00:00,378 [2041f563-0d32-4367-9889-6c4be41f3c5d@group-46A4DCB4A5D0-LeaderElection28] INFO  server.RaftServerConfigKeys (ConfUtils.java:logGet(46)) - raft.server.rpc.request.timeout = 60s (custom)
2023-03-09 15:00:00,378 [2041f563-0d32-4367-9889-6c4be41f3c5d@group-46A4DCB4A5D0-LeaderElection28] INFO  server.RaftServerConfigKeys (ConfUtils.java:logGet(46)) - raft.server.log.appender.install.snapshot.enabled = false (custom)
2023-03-09 15:00:00,378 [2041f563-0d32-4367-9889-6c4be41f3c5d@group-46A4DCB4A5D0-LeaderElection28] INFO  grpc.GrpcConfigKeys (ConfUtils.java:logGet(46)) - raft.grpc.server.heartbeat.channel = true (default)
2023-03-09 15:00:00,378 [2041f563-0d32-4367-9889-6c4be41f3c5d@group-46A4DCB4A5D0-LeaderElection28] INFO  server.RaftServerConfigKeys (ConfUtils.java:logGet(46)) - raft.server.log.appender.wait-time.min = 10ms (default)
2023-03-09 15:00:00,378 [2041f563-0d32-4367-9889-6c4be41f3c5d@group-46A4DCB4A5D0-LeaderElection28] INFO  impl.RoleInfo (RoleInfo.java:updateAndGet(139)) - 2041f563-0d32-4367-9889-6c4be41f3c5d: start 2041f563-0d32-4367-9889-6c4be41f3c5d@group-46A4DCB4A5D0-LeaderStateImpl
2023-03-09 15:00:00,378 [94489f6d-fe79-40fc-acb2-36e6df399f83@group-C4684E36AC53-StateMachineUpdater] INFO  safemode.HealthyPipelineSafeModeRule (HealthyPipelineSafeModeRule.java:initializeRule(165)) - Refreshed total pipeline count is 1, healthy pipeline threshold count is 1
2023-03-09 15:00:00,378 [2041f563-0d32-4367-9889-6c4be41f3c5d@group-46A4DCB4A5D0-LeaderElection28] INFO  segmented.SegmentedRaftLogWorker (SegmentedRaftLogWorker.java:startLogSegment(452)) - 2041f563-0d32-4367-9889-6c4be41f3c5d@group-46A4DCB4A5D0-SegmentedRaftLogWorker: Starting segment from index:0
2023-03-09 15:00:00,379 [EventQueue-OpenPipelineForHealthyPipelineSafeModeRule] INFO  safemode.SCMSafeModeManager (HealthyPipelineSafeModeRule.java:process(137)) - SCM in safe mode. Healthy pipelines reported count is 1, required healthy pipeline reported count is 1
2023-03-09 15:00:00,379 [EventQueue-OpenPipelineForHealthyPipelineSafeModeRule] INFO  safemode.SCMSafeModeManager (SCMSafeModeManager.java:validateSafeModeExitRules(200)) - HealthyPipelineSafeModeRule rule is successfully validated
2023-03-09 15:00:00,379 [EventQueue-OpenPipelineForHealthyPipelineSafeModeRule] INFO  safemode.SCMSafeModeManager (SCMSafeModeManager.java:validateSafeModeExitRules(215)) - ScmSafeModeManager, all rules are successfully validated
2023-03-09 15:00:00,379 [EventQueue-OpenPipelineForHealthyPipelineSafeModeRule] INFO  safemode.SCMSafeModeManager (SCMSafeModeManager.java:exitSafeMode(244)) - SCM exiting safe mode.
2023-03-09 15:00:00,379 [EventQueue-OpenPipelineForHealthyPipelineSafeModeRule] INFO  ha.SCMContext (SCMContext.java:updateSafeModeStatus(228)) - Update SafeModeStatus from SafeModeStatus{safeModeStatus=true, preCheckPassed=true} to SafeModeStatus{safeModeStatus=false, preCheckPassed=true}.
2023-03-09 15:00:00,379 [EventQueue-OpenPipelineForHealthyPipelineSafeModeRule] INFO  BackgroundPipelineScrubber (BackgroundSCMService.java:notifyStatusChanged(82)) - Service BackgroundPipelineScrubber transitions to RUNNING.
2023-03-09 15:00:00,379 [EventQueue-OpenPipelineForHealthyPipelineSafeModeRule] INFO  ExpiredContainerReplicaOpScrubber (BackgroundSCMService.java:notifyStatusChanged(82)) - Service ExpiredContainerReplicaOpScrubber transitions to RUNNING.
2023-03-09 15:00:00,379 [EventQueue-OpenPipelineForHealthyPipelineSafeModeRule] INFO  replication.ReplicationManager (ReplicationManager.java:notifyStatusChanged(1085)) - Service ReplicationManager transitions to RUNNING.
2023-03-09 15:00:00,379 [EventQueue-OpenPipelineForHealthyPipelineSafeModeRule] WARN  balancer.ContainerBalancer (ContainerBalancer.java:shouldRun(131)) - Could not find persisted configuration for ContainerBalancer when checking if ContainerBalancer should run. ContainerBalancer should not run now.
2023-03-09 15:00:00,380 [2041f563-0d32-4367-9889-6c4be41f3c5d@group-46A4DCB4A5D0-SegmentedRaftLogWorker] INFO  segmented.SegmentedRaftLogWorker (SegmentedRaftLogWorker.java:execute(656)) - 2041f563-0d32-4367-9889-6c4be41f3c5d@group-46A4DCB4A5D0-SegmentedRaftLogWorker: created new log segment /home/runner/work/ozone/ozone/hadoop-ozone/integration-test/target/test-dir/MiniOzoneClusterImpl-0be2ff2d-c2a8-4ed5-ac17-c4684e36ac53/datanode-1/data/ratis/faff28c6-d6df-4147-b59d-46a4dcb4a5d0/current/log_inprogress_0
2023-03-09 15:00:00,384 [2041f563-0d32-4367-9889-6c4be41f3c5d@group-46A4DCB4A5D0-LeaderElection28] INFO  server.RaftServer$Division (ServerState.java:setRaftConf(430)) - 2041f563-0d32-4367-9889-6c4be41f3c5d@group-46A4DCB4A5D0: set configuration 0: peers:[feab20ca-06d8-4da6-9078-da7af006e724|rpc:127.0.0.1:45775|dataStream:127.0.0.1:42183|priority:0|startupRole:FOLLOWER, 2041f563-0d32-4367-9889-6c4be41f3c5d|rpc:127.0.0.1:35575|dataStream:127.0.0.1:40961|priority:1|startupRole:FOLLOWER, 2e08ab99-21b9-413b-a3c3-42a884871cc4|rpc:127.0.0.1:38561|dataStream:127.0.0.1:36339|priority:0|startupRole:FOLLOWER]|listeners:[], old=null
2023-03-09 15:00:00,399 [feab20ca-06d8-4da6-9078-da7af006e724-server-thread1] INFO  ratis.XceiverServerRatis (XceiverServerRatis.java:handleLeaderChangedNotification(905)) - Leader change notification received for group: group-46A4DCB4A5D0 with new leaderId: 2041f563-0d32-4367-9889-6c4be41f3c5d
2023-03-09 15:00:00,399 [feab20ca-06d8-4da6-9078-da7af006e724-server-thread1] INFO  server.RaftServer$Division (ServerState.java:setLeader(313)) - feab20ca-06d8-4da6-9078-da7af006e724@group-46A4DCB4A5D0: change Leader from null to 2041f563-0d32-4367-9889-6c4be41f3c5d at term 1 for appendEntries, leader elected after 5074ms
2023-03-09 15:00:00,406 [feab20ca-06d8-4da6-9078-da7af006e724-server-thread2] INFO  server.RaftServer$Division (ServerState.java:setRaftConf(430)) - feab20ca-06d8-4da6-9078-da7af006e724@group-46A4DCB4A5D0: set configuration 0: peers:[feab20ca-06d8-4da6-9078-da7af006e724|rpc:127.0.0.1:45775|dataStream:127.0.0.1:42183|priority:0|startupRole:FOLLOWER, 2041f563-0d32-4367-9889-6c4be41f3c5d|rpc:127.0.0.1:35575|dataStream:127.0.0.1:40961|priority:1|startupRole:FOLLOWER, 2e08ab99-21b9-413b-a3c3-42a884871cc4|rpc:127.0.0.1:38561|dataStream:127.0.0.1:36339|priority:0|startupRole:FOLLOWER]|listeners:[], old=null
2023-03-09 15:00:00,407 [feab20ca-06d8-4da6-9078-da7af006e724-server-thread2] INFO  segmented.SegmentedRaftLogWorker (SegmentedRaftLogWorker.java:startLogSegment(452)) - feab20ca-06d8-4da6-9078-da7af006e724@group-46A4DCB4A5D0-SegmentedRaftLogWorker: Starting segment from index:0
2023-03-09 15:00:00,412 [feab20ca-06d8-4da6-9078-da7af006e724@group-46A4DCB4A5D0-SegmentedRaftLogWorker] INFO  segmented.SegmentedRaftLogWorker (SegmentedRaftLogWorker.java:execute(656)) - feab20ca-06d8-4da6-9078-da7af006e724@group-46A4DCB4A5D0-SegmentedRaftLogWorker: created new log segment /home/runner/work/ozone/ozone/hadoop-ozone/integration-test/target/test-dir/MiniOzoneClusterImpl-0be2ff2d-c2a8-4ed5-ac17-c4684e36ac53/datanode-2/data/ratis/faff28c6-d6df-4147-b59d-46a4dcb4a5d0/current/log_inprogress_0
2023-03-09 15:00:00,414 [2e08ab99-21b9-413b-a3c3-42a884871cc4-server-thread1] INFO  ratis.XceiverServerRatis (XceiverServerRatis.java:handleLeaderChangedNotification(905)) - Leader change notification received for group: group-46A4DCB4A5D0 with new leaderId: 2041f563-0d32-4367-9889-6c4be41f3c5d
2023-03-09 15:00:00,414 [2e08ab99-21b9-413b-a3c3-42a884871cc4-server-thread1] INFO  server.RaftServer$Division (ServerState.java:setLeader(313)) - 2e08ab99-21b9-413b-a3c3-42a884871cc4@group-46A4DCB4A5D0: change Leader from null to 2041f563-0d32-4367-9889-6c4be41f3c5d at term 1 for appendEntries, leader elected after 5205ms
2023-03-09 15:00:00,419 [2e08ab99-21b9-413b-a3c3-42a884871cc4-server-thread2] INFO  server.RaftServer$Division (ServerState.java:setRaftConf(430)) - 2e08ab99-21b9-413b-a3c3-42a884871cc4@group-46A4DCB4A5D0: set configuration 0: peers:[feab20ca-06d8-4da6-9078-da7af006e724|rpc:127.0.0.1:45775|dataStream:127.0.0.1:42183|priority:0|startupRole:FOLLOWER, 2041f563-0d32-4367-9889-6c4be41f3c5d|rpc:127.0.0.1:35575|dataStream:127.0.0.1:40961|priority:1|startupRole:FOLLOWER, 2e08ab99-21b9-413b-a3c3-42a884871cc4|rpc:127.0.0.1:38561|dataStream:127.0.0.1:36339|priority:0|startupRole:FOLLOWER]|listeners:[], old=null
2023-03-09 15:00:00,420 [2e08ab99-21b9-413b-a3c3-42a884871cc4-server-thread2] INFO  segmented.SegmentedRaftLogWorker (SegmentedRaftLogWorker.java:startLogSegment(452)) - 2e08ab99-21b9-413b-a3c3-42a884871cc4@group-46A4DCB4A5D0-SegmentedRaftLogWorker: Starting segment from index:0
2023-03-09 15:00:00,423 [2e08ab99-21b9-413b-a3c3-42a884871cc4@group-46A4DCB4A5D0-SegmentedRaftLogWorker] INFO  segmented.SegmentedRaftLogWorker (SegmentedRaftLogWorker.java:execute(656)) - 2e08ab99-21b9-413b-a3c3-42a884871cc4@group-46A4DCB4A5D0-SegmentedRaftLogWorker: created new log segment /home/runner/work/ozone/ozone/hadoop-ozone/integration-test/target/test-dir/MiniOzoneClusterImpl-0be2ff2d-c2a8-4ed5-ac17-c4684e36ac53/datanode-0/data/ratis/faff28c6-d6df-4147-b59d-46a4dcb4a5d0/current/log_inprogress_0
2023-03-09 15:00:00,611 [2e08ab99-21b9-413b-a3c3-42a884871cc4@group-520440AA15DD-FollowerState] INFO  impl.FollowerState (FollowerState.java:run(143)) - 2e08ab99-21b9-413b-a3c3-42a884871cc4@group-520440AA15DD-FollowerState: change to CANDIDATE, lastRpcElapsedTime:5137169785ns, electionTimeout:5135ms
2023-03-09 15:00:00,611 [2041f563-0d32-4367-9889-6c4be41f3c5d@group-520440AA15DD-FollowerState] INFO  impl.FollowerState (FollowerState.java:run(143)) - 2041f563-0d32-4367-9889-6c4be41f3c5d@group-520440AA15DD-FollowerState: change to CANDIDATE, lastRpcElapsedTime:5088822247ns, electionTimeout:5084ms
2023-03-09 15:00:00,611 [2e08ab99-21b9-413b-a3c3-42a884871cc4@group-520440AA15DD-FollowerState] INFO  impl.RoleInfo (RoleInfo.java:shutdownFollowerState(110)) - 2e08ab99-21b9-413b-a3c3-42a884871cc4: shutdown 2e08ab99-21b9-413b-a3c3-42a884871cc4@group-520440AA15DD-FollowerState
2023-03-09 15:00:00,611 [2041f563-0d32-4367-9889-6c4be41f3c5d@group-520440AA15DD-FollowerState] INFO  impl.RoleInfo (RoleInfo.java:shutdownFollowerState(110)) - 2041f563-0d32-4367-9889-6c4be41f3c5d: shutdown 2041f563-0d32-4367-9889-6c4be41f3c5d@group-520440AA15DD-FollowerState
2023-03-09 15:00:00,612 [2e08ab99-21b9-413b-a3c3-42a884871cc4@group-520440AA15DD-FollowerState] INFO  server.RaftServer$Division (RaftServerImpl.java:setRole(321)) - 2e08ab99-21b9-413b-a3c3-42a884871cc4@group-520440AA15DD: changes role from  FOLLOWER to CANDIDATE at term 0 for changeToCandidate
2023-03-09 15:00:00,612 [2041f563-0d32-4367-9889-6c4be41f3c5d@group-520440AA15DD-FollowerState] INFO  server.RaftServer$Division (RaftServerImpl.java:setRole(321)) - 2041f563-0d32-4367-9889-6c4be41f3c5d@group-520440AA15DD: changes role from  FOLLOWER to CANDIDATE at term 0 for changeToCandidate
2023-03-09 15:00:00,612 [2e08ab99-21b9-413b-a3c3-42a884871cc4@group-520440AA15DD-FollowerState] INFO  server.RaftServerConfigKeys (ConfUtils.java:logGet(46)) - raft.server.leaderelection.pre-vote = true (default)
2023-03-09 15:00:00,612 [2041f563-0d32-4367-9889-6c4be41f3c5d@group-520440AA15DD-FollowerState] INFO  server.RaftServerConfigKeys (ConfUtils.java:logGet(46)) - raft.server.leaderelection.pre-vote = true (default)
2023-03-09 15:00:00,612 [2041f563-0d32-4367-9889-6c4be41f3c5d@group-520440AA15DD-FollowerState] INFO  impl.RoleInfo (RoleInfo.java:updateAndGet(139)) - 2041f563-0d32-4367-9889-6c4be41f3c5d: start 2041f563-0d32-4367-9889-6c4be41f3c5d@group-520440AA15DD-LeaderElection30
2023-03-09 15:00:00,612 [2e08ab99-21b9-413b-a3c3-42a884871cc4@group-520440AA15DD-FollowerState] INFO  impl.RoleInfo (RoleInfo.java:updateAndGet(139)) - 2e08ab99-21b9-413b-a3c3-42a884871cc4: start 2e08ab99-21b9-413b-a3c3-42a884871cc4@group-520440AA15DD-LeaderElection29
2023-03-09 15:00:00,622 [2041f563-0d32-4367-9889-6c4be41f3c5d@group-520440AA15DD-LeaderElection30] INFO  impl.LeaderElection (LeaderElection.java:askForVotes(312)) - 2041f563-0d32-4367-9889-6c4be41f3c5d@group-520440AA15DD-LeaderElection30 PRE_VOTE round 0: submit vote requests at term 0 for -1: peers:[feab20ca-06d8-4da6-9078-da7af006e724|rpc:127.0.0.1:45775|dataStream:127.0.0.1:42183|priority:0|startupRole:FOLLOWER, 2041f563-0d32-4367-9889-6c4be41f3c5d|rpc:127.0.0.1:35575|dataStream:127.0.0.1:40961|priority:0|startupRole:FOLLOWER, 2e08ab99-21b9-413b-a3c3-42a884871cc4|rpc:127.0.0.1:38561|dataStream:127.0.0.1:36339|priority:1|startupRole:FOLLOWER]|listeners:[], old=null
2023-03-09 15:00:00,622 [2e08ab99-21b9-413b-a3c3-42a884871cc4@group-520440AA15DD-LeaderElection29] INFO  impl.LeaderElection (LeaderElection.java:askForVotes(312)) - 2e08ab99-21b9-413b-a3c3-42a884871cc4@group-520440AA15DD-LeaderElection29 PRE_VOTE round 0: submit vote requests at term 0 for -1: peers:[feab20ca-06d8-4da6-9078-da7af006e724|rpc:127.0.0.1:45775|dataStream:127.0.0.1:42183|priority:0|startupRole:FOLLOWER, 2041f563-0d32-4367-9889-6c4be41f3c5d|rpc:127.0.0.1:35575|dataStream:127.0.0.1:40961|priority:0|startupRole:FOLLOWER, 2e08ab99-21b9-413b-a3c3-42a884871cc4|rpc:127.0.0.1:38561|dataStream:127.0.0.1:36339|priority:1|startupRole:FOLLOWER]|listeners:[], old=null
2023-03-09 15:00:00,625 [2041f563-0d32-4367-9889-6c4be41f3c5d@group-520440AA15DD-LeaderElection30] INFO  server.RaftServerConfigKeys (ConfUtils.java:logFallback(53)) - raft.server.rpc.first-election.timeout.min = 5s (fallback to raft.server.rpc.timeout.min)
2023-03-09 15:00:00,625 [2041f563-0d32-4367-9889-6c4be41f3c5d@group-520440AA15DD-LeaderElection30] INFO  server.RaftServerConfigKeys (ConfUtils.java:logFallback(53)) - raft.server.rpc.first-election.timeout.max = 5200ms (fallback to raft.server.rpc.timeout.max)
2023-03-09 15:00:00,626 [grpc-default-executor-1] INFO  server.RaftServer$Division (RaftServerImpl.java:requestVote(1218)) - feab20ca-06d8-4da6-9078-da7af006e724@group-520440AA15DD: receive requestVote(PRE_VOTE, 2e08ab99-21b9-413b-a3c3-42a884871cc4, group-520440AA15DD, 0, (t:0, i:0))
2023-03-09 15:00:00,627 [grpc-default-executor-1] INFO  impl.VoteContext (VoteContext.java:log(49)) - feab20ca-06d8-4da6-9078-da7af006e724@group-520440AA15DD-FOLLOWER: accept PRE_VOTE from 2e08ab99-21b9-413b-a3c3-42a884871cc4: our priority 0 <= candidate's priority 1
2023-03-09 15:00:00,627 [grpc-default-executor-1] INFO  server.RaftServer$Division (RaftServerImpl.java:requestVote(1251)) - feab20ca-06d8-4da6-9078-da7af006e724@group-520440AA15DD replies to PRE_VOTE vote request: 2e08ab99-21b9-413b-a3c3-42a884871cc4<-feab20ca-06d8-4da6-9078-da7af006e724#0:OK-t0. Peer's state: feab20ca-06d8-4da6-9078-da7af006e724@group-520440AA15DD:t0, leader=null, voted=, raftlog=Memoized:feab20ca-06d8-4da6-9078-da7af006e724@group-520440AA15DD-SegmentedRaftLog:OPENED:c-1, conf=-1: peers:[feab20ca-06d8-4da6-9078-da7af006e724|rpc:127.0.0.1:45775|dataStream:127.0.0.1:42183|priority:0|startupRole:FOLLOWER, 2041f563-0d32-4367-9889-6c4be41f3c5d|rpc:127.0.0.1:35575|dataStream:127.0.0.1:40961|priority:0|startupRole:FOLLOWER, 2e08ab99-21b9-413b-a3c3-42a884871cc4|rpc:127.0.0.1:38561|dataStream:127.0.0.1:36339|priority:1|startupRole:FOLLOWER]|listeners:[], old=null
2023-03-09 15:00:00,629 [2e08ab99-21b9-413b-a3c3-42a884871cc4@group-520440AA15DD-LeaderElection29] INFO  server.RaftServerConfigKeys (ConfUtils.java:logFallback(53)) - raft.server.rpc.first-election.timeout.min = 5s (fallback to raft.server.rpc.timeout.min)
2023-03-09 15:00:00,629 [2e08ab99-21b9-413b-a3c3-42a884871cc4@group-520440AA15DD-LeaderElection29] INFO  server.RaftServerConfigKeys (ConfUtils.java:logFallback(53)) - raft.server.rpc.first-election.timeout.max = 5200ms (fallback to raft.server.rpc.timeout.max)
2023-03-09 15:00:00,641 [grpc-default-executor-1] INFO  server.RaftServer$Division (RaftServerImpl.java:requestVote(1218)) - feab20ca-06d8-4da6-9078-da7af006e724@group-520440AA15DD: receive requestVote(PRE_VOTE, 2041f563-0d32-4367-9889-6c4be41f3c5d, group-520440AA15DD, 0, (t:0, i:0))
2023-03-09 15:00:00,641 [grpc-default-executor-1] INFO  impl.VoteContext (VoteContext.java:log(49)) - feab20ca-06d8-4da6-9078-da7af006e724@group-520440AA15DD-FOLLOWER: accept PRE_VOTE from 2041f563-0d32-4367-9889-6c4be41f3c5d: our priority 0 <= candidate's priority 0
2023-03-09 15:00:00,642 [grpc-default-executor-1] INFO  server.RaftServer$Division (RaftServerImpl.java:requestVote(1251)) - feab20ca-06d8-4da6-9078-da7af006e724@group-520440AA15DD replies to PRE_VOTE vote request: 2041f563-0d32-4367-9889-6c4be41f3c5d<-feab20ca-06d8-4da6-9078-da7af006e724#0:OK-t0. Peer's state: feab20ca-06d8-4da6-9078-da7af006e724@group-520440AA15DD:t0, leader=null, voted=, raftlog=Memoized:feab20ca-06d8-4da6-9078-da7af006e724@group-520440AA15DD-SegmentedRaftLog:OPENED:c-1, conf=-1: peers:[feab20ca-06d8-4da6-9078-da7af006e724|rpc:127.0.0.1:45775|dataStream:127.0.0.1:42183|priority:0|startupRole:FOLLOWER, 2041f563-0d32-4367-9889-6c4be41f3c5d|rpc:127.0.0.1:35575|dataStream:127.0.0.1:40961|priority:0|startupRole:FOLLOWER, 2e08ab99-21b9-413b-a3c3-42a884871cc4|rpc:127.0.0.1:38561|dataStream:127.0.0.1:36339|priority:1|startupRole:FOLLOWER]|listeners:[], old=null
2023-03-09 15:00:00,646 [2e08ab99-21b9-413b-a3c3-42a884871cc4@group-520440AA15DD-LeaderElection29] INFO  impl.LeaderElection (LeaderElection.java:logAndReturn(90)) - 2e08ab99-21b9-413b-a3c3-42a884871cc4@group-520440AA15DD-LeaderElection29: PRE_VOTE PASSED received 1 response(s) and 0 exception(s):
2023-03-09 15:00:00,646 [2e08ab99-21b9-413b-a3c3-42a884871cc4@group-520440AA15DD-LeaderElection29] INFO  impl.LeaderElection (LeaderElection.java:logAndReturn(94)) -   Response 0: 2e08ab99-21b9-413b-a3c3-42a884871cc4<-feab20ca-06d8-4da6-9078-da7af006e724#0:OK-t0
2023-03-09 15:00:00,646 [2e08ab99-21b9-413b-a3c3-42a884871cc4@group-520440AA15DD-LeaderElection29] INFO  impl.LeaderElection (LeaderElection.java:askForVotes(314)) - 2e08ab99-21b9-413b-a3c3-42a884871cc4@group-520440AA15DD-LeaderElection29 PRE_VOTE round 0: result PASSED
2023-03-09 15:00:00,649 [grpc-default-executor-1] INFO  server.RaftServer$Division (RaftServerImpl.java:requestVote(1218)) - 2e08ab99-21b9-413b-a3c3-42a884871cc4@group-520440AA15DD: receive requestVote(PRE_VOTE, 2041f563-0d32-4367-9889-6c4be41f3c5d, group-520440AA15DD, 0, (t:0, i:0))
2023-03-09 15:00:00,650 [grpc-default-executor-5] INFO  server.RaftServer$Division (RaftServerImpl.java:requestVote(1218)) - 2041f563-0d32-4367-9889-6c4be41f3c5d@group-520440AA15DD: receive requestVote(PRE_VOTE, 2e08ab99-21b9-413b-a3c3-42a884871cc4, group-520440AA15DD, 0, (t:0, i:0))
2023-03-09 15:00:00,651 [grpc-default-executor-5] INFO  impl.VoteContext (VoteContext.java:log(49)) - 2041f563-0d32-4367-9889-6c4be41f3c5d@group-520440AA15DD-CANDIDATE: accept PRE_VOTE from 2e08ab99-21b9-413b-a3c3-42a884871cc4: our priority 0 <= candidate's priority 1
2023-03-09 15:00:00,651 [grpc-default-executor-5] INFO  server.RaftServer$Division (RaftServerImpl.java:requestVote(1251)) - 2041f563-0d32-4367-9889-6c4be41f3c5d@group-520440AA15DD replies to PRE_VOTE vote request: 2e08ab99-21b9-413b-a3c3-42a884871cc4<-2041f563-0d32-4367-9889-6c4be41f3c5d#0:OK-t0. Peer's state: 2041f563-0d32-4367-9889-6c4be41f3c5d@group-520440AA15DD:t0, leader=null, voted=, raftlog=Memoized:2041f563-0d32-4367-9889-6c4be41f3c5d@group-520440AA15DD-SegmentedRaftLog:OPENED:c-1, conf=-1: peers:[feab20ca-06d8-4da6-9078-da7af006e724|rpc:127.0.0.1:45775|dataStream:127.0.0.1:42183|priority:0|startupRole:FOLLOWER, 2041f563-0d32-4367-9889-6c4be41f3c5d|rpc:127.0.0.1:35575|dataStream:127.0.0.1:40961|priority:0|startupRole:FOLLOWER, 2e08ab99-21b9-413b-a3c3-42a884871cc4|rpc:127.0.0.1:38561|dataStream:127.0.0.1:36339|priority:1|startupRole:FOLLOWER]|listeners:[], old=null
2023-03-09 15:00:00,651 [2e08ab99-21b9-413b-a3c3-42a884871cc4@group-520440AA15DD-LeaderElection29] INFO  impl.LeaderElection (LeaderElection.java:askForVotes(312)) - 2e08ab99-21b9-413b-a3c3-42a884871cc4@group-520440AA15DD-LeaderElection29 ELECTION round 0: submit vote requests at term 1 for -1: peers:[feab20ca-06d8-4da6-9078-da7af006e724|rpc:127.0.0.1:45775|dataStream:127.0.0.1:42183|priority:0|startupRole:FOLLOWER, 2041f563-0d32-4367-9889-6c4be41f3c5d|rpc:127.0.0.1:35575|dataStream:127.0.0.1:40961|priority:0|startupRole:FOLLOWER, 2e08ab99-21b9-413b-a3c3-42a884871cc4|rpc:127.0.0.1:38561|dataStream:127.0.0.1:36339|priority:1|startupRole:FOLLOWER]|listeners:[], old=null
2023-03-09 15:00:00,652 [grpc-default-executor-1] INFO  impl.VoteContext (VoteContext.java:log(49)) - 2e08ab99-21b9-413b-a3c3-42a884871cc4@group-520440AA15DD-CANDIDATE: reject PRE_VOTE from 2041f563-0d32-4367-9889-6c4be41f3c5d: our priority 1 > candidate's priority 0
2023-03-09 15:00:00,652 [grpc-default-executor-1] INFO  server.RaftServer$Division (RaftServerImpl.java:requestVote(1251)) - 2e08ab99-21b9-413b-a3c3-42a884871cc4@group-520440AA15DD replies to PRE_VOTE vote request: 2041f563-0d32-4367-9889-6c4be41f3c5d<-2e08ab99-21b9-413b-a3c3-42a884871cc4#0:FAIL-t1. Peer's state: 2e08ab99-21b9-413b-a3c3-42a884871cc4@group-520440AA15DD:t1, leader=null, voted=2e08ab99-21b9-413b-a3c3-42a884871cc4, raftlog=Memoized:2e08ab99-21b9-413b-a3c3-42a884871cc4@group-520440AA15DD-SegmentedRaftLog:OPENED:c-1, conf=-1: peers:[feab20ca-06d8-4da6-9078-da7af006e724|rpc:127.0.0.1:45775|dataStream:127.0.0.1:42183|priority:0|startupRole:FOLLOWER, 2041f563-0d32-4367-9889-6c4be41f3c5d|rpc:127.0.0.1:35575|dataStream:127.0.0.1:40961|priority:0|startupRole:FOLLOWER, 2e08ab99-21b9-413b-a3c3-42a884871cc4|rpc:127.0.0.1:38561|dataStream:127.0.0.1:36339|priority:1|startupRole:FOLLOWER]|listeners:[], old=null
2023-03-09 15:00:00,653 [2e08ab99-21b9-413b-a3c3-42a884871cc4@group-520440AA15DD-LeaderElection29] INFO  server.RaftServerConfigKeys (ConfUtils.java:logFallback(53)) - raft.server.rpc.first-election.timeout.min = 5s (fallback to raft.server.rpc.timeout.min)
2023-03-09 15:00:00,653 [2e08ab99-21b9-413b-a3c3-42a884871cc4@group-520440AA15DD-LeaderElection29] INFO  server.RaftServerConfigKeys (ConfUtils.java:logFallback(53)) - raft.server.rpc.first-election.timeout.max = 5200ms (fallback to raft.server.rpc.timeout.max)
2023-03-09 15:00:00,654 [2041f563-0d32-4367-9889-6c4be41f3c5d@group-520440AA15DD-LeaderElection30] INFO  impl.LeaderElection (LeaderElection.java:logAndReturn(90)) - 2041f563-0d32-4367-9889-6c4be41f3c5d@group-520440AA15DD-LeaderElection30: PRE_VOTE DISCOVERED_A_NEW_TERM (term=1) received 2 response(s) and 0 exception(s):
2023-03-09 15:00:00,654 [2041f563-0d32-4367-9889-6c4be41f3c5d@group-520440AA15DD-LeaderElection30] INFO  impl.LeaderElection (LeaderElection.java:logAndReturn(94)) -   Response 0: 2041f563-0d32-4367-9889-6c4be41f3c5d<-feab20ca-06d8-4da6-9078-da7af006e724#0:OK-t0
2023-03-09 15:00:00,654 [2041f563-0d32-4367-9889-6c4be41f3c5d@group-520440AA15DD-LeaderElection30] INFO  impl.LeaderElection (LeaderElection.java:logAndReturn(94)) -   Response 1: 2041f563-0d32-4367-9889-6c4be41f3c5d<-2e08ab99-21b9-413b-a3c3-42a884871cc4#0:FAIL-t1
2023-03-09 15:00:00,654 [2041f563-0d32-4367-9889-6c4be41f3c5d@group-520440AA15DD-LeaderElection30] INFO  impl.LeaderElection (LeaderElection.java:askForVotes(314)) - 2041f563-0d32-4367-9889-6c4be41f3c5d@group-520440AA15DD-LeaderElection30 PRE_VOTE round 0: result DISCOVERED_A_NEW_TERM (term=1)
2023-03-09 15:00:00,654 [2041f563-0d32-4367-9889-6c4be41f3c5d@group-520440AA15DD-LeaderElection30] INFO  server.RaftServer$Division (RaftServerImpl.java:setRole(321)) - 2041f563-0d32-4367-9889-6c4be41f3c5d@group-520440AA15DD: changes role from CANDIDATE to FOLLOWER at term 1 for DISCOVERED_A_NEW_TERM (term=1)
2023-03-09 15:00:00,654 [2041f563-0d32-4367-9889-6c4be41f3c5d@group-520440AA15DD-LeaderElection30] INFO  impl.RoleInfo (RoleInfo.java:shutdownLeaderElection(130)) - 2041f563-0d32-4367-9889-6c4be41f3c5d: shutdown 2041f563-0d32-4367-9889-6c4be41f3c5d@group-520440AA15DD-LeaderElection30
2023-03-09 15:00:00,655 [2041f563-0d32-4367-9889-6c4be41f3c5d@group-520440AA15DD-LeaderElection30] INFO  impl.RoleInfo (RoleInfo.java:updateAndGet(139)) - 2041f563-0d32-4367-9889-6c4be41f3c5d: start 2041f563-0d32-4367-9889-6c4be41f3c5d@group-520440AA15DD-FollowerState
2023-03-09 15:00:00,659 [2041f563-0d32-4367-9889-6c4be41f3c5d@group-520440AA15DD-FollowerState] INFO  server.RaftServerConfigKeys (ConfUtils.java:logFallback(53)) - raft.server.rpc.first-election.timeout.min = 5s (fallback to raft.server.rpc.timeout.min)
2023-03-09 15:00:00,659 [2041f563-0d32-4367-9889-6c4be41f3c5d@group-520440AA15DD-FollowerState] INFO  server.RaftServerConfigKeys (ConfUtils.java:logFallback(53)) - raft.server.rpc.first-election.timeout.max = 5200ms (fallback to raft.server.rpc.timeout.max)
2023-03-09 15:00:00,659 [grpc-default-executor-1] INFO  server.RaftServer$Division (RaftServerImpl.java:requestVote(1218)) - feab20ca-06d8-4da6-9078-da7af006e724@group-520440AA15DD: receive requestVote(ELECTION, 2e08ab99-21b9-413b-a3c3-42a884871cc4, group-520440AA15DD, 1, (t:0, i:0))
2023-03-09 15:00:00,659 [grpc-default-executor-1] INFO  impl.VoteContext (VoteContext.java:log(49)) - feab20ca-06d8-4da6-9078-da7af006e724@group-520440AA15DD-FOLLOWER: accept ELECTION from 2e08ab99-21b9-413b-a3c3-42a884871cc4: our priority 0 <= candidate's priority 1
2023-03-09 15:00:00,660 [grpc-default-executor-1] INFO  server.RaftServer$Division (RaftServerImpl.java:setRole(321)) - feab20ca-06d8-4da6-9078-da7af006e724@group-520440AA15DD: changes role from  FOLLOWER to FOLLOWER at term 1 for candidate:2e08ab99-21b9-413b-a3c3-42a884871cc4
2023-03-09 15:00:00,660 [grpc-default-executor-1] INFO  impl.RoleInfo (RoleInfo.java:shutdownFollowerState(110)) - feab20ca-06d8-4da6-9078-da7af006e724: shutdown feab20ca-06d8-4da6-9078-da7af006e724@group-520440AA15DD-FollowerState
2023-03-09 15:00:00,660 [grpc-default-executor-1] INFO  impl.RoleInfo (RoleInfo.java:updateAndGet(139)) - feab20ca-06d8-4da6-9078-da7af006e724: start feab20ca-06d8-4da6-9078-da7af006e724@group-520440AA15DD-FollowerState
2023-03-09 15:00:00,660 [feab20ca-06d8-4da6-9078-da7af006e724@group-520440AA15DD-FollowerState] INFO  impl.FollowerState (FollowerState.java:run(152)) - feab20ca-06d8-4da6-9078-da7af006e724@group-520440AA15DD-FollowerState was interrupted
2023-03-09 15:00:00,667 [grpc-default-executor-5] INFO  server.RaftServer$Division (RaftServerImpl.java:requestVote(1218)) - 2041f563-0d32-4367-9889-6c4be41f3c5d@group-520440AA15DD: receive requestVote(ELECTION, 2e08ab99-21b9-413b-a3c3-42a884871cc4, group-520440AA15DD, 1, (t:0, i:0))
2023-03-09 15:00:00,667 [grpc-default-executor-5] INFO  impl.VoteContext (VoteContext.java:log(49)) - 2041f563-0d32-4367-9889-6c4be41f3c5d@group-520440AA15DD-FOLLOWER: accept ELECTION from 2e08ab99-21b9-413b-a3c3-42a884871cc4: our priority 0 <= candidate's priority 1
2023-03-09 15:00:00,667 [grpc-default-executor-5] INFO  server.RaftServer$Division (RaftServerImpl.java:setRole(321)) - 2041f563-0d32-4367-9889-6c4be41f3c5d@group-520440AA15DD: changes role from  FOLLOWER to FOLLOWER at term 1 for candidate:2e08ab99-21b9-413b-a3c3-42a884871cc4
2023-03-09 15:00:00,667 [grpc-default-executor-5] INFO  impl.RoleInfo (RoleInfo.java:shutdownFollowerState(110)) - 2041f563-0d32-4367-9889-6c4be41f3c5d: shutdown 2041f563-0d32-4367-9889-6c4be41f3c5d@group-520440AA15DD-FollowerState
2023-03-09 15:00:00,667 [grpc-default-executor-5] INFO  impl.RoleInfo (RoleInfo.java:updateAndGet(139)) - 2041f563-0d32-4367-9889-6c4be41f3c5d: start 2041f563-0d32-4367-9889-6c4be41f3c5d@group-520440AA15DD-FollowerState
2023-03-09 15:00:00,667 [2041f563-0d32-4367-9889-6c4be41f3c5d@group-520440AA15DD-FollowerState] INFO  impl.FollowerState (FollowerState.java:run(152)) - 2041f563-0d32-4367-9889-6c4be41f3c5d@group-520440AA15DD-FollowerState was interrupted
2023-03-09 15:00:00,671 [2041f563-0d32-4367-9889-6c4be41f3c5d@group-520440AA15DD-FollowerState] INFO  server.RaftServerConfigKeys (ConfUtils.java:logFallback(53)) - raft.server.rpc.first-election.timeout.min = 5s (fallback to raft.server.rpc.timeout.min)
2023-03-09 15:00:00,671 [2041f563-0d32-4367-9889-6c4be41f3c5d@group-520440AA15DD-FollowerState] INFO  server.RaftServerConfigKeys (ConfUtils.java:logFallback(53)) - raft.server.rpc.first-election.timeout.max = 5200ms (fallback to raft.server.rpc.timeout.max)
2023-03-09 15:00:00,672 [grpc-default-executor-5] INFO  server.RaftServer$Division (RaftServerImpl.java:requestVote(1251)) - 2041f563-0d32-4367-9889-6c4be41f3c5d@group-520440AA15DD replies to ELECTION vote request: 2e08ab99-21b9-413b-a3c3-42a884871cc4<-2041f563-0d32-4367-9889-6c4be41f3c5d#0:OK-t1. Peer's state: 2041f563-0d32-4367-9889-6c4be41f3c5d@group-520440AA15DD:t1, leader=null, voted=2e08ab99-21b9-413b-a3c3-42a884871cc4, raftlog=Memoized:2041f563-0d32-4367-9889-6c4be41f3c5d@group-520440AA15DD-SegmentedRaftLog:OPENED:c-1, conf=-1: peers:[feab20ca-06d8-4da6-9078-da7af006e724|rpc:127.0.0.1:45775|dataStream:127.0.0.1:42183|priority:0|startupRole:FOLLOWER, 2041f563-0d32-4367-9889-6c4be41f3c5d|rpc:127.0.0.1:35575|dataStream:127.0.0.1:40961|priority:0|startupRole:FOLLOWER, 2e08ab99-21b9-413b-a3c3-42a884871cc4|rpc:127.0.0.1:38561|dataStream:127.0.0.1:36339|priority:1|startupRole:FOLLOWER]|listeners:[], old=null
2023-03-09 15:00:00,673 [feab20ca-06d8-4da6-9078-da7af006e724@group-520440AA15DD-FollowerState] INFO  server.RaftServerConfigKeys (ConfUtils.java:logFallback(53)) - raft.server.rpc.first-election.timeout.min = 5s (fallback to raft.server.rpc.timeout.min)
2023-03-09 15:00:00,673 [feab20ca-06d8-4da6-9078-da7af006e724@group-520440AA15DD-FollowerState] INFO  server.RaftServerConfigKeys (ConfUtils.java:logFallback(53)) - raft.server.rpc.first-election.timeout.max = 5200ms (fallback to raft.server.rpc.timeout.max)
2023-03-09 15:00:00,673 [2e08ab99-21b9-413b-a3c3-42a884871cc4@group-520440AA15DD-LeaderElection29] INFO  impl.LeaderElection (LeaderElection.java:logAndReturn(90)) - 2e08ab99-21b9-413b-a3c3-42a884871cc4@group-520440AA15DD-LeaderElection29: ELECTION PASSED received 1 response(s) and 0 exception(s):
2023-03-09 15:00:00,673 [2e08ab99-21b9-413b-a3c3-42a884871cc4@group-520440AA15DD-LeaderElection29] INFO  impl.LeaderElection (LeaderElection.java:logAndReturn(94)) -   Response 0: 2e08ab99-21b9-413b-a3c3-42a884871cc4<-2041f563-0d32-4367-9889-6c4be41f3c5d#0:OK-t1
2023-03-09 15:00:00,675 [2e08ab99-21b9-413b-a3c3-42a884871cc4@group-520440AA15DD-LeaderElection29] INFO  impl.LeaderElection (LeaderElection.java:askForVotes(314)) - 2e08ab99-21b9-413b-a3c3-42a884871cc4@group-520440AA15DD-LeaderElection29 ELECTION round 0: result PASSED
2023-03-09 15:00:00,675 [2e08ab99-21b9-413b-a3c3-42a884871cc4@group-520440AA15DD-LeaderElection29] INFO  impl.RoleInfo (RoleInfo.java:shutdownLeaderElection(130)) - 2e08ab99-21b9-413b-a3c3-42a884871cc4: shutdown 2e08ab99-21b9-413b-a3c3-42a884871cc4@group-520440AA15DD-LeaderElection29
2023-03-09 15:00:00,675 [2e08ab99-21b9-413b-a3c3-42a884871cc4@group-520440AA15DD-LeaderElection29] INFO  server.RaftServer$Division (RaftServerImpl.java:setRole(321)) - 2e08ab99-21b9-413b-a3c3-42a884871cc4@group-520440AA15DD: changes role from CANDIDATE to LEADER at term 1 for changeToLeader
2023-03-09 15:00:00,675 [2e08ab99-21b9-413b-a3c3-42a884871cc4@group-520440AA15DD-LeaderElection29] INFO  ratis.XceiverServerRatis (XceiverServerRatis.java:handleLeaderChangedNotification(905)) - Leader change notification received for group: group-520440AA15DD with new leaderId: 2e08ab99-21b9-413b-a3c3-42a884871cc4
2023-03-09 15:00:00,675 [2e08ab99-21b9-413b-a3c3-42a884871cc4@group-520440AA15DD-LeaderElection29] INFO  server.RaftServer$Division (ServerState.java:setLeader(313)) - 2e08ab99-21b9-413b-a3c3-42a884871cc4@group-520440AA15DD: change Leader from null to 2e08ab99-21b9-413b-a3c3-42a884871cc4 at term 1 for becomeLeader, leader elected after 5228ms
2023-03-09 15:00:00,675 [2e08ab99-21b9-413b-a3c3-42a884871cc4@group-520440AA15DD-LeaderElection29] INFO  server.RaftServerConfigKeys (ConfUtils.java:logGet(46)) - raft.server.staging.catchup.gap = 1000 (default)
2023-03-09 15:00:00,675 [2e08ab99-21b9-413b-a3c3-42a884871cc4@group-520440AA15DD-LeaderElection29] INFO  server.RaftServerConfigKeys (ConfUtils.java:logGet(46)) - raft.server.write.element-limit = 1024 (custom)
2023-03-09 15:00:00,675 [2e08ab99-21b9-413b-a3c3-42a884871cc4@group-520440AA15DD-LeaderElection29] INFO  server.RaftServerConfigKeys (ConfUtils.java:logGet(46)) - raft.server.write.byte-limit = 1024 M (=1073741824) (custom)
2023-03-09 15:00:00,676 [2e08ab99-21b9-413b-a3c3-42a884871cc4@group-520440AA15DD-LeaderElection29] INFO  server.RaftServerConfigKeys (ConfUtils.java:logGet(46)) - raft.server.watch.timeout = 180s (custom)
2023-03-09 15:00:00,676 [2e08ab99-21b9-413b-a3c3-42a884871cc4@group-520440AA15DD-LeaderElection29] INFO  server.RaftServerConfigKeys (ConfUtils.java:logGet(46)) - raft.server.watch.timeout.denomination = 1s (default)
2023-03-09 15:00:00,676 [2e08ab99-21b9-413b-a3c3-42a884871cc4@group-520440AA15DD-LeaderElection29] INFO  server.RaftServerConfigKeys (ConfUtils.java:logGet(46)) - raft.server.watch.element-limit = 65536 (default)
2023-03-09 15:00:00,676 [2e08ab99-21b9-413b-a3c3-42a884871cc4@group-520440AA15DD-LeaderElection29] INFO  server.RaftServerConfigKeys (ConfUtils.java:logGet(46)) - raft.server.write.element-limit = 1024 (custom)
2023-03-09 15:00:00,676 [2e08ab99-21b9-413b-a3c3-42a884871cc4@group-520440AA15DD-LeaderElection29] INFO  server.RaftServerConfigKeys (ConfUtils.java:logGet(46)) - raft.server.write.follower.gap.ratio.max = -1.0 (default)
2023-03-09 15:00:00,677 [2e08ab99-21b9-413b-a3c3-42a884871cc4@group-520440AA15DD-LeaderElection29] INFO  server.RaftServerConfigKeys (ConfUtils.java:logGet(46)) - raft.server.log.appender.snapshot.chunk.size.max = 16MB (=16777216) (default)
2023-03-09 15:00:00,677 [2e08ab99-21b9-413b-a3c3-42a884871cc4@group-520440AA15DD-LeaderElection29] INFO  server.RaftServerConfigKeys (ConfUtils.java:logGet(46)) - raft.server.log.appender.buffer.byte-limit = 33554432 (custom)
2023-03-09 15:00:00,677 [2e08ab99-21b9-413b-a3c3-42a884871cc4@group-520440AA15DD-LeaderElection29] INFO  server.RaftServerConfigKeys (ConfUtils.java:logGet(46)) - raft.server.log.appender.buffer.element-limit = 1 (custom)
2023-03-09 15:00:00,677 [2e08ab99-21b9-413b-a3c3-42a884871cc4@group-520440AA15DD-LeaderElection29] INFO  grpc.GrpcConfigKeys (ConfUtils.java:logGet(46)) - raft.grpc.server.leader.outstanding.appends.max = 128 (default)
2023-03-09 15:00:00,677 [2e08ab99-21b9-413b-a3c3-42a884871cc4@group-520440AA15DD-LeaderElection29] INFO  server.RaftServerConfigKeys (ConfUtils.java:logGet(46)) - raft.server.rpc.request.timeout = 60s (custom)
2023-03-09 15:00:00,677 [2e08ab99-21b9-413b-a3c3-42a884871cc4@group-520440AA15DD-LeaderElection29] INFO  server.RaftServerConfigKeys (ConfUtils.java:logGet(46)) - raft.server.log.appender.install.snapshot.enabled = false (custom)
2023-03-09 15:00:00,677 [2e08ab99-21b9-413b-a3c3-42a884871cc4@group-520440AA15DD-LeaderElection29] INFO  grpc.GrpcConfigKeys (ConfUtils.java:logGet(46)) - raft.grpc.server.heartbeat.channel = true (default)
2023-03-09 15:00:00,677 [2e08ab99-21b9-413b-a3c3-42a884871cc4@group-520440AA15DD-LeaderElection29] INFO  server.RaftServerConfigKeys (ConfUtils.java:logGet(46)) - raft.server.log.appender.wait-time.min = 10ms (default)
2023-03-09 15:00:00,677 [EventQueue-PipelineReportForPipelineReportHandler] INFO  pipeline.PipelineManagerImpl (PipelineManagerImpl.java:openPipeline(367)) - Pipeline Pipeline[ Id: f689b343-6c19-4032-b37b-520440aa15dd, Nodes: 2041f563-0d32-4367-9889-6c4be41f3c5d(localhost/127.0.0.1)feab20ca-06d8-4da6-9078-da7af006e724(localhost/127.0.0.1)2e08ab99-21b9-413b-a3c3-42a884871cc4(localhost/127.0.0.1), ReplicationConfig: RATIS/THREE, State:ALLOCATED, leaderId:2e08ab99-21b9-413b-a3c3-42a884871cc4, CreationTimestamp2023-03-09T14:59:53.022Z[Etc/UTC]] moved to OPEN state
2023-03-09 15:00:00,677 [grpc-default-executor-1] INFO  server.RaftServer$Division (RaftServerImpl.java:requestVote(1251)) - feab20ca-06d8-4da6-9078-da7af006e724@group-520440AA15DD replies to ELECTION vote request: 2e08ab99-21b9-413b-a3c3-42a884871cc4<-feab20ca-06d8-4da6-9078-da7af006e724#0:OK-t1. Peer's state: feab20ca-06d8-4da6-9078-da7af006e724@group-520440AA15DD:t1, leader=null, voted=2e08ab99-21b9-413b-a3c3-42a884871cc4, raftlog=Memoized:feab20ca-06d8-4da6-9078-da7af006e724@group-520440AA15DD-SegmentedRaftLog:OPENED:c-1, conf=-1: peers:[feab20ca-06d8-4da6-9078-da7af006e724|rpc:127.0.0.1:45775|dataStream:127.0.0.1:42183|priority:0|startupRole:FOLLOWER, 2041f563-0d32-4367-9889-6c4be41f3c5d|rpc:127.0.0.1:35575|dataStream:127.0.0.1:40961|priority:0|startupRole:FOLLOWER, 2e08ab99-21b9-413b-a3c3-42a884871cc4|rpc:127.0.0.1:38561|dataStream:127.0.0.1:36339|priority:1|startupRole:FOLLOWER]|listeners:[], old=null
2023-03-09 15:00:00,678 [2e08ab99-21b9-413b-a3c3-42a884871cc4@group-520440AA15DD-LeaderElection29] INFO  server.RaftServerConfigKeys (ConfUtils.java:logGet(46)) - raft.server.log.appender.snapshot.chunk.size.max = 16MB (=16777216) (default)
2023-03-09 15:00:00,680 [2e08ab99-21b9-413b-a3c3-42a884871cc4@group-520440AA15DD-LeaderElection29] INFO  server.RaftServerConfigKeys (ConfUtils.java:logGet(46)) - raft.server.log.appender.buffer.byte-limit = 33554432 (custom)
2023-03-09 15:00:00,680 [2e08ab99-21b9-413b-a3c3-42a884871cc4@group-520440AA15DD-LeaderElection29] INFO  server.RaftServerConfigKeys (ConfUtils.java:logGet(46)) - raft.server.log.appender.buffer.element-limit = 1 (custom)
2023-03-09 15:00:00,680 [2e08ab99-21b9-413b-a3c3-42a884871cc4@group-520440AA15DD-LeaderElection29] INFO  grpc.GrpcConfigKeys (ConfUtils.java:logGet(46)) - raft.grpc.server.leader.outstanding.appends.max = 128 (default)
2023-03-09 15:00:00,680 [2e08ab99-21b9-413b-a3c3-42a884871cc4@group-520440AA15DD-LeaderElection29] INFO  server.RaftServerConfigKeys (ConfUtils.java:logGet(46)) - raft.server.rpc.request.timeout = 60s (custom)
2023-03-09 15:00:00,680 [2e08ab99-21b9-413b-a3c3-42a884871cc4@group-520440AA15DD-LeaderElection29] INFO  server.RaftServerConfigKeys (ConfUtils.java:logGet(46)) - raft.server.log.appender.install.snapshot.enabled = false (custom)
2023-03-09 15:00:00,681 [2e08ab99-21b9-413b-a3c3-42a884871cc4@group-520440AA15DD-LeaderElection29] INFO  grpc.GrpcConfigKeys (ConfUtils.java:logGet(46)) - raft.grpc.server.heartbeat.channel = true (default)
2023-03-09 15:00:00,681 [2e08ab99-21b9-413b-a3c3-42a884871cc4@group-520440AA15DD-LeaderElection29] INFO  server.RaftServerConfigKeys (ConfUtils.java:logGet(46)) - raft.server.log.appender.wait-time.min = 10ms (default)
2023-03-09 15:00:00,681 [2e08ab99-21b9-413b-a3c3-42a884871cc4@group-520440AA15DD-LeaderElection29] INFO  impl.RoleInfo (RoleInfo.java:updateAndGet(139)) - 2e08ab99-21b9-413b-a3c3-42a884871cc4: start 2e08ab99-21b9-413b-a3c3-42a884871cc4@group-520440AA15DD-LeaderStateImpl
2023-03-09 15:00:00,681 [2e08ab99-21b9-413b-a3c3-42a884871cc4@group-520440AA15DD-LeaderElection29] INFO  segmented.SegmentedRaftLogWorker (SegmentedRaftLogWorker.java:startLogSegment(452)) - 2e08ab99-21b9-413b-a3c3-42a884871cc4@group-520440AA15DD-SegmentedRaftLogWorker: Starting segment from index:0
2023-03-09 15:00:00,683 [2e08ab99-21b9-413b-a3c3-42a884871cc4@group-520440AA15DD-SegmentedRaftLogWorker] INFO  segmented.SegmentedRaftLogWorker (SegmentedRaftLogWorker.java:execute(656)) - 2e08ab99-21b9-413b-a3c3-42a884871cc4@group-520440AA15DD-SegmentedRaftLogWorker: created new log segment /home/runner/work/ozone/ozone/hadoop-ozone/integration-test/target/test-dir/MiniOzoneClusterImpl-0be2ff2d-c2a8-4ed5-ac17-c4684e36ac53/datanode-0/data/ratis/f689b343-6c19-4032-b37b-520440aa15dd/current/log_inprogress_0
2023-03-09 15:00:00,694 [2e08ab99-21b9-413b-a3c3-42a884871cc4@group-520440AA15DD-LeaderElection29] INFO  server.RaftServer$Division (ServerState.java:setRaftConf(430)) - 2e08ab99-21b9-413b-a3c3-42a884871cc4@group-520440AA15DD: set configuration 0: peers:[feab20ca-06d8-4da6-9078-da7af006e724|rpc:127.0.0.1:45775|dataStream:127.0.0.1:42183|priority:0|startupRole:FOLLOWER, 2041f563-0d32-4367-9889-6c4be41f3c5d|rpc:127.0.0.1:35575|dataStream:127.0.0.1:40961|priority:0|startupRole:FOLLOWER, 2e08ab99-21b9-413b-a3c3-42a884871cc4|rpc:127.0.0.1:38561|dataStream:127.0.0.1:36339|priority:1|startupRole:FOLLOWER]|listeners:[], old=null
2023-03-09 15:00:00,726 [feab20ca-06d8-4da6-9078-da7af006e724-server-thread1] INFO  ratis.XceiverServerRatis (XceiverServerRatis.java:handleLeaderChangedNotification(905)) - Leader change notification received for group: group-520440AA15DD with new leaderId: 2e08ab99-21b9-413b-a3c3-42a884871cc4
2023-03-09 15:00:00,726 [feab20ca-06d8-4da6-9078-da7af006e724-server-thread1] INFO  server.RaftServer$Division (ServerState.java:setLeader(313)) - feab20ca-06d8-4da6-9078-da7af006e724@group-520440AA15DD: change Leader from null to 2e08ab99-21b9-413b-a3c3-42a884871cc4 at term 1 for appendEntries, leader elected after 5177ms
2023-03-09 15:00:00,728 [2041f563-0d32-4367-9889-6c4be41f3c5d-server-thread1] INFO  ratis.XceiverServerRatis (XceiverServerRatis.java:handleLeaderChangedNotification(905)) - Leader change notification received for group: group-520440AA15DD with new leaderId: 2e08ab99-21b9-413b-a3c3-42a884871cc4
2023-03-09 15:00:00,728 [2041f563-0d32-4367-9889-6c4be41f3c5d-server-thread1] INFO  server.RaftServer$Division (ServerState.java:setLeader(313)) - 2041f563-0d32-4367-9889-6c4be41f3c5d@group-520440AA15DD: change Leader from null to 2e08ab99-21b9-413b-a3c3-42a884871cc4 at term 1 for appendEntries, leader elected after 5233ms
2023-03-09 15:00:00,732 [2041f563-0d32-4367-9889-6c4be41f3c5d-server-thread1] INFO  server.RaftServer$Division (ServerState.java:setRaftConf(430)) - 2041f563-0d32-4367-9889-6c4be41f3c5d@group-520440AA15DD: set configuration 0: peers:[feab20ca-06d8-4da6-9078-da7af006e724|rpc:127.0.0.1:45775|dataStream:127.0.0.1:42183|priority:0|startupRole:FOLLOWER, 2041f563-0d32-4367-9889-6c4be41f3c5d|rpc:127.0.0.1:35575|dataStream:127.0.0.1:40961|priority:0|startupRole:FOLLOWER, 2e08ab99-21b9-413b-a3c3-42a884871cc4|rpc:127.0.0.1:38561|dataStream:127.0.0.1:36339|priority:1|startupRole:FOLLOWER]|listeners:[], old=null
2023-03-09 15:00:00,732 [2041f563-0d32-4367-9889-6c4be41f3c5d-server-thread1] INFO  segmented.SegmentedRaftLogWorker (SegmentedRaftLogWorker.java:startLogSegment(452)) - 2041f563-0d32-4367-9889-6c4be41f3c5d@group-520440AA15DD-SegmentedRaftLogWorker: Starting segment from index:0
2023-03-09 15:00:00,741 [2041f563-0d32-4367-9889-6c4be41f3c5d@group-CDA870A9AA5C-FollowerState] INFO  impl.FollowerState (FollowerState.java:run(143)) - 2041f563-0d32-4367-9889-6c4be41f3c5d@group-CDA870A9AA5C-FollowerState: change to CANDIDATE, lastRpcElapsedTime:5106183461ns, electionTimeout:5100ms
2023-03-09 15:00:00,746 [2041f563-0d32-4367-9889-6c4be41f3c5d@group-520440AA15DD-SegmentedRaftLogWorker] INFO  segmented.SegmentedRaftLogWorker (SegmentedRaftLogWorker.java:execute(656)) - 2041f563-0d32-4367-9889-6c4be41f3c5d@group-520440AA15DD-SegmentedRaftLogWorker: created new log segment /home/runner/work/ozone/ozone/hadoop-ozone/integration-test/target/test-dir/MiniOzoneClusterImpl-0be2ff2d-c2a8-4ed5-ac17-c4684e36ac53/datanode-1/data/ratis/f689b343-6c19-4032-b37b-520440aa15dd/current/log_inprogress_0
2023-03-09 15:00:00,751 [2041f563-0d32-4367-9889-6c4be41f3c5d@group-CDA870A9AA5C-FollowerState] INFO  impl.RoleInfo (RoleInfo.java:shutdownFollowerState(110)) - 2041f563-0d32-4367-9889-6c4be41f3c5d: shutdown 2041f563-0d32-4367-9889-6c4be41f3c5d@group-CDA870A9AA5C-FollowerState
2023-03-09 15:00:00,751 [2041f563-0d32-4367-9889-6c4be41f3c5d@group-CDA870A9AA5C-FollowerState] INFO  server.RaftServer$Division (RaftServerImpl.java:setRole(321)) - 2041f563-0d32-4367-9889-6c4be41f3c5d@group-CDA870A9AA5C: changes role from  FOLLOWER to CANDIDATE at term 0 for changeToCandidate
2023-03-09 15:00:00,751 [2041f563-0d32-4367-9889-6c4be41f3c5d@group-CDA870A9AA5C-FollowerState] INFO  server.RaftServerConfigKeys (ConfUtils.java:logGet(46)) - raft.server.leaderelection.pre-vote = true (default)
2023-03-09 15:00:00,752 [2041f563-0d32-4367-9889-6c4be41f3c5d@group-CDA870A9AA5C-FollowerState] INFO  impl.RoleInfo (RoleInfo.java:updateAndGet(139)) - 2041f563-0d32-4367-9889-6c4be41f3c5d: start 2041f563-0d32-4367-9889-6c4be41f3c5d@group-CDA870A9AA5C-LeaderElection31
2023-03-09 15:00:00,757 [feab20ca-06d8-4da6-9078-da7af006e724-server-thread2] INFO  server.RaftServer$Division (ServerState.java:setRaftConf(430)) - feab20ca-06d8-4da6-9078-da7af006e724@group-520440AA15DD: set configuration 0: peers:[feab20ca-06d8-4da6-9078-da7af006e724|rpc:127.0.0.1:45775|dataStream:127.0.0.1:42183|priority:0|startupRole:FOLLOWER, 2041f563-0d32-4367-9889-6c4be41f3c5d|rpc:127.0.0.1:35575|dataStream:127.0.0.1:40961|priority:0|startupRole:FOLLOWER, 2e08ab99-21b9-413b-a3c3-42a884871cc4|rpc:127.0.0.1:38561|dataStream:127.0.0.1:36339|priority:1|startupRole:FOLLOWER]|listeners:[], old=null
2023-03-09 15:00:00,757 [feab20ca-06d8-4da6-9078-da7af006e724-server-thread2] INFO  segmented.SegmentedRaftLogWorker (SegmentedRaftLogWorker.java:startLogSegment(452)) - feab20ca-06d8-4da6-9078-da7af006e724@group-520440AA15DD-SegmentedRaftLogWorker: Starting segment from index:0
2023-03-09 15:00:00,758 [2041f563-0d32-4367-9889-6c4be41f3c5d@group-CDA870A9AA5C-LeaderElection31] INFO  impl.LeaderElection (LeaderElection.java:askForVotes(312)) - 2041f563-0d32-4367-9889-6c4be41f3c5d@group-CDA870A9AA5C-LeaderElection31 PRE_VOTE round 0: submit vote requests at term 0 for -1: peers:[2041f563-0d32-4367-9889-6c4be41f3c5d|rpc:127.0.0.1:35575|dataStream:127.0.0.1:40961|priority:1|startupRole:FOLLOWER]|listeners:[], old=null
2023-03-09 15:00:00,758 [2041f563-0d32-4367-9889-6c4be41f3c5d@group-CDA870A9AA5C-LeaderElection31] INFO  impl.LeaderElection (LeaderElection.java:askForVotes(314)) - 2041f563-0d32-4367-9889-6c4be41f3c5d@group-CDA870A9AA5C-LeaderElection31 PRE_VOTE round 0: result PASSED (term=0)
2023-03-09 15:00:00,759 [feab20ca-06d8-4da6-9078-da7af006e724@group-520440AA15DD-SegmentedRaftLogWorker] INFO  segmented.SegmentedRaftLogWorker (SegmentedRaftLogWorker.java:execute(656)) - feab20ca-06d8-4da6-9078-da7af006e724@group-520440AA15DD-SegmentedRaftLogWorker: created new log segment /home/runner/work/ozone/ozone/hadoop-ozone/integration-test/target/test-dir/MiniOzoneClusterImpl-0be2ff2d-c2a8-4ed5-ac17-c4684e36ac53/datanode-2/data/ratis/f689b343-6c19-4032-b37b-520440aa15dd/current/log_inprogress_0
2023-03-09 15:00:00,759 [2041f563-0d32-4367-9889-6c4be41f3c5d@group-CDA870A9AA5C-LeaderElection31] INFO  impl.LeaderElection (LeaderElection.java:askForVotes(312)) - 2041f563-0d32-4367-9889-6c4be41f3c5d@group-CDA870A9AA5C-LeaderElection31 ELECTION round 0: submit vote requests at term 1 for -1: peers:[2041f563-0d32-4367-9889-6c4be41f3c5d|rpc:127.0.0.1:35575|dataStream:127.0.0.1:40961|priority:1|startupRole:FOLLOWER]|listeners:[], old=null
2023-03-09 15:00:00,759 [2041f563-0d32-4367-9889-6c4be41f3c5d@group-CDA870A9AA5C-LeaderElection31] INFO  impl.LeaderElection (LeaderElection.java:askForVotes(314)) - 2041f563-0d32-4367-9889-6c4be41f3c5d@group-CDA870A9AA5C-LeaderElection31 ELECTION round 0: result PASSED (term=1)
2023-03-09 15:00:00,759 [2041f563-0d32-4367-9889-6c4be41f3c5d@group-CDA870A9AA5C-LeaderElection31] INFO  impl.RoleInfo (RoleInfo.java:shutdownLeaderElection(130)) - 2041f563-0d32-4367-9889-6c4be41f3c5d: shutdown 2041f563-0d32-4367-9889-6c4be41f3c5d@group-CDA870A9AA5C-LeaderElection31
2023-03-09 15:00:00,759 [2041f563-0d32-4367-9889-6c4be41f3c5d@group-CDA870A9AA5C-LeaderElection31] INFO  server.RaftServer$Division (RaftServerImpl.java:setRole(321)) - 2041f563-0d32-4367-9889-6c4be41f3c5d@group-CDA870A9AA5C: changes role from CANDIDATE to LEADER at term 1 for changeToLeader
2023-03-09 15:00:00,760 [2041f563-0d32-4367-9889-6c4be41f3c5d@group-CDA870A9AA5C-LeaderElection31] INFO  ratis.XceiverServerRatis (XceiverServerRatis.java:handleLeaderChangedNotification(905)) - Leader change notification received for group: group-CDA870A9AA5C with new leaderId: 2041f563-0d32-4367-9889-6c4be41f3c5d
2023-03-09 15:00:00,760 [2041f563-0d32-4367-9889-6c4be41f3c5d@group-CDA870A9AA5C-LeaderElection31] INFO  server.RaftServer$Division (ServerState.java:setLeader(313)) - 2041f563-0d32-4367-9889-6c4be41f3c5d@group-CDA870A9AA5C: change Leader from null to 2041f563-0d32-4367-9889-6c4be41f3c5d at term 1 for becomeLeader, leader elected after 5145ms
2023-03-09 15:00:00,760 [2041f563-0d32-4367-9889-6c4be41f3c5d@group-CDA870A9AA5C-LeaderElection31] INFO  server.RaftServerConfigKeys (ConfUtils.java:logGet(46)) - raft.server.staging.catchup.gap = 1000 (default)
2023-03-09 15:00:00,761 [2041f563-0d32-4367-9889-6c4be41f3c5d@group-CDA870A9AA5C-LeaderElection31] INFO  server.RaftServerConfigKeys (ConfUtils.java:logGet(46)) - raft.server.write.element-limit = 1024 (custom)
2023-03-09 15:00:00,761 [2041f563-0d32-4367-9889-6c4be41f3c5d@group-CDA870A9AA5C-LeaderElection31] INFO  server.RaftServerConfigKeys (ConfUtils.java:logGet(46)) - raft.server.write.byte-limit = 1024 M (=1073741824) (custom)
2023-03-09 15:00:00,761 [2041f563-0d32-4367-9889-6c4be41f3c5d@group-CDA870A9AA5C-LeaderElection31] INFO  server.RaftServerConfigKeys (ConfUtils.java:logGet(46)) - raft.server.watch.timeout = 180s (custom)
2023-03-09 15:00:00,761 [2041f563-0d32-4367-9889-6c4be41f3c5d@group-CDA870A9AA5C-LeaderElection31] INFO  server.RaftServerConfigKeys (ConfUtils.java:logGet(46)) - raft.server.watch.timeout.denomination = 1s (default)
2023-03-09 15:00:00,763 [2041f563-0d32-4367-9889-6c4be41f3c5d@group-CDA870A9AA5C-LeaderElection31] INFO  server.RaftServerConfigKeys (ConfUtils.java:logGet(46)) - raft.server.watch.element-limit = 65536 (default)
2023-03-09 15:00:00,763 [2041f563-0d32-4367-9889-6c4be41f3c5d@group-CDA870A9AA5C-LeaderElection31] INFO  server.RaftServerConfigKeys (ConfUtils.java:logGet(46)) - raft.server.write.element-limit = 1024 (custom)
2023-03-09 15:00:00,763 [2041f563-0d32-4367-9889-6c4be41f3c5d@group-CDA870A9AA5C-LeaderElection31] INFO  server.RaftServerConfigKeys (ConfUtils.java:logGet(46)) - raft.server.write.follower.gap.ratio.max = -1.0 (default)
2023-03-09 15:00:00,763 [2041f563-0d32-4367-9889-6c4be41f3c5d@group-CDA870A9AA5C-LeaderElection31] INFO  impl.RoleInfo (RoleInfo.java:updateAndGet(139)) - 2041f563-0d32-4367-9889-6c4be41f3c5d: start 2041f563-0d32-4367-9889-6c4be41f3c5d@group-CDA870A9AA5C-LeaderStateImpl
2023-03-09 15:00:00,763 [2041f563-0d32-4367-9889-6c4be41f3c5d@group-CDA870A9AA5C-LeaderElection31] INFO  segmented.SegmentedRaftLogWorker (SegmentedRaftLogWorker.java:startLogSegment(452)) - 2041f563-0d32-4367-9889-6c4be41f3c5d@group-CDA870A9AA5C-SegmentedRaftLogWorker: Starting segment from index:0
2023-03-09 15:00:00,767 [2041f563-0d32-4367-9889-6c4be41f3c5d@group-CDA870A9AA5C-LeaderElection31] INFO  server.RaftServer$Division (ServerState.java:setRaftConf(430)) - 2041f563-0d32-4367-9889-6c4be41f3c5d@group-CDA870A9AA5C: set configuration 0: peers:[2041f563-0d32-4367-9889-6c4be41f3c5d|rpc:127.0.0.1:35575|dataStream:127.0.0.1:40961|priority:1|startupRole:FOLLOWER]|listeners:[], old=null
2023-03-09 15:00:00,775 [2041f563-0d32-4367-9889-6c4be41f3c5d@group-CDA870A9AA5C-SegmentedRaftLogWorker] INFO  segmented.SegmentedRaftLogWorker (SegmentedRaftLogWorker.java:execute(656)) - 2041f563-0d32-4367-9889-6c4be41f3c5d@group-CDA870A9AA5C-SegmentedRaftLogWorker: created new log segment /home/runner/work/ozone/ozone/hadoop-ozone/integration-test/target/test-dir/MiniOzoneClusterImpl-0be2ff2d-c2a8-4ed5-ac17-c4684e36ac53/datanode-1/data/ratis/dbd29d10-1898-45ce-a351-cda870a9aa5c/current/log_inprogress_0
2023-03-09 15:00:01,008 [Listener at 127.0.0.1/46569] INFO  ozone.MiniOzoneClusterImpl (MiniOzoneClusterImpl.java:lambda$waitForClusterToBeReady$0(218)) - Nodes are ready. Got 3 of 3 DN Heartbeats.
2023-03-09 15:00:01,008 [Listener at 127.0.0.1/46569] INFO  ozone.MiniOzoneClusterImpl (MiniOzoneClusterImpl.java:lambda$waitForClusterToBeReady$0(221)) - Cluster exits safe mode
2023-03-09 15:00:01,008 [Listener at 127.0.0.1/46569] INFO  ozone.MiniOzoneClusterImpl (MiniOzoneClusterImpl.java:lambda$waitForClusterToBeReady$0(223)) - SCM became leader
2023-03-09 15:00:01,015 [IPC Server handler 0 on default port 46569] INFO  ha.SCMNodeInfo (SCMNodeInfo.java:getPort(197)) - ConfigKey ozone.scm.client.address is deprecated, For configuring different ports for each SCM use PortConfigKey ozone.scm.client.port appended with serviceId and nodeId
2023-03-09 15:00:01,015 [IPC Server handler 0 on default port 46569] INFO  ha.SCMNodeInfo (SCMNodeInfo.java:getPort(197)) - ConfigKey ozone.scm.block.client.address is deprecated, For configuring different ports for each SCM use PortConfigKey ozone.scm.block.client.port appended with serviceId and nodeId
2023-03-09 15:00:01,015 [IPC Server handler 0 on default port 46569] INFO  ha.SCMNodeInfo (SCMNodeInfo.java:getPort(197)) - ConfigKey ozone.scm.datanode.address is deprecated, For configuring different ports for each SCM use PortConfigKey ozone.scm.datanode.port appended with serviceId and nodeId
2023-03-09 15:00:01,017 [Listener at 127.0.0.1/46569] INFO  rpc.RpcClient (RpcClient.java:createVolume(476)) - Creating Volume: volume58122, with runner as owner and space quota set to -1 bytes, counts quota set to -1
2023-03-09 15:00:01,035 [OM StateMachine ApplyTransaction Thread - 0] INFO  volume.OMVolumeCreateRequest (OMVolumeCreateRequest.java:validateAndUpdateCache(195)) - created volume:volume58122 for user:runner
2023-03-09 15:00:01,044 [Listener at 127.0.0.1/46569] INFO  rpc.RpcClient (RpcClient.java:createBucket(698)) - Creating Bucket: volume58122/bucket28645, with server-side default bucket layout, runner as owner, Versioning false, Storage Type set to DISK and Encryption set to false, Replication Type set to server-side default replication type, Namespace Quota set to -1, Space Quota set to -1 
2023-03-09 15:00:01,049 [OM StateMachine ApplyTransaction Thread - 0] INFO  bucket.OMBucketCreateRequest (OMBucketCreateRequest.java:validateAndUpdateCache(263)) - created bucket: bucket28645 of layout FILE_SYSTEM_OPTIMIZED in volume: volume58122
2023-03-09 15:00:01,075 [IPC Server handler 5 on default port 38735] INFO  ha.SequenceIdGenerator (SequenceIdGenerator.java:getNextId(128)) - Allocate a batch for containerId, change lastId from 0 to 1000.
2023-03-09 15:00:01,091 [94489f6d-fe79-40fc-acb2-36e6df399f83@group-C4684E36AC53-StateMachineUpdater] WARN  ha.SequenceIdGenerator (SequenceIdGenerator.java:allocateBatch(237)) - Failed to allocate a batch for localId, expected lastId is 0, actual lastId is 111677748019200000.
2023-03-09 15:00:01,093 [IPC Server handler 5 on default port 38735] INFO  ha.SequenceIdGenerator (SequenceIdGenerator.java:getNextId(128)) - Allocate a batch for localId, change lastId from 111677748019200000 to 111677748019201000.
2023-03-09 15:00:01,165 [feab20ca-06d8-4da6-9078-da7af006e724@group-24D945A2E867-FollowerState] INFO  impl.FollowerState (FollowerState.java:run(143)) - feab20ca-06d8-4da6-9078-da7af006e724@group-24D945A2E867-FollowerState: change to CANDIDATE, lastRpcElapsedTime:5127585487ns, electionTimeout:5126ms
2023-03-09 15:00:01,165 [feab20ca-06d8-4da6-9078-da7af006e724@group-24D945A2E867-FollowerState] INFO  impl.RoleInfo (RoleInfo.java:shutdownFollowerState(110)) - feab20ca-06d8-4da6-9078-da7af006e724: shutdown feab20ca-06d8-4da6-9078-da7af006e724@group-24D945A2E867-FollowerState
2023-03-09 15:00:01,165 [feab20ca-06d8-4da6-9078-da7af006e724@group-24D945A2E867-FollowerState] INFO  server.RaftServer$Division (RaftServerImpl.java:setRole(321)) - feab20ca-06d8-4da6-9078-da7af006e724@group-24D945A2E867: changes role from  FOLLOWER to CANDIDATE at term 0 for changeToCandidate
2023-03-09 15:00:01,165 [feab20ca-06d8-4da6-9078-da7af006e724@group-24D945A2E867-FollowerState] INFO  server.RaftServerConfigKeys (ConfUtils.java:logGet(46)) - raft.server.leaderelection.pre-vote = true (default)
2023-03-09 15:00:01,165 [feab20ca-06d8-4da6-9078-da7af006e724@group-24D945A2E867-FollowerState] INFO  impl.RoleInfo (RoleInfo.java:updateAndGet(139)) - feab20ca-06d8-4da6-9078-da7af006e724: start feab20ca-06d8-4da6-9078-da7af006e724@group-24D945A2E867-LeaderElection32
2023-03-09 15:00:01,168 [feab20ca-06d8-4da6-9078-da7af006e724@group-24D945A2E867-LeaderElection32] INFO  impl.LeaderElection (LeaderElection.java:askForVotes(312)) - feab20ca-06d8-4da6-9078-da7af006e724@group-24D945A2E867-LeaderElection32 PRE_VOTE round 0: submit vote requests at term 0 for -1: peers:[feab20ca-06d8-4da6-9078-da7af006e724|rpc:127.0.0.1:45775|dataStream:127.0.0.1:42183|priority:1|startupRole:FOLLOWER]|listeners:[], old=null
2023-03-09 15:00:01,168 [feab20ca-06d8-4da6-9078-da7af006e724@group-24D945A2E867-LeaderElection32] INFO  impl.LeaderElection (LeaderElection.java:askForVotes(314)) - feab20ca-06d8-4da6-9078-da7af006e724@group-24D945A2E867-LeaderElection32 PRE_VOTE round 0: result PASSED (term=0)
2023-03-09 15:00:01,170 [feab20ca-06d8-4da6-9078-da7af006e724@group-24D945A2E867-LeaderElection32] INFO  impl.LeaderElection (LeaderElection.java:askForVotes(312)) - feab20ca-06d8-4da6-9078-da7af006e724@group-24D945A2E867-LeaderElection32 ELECTION round 0: submit vote requests at term 1 for -1: peers:[feab20ca-06d8-4da6-9078-da7af006e724|rpc:127.0.0.1:45775|dataStream:127.0.0.1:42183|priority:1|startupRole:FOLLOWER]|listeners:[], old=null
2023-03-09 15:00:01,170 [feab20ca-06d8-4da6-9078-da7af006e724@group-24D945A2E867-LeaderElection32] INFO  impl.LeaderElection (LeaderElection.java:askForVotes(314)) - feab20ca-06d8-4da6-9078-da7af006e724@group-24D945A2E867-LeaderElection32 ELECTION round 0: result PASSED (term=1)
2023-03-09 15:00:01,170 [feab20ca-06d8-4da6-9078-da7af006e724@group-24D945A2E867-LeaderElection32] INFO  impl.RoleInfo (RoleInfo.java:shutdownLeaderElection(130)) - feab20ca-06d8-4da6-9078-da7af006e724: shutdown feab20ca-06d8-4da6-9078-da7af006e724@group-24D945A2E867-LeaderElection32
2023-03-09 15:00:01,170 [feab20ca-06d8-4da6-9078-da7af006e724@group-24D945A2E867-LeaderElection32] INFO  server.RaftServer$Division (RaftServerImpl.java:setRole(321)) - feab20ca-06d8-4da6-9078-da7af006e724@group-24D945A2E867: changes role from CANDIDATE to LEADER at term 1 for changeToLeader
2023-03-09 15:00:01,170 [feab20ca-06d8-4da6-9078-da7af006e724@group-24D945A2E867-LeaderElection32] INFO  ratis.XceiverServerRatis (XceiverServerRatis.java:handleLeaderChangedNotification(905)) - Leader change notification received for group: group-24D945A2E867 with new leaderId: feab20ca-06d8-4da6-9078-da7af006e724
2023-03-09 15:00:01,171 [feab20ca-06d8-4da6-9078-da7af006e724@group-24D945A2E867-LeaderElection32] INFO  server.RaftServer$Division (ServerState.java:setLeader(313)) - feab20ca-06d8-4da6-9078-da7af006e724@group-24D945A2E867: change Leader from null to feab20ca-06d8-4da6-9078-da7af006e724 at term 1 for becomeLeader, leader elected after 5154ms
2023-03-09 15:00:01,171 [feab20ca-06d8-4da6-9078-da7af006e724@group-24D945A2E867-LeaderElection32] INFO  server.RaftServerConfigKeys (ConfUtils.java:logGet(46)) - raft.server.staging.catchup.gap = 1000 (default)
2023-03-09 15:00:01,171 [feab20ca-06d8-4da6-9078-da7af006e724@group-24D945A2E867-LeaderElection32] INFO  server.RaftServerConfigKeys (ConfUtils.java:logGet(46)) - raft.server.write.element-limit = 1024 (custom)
2023-03-09 15:00:01,171 [feab20ca-06d8-4da6-9078-da7af006e724@group-24D945A2E867-LeaderElection32] INFO  server.RaftServerConfigKeys (ConfUtils.java:logGet(46)) - raft.server.write.byte-limit = 1024 M (=1073741824) (custom)
2023-03-09 15:00:01,172 [feab20ca-06d8-4da6-9078-da7af006e724@group-24D945A2E867-LeaderElection32] INFO  server.RaftServerConfigKeys (ConfUtils.java:logGet(46)) - raft.server.watch.timeout = 180s (custom)
2023-03-09 15:00:01,172 [feab20ca-06d8-4da6-9078-da7af006e724@group-24D945A2E867-LeaderElection32] INFO  server.RaftServerConfigKeys (ConfUtils.java:logGet(46)) - raft.server.watch.timeout.denomination = 1s (default)
2023-03-09 15:00:01,172 [feab20ca-06d8-4da6-9078-da7af006e724@group-24D945A2E867-LeaderElection32] INFO  server.RaftServerConfigKeys (ConfUtils.java:logGet(46)) - raft.server.watch.element-limit = 65536 (default)
2023-03-09 15:00:01,172 [feab20ca-06d8-4da6-9078-da7af006e724@group-24D945A2E867-LeaderElection32] INFO  server.RaftServerConfigKeys (ConfUtils.java:logGet(46)) - raft.server.write.element-limit = 1024 (custom)
2023-03-09 15:00:01,172 [feab20ca-06d8-4da6-9078-da7af006e724@group-24D945A2E867-LeaderElection32] INFO  server.RaftServerConfigKeys (ConfUtils.java:logGet(46)) - raft.server.write.follower.gap.ratio.max = -1.0 (default)
2023-03-09 15:00:01,172 [feab20ca-06d8-4da6-9078-da7af006e724@group-24D945A2E867-LeaderElection32] INFO  impl.RoleInfo (RoleInfo.java:updateAndGet(139)) - feab20ca-06d8-4da6-9078-da7af006e724: start feab20ca-06d8-4da6-9078-da7af006e724@group-24D945A2E867-LeaderStateImpl
2023-03-09 15:00:01,173 [feab20ca-06d8-4da6-9078-da7af006e724@group-24D945A2E867-LeaderElection32] INFO  segmented.SegmentedRaftLogWorker (SegmentedRaftLogWorker.java:startLogSegment(452)) - feab20ca-06d8-4da6-9078-da7af006e724@group-24D945A2E867-SegmentedRaftLogWorker: Starting segment from index:0
2023-03-09 15:00:01,183 [feab20ca-06d8-4da6-9078-da7af006e724@group-24D945A2E867-LeaderElection32] INFO  server.RaftServer$Division (ServerState.java:setRaftConf(430)) - feab20ca-06d8-4da6-9078-da7af006e724@group-24D945A2E867: set configuration 0: peers:[feab20ca-06d8-4da6-9078-da7af006e724|rpc:127.0.0.1:45775|dataStream:127.0.0.1:42183|priority:1|startupRole:FOLLOWER]|listeners:[], old=null
2023-03-09 15:00:01,187 [feab20ca-06d8-4da6-9078-da7af006e724@group-24D945A2E867-SegmentedRaftLogWorker] INFO  segmented.SegmentedRaftLogWorker (SegmentedRaftLogWorker.java:execute(656)) - feab20ca-06d8-4da6-9078-da7af006e724@group-24D945A2E867-SegmentedRaftLogWorker: created new log segment /home/runner/work/ozone/ozone/hadoop-ozone/integration-test/target/test-dir/MiniOzoneClusterImpl-0be2ff2d-c2a8-4ed5-ac17-c4684e36ac53/datanode-2/data/ratis/175ced7f-6934-426a-8f18-24d945a2e867/current/log_inprogress_0
2023-03-09 15:00:01,260 [EndpointStateMachine task thread for /127.0.0.1:40177 - 0 ] INFO  ipc.Client (Client.java:handleConnectionFailure(1010)) - Retrying connect to server: localhost/127.0.0.1:40177. Already tried 1 time(s); retry policy is RetryUpToMaximumCountWithFixedSleep(maxRetries=15, sleepTime=1000 MILLISECONDS)
2023-03-09 15:00:02,260 [EndpointStateMachine task thread for /127.0.0.1:40177 - 0 ] INFO  ipc.Client (Client.java:handleConnectionFailure(1010)) - Retrying connect to server: localhost/127.0.0.1:40177. Already tried 2 time(s); retry policy is RetryUpToMaximumCountWithFixedSleep(maxRetries=15, sleepTime=1000 MILLISECONDS)
2023-03-09 15:00:03,261 [EndpointStateMachine task thread for /127.0.0.1:40177 - 0 ] INFO  ipc.Client (Client.java:handleConnectionFailure(1010)) - Retrying connect to server: localhost/127.0.0.1:40177. Already tried 3 time(s); retry policy is RetryUpToMaximumCountWithFixedSleep(maxRetries=15, sleepTime=1000 MILLISECONDS)
2023-03-09 15:00:04,262 [EndpointStateMachine task thread for /127.0.0.1:40177 - 0 ] INFO  ipc.Client (Client.java:handleConnectionFailure(1010)) - Retrying connect to server: localhost/127.0.0.1:40177. Already tried 4 time(s); retry policy is RetryUpToMaximumCountWithFixedSleep(maxRetries=15, sleepTime=1000 MILLISECONDS)
2023-03-09 15:00:05,263 [EndpointStateMachine task thread for /127.0.0.1:40177 - 0 ] INFO  ipc.Client (Client.java:handleConnectionFailure(1010)) - Retrying connect to server: localhost/127.0.0.1:40177. Already tried 5 time(s); retry policy is RetryUpToMaximumCountWithFixedSleep(maxRetries=15, sleepTime=1000 MILLISECONDS)
2023-03-09 15:00:06,264 [EndpointStateMachine task thread for /127.0.0.1:40177 - 0 ] INFO  ipc.Client (Client.java:handleConnectionFailure(1010)) - Retrying connect to server: localhost/127.0.0.1:40177. Already tried 6 time(s); retry policy is RetryUpToMaximumCountWithFixedSleep(maxRetries=15, sleepTime=1000 MILLISECONDS)
2023-03-09 15:00:07,265 [EndpointStateMachine task thread for /127.0.0.1:40177 - 0 ] INFO  ipc.Client (Client.java:handleConnectionFailure(1010)) - Retrying connect to server: localhost/127.0.0.1:40177. Already tried 7 time(s); retry policy is RetryUpToMaximumCountWithFixedSleep(maxRetries=15, sleepTime=1000 MILLISECONDS)
2023-03-09 15:00:08,266 [EndpointStateMachine task thread for /127.0.0.1:40177 - 0 ] INFO  ipc.Client (Client.java:handleConnectionFailure(1010)) - Retrying connect to server: localhost/127.0.0.1:40177. Already tried 8 time(s); retry policy is RetryUpToMaximumCountWithFixedSleep(maxRetries=15, sleepTime=1000 MILLISECONDS)
2023-03-09 15:00:09,266 [EndpointStateMachine task thread for /127.0.0.1:40177 - 0 ] INFO  ipc.Client (Client.java:handleConnectionFailure(1010)) - Retrying connect to server: localhost/127.0.0.1:40177. Already tried 9 time(s); retry policy is RetryUpToMaximumCountWithFixedSleep(maxRetries=15, sleepTime=1000 MILLISECONDS)
2023-03-09 15:00:10,267 [EndpointStateMachine task thread for /127.0.0.1:40177 - 0 ] INFO  ipc.Client (Client.java:handleConnectionFailure(1010)) - Retrying connect to server: localhost/127.0.0.1:40177. Already tried 10 time(s); retry policy is RetryUpToMaximumCountWithFixedSleep(maxRetries=15, sleepTime=1000 MILLISECONDS)
2023-03-09 15:00:10,915 [Listener at 127.0.0.1/46569] INFO  ha.OMHANodeDetails (OMHANodeDetails.java:loadOMHAConfig(121)) - ServiceID for OzoneManager is om-add-remove
2023-03-09 15:00:10,916 [Listener at 127.0.0.1/46569] INFO  ha.OMHANodeDetails (OMHANodeDetails.java:loadOMHAConfig(201)) - Found matching OM address with OMServiceId: om-add-remove, OMNodeId: omNode-bootstrap-1, RPC Address: localhost:34797 and Ratis port: 39301
2023-03-09 15:00:10,916 [Listener at 127.0.0.1/46569] INFO  ha.OMHANodeDetails (ConfUtils.java:setNodeSpecificConfigs(97)) - Setting configuration key ozone.om.http-address with value of key ozone.om.http-address.om-add-remove.omNode-bootstrap-1: 127.0.0.1:41257
2023-03-09 15:00:10,916 [Listener at 127.0.0.1/46569] INFO  ha.OMHANodeDetails (ConfUtils.java:setNodeSpecificConfigs(97)) - Setting configuration key ozone.om.https-address with value of key ozone.om.https-address.om-add-remove.omNode-bootstrap-1: 127.0.0.1:44027
2023-03-09 15:00:10,916 [Listener at 127.0.0.1/46569] INFO  ha.OMHANodeDetails (ConfUtils.java:setNodeSpecificConfigs(97)) - Setting configuration key ozone.om.address with value of key ozone.om.address.om-add-remove.omNode-bootstrap-1: 127.0.0.1:34797
2023-03-09 15:00:10,916 [Listener at 127.0.0.1/46569] WARN  server.ServerUtils (ServerUtils.java:getDBPath(225)) - ozone.om.db.dirs is not configured. We recommend adding this setting. Falling back to ozone.metadata.dirs instead.
2023-03-09 15:00:10,917 [Listener at 127.0.0.1/46569] INFO  ha.SCMNodeInfo (SCMNodeInfo.java:getPort(197)) - ConfigKey ozone.scm.client.address is deprecated, For configuring different ports for each SCM use PortConfigKey ozone.scm.client.port appended with serviceId and nodeId
2023-03-09 15:00:10,917 [Listener at 127.0.0.1/46569] INFO  ha.SCMNodeInfo (SCMNodeInfo.java:getPort(197)) - ConfigKey ozone.scm.block.client.address is deprecated, For configuring different ports for each SCM use PortConfigKey ozone.scm.block.client.port appended with serviceId and nodeId
2023-03-09 15:00:10,917 [Listener at 127.0.0.1/46569] INFO  ha.SCMNodeInfo (SCMNodeInfo.java:getPort(197)) - ConfigKey ozone.scm.datanode.address is deprecated, For configuring different ports for each SCM use PortConfigKey ozone.scm.datanode.port appended with serviceId and nodeId
2023-03-09 15:00:10,917 [Listener at 127.0.0.1/46569] INFO  proxy.SCMBlockLocationFailoverProxyProvider (SCMBlockLocationFailoverProxyProvider.java:<init>(114)) - Created block location fail-over proxy with 1 nodes: [nodeId=scmNode-1,nodeAddress=/127.0.0.1:38735]
OM initialization succeeded.Current cluster id for sd=/home/runner/work/ozone/ozone/hadoop-ozone/integration-test/target/test-dir/MiniOzoneClusterImpl-0be2ff2d-c2a8-4ed5-ac17-c4684e36ac53/omNode-bootstrap-1/om;cid=0be2ff2d-c2a8-4ed5-ac17-c4684e36ac53;layoutVersion=3
2023-03-09 15:00:10,932 [Listener at 127.0.0.1/46569] INFO  ha.OMHANodeDetails (OMHANodeDetails.java:loadOMHAConfig(121)) - ServiceID for OzoneManager is om-add-remove
2023-03-09 15:00:10,932 [Listener at 127.0.0.1/46569] INFO  ha.OMHANodeDetails (OMHANodeDetails.java:loadOMHAConfig(201)) - Found matching OM address with OMServiceId: om-add-remove, OMNodeId: omNode-bootstrap-1, RPC Address: localhost:34797 and Ratis port: 39301
2023-03-09 15:00:10,932 [Listener at 127.0.0.1/46569] INFO  ha.OMHANodeDetails (ConfUtils.java:setNodeSpecificConfigs(97)) - Setting configuration key ozone.om.http-address with value of key ozone.om.http-address.om-add-remove.omNode-bootstrap-1: 127.0.0.1:41257
2023-03-09 15:00:10,933 [Listener at 127.0.0.1/46569] INFO  ha.OMHANodeDetails (ConfUtils.java:setNodeSpecificConfigs(97)) - Setting configuration key ozone.om.https-address with value of key ozone.om.https-address.om-add-remove.omNode-bootstrap-1: 127.0.0.1:44027
2023-03-09 15:00:10,933 [Listener at 127.0.0.1/46569] INFO  ha.OMHANodeDetails (ConfUtils.java:setNodeSpecificConfigs(97)) - Setting configuration key ozone.om.address with value of key ozone.om.address.om-add-remove.omNode-bootstrap-1: 127.0.0.1:34797
2023-03-09 15:00:10,933 [Listener at 127.0.0.1/46569] WARN  server.ServerUtils (ServerUtils.java:getDBPath(225)) - ozone.om.db.dirs is not configured. We recommend adding this setting. Falling back to ozone.metadata.dirs instead.
2023-03-09 15:00:10,935 [Listener at 127.0.0.1/46569] INFO  upgrade.AbstractLayoutVersionManager (AbstractLayoutVersionManager.java:init(83)) - Initializing Layout version manager with metadata layout = MULTITENANCY_SCHEMA (version = 3), software layout = MULTITENANCY_SCHEMA (version = 3)
2023-03-09 15:00:11,013 [Listener at 127.0.0.1/46569] INFO  reflections.Reflections (Reflections.java:scan(232)) - Reflections took 75 ms to scan 2 urls, producing 167 keys and 459 values [using 2 cores]
2023-03-09 15:00:11,013 [Listener at 127.0.0.1/46569] INFO  upgrade.OMLayoutVersionManager (OMLayoutVersionManager.java:lambda$0(115)) - Skipping Upgrade Action MockOmUpgradeAction since it has been finalized.
2023-03-09 15:00:11,013 [Listener at 127.0.0.1/46569] WARN  server.ServerUtils (ServerUtils.java:getDBPath(225)) - ozone.om.db.dirs is not configured. We recommend adding this setting. Falling back to ozone.metadata.dirs instead.
2023-03-09 15:00:11,014 [Listener at 127.0.0.1/46569] INFO  ha.SCMNodeInfo (SCMNodeInfo.java:getPort(197)) - ConfigKey ozone.scm.client.address is deprecated, For configuring different ports for each SCM use PortConfigKey ozone.scm.client.port appended with serviceId and nodeId
2023-03-09 15:00:11,014 [Listener at 127.0.0.1/46569] INFO  ha.SCMNodeInfo (SCMNodeInfo.java:getPort(197)) - ConfigKey ozone.scm.block.client.address is deprecated, For configuring different ports for each SCM use PortConfigKey ozone.scm.block.client.port appended with serviceId and nodeId
2023-03-09 15:00:11,014 [Listener at 127.0.0.1/46569] INFO  ha.SCMNodeInfo (SCMNodeInfo.java:getPort(197)) - ConfigKey ozone.scm.datanode.address is deprecated, For configuring different ports for each SCM use PortConfigKey ozone.scm.datanode.port appended with serviceId and nodeId
2023-03-09 15:00:11,015 [Listener at 127.0.0.1/46569] INFO  ha.SCMNodeInfo (SCMNodeInfo.java:getPort(197)) - ConfigKey ozone.scm.client.address is deprecated, For configuring different ports for each SCM use PortConfigKey ozone.scm.client.port appended with serviceId and nodeId
2023-03-09 15:00:11,016 [Listener at 127.0.0.1/46569] INFO  ha.SCMNodeInfo (SCMNodeInfo.java:getPort(197)) - ConfigKey ozone.scm.block.client.address is deprecated, For configuring different ports for each SCM use PortConfigKey ozone.scm.block.client.port appended with serviceId and nodeId
2023-03-09 15:00:11,016 [Listener at 127.0.0.1/46569] INFO  ha.SCMNodeInfo (SCMNodeInfo.java:getPort(197)) - ConfigKey ozone.scm.datanode.address is deprecated, For configuring different ports for each SCM use PortConfigKey ozone.scm.datanode.port appended with serviceId and nodeId
2023-03-09 15:00:11,016 [Listener at 127.0.0.1/46569] INFO  proxy.SCMBlockLocationFailoverProxyProvider (SCMBlockLocationFailoverProxyProvider.java:<init>(114)) - Created block location fail-over proxy with 1 nodes: [nodeId=scmNode-1,nodeAddress=/127.0.0.1:38735]
2023-03-09 15:00:11,017 [Listener at 127.0.0.1/46569] INFO  ha.SCMNodeInfo (SCMNodeInfo.java:getPort(197)) - ConfigKey ozone.scm.client.address is deprecated, For configuring different ports for each SCM use PortConfigKey ozone.scm.client.port appended with serviceId and nodeId
2023-03-09 15:00:11,017 [Listener at 127.0.0.1/46569] INFO  ha.SCMNodeInfo (SCMNodeInfo.java:getPort(197)) - ConfigKey ozone.scm.block.client.address is deprecated, For configuring different ports for each SCM use PortConfigKey ozone.scm.block.client.port appended with serviceId and nodeId
2023-03-09 15:00:11,018 [Listener at 127.0.0.1/46569] INFO  ha.SCMNodeInfo (SCMNodeInfo.java:getPort(197)) - ConfigKey ozone.scm.datanode.address is deprecated, For configuring different ports for each SCM use PortConfigKey ozone.scm.datanode.port appended with serviceId and nodeId
2023-03-09 15:00:11,018 [Listener at 127.0.0.1/46569] INFO  proxy.SCMBlockLocationFailoverProxyProvider (SCMBlockLocationFailoverProxyProvider.java:<init>(114)) - Created block location fail-over proxy with 1 nodes: [nodeId=scmNode-1,nodeAddress=/127.0.0.1:38735]
2023-03-09 15:00:11,029 [Listener at 127.0.0.1/46569] INFO  om.OzoneManager (OzoneManager.java:<init>(619)) - OM start with adminUsers: [runner]
2023-03-09 15:00:11,031 [Listener at 127.0.0.1/46569] WARN  server.ServerUtils (ServerUtils.java:getDBPath(225)) - ozone.om.db.dirs is not configured. We recommend adding this setting. Falling back to ozone.metadata.dirs instead.
2023-03-09 15:00:11,032 [Listener at 127.0.0.1/46569] INFO  codec.OmKeyInfoCodec (OmKeyInfoCodec.java:<init>(49)) - OmKeyInfoCodec ignorePipeline = true
2023-03-09 15:00:11,032 [Listener at 127.0.0.1/46569] INFO  codec.RepeatedOmKeyInfoCodec (RepeatedOmKeyInfoCodec.java:<init>(41)) - RepeatedOmKeyInfoCodec ignorePipeline = true
2023-03-09 15:00:11,269 [EndpointStateMachine task thread for /127.0.0.1:40177 - 0 ] INFO  ipc.Client (Client.java:handleConnectionFailure(1010)) - Retrying connect to server: localhost/127.0.0.1:40177. Already tried 11 time(s); retry policy is RetryUpToMaximumCountWithFixedSleep(maxRetries=15, sleepTime=1000 MILLISECONDS)
2023-03-09 15:00:11,292 [Listener at 127.0.0.1/46569] INFO  om.OzoneManager (OzoneManager.java:instantiateServices(749)) - S3 Multi-Tenancy is disabled
2023-03-09 15:00:11,293 [Listener at 127.0.0.1/46569] WARN  server.ServerUtils (ServerUtils.java:getDBPath(225)) - ozone.om.snapshot.diff.db.dir is not configured. We recommend adding this setting. Falling back to ozone.metadata.dirs instead.
2023-03-09 15:00:11,312 [Listener at 127.0.0.1/46569] INFO  om.OzoneManager (OzoneManager.java:addS3GVolumeToDB(4217)) - Created Volume s3v With Owner runner required for S3Gateway operations.
2023-03-09 15:00:11,313 [Listener at 127.0.0.1/46569] WARN  server.ServerUtils (ServerUtils.java:getDefaultRatisDirectory(237)) - Storage directory for Ratis is not configured. It is a good idea to map this to an SSD disk. Falling back to ozone.metadata.dirs
2023-03-09 15:00:11,313 [Listener at 127.0.0.1/46569] WARN  utils.OzoneManagerRatisUtils (OzoneManagerRatisUtils.java:getOMRatisSnapshotDirectory(436)) - ozone.om.ratis.snapshot.dir is not configured. Falling back to ozone.metadata.dirs config
2023-03-09 15:00:11,313 [Listener at 127.0.0.1/46569] INFO  snapshot.OzoneManagerSnapshotProvider (OzoneManagerSnapshotProvider.java:<init>(76)) - Initializing OM Snapshot Provider
2023-03-09 15:00:11,315 [Listener at 127.0.0.1/46569] WARN  impl.MetricRegistriesImpl (MetricRegistriesImpl.java:addReporterRegistration(111)) - New reporters are added after registries were created. Some metrics will be missing from the reporter. Please add reporter before adding any new registry.
2023-03-09 15:00:11,315 [Listener at 127.0.0.1/46569] WARN  impl.MetricRegistriesImpl (MetricRegistriesImpl.java:addReporterRegistration(111)) - New reporters are added after registries were created. Some metrics will be missing from the reporter. Please add reporter before adding any new registry.
2023-03-09 15:00:11,316 [Listener at 127.0.0.1/46569] WARN  server.ServerUtils (ServerUtils.java:getDefaultRatisDirectory(237)) - Storage directory for Ratis is not configured. It is a good idea to map this to an SSD disk. Falling back to ozone.metadata.dirs
2023-03-09 15:00:11,317 [Listener at 127.0.0.1/46569] INFO  ratis.OzoneManagerRatisServer (OzoneManagerRatisServer.java:<init>(157)) - OM started in Bootstrap mode. Instantiating OM Ratis server with groupID: om-add-remove
2023-03-09 15:00:11,317 [Listener at 127.0.0.1/46569] INFO  ratis.OzoneManagerStateMachine (OzoneManagerStateMachine.java:loadSnapshotInfoFromDB(636)) - LastAppliedIndex is set from TransactionInfo from OM DB as (t:0, i:~)
2023-03-09 15:00:11,319 [Listener at 127.0.0.1/46569] INFO  server.RaftServer (ConfUtils.java:logGet(46)) - raft.rpc.type = GRPC (default)
2023-03-09 15:00:11,319 [Listener at 127.0.0.1/46569] INFO  grpc.GrpcConfigKeys (ConfUtils.java:logFallback(53)) - raft.grpc.admin.host = null (fallback to raft.grpc.server.host)
2023-03-09 15:00:11,320 [Listener at 127.0.0.1/46569] INFO  grpc.GrpcConfigKeys (ConfUtils.java:logFallback(53)) - raft.grpc.admin.port = 39301 (fallback to raft.grpc.server.port)
2023-03-09 15:00:11,320 [Listener at 127.0.0.1/46569] INFO  grpc.GrpcConfigKeys (ConfUtils.java:logFallback(53)) - raft.grpc.client.host = null (fallback to raft.grpc.server.host)
2023-03-09 15:00:11,320 [Listener at 127.0.0.1/46569] INFO  grpc.GrpcConfigKeys (ConfUtils.java:logFallback(53)) - raft.grpc.client.port = 39301 (fallback to raft.grpc.server.port)
2023-03-09 15:00:11,320 [Listener at 127.0.0.1/46569] INFO  grpc.GrpcConfigKeys (ConfUtils.java:logGet(46)) - raft.grpc.server.host = null (default)
2023-03-09 15:00:11,320 [Listener at 127.0.0.1/46569] INFO  grpc.GrpcConfigKeys (ConfUtils.java:logGet(46)) - raft.grpc.server.port = 39301 (custom)
2023-03-09 15:00:11,320 [Listener at 127.0.0.1/46569] INFO  server.GrpcService (ConfUtils.java:logGet(46)) - raft.grpc.message.size.max = 33554432 (custom)
2023-03-09 15:00:11,321 [Listener at 127.0.0.1/46569] INFO  server.RaftServerConfigKeys (ConfUtils.java:logGet(46)) - raft.server.log.appender.buffer.byte-limit = 33554432 (custom)
2023-03-09 15:00:11,321 [Listener at 127.0.0.1/46569] INFO  server.GrpcService (ConfUtils.java:logGet(46)) - raft.grpc.flow.control.window = 1MB (=1048576) (default)
2023-03-09 15:00:11,321 [Listener at 127.0.0.1/46569] INFO  server.RaftServerConfigKeys (ConfUtils.java:logGet(46)) - raft.server.rpc.request.timeout = 3000ms (default)
2023-03-09 15:00:11,321 [Listener at 127.0.0.1/46569] INFO  grpc.GrpcConfigKeys (ConfUtils.java:logGet(46)) - raft.grpc.server.heartbeat.channel = true (default)
2023-03-09 15:00:11,321 [Listener at 127.0.0.1/46569] INFO  grpc.GrpcConfigKeys (ConfUtils.java:logGet(46)) - raft.grpc.server.async.request.thread.pool.cached = true (default)
2023-03-09 15:00:11,322 [Listener at 127.0.0.1/46569] INFO  grpc.GrpcConfigKeys (ConfUtils.java:logGet(46)) - raft.grpc.server.async.request.thread.pool.size = 32 (default)
2023-03-09 15:00:11,324 [Listener at 127.0.0.1/46569] INFO  impl.DataStreamServerImpl (ConfUtils.java:logGet(46)) - raft.datastream.type = DISABLED (default)
2023-03-09 15:00:11,324 [Listener at 127.0.0.1/46569] INFO  server.RaftServerConfigKeys (ConfUtils.java:logGet(46)) - raft.server.threadpool.proxy.cached = true (default)
2023-03-09 15:00:11,324 [Listener at 127.0.0.1/46569] INFO  server.RaftServerConfigKeys (ConfUtils.java:logGet(46)) - raft.server.threadpool.proxy.size = 0 (default)
2023-03-09 15:00:11,325 [Listener at 127.0.0.1/46569] INFO  server.RaftServerConfigKeys (ConfUtils.java:logGet(46)) - raft.server.rpc.slowness.timeout = 2s (custom)
2023-03-09 15:00:11,325 [Listener at 127.0.0.1/46569] INFO  server.RaftServerConfigKeys (ConfUtils.java:logGet(46)) - raft.server.leaderelection.leader.step-down.wait-time = 10s (default)
2023-03-09 15:00:11,325 [Listener at 127.0.0.1/46569] INFO  server.RaftServerConfigKeys (ConfUtils.java:logGet(46)) - raft.server.storage.dir = [/home/runner/work/ozone/ozone/hadoop-ozone/integration-test/target/test-dir/MiniOzoneClusterImpl-0be2ff2d-c2a8-4ed5-ac17-c4684e36ac53/omNode-bootstrap-1/ratis] (custom)
2023-03-09 15:00:11,335 [Listener at 127.0.0.1/46569] INFO  server.RaftServer (RaftServerProxy.java:addNew(96)) - omNode-bootstrap-1: addNew group-0AAC5367B30E:[] returns group-0AAC5367B30E:java.util.concurrent.CompletableFuture@2d798972[Not completed]
2023-03-09 15:00:11,335 [Listener at 127.0.0.1/46569] INFO  om.OzoneManager (OzoneManager.java:initializeRatisServer(2096)) - OzoneManager Ratis server initialized at port 39301
2023-03-09 15:00:11,335 [Listener at 127.0.0.1/46569] INFO  om.OzoneManager (OzoneManager.java:getRpcServer(1132)) - Creating RPC Server
2023-03-09 15:00:11,336 [pool-590-thread-1] INFO  server.RaftServer$Division (RaftServerImpl.java:<init>(195)) - omNode-bootstrap-1: new RaftServerImpl for group-0AAC5367B30E:[] with OzoneManagerStateMachine:uninitialized
2023-03-09 15:00:11,336 [pool-590-thread-1] INFO  server.RaftServerConfigKeys (ConfUtils.java:logGet(46)) - raft.server.rpc.timeout.min = 1s (custom)
2023-03-09 15:00:11,336 [pool-590-thread-1] INFO  server.RaftServerConfigKeys (ConfUtils.java:logGet(46)) - raft.server.rpc.timeout.max = 1200ms (custom)
2023-03-09 15:00:11,336 [pool-590-thread-1] INFO  server.RaftServerConfigKeys (ConfUtils.java:logGet(46)) - raft.server.rpc.sleep.time = 25ms (default)
2023-03-09 15:00:11,336 [pool-590-thread-1] INFO  server.RaftServerConfigKeys (ConfUtils.java:logGet(46)) - raft.server.rpc.slowness.timeout = 2s (custom)
2023-03-09 15:00:11,339 [pool-590-thread-1] INFO  server.RaftServerConfigKeys (ConfUtils.java:logGet(46)) - raft.server.leaderelection.leader.step-down.wait-time = 10s (default)
2023-03-09 15:00:11,339 [pool-590-thread-1] INFO  server.RaftServerConfigKeys (ConfUtils.java:logGet(46)) - raft.server.sleep.deviation.threshold = 300ms (default)
2023-03-09 15:00:11,339 [pool-590-thread-1] INFO  server.RaftServer$Division (ServerState.java:<init>(118)) - omNode-bootstrap-1@group-0AAC5367B30E: ConfigurationManager, init=-1: peers:[]|listeners:[], old=null, confs=<EMPTY_MAP>
2023-03-09 15:00:11,339 [pool-590-thread-1] INFO  server.RaftServerConfigKeys (ConfUtils.java:logGet(46)) - raft.server.storage.dir = [/home/runner/work/ozone/ozone/hadoop-ozone/integration-test/target/test-dir/MiniOzoneClusterImpl-0be2ff2d-c2a8-4ed5-ac17-c4684e36ac53/omNode-bootstrap-1/ratis] (custom)
2023-03-09 15:00:11,339 [pool-590-thread-1] INFO  server.RaftServerConfigKeys (ConfUtils.java:logGet(46)) - raft.server.log.corruption.policy = EXCEPTION (default)
2023-03-09 15:00:11,339 [pool-590-thread-1] INFO  server.RaftServerConfigKeys (ConfUtils.java:logGet(46)) - raft.server.storage.free-space.min = 0MB (=0) (default)
2023-03-09 15:00:11,339 [pool-590-thread-1] INFO  server.RaftServerConfigKeys (ConfUtils.java:logGet(46)) - raft.server.notification.no-leader.timeout = 2s (custom)
2023-03-09 15:00:11,339 [pool-590-thread-1] INFO  server.RaftServerConfigKeys (ConfUtils.java:logGet(46)) - raft.server.retrycache.expirytime = 300s (custom)
2023-03-09 15:00:11,339 [pool-590-thread-1] INFO  server.RaftServerConfigKeys (ConfUtils.java:logGet(46)) - raft.server.retrycache.statistics.expirytime = 100μs (default)
2023-03-09 15:00:11,340 [pool-590-thread-1] INFO  server.RaftServerConfigKeys (ConfUtils.java:logGet(46)) - raft.server.log.appender.install.snapshot.enabled = false (custom)
2023-03-09 15:00:11,340 [pool-590-thread-1] INFO  server.RaftServerConfigKeys (ConfUtils.java:logGet(46)) - raft.server.threadpool.server.cached = true (default)
2023-03-09 15:00:11,340 [pool-590-thread-1] INFO  server.RaftServerConfigKeys (ConfUtils.java:logGet(46)) - raft.server.threadpool.server.size = 0 (default)
2023-03-09 15:00:11,340 [pool-590-thread-1] INFO  server.RaftServerConfigKeys (ConfUtils.java:logGet(46)) - raft.server.threadpool.client.cached = true (default)
2023-03-09 15:00:11,340 [pool-590-thread-1] INFO  server.RaftServerConfigKeys (ConfUtils.java:logGet(46)) - raft.server.threadpool.client.size = 0 (default)
2023-03-09 15:00:11,685 [Listener at 127.0.0.1/46569] INFO  reflections.Reflections (Reflections.java:scan(232)) - Reflections took 347 ms to scan 19 urls, producing 68 keys and 4914 values [using 2 cores]
2023-03-09 15:00:11,686 [Listener at 127.0.0.1/46569] INFO  ipc.CallQueueManager (CallQueueManager.java:<init>(90)) - Using callQueue: class java.util.concurrent.LinkedBlockingQueue, queueCapacity: 2000, scheduler: class org.apache.hadoop.ipc.DefaultRpcScheduler, ipcBackoff: false.
2023-03-09 15:00:11,688 [Socket Reader #1 for port 34797] INFO  ipc.Server (Server.java:run(1273)) - Starting Socket Reader #1 for port 34797
2023-03-09 15:00:11,723 [Listener at 127.0.0.1/34797] ERROR om.OzoneManager (OzoneManager.java:checkConfigBeforeBootstrap(1758)) - Remote OM config check failed on OM omNode-1
java.io.IOException: Remote OM omNode-1 does not have the bootstrapping OM(omNode-bootstrap-1) information on reloading configs or it could not resolve the address.
	at org.apache.hadoop.ozone.om.OzoneManager.checkRemoteOMConfig(OzoneManager.java:1790)
	at org.apache.hadoop.ozone.om.OzoneManager.checkConfigBeforeBootstrap(OzoneManager.java:1756)
	at org.apache.hadoop.ozone.om.OzoneManager.start(OzoneManager.java:1543)
	at org.apache.hadoop.ozone.MiniOzoneHAClusterImpl$MiniOzoneHAService.startInactiveService(MiniOzoneHAClusterImpl.java:1034)
	at org.apache.hadoop.ozone.MiniOzoneHAClusterImpl.startInactiveOM(MiniOzoneHAClusterImpl.java:214)
	at org.apache.hadoop.ozone.MiniOzoneHAClusterImpl.bootstrapNewOM(MiniOzoneHAClusterImpl.java:868)
	at org.apache.hadoop.ozone.MiniOzoneHAClusterImpl.bootstrapOzoneManager(MiniOzoneHAClusterImpl.java:778)
	at org.apache.hadoop.ozone.om.TestAddRemoveOzoneManager.testBootstrapWithoutConfigUpdate(TestAddRemoveOzoneManager.java:233)
	at sun.reflect.NativeMethodAccessorImpl.invoke0(Native Method)
	at sun.reflect.NativeMethodAccessorImpl.invoke(NativeMethodAccessorImpl.java:62)
	at sun.reflect.DelegatingMethodAccessorImpl.invoke(DelegatingMethodAccessorImpl.java:43)
	at java.lang.reflect.Method.invoke(Method.java:498)
	at org.junit.platform.commons.util.ReflectionUtils.invokeMethod(ReflectionUtils.java:725)
	at org.junit.jupiter.engine.execution.MethodInvocation.proceed(MethodInvocation.java:60)
	at org.junit.jupiter.engine.execution.InvocationInterceptorChain$ValidatingInvocation.proceed(InvocationInterceptorChain.java:131)
	at org.junit.jupiter.engine.extension.TimeoutInvocation.proceed(TimeoutInvocation.java:46)
	at org.junit.jupiter.engine.extension.TimeoutExtension.intercept(TimeoutExtension.java:149)
	at org.junit.jupiter.engine.extension.TimeoutExtension.interceptTestableMethod(TimeoutExtension.java:140)
	at org.junit.jupiter.engine.extension.TimeoutExtension.interceptTestMethod(TimeoutExtension.java:84)
	at org.junit.jupiter.engine.execution.ExecutableInvoker$ReflectiveInterceptorCall.lambda$ofVoidMethod$0(ExecutableInvoker.java:115)
	at org.junit.jupiter.engine.execution.ExecutableInvoker.lambda$invoke$0(ExecutableInvoker.java:105)
	at org.junit.jupiter.engine.execution.InvocationInterceptorChain$InterceptedInvocation.proceed(InvocationInterceptorChain.java:106)
	at org.junit.jupiter.engine.execution.InvocationInterceptorChain.proceed(InvocationInterceptorChain.java:64)
	at org.junit.jupiter.engine.execution.InvocationInterceptorChain.chainAndInvoke(InvocationInterceptorChain.java:45)
	at org.junit.jupiter.engine.execution.InvocationInterceptorChain.invoke(InvocationInterceptorChain.java:37)
	at org.junit.jupiter.engine.execution.ExecutableInvoker.invoke(ExecutableInvoker.java:104)
	at org.junit.jupiter.engine.execution.ExecutableInvoker.invoke(ExecutableInvoker.java:98)
	at org.junit.jupiter.engine.descriptor.TestMethodTestDescriptor.lambda$invokeTestMethod$7(TestMethodTestDescriptor.java:214)
	at org.junit.platform.engine.support.hierarchical.ThrowableCollector.execute(ThrowableCollector.java:73)
	at org.junit.jupiter.engine.descriptor.TestMethodTestDescriptor.invokeTestMethod(TestMethodTestDescriptor.java:210)
	at org.junit.jupiter.engine.descriptor.TestMethodTestDescriptor.execute(TestMethodTestDescriptor.java:135)
	at org.junit.jupiter.engine.descriptor.TestMethodTestDescriptor.execute(TestMethodTestDescriptor.java:66)
	at org.junit.platform.engine.support.hierarchical.NodeTestTask.lambda$executeRecursively$6(NodeTestTask.java:151)
	at org.junit.platform.engine.support.hierarchical.ThrowableCollector.execute(ThrowableCollector.java:73)
	at org.junit.platform.engine.support.hierarchical.NodeTestTask.lambda$executeRecursively$8(NodeTestTask.java:141)
	at org.junit.platform.engine.support.hierarchical.Node.around(Node.java:137)
	at org.junit.platform.engine.support.hierarchical.NodeTestTask.lambda$executeRecursively$9(NodeTestTask.java:139)
	at org.junit.platform.engine.support.hierarchical.ThrowableCollector.execute(ThrowableCollector.java:73)
	at org.junit.platform.engine.support.hierarchical.NodeTestTask.executeRecursively(NodeTestTask.java:138)
	at org.junit.platform.engine.support.hierarchical.NodeTestTask.execute(NodeTestTask.java:95)
	at java.util.ArrayList.forEach(ArrayList.java:1259)
	at org.junit.platform.engine.support.hierarchical.SameThreadHierarchicalTestExecutorService.invokeAll(SameThreadHierarchicalTestExecutorService.java:41)
	at org.junit.platform.engine.support.hierarchical.NodeTestTask.lambda$executeRecursively$6(NodeTestTask.java:155)
	at org.junit.platform.engine.support.hierarchical.ThrowableCollector.execute(ThrowableCollector.java:73)
	at org.junit.platform.engine.support.hierarchical.NodeTestTask.lambda$executeRecursively$8(NodeTestTask.java:141)
	at org.junit.platform.engine.support.hierarchical.Node.around(Node.java:137)
	at org.junit.platform.engine.support.hierarchical.NodeTestTask.lambda$executeRecursively$9(NodeTestTask.java:139)
	at org.junit.platform.engine.support.hierarchical.ThrowableCollector.execute(ThrowableCollector.java:73)
	at org.junit.platform.engine.support.hierarchical.NodeTestTask.executeRecursively(NodeTestTask.java:138)
	at org.junit.platform.engine.support.hierarchical.NodeTestTask.execute(NodeTestTask.java:95)
	at java.util.ArrayList.forEach(ArrayList.java:1259)
	at org.junit.platform.engine.support.hierarchical.SameThreadHierarchicalTestExecutorService.invokeAll(SameThreadHierarchicalTestExecutorService.java:41)
	at org.junit.platform.engine.support.hierarchical.NodeTestTask.lambda$executeRecursively$6(NodeTestTask.java:155)
	at org.junit.platform.engine.support.hierarchical.ThrowableCollector.execute(ThrowableCollector.java:73)
	at org.junit.platform.engine.support.hierarchical.NodeTestTask.lambda$executeRecursively$8(NodeTestTask.java:141)
	at org.junit.platform.engine.support.hierarchical.Node.around(Node.java:137)
	at org.junit.platform.engine.support.hierarchical.NodeTestTask.lambda$executeRecursively$9(NodeTestTask.java:139)
	at org.junit.platform.engine.support.hierarchical.ThrowableCollector.execute(ThrowableCollector.java:73)
	at org.junit.platform.engine.support.hierarchical.NodeTestTask.executeRecursively(NodeTestTask.java:138)
	at org.junit.platform.engine.support.hierarchical.NodeTestTask.execute(NodeTestTask.java:95)
	at org.junit.platform.engine.support.hierarchical.SameThreadHierarchicalTestExecutorService.submit(SameThreadHierarchicalTestExecutorService.java:35)
	at org.junit.platform.engine.support.hierarchical.HierarchicalTestExecutor.execute(HierarchicalTestExecutor.java:57)
	at org.junit.platform.engine.support.hierarchical.HierarchicalTestEngine.execute(HierarchicalTestEngine.java:54)
	at org.junit.platform.launcher.core.EngineExecutionOrchestrator.execute(EngineExecutionOrchestrator.java:107)
	at org.junit.platform.launcher.core.EngineExecutionOrchestrator.execute(EngineExecutionOrchestrator.java:88)
	at org.junit.platform.launcher.core.EngineExecutionOrchestrator.lambda$execute$0(EngineExecutionOrchestrator.java:54)
	at org.junit.platform.launcher.core.EngineExecutionOrchestrator.withInterceptedStreams(EngineExecutionOrchestrator.java:67)
	at org.junit.platform.launcher.core.EngineExecutionOrchestrator.execute(EngineExecutionOrchestrator.java:52)
	at org.junit.platform.launcher.core.DefaultLauncher.execute(DefaultLauncher.java:114)
	at org.junit.platform.launcher.core.DefaultLauncher.execute(DefaultLauncher.java:86)
	at org.junit.platform.launcher.core.DefaultLauncherSession$DelegatingLauncher.execute(DefaultLauncherSession.java:86)
	at org.junit.platform.launcher.core.SessionPerRequestLauncher.execute(SessionPerRequestLauncher.java:53)
	at org.apache.maven.surefire.junitplatform.JUnitPlatformProvider.invokeAllTests(JUnitPlatformProvider.java:165)
	at org.apache.maven.surefire.junitplatform.JUnitPlatformProvider.invoke(JUnitPlatformProvider.java:124)
	at org.apache.maven.surefire.booter.ForkedBooter.runSuitesInProcess(ForkedBooter.java:428)
	at org.apache.maven.surefire.booter.ForkedBooter.execute(ForkedBooter.java:162)
	at org.apache.maven.surefire.booter.ForkedBooter.run(ForkedBooter.java:562)
	at org.apache.maven.surefire.booter.ForkedBooter.main(ForkedBooter.java:548)
2023-03-09 15:00:11,724 [Listener at 127.0.0.1/34797] ERROR ozone.MiniOzoneHAClusterImpl (MiniOzoneHAClusterImpl.java:exitSystem(1092)) - omNode-bootstrap-1 - System Exit: OM [omNode-1[localhost:46569]] do not have or have incorrect information of the bootstrapping OM. Update their ozone-site.xml before proceeding.
2023-03-09 15:00:11,724 [Listener at 127.0.0.1/34797] INFO  om.OzoneManager (OzoneManager.java:stop(2155)) - omNode-bootstrap-1[localhost:34797]: Stopping Ozone Manager
2023-03-09 15:00:11,724 [Listener at 127.0.0.1/34797] INFO  ipc.Server (Server.java:stop(3428)) - Stopping server on 34797
2023-03-09 15:00:11,725 [Listener at 127.0.0.1/34797] INFO  ratis.OzoneManagerStateMachine (OzoneManagerStateMachine.java:close(499)) - StateMachine has shutdown. Shutdown OzoneManager if not already shutdown.
2023-03-09 15:00:11,725 [Listener at 127.0.0.1/34797] INFO  ratis.OzoneManagerDoubleBuffer (OzoneManagerDoubleBuffer.java:stopDaemon(540)) - Stopping OMDoubleBuffer flush thread
2023-03-09 15:00:11,725 [OMDoubleBufferFlushThread] INFO  ratis.OzoneManagerDoubleBuffer (OzoneManagerDoubleBuffer.java:canFlush(625)) - OMDoubleBuffer flush thread OMDoubleBufferFlushThread is interrupted and will exit.
2023-03-09 15:00:11,731 [Listener at 127.0.0.1/34797] INFO  ha.OMHANodeDetails (OMHANodeDetails.java:loadOMHAConfig(121)) - ServiceID for OzoneManager is om-add-remove
2023-03-09 15:00:11,731 [Listener at 127.0.0.1/34797] INFO  ha.OMHANodeDetails (OMHANodeDetails.java:loadOMHAConfig(201)) - Found matching OM address with OMServiceId: om-add-remove, OMNodeId: omNode-bootstrap-2, RPC Address: localhost:46083 and Ratis port: 42433
2023-03-09 15:00:11,731 [Listener at 127.0.0.1/34797] INFO  ha.OMHANodeDetails (ConfUtils.java:setNodeSpecificConfigs(97)) - Setting configuration key ozone.om.http-address with value of key ozone.om.http-address.om-add-remove.omNode-bootstrap-2: 127.0.0.1:42171
2023-03-09 15:00:11,732 [Listener at 127.0.0.1/34797] INFO  ha.OMHANodeDetails (ConfUtils.java:setNodeSpecificConfigs(97)) - Setting configuration key ozone.om.https-address with value of key ozone.om.https-address.om-add-remove.omNode-bootstrap-2: 127.0.0.1:40051
2023-03-09 15:00:11,732 [Listener at 127.0.0.1/34797] INFO  ha.OMHANodeDetails (ConfUtils.java:setNodeSpecificConfigs(97)) - Setting configuration key ozone.om.address with value of key ozone.om.address.om-add-remove.omNode-bootstrap-2: 127.0.0.1:46083
2023-03-09 15:00:11,733 [Listener at 127.0.0.1/34797] WARN  server.ServerUtils (ServerUtils.java:getDBPath(225)) - ozone.om.db.dirs is not configured. We recommend adding this setting. Falling back to ozone.metadata.dirs instead.
2023-03-09 15:00:11,734 [Listener at 127.0.0.1/34797] INFO  ha.SCMNodeInfo (SCMNodeInfo.java:getPort(197)) - ConfigKey ozone.scm.client.address is deprecated, For configuring different ports for each SCM use PortConfigKey ozone.scm.client.port appended with serviceId and nodeId
2023-03-09 15:00:11,735 [Listener at 127.0.0.1/34797] INFO  ha.SCMNodeInfo (SCMNodeInfo.java:getPort(197)) - ConfigKey ozone.scm.block.client.address is deprecated, For configuring different ports for each SCM use PortConfigKey ozone.scm.block.client.port appended with serviceId and nodeId
2023-03-09 15:00:11,735 [Listener at 127.0.0.1/34797] INFO  ha.SCMNodeInfo (SCMNodeInfo.java:getPort(197)) - ConfigKey ozone.scm.datanode.address is deprecated, For configuring different ports for each SCM use PortConfigKey ozone.scm.datanode.port appended with serviceId and nodeId
2023-03-09 15:00:11,735 [Listener at 127.0.0.1/34797] INFO  proxy.SCMBlockLocationFailoverProxyProvider (SCMBlockLocationFailoverProxyProvider.java:<init>(114)) - Created block location fail-over proxy with 1 nodes: [nodeId=scmNode-1,nodeAddress=/127.0.0.1:38735]
OM initialization succeeded.Current cluster id for sd=/home/runner/work/ozone/ozone/hadoop-ozone/integration-test/target/test-dir/MiniOzoneClusterImpl-0be2ff2d-c2a8-4ed5-ac17-c4684e36ac53/omNode-bootstrap-2/om;cid=0be2ff2d-c2a8-4ed5-ac17-c4684e36ac53;layoutVersion=3
2023-03-09 15:00:11,747 [Listener at 127.0.0.1/34797] INFO  ha.OMHANodeDetails (OMHANodeDetails.java:loadOMHAConfig(121)) - ServiceID for OzoneManager is om-add-remove
2023-03-09 15:00:11,747 [Listener at 127.0.0.1/34797] INFO  ha.OMHANodeDetails (OMHANodeDetails.java:loadOMHAConfig(201)) - Found matching OM address with OMServiceId: om-add-remove, OMNodeId: omNode-bootstrap-2, RPC Address: localhost:46083 and Ratis port: 42433
2023-03-09 15:00:11,748 [Listener at 127.0.0.1/34797] INFO  ha.OMHANodeDetails (ConfUtils.java:setNodeSpecificConfigs(97)) - Setting configuration key ozone.om.http-address with value of key ozone.om.http-address.om-add-remove.omNode-bootstrap-2: 127.0.0.1:42171
2023-03-09 15:00:11,748 [Listener at 127.0.0.1/34797] INFO  ha.OMHANodeDetails (ConfUtils.java:setNodeSpecificConfigs(97)) - Setting configuration key ozone.om.https-address with value of key ozone.om.https-address.om-add-remove.omNode-bootstrap-2: 127.0.0.1:40051
2023-03-09 15:00:11,748 [Listener at 127.0.0.1/34797] INFO  ha.OMHANodeDetails (ConfUtils.java:setNodeSpecificConfigs(97)) - Setting configuration key ozone.om.address with value of key ozone.om.address.om-add-remove.omNode-bootstrap-2: 127.0.0.1:46083
2023-03-09 15:00:11,748 [Listener at 127.0.0.1/34797] WARN  server.ServerUtils (ServerUtils.java:getDBPath(225)) - ozone.om.db.dirs is not configured. We recommend adding this setting. Falling back to ozone.metadata.dirs instead.
2023-03-09 15:00:11,749 [Listener at 127.0.0.1/34797] INFO  upgrade.AbstractLayoutVersionManager (AbstractLayoutVersionManager.java:init(83)) - Initializing Layout version manager with metadata layout = MULTITENANCY_SCHEMA (version = 3), software layout = MULTITENANCY_SCHEMA (version = 3)
2023-03-09 15:00:11,830 [Listener at 127.0.0.1/34797] INFO  reflections.Reflections (Reflections.java:scan(232)) - Reflections took 79 ms to scan 2 urls, producing 167 keys and 459 values [using 2 cores]
2023-03-09 15:00:11,831 [Listener at 127.0.0.1/34797] INFO  upgrade.OMLayoutVersionManager (OMLayoutVersionManager.java:lambda$0(115)) - Skipping Upgrade Action MockOmUpgradeAction since it has been finalized.
2023-03-09 15:00:11,831 [Listener at 127.0.0.1/34797] WARN  server.ServerUtils (ServerUtils.java:getDBPath(225)) - ozone.om.db.dirs is not configured. We recommend adding this setting. Falling back to ozone.metadata.dirs instead.
2023-03-09 15:00:11,832 [Listener at 127.0.0.1/34797] INFO  ha.SCMNodeInfo (SCMNodeInfo.java:getPort(197)) - ConfigKey ozone.scm.client.address is deprecated, For configuring different ports for each SCM use PortConfigKey ozone.scm.client.port appended with serviceId and nodeId
2023-03-09 15:00:11,832 [Listener at 127.0.0.1/34797] INFO  ha.SCMNodeInfo (SCMNodeInfo.java:getPort(197)) - ConfigKey ozone.scm.block.client.address is deprecated, For configuring different ports for each SCM use PortConfigKey ozone.scm.block.client.port appended with serviceId and nodeId
2023-03-09 15:00:11,832 [Listener at 127.0.0.1/34797] INFO  ha.SCMNodeInfo (SCMNodeInfo.java:getPort(197)) - ConfigKey ozone.scm.datanode.address is deprecated, For configuring different ports for each SCM use PortConfigKey ozone.scm.datanode.port appended with serviceId and nodeId
2023-03-09 15:00:11,832 [Listener at 127.0.0.1/34797] INFO  ha.SCMNodeInfo (SCMNodeInfo.java:getPort(197)) - ConfigKey ozone.scm.client.address is deprecated, For configuring different ports for each SCM use PortConfigKey ozone.scm.client.port appended with serviceId and nodeId
2023-03-09 15:00:11,832 [Listener at 127.0.0.1/34797] INFO  ha.SCMNodeInfo (SCMNodeInfo.java:getPort(197)) - ConfigKey ozone.scm.block.client.address is deprecated, For configuring different ports for each SCM use PortConfigKey ozone.scm.block.client.port appended with serviceId and nodeId
2023-03-09 15:00:11,833 [Listener at 127.0.0.1/34797] INFO  ha.SCMNodeInfo (SCMNodeInfo.java:getPort(197)) - ConfigKey ozone.scm.datanode.address is deprecated, For configuring different ports for each SCM use PortConfigKey ozone.scm.datanode.port appended with serviceId and nodeId
2023-03-09 15:00:11,833 [Listener at 127.0.0.1/34797] INFO  proxy.SCMBlockLocationFailoverProxyProvider (SCMBlockLocationFailoverProxyProvider.java:<init>(114)) - Created block location fail-over proxy with 1 nodes: [nodeId=scmNode-1,nodeAddress=/127.0.0.1:38735]
2023-03-09 15:00:11,835 [Listener at 127.0.0.1/34797] INFO  ha.SCMNodeInfo (SCMNodeInfo.java:getPort(197)) - ConfigKey ozone.scm.client.address is deprecated, For configuring different ports for each SCM use PortConfigKey ozone.scm.client.port appended with serviceId and nodeId
2023-03-09 15:00:11,835 [Listener at 127.0.0.1/34797] INFO  ha.SCMNodeInfo (SCMNodeInfo.java:getPort(197)) - ConfigKey ozone.scm.block.client.address is deprecated, For configuring different ports for each SCM use PortConfigKey ozone.scm.block.client.port appended with serviceId and nodeId
2023-03-09 15:00:11,835 [Listener at 127.0.0.1/34797] INFO  ha.SCMNodeInfo (SCMNodeInfo.java:getPort(197)) - ConfigKey ozone.scm.datanode.address is deprecated, For configuring different ports for each SCM use PortConfigKey ozone.scm.datanode.port appended with serviceId and nodeId
2023-03-09 15:00:11,835 [Listener at 127.0.0.1/34797] INFO  proxy.SCMBlockLocationFailoverProxyProvider (SCMBlockLocationFailoverProxyProvider.java:<init>(114)) - Created block location fail-over proxy with 1 nodes: [nodeId=scmNode-1,nodeAddress=/127.0.0.1:38735]
2023-03-09 15:00:11,851 [Listener at 127.0.0.1/34797] INFO  om.OzoneManager (OzoneManager.java:<init>(619)) - OM start with adminUsers: [runner]
2023-03-09 15:00:11,853 [Listener at 127.0.0.1/34797] WARN  server.ServerUtils (ServerUtils.java:getDBPath(225)) - ozone.om.db.dirs is not configured. We recommend adding this setting. Falling back to ozone.metadata.dirs instead.
2023-03-09 15:00:11,854 [Listener at 127.0.0.1/34797] INFO  codec.OmKeyInfoCodec (OmKeyInfoCodec.java:<init>(49)) - OmKeyInfoCodec ignorePipeline = true
2023-03-09 15:00:11,854 [Listener at 127.0.0.1/34797] INFO  codec.RepeatedOmKeyInfoCodec (RepeatedOmKeyInfoCodec.java:<init>(41)) - RepeatedOmKeyInfoCodec ignorePipeline = true
2023-03-09 15:00:12,092 [Listener at 127.0.0.1/34797] INFO  om.OzoneManager (OzoneManager.java:instantiateServices(749)) - S3 Multi-Tenancy is disabled
2023-03-09 15:00:12,092 [Listener at 127.0.0.1/34797] WARN  server.ServerUtils (ServerUtils.java:getDBPath(225)) - ozone.om.snapshot.diff.db.dir is not configured. We recommend adding this setting. Falling back to ozone.metadata.dirs instead.
2023-03-09 15:00:12,110 [Listener at 127.0.0.1/34797] INFO  om.OzoneManager (OzoneManager.java:addS3GVolumeToDB(4217)) - Created Volume s3v With Owner runner required for S3Gateway operations.
2023-03-09 15:00:12,110 [Listener at 127.0.0.1/34797] WARN  server.ServerUtils (ServerUtils.java:getDefaultRatisDirectory(237)) - Storage directory for Ratis is not configured. It is a good idea to map this to an SSD disk. Falling back to ozone.metadata.dirs
2023-03-09 15:00:12,110 [Listener at 127.0.0.1/34797] WARN  utils.OzoneManagerRatisUtils (OzoneManagerRatisUtils.java:getOMRatisSnapshotDirectory(436)) - ozone.om.ratis.snapshot.dir is not configured. Falling back to ozone.metadata.dirs config
2023-03-09 15:00:12,111 [Listener at 127.0.0.1/34797] INFO  snapshot.OzoneManagerSnapshotProvider (OzoneManagerSnapshotProvider.java:<init>(76)) - Initializing OM Snapshot Provider
2023-03-09 15:00:12,118 [Listener at 127.0.0.1/34797] WARN  server.ServerUtils (ServerUtils.java:getDefaultRatisDirectory(237)) - Storage directory for Ratis is not configured. It is a good idea to map this to an SSD disk. Falling back to ozone.metadata.dirs
2023-03-09 15:00:12,119 [Listener at 127.0.0.1/34797] INFO  ratis.OzoneManagerRatisServer (OzoneManagerRatisServer.java:<init>(157)) - OM started in Bootstrap mode. Instantiating OM Ratis server with groupID: om-add-remove
2023-03-09 15:00:12,119 [Listener at 127.0.0.1/34797] INFO  ratis.OzoneManagerStateMachine (OzoneManagerStateMachine.java:loadSnapshotInfoFromDB(636)) - LastAppliedIndex is set from TransactionInfo from OM DB as (t:0, i:~)
2023-03-09 15:00:12,122 [Listener at 127.0.0.1/34797] INFO  server.RaftServer (ConfUtils.java:logGet(46)) - raft.rpc.type = GRPC (default)
2023-03-09 15:00:12,122 [Listener at 127.0.0.1/34797] INFO  grpc.GrpcConfigKeys (ConfUtils.java:logFallback(53)) - raft.grpc.admin.host = null (fallback to raft.grpc.server.host)
2023-03-09 15:00:12,122 [Listener at 127.0.0.1/34797] INFO  grpc.GrpcConfigKeys (ConfUtils.java:logFallback(53)) - raft.grpc.admin.port = 42433 (fallback to raft.grpc.server.port)
2023-03-09 15:00:12,122 [Listener at 127.0.0.1/34797] INFO  grpc.GrpcConfigKeys (ConfUtils.java:logFallback(53)) - raft.grpc.client.host = null (fallback to raft.grpc.server.host)
2023-03-09 15:00:12,122 [Listener at 127.0.0.1/34797] INFO  grpc.GrpcConfigKeys (ConfUtils.java:logFallback(53)) - raft.grpc.client.port = 42433 (fallback to raft.grpc.server.port)
2023-03-09 15:00:12,123 [Listener at 127.0.0.1/34797] INFO  grpc.GrpcConfigKeys (ConfUtils.java:logGet(46)) - raft.grpc.server.host = null (default)
2023-03-09 15:00:12,123 [Listener at 127.0.0.1/34797] INFO  grpc.GrpcConfigKeys (ConfUtils.java:logGet(46)) - raft.grpc.server.port = 42433 (custom)
2023-03-09 15:00:12,123 [Listener at 127.0.0.1/34797] INFO  server.GrpcService (ConfUtils.java:logGet(46)) - raft.grpc.message.size.max = 33554432 (custom)
2023-03-09 15:00:12,124 [Listener at 127.0.0.1/34797] INFO  server.RaftServerConfigKeys (ConfUtils.java:logGet(46)) - raft.server.log.appender.buffer.byte-limit = 33554432 (custom)
2023-03-09 15:00:12,124 [Listener at 127.0.0.1/34797] INFO  server.GrpcService (ConfUtils.java:logGet(46)) - raft.grpc.flow.control.window = 1MB (=1048576) (default)
2023-03-09 15:00:12,124 [Listener at 127.0.0.1/34797] INFO  server.RaftServerConfigKeys (ConfUtils.java:logGet(46)) - raft.server.rpc.request.timeout = 3000ms (default)
2023-03-09 15:00:12,125 [Listener at 127.0.0.1/34797] INFO  grpc.GrpcConfigKeys (ConfUtils.java:logGet(46)) - raft.grpc.server.heartbeat.channel = true (default)
2023-03-09 15:00:12,125 [Listener at 127.0.0.1/34797] INFO  grpc.GrpcConfigKeys (ConfUtils.java:logGet(46)) - raft.grpc.server.async.request.thread.pool.cached = true (default)
2023-03-09 15:00:12,125 [Listener at 127.0.0.1/34797] INFO  grpc.GrpcConfigKeys (ConfUtils.java:logGet(46)) - raft.grpc.server.async.request.thread.pool.size = 32 (default)
2023-03-09 15:00:12,127 [Listener at 127.0.0.1/34797] INFO  impl.DataStreamServerImpl (ConfUtils.java:logGet(46)) - raft.datastream.type = DISABLED (default)
2023-03-09 15:00:12,127 [Listener at 127.0.0.1/34797] INFO  server.RaftServerConfigKeys (ConfUtils.java:logGet(46)) - raft.server.threadpool.proxy.cached = true (default)
2023-03-09 15:00:12,127 [Listener at 127.0.0.1/34797] INFO  server.RaftServerConfigKeys (ConfUtils.java:logGet(46)) - raft.server.threadpool.proxy.size = 0 (default)
2023-03-09 15:00:12,128 [Listener at 127.0.0.1/34797] INFO  server.RaftServerConfigKeys (ConfUtils.java:logGet(46)) - raft.server.rpc.slowness.timeout = 2s (custom)
2023-03-09 15:00:12,128 [Listener at 127.0.0.1/34797] INFO  server.RaftServerConfigKeys (ConfUtils.java:logGet(46)) - raft.server.leaderelection.leader.step-down.wait-time = 10s (default)
2023-03-09 15:00:12,128 [Listener at 127.0.0.1/34797] INFO  server.RaftServerConfigKeys (ConfUtils.java:logGet(46)) - raft.server.storage.dir = [/home/runner/work/ozone/ozone/hadoop-ozone/integration-test/target/test-dir/MiniOzoneClusterImpl-0be2ff2d-c2a8-4ed5-ac17-c4684e36ac53/omNode-bootstrap-2/ratis] (custom)
2023-03-09 15:00:12,130 [Listener at 127.0.0.1/34797] INFO  server.RaftServer (RaftServerProxy.java:addNew(96)) - omNode-bootstrap-2: addNew group-0AAC5367B30E:[] returns group-0AAC5367B30E:java.util.concurrent.CompletableFuture@617659a[Not completed]
2023-03-09 15:00:12,130 [Listener at 127.0.0.1/34797] INFO  om.OzoneManager (OzoneManager.java:initializeRatisServer(2096)) - OzoneManager Ratis server initialized at port 42433
2023-03-09 15:00:12,130 [Listener at 127.0.0.1/34797] INFO  om.OzoneManager (OzoneManager.java:getRpcServer(1132)) - Creating RPC Server
2023-03-09 15:00:12,132 [pool-617-thread-1] INFO  server.RaftServer$Division (RaftServerImpl.java:<init>(195)) - omNode-bootstrap-2: new RaftServerImpl for group-0AAC5367B30E:[] with OzoneManagerStateMachine:uninitialized
2023-03-09 15:00:12,133 [pool-617-thread-1] INFO  server.RaftServerConfigKeys (ConfUtils.java:logGet(46)) - raft.server.rpc.timeout.min = 1s (custom)
2023-03-09 15:00:12,133 [pool-617-thread-1] INFO  server.RaftServerConfigKeys (ConfUtils.java:logGet(46)) - raft.server.rpc.timeout.max = 1200ms (custom)
2023-03-09 15:00:12,133 [pool-617-thread-1] INFO  server.RaftServerConfigKeys (ConfUtils.java:logGet(46)) - raft.server.rpc.sleep.time = 25ms (default)
2023-03-09 15:00:12,133 [pool-617-thread-1] INFO  server.RaftServerConfigKeys (ConfUtils.java:logGet(46)) - raft.server.rpc.slowness.timeout = 2s (custom)
2023-03-09 15:00:12,133 [pool-617-thread-1] INFO  server.RaftServerConfigKeys (ConfUtils.java:logGet(46)) - raft.server.leaderelection.leader.step-down.wait-time = 10s (default)
2023-03-09 15:00:12,133 [pool-617-thread-1] INFO  server.RaftServerConfigKeys (ConfUtils.java:logGet(46)) - raft.server.sleep.deviation.threshold = 300ms (default)
2023-03-09 15:00:12,133 [pool-617-thread-1] INFO  server.RaftServer$Division (ServerState.java:<init>(118)) - omNode-bootstrap-2@group-0AAC5367B30E: ConfigurationManager, init=-1: peers:[]|listeners:[], old=null, confs=<EMPTY_MAP>
2023-03-09 15:00:12,133 [pool-617-thread-1] INFO  server.RaftServerConfigKeys (ConfUtils.java:logGet(46)) - raft.server.storage.dir = [/home/runner/work/ozone/ozone/hadoop-ozone/integration-test/target/test-dir/MiniOzoneClusterImpl-0be2ff2d-c2a8-4ed5-ac17-c4684e36ac53/omNode-bootstrap-2/ratis] (custom)
2023-03-09 15:00:12,133 [pool-617-thread-1] INFO  server.RaftServerConfigKeys (ConfUtils.java:logGet(46)) - raft.server.log.corruption.policy = EXCEPTION (default)
2023-03-09 15:00:12,133 [pool-617-thread-1] INFO  server.RaftServerConfigKeys (ConfUtils.java:logGet(46)) - raft.server.storage.free-space.min = 0MB (=0) (default)
2023-03-09 15:00:12,133 [pool-617-thread-1] INFO  server.RaftServerConfigKeys (ConfUtils.java:logGet(46)) - raft.server.notification.no-leader.timeout = 2s (custom)
2023-03-09 15:00:12,133 [pool-617-thread-1] INFO  server.RaftServerConfigKeys (ConfUtils.java:logGet(46)) - raft.server.retrycache.expirytime = 300s (custom)
2023-03-09 15:00:12,133 [pool-617-thread-1] INFO  server.RaftServerConfigKeys (ConfUtils.java:logGet(46)) - raft.server.retrycache.statistics.expirytime = 100μs (default)
2023-03-09 15:00:12,134 [pool-617-thread-1] INFO  server.RaftServerConfigKeys (ConfUtils.java:logGet(46)) - raft.server.log.appender.install.snapshot.enabled = false (custom)
2023-03-09 15:00:12,134 [pool-617-thread-1] INFO  server.RaftServerConfigKeys (ConfUtils.java:logGet(46)) - raft.server.threadpool.server.cached = true (default)
2023-03-09 15:00:12,134 [pool-617-thread-1] INFO  server.RaftServerConfigKeys (ConfUtils.java:logGet(46)) - raft.server.threadpool.server.size = 0 (default)
2023-03-09 15:00:12,134 [pool-617-thread-1] INFO  server.RaftServerConfigKeys (ConfUtils.java:logGet(46)) - raft.server.threadpool.client.cached = true (default)
2023-03-09 15:00:12,134 [pool-617-thread-1] INFO  server.RaftServerConfigKeys (ConfUtils.java:logGet(46)) - raft.server.threadpool.client.size = 0 (default)
2023-03-09 15:00:12,619 [EndpointStateMachine task thread for /127.0.0.1:40177 - 0 ] INFO  ipc.Client (Client.java:handleConnectionFailure(1010)) - Retrying connect to server: localhost/127.0.0.1:40177. Already tried 12 time(s); retry policy is RetryUpToMaximumCountWithFixedSleep(maxRetries=15, sleepTime=1000 MILLISECONDS)
2023-03-09 15:00:12,619 [JvmPauseMonitor2] WARN  util.JvmPauseMonitor (JvmPauseMonitor.java:detectPause(126)) - JvmPauseMonitor-omNode-1: Detected pause in JVM or host machine (eg GC): pause of approximately 365308299ns.
GC pool 'PS MarkSweep' had collection(s): count=1 time=280ms
GC pool 'PS Scavenge' had collection(s): count=1 time=101ms
2023-03-09 15:00:12,620 [JvmPauseMonitor18] WARN  util.JvmPauseMonitor (JvmPauseMonitor.java:detectPause(126)) - JvmPauseMonitor-2e08ab99-21b9-413b-a3c3-42a884871cc4: Detected pause in JVM or host machine (eg GC): pause of approximately 365642201ns.
GC pool 'PS MarkSweep' had collection(s): count=1 time=280ms
GC pool 'PS Scavenge' had collection(s): count=1 time=101ms
2023-03-09 15:00:12,620 [JvmPauseMonitor16] WARN  util.JvmPauseMonitor (JvmPauseMonitor.java:detectPause(126)) - JvmPauseMonitor-94489f6d-fe79-40fc-acb2-36e6df399f83: Detected pause in JVM or host machine (eg GC): pause of approximately 382835321ns.
GC pool 'PS MarkSweep' had collection(s): count=1 time=280ms
GC pool 'PS Scavenge' had collection(s): count=1 time=101ms
2023-03-09 15:00:12,896 [Listener at 127.0.0.1/34797] INFO  reflections.Reflections (Reflections.java:scan(232)) - Reflections took 765 ms to scan 19 urls, producing 68 keys and 4914 values [using 2 cores]
2023-03-09 15:00:12,897 [Listener at 127.0.0.1/34797] INFO  ipc.CallQueueManager (CallQueueManager.java:<init>(90)) - Using callQueue: class java.util.concurrent.LinkedBlockingQueue, queueCapacity: 2000, scheduler: class org.apache.hadoop.ipc.DefaultRpcScheduler, ipcBackoff: false.
2023-03-09 15:00:12,898 [Socket Reader #1 for port 46083] INFO  ipc.Server (Server.java:run(1273)) - Starting Socket Reader #1 for port 46083
2023-03-09 15:00:12,925 [Listener at 127.0.0.1/46083] WARN  om.OzoneManager (OzoneManager.java:start(1545)) - Skipped checking whether existing OM configs have been updated with this OM information as force bootstrap is called.
2023-03-09 15:00:12,925 [Listener at 127.0.0.1/46083] INFO  impl.MetricsSystemImpl (MetricsSystemImpl.java:init(158)) - OzoneManager metrics system started (again)
2023-03-09 15:00:12,936 [Listener at 127.0.0.1/46083] INFO  om.OzoneManager (OzoneManager.java:start(1553)) - OzoneManager RPC server is listening at localhost/127.0.0.1:46083
2023-03-09 15:00:12,936 [Listener at 127.0.0.1/46083] INFO  ratis.OzoneManagerRatisServer (OzoneManagerRatisServer.java:start(559)) - Starting OzoneManagerRatisServer omNode-bootstrap-2 at port 42433
2023-03-09 15:00:12,937 [omNode-bootstrap-2-impl-thread1] INFO  storage.RaftStorageDirectory (RaftStorageDirectoryImpl.java:analyzeStorage(137)) - The storage directory /home/runner/work/ozone/ozone/hadoop-ozone/integration-test/target/test-dir/MiniOzoneClusterImpl-0be2ff2d-c2a8-4ed5-ac17-c4684e36ac53/omNode-bootstrap-2/ratis/0718e334-ffa1-36bc-8e9a-0aac5367b30e does not exist. Creating ...
2023-03-09 15:00:12,940 [omNode-bootstrap-2-impl-thread1] INFO  storage.RaftStorageDirectory (RaftStorageDirectoryImpl.java:tryLock(231)) - Lock on /home/runner/work/ozone/ozone/hadoop-ozone/integration-test/target/test-dir/MiniOzoneClusterImpl-0be2ff2d-c2a8-4ed5-ac17-c4684e36ac53/omNode-bootstrap-2/ratis/0718e334-ffa1-36bc-8e9a-0aac5367b30e/in_use.lock acquired by nodename 57158@fv-az377-502
2023-03-09 15:00:12,943 [omNode-bootstrap-2-impl-thread1] INFO  storage.RaftStorage (RaftStorageImpl.java:format(96)) - Storage directory /home/runner/work/ozone/ozone/hadoop-ozone/integration-test/target/test-dir/MiniOzoneClusterImpl-0be2ff2d-c2a8-4ed5-ac17-c4684e36ac53/omNode-bootstrap-2/ratis/0718e334-ffa1-36bc-8e9a-0aac5367b30e has been successfully formatted.
2023-03-09 15:00:12,943 [omNode-bootstrap-2-impl-thread1] INFO  server.RaftServerConfigKeys (ConfUtils.java:logGet(46)) - raft.server.log.use.memory = false (default)
2023-03-09 15:00:12,943 [omNode-bootstrap-2-impl-thread1] INFO  server.RaftServerConfigKeys (ConfUtils.java:logGet(46)) - raft.server.log.purge.gap = 1000000 (custom)
2023-03-09 15:00:12,943 [omNode-bootstrap-2-impl-thread1] INFO  server.RaftServerConfigKeys (ConfUtils.java:logGet(46)) - raft.server.log.appender.buffer.byte-limit = 33554432 (custom)
2023-03-09 15:00:12,944 [omNode-bootstrap-2-impl-thread1] INFO  server.RaftServerConfigKeys (ConfUtils.java:logGet(46)) - raft.server.log.statemachine.data.read.timeout = 1000ms (default)
2023-03-09 15:00:12,944 [omNode-bootstrap-2-impl-thread1] INFO  server.RaftServerConfigKeys (ConfUtils.java:logGet(46)) - raft.server.log.purge.preservation.log.num = 0 (default)
2023-03-09 15:00:12,944 [omNode-bootstrap-2-impl-thread1] INFO  server.RaftServerConfigKeys (ConfUtils.java:logGet(46)) - raft.server.log.segment.size.max = 4194304 (custom)
2023-03-09 15:00:12,944 [omNode-bootstrap-2-impl-thread1] INFO  server.RaftServerConfigKeys (ConfUtils.java:logGet(46)) - raft.server.log.segment.cache.num.max = 2 (custom)
2023-03-09 15:00:12,944 [omNode-bootstrap-2-impl-thread1] INFO  server.RaftServerConfigKeys (ConfUtils.java:logGet(46)) - raft.server.log.segment.cache.size.max = 200MB (=209715200) (default)
2023-03-09 15:00:12,944 [omNode-bootstrap-2-impl-thread1] INFO  segmented.SegmentedRaftLogWorker (SegmentedRaftLogWorker.java:<init>(189)) - new omNode-bootstrap-2@group-0AAC5367B30E-SegmentedRaftLogWorker for RaftStorageImpl:Storage Directory /home/runner/work/ozone/ozone/hadoop-ozone/integration-test/target/test-dir/MiniOzoneClusterImpl-0be2ff2d-c2a8-4ed5-ac17-c4684e36ac53/omNode-bootstrap-2/ratis/0718e334-ffa1-36bc-8e9a-0aac5367b30e
2023-03-09 15:00:12,944 [omNode-bootstrap-2-impl-thread1] INFO  server.RaftServerConfigKeys (ConfUtils.java:logGet(46)) - raft.server.log.queue.byte-limit = 64MB (=67108864) (default)
2023-03-09 15:00:12,944 [omNode-bootstrap-2-impl-thread1] INFO  server.RaftServerConfigKeys (ConfUtils.java:logGet(46)) - raft.server.log.queue.element-limit = 4096 (default)
2023-03-09 15:00:12,944 [omNode-bootstrap-2-impl-thread1] INFO  server.RaftServerConfigKeys (ConfUtils.java:logGet(46)) - raft.server.log.segment.size.max = 4194304 (custom)
2023-03-09 15:00:12,945 [omNode-bootstrap-2-impl-thread1] INFO  server.RaftServerConfigKeys (ConfUtils.java:logGet(46)) - raft.server.log.preallocated.size = 4194304 (custom)
2023-03-09 15:00:12,945 [omNode-bootstrap-2-impl-thread1] INFO  server.RaftServerConfigKeys (ConfUtils.java:logGet(46)) - raft.server.log.force.sync.num = 128 (default)
2023-03-09 15:00:12,945 [omNode-bootstrap-2-impl-thread1] INFO  server.RaftServerConfigKeys (ConfUtils.java:logGet(46)) - raft.server.log.statemachine.data.sync = true (default)
2023-03-09 15:00:12,945 [omNode-bootstrap-2-impl-thread1] INFO  server.RaftServerConfigKeys (ConfUtils.java:logGet(46)) - raft.server.log.statemachine.data.sync.timeout = 10s (default)
2023-03-09 15:00:12,945 [omNode-bootstrap-2-impl-thread1] INFO  server.RaftServerConfigKeys (ConfUtils.java:logGet(46)) - raft.server.log.statemachine.data.sync.timeout.retry = -1 (default)
2023-03-09 15:00:12,945 [omNode-bootstrap-2-impl-thread1] INFO  server.RaftServerConfigKeys (ConfUtils.java:logGet(46)) - raft.server.log.write.buffer.size = 64KB (=65536) (default)
2023-03-09 15:00:12,945 [omNode-bootstrap-2-impl-thread1] INFO  server.RaftServerConfigKeys (ConfUtils.java:logGet(46)) - raft.server.log.appender.buffer.byte-limit = 33554432 (custom)
2023-03-09 15:00:12,952 [omNode-bootstrap-2-impl-thread1] INFO  server.RaftServerConfigKeys (ConfUtils.java:logGet(46)) - raft.server.log.unsafe-flush.enabled = false (default)
2023-03-09 15:00:12,952 [omNode-bootstrap-2-impl-thread1] INFO  server.RaftServerConfigKeys (ConfUtils.java:logGet(46)) - raft.server.log.async-flush.enabled = false (default)
2023-03-09 15:00:12,952 [omNode-bootstrap-2-impl-thread1] INFO  server.RaftServerConfigKeys (ConfUtils.java:logGet(46)) - raft.server.log.statemachine.data.caching.enabled = false (default)
2023-03-09 15:00:12,952 [omNode-bootstrap-2-impl-thread1] INFO  segmented.SegmentedRaftLogWorker (SegmentedRaftLogWorker.java:lambda$new$0(135)) - omNode-bootstrap-2@group-0AAC5367B30E-SegmentedRaftLogWorker: flushIndex: setUnconditionally 0 -> -1
2023-03-09 15:00:12,952 [omNode-bootstrap-2-impl-thread1] INFO  segmented.SegmentedRaftLogWorker (SegmentedRaftLogWorker.java:lambda$new$0(135)) - omNode-bootstrap-2@group-0AAC5367B30E-SegmentedRaftLogWorker: safeCacheEvictIndex: setUnconditionally 0 -> -1
2023-03-09 15:00:12,953 [omNode-bootstrap-2-impl-thread1] INFO  server.RaftServer$Division (RaftServerImpl.java:start(340)) - omNode-bootstrap-2@group-0AAC5367B30E: start with initializing state, conf=-1: peers:[]|listeners:[], old=null
2023-03-09 15:00:12,953 [omNode-bootstrap-2-impl-thread1] INFO  server.RaftServer$Division (RaftServerImpl.java:setRole(321)) - omNode-bootstrap-2@group-0AAC5367B30E: changes role from      null to FOLLOWER at term 0 for startInitializing
2023-03-09 15:00:12,953 [omNode-bootstrap-2-impl-thread1] INFO  util.JmxRegister (JmxRegister.java:tryRegister(44)) - Successfully registered JMX Bean with object name Ratis:service=RaftServer,group=group-0AAC5367B30E,id=omNode-bootstrap-2
2023-03-09 15:00:12,953 [omNode-bootstrap-2-impl-thread1] INFO  server.RaftServerConfigKeys (ConfUtils.java:logGet(46)) - raft.server.snapshot.auto.trigger.enabled = true (custom)
2023-03-09 15:00:12,953 [omNode-bootstrap-2-impl-thread1] INFO  server.RaftServerConfigKeys (ConfUtils.java:logGet(46)) - raft.server.snapshot.auto.trigger.threshold = 400000 (default)
2023-03-09 15:00:12,953 [omNode-bootstrap-2-impl-thread1] INFO  server.RaftServerConfigKeys (ConfUtils.java:logGet(46)) - raft.server.snapshot.retention.file.num = -1 (default)
2023-03-09 15:00:12,953 [omNode-bootstrap-2-impl-thread1] INFO  server.RaftServerConfigKeys (ConfUtils.java:logGet(46)) - raft.server.log.purge.upto.snapshot.index = true (custom)
2023-03-09 15:00:12,954 [Listener at 127.0.0.1/46083] INFO  server.RaftServer (RaftServerProxy.java:startImpl(393)) - omNode-bootstrap-2: start RPC server
2023-03-09 15:00:12,958 [Listener at 127.0.0.1/46083] INFO  server.GrpcService (GrpcService.java:startImpl(262)) - omNode-bootstrap-2: GrpcService started, listening on 42433
om.OzoneManager (2023-03-09 15:00:12,958 [JvmPauseMonitor21] INFO  util.JvmPauseMonitor (JvmPauseMonitor.java:run(105)) - JvmPauseMonitor-omNode-bootstrap-2: Started
2023-03-09 15:00:12,958 [Listener at 127.0.0.1/46083] INFO  om.OzoneManager (OzoneManager.java:start(1569)) - Version File has different layout version (3) than OM DB (null). That is expected if this OM has never been finalized to a newer layout version.
2023-03-09 15:00:12,967 [Listener at 127.0.0.1/46083] INFO  http.BaseHttpServer (BaseHttpServer.java:newHttpServer2BuilderForOzone(224)) - Starting Web-server for ozoneManager at: http://0.0.0.0:42171
2023-03-09 15:00:12,967 [Listener at 127.0.0.1/46083] INFO  http.BaseHttpServer (BaseHttpServer.java:<init>(111)) - Hadoop Security Enabled: false Ozone Security Enabled: false Ozone HTTP Security Enabled: false 
2023-03-09 15:00:12,969 [Listener at 127.0.0.1/46083] WARN  server.AuthenticationFilter (AuthenticationFilter.java:constructSecretProvider(240)) - Unable to initialize FileSignerSecretProvider, falling back to use random secrets. Reason: Could not read signature secret file: /home/runner/hadoop-http-auth-signature-secret
2023-03-09 15:00:12,969 [Listener at 127.0.0.1/46083] WARN  http.HttpRequestLog (HttpRequestLog.java:getRequestLog(103)) - Jetty request log can only be enabled using Log4j
2023-03-09 15:00:12,971 [Listener at 127.0.0.1/46083] INFO  http.HttpServer2 (HttpServer2.java:addGlobalFilter(1031)) - Added global filter 'safety' (class=org.apache.hadoop.hdds.server.http.HttpServer2$QuotingInputFilter)
2023-03-09 15:00:12,971 [Listener at 127.0.0.1/46083] INFO  http.HttpServer2 (HttpServer2.java:addFilter(1007)) - Added filter static_user_filter (class=org.apache.hadoop.http.lib.StaticUserWebFilter$StaticUserFilter) to context ozoneManager
2023-03-09 15:00:12,971 [Listener at 127.0.0.1/46083] INFO  http.HttpServer2 (HttpServer2.java:addFilter(1015)) - Added filter static_user_filter (class=org.apache.hadoop.http.lib.StaticUserWebFilter$StaticUserFilter) to context logs
2023-03-09 15:00:12,972 [Listener at 127.0.0.1/46083] INFO  http.HttpServer2 (HttpServer2.java:addFilter(1015)) - Added filter static_user_filter (class=org.apache.hadoop.http.lib.StaticUserWebFilter$StaticUserFilter) to context static
2023-03-09 15:00:12,972 [Listener at 127.0.0.1/46083] INFO  http.BaseHttpServer (BaseHttpServer.java:<init>(190)) - HTTP server of ozoneManager uses base directory /home/runner/work/ozone/ozone/hadoop-ozone/integration-test/target/test-dir/MiniOzoneClusterImpl-0be2ff2d-c2a8-4ed5-ac17-c4684e36ac53/omNode-bootstrap-2/webserver
2023-03-09 15:00:12,973 [Listener at 127.0.0.1/46083] INFO  http.HttpServer2 (HttpServer2.java:bindListener(1250)) - Jetty bound to port 42171
2023-03-09 15:00:12,973 [Listener at 127.0.0.1/46083] INFO  server.Server (Server.java:doStart(375)) - jetty-9.4.49.v20220914; built: 2022-09-14T01:07:36.601Z; git: 4231a3b2e4cb8548a412a789936d640a97b1aa0a; jvm 1.8.0_362-b09
2023-03-09 15:00:12,995 [Listener at 127.0.0.1/46083] INFO  server.session (DefaultSessionIdManager.java:doStart(334)) - DefaultSessionIdManager workerName=node0
2023-03-09 15:00:12,995 [Listener at 127.0.0.1/46083] INFO  server.session (DefaultSessionIdManager.java:doStart(339)) - No SessionScavenger set, using defaults
2023-03-09 15:00:12,996 [Listener at 127.0.0.1/46083] INFO  server.session (HouseKeeper.java:startScavenging(132)) - node0 Scavenging every 660000ms
2023-03-09 15:00:13,000 [Listener at 127.0.0.1/46083] INFO  handler.ContextHandler (ContextHandler.java:doStart(921)) - Started o.e.j.s.ServletContextHandler@6f36d895{logs,/logs,file:///home/runner/work/ozone/ozone/hadoop-ozone/integration-test/target/log,AVAILABLE}
2023-03-09 15:00:13,000 [Listener at 127.0.0.1/46083] INFO  handler.ContextHandler (ContextHandler.java:doStart(921)) - Started o.e.j.s.ServletContextHandler@7cf70513{static,/static,file:///home/runner/work/ozone/ozone/hadoop-ozone/integration-test/target/test-classes/webapps/static,AVAILABLE}
2023-03-09 15:00:13,003 [Listener at 127.0.0.1/46083] INFO  handler.ContextHandler (ContextHandler.java:doStart(921)) - Started o.e.j.w.WebAppContext@7147d4e9{ozoneManager,/,file:///home/runner/work/ozone/ozone/hadoop-ozone/integration-test/target/test-classes/webapps/ozoneManager/,AVAILABLE}{file:/home/runner/work/ozone/ozone/hadoop-ozone/integration-test/target/test-classes/webapps/ozoneManager}
2023-03-09 15:00:13,006 [Listener at 127.0.0.1/46083] INFO  server.AbstractConnector (AbstractConnector.java:doStart(333)) - Started ServerConnector@6f4fd613{HTTP/1.1, (http/1.1)}{0.0.0.0:42171}
2023-03-09 15:00:13,006 [Listener at 127.0.0.1/46083] INFO  server.Server (Server.java:doStart(415)) - Started @143659ms
2023-03-09 15:00:13,006 [Listener at 127.0.0.1/46083] WARN  impl.MetricsSystemImpl (MetricsSystemImpl.java:register(279)) - Sink prometheus already exists!
2023-03-09 15:00:13,007 [Listener at 127.0.0.1/46083] INFO  http.BaseHttpServer (BaseHttpServer.java:updateConnectorAddress(344)) - HTTP server of ozoneManager listening at http://0.0.0.0:42171
2023-03-09 15:00:13,007 [IPC Server Responder] INFO  ipc.Server (Server.java:run(1512)) - IPC Server Responder: starting
2023-03-09 15:00:13,007 [IPC Server listener on 46083] INFO  ipc.Server (Server.java:run(1352)) - IPC Server listener on 46083: starting
2023-03-09 15:00:13,022 [Listener at 127.0.0.1/46083] INFO  om.OzoneManager (OzoneManager.java:startTrashEmptier(2040)) - Trash Interval set to 0. Files deleted won't move to trash
2023-03-09 15:00:13,026 [org.apache.hadoop.util.JvmPauseMonitor$Monitor@4a39d0fc] INFO  util.JvmPauseMonitor (JvmPauseMonitor.java:run(188)) - Starting JVM pause monitor
2023-03-09 15:00:13,035 [IPC Server handler 5 on default port 46569] INFO  ratis.OzoneManagerRatisServer (OzoneManagerRatisServer.java:addOMToRatisRing(314)) - omNode-1: Submitting SetConfiguration request to Ratis server to add new OM peer omNode-bootstrap-2|rpc:localhost:42433|priority:0|startupRole:FOLLOWER to the Ratis group group-0AAC5367B30E:[omNode-1|rpc:localhost:37963|priority:0|startupRole:FOLLOWER]
2023-03-09 15:00:13,035 [IPC Server handler 5 on default port 46569] INFO  server.RaftServer$Division (RaftServerImpl.java:setConfigurationAsync(1112)) - omNode-1@group-0AAC5367B30E: receive setConfiguration SetConfigurationRequest:client-BA10BF31C1DE->omNode-1@group-0AAC5367B30E, cid=3, seq=0, RW, null, SET_UNCONDITIONALLY, servers:[omNode-1|rpc:localhost:37963|priority:0|startupRole:FOLLOWER, omNode-bootstrap-2|rpc:localhost:42433|priority:0|startupRole:FOLLOWER], listeners:[]
2023-03-09 15:00:13,035 [IPC Server handler 5 on default port 46569] INFO  server.RaftServer$Division (LeaderStateImpl.java:startSetConfiguration(368)) - omNode-1@group-0AAC5367B30E-LeaderStateImpl: startSetConfiguration SetConfigurationRequest:client-BA10BF31C1DE->omNode-1@group-0AAC5367B30E, cid=3, seq=0, RW, null, SET_UNCONDITIONALLY, servers:[omNode-1|rpc:localhost:37963|priority:0|startupRole:FOLLOWER, omNode-bootstrap-2|rpc:localhost:42433|priority:0|startupRole:FOLLOWER], listeners:[]
2023-03-09 15:00:13,036 [IPC Server handler 5 on default port 46569] INFO  server.RaftServerConfigKeys (ConfUtils.java:logGet(46)) - raft.server.log.appender.snapshot.chunk.size.max = 16MB (=16777216) (default)
2023-03-09 15:00:13,036 [IPC Server handler 5 on default port 46569] INFO  server.RaftServerConfigKeys (ConfUtils.java:logGet(46)) - raft.server.log.appender.buffer.byte-limit = 33554432 (custom)
2023-03-09 15:00:13,036 [IPC Server handler 5 on default port 46569] INFO  server.RaftServerConfigKeys (ConfUtils.java:logGet(46)) - raft.server.log.appender.buffer.element-limit = 1024 (custom)
2023-03-09 15:00:13,037 [IPC Server handler 5 on default port 46569] INFO  grpc.GrpcConfigKeys (ConfUtils.java:logGet(46)) - raft.grpc.server.leader.outstanding.appends.max = 128 (default)
2023-03-09 15:00:13,037 [IPC Server handler 5 on default port 46569] INFO  server.RaftServerConfigKeys (ConfUtils.java:logGet(46)) - raft.server.rpc.request.timeout = 3000ms (default)
2023-03-09 15:00:13,037 [IPC Server handler 5 on default port 46569] INFO  server.RaftServerConfigKeys (ConfUtils.java:logGet(46)) - raft.server.log.appender.install.snapshot.enabled = false (custom)
2023-03-09 15:00:13,037 [IPC Server handler 5 on default port 46569] INFO  grpc.GrpcConfigKeys (ConfUtils.java:logGet(46)) - raft.grpc.server.heartbeat.channel = true (default)
2023-03-09 15:00:13,037 [IPC Server handler 5 on default port 46569] INFO  server.RaftServerConfigKeys (ConfUtils.java:logGet(46)) - raft.server.log.appender.wait-time.min = 10ms (default)
2023-03-09 15:00:13,038 [omNode-1@group-0AAC5367B30E->omNode-bootstrap-2-GrpcLogAppender-LogAppenderDaemon] INFO  server.GrpcLogAppender (GrpcLogAppender.java:installSnapshot(635)) - omNode-1@group-0AAC5367B30E->omNode-bootstrap-2-GrpcLogAppender: followerNextIndex = 0 but logStartIndex = 0, notify follower to install snapshot-(t:1, i:0)
2023-03-09 15:00:13,038 [omNode-1@group-0AAC5367B30E->omNode-bootstrap-2-GrpcLogAppender-LogAppenderDaemon] INFO  server.GrpcLogAppender (GrpcLogAppender.java:installSnapshot(643)) - omNode-1@group-0AAC5367B30E->omNode-bootstrap-2-GrpcLogAppender: send omNode-1->omNode-bootstrap-2#0-t1,notify:(t:1, i:0)
2023-03-09 15:00:13,038 [omNode-1@group-0AAC5367B30E->omNode-bootstrap-2-GrpcLogAppender-LogAppenderDaemon] INFO  server.GrpcServerProtocolClient (GrpcServerProtocolClient.java:<init>(63)) - Build channel for omNode-bootstrap-2
2023-03-09 15:00:13,049 [grpc-default-executor-5] INFO  impl.SnapshotInstallationHandler (SnapshotInstallationHandler.java:installSnapshot(89)) - omNode-bootstrap-2@group-0AAC5367B30E: receive installSnapshot: omNode-1->omNode-bootstrap-2#0-t1,notify:(t:1, i:0)
2023-03-09 15:00:13,051 [grpc-default-executor-5] INFO  server.RaftServer$Division (ServerState.java:setLeader(313)) - omNode-bootstrap-2@group-0AAC5367B30E: change Leader from null to omNode-1 at term 1 for installSnapshot, leader elected after 917ms
2023-03-09 15:00:13,051 [grpc-default-executor-5] INFO  impl.SnapshotInstallationHandler (SnapshotInstallationHandler.java:notifyStateMachineToInstallSnapshot(220)) - omNode-bootstrap-2@group-0AAC5367B30E: Received notification to install snapshot at index 0
2023-03-09 15:00:13,051 [grpc-default-executor-5] INFO  impl.SnapshotInstallationHandler (SnapshotInstallationHandler.java:notifyStateMachineToInstallSnapshot(229)) - omNode-bootstrap-2@group-0AAC5367B30E: InstallSnapshot notification result: ALREADY_INSTALLED, current snapshot index: -1
2023-03-09 15:00:13,052 [grpc-default-executor-5] INFO  impl.SnapshotInstallationHandler (SnapshotInstallationHandler.java:installSnapshotImpl(134)) - omNode-bootstrap-2@group-0AAC5367B30E: set new configuration configurationEntry {
  peers {
    id: "omNode-1"
    address: "localhost:37963"
    startupRole: FOLLOWER
  }
}
 from snapshot
2023-03-09 15:00:13,053 [grpc-default-executor-5] INFO  server.RaftServer$Division (ServerState.java:setRaftConf(430)) - omNode-bootstrap-2@group-0AAC5367B30E: set configuration 0: peers:[omNode-1|rpc:localhost:37963|admin:|client:|dataStream:|priority:0|startupRole:FOLLOWER]|listeners:[], old=null
2023-03-09 15:00:13,053 [grpc-default-executor-5] INFO  ratis.OzoneManagerStateMachine (OzoneManagerStateMachine.java:notifyConfigurationChanged(192)) - Received Configuration change notification from Ratis. New Peer list:
[id: "omNode-1"
address: "localhost:37963"
startupRole: FOLLOWER
]
2023-03-09 15:00:13,056 [grpc-default-executor-5] INFO  ratis.OzoneManagerRatisServer (OzoneManagerRatisServer.java:addRaftPeer(405)) - Added OM omNode-1 to Ratis Peers list.
2023-03-09 15:00:13,056 [grpc-default-executor-5] INFO  om.OzoneManager (OzoneManager.java:addOMNodeToPeers(1959)) - Added OM omNode-1 to the Peer list.
2023-03-09 15:00:13,059 [grpc-default-executor-5] INFO  impl.SnapshotInstallationHandler (SnapshotInstallationHandler.java:installSnapshot(100)) - omNode-bootstrap-2@group-0AAC5367B30E: reply installSnapshot: omNode-1<-omNode-bootstrap-2#0:OK-t0,ALREADY_INSTALLED
2023-03-09 15:00:13,059 [grpc-default-executor-5] INFO  server.GrpcServerProtocolService (GrpcServerProtocolService.java:onCompleted(143)) - omNode-bootstrap-2: Completed INSTALL_SNAPSHOT, lastRequest: omNode-1->omNode-bootstrap-2#0-t1,notify:(t:1, i:0)
2023-03-09 15:00:13,060 [grpc-default-executor-3] INFO  server.GrpcLogAppender (GrpcLogAppender.java:onNext(494)) - omNode-1@group-0AAC5367B30E->omNode-bootstrap-2-InstallSnapshotResponseHandler: received the first reply omNode-1<-omNode-bootstrap-2#0:OK-t0,ALREADY_INSTALLED
2023-03-09 15:00:13,060 [grpc-default-executor-3] INFO  server.GrpcLogAppender (GrpcLogAppender.java:onNext(517)) - omNode-1@group-0AAC5367B30E->omNode-bootstrap-2-InstallSnapshotResponseHandler: Follower snapshot is already at index 0.
2023-03-09 15:00:13,060 [grpc-default-executor-3] INFO  leader.FollowerInfo (FollowerInfoImpl.java:lambda$new$0(48)) - omNode-1@group-0AAC5367B30E->omNode-bootstrap-2: snapshotIndex: setUnconditionally 0 -> 0
2023-03-09 15:00:13,060 [grpc-default-executor-3] INFO  leader.FollowerInfo (FollowerInfoImpl.java:lambda$new$0(48)) - omNode-1@group-0AAC5367B30E->omNode-bootstrap-2: matchIndex: setUnconditionally 0 -> 0
2023-03-09 15:00:13,060 [grpc-default-executor-3] INFO  leader.FollowerInfo (FollowerInfoImpl.java:lambda$new$0(48)) - omNode-1@group-0AAC5367B30E->omNode-bootstrap-2: nextIndex: setUnconditionally 0 -> 1
2023-03-09 15:00:13,060 [grpc-default-executor-3] INFO  leader.FollowerInfo (FollowerInfoImpl.java:setAttemptedToInstallSnapshot(118)) - Follower omNode-1@group-0AAC5367B30E->omNode-bootstrap-2 acknowledged installing snapshot
2023-03-09 15:00:13,061 [grpc-default-executor-3] INFO  leader.FollowerInfo (FollowerInfoImpl.java:lambda$new$0(48)) - omNode-1@group-0AAC5367B30E->omNode-bootstrap-2: nextIndex: updateToMax old=1, new=1, updated? false
2023-03-09 15:00:13,071 [omNode-bootstrap-2-server-thread1] INFO  impl.RoleInfo (RoleInfo.java:updateAndGet(139)) - omNode-bootstrap-2: start omNode-bootstrap-2@group-0AAC5367B30E-FollowerState
2023-03-09 15:00:13,072 [omNode-bootstrap-2-server-thread1] INFO  server.RaftServer$Division (RaftServerImpl.java:checkInconsistentAppendEntries(1508)) - omNode-bootstrap-2@group-0AAC5367B30E: Failed appendEntries as previous log entry ((t:1, i:0)) is not found
2023-03-09 15:00:13,072 [omNode-bootstrap-2-server-thread1] INFO  server.RaftServer$Division (RaftServerImpl.java:checkInconsistentAppendEntries(1478)) - omNode-bootstrap-2@group-0AAC5367B30E: inconsistency entries. Reply:omNode-1<-omNode-bootstrap-2#0:FAIL-t1,INCONSISTENCY,nextIndex=0,followerCommit=-1,matchIndex=-1
2023-03-09 15:00:13,073 [grpc-default-executor-5] INFO  leader.FollowerInfo (FollowerInfoImpl.java:lambda$new$0(48)) - omNode-1@group-0AAC5367B30E->omNode-bootstrap-2: nextIndex: updateUnconditionally 1 -> 0
2023-03-09 15:00:13,074 [omNode-bootstrap-2-server-thread1] INFO  server.RaftServer$Division (ServerState.java:setRaftConf(430)) - omNode-bootstrap-2@group-0AAC5367B30E: set configuration 0: peers:[omNode-1|rpc:localhost:37963|admin:|client:|dataStream:|priority:0|startupRole:FOLLOWER]|listeners:[], old=null
2023-03-09 15:00:13,075 [omNode-bootstrap-2-server-thread1] INFO  segmented.SegmentedRaftLogWorker (SegmentedRaftLogWorker.java:startLogSegment(452)) - omNode-bootstrap-2@group-0AAC5367B30E-SegmentedRaftLogWorker: Starting segment from index:0
2023-03-09 15:00:13,086 [omNode-bootstrap-2@group-0AAC5367B30E-SegmentedRaftLogWorker] INFO  segmented.SegmentedRaftLogWorker (SegmentedRaftLogWorker.java:execute(656)) - omNode-bootstrap-2@group-0AAC5367B30E-SegmentedRaftLogWorker: created new log segment /home/runner/work/ozone/ozone/hadoop-ozone/integration-test/target/test-dir/MiniOzoneClusterImpl-0be2ff2d-c2a8-4ed5-ac17-c4684e36ac53/omNode-bootstrap-2/ratis/0718e334-ffa1-36bc-8e9a-0aac5367b30e/current/log_inprogress_0
2023-03-09 15:00:13,088 [omNode-bootstrap-2@group-0AAC5367B30E-StateMachineUpdater] INFO  ratis.OzoneManagerStateMachine (OzoneManagerStateMachine.java:notifyConfigurationChanged(192)) - Received Configuration change notification from Ratis. New Peer list:
[id: "omNode-1"
address: "localhost:37963"
startupRole: FOLLOWER
]
2023-03-09 15:00:13,092 [omNode-1@group-0AAC5367B30E-LeaderStateImpl] INFO  server.RaftServer$Division (ServerState.java:setRaftConf(430)) - omNode-1@group-0AAC5367B30E: set configuration 9: peers:[omNode-bootstrap-2|rpc:localhost:42433|priority:0|startupRole:FOLLOWER, omNode-1|rpc:localhost:37963|priority:0|startupRole:FOLLOWER]|listeners:[], old=peers:[omNode-1|rpc:localhost:37963|admin:|client:|dataStream:|priority:0|startupRole:FOLLOWER]|listeners:[]
2023-03-09 15:00:13,096 [omNode-bootstrap-2-server-thread1] INFO  server.RaftServer$Division (ServerState.java:setRaftConf(430)) - omNode-bootstrap-2@group-0AAC5367B30E: set configuration 9: peers:[omNode-bootstrap-2|rpc:localhost:42433|admin:|client:|dataStream:|priority:0|startupRole:FOLLOWER, omNode-1|rpc:localhost:37963|admin:|client:|dataStream:|priority:0|startupRole:FOLLOWER]|listeners:[], old=peers:[omNode-1|rpc:localhost:37963|admin:|client:|dataStream:|priority:0|startupRole:FOLLOWER]|listeners:[]
2023-03-09 15:00:13,097 [OM StateMachine ApplyTransaction Thread - 0] INFO  volume.OMVolumeCreateRequest (OMVolumeCreateRequest.java:validateAndUpdateCache(195)) - created volume:volume58122 for user:runner
2023-03-09 15:00:13,101 [omNode-1@group-0AAC5367B30E-LeaderStateImpl] INFO  server.RaftServer$Division (ServerState.java:setRaftConf(430)) - omNode-1@group-0AAC5367B30E: set configuration 11: peers:[omNode-bootstrap-2|rpc:localhost:42433|priority:0|startupRole:FOLLOWER, omNode-1|rpc:localhost:37963|priority:0|startupRole:FOLLOWER]|listeners:[], old=null
2023-03-09 15:00:13,102 [omNode-1@group-0AAC5367B30E-StateMachineUpdater] INFO  ratis.OzoneManagerStateMachine (OzoneManagerStateMachine.java:notifyConfigurationChanged(192)) - Received Configuration change notification from Ratis. New Peer list:
[id: "omNode-bootstrap-2"
address: "localhost:42433"
startupRole: FOLLOWER
, id: "omNode-1"
address: "localhost:37963"
startupRole: FOLLOWER
]
2023-03-09 15:00:13,105 [omNode-bootstrap-2-server-thread1] INFO  server.RaftServer$Division (ServerState.java:setRaftConf(430)) - omNode-bootstrap-2@group-0AAC5367B30E: set configuration 11: peers:[omNode-bootstrap-2|rpc:localhost:42433|admin:|client:|dataStream:|priority:0|startupRole:FOLLOWER, omNode-1|rpc:localhost:37963|admin:|client:|dataStream:|priority:0|startupRole:FOLLOWER]|listeners:[], old=null
2023-03-09 15:00:13,106 [omNode-bootstrap-2@group-0AAC5367B30E-StateMachineUpdater] INFO  ratis.OzoneManagerStateMachine (OzoneManagerStateMachine.java:notifyConfigurationChanged(192)) - Received Configuration change notification from Ratis. New Peer list:
[id: "omNode-bootstrap-2"
address: "localhost:42433"
startupRole: FOLLOWER
, id: "omNode-1"
address: "localhost:37963"
startupRole: FOLLOWER
]
2023-03-09 15:00:13,106 [omNode-bootstrap-2@group-0AAC5367B30E-StateMachineUpdater] INFO  ratis.OzoneManagerRatisServer (OzoneManagerRatisServer.java:addRaftPeer(405)) - Added OM omNode-bootstrap-2 to Ratis Peers list.
2023-03-09 15:00:13,106 [omNode-bootstrap-2@group-0AAC5367B30E-StateMachineUpdater] INFO  ratis.OzoneManagerRatisServer (OzoneManagerRatisServer.java:addRaftPeer(405)) - Added OM omNode-1 to Ratis Peers list.
2023-03-09 15:00:13,108 [omNode-1@group-0AAC5367B30E-StateMachineUpdater] ERROR om.OzoneManager (OzoneManager.java:addOMNodeToPeers(1946)) - omNode-1: Couldn't add OM omNode-bootstrap-2 to peer list.
OMBucketCreateRequest.java:validateAndUpdateCache(263)) - created bucket: bucket28645 of layout FILE_SYSTEM_OPTIMIZED in volume: volume58122
2023-03-09 15:00:13,108 [omNode-1@group-0AAC5367B30E-StateMachineUpdater] ERROR om.OzoneManager (OzoneManager.java:addOMNodeToPeers(1946)) - omNode-1: Couldn't add OM omNode-bootstrap-2 to peer list.
2023-03-09 15:00:13,110 [IPC Server handler 5 on default port 46569] INFO  ratis.OzoneManagerRatisServer (OzoneManagerRatisServer.java:addOMToRatisRing(328)) - Added OM omNode-bootstrap-2 to Ratis group group-0AAC5367B30E.
2023-03-09 15:00:13,110 [omNode-1@group-0AAC5367B30E-StateMachineUpdater] ERROR ozone.MiniOzoneHAClusterImpl (MiniOzoneHAClusterImpl.java:exitSystem(1084)) - omNode-1 - System Exit: There is no OM configuration for node ID omNode-bootstrap-2 in ozone-site.xml.
java.io.IOException: There is no OM configuration for node ID omNode-bootstrap-2 in ozone-site.xml.
	at org.apache.hadoop.ozone.om.OzoneManager.addOMNodeToPeers(OzoneManager.java:1941)
	at org.apache.hadoop.ozone.om.OzoneManager.updatePeerList(OzoneManager.java:1871)
	at org.apache.hadoop.ozone.om.ratis.OzoneManagerStateMachine.notifyConfigurationChanged(OzoneManagerStateMachine.java:200)
	at org.apache.ratis.server.impl.RaftServerImpl.applyLogToStateMachine(RaftServerImpl.java:1657)
	at org.apache.ratis.server.impl.StateMachineUpdater.applyLog(StateMachineUpdater.java:239)
	at org.apache.ratis.server.impl.StateMachineUpdater.run(StateMachineUpdater.java:182)
	at java.lang.Thread.run(Thread.java:750)
2023-03-09 15:00:13,112 [Listener at 127.0.0.1/46083] INFO  om.OzoneManager (OzoneManager.java:bootstrap(1820)) - Successfully bootstrapped OM omNode-bootstrap-2 and joined the Ratis group group-0AAC5367B30E:[]
2023-03-09 15:00:13,113 [omNode-1@group-0AAC5367B30E-StateMachineUpdater] INFO  om.OzoneManager (OzoneManager.java:stop(2155)) - omNode-1[localhost:46569]: Stopping Ozone Manager
2023-03-09 15:00:13,114 [omNode-1@group-0AAC5367B30E-StateMachineUpdater] INFO  ipc.Server (Server.java:stop(3428)) - Stopping server on 46569
2023-03-09 15:00:13,113 [Listener at 127.0.0.1/46083] INFO  ozone.MiniOzoneHAClusterImpl (MiniOzoneHAClusterImpl.java:bootstrapOzoneManager(780)) - Bootstrapped OzoneManager omNode-bootstrap-2 RPC server at localhost/127.0.0.1:46083
2023-03-09 15:00:13,123 [IPC Server Responder] INFO  ipc.Server (Server.java:run(1517)) - Stopping IPC Server Responder
2023-03-09 15:00:13,123 [IPC Server listener on 46569] INFO  ipc.Server (Server.java:run(1384)) - Stopping IPC Server listener on 46569
2023-03-09 15:00:13,140 [omNode-1@group-0AAC5367B30E-StateMachineUpdater] INFO  server.RaftServer (RaftServerProxy.java:lambda$close$6(409)) - omNode-1: close
2023-03-09 15:00:13,141 [omNode-1@group-0AAC5367B30E-StateMachineUpdater] INFO  server.GrpcService (GrpcService.java:closeImpl(271)) - omNode-1: shutdown server GrpcServerProtocolService now
2023-03-09 15:00:13,142 [omNode-1-impl-thread1] INFO  server.RaftServer$Division (RaftServerImpl.java:lambda$close$4(458)) - omNode-1@group-0AAC5367B30E: shutdown
2023-03-09 15:00:13,142 [omNode-1-impl-thread1] INFO  util.JmxRegister (JmxRegister.java:unregister(73)) - Successfully un-registered JMX Bean with object name Ratis:service=RaftServer,group=group-0AAC5367B30E,id=omNode-1
2023-03-09 15:00:13,142 [omNode-1-impl-thread1] INFO  impl.RoleInfo (RoleInfo.java:shutdownLeaderState(93)) - omNode-1: shutdown omNode-1@group-0AAC5367B30E-LeaderStateImpl
2023-03-09 15:00:13,142 [omNode-1-impl-thread1] INFO  impl.PendingRequests (PendingRequests.java:sendNotLeaderResponses(282)) - omNode-1@group-0AAC5367B30E-PendingRequests: sendNotLeaderResponses
2023-03-09 15:00:13,154 [omNode-1@group-0AAC5367B30E-StateMachineUpdater] INFO  server.GrpcServerProtocolClient (GrpcServerProtocolClient.java:close(101)) - omNode-bootstrap-2 Close channels
2023-03-09 15:00:13,154 [omNode-1@group-0AAC5367B30E->omNode-bootstrap-2-GrpcLogAppender-LogAppenderDaemon] WARN  server.GrpcLogAppender (GrpcLogAppender.java:mayWait(200)) - omNode-1@group-0AAC5367B30E->omNode-bootstrap-2-GrpcLogAppender: Wait interrupted by java.lang.InterruptedException
2023-03-09 15:00:13,158 [grpc-default-executor-5] INFO  server.GrpcServerProtocolService (GrpcServerProtocolService.java:onCompleted(143)) - omNode-bootstrap-2: Completed APPEND_ENTRIES, lastRequest: null
2023-03-09 15:00:13,159 [grpc-default-executor-3] INFO  server.GrpcServerProtocolService (GrpcServerProtocolService.java:onCompleted(143)) - omNode-bootstrap-2: Completed APPEND_ENTRIES, lastRequest: omNode-1->omNode-bootstrap-2#6-t1,previous=(t:1, i:11),leaderCommit=11,initializing? true,entries: size=1, first=(t:1, i:12), METADATAENTRY(c:11)
2023-03-09 15:00:13,159 [grpc-default-executor-1] INFO  server.GrpcLogAppender (GrpcLogAppender.java:onCompleted(415)) - omNode-1@group-0AAC5367B30E->omNode-bootstrap-2-AppendLogResponseHandler: follower responses appendEntries COMPLETED
2023-03-09 15:00:13,159 [omNode-bootstrap-2@group-0AAC5367B30E-StateMachineUpdater] INFO  ratis.OzoneManagerStateMachine (OzoneManagerStateMachine.java:notifyConfigurationChanged(192)) - Received Configuration change notification from Ratis. New Peer list:
[id: "omNode-bootstrap-2"
address: "localhost:42433"
startupRole: FOLLOWER
, id: "omNode-1"
address: "localhost:37963"
startupRole: FOLLOWER
]
2023-03-09 15:00:13,166 [grpc-default-executor-1] WARN  server.GrpcLogAppender (GrpcLogAppender.java:resetClient(137)) - omNode-1@group-0AAC5367B30E->omNode-bootstrap-2-GrpcLogAppender: Failed to getClient for omNode-bootstrap-2
org.apache.ratis.protocol.exceptions.AlreadyClosedException: omNode-1 is already CLOSED
	at org.apache.ratis.util.PeerProxyMap$PeerAndProxy.getProxy(PeerProxyMap.java:61)
	at org.apache.ratis.util.PeerProxyMap.getProxy(PeerProxyMap.java:115)
	at org.apache.ratis.grpc.server.GrpcLogAppender.getClient(GrpcLogAppender.java:116)
	at org.apache.ratis.grpc.server.GrpcLogAppender.resetClient(GrpcLogAppender.java:121)
	at org.apache.ratis.grpc.server.GrpcLogAppender.access$500(GrpcLogAppender.java:58)
	at org.apache.ratis.grpc.server.GrpcLogAppender$AppendLogResponseHandler.onCompleted(GrpcLogAppender.java:416)
	at org.apache.ratis.thirdparty.io.grpc.stub.ClientCalls$StreamObserverToCallListenerAdapter.onClose(ClientCalls.java:485)
	at org.apache.ratis.thirdparty.io.grpc.internal.ClientCallImpl.closeObserver(ClientCallImpl.java:562)
	at org.apache.ratis.thirdparty.io.grpc.internal.ClientCallImpl.access$300(ClientCallImpl.java:70)
	at org.apache.ratis.thirdparty.io.grpc.internal.ClientCallImpl$ClientStreamListenerImpl$1StreamClosed.runInternal(ClientCallImpl.java:743)
	at org.apache.ratis.thirdparty.io.grpc.internal.ClientCallImpl$ClientStreamListenerImpl$1StreamClosed.runInContext(ClientCallImpl.java:722)
	at org.apache.ratis.thirdparty.io.grpc.internal.ContextRunnable.run(ContextRunnable.java:37)
	at org.apache.ratis.thirdparty.io.grpc.internal.SerializingExecutor.run(SerializingExecutor.java:133)
	at java.util.concurrent.ThreadPoolExecutor.runWorker(ThreadPoolExecutor.java:1149)
	at java.util.concurrent.ThreadPoolExecutor$Worker.run(ThreadPoolExecutor.java:624)
	at java.lang.Thread.run(Thread.java:750)
2023-03-09 15:00:13,166 [grpc-default-executor-3] INFO  server.GrpcLogAppender (GrpcLogAppender.java:onCompleted(415)) - omNode-1@group-0AAC5367B30E->omNode-bootstrap-2-AppendLogResponseHandler: follower responses appendEntries COMPLETED
2023-03-09 15:00:13,169 [omNode-1-impl-thread1] INFO  impl.StateMachineUpdater (StateMachineUpdater.java:stopAndJoin(153)) - omNode-1@group-0AAC5367B30E-StateMachineUpdater: set stopIndex = 11
2023-03-09 15:00:13,169 [grpc-default-executor-3] WARN  server.GrpcLogAppender (GrpcLogAppender.java:resetClient(137)) - omNode-1@group-0AAC5367B30E->omNode-bootstrap-2-GrpcLogAppender: Failed to getClient for omNode-bootstrap-2
org.apache.ratis.protocol.exceptions.AlreadyClosedException: omNode-1 is already CLOSED
	at org.apache.ratis.util.PeerProxyMap$PeerAndProxy.getProxy(PeerProxyMap.java:61)
	at org.apache.ratis.util.PeerProxyMap.getProxy(PeerProxyMap.java:115)
	at org.apache.ratis.grpc.server.GrpcLogAppender.getClient(GrpcLogAppender.java:116)
	at org.apache.ratis.grpc.server.GrpcLogAppender.resetClient(GrpcLogAppender.java:121)
	at org.apache.ratis.grpc.server.GrpcLogAppender.access$500(GrpcLogAppender.java:58)
	at org.apache.ratis.grpc.server.GrpcLogAppender$AppendLogResponseHandler.onCompleted(GrpcLogAppender.java:416)
	at org.apache.ratis.thirdparty.io.grpc.stub.ClientCalls$StreamObserverToCallListenerAdapter.onClose(ClientCalls.java:485)
	at org.apache.ratis.thirdparty.io.grpc.internal.ClientCallImpl.closeObserver(ClientCallImpl.java:562)
	at org.apache.ratis.thirdparty.io.grpc.internal.ClientCallImpl.access$300(ClientCallImpl.java:70)
	at org.apache.ratis.thirdparty.io.grpc.internal.ClientCallImpl$ClientStreamListenerImpl$1StreamClosed.runInternal(ClientCallImpl.java:743)
	at org.apache.ratis.thirdparty.io.grpc.internal.ClientCallImpl$ClientStreamListenerImpl$1StreamClosed.runInContext(ClientCallImpl.java:722)
	at org.apache.ratis.thirdparty.io.grpc.internal.ContextRunnable.run(ContextRunnable.java:37)
	at org.apache.ratis.thirdparty.io.grpc.internal.SerializingExecutor.run(SerializingExecutor.java:133)
	at java.util.concurrent.ThreadPoolExecutor.runWorker(ThreadPoolExecutor.java:1149)
	at java.util.concurrent.ThreadPoolExecutor$Worker.run(ThreadPoolExecutor.java:624)
	at java.lang.Thread.run(Thread.java:750)
2023-03-09 15:00:13,170 [omNode-1@group-0AAC5367B30E-StateMachineUpdater] INFO  server.GrpcService (GrpcService.java:closeImpl(280)) - omNode-1: shutdown server GrpcServerProtocolService successfully
2023-03-09 15:00:13,619 [EndpointStateMachine task thread for /127.0.0.1:40177 - 0 ] INFO  ipc.Client (Client.java:handleConnectionFailure(1010)) - Retrying connect to server: localhost/127.0.0.1:40177. Already tried 13 time(s); retry policy is RetryUpToMaximumCountWithFixedSleep(maxRetries=15, sleepTime=1000 MILLISECONDS)
2023-03-09 15:00:14,122 [Listener at 127.0.0.1/46083] INFO  ozone.MiniOzoneClusterImpl (MiniOzoneClusterImpl.java:shutdown(450)) - Shutting down the Mini Ozone Cluster
2023-03-09 15:00:14,122 [Listener at 127.0.0.1/46083] INFO  ozone.MiniOzoneHAClusterImpl (MiniOzoneHAClusterImpl.java:stop(312)) - Stopping the OzoneManager omNode-1
2023-03-09 15:00:14,123 [Listener at 127.0.0.1/46083] INFO  om.OzoneManager (OzoneManager.java:stop(2155)) - omNode-1[localhost:46569]: Stopping Ozone Manager
2023-03-09 15:00:14,123 [Listener at 127.0.0.1/46083] INFO  ozone.MiniOzoneHAClusterImpl (MiniOzoneHAClusterImpl.java:stop(312)) - Stopping the OzoneManager omNode-bootstrap-1
2023-03-09 15:00:14,123 [Listener at 127.0.0.1/46083] INFO  om.OzoneManager (OzoneManager.java:stop(2155)) - omNode-bootstrap-1[localhost:34797]: Stopping Ozone Manager
2023-03-09 15:00:14,123 [Listener at 127.0.0.1/46083] INFO  ozone.MiniOzoneHAClusterImpl (MiniOzoneHAClusterImpl.java:stop(312)) - Stopping the OzoneManager omNode-bootstrap-2
2023-03-09 15:00:14,123 [Listener at 127.0.0.1/46083] INFO  om.OzoneManager (OzoneManager.java:stop(2155)) - omNode-bootstrap-2[localhost:46083]: Stopping Ozone Manager
2023-03-09 15:00:14,124 [Listener at 127.0.0.1/46083] INFO  ipc.Server (Server.java:stop(3428)) - Stopping server on 46083
2023-03-09 15:00:14,125 [IPC Server listener on 46083] INFO  ipc.Server (Server.java:run(1384)) - Stopping IPC Server listener on 46083
2023-03-09 15:00:14,125 [IPC Server Responder] INFO  ipc.Server (Server.java:run(1517)) - Stopping IPC Server Responder
2023-03-09 15:00:14,126 [Listener at 127.0.0.1/46083] INFO  server.RaftServer (RaftServerProxy.java:lambda$close$6(409)) - omNode-bootstrap-2: close
2023-03-09 15:00:14,126 [Listener at 127.0.0.1/46083] INFO  server.GrpcService (GrpcService.java:closeImpl(271)) - omNode-bootstrap-2: shutdown server GrpcServerProtocolService now
2023-03-09 15:00:14,126 [omNode-bootstrap-2-impl-thread1] INFO  server.RaftServer$Division (RaftServerImpl.java:lambda$close$4(458)) - omNode-bootstrap-2@group-0AAC5367B30E: shutdown
2023-03-09 15:00:14,127 [omNode-bootstrap-2-impl-thread1] INFO  util.JmxRegister (JmxRegister.java:unregister(73)) - Successfully un-registered JMX Bean with object name Ratis:service=RaftServer,group=group-0AAC5367B30E,id=omNode-bootstrap-2
2023-03-09 15:00:14,127 [omNode-bootstrap-2-impl-thread1] INFO  impl.RoleInfo (RoleInfo.java:shutdownFollowerState(110)) - omNode-bootstrap-2: shutdown omNode-bootstrap-2@group-0AAC5367B30E-FollowerState
2023-03-09 15:00:14,127 [omNode-bootstrap-2-impl-thread1] INFO  impl.StateMachineUpdater (StateMachineUpdater.java:stopAndJoin(153)) - omNode-bootstrap-2@group-0AAC5367B30E-StateMachineUpdater: set stopIndex = 11
2023-03-09 15:00:14,127 [omNode-bootstrap-2@group-0AAC5367B30E-FollowerState] INFO  impl.FollowerState (FollowerState.java:run(152)) - omNode-bootstrap-2@group-0AAC5367B30E-FollowerState was interrupted
2023-03-09 15:00:14,130 [Listener at 127.0.0.1/46083] INFO  server.GrpcService (GrpcService.java:closeImpl(280)) - omNode-bootstrap-2: shutdown server GrpcServerProtocolService successfully
2023-03-09 15:00:14,130 [omNode-bootstrap-2@group-0AAC5367B30E-StateMachineUpdater] INFO  ratis.OzoneManagerStateMachine (OzoneManagerStateMachine.java:takeSnapshot(445)) - Current Snapshot Index (t:1, i:11)
2023-03-09 15:00:14,154 [omNode-bootstrap-2@group-0AAC5367B30E-StateMachineUpdater] INFO  impl.StateMachineUpdater (StateMachineUpdater.java:takeSnapshot(287)) - omNode-bootstrap-2@group-0AAC5367B30E-StateMachineUpdater: Took a snapshot at index 11
2023-03-09 15:00:14,154 [omNode-bootstrap-2@group-0AAC5367B30E-StateMachineUpdater] INFO  impl.StateMachineUpdater (StateMachineUpdater.java:lambda$new$0(92)) - omNode-bootstrap-2@group-0AAC5367B30E-StateMachineUpdater: snapshotIndex: updateIncreasingly -1 -> 11
2023-03-09 15:00:14,154 [omNode-bootstrap-2@group-0AAC5367B30E-StateMachineUpdater] INFO  ratis.OzoneManagerStateMachine (OzoneManagerStateMachine.java:close(499)) - StateMachine has shutdown. Shutdown OzoneManager if not already shutdown.
2023-03-09 15:00:14,154 [omNode-bootstrap-2@group-0AAC5367B30E-StateMachineUpdater] INFO  ratis.OzoneManagerDoubleBuffer (OzoneManagerDoubleBuffer.java:stopDaemon(540)) - Stopping OMDoubleBuffer flush thread
2023-03-09 15:00:14,158 [OMDoubleBufferFlushThread] INFO  ratis.OzoneManagerDoubleBuffer (OzoneManagerDoubleBuffer.java:canFlush(625)) - OMDoubleBuffer flush thread OMDoubleBufferFlushThread is interrupted and will exit.
2023-03-09 15:00:14,158 [omNode-bootstrap-2-impl-thread1] INFO  server.RaftServer$Division (ServerState.java:close(466)) - omNode-bootstrap-2@group-0AAC5367B30E: closes. applyIndex: 11
2023-03-09 15:00:14,159 [omNode-bootstrap-2@group-0AAC5367B30E-SegmentedRaftLogWorker] INFO  segmented.SegmentedRaftLogWorker (SegmentedRaftLogWorker.java:run(347)) - omNode-bootstrap-2@group-0AAC5367B30E-SegmentedRaftLogWorker was interrupted, exiting. There are 0 tasks remaining in the queue.
2023-03-09 15:00:14,162 [omNode-bootstrap-2-impl-thread1] INFO  segmented.SegmentedRaftLogWorker (SegmentedRaftLogWorker.java:close(257)) - omNode-bootstrap-2@group-0AAC5367B30E-SegmentedRaftLogWorker close()
2023-03-09 15:00:14,163 [JvmPauseMonitor21] INFO  util.JvmPauseMonitor (JvmPauseMonitor.java:run(111)) - JvmPauseMonitor-omNode-bootstrap-2: Stopped
2023-03-09 15:00:14,163 [Listener at 127.0.0.1/46083] INFO  ratis.OzoneManagerStateMachine (OzoneManagerStateMachine.java:close(499)) - StateMachine has shutdown. Shutdown OzoneManager if not already shutdown.
2023-03-09 15:00:14,163 [Listener at 127.0.0.1/46083] INFO  ratis.OzoneManagerDoubleBuffer (OzoneManagerDoubleBuffer.java:stopDaemon(549)) - OMDoubleBuffer flush thread is not running.
2023-03-09 15:00:14,164 [Listener at 127.0.0.1/46083] INFO  utils.BackgroundService (BackgroundService.java:shutdown(141)) - Shutting down service KeyDeletingService
2023-03-09 15:00:14,164 [Listener at 127.0.0.1/46083] INFO  utils.BackgroundService (BackgroundService.java:shutdown(141)) - Shutting down service DirectoryDeletingService
2023-03-09 15:00:14,165 [Listener at 127.0.0.1/46083] INFO  utils.BackgroundService (BackgroundService.java:shutdown(141)) - Shutting down service OpenKeyCleanupService
2023-03-09 15:00:14,165 [Listener at 127.0.0.1/46083] INFO  utils.BackgroundService (BackgroundService.java:shutdown(141)) - Shutting down service SstFilteringService
2023-03-09 15:00:14,166 [Listener at 127.0.0.1/46083] INFO  handler.ContextHandler (ContextHandler.java:doStop(1159)) - Stopped o.e.j.w.WebAppContext@7147d4e9{ozoneManager,/,null,STOPPED}{file:/home/runner/work/ozone/ozone/hadoop-ozone/integration-test/target/test-classes/webapps/ozoneManager}
2023-03-09 15:00:14,166 [Listener at 127.0.0.1/46083] INFO  server.AbstractConnector (AbstractConnector.java:doStop(383)) - Stopped ServerConnector@6f4fd613{HTTP/1.1, (http/1.1)}{0.0.0.0:42171}
2023-03-09 15:00:14,167 [Listener at 127.0.0.1/46083] INFO  server.session (HouseKeeper.java:stopScavenging(149)) - node0 Stopped scavenging
2023-03-09 15:00:14,167 [Listener at 127.0.0.1/46083] INFO  handler.ContextHandler (ContextHandler.java:doStop(1159)) - Stopped o.e.j.s.ServletContextHandler@7cf70513{static,/static,file:///home/runner/work/ozone/ozone/hadoop-ozone/integration-test/target/test-classes/webapps/static,STOPPED}
2023-03-09 15:00:14,167 [Listener at 127.0.0.1/46083] INFO  handler.ContextHandler (ContextHandler.java:doStop(1159)) - Stopped o.e.j.s.ServletContextHandler@6f36d895{logs,/logs,file:///home/runner/work/ozone/ozone/hadoop-ozone/integration-test/target/log,STOPPED}
2023-03-09 15:00:14,170 [Listener at 127.0.0.1/46083] INFO  ozone.MiniOzoneHAClusterImpl (MiniOzoneHAClusterImpl.java:stop(320)) - Stopping the StorageContainerManager 94489f6d-fe79-40fc-acb2-36e6df399f83
2023-03-09 15:00:14,171 [Listener at 127.0.0.1/46083] INFO  server.StorageContainerManager (StorageContainerManager.java:stop(1532)) - Container Balancer is not running.
2023-03-09 15:00:14,171 [Listener at 127.0.0.1/46083] INFO  server.StorageContainerManager (StorageContainerManager.java:stop(1539)) - Stopping Replication Manager Service.
2023-03-09 15:00:14,171 [Listener at 127.0.0.1/46083] INFO  replication.ReplicationManager (ReplicationManager.java:stop(300)) - Stopping Replication Monitor Thread.
2023-03-09 15:00:14,171 [Under Replicated Processor] WARN  replication.UnhealthyReplicationProcessor (UnhealthyReplicationProcessor.java:run(153)) - Under Replicated Processor interrupted. Exiting...
2023-03-09 15:00:14,171 [ReplicationMonitor] INFO  replication.ReplicationManager (ReplicationManager.java:run(747)) - Replication Monitor Thread is stopped
2023-03-09 15:00:14,171 [Over Replicated Processor] WARN  replication.UnhealthyReplicationProcessor (UnhealthyReplicationProcessor.java:run(153)) - Over Replicated Processor interrupted. Exiting...
2023-03-09 15:00:14,171 [Listener at 127.0.0.1/46083] INFO  server.StorageContainerManager (StorageContainerManager.java:stop(1546)) - Stopping the Datanode Admin Monitor.
2023-03-09 15:00:14,172 [Listener at 127.0.0.1/46083] INFO  server.StorageContainerManager (StorageContainerManager.java:stop(1553)) - Stopping datanode service RPC server
2023-03-09 15:00:14,172 [Listener at 127.0.0.1/46083] INFO  server.SCMDatanodeProtocolServer (SCMDatanodeProtocolServer.java:stop(424)) - Stopping the RPC server for DataNodes
2023-03-09 15:00:14,172 [Listener at 127.0.0.1/46083] INFO  ipc.Server (Server.java:stop(3428)) - Stopping server on 36681
2023-03-09 15:00:14,181 [IPC Server listener on 36681] INFO  ipc.Server (Server.java:run(1384)) - Stopping IPC Server listener on 36681
2023-03-09 15:00:14,182 [IPC Server Responder] INFO  ipc.Server (Server.java:run(1517)) - Stopping IPC Server Responder
2023-03-09 15:00:14,620 [EndpointStateMachine task thread for /127.0.0.1:40177 - 0 ] INFO  ipc.Client (Client.java:handleConnectionFailure(1010)) - Retrying connect to server: localhost/127.0.0.1:40177. Already tried 14 time(s); retry policy is RetryUpToMaximumCountWithFixedSleep(maxRetries=15, sleepTime=1000 MILLISECONDS)
2023-03-09 15:00:14,678 [EndpointStateMachine task thread for /127.0.0.1:36681 - 0 ] WARN  statemachine.EndpointStateMachine (EndpointStateMachine.java:logIfNeeded(242)) - Unable to communicate to SCM server at localhost:36681 for past 0 seconds.
java.io.EOFException: End of File Exception between local host is: "fv-az377-502/10.1.0.44"; destination host is: "localhost":36681; : java.io.EOFException; For more details see:  http://wiki.apache.org/hadoop/EOFException
	at sun.reflect.NativeConstructorAccessorImpl.newInstance0(Native Method)
	at sun.reflect.NativeConstructorAccessorImpl.newInstance(NativeConstructorAccessorImpl.java:62)
	at sun.reflect.DelegatingConstructorAccessorImpl.newInstance(DelegatingConstructorAccessorImpl.java:45)
	at java.lang.reflect.Constructor.newInstance(Constructor.java:423)
	at org.apache.hadoop.net.NetUtils.wrapWithMessage(NetUtils.java:913)
	at org.apache.hadoop.net.NetUtils.wrapException(NetUtils.java:862)
	at org.apache.hadoop.ipc.Client.getRpcResponse(Client.java:1616)
	at org.apache.hadoop.ipc.Client.call(Client.java:1558)
	at org.apache.hadoop.ipc.Client.call(Client.java:1455)
	at org.apache.hadoop.ipc.ProtobufRpcEngine$Invoker.invoke(ProtobufRpcEngine.java:235)
	at org.apache.hadoop.ipc.ProtobufRpcEngine$Invoker.invoke(ProtobufRpcEngine.java:122)
	at com.sun.proxy.$Proxy54.submitRequest(Unknown Source)
	at org.apache.hadoop.ozone.protocolPB.StorageContainerDatanodeProtocolClientSideTranslatorPB.submitRequest(StorageContainerDatanodeProtocolClientSideTranslatorPB.java:117)
	at org.apache.hadoop.ozone.protocolPB.StorageContainerDatanodeProtocolClientSideTranslatorPB.sendHeartbeat(StorageContainerDatanodeProtocolClientSideTranslatorPB.java:149)
	at org.apache.hadoop.ozone.container.common.states.endpoint.HeartbeatEndpointTask.call(HeartbeatEndpointTask.java:185)
	at org.apache.hadoop.ozone.container.common.states.endpoint.HeartbeatEndpointTask.call(HeartbeatEndpointTask.java:87)
	at java.util.concurrent.FutureTask.run(FutureTask.java:266)
	at java.util.concurrent.ThreadPoolExecutor.runWorker(ThreadPoolExecutor.java:1149)
	at java.util.concurrent.ThreadPoolExecutor$Worker.run(ThreadPoolExecutor.java:624)
	at java.lang.Thread.run(Thread.java:750)
Caused by: java.io.EOFException
	at java.io.DataInputStream.readInt(DataInputStream.java:392)
	at org.apache.hadoop.ipc.Client$IpcStreams.readResponse(Client.java:1922)
	at org.apache.hadoop.ipc.Client$Connection.receiveRpcResponse(Client.java:1238)
	at org.apache.hadoop.ipc.Client$Connection.run(Client.java:1134)
2023-03-09 15:00:15,622 [EndpointStateMachine task thread for /127.0.0.1:40177 - 0 ] INFO  ipc.Client (Client.java:handleConnectionFailure(1010)) - Retrying connect to server: localhost/127.0.0.1:40177. Already tried 0 time(s); retry policy is RetryUpToMaximumCountWithFixedSleep(maxRetries=15, sleepTime=1000 MILLISECONDS)
2023-03-09 15:00:15,763 [EndpointStateMachine task thread for /127.0.0.1:36681 - 0 ] INFO  ipc.Client (Client.java:handleConnectionFailure(1010)) - Retrying connect to server: localhost/127.0.0.1:36681. Already tried 0 time(s); retry policy is RetryUpToMaximumCountWithFixedSleep(maxRetries=15, sleepTime=1000 MILLISECONDS)
2023-03-09 15:00:16,623 [EndpointStateMachine task thread for /127.0.0.1:40177 - 0 ] INFO  ipc.Client (Client.java:handleConnectionFailure(1010)) - Retrying connect to server: localhost/127.0.0.1:40177. Already tried 1 time(s); retry policy is RetryUpToMaximumCountWithFixedSleep(maxRetries=15, sleepTime=1000 MILLISECONDS)
2023-03-09 15:00:16,661 [SCM Heartbeat Processing Thread - 0] WARN  node.NodeStateManager (NodeStateManager.java:scheduleNextHealthCheck(870)) - Current Thread is interrupted, shutting down HB processing thread for Node Manager.
2023-03-09 15:00:16,663 [Listener at 127.0.0.1/46083] INFO  server.StorageContainerManager (StorageContainerManager.java:stop(1561)) - Stopping block service RPC server
2023-03-09 15:00:16,663 [Listener at 127.0.0.1/46083] INFO  server.SCMBlockProtocolServer (SCMBlockProtocolServer.java:stop(161)) - Stopping the RPC server for Block Protocol
2023-03-09 15:00:16,663 [Listener at 127.0.0.1/46083] INFO  ipc.Server (Server.java:stop(3428)) - Stopping server on 38735
2023-03-09 15:00:16,666 [IPC Server Responder] INFO  ipc.Server (Server.java:run(1517)) - Stopping IPC Server Responder
2023-03-09 15:00:16,666 [Listener at 127.0.0.1/46083] INFO  server.StorageContainerManager (StorageContainerManager.java:stop(1568)) - Stopping the StorageContainerLocationProtocol RPC server
2023-03-09 15:00:16,666 [Listener at 127.0.0.1/46083] INFO  server.SCMClientProtocolServer (SCMClientProtocolServer.java:stop(203)) - Stopping the RPC server for Client Protocol
2023-03-09 15:00:16,667 [Listener at 127.0.0.1/46083] INFO  ipc.Server (Server.java:stop(3428)) - Stopping server on 43819
2023-03-09 15:00:16,667 [IPC Server listener on 38735] INFO  ipc.Server (Server.java:run(1384)) - Stopping IPC Server listener on 38735
2023-03-09 15:00:16,677 [IPC Server listener on 43819] INFO  ipc.Server (Server.java:run(1384)) - Stopping IPC Server listener on 43819
2023-03-09 15:00:16,678 [IPC Server Responder] INFO  ipc.Server (Server.java:run(1517)) - Stopping IPC Server Responder
2023-03-09 15:00:16,678 [Listener at 127.0.0.1/46083] INFO  server.StorageContainerManager (StorageContainerManager.java:stop(1575)) - Stopping Storage Container Manager HTTP server.
2023-03-09 15:00:16,682 [Listener at 127.0.0.1/46083] INFO  handler.ContextHandler (ContextHandler.java:doStop(1159)) - Stopped o.e.j.w.WebAppContext@235e60aa{scm,/,null,STOPPED}{file:/home/runner/work/ozone/ozone/hadoop-ozone/integration-test/target/test-classes/webapps/scm}
2023-03-09 15:00:16,685 [Listener at 127.0.0.1/46083] INFO  server.AbstractConnector (AbstractConnector.java:doStop(383)) - Stopped ServerConnector@6550cebb{HTTP/1.1, (http/1.1)}{0.0.0.0:39797}
2023-03-09 15:00:16,685 [Listener at 127.0.0.1/46083] INFO  server.session (HouseKeeper.java:stopScavenging(149)) - node0 Stopped scavenging
2023-03-09 15:00:16,685 [Listener at 127.0.0.1/46083] INFO  handler.ContextHandler (ContextHandler.java:doStop(1159)) - Stopped o.e.j.s.ServletContextHandler@4d3c5b96{static,/static,file:///home/runner/work/ozone/ozone/hadoop-ozone/integration-test/target/test-classes/webapps/static,STOPPED}
2023-03-09 15:00:16,685 [Listener at 127.0.0.1/46083] INFO  handler.ContextHandler (ContextHandler.java:doStop(1159)) - Stopped o.e.j.s.ServletContextHandler@5f3587da{logs,/logs,file:///home/runner/work/ozone/ozone/hadoop-ozone/integration-test/target/log,STOPPED}
2023-03-09 15:00:16,687 [Listener at 127.0.0.1/46083] INFO  server.StorageContainerManager (StorageContainerManager.java:stop(1583)) - Stopping SCM LayoutVersionManager Service.
2023-03-09 15:00:16,687 [Listener at 127.0.0.1/46083] INFO  server.StorageContainerManager (StorageContainerManager.java:stop(1591)) - Stopping Block Manager Service.
2023-03-09 15:00:16,688 [Listener at 127.0.0.1/46083] INFO  utils.BackgroundService (BackgroundService.java:shutdown(141)) - Shutting down service SCMBlockDeletingService
2023-03-09 15:00:16,689 [Listener at 127.0.0.1/46083] INFO  utils.BackgroundService (BackgroundService.java:shutdown(141)) - Shutting down service SCMBlockDeletingService
2023-03-09 15:00:16,690 [Listener at 127.0.0.1/46083] INFO  server.StorageContainerManager (StorageContainerManager.java:stop(1613)) - Stopping SCM Event Queue.
2023-03-09 15:00:16,695 [Listener at 127.0.0.1/46083] INFO  server.StorageContainerManager (StorageContainerManager.java:stop(1624)) - Stopping SCM HA services.
2023-03-09 15:00:16,695 [Listener at 127.0.0.1/46083] INFO  ha.SCMRatisServerImpl (SCMRatisServerImpl.java:stop(237)) - stopping ratis server 0.0.0.0:38335
2023-03-09 15:00:16,695 [Listener at 127.0.0.1/46083] INFO  server.RaftServer (RaftServerProxy.java:lambda$close$6(409)) - 94489f6d-fe79-40fc-acb2-36e6df399f83: close
2023-03-09 15:00:16,696 [Listener at 127.0.0.1/46083] INFO  server.GrpcService (GrpcService.java:closeImpl(271)) - 94489f6d-fe79-40fc-acb2-36e6df399f83: shutdown server GrpcServerProtocolService now
2023-03-09 15:00:16,696 [94489f6d-fe79-40fc-acb2-36e6df399f83-impl-thread1] INFO  server.RaftServer$Division (RaftServerImpl.java:lambda$close$4(458)) - 94489f6d-fe79-40fc-acb2-36e6df399f83@group-C4684E36AC53: shutdown
2023-03-09 15:00:16,697 [94489f6d-fe79-40fc-acb2-36e6df399f83-impl-thread1] INFO  util.JmxRegister (JmxRegister.java:unregister(73)) - Successfully un-registered JMX Bean with object name Ratis:service=RaftServer,group=group-C4684E36AC53,id=94489f6d-fe79-40fc-acb2-36e6df399f83
2023-03-09 15:00:16,697 [94489f6d-fe79-40fc-acb2-36e6df399f83-impl-thread1] INFO  impl.RoleInfo (RoleInfo.java:shutdownLeaderState(93)) - 94489f6d-fe79-40fc-acb2-36e6df399f83: shutdown 94489f6d-fe79-40fc-acb2-36e6df399f83@group-C4684E36AC53-LeaderStateImpl
2023-03-09 15:00:16,697 [Listener at 127.0.0.1/46083] INFO  server.GrpcService (GrpcService.java:closeImpl(280)) - 94489f6d-fe79-40fc-acb2-36e6df399f83: shutdown server GrpcServerProtocolService successfully
2023-03-09 15:00:16,697 [94489f6d-fe79-40fc-acb2-36e6df399f83-impl-thread1] INFO  impl.PendingRequests (PendingRequests.java:sendNotLeaderResponses(282)) - 94489f6d-fe79-40fc-acb2-36e6df399f83@group-C4684E36AC53-PendingRequests: sendNotLeaderResponses
2023-03-09 15:00:16,698 [94489f6d-fe79-40fc-acb2-36e6df399f83-impl-thread1] INFO  ha.SCMStateMachine (SCMStateMachine.java:notifyNotLeader(205)) - current leader SCM steps down.
2023-03-09 15:00:16,698 [94489f6d-fe79-40fc-acb2-36e6df399f83-impl-thread1] INFO  ha.SCMContext (SCMContext.java:updateLeaderAndTerm(99)) - update <isLeader,term> from <true,2> to <false,0>
2023-03-09 15:00:16,698 [94489f6d-fe79-40fc-acb2-36e6df399f83-impl-thread1] INFO  ha.SCMContext (SCMContext.java:updateLeaderAndTerm(106)) - update <isLeaderReady> from <false> to <false>
2023-03-09 15:00:16,698 [94489f6d-fe79-40fc-acb2-36e6df399f83-impl-thread1] INFO  BackgroundPipelineScrubber (BackgroundSCMService.java:notifyStatusChanged(88)) - Service BackgroundPipelineScrubber transitions to PAUSING.
2023-03-09 15:00:16,698 [94489f6d-fe79-40fc-acb2-36e6df399f83-impl-thread1] INFO  ExpiredContainerReplicaOpScrubber (BackgroundSCMService.java:notifyStatusChanged(88)) - Service ExpiredContainerReplicaOpScrubber transitions to PAUSING.
2023-03-09 15:00:16,700 [94489f6d-fe79-40fc-acb2-36e6df399f83-impl-thread1] INFO  impl.StateMachineUpdater (StateMachineUpdater.java:stopAndJoin(153)) - 94489f6d-fe79-40fc-acb2-36e6df399f83@group-C4684E36AC53-StateMachineUpdater: set stopIndex = 30
2023-03-09 15:00:16,701 [94489f6d-fe79-40fc-acb2-36e6df399f83@group-C4684E36AC53-StateMachineUpdater] INFO  ha.SCMStateMachine (SCMStateMachine.java:takeSnapshot(312)) - Current Snapshot Index 30, takeSnapshot took 0 ms
2023-03-09 15:00:16,701 [94489f6d-fe79-40fc-acb2-36e6df399f83@group-C4684E36AC53-StateMachineUpdater] INFO  impl.StateMachineUpdater (StateMachineUpdater.java:takeSnapshot(287)) - 94489f6d-fe79-40fc-acb2-36e6df399f83@group-C4684E36AC53-StateMachineUpdater: Took a snapshot at index 30
2023-03-09 15:00:16,701 [94489f6d-fe79-40fc-acb2-36e6df399f83@group-C4684E36AC53-StateMachineUpdater] INFO  impl.StateMachineUpdater (StateMachineUpdater.java:lambda$new$0(92)) - 94489f6d-fe79-40fc-acb2-36e6df399f83@group-C4684E36AC53-StateMachineUpdater: snapshotIndex: updateIncreasingly -1 -> 30
2023-03-09 15:00:16,701 [94489f6d-fe79-40fc-acb2-36e6df399f83@group-C4684E36AC53-StateMachineUpdater] INFO  server.StorageContainerManager (StorageContainerManager.java:stop(1523)) - Storage Container Manager is not running.
2023-03-09 15:00:16,701 [94489f6d-fe79-40fc-acb2-36e6df399f83@group-C4684E36AC53-StateMachineUpdater] INFO  server.StorageContainerManager (ExitUtils.java:terminate(131)) - Terminating with exit status 0: scm statemachine is closed by ratis, terminate SCM
2023-03-09 15:00:16,701 [94489f6d-fe79-40fc-acb2-36e6df399f83@group-C4684E36AC53-StateMachineUpdater] WARN  impl.StateMachineUpdater (StateMachineUpdater.java:stop(137)) - 94489f6d-fe79-40fc-acb2-36e6df399f83@group-C4684E36AC53-StateMachineUpdater: Failed to close SCMStateMachine SCMStateMachine:94489f6d-fe79-40fc-acb2-36e6df399f83:group-C4684E36AC53
org.apache.ratis.util.ExitUtils$ExitException: scm statemachine is closed by ratis, terminate SCM
	at org.apache.ratis.util.ExitUtils.terminate(ExitUtils.java:141)
	at org.apache.ratis.util.ExitUtils.terminate(ExitUtils.java:151)
	at org.apache.ratis.util.ExitUtils.terminate(ExitUtils.java:155)
	at org.apache.hadoop.hdds.scm.server.StorageContainerManager.shutDown(StorageContainerManager.java:1652)
	at org.apache.hadoop.hdds.scm.ha.SCMStateMachine.close(SCMStateMachine.java:421)
	at org.apache.ratis.server.impl.StateMachineUpdater.stop(StateMachineUpdater.java:134)
	at org.apache.ratis.server.impl.StateMachineUpdater.run(StateMachineUpdater.java:187)
	at java.lang.Thread.run(Thread.java:750)
2023-03-09 15:00:16,702 [94489f6d-fe79-40fc-acb2-36e6df399f83-impl-thread1] INFO  server.RaftServer$Division (ServerState.java:close(466)) - 94489f6d-fe79-40fc-acb2-36e6df399f83@group-C4684E36AC53: closes. applyIndex: 30
2023-03-09 15:00:16,702 [94489f6d-fe79-40fc-acb2-36e6df399f83@group-C4684E36AC53-SegmentedRaftLogWorker] INFO  segmented.SegmentedRaftLogWorker (SegmentedRaftLogWorker.java:run(347)) - 94489f6d-fe79-40fc-acb2-36e6df399f83@group-C4684E36AC53-SegmentedRaftLogWorker was interrupted, exiting. There are 0 tasks remaining in the queue.
2023-03-09 15:00:16,704 [94489f6d-fe79-40fc-acb2-36e6df399f83-impl-thread1] INFO  segmented.SegmentedRaftLogWorker (SegmentedRaftLogWorker.java:close(257)) - 94489f6d-fe79-40fc-acb2-36e6df399f83@group-C4684E36AC53-SegmentedRaftLogWorker close()
2023-03-09 15:00:16,706 [JvmPauseMonitor16] INFO  util.JvmPauseMonitor (JvmPauseMonitor.java:run(111)) - JvmPauseMonitor-94489f6d-fe79-40fc-acb2-36e6df399f83: Stopped
2023-03-09 15:00:16,707 [Listener at 127.0.0.1/46083] INFO  pipeline.BackgroundPipelineCreator (BackgroundPipelineCreator.java:stop(149)) - Stopping RatisPipelineUtilsThread.
2023-03-09 15:00:16,707 [RatisPipelineUtilsThread - 0] WARN  pipeline.BackgroundPipelineCreator (BackgroundPipelineCreator.java:run(180)) - RatisPipelineUtilsThread is interrupted.
2023-03-09 15:00:16,707 [Listener at 127.0.0.1/46083] INFO  BackgroundPipelineScrubber (BackgroundSCMService.java:stop(131)) - Stopping BackgroundPipelineScrubber Service.
2023-03-09 15:00:16,707 [BackgroundPipelineScrubberThread] WARN  BackgroundPipelineScrubber (BackgroundSCMService.java:run(115)) - BackgroundPipelineScrubber is interrupted, exit
2023-03-09 15:00:16,708 [Listener at 127.0.0.1/46083] INFO  impl.MetricsSystemImpl (MetricsSystemImpl.java:stop(210)) - Stopping OzoneManager metrics system...
2023-03-09 15:00:16,719 [prometheus] INFO  impl.MetricsSinkAdapter (MetricsSinkAdapter.java:publishMetricsFromQueue(141)) - prometheus thread interrupted.
2023-03-09 15:00:16,719 [Listener at 127.0.0.1/46083] INFO  impl.MetricsSystemImpl (MetricsSystemImpl.java:stop(216)) - OzoneManager metrics system stopped.
2023-03-09 15:00:16,719 [Listener at 127.0.0.1/46083] WARN  pipeline.BackgroundPipelineCreator (BackgroundPipelineCreator.java:stop(145)) - RatisPipelineUtilsThread is not running, just ignore.
2023-03-09 15:00:16,719 [Listener at 127.0.0.1/46083] INFO  BackgroundPipelineScrubber (BackgroundSCMService.java:stop(126)) - BackgroundPipelineScrubber Service is not running, skip stop.
2023-03-09 15:00:16,720 [Listener at 127.0.0.1/46083] INFO  ExpiredContainerReplicaOpScrubber (BackgroundSCMService.java:stop(131)) - Stopping ExpiredContainerReplicaOpScrubber Service.
2023-03-09 15:00:16,720 [ExpiredContainerReplicaOpScrubberThread] WARN  ExpiredContainerReplicaOpScrubber (BackgroundSCMService.java:run(115)) - ExpiredContainerReplicaOpScrubber is interrupted, exit
2023-03-09 15:00:16,720 [Listener at 127.0.0.1/46083] INFO  utils.BackgroundService (BackgroundService.java:shutdown(141)) - Shutting down service SCMBlockDeletingService
2023-03-09 15:00:16,722 [Listener at 127.0.0.1/46083] INFO  replication.ReplicationManager (ReplicationManager.java:stop(310)) - Replication Monitor Thread is not running.
2023-03-09 15:00:16,722 [Listener at 127.0.0.1/46083] WARN  balancer.ContainerBalancer (ContainerBalancer.java:stop(322)) - Cannot stop Container Balancer because it's not running or stopping
2023-03-09 15:00:16,722 [Listener at 127.0.0.1/46083] INFO  server.StorageContainerManager (StorageContainerManager.java:stop(1642)) - Stopping SCM MetadataStore.
2023-03-09 15:00:16,724 [Listener at 127.0.0.1/46083] INFO  ozone.MiniOzoneClusterImpl (MiniOzoneClusterImpl.java:stop(465)) - Stopping the Mini Ozone Cluster
2023-03-09 15:00:16,724 [Listener at 127.0.0.1/46083] INFO  ozone.MiniOzoneClusterImpl (MiniOzoneClusterImpl.java:stopDatanodes(524)) - Stopping the HddsDatanodes
2023-03-09 15:00:16,762 [Listener at 127.0.0.1/46083] INFO  ozoneimpl.OzoneContainer (OzoneContainer.java:stop(420)) - Attempting to stop container services.
2023-03-09 15:00:16,763 [Listener at 127.0.0.1/46083] INFO  server.RaftServer (RaftServerProxy.java:lambda$close$6(409)) - 2041f563-0d32-4367-9889-6c4be41f3c5d: close
2023-03-09 15:00:16,763 [2041f563-0d32-4367-9889-6c4be41f3c5d-impl-thread1] INFO  server.RaftServer$Division (RaftServerImpl.java:lambda$close$4(458)) - 2041f563-0d32-4367-9889-6c4be41f3c5d@group-CDA870A9AA5C: shutdown
2023-03-09 15:00:16,763 [2041f563-0d32-4367-9889-6c4be41f3c5d-impl-thread1] INFO  util.JmxRegister (JmxRegister.java:unregister(73)) - Successfully un-registered JMX Bean with object name Ratis:service=RaftServer,group=group-CDA870A9AA5C,id=2041f563-0d32-4367-9889-6c4be41f3c5d
2023-03-09 15:00:16,763 [2041f563-0d32-4367-9889-6c4be41f3c5d-impl-thread1] INFO  impl.RoleInfo (RoleInfo.java:shutdownLeaderState(93)) - 2041f563-0d32-4367-9889-6c4be41f3c5d: shutdown 2041f563-0d32-4367-9889-6c4be41f3c5d@group-CDA870A9AA5C-LeaderStateImpl
2023-03-09 15:00:16,764 [2041f563-0d32-4367-9889-6c4be41f3c5d-impl-thread1] INFO  impl.PendingRequests (PendingRequests.java:sendNotLeaderResponses(282)) - 2041f563-0d32-4367-9889-6c4be41f3c5d@group-CDA870A9AA5C-PendingRequests: sendNotLeaderResponses
2023-03-09 15:00:16,764 [2041f563-0d32-4367-9889-6c4be41f3c5d-impl-thread2] INFO  server.RaftServer$Division (RaftServerImpl.java:lambda$close$4(458)) - 2041f563-0d32-4367-9889-6c4be41f3c5d@group-520440AA15DD: shutdown
2023-03-09 15:00:16,764 [2041f563-0d32-4367-9889-6c4be41f3c5d-impl-thread2] INFO  util.JmxRegister (JmxRegister.java:unregister(73)) - Successfully un-registered JMX Bean with object name Ratis:service=RaftServer,group=group-520440AA15DD,id=2041f563-0d32-4367-9889-6c4be41f3c5d
2023-03-09 15:00:16,764 [2041f563-0d32-4367-9889-6c4be41f3c5d-impl-thread2] INFO  impl.RoleInfo (RoleInfo.java:shutdownFollowerState(110)) - 2041f563-0d32-4367-9889-6c4be41f3c5d: shutdown 2041f563-0d32-4367-9889-6c4be41f3c5d@group-520440AA15DD-FollowerState
2023-03-09 15:00:16,764 [2041f563-0d32-4367-9889-6c4be41f3c5d-impl-thread1] INFO  impl.StateMachineUpdater (StateMachineUpdater.java:stopAndJoin(153)) - 2041f563-0d32-4367-9889-6c4be41f3c5d@group-CDA870A9AA5C-StateMachineUpdater: set stopIndex = 0
2023-03-09 15:00:16,764 [Listener at 127.0.0.1/46083] INFO  server.GrpcService (GrpcService.java:closeImpl(271)) - 2041f563-0d32-4367-9889-6c4be41f3c5d: shutdown server GrpcServerProtocolService now
2023-03-09 15:00:16,764 [2041f563-0d32-4367-9889-6c4be41f3c5d@group-CDA870A9AA5C-StateMachineUpdater] INFO  ratis.ContainerStateMachine (ContainerStateMachine.java:takeSnapshot(308)) - group-CDA870A9AA5C: Taking a snapshot at:(t:1, i:0) file /home/runner/work/ozone/ozone/hadoop-ozone/integration-test/target/test-dir/MiniOzoneClusterImpl-0be2ff2d-c2a8-4ed5-ac17-c4684e36ac53/datanode-1/data/ratis/dbd29d10-1898-45ce-a351-cda870a9aa5c/sm/snapshot.1_0
2023-03-09 15:00:16,764 [2041f563-0d32-4367-9889-6c4be41f3c5d@group-520440AA15DD-FollowerState] INFO  impl.FollowerState (FollowerState.java:run(152)) - 2041f563-0d32-4367-9889-6c4be41f3c5d@group-520440AA15DD-FollowerState was interrupted
2023-03-09 15:00:16,764 [2041f563-0d32-4367-9889-6c4be41f3c5d-impl-thread2] INFO  impl.StateMachineUpdater (StateMachineUpdater.java:stopAndJoin(153)) - 2041f563-0d32-4367-9889-6c4be41f3c5d@group-520440AA15DD-StateMachineUpdater: set stopIndex = 0
2023-03-09 15:00:16,765 [2041f563-0d32-4367-9889-6c4be41f3c5d-impl-thread3] INFO  server.RaftServer$Division (RaftServerImpl.java:lambda$close$4(458)) - 2041f563-0d32-4367-9889-6c4be41f3c5d@group-46A4DCB4A5D0: shutdown
2023-03-09 15:00:16,765 [2041f563-0d32-4367-9889-6c4be41f3c5d-impl-thread3] INFO  util.JmxRegister (JmxRegister.java:unregister(73)) - Successfully un-registered JMX Bean with object name Ratis:service=RaftServer,group=group-46A4DCB4A5D0,id=2041f563-0d32-4367-9889-6c4be41f3c5d
2023-03-09 15:00:16,765 [2041f563-0d32-4367-9889-6c4be41f3c5d@group-520440AA15DD-StateMachineUpdater] INFO  ratis.ContainerStateMachine (ContainerStateMachine.java:takeSnapshot(308)) - group-520440AA15DD: Taking a snapshot at:(t:1, i:0) file /home/runner/work/ozone/ozone/hadoop-ozone/integration-test/target/test-dir/MiniOzoneClusterImpl-0be2ff2d-c2a8-4ed5-ac17-c4684e36ac53/datanode-1/data/ratis/f689b343-6c19-4032-b37b-520440aa15dd/sm/snapshot.1_0
2023-03-09 15:00:16,765 [Listener at 127.0.0.1/46083] INFO  server.GrpcServerProtocolClient (GrpcServerProtocolClient.java:close(101)) - feab20ca-06d8-4da6-9078-da7af006e724 Close channels
2023-03-09 15:00:16,764 [EndpointStateMachine task thread for /127.0.0.1:36681 - 0 ] INFO  ipc.Client (Client.java:handleConnectionFailure(1010)) - Retrying connect to server: localhost/127.0.0.1:36681. Already tried 1 time(s); retry policy is RetryUpToMaximumCountWithFixedSleep(maxRetries=15, sleepTime=1000 MILLISECONDS)
2023-03-09 15:00:16,767 [grpc-default-executor-1] WARN  server.GrpcServerProtocolService (LogUtils.java:warn(122)) - 2041f563-0d32-4367-9889-6c4be41f3c5d: installSnapshot onError, lastRequest: null: org.apache.ratis.thirdparty.io.grpc.StatusRuntimeException: CANCELLED: client cancelled
2023-03-09 15:00:16,765 [2041f563-0d32-4367-9889-6c4be41f3c5d-impl-thread3] INFO  impl.RoleInfo (RoleInfo.java:shutdownLeaderState(93)) - 2041f563-0d32-4367-9889-6c4be41f3c5d: shutdown 2041f563-0d32-4367-9889-6c4be41f3c5d@group-46A4DCB4A5D0-LeaderStateImpl
2023-03-09 15:00:16,772 [2041f563-0d32-4367-9889-6c4be41f3c5d@group-46A4DCB4A5D0->2e08ab99-21b9-413b-a3c3-42a884871cc4-GrpcLogAppender-LogAppenderDaemon] WARN  server.GrpcLogAppender (GrpcLogAppender.java:mayWait(200)) - 2041f563-0d32-4367-9889-6c4be41f3c5d@group-46A4DCB4A5D0->2e08ab99-21b9-413b-a3c3-42a884871cc4-GrpcLogAppender: Wait interrupted by java.lang.InterruptedException
2023-03-09 15:00:16,772 [2041f563-0d32-4367-9889-6c4be41f3c5d@group-46A4DCB4A5D0->feab20ca-06d8-4da6-9078-da7af006e724-GrpcLogAppender-LogAppenderDaemon] WARN  server.GrpcLogAppender (GrpcLogAppender.java:mayWait(200)) - 2041f563-0d32-4367-9889-6c4be41f3c5d@group-46A4DCB4A5D0->feab20ca-06d8-4da6-9078-da7af006e724-GrpcLogAppender: Wait interrupted by java.lang.InterruptedException
2023-03-09 15:00:16,772 [2041f563-0d32-4367-9889-6c4be41f3c5d-impl-thread3] INFO  impl.PendingRequests (PendingRequests.java:sendNotLeaderResponses(282)) - 2041f563-0d32-4367-9889-6c4be41f3c5d@group-46A4DCB4A5D0-PendingRequests: sendNotLeaderResponses
2023-03-09 15:00:16,772 [grpc-default-executor-1] WARN  server.GrpcLogAppender (LogUtils.java:warn(122)) - 2e08ab99-21b9-413b-a3c3-42a884871cc4@group-520440AA15DD->2041f563-0d32-4367-9889-6c4be41f3c5d-AppendLogResponseHandler: Failed appendEntries: org.apache.ratis.thirdparty.io.grpc.StatusRuntimeException: CANCELLED: RST_STREAM closed stream. HTTP/2 error code: CANCEL
2023-03-09 15:00:16,771 [grpc-default-executor-5] WARN  server.GrpcLogAppender (LogUtils.java:warn(122)) - 2e08ab99-21b9-413b-a3c3-42a884871cc4@group-520440AA15DD->2041f563-0d32-4367-9889-6c4be41f3c5d-AppendLogResponseHandler: Failed appendEntries: org.apache.ratis.thirdparty.io.grpc.StatusRuntimeException: CANCELLED: RST_STREAM closed stream. HTTP/2 error code: CANCEL
2023-03-09 15:00:16,771 [2041f563-0d32-4367-9889-6c4be41f3c5d@group-CDA870A9AA5C-StateMachineUpdater] INFO  ratis.ContainerStateMachine (ContainerStateMachine.java:takeSnapshot(319)) - group-CDA870A9AA5C: Finished taking a snapshot at:(t:1, i:0) file:/home/runner/work/ozone/ozone/hadoop-ozone/integration-test/target/test-dir/MiniOzoneClusterImpl-0be2ff2d-c2a8-4ed5-ac17-c4684e36ac53/datanode-1/data/ratis/dbd29d10-1898-45ce-a351-cda870a9aa5c/sm/snapshot.1_0 took: 7 ms
2023-03-09 15:00:16,773 [grpc-default-executor-1] WARN  server.GrpcLogAppender (GrpcLogAppender.java:resetClient(131)) - 2e08ab99-21b9-413b-a3c3-42a884871cc4@group-520440AA15DD->2041f563-0d32-4367-9889-6c4be41f3c5d-GrpcLogAppender: Leader has not got in touch with Follower 2e08ab99-21b9-413b-a3c3-42a884871cc4@group-520440AA15DD->2041f563-0d32-4367-9889-6c4be41f3c5d(c0,m0,n1, attendVote=true, lastRpcSendTime=984, lastRpcResponseTime=983) yet, just keep nextIndex unchanged and retry.
2023-03-09 15:00:16,769 [grpc-default-executor-3] WARN  server.GrpcServerProtocolService (LogUtils.java:warn(122)) - 2041f563-0d32-4367-9889-6c4be41f3c5d: installSnapshot onError, lastRequest: 2e08ab99-21b9-413b-a3c3-42a884871cc4->2041f563-0d32-4367-9889-6c4be41f3c5d#1-t1,previous=(t:0, i:0),leaderCommit=0,initializing? true,entries: size=1, first=(t:1, i:0), CONFIGURATIONENTRY(current:id: "feab20ca-06d8-4da6-9078-da7af006e724"
address: "127.0.0.1:45775"
dataStreamAddress: "127.0.0.1:42183"
clientAddress: "127.0.0.1:45775"
adminAddress: "127.0.0.1:45775"
startupRole: FOLLOWER
,id: "2041f563-0d32-4367-9889-6c4be41f3c5d"
address: "127.0.0.1:35575"
dataStreamAddress: "127.0.0.1:40961"
clientAddress: "127.0.0.1:35575"
adminAddress: "127.0.0.1:35575"
startupRole: FOLLOWER
,id: "2e08ab99-21b9-413b-a3c3-42a884871cc4"
address: "127.0.0.1:38561"
priority: 1
dataStreamAddress: "127.0.0.1:36339"
clientAddress: "127.0.0.1:38561"
adminAddress: "127.0.0.1:38561"
startupRole: FOLLOWER
, old:): org.apache.ratis.thirdparty.io.grpc.StatusRuntimeException: CANCELLED: client cancelled
2023-03-09 15:00:16,773 [2041f563-0d32-4367-9889-6c4be41f3c5d@group-CDA870A9AA5C-StateMachineUpdater] INFO  impl.StateMachineUpdater (StateMachineUpdater.java:takeSnapshot(287)) - 2041f563-0d32-4367-9889-6c4be41f3c5d@group-CDA870A9AA5C-StateMachineUpdater: Took a snapshot at index 0
2023-03-09 15:00:16,773 [2041f563-0d32-4367-9889-6c4be41f3c5d@group-520440AA15DD-StateMachineUpdater] INFO  ratis.ContainerStateMachine (ContainerStateMachine.java:takeSnapshot(319)) - group-520440AA15DD: Finished taking a snapshot at:(t:1, i:0) file:/home/runner/work/ozone/ozone/hadoop-ozone/integration-test/target/test-dir/MiniOzoneClusterImpl-0be2ff2d-c2a8-4ed5-ac17-c4684e36ac53/datanode-1/data/ratis/f689b343-6c19-4032-b37b-520440aa15dd/sm/snapshot.1_0 took: 8 ms
2023-03-09 15:00:16,773 [2041f563-0d32-4367-9889-6c4be41f3c5d@group-CDA870A9AA5C-StateMachineUpdater] INFO  impl.StateMachineUpdater (StateMachineUpdater.java:lambda$new$0(92)) - 2041f563-0d32-4367-9889-6c4be41f3c5d@group-CDA870A9AA5C-StateMachineUpdater: snapshotIndex: updateIncreasingly -1 -> 0
2023-03-09 15:00:16,773 [2041f563-0d32-4367-9889-6c4be41f3c5d@group-520440AA15DD-StateMachineUpdater] INFO  impl.StateMachineUpdater (StateMachineUpdater.java:takeSnapshot(287)) - 2041f563-0d32-4367-9889-6c4be41f3c5d@group-520440AA15DD-StateMachineUpdater: Took a snapshot at index 0
2023-03-09 15:00:16,773 [2041f563-0d32-4367-9889-6c4be41f3c5d@group-520440AA15DD-StateMachineUpdater] INFO  impl.StateMachineUpdater (StateMachineUpdater.java:lambda$new$0(92)) - 2041f563-0d32-4367-9889-6c4be41f3c5d@group-520440AA15DD-StateMachineUpdater: snapshotIndex: updateIncreasingly -1 -> 0
2023-03-09 15:00:16,773 [grpc-default-executor-5] WARN  server.GrpcLogAppender (GrpcLogAppender.java:resetClient(131)) - 2e08ab99-21b9-413b-a3c3-42a884871cc4@group-520440AA15DD->2041f563-0d32-4367-9889-6c4be41f3c5d-GrpcLogAppender: Leader has not got in touch with Follower 2e08ab99-21b9-413b-a3c3-42a884871cc4@group-520440AA15DD->2041f563-0d32-4367-9889-6c4be41f3c5d(c0,m0,n1, attendVote=true, lastRpcSendTime=985, lastRpcResponseTime=984) yet, just keep nextIndex unchanged and retry.
2023-03-09 15:00:16,773 [2041f563-0d32-4367-9889-6c4be41f3c5d-impl-thread1] INFO  server.RaftServer$Division (ServerState.java:close(466)) - 2041f563-0d32-4367-9889-6c4be41f3c5d@group-CDA870A9AA5C: closes. applyIndex: 0
2023-03-09 15:00:16,774 [2041f563-0d32-4367-9889-6c4be41f3c5d-impl-thread2] INFO  server.RaftServer$Division (ServerState.java:close(466)) - 2041f563-0d32-4367-9889-6c4be41f3c5d@group-520440AA15DD: closes. applyIndex: 0
2023-03-09 15:00:16,774 [2041f563-0d32-4367-9889-6c4be41f3c5d@group-CDA870A9AA5C-SegmentedRaftLogWorker] INFO  segmented.SegmentedRaftLogWorker (SegmentedRaftLogWorker.java:run(347)) - 2041f563-0d32-4367-9889-6c4be41f3c5d@group-CDA870A9AA5C-SegmentedRaftLogWorker was interrupted, exiting. There are 0 tasks remaining in the queue.
2023-03-09 15:00:16,779 [2041f563-0d32-4367-9889-6c4be41f3c5d@group-520440AA15DD-SegmentedRaftLogWorker] INFO  segmented.SegmentedRaftLogWorker (SegmentedRaftLogWorker.java:run(347)) - 2041f563-0d32-4367-9889-6c4be41f3c5d@group-520440AA15DD-SegmentedRaftLogWorker was interrupted, exiting. There are 0 tasks remaining in the queue.
2023-03-09 15:00:16,779 [grpc-default-executor-3] INFO  server.GrpcServerProtocolService (GrpcServerProtocolService.java:onCompleted(143)) - 2e08ab99-21b9-413b-a3c3-42a884871cc4: Completed APPEND_ENTRIES, lastRequest: 2041f563-0d32-4367-9889-6c4be41f3c5d->2e08ab99-21b9-413b-a3c3-42a884871cc4#1-t1,previous=(t:0, i:0),leaderCommit=0,initializing? true,entries: size=1, first=(t:1, i:0), CONFIGURATIONENTRY(current:id: "feab20ca-06d8-4da6-9078-da7af006e724"
address: "127.0.0.1:45775"
dataStreamAddress: "127.0.0.1:42183"
clientAddress: "127.0.0.1:45775"
adminAddress: "127.0.0.1:45775"
startupRole: FOLLOWER
,id: "2041f563-0d32-4367-9889-6c4be41f3c5d"
address: "127.0.0.1:35575"
priority: 1
dataStreamAddress: "127.0.0.1:40961"
clientAddress: "127.0.0.1:35575"
adminAddress: "127.0.0.1:35575"
startupRole: FOLLOWER
,id: "2e08ab99-21b9-413b-a3c3-42a884871cc4"
address: "127.0.0.1:38561"
dataStreamAddress: "127.0.0.1:36339"
clientAddress: "127.0.0.1:38561"
adminAddress: "127.0.0.1:38561"
startupRole: FOLLOWER
, old:)
2023-03-09 15:00:16,779 [grpc-default-executor-5] INFO  server.GrpcServerProtocolService (GrpcServerProtocolService.java:onCompleted(143)) - feab20ca-06d8-4da6-9078-da7af006e724: Completed APPEND_ENTRIES, lastRequest: 2041f563-0d32-4367-9889-6c4be41f3c5d->feab20ca-06d8-4da6-9078-da7af006e724#1-t1,previous=(t:0, i:0),leaderCommit=0,initializing? true,entries: size=1, first=(t:1, i:0), CONFIGURATIONENTRY(current:id: "feab20ca-06d8-4da6-9078-da7af006e724"
address: "127.0.0.1:45775"
dataStreamAddress: "127.0.0.1:42183"
clientAddress: "127.0.0.1:45775"
adminAddress: "127.0.0.1:45775"
startupRole: FOLLOWER
,id: "2041f563-0d32-4367-9889-6c4be41f3c5d"
address: "127.0.0.1:35575"
priority: 1
dataStreamAddress: "127.0.0.1:40961"
clientAddress: "127.0.0.1:35575"
adminAddress: "127.0.0.1:35575"
startupRole: FOLLOWER
,id: "2e08ab99-21b9-413b-a3c3-42a884871cc4"
address: "127.0.0.1:38561"
dataStreamAddress: "127.0.0.1:36339"
clientAddress: "127.0.0.1:38561"
adminAddress: "127.0.0.1:38561"
startupRole: FOLLOWER
, old:)
2023-03-09 15:00:16,779 [grpc-default-executor-1] INFO  server.GrpcServerProtocolService (GrpcServerProtocolService.java:onCompleted(143)) - feab20ca-06d8-4da6-9078-da7af006e724: Completed APPEND_ENTRIES, lastRequest: null
2023-03-09 15:00:16,780 [2041f563-0d32-4367-9889-6c4be41f3c5d@group-46A4DCB4A5D0-StateMachineUpdater] INFO  ratis.ContainerStateMachine (ContainerStateMachine.java:takeSnapshot(308)) - group-46A4DCB4A5D0: Taking a snapshot at:(t:1, i:0) file /home/runner/work/ozone/ozone/hadoop-ozone/integration-test/target/test-dir/MiniOzoneClusterImpl-0be2ff2d-c2a8-4ed5-ac17-c4684e36ac53/datanode-1/data/ratis/faff28c6-d6df-4147-b59d-46a4dcb4a5d0/sm/snapshot.1_0
2023-03-09 15:00:16,780 [2041f563-0d32-4367-9889-6c4be41f3c5d-impl-thread3] INFO  impl.StateMachineUpdater (StateMachineUpdater.java:stopAndJoin(153)) - 2041f563-0d32-4367-9889-6c4be41f3c5d@group-46A4DCB4A5D0-StateMachineUpdater: set stopIndex = 0
2023-03-09 15:00:16,780 [grpc-default-executor-5] INFO  server.GrpcServerProtocolService (GrpcServerProtocolService.java:onCompleted(143)) - 2e08ab99-21b9-413b-a3c3-42a884871cc4: Completed APPEND_ENTRIES, lastRequest: null
2023-03-09 15:00:16,780 [2041f563-0d32-4367-9889-6c4be41f3c5d@group-46A4DCB4A5D0-StateMachineUpdater] INFO  ratis.ContainerStateMachine (ContainerStateMachine.java:takeSnapshot(319)) - group-46A4DCB4A5D0: Finished taking a snapshot at:(t:1, i:0) file:/home/runner/work/ozone/ozone/hadoop-ozone/integration-test/target/test-dir/MiniOzoneClusterImpl-0be2ff2d-c2a8-4ed5-ac17-c4684e36ac53/datanode-1/data/ratis/faff28c6-d6df-4147-b59d-46a4dcb4a5d0/sm/snapshot.1_0 took: 0 ms
2023-03-09 15:00:16,780 [2041f563-0d32-4367-9889-6c4be41f3c5d@group-46A4DCB4A5D0-StateMachineUpdater] INFO  impl.StateMachineUpdater (StateMachineUpdater.java:takeSnapshot(287)) - 2041f563-0d32-4367-9889-6c4be41f3c5d@group-46A4DCB4A5D0-StateMachineUpdater: Took a snapshot at index 0
2023-03-09 15:00:16,780 [2041f563-0d32-4367-9889-6c4be41f3c5d@group-46A4DCB4A5D0-StateMachineUpdater] INFO  impl.StateMachineUpdater (StateMachineUpdater.java:lambda$new$0(92)) - 2041f563-0d32-4367-9889-6c4be41f3c5d@group-46A4DCB4A5D0-StateMachineUpdater: snapshotIndex: updateIncreasingly -1 -> 0
2023-03-09 15:00:16,781 [grpc-default-executor-5] INFO  server.GrpcLogAppender (GrpcLogAppender.java:onCompleted(415)) - 2041f563-0d32-4367-9889-6c4be41f3c5d@group-46A4DCB4A5D0->2e08ab99-21b9-413b-a3c3-42a884871cc4-AppendLogResponseHandler: follower responses appendEntries COMPLETED
2023-03-09 15:00:16,781 [grpc-default-executor-1] INFO  server.GrpcLogAppender (GrpcLogAppender.java:onCompleted(415)) - 2041f563-0d32-4367-9889-6c4be41f3c5d@group-46A4DCB4A5D0->feab20ca-06d8-4da6-9078-da7af006e724-AppendLogResponseHandler: follower responses appendEntries COMPLETED
2023-03-09 15:00:16,781 [grpc-default-executor-5] INFO  leader.FollowerInfo (FollowerInfoImpl.java:lambda$new$0(48)) - 2041f563-0d32-4367-9889-6c4be41f3c5d@group-46A4DCB4A5D0->2e08ab99-21b9-413b-a3c3-42a884871cc4: nextIndex: updateUnconditionally 1 -> 0
2023-03-09 15:00:16,781 [grpc-default-executor-3] INFO  server.GrpcLogAppender (GrpcLogAppender.java:onCompleted(415)) - 2041f563-0d32-4367-9889-6c4be41f3c5d@group-46A4DCB4A5D0->feab20ca-06d8-4da6-9078-da7af006e724-AppendLogResponseHandler: follower responses appendEntries COMPLETED
2023-03-09 15:00:16,781 [2041f563-0d32-4367-9889-6c4be41f3c5d-impl-thread3] INFO  server.RaftServer$Division (ServerState.java:close(466)) - 2041f563-0d32-4367-9889-6c4be41f3c5d@group-46A4DCB4A5D0: closes. applyIndex: 0
2023-03-09 15:00:16,781 [2041f563-0d32-4367-9889-6c4be41f3c5d@group-46A4DCB4A5D0-SegmentedRaftLogWorker] INFO  segmented.SegmentedRaftLogWorker (SegmentedRaftLogWorker.java:run(347)) - 2041f563-0d32-4367-9889-6c4be41f3c5d@group-46A4DCB4A5D0-SegmentedRaftLogWorker was interrupted, exiting. There are 0 tasks remaining in the queue.
2023-03-09 15:00:16,781 [grpc-default-executor-5] INFO  server.GrpcLogAppender (GrpcLogAppender.java:onCompleted(415)) - 2041f563-0d32-4367-9889-6c4be41f3c5d@group-46A4DCB4A5D0->2e08ab99-21b9-413b-a3c3-42a884871cc4-AppendLogResponseHandler: follower responses appendEntries COMPLETED
2023-03-09 15:00:16,781 [grpc-default-executor-5] INFO  leader.FollowerInfo (FollowerInfoImpl.java:lambda$new$0(48)) - 2041f563-0d32-4367-9889-6c4be41f3c5d@group-46A4DCB4A5D0->2e08ab99-21b9-413b-a3c3-42a884871cc4: nextIndex: updateUnconditionally 0 -> 0
2023-03-09 15:00:16,794 [grpc-default-executor-1] WARN  server.GrpcLogAppender (GrpcLogAppender.java:resetClient(137)) - 2041f563-0d32-4367-9889-6c4be41f3c5d@group-46A4DCB4A5D0->feab20ca-06d8-4da6-9078-da7af006e724-GrpcLogAppender: Failed to getClient for feab20ca-06d8-4da6-9078-da7af006e724
org.apache.ratis.protocol.exceptions.AlreadyClosedException: 2041f563-0d32-4367-9889-6c4be41f3c5d is already CLOSED
	at org.apache.ratis.util.PeerProxyMap$PeerAndProxy.getProxy(PeerProxyMap.java:61)
	at org.apache.ratis.util.PeerProxyMap.getProxy(PeerProxyMap.java:115)
	at org.apache.ratis.grpc.server.GrpcLogAppender.getClient(GrpcLogAppender.java:116)
	at org.apache.ratis.grpc.server.GrpcLogAppender.resetClient(GrpcLogAppender.java:121)
	at org.apache.ratis.grpc.server.GrpcLogAppender.access$500(GrpcLogAppender.java:58)
	at org.apache.ratis.grpc.server.GrpcLogAppender$AppendLogResponseHandler.onCompleted(GrpcLogAppender.java:416)
	at org.apache.ratis.thirdparty.io.grpc.stub.ClientCalls$StreamObserverToCallListenerAdapter.onClose(ClientCalls.java:485)
	at org.apache.ratis.thirdparty.io.grpc.internal.ClientCallImpl.closeObserver(ClientCallImpl.java:562)
	at org.apache.ratis.thirdparty.io.grpc.internal.ClientCallImpl.access$300(ClientCallImpl.java:70)
	at org.apache.ratis.thirdparty.io.grpc.internal.ClientCallImpl$ClientStreamListenerImpl$1StreamClosed.runInternal(ClientCallImpl.java:743)
	at org.apache.ratis.thirdparty.io.grpc.internal.ClientCallImpl$ClientStreamListenerImpl$1StreamClosed.runInContext(ClientCallImpl.java:722)
	at org.apache.ratis.thirdparty.io.grpc.internal.ContextRunnable.run(ContextRunnable.java:37)
	at org.apache.ratis.thirdparty.io.grpc.internal.SerializingExecutor.run(SerializingExecutor.java:133)
	at java.util.concurrent.ThreadPoolExecutor.runWorker(ThreadPoolExecutor.java:1149)
	at java.util.concurrent.ThreadPoolExecutor$Worker.run(ThreadPoolExecutor.java:624)
	at java.lang.Thread.run(Thread.java:750)
2023-03-09 15:00:16,794 [grpc-default-executor-3] WARN  server.GrpcLogAppender (GrpcLogAppender.java:resetClient(137)) - 2041f563-0d32-4367-9889-6c4be41f3c5d@group-46A4DCB4A5D0->feab20ca-06d8-4da6-9078-da7af006e724-GrpcLogAppender: Failed to getClient for feab20ca-06d8-4da6-9078-da7af006e724
org.apache.ratis.protocol.exceptions.AlreadyClosedException: 2041f563-0d32-4367-9889-6c4be41f3c5d is already CLOSED
	at org.apache.ratis.util.PeerProxyMap$PeerAndProxy.getProxy(PeerProxyMap.java:61)
	at org.apache.ratis.util.PeerProxyMap.getProxy(PeerProxyMap.java:115)
	at org.apache.ratis.grpc.server.GrpcLogAppender.getClient(GrpcLogAppender.java:116)
	at org.apache.ratis.grpc.server.GrpcLogAppender.resetClient(GrpcLogAppender.java:121)
	at org.apache.ratis.grpc.server.GrpcLogAppender.access$500(GrpcLogAppender.java:58)
	at org.apache.ratis.grpc.server.GrpcLogAppender$AppendLogResponseHandler.onCompleted(GrpcLogAppender.java:416)
	at org.apache.ratis.thirdparty.io.grpc.stub.ClientCalls$StreamObserverToCallListenerAdapter.onClose(ClientCalls.java:485)
	at org.apache.ratis.thirdparty.io.grpc.internal.DelayedClientCall$DelayedListener$3.run(DelayedClientCall.java:468)
	at org.apache.ratis.thirdparty.io.grpc.internal.DelayedClientCall$DelayedListener.delayOrExecute(DelayedClientCall.java:432)
	at org.apache.ratis.thirdparty.io.grpc.internal.DelayedClientCall$DelayedListener.onClose(DelayedClientCall.java:465)
	at org.apache.ratis.thirdparty.io.grpc.internal.ClientCallImpl.closeObserver(ClientCallImpl.java:562)
	at org.apache.ratis.thirdparty.io.grpc.internal.ClientCallImpl.access$300(ClientCallImpl.java:70)
	at org.apache.ratis.thirdparty.io.grpc.internal.ClientCallImpl$ClientStreamListenerImpl$1StreamClosed.runInternal(ClientCallImpl.java:743)
	at org.apache.ratis.thirdparty.io.grpc.internal.ClientCallImpl$ClientStreamListenerImpl$1StreamClosed.runInContext(ClientCallImpl.java:722)
	at org.apache.ratis.thirdparty.io.grpc.internal.ContextRunnable.run(ContextRunnable.java:37)
	at org.apache.ratis.thirdparty.io.grpc.internal.SerializingExecutor.run(SerializingExecutor.java:133)
	at java.util.concurrent.ThreadPoolExecutor.runWorker(ThreadPoolExecutor.java:1149)
	at java.util.concurrent.ThreadPoolExecutor$Worker.run(ThreadPoolExecutor.java:624)
	at java.lang.Thread.run(Thread.java:750)
2023-03-09 15:00:16,798 [2041f563-0d32-4367-9889-6c4be41f3c5d-impl-thread3] INFO  segmented.SegmentedRaftLogWorker (SegmentedRaftLogWorker.java:close(257)) - 2041f563-0d32-4367-9889-6c4be41f3c5d@group-46A4DCB4A5D0-SegmentedRaftLogWorker close()
2023-03-09 15:00:16,803 [2041f563-0d32-4367-9889-6c4be41f3c5d-impl-thread1] INFO  segmented.SegmentedRaftLogWorker (SegmentedRaftLogWorker.java:close(257)) - 2041f563-0d32-4367-9889-6c4be41f3c5d@group-CDA870A9AA5C-SegmentedRaftLogWorker close()
2023-03-09 15:00:16,803 [2041f563-0d32-4367-9889-6c4be41f3c5d-impl-thread2] INFO  segmented.SegmentedRaftLogWorker (SegmentedRaftLogWorker.java:close(257)) - 2041f563-0d32-4367-9889-6c4be41f3c5d@group-520440AA15DD-SegmentedRaftLogWorker close()
2023-03-09 15:00:16,812 [Listener at 127.0.0.1/46083] INFO  server.GrpcServerProtocolClient (GrpcServerProtocolClient.java:close(101)) - 2e08ab99-21b9-413b-a3c3-42a884871cc4 Close channels
2023-03-09 15:00:16,815 [Listener at 127.0.0.1/46083] INFO  server.GrpcService (GrpcService.java:closeImpl(280)) - 2041f563-0d32-4367-9889-6c4be41f3c5d: shutdown server GrpcServerProtocolService successfully
2023-03-09 15:00:16,816 [2041f563-0d32-4367-9889-6c4be41f3c5d-NettyServerStreamRpc-bossGroup--thread1] INFO  logging.LoggingHandler (AbstractInternalLogger.java:log(148)) - [id: 0x3ec790e2, L:/0:0:0:0:0:0:0:0:40961] CLOSE
2023-03-09 15:00:16,816 [2041f563-0d32-4367-9889-6c4be41f3c5d-NettyServerStreamRpc-bossGroup--thread1] INFO  logging.LoggingHandler (AbstractInternalLogger.java:log(148)) - [id: 0x3ec790e2, L:/0:0:0:0:0:0:0:0:40961] INACTIVE
2023-03-09 15:00:16,816 [2041f563-0d32-4367-9889-6c4be41f3c5d-NettyServerStreamRpc-bossGroup--thread1] INFO  logging.LoggingHandler (AbstractInternalLogger.java:log(148)) - [id: 0x3ec790e2, L:/0:0:0:0:0:0:0:0:40961] UNREGISTERED
2023-03-09 15:00:16,839 [JvmPauseMonitor19] INFO  util.JvmPauseMonitor (JvmPauseMonitor.java:run(111)) - JvmPauseMonitor-2041f563-0d32-4367-9889-6c4be41f3c5d: Stopped
2023-03-09 15:00:17,624 [EndpointStateMachine task thread for /127.0.0.1:40177 - 0 ] INFO  ipc.Client (Client.java:handleConnectionFailure(1010)) - Retrying connect to server: localhost/127.0.0.1:40177. Already tried 2 time(s); retry policy is RetryUpToMaximumCountWithFixedSleep(maxRetries=15, sleepTime=1000 MILLISECONDS)
2023-03-09 15:00:17,677 [ForkJoinPool.commonPool-worker-1] INFO  ozoneimpl.OzoneContainer (OzoneContainer.java:stop(420)) - Attempting to stop container services.
2023-03-09 15:00:17,678 [ForkJoinPool.commonPool-worker-1] INFO  server.RaftServer (RaftServerProxy.java:lambda$close$6(409)) - 2e08ab99-21b9-413b-a3c3-42a884871cc4: close
2023-03-09 15:00:17,678 [2e08ab99-21b9-413b-a3c3-42a884871cc4-impl-thread1] INFO  server.RaftServer$Division (RaftServerImpl.java:lambda$close$4(458)) - 2e08ab99-21b9-413b-a3c3-42a884871cc4@group-3A6F2FB1D2F2: shutdown
2023-03-09 15:00:17,678 [2e08ab99-21b9-413b-a3c3-42a884871cc4-impl-thread1] INFO  util.JmxRegister (JmxRegister.java:unregister(73)) - Successfully un-registered JMX Bean with object name Ratis:service=RaftServer,group=group-3A6F2FB1D2F2,id=2e08ab99-21b9-413b-a3c3-42a884871cc4
2023-03-09 15:00:17,678 [2e08ab99-21b9-413b-a3c3-42a884871cc4-impl-thread1] INFO  impl.RoleInfo (RoleInfo.java:shutdownLeaderState(93)) - 2e08ab99-21b9-413b-a3c3-42a884871cc4: shutdown 2e08ab99-21b9-413b-a3c3-42a884871cc4@group-3A6F2FB1D2F2-LeaderStateImpl
2023-03-09 15:00:17,678 [2e08ab99-21b9-413b-a3c3-42a884871cc4-impl-thread2] INFO  server.RaftServer$Division (RaftServerImpl.java:lambda$close$4(458)) - 2e08ab99-21b9-413b-a3c3-42a884871cc4@group-520440AA15DD: shutdown
2023-03-09 15:00:17,678 [2e08ab99-21b9-413b-a3c3-42a884871cc4-impl-thread1] INFO  impl.PendingRequests (PendingRequests.java:sendNotLeaderResponses(282)) - 2e08ab99-21b9-413b-a3c3-42a884871cc4@group-3A6F2FB1D2F2-PendingRequests: sendNotLeaderResponses
2023-03-09 15:00:17,678 [2e08ab99-21b9-413b-a3c3-42a884871cc4-impl-thread2] INFO  util.JmxRegister (JmxRegister.java:unregister(73)) - Successfully un-registered JMX Bean with object name Ratis:service=RaftServer,group=group-520440AA15DD,id=2e08ab99-21b9-413b-a3c3-42a884871cc4
2023-03-09 15:00:17,678 [2e08ab99-21b9-413b-a3c3-42a884871cc4-impl-thread2] INFO  impl.RoleInfo (RoleInfo.java:shutdownLeaderState(93)) - 2e08ab99-21b9-413b-a3c3-42a884871cc4: shutdown 2e08ab99-21b9-413b-a3c3-42a884871cc4@group-520440AA15DD-LeaderStateImpl
2023-03-09 15:00:17,678 [ForkJoinPool.commonPool-worker-1] INFO  server.GrpcService (GrpcService.java:closeImpl(271)) - 2e08ab99-21b9-413b-a3c3-42a884871cc4: shutdown server GrpcServerProtocolService now
2023-03-09 15:00:17,679 [2e08ab99-21b9-413b-a3c3-42a884871cc4-impl-thread1] INFO  impl.StateMachineUpdater (StateMachineUpdater.java:stopAndJoin(153)) - 2e08ab99-21b9-413b-a3c3-42a884871cc4@group-3A6F2FB1D2F2-StateMachineUpdater: set stopIndex = 0
2023-03-09 15:00:17,680 [2e08ab99-21b9-413b-a3c3-42a884871cc4@group-3A6F2FB1D2F2-StateMachineUpdater] INFO  ratis.ContainerStateMachine (ContainerStateMachine.java:takeSnapshot(308)) - group-3A6F2FB1D2F2: Taking a snapshot at:(t:1, i:0) file /home/runner/work/ozone/ozone/hadoop-ozone/integration-test/target/test-dir/MiniOzoneClusterImpl-0be2ff2d-c2a8-4ed5-ac17-c4684e36ac53/datanode-0/data/ratis/460e387d-a739-4695-ac04-3a6f2fb1d2f2/sm/snapshot.1_0
2023-03-09 15:00:17,681 [ForkJoinPool.commonPool-worker-1] INFO  server.GrpcServerProtocolClient (GrpcServerProtocolClient.java:close(101)) - feab20ca-06d8-4da6-9078-da7af006e724 Close channels
2023-03-09 15:00:17,682 [2e08ab99-21b9-413b-a3c3-42a884871cc4@group-3A6F2FB1D2F2-StateMachineUpdater] INFO  ratis.ContainerStateMachine (ContainerStateMachine.java:takeSnapshot(319)) - group-3A6F2FB1D2F2: Finished taking a snapshot at:(t:1, i:0) file:/home/runner/work/ozone/ozone/hadoop-ozone/integration-test/target/test-dir/MiniOzoneClusterImpl-0be2ff2d-c2a8-4ed5-ac17-c4684e36ac53/datanode-0/data/ratis/460e387d-a739-4695-ac04-3a6f2fb1d2f2/sm/snapshot.1_0 took: 2 ms
2023-03-09 15:00:17,682 [2e08ab99-21b9-413b-a3c3-42a884871cc4@group-3A6F2FB1D2F2-StateMachineUpdater] INFO  impl.StateMachineUpdater (StateMachineUpdater.java:takeSnapshot(287)) - 2e08ab99-21b9-413b-a3c3-42a884871cc4@group-3A6F2FB1D2F2-StateMachineUpdater: Took a snapshot at index 0
2023-03-09 15:00:17,682 [2e08ab99-21b9-413b-a3c3-42a884871cc4@group-3A6F2FB1D2F2-StateMachineUpdater] INFO  impl.StateMachineUpdater (StateMachineUpdater.java:lambda$new$0(92)) - 2e08ab99-21b9-413b-a3c3-42a884871cc4@group-3A6F2FB1D2F2-StateMachineUpdater: snapshotIndex: updateIncreasingly -1 -> 0
2023-03-09 15:00:17,682 [2e08ab99-21b9-413b-a3c3-42a884871cc4@group-520440AA15DD->feab20ca-06d8-4da6-9078-da7af006e724-GrpcLogAppender-LogAppenderDaemon] WARN  server.GrpcLogAppender (GrpcLogAppender.java:mayWait(200)) - 2e08ab99-21b9-413b-a3c3-42a884871cc4@group-520440AA15DD->feab20ca-06d8-4da6-9078-da7af006e724-GrpcLogAppender: Wait interrupted by java.lang.InterruptedException
2023-03-09 15:00:17,683 [2e08ab99-21b9-413b-a3c3-42a884871cc4-impl-thread1] INFO  server.RaftServer$Division (ServerState.java:close(466)) - 2e08ab99-21b9-413b-a3c3-42a884871cc4@group-3A6F2FB1D2F2: closes. applyIndex: 0
2023-03-09 15:00:17,683 [grpc-default-executor-3] INFO  server.GrpcServerProtocolService (GrpcServerProtocolService.java:onCompleted(143)) - feab20ca-06d8-4da6-9078-da7af006e724: Completed APPEND_ENTRIES, lastRequest: 2e08ab99-21b9-413b-a3c3-42a884871cc4->feab20ca-06d8-4da6-9078-da7af006e724#1-t1,previous=(t:0, i:0),leaderCommit=0,initializing? true,entries: size=1, first=(t:1, i:0), CONFIGURATIONENTRY(current:id: "feab20ca-06d8-4da6-9078-da7af006e724"
address: "127.0.0.1:45775"
dataStreamAddress: "127.0.0.1:42183"
clientAddress: "127.0.0.1:45775"
adminAddress: "127.0.0.1:45775"
startupRole: FOLLOWER
,id: "2041f563-0d32-4367-9889-6c4be41f3c5d"
address: "127.0.0.1:35575"
dataStreamAddress: "127.0.0.1:40961"
clientAddress: "127.0.0.1:35575"
adminAddress: "127.0.0.1:35575"
startupRole: FOLLOWER
,id: "2e08ab99-21b9-413b-a3c3-42a884871cc4"
address: "127.0.0.1:38561"
priority: 1
dataStreamAddress: "127.0.0.1:36339"
clientAddress: "127.0.0.1:38561"
adminAddress: "127.0.0.1:38561"
startupRole: FOLLOWER
, old:)
2023-03-09 15:00:17,683 [grpc-default-executor-1] INFO  server.GrpcServerProtocolService (GrpcServerProtocolService.java:onCompleted(143)) - feab20ca-06d8-4da6-9078-da7af006e724: Completed APPEND_ENTRIES, lastRequest: null
2023-03-09 15:00:17,684 [grpc-default-executor-1] INFO  server.GrpcLogAppender (GrpcLogAppender.java:onCompleted(415)) - 2e08ab99-21b9-413b-a3c3-42a884871cc4@group-520440AA15DD->feab20ca-06d8-4da6-9078-da7af006e724-AppendLogResponseHandler: follower responses appendEntries COMPLETED
2023-03-09 15:00:17,685 [grpc-default-executor-3] INFO  server.GrpcLogAppender (GrpcLogAppender.java:onCompleted(415)) - 2e08ab99-21b9-413b-a3c3-42a884871cc4@group-520440AA15DD->feab20ca-06d8-4da6-9078-da7af006e724-AppendLogResponseHandler: follower responses appendEntries COMPLETED
2023-03-09 15:00:17,687 [2e08ab99-21b9-413b-a3c3-42a884871cc4@group-3A6F2FB1D2F2-SegmentedRaftLogWorker] INFO  segmented.SegmentedRaftLogWorker (SegmentedRaftLogWorker.java:run(347)) - 2e08ab99-21b9-413b-a3c3-42a884871cc4@group-3A6F2FB1D2F2-SegmentedRaftLogWorker was interrupted, exiting. There are 0 tasks remaining in the queue.
2023-03-09 15:00:17,687 [grpc-default-executor-1] WARN  server.GrpcLogAppender (GrpcLogAppender.java:resetClient(137)) - 2e08ab99-21b9-413b-a3c3-42a884871cc4@group-520440AA15DD->feab20ca-06d8-4da6-9078-da7af006e724-GrpcLogAppender: Failed to getClient for feab20ca-06d8-4da6-9078-da7af006e724
org.apache.ratis.protocol.exceptions.AlreadyClosedException: 2e08ab99-21b9-413b-a3c3-42a884871cc4 is already CLOSED
	at org.apache.ratis.util.PeerProxyMap$PeerAndProxy.getProxy(PeerProxyMap.java:61)
	at org.apache.ratis.util.PeerProxyMap.getProxy(PeerProxyMap.java:115)
	at org.apache.ratis.grpc.server.GrpcLogAppender.getClient(GrpcLogAppender.java:116)
	at org.apache.ratis.grpc.server.GrpcLogAppender.resetClient(GrpcLogAppender.java:121)
	at org.apache.ratis.grpc.server.GrpcLogAppender.access$500(GrpcLogAppender.java:58)
	at org.apache.ratis.grpc.server.GrpcLogAppender$AppendLogResponseHandler.onCompleted(GrpcLogAppender.java:416)
	at org.apache.ratis.thirdparty.io.grpc.stub.ClientCalls$StreamObserverToCallListenerAdapter.onClose(ClientCalls.java:485)
	at org.apache.ratis.thirdparty.io.grpc.internal.ClientCallImpl.closeObserver(ClientCallImpl.java:562)
	at org.apache.ratis.thirdparty.io.grpc.internal.ClientCallImpl.access$300(ClientCallImpl.java:70)
	at org.apache.ratis.thirdparty.io.grpc.internal.ClientCallImpl$ClientStreamListenerImpl$1StreamClosed.runInternal(ClientCallImpl.java:743)
	at org.apache.ratis.thirdparty.io.grpc.internal.ClientCallImpl$ClientStreamListenerImpl$1StreamClosed.runInContext(ClientCallImpl.java:722)
	at org.apache.ratis.thirdparty.io.grpc.internal.ContextRunnable.run(ContextRunnable.java:37)
	at org.apache.ratis.thirdparty.io.grpc.internal.SerializingExecutor.run(SerializingExecutor.java:133)
	at java.util.concurrent.ThreadPoolExecutor.runWorker(ThreadPoolExecutor.java:1149)
	at java.util.concurrent.ThreadPoolExecutor$Worker.run(ThreadPoolExecutor.java:624)
	at java.lang.Thread.run(Thread.java:750)
2023-03-09 15:00:17,687 [grpc-default-executor-3] WARN  server.GrpcLogAppender (GrpcLogAppender.java:resetClient(137)) - 2e08ab99-21b9-413b-a3c3-42a884871cc4@group-520440AA15DD->feab20ca-06d8-4da6-9078-da7af006e724-GrpcLogAppender: Failed to getClient for feab20ca-06d8-4da6-9078-da7af006e724
org.apache.ratis.protocol.exceptions.AlreadyClosedException: 2e08ab99-21b9-413b-a3c3-42a884871cc4 is already CLOSED
	at org.apache.ratis.util.PeerProxyMap$PeerAndProxy.getProxy(PeerProxyMap.java:61)
	at org.apache.ratis.util.PeerProxyMap.getProxy(PeerProxyMap.java:115)
	at org.apache.ratis.grpc.server.GrpcLogAppender.getClient(GrpcLogAppender.java:116)
	at org.apache.ratis.grpc.server.GrpcLogAppender.resetClient(GrpcLogAppender.java:121)
	at org.apache.ratis.grpc.server.GrpcLogAppender.access$500(GrpcLogAppender.java:58)
	at org.apache.ratis.grpc.server.GrpcLogAppender$AppendLogResponseHandler.onCompleted(GrpcLogAppender.java:416)
	at org.apache.ratis.thirdparty.io.grpc.stub.ClientCalls$StreamObserverToCallListenerAdapter.onClose(ClientCalls.java:485)
	at org.apache.ratis.thirdparty.io.grpc.internal.ClientCallImpl.closeObserver(ClientCallImpl.java:562)
	at org.apache.ratis.thirdparty.io.grpc.internal.ClientCallImpl.access$300(ClientCallImpl.java:70)
	at org.apache.ratis.thirdparty.io.grpc.internal.ClientCallImpl$ClientStreamListenerImpl$1StreamClosed.runInternal(ClientCallImpl.java:743)
	at org.apache.ratis.thirdparty.io.grpc.internal.ClientCallImpl$ClientStreamListenerImpl$1StreamClosed.runInContext(ClientCallImpl.java:722)
	at org.apache.ratis.thirdparty.io.grpc.internal.ContextRunnable.run(ContextRunnable.java:37)
	at org.apache.ratis.thirdparty.io.grpc.internal.SerializingExecutor.run(SerializingExecutor.java:133)
	at java.util.concurrent.ThreadPoolExecutor.runWorker(ThreadPoolExecutor.java:1149)
	at java.util.concurrent.ThreadPoolExecutor$Worker.run(ThreadPoolExecutor.java:624)
	at java.lang.Thread.run(Thread.java:750)
2023-03-09 15:00:17,691 [2e08ab99-21b9-413b-a3c3-42a884871cc4-impl-thread2] INFO  impl.PendingRequests (PendingRequests.java:sendNotLeaderResponses(282)) - 2e08ab99-21b9-413b-a3c3-42a884871cc4@group-520440AA15DD-PendingRequests: sendNotLeaderResponses
2023-03-09 15:00:17,691 [2e08ab99-21b9-413b-a3c3-42a884871cc4-impl-thread1] INFO  segmented.SegmentedRaftLogWorker (SegmentedRaftLogWorker.java:close(257)) - 2e08ab99-21b9-413b-a3c3-42a884871cc4@group-3A6F2FB1D2F2-SegmentedRaftLogWorker close()
2023-03-09 15:00:17,691 [2e08ab99-21b9-413b-a3c3-42a884871cc4-impl-thread3] INFO  server.RaftServer$Division (RaftServerImpl.java:lambda$close$4(458)) - 2e08ab99-21b9-413b-a3c3-42a884871cc4@group-46A4DCB4A5D0: shutdown
2023-03-09 15:00:17,691 [2e08ab99-21b9-413b-a3c3-42a884871cc4-impl-thread3] INFO  util.JmxRegister (JmxRegister.java:unregister(73)) - Successfully un-registered JMX Bean with object name Ratis:service=RaftServer,group=group-46A4DCB4A5D0,id=2e08ab99-21b9-413b-a3c3-42a884871cc4
2023-03-09 15:00:17,691 [2e08ab99-21b9-413b-a3c3-42a884871cc4-impl-thread3] INFO  impl.RoleInfo (RoleInfo.java:shutdownFollowerState(110)) - 2e08ab99-21b9-413b-a3c3-42a884871cc4: shutdown 2e08ab99-21b9-413b-a3c3-42a884871cc4@group-46A4DCB4A5D0-FollowerState
2023-03-09 15:00:17,691 [2e08ab99-21b9-413b-a3c3-42a884871cc4-impl-thread3] INFO  impl.StateMachineUpdater (StateMachineUpdater.java:stopAndJoin(153)) - 2e08ab99-21b9-413b-a3c3-42a884871cc4@group-46A4DCB4A5D0-StateMachineUpdater: set stopIndex = 0
2023-03-09 15:00:17,691 [2e08ab99-21b9-413b-a3c3-42a884871cc4@group-46A4DCB4A5D0-FollowerState] INFO  impl.FollowerState (FollowerState.java:run(152)) - 2e08ab99-21b9-413b-a3c3-42a884871cc4@group-46A4DCB4A5D0-FollowerState was interrupted
2023-03-09 15:00:17,692 [2e08ab99-21b9-413b-a3c3-42a884871cc4@group-46A4DCB4A5D0-StateMachineUpdater] INFO  ratis.ContainerStateMachine (ContainerStateMachine.java:takeSnapshot(308)) - group-46A4DCB4A5D0: Taking a snapshot at:(t:1, i:0) file /home/runner/work/ozone/ozone/hadoop-ozone/integration-test/target/test-dir/MiniOzoneClusterImpl-0be2ff2d-c2a8-4ed5-ac17-c4684e36ac53/datanode-0/data/ratis/faff28c6-d6df-4147-b59d-46a4dcb4a5d0/sm/snapshot.1_0
2023-03-09 15:00:17,691 [ForkJoinPool.commonPool-worker-1] INFO  server.GrpcServerProtocolClient (GrpcServerProtocolClient.java:close(101)) - 2041f563-0d32-4367-9889-6c4be41f3c5d Close channels
2023-03-09 15:00:17,693 [2e08ab99-21b9-413b-a3c3-42a884871cc4@group-46A4DCB4A5D0-StateMachineUpdater] INFO  ratis.ContainerStateMachine (ContainerStateMachine.java:takeSnapshot(319)) - group-46A4DCB4A5D0: Finished taking a snapshot at:(t:1, i:0) file:/home/runner/work/ozone/ozone/hadoop-ozone/integration-test/target/test-dir/MiniOzoneClusterImpl-0be2ff2d-c2a8-4ed5-ac17-c4684e36ac53/datanode-0/data/ratis/faff28c6-d6df-4147-b59d-46a4dcb4a5d0/sm/snapshot.1_0 took: 1 ms
2023-03-09 15:00:17,694 [2e08ab99-21b9-413b-a3c3-42a884871cc4@group-46A4DCB4A5D0-StateMachineUpdater] INFO  impl.StateMachineUpdater (StateMachineUpdater.java:takeSnapshot(287)) - 2e08ab99-21b9-413b-a3c3-42a884871cc4@group-46A4DCB4A5D0-StateMachineUpdater: Took a snapshot at index 0
2023-03-09 15:00:17,694 [2e08ab99-21b9-413b-a3c3-42a884871cc4@group-46A4DCB4A5D0-StateMachineUpdater] INFO  impl.StateMachineUpdater (StateMachineUpdater.java:lambda$new$0(92)) - 2e08ab99-21b9-413b-a3c3-42a884871cc4@group-46A4DCB4A5D0-StateMachineUpdater: snapshotIndex: updateIncreasingly -1 -> 0
2023-03-09 15:00:17,694 [2e08ab99-21b9-413b-a3c3-42a884871cc4-impl-thread3] INFO  server.RaftServer$Division (ServerState.java:close(466)) - 2e08ab99-21b9-413b-a3c3-42a884871cc4@group-46A4DCB4A5D0: closes. applyIndex: 0
2023-03-09 15:00:17,694 [2e08ab99-21b9-413b-a3c3-42a884871cc4@group-46A4DCB4A5D0-SegmentedRaftLogWorker] INFO  segmented.SegmentedRaftLogWorker (SegmentedRaftLogWorker.java:run(347)) - 2e08ab99-21b9-413b-a3c3-42a884871cc4@group-46A4DCB4A5D0-SegmentedRaftLogWorker was interrupted, exiting. There are 0 tasks remaining in the queue.
2023-03-09 15:00:17,695 [2e08ab99-21b9-413b-a3c3-42a884871cc4@group-520440AA15DD-StateMachineUpdater] INFO  ratis.ContainerStateMachine (ContainerStateMachine.java:takeSnapshot(308)) - group-520440AA15DD: Taking a snapshot at:(t:1, i:0) file /home/runner/work/ozone/ozone/hadoop-ozone/integration-test/target/test-dir/MiniOzoneClusterImpl-0be2ff2d-c2a8-4ed5-ac17-c4684e36ac53/datanode-0/data/ratis/f689b343-6c19-4032-b37b-520440aa15dd/sm/snapshot.1_0
2023-03-09 15:00:17,695 [2e08ab99-21b9-413b-a3c3-42a884871cc4-impl-thread2] INFO  impl.StateMachineUpdater (StateMachineUpdater.java:stopAndJoin(153)) - 2e08ab99-21b9-413b-a3c3-42a884871cc4@group-520440AA15DD-StateMachineUpdater: set stopIndex = 0
2023-03-09 15:00:17,695 [ForkJoinPool.commonPool-worker-1] INFO  server.GrpcService (GrpcService.java:closeImpl(280)) - 2e08ab99-21b9-413b-a3c3-42a884871cc4: shutdown server GrpcServerProtocolService successfully
2023-03-09 15:00:17,695 [2e08ab99-21b9-413b-a3c3-42a884871cc4-impl-thread3] INFO  segmented.SegmentedRaftLogWorker (SegmentedRaftLogWorker.java:close(257)) - 2e08ab99-21b9-413b-a3c3-42a884871cc4@group-46A4DCB4A5D0-SegmentedRaftLogWorker close()
2023-03-09 15:00:17,695 [2e08ab99-21b9-413b-a3c3-42a884871cc4-NettyServerStreamRpc-bossGroup--thread1] INFO  logging.LoggingHandler (AbstractInternalLogger.java:log(148)) - [id: 0xe6c225df, L:/0:0:0:0:0:0:0:0:36339] CLOSE
2023-03-09 15:00:17,696 [2e08ab99-21b9-413b-a3c3-42a884871cc4@group-520440AA15DD-StateMachineUpdater] INFO  ratis.ContainerStateMachine (ContainerStateMachine.java:takeSnapshot(319)) - group-520440AA15DD: Finished taking a snapshot at:(t:1, i:0) file:/home/runner/work/ozone/ozone/hadoop-ozone/integration-test/target/test-dir/MiniOzoneClusterImpl-0be2ff2d-c2a8-4ed5-ac17-c4684e36ac53/datanode-0/data/ratis/f689b343-6c19-4032-b37b-520440aa15dd/sm/snapshot.1_0 took: 1 ms
2023-03-09 15:00:17,697 [2e08ab99-21b9-413b-a3c3-42a884871cc4-NettyServerStreamRpc-bossGroup--thread1] INFO  logging.LoggingHandler (AbstractInternalLogger.java:log(148)) - [id: 0xe6c225df, L:/0:0:0:0:0:0:0:0:36339] INACTIVE
2023-03-09 15:00:17,697 [2e08ab99-21b9-413b-a3c3-42a884871cc4-NettyServerStreamRpc-bossGroup--thread1] INFO  logging.LoggingHandler (AbstractInternalLogger.java:log(148)) - [id: 0xe6c225df, L:/0:0:0:0:0:0:0:0:36339] UNREGISTERED
2023-03-09 15:00:17,697 [2e08ab99-21b9-413b-a3c3-42a884871cc4@group-520440AA15DD-StateMachineUpdater] INFO  impl.StateMachineUpdater (StateMachineUpdater.java:takeSnapshot(287)) - 2e08ab99-21b9-413b-a3c3-42a884871cc4@group-520440AA15DD-StateMachineUpdater: Took a snapshot at index 0
2023-03-09 15:00:17,697 [2e08ab99-21b9-413b-a3c3-42a884871cc4@group-520440AA15DD-StateMachineUpdater] INFO  impl.StateMachineUpdater (StateMachineUpdater.java:lambda$new$0(92)) - 2e08ab99-21b9-413b-a3c3-42a884871cc4@group-520440AA15DD-StateMachineUpdater: snapshotIndex: updateIncreasingly -1 -> 0
2023-03-09 15:00:17,697 [2e08ab99-21b9-413b-a3c3-42a884871cc4-impl-thread2] INFO  server.RaftServer$Division (ServerState.java:close(466)) - 2e08ab99-21b9-413b-a3c3-42a884871cc4@group-520440AA15DD: closes. applyIndex: 0
2023-03-09 15:00:17,697 [2e08ab99-21b9-413b-a3c3-42a884871cc4@group-520440AA15DD-SegmentedRaftLogWorker] INFO  segmented.SegmentedRaftLogWorker (SegmentedRaftLogWorker.java:run(347)) - 2e08ab99-21b9-413b-a3c3-42a884871cc4@group-520440AA15DD-SegmentedRaftLogWorker was interrupted, exiting. There are 0 tasks remaining in the queue.
2023-03-09 15:00:17,708 [2e08ab99-21b9-413b-a3c3-42a884871cc4-impl-thread2] INFO  segmented.SegmentedRaftLogWorker (SegmentedRaftLogWorker.java:close(257)) - 2e08ab99-21b9-413b-a3c3-42a884871cc4@group-520440AA15DD-SegmentedRaftLogWorker close()
2023-03-09 15:00:17,718 [JvmPauseMonitor18] INFO  util.JvmPauseMonitor (JvmPauseMonitor.java:run(111)) - JvmPauseMonitor-2e08ab99-21b9-413b-a3c3-42a884871cc4: Stopped
2023-03-09 15:00:17,769 [EndpointStateMachine task thread for /127.0.0.1:36681 - 0 ] INFO  ipc.Client (Client.java:handleConnectionFailure(1010)) - Retrying connect to server: localhost/127.0.0.1:36681. Already tried 2 time(s); retry policy is RetryUpToMaximumCountWithFixedSleep(maxRetries=15, sleepTime=1000 MILLISECONDS)
2023-03-09 15:00:18,625 [EndpointStateMachine task thread for /127.0.0.1:40177 - 0 ] INFO  ipc.Client (Client.java:handleConnectionFailure(1010)) - Retrying connect to server: localhost/127.0.0.1:40177. Already tried 3 time(s); retry policy is RetryUpToMaximumCountWithFixedSleep(maxRetries=15, sleepTime=1000 MILLISECONDS)
2023-03-09 15:00:18,770 [EndpointStateMachine task thread for /127.0.0.1:36681 - 0 ] INFO  ipc.Client (Client.java:handleConnectionFailure(1010)) - Retrying connect to server: localhost/127.0.0.1:36681. Already tried 3 time(s); retry policy is RetryUpToMaximumCountWithFixedSleep(maxRetries=15, sleepTime=1000 MILLISECONDS)
2023-03-09 15:00:18,860 [Listener at 127.0.0.1/46083] INFO  volume.HddsVolume (HddsVolume.java:closeDbStore(362)) - SchemaV3 db is stopped at /home/runner/work/ozone/ozone/hadoop-ozone/integration-test/target/test-dir/MiniOzoneClusterImpl-0be2ff2d-c2a8-4ed5-ac17-c4684e36ac53/datanode-1/data-0/containers/hdds/0be2ff2d-c2a8-4ed5-ac17-c4684e36ac53/DS-05500a8c-6d07-46b3-925a-268c6fcd3017/container.db for volume DS-05500a8c-6d07-46b3-925a-268c6fcd3017
2023-03-09 15:00:18,860 [Listener at 127.0.0.1/46083] INFO  utils.BackgroundService (BackgroundService.java:shutdown(141)) - Shutting down service BlockDeletingService
2023-03-09 15:00:18,861 [Listener at 127.0.0.1/46083] INFO  utils.BackgroundService (BackgroundService.java:shutdown(141)) - Shutting down service StaleRecoveringContainerScrubbingService
2023-03-09 15:00:18,865 [Listener at 127.0.0.1/46083] INFO  statemachine.DatanodeStateMachine (DatanodeStateMachine.java:stopDaemon(601)) - Ozone container server stopped.
2023-03-09 15:00:18,875 [Listener at 127.0.0.1/46083] INFO  handler.ContextHandler (ContextHandler.java:doStop(1159)) - Stopped o.e.j.w.WebAppContext@1e510cb6{hddsDatanode,/,null,STOPPED}{jar:file:/home/runner/.m2/repository/org/apache/ozone/hdds-container-service/1.4.0-SNAPSHOT/hdds-container-service-1.4.0-SNAPSHOT.jar!/webapps/hddsDatanode}
2023-03-09 15:00:18,876 [Listener at 127.0.0.1/46083] INFO  server.AbstractConnector (AbstractConnector.java:doStop(383)) - Stopped ServerConnector@3c4988e1{HTTP/1.1, (http/1.1)}{0.0.0.0:0}
2023-03-09 15:00:18,876 [Listener at 127.0.0.1/46083] INFO  server.session (HouseKeeper.java:stopScavenging(149)) - node0 Stopped scavenging
2023-03-09 15:00:18,876 [Listener at 127.0.0.1/46083] INFO  handler.ContextHandler (ContextHandler.java:doStop(1159)) - Stopped o.e.j.s.ServletContextHandler@5b358ec8{static,/static,jar:file:/home/runner/.m2/repository/org/apache/ozone/hdds-container-service/1.4.0-SNAPSHOT/hdds-container-service-1.4.0-SNAPSHOT.jar!/webapps/static,STOPPED}
2023-03-09 15:00:18,877 [Listener at 127.0.0.1/46083] INFO  handler.ContextHandler (ContextHandler.java:doStop(1159)) - Stopped o.e.j.s.ServletContextHandler@6270910a{logs,/logs,file:///home/runner/work/ozone/ozone/hadoop-ozone/integration-test/target/log,STOPPED}
2023-03-09 15:00:18,887 [Listener at 127.0.0.1/46083] INFO  ozoneimpl.OzoneContainer (OzoneContainer.java:stop(420)) - Attempting to stop container services.
2023-03-09 15:00:18,888 [Listener at 127.0.0.1/46083] INFO  server.RaftServer (RaftServerProxy.java:lambda$close$6(409)) - feab20ca-06d8-4da6-9078-da7af006e724: close
2023-03-09 15:00:18,888 [feab20ca-06d8-4da6-9078-da7af006e724-impl-thread1] INFO  server.RaftServer$Division (RaftServerImpl.java:lambda$close$4(458)) - feab20ca-06d8-4da6-9078-da7af006e724@group-520440AA15DD: shutdown
2023-03-09 15:00:18,888 [feab20ca-06d8-4da6-9078-da7af006e724-impl-thread1] INFO  util.JmxRegister (JmxRegister.java:unregister(73)) - Successfully un-registered JMX Bean with object name Ratis:service=RaftServer,group=group-520440AA15DD,id=feab20ca-06d8-4da6-9078-da7af006e724
2023-03-09 15:00:18,888 [feab20ca-06d8-4da6-9078-da7af006e724-impl-thread1] INFO  impl.RoleInfo (RoleInfo.java:shutdownFollowerState(110)) - feab20ca-06d8-4da6-9078-da7af006e724: shutdown feab20ca-06d8-4da6-9078-da7af006e724@group-520440AA15DD-FollowerState
2023-03-09 15:00:18,888 [feab20ca-06d8-4da6-9078-da7af006e724-impl-thread2] INFO  server.RaftServer$Division (RaftServerImpl.java:lambda$close$4(458)) - feab20ca-06d8-4da6-9078-da7af006e724@group-24D945A2E867: shutdown
2023-03-09 15:00:18,888 [feab20ca-06d8-4da6-9078-da7af006e724-impl-thread2] INFO  util.JmxRegister (JmxRegister.java:unregister(73)) - Successfully un-registered JMX Bean with object name Ratis:service=RaftServer,group=group-24D945A2E867,id=feab20ca-06d8-4da6-9078-da7af006e724
2023-03-09 15:00:18,888 [feab20ca-06d8-4da6-9078-da7af006e724-impl-thread2] INFO  impl.RoleInfo (RoleInfo.java:shutdownLeaderState(93)) - feab20ca-06d8-4da6-9078-da7af006e724: shutdown feab20ca-06d8-4da6-9078-da7af006e724@group-24D945A2E867-LeaderStateImpl
2023-03-09 15:00:18,888 [feab20ca-06d8-4da6-9078-da7af006e724-impl-thread2] INFO  impl.PendingRequests (PendingRequests.java:sendNotLeaderResponses(282)) - feab20ca-06d8-4da6-9078-da7af006e724@group-24D945A2E867-PendingRequests: sendNotLeaderResponses
2023-03-09 15:00:18,889 [Listener at 127.0.0.1/46083] INFO  server.GrpcService (GrpcService.java:closeImpl(271)) - feab20ca-06d8-4da6-9078-da7af006e724: shutdown server GrpcServerProtocolService now
2023-03-09 15:00:18,889 [feab20ca-06d8-4da6-9078-da7af006e724@group-520440AA15DD-StateMachineUpdater] INFO  ratis.ContainerStateMachine (ContainerStateMachine.java:takeSnapshot(308)) - group-520440AA15DD: Taking a snapshot at:(t:1, i:0) file /home/runner/work/ozone/ozone/hadoop-ozone/integration-test/target/test-dir/MiniOzoneClusterImpl-0be2ff2d-c2a8-4ed5-ac17-c4684e36ac53/datanode-2/data/ratis/f689b343-6c19-4032-b37b-520440aa15dd/sm/snapshot.1_0
2023-03-09 15:00:18,889 [feab20ca-06d8-4da6-9078-da7af006e724@group-520440AA15DD-FollowerState] INFO  impl.FollowerState (FollowerState.java:run(152)) - feab20ca-06d8-4da6-9078-da7af006e724@group-520440AA15DD-FollowerState was interrupted
2023-03-09 15:00:18,889 [feab20ca-06d8-4da6-9078-da7af006e724-impl-thread1] INFO  impl.StateMachineUpdater (StateMachineUpdater.java:stopAndJoin(153)) - feab20ca-06d8-4da6-9078-da7af006e724@group-520440AA15DD-StateMachineUpdater: set stopIndex = 0
2023-03-09 15:00:18,893 [feab20ca-06d8-4da6-9078-da7af006e724-impl-thread3] INFO  server.RaftServer$Division (RaftServerImpl.java:lambda$close$4(458)) - feab20ca-06d8-4da6-9078-da7af006e724@group-46A4DCB4A5D0: shutdown
2023-03-09 15:00:18,893 [feab20ca-06d8-4da6-9078-da7af006e724@group-520440AA15DD-StateMachineUpdater] INFO  ratis.ContainerStateMachine (ContainerStateMachine.java:takeSnapshot(319)) - group-520440AA15DD: Finished taking a snapshot at:(t:1, i:0) file:/home/runner/work/ozone/ozone/hadoop-ozone/integration-test/target/test-dir/MiniOzoneClusterImpl-0be2ff2d-c2a8-4ed5-ac17-c4684e36ac53/datanode-2/data/ratis/f689b343-6c19-4032-b37b-520440aa15dd/sm/snapshot.1_0 took: 5 ms
2023-03-09 15:00:18,894 [feab20ca-06d8-4da6-9078-da7af006e724@group-520440AA15DD-StateMachineUpdater] INFO  impl.StateMachineUpdater (StateMachineUpdater.java:takeSnapshot(287)) - feab20ca-06d8-4da6-9078-da7af006e724@group-520440AA15DD-StateMachineUpdater: Took a snapshot at index 0
2023-03-09 15:00:18,894 [feab20ca-06d8-4da6-9078-da7af006e724@group-520440AA15DD-StateMachineUpdater] INFO  impl.StateMachineUpdater (StateMachineUpdater.java:lambda$new$0(92)) - feab20ca-06d8-4da6-9078-da7af006e724@group-520440AA15DD-StateMachineUpdater: snapshotIndex: updateIncreasingly -1 -> 0
2023-03-09 15:00:18,894 [feab20ca-06d8-4da6-9078-da7af006e724-impl-thread1] INFO  server.RaftServer$Division (ServerState.java:close(466)) - feab20ca-06d8-4da6-9078-da7af006e724@group-520440AA15DD: closes. applyIndex: 0
2023-03-09 15:00:18,894 [feab20ca-06d8-4da6-9078-da7af006e724-impl-thread3] INFO  util.JmxRegister (JmxRegister.java:unregister(73)) - Successfully un-registered JMX Bean with object name Ratis:service=RaftServer,group=group-46A4DCB4A5D0,id=feab20ca-06d8-4da6-9078-da7af006e724
2023-03-09 15:00:18,894 [feab20ca-06d8-4da6-9078-da7af006e724@group-520440AA15DD-SegmentedRaftLogWorker] INFO  segmented.SegmentedRaftLogWorker (SegmentedRaftLogWorker.java:run(347)) - feab20ca-06d8-4da6-9078-da7af006e724@group-520440AA15DD-SegmentedRaftLogWorker was interrupted, exiting. There are 0 tasks remaining in the queue.
2023-03-09 15:00:18,894 [feab20ca-06d8-4da6-9078-da7af006e724-impl-thread3] INFO  impl.RoleInfo (RoleInfo.java:shutdownFollowerState(110)) - feab20ca-06d8-4da6-9078-da7af006e724: shutdown feab20ca-06d8-4da6-9078-da7af006e724@group-46A4DCB4A5D0-FollowerState
2023-03-09 15:00:18,895 [feab20ca-06d8-4da6-9078-da7af006e724@group-46A4DCB4A5D0-FollowerState] INFO  impl.FollowerState (FollowerState.java:run(152)) - feab20ca-06d8-4da6-9078-da7af006e724@group-46A4DCB4A5D0-FollowerState was interrupted
2023-03-09 15:00:18,895 [Listener at 127.0.0.1/46083] INFO  server.GrpcService (GrpcService.java:closeImpl(280)) - feab20ca-06d8-4da6-9078-da7af006e724: shutdown server GrpcServerProtocolService successfully
2023-03-09 15:00:18,895 [feab20ca-06d8-4da6-9078-da7af006e724-NettyServerStreamRpc-bossGroup--thread1] INFO  logging.LoggingHandler (AbstractInternalLogger.java:log(148)) - [id: 0x0f90534c, L:/0:0:0:0:0:0:0:0:42183] CLOSE
2023-03-09 15:00:18,895 [feab20ca-06d8-4da6-9078-da7af006e724@group-46A4DCB4A5D0-StateMachineUpdater] INFO  ratis.ContainerStateMachine (ContainerStateMachine.java:takeSnapshot(308)) - group-46A4DCB4A5D0: Taking a snapshot at:(t:1, i:0) file /home/runner/work/ozone/ozone/hadoop-ozone/integration-test/target/test-dir/MiniOzoneClusterImpl-0be2ff2d-c2a8-4ed5-ac17-c4684e36ac53/datanode-2/data/ratis/faff28c6-d6df-4147-b59d-46a4dcb4a5d0/sm/snapshot.1_0
2023-03-09 15:00:18,895 [feab20ca-06d8-4da6-9078-da7af006e724-NettyServerStreamRpc-bossGroup--thread1] INFO  logging.LoggingHandler (AbstractInternalLogger.java:log(148)) - [id: 0x0f90534c, L:/0:0:0:0:0:0:0:0:42183] INACTIVE
2023-03-09 15:00:18,895 [feab20ca-06d8-4da6-9078-da7af006e724-impl-thread3] INFO  impl.StateMachineUpdater (StateMachineUpdater.java:stopAndJoin(153)) - feab20ca-06d8-4da6-9078-da7af006e724@group-46A4DCB4A5D0-StateMachineUpdater: set stopIndex = 0
2023-03-09 15:00:18,896 [feab20ca-06d8-4da6-9078-da7af006e724-NettyServerStreamRpc-bossGroup--thread1] INFO  logging.LoggingHandler (AbstractInternalLogger.java:log(148)) - [id: 0x0f90534c, L:/0:0:0:0:0:0:0:0:42183] UNREGISTERED
2023-03-09 15:00:18,896 [feab20ca-06d8-4da6-9078-da7af006e724@group-46A4DCB4A5D0-StateMachineUpdater] INFO  ratis.ContainerStateMachine (ContainerStateMachine.java:takeSnapshot(319)) - group-46A4DCB4A5D0: Finished taking a snapshot at:(t:1, i:0) file:/home/runner/work/ozone/ozone/hadoop-ozone/integration-test/target/test-dir/MiniOzoneClusterImpl-0be2ff2d-c2a8-4ed5-ac17-c4684e36ac53/datanode-2/data/ratis/faff28c6-d6df-4147-b59d-46a4dcb4a5d0/sm/snapshot.1_0 took: 1 ms
2023-03-09 15:00:18,896 [feab20ca-06d8-4da6-9078-da7af006e724@group-46A4DCB4A5D0-StateMachineUpdater] INFO  impl.StateMachineUpdater (StateMachineUpdater.java:takeSnapshot(287)) - feab20ca-06d8-4da6-9078-da7af006e724@group-46A4DCB4A5D0-StateMachineUpdater: Took a snapshot at index 0
2023-03-09 15:00:18,896 [feab20ca-06d8-4da6-9078-da7af006e724@group-46A4DCB4A5D0-StateMachineUpdater] INFO  impl.StateMachineUpdater (StateMachineUpdater.java:lambda$new$0(92)) - feab20ca-06d8-4da6-9078-da7af006e724@group-46A4DCB4A5D0-StateMachineUpdater: snapshotIndex: updateIncreasingly -1 -> 0
2023-03-09 15:00:18,897 [feab20ca-06d8-4da6-9078-da7af006e724-impl-thread3] INFO  server.RaftServer$Division (ServerState.java:close(466)) - feab20ca-06d8-4da6-9078-da7af006e724@group-46A4DCB4A5D0: closes. applyIndex: 0
2023-03-09 15:00:18,898 [feab20ca-06d8-4da6-9078-da7af006e724-impl-thread2] INFO  impl.StateMachineUpdater (StateMachineUpdater.java:stopAndJoin(153)) - feab20ca-06d8-4da6-9078-da7af006e724@group-24D945A2E867-StateMachineUpdater: set stopIndex = 3
2023-03-09 15:00:18,898 [feab20ca-06d8-4da6-9078-da7af006e724@group-24D945A2E867-StateMachineUpdater] INFO  ratis.ContainerStateMachine (ContainerStateMachine.java:takeSnapshot(308)) - group-24D945A2E867: Taking a snapshot at:(t:1, i:3) file /home/runner/work/ozone/ozone/hadoop-ozone/integration-test/target/test-dir/MiniOzoneClusterImpl-0be2ff2d-c2a8-4ed5-ac17-c4684e36ac53/datanode-2/data/ratis/175ced7f-6934-426a-8f18-24d945a2e867/sm/snapshot.1_3
2023-03-09 15:00:18,900 [feab20ca-06d8-4da6-9078-da7af006e724@group-24D945A2E867-StateMachineUpdater] INFO  ratis.ContainerStateMachine (ContainerStateMachine.java:takeSnapshot(319)) - group-24D945A2E867: Finished taking a snapshot at:(t:1, i:3) file:/home/runner/work/ozone/ozone/hadoop-ozone/integration-test/target/test-dir/MiniOzoneClusterImpl-0be2ff2d-c2a8-4ed5-ac17-c4684e36ac53/datanode-2/data/ratis/175ced7f-6934-426a-8f18-24d945a2e867/sm/snapshot.1_3 took: 2 ms
2023-03-09 15:00:18,900 [feab20ca-06d8-4da6-9078-da7af006e724@group-24D945A2E867-StateMachineUpdater] INFO  impl.StateMachineUpdater (StateMachineUpdater.java:takeSnapshot(287)) - feab20ca-06d8-4da6-9078-da7af006e724@group-24D945A2E867-StateMachineUpdater: Took a snapshot at index 3
2023-03-09 15:00:18,900 [feab20ca-06d8-4da6-9078-da7af006e724@group-24D945A2E867-StateMachineUpdater] INFO  impl.StateMachineUpdater (StateMachineUpdater.java:lambda$new$0(92)) - feab20ca-06d8-4da6-9078-da7af006e724@group-24D945A2E867-StateMachineUpdater: snapshotIndex: updateIncreasingly -1 -> 3
2023-03-09 15:00:18,902 [feab20ca-06d8-4da6-9078-da7af006e724-impl-thread2] INFO  server.RaftServer$Division (ServerState.java:close(466)) - feab20ca-06d8-4da6-9078-da7af006e724@group-24D945A2E867: closes. applyIndex: 3
2023-03-09 15:00:18,902 [feab20ca-06d8-4da6-9078-da7af006e724@group-24D945A2E867-SegmentedRaftLogWorker] INFO  segmented.SegmentedRaftLogWorker (SegmentedRaftLogWorker.java:run(347)) - feab20ca-06d8-4da6-9078-da7af006e724@group-24D945A2E867-SegmentedRaftLogWorker was interrupted, exiting. There are 0 tasks remaining in the queue.
2023-03-09 15:00:18,903 [feab20ca-06d8-4da6-9078-da7af006e724@group-46A4DCB4A5D0-SegmentedRaftLogWorker] INFO  segmented.SegmentedRaftLogWorker (SegmentedRaftLogWorker.java:run(347)) - feab20ca-06d8-4da6-9078-da7af006e724@group-46A4DCB4A5D0-SegmentedRaftLogWorker was interrupted, exiting. There are 0 tasks remaining in the queue.
2023-03-09 15:00:18,904 [feab20ca-06d8-4da6-9078-da7af006e724-impl-thread1] INFO  segmented.SegmentedRaftLogWorker (SegmentedRaftLogWorker.java:close(257)) - feab20ca-06d8-4da6-9078-da7af006e724@group-520440AA15DD-SegmentedRaftLogWorker close()
2023-03-09 15:00:18,904 [feab20ca-06d8-4da6-9078-da7af006e724-impl-thread2] INFO  segmented.SegmentedRaftLogWorker (SegmentedRaftLogWorker.java:close(257)) - feab20ca-06d8-4da6-9078-da7af006e724@group-24D945A2E867-SegmentedRaftLogWorker close()
2023-03-09 15:00:18,905 [feab20ca-06d8-4da6-9078-da7af006e724-impl-thread3] INFO  segmented.SegmentedRaftLogWorker (SegmentedRaftLogWorker.java:close(257)) - feab20ca-06d8-4da6-9078-da7af006e724@group-46A4DCB4A5D0-SegmentedRaftLogWorker close()
2023-03-09 15:00:18,910 [JvmPauseMonitor20] INFO  util.JvmPauseMonitor (JvmPauseMonitor.java:run(111)) - JvmPauseMonitor-feab20ca-06d8-4da6-9078-da7af006e724: Stopped
2023-03-09 15:00:19,626 [EndpointStateMachine task thread for /127.0.0.1:40177 - 0 ] INFO  ipc.Client (Client.java:handleConnectionFailure(1010)) - Retrying connect to server: localhost/127.0.0.1:40177. Already tried 4 time(s); retry policy is RetryUpToMaximumCountWithFixedSleep(maxRetries=15, sleepTime=1000 MILLISECONDS)
2023-03-09 15:00:19,726 [ForkJoinPool.commonPool-worker-1] INFO  volume.HddsVolume (HddsVolume.java:closeDbStore(362)) - SchemaV3 db is stopped at /home/runner/work/ozone/ozone/hadoop-ozone/integration-test/target/test-dir/MiniOzoneClusterImpl-0be2ff2d-c2a8-4ed5-ac17-c4684e36ac53/datanode-0/data-0/containers/hdds/0be2ff2d-c2a8-4ed5-ac17-c4684e36ac53/DS-e407497a-eebc-429a-a870-2e5e87b047b8/container.db for volume DS-e407497a-eebc-429a-a870-2e5e87b047b8
2023-03-09 15:00:19,727 [ForkJoinPool.commonPool-worker-1] INFO  utils.BackgroundService (BackgroundService.java:shutdown(141)) - Shutting down service BlockDeletingService
2023-03-09 15:00:19,727 [ForkJoinPool.commonPool-worker-1] INFO  utils.BackgroundService (BackgroundService.java:shutdown(141)) - Shutting down service StaleRecoveringContainerScrubbingService
2023-03-09 15:00:19,729 [ForkJoinPool.commonPool-worker-1] INFO  statemachine.DatanodeStateMachine (DatanodeStateMachine.java:stopDaemon(601)) - Ozone container server stopped.
2023-03-09 15:00:19,743 [ForkJoinPool.commonPool-worker-1] INFO  handler.ContextHandler (ContextHandler.java:doStop(1159)) - Stopped o.e.j.w.WebAppContext@7b792d4a{hddsDatanode,/,null,STOPPED}{jar:file:/home/runner/.m2/repository/org/apache/ozone/hdds-container-service/1.4.0-SNAPSHOT/hdds-container-service-1.4.0-SNAPSHOT.jar!/webapps/hddsDatanode}
2023-03-09 15:00:19,743 [ForkJoinPool.commonPool-worker-1] INFO  server.AbstractConnector (AbstractConnector.java:doStop(383)) - Stopped ServerConnector@2dac8ef8{HTTP/1.1, (http/1.1)}{0.0.0.0:0}
2023-03-09 15:00:19,743 [ForkJoinPool.commonPool-worker-1] INFO  server.session (HouseKeeper.java:stopScavenging(149)) - node0 Stopped scavenging
2023-03-09 15:00:19,744 [ForkJoinPool.commonPool-worker-1] INFO  handler.ContextHandler (ContextHandler.java:doStop(1159)) - Stopped o.e.j.s.ServletContextHandler@3f0e4f35{static,/static,jar:file:/home/runner/.m2/repository/org/apache/ozone/hdds-container-service/1.4.0-SNAPSHOT/hdds-container-service-1.4.0-SNAPSHOT.jar!/webapps/static,STOPPED}
2023-03-09 15:00:19,745 [ForkJoinPool.commonPool-worker-1] INFO  handler.ContextHandler (ContextHandler.java:doStop(1159)) - Stopped o.e.j.s.ServletContextHandler@cd12f3f{logs,/logs,file:///home/runner/work/ozone/ozone/hadoop-ozone/integration-test/target/log,STOPPED}
2023-03-09 15:00:19,771 [EndpointStateMachine task thread for /127.0.0.1:36681 - 0 ] INFO  ipc.Client (Client.java:handleConnectionFailure(1010)) - Retrying connect to server: localhost/127.0.0.1:36681. Already tried 4 time(s); retry policy is RetryUpToMaximumCountWithFixedSleep(maxRetries=15, sleepTime=1000 MILLISECONDS)
2023-03-09 15:00:20,627 [EndpointStateMachine task thread for /127.0.0.1:40177 - 0 ] INFO  ipc.Client (Client.java:handleConnectionFailure(1010)) - Retrying connect to server: localhost/127.0.0.1:40177. Already tried 5 time(s); retry policy is RetryUpToMaximumCountWithFixedSleep(maxRetries=15, sleepTime=1000 MILLISECONDS)
2023-03-09 15:00:20,771 [EndpointStateMachine task thread for /127.0.0.1:36681 - 0 ] INFO  ipc.Client (Client.java:handleConnectionFailure(1010)) - Retrying connect to server: localhost/127.0.0.1:36681. Already tried 5 time(s); retry policy is RetryUpToMaximumCountWithFixedSleep(maxRetries=15, sleepTime=1000 MILLISECONDS)
2023-03-09 15:00:20,916 [Listener at 127.0.0.1/46083] INFO  volume.HddsVolume (HddsVolume.java:closeDbStore(362)) - SchemaV3 db is stopped at /home/runner/work/ozone/ozone/hadoop-ozone/integration-test/target/test-dir/MiniOzoneClusterImpl-0be2ff2d-c2a8-4ed5-ac17-c4684e36ac53/datanode-2/data-0/containers/hdds/0be2ff2d-c2a8-4ed5-ac17-c4684e36ac53/DS-c8760f20-cd76-4999-ac67-abf5847938e9/container.db for volume DS-c8760f20-cd76-4999-ac67-abf5847938e9
2023-03-09 15:00:20,916 [Listener at 127.0.0.1/46083] INFO  utils.BackgroundService (BackgroundService.java:shutdown(141)) - Shutting down service BlockDeletingService
2023-03-09 15:00:20,917 [Listener at 127.0.0.1/46083] INFO  utils.BackgroundService (BackgroundService.java:shutdown(141)) - Shutting down service StaleRecoveringContainerScrubbingService
2023-03-09 15:00:20,919 [Listener at 127.0.0.1/46083] INFO  statemachine.DatanodeStateMachine (DatanodeStateMachine.java:stopDaemon(601)) - Ozone container server stopped.
2023-03-09 15:00:20,932 [Listener at 127.0.0.1/46083] INFO  handler.ContextHandler (ContextHandler.java:doStop(1159)) - Stopped o.e.j.w.WebAppContext@7964fb99{hddsDatanode,/,null,STOPPED}{jar:file:/home/runner/.m2/repository/org/apache/ozone/hdds-container-service/1.4.0-SNAPSHOT/hdds-container-service-1.4.0-SNAPSHOT.jar!/webapps/hddsDatanode}
2023-03-09 15:00:20,932 [Listener at 127.0.0.1/46083] INFO  server.AbstractConnector (AbstractConnector.java:doStop(383)) - Stopped ServerConnector@6f0f3ea0{HTTP/1.1, (http/1.1)}{0.0.0.0:0}
2023-03-09 15:00:20,933 [Listener at 127.0.0.1/46083] INFO  server.session (HouseKeeper.java:stopScavenging(149)) - node0 Stopped scavenging
2023-03-09 15:00:20,933 [Listener at 127.0.0.1/46083] INFO  handler.ContextHandler (ContextHandler.java:doStop(1159)) - Stopped o.e.j.s.ServletContextHandler@7293aa9d{static,/static,jar:file:/home/runner/.m2/repository/org/apache/ozone/hdds-container-service/1.4.0-SNAPSHOT/hdds-container-service-1.4.0-SNAPSHOT.jar!/webapps/static,STOPPED}
2023-03-09 15:00:20,933 [Listener at 127.0.0.1/46083] INFO  handler.ContextHandler (ContextHandler.java:doStop(1159)) - Stopped o.e.j.s.ServletContextHandler@75f34d1c{logs,/logs,file:///home/runner/work/ozone/ozone/hadoop-ozone/integration-test/target/log,STOPPED}
]]></system-out>
    </rerunFailure>
    <rerunFailure type="java.lang.AssertionError">
      <stackTrace><![CDATA[java.lang.AssertionError
	at org.junit.Assert.fail(Assert.java:87)
	at org.junit.Assert.fail(Assert.java:96)
	at org.apache.hadoop.ozone.om.TestAddRemoveOzoneManager.testBootstrapWithoutConfigUpdate(TestAddRemoveOzoneManager.java:261)
	at sun.reflect.NativeMethodAccessorImpl.invoke0(Native Method)
	at sun.reflect.NativeMethodAccessorImpl.invoke(NativeMethodAccessorImpl.java:62)
	at sun.reflect.DelegatingMethodAccessorImpl.invoke(DelegatingMethodAccessorImpl.java:43)
	at java.lang.reflect.Method.invoke(Method.java:498)
	at org.junit.platform.commons.util.ReflectionUtils.invokeMethod(ReflectionUtils.java:725)
	at org.junit.jupiter.engine.execution.MethodInvocation.proceed(MethodInvocation.java:60)
	at org.junit.jupiter.engine.execution.InvocationInterceptorChain$ValidatingInvocation.proceed(InvocationInterceptorChain.java:131)
	at org.junit.jupiter.engine.extension.TimeoutInvocation.proceed(TimeoutInvocation.java:46)
	at org.junit.jupiter.engine.extension.TimeoutExtension.intercept(TimeoutExtension.java:149)
	at org.junit.jupiter.engine.extension.TimeoutExtension.interceptTestableMethod(TimeoutExtension.java:140)
	at org.junit.jupiter.engine.extension.TimeoutExtension.interceptTestMethod(TimeoutExtension.java:84)
	at org.junit.jupiter.engine.execution.ExecutableInvoker$ReflectiveInterceptorCall.lambda$ofVoidMethod$0(ExecutableInvoker.java:115)
	at org.junit.jupiter.engine.execution.ExecutableInvoker.lambda$invoke$0(ExecutableInvoker.java:105)
	at org.junit.jupiter.engine.execution.InvocationInterceptorChain$InterceptedInvocation.proceed(InvocationInterceptorChain.java:106)
	at org.junit.jupiter.engine.execution.InvocationInterceptorChain.proceed(InvocationInterceptorChain.java:64)
	at org.junit.jupiter.engine.execution.InvocationInterceptorChain.chainAndInvoke(InvocationInterceptorChain.java:45)
	at org.junit.jupiter.engine.execution.InvocationInterceptorChain.invoke(InvocationInterceptorChain.java:37)
	at org.junit.jupiter.engine.execution.ExecutableInvoker.invoke(ExecutableInvoker.java:104)
	at org.junit.jupiter.engine.execution.ExecutableInvoker.invoke(ExecutableInvoker.java:98)
	at org.junit.jupiter.engine.descriptor.TestMethodTestDescriptor.lambda$invokeTestMethod$7(TestMethodTestDescriptor.java:214)
	at org.junit.platform.engine.support.hierarchical.ThrowableCollector.execute(ThrowableCollector.java:73)
	at org.junit.jupiter.engine.descriptor.TestMethodTestDescriptor.invokeTestMethod(TestMethodTestDescriptor.java:210)
	at org.junit.jupiter.engine.descriptor.TestMethodTestDescriptor.execute(TestMethodTestDescriptor.java:135)
	at org.junit.jupiter.engine.descriptor.TestMethodTestDescriptor.execute(TestMethodTestDescriptor.java:66)
	at org.junit.platform.engine.support.hierarchical.NodeTestTask.lambda$executeRecursively$6(NodeTestTask.java:151)
	at org.junit.platform.engine.support.hierarchical.ThrowableCollector.execute(ThrowableCollector.java:73)
	at org.junit.platform.engine.support.hierarchical.NodeTestTask.lambda$executeRecursively$8(NodeTestTask.java:141)
	at org.junit.platform.engine.support.hierarchical.Node.around(Node.java:137)
	at org.junit.platform.engine.support.hierarchical.NodeTestTask.lambda$executeRecursively$9(NodeTestTask.java:139)
	at org.junit.platform.engine.support.hierarchical.ThrowableCollector.execute(ThrowableCollector.java:73)
	at org.junit.platform.engine.support.hierarchical.NodeTestTask.executeRecursively(NodeTestTask.java:138)
	at org.junit.platform.engine.support.hierarchical.NodeTestTask.execute(NodeTestTask.java:95)
	at java.util.ArrayList.forEach(ArrayList.java:1259)
	at org.junit.platform.engine.support.hierarchical.SameThreadHierarchicalTestExecutorService.invokeAll(SameThreadHierarchicalTestExecutorService.java:41)
	at org.junit.platform.engine.support.hierarchical.NodeTestTask.lambda$executeRecursively$6(NodeTestTask.java:155)
	at org.junit.platform.engine.support.hierarchical.ThrowableCollector.execute(ThrowableCollector.java:73)
	at org.junit.platform.engine.support.hierarchical.NodeTestTask.lambda$executeRecursively$8(NodeTestTask.java:141)
	at org.junit.platform.engine.support.hierarchical.Node.around(Node.java:137)
	at org.junit.platform.engine.support.hierarchical.NodeTestTask.lambda$executeRecursively$9(NodeTestTask.java:139)
	at org.junit.platform.engine.support.hierarchical.ThrowableCollector.execute(ThrowableCollector.java:73)
	at org.junit.platform.engine.support.hierarchical.NodeTestTask.executeRecursively(NodeTestTask.java:138)
	at org.junit.platform.engine.support.hierarchical.NodeTestTask.execute(NodeTestTask.java:95)
	at java.util.ArrayList.forEach(ArrayList.java:1259)
	at org.junit.platform.engine.support.hierarchical.SameThreadHierarchicalTestExecutorService.invokeAll(SameThreadHierarchicalTestExecutorService.java:41)
	at org.junit.platform.engine.support.hierarchical.NodeTestTask.lambda$executeRecursively$6(NodeTestTask.java:155)
	at org.junit.platform.engine.support.hierarchical.ThrowableCollector.execute(ThrowableCollector.java:73)
	at org.junit.platform.engine.support.hierarchical.NodeTestTask.lambda$executeRecursively$8(NodeTestTask.java:141)
	at org.junit.platform.engine.support.hierarchical.Node.around(Node.java:137)
	at org.junit.platform.engine.support.hierarchical.NodeTestTask.lambda$executeRecursively$9(NodeTestTask.java:139)
	at org.junit.platform.engine.support.hierarchical.ThrowableCollector.execute(ThrowableCollector.java:73)
	at org.junit.platform.engine.support.hierarchical.NodeTestTask.executeRecursively(NodeTestTask.java:138)
	at org.junit.platform.engine.support.hierarchical.NodeTestTask.execute(NodeTestTask.java:95)
	at org.junit.platform.engine.support.hierarchical.SameThreadHierarchicalTestExecutorService.submit(SameThreadHierarchicalTestExecutorService.java:35)
	at org.junit.platform.engine.support.hierarchical.HierarchicalTestExecutor.execute(HierarchicalTestExecutor.java:57)
	at org.junit.platform.engine.support.hierarchical.HierarchicalTestEngine.execute(HierarchicalTestEngine.java:54)
	at org.junit.platform.launcher.core.EngineExecutionOrchestrator.execute(EngineExecutionOrchestrator.java:107)
	at org.junit.platform.launcher.core.EngineExecutionOrchestrator.execute(EngineExecutionOrchestrator.java:88)
	at org.junit.platform.launcher.core.EngineExecutionOrchestrator.lambda$execute$0(EngineExecutionOrchestrator.java:54)
	at org.junit.platform.launcher.core.EngineExecutionOrchestrator.withInterceptedStreams(EngineExecutionOrchestrator.java:67)
	at org.junit.platform.launcher.core.EngineExecutionOrchestrator.execute(EngineExecutionOrchestrator.java:52)
	at org.junit.platform.launcher.core.DefaultLauncher.execute(DefaultLauncher.java:114)
	at org.junit.platform.launcher.core.DefaultLauncher.execute(DefaultLauncher.java:86)
	at org.junit.platform.launcher.core.DefaultLauncherSession$DelegatingLauncher.execute(DefaultLauncherSession.java:86)
	at org.junit.platform.launcher.core.SessionPerRequestLauncher.execute(SessionPerRequestLauncher.java:53)
	at org.apache.maven.surefire.junitplatform.JUnitPlatformProvider.invokeAllTests(JUnitPlatformProvider.java:165)
	at org.apache.maven.surefire.junitplatform.JUnitPlatformProvider.invoke(JUnitPlatformProvider.java:124)
	at org.apache.maven.surefire.booter.ForkedBooter.runSuitesInProcess(ForkedBooter.java:428)
	at org.apache.maven.surefire.booter.ForkedBooter.execute(ForkedBooter.java:162)
	at org.apache.maven.surefire.booter.ForkedBooter.run(ForkedBooter.java:562)
	at org.apache.maven.surefire.booter.ForkedBooter.main(ForkedBooter.java:548)
]]></stackTrace>
      <system-out><![CDATA[2023-03-09 15:00:21,006 [Listener at 127.0.0.1/46083] WARN  server.ServerUtils (ServerUtils.java:getScmDbDir(148)) - ozone.scm.db.dirs is not configured. We recommend adding this setting. Falling back to ozone.metadata.dirs instead.
2023-03-09 15:00:21,006 [Listener at 127.0.0.1/46083] INFO  ha.SCMHANodeDetails (SCMHANodeDetails.java:loadSCMHAConfig(209)) - ServiceID for StorageContainerManager is scmServiceId
2023-03-09 15:00:21,006 [Listener at 127.0.0.1/46083] INFO  ha.SCMHANodeDetails (SCMHANodeDetails.java:loadSCMHAConfig(220)) - ServiceID for StorageContainerManager is scmServiceId
2023-03-09 15:00:21,007 [Listener at 127.0.0.1/46083] INFO  ha.SCMHANodeDetails (SCMHANodeDetails.java:loadSCMHAConfig(307)) - Found matching SCM address with SCMServiceId: scmServiceId, SCMNodeId: scmNode-1, RPC Address: localhost:37003 and Ratis port: 37003
2023-03-09 15:00:21,007 [Listener at 127.0.0.1/46083] INFO  ha.SCMHANodeDetails (ConfUtils.java:setNodeSpecificConfigs(97)) - Setting configuration key ozone.scm.datanode.address with value of key ozone.scm.datanode.address.scmServiceId.scmNode-1: 127.0.0.1:43747
2023-03-09 15:00:21,007 [Listener at 127.0.0.1/46083] INFO  ha.SCMHANodeDetails (ConfUtils.java:setNodeSpecificConfigs(97)) - Setting configuration key ozone.scm.block.client.address with value of key ozone.scm.block.client.address.scmServiceId.scmNode-1: 127.0.0.1:39279
2023-03-09 15:00:21,007 [Listener at 127.0.0.1/46083] INFO  ha.SCMHANodeDetails (ConfUtils.java:setNodeSpecificConfigs(97)) - Setting configuration key ozone.scm.client.address with value of key ozone.scm.client.address.scmServiceId.scmNode-1: 127.0.0.1:44393
2023-03-09 15:00:21,007 [Listener at 127.0.0.1/46083] INFO  ha.SCMHANodeDetails (ConfUtils.java:setNodeSpecificConfigs(97)) - Setting configuration key ozone.scm.ratis.port with value of key ozone.scm.ratis.port.scmServiceId.scmNode-1: 37003
2023-03-09 15:00:21,007 [Listener at 127.0.0.1/46083] INFO  ha.SCMHANodeDetails (ConfUtils.java:setNodeSpecificConfigs(97)) - Setting configuration key ozone.scm.grpc.port with value of key ozone.scm.grpc.port.scmServiceId.scmNode-1: 35371
2023-03-09 15:00:21,007 [Listener at 127.0.0.1/46083] INFO  ha.SCMHANodeDetails (ConfUtils.java:setNodeSpecificConfigs(97)) - Setting configuration key ozone.scm.http-address with value of key ozone.scm.http-address.scmServiceId.scmNode-1: 127.0.0.1:46585
2023-03-09 15:00:21,007 [Listener at 127.0.0.1/46083] INFO  ha.SCMHANodeDetails (ConfUtils.java:setNodeSpecificConfigs(97)) - Setting configuration key ozone.scm.https-address with value of key ozone.scm.https-address.scmServiceId.scmNode-1: 127.0.0.1:46455
2023-03-09 15:00:21,008 [Listener at 127.0.0.1/46083] INFO  ha.SCMHANodeDetails (ConfUtils.java:setNodeSpecificConfigs(97)) - Setting configuration key ozone.scm.address with value of key ozone.scm.address.scmServiceId.scmNode-1: 127.0.0.1
2023-03-09 15:00:21,008 [Listener at 127.0.0.1/46083] WARN  scm.ScmUtils (ScmUtils.java:logWarn(190)) - ConfigKey ozone.scm.block.client.address is deprecated, For configuring different ports for each SCM use PortConfigKey ozone.scm.block.client.port appended with serviceId and nodeId. If want to configure same port configure ozone.scm.block.client.port
2023-03-09 15:00:21,008 [Listener at 127.0.0.1/46083] WARN  scm.ScmUtils (ScmUtils.java:logWarn(190)) - ConfigKey ozone.scm.client.address is deprecated, For configuring different ports for each SCM use PortConfigKey ozone.scm.client.port appended with serviceId and nodeId. If want to configure same port configure ozone.scm.client.port
2023-03-09 15:00:21,008 [Listener at 127.0.0.1/46083] WARN  scm.ScmUtils (ScmUtils.java:logWarn(190)) - ConfigKey ozone.scm.datanode.address is deprecated, For configuring different ports for each SCM use PortConfigKey ozone.scm.datanode.port appended with serviceId and nodeId. If want to configure same port configure ozone.scm.datanode.port
2023-03-09 15:00:21,011 [Listener at 127.0.0.1/46083] INFO  server.RaftServer (ConfUtils.java:logGet(46)) - raft.rpc.type = GRPC (default)
2023-03-09 15:00:21,012 [Listener at 127.0.0.1/46083] INFO  grpc.GrpcConfigKeys (ConfUtils.java:logFallback(53)) - raft.grpc.admin.host = null (fallback to raft.grpc.server.host)
2023-03-09 15:00:21,012 [Listener at 127.0.0.1/46083] INFO  grpc.GrpcConfigKeys (ConfUtils.java:logFallback(53)) - raft.grpc.admin.port = 37003 (fallback to raft.grpc.server.port)
2023-03-09 15:00:21,012 [Listener at 127.0.0.1/46083] INFO  grpc.GrpcConfigKeys (ConfUtils.java:logFallback(53)) - raft.grpc.client.host = null (fallback to raft.grpc.server.host)
2023-03-09 15:00:21,012 [Listener at 127.0.0.1/46083] INFO  grpc.GrpcConfigKeys (ConfUtils.java:logFallback(53)) - raft.grpc.client.port = 37003 (fallback to raft.grpc.server.port)
2023-03-09 15:00:21,012 [Listener at 127.0.0.1/46083] INFO  grpc.GrpcConfigKeys (ConfUtils.java:logGet(46)) - raft.grpc.server.host = null (default)
2023-03-09 15:00:21,013 [Listener at 127.0.0.1/46083] INFO  grpc.GrpcConfigKeys (ConfUtils.java:logGet(46)) - raft.grpc.server.port = 37003 (custom)
2023-03-09 15:00:21,013 [Listener at 127.0.0.1/46083] INFO  server.GrpcService (ConfUtils.java:logGet(46)) - raft.grpc.message.size.max = 32m (=33554432) (custom)
2023-03-09 15:00:21,013 [Listener at 127.0.0.1/46083] INFO  server.RaftServerConfigKeys (ConfUtils.java:logGet(46)) - raft.server.log.appender.buffer.byte-limit = 33554432 (custom)
2023-03-09 15:00:21,013 [Listener at 127.0.0.1/46083] INFO  server.GrpcService (ConfUtils.java:logGet(46)) - raft.grpc.flow.control.window = 1MB (=1048576) (default)
2023-03-09 15:00:21,013 [Listener at 127.0.0.1/46083] INFO  server.RaftServerConfigKeys (ConfUtils.java:logGet(46)) - raft.server.rpc.request.timeout = 30000ms (custom)
2023-03-09 15:00:21,013 [Listener at 127.0.0.1/46083] INFO  grpc.GrpcConfigKeys (ConfUtils.java:logGet(46)) - raft.grpc.server.heartbeat.channel = true (default)
2023-03-09 15:00:21,014 [Listener at 127.0.0.1/46083] INFO  grpc.GrpcConfigKeys (ConfUtils.java:logGet(46)) - raft.grpc.server.async.request.thread.pool.cached = true (default)
2023-03-09 15:00:21,014 [Listener at 127.0.0.1/46083] INFO  grpc.GrpcConfigKeys (ConfUtils.java:logGet(46)) - raft.grpc.server.async.request.thread.pool.size = 32 (default)
2023-03-09 15:00:21,018 [Listener at 127.0.0.1/46083] INFO  impl.DataStreamServerImpl (ConfUtils.java:logGet(46)) - raft.datastream.type = DISABLED (default)
2023-03-09 15:00:21,019 [Listener at 127.0.0.1/46083] INFO  server.RaftServerConfigKeys (ConfUtils.java:logGet(46)) - raft.server.threadpool.proxy.cached = true (default)
2023-03-09 15:00:21,019 [Listener at 127.0.0.1/46083] INFO  server.RaftServerConfigKeys (ConfUtils.java:logGet(46)) - raft.server.threadpool.proxy.size = 0 (default)
2023-03-09 15:00:21,020 [Listener at 127.0.0.1/46083] INFO  server.RaftServerConfigKeys (ConfUtils.java:logGet(46)) - raft.server.rpc.slowness.timeout = 120000ms (custom)
2023-03-09 15:00:21,020 [Listener at 127.0.0.1/46083] INFO  server.RaftServerConfigKeys (ConfUtils.java:logGet(46)) - raft.server.leaderelection.leader.step-down.wait-time = 10s (default)
2023-03-09 15:00:21,020 [Listener at 127.0.0.1/46083] INFO  server.RaftServerConfigKeys (ConfUtils.java:logGet(46)) - raft.server.storage.dir = [/home/runner/work/ozone/ozone/hadoop-ozone/integration-test/target/test-dir/MiniOzoneClusterImpl-4e7c95cc-71c1-4f0b-a9e9-e7b04a6f140e/scmNode-1/scm-ha] (custom)
2023-03-09 15:00:21,021 [Listener at 127.0.0.1/46083] INFO  server.RaftServer (RaftServerProxy.java:addNew(96)) - fb3fcbca-8ec0-4e2c-837f-292e7e68a1b5: addNew group-E7B04A6F140E:[fb3fcbca-8ec0-4e2c-837f-292e7e68a1b5|rpc:localhost:37003|priority:0|startupRole:FOLLOWER] returns group-E7B04A6F140E:java.util.concurrent.CompletableFuture@243350ec[Not completed]
2023-03-09 15:00:21,021 [pool-620-thread-1] INFO  server.RaftServer$Division (RaftServerImpl.java:<init>(195)) - fb3fcbca-8ec0-4e2c-837f-292e7e68a1b5: new RaftServerImpl for group-E7B04A6F140E:[fb3fcbca-8ec0-4e2c-837f-292e7e68a1b5|rpc:localhost:37003|priority:0|startupRole:FOLLOWER] with SCMStateMachine:uninitialized
2023-03-09 15:00:21,022 [pool-620-thread-1] INFO  server.RaftServerConfigKeys (ConfUtils.java:logGet(46)) - raft.server.rpc.timeout.min = 5000ms (custom)
2023-03-09 15:00:21,022 [pool-620-thread-1] INFO  server.RaftServerConfigKeys (ConfUtils.java:logGet(46)) - raft.server.rpc.timeout.max = 5200ms (custom)
2023-03-09 15:00:21,022 [pool-620-thread-1] INFO  server.RaftServerConfigKeys (ConfUtils.java:logGet(46)) - raft.server.rpc.sleep.time = 25ms (default)
2023-03-09 15:00:21,022 [pool-620-thread-1] INFO  server.RaftServerConfigKeys (ConfUtils.java:logGet(46)) - raft.server.rpc.slowness.timeout = 120000ms (custom)
2023-03-09 15:00:21,022 [pool-620-thread-1] INFO  server.RaftServerConfigKeys (ConfUtils.java:logGet(46)) - raft.server.leaderelection.leader.step-down.wait-time = 10s (default)
2023-03-09 15:00:21,022 [pool-620-thread-1] INFO  server.RaftServerConfigKeys (ConfUtils.java:logGet(46)) - raft.server.sleep.deviation.threshold = 300ms (default)
2023-03-09 15:00:21,022 [pool-620-thread-1] INFO  server.RaftServer$Division (ServerState.java:<init>(118)) - fb3fcbca-8ec0-4e2c-837f-292e7e68a1b5@group-E7B04A6F140E: ConfigurationManager, init=-1: peers:[fb3fcbca-8ec0-4e2c-837f-292e7e68a1b5|rpc:localhost:37003|priority:0|startupRole:FOLLOWER]|listeners:[], old=null, confs=<EMPTY_MAP>
2023-03-09 15:00:21,023 [pool-620-thread-1] INFO  server.RaftServerConfigKeys (ConfUtils.java:logGet(46)) - raft.server.storage.dir = [/home/runner/work/ozone/ozone/hadoop-ozone/integration-test/target/test-dir/MiniOzoneClusterImpl-4e7c95cc-71c1-4f0b-a9e9-e7b04a6f140e/scmNode-1/scm-ha] (custom)
2023-03-09 15:00:21,023 [pool-620-thread-1] INFO  server.RaftServerConfigKeys (ConfUtils.java:logGet(46)) - raft.server.log.corruption.policy = EXCEPTION (default)
2023-03-09 15:00:21,023 [pool-620-thread-1] INFO  server.RaftServerConfigKeys (ConfUtils.java:logGet(46)) - raft.server.storage.free-space.min = 0MB (=0) (default)
2023-03-09 15:00:21,023 [pool-620-thread-1] INFO  server.RaftServerConfigKeys (ConfUtils.java:logGet(46)) - raft.server.notification.no-leader.timeout = 60s (default)
2023-03-09 15:00:21,023 [pool-620-thread-1] INFO  server.RaftServerConfigKeys (ConfUtils.java:logGet(46)) - raft.server.retrycache.expirytime = 60000ms (default)
2023-03-09 15:00:21,023 [pool-620-thread-1] INFO  server.RaftServerConfigKeys (ConfUtils.java:logGet(46)) - raft.server.retrycache.statistics.expirytime = 100μs (default)
2023-03-09 15:00:21,024 [pool-620-thread-1] INFO  server.RaftServerConfigKeys (ConfUtils.java:logGet(46)) - raft.server.log.appender.install.snapshot.enabled = false (custom)
2023-03-09 15:00:21,024 [pool-620-thread-1] INFO  server.RaftServerConfigKeys (ConfUtils.java:logGet(46)) - raft.server.threadpool.server.cached = true (default)
2023-03-09 15:00:21,024 [pool-620-thread-1] INFO  server.RaftServerConfigKeys (ConfUtils.java:logGet(46)) - raft.server.threadpool.server.size = 0 (default)
2023-03-09 15:00:21,024 [pool-620-thread-1] INFO  server.RaftServerConfigKeys (ConfUtils.java:logGet(46)) - raft.server.threadpool.client.cached = true (default)
2023-03-09 15:00:21,024 [pool-620-thread-1] INFO  server.RaftServerConfigKeys (ConfUtils.java:logGet(46)) - raft.server.threadpool.client.size = 0 (default)
2023-03-09 15:00:21,024 [fb3fcbca-8ec0-4e2c-837f-292e7e68a1b5-impl-thread1] INFO  storage.RaftStorageDirectory (RaftStorageDirectoryImpl.java:analyzeStorage(137)) - The storage directory /home/runner/work/ozone/ozone/hadoop-ozone/integration-test/target/test-dir/MiniOzoneClusterImpl-4e7c95cc-71c1-4f0b-a9e9-e7b04a6f140e/scmNode-1/scm-ha/4e7c95cc-71c1-4f0b-a9e9-e7b04a6f140e does not exist. Creating ...
2023-03-09 15:00:21,027 [fb3fcbca-8ec0-4e2c-837f-292e7e68a1b5-impl-thread1] INFO  storage.RaftStorageDirectory (RaftStorageDirectoryImpl.java:tryLock(231)) - Lock on /home/runner/work/ozone/ozone/hadoop-ozone/integration-test/target/test-dir/MiniOzoneClusterImpl-4e7c95cc-71c1-4f0b-a9e9-e7b04a6f140e/scmNode-1/scm-ha/4e7c95cc-71c1-4f0b-a9e9-e7b04a6f140e/in_use.lock acquired by nodename 57158@fv-az377-502
2023-03-09 15:00:21,028 [fb3fcbca-8ec0-4e2c-837f-292e7e68a1b5-impl-thread1] INFO  storage.RaftStorage (RaftStorageImpl.java:format(96)) - Storage directory /home/runner/work/ozone/ozone/hadoop-ozone/integration-test/target/test-dir/MiniOzoneClusterImpl-4e7c95cc-71c1-4f0b-a9e9-e7b04a6f140e/scmNode-1/scm-ha/4e7c95cc-71c1-4f0b-a9e9-e7b04a6f140e has been successfully formatted.
2023-03-09 15:00:21,028 [fb3fcbca-8ec0-4e2c-837f-292e7e68a1b5-impl-thread1] INFO  server.RaftServerConfigKeys (ConfUtils.java:logGet(46)) - raft.server.log.use.memory = false (default)
2023-03-09 15:00:21,028 [fb3fcbca-8ec0-4e2c-837f-292e7e68a1b5-impl-thread1] INFO  server.RaftServerConfigKeys (ConfUtils.java:logGet(46)) - raft.server.log.purge.gap = 1000000 (custom)
2023-03-09 15:00:21,028 [fb3fcbca-8ec0-4e2c-837f-292e7e68a1b5-impl-thread1] INFO  server.RaftServerConfigKeys (ConfUtils.java:logGet(46)) - raft.server.log.appender.buffer.byte-limit = 33554432 (custom)
2023-03-09 15:00:21,028 [fb3fcbca-8ec0-4e2c-837f-292e7e68a1b5-impl-thread1] INFO  server.RaftServerConfigKeys (ConfUtils.java:logGet(46)) - raft.server.log.statemachine.data.read.timeout = 1000ms (default)
2023-03-09 15:00:21,028 [fb3fcbca-8ec0-4e2c-837f-292e7e68a1b5-impl-thread1] INFO  server.RaftServerConfigKeys (ConfUtils.java:logGet(46)) - raft.server.log.purge.preservation.log.num = 0 (default)
2023-03-09 15:00:21,029 [fb3fcbca-8ec0-4e2c-837f-292e7e68a1b5-impl-thread1] INFO  server.RaftServerConfigKeys (ConfUtils.java:logGet(46)) - raft.server.log.segment.size.max = 4194304 (custom)
2023-03-09 15:00:21,029 [fb3fcbca-8ec0-4e2c-837f-292e7e68a1b5-impl-thread1] INFO  server.RaftServerConfigKeys (ConfUtils.java:logGet(46)) - raft.server.log.segment.cache.num.max = 2 (custom)
2023-03-09 15:00:21,029 [fb3fcbca-8ec0-4e2c-837f-292e7e68a1b5-impl-thread1] INFO  server.RaftServerConfigKeys (ConfUtils.java:logGet(46)) - raft.server.log.segment.cache.size.max = 200MB (=209715200) (default)
2023-03-09 15:00:21,029 [fb3fcbca-8ec0-4e2c-837f-292e7e68a1b5-impl-thread1] INFO  segmented.SegmentedRaftLogWorker (SegmentedRaftLogWorker.java:<init>(189)) - new fb3fcbca-8ec0-4e2c-837f-292e7e68a1b5@group-E7B04A6F140E-SegmentedRaftLogWorker for RaftStorageImpl:Storage Directory /home/runner/work/ozone/ozone/hadoop-ozone/integration-test/target/test-dir/MiniOzoneClusterImpl-4e7c95cc-71c1-4f0b-a9e9-e7b04a6f140e/scmNode-1/scm-ha/4e7c95cc-71c1-4f0b-a9e9-e7b04a6f140e
2023-03-09 15:00:21,029 [fb3fcbca-8ec0-4e2c-837f-292e7e68a1b5-impl-thread1] INFO  server.RaftServerConfigKeys (ConfUtils.java:logGet(46)) - raft.server.log.queue.byte-limit = 64MB (=67108864) (default)
2023-03-09 15:00:21,029 [fb3fcbca-8ec0-4e2c-837f-292e7e68a1b5-impl-thread1] INFO  server.RaftServerConfigKeys (ConfUtils.java:logGet(46)) - raft.server.log.queue.element-limit = 4096 (default)
2023-03-09 15:00:21,029 [fb3fcbca-8ec0-4e2c-837f-292e7e68a1b5-impl-thread1] INFO  server.RaftServerConfigKeys (ConfUtils.java:logGet(46)) - raft.server.log.segment.size.max = 4194304 (custom)
2023-03-09 15:00:21,029 [fb3fcbca-8ec0-4e2c-837f-292e7e68a1b5-impl-thread1] INFO  server.RaftServerConfigKeys (ConfUtils.java:logGet(46)) - raft.server.log.preallocated.size = 4194304 (custom)
2023-03-09 15:00:21,029 [fb3fcbca-8ec0-4e2c-837f-292e7e68a1b5-impl-thread1] INFO  server.RaftServerConfigKeys (ConfUtils.java:logGet(46)) - raft.server.log.force.sync.num = 128 (default)
2023-03-09 15:00:21,029 [fb3fcbca-8ec0-4e2c-837f-292e7e68a1b5-impl-thread1] INFO  server.RaftServerConfigKeys (ConfUtils.java:logGet(46)) - raft.server.log.statemachine.data.sync = true (default)
2023-03-09 15:00:21,029 [fb3fcbca-8ec0-4e2c-837f-292e7e68a1b5-impl-thread1] INFO  server.RaftServerConfigKeys (ConfUtils.java:logGet(46)) - raft.server.log.statemachine.data.sync.timeout = 10s (default)
2023-03-09 15:00:21,029 [fb3fcbca-8ec0-4e2c-837f-292e7e68a1b5-impl-thread1] INFO  server.RaftServerConfigKeys (ConfUtils.java:logGet(46)) - raft.server.log.statemachine.data.sync.timeout.retry = -1 (default)
2023-03-09 15:00:21,030 [fb3fcbca-8ec0-4e2c-837f-292e7e68a1b5-impl-thread1] INFO  server.RaftServerConfigKeys (ConfUtils.java:logGet(46)) - raft.server.log.write.buffer.size = 64KB (=65536) (default)
2023-03-09 15:00:21,030 [fb3fcbca-8ec0-4e2c-837f-292e7e68a1b5-impl-thread1] INFO  server.RaftServerConfigKeys (ConfUtils.java:logGet(46)) - raft.server.log.appender.buffer.byte-limit = 33554432 (custom)
2023-03-09 15:00:21,048 [fb3fcbca-8ec0-4e2c-837f-292e7e68a1b5-impl-thread1] INFO  server.RaftServerConfigKeys (ConfUtils.java:logGet(46)) - raft.server.log.unsafe-flush.enabled = false (default)
2023-03-09 15:00:21,048 [fb3fcbca-8ec0-4e2c-837f-292e7e68a1b5-impl-thread1] INFO  server.RaftServerConfigKeys (ConfUtils.java:logGet(46)) - raft.server.log.async-flush.enabled = false (default)
2023-03-09 15:00:21,048 [fb3fcbca-8ec0-4e2c-837f-292e7e68a1b5-impl-thread1] INFO  server.RaftServerConfigKeys (ConfUtils.java:logGet(46)) - raft.server.log.statemachine.data.caching.enabled = false (default)
2023-03-09 15:00:21,048 [fb3fcbca-8ec0-4e2c-837f-292e7e68a1b5-impl-thread1] INFO  segmented.SegmentedRaftLogWorker (SegmentedRaftLogWorker.java:lambda$new$0(135)) - fb3fcbca-8ec0-4e2c-837f-292e7e68a1b5@group-E7B04A6F140E-SegmentedRaftLogWorker: flushIndex: setUnconditionally 0 -> -1
2023-03-09 15:00:21,048 [fb3fcbca-8ec0-4e2c-837f-292e7e68a1b5-impl-thread1] INFO  segmented.SegmentedRaftLogWorker (SegmentedRaftLogWorker.java:lambda$new$0(135)) - fb3fcbca-8ec0-4e2c-837f-292e7e68a1b5@group-E7B04A6F140E-SegmentedRaftLogWorker: safeCacheEvictIndex: setUnconditionally 0 -> -1
2023-03-09 15:00:21,049 [fb3fcbca-8ec0-4e2c-837f-292e7e68a1b5-impl-thread1] INFO  server.RaftServer$Division (RaftServerImpl.java:start(334)) - fb3fcbca-8ec0-4e2c-837f-292e7e68a1b5@group-E7B04A6F140E: start as a follower, conf=-1: peers:[fb3fcbca-8ec0-4e2c-837f-292e7e68a1b5|rpc:localhost:37003|priority:0|startupRole:FOLLOWER]|listeners:[], old=null
2023-03-09 15:00:21,049 [fb3fcbca-8ec0-4e2c-837f-292e7e68a1b5-impl-thread1] INFO  server.RaftServer$Division (RaftServerImpl.java:setRole(321)) - fb3fcbca-8ec0-4e2c-837f-292e7e68a1b5@group-E7B04A6F140E: changes role from      null to FOLLOWER at term 0 for startAsFollower
2023-03-09 15:00:21,049 [fb3fcbca-8ec0-4e2c-837f-292e7e68a1b5-impl-thread1] INFO  impl.RoleInfo (RoleInfo.java:updateAndGet(139)) - fb3fcbca-8ec0-4e2c-837f-292e7e68a1b5: start fb3fcbca-8ec0-4e2c-837f-292e7e68a1b5@group-E7B04A6F140E-FollowerState
2023-03-09 15:00:21,049 [fb3fcbca-8ec0-4e2c-837f-292e7e68a1b5@group-E7B04A6F140E-FollowerState] INFO  server.RaftServerConfigKeys (ConfUtils.java:logFallback(53)) - raft.server.rpc.first-election.timeout.min = 5000ms (fallback to raft.server.rpc.timeout.min)
2023-03-09 15:00:21,049 [fb3fcbca-8ec0-4e2c-837f-292e7e68a1b5-impl-thread1] INFO  util.JmxRegister (JmxRegister.java:tryRegister(44)) - Successfully registered JMX Bean with object name Ratis:service=RaftServer,group=group-E7B04A6F140E,id=fb3fcbca-8ec0-4e2c-837f-292e7e68a1b5
2023-03-09 15:00:21,049 [fb3fcbca-8ec0-4e2c-837f-292e7e68a1b5@group-E7B04A6F140E-FollowerState] INFO  server.RaftServerConfigKeys (ConfUtils.java:logFallback(53)) - raft.server.rpc.first-election.timeout.max = 5200ms (fallback to raft.server.rpc.timeout.max)
2023-03-09 15:00:21,049 [fb3fcbca-8ec0-4e2c-837f-292e7e68a1b5-impl-thread1] INFO  server.RaftServerConfigKeys (ConfUtils.java:logGet(46)) - raft.server.snapshot.auto.trigger.enabled = true (custom)
2023-03-09 15:00:21,049 [fb3fcbca-8ec0-4e2c-837f-292e7e68a1b5-impl-thread1] INFO  server.RaftServerConfigKeys (ConfUtils.java:logGet(46)) - raft.server.snapshot.auto.trigger.threshold = 1000 (custom)
2023-03-09 15:00:21,049 [fb3fcbca-8ec0-4e2c-837f-292e7e68a1b5-impl-thread1] INFO  server.RaftServerConfigKeys (ConfUtils.java:logGet(46)) - raft.server.snapshot.retention.file.num = -1 (default)
2023-03-09 15:00:21,049 [fb3fcbca-8ec0-4e2c-837f-292e7e68a1b5-impl-thread1] INFO  server.RaftServerConfigKeys (ConfUtils.java:logGet(46)) - raft.server.log.purge.upto.snapshot.index = false (default)
2023-03-09 15:00:21,050 [Listener at 127.0.0.1/46083] INFO  server.RaftServer (RaftServerProxy.java:startImpl(393)) - fb3fcbca-8ec0-4e2c-837f-292e7e68a1b5: start RPC server
2023-03-09 15:00:21,052 [Listener at 127.0.0.1/46083] INFO  server.GrpcService (GrpcService.java:startImpl(262)) - fb3fcbca-8ec0-4e2c-837f-292e7e68a1b5: GrpcService started, listening on 37003
2023-03-09 15:00:21,052 [JvmPauseMonitor22] INFO  util.JvmPauseMonitor (JvmPauseMonitor.java:run(105)) - JvmPauseMonitor-fb3fcbca-8ec0-4e2c-837f-292e7e68a1b5: Started
2023-03-09 15:00:21,628 [EndpointStateMachine task thread for /127.0.0.1:40177 - 0 ] INFO  ipc.Client (Client.java:handleConnectionFailure(1010)) - Retrying connect to server: localhost/127.0.0.1:40177. Already tried 6 time(s); retry policy is RetryUpToMaximumCountWithFixedSleep(maxRetries=15, sleepTime=1000 MILLISECONDS)
2023-03-09 15:00:21,772 [EndpointStateMachine task thread for /127.0.0.1:36681 - 0 ] INFO  ipc.Client (Client.java:handleConnectionFailure(1010)) - Retrying connect to server: localhost/127.0.0.1:36681. Already tried 6 time(s); retry policy is RetryUpToMaximumCountWithFixedSleep(maxRetries=15, sleepTime=1000 MILLISECONDS)
2023-03-09 15:00:22,629 [EndpointStateMachine task thread for /127.0.0.1:40177 - 0 ] INFO  ipc.Client (Client.java:handleConnectionFailure(1010)) - Retrying connect to server: localhost/127.0.0.1:40177. Already tried 7 time(s); retry policy is RetryUpToMaximumCountWithFixedSleep(maxRetries=15, sleepTime=1000 MILLISECONDS)
2023-03-09 15:00:22,773 [EndpointStateMachine task thread for /127.0.0.1:36681 - 0 ] INFO  ipc.Client (Client.java:handleConnectionFailure(1010)) - Retrying connect to server: localhost/127.0.0.1:36681. Already tried 7 time(s); retry policy is RetryUpToMaximumCountWithFixedSleep(maxRetries=15, sleepTime=1000 MILLISECONDS)
2023-03-09 15:00:23,630 [EndpointStateMachine task thread for /127.0.0.1:40177 - 0 ] INFO  ipc.Client (Client.java:handleConnectionFailure(1010)) - Retrying connect to server: localhost/127.0.0.1:40177. Already tried 8 time(s); retry policy is RetryUpToMaximumCountWithFixedSleep(maxRetries=15, sleepTime=1000 MILLISECONDS)
2023-03-09 15:00:23,774 [EndpointStateMachine task thread for /127.0.0.1:36681 - 0 ] INFO  ipc.Client (Client.java:handleConnectionFailure(1010)) - Retrying connect to server: localhost/127.0.0.1:36681. Already tried 8 time(s); retry policy is RetryUpToMaximumCountWithFixedSleep(maxRetries=15, sleepTime=1000 MILLISECONDS)
2023-03-09 15:00:24,631 [EndpointStateMachine task thread for /127.0.0.1:40177 - 0 ] INFO  ipc.Client (Client.java:handleConnectionFailure(1010)) - Retrying connect to server: localhost/127.0.0.1:40177. Already tried 9 time(s); retry policy is RetryUpToMaximumCountWithFixedSleep(maxRetries=15, sleepTime=1000 MILLISECONDS)
2023-03-09 15:00:24,775 [EndpointStateMachine task thread for /127.0.0.1:36681 - 0 ] INFO  ipc.Client (Client.java:handleConnectionFailure(1010)) - Retrying connect to server: localhost/127.0.0.1:36681. Already tried 9 time(s); retry policy is RetryUpToMaximumCountWithFixedSleep(maxRetries=15, sleepTime=1000 MILLISECONDS)
2023-03-09 15:00:25,632 [EndpointStateMachine task thread for /127.0.0.1:40177 - 0 ] INFO  ipc.Client (Client.java:handleConnectionFailure(1010)) - Retrying connect to server: localhost/127.0.0.1:40177. Already tried 10 time(s); retry policy is RetryUpToMaximumCountWithFixedSleep(maxRetries=15, sleepTime=1000 MILLISECONDS)
2023-03-09 15:00:25,776 [EndpointStateMachine task thread for /127.0.0.1:36681 - 0 ] INFO  ipc.Client (Client.java:handleConnectionFailure(1010)) - Retrying connect to server: localhost/127.0.0.1:36681. Already tried 10 time(s); retry policy is RetryUpToMaximumCountWithFixedSleep(maxRetries=15, sleepTime=1000 MILLISECONDS)
2023-03-09 15:00:26,223 [fb3fcbca-8ec0-4e2c-837f-292e7e68a1b5@group-E7B04A6F140E-FollowerState] INFO  impl.FollowerState (FollowerState.java:run(143)) - fb3fcbca-8ec0-4e2c-837f-292e7e68a1b5@group-E7B04A6F140E-FollowerState: change to CANDIDATE, lastRpcElapsedTime:5174664370ns, electionTimeout:5174ms
2023-03-09 15:00:26,224 [fb3fcbca-8ec0-4e2c-837f-292e7e68a1b5@group-E7B04A6F140E-FollowerState] INFO  impl.RoleInfo (RoleInfo.java:shutdownFollowerState(110)) - fb3fcbca-8ec0-4e2c-837f-292e7e68a1b5: shutdown fb3fcbca-8ec0-4e2c-837f-292e7e68a1b5@group-E7B04A6F140E-FollowerState
2023-03-09 15:00:26,224 [fb3fcbca-8ec0-4e2c-837f-292e7e68a1b5@group-E7B04A6F140E-FollowerState] INFO  server.RaftServer$Division (RaftServerImpl.java:setRole(321)) - fb3fcbca-8ec0-4e2c-837f-292e7e68a1b5@group-E7B04A6F140E: changes role from  FOLLOWER to CANDIDATE at term 0 for changeToCandidate
2023-03-09 15:00:26,224 [fb3fcbca-8ec0-4e2c-837f-292e7e68a1b5@group-E7B04A6F140E-FollowerState] INFO  server.RaftServerConfigKeys (ConfUtils.java:logGet(46)) - raft.server.leaderelection.pre-vote = true (default)
2023-03-09 15:00:26,224 [fb3fcbca-8ec0-4e2c-837f-292e7e68a1b5@group-E7B04A6F140E-FollowerState] INFO  impl.RoleInfo (RoleInfo.java:updateAndGet(139)) - fb3fcbca-8ec0-4e2c-837f-292e7e68a1b5: start fb3fcbca-8ec0-4e2c-837f-292e7e68a1b5@group-E7B04A6F140E-LeaderElection33
2023-03-09 15:00:26,227 [fb3fcbca-8ec0-4e2c-837f-292e7e68a1b5@group-E7B04A6F140E-LeaderElection33] INFO  impl.LeaderElection (LeaderElection.java:askForVotes(312)) - fb3fcbca-8ec0-4e2c-837f-292e7e68a1b5@group-E7B04A6F140E-LeaderElection33 PRE_VOTE round 0: submit vote requests at term 0 for -1: peers:[fb3fcbca-8ec0-4e2c-837f-292e7e68a1b5|rpc:localhost:37003|priority:0|startupRole:FOLLOWER]|listeners:[], old=null
2023-03-09 15:00:26,227 [fb3fcbca-8ec0-4e2c-837f-292e7e68a1b5@group-E7B04A6F140E-LeaderElection33] INFO  impl.LeaderElection (LeaderElection.java:askForVotes(314)) - fb3fcbca-8ec0-4e2c-837f-292e7e68a1b5@group-E7B04A6F140E-LeaderElection33 PRE_VOTE round 0: result PASSED (term=0)
2023-03-09 15:00:26,229 [fb3fcbca-8ec0-4e2c-837f-292e7e68a1b5@group-E7B04A6F140E-LeaderElection33] INFO  impl.LeaderElection (LeaderElection.java:askForVotes(312)) - fb3fcbca-8ec0-4e2c-837f-292e7e68a1b5@group-E7B04A6F140E-LeaderElection33 ELECTION round 0: submit vote requests at term 1 for -1: peers:[fb3fcbca-8ec0-4e2c-837f-292e7e68a1b5|rpc:localhost:37003|priority:0|startupRole:FOLLOWER]|listeners:[], old=null
2023-03-09 15:00:26,229 [fb3fcbca-8ec0-4e2c-837f-292e7e68a1b5@group-E7B04A6F140E-LeaderElection33] INFO  impl.LeaderElection (LeaderElection.java:askForVotes(314)) - fb3fcbca-8ec0-4e2c-837f-292e7e68a1b5@group-E7B04A6F140E-LeaderElection33 ELECTION round 0: result PASSED (term=1)
2023-03-09 15:00:26,229 [fb3fcbca-8ec0-4e2c-837f-292e7e68a1b5@group-E7B04A6F140E-LeaderElection33] INFO  impl.RoleInfo (RoleInfo.java:shutdownLeaderElection(130)) - fb3fcbca-8ec0-4e2c-837f-292e7e68a1b5: shutdown fb3fcbca-8ec0-4e2c-837f-292e7e68a1b5@group-E7B04A6F140E-LeaderElection33
2023-03-09 15:00:26,229 [fb3fcbca-8ec0-4e2c-837f-292e7e68a1b5@group-E7B04A6F140E-LeaderElection33] INFO  server.RaftServer$Division (RaftServerImpl.java:setRole(321)) - fb3fcbca-8ec0-4e2c-837f-292e7e68a1b5@group-E7B04A6F140E: changes role from CANDIDATE to LEADER at term 1 for changeToLeader
2023-03-09 15:00:26,229 [fb3fcbca-8ec0-4e2c-837f-292e7e68a1b5@group-E7B04A6F140E-LeaderElection33] INFO  server.RaftServer$Division (ServerState.java:setLeader(313)) - fb3fcbca-8ec0-4e2c-837f-292e7e68a1b5@group-E7B04A6F140E: change Leader from null to fb3fcbca-8ec0-4e2c-837f-292e7e68a1b5 at term 1 for becomeLeader, leader elected after 5206ms
2023-03-09 15:00:26,229 [fb3fcbca-8ec0-4e2c-837f-292e7e68a1b5@group-E7B04A6F140E-LeaderElection33] INFO  server.RaftServerConfigKeys (ConfUtils.java:logGet(46)) - raft.server.staging.catchup.gap = 1000 (default)
2023-03-09 15:00:26,229 [fb3fcbca-8ec0-4e2c-837f-292e7e68a1b5@group-E7B04A6F140E-LeaderElection33] INFO  server.RaftServerConfigKeys (ConfUtils.java:logGet(46)) - raft.server.write.element-limit = 4096 (default)
2023-03-09 15:00:26,229 [fb3fcbca-8ec0-4e2c-837f-292e7e68a1b5@group-E7B04A6F140E-LeaderElection33] INFO  server.RaftServerConfigKeys (ConfUtils.java:logGet(46)) - raft.server.write.byte-limit = 64MB (=67108864) (default)
2023-03-09 15:00:26,229 [fb3fcbca-8ec0-4e2c-837f-292e7e68a1b5@group-E7B04A6F140E-LeaderElection33] INFO  server.RaftServerConfigKeys (ConfUtils.java:logGet(46)) - raft.server.watch.timeout = 10s (default)
2023-03-09 15:00:26,229 [fb3fcbca-8ec0-4e2c-837f-292e7e68a1b5@group-E7B04A6F140E-LeaderElection33] INFO  server.RaftServerConfigKeys (ConfUtils.java:logGet(46)) - raft.server.watch.timeout.denomination = 1s (default)
2023-03-09 15:00:26,230 [fb3fcbca-8ec0-4e2c-837f-292e7e68a1b5@group-E7B04A6F140E-LeaderElection33] INFO  server.RaftServerConfigKeys (ConfUtils.java:logGet(46)) - raft.server.watch.element-limit = 65536 (default)
2023-03-09 15:00:26,230 [fb3fcbca-8ec0-4e2c-837f-292e7e68a1b5@group-E7B04A6F140E-LeaderElection33] INFO  server.RaftServerConfigKeys (ConfUtils.java:logGet(46)) - raft.server.write.element-limit = 4096 (default)
2023-03-09 15:00:26,230 [fb3fcbca-8ec0-4e2c-837f-292e7e68a1b5@group-E7B04A6F140E-LeaderElection33] INFO  server.RaftServerConfigKeys (ConfUtils.java:logGet(46)) - raft.server.write.follower.gap.ratio.max = -1.0 (default)
2023-03-09 15:00:26,230 [fb3fcbca-8ec0-4e2c-837f-292e7e68a1b5@group-E7B04A6F140E-LeaderElection33] INFO  impl.RoleInfo (RoleInfo.java:updateAndGet(139)) - fb3fcbca-8ec0-4e2c-837f-292e7e68a1b5: start fb3fcbca-8ec0-4e2c-837f-292e7e68a1b5@group-E7B04A6F140E-LeaderStateImpl
2023-03-09 15:00:26,230 [fb3fcbca-8ec0-4e2c-837f-292e7e68a1b5@group-E7B04A6F140E-LeaderElection33] INFO  segmented.SegmentedRaftLogWorker (SegmentedRaftLogWorker.java:startLogSegment(452)) - fb3fcbca-8ec0-4e2c-837f-292e7e68a1b5@group-E7B04A6F140E-SegmentedRaftLogWorker: Starting segment from index:0
2023-03-09 15:00:26,231 [fb3fcbca-8ec0-4e2c-837f-292e7e68a1b5@group-E7B04A6F140E-LeaderElection33] INFO  server.RaftServer$Division (ServerState.java:setRaftConf(430)) - fb3fcbca-8ec0-4e2c-837f-292e7e68a1b5@group-E7B04A6F140E: set configuration 0: peers:[fb3fcbca-8ec0-4e2c-837f-292e7e68a1b5|rpc:localhost:37003|admin:|client:|dataStream:|priority:0|startupRole:FOLLOWER]|listeners:[], old=null
2023-03-09 15:00:26,242 [fb3fcbca-8ec0-4e2c-837f-292e7e68a1b5@group-E7B04A6F140E-SegmentedRaftLogWorker] INFO  segmented.SegmentedRaftLogWorker (SegmentedRaftLogWorker.java:execute(656)) - fb3fcbca-8ec0-4e2c-837f-292e7e68a1b5@group-E7B04A6F140E-SegmentedRaftLogWorker: created new log segment /home/runner/work/ozone/ozone/hadoop-ozone/integration-test/target/test-dir/MiniOzoneClusterImpl-4e7c95cc-71c1-4f0b-a9e9-e7b04a6f140e/scmNode-1/scm-ha/4e7c95cc-71c1-4f0b-a9e9-e7b04a6f140e/current/log_inprogress_0
2023-03-09 15:00:26,633 [EndpointStateMachine task thread for /127.0.0.1:40177 - 0 ] INFO  ipc.Client (Client.java:handleConnectionFailure(1010)) - Retrying connect to server: localhost/127.0.0.1:40177. Already tried 11 time(s); retry policy is RetryUpToMaximumCountWithFixedSleep(maxRetries=15, sleepTime=1000 MILLISECONDS)
2023-03-09 15:00:26,776 [EndpointStateMachine task thread for /127.0.0.1:36681 - 0 ] INFO  ipc.Client (Client.java:handleConnectionFailure(1010)) - Retrying connect to server: localhost/127.0.0.1:36681. Already tried 11 time(s); retry policy is RetryUpToMaximumCountWithFixedSleep(maxRetries=15, sleepTime=1000 MILLISECONDS)
2023-03-09 15:00:27,053 [Listener at 127.0.0.1/46083] INFO  server.RaftServer (RaftServerProxy.java:lambda$close$6(409)) - fb3fcbca-8ec0-4e2c-837f-292e7e68a1b5: close
2023-03-09 15:00:27,054 [Listener at 127.0.0.1/46083] INFO  server.GrpcService (GrpcService.java:closeImpl(271)) - fb3fcbca-8ec0-4e2c-837f-292e7e68a1b5: shutdown server GrpcServerProtocolService now
2023-03-09 15:00:27,054 [Listener at 127.0.0.1/46083] INFO  server.GrpcService (GrpcService.java:closeImpl(280)) - fb3fcbca-8ec0-4e2c-837f-292e7e68a1b5: shutdown server GrpcServerProtocolService successfully
2023-03-09 15:00:27,054 [fb3fcbca-8ec0-4e2c-837f-292e7e68a1b5-impl-thread1] INFO  server.RaftServer$Division (RaftServerImpl.java:lambda$close$4(458)) - fb3fcbca-8ec0-4e2c-837f-292e7e68a1b5@group-E7B04A6F140E: shutdown
2023-03-09 15:00:27,055 [fb3fcbca-8ec0-4e2c-837f-292e7e68a1b5-impl-thread1] INFO  util.JmxRegister (JmxRegister.java:unregister(73)) - Successfully un-registered JMX Bean with object name Ratis:service=RaftServer,group=group-E7B04A6F140E,id=fb3fcbca-8ec0-4e2c-837f-292e7e68a1b5
2023-03-09 15:00:27,055 [fb3fcbca-8ec0-4e2c-837f-292e7e68a1b5-impl-thread1] INFO  impl.RoleInfo (RoleInfo.java:shutdownLeaderState(93)) - fb3fcbca-8ec0-4e2c-837f-292e7e68a1b5: shutdown fb3fcbca-8ec0-4e2c-837f-292e7e68a1b5@group-E7B04A6F140E-LeaderStateImpl
2023-03-09 15:00:27,055 [fb3fcbca-8ec0-4e2c-837f-292e7e68a1b5-impl-thread1] INFO  impl.PendingRequests (PendingRequests.java:sendNotLeaderResponses(282)) - fb3fcbca-8ec0-4e2c-837f-292e7e68a1b5@group-E7B04A6F140E-PendingRequests: sendNotLeaderResponses
2023-03-09 15:00:27,055 [fb3fcbca-8ec0-4e2c-837f-292e7e68a1b5-impl-thread1] INFO  impl.StateMachineUpdater (StateMachineUpdater.java:stopAndJoin(153)) - fb3fcbca-8ec0-4e2c-837f-292e7e68a1b5@group-E7B04A6F140E-StateMachineUpdater: set stopIndex = 0
2023-03-09 15:00:27,055 [fb3fcbca-8ec0-4e2c-837f-292e7e68a1b5@group-E7B04A6F140E-StateMachineUpdater] INFO  impl.StateMachineUpdater (StateMachineUpdater.java:takeSnapshot(287)) - fb3fcbca-8ec0-4e2c-837f-292e7e68a1b5@group-E7B04A6F140E-StateMachineUpdater: Took a snapshot at index 0
2023-03-09 15:00:27,055 [fb3fcbca-8ec0-4e2c-837f-292e7e68a1b5@group-E7B04A6F140E-StateMachineUpdater] INFO  impl.StateMachineUpdater (StateMachineUpdater.java:lambda$new$0(92)) - fb3fcbca-8ec0-4e2c-837f-292e7e68a1b5@group-E7B04A6F140E-StateMachineUpdater: snapshotIndex: updateIncreasingly -1 -> 0
2023-03-09 15:00:27,056 [fb3fcbca-8ec0-4e2c-837f-292e7e68a1b5-impl-thread1] INFO  server.RaftServer$Division (ServerState.java:close(466)) - fb3fcbca-8ec0-4e2c-837f-292e7e68a1b5@group-E7B04A6F140E: closes. applyIndex: 0
2023-03-09 15:00:27,056 [fb3fcbca-8ec0-4e2c-837f-292e7e68a1b5@group-E7B04A6F140E-SegmentedRaftLogWorker] INFO  segmented.SegmentedRaftLogWorker (SegmentedRaftLogWorker.java:run(347)) - fb3fcbca-8ec0-4e2c-837f-292e7e68a1b5@group-E7B04A6F140E-SegmentedRaftLogWorker was interrupted, exiting. There are 0 tasks remaining in the queue.
2023-03-09 15:00:27,058 [fb3fcbca-8ec0-4e2c-837f-292e7e68a1b5-impl-thread1] INFO  segmented.SegmentedRaftLogWorker (SegmentedRaftLogWorker.java:close(257)) - fb3fcbca-8ec0-4e2c-837f-292e7e68a1b5@group-E7B04A6F140E-SegmentedRaftLogWorker close()
2023-03-09 15:00:27,059 [JvmPauseMonitor22] INFO  util.JvmPauseMonitor (JvmPauseMonitor.java:run(111)) - JvmPauseMonitor-fb3fcbca-8ec0-4e2c-837f-292e7e68a1b5: Stopped
2023-03-09 15:00:27,059 [Listener at 127.0.0.1/46083] WARN  server.ServerUtils (ServerUtils.java:getScmDbDir(148)) - ozone.scm.db.dirs is not configured. We recommend adding this setting. Falling back to ozone.metadata.dirs instead.
2023-03-09 15:00:27,061 [Listener at 127.0.0.1/46083] INFO  server.StorageContainerManager (StorageContainerManager.java:scmInit(1244)) - SCM initialization succeeded. Current cluster id for sd=/home/runner/work/ozone/ozone/hadoop-ozone/integration-test/target/test-dir/MiniOzoneClusterImpl-4e7c95cc-71c1-4f0b-a9e9-e7b04a6f140e/scmNode-1/scm; cid=4e7c95cc-71c1-4f0b-a9e9-e7b04a6f140e; layoutVersion=4; scmId=fb3fcbca-8ec0-4e2c-837f-292e7e68a1b5
2023-03-09 15:00:27,062 [Listener at 127.0.0.1/46083] WARN  server.ServerUtils (ServerUtils.java:getScmDbDir(148)) - ozone.scm.db.dirs is not configured. We recommend adding this setting. Falling back to ozone.metadata.dirs instead.
2023-03-09 15:00:27,062 [Listener at 127.0.0.1/46083] INFO  ha.SCMHANodeDetails (SCMHANodeDetails.java:loadSCMHAConfig(209)) - ServiceID for StorageContainerManager is scmServiceId
2023-03-09 15:00:27,062 [Listener at 127.0.0.1/46083] INFO  ha.SCMHANodeDetails (SCMHANodeDetails.java:loadSCMHAConfig(220)) - ServiceID for StorageContainerManager is scmServiceId
2023-03-09 15:00:27,062 [Listener at 127.0.0.1/46083] INFO  ha.SCMHANodeDetails (SCMHANodeDetails.java:loadSCMHAConfig(307)) - Found matching SCM address with SCMServiceId: scmServiceId, SCMNodeId: scmNode-1, RPC Address: localhost:37003 and Ratis port: 37003
2023-03-09 15:00:27,063 [Listener at 127.0.0.1/46083] INFO  ha.SCMHANodeDetails (ConfUtils.java:setNodeSpecificConfigs(97)) - Setting configuration key ozone.scm.datanode.address with value of key ozone.scm.datanode.address.scmServiceId.scmNode-1: 127.0.0.1:43747
2023-03-09 15:00:27,063 [Listener at 127.0.0.1/46083] INFO  ha.SCMHANodeDetails (ConfUtils.java:setNodeSpecificConfigs(97)) - Setting configuration key ozone.scm.block.client.address with value of key ozone.scm.block.client.address.scmServiceId.scmNode-1: 127.0.0.1:39279
2023-03-09 15:00:27,063 [Listener at 127.0.0.1/46083] INFO  ha.SCMHANodeDetails (ConfUtils.java:setNodeSpecificConfigs(97)) - Setting configuration key ozone.scm.client.address with value of key ozone.scm.client.address.scmServiceId.scmNode-1: 127.0.0.1:44393
2023-03-09 15:00:27,063 [Listener at 127.0.0.1/46083] INFO  ha.SCMHANodeDetails (ConfUtils.java:setNodeSpecificConfigs(97)) - Setting configuration key ozone.scm.ratis.port with value of key ozone.scm.ratis.port.scmServiceId.scmNode-1: 37003
2023-03-09 15:00:27,063 [Listener at 127.0.0.1/46083] INFO  ha.SCMHANodeDetails (ConfUtils.java:setNodeSpecificConfigs(97)) - Setting configuration key ozone.scm.grpc.port with value of key ozone.scm.grpc.port.scmServiceId.scmNode-1: 35371
2023-03-09 15:00:27,063 [Listener at 127.0.0.1/46083] INFO  ha.SCMHANodeDetails (ConfUtils.java:setNodeSpecificConfigs(97)) - Setting configuration key ozone.scm.http-address with value of key ozone.scm.http-address.scmServiceId.scmNode-1: 127.0.0.1:46585
2023-03-09 15:00:27,063 [Listener at 127.0.0.1/46083] INFO  ha.SCMHANodeDetails (ConfUtils.java:setNodeSpecificConfigs(97)) - Setting configuration key ozone.scm.https-address with value of key ozone.scm.https-address.scmServiceId.scmNode-1: 127.0.0.1:46455
2023-03-09 15:00:27,064 [Listener at 127.0.0.1/46083] INFO  ha.SCMHANodeDetails (ConfUtils.java:setNodeSpecificConfigs(97)) - Setting configuration key ozone.scm.address with value of key ozone.scm.address.scmServiceId.scmNode-1: 127.0.0.1
2023-03-09 15:00:27,064 [Listener at 127.0.0.1/46083] WARN  scm.ScmUtils (ScmUtils.java:logWarn(190)) - ConfigKey ozone.scm.block.client.address is deprecated, For configuring different ports for each SCM use PortConfigKey ozone.scm.block.client.port appended with serviceId and nodeId. If want to configure same port configure ozone.scm.block.client.port
2023-03-09 15:00:27,064 [Listener at 127.0.0.1/46083] WARN  scm.ScmUtils (ScmUtils.java:logWarn(190)) - ConfigKey ozone.scm.client.address is deprecated, For configuring different ports for each SCM use PortConfigKey ozone.scm.client.port appended with serviceId and nodeId. If want to configure same port configure ozone.scm.client.port
2023-03-09 15:00:27,064 [Listener at 127.0.0.1/46083] WARN  scm.ScmUtils (ScmUtils.java:logWarn(190)) - ConfigKey ozone.scm.datanode.address is deprecated, For configuring different ports for each SCM use PortConfigKey ozone.scm.datanode.port appended with serviceId and nodeId. If want to configure same port configure ozone.scm.datanode.port
2023-03-09 15:00:27,064 [Listener at 127.0.0.1/46083] WARN  utils.HAUtils (HAUtils.java:getMetaDir(342)) - ozone.scm.db.dirs is not configured. We recommend adding this setting. Falling back to ozone.metadata.dirs instead.
2023-03-09 15:00:27,065 [Listener at 127.0.0.1/46083] WARN  db.DBStoreBuilder (DBStoreBuilder.java:applyDBDefinition(172)) - ozone.scm.db.dirs is not configured. We recommend adding this setting. Falling back to ozone.metadata.dirs instead.
2023-03-09 15:00:27,199 [Listener at 127.0.0.1/46083] INFO  net.NodeSchemaLoader (NodeSchemaLoader.java:loadSchemaFromFile(129)) - Loading schema from [jar:file:/home/runner/.m2/repository/org/apache/ozone/hdds-common/1.4.0-SNAPSHOT/hdds-common-1.4.0-SNAPSHOT.jar!/network-topology-default.xml]
2023-03-09 15:00:27,199 [Listener at 127.0.0.1/46083] INFO  net.NodeSchemaLoader (NodeSchemaLoader.java:loadSchema(176)) - Loading network topology layer schema file
2023-03-09 15:00:27,202 [Listener at 127.0.0.1/46083] INFO  ha.SCMRatisServerImpl (SCMRatisServerImpl.java:<init>(87)) - starting Raft server for scm:fb3fcbca-8ec0-4e2c-837f-292e7e68a1b5
2023-03-09 15:00:27,203 [Listener at 127.0.0.1/46083] INFO  server.RaftServer (ConfUtils.java:logGet(46)) - raft.rpc.type = GRPC (default)
2023-03-09 15:00:27,203 [Listener at 127.0.0.1/46083] INFO  grpc.GrpcConfigKeys (ConfUtils.java:logFallback(53)) - raft.grpc.admin.host = null (fallback to raft.grpc.server.host)
2023-03-09 15:00:27,203 [Listener at 127.0.0.1/46083] INFO  grpc.GrpcConfigKeys (ConfUtils.java:logFallback(53)) - raft.grpc.admin.port = 37003 (fallback to raft.grpc.server.port)
2023-03-09 15:00:27,204 [Listener at 127.0.0.1/46083] INFO  grpc.GrpcConfigKeys (ConfUtils.java:logFallback(53)) - raft.grpc.client.host = null (fallback to raft.grpc.server.host)
2023-03-09 15:00:27,204 [Listener at 127.0.0.1/46083] INFO  grpc.GrpcConfigKeys (ConfUtils.java:logFallback(53)) - raft.grpc.client.port = 37003 (fallback to raft.grpc.server.port)
2023-03-09 15:00:27,204 [Listener at 127.0.0.1/46083] INFO  grpc.GrpcConfigKeys (ConfUtils.java:logGet(46)) - raft.grpc.server.host = null (default)
2023-03-09 15:00:27,204 [Listener at 127.0.0.1/46083] INFO  grpc.GrpcConfigKeys (ConfUtils.java:logGet(46)) - raft.grpc.server.port = 37003 (custom)
2023-03-09 15:00:27,206 [Listener at 127.0.0.1/46083] INFO  server.GrpcService (ConfUtils.java:logGet(46)) - raft.grpc.message.size.max = 32m (=33554432) (custom)
2023-03-09 15:00:27,206 [Listener at 127.0.0.1/46083] INFO  server.RaftServerConfigKeys (ConfUtils.java:logGet(46)) - raft.server.log.appender.buffer.byte-limit = 33554432 (custom)
2023-03-09 15:00:27,206 [Listener at 127.0.0.1/46083] INFO  server.GrpcService (ConfUtils.java:logGet(46)) - raft.grpc.flow.control.window = 1MB (=1048576) (default)
2023-03-09 15:00:27,206 [Listener at 127.0.0.1/46083] INFO  server.RaftServerConfigKeys (ConfUtils.java:logGet(46)) - raft.server.rpc.request.timeout = 30000ms (custom)
2023-03-09 15:00:27,207 [Listener at 127.0.0.1/46083] INFO  grpc.GrpcConfigKeys (ConfUtils.java:logGet(46)) - raft.grpc.server.heartbeat.channel = true (default)
2023-03-09 15:00:27,207 [Listener at 127.0.0.1/46083] INFO  grpc.GrpcConfigKeys (ConfUtils.java:logGet(46)) - raft.grpc.server.async.request.thread.pool.cached = true (default)
2023-03-09 15:00:27,207 [Listener at 127.0.0.1/46083] INFO  grpc.GrpcConfigKeys (ConfUtils.java:logGet(46)) - raft.grpc.server.async.request.thread.pool.size = 32 (default)
2023-03-09 15:00:27,208 [Listener at 127.0.0.1/46083] INFO  impl.DataStreamServerImpl (ConfUtils.java:logGet(46)) - raft.datastream.type = DISABLED (default)
2023-03-09 15:00:27,209 [Listener at 127.0.0.1/46083] INFO  server.RaftServerConfigKeys (ConfUtils.java:logGet(46)) - raft.server.threadpool.proxy.cached = true (default)
2023-03-09 15:00:27,209 [Listener at 127.0.0.1/46083] INFO  server.RaftServerConfigKeys (ConfUtils.java:logGet(46)) - raft.server.threadpool.proxy.size = 0 (default)
2023-03-09 15:00:27,209 [Listener at 127.0.0.1/46083] INFO  server.RaftServerConfigKeys (ConfUtils.java:logGet(46)) - raft.server.rpc.slowness.timeout = 120000ms (custom)
2023-03-09 15:00:27,209 [Listener at 127.0.0.1/46083] INFO  server.RaftServerConfigKeys (ConfUtils.java:logGet(46)) - raft.server.leaderelection.leader.step-down.wait-time = 10s (default)
2023-03-09 15:00:27,209 [Listener at 127.0.0.1/46083] INFO  server.RaftServerConfigKeys (ConfUtils.java:logGet(46)) - raft.server.storage.dir = [/home/runner/work/ozone/ozone/hadoop-ozone/integration-test/target/test-dir/MiniOzoneClusterImpl-4e7c95cc-71c1-4f0b-a9e9-e7b04a6f140e/scmNode-1/scm-ha] (custom)
2023-03-09 15:00:27,210 [fb3fcbca-8ec0-4e2c-837f-292e7e68a1b5-impl-thread1] INFO  server.RaftServer (RaftServerProxy.java:initGroupDir(251)) - fb3fcbca-8ec0-4e2c-837f-292e7e68a1b5: found a subdirectory /home/runner/work/ozone/ozone/hadoop-ozone/integration-test/target/test-dir/MiniOzoneClusterImpl-4e7c95cc-71c1-4f0b-a9e9-e7b04a6f140e/scmNode-1/scm-ha/4e7c95cc-71c1-4f0b-a9e9-e7b04a6f140e
2023-03-09 15:00:27,210 [Listener at 127.0.0.1/46083] INFO  server.RaftServer (RaftServerProxy.java:addNew(96)) - fb3fcbca-8ec0-4e2c-837f-292e7e68a1b5: addNew group-E7B04A6F140E:[] returns group-E7B04A6F140E:java.util.concurrent.CompletableFuture@48011cc0[Not completed]
2023-03-09 15:00:27,211 [pool-635-thread-1] INFO  server.RaftServer$Division (RaftServerImpl.java:<init>(195)) - fb3fcbca-8ec0-4e2c-837f-292e7e68a1b5: new RaftServerImpl for group-E7B04A6F140E:[] with SCMStateMachine:uninitialized
2023-03-09 15:00:27,211 [pool-635-thread-1] INFO  server.RaftServerConfigKeys (ConfUtils.java:logGet(46)) - raft.server.rpc.timeout.min = 5000ms (custom)
2023-03-09 15:00:27,211 [pool-635-thread-1] INFO  server.RaftServerConfigKeys (ConfUtils.java:logGet(46)) - raft.server.rpc.timeout.max = 5200ms (custom)
2023-03-09 15:00:27,211 [pool-635-thread-1] INFO  server.RaftServerConfigKeys (ConfUtils.java:logGet(46)) - raft.server.rpc.sleep.time = 25ms (default)
2023-03-09 15:00:27,211 [pool-635-thread-1] INFO  server.RaftServerConfigKeys (ConfUtils.java:logGet(46)) - raft.server.rpc.slowness.timeout = 120000ms (custom)
2023-03-09 15:00:27,211 [pool-635-thread-1] INFO  server.RaftServerConfigKeys (ConfUtils.java:logGet(46)) - raft.server.leaderelection.leader.step-down.wait-time = 10s (default)
2023-03-09 15:00:27,211 [pool-635-thread-1] INFO  server.RaftServerConfigKeys (ConfUtils.java:logGet(46)) - raft.server.sleep.deviation.threshold = 300ms (default)
2023-03-09 15:00:27,211 [pool-635-thread-1] INFO  server.RaftServer$Division (ServerState.java:<init>(118)) - fb3fcbca-8ec0-4e2c-837f-292e7e68a1b5@group-E7B04A6F140E: ConfigurationManager, init=-1: peers:[]|listeners:[], old=null, confs=<EMPTY_MAP>
2023-03-09 15:00:27,214 [pool-635-thread-1] INFO  server.RaftServerConfigKeys (ConfUtils.java:logGet(46)) - raft.server.storage.dir = [/home/runner/work/ozone/ozone/hadoop-ozone/integration-test/target/test-dir/MiniOzoneClusterImpl-4e7c95cc-71c1-4f0b-a9e9-e7b04a6f140e/scmNode-1/scm-ha] (custom)
2023-03-09 15:00:27,214 [pool-635-thread-1] INFO  server.RaftServerConfigKeys (ConfUtils.java:logGet(46)) - raft.server.log.corruption.policy = EXCEPTION (default)
2023-03-09 15:00:27,218 [pool-635-thread-1] INFO  server.RaftServerConfigKeys (ConfUtils.java:logGet(46)) - raft.server.storage.free-space.min = 0MB (=0) (default)
2023-03-09 15:00:27,218 [pool-635-thread-1] INFO  server.RaftServerConfigKeys (ConfUtils.java:logGet(46)) - raft.server.notification.no-leader.timeout = 60s (default)
2023-03-09 15:00:27,218 [pool-635-thread-1] INFO  server.RaftServerConfigKeys (ConfUtils.java:logGet(46)) - raft.server.retrycache.expirytime = 60000ms (default)
2023-03-09 15:00:27,218 [pool-635-thread-1] INFO  server.RaftServerConfigKeys (ConfUtils.java:logGet(46)) - raft.server.retrycache.statistics.expirytime = 100μs (default)
2023-03-09 15:00:27,219 [pool-635-thread-1] INFO  server.RaftServerConfigKeys (ConfUtils.java:logGet(46)) - raft.server.log.appender.install.snapshot.enabled = false (custom)
2023-03-09 15:00:27,219 [pool-635-thread-1] INFO  server.RaftServerConfigKeys (ConfUtils.java:logGet(46)) - raft.server.threadpool.server.cached = true (default)
2023-03-09 15:00:27,219 [pool-635-thread-1] INFO  server.RaftServerConfigKeys (ConfUtils.java:logGet(46)) - raft.server.threadpool.server.size = 0 (default)
2023-03-09 15:00:27,219 [pool-635-thread-1] INFO  server.RaftServerConfigKeys (ConfUtils.java:logGet(46)) - raft.server.threadpool.client.cached = true (default)
2023-03-09 15:00:27,219 [pool-635-thread-1] INFO  server.RaftServerConfigKeys (ConfUtils.java:logGet(46)) - raft.server.threadpool.client.size = 0 (default)
2023-03-09 15:00:27,221 [Listener at 127.0.0.1/46083] INFO  ha.SCMSnapshotProvider (SCMSnapshotProvider.java:<init>(66)) - Initializing SCM Snapshot Provider
2023-03-09 15:00:27,221 [Listener at 127.0.0.1/46083] WARN  server.ServerUtils (ServerUtils.java:getDefaultRatisDirectory(237)) - Storage directory for Ratis is not configured. It is a good idea to map this to an SSD disk. Falling back to ozone.metadata.dirs
2023-03-09 15:00:27,221 [Listener at 127.0.0.1/46083] WARN  ha.SCMHAUtils (SCMHAUtils.java:getSCMRatisSnapshotDirectory(153)) - SCM snapshot dir is not configured. Falling back to ozone.metadata.dirs config
2023-03-09 15:00:27,222 [Listener at 127.0.0.1/46083] INFO  upgrade.AbstractLayoutVersionManager (AbstractLayoutVersionManager.java:init(83)) - Initializing Layout version manager with metadata layout = DATANODE_SCHEMA_V3 (version = 4), software layout = DATANODE_SCHEMA_V3 (version = 4)
2023-03-09 15:00:27,270 [Listener at 127.0.0.1/46083] INFO  reflections.Reflections (Reflections.java:scan(232)) - Reflections took 46 ms to scan 7 urls, producing 154 keys and 367 values 
2023-03-09 15:00:27,272 [Listener at 127.0.0.1/46083] INFO  ha.SequenceIdGenerator (SequenceIdGenerator.java:upgradeToSequenceId(349)) - upgrade localId to 111677748019200000
2023-03-09 15:00:27,273 [Listener at 127.0.0.1/46083] INFO  ha.SequenceIdGenerator (SequenceIdGenerator.java:upgradeToSequenceId(359)) - upgrade delTxnId to 0
2023-03-09 15:00:27,273 [Listener at 127.0.0.1/46083] INFO  ha.SequenceIdGenerator (SequenceIdGenerator.java:upgradeToSequenceId(376)) - upgrade containerId to 0
2023-03-09 15:00:27,273 [Listener at 127.0.0.1/46083] INFO  ha.SequenceIdGenerator (SequenceIdGenerator.java:<init>(220)) - Init the HA SequenceIdGenerator.
2023-03-09 15:00:27,274 [Listener at 127.0.0.1/46083] INFO  node.SCMNodeManager (SCMNodeManager.java:<init>(156)) - Entering startup safe mode.
2023-03-09 15:00:27,274 [Listener at 127.0.0.1/46083] INFO  algorithms.ContainerPlacementPolicyFactory (ContainerPlacementPolicyFactory.java:getPolicyInternal(86)) - Create container placement policy of type org.apache.hadoop.hdds.scm.container.placement.algorithms.SCMContainerPlacementRandom
2023-03-09 15:00:27,275 [Listener at 127.0.0.1/46083] INFO  algorithms.ContainerPlacementPolicyFactory (ContainerPlacementPolicyFactory.java:getPolicyInternal(86)) - Create container placement policy of type org.apache.hadoop.hdds.scm.container.placement.algorithms.SCMContainerPlacementRackScatter
2023-03-09 15:00:27,275 [Listener at 127.0.0.1/46083] INFO  pipeline.PipelineStateManagerImpl (PipelineStateManagerImpl.java:initialize(78)) - No pipeline exists in current db
2023-03-09 15:00:27,275 [Listener at 127.0.0.1/46083] INFO  algorithms.LeaderChoosePolicyFactory (LeaderChoosePolicyFactory.java:getPolicy(57)) - Create leader choose policy of type org.apache.hadoop.hdds.scm.pipeline.leader.choose.algorithms.MinLeaderCountChoosePolicy
2023-03-09 15:00:27,275 [Listener at 127.0.0.1/46083] INFO  algorithms.ContainerPlacementPolicyFactory (ContainerPlacementPolicyFactory.java:getPolicyInternal(86)) - Create container placement policy of type org.apache.hadoop.hdds.scm.container.placement.algorithms.SCMContainerPlacementRackScatter
2023-03-09 15:00:27,276 [Listener at 127.0.0.1/46083] INFO  ha.SCMServiceManager (SCMServiceManager.java:register(42)) - Registering service BackgroundPipelineCreator.
2023-03-09 15:00:27,276 [Listener at 127.0.0.1/46083] INFO  pipeline.BackgroundPipelineCreator (BackgroundPipelineCreator.java:start(124)) - Starting RatisPipelineUtilsThread.
2023-03-09 15:00:27,277 [Listener at 127.0.0.1/46083] INFO  BackgroundPipelineScrubber (BackgroundSCMService.java:start(68)) - Starting BackgroundPipelineScrubber Service.
2023-03-09 15:00:27,277 [Listener at 127.0.0.1/46083] INFO  ha.SCMServiceManager (SCMServiceManager.java:register(42)) - Registering service BackgroundPipelineScrubber.
2023-03-09 15:00:27,277 [Listener at 127.0.0.1/46083] INFO  ExpiredContainerReplicaOpScrubber (BackgroundSCMService.java:start(68)) - Starting ExpiredContainerReplicaOpScrubber Service.
2023-03-09 15:00:27,278 [Listener at 127.0.0.1/46083] INFO  ha.SCMServiceManager (SCMServiceManager.java:register(42)) - Registering service ExpiredContainerReplicaOpScrubber.
2023-03-09 15:00:27,279 [Listener at 127.0.0.1/46083] INFO  algorithms.PipelineChoosePolicyFactory (PipelineChoosePolicyFactory.java:createPipelineChoosePolicyFromClass(73)) - Create pipeline choose policy of type org.apache.hadoop.hdds.scm.pipeline.choose.algorithms.RandomPipelineChoosePolicy
2023-03-09 15:00:27,280 [Listener at 127.0.0.1/46083] INFO  ha.SCMServiceManager (SCMServiceManager.java:register(42)) - Registering service SCMBlockDeletingService.
2023-03-09 15:00:27,281 [Listener at 127.0.0.1/46083] INFO  replication.ReplicationManager (ReplicationManager.java:start(267)) - Starting Replication Monitor Thread.
2023-03-09 15:00:27,281 [Listener at 127.0.0.1/46083] INFO  ha.SCMServiceManager (SCMServiceManager.java:register(42)) - Registering service ReplicationManager.
2023-03-09 15:00:27,282 [Listener at 127.0.0.1/46083] INFO  safemode.ContainerSafeModeRule (ContainerSafeModeRule.java:<init>(89)) - containers with one replica threshold count 0
2023-03-09 15:00:27,282 [Listener at 127.0.0.1/46083] INFO  safemode.HealthyPipelineSafeModeRule (HealthyPipelineSafeModeRule.java:initializeRule(169)) - Total pipeline count is 0, healthy pipeline threshold count is 1
2023-03-09 15:00:27,282 [Listener at 127.0.0.1/46083] INFO  safemode.OneReplicaPipelineSafeModeRule (OneReplicaPipelineSafeModeRule.java:initializeRule(180)) - Total pipeline count is 0, pipeline's with at least one datanode reported threshold count is 0
2023-03-09 15:00:27,283 [Listener at 127.0.0.1/46083] INFO  server.StorageContainerManager (StorageContainerManager.java:<init>(392)) - SCM start with adminUsers: [runner]
2023-03-09 15:00:27,283 [Listener at 127.0.0.1/46083] INFO  ipc.CallQueueManager (CallQueueManager.java:<init>(90)) - Using callQueue: class java.util.concurrent.LinkedBlockingQueue, queueCapacity: 10000, scheduler: class org.apache.hadoop.ipc.DefaultRpcScheduler, ipcBackoff: false.
2023-03-09 15:00:27,292 [ReplicationMonitor] INFO  replication.ReplicationManager (ReplicationManager.java:processAll(342)) - Replication Manager is not ready to run until 300000ms after safemode exit
2023-03-09 15:00:27,293 [Socket Reader #1 for port 43747] INFO  ipc.Server (Server.java:run(1273)) - Starting Socket Reader #1 for port 43747
2023-03-09 15:00:27,294 [Listener at 0.0.0.0/43747] INFO  ipc.CallQueueManager (CallQueueManager.java:<init>(90)) - Using callQueue: class java.util.concurrent.LinkedBlockingQueue, queueCapacity: 10000, scheduler: class org.apache.hadoop.ipc.DefaultRpcScheduler, ipcBackoff: false.
2023-03-09 15:00:27,296 [Socket Reader #1 for port 39279] INFO  ipc.Server (Server.java:run(1273)) - Starting Socket Reader #1 for port 39279
2023-03-09 15:00:27,296 [Listener at 0.0.0.0/39279] INFO  ipc.CallQueueManager (CallQueueManager.java:<init>(90)) - Using callQueue: class java.util.concurrent.LinkedBlockingQueue, queueCapacity: 10000, scheduler: class org.apache.hadoop.ipc.DefaultRpcScheduler, ipcBackoff: false.
2023-03-09 15:00:27,298 [Socket Reader #1 for port 44393] INFO  ipc.Server (Server.java:run(1273)) - Starting Socket Reader #1 for port 44393
2023-03-09 15:00:27,310 [Listener at 0.0.0.0/44393] INFO  ha.SCMServiceManager (SCMServiceManager.java:register(42)) - Registering service ContainerBalancer.
2023-03-09 15:00:27,310 [Listener at 0.0.0.0/44393] INFO  server.StorageContainerManager (StorageContainerManager.java:<init>(407)) - 
Container Balancer status:
Key                            Value
Running                        true
Container Balancer Configuration values:
Key                                                Value
Threshold                                          10
Max Datanodes to Involve per Iteration(percent)    20
Max Size to Move per Iteration                     500GB
Max Size Entering Target per Iteration             26GB
Max Size Leaving Source per Iteration              26GB

2023-03-09 15:00:27,310 [Listener at 0.0.0.0/44393] INFO  ha.SCMContext (SCMContext.java:updateSafeModeStatus(228)) - Update SafeModeStatus from SafeModeStatus{safeModeStatus=true, preCheckPassed=false} to SafeModeStatus{safeModeStatus=true, preCheckPassed=false}.
2023-03-09 15:00:27,311 [Listener at 0.0.0.0/44393] INFO  server.StorageContainerManager (StorageContainerManager.java:start(1437)) - StorageContainerLocationProtocol RPC server is listening at /0.0.0.0:44393
2023-03-09 15:00:27,311 [Listener at 0.0.0.0/44393] INFO  ha.SCMRatisServerImpl (SCMRatisServerImpl.java:start(178)) - starting ratis server 0.0.0.0:37003
2023-03-09 15:00:27,313 [fb3fcbca-8ec0-4e2c-837f-292e7e68a1b5-impl-thread1] INFO  storage.RaftStorageDirectory (RaftStorageDirectoryImpl.java:tryLock(231)) - Lock on /home/runner/work/ozone/ozone/hadoop-ozone/integration-test/target/test-dir/MiniOzoneClusterImpl-4e7c95cc-71c1-4f0b-a9e9-e7b04a6f140e/scmNode-1/scm-ha/4e7c95cc-71c1-4f0b-a9e9-e7b04a6f140e/in_use.lock acquired by nodename 57158@fv-az377-502
2023-03-09 15:00:27,314 [fb3fcbca-8ec0-4e2c-837f-292e7e68a1b5-impl-thread1] INFO  storage.RaftStorage (RaftStorageImpl.java:analyzeAndRecoverStorage(117)) - Read RaftStorageMetadata{term=1, votedFor=fb3fcbca-8ec0-4e2c-837f-292e7e68a1b5} from /home/runner/work/ozone/ozone/hadoop-ozone/integration-test/target/test-dir/MiniOzoneClusterImpl-4e7c95cc-71c1-4f0b-a9e9-e7b04a6f140e/scmNode-1/scm-ha/4e7c95cc-71c1-4f0b-a9e9-e7b04a6f140e/current/raft-meta
2023-03-09 15:00:27,314 [fb3fcbca-8ec0-4e2c-837f-292e7e68a1b5-impl-thread1] INFO  server.RaftServer$Division (ServerState.java:setRaftConf(430)) - fb3fcbca-8ec0-4e2c-837f-292e7e68a1b5@group-E7B04A6F140E: set configuration 0: peers:[fb3fcbca-8ec0-4e2c-837f-292e7e68a1b5|rpc:localhost:37003|admin:|client:|dataStream:|priority:0|startupRole:FOLLOWER]|listeners:[], old=null
2023-03-09 15:00:27,315 [fb3fcbca-8ec0-4e2c-837f-292e7e68a1b5-impl-thread1] INFO  server.RaftServerConfigKeys (ConfUtils.java:logGet(46)) - raft.server.log.use.memory = false (default)
2023-03-09 15:00:27,315 [fb3fcbca-8ec0-4e2c-837f-292e7e68a1b5-impl-thread1] INFO  server.RaftServerConfigKeys (ConfUtils.java:logGet(46)) - raft.server.log.purge.gap = 1000000 (custom)
2023-03-09 15:00:27,315 [fb3fcbca-8ec0-4e2c-837f-292e7e68a1b5-impl-thread1] INFO  server.RaftServerConfigKeys (ConfUtils.java:logGet(46)) - raft.server.log.appender.buffer.byte-limit = 33554432 (custom)
2023-03-09 15:00:27,315 [fb3fcbca-8ec0-4e2c-837f-292e7e68a1b5-impl-thread1] INFO  server.RaftServerConfigKeys (ConfUtils.java:logGet(46)) - raft.server.log.statemachine.data.read.timeout = 1000ms (default)
2023-03-09 15:00:27,315 [fb3fcbca-8ec0-4e2c-837f-292e7e68a1b5-impl-thread1] INFO  server.RaftServerConfigKeys (ConfUtils.java:logGet(46)) - raft.server.log.purge.preservation.log.num = 0 (default)
2023-03-09 15:00:27,315 [fb3fcbca-8ec0-4e2c-837f-292e7e68a1b5-impl-thread1] INFO  server.RaftServerConfigKeys (ConfUtils.java:logGet(46)) - raft.server.log.segment.size.max = 4194304 (custom)
2023-03-09 15:00:27,315 [fb3fcbca-8ec0-4e2c-837f-292e7e68a1b5-impl-thread1] INFO  server.RaftServerConfigKeys (ConfUtils.java:logGet(46)) - raft.server.log.segment.cache.num.max = 2 (custom)
2023-03-09 15:00:27,315 [fb3fcbca-8ec0-4e2c-837f-292e7e68a1b5-impl-thread1] INFO  server.RaftServerConfigKeys (ConfUtils.java:logGet(46)) - raft.server.log.segment.cache.size.max = 200MB (=209715200) (default)
2023-03-09 15:00:27,315 [fb3fcbca-8ec0-4e2c-837f-292e7e68a1b5-impl-thread1] INFO  segmented.SegmentedRaftLogWorker (SegmentedRaftLogWorker.java:<init>(189)) - new fb3fcbca-8ec0-4e2c-837f-292e7e68a1b5@group-E7B04A6F140E-SegmentedRaftLogWorker for RaftStorageImpl:Storage Directory /home/runner/work/ozone/ozone/hadoop-ozone/integration-test/target/test-dir/MiniOzoneClusterImpl-4e7c95cc-71c1-4f0b-a9e9-e7b04a6f140e/scmNode-1/scm-ha/4e7c95cc-71c1-4f0b-a9e9-e7b04a6f140e
2023-03-09 15:00:27,315 [fb3fcbca-8ec0-4e2c-837f-292e7e68a1b5-impl-thread1] INFO  server.RaftServerConfigKeys (ConfUtils.java:logGet(46)) - raft.server.log.queue.byte-limit = 64MB (=67108864) (default)
2023-03-09 15:00:27,315 [fb3fcbca-8ec0-4e2c-837f-292e7e68a1b5-impl-thread1] INFO  server.RaftServerConfigKeys (ConfUtils.java:logGet(46)) - raft.server.log.queue.element-limit = 4096 (default)
2023-03-09 15:00:27,316 [fb3fcbca-8ec0-4e2c-837f-292e7e68a1b5-impl-thread1] INFO  server.RaftServerConfigKeys (ConfUtils.java:logGet(46)) - raft.server.log.segment.size.max = 4194304 (custom)
2023-03-09 15:00:27,316 [fb3fcbca-8ec0-4e2c-837f-292e7e68a1b5-impl-thread1] INFO  server.RaftServerConfigKeys (ConfUtils.java:logGet(46)) - raft.server.log.preallocated.size = 4194304 (custom)
2023-03-09 15:00:27,316 [fb3fcbca-8ec0-4e2c-837f-292e7e68a1b5-impl-thread1] INFO  server.RaftServerConfigKeys (ConfUtils.java:logGet(46)) - raft.server.log.force.sync.num = 128 (default)
2023-03-09 15:00:27,316 [fb3fcbca-8ec0-4e2c-837f-292e7e68a1b5-impl-thread1] INFO  server.RaftServerConfigKeys (ConfUtils.java:logGet(46)) - raft.server.log.statemachine.data.sync = true (default)
2023-03-09 15:00:27,316 [fb3fcbca-8ec0-4e2c-837f-292e7e68a1b5-impl-thread1] INFO  server.RaftServerConfigKeys (ConfUtils.java:logGet(46)) - raft.server.log.statemachine.data.sync.timeout = 10s (default)
2023-03-09 15:00:27,316 [fb3fcbca-8ec0-4e2c-837f-292e7e68a1b5-impl-thread1] INFO  server.RaftServerConfigKeys (ConfUtils.java:logGet(46)) - raft.server.log.statemachine.data.sync.timeout.retry = -1 (default)
2023-03-09 15:00:27,316 [fb3fcbca-8ec0-4e2c-837f-292e7e68a1b5-impl-thread1] INFO  server.RaftServerConfigKeys (ConfUtils.java:logGet(46)) - raft.server.log.write.buffer.size = 64KB (=65536) (default)
2023-03-09 15:00:27,316 [fb3fcbca-8ec0-4e2c-837f-292e7e68a1b5-impl-thread1] INFO  server.RaftServerConfigKeys (ConfUtils.java:logGet(46)) - raft.server.log.appender.buffer.byte-limit = 33554432 (custom)
2023-03-09 15:00:27,323 [fb3fcbca-8ec0-4e2c-837f-292e7e68a1b5-impl-thread1] INFO  server.RaftServerConfigKeys (ConfUtils.java:logGet(46)) - raft.server.log.unsafe-flush.enabled = false (default)
2023-03-09 15:00:27,323 [fb3fcbca-8ec0-4e2c-837f-292e7e68a1b5-impl-thread1] INFO  server.RaftServerConfigKeys (ConfUtils.java:logGet(46)) - raft.server.log.async-flush.enabled = false (default)
2023-03-09 15:00:27,323 [fb3fcbca-8ec0-4e2c-837f-292e7e68a1b5-impl-thread1] INFO  server.RaftServerConfigKeys (ConfUtils.java:logGet(46)) - raft.server.log.statemachine.data.caching.enabled = false (default)
2023-03-09 15:00:27,324 [fb3fcbca-8ec0-4e2c-837f-292e7e68a1b5-impl-thread1] INFO  server.RaftServer$Division (ServerState.java:setRaftConf(430)) - fb3fcbca-8ec0-4e2c-837f-292e7e68a1b5@group-E7B04A6F140E: set configuration 0: peers:[fb3fcbca-8ec0-4e2c-837f-292e7e68a1b5|rpc:localhost:37003|admin:|client:|dataStream:|priority:0|startupRole:FOLLOWER]|listeners:[], old=null
2023-03-09 15:00:27,324 [fb3fcbca-8ec0-4e2c-837f-292e7e68a1b5-impl-thread1] INFO  segmented.LogSegment (LogSegment.java:loadSegment(173)) - Successfully read 1 entries from segment file /home/runner/work/ozone/ozone/hadoop-ozone/integration-test/target/test-dir/MiniOzoneClusterImpl-4e7c95cc-71c1-4f0b-a9e9-e7b04a6f140e/scmNode-1/scm-ha/4e7c95cc-71c1-4f0b-a9e9-e7b04a6f140e/current/log_inprogress_0
2023-03-09 15:00:27,324 [fb3fcbca-8ec0-4e2c-837f-292e7e68a1b5-impl-thread1] INFO  segmented.SegmentedRaftLogWorker (SegmentedRaftLogWorker.java:lambda$new$0(135)) - fb3fcbca-8ec0-4e2c-837f-292e7e68a1b5@group-E7B04A6F140E-SegmentedRaftLogWorker: flushIndex: setUnconditionally 0 -> 0
2023-03-09 15:00:27,324 [fb3fcbca-8ec0-4e2c-837f-292e7e68a1b5-impl-thread1] INFO  segmented.SegmentedRaftLogWorker (SegmentedRaftLogWorker.java:lambda$new$0(135)) - fb3fcbca-8ec0-4e2c-837f-292e7e68a1b5@group-E7B04A6F140E-SegmentedRaftLogWorker: safeCacheEvictIndex: setUnconditionally 0 -> -1
2023-03-09 15:00:27,326 [fb3fcbca-8ec0-4e2c-837f-292e7e68a1b5-impl-thread1] INFO  server.RaftServer$Division (RaftServerImpl.java:start(334)) - fb3fcbca-8ec0-4e2c-837f-292e7e68a1b5@group-E7B04A6F140E: start as a follower, conf=0: peers:[fb3fcbca-8ec0-4e2c-837f-292e7e68a1b5|rpc:localhost:37003|admin:|client:|dataStream:|priority:0|startupRole:FOLLOWER]|listeners:[], old=null
2023-03-09 15:00:27,326 [fb3fcbca-8ec0-4e2c-837f-292e7e68a1b5-impl-thread1] INFO  server.RaftServer$Division (RaftServerImpl.java:setRole(321)) - fb3fcbca-8ec0-4e2c-837f-292e7e68a1b5@group-E7B04A6F140E: changes role from      null to FOLLOWER at term 1 for startAsFollower
2023-03-09 15:00:27,326 [fb3fcbca-8ec0-4e2c-837f-292e7e68a1b5-impl-thread1] INFO  impl.RoleInfo (RoleInfo.java:updateAndGet(139)) - fb3fcbca-8ec0-4e2c-837f-292e7e68a1b5: start fb3fcbca-8ec0-4e2c-837f-292e7e68a1b5@group-E7B04A6F140E-FollowerState
2023-03-09 15:00:27,334 [fb3fcbca-8ec0-4e2c-837f-292e7e68a1b5-impl-thread1] INFO  util.JmxRegister (JmxRegister.java:tryRegister(44)) - Successfully registered JMX Bean with object name Ratis:service=RaftServer,group=group-E7B04A6F140E,id=fb3fcbca-8ec0-4e2c-837f-292e7e68a1b5
2023-03-09 15:00:27,334 [fb3fcbca-8ec0-4e2c-837f-292e7e68a1b5@group-E7B04A6F140E-FollowerState] INFO  server.RaftServerConfigKeys (ConfUtils.java:logFallback(53)) - raft.server.rpc.first-election.timeout.min = 5000ms (fallback to raft.server.rpc.timeout.min)
2023-03-09 15:00:27,334 [fb3fcbca-8ec0-4e2c-837f-292e7e68a1b5-impl-thread1] INFO  server.RaftServerConfigKeys (ConfUtils.java:logGet(46)) - raft.server.snapshot.auto.trigger.enabled = true (custom)
2023-03-09 15:00:27,334 [fb3fcbca-8ec0-4e2c-837f-292e7e68a1b5@group-E7B04A6F140E-FollowerState] INFO  server.RaftServerConfigKeys (ConfUtils.java:logFallback(53)) - raft.server.rpc.first-election.timeout.max = 5200ms (fallback to raft.server.rpc.timeout.max)
2023-03-09 15:00:27,334 [fb3fcbca-8ec0-4e2c-837f-292e7e68a1b5-impl-thread1] INFO  server.RaftServerConfigKeys (ConfUtils.java:logGet(46)) - raft.server.snapshot.auto.trigger.threshold = 1000 (custom)
2023-03-09 15:00:27,334 [fb3fcbca-8ec0-4e2c-837f-292e7e68a1b5-impl-thread1] INFO  server.RaftServerConfigKeys (ConfUtils.java:logGet(46)) - raft.server.snapshot.retention.file.num = -1 (default)
2023-03-09 15:00:27,334 [fb3fcbca-8ec0-4e2c-837f-292e7e68a1b5-impl-thread1] INFO  server.RaftServerConfigKeys (ConfUtils.java:logGet(46)) - raft.server.log.purge.upto.snapshot.index = false (default)
2023-03-09 15:00:27,335 [Listener at 0.0.0.0/44393] INFO  server.RaftServer (RaftServerProxy.java:startImpl(393)) - fb3fcbca-8ec0-4e2c-837f-292e7e68a1b5: start RPC server
2023-03-09 15:00:27,337 [Listener at 0.0.0.0/44393] INFO  server.GrpcService (GrpcService.java:startImpl(262)) - fb3fcbca-8ec0-4e2c-837f-292e7e68a1b5: GrpcService started, listening on 37003
2023-03-09 15:00:27,338 [Listener at 0.0.0.0/44393] INFO  ha.SCMHAManagerImpl (SCMHAManagerImpl.java:start(121)) -  scm role is FOLLOWER peers [fb3fcbca-8ec0-4e2c-837f-292e7e68a1b5|rpc:localhost:37003|admin:|client:|dataStream:|priority:0|startupRole:FOLLOWER]
2023-03-09 15:00:27,338 [Listener at 0.0.0.0/44393] INFO  ha.InterSCMGrpcService (InterSCMGrpcProtocolService.java:start(94)) - Starting SCM Grpc Service at port 35371
2023-03-09 15:00:27,344 [JvmPauseMonitor23] INFO  util.JvmPauseMonitor (JvmPauseMonitor.java:run(105)) - JvmPauseMonitor-fb3fcbca-8ec0-4e2c-837f-292e7e68a1b5: Started
2023-03-09 15:00:27,346 [Listener at 0.0.0.0/44393] WARN  impl.MetricsConfig (MetricsConfig.java:loadFirst(136)) - Cannot locate configuration: tried hadoop-metrics2-storagecontainermanager.properties,hadoop-metrics2.properties
2023-03-09 15:00:27,350 [Listener at 0.0.0.0/44393] INFO  impl.MetricsSystemImpl (MetricsSystemImpl.java:startTimer(378)) - Scheduled Metric snapshot period at 10 second(s).
2023-03-09 15:00:27,350 [Listener at 0.0.0.0/44393] INFO  impl.MetricsSystemImpl (MetricsSystemImpl.java:start(191)) - StorageContainerManager metrics system started
2023-03-09 15:00:27,354 [Listener at 0.0.0.0/44393] INFO  impl.MetricsSinkAdapter (MetricsSinkAdapter.java:start(204)) - Sink prometheus started
2023-03-09 15:00:27,354 [Listener at 0.0.0.0/44393] INFO  impl.MetricsSystemImpl (MetricsSystemImpl.java:registerSink(305)) - Registered sink prometheus
2023-03-09 15:00:27,376 [Listener at 0.0.0.0/44393] INFO  server.SCMClientProtocolServer (SCMClientProtocolServer.java:start(194)) - RPC server for Client  is listening at /0.0.0.0:44393
2023-03-09 15:00:27,377 [IPC Server Responder] INFO  ipc.Server (Server.java:run(1512)) - IPC Server Responder: starting
2023-03-09 15:00:27,378 [IPC Server listener on 44393] INFO  ipc.Server (Server.java:run(1352)) - IPC Server listener on 44393: starting
2023-03-09 15:00:27,393 [Listener at 0.0.0.0/44393] INFO  server.StorageContainerManager (StorageContainerManager.java:start(1451)) - ScmBlockLocationProtocol RPC server is listening at /0.0.0.0:39279
2023-03-09 15:00:27,393 [Listener at 0.0.0.0/44393] INFO  server.SCMBlockProtocolServer (SCMBlockProtocolServer.java:start(152)) - RPC server for Block Protocol is listening at /0.0.0.0:39279
2023-03-09 15:00:27,393 [IPC Server Responder] INFO  ipc.Server (Server.java:run(1512)) - IPC Server Responder: starting
2023-03-09 15:00:27,394 [IPC Server listener on 39279] INFO  ipc.Server (Server.java:run(1352)) - IPC Server listener on 39279: starting
2023-03-09 15:00:27,414 [Listener at 0.0.0.0/44393] INFO  http.BaseHttpServer (BaseHttpServer.java:newHttpServer2BuilderForOzone(224)) - Starting Web-server for scm at: http://0.0.0.0:46585
2023-03-09 15:00:27,415 [Listener at 0.0.0.0/44393] INFO  http.BaseHttpServer (BaseHttpServer.java:<init>(111)) - Hadoop Security Enabled: false Ozone Security Enabled: false Ozone HTTP Security Enabled: false 
2023-03-09 15:00:27,416 [org.apache.hadoop.util.JvmPauseMonitor$Monitor@77ac66f2] INFO  util.JvmPauseMonitor (JvmPauseMonitor.java:run(188)) - Starting JVM pause monitor
2023-03-09 15:00:27,419 [Listener at 0.0.0.0/44393] WARN  server.AuthenticationFilter (AuthenticationFilter.java:constructSecretProvider(240)) - Unable to initialize FileSignerSecretProvider, falling back to use random secrets. Reason: Could not read signature secret file: /home/runner/hadoop-http-auth-signature-secret
2023-03-09 15:00:27,420 [Listener at 0.0.0.0/44393] WARN  http.HttpRequestLog (HttpRequestLog.java:getRequestLog(103)) - Jetty request log can only be enabled using Log4j
2023-03-09 15:00:27,421 [Listener at 0.0.0.0/44393] INFO  http.HttpServer2 (HttpServer2.java:addGlobalFilter(1031)) - Added global filter 'safety' (class=org.apache.hadoop.hdds.server.http.HttpServer2$QuotingInputFilter)
2023-03-09 15:00:27,422 [Listener at 0.0.0.0/44393] INFO  http.HttpServer2 (HttpServer2.java:addFilter(1007)) - Added filter static_user_filter (class=org.apache.hadoop.http.lib.StaticUserWebFilter$StaticUserFilter) to context scm
2023-03-09 15:00:27,422 [Listener at 0.0.0.0/44393] INFO  http.HttpServer2 (HttpServer2.java:addFilter(1015)) - Added filter static_user_filter (class=org.apache.hadoop.http.lib.StaticUserWebFilter$StaticUserFilter) to context static
2023-03-09 15:00:27,422 [Listener at 0.0.0.0/44393] INFO  http.HttpServer2 (HttpServer2.java:addFilter(1015)) - Added filter static_user_filter (class=org.apache.hadoop.http.lib.StaticUserWebFilter$StaticUserFilter) to context logs
2023-03-09 15:00:27,423 [Listener at 0.0.0.0/44393] INFO  http.BaseHttpServer (BaseHttpServer.java:<init>(190)) - HTTP server of scm uses base directory /home/runner/work/ozone/ozone/hadoop-ozone/integration-test/target/test-dir/MiniOzoneClusterImpl-4e7c95cc-71c1-4f0b-a9e9-e7b04a6f140e/scmNode-1/webserver
2023-03-09 15:00:27,423 [Listener at 0.0.0.0/44393] INFO  http.HttpServer2 (HttpServer2.java:bindListener(1250)) - Jetty bound to port 46585
2023-03-09 15:00:27,423 [Listener at 0.0.0.0/44393] INFO  server.Server (Server.java:doStart(375)) - jetty-9.4.49.v20220914; built: 2022-09-14T01:07:36.601Z; git: 4231a3b2e4cb8548a412a789936d640a97b1aa0a; jvm 1.8.0_362-b09
2023-03-09 15:00:27,425 [Listener at 0.0.0.0/44393] INFO  server.session (DefaultSessionIdManager.java:doStart(334)) - DefaultSessionIdManager workerName=node0
2023-03-09 15:00:27,425 [Listener at 0.0.0.0/44393] INFO  server.session (DefaultSessionIdManager.java:doStart(339)) - No SessionScavenger set, using defaults
2023-03-09 15:00:27,431 [Listener at 0.0.0.0/44393] INFO  server.session (HouseKeeper.java:startScavenging(132)) - node0 Scavenging every 660000ms
2023-03-09 15:00:27,432 [Listener at 0.0.0.0/44393] INFO  handler.ContextHandler (ContextHandler.java:doStart(921)) - Started o.e.j.s.ServletContextHandler@18f054ff{logs,/logs,file:///home/runner/work/ozone/ozone/hadoop-ozone/integration-test/target/log,AVAILABLE}
2023-03-09 15:00:27,433 [Listener at 0.0.0.0/44393] INFO  handler.ContextHandler (ContextHandler.java:doStart(921)) - Started o.e.j.s.ServletContextHandler@8431d16{static,/static,file:///home/runner/work/ozone/ozone/hadoop-ozone/integration-test/target/test-classes/webapps/static,AVAILABLE}
2023-03-09 15:00:27,439 [Listener at 0.0.0.0/44393] INFO  handler.ContextHandler (ContextHandler.java:doStart(921)) - Started o.e.j.w.WebAppContext@8b92d12{scm,/,file:///home/runner/work/ozone/ozone/hadoop-ozone/integration-test/target/test-classes/webapps/scm/,AVAILABLE}{file:/home/runner/work/ozone/ozone/hadoop-ozone/integration-test/target/test-classes/webapps/scm}
2023-03-09 15:00:27,448 [Listener at 0.0.0.0/44393] INFO  server.AbstractConnector (AbstractConnector.java:doStart(333)) - Started ServerConnector@3350162f{HTTP/1.1, (http/1.1)}{0.0.0.0:46585}
2023-03-09 15:00:27,448 [Listener at 0.0.0.0/44393] INFO  server.Server (Server.java:doStart(415)) - Started @158102ms
2023-03-09 15:00:27,448 [Listener at 0.0.0.0/44393] WARN  impl.MetricsSystemImpl (MetricsSystemImpl.java:register(279)) - Sink prometheus already exists!
2023-03-09 15:00:27,450 [Listener at 0.0.0.0/44393] INFO  http.BaseHttpServer (BaseHttpServer.java:updateConnectorAddress(344)) - HTTP server of scm listening at http://0.0.0.0:46585
2023-03-09 15:00:27,450 [Listener at 0.0.0.0/44393] INFO  ozone.MiniOzoneHAClusterImpl (MiniOzoneHAClusterImpl.java:createSCMService(606)) - Started SCM RPC server at /0.0.0.0:44393
2023-03-09 15:00:27,451 [Listener at 0.0.0.0/44393] INFO  ha.OMHANodeDetails (OMHANodeDetails.java:loadOMHAConfig(121)) - ServiceID for OzoneManager is om-add-remove
2023-03-09 15:00:27,451 [Listener at 0.0.0.0/44393] INFO  ha.OMHANodeDetails (OMHANodeDetails.java:loadOMHAConfig(201)) - Found matching OM address with OMServiceId: om-add-remove, OMNodeId: omNode-1, RPC Address: localhost:40089 and Ratis port: 39609
2023-03-09 15:00:27,451 [Listener at 0.0.0.0/44393] INFO  ha.OMHANodeDetails (ConfUtils.java:setNodeSpecificConfigs(97)) - Setting configuration key ozone.om.http-address with value of key ozone.om.http-address.om-add-remove.omNode-1: 127.0.0.1:40913
2023-03-09 15:00:27,451 [Listener at 0.0.0.0/44393] INFO  ha.OMHANodeDetails (ConfUtils.java:setNodeSpecificConfigs(97)) - Setting configuration key ozone.om.https-address with value of key ozone.om.https-address.om-add-remove.omNode-1: 127.0.0.1:43573
2023-03-09 15:00:27,451 [Listener at 0.0.0.0/44393] INFO  ha.OMHANodeDetails (ConfUtils.java:setNodeSpecificConfigs(97)) - Setting configuration key ozone.om.address with value of key ozone.om.address.om-add-remove.omNode-1: 127.0.0.1:40089
2023-03-09 15:00:27,452 [Listener at 0.0.0.0/44393] WARN  server.ServerUtils (ServerUtils.java:getDBPath(225)) - ozone.om.db.dirs is not configured. We recommend adding this setting. Falling back to ozone.metadata.dirs instead.
2023-03-09 15:00:27,453 [Listener at 0.0.0.0/44393] INFO  ha.SCMNodeInfo (SCMNodeInfo.java:getPort(197)) - ConfigKey ozone.scm.client.address is deprecated, For configuring different ports for each SCM use PortConfigKey ozone.scm.client.port appended with serviceId and nodeId
2023-03-09 15:00:27,454 [Listener at 0.0.0.0/44393] INFO  ha.SCMNodeInfo (SCMNodeInfo.java:getPort(197)) - ConfigKey ozone.scm.block.client.address is deprecated, For configuring different ports for each SCM use PortConfigKey ozone.scm.block.client.port appended with serviceId and nodeId
2023-03-09 15:00:27,454 [Listener at 0.0.0.0/44393] INFO  ha.SCMNodeInfo (SCMNodeInfo.java:getPort(197)) - ConfigKey ozone.scm.datanode.address is deprecated, For configuring different ports for each SCM use PortConfigKey ozone.scm.datanode.port appended with serviceId and nodeId
2023-03-09 15:00:27,454 [Listener at 0.0.0.0/44393] INFO  proxy.SCMBlockLocationFailoverProxyProvider (SCMBlockLocationFailoverProxyProvider.java:<init>(114)) - Created block location fail-over proxy with 1 nodes: [nodeId=scmNode-1,nodeAddress=/127.0.0.1:39279]
2023-03-09 15:00:27,634 [EndpointStateMachine task thread for /127.0.0.1:40177 - 0 ] INFO  ipc.Client (Client.java:handleConnectionFailure(1010)) - Retrying connect to server: localhost/127.0.0.1:40177. Already tried 12 time(s); retry policy is RetryUpToMaximumCountWithFixedSleep(maxRetries=15, sleepTime=1000 MILLISECONDS)
2023-03-09 15:00:27,777 [EndpointStateMachine task thread for /127.0.0.1:36681 - 0 ] INFO  ipc.Client (Client.java:handleConnectionFailure(1010)) - Retrying connect to server: localhost/127.0.0.1:36681. Already tried 12 time(s); retry policy is RetryUpToMaximumCountWithFixedSleep(maxRetries=15, sleepTime=1000 MILLISECONDS)
2023-03-09 15:00:28,635 [EndpointStateMachine task thread for /127.0.0.1:40177 - 0 ] INFO  ipc.Client (Client.java:handleConnectionFailure(1010)) - Retrying connect to server: localhost/127.0.0.1:40177. Already tried 13 time(s); retry policy is RetryUpToMaximumCountWithFixedSleep(maxRetries=15, sleepTime=1000 MILLISECONDS)
2023-03-09 15:00:28,778 [EndpointStateMachine task thread for /127.0.0.1:36681 - 0 ] INFO  ipc.Client (Client.java:handleConnectionFailure(1010)) - Retrying connect to server: localhost/127.0.0.1:36681. Already tried 13 time(s); retry policy is RetryUpToMaximumCountWithFixedSleep(maxRetries=15, sleepTime=1000 MILLISECONDS)
2023-03-09 15:00:29,468 [Listener at 0.0.0.0/44393] INFO  retry.RetryInvocationHandler (RetryInvocationHandler.java:log(411)) - com.google.protobuf.ServiceException: org.apache.hadoop.ipc.RemoteException(org.apache.hadoop.hdds.ratis.ServerNotLeaderException): Server:fb3fcbca-8ec0-4e2c-837f-292e7e68a1b5 is not the leader. Could not determine the leader node.
	at org.apache.hadoop.hdds.ratis.ServerNotLeaderException.convertToNotLeaderException(ServerNotLeaderException.java:109)
	at org.apache.hadoop.hdds.scm.ha.RatisUtil.checkRatisException(RatisUtil.java:246)
	at org.apache.hadoop.hdds.scm.protocol.ScmBlockLocationProtocolServerSideTranslatorPB.send(ScmBlockLocationProtocolServerSideTranslatorPB.java:109)
	at org.apache.hadoop.hdds.protocol.proto.ScmBlockLocationProtocolProtos$ScmBlockLocationProtocolService$2.callBlockingMethod(ScmBlockLocationProtocolProtos.java:14220)
	at org.apache.hadoop.ipc.ProtobufRpcEngine$Server.processCall(ProtobufRpcEngine.java:465)
	at org.apache.hadoop.ipc.ProtobufRpcEngine2$Server$ProtoBufRpcInvoker.call(ProtobufRpcEngine2.java:578)
	at org.apache.hadoop.ipc.ProtobufRpcEngine2$Server$ProtoBufRpcInvoker.call(ProtobufRpcEngine2.java:556)
	at org.apache.hadoop.ipc.RPC$Server.call(RPC.java:1093)
	at org.apache.hadoop.ipc.Server$RpcCall.run(Server.java:1043)
	at org.apache.hadoop.ipc.Server$RpcCall.run(Server.java:971)
	at java.security.AccessController.doPrivileged(Native Method)
	at javax.security.auth.Subject.doAs(Subject.java:422)
	at org.apache.hadoop.security.UserGroupInformation.doAs(UserGroupInformation.java:1878)
	at org.apache.hadoop.ipc.Server$Handler.run(Server.java:2976)
, while invoking $Proxy46.send over nodeId=scmNode-1,nodeAddress=/127.0.0.1:39279 after 1 failover attempts. Trying to failover after sleeping for 2000ms.
2023-03-09 15:00:29,636 [EndpointStateMachine task thread for /127.0.0.1:40177 - 0 ] INFO  ipc.Client (Client.java:handleConnectionFailure(1010)) - Retrying connect to server: localhost/127.0.0.1:40177. Already tried 14 time(s); retry policy is RetryUpToMaximumCountWithFixedSleep(maxRetries=15, sleepTime=1000 MILLISECONDS)
2023-03-09 15:00:29,779 [EndpointStateMachine task thread for /127.0.0.1:36681 - 0 ] INFO  ipc.Client (Client.java:handleConnectionFailure(1010)) - Retrying connect to server: localhost/127.0.0.1:36681. Already tried 14 time(s); retry policy is RetryUpToMaximumCountWithFixedSleep(maxRetries=15, sleepTime=1000 MILLISECONDS)
2023-03-09 15:00:29,780 [EndpointStateMachine task thread for /127.0.0.1:36681 - 0 ] WARN  statemachine.EndpointStateMachine (EndpointStateMachine.java:logIfNeeded(242)) - Unable to communicate to SCM server at localhost:36681 for past 0 seconds.
java.net.ConnectException: Call From fv-az377-502/10.1.0.44 to localhost:36681 failed on connection exception: java.net.ConnectException: Connection refused; For more details see:  http://wiki.apache.org/hadoop/ConnectionRefused
	at sun.reflect.NativeConstructorAccessorImpl.newInstance0(Native Method)
	at sun.reflect.NativeConstructorAccessorImpl.newInstance(NativeConstructorAccessorImpl.java:62)
	at sun.reflect.DelegatingConstructorAccessorImpl.newInstance(DelegatingConstructorAccessorImpl.java:45)
	at java.lang.reflect.Constructor.newInstance(Constructor.java:423)
	at org.apache.hadoop.net.NetUtils.wrapWithMessage(NetUtils.java:913)
	at org.apache.hadoop.net.NetUtils.wrapException(NetUtils.java:828)
	at org.apache.hadoop.ipc.Client.getRpcResponse(Client.java:1616)
	at org.apache.hadoop.ipc.Client.call(Client.java:1558)
	at org.apache.hadoop.ipc.Client.call(Client.java:1455)
	at org.apache.hadoop.ipc.ProtobufRpcEngine$Invoker.invoke(ProtobufRpcEngine.java:235)
	at org.apache.hadoop.ipc.ProtobufRpcEngine$Invoker.invoke(ProtobufRpcEngine.java:122)
	at com.sun.proxy.$Proxy54.submitRequest(Unknown Source)
	at org.apache.hadoop.ozone.protocolPB.StorageContainerDatanodeProtocolClientSideTranslatorPB.submitRequest(StorageContainerDatanodeProtocolClientSideTranslatorPB.java:117)
	at org.apache.hadoop.ozone.protocolPB.StorageContainerDatanodeProtocolClientSideTranslatorPB.sendHeartbeat(StorageContainerDatanodeProtocolClientSideTranslatorPB.java:149)
	at org.apache.hadoop.ozone.container.common.states.endpoint.HeartbeatEndpointTask.call(HeartbeatEndpointTask.java:185)
	at org.apache.hadoop.ozone.container.common.states.endpoint.HeartbeatEndpointTask.call(HeartbeatEndpointTask.java:87)
	at java.util.concurrent.FutureTask.run(FutureTask.java:266)
	at java.util.concurrent.ThreadPoolExecutor.runWorker(ThreadPoolExecutor.java:1149)
	at java.util.concurrent.ThreadPoolExecutor$Worker.run(ThreadPoolExecutor.java:624)
	at java.lang.Thread.run(Thread.java:750)
Caused by: java.net.ConnectException: Connection refused
	at sun.nio.ch.SocketChannelImpl.checkConnect(Native Method)
	at sun.nio.ch.SocketChannelImpl.finishConnect(SocketChannelImpl.java:716)
	at org.apache.hadoop.net.SocketIOWithTimeout.connect(SocketIOWithTimeout.java:205)
	at org.apache.hadoop.net.NetUtils.connect(NetUtils.java:586)
	at org.apache.hadoop.ipc.Client$Connection.setupConnection(Client.java:711)
	at org.apache.hadoop.ipc.Client$Connection.setupIOstreams(Client.java:833)
	at org.apache.hadoop.ipc.Client$Connection.access$3800(Client.java:414)
	at org.apache.hadoop.ipc.Client.getConnection(Client.java:1677)
	at org.apache.hadoop.ipc.Client.call(Client.java:1502)
	... 12 more
2023-03-09 15:00:30,781 [EndpointStateMachine task thread for /127.0.0.1:36681 - 0 ] INFO  ipc.Client (Client.java:handleConnectionFailure(1010)) - Retrying connect to server: localhost/127.0.0.1:36681. Already tried 0 time(s); retry policy is RetryUpToMaximumCountWithFixedSleep(maxRetries=15, sleepTime=1000 MILLISECONDS)
2023-03-09 15:00:31,473 [Listener at 0.0.0.0/44393] INFO  retry.RetryInvocationHandler (RetryInvocationHandler.java:log(411)) - com.google.protobuf.ServiceException: org.apache.hadoop.ipc.RemoteException(org.apache.hadoop.hdds.ratis.ServerNotLeaderException): Server:fb3fcbca-8ec0-4e2c-837f-292e7e68a1b5 is not the leader. Could not determine the leader node.
	at org.apache.hadoop.hdds.ratis.ServerNotLeaderException.convertToNotLeaderException(ServerNotLeaderException.java:109)
	at org.apache.hadoop.hdds.scm.ha.RatisUtil.checkRatisException(RatisUtil.java:246)
	at org.apache.hadoop.hdds.scm.protocol.ScmBlockLocationProtocolServerSideTranslatorPB.send(ScmBlockLocationProtocolServerSideTranslatorPB.java:109)
	at org.apache.hadoop.hdds.protocol.proto.ScmBlockLocationProtocolProtos$ScmBlockLocationProtocolService$2.callBlockingMethod(ScmBlockLocationProtocolProtos.java:14220)
	at org.apache.hadoop.ipc.ProtobufRpcEngine$Server.processCall(ProtobufRpcEngine.java:465)
	at org.apache.hadoop.ipc.ProtobufRpcEngine2$Server$ProtoBufRpcInvoker.call(ProtobufRpcEngine2.java:578)
	at org.apache.hadoop.ipc.ProtobufRpcEngine2$Server$ProtoBufRpcInvoker.call(ProtobufRpcEngine2.java:556)
	at org.apache.hadoop.ipc.RPC$Server.call(RPC.java:1093)
	at org.apache.hadoop.ipc.Server$RpcCall.run(Server.java:1043)
	at org.apache.hadoop.ipc.Server$RpcCall.run(Server.java:971)
	at java.security.AccessController.doPrivileged(Native Method)
	at javax.security.auth.Subject.doAs(Subject.java:422)
	at org.apache.hadoop.security.UserGroupInformation.doAs(UserGroupInformation.java:1878)
	at org.apache.hadoop.ipc.Server$Handler.run(Server.java:2976)
, while invoking $Proxy46.send over nodeId=scmNode-1,nodeAddress=/127.0.0.1:39279 after 2 failover attempts. Trying to failover after sleeping for 2000ms.
2023-03-09 15:00:31,782 [EndpointStateMachine task thread for /127.0.0.1:36681 - 0 ] INFO  ipc.Client (Client.java:handleConnectionFailure(1010)) - Retrying connect to server: localhost/127.0.0.1:36681. Already tried 1 time(s); retry policy is RetryUpToMaximumCountWithFixedSleep(maxRetries=15, sleepTime=1000 MILLISECONDS)
2023-03-09 15:00:32,433 [fb3fcbca-8ec0-4e2c-837f-292e7e68a1b5@group-E7B04A6F140E-FollowerState] INFO  impl.FollowerState (FollowerState.java:run(143)) - fb3fcbca-8ec0-4e2c-837f-292e7e68a1b5@group-E7B04A6F140E-FollowerState: change to CANDIDATE, lastRpcElapsedTime:5107287404ns, electionTimeout:5099ms
2023-03-09 15:00:32,434 [fb3fcbca-8ec0-4e2c-837f-292e7e68a1b5@group-E7B04A6F140E-FollowerState] INFO  impl.RoleInfo (RoleInfo.java:shutdownFollowerState(110)) - fb3fcbca-8ec0-4e2c-837f-292e7e68a1b5: shutdown fb3fcbca-8ec0-4e2c-837f-292e7e68a1b5@group-E7B04A6F140E-FollowerState
2023-03-09 15:00:32,434 [fb3fcbca-8ec0-4e2c-837f-292e7e68a1b5@group-E7B04A6F140E-FollowerState] INFO  server.RaftServer$Division (RaftServerImpl.java:setRole(321)) - fb3fcbca-8ec0-4e2c-837f-292e7e68a1b5@group-E7B04A6F140E: changes role from  FOLLOWER to CANDIDATE at term 1 for changeToCandidate
2023-03-09 15:00:32,434 [fb3fcbca-8ec0-4e2c-837f-292e7e68a1b5@group-E7B04A6F140E-FollowerState] INFO  server.RaftServerConfigKeys (ConfUtils.java:logGet(46)) - raft.server.leaderelection.pre-vote = true (default)
2023-03-09 15:00:32,434 [fb3fcbca-8ec0-4e2c-837f-292e7e68a1b5@group-E7B04A6F140E-FollowerState] INFO  impl.RoleInfo (RoleInfo.java:updateAndGet(139)) - fb3fcbca-8ec0-4e2c-837f-292e7e68a1b5: start fb3fcbca-8ec0-4e2c-837f-292e7e68a1b5@group-E7B04A6F140E-LeaderElection34
2023-03-09 15:00:32,436 [fb3fcbca-8ec0-4e2c-837f-292e7e68a1b5@group-E7B04A6F140E-LeaderElection34] INFO  impl.LeaderElection (LeaderElection.java:askForVotes(312)) - fb3fcbca-8ec0-4e2c-837f-292e7e68a1b5@group-E7B04A6F140E-LeaderElection34 PRE_VOTE round 0: submit vote requests at term 1 for 0: peers:[fb3fcbca-8ec0-4e2c-837f-292e7e68a1b5|rpc:localhost:37003|admin:|client:|dataStream:|priority:0|startupRole:FOLLOWER]|listeners:[], old=null
2023-03-09 15:00:32,436 [fb3fcbca-8ec0-4e2c-837f-292e7e68a1b5@group-E7B04A6F140E-LeaderElection34] INFO  impl.LeaderElection (LeaderElection.java:askForVotes(314)) - fb3fcbca-8ec0-4e2c-837f-292e7e68a1b5@group-E7B04A6F140E-LeaderElection34 PRE_VOTE round 0: result PASSED (term=1)
2023-03-09 15:00:32,438 [fb3fcbca-8ec0-4e2c-837f-292e7e68a1b5@group-E7B04A6F140E-LeaderElection34] INFO  impl.LeaderElection (LeaderElection.java:askForVotes(312)) - fb3fcbca-8ec0-4e2c-837f-292e7e68a1b5@group-E7B04A6F140E-LeaderElection34 ELECTION round 0: submit vote requests at term 2 for 0: peers:[fb3fcbca-8ec0-4e2c-837f-292e7e68a1b5|rpc:localhost:37003|admin:|client:|dataStream:|priority:0|startupRole:FOLLOWER]|listeners:[], old=null
2023-03-09 15:00:32,439 [fb3fcbca-8ec0-4e2c-837f-292e7e68a1b5@group-E7B04A6F140E-LeaderElection34] INFO  impl.LeaderElection (LeaderElection.java:askForVotes(314)) - fb3fcbca-8ec0-4e2c-837f-292e7e68a1b5@group-E7B04A6F140E-LeaderElection34 ELECTION round 0: result PASSED (term=2)
2023-03-09 15:00:32,439 [fb3fcbca-8ec0-4e2c-837f-292e7e68a1b5@group-E7B04A6F140E-LeaderElection34] INFO  impl.RoleInfo (RoleInfo.java:shutdownLeaderElection(130)) - fb3fcbca-8ec0-4e2c-837f-292e7e68a1b5: shutdown fb3fcbca-8ec0-4e2c-837f-292e7e68a1b5@group-E7B04A6F140E-LeaderElection34
2023-03-09 15:00:32,439 [fb3fcbca-8ec0-4e2c-837f-292e7e68a1b5@group-E7B04A6F140E-LeaderElection34] INFO  server.RaftServer$Division (RaftServerImpl.java:setRole(321)) - fb3fcbca-8ec0-4e2c-837f-292e7e68a1b5@group-E7B04A6F140E: changes role from CANDIDATE to LEADER at term 2 for changeToLeader
2023-03-09 15:00:32,439 [fb3fcbca-8ec0-4e2c-837f-292e7e68a1b5@group-E7B04A6F140E-LeaderElection34] INFO  ha.SCMStateMachine (SCMStateMachine.java:notifyLeaderChanged(274)) - current SCM becomes leader of term 2.
2023-03-09 15:00:32,439 [fb3fcbca-8ec0-4e2c-837f-292e7e68a1b5@group-E7B04A6F140E-LeaderElection34] INFO  ha.SCMContext (SCMContext.java:updateLeaderAndTerm(99)) - update <isLeader,term> from <false,0> to <true,2>
2023-03-09 15:00:32,439 [fb3fcbca-8ec0-4e2c-837f-292e7e68a1b5@group-E7B04A6F140E-LeaderElection34] INFO  server.RaftServer$Division (ServerState.java:setLeader(313)) - fb3fcbca-8ec0-4e2c-837f-292e7e68a1b5@group-E7B04A6F140E: change Leader from null to fb3fcbca-8ec0-4e2c-837f-292e7e68a1b5 at term 2 for becomeLeader, leader elected after 5220ms
2023-03-09 15:00:32,439 [fb3fcbca-8ec0-4e2c-837f-292e7e68a1b5@group-E7B04A6F140E-LeaderElection34] INFO  server.RaftServerConfigKeys (ConfUtils.java:logGet(46)) - raft.server.staging.catchup.gap = 1000 (default)
2023-03-09 15:00:32,439 [fb3fcbca-8ec0-4e2c-837f-292e7e68a1b5@group-E7B04A6F140E-LeaderElection34] INFO  server.RaftServerConfigKeys (ConfUtils.java:logGet(46)) - raft.server.write.element-limit = 4096 (default)
2023-03-09 15:00:32,439 [fb3fcbca-8ec0-4e2c-837f-292e7e68a1b5@group-E7B04A6F140E-LeaderElection34] INFO  server.RaftServerConfigKeys (ConfUtils.java:logGet(46)) - raft.server.write.byte-limit = 64MB (=67108864) (default)
2023-03-09 15:00:32,439 [fb3fcbca-8ec0-4e2c-837f-292e7e68a1b5@group-E7B04A6F140E-LeaderElection34] INFO  server.RaftServerConfigKeys (ConfUtils.java:logGet(46)) - raft.server.watch.timeout = 10s (default)
2023-03-09 15:00:32,439 [fb3fcbca-8ec0-4e2c-837f-292e7e68a1b5@group-E7B04A6F140E-LeaderElection34] INFO  server.RaftServerConfigKeys (ConfUtils.java:logGet(46)) - raft.server.watch.timeout.denomination = 1s (default)
2023-03-09 15:00:32,439 [fb3fcbca-8ec0-4e2c-837f-292e7e68a1b5@group-E7B04A6F140E-LeaderElection34] INFO  server.RaftServerConfigKeys (ConfUtils.java:logGet(46)) - raft.server.watch.element-limit = 65536 (default)
2023-03-09 15:00:32,440 [fb3fcbca-8ec0-4e2c-837f-292e7e68a1b5@group-E7B04A6F140E-LeaderElection34] INFO  server.RaftServerConfigKeys (ConfUtils.java:logGet(46)) - raft.server.write.element-limit = 4096 (default)
2023-03-09 15:00:32,440 [fb3fcbca-8ec0-4e2c-837f-292e7e68a1b5@group-E7B04A6F140E-LeaderElection34] INFO  server.RaftServerConfigKeys (ConfUtils.java:logGet(46)) - raft.server.write.follower.gap.ratio.max = -1.0 (default)
2023-03-09 15:00:32,440 [fb3fcbca-8ec0-4e2c-837f-292e7e68a1b5@group-E7B04A6F140E-LeaderElection34] INFO  impl.RoleInfo (RoleInfo.java:updateAndGet(139)) - fb3fcbca-8ec0-4e2c-837f-292e7e68a1b5: start fb3fcbca-8ec0-4e2c-837f-292e7e68a1b5@group-E7B04A6F140E-LeaderStateImpl
2023-03-09 15:00:32,440 [fb3fcbca-8ec0-4e2c-837f-292e7e68a1b5@group-E7B04A6F140E-LeaderElection34] INFO  segmented.SegmentedRaftLogWorker (SegmentedRaftLogWorker.java:rollLogSegment(457)) - fb3fcbca-8ec0-4e2c-837f-292e7e68a1b5@group-E7B04A6F140E-SegmentedRaftLogWorker: Rolling segment log-0_0 to index:0
2023-03-09 15:00:32,443 [fb3fcbca-8ec0-4e2c-837f-292e7e68a1b5@group-E7B04A6F140E-LeaderElection34] INFO  server.RaftServer$Division (ServerState.java:setRaftConf(430)) - fb3fcbca-8ec0-4e2c-837f-292e7e68a1b5@group-E7B04A6F140E: set configuration 1: peers:[fb3fcbca-8ec0-4e2c-837f-292e7e68a1b5|rpc:localhost:37003|admin:|client:|dataStream:|priority:0|startupRole:FOLLOWER]|listeners:[], old=null
2023-03-09 15:00:32,444 [fb3fcbca-8ec0-4e2c-837f-292e7e68a1b5@group-E7B04A6F140E-SegmentedRaftLogWorker] INFO  segmented.SegmentedRaftLogWorker (SegmentedRaftLogWorker.java:execute(613)) - fb3fcbca-8ec0-4e2c-837f-292e7e68a1b5@group-E7B04A6F140E-SegmentedRaftLogWorker: Rolled log segment from /home/runner/work/ozone/ozone/hadoop-ozone/integration-test/target/test-dir/MiniOzoneClusterImpl-4e7c95cc-71c1-4f0b-a9e9-e7b04a6f140e/scmNode-1/scm-ha/4e7c95cc-71c1-4f0b-a9e9-e7b04a6f140e/current/log_inprogress_0 to /home/runner/work/ozone/ozone/hadoop-ozone/integration-test/target/test-dir/MiniOzoneClusterImpl-4e7c95cc-71c1-4f0b-a9e9-e7b04a6f140e/scmNode-1/scm-ha/4e7c95cc-71c1-4f0b-a9e9-e7b04a6f140e/current/log_0-0
2023-03-09 15:00:32,459 [fb3fcbca-8ec0-4e2c-837f-292e7e68a1b5@group-E7B04A6F140E-SegmentedRaftLogWorker] INFO  segmented.SegmentedRaftLogWorker (SegmentedRaftLogWorker.java:execute(656)) - fb3fcbca-8ec0-4e2c-837f-292e7e68a1b5@group-E7B04A6F140E-SegmentedRaftLogWorker: created new log segment /home/runner/work/ozone/ozone/hadoop-ozone/integration-test/target/test-dir/MiniOzoneClusterImpl-4e7c95cc-71c1-4f0b-a9e9-e7b04a6f140e/scmNode-1/scm-ha/4e7c95cc-71c1-4f0b-a9e9-e7b04a6f140e/current/log_inprogress_1
2023-03-09 15:00:32,461 [fb3fcbca-8ec0-4e2c-837f-292e7e68a1b5@group-E7B04A6F140E-StateMachineUpdater] INFO  ha.SCMContext (SCMContext.java:setLeaderReady(126)) - update <isLeaderReady> from <false> to <true>
2023-03-09 15:00:32,463 [fb3fcbca-8ec0-4e2c-837f-292e7e68a1b5@group-E7B04A6F140E-StateMachineUpdater] INFO  pipeline.BackgroundPipelineCreator (BackgroundPipelineCreator.java:notifyStatusChanged(254)) - Service BackgroundPipelineCreator transitions to RUNNING.
2023-03-09 15:00:32,466 [fb3fcbca-8ec0-4e2c-837f-292e7e68a1b5@group-E7B04A6F140E-StateMachineUpdater] INFO  safemode.HealthyPipelineSafeModeRule (HealthyPipelineSafeModeRule.java:initializeRule(165)) - Refreshed total pipeline count is 0, healthy pipeline threshold count is 1
2023-03-09 15:00:32,466 [fb3fcbca-8ec0-4e2c-837f-292e7e68a1b5@group-E7B04A6F140E-StateMachineUpdater] INFO  safemode.ContainerSafeModeRule (ContainerSafeModeRule.java:reInitializeRule(177)) - Refreshed one replica container threshold 0, currentThreshold 0
2023-03-09 15:00:32,467 [fb3fcbca-8ec0-4e2c-837f-292e7e68a1b5@group-E7B04A6F140E-StateMachineUpdater] INFO  safemode.OneReplicaPipelineSafeModeRule (OneReplicaPipelineSafeModeRule.java:initializeRule(176)) - Refreshed Total pipeline count is 0, pipeline's with at least one datanode reported threshold count is 0
2023-03-09 15:00:32,467 [fb3fcbca-8ec0-4e2c-837f-292e7e68a1b5@group-E7B04A6F140E-StateMachineUpdater] INFO  server.SCMDatanodeProtocolServer (SCMDatanodeProtocolServer.java:start(193)) - ScmDatanodeProtocol RPC server for DataNodes is listening at /0.0.0.0:43747
2023-03-09 15:00:32,475 [IPC Server listener on 43747] INFO  ipc.Server (Server.java:run(1352)) - IPC Server listener on 43747: starting
2023-03-09 15:00:32,476 [IPC Server Responder] INFO  ipc.Server (Server.java:run(1512)) - IPC Server Responder: starting
2023-03-09 15:00:32,783 [EndpointStateMachine task thread for /127.0.0.1:36681 - 0 ] INFO  ipc.Client (Client.java:handleConnectionFailure(1010)) - Retrying connect to server: localhost/127.0.0.1:36681. Already tried 2 time(s); retry policy is RetryUpToMaximumCountWithFixedSleep(maxRetries=15, sleepTime=1000 MILLISECONDS)
OM initialization succeeded.Current cluster id for sd=/home/runner/work/ozone/ozone/hadoop-ozone/integration-test/target/test-dir/MiniOzoneClusterImpl-4e7c95cc-71c1-4f0b-a9e9-e7b04a6f140e/omNode-1/om;cid=4e7c95cc-71c1-4f0b-a9e9-e7b04a6f140e;layoutVersion=3
2023-03-09 15:00:33,477 [Listener at 0.0.0.0/44393] INFO  ha.OMHANodeDetails (OMHANodeDetails.java:loadOMHAConfig(121)) - ServiceID for OzoneManager is om-add-remove
2023-03-09 15:00:33,477 [Listener at 0.0.0.0/44393] INFO  ha.OMHANodeDetails (OMHANodeDetails.java:loadOMHAConfig(201)) - Found matching OM address with OMServiceId: om-add-remove, OMNodeId: omNode-1, RPC Address: localhost:40089 and Ratis port: 39609
2023-03-09 15:00:33,478 [Listener at 0.0.0.0/44393] INFO  ha.OMHANodeDetails (ConfUtils.java:setNodeSpecificConfigs(97)) - Setting configuration key ozone.om.http-address with value of key ozone.om.http-address.om-add-remove.omNode-1: 127.0.0.1:40913
2023-03-09 15:00:33,478 [Listener at 0.0.0.0/44393] INFO  ha.OMHANodeDetails (ConfUtils.java:setNodeSpecificConfigs(97)) - Setting configuration key ozone.om.https-address with value of key ozone.om.https-address.om-add-remove.omNode-1: 127.0.0.1:43573
2023-03-09 15:00:33,478 [Listener at 0.0.0.0/44393] INFO  ha.OMHANodeDetails (ConfUtils.java:setNodeSpecificConfigs(97)) - Setting configuration key ozone.om.address with value of key ozone.om.address.om-add-remove.omNode-1: 127.0.0.1:40089
2023-03-09 15:00:33,478 [Listener at 0.0.0.0/44393] WARN  server.ServerUtils (ServerUtils.java:getDBPath(225)) - ozone.om.db.dirs is not configured. We recommend adding this setting. Falling back to ozone.metadata.dirs instead.
2023-03-09 15:00:33,480 [Listener at 0.0.0.0/44393] INFO  upgrade.AbstractLayoutVersionManager (AbstractLayoutVersionManager.java:init(83)) - Initializing Layout version manager with metadata layout = MULTITENANCY_SCHEMA (version = 3), software layout = MULTITENANCY_SCHEMA (version = 3)
2023-03-09 15:00:33,552 [Listener at 0.0.0.0/44393] INFO  reflections.Reflections (Reflections.java:scan(232)) - Reflections took 70 ms to scan 2 urls, producing 167 keys and 459 values [using 2 cores]
2023-03-09 15:00:33,552 [Listener at 0.0.0.0/44393] INFO  upgrade.OMLayoutVersionManager (OMLayoutVersionManager.java:lambda$0(115)) - Skipping Upgrade Action MockOmUpgradeAction since it has been finalized.
2023-03-09 15:00:33,552 [Listener at 0.0.0.0/44393] WARN  server.ServerUtils (ServerUtils.java:getDBPath(225)) - ozone.om.db.dirs is not configured. We recommend adding this setting. Falling back to ozone.metadata.dirs instead.
2023-03-09 15:00:33,553 [Listener at 0.0.0.0/44393] INFO  ha.SCMNodeInfo (SCMNodeInfo.java:getPort(197)) - ConfigKey ozone.scm.client.address is deprecated, For configuring different ports for each SCM use PortConfigKey ozone.scm.client.port appended with serviceId and nodeId
2023-03-09 15:00:33,553 [Listener at 0.0.0.0/44393] INFO  ha.SCMNodeInfo (SCMNodeInfo.java:getPort(197)) - ConfigKey ozone.scm.block.client.address is deprecated, For configuring different ports for each SCM use PortConfigKey ozone.scm.block.client.port appended with serviceId and nodeId
2023-03-09 15:00:33,553 [Listener at 0.0.0.0/44393] INFO  ha.SCMNodeInfo (SCMNodeInfo.java:getPort(197)) - ConfigKey ozone.scm.datanode.address is deprecated, For configuring different ports for each SCM use PortConfigKey ozone.scm.datanode.port appended with serviceId and nodeId
2023-03-09 15:00:33,553 [Listener at 0.0.0.0/44393] INFO  ha.SCMNodeInfo (SCMNodeInfo.java:getPort(197)) - ConfigKey ozone.scm.client.address is deprecated, For configuring different ports for each SCM use PortConfigKey ozone.scm.client.port appended with serviceId and nodeId
2023-03-09 15:00:33,554 [Listener at 0.0.0.0/44393] INFO  ha.SCMNodeInfo (SCMNodeInfo.java:getPort(197)) - ConfigKey ozone.scm.block.client.address is deprecated, For configuring different ports for each SCM use PortConfigKey ozone.scm.block.client.port appended with serviceId and nodeId
2023-03-09 15:00:33,554 [Listener at 0.0.0.0/44393] INFO  ha.SCMNodeInfo (SCMNodeInfo.java:getPort(197)) - ConfigKey ozone.scm.datanode.address is deprecated, For configuring different ports for each SCM use PortConfigKey ozone.scm.datanode.port appended with serviceId and nodeId
2023-03-09 15:00:33,554 [Listener at 0.0.0.0/44393] INFO  proxy.SCMBlockLocationFailoverProxyProvider (SCMBlockLocationFailoverProxyProvider.java:<init>(114)) - Created block location fail-over proxy with 1 nodes: [nodeId=scmNode-1,nodeAddress=/127.0.0.1:39279]
2023-03-09 15:00:33,556 [Listener at 0.0.0.0/44393] INFO  ha.SCMNodeInfo (SCMNodeInfo.java:getPort(197)) - ConfigKey ozone.scm.client.address is deprecated, For configuring different ports for each SCM use PortConfigKey ozone.scm.client.port appended with serviceId and nodeId
2023-03-09 15:00:33,556 [Listener at 0.0.0.0/44393] INFO  ha.SCMNodeInfo (SCMNodeInfo.java:getPort(197)) - ConfigKey ozone.scm.block.client.address is deprecated, For configuring different ports for each SCM use PortConfigKey ozone.scm.block.client.port appended with serviceId and nodeId
2023-03-09 15:00:33,556 [Listener at 0.0.0.0/44393] INFO  ha.SCMNodeInfo (SCMNodeInfo.java:getPort(197)) - ConfigKey ozone.scm.datanode.address is deprecated, For configuring different ports for each SCM use PortConfigKey ozone.scm.datanode.port appended with serviceId and nodeId
2023-03-09 15:00:33,557 [Listener at 0.0.0.0/44393] INFO  proxy.SCMBlockLocationFailoverProxyProvider (SCMBlockLocationFailoverProxyProvider.java:<init>(114)) - Created block location fail-over proxy with 1 nodes: [nodeId=scmNode-1,nodeAddress=/127.0.0.1:39279]
2023-03-09 15:00:33,565 [Listener at 0.0.0.0/44393] INFO  om.OzoneManager (OzoneManager.java:<init>(619)) - OM start with adminUsers: [runner]
2023-03-09 15:00:33,567 [Listener at 0.0.0.0/44393] WARN  server.ServerUtils (ServerUtils.java:getDBPath(225)) - ozone.om.db.dirs is not configured. We recommend adding this setting. Falling back to ozone.metadata.dirs instead.
2023-03-09 15:00:33,567 [Listener at 0.0.0.0/44393] INFO  codec.OmKeyInfoCodec (OmKeyInfoCodec.java:<init>(49)) - OmKeyInfoCodec ignorePipeline = true
2023-03-09 15:00:33,567 [Listener at 0.0.0.0/44393] INFO  codec.RepeatedOmKeyInfoCodec (RepeatedOmKeyInfoCodec.java:<init>(41)) - RepeatedOmKeyInfoCodec ignorePipeline = true
2023-03-09 15:00:33,784 [EndpointStateMachine task thread for /127.0.0.1:36681 - 0 ] INFO  ipc.Client (Client.java:handleConnectionFailure(1010)) - Retrying connect to server: localhost/127.0.0.1:36681. Already tried 3 time(s); retry policy is RetryUpToMaximumCountWithFixedSleep(maxRetries=15, sleepTime=1000 MILLISECONDS)
2023-03-09 15:00:33,823 [Listener at 0.0.0.0/44393] INFO  om.OzoneManager (OzoneManager.java:instantiateServices(749)) - S3 Multi-Tenancy is disabled
2023-03-09 15:00:33,824 [Listener at 0.0.0.0/44393] WARN  server.ServerUtils (ServerUtils.java:getDBPath(225)) - ozone.om.snapshot.diff.db.dir is not configured. We recommend adding this setting. Falling back to ozone.metadata.dirs instead.
2023-03-09 15:00:33,838 [Listener at 0.0.0.0/44393] INFO  om.OzoneManager (OzoneManager.java:addS3GVolumeToDB(4217)) - Created Volume s3v With Owner runner required for S3Gateway operations.
2023-03-09 15:00:33,838 [Listener at 0.0.0.0/44393] WARN  server.ServerUtils (ServerUtils.java:getDefaultRatisDirectory(237)) - Storage directory for Ratis is not configured. It is a good idea to map this to an SSD disk. Falling back to ozone.metadata.dirs
2023-03-09 15:00:33,838 [Listener at 0.0.0.0/44393] WARN  utils.OzoneManagerRatisUtils (OzoneManagerRatisUtils.java:getOMRatisSnapshotDirectory(436)) - ozone.om.ratis.snapshot.dir is not configured. Falling back to ozone.metadata.dirs config
2023-03-09 15:00:33,839 [Listener at 0.0.0.0/44393] WARN  impl.MetricRegistriesImpl (MetricRegistriesImpl.java:addReporterRegistration(111)) - New reporters are added after registries were created. Some metrics will be missing from the reporter. Please add reporter before adding any new registry.
2023-03-09 15:00:33,839 [Listener at 0.0.0.0/44393] WARN  impl.MetricRegistriesImpl (MetricRegistriesImpl.java:addReporterRegistration(111)) - New reporters are added after registries were created. Some metrics will be missing from the reporter. Please add reporter before adding any new registry.
2023-03-09 15:00:33,839 [Listener at 0.0.0.0/44393] WARN  server.ServerUtils (ServerUtils.java:getDefaultRatisDirectory(237)) - Storage directory for Ratis is not configured. It is a good idea to map this to an SSD disk. Falling back to ozone.metadata.dirs
2023-03-09 15:00:33,840 [Listener at 0.0.0.0/44393] INFO  ratis.OzoneManagerRatisServer (OzoneManagerRatisServer.java:<init>(164)) - Instantiating OM Ratis server with groupID: om-add-remove and peers: localhost:39609
2023-03-09 15:00:33,840 [Listener at 0.0.0.0/44393] INFO  ratis.OzoneManagerStateMachine (OzoneManagerStateMachine.java:loadSnapshotInfoFromDB(636)) - LastAppliedIndex is set from TransactionInfo from OM DB as (t:0, i:~)
2023-03-09 15:00:33,841 [Listener at 0.0.0.0/44393] INFO  server.RaftServer (ConfUtils.java:logGet(46)) - raft.rpc.type = GRPC (default)
2023-03-09 15:00:33,841 [Listener at 0.0.0.0/44393] INFO  grpc.GrpcConfigKeys (ConfUtils.java:logFallback(53)) - raft.grpc.admin.host = null (fallback to raft.grpc.server.host)
2023-03-09 15:00:33,841 [Listener at 0.0.0.0/44393] INFO  grpc.GrpcConfigKeys (ConfUtils.java:logFallback(53)) - raft.grpc.admin.port = 39609 (fallback to raft.grpc.server.port)
2023-03-09 15:00:33,841 [Listener at 0.0.0.0/44393] INFO  grpc.GrpcConfigKeys (ConfUtils.java:logFallback(53)) - raft.grpc.client.host = null (fallback to raft.grpc.server.host)
2023-03-09 15:00:33,842 [Listener at 0.0.0.0/44393] INFO  grpc.GrpcConfigKeys (ConfUtils.java:logFallback(53)) - raft.grpc.client.port = 39609 (fallback to raft.grpc.server.port)
2023-03-09 15:00:33,842 [Listener at 0.0.0.0/44393] INFO  grpc.GrpcConfigKeys (ConfUtils.java:logGet(46)) - raft.grpc.server.host = null (default)
2023-03-09 15:00:33,842 [Listener at 0.0.0.0/44393] INFO  grpc.GrpcConfigKeys (ConfUtils.java:logGet(46)) - raft.grpc.server.port = 39609 (custom)
2023-03-09 15:00:33,842 [Listener at 0.0.0.0/44393] INFO  server.GrpcService (ConfUtils.java:logGet(46)) - raft.grpc.message.size.max = 33554432 (custom)
2023-03-09 15:00:33,842 [Listener at 0.0.0.0/44393] INFO  server.RaftServerConfigKeys (ConfUtils.java:logGet(46)) - raft.server.log.appender.buffer.byte-limit = 33554432 (custom)
2023-03-09 15:00:33,842 [Listener at 0.0.0.0/44393] INFO  server.GrpcService (ConfUtils.java:logGet(46)) - raft.grpc.flow.control.window = 1MB (=1048576) (default)
2023-03-09 15:00:33,842 [Listener at 0.0.0.0/44393] INFO  server.RaftServerConfigKeys (ConfUtils.java:logGet(46)) - raft.server.rpc.request.timeout = 3000ms (default)
2023-03-09 15:00:33,843 [Listener at 0.0.0.0/44393] INFO  grpc.GrpcConfigKeys (ConfUtils.java:logGet(46)) - raft.grpc.server.heartbeat.channel = true (default)
2023-03-09 15:00:33,843 [Listener at 0.0.0.0/44393] INFO  grpc.GrpcConfigKeys (ConfUtils.java:logGet(46)) - raft.grpc.server.async.request.thread.pool.cached = true (default)
2023-03-09 15:00:33,843 [Listener at 0.0.0.0/44393] INFO  grpc.GrpcConfigKeys (ConfUtils.java:logGet(46)) - raft.grpc.server.async.request.thread.pool.size = 32 (default)
2023-03-09 15:00:33,844 [Listener at 0.0.0.0/44393] INFO  impl.DataStreamServerImpl (ConfUtils.java:logGet(46)) - raft.datastream.type = DISABLED (default)
2023-03-09 15:00:33,844 [Listener at 0.0.0.0/44393] INFO  server.RaftServerConfigKeys (ConfUtils.java:logGet(46)) - raft.server.threadpool.proxy.cached = true (default)
2023-03-09 15:00:33,845 [Listener at 0.0.0.0/44393] INFO  server.RaftServerConfigKeys (ConfUtils.java:logGet(46)) - raft.server.threadpool.proxy.size = 0 (default)
2023-03-09 15:00:33,845 [Listener at 0.0.0.0/44393] INFO  server.RaftServerConfigKeys (ConfUtils.java:logGet(46)) - raft.server.rpc.slowness.timeout = 2s (custom)
2023-03-09 15:00:33,845 [Listener at 0.0.0.0/44393] INFO  server.RaftServerConfigKeys (ConfUtils.java:logGet(46)) - raft.server.leaderelection.leader.step-down.wait-time = 10s (default)
2023-03-09 15:00:33,845 [Listener at 0.0.0.0/44393] INFO  server.RaftServerConfigKeys (ConfUtils.java:logGet(46)) - raft.server.storage.dir = [/home/runner/work/ozone/ozone/hadoop-ozone/integration-test/target/test-dir/MiniOzoneClusterImpl-4e7c95cc-71c1-4f0b-a9e9-e7b04a6f140e/omNode-1/ratis] (custom)
2023-03-09 15:00:33,846 [Listener at 0.0.0.0/44393] INFO  server.RaftServer (RaftServerProxy.java:addNew(96)) - omNode-1: addNew group-0AAC5367B30E:[omNode-1|rpc:localhost:39609|priority:0|startupRole:FOLLOWER] returns group-0AAC5367B30E:java.util.concurrent.CompletableFuture@12dc8dcd[Not completed]
2023-03-09 15:00:33,846 [Listener at 0.0.0.0/44393] INFO  om.OzoneManager (OzoneManager.java:initializeRatisServer(2096)) - OzoneManager Ratis server initialized at port 39609
RaftServerImpl.java:<init>(195)) - omNode-1: new RaftServerImpl for group-0AAC5367B30E:[omNode-1|rpc:localhost:39609|priority:0|startupRole:FOLLOWER] with OzoneManagerStateMachine:uninitialized
2023-03-09 15:00:33,846 [pool-677-thread-1] INFO  server.RaftServerConfigKeys (ConfUtils.java:logGet(46)) - raft.server.rpc.timeout.min = 1s (custom)
2023-03-09 15:00:33,846 [Listener at 0.0.0.0/44393] INFO  om.OzoneManager (OzoneManager.java:initializeRatisServer(2096)) - OzoneManager Ratis server initialized at port 39609
2023-03-09 15:00:33,846 [pool-677-thread-1] INFO  server.RaftServerConfigKeys (ConfUtils.java:logGet(46)) - raft.server.rpc.timeout.max = 1200ms (custom)
2023-03-09 15:00:33,846 [pool-677-thread-1] INFO  server.RaftServerConfigKeys (ConfUtils.java:logGet(46)) - raft.server.rpc.sleep.time = 25ms (default)
2023-03-09 15:00:33,846 [pool-677-thread-1] INFO  server.RaftServerConfigKeys (ConfUtils.java:logGet(46)) - raft.server.rpc.slowness.timeout = 2s (custom)
2023-03-09 15:00:33,846 [Listener at 0.0.0.0/44393] INFO  om.OzoneManager (OzoneManager.java:getRpcServer(1132)) - Creating RPC Server
ConfUtils.java:logGet(46)) - raft.server.leaderelection.leader.step-down.wait-time = 10s (default)
2023-03-09 15:00:33,846 [Listener at 0.0.0.0/44393] INFO  om.OzoneManager (OzoneManager.java:getRpcServer(1132)) - Creating RPC Server
2023-03-09 15:00:33,846 [pool-677-thread-1] INFO  server.RaftServerConfigKeys (ConfUtils.java:logGet(46)) - raft.server.sleep.deviation.threshold = 300ms (default)
2023-03-09 15:00:33,846 [pool-677-thread-1] INFO  server.RaftServer$Division (ServerState.java:<init>(118)) - omNode-1@group-0AAC5367B30E: ConfigurationManager, init=-1: peers:[omNode-1|rpc:localhost:39609|priority:0|startupRole:FOLLOWER]|listeners:[], old=null, confs=<EMPTY_MAP>
2023-03-09 15:00:33,847 [pool-677-thread-1] INFO  server.RaftServerConfigKeys (ConfUtils.java:logGet(46)) - raft.server.storage.dir = [/home/runner/work/ozone/ozone/hadoop-ozone/integration-test/target/test-dir/MiniOzoneClusterImpl-4e7c95cc-71c1-4f0b-a9e9-e7b04a6f140e/omNode-1/ratis] (custom)
2023-03-09 15:00:33,847 [pool-677-thread-1] INFO  server.RaftServerConfigKeys (ConfUtils.java:logGet(46)) - raft.server.log.corruption.policy = EXCEPTION (default)
2023-03-09 15:00:33,847 [pool-677-thread-1] INFO  server.RaftServerConfigKeys (ConfUtils.java:logGet(46)) - raft.server.storage.free-space.min = 0MB (=0) (default)
2023-03-09 15:00:33,847 [pool-677-thread-1] INFO  server.RaftServerConfigKeys (ConfUtils.java:logGet(46)) - raft.server.notification.no-leader.timeout = 2s (custom)
2023-03-09 15:00:33,847 [pool-677-thread-1] INFO  server.RaftServerConfigKeys (ConfUtils.java:logGet(46)) - raft.server.retrycache.expirytime = 300s (custom)
2023-03-09 15:00:33,847 [pool-677-thread-1] INFO  server.RaftServerConfigKeys (ConfUtils.java:logGet(46)) - raft.server.retrycache.statistics.expirytime = 100μs (default)
2023-03-09 15:00:33,847 [pool-677-thread-1] INFO  server.RaftServerConfigKeys (ConfUtils.java:logGet(46)) - raft.server.log.appender.install.snapshot.enabled = false (custom)
2023-03-09 15:00:33,847 [pool-677-thread-1] INFO  server.RaftServerConfigKeys (ConfUtils.java:logGet(46)) - raft.server.threadpool.server.cached = true (default)
2023-03-09 15:00:33,848 [pool-677-thread-1] INFO  server.RaftServerConfigKeys (ConfUtils.java:logGet(46)) - raft.server.threadpool.server.size = 0 (default)
2023-03-09 15:00:33,848 [pool-677-thread-1] INFO  server.RaftServerConfigKeys (ConfUtils.java:logGet(46)) - raft.server.threadpool.client.cached = true (default)
2023-03-09 15:00:33,848 [pool-677-thread-1] INFO  server.RaftServerConfigKeys (ConfUtils.java:logGet(46)) - raft.server.threadpool.client.size = 0 (default)
2023-03-09 15:00:34,184 [Listener at 0.0.0.0/44393] INFO  reflections.Reflections (Reflections.java:scan(232)) - Reflections took 337 ms to scan 19 urls, producing 68 keys and 4914 values [using 2 cores]
2023-03-09 15:00:34,185 [Listener at 0.0.0.0/44393] INFO  ipc.CallQueueManager (CallQueueManager.java:<init>(90)) - Using callQueue: class java.util.concurrent.LinkedBlockingQueue, queueCapacity: 2000, scheduler: class org.apache.hadoop.ipc.DefaultRpcScheduler, ipcBackoff: false.
2023-03-09 15:00:34,192 [Socket Reader #1 for port 40089] INFO  ipc.Server (Server.java:run(1273)) - Starting Socket Reader #1 for port 40089
2023-03-09 15:00:34,215 [Listener at 127.0.0.1/40089] INFO  impl.MetricsSystemImpl (MetricsSystemImpl.java:init(158)) - OzoneManager metrics system started (again)
2023-03-09 15:00:34,228 [Listener at 127.0.0.1/40089] INFO  om.OzoneManager (OzoneManager.java:start(1553)) - OzoneManager RPC server is listening at localhost/127.0.0.1:40089
2023-03-09 15:00:34,228 [Listener at 127.0.0.1/40089] INFO  ratis.OzoneManagerRatisServer (OzoneManagerRatisServer.java:start(559)) - Starting OzoneManagerRatisServer omNode-1 at port 39609
2023-03-09 15:00:34,229 [omNode-1-impl-thread1] INFO  storage.RaftStorageDirectory (RaftStorageDirectoryImpl.java:analyzeStorage(137)) - The storage directory /home/runner/work/ozone/ozone/hadoop-ozone/integration-test/target/test-dir/MiniOzoneClusterImpl-4e7c95cc-71c1-4f0b-a9e9-e7b04a6f140e/omNode-1/ratis/0718e334-ffa1-36bc-8e9a-0aac5367b30e does not exist. Creating ...
2023-03-09 15:00:34,230 [omNode-1-impl-thread1] INFO  storage.RaftStorageDirectory (RaftStorageDirectoryImpl.java:tryLock(231)) - Lock on /home/runner/work/ozone/ozone/hadoop-ozone/integration-test/target/test-dir/MiniOzoneClusterImpl-4e7c95cc-71c1-4f0b-a9e9-e7b04a6f140e/omNode-1/ratis/0718e334-ffa1-36bc-8e9a-0aac5367b30e/in_use.lock acquired by nodename 57158@fv-az377-502
2023-03-09 15:00:34,232 [omNode-1-impl-thread1] INFO  storage.RaftStorage (RaftStorageImpl.java:format(96)) - Storage directory /home/runner/work/ozone/ozone/hadoop-ozone/integration-test/target/test-dir/MiniOzoneClusterImpl-4e7c95cc-71c1-4f0b-a9e9-e7b04a6f140e/omNode-1/ratis/0718e334-ffa1-36bc-8e9a-0aac5367b30e has been successfully formatted.
2023-03-09 15:00:34,233 [omNode-1-impl-thread1] INFO  server.RaftServerConfigKeys (ConfUtils.java:logGet(46)) - raft.server.log.use.memory = false (default)
2023-03-09 15:00:34,233 [omNode-1-impl-thread1] INFO  server.RaftServerConfigKeys (ConfUtils.java:logGet(46)) - raft.server.log.purge.gap = 1000000 (custom)
2023-03-09 15:00:34,233 [omNode-1-impl-thread1] INFO  server.RaftServerConfigKeys (ConfUtils.java:logGet(46)) - raft.server.log.appender.buffer.byte-limit = 33554432 (custom)
2023-03-09 15:00:34,233 [omNode-1-impl-thread1] INFO  server.RaftServerConfigKeys (ConfUtils.java:logGet(46)) - raft.server.log.statemachine.data.read.timeout = 1000ms (default)
2023-03-09 15:00:34,233 [omNode-1-impl-thread1] INFO  server.RaftServerConfigKeys (ConfUtils.java:logGet(46)) - raft.server.log.purge.preservation.log.num = 0 (default)
2023-03-09 15:00:34,233 [omNode-1-impl-thread1] INFO  server.RaftServerConfigKeys (ConfUtils.java:logGet(46)) - raft.server.log.segment.size.max = 4194304 (custom)
2023-03-09 15:00:34,233 [omNode-1-impl-thread1] INFO  server.RaftServerConfigKeys (ConfUtils.java:logGet(46)) - raft.server.log.segment.cache.num.max = 2 (custom)
2023-03-09 15:00:34,233 [omNode-1-impl-thread1] INFO  server.RaftServerConfigKeys (ConfUtils.java:logGet(46)) - raft.server.log.segment.cache.size.max = 200MB (=209715200) (default)
2023-03-09 15:00:34,234 [omNode-1-impl-thread1] INFO  segmented.SegmentedRaftLogWorker (SegmentedRaftLogWorker.java:<init>(189)) - new omNode-1@group-0AAC5367B30E-SegmentedRaftLogWorker for RaftStorageImpl:Storage Directory /home/runner/work/ozone/ozone/hadoop-ozone/integration-test/target/test-dir/MiniOzoneClusterImpl-4e7c95cc-71c1-4f0b-a9e9-e7b04a6f140e/omNode-1/ratis/0718e334-ffa1-36bc-8e9a-0aac5367b30e
2023-03-09 15:00:34,234 [omNode-1-impl-thread1] INFO  server.RaftServerConfigKeys (ConfUtils.java:logGet(46)) - raft.server.log.queue.byte-limit = 64MB (=67108864) (default)
2023-03-09 15:00:34,234 [omNode-1-impl-thread1] INFO  server.RaftServerConfigKeys (ConfUtils.java:logGet(46)) - raft.server.log.queue.element-limit = 4096 (default)
2023-03-09 15:00:34,234 [omNode-1-impl-thread1] INFO  server.RaftServerConfigKeys (ConfUtils.java:logGet(46)) - raft.server.log.segment.size.max = 4194304 (custom)
2023-03-09 15:00:34,234 [omNode-1-impl-thread1] INFO  server.RaftServerConfigKeys (ConfUtils.java:logGet(46)) - raft.server.log.preallocated.size = 4194304 (custom)
2023-03-09 15:00:34,234 [omNode-1-impl-thread1] INFO  server.RaftServerConfigKeys (ConfUtils.java:logGet(46)) - raft.server.log.force.sync.num = 128 (default)
2023-03-09 15:00:34,234 [omNode-1-impl-thread1] INFO  server.RaftServerConfigKeys (ConfUtils.java:logGet(46)) - raft.server.log.statemachine.data.sync = true (default)
2023-03-09 15:00:34,234 [omNode-1-impl-thread1] INFO  server.RaftServerConfigKeys (ConfUtils.java:logGet(46)) - raft.server.log.statemachine.data.sync.timeout = 10s (default)
2023-03-09 15:00:34,234 [omNode-1-impl-thread1] INFO  server.RaftServerConfigKeys (ConfUtils.java:logGet(46)) - raft.server.log.statemachine.data.sync.timeout.retry = -1 (default)
2023-03-09 15:00:34,234 [omNode-1-impl-thread1] INFO  server.RaftServerConfigKeys (ConfUtils.java:logGet(46)) - raft.server.log.write.buffer.size = 64KB (=65536) (default)
2023-03-09 15:00:34,235 [omNode-1-impl-thread1] INFO  server.RaftServerConfigKeys (ConfUtils.java:logGet(46)) - raft.server.log.appender.buffer.byte-limit = 33554432 (custom)
2023-03-09 15:00:34,290 [omNode-1-impl-thread1] INFO  server.RaftServerConfigKeys (ConfUtils.java:logGet(46)) - raft.server.log.unsafe-flush.enabled = false (default)
2023-03-09 15:00:34,290 [omNode-1-impl-thread1] INFO  server.RaftServerConfigKeys (ConfUtils.java:logGet(46)) - raft.server.log.async-flush.enabled = false (default)
2023-03-09 15:00:34,290 [omNode-1-impl-thread1] INFO  server.RaftServerConfigKeys (ConfUtils.java:logGet(46)) - raft.server.log.statemachine.data.caching.enabled = false (default)
2023-03-09 15:00:34,290 [omNode-1-impl-thread1] INFO  segmented.SegmentedRaftLogWorker (SegmentedRaftLogWorker.java:lambda$new$0(135)) - omNode-1@group-0AAC5367B30E-SegmentedRaftLogWorker: flushIndex: setUnconditionally 0 -> -1
2023-03-09 15:00:34,291 [omNode-1-impl-thread1] INFO  segmented.SegmentedRaftLogWorker (SegmentedRaftLogWorker.java:lambda$new$0(135)) - omNode-1@group-0AAC5367B30E-SegmentedRaftLogWorker: safeCacheEvictIndex: setUnconditionally 0 -> -1
2023-03-09 15:00:34,291 [omNode-1-impl-thread1] INFO  server.RaftServer$Division (RaftServerImpl.java:start(334)) - omNode-1@group-0AAC5367B30E: start as a follower, conf=-1: peers:[omNode-1|rpc:localhost:39609|priority:0|startupRole:FOLLOWER]|listeners:[], old=null
2023-03-09 15:00:34,291 [omNode-1-impl-thread1] INFO  server.RaftServer$Division (RaftServerImpl.java:setRole(321)) - omNode-1@group-0AAC5367B30E: changes role from      null to FOLLOWER at term 0 for startAsFollower
2023-03-09 15:00:34,291 [omNode-1-impl-thread1] INFO  impl.RoleInfo (RoleInfo.java:updateAndGet(139)) - omNode-1: start omNode-1@group-0AAC5367B30E-FollowerState
2023-03-09 15:00:34,291 [omNode-1@group-0AAC5367B30E-FollowerState] INFO  server.RaftServerConfigKeys (ConfUtils.java:logFallback(53)) - raft.server.rpc.first-election.timeout.min = 1s (fallback to raft.server.rpc.timeout.min)
2023-03-09 15:00:34,291 [omNode-1-impl-thread1] INFO  util.JmxRegister (JmxRegister.java:tryRegister(44)) - Successfully registered JMX Bean with object name Ratis:service=RaftServer,group=group-0AAC5367B30E,id=omNode-1
2023-03-09 15:00:34,291 [omNode-1@group-0AAC5367B30E-FollowerState] INFO  server.RaftServerConfigKeys (ConfUtils.java:logFallback(53)) - raft.server.rpc.first-election.timeout.max = 1200ms (fallback to raft.server.rpc.timeout.max)
2023-03-09 15:00:34,292 [omNode-1-impl-thread1] INFO  server.RaftServerConfigKeys (ConfUtils.java:logGet(46)) - raft.server.snapshot.auto.trigger.enabled = true (custom)
2023-03-09 15:00:34,292 [omNode-1-impl-thread1] INFO  server.RaftServerConfigKeys (ConfUtils.java:logGet(46)) - raft.server.snapshot.auto.trigger.threshold = 400000 (default)
2023-03-09 15:00:34,292 [omNode-1-impl-thread1] INFO  server.RaftServerConfigKeys (ConfUtils.java:logGet(46)) - raft.server.snapshot.retention.file.num = -1 (default)
2023-03-09 15:00:34,292 [omNode-1-impl-thread1] INFO  server.RaftServerConfigKeys (ConfUtils.java:logGet(46)) - raft.server.log.purge.upto.snapshot.index = true (custom)
2023-03-09 15:00:34,292 [Listener at 127.0.0.1/40089] INFO  server.RaftServer (RaftServerProxy.java:startImpl(393)) - omNode-1: start RPC server
2023-03-09 15:00:34,298 [Listener at 127.0.0.1/40089] INFO  server.GrpcService (GrpcService.java:startImpl(262)) - omNode-1: GrpcService started, listening on 39609
2023-03-09 15:00:34,302 [JvmPauseMonitor24] INFO  util.JvmPauseMonitor (JvmPauseMonitor.java:run(105)) - JvmPauseMonitor-omNode-1: Started
2023-03-09 15:00:34,302 [Listener at 127.0.0.1/40089] INFO  om.OzoneManager (OzoneManager.java:start(1569)) - Version File has different layout version (3) than OM DB (null). That is expected if this OM has never been finalized to a newer layout version.
2023-03-09 15:00:34,306 [Listener at 127.0.0.1/40089] INFO  http.BaseHttpServer (BaseHttpServer.java:newHttpServer2BuilderForOzone(224)) - Starting Web-server for ozoneManager at: http://0.0.0.0:40913
2023-03-09 15:00:34,306 [Listener at 127.0.0.1/40089] INFO  http.BaseHttpServer (BaseHttpServer.java:<init>(111)) - Hadoop Security Enabled: false Ozone Security Enabled: false Ozone HTTP Security Enabled: false 
2023-03-09 15:00:34,308 [Listener at 127.0.0.1/40089] WARN  server.AuthenticationFilter (AuthenticationFilter.java:constructSecretProvider(240)) - Unable to initialize FileSignerSecretProvider, falling back to use random secrets. Reason: Could not read signature secret file: /home/runner/hadoop-http-auth-signature-secret
2023-03-09 15:00:34,311 [Listener at 127.0.0.1/40089] WARN  http.HttpRequestLog (HttpRequestLog.java:getRequestLog(103)) - Jetty request log can only be enabled using Log4j
2023-03-09 15:00:34,313 [Listener at 127.0.0.1/40089] INFO  http.HttpServer2 (HttpServer2.java:addGlobalFilter(1031)) - Added global filter 'safety' (class=org.apache.hadoop.hdds.server.http.HttpServer2$QuotingInputFilter)
2023-03-09 15:00:34,313 [Listener at 127.0.0.1/40089] INFO  http.HttpServer2 (HttpServer2.java:addFilter(1007)) - Added filter static_user_filter (class=org.apache.hadoop.http.lib.StaticUserWebFilter$StaticUserFilter) to context ozoneManager
2023-03-09 15:00:34,314 [Listener at 127.0.0.1/40089] INFO  http.HttpServer2 (HttpServer2.java:addFilter(1015)) - Added filter static_user_filter (class=org.apache.hadoop.http.lib.StaticUserWebFilter$StaticUserFilter) to context logs
2023-03-09 15:00:34,314 [Listener at 127.0.0.1/40089] INFO  http.HttpServer2 (HttpServer2.java:addFilter(1015)) - Added filter static_user_filter (class=org.apache.hadoop.http.lib.StaticUserWebFilter$StaticUserFilter) to context static
2023-03-09 15:00:34,314 [Listener at 127.0.0.1/40089] INFO  http.BaseHttpServer (BaseHttpServer.java:<init>(190)) - HTTP server of ozoneManager uses base directory /home/runner/work/ozone/ozone/hadoop-ozone/integration-test/target/test-dir/MiniOzoneClusterImpl-4e7c95cc-71c1-4f0b-a9e9-e7b04a6f140e/omNode-1/webserver
2023-03-09 15:00:34,315 [Listener at 127.0.0.1/40089] INFO  http.HttpServer2 (HttpServer2.java:bindListener(1250)) - Jetty bound to port 40913
2023-03-09 15:00:34,315 [Listener at 127.0.0.1/40089] INFO  server.Server (Server.java:doStart(375)) - jetty-9.4.49.v20220914; built: 2022-09-14T01:07:36.601Z; git: 4231a3b2e4cb8548a412a789936d640a97b1aa0a; jvm 1.8.0_362-b09
2023-03-09 15:00:34,316 [Listener at 127.0.0.1/40089] INFO  server.session (DefaultSessionIdManager.java:doStart(334)) - DefaultSessionIdManager workerName=node0
2023-03-09 15:00:34,316 [Listener at 127.0.0.1/40089] INFO  server.session (DefaultSessionIdManager.java:doStart(339)) - No SessionScavenger set, using defaults
2023-03-09 15:00:34,317 [Listener at 127.0.0.1/40089] INFO  server.session (HouseKeeper.java:startScavenging(132)) - node0 Scavenging every 600000ms
2023-03-09 15:00:34,317 [Listener at 127.0.0.1/40089] INFO  handler.ContextHandler (ContextHandler.java:doStart(921)) - Started o.e.j.s.ServletContextHandler@1c505d76{logs,/logs,file:///home/runner/work/ozone/ozone/hadoop-ozone/integration-test/target/log,AVAILABLE}
2023-03-09 15:00:34,318 [Listener at 127.0.0.1/40089] INFO  handler.ContextHandler (ContextHandler.java:doStart(921)) - Started o.e.j.s.ServletContextHandler@76111797{static,/static,file:///home/runner/work/ozone/ozone/hadoop-ozone/integration-test/target/test-classes/webapps/static,AVAILABLE}
2023-03-09 15:00:34,326 [Listener at 127.0.0.1/40089] INFO  handler.ContextHandler (ContextHandler.java:doStart(921)) - Started o.e.j.w.WebAppContext@387901cf{ozoneManager,/,file:///home/runner/work/ozone/ozone/hadoop-ozone/integration-test/target/test-classes/webapps/ozoneManager/,AVAILABLE}{file:/home/runner/work/ozone/ozone/hadoop-ozone/integration-test/target/test-classes/webapps/ozoneManager}
2023-03-09 15:00:34,329 [Listener at 127.0.0.1/40089] INFO  server.AbstractConnector (AbstractConnector.java:doStart(333)) - Started ServerConnector@77a2873c{HTTP/1.1, (http/1.1)}{0.0.0.0:40913}
2023-03-09 15:00:34,329 [Listener at 127.0.0.1/40089] INFO  server.Server (Server.java:doStart(415)) - Started @164982ms
2023-03-09 15:00:34,329 [Listener at 127.0.0.1/40089] WARN  impl.MetricsSystemImpl (MetricsSystemImpl.java:register(279)) - Sink prometheus already exists!
2023-03-09 15:00:34,330 [Listener at 127.0.0.1/40089] INFO  http.BaseHttpServer (BaseHttpServer.java:updateConnectorAddress(344)) - HTTP server of ozoneManager listening at http://0.0.0.0:40913
2023-03-09 15:00:34,330 [IPC Server Responder] INFO  ipc.Server (Server.java:run(1512)) - IPC Server Responder: starting
2023-03-09 15:00:34,331 [IPC Server listener on 40089] INFO  ipc.Server (Server.java:run(1352)) - IPC Server listener on 40089: starting
2023-03-09 15:00:34,333 [Listener at 127.0.0.1/40089] INFO  om.OzoneManager (OzoneManager.java:startTrashEmptier(2040)) - Trash Interval set to 0. Files deleted won't move to trash
2023-03-09 15:00:34,342 [org.apache.hadoop.util.JvmPauseMonitor$Monitor@6da71f59] INFO  util.JvmPauseMonitor (JvmPauseMonitor.java:run(188)) - Starting JVM pause monitor
2023-03-09 15:00:34,342 [Listener at 127.0.0.1/40089] INFO  ozone.MiniOzoneHAClusterImpl (MiniOzoneHAClusterImpl.java:createOMService(527)) - Started OzoneManager omNode-1 RPC server at localhost/127.0.0.1:40089
2023-03-09 15:00:34,356 [Listener at 127.0.0.1/40089] WARN  impl.MetricRegistriesImpl (MetricRegistriesImpl.java:addReporterRegistration(111)) - New reporters are added after registries were created. Some metrics will be missing from the reporter. Please add reporter before adding any new registry.
2023-03-09 15:00:34,356 [Listener at 127.0.0.1/40089] WARN  impl.MetricRegistriesImpl (MetricRegistriesImpl.java:addReporterRegistration(111)) - New reporters are added after registries were created. Some metrics will be missing from the reporter. Please add reporter before adding any new registry.
2023-03-09 15:00:34,356 [Listener at 127.0.0.1/40089] INFO  impl.MetricsSystemImpl (MetricsSystemImpl.java:init(158)) - HddsDatanode metrics system started (again)
2023-03-09 15:00:34,368 [Listener at 127.0.0.1/40089] INFO  ozone.HddsDatanodeService (HddsDatanodeService.java:start(229)) - HddsDatanodeService host:fv-az377-502.ap30g4v5sw5evmjtdmxdg2w53f.dx.internal.cloudapp.net ip:10.1.0.44
2023-03-09 15:00:34,394 [Listener at 127.0.0.1/40089] INFO  upgrade.AbstractLayoutVersionManager (AbstractLayoutVersionManager.java:init(83)) - Initializing Layout version manager with metadata layout = DATANODE_SCHEMA_V3 (version = 4), software layout = DATANODE_SCHEMA_V3 (version = 4)
2023-03-09 15:00:34,457 [Listener at 127.0.0.1/40089] INFO  reflections.Reflections (Reflections.java:scan(232)) - Reflections took 61 ms to scan 7 urls, producing 154 keys and 367 values 
2023-03-09 15:00:34,459 [Listener at 127.0.0.1/40089] INFO  ha.SCMNodeInfo (SCMNodeInfo.java:getPort(197)) - ConfigKey ozone.scm.client.address is deprecated, For configuring different ports for each SCM use PortConfigKey ozone.scm.client.port appended with serviceId and nodeId
2023-03-09 15:00:34,459 [Listener at 127.0.0.1/40089] INFO  ha.SCMNodeInfo (SCMNodeInfo.java:getPort(197)) - ConfigKey ozone.scm.block.client.address is deprecated, For configuring different ports for each SCM use PortConfigKey ozone.scm.block.client.port appended with serviceId and nodeId
2023-03-09 15:00:34,459 [Listener at 127.0.0.1/40089] INFO  ha.SCMNodeInfo (SCMNodeInfo.java:getPort(197)) - ConfigKey ozone.scm.datanode.address is deprecated, For configuring different ports for each SCM use PortConfigKey ozone.scm.datanode.port appended with serviceId and nodeId
2023-03-09 15:00:34,459 [Listener at 127.0.0.1/40089] INFO  statemachine.DatanodeStateMachine (DatanodeStateMachine.java:getEndPointTaskThreadPoolSize(260)) - Datanode State Machine Task Thread Pool size 2
2023-03-09 15:00:34,461 [Listener at 127.0.0.1/40089] INFO  volume.HddsVolume (HddsVolume.java:<init>(122)) - Creating HddsVolume: /home/runner/work/ozone/ozone/hadoop-ozone/integration-test/target/test-dir/MiniOzoneClusterImpl-4e7c95cc-71c1-4f0b-a9e9-e7b04a6f140e/datanode-0/data-0/containers/hdds of storage type : DISK capacity : 9223372036854775807
2023-03-09 15:00:34,461 [Listener at 127.0.0.1/40089] INFO  volume.MutableVolumeSet (MutableVolumeSet.java:initializeVolumeSet(174)) - Added Volume : /home/runner/work/ozone/ozone/hadoop-ozone/integration-test/target/test-dir/MiniOzoneClusterImpl-4e7c95cc-71c1-4f0b-a9e9-e7b04a6f140e/datanode-0/data-0/containers/hdds to VolumeSet
2023-03-09 15:00:34,462 [Listener at 127.0.0.1/40089] INFO  volume.ThrottledAsyncChecker (ThrottledAsyncChecker.java:schedule(141)) - Scheduling a check for /home/runner/work/ozone/ozone/hadoop-ozone/integration-test/target/test-dir/MiniOzoneClusterImpl-4e7c95cc-71c1-4f0b-a9e9-e7b04a6f140e/datanode-0/data-0/containers/hdds
2023-03-09 15:00:34,462 [Listener at 127.0.0.1/40089] INFO  volume.StorageVolumeChecker (StorageVolumeChecker.java:checkAllVolumes(202)) - Scheduled health check for volume /home/runner/work/ozone/ozone/hadoop-ozone/integration-test/target/test-dir/MiniOzoneClusterImpl-4e7c95cc-71c1-4f0b-a9e9-e7b04a6f140e/datanode-0/data-0/containers/hdds
2023-03-09 15:00:34,475 [Listener at 127.0.0.1/40089] INFO  volume.MutableVolumeSet (MutableVolumeSet.java:initializeVolumeSet(174)) - Added Volume : /home/runner/work/ozone/ozone/hadoop-ozone/integration-test/target/test-dir/MiniOzoneClusterImpl-4e7c95cc-71c1-4f0b-a9e9-e7b04a6f140e/datanode-0/data/ratis to VolumeSet
2023-03-09 15:00:34,475 [Listener at 127.0.0.1/40089] INFO  volume.ThrottledAsyncChecker (ThrottledAsyncChecker.java:schedule(141)) - Scheduling a check for /home/runner/work/ozone/ozone/hadoop-ozone/integration-test/target/test-dir/MiniOzoneClusterImpl-4e7c95cc-71c1-4f0b-a9e9-e7b04a6f140e/datanode-0/data/ratis
2023-03-09 15:00:34,476 [Listener at 127.0.0.1/40089] INFO  volume.StorageVolumeChecker (StorageVolumeChecker.java:checkAllVolumes(202)) - Scheduled health check for volume /home/runner/work/ozone/ozone/hadoop-ozone/integration-test/target/test-dir/MiniOzoneClusterImpl-4e7c95cc-71c1-4f0b-a9e9-e7b04a6f140e/datanode-0/data/ratis
2023-03-09 15:00:34,489 [Thread-2662] INFO  ozoneimpl.ContainerReader (ContainerReader.java:readVolume(175)) - Finish verifying containers on volume /home/runner/work/ozone/ozone/hadoop-ozone/integration-test/target/test-dir/MiniOzoneClusterImpl-4e7c95cc-71c1-4f0b-a9e9-e7b04a6f140e/datanode-0/data-0/containers/hdds
2023-03-09 15:00:34,489 [Listener at 127.0.0.1/40089] INFO  ozoneimpl.OzoneContainer (OzoneContainer.java:buildContainerSet(304)) - Build ContainerSet costs 0s
2023-03-09 15:00:34,491 [Listener at 127.0.0.1/40089] INFO  server.RaftServer (ConfUtils.java:logGet(46)) - raft.rpc.type = GRPC (default)
2023-03-09 15:00:34,491 [Listener at 127.0.0.1/40089] INFO  grpc.GrpcConfigKeys (ConfUtils.java:logFallback(53)) - raft.grpc.admin.host = null (fallback to raft.grpc.server.host)
2023-03-09 15:00:34,492 [Listener at 127.0.0.1/40089] INFO  grpc.GrpcConfigKeys (ConfUtils.java:logGet(46)) - raft.grpc.admin.port = 0 (custom)
2023-03-09 15:00:34,492 [Listener at 127.0.0.1/40089] INFO  grpc.GrpcConfigKeys (ConfUtils.java:logFallback(53)) - raft.grpc.client.host = null (fallback to raft.grpc.server.host)
2023-03-09 15:00:34,492 [Listener at 127.0.0.1/40089] INFO  grpc.GrpcConfigKeys (ConfUtils.java:logGet(46)) - raft.grpc.client.port = 0 (custom)
2023-03-09 15:00:34,492 [Listener at 127.0.0.1/40089] INFO  grpc.GrpcConfigKeys (ConfUtils.java:logGet(46)) - raft.grpc.server.host = null (default)
2023-03-09 15:00:34,492 [Listener at 127.0.0.1/40089] INFO  grpc.GrpcConfigKeys (ConfUtils.java:logGet(46)) - raft.grpc.server.port = 0 (default)
2023-03-09 15:00:34,492 [Listener at 127.0.0.1/40089] INFO  server.GrpcService (ConfUtils.java:logGet(46)) - raft.grpc.message.size.max = 32MB (=33554432) (custom)
2023-03-09 15:00:34,492 [Listener at 127.0.0.1/40089] INFO  server.RaftServerConfigKeys (ConfUtils.java:logGet(46)) - raft.server.log.appender.buffer.byte-limit = 33554432 (custom)
2023-03-09 15:00:34,493 [Listener at 127.0.0.1/40089] INFO  server.GrpcService (ConfUtils.java:logGet(46)) - raft.grpc.flow.control.window = 5MB (=5242880) (custom)
2023-03-09 15:00:34,493 [Listener at 127.0.0.1/40089] INFO  server.RaftServerConfigKeys (ConfUtils.java:logGet(46)) - raft.server.rpc.request.timeout = 60s (custom)
2023-03-09 15:00:34,493 [Listener at 127.0.0.1/40089] INFO  grpc.GrpcConfigKeys (ConfUtils.java:logGet(46)) - raft.grpc.server.heartbeat.channel = true (default)
2023-03-09 15:00:34,493 [Listener at 127.0.0.1/40089] INFO  grpc.GrpcConfigKeys (ConfUtils.java:logGet(46)) - raft.grpc.server.async.request.thread.pool.cached = true (default)
2023-03-09 15:00:34,493 [Listener at 127.0.0.1/40089] INFO  grpc.GrpcConfigKeys (ConfUtils.java:logGet(46)) - raft.grpc.server.async.request.thread.pool.size = 32 (default)
2023-03-09 15:00:34,494 [Listener at 127.0.0.1/40089] INFO  impl.DataStreamServerImpl (ConfUtils.java:logGet(46)) - raft.datastream.type = NETTY (custom)
2023-03-09 15:00:34,495 [Listener at 127.0.0.1/40089] INFO  server.RaftServerConfigKeys (ConfUtils.java:logGet(46)) - raft.server.data-stream.async.request.thread.pool.cached = false (default)
2023-03-09 15:00:34,495 [Listener at 127.0.0.1/40089] INFO  server.RaftServerConfigKeys (ConfUtils.java:logGet(46)) - raft.server.data-stream.async.request.thread.pool.size = 20 (custom)
2023-03-09 15:00:34,495 [Listener at 127.0.0.1/40089] INFO  server.RaftServerConfigKeys (ConfUtils.java:logGet(46)) - raft.server.data-stream.async.write.thread.pool.size = 16 (default)
2023-03-09 15:00:34,495 [Listener at 127.0.0.1/40089] INFO  server.RaftServerConfigKeys (ConfUtils.java:logGet(46)) - raft.server.data-stream.client.pool.size = 10 (default)
2023-03-09 15:00:34,496 [Listener at 127.0.0.1/40089] INFO  netty.NettyConfigKeys$DataStream (ConfUtils.java:logGet(46)) - raft.netty.dataStream.server.use-epoll = false (default)
2023-03-09 15:00:34,496 [Listener at 127.0.0.1/40089] INFO  netty.NettyConfigKeys$DataStream (ConfUtils.java:logGet(46)) - raft.netty.dataStream.server.boss-group.size = 0 (default)
2023-03-09 15:00:34,496 [Listener at 127.0.0.1/40089] INFO  netty.NettyConfigKeys$DataStream (ConfUtils.java:logGet(46)) - raft.netty.dataStream.server.worker-group.size = 0 (default)
2023-03-09 15:00:34,497 [Listener at 127.0.0.1/40089] INFO  netty.NettyConfigKeys$DataStream (ConfUtils.java:logGet(46)) - raft.netty.dataStream.server.tls.conf = null (default)
2023-03-09 15:00:34,497 [Listener at 127.0.0.1/40089] INFO  netty.NettyConfigKeys$DataStream (ConfUtils.java:logGet(46)) - raft.netty.dataStream.host = null (default)
2023-03-09 15:00:34,497 [Listener at 127.0.0.1/40089] INFO  netty.NettyConfigKeys$DataStream (ConfUtils.java:logGet(46)) - raft.netty.dataStream.port = 0 (default)
2023-03-09 15:00:34,498 [Listener at 127.0.0.1/40089] INFO  server.RaftServerConfigKeys (ConfUtils.java:logGet(46)) - raft.server.threadpool.proxy.cached = true (default)
2023-03-09 15:00:34,498 [Listener at 127.0.0.1/40089] INFO  server.RaftServerConfigKeys (ConfUtils.java:logGet(46)) - raft.server.threadpool.proxy.size = 0 (default)
2023-03-09 15:00:34,498 [Listener at 127.0.0.1/40089] INFO  server.RaftServerConfigKeys (ConfUtils.java:logGet(46)) - raft.server.rpc.slowness.timeout = 300s (custom)
2023-03-09 15:00:34,498 [Listener at 127.0.0.1/40089] INFO  server.RaftServerConfigKeys (ConfUtils.java:logGet(46)) - raft.server.leaderelection.leader.step-down.wait-time = 10s (default)
2023-03-09 15:00:34,498 [fdc7571d-9447-4092-959d-9ce0ad2f1809-NettyServerStreamRpc-bossGroup--thread1] INFO  logging.LoggingHandler (AbstractInternalLogger.java:log(148)) - [id: 0x7ee240e7] REGISTERED
2023-03-09 15:00:34,499 [Listener at 127.0.0.1/40089] INFO  server.RaftServerConfigKeys (ConfUtils.java:logGet(46)) - raft.server.storage.dir = [/home/runner/work/ozone/ozone/hadoop-ozone/integration-test/target/test-dir/MiniOzoneClusterImpl-4e7c95cc-71c1-4f0b-a9e9-e7b04a6f140e/datanode-0/data/ratis] (custom)
2023-03-09 15:00:34,499 [fdc7571d-9447-4092-959d-9ce0ad2f1809-NettyServerStreamRpc-bossGroup--thread1] INFO  logging.LoggingHandler (AbstractInternalLogger.java:log(148)) - [id: 0x7ee240e7] BIND: 0.0.0.0/0.0.0.0:0
2023-03-09 15:00:34,499 [fdc7571d-9447-4092-959d-9ce0ad2f1809-NettyServerStreamRpc-bossGroup--thread1] INFO  logging.LoggingHandler (AbstractInternalLogger.java:log(148)) - [id: 0x7ee240e7, L:/0:0:0:0:0:0:0:0:44285] ACTIVE
2023-03-09 15:00:34,500 [Listener at 127.0.0.1/40089] INFO  server.XceiverServerGrpc (XceiverServerGrpc.java:<init>(132)) - GrpcServer channel type EpollServerSocketChannel
2023-03-09 15:00:34,503 [Listener at 127.0.0.1/40089] INFO  http.BaseHttpServer (BaseHttpServer.java:newHttpServer2BuilderForOzone(224)) - Starting Web-server for hddsDatanode at: http://0.0.0.0:0
2023-03-09 15:00:34,503 [Listener at 127.0.0.1/40089] INFO  http.BaseHttpServer (BaseHttpServer.java:<init>(111)) - Hadoop Security Enabled: false Ozone Security Enabled: false Ozone HTTP Security Enabled: false 
2023-03-09 15:00:34,504 [Listener at 127.0.0.1/40089] WARN  server.AuthenticationFilter (AuthenticationFilter.java:constructSecretProvider(240)) - Unable to initialize FileSignerSecretProvider, falling back to use random secrets. Reason: Could not read signature secret file: /home/runner/hadoop-http-auth-signature-secret
2023-03-09 15:00:34,505 [Listener at 127.0.0.1/40089] WARN  http.HttpRequestLog (HttpRequestLog.java:getRequestLog(103)) - Jetty request log can only be enabled using Log4j
2023-03-09 15:00:34,506 [Listener at 127.0.0.1/40089] INFO  http.HttpServer2 (HttpServer2.java:addGlobalFilter(1031)) - Added global filter 'safety' (class=org.apache.hadoop.hdds.server.http.HttpServer2$QuotingInputFilter)
2023-03-09 15:00:34,507 [Listener at 127.0.0.1/40089] INFO  http.HttpServer2 (HttpServer2.java:addFilter(1007)) - Added filter static_user_filter (class=org.apache.hadoop.http.lib.StaticUserWebFilter$StaticUserFilter) to context hddsDatanode
2023-03-09 15:00:34,507 [Listener at 127.0.0.1/40089] INFO  http.HttpServer2 (HttpServer2.java:addFilter(1015)) - Added filter static_user_filter (class=org.apache.hadoop.http.lib.StaticUserWebFilter$StaticUserFilter) to context logs
2023-03-09 15:00:34,507 [Listener at 127.0.0.1/40089] INFO  http.HttpServer2 (HttpServer2.java:addFilter(1015)) - Added filter static_user_filter (class=org.apache.hadoop.http.lib.StaticUserWebFilter$StaticUserFilter) to context static
2023-03-09 15:00:34,508 [Listener at 127.0.0.1/40089] INFO  http.BaseHttpServer (BaseHttpServer.java:<init>(190)) - HTTP server of hddsDatanode uses base directory /home/runner/work/ozone/ozone/hadoop-ozone/integration-test/target/test-dir/MiniOzoneClusterImpl-4e7c95cc-71c1-4f0b-a9e9-e7b04a6f140e/datanode-0/meta/webserver
2023-03-09 15:00:34,508 [Listener at 127.0.0.1/40089] INFO  http.HttpServer2 (HttpServer2.java:bindListener(1250)) - Jetty bound to port 35599
2023-03-09 15:00:34,508 [Listener at 127.0.0.1/40089] INFO  server.Server (Server.java:doStart(375)) - jetty-9.4.49.v20220914; built: 2022-09-14T01:07:36.601Z; git: 4231a3b2e4cb8548a412a789936d640a97b1aa0a; jvm 1.8.0_362-b09
2023-03-09 15:00:34,510 [Listener at 127.0.0.1/40089] INFO  server.session (DefaultSessionIdManager.java:doStart(334)) - DefaultSessionIdManager workerName=node0
2023-03-09 15:00:34,510 [Listener at 127.0.0.1/40089] INFO  server.session (DefaultSessionIdManager.java:doStart(339)) - No SessionScavenger set, using defaults
2023-03-09 15:00:34,511 [Listener at 127.0.0.1/40089] INFO  server.session (HouseKeeper.java:startScavenging(132)) - node0 Scavenging every 660000ms
2023-03-09 15:00:34,511 [Listener at 127.0.0.1/40089] INFO  handler.ContextHandler (ContextHandler.java:doStart(921)) - Started o.e.j.s.ServletContextHandler@4e301f93{logs,/logs,file:///home/runner/work/ozone/ozone/hadoop-ozone/integration-test/target/log,AVAILABLE}
2023-03-09 15:00:34,512 [Listener at 127.0.0.1/40089] INFO  handler.ContextHandler (ContextHandler.java:doStart(921)) - Started o.e.j.s.ServletContextHandler@7142c345{static,/static,jar:file:/home/runner/.m2/repository/org/apache/ozone/hdds-container-service/1.4.0-SNAPSHOT/hdds-container-service-1.4.0-SNAPSHOT.jar!/webapps/static,AVAILABLE}
2023-03-09 15:00:34,741 [Listener at 127.0.0.1/40089] INFO  handler.ContextHandler (ContextHandler.java:doStart(921)) - Started o.e.j.w.WebAppContext@353339ef{hddsDatanode,/,file:///home/runner/work/ozone/ozone/hadoop-ozone/integration-test/target/test-dir/MiniOzoneClusterImpl-4e7c95cc-71c1-4f0b-a9e9-e7b04a6f140e/datanode-0/meta/webserver/jetty-0_0_0_0-35599-hdds-container-service-1_4_0-SNAPSHOT_jar-_-any-2170907767762936957/webapp/,AVAILABLE}{jar:file:/home/runner/.m2/repository/org/apache/ozone/hdds-container-service/1.4.0-SNAPSHOT/hdds-container-service-1.4.0-SNAPSHOT.jar!/webapps/hddsDatanode}
2023-03-09 15:00:34,743 [Listener at 127.0.0.1/40089] INFO  server.AbstractConnector (AbstractConnector.java:doStart(333)) - Started ServerConnector@63475bfd{HTTP/1.1, (http/1.1)}{0.0.0.0:35599}
2023-03-09 15:00:34,744 [Listener at 127.0.0.1/40089] INFO  server.Server (Server.java:doStart(415)) - Started @165397ms
2023-03-09 15:00:34,744 [Listener at 127.0.0.1/40089] WARN  impl.MetricsSystemImpl (MetricsSystemImpl.java:register(279)) - Sink prometheus already exists!
2023-03-09 15:00:34,746 [Listener at 127.0.0.1/40089] INFO  http.BaseHttpServer (BaseHttpServer.java:updateConnectorAddress(344)) - HTTP server of hddsDatanode listening at http://0.0.0.0:35599
2023-03-09 15:00:34,748 [Datanode State Machine Daemon Thread] INFO  statemachine.DatanodeStateMachine (DatanodeStateMachine.java:lambda$startDaemon$0(517)) - Ozone container server started.
2023-03-09 15:00:34,748 [Listener at 127.0.0.1/40089] WARN  impl.MetricRegistriesImpl (MetricRegistriesImpl.java:addReporterRegistration(111)) - New reporters are added after registries were created. Some metrics will be missing from the reporter. Please add reporter before adding any new registry.
2023-03-09 15:00:34,750 [Listener at 127.0.0.1/40089] WARN  impl.MetricRegistriesImpl (MetricRegistriesImpl.java:addReporterRegistration(111)) - New reporters are added after registries were created. Some metrics will be missing from the reporter. Please add reporter before adding any new registry.
2023-03-09 15:00:34,750 [Listener at 127.0.0.1/40089] INFO  impl.MetricsSystemImpl (MetricsSystemImpl.java:init(158)) - HddsDatanode metrics system started (again)
2023-03-09 15:00:34,763 [Listener at 127.0.0.1/40089] INFO  ozone.HddsDatanodeService (HddsDatanodeService.java:start(229)) - HddsDatanodeService host:fv-az377-502.ap30g4v5sw5evmjtdmxdg2w53f.dx.internal.cloudapp.net ip:10.1.0.44
2023-03-09 15:00:34,773 [Datanode State Machine Task Thread - 0] INFO  ha.SCMNodeInfo (SCMNodeInfo.java:getPort(197)) - ConfigKey ozone.scm.client.address is deprecated, For configuring different ports for each SCM use PortConfigKey ozone.scm.client.port appended with serviceId and nodeId
2023-03-09 15:00:34,773 [org.apache.hadoop.util.JvmPauseMonitor$Monitor@2c20e879] INFO  util.JvmPauseMonitor (JvmPauseMonitor.java:run(188)) - Starting JVM pause monitor
2023-03-09 15:00:34,773 [Datanode State Machine Task Thread - 0] INFO  ha.SCMNodeInfo (SCMNodeInfo.java:getPort(197)) - ConfigKey ozone.scm.block.client.address is deprecated, For configuring different ports for each SCM use PortConfigKey ozone.scm.block.client.port appended with serviceId and nodeId
2023-03-09 15:00:34,774 [Datanode State Machine Task Thread - 0] INFO  ha.SCMNodeInfo (SCMNodeInfo.java:getPort(197)) - ConfigKey ozone.scm.datanode.address is deprecated, For configuring different ports for each SCM use PortConfigKey ozone.scm.datanode.port appended with serviceId and nodeId
2023-03-09 15:00:34,779 [Datanode State Machine Task Thread - 0] INFO  datanode.InitDatanodeState (InitDatanodeState.java:persistContainerDatanodeDetails(138)) - DatanodeDetails is persisted to /home/runner/work/ozone/ozone/hadoop-ozone/integration-test/target/test-dir/MiniOzoneClusterImpl-4e7c95cc-71c1-4f0b-a9e9-e7b04a6f140e/datanode-0/meta/datanode.id
2023-03-09 15:00:34,786 [EndpointStateMachine task thread for /127.0.0.1:36681 - 0 ] INFO  ipc.Client (Client.java:handleConnectionFailure(1010)) - Retrying connect to server: localhost/127.0.0.1:36681. Already tried 4 time(s); retry policy is RetryUpToMaximumCountWithFixedSleep(maxRetries=15, sleepTime=1000 MILLISECONDS)
2023-03-09 15:00:34,790 [Listener at 127.0.0.1/40089] INFO  upgrade.AbstractLayoutVersionManager (AbstractLayoutVersionManager.java:init(83)) - Initializing Layout version manager with metadata layout = DATANODE_SCHEMA_V3 (version = 4), software layout = DATANODE_SCHEMA_V3 (version = 4)
2023-03-09 15:00:34,839 [Listener at 127.0.0.1/40089] INFO  reflections.Reflections (Reflections.java:scan(232)) - Reflections took 48 ms to scan 7 urls, producing 154 keys and 367 values 
2023-03-09 15:00:34,841 [Listener at 127.0.0.1/40089] INFO  ha.SCMNodeInfo (SCMNodeInfo.java:getPort(197)) - ConfigKey ozone.scm.client.address is deprecated, For configuring different ports for each SCM use PortConfigKey ozone.scm.client.port appended with serviceId and nodeId
2023-03-09 15:00:34,841 [Listener at 127.0.0.1/40089] INFO  ha.SCMNodeInfo (SCMNodeInfo.java:getPort(197)) - ConfigKey ozone.scm.block.client.address is deprecated, For configuring different ports for each SCM use PortConfigKey ozone.scm.block.client.port appended with serviceId and nodeId
2023-03-09 15:00:34,841 [Listener at 127.0.0.1/40089] INFO  ha.SCMNodeInfo (SCMNodeInfo.java:getPort(197)) - ConfigKey ozone.scm.datanode.address is deprecated, For configuring different ports for each SCM use PortConfigKey ozone.scm.datanode.port appended with serviceId and nodeId
2023-03-09 15:00:34,841 [Listener at 127.0.0.1/40089] INFO  statemachine.DatanodeStateMachine (DatanodeStateMachine.java:getEndPointTaskThreadPoolSize(260)) - Datanode State Machine Task Thread Pool size 2
2023-03-09 15:00:34,843 [Listener at 127.0.0.1/40089] INFO  volume.HddsVolume (HddsVolume.java:<init>(122)) - Creating HddsVolume: /home/runner/work/ozone/ozone/hadoop-ozone/integration-test/target/test-dir/MiniOzoneClusterImpl-4e7c95cc-71c1-4f0b-a9e9-e7b04a6f140e/datanode-1/data-0/containers/hdds of storage type : DISK capacity : 9223372036854775807
2023-03-09 15:00:34,843 [Listener at 127.0.0.1/40089] INFO  volume.MutableVolumeSet (MutableVolumeSet.java:initializeVolumeSet(174)) - Added Volume : /home/runner/work/ozone/ozone/hadoop-ozone/integration-test/target/test-dir/MiniOzoneClusterImpl-4e7c95cc-71c1-4f0b-a9e9-e7b04a6f140e/datanode-1/data-0/containers/hdds to VolumeSet
2023-03-09 15:00:34,844 [Listener at 127.0.0.1/40089] INFO  volume.ThrottledAsyncChecker (ThrottledAsyncChecker.java:schedule(141)) - Scheduling a check for /home/runner/work/ozone/ozone/hadoop-ozone/integration-test/target/test-dir/MiniOzoneClusterImpl-4e7c95cc-71c1-4f0b-a9e9-e7b04a6f140e/datanode-1/data-0/containers/hdds
2023-03-09 15:00:34,844 [Listener at 127.0.0.1/40089] INFO  volume.StorageVolumeChecker (StorageVolumeChecker.java:checkAllVolumes(202)) - Scheduled health check for volume /home/runner/work/ozone/ozone/hadoop-ozone/integration-test/target/test-dir/MiniOzoneClusterImpl-4e7c95cc-71c1-4f0b-a9e9-e7b04a6f140e/datanode-1/data-0/containers/hdds
2023-03-09 15:00:34,855 [Listener at 127.0.0.1/40089] INFO  volume.MutableVolumeSet (MutableVolumeSet.java:initializeVolumeSet(174)) - Added Volume : /home/runner/work/ozone/ozone/hadoop-ozone/integration-test/target/test-dir/MiniOzoneClusterImpl-4e7c95cc-71c1-4f0b-a9e9-e7b04a6f140e/datanode-1/data/ratis to VolumeSet
2023-03-09 15:00:34,855 [Listener at 127.0.0.1/40089] INFO  volume.ThrottledAsyncChecker (ThrottledAsyncChecker.java:schedule(141)) - Scheduling a check for /home/runner/work/ozone/ozone/hadoop-ozone/integration-test/target/test-dir/MiniOzoneClusterImpl-4e7c95cc-71c1-4f0b-a9e9-e7b04a6f140e/datanode-1/data/ratis
2023-03-09 15:00:34,855 [Listener at 127.0.0.1/40089] INFO  volume.StorageVolumeChecker (StorageVolumeChecker.java:checkAllVolumes(202)) - Scheduled health check for volume /home/runner/work/ozone/ozone/hadoop-ozone/integration-test/target/test-dir/MiniOzoneClusterImpl-4e7c95cc-71c1-4f0b-a9e9-e7b04a6f140e/datanode-1/data/ratis
2023-03-09 15:00:34,867 [Thread-2676] INFO  ozoneimpl.ContainerReader (ContainerReader.java:readVolume(175)) - Finish verifying containers on volume /home/runner/work/ozone/ozone/hadoop-ozone/integration-test/target/test-dir/MiniOzoneClusterImpl-4e7c95cc-71c1-4f0b-a9e9-e7b04a6f140e/datanode-1/data-0/containers/hdds
2023-03-09 15:00:34,867 [Listener at 127.0.0.1/40089] INFO  ozoneimpl.OzoneContainer (OzoneContainer.java:buildContainerSet(304)) - Build ContainerSet costs 0s
2023-03-09 15:00:34,869 [Listener at 127.0.0.1/40089] INFO  server.RaftServer (ConfUtils.java:logGet(46)) - raft.rpc.type = GRPC (default)
2023-03-09 15:00:34,869 [Listener at 127.0.0.1/40089] INFO  grpc.GrpcConfigKeys (ConfUtils.java:logFallback(53)) - raft.grpc.admin.host = null (fallback to raft.grpc.server.host)
2023-03-09 15:00:34,870 [Listener at 127.0.0.1/40089] INFO  grpc.GrpcConfigKeys (ConfUtils.java:logGet(46)) - raft.grpc.admin.port = 0 (custom)
2023-03-09 15:00:34,870 [Listener at 127.0.0.1/40089] INFO  grpc.GrpcConfigKeys (ConfUtils.java:logFallback(53)) - raft.grpc.client.host = null (fallback to raft.grpc.server.host)
2023-03-09 15:00:34,870 [Listener at 127.0.0.1/40089] INFO  grpc.GrpcConfigKeys (ConfUtils.java:logGet(46)) - raft.grpc.client.port = 0 (custom)
2023-03-09 15:00:34,870 [Listener at 127.0.0.1/40089] INFO  grpc.GrpcConfigKeys (ConfUtils.java:logGet(46)) - raft.grpc.server.host = null (default)
2023-03-09 15:00:34,870 [Listener at 127.0.0.1/40089] INFO  grpc.GrpcConfigKeys (ConfUtils.java:logGet(46)) - raft.grpc.server.port = 0 (default)
2023-03-09 15:00:34,870 [Listener at 127.0.0.1/40089] INFO  server.GrpcService (ConfUtils.java:logGet(46)) - raft.grpc.message.size.max = 32MB (=33554432) (custom)
2023-03-09 15:00:34,871 [Listener at 127.0.0.1/40089] INFO  server.RaftServerConfigKeys (ConfUtils.java:logGet(46)) - raft.server.log.appender.buffer.byte-limit = 33554432 (custom)
2023-03-09 15:00:34,871 [Listener at 127.0.0.1/40089] INFO  server.GrpcService (ConfUtils.java:logGet(46)) - raft.grpc.flow.control.window = 5MB (=5242880) (custom)
2023-03-09 15:00:34,871 [Listener at 127.0.0.1/40089] INFO  server.RaftServerConfigKeys (ConfUtils.java:logGet(46)) - raft.server.rpc.request.timeout = 60s (custom)
2023-03-09 15:00:34,871 [Listener at 127.0.0.1/40089] INFO  grpc.GrpcConfigKeys (ConfUtils.java:logGet(46)) - raft.grpc.server.heartbeat.channel = true (default)
2023-03-09 15:00:34,871 [Listener at 127.0.0.1/40089] INFO  grpc.GrpcConfigKeys (ConfUtils.java:logGet(46)) - raft.grpc.server.async.request.thread.pool.cached = true (default)
2023-03-09 15:00:34,871 [Listener at 127.0.0.1/40089] INFO  grpc.GrpcConfigKeys (ConfUtils.java:logGet(46)) - raft.grpc.server.async.request.thread.pool.size = 32 (default)
2023-03-09 15:00:34,873 [Listener at 127.0.0.1/40089] INFO  impl.DataStreamServerImpl (ConfUtils.java:logGet(46)) - raft.datastream.type = NETTY (custom)
2023-03-09 15:00:34,873 [Listener at 127.0.0.1/40089] INFO  server.RaftServerConfigKeys (ConfUtils.java:logGet(46)) - raft.server.data-stream.async.request.thread.pool.cached = false (default)
2023-03-09 15:00:34,873 [Listener at 127.0.0.1/40089] INFO  server.RaftServerConfigKeys (ConfUtils.java:logGet(46)) - raft.server.data-stream.async.request.thread.pool.size = 20 (custom)
2023-03-09 15:00:34,873 [Listener at 127.0.0.1/40089] INFO  server.RaftServerConfigKeys (ConfUtils.java:logGet(46)) - raft.server.data-stream.async.write.thread.pool.size = 16 (default)
2023-03-09 15:00:34,874 [Listener at 127.0.0.1/40089] INFO  server.RaftServerConfigKeys (ConfUtils.java:logGet(46)) - raft.server.data-stream.client.pool.size = 10 (default)
2023-03-09 15:00:34,874 [Listener at 127.0.0.1/40089] INFO  netty.NettyConfigKeys$DataStream (ConfUtils.java:logGet(46)) - raft.netty.dataStream.server.use-epoll = false (default)
2023-03-09 15:00:34,874 [Listener at 127.0.0.1/40089] INFO  netty.NettyConfigKeys$DataStream (ConfUtils.java:logGet(46)) - raft.netty.dataStream.server.boss-group.size = 0 (default)
2023-03-09 15:00:34,876 [Listener at 127.0.0.1/40089] INFO  netty.NettyConfigKeys$DataStream (ConfUtils.java:logGet(46)) - raft.netty.dataStream.server.worker-group.size = 0 (default)
2023-03-09 15:00:34,876 [Listener at 127.0.0.1/40089] INFO  netty.NettyConfigKeys$DataStream (ConfUtils.java:logGet(46)) - raft.netty.dataStream.server.tls.conf = null (default)
2023-03-09 15:00:34,876 [Listener at 127.0.0.1/40089] INFO  netty.NettyConfigKeys$DataStream (ConfUtils.java:logGet(46)) - raft.netty.dataStream.host = null (default)
2023-03-09 15:00:34,877 [Listener at 127.0.0.1/40089] INFO  netty.NettyConfigKeys$DataStream (ConfUtils.java:logGet(46)) - raft.netty.dataStream.port = 0 (default)
2023-03-09 15:00:34,877 [Listener at 127.0.0.1/40089] INFO  server.RaftServerConfigKeys (ConfUtils.java:logGet(46)) - raft.server.threadpool.proxy.cached = true (default)
2023-03-09 15:00:34,877 [Listener at 127.0.0.1/40089] INFO  server.RaftServerConfigKeys (ConfUtils.java:logGet(46)) - raft.server.threadpool.proxy.size = 0 (default)
2023-03-09 15:00:34,877 [ac810fbe-b19a-4148-a035-811b2b5a9c18-NettyServerStreamRpc-bossGroup--thread1] INFO  logging.LoggingHandler (AbstractInternalLogger.java:log(148)) - [id: 0x53c50ba3] REGISTERED
2023-03-09 15:00:34,878 [Listener at 127.0.0.1/40089] INFO  server.RaftServerConfigKeys (ConfUtils.java:logGet(46)) - raft.server.rpc.slowness.timeout = 300s (custom)
2023-03-09 15:00:34,878 [ac810fbe-b19a-4148-a035-811b2b5a9c18-NettyServerStreamRpc-bossGroup--thread1] INFO  logging.LoggingHandler (AbstractInternalLogger.java:log(148)) - [id: 0x53c50ba3] BIND: 0.0.0.0/0.0.0.0:0
2023-03-09 15:00:34,878 [Listener at 127.0.0.1/40089] INFO  server.RaftServerConfigKeys (ConfUtils.java:logGet(46)) - raft.server.leaderelection.leader.step-down.wait-time = 10s (default)
2023-03-09 15:00:34,878 [ac810fbe-b19a-4148-a035-811b2b5a9c18-NettyServerStreamRpc-bossGroup--thread1] INFO  logging.LoggingHandler (AbstractInternalLogger.java:log(148)) - [id: 0x53c50ba3, L:/0:0:0:0:0:0:0:0:45019] ACTIVE
2023-03-09 15:00:34,878 [Listener at 127.0.0.1/40089] INFO  server.RaftServerConfigKeys (ConfUtils.java:logGet(46)) - raft.server.storage.dir = [/home/runner/work/ozone/ozone/hadoop-ozone/integration-test/target/test-dir/MiniOzoneClusterImpl-4e7c95cc-71c1-4f0b-a9e9-e7b04a6f140e/datanode-1/data/ratis] (custom)
2023-03-09 15:00:34,880 [Listener at 127.0.0.1/40089] INFO  server.XceiverServerGrpc (XceiverServerGrpc.java:<init>(132)) - GrpcServer channel type EpollServerSocketChannel
2023-03-09 15:00:34,883 [Listener at 127.0.0.1/40089] INFO  http.BaseHttpServer (BaseHttpServer.java:newHttpServer2BuilderForOzone(224)) - Starting Web-server for hddsDatanode at: http://0.0.0.0:0
2023-03-09 15:00:34,883 [Listener at 127.0.0.1/40089] INFO  http.BaseHttpServer (BaseHttpServer.java:<init>(111)) - Hadoop Security Enabled: false Ozone Security Enabled: false Ozone HTTP Security Enabled: false 
2023-03-09 15:00:34,884 [Listener at 127.0.0.1/40089] WARN  server.AuthenticationFilter (AuthenticationFilter.java:constructSecretProvider(240)) - Unable to initialize FileSignerSecretProvider, falling back to use random secrets. Reason: Could not read signature secret file: /home/runner/hadoop-http-auth-signature-secret
2023-03-09 15:00:34,884 [Listener at 127.0.0.1/40089] WARN  http.HttpRequestLog (HttpRequestLog.java:getRequestLog(103)) - Jetty request log can only be enabled using Log4j
2023-03-09 15:00:34,885 [Listener at 127.0.0.1/40089] INFO  http.HttpServer2 (HttpServer2.java:addGlobalFilter(1031)) - Added global filter 'safety' (class=org.apache.hadoop.hdds.server.http.HttpServer2$QuotingInputFilter)
2023-03-09 15:00:34,886 [Listener at 127.0.0.1/40089] INFO  http.HttpServer2 (HttpServer2.java:addFilter(1007)) - Added filter static_user_filter (class=org.apache.hadoop.http.lib.StaticUserWebFilter$StaticUserFilter) to context hddsDatanode
2023-03-09 15:00:34,886 [Listener at 127.0.0.1/40089] INFO  http.HttpServer2 (HttpServer2.java:addFilter(1015)) - Added filter static_user_filter (class=org.apache.hadoop.http.lib.StaticUserWebFilter$StaticUserFilter) to context static
2023-03-09 15:00:34,886 [Listener at 127.0.0.1/40089] INFO  http.HttpServer2 (HttpServer2.java:addFilter(1015)) - Added filter static_user_filter (class=org.apache.hadoop.http.lib.StaticUserWebFilter$StaticUserFilter) to context logs
2023-03-09 15:00:34,887 [Listener at 127.0.0.1/40089] INFO  http.BaseHttpServer (BaseHttpServer.java:<init>(190)) - HTTP server of hddsDatanode uses base directory /home/runner/work/ozone/ozone/hadoop-ozone/integration-test/target/test-dir/MiniOzoneClusterImpl-4e7c95cc-71c1-4f0b-a9e9-e7b04a6f140e/datanode-1/meta/webserver
2023-03-09 15:00:34,887 [Listener at 127.0.0.1/40089] INFO  http.HttpServer2 (HttpServer2.java:bindListener(1250)) - Jetty bound to port 39309
2023-03-09 15:00:34,887 [Listener at 127.0.0.1/40089] INFO  server.Server (Server.java:doStart(375)) - jetty-9.4.49.v20220914; built: 2022-09-14T01:07:36.601Z; git: 4231a3b2e4cb8548a412a789936d640a97b1aa0a; jvm 1.8.0_362-b09
2023-03-09 15:00:34,895 [Listener at 127.0.0.1/40089] INFO  server.session (DefaultSessionIdManager.java:doStart(334)) - DefaultSessionIdManager workerName=node0
2023-03-09 15:00:34,895 [Listener at 127.0.0.1/40089] INFO  server.session (DefaultSessionIdManager.java:doStart(339)) - No SessionScavenger set, using defaults
2023-03-09 15:00:34,895 [Listener at 127.0.0.1/40089] INFO  server.session (HouseKeeper.java:startScavenging(132)) - node0 Scavenging every 600000ms
2023-03-09 15:00:34,896 [Listener at 127.0.0.1/40089] INFO  handler.ContextHandler (ContextHandler.java:doStart(921)) - Started o.e.j.s.ServletContextHandler@1c4de191{logs,/logs,file:///home/runner/work/ozone/ozone/hadoop-ozone/integration-test/target/log,AVAILABLE}
2023-03-09 15:00:34,896 [Listener at 127.0.0.1/40089] INFO  handler.ContextHandler (ContextHandler.java:doStart(921)) - Started o.e.j.s.ServletContextHandler@7dc6a671{static,/static,jar:file:/home/runner/.m2/repository/org/apache/ozone/hdds-container-service/1.4.0-SNAPSHOT/hdds-container-service-1.4.0-SNAPSHOT.jar!/webapps/static,AVAILABLE}
2023-03-09 15:00:35,113 [Listener at 127.0.0.1/40089] INFO  handler.ContextHandler (ContextHandler.java:doStart(921)) - Started o.e.j.w.WebAppContext@6dcecd7{hddsDatanode,/,file:///home/runner/work/ozone/ozone/hadoop-ozone/integration-test/target/test-dir/MiniOzoneClusterImpl-4e7c95cc-71c1-4f0b-a9e9-e7b04a6f140e/datanode-1/meta/webserver/jetty-0_0_0_0-39309-hdds-container-service-1_4_0-SNAPSHOT_jar-_-any-3409048921989448811/webapp/,AVAILABLE}{jar:file:/home/runner/.m2/repository/org/apache/ozone/hdds-container-service/1.4.0-SNAPSHOT/hdds-container-service-1.4.0-SNAPSHOT.jar!/webapps/hddsDatanode}
2023-03-09 15:00:35,116 [Listener at 127.0.0.1/40089] INFO  server.AbstractConnector (AbstractConnector.java:doStart(333)) - Started ServerConnector@16c2d6d2{HTTP/1.1, (http/1.1)}{0.0.0.0:39309}
2023-03-09 15:00:35,116 [Listener at 127.0.0.1/40089] INFO  server.Server (Server.java:doStart(415)) - Started @165770ms
2023-03-09 15:00:35,117 [Listener at 127.0.0.1/40089] WARN  impl.MetricsSystemImpl (MetricsSystemImpl.java:register(279)) - Sink prometheus already exists!
2023-03-09 15:00:35,117 [Listener at 127.0.0.1/40089] INFO  http.BaseHttpServer (BaseHttpServer.java:updateConnectorAddress(344)) - HTTP server of hddsDatanode listening at http://0.0.0.0:39309
2023-03-09 15:00:35,118 [Datanode State Machine Daemon Thread] INFO  statemachine.DatanodeStateMachine (DatanodeStateMachine.java:lambda$startDaemon$0(517)) - Ozone container server started.
2023-03-09 15:00:35,118 [Listener at 127.0.0.1/40089] WARN  impl.MetricRegistriesImpl (MetricRegistriesImpl.java:addReporterRegistration(111)) - New reporters are added after registries were created. Some metrics will be missing from the reporter. Please add reporter before adding any new registry.
2023-03-09 15:00:35,123 [Listener at 127.0.0.1/40089] WARN  impl.MetricRegistriesImpl (MetricRegistriesImpl.java:addReporterRegistration(111)) - New reporters are added after registries were created. Some metrics will be missing from the reporter. Please add reporter before adding any new registry.
2023-03-09 15:00:35,123 [Listener at 127.0.0.1/40089] INFO  impl.MetricsSystemImpl (MetricsSystemImpl.java:init(158)) - HddsDatanode metrics system started (again)
2023-03-09 15:00:35,129 [Datanode State Machine Task Thread - 0] INFO  ha.SCMNodeInfo (SCMNodeInfo.java:getPort(197)) - ConfigKey ozone.scm.client.address is deprecated, For configuring different ports for each SCM use PortConfigKey ozone.scm.client.port appended with serviceId and nodeId
2023-03-09 15:00:35,128 [org.apache.hadoop.util.JvmPauseMonitor$Monitor@476dfe0e] INFO  util.JvmPauseMonitor (JvmPauseMonitor.java:run(188)) - Starting JVM pause monitor
2023-03-09 15:00:35,131 [Datanode State Machine Task Thread - 0] INFO  ha.SCMNodeInfo (SCMNodeInfo.java:getPort(197)) - ConfigKey ozone.scm.block.client.address is deprecated, For configuring different ports for each SCM use PortConfigKey ozone.scm.block.client.port appended with serviceId and nodeId
2023-03-09 15:00:35,133 [Datanode State Machine Task Thread - 0] INFO  ha.SCMNodeInfo (SCMNodeInfo.java:getPort(197)) - ConfigKey ozone.scm.datanode.address is deprecated, For configuring different ports for each SCM use PortConfigKey ozone.scm.datanode.port appended with serviceId and nodeId
2023-03-09 15:00:35,135 [Datanode State Machine Task Thread - 0] INFO  datanode.InitDatanodeState (InitDatanodeState.java:persistContainerDatanodeDetails(138)) - DatanodeDetails is persisted to /home/runner/work/ozone/ozone/hadoop-ozone/integration-test/target/test-dir/MiniOzoneClusterImpl-4e7c95cc-71c1-4f0b-a9e9-e7b04a6f140e/datanode-1/meta/datanode.id
2023-03-09 15:00:35,149 [Listener at 127.0.0.1/40089] INFO  ozone.HddsDatanodeService (HddsDatanodeService.java:start(229)) - HddsDatanodeService host:fv-az377-502.ap30g4v5sw5evmjtdmxdg2w53f.dx.internal.cloudapp.net ip:10.1.0.44
2023-03-09 15:00:35,179 [Listener at 127.0.0.1/40089] INFO  upgrade.AbstractLayoutVersionManager (AbstractLayoutVersionManager.java:init(83)) - Initializing Layout version manager with metadata layout = DATANODE_SCHEMA_V3 (version = 4), software layout = DATANODE_SCHEMA_V3 (version = 4)
2023-03-09 15:00:35,234 [Listener at 127.0.0.1/40089] INFO  reflections.Reflections (Reflections.java:scan(232)) - Reflections took 53 ms to scan 7 urls, producing 154 keys and 367 values 
2023-03-09 15:00:35,239 [Listener at 127.0.0.1/40089] INFO  ha.SCMNodeInfo (SCMNodeInfo.java:getPort(197)) - ConfigKey ozone.scm.client.address is deprecated, For configuring different ports for each SCM use PortConfigKey ozone.scm.client.port appended with serviceId and nodeId
2023-03-09 15:00:35,239 [Listener at 127.0.0.1/40089] INFO  ha.SCMNodeInfo (SCMNodeInfo.java:getPort(197)) - ConfigKey ozone.scm.block.client.address is deprecated, For configuring different ports for each SCM use PortConfigKey ozone.scm.block.client.port appended with serviceId and nodeId
2023-03-09 15:00:35,239 [Listener at 127.0.0.1/40089] INFO  ha.SCMNodeInfo (SCMNodeInfo.java:getPort(197)) - ConfigKey ozone.scm.datanode.address is deprecated, For configuring different ports for each SCM use PortConfigKey ozone.scm.datanode.port appended with serviceId and nodeId
2023-03-09 15:00:35,239 [Listener at 127.0.0.1/40089] INFO  statemachine.DatanodeStateMachine (DatanodeStateMachine.java:getEndPointTaskThreadPoolSize(260)) - Datanode State Machine Task Thread Pool size 2
2023-03-09 15:00:35,241 [Listener at 127.0.0.1/40089] INFO  volume.HddsVolume (HddsVolume.java:<init>(122)) - Creating HddsVolume: /home/runner/work/ozone/ozone/hadoop-ozone/integration-test/target/test-dir/MiniOzoneClusterImpl-4e7c95cc-71c1-4f0b-a9e9-e7b04a6f140e/datanode-2/data-0/containers/hdds of storage type : DISK capacity : 9223372036854775807
2023-03-09 15:00:35,242 [Listener at 127.0.0.1/40089] INFO  volume.MutableVolumeSet (MutableVolumeSet.java:initializeVolumeSet(174)) - Added Volume : /home/runner/work/ozone/ozone/hadoop-ozone/integration-test/target/test-dir/MiniOzoneClusterImpl-4e7c95cc-71c1-4f0b-a9e9-e7b04a6f140e/datanode-2/data-0/containers/hdds to VolumeSet
2023-03-09 15:00:35,242 [Listener at 127.0.0.1/40089] INFO  volume.ThrottledAsyncChecker (ThrottledAsyncChecker.java:schedule(141)) - Scheduling a check for /home/runner/work/ozone/ozone/hadoop-ozone/integration-test/target/test-dir/MiniOzoneClusterImpl-4e7c95cc-71c1-4f0b-a9e9-e7b04a6f140e/datanode-2/data-0/containers/hdds
2023-03-09 15:00:35,243 [Listener at 127.0.0.1/40089] INFO  volume.StorageVolumeChecker (StorageVolumeChecker.java:checkAllVolumes(202)) - Scheduled health check for volume /home/runner/work/ozone/ozone/hadoop-ozone/integration-test/target/test-dir/MiniOzoneClusterImpl-4e7c95cc-71c1-4f0b-a9e9-e7b04a6f140e/datanode-2/data-0/containers/hdds
2023-03-09 15:00:35,255 [Listener at 127.0.0.1/40089] INFO  volume.MutableVolumeSet (MutableVolumeSet.java:initializeVolumeSet(174)) - Added Volume : /home/runner/work/ozone/ozone/hadoop-ozone/integration-test/target/test-dir/MiniOzoneClusterImpl-4e7c95cc-71c1-4f0b-a9e9-e7b04a6f140e/datanode-2/data/ratis to VolumeSet
2023-03-09 15:00:35,255 [Listener at 127.0.0.1/40089] INFO  volume.ThrottledAsyncChecker (ThrottledAsyncChecker.java:schedule(141)) - Scheduling a check for /home/runner/work/ozone/ozone/hadoop-ozone/integration-test/target/test-dir/MiniOzoneClusterImpl-4e7c95cc-71c1-4f0b-a9e9-e7b04a6f140e/datanode-2/data/ratis
2023-03-09 15:00:35,256 [Listener at 127.0.0.1/40089] INFO  volume.StorageVolumeChecker (StorageVolumeChecker.java:checkAllVolumes(202)) - Scheduled health check for volume /home/runner/work/ozone/ozone/hadoop-ozone/integration-test/target/test-dir/MiniOzoneClusterImpl-4e7c95cc-71c1-4f0b-a9e9-e7b04a6f140e/datanode-2/data/ratis
2023-03-09 15:00:35,267 [Thread-2690] INFO  ozoneimpl.ContainerReader (ContainerReader.java:readVolume(175)) - Finish verifying containers on volume /home/runner/work/ozone/ozone/hadoop-ozone/integration-test/target/test-dir/MiniOzoneClusterImpl-4e7c95cc-71c1-4f0b-a9e9-e7b04a6f140e/datanode-2/data-0/containers/hdds
2023-03-09 15:00:35,267 [Listener at 127.0.0.1/40089] INFO  ozoneimpl.OzoneContainer (OzoneContainer.java:buildContainerSet(304)) - Build ContainerSet costs 0s
2023-03-09 15:00:35,270 [Listener at 127.0.0.1/40089] INFO  server.RaftServer (ConfUtils.java:logGet(46)) - raft.rpc.type = GRPC (default)
2023-03-09 15:00:35,270 [Listener at 127.0.0.1/40089] INFO  grpc.GrpcConfigKeys (ConfUtils.java:logFallback(53)) - raft.grpc.admin.host = null (fallback to raft.grpc.server.host)
2023-03-09 15:00:35,270 [Listener at 127.0.0.1/40089] INFO  grpc.GrpcConfigKeys (ConfUtils.java:logGet(46)) - raft.grpc.admin.port = 0 (custom)
2023-03-09 15:00:35,270 [Listener at 127.0.0.1/40089] INFO  grpc.GrpcConfigKeys (ConfUtils.java:logFallback(53)) - raft.grpc.client.host = null (fallback to raft.grpc.server.host)
2023-03-09 15:00:35,271 [Listener at 127.0.0.1/40089] INFO  grpc.GrpcConfigKeys (ConfUtils.java:logGet(46)) - raft.grpc.client.port = 0 (custom)
2023-03-09 15:00:35,271 [Listener at 127.0.0.1/40089] INFO  grpc.GrpcConfigKeys (ConfUtils.java:logGet(46)) - raft.grpc.server.host = null (default)
2023-03-09 15:00:35,271 [Listener at 127.0.0.1/40089] INFO  grpc.GrpcConfigKeys (ConfUtils.java:logGet(46)) - raft.grpc.server.port = 0 (default)
2023-03-09 15:00:35,271 [Listener at 127.0.0.1/40089] INFO  server.GrpcService (ConfUtils.java:logGet(46)) - raft.grpc.message.size.max = 32MB (=33554432) (custom)
2023-03-09 15:00:35,271 [Listener at 127.0.0.1/40089] INFO  server.RaftServerConfigKeys (ConfUtils.java:logGet(46)) - raft.server.log.appender.buffer.byte-limit = 33554432 (custom)
2023-03-09 15:00:35,271 [Listener at 127.0.0.1/40089] INFO  server.GrpcService (ConfUtils.java:logGet(46)) - raft.grpc.flow.control.window = 5MB (=5242880) (custom)
2023-03-09 15:00:35,272 [Listener at 127.0.0.1/40089] INFO  server.RaftServerConfigKeys (ConfUtils.java:logGet(46)) - raft.server.rpc.request.timeout = 60s (custom)
2023-03-09 15:00:35,272 [Listener at 127.0.0.1/40089] INFO  grpc.GrpcConfigKeys (ConfUtils.java:logGet(46)) - raft.grpc.server.heartbeat.channel = true (default)
2023-03-09 15:00:35,272 [Listener at 127.0.0.1/40089] INFO  grpc.GrpcConfigKeys (ConfUtils.java:logGet(46)) - raft.grpc.server.async.request.thread.pool.cached = true (default)
2023-03-09 15:00:35,272 [Listener at 127.0.0.1/40089] INFO  grpc.GrpcConfigKeys (ConfUtils.java:logGet(46)) - raft.grpc.server.async.request.thread.pool.size = 32 (default)
2023-03-09 15:00:35,273 [Listener at 127.0.0.1/40089] INFO  impl.DataStreamServerImpl (ConfUtils.java:logGet(46)) - raft.datastream.type = NETTY (custom)
2023-03-09 15:00:35,274 [Listener at 127.0.0.1/40089] INFO  server.RaftServerConfigKeys (ConfUtils.java:logGet(46)) - raft.server.data-stream.async.request.thread.pool.cached = false (default)
2023-03-09 15:00:35,274 [Listener at 127.0.0.1/40089] INFO  server.RaftServerConfigKeys (ConfUtils.java:logGet(46)) - raft.server.data-stream.async.request.thread.pool.size = 20 (custom)
2023-03-09 15:00:35,274 [Listener at 127.0.0.1/40089] INFO  server.RaftServerConfigKeys (ConfUtils.java:logGet(46)) - raft.server.data-stream.async.write.thread.pool.size = 16 (default)
2023-03-09 15:00:35,274 [Listener at 127.0.0.1/40089] INFO  server.RaftServerConfigKeys (ConfUtils.java:logGet(46)) - raft.server.data-stream.client.pool.size = 10 (default)
2023-03-09 15:00:35,275 [Listener at 127.0.0.1/40089] INFO  netty.NettyConfigKeys$DataStream (ConfUtils.java:logGet(46)) - raft.netty.dataStream.server.use-epoll = false (default)
2023-03-09 15:00:35,275 [Listener at 127.0.0.1/40089] INFO  netty.NettyConfigKeys$DataStream (ConfUtils.java:logGet(46)) - raft.netty.dataStream.server.boss-group.size = 0 (default)
2023-03-09 15:00:35,275 [Listener at 127.0.0.1/40089] INFO  netty.NettyConfigKeys$DataStream (ConfUtils.java:logGet(46)) - raft.netty.dataStream.server.worker-group.size = 0 (default)
2023-03-09 15:00:35,276 [Listener at 127.0.0.1/40089] INFO  netty.NettyConfigKeys$DataStream (ConfUtils.java:logGet(46)) - raft.netty.dataStream.server.tls.conf = null (default)
2023-03-09 15:00:35,276 [Listener at 127.0.0.1/40089] INFO  netty.NettyConfigKeys$DataStream (ConfUtils.java:logGet(46)) - raft.netty.dataStream.host = null (default)
2023-03-09 15:00:35,276 [Listener at 127.0.0.1/40089] INFO  netty.NettyConfigKeys$DataStream (ConfUtils.java:logGet(46)) - raft.netty.dataStream.port = 0 (default)
2023-03-09 15:00:35,277 [Listener at 127.0.0.1/40089] INFO  server.RaftServerConfigKeys (ConfUtils.java:logGet(46)) - raft.server.threadpool.proxy.cached = true (default)
2023-03-09 15:00:35,277 [Listener at 127.0.0.1/40089] INFO  server.RaftServerConfigKeys (ConfUtils.java:logGet(46)) - raft.server.threadpool.proxy.size = 0 (default)
2023-03-09 15:00:35,277 [0ee7bec8-2182-4b4a-933d-6a3bad615c17-NettyServerStreamRpc-bossGroup--thread1] INFO  logging.LoggingHandler (AbstractInternalLogger.java:log(148)) - [id: 0xe1eaeee7] REGISTERED
2023-03-09 15:00:35,277 [Listener at 127.0.0.1/40089] INFO  server.RaftServerConfigKeys (ConfUtils.java:logGet(46)) - raft.server.rpc.slowness.timeout = 300s (custom)
2023-03-09 15:00:35,277 [0ee7bec8-2182-4b4a-933d-6a3bad615c17-NettyServerStreamRpc-bossGroup--thread1] INFO  logging.LoggingHandler (AbstractInternalLogger.java:log(148)) - [id: 0xe1eaeee7] BIND: 0.0.0.0/0.0.0.0:0
2023-03-09 15:00:35,277 [Listener at 127.0.0.1/40089] INFO  server.RaftServerConfigKeys (ConfUtils.java:logGet(46)) - raft.server.leaderelection.leader.step-down.wait-time = 10s (default)
2023-03-09 15:00:35,278 [0ee7bec8-2182-4b4a-933d-6a3bad615c17-NettyServerStreamRpc-bossGroup--thread1] INFO  logging.LoggingHandler (AbstractInternalLogger.java:log(148)) - [id: 0xe1eaeee7, L:/0:0:0:0:0:0:0:0:45643] ACTIVE
2023-03-09 15:00:35,278 [Listener at 127.0.0.1/40089] INFO  server.RaftServerConfigKeys (ConfUtils.java:logGet(46)) - raft.server.storage.dir = [/home/runner/work/ozone/ozone/hadoop-ozone/integration-test/target/test-dir/MiniOzoneClusterImpl-4e7c95cc-71c1-4f0b-a9e9-e7b04a6f140e/datanode-2/data/ratis] (custom)
2023-03-09 15:00:35,280 [Listener at 127.0.0.1/40089] INFO  server.XceiverServerGrpc (XceiverServerGrpc.java:<init>(132)) - GrpcServer channel type EpollServerSocketChannel
2023-03-09 15:00:35,284 [Listener at 127.0.0.1/40089] INFO  http.BaseHttpServer (BaseHttpServer.java:newHttpServer2BuilderForOzone(224)) - Starting Web-server for hddsDatanode at: http://0.0.0.0:0
2023-03-09 15:00:35,284 [Listener at 127.0.0.1/40089] INFO  http.BaseHttpServer (BaseHttpServer.java:<init>(111)) - Hadoop Security Enabled: false Ozone Security Enabled: false Ozone HTTP Security Enabled: false 
2023-03-09 15:00:35,286 [Listener at 127.0.0.1/40089] WARN  server.AuthenticationFilter (AuthenticationFilter.java:constructSecretProvider(240)) - Unable to initialize FileSignerSecretProvider, falling back to use random secrets. Reason: Could not read signature secret file: /home/runner/hadoop-http-auth-signature-secret
2023-03-09 15:00:35,287 [Listener at 127.0.0.1/40089] WARN  http.HttpRequestLog (HttpRequestLog.java:getRequestLog(103)) - Jetty request log can only be enabled using Log4j
2023-03-09 15:00:35,288 [Listener at 127.0.0.1/40089] INFO  http.HttpServer2 (HttpServer2.java:addGlobalFilter(1031)) - Added global filter 'safety' (class=org.apache.hadoop.hdds.server.http.HttpServer2$QuotingInputFilter)
2023-03-09 15:00:35,288 [Listener at 127.0.0.1/40089] INFO  http.HttpServer2 (HttpServer2.java:addFilter(1007)) - Added filter static_user_filter (class=org.apache.hadoop.http.lib.StaticUserWebFilter$StaticUserFilter) to context hddsDatanode
2023-03-09 15:00:35,289 [Listener at 127.0.0.1/40089] INFO  http.HttpServer2 (HttpServer2.java:addFilter(1015)) - Added filter static_user_filter (class=org.apache.hadoop.http.lib.StaticUserWebFilter$StaticUserFilter) to context logs
2023-03-09 15:00:35,289 [Listener at 127.0.0.1/40089] INFO  http.HttpServer2 (HttpServer2.java:addFilter(1015)) - Added filter static_user_filter (class=org.apache.hadoop.http.lib.StaticUserWebFilter$StaticUserFilter) to context static
2023-03-09 15:00:35,289 [Listener at 127.0.0.1/40089] INFO  http.BaseHttpServer (BaseHttpServer.java:<init>(190)) - HTTP server of hddsDatanode uses base directory /home/runner/work/ozone/ozone/hadoop-ozone/integration-test/target/test-dir/MiniOzoneClusterImpl-4e7c95cc-71c1-4f0b-a9e9-e7b04a6f140e/datanode-2/meta/webserver
2023-03-09 15:00:35,290 [Listener at 127.0.0.1/40089] INFO  http.HttpServer2 (HttpServer2.java:bindListener(1250)) - Jetty bound to port 35327
2023-03-09 15:00:35,290 [Listener at 127.0.0.1/40089] INFO  server.Server (Server.java:doStart(375)) - jetty-9.4.49.v20220914; built: 2022-09-14T01:07:36.601Z; git: 4231a3b2e4cb8548a412a789936d640a97b1aa0a; jvm 1.8.0_362-b09
2023-03-09 15:00:35,291 [Listener at 127.0.0.1/40089] INFO  server.session (DefaultSessionIdManager.java:doStart(334)) - DefaultSessionIdManager workerName=node0
2023-03-09 15:00:35,292 [Listener at 127.0.0.1/40089] INFO  server.session (DefaultSessionIdManager.java:doStart(339)) - No SessionScavenger set, using defaults
2023-03-09 15:00:35,292 [Listener at 127.0.0.1/40089] INFO  server.session (HouseKeeper.java:startScavenging(132)) - node0 Scavenging every 660000ms
2023-03-09 15:00:35,293 [Listener at 127.0.0.1/40089] INFO  handler.ContextHandler (ContextHandler.java:doStart(921)) - Started o.e.j.s.ServletContextHandler@49a65e3b{logs,/logs,file:///home/runner/work/ozone/ozone/hadoop-ozone/integration-test/target/log,AVAILABLE}
2023-03-09 15:00:35,293 [Listener at 127.0.0.1/40089] INFO  handler.ContextHandler (ContextHandler.java:doStart(921)) - Started o.e.j.s.ServletContextHandler@2bd7b278{static,/static,jar:file:/home/runner/.m2/repository/org/apache/ozone/hdds-container-service/1.4.0-SNAPSHOT/hdds-container-service-1.4.0-SNAPSHOT.jar!/webapps/static,AVAILABLE}
2023-03-09 15:00:35,450 [omNode-1@group-0AAC5367B30E-FollowerState] INFO  impl.FollowerState (FollowerState.java:run(143)) - omNode-1@group-0AAC5367B30E-FollowerState: change to CANDIDATE, lastRpcElapsedTime:1158765636ns, electionTimeout:1158ms
2023-03-09 15:00:35,450 [omNode-1@group-0AAC5367B30E-FollowerState] INFO  impl.RoleInfo (RoleInfo.java:shutdownFollowerState(110)) - omNode-1: shutdown omNode-1@group-0AAC5367B30E-FollowerState
2023-03-09 15:00:35,450 [omNode-1@group-0AAC5367B30E-FollowerState] INFO  server.RaftServer$Division (RaftServerImpl.java:setRole(321)) - omNode-1@group-0AAC5367B30E: changes role from  FOLLOWER to CANDIDATE at term 0 for changeToCandidate
2023-03-09 15:00:35,450 [omNode-1@group-0AAC5367B30E-FollowerState] INFO  server.RaftServerConfigKeys (ConfUtils.java:logGet(46)) - raft.server.leaderelection.pre-vote = true (default)
2023-03-09 15:00:35,450 [omNode-1@group-0AAC5367B30E-FollowerState] INFO  impl.RoleInfo (RoleInfo.java:updateAndGet(139)) - omNode-1: start omNode-1@group-0AAC5367B30E-LeaderElection35
2023-03-09 15:00:35,453 [omNode-1@group-0AAC5367B30E-LeaderElection35] INFO  impl.LeaderElection (LeaderElection.java:askForVotes(312)) - omNode-1@group-0AAC5367B30E-LeaderElection35 PRE_VOTE round 0: submit vote requests at term 0 for -1: peers:[omNode-1|rpc:localhost:39609|priority:0|startupRole:FOLLOWER]|listeners:[], old=null
2023-03-09 15:00:35,453 [omNode-1@group-0AAC5367B30E-LeaderElection35] INFO  impl.LeaderElection (LeaderElection.java:askForVotes(314)) - omNode-1@group-0AAC5367B30E-LeaderElection35 PRE_VOTE round 0: result PASSED (term=0)
2023-03-09 15:00:35,456 [omNode-1@group-0AAC5367B30E-LeaderElection35] INFO  impl.LeaderElection (LeaderElection.java:askForVotes(312)) - omNode-1@group-0AAC5367B30E-LeaderElection35 ELECTION round 0: submit vote requests at term 1 for -1: peers:[omNode-1|rpc:localhost:39609|priority:0|startupRole:FOLLOWER]|listeners:[], old=null
2023-03-09 15:00:35,456 [omNode-1@group-0AAC5367B30E-LeaderElection35] INFO  impl.LeaderElection (LeaderElection.java:askForVotes(314)) - omNode-1@group-0AAC5367B30E-LeaderElection35 ELECTION round 0: result PASSED (term=1)
2023-03-09 15:00:35,456 [omNode-1@group-0AAC5367B30E-LeaderElection35] INFO  impl.RoleInfo (RoleInfo.java:shutdownLeaderElection(130)) - omNode-1: shutdown omNode-1@group-0AAC5367B30E-LeaderElection35
2023-03-09 15:00:35,456 [omNode-1@group-0AAC5367B30E-LeaderElection35] INFO  server.RaftServer$Division (RaftServerImpl.java:setRole(321)) - omNode-1@group-0AAC5367B30E: changes role from CANDIDATE to LEADER at term 1 for changeToLeader
2023-03-09 15:00:35,456 [omNode-1@group-0AAC5367B30E-LeaderElection35] INFO  server.RaftServer$Division (ServerState.java:setLeader(313)) - omNode-1@group-0AAC5367B30E: change Leader from null to omNode-1 at term 1 for becomeLeader, leader elected after 1609ms
2023-03-09 15:00:35,456 [omNode-1@group-0AAC5367B30E-LeaderElection35] INFO  server.RaftServerConfigKeys (ConfUtils.java:logGet(46)) - raft.server.staging.catchup.gap = 1000 (default)
2023-03-09 15:00:35,456 [omNode-1@group-0AAC5367B30E-LeaderElection35] INFO  server.RaftServerConfigKeys (ConfUtils.java:logGet(46)) - raft.server.write.element-limit = 4096 (default)
2023-03-09 15:00:35,456 [omNode-1@group-0AAC5367B30E-LeaderElection35] INFO  server.RaftServerConfigKeys (ConfUtils.java:logGet(46)) - raft.server.write.byte-limit = 64MB (=67108864) (default)
2023-03-09 15:00:35,457 [omNode-1@group-0AAC5367B30E-LeaderElection35] INFO  server.RaftServerConfigKeys (ConfUtils.java:logGet(46)) - raft.server.watch.timeout = 10s (default)
2023-03-09 15:00:35,457 [omNode-1@group-0AAC5367B30E-LeaderElection35] INFO  server.RaftServerConfigKeys (ConfUtils.java:logGet(46)) - raft.server.watch.timeout.denomination = 1s (default)
2023-03-09 15:00:35,457 [omNode-1@group-0AAC5367B30E-LeaderElection35] INFO  server.RaftServerConfigKeys (ConfUtils.java:logGet(46)) - raft.server.watch.element-limit = 65536 (default)
2023-03-09 15:00:35,457 [omNode-1@group-0AAC5367B30E-LeaderElection35] INFO  server.RaftServerConfigKeys (ConfUtils.java:logGet(46)) - raft.server.write.element-limit = 4096 (default)
2023-03-09 15:00:35,457 [omNode-1@group-0AAC5367B30E-LeaderElection35] INFO  server.RaftServerConfigKeys (ConfUtils.java:logGet(46)) - raft.server.write.follower.gap.ratio.max = -1.0 (default)
2023-03-09 15:00:35,457 [omNode-1@group-0AAC5367B30E-LeaderElection35] INFO  impl.RoleInfo (RoleInfo.java:updateAndGet(139)) - omNode-1: start omNode-1@group-0AAC5367B30E-LeaderStateImpl
2023-03-09 15:00:35,458 [omNode-1@group-0AAC5367B30E-LeaderElection35] INFO  segmented.SegmentedRaftLogWorker (SegmentedRaftLogWorker.java:startLogSegment(452)) - omNode-1@group-0AAC5367B30E-SegmentedRaftLogWorker: Starting segment from index:0
2023-03-09 15:00:35,465 [omNode-1@group-0AAC5367B30E-LeaderElection35] INFO  server.RaftServer$Division (ServerState.java:setRaftConf(430)) - omNode-1@group-0AAC5367B30E: set configuration 0: peers:[omNode-1|rpc:localhost:39609|admin:|client:|dataStream:|priority:0|startupRole:FOLLOWER]|listeners:[], old=null
2023-03-09 15:00:35,472 [omNode-1@group-0AAC5367B30E-SegmentedRaftLogWorker] INFO  segmented.SegmentedRaftLogWorker (SegmentedRaftLogWorker.java:execute(656)) - omNode-1@group-0AAC5367B30E-SegmentedRaftLogWorker: created new log segment /home/runner/work/ozone/ozone/hadoop-ozone/integration-test/target/test-dir/MiniOzoneClusterImpl-4e7c95cc-71c1-4f0b-a9e9-e7b04a6f140e/omNode-1/ratis/0718e334-ffa1-36bc-8e9a-0aac5367b30e/current/log_inprogress_0
2023-03-09 15:00:35,474 [omNode-1@group-0AAC5367B30E-StateMachineUpdater] INFO  ratis.OzoneManagerStateMachine (OzoneManagerStateMachine.java:notifyConfigurationChanged(192)) - Received Configuration change notification from Ratis. New Peer list:
[id: "omNode-1"
address: "localhost:39609"
startupRole: FOLLOWER
]
2023-03-09 15:00:35,558 [Listener at 127.0.0.1/40089] INFO  handler.ContextHandler (ContextHandler.java:doStart(921)) - Started o.e.j.w.WebAppContext@52aacb14{hddsDatanode,/,file:///home/runner/work/ozone/ozone/hadoop-ozone/integration-test/target/test-dir/MiniOzoneClusterImpl-4e7c95cc-71c1-4f0b-a9e9-e7b04a6f140e/datanode-2/meta/webserver/jetty-0_0_0_0-35327-hdds-container-service-1_4_0-SNAPSHOT_jar-_-any-7360157628351782823/webapp/,AVAILABLE}{jar:file:/home/runner/.m2/repository/org/apache/ozone/hdds-container-service/1.4.0-SNAPSHOT/hdds-container-service-1.4.0-SNAPSHOT.jar!/webapps/hddsDatanode}
2023-03-09 15:00:35,561 [Listener at 127.0.0.1/40089] INFO  server.AbstractConnector (AbstractConnector.java:doStart(333)) - Started ServerConnector@41177f1c{HTTP/1.1, (http/1.1)}{0.0.0.0:35327}
2023-03-09 15:00:35,561 [Listener at 127.0.0.1/40089] INFO  server.Server (Server.java:doStart(415)) - Started @166214ms
2023-03-09 15:00:35,561 [Listener at 127.0.0.1/40089] WARN  impl.MetricsSystemImpl (MetricsSystemImpl.java:register(279)) - Sink prometheus already exists!
2023-03-09 15:00:35,562 [Listener at 127.0.0.1/40089] INFO  http.BaseHttpServer (BaseHttpServer.java:updateConnectorAddress(344)) - HTTP server of hddsDatanode listening at http://0.0.0.0:35327
2023-03-09 15:00:35,562 [Datanode State Machine Daemon Thread] INFO  statemachine.DatanodeStateMachine (DatanodeStateMachine.java:lambda$startDaemon$0(517)) - Ozone container server started.
2023-03-09 15:00:35,573 [Listener at 127.0.0.1/40089] INFO  ozone.MiniOzoneClusterImpl (MiniOzoneClusterImpl.java:lambda$waitForClusterToBeReady$0(218)) - Waiting for nodes to be ready. Got 0 of 3 DN Heartbeats.
2023-03-09 15:00:35,573 [Listener at 127.0.0.1/40089] INFO  ozone.MiniOzoneClusterImpl (MiniOzoneClusterImpl.java:lambda$waitForClusterToBeReady$0(221)) - Waiting for cluster to exit safe mode
2023-03-09 15:00:35,573 [Listener at 127.0.0.1/40089] INFO  ozone.MiniOzoneClusterImpl (MiniOzoneClusterImpl.java:lambda$waitForClusterToBeReady$0(223)) - SCM became leader
2023-03-09 15:00:35,575 [org.apache.hadoop.util.JvmPauseMonitor$Monitor@8a3e7cf] INFO  util.JvmPauseMonitor (JvmPauseMonitor.java:run(188)) - Starting JVM pause monitor
2023-03-09 15:00:35,576 [Datanode State Machine Task Thread - 0] INFO  ha.SCMNodeInfo (SCMNodeInfo.java:getPort(197)) - ConfigKey ozone.scm.client.address is deprecated, For configuring different ports for each SCM use PortConfigKey ozone.scm.client.port appended with serviceId and nodeId
2023-03-09 15:00:35,576 [Datanode State Machine Task Thread - 0] INFO  ha.SCMNodeInfo (SCMNodeInfo.java:getPort(197)) - ConfigKey ozone.scm.block.client.address is deprecated, For configuring different ports for each SCM use PortConfigKey ozone.scm.block.client.port appended with serviceId and nodeId
2023-03-09 15:00:35,576 [Datanode State Machine Task Thread - 0] INFO  ha.SCMNodeInfo (SCMNodeInfo.java:getPort(197)) - ConfigKey ozone.scm.datanode.address is deprecated, For configuring different ports for each SCM use PortConfigKey ozone.scm.datanode.port appended with serviceId and nodeId
2023-03-09 15:00:35,577 [Datanode State Machine Task Thread - 0] INFO  datanode.InitDatanodeState (InitDatanodeState.java:persistContainerDatanodeDetails(138)) - DatanodeDetails is persisted to /home/runner/work/ozone/ozone/hadoop-ozone/integration-test/target/test-dir/MiniOzoneClusterImpl-4e7c95cc-71c1-4f0b-a9e9-e7b04a6f140e/datanode-2/meta/datanode.id
2023-03-09 15:00:35,786 [EndpointStateMachine task thread for /127.0.0.1:36681 - 0 ] INFO  ipc.Client (Client.java:handleConnectionFailure(1010)) - Retrying connect to server: localhost/127.0.0.1:36681. Already tried 5 time(s); retry policy is RetryUpToMaximumCountWithFixedSleep(maxRetries=15, sleepTime=1000 MILLISECONDS)
2023-03-09 15:00:36,574 [Listener at 127.0.0.1/40089] INFO  ozone.MiniOzoneClusterImpl (MiniOzoneClusterImpl.java:lambda$waitForClusterToBeReady$0(218)) - Waiting for nodes to be ready. Got 0 of 3 DN Heartbeats.
2023-03-09 15:00:36,575 [Listener at 127.0.0.1/40089] INFO  ozone.MiniOzoneClusterImpl (MiniOzoneClusterImpl.java:lambda$waitForClusterToBeReady$0(221)) - Waiting for cluster to exit safe mode
2023-03-09 15:00:36,575 [Listener at 127.0.0.1/40089] INFO  ozone.MiniOzoneClusterImpl (MiniOzoneClusterImpl.java:lambda$waitForClusterToBeReady$0(223)) - SCM became leader
2023-03-09 15:00:36,787 [EndpointStateMachine task thread for /127.0.0.1:36681 - 0 ] INFO  ipc.Client (Client.java:handleConnectionFailure(1010)) - Retrying connect to server: localhost/127.0.0.1:36681. Already tried 6 time(s); retry policy is RetryUpToMaximumCountWithFixedSleep(maxRetries=15, sleepTime=1000 MILLISECONDS)
2023-03-09 15:00:36,819 [EndpointStateMachine task thread for /127.0.0.1:43747 - 0 ] INFO  utils.DatanodeStoreCache (DatanodeStoreCache.java:addDB(58)) - Added db /home/runner/work/ozone/ozone/hadoop-ozone/integration-test/target/test-dir/MiniOzoneClusterImpl-4e7c95cc-71c1-4f0b-a9e9-e7b04a6f140e/datanode-0/data-0/containers/hdds/4e7c95cc-71c1-4f0b-a9e9-e7b04a6f140e/DS-70a4f0df-5880-476b-9fca-258a54953402/container.db to cache
2023-03-09 15:00:36,820 [EndpointStateMachine task thread for /127.0.0.1:43747 - 0 ] INFO  volume.HddsVolume (HddsVolume.java:createDbStore(331)) - SchemaV3 db is created and loaded at /home/runner/work/ozone/ozone/hadoop-ozone/integration-test/target/test-dir/MiniOzoneClusterImpl-4e7c95cc-71c1-4f0b-a9e9-e7b04a6f140e/datanode-0/data-0/containers/hdds/4e7c95cc-71c1-4f0b-a9e9-e7b04a6f140e/DS-70a4f0df-5880-476b-9fca-258a54953402/container.db for volume DS-70a4f0df-5880-476b-9fca-258a54953402
2023-03-09 15:00:36,820 [EndpointStateMachine task thread for /127.0.0.1:43747 - 0 ] INFO  ozoneimpl.OzoneContainer (OzoneContainer.java:start(398)) - Attempting to start container services.
2023-03-09 15:00:36,820 [EndpointStateMachine task thread for /127.0.0.1:43747 - 0 ] INFO  ozoneimpl.OzoneContainer (OzoneContainer.java:startContainerScrub(315)) - Scheduled background container scanners and the on-demand container scanner have been disabled.
2023-03-09 15:00:36,823 [EndpointStateMachine task thread for /127.0.0.1:43747 - 0 ] INFO  replication.ReplicationServer (ReplicationServer.java:start(109)) - ReplicationServer is started using port 35731
2023-03-09 15:00:36,824 [EndpointStateMachine task thread for /127.0.0.1:43747 - 0 ] INFO  ratis.XceiverServerRatis (XceiverServerRatis.java:start(518)) - Starting XceiverServerRatis fdc7571d-9447-4092-959d-9ce0ad2f1809
2023-03-09 15:00:36,825 [EndpointStateMachine task thread for /127.0.0.1:43747 - 0 ] INFO  server.RaftServer (RaftServerProxy.java:startImpl(393)) - fdc7571d-9447-4092-959d-9ce0ad2f1809: start RPC server
2023-03-09 15:00:36,828 [EndpointStateMachine task thread for /127.0.0.1:43747 - 0 ] INFO  server.GrpcService (GrpcService.java:startImpl(262)) - fdc7571d-9447-4092-959d-9ce0ad2f1809: GrpcService started, listening on 36519
2023-03-09 15:00:36,828 [EndpointStateMachine task thread for /127.0.0.1:43747 - 0 ] INFO  ratis.XceiverServerRatis (XceiverServerRatis.java:getRealPort(544)) - XceiverServerRatis fdc7571d-9447-4092-959d-9ce0ad2f1809 is started using port 36519 for RATIS
2023-03-09 15:00:36,828 [JvmPauseMonitor25] INFO  util.JvmPauseMonitor (JvmPauseMonitor.java:run(105)) - JvmPauseMonitor-fdc7571d-9447-4092-959d-9ce0ad2f1809: Started
2023-03-09 15:00:36,828 [EndpointStateMachine task thread for /127.0.0.1:43747 - 0 ] INFO  ratis.XceiverServerRatis (XceiverServerRatis.java:getRealPort(544)) - XceiverServerRatis fdc7571d-9447-4092-959d-9ce0ad2f1809 is started using port 36519 for RATIS_ADMIN
2023-03-09 15:00:36,828 [EndpointStateMachine task thread for /127.0.0.1:43747 - 0 ] INFO  ratis.XceiverServerRatis (XceiverServerRatis.java:getRealPort(544)) - XceiverServerRatis fdc7571d-9447-4092-959d-9ce0ad2f1809 is started using port 36519 for RATIS_SERVER
2023-03-09 15:00:36,828 [EndpointStateMachine task thread for /127.0.0.1:43747 - 0 ] INFO  ratis.XceiverServerRatis (XceiverServerRatis.java:getRealPort(544)) - XceiverServerRatis fdc7571d-9447-4092-959d-9ce0ad2f1809 is started using port 44285 for RATIS_DATASTREAM
2023-03-09 15:00:36,831 [EndpointStateMachine task thread for /127.0.0.1:43747 - 0 ] INFO  server.XceiverServerGrpc (XceiverServerGrpc.java:start(180)) - XceiverServerGrpc fdc7571d-9447-4092-959d-9ce0ad2f1809 is started using port 38119
2023-03-09 15:00:36,832 [BlockDeletingService#0] INFO  interfaces.ContainerDeletionChoosingPolicyTemplate (ContainerDeletionChoosingPolicyTemplate.java:chooseContainerForBlockDeletion(83)) - Chosen 0/5000 blocks from 0 candidate containers.
2023-03-09 15:00:37,175 [EndpointStateMachine task thread for /127.0.0.1:43747 - 0 ] INFO  utils.DatanodeStoreCache (DatanodeStoreCache.java:addDB(58)) - Added db /home/runner/work/ozone/ozone/hadoop-ozone/integration-test/target/test-dir/MiniOzoneClusterImpl-4e7c95cc-71c1-4f0b-a9e9-e7b04a6f140e/datanode-1/data-0/containers/hdds/4e7c95cc-71c1-4f0b-a9e9-e7b04a6f140e/DS-45686168-dda5-46c8-a77e-6662ab4a9945/container.db to cache
2023-03-09 15:00:37,176 [EndpointStateMachine task thread for /127.0.0.1:43747 - 0 ] INFO  volume.HddsVolume (HddsVolume.java:createDbStore(331)) - SchemaV3 db is created and loaded at /home/runner/work/ozone/ozone/hadoop-ozone/integration-test/target/test-dir/MiniOzoneClusterImpl-4e7c95cc-71c1-4f0b-a9e9-e7b04a6f140e/datanode-1/data-0/containers/hdds/4e7c95cc-71c1-4f0b-a9e9-e7b04a6f140e/DS-45686168-dda5-46c8-a77e-6662ab4a9945/container.db for volume DS-45686168-dda5-46c8-a77e-6662ab4a9945
2023-03-09 15:00:37,176 [EndpointStateMachine task thread for /127.0.0.1:43747 - 0 ] INFO  ozoneimpl.OzoneContainer (OzoneContainer.java:start(398)) - Attempting to start container services.
2023-03-09 15:00:37,176 [EndpointStateMachine task thread for /127.0.0.1:43747 - 0 ] INFO  ozoneimpl.OzoneContainer (OzoneContainer.java:startContainerScrub(315)) - Scheduled background container scanners and the on-demand container scanner have been disabled.
2023-03-09 15:00:37,180 [EndpointStateMachine task thread for /127.0.0.1:43747 - 0 ] INFO  replication.ReplicationServer (ReplicationServer.java:start(109)) - ReplicationServer is started using port 40049
2023-03-09 15:00:37,181 [EndpointStateMachine task thread for /127.0.0.1:43747 - 0 ] INFO  ratis.XceiverServerRatis (XceiverServerRatis.java:start(518)) - Starting XceiverServerRatis ac810fbe-b19a-4148-a035-811b2b5a9c18
2023-03-09 15:00:37,181 [EndpointStateMachine task thread for /127.0.0.1:43747 - 0 ] INFO  server.RaftServer (RaftServerProxy.java:startImpl(393)) - ac810fbe-b19a-4148-a035-811b2b5a9c18: start RPC server
2023-03-09 15:00:37,184 [EndpointStateMachine task thread for /127.0.0.1:43747 - 0 ] INFO  server.GrpcService (GrpcService.java:startImpl(262)) - ac810fbe-b19a-4148-a035-811b2b5a9c18: GrpcService started, listening on 39805
2023-03-09 15:00:37,184 [EndpointStateMachine task thread for /127.0.0.1:43747 - 0 ] INFO  ratis.XceiverServerRatis (XceiverServerRatis.java:getRealPort(544)) - XceiverServerRatis ac810fbe-b19a-4148-a035-811b2b5a9c18 is started using port 39805 for RATIS
2023-03-09 15:00:37,184 [EndpointStateMachine task thread for /127.0.0.1:43747 - 0 ] INFO  ratis.XceiverServerRatis (XceiverServerRatis.java:getRealPort(544)) - XceiverServerRatis ac810fbe-b19a-4148-a035-811b2b5a9c18 is started using port 39805 for RATIS_ADMIN
2023-03-09 15:00:37,184 [JvmPauseMonitor26] INFO  util.JvmPauseMonitor (JvmPauseMonitor.java:run(105)) - JvmPauseMonitor-ac810fbe-b19a-4148-a035-811b2b5a9c18: Started
2023-03-09 15:00:37,185 [EndpointStateMachine task thread for /127.0.0.1:43747 - 0 ] INFO  ratis.XceiverServerRatis (XceiverServerRatis.java:getRealPort(544)) - XceiverServerRatis ac810fbe-b19a-4148-a035-811b2b5a9c18 is started using port 39805 for RATIS_SERVER
2023-03-09 15:00:37,185 [EndpointStateMachine task thread for /127.0.0.1:43747 - 0 ] INFO  ratis.XceiverServerRatis (XceiverServerRatis.java:getRealPort(544)) - XceiverServerRatis ac810fbe-b19a-4148-a035-811b2b5a9c18 is started using port 45019 for RATIS_DATASTREAM
2023-03-09 15:00:37,193 [EndpointStateMachine task thread for /127.0.0.1:43747 - 0 ] INFO  server.XceiverServerGrpc (XceiverServerGrpc.java:start(180)) - XceiverServerGrpc ac810fbe-b19a-4148-a035-811b2b5a9c18 is started using port 42415
2023-03-09 15:00:37,199 [BlockDeletingService#0] INFO  interfaces.ContainerDeletionChoosingPolicyTemplate (ContainerDeletionChoosingPolicyTemplate.java:chooseContainerForBlockDeletion(83)) - Chosen 0/5000 blocks from 0 candidate containers.
2023-03-09 15:00:37,576 [Listener at 127.0.0.1/40089] INFO  ozone.MiniOzoneClusterImpl (MiniOzoneClusterImpl.java:lambda$waitForClusterToBeReady$0(218)) - Waiting for nodes to be ready. Got 0 of 3 DN Heartbeats.
2023-03-09 15:00:37,576 [Listener at 127.0.0.1/40089] INFO  ozone.MiniOzoneClusterImpl (MiniOzoneClusterImpl.java:lambda$waitForClusterToBeReady$0(221)) - Waiting for cluster to exit safe mode
2023-03-09 15:00:37,576 [Listener at 127.0.0.1/40089] INFO  ozone.MiniOzoneClusterImpl (MiniOzoneClusterImpl.java:lambda$waitForClusterToBeReady$0(223)) - SCM became leader
2023-03-09 15:00:37,622 [EndpointStateMachine task thread for /127.0.0.1:43747 - 0 ] INFO  utils.DatanodeStoreCache (DatanodeStoreCache.java:addDB(58)) - Added db /home/runner/work/ozone/ozone/hadoop-ozone/integration-test/target/test-dir/MiniOzoneClusterImpl-4e7c95cc-71c1-4f0b-a9e9-e7b04a6f140e/datanode-2/data-0/containers/hdds/4e7c95cc-71c1-4f0b-a9e9-e7b04a6f140e/DS-9b841fe0-c438-452c-8f7a-1e3f61640da5/container.db to cache
2023-03-09 15:00:37,622 [EndpointStateMachine task thread for /127.0.0.1:43747 - 0 ] INFO  volume.HddsVolume (HddsVolume.java:createDbStore(331)) - SchemaV3 db is created and loaded at /home/runner/work/ozone/ozone/hadoop-ozone/integration-test/target/test-dir/MiniOzoneClusterImpl-4e7c95cc-71c1-4f0b-a9e9-e7b04a6f140e/datanode-2/data-0/containers/hdds/4e7c95cc-71c1-4f0b-a9e9-e7b04a6f140e/DS-9b841fe0-c438-452c-8f7a-1e3f61640da5/container.db for volume DS-9b841fe0-c438-452c-8f7a-1e3f61640da5
2023-03-09 15:00:37,623 [EndpointStateMachine task thread for /127.0.0.1:43747 - 0 ] INFO  ozoneimpl.OzoneContainer (OzoneContainer.java:start(398)) - Attempting to start container services.
2023-03-09 15:00:37,623 [EndpointStateMachine task thread for /127.0.0.1:43747 - 0 ] INFO  ozoneimpl.OzoneContainer (OzoneContainer.java:startContainerScrub(315)) - Scheduled background container scanners and the on-demand container scanner have been disabled.
2023-03-09 15:00:37,627 [EndpointStateMachine task thread for /127.0.0.1:43747 - 0 ] INFO  replication.ReplicationServer (ReplicationServer.java:start(109)) - ReplicationServer is started using port 41779
2023-03-09 15:00:37,627 [EndpointStateMachine task thread for /127.0.0.1:43747 - 0 ] INFO  ratis.XceiverServerRatis (XceiverServerRatis.java:start(518)) - Starting XceiverServerRatis 0ee7bec8-2182-4b4a-933d-6a3bad615c17
2023-03-09 15:00:37,628 [EndpointStateMachine task thread for /127.0.0.1:43747 - 0 ] INFO  server.RaftServer (RaftServerProxy.java:startImpl(393)) - 0ee7bec8-2182-4b4a-933d-6a3bad615c17: start RPC server
2023-03-09 15:00:37,638 [EndpointStateMachine task thread for /127.0.0.1:43747 - 0 ] INFO  server.GrpcService (GrpcService.java:startImpl(262)) - 0ee7bec8-2182-4b4a-933d-6a3bad615c17: GrpcService started, listening on 38121
2023-03-09 15:00:37,640 [EndpointStateMachine task thread for /127.0.0.1:43747 - 0 ] INFO  ratis.XceiverServerRatis (XceiverServerRatis.java:getRealPort(544)) - XceiverServerRatis 0ee7bec8-2182-4b4a-933d-6a3bad615c17 is started using port 38121 for RATIS
2023-03-09 15:00:37,640 [EndpointStateMachine task thread for /127.0.0.1:43747 - 0 ] INFO  ratis.XceiverServerRatis (XceiverServerRatis.java:getRealPort(544)) - XceiverServerRatis 0ee7bec8-2182-4b4a-933d-6a3bad615c17 is started using port 38121 for RATIS_ADMIN
2023-03-09 15:00:37,640 [JvmPauseMonitor27] INFO  util.JvmPauseMonitor (JvmPauseMonitor.java:run(105)) - JvmPauseMonitor-0ee7bec8-2182-4b4a-933d-6a3bad615c17: Started
2023-03-09 15:00:37,640 [EndpointStateMachine task thread for /127.0.0.1:43747 - 0 ] INFO  ratis.XceiverServerRatis (XceiverServerRatis.java:getRealPort(544)) - XceiverServerRatis 0ee7bec8-2182-4b4a-933d-6a3bad615c17 is started using port 38121 for RATIS_SERVER
2023-03-09 15:00:37,640 [EndpointStateMachine task thread for /127.0.0.1:43747 - 0 ] INFO  ratis.XceiverServerRatis (XceiverServerRatis.java:getRealPort(544)) - XceiverServerRatis 0ee7bec8-2182-4b4a-933d-6a3bad615c17 is started using port 45643 for RATIS_DATASTREAM
2023-03-09 15:00:37,650 [EndpointStateMachine task thread for /127.0.0.1:43747 - 0 ] INFO  server.XceiverServerGrpc (XceiverServerGrpc.java:start(180)) - XceiverServerGrpc 0ee7bec8-2182-4b4a-933d-6a3bad615c17 is started using port 40005
2023-03-09 15:00:37,651 [BlockDeletingService#0] INFO  interfaces.ContainerDeletionChoosingPolicyTemplate (ContainerDeletionChoosingPolicyTemplate.java:chooseContainerForBlockDeletion(83)) - Chosen 0/5000 blocks from 0 candidate containers.
2023-03-09 15:00:37,788 [EndpointStateMachine task thread for /127.0.0.1:36681 - 0 ] INFO  ipc.Client (Client.java:handleConnectionFailure(1010)) - Retrying connect to server: localhost/127.0.0.1:36681. Already tried 7 time(s); retry policy is RetryUpToMaximumCountWithFixedSleep(maxRetries=15, sleepTime=1000 MILLISECONDS)
2023-03-09 15:00:38,576 [Listener at 127.0.0.1/40089] INFO  ozone.MiniOzoneClusterImpl (MiniOzoneClusterImpl.java:lambda$waitForClusterToBeReady$0(218)) - Waiting for nodes to be ready. Got 0 of 3 DN Heartbeats.
2023-03-09 15:00:38,577 [Listener at 127.0.0.1/40089] INFO  ozone.MiniOzoneClusterImpl (MiniOzoneClusterImpl.java:lambda$waitForClusterToBeReady$0(221)) - Waiting for cluster to exit safe mode
2023-03-09 15:00:38,577 [Listener at 127.0.0.1/40089] INFO  ozone.MiniOzoneClusterImpl (MiniOzoneClusterImpl.java:lambda$waitForClusterToBeReady$0(223)) - SCM became leader
2023-03-09 15:00:38,774 [IPC Server handler 1 on default port 43747] INFO  net.NetworkTopologyImpl (NetworkTopologyImpl.java:add(112)) - Added a new node: /default-rack/fdc7571d-9447-4092-959d-9ce0ad2f1809
2023-03-09 15:00:38,774 [IPC Server handler 1 on default port 43747] INFO  node.SCMNodeManager (SCMNodeManager.java:register(404)) - Registered Data node : fdc7571d-9447-4092-959d-9ce0ad2f1809{ip: 127.0.0.1, host: localhost, ports: [REPLICATION=35731, RATIS=36519, RATIS_ADMIN=36519, RATIS_SERVER=36519, RATIS_DATASTREAM=44285, STANDALONE=38119], networkLocation: /default-rack, certSerialId: null, persistedOpState: null, persistedOpStateExpiryEpochSec: 0}
2023-03-09 15:00:38,777 [EventQueue-NodeRegistrationContainerReportForDataNodeSafeModeRule] INFO  safemode.SCMSafeModeManager (DataNodeSafeModeRule.java:process(71)) - SCM in safe mode. 1 DataNodes registered, 3 required.
2023-03-09 15:00:38,781 [EventQueue-NewNodeForNewNodeHandler] INFO  pipeline.BackgroundPipelineCreator (BackgroundPipelineCreator.java:notifyEventTriggered(276)) - trigger a one-shot run on RatisPipelineUtilsThread.
2023-03-09 15:00:38,782 [EventQueue-NodeRegistrationContainerReportForContainerSafeModeRule] INFO  safemode.SCMSafeModeManager (SCMSafeModeManager.java:validateSafeModeExitRules(200)) - ContainerSafeModeRule rule is successfully validated
2023-03-09 15:00:38,783 [RatisPipelineUtilsThread - 0] INFO  pipeline.RatisPipelineProvider (RatisPipelineProvider.java:lambda$create$0(206)) - Sending CreatePipelineCommand for pipeline:PipelineID=036ceb30-bf8b-4043-b4f3-3b5ad3405e30 to datanode:fdc7571d-9447-4092-959d-9ce0ad2f1809
2023-03-09 15:00:38,789 [EndpointStateMachine task thread for /127.0.0.1:36681 - 0 ] INFO  ipc.Client (Client.java:handleConnectionFailure(1010)) - Retrying connect to server: localhost/127.0.0.1:36681. Already tried 8 time(s); retry policy is RetryUpToMaximumCountWithFixedSleep(maxRetries=15, sleepTime=1000 MILLISECONDS)
2023-03-09 15:00:38,794 [EventQueue-PipelineReportForOneReplicaPipelineSafeModeRule] INFO  safemode.SCMSafeModeManager (SCMSafeModeManager.java:validateSafeModeExitRules(200)) - AtleastOneDatanodeReportedRule rule is successfully validated
2023-03-09 15:00:38,807 [fb3fcbca-8ec0-4e2c-837f-292e7e68a1b5@group-E7B04A6F140E-StateMachineUpdater] INFO  pipeline.PipelineStateManagerImpl (PipelineStateManagerImpl.java:addPipeline(103)) - Created pipeline Pipeline[ Id: 036ceb30-bf8b-4043-b4f3-3b5ad3405e30, Nodes: fdc7571d-9447-4092-959d-9ce0ad2f1809(localhost/127.0.0.1), ReplicationConfig: RATIS/ONE, State:ALLOCATED, leaderId:, CreationTimestamp2023-03-09T15:00:38.783Z[Etc/UTC]].
2023-03-09 15:00:38,807 [fb3fcbca-8ec0-4e2c-837f-292e7e68a1b5@group-E7B04A6F140E-StateMachineUpdater] INFO  safemode.HealthyPipelineSafeModeRule (HealthyPipelineSafeModeRule.java:initializeRule(165)) - Refreshed total pipeline count is 0, healthy pipeline threshold count is 1
2023-03-09 15:00:39,131 [IPC Server handler 2 on default port 43747] INFO  net.NetworkTopologyImpl (NetworkTopologyImpl.java:add(112)) - Added a new node: /default-rack/ac810fbe-b19a-4148-a035-811b2b5a9c18
2023-03-09 15:00:39,131 [IPC Server handler 2 on default port 43747] INFO  node.SCMNodeManager (SCMNodeManager.java:register(404)) - Registered Data node : ac810fbe-b19a-4148-a035-811b2b5a9c18{ip: 127.0.0.1, host: localhost, ports: [REPLICATION=40049, RATIS=39805, RATIS_ADMIN=39805, RATIS_SERVER=39805, RATIS_DATASTREAM=45019, STANDALONE=42415], networkLocation: /default-rack, certSerialId: null, persistedOpState: null, persistedOpStateExpiryEpochSec: 0}
2023-03-09 15:00:39,133 [EventQueue-NewNodeForNewNodeHandler] INFO  pipeline.BackgroundPipelineCreator (BackgroundPipelineCreator.java:notifyEventTriggered(276)) - trigger a one-shot run on RatisPipelineUtilsThread.
2023-03-09 15:00:39,133 [EventQueue-NodeRegistrationContainerReportForDataNodeSafeModeRule] INFO  safemode.SCMSafeModeManager (DataNodeSafeModeRule.java:process(71)) - SCM in safe mode. 2 DataNodes registered, 3 required.
2023-03-09 15:00:39,134 [RatisPipelineUtilsThread - 0] INFO  pipeline.RatisPipelineProvider (RatisPipelineProvider.java:lambda$create$0(206)) - Sending CreatePipelineCommand for pipeline:PipelineID=914ae18b-b2da-467f-8c35-6627fbc0d812 to datanode:ac810fbe-b19a-4148-a035-811b2b5a9c18
2023-03-09 15:00:39,137 [fb3fcbca-8ec0-4e2c-837f-292e7e68a1b5@group-E7B04A6F140E-StateMachineUpdater] INFO  pipeline.PipelineStateManagerImpl (PipelineStateManagerImpl.java:addPipeline(103)) - Created pipeline Pipeline[ Id: 914ae18b-b2da-467f-8c35-6627fbc0d812, Nodes: ac810fbe-b19a-4148-a035-811b2b5a9c18(localhost/127.0.0.1), ReplicationConfig: RATIS/ONE, State:ALLOCATED, leaderId:, CreationTimestamp2023-03-09T15:00:39.134Z[Etc/UTC]].
2023-03-09 15:00:39,138 [fb3fcbca-8ec0-4e2c-837f-292e7e68a1b5@group-E7B04A6F140E-StateMachineUpdater] INFO  safemode.HealthyPipelineSafeModeRule (HealthyPipelineSafeModeRule.java:initializeRule(165)) - Refreshed total pipeline count is 0, healthy pipeline threshold count is 1
2023-03-09 15:00:39,577 [IPC Server handler 0 on default port 43747] INFO  net.NetworkTopologyImpl (NetworkTopologyImpl.java:add(112)) - Added a new node: /default-rack/0ee7bec8-2182-4b4a-933d-6a3bad615c17
2023-03-09 15:00:39,577 [IPC Server handler 0 on default port 43747] INFO  node.SCMNodeManager (SCMNodeManager.java:register(404)) - Registered Data node : 0ee7bec8-2182-4b4a-933d-6a3bad615c17{ip: 127.0.0.1, host: localhost, ports: [REPLICATION=41779, RATIS=38121, RATIS_ADMIN=38121, RATIS_SERVER=38121, RATIS_DATASTREAM=45643, STANDALONE=40005], networkLocation: /default-rack, certSerialId: null, persistedOpState: null, persistedOpStateExpiryEpochSec: 0}
2023-03-09 15:00:39,577 [EventQueue-NewNodeForNewNodeHandler] INFO  pipeline.BackgroundPipelineCreator (BackgroundPipelineCreator.java:notifyEventTriggered(276)) - trigger a one-shot run on RatisPipelineUtilsThread.
2023-03-09 15:00:39,577 [Listener at 127.0.0.1/40089] INFO  ozone.MiniOzoneClusterImpl (MiniOzoneClusterImpl.java:lambda$waitForClusterToBeReady$0(218)) - Nodes are ready. Got 3 of 3 DN Heartbeats.
2023-03-09 15:00:39,578 [Listener at 127.0.0.1/40089] INFO  ozone.MiniOzoneClusterImpl (MiniOzoneClusterImpl.java:lambda$waitForClusterToBeReady$0(221)) - Waiting for cluster to exit safe mode
2023-03-09 15:00:39,579 [Listener at 127.0.0.1/40089] INFO  ozone.MiniOzoneClusterImpl (MiniOzoneClusterImpl.java:lambda$waitForClusterToBeReady$0(223)) - SCM became leader
2023-03-09 15:00:39,579 [EventQueue-NodeRegistrationContainerReportForDataNodeSafeModeRule] INFO  safemode.SCMSafeModeManager (DataNodeSafeModeRule.java:process(71)) - SCM in safe mode. 3 DataNodes registered, 3 required.
2023-03-09 15:00:39,580 [EventQueue-NodeRegistrationContainerReportForDataNodeSafeModeRule] INFO  safemode.SCMSafeModeManager (SCMSafeModeManager.java:validateSafeModeExitRules(200)) - DataNodeSafeModeRule rule is successfully validated
2023-03-09 15:00:39,580 [EventQueue-NodeRegistrationContainerReportForDataNodeSafeModeRule] INFO  safemode.SCMSafeModeManager (SCMSafeModeManager.java:completePreCheck(229)) - All SCM safe mode pre check rules have passed
2023-03-09 15:00:39,580 [EventQueue-NodeRegistrationContainerReportForDataNodeSafeModeRule] INFO  ha.SCMContext (SCMContext.java:updateSafeModeStatus(228)) - Update SafeModeStatus from SafeModeStatus{safeModeStatus=true, preCheckPassed=false} to SafeModeStatus{safeModeStatus=true, preCheckPassed=true}.
2023-03-09 15:00:39,580 [EventQueue-NodeRegistrationContainerReportForDataNodeSafeModeRule] INFO  pipeline.BackgroundPipelineCreator (BackgroundPipelineCreator.java:notifyEventTriggered(276)) - trigger a one-shot run on RatisPipelineUtilsThread.
2023-03-09 15:00:39,579 [RatisPipelineUtilsThread - 0] INFO  pipeline.RatisPipelineProvider (RatisPipelineProvider.java:lambda$create$0(206)) - Sending CreatePipelineCommand for pipeline:PipelineID=e2c3d023-e542-44a8-8c10-7e4d0fd4f830 to datanode:0ee7bec8-2182-4b4a-933d-6a3bad615c17
2023-03-09 15:00:39,583 [fb3fcbca-8ec0-4e2c-837f-292e7e68a1b5@group-E7B04A6F140E-StateMachineUpdater] INFO  pipeline.PipelineStateManagerImpl (PipelineStateManagerImpl.java:addPipeline(103)) - Created pipeline Pipeline[ Id: e2c3d023-e542-44a8-8c10-7e4d0fd4f830, Nodes: 0ee7bec8-2182-4b4a-933d-6a3bad615c17(localhost/127.0.0.1), ReplicationConfig: RATIS/ONE, State:ALLOCATED, leaderId:, CreationTimestamp2023-03-09T15:00:39.579Z[Etc/UTC]].
2023-03-09 15:00:39,583 [fb3fcbca-8ec0-4e2c-837f-292e7e68a1b5@group-E7B04A6F140E-StateMachineUpdater] INFO  safemode.HealthyPipelineSafeModeRule (HealthyPipelineSafeModeRule.java:initializeRule(165)) - Refreshed total pipeline count is 0, healthy pipeline threshold count is 1
2023-03-09 15:00:39,584 [RatisPipelineUtilsThread - 0] INFO  pipeline.RatisPipelineProvider (RatisPipelineProvider.java:lambda$create$0(206)) - Sending CreatePipelineCommand for pipeline:PipelineID=8a5de1dc-715e-407e-ae3f-99b86daed154 to datanode:0ee7bec8-2182-4b4a-933d-6a3bad615c17
2023-03-09 15:00:39,584 [RatisPipelineUtilsThread - 0] INFO  pipeline.RatisPipelineProvider (RatisPipelineProvider.java:lambda$create$0(206)) - Sending CreatePipelineCommand for pipeline:PipelineID=8a5de1dc-715e-407e-ae3f-99b86daed154 to datanode:ac810fbe-b19a-4148-a035-811b2b5a9c18
2023-03-09 15:00:39,584 [RatisPipelineUtilsThread - 0] INFO  pipeline.RatisPipelineProvider (RatisPipelineProvider.java:lambda$create$0(206)) - Sending CreatePipelineCommand for pipeline:PipelineID=8a5de1dc-715e-407e-ae3f-99b86daed154 to datanode:fdc7571d-9447-4092-959d-9ce0ad2f1809
2023-03-09 15:00:39,587 [fb3fcbca-8ec0-4e2c-837f-292e7e68a1b5@group-E7B04A6F140E-StateMachineUpdater] INFO  pipeline.PipelineStateManagerImpl (PipelineStateManagerImpl.java:addPipeline(103)) - Created pipeline Pipeline[ Id: 8a5de1dc-715e-407e-ae3f-99b86daed154, Nodes: 0ee7bec8-2182-4b4a-933d-6a3bad615c17(localhost/127.0.0.1)ac810fbe-b19a-4148-a035-811b2b5a9c18(localhost/127.0.0.1)fdc7571d-9447-4092-959d-9ce0ad2f1809(localhost/127.0.0.1), ReplicationConfig: RATIS/THREE, State:ALLOCATED, leaderId:, CreationTimestamp2023-03-09T15:00:39.584Z[Etc/UTC]].
2023-03-09 15:00:39,587 [fb3fcbca-8ec0-4e2c-837f-292e7e68a1b5@group-E7B04A6F140E-StateMachineUpdater] INFO  safemode.HealthyPipelineSafeModeRule (HealthyPipelineSafeModeRule.java:initializeRule(165)) - Refreshed total pipeline count is 0, healthy pipeline threshold count is 1
2023-03-09 15:00:39,587 [RatisPipelineUtilsThread - 0] INFO  pipeline.RatisPipelineProvider (RatisPipelineProvider.java:lambda$create$0(206)) - Sending CreatePipelineCommand for pipeline:PipelineID=4c531124-62d2-4bb3-9edf-cbc73ee03d9b to datanode:fdc7571d-9447-4092-959d-9ce0ad2f1809
2023-03-09 15:00:39,587 [RatisPipelineUtilsThread - 0] INFO  pipeline.RatisPipelineProvider (RatisPipelineProvider.java:lambda$create$0(206)) - Sending CreatePipelineCommand for pipeline:PipelineID=4c531124-62d2-4bb3-9edf-cbc73ee03d9b to datanode:0ee7bec8-2182-4b4a-933d-6a3bad615c17
2023-03-09 15:00:39,588 [RatisPipelineUtilsThread - 0] INFO  pipeline.RatisPipelineProvider (RatisPipelineProvider.java:lambda$create$0(206)) - Sending CreatePipelineCommand for pipeline:PipelineID=4c531124-62d2-4bb3-9edf-cbc73ee03d9b to datanode:ac810fbe-b19a-4148-a035-811b2b5a9c18
2023-03-09 15:00:39,589 [fb3fcbca-8ec0-4e2c-837f-292e7e68a1b5@group-E7B04A6F140E-StateMachineUpdater] INFO  pipeline.PipelineStateManagerImpl (PipelineStateManagerImpl.java:addPipeline(103)) - Created pipeline Pipeline[ Id: 4c531124-62d2-4bb3-9edf-cbc73ee03d9b, Nodes: fdc7571d-9447-4092-959d-9ce0ad2f1809(localhost/127.0.0.1)0ee7bec8-2182-4b4a-933d-6a3bad615c17(localhost/127.0.0.1)ac810fbe-b19a-4148-a035-811b2b5a9c18(localhost/127.0.0.1), ReplicationConfig: RATIS/THREE, State:ALLOCATED, leaderId:, CreationTimestamp2023-03-09T15:00:39.587Z[Etc/UTC]].
2023-03-09 15:00:39,589 [fb3fcbca-8ec0-4e2c-837f-292e7e68a1b5@group-E7B04A6F140E-StateMachineUpdater] INFO  safemode.HealthyPipelineSafeModeRule (HealthyPipelineSafeModeRule.java:initializeRule(165)) - Refreshed total pipeline count is 0, healthy pipeline threshold count is 1
2023-03-09 15:00:39,590 [RatisPipelineUtilsThread - 0] INFO  pipeline.PipelineManagerImpl (PipelineManagerImpl.java:recordMetricsForPipeline(826)) - Pipeline: PipelineID=4c531124-62d2-4bb3-9edf-cbc73ee03d9b contains same datanodes as previous pipelines: PipelineID=8a5de1dc-715e-407e-ae3f-99b86daed154 nodeIds: fdc7571d-9447-4092-959d-9ce0ad2f1809, 0ee7bec8-2182-4b4a-933d-6a3bad615c17, ac810fbe-b19a-4148-a035-811b2b5a9c18
2023-03-09 15:00:39,590 [RatisPipelineUtilsThread - 0] WARN  pipeline.PipelinePlacementPolicy (PipelinePlacementPolicy.java:filterViableNodes(158)) - Pipeline creation failed due to no sufficient healthy datanodes. Required 3. Found 0.
2023-03-09 15:00:39,590 [RatisPipelineUtilsThread - 0] WARN  pipeline.PipelinePlacementPolicy (PipelinePlacementPolicy.java:filterViableNodes(158)) - Pipeline creation failed due to no sufficient healthy datanodes. Required 3. Found 0.
2023-03-09 15:00:39,790 [EndpointStateMachine task thread for /127.0.0.1:36681 - 0 ] INFO  ipc.Client (Client.java:handleConnectionFailure(1010)) - Retrying connect to server: localhost/127.0.0.1:36681. Already tried 9 time(s); retry policy is RetryUpToMaximumCountWithFixedSleep(maxRetries=15, sleepTime=1000 MILLISECONDS)
2023-03-09 15:00:40,581 [Listener at 127.0.0.1/40089] INFO  ozone.MiniOzoneClusterImpl (MiniOzoneClusterImpl.java:lambda$waitForClusterToBeReady$0(218)) - Nodes are ready. Got 3 of 3 DN Heartbeats.
2023-03-09 15:00:40,582 [Listener at 127.0.0.1/40089] INFO  ozone.MiniOzoneClusterImpl (MiniOzoneClusterImpl.java:lambda$waitForClusterToBeReady$0(221)) - Waiting for cluster to exit safe mode
2023-03-09 15:00:40,582 [Listener at 127.0.0.1/40089] INFO  ozone.MiniOzoneClusterImpl (MiniOzoneClusterImpl.java:lambda$waitForClusterToBeReady$0(223)) - SCM became leader
2023-03-09 15:00:40,791 [EndpointStateMachine task thread for /127.0.0.1:36681 - 0 ] INFO  ipc.Client (Client.java:handleConnectionFailure(1010)) - Retrying connect to server: localhost/127.0.0.1:36681. Already tried 10 time(s); retry policy is RetryUpToMaximumCountWithFixedSleep(maxRetries=15, sleepTime=1000 MILLISECONDS)
2023-03-09 15:00:41,583 [Listener at 127.0.0.1/40089] INFO  ozone.MiniOzoneClusterImpl (MiniOzoneClusterImpl.java:lambda$waitForClusterToBeReady$0(218)) - Nodes are ready. Got 3 of 3 DN Heartbeats.
2023-03-09 15:00:41,583 [Listener at 127.0.0.1/40089] INFO  ozone.MiniOzoneClusterImpl (MiniOzoneClusterImpl.java:lambda$waitForClusterToBeReady$0(221)) - Waiting for cluster to exit safe mode
2023-03-09 15:00:41,583 [Listener at 127.0.0.1/40089] INFO  ozone.MiniOzoneClusterImpl (MiniOzoneClusterImpl.java:lambda$waitForClusterToBeReady$0(223)) - SCM became leader
2023-03-09 15:00:41,775 [Command processor thread] INFO  server.RaftServer (RaftServerProxy.java:addNew(96)) - fdc7571d-9447-4092-959d-9ce0ad2f1809: addNew group-3B5AD3405E30:[fdc7571d-9447-4092-959d-9ce0ad2f1809|rpc:127.0.0.1:36519|dataStream:127.0.0.1:44285|priority:1|startupRole:FOLLOWER] returns group-3B5AD3405E30:java.util.concurrent.CompletableFuture@676ae8a9[Not completed]
2023-03-09 15:00:41,779 [pool-691-thread-1] INFO  server.RaftServer$Division (RaftServerImpl.java:<init>(195)) - fdc7571d-9447-4092-959d-9ce0ad2f1809: new RaftServerImpl for group-3B5AD3405E30:[fdc7571d-9447-4092-959d-9ce0ad2f1809|rpc:127.0.0.1:36519|dataStream:127.0.0.1:44285|priority:1|startupRole:FOLLOWER] with ContainerStateMachine:uninitialized
2023-03-09 15:00:41,779 [pool-691-thread-1] INFO  server.RaftServerConfigKeys (ConfUtils.java:logGet(46)) - raft.server.rpc.timeout.min = 5s (custom)
2023-03-09 15:00:41,779 [pool-691-thread-1] INFO  server.RaftServerConfigKeys (ConfUtils.java:logGet(46)) - raft.server.rpc.timeout.max = 5200ms (custom)
2023-03-09 15:00:41,779 [pool-691-thread-1] INFO  server.RaftServerConfigKeys (ConfUtils.java:logGet(46)) - raft.server.rpc.sleep.time = 25ms (default)
2023-03-09 15:00:41,779 [pool-691-thread-1] INFO  server.RaftServerConfigKeys (ConfUtils.java:logGet(46)) - raft.server.rpc.slowness.timeout = 300s (custom)
2023-03-09 15:00:41,779 [pool-691-thread-1] INFO  server.RaftServerConfigKeys (ConfUtils.java:logGet(46)) - raft.server.leaderelection.leader.step-down.wait-time = 10s (default)
2023-03-09 15:00:41,779 [pool-691-thread-1] INFO  server.RaftServerConfigKeys (ConfUtils.java:logGet(46)) - raft.server.sleep.deviation.threshold = 300ms (default)
2023-03-09 15:00:41,779 [pool-691-thread-1] INFO  server.RaftServer$Division (ServerState.java:<init>(118)) - fdc7571d-9447-4092-959d-9ce0ad2f1809@group-3B5AD3405E30: ConfigurationManager, init=-1: peers:[fdc7571d-9447-4092-959d-9ce0ad2f1809|rpc:127.0.0.1:36519|dataStream:127.0.0.1:44285|priority:1|startupRole:FOLLOWER]|listeners:[], old=null, confs=<EMPTY_MAP>
2023-03-09 15:00:41,780 [pool-691-thread-1] INFO  server.RaftServerConfigKeys (ConfUtils.java:logGet(46)) - raft.server.storage.dir = [/home/runner/work/ozone/ozone/hadoop-ozone/integration-test/target/test-dir/MiniOzoneClusterImpl-4e7c95cc-71c1-4f0b-a9e9-e7b04a6f140e/datanode-0/data/ratis] (custom)
2023-03-09 15:00:41,780 [pool-691-thread-1] INFO  server.RaftServerConfigKeys (ConfUtils.java:logGet(46)) - raft.server.log.corruption.policy = EXCEPTION (default)
2023-03-09 15:00:41,780 [pool-691-thread-1] INFO  server.RaftServerConfigKeys (ConfUtils.java:logGet(46)) - raft.server.storage.free-space.min = 0MB (=0) (default)
2023-03-09 15:00:41,780 [pool-691-thread-1] INFO  server.RaftServerConfigKeys (ConfUtils.java:logGet(46)) - raft.server.notification.no-leader.timeout = 300s (custom)
2023-03-09 15:00:41,780 [pool-691-thread-1] INFO  server.RaftServerConfigKeys (ConfUtils.java:logGet(46)) - raft.server.retrycache.expirytime = 600000ms (custom)
2023-03-09 15:00:41,780 [pool-691-thread-1] INFO  server.RaftServerConfigKeys (ConfUtils.java:logGet(46)) - raft.server.retrycache.statistics.expirytime = 100μs (default)
2023-03-09 15:00:41,781 [pool-691-thread-1] INFO  server.RaftServerConfigKeys (ConfUtils.java:logGet(46)) - raft.server.log.appender.install.snapshot.enabled = false (custom)
2023-03-09 15:00:41,781 [pool-691-thread-1] INFO  server.RaftServerConfigKeys (ConfUtils.java:logGet(46)) - raft.server.threadpool.server.cached = true (default)
2023-03-09 15:00:41,781 [pool-691-thread-1] INFO  server.RaftServerConfigKeys (ConfUtils.java:logGet(46)) - raft.server.threadpool.server.size = 0 (default)
2023-03-09 15:00:41,781 [pool-691-thread-1] INFO  server.RaftServerConfigKeys (ConfUtils.java:logGet(46)) - raft.server.threadpool.client.cached = true (default)
2023-03-09 15:00:41,781 [pool-691-thread-1] INFO  server.RaftServerConfigKeys (ConfUtils.java:logGet(46)) - raft.server.threadpool.client.size = 0 (default)
2023-03-09 15:00:41,781 [pool-691-thread-1] INFO  storage.RaftStorageDirectory (RaftStorageDirectoryImpl.java:analyzeStorage(137)) - The storage directory /home/runner/work/ozone/ozone/hadoop-ozone/integration-test/target/test-dir/MiniOzoneClusterImpl-4e7c95cc-71c1-4f0b-a9e9-e7b04a6f140e/datanode-0/data/ratis/036ceb30-bf8b-4043-b4f3-3b5ad3405e30 does not exist. Creating ...
2023-03-09 15:00:41,783 [pool-691-thread-1] INFO  storage.RaftStorageDirectory (RaftStorageDirectoryImpl.java:tryLock(231)) - Lock on /home/runner/work/ozone/ozone/hadoop-ozone/integration-test/target/test-dir/MiniOzoneClusterImpl-4e7c95cc-71c1-4f0b-a9e9-e7b04a6f140e/datanode-0/data/ratis/036ceb30-bf8b-4043-b4f3-3b5ad3405e30/in_use.lock acquired by nodename 57158@fv-az377-502
2023-03-09 15:00:41,784 [pool-691-thread-1] INFO  storage.RaftStorage (RaftStorageImpl.java:format(96)) - Storage directory /home/runner/work/ozone/ozone/hadoop-ozone/integration-test/target/test-dir/MiniOzoneClusterImpl-4e7c95cc-71c1-4f0b-a9e9-e7b04a6f140e/datanode-0/data/ratis/036ceb30-bf8b-4043-b4f3-3b5ad3405e30 has been successfully formatted.
2023-03-09 15:00:41,785 [pool-691-thread-1] INFO  ratis.ContainerStateMachine (ContainerStateMachine.java:loadSnapshot(240)) - group-3B5AD3405E30: The snapshot info is null. Setting the last applied indexto:(t:0, i:~)
2023-03-09 15:00:41,785 [pool-691-thread-1] INFO  server.RaftServerConfigKeys (ConfUtils.java:logGet(46)) - raft.server.log.use.memory = false (default)
2023-03-09 15:00:41,786 [pool-691-thread-1] INFO  server.RaftServerConfigKeys (ConfUtils.java:logGet(46)) - raft.server.log.purge.gap = 1000000 (custom)
2023-03-09 15:00:41,786 [pool-691-thread-1] INFO  server.RaftServerConfigKeys (ConfUtils.java:logGet(46)) - raft.server.log.appender.buffer.byte-limit = 33554432 (custom)
2023-03-09 15:00:41,786 [pool-691-thread-1] INFO  server.RaftServerConfigKeys (ConfUtils.java:logGet(46)) - raft.server.log.statemachine.data.read.timeout = 1000ms (default)
2023-03-09 15:00:41,786 [pool-691-thread-1] INFO  server.RaftServerConfigKeys (ConfUtils.java:logGet(46)) - raft.server.log.purge.preservation.log.num = 0 (default)
2023-03-09 15:00:41,786 [pool-691-thread-1] INFO  server.RaftServerConfigKeys (ConfUtils.java:logGet(46)) - raft.server.log.segment.size.max = 1048576 (custom)
2023-03-09 15:00:41,786 [pool-691-thread-1] INFO  server.RaftServerConfigKeys (ConfUtils.java:logGet(46)) - raft.server.log.segment.cache.num.max = 2 (custom)
2023-03-09 15:00:41,786 [pool-691-thread-1] INFO  server.RaftServerConfigKeys (ConfUtils.java:logGet(46)) - raft.server.log.segment.cache.size.max = 200MB (=209715200) (default)
2023-03-09 15:00:41,786 [pool-691-thread-1] INFO  segmented.SegmentedRaftLogWorker (SegmentedRaftLogWorker.java:<init>(189)) - new fdc7571d-9447-4092-959d-9ce0ad2f1809@group-3B5AD3405E30-SegmentedRaftLogWorker for RaftStorageImpl:Storage Directory /home/runner/work/ozone/ozone/hadoop-ozone/integration-test/target/test-dir/MiniOzoneClusterImpl-4e7c95cc-71c1-4f0b-a9e9-e7b04a6f140e/datanode-0/data/ratis/036ceb30-bf8b-4043-b4f3-3b5ad3405e30
2023-03-09 15:00:41,786 [pool-691-thread-1] INFO  server.RaftServerConfigKeys (ConfUtils.java:logGet(46)) - raft.server.log.queue.byte-limit = 4294967296 (custom)
2023-03-09 15:00:41,787 [pool-691-thread-1] INFO  server.RaftServerConfigKeys (ConfUtils.java:logGet(46)) - raft.server.log.queue.element-limit = 1024 (custom)
2023-03-09 15:00:41,787 [pool-691-thread-1] INFO  server.RaftServerConfigKeys (ConfUtils.java:logGet(46)) - raft.server.log.segment.size.max = 1048576 (custom)
2023-03-09 15:00:41,787 [pool-691-thread-1] INFO  server.RaftServerConfigKeys (ConfUtils.java:logGet(46)) - raft.server.log.preallocated.size = 16384 (custom)
2023-03-09 15:00:41,787 [EventQueue-PipelineReportForPipelineReportHandler] INFO  pipeline.PipelineManagerImpl (PipelineManagerImpl.java:openPipeline(367)) - Pipeline Pipeline[ Id: 036ceb30-bf8b-4043-b4f3-3b5ad3405e30, Nodes: fdc7571d-9447-4092-959d-9ce0ad2f1809(localhost/127.0.0.1), ReplicationConfig: RATIS/ONE, State:ALLOCATED, leaderId:fdc7571d-9447-4092-959d-9ce0ad2f1809, CreationTimestamp2023-03-09T15:00:38.783Z[Etc/UTC]] moved to OPEN state
2023-03-09 15:00:41,787 [pool-691-thread-1] INFO  server.RaftServerConfigKeys (ConfUtils.java:logGet(46)) - raft.server.log.force.sync.num = 128 (default)
2023-03-09 15:00:41,789 [pool-691-thread-1] INFO  server.RaftServerConfigKeys (ConfUtils.java:logGet(46)) - raft.server.log.statemachine.data.sync = true (default)
2023-03-09 15:00:41,789 [pool-691-thread-1] INFO  server.RaftServerConfigKeys (ConfUtils.java:logGet(46)) - raft.server.log.statemachine.data.sync.timeout = 10s (default)
2023-03-09 15:00:41,789 [pool-691-thread-1] INFO  server.RaftServerConfigKeys (ConfUtils.java:logGet(46)) - raft.server.log.statemachine.data.sync.timeout.retry = -1 (default)
2023-03-09 15:00:41,789 [pool-691-thread-1] INFO  server.RaftServerConfigKeys (ConfUtils.java:logGet(46)) - raft.server.log.write.buffer.size = 1048576 (custom)
2023-03-09 15:00:41,790 [pool-691-thread-1] INFO  server.RaftServerConfigKeys (ConfUtils.java:logGet(46)) - raft.server.log.appender.buffer.byte-limit = 33554432 (custom)
2023-03-09 15:00:41,792 [fb3fcbca-8ec0-4e2c-837f-292e7e68a1b5@group-E7B04A6F140E-StateMachineUpdater] INFO  safemode.HealthyPipelineSafeModeRule (HealthyPipelineSafeModeRule.java:initializeRule(165)) - Refreshed total pipeline count is 0, healthy pipeline threshold count is 1
2023-03-09 15:00:41,800 [pool-691-thread-1] INFO  server.RaftServerConfigKeys (ConfUtils.java:logGet(46)) - raft.server.log.unsafe-flush.enabled = false (default)
2023-03-09 15:00:41,800 [pool-691-thread-1] INFO  server.RaftServerConfigKeys (ConfUtils.java:logGet(46)) - raft.server.log.async-flush.enabled = false (default)
2023-03-09 15:00:41,800 [pool-691-thread-1] INFO  server.RaftServerConfigKeys (ConfUtils.java:logGet(46)) - raft.server.log.statemachine.data.caching.enabled = true (custom)
2023-03-09 15:00:41,800 [EndpointStateMachine task thread for /127.0.0.1:36681 - 0 ] INFO  ipc.Client (Client.java:handleConnectionFailure(1010)) - Retrying connect to server: localhost/127.0.0.1:36681. Already tried 11 time(s); retry policy is RetryUpToMaximumCountWithFixedSleep(maxRetries=15, sleepTime=1000 MILLISECONDS)
2023-03-09 15:00:41,801 [pool-691-thread-1] INFO  segmented.SegmentedRaftLogWorker (SegmentedRaftLogWorker.java:lambda$new$0(135)) - fdc7571d-9447-4092-959d-9ce0ad2f1809@group-3B5AD3405E30-SegmentedRaftLogWorker: flushIndex: setUnconditionally 0 -> -1
2023-03-09 15:00:41,801 [pool-691-thread-1] INFO  segmented.SegmentedRaftLogWorker (SegmentedRaftLogWorker.java:lambda$new$0(135)) - fdc7571d-9447-4092-959d-9ce0ad2f1809@group-3B5AD3405E30-SegmentedRaftLogWorker: safeCacheEvictIndex: setUnconditionally 0 -> -1
2023-03-09 15:00:41,801 [pool-691-thread-1] INFO  server.RaftServer$Division (RaftServerImpl.java:start(334)) - fdc7571d-9447-4092-959d-9ce0ad2f1809@group-3B5AD3405E30: start as a follower, conf=-1: peers:[fdc7571d-9447-4092-959d-9ce0ad2f1809|rpc:127.0.0.1:36519|dataStream:127.0.0.1:44285|priority:1|startupRole:FOLLOWER]|listeners:[], old=null
2023-03-09 15:00:41,801 [pool-691-thread-1] INFO  server.RaftServer$Division (RaftServerImpl.java:setRole(321)) - fdc7571d-9447-4092-959d-9ce0ad2f1809@group-3B5AD3405E30: changes role from      null to FOLLOWER at term 0 for startAsFollower
2023-03-09 15:00:41,801 [pool-691-thread-1] INFO  impl.RoleInfo (RoleInfo.java:updateAndGet(139)) - fdc7571d-9447-4092-959d-9ce0ad2f1809: start fdc7571d-9447-4092-959d-9ce0ad2f1809@group-3B5AD3405E30-FollowerState
2023-03-09 15:00:41,801 [pool-691-thread-1] INFO  util.JmxRegister (JmxRegister.java:tryRegister(44)) - Successfully registered JMX Bean with object name Ratis:service=RaftServer,group=group-3B5AD3405E30,id=fdc7571d-9447-4092-959d-9ce0ad2f1809
2023-03-09 15:00:41,802 [pool-691-thread-1] INFO  server.RaftServerConfigKeys (ConfUtils.java:logGet(46)) - raft.server.snapshot.auto.trigger.enabled = true (custom)
2023-03-09 15:00:41,802 [pool-691-thread-1] INFO  server.RaftServerConfigKeys (ConfUtils.java:logGet(46)) - raft.server.snapshot.auto.trigger.threshold = 10000 (custom)
2023-03-09 15:00:41,802 [pool-691-thread-1] INFO  server.RaftServerConfigKeys (ConfUtils.java:logGet(46)) - raft.server.snapshot.retention.file.num = 5 (custom)
2023-03-09 15:00:41,802 [pool-691-thread-1] INFO  server.RaftServerConfigKeys (ConfUtils.java:logGet(46)) - raft.server.log.purge.upto.snapshot.index = false (default)
2023-03-09 15:00:41,802 [fdc7571d-9447-4092-959d-9ce0ad2f1809@group-3B5AD3405E30-FollowerState] INFO  server.RaftServerConfigKeys (ConfUtils.java:logFallback(53)) - raft.server.rpc.first-election.timeout.min = 5s (fallback to raft.server.rpc.timeout.min)
2023-03-09 15:00:41,802 [fdc7571d-9447-4092-959d-9ce0ad2f1809@group-3B5AD3405E30-FollowerState] INFO  server.RaftServerConfigKeys (ConfUtils.java:logFallback(53)) - raft.server.rpc.first-election.timeout.max = 5200ms (fallback to raft.server.rpc.timeout.max)
2023-03-09 15:00:41,803 [Command processor thread] INFO  ratis.XceiverServerRatis (XceiverServerRatis.java:addGroup(807)) - Created group PipelineID=036ceb30-bf8b-4043-b4f3-3b5ad3405e30
2023-03-09 15:00:41,803 [Command processor thread] INFO  commandhandler.CreatePipelineCommandHandler (CreatePipelineCommandHandler.java:handle(113)) - Created Pipeline RATIS ONE PipelineID=036ceb30-bf8b-4043-b4f3-3b5ad3405e30.
2023-03-09 15:00:41,803 [Command processor thread] INFO  server.RaftServer (RaftServerProxy.java:addNew(96)) - fdc7571d-9447-4092-959d-9ce0ad2f1809: addNew group-99B86DAED154:[ac810fbe-b19a-4148-a035-811b2b5a9c18|rpc:127.0.0.1:39805|dataStream:127.0.0.1:45019|priority:1|startupRole:FOLLOWER, 0ee7bec8-2182-4b4a-933d-6a3bad615c17|rpc:127.0.0.1:38121|dataStream:127.0.0.1:45643|priority:0|startupRole:FOLLOWER, fdc7571d-9447-4092-959d-9ce0ad2f1809|rpc:127.0.0.1:36519|dataStream:127.0.0.1:44285|priority:0|startupRole:FOLLOWER] returns group-99B86DAED154:java.util.concurrent.CompletableFuture@6355709c[Not completed]
2023-03-09 15:00:41,804 [pool-691-thread-1] INFO  server.RaftServer$Division (RaftServerImpl.java:<init>(195)) - fdc7571d-9447-4092-959d-9ce0ad2f1809: new RaftServerImpl for group-99B86DAED154:[ac810fbe-b19a-4148-a035-811b2b5a9c18|rpc:127.0.0.1:39805|dataStream:127.0.0.1:45019|priority:1|startupRole:FOLLOWER, 0ee7bec8-2182-4b4a-933d-6a3bad615c17|rpc:127.0.0.1:38121|dataStream:127.0.0.1:45643|priority:0|startupRole:FOLLOWER, fdc7571d-9447-4092-959d-9ce0ad2f1809|rpc:127.0.0.1:36519|dataStream:127.0.0.1:44285|priority:0|startupRole:FOLLOWER] with ContainerStateMachine:uninitialized
2023-03-09 15:00:41,804 [pool-691-thread-1] INFO  server.RaftServerConfigKeys (ConfUtils.java:logGet(46)) - raft.server.rpc.timeout.min = 5s (custom)
2023-03-09 15:00:41,804 [pool-691-thread-1] INFO  server.RaftServerConfigKeys (ConfUtils.java:logGet(46)) - raft.server.rpc.timeout.max = 5200ms (custom)
2023-03-09 15:00:41,804 [pool-691-thread-1] INFO  server.RaftServerConfigKeys (ConfUtils.java:logGet(46)) - raft.server.rpc.sleep.time = 25ms (default)
2023-03-09 15:00:41,804 [pool-691-thread-1] INFO  server.RaftServerConfigKeys (ConfUtils.java:logGet(46)) - raft.server.rpc.slowness.timeout = 300s (custom)
2023-03-09 15:00:41,804 [pool-691-thread-1] INFO  server.RaftServerConfigKeys (ConfUtils.java:logGet(46)) - raft.server.leaderelection.leader.step-down.wait-time = 10s (default)
2023-03-09 15:00:41,804 [pool-691-thread-1] INFO  server.RaftServerConfigKeys (ConfUtils.java:logGet(46)) - raft.server.sleep.deviation.threshold = 300ms (default)
2023-03-09 15:00:41,804 [pool-691-thread-1] INFO  server.RaftServer$Division (ServerState.java:<init>(118)) - fdc7571d-9447-4092-959d-9ce0ad2f1809@group-99B86DAED154: ConfigurationManager, init=-1: peers:[ac810fbe-b19a-4148-a035-811b2b5a9c18|rpc:127.0.0.1:39805|dataStream:127.0.0.1:45019|priority:1|startupRole:FOLLOWER, 0ee7bec8-2182-4b4a-933d-6a3bad615c17|rpc:127.0.0.1:38121|dataStream:127.0.0.1:45643|priority:0|startupRole:FOLLOWER, fdc7571d-9447-4092-959d-9ce0ad2f1809|rpc:127.0.0.1:36519|dataStream:127.0.0.1:44285|priority:0|startupRole:FOLLOWER]|listeners:[], old=null, confs=<EMPTY_MAP>
2023-03-09 15:00:41,804 [pool-691-thread-1] INFO  server.RaftServerConfigKeys (ConfUtils.java:logGet(46)) - raft.server.storage.dir = [/home/runner/work/ozone/ozone/hadoop-ozone/integration-test/target/test-dir/MiniOzoneClusterImpl-4e7c95cc-71c1-4f0b-a9e9-e7b04a6f140e/datanode-0/data/ratis] (custom)
2023-03-09 15:00:41,805 [pool-691-thread-1] INFO  server.RaftServerConfigKeys (ConfUtils.java:logGet(46)) - raft.server.log.corruption.policy = EXCEPTION (default)
2023-03-09 15:00:41,805 [pool-691-thread-1] INFO  server.RaftServerConfigKeys (ConfUtils.java:logGet(46)) - raft.server.storage.free-space.min = 0MB (=0) (default)
2023-03-09 15:00:41,805 [pool-691-thread-1] INFO  server.RaftServerConfigKeys (ConfUtils.java:logGet(46)) - raft.server.notification.no-leader.timeout = 300s (custom)
2023-03-09 15:00:41,805 [pool-691-thread-1] INFO  server.RaftServerConfigKeys (ConfUtils.java:logGet(46)) - raft.server.retrycache.expirytime = 600000ms (custom)
2023-03-09 15:00:41,805 [pool-691-thread-1] INFO  server.RaftServerConfigKeys (ConfUtils.java:logGet(46)) - raft.server.retrycache.statistics.expirytime = 100μs (default)
2023-03-09 15:00:41,805 [pool-691-thread-1] INFO  server.RaftServerConfigKeys (ConfUtils.java:logGet(46)) - raft.server.log.appender.install.snapshot.enabled = false (custom)
2023-03-09 15:00:41,805 [pool-691-thread-1] INFO  server.RaftServerConfigKeys (ConfUtils.java:logGet(46)) - raft.server.threadpool.server.cached = true (default)
2023-03-09 15:00:41,805 [pool-691-thread-1] INFO  server.RaftServerConfigKeys (ConfUtils.java:logGet(46)) - raft.server.threadpool.server.size = 0 (default)
2023-03-09 15:00:41,805 [pool-691-thread-1] INFO  server.RaftServerConfigKeys (ConfUtils.java:logGet(46)) - raft.server.threadpool.client.cached = true (default)
2023-03-09 15:00:41,806 [pool-691-thread-1] INFO  server.RaftServerConfigKeys (ConfUtils.java:logGet(46)) - raft.server.threadpool.client.size = 0 (default)
2023-03-09 15:00:41,806 [pool-691-thread-1] INFO  storage.RaftStorageDirectory (RaftStorageDirectoryImpl.java:analyzeStorage(137)) - The storage directory /home/runner/work/ozone/ozone/hadoop-ozone/integration-test/target/test-dir/MiniOzoneClusterImpl-4e7c95cc-71c1-4f0b-a9e9-e7b04a6f140e/datanode-0/data/ratis/8a5de1dc-715e-407e-ae3f-99b86daed154 does not exist. Creating ...
2023-03-09 15:00:41,806 [EventQueue-OpenPipelineForHealthyPipelineSafeModeRule] INFO  safemode.SCMSafeModeManager (HealthyPipelineSafeModeRule.java:process(137)) - SCM in safe mode. Healthy pipelines reported count is 0, required healthy pipeline reported count is 1
2023-03-09 15:00:41,807 [pool-691-thread-1] INFO  storage.RaftStorageDirectory (RaftStorageDirectoryImpl.java:tryLock(231)) - Lock on /home/runner/work/ozone/ozone/hadoop-ozone/integration-test/target/test-dir/MiniOzoneClusterImpl-4e7c95cc-71c1-4f0b-a9e9-e7b04a6f140e/datanode-0/data/ratis/8a5de1dc-715e-407e-ae3f-99b86daed154/in_use.lock acquired by nodename 57158@fv-az377-502
2023-03-09 15:00:41,809 [pool-691-thread-1] INFO  storage.RaftStorage (RaftStorageImpl.java:format(96)) - Storage directory /home/runner/work/ozone/ozone/hadoop-ozone/integration-test/target/test-dir/MiniOzoneClusterImpl-4e7c95cc-71c1-4f0b-a9e9-e7b04a6f140e/datanode-0/data/ratis/8a5de1dc-715e-407e-ae3f-99b86daed154 has been successfully formatted.
2023-03-09 15:00:41,809 [pool-691-thread-1] INFO  ratis.ContainerStateMachine (ContainerStateMachine.java:loadSnapshot(240)) - group-99B86DAED154: The snapshot info is null. Setting the last applied indexto:(t:0, i:~)
2023-03-09 15:00:41,809 [pool-691-thread-1] INFO  server.RaftServerConfigKeys (ConfUtils.java:logGet(46)) - raft.server.log.use.memory = false (default)
2023-03-09 15:00:41,810 [pool-691-thread-1] INFO  server.RaftServerConfigKeys (ConfUtils.java:logGet(46)) - raft.server.log.purge.gap = 1000000 (custom)
2023-03-09 15:00:41,810 [pool-691-thread-1] INFO  server.RaftServerConfigKeys (ConfUtils.java:logGet(46)) - raft.server.log.appender.buffer.byte-limit = 33554432 (custom)
2023-03-09 15:00:41,810 [pool-691-thread-1] INFO  server.RaftServerConfigKeys (ConfUtils.java:logGet(46)) - raft.server.log.statemachine.data.read.timeout = 1000ms (default)
2023-03-09 15:00:41,810 [pool-691-thread-1] INFO  server.RaftServerConfigKeys (ConfUtils.java:logGet(46)) - raft.server.log.purge.preservation.log.num = 0 (default)
2023-03-09 15:00:41,811 [pool-691-thread-1] INFO  server.RaftServerConfigKeys (ConfUtils.java:logGet(46)) - raft.server.log.segment.size.max = 1048576 (custom)
2023-03-09 15:00:41,811 [pool-691-thread-1] INFO  server.RaftServerConfigKeys (ConfUtils.java:logGet(46)) - raft.server.log.segment.cache.num.max = 2 (custom)
2023-03-09 15:00:41,811 [pool-691-thread-1] INFO  server.RaftServerConfigKeys (ConfUtils.java:logGet(46)) - raft.server.log.segment.cache.size.max = 200MB (=209715200) (default)
2023-03-09 15:00:41,811 [pool-691-thread-1] INFO  segmented.SegmentedRaftLogWorker (SegmentedRaftLogWorker.java:<init>(189)) - new fdc7571d-9447-4092-959d-9ce0ad2f1809@group-99B86DAED154-SegmentedRaftLogWorker for RaftStorageImpl:Storage Directory /home/runner/work/ozone/ozone/hadoop-ozone/integration-test/target/test-dir/MiniOzoneClusterImpl-4e7c95cc-71c1-4f0b-a9e9-e7b04a6f140e/datanode-0/data/ratis/8a5de1dc-715e-407e-ae3f-99b86daed154
2023-03-09 15:00:41,812 [pool-691-thread-1] INFO  server.RaftServerConfigKeys (ConfUtils.java:logGet(46)) - raft.server.log.queue.byte-limit = 4294967296 (custom)
2023-03-09 15:00:41,812 [pool-691-thread-1] INFO  server.RaftServerConfigKeys (ConfUtils.java:logGet(46)) - raft.server.log.queue.element-limit = 1024 (custom)
2023-03-09 15:00:41,812 [pool-691-thread-1] INFO  server.RaftServerConfigKeys (ConfUtils.java:logGet(46)) - raft.server.log.segment.size.max = 1048576 (custom)
2023-03-09 15:00:41,812 [pool-691-thread-1] INFO  server.RaftServerConfigKeys (ConfUtils.java:logGet(46)) - raft.server.log.preallocated.size = 16384 (custom)
2023-03-09 15:00:41,812 [pool-691-thread-1] INFO  server.RaftServerConfigKeys (ConfUtils.java:logGet(46)) - raft.server.log.force.sync.num = 128 (default)
2023-03-09 15:00:41,812 [pool-691-thread-1] INFO  server.RaftServerConfigKeys (ConfUtils.java:logGet(46)) - raft.server.log.statemachine.data.sync = true (default)
2023-03-09 15:00:41,812 [pool-691-thread-1] INFO  server.RaftServerConfigKeys (ConfUtils.java:logGet(46)) - raft.server.log.statemachine.data.sync.timeout = 10s (default)
2023-03-09 15:00:41,812 [pool-691-thread-1] INFO  server.RaftServerConfigKeys (ConfUtils.java:logGet(46)) - raft.server.log.statemachine.data.sync.timeout.retry = -1 (default)
2023-03-09 15:00:41,812 [pool-691-thread-1] INFO  server.RaftServerConfigKeys (ConfUtils.java:logGet(46)) - raft.server.log.write.buffer.size = 1048576 (custom)
2023-03-09 15:00:41,814 [EventQueue-OpenPipelineForHealthyPipelineSafeModeRule] INFO  safemode.SCMSafeModeManager (HealthyPipelineSafeModeRule.java:process(137)) - SCM in safe mode. Healthy pipelines reported count is 0, required healthy pipeline reported count is 1
2023-03-09 15:00:41,814 [pool-691-thread-1] INFO  server.RaftServerConfigKeys (ConfUtils.java:logGet(46)) - raft.server.log.appender.buffer.byte-limit = 33554432 (custom)
2023-03-09 15:00:41,821 [pool-691-thread-1] INFO  server.RaftServerConfigKeys (ConfUtils.java:logGet(46)) - raft.server.log.unsafe-flush.enabled = false (default)
2023-03-09 15:00:41,821 [pool-691-thread-1] INFO  server.RaftServerConfigKeys (ConfUtils.java:logGet(46)) - raft.server.log.async-flush.enabled = false (default)
2023-03-09 15:00:41,821 [pool-691-thread-1] INFO  server.RaftServerConfigKeys (ConfUtils.java:logGet(46)) - raft.server.log.statemachine.data.caching.enabled = true (custom)
2023-03-09 15:00:41,821 [pool-691-thread-1] INFO  segmented.SegmentedRaftLogWorker (SegmentedRaftLogWorker.java:lambda$new$0(135)) - fdc7571d-9447-4092-959d-9ce0ad2f1809@group-99B86DAED154-SegmentedRaftLogWorker: flushIndex: setUnconditionally 0 -> -1
2023-03-09 15:00:41,821 [pool-691-thread-1] INFO  segmented.SegmentedRaftLogWorker (SegmentedRaftLogWorker.java:lambda$new$0(135)) - fdc7571d-9447-4092-959d-9ce0ad2f1809@group-99B86DAED154-SegmentedRaftLogWorker: safeCacheEvictIndex: setUnconditionally 0 -> -1
2023-03-09 15:00:41,821 [pool-691-thread-1] INFO  server.RaftServer$Division (RaftServerImpl.java:start(334)) - fdc7571d-9447-4092-959d-9ce0ad2f1809@group-99B86DAED154: start as a follower, conf=-1: peers:[ac810fbe-b19a-4148-a035-811b2b5a9c18|rpc:127.0.0.1:39805|dataStream:127.0.0.1:45019|priority:1|startupRole:FOLLOWER, 0ee7bec8-2182-4b4a-933d-6a3bad615c17|rpc:127.0.0.1:38121|dataStream:127.0.0.1:45643|priority:0|startupRole:FOLLOWER, fdc7571d-9447-4092-959d-9ce0ad2f1809|rpc:127.0.0.1:36519|dataStream:127.0.0.1:44285|priority:0|startupRole:FOLLOWER]|listeners:[], old=null
2023-03-09 15:00:41,822 [pool-691-thread-1] INFO  server.RaftServer$Division (RaftServerImpl.java:setRole(321)) - fdc7571d-9447-4092-959d-9ce0ad2f1809@group-99B86DAED154: changes role from      null to FOLLOWER at term 0 for startAsFollower
2023-03-09 15:00:41,822 [pool-691-thread-1] INFO  impl.RoleInfo (RoleInfo.java:updateAndGet(139)) - fdc7571d-9447-4092-959d-9ce0ad2f1809: start fdc7571d-9447-4092-959d-9ce0ad2f1809@group-99B86DAED154-FollowerState
2023-03-09 15:00:41,822 [pool-691-thread-1] INFO  util.JmxRegister (JmxRegister.java:tryRegister(44)) - Successfully registered JMX Bean with object name Ratis:service=RaftServer,group=group-99B86DAED154,id=fdc7571d-9447-4092-959d-9ce0ad2f1809
2023-03-09 15:00:41,822 [fdc7571d-9447-4092-959d-9ce0ad2f1809@group-99B86DAED154-FollowerState] INFO  server.RaftServerConfigKeys (ConfUtils.java:logFallback(53)) - raft.server.rpc.first-election.timeout.min = 5s (fallback to raft.server.rpc.timeout.min)
2023-03-09 15:00:41,822 [pool-691-thread-1] INFO  server.RaftServerConfigKeys (ConfUtils.java:logGet(46)) - raft.server.snapshot.auto.trigger.enabled = true (custom)
2023-03-09 15:00:41,822 [pool-691-thread-1] INFO  server.RaftServerConfigKeys (ConfUtils.java:logGet(46)) - raft.server.snapshot.auto.trigger.threshold = 10000 (custom)
2023-03-09 15:00:41,822 [pool-691-thread-1] INFO  server.RaftServerConfigKeys (ConfUtils.java:logGet(46)) - raft.server.snapshot.retention.file.num = 5 (custom)
2023-03-09 15:00:41,822 [pool-691-thread-1] INFO  server.RaftServerConfigKeys (ConfUtils.java:logGet(46)) - raft.server.log.purge.upto.snapshot.index = false (default)
2023-03-09 15:00:41,823 [Command processor thread] INFO  ratis.XceiverServerRatis (XceiverServerRatis.java:addGroup(807)) - Created group PipelineID=8a5de1dc-715e-407e-ae3f-99b86daed154
2023-03-09 15:00:41,822 [fdc7571d-9447-4092-959d-9ce0ad2f1809@group-99B86DAED154-FollowerState] INFO  server.RaftServerConfigKeys (ConfUtils.java:logFallback(53)) - raft.server.rpc.first-election.timeout.max = 5200ms (fallback to raft.server.rpc.timeout.max)
2023-03-09 15:00:41,836 [grpc-default-executor-3] INFO  server.RaftServer (RaftServerProxy.java:addNew(96)) - 0ee7bec8-2182-4b4a-933d-6a3bad615c17: addNew group-99B86DAED154:[ac810fbe-b19a-4148-a035-811b2b5a9c18|rpc:127.0.0.1:39805|dataStream:127.0.0.1:45019|priority:1|startupRole:FOLLOWER, 0ee7bec8-2182-4b4a-933d-6a3bad615c17|rpc:127.0.0.1:38121|dataStream:127.0.0.1:45643|priority:0|startupRole:FOLLOWER, fdc7571d-9447-4092-959d-9ce0ad2f1809|rpc:127.0.0.1:36519|dataStream:127.0.0.1:44285|priority:0|startupRole:FOLLOWER] returns group-99B86DAED154:java.util.concurrent.CompletableFuture@2811537d[Not completed]
2023-03-09 15:00:41,838 [pool-735-thread-1] INFO  server.RaftServer$Division (RaftServerImpl.java:<init>(195)) - 0ee7bec8-2182-4b4a-933d-6a3bad615c17: new RaftServerImpl for group-99B86DAED154:[ac810fbe-b19a-4148-a035-811b2b5a9c18|rpc:127.0.0.1:39805|dataStream:127.0.0.1:45019|priority:1|startupRole:FOLLOWER, 0ee7bec8-2182-4b4a-933d-6a3bad615c17|rpc:127.0.0.1:38121|dataStream:127.0.0.1:45643|priority:0|startupRole:FOLLOWER, fdc7571d-9447-4092-959d-9ce0ad2f1809|rpc:127.0.0.1:36519|dataStream:127.0.0.1:44285|priority:0|startupRole:FOLLOWER] with ContainerStateMachine:uninitialized
2023-03-09 15:00:41,839 [pool-735-thread-1] INFO  server.RaftServerConfigKeys (ConfUtils.java:logGet(46)) - raft.server.rpc.timeout.min = 5s (custom)
2023-03-09 15:00:41,839 [pool-735-thread-1] INFO  server.RaftServerConfigKeys (ConfUtils.java:logGet(46)) - raft.server.rpc.timeout.max = 5200ms (custom)
2023-03-09 15:00:41,839 [pool-735-thread-1] INFO  server.RaftServerConfigKeys (ConfUtils.java:logGet(46)) - raft.server.rpc.sleep.time = 25ms (default)
2023-03-09 15:00:41,839 [pool-735-thread-1] INFO  server.RaftServerConfigKeys (ConfUtils.java:logGet(46)) - raft.server.rpc.slowness.timeout = 300s (custom)
2023-03-09 15:00:41,839 [pool-735-thread-1] INFO  server.RaftServerConfigKeys (ConfUtils.java:logGet(46)) - raft.server.leaderelection.leader.step-down.wait-time = 10s (default)
2023-03-09 15:00:41,839 [pool-735-thread-1] INFO  server.RaftServerConfigKeys (ConfUtils.java:logGet(46)) - raft.server.sleep.deviation.threshold = 300ms (default)
2023-03-09 15:00:41,839 [pool-735-thread-1] INFO  server.RaftServer$Division (ServerState.java:<init>(118)) - 0ee7bec8-2182-4b4a-933d-6a3bad615c17@group-99B86DAED154: ConfigurationManager, init=-1: peers:[ac810fbe-b19a-4148-a035-811b2b5a9c18|rpc:127.0.0.1:39805|dataStream:127.0.0.1:45019|priority:1|startupRole:FOLLOWER, 0ee7bec8-2182-4b4a-933d-6a3bad615c17|rpc:127.0.0.1:38121|dataStream:127.0.0.1:45643|priority:0|startupRole:FOLLOWER, fdc7571d-9447-4092-959d-9ce0ad2f1809|rpc:127.0.0.1:36519|dataStream:127.0.0.1:44285|priority:0|startupRole:FOLLOWER]|listeners:[], old=null, confs=<EMPTY_MAP>
2023-03-09 15:00:41,841 [pool-735-thread-1] INFO  server.RaftServerConfigKeys (ConfUtils.java:logGet(46)) - raft.server.storage.dir = [/home/runner/work/ozone/ozone/hadoop-ozone/integration-test/target/test-dir/MiniOzoneClusterImpl-4e7c95cc-71c1-4f0b-a9e9-e7b04a6f140e/datanode-2/data/ratis] (custom)
2023-03-09 15:00:41,841 [pool-735-thread-1] INFO  server.RaftServerConfigKeys (ConfUtils.java:logGet(46)) - raft.server.log.corruption.policy = EXCEPTION (default)
2023-03-09 15:00:41,841 [pool-735-thread-1] INFO  server.RaftServerConfigKeys (ConfUtils.java:logGet(46)) - raft.server.storage.free-space.min = 0MB (=0) (default)
2023-03-09 15:00:41,841 [pool-735-thread-1] INFO  server.RaftServerConfigKeys (ConfUtils.java:logGet(46)) - raft.server.notification.no-leader.timeout = 300s (custom)
2023-03-09 15:00:41,841 [pool-735-thread-1] INFO  server.RaftServerConfigKeys (ConfUtils.java:logGet(46)) - raft.server.retrycache.expirytime = 600000ms (custom)
2023-03-09 15:00:41,841 [pool-735-thread-1] INFO  server.RaftServerConfigKeys (ConfUtils.java:logGet(46)) - raft.server.retrycache.statistics.expirytime = 100μs (default)
2023-03-09 15:00:41,842 [pool-735-thread-1] INFO  server.RaftServerConfigKeys (ConfUtils.java:logGet(46)) - raft.server.log.appender.install.snapshot.enabled = false (custom)
2023-03-09 15:00:41,842 [pool-735-thread-1] INFO  server.RaftServerConfigKeys (ConfUtils.java:logGet(46)) - raft.server.threadpool.server.cached = true (default)
2023-03-09 15:00:41,842 [pool-735-thread-1] INFO  server.RaftServerConfigKeys (ConfUtils.java:logGet(46)) - raft.server.threadpool.server.size = 0 (default)
2023-03-09 15:00:41,842 [pool-735-thread-1] INFO  server.RaftServerConfigKeys (ConfUtils.java:logGet(46)) - raft.server.threadpool.client.cached = true (default)
2023-03-09 15:00:41,842 [pool-735-thread-1] INFO  server.RaftServerConfigKeys (ConfUtils.java:logGet(46)) - raft.server.threadpool.client.size = 0 (default)
2023-03-09 15:00:41,842 [pool-735-thread-1] INFO  storage.RaftStorageDirectory (RaftStorageDirectoryImpl.java:analyzeStorage(137)) - The storage directory /home/runner/work/ozone/ozone/hadoop-ozone/integration-test/target/test-dir/MiniOzoneClusterImpl-4e7c95cc-71c1-4f0b-a9e9-e7b04a6f140e/datanode-2/data/ratis/8a5de1dc-715e-407e-ae3f-99b86daed154 does not exist. Creating ...
2023-03-09 15:00:41,843 [pool-735-thread-1] INFO  storage.RaftStorageDirectory (RaftStorageDirectoryImpl.java:tryLock(231)) - Lock on /home/runner/work/ozone/ozone/hadoop-ozone/integration-test/target/test-dir/MiniOzoneClusterImpl-4e7c95cc-71c1-4f0b-a9e9-e7b04a6f140e/datanode-2/data/ratis/8a5de1dc-715e-407e-ae3f-99b86daed154/in_use.lock acquired by nodename 57158@fv-az377-502
2023-03-09 15:00:41,845 [pool-735-thread-1] INFO  storage.RaftStorage (RaftStorageImpl.java:format(96)) - Storage directory /home/runner/work/ozone/ozone/hadoop-ozone/integration-test/target/test-dir/MiniOzoneClusterImpl-4e7c95cc-71c1-4f0b-a9e9-e7b04a6f140e/datanode-2/data/ratis/8a5de1dc-715e-407e-ae3f-99b86daed154 has been successfully formatted.
2023-03-09 15:00:41,846 [pool-735-thread-1] INFO  ratis.ContainerStateMachine (ContainerStateMachine.java:loadSnapshot(240)) - group-99B86DAED154: The snapshot info is null. Setting the last applied indexto:(t:0, i:~)
2023-03-09 15:00:41,846 [pool-735-thread-1] INFO  server.RaftServerConfigKeys (ConfUtils.java:logGet(46)) - raft.server.log.use.memory = false (default)
2023-03-09 15:00:41,846 [pool-735-thread-1] INFO  server.RaftServerConfigKeys (ConfUtils.java:logGet(46)) - raft.server.log.purge.gap = 1000000 (custom)
2023-03-09 15:00:41,846 [pool-735-thread-1] INFO  server.RaftServerConfigKeys (ConfUtils.java:logGet(46)) - raft.server.log.appender.buffer.byte-limit = 33554432 (custom)
2023-03-09 15:00:41,846 [pool-735-thread-1] INFO  server.RaftServerConfigKeys (ConfUtils.java:logGet(46)) - raft.server.log.statemachine.data.read.timeout = 1000ms (default)
2023-03-09 15:00:41,846 [pool-735-thread-1] INFO  server.RaftServerConfigKeys (ConfUtils.java:logGet(46)) - raft.server.log.purge.preservation.log.num = 0 (default)
2023-03-09 15:00:41,847 [pool-735-thread-1] INFO  server.RaftServerConfigKeys (ConfUtils.java:logGet(46)) - raft.server.log.segment.size.max = 1048576 (custom)
2023-03-09 15:00:41,847 [pool-735-thread-1] INFO  server.RaftServerConfigKeys (ConfUtils.java:logGet(46)) - raft.server.log.segment.cache.num.max = 2 (custom)
2023-03-09 15:00:41,847 [pool-735-thread-1] INFO  server.RaftServerConfigKeys (ConfUtils.java:logGet(46)) - raft.server.log.segment.cache.size.max = 200MB (=209715200) (default)
2023-03-09 15:00:41,847 [pool-735-thread-1] INFO  segmented.SegmentedRaftLogWorker (SegmentedRaftLogWorker.java:<init>(189)) - new 0ee7bec8-2182-4b4a-933d-6a3bad615c17@group-99B86DAED154-SegmentedRaftLogWorker for RaftStorageImpl:Storage Directory /home/runner/work/ozone/ozone/hadoop-ozone/integration-test/target/test-dir/MiniOzoneClusterImpl-4e7c95cc-71c1-4f0b-a9e9-e7b04a6f140e/datanode-2/data/ratis/8a5de1dc-715e-407e-ae3f-99b86daed154
2023-03-09 15:00:41,847 [pool-735-thread-1] INFO  server.RaftServerConfigKeys (ConfUtils.java:logGet(46)) - raft.server.log.queue.byte-limit = 4294967296 (custom)
2023-03-09 15:00:41,847 [pool-735-thread-1] INFO  server.RaftServerConfigKeys (ConfUtils.java:logGet(46)) - raft.server.log.queue.element-limit = 1024 (custom)
2023-03-09 15:00:41,847 [pool-735-thread-1] INFO  server.RaftServerConfigKeys (ConfUtils.java:logGet(46)) - raft.server.log.segment.size.max = 1048576 (custom)
2023-03-09 15:00:41,847 [pool-735-thread-1] INFO  server.RaftServerConfigKeys (ConfUtils.java:logGet(46)) - raft.server.log.preallocated.size = 16384 (custom)
2023-03-09 15:00:41,847 [pool-735-thread-1] INFO  server.RaftServerConfigKeys (ConfUtils.java:logGet(46)) - raft.server.log.force.sync.num = 128 (default)
2023-03-09 15:00:41,847 [pool-735-thread-1] INFO  server.RaftServerConfigKeys (ConfUtils.java:logGet(46)) - raft.server.log.statemachine.data.sync = true (default)
2023-03-09 15:00:41,847 [pool-735-thread-1] INFO  server.RaftServerConfigKeys (ConfUtils.java:logGet(46)) - raft.server.log.statemachine.data.sync.timeout = 10s (default)
2023-03-09 15:00:41,847 [pool-735-thread-1] INFO  server.RaftServerConfigKeys (ConfUtils.java:logGet(46)) - raft.server.log.statemachine.data.sync.timeout.retry = -1 (default)
2023-03-09 15:00:41,848 [pool-735-thread-1] INFO  server.RaftServerConfigKeys (ConfUtils.java:logGet(46)) - raft.server.log.write.buffer.size = 1048576 (custom)
2023-03-09 15:00:41,848 [pool-735-thread-1] INFO  server.RaftServerConfigKeys (ConfUtils.java:logGet(46)) - raft.server.log.appender.buffer.byte-limit = 33554432 (custom)
2023-03-09 15:00:41,857 [pool-735-thread-1] INFO  server.RaftServerConfigKeys (ConfUtils.java:logGet(46)) - raft.server.log.unsafe-flush.enabled = false (default)
2023-03-09 15:00:41,857 [pool-735-thread-1] INFO  server.RaftServerConfigKeys (ConfUtils.java:logGet(46)) - raft.server.log.async-flush.enabled = false (default)
2023-03-09 15:00:41,857 [pool-735-thread-1] INFO  server.RaftServerConfigKeys (ConfUtils.java:logGet(46)) - raft.server.log.statemachine.data.caching.enabled = true (custom)
2023-03-09 15:00:41,857 [pool-735-thread-1] INFO  segmented.SegmentedRaftLogWorker (SegmentedRaftLogWorker.java:lambda$new$0(135)) - 0ee7bec8-2182-4b4a-933d-6a3bad615c17@group-99B86DAED154-SegmentedRaftLogWorker: flushIndex: setUnconditionally 0 -> -1
2023-03-09 15:00:41,857 [pool-735-thread-1] INFO  segmented.SegmentedRaftLogWorker (SegmentedRaftLogWorker.java:lambda$new$0(135)) - 0ee7bec8-2182-4b4a-933d-6a3bad615c17@group-99B86DAED154-SegmentedRaftLogWorker: safeCacheEvictIndex: setUnconditionally 0 -> -1
2023-03-09 15:00:41,857 [pool-735-thread-1] INFO  server.RaftServer$Division (RaftServerImpl.java:start(334)) - 0ee7bec8-2182-4b4a-933d-6a3bad615c17@group-99B86DAED154: start as a follower, conf=-1: peers:[ac810fbe-b19a-4148-a035-811b2b5a9c18|rpc:127.0.0.1:39805|dataStream:127.0.0.1:45019|priority:1|startupRole:FOLLOWER, 0ee7bec8-2182-4b4a-933d-6a3bad615c17|rpc:127.0.0.1:38121|dataStream:127.0.0.1:45643|priority:0|startupRole:FOLLOWER, fdc7571d-9447-4092-959d-9ce0ad2f1809|rpc:127.0.0.1:36519|dataStream:127.0.0.1:44285|priority:0|startupRole:FOLLOWER]|listeners:[], old=null
2023-03-09 15:00:41,858 [pool-735-thread-1] INFO  server.RaftServer$Division (RaftServerImpl.java:setRole(321)) - 0ee7bec8-2182-4b4a-933d-6a3bad615c17@group-99B86DAED154: changes role from      null to FOLLOWER at term 0 for startAsFollower
2023-03-09 15:00:41,858 [pool-735-thread-1] INFO  impl.RoleInfo (RoleInfo.java:updateAndGet(139)) - 0ee7bec8-2182-4b4a-933d-6a3bad615c17: start 0ee7bec8-2182-4b4a-933d-6a3bad615c17@group-99B86DAED154-FollowerState
2023-03-09 15:00:41,858 [pool-735-thread-1] INFO  util.JmxRegister (JmxRegister.java:tryRegister(44)) - Successfully registered JMX Bean with object name Ratis:service=RaftServer,group=group-99B86DAED154,id=0ee7bec8-2182-4b4a-933d-6a3bad615c17
2023-03-09 15:00:41,858 [0ee7bec8-2182-4b4a-933d-6a3bad615c17@group-99B86DAED154-FollowerState] INFO  server.RaftServerConfigKeys (ConfUtils.java:logFallback(53)) - raft.server.rpc.first-election.timeout.min = 5s (fallback to raft.server.rpc.timeout.min)
2023-03-09 15:00:41,858 [pool-735-thread-1] INFO  server.RaftServerConfigKeys (ConfUtils.java:logGet(46)) - raft.server.snapshot.auto.trigger.enabled = true (custom)
2023-03-09 15:00:41,858 [0ee7bec8-2182-4b4a-933d-6a3bad615c17@group-99B86DAED154-FollowerState] INFO  server.RaftServerConfigKeys (ConfUtils.java:logFallback(53)) - raft.server.rpc.first-election.timeout.max = 5200ms (fallback to raft.server.rpc.timeout.max)
2023-03-09 15:00:41,858 [pool-735-thread-1] INFO  server.RaftServerConfigKeys (ConfUtils.java:logGet(46)) - raft.server.snapshot.auto.trigger.threshold = 10000 (custom)
2023-03-09 15:00:41,858 [pool-735-thread-1] INFO  server.RaftServerConfigKeys (ConfUtils.java:logGet(46)) - raft.server.snapshot.retention.file.num = 5 (custom)
2023-03-09 15:00:41,858 [pool-735-thread-1] INFO  server.RaftServerConfigKeys (ConfUtils.java:logGet(46)) - raft.server.log.purge.upto.snapshot.index = false (default)
2023-03-09 15:00:41,882 [grpc-default-executor-3] INFO  server.RaftServer (RaftServerProxy.java:addNew(96)) - ac810fbe-b19a-4148-a035-811b2b5a9c18: addNew group-99B86DAED154:[ac810fbe-b19a-4148-a035-811b2b5a9c18|rpc:127.0.0.1:39805|dataStream:127.0.0.1:45019|priority:1|startupRole:FOLLOWER, 0ee7bec8-2182-4b4a-933d-6a3bad615c17|rpc:127.0.0.1:38121|dataStream:127.0.0.1:45643|priority:0|startupRole:FOLLOWER, fdc7571d-9447-4092-959d-9ce0ad2f1809|rpc:127.0.0.1:36519|dataStream:127.0.0.1:44285|priority:0|startupRole:FOLLOWER] returns group-99B86DAED154:java.util.concurrent.CompletableFuture@3d24ba0d[Not completed]
2023-03-09 15:00:41,885 [pool-713-thread-1] INFO  server.RaftServer$Division (RaftServerImpl.java:<init>(195)) - ac810fbe-b19a-4148-a035-811b2b5a9c18: new RaftServerImpl for group-99B86DAED154:[ac810fbe-b19a-4148-a035-811b2b5a9c18|rpc:127.0.0.1:39805|dataStream:127.0.0.1:45019|priority:1|startupRole:FOLLOWER, 0ee7bec8-2182-4b4a-933d-6a3bad615c17|rpc:127.0.0.1:38121|dataStream:127.0.0.1:45643|priority:0|startupRole:FOLLOWER, fdc7571d-9447-4092-959d-9ce0ad2f1809|rpc:127.0.0.1:36519|dataStream:127.0.0.1:44285|priority:0|startupRole:FOLLOWER] with ContainerStateMachine:uninitialized
2023-03-09 15:00:41,886 [pool-713-thread-1] INFO  server.RaftServerConfigKeys (ConfUtils.java:logGet(46)) - raft.server.rpc.timeout.min = 5s (custom)
2023-03-09 15:00:41,886 [pool-713-thread-1] INFO  server.RaftServerConfigKeys (ConfUtils.java:logGet(46)) - raft.server.rpc.timeout.max = 5200ms (custom)
2023-03-09 15:00:41,886 [pool-713-thread-1] INFO  server.RaftServerConfigKeys (ConfUtils.java:logGet(46)) - raft.server.rpc.sleep.time = 25ms (default)
2023-03-09 15:00:41,886 [pool-713-thread-1] INFO  server.RaftServerConfigKeys (ConfUtils.java:logGet(46)) - raft.server.rpc.slowness.timeout = 300s (custom)
2023-03-09 15:00:41,886 [pool-713-thread-1] INFO  server.RaftServerConfigKeys (ConfUtils.java:logGet(46)) - raft.server.leaderelection.leader.step-down.wait-time = 10s (default)
2023-03-09 15:00:41,886 [pool-713-thread-1] INFO  server.RaftServerConfigKeys (ConfUtils.java:logGet(46)) - raft.server.sleep.deviation.threshold = 300ms (default)
2023-03-09 15:00:41,886 [pool-713-thread-1] INFO  server.RaftServer$Division (ServerState.java:<init>(118)) - ac810fbe-b19a-4148-a035-811b2b5a9c18@group-99B86DAED154: ConfigurationManager, init=-1: peers:[ac810fbe-b19a-4148-a035-811b2b5a9c18|rpc:127.0.0.1:39805|dataStream:127.0.0.1:45019|priority:1|startupRole:FOLLOWER, 0ee7bec8-2182-4b4a-933d-6a3bad615c17|rpc:127.0.0.1:38121|dataStream:127.0.0.1:45643|priority:0|startupRole:FOLLOWER, fdc7571d-9447-4092-959d-9ce0ad2f1809|rpc:127.0.0.1:36519|dataStream:127.0.0.1:44285|priority:0|startupRole:FOLLOWER]|listeners:[], old=null, confs=<EMPTY_MAP>
2023-03-09 15:00:41,886 [pool-713-thread-1] INFO  server.RaftServerConfigKeys (ConfUtils.java:logGet(46)) - raft.server.storage.dir = [/home/runner/work/ozone/ozone/hadoop-ozone/integration-test/target/test-dir/MiniOzoneClusterImpl-4e7c95cc-71c1-4f0b-a9e9-e7b04a6f140e/datanode-1/data/ratis] (custom)
2023-03-09 15:00:41,887 [pool-713-thread-1] INFO  server.RaftServerConfigKeys (ConfUtils.java:logGet(46)) - raft.server.log.corruption.policy = EXCEPTION (default)
2023-03-09 15:00:41,887 [pool-713-thread-1] INFO  server.RaftServerConfigKeys (ConfUtils.java:logGet(46)) - raft.server.storage.free-space.min = 0MB (=0) (default)
2023-03-09 15:00:41,887 [pool-713-thread-1] INFO  server.RaftServerConfigKeys (ConfUtils.java:logGet(46)) - raft.server.notification.no-leader.timeout = 300s (custom)
2023-03-09 15:00:41,887 [pool-713-thread-1] INFO  server.RaftServerConfigKeys (ConfUtils.java:logGet(46)) - raft.server.retrycache.expirytime = 600000ms (custom)
2023-03-09 15:00:41,887 [pool-713-thread-1] INFO  server.RaftServerConfigKeys (ConfUtils.java:logGet(46)) - raft.server.retrycache.statistics.expirytime = 100μs (default)
2023-03-09 15:00:41,889 [pool-713-thread-1] INFO  server.RaftServerConfigKeys (ConfUtils.java:logGet(46)) - raft.server.log.appender.install.snapshot.enabled = false (custom)
2023-03-09 15:00:41,889 [pool-713-thread-1] INFO  server.RaftServerConfigKeys (ConfUtils.java:logGet(46)) - raft.server.threadpool.server.cached = true (default)
2023-03-09 15:00:41,889 [pool-713-thread-1] INFO  server.RaftServerConfigKeys (ConfUtils.java:logGet(46)) - raft.server.threadpool.server.size = 0 (default)
2023-03-09 15:00:41,889 [pool-713-thread-1] INFO  server.RaftServerConfigKeys (ConfUtils.java:logGet(46)) - raft.server.threadpool.client.cached = true (default)
2023-03-09 15:00:41,889 [pool-713-thread-1] INFO  server.RaftServerConfigKeys (ConfUtils.java:logGet(46)) - raft.server.threadpool.client.size = 0 (default)
2023-03-09 15:00:41,889 [pool-713-thread-1] INFO  storage.RaftStorageDirectory (RaftStorageDirectoryImpl.java:analyzeStorage(137)) - The storage directory /home/runner/work/ozone/ozone/hadoop-ozone/integration-test/target/test-dir/MiniOzoneClusterImpl-4e7c95cc-71c1-4f0b-a9e9-e7b04a6f140e/datanode-1/data/ratis/8a5de1dc-715e-407e-ae3f-99b86daed154 does not exist. Creating ...
2023-03-09 15:00:41,892 [pool-713-thread-1] INFO  storage.RaftStorageDirectory (RaftStorageDirectoryImpl.java:tryLock(231)) - Lock on /home/runner/work/ozone/ozone/hadoop-ozone/integration-test/target/test-dir/MiniOzoneClusterImpl-4e7c95cc-71c1-4f0b-a9e9-e7b04a6f140e/datanode-1/data/ratis/8a5de1dc-715e-407e-ae3f-99b86daed154/in_use.lock acquired by nodename 57158@fv-az377-502
2023-03-09 15:00:41,894 [pool-713-thread-1] INFO  storage.RaftStorage (RaftStorageImpl.java:format(96)) - Storage directory /home/runner/work/ozone/ozone/hadoop-ozone/integration-test/target/test-dir/MiniOzoneClusterImpl-4e7c95cc-71c1-4f0b-a9e9-e7b04a6f140e/datanode-1/data/ratis/8a5de1dc-715e-407e-ae3f-99b86daed154 has been successfully formatted.
2023-03-09 15:00:41,895 [pool-713-thread-1] INFO  ratis.ContainerStateMachine (ContainerStateMachine.java:loadSnapshot(240)) - group-99B86DAED154: The snapshot info is null. Setting the last applied indexto:(t:0, i:~)
2023-03-09 15:00:41,895 [pool-713-thread-1] INFO  server.RaftServerConfigKeys (ConfUtils.java:logGet(46)) - raft.server.log.use.memory = false (default)
2023-03-09 15:00:41,895 [pool-713-thread-1] INFO  server.RaftServerConfigKeys (ConfUtils.java:logGet(46)) - raft.server.log.purge.gap = 1000000 (custom)
2023-03-09 15:00:41,895 [pool-713-thread-1] INFO  server.RaftServerConfigKeys (ConfUtils.java:logGet(46)) - raft.server.log.appender.buffer.byte-limit = 33554432 (custom)
2023-03-09 15:00:41,895 [pool-713-thread-1] INFO  server.RaftServerConfigKeys (ConfUtils.java:logGet(46)) - raft.server.log.statemachine.data.read.timeout = 1000ms (default)
2023-03-09 15:00:41,895 [pool-713-thread-1] INFO  server.RaftServerConfigKeys (ConfUtils.java:logGet(46)) - raft.server.log.purge.preservation.log.num = 0 (default)
2023-03-09 15:00:41,896 [pool-713-thread-1] INFO  server.RaftServerConfigKeys (ConfUtils.java:logGet(46)) - raft.server.log.segment.size.max = 1048576 (custom)
2023-03-09 15:00:41,896 [pool-713-thread-1] INFO  server.RaftServerConfigKeys (ConfUtils.java:logGet(46)) - raft.server.log.segment.cache.num.max = 2 (custom)
2023-03-09 15:00:41,896 [pool-713-thread-1] INFO  server.RaftServerConfigKeys (ConfUtils.java:logGet(46)) - raft.server.log.segment.cache.size.max = 200MB (=209715200) (default)
2023-03-09 15:00:41,896 [pool-713-thread-1] INFO  segmented.SegmentedRaftLogWorker (SegmentedRaftLogWorker.java:<init>(189)) - new ac810fbe-b19a-4148-a035-811b2b5a9c18@group-99B86DAED154-SegmentedRaftLogWorker for RaftStorageImpl:Storage Directory /home/runner/work/ozone/ozone/hadoop-ozone/integration-test/target/test-dir/MiniOzoneClusterImpl-4e7c95cc-71c1-4f0b-a9e9-e7b04a6f140e/datanode-1/data/ratis/8a5de1dc-715e-407e-ae3f-99b86daed154
2023-03-09 15:00:41,896 [pool-713-thread-1] INFO  server.RaftServerConfigKeys (ConfUtils.java:logGet(46)) - raft.server.log.queue.byte-limit = 4294967296 (custom)
2023-03-09 15:00:41,896 [pool-713-thread-1] INFO  server.RaftServerConfigKeys (ConfUtils.java:logGet(46)) - raft.server.log.queue.element-limit = 1024 (custom)
2023-03-09 15:00:41,896 [pool-713-thread-1] INFO  server.RaftServerConfigKeys (ConfUtils.java:logGet(46)) - raft.server.log.segment.size.max = 1048576 (custom)
2023-03-09 15:00:41,896 [pool-713-thread-1] INFO  server.RaftServerConfigKeys (ConfUtils.java:logGet(46)) - raft.server.log.preallocated.size = 16384 (custom)
2023-03-09 15:00:41,896 [pool-713-thread-1] INFO  server.RaftServerConfigKeys (ConfUtils.java:logGet(46)) - raft.server.log.force.sync.num = 128 (default)
2023-03-09 15:00:41,896 [pool-713-thread-1] INFO  server.RaftServerConfigKeys (ConfUtils.java:logGet(46)) - raft.server.log.statemachine.data.sync = true (default)
2023-03-09 15:00:41,896 [pool-713-thread-1] INFO  server.RaftServerConfigKeys (ConfUtils.java:logGet(46)) - raft.server.log.statemachine.data.sync.timeout = 10s (default)
2023-03-09 15:00:41,896 [pool-713-thread-1] INFO  server.RaftServerConfigKeys (ConfUtils.java:logGet(46)) - raft.server.log.statemachine.data.sync.timeout.retry = -1 (default)
2023-03-09 15:00:41,897 [pool-713-thread-1] INFO  server.RaftServerConfigKeys (ConfUtils.java:logGet(46)) - raft.server.log.write.buffer.size = 1048576 (custom)
2023-03-09 15:00:41,897 [pool-713-thread-1] INFO  server.RaftServerConfigKeys (ConfUtils.java:logGet(46)) - raft.server.log.appender.buffer.byte-limit = 33554432 (custom)
2023-03-09 15:00:41,906 [pool-713-thread-1] INFO  server.RaftServerConfigKeys (ConfUtils.java:logGet(46)) - raft.server.log.unsafe-flush.enabled = false (default)
2023-03-09 15:00:41,906 [pool-713-thread-1] INFO  server.RaftServerConfigKeys (ConfUtils.java:logGet(46)) - raft.server.log.async-flush.enabled = false (default)
2023-03-09 15:00:41,906 [pool-713-thread-1] INFO  server.RaftServerConfigKeys (ConfUtils.java:logGet(46)) - raft.server.log.statemachine.data.caching.enabled = true (custom)
2023-03-09 15:00:41,906 [pool-713-thread-1] INFO  segmented.SegmentedRaftLogWorker (SegmentedRaftLogWorker.java:lambda$new$0(135)) - ac810fbe-b19a-4148-a035-811b2b5a9c18@group-99B86DAED154-SegmentedRaftLogWorker: flushIndex: setUnconditionally 0 -> -1
2023-03-09 15:00:41,906 [pool-713-thread-1] INFO  segmented.SegmentedRaftLogWorker (SegmentedRaftLogWorker.java:lambda$new$0(135)) - ac810fbe-b19a-4148-a035-811b2b5a9c18@group-99B86DAED154-SegmentedRaftLogWorker: safeCacheEvictIndex: setUnconditionally 0 -> -1
2023-03-09 15:00:41,911 [pool-713-thread-1] INFO  server.RaftServer$Division (RaftServerImpl.java:start(334)) - ac810fbe-b19a-4148-a035-811b2b5a9c18@group-99B86DAED154: start as a follower, conf=-1: peers:[ac810fbe-b19a-4148-a035-811b2b5a9c18|rpc:127.0.0.1:39805|dataStream:127.0.0.1:45019|priority:1|startupRole:FOLLOWER, 0ee7bec8-2182-4b4a-933d-6a3bad615c17|rpc:127.0.0.1:38121|dataStream:127.0.0.1:45643|priority:0|startupRole:FOLLOWER, fdc7571d-9447-4092-959d-9ce0ad2f1809|rpc:127.0.0.1:36519|dataStream:127.0.0.1:44285|priority:0|startupRole:FOLLOWER]|listeners:[], old=null
2023-03-09 15:00:41,911 [pool-713-thread-1] INFO  server.RaftServer$Division (RaftServerImpl.java:setRole(321)) - ac810fbe-b19a-4148-a035-811b2b5a9c18@group-99B86DAED154: changes role from      null to FOLLOWER at term 0 for startAsFollower
2023-03-09 15:00:41,911 [pool-713-thread-1] INFO  impl.RoleInfo (RoleInfo.java:updateAndGet(139)) - ac810fbe-b19a-4148-a035-811b2b5a9c18: start ac810fbe-b19a-4148-a035-811b2b5a9c18@group-99B86DAED154-FollowerState
2023-03-09 15:00:41,911 [ac810fbe-b19a-4148-a035-811b2b5a9c18@group-99B86DAED154-FollowerState] INFO  server.RaftServerConfigKeys (ConfUtils.java:logFallback(53)) - raft.server.rpc.first-election.timeout.min = 5s (fallback to raft.server.rpc.timeout.min)
2023-03-09 15:00:41,915 [pool-713-thread-1] INFO  util.JmxRegister (JmxRegister.java:tryRegister(44)) - Successfully registered JMX Bean with object name Ratis:service=RaftServer,group=group-99B86DAED154,id=ac810fbe-b19a-4148-a035-811b2b5a9c18
2023-03-09 15:00:41,915 [ac810fbe-b19a-4148-a035-811b2b5a9c18@group-99B86DAED154-FollowerState] INFO  server.RaftServerConfigKeys (ConfUtils.java:logFallback(53)) - raft.server.rpc.first-election.timeout.max = 5200ms (fallback to raft.server.rpc.timeout.max)
2023-03-09 15:00:41,915 [pool-713-thread-1] INFO  server.RaftServerConfigKeys (ConfUtils.java:logGet(46)) - raft.server.snapshot.auto.trigger.enabled = true (custom)
2023-03-09 15:00:41,915 [pool-713-thread-1] INFO  server.RaftServerConfigKeys (ConfUtils.java:logGet(46)) - raft.server.snapshot.auto.trigger.threshold = 10000 (custom)
2023-03-09 15:00:41,915 [pool-713-thread-1] INFO  server.RaftServerConfigKeys (ConfUtils.java:logGet(46)) - raft.server.snapshot.retention.file.num = 5 (custom)
2023-03-09 15:00:41,915 [pool-713-thread-1] INFO  server.RaftServerConfigKeys (ConfUtils.java:logGet(46)) - raft.server.log.purge.upto.snapshot.index = false (default)
2023-03-09 15:00:41,921 [Command processor thread] INFO  commandhandler.CreatePipelineCommandHandler (CreatePipelineCommandHandler.java:handle(113)) - Created Pipeline RATIS THREE PipelineID=8a5de1dc-715e-407e-ae3f-99b86daed154.
2023-03-09 15:00:41,921 [Command processor thread] INFO  server.RaftServer (RaftServerProxy.java:addNew(96)) - fdc7571d-9447-4092-959d-9ce0ad2f1809: addNew group-CBC73EE03D9B:[ac810fbe-b19a-4148-a035-811b2b5a9c18|rpc:127.0.0.1:39805|dataStream:127.0.0.1:45019|priority:0|startupRole:FOLLOWER, fdc7571d-9447-4092-959d-9ce0ad2f1809|rpc:127.0.0.1:36519|dataStream:127.0.0.1:44285|priority:1|startupRole:FOLLOWER, 0ee7bec8-2182-4b4a-933d-6a3bad615c17|rpc:127.0.0.1:38121|dataStream:127.0.0.1:45643|priority:0|startupRole:FOLLOWER] returns group-CBC73EE03D9B:java.util.concurrent.CompletableFuture@4e8607a2[Not completed]
2023-03-09 15:00:41,922 [pool-691-thread-1] INFO  server.RaftServer$Division (RaftServerImpl.java:<init>(195)) - fdc7571d-9447-4092-959d-9ce0ad2f1809: new RaftServerImpl for group-CBC73EE03D9B:[ac810fbe-b19a-4148-a035-811b2b5a9c18|rpc:127.0.0.1:39805|dataStream:127.0.0.1:45019|priority:0|startupRole:FOLLOWER, fdc7571d-9447-4092-959d-9ce0ad2f1809|rpc:127.0.0.1:36519|dataStream:127.0.0.1:44285|priority:1|startupRole:FOLLOWER, 0ee7bec8-2182-4b4a-933d-6a3bad615c17|rpc:127.0.0.1:38121|dataStream:127.0.0.1:45643|priority:0|startupRole:FOLLOWER] with ContainerStateMachine:uninitialized
2023-03-09 15:00:41,922 [pool-691-thread-1] INFO  server.RaftServerConfigKeys (ConfUtils.java:logGet(46)) - raft.server.rpc.timeout.min = 5s (custom)
2023-03-09 15:00:41,922 [pool-691-thread-1] INFO  server.RaftServerConfigKeys (ConfUtils.java:logGet(46)) - raft.server.rpc.timeout.max = 5200ms (custom)
2023-03-09 15:00:41,922 [pool-691-thread-1] INFO  server.RaftServerConfigKeys (ConfUtils.java:logGet(46)) - raft.server.rpc.sleep.time = 25ms (default)
2023-03-09 15:00:41,922 [pool-691-thread-1] INFO  server.RaftServerConfigKeys (ConfUtils.java:logGet(46)) - raft.server.rpc.slowness.timeout = 300s (custom)
2023-03-09 15:00:41,922 [pool-691-thread-1] INFO  server.RaftServerConfigKeys (ConfUtils.java:logGet(46)) - raft.server.leaderelection.leader.step-down.wait-time = 10s (default)
2023-03-09 15:00:41,922 [pool-691-thread-1] INFO  server.RaftServerConfigKeys (ConfUtils.java:logGet(46)) - raft.server.sleep.deviation.threshold = 300ms (default)
2023-03-09 15:00:41,923 [pool-691-thread-1] INFO  server.RaftServer$Division (ServerState.java:<init>(118)) - fdc7571d-9447-4092-959d-9ce0ad2f1809@group-CBC73EE03D9B: ConfigurationManager, init=-1: peers:[ac810fbe-b19a-4148-a035-811b2b5a9c18|rpc:127.0.0.1:39805|dataStream:127.0.0.1:45019|priority:0|startupRole:FOLLOWER, fdc7571d-9447-4092-959d-9ce0ad2f1809|rpc:127.0.0.1:36519|dataStream:127.0.0.1:44285|priority:1|startupRole:FOLLOWER, 0ee7bec8-2182-4b4a-933d-6a3bad615c17|rpc:127.0.0.1:38121|dataStream:127.0.0.1:45643|priority:0|startupRole:FOLLOWER]|listeners:[], old=null, confs=<EMPTY_MAP>
2023-03-09 15:00:41,923 [pool-691-thread-1] INFO  server.RaftServerConfigKeys (ConfUtils.java:logGet(46)) - raft.server.storage.dir = [/home/runner/work/ozone/ozone/hadoop-ozone/integration-test/target/test-dir/MiniOzoneClusterImpl-4e7c95cc-71c1-4f0b-a9e9-e7b04a6f140e/datanode-0/data/ratis] (custom)
2023-03-09 15:00:41,923 [pool-691-thread-1] INFO  server.RaftServerConfigKeys (ConfUtils.java:logGet(46)) - raft.server.log.corruption.policy = EXCEPTION (default)
2023-03-09 15:00:41,923 [pool-691-thread-1] INFO  server.RaftServerConfigKeys (ConfUtils.java:logGet(46)) - raft.server.storage.free-space.min = 0MB (=0) (default)
2023-03-09 15:00:41,923 [pool-691-thread-1] INFO  server.RaftServerConfigKeys (ConfUtils.java:logGet(46)) - raft.server.notification.no-leader.timeout = 300s (custom)
2023-03-09 15:00:41,923 [pool-691-thread-1] INFO  server.RaftServerConfigKeys (ConfUtils.java:logGet(46)) - raft.server.retrycache.expirytime = 600000ms (custom)
2023-03-09 15:00:41,923 [pool-691-thread-1] INFO  server.RaftServerConfigKeys (ConfUtils.java:logGet(46)) - raft.server.retrycache.statistics.expirytime = 100μs (default)
2023-03-09 15:00:41,924 [pool-691-thread-1] INFO  server.RaftServerConfigKeys (ConfUtils.java:logGet(46)) - raft.server.log.appender.install.snapshot.enabled = false (custom)
2023-03-09 15:00:41,924 [pool-691-thread-1] INFO  server.RaftServerConfigKeys (ConfUtils.java:logGet(46)) - raft.server.threadpool.server.cached = true (default)
2023-03-09 15:00:41,924 [pool-691-thread-1] INFO  server.RaftServerConfigKeys (ConfUtils.java:logGet(46)) - raft.server.threadpool.server.size = 0 (default)
2023-03-09 15:00:41,924 [pool-691-thread-1] INFO  server.RaftServerConfigKeys (ConfUtils.java:logGet(46)) - raft.server.threadpool.client.cached = true (default)
2023-03-09 15:00:41,924 [pool-691-thread-1] INFO  server.RaftServerConfigKeys (ConfUtils.java:logGet(46)) - raft.server.threadpool.client.size = 0 (default)
2023-03-09 15:00:41,924 [pool-691-thread-1] INFO  storage.RaftStorageDirectory (RaftStorageDirectoryImpl.java:analyzeStorage(137)) - The storage directory /home/runner/work/ozone/ozone/hadoop-ozone/integration-test/target/test-dir/MiniOzoneClusterImpl-4e7c95cc-71c1-4f0b-a9e9-e7b04a6f140e/datanode-0/data/ratis/4c531124-62d2-4bb3-9edf-cbc73ee03d9b does not exist. Creating ...
2023-03-09 15:00:41,927 [pool-691-thread-1] INFO  storage.RaftStorageDirectory (RaftStorageDirectoryImpl.java:tryLock(231)) - Lock on /home/runner/work/ozone/ozone/hadoop-ozone/integration-test/target/test-dir/MiniOzoneClusterImpl-4e7c95cc-71c1-4f0b-a9e9-e7b04a6f140e/datanode-0/data/ratis/4c531124-62d2-4bb3-9edf-cbc73ee03d9b/in_use.lock acquired by nodename 57158@fv-az377-502
2023-03-09 15:00:41,928 [pool-691-thread-1] INFO  storage.RaftStorage (RaftStorageImpl.java:format(96)) - Storage directory /home/runner/work/ozone/ozone/hadoop-ozone/integration-test/target/test-dir/MiniOzoneClusterImpl-4e7c95cc-71c1-4f0b-a9e9-e7b04a6f140e/datanode-0/data/ratis/4c531124-62d2-4bb3-9edf-cbc73ee03d9b has been successfully formatted.
2023-03-09 15:00:41,929 [pool-691-thread-1] INFO  ratis.ContainerStateMachine (ContainerStateMachine.java:loadSnapshot(240)) - group-CBC73EE03D9B: The snapshot info is null. Setting the last applied indexto:(t:0, i:~)
2023-03-09 15:00:41,929 [pool-691-thread-1] INFO  server.RaftServerConfigKeys (ConfUtils.java:logGet(46)) - raft.server.log.use.memory = false (default)
2023-03-09 15:00:41,929 [pool-691-thread-1] INFO  server.RaftServerConfigKeys (ConfUtils.java:logGet(46)) - raft.server.log.purge.gap = 1000000 (custom)
2023-03-09 15:00:41,929 [pool-691-thread-1] INFO  server.RaftServerConfigKeys (ConfUtils.java:logGet(46)) - raft.server.log.appender.buffer.byte-limit = 33554432 (custom)
2023-03-09 15:00:41,929 [pool-691-thread-1] INFO  server.RaftServerConfigKeys (ConfUtils.java:logGet(46)) - raft.server.log.statemachine.data.read.timeout = 1000ms (default)
2023-03-09 15:00:41,929 [pool-691-thread-1] INFO  server.RaftServerConfigKeys (ConfUtils.java:logGet(46)) - raft.server.log.purge.preservation.log.num = 0 (default)
2023-03-09 15:00:41,930 [pool-691-thread-1] INFO  server.RaftServerConfigKeys (ConfUtils.java:logGet(46)) - raft.server.log.segment.size.max = 1048576 (custom)
2023-03-09 15:00:41,930 [pool-691-thread-1] INFO  server.RaftServerConfigKeys (ConfUtils.java:logGet(46)) - raft.server.log.segment.cache.num.max = 2 (custom)
2023-03-09 15:00:41,930 [pool-691-thread-1] INFO  server.RaftServerConfigKeys (ConfUtils.java:logGet(46)) - raft.server.log.segment.cache.size.max = 200MB (=209715200) (default)
2023-03-09 15:00:41,930 [pool-691-thread-1] INFO  segmented.SegmentedRaftLogWorker (SegmentedRaftLogWorker.java:<init>(189)) - new fdc7571d-9447-4092-959d-9ce0ad2f1809@group-CBC73EE03D9B-SegmentedRaftLogWorker for RaftStorageImpl:Storage Directory /home/runner/work/ozone/ozone/hadoop-ozone/integration-test/target/test-dir/MiniOzoneClusterImpl-4e7c95cc-71c1-4f0b-a9e9-e7b04a6f140e/datanode-0/data/ratis/4c531124-62d2-4bb3-9edf-cbc73ee03d9b
2023-03-09 15:00:41,930 [EventQueue-OpenPipelineForHealthyPipelineSafeModeRule] INFO  safemode.SCMSafeModeManager (HealthyPipelineSafeModeRule.java:process(137)) - SCM in safe mode. Healthy pipelines reported count is 0, required healthy pipeline reported count is 1
2023-03-09 15:00:41,930 [pool-691-thread-1] INFO  server.RaftServerConfigKeys (ConfUtils.java:logGet(46)) - raft.server.log.queue.byte-limit = 4294967296 (custom)
2023-03-09 15:00:41,930 [pool-691-thread-1] INFO  server.RaftServerConfigKeys (ConfUtils.java:logGet(46)) - raft.server.log.queue.element-limit = 1024 (custom)
2023-03-09 15:00:41,930 [pool-691-thread-1] INFO  server.RaftServerConfigKeys (ConfUtils.java:logGet(46)) - raft.server.log.segment.size.max = 1048576 (custom)
2023-03-09 15:00:41,930 [pool-691-thread-1] INFO  server.RaftServerConfigKeys (ConfUtils.java:logGet(46)) - raft.server.log.preallocated.size = 16384 (custom)
2023-03-09 15:00:41,930 [pool-691-thread-1] INFO  server.RaftServerConfigKeys (ConfUtils.java:logGet(46)) - raft.server.log.force.sync.num = 128 (default)
2023-03-09 15:00:41,931 [pool-691-thread-1] INFO  server.RaftServerConfigKeys (ConfUtils.java:logGet(46)) - raft.server.log.statemachine.data.sync = true (default)
2023-03-09 15:00:41,931 [pool-691-thread-1] INFO  server.RaftServerConfigKeys (ConfUtils.java:logGet(46)) - raft.server.log.statemachine.data.sync.timeout = 10s (default)
2023-03-09 15:00:41,931 [pool-691-thread-1] INFO  server.RaftServerConfigKeys (ConfUtils.java:logGet(46)) - raft.server.log.statemachine.data.sync.timeout.retry = -1 (default)
2023-03-09 15:00:41,931 [pool-691-thread-1] INFO  server.RaftServerConfigKeys (ConfUtils.java:logGet(46)) - raft.server.log.write.buffer.size = 1048576 (custom)
2023-03-09 15:00:41,932 [pool-691-thread-1] INFO  server.RaftServerConfigKeys (ConfUtils.java:logGet(46)) - raft.server.log.appender.buffer.byte-limit = 33554432 (custom)
2023-03-09 15:00:41,938 [pool-691-thread-1] INFO  server.RaftServerConfigKeys (ConfUtils.java:logGet(46)) - raft.server.log.unsafe-flush.enabled = false (default)
2023-03-09 15:00:41,939 [pool-691-thread-1] INFO  server.RaftServerConfigKeys (ConfUtils.java:logGet(46)) - raft.server.log.async-flush.enabled = false (default)
2023-03-09 15:00:41,939 [pool-691-thread-1] INFO  server.RaftServerConfigKeys (ConfUtils.java:logGet(46)) - raft.server.log.statemachine.data.caching.enabled = true (custom)
2023-03-09 15:00:41,939 [pool-691-thread-1] INFO  segmented.SegmentedRaftLogWorker (SegmentedRaftLogWorker.java:lambda$new$0(135)) - fdc7571d-9447-4092-959d-9ce0ad2f1809@group-CBC73EE03D9B-SegmentedRaftLogWorker: flushIndex: setUnconditionally 0 -> -1
2023-03-09 15:00:41,939 [pool-691-thread-1] INFO  segmented.SegmentedRaftLogWorker (SegmentedRaftLogWorker.java:lambda$new$0(135)) - fdc7571d-9447-4092-959d-9ce0ad2f1809@group-CBC73EE03D9B-SegmentedRaftLogWorker: safeCacheEvictIndex: setUnconditionally 0 -> -1
2023-03-09 15:00:41,939 [pool-691-thread-1] INFO  server.RaftServer$Division (RaftServerImpl.java:start(334)) - fdc7571d-9447-4092-959d-9ce0ad2f1809@group-CBC73EE03D9B: start as a follower, conf=-1: peers:[ac810fbe-b19a-4148-a035-811b2b5a9c18|rpc:127.0.0.1:39805|dataStream:127.0.0.1:45019|priority:0|startupRole:FOLLOWER, fdc7571d-9447-4092-959d-9ce0ad2f1809|rpc:127.0.0.1:36519|dataStream:127.0.0.1:44285|priority:1|startupRole:FOLLOWER, 0ee7bec8-2182-4b4a-933d-6a3bad615c17|rpc:127.0.0.1:38121|dataStream:127.0.0.1:45643|priority:0|startupRole:FOLLOWER]|listeners:[], old=null
2023-03-09 15:00:41,939 [pool-691-thread-1] INFO  server.RaftServer$Division (RaftServerImpl.java:setRole(321)) - fdc7571d-9447-4092-959d-9ce0ad2f1809@group-CBC73EE03D9B: changes role from      null to FOLLOWER at term 0 for startAsFollower
2023-03-09 15:00:41,939 [pool-691-thread-1] INFO  impl.RoleInfo (RoleInfo.java:updateAndGet(139)) - fdc7571d-9447-4092-959d-9ce0ad2f1809: start fdc7571d-9447-4092-959d-9ce0ad2f1809@group-CBC73EE03D9B-FollowerState
2023-03-09 15:00:41,942 [pool-691-thread-1] INFO  util.JmxRegister (JmxRegister.java:tryRegister(44)) - Successfully registered JMX Bean with object name Ratis:service=RaftServer,group=group-CBC73EE03D9B,id=fdc7571d-9447-4092-959d-9ce0ad2f1809
2023-03-09 15:00:41,942 [pool-691-thread-1] INFO  server.RaftServerConfigKeys (ConfUtils.java:logGet(46)) - raft.server.snapshot.auto.trigger.enabled = true (custom)
2023-03-09 15:00:41,942 [pool-691-thread-1] INFO  server.RaftServerConfigKeys (ConfUtils.java:logGet(46)) - raft.server.snapshot.auto.trigger.threshold = 10000 (custom)
2023-03-09 15:00:41,942 [pool-691-thread-1] INFO  server.RaftServerConfigKeys (ConfUtils.java:logGet(46)) - raft.server.snapshot.retention.file.num = 5 (custom)
2023-03-09 15:00:41,942 [pool-691-thread-1] INFO  server.RaftServerConfigKeys (ConfUtils.java:logGet(46)) - raft.server.log.purge.upto.snapshot.index = false (default)
2023-03-09 15:00:41,943 [fdc7571d-9447-4092-959d-9ce0ad2f1809@group-CBC73EE03D9B-FollowerState] INFO  server.RaftServerConfigKeys (ConfUtils.java:logFallback(53)) - raft.server.rpc.first-election.timeout.min = 5s (fallback to raft.server.rpc.timeout.min)
2023-03-09 15:00:41,943 [fdc7571d-9447-4092-959d-9ce0ad2f1809@group-CBC73EE03D9B-FollowerState] INFO  server.RaftServerConfigKeys (ConfUtils.java:logFallback(53)) - raft.server.rpc.first-election.timeout.max = 5200ms (fallback to raft.server.rpc.timeout.max)
2023-03-09 15:00:41,945 [Command processor thread] INFO  ratis.XceiverServerRatis (XceiverServerRatis.java:addGroup(807)) - Created group PipelineID=4c531124-62d2-4bb3-9edf-cbc73ee03d9b
2023-03-09 15:00:41,954 [grpc-default-executor-3] INFO  server.RaftServer (RaftServerProxy.java:addNew(96)) - 0ee7bec8-2182-4b4a-933d-6a3bad615c17: addNew group-CBC73EE03D9B:[ac810fbe-b19a-4148-a035-811b2b5a9c18|rpc:127.0.0.1:39805|dataStream:127.0.0.1:45019|priority:0|startupRole:FOLLOWER, fdc7571d-9447-4092-959d-9ce0ad2f1809|rpc:127.0.0.1:36519|dataStream:127.0.0.1:44285|priority:1|startupRole:FOLLOWER, 0ee7bec8-2182-4b4a-933d-6a3bad615c17|rpc:127.0.0.1:38121|dataStream:127.0.0.1:45643|priority:0|startupRole:FOLLOWER] returns group-CBC73EE03D9B:java.util.concurrent.CompletableFuture@697fe1e1[Not completed]
2023-03-09 15:00:41,955 [pool-735-thread-1] INFO  server.RaftServer$Division (RaftServerImpl.java:<init>(195)) - 0ee7bec8-2182-4b4a-933d-6a3bad615c17: new RaftServerImpl for group-CBC73EE03D9B:[ac810fbe-b19a-4148-a035-811b2b5a9c18|rpc:127.0.0.1:39805|dataStream:127.0.0.1:45019|priority:0|startupRole:FOLLOWER, fdc7571d-9447-4092-959d-9ce0ad2f1809|rpc:127.0.0.1:36519|dataStream:127.0.0.1:44285|priority:1|startupRole:FOLLOWER, 0ee7bec8-2182-4b4a-933d-6a3bad615c17|rpc:127.0.0.1:38121|dataStream:127.0.0.1:45643|priority:0|startupRole:FOLLOWER] with ContainerStateMachine:uninitialized
2023-03-09 15:00:41,955 [pool-735-thread-1] INFO  server.RaftServerConfigKeys (ConfUtils.java:logGet(46)) - raft.server.rpc.timeout.min = 5s (custom)
2023-03-09 15:00:41,955 [pool-735-thread-1] INFO  server.RaftServerConfigKeys (ConfUtils.java:logGet(46)) - raft.server.rpc.timeout.max = 5200ms (custom)
2023-03-09 15:00:41,955 [pool-735-thread-1] INFO  server.RaftServerConfigKeys (ConfUtils.java:logGet(46)) - raft.server.rpc.sleep.time = 25ms (default)
2023-03-09 15:00:41,955 [pool-735-thread-1] INFO  server.RaftServerConfigKeys (ConfUtils.java:logGet(46)) - raft.server.rpc.slowness.timeout = 300s (custom)
2023-03-09 15:00:41,955 [pool-735-thread-1] INFO  server.RaftServerConfigKeys (ConfUtils.java:logGet(46)) - raft.server.leaderelection.leader.step-down.wait-time = 10s (default)
2023-03-09 15:00:41,955 [pool-735-thread-1] INFO  server.RaftServerConfigKeys (ConfUtils.java:logGet(46)) - raft.server.sleep.deviation.threshold = 300ms (default)
2023-03-09 15:00:41,956 [pool-735-thread-1] INFO  server.RaftServer$Division (ServerState.java:<init>(118)) - 0ee7bec8-2182-4b4a-933d-6a3bad615c17@group-CBC73EE03D9B: ConfigurationManager, init=-1: peers:[ac810fbe-b19a-4148-a035-811b2b5a9c18|rpc:127.0.0.1:39805|dataStream:127.0.0.1:45019|priority:0|startupRole:FOLLOWER, fdc7571d-9447-4092-959d-9ce0ad2f1809|rpc:127.0.0.1:36519|dataStream:127.0.0.1:44285|priority:1|startupRole:FOLLOWER, 0ee7bec8-2182-4b4a-933d-6a3bad615c17|rpc:127.0.0.1:38121|dataStream:127.0.0.1:45643|priority:0|startupRole:FOLLOWER]|listeners:[], old=null, confs=<EMPTY_MAP>
2023-03-09 15:00:41,956 [pool-735-thread-1] INFO  server.RaftServerConfigKeys (ConfUtils.java:logGet(46)) - raft.server.storage.dir = [/home/runner/work/ozone/ozone/hadoop-ozone/integration-test/target/test-dir/MiniOzoneClusterImpl-4e7c95cc-71c1-4f0b-a9e9-e7b04a6f140e/datanode-2/data/ratis] (custom)
2023-03-09 15:00:41,956 [pool-735-thread-1] INFO  server.RaftServerConfigKeys (ConfUtils.java:logGet(46)) - raft.server.log.corruption.policy = EXCEPTION (default)
2023-03-09 15:00:41,956 [pool-735-thread-1] INFO  server.RaftServerConfigKeys (ConfUtils.java:logGet(46)) - raft.server.storage.free-space.min = 0MB (=0) (default)
2023-03-09 15:00:41,956 [pool-735-thread-1] INFO  server.RaftServerConfigKeys (ConfUtils.java:logGet(46)) - raft.server.notification.no-leader.timeout = 300s (custom)
2023-03-09 15:00:41,956 [pool-735-thread-1] INFO  server.RaftServerConfigKeys (ConfUtils.java:logGet(46)) - raft.server.retrycache.expirytime = 600000ms (custom)
2023-03-09 15:00:41,956 [pool-735-thread-1] INFO  server.RaftServerConfigKeys (ConfUtils.java:logGet(46)) - raft.server.retrycache.statistics.expirytime = 100μs (default)
2023-03-09 15:00:41,957 [pool-735-thread-1] INFO  server.RaftServerConfigKeys (ConfUtils.java:logGet(46)) - raft.server.log.appender.install.snapshot.enabled = false (custom)
2023-03-09 15:00:41,957 [pool-735-thread-1] INFO  server.RaftServerConfigKeys (ConfUtils.java:logGet(46)) - raft.server.threadpool.server.cached = true (default)
2023-03-09 15:00:41,957 [pool-735-thread-1] INFO  server.RaftServerConfigKeys (ConfUtils.java:logGet(46)) - raft.server.threadpool.server.size = 0 (default)
2023-03-09 15:00:41,959 [pool-735-thread-1] INFO  server.RaftServerConfigKeys (ConfUtils.java:logGet(46)) - raft.server.threadpool.client.cached = true (default)
2023-03-09 15:00:41,959 [pool-735-thread-1] INFO  server.RaftServerConfigKeys (ConfUtils.java:logGet(46)) - raft.server.threadpool.client.size = 0 (default)
2023-03-09 15:00:41,959 [pool-735-thread-1] INFO  storage.RaftStorageDirectory (RaftStorageDirectoryImpl.java:analyzeStorage(137)) - The storage directory /home/runner/work/ozone/ozone/hadoop-ozone/integration-test/target/test-dir/MiniOzoneClusterImpl-4e7c95cc-71c1-4f0b-a9e9-e7b04a6f140e/datanode-2/data/ratis/4c531124-62d2-4bb3-9edf-cbc73ee03d9b does not exist. Creating ...
2023-03-09 15:00:41,962 [pool-735-thread-1] INFO  storage.RaftStorageDirectory (RaftStorageDirectoryImpl.java:tryLock(231)) - Lock on /home/runner/work/ozone/ozone/hadoop-ozone/integration-test/target/test-dir/MiniOzoneClusterImpl-4e7c95cc-71c1-4f0b-a9e9-e7b04a6f140e/datanode-2/data/ratis/4c531124-62d2-4bb3-9edf-cbc73ee03d9b/in_use.lock acquired by nodename 57158@fv-az377-502
2023-03-09 15:00:41,963 [pool-735-thread-1] INFO  storage.RaftStorage (RaftStorageImpl.java:format(96)) - Storage directory /home/runner/work/ozone/ozone/hadoop-ozone/integration-test/target/test-dir/MiniOzoneClusterImpl-4e7c95cc-71c1-4f0b-a9e9-e7b04a6f140e/datanode-2/data/ratis/4c531124-62d2-4bb3-9edf-cbc73ee03d9b has been successfully formatted.
2023-03-09 15:00:41,964 [pool-735-thread-1] INFO  ratis.ContainerStateMachine (ContainerStateMachine.java:loadSnapshot(240)) - group-CBC73EE03D9B: The snapshot info is null. Setting the last applied indexto:(t:0, i:~)
2023-03-09 15:00:41,964 [pool-735-thread-1] INFO  server.RaftServerConfigKeys (ConfUtils.java:logGet(46)) - raft.server.log.use.memory = false (default)
2023-03-09 15:00:41,964 [pool-735-thread-1] INFO  server.RaftServerConfigKeys (ConfUtils.java:logGet(46)) - raft.server.log.purge.gap = 1000000 (custom)
2023-03-09 15:00:41,964 [pool-735-thread-1] INFO  server.RaftServerConfigKeys (ConfUtils.java:logGet(46)) - raft.server.log.appender.buffer.byte-limit = 33554432 (custom)
2023-03-09 15:00:41,964 [pool-735-thread-1] INFO  server.RaftServerConfigKeys (ConfUtils.java:logGet(46)) - raft.server.log.statemachine.data.read.timeout = 1000ms (default)
2023-03-09 15:00:41,964 [pool-735-thread-1] INFO  server.RaftServerConfigKeys (ConfUtils.java:logGet(46)) - raft.server.log.purge.preservation.log.num = 0 (default)
2023-03-09 15:00:41,964 [pool-735-thread-1] INFO  server.RaftServerConfigKeys (ConfUtils.java:logGet(46)) - raft.server.log.segment.size.max = 1048576 (custom)
2023-03-09 15:00:41,965 [pool-735-thread-1] INFO  server.RaftServerConfigKeys (ConfUtils.java:logGet(46)) - raft.server.log.segment.cache.num.max = 2 (custom)
2023-03-09 15:00:41,966 [pool-735-thread-1] INFO  server.RaftServerConfigKeys (ConfUtils.java:logGet(46)) - raft.server.log.segment.cache.size.max = 200MB (=209715200) (default)
2023-03-09 15:00:41,966 [pool-735-thread-1] INFO  segmented.SegmentedRaftLogWorker (SegmentedRaftLogWorker.java:<init>(189)) - new 0ee7bec8-2182-4b4a-933d-6a3bad615c17@group-CBC73EE03D9B-SegmentedRaftLogWorker for RaftStorageImpl:Storage Directory /home/runner/work/ozone/ozone/hadoop-ozone/integration-test/target/test-dir/MiniOzoneClusterImpl-4e7c95cc-71c1-4f0b-a9e9-e7b04a6f140e/datanode-2/data/ratis/4c531124-62d2-4bb3-9edf-cbc73ee03d9b
2023-03-09 15:00:41,966 [pool-735-thread-1] INFO  server.RaftServerConfigKeys (ConfUtils.java:logGet(46)) - raft.server.log.queue.byte-limit = 4294967296 (custom)
2023-03-09 15:00:41,966 [pool-735-thread-1] INFO  server.RaftServerConfigKeys (ConfUtils.java:logGet(46)) - raft.server.log.queue.element-limit = 1024 (custom)
2023-03-09 15:00:41,966 [pool-735-thread-1] INFO  server.RaftServerConfigKeys (ConfUtils.java:logGet(46)) - raft.server.log.segment.size.max = 1048576 (custom)
2023-03-09 15:00:41,966 [pool-735-thread-1] INFO  server.RaftServerConfigKeys (ConfUtils.java:logGet(46)) - raft.server.log.preallocated.size = 16384 (custom)
2023-03-09 15:00:41,966 [pool-735-thread-1] INFO  server.RaftServerConfigKeys (ConfUtils.java:logGet(46)) - raft.server.log.force.sync.num = 128 (default)
2023-03-09 15:00:41,966 [pool-735-thread-1] INFO  server.RaftServerConfigKeys (ConfUtils.java:logGet(46)) - raft.server.log.statemachine.data.sync = true (default)
2023-03-09 15:00:41,966 [pool-735-thread-1] INFO  server.RaftServerConfigKeys (ConfUtils.java:logGet(46)) - raft.server.log.statemachine.data.sync.timeout = 10s (default)
2023-03-09 15:00:41,966 [pool-735-thread-1] INFO  server.RaftServerConfigKeys (ConfUtils.java:logGet(46)) - raft.server.log.statemachine.data.sync.timeout.retry = -1 (default)
2023-03-09 15:00:41,966 [pool-735-thread-1] INFO  server.RaftServerConfigKeys (ConfUtils.java:logGet(46)) - raft.server.log.write.buffer.size = 1048576 (custom)
2023-03-09 15:00:41,969 [pool-735-thread-1] INFO  server.RaftServerConfigKeys (ConfUtils.java:logGet(46)) - raft.server.log.appender.buffer.byte-limit = 33554432 (custom)
2023-03-09 15:00:41,978 [pool-735-thread-1] INFO  server.RaftServerConfigKeys (ConfUtils.java:logGet(46)) - raft.server.log.unsafe-flush.enabled = false (default)
2023-03-09 15:00:41,978 [pool-735-thread-1] INFO  server.RaftServerConfigKeys (ConfUtils.java:logGet(46)) - raft.server.log.async-flush.enabled = false (default)
2023-03-09 15:00:41,978 [pool-735-thread-1] INFO  server.RaftServerConfigKeys (ConfUtils.java:logGet(46)) - raft.server.log.statemachine.data.caching.enabled = true (custom)
2023-03-09 15:00:41,978 [pool-735-thread-1] INFO  segmented.SegmentedRaftLogWorker (SegmentedRaftLogWorker.java:lambda$new$0(135)) - 0ee7bec8-2182-4b4a-933d-6a3bad615c17@group-CBC73EE03D9B-SegmentedRaftLogWorker: flushIndex: setUnconditionally 0 -> -1
2023-03-09 15:00:41,979 [pool-735-thread-1] INFO  segmented.SegmentedRaftLogWorker (SegmentedRaftLogWorker.java:lambda$new$0(135)) - 0ee7bec8-2182-4b4a-933d-6a3bad615c17@group-CBC73EE03D9B-SegmentedRaftLogWorker: safeCacheEvictIndex: setUnconditionally 0 -> -1
2023-03-09 15:00:41,979 [pool-735-thread-1] INFO  server.RaftServer$Division (RaftServerImpl.java:start(334)) - 0ee7bec8-2182-4b4a-933d-6a3bad615c17@group-CBC73EE03D9B: start as a follower, conf=-1: peers:[ac810fbe-b19a-4148-a035-811b2b5a9c18|rpc:127.0.0.1:39805|dataStream:127.0.0.1:45019|priority:0|startupRole:FOLLOWER, fdc7571d-9447-4092-959d-9ce0ad2f1809|rpc:127.0.0.1:36519|dataStream:127.0.0.1:44285|priority:1|startupRole:FOLLOWER, 0ee7bec8-2182-4b4a-933d-6a3bad615c17|rpc:127.0.0.1:38121|dataStream:127.0.0.1:45643|priority:0|startupRole:FOLLOWER]|listeners:[], old=null
2023-03-09 15:00:41,979 [pool-735-thread-1] INFO  server.RaftServer$Division (RaftServerImpl.java:setRole(321)) - 0ee7bec8-2182-4b4a-933d-6a3bad615c17@group-CBC73EE03D9B: changes role from      null to FOLLOWER at term 0 for startAsFollower
2023-03-09 15:00:41,979 [pool-735-thread-1] INFO  impl.RoleInfo (RoleInfo.java:updateAndGet(139)) - 0ee7bec8-2182-4b4a-933d-6a3bad615c17: start 0ee7bec8-2182-4b4a-933d-6a3bad615c17@group-CBC73EE03D9B-FollowerState
2023-03-09 15:00:41,979 [pool-735-thread-1] INFO  util.JmxRegister (JmxRegister.java:tryRegister(44)) - Successfully registered JMX Bean with object name Ratis:service=RaftServer,group=group-CBC73EE03D9B,id=0ee7bec8-2182-4b4a-933d-6a3bad615c17
2023-03-09 15:00:41,979 [pool-735-thread-1] INFO  server.RaftServerConfigKeys (ConfUtils.java:logGet(46)) - raft.server.snapshot.auto.trigger.enabled = true (custom)
2023-03-09 15:00:41,980 [pool-735-thread-1] INFO  server.RaftServerConfigKeys (ConfUtils.java:logGet(46)) - raft.server.snapshot.auto.trigger.threshold = 10000 (custom)
2023-03-09 15:00:41,980 [pool-735-thread-1] INFO  server.RaftServerConfigKeys (ConfUtils.java:logGet(46)) - raft.server.snapshot.retention.file.num = 5 (custom)
2023-03-09 15:00:41,980 [pool-735-thread-1] INFO  server.RaftServerConfigKeys (ConfUtils.java:logGet(46)) - raft.server.log.purge.upto.snapshot.index = false (default)
2023-03-09 15:00:41,980 [0ee7bec8-2182-4b4a-933d-6a3bad615c17@group-CBC73EE03D9B-FollowerState] INFO  server.RaftServerConfigKeys (ConfUtils.java:logFallback(53)) - raft.server.rpc.first-election.timeout.min = 5s (fallback to raft.server.rpc.timeout.min)
2023-03-09 15:00:41,980 [0ee7bec8-2182-4b4a-933d-6a3bad615c17@group-CBC73EE03D9B-FollowerState] INFO  server.RaftServerConfigKeys (ConfUtils.java:logFallback(53)) - raft.server.rpc.first-election.timeout.max = 5200ms (fallback to raft.server.rpc.timeout.max)
2023-03-09 15:00:42,008 [grpc-default-executor-3] INFO  server.RaftServer (RaftServerProxy.java:addNew(96)) - ac810fbe-b19a-4148-a035-811b2b5a9c18: addNew group-CBC73EE03D9B:[ac810fbe-b19a-4148-a035-811b2b5a9c18|rpc:127.0.0.1:39805|dataStream:127.0.0.1:45019|priority:0|startupRole:FOLLOWER, fdc7571d-9447-4092-959d-9ce0ad2f1809|rpc:127.0.0.1:36519|dataStream:127.0.0.1:44285|priority:1|startupRole:FOLLOWER, 0ee7bec8-2182-4b4a-933d-6a3bad615c17|rpc:127.0.0.1:38121|dataStream:127.0.0.1:45643|priority:0|startupRole:FOLLOWER] returns group-CBC73EE03D9B:java.util.concurrent.CompletableFuture@1c4ab67d[Not completed]
2023-03-09 15:00:42,008 [pool-713-thread-1] INFO  server.RaftServer$Division (RaftServerImpl.java:<init>(195)) - ac810fbe-b19a-4148-a035-811b2b5a9c18: new RaftServerImpl for group-CBC73EE03D9B:[ac810fbe-b19a-4148-a035-811b2b5a9c18|rpc:127.0.0.1:39805|dataStream:127.0.0.1:45019|priority:0|startupRole:FOLLOWER, fdc7571d-9447-4092-959d-9ce0ad2f1809|rpc:127.0.0.1:36519|dataStream:127.0.0.1:44285|priority:1|startupRole:FOLLOWER, 0ee7bec8-2182-4b4a-933d-6a3bad615c17|rpc:127.0.0.1:38121|dataStream:127.0.0.1:45643|priority:0|startupRole:FOLLOWER] with ContainerStateMachine:uninitialized
2023-03-09 15:00:42,009 [pool-713-thread-1] INFO  server.RaftServerConfigKeys (ConfUtils.java:logGet(46)) - raft.server.rpc.timeout.min = 5s (custom)
2023-03-09 15:00:42,009 [pool-713-thread-1] INFO  server.RaftServerConfigKeys (ConfUtils.java:logGet(46)) - raft.server.rpc.timeout.max = 5200ms (custom)
2023-03-09 15:00:42,009 [pool-713-thread-1] INFO  server.RaftServerConfigKeys (ConfUtils.java:logGet(46)) - raft.server.rpc.sleep.time = 25ms (default)
2023-03-09 15:00:42,009 [pool-713-thread-1] INFO  server.RaftServerConfigKeys (ConfUtils.java:logGet(46)) - raft.server.rpc.slowness.timeout = 300s (custom)
2023-03-09 15:00:42,009 [pool-713-thread-1] INFO  server.RaftServerConfigKeys (ConfUtils.java:logGet(46)) - raft.server.leaderelection.leader.step-down.wait-time = 10s (default)
2023-03-09 15:00:42,009 [pool-713-thread-1] INFO  server.RaftServerConfigKeys (ConfUtils.java:logGet(46)) - raft.server.sleep.deviation.threshold = 300ms (default)
2023-03-09 15:00:42,009 [pool-713-thread-1] INFO  server.RaftServer$Division (ServerState.java:<init>(118)) - ac810fbe-b19a-4148-a035-811b2b5a9c18@group-CBC73EE03D9B: ConfigurationManager, init=-1: peers:[ac810fbe-b19a-4148-a035-811b2b5a9c18|rpc:127.0.0.1:39805|dataStream:127.0.0.1:45019|priority:0|startupRole:FOLLOWER, fdc7571d-9447-4092-959d-9ce0ad2f1809|rpc:127.0.0.1:36519|dataStream:127.0.0.1:44285|priority:1|startupRole:FOLLOWER, 0ee7bec8-2182-4b4a-933d-6a3bad615c17|rpc:127.0.0.1:38121|dataStream:127.0.0.1:45643|priority:0|startupRole:FOLLOWER]|listeners:[], old=null, confs=<EMPTY_MAP>
2023-03-09 15:00:42,009 [pool-713-thread-1] INFO  server.RaftServerConfigKeys (ConfUtils.java:logGet(46)) - raft.server.storage.dir = [/home/runner/work/ozone/ozone/hadoop-ozone/integration-test/target/test-dir/MiniOzoneClusterImpl-4e7c95cc-71c1-4f0b-a9e9-e7b04a6f140e/datanode-1/data/ratis] (custom)
2023-03-09 15:00:42,009 [pool-713-thread-1] INFO  server.RaftServerConfigKeys (ConfUtils.java:logGet(46)) - raft.server.log.corruption.policy = EXCEPTION (default)
2023-03-09 15:00:42,009 [pool-713-thread-1] INFO  server.RaftServerConfigKeys (ConfUtils.java:logGet(46)) - raft.server.storage.free-space.min = 0MB (=0) (default)
2023-03-09 15:00:42,009 [pool-713-thread-1] INFO  server.RaftServerConfigKeys (ConfUtils.java:logGet(46)) - raft.server.notification.no-leader.timeout = 300s (custom)
2023-03-09 15:00:42,009 [pool-713-thread-1] INFO  server.RaftServerConfigKeys (ConfUtils.java:logGet(46)) - raft.server.retrycache.expirytime = 600000ms (custom)
2023-03-09 15:00:42,009 [pool-713-thread-1] INFO  server.RaftServerConfigKeys (ConfUtils.java:logGet(46)) - raft.server.retrycache.statistics.expirytime = 100μs (default)
2023-03-09 15:00:42,010 [pool-713-thread-1] INFO  server.RaftServerConfigKeys (ConfUtils.java:logGet(46)) - raft.server.log.appender.install.snapshot.enabled = false (custom)
2023-03-09 15:00:42,010 [pool-713-thread-1] INFO  server.RaftServerConfigKeys (ConfUtils.java:logGet(46)) - raft.server.threadpool.server.cached = true (default)
2023-03-09 15:00:42,010 [pool-713-thread-1] INFO  server.RaftServerConfigKeys (ConfUtils.java:logGet(46)) - raft.server.threadpool.server.size = 0 (default)
2023-03-09 15:00:42,010 [pool-713-thread-1] INFO  server.RaftServerConfigKeys (ConfUtils.java:logGet(46)) - raft.server.threadpool.client.cached = true (default)
2023-03-09 15:00:42,010 [pool-713-thread-1] INFO  server.RaftServerConfigKeys (ConfUtils.java:logGet(46)) - raft.server.threadpool.client.size = 0 (default)
2023-03-09 15:00:42,010 [pool-713-thread-1] INFO  storage.RaftStorageDirectory (RaftStorageDirectoryImpl.java:analyzeStorage(137)) - The storage directory /home/runner/work/ozone/ozone/hadoop-ozone/integration-test/target/test-dir/MiniOzoneClusterImpl-4e7c95cc-71c1-4f0b-a9e9-e7b04a6f140e/datanode-1/data/ratis/4c531124-62d2-4bb3-9edf-cbc73ee03d9b does not exist. Creating ...
2023-03-09 15:00:42,012 [pool-713-thread-1] INFO  storage.RaftStorageDirectory (RaftStorageDirectoryImpl.java:tryLock(231)) - Lock on /home/runner/work/ozone/ozone/hadoop-ozone/integration-test/target/test-dir/MiniOzoneClusterImpl-4e7c95cc-71c1-4f0b-a9e9-e7b04a6f140e/datanode-1/data/ratis/4c531124-62d2-4bb3-9edf-cbc73ee03d9b/in_use.lock acquired by nodename 57158@fv-az377-502
2023-03-09 15:00:42,013 [pool-713-thread-1] INFO  storage.RaftStorage (RaftStorageImpl.java:format(96)) - Storage directory /home/runner/work/ozone/ozone/hadoop-ozone/integration-test/target/test-dir/MiniOzoneClusterImpl-4e7c95cc-71c1-4f0b-a9e9-e7b04a6f140e/datanode-1/data/ratis/4c531124-62d2-4bb3-9edf-cbc73ee03d9b has been successfully formatted.
2023-03-09 15:00:42,014 [pool-713-thread-1] INFO  ratis.ContainerStateMachine (ContainerStateMachine.java:loadSnapshot(240)) - group-CBC73EE03D9B: The snapshot info is null. Setting the last applied indexto:(t:0, i:~)
2023-03-09 15:00:42,014 [pool-713-thread-1] INFO  server.RaftServerConfigKeys (ConfUtils.java:logGet(46)) - raft.server.log.use.memory = false (default)
2023-03-09 15:00:42,014 [pool-713-thread-1] INFO  server.RaftServerConfigKeys (ConfUtils.java:logGet(46)) - raft.server.log.purge.gap = 1000000 (custom)
2023-03-09 15:00:42,014 [pool-713-thread-1] INFO  server.RaftServerConfigKeys (ConfUtils.java:logGet(46)) - raft.server.log.appender.buffer.byte-limit = 33554432 (custom)
2023-03-09 15:00:42,014 [pool-713-thread-1] INFO  server.RaftServerConfigKeys (ConfUtils.java:logGet(46)) - raft.server.log.statemachine.data.read.timeout = 1000ms (default)
2023-03-09 15:00:42,014 [pool-713-thread-1] INFO  server.RaftServerConfigKeys (ConfUtils.java:logGet(46)) - raft.server.log.purge.preservation.log.num = 0 (default)
2023-03-09 15:00:42,016 [pool-713-thread-1] INFO  server.RaftServerConfigKeys (ConfUtils.java:logGet(46)) - raft.server.log.segment.size.max = 1048576 (custom)
2023-03-09 15:00:42,016 [pool-713-thread-1] INFO  server.RaftServerConfigKeys (ConfUtils.java:logGet(46)) - raft.server.log.segment.cache.num.max = 2 (custom)
2023-03-09 15:00:42,016 [pool-713-thread-1] INFO  server.RaftServerConfigKeys (ConfUtils.java:logGet(46)) - raft.server.log.segment.cache.size.max = 200MB (=209715200) (default)
2023-03-09 15:00:42,016 [pool-713-thread-1] INFO  segmented.SegmentedRaftLogWorker (SegmentedRaftLogWorker.java:<init>(189)) - new ac810fbe-b19a-4148-a035-811b2b5a9c18@group-CBC73EE03D9B-SegmentedRaftLogWorker for RaftStorageImpl:Storage Directory /home/runner/work/ozone/ozone/hadoop-ozone/integration-test/target/test-dir/MiniOzoneClusterImpl-4e7c95cc-71c1-4f0b-a9e9-e7b04a6f140e/datanode-1/data/ratis/4c531124-62d2-4bb3-9edf-cbc73ee03d9b
2023-03-09 15:00:42,016 [pool-713-thread-1] INFO  server.RaftServerConfigKeys (ConfUtils.java:logGet(46)) - raft.server.log.queue.byte-limit = 4294967296 (custom)
2023-03-09 15:00:42,016 [pool-713-thread-1] INFO  server.RaftServerConfigKeys (ConfUtils.java:logGet(46)) - raft.server.log.queue.element-limit = 1024 (custom)
2023-03-09 15:00:42,016 [pool-713-thread-1] INFO  server.RaftServerConfigKeys (ConfUtils.java:logGet(46)) - raft.server.log.segment.size.max = 1048576 (custom)
2023-03-09 15:00:42,016 [pool-713-thread-1] INFO  server.RaftServerConfigKeys (ConfUtils.java:logGet(46)) - raft.server.log.preallocated.size = 16384 (custom)
2023-03-09 15:00:42,016 [pool-713-thread-1] INFO  server.RaftServerConfigKeys (ConfUtils.java:logGet(46)) - raft.server.log.force.sync.num = 128 (default)
2023-03-09 15:00:42,016 [pool-713-thread-1] INFO  server.RaftServerConfigKeys (ConfUtils.java:logGet(46)) - raft.server.log.statemachine.data.sync = true (default)
2023-03-09 15:00:42,016 [pool-713-thread-1] INFO  server.RaftServerConfigKeys (ConfUtils.java:logGet(46)) - raft.server.log.statemachine.data.sync.timeout = 10s (default)
2023-03-09 15:00:42,016 [pool-713-thread-1] INFO  server.RaftServerConfigKeys (ConfUtils.java:logGet(46)) - raft.server.log.statemachine.data.sync.timeout.retry = -1 (default)
2023-03-09 15:00:42,017 [pool-713-thread-1] INFO  server.RaftServerConfigKeys (ConfUtils.java:logGet(46)) - raft.server.log.write.buffer.size = 1048576 (custom)
2023-03-09 15:00:42,018 [pool-713-thread-1] INFO  server.RaftServerConfigKeys (ConfUtils.java:logGet(46)) - raft.server.log.appender.buffer.byte-limit = 33554432 (custom)
2023-03-09 15:00:42,070 [pool-713-thread-1] INFO  server.RaftServerConfigKeys (ConfUtils.java:logGet(46)) - raft.server.log.unsafe-flush.enabled = false (default)
2023-03-09 15:00:42,071 [pool-713-thread-1] INFO  server.RaftServerConfigKeys (ConfUtils.java:logGet(46)) - raft.server.log.async-flush.enabled = false (default)
2023-03-09 15:00:42,071 [pool-713-thread-1] INFO  server.RaftServerConfigKeys (ConfUtils.java:logGet(46)) - raft.server.log.statemachine.data.caching.enabled = true (custom)
2023-03-09 15:00:42,071 [pool-713-thread-1] INFO  segmented.SegmentedRaftLogWorker (SegmentedRaftLogWorker.java:lambda$new$0(135)) - ac810fbe-b19a-4148-a035-811b2b5a9c18@group-CBC73EE03D9B-SegmentedRaftLogWorker: flushIndex: setUnconditionally 0 -> -1
2023-03-09 15:00:42,071 [pool-713-thread-1] INFO  segmented.SegmentedRaftLogWorker (SegmentedRaftLogWorker.java:lambda$new$0(135)) - ac810fbe-b19a-4148-a035-811b2b5a9c18@group-CBC73EE03D9B-SegmentedRaftLogWorker: safeCacheEvictIndex: setUnconditionally 0 -> -1
2023-03-09 15:00:42,071 [pool-713-thread-1] INFO  server.RaftServer$Division (RaftServerImpl.java:start(334)) - ac810fbe-b19a-4148-a035-811b2b5a9c18@group-CBC73EE03D9B: start as a follower, conf=-1: peers:[ac810fbe-b19a-4148-a035-811b2b5a9c18|rpc:127.0.0.1:39805|dataStream:127.0.0.1:45019|priority:0|startupRole:FOLLOWER, fdc7571d-9447-4092-959d-9ce0ad2f1809|rpc:127.0.0.1:36519|dataStream:127.0.0.1:44285|priority:1|startupRole:FOLLOWER, 0ee7bec8-2182-4b4a-933d-6a3bad615c17|rpc:127.0.0.1:38121|dataStream:127.0.0.1:45643|priority:0|startupRole:FOLLOWER]|listeners:[], old=null
2023-03-09 15:00:42,071 [pool-713-thread-1] INFO  server.RaftServer$Division (RaftServerImpl.java:setRole(321)) - ac810fbe-b19a-4148-a035-811b2b5a9c18@group-CBC73EE03D9B: changes role from      null to FOLLOWER at term 0 for startAsFollower
2023-03-09 15:00:42,071 [pool-713-thread-1] INFO  impl.RoleInfo (RoleInfo.java:updateAndGet(139)) - ac810fbe-b19a-4148-a035-811b2b5a9c18: start ac810fbe-b19a-4148-a035-811b2b5a9c18@group-CBC73EE03D9B-FollowerState
2023-03-09 15:00:42,073 [pool-713-thread-1] INFO  util.JmxRegister (JmxRegister.java:tryRegister(44)) - Successfully registered JMX Bean with object name Ratis:service=RaftServer,group=group-CBC73EE03D9B,id=ac810fbe-b19a-4148-a035-811b2b5a9c18
2023-03-09 15:00:42,074 [ac810fbe-b19a-4148-a035-811b2b5a9c18@group-CBC73EE03D9B-FollowerState] INFO  server.RaftServerConfigKeys (ConfUtils.java:logFallback(53)) - raft.server.rpc.first-election.timeout.min = 5s (fallback to raft.server.rpc.timeout.min)
2023-03-09 15:00:42,074 [pool-713-thread-1] INFO  server.RaftServerConfigKeys (ConfUtils.java:logGet(46)) - raft.server.snapshot.auto.trigger.enabled = true (custom)
2023-03-09 15:00:42,074 [ac810fbe-b19a-4148-a035-811b2b5a9c18@group-CBC73EE03D9B-FollowerState] INFO  server.RaftServerConfigKeys (ConfUtils.java:logFallback(53)) - raft.server.rpc.first-election.timeout.max = 5200ms (fallback to raft.server.rpc.timeout.max)
2023-03-09 15:00:42,084 [pool-713-thread-1] INFO  server.RaftServerConfigKeys (ConfUtils.java:logGet(46)) - raft.server.snapshot.auto.trigger.threshold = 10000 (custom)
2023-03-09 15:00:42,088 [pool-713-thread-1] INFO  server.RaftServerConfigKeys (ConfUtils.java:logGet(46)) - raft.server.snapshot.retention.file.num = 5 (custom)
2023-03-09 15:00:42,088 [pool-713-thread-1] INFO  server.RaftServerConfigKeys (ConfUtils.java:logGet(46)) - raft.server.log.purge.upto.snapshot.index = false (default)
2023-03-09 15:00:42,100 [Command processor thread] INFO  commandhandler.CreatePipelineCommandHandler (CreatePipelineCommandHandler.java:handle(113)) - Created Pipeline RATIS THREE PipelineID=4c531124-62d2-4bb3-9edf-cbc73ee03d9b.
2023-03-09 15:00:42,129 [Command processor thread] INFO  server.RaftServer (RaftServerProxy.java:addNew(96)) - ac810fbe-b19a-4148-a035-811b2b5a9c18: addNew group-6627FBC0D812:[ac810fbe-b19a-4148-a035-811b2b5a9c18|rpc:127.0.0.1:39805|dataStream:127.0.0.1:45019|priority:1|startupRole:FOLLOWER] returns group-6627FBC0D812:java.util.concurrent.CompletableFuture@3c8a8b12[Not completed]
2023-03-09 15:00:42,130 [pool-713-thread-1] INFO  server.RaftServer$Division (RaftServerImpl.java:<init>(195)) - ac810fbe-b19a-4148-a035-811b2b5a9c18: new RaftServerImpl for group-6627FBC0D812:[ac810fbe-b19a-4148-a035-811b2b5a9c18|rpc:127.0.0.1:39805|dataStream:127.0.0.1:45019|priority:1|startupRole:FOLLOWER] with ContainerStateMachine:uninitialized
2023-03-09 15:00:42,130 [pool-713-thread-1] INFO  server.RaftServerConfigKeys (ConfUtils.java:logGet(46)) - raft.server.rpc.timeout.min = 5s (custom)
2023-03-09 15:00:42,130 [pool-713-thread-1] INFO  server.RaftServerConfigKeys (ConfUtils.java:logGet(46)) - raft.server.rpc.timeout.max = 5200ms (custom)
2023-03-09 15:00:42,130 [pool-713-thread-1] INFO  server.RaftServerConfigKeys (ConfUtils.java:logGet(46)) - raft.server.rpc.sleep.time = 25ms (default)
2023-03-09 15:00:42,130 [pool-713-thread-1] INFO  server.RaftServerConfigKeys (ConfUtils.java:logGet(46)) - raft.server.rpc.slowness.timeout = 300s (custom)
2023-03-09 15:00:42,130 [pool-713-thread-1] INFO  server.RaftServerConfigKeys (ConfUtils.java:logGet(46)) - raft.server.leaderelection.leader.step-down.wait-time = 10s (default)
2023-03-09 15:00:42,130 [pool-713-thread-1] INFO  server.RaftServerConfigKeys (ConfUtils.java:logGet(46)) - raft.server.sleep.deviation.threshold = 300ms (default)
2023-03-09 15:00:42,130 [pool-713-thread-1] INFO  server.RaftServer$Division (ServerState.java:<init>(118)) - ac810fbe-b19a-4148-a035-811b2b5a9c18@group-6627FBC0D812: ConfigurationManager, init=-1: peers:[ac810fbe-b19a-4148-a035-811b2b5a9c18|rpc:127.0.0.1:39805|dataStream:127.0.0.1:45019|priority:1|startupRole:FOLLOWER]|listeners:[], old=null, confs=<EMPTY_MAP>
2023-03-09 15:00:42,131 [pool-713-thread-1] INFO  server.RaftServerConfigKeys (ConfUtils.java:logGet(46)) - raft.server.storage.dir = [/home/runner/work/ozone/ozone/hadoop-ozone/integration-test/target/test-dir/MiniOzoneClusterImpl-4e7c95cc-71c1-4f0b-a9e9-e7b04a6f140e/datanode-1/data/ratis] (custom)
2023-03-09 15:00:42,131 [pool-713-thread-1] INFO  server.RaftServerConfigKeys (ConfUtils.java:logGet(46)) - raft.server.log.corruption.policy = EXCEPTION (default)
2023-03-09 15:00:42,131 [pool-713-thread-1] INFO  server.RaftServerConfigKeys (ConfUtils.java:logGet(46)) - raft.server.storage.free-space.min = 0MB (=0) (default)
2023-03-09 15:00:42,131 [pool-713-thread-1] INFO  server.RaftServerConfigKeys (ConfUtils.java:logGet(46)) - raft.server.notification.no-leader.timeout = 300s (custom)
2023-03-09 15:00:42,131 [pool-713-thread-1] INFO  server.RaftServerConfigKeys (ConfUtils.java:logGet(46)) - raft.server.retrycache.expirytime = 600000ms (custom)
2023-03-09 15:00:42,131 [pool-713-thread-1] INFO  server.RaftServerConfigKeys (ConfUtils.java:logGet(46)) - raft.server.retrycache.statistics.expirytime = 100μs (default)
2023-03-09 15:00:42,132 [pool-713-thread-1] INFO  server.RaftServerConfigKeys (ConfUtils.java:logGet(46)) - raft.server.log.appender.install.snapshot.enabled = false (custom)
2023-03-09 15:00:42,132 [pool-713-thread-1] INFO  server.RaftServerConfigKeys (ConfUtils.java:logGet(46)) - raft.server.threadpool.server.cached = true (default)
2023-03-09 15:00:42,132 [pool-713-thread-1] INFO  server.RaftServerConfigKeys (ConfUtils.java:logGet(46)) - raft.server.threadpool.server.size = 0 (default)
2023-03-09 15:00:42,132 [pool-713-thread-1] INFO  server.RaftServerConfigKeys (ConfUtils.java:logGet(46)) - raft.server.threadpool.client.cached = true (default)
2023-03-09 15:00:42,132 [pool-713-thread-1] INFO  server.RaftServerConfigKeys (ConfUtils.java:logGet(46)) - raft.server.threadpool.client.size = 0 (default)
2023-03-09 15:00:42,132 [pool-713-thread-1] INFO  storage.RaftStorageDirectory (RaftStorageDirectoryImpl.java:analyzeStorage(137)) - The storage directory /home/runner/work/ozone/ozone/hadoop-ozone/integration-test/target/test-dir/MiniOzoneClusterImpl-4e7c95cc-71c1-4f0b-a9e9-e7b04a6f140e/datanode-1/data/ratis/914ae18b-b2da-467f-8c35-6627fbc0d812 does not exist. Creating ...
2023-03-09 15:00:42,133 [pool-713-thread-1] INFO  storage.RaftStorageDirectory (RaftStorageDirectoryImpl.java:tryLock(231)) - Lock on /home/runner/work/ozone/ozone/hadoop-ozone/integration-test/target/test-dir/MiniOzoneClusterImpl-4e7c95cc-71c1-4f0b-a9e9-e7b04a6f140e/datanode-1/data/ratis/914ae18b-b2da-467f-8c35-6627fbc0d812/in_use.lock acquired by nodename 57158@fv-az377-502
2023-03-09 15:00:42,135 [pool-713-thread-1] INFO  storage.RaftStorage (RaftStorageImpl.java:format(96)) - Storage directory /home/runner/work/ozone/ozone/hadoop-ozone/integration-test/target/test-dir/MiniOzoneClusterImpl-4e7c95cc-71c1-4f0b-a9e9-e7b04a6f140e/datanode-1/data/ratis/914ae18b-b2da-467f-8c35-6627fbc0d812 has been successfully formatted.
2023-03-09 15:00:42,135 [pool-713-thread-1] INFO  ratis.ContainerStateMachine (ContainerStateMachine.java:loadSnapshot(240)) - group-6627FBC0D812: The snapshot info is null. Setting the last applied indexto:(t:0, i:~)
2023-03-09 15:00:42,135 [pool-713-thread-1] INFO  server.RaftServerConfigKeys (ConfUtils.java:logGet(46)) - raft.server.log.use.memory = false (default)
2023-03-09 15:00:42,137 [EventQueue-PipelineReportForPipelineReportHandler] INFO  pipeline.PipelineManagerImpl (PipelineManagerImpl.java:openPipeline(367)) - Pipeline Pipeline[ Id: 914ae18b-b2da-467f-8c35-6627fbc0d812, Nodes: ac810fbe-b19a-4148-a035-811b2b5a9c18(localhost/127.0.0.1), ReplicationConfig: RATIS/ONE, State:ALLOCATED, leaderId:ac810fbe-b19a-4148-a035-811b2b5a9c18, CreationTimestamp2023-03-09T15:00:39.134Z[Etc/UTC]] moved to OPEN state
2023-03-09 15:00:42,138 [pool-713-thread-1] INFO  server.RaftServerConfigKeys (ConfUtils.java:logGet(46)) - raft.server.log.purge.gap = 1000000 (custom)
2023-03-09 15:00:42,139 [pool-713-thread-1] INFO  server.RaftServerConfigKeys (ConfUtils.java:logGet(46)) - raft.server.log.appender.buffer.byte-limit = 33554432 (custom)
2023-03-09 15:00:42,139 [pool-713-thread-1] INFO  server.RaftServerConfigKeys (ConfUtils.java:logGet(46)) - raft.server.log.statemachine.data.read.timeout = 1000ms (default)
2023-03-09 15:00:42,139 [pool-713-thread-1] INFO  server.RaftServerConfigKeys (ConfUtils.java:logGet(46)) - raft.server.log.purge.preservation.log.num = 0 (default)
2023-03-09 15:00:42,139 [pool-713-thread-1] INFO  server.RaftServerConfigKeys (ConfUtils.java:logGet(46)) - raft.server.log.segment.size.max = 1048576 (custom)
2023-03-09 15:00:42,139 [fb3fcbca-8ec0-4e2c-837f-292e7e68a1b5@group-E7B04A6F140E-StateMachineUpdater] INFO  safemode.HealthyPipelineSafeModeRule (HealthyPipelineSafeModeRule.java:initializeRule(165)) - Refreshed total pipeline count is 0, healthy pipeline threshold count is 1
2023-03-09 15:00:42,140 [EventQueue-OpenPipelineForHealthyPipelineSafeModeRule] INFO  safemode.SCMSafeModeManager (HealthyPipelineSafeModeRule.java:process(137)) - SCM in safe mode. Healthy pipelines reported count is 0, required healthy pipeline reported count is 1
2023-03-09 15:00:42,140 [pool-713-thread-1] INFO  server.RaftServerConfigKeys (ConfUtils.java:logGet(46)) - raft.server.log.segment.cache.num.max = 2 (custom)
2023-03-09 15:00:42,140 [pool-713-thread-1] INFO  server.RaftServerConfigKeys (ConfUtils.java:logGet(46)) - raft.server.log.segment.cache.size.max = 200MB (=209715200) (default)
2023-03-09 15:00:42,140 [pool-713-thread-1] INFO  segmented.SegmentedRaftLogWorker (SegmentedRaftLogWorker.java:<init>(189)) - new ac810fbe-b19a-4148-a035-811b2b5a9c18@group-6627FBC0D812-SegmentedRaftLogWorker for RaftStorageImpl:Storage Directory /home/runner/work/ozone/ozone/hadoop-ozone/integration-test/target/test-dir/MiniOzoneClusterImpl-4e7c95cc-71c1-4f0b-a9e9-e7b04a6f140e/datanode-1/data/ratis/914ae18b-b2da-467f-8c35-6627fbc0d812
2023-03-09 15:00:42,140 [pool-713-thread-1] INFO  server.RaftServerConfigKeys (ConfUtils.java:logGet(46)) - raft.server.log.queue.byte-limit = 4294967296 (custom)
2023-03-09 15:00:42,140 [pool-713-thread-1] INFO  server.RaftServerConfigKeys (ConfUtils.java:logGet(46)) - raft.server.log.queue.element-limit = 1024 (custom)
2023-03-09 15:00:42,140 [pool-713-thread-1] INFO  server.RaftServerConfigKeys (ConfUtils.java:logGet(46)) - raft.server.log.segment.size.max = 1048576 (custom)
2023-03-09 15:00:42,140 [pool-713-thread-1] INFO  server.RaftServerConfigKeys (ConfUtils.java:logGet(46)) - raft.server.log.preallocated.size = 16384 (custom)
2023-03-09 15:00:42,140 [pool-713-thread-1] INFO  server.RaftServerConfigKeys (ConfUtils.java:logGet(46)) - raft.server.log.force.sync.num = 128 (default)
2023-03-09 15:00:42,140 [pool-713-thread-1] INFO  server.RaftServerConfigKeys (ConfUtils.java:logGet(46)) - raft.server.log.statemachine.data.sync = true (default)
2023-03-09 15:00:42,140 [pool-713-thread-1] INFO  server.RaftServerConfigKeys (ConfUtils.java:logGet(46)) - raft.server.log.statemachine.data.sync.timeout = 10s (default)
2023-03-09 15:00:42,140 [pool-713-thread-1] INFO  server.RaftServerConfigKeys (ConfUtils.java:logGet(46)) - raft.server.log.statemachine.data.sync.timeout.retry = -1 (default)
2023-03-09 15:00:42,144 [pool-713-thread-1] INFO  server.RaftServerConfigKeys (ConfUtils.java:logGet(46)) - raft.server.log.write.buffer.size = 1048576 (custom)
2023-03-09 15:00:42,144 [pool-713-thread-1] INFO  server.RaftServerConfigKeys (ConfUtils.java:logGet(46)) - raft.server.log.appender.buffer.byte-limit = 33554432 (custom)
2023-03-09 15:00:42,151 [pool-713-thread-1] INFO  server.RaftServerConfigKeys (ConfUtils.java:logGet(46)) - raft.server.log.unsafe-flush.enabled = false (default)
2023-03-09 15:00:42,151 [pool-713-thread-1] INFO  server.RaftServerConfigKeys (ConfUtils.java:logGet(46)) - raft.server.log.async-flush.enabled = false (default)
2023-03-09 15:00:42,151 [pool-713-thread-1] INFO  server.RaftServerConfigKeys (ConfUtils.java:logGet(46)) - raft.server.log.statemachine.data.caching.enabled = true (custom)
2023-03-09 15:00:42,151 [pool-713-thread-1] INFO  segmented.SegmentedRaftLogWorker (SegmentedRaftLogWorker.java:lambda$new$0(135)) - ac810fbe-b19a-4148-a035-811b2b5a9c18@group-6627FBC0D812-SegmentedRaftLogWorker: flushIndex: setUnconditionally 0 -> -1
2023-03-09 15:00:42,151 [pool-713-thread-1] INFO  segmented.SegmentedRaftLogWorker (SegmentedRaftLogWorker.java:lambda$new$0(135)) - ac810fbe-b19a-4148-a035-811b2b5a9c18@group-6627FBC0D812-SegmentedRaftLogWorker: safeCacheEvictIndex: setUnconditionally 0 -> -1
2023-03-09 15:00:42,152 [pool-713-thread-1] INFO  server.RaftServer$Division (RaftServerImpl.java:start(334)) - ac810fbe-b19a-4148-a035-811b2b5a9c18@group-6627FBC0D812: start as a follower, conf=-1: peers:[ac810fbe-b19a-4148-a035-811b2b5a9c18|rpc:127.0.0.1:39805|dataStream:127.0.0.1:45019|priority:1|startupRole:FOLLOWER]|listeners:[], old=null
2023-03-09 15:00:42,152 [pool-713-thread-1] INFO  server.RaftServer$Division (RaftServerImpl.java:setRole(321)) - ac810fbe-b19a-4148-a035-811b2b5a9c18@group-6627FBC0D812: changes role from      null to FOLLOWER at term 0 for startAsFollower
2023-03-09 15:00:42,152 [pool-713-thread-1] INFO  impl.RoleInfo (RoleInfo.java:updateAndGet(139)) - ac810fbe-b19a-4148-a035-811b2b5a9c18: start ac810fbe-b19a-4148-a035-811b2b5a9c18@group-6627FBC0D812-FollowerState
2023-03-09 15:00:42,152 [ac810fbe-b19a-4148-a035-811b2b5a9c18@group-6627FBC0D812-FollowerState] INFO  server.RaftServerConfigKeys (ConfUtils.java:logFallback(53)) - raft.server.rpc.first-election.timeout.min = 5s (fallback to raft.server.rpc.timeout.min)
2023-03-09 15:00:42,152 [pool-713-thread-1] INFO  util.JmxRegister (JmxRegister.java:tryRegister(44)) - Successfully registered JMX Bean with object name Ratis:service=RaftServer,group=group-6627FBC0D812,id=ac810fbe-b19a-4148-a035-811b2b5a9c18
2023-03-09 15:00:42,152 [ac810fbe-b19a-4148-a035-811b2b5a9c18@group-6627FBC0D812-FollowerState] INFO  server.RaftServerConfigKeys (ConfUtils.java:logFallback(53)) - raft.server.rpc.first-election.timeout.max = 5200ms (fallback to raft.server.rpc.timeout.max)
2023-03-09 15:00:42,152 [pool-713-thread-1] INFO  server.RaftServerConfigKeys (ConfUtils.java:logGet(46)) - raft.server.snapshot.auto.trigger.enabled = true (custom)
2023-03-09 15:00:42,152 [pool-713-thread-1] INFO  server.RaftServerConfigKeys (ConfUtils.java:logGet(46)) - raft.server.snapshot.auto.trigger.threshold = 10000 (custom)
2023-03-09 15:00:42,152 [pool-713-thread-1] INFO  server.RaftServerConfigKeys (ConfUtils.java:logGet(46)) - raft.server.snapshot.retention.file.num = 5 (custom)
2023-03-09 15:00:42,152 [pool-713-thread-1] INFO  server.RaftServerConfigKeys (ConfUtils.java:logGet(46)) - raft.server.log.purge.upto.snapshot.index = false (default)
2023-03-09 15:00:42,153 [Command processor thread] INFO  ratis.XceiverServerRatis (XceiverServerRatis.java:addGroup(807)) - Created group PipelineID=914ae18b-b2da-467f-8c35-6627fbc0d812
2023-03-09 15:00:42,153 [Command processor thread] INFO  commandhandler.CreatePipelineCommandHandler (CreatePipelineCommandHandler.java:handle(113)) - Created Pipeline RATIS ONE PipelineID=914ae18b-b2da-467f-8c35-6627fbc0d812.
2023-03-09 15:00:42,575 [Command processor thread] INFO  server.RaftServer (RaftServerProxy.java:addNew(96)) - 0ee7bec8-2182-4b4a-933d-6a3bad615c17: addNew group-7E4D0FD4F830:[0ee7bec8-2182-4b4a-933d-6a3bad615c17|rpc:127.0.0.1:38121|dataStream:127.0.0.1:45643|priority:1|startupRole:FOLLOWER] returns group-7E4D0FD4F830:java.util.concurrent.CompletableFuture@c30c8e8[Not completed]
2023-03-09 15:00:42,576 [pool-735-thread-1] INFO  server.RaftServer$Division (RaftServerImpl.java:<init>(195)) - 0ee7bec8-2182-4b4a-933d-6a3bad615c17: new RaftServerImpl for group-7E4D0FD4F830:[0ee7bec8-2182-4b4a-933d-6a3bad615c17|rpc:127.0.0.1:38121|dataStream:127.0.0.1:45643|priority:1|startupRole:FOLLOWER] with ContainerStateMachine:uninitialized
2023-03-09 15:00:42,577 [pool-735-thread-1] INFO  server.RaftServerConfigKeys (ConfUtils.java:logGet(46)) - raft.server.rpc.timeout.min = 5s (custom)
2023-03-09 15:00:42,577 [pool-735-thread-1] INFO  server.RaftServerConfigKeys (ConfUtils.java:logGet(46)) - raft.server.rpc.timeout.max = 5200ms (custom)
2023-03-09 15:00:42,577 [pool-735-thread-1] INFO  server.RaftServerConfigKeys (ConfUtils.java:logGet(46)) - raft.server.rpc.sleep.time = 25ms (default)
2023-03-09 15:00:42,577 [pool-735-thread-1] INFO  server.RaftServerConfigKeys (ConfUtils.java:logGet(46)) - raft.server.rpc.slowness.timeout = 300s (custom)
2023-03-09 15:00:42,577 [pool-735-thread-1] INFO  server.RaftServerConfigKeys (ConfUtils.java:logGet(46)) - raft.server.leaderelection.leader.step-down.wait-time = 10s (default)
2023-03-09 15:00:42,577 [pool-735-thread-1] INFO  server.RaftServerConfigKeys (ConfUtils.java:logGet(46)) - raft.server.sleep.deviation.threshold = 300ms (default)
2023-03-09 15:00:42,577 [pool-735-thread-1] INFO  server.RaftServer$Division (ServerState.java:<init>(118)) - 0ee7bec8-2182-4b4a-933d-6a3bad615c17@group-7E4D0FD4F830: ConfigurationManager, init=-1: peers:[0ee7bec8-2182-4b4a-933d-6a3bad615c17|rpc:127.0.0.1:38121|dataStream:127.0.0.1:45643|priority:1|startupRole:FOLLOWER]|listeners:[], old=null, confs=<EMPTY_MAP>
2023-03-09 15:00:42,577 [pool-735-thread-1] INFO  server.RaftServerConfigKeys (ConfUtils.java:logGet(46)) - raft.server.storage.dir = [/home/runner/work/ozone/ozone/hadoop-ozone/integration-test/target/test-dir/MiniOzoneClusterImpl-4e7c95cc-71c1-4f0b-a9e9-e7b04a6f140e/datanode-2/data/ratis] (custom)
2023-03-09 15:00:42,577 [pool-735-thread-1] INFO  server.RaftServerConfigKeys (ConfUtils.java:logGet(46)) - raft.server.log.corruption.policy = EXCEPTION (default)
2023-03-09 15:00:42,577 [pool-735-thread-1] INFO  server.RaftServerConfigKeys (ConfUtils.java:logGet(46)) - raft.server.storage.free-space.min = 0MB (=0) (default)
2023-03-09 15:00:42,577 [pool-735-thread-1] INFO  server.RaftServerConfigKeys (ConfUtils.java:logGet(46)) - raft.server.notification.no-leader.timeout = 300s (custom)
2023-03-09 15:00:42,578 [pool-735-thread-1] INFO  server.RaftServerConfigKeys (ConfUtils.java:logGet(46)) - raft.server.retrycache.expirytime = 600000ms (custom)
2023-03-09 15:00:42,578 [pool-735-thread-1] INFO  server.RaftServerConfigKeys (ConfUtils.java:logGet(46)) - raft.server.retrycache.statistics.expirytime = 100μs (default)
2023-03-09 15:00:42,578 [pool-735-thread-1] INFO  server.RaftServerConfigKeys (ConfUtils.java:logGet(46)) - raft.server.log.appender.install.snapshot.enabled = false (custom)
2023-03-09 15:00:42,579 [pool-735-thread-1] INFO  server.RaftServerConfigKeys (ConfUtils.java:logGet(46)) - raft.server.threadpool.server.cached = true (default)
2023-03-09 15:00:42,579 [pool-735-thread-1] INFO  server.RaftServerConfigKeys (ConfUtils.java:logGet(46)) - raft.server.threadpool.server.size = 0 (default)
2023-03-09 15:00:42,579 [pool-735-thread-1] INFO  server.RaftServerConfigKeys (ConfUtils.java:logGet(46)) - raft.server.threadpool.client.cached = true (default)
2023-03-09 15:00:42,579 [pool-735-thread-1] INFO  server.RaftServerConfigKeys (ConfUtils.java:logGet(46)) - raft.server.threadpool.client.size = 0 (default)
2023-03-09 15:00:42,579 [pool-735-thread-1] INFO  storage.RaftStorageDirectory (RaftStorageDirectoryImpl.java:analyzeStorage(137)) - The storage directory /home/runner/work/ozone/ozone/hadoop-ozone/integration-test/target/test-dir/MiniOzoneClusterImpl-4e7c95cc-71c1-4f0b-a9e9-e7b04a6f140e/datanode-2/data/ratis/e2c3d023-e542-44a8-8c10-7e4d0fd4f830 does not exist. Creating ...
2023-03-09 15:00:42,581 [pool-735-thread-1] INFO  storage.RaftStorageDirectory (RaftStorageDirectoryImpl.java:tryLock(231)) - Lock on /home/runner/work/ozone/ozone/hadoop-ozone/integration-test/target/test-dir/MiniOzoneClusterImpl-4e7c95cc-71c1-4f0b-a9e9-e7b04a6f140e/datanode-2/data/ratis/e2c3d023-e542-44a8-8c10-7e4d0fd4f830/in_use.lock acquired by nodename 57158@fv-az377-502
2023-03-09 15:00:42,582 [pool-735-thread-1] INFO  storage.RaftStorage (RaftStorageImpl.java:format(96)) - Storage directory /home/runner/work/ozone/ozone/hadoop-ozone/integration-test/target/test-dir/MiniOzoneClusterImpl-4e7c95cc-71c1-4f0b-a9e9-e7b04a6f140e/datanode-2/data/ratis/e2c3d023-e542-44a8-8c10-7e4d0fd4f830 has been successfully formatted.
2023-03-09 15:00:42,583 [pool-735-thread-1] INFO  ratis.ContainerStateMachine (ContainerStateMachine.java:loadSnapshot(240)) - group-7E4D0FD4F830: The snapshot info is null. Setting the last applied indexto:(t:0, i:~)
2023-03-09 15:00:42,583 [pool-735-thread-1] INFO  server.RaftServerConfigKeys (ConfUtils.java:logGet(46)) - raft.server.log.use.memory = false (default)
2023-03-09 15:00:42,583 [pool-735-thread-1] INFO  server.RaftServerConfigKeys (ConfUtils.java:logGet(46)) - raft.server.log.purge.gap = 1000000 (custom)
2023-03-09 15:00:42,586 [EventQueue-PipelineReportForPipelineReportHandler] INFO  pipeline.PipelineManagerImpl (PipelineManagerImpl.java:openPipeline(367)) - Pipeline Pipeline[ Id: e2c3d023-e542-44a8-8c10-7e4d0fd4f830, Nodes: 0ee7bec8-2182-4b4a-933d-6a3bad615c17(localhost/127.0.0.1), ReplicationConfig: RATIS/ONE, State:ALLOCATED, leaderId:0ee7bec8-2182-4b4a-933d-6a3bad615c17, CreationTimestamp2023-03-09T15:00:39.579Z[Etc/UTC]] moved to OPEN state
2023-03-09 15:00:42,585 [Listener at 127.0.0.1/40089] INFO  ozone.MiniOzoneClusterImpl (MiniOzoneClusterImpl.java:lambda$waitForClusterToBeReady$0(218)) - Nodes are ready. Got 3 of 3 DN Heartbeats.
2023-03-09 15:00:42,588 [Listener at 127.0.0.1/40089] INFO  ozone.MiniOzoneClusterImpl (MiniOzoneClusterImpl.java:lambda$waitForClusterToBeReady$0(221)) - Waiting for cluster to exit safe mode
2023-03-09 15:00:42,588 [Listener at 127.0.0.1/40089] INFO  ozone.MiniOzoneClusterImpl (MiniOzoneClusterImpl.java:lambda$waitForClusterToBeReady$0(223)) - SCM became leader
2023-03-09 15:00:42,589 [fb3fcbca-8ec0-4e2c-837f-292e7e68a1b5@group-E7B04A6F140E-StateMachineUpdater] INFO  safemode.HealthyPipelineSafeModeRule (HealthyPipelineSafeModeRule.java:initializeRule(165)) - Refreshed total pipeline count is 0, healthy pipeline threshold count is 1
2023-03-09 15:00:42,589 [EventQueue-OpenPipelineForHealthyPipelineSafeModeRule] INFO  safemode.SCMSafeModeManager (HealthyPipelineSafeModeRule.java:process(137)) - SCM in safe mode. Healthy pipelines reported count is 0, required healthy pipeline reported count is 1
2023-03-09 15:00:42,589 [pool-735-thread-1] INFO  server.RaftServerConfigKeys (ConfUtils.java:logGet(46)) - raft.server.log.appender.buffer.byte-limit = 33554432 (custom)
2023-03-09 15:00:42,589 [pool-735-thread-1] INFO  server.RaftServerConfigKeys (ConfUtils.java:logGet(46)) - raft.server.log.statemachine.data.read.timeout = 1000ms (default)
2023-03-09 15:00:42,589 [pool-735-thread-1] INFO  server.RaftServerConfigKeys (ConfUtils.java:logGet(46)) - raft.server.log.purge.preservation.log.num = 0 (default)
2023-03-09 15:00:42,589 [pool-735-thread-1] INFO  server.RaftServerConfigKeys (ConfUtils.java:logGet(46)) - raft.server.log.segment.size.max = 1048576 (custom)
2023-03-09 15:00:42,590 [pool-735-thread-1] INFO  server.RaftServerConfigKeys (ConfUtils.java:logGet(46)) - raft.server.log.segment.cache.num.max = 2 (custom)
2023-03-09 15:00:42,590 [pool-735-thread-1] INFO  server.RaftServerConfigKeys (ConfUtils.java:logGet(46)) - raft.server.log.segment.cache.size.max = 200MB (=209715200) (default)
2023-03-09 15:00:42,590 [pool-735-thread-1] INFO  segmented.SegmentedRaftLogWorker (SegmentedRaftLogWorker.java:<init>(189)) - new 0ee7bec8-2182-4b4a-933d-6a3bad615c17@group-7E4D0FD4F830-SegmentedRaftLogWorker for RaftStorageImpl:Storage Directory /home/runner/work/ozone/ozone/hadoop-ozone/integration-test/target/test-dir/MiniOzoneClusterImpl-4e7c95cc-71c1-4f0b-a9e9-e7b04a6f140e/datanode-2/data/ratis/e2c3d023-e542-44a8-8c10-7e4d0fd4f830
2023-03-09 15:00:42,590 [pool-735-thread-1] INFO  server.RaftServerConfigKeys (ConfUtils.java:logGet(46)) - raft.server.log.queue.byte-limit = 4294967296 (custom)
2023-03-09 15:00:42,590 [pool-735-thread-1] INFO  server.RaftServerConfigKeys (ConfUtils.java:logGet(46)) - raft.server.log.queue.element-limit = 1024 (custom)
2023-03-09 15:00:42,590 [pool-735-thread-1] INFO  server.RaftServerConfigKeys (ConfUtils.java:logGet(46)) - raft.server.log.segment.size.max = 1048576 (custom)
2023-03-09 15:00:42,590 [pool-735-thread-1] INFO  server.RaftServerConfigKeys (ConfUtils.java:logGet(46)) - raft.server.log.preallocated.size = 16384 (custom)
2023-03-09 15:00:42,590 [pool-735-thread-1] INFO  server.RaftServerConfigKeys (ConfUtils.java:logGet(46)) - raft.server.log.force.sync.num = 128 (default)
2023-03-09 15:00:42,590 [pool-735-thread-1] INFO  server.RaftServerConfigKeys (ConfUtils.java:logGet(46)) - raft.server.log.statemachine.data.sync = true (default)
2023-03-09 15:00:42,590 [pool-735-thread-1] INFO  server.RaftServerConfigKeys (ConfUtils.java:logGet(46)) - raft.server.log.statemachine.data.sync.timeout = 10s (default)
2023-03-09 15:00:42,591 [pool-735-thread-1] INFO  server.RaftServerConfigKeys (ConfUtils.java:logGet(46)) - raft.server.log.statemachine.data.sync.timeout.retry = -1 (default)
2023-03-09 15:00:42,591 [pool-735-thread-1] INFO  server.RaftServerConfigKeys (ConfUtils.java:logGet(46)) - raft.server.log.write.buffer.size = 1048576 (custom)
2023-03-09 15:00:42,592 [pool-735-thread-1] INFO  server.RaftServerConfigKeys (ConfUtils.java:logGet(46)) - raft.server.log.appender.buffer.byte-limit = 33554432 (custom)
2023-03-09 15:00:42,606 [pool-735-thread-1] INFO  server.RaftServerConfigKeys (ConfUtils.java:logGet(46)) - raft.server.log.unsafe-flush.enabled = false (default)
2023-03-09 15:00:42,606 [pool-735-thread-1] INFO  server.RaftServerConfigKeys (ConfUtils.java:logGet(46)) - raft.server.log.async-flush.enabled = false (default)
2023-03-09 15:00:42,606 [pool-735-thread-1] INFO  server.RaftServerConfigKeys (ConfUtils.java:logGet(46)) - raft.server.log.statemachine.data.caching.enabled = true (custom)
2023-03-09 15:00:42,606 [pool-735-thread-1] INFO  segmented.SegmentedRaftLogWorker (SegmentedRaftLogWorker.java:lambda$new$0(135)) - 0ee7bec8-2182-4b4a-933d-6a3bad615c17@group-7E4D0FD4F830-SegmentedRaftLogWorker: flushIndex: setUnconditionally 0 -> -1
2023-03-09 15:00:42,606 [pool-735-thread-1] INFO  segmented.SegmentedRaftLogWorker (SegmentedRaftLogWorker.java:lambda$new$0(135)) - 0ee7bec8-2182-4b4a-933d-6a3bad615c17@group-7E4D0FD4F830-SegmentedRaftLogWorker: safeCacheEvictIndex: setUnconditionally 0 -> -1
2023-03-09 15:00:42,606 [pool-735-thread-1] INFO  server.RaftServer$Division (RaftServerImpl.java:start(334)) - 0ee7bec8-2182-4b4a-933d-6a3bad615c17@group-7E4D0FD4F830: start as a follower, conf=-1: peers:[0ee7bec8-2182-4b4a-933d-6a3bad615c17|rpc:127.0.0.1:38121|dataStream:127.0.0.1:45643|priority:1|startupRole:FOLLOWER]|listeners:[], old=null
2023-03-09 15:00:42,606 [pool-735-thread-1] INFO  server.RaftServer$Division (RaftServerImpl.java:setRole(321)) - 0ee7bec8-2182-4b4a-933d-6a3bad615c17@group-7E4D0FD4F830: changes role from      null to FOLLOWER at term 0 for startAsFollower
2023-03-09 15:00:42,607 [pool-735-thread-1] INFO  impl.RoleInfo (RoleInfo.java:updateAndGet(139)) - 0ee7bec8-2182-4b4a-933d-6a3bad615c17: start 0ee7bec8-2182-4b4a-933d-6a3bad615c17@group-7E4D0FD4F830-FollowerState
2023-03-09 15:00:42,607 [0ee7bec8-2182-4b4a-933d-6a3bad615c17@group-7E4D0FD4F830-FollowerState] INFO  server.RaftServerConfigKeys (ConfUtils.java:logFallback(53)) - raft.server.rpc.first-election.timeout.min = 5s (fallback to raft.server.rpc.timeout.min)
2023-03-09 15:00:42,607 [pool-735-thread-1] INFO  util.JmxRegister (JmxRegister.java:tryRegister(44)) - Successfully registered JMX Bean with object name Ratis:service=RaftServer,group=group-7E4D0FD4F830,id=0ee7bec8-2182-4b4a-933d-6a3bad615c17
2023-03-09 15:00:42,607 [0ee7bec8-2182-4b4a-933d-6a3bad615c17@group-7E4D0FD4F830-FollowerState] INFO  server.RaftServerConfigKeys (ConfUtils.java:logFallback(53)) - raft.server.rpc.first-election.timeout.max = 5200ms (fallback to raft.server.rpc.timeout.max)
2023-03-09 15:00:42,607 [pool-735-thread-1] INFO  server.RaftServerConfigKeys (ConfUtils.java:logGet(46)) - raft.server.snapshot.auto.trigger.enabled = true (custom)
2023-03-09 15:00:42,607 [pool-735-thread-1] INFO  server.RaftServerConfigKeys (ConfUtils.java:logGet(46)) - raft.server.snapshot.auto.trigger.threshold = 10000 (custom)
2023-03-09 15:00:42,607 [pool-735-thread-1] INFO  server.RaftServerConfigKeys (ConfUtils.java:logGet(46)) - raft.server.snapshot.retention.file.num = 5 (custom)
2023-03-09 15:00:42,607 [pool-735-thread-1] INFO  server.RaftServerConfigKeys (ConfUtils.java:logGet(46)) - raft.server.log.purge.upto.snapshot.index = false (default)
2023-03-09 15:00:42,608 [Command processor thread] INFO  ratis.XceiverServerRatis (XceiverServerRatis.java:addGroup(807)) - Created group PipelineID=e2c3d023-e542-44a8-8c10-7e4d0fd4f830
2023-03-09 15:00:42,608 [Command processor thread] INFO  commandhandler.CreatePipelineCommandHandler (CreatePipelineCommandHandler.java:handle(113)) - Created Pipeline RATIS ONE PipelineID=e2c3d023-e542-44a8-8c10-7e4d0fd4f830.
2023-03-09 15:00:42,801 [EndpointStateMachine task thread for /127.0.0.1:36681 - 0 ] INFO  ipc.Client (Client.java:handleConnectionFailure(1010)) - Retrying connect to server: localhost/127.0.0.1:36681. Already tried 12 time(s); retry policy is RetryUpToMaximumCountWithFixedSleep(maxRetries=15, sleepTime=1000 MILLISECONDS)
2023-03-09 15:00:43,588 [Listener at 127.0.0.1/40089] INFO  ozone.MiniOzoneClusterImpl (MiniOzoneClusterImpl.java:lambda$waitForClusterToBeReady$0(218)) - Nodes are ready. Got 3 of 3 DN Heartbeats.
2023-03-09 15:00:43,589 [Listener at 127.0.0.1/40089] INFO  ozone.MiniOzoneClusterImpl (MiniOzoneClusterImpl.java:lambda$waitForClusterToBeReady$0(221)) - Waiting for cluster to exit safe mode
2023-03-09 15:00:43,589 [Listener at 127.0.0.1/40089] INFO  ozone.MiniOzoneClusterImpl (MiniOzoneClusterImpl.java:lambda$waitForClusterToBeReady$0(223)) - SCM became leader
2023-03-09 15:00:43,802 [EndpointStateMachine task thread for /127.0.0.1:36681 - 0 ] INFO  ipc.Client (Client.java:handleConnectionFailure(1010)) - Retrying connect to server: localhost/127.0.0.1:36681. Already tried 13 time(s); retry policy is RetryUpToMaximumCountWithFixedSleep(maxRetries=15, sleepTime=1000 MILLISECONDS)
2023-03-09 15:00:44,589 [Listener at 127.0.0.1/40089] INFO  ozone.MiniOzoneClusterImpl (MiniOzoneClusterImpl.java:lambda$waitForClusterToBeReady$0(218)) - Nodes are ready. Got 3 of 3 DN Heartbeats.
2023-03-09 15:00:44,589 [Listener at 127.0.0.1/40089] INFO  ozone.MiniOzoneClusterImpl (MiniOzoneClusterImpl.java:lambda$waitForClusterToBeReady$0(221)) - Waiting for cluster to exit safe mode
2023-03-09 15:00:44,590 [Listener at 127.0.0.1/40089] INFO  ozone.MiniOzoneClusterImpl (MiniOzoneClusterImpl.java:lambda$waitForClusterToBeReady$0(223)) - SCM became leader
2023-03-09 15:00:44,802 [EndpointStateMachine task thread for /127.0.0.1:36681 - 0 ] INFO  ipc.Client (Client.java:handleConnectionFailure(1010)) - Retrying connect to server: localhost/127.0.0.1:36681. Already tried 14 time(s); retry policy is RetryUpToMaximumCountWithFixedSleep(maxRetries=15, sleepTime=1000 MILLISECONDS)
2023-03-09 15:00:45,590 [Listener at 127.0.0.1/40089] INFO  ozone.MiniOzoneClusterImpl (MiniOzoneClusterImpl.java:lambda$waitForClusterToBeReady$0(218)) - Nodes are ready. Got 3 of 3 DN Heartbeats.
2023-03-09 15:00:45,590 [Listener at 127.0.0.1/40089] INFO  ozone.MiniOzoneClusterImpl (MiniOzoneClusterImpl.java:lambda$waitForClusterToBeReady$0(221)) - Waiting for cluster to exit safe mode
2023-03-09 15:00:45,590 [Listener at 127.0.0.1/40089] INFO  ozone.MiniOzoneClusterImpl (MiniOzoneClusterImpl.java:lambda$waitForClusterToBeReady$0(223)) - SCM became leader
2023-03-09 15:00:45,809 [EndpointStateMachine task thread for /127.0.0.1:36681 - 0 ] INFO  ipc.Client (Client.java:handleConnectionFailure(1010)) - Retrying connect to server: localhost/127.0.0.1:36681. Already tried 0 time(s); retry policy is RetryUpToMaximumCountWithFixedSleep(maxRetries=15, sleepTime=1000 MILLISECONDS)
2023-03-09 15:00:46,591 [Listener at 127.0.0.1/40089] INFO  ozone.MiniOzoneClusterImpl (MiniOzoneClusterImpl.java:lambda$waitForClusterToBeReady$0(218)) - Nodes are ready. Got 3 of 3 DN Heartbeats.
2023-03-09 15:00:46,591 [Listener at 127.0.0.1/40089] INFO  ozone.MiniOzoneClusterImpl (MiniOzoneClusterImpl.java:lambda$waitForClusterToBeReady$0(221)) - Waiting for cluster to exit safe mode
2023-03-09 15:00:46,591 [Listener at 127.0.0.1/40089] INFO  ozone.MiniOzoneClusterImpl (MiniOzoneClusterImpl.java:lambda$waitForClusterToBeReady$0(223)) - SCM became leader
2023-03-09 15:00:46,809 [EndpointStateMachine task thread for /127.0.0.1:36681 - 0 ] INFO  ipc.Client (Client.java:handleConnectionFailure(1010)) - Retrying connect to server: localhost/127.0.0.1:36681. Already tried 1 time(s); retry policy is RetryUpToMaximumCountWithFixedSleep(maxRetries=15, sleepTime=1000 MILLISECONDS)
2023-03-09 15:00:46,878 [fdc7571d-9447-4092-959d-9ce0ad2f1809@group-99B86DAED154-FollowerState] INFO  impl.FollowerState (FollowerState.java:run(143)) - fdc7571d-9447-4092-959d-9ce0ad2f1809@group-99B86DAED154-FollowerState: change to CANDIDATE, lastRpcElapsedTime:5056268792ns, electionTimeout:5054ms
2023-03-09 15:00:46,878 [fdc7571d-9447-4092-959d-9ce0ad2f1809@group-99B86DAED154-FollowerState] INFO  impl.RoleInfo (RoleInfo.java:shutdownFollowerState(110)) - fdc7571d-9447-4092-959d-9ce0ad2f1809: shutdown fdc7571d-9447-4092-959d-9ce0ad2f1809@group-99B86DAED154-FollowerState
2023-03-09 15:00:46,878 [fdc7571d-9447-4092-959d-9ce0ad2f1809@group-99B86DAED154-FollowerState] INFO  server.RaftServer$Division (RaftServerImpl.java:setRole(321)) - fdc7571d-9447-4092-959d-9ce0ad2f1809@group-99B86DAED154: changes role from  FOLLOWER to CANDIDATE at term 0 for changeToCandidate
2023-03-09 15:00:46,878 [fdc7571d-9447-4092-959d-9ce0ad2f1809@group-99B86DAED154-FollowerState] INFO  server.RaftServerConfigKeys (ConfUtils.java:logGet(46)) - raft.server.leaderelection.pre-vote = true (default)
2023-03-09 15:00:46,878 [fdc7571d-9447-4092-959d-9ce0ad2f1809@group-99B86DAED154-FollowerState] INFO  impl.RoleInfo (RoleInfo.java:updateAndGet(139)) - fdc7571d-9447-4092-959d-9ce0ad2f1809: start fdc7571d-9447-4092-959d-9ce0ad2f1809@group-99B86DAED154-LeaderElection36
2023-03-09 15:00:46,881 [fdc7571d-9447-4092-959d-9ce0ad2f1809@group-99B86DAED154-LeaderElection36] INFO  impl.LeaderElection (LeaderElection.java:askForVotes(312)) - fdc7571d-9447-4092-959d-9ce0ad2f1809@group-99B86DAED154-LeaderElection36 PRE_VOTE round 0: submit vote requests at term 0 for -1: peers:[ac810fbe-b19a-4148-a035-811b2b5a9c18|rpc:127.0.0.1:39805|dataStream:127.0.0.1:45019|priority:1|startupRole:FOLLOWER, 0ee7bec8-2182-4b4a-933d-6a3bad615c17|rpc:127.0.0.1:38121|dataStream:127.0.0.1:45643|priority:0|startupRole:FOLLOWER, fdc7571d-9447-4092-959d-9ce0ad2f1809|rpc:127.0.0.1:36519|dataStream:127.0.0.1:44285|priority:0|startupRole:FOLLOWER]|listeners:[], old=null
2023-03-09 15:00:46,882 [fdc7571d-9447-4092-959d-9ce0ad2f1809@group-99B86DAED154-LeaderElection36-1] INFO  server.GrpcServerProtocolClient (GrpcServerProtocolClient.java:<init>(63)) - Build channel for ac810fbe-b19a-4148-a035-811b2b5a9c18
2023-03-09 15:00:46,885 [fdc7571d-9447-4092-959d-9ce0ad2f1809@group-99B86DAED154-LeaderElection36] INFO  server.RaftServerConfigKeys (ConfUtils.java:logFallback(53)) - raft.server.rpc.first-election.timeout.min = 5s (fallback to raft.server.rpc.timeout.min)
2023-03-09 15:00:46,885 [fdc7571d-9447-4092-959d-9ce0ad2f1809@group-99B86DAED154-LeaderElection36] INFO  server.RaftServerConfigKeys (ConfUtils.java:logFallback(53)) - raft.server.rpc.first-election.timeout.max = 5200ms (fallback to raft.server.rpc.timeout.max)
2023-03-09 15:00:46,885 [fdc7571d-9447-4092-959d-9ce0ad2f1809@group-99B86DAED154-LeaderElection36-2] INFO  server.GrpcServerProtocolClient (GrpcServerProtocolClient.java:<init>(63)) - Build channel for 0ee7bec8-2182-4b4a-933d-6a3bad615c17
2023-03-09 15:00:46,890 [grpc-default-executor-3] INFO  server.RaftServer$Division (RaftServerImpl.java:requestVote(1218)) - ac810fbe-b19a-4148-a035-811b2b5a9c18@group-99B86DAED154: receive requestVote(PRE_VOTE, fdc7571d-9447-4092-959d-9ce0ad2f1809, group-99B86DAED154, 0, (t:0, i:0))
2023-03-09 15:00:46,890 [grpc-default-executor-3] INFO  impl.VoteContext (VoteContext.java:log(49)) - ac810fbe-b19a-4148-a035-811b2b5a9c18@group-99B86DAED154-FOLLOWER: reject PRE_VOTE from fdc7571d-9447-4092-959d-9ce0ad2f1809: our priority 1 > candidate's priority 0
2023-03-09 15:00:46,890 [grpc-default-executor-3] INFO  server.RaftServer$Division (RaftServerImpl.java:requestVote(1251)) - ac810fbe-b19a-4148-a035-811b2b5a9c18@group-99B86DAED154 replies to PRE_VOTE vote request: fdc7571d-9447-4092-959d-9ce0ad2f1809<-ac810fbe-b19a-4148-a035-811b2b5a9c18#0:FAIL-t0. Peer's state: ac810fbe-b19a-4148-a035-811b2b5a9c18@group-99B86DAED154:t0, leader=null, voted=, raftlog=Memoized:ac810fbe-b19a-4148-a035-811b2b5a9c18@group-99B86DAED154-SegmentedRaftLog:OPENED:c-1, conf=-1: peers:[ac810fbe-b19a-4148-a035-811b2b5a9c18|rpc:127.0.0.1:39805|dataStream:127.0.0.1:45019|priority:1|startupRole:FOLLOWER, 0ee7bec8-2182-4b4a-933d-6a3bad615c17|rpc:127.0.0.1:38121|dataStream:127.0.0.1:45643|priority:0|startupRole:FOLLOWER, fdc7571d-9447-4092-959d-9ce0ad2f1809|rpc:127.0.0.1:36519|dataStream:127.0.0.1:44285|priority:0|startupRole:FOLLOWER]|listeners:[], old=null
2023-03-09 15:00:46,893 [fdc7571d-9447-4092-959d-9ce0ad2f1809@group-99B86DAED154-LeaderElection36] INFO  impl.LeaderElection (LeaderElection.java:logAndReturn(90)) - fdc7571d-9447-4092-959d-9ce0ad2f1809@group-99B86DAED154-LeaderElection36: PRE_VOTE REJECTED received 1 response(s) and 0 exception(s):
2023-03-09 15:00:46,893 [fdc7571d-9447-4092-959d-9ce0ad2f1809@group-99B86DAED154-LeaderElection36] INFO  impl.LeaderElection (LeaderElection.java:logAndReturn(94)) -   Response 0: fdc7571d-9447-4092-959d-9ce0ad2f1809<-ac810fbe-b19a-4148-a035-811b2b5a9c18#0:FAIL-t0
2023-03-09 15:00:46,893 [fdc7571d-9447-4092-959d-9ce0ad2f1809@group-99B86DAED154-LeaderElection36] INFO  impl.LeaderElection (LeaderElection.java:askForVotes(314)) - fdc7571d-9447-4092-959d-9ce0ad2f1809@group-99B86DAED154-LeaderElection36 PRE_VOTE round 0: result REJECTED
2023-03-09 15:00:46,893 [fdc7571d-9447-4092-959d-9ce0ad2f1809@group-99B86DAED154-LeaderElection36] INFO  server.RaftServer$Division (RaftServerImpl.java:setRole(321)) - fdc7571d-9447-4092-959d-9ce0ad2f1809@group-99B86DAED154: changes role from CANDIDATE to FOLLOWER at term 0 for REJECTED
2023-03-09 15:00:46,893 [fdc7571d-9447-4092-959d-9ce0ad2f1809@group-99B86DAED154-LeaderElection36] INFO  impl.RoleInfo (RoleInfo.java:shutdownLeaderElection(130)) - fdc7571d-9447-4092-959d-9ce0ad2f1809: shutdown fdc7571d-9447-4092-959d-9ce0ad2f1809@group-99B86DAED154-LeaderElection36
2023-03-09 15:00:46,893 [fdc7571d-9447-4092-959d-9ce0ad2f1809@group-99B86DAED154-LeaderElection36] INFO  impl.RoleInfo (RoleInfo.java:updateAndGet(139)) - fdc7571d-9447-4092-959d-9ce0ad2f1809: start fdc7571d-9447-4092-959d-9ce0ad2f1809@group-99B86DAED154-FollowerState
2023-03-09 15:00:46,894 [fdc7571d-9447-4092-959d-9ce0ad2f1809@group-99B86DAED154-FollowerState] INFO  server.RaftServerConfigKeys (ConfUtils.java:logFallback(53)) - raft.server.rpc.first-election.timeout.min = 5s (fallback to raft.server.rpc.timeout.min)
2023-03-09 15:00:46,899 [fdc7571d-9447-4092-959d-9ce0ad2f1809@group-99B86DAED154-FollowerState] INFO  server.RaftServerConfigKeys (ConfUtils.java:logFallback(53)) - raft.server.rpc.first-election.timeout.max = 5200ms (fallback to raft.server.rpc.timeout.max)
2023-03-09 15:00:46,902 [grpc-default-executor-3] INFO  server.RaftServer$Division (RaftServerImpl.java:requestVote(1218)) - 0ee7bec8-2182-4b4a-933d-6a3bad615c17@group-99B86DAED154: receive requestVote(PRE_VOTE, fdc7571d-9447-4092-959d-9ce0ad2f1809, group-99B86DAED154, 0, (t:0, i:0))
2023-03-09 15:00:46,903 [grpc-default-executor-3] INFO  impl.VoteContext (VoteContext.java:log(49)) - 0ee7bec8-2182-4b4a-933d-6a3bad615c17@group-99B86DAED154-FOLLOWER: accept PRE_VOTE from fdc7571d-9447-4092-959d-9ce0ad2f1809: our priority 0 <= candidate's priority 0
2023-03-09 15:00:46,903 [grpc-default-executor-3] INFO  server.RaftServer$Division (RaftServerImpl.java:requestVote(1251)) - 0ee7bec8-2182-4b4a-933d-6a3bad615c17@group-99B86DAED154 replies to PRE_VOTE vote request: fdc7571d-9447-4092-959d-9ce0ad2f1809<-0ee7bec8-2182-4b4a-933d-6a3bad615c17#0:OK-t0. Peer's state: 0ee7bec8-2182-4b4a-933d-6a3bad615c17@group-99B86DAED154:t0, leader=null, voted=, raftlog=Memoized:0ee7bec8-2182-4b4a-933d-6a3bad615c17@group-99B86DAED154-SegmentedRaftLog:OPENED:c-1, conf=-1: peers:[ac810fbe-b19a-4148-a035-811b2b5a9c18|rpc:127.0.0.1:39805|dataStream:127.0.0.1:45019|priority:1|startupRole:FOLLOWER, 0ee7bec8-2182-4b4a-933d-6a3bad615c17|rpc:127.0.0.1:38121|dataStream:127.0.0.1:45643|priority:0|startupRole:FOLLOWER, fdc7571d-9447-4092-959d-9ce0ad2f1809|rpc:127.0.0.1:36519|dataStream:127.0.0.1:44285|priority:0|startupRole:FOLLOWER]|listeners:[], old=null
2023-03-09 15:00:46,923 [fdc7571d-9447-4092-959d-9ce0ad2f1809@group-3B5AD3405E30-FollowerState] INFO  impl.FollowerState (FollowerState.java:run(143)) - fdc7571d-9447-4092-959d-9ce0ad2f1809@group-3B5AD3405E30-FollowerState: change to CANDIDATE, lastRpcElapsedTime:5121438018ns, electionTimeout:5120ms
2023-03-09 15:00:46,923 [fdc7571d-9447-4092-959d-9ce0ad2f1809@group-3B5AD3405E30-FollowerState] INFO  impl.RoleInfo (RoleInfo.java:shutdownFollowerState(110)) - fdc7571d-9447-4092-959d-9ce0ad2f1809: shutdown fdc7571d-9447-4092-959d-9ce0ad2f1809@group-3B5AD3405E30-FollowerState
2023-03-09 15:00:46,923 [fdc7571d-9447-4092-959d-9ce0ad2f1809@group-3B5AD3405E30-FollowerState] INFO  server.RaftServer$Division (RaftServerImpl.java:setRole(321)) - fdc7571d-9447-4092-959d-9ce0ad2f1809@group-3B5AD3405E30: changes role from  FOLLOWER to CANDIDATE at term 0 for changeToCandidate
2023-03-09 15:00:46,923 [fdc7571d-9447-4092-959d-9ce0ad2f1809@group-3B5AD3405E30-FollowerState] INFO  server.RaftServerConfigKeys (ConfUtils.java:logGet(46)) - raft.server.leaderelection.pre-vote = true (default)
2023-03-09 15:00:46,923 [fdc7571d-9447-4092-959d-9ce0ad2f1809@group-3B5AD3405E30-FollowerState] INFO  impl.RoleInfo (RoleInfo.java:updateAndGet(139)) - fdc7571d-9447-4092-959d-9ce0ad2f1809: start fdc7571d-9447-4092-959d-9ce0ad2f1809@group-3B5AD3405E30-LeaderElection37
2023-03-09 15:00:46,927 [fdc7571d-9447-4092-959d-9ce0ad2f1809@group-3B5AD3405E30-LeaderElection37] INFO  impl.LeaderElection (LeaderElection.java:askForVotes(312)) - fdc7571d-9447-4092-959d-9ce0ad2f1809@group-3B5AD3405E30-LeaderElection37 PRE_VOTE round 0: submit vote requests at term 0 for -1: peers:[fdc7571d-9447-4092-959d-9ce0ad2f1809|rpc:127.0.0.1:36519|dataStream:127.0.0.1:44285|priority:1|startupRole:FOLLOWER]|listeners:[], old=null
2023-03-09 15:00:46,928 [fdc7571d-9447-4092-959d-9ce0ad2f1809@group-3B5AD3405E30-LeaderElection37] INFO  impl.LeaderElection (LeaderElection.java:askForVotes(314)) - fdc7571d-9447-4092-959d-9ce0ad2f1809@group-3B5AD3405E30-LeaderElection37 PRE_VOTE round 0: result PASSED (term=0)
2023-03-09 15:00:46,930 [fdc7571d-9447-4092-959d-9ce0ad2f1809@group-3B5AD3405E30-LeaderElection37] INFO  impl.LeaderElection (LeaderElection.java:askForVotes(312)) - fdc7571d-9447-4092-959d-9ce0ad2f1809@group-3B5AD3405E30-LeaderElection37 ELECTION round 0: submit vote requests at term 1 for -1: peers:[fdc7571d-9447-4092-959d-9ce0ad2f1809|rpc:127.0.0.1:36519|dataStream:127.0.0.1:44285|priority:1|startupRole:FOLLOWER]|listeners:[], old=null
2023-03-09 15:00:46,930 [fdc7571d-9447-4092-959d-9ce0ad2f1809@group-3B5AD3405E30-LeaderElection37] INFO  impl.LeaderElection (LeaderElection.java:askForVotes(314)) - fdc7571d-9447-4092-959d-9ce0ad2f1809@group-3B5AD3405E30-LeaderElection37 ELECTION round 0: result PASSED (term=1)
2023-03-09 15:00:46,930 [fdc7571d-9447-4092-959d-9ce0ad2f1809@group-3B5AD3405E30-LeaderElection37] INFO  impl.RoleInfo (RoleInfo.java:shutdownLeaderElection(130)) - fdc7571d-9447-4092-959d-9ce0ad2f1809: shutdown fdc7571d-9447-4092-959d-9ce0ad2f1809@group-3B5AD3405E30-LeaderElection37
2023-03-09 15:00:46,930 [fdc7571d-9447-4092-959d-9ce0ad2f1809@group-3B5AD3405E30-LeaderElection37] INFO  server.RaftServer$Division (RaftServerImpl.java:setRole(321)) - fdc7571d-9447-4092-959d-9ce0ad2f1809@group-3B5AD3405E30: changes role from CANDIDATE to LEADER at term 1 for changeToLeader
2023-03-09 15:00:46,930 [fdc7571d-9447-4092-959d-9ce0ad2f1809@group-3B5AD3405E30-LeaderElection37] INFO  ratis.XceiverServerRatis (XceiverServerRatis.java:handleLeaderChangedNotification(905)) - Leader change notification received for group: group-3B5AD3405E30 with new leaderId: fdc7571d-9447-4092-959d-9ce0ad2f1809
2023-03-09 15:00:46,930 [fdc7571d-9447-4092-959d-9ce0ad2f1809@group-3B5AD3405E30-LeaderElection37] INFO  server.RaftServer$Division (ServerState.java:setLeader(313)) - fdc7571d-9447-4092-959d-9ce0ad2f1809@group-3B5AD3405E30: change Leader from null to fdc7571d-9447-4092-959d-9ce0ad2f1809 at term 1 for becomeLeader, leader elected after 5150ms
2023-03-09 15:00:46,930 [fdc7571d-9447-4092-959d-9ce0ad2f1809@group-3B5AD3405E30-LeaderElection37] INFO  server.RaftServerConfigKeys (ConfUtils.java:logGet(46)) - raft.server.staging.catchup.gap = 1000 (default)
2023-03-09 15:00:46,931 [fdc7571d-9447-4092-959d-9ce0ad2f1809@group-3B5AD3405E30-LeaderElection37] INFO  server.RaftServerConfigKeys (ConfUtils.java:logGet(46)) - raft.server.write.element-limit = 1024 (custom)
2023-03-09 15:00:46,931 [fdc7571d-9447-4092-959d-9ce0ad2f1809@group-3B5AD3405E30-LeaderElection37] INFO  server.RaftServerConfigKeys (ConfUtils.java:logGet(46)) - raft.server.write.byte-limit = 1024 M (=1073741824) (custom)
2023-03-09 15:00:46,931 [fdc7571d-9447-4092-959d-9ce0ad2f1809@group-3B5AD3405E30-LeaderElection37] INFO  server.RaftServerConfigKeys (ConfUtils.java:logGet(46)) - raft.server.watch.timeout = 180s (custom)
2023-03-09 15:00:46,931 [fdc7571d-9447-4092-959d-9ce0ad2f1809@group-3B5AD3405E30-LeaderElection37] INFO  server.RaftServerConfigKeys (ConfUtils.java:logGet(46)) - raft.server.watch.timeout.denomination = 1s (default)
2023-03-09 15:00:46,931 [fdc7571d-9447-4092-959d-9ce0ad2f1809@group-3B5AD3405E30-LeaderElection37] INFO  server.RaftServerConfigKeys (ConfUtils.java:logGet(46)) - raft.server.watch.element-limit = 65536 (default)
2023-03-09 15:00:46,931 [fdc7571d-9447-4092-959d-9ce0ad2f1809@group-3B5AD3405E30-LeaderElection37] INFO  server.RaftServerConfigKeys (ConfUtils.java:logGet(46)) - raft.server.write.element-limit = 1024 (custom)
2023-03-09 15:00:46,931 [fdc7571d-9447-4092-959d-9ce0ad2f1809@group-3B5AD3405E30-LeaderElection37] INFO  server.RaftServerConfigKeys (ConfUtils.java:logGet(46)) - raft.server.write.follower.gap.ratio.max = -1.0 (default)
2023-03-09 15:00:46,931 [fdc7571d-9447-4092-959d-9ce0ad2f1809@group-3B5AD3405E30-LeaderElection37] INFO  impl.RoleInfo (RoleInfo.java:updateAndGet(139)) - fdc7571d-9447-4092-959d-9ce0ad2f1809: start fdc7571d-9447-4092-959d-9ce0ad2f1809@group-3B5AD3405E30-LeaderStateImpl
2023-03-09 15:00:46,932 [fdc7571d-9447-4092-959d-9ce0ad2f1809@group-3B5AD3405E30-LeaderElection37] INFO  segmented.SegmentedRaftLogWorker (SegmentedRaftLogWorker.java:startLogSegment(452)) - fdc7571d-9447-4092-959d-9ce0ad2f1809@group-3B5AD3405E30-SegmentedRaftLogWorker: Starting segment from index:0
2023-03-09 15:00:46,935 [fdc7571d-9447-4092-959d-9ce0ad2f1809@group-3B5AD3405E30-LeaderElection37] INFO  server.RaftServer$Division (ServerState.java:setRaftConf(430)) - fdc7571d-9447-4092-959d-9ce0ad2f1809@group-3B5AD3405E30: set configuration 0: peers:[fdc7571d-9447-4092-959d-9ce0ad2f1809|rpc:127.0.0.1:36519|dataStream:127.0.0.1:44285|priority:1|startupRole:FOLLOWER]|listeners:[], old=null
2023-03-09 15:00:46,935 [fdc7571d-9447-4092-959d-9ce0ad2f1809@group-3B5AD3405E30-SegmentedRaftLogWorker] INFO  segmented.SegmentedRaftLogWorker (SegmentedRaftLogWorker.java:execute(656)) - fdc7571d-9447-4092-959d-9ce0ad2f1809@group-3B5AD3405E30-SegmentedRaftLogWorker: created new log segment /home/runner/work/ozone/ozone/hadoop-ozone/integration-test/target/test-dir/MiniOzoneClusterImpl-4e7c95cc-71c1-4f0b-a9e9-e7b04a6f140e/datanode-0/data/ratis/036ceb30-bf8b-4043-b4f3-3b5ad3405e30/current/log_inprogress_0
2023-03-09 15:00:46,937 [0ee7bec8-2182-4b4a-933d-6a3bad615c17@group-99B86DAED154-FollowerState] INFO  server.RaftServerConfigKeys (ConfUtils.java:logFallback(53)) - raft.server.rpc.first-election.timeout.min = 5s (fallback to raft.server.rpc.timeout.min)
2023-03-09 15:00:46,937 [0ee7bec8-2182-4b4a-933d-6a3bad615c17@group-99B86DAED154-FollowerState] INFO  server.RaftServerConfigKeys (ConfUtils.java:logFallback(53)) - raft.server.rpc.first-election.timeout.max = 5200ms (fallback to raft.server.rpc.timeout.max)
2023-03-09 15:00:46,937 [EventQueue-OpenPipelineForHealthyPipelineSafeModeRule] INFO  safemode.SCMSafeModeManager (HealthyPipelineSafeModeRule.java:process(137)) - SCM in safe mode. Healthy pipelines reported count is 0, required healthy pipeline reported count is 1
2023-03-09 15:00:47,002 [0ee7bec8-2182-4b4a-933d-6a3bad615c17@group-CBC73EE03D9B-FollowerState] INFO  impl.FollowerState (FollowerState.java:run(143)) - 0ee7bec8-2182-4b4a-933d-6a3bad615c17@group-CBC73EE03D9B-FollowerState: change to CANDIDATE, lastRpcElapsedTime:5022536372ns, electionTimeout:5021ms
2023-03-09 15:00:47,002 [0ee7bec8-2182-4b4a-933d-6a3bad615c17@group-CBC73EE03D9B-FollowerState] INFO  impl.RoleInfo (RoleInfo.java:shutdownFollowerState(110)) - 0ee7bec8-2182-4b4a-933d-6a3bad615c17: shutdown 0ee7bec8-2182-4b4a-933d-6a3bad615c17@group-CBC73EE03D9B-FollowerState
2023-03-09 15:00:47,002 [0ee7bec8-2182-4b4a-933d-6a3bad615c17@group-CBC73EE03D9B-FollowerState] INFO  server.RaftServer$Division (RaftServerImpl.java:setRole(321)) - 0ee7bec8-2182-4b4a-933d-6a3bad615c17@group-CBC73EE03D9B: changes role from  FOLLOWER to CANDIDATE at term 0 for changeToCandidate
2023-03-09 15:00:47,002 [0ee7bec8-2182-4b4a-933d-6a3bad615c17@group-CBC73EE03D9B-FollowerState] INFO  server.RaftServerConfigKeys (ConfUtils.java:logGet(46)) - raft.server.leaderelection.pre-vote = true (default)
2023-03-09 15:00:47,002 [0ee7bec8-2182-4b4a-933d-6a3bad615c17@group-CBC73EE03D9B-FollowerState] INFO  impl.RoleInfo (RoleInfo.java:updateAndGet(139)) - 0ee7bec8-2182-4b4a-933d-6a3bad615c17: start 0ee7bec8-2182-4b4a-933d-6a3bad615c17@group-CBC73EE03D9B-LeaderElection38
2023-03-09 15:00:47,008 [0ee7bec8-2182-4b4a-933d-6a3bad615c17@group-CBC73EE03D9B-LeaderElection38] INFO  impl.LeaderElection (LeaderElection.java:askForVotes(312)) - 0ee7bec8-2182-4b4a-933d-6a3bad615c17@group-CBC73EE03D9B-LeaderElection38 PRE_VOTE round 0: submit vote requests at term 0 for -1: peers:[ac810fbe-b19a-4148-a035-811b2b5a9c18|rpc:127.0.0.1:39805|dataStream:127.0.0.1:45019|priority:0|startupRole:FOLLOWER, fdc7571d-9447-4092-959d-9ce0ad2f1809|rpc:127.0.0.1:36519|dataStream:127.0.0.1:44285|priority:1|startupRole:FOLLOWER, 0ee7bec8-2182-4b4a-933d-6a3bad615c17|rpc:127.0.0.1:38121|dataStream:127.0.0.1:45643|priority:0|startupRole:FOLLOWER]|listeners:[], old=null
2023-03-09 15:00:47,009 [0ee7bec8-2182-4b4a-933d-6a3bad615c17@group-CBC73EE03D9B-LeaderElection38] INFO  server.RaftServerConfigKeys (ConfUtils.java:logFallback(53)) - raft.server.rpc.first-election.timeout.min = 5s (fallback to raft.server.rpc.timeout.min)
2023-03-09 15:00:47,009 [0ee7bec8-2182-4b4a-933d-6a3bad615c17@group-CBC73EE03D9B-LeaderElection38-1] INFO  server.GrpcServerProtocolClient (GrpcServerProtocolClient.java:<init>(63)) - Build channel for ac810fbe-b19a-4148-a035-811b2b5a9c18
2023-03-09 15:00:47,009 [0ee7bec8-2182-4b4a-933d-6a3bad615c17@group-CBC73EE03D9B-LeaderElection38] INFO  server.RaftServerConfigKeys (ConfUtils.java:logFallback(53)) - raft.server.rpc.first-election.timeout.max = 5200ms (fallback to raft.server.rpc.timeout.max)
2023-03-09 15:00:47,009 [0ee7bec8-2182-4b4a-933d-6a3bad615c17@group-CBC73EE03D9B-LeaderElection38-2] INFO  server.GrpcServerProtocolClient (GrpcServerProtocolClient.java:<init>(63)) - Build channel for fdc7571d-9447-4092-959d-9ce0ad2f1809
2023-03-09 15:00:47,020 [grpc-default-executor-1] INFO  server.RaftServer$Division (RaftServerImpl.java:requestVote(1218)) - fdc7571d-9447-4092-959d-9ce0ad2f1809@group-CBC73EE03D9B: receive requestVote(PRE_VOTE, 0ee7bec8-2182-4b4a-933d-6a3bad615c17, group-CBC73EE03D9B, 0, (t:0, i:0))
2023-03-09 15:00:47,020 [grpc-default-executor-1] INFO  impl.VoteContext (VoteContext.java:log(49)) - fdc7571d-9447-4092-959d-9ce0ad2f1809@group-CBC73EE03D9B-FOLLOWER: reject PRE_VOTE from 0ee7bec8-2182-4b4a-933d-6a3bad615c17: our priority 1 > candidate's priority 0
2023-03-09 15:00:47,021 [grpc-default-executor-1] INFO  server.RaftServer$Division (RaftServerImpl.java:requestVote(1251)) - fdc7571d-9447-4092-959d-9ce0ad2f1809@group-CBC73EE03D9B replies to PRE_VOTE vote request: 0ee7bec8-2182-4b4a-933d-6a3bad615c17<-fdc7571d-9447-4092-959d-9ce0ad2f1809#0:FAIL-t0. Peer's state: fdc7571d-9447-4092-959d-9ce0ad2f1809@group-CBC73EE03D9B:t0, leader=null, voted=, raftlog=Memoized:fdc7571d-9447-4092-959d-9ce0ad2f1809@group-CBC73EE03D9B-SegmentedRaftLog:OPENED:c-1, conf=-1: peers:[ac810fbe-b19a-4148-a035-811b2b5a9c18|rpc:127.0.0.1:39805|dataStream:127.0.0.1:45019|priority:0|startupRole:FOLLOWER, fdc7571d-9447-4092-959d-9ce0ad2f1809|rpc:127.0.0.1:36519|dataStream:127.0.0.1:44285|priority:1|startupRole:FOLLOWER, 0ee7bec8-2182-4b4a-933d-6a3bad615c17|rpc:127.0.0.1:38121|dataStream:127.0.0.1:45643|priority:0|startupRole:FOLLOWER]|listeners:[], old=null
2023-03-09 15:00:47,022 [0ee7bec8-2182-4b4a-933d-6a3bad615c17@group-CBC73EE03D9B-LeaderElection38] INFO  impl.LeaderElection (LeaderElection.java:logAndReturn(90)) - 0ee7bec8-2182-4b4a-933d-6a3bad615c17@group-CBC73EE03D9B-LeaderElection38: PRE_VOTE REJECTED received 1 response(s) and 0 exception(s):
2023-03-09 15:00:47,022 [0ee7bec8-2182-4b4a-933d-6a3bad615c17@group-CBC73EE03D9B-LeaderElection38] INFO  impl.LeaderElection (LeaderElection.java:logAndReturn(94)) -   Response 0: 0ee7bec8-2182-4b4a-933d-6a3bad615c17<-fdc7571d-9447-4092-959d-9ce0ad2f1809#0:FAIL-t0
2023-03-09 15:00:47,022 [0ee7bec8-2182-4b4a-933d-6a3bad615c17@group-CBC73EE03D9B-LeaderElection38] INFO  impl.LeaderElection (LeaderElection.java:askForVotes(314)) - 0ee7bec8-2182-4b4a-933d-6a3bad615c17@group-CBC73EE03D9B-LeaderElection38 PRE_VOTE round 0: result REJECTED
2023-03-09 15:00:47,022 [0ee7bec8-2182-4b4a-933d-6a3bad615c17@group-CBC73EE03D9B-LeaderElection38] INFO  server.RaftServer$Division (RaftServerImpl.java:setRole(321)) - 0ee7bec8-2182-4b4a-933d-6a3bad615c17@group-CBC73EE03D9B: changes role from CANDIDATE to FOLLOWER at term 0 for REJECTED
2023-03-09 15:00:47,022 [0ee7bec8-2182-4b4a-933d-6a3bad615c17@group-CBC73EE03D9B-LeaderElection38] INFO  impl.RoleInfo (RoleInfo.java:shutdownLeaderElection(130)) - 0ee7bec8-2182-4b4a-933d-6a3bad615c17: shutdown 0ee7bec8-2182-4b4a-933d-6a3bad615c17@group-CBC73EE03D9B-LeaderElection38
2023-03-09 15:00:47,022 [0ee7bec8-2182-4b4a-933d-6a3bad615c17@group-CBC73EE03D9B-LeaderElection38] INFO  impl.RoleInfo (RoleInfo.java:updateAndGet(139)) - 0ee7bec8-2182-4b4a-933d-6a3bad615c17: start 0ee7bec8-2182-4b4a-933d-6a3bad615c17@group-CBC73EE03D9B-FollowerState
2023-03-09 15:00:47,022 [0ee7bec8-2182-4b4a-933d-6a3bad615c17@group-CBC73EE03D9B-FollowerState] INFO  server.RaftServerConfigKeys (ConfUtils.java:logFallback(53)) - raft.server.rpc.first-election.timeout.min = 5s (fallback to raft.server.rpc.timeout.min)
2023-03-09 15:00:47,023 [0ee7bec8-2182-4b4a-933d-6a3bad615c17@group-CBC73EE03D9B-FollowerState] INFO  server.RaftServerConfigKeys (ConfUtils.java:logFallback(53)) - raft.server.rpc.first-election.timeout.max = 5200ms (fallback to raft.server.rpc.timeout.max)
2023-03-09 15:00:47,029 [grpc-default-executor-3] INFO  server.RaftServer$Division (RaftServerImpl.java:requestVote(1218)) - ac810fbe-b19a-4148-a035-811b2b5a9c18@group-CBC73EE03D9B: receive requestVote(PRE_VOTE, 0ee7bec8-2182-4b4a-933d-6a3bad615c17, group-CBC73EE03D9B, 0, (t:0, i:0))
2023-03-09 15:00:47,030 [grpc-default-executor-3] INFO  impl.VoteContext (VoteContext.java:log(49)) - ac810fbe-b19a-4148-a035-811b2b5a9c18@group-CBC73EE03D9B-FOLLOWER: accept PRE_VOTE from 0ee7bec8-2182-4b4a-933d-6a3bad615c17: our priority 0 <= candidate's priority 0
2023-03-09 15:00:47,030 [grpc-default-executor-3] INFO  server.RaftServer$Division (RaftServerImpl.java:requestVote(1251)) - ac810fbe-b19a-4148-a035-811b2b5a9c18@group-CBC73EE03D9B replies to PRE_VOTE vote request: 0ee7bec8-2182-4b4a-933d-6a3bad615c17<-ac810fbe-b19a-4148-a035-811b2b5a9c18#0:OK-t0. Peer's state: ac810fbe-b19a-4148-a035-811b2b5a9c18@group-CBC73EE03D9B:t0, leader=null, voted=, raftlog=Memoized:ac810fbe-b19a-4148-a035-811b2b5a9c18@group-CBC73EE03D9B-SegmentedRaftLog:OPENED:c-1, conf=-1: peers:[ac810fbe-b19a-4148-a035-811b2b5a9c18|rpc:127.0.0.1:39805|dataStream:127.0.0.1:45019|priority:0|startupRole:FOLLOWER, fdc7571d-9447-4092-959d-9ce0ad2f1809|rpc:127.0.0.1:36519|dataStream:127.0.0.1:44285|priority:1|startupRole:FOLLOWER, 0ee7bec8-2182-4b4a-933d-6a3bad615c17|rpc:127.0.0.1:38121|dataStream:127.0.0.1:45643|priority:0|startupRole:FOLLOWER]|listeners:[], old=null
2023-03-09 15:00:47,053 [ac810fbe-b19a-4148-a035-811b2b5a9c18@group-99B86DAED154-FollowerState] INFO  impl.FollowerState (FollowerState.java:run(143)) - ac810fbe-b19a-4148-a035-811b2b5a9c18@group-99B86DAED154-FollowerState: change to CANDIDATE, lastRpcElapsedTime:5142755557ns, electionTimeout:5138ms
2023-03-09 15:00:47,054 [ac810fbe-b19a-4148-a035-811b2b5a9c18@group-99B86DAED154-FollowerState] INFO  impl.RoleInfo (RoleInfo.java:shutdownFollowerState(110)) - ac810fbe-b19a-4148-a035-811b2b5a9c18: shutdown ac810fbe-b19a-4148-a035-811b2b5a9c18@group-99B86DAED154-FollowerState
2023-03-09 15:00:47,054 [ac810fbe-b19a-4148-a035-811b2b5a9c18@group-99B86DAED154-FollowerState] INFO  server.RaftServer$Division (RaftServerImpl.java:setRole(321)) - ac810fbe-b19a-4148-a035-811b2b5a9c18@group-99B86DAED154: changes role from  FOLLOWER to CANDIDATE at term 0 for changeToCandidate
2023-03-09 15:00:47,054 [ac810fbe-b19a-4148-a035-811b2b5a9c18@group-99B86DAED154-FollowerState] INFO  server.RaftServerConfigKeys (ConfUtils.java:logGet(46)) - raft.server.leaderelection.pre-vote = true (default)
2023-03-09 15:00:47,054 [ac810fbe-b19a-4148-a035-811b2b5a9c18@group-99B86DAED154-FollowerState] INFO  impl.RoleInfo (RoleInfo.java:updateAndGet(139)) - ac810fbe-b19a-4148-a035-811b2b5a9c18: start ac810fbe-b19a-4148-a035-811b2b5a9c18@group-99B86DAED154-LeaderElection39
2023-03-09 15:00:47,060 [ac810fbe-b19a-4148-a035-811b2b5a9c18@group-99B86DAED154-LeaderElection39] INFO  impl.LeaderElection (LeaderElection.java:askForVotes(312)) - ac810fbe-b19a-4148-a035-811b2b5a9c18@group-99B86DAED154-LeaderElection39 PRE_VOTE round 0: submit vote requests at term 0 for -1: peers:[ac810fbe-b19a-4148-a035-811b2b5a9c18|rpc:127.0.0.1:39805|dataStream:127.0.0.1:45019|priority:1|startupRole:FOLLOWER, 0ee7bec8-2182-4b4a-933d-6a3bad615c17|rpc:127.0.0.1:38121|dataStream:127.0.0.1:45643|priority:0|startupRole:FOLLOWER, fdc7571d-9447-4092-959d-9ce0ad2f1809|rpc:127.0.0.1:36519|dataStream:127.0.0.1:44285|priority:0|startupRole:FOLLOWER]|listeners:[], old=null
2023-03-09 15:00:47,061 [ac810fbe-b19a-4148-a035-811b2b5a9c18@group-99B86DAED154-LeaderElection39] INFO  server.RaftServerConfigKeys (ConfUtils.java:logFallback(53)) - raft.server.rpc.first-election.timeout.min = 5s (fallback to raft.server.rpc.timeout.min)
2023-03-09 15:00:47,061 [ac810fbe-b19a-4148-a035-811b2b5a9c18@group-99B86DAED154-LeaderElection39-1] INFO  server.GrpcServerProtocolClient (GrpcServerProtocolClient.java:<init>(63)) - Build channel for 0ee7bec8-2182-4b4a-933d-6a3bad615c17
2023-03-09 15:00:47,061 [ac810fbe-b19a-4148-a035-811b2b5a9c18@group-99B86DAED154-LeaderElection39] INFO  server.RaftServerConfigKeys (ConfUtils.java:logFallback(53)) - raft.server.rpc.first-election.timeout.max = 5200ms (fallback to raft.server.rpc.timeout.max)
2023-03-09 15:00:47,061 [ac810fbe-b19a-4148-a035-811b2b5a9c18@group-99B86DAED154-LeaderElection39-2] INFO  server.GrpcServerProtocolClient (GrpcServerProtocolClient.java:<init>(63)) - Build channel for fdc7571d-9447-4092-959d-9ce0ad2f1809
2023-03-09 15:00:47,073 [grpc-default-executor-3] INFO  server.RaftServer$Division (RaftServerImpl.java:requestVote(1218)) - fdc7571d-9447-4092-959d-9ce0ad2f1809@group-99B86DAED154: receive requestVote(PRE_VOTE, ac810fbe-b19a-4148-a035-811b2b5a9c18, group-99B86DAED154, 0, (t:0, i:0))
2023-03-09 15:00:47,073 [grpc-default-executor-3] INFO  impl.VoteContext (VoteContext.java:log(49)) - fdc7571d-9447-4092-959d-9ce0ad2f1809@group-99B86DAED154-FOLLOWER: accept PRE_VOTE from ac810fbe-b19a-4148-a035-811b2b5a9c18: our priority 0 <= candidate's priority 1
2023-03-09 15:00:47,073 [grpc-default-executor-3] INFO  server.RaftServer$Division (RaftServerImpl.java:requestVote(1251)) - fdc7571d-9447-4092-959d-9ce0ad2f1809@group-99B86DAED154 replies to PRE_VOTE vote request: ac810fbe-b19a-4148-a035-811b2b5a9c18<-fdc7571d-9447-4092-959d-9ce0ad2f1809#0:OK-t0. Peer's state: fdc7571d-9447-4092-959d-9ce0ad2f1809@group-99B86DAED154:t0, leader=null, voted=, raftlog=Memoized:fdc7571d-9447-4092-959d-9ce0ad2f1809@group-99B86DAED154-SegmentedRaftLog:OPENED:c-1, conf=-1: peers:[ac810fbe-b19a-4148-a035-811b2b5a9c18|rpc:127.0.0.1:39805|dataStream:127.0.0.1:45019|priority:1|startupRole:FOLLOWER, 0ee7bec8-2182-4b4a-933d-6a3bad615c17|rpc:127.0.0.1:38121|dataStream:127.0.0.1:45643|priority:0|startupRole:FOLLOWER, fdc7571d-9447-4092-959d-9ce0ad2f1809|rpc:127.0.0.1:36519|dataStream:127.0.0.1:44285|priority:0|startupRole:FOLLOWER]|listeners:[], old=null
2023-03-09 15:00:47,080 [ac810fbe-b19a-4148-a035-811b2b5a9c18@group-99B86DAED154-LeaderElection39] INFO  impl.LeaderElection (LeaderElection.java:logAndReturn(90)) - ac810fbe-b19a-4148-a035-811b2b5a9c18@group-99B86DAED154-LeaderElection39: PRE_VOTE PASSED received 1 response(s) and 0 exception(s):
2023-03-09 15:00:47,080 [ac810fbe-b19a-4148-a035-811b2b5a9c18@group-99B86DAED154-LeaderElection39] INFO  impl.LeaderElection (LeaderElection.java:logAndReturn(94)) -   Response 0: ac810fbe-b19a-4148-a035-811b2b5a9c18<-fdc7571d-9447-4092-959d-9ce0ad2f1809#0:OK-t0
2023-03-09 15:00:47,080 [ac810fbe-b19a-4148-a035-811b2b5a9c18@group-99B86DAED154-LeaderElection39] INFO  impl.LeaderElection (LeaderElection.java:askForVotes(314)) - ac810fbe-b19a-4148-a035-811b2b5a9c18@group-99B86DAED154-LeaderElection39 PRE_VOTE round 0: result PASSED
2023-03-09 15:00:47,081 [ac810fbe-b19a-4148-a035-811b2b5a9c18@group-99B86DAED154-LeaderElection39] INFO  impl.LeaderElection (LeaderElection.java:askForVotes(312)) - ac810fbe-b19a-4148-a035-811b2b5a9c18@group-99B86DAED154-LeaderElection39 ELECTION round 0: submit vote requests at term 1 for -1: peers:[ac810fbe-b19a-4148-a035-811b2b5a9c18|rpc:127.0.0.1:39805|dataStream:127.0.0.1:45019|priority:1|startupRole:FOLLOWER, 0ee7bec8-2182-4b4a-933d-6a3bad615c17|rpc:127.0.0.1:38121|dataStream:127.0.0.1:45643|priority:0|startupRole:FOLLOWER, fdc7571d-9447-4092-959d-9ce0ad2f1809|rpc:127.0.0.1:36519|dataStream:127.0.0.1:44285|priority:0|startupRole:FOLLOWER]|listeners:[], old=null
2023-03-09 15:00:47,082 [grpc-default-executor-3] INFO  server.RaftServer$Division (RaftServerImpl.java:requestVote(1218)) - 0ee7bec8-2182-4b4a-933d-6a3bad615c17@group-99B86DAED154: receive requestVote(PRE_VOTE, ac810fbe-b19a-4148-a035-811b2b5a9c18, group-99B86DAED154, 0, (t:0, i:0))
2023-03-09 15:00:47,082 [grpc-default-executor-3] INFO  impl.VoteContext (VoteContext.java:log(49)) - 0ee7bec8-2182-4b4a-933d-6a3bad615c17@group-99B86DAED154-FOLLOWER: accept PRE_VOTE from ac810fbe-b19a-4148-a035-811b2b5a9c18: our priority 0 <= candidate's priority 1
2023-03-09 15:00:47,082 [grpc-default-executor-3] INFO  server.RaftServer$Division (RaftServerImpl.java:requestVote(1251)) - 0ee7bec8-2182-4b4a-933d-6a3bad615c17@group-99B86DAED154 replies to PRE_VOTE vote request: ac810fbe-b19a-4148-a035-811b2b5a9c18<-0ee7bec8-2182-4b4a-933d-6a3bad615c17#0:OK-t0. Peer's state: 0ee7bec8-2182-4b4a-933d-6a3bad615c17@group-99B86DAED154:t0, leader=null, voted=, raftlog=Memoized:0ee7bec8-2182-4b4a-933d-6a3bad615c17@group-99B86DAED154-SegmentedRaftLog:OPENED:c-1, conf=-1: peers:[ac810fbe-b19a-4148-a035-811b2b5a9c18|rpc:127.0.0.1:39805|dataStream:127.0.0.1:45019|priority:1|startupRole:FOLLOWER, 0ee7bec8-2182-4b4a-933d-6a3bad615c17|rpc:127.0.0.1:38121|dataStream:127.0.0.1:45643|priority:0|startupRole:FOLLOWER, fdc7571d-9447-4092-959d-9ce0ad2f1809|rpc:127.0.0.1:36519|dataStream:127.0.0.1:44285|priority:0|startupRole:FOLLOWER]|listeners:[], old=null
2023-03-09 15:00:47,085 [ac810fbe-b19a-4148-a035-811b2b5a9c18@group-99B86DAED154-LeaderElection39] INFO  server.RaftServerConfigKeys (ConfUtils.java:logFallback(53)) - raft.server.rpc.first-election.timeout.min = 5s (fallback to raft.server.rpc.timeout.min)
2023-03-09 15:00:47,085 [ac810fbe-b19a-4148-a035-811b2b5a9c18@group-99B86DAED154-LeaderElection39] INFO  server.RaftServerConfigKeys (ConfUtils.java:logFallback(53)) - raft.server.rpc.first-election.timeout.max = 5200ms (fallback to raft.server.rpc.timeout.max)
2023-03-09 15:00:47,093 [grpc-default-executor-1] INFO  server.RaftServer$Division (RaftServerImpl.java:requestVote(1218)) - 0ee7bec8-2182-4b4a-933d-6a3bad615c17@group-99B86DAED154: receive requestVote(ELECTION, ac810fbe-b19a-4148-a035-811b2b5a9c18, group-99B86DAED154, 1, (t:0, i:0))
2023-03-09 15:00:47,093 [grpc-default-executor-1] INFO  impl.VoteContext (VoteContext.java:log(49)) - 0ee7bec8-2182-4b4a-933d-6a3bad615c17@group-99B86DAED154-FOLLOWER: accept ELECTION from ac810fbe-b19a-4148-a035-811b2b5a9c18: our priority 0 <= candidate's priority 1
2023-03-09 15:00:47,093 [grpc-default-executor-1] INFO  server.RaftServer$Division (RaftServerImpl.java:setRole(321)) - 0ee7bec8-2182-4b4a-933d-6a3bad615c17@group-99B86DAED154: changes role from  FOLLOWER to FOLLOWER at term 1 for candidate:ac810fbe-b19a-4148-a035-811b2b5a9c18
2023-03-09 15:00:47,093 [grpc-default-executor-1] INFO  impl.RoleInfo (RoleInfo.java:shutdownFollowerState(110)) - 0ee7bec8-2182-4b4a-933d-6a3bad615c17: shutdown 0ee7bec8-2182-4b4a-933d-6a3bad615c17@group-99B86DAED154-FollowerState
2023-03-09 15:00:47,094 [grpc-default-executor-1] INFO  impl.RoleInfo (RoleInfo.java:updateAndGet(139)) - 0ee7bec8-2182-4b4a-933d-6a3bad615c17: start 0ee7bec8-2182-4b4a-933d-6a3bad615c17@group-99B86DAED154-FollowerState
2023-03-09 15:00:47,094 [0ee7bec8-2182-4b4a-933d-6a3bad615c17@group-99B86DAED154-FollowerState] INFO  impl.FollowerState (FollowerState.java:run(152)) - 0ee7bec8-2182-4b4a-933d-6a3bad615c17@group-99B86DAED154-FollowerState was interrupted
2023-03-09 15:00:47,099 [grpc-default-executor-3] INFO  server.RaftServer$Division (RaftServerImpl.java:requestVote(1218)) - fdc7571d-9447-4092-959d-9ce0ad2f1809@group-99B86DAED154: receive requestVote(ELECTION, ac810fbe-b19a-4148-a035-811b2b5a9c18, group-99B86DAED154, 1, (t:0, i:0))
2023-03-09 15:00:47,099 [grpc-default-executor-3] INFO  impl.VoteContext (VoteContext.java:log(49)) - fdc7571d-9447-4092-959d-9ce0ad2f1809@group-99B86DAED154-FOLLOWER: accept ELECTION from ac810fbe-b19a-4148-a035-811b2b5a9c18: our priority 0 <= candidate's priority 1
2023-03-09 15:00:47,099 [grpc-default-executor-3] INFO  server.RaftServer$Division (RaftServerImpl.java:setRole(321)) - fdc7571d-9447-4092-959d-9ce0ad2f1809@group-99B86DAED154: changes role from  FOLLOWER to FOLLOWER at term 1 for candidate:ac810fbe-b19a-4148-a035-811b2b5a9c18
2023-03-09 15:00:47,099 [grpc-default-executor-3] INFO  impl.RoleInfo (RoleInfo.java:shutdownFollowerState(110)) - fdc7571d-9447-4092-959d-9ce0ad2f1809: shutdown fdc7571d-9447-4092-959d-9ce0ad2f1809@group-99B86DAED154-FollowerState
2023-03-09 15:00:47,099 [grpc-default-executor-3] INFO  impl.RoleInfo (RoleInfo.java:updateAndGet(139)) - fdc7571d-9447-4092-959d-9ce0ad2f1809: start fdc7571d-9447-4092-959d-9ce0ad2f1809@group-99B86DAED154-FollowerState
2023-03-09 15:00:47,099 [fdc7571d-9447-4092-959d-9ce0ad2f1809@group-99B86DAED154-FollowerState] INFO  impl.FollowerState (FollowerState.java:run(152)) - fdc7571d-9447-4092-959d-9ce0ad2f1809@group-99B86DAED154-FollowerState was interrupted
2023-03-09 15:00:47,100 [fdc7571d-9447-4092-959d-9ce0ad2f1809@group-99B86DAED154-FollowerState] INFO  server.RaftServerConfigKeys (ConfUtils.java:logFallback(53)) - raft.server.rpc.first-election.timeout.min = 5s (fallback to raft.server.rpc.timeout.min)
2023-03-09 15:00:47,100 [fdc7571d-9447-4092-959d-9ce0ad2f1809@group-99B86DAED154-FollowerState] INFO  server.RaftServerConfigKeys (ConfUtils.java:logFallback(53)) - raft.server.rpc.first-election.timeout.max = 5200ms (fallback to raft.server.rpc.timeout.max)
2023-03-09 15:00:47,100 [grpc-default-executor-1] INFO  server.RaftServer$Division (RaftServerImpl.java:requestVote(1251)) - 0ee7bec8-2182-4b4a-933d-6a3bad615c17@group-99B86DAED154 replies to ELECTION vote request: ac810fbe-b19a-4148-a035-811b2b5a9c18<-0ee7bec8-2182-4b4a-933d-6a3bad615c17#0:OK-t1. Peer's state: 0ee7bec8-2182-4b4a-933d-6a3bad615c17@group-99B86DAED154:t1, leader=null, voted=ac810fbe-b19a-4148-a035-811b2b5a9c18, raftlog=Memoized:0ee7bec8-2182-4b4a-933d-6a3bad615c17@group-99B86DAED154-SegmentedRaftLog:OPENED:c-1, conf=-1: peers:[ac810fbe-b19a-4148-a035-811b2b5a9c18|rpc:127.0.0.1:39805|dataStream:127.0.0.1:45019|priority:1|startupRole:FOLLOWER, 0ee7bec8-2182-4b4a-933d-6a3bad615c17|rpc:127.0.0.1:38121|dataStream:127.0.0.1:45643|priority:0|startupRole:FOLLOWER, fdc7571d-9447-4092-959d-9ce0ad2f1809|rpc:127.0.0.1:36519|dataStream:127.0.0.1:44285|priority:0|startupRole:FOLLOWER]|listeners:[], old=null
2023-03-09 15:00:47,101 [grpc-default-executor-3] INFO  server.RaftServer$Division (RaftServerImpl.java:requestVote(1251)) - fdc7571d-9447-4092-959d-9ce0ad2f1809@group-99B86DAED154 replies to ELECTION vote request: ac810fbe-b19a-4148-a035-811b2b5a9c18<-fdc7571d-9447-4092-959d-9ce0ad2f1809#0:OK-t1. Peer's state: fdc7571d-9447-4092-959d-9ce0ad2f1809@group-99B86DAED154:t1, leader=null, voted=ac810fbe-b19a-4148-a035-811b2b5a9c18, raftlog=Memoized:fdc7571d-9447-4092-959d-9ce0ad2f1809@group-99B86DAED154-SegmentedRaftLog:OPENED:c-1, conf=-1: peers:[ac810fbe-b19a-4148-a035-811b2b5a9c18|rpc:127.0.0.1:39805|dataStream:127.0.0.1:45019|priority:1|startupRole:FOLLOWER, 0ee7bec8-2182-4b4a-933d-6a3bad615c17|rpc:127.0.0.1:38121|dataStream:127.0.0.1:45643|priority:0|startupRole:FOLLOWER, fdc7571d-9447-4092-959d-9ce0ad2f1809|rpc:127.0.0.1:36519|dataStream:127.0.0.1:44285|priority:0|startupRole:FOLLOWER]|listeners:[], old=null
2023-03-09 15:00:47,106 [0ee7bec8-2182-4b4a-933d-6a3bad615c17@group-99B86DAED154-FollowerState] INFO  server.RaftServerConfigKeys (ConfUtils.java:logFallback(53)) - raft.server.rpc.first-election.timeout.min = 5s (fallback to raft.server.rpc.timeout.min)
2023-03-09 15:00:47,107 [0ee7bec8-2182-4b4a-933d-6a3bad615c17@group-99B86DAED154-FollowerState] INFO  server.RaftServerConfigKeys (ConfUtils.java:logFallback(53)) - raft.server.rpc.first-election.timeout.max = 5200ms (fallback to raft.server.rpc.timeout.max)
2023-03-09 15:00:47,107 [fdc7571d-9447-4092-959d-9ce0ad2f1809@group-CBC73EE03D9B-FollowerState] INFO  impl.FollowerState (FollowerState.java:run(143)) - fdc7571d-9447-4092-959d-9ce0ad2f1809@group-CBC73EE03D9B-FollowerState: change to CANDIDATE, lastRpcElapsedTime:5168035921ns, electionTimeout:5161ms
2023-03-09 15:00:47,107 [fdc7571d-9447-4092-959d-9ce0ad2f1809@group-CBC73EE03D9B-FollowerState] INFO  impl.RoleInfo (RoleInfo.java:shutdownFollowerState(110)) - fdc7571d-9447-4092-959d-9ce0ad2f1809: shutdown fdc7571d-9447-4092-959d-9ce0ad2f1809@group-CBC73EE03D9B-FollowerState
2023-03-09 15:00:47,107 [fdc7571d-9447-4092-959d-9ce0ad2f1809@group-CBC73EE03D9B-FollowerState] INFO  server.RaftServer$Division (RaftServerImpl.java:setRole(321)) - fdc7571d-9447-4092-959d-9ce0ad2f1809@group-CBC73EE03D9B: changes role from  FOLLOWER to CANDIDATE at term 0 for changeToCandidate
2023-03-09 15:00:47,108 [fdc7571d-9447-4092-959d-9ce0ad2f1809@group-CBC73EE03D9B-FollowerState] INFO  server.RaftServerConfigKeys (ConfUtils.java:logGet(46)) - raft.server.leaderelection.pre-vote = true (default)
2023-03-09 15:00:47,108 [fdc7571d-9447-4092-959d-9ce0ad2f1809@group-CBC73EE03D9B-FollowerState] INFO  impl.RoleInfo (RoleInfo.java:updateAndGet(139)) - fdc7571d-9447-4092-959d-9ce0ad2f1809: start fdc7571d-9447-4092-959d-9ce0ad2f1809@group-CBC73EE03D9B-LeaderElection40
2023-03-09 15:00:47,114 [fdc7571d-9447-4092-959d-9ce0ad2f1809@group-CBC73EE03D9B-LeaderElection40] INFO  impl.LeaderElection (LeaderElection.java:askForVotes(312)) - fdc7571d-9447-4092-959d-9ce0ad2f1809@group-CBC73EE03D9B-LeaderElection40 PRE_VOTE round 0: submit vote requests at term 0 for -1: peers:[ac810fbe-b19a-4148-a035-811b2b5a9c18|rpc:127.0.0.1:39805|dataStream:127.0.0.1:45019|priority:0|startupRole:FOLLOWER, fdc7571d-9447-4092-959d-9ce0ad2f1809|rpc:127.0.0.1:36519|dataStream:127.0.0.1:44285|priority:1|startupRole:FOLLOWER, 0ee7bec8-2182-4b4a-933d-6a3bad615c17|rpc:127.0.0.1:38121|dataStream:127.0.0.1:45643|priority:0|startupRole:FOLLOWER]|listeners:[], old=null
2023-03-09 15:00:47,118 [ac810fbe-b19a-4148-a035-811b2b5a9c18@group-99B86DAED154-LeaderElection39] INFO  impl.LeaderElection (LeaderElection.java:logAndReturn(90)) - ac810fbe-b19a-4148-a035-811b2b5a9c18@group-99B86DAED154-LeaderElection39: ELECTION PASSED received 1 response(s) and 0 exception(s):
2023-03-09 15:00:47,118 [ac810fbe-b19a-4148-a035-811b2b5a9c18@group-99B86DAED154-LeaderElection39] INFO  impl.LeaderElection (LeaderElection.java:logAndReturn(94)) -   Response 0: ac810fbe-b19a-4148-a035-811b2b5a9c18<-0ee7bec8-2182-4b4a-933d-6a3bad615c17#0:OK-t1
2023-03-09 15:00:47,122 [fdc7571d-9447-4092-959d-9ce0ad2f1809@group-CBC73EE03D9B-LeaderElection40] INFO  server.RaftServerConfigKeys (ConfUtils.java:logFallback(53)) - raft.server.rpc.first-election.timeout.min = 5s (fallback to raft.server.rpc.timeout.min)
2023-03-09 15:00:47,122 [fdc7571d-9447-4092-959d-9ce0ad2f1809@group-CBC73EE03D9B-LeaderElection40] INFO  server.RaftServerConfigKeys (ConfUtils.java:logFallback(53)) - raft.server.rpc.first-election.timeout.max = 5200ms (fallback to raft.server.rpc.timeout.max)
2023-03-09 15:00:47,126 [ac810fbe-b19a-4148-a035-811b2b5a9c18@group-99B86DAED154-LeaderElection39] INFO  impl.LeaderElection (LeaderElection.java:askForVotes(314)) - ac810fbe-b19a-4148-a035-811b2b5a9c18@group-99B86DAED154-LeaderElection39 ELECTION round 0: result PASSED
2023-03-09 15:00:47,127 [grpc-default-executor-3] INFO  server.RaftServer$Division (RaftServerImpl.java:requestVote(1218)) - ac810fbe-b19a-4148-a035-811b2b5a9c18@group-CBC73EE03D9B: receive requestVote(PRE_VOTE, fdc7571d-9447-4092-959d-9ce0ad2f1809, group-CBC73EE03D9B, 0, (t:0, i:0))
2023-03-09 15:00:47,127 [grpc-default-executor-3] INFO  impl.VoteContext (VoteContext.java:log(49)) - ac810fbe-b19a-4148-a035-811b2b5a9c18@group-CBC73EE03D9B-FOLLOWER: accept PRE_VOTE from fdc7571d-9447-4092-959d-9ce0ad2f1809: our priority 0 <= candidate's priority 1
2023-03-09 15:00:47,127 [grpc-default-executor-3] INFO  server.RaftServer$Division (RaftServerImpl.java:requestVote(1251)) - ac810fbe-b19a-4148-a035-811b2b5a9c18@group-CBC73EE03D9B replies to PRE_VOTE vote request: fdc7571d-9447-4092-959d-9ce0ad2f1809<-ac810fbe-b19a-4148-a035-811b2b5a9c18#0:OK-t0. Peer's state: ac810fbe-b19a-4148-a035-811b2b5a9c18@group-CBC73EE03D9B:t0, leader=null, voted=, raftlog=Memoized:ac810fbe-b19a-4148-a035-811b2b5a9c18@group-CBC73EE03D9B-SegmentedRaftLog:OPENED:c-1, conf=-1: peers:[ac810fbe-b19a-4148-a035-811b2b5a9c18|rpc:127.0.0.1:39805|dataStream:127.0.0.1:45019|priority:0|startupRole:FOLLOWER, fdc7571d-9447-4092-959d-9ce0ad2f1809|rpc:127.0.0.1:36519|dataStream:127.0.0.1:44285|priority:1|startupRole:FOLLOWER, 0ee7bec8-2182-4b4a-933d-6a3bad615c17|rpc:127.0.0.1:38121|dataStream:127.0.0.1:45643|priority:0|startupRole:FOLLOWER]|listeners:[], old=null
2023-03-09 15:00:47,127 [ac810fbe-b19a-4148-a035-811b2b5a9c18@group-99B86DAED154-LeaderElection39] INFO  impl.RoleInfo (RoleInfo.java:shutdownLeaderElection(130)) - ac810fbe-b19a-4148-a035-811b2b5a9c18: shutdown ac810fbe-b19a-4148-a035-811b2b5a9c18@group-99B86DAED154-LeaderElection39
2023-03-09 15:00:47,127 [ac810fbe-b19a-4148-a035-811b2b5a9c18@group-99B86DAED154-LeaderElection39] INFO  server.RaftServer$Division (RaftServerImpl.java:setRole(321)) - ac810fbe-b19a-4148-a035-811b2b5a9c18@group-99B86DAED154: changes role from CANDIDATE to LEADER at term 1 for changeToLeader
2023-03-09 15:00:47,127 [ac810fbe-b19a-4148-a035-811b2b5a9c18@group-99B86DAED154-LeaderElection39] INFO  ratis.XceiverServerRatis (XceiverServerRatis.java:handleLeaderChangedNotification(905)) - Leader change notification received for group: group-99B86DAED154 with new leaderId: ac810fbe-b19a-4148-a035-811b2b5a9c18
2023-03-09 15:00:47,127 [ac810fbe-b19a-4148-a035-811b2b5a9c18@group-99B86DAED154-LeaderElection39] INFO  server.RaftServer$Division (ServerState.java:setLeader(313)) - ac810fbe-b19a-4148-a035-811b2b5a9c18@group-99B86DAED154: change Leader from null to ac810fbe-b19a-4148-a035-811b2b5a9c18 at term 1 for becomeLeader, leader elected after 5240ms
2023-03-09 15:00:47,127 [ac810fbe-b19a-4148-a035-811b2b5a9c18@group-99B86DAED154-LeaderElection39] INFO  server.RaftServerConfigKeys (ConfUtils.java:logGet(46)) - raft.server.staging.catchup.gap = 1000 (default)
2023-03-09 15:00:47,127 [ac810fbe-b19a-4148-a035-811b2b5a9c18@group-99B86DAED154-LeaderElection39] INFO  server.RaftServerConfigKeys (ConfUtils.java:logGet(46)) - raft.server.write.element-limit = 1024 (custom)
2023-03-09 15:00:47,128 [ac810fbe-b19a-4148-a035-811b2b5a9c18@group-99B86DAED154-LeaderElection39] INFO  server.RaftServerConfigKeys (ConfUtils.java:logGet(46)) - raft.server.write.byte-limit = 1024 M (=1073741824) (custom)
2023-03-09 15:00:47,128 [ac810fbe-b19a-4148-a035-811b2b5a9c18@group-99B86DAED154-LeaderElection39] INFO  server.RaftServerConfigKeys (ConfUtils.java:logGet(46)) - raft.server.watch.timeout = 180s (custom)
2023-03-09 15:00:47,128 [ac810fbe-b19a-4148-a035-811b2b5a9c18@group-99B86DAED154-LeaderElection39] INFO  server.RaftServerConfigKeys (ConfUtils.java:logGet(46)) - raft.server.watch.timeout.denomination = 1s (default)
2023-03-09 15:00:47,128 [fdc7571d-9447-4092-959d-9ce0ad2f1809@group-CBC73EE03D9B-LeaderElection40] INFO  impl.LeaderElection (LeaderElection.java:logAndReturn(90)) - fdc7571d-9447-4092-959d-9ce0ad2f1809@group-CBC73EE03D9B-LeaderElection40: PRE_VOTE PASSED received 1 response(s) and 0 exception(s):
2023-03-09 15:00:47,128 [ac810fbe-b19a-4148-a035-811b2b5a9c18@group-99B86DAED154-LeaderElection39] INFO  server.RaftServerConfigKeys (ConfUtils.java:logGet(46)) - raft.server.watch.element-limit = 65536 (default)
2023-03-09 15:00:47,128 [fdc7571d-9447-4092-959d-9ce0ad2f1809@group-CBC73EE03D9B-LeaderElection40] INFO  impl.LeaderElection (LeaderElection.java:logAndReturn(94)) -   Response 0: fdc7571d-9447-4092-959d-9ce0ad2f1809<-ac810fbe-b19a-4148-a035-811b2b5a9c18#0:OK-t0
2023-03-09 15:00:47,128 [ac810fbe-b19a-4148-a035-811b2b5a9c18@group-99B86DAED154-LeaderElection39] INFO  server.RaftServerConfigKeys (ConfUtils.java:logGet(46)) - raft.server.write.element-limit = 1024 (custom)
2023-03-09 15:00:47,128 [fdc7571d-9447-4092-959d-9ce0ad2f1809@group-CBC73EE03D9B-LeaderElection40] INFO  impl.LeaderElection (LeaderElection.java:askForVotes(314)) - fdc7571d-9447-4092-959d-9ce0ad2f1809@group-CBC73EE03D9B-LeaderElection40 PRE_VOTE round 0: result PASSED
2023-03-09 15:00:47,128 [ac810fbe-b19a-4148-a035-811b2b5a9c18@group-99B86DAED154-LeaderElection39] INFO  server.RaftServerConfigKeys (ConfUtils.java:logGet(46)) - raft.server.write.follower.gap.ratio.max = -1.0 (default)
2023-03-09 15:00:47,129 [ac810fbe-b19a-4148-a035-811b2b5a9c18@group-99B86DAED154-LeaderElection39] INFO  server.RaftServerConfigKeys (ConfUtils.java:logGet(46)) - raft.server.log.appender.snapshot.chunk.size.max = 16MB (=16777216) (default)
2023-03-09 15:00:47,129 [ac810fbe-b19a-4148-a035-811b2b5a9c18@group-99B86DAED154-LeaderElection39] INFO  server.RaftServerConfigKeys (ConfUtils.java:logGet(46)) - raft.server.log.appender.buffer.byte-limit = 33554432 (custom)
2023-03-09 15:00:47,129 [ac810fbe-b19a-4148-a035-811b2b5a9c18@group-99B86DAED154-LeaderElection39] INFO  server.RaftServerConfigKeys (ConfUtils.java:logGet(46)) - raft.server.log.appender.buffer.element-limit = 1 (custom)
2023-03-09 15:00:47,130 [fdc7571d-9447-4092-959d-9ce0ad2f1809@group-CBC73EE03D9B-LeaderElection40] INFO  impl.LeaderElection (LeaderElection.java:askForVotes(312)) - fdc7571d-9447-4092-959d-9ce0ad2f1809@group-CBC73EE03D9B-LeaderElection40 ELECTION round 0: submit vote requests at term 1 for -1: peers:[ac810fbe-b19a-4148-a035-811b2b5a9c18|rpc:127.0.0.1:39805|dataStream:127.0.0.1:45019|priority:0|startupRole:FOLLOWER, fdc7571d-9447-4092-959d-9ce0ad2f1809|rpc:127.0.0.1:36519|dataStream:127.0.0.1:44285|priority:1|startupRole:FOLLOWER, 0ee7bec8-2182-4b4a-933d-6a3bad615c17|rpc:127.0.0.1:38121|dataStream:127.0.0.1:45643|priority:0|startupRole:FOLLOWER]|listeners:[], old=null
2023-03-09 15:00:47,131 [EventQueue-PipelineReportForPipelineReportHandler] INFO  pipeline.PipelineManagerImpl (PipelineManagerImpl.java:openPipeline(367)) - Pipeline Pipeline[ Id: 8a5de1dc-715e-407e-ae3f-99b86daed154, Nodes: 0ee7bec8-2182-4b4a-933d-6a3bad615c17(localhost/127.0.0.1)ac810fbe-b19a-4148-a035-811b2b5a9c18(localhost/127.0.0.1)fdc7571d-9447-4092-959d-9ce0ad2f1809(localhost/127.0.0.1), ReplicationConfig: RATIS/THREE, State:ALLOCATED, leaderId:ac810fbe-b19a-4148-a035-811b2b5a9c18, CreationTimestamp2023-03-09T15:00:39.584Z[Etc/UTC]] moved to OPEN state
2023-03-09 15:00:47,132 [EventQueue-OpenPipelineForHealthyPipelineSafeModeRule] INFO  safemode.SCMSafeModeManager (HealthyPipelineSafeModeRule.java:process(137)) - SCM in safe mode. Healthy pipelines reported count is 0, required healthy pipeline reported count is 1
2023-03-09 15:00:47,136 [fb3fcbca-8ec0-4e2c-837f-292e7e68a1b5@group-E7B04A6F140E-StateMachineUpdater] INFO  safemode.HealthyPipelineSafeModeRule (HealthyPipelineSafeModeRule.java:initializeRule(165)) - Refreshed total pipeline count is 1, healthy pipeline threshold count is 1
2023-03-09 15:00:47,136 [EventQueue-OpenPipelineForHealthyPipelineSafeModeRule] INFO  safemode.SCMSafeModeManager (HealthyPipelineSafeModeRule.java:process(137)) - SCM in safe mode. Healthy pipelines reported count is 1, required healthy pipeline reported count is 1
2023-03-09 15:00:47,136 [EventQueue-OpenPipelineForHealthyPipelineSafeModeRule] INFO  safemode.SCMSafeModeManager (SCMSafeModeManager.java:validateSafeModeExitRules(200)) - HealthyPipelineSafeModeRule rule is successfully validated
2023-03-09 15:00:47,136 [EventQueue-OpenPipelineForHealthyPipelineSafeModeRule] INFO  safemode.SCMSafeModeManager (SCMSafeModeManager.java:validateSafeModeExitRules(215)) - ScmSafeModeManager, all rules are successfully validated
2023-03-09 15:00:47,136 [EventQueue-OpenPipelineForHealthyPipelineSafeModeRule] INFO  safemode.SCMSafeModeManager (SCMSafeModeManager.java:exitSafeMode(244)) - SCM exiting safe mode.
2023-03-09 15:00:47,136 [EventQueue-OpenPipelineForHealthyPipelineSafeModeRule] INFO  ha.SCMContext (SCMContext.java:updateSafeModeStatus(228)) - Update SafeModeStatus from SafeModeStatus{safeModeStatus=true, preCheckPassed=true} to SafeModeStatus{safeModeStatus=false, preCheckPassed=true}.
2023-03-09 15:00:47,136 [EventQueue-OpenPipelineForHealthyPipelineSafeModeRule] INFO  BackgroundPipelineScrubber (BackgroundSCMService.java:notifyStatusChanged(82)) - Service BackgroundPipelineScrubber transitions to RUNNING.
2023-03-09 15:00:47,136 [EventQueue-OpenPipelineForHealthyPipelineSafeModeRule] INFO  ExpiredContainerReplicaOpScrubber (BackgroundSCMService.java:notifyStatusChanged(82)) - Service ExpiredContainerReplicaOpScrubber transitions to RUNNING.
2023-03-09 15:00:47,136 [EventQueue-OpenPipelineForHealthyPipelineSafeModeRule] INFO  replication.ReplicationManager (ReplicationManager.java:notifyStatusChanged(1085)) - Service ReplicationManager transitions to RUNNING.
2023-03-09 15:00:47,136 [EventQueue-OpenPipelineForHealthyPipelineSafeModeRule] WARN  balancer.ContainerBalancer (ContainerBalancer.java:shouldRun(131)) - Could not find persisted configuration for ContainerBalancer when checking if ContainerBalancer should run. ContainerBalancer should not run now.
2023-03-09 15:00:47,140 [fdc7571d-9447-4092-959d-9ce0ad2f1809@group-CBC73EE03D9B-LeaderElection40] INFO  server.RaftServerConfigKeys (ConfUtils.java:logFallback(53)) - raft.server.rpc.first-election.timeout.min = 5s (fallback to raft.server.rpc.timeout.min)
2023-03-09 15:00:47,140 [fdc7571d-9447-4092-959d-9ce0ad2f1809@group-CBC73EE03D9B-LeaderElection40] INFO  server.RaftServerConfigKeys (ConfUtils.java:logFallback(53)) - raft.server.rpc.first-election.timeout.max = 5200ms (fallback to raft.server.rpc.timeout.max)
2023-03-09 15:00:47,140 [ac810fbe-b19a-4148-a035-811b2b5a9c18@group-99B86DAED154-LeaderElection39] INFO  grpc.GrpcConfigKeys (ConfUtils.java:logGet(46)) - raft.grpc.server.leader.outstanding.appends.max = 128 (default)
2023-03-09 15:00:47,140 [ac810fbe-b19a-4148-a035-811b2b5a9c18@group-99B86DAED154-LeaderElection39] INFO  server.RaftServerConfigKeys (ConfUtils.java:logGet(46)) - raft.server.rpc.request.timeout = 60s (custom)
2023-03-09 15:00:47,141 [ac810fbe-b19a-4148-a035-811b2b5a9c18@group-99B86DAED154-LeaderElection39] INFO  server.RaftServerConfigKeys (ConfUtils.java:logGet(46)) - raft.server.log.appender.install.snapshot.enabled = false (custom)
2023-03-09 15:00:47,141 [ac810fbe-b19a-4148-a035-811b2b5a9c18@group-99B86DAED154-LeaderElection39] INFO  grpc.GrpcConfigKeys (ConfUtils.java:logGet(46)) - raft.grpc.server.heartbeat.channel = true (default)
2023-03-09 15:00:47,141 [ac810fbe-b19a-4148-a035-811b2b5a9c18@group-99B86DAED154-LeaderElection39] INFO  server.RaftServerConfigKeys (ConfUtils.java:logGet(46)) - raft.server.log.appender.wait-time.min = 10ms (default)
2023-03-09 15:00:47,143 [ac810fbe-b19a-4148-a035-811b2b5a9c18@group-CBC73EE03D9B-FollowerState] INFO  server.RaftServerConfigKeys (ConfUtils.java:logFallback(53)) - raft.server.rpc.first-election.timeout.min = 5s (fallback to raft.server.rpc.timeout.min)
2023-03-09 15:00:47,143 [ac810fbe-b19a-4148-a035-811b2b5a9c18@group-CBC73EE03D9B-FollowerState] INFO  server.RaftServerConfigKeys (ConfUtils.java:logFallback(53)) - raft.server.rpc.first-election.timeout.max = 5200ms (fallback to raft.server.rpc.timeout.max)
2023-03-09 15:00:47,143 [grpc-default-executor-3] INFO  server.RaftServer$Division (RaftServerImpl.java:requestVote(1218)) - ac810fbe-b19a-4148-a035-811b2b5a9c18@group-CBC73EE03D9B: receive requestVote(ELECTION, fdc7571d-9447-4092-959d-9ce0ad2f1809, group-CBC73EE03D9B, 1, (t:0, i:0))
2023-03-09 15:00:47,143 [grpc-default-executor-3] INFO  impl.VoteContext (VoteContext.java:log(49)) - ac810fbe-b19a-4148-a035-811b2b5a9c18@group-CBC73EE03D9B-FOLLOWER: accept ELECTION from fdc7571d-9447-4092-959d-9ce0ad2f1809: our priority 0 <= candidate's priority 1
2023-03-09 15:00:47,143 [grpc-default-executor-3] INFO  server.RaftServer$Division (RaftServerImpl.java:setRole(321)) - ac810fbe-b19a-4148-a035-811b2b5a9c18@group-CBC73EE03D9B: changes role from  FOLLOWER to FOLLOWER at term 1 for candidate:fdc7571d-9447-4092-959d-9ce0ad2f1809
2023-03-09 15:00:47,143 [grpc-default-executor-3] INFO  impl.RoleInfo (RoleInfo.java:shutdownFollowerState(110)) - ac810fbe-b19a-4148-a035-811b2b5a9c18: shutdown ac810fbe-b19a-4148-a035-811b2b5a9c18@group-CBC73EE03D9B-FollowerState
2023-03-09 15:00:47,143 [grpc-default-executor-3] INFO  impl.RoleInfo (RoleInfo.java:updateAndGet(139)) - ac810fbe-b19a-4148-a035-811b2b5a9c18: start ac810fbe-b19a-4148-a035-811b2b5a9c18@group-CBC73EE03D9B-FollowerState
2023-03-09 15:00:47,144 [ac810fbe-b19a-4148-a035-811b2b5a9c18@group-99B86DAED154-LeaderElection39] INFO  server.RaftServerConfigKeys (ConfUtils.java:logGet(46)) - raft.server.log.appender.snapshot.chunk.size.max = 16MB (=16777216) (default)
2023-03-09 15:00:47,144 [grpc-default-executor-1] INFO  server.RaftServer$Division (RaftServerImpl.java:requestVote(1218)) - 0ee7bec8-2182-4b4a-933d-6a3bad615c17@group-CBC73EE03D9B: receive requestVote(PRE_VOTE, fdc7571d-9447-4092-959d-9ce0ad2f1809, group-CBC73EE03D9B, 0, (t:0, i:0))
2023-03-09 15:00:47,144 [ac810fbe-b19a-4148-a035-811b2b5a9c18@group-99B86DAED154-LeaderElection39] INFO  server.RaftServerConfigKeys (ConfUtils.java:logGet(46)) - raft.server.log.appender.buffer.byte-limit = 33554432 (custom)
2023-03-09 15:00:47,144 [ac810fbe-b19a-4148-a035-811b2b5a9c18@group-CBC73EE03D9B-FollowerState] INFO  impl.FollowerState (FollowerState.java:run(152)) - ac810fbe-b19a-4148-a035-811b2b5a9c18@group-CBC73EE03D9B-FollowerState was interrupted
2023-03-09 15:00:47,144 [ac810fbe-b19a-4148-a035-811b2b5a9c18@group-99B86DAED154-LeaderElection39] INFO  server.RaftServerConfigKeys (ConfUtils.java:logGet(46)) - raft.server.log.appender.buffer.element-limit = 1 (custom)
2023-03-09 15:00:47,144 [ac810fbe-b19a-4148-a035-811b2b5a9c18@group-99B86DAED154-LeaderElection39] INFO  grpc.GrpcConfigKeys (ConfUtils.java:logGet(46)) - raft.grpc.server.leader.outstanding.appends.max = 128 (default)
2023-03-09 15:00:47,144 [ac810fbe-b19a-4148-a035-811b2b5a9c18@group-99B86DAED154-LeaderElection39] INFO  server.RaftServerConfigKeys (ConfUtils.java:logGet(46)) - raft.server.rpc.request.timeout = 60s (custom)
2023-03-09 15:00:47,144 [ac810fbe-b19a-4148-a035-811b2b5a9c18@group-99B86DAED154-LeaderElection39] INFO  server.RaftServerConfigKeys (ConfUtils.java:logGet(46)) - raft.server.log.appender.install.snapshot.enabled = false (custom)
2023-03-09 15:00:47,144 [ac810fbe-b19a-4148-a035-811b2b5a9c18@group-99B86DAED154-LeaderElection39] INFO  grpc.GrpcConfigKeys (ConfUtils.java:logGet(46)) - raft.grpc.server.heartbeat.channel = true (default)
2023-03-09 15:00:47,144 [ac810fbe-b19a-4148-a035-811b2b5a9c18@group-99B86DAED154-LeaderElection39] INFO  server.RaftServerConfigKeys (ConfUtils.java:logGet(46)) - raft.server.log.appender.wait-time.min = 10ms (default)
2023-03-09 15:00:47,144 [ac810fbe-b19a-4148-a035-811b2b5a9c18@group-CBC73EE03D9B-FollowerState] INFO  server.RaftServerConfigKeys (ConfUtils.java:logFallback(53)) - raft.server.rpc.first-election.timeout.min = 5s (fallback to raft.server.rpc.timeout.min)
2023-03-09 15:00:47,144 [ac810fbe-b19a-4148-a035-811b2b5a9c18@group-CBC73EE03D9B-FollowerState] INFO  server.RaftServerConfigKeys (ConfUtils.java:logFallback(53)) - raft.server.rpc.first-election.timeout.max = 5200ms (fallback to raft.server.rpc.timeout.max)
2023-03-09 15:00:47,145 [ac810fbe-b19a-4148-a035-811b2b5a9c18@group-99B86DAED154-LeaderElection39] INFO  impl.RoleInfo (RoleInfo.java:updateAndGet(139)) - ac810fbe-b19a-4148-a035-811b2b5a9c18: start ac810fbe-b19a-4148-a035-811b2b5a9c18@group-99B86DAED154-LeaderStateImpl
2023-03-09 15:00:47,145 [ac810fbe-b19a-4148-a035-811b2b5a9c18@group-99B86DAED154-LeaderElection39] INFO  segmented.SegmentedRaftLogWorker (SegmentedRaftLogWorker.java:startLogSegment(452)) - ac810fbe-b19a-4148-a035-811b2b5a9c18@group-99B86DAED154-SegmentedRaftLogWorker: Starting segment from index:0
2023-03-09 15:00:47,145 [grpc-default-executor-3] INFO  server.RaftServer$Division (RaftServerImpl.java:requestVote(1251)) - ac810fbe-b19a-4148-a035-811b2b5a9c18@group-CBC73EE03D9B replies to ELECTION vote request: fdc7571d-9447-4092-959d-9ce0ad2f1809<-ac810fbe-b19a-4148-a035-811b2b5a9c18#0:OK-t1. Peer's state: ac810fbe-b19a-4148-a035-811b2b5a9c18@group-CBC73EE03D9B:t1, leader=null, voted=fdc7571d-9447-4092-959d-9ce0ad2f1809, raftlog=Memoized:ac810fbe-b19a-4148-a035-811b2b5a9c18@group-CBC73EE03D9B-SegmentedRaftLog:OPENED:c-1, conf=-1: peers:[ac810fbe-b19a-4148-a035-811b2b5a9c18|rpc:127.0.0.1:39805|dataStream:127.0.0.1:45019|priority:0|startupRole:FOLLOWER, fdc7571d-9447-4092-959d-9ce0ad2f1809|rpc:127.0.0.1:36519|dataStream:127.0.0.1:44285|priority:1|startupRole:FOLLOWER, 0ee7bec8-2182-4b4a-933d-6a3bad615c17|rpc:127.0.0.1:38121|dataStream:127.0.0.1:45643|priority:0|startupRole:FOLLOWER]|listeners:[], old=null
2023-03-09 15:00:47,146 [ac810fbe-b19a-4148-a035-811b2b5a9c18@group-99B86DAED154-SegmentedRaftLogWorker] INFO  segmented.SegmentedRaftLogWorker (SegmentedRaftLogWorker.java:execute(656)) - ac810fbe-b19a-4148-a035-811b2b5a9c18@group-99B86DAED154-SegmentedRaftLogWorker: created new log segment /home/runner/work/ozone/ozone/hadoop-ozone/integration-test/target/test-dir/MiniOzoneClusterImpl-4e7c95cc-71c1-4f0b-a9e9-e7b04a6f140e/datanode-1/data/ratis/8a5de1dc-715e-407e-ae3f-99b86daed154/current/log_inprogress_0
2023-03-09 15:00:47,154 [grpc-default-executor-1] INFO  impl.VoteContext (VoteContext.java:log(49)) - 0ee7bec8-2182-4b4a-933d-6a3bad615c17@group-CBC73EE03D9B-FOLLOWER: accept PRE_VOTE from fdc7571d-9447-4092-959d-9ce0ad2f1809: our priority 0 <= candidate's priority 1
2023-03-09 15:00:47,155 [grpc-default-executor-6] INFO  server.RaftServer$Division (RaftServerImpl.java:requestVote(1218)) - 0ee7bec8-2182-4b4a-933d-6a3bad615c17@group-CBC73EE03D9B: receive requestVote(ELECTION, fdc7571d-9447-4092-959d-9ce0ad2f1809, group-CBC73EE03D9B, 1, (t:0, i:0))
2023-03-09 15:00:47,155 [grpc-default-executor-1] INFO  server.RaftServer$Division (RaftServerImpl.java:requestVote(1251)) - 0ee7bec8-2182-4b4a-933d-6a3bad615c17@group-CBC73EE03D9B replies to PRE_VOTE vote request: fdc7571d-9447-4092-959d-9ce0ad2f1809<-0ee7bec8-2182-4b4a-933d-6a3bad615c17#0:OK-t0. Peer's state: 0ee7bec8-2182-4b4a-933d-6a3bad615c17@group-CBC73EE03D9B:t0, leader=null, voted=, raftlog=Memoized:0ee7bec8-2182-4b4a-933d-6a3bad615c17@group-CBC73EE03D9B-SegmentedRaftLog:OPENED:c-1, conf=-1: peers:[ac810fbe-b19a-4148-a035-811b2b5a9c18|rpc:127.0.0.1:39805|dataStream:127.0.0.1:45019|priority:0|startupRole:FOLLOWER, fdc7571d-9447-4092-959d-9ce0ad2f1809|rpc:127.0.0.1:36519|dataStream:127.0.0.1:44285|priority:1|startupRole:FOLLOWER, 0ee7bec8-2182-4b4a-933d-6a3bad615c17|rpc:127.0.0.1:38121|dataStream:127.0.0.1:45643|priority:0|startupRole:FOLLOWER]|listeners:[], old=null
2023-03-09 15:00:47,155 [grpc-default-executor-6] INFO  impl.VoteContext (VoteContext.java:log(49)) - 0ee7bec8-2182-4b4a-933d-6a3bad615c17@group-CBC73EE03D9B-FOLLOWER: accept ELECTION from fdc7571d-9447-4092-959d-9ce0ad2f1809: our priority 0 <= candidate's priority 1
2023-03-09 15:00:47,155 [grpc-default-executor-6] INFO  server.RaftServer$Division (RaftServerImpl.java:setRole(321)) - 0ee7bec8-2182-4b4a-933d-6a3bad615c17@group-CBC73EE03D9B: changes role from  FOLLOWER to FOLLOWER at term 1 for candidate:fdc7571d-9447-4092-959d-9ce0ad2f1809
2023-03-09 15:00:47,155 [grpc-default-executor-6] INFO  impl.RoleInfo (RoleInfo.java:shutdownFollowerState(110)) - 0ee7bec8-2182-4b4a-933d-6a3bad615c17: shutdown 0ee7bec8-2182-4b4a-933d-6a3bad615c17@group-CBC73EE03D9B-FollowerState
2023-03-09 15:00:47,155 [ac810fbe-b19a-4148-a035-811b2b5a9c18@group-99B86DAED154-LeaderElection39] INFO  server.RaftServer$Division (ServerState.java:setRaftConf(430)) - ac810fbe-b19a-4148-a035-811b2b5a9c18@group-99B86DAED154: set configuration 0: peers:[ac810fbe-b19a-4148-a035-811b2b5a9c18|rpc:127.0.0.1:39805|dataStream:127.0.0.1:45019|priority:1|startupRole:FOLLOWER, 0ee7bec8-2182-4b4a-933d-6a3bad615c17|rpc:127.0.0.1:38121|dataStream:127.0.0.1:45643|priority:0|startupRole:FOLLOWER, fdc7571d-9447-4092-959d-9ce0ad2f1809|rpc:127.0.0.1:36519|dataStream:127.0.0.1:44285|priority:0|startupRole:FOLLOWER]|listeners:[], old=null
2023-03-09 15:00:47,155 [0ee7bec8-2182-4b4a-933d-6a3bad615c17@group-CBC73EE03D9B-FollowerState] INFO  impl.FollowerState (FollowerState.java:run(152)) - 0ee7bec8-2182-4b4a-933d-6a3bad615c17@group-CBC73EE03D9B-FollowerState was interrupted
2023-03-09 15:00:47,155 [grpc-default-executor-6] INFO  impl.RoleInfo (RoleInfo.java:updateAndGet(139)) - 0ee7bec8-2182-4b4a-933d-6a3bad615c17: start 0ee7bec8-2182-4b4a-933d-6a3bad615c17@group-CBC73EE03D9B-FollowerState
2023-03-09 15:00:47,156 [0ee7bec8-2182-4b4a-933d-6a3bad615c17@group-CBC73EE03D9B-FollowerState] INFO  server.RaftServerConfigKeys (ConfUtils.java:logFallback(53)) - raft.server.rpc.first-election.timeout.min = 5s (fallback to raft.server.rpc.timeout.min)
2023-03-09 15:00:47,156 [fdc7571d-9447-4092-959d-9ce0ad2f1809@group-CBC73EE03D9B-LeaderElection40] INFO  impl.LeaderElection (LeaderElection.java:logAndReturn(90)) - fdc7571d-9447-4092-959d-9ce0ad2f1809@group-CBC73EE03D9B-LeaderElection40: ELECTION PASSED received 1 response(s) and 0 exception(s):
2023-03-09 15:00:47,158 [fdc7571d-9447-4092-959d-9ce0ad2f1809@group-CBC73EE03D9B-LeaderElection40] INFO  impl.LeaderElection (LeaderElection.java:logAndReturn(94)) -   Response 0: fdc7571d-9447-4092-959d-9ce0ad2f1809<-ac810fbe-b19a-4148-a035-811b2b5a9c18#0:OK-t1
2023-03-09 15:00:47,158 [fdc7571d-9447-4092-959d-9ce0ad2f1809@group-CBC73EE03D9B-LeaderElection40] INFO  impl.LeaderElection (LeaderElection.java:askForVotes(314)) - fdc7571d-9447-4092-959d-9ce0ad2f1809@group-CBC73EE03D9B-LeaderElection40 ELECTION round 0: result PASSED
2023-03-09 15:00:47,158 [fdc7571d-9447-4092-959d-9ce0ad2f1809@group-CBC73EE03D9B-LeaderElection40] INFO  impl.RoleInfo (RoleInfo.java:shutdownLeaderElection(130)) - fdc7571d-9447-4092-959d-9ce0ad2f1809: shutdown fdc7571d-9447-4092-959d-9ce0ad2f1809@group-CBC73EE03D9B-LeaderElection40
2023-03-09 15:00:47,158 [grpc-default-executor-6] INFO  server.RaftServer$Division (RaftServerImpl.java:requestVote(1251)) - 0ee7bec8-2182-4b4a-933d-6a3bad615c17@group-CBC73EE03D9B replies to ELECTION vote request: fdc7571d-9447-4092-959d-9ce0ad2f1809<-0ee7bec8-2182-4b4a-933d-6a3bad615c17#0:OK-t1. Peer's state: 0ee7bec8-2182-4b4a-933d-6a3bad615c17@group-CBC73EE03D9B:t1, leader=null, voted=fdc7571d-9447-4092-959d-9ce0ad2f1809, raftlog=Memoized:0ee7bec8-2182-4b4a-933d-6a3bad615c17@group-CBC73EE03D9B-SegmentedRaftLog:OPENED:c-1, conf=-1: peers:[ac810fbe-b19a-4148-a035-811b2b5a9c18|rpc:127.0.0.1:39805|dataStream:127.0.0.1:45019|priority:0|startupRole:FOLLOWER, fdc7571d-9447-4092-959d-9ce0ad2f1809|rpc:127.0.0.1:36519|dataStream:127.0.0.1:44285|priority:1|startupRole:FOLLOWER, 0ee7bec8-2182-4b4a-933d-6a3bad615c17|rpc:127.0.0.1:38121|dataStream:127.0.0.1:45643|priority:0|startupRole:FOLLOWER]|listeners:[], old=null
2023-03-09 15:00:47,158 [fdc7571d-9447-4092-959d-9ce0ad2f1809@group-CBC73EE03D9B-LeaderElection40] INFO  server.RaftServer$Division (RaftServerImpl.java:setRole(321)) - fdc7571d-9447-4092-959d-9ce0ad2f1809@group-CBC73EE03D9B: changes role from CANDIDATE to LEADER at term 1 for changeToLeader
2023-03-09 15:00:47,159 [fdc7571d-9447-4092-959d-9ce0ad2f1809@group-CBC73EE03D9B-LeaderElection40] INFO  ratis.XceiverServerRatis (XceiverServerRatis.java:handleLeaderChangedNotification(905)) - Leader change notification received for group: group-CBC73EE03D9B with new leaderId: fdc7571d-9447-4092-959d-9ce0ad2f1809
2023-03-09 15:00:47,159 [fdc7571d-9447-4092-959d-9ce0ad2f1809@group-CBC73EE03D9B-LeaderElection40] INFO  server.RaftServer$Division (ServerState.java:setLeader(313)) - fdc7571d-9447-4092-959d-9ce0ad2f1809@group-CBC73EE03D9B: change Leader from null to fdc7571d-9447-4092-959d-9ce0ad2f1809 at term 1 for becomeLeader, leader elected after 5235ms
2023-03-09 15:00:47,159 [fdc7571d-9447-4092-959d-9ce0ad2f1809@group-CBC73EE03D9B-LeaderElection40] INFO  server.RaftServerConfigKeys (ConfUtils.java:logGet(46)) - raft.server.staging.catchup.gap = 1000 (default)
2023-03-09 15:00:47,171 [0ee7bec8-2182-4b4a-933d-6a3bad615c17@group-CBC73EE03D9B-FollowerState] INFO  server.RaftServerConfigKeys (ConfUtils.java:logFallback(53)) - raft.server.rpc.first-election.timeout.max = 5200ms (fallback to raft.server.rpc.timeout.max)
2023-03-09 15:00:47,171 [fdc7571d-9447-4092-959d-9ce0ad2f1809@group-CBC73EE03D9B-LeaderElection40] INFO  server.RaftServerConfigKeys (ConfUtils.java:logGet(46)) - raft.server.write.element-limit = 1024 (custom)
2023-03-09 15:00:47,172 [fdc7571d-9447-4092-959d-9ce0ad2f1809@group-CBC73EE03D9B-LeaderElection40] INFO  server.RaftServerConfigKeys (ConfUtils.java:logGet(46)) - raft.server.write.byte-limit = 1024 M (=1073741824) (custom)
2023-03-09 15:00:47,172 [fdc7571d-9447-4092-959d-9ce0ad2f1809@group-CBC73EE03D9B-LeaderElection40] INFO  server.RaftServerConfigKeys (ConfUtils.java:logGet(46)) - raft.server.watch.timeout = 180s (custom)
2023-03-09 15:00:47,172 [fdc7571d-9447-4092-959d-9ce0ad2f1809@group-CBC73EE03D9B-LeaderElection40] INFO  server.RaftServerConfigKeys (ConfUtils.java:logGet(46)) - raft.server.watch.timeout.denomination = 1s (default)
2023-03-09 15:00:47,172 [fdc7571d-9447-4092-959d-9ce0ad2f1809@group-CBC73EE03D9B-LeaderElection40] INFO  server.RaftServerConfigKeys (ConfUtils.java:logGet(46)) - raft.server.watch.element-limit = 65536 (default)
2023-03-09 15:00:47,172 [fdc7571d-9447-4092-959d-9ce0ad2f1809@group-CBC73EE03D9B-LeaderElection40] INFO  server.RaftServerConfigKeys (ConfUtils.java:logGet(46)) - raft.server.write.element-limit = 1024 (custom)
2023-03-09 15:00:47,172 [fdc7571d-9447-4092-959d-9ce0ad2f1809@group-CBC73EE03D9B-LeaderElection40] INFO  server.RaftServerConfigKeys (ConfUtils.java:logGet(46)) - raft.server.write.follower.gap.ratio.max = -1.0 (default)
2023-03-09 15:00:47,173 [fdc7571d-9447-4092-959d-9ce0ad2f1809@group-CBC73EE03D9B-LeaderElection40] INFO  server.RaftServerConfigKeys (ConfUtils.java:logGet(46)) - raft.server.log.appender.snapshot.chunk.size.max = 16MB (=16777216) (default)
2023-03-09 15:00:47,173 [fdc7571d-9447-4092-959d-9ce0ad2f1809@group-CBC73EE03D9B-LeaderElection40] INFO  server.RaftServerConfigKeys (ConfUtils.java:logGet(46)) - raft.server.log.appender.buffer.byte-limit = 33554432 (custom)
2023-03-09 15:00:47,173 [fdc7571d-9447-4092-959d-9ce0ad2f1809@group-CBC73EE03D9B-LeaderElection40] INFO  server.RaftServerConfigKeys (ConfUtils.java:logGet(46)) - raft.server.log.appender.buffer.element-limit = 1 (custom)
2023-03-09 15:00:47,173 [EventQueue-PipelineReportForPipelineReportHandler] INFO  pipeline.PipelineManagerImpl (PipelineManagerImpl.java:openPipeline(367)) - Pipeline Pipeline[ Id: 4c531124-62d2-4bb3-9edf-cbc73ee03d9b, Nodes: fdc7571d-9447-4092-959d-9ce0ad2f1809(localhost/127.0.0.1)0ee7bec8-2182-4b4a-933d-6a3bad615c17(localhost/127.0.0.1)ac810fbe-b19a-4148-a035-811b2b5a9c18(localhost/127.0.0.1), ReplicationConfig: RATIS/THREE, State:ALLOCATED, leaderId:fdc7571d-9447-4092-959d-9ce0ad2f1809, CreationTimestamp2023-03-09T15:00:39.587Z[Etc/UTC]] moved to OPEN state
2023-03-09 15:00:47,173 [fdc7571d-9447-4092-959d-9ce0ad2f1809@group-CBC73EE03D9B-LeaderElection40] INFO  grpc.GrpcConfigKeys (ConfUtils.java:logGet(46)) - raft.grpc.server.leader.outstanding.appends.max = 128 (default)
2023-03-09 15:00:47,174 [fdc7571d-9447-4092-959d-9ce0ad2f1809@group-CBC73EE03D9B-LeaderElection40] INFO  server.RaftServerConfigKeys (ConfUtils.java:logGet(46)) - raft.server.rpc.request.timeout = 60s (custom)
2023-03-09 15:00:47,174 [fdc7571d-9447-4092-959d-9ce0ad2f1809@group-CBC73EE03D9B-LeaderElection40] INFO  server.RaftServerConfigKeys (ConfUtils.java:logGet(46)) - raft.server.log.appender.install.snapshot.enabled = false (custom)
2023-03-09 15:00:47,174 [fdc7571d-9447-4092-959d-9ce0ad2f1809@group-CBC73EE03D9B-LeaderElection40] INFO  grpc.GrpcConfigKeys (ConfUtils.java:logGet(46)) - raft.grpc.server.heartbeat.channel = true (default)
2023-03-09 15:00:47,174 [fdc7571d-9447-4092-959d-9ce0ad2f1809@group-CBC73EE03D9B-LeaderElection40] INFO  server.RaftServerConfigKeys (ConfUtils.java:logGet(46)) - raft.server.log.appender.wait-time.min = 10ms (default)
2023-03-09 15:00:47,179 [fdc7571d-9447-4092-959d-9ce0ad2f1809@group-CBC73EE03D9B-LeaderElection40] INFO  server.RaftServerConfigKeys (ConfUtils.java:logGet(46)) - raft.server.log.appender.snapshot.chunk.size.max = 16MB (=16777216) (default)
2023-03-09 15:00:47,179 [fdc7571d-9447-4092-959d-9ce0ad2f1809@group-CBC73EE03D9B-LeaderElection40] INFO  server.RaftServerConfigKeys (ConfUtils.java:logGet(46)) - raft.server.log.appender.buffer.byte-limit = 33554432 (custom)
2023-03-09 15:00:47,179 [fdc7571d-9447-4092-959d-9ce0ad2f1809@group-CBC73EE03D9B-LeaderElection40] INFO  server.RaftServerConfigKeys (ConfUtils.java:logGet(46)) - raft.server.log.appender.buffer.element-limit = 1 (custom)
2023-03-09 15:00:47,181 [fdc7571d-9447-4092-959d-9ce0ad2f1809@group-CBC73EE03D9B-LeaderElection40] INFO  grpc.GrpcConfigKeys (ConfUtils.java:logGet(46)) - raft.grpc.server.leader.outstanding.appends.max = 128 (default)
2023-03-09 15:00:47,181 [fdc7571d-9447-4092-959d-9ce0ad2f1809@group-CBC73EE03D9B-LeaderElection40] INFO  server.RaftServerConfigKeys (ConfUtils.java:logGet(46)) - raft.server.rpc.request.timeout = 60s (custom)
2023-03-09 15:00:47,181 [fdc7571d-9447-4092-959d-9ce0ad2f1809@group-CBC73EE03D9B-LeaderElection40] INFO  server.RaftServerConfigKeys (ConfUtils.java:logGet(46)) - raft.server.log.appender.install.snapshot.enabled = false (custom)
2023-03-09 15:00:47,181 [0ee7bec8-2182-4b4a-933d-6a3bad615c17-server-thread1] INFO  ratis.XceiverServerRatis (XceiverServerRatis.java:handleLeaderChangedNotification(905)) - Leader change notification received for group: group-99B86DAED154 with new leaderId: ac810fbe-b19a-4148-a035-811b2b5a9c18
2023-03-09 15:00:47,181 [fdc7571d-9447-4092-959d-9ce0ad2f1809@group-CBC73EE03D9B-LeaderElection40] INFO  grpc.GrpcConfigKeys (ConfUtils.java:logGet(46)) - raft.grpc.server.heartbeat.channel = true (default)
2023-03-09 15:00:47,181 [0ee7bec8-2182-4b4a-933d-6a3bad615c17-server-thread1] INFO  server.RaftServer$Division (ServerState.java:setLeader(313)) - 0ee7bec8-2182-4b4a-933d-6a3bad615c17@group-99B86DAED154: change Leader from null to ac810fbe-b19a-4148-a035-811b2b5a9c18 at term 1 for appendEntries, leader elected after 5339ms
2023-03-09 15:00:47,181 [fdc7571d-9447-4092-959d-9ce0ad2f1809@group-CBC73EE03D9B-LeaderElection40] INFO  server.RaftServerConfigKeys (ConfUtils.java:logGet(46)) - raft.server.log.appender.wait-time.min = 10ms (default)
2023-03-09 15:00:47,181 [fdc7571d-9447-4092-959d-9ce0ad2f1809@group-CBC73EE03D9B-LeaderElection40] INFO  impl.RoleInfo (RoleInfo.java:updateAndGet(139)) - fdc7571d-9447-4092-959d-9ce0ad2f1809: start fdc7571d-9447-4092-959d-9ce0ad2f1809@group-CBC73EE03D9B-LeaderStateImpl
2023-03-09 15:00:47,181 [fdc7571d-9447-4092-959d-9ce0ad2f1809-server-thread2] INFO  ratis.XceiverServerRatis (XceiverServerRatis.java:handleLeaderChangedNotification(905)) - Leader change notification received for group: group-99B86DAED154 with new leaderId: ac810fbe-b19a-4148-a035-811b2b5a9c18
2023-03-09 15:00:47,183 [fdc7571d-9447-4092-959d-9ce0ad2f1809-server-thread2] INFO  server.RaftServer$Division (ServerState.java:setLeader(313)) - fdc7571d-9447-4092-959d-9ce0ad2f1809@group-99B86DAED154: change Leader from null to ac810fbe-b19a-4148-a035-811b2b5a9c18 at term 1 for appendEntries, leader elected after 5376ms
2023-03-09 15:00:47,183 [fdc7571d-9447-4092-959d-9ce0ad2f1809@group-CBC73EE03D9B-LeaderElection40] INFO  segmented.SegmentedRaftLogWorker (SegmentedRaftLogWorker.java:startLogSegment(452)) - fdc7571d-9447-4092-959d-9ce0ad2f1809@group-CBC73EE03D9B-SegmentedRaftLogWorker: Starting segment from index:0
2023-03-09 15:00:47,189 [0ee7bec8-2182-4b4a-933d-6a3bad615c17-server-thread1] INFO  server.RaftServer$Division (ServerState.java:setRaftConf(430)) - 0ee7bec8-2182-4b4a-933d-6a3bad615c17@group-99B86DAED154: set configuration 0: peers:[ac810fbe-b19a-4148-a035-811b2b5a9c18|rpc:127.0.0.1:39805|dataStream:127.0.0.1:45019|priority:1|startupRole:FOLLOWER, 0ee7bec8-2182-4b4a-933d-6a3bad615c17|rpc:127.0.0.1:38121|dataStream:127.0.0.1:45643|priority:0|startupRole:FOLLOWER, fdc7571d-9447-4092-959d-9ce0ad2f1809|rpc:127.0.0.1:36519|dataStream:127.0.0.1:44285|priority:0|startupRole:FOLLOWER]|listeners:[], old=null
2023-03-09 15:00:47,189 [0ee7bec8-2182-4b4a-933d-6a3bad615c17-server-thread1] INFO  segmented.SegmentedRaftLogWorker (SegmentedRaftLogWorker.java:startLogSegment(452)) - 0ee7bec8-2182-4b4a-933d-6a3bad615c17@group-99B86DAED154-SegmentedRaftLogWorker: Starting segment from index:0
2023-03-09 15:00:47,189 [fdc7571d-9447-4092-959d-9ce0ad2f1809-server-thread1] INFO  server.RaftServer$Division (ServerState.java:setRaftConf(430)) - fdc7571d-9447-4092-959d-9ce0ad2f1809@group-99B86DAED154: set configuration 0: peers:[ac810fbe-b19a-4148-a035-811b2b5a9c18|rpc:127.0.0.1:39805|dataStream:127.0.0.1:45019|priority:1|startupRole:FOLLOWER, 0ee7bec8-2182-4b4a-933d-6a3bad615c17|rpc:127.0.0.1:38121|dataStream:127.0.0.1:45643|priority:0|startupRole:FOLLOWER, fdc7571d-9447-4092-959d-9ce0ad2f1809|rpc:127.0.0.1:36519|dataStream:127.0.0.1:44285|priority:0|startupRole:FOLLOWER]|listeners:[], old=null
2023-03-09 15:00:47,191 [0ee7bec8-2182-4b4a-933d-6a3bad615c17@group-99B86DAED154-SegmentedRaftLogWorker] INFO  segmented.SegmentedRaftLogWorker (SegmentedRaftLogWorker.java:execute(656)) - 0ee7bec8-2182-4b4a-933d-6a3bad615c17@group-99B86DAED154-SegmentedRaftLogWorker: created new log segment /home/runner/work/ozone/ozone/hadoop-ozone/integration-test/target/test-dir/MiniOzoneClusterImpl-4e7c95cc-71c1-4f0b-a9e9-e7b04a6f140e/datanode-2/data/ratis/8a5de1dc-715e-407e-ae3f-99b86daed154/current/log_inprogress_0
2023-03-09 15:00:47,194 [fdc7571d-9447-4092-959d-9ce0ad2f1809@group-CBC73EE03D9B-LeaderElection40] INFO  server.RaftServer$Division (ServerState.java:setRaftConf(430)) - fdc7571d-9447-4092-959d-9ce0ad2f1809@group-CBC73EE03D9B: set configuration 0: peers:[ac810fbe-b19a-4148-a035-811b2b5a9c18|rpc:127.0.0.1:39805|dataStream:127.0.0.1:45019|priority:0|startupRole:FOLLOWER, fdc7571d-9447-4092-959d-9ce0ad2f1809|rpc:127.0.0.1:36519|dataStream:127.0.0.1:44285|priority:1|startupRole:FOLLOWER, 0ee7bec8-2182-4b4a-933d-6a3bad615c17|rpc:127.0.0.1:38121|dataStream:127.0.0.1:45643|priority:0|startupRole:FOLLOWER]|listeners:[], old=null
2023-03-09 15:00:47,195 [fdc7571d-9447-4092-959d-9ce0ad2f1809-server-thread1] INFO  segmented.SegmentedRaftLogWorker (SegmentedRaftLogWorker.java:startLogSegment(452)) - fdc7571d-9447-4092-959d-9ce0ad2f1809@group-99B86DAED154-SegmentedRaftLogWorker: Starting segment from index:0
2023-03-09 15:00:47,201 [fdc7571d-9447-4092-959d-9ce0ad2f1809@group-CBC73EE03D9B-SegmentedRaftLogWorker] INFO  segmented.SegmentedRaftLogWorker (SegmentedRaftLogWorker.java:execute(656)) - fdc7571d-9447-4092-959d-9ce0ad2f1809@group-CBC73EE03D9B-SegmentedRaftLogWorker: created new log segment /home/runner/work/ozone/ozone/hadoop-ozone/integration-test/target/test-dir/MiniOzoneClusterImpl-4e7c95cc-71c1-4f0b-a9e9-e7b04a6f140e/datanode-0/data/ratis/4c531124-62d2-4bb3-9edf-cbc73ee03d9b/current/log_inprogress_0
2023-03-09 15:00:47,201 [fdc7571d-9447-4092-959d-9ce0ad2f1809@group-99B86DAED154-SegmentedRaftLogWorker] INFO  segmented.SegmentedRaftLogWorker (SegmentedRaftLogWorker.java:execute(656)) - fdc7571d-9447-4092-959d-9ce0ad2f1809@group-99B86DAED154-SegmentedRaftLogWorker: created new log segment /home/runner/work/ozone/ozone/hadoop-ozone/integration-test/target/test-dir/MiniOzoneClusterImpl-4e7c95cc-71c1-4f0b-a9e9-e7b04a6f140e/datanode-0/data/ratis/8a5de1dc-715e-407e-ae3f-99b86daed154/current/log_inprogress_0
2023-03-09 15:00:47,210 [0ee7bec8-2182-4b4a-933d-6a3bad615c17-server-thread1] INFO  ratis.XceiverServerRatis (XceiverServerRatis.java:handleLeaderChangedNotification(905)) - Leader change notification received for group: group-CBC73EE03D9B with new leaderId: fdc7571d-9447-4092-959d-9ce0ad2f1809
2023-03-09 15:00:47,210 [0ee7bec8-2182-4b4a-933d-6a3bad615c17-server-thread1] INFO  server.RaftServer$Division (ServerState.java:setLeader(313)) - 0ee7bec8-2182-4b4a-933d-6a3bad615c17@group-CBC73EE03D9B: change Leader from null to fdc7571d-9447-4092-959d-9ce0ad2f1809 at term 1 for appendEntries, leader elected after 5253ms
2023-03-09 15:00:47,214 [0ee7bec8-2182-4b4a-933d-6a3bad615c17-server-thread2] INFO  server.RaftServer$Division (ServerState.java:setRaftConf(430)) - 0ee7bec8-2182-4b4a-933d-6a3bad615c17@group-CBC73EE03D9B: set configuration 0: peers:[ac810fbe-b19a-4148-a035-811b2b5a9c18|rpc:127.0.0.1:39805|dataStream:127.0.0.1:45019|priority:0|startupRole:FOLLOWER, fdc7571d-9447-4092-959d-9ce0ad2f1809|rpc:127.0.0.1:36519|dataStream:127.0.0.1:44285|priority:1|startupRole:FOLLOWER, 0ee7bec8-2182-4b4a-933d-6a3bad615c17|rpc:127.0.0.1:38121|dataStream:127.0.0.1:45643|priority:0|startupRole:FOLLOWER]|listeners:[], old=null
2023-03-09 15:00:47,215 [0ee7bec8-2182-4b4a-933d-6a3bad615c17-server-thread2] INFO  segmented.SegmentedRaftLogWorker (SegmentedRaftLogWorker.java:startLogSegment(452)) - 0ee7bec8-2182-4b4a-933d-6a3bad615c17@group-CBC73EE03D9B-SegmentedRaftLogWorker: Starting segment from index:0
2023-03-09 15:00:47,220 [ac810fbe-b19a-4148-a035-811b2b5a9c18-server-thread1] INFO  ratis.XceiverServerRatis (XceiverServerRatis.java:handleLeaderChangedNotification(905)) - Leader change notification received for group: group-CBC73EE03D9B with new leaderId: fdc7571d-9447-4092-959d-9ce0ad2f1809
2023-03-09 15:00:47,220 [ac810fbe-b19a-4148-a035-811b2b5a9c18-server-thread1] INFO  server.RaftServer$Division (ServerState.java:setLeader(313)) - ac810fbe-b19a-4148-a035-811b2b5a9c18@group-CBC73EE03D9B: change Leader from null to fdc7571d-9447-4092-959d-9ce0ad2f1809 at term 1 for appendEntries, leader elected after 5210ms
2023-03-09 15:00:47,221 [0ee7bec8-2182-4b4a-933d-6a3bad615c17@group-CBC73EE03D9B-SegmentedRaftLogWorker] INFO  segmented.SegmentedRaftLogWorker (SegmentedRaftLogWorker.java:execute(656)) - 0ee7bec8-2182-4b4a-933d-6a3bad615c17@group-CBC73EE03D9B-SegmentedRaftLogWorker: created new log segment /home/runner/work/ozone/ozone/hadoop-ozone/integration-test/target/test-dir/MiniOzoneClusterImpl-4e7c95cc-71c1-4f0b-a9e9-e7b04a6f140e/datanode-2/data/ratis/4c531124-62d2-4bb3-9edf-cbc73ee03d9b/current/log_inprogress_0
2023-03-09 15:00:47,222 [ac810fbe-b19a-4148-a035-811b2b5a9c18-server-thread2] INFO  server.RaftServer$Division (ServerState.java:setRaftConf(430)) - ac810fbe-b19a-4148-a035-811b2b5a9c18@group-CBC73EE03D9B: set configuration 0: peers:[ac810fbe-b19a-4148-a035-811b2b5a9c18|rpc:127.0.0.1:39805|dataStream:127.0.0.1:45019|priority:0|startupRole:FOLLOWER, fdc7571d-9447-4092-959d-9ce0ad2f1809|rpc:127.0.0.1:36519|dataStream:127.0.0.1:44285|priority:1|startupRole:FOLLOWER, 0ee7bec8-2182-4b4a-933d-6a3bad615c17|rpc:127.0.0.1:38121|dataStream:127.0.0.1:45643|priority:0|startupRole:FOLLOWER]|listeners:[], old=null
2023-03-09 15:00:47,223 [ac810fbe-b19a-4148-a035-811b2b5a9c18-server-thread2] INFO  segmented.SegmentedRaftLogWorker (SegmentedRaftLogWorker.java:startLogSegment(452)) - ac810fbe-b19a-4148-a035-811b2b5a9c18@group-CBC73EE03D9B-SegmentedRaftLogWorker: Starting segment from index:0
2023-03-09 15:00:47,225 [ac810fbe-b19a-4148-a035-811b2b5a9c18@group-CBC73EE03D9B-SegmentedRaftLogWorker] INFO  segmented.SegmentedRaftLogWorker (SegmentedRaftLogWorker.java:execute(656)) - ac810fbe-b19a-4148-a035-811b2b5a9c18@group-CBC73EE03D9B-SegmentedRaftLogWorker: created new log segment /home/runner/work/ozone/ozone/hadoop-ozone/integration-test/target/test-dir/MiniOzoneClusterImpl-4e7c95cc-71c1-4f0b-a9e9-e7b04a6f140e/datanode-1/data/ratis/4c531124-62d2-4bb3-9edf-cbc73ee03d9b/current/log_inprogress_0
2023-03-09 15:00:47,225 [ac810fbe-b19a-4148-a035-811b2b5a9c18@group-6627FBC0D812-FollowerState] INFO  impl.FollowerState (FollowerState.java:run(143)) - ac810fbe-b19a-4148-a035-811b2b5a9c18@group-6627FBC0D812-FollowerState: change to CANDIDATE, lastRpcElapsedTime:5073610006ns, electionTimeout:5073ms
2023-03-09 15:00:47,226 [ac810fbe-b19a-4148-a035-811b2b5a9c18@group-6627FBC0D812-FollowerState] INFO  impl.RoleInfo (RoleInfo.java:shutdownFollowerState(110)) - ac810fbe-b19a-4148-a035-811b2b5a9c18: shutdown ac810fbe-b19a-4148-a035-811b2b5a9c18@group-6627FBC0D812-FollowerState
2023-03-09 15:00:47,226 [ac810fbe-b19a-4148-a035-811b2b5a9c18@group-6627FBC0D812-FollowerState] INFO  server.RaftServer$Division (RaftServerImpl.java:setRole(321)) - ac810fbe-b19a-4148-a035-811b2b5a9c18@group-6627FBC0D812: changes role from  FOLLOWER to CANDIDATE at term 0 for changeToCandidate
2023-03-09 15:00:47,227 [ac810fbe-b19a-4148-a035-811b2b5a9c18@group-6627FBC0D812-FollowerState] INFO  server.RaftServerConfigKeys (ConfUtils.java:logGet(46)) - raft.server.leaderelection.pre-vote = true (default)
2023-03-09 15:00:47,227 [ac810fbe-b19a-4148-a035-811b2b5a9c18@group-6627FBC0D812-FollowerState] INFO  impl.RoleInfo (RoleInfo.java:updateAndGet(139)) - ac810fbe-b19a-4148-a035-811b2b5a9c18: start ac810fbe-b19a-4148-a035-811b2b5a9c18@group-6627FBC0D812-LeaderElection41
2023-03-09 15:00:47,235 [ac810fbe-b19a-4148-a035-811b2b5a9c18@group-6627FBC0D812-LeaderElection41] INFO  impl.LeaderElection (LeaderElection.java:askForVotes(312)) - ac810fbe-b19a-4148-a035-811b2b5a9c18@group-6627FBC0D812-LeaderElection41 PRE_VOTE round 0: submit vote requests at term 0 for -1: peers:[ac810fbe-b19a-4148-a035-811b2b5a9c18|rpc:127.0.0.1:39805|dataStream:127.0.0.1:45019|priority:1|startupRole:FOLLOWER]|listeners:[], old=null
2023-03-09 15:00:47,235 [ac810fbe-b19a-4148-a035-811b2b5a9c18@group-6627FBC0D812-LeaderElection41] INFO  impl.LeaderElection (LeaderElection.java:askForVotes(314)) - ac810fbe-b19a-4148-a035-811b2b5a9c18@group-6627FBC0D812-LeaderElection41 PRE_VOTE round 0: result PASSED (term=0)
2023-03-09 15:00:47,237 [ac810fbe-b19a-4148-a035-811b2b5a9c18@group-6627FBC0D812-LeaderElection41] INFO  impl.LeaderElection (LeaderElection.java:askForVotes(312)) - ac810fbe-b19a-4148-a035-811b2b5a9c18@group-6627FBC0D812-LeaderElection41 ELECTION round 0: submit vote requests at term 1 for -1: peers:[ac810fbe-b19a-4148-a035-811b2b5a9c18|rpc:127.0.0.1:39805|dataStream:127.0.0.1:45019|priority:1|startupRole:FOLLOWER]|listeners:[], old=null
2023-03-09 15:00:47,237 [ac810fbe-b19a-4148-a035-811b2b5a9c18@group-6627FBC0D812-LeaderElection41] INFO  impl.LeaderElection (LeaderElection.java:askForVotes(314)) - ac810fbe-b19a-4148-a035-811b2b5a9c18@group-6627FBC0D812-LeaderElection41 ELECTION round 0: result PASSED (term=1)
2023-03-09 15:00:47,237 [ac810fbe-b19a-4148-a035-811b2b5a9c18@group-6627FBC0D812-LeaderElection41] INFO  impl.RoleInfo (RoleInfo.java:shutdownLeaderElection(130)) - ac810fbe-b19a-4148-a035-811b2b5a9c18: shutdown ac810fbe-b19a-4148-a035-811b2b5a9c18@group-6627FBC0D812-LeaderElection41
2023-03-09 15:00:47,237 [ac810fbe-b19a-4148-a035-811b2b5a9c18@group-6627FBC0D812-LeaderElection41] INFO  server.RaftServer$Division (RaftServerImpl.java:setRole(321)) - ac810fbe-b19a-4148-a035-811b2b5a9c18@group-6627FBC0D812: changes role from CANDIDATE to LEADER at term 1 for changeToLeader
2023-03-09 15:00:47,237 [ac810fbe-b19a-4148-a035-811b2b5a9c18@group-6627FBC0D812-LeaderElection41] INFO  ratis.XceiverServerRatis (XceiverServerRatis.java:handleLeaderChangedNotification(905)) - Leader change notification received for group: group-6627FBC0D812 with new leaderId: ac810fbe-b19a-4148-a035-811b2b5a9c18
2023-03-09 15:00:47,237 [ac810fbe-b19a-4148-a035-811b2b5a9c18@group-6627FBC0D812-LeaderElection41] INFO  server.RaftServer$Division (ServerState.java:setLeader(313)) - ac810fbe-b19a-4148-a035-811b2b5a9c18@group-6627FBC0D812: change Leader from null to ac810fbe-b19a-4148-a035-811b2b5a9c18 at term 1 for becomeLeader, leader elected after 5106ms
2023-03-09 15:00:47,237 [ac810fbe-b19a-4148-a035-811b2b5a9c18@group-6627FBC0D812-LeaderElection41] INFO  server.RaftServerConfigKeys (ConfUtils.java:logGet(46)) - raft.server.staging.catchup.gap = 1000 (default)
2023-03-09 15:00:47,240 [ac810fbe-b19a-4148-a035-811b2b5a9c18@group-6627FBC0D812-LeaderElection41] INFO  server.RaftServerConfigKeys (ConfUtils.java:logGet(46)) - raft.server.write.element-limit = 1024 (custom)
2023-03-09 15:00:47,240 [ac810fbe-b19a-4148-a035-811b2b5a9c18@group-6627FBC0D812-LeaderElection41] INFO  server.RaftServerConfigKeys (ConfUtils.java:logGet(46)) - raft.server.write.byte-limit = 1024 M (=1073741824) (custom)
2023-03-09 15:00:47,241 [ac810fbe-b19a-4148-a035-811b2b5a9c18@group-6627FBC0D812-LeaderElection41] INFO  server.RaftServerConfigKeys (ConfUtils.java:logGet(46)) - raft.server.watch.timeout = 180s (custom)
2023-03-09 15:00:47,241 [ac810fbe-b19a-4148-a035-811b2b5a9c18@group-6627FBC0D812-LeaderElection41] INFO  server.RaftServerConfigKeys (ConfUtils.java:logGet(46)) - raft.server.watch.timeout.denomination = 1s (default)
2023-03-09 15:00:47,241 [ac810fbe-b19a-4148-a035-811b2b5a9c18@group-6627FBC0D812-LeaderElection41] INFO  server.RaftServerConfigKeys (ConfUtils.java:logGet(46)) - raft.server.watch.element-limit = 65536 (default)
2023-03-09 15:00:47,241 [ac810fbe-b19a-4148-a035-811b2b5a9c18@group-6627FBC0D812-LeaderElection41] INFO  server.RaftServerConfigKeys (ConfUtils.java:logGet(46)) - raft.server.write.element-limit = 1024 (custom)
2023-03-09 15:00:47,241 [ac810fbe-b19a-4148-a035-811b2b5a9c18@group-6627FBC0D812-LeaderElection41] INFO  server.RaftServerConfigKeys (ConfUtils.java:logGet(46)) - raft.server.write.follower.gap.ratio.max = -1.0 (default)
2023-03-09 15:00:47,241 [ac810fbe-b19a-4148-a035-811b2b5a9c18@group-6627FBC0D812-LeaderElection41] INFO  impl.RoleInfo (RoleInfo.java:updateAndGet(139)) - ac810fbe-b19a-4148-a035-811b2b5a9c18: start ac810fbe-b19a-4148-a035-811b2b5a9c18@group-6627FBC0D812-LeaderStateImpl
2023-03-09 15:00:47,241 [ac810fbe-b19a-4148-a035-811b2b5a9c18@group-6627FBC0D812-LeaderElection41] INFO  segmented.SegmentedRaftLogWorker (SegmentedRaftLogWorker.java:startLogSegment(452)) - ac810fbe-b19a-4148-a035-811b2b5a9c18@group-6627FBC0D812-SegmentedRaftLogWorker: Starting segment from index:0
2023-03-09 15:00:47,241 [ac810fbe-b19a-4148-a035-811b2b5a9c18@group-6627FBC0D812-LeaderElection41] INFO  server.RaftServer$Division (ServerState.java:setRaftConf(430)) - ac810fbe-b19a-4148-a035-811b2b5a9c18@group-6627FBC0D812: set configuration 0: peers:[ac810fbe-b19a-4148-a035-811b2b5a9c18|rpc:127.0.0.1:39805|dataStream:127.0.0.1:45019|priority:1|startupRole:FOLLOWER]|listeners:[], old=null
2023-03-09 15:00:47,243 [ac810fbe-b19a-4148-a035-811b2b5a9c18@group-6627FBC0D812-SegmentedRaftLogWorker] INFO  segmented.SegmentedRaftLogWorker (SegmentedRaftLogWorker.java:execute(656)) - ac810fbe-b19a-4148-a035-811b2b5a9c18@group-6627FBC0D812-SegmentedRaftLogWorker: created new log segment /home/runner/work/ozone/ozone/hadoop-ozone/integration-test/target/test-dir/MiniOzoneClusterImpl-4e7c95cc-71c1-4f0b-a9e9-e7b04a6f140e/datanode-1/data/ratis/914ae18b-b2da-467f-8c35-6627fbc0d812/current/log_inprogress_0
2023-03-09 15:00:47,591 [Listener at 127.0.0.1/40089] INFO  ozone.MiniOzoneClusterImpl (MiniOzoneClusterImpl.java:lambda$waitForClusterToBeReady$0(218)) - Nodes are ready. Got 3 of 3 DN Heartbeats.
2023-03-09 15:00:47,592 [Listener at 127.0.0.1/40089] INFO  ozone.MiniOzoneClusterImpl (MiniOzoneClusterImpl.java:lambda$waitForClusterToBeReady$0(221)) - Cluster exits safe mode
2023-03-09 15:00:47,592 [Listener at 127.0.0.1/40089] INFO  ozone.MiniOzoneClusterImpl (MiniOzoneClusterImpl.java:lambda$waitForClusterToBeReady$0(223)) - SCM became leader
2023-03-09 15:00:47,602 [IPC Server handler 2 on default port 40089] INFO  ha.SCMNodeInfo (SCMNodeInfo.java:getPort(197)) - ConfigKey ozone.scm.client.address is deprecated, For configuring different ports for each SCM use PortConfigKey ozone.scm.client.port appended with serviceId and nodeId
2023-03-09 15:00:47,602 [IPC Server handler 2 on default port 40089] INFO  ha.SCMNodeInfo (SCMNodeInfo.java:getPort(197)) - ConfigKey ozone.scm.block.client.address is deprecated, For configuring different ports for each SCM use PortConfigKey ozone.scm.block.client.port appended with serviceId and nodeId
2023-03-09 15:00:47,602 [IPC Server handler 2 on default port 40089] INFO  ha.SCMNodeInfo (SCMNodeInfo.java:getPort(197)) - ConfigKey ozone.scm.datanode.address is deprecated, For configuring different ports for each SCM use PortConfigKey ozone.scm.datanode.port appended with serviceId and nodeId
2023-03-09 15:00:47,605 [Listener at 127.0.0.1/40089] INFO  rpc.RpcClient (RpcClient.java:createVolume(476)) - Creating Volume: volume58122, with runner as owner and space quota set to -1 bytes, counts quota set to -1
2023-03-09 15:00:47,637 [OM StateMachine ApplyTransaction Thread - 0] INFO  volume.OMVolumeCreateRequest (OMVolumeCreateRequest.java:validateAndUpdateCache(195)) - created volume:volume58122 for user:runner
2023-03-09 15:00:47,646 [Listener at 127.0.0.1/40089] INFO  rpc.RpcClient (RpcClient.java:createBucket(698)) - Creating Bucket: volume58122/bucket28645, with server-side default bucket layout, runner as owner, Versioning false, Storage Type set to DISK and Encryption set to false, Replication Type set to server-side default replication type, Namespace Quota set to -1, Space Quota set to -1 
2023-03-09 15:00:47,650 [OM StateMachine ApplyTransaction Thread - 0] INFO  bucket.OMBucketCreateRequest (OMBucketCreateRequest.java:validateAndUpdateCache(263)) - created bucket: bucket28645 of layout FILE_SYSTEM_OPTIMIZED in volume: volume58122
2023-03-09 15:00:47,668 [IPC Server handler 4 on default port 39279] INFO  ha.SequenceIdGenerator (SequenceIdGenerator.java:getNextId(128)) - Allocate a batch for containerId, change lastId from 0 to 1000.
2023-03-09 15:00:47,675 [fb3fcbca-8ec0-4e2c-837f-292e7e68a1b5@group-E7B04A6F140E-StateMachineUpdater] WARN  ha.SequenceIdGenerator (SequenceIdGenerator.java:allocateBatch(237)) - Failed to allocate a batch for localId, expected lastId is 0, actual lastId is 111677748019200000.
2023-03-09 15:00:47,677 [IPC Server handler 4 on default port 39279] INFO  ha.SequenceIdGenerator (SequenceIdGenerator.java:getNextId(128)) - Allocate a batch for localId, change lastId from 111677748019200000 to 111677748019201000.
2023-03-09 15:00:47,745 [Listener at 127.0.0.1/40089] INFO  ha.OMHANodeDetails (OMHANodeDetails.java:loadOMHAConfig(121)) - ServiceID for OzoneManager is om-add-remove
2023-03-09 15:00:47,745 [Listener at 127.0.0.1/40089] INFO  ha.OMHANodeDetails (OMHANodeDetails.java:loadOMHAConfig(201)) - Found matching OM address with OMServiceId: om-add-remove, OMNodeId: omNode-bootstrap-1, RPC Address: localhost:34237 and Ratis port: 45227
2023-03-09 15:00:47,745 [Listener at 127.0.0.1/40089] INFO  ha.OMHANodeDetails (ConfUtils.java:setNodeSpecificConfigs(97)) - Setting configuration key ozone.om.http-address with value of key ozone.om.http-address.om-add-remove.omNode-bootstrap-1: 127.0.0.1:32959
2023-03-09 15:00:47,745 [Listener at 127.0.0.1/40089] INFO  ha.OMHANodeDetails (ConfUtils.java:setNodeSpecificConfigs(97)) - Setting configuration key ozone.om.https-address with value of key ozone.om.https-address.om-add-remove.omNode-bootstrap-1: 127.0.0.1:35475
2023-03-09 15:00:47,746 [Listener at 127.0.0.1/40089] INFO  ha.OMHANodeDetails (ConfUtils.java:setNodeSpecificConfigs(97)) - Setting configuration key ozone.om.address with value of key ozone.om.address.om-add-remove.omNode-bootstrap-1: 127.0.0.1:34237
2023-03-09 15:00:47,746 [Listener at 127.0.0.1/40089] WARN  server.ServerUtils (ServerUtils.java:getDBPath(225)) - ozone.om.db.dirs is not configured. We recommend adding this setting. Falling back to ozone.metadata.dirs instead.
2023-03-09 15:00:47,747 [Listener at 127.0.0.1/40089] INFO  ha.SCMNodeInfo (SCMNodeInfo.java:getPort(197)) - ConfigKey ozone.scm.client.address is deprecated, For configuring different ports for each SCM use PortConfigKey ozone.scm.client.port appended with serviceId and nodeId
2023-03-09 15:00:47,747 [Listener at 127.0.0.1/40089] INFO  ha.SCMNodeInfo (SCMNodeInfo.java:getPort(197)) - ConfigKey ozone.scm.block.client.address is deprecated, For configuring different ports for each SCM use PortConfigKey ozone.scm.block.client.port appended with serviceId and nodeId
2023-03-09 15:00:47,747 [Listener at 127.0.0.1/40089] INFO  ha.SCMNodeInfo (SCMNodeInfo.java:getPort(197)) - ConfigKey ozone.scm.datanode.address is deprecated, For configuring different ports for each SCM use PortConfigKey ozone.scm.datanode.port appended with serviceId and nodeId
2023-03-09 15:00:47,747 [Listener at 127.0.0.1/40089] INFO  proxy.SCMBlockLocationFailoverProxyProvider (SCMBlockLocationFailoverProxyProvider.java:<init>(114)) - Created block location fail-over proxy with 1 nodes: [nodeId=scmNode-1,nodeAddress=/127.0.0.1:39279]
OM initialization succeeded.Current cluster id for sd=/home/runner/work/ozone/ozone/hadoop-ozone/integration-test/target/test-dir/MiniOzoneClusterImpl-4e7c95cc-71c1-4f0b-a9e9-e7b04a6f140e/omNode-bootstrap-1/om;cid=4e7c95cc-71c1-4f0b-a9e9-e7b04a6f140e;layoutVersion=3
2023-03-09 15:00:47,757 [Listener at 127.0.0.1/40089] INFO  ha.OMHANodeDetails (OMHANodeDetails.java:loadOMHAConfig(121)) - ServiceID for OzoneManager is om-add-remove
2023-03-09 15:00:47,758 [Listener at 127.0.0.1/40089] INFO  ha.OMHANodeDetails (OMHANodeDetails.java:loadOMHAConfig(201)) - Found matching OM address with OMServiceId: om-add-remove, OMNodeId: omNode-bootstrap-1, RPC Address: localhost:34237 and Ratis port: 45227
2023-03-09 15:00:47,758 [Listener at 127.0.0.1/40089] INFO  ha.OMHANodeDetails (ConfUtils.java:setNodeSpecificConfigs(97)) - Setting configuration key ozone.om.http-address with value of key ozone.om.http-address.om-add-remove.omNode-bootstrap-1: 127.0.0.1:32959
2023-03-09 15:00:47,758 [Listener at 127.0.0.1/40089] INFO  ha.OMHANodeDetails (ConfUtils.java:setNodeSpecificConfigs(97)) - Setting configuration key ozone.om.https-address with value of key ozone.om.https-address.om-add-remove.omNode-bootstrap-1: 127.0.0.1:35475
2023-03-09 15:00:47,758 [Listener at 127.0.0.1/40089] INFO  ha.OMHANodeDetails (ConfUtils.java:setNodeSpecificConfigs(97)) - Setting configuration key ozone.om.address with value of key ozone.om.address.om-add-remove.omNode-bootstrap-1: 127.0.0.1:34237
2023-03-09 15:00:47,758 [Listener at 127.0.0.1/40089] WARN  server.ServerUtils (ServerUtils.java:getDBPath(225)) - ozone.om.db.dirs is not configured. We recommend adding this setting. Falling back to ozone.metadata.dirs instead.
2023-03-09 15:00:47,759 [Listener at 127.0.0.1/40089] INFO  upgrade.AbstractLayoutVersionManager (AbstractLayoutVersionManager.java:init(83)) - Initializing Layout version manager with metadata layout = MULTITENANCY_SCHEMA (version = 3), software layout = MULTITENANCY_SCHEMA (version = 3)
2023-03-09 15:00:47,799 [0ee7bec8-2182-4b4a-933d-6a3bad615c17@group-7E4D0FD4F830-FollowerState] INFO  impl.FollowerState (FollowerState.java:run(143)) - 0ee7bec8-2182-4b4a-933d-6a3bad615c17@group-7E4D0FD4F830-FollowerState: change to CANDIDATE, lastRpcElapsedTime:5192598755ns, electionTimeout:5192ms
2023-03-09 15:00:47,799 [0ee7bec8-2182-4b4a-933d-6a3bad615c17@group-7E4D0FD4F830-FollowerState] INFO  impl.RoleInfo (RoleInfo.java:shutdownFollowerState(110)) - 0ee7bec8-2182-4b4a-933d-6a3bad615c17: shutdown 0ee7bec8-2182-4b4a-933d-6a3bad615c17@group-7E4D0FD4F830-FollowerState
2023-03-09 15:00:47,799 [0ee7bec8-2182-4b4a-933d-6a3bad615c17@group-7E4D0FD4F830-FollowerState] INFO  server.RaftServer$Division (RaftServerImpl.java:setRole(321)) - 0ee7bec8-2182-4b4a-933d-6a3bad615c17@group-7E4D0FD4F830: changes role from  FOLLOWER to CANDIDATE at term 0 for changeToCandidate
2023-03-09 15:00:47,800 [0ee7bec8-2182-4b4a-933d-6a3bad615c17@group-7E4D0FD4F830-FollowerState] INFO  server.RaftServerConfigKeys (ConfUtils.java:logGet(46)) - raft.server.leaderelection.pre-vote = true (default)
2023-03-09 15:00:47,800 [0ee7bec8-2182-4b4a-933d-6a3bad615c17@group-7E4D0FD4F830-FollowerState] INFO  impl.RoleInfo (RoleInfo.java:updateAndGet(139)) - 0ee7bec8-2182-4b4a-933d-6a3bad615c17: start 0ee7bec8-2182-4b4a-933d-6a3bad615c17@group-7E4D0FD4F830-LeaderElection42
2023-03-09 15:00:47,806 [0ee7bec8-2182-4b4a-933d-6a3bad615c17@group-7E4D0FD4F830-LeaderElection42] INFO  impl.LeaderElection (LeaderElection.java:askForVotes(312)) - 0ee7bec8-2182-4b4a-933d-6a3bad615c17@group-7E4D0FD4F830-LeaderElection42 PRE_VOTE round 0: submit vote requests at term 0 for -1: peers:[0ee7bec8-2182-4b4a-933d-6a3bad615c17|rpc:127.0.0.1:38121|dataStream:127.0.0.1:45643|priority:1|startupRole:FOLLOWER]|listeners:[], old=null
2023-03-09 15:00:47,807 [0ee7bec8-2182-4b4a-933d-6a3bad615c17@group-7E4D0FD4F830-LeaderElection42] INFO  impl.LeaderElection (LeaderElection.java:askForVotes(314)) - 0ee7bec8-2182-4b4a-933d-6a3bad615c17@group-7E4D0FD4F830-LeaderElection42 PRE_VOTE round 0: result PASSED (term=0)
2023-03-09 15:00:47,809 [0ee7bec8-2182-4b4a-933d-6a3bad615c17@group-7E4D0FD4F830-LeaderElection42] INFO  impl.LeaderElection (LeaderElection.java:askForVotes(312)) - 0ee7bec8-2182-4b4a-933d-6a3bad615c17@group-7E4D0FD4F830-LeaderElection42 ELECTION round 0: submit vote requests at term 1 for -1: peers:[0ee7bec8-2182-4b4a-933d-6a3bad615c17|rpc:127.0.0.1:38121|dataStream:127.0.0.1:45643|priority:1|startupRole:FOLLOWER]|listeners:[], old=null
2023-03-09 15:00:47,809 [0ee7bec8-2182-4b4a-933d-6a3bad615c17@group-7E4D0FD4F830-LeaderElection42] INFO  impl.LeaderElection (LeaderElection.java:askForVotes(314)) - 0ee7bec8-2182-4b4a-933d-6a3bad615c17@group-7E4D0FD4F830-LeaderElection42 ELECTION round 0: result PASSED (term=1)
2023-03-09 15:00:47,809 [0ee7bec8-2182-4b4a-933d-6a3bad615c17@group-7E4D0FD4F830-LeaderElection42] INFO  impl.RoleInfo (RoleInfo.java:shutdownLeaderElection(130)) - 0ee7bec8-2182-4b4a-933d-6a3bad615c17: shutdown 0ee7bec8-2182-4b4a-933d-6a3bad615c17@group-7E4D0FD4F830-LeaderElection42
2023-03-09 15:00:47,809 [0ee7bec8-2182-4b4a-933d-6a3bad615c17@group-7E4D0FD4F830-LeaderElection42] INFO  server.RaftServer$Division (RaftServerImpl.java:setRole(321)) - 0ee7bec8-2182-4b4a-933d-6a3bad615c17@group-7E4D0FD4F830: changes role from CANDIDATE to LEADER at term 1 for changeToLeader
2023-03-09 15:00:47,809 [0ee7bec8-2182-4b4a-933d-6a3bad615c17@group-7E4D0FD4F830-LeaderElection42] INFO  ratis.XceiverServerRatis (XceiverServerRatis.java:handleLeaderChangedNotification(905)) - Leader change notification received for group: group-7E4D0FD4F830 with new leaderId: 0ee7bec8-2182-4b4a-933d-6a3bad615c17
2023-03-09 15:00:47,811 [EndpointStateMachine task thread for /127.0.0.1:36681 - 0 ] INFO  ipc.Client (Client.java:handleConnectionFailure(1010)) - Retrying connect to server: localhost/127.0.0.1:36681. Already tried 2 time(s); retry policy is RetryUpToMaximumCountWithFixedSleep(maxRetries=15, sleepTime=1000 MILLISECONDS)
2023-03-09 15:00:47,811 [0ee7bec8-2182-4b4a-933d-6a3bad615c17@group-7E4D0FD4F830-LeaderElection42] INFO  server.RaftServer$Division (ServerState.java:setLeader(313)) - 0ee7bec8-2182-4b4a-933d-6a3bad615c17@group-7E4D0FD4F830: change Leader from null to 0ee7bec8-2182-4b4a-933d-6a3bad615c17 at term 1 for becomeLeader, leader elected after 5232ms
2023-03-09 15:00:47,811 [0ee7bec8-2182-4b4a-933d-6a3bad615c17@group-7E4D0FD4F830-LeaderElection42] INFO  server.RaftServerConfigKeys (ConfUtils.java:logGet(46)) - raft.server.staging.catchup.gap = 1000 (default)
2023-03-09 15:00:47,811 [0ee7bec8-2182-4b4a-933d-6a3bad615c17@group-7E4D0FD4F830-LeaderElection42] INFO  server.RaftServerConfigKeys (ConfUtils.java:logGet(46)) - raft.server.write.element-limit = 1024 (custom)
2023-03-09 15:00:47,811 [0ee7bec8-2182-4b4a-933d-6a3bad615c17@group-7E4D0FD4F830-LeaderElection42] INFO  server.RaftServerConfigKeys (ConfUtils.java:logGet(46)) - raft.server.write.byte-limit = 1024 M (=1073741824) (custom)
2023-03-09 15:00:47,812 [0ee7bec8-2182-4b4a-933d-6a3bad615c17@group-7E4D0FD4F830-LeaderElection42] INFO  server.RaftServerConfigKeys (ConfUtils.java:logGet(46)) - raft.server.watch.timeout = 180s (custom)
2023-03-09 15:00:47,813 [0ee7bec8-2182-4b4a-933d-6a3bad615c17@group-7E4D0FD4F830-LeaderElection42] INFO  server.RaftServerConfigKeys (ConfUtils.java:logGet(46)) - raft.server.watch.timeout.denomination = 1s (default)
2023-03-09 15:00:47,813 [0ee7bec8-2182-4b4a-933d-6a3bad615c17@group-7E4D0FD4F830-LeaderElection42] INFO  server.RaftServerConfigKeys (ConfUtils.java:logGet(46)) - raft.server.watch.element-limit = 65536 (default)
2023-03-09 15:00:47,813 [0ee7bec8-2182-4b4a-933d-6a3bad615c17@group-7E4D0FD4F830-LeaderElection42] INFO  server.RaftServerConfigKeys (ConfUtils.java:logGet(46)) - raft.server.write.element-limit = 1024 (custom)
2023-03-09 15:00:47,813 [0ee7bec8-2182-4b4a-933d-6a3bad615c17@group-7E4D0FD4F830-LeaderElection42] INFO  server.RaftServerConfigKeys (ConfUtils.java:logGet(46)) - raft.server.write.follower.gap.ratio.max = -1.0 (default)
2023-03-09 15:00:47,814 [0ee7bec8-2182-4b4a-933d-6a3bad615c17@group-7E4D0FD4F830-LeaderElection42] INFO  impl.RoleInfo (RoleInfo.java:updateAndGet(139)) - 0ee7bec8-2182-4b4a-933d-6a3bad615c17: start 0ee7bec8-2182-4b4a-933d-6a3bad615c17@group-7E4D0FD4F830-LeaderStateImpl
2023-03-09 15:00:47,814 [0ee7bec8-2182-4b4a-933d-6a3bad615c17@group-7E4D0FD4F830-LeaderElection42] INFO  segmented.SegmentedRaftLogWorker (SegmentedRaftLogWorker.java:startLogSegment(452)) - 0ee7bec8-2182-4b4a-933d-6a3bad615c17@group-7E4D0FD4F830-SegmentedRaftLogWorker: Starting segment from index:0
2023-03-09 15:00:47,814 [0ee7bec8-2182-4b4a-933d-6a3bad615c17@group-7E4D0FD4F830-LeaderElection42] INFO  server.RaftServer$Division (ServerState.java:setRaftConf(430)) - 0ee7bec8-2182-4b4a-933d-6a3bad615c17@group-7E4D0FD4F830: set configuration 0: peers:[0ee7bec8-2182-4b4a-933d-6a3bad615c17|rpc:127.0.0.1:38121|dataStream:127.0.0.1:45643|priority:1|startupRole:FOLLOWER]|listeners:[], old=null
2023-03-09 15:00:47,815 [0ee7bec8-2182-4b4a-933d-6a3bad615c17@group-7E4D0FD4F830-SegmentedRaftLogWorker] INFO  segmented.SegmentedRaftLogWorker (SegmentedRaftLogWorker.java:execute(656)) - 0ee7bec8-2182-4b4a-933d-6a3bad615c17@group-7E4D0FD4F830-SegmentedRaftLogWorker: created new log segment /home/runner/work/ozone/ozone/hadoop-ozone/integration-test/target/test-dir/MiniOzoneClusterImpl-4e7c95cc-71c1-4f0b-a9e9-e7b04a6f140e/datanode-2/data/ratis/e2c3d023-e542-44a8-8c10-7e4d0fd4f830/current/log_inprogress_0
2023-03-09 15:00:47,844 [Listener at 127.0.0.1/40089] INFO  reflections.Reflections (Reflections.java:scan(232)) - Reflections took 83 ms to scan 2 urls, producing 167 keys and 459 values [using 2 cores]
2023-03-09 15:00:47,844 [Listener at 127.0.0.1/40089] INFO  upgrade.OMLayoutVersionManager (OMLayoutVersionManager.java:lambda$0(115)) - Skipping Upgrade Action MockOmUpgradeAction since it has been finalized.
2023-03-09 15:00:47,844 [Listener at 127.0.0.1/40089] WARN  server.ServerUtils (ServerUtils.java:getDBPath(225)) - ozone.om.db.dirs is not configured. We recommend adding this setting. Falling back to ozone.metadata.dirs instead.
2023-03-09 15:00:47,846 [Listener at 127.0.0.1/40089] INFO  ha.SCMNodeInfo (SCMNodeInfo.java:getPort(197)) - ConfigKey ozone.scm.client.address is deprecated, For configuring different ports for each SCM use PortConfigKey ozone.scm.client.port appended with serviceId and nodeId
2023-03-09 15:00:47,846 [Listener at 127.0.0.1/40089] INFO  ha.SCMNodeInfo (SCMNodeInfo.java:getPort(197)) - ConfigKey ozone.scm.block.client.address is deprecated, For configuring different ports for each SCM use PortConfigKey ozone.scm.block.client.port appended with serviceId and nodeId
2023-03-09 15:00:47,846 [Listener at 127.0.0.1/40089] INFO  ha.SCMNodeInfo (SCMNodeInfo.java:getPort(197)) - ConfigKey ozone.scm.datanode.address is deprecated, For configuring different ports for each SCM use PortConfigKey ozone.scm.datanode.port appended with serviceId and nodeId
2023-03-09 15:00:47,846 [Listener at 127.0.0.1/40089] INFO  ha.SCMNodeInfo (SCMNodeInfo.java:getPort(197)) - ConfigKey ozone.scm.client.address is deprecated, For configuring different ports for each SCM use PortConfigKey ozone.scm.client.port appended with serviceId and nodeId
2023-03-09 15:00:47,847 [Listener at 127.0.0.1/40089] INFO  ha.SCMNodeInfo (SCMNodeInfo.java:getPort(197)) - ConfigKey ozone.scm.block.client.address is deprecated, For configuring different ports for each SCM use PortConfigKey ozone.scm.block.client.port appended with serviceId and nodeId
2023-03-09 15:00:47,847 [Listener at 127.0.0.1/40089] INFO  ha.SCMNodeInfo (SCMNodeInfo.java:getPort(197)) - ConfigKey ozone.scm.datanode.address is deprecated, For configuring different ports for each SCM use PortConfigKey ozone.scm.datanode.port appended with serviceId and nodeId
2023-03-09 15:00:47,847 [Listener at 127.0.0.1/40089] INFO  proxy.SCMBlockLocationFailoverProxyProvider (SCMBlockLocationFailoverProxyProvider.java:<init>(114)) - Created block location fail-over proxy with 1 nodes: [nodeId=scmNode-1,nodeAddress=/127.0.0.1:39279]
2023-03-09 15:00:47,848 [Listener at 127.0.0.1/40089] INFO  ha.SCMNodeInfo (SCMNodeInfo.java:getPort(197)) - ConfigKey ozone.scm.client.address is deprecated, For configuring different ports for each SCM use PortConfigKey ozone.scm.client.port appended with serviceId and nodeId
2023-03-09 15:00:47,848 [Listener at 127.0.0.1/40089] INFO  ha.SCMNodeInfo (SCMNodeInfo.java:getPort(197)) - ConfigKey ozone.scm.block.client.address is deprecated, For configuring different ports for each SCM use PortConfigKey ozone.scm.block.client.port appended with serviceId and nodeId
2023-03-09 15:00:47,848 [Listener at 127.0.0.1/40089] INFO  ha.SCMNodeInfo (SCMNodeInfo.java:getPort(197)) - ConfigKey ozone.scm.datanode.address is deprecated, For configuring different ports for each SCM use PortConfigKey ozone.scm.datanode.port appended with serviceId and nodeId
2023-03-09 15:00:47,849 [Listener at 127.0.0.1/40089] INFO  proxy.SCMBlockLocationFailoverProxyProvider (SCMBlockLocationFailoverProxyProvider.java:<init>(114)) - Created block location fail-over proxy with 1 nodes: [nodeId=scmNode-1,nodeAddress=/127.0.0.1:39279]
2023-03-09 15:00:47,860 [Listener at 127.0.0.1/40089] INFO  om.OzoneManager (OzoneManager.java:<init>(619)) - OM start with adminUsers: [runner]
2023-03-09 15:00:47,862 [Listener at 127.0.0.1/40089] WARN  server.ServerUtils (ServerUtils.java:getDBPath(225)) - ozone.om.db.dirs is not configured. We recommend adding this setting. Falling back to ozone.metadata.dirs instead.
2023-03-09 15:00:47,862 [Listener at 127.0.0.1/40089] INFO  codec.OmKeyInfoCodec (OmKeyInfoCodec.java:<init>(49)) - OmKeyInfoCodec ignorePipeline = true
2023-03-09 15:00:47,862 [Listener at 127.0.0.1/40089] INFO  codec.RepeatedOmKeyInfoCodec (RepeatedOmKeyInfoCodec.java:<init>(41)) - RepeatedOmKeyInfoCodec ignorePipeline = true
2023-03-09 15:00:48,111 [Listener at 127.0.0.1/40089] INFO  om.OzoneManager (OzoneManager.java:instantiateServices(749)) - S3 Multi-Tenancy is disabled
2023-03-09 15:00:48,111 [Listener at 127.0.0.1/40089] WARN  server.ServerUtils (ServerUtils.java:getDBPath(225)) - ozone.om.snapshot.diff.db.dir is not configured. We recommend adding this setting. Falling back to ozone.metadata.dirs instead.
2023-03-09 15:00:48,130 [Listener at 127.0.0.1/40089] INFO  om.OzoneManager (OzoneManager.java:addS3GVolumeToDB(4217)) - Created Volume s3v With Owner runner required for S3Gateway operations.
2023-03-09 15:00:48,131 [Listener at 127.0.0.1/40089] WARN  server.ServerUtils (ServerUtils.java:getDefaultRatisDirectory(237)) - Storage directory for Ratis is not configured. It is a good idea to map this to an SSD disk. Falling back to ozone.metadata.dirs
2023-03-09 15:00:48,131 [Listener at 127.0.0.1/40089] WARN  utils.OzoneManagerRatisUtils (OzoneManagerRatisUtils.java:getOMRatisSnapshotDirectory(436)) - ozone.om.ratis.snapshot.dir is not configured. Falling back to ozone.metadata.dirs config
2023-03-09 15:00:48,131 [Listener at 127.0.0.1/40089] INFO  snapshot.OzoneManagerSnapshotProvider (OzoneManagerSnapshotProvider.java:<init>(76)) - Initializing OM Snapshot Provider
2023-03-09 15:00:48,133 [Listener at 127.0.0.1/40089] WARN  impl.MetricRegistriesImpl (MetricRegistriesImpl.java:addReporterRegistration(111)) - New reporters are added after registries were created. Some metrics will be missing from the reporter. Please add reporter before adding any new registry.
2023-03-09 15:00:48,133 [Listener at 127.0.0.1/40089] WARN  impl.MetricRegistriesImpl (MetricRegistriesImpl.java:addReporterRegistration(111)) - New reporters are added after registries were created. Some metrics will be missing from the reporter. Please add reporter before adding any new registry.
2023-03-09 15:00:48,133 [Listener at 127.0.0.1/40089] WARN  server.ServerUtils (ServerUtils.java:getDefaultRatisDirectory(237)) - Storage directory for Ratis is not configured. It is a good idea to map this to an SSD disk. Falling back to ozone.metadata.dirs
2023-03-09 15:00:48,134 [Listener at 127.0.0.1/40089] INFO  ratis.OzoneManagerRatisServer (OzoneManagerRatisServer.java:<init>(157)) - OM started in Bootstrap mode. Instantiating OM Ratis server with groupID: om-add-remove
2023-03-09 15:00:48,134 [Listener at 127.0.0.1/40089] INFO  ratis.OzoneManagerStateMachine (OzoneManagerStateMachine.java:loadSnapshotInfoFromDB(636)) - LastAppliedIndex is set from TransactionInfo from OM DB as (t:0, i:~)
2023-03-09 15:00:48,135 [Listener at 127.0.0.1/40089] INFO  server.RaftServer (ConfUtils.java:logGet(46)) - raft.rpc.type = GRPC (default)
2023-03-09 15:00:48,135 [Listener at 127.0.0.1/40089] INFO  grpc.GrpcConfigKeys (ConfUtils.java:logFallback(53)) - raft.grpc.admin.host = null (fallback to raft.grpc.server.host)
2023-03-09 15:00:48,135 [Listener at 127.0.0.1/40089] INFO  grpc.GrpcConfigKeys (ConfUtils.java:logFallback(53)) - raft.grpc.admin.port = 45227 (fallback to raft.grpc.server.port)
2023-03-09 15:00:48,135 [Listener at 127.0.0.1/40089] INFO  grpc.GrpcConfigKeys (ConfUtils.java:logFallback(53)) - raft.grpc.client.host = null (fallback to raft.grpc.server.host)
2023-03-09 15:00:48,136 [Listener at 127.0.0.1/40089] INFO  grpc.GrpcConfigKeys (ConfUtils.java:logFallback(53)) - raft.grpc.client.port = 45227 (fallback to raft.grpc.server.port)
2023-03-09 15:00:48,136 [Listener at 127.0.0.1/40089] INFO  grpc.GrpcConfigKeys (ConfUtils.java:logGet(46)) - raft.grpc.server.host = null (default)
2023-03-09 15:00:48,136 [Listener at 127.0.0.1/40089] INFO  grpc.GrpcConfigKeys (ConfUtils.java:logGet(46)) - raft.grpc.server.port = 45227 (custom)
2023-03-09 15:00:48,136 [Listener at 127.0.0.1/40089] INFO  server.GrpcService (ConfUtils.java:logGet(46)) - raft.grpc.message.size.max = 33554432 (custom)
2023-03-09 15:00:48,136 [Listener at 127.0.0.1/40089] INFO  server.RaftServerConfigKeys (ConfUtils.java:logGet(46)) - raft.server.log.appender.buffer.byte-limit = 33554432 (custom)
2023-03-09 15:00:48,136 [Listener at 127.0.0.1/40089] INFO  server.GrpcService (ConfUtils.java:logGet(46)) - raft.grpc.flow.control.window = 1MB (=1048576) (default)
2023-03-09 15:00:48,136 [Listener at 127.0.0.1/40089] INFO  server.RaftServerConfigKeys (ConfUtils.java:logGet(46)) - raft.server.rpc.request.timeout = 3000ms (default)
2023-03-09 15:00:48,137 [Listener at 127.0.0.1/40089] INFO  grpc.GrpcConfigKeys (ConfUtils.java:logGet(46)) - raft.grpc.server.heartbeat.channel = true (default)
2023-03-09 15:00:48,137 [Listener at 127.0.0.1/40089] INFO  grpc.GrpcConfigKeys (ConfUtils.java:logGet(46)) - raft.grpc.server.async.request.thread.pool.cached = true (default)
2023-03-09 15:00:48,137 [Listener at 127.0.0.1/40089] INFO  grpc.GrpcConfigKeys (ConfUtils.java:logGet(46)) - raft.grpc.server.async.request.thread.pool.size = 32 (default)
2023-03-09 15:00:48,139 [Listener at 127.0.0.1/40089] INFO  impl.DataStreamServerImpl (ConfUtils.java:logGet(46)) - raft.datastream.type = DISABLED (default)
2023-03-09 15:00:48,139 [Listener at 127.0.0.1/40089] INFO  server.RaftServerConfigKeys (ConfUtils.java:logGet(46)) - raft.server.threadpool.proxy.cached = true (default)
2023-03-09 15:00:48,139 [Listener at 127.0.0.1/40089] INFO  server.RaftServerConfigKeys (ConfUtils.java:logGet(46)) - raft.server.threadpool.proxy.size = 0 (default)
2023-03-09 15:00:48,139 [Listener at 127.0.0.1/40089] INFO  server.RaftServerConfigKeys (ConfUtils.java:logGet(46)) - raft.server.rpc.slowness.timeout = 2s (custom)
2023-03-09 15:00:48,140 [Listener at 127.0.0.1/40089] INFO  server.RaftServerConfigKeys (ConfUtils.java:logGet(46)) - raft.server.leaderelection.leader.step-down.wait-time = 10s (default)
2023-03-09 15:00:48,140 [Listener at 127.0.0.1/40089] INFO  server.RaftServerConfigKeys (ConfUtils.java:logGet(46)) - raft.server.storage.dir = [/home/runner/work/ozone/ozone/hadoop-ozone/integration-test/target/test-dir/MiniOzoneClusterImpl-4e7c95cc-71c1-4f0b-a9e9-e7b04a6f140e/omNode-bootstrap-1/ratis] (custom)
2023-03-09 15:00:48,141 [Listener at 127.0.0.1/40089] INFO  server.RaftServer (RaftServerProxy.java:addNew(96)) - omNode-bootstrap-1: addNew group-0AAC5367B30E:[] returns group-0AAC5367B30E:java.util.concurrent.CompletableFuture@4d4e1369[Not completed]
2023-03-09 15:00:48,141 [2023-03-09 15:00:48,144 [pool-793-thread-1] INFOListener at 127.0.0.1/40089] INFO  om.OzoneManager (  server.RaftServer$Division (RaftServerImpl.java:<init>(195)) - omNode-bootstrap-1: new RaftServerImpl for group-0AAC5367B30E:[] with OzoneManagerStateMachine:uninitialized
2023-03-09 15:00:48,144 [Listener at 127.0.0.1/40089] INFO  om.OzoneManager (OzoneManager.java:initializeRatisServer(2096)) - OzoneManager Ratis server initialized at port 45227
2023-03-09 15:00:48,144 [Listener at 127.0.0.1/40089] INFO  om.OzoneManager (ConfUtils.java:logGet(46)) - raft.server.rpc.timeout.min = 1s (custom)
2023-03-09 15:00:48,144 [pool-793-thread-1] INFO  server.RaftServerConfigKeys (ConfUtils.java:logGet(46)) - raft.server.rpc.timeout.max = 1200ms (custom)
2023-03-09 15:00:48,144 [Listener at 127.0.0.1/40089] INFO  om.OzoneManager (OzoneManager.java:getRpcServer(1132)) - Creating RPC Server
ConfUtils.java:logGet(46)) - raft.server.rpc.sleep.time = 25ms (default)
2023-03-09 15:00:48,144 [Listener at 127.0.0.1/40089] INFO  om.OzoneManager (OzoneManager.java:getRpcServer(1132)) - Creating RPC Server
2023-03-09 15:00:48,144 [pool-793-thread-1] INFO  server.RaftServerConfigKeys (ConfUtils.java:logGet(46)) - raft.server.rpc.slowness.timeout = 2s (custom)
2023-03-09 15:00:48,144 [pool-793-thread-1] INFO  server.RaftServerConfigKeys (ConfUtils.java:logGet(46)) - raft.server.leaderelection.leader.step-down.wait-time = 10s (default)
2023-03-09 15:00:48,145 [pool-793-thread-1] INFO  server.RaftServerConfigKeys (ConfUtils.java:logGet(46)) - raft.server.sleep.deviation.threshold = 300ms (default)
2023-03-09 15:00:48,145 [pool-793-thread-1] INFO  server.RaftServer$Division (ServerState.java:<init>(118)) - omNode-bootstrap-1@group-0AAC5367B30E: ConfigurationManager, init=-1: peers:[]|listeners:[], old=null, confs=<EMPTY_MAP>
2023-03-09 15:00:48,145 [pool-793-thread-1] INFO  server.RaftServerConfigKeys (ConfUtils.java:logGet(46)) - raft.server.storage.dir = [/home/runner/work/ozone/ozone/hadoop-ozone/integration-test/target/test-dir/MiniOzoneClusterImpl-4e7c95cc-71c1-4f0b-a9e9-e7b04a6f140e/omNode-bootstrap-1/ratis] (custom)
2023-03-09 15:00:48,145 [pool-793-thread-1] INFO  server.RaftServerConfigKeys (ConfUtils.java:logGet(46)) - raft.server.log.corruption.policy = EXCEPTION (default)
2023-03-09 15:00:48,145 [pool-793-thread-1] INFO  server.RaftServerConfigKeys (ConfUtils.java:logGet(46)) - raft.server.storage.free-space.min = 0MB (=0) (default)
2023-03-09 15:00:48,145 [pool-793-thread-1] INFO  server.RaftServerConfigKeys (ConfUtils.java:logGet(46)) - raft.server.notification.no-leader.timeout = 2s (custom)
2023-03-09 15:00:48,145 [pool-793-thread-1] INFO  server.RaftServerConfigKeys (ConfUtils.java:logGet(46)) - raft.server.retrycache.expirytime = 300s (custom)
2023-03-09 15:00:48,145 [pool-793-thread-1] INFO  server.RaftServerConfigKeys (ConfUtils.java:logGet(46)) - raft.server.retrycache.statistics.expirytime = 100μs (default)
2023-03-09 15:00:48,146 [pool-793-thread-1] INFO  server.RaftServerConfigKeys (ConfUtils.java:logGet(46)) - raft.server.log.appender.install.snapshot.enabled = false (custom)
2023-03-09 15:00:48,146 [pool-793-thread-1] INFO  server.RaftServerConfigKeys (ConfUtils.java:logGet(46)) - raft.server.threadpool.server.cached = true (default)
2023-03-09 15:00:48,146 [pool-793-thread-1] INFO  server.RaftServerConfigKeys (ConfUtils.java:logGet(46)) - raft.server.threadpool.server.size = 0 (default)
2023-03-09 15:00:48,146 [pool-793-thread-1] INFO  server.RaftServerConfigKeys (ConfUtils.java:logGet(46)) - raft.server.threadpool.client.cached = true (default)
2023-03-09 15:00:48,146 [pool-793-thread-1] INFO  server.RaftServerConfigKeys (ConfUtils.java:logGet(46)) - raft.server.threadpool.client.size = 0 (default)
2023-03-09 15:00:48,567 [Listener at 127.0.0.1/40089] INFO  reflections.Reflections (Reflections.java:scan(232)) - Reflections took 421 ms to scan 19 urls, producing 68 keys and 4914 values [using 2 cores]
2023-03-09 15:00:48,568 [Listener at 127.0.0.1/40089] INFO  ipc.CallQueueManager (CallQueueManager.java:<init>(90)) - Using callQueue: class java.util.concurrent.LinkedBlockingQueue, queueCapacity: 2000, scheduler: class org.apache.hadoop.ipc.DefaultRpcScheduler, ipcBackoff: false.
2023-03-09 15:00:48,569 [Socket Reader #1 for port 34237] INFO  ipc.Server (Server.java:run(1273)) - Starting Socket Reader #1 for port 34237
2023-03-09 15:00:48,606 [Listener at 127.0.0.1/34237] ERROR om.OzoneManager (OzoneManager.java:checkConfigBeforeBootstrap(1758)) - Remote OM config check failed on OM omNode-1
java.io.IOException: Remote OM omNode-1 does not have the bootstrapping OM(omNode-bootstrap-1) information on reloading configs or it could not resolve the address.
	at org.apache.hadoop.ozone.om.OzoneManager.checkRemoteOMConfig(OzoneManager.java:1790)
	at org.apache.hadoop.ozone.om.OzoneManager.checkConfigBeforeBootstrap(OzoneManager.java:1756)
	at org.apache.hadoop.ozone.om.OzoneManager.start(OzoneManager.java:1543)
	at org.apache.hadoop.ozone.MiniOzoneHAClusterImpl$MiniOzoneHAService.startInactiveService(MiniOzoneHAClusterImpl.java:1034)
	at org.apache.hadoop.ozone.MiniOzoneHAClusterImpl.startInactiveOM(MiniOzoneHAClusterImpl.java:214)
	at org.apache.hadoop.ozone.MiniOzoneHAClusterImpl.bootstrapNewOM(MiniOzoneHAClusterImpl.java:868)
	at org.apache.hadoop.ozone.MiniOzoneHAClusterImpl.bootstrapOzoneManager(MiniOzoneHAClusterImpl.java:778)
	at org.apache.hadoop.ozone.om.TestAddRemoveOzoneManager.testBootstrapWithoutConfigUpdate(TestAddRemoveOzoneManager.java:233)
	at sun.reflect.NativeMethodAccessorImpl.invoke0(Native Method)
	at sun.reflect.NativeMethodAccessorImpl.invoke(NativeMethodAccessorImpl.java:62)
	at sun.reflect.DelegatingMethodAccessorImpl.invoke(DelegatingMethodAccessorImpl.java:43)
	at java.lang.reflect.Method.invoke(Method.java:498)
	at org.junit.platform.commons.util.ReflectionUtils.invokeMethod(ReflectionUtils.java:725)
	at org.junit.jupiter.engine.execution.MethodInvocation.proceed(MethodInvocation.java:60)
	at org.junit.jupiter.engine.execution.InvocationInterceptorChain$ValidatingInvocation.proceed(InvocationInterceptorChain.java:131)
	at org.junit.jupiter.engine.extension.TimeoutInvocation.proceed(TimeoutInvocation.java:46)
	at org.junit.jupiter.engine.extension.TimeoutExtension.intercept(TimeoutExtension.java:149)
	at org.junit.jupiter.engine.extension.TimeoutExtension.interceptTestableMethod(TimeoutExtension.java:140)
	at org.junit.jupiter.engine.extension.TimeoutExtension.interceptTestMethod(TimeoutExtension.java:84)
	at org.junit.jupiter.engine.execution.ExecutableInvoker$ReflectiveInterceptorCall.lambda$ofVoidMethod$0(ExecutableInvoker.java:115)
	at org.junit.jupiter.engine.execution.ExecutableInvoker.lambda$invoke$0(ExecutableInvoker.java:105)
	at org.junit.jupiter.engine.execution.InvocationInterceptorChain$InterceptedInvocation.proceed(InvocationInterceptorChain.java:106)
	at org.junit.jupiter.engine.execution.InvocationInterceptorChain.proceed(InvocationInterceptorChain.java:64)
	at org.junit.jupiter.engine.execution.InvocationInterceptorChain.chainAndInvoke(InvocationInterceptorChain.java:45)
	at org.junit.jupiter.engine.execution.InvocationInterceptorChain.invoke(InvocationInterceptorChain.java:37)
	at org.junit.jupiter.engine.execution.ExecutableInvoker.invoke(ExecutableInvoker.java:104)
	at org.junit.jupiter.engine.execution.ExecutableInvoker.invoke(ExecutableInvoker.java:98)
	at org.junit.jupiter.engine.descriptor.TestMethodTestDescriptor.lambda$invokeTestMethod$7(TestMethodTestDescriptor.java:214)
	at org.junit.platform.engine.support.hierarchical.ThrowableCollector.execute(ThrowableCollector.java:73)
	at org.junit.jupiter.engine.descriptor.TestMethodTestDescriptor.invokeTestMethod(TestMethodTestDescriptor.java:210)
	at org.junit.jupiter.engine.descriptor.TestMethodTestDescriptor.execute(TestMethodTestDescriptor.java:135)
	at org.junit.jupiter.engine.descriptor.TestMethodTestDescriptor.execute(TestMethodTestDescriptor.java:66)
	at org.junit.platform.engine.support.hierarchical.NodeTestTask.lambda$executeRecursively$6(NodeTestTask.java:151)
	at org.junit.platform.engine.support.hierarchical.ThrowableCollector.execute(ThrowableCollector.java:73)
	at org.junit.platform.engine.support.hierarchical.NodeTestTask.lambda$executeRecursively$8(NodeTestTask.java:141)
	at org.junit.platform.engine.support.hierarchical.Node.around(Node.java:137)
	at org.junit.platform.engine.support.hierarchical.NodeTestTask.lambda$executeRecursively$9(NodeTestTask.java:139)
	at org.junit.platform.engine.support.hierarchical.ThrowableCollector.execute(ThrowableCollector.java:73)
	at org.junit.platform.engine.support.hierarchical.NodeTestTask.executeRecursively(NodeTestTask.java:138)
	at org.junit.platform.engine.support.hierarchical.NodeTestTask.execute(NodeTestTask.java:95)
	at java.util.ArrayList.forEach(ArrayList.java:1259)
	at org.junit.platform.engine.support.hierarchical.SameThreadHierarchicalTestExecutorService.invokeAll(SameThreadHierarchicalTestExecutorService.java:41)
	at org.junit.platform.engine.support.hierarchical.NodeTestTask.lambda$executeRecursively$6(NodeTestTask.java:155)
	at org.junit.platform.engine.support.hierarchical.ThrowableCollector.execute(ThrowableCollector.java:73)
	at org.junit.platform.engine.support.hierarchical.NodeTestTask.lambda$executeRecursively$8(NodeTestTask.java:141)
	at org.junit.platform.engine.support.hierarchical.Node.around(Node.java:137)
	at org.junit.platform.engine.support.hierarchical.NodeTestTask.lambda$executeRecursively$9(NodeTestTask.java:139)
	at org.junit.platform.engine.support.hierarchical.ThrowableCollector.execute(ThrowableCollector.java:73)
	at org.junit.platform.engine.support.hierarchical.NodeTestTask.executeRecursively(NodeTestTask.java:138)
	at org.junit.platform.engine.support.hierarchical.NodeTestTask.execute(NodeTestTask.java:95)
	at java.util.ArrayList.forEach(ArrayList.java:1259)
	at org.junit.platform.engine.support.hierarchical.SameThreadHierarchicalTestExecutorService.invokeAll(SameThreadHierarchicalTestExecutorService.java:41)
	at org.junit.platform.engine.support.hierarchical.NodeTestTask.lambda$executeRecursively$6(NodeTestTask.java:155)
	at org.junit.platform.engine.support.hierarchical.ThrowableCollector.execute(ThrowableCollector.java:73)
	at org.junit.platform.engine.support.hierarchical.NodeTestTask.lambda$executeRecursively$8(NodeTestTask.java:141)
	at org.junit.platform.engine.support.hierarchical.Node.around(Node.java:137)
	at org.junit.platform.engine.support.hierarchical.NodeTestTask.lambda$executeRecursively$9(NodeTestTask.java:139)
	at org.junit.platform.engine.support.hierarchical.ThrowableCollector.execute(ThrowableCollector.java:73)
	at org.junit.platform.engine.support.hierarchical.NodeTestTask.executeRecursively(NodeTestTask.java:138)
	at org.junit.platform.engine.support.hierarchical.NodeTestTask.execute(NodeTestTask.java:95)
	at org.junit.platform.engine.support.hierarchical.SameThreadHierarchicalTestExecutorService.submit(SameThreadHierarchicalTestExecutorService.java:35)
	at org.junit.platform.engine.support.hierarchical.HierarchicalTestExecutor.execute(HierarchicalTestExecutor.java:57)
	at org.junit.platform.engine.support.hierarchical.HierarchicalTestEngine.execute(HierarchicalTestEngine.java:54)
	at org.junit.platform.launcher.core.EngineExecutionOrchestrator.execute(EngineExecutionOrchestrator.java:107)
	at org.junit.platform.launcher.core.EngineExecutionOrchestrator.execute(EngineExecutionOrchestrator.java:88)
	at org.junit.platform.launcher.core.EngineExecutionOrchestrator.lambda$execute$0(EngineExecutionOrchestrator.java:54)
	at org.junit.platform.launcher.core.EngineExecutionOrchestrator.withInterceptedStreams(EngineExecutionOrchestrator.java:67)
	at org.junit.platform.launcher.core.EngineExecutionOrchestrator.execute(EngineExecutionOrchestrator.java:52)
	at org.junit.platform.launcher.core.DefaultLauncher.execute(DefaultLauncher.java:114)
	at org.junit.platform.launcher.core.DefaultLauncher.execute(DefaultLauncher.java:86)
	at org.junit.platform.launcher.core.DefaultLauncherSession$DelegatingLauncher.execute(DefaultLauncherSession.java:86)
	at org.junit.platform.launcher.core.SessionPerRequestLauncher.execute(SessionPerRequestLauncher.java:53)
	at org.apache.maven.surefire.junitplatform.JUnitPlatformProvider.invokeAllTests(JUnitPlatformProvider.java:165)
	at org.apache.maven.surefire.junitplatform.JUnitPlatformProvider.invoke(JUnitPlatformProvider.java:124)
	at org.apache.maven.surefire.booter.ForkedBooter.runSuitesInProcess(ForkedBooter.java:428)
	at org.apache.maven.surefire.booter.ForkedBooter.execute(ForkedBooter.java:162)
	at org.apache.maven.surefire.booter.ForkedBooter.run(ForkedBooter.java:562)
	at org.apache.maven.surefire.booter.ForkedBooter.main(ForkedBooter.java:548)
2023-03-09 15:00:48,607 [Listener at 127.0.0.1/34237] ERROR ozone.MiniOzoneHAClusterImpl (MiniOzoneHAClusterImpl.java:exitSystem(1092)) - omNode-bootstrap-1 - System Exit: OM [omNode-1[localhost:40089]] do not have or have incorrect information of the bootstrapping OM. Update their ozone-site.xml before proceeding.
2023-03-09 15:00:48,607 [Listener at 127.0.0.1/34237] INFO  om.OzoneManager (OzoneManager.java:stop(2155)) - omNode-bootstrap-1[localhost:34237]: Stopping Ozone Manager
2023-03-09 15:00:48,607 [Listener at 127.0.0.1/34237] INFO  ipc.Server (Server.java:stop(3428)) - Stopping server on 34237
2023-03-09 15:00:48,613 [Listener at 127.0.0.1/34237] INFO  ratis.OzoneManagerStateMachine (OzoneManagerStateMachine.java:close(499)) - StateMachine has shutdown. Shutdown OzoneManager if not already shutdown.
2023-03-09 15:00:48,613 [Listener at 127.0.0.1/34237] INFO  ratis.OzoneManagerDoubleBuffer (OzoneManagerDoubleBuffer.java:stopDaemon(540)) - Stopping OMDoubleBuffer flush thread
2023-03-09 15:00:48,613 [OMDoubleBufferFlushThread] INFO  ratis.OzoneManagerDoubleBuffer (OzoneManagerDoubleBuffer.java:canFlush(625)) - OMDoubleBuffer flush thread OMDoubleBufferFlushThread is interrupted and will exit.
2023-03-09 15:00:48,619 [Listener at 127.0.0.1/34237] INFO  ha.OMHANodeDetails (OMHANodeDetails.java:loadOMHAConfig(121)) - ServiceID for OzoneManager is om-add-remove
2023-03-09 15:00:48,619 [Listener at 127.0.0.1/34237] INFO  ha.OMHANodeDetails (OMHANodeDetails.java:loadOMHAConfig(201)) - Found matching OM address with OMServiceId: om-add-remove, OMNodeId: omNode-bootstrap-2, RPC Address: localhost:37077 and Ratis port: 34411
2023-03-09 15:00:48,619 [Listener at 127.0.0.1/34237] INFO  ha.OMHANodeDetails (ConfUtils.java:setNodeSpecificConfigs(97)) - Setting configuration key ozone.om.http-address with value of key ozone.om.http-address.om-add-remove.omNode-bootstrap-2: 127.0.0.1:38869
2023-03-09 15:00:48,619 [Listener at 127.0.0.1/34237] INFO  ha.OMHANodeDetails (ConfUtils.java:setNodeSpecificConfigs(97)) - Setting configuration key ozone.om.https-address with value of key ozone.om.https-address.om-add-remove.omNode-bootstrap-2: 127.0.0.1:37431
2023-03-09 15:00:48,619 [Listener at 127.0.0.1/34237] INFO  ha.OMHANodeDetails (ConfUtils.java:setNodeSpecificConfigs(97)) - Setting configuration key ozone.om.address with value of key ozone.om.address.om-add-remove.omNode-bootstrap-2: 127.0.0.1:37077
2023-03-09 15:00:48,620 [Listener at 127.0.0.1/34237] WARN  server.ServerUtils (ServerUtils.java:getDBPath(225)) - ozone.om.db.dirs is not configured. We recommend adding this setting. Falling back to ozone.metadata.dirs instead.
2023-03-09 15:00:48,620 [Listener at 127.0.0.1/34237] INFO  ha.SCMNodeInfo (SCMNodeInfo.java:getPort(197)) - ConfigKey ozone.scm.client.address is deprecated, For configuring different ports for each SCM use PortConfigKey ozone.scm.client.port appended with serviceId and nodeId
2023-03-09 15:00:48,621 [Listener at 127.0.0.1/34237] INFO  ha.SCMNodeInfo (SCMNodeInfo.java:getPort(197)) - ConfigKey ozone.scm.block.client.address is deprecated, For configuring different ports for each SCM use PortConfigKey ozone.scm.block.client.port appended with serviceId and nodeId
2023-03-09 15:00:48,621 [Listener at 127.0.0.1/34237] INFO  ha.SCMNodeInfo (SCMNodeInfo.java:getPort(197)) - ConfigKey ozone.scm.datanode.address is deprecated, For configuring different ports for each SCM use PortConfigKey ozone.scm.datanode.port appended with serviceId and nodeId
2023-03-09 15:00:48,621 [Listener at 127.0.0.1/34237] INFO  proxy.SCMBlockLocationFailoverProxyProvider (SCMBlockLocationFailoverProxyProvider.java:<init>(114)) - Created block location fail-over proxy with 1 nodes: [nodeId=scmNode-1,nodeAddress=/127.0.0.1:39279]
OM initialization succeeded.Current cluster id for sd=/home/runner/work/ozone/ozone/hadoop-ozone/integration-test/target/test-dir/MiniOzoneClusterImpl-4e7c95cc-71c1-4f0b-a9e9-e7b04a6f140e/omNode-bootstrap-2/om;cid=4e7c95cc-71c1-4f0b-a9e9-e7b04a6f140e;layoutVersion=3
2023-03-09 15:00:48,632 [Listener at 127.0.0.1/34237] INFO  ha.OMHANodeDetails (OMHANodeDetails.java:loadOMHAConfig(121)) - ServiceID for OzoneManager is om-add-remove
2023-03-09 15:00:48,632 [Listener at 127.0.0.1/34237] INFO  ha.OMHANodeDetails (OMHANodeDetails.java:loadOMHAConfig(201)) - Found matching OM address with OMServiceId: om-add-remove, OMNodeId: omNode-bootstrap-2, RPC Address: localhost:37077 and Ratis port: 34411
2023-03-09 15:00:48,632 [Listener at 127.0.0.1/34237] INFO  ha.OMHANodeDetails (ConfUtils.java:setNodeSpecificConfigs(97)) - Setting configuration key ozone.om.http-address with value of key ozone.om.http-address.om-add-remove.omNode-bootstrap-2: 127.0.0.1:38869
2023-03-09 15:00:48,632 [Listener at 127.0.0.1/34237] INFO  ha.OMHANodeDetails (ConfUtils.java:setNodeSpecificConfigs(97)) - Setting configuration key ozone.om.https-address with value of key ozone.om.https-address.om-add-remove.omNode-bootstrap-2: 127.0.0.1:37431
2023-03-09 15:00:48,633 [Listener at 127.0.0.1/34237] INFO  ha.OMHANodeDetails (ConfUtils.java:setNodeSpecificConfigs(97)) - Setting configuration key ozone.om.address with value of key ozone.om.address.om-add-remove.omNode-bootstrap-2: 127.0.0.1:37077
2023-03-09 15:00:48,633 [Listener at 127.0.0.1/34237] WARN  server.ServerUtils (ServerUtils.java:getDBPath(225)) - ozone.om.db.dirs is not configured. We recommend adding this setting. Falling back to ozone.metadata.dirs instead.
2023-03-09 15:00:48,634 [Listener at 127.0.0.1/34237] INFO  upgrade.AbstractLayoutVersionManager (AbstractLayoutVersionManager.java:init(83)) - Initializing Layout version manager with metadata layout = MULTITENANCY_SCHEMA (version = 3), software layout = MULTITENANCY_SCHEMA (version = 3)
2023-03-09 15:00:48,711 [Listener at 127.0.0.1/34237] INFO  reflections.Reflections (Reflections.java:scan(232)) - Reflections took 75 ms to scan 2 urls, producing 167 keys and 459 values [using 2 cores]
2023-03-09 15:00:48,712 [Listener at 127.0.0.1/34237] INFO  upgrade.OMLayoutVersionManager (OMLayoutVersionManager.java:lambda$0(115)) - Skipping Upgrade Action MockOmUpgradeAction since it has been finalized.
2023-03-09 15:00:48,712 [Listener at 127.0.0.1/34237] WARN  server.ServerUtils (ServerUtils.java:getDBPath(225)) - ozone.om.db.dirs is not configured. We recommend adding this setting. Falling back to ozone.metadata.dirs instead.
2023-03-09 15:00:48,712 [Listener at 127.0.0.1/34237] INFO  ha.SCMNodeInfo (SCMNodeInfo.java:getPort(197)) - ConfigKey ozone.scm.client.address is deprecated, For configuring different ports for each SCM use PortConfigKey ozone.scm.client.port appended with serviceId and nodeId
2023-03-09 15:00:48,712 [Listener at 127.0.0.1/34237] INFO  ha.SCMNodeInfo (SCMNodeInfo.java:getPort(197)) - ConfigKey ozone.scm.block.client.address is deprecated, For configuring different ports for each SCM use PortConfigKey ozone.scm.block.client.port appended with serviceId and nodeId
2023-03-09 15:00:48,713 [Listener at 127.0.0.1/34237] INFO  ha.SCMNodeInfo (SCMNodeInfo.java:getPort(197)) - ConfigKey ozone.scm.datanode.address is deprecated, For configuring different ports for each SCM use PortConfigKey ozone.scm.datanode.port appended with serviceId and nodeId
2023-03-09 15:00:48,713 [Listener at 127.0.0.1/34237] INFO  ha.SCMNodeInfo (SCMNodeInfo.java:getPort(197)) - ConfigKey ozone.scm.client.address is deprecated, For configuring different ports for each SCM use PortConfigKey ozone.scm.client.port appended with serviceId and nodeId
2023-03-09 15:00:48,713 [Listener at 127.0.0.1/34237] INFO  ha.SCMNodeInfo (SCMNodeInfo.java:getPort(197)) - ConfigKey ozone.scm.block.client.address is deprecated, For configuring different ports for each SCM use PortConfigKey ozone.scm.block.client.port appended with serviceId and nodeId
2023-03-09 15:00:48,713 [Listener at 127.0.0.1/34237] INFO  ha.SCMNodeInfo (SCMNodeInfo.java:getPort(197)) - ConfigKey ozone.scm.datanode.address is deprecated, For configuring different ports for each SCM use PortConfigKey ozone.scm.datanode.port appended with serviceId and nodeId
2023-03-09 15:00:48,713 [Listener at 127.0.0.1/34237] INFO  proxy.SCMBlockLocationFailoverProxyProvider (SCMBlockLocationFailoverProxyProvider.java:<init>(114)) - Created block location fail-over proxy with 1 nodes: [nodeId=scmNode-1,nodeAddress=/127.0.0.1:39279]
2023-03-09 15:00:48,715 [Listener at 127.0.0.1/34237] INFO  ha.SCMNodeInfo (SCMNodeInfo.java:getPort(197)) - ConfigKey ozone.scm.client.address is deprecated, For configuring different ports for each SCM use PortConfigKey ozone.scm.client.port appended with serviceId and nodeId
2023-03-09 15:00:48,715 [Listener at 127.0.0.1/34237] INFO  ha.SCMNodeInfo (SCMNodeInfo.java:getPort(197)) - ConfigKey ozone.scm.block.client.address is deprecated, For configuring different ports for each SCM use PortConfigKey ozone.scm.block.client.port appended with serviceId and nodeId
2023-03-09 15:00:48,715 [Listener at 127.0.0.1/34237] INFO  ha.SCMNodeInfo (SCMNodeInfo.java:getPort(197)) - ConfigKey ozone.scm.datanode.address is deprecated, For configuring different ports for each SCM use PortConfigKey ozone.scm.datanode.port appended with serviceId and nodeId
2023-03-09 15:00:48,715 [Listener at 127.0.0.1/34237] INFO  proxy.SCMBlockLocationFailoverProxyProvider (SCMBlockLocationFailoverProxyProvider.java:<init>(114)) - Created block location fail-over proxy with 1 nodes: [nodeId=scmNode-1,nodeAddress=/127.0.0.1:39279]
2023-03-09 15:00:48,730 [Listener at 127.0.0.1/34237] INFO  om.OzoneManager (OzoneManager.java:<init>(619)) - OM start with adminUsers: [runner]
2023-03-09 15:00:48,732 [Listener at 127.0.0.1/34237] WARN  server.ServerUtils (ServerUtils.java:getDBPath(225)) - ozone.om.db.dirs is not configured. We recommend adding this setting. Falling back to ozone.metadata.dirs instead.
2023-03-09 15:00:48,732 [Listener at 127.0.0.1/34237] INFO  codec.OmKeyInfoCodec (OmKeyInfoCodec.java:<init>(49)) - OmKeyInfoCodec ignorePipeline = true
2023-03-09 15:00:48,732 [Listener at 127.0.0.1/34237] INFO  codec.RepeatedOmKeyInfoCodec (RepeatedOmKeyInfoCodec.java:<init>(41)) - RepeatedOmKeyInfoCodec ignorePipeline = true
2023-03-09 15:00:48,811 [EndpointStateMachine task thread for /127.0.0.1:36681 - 0 ] INFO  ipc.Client (Client.java:handleConnectionFailure(1010)) - Retrying connect to server: localhost/127.0.0.1:36681. Already tried 3 time(s); retry policy is RetryUpToMaximumCountWithFixedSleep(maxRetries=15, sleepTime=1000 MILLISECONDS)
2023-03-09 15:00:48,962 [Listener at 127.0.0.1/34237] INFO  om.OzoneManager (OzoneManager.java:instantiateServices(749)) - S3 Multi-Tenancy is disabled
2023-03-09 15:00:48,963 [Listener at 127.0.0.1/34237] WARN  server.ServerUtils (ServerUtils.java:getDBPath(225)) - ozone.om.snapshot.diff.db.dir is not configured. We recommend adding this setting. Falling back to ozone.metadata.dirs instead.
2023-03-09 15:00:48,975 [Listener at 127.0.0.1/34237] INFO  om.OzoneManager (OzoneManager.java:addS3GVolumeToDB(4217)) - Created Volume s3v With Owner runner required for S3Gateway operations.
2023-03-09 15:00:48,975 [Listener at 127.0.0.1/34237] WARN  server.ServerUtils (ServerUtils.java:getDefaultRatisDirectory(237)) - Storage directory for Ratis is not configured. It is a good idea to map this to an SSD disk. Falling back to ozone.metadata.dirs
2023-03-09 15:00:48,975 [Listener at 127.0.0.1/34237] WARN  utils.OzoneManagerRatisUtils (OzoneManagerRatisUtils.java:getOMRatisSnapshotDirectory(436)) - ozone.om.ratis.snapshot.dir is not configured. Falling back to ozone.metadata.dirs config
2023-03-09 15:00:48,976 [Listener at 127.0.0.1/34237] INFO  snapshot.OzoneManagerSnapshotProvider (OzoneManagerSnapshotProvider.java:<init>(76)) - Initializing OM Snapshot Provider
2023-03-09 15:00:48,977 [Listener at 127.0.0.1/34237] WARN  server.ServerUtils (ServerUtils.java:getDefaultRatisDirectory(237)) - Storage directory for Ratis is not configured. It is a good idea to map this to an SSD disk. Falling back to ozone.metadata.dirs
2023-03-09 15:00:48,978 [Listener at 127.0.0.1/34237] INFO  ratis.OzoneManagerRatisServer (OzoneManagerRatisServer.java:<init>(157)) - OM started in Bootstrap mode. Instantiating OM Ratis server with groupID: om-add-remove
2023-03-09 15:00:48,978 [Listener at 127.0.0.1/34237] INFO  ratis.OzoneManagerStateMachine (OzoneManagerStateMachine.java:loadSnapshotInfoFromDB(636)) - LastAppliedIndex is set from TransactionInfo from OM DB as (t:0, i:~)
2023-03-09 15:00:48,979 [Listener at 127.0.0.1/34237] INFO  server.RaftServer (ConfUtils.java:logGet(46)) - raft.rpc.type = GRPC (default)
2023-03-09 15:00:48,979 [Listener at 127.0.0.1/34237] INFO  grpc.GrpcConfigKeys (ConfUtils.java:logFallback(53)) - raft.grpc.admin.host = null (fallback to raft.grpc.server.host)
2023-03-09 15:00:48,979 [Listener at 127.0.0.1/34237] INFO  grpc.GrpcConfigKeys (ConfUtils.java:logFallback(53)) - raft.grpc.admin.port = 34411 (fallback to raft.grpc.server.port)
2023-03-09 15:00:48,979 [Listener at 127.0.0.1/34237] INFO  grpc.GrpcConfigKeys (ConfUtils.java:logFallback(53)) - raft.grpc.client.host = null (fallback to raft.grpc.server.host)
2023-03-09 15:00:48,979 [Listener at 127.0.0.1/34237] INFO  grpc.GrpcConfigKeys (ConfUtils.java:logFallback(53)) - raft.grpc.client.port = 34411 (fallback to raft.grpc.server.port)
2023-03-09 15:00:48,980 [Listener at 127.0.0.1/34237] INFO  grpc.GrpcConfigKeys (ConfUtils.java:logGet(46)) - raft.grpc.server.host = null (default)
2023-03-09 15:00:48,980 [Listener at 127.0.0.1/34237] INFO  grpc.GrpcConfigKeys (ConfUtils.java:logGet(46)) - raft.grpc.server.port = 34411 (custom)
2023-03-09 15:00:48,980 [Listener at 127.0.0.1/34237] INFO  server.GrpcService (ConfUtils.java:logGet(46)) - raft.grpc.message.size.max = 33554432 (custom)
2023-03-09 15:00:48,980 [Listener at 127.0.0.1/34237] INFO  server.RaftServerConfigKeys (ConfUtils.java:logGet(46)) - raft.server.log.appender.buffer.byte-limit = 33554432 (custom)
2023-03-09 15:00:48,980 [Listener at 127.0.0.1/34237] INFO  server.GrpcService (ConfUtils.java:logGet(46)) - raft.grpc.flow.control.window = 1MB (=1048576) (default)
2023-03-09 15:00:48,980 [Listener at 127.0.0.1/34237] INFO  server.RaftServerConfigKeys (ConfUtils.java:logGet(46)) - raft.server.rpc.request.timeout = 3000ms (default)
2023-03-09 15:00:48,980 [Listener at 127.0.0.1/34237] INFO  grpc.GrpcConfigKeys (ConfUtils.java:logGet(46)) - raft.grpc.server.heartbeat.channel = true (default)
2023-03-09 15:00:48,981 [Listener at 127.0.0.1/34237] INFO  grpc.GrpcConfigKeys (ConfUtils.java:logGet(46)) - raft.grpc.server.async.request.thread.pool.cached = true (default)
2023-03-09 15:00:48,981 [Listener at 127.0.0.1/34237] INFO  grpc.GrpcConfigKeys (ConfUtils.java:logGet(46)) - raft.grpc.server.async.request.thread.pool.size = 32 (default)
2023-03-09 15:00:48,982 [Listener at 127.0.0.1/34237] INFO  impl.DataStreamServerImpl (ConfUtils.java:logGet(46)) - raft.datastream.type = DISABLED (default)
2023-03-09 15:00:48,982 [Listener at 127.0.0.1/34237] INFO  server.RaftServerConfigKeys (ConfUtils.java:logGet(46)) - raft.server.threadpool.proxy.cached = true (default)
2023-03-09 15:00:48,982 [Listener at 127.0.0.1/34237] INFO  server.RaftServerConfigKeys (ConfUtils.java:logGet(46)) - raft.server.threadpool.proxy.size = 0 (default)
2023-03-09 15:00:48,983 [Listener at 127.0.0.1/34237] INFO  server.RaftServerConfigKeys (ConfUtils.java:logGet(46)) - raft.server.rpc.slowness.timeout = 2s (custom)
2023-03-09 15:00:48,983 [Listener at 127.0.0.1/34237] INFO  server.RaftServerConfigKeys (ConfUtils.java:logGet(46)) - raft.server.leaderelection.leader.step-down.wait-time = 10s (default)
2023-03-09 15:00:48,983 [Listener at 127.0.0.1/34237] INFO  server.RaftServerConfigKeys (ConfUtils.java:logGet(46)) - raft.server.storage.dir = [/home/runner/work/ozone/ozone/hadoop-ozone/integration-test/target/test-dir/MiniOzoneClusterImpl-4e7c95cc-71c1-4f0b-a9e9-e7b04a6f140e/omNode-bootstrap-2/ratis] (custom)
2023-03-09 15:00:48,984 [Listener at 127.0.0.1/34237] INFO  server.RaftServer (RaftServerProxy.java:addNew(96)) - omNode-bootstrap-2: addNew group-0AAC5367B30E:[] returns group-0AAC5367B30E:java.util.concurrent.CompletableFuture@7b51728[Not completed]
2023-03-09 15:00:48,984 [pool-820-thread-1] INFO  server.RaftServer$Division (OzoneManager.java:initializeRatisServer(RaftServerImpl.java2096)) - OzoneManager Ratis server initialized at port 34411
:<init>(195)) - omNode-bootstrap-2: new RaftServerImpl for group-0AAC5367B30E:[] with OzoneManagerStateMachine:uninitialized
2023-03-09 15:00:48,984 [Listener at 127.0.0.1/34237] INFO  om.OzoneManager (OzoneManager.java:initializeRatisServer(2096)) - OzoneManager Ratis server initialized at port 34411
2023-03-09 15:00:48,984 [pool-820-thread-1] INFO  server.RaftServerConfigKeys (ConfUtils.java:logGet(46)) - raft.server.rpc.timeout.min = 1s (custom)
2023-03-09 15:00:48,984 [pool-820-thread-1] INFO  server.RaftServerConfigKeys (ConfUtils.java:logGet(46)) - raft.server.rpc.timeout.max = 1200ms (custom)
2023-03-09 15:00:48,984 [Listener at 127.0.0.1/34237] INFO  om.OzoneManager (OzoneManager.java:getRpcServer(1132)) - Creating RPC Server
ConfUtils.java:logGet(46)) - raft.server.rpc.sleep.time = 25ms (default)
2023-03-09 15:00:48,984 [Listener at 127.0.0.1/34237] INFO  om.OzoneManager (OzoneManager.java:getRpcServer(1132)) - Creating RPC Server
2023-03-09 15:00:48,984 [pool-820-thread-1] INFO  server.RaftServerConfigKeys (ConfUtils.java:logGet(46)) - raft.server.rpc.slowness.timeout = 2s (custom)
2023-03-09 15:00:48,984 [pool-820-thread-1] INFO  server.RaftServerConfigKeys (ConfUtils.java:logGet(46)) - raft.server.leaderelection.leader.step-down.wait-time = 10s (default)
2023-03-09 15:00:48,984 [pool-820-thread-1] INFO  server.RaftServerConfigKeys (ConfUtils.java:logGet(46)) - raft.server.sleep.deviation.threshold = 300ms (default)
2023-03-09 15:00:48,984 [pool-820-thread-1] INFO  server.RaftServer$Division (ServerState.java:<init>(118)) - omNode-bootstrap-2@group-0AAC5367B30E: ConfigurationManager, init=-1: peers:[]|listeners:[], old=null, confs=<EMPTY_MAP>
2023-03-09 15:00:48,984 [pool-820-thread-1] INFO  server.RaftServerConfigKeys (ConfUtils.java:logGet(46)) - raft.server.storage.dir = [/home/runner/work/ozone/ozone/hadoop-ozone/integration-test/target/test-dir/MiniOzoneClusterImpl-4e7c95cc-71c1-4f0b-a9e9-e7b04a6f140e/omNode-bootstrap-2/ratis] (custom)
2023-03-09 15:00:48,985 [pool-820-thread-1] INFO  server.RaftServerConfigKeys (ConfUtils.java:logGet(46)) - raft.server.log.corruption.policy = EXCEPTION (default)
2023-03-09 15:00:48,985 [pool-820-thread-1] INFO  server.RaftServerConfigKeys (ConfUtils.java:logGet(46)) - raft.server.storage.free-space.min = 0MB (=0) (default)
2023-03-09 15:00:48,985 [pool-820-thread-1] INFO  server.RaftServerConfigKeys (ConfUtils.java:logGet(46)) - raft.server.notification.no-leader.timeout = 2s (custom)
2023-03-09 15:00:48,985 [pool-820-thread-1] INFO  server.RaftServerConfigKeys (ConfUtils.java:logGet(46)) - raft.server.retrycache.expirytime = 300s (custom)
2023-03-09 15:00:48,985 [pool-820-thread-1] INFO  server.RaftServerConfigKeys (ConfUtils.java:logGet(46)) - raft.server.retrycache.statistics.expirytime = 100μs (default)
2023-03-09 15:00:48,987 [pool-820-thread-1] INFO  server.RaftServerConfigKeys (ConfUtils.java:logGet(46)) - raft.server.log.appender.install.snapshot.enabled = false (custom)
2023-03-09 15:00:48,987 [pool-820-thread-1] INFO  server.RaftServerConfigKeys (ConfUtils.java:logGet(46)) - raft.server.threadpool.server.cached = true (default)
2023-03-09 15:00:48,987 [pool-820-thread-1] INFO  server.RaftServerConfigKeys (ConfUtils.java:logGet(46)) - raft.server.threadpool.server.size = 0 (default)
2023-03-09 15:00:48,987 [pool-820-thread-1] INFO  server.RaftServerConfigKeys (ConfUtils.java:logGet(46)) - raft.server.threadpool.client.cached = true (default)
2023-03-09 15:00:48,988 [pool-820-thread-1] INFO  server.RaftServerConfigKeys (ConfUtils.java:logGet(46)) - raft.server.threadpool.client.size = 0 (default)
2023-03-09 15:00:49,342 [Listener at 127.0.0.1/34237] INFO  reflections.Reflections (Reflections.java:scan(232)) - Reflections took 356 ms to scan 19 urls, producing 68 keys and 4914 values [using 2 cores]
2023-03-09 15:00:49,343 [Listener at 127.0.0.1/34237] INFO  ipc.CallQueueManager (CallQueueManager.java:<init>(90)) - Using callQueue: class java.util.concurrent.LinkedBlockingQueue, queueCapacity: 2000, scheduler: class org.apache.hadoop.ipc.DefaultRpcScheduler, ipcBackoff: false.
2023-03-09 15:00:49,344 [Socket Reader #1 for port 37077] INFO  ipc.Server (Server.java:run(1273)) - Starting Socket Reader #1 for port 37077
2023-03-09 15:00:49,370 [Listener at 127.0.0.1/37077] WARN  om.OzoneManager (OzoneManager.java:start(1545)) - Skipped checking whether existing OM configs have been updated with this OM information as force bootstrap is called.
2023-03-09 15:00:49,370 [Listener at 127.0.0.1/37077] INFO  impl.MetricsSystemImpl (MetricsSystemImpl.java:init(158)) - OzoneManager metrics system started (again)
2023-03-09 15:00:49,381 [Listener at 127.0.0.1/37077] INFO  om.OzoneManager (OzoneManager.java:start(1553)) - OzoneManager RPC server is listening at localhost/127.0.0.1:37077
2023-03-09 15:00:49,381 [Listener at 127.0.0.1/37077] INFO  ratis.OzoneManagerRatisServer (OzoneManagerRatisServer.java:start(559)) - Starting OzoneManagerRatisServer omNode-bootstrap-2 at port 34411
2023-03-09 15:00:49,384 [omNode-bootstrap-2-impl-thread1] INFO  storage.RaftStorageDirectory (RaftStorageDirectoryImpl.java:analyzeStorage(137)) - The storage directory /home/runner/work/ozone/ozone/hadoop-ozone/integration-test/target/test-dir/MiniOzoneClusterImpl-4e7c95cc-71c1-4f0b-a9e9-e7b04a6f140e/omNode-bootstrap-2/ratis/0718e334-ffa1-36bc-8e9a-0aac5367b30e does not exist. Creating ...
2023-03-09 15:00:49,386 [omNode-bootstrap-2-impl-thread1] INFO  storage.RaftStorageDirectory (RaftStorageDirectoryImpl.java:tryLock(231)) - Lock on /home/runner/work/ozone/ozone/hadoop-ozone/integration-test/target/test-dir/MiniOzoneClusterImpl-4e7c95cc-71c1-4f0b-a9e9-e7b04a6f140e/omNode-bootstrap-2/ratis/0718e334-ffa1-36bc-8e9a-0aac5367b30e/in_use.lock acquired by nodename 57158@fv-az377-502
2023-03-09 15:00:49,388 [omNode-bootstrap-2-impl-thread1] INFO  storage.RaftStorage (RaftStorageImpl.java:format(96)) - Storage directory /home/runner/work/ozone/ozone/hadoop-ozone/integration-test/target/test-dir/MiniOzoneClusterImpl-4e7c95cc-71c1-4f0b-a9e9-e7b04a6f140e/omNode-bootstrap-2/ratis/0718e334-ffa1-36bc-8e9a-0aac5367b30e has been successfully formatted.
2023-03-09 15:00:49,388 [omNode-bootstrap-2-impl-thread1] INFO  server.RaftServerConfigKeys (ConfUtils.java:logGet(46)) - raft.server.log.use.memory = false (default)
2023-03-09 15:00:49,388 [omNode-bootstrap-2-impl-thread1] INFO  server.RaftServerConfigKeys (ConfUtils.java:logGet(46)) - raft.server.log.purge.gap = 1000000 (custom)
2023-03-09 15:00:49,388 [omNode-bootstrap-2-impl-thread1] INFO  server.RaftServerConfigKeys (ConfUtils.java:logGet(46)) - raft.server.log.appender.buffer.byte-limit = 33554432 (custom)
2023-03-09 15:00:49,388 [omNode-bootstrap-2-impl-thread1] INFO  server.RaftServerConfigKeys (ConfUtils.java:logGet(46)) - raft.server.log.statemachine.data.read.timeout = 1000ms (default)
2023-03-09 15:00:49,388 [omNode-bootstrap-2-impl-thread1] INFO  server.RaftServerConfigKeys (ConfUtils.java:logGet(46)) - raft.server.log.purge.preservation.log.num = 0 (default)
2023-03-09 15:00:49,389 [omNode-bootstrap-2-impl-thread1] INFO  server.RaftServerConfigKeys (ConfUtils.java:logGet(46)) - raft.server.log.segment.size.max = 4194304 (custom)
2023-03-09 15:00:49,389 [omNode-bootstrap-2-impl-thread1] INFO  server.RaftServerConfigKeys (ConfUtils.java:logGet(46)) - raft.server.log.segment.cache.num.max = 2 (custom)
2023-03-09 15:00:49,389 [omNode-bootstrap-2-impl-thread1] INFO  server.RaftServerConfigKeys (ConfUtils.java:logGet(46)) - raft.server.log.segment.cache.size.max = 200MB (=209715200) (default)
2023-03-09 15:00:49,389 [omNode-bootstrap-2-impl-thread1] INFO  segmented.SegmentedRaftLogWorker (SegmentedRaftLogWorker.java:<init>(189)) - new omNode-bootstrap-2@group-0AAC5367B30E-SegmentedRaftLogWorker for RaftStorageImpl:Storage Directory /home/runner/work/ozone/ozone/hadoop-ozone/integration-test/target/test-dir/MiniOzoneClusterImpl-4e7c95cc-71c1-4f0b-a9e9-e7b04a6f140e/omNode-bootstrap-2/ratis/0718e334-ffa1-36bc-8e9a-0aac5367b30e
2023-03-09 15:00:49,389 [omNode-bootstrap-2-impl-thread1] INFO  server.RaftServerConfigKeys (ConfUtils.java:logGet(46)) - raft.server.log.queue.byte-limit = 64MB (=67108864) (default)
2023-03-09 15:00:49,389 [omNode-bootstrap-2-impl-thread1] INFO  server.RaftServerConfigKeys (ConfUtils.java:logGet(46)) - raft.server.log.queue.element-limit = 4096 (default)
2023-03-09 15:00:49,389 [omNode-bootstrap-2-impl-thread1] INFO  server.RaftServerConfigKeys (ConfUtils.java:logGet(46)) - raft.server.log.segment.size.max = 4194304 (custom)
2023-03-09 15:00:49,389 [omNode-bootstrap-2-impl-thread1] INFO  server.RaftServerConfigKeys (ConfUtils.java:logGet(46)) - raft.server.log.preallocated.size = 4194304 (custom)
2023-03-09 15:00:49,389 [omNode-bootstrap-2-impl-thread1] INFO  server.RaftServerConfigKeys (ConfUtils.java:logGet(46)) - raft.server.log.force.sync.num = 128 (default)
2023-03-09 15:00:49,389 [omNode-bootstrap-2-impl-thread1] INFO  server.RaftServerConfigKeys (ConfUtils.java:logGet(46)) - raft.server.log.statemachine.data.sync = true (default)
2023-03-09 15:00:49,389 [omNode-bootstrap-2-impl-thread1] INFO  server.RaftServerConfigKeys (ConfUtils.java:logGet(46)) - raft.server.log.statemachine.data.sync.timeout = 10s (default)
2023-03-09 15:00:49,389 [omNode-bootstrap-2-impl-thread1] INFO  server.RaftServerConfigKeys (ConfUtils.java:logGet(46)) - raft.server.log.statemachine.data.sync.timeout.retry = -1 (default)
2023-03-09 15:00:49,390 [omNode-bootstrap-2-impl-thread1] INFO  server.RaftServerConfigKeys (ConfUtils.java:logGet(46)) - raft.server.log.write.buffer.size = 64KB (=65536) (default)
2023-03-09 15:00:49,390 [omNode-bootstrap-2-impl-thread1] INFO  server.RaftServerConfigKeys (ConfUtils.java:logGet(46)) - raft.server.log.appender.buffer.byte-limit = 33554432 (custom)
2023-03-09 15:00:49,402 [omNode-bootstrap-2-impl-thread1] INFO  server.RaftServerConfigKeys (ConfUtils.java:logGet(46)) - raft.server.log.unsafe-flush.enabled = false (default)
2023-03-09 15:00:49,402 [omNode-bootstrap-2-impl-thread1] INFO  server.RaftServerConfigKeys (ConfUtils.java:logGet(46)) - raft.server.log.async-flush.enabled = false (default)
2023-03-09 15:00:49,402 [omNode-bootstrap-2-impl-thread1] INFO  server.RaftServerConfigKeys (ConfUtils.java:logGet(46)) - raft.server.log.statemachine.data.caching.enabled = false (default)
2023-03-09 15:00:49,402 [omNode-bootstrap-2-impl-thread1] INFO  segmented.SegmentedRaftLogWorker (SegmentedRaftLogWorker.java:lambda$new$0(135)) - omNode-bootstrap-2@group-0AAC5367B30E-SegmentedRaftLogWorker: flushIndex: setUnconditionally 0 -> -1
2023-03-09 15:00:49,402 [omNode-bootstrap-2-impl-thread1] INFO  segmented.SegmentedRaftLogWorker (SegmentedRaftLogWorker.java:lambda$new$0(135)) - omNode-bootstrap-2@group-0AAC5367B30E-SegmentedRaftLogWorker: safeCacheEvictIndex: setUnconditionally 0 -> -1
2023-03-09 15:00:49,406 [omNode-bootstrap-2-impl-thread1] INFO  server.RaftServer$Division (RaftServerImpl.java:start(340)) - omNode-bootstrap-2@group-0AAC5367B30E: start with initializing state, conf=-1: peers:[]|listeners:[], old=null
2023-03-09 15:00:49,406 [omNode-bootstrap-2-impl-thread1] INFO  server.RaftServer$Division (RaftServerImpl.java:setRole(321)) - omNode-bootstrap-2@group-0AAC5367B30E: changes role from      null to FOLLOWER at term 0 for startInitializing
2023-03-09 15:00:49,406 [omNode-bootstrap-2-impl-thread1] INFO  util.JmxRegister (JmxRegister.java:tryRegister(44)) - Successfully registered JMX Bean with object name Ratis:service=RaftServer,group=group-0AAC5367B30E,id=omNode-bootstrap-2
2023-03-09 15:00:49,406 [omNode-bootstrap-2-impl-thread1] INFO  server.RaftServerConfigKeys (ConfUtils.java:logGet(46)) - raft.server.snapshot.auto.trigger.enabled = true (custom)
2023-03-09 15:00:49,406 [omNode-bootstrap-2-impl-thread1] INFO  server.RaftServerConfigKeys (ConfUtils.java:logGet(46)) - raft.server.snapshot.auto.trigger.threshold = 400000 (default)
2023-03-09 15:00:49,406 [omNode-bootstrap-2-impl-thread1] INFO  server.RaftServerConfigKeys (ConfUtils.java:logGet(46)) - raft.server.snapshot.retention.file.num = -1 (default)
2023-03-09 15:00:49,407 [omNode-bootstrap-2-impl-thread1] INFO  server.RaftServerConfigKeys (ConfUtils.java:logGet(46)) - raft.server.log.purge.upto.snapshot.index = true (custom)
2023-03-09 15:00:49,412 [Listener at 127.0.0.1/37077] INFO  server.RaftServer (RaftServerProxy.java:startImpl(393)) - omNode-bootstrap-2: start RPC server
2023-03-09 15:00:49,426 [Listener at 127.0.0.1/37077] INFO  server.GrpcService (GrpcService.java:startImpl(262)) - omNode-bootstrap-2: GrpcService started, listening on 34411
2023-03-09 15:00:49,426 [Listener at 127.0.0.1/37077] INFO  om.OzoneManager (OzoneManager.java:start(1569)) - Version File has different layout version (3) than OM DB (null). That is expected if this OM has never been finalized to a newer layout version.
2023-03-09 15:00:49,428 [JvmPauseMonitor28] INFO  util.JvmPauseMonitor (JvmPauseMonitor.java:run(105)) - JvmPauseMonitor-omNode-bootstrap-2: Started
2023-03-09 15:00:49,435 [Listener at 127.0.0.1/37077] INFO  http.BaseHttpServer (BaseHttpServer.java:newHttpServer2BuilderForOzone(224)) - Starting Web-server for ozoneManager at: http://0.0.0.0:38869
2023-03-09 15:00:49,435 [Listener at 127.0.0.1/37077] INFO  http.BaseHttpServer (BaseHttpServer.java:<init>(111)) - Hadoop Security Enabled: false Ozone Security Enabled: false Ozone HTTP Security Enabled: false 
2023-03-09 15:00:49,437 [Listener at 127.0.0.1/37077] WARN  server.AuthenticationFilter (AuthenticationFilter.java:constructSecretProvider(240)) - Unable to initialize FileSignerSecretProvider, falling back to use random secrets. Reason: Could not read signature secret file: /home/runner/hadoop-http-auth-signature-secret
2023-03-09 15:00:49,437 [Listener at 127.0.0.1/37077] WARN  http.HttpRequestLog (HttpRequestLog.java:getRequestLog(103)) - Jetty request log can only be enabled using Log4j
2023-03-09 15:00:49,439 [Listener at 127.0.0.1/37077] INFO  http.HttpServer2 (HttpServer2.java:addGlobalFilter(1031)) - Added global filter 'safety' (class=org.apache.hadoop.hdds.server.http.HttpServer2$QuotingInputFilter)
2023-03-09 15:00:49,440 [Listener at 127.0.0.1/37077] INFO  http.HttpServer2 (HttpServer2.java:addFilter(1007)) - Added filter static_user_filter (class=org.apache.hadoop.http.lib.StaticUserWebFilter$StaticUserFilter) to context ozoneManager
2023-03-09 15:00:49,440 [Listener at 127.0.0.1/37077] INFO  http.HttpServer2 (HttpServer2.java:addFilter(1015)) - Added filter static_user_filter (class=org.apache.hadoop.http.lib.StaticUserWebFilter$StaticUserFilter) to context logs
2023-03-09 15:00:49,440 [Listener at 127.0.0.1/37077] INFO  http.HttpServer2 (HttpServer2.java:addFilter(1015)) - Added filter static_user_filter (class=org.apache.hadoop.http.lib.StaticUserWebFilter$StaticUserFilter) to context static
2023-03-09 15:00:49,441 [Listener at 127.0.0.1/37077] INFO  http.BaseHttpServer (BaseHttpServer.java:<init>(190)) - HTTP server of ozoneManager uses base directory /home/runner/work/ozone/ozone/hadoop-ozone/integration-test/target/test-dir/MiniOzoneClusterImpl-4e7c95cc-71c1-4f0b-a9e9-e7b04a6f140e/omNode-bootstrap-2/webserver
2023-03-09 15:00:49,441 [Listener at 127.0.0.1/37077] INFO  http.HttpServer2 (HttpServer2.java:bindListener(1250)) - Jetty bound to port 38869
2023-03-09 15:00:49,441 [Listener at 127.0.0.1/37077] INFO  server.Server (Server.java:doStart(375)) - jetty-9.4.49.v20220914; built: 2022-09-14T01:07:36.601Z; git: 4231a3b2e4cb8548a412a789936d640a97b1aa0a; jvm 1.8.0_362-b09
2023-03-09 15:00:49,443 [Listener at 127.0.0.1/37077] INFO  server.session (DefaultSessionIdManager.java:doStart(334)) - DefaultSessionIdManager workerName=node0
2023-03-09 15:00:49,443 [Listener at 127.0.0.1/37077] INFO  server.session (DefaultSessionIdManager.java:doStart(339)) - No SessionScavenger set, using defaults
2023-03-09 15:00:49,444 [Listener at 127.0.0.1/37077] INFO  server.session (HouseKeeper.java:startScavenging(132)) - node0 Scavenging every 600000ms
2023-03-09 15:00:49,444 [Listener at 127.0.0.1/37077] INFO  handler.ContextHandler (ContextHandler.java:doStart(921)) - Started o.e.j.s.ServletContextHandler@72ab7c43{logs,/logs,file:///home/runner/work/ozone/ozone/hadoop-ozone/integration-test/target/log,AVAILABLE}
2023-03-09 15:00:49,445 [Listener at 127.0.0.1/37077] INFO  handler.ContextHandler (ContextHandler.java:doStart(921)) - Started o.e.j.s.ServletContextHandler@8250eac{static,/static,file:///home/runner/work/ozone/ozone/hadoop-ozone/integration-test/target/test-classes/webapps/static,AVAILABLE}
2023-03-09 15:00:49,448 [Listener at 127.0.0.1/37077] INFO  handler.ContextHandler (ContextHandler.java:doStart(921)) - Started o.e.j.w.WebAppContext@7a9a7365{ozoneManager,/,file:///home/runner/work/ozone/ozone/hadoop-ozone/integration-test/target/test-classes/webapps/ozoneManager/,AVAILABLE}{file:/home/runner/work/ozone/ozone/hadoop-ozone/integration-test/target/test-classes/webapps/ozoneManager}
2023-03-09 15:00:49,450 [Listener at 127.0.0.1/37077] INFO  server.AbstractConnector (AbstractConnector.java:doStart(333)) - Started ServerConnector@b7b3c69{HTTP/1.1, (http/1.1)}{0.0.0.0:38869}
2023-03-09 15:00:49,450 [Listener at 127.0.0.1/37077] INFO  server.Server (Server.java:doStart(415)) - Started @180104ms
2023-03-09 15:00:49,450 [Listener at 127.0.0.1/37077] WARN  impl.MetricsSystemImpl (MetricsSystemImpl.java:register(279)) - Sink prometheus already exists!
2023-03-09 15:00:49,451 [Listener at 127.0.0.1/37077] INFO  http.BaseHttpServer (BaseHttpServer.java:updateConnectorAddress(344)) - HTTP server of ozoneManager listening at http://0.0.0.0:38869
2023-03-09 15:00:49,452 [IPC Server Responder] INFO  ipc.Server (Server.java:run(1512)) - IPC Server Responder: starting
2023-03-09 15:00:49,454 [IPC Server listener on 37077] INFO  ipc.Server (Server.java:run(1352)) - IPC Server listener on 37077: starting
2023-03-09 15:00:49,456 [Listener at 127.0.0.1/37077] INFO  om.OzoneManager (OzoneManager.java:startTrashEmptier(2040)) - Trash Interval set to 0. Files deleted won't move to trash
2023-03-09 15:00:49,459 [org.apache.hadoop.util.JvmPauseMonitor$Monitor@7bd97702] INFO  util.JvmPauseMonitor (JvmPauseMonitor.java:run(188)) - Starting JVM pause monitor
2023-03-09 15:00:49,465 [IPC Server handler 2 on default port 40089] INFO  ratis.OzoneManagerRatisServer (OzoneManagerRatisServer.java:addOMToRatisRing(314)) - omNode-1: Submitting SetConfiguration request to Ratis server to add new OM peer omNode-bootstrap-2|rpc:localhost:34411|priority:0|startupRole:FOLLOWER to the Ratis group group-0AAC5367B30E:[omNode-1|rpc:localhost:39609|priority:0|startupRole:FOLLOWER]
2023-03-09 15:00:49,465 [IPC Server handler 2 on default port 40089] INFO  server.RaftServer$Division (RaftServerImpl.java:setConfigurationAsync(1112)) - omNode-1@group-0AAC5367B30E: receive setConfiguration SetConfigurationRequest:client-A33BCE5DF1A4->omNode-1@group-0AAC5367B30E, cid=4, seq=0, RW, null, SET_UNCONDITIONALLY, servers:[omNode-1|rpc:localhost:39609|priority:0|startupRole:FOLLOWER, omNode-bootstrap-2|rpc:localhost:34411|priority:0|startupRole:FOLLOWER], listeners:[]
2023-03-09 15:00:49,465 [IPC Server handler 2 on default port 40089] INFO  server.RaftServer$Division (LeaderStateImpl.java:startSetConfiguration(368)) - omNode-1@group-0AAC5367B30E-LeaderStateImpl: startSetConfiguration SetConfigurationRequest:client-A33BCE5DF1A4->omNode-1@group-0AAC5367B30E, cid=4, seq=0, RW, null, SET_UNCONDITIONALLY, servers:[omNode-1|rpc:localhost:39609|priority:0|startupRole:FOLLOWER, omNode-bootstrap-2|rpc:localhost:34411|priority:0|startupRole:FOLLOWER], listeners:[]
2023-03-09 15:00:49,466 [IPC Server handler 2 on default port 40089] INFO  server.RaftServerConfigKeys (ConfUtils.java:logGet(46)) - raft.server.log.appender.snapshot.chunk.size.max = 16MB (=16777216) (default)
2023-03-09 15:00:49,466 [IPC Server handler 2 on default port 40089] INFO  server.RaftServerConfigKeys (ConfUtils.java:logGet(46)) - raft.server.log.appender.buffer.byte-limit = 33554432 (custom)
2023-03-09 15:00:49,466 [IPC Server handler 2 on default port 40089] INFO  server.RaftServerConfigKeys (ConfUtils.java:logGet(46)) - raft.server.log.appender.buffer.element-limit = 1024 (custom)
2023-03-09 15:00:49,469 [IPC Server handler 2 on default port 40089] INFO  grpc.GrpcConfigKeys (ConfUtils.java:logGet(46)) - raft.grpc.server.leader.outstanding.appends.max = 128 (default)
2023-03-09 15:00:49,469 [IPC Server handler 2 on default port 40089] INFO  server.RaftServerConfigKeys (ConfUtils.java:logGet(46)) - raft.server.rpc.request.timeout = 3000ms (default)
2023-03-09 15:00:49,469 [IPC Server handler 2 on default port 40089] INFO  server.RaftServerConfigKeys (ConfUtils.java:logGet(46)) - raft.server.log.appender.install.snapshot.enabled = false (custom)
2023-03-09 15:00:49,469 [IPC Server handler 2 on default port 40089] INFO  grpc.GrpcConfigKeys (ConfUtils.java:logGet(46)) - raft.grpc.server.heartbeat.channel = true (default)
2023-03-09 15:00:49,469 [IPC Server handler 2 on default port 40089] INFO  server.RaftServerConfigKeys (ConfUtils.java:logGet(46)) - raft.server.log.appender.wait-time.min = 10ms (default)
2023-03-09 15:00:49,470 [omNode-1@group-0AAC5367B30E->omNode-bootstrap-2-GrpcLogAppender-LogAppenderDaemon] INFO  server.GrpcLogAppender (GrpcLogAppender.java:installSnapshot(635)) - omNode-1@group-0AAC5367B30E->omNode-bootstrap-2-GrpcLogAppender: followerNextIndex = 0 but logStartIndex = 0, notify follower to install snapshot-(t:1, i:0)
2023-03-09 15:00:49,470 [omNode-1@group-0AAC5367B30E->omNode-bootstrap-2-GrpcLogAppender-LogAppenderDaemon] INFO  server.GrpcLogAppender (GrpcLogAppender.java:installSnapshot(643)) - omNode-1@group-0AAC5367B30E->omNode-bootstrap-2-GrpcLogAppender: send omNode-1->omNode-bootstrap-2#0-t1,notify:(t:1, i:0)
2023-03-09 15:00:49,470 [omNode-1@group-0AAC5367B30E->omNode-bootstrap-2-GrpcLogAppender-LogAppenderDaemon] INFO  server.GrpcServerProtocolClient (GrpcServerProtocolClient.java:<init>(63)) - Build channel for omNode-bootstrap-2
2023-03-09 15:00:49,479 [grpc-default-executor-6] INFO  impl.SnapshotInstallationHandler (SnapshotInstallationHandler.java:installSnapshot(89)) - omNode-bootstrap-2@group-0AAC5367B30E: receive installSnapshot: omNode-1->omNode-bootstrap-2#0-t1,notify:(t:1, i:0)
2023-03-09 15:00:49,481 [grpc-default-executor-6] INFO  server.RaftServer$Division (ServerState.java:setLeader(313)) - omNode-bootstrap-2@group-0AAC5367B30E: change Leader from null to omNode-1 at term 1 for installSnapshot, leader elected after 496ms
2023-03-09 15:00:49,481 [grpc-default-executor-6] INFO  impl.SnapshotInstallationHandler (SnapshotInstallationHandler.java:notifyStateMachineToInstallSnapshot(220)) - omNode-bootstrap-2@group-0AAC5367B30E: Received notification to install snapshot at index 0
2023-03-09 15:00:49,481 [grpc-default-executor-6] INFO  impl.SnapshotInstallationHandler (SnapshotInstallationHandler.java:notifyStateMachineToInstallSnapshot(229)) - omNode-bootstrap-2@group-0AAC5367B30E: InstallSnapshot notification result: ALREADY_INSTALLED, current snapshot index: -1
2023-03-09 15:00:49,482 [grpc-default-executor-6] INFO  impl.SnapshotInstallationHandler (SnapshotInstallationHandler.java:installSnapshotImpl(134)) - omNode-bootstrap-2@group-0AAC5367B30E: set new configuration configurationEntry {
  peers {
    id: "omNode-1"
    address: "localhost:39609"
    startupRole: FOLLOWER
  }
}
 from snapshot
2023-03-09 15:00:49,483 [grpc-default-executor-6] INFO  server.RaftServer$Division (ServerState.java:setRaftConf(430)) - omNode-bootstrap-2@group-0AAC5367B30E: set configuration 0: peers:[omNode-1|rpc:localhost:39609|admin:|client:|dataStream:|priority:0|startupRole:FOLLOWER]|listeners:[], old=null
2023-03-09 15:00:49,483 [grpc-default-executor-6] INFO  ratis.OzoneManagerStateMachine (OzoneManagerStateMachine.java:notifyConfigurationChanged(192)) - Received Configuration change notification from Ratis. New Peer list:
[id: "omNode-1"
address: "localhost:39609"
startupRole: FOLLOWER
]
2023-03-09 15:00:49,485 [grpc-default-executor-6] INFO  ratis.OzoneManagerRatisServer (OzoneManagerRatisServer.java:addRaftPeer(405)) - Added OM omNode-1 to Ratis Peers list.
2023-03-09 15:00:49,486 [grpc-default-executor-6] INFO  om.OzoneManager (OzoneManager.java:addOMNodeToPeers(1959)) - Added OM omNode-1 to the Peer list.
2023-03-09 15:00:49,487 [grpc-default-executor-6] INFO  impl.SnapshotInstallationHandler (SnapshotInstallationHandler.java:installSnapshot(100)) - omNode-bootstrap-2@group-0AAC5367B30E: reply installSnapshot: omNode-1<-omNode-bootstrap-2#0:OK-t0,ALREADY_INSTALLED
2023-03-09 15:00:49,488 [grpc-default-executor-3] INFO  server.GrpcLogAppender (GrpcLogAppender.java:onNext(494)) - omNode-1@group-0AAC5367B30E->omNode-bootstrap-2-InstallSnapshotResponseHandler: received the first reply omNode-1<-omNode-bootstrap-2#0:OK-t0,ALREADY_INSTALLED
2023-03-09 15:00:49,488 [grpc-default-executor-3] INFO  server.GrpcLogAppender (GrpcLogAppender.java:onNext(517)) - omNode-1@group-0AAC5367B30E->omNode-bootstrap-2-InstallSnapshotResponseHandler: Follower snapshot is already at index 0.
2023-03-09 15:00:49,488 [grpc-default-executor-3] INFO  leader.FollowerInfo (FollowerInfoImpl.java:lambda$new$0(48)) - omNode-1@group-0AAC5367B30E->omNode-bootstrap-2: snapshotIndex: setUnconditionally 0 -> 0
2023-03-09 15:00:49,488 [grpc-default-executor-3] INFO  leader.FollowerInfo (FollowerInfoImpl.java:lambda$new$0(48)) - omNode-1@group-0AAC5367B30E->omNode-bootstrap-2: matchIndex: setUnconditionally 0 -> 0
2023-03-09 15:00:49,488 [grpc-default-executor-3] INFO  leader.FollowerInfo (FollowerInfoImpl.java:lambda$new$0(48)) - omNode-1@group-0AAC5367B30E->omNode-bootstrap-2: nextIndex: setUnconditionally 0 -> 1
2023-03-09 15:00:49,488 [grpc-default-executor-3] INFO  leader.FollowerInfo (FollowerInfoImpl.java:setAttemptedToInstallSnapshot(118)) - Follower omNode-1@group-0AAC5367B30E->omNode-bootstrap-2 acknowledged installing snapshot
2023-03-09 15:00:49,489 [grpc-default-executor-3] INFO  leader.FollowerInfo (FollowerInfoImpl.java:lambda$new$0(48)) - omNode-1@group-0AAC5367B30E->omNode-bootstrap-2: nextIndex: updateToMax old=1, new=1, updated? false
2023-03-09 15:00:49,489 [grpc-default-executor-6] INFO  server.GrpcServerProtocolService (GrpcServerProtocolService.java:onCompleted(143)) - omNode-bootstrap-2: Completed INSTALL_SNAPSHOT, lastRequest: omNode-1->omNode-bootstrap-2#0-t1,notify:(t:1, i:0)
2023-03-09 15:00:49,502 [omNode-bootstrap-2-server-thread1] INFO  impl.RoleInfo (RoleInfo.java:updateAndGet(139)) - omNode-bootstrap-2: start omNode-bootstrap-2@group-0AAC5367B30E-FollowerState
2023-03-09 15:00:49,505 [omNode-bootstrap-2-server-thread1] INFO  server.RaftServer$Division (RaftServerImpl.java:checkInconsistentAppendEntries(1508)) - omNode-bootstrap-2@group-0AAC5367B30E: Failed appendEntries as previous log entry ((t:1, i:0)) is not found
2023-03-09 15:00:49,505 [omNode-bootstrap-2-server-thread1] INFO  server.RaftServer$Division (RaftServerImpl.java:checkInconsistentAppendEntries(1478)) - omNode-bootstrap-2@group-0AAC5367B30E: inconsistency entries. Reply:omNode-1<-omNode-bootstrap-2#0:FAIL-t1,INCONSISTENCY,nextIndex=0,followerCommit=-1,matchIndex=-1
2023-03-09 15:00:49,505 [omNode-bootstrap-2-server-thread2] INFO  server.RaftServer$Division (RaftServerImpl.java:checkInconsistentAppendEntries(1508)) - omNode-bootstrap-2@group-0AAC5367B30E: Failed appendEntries as previous log entry ((t:1, i:0)) is not found
2023-03-09 15:00:49,505 [omNode-bootstrap-2-server-thread2] INFO  server.RaftServer$Division (RaftServerImpl.java:checkInconsistentAppendEntries(1478)) - omNode-bootstrap-2@group-0AAC5367B30E: inconsistency entries. Reply:omNode-1<-omNode-bootstrap-2#1:FAIL-t1,INCONSISTENCY,nextIndex=0,followerCommit=-1,matchIndex=-1
2023-03-09 15:00:49,506 [grpc-default-executor-3] INFO  leader.FollowerInfo (FollowerInfoImpl.java:lambda$new$0(48)) - omNode-1@group-0AAC5367B30E->omNode-bootstrap-2: nextIndex: updateUnconditionally 9 -> 0
2023-03-09 15:00:49,508 [grpc-default-executor-3] INFO  leader.FollowerInfo (FollowerInfoImpl.java:lambda$new$0(48)) - omNode-1@group-0AAC5367B30E->omNode-bootstrap-2: nextIndex: updateUnconditionally 9 -> 0
2023-03-09 15:00:49,509 [omNode-bootstrap-2-server-thread2] INFO  server.RaftServer$Division (ServerState.java:setRaftConf(430)) - omNode-bootstrap-2@group-0AAC5367B30E: set configuration 0: peers:[omNode-1|rpc:localhost:39609|admin:|client:|dataStream:|priority:0|startupRole:FOLLOWER]|listeners:[], old=null
2023-03-09 15:00:49,510 [omNode-bootstrap-2-server-thread2] INFO  segmented.SegmentedRaftLogWorker (SegmentedRaftLogWorker.java:startLogSegment(452)) - omNode-bootstrap-2@group-0AAC5367B30E-SegmentedRaftLogWorker: Starting segment from index:0
2023-03-09 15:00:49,514 [omNode-bootstrap-2-server-thread2] INFO  server.RaftServer$Division (ServerState.java:setRaftConf(430)) - omNode-bootstrap-2@group-0AAC5367B30E: set configuration 0: peers:[omNode-1|rpc:localhost:39609|admin:|client:|dataStream:|priority:0|startupRole:FOLLOWER]|listeners:[], old=null
2023-03-09 15:00:49,520 [omNode-bootstrap-2@group-0AAC5367B30E-SegmentedRaftLogWorker] INFO  segmented.SegmentedRaftLogWorker (SegmentedRaftLogWorker.java:execute(656)) - omNode-bootstrap-2@group-0AAC5367B30E-SegmentedRaftLogWorker: created new log segment /home/runner/work/ozone/ozone/hadoop-ozone/integration-test/target/test-dir/MiniOzoneClusterImpl-4e7c95cc-71c1-4f0b-a9e9-e7b04a6f140e/omNode-bootstrap-2/ratis/0718e334-ffa1-36bc-8e9a-0aac5367b30e/current/log_inprogress_0
2023-03-09 15:00:49,522 [omNode-bootstrap-2@group-0AAC5367B30E-StateMachineUpdater] INFO  ratis.OzoneManagerStateMachine (OzoneManagerStateMachine.java:notifyConfigurationChanged(192)) - Received Configuration change notification from Ratis. New Peer list:
[id: "omNode-1"
address: "localhost:39609"
startupRole: FOLLOWER
]
2023-03-09 15:00:49,530 [omNode-1@group-0AAC5367B30E-LeaderStateImpl] INFO  server.RaftServer$Division (ServerState.java:setRaftConf(430)) - omNode-1@group-0AAC5367B30E: set configuration 9: peers:[omNode-bootstrap-2|rpc:localhost:34411|priority:0|startupRole:FOLLOWER, omNode-1|rpc:localhost:39609|priority:0|startupRole:FOLLOWER]|listeners:[], old=peers:[omNode-1|rpc:localhost:39609|admin:|client:|dataStream:|priority:0|startupRole:FOLLOWER]|listeners:[]
2023-03-09 15:00:49,532 [omNode-bootstrap-2-server-thread1] INFO  server.RaftServer$Division (ServerState.java:setRaftConf(430)) - omNode-bootstrap-2@group-0AAC5367B30E: set configuration 9: peers:[omNode-bootstrap-2|rpc:localhost:34411|admin:|client:|dataStream:|priority:0|startupRole:FOLLOWER, omNode-1|rpc:localhost:39609|admin:|client:|dataStream:|priority:0|startupRole:FOLLOWER]|listeners:[], old=peers:[omNode-1|rpc:localhost:39609|admin:|client:|dataStream:|priority:0|startupRole:FOLLOWER]|listeners:[]
2023-03-09 15:00:49,536 [omNode-1@group-0AAC5367B30E-LeaderStateImpl] INFO  server.RaftServer$Division (ServerState.java:setRaftConf(430)) - omNode-1@group-0AAC5367B30E: set configuration 11: peers:[omNode-bootstrap-2|rpc:localhost:34411|priority:0|startupRole:FOLLOWER, omNode-1|rpc:localhost:39609|priority:0|startupRole:FOLLOWER]|listeners:[], old=null
2023-03-09 15:00:49,537 [omNode-1@group-0AAC5367B30E-StateMachineUpdater] INFO  ratis.OzoneManagerStateMachine (OzoneManagerStateMachine.java:notifyConfigurationChanged(192)) - Received Configuration change notification from Ratis. New Peer list:
[id: "omNode-bootstrap-2"
address: "localhost:34411"
startupRole: FOLLOWER
, id: "omNode-1"
address: "localhost:39609"
startupRole: FOLLOWER
]
2023-03-09 15:00:49,539 [omNode-bootstrap-2@group-0AAC5367B30E-StateMachineUpdater] INFO  ratis.OzoneManagerStateMachine (OzoneManagerStateMachine.java:notifyConfigurationChanged(192)) - Received Configuration change notification from Ratis. New Peer list:
[id: "omNode-bootstrap-2"
address: "localhost:34411"
startupRole: FOLLOWER
, id: "omNode-1"
address: "localhost:39609"
startupRole: FOLLOWER
]
2023-03-09 15:00:49,539 [omNode-bootstrap-2@group-0AAC5367B30E-StateMachineUpdater] INFO  ratis.OzoneManagerRatisServer (OzoneManagerRatisServer.java:addRaftPeer(405)) - Added OM omNode-bootstrap-2 to Ratis Peers list.
2023-03-09 15:00:49,539 [omNode-bootstrap-2@group-0AAC5367B30E-StateMachineUpdater] INFO  ratis.OzoneManagerRatisServer (OzoneManagerRatisServer.java:addRaftPeer(405)) - Added OM omNode-1 to Ratis Peers list.
2023-03-09 15:00:49,540 [omNode-bootstrap-2-server-thread2] INFO  server.RaftServer$Division (ServerState.java:setRaftConf(430)) - omNode-bootstrap-2@group-0AAC5367B30E: set configuration 11: peers:[omNode-bootstrap-2|rpc:localhost:34411|admin:|client:|dataStream:|priority:0|startupRole:FOLLOWER, omNode-1|rpc:localhost:39609|admin:|client:|dataStream:|priority:0|startupRole:FOLLOWER]|listeners:[], old=null
2023-03-09 15:00:49,547 [OM StateMachine ApplyTransaction Thread - 0] INFO  volume.OMVolumeCreateRequest (OMVolumeCreateRequest.java:validateAndUpdateCache(195)) - created volume:volume58122 for user:runner
2023-03-09 15:00:49,549 [omNode-1@group-0AAC5367B30E-StateMachineUpdater] ERROR om.OzoneManager (OzoneManager.java:addOMNodeToPeers(1946)) - omNode-1: Couldn't add OM omNode-bootstrap-2 to peer list.
2023-03-09 15:00:49,550 [IPC Server handler 2 on default port 40089] INFO  ratis.OzoneManagerRatisServer (OzoneManagerRatisServer.java:addOMToRatisRing(328)) - Added OM omNode-bootstrap-2 to Ratis group group-0AAC5367B30E.
2023-03-09 15:00:49,550 [Listener at 127.0.0.1/37077] INFO  om.OzoneManager (OzoneManager.java:bootstrap(1820)) - Successfully bootstrapped OM omNode-bootstrap-2 and joined the Ratis group group-0AAC5367B30E:[]
2023-03-09 15:00:49,549 [omNode-1@group-0AAC5367B30E-StateMachineUpdater] ERROR ozone.MiniOzoneHAClusterImpl (MiniOzoneHAClusterImpl.java:exitSystem(1084)) - omNode-1 - System Exit: There is no OM configuration for node ID omNode-bootstrap-2 in ozone-site.xml.
java.io.IOException: There is no OM configuration for node ID omNode-bootstrap-2 in ozone-site.xml.
	at org.apache.hadoop.ozone.om.OzoneManager.addOMNodeToPeers(OzoneManager.java:1941)
	at org.apache.hadoop.ozone.om.OzoneManager.updatePeerList(OzoneManager.java:1871)
	at org.apache.hadoop.ozone.om.ratis.OzoneManagerStateMachine.notifyConfigurationChanged(OzoneManagerStateMachine.java:200)
	at org.apache.ratis.server.impl.RaftServerImpl.applyLogToStateMachine(RaftServerImpl.java:1657)
	at org.apache.ratis.server.impl.StateMachineUpdater.applyLog(StateMachineUpdater.java:239)
	at org.apache.ratis.server.impl.StateMachineUpdater.run(StateMachineUpdater.java:182)
	at java.lang.Thread.run(Thread.java:750)
2023-03-09 15:00:49,557 [omNode-1@group-0AAC5367B30E-StateMachineUpdater] INFO  om.OzoneManager (OzoneManager.java:stop(2155)) - omNode-1[localhost:40089]: Stopping Ozone Manager
2023-03-09 15:00:49,557 [omNode-1@group-0AAC5367B30E-StateMachineUpdater] INFO  ipc.Server (Server.java:stop(3428)) - Stopping server on 40089
2023-03-09 15:00:49,557 [IPC Server listener on 40089] INFO  ipc.Server (Server.java:run(1384)) - Stopping IPC Server listener on 40089
2023-03-09 15:00:49,552 [Listener at 127.0.0.1/37077] INFO  ozone.MiniOzoneHAClusterImpl (MiniOzoneHAClusterImpl.java:bootstrapOzoneManager(780)) - Bootstrapped OzoneManager omNode-bootstrap-2 RPC server at localhost/127.0.0.1:37077
2023-03-09 15:00:49,558 [omNode-bootstrap-2@group-0AAC5367B30E-StateMachineUpdater] INFO  ratis.OzoneManagerStateMachine (OzoneManagerStateMachine.java:notifyConfigurationChanged(192)) - Received Configuration change notification from Ratis. New Peer list:
[id: "omNode-bootstrap-2"
address: "localhost:34411"
startupRole: FOLLOWER
, id: "omNode-1"
address: "localhost:39609"
startupRole: FOLLOWER
]
2023-03-09 15:00:49,559 [OM StateMachine ApplyTransaction Thread - 0] INFO  bucket.OMBucketCreateRequest (OMBucketCreateRequest.java:validateAndUpdateCache(263)) - created bucket: bucket28645 of layout FILE_SYSTEM_OPTIMIZED in volume: volume58122
2023-03-09 15:00:49,573 [IPC Server Responder] INFO  ipc.Server (Server.java:run(1517)) - Stopping IPC Server Responder
2023-03-09 15:00:49,574 [omNode-1@group-0AAC5367B30E-StateMachineUpdater] INFO  server.RaftServer (RaftServerProxy.java:lambda$close$6(409)) - omNode-1: close
2023-03-09 15:00:49,575 [omNode-1@group-0AAC5367B30E-StateMachineUpdater] INFO  server.GrpcService (GrpcService.java:closeImpl(271)) - omNode-1: shutdown server GrpcServerProtocolService now
2023-03-09 15:00:49,576 [omNode-1-impl-thread1] INFO  server.RaftServer$Division (RaftServerImpl.java:lambda$close$4(458)) - omNode-1@group-0AAC5367B30E: shutdown
2023-03-09 15:00:49,576 [omNode-1-impl-thread1] INFO  util.JmxRegister (JmxRegister.java:unregister(73)) - Successfully un-registered JMX Bean with object name Ratis:service=RaftServer,group=group-0AAC5367B30E,id=omNode-1
2023-03-09 15:00:49,576 [omNode-1-impl-thread1] INFO  impl.RoleInfo (RoleInfo.java:shutdownLeaderState(93)) - omNode-1: shutdown omNode-1@group-0AAC5367B30E-LeaderStateImpl
2023-03-09 15:00:49,576 [omNode-1-impl-thread1] INFO  impl.PendingRequests (PendingRequests.java:sendNotLeaderResponses(282)) - omNode-1@group-0AAC5367B30E-PendingRequests: sendNotLeaderResponses
2023-03-09 15:00:49,576 [omNode-1@group-0AAC5367B30E->omNode-bootstrap-2-GrpcLogAppender-LogAppenderDaemon] WARN  server.GrpcLogAppender (GrpcLogAppender.java:mayWait(200)) - omNode-1@group-0AAC5367B30E->omNode-bootstrap-2-GrpcLogAppender: Wait interrupted by java.lang.InterruptedException
2023-03-09 15:00:49,577 [grpc-default-executor-6] INFO  server.GrpcServerProtocolService (GrpcServerProtocolService.java:onCompleted(143)) - omNode-bootstrap-2: Completed APPEND_ENTRIES, lastRequest: omNode-1->omNode-bootstrap-2#9-t1,previous=(t:1, i:11),leaderCommit=11,initializing? true,entries: size=1, first=(t:1, i:12), METADATAENTRY(c:11)
2023-03-09 15:00:49,577 [grpc-default-executor-3] INFO  server.GrpcServerProtocolService (GrpcServerProtocolService.java:onCompleted(143)) - omNode-bootstrap-2: Completed APPEND_ENTRIES, lastRequest: null
2023-03-09 15:00:49,578 [grpc-default-executor-1] INFO  server.GrpcLogAppender (GrpcLogAppender.java:onCompleted(415)) - omNode-1@group-0AAC5367B30E->omNode-bootstrap-2-AppendLogResponseHandler: follower responses appendEntries COMPLETED
2023-03-09 15:00:49,578 [grpc-default-executor-3] INFO  server.GrpcLogAppender (GrpcLogAppender.java:onCompleted(415)) - omNode-1@group-0AAC5367B30E->omNode-bootstrap-2-AppendLogResponseHandler: follower responses appendEntries COMPLETED
2023-03-09 15:00:49,578 [grpc-default-executor-1] INFO  leader.FollowerInfo (FollowerInfoImpl.java:lambda$new$0(48)) - omNode-1@group-0AAC5367B30E->omNode-bootstrap-2: nextIndex: updateUnconditionally 13 -> 12
2023-03-09 15:00:49,579 [grpc-default-executor-3] INFO  leader.FollowerInfo (FollowerInfoImpl.java:lambda$new$0(48)) - omNode-1@group-0AAC5367B30E->omNode-bootstrap-2: nextIndex: updateUnconditionally 12 -> 11
2023-03-09 15:00:49,586 [omNode-1-impl-thread1] INFO  impl.StateMachineUpdater (StateMachineUpdater.java:stopAndJoin(153)) - omNode-1@group-0AAC5367B30E-StateMachineUpdater: set stopIndex = 12
2023-03-09 15:00:49,591 [omNode-1@group-0AAC5367B30E-StateMachineUpdater] INFO  server.GrpcServerProtocolClient (GrpcServerProtocolClient.java:close(101)) - omNode-bootstrap-2 Close channels
2023-03-09 15:00:49,594 [omNode-1@group-0AAC5367B30E-StateMachineUpdater] INFO  server.GrpcService (GrpcService.java:closeImpl(280)) - omNode-1: shutdown server GrpcServerProtocolService successfully
2023-03-09 15:00:49,812 [EndpointStateMachine task thread for /127.0.0.1:36681 - 0 ] INFO  ipc.Client (Client.java:handleConnectionFailure(1010)) - Retrying connect to server: localhost/127.0.0.1:36681. Already tried 4 time(s); retry policy is RetryUpToMaximumCountWithFixedSleep(maxRetries=15, sleepTime=1000 MILLISECONDS)
2023-03-09 15:00:50,559 [Listener at 127.0.0.1/37077] INFO  ozone.MiniOzoneClusterImpl (MiniOzoneClusterImpl.java:shutdown(450)) - Shutting down the Mini Ozone Cluster
2023-03-09 15:00:50,560 [Listener at 127.0.0.1/37077] INFO  ozone.MiniOzoneHAClusterImpl (MiniOzoneHAClusterImpl.java:stop(312)) - Stopping the OzoneManager omNode-1
2023-03-09 15:00:50,560 [Listener at 127.0.0.1/37077] INFO  om.OzoneManager (OzoneManager.java:stop(2155)) - omNode-1[localhost:40089]: Stopping Ozone Manager
2023-03-09 15:00:50,560 [Listener at 127.0.0.1/37077] INFO  ozone.MiniOzoneHAClusterImpl (MiniOzoneHAClusterImpl.java:stop(312)) - Stopping the OzoneManager omNode-bootstrap-1
2023-03-09 15:00:50,560 [Listener at 127.0.0.1/37077] INFO  om.OzoneManager (OzoneManager.java:stop(2155)) - omNode-bootstrap-1[localhost:34237]: Stopping Ozone Manager
2023-03-09 15:00:50,560 [Listener at 127.0.0.1/37077] INFO  ozone.MiniOzoneHAClusterImpl (MiniOzoneHAClusterImpl.java:stop(312)) - Stopping the OzoneManager omNode-bootstrap-2
2023-03-09 15:00:50,561 [Listener at 127.0.0.1/37077] INFO  om.OzoneManager (OzoneManager.java:stop(2155)) - omNode-bootstrap-2[localhost:37077]: Stopping Ozone Manager
2023-03-09 15:00:50,561 [Listener at 127.0.0.1/37077] INFO  ipc.Server (Server.java:stop(3428)) - Stopping server on 37077
2023-03-09 15:00:50,561 [IPC Server listener on 37077] INFO  ipc.Server (Server.java:run(1384)) - Stopping IPC Server listener on 37077
2023-03-09 15:00:50,562 [IPC Server Responder] INFO  ipc.Server (Server.java:run(1517)) - Stopping IPC Server Responder
2023-03-09 15:00:50,563 [Listener at 127.0.0.1/37077] INFO  server.RaftServer (RaftServerProxy.java:lambda$close$6(409)) - omNode-bootstrap-2: close
2023-03-09 15:00:50,563 [omNode-bootstrap-2-impl-thread1] INFO  server.RaftServer$Division (RaftServerImpl.java:lambda$close$4(458)) - omNode-bootstrap-2@group-0AAC5367B30E: shutdown
2023-03-09 15:00:50,563 [omNode-bootstrap-2-impl-thread1] INFO  util.JmxRegister (JmxRegister.java:unregister(73)) - Successfully un-registered JMX Bean with object name Ratis:service=RaftServer,group=group-0AAC5367B30E,id=omNode-bootstrap-2
2023-03-09 15:00:50,565 [omNode-bootstrap-2-impl-thread1] INFO  impl.RoleInfo (RoleInfo.java:shutdownFollowerState(110)) - omNode-bootstrap-2: shutdown omNode-bootstrap-2@group-0AAC5367B30E-FollowerState
2023-03-09 15:00:50,566 [omNode-bootstrap-2-impl-thread1] INFO  impl.StateMachineUpdater (StateMachineUpdater.java:stopAndJoin(153)) - omNode-bootstrap-2@group-0AAC5367B30E-StateMachineUpdater: set stopIndex = 11
2023-03-09 15:00:50,566 [omNode-bootstrap-2@group-0AAC5367B30E-FollowerState] INFO  impl.FollowerState (FollowerState.java:run(152)) - omNode-bootstrap-2@group-0AAC5367B30E-FollowerState was interrupted
2023-03-09 15:00:50,567 [Listener at 127.0.0.1/37077] INFO  server.GrpcService (GrpcService.java:closeImpl(271)) - omNode-bootstrap-2: shutdown server GrpcServerProtocolService now
2023-03-09 15:00:50,572 [Listener at 127.0.0.1/37077] INFO  server.GrpcService (GrpcService.java:closeImpl(280)) - omNode-bootstrap-2: shutdown server GrpcServerProtocolService successfully
2023-03-09 15:00:50,575 [omNode-bootstrap-2@group-0AAC5367B30E-StateMachineUpdater] INFO  ratis.OzoneManagerStateMachine (OzoneManagerStateMachine.java:takeSnapshot(445)) - Current Snapshot Index (t:1, i:11)
2023-03-09 15:00:50,601 [omNode-bootstrap-2@group-0AAC5367B30E-StateMachineUpdater] INFO  impl.StateMachineUpdater (StateMachineUpdater.java:takeSnapshot(287)) - omNode-bootstrap-2@group-0AAC5367B30E-StateMachineUpdater: Took a snapshot at index 11
2023-03-09 15:00:50,601 [omNode-bootstrap-2@group-0AAC5367B30E-StateMachineUpdater] INFO  impl.StateMachineUpdater (StateMachineUpdater.java:lambda$new$0(92)) - omNode-bootstrap-2@group-0AAC5367B30E-StateMachineUpdater: snapshotIndex: updateIncreasingly -1 -> 11
2023-03-09 15:00:50,601 [omNode-bootstrap-2@group-0AAC5367B30E-StateMachineUpdater] INFO  ratis.OzoneManagerStateMachine (OzoneManagerStateMachine.java:close(499)) - StateMachine has shutdown. Shutdown OzoneManager if not already shutdown.
2023-03-09 15:00:50,601 [omNode-bootstrap-2@group-0AAC5367B30E-StateMachineUpdater] INFO  ratis.OzoneManagerDoubleBuffer (OzoneManagerDoubleBuffer.java:stopDaemon(540)) - Stopping OMDoubleBuffer flush thread
2023-03-09 15:00:50,602 [OMDoubleBufferFlushThread] INFO  ratis.OzoneManagerDoubleBuffer (OzoneManagerDoubleBuffer.java:canFlush(625)) - OMDoubleBuffer flush thread OMDoubleBufferFlushThread is interrupted and will exit.
2023-03-09 15:00:50,603 [omNode-bootstrap-2-impl-thread1] INFO  server.RaftServer$Division (ServerState.java:close(466)) - omNode-bootstrap-2@group-0AAC5367B30E: closes. applyIndex: 11
2023-03-09 15:00:50,603 [omNode-bootstrap-2@group-0AAC5367B30E-SegmentedRaftLogWorker] INFO  segmented.SegmentedRaftLogWorker (SegmentedRaftLogWorker.java:run(347)) - omNode-bootstrap-2@group-0AAC5367B30E-SegmentedRaftLogWorker was interrupted, exiting. There are 0 tasks remaining in the queue.
2023-03-09 15:00:50,606 [omNode-bootstrap-2-impl-thread1] INFO  segmented.SegmentedRaftLogWorker (SegmentedRaftLogWorker.java:close(257)) - omNode-bootstrap-2@group-0AAC5367B30E-SegmentedRaftLogWorker close()
2023-03-09 15:00:50,610 [JvmPauseMonitor28] INFO  util.JvmPauseMonitor (JvmPauseMonitor.java:run(111)) - JvmPauseMonitor-omNode-bootstrap-2: Stopped
2023-03-09 15:00:50,610 [Listener at 127.0.0.1/37077] INFO  ratis.OzoneManagerStateMachine (OzoneManagerStateMachine.java:close(499)) - StateMachine has shutdown. Shutdown OzoneManager if not already shutdown.
2023-03-09 15:00:50,610 [Listener at 127.0.0.1/37077] INFO  ratis.OzoneManagerDoubleBuffer (OzoneManagerDoubleBuffer.java:stopDaemon(549)) - OMDoubleBuffer flush thread is not running.
2023-03-09 15:00:50,613 [Listener at 127.0.0.1/37077] INFO  utils.BackgroundService (BackgroundService.java:shutdown(141)) - Shutting down service KeyDeletingService
2023-03-09 15:00:50,614 [Listener at 127.0.0.1/37077] INFO  utils.BackgroundService (BackgroundService.java:shutdown(141)) - Shutting down service DirectoryDeletingService
2023-03-09 15:00:50,614 [Listener at 127.0.0.1/37077] INFO  utils.BackgroundService (BackgroundService.java:shutdown(141)) - Shutting down service OpenKeyCleanupService
2023-03-09 15:00:50,614 [Listener at 127.0.0.1/37077] INFO  utils.BackgroundService (BackgroundService.java:shutdown(141)) - Shutting down service SstFilteringService
2023-03-09 15:00:50,615 [Listener at 127.0.0.1/37077] INFO  handler.ContextHandler (ContextHandler.java:doStop(1159)) - Stopped o.e.j.w.WebAppContext@7a9a7365{ozoneManager,/,null,STOPPED}{file:/home/runner/work/ozone/ozone/hadoop-ozone/integration-test/target/test-classes/webapps/ozoneManager}
2023-03-09 15:00:50,616 [Listener at 127.0.0.1/37077] INFO  server.AbstractConnector (AbstractConnector.java:doStop(383)) - Stopped ServerConnector@b7b3c69{HTTP/1.1, (http/1.1)}{0.0.0.0:38869}
2023-03-09 15:00:50,616 [Listener at 127.0.0.1/37077] INFO  server.session (HouseKeeper.java:stopScavenging(149)) - node0 Stopped scavenging
2023-03-09 15:00:50,616 [Listener at 127.0.0.1/37077] INFO  handler.ContextHandler (ContextHandler.java:doStop(1159)) - Stopped o.e.j.s.ServletContextHandler@8250eac{static,/static,file:///home/runner/work/ozone/ozone/hadoop-ozone/integration-test/target/test-classes/webapps/static,STOPPED}
2023-03-09 15:00:50,616 [Listener at 127.0.0.1/37077] INFO  handler.ContextHandler (ContextHandler.java:doStop(1159)) - Stopped o.e.j.s.ServletContextHandler@72ab7c43{logs,/logs,file:///home/runner/work/ozone/ozone/hadoop-ozone/integration-test/target/log,STOPPED}
2023-03-09 15:00:50,621 [Listener at 127.0.0.1/37077] INFO  ozone.MiniOzoneHAClusterImpl (MiniOzoneHAClusterImpl.java:stop(320)) - Stopping the StorageContainerManager fb3fcbca-8ec0-4e2c-837f-292e7e68a1b5
2023-03-09 15:00:50,621 [Listener at 127.0.0.1/37077] INFO  server.StorageContainerManager (StorageContainerManager.java:stop(1532)) - Container Balancer is not running.
2023-03-09 15:00:50,621 [Listener at 127.0.0.1/37077] INFO  server.StorageContainerManager (StorageContainerManager.java:stop(1539)) - Stopping Replication Manager Service.
2023-03-09 15:00:50,621 [Listener at 127.0.0.1/37077] INFO  replication.ReplicationManager (ReplicationManager.java:stop(300)) - Stopping Replication Monitor Thread.
2023-03-09 15:00:50,622 [Under Replicated Processor] WARN  replication.UnhealthyReplicationProcessor (UnhealthyReplicationProcessor.java:run(153)) - Under Replicated Processor interrupted. Exiting...
2023-03-09 15:00:50,622 [Over Replicated Processor] WARN  replication.UnhealthyReplicationProcessor (UnhealthyReplicationProcessor.java:run(153)) - Over Replicated Processor interrupted. Exiting...
2023-03-09 15:00:50,622 [ReplicationMonitor] INFO  replication.ReplicationManager (ReplicationManager.java:run(747)) - Replication Monitor Thread is stopped
2023-03-09 15:00:50,622 [Listener at 127.0.0.1/37077] INFO  server.StorageContainerManager (StorageContainerManager.java:stop(1546)) - Stopping the Datanode Admin Monitor.
2023-03-09 15:00:50,622 [Listener at 127.0.0.1/37077] INFO  server.StorageContainerManager (StorageContainerManager.java:stop(1553)) - Stopping datanode service RPC server
2023-03-09 15:00:50,623 [Listener at 127.0.0.1/37077] INFO  server.SCMDatanodeProtocolServer (SCMDatanodeProtocolServer.java:stop(424)) - Stopping the RPC server for DataNodes
2023-03-09 15:00:50,623 [Listener at 127.0.0.1/37077] INFO  ipc.Server (Server.java:stop(3428)) - Stopping server on 43747
2023-03-09 15:00:50,630 [IPC Server listener on 43747] INFO  ipc.Server (Server.java:run(1384)) - Stopping IPC Server listener on 43747
2023-03-09 15:00:50,630 [IPC Server Responder] INFO  ipc.Server (Server.java:run(1517)) - Stopping IPC Server Responder
2023-03-09 15:00:50,727 [EndpointStateMachine task thread for /127.0.0.1:43747 - 0 ] WARN  statemachine.EndpointStateMachine (EndpointStateMachine.java:logIfNeeded(242)) - Unable to communicate to SCM server at 127.0.0.1:43747 for past 0 seconds.
java.io.EOFException: End of File Exception between local host is: "fv-az377-502/10.1.0.44"; destination host is: "localhost":43747; : java.io.EOFException; For more details see:  http://wiki.apache.org/hadoop/EOFException
	at sun.reflect.NativeConstructorAccessorImpl.newInstance0(Native Method)
	at sun.reflect.NativeConstructorAccessorImpl.newInstance(NativeConstructorAccessorImpl.java:62)
	at sun.reflect.DelegatingConstructorAccessorImpl.newInstance(DelegatingConstructorAccessorImpl.java:45)
	at java.lang.reflect.Constructor.newInstance(Constructor.java:423)
	at org.apache.hadoop.net.NetUtils.wrapWithMessage(NetUtils.java:913)
	at org.apache.hadoop.net.NetUtils.wrapException(NetUtils.java:862)
	at org.apache.hadoop.ipc.Client.getRpcResponse(Client.java:1616)
	at org.apache.hadoop.ipc.Client.call(Client.java:1558)
	at org.apache.hadoop.ipc.Client.call(Client.java:1455)
	at org.apache.hadoop.ipc.ProtobufRpcEngine$Invoker.invoke(ProtobufRpcEngine.java:235)
	at org.apache.hadoop.ipc.ProtobufRpcEngine$Invoker.invoke(ProtobufRpcEngine.java:122)
	at com.sun.proxy.$Proxy54.submitRequest(Unknown Source)
	at org.apache.hadoop.ozone.protocolPB.StorageContainerDatanodeProtocolClientSideTranslatorPB.submitRequest(StorageContainerDatanodeProtocolClientSideTranslatorPB.java:117)
	at org.apache.hadoop.ozone.protocolPB.StorageContainerDatanodeProtocolClientSideTranslatorPB.sendHeartbeat(StorageContainerDatanodeProtocolClientSideTranslatorPB.java:149)
	at org.apache.hadoop.ozone.container.common.states.endpoint.HeartbeatEndpointTask.call(HeartbeatEndpointTask.java:185)
	at org.apache.hadoop.ozone.container.common.states.endpoint.HeartbeatEndpointTask.call(HeartbeatEndpointTask.java:87)
	at java.util.concurrent.FutureTask.run(FutureTask.java:266)
	at java.util.concurrent.ThreadPoolExecutor.runWorker(ThreadPoolExecutor.java:1149)
	at java.util.concurrent.ThreadPoolExecutor$Worker.run(ThreadPoolExecutor.java:624)
	at java.lang.Thread.run(Thread.java:750)
Caused by: java.io.EOFException
	at java.io.DataInputStream.readInt(DataInputStream.java:392)
	at org.apache.hadoop.ipc.Client$IpcStreams.readResponse(Client.java:1922)
	at org.apache.hadoop.ipc.Client$Connection.receiveRpcResponse(Client.java:1238)
	at org.apache.hadoop.ipc.Client$Connection.run(Client.java:1134)
2023-03-09 15:00:50,813 [EndpointStateMachine task thread for /127.0.0.1:36681 - 0 ] INFO  ipc.Client (Client.java:handleConnectionFailure(1010)) - Retrying connect to server: localhost/127.0.0.1:36681. Already tried 5 time(s); retry policy is RetryUpToMaximumCountWithFixedSleep(maxRetries=15, sleepTime=1000 MILLISECONDS)
2023-03-09 15:00:51,276 [SCM Heartbeat Processing Thread - 0] WARN  node.NodeStateManager (NodeStateManager.java:scheduleNextHealthCheck(870)) - Current Thread is interrupted, shutting down HB processing thread for Node Manager.
2023-03-09 15:00:51,277 [Listener at 127.0.0.1/37077] INFO  server.StorageContainerManager (StorageContainerManager.java:stop(1561)) - Stopping block service RPC server
2023-03-09 15:00:51,277 [Listener at 127.0.0.1/37077] INFO  server.SCMBlockProtocolServer (SCMBlockProtocolServer.java:stop(161)) - Stopping the RPC server for Block Protocol
2023-03-09 15:00:51,277 [Listener at 127.0.0.1/37077] INFO  ipc.Server (Server.java:stop(3428)) - Stopping server on 39279
2023-03-09 15:00:51,282 [IPC Server Responder] INFO  ipc.Server (Server.java:run(1517)) - Stopping IPC Server Responder
2023-03-09 15:00:51,282 [Listener at 127.0.0.1/37077] INFO  server.StorageContainerManager (StorageContainerManager.java:stop(1568)) - Stopping the StorageContainerLocationProtocol RPC server
2023-03-09 15:00:51,282 [Listener at 127.0.0.1/37077] INFO  server.SCMClientProtocolServer (SCMClientProtocolServer.java:stop(203)) - Stopping the RPC server for Client Protocol
2023-03-09 15:00:51,282 [Listener at 127.0.0.1/37077] INFO  ipc.Server (Server.java:stop(3428)) - Stopping server on 44393
2023-03-09 15:00:51,283 [IPC Server listener on 39279] INFO  ipc.Server (Server.java:run(1384)) - Stopping IPC Server listener on 39279
2023-03-09 15:00:51,287 [IPC Server listener on 44393] INFO  ipc.Server (Server.java:run(1384)) - Stopping IPC Server listener on 44393
2023-03-09 15:00:51,288 [IPC Server Responder] INFO  ipc.Server (Server.java:run(1517)) - Stopping IPC Server Responder
2023-03-09 15:00:51,291 [Listener at 127.0.0.1/37077] INFO  server.StorageContainerManager (StorageContainerManager.java:stop(1575)) - Stopping Storage Container Manager HTTP server.
2023-03-09 15:00:51,292 [Listener at 127.0.0.1/37077] INFO  handler.ContextHandler (ContextHandler.java:doStop(1159)) - Stopped o.e.j.w.WebAppContext@8b92d12{scm,/,null,STOPPED}{file:/home/runner/work/ozone/ozone/hadoop-ozone/integration-test/target/test-classes/webapps/scm}
2023-03-09 15:00:51,293 [Listener at 127.0.0.1/37077] INFO  server.AbstractConnector (AbstractConnector.java:doStop(383)) - Stopped ServerConnector@3350162f{HTTP/1.1, (http/1.1)}{0.0.0.0:46585}
2023-03-09 15:00:51,294 [Listener at 127.0.0.1/37077] INFO  server.session (HouseKeeper.java:stopScavenging(149)) - node0 Stopped scavenging
2023-03-09 15:00:51,295 [Listener at 127.0.0.1/37077] INFO  handler.ContextHandler (ContextHandler.java:doStop(1159)) - Stopped o.e.j.s.ServletContextHandler@8431d16{static,/static,file:///home/runner/work/ozone/ozone/hadoop-ozone/integration-test/target/test-classes/webapps/static,STOPPED}
2023-03-09 15:00:51,295 [Listener at 127.0.0.1/37077] INFO  handler.ContextHandler (ContextHandler.java:doStop(1159)) - Stopped o.e.j.s.ServletContextHandler@18f054ff{logs,/logs,file:///home/runner/work/ozone/ozone/hadoop-ozone/integration-test/target/log,STOPPED}
2023-03-09 15:00:51,298 [Listener at 127.0.0.1/37077] INFO  server.StorageContainerManager (StorageContainerManager.java:stop(1583)) - Stopping SCM LayoutVersionManager Service.
2023-03-09 15:00:51,298 [Listener at 127.0.0.1/37077] INFO  server.StorageContainerManager (StorageContainerManager.java:stop(1591)) - Stopping Block Manager Service.
2023-03-09 15:00:51,299 [Listener at 127.0.0.1/37077] INFO  utils.BackgroundService (BackgroundService.java:shutdown(141)) - Shutting down service SCMBlockDeletingService
2023-03-09 15:00:51,299 [Listener at 127.0.0.1/37077] INFO  utils.BackgroundService (BackgroundService.java:shutdown(141)) - Shutting down service SCMBlockDeletingService
2023-03-09 15:00:51,300 [Listener at 127.0.0.1/37077] INFO  server.StorageContainerManager (StorageContainerManager.java:stop(1613)) - Stopping SCM Event Queue.
2023-03-09 15:00:51,309 [Listener at 127.0.0.1/37077] INFO  server.StorageContainerManager (StorageContainerManager.java:stop(1624)) - Stopping SCM HA services.
2023-03-09 15:00:51,309 [Listener at 127.0.0.1/37077] INFO  ha.SCMRatisServerImpl (SCMRatisServerImpl.java:stop(237)) - stopping ratis server 0.0.0.0:37003
2023-03-09 15:00:51,309 [Listener at 127.0.0.1/37077] INFO  server.RaftServer (RaftServerProxy.java:lambda$close$6(409)) - fb3fcbca-8ec0-4e2c-837f-292e7e68a1b5: close
2023-03-09 15:00:51,309 [Listener at 127.0.0.1/37077] INFO  server.GrpcService (GrpcService.java:closeImpl(271)) - fb3fcbca-8ec0-4e2c-837f-292e7e68a1b5: shutdown server GrpcServerProtocolService now
2023-03-09 15:00:51,309 [fb3fcbca-8ec0-4e2c-837f-292e7e68a1b5-impl-thread1] INFO  server.RaftServer$Division (RaftServerImpl.java:lambda$close$4(458)) - fb3fcbca-8ec0-4e2c-837f-292e7e68a1b5@group-E7B04A6F140E: shutdown
2023-03-09 15:00:51,310 [fb3fcbca-8ec0-4e2c-837f-292e7e68a1b5-impl-thread1] INFO  util.JmxRegister (JmxRegister.java:unregister(73)) - Successfully un-registered JMX Bean with object name Ratis:service=RaftServer,group=group-E7B04A6F140E,id=fb3fcbca-8ec0-4e2c-837f-292e7e68a1b5
2023-03-09 15:00:51,310 [fb3fcbca-8ec0-4e2c-837f-292e7e68a1b5-impl-thread1] INFO  impl.RoleInfo (RoleInfo.java:shutdownLeaderState(93)) - fb3fcbca-8ec0-4e2c-837f-292e7e68a1b5: shutdown fb3fcbca-8ec0-4e2c-837f-292e7e68a1b5@group-E7B04A6F140E-LeaderStateImpl
2023-03-09 15:00:51,310 [fb3fcbca-8ec0-4e2c-837f-292e7e68a1b5-impl-thread1] INFO  impl.PendingRequests (PendingRequests.java:sendNotLeaderResponses(282)) - fb3fcbca-8ec0-4e2c-837f-292e7e68a1b5@group-E7B04A6F140E-PendingRequests: sendNotLeaderResponses
2023-03-09 15:00:51,310 [fb3fcbca-8ec0-4e2c-837f-292e7e68a1b5-impl-thread1] INFO  ha.SCMStateMachine (SCMStateMachine.java:notifyNotLeader(205)) - current leader SCM steps down.
2023-03-09 15:00:51,310 [fb3fcbca-8ec0-4e2c-837f-292e7e68a1b5-impl-thread1] INFO  ha.SCMContext (SCMContext.java:updateLeaderAndTerm(99)) - update <isLeader,term> from <true,2> to <false,0>
2023-03-09 15:00:51,310 [fb3fcbca-8ec0-4e2c-837f-292e7e68a1b5-impl-thread1] INFO  ha.SCMContext (SCMContext.java:updateLeaderAndTerm(106)) - update <isLeaderReady> from <false> to <false>
2023-03-09 15:00:51,311 [fb3fcbca-8ec0-4e2c-837f-292e7e68a1b5-impl-thread1] INFO  BackgroundPipelineScrubber (BackgroundSCMService.java:notifyStatusChanged(88)) - Service BackgroundPipelineScrubber transitions to PAUSING.
2023-03-09 15:00:51,311 [fb3fcbca-8ec0-4e2c-837f-292e7e68a1b5-impl-thread1] INFO  ExpiredContainerReplicaOpScrubber (BackgroundSCMService.java:notifyStatusChanged(88)) - Service ExpiredContainerReplicaOpScrubber transitions to PAUSING.
2023-03-09 15:00:51,311 [Listener at 127.0.0.1/37077] INFO  server.GrpcService (GrpcService.java:closeImpl(280)) - fb3fcbca-8ec0-4e2c-837f-292e7e68a1b5: shutdown server GrpcServerProtocolService successfully
2023-03-09 15:00:51,317 [fb3fcbca-8ec0-4e2c-837f-292e7e68a1b5-impl-thread1] INFO  impl.StateMachineUpdater (StateMachineUpdater.java:stopAndJoin(153)) - fb3fcbca-8ec0-4e2c-837f-292e7e68a1b5@group-E7B04A6F140E-StateMachineUpdater: set stopIndex = 30
2023-03-09 15:00:51,317 [fb3fcbca-8ec0-4e2c-837f-292e7e68a1b5@group-E7B04A6F140E-StateMachineUpdater] INFO  ha.SCMStateMachine (SCMStateMachine.java:takeSnapshot(312)) - Current Snapshot Index 30, takeSnapshot took 0 ms
2023-03-09 15:00:51,317 [fb3fcbca-8ec0-4e2c-837f-292e7e68a1b5@group-E7B04A6F140E-StateMachineUpdater] INFO  impl.StateMachineUpdater (StateMachineUpdater.java:takeSnapshot(287)) - fb3fcbca-8ec0-4e2c-837f-292e7e68a1b5@group-E7B04A6F140E-StateMachineUpdater: Took a snapshot at index 30
2023-03-09 15:00:51,317 [fb3fcbca-8ec0-4e2c-837f-292e7e68a1b5@group-E7B04A6F140E-StateMachineUpdater] INFO  impl.StateMachineUpdater (StateMachineUpdater.java:lambda$new$0(92)) - fb3fcbca-8ec0-4e2c-837f-292e7e68a1b5@group-E7B04A6F140E-StateMachineUpdater: snapshotIndex: updateIncreasingly -1 -> 30
2023-03-09 15:00:51,318 [fb3fcbca-8ec0-4e2c-837f-292e7e68a1b5@group-E7B04A6F140E-StateMachineUpdater] INFO  server.StorageContainerManager (StorageContainerManager.java:stop(1523)) - Storage Container Manager is not running.
2023-03-09 15:00:51,318 [fb3fcbca-8ec0-4e2c-837f-292e7e68a1b5@group-E7B04A6F140E-StateMachineUpdater] INFO  server.StorageContainerManager (ExitUtils.java:terminate(131)) - Terminating with exit status 0: scm statemachine is closed by ratis, terminate SCM
2023-03-09 15:00:51,318 [fb3fcbca-8ec0-4e2c-837f-292e7e68a1b5@group-E7B04A6F140E-StateMachineUpdater] WARN  impl.StateMachineUpdater (StateMachineUpdater.java:stop(137)) - fb3fcbca-8ec0-4e2c-837f-292e7e68a1b5@group-E7B04A6F140E-StateMachineUpdater: Failed to close SCMStateMachine SCMStateMachine:fb3fcbca-8ec0-4e2c-837f-292e7e68a1b5:group-E7B04A6F140E
org.apache.ratis.util.ExitUtils$ExitException: scm statemachine is closed by ratis, terminate SCM
	at org.apache.ratis.util.ExitUtils.terminate(ExitUtils.java:141)
	at org.apache.ratis.util.ExitUtils.terminate(ExitUtils.java:151)
	at org.apache.ratis.util.ExitUtils.terminate(ExitUtils.java:155)
	at org.apache.hadoop.hdds.scm.server.StorageContainerManager.shutDown(StorageContainerManager.java:1652)
	at org.apache.hadoop.hdds.scm.ha.SCMStateMachine.close(SCMStateMachine.java:421)
	at org.apache.ratis.server.impl.StateMachineUpdater.stop(StateMachineUpdater.java:134)
	at org.apache.ratis.server.impl.StateMachineUpdater.run(StateMachineUpdater.java:187)
	at java.lang.Thread.run(Thread.java:750)
2023-03-09 15:00:51,318 [fb3fcbca-8ec0-4e2c-837f-292e7e68a1b5-impl-thread1] INFO  server.RaftServer$Division (ServerState.java:close(466)) - fb3fcbca-8ec0-4e2c-837f-292e7e68a1b5@group-E7B04A6F140E: closes. applyIndex: 30
2023-03-09 15:00:51,318 [fb3fcbca-8ec0-4e2c-837f-292e7e68a1b5@group-E7B04A6F140E-SegmentedRaftLogWorker] INFO  segmented.SegmentedRaftLogWorker (SegmentedRaftLogWorker.java:run(347)) - fb3fcbca-8ec0-4e2c-837f-292e7e68a1b5@group-E7B04A6F140E-SegmentedRaftLogWorker was interrupted, exiting. There are 0 tasks remaining in the queue.
2023-03-09 15:00:51,322 [fb3fcbca-8ec0-4e2c-837f-292e7e68a1b5-impl-thread1] INFO  segmented.SegmentedRaftLogWorker (SegmentedRaftLogWorker.java:close(257)) - fb3fcbca-8ec0-4e2c-837f-292e7e68a1b5@group-E7B04A6F140E-SegmentedRaftLogWorker close()
2023-03-09 15:00:51,322 [JvmPauseMonitor23] INFO  util.JvmPauseMonitor (JvmPauseMonitor.java:run(111)) - JvmPauseMonitor-fb3fcbca-8ec0-4e2c-837f-292e7e68a1b5: Stopped
2023-03-09 15:00:51,323 [Listener at 127.0.0.1/37077] INFO  pipeline.BackgroundPipelineCreator (BackgroundPipelineCreator.java:stop(149)) - Stopping RatisPipelineUtilsThread.
2023-03-09 15:00:51,324 [RatisPipelineUtilsThread - 0] WARN  pipeline.BackgroundPipelineCreator (BackgroundPipelineCreator.java:run(180)) - RatisPipelineUtilsThread is interrupted.
2023-03-09 15:00:51,324 [Listener at 127.0.0.1/37077] INFO  BackgroundPipelineScrubber (BackgroundSCMService.java:stop(131)) - Stopping BackgroundPipelineScrubber Service.
2023-03-09 15:00:51,324 [BackgroundPipelineScrubberThread] WARN  BackgroundPipelineScrubber (BackgroundSCMService.java:run(115)) - BackgroundPipelineScrubber is interrupted, exit
2023-03-09 15:00:51,324 [Listener at 127.0.0.1/37077] INFO  impl.MetricsSystemImpl (MetricsSystemImpl.java:stop(210)) - Stopping OzoneManager metrics system...
2023-03-09 15:00:51,327 [prometheus] INFO  impl.MetricsSinkAdapter (MetricsSinkAdapter.java:publishMetricsFromQueue(141)) - prometheus thread interrupted.
2023-03-09 15:00:51,327 [Listener at 127.0.0.1/37077] INFO  impl.MetricsSystemImpl (MetricsSystemImpl.java:stop(216)) - OzoneManager metrics system stopped.
2023-03-09 15:00:51,327 [Listener at 127.0.0.1/37077] WARN  pipeline.BackgroundPipelineCreator (BackgroundPipelineCreator.java:stop(145)) - RatisPipelineUtilsThread is not running, just ignore.
2023-03-09 15:00:51,327 [Listener at 127.0.0.1/37077] INFO  BackgroundPipelineScrubber (BackgroundSCMService.java:stop(126)) - BackgroundPipelineScrubber Service is not running, skip stop.
2023-03-09 15:00:51,327 [Listener at 127.0.0.1/37077] INFO  ExpiredContainerReplicaOpScrubber (BackgroundSCMService.java:stop(131)) - Stopping ExpiredContainerReplicaOpScrubber Service.
2023-03-09 15:00:51,327 [ExpiredContainerReplicaOpScrubberThread] WARN  ExpiredContainerReplicaOpScrubber (BackgroundSCMService.java:run(115)) - ExpiredContainerReplicaOpScrubber is interrupted, exit
2023-03-09 15:00:51,327 [Listener at 127.0.0.1/37077] INFO  utils.BackgroundService (BackgroundService.java:shutdown(141)) - Shutting down service SCMBlockDeletingService
2023-03-09 15:00:51,328 [Listener at 127.0.0.1/37077] INFO  replication.ReplicationManager (ReplicationManager.java:stop(310)) - Replication Monitor Thread is not running.
2023-03-09 15:00:51,328 [Listener at 127.0.0.1/37077] WARN  balancer.ContainerBalancer (ContainerBalancer.java:stop(322)) - Cannot stop Container Balancer because it's not running or stopping
2023-03-09 15:00:51,328 [Listener at 127.0.0.1/37077] INFO  server.StorageContainerManager (StorageContainerManager.java:stop(1642)) - Stopping SCM MetadataStore.
2023-03-09 15:00:51,330 [Listener at 127.0.0.1/37077] INFO  ozone.MiniOzoneClusterImpl (MiniOzoneClusterImpl.java:stop(465)) - Stopping the Mini Ozone Cluster
2023-03-09 15:00:51,330 [Listener at 127.0.0.1/37077] INFO  ozone.MiniOzoneClusterImpl (MiniOzoneClusterImpl.java:stopDatanodes(524)) - Stopping the HddsDatanodes
2023-03-09 15:00:51,332 [Listener at 127.0.0.1/37077] INFO  ozoneimpl.OzoneContainer (OzoneContainer.java:stop(420)) - Attempting to stop container services.
2023-03-09 15:00:51,341 [Listener at 127.0.0.1/37077] INFO  server.RaftServer (RaftServerProxy.java:lambda$close$6(409)) - ac810fbe-b19a-4148-a035-811b2b5a9c18: close
2023-03-09 15:00:51,342 [ac810fbe-b19a-4148-a035-811b2b5a9c18-impl-thread1] INFO  server.RaftServer$Division (RaftServerImpl.java:lambda$close$4(458)) - ac810fbe-b19a-4148-a035-811b2b5a9c18@group-6627FBC0D812: shutdown
2023-03-09 15:00:51,342 [ac810fbe-b19a-4148-a035-811b2b5a9c18-impl-thread1] INFO  util.JmxRegister (JmxRegister.java:unregister(73)) - Successfully un-registered JMX Bean with object name Ratis:service=RaftServer,group=group-6627FBC0D812,id=ac810fbe-b19a-4148-a035-811b2b5a9c18
2023-03-09 15:00:51,342 [ac810fbe-b19a-4148-a035-811b2b5a9c18-impl-thread1] INFO  impl.RoleInfo (RoleInfo.java:shutdownLeaderState(93)) - ac810fbe-b19a-4148-a035-811b2b5a9c18: shutdown ac810fbe-b19a-4148-a035-811b2b5a9c18@group-6627FBC0D812-LeaderStateImpl
2023-03-09 15:00:51,342 [ac810fbe-b19a-4148-a035-811b2b5a9c18-impl-thread1] INFO  impl.PendingRequests (PendingRequests.java:sendNotLeaderResponses(282)) - ac810fbe-b19a-4148-a035-811b2b5a9c18@group-6627FBC0D812-PendingRequests: sendNotLeaderResponses
2023-03-09 15:00:51,342 [ac810fbe-b19a-4148-a035-811b2b5a9c18-impl-thread2] INFO  server.RaftServer$Division (RaftServerImpl.java:lambda$close$4(458)) - ac810fbe-b19a-4148-a035-811b2b5a9c18@group-CBC73EE03D9B: shutdown
2023-03-09 15:00:51,343 [ac810fbe-b19a-4148-a035-811b2b5a9c18-impl-thread2] INFO  util.JmxRegister (JmxRegister.java:unregister(73)) - Successfully un-registered JMX Bean with object name Ratis:service=RaftServer,group=group-CBC73EE03D9B,id=ac810fbe-b19a-4148-a035-811b2b5a9c18
2023-03-09 15:00:51,343 [ac810fbe-b19a-4148-a035-811b2b5a9c18-impl-thread2] INFO  impl.RoleInfo (RoleInfo.java:shutdownFollowerState(110)) - ac810fbe-b19a-4148-a035-811b2b5a9c18: shutdown ac810fbe-b19a-4148-a035-811b2b5a9c18@group-CBC73EE03D9B-FollowerState
2023-03-09 15:00:51,343 [Listener at 127.0.0.1/37077] INFO  server.GrpcService (GrpcService.java:closeImpl(271)) - ac810fbe-b19a-4148-a035-811b2b5a9c18: shutdown server GrpcServerProtocolService now
2023-03-09 15:00:51,351 [ac810fbe-b19a-4148-a035-811b2b5a9c18-impl-thread1] INFO  impl.StateMachineUpdater (StateMachineUpdater.java:stopAndJoin(153)) - ac810fbe-b19a-4148-a035-811b2b5a9c18@group-6627FBC0D812-StateMachineUpdater: set stopIndex = 3
2023-03-09 15:00:51,351 [ac810fbe-b19a-4148-a035-811b2b5a9c18@group-6627FBC0D812-StateMachineUpdater] INFO  ratis.ContainerStateMachine (ContainerStateMachine.java:takeSnapshot(308)) - group-6627FBC0D812: Taking a snapshot at:(t:1, i:3) file /home/runner/work/ozone/ozone/hadoop-ozone/integration-test/target/test-dir/MiniOzoneClusterImpl-4e7c95cc-71c1-4f0b-a9e9-e7b04a6f140e/datanode-1/data/ratis/914ae18b-b2da-467f-8c35-6627fbc0d812/sm/snapshot.1_3
2023-03-09 15:00:51,353 [ac810fbe-b19a-4148-a035-811b2b5a9c18-impl-thread2] INFO  impl.StateMachineUpdater (StateMachineUpdater.java:stopAndJoin(153)) - ac810fbe-b19a-4148-a035-811b2b5a9c18@group-CBC73EE03D9B-StateMachineUpdater: set stopIndex = 0
2023-03-09 15:00:51,353 [ac810fbe-b19a-4148-a035-811b2b5a9c18@group-CBC73EE03D9B-FollowerState] INFO  impl.FollowerState (FollowerState.java:run(152)) - ac810fbe-b19a-4148-a035-811b2b5a9c18@group-CBC73EE03D9B-FollowerState was interrupted
2023-03-09 15:00:51,353 [ac810fbe-b19a-4148-a035-811b2b5a9c18@group-CBC73EE03D9B-StateMachineUpdater] INFO  ratis.ContainerStateMachine (ContainerStateMachine.java:takeSnapshot(308)) - group-CBC73EE03D9B: Taking a snapshot at:(t:1, i:0) file /home/runner/work/ozone/ozone/hadoop-ozone/integration-test/target/test-dir/MiniOzoneClusterImpl-4e7c95cc-71c1-4f0b-a9e9-e7b04a6f140e/datanode-1/data/ratis/4c531124-62d2-4bb3-9edf-cbc73ee03d9b/sm/snapshot.1_0
2023-03-09 15:00:51,353 [ac810fbe-b19a-4148-a035-811b2b5a9c18@group-6627FBC0D812-StateMachineUpdater] INFO  ratis.ContainerStateMachine (ContainerStateMachine.java:takeSnapshot(319)) - group-6627FBC0D812: Finished taking a snapshot at:(t:1, i:3) file:/home/runner/work/ozone/ozone/hadoop-ozone/integration-test/target/test-dir/MiniOzoneClusterImpl-4e7c95cc-71c1-4f0b-a9e9-e7b04a6f140e/datanode-1/data/ratis/914ae18b-b2da-467f-8c35-6627fbc0d812/sm/snapshot.1_3 took: 1 ms
2023-03-09 15:00:51,354 [ac810fbe-b19a-4148-a035-811b2b5a9c18@group-CBC73EE03D9B-StateMachineUpdater] INFO  ratis.ContainerStateMachine (ContainerStateMachine.java:takeSnapshot(319)) - group-CBC73EE03D9B: Finished taking a snapshot at:(t:1, i:0) file:/home/runner/work/ozone/ozone/hadoop-ozone/integration-test/target/test-dir/MiniOzoneClusterImpl-4e7c95cc-71c1-4f0b-a9e9-e7b04a6f140e/datanode-1/data/ratis/4c531124-62d2-4bb3-9edf-cbc73ee03d9b/sm/snapshot.1_0 took: 1 ms
2023-03-09 15:00:51,354 [ac810fbe-b19a-4148-a035-811b2b5a9c18@group-CBC73EE03D9B-StateMachineUpdater] INFO  impl.StateMachineUpdater (StateMachineUpdater.java:takeSnapshot(287)) - ac810fbe-b19a-4148-a035-811b2b5a9c18@group-CBC73EE03D9B-StateMachineUpdater: Took a snapshot at index 0
2023-03-09 15:00:51,354 [ac810fbe-b19a-4148-a035-811b2b5a9c18@group-CBC73EE03D9B-StateMachineUpdater] INFO  impl.StateMachineUpdater (StateMachineUpdater.java:lambda$new$0(92)) - ac810fbe-b19a-4148-a035-811b2b5a9c18@group-CBC73EE03D9B-StateMachineUpdater: snapshotIndex: updateIncreasingly -1 -> 0
2023-03-09 15:00:51,354 [grpc-default-executor-6] WARN  server.GrpcServerProtocolService (LogUtils.java:warn(122)) - ac810fbe-b19a-4148-a035-811b2b5a9c18: installSnapshot onError, lastRequest: fdc7571d-9447-4092-959d-9ce0ad2f1809->ac810fbe-b19a-4148-a035-811b2b5a9c18#1-t1,previous=(t:0, i:0),leaderCommit=0,initializing? true,entries: size=1, first=(t:1, i:0), CONFIGURATIONENTRY(current:id: "ac810fbe-b19a-4148-a035-811b2b5a9c18"
address: "127.0.0.1:39805"
dataStreamAddress: "127.0.0.1:45019"
clientAddress: "127.0.0.1:39805"
adminAddress: "127.0.0.1:39805"
startupRole: FOLLOWER
,id: "fdc7571d-9447-4092-959d-9ce0ad2f1809"
address: "127.0.0.1:36519"
priority: 1
dataStreamAddress: "127.0.0.1:44285"
clientAddress: "127.0.0.1:36519"
adminAddress: "127.0.0.1:36519"
startupRole: FOLLOWER
,id: "0ee7bec8-2182-4b4a-933d-6a3bad615c17"
address: "127.0.0.1:38121"
dataStreamAddress: "127.0.0.1:45643"
clientAddress: "127.0.0.1:38121"
adminAddress: "127.0.0.1:38121"
startupRole: FOLLOWER
, old:): org.apache.ratis.thirdparty.io.grpc.StatusRuntimeException: CANCELLED: client cancelled
2023-03-09 15:00:51,354 [ac810fbe-b19a-4148-a035-811b2b5a9c18@group-6627FBC0D812-StateMachineUpdater] INFO  impl.StateMachineUpdater (StateMachineUpdater.java:takeSnapshot(287)) - ac810fbe-b19a-4148-a035-811b2b5a9c18@group-6627FBC0D812-StateMachineUpdater: Took a snapshot at index 3
2023-03-09 15:00:51,354 [ac810fbe-b19a-4148-a035-811b2b5a9c18@group-6627FBC0D812-StateMachineUpdater] INFO  impl.StateMachineUpdater (StateMachineUpdater.java:lambda$new$0(92)) - ac810fbe-b19a-4148-a035-811b2b5a9c18@group-6627FBC0D812-StateMachineUpdater: snapshotIndex: updateIncreasingly -1 -> 3
2023-03-09 15:00:51,355 [grpc-default-executor-6] WARN  server.GrpcLogAppender (LogUtils.java:warn(122)) - fdc7571d-9447-4092-959d-9ce0ad2f1809@group-CBC73EE03D9B->ac810fbe-b19a-4148-a035-811b2b5a9c18-AppendLogResponseHandler: Failed appendEntries: org.apache.ratis.thirdparty.io.grpc.StatusRuntimeException: CANCELLED: RST_STREAM closed stream. HTTP/2 error code: CANCEL
2023-03-09 15:00:51,355 [grpc-default-executor-5] WARN  server.GrpcServerProtocolService (LogUtils.java:warn(122)) - ac810fbe-b19a-4148-a035-811b2b5a9c18: installSnapshot onError, lastRequest: null: org.apache.ratis.thirdparty.io.grpc.StatusRuntimeException: CANCELLED: client cancelled
2023-03-09 15:00:51,356 [grpc-default-executor-6] WARN  server.GrpcLogAppender (GrpcLogAppender.java:resetClient(131)) - fdc7571d-9447-4092-959d-9ce0ad2f1809@group-CBC73EE03D9B->ac810fbe-b19a-4148-a035-811b2b5a9c18-GrpcLogAppender: Leader has not got in touch with Follower fdc7571d-9447-4092-959d-9ce0ad2f1809@group-CBC73EE03D9B->ac810fbe-b19a-4148-a035-811b2b5a9c18(c0,m0,n1, attendVote=true, lastRpcSendTime=1619, lastRpcResponseTime=1618) yet, just keep nextIndex unchanged and retry.
2023-03-09 15:00:51,356 [ac810fbe-b19a-4148-a035-811b2b5a9c18-impl-thread1] INFO  server.RaftServer$Division (ServerState.java:close(466)) - ac810fbe-b19a-4148-a035-811b2b5a9c18@group-6627FBC0D812: closes. applyIndex: 3
2023-03-09 15:00:51,356 [ac810fbe-b19a-4148-a035-811b2b5a9c18-impl-thread2] INFO  server.RaftServer$Division (ServerState.java:close(466)) - ac810fbe-b19a-4148-a035-811b2b5a9c18@group-CBC73EE03D9B: closes. applyIndex: 0
2023-03-09 15:00:51,356 [ac810fbe-b19a-4148-a035-811b2b5a9c18-impl-thread3] INFO  server.RaftServer$Division (RaftServerImpl.java:lambda$close$4(458)) - ac810fbe-b19a-4148-a035-811b2b5a9c18@group-99B86DAED154: shutdown
2023-03-09 15:00:51,356 [ac810fbe-b19a-4148-a035-811b2b5a9c18-impl-thread3] INFO  util.JmxRegister (JmxRegister.java:unregister(73)) - Successfully un-registered JMX Bean with object name Ratis:service=RaftServer,group=group-99B86DAED154,id=ac810fbe-b19a-4148-a035-811b2b5a9c18
2023-03-09 15:00:51,356 [ac810fbe-b19a-4148-a035-811b2b5a9c18-impl-thread3] INFO  impl.RoleInfo (RoleInfo.java:shutdownLeaderState(93)) - ac810fbe-b19a-4148-a035-811b2b5a9c18: shutdown ac810fbe-b19a-4148-a035-811b2b5a9c18@group-99B86DAED154-LeaderStateImpl
2023-03-09 15:00:51,358 [ac810fbe-b19a-4148-a035-811b2b5a9c18@group-99B86DAED154->0ee7bec8-2182-4b4a-933d-6a3bad615c17-GrpcLogAppender-LogAppenderDaemon] WARN  server.GrpcLogAppender (GrpcLogAppender.java:mayWait(200)) - ac810fbe-b19a-4148-a035-811b2b5a9c18@group-99B86DAED154->0ee7bec8-2182-4b4a-933d-6a3bad615c17-GrpcLogAppender: Wait interrupted by java.lang.InterruptedException
2023-03-09 15:00:51,358 [ac810fbe-b19a-4148-a035-811b2b5a9c18-impl-thread3] INFO  impl.PendingRequests (PendingRequests.java:sendNotLeaderResponses(282)) - ac810fbe-b19a-4148-a035-811b2b5a9c18@group-99B86DAED154-PendingRequests: sendNotLeaderResponses
2023-03-09 15:00:51,358 [ac810fbe-b19a-4148-a035-811b2b5a9c18@group-99B86DAED154->fdc7571d-9447-4092-959d-9ce0ad2f1809-GrpcLogAppender-LogAppenderDaemon] WARN  server.GrpcLogAppender (GrpcLogAppender.java:mayWait(200)) - ac810fbe-b19a-4148-a035-811b2b5a9c18@group-99B86DAED154->fdc7571d-9447-4092-959d-9ce0ad2f1809-GrpcLogAppender: Wait interrupted by java.lang.InterruptedException
2023-03-09 15:00:51,359 [ac810fbe-b19a-4148-a035-811b2b5a9c18@group-99B86DAED154-StateMachineUpdater] INFO  ratis.ContainerStateMachine (ContainerStateMachine.java:takeSnapshot(308)) - group-99B86DAED154: Taking a snapshot at:(t:1, i:0) file /home/runner/work/ozone/ozone/hadoop-ozone/integration-test/target/test-dir/MiniOzoneClusterImpl-4e7c95cc-71c1-4f0b-a9e9-e7b04a6f140e/datanode-1/data/ratis/8a5de1dc-715e-407e-ae3f-99b86daed154/sm/snapshot.1_0
2023-03-09 15:00:51,359 [ac810fbe-b19a-4148-a035-811b2b5a9c18-impl-thread3] INFO  impl.StateMachineUpdater (StateMachineUpdater.java:stopAndJoin(153)) - ac810fbe-b19a-4148-a035-811b2b5a9c18@group-99B86DAED154-StateMachineUpdater: set stopIndex = 0
2023-03-09 15:00:51,359 [grpc-default-executor-8] WARN  server.GrpcLogAppender (LogUtils.java:warn(122)) - fdc7571d-9447-4092-959d-9ce0ad2f1809@group-CBC73EE03D9B->ac810fbe-b19a-4148-a035-811b2b5a9c18-AppendLogResponseHandler: Failed appendEntries: org.apache.ratis.thirdparty.io.grpc.StatusRuntimeException: CANCELLED: RST_STREAM closed stream. HTTP/2 error code: CANCEL
2023-03-09 15:00:51,359 [ac810fbe-b19a-4148-a035-811b2b5a9c18@group-99B86DAED154-StateMachineUpdater] INFO  ratis.ContainerStateMachine (ContainerStateMachine.java:takeSnapshot(319)) - group-99B86DAED154: Finished taking a snapshot at:(t:1, i:0) file:/home/runner/work/ozone/ozone/hadoop-ozone/integration-test/target/test-dir/MiniOzoneClusterImpl-4e7c95cc-71c1-4f0b-a9e9-e7b04a6f140e/datanode-1/data/ratis/8a5de1dc-715e-407e-ae3f-99b86daed154/sm/snapshot.1_0 took: 0 ms
2023-03-09 15:00:51,359 [grpc-default-executor-6] INFO  server.GrpcServerProtocolService (GrpcServerProtocolService.java:onCompleted(143)) - fdc7571d-9447-4092-959d-9ce0ad2f1809: Completed APPEND_ENTRIES, lastRequest: ac810fbe-b19a-4148-a035-811b2b5a9c18->fdc7571d-9447-4092-959d-9ce0ad2f1809#1-t1,previous=(t:0, i:0),leaderCommit=0,initializing? true,entries: size=1, first=(t:1, i:0), CONFIGURATIONENTRY(current:id: "ac810fbe-b19a-4148-a035-811b2b5a9c18"
address: "127.0.0.1:39805"
priority: 1
dataStreamAddress: "127.0.0.1:45019"
clientAddress: "127.0.0.1:39805"
adminAddress: "127.0.0.1:39805"
startupRole: FOLLOWER
,id: "0ee7bec8-2182-4b4a-933d-6a3bad615c17"
address: "127.0.0.1:38121"
dataStreamAddress: "127.0.0.1:45643"
clientAddress: "127.0.0.1:38121"
adminAddress: "127.0.0.1:38121"
startupRole: FOLLOWER
,id: "fdc7571d-9447-4092-959d-9ce0ad2f1809"
address: "127.0.0.1:36519"
dataStreamAddress: "127.0.0.1:44285"
clientAddress: "127.0.0.1:36519"
adminAddress: "127.0.0.1:36519"
startupRole: FOLLOWER
, old:)
2023-03-09 15:00:51,359 [ac810fbe-b19a-4148-a035-811b2b5a9c18@group-99B86DAED154-StateMachineUpdater] INFO  impl.StateMachineUpdater (StateMachineUpdater.java:takeSnapshot(287)) - ac810fbe-b19a-4148-a035-811b2b5a9c18@group-99B86DAED154-StateMachineUpdater: Took a snapshot at index 0
2023-03-09 15:00:51,359 [ac810fbe-b19a-4148-a035-811b2b5a9c18@group-99B86DAED154-StateMachineUpdater] INFO  impl.StateMachineUpdater (StateMachineUpdater.java:lambda$new$0(92)) - ac810fbe-b19a-4148-a035-811b2b5a9c18@group-99B86DAED154-StateMachineUpdater: snapshotIndex: updateIncreasingly -1 -> 0
2023-03-09 15:00:51,360 [ac810fbe-b19a-4148-a035-811b2b5a9c18-impl-thread3] INFO  server.RaftServer$Division (ServerState.java:close(466)) - ac810fbe-b19a-4148-a035-811b2b5a9c18@group-99B86DAED154: closes. applyIndex: 0
2023-03-09 15:00:51,360 [grpc-default-executor-6] INFO  server.GrpcServerProtocolService (GrpcServerProtocolService.java:onCompleted(143)) - 0ee7bec8-2182-4b4a-933d-6a3bad615c17: Completed APPEND_ENTRIES, lastRequest: null
2023-03-09 15:00:51,360 [grpc-default-executor-9] INFO  server.GrpcServerProtocolService (GrpcServerProtocolService.java:onCompleted(143)) - fdc7571d-9447-4092-959d-9ce0ad2f1809: Completed APPEND_ENTRIES, lastRequest: null
2023-03-09 15:00:51,362 [grpc-default-executor-8] WARN  server.GrpcLogAppender (GrpcLogAppender.java:resetClient(131)) - fdc7571d-9447-4092-959d-9ce0ad2f1809@group-CBC73EE03D9B->ac810fbe-b19a-4148-a035-811b2b5a9c18-GrpcLogAppender: Leader has not got in touch with Follower fdc7571d-9447-4092-959d-9ce0ad2f1809@group-CBC73EE03D9B->ac810fbe-b19a-4148-a035-811b2b5a9c18(c0,m0,n1, attendVote=true, lastRpcSendTime=1626, lastRpcResponseTime=1624) yet, just keep nextIndex unchanged and retry.
2023-03-09 15:00:51,366 [ac810fbe-b19a-4148-a035-811b2b5a9c18@group-CBC73EE03D9B-SegmentedRaftLogWorker] INFO  segmented.SegmentedRaftLogWorker (SegmentedRaftLogWorker.java:run(347)) - ac810fbe-b19a-4148-a035-811b2b5a9c18@group-CBC73EE03D9B-SegmentedRaftLogWorker was interrupted, exiting. There are 0 tasks remaining in the queue.
2023-03-09 15:00:51,366 [ac810fbe-b19a-4148-a035-811b2b5a9c18@group-6627FBC0D812-SegmentedRaftLogWorker] INFO  segmented.SegmentedRaftLogWorker (SegmentedRaftLogWorker.java:run(347)) - ac810fbe-b19a-4148-a035-811b2b5a9c18@group-6627FBC0D812-SegmentedRaftLogWorker was interrupted, exiting. There are 0 tasks remaining in the queue.
2023-03-09 15:00:51,366 [grpc-default-executor-11] INFO  server.GrpcLogAppender (GrpcLogAppender.java:onCompleted(415)) - ac810fbe-b19a-4148-a035-811b2b5a9c18@group-99B86DAED154->0ee7bec8-2182-4b4a-933d-6a3bad615c17-AppendLogResponseHandler: follower responses appendEntries COMPLETED
2023-03-09 15:00:51,366 [grpc-default-executor-11] INFO  leader.FollowerInfo (FollowerInfoImpl.java:lambda$new$0(48)) - ac810fbe-b19a-4148-a035-811b2b5a9c18@group-99B86DAED154->0ee7bec8-2182-4b4a-933d-6a3bad615c17: nextIndex: updateUnconditionally 1 -> 0
2023-03-09 15:00:51,373 [grpc-default-executor-9] INFO  server.GrpcServerProtocolService (GrpcServerProtocolService.java:onCompleted(143)) - 0ee7bec8-2182-4b4a-933d-6a3bad615c17: Completed APPEND_ENTRIES, lastRequest: ac810fbe-b19a-4148-a035-811b2b5a9c18->0ee7bec8-2182-4b4a-933d-6a3bad615c17#1-t1,previous=(t:0, i:0),leaderCommit=0,initializing? true,entries: size=1, first=(t:1, i:0), CONFIGURATIONENTRY(current:id: "ac810fbe-b19a-4148-a035-811b2b5a9c18"
address: "127.0.0.1:39805"
priority: 1
dataStreamAddress: "127.0.0.1:45019"
clientAddress: "127.0.0.1:39805"
adminAddress: "127.0.0.1:39805"
startupRole: FOLLOWER
,id: "0ee7bec8-2182-4b4a-933d-6a3bad615c17"
address: "127.0.0.1:38121"
dataStreamAddress: "127.0.0.1:45643"
clientAddress: "127.0.0.1:38121"
adminAddress: "127.0.0.1:38121"
startupRole: FOLLOWER
,id: "fdc7571d-9447-4092-959d-9ce0ad2f1809"
address: "127.0.0.1:36519"
dataStreamAddress: "127.0.0.1:44285"
clientAddress: "127.0.0.1:36519"
adminAddress: "127.0.0.1:36519"
startupRole: FOLLOWER
, old:)
2023-03-09 15:00:51,378 [Listener at 127.0.0.1/37077] INFO  server.GrpcServerProtocolClient (GrpcServerProtocolClient.java:close(101)) - 0ee7bec8-2182-4b4a-933d-6a3bad615c17 Close channels
2023-03-09 15:00:51,380 [grpc-default-executor-13] INFO  server.GrpcLogAppender (GrpcLogAppender.java:onCompleted(415)) - ac810fbe-b19a-4148-a035-811b2b5a9c18@group-99B86DAED154->0ee7bec8-2182-4b4a-933d-6a3bad615c17-AppendLogResponseHandler: follower responses appendEntries COMPLETED
2023-03-09 15:00:51,380 [grpc-default-executor-13] WARN  server.GrpcLogAppender (GrpcLogAppender.java:resetClient(137)) - ac810fbe-b19a-4148-a035-811b2b5a9c18@group-99B86DAED154->0ee7bec8-2182-4b4a-933d-6a3bad615c17-GrpcLogAppender: Failed to getClient for 0ee7bec8-2182-4b4a-933d-6a3bad615c17
org.apache.ratis.protocol.exceptions.AlreadyClosedException: ac810fbe-b19a-4148-a035-811b2b5a9c18 is already CLOSED
	at org.apache.ratis.util.PeerProxyMap$PeerAndProxy.getProxy(PeerProxyMap.java:61)
	at org.apache.ratis.util.PeerProxyMap.getProxy(PeerProxyMap.java:115)
	at org.apache.ratis.grpc.server.GrpcLogAppender.getClient(GrpcLogAppender.java:116)
	at org.apache.ratis.grpc.server.GrpcLogAppender.resetClient(GrpcLogAppender.java:121)
	at org.apache.ratis.grpc.server.GrpcLogAppender.access$500(GrpcLogAppender.java:58)
	at org.apache.ratis.grpc.server.GrpcLogAppender$AppendLogResponseHandler.onCompleted(GrpcLogAppender.java:416)
	at org.apache.ratis.thirdparty.io.grpc.stub.ClientCalls$StreamObserverToCallListenerAdapter.onClose(ClientCalls.java:485)
	at org.apache.ratis.thirdparty.io.grpc.internal.ClientCallImpl.closeObserver(ClientCallImpl.java:562)
	at org.apache.ratis.thirdparty.io.grpc.internal.ClientCallImpl.access$300(ClientCallImpl.java:70)
	at org.apache.ratis.thirdparty.io.grpc.internal.ClientCallImpl$ClientStreamListenerImpl$1StreamClosed.runInternal(ClientCallImpl.java:743)
	at org.apache.ratis.thirdparty.io.grpc.internal.ClientCallImpl$ClientStreamListenerImpl$1StreamClosed.runInContext(ClientCallImpl.java:722)
	at org.apache.ratis.thirdparty.io.grpc.internal.ContextRunnable.run(ContextRunnable.java:37)
	at org.apache.ratis.thirdparty.io.grpc.internal.SerializingExecutor.run(SerializingExecutor.java:133)
	at java.util.concurrent.ThreadPoolExecutor.runWorker(ThreadPoolExecutor.java:1149)
	at java.util.concurrent.ThreadPoolExecutor$Worker.run(ThreadPoolExecutor.java:624)
	at java.lang.Thread.run(Thread.java:750)
2023-03-09 15:00:51,388 [grpc-default-executor-12] INFO  server.GrpcLogAppender (GrpcLogAppender.java:onCompleted(415)) - ac810fbe-b19a-4148-a035-811b2b5a9c18@group-99B86DAED154->fdc7571d-9447-4092-959d-9ce0ad2f1809-AppendLogResponseHandler: follower responses appendEntries COMPLETED
2023-03-09 15:00:51,388 [grpc-default-executor-12] INFO  leader.FollowerInfo (FollowerInfoImpl.java:lambda$new$0(48)) - ac810fbe-b19a-4148-a035-811b2b5a9c18@group-99B86DAED154->fdc7571d-9447-4092-959d-9ce0ad2f1809: nextIndex: updateUnconditionally 1 -> 0
2023-03-09 15:00:51,388 [grpc-default-executor-9] INFO  server.GrpcLogAppender (GrpcLogAppender.java:onCompleted(415)) - ac810fbe-b19a-4148-a035-811b2b5a9c18@group-99B86DAED154->fdc7571d-9447-4092-959d-9ce0ad2f1809-AppendLogResponseHandler: follower responses appendEntries COMPLETED
2023-03-09 15:00:51,388 [grpc-default-executor-9] INFO  leader.FollowerInfo (FollowerInfoImpl.java:lambda$new$0(48)) - ac810fbe-b19a-4148-a035-811b2b5a9c18@group-99B86DAED154->fdc7571d-9447-4092-959d-9ce0ad2f1809: nextIndex: updateUnconditionally 0 -> 0
2023-03-09 15:00:51,390 [ac810fbe-b19a-4148-a035-811b2b5a9c18-impl-thread1] INFO  segmented.SegmentedRaftLogWorker (SegmentedRaftLogWorker.java:close(257)) - ac810fbe-b19a-4148-a035-811b2b5a9c18@group-6627FBC0D812-SegmentedRaftLogWorker close()
2023-03-09 15:00:51,391 [ac810fbe-b19a-4148-a035-811b2b5a9c18-impl-thread2] INFO  segmented.SegmentedRaftLogWorker (SegmentedRaftLogWorker.java:close(257)) - ac810fbe-b19a-4148-a035-811b2b5a9c18@group-CBC73EE03D9B-SegmentedRaftLogWorker close()
2023-03-09 15:00:51,392 [ac810fbe-b19a-4148-a035-811b2b5a9c18@group-99B86DAED154-SegmentedRaftLogWorker] INFO  segmented.SegmentedRaftLogWorker (SegmentedRaftLogWorker.java:run(347)) - ac810fbe-b19a-4148-a035-811b2b5a9c18@group-99B86DAED154-SegmentedRaftLogWorker was interrupted, exiting. There are 0 tasks remaining in the queue.
2023-03-09 15:00:51,393 [Listener at 127.0.0.1/37077] INFO  server.GrpcServerProtocolClient (GrpcServerProtocolClient.java:close(101)) - fdc7571d-9447-4092-959d-9ce0ad2f1809 Close channels
2023-03-09 15:00:51,394 [ac810fbe-b19a-4148-a035-811b2b5a9c18-impl-thread3] INFO  segmented.SegmentedRaftLogWorker (SegmentedRaftLogWorker.java:close(257)) - ac810fbe-b19a-4148-a035-811b2b5a9c18@group-99B86DAED154-SegmentedRaftLogWorker close()
2023-03-09 15:00:51,396 [Listener at 127.0.0.1/37077] INFO  server.GrpcService (GrpcService.java:closeImpl(280)) - ac810fbe-b19a-4148-a035-811b2b5a9c18: shutdown server GrpcServerProtocolService successfully
2023-03-09 15:00:51,398 [ac810fbe-b19a-4148-a035-811b2b5a9c18-NettyServerStreamRpc-bossGroup--thread1] INFO  logging.LoggingHandler (AbstractInternalLogger.java:log(148)) - [id: 0x53c50ba3, L:/0:0:0:0:0:0:0:0:45019] CLOSE
2023-03-09 15:00:51,398 [ac810fbe-b19a-4148-a035-811b2b5a9c18-NettyServerStreamRpc-bossGroup--thread1] INFO  logging.LoggingHandler (AbstractInternalLogger.java:log(148)) - [id: 0x53c50ba3, L:/0:0:0:0:0:0:0:0:45019] INACTIVE
2023-03-09 15:00:51,398 [ac810fbe-b19a-4148-a035-811b2b5a9c18-NettyServerStreamRpc-bossGroup--thread1] INFO  logging.LoggingHandler (AbstractInternalLogger.java:log(148)) - [id: 0x53c50ba3, L:/0:0:0:0:0:0:0:0:45019] UNREGISTERED
2023-03-09 15:00:51,408 [JvmPauseMonitor26] INFO  util.JvmPauseMonitor (JvmPauseMonitor.java:run(111)) - JvmPauseMonitor-ac810fbe-b19a-4148-a035-811b2b5a9c18: Stopped
2023-03-09 15:00:51,813 [EndpointStateMachine task thread for /127.0.0.1:43747 - 0 ] INFO  ipc.Client (Client.java:handleConnectionFailure(1010)) - Retrying connect to server: localhost/127.0.0.1:43747. Already tried 0 time(s); retry policy is RetryUpToMaximumCountWithFixedSleep(maxRetries=15, sleepTime=1000 MILLISECONDS)
2023-03-09 15:00:51,814 [EndpointStateMachine task thread for /127.0.0.1:36681 - 0 ] INFO  ipc.Client (Client.java:handleConnectionFailure(1010)) - Retrying connect to server: localhost/127.0.0.1:36681. Already tried 6 time(s); retry policy is RetryUpToMaximumCountWithFixedSleep(maxRetries=15, sleepTime=1000 MILLISECONDS)
2023-03-09 15:00:52,351 [JvmPauseMonitor17] WARN  util.JvmPauseMonitor (JvmPauseMonitor.java:detectPause(126)) - JvmPauseMonitor-omNode-1: Detected pause in JVM or host machine (eg GC): pause of approximately 124827912ns.
GC pool 'PS MarkSweep' had collection(s): count=1 time=216ms
GC pool 'PS Scavenge' had collection(s): count=1 time=30ms
2023-03-09 15:00:52,355 [grpc-default-executor-12] WARN  server.GrpcLogAppender (LogUtils.java:warn(122)) - fdc7571d-9447-4092-959d-9ce0ad2f1809@group-CBC73EE03D9B->ac810fbe-b19a-4148-a035-811b2b5a9c18-AppendLogResponseHandler: Failed appendEntries: org.apache.ratis.thirdparty.io.grpc.StatusRuntimeException: UNAVAILABLE: io exception
2023-03-09 15:00:52,355 [JvmPauseMonitor27] WARN  util.JvmPauseMonitor (JvmPauseMonitor.java:detectPause(126)) - JvmPauseMonitor-0ee7bec8-2182-4b4a-933d-6a3bad615c17: Detected pause in JVM or host machine (eg GC): pause of approximately 210186233ns.
GC pool 'PS MarkSweep' had collection(s): count=1 time=216ms
GC pool 'PS Scavenge' had collection(s): count=1 time=30ms
2023-03-09 15:00:52,355 [JvmPauseMonitor2] WARN  util.JvmPauseMonitor (JvmPauseMonitor.java:detectPause(126)) - JvmPauseMonitor-omNode-1: Detected pause in JVM or host machine (eg GC): pause of approximately 214178358ns.
GC pool 'PS MarkSweep' had collection(s): count=1 time=216ms
GC pool 'PS Scavenge' had collection(s): count=1 time=30ms
2023-03-09 15:00:52,356 [grpc-default-executor-12] WARN  server.GrpcLogAppender (GrpcLogAppender.java:resetClient(131)) - fdc7571d-9447-4092-959d-9ce0ad2f1809@group-CBC73EE03D9B->ac810fbe-b19a-4148-a035-811b2b5a9c18-GrpcLogAppender: Leader has not got in touch with Follower fdc7571d-9447-4092-959d-9ce0ad2f1809@group-CBC73EE03D9B->ac810fbe-b19a-4148-a035-811b2b5a9c18(c0,m0,n1, attendVote=true, lastRpcSendTime=3, lastRpcResponseTime=2618) yet, just keep nextIndex unchanged and retry.
2023-03-09 15:00:52,356 [ForkJoinPool.commonPool-worker-0] INFO  ozoneimpl.OzoneContainer (OzoneContainer.java:stop(420)) - Attempting to stop container services.
2023-03-09 15:00:52,356 [ForkJoinPool.commonPool-worker-0] INFO  server.RaftServer (RaftServerProxy.java:lambda$close$6(409)) - fdc7571d-9447-4092-959d-9ce0ad2f1809: close
2023-03-09 15:00:52,357 [fdc7571d-9447-4092-959d-9ce0ad2f1809-impl-thread1] INFO  server.RaftServer$Division (RaftServerImpl.java:lambda$close$4(458)) - fdc7571d-9447-4092-959d-9ce0ad2f1809@group-CBC73EE03D9B: shutdown
2023-03-09 15:00:52,357 [fdc7571d-9447-4092-959d-9ce0ad2f1809-impl-thread1] INFO  util.JmxRegister (JmxRegister.java:unregister(73)) - Successfully un-registered JMX Bean with object name Ratis:service=RaftServer,group=group-CBC73EE03D9B,id=fdc7571d-9447-4092-959d-9ce0ad2f1809
2023-03-09 15:00:52,357 [fdc7571d-9447-4092-959d-9ce0ad2f1809-impl-thread1] INFO  impl.RoleInfo (RoleInfo.java:shutdownLeaderState(93)) - fdc7571d-9447-4092-959d-9ce0ad2f1809: shutdown fdc7571d-9447-4092-959d-9ce0ad2f1809@group-CBC73EE03D9B-LeaderStateImpl
2023-03-09 15:00:52,357 [fdc7571d-9447-4092-959d-9ce0ad2f1809-impl-thread2] INFO  server.RaftServer$Division (RaftServerImpl.java:lambda$close$4(458)) - fdc7571d-9447-4092-959d-9ce0ad2f1809@group-99B86DAED154: shutdown
2023-03-09 15:00:52,357 [fdc7571d-9447-4092-959d-9ce0ad2f1809-impl-thread2] INFO  util.JmxRegister (JmxRegister.java:unregister(73)) - Successfully un-registered JMX Bean with object name Ratis:service=RaftServer,group=group-99B86DAED154,id=fdc7571d-9447-4092-959d-9ce0ad2f1809
2023-03-09 15:00:52,357 [fdc7571d-9447-4092-959d-9ce0ad2f1809-impl-thread2] INFO  impl.RoleInfo (RoleInfo.java:shutdownFollowerState(110)) - fdc7571d-9447-4092-959d-9ce0ad2f1809: shutdown fdc7571d-9447-4092-959d-9ce0ad2f1809@group-99B86DAED154-FollowerState
2023-03-09 15:00:52,357 [ForkJoinPool.commonPool-worker-0] INFO  server.GrpcService (GrpcService.java:closeImpl(271)) - fdc7571d-9447-4092-959d-9ce0ad2f1809: shutdown server GrpcServerProtocolService now
2023-03-09 15:00:52,358 [fdc7571d-9447-4092-959d-9ce0ad2f1809-impl-thread3] INFO  server.RaftServer$Division (RaftServerImpl.java:lambda$close$4(458)) - fdc7571d-9447-4092-959d-9ce0ad2f1809@group-3B5AD3405E30: shutdown
2023-03-09 15:00:52,358 [fdc7571d-9447-4092-959d-9ce0ad2f1809-impl-thread3] INFO  util.JmxRegister (JmxRegister.java:unregister(73)) - Successfully un-registered JMX Bean with object name Ratis:service=RaftServer,group=group-3B5AD3405E30,id=fdc7571d-9447-4092-959d-9ce0ad2f1809
2023-03-09 15:00:52,358 [fdc7571d-9447-4092-959d-9ce0ad2f1809-impl-thread3] INFO  impl.RoleInfo (RoleInfo.java:shutdownLeaderState(93)) - fdc7571d-9447-4092-959d-9ce0ad2f1809: shutdown fdc7571d-9447-4092-959d-9ce0ad2f1809@group-3B5AD3405E30-LeaderStateImpl
2023-03-09 15:00:52,358 [fdc7571d-9447-4092-959d-9ce0ad2f1809-impl-thread3] INFO  impl.PendingRequests (PendingRequests.java:sendNotLeaderResponses(282)) - fdc7571d-9447-4092-959d-9ce0ad2f1809@group-3B5AD3405E30-PendingRequests: sendNotLeaderResponses
2023-03-09 15:00:52,359 [fdc7571d-9447-4092-959d-9ce0ad2f1809@group-3B5AD3405E30-StateMachineUpdater] INFO  ratis.ContainerStateMachine (ContainerStateMachine.java:takeSnapshot(308)) - group-3B5AD3405E30: Taking a snapshot at:(t:1, i:0) file /home/runner/work/ozone/ozone/hadoop-ozone/integration-test/target/test-dir/MiniOzoneClusterImpl-4e7c95cc-71c1-4f0b-a9e9-e7b04a6f140e/datanode-0/data/ratis/036ceb30-bf8b-4043-b4f3-3b5ad3405e30/sm/snapshot.1_0
2023-03-09 15:00:52,360 [fdc7571d-9447-4092-959d-9ce0ad2f1809@group-3B5AD3405E30-StateMachineUpdater] INFO  ratis.ContainerStateMachine (ContainerStateMachine.java:takeSnapshot(319)) - group-3B5AD3405E30: Finished taking a snapshot at:(t:1, i:0) file:/home/runner/work/ozone/ozone/hadoop-ozone/integration-test/target/test-dir/MiniOzoneClusterImpl-4e7c95cc-71c1-4f0b-a9e9-e7b04a6f140e/datanode-0/data/ratis/036ceb30-bf8b-4043-b4f3-3b5ad3405e30/sm/snapshot.1_0 took: 2 ms
2023-03-09 15:00:52,361 [fdc7571d-9447-4092-959d-9ce0ad2f1809@group-99B86DAED154-FollowerState] INFO  impl.FollowerState (FollowerState.java:run(152)) - fdc7571d-9447-4092-959d-9ce0ad2f1809@group-99B86DAED154-FollowerState was interrupted
2023-03-09 15:00:52,361 [fdc7571d-9447-4092-959d-9ce0ad2f1809-impl-thread1] INFO  impl.PendingRequests (PendingRequests.java:sendNotLeaderResponses(282)) - fdc7571d-9447-4092-959d-9ce0ad2f1809@group-CBC73EE03D9B-PendingRequests: sendNotLeaderResponses
2023-03-09 15:00:52,361 [fdc7571d-9447-4092-959d-9ce0ad2f1809@group-CBC73EE03D9B->ac810fbe-b19a-4148-a035-811b2b5a9c18-GrpcLogAppender-LogAppenderDaemon] WARN  server.GrpcLogAppender (GrpcLogAppender.java:mayWait(200)) - fdc7571d-9447-4092-959d-9ce0ad2f1809@group-CBC73EE03D9B->ac810fbe-b19a-4148-a035-811b2b5a9c18-GrpcLogAppender: Wait interrupted by java.lang.InterruptedException
2023-03-09 15:00:52,361 [fdc7571d-9447-4092-959d-9ce0ad2f1809-impl-thread1] INFO  impl.StateMachineUpdater (StateMachineUpdater.java:stopAndJoin(153)) - fdc7571d-9447-4092-959d-9ce0ad2f1809@group-CBC73EE03D9B-StateMachineUpdater: set stopIndex = 0
2023-03-09 15:00:52,362 [fdc7571d-9447-4092-959d-9ce0ad2f1809@group-CBC73EE03D9B->0ee7bec8-2182-4b4a-933d-6a3bad615c17-GrpcLogAppender-LogAppenderDaemon] WARN  server.GrpcLogAppender (GrpcLogAppender.java:mayWait(200)) - fdc7571d-9447-4092-959d-9ce0ad2f1809@group-CBC73EE03D9B->0ee7bec8-2182-4b4a-933d-6a3bad615c17-GrpcLogAppender: Wait interrupted by java.lang.InterruptedException
2023-03-09 15:00:52,362 [ForkJoinPool.commonPool-worker-0] INFO  server.GrpcServerProtocolClient (GrpcServerProtocolClient.java:close(101)) - ac810fbe-b19a-4148-a035-811b2b5a9c18 Close channels
2023-03-09 15:00:52,362 [grpc-default-executor-12] INFO  server.GrpcLogAppender (GrpcLogAppender.java:onError(404)) - fdc7571d-9447-4092-959d-9ce0ad2f1809@group-CBC73EE03D9B->ac810fbe-b19a-4148-a035-811b2b5a9c18-GrpcLogAppender is already stopped
2023-03-09 15:00:52,362 [fdc7571d-9447-4092-959d-9ce0ad2f1809-impl-thread2] INFO  impl.StateMachineUpdater (StateMachineUpdater.java:stopAndJoin(153)) - fdc7571d-9447-4092-959d-9ce0ad2f1809@group-99B86DAED154-StateMachineUpdater: set stopIndex = 0
2023-03-09 15:00:52,362 [fdc7571d-9447-4092-959d-9ce0ad2f1809-impl-thread3] INFO  impl.StateMachineUpdater (StateMachineUpdater.java:stopAndJoin(153)) - fdc7571d-9447-4092-959d-9ce0ad2f1809@group-3B5AD3405E30-StateMachineUpdater: set stopIndex = 0
2023-03-09 15:00:52,362 [fdc7571d-9447-4092-959d-9ce0ad2f1809@group-99B86DAED154-StateMachineUpdater] INFO  ratis.ContainerStateMachine (ContainerStateMachine.java:takeSnapshot(308)) - group-99B86DAED154: Taking a snapshot at:(t:1, i:0) file /home/runner/work/ozone/ozone/hadoop-ozone/integration-test/target/test-dir/MiniOzoneClusterImpl-4e7c95cc-71c1-4f0b-a9e9-e7b04a6f140e/datanode-0/data/ratis/8a5de1dc-715e-407e-ae3f-99b86daed154/sm/snapshot.1_0
2023-03-09 15:00:52,362 [fdc7571d-9447-4092-959d-9ce0ad2f1809@group-CBC73EE03D9B-StateMachineUpdater] INFO  ratis.ContainerStateMachine (ContainerStateMachine.java:takeSnapshot(308)) - group-CBC73EE03D9B: Taking a snapshot at:(t:1, i:0) file /home/runner/work/ozone/ozone/hadoop-ozone/integration-test/target/test-dir/MiniOzoneClusterImpl-4e7c95cc-71c1-4f0b-a9e9-e7b04a6f140e/datanode-0/data/ratis/4c531124-62d2-4bb3-9edf-cbc73ee03d9b/sm/snapshot.1_0
2023-03-09 15:00:52,366 [fdc7571d-9447-4092-959d-9ce0ad2f1809@group-3B5AD3405E30-StateMachineUpdater] INFO  impl.StateMachineUpdater (StateMachineUpdater.java:takeSnapshot(287)) - fdc7571d-9447-4092-959d-9ce0ad2f1809@group-3B5AD3405E30-StateMachineUpdater: Took a snapshot at index 0
2023-03-09 15:00:52,367 [fdc7571d-9447-4092-959d-9ce0ad2f1809@group-3B5AD3405E30-StateMachineUpdater] INFO  impl.StateMachineUpdater (StateMachineUpdater.java:lambda$new$0(92)) - fdc7571d-9447-4092-959d-9ce0ad2f1809@group-3B5AD3405E30-StateMachineUpdater: snapshotIndex: updateIncreasingly -1 -> 0
2023-03-09 15:00:52,367 [fdc7571d-9447-4092-959d-9ce0ad2f1809@group-99B86DAED154-StateMachineUpdater] INFO  ratis.ContainerStateMachine (ContainerStateMachine.java:takeSnapshot(319)) - group-99B86DAED154: Finished taking a snapshot at:(t:1, i:0) file:/home/runner/work/ozone/ozone/hadoop-ozone/integration-test/target/test-dir/MiniOzoneClusterImpl-4e7c95cc-71c1-4f0b-a9e9-e7b04a6f140e/datanode-0/data/ratis/8a5de1dc-715e-407e-ae3f-99b86daed154/sm/snapshot.1_0 took: 4 ms
2023-03-09 15:00:52,367 [fdc7571d-9447-4092-959d-9ce0ad2f1809@group-99B86DAED154-StateMachineUpdater] INFO  impl.StateMachineUpdater (StateMachineUpdater.java:takeSnapshot(287)) - fdc7571d-9447-4092-959d-9ce0ad2f1809@group-99B86DAED154-StateMachineUpdater: Took a snapshot at index 0
2023-03-09 15:00:52,367 [fdc7571d-9447-4092-959d-9ce0ad2f1809@group-99B86DAED154-StateMachineUpdater] INFO  impl.StateMachineUpdater (StateMachineUpdater.java:lambda$new$0(92)) - fdc7571d-9447-4092-959d-9ce0ad2f1809@group-99B86DAED154-StateMachineUpdater: snapshotIndex: updateIncreasingly -1 -> 0
2023-03-09 15:00:52,367 [fdc7571d-9447-4092-959d-9ce0ad2f1809@group-CBC73EE03D9B-StateMachineUpdater] INFO  ratis.ContainerStateMachine (ContainerStateMachine.java:takeSnapshot(319)) - group-CBC73EE03D9B: Finished taking a snapshot at:(t:1, i:0) file:/home/runner/work/ozone/ozone/hadoop-ozone/integration-test/target/test-dir/MiniOzoneClusterImpl-4e7c95cc-71c1-4f0b-a9e9-e7b04a6f140e/datanode-0/data/ratis/4c531124-62d2-4bb3-9edf-cbc73ee03d9b/sm/snapshot.1_0 took: 5 ms
2023-03-09 15:00:52,368 [fdc7571d-9447-4092-959d-9ce0ad2f1809@group-CBC73EE03D9B-StateMachineUpdater] INFO  impl.StateMachineUpdater (StateMachineUpdater.java:takeSnapshot(287)) - fdc7571d-9447-4092-959d-9ce0ad2f1809@group-CBC73EE03D9B-StateMachineUpdater: Took a snapshot at index 0
2023-03-09 15:00:52,368 [fdc7571d-9447-4092-959d-9ce0ad2f1809@group-CBC73EE03D9B-StateMachineUpdater] INFO  impl.StateMachineUpdater (StateMachineUpdater.java:lambda$new$0(92)) - fdc7571d-9447-4092-959d-9ce0ad2f1809@group-CBC73EE03D9B-StateMachineUpdater: snapshotIndex: updateIncreasingly -1 -> 0
2023-03-09 15:00:52,368 [fdc7571d-9447-4092-959d-9ce0ad2f1809-impl-thread1] INFO  server.RaftServer$Division (ServerState.java:close(466)) - fdc7571d-9447-4092-959d-9ce0ad2f1809@group-CBC73EE03D9B: closes. applyIndex: 0
2023-03-09 15:00:52,368 [fdc7571d-9447-4092-959d-9ce0ad2f1809@group-CBC73EE03D9B-SegmentedRaftLogWorker] INFO  segmented.SegmentedRaftLogWorker (SegmentedRaftLogWorker.java:run(347)) - fdc7571d-9447-4092-959d-9ce0ad2f1809@group-CBC73EE03D9B-SegmentedRaftLogWorker was interrupted, exiting. There are 0 tasks remaining in the queue.
2023-03-09 15:00:52,368 [fdc7571d-9447-4092-959d-9ce0ad2f1809-impl-thread2] INFO  server.RaftServer$Division (ServerState.java:close(466)) - fdc7571d-9447-4092-959d-9ce0ad2f1809@group-99B86DAED154: closes. applyIndex: 0
2023-03-09 15:00:52,368 [fdc7571d-9447-4092-959d-9ce0ad2f1809@group-99B86DAED154-SegmentedRaftLogWorker] INFO  segmented.SegmentedRaftLogWorker (SegmentedRaftLogWorker.java:run(347)) - fdc7571d-9447-4092-959d-9ce0ad2f1809@group-99B86DAED154-SegmentedRaftLogWorker was interrupted, exiting. There are 0 tasks remaining in the queue.
2023-03-09 15:00:52,369 [grpc-default-executor-9] INFO  server.GrpcServerProtocolService (GrpcServerProtocolService.java:onCompleted(143)) - 0ee7bec8-2182-4b4a-933d-6a3bad615c17: Completed APPEND_ENTRIES, lastRequest: null
2023-03-09 15:00:52,369 [grpc-default-executor-12] INFO  server.GrpcServerProtocolService (GrpcServerProtocolService.java:onCompleted(143)) - 0ee7bec8-2182-4b4a-933d-6a3bad615c17: Completed APPEND_ENTRIES, lastRequest: fdc7571d-9447-4092-959d-9ce0ad2f1809->0ee7bec8-2182-4b4a-933d-6a3bad615c17#1-t1,previous=(t:0, i:0),leaderCommit=0,initializing? true,entries: size=1, first=(t:1, i:0), CONFIGURATIONENTRY(current:id: "ac810fbe-b19a-4148-a035-811b2b5a9c18"
address: "127.0.0.1:39805"
dataStreamAddress: "127.0.0.1:45019"
clientAddress: "127.0.0.1:39805"
adminAddress: "127.0.0.1:39805"
startupRole: FOLLOWER
,id: "fdc7571d-9447-4092-959d-9ce0ad2f1809"
address: "127.0.0.1:36519"
priority: 1
dataStreamAddress: "127.0.0.1:44285"
clientAddress: "127.0.0.1:36519"
adminAddress: "127.0.0.1:36519"
startupRole: FOLLOWER
,id: "0ee7bec8-2182-4b4a-933d-6a3bad615c17"
address: "127.0.0.1:38121"
dataStreamAddress: "127.0.0.1:45643"
clientAddress: "127.0.0.1:38121"
adminAddress: "127.0.0.1:38121"
startupRole: FOLLOWER
, old:)
2023-03-09 15:00:52,370 [fdc7571d-9447-4092-959d-9ce0ad2f1809-impl-thread3] INFO  server.RaftServer$Division (ServerState.java:close(466)) - fdc7571d-9447-4092-959d-9ce0ad2f1809@group-3B5AD3405E30: closes. applyIndex: 0
2023-03-09 15:00:52,371 [grpc-default-executor-9] INFO  server.GrpcLogAppender (GrpcLogAppender.java:onCompleted(415)) - fdc7571d-9447-4092-959d-9ce0ad2f1809@group-CBC73EE03D9B->0ee7bec8-2182-4b4a-933d-6a3bad615c17-AppendLogResponseHandler: follower responses appendEntries COMPLETED
2023-03-09 15:00:52,371 [grpc-default-executor-9] INFO  leader.FollowerInfo (FollowerInfoImpl.java:lambda$new$0(48)) - fdc7571d-9447-4092-959d-9ce0ad2f1809@group-CBC73EE03D9B->0ee7bec8-2182-4b4a-933d-6a3bad615c17: nextIndex: updateUnconditionally 1 -> 0
2023-03-09 15:00:52,371 [fdc7571d-9447-4092-959d-9ce0ad2f1809@group-3B5AD3405E30-SegmentedRaftLogWorker] INFO  segmented.SegmentedRaftLogWorker (SegmentedRaftLogWorker.java:run(347)) - fdc7571d-9447-4092-959d-9ce0ad2f1809@group-3B5AD3405E30-SegmentedRaftLogWorker was interrupted, exiting. There are 0 tasks remaining in the queue.
2023-03-09 15:00:52,373 [ForkJoinPool.commonPool-worker-0] INFO  server.GrpcServerProtocolClient (GrpcServerProtocolClient.java:close(101)) - 0ee7bec8-2182-4b4a-933d-6a3bad615c17 Close channels
2023-03-09 15:00:52,376 [grpc-default-executor-12] INFO  server.GrpcLogAppender (GrpcLogAppender.java:onCompleted(415)) - fdc7571d-9447-4092-959d-9ce0ad2f1809@group-CBC73EE03D9B->0ee7bec8-2182-4b4a-933d-6a3bad615c17-AppendLogResponseHandler: follower responses appendEntries COMPLETED
2023-03-09 15:00:52,376 [grpc-default-executor-12] WARN  server.GrpcLogAppender (GrpcLogAppender.java:resetClient(137)) - fdc7571d-9447-4092-959d-9ce0ad2f1809@group-CBC73EE03D9B->0ee7bec8-2182-4b4a-933d-6a3bad615c17-GrpcLogAppender: Failed to getClient for 0ee7bec8-2182-4b4a-933d-6a3bad615c17
org.apache.ratis.protocol.exceptions.AlreadyClosedException: fdc7571d-9447-4092-959d-9ce0ad2f1809 is already CLOSED
	at org.apache.ratis.util.PeerProxyMap$PeerAndProxy.getProxy(PeerProxyMap.java:61)
	at org.apache.ratis.util.PeerProxyMap.getProxy(PeerProxyMap.java:115)
	at org.apache.ratis.grpc.server.GrpcLogAppender.getClient(GrpcLogAppender.java:116)
	at org.apache.ratis.grpc.server.GrpcLogAppender.resetClient(GrpcLogAppender.java:121)
	at org.apache.ratis.grpc.server.GrpcLogAppender.access$500(GrpcLogAppender.java:58)
	at org.apache.ratis.grpc.server.GrpcLogAppender$AppendLogResponseHandler.onCompleted(GrpcLogAppender.java:416)
	at org.apache.ratis.thirdparty.io.grpc.stub.ClientCalls$StreamObserverToCallListenerAdapter.onClose(ClientCalls.java:485)
	at org.apache.ratis.thirdparty.io.grpc.internal.DelayedClientCall$DelayedListener$3.run(DelayedClientCall.java:468)
	at org.apache.ratis.thirdparty.io.grpc.internal.DelayedClientCall$DelayedListener.delayOrExecute(DelayedClientCall.java:432)
	at org.apache.ratis.thirdparty.io.grpc.internal.DelayedClientCall$DelayedListener.onClose(DelayedClientCall.java:465)
	at org.apache.ratis.thirdparty.io.grpc.internal.ClientCallImpl.closeObserver(ClientCallImpl.java:562)
	at org.apache.ratis.thirdparty.io.grpc.internal.ClientCallImpl.access$300(ClientCallImpl.java:70)
	at org.apache.ratis.thirdparty.io.grpc.internal.ClientCallImpl$ClientStreamListenerImpl$1StreamClosed.runInternal(ClientCallImpl.java:743)
	at org.apache.ratis.thirdparty.io.grpc.internal.ClientCallImpl$ClientStreamListenerImpl$1StreamClosed.runInContext(ClientCallImpl.java:722)
	at org.apache.ratis.thirdparty.io.grpc.internal.ContextRunnable.run(ContextRunnable.java:37)
	at org.apache.ratis.thirdparty.io.grpc.internal.SerializingExecutor.run(SerializingExecutor.java:133)
	at java.util.concurrent.ThreadPoolExecutor.runWorker(ThreadPoolExecutor.java:1149)
	at java.util.concurrent.ThreadPoolExecutor$Worker.run(ThreadPoolExecutor.java:624)
	at java.lang.Thread.run(Thread.java:750)
2023-03-09 15:00:52,376 [fdc7571d-9447-4092-959d-9ce0ad2f1809-impl-thread3] INFO  segmented.SegmentedRaftLogWorker (SegmentedRaftLogWorker.java:close(257)) - fdc7571d-9447-4092-959d-9ce0ad2f1809@group-3B5AD3405E30-SegmentedRaftLogWorker close()
2023-03-09 15:00:52,382 [fdc7571d-9447-4092-959d-9ce0ad2f1809-impl-thread1] INFO  segmented.SegmentedRaftLogWorker (SegmentedRaftLogWorker.java:close(257)) - fdc7571d-9447-4092-959d-9ce0ad2f1809@group-CBC73EE03D9B-SegmentedRaftLogWorker close()
2023-03-09 15:00:52,382 [fdc7571d-9447-4092-959d-9ce0ad2f1809-impl-thread2] INFO  segmented.SegmentedRaftLogWorker (SegmentedRaftLogWorker.java:close(257)) - fdc7571d-9447-4092-959d-9ce0ad2f1809@group-99B86DAED154-SegmentedRaftLogWorker close()
2023-03-09 15:00:52,384 [ForkJoinPool.commonPool-worker-0] INFO  server.GrpcService (GrpcService.java:closeImpl(280)) - fdc7571d-9447-4092-959d-9ce0ad2f1809: shutdown server GrpcServerProtocolService successfully
2023-03-09 15:00:52,384 [fdc7571d-9447-4092-959d-9ce0ad2f1809-NettyServerStreamRpc-bossGroup--thread1] INFO  logging.LoggingHandler (AbstractInternalLogger.java:log(148)) - [id: 0x7ee240e7, L:/0:0:0:0:0:0:0:0:44285] CLOSE
2023-03-09 15:00:52,384 [fdc7571d-9447-4092-959d-9ce0ad2f1809-NettyServerStreamRpc-bossGroup--thread1] INFO  logging.LoggingHandler (AbstractInternalLogger.java:log(148)) - [id: 0x7ee240e7, L:/0:0:0:0:0:0:0:0:44285] INACTIVE
2023-03-09 15:00:52,384 [fdc7571d-9447-4092-959d-9ce0ad2f1809-NettyServerStreamRpc-bossGroup--thread1] INFO  logging.LoggingHandler (AbstractInternalLogger.java:log(148)) - [id: 0x7ee240e7, L:/0:0:0:0:0:0:0:0:44285] UNREGISTERED
2023-03-09 15:00:52,398 [JvmPauseMonitor25] INFO  util.JvmPauseMonitor (JvmPauseMonitor.java:run(111)) - JvmPauseMonitor-fdc7571d-9447-4092-959d-9ce0ad2f1809: Stopped
2023-03-09 15:00:52,814 [EndpointStateMachine task thread for /127.0.0.1:43747 - 0 ] INFO  ipc.Client (Client.java:handleConnectionFailure(1010)) - Retrying connect to server: localhost/127.0.0.1:43747. Already tried 1 time(s); retry policy is RetryUpToMaximumCountWithFixedSleep(maxRetries=15, sleepTime=1000 MILLISECONDS)
2023-03-09 15:00:52,814 [EndpointStateMachine task thread for /127.0.0.1:36681 - 0 ] INFO  ipc.Client (Client.java:handleConnectionFailure(1010)) - Retrying connect to server: localhost/127.0.0.1:36681. Already tried 7 time(s); retry policy is RetryUpToMaximumCountWithFixedSleep(maxRetries=15, sleepTime=1000 MILLISECONDS)
2023-03-09 15:00:53,461 [Listener at 127.0.0.1/37077] INFO  volume.HddsVolume (HddsVolume.java:closeDbStore(362)) - SchemaV3 db is stopped at /home/runner/work/ozone/ozone/hadoop-ozone/integration-test/target/test-dir/MiniOzoneClusterImpl-4e7c95cc-71c1-4f0b-a9e9-e7b04a6f140e/datanode-1/data-0/containers/hdds/4e7c95cc-71c1-4f0b-a9e9-e7b04a6f140e/DS-45686168-dda5-46c8-a77e-6662ab4a9945/container.db for volume DS-45686168-dda5-46c8-a77e-6662ab4a9945
2023-03-09 15:00:53,461 [Listener at 127.0.0.1/37077] INFO  utils.BackgroundService (BackgroundService.java:shutdown(141)) - Shutting down service BlockDeletingService
2023-03-09 15:00:53,462 [Listener at 127.0.0.1/37077] INFO  utils.BackgroundService (BackgroundService.java:shutdown(141)) - Shutting down service StaleRecoveringContainerScrubbingService
2023-03-09 15:00:53,466 [Listener at 127.0.0.1/37077] INFO  statemachine.DatanodeStateMachine (DatanodeStateMachine.java:stopDaemon(601)) - Ozone container server stopped.
2023-03-09 15:00:53,477 [Listener at 127.0.0.1/37077] INFO  handler.ContextHandler (ContextHandler.java:doStop(1159)) - Stopped o.e.j.w.WebAppContext@6dcecd7{hddsDatanode,/,null,STOPPED}{jar:file:/home/runner/.m2/repository/org/apache/ozone/hdds-container-service/1.4.0-SNAPSHOT/hdds-container-service-1.4.0-SNAPSHOT.jar!/webapps/hddsDatanode}
2023-03-09 15:00:53,478 [Listener at 127.0.0.1/37077] INFO  server.AbstractConnector (AbstractConnector.java:doStop(383)) - Stopped ServerConnector@16c2d6d2{HTTP/1.1, (http/1.1)}{0.0.0.0:0}
2023-03-09 15:00:53,478 [Listener at 127.0.0.1/37077] INFO  server.session (HouseKeeper.java:stopScavenging(149)) - node0 Stopped scavenging
2023-03-09 15:00:53,479 [Listener at 127.0.0.1/37077] INFO  handler.ContextHandler (ContextHandler.java:doStop(1159)) - Stopped o.e.j.s.ServletContextHandler@7dc6a671{static,/static,jar:file:/home/runner/.m2/repository/org/apache/ozone/hdds-container-service/1.4.0-SNAPSHOT/hdds-container-service-1.4.0-SNAPSHOT.jar!/webapps/static,STOPPED}
2023-03-09 15:00:53,479 [Listener at 127.0.0.1/37077] INFO  handler.ContextHandler (ContextHandler.java:doStop(1159)) - Stopped o.e.j.s.ServletContextHandler@1c4de191{logs,/logs,file:///home/runner/work/ozone/ozone/hadoop-ozone/integration-test/target/log,STOPPED}
2023-03-09 15:00:53,813 [Listener at 127.0.0.1/37077] INFO  ozoneimpl.OzoneContainer (OzoneContainer.java:stop(420)) - Attempting to stop container services.
2023-03-09 15:00:53,814 [Listener at 127.0.0.1/37077] INFO  server.RaftServer (RaftServerProxy.java:lambda$close$6(409)) - 0ee7bec8-2182-4b4a-933d-6a3bad615c17: close
2023-03-09 15:00:53,814 [0ee7bec8-2182-4b4a-933d-6a3bad615c17-impl-thread1] INFO  server.RaftServer$Division (RaftServerImpl.java:lambda$close$4(458)) - 0ee7bec8-2182-4b4a-933d-6a3bad615c17@group-7E4D0FD4F830: shutdown
2023-03-09 15:00:53,814 [0ee7bec8-2182-4b4a-933d-6a3bad615c17-impl-thread1] INFO  util.JmxRegister (JmxRegister.java:unregister(73)) - Successfully un-registered JMX Bean with object name Ratis:service=RaftServer,group=group-7E4D0FD4F830,id=0ee7bec8-2182-4b4a-933d-6a3bad615c17
2023-03-09 15:00:53,814 [0ee7bec8-2182-4b4a-933d-6a3bad615c17-impl-thread1] INFO  impl.RoleInfo (RoleInfo.java:shutdownLeaderState(93)) - 0ee7bec8-2182-4b4a-933d-6a3bad615c17: shutdown 0ee7bec8-2182-4b4a-933d-6a3bad615c17@group-7E4D0FD4F830-LeaderStateImpl
2023-03-09 15:00:53,814 [0ee7bec8-2182-4b4a-933d-6a3bad615c17-impl-thread1] INFO  impl.PendingRequests (PendingRequests.java:sendNotLeaderResponses(282)) - 0ee7bec8-2182-4b4a-933d-6a3bad615c17@group-7E4D0FD4F830-PendingRequests: sendNotLeaderResponses
2023-03-09 15:00:53,815 [0ee7bec8-2182-4b4a-933d-6a3bad615c17-impl-thread1] INFO  impl.StateMachineUpdater (StateMachineUpdater.java:stopAndJoin(153)) - 0ee7bec8-2182-4b4a-933d-6a3bad615c17@group-7E4D0FD4F830-StateMachineUpdater: set stopIndex = 0
2023-03-09 15:00:53,815 [EndpointStateMachine task thread for /127.0.0.1:36681 - 0 ] INFO  ipc.Client (Client.java:handleConnectionFailure(1010)) - Retrying connect to server: localhost/127.0.0.1:36681. Already tried 8 time(s); retry policy is RetryUpToMaximumCountWithFixedSleep(maxRetries=15, sleepTime=1000 MILLISECONDS)
2023-03-09 15:00:53,815 [0ee7bec8-2182-4b4a-933d-6a3bad615c17@group-7E4D0FD4F830-StateMachineUpdater] INFO  ratis.ContainerStateMachine (ContainerStateMachine.java:takeSnapshot(308)) - group-7E4D0FD4F830: Taking a snapshot at:(t:1, i:0) file /home/runner/work/ozone/ozone/hadoop-ozone/integration-test/target/test-dir/MiniOzoneClusterImpl-4e7c95cc-71c1-4f0b-a9e9-e7b04a6f140e/datanode-2/data/ratis/e2c3d023-e542-44a8-8c10-7e4d0fd4f830/sm/snapshot.1_0
2023-03-09 15:00:53,815 [EndpointStateMachine task thread for /127.0.0.1:43747 - 0 ] INFO  ipc.Client (Client.java:handleConnectionFailure(1010)) - Retrying connect to server: localhost/127.0.0.1:43747. Already tried 2 time(s); retry policy is RetryUpToMaximumCountWithFixedSleep(maxRetries=15, sleepTime=1000 MILLISECONDS)
2023-03-09 15:00:53,816 [0ee7bec8-2182-4b4a-933d-6a3bad615c17-impl-thread2] INFO  server.RaftServer$Division (RaftServerImpl.java:lambda$close$4(458)) - 0ee7bec8-2182-4b4a-933d-6a3bad615c17@group-CBC73EE03D9B: shutdown
2023-03-09 15:00:53,816 [0ee7bec8-2182-4b4a-933d-6a3bad615c17-impl-thread2] INFO  util.JmxRegister (JmxRegister.java:unregister(73)) - Successfully un-registered JMX Bean with object name Ratis:service=RaftServer,group=group-CBC73EE03D9B,id=0ee7bec8-2182-4b4a-933d-6a3bad615c17
2023-03-09 15:00:53,816 [0ee7bec8-2182-4b4a-933d-6a3bad615c17@group-7E4D0FD4F830-StateMachineUpdater] INFO  ratis.ContainerStateMachine (ContainerStateMachine.java:takeSnapshot(319)) - group-7E4D0FD4F830: Finished taking a snapshot at:(t:1, i:0) file:/home/runner/work/ozone/ozone/hadoop-ozone/integration-test/target/test-dir/MiniOzoneClusterImpl-4e7c95cc-71c1-4f0b-a9e9-e7b04a6f140e/datanode-2/data/ratis/e2c3d023-e542-44a8-8c10-7e4d0fd4f830/sm/snapshot.1_0 took: 2 ms
2023-03-09 15:00:53,817 [Listener at 127.0.0.1/37077] INFO  server.GrpcService (GrpcService.java:closeImpl(271)) - 0ee7bec8-2182-4b4a-933d-6a3bad615c17: shutdown server GrpcServerProtocolService now
2023-03-09 15:00:53,817 [0ee7bec8-2182-4b4a-933d-6a3bad615c17@group-7E4D0FD4F830-StateMachineUpdater] INFO  impl.StateMachineUpdater (StateMachineUpdater.java:takeSnapshot(287)) - 0ee7bec8-2182-4b4a-933d-6a3bad615c17@group-7E4D0FD4F830-StateMachineUpdater: Took a snapshot at index 0
2023-03-09 15:00:53,817 [0ee7bec8-2182-4b4a-933d-6a3bad615c17@group-7E4D0FD4F830-StateMachineUpdater] INFO  impl.StateMachineUpdater (StateMachineUpdater.java:lambda$new$0(92)) - 0ee7bec8-2182-4b4a-933d-6a3bad615c17@group-7E4D0FD4F830-StateMachineUpdater: snapshotIndex: updateIncreasingly -1 -> 0
2023-03-09 15:00:53,816 [0ee7bec8-2182-4b4a-933d-6a3bad615c17-impl-thread2] INFO  impl.RoleInfo (RoleInfo.java:shutdownFollowerState(110)) - 0ee7bec8-2182-4b4a-933d-6a3bad615c17: shutdown 0ee7bec8-2182-4b4a-933d-6a3bad615c17@group-CBC73EE03D9B-FollowerState
2023-03-09 15:00:53,817 [0ee7bec8-2182-4b4a-933d-6a3bad615c17-impl-thread2] INFO  impl.StateMachineUpdater (StateMachineUpdater.java:stopAndJoin(153)) - 0ee7bec8-2182-4b4a-933d-6a3bad615c17@group-CBC73EE03D9B-StateMachineUpdater: set stopIndex = 0
2023-03-09 15:00:53,818 [0ee7bec8-2182-4b4a-933d-6a3bad615c17@group-CBC73EE03D9B-StateMachineUpdater] INFO  ratis.ContainerStateMachine (ContainerStateMachine.java:takeSnapshot(308)) - group-CBC73EE03D9B: Taking a snapshot at:(t:1, i:0) file /home/runner/work/ozone/ozone/hadoop-ozone/integration-test/target/test-dir/MiniOzoneClusterImpl-4e7c95cc-71c1-4f0b-a9e9-e7b04a6f140e/datanode-2/data/ratis/4c531124-62d2-4bb3-9edf-cbc73ee03d9b/sm/snapshot.1_0
2023-03-09 15:00:53,819 [0ee7bec8-2182-4b4a-933d-6a3bad615c17@group-CBC73EE03D9B-FollowerState] INFO  impl.FollowerState (FollowerState.java:run(152)) - 0ee7bec8-2182-4b4a-933d-6a3bad615c17@group-CBC73EE03D9B-FollowerState was interrupted
2023-03-09 15:00:53,819 [0ee7bec8-2182-4b4a-933d-6a3bad615c17-impl-thread1] INFO  server.RaftServer$Division (ServerState.java:close(466)) - 0ee7bec8-2182-4b4a-933d-6a3bad615c17@group-7E4D0FD4F830: closes. applyIndex: 0
2023-03-09 15:00:53,818 [Listener at 127.0.0.1/37077] INFO  server.GrpcServerProtocolClient (GrpcServerProtocolClient.java:close(101)) - ac810fbe-b19a-4148-a035-811b2b5a9c18 Close channels
2023-03-09 15:00:53,819 [0ee7bec8-2182-4b4a-933d-6a3bad615c17-impl-thread3] INFO  server.RaftServer$Division (RaftServerImpl.java:lambda$close$4(458)) - 0ee7bec8-2182-4b4a-933d-6a3bad615c17@group-99B86DAED154: shutdown
2023-03-09 15:00:53,820 [0ee7bec8-2182-4b4a-933d-6a3bad615c17-impl-thread3] INFO  util.JmxRegister (JmxRegister.java:unregister(73)) - Successfully un-registered JMX Bean with object name Ratis:service=RaftServer,group=group-99B86DAED154,id=0ee7bec8-2182-4b4a-933d-6a3bad615c17
2023-03-09 15:00:53,820 [0ee7bec8-2182-4b4a-933d-6a3bad615c17@group-7E4D0FD4F830-SegmentedRaftLogWorker] INFO  segmented.SegmentedRaftLogWorker (SegmentedRaftLogWorker.java:run(347)) - 0ee7bec8-2182-4b4a-933d-6a3bad615c17@group-7E4D0FD4F830-SegmentedRaftLogWorker was interrupted, exiting. There are 0 tasks remaining in the queue.
2023-03-09 15:00:53,820 [0ee7bec8-2182-4b4a-933d-6a3bad615c17-impl-thread3] INFO  impl.RoleInfo (RoleInfo.java:shutdownFollowerState(110)) - 0ee7bec8-2182-4b4a-933d-6a3bad615c17: shutdown 0ee7bec8-2182-4b4a-933d-6a3bad615c17@group-99B86DAED154-FollowerState
2023-03-09 15:00:53,820 [0ee7bec8-2182-4b4a-933d-6a3bad615c17-impl-thread3] INFO  impl.StateMachineUpdater (StateMachineUpdater.java:stopAndJoin(153)) - 0ee7bec8-2182-4b4a-933d-6a3bad615c17@group-99B86DAED154-StateMachineUpdater: set stopIndex = 0
2023-03-09 15:00:53,820 [0ee7bec8-2182-4b4a-933d-6a3bad615c17@group-99B86DAED154-FollowerState] INFO  impl.FollowerState (FollowerState.java:run(152)) - 0ee7bec8-2182-4b4a-933d-6a3bad615c17@group-99B86DAED154-FollowerState was interrupted
2023-03-09 15:00:53,820 [0ee7bec8-2182-4b4a-933d-6a3bad615c17@group-CBC73EE03D9B-StateMachineUpdater] INFO  ratis.ContainerStateMachine (ContainerStateMachine.java:takeSnapshot(319)) - group-CBC73EE03D9B: Finished taking a snapshot at:(t:1, i:0) file:/home/runner/work/ozone/ozone/hadoop-ozone/integration-test/target/test-dir/MiniOzoneClusterImpl-4e7c95cc-71c1-4f0b-a9e9-e7b04a6f140e/datanode-2/data/ratis/4c531124-62d2-4bb3-9edf-cbc73ee03d9b/sm/snapshot.1_0 took: 1 ms
2023-03-09 15:00:53,820 [0ee7bec8-2182-4b4a-933d-6a3bad615c17@group-99B86DAED154-StateMachineUpdater] INFO  ratis.ContainerStateMachine (ContainerStateMachine.java:takeSnapshot(308)) - group-99B86DAED154: Taking a snapshot at:(t:1, i:0) file /home/runner/work/ozone/ozone/hadoop-ozone/integration-test/target/test-dir/MiniOzoneClusterImpl-4e7c95cc-71c1-4f0b-a9e9-e7b04a6f140e/datanode-2/data/ratis/8a5de1dc-715e-407e-ae3f-99b86daed154/sm/snapshot.1_0
2023-03-09 15:00:53,821 [0ee7bec8-2182-4b4a-933d-6a3bad615c17@group-CBC73EE03D9B-StateMachineUpdater] INFO  impl.StateMachineUpdater (StateMachineUpdater.java:takeSnapshot(287)) - 0ee7bec8-2182-4b4a-933d-6a3bad615c17@group-CBC73EE03D9B-StateMachineUpdater: Took a snapshot at index 0
2023-03-09 15:00:53,821 [0ee7bec8-2182-4b4a-933d-6a3bad615c17@group-CBC73EE03D9B-StateMachineUpdater] INFO  impl.StateMachineUpdater (StateMachineUpdater.java:lambda$new$0(92)) - 0ee7bec8-2182-4b4a-933d-6a3bad615c17@group-CBC73EE03D9B-StateMachineUpdater: snapshotIndex: updateIncreasingly -1 -> 0
2023-03-09 15:00:53,822 [0ee7bec8-2182-4b4a-933d-6a3bad615c17-impl-thread1] INFO  segmented.SegmentedRaftLogWorker (SegmentedRaftLogWorker.java:close(257)) - 0ee7bec8-2182-4b4a-933d-6a3bad615c17@group-7E4D0FD4F830-SegmentedRaftLogWorker close()
2023-03-09 15:00:53,824 [Listener at 127.0.0.1/37077] INFO  server.GrpcServerProtocolClient (GrpcServerProtocolClient.java:close(101)) - fdc7571d-9447-4092-959d-9ce0ad2f1809 Close channels
2023-03-09 15:00:53,825 [0ee7bec8-2182-4b4a-933d-6a3bad615c17@group-99B86DAED154-StateMachineUpdater] INFO  ratis.ContainerStateMachine (ContainerStateMachine.java:takeSnapshot(319)) - group-99B86DAED154: Finished taking a snapshot at:(t:1, i:0) file:/home/runner/work/ozone/ozone/hadoop-ozone/integration-test/target/test-dir/MiniOzoneClusterImpl-4e7c95cc-71c1-4f0b-a9e9-e7b04a6f140e/datanode-2/data/ratis/8a5de1dc-715e-407e-ae3f-99b86daed154/sm/snapshot.1_0 took: 4 ms
2023-03-09 15:00:53,825 [0ee7bec8-2182-4b4a-933d-6a3bad615c17-impl-thread2] INFO  server.RaftServer$Division (ServerState.java:close(466)) - 0ee7bec8-2182-4b4a-933d-6a3bad615c17@group-CBC73EE03D9B: closes. applyIndex: 0
2023-03-09 15:00:53,825 [0ee7bec8-2182-4b4a-933d-6a3bad615c17@group-99B86DAED154-StateMachineUpdater] INFO  impl.StateMachineUpdater (StateMachineUpdater.java:takeSnapshot(287)) - 0ee7bec8-2182-4b4a-933d-6a3bad615c17@group-99B86DAED154-StateMachineUpdater: Took a snapshot at index 0
2023-03-09 15:00:53,825 [0ee7bec8-2182-4b4a-933d-6a3bad615c17@group-CBC73EE03D9B-SegmentedRaftLogWorker] INFO  segmented.SegmentedRaftLogWorker (SegmentedRaftLogWorker.java:run(347)) - 0ee7bec8-2182-4b4a-933d-6a3bad615c17@group-CBC73EE03D9B-SegmentedRaftLogWorker was interrupted, exiting. There are 0 tasks remaining in the queue.
2023-03-09 15:00:53,825 [0ee7bec8-2182-4b4a-933d-6a3bad615c17@group-99B86DAED154-StateMachineUpdater] INFO  impl.StateMachineUpdater (StateMachineUpdater.java:lambda$new$0(92)) - 0ee7bec8-2182-4b4a-933d-6a3bad615c17@group-99B86DAED154-StateMachineUpdater: snapshotIndex: updateIncreasingly -1 -> 0
2023-03-09 15:00:53,825 [0ee7bec8-2182-4b4a-933d-6a3bad615c17-impl-thread2] INFO  segmented.SegmentedRaftLogWorker (SegmentedRaftLogWorker.java:close(257)) - 0ee7bec8-2182-4b4a-933d-6a3bad615c17@group-CBC73EE03D9B-SegmentedRaftLogWorker close()
2023-03-09 15:00:53,826 [Listener at 127.0.0.1/37077] INFO  server.GrpcService (GrpcService.java:closeImpl(280)) - 0ee7bec8-2182-4b4a-933d-6a3bad615c17: shutdown server GrpcServerProtocolService successfully
2023-03-09 15:00:53,828 [0ee7bec8-2182-4b4a-933d-6a3bad615c17-impl-thread3] INFO  server.RaftServer$Division (ServerState.java:close(466)) - 0ee7bec8-2182-4b4a-933d-6a3bad615c17@group-99B86DAED154: closes. applyIndex: 0
2023-03-09 15:00:53,829 [0ee7bec8-2182-4b4a-933d-6a3bad615c17-NettyServerStreamRpc-bossGroup--thread1] INFO  logging.LoggingHandler (AbstractInternalLogger.java:log(148)) - [id: 0xe1eaeee7, L:/0:0:0:0:0:0:0:0:45643] CLOSE
2023-03-09 15:00:53,829 [0ee7bec8-2182-4b4a-933d-6a3bad615c17-NettyServerStreamRpc-bossGroup--thread1] INFO  logging.LoggingHandler (AbstractInternalLogger.java:log(148)) - [id: 0xe1eaeee7, L:/0:0:0:0:0:0:0:0:45643] INACTIVE
2023-03-09 15:00:53,829 [0ee7bec8-2182-4b4a-933d-6a3bad615c17-NettyServerStreamRpc-bossGroup--thread1] INFO  logging.LoggingHandler (AbstractInternalLogger.java:log(148)) - [id: 0xe1eaeee7, L:/0:0:0:0:0:0:0:0:45643] UNREGISTERED
2023-03-09 15:00:53,829 [0ee7bec8-2182-4b4a-933d-6a3bad615c17@group-99B86DAED154-SegmentedRaftLogWorker] INFO  segmented.SegmentedRaftLogWorker (SegmentedRaftLogWorker.java:run(347)) - 0ee7bec8-2182-4b4a-933d-6a3bad615c17@group-99B86DAED154-SegmentedRaftLogWorker was interrupted, exiting. There are 0 tasks remaining in the queue.
2023-03-09 15:00:53,829 [0ee7bec8-2182-4b4a-933d-6a3bad615c17-impl-thread3] INFO  segmented.SegmentedRaftLogWorker (SegmentedRaftLogWorker.java:close(257)) - 0ee7bec8-2182-4b4a-933d-6a3bad615c17@group-99B86DAED154-SegmentedRaftLogWorker close()
2023-03-09 15:00:53,832 [JvmPauseMonitor27] INFO  util.JvmPauseMonitor (JvmPauseMonitor.java:run(111)) - JvmPauseMonitor-0ee7bec8-2182-4b4a-933d-6a3bad615c17: Stopped
2023-03-09 15:00:54,404 [ForkJoinPool.commonPool-worker-0] INFO  volume.HddsVolume (HddsVolume.java:closeDbStore(362)) - SchemaV3 db is stopped at /home/runner/work/ozone/ozone/hadoop-ozone/integration-test/target/test-dir/MiniOzoneClusterImpl-4e7c95cc-71c1-4f0b-a9e9-e7b04a6f140e/datanode-0/data-0/containers/hdds/4e7c95cc-71c1-4f0b-a9e9-e7b04a6f140e/DS-70a4f0df-5880-476b-9fca-258a54953402/container.db for volume DS-70a4f0df-5880-476b-9fca-258a54953402
2023-03-09 15:00:54,405 [ForkJoinPool.commonPool-worker-0] INFO  utils.BackgroundService (BackgroundService.java:shutdown(141)) - Shutting down service BlockDeletingService
2023-03-09 15:00:54,405 [ForkJoinPool.commonPool-worker-0] INFO  utils.BackgroundService (BackgroundService.java:shutdown(141)) - Shutting down service StaleRecoveringContainerScrubbingService
2023-03-09 15:00:54,407 [ForkJoinPool.commonPool-worker-0] INFO  statemachine.DatanodeStateMachine (DatanodeStateMachine.java:stopDaemon(601)) - Ozone container server stopped.
2023-03-09 15:00:54,425 [ForkJoinPool.commonPool-worker-0] INFO  handler.ContextHandler (ContextHandler.java:doStop(1159)) - Stopped o.e.j.w.WebAppContext@353339ef{hddsDatanode,/,null,STOPPED}{jar:file:/home/runner/.m2/repository/org/apache/ozone/hdds-container-service/1.4.0-SNAPSHOT/hdds-container-service-1.4.0-SNAPSHOT.jar!/webapps/hddsDatanode}
2023-03-09 15:00:54,425 [ForkJoinPool.commonPool-worker-0] INFO  server.AbstractConnector (AbstractConnector.java:doStop(383)) - Stopped ServerConnector@63475bfd{HTTP/1.1, (http/1.1)}{0.0.0.0:0}
2023-03-09 15:00:54,425 [ForkJoinPool.commonPool-worker-0] INFO  server.session (HouseKeeper.java:stopScavenging(149)) - node0 Stopped scavenging
2023-03-09 15:00:54,426 [ForkJoinPool.commonPool-worker-0] INFO  handler.ContextHandler (ContextHandler.java:doStop(1159)) - Stopped o.e.j.s.ServletContextHandler@7142c345{static,/static,jar:file:/home/runner/.m2/repository/org/apache/ozone/hdds-container-service/1.4.0-SNAPSHOT/hdds-container-service-1.4.0-SNAPSHOT.jar!/webapps/static,STOPPED}
2023-03-09 15:00:54,427 [ForkJoinPool.commonPool-worker-0] INFO  handler.ContextHandler (ContextHandler.java:doStop(1159)) - Stopped o.e.j.s.ServletContextHandler@4e301f93{logs,/logs,file:///home/runner/work/ozone/ozone/hadoop-ozone/integration-test/target/log,STOPPED}
2023-03-09 15:00:54,816 [EndpointStateMachine task thread for /127.0.0.1:43747 - 0 ] INFO  ipc.Client (Client.java:handleConnectionFailure(1010)) - Retrying connect to server: localhost/127.0.0.1:43747. Already tried 3 time(s); retry policy is RetryUpToMaximumCountWithFixedSleep(maxRetries=15, sleepTime=1000 MILLISECONDS)
2023-03-09 15:00:54,816 [EndpointStateMachine task thread for /127.0.0.1:36681 - 0 ] INFO  ipc.Client (Client.java:handleConnectionFailure(1010)) - Retrying connect to server: localhost/127.0.0.1:36681. Already tried 9 time(s); retry policy is RetryUpToMaximumCountWithFixedSleep(maxRetries=15, sleepTime=1000 MILLISECONDS)
2023-03-09 15:00:55,817 [EndpointStateMachine task thread for /127.0.0.1:43747 - 0 ] INFO  ipc.Client (Client.java:handleConnectionFailure(1010)) - Retrying connect to server: localhost/127.0.0.1:43747. Already tried 4 time(s); retry policy is RetryUpToMaximumCountWithFixedSleep(maxRetries=15, sleepTime=1000 MILLISECONDS)
2023-03-09 15:00:55,817 [EndpointStateMachine task thread for /127.0.0.1:36681 - 0 ] INFO  ipc.Client (Client.java:handleConnectionFailure(1010)) - Retrying connect to server: localhost/127.0.0.1:36681. Already tried 10 time(s); retry policy is RetryUpToMaximumCountWithFixedSleep(maxRetries=15, sleepTime=1000 MILLISECONDS)
2023-03-09 15:00:55,839 [Listener at 127.0.0.1/37077] INFO  volume.HddsVolume (HddsVolume.java:closeDbStore(362)) - SchemaV3 db is stopped at /home/runner/work/ozone/ozone/hadoop-ozone/integration-test/target/test-dir/MiniOzoneClusterImpl-4e7c95cc-71c1-4f0b-a9e9-e7b04a6f140e/datanode-2/data-0/containers/hdds/4e7c95cc-71c1-4f0b-a9e9-e7b04a6f140e/DS-9b841fe0-c438-452c-8f7a-1e3f61640da5/container.db for volume DS-9b841fe0-c438-452c-8f7a-1e3f61640da5
2023-03-09 15:00:55,839 [Listener at 127.0.0.1/37077] INFO  utils.BackgroundService (BackgroundService.java:shutdown(141)) - Shutting down service BlockDeletingService
2023-03-09 15:00:55,840 [Listener at 127.0.0.1/37077] INFO  utils.BackgroundService (BackgroundService.java:shutdown(141)) - Shutting down service StaleRecoveringContainerScrubbingService
2023-03-09 15:00:55,843 [Listener at 127.0.0.1/37077] INFO  statemachine.DatanodeStateMachine (DatanodeStateMachine.java:stopDaemon(601)) - Ozone container server stopped.
2023-03-09 15:00:55,853 [Listener at 127.0.0.1/37077] INFO  handler.ContextHandler (ContextHandler.java:doStop(1159)) - Stopped o.e.j.w.WebAppContext@52aacb14{hddsDatanode,/,null,STOPPED}{jar:file:/home/runner/.m2/repository/org/apache/ozone/hdds-container-service/1.4.0-SNAPSHOT/hdds-container-service-1.4.0-SNAPSHOT.jar!/webapps/hddsDatanode}
2023-03-09 15:00:55,854 [Listener at 127.0.0.1/37077] INFO  server.AbstractConnector (AbstractConnector.java:doStop(383)) - Stopped ServerConnector@41177f1c{HTTP/1.1, (http/1.1)}{0.0.0.0:0}
2023-03-09 15:00:55,854 [Listener at 127.0.0.1/37077] INFO  server.session (HouseKeeper.java:stopScavenging(149)) - node0 Stopped scavenging
2023-03-09 15:00:55,854 [Listener at 127.0.0.1/37077] INFO  handler.ContextHandler (ContextHandler.java:doStop(1159)) - Stopped o.e.j.s.ServletContextHandler@2bd7b278{static,/static,jar:file:/home/runner/.m2/repository/org/apache/ozone/hdds-container-service/1.4.0-SNAPSHOT/hdds-container-service-1.4.0-SNAPSHOT.jar!/webapps/static,STOPPED}
2023-03-09 15:00:55,854 [Listener at 127.0.0.1/37077] INFO  handler.ContextHandler (ContextHandler.java:doStop(1159)) - Stopped o.e.j.s.ServletContextHandler@49a65e3b{logs,/logs,file:///home/runner/work/ozone/ozone/hadoop-ozone/integration-test/target/log,STOPPED}
]]></system-out>
    </rerunFailure>
    <rerunFailure type="java.lang.AssertionError">
      <stackTrace><![CDATA[java.lang.AssertionError
	at org.junit.Assert.fail(Assert.java:87)
	at org.junit.Assert.fail(Assert.java:96)
	at org.apache.hadoop.ozone.om.TestAddRemoveOzoneManager.testBootstrapWithoutConfigUpdate(TestAddRemoveOzoneManager.java:261)
	at sun.reflect.NativeMethodAccessorImpl.invoke0(Native Method)
	at sun.reflect.NativeMethodAccessorImpl.invoke(NativeMethodAccessorImpl.java:62)
	at sun.reflect.DelegatingMethodAccessorImpl.invoke(DelegatingMethodAccessorImpl.java:43)
	at java.lang.reflect.Method.invoke(Method.java:498)
	at org.junit.platform.commons.util.ReflectionUtils.invokeMethod(ReflectionUtils.java:725)
	at org.junit.jupiter.engine.execution.MethodInvocation.proceed(MethodInvocation.java:60)
	at org.junit.jupiter.engine.execution.InvocationInterceptorChain$ValidatingInvocation.proceed(InvocationInterceptorChain.java:131)
	at org.junit.jupiter.engine.extension.TimeoutInvocation.proceed(TimeoutInvocation.java:46)
	at org.junit.jupiter.engine.extension.TimeoutExtension.intercept(TimeoutExtension.java:149)
	at org.junit.jupiter.engine.extension.TimeoutExtension.interceptTestableMethod(TimeoutExtension.java:140)
	at org.junit.jupiter.engine.extension.TimeoutExtension.interceptTestMethod(TimeoutExtension.java:84)
	at org.junit.jupiter.engine.execution.ExecutableInvoker$ReflectiveInterceptorCall.lambda$ofVoidMethod$0(ExecutableInvoker.java:115)
	at org.junit.jupiter.engine.execution.ExecutableInvoker.lambda$invoke$0(ExecutableInvoker.java:105)
	at org.junit.jupiter.engine.execution.InvocationInterceptorChain$InterceptedInvocation.proceed(InvocationInterceptorChain.java:106)
	at org.junit.jupiter.engine.execution.InvocationInterceptorChain.proceed(InvocationInterceptorChain.java:64)
	at org.junit.jupiter.engine.execution.InvocationInterceptorChain.chainAndInvoke(InvocationInterceptorChain.java:45)
	at org.junit.jupiter.engine.execution.InvocationInterceptorChain.invoke(InvocationInterceptorChain.java:37)
	at org.junit.jupiter.engine.execution.ExecutableInvoker.invoke(ExecutableInvoker.java:104)
	at org.junit.jupiter.engine.execution.ExecutableInvoker.invoke(ExecutableInvoker.java:98)
	at org.junit.jupiter.engine.descriptor.TestMethodTestDescriptor.lambda$invokeTestMethod$7(TestMethodTestDescriptor.java:214)
	at org.junit.platform.engine.support.hierarchical.ThrowableCollector.execute(ThrowableCollector.java:73)
	at org.junit.jupiter.engine.descriptor.TestMethodTestDescriptor.invokeTestMethod(TestMethodTestDescriptor.java:210)
	at org.junit.jupiter.engine.descriptor.TestMethodTestDescriptor.execute(TestMethodTestDescriptor.java:135)
	at org.junit.jupiter.engine.descriptor.TestMethodTestDescriptor.execute(TestMethodTestDescriptor.java:66)
	at org.junit.platform.engine.support.hierarchical.NodeTestTask.lambda$executeRecursively$6(NodeTestTask.java:151)
	at org.junit.platform.engine.support.hierarchical.ThrowableCollector.execute(ThrowableCollector.java:73)
	at org.junit.platform.engine.support.hierarchical.NodeTestTask.lambda$executeRecursively$8(NodeTestTask.java:141)
	at org.junit.platform.engine.support.hierarchical.Node.around(Node.java:137)
	at org.junit.platform.engine.support.hierarchical.NodeTestTask.lambda$executeRecursively$9(NodeTestTask.java:139)
	at org.junit.platform.engine.support.hierarchical.ThrowableCollector.execute(ThrowableCollector.java:73)
	at org.junit.platform.engine.support.hierarchical.NodeTestTask.executeRecursively(NodeTestTask.java:138)
	at org.junit.platform.engine.support.hierarchical.NodeTestTask.execute(NodeTestTask.java:95)
	at java.util.ArrayList.forEach(ArrayList.java:1259)
	at org.junit.platform.engine.support.hierarchical.SameThreadHierarchicalTestExecutorService.invokeAll(SameThreadHierarchicalTestExecutorService.java:41)
	at org.junit.platform.engine.support.hierarchical.NodeTestTask.lambda$executeRecursively$6(NodeTestTask.java:155)
	at org.junit.platform.engine.support.hierarchical.ThrowableCollector.execute(ThrowableCollector.java:73)
	at org.junit.platform.engine.support.hierarchical.NodeTestTask.lambda$executeRecursively$8(NodeTestTask.java:141)
	at org.junit.platform.engine.support.hierarchical.Node.around(Node.java:137)
	at org.junit.platform.engine.support.hierarchical.NodeTestTask.lambda$executeRecursively$9(NodeTestTask.java:139)
	at org.junit.platform.engine.support.hierarchical.ThrowableCollector.execute(ThrowableCollector.java:73)
	at org.junit.platform.engine.support.hierarchical.NodeTestTask.executeRecursively(NodeTestTask.java:138)
	at org.junit.platform.engine.support.hierarchical.NodeTestTask.execute(NodeTestTask.java:95)
	at java.util.ArrayList.forEach(ArrayList.java:1259)
	at org.junit.platform.engine.support.hierarchical.SameThreadHierarchicalTestExecutorService.invokeAll(SameThreadHierarchicalTestExecutorService.java:41)
	at org.junit.platform.engine.support.hierarchical.NodeTestTask.lambda$executeRecursively$6(NodeTestTask.java:155)
	at org.junit.platform.engine.support.hierarchical.ThrowableCollector.execute(ThrowableCollector.java:73)
	at org.junit.platform.engine.support.hierarchical.NodeTestTask.lambda$executeRecursively$8(NodeTestTask.java:141)
	at org.junit.platform.engine.support.hierarchical.Node.around(Node.java:137)
	at org.junit.platform.engine.support.hierarchical.NodeTestTask.lambda$executeRecursively$9(NodeTestTask.java:139)
	at org.junit.platform.engine.support.hierarchical.ThrowableCollector.execute(ThrowableCollector.java:73)
	at org.junit.platform.engine.support.hierarchical.NodeTestTask.executeRecursively(NodeTestTask.java:138)
	at org.junit.platform.engine.support.hierarchical.NodeTestTask.execute(NodeTestTask.java:95)
	at org.junit.platform.engine.support.hierarchical.SameThreadHierarchicalTestExecutorService.submit(SameThreadHierarchicalTestExecutorService.java:35)
	at org.junit.platform.engine.support.hierarchical.HierarchicalTestExecutor.execute(HierarchicalTestExecutor.java:57)
	at org.junit.platform.engine.support.hierarchical.HierarchicalTestEngine.execute(HierarchicalTestEngine.java:54)
	at org.junit.platform.launcher.core.EngineExecutionOrchestrator.execute(EngineExecutionOrchestrator.java:107)
	at org.junit.platform.launcher.core.EngineExecutionOrchestrator.execute(EngineExecutionOrchestrator.java:88)
	at org.junit.platform.launcher.core.EngineExecutionOrchestrator.lambda$execute$0(EngineExecutionOrchestrator.java:54)
	at org.junit.platform.launcher.core.EngineExecutionOrchestrator.withInterceptedStreams(EngineExecutionOrchestrator.java:67)
	at org.junit.platform.launcher.core.EngineExecutionOrchestrator.execute(EngineExecutionOrchestrator.java:52)
	at org.junit.platform.launcher.core.DefaultLauncher.execute(DefaultLauncher.java:114)
	at org.junit.platform.launcher.core.DefaultLauncher.execute(DefaultLauncher.java:86)
	at org.junit.platform.launcher.core.DefaultLauncherSession$DelegatingLauncher.execute(DefaultLauncherSession.java:86)
	at org.junit.platform.launcher.core.SessionPerRequestLauncher.execute(SessionPerRequestLauncher.java:53)
	at org.apache.maven.surefire.junitplatform.JUnitPlatformProvider.invokeAllTests(JUnitPlatformProvider.java:165)
	at org.apache.maven.surefire.junitplatform.JUnitPlatformProvider.invoke(JUnitPlatformProvider.java:124)
	at org.apache.maven.surefire.booter.ForkedBooter.runSuitesInProcess(ForkedBooter.java:428)
	at org.apache.maven.surefire.booter.ForkedBooter.execute(ForkedBooter.java:162)
	at org.apache.maven.surefire.booter.ForkedBooter.run(ForkedBooter.java:562)
	at org.apache.maven.surefire.booter.ForkedBooter.main(ForkedBooter.java:548)
]]></stackTrace>
      <system-out><![CDATA[2023-03-09 15:00:55,920 [Listener at 127.0.0.1/37077] WARN  server.ServerUtils (ServerUtils.java:getScmDbDir(148)) - ozone.scm.db.dirs is not configured. We recommend adding this setting. Falling back to ozone.metadata.dirs instead.
2023-03-09 15:00:55,920 [Listener at 127.0.0.1/37077] INFO  ha.SCMHANodeDetails (SCMHANodeDetails.java:loadSCMHAConfig(209)) - ServiceID for StorageContainerManager is scmServiceId
2023-03-09 15:00:55,920 [Listener at 127.0.0.1/37077] INFO  ha.SCMHANodeDetails (SCMHANodeDetails.java:loadSCMHAConfig(220)) - ServiceID for StorageContainerManager is scmServiceId
2023-03-09 15:00:55,921 [Listener at 127.0.0.1/37077] INFO  ha.SCMHANodeDetails (SCMHANodeDetails.java:loadSCMHAConfig(307)) - Found matching SCM address with SCMServiceId: scmServiceId, SCMNodeId: scmNode-1, RPC Address: localhost:45357 and Ratis port: 45357
2023-03-09 15:00:55,921 [Listener at 127.0.0.1/37077] INFO  ha.SCMHANodeDetails (ConfUtils.java:setNodeSpecificConfigs(97)) - Setting configuration key ozone.scm.datanode.address with value of key ozone.scm.datanode.address.scmServiceId.scmNode-1: 127.0.0.1:35467
2023-03-09 15:00:55,921 [Listener at 127.0.0.1/37077] INFO  ha.SCMHANodeDetails (ConfUtils.java:setNodeSpecificConfigs(97)) - Setting configuration key ozone.scm.block.client.address with value of key ozone.scm.block.client.address.scmServiceId.scmNode-1: 127.0.0.1:41909
2023-03-09 15:00:55,921 [Listener at 127.0.0.1/37077] INFO  ha.SCMHANodeDetails (ConfUtils.java:setNodeSpecificConfigs(97)) - Setting configuration key ozone.scm.client.address with value of key ozone.scm.client.address.scmServiceId.scmNode-1: 127.0.0.1:40283
2023-03-09 15:00:55,921 [Listener at 127.0.0.1/37077] INFO  ha.SCMHANodeDetails (ConfUtils.java:setNodeSpecificConfigs(97)) - Setting configuration key ozone.scm.ratis.port with value of key ozone.scm.ratis.port.scmServiceId.scmNode-1: 45357
2023-03-09 15:00:55,921 [Listener at 127.0.0.1/37077] INFO  ha.SCMHANodeDetails (ConfUtils.java:setNodeSpecificConfigs(97)) - Setting configuration key ozone.scm.grpc.port with value of key ozone.scm.grpc.port.scmServiceId.scmNode-1: 44337
2023-03-09 15:00:55,921 [Listener at 127.0.0.1/37077] INFO  ha.SCMHANodeDetails (ConfUtils.java:setNodeSpecificConfigs(97)) - Setting configuration key ozone.scm.http-address with value of key ozone.scm.http-address.scmServiceId.scmNode-1: 127.0.0.1:38215
2023-03-09 15:00:55,922 [Listener at 127.0.0.1/37077] INFO  ha.SCMHANodeDetails (ConfUtils.java:setNodeSpecificConfigs(97)) - Setting configuration key ozone.scm.https-address with value of key ozone.scm.https-address.scmServiceId.scmNode-1: 127.0.0.1:45787
2023-03-09 15:00:55,922 [Listener at 127.0.0.1/37077] INFO  ha.SCMHANodeDetails (ConfUtils.java:setNodeSpecificConfigs(97)) - Setting configuration key ozone.scm.address with value of key ozone.scm.address.scmServiceId.scmNode-1: 127.0.0.1
2023-03-09 15:00:55,922 [Listener at 127.0.0.1/37077] WARN  scm.ScmUtils (ScmUtils.java:logWarn(190)) - ConfigKey ozone.scm.block.client.address is deprecated, For configuring different ports for each SCM use PortConfigKey ozone.scm.block.client.port appended with serviceId and nodeId. If want to configure same port configure ozone.scm.block.client.port
2023-03-09 15:00:55,922 [Listener at 127.0.0.1/37077] WARN  scm.ScmUtils (ScmUtils.java:logWarn(190)) - ConfigKey ozone.scm.client.address is deprecated, For configuring different ports for each SCM use PortConfigKey ozone.scm.client.port appended with serviceId and nodeId. If want to configure same port configure ozone.scm.client.port
2023-03-09 15:00:55,922 [Listener at 127.0.0.1/37077] WARN  scm.ScmUtils (ScmUtils.java:logWarn(190)) - ConfigKey ozone.scm.datanode.address is deprecated, For configuring different ports for each SCM use PortConfigKey ozone.scm.datanode.port appended with serviceId and nodeId. If want to configure same port configure ozone.scm.datanode.port
2023-03-09 15:00:55,926 [Listener at 127.0.0.1/37077] INFO  server.RaftServer (ConfUtils.java:logGet(46)) - raft.rpc.type = GRPC (default)
2023-03-09 15:00:55,926 [Listener at 127.0.0.1/37077] INFO  grpc.GrpcConfigKeys (ConfUtils.java:logFallback(53)) - raft.grpc.admin.host = null (fallback to raft.grpc.server.host)
2023-03-09 15:00:55,926 [Listener at 127.0.0.1/37077] INFO  grpc.GrpcConfigKeys (ConfUtils.java:logFallback(53)) - raft.grpc.admin.port = 45357 (fallback to raft.grpc.server.port)
2023-03-09 15:00:55,926 [Listener at 127.0.0.1/37077] INFO  grpc.GrpcConfigKeys (ConfUtils.java:logFallback(53)) - raft.grpc.client.host = null (fallback to raft.grpc.server.host)
2023-03-09 15:00:55,927 [Listener at 127.0.0.1/37077] INFO  grpc.GrpcConfigKeys (ConfUtils.java:logFallback(53)) - raft.grpc.client.port = 45357 (fallback to raft.grpc.server.port)
2023-03-09 15:00:55,927 [Listener at 127.0.0.1/37077] INFO  grpc.GrpcConfigKeys (ConfUtils.java:logGet(46)) - raft.grpc.server.host = null (default)
2023-03-09 15:00:55,927 [Listener at 127.0.0.1/37077] INFO  grpc.GrpcConfigKeys (ConfUtils.java:logGet(46)) - raft.grpc.server.port = 45357 (custom)
2023-03-09 15:00:55,927 [Listener at 127.0.0.1/37077] INFO  server.GrpcService (ConfUtils.java:logGet(46)) - raft.grpc.message.size.max = 32m (=33554432) (custom)
2023-03-09 15:00:55,927 [Listener at 127.0.0.1/37077] INFO  server.RaftServerConfigKeys (ConfUtils.java:logGet(46)) - raft.server.log.appender.buffer.byte-limit = 33554432 (custom)
2023-03-09 15:00:55,927 [Listener at 127.0.0.1/37077] INFO  server.GrpcService (ConfUtils.java:logGet(46)) - raft.grpc.flow.control.window = 1MB (=1048576) (default)
2023-03-09 15:00:55,927 [Listener at 127.0.0.1/37077] INFO  server.RaftServerConfigKeys (ConfUtils.java:logGet(46)) - raft.server.rpc.request.timeout = 30000ms (custom)
2023-03-09 15:00:55,928 [Listener at 127.0.0.1/37077] INFO  grpc.GrpcConfigKeys (ConfUtils.java:logGet(46)) - raft.grpc.server.heartbeat.channel = true (default)
2023-03-09 15:00:55,928 [Listener at 127.0.0.1/37077] INFO  grpc.GrpcConfigKeys (ConfUtils.java:logGet(46)) - raft.grpc.server.async.request.thread.pool.cached = true (default)
2023-03-09 15:00:55,928 [Listener at 127.0.0.1/37077] INFO  grpc.GrpcConfigKeys (ConfUtils.java:logGet(46)) - raft.grpc.server.async.request.thread.pool.size = 32 (default)
2023-03-09 15:00:55,930 [Listener at 127.0.0.1/37077] INFO  impl.DataStreamServerImpl (ConfUtils.java:logGet(46)) - raft.datastream.type = DISABLED (default)
2023-03-09 15:00:55,930 [Listener at 127.0.0.1/37077] INFO  server.RaftServerConfigKeys (ConfUtils.java:logGet(46)) - raft.server.threadpool.proxy.cached = true (default)
2023-03-09 15:00:55,930 [Listener at 127.0.0.1/37077] INFO  server.RaftServerConfigKeys (ConfUtils.java:logGet(46)) - raft.server.threadpool.proxy.size = 0 (default)
2023-03-09 15:00:55,930 [Listener at 127.0.0.1/37077] INFO  server.RaftServerConfigKeys (ConfUtils.java:logGet(46)) - raft.server.rpc.slowness.timeout = 120000ms (custom)
2023-03-09 15:00:55,930 [Listener at 127.0.0.1/37077] INFO  server.RaftServerConfigKeys (ConfUtils.java:logGet(46)) - raft.server.leaderelection.leader.step-down.wait-time = 10s (default)
2023-03-09 15:00:55,931 [Listener at 127.0.0.1/37077] INFO  server.RaftServerConfigKeys (ConfUtils.java:logGet(46)) - raft.server.storage.dir = [/home/runner/work/ozone/ozone/hadoop-ozone/integration-test/target/test-dir/MiniOzoneClusterImpl-254978b8-4a66-4b6a-8773-30bebe5cbf00/scmNode-1/scm-ha] (custom)
2023-03-09 15:00:55,931 [Listener at 127.0.0.1/37077] INFO  server.RaftServer (RaftServerProxy.java:addNew(96)) - ea91eb10-5e27-4c1c-9b22-4ed9c555343a: addNew group-30BEBE5CBF00:[ea91eb10-5e27-4c1c-9b22-4ed9c555343a|rpc:localhost:45357|priority:0|startupRole:FOLLOWER] returns group-30BEBE5CBF00:java.util.concurrent.CompletableFuture@43bad436[Not completed]
2023-03-09 15:00:55,932 [pool-823-thread-1] INFO  server.RaftServer$Division (RaftServerImpl.java:<init>(195)) - ea91eb10-5e27-4c1c-9b22-4ed9c555343a: new RaftServerImpl for group-30BEBE5CBF00:[ea91eb10-5e27-4c1c-9b22-4ed9c555343a|rpc:localhost:45357|priority:0|startupRole:FOLLOWER] with SCMStateMachine:uninitialized
2023-03-09 15:00:55,932 [pool-823-thread-1] INFO  server.RaftServerConfigKeys (ConfUtils.java:logGet(46)) - raft.server.rpc.timeout.min = 5000ms (custom)
2023-03-09 15:00:55,932 [pool-823-thread-1] INFO  server.RaftServerConfigKeys (ConfUtils.java:logGet(46)) - raft.server.rpc.timeout.max = 5200ms (custom)
2023-03-09 15:00:55,932 [pool-823-thread-1] INFO  server.RaftServerConfigKeys (ConfUtils.java:logGet(46)) - raft.server.rpc.sleep.time = 25ms (default)
2023-03-09 15:00:55,932 [pool-823-thread-1] INFO  server.RaftServerConfigKeys (ConfUtils.java:logGet(46)) - raft.server.rpc.slowness.timeout = 120000ms (custom)
2023-03-09 15:00:55,932 [pool-823-thread-1] INFO  server.RaftServerConfigKeys (ConfUtils.java:logGet(46)) - raft.server.leaderelection.leader.step-down.wait-time = 10s (default)
2023-03-09 15:00:55,932 [pool-823-thread-1] INFO  server.RaftServerConfigKeys (ConfUtils.java:logGet(46)) - raft.server.sleep.deviation.threshold = 300ms (default)
2023-03-09 15:00:55,932 [pool-823-thread-1] INFO  server.RaftServer$Division (ServerState.java:<init>(118)) - ea91eb10-5e27-4c1c-9b22-4ed9c555343a@group-30BEBE5CBF00: ConfigurationManager, init=-1: peers:[ea91eb10-5e27-4c1c-9b22-4ed9c555343a|rpc:localhost:45357|priority:0|startupRole:FOLLOWER]|listeners:[], old=null, confs=<EMPTY_MAP>
2023-03-09 15:00:55,932 [pool-823-thread-1] INFO  server.RaftServerConfigKeys (ConfUtils.java:logGet(46)) - raft.server.storage.dir = [/home/runner/work/ozone/ozone/hadoop-ozone/integration-test/target/test-dir/MiniOzoneClusterImpl-254978b8-4a66-4b6a-8773-30bebe5cbf00/scmNode-1/scm-ha] (custom)
2023-03-09 15:00:55,932 [pool-823-thread-1] INFO  server.RaftServerConfigKeys (ConfUtils.java:logGet(46)) - raft.server.log.corruption.policy = EXCEPTION (default)
2023-03-09 15:00:55,932 [pool-823-thread-1] INFO  server.RaftServerConfigKeys (ConfUtils.java:logGet(46)) - raft.server.storage.free-space.min = 0MB (=0) (default)
2023-03-09 15:00:55,932 [pool-823-thread-1] INFO  server.RaftServerConfigKeys (ConfUtils.java:logGet(46)) - raft.server.notification.no-leader.timeout = 60s (default)
2023-03-09 15:00:55,932 [pool-823-thread-1] INFO  server.RaftServerConfigKeys (ConfUtils.java:logGet(46)) - raft.server.retrycache.expirytime = 60000ms (default)
2023-03-09 15:00:55,933 [pool-823-thread-1] INFO  server.RaftServerConfigKeys (ConfUtils.java:logGet(46)) - raft.server.retrycache.statistics.expirytime = 100μs (default)
2023-03-09 15:00:55,933 [pool-823-thread-1] INFO  server.RaftServerConfigKeys (ConfUtils.java:logGet(46)) - raft.server.log.appender.install.snapshot.enabled = false (custom)
2023-03-09 15:00:55,933 [pool-823-thread-1] INFO  server.RaftServerConfigKeys (ConfUtils.java:logGet(46)) - raft.server.threadpool.server.cached = true (default)
2023-03-09 15:00:55,933 [pool-823-thread-1] INFO  server.RaftServerConfigKeys (ConfUtils.java:logGet(46)) - raft.server.threadpool.server.size = 0 (default)
2023-03-09 15:00:55,933 [pool-823-thread-1] INFO  server.RaftServerConfigKeys (ConfUtils.java:logGet(46)) - raft.server.threadpool.client.cached = true (default)
2023-03-09 15:00:55,933 [pool-823-thread-1] INFO  server.RaftServerConfigKeys (ConfUtils.java:logGet(46)) - raft.server.threadpool.client.size = 0 (default)
2023-03-09 15:00:55,933 [ea91eb10-5e27-4c1c-9b22-4ed9c555343a-impl-thread1] INFO  storage.RaftStorageDirectory (RaftStorageDirectoryImpl.java:analyzeStorage(137)) - The storage directory /home/runner/work/ozone/ozone/hadoop-ozone/integration-test/target/test-dir/MiniOzoneClusterImpl-254978b8-4a66-4b6a-8773-30bebe5cbf00/scmNode-1/scm-ha/254978b8-4a66-4b6a-8773-30bebe5cbf00 does not exist. Creating ...
2023-03-09 15:00:55,938 [ea91eb10-5e27-4c1c-9b22-4ed9c555343a-impl-thread1] INFO  storage.RaftStorageDirectory (RaftStorageDirectoryImpl.java:tryLock(231)) - Lock on /home/runner/work/ozone/ozone/hadoop-ozone/integration-test/target/test-dir/MiniOzoneClusterImpl-254978b8-4a66-4b6a-8773-30bebe5cbf00/scmNode-1/scm-ha/254978b8-4a66-4b6a-8773-30bebe5cbf00/in_use.lock acquired by nodename 57158@fv-az377-502
2023-03-09 15:00:55,940 [ea91eb10-5e27-4c1c-9b22-4ed9c555343a-impl-thread1] INFO  storage.RaftStorage (RaftStorageImpl.java:format(96)) - Storage directory /home/runner/work/ozone/ozone/hadoop-ozone/integration-test/target/test-dir/MiniOzoneClusterImpl-254978b8-4a66-4b6a-8773-30bebe5cbf00/scmNode-1/scm-ha/254978b8-4a66-4b6a-8773-30bebe5cbf00 has been successfully formatted.
2023-03-09 15:00:55,940 [ea91eb10-5e27-4c1c-9b22-4ed9c555343a-impl-thread1] INFO  server.RaftServerConfigKeys (ConfUtils.java:logGet(46)) - raft.server.log.use.memory = false (default)
2023-03-09 15:00:55,940 [ea91eb10-5e27-4c1c-9b22-4ed9c555343a-impl-thread1] INFO  server.RaftServerConfigKeys (ConfUtils.java:logGet(46)) - raft.server.log.purge.gap = 1000000 (custom)
2023-03-09 15:00:55,940 [ea91eb10-5e27-4c1c-9b22-4ed9c555343a-impl-thread1] INFO  server.RaftServerConfigKeys (ConfUtils.java:logGet(46)) - raft.server.log.appender.buffer.byte-limit = 33554432 (custom)
2023-03-09 15:00:55,940 [ea91eb10-5e27-4c1c-9b22-4ed9c555343a-impl-thread1] INFO  server.RaftServerConfigKeys (ConfUtils.java:logGet(46)) - raft.server.log.statemachine.data.read.timeout = 1000ms (default)
2023-03-09 15:00:55,940 [ea91eb10-5e27-4c1c-9b22-4ed9c555343a-impl-thread1] INFO  server.RaftServerConfigKeys (ConfUtils.java:logGet(46)) - raft.server.log.purge.preservation.log.num = 0 (default)
2023-03-09 15:00:55,940 [ea91eb10-5e27-4c1c-9b22-4ed9c555343a-impl-thread1] INFO  server.RaftServerConfigKeys (ConfUtils.java:logGet(46)) - raft.server.log.segment.size.max = 4194304 (custom)
2023-03-09 15:00:55,940 [ea91eb10-5e27-4c1c-9b22-4ed9c555343a-impl-thread1] INFO  server.RaftServerConfigKeys (ConfUtils.java:logGet(46)) - raft.server.log.segment.cache.num.max = 2 (custom)
2023-03-09 15:00:55,941 [ea91eb10-5e27-4c1c-9b22-4ed9c555343a-impl-thread1] INFO  server.RaftServerConfigKeys (ConfUtils.java:logGet(46)) - raft.server.log.segment.cache.size.max = 200MB (=209715200) (default)
2023-03-09 15:00:55,941 [ea91eb10-5e27-4c1c-9b22-4ed9c555343a-impl-thread1] INFO  segmented.SegmentedRaftLogWorker (SegmentedRaftLogWorker.java:<init>(189)) - new ea91eb10-5e27-4c1c-9b22-4ed9c555343a@group-30BEBE5CBF00-SegmentedRaftLogWorker for RaftStorageImpl:Storage Directory /home/runner/work/ozone/ozone/hadoop-ozone/integration-test/target/test-dir/MiniOzoneClusterImpl-254978b8-4a66-4b6a-8773-30bebe5cbf00/scmNode-1/scm-ha/254978b8-4a66-4b6a-8773-30bebe5cbf00
2023-03-09 15:00:55,941 [ea91eb10-5e27-4c1c-9b22-4ed9c555343a-impl-thread1] INFO  server.RaftServerConfigKeys (ConfUtils.java:logGet(46)) - raft.server.log.queue.byte-limit = 64MB (=67108864) (default)
2023-03-09 15:00:55,941 [ea91eb10-5e27-4c1c-9b22-4ed9c555343a-impl-thread1] INFO  server.RaftServerConfigKeys (ConfUtils.java:logGet(46)) - raft.server.log.queue.element-limit = 4096 (default)
2023-03-09 15:00:55,941 [ea91eb10-5e27-4c1c-9b22-4ed9c555343a-impl-thread1] INFO  server.RaftServerConfigKeys (ConfUtils.java:logGet(46)) - raft.server.log.segment.size.max = 4194304 (custom)
2023-03-09 15:00:55,941 [ea91eb10-5e27-4c1c-9b22-4ed9c555343a-impl-thread1] INFO  server.RaftServerConfigKeys (ConfUtils.java:logGet(46)) - raft.server.log.preallocated.size = 4194304 (custom)
2023-03-09 15:00:55,941 [ea91eb10-5e27-4c1c-9b22-4ed9c555343a-impl-thread1] INFO  server.RaftServerConfigKeys (ConfUtils.java:logGet(46)) - raft.server.log.force.sync.num = 128 (default)
2023-03-09 15:00:55,941 [ea91eb10-5e27-4c1c-9b22-4ed9c555343a-impl-thread1] INFO  server.RaftServerConfigKeys (ConfUtils.java:logGet(46)) - raft.server.log.statemachine.data.sync = true (default)
2023-03-09 15:00:55,941 [ea91eb10-5e27-4c1c-9b22-4ed9c555343a-impl-thread1] INFO  server.RaftServerConfigKeys (ConfUtils.java:logGet(46)) - raft.server.log.statemachine.data.sync.timeout = 10s (default)
2023-03-09 15:00:55,941 [ea91eb10-5e27-4c1c-9b22-4ed9c555343a-impl-thread1] INFO  server.RaftServerConfigKeys (ConfUtils.java:logGet(46)) - raft.server.log.statemachine.data.sync.timeout.retry = -1 (default)
2023-03-09 15:00:55,941 [ea91eb10-5e27-4c1c-9b22-4ed9c555343a-impl-thread1] INFO  server.RaftServerConfigKeys (ConfUtils.java:logGet(46)) - raft.server.log.write.buffer.size = 64KB (=65536) (default)
2023-03-09 15:00:55,941 [ea91eb10-5e27-4c1c-9b22-4ed9c555343a-impl-thread1] INFO  server.RaftServerConfigKeys (ConfUtils.java:logGet(46)) - raft.server.log.appender.buffer.byte-limit = 33554432 (custom)
2023-03-09 15:00:55,948 [ea91eb10-5e27-4c1c-9b22-4ed9c555343a-impl-thread1] INFO  server.RaftServerConfigKeys (ConfUtils.java:logGet(46)) - raft.server.log.unsafe-flush.enabled = false (default)
2023-03-09 15:00:55,948 [ea91eb10-5e27-4c1c-9b22-4ed9c555343a-impl-thread1] INFO  server.RaftServerConfigKeys (ConfUtils.java:logGet(46)) - raft.server.log.async-flush.enabled = false (default)
2023-03-09 15:00:55,948 [ea91eb10-5e27-4c1c-9b22-4ed9c555343a-impl-thread1] INFO  server.RaftServerConfigKeys (ConfUtils.java:logGet(46)) - raft.server.log.statemachine.data.caching.enabled = false (default)
2023-03-09 15:00:55,948 [ea91eb10-5e27-4c1c-9b22-4ed9c555343a-impl-thread1] INFO  segmented.SegmentedRaftLogWorker (SegmentedRaftLogWorker.java:lambda$new$0(135)) - ea91eb10-5e27-4c1c-9b22-4ed9c555343a@group-30BEBE5CBF00-SegmentedRaftLogWorker: flushIndex: setUnconditionally 0 -> -1
2023-03-09 15:00:55,948 [ea91eb10-5e27-4c1c-9b22-4ed9c555343a-impl-thread1] INFO  segmented.SegmentedRaftLogWorker (SegmentedRaftLogWorker.java:lambda$new$0(135)) - ea91eb10-5e27-4c1c-9b22-4ed9c555343a@group-30BEBE5CBF00-SegmentedRaftLogWorker: safeCacheEvictIndex: setUnconditionally 0 -> -1
2023-03-09 15:00:55,949 [ea91eb10-5e27-4c1c-9b22-4ed9c555343a-impl-thread1] INFO  server.RaftServer$Division (RaftServerImpl.java:start(334)) - ea91eb10-5e27-4c1c-9b22-4ed9c555343a@group-30BEBE5CBF00: start as a follower, conf=-1: peers:[ea91eb10-5e27-4c1c-9b22-4ed9c555343a|rpc:localhost:45357|priority:0|startupRole:FOLLOWER]|listeners:[], old=null
2023-03-09 15:00:55,949 [ea91eb10-5e27-4c1c-9b22-4ed9c555343a-impl-thread1] INFO  server.RaftServer$Division (RaftServerImpl.java:setRole(321)) - ea91eb10-5e27-4c1c-9b22-4ed9c555343a@group-30BEBE5CBF00: changes role from      null to FOLLOWER at term 0 for startAsFollower
2023-03-09 15:00:55,949 [ea91eb10-5e27-4c1c-9b22-4ed9c555343a-impl-thread1] INFO  impl.RoleInfo (RoleInfo.java:updateAndGet(139)) - ea91eb10-5e27-4c1c-9b22-4ed9c555343a: start ea91eb10-5e27-4c1c-9b22-4ed9c555343a@group-30BEBE5CBF00-FollowerState
2023-03-09 15:00:55,949 [ea91eb10-5e27-4c1c-9b22-4ed9c555343a-impl-thread1] INFO  util.JmxRegister (JmxRegister.java:tryRegister(44)) - Successfully registered JMX Bean with object name Ratis:service=RaftServer,group=group-30BEBE5CBF00,id=ea91eb10-5e27-4c1c-9b22-4ed9c555343a
2023-03-09 15:00:55,949 [ea91eb10-5e27-4c1c-9b22-4ed9c555343a@group-30BEBE5CBF00-FollowerState] INFO  server.RaftServerConfigKeys (ConfUtils.java:logFallback(53)) - raft.server.rpc.first-election.timeout.min = 5000ms (fallback to raft.server.rpc.timeout.min)
2023-03-09 15:00:55,949 [ea91eb10-5e27-4c1c-9b22-4ed9c555343a-impl-thread1] INFO  server.RaftServerConfigKeys (ConfUtils.java:logGet(46)) - raft.server.snapshot.auto.trigger.enabled = true (custom)
2023-03-09 15:00:55,949 [ea91eb10-5e27-4c1c-9b22-4ed9c555343a@group-30BEBE5CBF00-FollowerState] INFO  server.RaftServerConfigKeys (ConfUtils.java:logFallback(53)) - raft.server.rpc.first-election.timeout.max = 5200ms (fallback to raft.server.rpc.timeout.max)
2023-03-09 15:00:55,949 [ea91eb10-5e27-4c1c-9b22-4ed9c555343a-impl-thread1] INFO  server.RaftServerConfigKeys (ConfUtils.java:logGet(46)) - raft.server.snapshot.auto.trigger.threshold = 1000 (custom)
2023-03-09 15:00:55,949 [ea91eb10-5e27-4c1c-9b22-4ed9c555343a-impl-thread1] INFO  server.RaftServerConfigKeys (ConfUtils.java:logGet(46)) - raft.server.snapshot.retention.file.num = -1 (default)
2023-03-09 15:00:55,949 [ea91eb10-5e27-4c1c-9b22-4ed9c555343a-impl-thread1] INFO  server.RaftServerConfigKeys (ConfUtils.java:logGet(46)) - raft.server.log.purge.upto.snapshot.index = false (default)
2023-03-09 15:00:55,950 [Listener at 127.0.0.1/37077] INFO  server.RaftServer (RaftServerProxy.java:startImpl(393)) - ea91eb10-5e27-4c1c-9b22-4ed9c555343a: start RPC server
2023-03-09 15:00:55,952 [Listener at 127.0.0.1/37077] INFO  server.GrpcService (GrpcService.java:startImpl(262)) - ea91eb10-5e27-4c1c-9b22-4ed9c555343a: GrpcService started, listening on 45357
2023-03-09 15:00:55,953 [JvmPauseMonitor29] INFO  util.JvmPauseMonitor (JvmPauseMonitor.java:run(105)) - JvmPauseMonitor-ea91eb10-5e27-4c1c-9b22-4ed9c555343a: Started
2023-03-09 15:00:56,818 [EndpointStateMachine task thread for /127.0.0.1:43747 - 0 ] INFO  ipc.Client (Client.java:handleConnectionFailure(1010)) - Retrying connect to server: localhost/127.0.0.1:43747. Already tried 5 time(s); retry policy is RetryUpToMaximumCountWithFixedSleep(maxRetries=15, sleepTime=1000 MILLISECONDS)
2023-03-09 15:00:56,818 [EndpointStateMachine task thread for /127.0.0.1:36681 - 0 ] INFO  ipc.Client (Client.java:handleConnectionFailure(1010)) - Retrying connect to server: localhost/127.0.0.1:36681. Already tried 11 time(s); retry policy is RetryUpToMaximumCountWithFixedSleep(maxRetries=15, sleepTime=1000 MILLISECONDS)
2023-03-09 15:00:57,819 [EndpointStateMachine task thread for /127.0.0.1:43747 - 0 ] INFO  ipc.Client (Client.java:handleConnectionFailure(1010)) - Retrying connect to server: localhost/127.0.0.1:43747. Already tried 6 time(s); retry policy is RetryUpToMaximumCountWithFixedSleep(maxRetries=15, sleepTime=1000 MILLISECONDS)
2023-03-09 15:00:57,819 [EndpointStateMachine task thread for /127.0.0.1:36681 - 0 ] INFO  ipc.Client (Client.java:handleConnectionFailure(1010)) - Retrying connect to server: localhost/127.0.0.1:36681. Already tried 12 time(s); retry policy is RetryUpToMaximumCountWithFixedSleep(maxRetries=15, sleepTime=1000 MILLISECONDS)
2023-03-09 15:00:58,819 [EndpointStateMachine task thread for /127.0.0.1:43747 - 0 ] INFO  ipc.Client (Client.java:handleConnectionFailure(1010)) - Retrying connect to server: localhost/127.0.0.1:43747. Already tried 7 time(s); retry policy is RetryUpToMaximumCountWithFixedSleep(maxRetries=15, sleepTime=1000 MILLISECONDS)
2023-03-09 15:00:58,819 [EndpointStateMachine task thread for /127.0.0.1:36681 - 0 ] INFO  ipc.Client (Client.java:handleConnectionFailure(1010)) - Retrying connect to server: localhost/127.0.0.1:36681. Already tried 13 time(s); retry policy is RetryUpToMaximumCountWithFixedSleep(maxRetries=15, sleepTime=1000 MILLISECONDS)
2023-03-09 15:00:59,820 [EndpointStateMachine task thread for /127.0.0.1:43747 - 0 ] INFO  ipc.Client (Client.java:handleConnectionFailure(1010)) - Retrying connect to server: localhost/127.0.0.1:43747. Already tried 8 time(s); retry policy is RetryUpToMaximumCountWithFixedSleep(maxRetries=15, sleepTime=1000 MILLISECONDS)
2023-03-09 15:00:59,820 [EndpointStateMachine task thread for /127.0.0.1:36681 - 0 ] INFO  ipc.Client (Client.java:handleConnectionFailure(1010)) - Retrying connect to server: localhost/127.0.0.1:36681. Already tried 14 time(s); retry policy is RetryUpToMaximumCountWithFixedSleep(maxRetries=15, sleepTime=1000 MILLISECONDS)
2023-03-09 15:00:59,821 [EndpointStateMachine task thread for /127.0.0.1:36681 - 0 ] WARN  statemachine.EndpointStateMachine (EndpointStateMachine.java:logIfNeeded(242)) - Unable to communicate to SCM server at localhost:36681 for past 0 seconds.
java.net.ConnectException: Call From fv-az377-502/10.1.0.44 to localhost:36681 failed on connection exception: java.net.ConnectException: Connection refused; For more details see:  http://wiki.apache.org/hadoop/ConnectionRefused
	at sun.reflect.NativeConstructorAccessorImpl.newInstance0(Native Method)
	at sun.reflect.NativeConstructorAccessorImpl.newInstance(NativeConstructorAccessorImpl.java:62)
	at sun.reflect.DelegatingConstructorAccessorImpl.newInstance(DelegatingConstructorAccessorImpl.java:45)
	at java.lang.reflect.Constructor.newInstance(Constructor.java:423)
	at org.apache.hadoop.net.NetUtils.wrapWithMessage(NetUtils.java:913)
	at org.apache.hadoop.net.NetUtils.wrapException(NetUtils.java:828)
	at org.apache.hadoop.ipc.Client.getRpcResponse(Client.java:1616)
	at org.apache.hadoop.ipc.Client.call(Client.java:1558)
	at org.apache.hadoop.ipc.Client.call(Client.java:1455)
	at org.apache.hadoop.ipc.ProtobufRpcEngine$Invoker.invoke(ProtobufRpcEngine.java:235)
	at org.apache.hadoop.ipc.ProtobufRpcEngine$Invoker.invoke(ProtobufRpcEngine.java:122)
	at com.sun.proxy.$Proxy54.submitRequest(Unknown Source)
	at org.apache.hadoop.ozone.protocolPB.StorageContainerDatanodeProtocolClientSideTranslatorPB.submitRequest(StorageContainerDatanodeProtocolClientSideTranslatorPB.java:117)
	at org.apache.hadoop.ozone.protocolPB.StorageContainerDatanodeProtocolClientSideTranslatorPB.sendHeartbeat(StorageContainerDatanodeProtocolClientSideTranslatorPB.java:149)
	at org.apache.hadoop.ozone.container.common.states.endpoint.HeartbeatEndpointTask.call(HeartbeatEndpointTask.java:185)
	at org.apache.hadoop.ozone.container.common.states.endpoint.HeartbeatEndpointTask.call(HeartbeatEndpointTask.java:87)
	at java.util.concurrent.FutureTask.run(FutureTask.java:266)
	at java.util.concurrent.ThreadPoolExecutor.runWorker(ThreadPoolExecutor.java:1149)
	at java.util.concurrent.ThreadPoolExecutor$Worker.run(ThreadPoolExecutor.java:624)
	at java.lang.Thread.run(Thread.java:750)
Caused by: java.net.ConnectException: Connection refused
	at sun.nio.ch.SocketChannelImpl.checkConnect(Native Method)
	at sun.nio.ch.SocketChannelImpl.finishConnect(SocketChannelImpl.java:716)
	at org.apache.hadoop.net.SocketIOWithTimeout.connect(SocketIOWithTimeout.java:205)
	at org.apache.hadoop.net.NetUtils.connect(NetUtils.java:586)
	at org.apache.hadoop.ipc.Client$Connection.setupConnection(Client.java:711)
	at org.apache.hadoop.ipc.Client$Connection.setupIOstreams(Client.java:833)
	at org.apache.hadoop.ipc.Client$Connection.access$3800(Client.java:414)
	at org.apache.hadoop.ipc.Client.getConnection(Client.java:1677)
	at org.apache.hadoop.ipc.Client.call(Client.java:1502)
	... 12 more
2023-03-09 15:01:00,821 [EndpointStateMachine task thread for /127.0.0.1:43747 - 0 ] INFO  ipc.Client (Client.java:handleConnectionFailure(1010)) - Retrying connect to server: localhost/127.0.0.1:43747. Already tried 9 time(s); retry policy is RetryUpToMaximumCountWithFixedSleep(maxRetries=15, sleepTime=1000 MILLISECONDS)
2023-03-09 15:01:00,822 [EndpointStateMachine task thread for /127.0.0.1:36681 - 0 ] INFO  ipc.Client (Client.java:handleConnectionFailure(1010)) - Retrying connect to server: localhost/127.0.0.1:36681. Already tried 0 time(s); retry policy is RetryUpToMaximumCountWithFixedSleep(maxRetries=15, sleepTime=1000 MILLISECONDS)
2023-03-09 15:01:01,103 [ea91eb10-5e27-4c1c-9b22-4ed9c555343a@group-30BEBE5CBF00-FollowerState] INFO  impl.FollowerState (FollowerState.java:run(143)) - ea91eb10-5e27-4c1c-9b22-4ed9c555343a@group-30BEBE5CBF00-FollowerState: change to CANDIDATE, lastRpcElapsedTime:5154824527ns, electionTimeout:5154ms
2023-03-09 15:01:01,104 [ea91eb10-5e27-4c1c-9b22-4ed9c555343a@group-30BEBE5CBF00-FollowerState] INFO  impl.RoleInfo (RoleInfo.java:shutdownFollowerState(110)) - ea91eb10-5e27-4c1c-9b22-4ed9c555343a: shutdown ea91eb10-5e27-4c1c-9b22-4ed9c555343a@group-30BEBE5CBF00-FollowerState
2023-03-09 15:01:01,104 [ea91eb10-5e27-4c1c-9b22-4ed9c555343a@group-30BEBE5CBF00-FollowerState] INFO  server.RaftServer$Division (RaftServerImpl.java:setRole(321)) - ea91eb10-5e27-4c1c-9b22-4ed9c555343a@group-30BEBE5CBF00: changes role from  FOLLOWER to CANDIDATE at term 0 for changeToCandidate
2023-03-09 15:01:01,104 [ea91eb10-5e27-4c1c-9b22-4ed9c555343a@group-30BEBE5CBF00-FollowerState] INFO  server.RaftServerConfigKeys (ConfUtils.java:logGet(46)) - raft.server.leaderelection.pre-vote = true (default)
2023-03-09 15:01:01,104 [ea91eb10-5e27-4c1c-9b22-4ed9c555343a@group-30BEBE5CBF00-FollowerState] INFO  impl.RoleInfo (RoleInfo.java:updateAndGet(139)) - ea91eb10-5e27-4c1c-9b22-4ed9c555343a: start ea91eb10-5e27-4c1c-9b22-4ed9c555343a@group-30BEBE5CBF00-LeaderElection43
2023-03-09 15:01:01,107 [ea91eb10-5e27-4c1c-9b22-4ed9c555343a@group-30BEBE5CBF00-LeaderElection43] INFO  impl.LeaderElection (LeaderElection.java:askForVotes(312)) - ea91eb10-5e27-4c1c-9b22-4ed9c555343a@group-30BEBE5CBF00-LeaderElection43 PRE_VOTE round 0: submit vote requests at term 0 for -1: peers:[ea91eb10-5e27-4c1c-9b22-4ed9c555343a|rpc:localhost:45357|priority:0|startupRole:FOLLOWER]|listeners:[], old=null
2023-03-09 15:01:01,107 [ea91eb10-5e27-4c1c-9b22-4ed9c555343a@group-30BEBE5CBF00-LeaderElection43] INFO  impl.LeaderElection (LeaderElection.java:askForVotes(314)) - ea91eb10-5e27-4c1c-9b22-4ed9c555343a@group-30BEBE5CBF00-LeaderElection43 PRE_VOTE round 0: result PASSED (term=0)
2023-03-09 15:01:01,110 [ea91eb10-5e27-4c1c-9b22-4ed9c555343a@group-30BEBE5CBF00-LeaderElection43] INFO  impl.LeaderElection (LeaderElection.java:askForVotes(312)) - ea91eb10-5e27-4c1c-9b22-4ed9c555343a@group-30BEBE5CBF00-LeaderElection43 ELECTION round 0: submit vote requests at term 1 for -1: peers:[ea91eb10-5e27-4c1c-9b22-4ed9c555343a|rpc:localhost:45357|priority:0|startupRole:FOLLOWER]|listeners:[], old=null
2023-03-09 15:01:01,110 [ea91eb10-5e27-4c1c-9b22-4ed9c555343a@group-30BEBE5CBF00-LeaderElection43] INFO  impl.LeaderElection (LeaderElection.java:askForVotes(314)) - ea91eb10-5e27-4c1c-9b22-4ed9c555343a@group-30BEBE5CBF00-LeaderElection43 ELECTION round 0: result PASSED (term=1)
2023-03-09 15:01:01,110 [ea91eb10-5e27-4c1c-9b22-4ed9c555343a@group-30BEBE5CBF00-LeaderElection43] INFO  impl.RoleInfo (RoleInfo.java:shutdownLeaderElection(130)) - ea91eb10-5e27-4c1c-9b22-4ed9c555343a: shutdown ea91eb10-5e27-4c1c-9b22-4ed9c555343a@group-30BEBE5CBF00-LeaderElection43
2023-03-09 15:01:01,110 [ea91eb10-5e27-4c1c-9b22-4ed9c555343a@group-30BEBE5CBF00-LeaderElection43] INFO  server.RaftServer$Division (RaftServerImpl.java:setRole(321)) - ea91eb10-5e27-4c1c-9b22-4ed9c555343a@group-30BEBE5CBF00: changes role from CANDIDATE to LEADER at term 1 for changeToLeader
2023-03-09 15:01:01,110 [ea91eb10-5e27-4c1c-9b22-4ed9c555343a@group-30BEBE5CBF00-LeaderElection43] INFO  server.RaftServer$Division (ServerState.java:setLeader(313)) - ea91eb10-5e27-4c1c-9b22-4ed9c555343a@group-30BEBE5CBF00: change Leader from null to ea91eb10-5e27-4c1c-9b22-4ed9c555343a at term 1 for becomeLeader, leader elected after 5177ms
2023-03-09 15:01:01,110 [ea91eb10-5e27-4c1c-9b22-4ed9c555343a@group-30BEBE5CBF00-LeaderElection43] INFO  server.RaftServerConfigKeys (ConfUtils.java:logGet(46)) - raft.server.staging.catchup.gap = 1000 (default)
2023-03-09 15:01:01,110 [ea91eb10-5e27-4c1c-9b22-4ed9c555343a@group-30BEBE5CBF00-LeaderElection43] INFO  server.RaftServerConfigKeys (ConfUtils.java:logGet(46)) - raft.server.write.element-limit = 4096 (default)
2023-03-09 15:01:01,110 [ea91eb10-5e27-4c1c-9b22-4ed9c555343a@group-30BEBE5CBF00-LeaderElection43] INFO  server.RaftServerConfigKeys (ConfUtils.java:logGet(46)) - raft.server.write.byte-limit = 64MB (=67108864) (default)
2023-03-09 15:01:01,111 [ea91eb10-5e27-4c1c-9b22-4ed9c555343a@group-30BEBE5CBF00-LeaderElection43] INFO  server.RaftServerConfigKeys (ConfUtils.java:logGet(46)) - raft.server.watch.timeout = 10s (default)
2023-03-09 15:01:01,111 [ea91eb10-5e27-4c1c-9b22-4ed9c555343a@group-30BEBE5CBF00-LeaderElection43] INFO  server.RaftServerConfigKeys (ConfUtils.java:logGet(46)) - raft.server.watch.timeout.denomination = 1s (default)
2023-03-09 15:01:01,111 [ea91eb10-5e27-4c1c-9b22-4ed9c555343a@group-30BEBE5CBF00-LeaderElection43] INFO  server.RaftServerConfigKeys (ConfUtils.java:logGet(46)) - raft.server.watch.element-limit = 65536 (default)
2023-03-09 15:01:01,111 [ea91eb10-5e27-4c1c-9b22-4ed9c555343a@group-30BEBE5CBF00-LeaderElection43] INFO  server.RaftServerConfigKeys (ConfUtils.java:logGet(46)) - raft.server.write.element-limit = 4096 (default)
2023-03-09 15:01:01,111 [ea91eb10-5e27-4c1c-9b22-4ed9c555343a@group-30BEBE5CBF00-LeaderElection43] INFO  server.RaftServerConfigKeys (ConfUtils.java:logGet(46)) - raft.server.write.follower.gap.ratio.max = -1.0 (default)
2023-03-09 15:01:01,111 [ea91eb10-5e27-4c1c-9b22-4ed9c555343a@group-30BEBE5CBF00-LeaderElection43] INFO  impl.RoleInfo (RoleInfo.java:updateAndGet(139)) - ea91eb10-5e27-4c1c-9b22-4ed9c555343a: start ea91eb10-5e27-4c1c-9b22-4ed9c555343a@group-30BEBE5CBF00-LeaderStateImpl
2023-03-09 15:01:01,111 [ea91eb10-5e27-4c1c-9b22-4ed9c555343a@group-30BEBE5CBF00-LeaderElection43] INFO  segmented.SegmentedRaftLogWorker (SegmentedRaftLogWorker.java:startLogSegment(452)) - ea91eb10-5e27-4c1c-9b22-4ed9c555343a@group-30BEBE5CBF00-SegmentedRaftLogWorker: Starting segment from index:0
2023-03-09 15:01:01,114 [ea91eb10-5e27-4c1c-9b22-4ed9c555343a@group-30BEBE5CBF00-LeaderElection43] INFO  server.RaftServer$Division (ServerState.java:setRaftConf(430)) - ea91eb10-5e27-4c1c-9b22-4ed9c555343a@group-30BEBE5CBF00: set configuration 0: peers:[ea91eb10-5e27-4c1c-9b22-4ed9c555343a|rpc:localhost:45357|admin:|client:|dataStream:|priority:0|startupRole:FOLLOWER]|listeners:[], old=null
2023-03-09 15:01:01,127 [ea91eb10-5e27-4c1c-9b22-4ed9c555343a@group-30BEBE5CBF00-SegmentedRaftLogWorker] INFO  segmented.SegmentedRaftLogWorker (SegmentedRaftLogWorker.java:execute(656)) - ea91eb10-5e27-4c1c-9b22-4ed9c555343a@group-30BEBE5CBF00-SegmentedRaftLogWorker: created new log segment /home/runner/work/ozone/ozone/hadoop-ozone/integration-test/target/test-dir/MiniOzoneClusterImpl-254978b8-4a66-4b6a-8773-30bebe5cbf00/scmNode-1/scm-ha/254978b8-4a66-4b6a-8773-30bebe5cbf00/current/log_inprogress_0
2023-03-09 15:01:01,822 [EndpointStateMachine task thread for /127.0.0.1:36681 - 0 ] INFO  ipc.Client (Client.java:handleConnectionFailure(1010)) - Retrying connect to server: localhost/127.0.0.1:36681. Already tried 1 time(s); retry policy is RetryUpToMaximumCountWithFixedSleep(maxRetries=15, sleepTime=1000 MILLISECONDS)
2023-03-09 15:01:01,822 [EndpointStateMachine task thread for /127.0.0.1:43747 - 0 ] INFO  ipc.Client (Client.java:handleConnectionFailure(1010)) - Retrying connect to server: localhost/127.0.0.1:43747. Already tried 10 time(s); retry policy is RetryUpToMaximumCountWithFixedSleep(maxRetries=15, sleepTime=1000 MILLISECONDS)
2023-03-09 15:01:01,953 [Listener at 127.0.0.1/37077] INFO  server.RaftServer (RaftServerProxy.java:lambda$close$6(409)) - ea91eb10-5e27-4c1c-9b22-4ed9c555343a: close
2023-03-09 15:01:01,954 [Listener at 127.0.0.1/37077] INFO  server.GrpcService (GrpcService.java:closeImpl(271)) - ea91eb10-5e27-4c1c-9b22-4ed9c555343a: shutdown server GrpcServerProtocolService now
2023-03-09 15:01:01,954 [ea91eb10-5e27-4c1c-9b22-4ed9c555343a-impl-thread1] INFO  server.RaftServer$Division (RaftServerImpl.java:lambda$close$4(458)) - ea91eb10-5e27-4c1c-9b22-4ed9c555343a@group-30BEBE5CBF00: shutdown
2023-03-09 15:01:01,954 [ea91eb10-5e27-4c1c-9b22-4ed9c555343a-impl-thread1] INFO  util.JmxRegister (JmxRegister.java:unregister(73)) - Successfully un-registered JMX Bean with object name Ratis:service=RaftServer,group=group-30BEBE5CBF00,id=ea91eb10-5e27-4c1c-9b22-4ed9c555343a
2023-03-09 15:01:01,954 [ea91eb10-5e27-4c1c-9b22-4ed9c555343a-impl-thread1] INFO  impl.RoleInfo (RoleInfo.java:shutdownLeaderState(93)) - ea91eb10-5e27-4c1c-9b22-4ed9c555343a: shutdown ea91eb10-5e27-4c1c-9b22-4ed9c555343a@group-30BEBE5CBF00-LeaderStateImpl
2023-03-09 15:01:01,954 [ea91eb10-5e27-4c1c-9b22-4ed9c555343a-impl-thread1] INFO  impl.PendingRequests (PendingRequests.java:sendNotLeaderResponses(282)) - ea91eb10-5e27-4c1c-9b22-4ed9c555343a@group-30BEBE5CBF00-PendingRequests: sendNotLeaderResponses
2023-03-09 15:01:01,954 [Listener at 127.0.0.1/37077] INFO  server.GrpcService (GrpcService.java:closeImpl(280)) - ea91eb10-5e27-4c1c-9b22-4ed9c555343a: shutdown server GrpcServerProtocolService successfully
2023-03-09 15:01:01,955 [ea91eb10-5e27-4c1c-9b22-4ed9c555343a-impl-thread1] INFO  impl.StateMachineUpdater (StateMachineUpdater.java:stopAndJoin(153)) - ea91eb10-5e27-4c1c-9b22-4ed9c555343a@group-30BEBE5CBF00-StateMachineUpdater: set stopIndex = 0
2023-03-09 15:01:01,955 [ea91eb10-5e27-4c1c-9b22-4ed9c555343a@group-30BEBE5CBF00-StateMachineUpdater] INFO  impl.StateMachineUpdater (StateMachineUpdater.java:takeSnapshot(287)) - ea91eb10-5e27-4c1c-9b22-4ed9c555343a@group-30BEBE5CBF00-StateMachineUpdater: Took a snapshot at index 0
2023-03-09 15:01:01,955 [ea91eb10-5e27-4c1c-9b22-4ed9c555343a@group-30BEBE5CBF00-StateMachineUpdater] INFO  impl.StateMachineUpdater (StateMachineUpdater.java:lambda$new$0(92)) - ea91eb10-5e27-4c1c-9b22-4ed9c555343a@group-30BEBE5CBF00-StateMachineUpdater: snapshotIndex: updateIncreasingly -1 -> 0
2023-03-09 15:01:01,955 [ea91eb10-5e27-4c1c-9b22-4ed9c555343a-impl-thread1] INFO  server.RaftServer$Division (ServerState.java:close(466)) - ea91eb10-5e27-4c1c-9b22-4ed9c555343a@group-30BEBE5CBF00: closes. applyIndex: 0
2023-03-09 15:01:01,955 [ea91eb10-5e27-4c1c-9b22-4ed9c555343a@group-30BEBE5CBF00-SegmentedRaftLogWorker] INFO  segmented.SegmentedRaftLogWorker (SegmentedRaftLogWorker.java:run(347)) - ea91eb10-5e27-4c1c-9b22-4ed9c555343a@group-30BEBE5CBF00-SegmentedRaftLogWorker was interrupted, exiting. There are 0 tasks remaining in the queue.
2023-03-09 15:01:01,958 [ea91eb10-5e27-4c1c-9b22-4ed9c555343a-impl-thread1] INFO  segmented.SegmentedRaftLogWorker (SegmentedRaftLogWorker.java:close(257)) - ea91eb10-5e27-4c1c-9b22-4ed9c555343a@group-30BEBE5CBF00-SegmentedRaftLogWorker close()
2023-03-09 15:01:01,958 [JvmPauseMonitor29] INFO  util.JvmPauseMonitor (JvmPauseMonitor.java:run(111)) - JvmPauseMonitor-ea91eb10-5e27-4c1c-9b22-4ed9c555343a: Stopped
2023-03-09 15:01:01,958 [Listener at 127.0.0.1/37077] WARN  server.ServerUtils (ServerUtils.java:getScmDbDir(148)) - ozone.scm.db.dirs is not configured. We recommend adding this setting. Falling back to ozone.metadata.dirs instead.
2023-03-09 15:01:01,960 [Listener at 127.0.0.1/37077] INFO  server.StorageContainerManager (StorageContainerManager.java:scmInit(1244)) - SCM initialization succeeded. Current cluster id for sd=/home/runner/work/ozone/ozone/hadoop-ozone/integration-test/target/test-dir/MiniOzoneClusterImpl-254978b8-4a66-4b6a-8773-30bebe5cbf00/scmNode-1/scm; cid=254978b8-4a66-4b6a-8773-30bebe5cbf00; layoutVersion=4; scmId=ea91eb10-5e27-4c1c-9b22-4ed9c555343a
2023-03-09 15:01:01,960 [Listener at 127.0.0.1/37077] WARN  server.ServerUtils (ServerUtils.java:getScmDbDir(148)) - ozone.scm.db.dirs is not configured. We recommend adding this setting. Falling back to ozone.metadata.dirs instead.
2023-03-09 15:01:01,960 [Listener at 127.0.0.1/37077] INFO  ha.SCMHANodeDetails (SCMHANodeDetails.java:loadSCMHAConfig(209)) - ServiceID for StorageContainerManager is scmServiceId
2023-03-09 15:01:01,961 [Listener at 127.0.0.1/37077] INFO  ha.SCMHANodeDetails (SCMHANodeDetails.java:loadSCMHAConfig(220)) - ServiceID for StorageContainerManager is scmServiceId
2023-03-09 15:01:01,961 [Listener at 127.0.0.1/37077] INFO  ha.SCMHANodeDetails (SCMHANodeDetails.java:loadSCMHAConfig(307)) - Found matching SCM address with SCMServiceId: scmServiceId, SCMNodeId: scmNode-1, RPC Address: localhost:45357 and Ratis port: 45357
2023-03-09 15:01:01,961 [Listener at 127.0.0.1/37077] INFO  ha.SCMHANodeDetails (ConfUtils.java:setNodeSpecificConfigs(97)) - Setting configuration key ozone.scm.datanode.address with value of key ozone.scm.datanode.address.scmServiceId.scmNode-1: 127.0.0.1:35467
2023-03-09 15:01:01,961 [Listener at 127.0.0.1/37077] INFO  ha.SCMHANodeDetails (ConfUtils.java:setNodeSpecificConfigs(97)) - Setting configuration key ozone.scm.block.client.address with value of key ozone.scm.block.client.address.scmServiceId.scmNode-1: 127.0.0.1:41909
2023-03-09 15:01:01,961 [Listener at 127.0.0.1/37077] INFO  ha.SCMHANodeDetails (ConfUtils.java:setNodeSpecificConfigs(97)) - Setting configuration key ozone.scm.client.address with value of key ozone.scm.client.address.scmServiceId.scmNode-1: 127.0.0.1:40283
2023-03-09 15:01:01,961 [Listener at 127.0.0.1/37077] INFO  ha.SCMHANodeDetails (ConfUtils.java:setNodeSpecificConfigs(97)) - Setting configuration key ozone.scm.ratis.port with value of key ozone.scm.ratis.port.scmServiceId.scmNode-1: 45357
2023-03-09 15:01:01,961 [Listener at 127.0.0.1/37077] INFO  ha.SCMHANodeDetails (ConfUtils.java:setNodeSpecificConfigs(97)) - Setting configuration key ozone.scm.grpc.port with value of key ozone.scm.grpc.port.scmServiceId.scmNode-1: 44337
2023-03-09 15:01:01,962 [Listener at 127.0.0.1/37077] INFO  ha.SCMHANodeDetails (ConfUtils.java:setNodeSpecificConfigs(97)) - Setting configuration key ozone.scm.http-address with value of key ozone.scm.http-address.scmServiceId.scmNode-1: 127.0.0.1:38215
2023-03-09 15:01:01,962 [Listener at 127.0.0.1/37077] INFO  ha.SCMHANodeDetails (ConfUtils.java:setNodeSpecificConfigs(97)) - Setting configuration key ozone.scm.https-address with value of key ozone.scm.https-address.scmServiceId.scmNode-1: 127.0.0.1:45787
2023-03-09 15:01:01,962 [Listener at 127.0.0.1/37077] INFO  ha.SCMHANodeDetails (ConfUtils.java:setNodeSpecificConfigs(97)) - Setting configuration key ozone.scm.address with value of key ozone.scm.address.scmServiceId.scmNode-1: 127.0.0.1
2023-03-09 15:01:01,962 [Listener at 127.0.0.1/37077] WARN  scm.ScmUtils (ScmUtils.java:logWarn(190)) - ConfigKey ozone.scm.block.client.address is deprecated, For configuring different ports for each SCM use PortConfigKey ozone.scm.block.client.port appended with serviceId and nodeId. If want to configure same port configure ozone.scm.block.client.port
2023-03-09 15:01:01,962 [Listener at 127.0.0.1/37077] WARN  scm.ScmUtils (ScmUtils.java:logWarn(190)) - ConfigKey ozone.scm.client.address is deprecated, For configuring different ports for each SCM use PortConfigKey ozone.scm.client.port appended with serviceId and nodeId. If want to configure same port configure ozone.scm.client.port
2023-03-09 15:01:01,962 [Listener at 127.0.0.1/37077] WARN  scm.ScmUtils (ScmUtils.java:logWarn(190)) - ConfigKey ozone.scm.datanode.address is deprecated, For configuring different ports for each SCM use PortConfigKey ozone.scm.datanode.port appended with serviceId and nodeId. If want to configure same port configure ozone.scm.datanode.port
2023-03-09 15:01:01,964 [Listener at 127.0.0.1/37077] WARN  utils.HAUtils (HAUtils.java:getMetaDir(342)) - ozone.scm.db.dirs is not configured. We recommend adding this setting. Falling back to ozone.metadata.dirs instead.
2023-03-09 15:01:01,965 [Listener at 127.0.0.1/37077] WARN  db.DBStoreBuilder (DBStoreBuilder.java:applyDBDefinition(172)) - ozone.scm.db.dirs is not configured. We recommend adding this setting. Falling back to ozone.metadata.dirs instead.
2023-03-09 15:01:02,114 [Listener at 127.0.0.1/37077] INFO  net.NodeSchemaLoader (NodeSchemaLoader.java:loadSchemaFromFile(129)) - Loading schema from [jar:file:/home/runner/.m2/repository/org/apache/ozone/hdds-common/1.4.0-SNAPSHOT/hdds-common-1.4.0-SNAPSHOT.jar!/network-topology-default.xml]
2023-03-09 15:01:02,114 [Listener at 127.0.0.1/37077] INFO  net.NodeSchemaLoader (NodeSchemaLoader.java:loadSchema(176)) - Loading network topology layer schema file
2023-03-09 15:01:02,118 [Listener at 127.0.0.1/37077] INFO  ha.SCMRatisServerImpl (SCMRatisServerImpl.java:<init>(87)) - starting Raft server for scm:ea91eb10-5e27-4c1c-9b22-4ed9c555343a
2023-03-09 15:01:02,119 [Listener at 127.0.0.1/37077] INFO  server.RaftServer (ConfUtils.java:logGet(46)) - raft.rpc.type = GRPC (default)
2023-03-09 15:01:02,119 [Listener at 127.0.0.1/37077] INFO  grpc.GrpcConfigKeys (ConfUtils.java:logFallback(53)) - raft.grpc.admin.host = null (fallback to raft.grpc.server.host)
2023-03-09 15:01:02,120 [Listener at 127.0.0.1/37077] INFO  grpc.GrpcConfigKeys (ConfUtils.java:logFallback(53)) - raft.grpc.admin.port = 45357 (fallback to raft.grpc.server.port)
2023-03-09 15:01:02,120 [Listener at 127.0.0.1/37077] INFO  grpc.GrpcConfigKeys (ConfUtils.java:logFallback(53)) - raft.grpc.client.host = null (fallback to raft.grpc.server.host)
2023-03-09 15:01:02,120 [Listener at 127.0.0.1/37077] INFO  grpc.GrpcConfigKeys (ConfUtils.java:logFallback(53)) - raft.grpc.client.port = 45357 (fallback to raft.grpc.server.port)
2023-03-09 15:01:02,120 [Listener at 127.0.0.1/37077] INFO  grpc.GrpcConfigKeys (ConfUtils.java:logGet(46)) - raft.grpc.server.host = null (default)
2023-03-09 15:01:02,120 [Listener at 127.0.0.1/37077] INFO  grpc.GrpcConfigKeys (ConfUtils.java:logGet(46)) - raft.grpc.server.port = 45357 (custom)
2023-03-09 15:01:02,120 [Listener at 127.0.0.1/37077] INFO  server.GrpcService (ConfUtils.java:logGet(46)) - raft.grpc.message.size.max = 32m (=33554432) (custom)
2023-03-09 15:01:02,120 [Listener at 127.0.0.1/37077] INFO  server.RaftServerConfigKeys (ConfUtils.java:logGet(46)) - raft.server.log.appender.buffer.byte-limit = 33554432 (custom)
2023-03-09 15:01:02,121 [Listener at 127.0.0.1/37077] INFO  server.GrpcService (ConfUtils.java:logGet(46)) - raft.grpc.flow.control.window = 1MB (=1048576) (default)
2023-03-09 15:01:02,121 [Listener at 127.0.0.1/37077] INFO  server.RaftServerConfigKeys (ConfUtils.java:logGet(46)) - raft.server.rpc.request.timeout = 30000ms (custom)
2023-03-09 15:01:02,121 [Listener at 127.0.0.1/37077] INFO  grpc.GrpcConfigKeys (ConfUtils.java:logGet(46)) - raft.grpc.server.heartbeat.channel = true (default)
2023-03-09 15:01:02,121 [Listener at 127.0.0.1/37077] INFO  grpc.GrpcConfigKeys (ConfUtils.java:logGet(46)) - raft.grpc.server.async.request.thread.pool.cached = true (default)
2023-03-09 15:01:02,121 [Listener at 127.0.0.1/37077] INFO  grpc.GrpcConfigKeys (ConfUtils.java:logGet(46)) - raft.grpc.server.async.request.thread.pool.size = 32 (default)
2023-03-09 15:01:02,122 [Listener at 127.0.0.1/37077] INFO  impl.DataStreamServerImpl (ConfUtils.java:logGet(46)) - raft.datastream.type = DISABLED (default)
2023-03-09 15:01:02,122 [Listener at 127.0.0.1/37077] INFO  server.RaftServerConfigKeys (ConfUtils.java:logGet(46)) - raft.server.threadpool.proxy.cached = true (default)
2023-03-09 15:01:02,123 [Listener at 127.0.0.1/37077] INFO  server.RaftServerConfigKeys (ConfUtils.java:logGet(46)) - raft.server.threadpool.proxy.size = 0 (default)
2023-03-09 15:01:02,123 [Listener at 127.0.0.1/37077] INFO  server.RaftServerConfigKeys (ConfUtils.java:logGet(46)) - raft.server.rpc.slowness.timeout = 120000ms (custom)
2023-03-09 15:01:02,123 [Listener at 127.0.0.1/37077] INFO  server.RaftServerConfigKeys (ConfUtils.java:logGet(46)) - raft.server.leaderelection.leader.step-down.wait-time = 10s (default)
2023-03-09 15:01:02,123 [Listener at 127.0.0.1/37077] INFO  server.RaftServerConfigKeys (ConfUtils.java:logGet(46)) - raft.server.storage.dir = [/home/runner/work/ozone/ozone/hadoop-ozone/integration-test/target/test-dir/MiniOzoneClusterImpl-254978b8-4a66-4b6a-8773-30bebe5cbf00/scmNode-1/scm-ha] (custom)
2023-03-09 15:01:02,124 [ea91eb10-5e27-4c1c-9b22-4ed9c555343a-impl-thread1] INFO  server.RaftServer (RaftServerProxy.java:initGroupDir(251)) - ea91eb10-5e27-4c1c-9b22-4ed9c555343a: found a subdirectory /home/runner/work/ozone/ozone/hadoop-ozone/integration-test/target/test-dir/MiniOzoneClusterImpl-254978b8-4a66-4b6a-8773-30bebe5cbf00/scmNode-1/scm-ha/254978b8-4a66-4b6a-8773-30bebe5cbf00
2023-03-09 15:01:02,125 [Listener at 127.0.0.1/37077] INFO  server.RaftServer (RaftServerProxy.java:addNew(96)) - ea91eb10-5e27-4c1c-9b22-4ed9c555343a: addNew group-30BEBE5CBF00:[] returns group-30BEBE5CBF00:java.util.concurrent.CompletableFuture@37990c33[Not completed]
2023-03-09 15:01:02,125 [pool-838-thread-1] INFO  server.RaftServer$Division (RaftServerImpl.java:<init>(195)) - ea91eb10-5e27-4c1c-9b22-4ed9c555343a: new RaftServerImpl for group-30BEBE5CBF00:[] with SCMStateMachine:uninitialized
2023-03-09 15:01:02,125 [pool-838-thread-1] INFO  server.RaftServerConfigKeys (ConfUtils.java:logGet(46)) - raft.server.rpc.timeout.min = 5000ms (custom)
2023-03-09 15:01:02,125 [pool-838-thread-1] INFO  server.RaftServerConfigKeys (ConfUtils.java:logGet(46)) - raft.server.rpc.timeout.max = 5200ms (custom)
2023-03-09 15:01:02,125 [pool-838-thread-1] INFO  server.RaftServerConfigKeys (ConfUtils.java:logGet(46)) - raft.server.rpc.sleep.time = 25ms (default)
2023-03-09 15:01:02,125 [pool-838-thread-1] INFO  server.RaftServerConfigKeys (ConfUtils.java:logGet(46)) - raft.server.rpc.slowness.timeout = 120000ms (custom)
2023-03-09 15:01:02,125 [pool-838-thread-1] INFO  server.RaftServerConfigKeys (ConfUtils.java:logGet(46)) - raft.server.leaderelection.leader.step-down.wait-time = 10s (default)
2023-03-09 15:01:02,125 [pool-838-thread-1] INFO  server.RaftServerConfigKeys (ConfUtils.java:logGet(46)) - raft.server.sleep.deviation.threshold = 300ms (default)
2023-03-09 15:01:02,125 [pool-838-thread-1] INFO  server.RaftServer$Division (ServerState.java:<init>(118)) - ea91eb10-5e27-4c1c-9b22-4ed9c555343a@group-30BEBE5CBF00: ConfigurationManager, init=-1: peers:[]|listeners:[], old=null, confs=<EMPTY_MAP>
2023-03-09 15:01:02,126 [pool-838-thread-1] INFO  server.RaftServerConfigKeys (ConfUtils.java:logGet(46)) - raft.server.storage.dir = [/home/runner/work/ozone/ozone/hadoop-ozone/integration-test/target/test-dir/MiniOzoneClusterImpl-254978b8-4a66-4b6a-8773-30bebe5cbf00/scmNode-1/scm-ha] (custom)
2023-03-09 15:01:02,126 [pool-838-thread-1] INFO  server.RaftServerConfigKeys (ConfUtils.java:logGet(46)) - raft.server.log.corruption.policy = EXCEPTION (default)
2023-03-09 15:01:02,126 [pool-838-thread-1] INFO  server.RaftServerConfigKeys (ConfUtils.java:logGet(46)) - raft.server.storage.free-space.min = 0MB (=0) (default)
2023-03-09 15:01:02,126 [pool-838-thread-1] INFO  server.RaftServerConfigKeys (ConfUtils.java:logGet(46)) - raft.server.notification.no-leader.timeout = 60s (default)
2023-03-09 15:01:02,126 [pool-838-thread-1] INFO  server.RaftServerConfigKeys (ConfUtils.java:logGet(46)) - raft.server.retrycache.expirytime = 60000ms (default)
2023-03-09 15:01:02,126 [pool-838-thread-1] INFO  server.RaftServerConfigKeys (ConfUtils.java:logGet(46)) - raft.server.retrycache.statistics.expirytime = 100μs (default)
2023-03-09 15:01:02,127 [pool-838-thread-1] INFO  server.RaftServerConfigKeys (ConfUtils.java:logGet(46)) - raft.server.log.appender.install.snapshot.enabled = false (custom)
2023-03-09 15:01:02,127 [pool-838-thread-1] INFO  server.RaftServerConfigKeys (ConfUtils.java:logGet(46)) - raft.server.threadpool.server.cached = true (default)
2023-03-09 15:01:02,127 [pool-838-thread-1] INFO  server.RaftServerConfigKeys (ConfUtils.java:logGet(46)) - raft.server.threadpool.server.size = 0 (default)
2023-03-09 15:01:02,127 [pool-838-thread-1] INFO  server.RaftServerConfigKeys (ConfUtils.java:logGet(46)) - raft.server.threadpool.client.cached = true (default)
2023-03-09 15:01:02,127 [pool-838-thread-1] INFO  server.RaftServerConfigKeys (ConfUtils.java:logGet(46)) - raft.server.threadpool.client.size = 0 (default)
2023-03-09 15:01:02,127 [Listener at 127.0.0.1/37077] INFO  ha.SCMSnapshotProvider (SCMSnapshotProvider.java:<init>(66)) - Initializing SCM Snapshot Provider
2023-03-09 15:01:02,127 [Listener at 127.0.0.1/37077] WARN  server.ServerUtils (ServerUtils.java:getDefaultRatisDirectory(237)) - Storage directory for Ratis is not configured. It is a good idea to map this to an SSD disk. Falling back to ozone.metadata.dirs
2023-03-09 15:01:02,127 [Listener at 127.0.0.1/37077] WARN  ha.SCMHAUtils (SCMHAUtils.java:getSCMRatisSnapshotDirectory(153)) - SCM snapshot dir is not configured. Falling back to ozone.metadata.dirs config
2023-03-09 15:01:02,128 [Listener at 127.0.0.1/37077] INFO  upgrade.AbstractLayoutVersionManager (AbstractLayoutVersionManager.java:init(83)) - Initializing Layout version manager with metadata layout = DATANODE_SCHEMA_V3 (version = 4), software layout = DATANODE_SCHEMA_V3 (version = 4)
2023-03-09 15:01:02,178 [Listener at 127.0.0.1/37077] INFO  reflections.Reflections (Reflections.java:scan(232)) - Reflections took 49 ms to scan 7 urls, producing 154 keys and 367 values 
2023-03-09 15:01:02,180 [Listener at 127.0.0.1/37077] INFO  ha.SequenceIdGenerator (SequenceIdGenerator.java:upgradeToSequenceId(349)) - upgrade localId to 111677748019200000
2023-03-09 15:01:02,180 [Listener at 127.0.0.1/37077] INFO  ha.SequenceIdGenerator (SequenceIdGenerator.java:upgradeToSequenceId(359)) - upgrade delTxnId to 0
2023-03-09 15:01:02,180 [Listener at 127.0.0.1/37077] INFO  ha.SequenceIdGenerator (SequenceIdGenerator.java:upgradeToSequenceId(376)) - upgrade containerId to 0
2023-03-09 15:01:02,181 [Listener at 127.0.0.1/37077] INFO  ha.SequenceIdGenerator (SequenceIdGenerator.java:<init>(220)) - Init the HA SequenceIdGenerator.
2023-03-09 15:01:02,181 [Listener at 127.0.0.1/37077] INFO  node.SCMNodeManager (SCMNodeManager.java:<init>(156)) - Entering startup safe mode.
2023-03-09 15:01:02,183 [Listener at 127.0.0.1/37077] INFO  algorithms.ContainerPlacementPolicyFactory (ContainerPlacementPolicyFactory.java:getPolicyInternal(86)) - Create container placement policy of type org.apache.hadoop.hdds.scm.container.placement.algorithms.SCMContainerPlacementRandom
2023-03-09 15:01:02,183 [Listener at 127.0.0.1/37077] INFO  algorithms.ContainerPlacementPolicyFactory (ContainerPlacementPolicyFactory.java:getPolicyInternal(86)) - Create container placement policy of type org.apache.hadoop.hdds.scm.container.placement.algorithms.SCMContainerPlacementRackScatter
2023-03-09 15:01:02,183 [Listener at 127.0.0.1/37077] INFO  pipeline.PipelineStateManagerImpl (PipelineStateManagerImpl.java:initialize(78)) - No pipeline exists in current db
2023-03-09 15:01:02,183 [Listener at 127.0.0.1/37077] INFO  algorithms.LeaderChoosePolicyFactory (LeaderChoosePolicyFactory.java:getPolicy(57)) - Create leader choose policy of type org.apache.hadoop.hdds.scm.pipeline.leader.choose.algorithms.MinLeaderCountChoosePolicy
2023-03-09 15:01:02,184 [Listener at 127.0.0.1/37077] INFO  algorithms.ContainerPlacementPolicyFactory (ContainerPlacementPolicyFactory.java:getPolicyInternal(86)) - Create container placement policy of type org.apache.hadoop.hdds.scm.container.placement.algorithms.SCMContainerPlacementRackScatter
2023-03-09 15:01:02,184 [Listener at 127.0.0.1/37077] INFO  ha.SCMServiceManager (SCMServiceManager.java:register(42)) - Registering service BackgroundPipelineCreator.
2023-03-09 15:01:02,184 [Listener at 127.0.0.1/37077] INFO  pipeline.BackgroundPipelineCreator (BackgroundPipelineCreator.java:start(124)) - Starting RatisPipelineUtilsThread.
2023-03-09 15:01:02,187 [Listener at 127.0.0.1/37077] INFO  BackgroundPipelineScrubber (BackgroundSCMService.java:start(68)) - Starting BackgroundPipelineScrubber Service.
2023-03-09 15:01:02,187 [Listener at 127.0.0.1/37077] INFO  ha.SCMServiceManager (SCMServiceManager.java:register(42)) - Registering service BackgroundPipelineScrubber.
2023-03-09 15:01:02,187 [Listener at 127.0.0.1/37077] INFO  ExpiredContainerReplicaOpScrubber (BackgroundSCMService.java:start(68)) - Starting ExpiredContainerReplicaOpScrubber Service.
2023-03-09 15:01:02,188 [Listener at 127.0.0.1/37077] INFO  ha.SCMServiceManager (SCMServiceManager.java:register(42)) - Registering service ExpiredContainerReplicaOpScrubber.
2023-03-09 15:01:02,189 [Listener at 127.0.0.1/37077] INFO  algorithms.PipelineChoosePolicyFactory (PipelineChoosePolicyFactory.java:createPipelineChoosePolicyFromClass(73)) - Create pipeline choose policy of type org.apache.hadoop.hdds.scm.pipeline.choose.algorithms.RandomPipelineChoosePolicy
2023-03-09 15:01:02,190 [Listener at 127.0.0.1/37077] INFO  ha.SCMServiceManager (SCMServiceManager.java:register(42)) - Registering service SCMBlockDeletingService.
2023-03-09 15:01:02,190 [Listener at 127.0.0.1/37077] INFO  replication.ReplicationManager (ReplicationManager.java:start(267)) - Starting Replication Monitor Thread.
2023-03-09 15:01:02,191 [Listener at 127.0.0.1/37077] INFO  ha.SCMServiceManager (SCMServiceManager.java:register(42)) - Registering service ReplicationManager.
2023-03-09 15:01:02,192 [Listener at 127.0.0.1/37077] INFO  safemode.ContainerSafeModeRule (ContainerSafeModeRule.java:<init>(89)) - containers with one replica threshold count 0
2023-03-09 15:01:02,192 [Listener at 127.0.0.1/37077] INFO  safemode.HealthyPipelineSafeModeRule (HealthyPipelineSafeModeRule.java:initializeRule(169)) - Total pipeline count is 0, healthy pipeline threshold count is 1
2023-03-09 15:01:02,192 [Listener at 127.0.0.1/37077] INFO  safemode.OneReplicaPipelineSafeModeRule (OneReplicaPipelineSafeModeRule.java:initializeRule(180)) - Total pipeline count is 0, pipeline's with at least one datanode reported threshold count is 0
2023-03-09 15:01:02,192 [Listener at 127.0.0.1/37077] INFO  server.StorageContainerManager (StorageContainerManager.java:<init>(392)) - SCM start with adminUsers: [runner]
2023-03-09 15:01:02,193 [Listener at 127.0.0.1/37077] INFO  ipc.CallQueueManager (CallQueueManager.java:<init>(90)) - Using callQueue: class java.util.concurrent.LinkedBlockingQueue, queueCapacity: 10000, scheduler: class org.apache.hadoop.ipc.DefaultRpcScheduler, ipcBackoff: false.
2023-03-09 15:01:02,194 [Socket Reader #1 for port 35467] INFO  ipc.Server (Server.java:run(1273)) - Starting Socket Reader #1 for port 35467
2023-03-09 15:01:02,194 [Listener at 0.0.0.0/35467] INFO  ipc.CallQueueManager (CallQueueManager.java:<init>(90)) - Using callQueue: class java.util.concurrent.LinkedBlockingQueue, queueCapacity: 10000, scheduler: class org.apache.hadoop.ipc.DefaultRpcScheduler, ipcBackoff: false.
2023-03-09 15:01:02,203 [ReplicationMonitor] INFO  replication.ReplicationManager (ReplicationManager.java:processAll(342)) - Replication Manager is not ready to run until 300000ms after safemode exit
2023-03-09 15:01:02,203 [Listener at 0.0.0.0/41909] INFO  ipc.CallQueueManager (CallQueueManager.java:<init>(90)) - Using callQueue: class java.util.concurrent.LinkedBlockingQueue, queueCapacity: 10000, scheduler: class org.apache.hadoop.ipc.DefaultRpcScheduler, ipcBackoff: false.
2023-03-09 15:01:02,204 [Socket Reader #1 for port 40283] INFO  ipc.Server (Server.java:run(1273)) - Starting Socket Reader #1 for port 40283
2023-03-09 15:01:02,208 [Listener at 0.0.0.0/40283] INFO  ha.SCMServiceManager (SCMServiceManager.java:register(42)) - Registering service ContainerBalancer.
2023-03-09 15:01:02,208 [Listener at 0.0.0.0/40283] INFO  server.StorageContainerManager (StorageContainerManager.java:<init>(407)) - 
Container Balancer status:
Key                            Value
Running                        true
Container Balancer Configuration values:
Key                                                Value
Threshold                                          10
Max Datanodes to Involve per Iteration(percent)    20
Max Size to Move per Iteration                     500GB
Max Size Entering Target per Iteration             26GB
Max Size Leaving Source per Iteration              26GB

2023-03-09 15:01:02,208 [Listener at 0.0.0.0/40283] INFO  ha.SCMContext (SCMContext.java:updateSafeModeStatus(228)) - Update SafeModeStatus from SafeModeStatus{safeModeStatus=true, preCheckPassed=false} to SafeModeStatus{safeModeStatus=true, preCheckPassed=false}.
2023-03-09 15:01:02,209 [Listener at 0.0.0.0/40283] INFO  server.StorageContainerManager (StorageContainerManager.java:start(1437)) - StorageContainerLocationProtocol RPC server is listening at /0.0.0.0:40283
2023-03-09 15:01:02,209 [Listener at 0.0.0.0/40283] INFO  ha.SCMRatisServerImpl (SCMRatisServerImpl.java:start(178)) - starting ratis server 0.0.0.0:45357
2023-03-09 15:01:02,209 [Socket Reader #1 for port 41909] INFO  ipc.Server (Server.java:run(1273)) - Starting Socket Reader #1 for port 41909
2023-03-09 15:01:02,212 [ea91eb10-5e27-4c1c-9b22-4ed9c555343a-impl-thread1] INFO  storage.RaftStorageDirectory (RaftStorageDirectoryImpl.java:tryLock(231)) - Lock on /home/runner/work/ozone/ozone/hadoop-ozone/integration-test/target/test-dir/MiniOzoneClusterImpl-254978b8-4a66-4b6a-8773-30bebe5cbf00/scmNode-1/scm-ha/254978b8-4a66-4b6a-8773-30bebe5cbf00/in_use.lock acquired by nodename 57158@fv-az377-502
2023-03-09 15:01:02,212 [ea91eb10-5e27-4c1c-9b22-4ed9c555343a-impl-thread1] INFO  storage.RaftStorage (RaftStorageImpl.java:analyzeAndRecoverStorage(117)) - Read RaftStorageMetadata{term=1, votedFor=ea91eb10-5e27-4c1c-9b22-4ed9c555343a} from /home/runner/work/ozone/ozone/hadoop-ozone/integration-test/target/test-dir/MiniOzoneClusterImpl-254978b8-4a66-4b6a-8773-30bebe5cbf00/scmNode-1/scm-ha/254978b8-4a66-4b6a-8773-30bebe5cbf00/current/raft-meta
2023-03-09 15:01:02,213 [ea91eb10-5e27-4c1c-9b22-4ed9c555343a-impl-thread1] INFO  server.RaftServer$Division (ServerState.java:setRaftConf(430)) - ea91eb10-5e27-4c1c-9b22-4ed9c555343a@group-30BEBE5CBF00: set configuration 0: peers:[ea91eb10-5e27-4c1c-9b22-4ed9c555343a|rpc:localhost:45357|admin:|client:|dataStream:|priority:0|startupRole:FOLLOWER]|listeners:[], old=null
2023-03-09 15:01:02,213 [ea91eb10-5e27-4c1c-9b22-4ed9c555343a-impl-thread1] INFO  server.RaftServerConfigKeys (ConfUtils.java:logGet(46)) - raft.server.log.use.memory = false (default)
2023-03-09 15:01:02,213 [ea91eb10-5e27-4c1c-9b22-4ed9c555343a-impl-thread1] INFO  server.RaftServerConfigKeys (ConfUtils.java:logGet(46)) - raft.server.log.purge.gap = 1000000 (custom)
2023-03-09 15:01:02,213 [ea91eb10-5e27-4c1c-9b22-4ed9c555343a-impl-thread1] INFO  server.RaftServerConfigKeys (ConfUtils.java:logGet(46)) - raft.server.log.appender.buffer.byte-limit = 33554432 (custom)
2023-03-09 15:01:02,213 [ea91eb10-5e27-4c1c-9b22-4ed9c555343a-impl-thread1] INFO  server.RaftServerConfigKeys (ConfUtils.java:logGet(46)) - raft.server.log.statemachine.data.read.timeout = 1000ms (default)
2023-03-09 15:01:02,213 [ea91eb10-5e27-4c1c-9b22-4ed9c555343a-impl-thread1] INFO  server.RaftServerConfigKeys (ConfUtils.java:logGet(46)) - raft.server.log.purge.preservation.log.num = 0 (default)
2023-03-09 15:01:02,213 [ea91eb10-5e27-4c1c-9b22-4ed9c555343a-impl-thread1] INFO  server.RaftServerConfigKeys (ConfUtils.java:logGet(46)) - raft.server.log.segment.size.max = 4194304 (custom)
2023-03-09 15:01:02,213 [ea91eb10-5e27-4c1c-9b22-4ed9c555343a-impl-thread1] INFO  server.RaftServerConfigKeys (ConfUtils.java:logGet(46)) - raft.server.log.segment.cache.num.max = 2 (custom)
2023-03-09 15:01:02,214 [ea91eb10-5e27-4c1c-9b22-4ed9c555343a-impl-thread1] INFO  server.RaftServerConfigKeys (ConfUtils.java:logGet(46)) - raft.server.log.segment.cache.size.max = 200MB (=209715200) (default)
2023-03-09 15:01:02,214 [ea91eb10-5e27-4c1c-9b22-4ed9c555343a-impl-thread1] INFO  segmented.SegmentedRaftLogWorker (SegmentedRaftLogWorker.java:<init>(189)) - new ea91eb10-5e27-4c1c-9b22-4ed9c555343a@group-30BEBE5CBF00-SegmentedRaftLogWorker for RaftStorageImpl:Storage Directory /home/runner/work/ozone/ozone/hadoop-ozone/integration-test/target/test-dir/MiniOzoneClusterImpl-254978b8-4a66-4b6a-8773-30bebe5cbf00/scmNode-1/scm-ha/254978b8-4a66-4b6a-8773-30bebe5cbf00
2023-03-09 15:01:02,214 [ea91eb10-5e27-4c1c-9b22-4ed9c555343a-impl-thread1] INFO  server.RaftServerConfigKeys (ConfUtils.java:logGet(46)) - raft.server.log.queue.byte-limit = 64MB (=67108864) (default)
2023-03-09 15:01:02,214 [ea91eb10-5e27-4c1c-9b22-4ed9c555343a-impl-thread1] INFO  server.RaftServerConfigKeys (ConfUtils.java:logGet(46)) - raft.server.log.queue.element-limit = 4096 (default)
2023-03-09 15:01:02,214 [ea91eb10-5e27-4c1c-9b22-4ed9c555343a-impl-thread1] INFO  server.RaftServerConfigKeys (ConfUtils.java:logGet(46)) - raft.server.log.segment.size.max = 4194304 (custom)
2023-03-09 15:01:02,214 [ea91eb10-5e27-4c1c-9b22-4ed9c555343a-impl-thread1] INFO  server.RaftServerConfigKeys (ConfUtils.java:logGet(46)) - raft.server.log.preallocated.size = 4194304 (custom)
2023-03-09 15:01:02,214 [ea91eb10-5e27-4c1c-9b22-4ed9c555343a-impl-thread1] INFO  server.RaftServerConfigKeys (ConfUtils.java:logGet(46)) - raft.server.log.force.sync.num = 128 (default)
2023-03-09 15:01:02,214 [ea91eb10-5e27-4c1c-9b22-4ed9c555343a-impl-thread1] INFO  server.RaftServerConfigKeys (ConfUtils.java:logGet(46)) - raft.server.log.statemachine.data.sync = true (default)
2023-03-09 15:01:02,214 [ea91eb10-5e27-4c1c-9b22-4ed9c555343a-impl-thread1] INFO  server.RaftServerConfigKeys (ConfUtils.java:logGet(46)) - raft.server.log.statemachine.data.sync.timeout = 10s (default)
2023-03-09 15:01:02,214 [ea91eb10-5e27-4c1c-9b22-4ed9c555343a-impl-thread1] INFO  server.RaftServerConfigKeys (ConfUtils.java:logGet(46)) - raft.server.log.statemachine.data.sync.timeout.retry = -1 (default)
2023-03-09 15:01:02,214 [ea91eb10-5e27-4c1c-9b22-4ed9c555343a-impl-thread1] INFO  server.RaftServerConfigKeys (ConfUtils.java:logGet(46)) - raft.server.log.write.buffer.size = 64KB (=65536) (default)
2023-03-09 15:01:02,214 [ea91eb10-5e27-4c1c-9b22-4ed9c555343a-impl-thread1] INFO  server.RaftServerConfigKeys (ConfUtils.java:logGet(46)) - raft.server.log.appender.buffer.byte-limit = 33554432 (custom)
2023-03-09 15:01:02,223 [ea91eb10-5e27-4c1c-9b22-4ed9c555343a-impl-thread1] INFO  server.RaftServerConfigKeys (ConfUtils.java:logGet(46)) - raft.server.log.unsafe-flush.enabled = false (default)
2023-03-09 15:01:02,223 [ea91eb10-5e27-4c1c-9b22-4ed9c555343a-impl-thread1] INFO  server.RaftServerConfigKeys (ConfUtils.java:logGet(46)) - raft.server.log.async-flush.enabled = false (default)
2023-03-09 15:01:02,223 [ea91eb10-5e27-4c1c-9b22-4ed9c555343a-impl-thread1] INFO  server.RaftServerConfigKeys (ConfUtils.java:logGet(46)) - raft.server.log.statemachine.data.caching.enabled = false (default)
2023-03-09 15:01:02,224 [ea91eb10-5e27-4c1c-9b22-4ed9c555343a-impl-thread1] INFO  server.RaftServer$Division (ServerState.java:setRaftConf(430)) - ea91eb10-5e27-4c1c-9b22-4ed9c555343a@group-30BEBE5CBF00: set configuration 0: peers:[ea91eb10-5e27-4c1c-9b22-4ed9c555343a|rpc:localhost:45357|admin:|client:|dataStream:|priority:0|startupRole:FOLLOWER]|listeners:[], old=null
2023-03-09 15:01:02,224 [ea91eb10-5e27-4c1c-9b22-4ed9c555343a-impl-thread1] INFO  segmented.LogSegment (LogSegment.java:loadSegment(173)) - Successfully read 1 entries from segment file /home/runner/work/ozone/ozone/hadoop-ozone/integration-test/target/test-dir/MiniOzoneClusterImpl-254978b8-4a66-4b6a-8773-30bebe5cbf00/scmNode-1/scm-ha/254978b8-4a66-4b6a-8773-30bebe5cbf00/current/log_inprogress_0
2023-03-09 15:01:02,224 [ea91eb10-5e27-4c1c-9b22-4ed9c555343a-impl-thread1] INFO  segmented.SegmentedRaftLogWorker (SegmentedRaftLogWorker.java:lambda$new$0(135)) - ea91eb10-5e27-4c1c-9b22-4ed9c555343a@group-30BEBE5CBF00-SegmentedRaftLogWorker: flushIndex: setUnconditionally 0 -> 0
2023-03-09 15:01:02,224 [ea91eb10-5e27-4c1c-9b22-4ed9c555343a-impl-thread1] INFO  segmented.SegmentedRaftLogWorker (SegmentedRaftLogWorker.java:lambda$new$0(135)) - ea91eb10-5e27-4c1c-9b22-4ed9c555343a@group-30BEBE5CBF00-SegmentedRaftLogWorker: safeCacheEvictIndex: setUnconditionally 0 -> -1
2023-03-09 15:01:02,224 [ea91eb10-5e27-4c1c-9b22-4ed9c555343a-impl-thread1] INFO  server.RaftServer$Division (RaftServerImpl.java:start(334)) - ea91eb10-5e27-4c1c-9b22-4ed9c555343a@group-30BEBE5CBF00: start as a follower, conf=0: peers:[ea91eb10-5e27-4c1c-9b22-4ed9c555343a|rpc:localhost:45357|admin:|client:|dataStream:|priority:0|startupRole:FOLLOWER]|listeners:[], old=null
2023-03-09 15:01:02,224 [ea91eb10-5e27-4c1c-9b22-4ed9c555343a-impl-thread1] INFO  server.RaftServer$Division (RaftServerImpl.java:setRole(321)) - ea91eb10-5e27-4c1c-9b22-4ed9c555343a@group-30BEBE5CBF00: changes role from      null to FOLLOWER at term 1 for startAsFollower
2023-03-09 15:01:02,224 [ea91eb10-5e27-4c1c-9b22-4ed9c555343a-impl-thread1] INFO  impl.RoleInfo (RoleInfo.java:updateAndGet(139)) - ea91eb10-5e27-4c1c-9b22-4ed9c555343a: start ea91eb10-5e27-4c1c-9b22-4ed9c555343a@group-30BEBE5CBF00-FollowerState
2023-03-09 15:01:02,225 [ea91eb10-5e27-4c1c-9b22-4ed9c555343a-impl-thread1] INFO  util.JmxRegister (JmxRegister.java:tryRegister(44)) - Successfully registered JMX Bean with object name Ratis:service=RaftServer,group=group-30BEBE5CBF00,id=ea91eb10-5e27-4c1c-9b22-4ed9c555343a
2023-03-09 15:01:02,225 [ea91eb10-5e27-4c1c-9b22-4ed9c555343a-impl-thread1] INFO  server.RaftServerConfigKeys (ConfUtils.java:logGet(46)) - raft.server.snapshot.auto.trigger.enabled = true (custom)
2023-03-09 15:01:02,225 [ea91eb10-5e27-4c1c-9b22-4ed9c555343a-impl-thread1] INFO  server.RaftServerConfigKeys (ConfUtils.java:logGet(46)) - raft.server.snapshot.auto.trigger.threshold = 1000 (custom)
2023-03-09 15:01:02,225 [ea91eb10-5e27-4c1c-9b22-4ed9c555343a-impl-thread1] INFO  server.RaftServerConfigKeys (ConfUtils.java:logGet(46)) - raft.server.snapshot.retention.file.num = -1 (default)
2023-03-09 15:01:02,225 [ea91eb10-5e27-4c1c-9b22-4ed9c555343a-impl-thread1] INFO  server.RaftServerConfigKeys (ConfUtils.java:logGet(46)) - raft.server.log.purge.upto.snapshot.index = false (default)
2023-03-09 15:01:02,225 [ea91eb10-5e27-4c1c-9b22-4ed9c555343a@group-30BEBE5CBF00-FollowerState] INFO  server.RaftServerConfigKeys (ConfUtils.java:logFallback(53)) - raft.server.rpc.first-election.timeout.min = 5000ms (fallback to raft.server.rpc.timeout.min)
2023-03-09 15:01:02,225 [ea91eb10-5e27-4c1c-9b22-4ed9c555343a@group-30BEBE5CBF00-FollowerState] INFO  server.RaftServerConfigKeys (ConfUtils.java:logFallback(53)) - raft.server.rpc.first-election.timeout.max = 5200ms (fallback to raft.server.rpc.timeout.max)
2023-03-09 15:01:02,225 [Listener at 0.0.0.0/40283] INFO  server.RaftServer (RaftServerProxy.java:startImpl(393)) - ea91eb10-5e27-4c1c-9b22-4ed9c555343a: start RPC server
2023-03-09 15:01:02,231 [Listener at 0.0.0.0/40283] INFO  server.GrpcService (GrpcService.java:startImpl(262)) - ea91eb10-5e27-4c1c-9b22-4ed9c555343a: GrpcService started, listening on 45357
2023-03-09 15:01:02,232 [Listener at 0.0.0.0/40283] INFO  ha.SCMHAManagerImpl (SCMHAManagerImpl.java:start(121)) -  scm role is FOLLOWER peers [ea91eb10-5e27-4c1c-9b22-4ed9c555343a|rpc:localhost:45357|admin:|client:|dataStream:|priority:0|startupRole:FOLLOWER]
2023-03-09 15:01:02,232 [Listener at 0.0.0.0/40283] INFO  ha.InterSCMGrpcService (InterSCMGrpcProtocolService.java:start(94)) - Starting SCM Grpc Service at port 44337
2023-03-09 15:01:02,232 [JvmPauseMonitor30] INFO  util.JvmPauseMonitor (JvmPauseMonitor.java:run(105)) - JvmPauseMonitor-ea91eb10-5e27-4c1c-9b22-4ed9c555343a: Started
2023-03-09 15:01:02,236 [Listener at 0.0.0.0/40283] WARN  impl.MetricsConfig (MetricsConfig.java:loadFirst(136)) - Cannot locate configuration: tried hadoop-metrics2-storagecontainermanager.properties,hadoop-metrics2.properties
2023-03-09 15:01:02,237 [Listener at 0.0.0.0/40283] INFO  impl.MetricsSystemImpl (MetricsSystemImpl.java:startTimer(378)) - Scheduled Metric snapshot period at 10 second(s).
2023-03-09 15:01:02,237 [Listener at 0.0.0.0/40283] INFO  impl.MetricsSystemImpl (MetricsSystemImpl.java:start(191)) - StorageContainerManager metrics system started
2023-03-09 15:01:02,244 [Listener at 0.0.0.0/40283] INFO  impl.MetricsSinkAdapter (MetricsSinkAdapter.java:start(204)) - Sink prometheus started
2023-03-09 15:01:02,244 [Listener at 0.0.0.0/40283] INFO  impl.MetricsSystemImpl (MetricsSystemImpl.java:registerSink(305)) - Registered sink prometheus
2023-03-09 15:01:02,273 [Listener at 0.0.0.0/40283] INFO  server.SCMClientProtocolServer (SCMClientProtocolServer.java:start(194)) - RPC server for Client  is listening at /0.0.0.0:40283
2023-03-09 15:01:02,274 [IPC Server Responder] INFO  ipc.Server (Server.java:run(1512)) - IPC Server Responder: starting
2023-03-09 15:01:02,274 [IPC Server listener on 40283] INFO  ipc.Server (Server.java:run(1352)) - IPC Server listener on 40283: starting
2023-03-09 15:01:02,292 [Listener at 0.0.0.0/40283] INFO  server.StorageContainerManager (StorageContainerManager.java:start(1451)) - ScmBlockLocationProtocol RPC server is listening at /0.0.0.0:41909
2023-03-09 15:01:02,292 [Listener at 0.0.0.0/40283] INFO  server.SCMBlockProtocolServer (SCMBlockProtocolServer.java:start(152)) - RPC server for Block Protocol is listening at /0.0.0.0:41909
2023-03-09 15:01:02,293 [IPC Server Responder] INFO  ipc.Server (Server.java:run(1512)) - IPC Server Responder: starting
2023-03-09 15:01:02,293 [IPC Server listener on 41909] INFO  ipc.Server (Server.java:run(1352)) - IPC Server listener on 41909: starting
2023-03-09 15:01:02,310 [org.apache.hadoop.util.JvmPauseMonitor$Monitor@73f1d6b7] INFO  util.JvmPauseMonitor (JvmPauseMonitor.java:run(188)) - Starting JVM pause monitor
2023-03-09 15:01:02,311 [Listener at 0.0.0.0/40283] INFO  http.BaseHttpServer (BaseHttpServer.java:newHttpServer2BuilderForOzone(224)) - Starting Web-server for scm at: http://0.0.0.0:38215
2023-03-09 15:01:02,311 [Listener at 0.0.0.0/40283] INFO  http.BaseHttpServer (BaseHttpServer.java:<init>(111)) - Hadoop Security Enabled: false Ozone Security Enabled: false Ozone HTTP Security Enabled: false 
2023-03-09 15:01:02,312 [Listener at 0.0.0.0/40283] WARN  server.AuthenticationFilter (AuthenticationFilter.java:constructSecretProvider(240)) - Unable to initialize FileSignerSecretProvider, falling back to use random secrets. Reason: Could not read signature secret file: /home/runner/hadoop-http-auth-signature-secret
2023-03-09 15:01:02,313 [Listener at 0.0.0.0/40283] WARN  http.HttpRequestLog (HttpRequestLog.java:getRequestLog(103)) - Jetty request log can only be enabled using Log4j
2023-03-09 15:01:02,314 [Listener at 0.0.0.0/40283] INFO  http.HttpServer2 (HttpServer2.java:addGlobalFilter(1031)) - Added global filter 'safety' (class=org.apache.hadoop.hdds.server.http.HttpServer2$QuotingInputFilter)
2023-03-09 15:01:02,315 [Listener at 0.0.0.0/40283] INFO  http.HttpServer2 (HttpServer2.java:addFilter(1007)) - Added filter static_user_filter (class=org.apache.hadoop.http.lib.StaticUserWebFilter$StaticUserFilter) to context scm
2023-03-09 15:01:02,315 [Listener at 0.0.0.0/40283] INFO  http.HttpServer2 (HttpServer2.java:addFilter(1015)) - Added filter static_user_filter (class=org.apache.hadoop.http.lib.StaticUserWebFilter$StaticUserFilter) to context static
2023-03-09 15:01:02,315 [Listener at 0.0.0.0/40283] INFO  http.HttpServer2 (HttpServer2.java:addFilter(1015)) - Added filter static_user_filter (class=org.apache.hadoop.http.lib.StaticUserWebFilter$StaticUserFilter) to context logs
2023-03-09 15:01:02,316 [Listener at 0.0.0.0/40283] INFO  http.BaseHttpServer (BaseHttpServer.java:<init>(190)) - HTTP server of scm uses base directory /home/runner/work/ozone/ozone/hadoop-ozone/integration-test/target/test-dir/MiniOzoneClusterImpl-254978b8-4a66-4b6a-8773-30bebe5cbf00/scmNode-1/webserver
2023-03-09 15:01:02,316 [Listener at 0.0.0.0/40283] INFO  http.HttpServer2 (HttpServer2.java:bindListener(1250)) - Jetty bound to port 38215
2023-03-09 15:01:02,316 [Listener at 0.0.0.0/40283] INFO  server.Server (Server.java:doStart(375)) - jetty-9.4.49.v20220914; built: 2022-09-14T01:07:36.601Z; git: 4231a3b2e4cb8548a412a789936d640a97b1aa0a; jvm 1.8.0_362-b09
2023-03-09 15:01:02,318 [Listener at 0.0.0.0/40283] INFO  server.session (DefaultSessionIdManager.java:doStart(334)) - DefaultSessionIdManager workerName=node0
2023-03-09 15:01:02,318 [Listener at 0.0.0.0/40283] INFO  server.session (DefaultSessionIdManager.java:doStart(339)) - No SessionScavenger set, using defaults
2023-03-09 15:01:02,319 [Listener at 0.0.0.0/40283] INFO  server.session (HouseKeeper.java:startScavenging(132)) - node0 Scavenging every 600000ms
2023-03-09 15:01:02,320 [Listener at 0.0.0.0/40283] INFO  handler.ContextHandler (ContextHandler.java:doStart(921)) - Started o.e.j.s.ServletContextHandler@56c2813e{logs,/logs,file:///home/runner/work/ozone/ozone/hadoop-ozone/integration-test/target/log,AVAILABLE}
2023-03-09 15:01:02,320 [Listener at 0.0.0.0/40283] INFO  handler.ContextHandler (ContextHandler.java:doStart(921)) - Started o.e.j.s.ServletContextHandler@5e6c3555{static,/static,file:///home/runner/work/ozone/ozone/hadoop-ozone/integration-test/target/test-classes/webapps/static,AVAILABLE}
2023-03-09 15:01:02,323 [Listener at 0.0.0.0/40283] INFO  handler.ContextHandler (ContextHandler.java:doStart(921)) - Started o.e.j.w.WebAppContext@43487fd3{scm,/,file:///home/runner/work/ozone/ozone/hadoop-ozone/integration-test/target/test-classes/webapps/scm/,AVAILABLE}{file:/home/runner/work/ozone/ozone/hadoop-ozone/integration-test/target/test-classes/webapps/scm}
2023-03-09 15:01:02,325 [Listener at 0.0.0.0/40283] INFO  server.AbstractConnector (AbstractConnector.java:doStart(333)) - Started ServerConnector@618f3bf1{HTTP/1.1, (http/1.1)}{0.0.0.0:38215}
2023-03-09 15:01:02,325 [Listener at 0.0.0.0/40283] INFO  server.Server (Server.java:doStart(415)) - Started @192978ms
2023-03-09 15:01:02,325 [Listener at 0.0.0.0/40283] WARN  impl.MetricsSystemImpl (MetricsSystemImpl.java:register(279)) - Sink prometheus already exists!
2023-03-09 15:01:02,325 [Listener at 0.0.0.0/40283] INFO  http.BaseHttpServer (BaseHttpServer.java:updateConnectorAddress(344)) - HTTP server of scm listening at http://0.0.0.0:38215
2023-03-09 15:01:02,326 [Listener at 0.0.0.0/40283] INFO  ozone.MiniOzoneHAClusterImpl (MiniOzoneHAClusterImpl.java:createSCMService(606)) - Started SCM RPC server at /0.0.0.0:40283
2023-03-09 15:01:02,327 [Listener at 0.0.0.0/40283] INFO  ha.OMHANodeDetails (OMHANodeDetails.java:loadOMHAConfig(121)) - ServiceID for OzoneManager is om-add-remove
2023-03-09 15:01:02,327 [Listener at 0.0.0.0/40283] INFO  ha.OMHANodeDetails (OMHANodeDetails.java:loadOMHAConfig(201)) - Found matching OM address with OMServiceId: om-add-remove, OMNodeId: omNode-1, RPC Address: localhost:46001 and Ratis port: 43479
2023-03-09 15:01:02,327 [Listener at 0.0.0.0/40283] INFO  ha.OMHANodeDetails (ConfUtils.java:setNodeSpecificConfigs(97)) - Setting configuration key ozone.om.http-address with value of key ozone.om.http-address.om-add-remove.omNode-1: 127.0.0.1:42279
2023-03-09 15:01:02,327 [Listener at 0.0.0.0/40283] INFO  ha.OMHANodeDetails (ConfUtils.java:setNodeSpecificConfigs(97)) - Setting configuration key ozone.om.https-address with value of key ozone.om.https-address.om-add-remove.omNode-1: 127.0.0.1:45699
2023-03-09 15:01:02,328 [Listener at 0.0.0.0/40283] INFO  ha.OMHANodeDetails (ConfUtils.java:setNodeSpecificConfigs(97)) - Setting configuration key ozone.om.address with value of key ozone.om.address.om-add-remove.omNode-1: 127.0.0.1:46001
2023-03-09 15:01:02,328 [Listener at 0.0.0.0/40283] WARN  server.ServerUtils (ServerUtils.java:getDBPath(225)) - ozone.om.db.dirs is not configured. We recommend adding this setting. Falling back to ozone.metadata.dirs instead.
2023-03-09 15:01:02,328 [Listener at 0.0.0.0/40283] INFO  ha.SCMNodeInfo (SCMNodeInfo.java:getPort(197)) - ConfigKey ozone.scm.client.address is deprecated, For configuring different ports for each SCM use PortConfigKey ozone.scm.client.port appended with serviceId and nodeId
2023-03-09 15:01:02,329 [Listener at 0.0.0.0/40283] INFO  ha.SCMNodeInfo (SCMNodeInfo.java:getPort(197)) - ConfigKey ozone.scm.block.client.address is deprecated, For configuring different ports for each SCM use PortConfigKey ozone.scm.block.client.port appended with serviceId and nodeId
2023-03-09 15:01:02,329 [Listener at 0.0.0.0/40283] INFO  ha.SCMNodeInfo (SCMNodeInfo.java:getPort(197)) - ConfigKey ozone.scm.datanode.address is deprecated, For configuring different ports for each SCM use PortConfigKey ozone.scm.datanode.port appended with serviceId and nodeId
2023-03-09 15:01:02,329 [Listener at 0.0.0.0/40283] INFO  proxy.SCMBlockLocationFailoverProxyProvider (SCMBlockLocationFailoverProxyProvider.java:<init>(114)) - Created block location fail-over proxy with 1 nodes: [nodeId=scmNode-1,nodeAddress=/127.0.0.1:41909]
2023-03-09 15:01:02,823 [EndpointStateMachine task thread for /127.0.0.1:43747 - 0 ] INFO  ipc.Client (Client.java:handleConnectionFailure(1010)) - Retrying connect to server: localhost/127.0.0.1:43747. Already tried 11 time(s); retry policy is RetryUpToMaximumCountWithFixedSleep(maxRetries=15, sleepTime=1000 MILLISECONDS)
2023-03-09 15:01:02,823 [EndpointStateMachine task thread for /127.0.0.1:36681 - 0 ] INFO  ipc.Client (Client.java:handleConnectionFailure(1010)) - Retrying connect to server: localhost/127.0.0.1:36681. Already tried 2 time(s); retry policy is RetryUpToMaximumCountWithFixedSleep(maxRetries=15, sleepTime=1000 MILLISECONDS)
2023-03-09 15:01:03,824 [EndpointStateMachine task thread for /127.0.0.1:43747 - 0 ] INFO  ipc.Client (Client.java:handleConnectionFailure(1010)) - Retrying connect to server: localhost/127.0.0.1:43747. Already tried 12 time(s); retry policy is RetryUpToMaximumCountWithFixedSleep(maxRetries=15, sleepTime=1000 MILLISECONDS)
2023-03-09 15:01:03,824 [EndpointStateMachine task thread for /127.0.0.1:36681 - 0 ] INFO  ipc.Client (Client.java:handleConnectionFailure(1010)) - Retrying connect to server: localhost/127.0.0.1:36681. Already tried 3 time(s); retry policy is RetryUpToMaximumCountWithFixedSleep(maxRetries=15, sleepTime=1000 MILLISECONDS)
2023-03-09 15:01:04,349 [Listener at 0.0.0.0/40283] INFO  retry.RetryInvocationHandler (RetryInvocationHandler.java:log(411)) - com.google.protobuf.ServiceException: org.apache.hadoop.ipc.RemoteException(org.apache.hadoop.hdds.ratis.ServerNotLeaderException): Server:ea91eb10-5e27-4c1c-9b22-4ed9c555343a is not the leader. Could not determine the leader node.
	at org.apache.hadoop.hdds.ratis.ServerNotLeaderException.convertToNotLeaderException(ServerNotLeaderException.java:109)
	at org.apache.hadoop.hdds.scm.ha.RatisUtil.checkRatisException(RatisUtil.java:246)
	at org.apache.hadoop.hdds.scm.protocol.ScmBlockLocationProtocolServerSideTranslatorPB.send(ScmBlockLocationProtocolServerSideTranslatorPB.java:109)
	at org.apache.hadoop.hdds.protocol.proto.ScmBlockLocationProtocolProtos$ScmBlockLocationProtocolService$2.callBlockingMethod(ScmBlockLocationProtocolProtos.java:14220)
	at org.apache.hadoop.ipc.ProtobufRpcEngine$Server.processCall(ProtobufRpcEngine.java:465)
	at org.apache.hadoop.ipc.ProtobufRpcEngine2$Server$ProtoBufRpcInvoker.call(ProtobufRpcEngine2.java:578)
	at org.apache.hadoop.ipc.ProtobufRpcEngine2$Server$ProtoBufRpcInvoker.call(ProtobufRpcEngine2.java:556)
	at org.apache.hadoop.ipc.RPC$Server.call(RPC.java:1093)
	at org.apache.hadoop.ipc.Server$RpcCall.run(Server.java:1043)
	at org.apache.hadoop.ipc.Server$RpcCall.run(Server.java:971)
	at java.security.AccessController.doPrivileged(Native Method)
	at javax.security.auth.Subject.doAs(Subject.java:422)
	at org.apache.hadoop.security.UserGroupInformation.doAs(UserGroupInformation.java:1878)
	at org.apache.hadoop.ipc.Server$Handler.run(Server.java:2976)
, while invoking $Proxy46.send over nodeId=scmNode-1,nodeAddress=/127.0.0.1:41909 after 1 failover attempts. Trying to failover after sleeping for 2000ms.
2023-03-09 15:01:04,825 [EndpointStateMachine task thread for /127.0.0.1:43747 - 0 ] INFO  ipc.Client (Client.java:handleConnectionFailure(1010)) - Retrying connect to server: localhost/127.0.0.1:43747. Already tried 13 time(s); retry policy is RetryUpToMaximumCountWithFixedSleep(maxRetries=15, sleepTime=1000 MILLISECONDS)
2023-03-09 15:01:04,826 [EndpointStateMachine task thread for /127.0.0.1:36681 - 0 ] INFO  ipc.Client (Client.java:handleConnectionFailure(1010)) - Retrying connect to server: localhost/127.0.0.1:36681. Already tried 4 time(s); retry policy is RetryUpToMaximumCountWithFixedSleep(maxRetries=15, sleepTime=1000 MILLISECONDS)
2023-03-09 15:01:05,826 [EndpointStateMachine task thread for /127.0.0.1:43747 - 0 ] INFO  ipc.Client (Client.java:handleConnectionFailure(1010)) - Retrying connect to server: localhost/127.0.0.1:43747. Already tried 14 time(s); retry policy is RetryUpToMaximumCountWithFixedSleep(maxRetries=15, sleepTime=1000 MILLISECONDS)
2023-03-09 15:01:05,826 [EndpointStateMachine task thread for /127.0.0.1:36681 - 0 ] INFO  ipc.Client (Client.java:handleConnectionFailure(1010)) - Retrying connect to server: localhost/127.0.0.1:36681. Already tried 5 time(s); retry policy is RetryUpToMaximumCountWithFixedSleep(maxRetries=15, sleepTime=1000 MILLISECONDS)
2023-03-09 15:01:05,827 [EndpointStateMachine task thread for /127.0.0.1:43747 - 0 ] WARN  statemachine.EndpointStateMachine (EndpointStateMachine.java:logIfNeeded(242)) - Unable to communicate to SCM server at localhost:43747 for past 0 seconds.
java.net.ConnectException: Call From fv-az377-502/10.1.0.44 to localhost:43747 failed on connection exception: java.net.ConnectException: Connection refused; For more details see:  http://wiki.apache.org/hadoop/ConnectionRefused
	at sun.reflect.NativeConstructorAccessorImpl.newInstance0(Native Method)
	at sun.reflect.NativeConstructorAccessorImpl.newInstance(NativeConstructorAccessorImpl.java:62)
	at sun.reflect.DelegatingConstructorAccessorImpl.newInstance(DelegatingConstructorAccessorImpl.java:45)
	at java.lang.reflect.Constructor.newInstance(Constructor.java:423)
	at org.apache.hadoop.net.NetUtils.wrapWithMessage(NetUtils.java:913)
	at org.apache.hadoop.net.NetUtils.wrapException(NetUtils.java:828)
	at org.apache.hadoop.ipc.Client.getRpcResponse(Client.java:1616)
	at org.apache.hadoop.ipc.Client.call(Client.java:1558)
	at org.apache.hadoop.ipc.Client.call(Client.java:1455)
	at org.apache.hadoop.ipc.ProtobufRpcEngine$Invoker.invoke(ProtobufRpcEngine.java:235)
	at org.apache.hadoop.ipc.ProtobufRpcEngine$Invoker.invoke(ProtobufRpcEngine.java:122)
	at com.sun.proxy.$Proxy54.submitRequest(Unknown Source)
	at org.apache.hadoop.ozone.protocolPB.StorageContainerDatanodeProtocolClientSideTranslatorPB.submitRequest(StorageContainerDatanodeProtocolClientSideTranslatorPB.java:117)
	at org.apache.hadoop.ozone.protocolPB.StorageContainerDatanodeProtocolClientSideTranslatorPB.sendHeartbeat(StorageContainerDatanodeProtocolClientSideTranslatorPB.java:149)
	at org.apache.hadoop.ozone.container.common.states.endpoint.HeartbeatEndpointTask.call(HeartbeatEndpointTask.java:185)
	at org.apache.hadoop.ozone.container.common.states.endpoint.HeartbeatEndpointTask.call(HeartbeatEndpointTask.java:87)
	at java.util.concurrent.FutureTask.run(FutureTask.java:266)
	at java.util.concurrent.ThreadPoolExecutor.runWorker(ThreadPoolExecutor.java:1149)
	at java.util.concurrent.ThreadPoolExecutor$Worker.run(ThreadPoolExecutor.java:624)
	at java.lang.Thread.run(Thread.java:750)
Caused by: java.net.ConnectException: Connection refused
	at sun.nio.ch.SocketChannelImpl.checkConnect(Native Method)
	at sun.nio.ch.SocketChannelImpl.finishConnect(SocketChannelImpl.java:716)
	at org.apache.hadoop.net.SocketIOWithTimeout.connect(SocketIOWithTimeout.java:205)
	at org.apache.hadoop.net.NetUtils.connect(NetUtils.java:586)
	at org.apache.hadoop.ipc.Client$Connection.setupConnection(Client.java:711)
	at org.apache.hadoop.ipc.Client$Connection.setupIOstreams(Client.java:833)
	at org.apache.hadoop.ipc.Client$Connection.access$3800(Client.java:414)
	at org.apache.hadoop.ipc.Client.getConnection(Client.java:1677)
	at org.apache.hadoop.ipc.Client.call(Client.java:1502)
	... 12 more
2023-03-09 15:01:06,353 [Listener at 0.0.0.0/40283] INFO  retry.RetryInvocationHandler (RetryInvocationHandler.java:log(411)) - com.google.protobuf.ServiceException: org.apache.hadoop.ipc.RemoteException(org.apache.hadoop.hdds.ratis.ServerNotLeaderException): Server:ea91eb10-5e27-4c1c-9b22-4ed9c555343a is not the leader. Could not determine the leader node.
	at org.apache.hadoop.hdds.ratis.ServerNotLeaderException.convertToNotLeaderException(ServerNotLeaderException.java:109)
	at org.apache.hadoop.hdds.scm.ha.RatisUtil.checkRatisException(RatisUtil.java:246)
	at org.apache.hadoop.hdds.scm.protocol.ScmBlockLocationProtocolServerSideTranslatorPB.send(ScmBlockLocationProtocolServerSideTranslatorPB.java:109)
	at org.apache.hadoop.hdds.protocol.proto.ScmBlockLocationProtocolProtos$ScmBlockLocationProtocolService$2.callBlockingMethod(ScmBlockLocationProtocolProtos.java:14220)
	at org.apache.hadoop.ipc.ProtobufRpcEngine$Server.processCall(ProtobufRpcEngine.java:465)
	at org.apache.hadoop.ipc.ProtobufRpcEngine2$Server$ProtoBufRpcInvoker.call(ProtobufRpcEngine2.java:578)
	at org.apache.hadoop.ipc.ProtobufRpcEngine2$Server$ProtoBufRpcInvoker.call(ProtobufRpcEngine2.java:556)
	at org.apache.hadoop.ipc.RPC$Server.call(RPC.java:1093)
	at org.apache.hadoop.ipc.Server$RpcCall.run(Server.java:1043)
	at org.apache.hadoop.ipc.Server$RpcCall.run(Server.java:971)
	at java.security.AccessController.doPrivileged(Native Method)
	at javax.security.auth.Subject.doAs(Subject.java:422)
	at org.apache.hadoop.security.UserGroupInformation.doAs(UserGroupInformation.java:1878)
	at org.apache.hadoop.ipc.Server$Handler.run(Server.java:2976)
, while invoking $Proxy46.send over nodeId=scmNode-1,nodeAddress=/127.0.0.1:41909 after 2 failover attempts. Trying to failover after sleeping for 2000ms.
2023-03-09 15:01:06,827 [EndpointStateMachine task thread for /127.0.0.1:36681 - 0 ] INFO  ipc.Client (Client.java:handleConnectionFailure(1010)) - Retrying connect to server: localhost/127.0.0.1:36681. Already tried 6 time(s); retry policy is RetryUpToMaximumCountWithFixedSleep(maxRetries=15, sleepTime=1000 MILLISECONDS)
2023-03-09 15:01:06,828 [EndpointStateMachine task thread for /127.0.0.1:43747 - 0 ] INFO  ipc.Client (Client.java:handleConnectionFailure(1010)) - Retrying connect to server: localhost/127.0.0.1:43747. Already tried 0 time(s); retry policy is RetryUpToMaximumCountWithFixedSleep(maxRetries=15, sleepTime=1000 MILLISECONDS)
2023-03-09 15:01:07,349 [ea91eb10-5e27-4c1c-9b22-4ed9c555343a@group-30BEBE5CBF00-FollowerState] INFO  impl.FollowerState (FollowerState.java:run(143)) - ea91eb10-5e27-4c1c-9b22-4ed9c555343a@group-30BEBE5CBF00-FollowerState: change to CANDIDATE, lastRpcElapsedTime:5125111582ns, electionTimeout:5124ms
2023-03-09 15:01:07,350 [ea91eb10-5e27-4c1c-9b22-4ed9c555343a@group-30BEBE5CBF00-FollowerState] INFO  impl.RoleInfo (RoleInfo.java:shutdownFollowerState(110)) - ea91eb10-5e27-4c1c-9b22-4ed9c555343a: shutdown ea91eb10-5e27-4c1c-9b22-4ed9c555343a@group-30BEBE5CBF00-FollowerState
2023-03-09 15:01:07,350 [ea91eb10-5e27-4c1c-9b22-4ed9c555343a@group-30BEBE5CBF00-FollowerState] INFO  server.RaftServer$Division (RaftServerImpl.java:setRole(321)) - ea91eb10-5e27-4c1c-9b22-4ed9c555343a@group-30BEBE5CBF00: changes role from  FOLLOWER to CANDIDATE at term 1 for changeToCandidate
2023-03-09 15:01:07,350 [ea91eb10-5e27-4c1c-9b22-4ed9c555343a@group-30BEBE5CBF00-FollowerState] INFO  server.RaftServerConfigKeys (ConfUtils.java:logGet(46)) - raft.server.leaderelection.pre-vote = true (default)
2023-03-09 15:01:07,350 [ea91eb10-5e27-4c1c-9b22-4ed9c555343a@group-30BEBE5CBF00-FollowerState] INFO  impl.RoleInfo (RoleInfo.java:updateAndGet(139)) - ea91eb10-5e27-4c1c-9b22-4ed9c555343a: start ea91eb10-5e27-4c1c-9b22-4ed9c555343a@group-30BEBE5CBF00-LeaderElection44
2023-03-09 15:01:07,354 [ea91eb10-5e27-4c1c-9b22-4ed9c555343a@group-30BEBE5CBF00-LeaderElection44] INFO  impl.LeaderElection (LeaderElection.java:askForVotes(312)) - ea91eb10-5e27-4c1c-9b22-4ed9c555343a@group-30BEBE5CBF00-LeaderElection44 PRE_VOTE round 0: submit vote requests at term 1 for 0: peers:[ea91eb10-5e27-4c1c-9b22-4ed9c555343a|rpc:localhost:45357|admin:|client:|dataStream:|priority:0|startupRole:FOLLOWER]|listeners:[], old=null
2023-03-09 15:01:07,354 [ea91eb10-5e27-4c1c-9b22-4ed9c555343a@group-30BEBE5CBF00-LeaderElection44] INFO  impl.LeaderElection (LeaderElection.java:askForVotes(314)) - ea91eb10-5e27-4c1c-9b22-4ed9c555343a@group-30BEBE5CBF00-LeaderElection44 PRE_VOTE round 0: result PASSED (term=1)
2023-03-09 15:01:07,359 [ea91eb10-5e27-4c1c-9b22-4ed9c555343a@group-30BEBE5CBF00-LeaderElection44] INFO  impl.LeaderElection (LeaderElection.java:askForVotes(312)) - ea91eb10-5e27-4c1c-9b22-4ed9c555343a@group-30BEBE5CBF00-LeaderElection44 ELECTION round 0: submit vote requests at term 2 for 0: peers:[ea91eb10-5e27-4c1c-9b22-4ed9c555343a|rpc:localhost:45357|admin:|client:|dataStream:|priority:0|startupRole:FOLLOWER]|listeners:[], old=null
2023-03-09 15:01:07,359 [ea91eb10-5e27-4c1c-9b22-4ed9c555343a@group-30BEBE5CBF00-LeaderElection44] INFO  impl.LeaderElection (LeaderElection.java:askForVotes(314)) - ea91eb10-5e27-4c1c-9b22-4ed9c555343a@group-30BEBE5CBF00-LeaderElection44 ELECTION round 0: result PASSED (term=2)
2023-03-09 15:01:07,359 [ea91eb10-5e27-4c1c-9b22-4ed9c555343a@group-30BEBE5CBF00-LeaderElection44] INFO  impl.RoleInfo (RoleInfo.java:shutdownLeaderElection(130)) - ea91eb10-5e27-4c1c-9b22-4ed9c555343a: shutdown ea91eb10-5e27-4c1c-9b22-4ed9c555343a@group-30BEBE5CBF00-LeaderElection44
2023-03-09 15:01:07,359 [ea91eb10-5e27-4c1c-9b22-4ed9c555343a@group-30BEBE5CBF00-LeaderElection44] INFO  server.RaftServer$Division (RaftServerImpl.java:setRole(321)) - ea91eb10-5e27-4c1c-9b22-4ed9c555343a@group-30BEBE5CBF00: changes role from CANDIDATE to LEADER at term 2 for changeToLeader
2023-03-09 15:01:07,359 [ea91eb10-5e27-4c1c-9b22-4ed9c555343a@group-30BEBE5CBF00-LeaderElection44] INFO  ha.SCMStateMachine (SCMStateMachine.java:notifyLeaderChanged(274)) - current SCM becomes leader of term 2.
2023-03-09 15:01:07,359 [ea91eb10-5e27-4c1c-9b22-4ed9c555343a@group-30BEBE5CBF00-LeaderElection44] INFO  ha.SCMContext (SCMContext.java:updateLeaderAndTerm(99)) - update <isLeader,term> from <false,0> to <true,2>
2023-03-09 15:01:07,359 [ea91eb10-5e27-4c1c-9b22-4ed9c555343a@group-30BEBE5CBF00-LeaderElection44] INFO  server.RaftServer$Division (ServerState.java:setLeader(313)) - ea91eb10-5e27-4c1c-9b22-4ed9c555343a@group-30BEBE5CBF00: change Leader from null to ea91eb10-5e27-4c1c-9b22-4ed9c555343a at term 2 for becomeLeader, leader elected after 5233ms
2023-03-09 15:01:07,360 [ea91eb10-5e27-4c1c-9b22-4ed9c555343a@group-30BEBE5CBF00-LeaderElection44] INFO  server.RaftServerConfigKeys (ConfUtils.java:logGet(46)) - raft.server.staging.catchup.gap = 1000 (default)
2023-03-09 15:01:07,360 [ea91eb10-5e27-4c1c-9b22-4ed9c555343a@group-30BEBE5CBF00-LeaderElection44] INFO  server.RaftServerConfigKeys (ConfUtils.java:logGet(46)) - raft.server.write.element-limit = 4096 (default)
2023-03-09 15:01:07,360 [ea91eb10-5e27-4c1c-9b22-4ed9c555343a@group-30BEBE5CBF00-LeaderElection44] INFO  server.RaftServerConfigKeys (ConfUtils.java:logGet(46)) - raft.server.write.byte-limit = 64MB (=67108864) (default)
2023-03-09 15:01:07,360 [ea91eb10-5e27-4c1c-9b22-4ed9c555343a@group-30BEBE5CBF00-LeaderElection44] INFO  server.RaftServerConfigKeys (ConfUtils.java:logGet(46)) - raft.server.watch.timeout = 10s (default)
2023-03-09 15:01:07,360 [ea91eb10-5e27-4c1c-9b22-4ed9c555343a@group-30BEBE5CBF00-LeaderElection44] INFO  server.RaftServerConfigKeys (ConfUtils.java:logGet(46)) - raft.server.watch.timeout.denomination = 1s (default)
2023-03-09 15:01:07,360 [ea91eb10-5e27-4c1c-9b22-4ed9c555343a@group-30BEBE5CBF00-LeaderElection44] INFO  server.RaftServerConfigKeys (ConfUtils.java:logGet(46)) - raft.server.watch.element-limit = 65536 (default)
2023-03-09 15:01:07,360 [ea91eb10-5e27-4c1c-9b22-4ed9c555343a@group-30BEBE5CBF00-LeaderElection44] INFO  server.RaftServerConfigKeys (ConfUtils.java:logGet(46)) - raft.server.write.element-limit = 4096 (default)
2023-03-09 15:01:07,360 [ea91eb10-5e27-4c1c-9b22-4ed9c555343a@group-30BEBE5CBF00-LeaderElection44] INFO  server.RaftServerConfigKeys (ConfUtils.java:logGet(46)) - raft.server.write.follower.gap.ratio.max = -1.0 (default)
2023-03-09 15:01:07,360 [ea91eb10-5e27-4c1c-9b22-4ed9c555343a@group-30BEBE5CBF00-LeaderElection44] INFO  impl.RoleInfo (RoleInfo.java:updateAndGet(139)) - ea91eb10-5e27-4c1c-9b22-4ed9c555343a: start ea91eb10-5e27-4c1c-9b22-4ed9c555343a@group-30BEBE5CBF00-LeaderStateImpl
2023-03-09 15:01:07,361 [ea91eb10-5e27-4c1c-9b22-4ed9c555343a@group-30BEBE5CBF00-LeaderElection44] INFO  segmented.SegmentedRaftLogWorker (SegmentedRaftLogWorker.java:rollLogSegment(457)) - ea91eb10-5e27-4c1c-9b22-4ed9c555343a@group-30BEBE5CBF00-SegmentedRaftLogWorker: Rolling segment log-0_0 to index:0
2023-03-09 15:01:07,361 [ea91eb10-5e27-4c1c-9b22-4ed9c555343a@group-30BEBE5CBF00-LeaderElection44] INFO  server.RaftServer$Division (ServerState.java:setRaftConf(430)) - ea91eb10-5e27-4c1c-9b22-4ed9c555343a@group-30BEBE5CBF00: set configuration 1: peers:[ea91eb10-5e27-4c1c-9b22-4ed9c555343a|rpc:localhost:45357|admin:|client:|dataStream:|priority:0|startupRole:FOLLOWER]|listeners:[], old=null
2023-03-09 15:01:07,363 [ea91eb10-5e27-4c1c-9b22-4ed9c555343a@group-30BEBE5CBF00-SegmentedRaftLogWorker] INFO  segmented.SegmentedRaftLogWorker (SegmentedRaftLogWorker.java:execute(613)) - ea91eb10-5e27-4c1c-9b22-4ed9c555343a@group-30BEBE5CBF00-SegmentedRaftLogWorker: Rolled log segment from /home/runner/work/ozone/ozone/hadoop-ozone/integration-test/target/test-dir/MiniOzoneClusterImpl-254978b8-4a66-4b6a-8773-30bebe5cbf00/scmNode-1/scm-ha/254978b8-4a66-4b6a-8773-30bebe5cbf00/current/log_inprogress_0 to /home/runner/work/ozone/ozone/hadoop-ozone/integration-test/target/test-dir/MiniOzoneClusterImpl-254978b8-4a66-4b6a-8773-30bebe5cbf00/scmNode-1/scm-ha/254978b8-4a66-4b6a-8773-30bebe5cbf00/current/log_0-0
2023-03-09 15:01:07,376 [ea91eb10-5e27-4c1c-9b22-4ed9c555343a@group-30BEBE5CBF00-SegmentedRaftLogWorker] INFO  segmented.SegmentedRaftLogWorker (SegmentedRaftLogWorker.java:execute(656)) - ea91eb10-5e27-4c1c-9b22-4ed9c555343a@group-30BEBE5CBF00-SegmentedRaftLogWorker: created new log segment /home/runner/work/ozone/ozone/hadoop-ozone/integration-test/target/test-dir/MiniOzoneClusterImpl-254978b8-4a66-4b6a-8773-30bebe5cbf00/scmNode-1/scm-ha/254978b8-4a66-4b6a-8773-30bebe5cbf00/current/log_inprogress_1
2023-03-09 15:01:07,381 [ea91eb10-5e27-4c1c-9b22-4ed9c555343a@group-30BEBE5CBF00-StateMachineUpdater] INFO  ha.SCMContext (SCMContext.java:setLeaderReady(126)) - update <isLeaderReady> from <false> to <true>
2023-03-09 15:01:07,384 [ea91eb10-5e27-4c1c-9b22-4ed9c555343a@group-30BEBE5CBF00-StateMachineUpdater] INFO  pipeline.BackgroundPipelineCreator (BackgroundPipelineCreator.java:notifyStatusChanged(254)) - Service BackgroundPipelineCreator transitions to RUNNING.
2023-03-09 15:01:07,384 [ea91eb10-5e27-4c1c-9b22-4ed9c555343a@group-30BEBE5CBF00-StateMachineUpdater] INFO  safemode.HealthyPipelineSafeModeRule (HealthyPipelineSafeModeRule.java:initializeRule(165)) - Refreshed total pipeline count is 0, healthy pipeline threshold count is 1
2023-03-09 15:01:07,385 [ea91eb10-5e27-4c1c-9b22-4ed9c555343a@group-30BEBE5CBF00-StateMachineUpdater] INFO  safemode.ContainerSafeModeRule (ContainerSafeModeRule.java:reInitializeRule(177)) - Refreshed one replica container threshold 0, currentThreshold 0
2023-03-09 15:01:07,385 [ea91eb10-5e27-4c1c-9b22-4ed9c555343a@group-30BEBE5CBF00-StateMachineUpdater] INFO  safemode.OneReplicaPipelineSafeModeRule (OneReplicaPipelineSafeModeRule.java:initializeRule(176)) - Refreshed Total pipeline count is 0, pipeline's with at least one datanode reported threshold count is 0
2023-03-09 15:01:07,385 [ea91eb10-5e27-4c1c-9b22-4ed9c555343a@group-30BEBE5CBF00-StateMachineUpdater] INFO  server.SCMDatanodeProtocolServer (SCMDatanodeProtocolServer.java:start(193)) - ScmDatanodeProtocol RPC server for DataNodes is listening at /0.0.0.0:35467
2023-03-09 15:01:07,392 [IPC Server listener on 35467] INFO  ipc.Server (Server.java:run(1352)) - IPC Server listener on 35467: starting
2023-03-09 15:01:07,396 [IPC Server Responder] INFO  ipc.Server (Server.java:run(1512)) - IPC Server Responder: starting
2023-03-09 15:01:07,828 [EndpointStateMachine task thread for /127.0.0.1:36681 - 0 ] INFO  ipc.Client (Client.java:handleConnectionFailure(1010)) - Retrying connect to server: localhost/127.0.0.1:36681. Already tried 7 time(s); retry policy is RetryUpToMaximumCountWithFixedSleep(maxRetries=15, sleepTime=1000 MILLISECONDS)
2023-03-09 15:01:07,830 [EndpointStateMachine task thread for /127.0.0.1:43747 - 0 ] INFO  ipc.Client (Client.java:handleConnectionFailure(1010)) - Retrying connect to server: localhost/127.0.0.1:43747. Already tried 1 time(s); retry policy is RetryUpToMaximumCountWithFixedSleep(maxRetries=15, sleepTime=1000 MILLISECONDS)
OM initialization succeeded.Current cluster id for sd=/home/runner/work/ozone/ozone/hadoop-ozone/integration-test/target/test-dir/MiniOzoneClusterImpl-254978b8-4a66-4b6a-8773-30bebe5cbf00/omNode-1/om;cid=254978b8-4a66-4b6a-8773-30bebe5cbf00;layoutVersion=3
2023-03-09 15:01:08,357 [Listener at 0.0.0.0/40283] INFO  ha.OMHANodeDetails (OMHANodeDetails.java:loadOMHAConfig(121)) - ServiceID for OzoneManager is om-add-remove
2023-03-09 15:01:08,358 [Listener at 0.0.0.0/40283] INFO  ha.OMHANodeDetails (OMHANodeDetails.java:loadOMHAConfig(201)) - Found matching OM address with OMServiceId: om-add-remove, OMNodeId: omNode-1, RPC Address: localhost:46001 and Ratis port: 43479
2023-03-09 15:01:08,358 [Listener at 0.0.0.0/40283] INFO  ha.OMHANodeDetails (ConfUtils.java:setNodeSpecificConfigs(97)) - Setting configuration key ozone.om.http-address with value of key ozone.om.http-address.om-add-remove.omNode-1: 127.0.0.1:42279
2023-03-09 15:01:08,358 [Listener at 0.0.0.0/40283] INFO  ha.OMHANodeDetails (ConfUtils.java:setNodeSpecificConfigs(97)) - Setting configuration key ozone.om.https-address with value of key ozone.om.https-address.om-add-remove.omNode-1: 127.0.0.1:45699
2023-03-09 15:01:08,358 [Listener at 0.0.0.0/40283] INFO  ha.OMHANodeDetails (ConfUtils.java:setNodeSpecificConfigs(97)) - Setting configuration key ozone.om.address with value of key ozone.om.address.om-add-remove.omNode-1: 127.0.0.1:46001
2023-03-09 15:01:08,358 [Listener at 0.0.0.0/40283] WARN  server.ServerUtils (ServerUtils.java:getDBPath(225)) - ozone.om.db.dirs is not configured. We recommend adding this setting. Falling back to ozone.metadata.dirs instead.
2023-03-09 15:01:08,360 [Listener at 0.0.0.0/40283] INFO  upgrade.AbstractLayoutVersionManager (AbstractLayoutVersionManager.java:init(83)) - Initializing Layout version manager with metadata layout = MULTITENANCY_SCHEMA (version = 3), software layout = MULTITENANCY_SCHEMA (version = 3)
2023-03-09 15:01:08,432 [Listener at 0.0.0.0/40283] INFO  reflections.Reflections (Reflections.java:scan(232)) - Reflections took 71 ms to scan 2 urls, producing 167 keys and 459 values [using 2 cores]
2023-03-09 15:01:08,433 [Listener at 0.0.0.0/40283] INFO  upgrade.OMLayoutVersionManager (OMLayoutVersionManager.java:lambda$0(115)) - Skipping Upgrade Action MockOmUpgradeAction since it has been finalized.
2023-03-09 15:01:08,433 [Listener at 0.0.0.0/40283] WARN  server.ServerUtils (ServerUtils.java:getDBPath(225)) - ozone.om.db.dirs is not configured. We recommend adding this setting. Falling back to ozone.metadata.dirs instead.
2023-03-09 15:01:08,434 [Listener at 0.0.0.0/40283] INFO  ha.SCMNodeInfo (SCMNodeInfo.java:getPort(197)) - ConfigKey ozone.scm.client.address is deprecated, For configuring different ports for each SCM use PortConfigKey ozone.scm.client.port appended with serviceId and nodeId
2023-03-09 15:01:08,434 [Listener at 0.0.0.0/40283] INFO  ha.SCMNodeInfo (SCMNodeInfo.java:getPort(197)) - ConfigKey ozone.scm.block.client.address is deprecated, For configuring different ports for each SCM use PortConfigKey ozone.scm.block.client.port appended with serviceId and nodeId
2023-03-09 15:01:08,434 [Listener at 0.0.0.0/40283] INFO  ha.SCMNodeInfo (SCMNodeInfo.java:getPort(197)) - ConfigKey ozone.scm.datanode.address is deprecated, For configuring different ports for each SCM use PortConfigKey ozone.scm.datanode.port appended with serviceId and nodeId
2023-03-09 15:01:08,435 [Listener at 0.0.0.0/40283] INFO  ha.SCMNodeInfo (SCMNodeInfo.java:getPort(197)) - ConfigKey ozone.scm.client.address is deprecated, For configuring different ports for each SCM use PortConfigKey ozone.scm.client.port appended with serviceId and nodeId
2023-03-09 15:01:08,435 [Listener at 0.0.0.0/40283] INFO  ha.SCMNodeInfo (SCMNodeInfo.java:getPort(197)) - ConfigKey ozone.scm.block.client.address is deprecated, For configuring different ports for each SCM use PortConfigKey ozone.scm.block.client.port appended with serviceId and nodeId
2023-03-09 15:01:08,435 [Listener at 0.0.0.0/40283] INFO  ha.SCMNodeInfo (SCMNodeInfo.java:getPort(197)) - ConfigKey ozone.scm.datanode.address is deprecated, For configuring different ports for each SCM use PortConfigKey ozone.scm.datanode.port appended with serviceId and nodeId
2023-03-09 15:01:08,436 [Listener at 0.0.0.0/40283] INFO  proxy.SCMBlockLocationFailoverProxyProvider (SCMBlockLocationFailoverProxyProvider.java:<init>(114)) - Created block location fail-over proxy with 1 nodes: [nodeId=scmNode-1,nodeAddress=/127.0.0.1:41909]
2023-03-09 15:01:08,437 [Listener at 0.0.0.0/40283] INFO  ha.SCMNodeInfo (SCMNodeInfo.java:getPort(197)) - ConfigKey ozone.scm.client.address is deprecated, For configuring different ports for each SCM use PortConfigKey ozone.scm.client.port appended with serviceId and nodeId
2023-03-09 15:01:08,437 [Listener at 0.0.0.0/40283] INFO  ha.SCMNodeInfo (SCMNodeInfo.java:getPort(197)) - ConfigKey ozone.scm.block.client.address is deprecated, For configuring different ports for each SCM use PortConfigKey ozone.scm.block.client.port appended with serviceId and nodeId
2023-03-09 15:01:08,437 [Listener at 0.0.0.0/40283] INFO  ha.SCMNodeInfo (SCMNodeInfo.java:getPort(197)) - ConfigKey ozone.scm.datanode.address is deprecated, For configuring different ports for each SCM use PortConfigKey ozone.scm.datanode.port appended with serviceId and nodeId
2023-03-09 15:01:08,437 [Listener at 0.0.0.0/40283] INFO  proxy.SCMBlockLocationFailoverProxyProvider (SCMBlockLocationFailoverProxyProvider.java:<init>(114)) - Created block location fail-over proxy with 1 nodes: [nodeId=scmNode-1,nodeAddress=/127.0.0.1:41909]
2023-03-09 15:01:08,448 [Listener at 0.0.0.0/40283] INFO  om.OzoneManager (OzoneManager.java:<init>(619)) - OM start with adminUsers: [runner]
2023-03-09 15:01:08,449 [Listener at 0.0.0.0/40283] WARN  server.ServerUtils (ServerUtils.java:getDBPath(225)) - ozone.om.db.dirs is not configured. We recommend adding this setting. Falling back to ozone.metadata.dirs instead.
2023-03-09 15:01:08,450 [Listener at 0.0.0.0/40283] INFO  codec.OmKeyInfoCodec (OmKeyInfoCodec.java:<init>(49)) - OmKeyInfoCodec ignorePipeline = true
2023-03-09 15:01:08,450 [Listener at 0.0.0.0/40283] INFO  codec.RepeatedOmKeyInfoCodec (RepeatedOmKeyInfoCodec.java:<init>(41)) - RepeatedOmKeyInfoCodec ignorePipeline = true
2023-03-09 15:01:08,702 [Listener at 0.0.0.0/40283] INFO  om.OzoneManager (OzoneManager.java:instantiateServices(749)) - S3 Multi-Tenancy is disabled
2023-03-09 15:01:08,703 [Listener at 0.0.0.0/40283] WARN  server.ServerUtils (ServerUtils.java:getDBPath(225)) - ozone.om.snapshot.diff.db.dir is not configured. We recommend adding this setting. Falling back to ozone.metadata.dirs instead.
2023-03-09 15:01:08,718 [Listener at 0.0.0.0/40283] INFO  om.OzoneManager (OzoneManager.java:addS3GVolumeToDB(4217)) - Created Volume s3v With Owner runner required for S3Gateway operations.
2023-03-09 15:01:08,719 [Listener at 0.0.0.0/40283] WARN  server.ServerUtils (ServerUtils.java:getDefaultRatisDirectory(237)) - Storage directory for Ratis is not configured. It is a good idea to map this to an SSD disk. Falling back to ozone.metadata.dirs
2023-03-09 15:01:08,719 [Listener at 0.0.0.0/40283] WARN  utils.OzoneManagerRatisUtils (OzoneManagerRatisUtils.java:getOMRatisSnapshotDirectory(436)) - ozone.om.ratis.snapshot.dir is not configured. Falling back to ozone.metadata.dirs config
2023-03-09 15:01:08,719 [Listener at 0.0.0.0/40283] WARN  impl.MetricRegistriesImpl (MetricRegistriesImpl.java:addReporterRegistration(111)) - New reporters are added after registries were created. Some metrics will be missing from the reporter. Please add reporter before adding any new registry.
2023-03-09 15:01:08,719 [Listener at 0.0.0.0/40283] WARN  impl.MetricRegistriesImpl (MetricRegistriesImpl.java:addReporterRegistration(111)) - New reporters are added after registries were created. Some metrics will be missing from the reporter. Please add reporter before adding any new registry.
2023-03-09 15:01:08,720 [Listener at 0.0.0.0/40283] WARN  server.ServerUtils (ServerUtils.java:getDefaultRatisDirectory(237)) - Storage directory for Ratis is not configured. It is a good idea to map this to an SSD disk. Falling back to ozone.metadata.dirs
2023-03-09 15:01:08,720 [Listener at 0.0.0.0/40283] INFO  ratis.OzoneManagerRatisServer (OzoneManagerRatisServer.java:<init>(164)) - Instantiating OM Ratis server with groupID: om-add-remove and peers: localhost:43479
2023-03-09 15:01:08,721 [Listener at 0.0.0.0/40283] INFO  ratis.OzoneManagerStateMachine (OzoneManagerStateMachine.java:loadSnapshotInfoFromDB(636)) - LastAppliedIndex is set from TransactionInfo from OM DB as (t:0, i:~)
2023-03-09 15:01:08,721 [Listener at 0.0.0.0/40283] INFO  server.RaftServer (ConfUtils.java:logGet(46)) - raft.rpc.type = GRPC (default)
2023-03-09 15:01:08,721 [Listener at 0.0.0.0/40283] INFO  grpc.GrpcConfigKeys (ConfUtils.java:logFallback(53)) - raft.grpc.admin.host = null (fallback to raft.grpc.server.host)
2023-03-09 15:01:08,722 [Listener at 0.0.0.0/40283] INFO  grpc.GrpcConfigKeys (ConfUtils.java:logFallback(53)) - raft.grpc.admin.port = 43479 (fallback to raft.grpc.server.port)
2023-03-09 15:01:08,722 [Listener at 0.0.0.0/40283] INFO  grpc.GrpcConfigKeys (ConfUtils.java:logFallback(53)) - raft.grpc.client.host = null (fallback to raft.grpc.server.host)
2023-03-09 15:01:08,722 [Listener at 0.0.0.0/40283] INFO  grpc.GrpcConfigKeys (ConfUtils.java:logFallback(53)) - raft.grpc.client.port = 43479 (fallback to raft.grpc.server.port)
2023-03-09 15:01:08,722 [Listener at 0.0.0.0/40283] INFO  grpc.GrpcConfigKeys (ConfUtils.java:logGet(46)) - raft.grpc.server.host = null (default)
2023-03-09 15:01:08,722 [Listener at 0.0.0.0/40283] INFO  grpc.GrpcConfigKeys (ConfUtils.java:logGet(46)) - raft.grpc.server.port = 43479 (custom)
2023-03-09 15:01:08,722 [Listener at 0.0.0.0/40283] INFO  server.GrpcService (ConfUtils.java:logGet(46)) - raft.grpc.message.size.max = 33554432 (custom)
2023-03-09 15:01:08,723 [Listener at 0.0.0.0/40283] INFO  server.RaftServerConfigKeys (ConfUtils.java:logGet(46)) - raft.server.log.appender.buffer.byte-limit = 33554432 (custom)
2023-03-09 15:01:08,723 [Listener at 0.0.0.0/40283] INFO  server.GrpcService (ConfUtils.java:logGet(46)) - raft.grpc.flow.control.window = 1MB (=1048576) (default)
2023-03-09 15:01:08,723 [Listener at 0.0.0.0/40283] INFO  server.RaftServerConfigKeys (ConfUtils.java:logGet(46)) - raft.server.rpc.request.timeout = 3000ms (default)
2023-03-09 15:01:08,723 [Listener at 0.0.0.0/40283] INFO  grpc.GrpcConfigKeys (ConfUtils.java:logGet(46)) - raft.grpc.server.heartbeat.channel = true (default)
2023-03-09 15:01:08,723 [Listener at 0.0.0.0/40283] INFO  grpc.GrpcConfigKeys (ConfUtils.java:logGet(46)) - raft.grpc.server.async.request.thread.pool.cached = true (default)
2023-03-09 15:01:08,723 [Listener at 0.0.0.0/40283] INFO  grpc.GrpcConfigKeys (ConfUtils.java:logGet(46)) - raft.grpc.server.async.request.thread.pool.size = 32 (default)
2023-03-09 15:01:08,725 [Listener at 0.0.0.0/40283] INFO  impl.DataStreamServerImpl (ConfUtils.java:logGet(46)) - raft.datastream.type = DISABLED (default)
2023-03-09 15:01:08,725 [Listener at 0.0.0.0/40283] INFO  server.RaftServerConfigKeys (ConfUtils.java:logGet(46)) - raft.server.threadpool.proxy.cached = true (default)
2023-03-09 15:01:08,725 [Listener at 0.0.0.0/40283] INFO  server.RaftServerConfigKeys (ConfUtils.java:logGet(46)) - raft.server.threadpool.proxy.size = 0 (default)
2023-03-09 15:01:08,725 [Listener at 0.0.0.0/40283] INFO  server.RaftServerConfigKeys (ConfUtils.java:logGet(46)) - raft.server.rpc.slowness.timeout = 2s (custom)
2023-03-09 15:01:08,725 [Listener at 0.0.0.0/40283] INFO  server.RaftServerConfigKeys (ConfUtils.java:logGet(46)) - raft.server.leaderelection.leader.step-down.wait-time = 10s (default)
2023-03-09 15:01:08,726 [Listener at 0.0.0.0/40283] INFO  server.RaftServerConfigKeys (ConfUtils.java:logGet(46)) - raft.server.storage.dir = [/home/runner/work/ozone/ozone/hadoop-ozone/integration-test/target/test-dir/MiniOzoneClusterImpl-254978b8-4a66-4b6a-8773-30bebe5cbf00/omNode-1/ratis] (custom)
2023-03-09 15:01:08,726 [Listener at 0.0.0.0/40283] INFO  server.RaftServer (RaftServerProxy.java:addNew(96)) - omNode-1: addNew group-0AAC5367B30E:[omNode-1|rpc:localhost:43479|priority:0|startupRole:FOLLOWER] returns group-0AAC5367B30E:java.util.concurrent.CompletableFuture@4e3fa7a1[Not completed]
2023-03-09 15:01:08,726 [pool-880-thread-1] INFO  server.RaftServer$Division (RaftServerImpl.java:<init>(195)) - omNode-1: new RaftServerImpl for group-0AAC5367B30E:[omNode-1|rpc:localhost:43479|priority:0|startupRole:FOLLOWER] with OzoneManagerStateMachine:uninitialized
2023-03-09 15:01:08,726 [Listener at 0.0.0.0/40283] INFO  om.OzoneManager (OzoneManager.java:initializeRatisServer(2096)) - OzoneManager Ratis server initialized at port 43479
2023-03-09 15:01:08,727 [pool-880-thread-1] INFO  server.RaftServerConfigKeys (ConfUtils.java:logGet(46)) - raft.server.rpc.timeout.min = 1s (custom)
2023-03-09 15:01:08,727 [pool-880-thread-1] INFO  server.RaftServerConfigKeys (ConfUtils.java:logGet(46)) - raft.server.rpc.timeout.max = 1200ms (custom)
2023-03-09 15:01:08,727 [pool-880-thread-1] INFO  server.RaftServerConfigKeys (ConfUtils.java:logGet(46)) - raft.server.rpc.sleep.time = 25ms (default)
2023-03-09 15:01:08,727 [Listener at 0.0.0.0/40283] 2023-03-09 15:01:08,727 [pool-880-thread-1] INFO  server.RaftServerConfigKeys (INFO  om.OzoneManager (OzoneManager.java:getRpcServer(1132)) - Creating RPC Server
ConfUtils.java:logGet(46)) - raft.server.rpc.slowness.timeout = 2s (custom)
2023-03-09 15:01:08,727 [Listener at 0.0.0.0/40283] INFO  om.OzoneManager (OzoneManager.java:getRpcServer(1132)) - Creating RPC Server
2023-03-09 15:01:08,727 [pool-880-thread-1] INFO  server.RaftServerConfigKeys (ConfUtils.java:logGet(46)) - raft.server.leaderelection.leader.step-down.wait-time = 10s (default)
2023-03-09 15:01:08,727 [pool-880-thread-1] INFO  server.RaftServerConfigKeys (ConfUtils.java:logGet(46)) - raft.server.sleep.deviation.threshold = 300ms (default)
2023-03-09 15:01:08,727 [pool-880-thread-1] INFO  server.RaftServer$Division (ServerState.java:<init>(118)) - omNode-1@group-0AAC5367B30E: ConfigurationManager, init=-1: peers:[omNode-1|rpc:localhost:43479|priority:0|startupRole:FOLLOWER]|listeners:[], old=null, confs=<EMPTY_MAP>
2023-03-09 15:01:08,728 [pool-880-thread-1] INFO  server.RaftServerConfigKeys (ConfUtils.java:logGet(46)) - raft.server.storage.dir = [/home/runner/work/ozone/ozone/hadoop-ozone/integration-test/target/test-dir/MiniOzoneClusterImpl-254978b8-4a66-4b6a-8773-30bebe5cbf00/omNode-1/ratis] (custom)
2023-03-09 15:01:08,728 [pool-880-thread-1] INFO  server.RaftServerConfigKeys (ConfUtils.java:logGet(46)) - raft.server.log.corruption.policy = EXCEPTION (default)
2023-03-09 15:01:08,728 [pool-880-thread-1] INFO  server.RaftServerConfigKeys (ConfUtils.java:logGet(46)) - raft.server.storage.free-space.min = 0MB (=0) (default)
2023-03-09 15:01:08,728 [pool-880-thread-1] INFO  server.RaftServerConfigKeys (ConfUtils.java:logGet(46)) - raft.server.notification.no-leader.timeout = 2s (custom)
2023-03-09 15:01:08,729 [pool-880-thread-1] INFO  server.RaftServerConfigKeys (ConfUtils.java:logGet(46)) - raft.server.retrycache.expirytime = 300s (custom)
2023-03-09 15:01:08,729 [pool-880-thread-1] INFO  server.RaftServerConfigKeys (ConfUtils.java:logGet(46)) - raft.server.retrycache.statistics.expirytime = 100μs (default)
2023-03-09 15:01:08,729 [pool-880-thread-1] INFO  server.RaftServerConfigKeys (ConfUtils.java:logGet(46)) - raft.server.log.appender.install.snapshot.enabled = false (custom)
2023-03-09 15:01:08,729 [pool-880-thread-1] INFO  server.RaftServerConfigKeys (ConfUtils.java:logGet(46)) - raft.server.threadpool.server.cached = true (default)
2023-03-09 15:01:08,729 [pool-880-thread-1] INFO  server.RaftServerConfigKeys (ConfUtils.java:logGet(46)) - raft.server.threadpool.server.size = 0 (default)
2023-03-09 15:01:08,729 [pool-880-thread-1] INFO  server.RaftServerConfigKeys (ConfUtils.java:logGet(46)) - raft.server.threadpool.client.cached = true (default)
2023-03-09 15:01:08,729 [pool-880-thread-1] INFO  server.RaftServerConfigKeys (ConfUtils.java:logGet(46)) - raft.server.threadpool.client.size = 0 (default)
2023-03-09 15:01:08,829 [EndpointStateMachine task thread for /127.0.0.1:36681 - 0 ] INFO  ipc.Client (Client.java:handleConnectionFailure(1010)) - Retrying connect to server: localhost/127.0.0.1:36681. Already tried 8 time(s); retry policy is RetryUpToMaximumCountWithFixedSleep(maxRetries=15, sleepTime=1000 MILLISECONDS)
2023-03-09 15:01:08,830 [EndpointStateMachine task thread for /127.0.0.1:43747 - 0 ] INFO  ipc.Client (Client.java:handleConnectionFailure(1010)) - Retrying connect to server: localhost/127.0.0.1:43747. Already tried 2 time(s); retry policy is RetryUpToMaximumCountWithFixedSleep(maxRetries=15, sleepTime=1000 MILLISECONDS)
2023-03-09 15:01:09,108 [Listener at 0.0.0.0/40283] INFO  reflections.Reflections (Reflections.java:scan(232)) - Reflections took 380 ms to scan 19 urls, producing 68 keys and 4914 values [using 2 cores]
2023-03-09 15:01:09,109 [Listener at 0.0.0.0/40283] INFO  ipc.CallQueueManager (CallQueueManager.java:<init>(90)) - Using callQueue: class java.util.concurrent.LinkedBlockingQueue, queueCapacity: 2000, scheduler: class org.apache.hadoop.ipc.DefaultRpcScheduler, ipcBackoff: false.
2023-03-09 15:01:09,111 [Socket Reader #1 for port 46001] INFO  ipc.Server (Server.java:run(1273)) - Starting Socket Reader #1 for port 46001
2023-03-09 15:01:09,132 [Listener at 127.0.0.1/46001] INFO  impl.MetricsSystemImpl (MetricsSystemImpl.java:init(158)) - OzoneManager metrics system started (again)
2023-03-09 15:01:09,143 [Listener at 127.0.0.1/46001] INFO  om.OzoneManager (OzoneManager.java:start(1553)) - OzoneManager RPC server is listening at localhost/127.0.0.1:46001
2023-03-09 15:01:09,144 [Listener at 127.0.0.1/46001] INFO  ratis.OzoneManagerRatisServer (OzoneManagerRatisServer.java:start(559)) - Starting OzoneManagerRatisServer omNode-1 at port 43479
2023-03-09 15:01:09,144 [omNode-1-impl-thread1] INFO  storage.RaftStorageDirectory (RaftStorageDirectoryImpl.java:analyzeStorage(137)) - The storage directory /home/runner/work/ozone/ozone/hadoop-ozone/integration-test/target/test-dir/MiniOzoneClusterImpl-254978b8-4a66-4b6a-8773-30bebe5cbf00/omNode-1/ratis/0718e334-ffa1-36bc-8e9a-0aac5367b30e does not exist. Creating ...
2023-03-09 15:01:09,146 [omNode-1-impl-thread1] INFO  storage.RaftStorageDirectory (RaftStorageDirectoryImpl.java:tryLock(231)) - Lock on /home/runner/work/ozone/ozone/hadoop-ozone/integration-test/target/test-dir/MiniOzoneClusterImpl-254978b8-4a66-4b6a-8773-30bebe5cbf00/omNode-1/ratis/0718e334-ffa1-36bc-8e9a-0aac5367b30e/in_use.lock acquired by nodename 57158@fv-az377-502
2023-03-09 15:01:09,147 [omNode-1-impl-thread1] INFO  storage.RaftStorage (RaftStorageImpl.java:format(96)) - Storage directory /home/runner/work/ozone/ozone/hadoop-ozone/integration-test/target/test-dir/MiniOzoneClusterImpl-254978b8-4a66-4b6a-8773-30bebe5cbf00/omNode-1/ratis/0718e334-ffa1-36bc-8e9a-0aac5367b30e has been successfully formatted.
2023-03-09 15:01:09,147 [omNode-1-impl-thread1] INFO  server.RaftServerConfigKeys (ConfUtils.java:logGet(46)) - raft.server.log.use.memory = false (default)
2023-03-09 15:01:09,148 [omNode-1-impl-thread1] INFO  server.RaftServerConfigKeys (ConfUtils.java:logGet(46)) - raft.server.log.purge.gap = 1000000 (custom)
2023-03-09 15:01:09,148 [omNode-1-impl-thread1] INFO  server.RaftServerConfigKeys (ConfUtils.java:logGet(46)) - raft.server.log.appender.buffer.byte-limit = 33554432 (custom)
2023-03-09 15:01:09,148 [omNode-1-impl-thread1] INFO  server.RaftServerConfigKeys (ConfUtils.java:logGet(46)) - raft.server.log.statemachine.data.read.timeout = 1000ms (default)
2023-03-09 15:01:09,148 [omNode-1-impl-thread1] INFO  server.RaftServerConfigKeys (ConfUtils.java:logGet(46)) - raft.server.log.purge.preservation.log.num = 0 (default)
2023-03-09 15:01:09,148 [omNode-1-impl-thread1] INFO  server.RaftServerConfigKeys (ConfUtils.java:logGet(46)) - raft.server.log.segment.size.max = 4194304 (custom)
2023-03-09 15:01:09,148 [omNode-1-impl-thread1] INFO  server.RaftServerConfigKeys (ConfUtils.java:logGet(46)) - raft.server.log.segment.cache.num.max = 2 (custom)
2023-03-09 15:01:09,148 [omNode-1-impl-thread1] INFO  server.RaftServerConfigKeys (ConfUtils.java:logGet(46)) - raft.server.log.segment.cache.size.max = 200MB (=209715200) (default)
2023-03-09 15:01:09,148 [omNode-1-impl-thread1] INFO  segmented.SegmentedRaftLogWorker (SegmentedRaftLogWorker.java:<init>(189)) - new omNode-1@group-0AAC5367B30E-SegmentedRaftLogWorker for RaftStorageImpl:Storage Directory /home/runner/work/ozone/ozone/hadoop-ozone/integration-test/target/test-dir/MiniOzoneClusterImpl-254978b8-4a66-4b6a-8773-30bebe5cbf00/omNode-1/ratis/0718e334-ffa1-36bc-8e9a-0aac5367b30e
2023-03-09 15:01:09,148 [omNode-1-impl-thread1] INFO  server.RaftServerConfigKeys (ConfUtils.java:logGet(46)) - raft.server.log.queue.byte-limit = 64MB (=67108864) (default)
2023-03-09 15:01:09,148 [omNode-1-impl-thread1] INFO  server.RaftServerConfigKeys (ConfUtils.java:logGet(46)) - raft.server.log.queue.element-limit = 4096 (default)
2023-03-09 15:01:09,148 [omNode-1-impl-thread1] INFO  server.RaftServerConfigKeys (ConfUtils.java:logGet(46)) - raft.server.log.segment.size.max = 4194304 (custom)
2023-03-09 15:01:09,149 [omNode-1-impl-thread1] INFO  server.RaftServerConfigKeys (ConfUtils.java:logGet(46)) - raft.server.log.preallocated.size = 4194304 (custom)
2023-03-09 15:01:09,149 [omNode-1-impl-thread1] INFO  server.RaftServerConfigKeys (ConfUtils.java:logGet(46)) - raft.server.log.force.sync.num = 128 (default)
2023-03-09 15:01:09,149 [omNode-1-impl-thread1] INFO  server.RaftServerConfigKeys (ConfUtils.java:logGet(46)) - raft.server.log.statemachine.data.sync = true (default)
2023-03-09 15:01:09,149 [omNode-1-impl-thread1] INFO  server.RaftServerConfigKeys (ConfUtils.java:logGet(46)) - raft.server.log.statemachine.data.sync.timeout = 10s (default)
2023-03-09 15:01:09,149 [omNode-1-impl-thread1] INFO  server.RaftServerConfigKeys (ConfUtils.java:logGet(46)) - raft.server.log.statemachine.data.sync.timeout.retry = -1 (default)
2023-03-09 15:01:09,149 [omNode-1-impl-thread1] INFO  server.RaftServerConfigKeys (ConfUtils.java:logGet(46)) - raft.server.log.write.buffer.size = 64KB (=65536) (default)
2023-03-09 15:01:09,149 [omNode-1-impl-thread1] INFO  server.RaftServerConfigKeys (ConfUtils.java:logGet(46)) - raft.server.log.appender.buffer.byte-limit = 33554432 (custom)
2023-03-09 15:01:09,156 [omNode-1-impl-thread1] INFO  server.RaftServerConfigKeys (ConfUtils.java:logGet(46)) - raft.server.log.unsafe-flush.enabled = false (default)
2023-03-09 15:01:09,156 [omNode-1-impl-thread1] INFO  server.RaftServerConfigKeys (ConfUtils.java:logGet(46)) - raft.server.log.async-flush.enabled = false (default)
2023-03-09 15:01:09,156 [omNode-1-impl-thread1] INFO  server.RaftServerConfigKeys (ConfUtils.java:logGet(46)) - raft.server.log.statemachine.data.caching.enabled = false (default)
2023-03-09 15:01:09,157 [omNode-1-impl-thread1] INFO  segmented.SegmentedRaftLogWorker (SegmentedRaftLogWorker.java:lambda$new$0(135)) - omNode-1@group-0AAC5367B30E-SegmentedRaftLogWorker: flushIndex: setUnconditionally 0 -> -1
2023-03-09 15:01:09,157 [omNode-1-impl-thread1] INFO  segmented.SegmentedRaftLogWorker (SegmentedRaftLogWorker.java:lambda$new$0(135)) - omNode-1@group-0AAC5367B30E-SegmentedRaftLogWorker: safeCacheEvictIndex: setUnconditionally 0 -> -1
2023-03-09 15:01:09,157 [omNode-1-impl-thread1] INFO  server.RaftServer$Division (RaftServerImpl.java:start(334)) - omNode-1@group-0AAC5367B30E: start as a follower, conf=-1: peers:[omNode-1|rpc:localhost:43479|priority:0|startupRole:FOLLOWER]|listeners:[], old=null
2023-03-09 15:01:09,157 [omNode-1-impl-thread1] INFO  server.RaftServer$Division (RaftServerImpl.java:setRole(321)) - omNode-1@group-0AAC5367B30E: changes role from      null to FOLLOWER at term 0 for startAsFollower
2023-03-09 15:01:09,157 [omNode-1-impl-thread1] INFO  impl.RoleInfo (RoleInfo.java:updateAndGet(139)) - omNode-1: start omNode-1@group-0AAC5367B30E-FollowerState
2023-03-09 15:01:09,158 [omNode-1-impl-thread1] INFO  util.JmxRegister (JmxRegister.java:tryRegister(44)) - Successfully registered JMX Bean with object name Ratis:service=RaftServer,group=group-0AAC5367B30E,id=omNode-1
2023-03-09 15:01:09,158 [omNode-1-impl-thread1] INFO  server.RaftServerConfigKeys (ConfUtils.java:logGet(46)) - raft.server.snapshot.auto.trigger.enabled = true (custom)
2023-03-09 15:01:09,158 [omNode-1-impl-thread1] INFO  server.RaftServerConfigKeys (ConfUtils.java:logGet(46)) - raft.server.snapshot.auto.trigger.threshold = 400000 (default)
2023-03-09 15:01:09,158 [omNode-1-impl-thread1] INFO  server.RaftServerConfigKeys (ConfUtils.java:logGet(46)) - raft.server.snapshot.retention.file.num = -1 (default)
2023-03-09 15:01:09,158 [omNode-1-impl-thread1] INFO  server.RaftServerConfigKeys (ConfUtils.java:logGet(46)) - raft.server.log.purge.upto.snapshot.index = true (custom)
2023-03-09 15:01:09,159 [omNode-1@group-0AAC5367B30E-FollowerState] INFO  server.RaftServerConfigKeys (ConfUtils.java:logFallback(53)) - raft.server.rpc.first-election.timeout.min = 1s (fallback to raft.server.rpc.timeout.min)
2023-03-09 15:01:09,159 [omNode-1@group-0AAC5367B30E-FollowerState] INFO  server.RaftServerConfigKeys (ConfUtils.java:logFallback(53)) - raft.server.rpc.first-election.timeout.max = 1200ms (fallback to raft.server.rpc.timeout.max)
2023-03-09 15:01:09,160 [Listener at 127.0.0.1/46001] INFO  server.RaftServer (RaftServerProxy.java:startImpl(393)) - omNode-1: start RPC server
2023-03-09 15:01:09,164 [Listener at 127.0.0.1/46001] INFO  server.GrpcService (GrpcService.java:startImpl(262)) - omNode-1: GrpcService started, listening on 43479
2023-03-09 15:01:09,164 [Listener at 127.0.0.1/46001] INFO  om.OzoneManager (OzoneManager.java:start(1569)) - Version File has different layout version (3) than OM DB (null). That is expected if this OM has never been finalized to a newer layout version.
2023-03-09 15:01:09,165 [JvmPauseMonitor31] INFO  util.JvmPauseMonitor (JvmPauseMonitor.java:run(105)) - JvmPauseMonitor-omNode-1: Started
2023-03-09 15:01:09,168 [Listener at 127.0.0.1/46001] INFO  http.BaseHttpServer (BaseHttpServer.java:newHttpServer2BuilderForOzone(224)) - Starting Web-server for ozoneManager at: http://0.0.0.0:42279
2023-03-09 15:01:09,168 [Listener at 127.0.0.1/46001] INFO  http.BaseHttpServer (BaseHttpServer.java:<init>(111)) - Hadoop Security Enabled: false Ozone Security Enabled: false Ozone HTTP Security Enabled: false 
2023-03-09 15:01:09,169 [Listener at 127.0.0.1/46001] WARN  server.AuthenticationFilter (AuthenticationFilter.java:constructSecretProvider(240)) - Unable to initialize FileSignerSecretProvider, falling back to use random secrets. Reason: Could not read signature secret file: /home/runner/hadoop-http-auth-signature-secret
2023-03-09 15:01:09,170 [Listener at 127.0.0.1/46001] WARN  http.HttpRequestLog (HttpRequestLog.java:getRequestLog(103)) - Jetty request log can only be enabled using Log4j
2023-03-09 15:01:09,171 [Listener at 127.0.0.1/46001] INFO  http.HttpServer2 (HttpServer2.java:addGlobalFilter(1031)) - Added global filter 'safety' (class=org.apache.hadoop.hdds.server.http.HttpServer2$QuotingInputFilter)
2023-03-09 15:01:09,172 [Listener at 127.0.0.1/46001] INFO  http.HttpServer2 (HttpServer2.java:addFilter(1007)) - Added filter static_user_filter (class=org.apache.hadoop.http.lib.StaticUserWebFilter$StaticUserFilter) to context ozoneManager
2023-03-09 15:01:09,172 [Listener at 127.0.0.1/46001] INFO  http.HttpServer2 (HttpServer2.java:addFilter(1015)) - Added filter static_user_filter (class=org.apache.hadoop.http.lib.StaticUserWebFilter$StaticUserFilter) to context logs
2023-03-09 15:01:09,172 [Listener at 127.0.0.1/46001] INFO  http.HttpServer2 (HttpServer2.java:addFilter(1015)) - Added filter static_user_filter (class=org.apache.hadoop.http.lib.StaticUserWebFilter$StaticUserFilter) to context static
2023-03-09 15:01:09,172 [Listener at 127.0.0.1/46001] INFO  http.BaseHttpServer (BaseHttpServer.java:<init>(190)) - HTTP server of ozoneManager uses base directory /home/runner/work/ozone/ozone/hadoop-ozone/integration-test/target/test-dir/MiniOzoneClusterImpl-254978b8-4a66-4b6a-8773-30bebe5cbf00/omNode-1/webserver
2023-03-09 15:01:09,173 [Listener at 127.0.0.1/46001] INFO  http.HttpServer2 (HttpServer2.java:bindListener(1250)) - Jetty bound to port 42279
2023-03-09 15:01:09,173 [Listener at 127.0.0.1/46001] INFO  server.Server (Server.java:doStart(375)) - jetty-9.4.49.v20220914; built: 2022-09-14T01:07:36.601Z; git: 4231a3b2e4cb8548a412a789936d640a97b1aa0a; jvm 1.8.0_362-b09
2023-03-09 15:01:09,174 [Listener at 127.0.0.1/46001] INFO  server.session (DefaultSessionIdManager.java:doStart(334)) - DefaultSessionIdManager workerName=node0
2023-03-09 15:01:09,174 [Listener at 127.0.0.1/46001] INFO  server.session (DefaultSessionIdManager.java:doStart(339)) - No SessionScavenger set, using defaults
2023-03-09 15:01:09,175 [Listener at 127.0.0.1/46001] INFO  server.session (HouseKeeper.java:startScavenging(132)) - node0 Scavenging every 660000ms
2023-03-09 15:01:09,175 [Listener at 127.0.0.1/46001] INFO  handler.ContextHandler (ContextHandler.java:doStart(921)) - Started o.e.j.s.ServletContextHandler@4ca5dad5{logs,/logs,file:///home/runner/work/ozone/ozone/hadoop-ozone/integration-test/target/log,AVAILABLE}
2023-03-09 15:01:09,176 [Listener at 127.0.0.1/46001] INFO  handler.ContextHandler (ContextHandler.java:doStart(921)) - Started o.e.j.s.ServletContextHandler@7acf757f{static,/static,file:///home/runner/work/ozone/ozone/hadoop-ozone/integration-test/target/test-classes/webapps/static,AVAILABLE}
2023-03-09 15:01:09,179 [Listener at 127.0.0.1/46001] INFO  handler.ContextHandler (ContextHandler.java:doStart(921)) - Started o.e.j.w.WebAppContext@60d0264d{ozoneManager,/,file:///home/runner/work/ozone/ozone/hadoop-ozone/integration-test/target/test-classes/webapps/ozoneManager/,AVAILABLE}{file:/home/runner/work/ozone/ozone/hadoop-ozone/integration-test/target/test-classes/webapps/ozoneManager}
2023-03-09 15:01:09,181 [Listener at 127.0.0.1/46001] INFO  server.AbstractConnector (AbstractConnector.java:doStart(333)) - Started ServerConnector@5c00e8b5{HTTP/1.1, (http/1.1)}{0.0.0.0:42279}
2023-03-09 15:01:09,181 [Listener at 127.0.0.1/46001] INFO  server.Server (Server.java:doStart(415)) - Started @199834ms
2023-03-09 15:01:09,181 [Listener at 127.0.0.1/46001] WARN  impl.MetricsSystemImpl (MetricsSystemImpl.java:register(279)) - Sink prometheus already exists!
2023-03-09 15:01:09,182 [Listener at 127.0.0.1/46001] INFO  http.BaseHttpServer (BaseHttpServer.java:updateConnectorAddress(344)) - HTTP server of ozoneManager listening at http://0.0.0.0:42279
2023-03-09 15:01:09,182 [IPC Server Responder] INFO  ipc.Server (Server.java:run(1512)) - IPC Server Responder: starting
2023-03-09 15:01:09,183 [IPC Server listener on 46001] INFO  ipc.Server (Server.java:run(1352)) - IPC Server listener on 46001: starting
2023-03-09 15:01:09,185 [Listener at 127.0.0.1/46001] INFO  om.OzoneManager (OzoneManager.java:startTrashEmptier(2040)) - Trash Interval set to 0. Files deleted won't move to trash
2023-03-09 15:01:09,185 [Listener at 127.0.0.1/46001] INFO  ozone.MiniOzoneHAClusterImpl (MiniOzoneHAClusterImpl.java:createOMService(527)) - Started OzoneManager omNode-1 RPC server at localhost/127.0.0.1:46001
JvmPauseMonitor.java:run(188)) - Starting JVM pause monitor
2023-03-09 15:01:09,185 [Listener at 127.0.0.1/46001] INFO  ozone.MiniOzoneHAClusterImpl (MiniOzoneHAClusterImpl.java:createOMService(527)) - Started OzoneManager omNode-1 RPC server at localhost/127.0.0.1:46001
2023-03-09 15:01:09,193 [Listener at 127.0.0.1/46001] WARN  impl.MetricRegistriesImpl (MetricRegistriesImpl.java:addReporterRegistration(111)) - New reporters are added after registries were created. Some metrics will be missing from the reporter. Please add reporter before adding any new registry.
2023-03-09 15:01:09,194 [Listener at 127.0.0.1/46001] WARN  impl.MetricRegistriesImpl (MetricRegistriesImpl.java:addReporterRegistration(111)) - New reporters are added after registries were created. Some metrics will be missing from the reporter. Please add reporter before adding any new registry.
2023-03-09 15:01:09,194 [Listener at 127.0.0.1/46001] INFO  impl.MetricsSystemImpl (MetricsSystemImpl.java:init(158)) - HddsDatanode metrics system started (again)
2023-03-09 15:01:09,208 [Listener at 127.0.0.1/46001] INFO  ozone.HddsDatanodeService (HddsDatanodeService.java:start(229)) - HddsDatanodeService host:fv-az377-502.ap30g4v5sw5evmjtdmxdg2w53f.dx.internal.cloudapp.net ip:10.1.0.44
2023-03-09 15:01:09,235 [Listener at 127.0.0.1/46001] INFO  upgrade.AbstractLayoutVersionManager (AbstractLayoutVersionManager.java:init(83)) - Initializing Layout version manager with metadata layout = DATANODE_SCHEMA_V3 (version = 4), software layout = DATANODE_SCHEMA_V3 (version = 4)
2023-03-09 15:01:09,286 [Listener at 127.0.0.1/46001] INFO  reflections.Reflections (Reflections.java:scan(232)) - Reflections took 50 ms to scan 7 urls, producing 154 keys and 367 values 
2023-03-09 15:01:09,287 [Listener at 127.0.0.1/46001] INFO  ha.SCMNodeInfo (SCMNodeInfo.java:getPort(197)) - ConfigKey ozone.scm.client.address is deprecated, For configuring different ports for each SCM use PortConfigKey ozone.scm.client.port appended with serviceId and nodeId
2023-03-09 15:01:09,288 [Listener at 127.0.0.1/46001] INFO  ha.SCMNodeInfo (SCMNodeInfo.java:getPort(197)) - ConfigKey ozone.scm.block.client.address is deprecated, For configuring different ports for each SCM use PortConfigKey ozone.scm.block.client.port appended with serviceId and nodeId
2023-03-09 15:01:09,288 [Listener at 127.0.0.1/46001] INFO  ha.SCMNodeInfo (SCMNodeInfo.java:getPort(197)) - ConfigKey ozone.scm.datanode.address is deprecated, For configuring different ports for each SCM use PortConfigKey ozone.scm.datanode.port appended with serviceId and nodeId
2023-03-09 15:01:09,288 [Listener at 127.0.0.1/46001] INFO  statemachine.DatanodeStateMachine (DatanodeStateMachine.java:getEndPointTaskThreadPoolSize(260)) - Datanode State Machine Task Thread Pool size 2
2023-03-09 15:01:09,295 [Listener at 127.0.0.1/46001] INFO  volume.HddsVolume (HddsVolume.java:<init>(122)) - Creating HddsVolume: /home/runner/work/ozone/ozone/hadoop-ozone/integration-test/target/test-dir/MiniOzoneClusterImpl-254978b8-4a66-4b6a-8773-30bebe5cbf00/datanode-0/data-0/containers/hdds of storage type : DISK capacity : 9223372036854775807
2023-03-09 15:01:09,295 [Listener at 127.0.0.1/46001] INFO  volume.MutableVolumeSet (MutableVolumeSet.java:initializeVolumeSet(174)) - Added Volume : /home/runner/work/ozone/ozone/hadoop-ozone/integration-test/target/test-dir/MiniOzoneClusterImpl-254978b8-4a66-4b6a-8773-30bebe5cbf00/datanode-0/data-0/containers/hdds to VolumeSet
2023-03-09 15:01:09,295 [Listener at 127.0.0.1/46001] INFO  volume.ThrottledAsyncChecker (ThrottledAsyncChecker.java:schedule(141)) - Scheduling a check for /home/runner/work/ozone/ozone/hadoop-ozone/integration-test/target/test-dir/MiniOzoneClusterImpl-254978b8-4a66-4b6a-8773-30bebe5cbf00/datanode-0/data-0/containers/hdds
2023-03-09 15:01:09,304 [Listener at 127.0.0.1/46001] INFO  volume.StorageVolumeChecker (StorageVolumeChecker.java:checkAllVolumes(202)) - Scheduled health check for volume /home/runner/work/ozone/ozone/hadoop-ozone/integration-test/target/test-dir/MiniOzoneClusterImpl-254978b8-4a66-4b6a-8773-30bebe5cbf00/datanode-0/data-0/containers/hdds
2023-03-09 15:01:09,316 [Listener at 127.0.0.1/46001] INFO  volume.MutableVolumeSet (MutableVolumeSet.java:initializeVolumeSet(174)) - Added Volume : /home/runner/work/ozone/ozone/hadoop-ozone/integration-test/target/test-dir/MiniOzoneClusterImpl-254978b8-4a66-4b6a-8773-30bebe5cbf00/datanode-0/data/ratis to VolumeSet
2023-03-09 15:01:09,317 [Listener at 127.0.0.1/46001] INFO  volume.ThrottledAsyncChecker (ThrottledAsyncChecker.java:schedule(141)) - Scheduling a check for /home/runner/work/ozone/ozone/hadoop-ozone/integration-test/target/test-dir/MiniOzoneClusterImpl-254978b8-4a66-4b6a-8773-30bebe5cbf00/datanode-0/data/ratis
2023-03-09 15:01:09,317 [Listener at 127.0.0.1/46001] INFO  volume.StorageVolumeChecker (StorageVolumeChecker.java:checkAllVolumes(202)) - Scheduled health check for volume /home/runner/work/ozone/ozone/hadoop-ozone/integration-test/target/test-dir/MiniOzoneClusterImpl-254978b8-4a66-4b6a-8773-30bebe5cbf00/datanode-0/data/ratis
2023-03-09 15:01:09,330 [Thread-3346] INFO  ozoneimpl.ContainerReader (ContainerReader.java:readVolume(175)) - Finish verifying containers on volume /home/runner/work/ozone/ozone/hadoop-ozone/integration-test/target/test-dir/MiniOzoneClusterImpl-254978b8-4a66-4b6a-8773-30bebe5cbf00/datanode-0/data-0/containers/hdds
2023-03-09 15:01:09,330 [Listener at 127.0.0.1/46001] INFO  ozoneimpl.OzoneContainer (OzoneContainer.java:buildContainerSet(304)) - Build ContainerSet costs 0s
2023-03-09 15:01:09,333 [Listener at 127.0.0.1/46001] INFO  server.RaftServer (ConfUtils.java:logGet(46)) - raft.rpc.type = GRPC (default)
2023-03-09 15:01:09,333 [Listener at 127.0.0.1/46001] INFO  grpc.GrpcConfigKeys (ConfUtils.java:logFallback(53)) - raft.grpc.admin.host = null (fallback to raft.grpc.server.host)
2023-03-09 15:01:09,333 [Listener at 127.0.0.1/46001] INFO  grpc.GrpcConfigKeys (ConfUtils.java:logGet(46)) - raft.grpc.admin.port = 0 (custom)
2023-03-09 15:01:09,333 [Listener at 127.0.0.1/46001] INFO  grpc.GrpcConfigKeys (ConfUtils.java:logFallback(53)) - raft.grpc.client.host = null (fallback to raft.grpc.server.host)
2023-03-09 15:01:09,333 [Listener at 127.0.0.1/46001] INFO  grpc.GrpcConfigKeys (ConfUtils.java:logGet(46)) - raft.grpc.client.port = 0 (custom)
2023-03-09 15:01:09,333 [Listener at 127.0.0.1/46001] INFO  grpc.GrpcConfigKeys (ConfUtils.java:logGet(46)) - raft.grpc.server.host = null (default)
2023-03-09 15:01:09,334 [Listener at 127.0.0.1/46001] INFO  grpc.GrpcConfigKeys (ConfUtils.java:logGet(46)) - raft.grpc.server.port = 0 (default)
2023-03-09 15:01:09,334 [Listener at 127.0.0.1/46001] INFO  server.GrpcService (ConfUtils.java:logGet(46)) - raft.grpc.message.size.max = 32MB (=33554432) (custom)
2023-03-09 15:01:09,334 [Listener at 127.0.0.1/46001] INFO  server.RaftServerConfigKeys (ConfUtils.java:logGet(46)) - raft.server.log.appender.buffer.byte-limit = 33554432 (custom)
2023-03-09 15:01:09,334 [Listener at 127.0.0.1/46001] INFO  server.GrpcService (ConfUtils.java:logGet(46)) - raft.grpc.flow.control.window = 5MB (=5242880) (custom)
2023-03-09 15:01:09,334 [Listener at 127.0.0.1/46001] INFO  server.RaftServerConfigKeys (ConfUtils.java:logGet(46)) - raft.server.rpc.request.timeout = 60s (custom)
2023-03-09 15:01:09,334 [Listener at 127.0.0.1/46001] INFO  grpc.GrpcConfigKeys (ConfUtils.java:logGet(46)) - raft.grpc.server.heartbeat.channel = true (default)
2023-03-09 15:01:09,335 [Listener at 127.0.0.1/46001] INFO  grpc.GrpcConfigKeys (ConfUtils.java:logGet(46)) - raft.grpc.server.async.request.thread.pool.cached = true (default)
2023-03-09 15:01:09,335 [Listener at 127.0.0.1/46001] INFO  grpc.GrpcConfigKeys (ConfUtils.java:logGet(46)) - raft.grpc.server.async.request.thread.pool.size = 32 (default)
2023-03-09 15:01:09,336 [Listener at 127.0.0.1/46001] INFO  impl.DataStreamServerImpl (ConfUtils.java:logGet(46)) - raft.datastream.type = NETTY (custom)
2023-03-09 15:01:09,336 [Listener at 127.0.0.1/46001] INFO  server.RaftServerConfigKeys (ConfUtils.java:logGet(46)) - raft.server.data-stream.async.request.thread.pool.cached = false (default)
2023-03-09 15:01:09,337 [Listener at 127.0.0.1/46001] INFO  server.RaftServerConfigKeys (ConfUtils.java:logGet(46)) - raft.server.data-stream.async.request.thread.pool.size = 20 (custom)
2023-03-09 15:01:09,337 [Listener at 127.0.0.1/46001] INFO  server.RaftServerConfigKeys (ConfUtils.java:logGet(46)) - raft.server.data-stream.async.write.thread.pool.size = 16 (default)
2023-03-09 15:01:09,337 [Listener at 127.0.0.1/46001] INFO  server.RaftServerConfigKeys (ConfUtils.java:logGet(46)) - raft.server.data-stream.client.pool.size = 10 (default)
2023-03-09 15:01:09,337 [Listener at 127.0.0.1/46001] INFO  netty.NettyConfigKeys$DataStream (ConfUtils.java:logGet(46)) - raft.netty.dataStream.server.use-epoll = false (default)
2023-03-09 15:01:09,337 [Listener at 127.0.0.1/46001] INFO  netty.NettyConfigKeys$DataStream (ConfUtils.java:logGet(46)) - raft.netty.dataStream.server.boss-group.size = 0 (default)
2023-03-09 15:01:09,338 [Listener at 127.0.0.1/46001] INFO  netty.NettyConfigKeys$DataStream (ConfUtils.java:logGet(46)) - raft.netty.dataStream.server.worker-group.size = 0 (default)
2023-03-09 15:01:09,338 [Listener at 127.0.0.1/46001] INFO  netty.NettyConfigKeys$DataStream (ConfUtils.java:logGet(46)) - raft.netty.dataStream.server.tls.conf = null (default)
2023-03-09 15:01:09,338 [Listener at 127.0.0.1/46001] INFO  netty.NettyConfigKeys$DataStream (ConfUtils.java:logGet(46)) - raft.netty.dataStream.host = null (default)
2023-03-09 15:01:09,338 [Listener at 127.0.0.1/46001] INFO  netty.NettyConfigKeys$DataStream (ConfUtils.java:logGet(46)) - raft.netty.dataStream.port = 0 (default)
2023-03-09 15:01:09,339 [Listener at 127.0.0.1/46001] INFO  server.RaftServerConfigKeys (ConfUtils.java:logGet(46)) - raft.server.threadpool.proxy.cached = true (default)
2023-03-09 15:01:09,339 [Listener at 127.0.0.1/46001] INFO  server.RaftServerConfigKeys (ConfUtils.java:logGet(46)) - raft.server.threadpool.proxy.size = 0 (default)
2023-03-09 15:01:09,339 [d83d04e7-4e51-47d3-8b78-fb93e7279122-NettyServerStreamRpc-bossGroup--thread1] INFO  logging.LoggingHandler (AbstractInternalLogger.java:log(148)) - [id: 0x9781a84c] REGISTERED
2023-03-09 15:01:09,340 [Listener at 127.0.0.1/46001] INFO  server.RaftServerConfigKeys (ConfUtils.java:logGet(46)) - raft.server.rpc.slowness.timeout = 300s (custom)
2023-03-09 15:01:09,340 [Listener at 127.0.0.1/46001] INFO  server.RaftServerConfigKeys (ConfUtils.java:logGet(46)) - raft.server.leaderelection.leader.step-down.wait-time = 10s (default)
2023-03-09 15:01:09,340 [d83d04e7-4e51-47d3-8b78-fb93e7279122-NettyServerStreamRpc-bossGroup--thread1] INFO  logging.LoggingHandler (AbstractInternalLogger.java:log(148)) - [id: 0x9781a84c] BIND: 0.0.0.0/0.0.0.0:0
2023-03-09 15:01:09,340 [Listener at 127.0.0.1/46001] INFO  server.RaftServerConfigKeys (ConfUtils.java:logGet(46)) - raft.server.storage.dir = [/home/runner/work/ozone/ozone/hadoop-ozone/integration-test/target/test-dir/MiniOzoneClusterImpl-254978b8-4a66-4b6a-8773-30bebe5cbf00/datanode-0/data/ratis] (custom)
2023-03-09 15:01:09,340 [d83d04e7-4e51-47d3-8b78-fb93e7279122-NettyServerStreamRpc-bossGroup--thread1] INFO  logging.LoggingHandler (AbstractInternalLogger.java:log(148)) - [id: 0x9781a84c, L:/0:0:0:0:0:0:0:0:46041] ACTIVE
2023-03-09 15:01:09,341 [Listener at 127.0.0.1/46001] INFO  server.XceiverServerGrpc (XceiverServerGrpc.java:<init>(132)) - GrpcServer channel type EpollServerSocketChannel
2023-03-09 15:01:09,344 [Listener at 127.0.0.1/46001] INFO  http.BaseHttpServer (BaseHttpServer.java:newHttpServer2BuilderForOzone(224)) - Starting Web-server for hddsDatanode at: http://0.0.0.0:0
2023-03-09 15:01:09,344 [Listener at 127.0.0.1/46001] INFO  http.BaseHttpServer (BaseHttpServer.java:<init>(111)) - Hadoop Security Enabled: false Ozone Security Enabled: false Ozone HTTP Security Enabled: false 
2023-03-09 15:01:09,345 [Listener at 127.0.0.1/46001] WARN  server.AuthenticationFilter (AuthenticationFilter.java:constructSecretProvider(240)) - Unable to initialize FileSignerSecretProvider, falling back to use random secrets. Reason: Could not read signature secret file: /home/runner/hadoop-http-auth-signature-secret
2023-03-09 15:01:09,346 [Listener at 127.0.0.1/46001] WARN  http.HttpRequestLog (HttpRequestLog.java:getRequestLog(103)) - Jetty request log can only be enabled using Log4j
2023-03-09 15:01:09,347 [Listener at 127.0.0.1/46001] INFO  http.HttpServer2 (HttpServer2.java:addGlobalFilter(1031)) - Added global filter 'safety' (class=org.apache.hadoop.hdds.server.http.HttpServer2$QuotingInputFilter)
2023-03-09 15:01:09,348 [Listener at 127.0.0.1/46001] INFO  http.HttpServer2 (HttpServer2.java:addFilter(1007)) - Added filter static_user_filter (class=org.apache.hadoop.http.lib.StaticUserWebFilter$StaticUserFilter) to context hddsDatanode
2023-03-09 15:01:09,348 [Listener at 127.0.0.1/46001] INFO  http.HttpServer2 (HttpServer2.java:addFilter(1015)) - Added filter static_user_filter (class=org.apache.hadoop.http.lib.StaticUserWebFilter$StaticUserFilter) to context static
2023-03-09 15:01:09,348 [Listener at 127.0.0.1/46001] INFO  http.HttpServer2 (HttpServer2.java:addFilter(1015)) - Added filter static_user_filter (class=org.apache.hadoop.http.lib.StaticUserWebFilter$StaticUserFilter) to context logs
2023-03-09 15:01:09,349 [Listener at 127.0.0.1/46001] INFO  http.BaseHttpServer (BaseHttpServer.java:<init>(190)) - HTTP server of hddsDatanode uses base directory /home/runner/work/ozone/ozone/hadoop-ozone/integration-test/target/test-dir/MiniOzoneClusterImpl-254978b8-4a66-4b6a-8773-30bebe5cbf00/datanode-0/meta/webserver
2023-03-09 15:01:09,349 [Listener at 127.0.0.1/46001] INFO  http.HttpServer2 (HttpServer2.java:bindListener(1250)) - Jetty bound to port 46211
2023-03-09 15:01:09,349 [Listener at 127.0.0.1/46001] INFO  server.Server (Server.java:doStart(375)) - jetty-9.4.49.v20220914; built: 2022-09-14T01:07:36.601Z; git: 4231a3b2e4cb8548a412a789936d640a97b1aa0a; jvm 1.8.0_362-b09
2023-03-09 15:01:09,351 [Listener at 127.0.0.1/46001] INFO  server.session (DefaultSessionIdManager.java:doStart(334)) - DefaultSessionIdManager workerName=node0
2023-03-09 15:01:09,351 [Listener at 127.0.0.1/46001] INFO  server.session (DefaultSessionIdManager.java:doStart(339)) - No SessionScavenger set, using defaults
2023-03-09 15:01:09,351 [Listener at 127.0.0.1/46001] INFO  server.session (HouseKeeper.java:startScavenging(132)) - node0 Scavenging every 600000ms
2023-03-09 15:01:09,352 [Listener at 127.0.0.1/46001] INFO  handler.ContextHandler (ContextHandler.java:doStart(921)) - Started o.e.j.s.ServletContextHandler@3de53faa{logs,/logs,file:///home/runner/work/ozone/ozone/hadoop-ozone/integration-test/target/log,AVAILABLE}
2023-03-09 15:01:09,352 [Listener at 127.0.0.1/46001] INFO  handler.ContextHandler (ContextHandler.java:doStart(921)) - Started o.e.j.s.ServletContextHandler@66f79c80{static,/static,jar:file:/home/runner/.m2/repository/org/apache/ozone/hdds-container-service/1.4.0-SNAPSHOT/hdds-container-service-1.4.0-SNAPSHOT.jar!/webapps/static,AVAILABLE}
2023-03-09 15:01:09,579 [Listener at 127.0.0.1/46001] INFO  handler.ContextHandler (ContextHandler.java:doStart(921)) - Started o.e.j.w.WebAppContext@715d9d0f{hddsDatanode,/,file:///home/runner/work/ozone/ozone/hadoop-ozone/integration-test/target/test-dir/MiniOzoneClusterImpl-254978b8-4a66-4b6a-8773-30bebe5cbf00/datanode-0/meta/webserver/jetty-0_0_0_0-46211-hdds-container-service-1_4_0-SNAPSHOT_jar-_-any-3148643765681433157/webapp/,AVAILABLE}{jar:file:/home/runner/.m2/repository/org/apache/ozone/hdds-container-service/1.4.0-SNAPSHOT/hdds-container-service-1.4.0-SNAPSHOT.jar!/webapps/hddsDatanode}
2023-03-09 15:01:09,582 [Listener at 127.0.0.1/46001] INFO  server.AbstractConnector (AbstractConnector.java:doStart(333)) - Started ServerConnector@4c28d0b4{HTTP/1.1, (http/1.1)}{0.0.0.0:46211}
2023-03-09 15:01:09,582 [Listener at 127.0.0.1/46001] INFO  server.Server (Server.java:doStart(415)) - Started @200236ms
2023-03-09 15:01:09,582 [Listener at 127.0.0.1/46001] WARN  impl.MetricsSystemImpl (MetricsSystemImpl.java:register(279)) - Sink prometheus already exists!
2023-03-09 15:01:09,583 [Listener at 127.0.0.1/46001] INFO  http.BaseHttpServer (BaseHttpServer.java:updateConnectorAddress(344)) - HTTP server of hddsDatanode listening at http://0.0.0.0:46211
2023-03-09 15:01:09,584 [Datanode State Machine Daemon Thread] INFO  statemachine.DatanodeStateMachine (DatanodeStateMachine.java:lambda$startDaemon$0(517)) - Ozone container server started.
2023-03-09 15:01:09,586 [Listener at 127.0.0.1/46001] WARN  impl.MetricRegistriesImpl (MetricRegistriesImpl.java:addReporterRegistration(111)) - New reporters are added after registries were created. Some metrics will be missing from the reporter. Please add reporter before adding any new registry.
2023-03-09 15:01:09,587 [Listener at 127.0.0.1/46001] WARN  impl.MetricRegistriesImpl (MetricRegistriesImpl.java:addReporterRegistration(111)) - New reporters are added after registries were created. Some metrics will be missing from the reporter. Please add reporter before adding any new registry.
2023-03-09 15:01:09,587 [Listener at 127.0.0.1/46001] INFO  impl.MetricsSystemImpl (MetricsSystemImpl.java:init(158)) - HddsDatanode metrics system started (again)
2023-03-09 15:01:09,599 [org.apache.hadoop.util.JvmPauseMonitor$Monitor@16446285] INFO  util.JvmPauseMonitor (JvmPauseMonitor.java:run(188)) - Starting JVM pause monitor
2023-03-09 15:01:09,602 [Listener at 127.0.0.1/46001] INFO  ozone.HddsDatanodeService (HddsDatanodeService.java:start(229)) - HddsDatanodeService host:fv-az377-502.ap30g4v5sw5evmjtdmxdg2w53f.dx.internal.cloudapp.net ip:10.1.0.44
2023-03-09 15:01:09,603 [Datanode State Machine Task Thread - 0] INFO  ha.SCMNodeInfo (SCMNodeInfo.java:getPort(197)) - ConfigKey ozone.scm.client.address is deprecated, For configuring different ports for each SCM use PortConfigKey ozone.scm.client.port appended with serviceId and nodeId
2023-03-09 15:01:09,603 [Datanode State Machine Task Thread - 0] INFO  ha.SCMNodeInfo (SCMNodeInfo.java:getPort(197)) - ConfigKey ozone.scm.block.client.address is deprecated, For configuring different ports for each SCM use PortConfigKey ozone.scm.block.client.port appended with serviceId and nodeId
2023-03-09 15:01:09,603 [Datanode State Machine Task Thread - 0] INFO  ha.SCMNodeInfo (SCMNodeInfo.java:getPort(197)) - ConfigKey ozone.scm.datanode.address is deprecated, For configuring different ports for each SCM use PortConfigKey ozone.scm.datanode.port appended with serviceId and nodeId
2023-03-09 15:01:09,610 [Datanode State Machine Task Thread - 0] INFO  datanode.InitDatanodeState (InitDatanodeState.java:persistContainerDatanodeDetails(138)) - DatanodeDetails is persisted to /home/runner/work/ozone/ozone/hadoop-ozone/integration-test/target/test-dir/MiniOzoneClusterImpl-254978b8-4a66-4b6a-8773-30bebe5cbf00/datanode-0/meta/datanode.id
2023-03-09 15:01:09,628 [Listener at 127.0.0.1/46001] INFO  upgrade.AbstractLayoutVersionManager (AbstractLayoutVersionManager.java:init(83)) - Initializing Layout version manager with metadata layout = DATANODE_SCHEMA_V3 (version = 4), software layout = DATANODE_SCHEMA_V3 (version = 4)
2023-03-09 15:01:09,683 [Listener at 127.0.0.1/46001] INFO  reflections.Reflections (Reflections.java:scan(232)) - Reflections took 53 ms to scan 7 urls, producing 154 keys and 367 values 
2023-03-09 15:01:09,686 [Listener at 127.0.0.1/46001] INFO  ha.SCMNodeInfo (SCMNodeInfo.java:getPort(197)) - ConfigKey ozone.scm.client.address is deprecated, For configuring different ports for each SCM use PortConfigKey ozone.scm.client.port appended with serviceId and nodeId
2023-03-09 15:01:09,686 [Listener at 127.0.0.1/46001] INFO  ha.SCMNodeInfo (SCMNodeInfo.java:getPort(197)) - ConfigKey ozone.scm.block.client.address is deprecated, For configuring different ports for each SCM use PortConfigKey ozone.scm.block.client.port appended with serviceId and nodeId
2023-03-09 15:01:09,686 [Listener at 127.0.0.1/46001] INFO  ha.SCMNodeInfo (SCMNodeInfo.java:getPort(197)) - ConfigKey ozone.scm.datanode.address is deprecated, For configuring different ports for each SCM use PortConfigKey ozone.scm.datanode.port appended with serviceId and nodeId
2023-03-09 15:01:09,687 [Listener at 127.0.0.1/46001] INFO  statemachine.DatanodeStateMachine (DatanodeStateMachine.java:getEndPointTaskThreadPoolSize(260)) - Datanode State Machine Task Thread Pool size 2
2023-03-09 15:01:09,688 [Listener at 127.0.0.1/46001] INFO  volume.HddsVolume (HddsVolume.java:<init>(122)) - Creating HddsVolume: /home/runner/work/ozone/ozone/hadoop-ozone/integration-test/target/test-dir/MiniOzoneClusterImpl-254978b8-4a66-4b6a-8773-30bebe5cbf00/datanode-1/data-0/containers/hdds of storage type : DISK capacity : 9223372036854775807
2023-03-09 15:01:09,689 [Listener at 127.0.0.1/46001] INFO  volume.MutableVolumeSet (MutableVolumeSet.java:initializeVolumeSet(174)) - Added Volume : /home/runner/work/ozone/ozone/hadoop-ozone/integration-test/target/test-dir/MiniOzoneClusterImpl-254978b8-4a66-4b6a-8773-30bebe5cbf00/datanode-1/data-0/containers/hdds to VolumeSet
2023-03-09 15:01:09,689 [Listener at 127.0.0.1/46001] INFO  volume.ThrottledAsyncChecker (ThrottledAsyncChecker.java:schedule(141)) - Scheduling a check for /home/runner/work/ozone/ozone/hadoop-ozone/integration-test/target/test-dir/MiniOzoneClusterImpl-254978b8-4a66-4b6a-8773-30bebe5cbf00/datanode-1/data-0/containers/hdds
2023-03-09 15:01:09,690 [Listener at 127.0.0.1/46001] INFO  volume.StorageVolumeChecker (StorageVolumeChecker.java:checkAllVolumes(202)) - Scheduled health check for volume /home/runner/work/ozone/ozone/hadoop-ozone/integration-test/target/test-dir/MiniOzoneClusterImpl-254978b8-4a66-4b6a-8773-30bebe5cbf00/datanode-1/data-0/containers/hdds
2023-03-09 15:01:09,708 [Listener at 127.0.0.1/46001] INFO  volume.MutableVolumeSet (MutableVolumeSet.java:initializeVolumeSet(174)) - Added Volume : /home/runner/work/ozone/ozone/hadoop-ozone/integration-test/target/test-dir/MiniOzoneClusterImpl-254978b8-4a66-4b6a-8773-30bebe5cbf00/datanode-1/data/ratis to VolumeSet
2023-03-09 15:01:09,709 [Listener at 127.0.0.1/46001] INFO  volume.ThrottledAsyncChecker (ThrottledAsyncChecker.java:schedule(141)) - Scheduling a check for /home/runner/work/ozone/ozone/hadoop-ozone/integration-test/target/test-dir/MiniOzoneClusterImpl-254978b8-4a66-4b6a-8773-30bebe5cbf00/datanode-1/data/ratis
2023-03-09 15:01:09,709 [Listener at 127.0.0.1/46001] INFO  volume.StorageVolumeChecker (StorageVolumeChecker.java:checkAllVolumes(202)) - Scheduled health check for volume /home/runner/work/ozone/ozone/hadoop-ozone/integration-test/target/test-dir/MiniOzoneClusterImpl-254978b8-4a66-4b6a-8773-30bebe5cbf00/datanode-1/data/ratis
2023-03-09 15:01:09,722 [Thread-3360] INFO  ozoneimpl.ContainerReader (ContainerReader.java:readVolume(175)) - Finish verifying containers on volume /home/runner/work/ozone/ozone/hadoop-ozone/integration-test/target/test-dir/MiniOzoneClusterImpl-254978b8-4a66-4b6a-8773-30bebe5cbf00/datanode-1/data-0/containers/hdds
2023-03-09 15:01:09,722 [Listener at 127.0.0.1/46001] INFO  ozoneimpl.OzoneContainer (OzoneContainer.java:buildContainerSet(304)) - Build ContainerSet costs 0s
2023-03-09 15:01:09,726 [Listener at 127.0.0.1/46001] INFO  server.RaftServer (ConfUtils.java:logGet(46)) - raft.rpc.type = GRPC (default)
2023-03-09 15:01:09,727 [Listener at 127.0.0.1/46001] INFO  grpc.GrpcConfigKeys (ConfUtils.java:logFallback(53)) - raft.grpc.admin.host = null (fallback to raft.grpc.server.host)
2023-03-09 15:01:09,727 [Listener at 127.0.0.1/46001] INFO  grpc.GrpcConfigKeys (ConfUtils.java:logGet(46)) - raft.grpc.admin.port = 0 (custom)
2023-03-09 15:01:09,727 [Listener at 127.0.0.1/46001] INFO  grpc.GrpcConfigKeys (ConfUtils.java:logFallback(53)) - raft.grpc.client.host = null (fallback to raft.grpc.server.host)
2023-03-09 15:01:09,728 [Listener at 127.0.0.1/46001] INFO  grpc.GrpcConfigKeys (ConfUtils.java:logGet(46)) - raft.grpc.client.port = 0 (custom)
2023-03-09 15:01:09,728 [Listener at 127.0.0.1/46001] INFO  grpc.GrpcConfigKeys (ConfUtils.java:logGet(46)) - raft.grpc.server.host = null (default)
2023-03-09 15:01:09,728 [Listener at 127.0.0.1/46001] INFO  grpc.GrpcConfigKeys (ConfUtils.java:logGet(46)) - raft.grpc.server.port = 0 (default)
2023-03-09 15:01:09,728 [Listener at 127.0.0.1/46001] INFO  server.GrpcService (ConfUtils.java:logGet(46)) - raft.grpc.message.size.max = 32MB (=33554432) (custom)
2023-03-09 15:01:09,728 [Listener at 127.0.0.1/46001] INFO  server.RaftServerConfigKeys (ConfUtils.java:logGet(46)) - raft.server.log.appender.buffer.byte-limit = 33554432 (custom)
2023-03-09 15:01:09,729 [Listener at 127.0.0.1/46001] INFO  server.GrpcService (ConfUtils.java:logGet(46)) - raft.grpc.flow.control.window = 5MB (=5242880) (custom)
2023-03-09 15:01:09,729 [Listener at 127.0.0.1/46001] INFO  server.RaftServerConfigKeys (ConfUtils.java:logGet(46)) - raft.server.rpc.request.timeout = 60s (custom)
2023-03-09 15:01:09,729 [Listener at 127.0.0.1/46001] INFO  grpc.GrpcConfigKeys (ConfUtils.java:logGet(46)) - raft.grpc.server.heartbeat.channel = true (default)
2023-03-09 15:01:09,729 [Listener at 127.0.0.1/46001] INFO  grpc.GrpcConfigKeys (ConfUtils.java:logGet(46)) - raft.grpc.server.async.request.thread.pool.cached = true (default)
2023-03-09 15:01:09,729 [Listener at 127.0.0.1/46001] INFO  grpc.GrpcConfigKeys (ConfUtils.java:logGet(46)) - raft.grpc.server.async.request.thread.pool.size = 32 (default)
2023-03-09 15:01:09,734 [Listener at 127.0.0.1/46001] INFO  impl.DataStreamServerImpl (ConfUtils.java:logGet(46)) - raft.datastream.type = NETTY (custom)
2023-03-09 15:01:09,734 [Listener at 127.0.0.1/46001] INFO  server.RaftServerConfigKeys (ConfUtils.java:logGet(46)) - raft.server.data-stream.async.request.thread.pool.cached = false (default)
2023-03-09 15:01:09,735 [Listener at 127.0.0.1/46001] INFO  server.RaftServerConfigKeys (ConfUtils.java:logGet(46)) - raft.server.data-stream.async.request.thread.pool.size = 20 (custom)
2023-03-09 15:01:09,735 [Listener at 127.0.0.1/46001] INFO  server.RaftServerConfigKeys (ConfUtils.java:logGet(46)) - raft.server.data-stream.async.write.thread.pool.size = 16 (default)
2023-03-09 15:01:09,735 [Listener at 127.0.0.1/46001] INFO  server.RaftServerConfigKeys (ConfUtils.java:logGet(46)) - raft.server.data-stream.client.pool.size = 10 (default)
2023-03-09 15:01:09,735 [Listener at 127.0.0.1/46001] INFO  netty.NettyConfigKeys$DataStream (ConfUtils.java:logGet(46)) - raft.netty.dataStream.server.use-epoll = false (default)
2023-03-09 15:01:09,735 [Listener at 127.0.0.1/46001] INFO  netty.NettyConfigKeys$DataStream (ConfUtils.java:logGet(46)) - raft.netty.dataStream.server.boss-group.size = 0 (default)
2023-03-09 15:01:09,736 [Listener at 127.0.0.1/46001] INFO  netty.NettyConfigKeys$DataStream (ConfUtils.java:logGet(46)) - raft.netty.dataStream.server.worker-group.size = 0 (default)
2023-03-09 15:01:09,737 [Listener at 127.0.0.1/46001] INFO  netty.NettyConfigKeys$DataStream (ConfUtils.java:logGet(46)) - raft.netty.dataStream.server.tls.conf = null (default)
2023-03-09 15:01:09,737 [Listener at 127.0.0.1/46001] INFO  netty.NettyConfigKeys$DataStream (ConfUtils.java:logGet(46)) - raft.netty.dataStream.host = null (default)
2023-03-09 15:01:09,737 [Listener at 127.0.0.1/46001] INFO  netty.NettyConfigKeys$DataStream (ConfUtils.java:logGet(46)) - raft.netty.dataStream.port = 0 (default)
2023-03-09 15:01:09,738 [Listener at 127.0.0.1/46001] INFO  server.RaftServerConfigKeys (ConfUtils.java:logGet(46)) - raft.server.threadpool.proxy.cached = true (default)
2023-03-09 15:01:09,739 [Listener at 127.0.0.1/46001] INFO  server.RaftServerConfigKeys (ConfUtils.java:logGet(46)) - raft.server.threadpool.proxy.size = 0 (default)
2023-03-09 15:01:09,739 [Listener at 127.0.0.1/46001] INFO  server.RaftServerConfigKeys (ConfUtils.java:logGet(46)) - raft.server.rpc.slowness.timeout = 300s (custom)
2023-03-09 15:01:09,739 [Listener at 127.0.0.1/46001] INFO  server.RaftServerConfigKeys (ConfUtils.java:logGet(46)) - raft.server.leaderelection.leader.step-down.wait-time = 10s (default)
2023-03-09 15:01:09,739 [Listener at 127.0.0.1/46001] INFO  server.RaftServerConfigKeys (ConfUtils.java:logGet(46)) - raft.server.storage.dir = [/home/runner/work/ozone/ozone/hadoop-ozone/integration-test/target/test-dir/MiniOzoneClusterImpl-254978b8-4a66-4b6a-8773-30bebe5cbf00/datanode-1/data/ratis] (custom)
2023-03-09 15:01:09,740 [bbaee90d-c4b2-4cc7-a980-1e6be073f94e-NettyServerStreamRpc-bossGroup--thread1] INFO  logging.LoggingHandler (AbstractInternalLogger.java:log(148)) - [id: 0x0cb457bb] REGISTERED
2023-03-09 15:01:09,740 [bbaee90d-c4b2-4cc7-a980-1e6be073f94e-NettyServerStreamRpc-bossGroup--thread1] INFO  logging.LoggingHandler (AbstractInternalLogger.java:log(148)) - [id: 0x0cb457bb] BIND: 0.0.0.0/0.0.0.0:0
2023-03-09 15:01:09,741 [bbaee90d-c4b2-4cc7-a980-1e6be073f94e-NettyServerStreamRpc-bossGroup--thread1] INFO  logging.LoggingHandler (AbstractInternalLogger.java:log(148)) - [id: 0x0cb457bb, L:/0:0:0:0:0:0:0:0:46541] ACTIVE
2023-03-09 15:01:09,742 [Listener at 127.0.0.1/46001] INFO  server.XceiverServerGrpc (XceiverServerGrpc.java:<init>(132)) - GrpcServer channel type EpollServerSocketChannel
2023-03-09 15:01:09,747 [Listener at 127.0.0.1/46001] INFO  http.BaseHttpServer (BaseHttpServer.java:newHttpServer2BuilderForOzone(224)) - Starting Web-server for hddsDatanode at: http://0.0.0.0:0
2023-03-09 15:01:09,747 [Listener at 127.0.0.1/46001] INFO  http.BaseHttpServer (BaseHttpServer.java:<init>(111)) - Hadoop Security Enabled: false Ozone Security Enabled: false Ozone HTTP Security Enabled: false 
2023-03-09 15:01:09,748 [Listener at 127.0.0.1/46001] WARN  server.AuthenticationFilter (AuthenticationFilter.java:constructSecretProvider(240)) - Unable to initialize FileSignerSecretProvider, falling back to use random secrets. Reason: Could not read signature secret file: /home/runner/hadoop-http-auth-signature-secret
2023-03-09 15:01:09,750 [Listener at 127.0.0.1/46001] WARN  http.HttpRequestLog (HttpRequestLog.java:getRequestLog(103)) - Jetty request log can only be enabled using Log4j
2023-03-09 15:01:09,755 [Listener at 127.0.0.1/46001] INFO  http.HttpServer2 (HttpServer2.java:addGlobalFilter(1031)) - Added global filter 'safety' (class=org.apache.hadoop.hdds.server.http.HttpServer2$QuotingInputFilter)
2023-03-09 15:01:09,756 [Listener at 127.0.0.1/46001] INFO  http.HttpServer2 (HttpServer2.java:addFilter(1007)) - Added filter static_user_filter (class=org.apache.hadoop.http.lib.StaticUserWebFilter$StaticUserFilter) to context hddsDatanode
2023-03-09 15:01:09,756 [Listener at 127.0.0.1/46001] INFO  http.HttpServer2 (HttpServer2.java:addFilter(1015)) - Added filter static_user_filter (class=org.apache.hadoop.http.lib.StaticUserWebFilter$StaticUserFilter) to context logs
2023-03-09 15:01:09,756 [Listener at 127.0.0.1/46001] INFO  http.HttpServer2 (HttpServer2.java:addFilter(1015)) - Added filter static_user_filter (class=org.apache.hadoop.http.lib.StaticUserWebFilter$StaticUserFilter) to context static
2023-03-09 15:01:09,757 [Listener at 127.0.0.1/46001] INFO  http.BaseHttpServer (BaseHttpServer.java:<init>(190)) - HTTP server of hddsDatanode uses base directory /home/runner/work/ozone/ozone/hadoop-ozone/integration-test/target/test-dir/MiniOzoneClusterImpl-254978b8-4a66-4b6a-8773-30bebe5cbf00/datanode-1/meta/webserver
2023-03-09 15:01:09,758 [Listener at 127.0.0.1/46001] INFO  http.HttpServer2 (HttpServer2.java:bindListener(1250)) - Jetty bound to port 46745
2023-03-09 15:01:09,758 [Listener at 127.0.0.1/46001] INFO  server.Server (Server.java:doStart(375)) - jetty-9.4.49.v20220914; built: 2022-09-14T01:07:36.601Z; git: 4231a3b2e4cb8548a412a789936d640a97b1aa0a; jvm 1.8.0_362-b09
2023-03-09 15:01:09,761 [Listener at 127.0.0.1/46001] INFO  server.session (DefaultSessionIdManager.java:doStart(334)) - DefaultSessionIdManager workerName=node0
2023-03-09 15:01:09,761 [Listener at 127.0.0.1/46001] INFO  server.session (DefaultSessionIdManager.java:doStart(339)) - No SessionScavenger set, using defaults
2023-03-09 15:01:09,761 [Listener at 127.0.0.1/46001] INFO  server.session (HouseKeeper.java:startScavenging(132)) - node0 Scavenging every 600000ms
2023-03-09 15:01:09,762 [Listener at 127.0.0.1/46001] INFO  handler.ContextHandler (ContextHandler.java:doStart(921)) - Started o.e.j.s.ServletContextHandler@752b4fb8{logs,/logs,file:///home/runner/work/ozone/ozone/hadoop-ozone/integration-test/target/log,AVAILABLE}
2023-03-09 15:01:09,762 [Listener at 127.0.0.1/46001] INFO  handler.ContextHandler (ContextHandler.java:doStart(921)) - Started o.e.j.s.ServletContextHandler@74bd4843{static,/static,jar:file:/home/runner/.m2/repository/org/apache/ozone/hdds-container-service/1.4.0-SNAPSHOT/hdds-container-service-1.4.0-SNAPSHOT.jar!/webapps/static,AVAILABLE}
2023-03-09 15:01:09,829 [EndpointStateMachine task thread for /127.0.0.1:36681 - 0 ] INFO  ipc.Client (Client.java:handleConnectionFailure(1010)) - Retrying connect to server: localhost/127.0.0.1:36681. Already tried 9 time(s); retry policy is RetryUpToMaximumCountWithFixedSleep(maxRetries=15, sleepTime=1000 MILLISECONDS)
2023-03-09 15:01:09,831 [EndpointStateMachine task thread for /127.0.0.1:43747 - 0 ] INFO  ipc.Client (Client.java:handleConnectionFailure(1010)) - Retrying connect to server: localhost/127.0.0.1:43747. Already tried 3 time(s); retry policy is RetryUpToMaximumCountWithFixedSleep(maxRetries=15, sleepTime=1000 MILLISECONDS)
2023-03-09 15:01:09,991 [Listener at 127.0.0.1/46001] INFO  handler.ContextHandler (ContextHandler.java:doStart(921)) - Started o.e.j.w.WebAppContext@6a6d027e{hddsDatanode,/,file:///home/runner/work/ozone/ozone/hadoop-ozone/integration-test/target/test-dir/MiniOzoneClusterImpl-254978b8-4a66-4b6a-8773-30bebe5cbf00/datanode-1/meta/webserver/jetty-0_0_0_0-46745-hdds-container-service-1_4_0-SNAPSHOT_jar-_-any-3593343688832966114/webapp/,AVAILABLE}{jar:file:/home/runner/.m2/repository/org/apache/ozone/hdds-container-service/1.4.0-SNAPSHOT/hdds-container-service-1.4.0-SNAPSHOT.jar!/webapps/hddsDatanode}
2023-03-09 15:01:09,994 [Listener at 127.0.0.1/46001] INFO  server.AbstractConnector (AbstractConnector.java:doStart(333)) - Started ServerConnector@3491db25{HTTP/1.1, (http/1.1)}{0.0.0.0:46745}
2023-03-09 15:01:09,994 [Listener at 127.0.0.1/46001] INFO  server.Server (Server.java:doStart(415)) - Started @200647ms
2023-03-09 15:01:09,995 [Listener at 127.0.0.1/46001] WARN  impl.MetricsSystemImpl (MetricsSystemImpl.java:register(279)) - Sink prometheus already exists!
2023-03-09 15:01:09,996 [Listener at 127.0.0.1/46001] INFO  http.BaseHttpServer (BaseHttpServer.java:updateConnectorAddress(344)) - HTTP server of hddsDatanode listening at http://0.0.0.0:46745
2023-03-09 15:01:09,997 [Datanode State Machine Daemon Thread] INFO  statemachine.DatanodeStateMachine (DatanodeStateMachine.java:lambda$startDaemon$0(517)) - Ozone container server started.
2023-03-09 15:01:09,997 [Listener at 127.0.0.1/46001] WARN  impl.MetricRegistriesImpl (MetricRegistriesImpl.java:addReporterRegistration(111)) - New reporters are added after registries were created. Some metrics will be missing from the reporter. Please add reporter before adding any new registry.
2023-03-09 15:01:09,998 [Listener at 127.0.0.1/46001] WARN  impl.MetricRegistriesImpl (MetricRegistriesImpl.java:addReporterRegistration(111)) - New reporters are added after registries were created. Some metrics will be missing from the reporter. Please add reporter before adding any new registry.
2023-03-09 15:01:09,998 [Listener at 127.0.0.1/46001] INFO  impl.MetricsSystemImpl (MetricsSystemImpl.java:init(158)) - HddsDatanode metrics system started (again)
2023-03-09 15:01:10,006 [org.apache.hadoop.util.JvmPauseMonitor$Monitor@20894a63] INFO  util.JvmPauseMonitor (JvmPauseMonitor.java:run(188)) - Starting JVM pause monitor
2023-03-09 15:01:10,006 [Datanode State Machine Task Thread - 0] INFO  ha.SCMNodeInfo (SCMNodeInfo.java:getPort(197)) - ConfigKey ozone.scm.client.address is deprecated, For configuring different ports for each SCM use PortConfigKey ozone.scm.client.port appended with serviceId and nodeId
2023-03-09 15:01:10,006 [Datanode State Machine Task Thread - 0] INFO  ha.SCMNodeInfo (SCMNodeInfo.java:getPort(197)) - ConfigKey ozone.scm.block.client.address is deprecated, For configuring different ports for each SCM use PortConfigKey ozone.scm.block.client.port appended with serviceId and nodeId
2023-03-09 15:01:10,007 [Datanode State Machine Task Thread - 0] INFO  ha.SCMNodeInfo (SCMNodeInfo.java:getPort(197)) - ConfigKey ozone.scm.datanode.address is deprecated, For configuring different ports for each SCM use PortConfigKey ozone.scm.datanode.port appended with serviceId and nodeId
2023-03-09 15:01:10,008 [Datanode State Machine Task Thread - 0] INFO  datanode.InitDatanodeState (InitDatanodeState.java:persistContainerDatanodeDetails(138)) - DatanodeDetails is persisted to /home/runner/work/ozone/ozone/hadoop-ozone/integration-test/target/test-dir/MiniOzoneClusterImpl-254978b8-4a66-4b6a-8773-30bebe5cbf00/datanode-1/meta/datanode.id
2023-03-09 15:01:10,012 [Listener at 127.0.0.1/46001] INFO  ozone.HddsDatanodeService (HddsDatanodeService.java:start(229)) - HddsDatanodeService host:fv-az377-502.ap30g4v5sw5evmjtdmxdg2w53f.dx.internal.cloudapp.net ip:10.1.0.44
2023-03-09 15:01:10,039 [Listener at 127.0.0.1/46001] INFO  upgrade.AbstractLayoutVersionManager (AbstractLayoutVersionManager.java:init(83)) - Initializing Layout version manager with metadata layout = DATANODE_SCHEMA_V3 (version = 4), software layout = DATANODE_SCHEMA_V3 (version = 4)
2023-03-09 15:01:10,091 [Listener at 127.0.0.1/46001] INFO  reflections.Reflections (Reflections.java:scan(232)) - Reflections took 51 ms to scan 7 urls, producing 154 keys and 367 values 
2023-03-09 15:01:10,092 [Listener at 127.0.0.1/46001] INFO  ha.SCMNodeInfo (SCMNodeInfo.java:getPort(197)) - ConfigKey ozone.scm.client.address is deprecated, For configuring different ports for each SCM use PortConfigKey ozone.scm.client.port appended with serviceId and nodeId
2023-03-09 15:01:10,093 [Listener at 127.0.0.1/46001] INFO  ha.SCMNodeInfo (SCMNodeInfo.java:getPort(197)) - ConfigKey ozone.scm.block.client.address is deprecated, For configuring different ports for each SCM use PortConfigKey ozone.scm.block.client.port appended with serviceId and nodeId
2023-03-09 15:01:10,093 [Listener at 127.0.0.1/46001] INFO  ha.SCMNodeInfo (SCMNodeInfo.java:getPort(197)) - ConfigKey ozone.scm.datanode.address is deprecated, For configuring different ports for each SCM use PortConfigKey ozone.scm.datanode.port appended with serviceId and nodeId
2023-03-09 15:01:10,093 [Listener at 127.0.0.1/46001] INFO  statemachine.DatanodeStateMachine (DatanodeStateMachine.java:getEndPointTaskThreadPoolSize(260)) - Datanode State Machine Task Thread Pool size 2
2023-03-09 15:01:10,094 [Listener at 127.0.0.1/46001] INFO  volume.HddsVolume (HddsVolume.java:<init>(122)) - Creating HddsVolume: /home/runner/work/ozone/ozone/hadoop-ozone/integration-test/target/test-dir/MiniOzoneClusterImpl-254978b8-4a66-4b6a-8773-30bebe5cbf00/datanode-2/data-0/containers/hdds of storage type : DISK capacity : 9223372036854775807
2023-03-09 15:01:10,095 [Listener at 127.0.0.1/46001] INFO  volume.MutableVolumeSet (MutableVolumeSet.java:initializeVolumeSet(174)) - Added Volume : /home/runner/work/ozone/ozone/hadoop-ozone/integration-test/target/test-dir/MiniOzoneClusterImpl-254978b8-4a66-4b6a-8773-30bebe5cbf00/datanode-2/data-0/containers/hdds to VolumeSet
2023-03-09 15:01:10,095 [Listener at 127.0.0.1/46001] INFO  volume.ThrottledAsyncChecker (ThrottledAsyncChecker.java:schedule(141)) - Scheduling a check for /home/runner/work/ozone/ozone/hadoop-ozone/integration-test/target/test-dir/MiniOzoneClusterImpl-254978b8-4a66-4b6a-8773-30bebe5cbf00/datanode-2/data-0/containers/hdds
2023-03-09 15:01:10,096 [Listener at 127.0.0.1/46001] INFO  volume.StorageVolumeChecker (StorageVolumeChecker.java:checkAllVolumes(202)) - Scheduled health check for volume /home/runner/work/ozone/ozone/hadoop-ozone/integration-test/target/test-dir/MiniOzoneClusterImpl-254978b8-4a66-4b6a-8773-30bebe5cbf00/datanode-2/data-0/containers/hdds
2023-03-09 15:01:10,107 [Listener at 127.0.0.1/46001] INFO  volume.MutableVolumeSet (MutableVolumeSet.java:initializeVolumeSet(174)) - Added Volume : /home/runner/work/ozone/ozone/hadoop-ozone/integration-test/target/test-dir/MiniOzoneClusterImpl-254978b8-4a66-4b6a-8773-30bebe5cbf00/datanode-2/data/ratis to VolumeSet
2023-03-09 15:01:10,107 [Listener at 127.0.0.1/46001] INFO  volume.ThrottledAsyncChecker (ThrottledAsyncChecker.java:schedule(141)) - Scheduling a check for /home/runner/work/ozone/ozone/hadoop-ozone/integration-test/target/test-dir/MiniOzoneClusterImpl-254978b8-4a66-4b6a-8773-30bebe5cbf00/datanode-2/data/ratis
2023-03-09 15:01:10,107 [Listener at 127.0.0.1/46001] INFO  volume.StorageVolumeChecker (StorageVolumeChecker.java:checkAllVolumes(202)) - Scheduled health check for volume /home/runner/work/ozone/ozone/hadoop-ozone/integration-test/target/test-dir/MiniOzoneClusterImpl-254978b8-4a66-4b6a-8773-30bebe5cbf00/datanode-2/data/ratis
2023-03-09 15:01:10,119 [Thread-3374] INFO  ozoneimpl.ContainerReader (ContainerReader.java:readVolume(175)) - Finish verifying containers on volume /home/runner/work/ozone/ozone/hadoop-ozone/integration-test/target/test-dir/MiniOzoneClusterImpl-254978b8-4a66-4b6a-8773-30bebe5cbf00/datanode-2/data-0/containers/hdds
2023-03-09 15:01:10,119 [Listener at 127.0.0.1/46001] INFO  ozoneimpl.OzoneContainer (OzoneContainer.java:buildContainerSet(304)) - Build ContainerSet costs 0s
2023-03-09 15:01:10,121 [Listener at 127.0.0.1/46001] INFO  server.RaftServer (ConfUtils.java:logGet(46)) - raft.rpc.type = GRPC (default)
2023-03-09 15:01:10,121 [Listener at 127.0.0.1/46001] INFO  grpc.GrpcConfigKeys (ConfUtils.java:logFallback(53)) - raft.grpc.admin.host = null (fallback to raft.grpc.server.host)
2023-03-09 15:01:10,121 [Listener at 127.0.0.1/46001] INFO  grpc.GrpcConfigKeys (ConfUtils.java:logGet(46)) - raft.grpc.admin.port = 0 (custom)
2023-03-09 15:01:10,121 [Listener at 127.0.0.1/46001] INFO  grpc.GrpcConfigKeys (ConfUtils.java:logFallback(53)) - raft.grpc.client.host = null (fallback to raft.grpc.server.host)
2023-03-09 15:01:10,121 [Listener at 127.0.0.1/46001] INFO  grpc.GrpcConfigKeys (ConfUtils.java:logGet(46)) - raft.grpc.client.port = 0 (custom)
2023-03-09 15:01:10,122 [Listener at 127.0.0.1/46001] INFO  grpc.GrpcConfigKeys (ConfUtils.java:logGet(46)) - raft.grpc.server.host = null (default)
2023-03-09 15:01:10,122 [Listener at 127.0.0.1/46001] INFO  grpc.GrpcConfigKeys (ConfUtils.java:logGet(46)) - raft.grpc.server.port = 0 (default)
2023-03-09 15:01:10,122 [Listener at 127.0.0.1/46001] INFO  server.GrpcService (ConfUtils.java:logGet(46)) - raft.grpc.message.size.max = 32MB (=33554432) (custom)
2023-03-09 15:01:10,122 [Listener at 127.0.0.1/46001] INFO  server.RaftServerConfigKeys (ConfUtils.java:logGet(46)) - raft.server.log.appender.buffer.byte-limit = 33554432 (custom)
2023-03-09 15:01:10,122 [Listener at 127.0.0.1/46001] INFO  server.GrpcService (ConfUtils.java:logGet(46)) - raft.grpc.flow.control.window = 5MB (=5242880) (custom)
2023-03-09 15:01:10,122 [Listener at 127.0.0.1/46001] INFO  server.RaftServerConfigKeys (ConfUtils.java:logGet(46)) - raft.server.rpc.request.timeout = 60s (custom)
2023-03-09 15:01:10,122 [Listener at 127.0.0.1/46001] INFO  grpc.GrpcConfigKeys (ConfUtils.java:logGet(46)) - raft.grpc.server.heartbeat.channel = true (default)
2023-03-09 15:01:10,123 [Listener at 127.0.0.1/46001] INFO  grpc.GrpcConfigKeys (ConfUtils.java:logGet(46)) - raft.grpc.server.async.request.thread.pool.cached = true (default)
2023-03-09 15:01:10,123 [Listener at 127.0.0.1/46001] INFO  grpc.GrpcConfigKeys (ConfUtils.java:logGet(46)) - raft.grpc.server.async.request.thread.pool.size = 32 (default)
2023-03-09 15:01:10,124 [Listener at 127.0.0.1/46001] INFO  impl.DataStreamServerImpl (ConfUtils.java:logGet(46)) - raft.datastream.type = NETTY (custom)
2023-03-09 15:01:10,124 [Listener at 127.0.0.1/46001] INFO  server.RaftServerConfigKeys (ConfUtils.java:logGet(46)) - raft.server.data-stream.async.request.thread.pool.cached = false (default)
2023-03-09 15:01:10,124 [Listener at 127.0.0.1/46001] INFO  server.RaftServerConfigKeys (ConfUtils.java:logGet(46)) - raft.server.data-stream.async.request.thread.pool.size = 20 (custom)
2023-03-09 15:01:10,125 [Listener at 127.0.0.1/46001] INFO  server.RaftServerConfigKeys (ConfUtils.java:logGet(46)) - raft.server.data-stream.async.write.thread.pool.size = 16 (default)
2023-03-09 15:01:10,125 [Listener at 127.0.0.1/46001] INFO  server.RaftServerConfigKeys (ConfUtils.java:logGet(46)) - raft.server.data-stream.client.pool.size = 10 (default)
2023-03-09 15:01:10,125 [Listener at 127.0.0.1/46001] INFO  netty.NettyConfigKeys$DataStream (ConfUtils.java:logGet(46)) - raft.netty.dataStream.server.use-epoll = false (default)
2023-03-09 15:01:10,125 [Listener at 127.0.0.1/46001] INFO  netty.NettyConfigKeys$DataStream (ConfUtils.java:logGet(46)) - raft.netty.dataStream.server.boss-group.size = 0 (default)
2023-03-09 15:01:10,125 [Listener at 127.0.0.1/46001] INFO  netty.NettyConfigKeys$DataStream (ConfUtils.java:logGet(46)) - raft.netty.dataStream.server.worker-group.size = 0 (default)
2023-03-09 15:01:10,126 [Listener at 127.0.0.1/46001] INFO  netty.NettyConfigKeys$DataStream (ConfUtils.java:logGet(46)) - raft.netty.dataStream.server.tls.conf = null (default)
2023-03-09 15:01:10,126 [Listener at 127.0.0.1/46001] INFO  netty.NettyConfigKeys$DataStream (ConfUtils.java:logGet(46)) - raft.netty.dataStream.host = null (default)
2023-03-09 15:01:10,126 [Listener at 127.0.0.1/46001] INFO  netty.NettyConfigKeys$DataStream (ConfUtils.java:logGet(46)) - raft.netty.dataStream.port = 0 (default)
2023-03-09 15:01:10,127 [Listener at 127.0.0.1/46001] INFO  server.RaftServerConfigKeys (ConfUtils.java:logGet(46)) - raft.server.threadpool.proxy.cached = true (default)
2023-03-09 15:01:10,127 [Listener at 127.0.0.1/46001] INFO  server.RaftServerConfigKeys (ConfUtils.java:logGet(46)) - raft.server.threadpool.proxy.size = 0 (default)
2023-03-09 15:01:10,127 [Listener at 127.0.0.1/46001] INFO  server.RaftServerConfigKeys (ConfUtils.java:logGet(46)) - raft.server.rpc.slowness.timeout = 300s (custom)
2023-03-09 15:01:10,128 [Listener at 127.0.0.1/46001] INFO  server.RaftServerConfigKeys (ConfUtils.java:logGet(46)) - raft.server.leaderelection.leader.step-down.wait-time = 10s (default)
2023-03-09 15:01:10,127 [b8851da8-2889-47c2-8cdf-bbb0cc701685-NettyServerStreamRpc-bossGroup--thread1] INFO  logging.LoggingHandler (AbstractInternalLogger.java:log(148)) - [id: 0x64ace7bb] REGISTERED
2023-03-09 15:01:10,128 [Listener at 127.0.0.1/46001] INFO  server.RaftServerConfigKeys (ConfUtils.java:logGet(46)) - raft.server.storage.dir = [/home/runner/work/ozone/ozone/hadoop-ozone/integration-test/target/test-dir/MiniOzoneClusterImpl-254978b8-4a66-4b6a-8773-30bebe5cbf00/datanode-2/data/ratis] (custom)
2023-03-09 15:01:10,128 [b8851da8-2889-47c2-8cdf-bbb0cc701685-NettyServerStreamRpc-bossGroup--thread1] INFO  logging.LoggingHandler (AbstractInternalLogger.java:log(148)) - [id: 0x64ace7bb] BIND: 0.0.0.0/0.0.0.0:0
2023-03-09 15:01:10,128 [b8851da8-2889-47c2-8cdf-bbb0cc701685-NettyServerStreamRpc-bossGroup--thread1] INFO  logging.LoggingHandler (AbstractInternalLogger.java:log(148)) - [id: 0x64ace7bb, L:/0:0:0:0:0:0:0:0:45751] ACTIVE
2023-03-09 15:01:10,129 [Listener at 127.0.0.1/46001] INFO  server.XceiverServerGrpc (XceiverServerGrpc.java:<init>(132)) - GrpcServer channel type EpollServerSocketChannel
2023-03-09 15:01:10,132 [Listener at 127.0.0.1/46001] INFO  http.BaseHttpServer (BaseHttpServer.java:newHttpServer2BuilderForOzone(224)) - Starting Web-server for hddsDatanode at: http://0.0.0.0:0
2023-03-09 15:01:10,132 [Listener at 127.0.0.1/46001] INFO  http.BaseHttpServer (BaseHttpServer.java:<init>(111)) - Hadoop Security Enabled: false Ozone Security Enabled: false Ozone HTTP Security Enabled: false 
2023-03-09 15:01:10,133 [Listener at 127.0.0.1/46001] WARN  server.AuthenticationFilter (AuthenticationFilter.java:constructSecretProvider(240)) - Unable to initialize FileSignerSecretProvider, falling back to use random secrets. Reason: Could not read signature secret file: /home/runner/hadoop-http-auth-signature-secret
2023-03-09 15:01:10,134 [Listener at 127.0.0.1/46001] WARN  http.HttpRequestLog (HttpRequestLog.java:getRequestLog(103)) - Jetty request log can only be enabled using Log4j
2023-03-09 15:01:10,135 [Listener at 127.0.0.1/46001] INFO  http.HttpServer2 (HttpServer2.java:addGlobalFilter(1031)) - Added global filter 'safety' (class=org.apache.hadoop.hdds.server.http.HttpServer2$QuotingInputFilter)
2023-03-09 15:01:10,136 [Listener at 127.0.0.1/46001] INFO  http.HttpServer2 (HttpServer2.java:addFilter(1007)) - Added filter static_user_filter (class=org.apache.hadoop.http.lib.StaticUserWebFilter$StaticUserFilter) to context hddsDatanode
2023-03-09 15:01:10,136 [Listener at 127.0.0.1/46001] INFO  http.HttpServer2 (HttpServer2.java:addFilter(1015)) - Added filter static_user_filter (class=org.apache.hadoop.http.lib.StaticUserWebFilter$StaticUserFilter) to context static
2023-03-09 15:01:10,136 [Listener at 127.0.0.1/46001] INFO  http.HttpServer2 (HttpServer2.java:addFilter(1015)) - Added filter static_user_filter (class=org.apache.hadoop.http.lib.StaticUserWebFilter$StaticUserFilter) to context logs
2023-03-09 15:01:10,137 [Listener at 127.0.0.1/46001] INFO  http.BaseHttpServer (BaseHttpServer.java:<init>(190)) - HTTP server of hddsDatanode uses base directory /home/runner/work/ozone/ozone/hadoop-ozone/integration-test/target/test-dir/MiniOzoneClusterImpl-254978b8-4a66-4b6a-8773-30bebe5cbf00/datanode-2/meta/webserver
2023-03-09 15:01:10,137 [Listener at 127.0.0.1/46001] INFO  http.HttpServer2 (HttpServer2.java:bindListener(1250)) - Jetty bound to port 44769
2023-03-09 15:01:10,137 [Listener at 127.0.0.1/46001] INFO  server.Server (Server.java:doStart(375)) - jetty-9.4.49.v20220914; built: 2022-09-14T01:07:36.601Z; git: 4231a3b2e4cb8548a412a789936d640a97b1aa0a; jvm 1.8.0_362-b09
2023-03-09 15:01:10,141 [Listener at 127.0.0.1/46001] INFO  server.session (DefaultSessionIdManager.java:doStart(334)) - DefaultSessionIdManager workerName=node0
2023-03-09 15:01:10,142 [Listener at 127.0.0.1/46001] INFO  server.session (DefaultSessionIdManager.java:doStart(339)) - No SessionScavenger set, using defaults
2023-03-09 15:01:10,142 [Listener at 127.0.0.1/46001] INFO  server.session (HouseKeeper.java:startScavenging(132)) - node0 Scavenging every 660000ms
2023-03-09 15:01:10,142 [Listener at 127.0.0.1/46001] INFO  handler.ContextHandler (ContextHandler.java:doStart(921)) - Started o.e.j.s.ServletContextHandler@4ace740d{logs,/logs,file:///home/runner/work/ozone/ozone/hadoop-ozone/integration-test/target/log,AVAILABLE}
2023-03-09 15:01:10,143 [Listener at 127.0.0.1/46001] INFO  handler.ContextHandler (ContextHandler.java:doStart(921)) - Started o.e.j.s.ServletContextHandler@2e74e565{static,/static,jar:file:/home/runner/.m2/repository/org/apache/ozone/hdds-container-service/1.4.0-SNAPSHOT/hdds-container-service-1.4.0-SNAPSHOT.jar!/webapps/static,AVAILABLE}
2023-03-09 15:01:10,231 [omNode-1@group-0AAC5367B30E-FollowerState] INFO  impl.FollowerState (FollowerState.java:run(143)) - omNode-1@group-0AAC5367B30E-FollowerState: change to CANDIDATE, lastRpcElapsedTime:1073701094ns, electionTimeout:1072ms
2023-03-09 15:01:10,231 [omNode-1@group-0AAC5367B30E-FollowerState] INFO  impl.RoleInfo (RoleInfo.java:shutdownFollowerState(110)) - omNode-1: shutdown omNode-1@group-0AAC5367B30E-FollowerState
2023-03-09 15:01:10,231 [omNode-1@group-0AAC5367B30E-FollowerState] INFO  server.RaftServer$Division (RaftServerImpl.java:setRole(321)) - omNode-1@group-0AAC5367B30E: changes role from  FOLLOWER to CANDIDATE at term 0 for changeToCandidate
2023-03-09 15:01:10,231 [omNode-1@group-0AAC5367B30E-FollowerState] INFO  server.RaftServerConfigKeys (ConfUtils.java:logGet(46)) - raft.server.leaderelection.pre-vote = true (default)
2023-03-09 15:01:10,231 [omNode-1@group-0AAC5367B30E-FollowerState] INFO  impl.RoleInfo (RoleInfo.java:updateAndGet(139)) - omNode-1: start omNode-1@group-0AAC5367B30E-LeaderElection45
2023-03-09 15:01:10,236 [omNode-1@group-0AAC5367B30E-LeaderElection45] INFO  impl.LeaderElection (LeaderElection.java:askForVotes(312)) - omNode-1@group-0AAC5367B30E-LeaderElection45 PRE_VOTE round 0: submit vote requests at term 0 for -1: peers:[omNode-1|rpc:localhost:43479|priority:0|startupRole:FOLLOWER]|listeners:[], old=null
2023-03-09 15:01:10,236 [omNode-1@group-0AAC5367B30E-LeaderElection45] INFO  impl.LeaderElection (LeaderElection.java:askForVotes(314)) - omNode-1@group-0AAC5367B30E-LeaderElection45 PRE_VOTE round 0: result PASSED (term=0)
2023-03-09 15:01:10,238 [omNode-1@group-0AAC5367B30E-LeaderElection45] INFO  impl.LeaderElection (LeaderElection.java:askForVotes(312)) - omNode-1@group-0AAC5367B30E-LeaderElection45 ELECTION round 0: submit vote requests at term 1 for -1: peers:[omNode-1|rpc:localhost:43479|priority:0|startupRole:FOLLOWER]|listeners:[], old=null
2023-03-09 15:01:10,238 [omNode-1@group-0AAC5367B30E-LeaderElection45] INFO  impl.LeaderElection (LeaderElection.java:askForVotes(314)) - omNode-1@group-0AAC5367B30E-LeaderElection45 ELECTION round 0: result PASSED (term=1)
2023-03-09 15:01:10,239 [omNode-1@group-0AAC5367B30E-LeaderElection45] INFO  impl.RoleInfo (RoleInfo.java:shutdownLeaderElection(130)) - omNode-1: shutdown omNode-1@group-0AAC5367B30E-LeaderElection45
2023-03-09 15:01:10,239 [omNode-1@group-0AAC5367B30E-LeaderElection45] INFO  server.RaftServer$Division (RaftServerImpl.java:setRole(321)) - omNode-1@group-0AAC5367B30E: changes role from CANDIDATE to LEADER at term 1 for changeToLeader
2023-03-09 15:01:10,239 [omNode-1@group-0AAC5367B30E-LeaderElection45] INFO  server.RaftServer$Division (ServerState.java:setLeader(313)) - omNode-1@group-0AAC5367B30E: change Leader from null to omNode-1 at term 1 for becomeLeader, leader elected after 1510ms
2023-03-09 15:01:10,239 [omNode-1@group-0AAC5367B30E-LeaderElection45] INFO  server.RaftServerConfigKeys (ConfUtils.java:logGet(46)) - raft.server.staging.catchup.gap = 1000 (default)
2023-03-09 15:01:10,239 [omNode-1@group-0AAC5367B30E-LeaderElection45] INFO  server.RaftServerConfigKeys (ConfUtils.java:logGet(46)) - raft.server.write.element-limit = 4096 (default)
2023-03-09 15:01:10,239 [omNode-1@group-0AAC5367B30E-LeaderElection45] INFO  server.RaftServerConfigKeys (ConfUtils.java:logGet(46)) - raft.server.write.byte-limit = 64MB (=67108864) (default)
2023-03-09 15:01:10,239 [omNode-1@group-0AAC5367B30E-LeaderElection45] INFO  server.RaftServerConfigKeys (ConfUtils.java:logGet(46)) - raft.server.watch.timeout = 10s (default)
2023-03-09 15:01:10,239 [omNode-1@group-0AAC5367B30E-LeaderElection45] INFO  server.RaftServerConfigKeys (ConfUtils.java:logGet(46)) - raft.server.watch.timeout.denomination = 1s (default)
2023-03-09 15:01:10,239 [omNode-1@group-0AAC5367B30E-LeaderElection45] INFO  server.RaftServerConfigKeys (ConfUtils.java:logGet(46)) - raft.server.watch.element-limit = 65536 (default)
2023-03-09 15:01:10,240 [omNode-1@group-0AAC5367B30E-LeaderElection45] INFO  server.RaftServerConfigKeys (ConfUtils.java:logGet(46)) - raft.server.write.element-limit = 4096 (default)
2023-03-09 15:01:10,240 [omNode-1@group-0AAC5367B30E-LeaderElection45] INFO  server.RaftServerConfigKeys (ConfUtils.java:logGet(46)) - raft.server.write.follower.gap.ratio.max = -1.0 (default)
2023-03-09 15:01:10,240 [omNode-1@group-0AAC5367B30E-LeaderElection45] INFO  impl.RoleInfo (RoleInfo.java:updateAndGet(139)) - omNode-1: start omNode-1@group-0AAC5367B30E-LeaderStateImpl
2023-03-09 15:01:10,241 [omNode-1@group-0AAC5367B30E-LeaderElection45] INFO  segmented.SegmentedRaftLogWorker (SegmentedRaftLogWorker.java:startLogSegment(452)) - omNode-1@group-0AAC5367B30E-SegmentedRaftLogWorker: Starting segment from index:0
2023-03-09 15:01:10,251 [omNode-1@group-0AAC5367B30E-LeaderElection45] INFO  server.RaftServer$Division (ServerState.java:setRaftConf(430)) - omNode-1@group-0AAC5367B30E: set configuration 0: peers:[omNode-1|rpc:localhost:43479|admin:|client:|dataStream:|priority:0|startupRole:FOLLOWER]|listeners:[], old=null
2023-03-09 15:01:10,253 [omNode-1@group-0AAC5367B30E-SegmentedRaftLogWorker] INFO  segmented.SegmentedRaftLogWorker (SegmentedRaftLogWorker.java:execute(656)) - omNode-1@group-0AAC5367B30E-SegmentedRaftLogWorker: created new log segment /home/runner/work/ozone/ozone/hadoop-ozone/integration-test/target/test-dir/MiniOzoneClusterImpl-254978b8-4a66-4b6a-8773-30bebe5cbf00/omNode-1/ratis/0718e334-ffa1-36bc-8e9a-0aac5367b30e/current/log_inprogress_0
2023-03-09 15:01:10,262 [omNode-1@group-0AAC5367B30E-StateMachineUpdater] INFO  ratis.OzoneManagerStateMachine (OzoneManagerStateMachine.java:notifyConfigurationChanged(192)) - Received Configuration change notification from Ratis. New Peer list:
[id: "omNode-1"
address: "localhost:43479"
startupRole: FOLLOWER
]
2023-03-09 15:01:10,370 [Listener at 127.0.0.1/46001] INFO  handler.ContextHandler (ContextHandler.java:doStart(921)) - Started o.e.j.w.WebAppContext@3cace825{hddsDatanode,/,file:///home/runner/work/ozone/ozone/hadoop-ozone/integration-test/target/test-dir/MiniOzoneClusterImpl-254978b8-4a66-4b6a-8773-30bebe5cbf00/datanode-2/meta/webserver/jetty-0_0_0_0-44769-hdds-container-service-1_4_0-SNAPSHOT_jar-_-any-3755928563893180153/webapp/,AVAILABLE}{jar:file:/home/runner/.m2/repository/org/apache/ozone/hdds-container-service/1.4.0-SNAPSHOT/hdds-container-service-1.4.0-SNAPSHOT.jar!/webapps/hddsDatanode}
2023-03-09 15:01:10,373 [Listener at 127.0.0.1/46001] INFO  server.AbstractConnector (AbstractConnector.java:doStart(333)) - Started ServerConnector@adffa02{HTTP/1.1, (http/1.1)}{0.0.0.0:44769}
2023-03-09 15:01:10,373 [Listener at 127.0.0.1/46001] INFO  server.Server (Server.java:doStart(415)) - Started @201026ms
2023-03-09 15:01:10,373 [Listener at 127.0.0.1/46001] WARN  impl.MetricsSystemImpl (MetricsSystemImpl.java:register(279)) - Sink prometheus already exists!
2023-03-09 15:01:10,374 [Listener at 127.0.0.1/46001] INFO  http.BaseHttpServer (BaseHttpServer.java:updateConnectorAddress(344)) - HTTP server of hddsDatanode listening at http://0.0.0.0:44769
2023-03-09 15:01:10,375 [Listener at 127.0.0.1/46001] INFO  ozone.MiniOzoneClusterImpl (MiniOzoneClusterImpl.java:lambda$waitForClusterToBeReady$0(218)) - Waiting for nodes to be ready. Got 0 of 3 DN Heartbeats.
2023-03-09 15:01:10,375 [Listener at 127.0.0.1/46001] INFO  ozone.MiniOzoneClusterImpl (MiniOzoneClusterImpl.java:lambda$waitForClusterToBeReady$0(221)) - Waiting for cluster to exit safe mode
2023-03-09 15:01:10,375 [Listener at 127.0.0.1/46001] INFO  ozone.MiniOzoneClusterImpl (MiniOzoneClusterImpl.java:lambda$waitForClusterToBeReady$0(223)) - SCM became leader
2023-03-09 15:01:10,378 [Datanode State Machine Daemon Thread] INFO  statemachine.DatanodeStateMachine (DatanodeStateMachine.java:lambda$startDaemon$0(517)) - Ozone container server started.
2023-03-09 15:01:10,393 [org.apache.hadoop.util.JvmPauseMonitor$Monitor@6682720a] INFO  util.JvmPauseMonitor (JvmPauseMonitor.java:run(188)) - Starting JVM pause monitor
2023-03-09 15:01:10,394 [Datanode State Machine Task Thread - 0] INFO  ha.SCMNodeInfo (SCMNodeInfo.java:getPort(197)) - ConfigKey ozone.scm.client.address is deprecated, For configuring different ports for each SCM use PortConfigKey ozone.scm.client.port appended with serviceId and nodeId
2023-03-09 15:01:10,394 [Datanode State Machine Task Thread - 0] INFO  ha.SCMNodeInfo (SCMNodeInfo.java:getPort(197)) - ConfigKey ozone.scm.block.client.address is deprecated, For configuring different ports for each SCM use PortConfigKey ozone.scm.block.client.port appended with serviceId and nodeId
2023-03-09 15:01:10,394 [Datanode State Machine Task Thread - 0] INFO  ha.SCMNodeInfo (SCMNodeInfo.java:getPort(197)) - ConfigKey ozone.scm.datanode.address is deprecated, For configuring different ports for each SCM use PortConfigKey ozone.scm.datanode.port appended with serviceId and nodeId
2023-03-09 15:01:10,396 [Datanode State Machine Task Thread - 0] INFO  datanode.InitDatanodeState (InitDatanodeState.java:persistContainerDatanodeDetails(138)) - DatanodeDetails is persisted to /home/runner/work/ozone/ozone/hadoop-ozone/integration-test/target/test-dir/MiniOzoneClusterImpl-254978b8-4a66-4b6a-8773-30bebe5cbf00/datanode-2/meta/datanode.id
2023-03-09 15:01:10,830 [EndpointStateMachine task thread for /127.0.0.1:36681 - 0 ] INFO  ipc.Client (Client.java:handleConnectionFailure(1010)) - Retrying connect to server: localhost/127.0.0.1:36681. Already tried 10 time(s); retry policy is RetryUpToMaximumCountWithFixedSleep(maxRetries=15, sleepTime=1000 MILLISECONDS)
2023-03-09 15:01:10,831 [EndpointStateMachine task thread for /127.0.0.1:43747 - 0 ] INFO  ipc.Client (Client.java:handleConnectionFailure(1010)) - Retrying connect to server: localhost/127.0.0.1:43747. Already tried 4 time(s); retry policy is RetryUpToMaximumCountWithFixedSleep(maxRetries=15, sleepTime=1000 MILLISECONDS)
2023-03-09 15:01:11,376 [Listener at 127.0.0.1/46001] INFO  ozone.MiniOzoneClusterImpl (MiniOzoneClusterImpl.java:lambda$waitForClusterToBeReady$0(218)) - Waiting for nodes to be ready. Got 0 of 3 DN Heartbeats.
2023-03-09 15:01:11,376 [Listener at 127.0.0.1/46001] INFO  ozone.MiniOzoneClusterImpl (MiniOzoneClusterImpl.java:lambda$waitForClusterToBeReady$0(221)) - Waiting for cluster to exit safe mode
2023-03-09 15:01:11,376 [Listener at 127.0.0.1/46001] INFO  ozone.MiniOzoneClusterImpl (MiniOzoneClusterImpl.java:lambda$waitForClusterToBeReady$0(223)) - SCM became leader
2023-03-09 15:01:11,656 [EndpointStateMachine task thread for /127.0.0.1:35467 - 0 ] INFO  utils.DatanodeStoreCache (DatanodeStoreCache.java:addDB(58)) - Added db /home/runner/work/ozone/ozone/hadoop-ozone/integration-test/target/test-dir/MiniOzoneClusterImpl-254978b8-4a66-4b6a-8773-30bebe5cbf00/datanode-0/data-0/containers/hdds/254978b8-4a66-4b6a-8773-30bebe5cbf00/DS-76bcd21a-0d7a-4baa-b4e0-17161d3dd53f/container.db to cache
2023-03-09 15:01:11,656 [EndpointStateMachine task thread for /127.0.0.1:35467 - 0 ] INFO  volume.HddsVolume (HddsVolume.java:createDbStore(331)) - SchemaV3 db is created and loaded at /home/runner/work/ozone/ozone/hadoop-ozone/integration-test/target/test-dir/MiniOzoneClusterImpl-254978b8-4a66-4b6a-8773-30bebe5cbf00/datanode-0/data-0/containers/hdds/254978b8-4a66-4b6a-8773-30bebe5cbf00/DS-76bcd21a-0d7a-4baa-b4e0-17161d3dd53f/container.db for volume DS-76bcd21a-0d7a-4baa-b4e0-17161d3dd53f
2023-03-09 15:01:11,657 [EndpointStateMachine task thread for /127.0.0.1:35467 - 0 ] INFO  ozoneimpl.OzoneContainer (OzoneContainer.java:start(398)) - Attempting to start container services.
2023-03-09 15:01:11,657 [EndpointStateMachine task thread for /127.0.0.1:35467 - 0 ] INFO  ozoneimpl.OzoneContainer (OzoneContainer.java:startContainerScrub(315)) - Scheduled background container scanners and the on-demand container scanner have been disabled.
2023-03-09 15:01:11,660 [EndpointStateMachine task thread for /127.0.0.1:35467 - 0 ] INFO  replication.ReplicationServer (ReplicationServer.java:start(109)) - ReplicationServer is started using port 38243
2023-03-09 15:01:11,661 [EndpointStateMachine task thread for /127.0.0.1:35467 - 0 ] INFO  ratis.XceiverServerRatis (XceiverServerRatis.java:start(518)) - Starting XceiverServerRatis d83d04e7-4e51-47d3-8b78-fb93e7279122
2023-03-09 15:01:11,662 [EndpointStateMachine task thread for /127.0.0.1:35467 - 0 ] INFO  server.RaftServer (RaftServerProxy.java:startImpl(393)) - d83d04e7-4e51-47d3-8b78-fb93e7279122: start RPC server
2023-03-09 15:01:11,664 [EndpointStateMachine task thread for /127.0.0.1:35467 - 0 ] INFO  server.GrpcService (GrpcService.java:startImpl(262)) - d83d04e7-4e51-47d3-8b78-fb93e7279122: GrpcService started, listening on 42489
2023-03-09 15:01:11,665 [EndpointStateMachine task thread for /127.0.0.1:35467 - 0 ] INFO  ratis.XceiverServerRatis (XceiverServerRatis.java:getRealPort(544)) - XceiverServerRatis d83d04e7-4e51-47d3-8b78-fb93e7279122 is started using port 42489 for RATIS
2023-03-09 15:01:11,665 [EndpointStateMachine task thread for /127.0.0.1:35467 - 0 ] INFO  ratis.XceiverServerRatis (XceiverServerRatis.java:getRealPort(544)) - XceiverServerRatis d83d04e7-4e51-47d3-8b78-fb93e7279122 is started using port 42489 for RATIS_ADMIN
2023-03-09 15:01:11,665 [JvmPauseMonitor32] INFO  util.JvmPauseMonitor (JvmPauseMonitor.java:run(105)) - JvmPauseMonitor-d83d04e7-4e51-47d3-8b78-fb93e7279122: Started
2023-03-09 15:01:11,665 [EndpointStateMachine task thread for /127.0.0.1:35467 - 0 ] INFO  ratis.XceiverServerRatis (XceiverServerRatis.java:getRealPort(544)) - XceiverServerRatis d83d04e7-4e51-47d3-8b78-fb93e7279122 is started using port 42489 for RATIS_SERVER
2023-03-09 15:01:11,665 [EndpointStateMachine task thread for /127.0.0.1:35467 - 0 ] INFO  ratis.XceiverServerRatis (XceiverServerRatis.java:getRealPort(544)) - XceiverServerRatis d83d04e7-4e51-47d3-8b78-fb93e7279122 is started using port 46041 for RATIS_DATASTREAM
2023-03-09 15:01:11,668 [EndpointStateMachine task thread for /127.0.0.1:35467 - 0 ] INFO  server.XceiverServerGrpc (XceiverServerGrpc.java:start(180)) - XceiverServerGrpc d83d04e7-4e51-47d3-8b78-fb93e7279122 is started using port 38385
2023-03-09 15:01:11,669 [BlockDeletingService#0] INFO  interfaces.ContainerDeletionChoosingPolicyTemplate (ContainerDeletionChoosingPolicyTemplate.java:chooseContainerForBlockDeletion(83)) - Chosen 0/5000 blocks from 0 candidate containers.
2023-03-09 15:01:11,831 [EndpointStateMachine task thread for /127.0.0.1:36681 - 0 ] INFO  ipc.Client (Client.java:handleConnectionFailure(1010)) - Retrying connect to server: localhost/127.0.0.1:36681. Already tried 11 time(s); retry policy is RetryUpToMaximumCountWithFixedSleep(maxRetries=15, sleepTime=1000 MILLISECONDS)
2023-03-09 15:01:11,832 [EndpointStateMachine task thread for /127.0.0.1:43747 - 0 ] INFO  ipc.Client (Client.java:handleConnectionFailure(1010)) - Retrying connect to server: localhost/127.0.0.1:43747. Already tried 5 time(s); retry policy is RetryUpToMaximumCountWithFixedSleep(maxRetries=15, sleepTime=1000 MILLISECONDS)
2023-03-09 15:01:12,052 [EndpointStateMachine task thread for /127.0.0.1:35467 - 0 ] INFO  utils.DatanodeStoreCache (DatanodeStoreCache.java:addDB(58)) - Added db /home/runner/work/ozone/ozone/hadoop-ozone/integration-test/target/test-dir/MiniOzoneClusterImpl-254978b8-4a66-4b6a-8773-30bebe5cbf00/datanode-1/data-0/containers/hdds/254978b8-4a66-4b6a-8773-30bebe5cbf00/DS-e21f6c57-1165-4494-8459-c229891dc19d/container.db to cache
2023-03-09 15:01:12,052 [EndpointStateMachine task thread for /127.0.0.1:35467 - 0 ] INFO  volume.HddsVolume (HddsVolume.java:createDbStore(331)) - SchemaV3 db is created and loaded at /home/runner/work/ozone/ozone/hadoop-ozone/integration-test/target/test-dir/MiniOzoneClusterImpl-254978b8-4a66-4b6a-8773-30bebe5cbf00/datanode-1/data-0/containers/hdds/254978b8-4a66-4b6a-8773-30bebe5cbf00/DS-e21f6c57-1165-4494-8459-c229891dc19d/container.db for volume DS-e21f6c57-1165-4494-8459-c229891dc19d
2023-03-09 15:01:12,052 [EndpointStateMachine task thread for /127.0.0.1:35467 - 0 ] INFO  ozoneimpl.OzoneContainer (OzoneContainer.java:start(398)) - Attempting to start container services.
2023-03-09 15:01:12,052 [EndpointStateMachine task thread for /127.0.0.1:35467 - 0 ] INFO  ozoneimpl.OzoneContainer (OzoneContainer.java:startContainerScrub(315)) - Scheduled background container scanners and the on-demand container scanner have been disabled.
2023-03-09 15:01:12,058 [EndpointStateMachine task thread for /127.0.0.1:35467 - 0 ] INFO  replication.ReplicationServer (ReplicationServer.java:start(109)) - ReplicationServer is started using port 38571
2023-03-09 15:01:12,059 [EndpointStateMachine task thread for /127.0.0.1:35467 - 0 ] INFO  ratis.XceiverServerRatis (XceiverServerRatis.java:start(518)) - Starting XceiverServerRatis bbaee90d-c4b2-4cc7-a980-1e6be073f94e
2023-03-09 15:01:12,060 [EndpointStateMachine task thread for /127.0.0.1:35467 - 0 ] INFO  server.RaftServer (RaftServerProxy.java:startImpl(393)) - bbaee90d-c4b2-4cc7-a980-1e6be073f94e: start RPC server
2023-03-09 15:01:12,065 [EndpointStateMachine task thread for /127.0.0.1:35467 - 0 ] INFO  server.GrpcService (GrpcService.java:startImpl(262)) - bbaee90d-c4b2-4cc7-a980-1e6be073f94e: GrpcService started, listening on 38465
2023-03-09 15:01:12,065 [EndpointStateMachine task thread for /127.0.0.1:35467 - 0 ] INFO  ratis.XceiverServerRatis (XceiverServerRatis.java:getRealPort(544)) - XceiverServerRatis bbaee90d-c4b2-4cc7-a980-1e6be073f94e is started using port 38465 for RATIS
2023-03-09 15:01:12,065 [EndpointStateMachine task thread for /127.0.0.1:35467 - 0 ] INFO  ratis.XceiverServerRatis (XceiverServerRatis.java:getRealPort(544)) - XceiverServerRatis bbaee90d-c4b2-4cc7-a980-1e6be073f94e is started using port 38465 for RATIS_ADMIN
2023-03-09 15:01:12,065 [JvmPauseMonitor33] INFO  util.JvmPauseMonitor (JvmPauseMonitor.java:run(105)) - JvmPauseMonitor-bbaee90d-c4b2-4cc7-a980-1e6be073f94e: Started
2023-03-09 15:01:12,065 [EndpointStateMachine task thread for /127.0.0.1:35467 - 0 ] INFO  ratis.XceiverServerRatis (XceiverServerRatis.java:getRealPort(544)) - XceiverServerRatis bbaee90d-c4b2-4cc7-a980-1e6be073f94e is started using port 38465 for RATIS_SERVER
2023-03-09 15:01:12,065 [EndpointStateMachine task thread for /127.0.0.1:35467 - 0 ] INFO  ratis.XceiverServerRatis (XceiverServerRatis.java:getRealPort(544)) - XceiverServerRatis bbaee90d-c4b2-4cc7-a980-1e6be073f94e is started using port 46541 for RATIS_DATASTREAM
2023-03-09 15:01:12,071 [EndpointStateMachine task thread for /127.0.0.1:35467 - 0 ] INFO  server.XceiverServerGrpc (XceiverServerGrpc.java:start(180)) - XceiverServerGrpc bbaee90d-c4b2-4cc7-a980-1e6be073f94e is started using port 33675
2023-03-09 15:01:12,072 [BlockDeletingService#0] INFO  interfaces.ContainerDeletionChoosingPolicyTemplate (ContainerDeletionChoosingPolicyTemplate.java:chooseContainerForBlockDeletion(83)) - Chosen 0/5000 blocks from 0 candidate containers.
2023-03-09 15:01:12,376 [Listener at 127.0.0.1/46001] INFO  ozone.MiniOzoneClusterImpl (MiniOzoneClusterImpl.java:lambda$waitForClusterToBeReady$0(218)) - Waiting for nodes to be ready. Got 0 of 3 DN Heartbeats.
2023-03-09 15:01:12,377 [Listener at 127.0.0.1/46001] INFO  ozone.MiniOzoneClusterImpl (MiniOzoneClusterImpl.java:lambda$waitForClusterToBeReady$0(221)) - Waiting for cluster to exit safe mode
2023-03-09 15:01:12,377 [Listener at 127.0.0.1/46001] INFO  ozone.MiniOzoneClusterImpl (MiniOzoneClusterImpl.java:lambda$waitForClusterToBeReady$0(223)) - SCM became leader
2023-03-09 15:01:12,438 [EndpointStateMachine task thread for /127.0.0.1:35467 - 0 ] INFO  utils.DatanodeStoreCache (DatanodeStoreCache.java:addDB(58)) - Added db /home/runner/work/ozone/ozone/hadoop-ozone/integration-test/target/test-dir/MiniOzoneClusterImpl-254978b8-4a66-4b6a-8773-30bebe5cbf00/datanode-2/data-0/containers/hdds/254978b8-4a66-4b6a-8773-30bebe5cbf00/DS-9124f457-e480-447f-ba00-6e840faf47bd/container.db to cache
2023-03-09 15:01:12,438 [EndpointStateMachine task thread for /127.0.0.1:35467 - 0 ] INFO  volume.HddsVolume (HddsVolume.java:createDbStore(331)) - SchemaV3 db is created and loaded at /home/runner/work/ozone/ozone/hadoop-ozone/integration-test/target/test-dir/MiniOzoneClusterImpl-254978b8-4a66-4b6a-8773-30bebe5cbf00/datanode-2/data-0/containers/hdds/254978b8-4a66-4b6a-8773-30bebe5cbf00/DS-9124f457-e480-447f-ba00-6e840faf47bd/container.db for volume DS-9124f457-e480-447f-ba00-6e840faf47bd
2023-03-09 15:01:12,438 [EndpointStateMachine task thread for /127.0.0.1:35467 - 0 ] INFO  ozoneimpl.OzoneContainer (OzoneContainer.java:start(398)) - Attempting to start container services.
2023-03-09 15:01:12,438 [EndpointStateMachine task thread for /127.0.0.1:35467 - 0 ] INFO  ozoneimpl.OzoneContainer (OzoneContainer.java:startContainerScrub(315)) - Scheduled background container scanners and the on-demand container scanner have been disabled.
2023-03-09 15:01:12,447 [EndpointStateMachine task thread for /127.0.0.1:35467 - 0 ] INFO  replication.ReplicationServer (ReplicationServer.java:start(109)) - ReplicationServer is started using port 38217
2023-03-09 15:01:12,447 [EndpointStateMachine task thread for /127.0.0.1:35467 - 0 ] INFO  ratis.XceiverServerRatis (XceiverServerRatis.java:start(518)) - Starting XceiverServerRatis b8851da8-2889-47c2-8cdf-bbb0cc701685
2023-03-09 15:01:12,448 [EndpointStateMachine task thread for /127.0.0.1:35467 - 0 ] INFO  server.RaftServer (RaftServerProxy.java:startImpl(393)) - b8851da8-2889-47c2-8cdf-bbb0cc701685: start RPC server
2023-03-09 15:01:12,451 [EndpointStateMachine task thread for /127.0.0.1:35467 - 0 ] INFO  server.GrpcService (GrpcService.java:startImpl(262)) - b8851da8-2889-47c2-8cdf-bbb0cc701685: GrpcService started, listening on 44005
2023-03-09 15:01:12,451 [EndpointStateMachine task thread for /127.0.0.1:35467 - 0 ] INFO  ratis.XceiverServerRatis (XceiverServerRatis.java:getRealPort(544)) - XceiverServerRatis b8851da8-2889-47c2-8cdf-bbb0cc701685 is started using port 44005 for RATIS
2023-03-09 15:01:12,451 [EndpointStateMachine task thread for /127.0.0.1:35467 - 0 ] INFO  ratis.XceiverServerRatis (XceiverServerRatis.java:getRealPort(544)) - XceiverServerRatis b8851da8-2889-47c2-8cdf-bbb0cc701685 is started using port 44005 for RATIS_ADMIN
2023-03-09 15:01:12,451 [JvmPauseMonitor34] INFO  util.JvmPauseMonitor (JvmPauseMonitor.java:run(105)) - JvmPauseMonitor-b8851da8-2889-47c2-8cdf-bbb0cc701685: Started
2023-03-09 15:01:12,451 [EndpointStateMachine task thread for /127.0.0.1:35467 - 0 ] INFO  ratis.XceiverServerRatis (XceiverServerRatis.java:getRealPort(544)) - XceiverServerRatis b8851da8-2889-47c2-8cdf-bbb0cc701685 is started using port 44005 for RATIS_SERVER
2023-03-09 15:01:12,451 [EndpointStateMachine task thread for /127.0.0.1:35467 - 0 ] INFO  ratis.XceiverServerRatis (XceiverServerRatis.java:getRealPort(544)) - XceiverServerRatis b8851da8-2889-47c2-8cdf-bbb0cc701685 is started using port 45751 for RATIS_DATASTREAM
2023-03-09 15:01:12,455 [EndpointStateMachine task thread for /127.0.0.1:35467 - 0 ] INFO  server.XceiverServerGrpc (XceiverServerGrpc.java:start(180)) - XceiverServerGrpc b8851da8-2889-47c2-8cdf-bbb0cc701685 is started using port 36817
2023-03-09 15:01:12,457 [BlockDeletingService#0] INFO  interfaces.ContainerDeletionChoosingPolicyTemplate (ContainerDeletionChoosingPolicyTemplate.java:chooseContainerForBlockDeletion(83)) - Chosen 0/5000 blocks from 0 candidate containers.
2023-03-09 15:01:12,832 [EndpointStateMachine task thread for /127.0.0.1:36681 - 0 ] INFO  ipc.Client (Client.java:handleConnectionFailure(1010)) - Retrying connect to server: localhost/127.0.0.1:36681. Already tried 12 time(s); retry policy is RetryUpToMaximumCountWithFixedSleep(maxRetries=15, sleepTime=1000 MILLISECONDS)
2023-03-09 15:01:12,832 [EndpointStateMachine task thread for /127.0.0.1:43747 - 0 ] INFO  ipc.Client (Client.java:handleConnectionFailure(1010)) - Retrying connect to server: localhost/127.0.0.1:43747. Already tried 6 time(s); retry policy is RetryUpToMaximumCountWithFixedSleep(maxRetries=15, sleepTime=1000 MILLISECONDS)
2023-03-09 15:01:13,377 [Listener at 127.0.0.1/46001] INFO  ozone.MiniOzoneClusterImpl (MiniOzoneClusterImpl.java:lambda$waitForClusterToBeReady$0(218)) - Waiting for nodes to be ready. Got 0 of 3 DN Heartbeats.
2023-03-09 15:01:13,377 [Listener at 127.0.0.1/46001] INFO  ozone.MiniOzoneClusterImpl (MiniOzoneClusterImpl.java:lambda$waitForClusterToBeReady$0(221)) - Waiting for cluster to exit safe mode
2023-03-09 15:01:13,378 [Listener at 127.0.0.1/46001] INFO  ozone.MiniOzoneClusterImpl (MiniOzoneClusterImpl.java:lambda$waitForClusterToBeReady$0(223)) - SCM became leader
2023-03-09 15:01:13,604 [IPC Server handler 1 on default port 35467] INFO  net.NetworkTopologyImpl (NetworkTopologyImpl.java:add(112)) - Added a new node: /default-rack/d83d04e7-4e51-47d3-8b78-fb93e7279122
2023-03-09 15:01:13,604 [IPC Server handler 1 on default port 35467] INFO  node.SCMNodeManager (SCMNodeManager.java:register(404)) - Registered Data node : d83d04e7-4e51-47d3-8b78-fb93e7279122{ip: 127.0.0.1, host: localhost, ports: [REPLICATION=38243, RATIS=42489, RATIS_ADMIN=42489, RATIS_SERVER=42489, RATIS_DATASTREAM=46041, STANDALONE=38385], networkLocation: /default-rack, certSerialId: null, persistedOpState: null, persistedOpStateExpiryEpochSec: 0}
2023-03-09 15:01:13,609 [EventQueue-NodeRegistrationContainerReportForDataNodeSafeModeRule] INFO  safemode.SCMSafeModeManager (DataNodeSafeModeRule.java:process(71)) - SCM in safe mode. 1 DataNodes registered, 3 required.
2023-03-09 15:01:13,610 [EventQueue-NodeRegistrationContainerReportForContainerSafeModeRule] INFO  safemode.SCMSafeModeManager (SCMSafeModeManager.java:validateSafeModeExitRules(200)) - ContainerSafeModeRule rule is successfully validated
2023-03-09 15:01:13,611 [EventQueue-NewNodeForNewNodeHandler] INFO  pipeline.BackgroundPipelineCreator (BackgroundPipelineCreator.java:notifyEventTriggered(276)) - trigger a one-shot run on RatisPipelineUtilsThread.
2023-03-09 15:01:13,611 [RatisPipelineUtilsThread - 0] INFO  pipeline.RatisPipelineProvider (RatisPipelineProvider.java:lambda$create$0(206)) - Sending CreatePipelineCommand for pipeline:PipelineID=85f6ed58-b2c2-4a63-9420-a8e19fe298e0 to datanode:d83d04e7-4e51-47d3-8b78-fb93e7279122
2023-03-09 15:01:13,623 [EventQueue-PipelineReportForOneReplicaPipelineSafeModeRule] INFO  safemode.SCMSafeModeManager (SCMSafeModeManager.java:validateSafeModeExitRules(200)) - AtleastOneDatanodeReportedRule rule is successfully validated
2023-03-09 15:01:13,635 [ea91eb10-5e27-4c1c-9b22-4ed9c555343a@group-30BEBE5CBF00-StateMachineUpdater] INFO  pipeline.PipelineStateManagerImpl (PipelineStateManagerImpl.java:addPipeline(103)) - Created pipeline Pipeline[ Id: 85f6ed58-b2c2-4a63-9420-a8e19fe298e0, Nodes: d83d04e7-4e51-47d3-8b78-fb93e7279122(localhost/127.0.0.1), ReplicationConfig: RATIS/ONE, State:ALLOCATED, leaderId:, CreationTimestamp2023-03-09T15:01:13.611Z[Etc/UTC]].
2023-03-09 15:01:13,635 [ea91eb10-5e27-4c1c-9b22-4ed9c555343a@group-30BEBE5CBF00-StateMachineUpdater] INFO  safemode.HealthyPipelineSafeModeRule (HealthyPipelineSafeModeRule.java:initializeRule(165)) - Refreshed total pipeline count is 0, healthy pipeline threshold count is 1
2023-03-09 15:01:13,832 [EndpointStateMachine task thread for /127.0.0.1:36681 - 0 ] INFO  ipc.Client (Client.java:handleConnectionFailure(1010)) - Retrying connect to server: localhost/127.0.0.1:36681. Already tried 13 time(s); retry policy is RetryUpToMaximumCountWithFixedSleep(maxRetries=15, sleepTime=1000 MILLISECONDS)
2023-03-09 15:01:13,833 [EndpointStateMachine task thread for /127.0.0.1:43747 - 0 ] INFO  ipc.Client (Client.java:handleConnectionFailure(1010)) - Retrying connect to server: localhost/127.0.0.1:43747. Already tried 7 time(s); retry policy is RetryUpToMaximumCountWithFixedSleep(maxRetries=15, sleepTime=1000 MILLISECONDS)
2023-03-09 15:01:14,010 [IPC Server handler 2 on default port 35467] INFO  net.NetworkTopologyImpl (NetworkTopologyImpl.java:add(112)) - Added a new node: /default-rack/bbaee90d-c4b2-4cc7-a980-1e6be073f94e
2023-03-09 15:01:14,011 [IPC Server handler 2 on default port 35467] INFO  node.SCMNodeManager (SCMNodeManager.java:register(404)) - Registered Data node : bbaee90d-c4b2-4cc7-a980-1e6be073f94e{ip: 127.0.0.1, host: localhost, ports: [REPLICATION=38571, RATIS=38465, RATIS_ADMIN=38465, RATIS_SERVER=38465, RATIS_DATASTREAM=46541, STANDALONE=33675], networkLocation: /default-rack, certSerialId: null, persistedOpState: null, persistedOpStateExpiryEpochSec: 0}
2023-03-09 15:01:14,011 [EventQueue-NewNodeForNewNodeHandler] INFO  pipeline.BackgroundPipelineCreator (BackgroundPipelineCreator.java:notifyEventTriggered(276)) - trigger a one-shot run on RatisPipelineUtilsThread.
2023-03-09 15:01:14,013 [EventQueue-NodeRegistrationContainerReportForDataNodeSafeModeRule] INFO  safemode.SCMSafeModeManager (DataNodeSafeModeRule.java:process(71)) - SCM in safe mode. 2 DataNodes registered, 3 required.
2023-03-09 15:01:14,023 [RatisPipelineUtilsThread - 0] INFO  pipeline.RatisPipelineProvider (RatisPipelineProvider.java:lambda$create$0(206)) - Sending CreatePipelineCommand for pipeline:PipelineID=14b3535c-bebc-455c-8b08-dee44a848ce6 to datanode:bbaee90d-c4b2-4cc7-a980-1e6be073f94e
2023-03-09 15:01:14,027 [ea91eb10-5e27-4c1c-9b22-4ed9c555343a@group-30BEBE5CBF00-StateMachineUpdater] INFO  pipeline.PipelineStateManagerImpl (PipelineStateManagerImpl.java:addPipeline(103)) - Created pipeline Pipeline[ Id: 14b3535c-bebc-455c-8b08-dee44a848ce6, Nodes: bbaee90d-c4b2-4cc7-a980-1e6be073f94e(localhost/127.0.0.1), ReplicationConfig: RATIS/ONE, State:ALLOCATED, leaderId:, CreationTimestamp2023-03-09T15:01:14.023Z[Etc/UTC]].
2023-03-09 15:01:14,028 [ea91eb10-5e27-4c1c-9b22-4ed9c555343a@group-30BEBE5CBF00-StateMachineUpdater] INFO  safemode.HealthyPipelineSafeModeRule (HealthyPipelineSafeModeRule.java:initializeRule(165)) - Refreshed total pipeline count is 0, healthy pipeline threshold count is 1
2023-03-09 15:01:14,381 [Listener at 127.0.0.1/46001] INFO  ozone.MiniOzoneClusterImpl (MiniOzoneClusterImpl.java:lambda$waitForClusterToBeReady$0(218)) - Waiting for nodes to be ready. Got 2 of 3 DN Heartbeats.
2023-03-09 15:01:14,381 [Listener at 127.0.0.1/46001] INFO  ozone.MiniOzoneClusterImpl (MiniOzoneClusterImpl.java:lambda$waitForClusterToBeReady$0(221)) - Waiting for cluster to exit safe mode
2023-03-09 15:01:14,381 [Listener at 127.0.0.1/46001] INFO  ozone.MiniOzoneClusterImpl (MiniOzoneClusterImpl.java:lambda$waitForClusterToBeReady$0(223)) - SCM became leader
2023-03-09 15:01:14,395 [IPC Server handler 25 on default port 35467] INFO  net.NetworkTopologyImpl (NetworkTopologyImpl.java:add(112)) - Added a new node: /default-rack/b8851da8-2889-47c2-8cdf-bbb0cc701685
2023-03-09 15:01:14,395 [IPC Server handler 25 on default port 35467] INFO  node.SCMNodeManager (SCMNodeManager.java:register(404)) - Registered Data node : b8851da8-2889-47c2-8cdf-bbb0cc701685{ip: 127.0.0.1, host: localhost, ports: [REPLICATION=38217, RATIS=44005, RATIS_ADMIN=44005, RATIS_SERVER=44005, RATIS_DATASTREAM=45751, STANDALONE=36817], networkLocation: /default-rack, certSerialId: null, persistedOpState: null, persistedOpStateExpiryEpochSec: 0}
2023-03-09 15:01:14,396 [EventQueue-NewNodeForNewNodeHandler] INFO  pipeline.BackgroundPipelineCreator (BackgroundPipelineCreator.java:notifyEventTriggered(276)) - trigger a one-shot run on RatisPipelineUtilsThread.
2023-03-09 15:01:14,396 [EventQueue-NodeRegistrationContainerReportForDataNodeSafeModeRule] INFO  safemode.SCMSafeModeManager (DataNodeSafeModeRule.java:process(71)) - SCM in safe mode. 3 DataNodes registered, 3 required.
2023-03-09 15:01:14,396 [EventQueue-NodeRegistrationContainerReportForDataNodeSafeModeRule] INFO  safemode.SCMSafeModeManager (SCMSafeModeManager.java:validateSafeModeExitRules(200)) - DataNodeSafeModeRule rule is successfully validated
2023-03-09 15:01:14,396 [EventQueue-NodeRegistrationContainerReportForDataNodeSafeModeRule] INFO  safemode.SCMSafeModeManager (SCMSafeModeManager.java:completePreCheck(229)) - All SCM safe mode pre check rules have passed
2023-03-09 15:01:14,396 [EventQueue-NodeRegistrationContainerReportForDataNodeSafeModeRule] INFO  ha.SCMContext (SCMContext.java:updateSafeModeStatus(228)) - Update SafeModeStatus from SafeModeStatus{safeModeStatus=true, preCheckPassed=false} to SafeModeStatus{safeModeStatus=true, preCheckPassed=true}.
2023-03-09 15:01:14,396 [EventQueue-NodeRegistrationContainerReportForDataNodeSafeModeRule] INFO  pipeline.BackgroundPipelineCreator (BackgroundPipelineCreator.java:notifyEventTriggered(276)) - trigger a one-shot run on RatisPipelineUtilsThread.
2023-03-09 15:01:14,397 [RatisPipelineUtilsThread - 0] INFO  pipeline.RatisPipelineProvider (RatisPipelineProvider.java:lambda$create$0(206)) - Sending CreatePipelineCommand for pipeline:PipelineID=b13cbddd-8cf7-4452-bc78-9e6e2ebfcabe to datanode:b8851da8-2889-47c2-8cdf-bbb0cc701685
2023-03-09 15:01:14,400 [ea91eb10-5e27-4c1c-9b22-4ed9c555343a@group-30BEBE5CBF00-StateMachineUpdater] INFO  pipeline.PipelineStateManagerImpl (PipelineStateManagerImpl.java:addPipeline(103)) - Created pipeline Pipeline[ Id: b13cbddd-8cf7-4452-bc78-9e6e2ebfcabe, Nodes: b8851da8-2889-47c2-8cdf-bbb0cc701685(localhost/127.0.0.1), ReplicationConfig: RATIS/ONE, State:ALLOCATED, leaderId:, CreationTimestamp2023-03-09T15:01:14.397Z[Etc/UTC]].
2023-03-09 15:01:14,400 [ea91eb10-5e27-4c1c-9b22-4ed9c555343a@group-30BEBE5CBF00-StateMachineUpdater] INFO  safemode.HealthyPipelineSafeModeRule (HealthyPipelineSafeModeRule.java:initializeRule(165)) - Refreshed total pipeline count is 0, healthy pipeline threshold count is 1
2023-03-09 15:01:14,401 [RatisPipelineUtilsThread - 0] INFO  pipeline.RatisPipelineProvider (RatisPipelineProvider.java:lambda$create$0(206)) - Sending CreatePipelineCommand for pipeline:PipelineID=6be1a327-d200-4bb3-a02a-c73bced0aa33 to datanode:d83d04e7-4e51-47d3-8b78-fb93e7279122
2023-03-09 15:01:14,401 [RatisPipelineUtilsThread - 0] INFO  pipeline.RatisPipelineProvider (RatisPipelineProvider.java:lambda$create$0(206)) - Sending CreatePipelineCommand for pipeline:PipelineID=6be1a327-d200-4bb3-a02a-c73bced0aa33 to datanode:bbaee90d-c4b2-4cc7-a980-1e6be073f94e
2023-03-09 15:01:14,401 [RatisPipelineUtilsThread - 0] INFO  pipeline.RatisPipelineProvider (RatisPipelineProvider.java:lambda$create$0(206)) - Sending CreatePipelineCommand for pipeline:PipelineID=6be1a327-d200-4bb3-a02a-c73bced0aa33 to datanode:b8851da8-2889-47c2-8cdf-bbb0cc701685
2023-03-09 15:01:14,403 [ea91eb10-5e27-4c1c-9b22-4ed9c555343a@group-30BEBE5CBF00-StateMachineUpdater] INFO  pipeline.PipelineStateManagerImpl (PipelineStateManagerImpl.java:addPipeline(103)) - Created pipeline Pipeline[ Id: 6be1a327-d200-4bb3-a02a-c73bced0aa33, Nodes: d83d04e7-4e51-47d3-8b78-fb93e7279122(localhost/127.0.0.1)bbaee90d-c4b2-4cc7-a980-1e6be073f94e(localhost/127.0.0.1)b8851da8-2889-47c2-8cdf-bbb0cc701685(localhost/127.0.0.1), ReplicationConfig: RATIS/THREE, State:ALLOCATED, leaderId:, CreationTimestamp2023-03-09T15:01:14.401Z[Etc/UTC]].
2023-03-09 15:01:14,403 [ea91eb10-5e27-4c1c-9b22-4ed9c555343a@group-30BEBE5CBF00-StateMachineUpdater] INFO  safemode.HealthyPipelineSafeModeRule (HealthyPipelineSafeModeRule.java:initializeRule(165)) - Refreshed total pipeline count is 0, healthy pipeline threshold count is 1
2023-03-09 15:01:14,404 [RatisPipelineUtilsThread - 0] INFO  pipeline.RatisPipelineProvider (RatisPipelineProvider.java:lambda$create$0(206)) - Sending CreatePipelineCommand for pipeline:PipelineID=fb410c10-6aba-48e4-affe-66001b9ba104 to datanode:d83d04e7-4e51-47d3-8b78-fb93e7279122
2023-03-09 15:01:14,404 [RatisPipelineUtilsThread - 0] INFO  pipeline.RatisPipelineProvider (RatisPipelineProvider.java:lambda$create$0(206)) - Sending CreatePipelineCommand for pipeline:PipelineID=fb410c10-6aba-48e4-affe-66001b9ba104 to datanode:bbaee90d-c4b2-4cc7-a980-1e6be073f94e
2023-03-09 15:01:14,404 [RatisPipelineUtilsThread - 0] INFO  pipeline.RatisPipelineProvider (RatisPipelineProvider.java:lambda$create$0(206)) - Sending CreatePipelineCommand for pipeline:PipelineID=fb410c10-6aba-48e4-affe-66001b9ba104 to datanode:b8851da8-2889-47c2-8cdf-bbb0cc701685
2023-03-09 15:01:14,406 [ea91eb10-5e27-4c1c-9b22-4ed9c555343a@group-30BEBE5CBF00-StateMachineUpdater] INFO  pipeline.PipelineStateManagerImpl (PipelineStateManagerImpl.java:addPipeline(103)) - Created pipeline Pipeline[ Id: fb410c10-6aba-48e4-affe-66001b9ba104, Nodes: d83d04e7-4e51-47d3-8b78-fb93e7279122(localhost/127.0.0.1)bbaee90d-c4b2-4cc7-a980-1e6be073f94e(localhost/127.0.0.1)b8851da8-2889-47c2-8cdf-bbb0cc701685(localhost/127.0.0.1), ReplicationConfig: RATIS/THREE, State:ALLOCATED, leaderId:, CreationTimestamp2023-03-09T15:01:14.404Z[Etc/UTC]].
2023-03-09 15:01:14,406 [ea91eb10-5e27-4c1c-9b22-4ed9c555343a@group-30BEBE5CBF00-StateMachineUpdater] INFO  safemode.HealthyPipelineSafeModeRule (HealthyPipelineSafeModeRule.java:initializeRule(165)) - Refreshed total pipeline count is 0, healthy pipeline threshold count is 1
2023-03-09 15:01:14,406 [RatisPipelineUtilsThread - 0] INFO  pipeline.PipelineManagerImpl (PipelineManagerImpl.java:recordMetricsForPipeline(826)) - Pipeline: PipelineID=fb410c10-6aba-48e4-affe-66001b9ba104 contains same datanodes as previous pipelines: PipelineID=6be1a327-d200-4bb3-a02a-c73bced0aa33 nodeIds: d83d04e7-4e51-47d3-8b78-fb93e7279122, bbaee90d-c4b2-4cc7-a980-1e6be073f94e, b8851da8-2889-47c2-8cdf-bbb0cc701685
2023-03-09 15:01:14,407 [RatisPipelineUtilsThread - 0] WARN  pipeline.PipelinePlacementPolicy (PipelinePlacementPolicy.java:filterViableNodes(158)) - Pipeline creation failed due to no sufficient healthy datanodes. Required 3. Found 0.
2023-03-09 15:01:14,833 [EndpointStateMachine task thread for /127.0.0.1:36681 - 0 ] INFO  ipc.Client (Client.java:handleConnectionFailure(1010)) - Retrying connect to server: localhost/127.0.0.1:36681. Already tried 14 time(s); retry policy is RetryUpToMaximumCountWithFixedSleep(maxRetries=15, sleepTime=1000 MILLISECONDS)
2023-03-09 15:01:14,833 [EndpointStateMachine task thread for /127.0.0.1:43747 - 0 ] INFO  ipc.Client (Client.java:handleConnectionFailure(1010)) - Retrying connect to server: localhost/127.0.0.1:43747. Already tried 8 time(s); retry policy is RetryUpToMaximumCountWithFixedSleep(maxRetries=15, sleepTime=1000 MILLISECONDS)
2023-03-09 15:01:15,382 [Listener at 127.0.0.1/46001] INFO  ozone.MiniOzoneClusterImpl (MiniOzoneClusterImpl.java:lambda$waitForClusterToBeReady$0(218)) - Nodes are ready. Got 3 of 3 DN Heartbeats.
2023-03-09 15:01:15,382 [Listener at 127.0.0.1/46001] INFO  ozone.MiniOzoneClusterImpl (MiniOzoneClusterImpl.java:lambda$waitForClusterToBeReady$0(221)) - Waiting for cluster to exit safe mode
2023-03-09 15:01:15,382 [Listener at 127.0.0.1/46001] INFO  ozone.MiniOzoneClusterImpl (MiniOzoneClusterImpl.java:lambda$waitForClusterToBeReady$0(223)) - SCM became leader
2023-03-09 15:01:15,834 [EndpointStateMachine task thread for /127.0.0.1:43747 - 0 ] INFO  ipc.Client (Client.java:handleConnectionFailure(1010)) - Retrying connect to server: localhost/127.0.0.1:43747. Already tried 9 time(s); retry policy is RetryUpToMaximumCountWithFixedSleep(maxRetries=15, sleepTime=1000 MILLISECONDS)
2023-03-09 15:01:15,834 [EndpointStateMachine task thread for /127.0.0.1:36681 - 0 ] INFO  ipc.Client (Client.java:handleConnectionFailure(1010)) - Retrying connect to server: localhost/127.0.0.1:36681. Already tried 0 time(s); retry policy is RetryUpToMaximumCountWithFixedSleep(maxRetries=15, sleepTime=1000 MILLISECONDS)
2023-03-09 15:01:16,383 [Listener at 127.0.0.1/46001] INFO  ozone.MiniOzoneClusterImpl (MiniOzoneClusterImpl.java:lambda$waitForClusterToBeReady$0(218)) - Nodes are ready. Got 3 of 3 DN Heartbeats.
2023-03-09 15:01:16,383 [Listener at 127.0.0.1/46001] INFO  ozone.MiniOzoneClusterImpl (MiniOzoneClusterImpl.java:lambda$waitForClusterToBeReady$0(221)) - Waiting for cluster to exit safe mode
2023-03-09 15:01:16,383 [Listener at 127.0.0.1/46001] INFO  ozone.MiniOzoneClusterImpl (MiniOzoneClusterImpl.java:lambda$waitForClusterToBeReady$0(223)) - SCM became leader
2023-03-09 15:01:16,601 [Command processor thread] INFO  server.RaftServer (RaftServerProxy.java:addNew(96)) - d83d04e7-4e51-47d3-8b78-fb93e7279122: addNew group-A8E19FE298E0:[d83d04e7-4e51-47d3-8b78-fb93e7279122|rpc:127.0.0.1:42489|dataStream:127.0.0.1:46041|priority:1|startupRole:FOLLOWER] returns group-A8E19FE298E0:java.util.concurrent.CompletableFuture@2ff1b4d3[Not completed]
2023-03-09 15:01:16,602 [pool-894-thread-1] INFO  server.RaftServer$Division (RaftServerImpl.java:<init>(195)) - d83d04e7-4e51-47d3-8b78-fb93e7279122: new RaftServerImpl for group-A8E19FE298E0:[d83d04e7-4e51-47d3-8b78-fb93e7279122|rpc:127.0.0.1:42489|dataStream:127.0.0.1:46041|priority:1|startupRole:FOLLOWER] with ContainerStateMachine:uninitialized
2023-03-09 15:01:16,603 [pool-894-thread-1] INFO  server.RaftServerConfigKeys (ConfUtils.java:logGet(46)) - raft.server.rpc.timeout.min = 5s (custom)
2023-03-09 15:01:16,603 [pool-894-thread-1] INFO  server.RaftServerConfigKeys (ConfUtils.java:logGet(46)) - raft.server.rpc.timeout.max = 5200ms (custom)
2023-03-09 15:01:16,603 [pool-894-thread-1] INFO  server.RaftServerConfigKeys (ConfUtils.java:logGet(46)) - raft.server.rpc.sleep.time = 25ms (default)
2023-03-09 15:01:16,603 [pool-894-thread-1] INFO  server.RaftServerConfigKeys (ConfUtils.java:logGet(46)) - raft.server.rpc.slowness.timeout = 300s (custom)
2023-03-09 15:01:16,604 [pool-894-thread-1] INFO  server.RaftServerConfigKeys (ConfUtils.java:logGet(46)) - raft.server.leaderelection.leader.step-down.wait-time = 10s (default)
2023-03-09 15:01:16,604 [pool-894-thread-1] INFO  server.RaftServerConfigKeys (ConfUtils.java:logGet(46)) - raft.server.sleep.deviation.threshold = 300ms (default)
2023-03-09 15:01:16,604 [pool-894-thread-1] INFO  server.RaftServer$Division (ServerState.java:<init>(118)) - d83d04e7-4e51-47d3-8b78-fb93e7279122@group-A8E19FE298E0: ConfigurationManager, init=-1: peers:[d83d04e7-4e51-47d3-8b78-fb93e7279122|rpc:127.0.0.1:42489|dataStream:127.0.0.1:46041|priority:1|startupRole:FOLLOWER]|listeners:[], old=null, confs=<EMPTY_MAP>
2023-03-09 15:01:16,604 [pool-894-thread-1] INFO  server.RaftServerConfigKeys (ConfUtils.java:logGet(46)) - raft.server.storage.dir = [/home/runner/work/ozone/ozone/hadoop-ozone/integration-test/target/test-dir/MiniOzoneClusterImpl-254978b8-4a66-4b6a-8773-30bebe5cbf00/datanode-0/data/ratis] (custom)
2023-03-09 15:01:16,604 [pool-894-thread-1] INFO  server.RaftServerConfigKeys (ConfUtils.java:logGet(46)) - raft.server.log.corruption.policy = EXCEPTION (default)
2023-03-09 15:01:16,604 [pool-894-thread-1] INFO  server.RaftServerConfigKeys (ConfUtils.java:logGet(46)) - raft.server.storage.free-space.min = 0MB (=0) (default)
2023-03-09 15:01:16,604 [pool-894-thread-1] INFO  server.RaftServerConfigKeys (ConfUtils.java:logGet(46)) - raft.server.notification.no-leader.timeout = 300s (custom)
2023-03-09 15:01:16,604 [pool-894-thread-1] INFO  server.RaftServerConfigKeys (ConfUtils.java:logGet(46)) - raft.server.retrycache.expirytime = 600000ms (custom)
2023-03-09 15:01:16,604 [pool-894-thread-1] INFO  server.RaftServerConfigKeys (ConfUtils.java:logGet(46)) - raft.server.retrycache.statistics.expirytime = 100μs (default)
2023-03-09 15:01:16,605 [pool-894-thread-1] INFO  server.RaftServerConfigKeys (ConfUtils.java:logGet(46)) - raft.server.log.appender.install.snapshot.enabled = false (custom)
2023-03-09 15:01:16,605 [pool-894-thread-1] INFO  server.RaftServerConfigKeys (ConfUtils.java:logGet(46)) - raft.server.threadpool.server.cached = true (default)
2023-03-09 15:01:16,605 [pool-894-thread-1] INFO  server.RaftServerConfigKeys (ConfUtils.java:logGet(46)) - raft.server.threadpool.server.size = 0 (default)
2023-03-09 15:01:16,605 [pool-894-thread-1] INFO  server.RaftServerConfigKeys (ConfUtils.java:logGet(46)) - raft.server.threadpool.client.cached = true (default)
2023-03-09 15:01:16,605 [pool-894-thread-1] INFO  server.RaftServerConfigKeys (ConfUtils.java:logGet(46)) - raft.server.threadpool.client.size = 0 (default)
2023-03-09 15:01:16,605 [pool-894-thread-1] INFO  storage.RaftStorageDirectory (RaftStorageDirectoryImpl.java:analyzeStorage(137)) - The storage directory /home/runner/work/ozone/ozone/hadoop-ozone/integration-test/target/test-dir/MiniOzoneClusterImpl-254978b8-4a66-4b6a-8773-30bebe5cbf00/datanode-0/data/ratis/85f6ed58-b2c2-4a63-9420-a8e19fe298e0 does not exist. Creating ...
2023-03-09 15:01:16,607 [pool-894-thread-1] INFO  storage.RaftStorageDirectory (RaftStorageDirectoryImpl.java:tryLock(231)) - Lock on /home/runner/work/ozone/ozone/hadoop-ozone/integration-test/target/test-dir/MiniOzoneClusterImpl-254978b8-4a66-4b6a-8773-30bebe5cbf00/datanode-0/data/ratis/85f6ed58-b2c2-4a63-9420-a8e19fe298e0/in_use.lock acquired by nodename 57158@fv-az377-502
2023-03-09 15:01:16,608 [pool-894-thread-1] INFO  storage.RaftStorage (RaftStorageImpl.java:format(96)) - Storage directory /home/runner/work/ozone/ozone/hadoop-ozone/integration-test/target/test-dir/MiniOzoneClusterImpl-254978b8-4a66-4b6a-8773-30bebe5cbf00/datanode-0/data/ratis/85f6ed58-b2c2-4a63-9420-a8e19fe298e0 has been successfully formatted.
2023-03-09 15:01:16,610 [pool-894-thread-1] INFO  ratis.ContainerStateMachine (ContainerStateMachine.java:loadSnapshot(240)) - group-A8E19FE298E0: The snapshot info is null. Setting the last applied indexto:(t:0, i:~)
2023-03-09 15:01:16,610 [pool-894-thread-1] INFO  server.RaftServerConfigKeys (ConfUtils.java:logGet(46)) - raft.server.log.use.memory = false (default)
2023-03-09 15:01:16,610 [pool-894-thread-1] INFO  server.RaftServerConfigKeys (ConfUtils.java:logGet(46)) - raft.server.log.purge.gap = 1000000 (custom)
2023-03-09 15:01:16,610 [pool-894-thread-1] INFO  server.RaftServerConfigKeys (ConfUtils.java:logGet(46)) - raft.server.log.appender.buffer.byte-limit = 33554432 (custom)
2023-03-09 15:01:16,610 [pool-894-thread-1] INFO  server.RaftServerConfigKeys (ConfUtils.java:logGet(46)) - raft.server.log.statemachine.data.read.timeout = 1000ms (default)
2023-03-09 15:01:16,610 [pool-894-thread-1] INFO  server.RaftServerConfigKeys (ConfUtils.java:logGet(46)) - raft.server.log.purge.preservation.log.num = 0 (default)
2023-03-09 15:01:16,610 [pool-894-thread-1] INFO  server.RaftServerConfigKeys (ConfUtils.java:logGet(46)) - raft.server.log.segment.size.max = 1048576 (custom)
2023-03-09 15:01:16,611 [pool-894-thread-1] INFO  server.RaftServerConfigKeys (ConfUtils.java:logGet(46)) - raft.server.log.segment.cache.num.max = 2 (custom)
2023-03-09 15:01:16,611 [pool-894-thread-1] INFO  server.RaftServerConfigKeys (ConfUtils.java:logGet(46)) - raft.server.log.segment.cache.size.max = 200MB (=209715200) (default)
2023-03-09 15:01:16,611 [pool-894-thread-1] INFO  segmented.SegmentedRaftLogWorker (SegmentedRaftLogWorker.java:<init>(189)) - new d83d04e7-4e51-47d3-8b78-fb93e7279122@group-A8E19FE298E0-SegmentedRaftLogWorker for RaftStorageImpl:Storage Directory /home/runner/work/ozone/ozone/hadoop-ozone/integration-test/target/test-dir/MiniOzoneClusterImpl-254978b8-4a66-4b6a-8773-30bebe5cbf00/datanode-0/data/ratis/85f6ed58-b2c2-4a63-9420-a8e19fe298e0
2023-03-09 15:01:16,611 [pool-894-thread-1] INFO  server.RaftServerConfigKeys (ConfUtils.java:logGet(46)) - raft.server.log.queue.byte-limit = 4294967296 (custom)
2023-03-09 15:01:16,611 [pool-894-thread-1] INFO  server.RaftServerConfigKeys (ConfUtils.java:logGet(46)) - raft.server.log.queue.element-limit = 1024 (custom)
2023-03-09 15:01:16,611 [pool-894-thread-1] INFO  server.RaftServerConfigKeys (ConfUtils.java:logGet(46)) - raft.server.log.segment.size.max = 1048576 (custom)
2023-03-09 15:01:16,611 [pool-894-thread-1] INFO  server.RaftServerConfigKeys (ConfUtils.java:logGet(46)) - raft.server.log.preallocated.size = 16384 (custom)
2023-03-09 15:01:16,611 [pool-894-thread-1] INFO  server.RaftServerConfigKeys (ConfUtils.java:logGet(46)) - raft.server.log.force.sync.num = 128 (default)
2023-03-09 15:01:16,611 [pool-894-thread-1] INFO  server.RaftServerConfigKeys (ConfUtils.java:logGet(46)) - raft.server.log.statemachine.data.sync = true (default)
2023-03-09 15:01:16,611 [pool-894-thread-1] INFO  server.RaftServerConfigKeys (ConfUtils.java:logGet(46)) - raft.server.log.statemachine.data.sync.timeout = 10s (default)
2023-03-09 15:01:16,611 [pool-894-thread-1] INFO  server.RaftServerConfigKeys (ConfUtils.java:logGet(46)) - raft.server.log.statemachine.data.sync.timeout.retry = -1 (default)
2023-03-09 15:01:16,612 [pool-894-thread-1] INFO  server.RaftServerConfigKeys (ConfUtils.java:logGet(46)) - raft.server.log.write.buffer.size = 1048576 (custom)
2023-03-09 15:01:16,612 [EventQueue-PipelineReportForPipelineReportHandler] INFO  pipeline.PipelineManagerImpl (PipelineManagerImpl.java:openPipeline(367)) - Pipeline Pipeline[ Id: 85f6ed58-b2c2-4a63-9420-a8e19fe298e0, Nodes: d83d04e7-4e51-47d3-8b78-fb93e7279122(localhost/127.0.0.1), ReplicationConfig: RATIS/ONE, State:ALLOCATED, leaderId:d83d04e7-4e51-47d3-8b78-fb93e7279122, CreationTimestamp2023-03-09T15:01:13.611Z[Etc/UTC]] moved to OPEN state
2023-03-09 15:01:16,613 [pool-894-thread-1] INFO  server.RaftServerConfigKeys (ConfUtils.java:logGet(46)) - raft.server.log.appender.buffer.byte-limit = 33554432 (custom)
2023-03-09 15:01:16,621 [pool-894-thread-1] INFO  server.RaftServerConfigKeys (ConfUtils.java:logGet(46)) - raft.server.log.unsafe-flush.enabled = false (default)
2023-03-09 15:01:16,621 [pool-894-thread-1] INFO  server.RaftServerConfigKeys (ConfUtils.java:logGet(46)) - raft.server.log.async-flush.enabled = false (default)
2023-03-09 15:01:16,621 [pool-894-thread-1] INFO  server.RaftServerConfigKeys (ConfUtils.java:logGet(46)) - raft.server.log.statemachine.data.caching.enabled = true (custom)
2023-03-09 15:01:16,621 [pool-894-thread-1] INFO  segmented.SegmentedRaftLogWorker (SegmentedRaftLogWorker.java:lambda$new$0(135)) - d83d04e7-4e51-47d3-8b78-fb93e7279122@group-A8E19FE298E0-SegmentedRaftLogWorker: flushIndex: setUnconditionally 0 -> -1
2023-03-09 15:01:16,621 [pool-894-thread-1] INFO  segmented.SegmentedRaftLogWorker (SegmentedRaftLogWorker.java:lambda$new$0(135)) - d83d04e7-4e51-47d3-8b78-fb93e7279122@group-A8E19FE298E0-SegmentedRaftLogWorker: safeCacheEvictIndex: setUnconditionally 0 -> -1
2023-03-09 15:01:16,622 [pool-894-thread-1] INFO  server.RaftServer$Division (RaftServerImpl.java:start(334)) - d83d04e7-4e51-47d3-8b78-fb93e7279122@group-A8E19FE298E0: start as a follower, conf=-1: peers:[d83d04e7-4e51-47d3-8b78-fb93e7279122|rpc:127.0.0.1:42489|dataStream:127.0.0.1:46041|priority:1|startupRole:FOLLOWER]|listeners:[], old=null
2023-03-09 15:01:16,622 [pool-894-thread-1] INFO  server.RaftServer$Division (RaftServerImpl.java:setRole(321)) - d83d04e7-4e51-47d3-8b78-fb93e7279122@group-A8E19FE298E0: changes role from      null to FOLLOWER at term 0 for startAsFollower
2023-03-09 15:01:16,622 [pool-894-thread-1] INFO  impl.RoleInfo (RoleInfo.java:updateAndGet(139)) - d83d04e7-4e51-47d3-8b78-fb93e7279122: start d83d04e7-4e51-47d3-8b78-fb93e7279122@group-A8E19FE298E0-FollowerState
2023-03-09 15:01:16,623 [ea91eb10-5e27-4c1c-9b22-4ed9c555343a@group-30BEBE5CBF00-StateMachineUpdater] INFO  safemode.HealthyPipelineSafeModeRule (HealthyPipelineSafeModeRule.java:initializeRule(165)) - Refreshed total pipeline count is 0, healthy pipeline threshold count is 1
2023-03-09 15:01:16,623 [pool-894-thread-1] INFO  util.JmxRegister (JmxRegister.java:tryRegister(44)) - Successfully registered JMX Bean with object name Ratis:service=RaftServer,group=group-A8E19FE298E0,id=d83d04e7-4e51-47d3-8b78-fb93e7279122
2023-03-09 15:01:16,624 [pool-894-thread-1] INFO  server.RaftServerConfigKeys (ConfUtils.java:logGet(46)) - raft.server.snapshot.auto.trigger.enabled = true (custom)
2023-03-09 15:01:16,624 [pool-894-thread-1] INFO  server.RaftServerConfigKeys (ConfUtils.java:logGet(46)) - raft.server.snapshot.auto.trigger.threshold = 10000 (custom)
2023-03-09 15:01:16,624 [pool-894-thread-1] INFO  server.RaftServerConfigKeys (ConfUtils.java:logGet(46)) - raft.server.snapshot.retention.file.num = 5 (custom)
2023-03-09 15:01:16,624 [pool-894-thread-1] INFO  server.RaftServerConfigKeys (ConfUtils.java:logGet(46)) - raft.server.log.purge.upto.snapshot.index = false (default)
2023-03-09 15:01:16,627 [EventQueue-OpenPipelineForHealthyPipelineSafeModeRule] INFO  safemode.SCMSafeModeManager (HealthyPipelineSafeModeRule.java:process(137)) - SCM in safe mode. Healthy pipelines reported count is 0, required healthy pipeline reported count is 1
2023-03-09 15:01:16,627 [d83d04e7-4e51-47d3-8b78-fb93e7279122@group-A8E19FE298E0-FollowerState] INFO  server.RaftServerConfigKeys (ConfUtils.java:logFallback(53)) - raft.server.rpc.first-election.timeout.min = 5s (fallback to raft.server.rpc.timeout.min)
2023-03-09 15:01:16,627 [d83d04e7-4e51-47d3-8b78-fb93e7279122@group-A8E19FE298E0-FollowerState] INFO  server.RaftServerConfigKeys (ConfUtils.java:logFallback(53)) - raft.server.rpc.first-election.timeout.max = 5200ms (fallback to raft.server.rpc.timeout.max)
2023-03-09 15:01:16,627 [Command processor thread] INFO  ratis.XceiverServerRatis (XceiverServerRatis.java:addGroup(807)) - Created group PipelineID=85f6ed58-b2c2-4a63-9420-a8e19fe298e0
2023-03-09 15:01:16,627 [Command processor thread] INFO  commandhandler.CreatePipelineCommandHandler (CreatePipelineCommandHandler.java:handle(113)) - Created Pipeline RATIS ONE PipelineID=85f6ed58-b2c2-4a63-9420-a8e19fe298e0.
2023-03-09 15:01:16,628 [Command processor thread] INFO  server.RaftServer (RaftServerProxy.java:addNew(96)) - d83d04e7-4e51-47d3-8b78-fb93e7279122: addNew group-C73BCED0AA33:[b8851da8-2889-47c2-8cdf-bbb0cc701685|rpc:127.0.0.1:44005|dataStream:127.0.0.1:45751|priority:0|startupRole:FOLLOWER, d83d04e7-4e51-47d3-8b78-fb93e7279122|rpc:127.0.0.1:42489|dataStream:127.0.0.1:46041|priority:0|startupRole:FOLLOWER, bbaee90d-c4b2-4cc7-a980-1e6be073f94e|rpc:127.0.0.1:38465|dataStream:127.0.0.1:46541|priority:1|startupRole:FOLLOWER] returns group-C73BCED0AA33:java.util.concurrent.CompletableFuture@2bce25f5[Not completed]
2023-03-09 15:01:16,629 [pool-894-thread-1] INFO  server.RaftServer$Division (RaftServerImpl.java:<init>(195)) - d83d04e7-4e51-47d3-8b78-fb93e7279122: new RaftServerImpl for group-C73BCED0AA33:[b8851da8-2889-47c2-8cdf-bbb0cc701685|rpc:127.0.0.1:44005|dataStream:127.0.0.1:45751|priority:0|startupRole:FOLLOWER, d83d04e7-4e51-47d3-8b78-fb93e7279122|rpc:127.0.0.1:42489|dataStream:127.0.0.1:46041|priority:0|startupRole:FOLLOWER, bbaee90d-c4b2-4cc7-a980-1e6be073f94e|rpc:127.0.0.1:38465|dataStream:127.0.0.1:46541|priority:1|startupRole:FOLLOWER] with ContainerStateMachine:uninitialized
2023-03-09 15:01:16,629 [pool-894-thread-1] INFO  server.RaftServerConfigKeys (ConfUtils.java:logGet(46)) - raft.server.rpc.timeout.min = 5s (custom)
2023-03-09 15:01:16,629 [pool-894-thread-1] INFO  server.RaftServerConfigKeys (ConfUtils.java:logGet(46)) - raft.server.rpc.timeout.max = 5200ms (custom)
2023-03-09 15:01:16,629 [pool-894-thread-1] INFO  server.RaftServerConfigKeys (ConfUtils.java:logGet(46)) - raft.server.rpc.sleep.time = 25ms (default)
2023-03-09 15:01:16,629 [pool-894-thread-1] INFO  server.RaftServerConfigKeys (ConfUtils.java:logGet(46)) - raft.server.rpc.slowness.timeout = 300s (custom)
2023-03-09 15:01:16,629 [pool-894-thread-1] INFO  server.RaftServerConfigKeys (ConfUtils.java:logGet(46)) - raft.server.leaderelection.leader.step-down.wait-time = 10s (default)
2023-03-09 15:01:16,629 [pool-894-thread-1] INFO  server.RaftServerConfigKeys (ConfUtils.java:logGet(46)) - raft.server.sleep.deviation.threshold = 300ms (default)
2023-03-09 15:01:16,629 [pool-894-thread-1] INFO  server.RaftServer$Division (ServerState.java:<init>(118)) - d83d04e7-4e51-47d3-8b78-fb93e7279122@group-C73BCED0AA33: ConfigurationManager, init=-1: peers:[b8851da8-2889-47c2-8cdf-bbb0cc701685|rpc:127.0.0.1:44005|dataStream:127.0.0.1:45751|priority:0|startupRole:FOLLOWER, d83d04e7-4e51-47d3-8b78-fb93e7279122|rpc:127.0.0.1:42489|dataStream:127.0.0.1:46041|priority:0|startupRole:FOLLOWER, bbaee90d-c4b2-4cc7-a980-1e6be073f94e|rpc:127.0.0.1:38465|dataStream:127.0.0.1:46541|priority:1|startupRole:FOLLOWER]|listeners:[], old=null, confs=<EMPTY_MAP>
2023-03-09 15:01:16,629 [pool-894-thread-1] INFO  server.RaftServerConfigKeys (ConfUtils.java:logGet(46)) - raft.server.storage.dir = [/home/runner/work/ozone/ozone/hadoop-ozone/integration-test/target/test-dir/MiniOzoneClusterImpl-254978b8-4a66-4b6a-8773-30bebe5cbf00/datanode-0/data/ratis] (custom)
2023-03-09 15:01:16,630 [pool-894-thread-1] INFO  server.RaftServerConfigKeys (ConfUtils.java:logGet(46)) - raft.server.log.corruption.policy = EXCEPTION (default)
2023-03-09 15:01:16,630 [pool-894-thread-1] INFO  server.RaftServerConfigKeys (ConfUtils.java:logGet(46)) - raft.server.storage.free-space.min = 0MB (=0) (default)
2023-03-09 15:01:16,630 [pool-894-thread-1] INFO  server.RaftServerConfigKeys (ConfUtils.java:logGet(46)) - raft.server.notification.no-leader.timeout = 300s (custom)
2023-03-09 15:01:16,630 [pool-894-thread-1] INFO  server.RaftServerConfigKeys (ConfUtils.java:logGet(46)) - raft.server.retrycache.expirytime = 600000ms (custom)
2023-03-09 15:01:16,630 [pool-894-thread-1] INFO  server.RaftServerConfigKeys (ConfUtils.java:logGet(46)) - raft.server.retrycache.statistics.expirytime = 100μs (default)
2023-03-09 15:01:16,631 [pool-894-thread-1] INFO  server.RaftServerConfigKeys (ConfUtils.java:logGet(46)) - raft.server.log.appender.install.snapshot.enabled = false (custom)
2023-03-09 15:01:16,631 [pool-894-thread-1] INFO  server.RaftServerConfigKeys (ConfUtils.java:logGet(46)) - raft.server.threadpool.server.cached = true (default)
2023-03-09 15:01:16,631 [pool-894-thread-1] INFO  server.RaftServerConfigKeys (ConfUtils.java:logGet(46)) - raft.server.threadpool.server.size = 0 (default)
2023-03-09 15:01:16,631 [pool-894-thread-1] INFO  server.RaftServerConfigKeys (ConfUtils.java:logGet(46)) - raft.server.threadpool.client.cached = true (default)
2023-03-09 15:01:16,631 [pool-894-thread-1] INFO  server.RaftServerConfigKeys (ConfUtils.java:logGet(46)) - raft.server.threadpool.client.size = 0 (default)
2023-03-09 15:01:16,631 [pool-894-thread-1] INFO  storage.RaftStorageDirectory (RaftStorageDirectoryImpl.java:analyzeStorage(137)) - The storage directory /home/runner/work/ozone/ozone/hadoop-ozone/integration-test/target/test-dir/MiniOzoneClusterImpl-254978b8-4a66-4b6a-8773-30bebe5cbf00/datanode-0/data/ratis/6be1a327-d200-4bb3-a02a-c73bced0aa33 does not exist. Creating ...
2023-03-09 15:01:16,632 [pool-894-thread-1] INFO  storage.RaftStorageDirectory (RaftStorageDirectoryImpl.java:tryLock(231)) - Lock on /home/runner/work/ozone/ozone/hadoop-ozone/integration-test/target/test-dir/MiniOzoneClusterImpl-254978b8-4a66-4b6a-8773-30bebe5cbf00/datanode-0/data/ratis/6be1a327-d200-4bb3-a02a-c73bced0aa33/in_use.lock acquired by nodename 57158@fv-az377-502
2023-03-09 15:01:16,634 [pool-894-thread-1] INFO  storage.RaftStorage (RaftStorageImpl.java:format(96)) - Storage directory /home/runner/work/ozone/ozone/hadoop-ozone/integration-test/target/test-dir/MiniOzoneClusterImpl-254978b8-4a66-4b6a-8773-30bebe5cbf00/datanode-0/data/ratis/6be1a327-d200-4bb3-a02a-c73bced0aa33 has been successfully formatted.
2023-03-09 15:01:16,634 [pool-894-thread-1] INFO  ratis.ContainerStateMachine (ContainerStateMachine.java:loadSnapshot(240)) - group-C73BCED0AA33: The snapshot info is null. Setting the last applied indexto:(t:0, i:~)
2023-03-09 15:01:16,634 [pool-894-thread-1] INFO  server.RaftServerConfigKeys (ConfUtils.java:logGet(46)) - raft.server.log.use.memory = false (default)
2023-03-09 15:01:16,635 [pool-894-thread-1] INFO  server.RaftServerConfigKeys (ConfUtils.java:logGet(46)) - raft.server.log.purge.gap = 1000000 (custom)
2023-03-09 15:01:16,635 [pool-894-thread-1] INFO  server.RaftServerConfigKeys (ConfUtils.java:logGet(46)) - raft.server.log.appender.buffer.byte-limit = 33554432 (custom)
2023-03-09 15:01:16,635 [pool-894-thread-1] INFO  server.RaftServerConfigKeys (ConfUtils.java:logGet(46)) - raft.server.log.statemachine.data.read.timeout = 1000ms (default)
2023-03-09 15:01:16,635 [pool-894-thread-1] INFO  server.RaftServerConfigKeys (ConfUtils.java:logGet(46)) - raft.server.log.purge.preservation.log.num = 0 (default)
2023-03-09 15:01:16,635 [pool-894-thread-1] INFO  server.RaftServerConfigKeys (ConfUtils.java:logGet(46)) - raft.server.log.segment.size.max = 1048576 (custom)
2023-03-09 15:01:16,636 [pool-894-thread-1] INFO  server.RaftServerConfigKeys (ConfUtils.java:logGet(46)) - raft.server.log.segment.cache.num.max = 2 (custom)
2023-03-09 15:01:16,636 [pool-894-thread-1] INFO  server.RaftServerConfigKeys (ConfUtils.java:logGet(46)) - raft.server.log.segment.cache.size.max = 200MB (=209715200) (default)
2023-03-09 15:01:16,636 [pool-894-thread-1] INFO  segmented.SegmentedRaftLogWorker (SegmentedRaftLogWorker.java:<init>(189)) - new d83d04e7-4e51-47d3-8b78-fb93e7279122@group-C73BCED0AA33-SegmentedRaftLogWorker for RaftStorageImpl:Storage Directory /home/runner/work/ozone/ozone/hadoop-ozone/integration-test/target/test-dir/MiniOzoneClusterImpl-254978b8-4a66-4b6a-8773-30bebe5cbf00/datanode-0/data/ratis/6be1a327-d200-4bb3-a02a-c73bced0aa33
2023-03-09 15:01:16,636 [pool-894-thread-1] INFO  server.RaftServerConfigKeys (ConfUtils.java:logGet(46)) - raft.server.log.queue.byte-limit = 4294967296 (custom)
2023-03-09 15:01:16,636 [EventQueue-OpenPipelineForHealthyPipelineSafeModeRule] INFO  safemode.SCMSafeModeManager (HealthyPipelineSafeModeRule.java:process(137)) - SCM in safe mode. Healthy pipelines reported count is 0, required healthy pipeline reported count is 1
2023-03-09 15:01:16,636 [pool-894-thread-1] INFO  server.RaftServerConfigKeys (ConfUtils.java:logGet(46)) - raft.server.log.queue.element-limit = 1024 (custom)
2023-03-09 15:01:16,637 [pool-894-thread-1] INFO  server.RaftServerConfigKeys (ConfUtils.java:logGet(46)) - raft.server.log.segment.size.max = 1048576 (custom)
2023-03-09 15:01:16,637 [pool-894-thread-1] INFO  server.RaftServerConfigKeys (ConfUtils.java:logGet(46)) - raft.server.log.preallocated.size = 16384 (custom)
2023-03-09 15:01:16,637 [pool-894-thread-1] INFO  server.RaftServerConfigKeys (ConfUtils.java:logGet(46)) - raft.server.log.force.sync.num = 128 (default)
2023-03-09 15:01:16,637 [pool-894-thread-1] INFO  server.RaftServerConfigKeys (ConfUtils.java:logGet(46)) - raft.server.log.statemachine.data.sync = true (default)
2023-03-09 15:01:16,637 [pool-894-thread-1] INFO  server.RaftServerConfigKeys (ConfUtils.java:logGet(46)) - raft.server.log.statemachine.data.sync.timeout = 10s (default)
2023-03-09 15:01:16,637 [pool-894-thread-1] INFO  server.RaftServerConfigKeys (ConfUtils.java:logGet(46)) - raft.server.log.statemachine.data.sync.timeout.retry = -1 (default)
2023-03-09 15:01:16,637 [pool-894-thread-1] INFO  server.RaftServerConfigKeys (ConfUtils.java:logGet(46)) - raft.server.log.write.buffer.size = 1048576 (custom)
2023-03-09 15:01:16,639 [pool-894-thread-1] INFO  server.RaftServerConfigKeys (ConfUtils.java:logGet(46)) - raft.server.log.appender.buffer.byte-limit = 33554432 (custom)
2023-03-09 15:01:16,646 [pool-894-thread-1] INFO  server.RaftServerConfigKeys (ConfUtils.java:logGet(46)) - raft.server.log.unsafe-flush.enabled = false (default)
2023-03-09 15:01:16,646 [pool-894-thread-1] INFO  server.RaftServerConfigKeys (ConfUtils.java:logGet(46)) - raft.server.log.async-flush.enabled = false (default)
2023-03-09 15:01:16,646 [pool-894-thread-1] INFO  server.RaftServerConfigKeys (ConfUtils.java:logGet(46)) - raft.server.log.statemachine.data.caching.enabled = true (custom)
2023-03-09 15:01:16,646 [pool-894-thread-1] INFO  segmented.SegmentedRaftLogWorker (SegmentedRaftLogWorker.java:lambda$new$0(135)) - d83d04e7-4e51-47d3-8b78-fb93e7279122@group-C73BCED0AA33-SegmentedRaftLogWorker: flushIndex: setUnconditionally 0 -> -1
2023-03-09 15:01:16,646 [pool-894-thread-1] INFO  segmented.SegmentedRaftLogWorker (SegmentedRaftLogWorker.java:lambda$new$0(135)) - d83d04e7-4e51-47d3-8b78-fb93e7279122@group-C73BCED0AA33-SegmentedRaftLogWorker: safeCacheEvictIndex: setUnconditionally 0 -> -1
2023-03-09 15:01:16,646 [pool-894-thread-1] INFO  server.RaftServer$Division (RaftServerImpl.java:start(334)) - d83d04e7-4e51-47d3-8b78-fb93e7279122@group-C73BCED0AA33: start as a follower, conf=-1: peers:[b8851da8-2889-47c2-8cdf-bbb0cc701685|rpc:127.0.0.1:44005|dataStream:127.0.0.1:45751|priority:0|startupRole:FOLLOWER, d83d04e7-4e51-47d3-8b78-fb93e7279122|rpc:127.0.0.1:42489|dataStream:127.0.0.1:46041|priority:0|startupRole:FOLLOWER, bbaee90d-c4b2-4cc7-a980-1e6be073f94e|rpc:127.0.0.1:38465|dataStream:127.0.0.1:46541|priority:1|startupRole:FOLLOWER]|listeners:[], old=null
2023-03-09 15:01:16,646 [pool-894-thread-1] INFO  server.RaftServer$Division (RaftServerImpl.java:setRole(321)) - d83d04e7-4e51-47d3-8b78-fb93e7279122@group-C73BCED0AA33: changes role from      null to FOLLOWER at term 0 for startAsFollower
2023-03-09 15:01:16,647 [pool-894-thread-1] INFO  impl.RoleInfo (RoleInfo.java:updateAndGet(139)) - d83d04e7-4e51-47d3-8b78-fb93e7279122: start d83d04e7-4e51-47d3-8b78-fb93e7279122@group-C73BCED0AA33-FollowerState
2023-03-09 15:01:16,647 [d83d04e7-4e51-47d3-8b78-fb93e7279122@group-C73BCED0AA33-FollowerState] INFO  server.RaftServerConfigKeys (ConfUtils.java:logFallback(53)) - raft.server.rpc.first-election.timeout.min = 5s (fallback to raft.server.rpc.timeout.min)
2023-03-09 15:01:16,647 [pool-894-thread-1] INFO  util.JmxRegister (JmxRegister.java:tryRegister(44)) - Successfully registered JMX Bean with object name Ratis:service=RaftServer,group=group-C73BCED0AA33,id=d83d04e7-4e51-47d3-8b78-fb93e7279122
2023-03-09 15:01:16,647 [d83d04e7-4e51-47d3-8b78-fb93e7279122@group-C73BCED0AA33-FollowerState] INFO  server.RaftServerConfigKeys (ConfUtils.java:logFallback(53)) - raft.server.rpc.first-election.timeout.max = 5200ms (fallback to raft.server.rpc.timeout.max)
2023-03-09 15:01:16,647 [pool-894-thread-1] INFO  server.RaftServerConfigKeys (ConfUtils.java:logGet(46)) - raft.server.snapshot.auto.trigger.enabled = true (custom)
2023-03-09 15:01:16,649 [pool-894-thread-1] INFO  server.RaftServerConfigKeys (ConfUtils.java:logGet(46)) - raft.server.snapshot.auto.trigger.threshold = 10000 (custom)
2023-03-09 15:01:16,649 [pool-894-thread-1] INFO  server.RaftServerConfigKeys (ConfUtils.java:logGet(46)) - raft.server.snapshot.retention.file.num = 5 (custom)
2023-03-09 15:01:16,649 [pool-894-thread-1] INFO  server.RaftServerConfigKeys (ConfUtils.java:logGet(46)) - raft.server.log.purge.upto.snapshot.index = false (default)
2023-03-09 15:01:16,649 [Command processor thread] INFO  ratis.XceiverServerRatis (XceiverServerRatis.java:addGroup(807)) - Created group PipelineID=6be1a327-d200-4bb3-a02a-c73bced0aa33
2023-03-09 15:01:16,662 [grpc-default-executor-12] INFO  server.RaftServer (RaftServerProxy.java:addNew(96)) - bbaee90d-c4b2-4cc7-a980-1e6be073f94e: addNew group-C73BCED0AA33:[b8851da8-2889-47c2-8cdf-bbb0cc701685|rpc:127.0.0.1:44005|dataStream:127.0.0.1:45751|priority:0|startupRole:FOLLOWER, d83d04e7-4e51-47d3-8b78-fb93e7279122|rpc:127.0.0.1:42489|dataStream:127.0.0.1:46041|priority:0|startupRole:FOLLOWER, bbaee90d-c4b2-4cc7-a980-1e6be073f94e|rpc:127.0.0.1:38465|dataStream:127.0.0.1:46541|priority:1|startupRole:FOLLOWER] returns group-C73BCED0AA33:java.util.concurrent.CompletableFuture@2752fb9b[Not completed]
2023-03-09 15:01:16,663 [pool-916-thread-1] INFO  server.RaftServer$Division (RaftServerImpl.java:<init>(195)) - bbaee90d-c4b2-4cc7-a980-1e6be073f94e: new RaftServerImpl for group-C73BCED0AA33:[b8851da8-2889-47c2-8cdf-bbb0cc701685|rpc:127.0.0.1:44005|dataStream:127.0.0.1:45751|priority:0|startupRole:FOLLOWER, d83d04e7-4e51-47d3-8b78-fb93e7279122|rpc:127.0.0.1:42489|dataStream:127.0.0.1:46041|priority:0|startupRole:FOLLOWER, bbaee90d-c4b2-4cc7-a980-1e6be073f94e|rpc:127.0.0.1:38465|dataStream:127.0.0.1:46541|priority:1|startupRole:FOLLOWER] with ContainerStateMachine:uninitialized
2023-03-09 15:01:16,663 [pool-916-thread-1] INFO  server.RaftServerConfigKeys (ConfUtils.java:logGet(46)) - raft.server.rpc.timeout.min = 5s (custom)
2023-03-09 15:01:16,663 [pool-916-thread-1] INFO  server.RaftServerConfigKeys (ConfUtils.java:logGet(46)) - raft.server.rpc.timeout.max = 5200ms (custom)
2023-03-09 15:01:16,663 [pool-916-thread-1] INFO  server.RaftServerConfigKeys (ConfUtils.java:logGet(46)) - raft.server.rpc.sleep.time = 25ms (default)
2023-03-09 15:01:16,663 [pool-916-thread-1] INFO  server.RaftServerConfigKeys (ConfUtils.java:logGet(46)) - raft.server.rpc.slowness.timeout = 300s (custom)
2023-03-09 15:01:16,663 [pool-916-thread-1] INFO  server.RaftServerConfigKeys (ConfUtils.java:logGet(46)) - raft.server.leaderelection.leader.step-down.wait-time = 10s (default)
2023-03-09 15:01:16,663 [pool-916-thread-1] INFO  server.RaftServerConfigKeys (ConfUtils.java:logGet(46)) - raft.server.sleep.deviation.threshold = 300ms (default)
2023-03-09 15:01:16,663 [pool-916-thread-1] INFO  server.RaftServer$Division (ServerState.java:<init>(118)) - bbaee90d-c4b2-4cc7-a980-1e6be073f94e@group-C73BCED0AA33: ConfigurationManager, init=-1: peers:[b8851da8-2889-47c2-8cdf-bbb0cc701685|rpc:127.0.0.1:44005|dataStream:127.0.0.1:45751|priority:0|startupRole:FOLLOWER, d83d04e7-4e51-47d3-8b78-fb93e7279122|rpc:127.0.0.1:42489|dataStream:127.0.0.1:46041|priority:0|startupRole:FOLLOWER, bbaee90d-c4b2-4cc7-a980-1e6be073f94e|rpc:127.0.0.1:38465|dataStream:127.0.0.1:46541|priority:1|startupRole:FOLLOWER]|listeners:[], old=null, confs=<EMPTY_MAP>
2023-03-09 15:01:16,664 [pool-916-thread-1] INFO  server.RaftServerConfigKeys (ConfUtils.java:logGet(46)) - raft.server.storage.dir = [/home/runner/work/ozone/ozone/hadoop-ozone/integration-test/target/test-dir/MiniOzoneClusterImpl-254978b8-4a66-4b6a-8773-30bebe5cbf00/datanode-1/data/ratis] (custom)
2023-03-09 15:01:16,664 [pool-916-thread-1] INFO  server.RaftServerConfigKeys (ConfUtils.java:logGet(46)) - raft.server.log.corruption.policy = EXCEPTION (default)
2023-03-09 15:01:16,664 [pool-916-thread-1] INFO  server.RaftServerConfigKeys (ConfUtils.java:logGet(46)) - raft.server.storage.free-space.min = 0MB (=0) (default)
2023-03-09 15:01:16,664 [pool-916-thread-1] INFO  server.RaftServerConfigKeys (ConfUtils.java:logGet(46)) - raft.server.notification.no-leader.timeout = 300s (custom)
2023-03-09 15:01:16,664 [pool-916-thread-1] INFO  server.RaftServerConfigKeys (ConfUtils.java:logGet(46)) - raft.server.retrycache.expirytime = 600000ms (custom)
2023-03-09 15:01:16,664 [pool-916-thread-1] INFO  server.RaftServerConfigKeys (ConfUtils.java:logGet(46)) - raft.server.retrycache.statistics.expirytime = 100μs (default)
2023-03-09 15:01:16,665 [pool-916-thread-1] INFO  server.RaftServerConfigKeys (ConfUtils.java:logGet(46)) - raft.server.log.appender.install.snapshot.enabled = false (custom)
2023-03-09 15:01:16,665 [pool-916-thread-1] INFO  server.RaftServerConfigKeys (ConfUtils.java:logGet(46)) - raft.server.threadpool.server.cached = true (default)
2023-03-09 15:01:16,665 [pool-916-thread-1] INFO  server.RaftServerConfigKeys (ConfUtils.java:logGet(46)) - raft.server.threadpool.server.size = 0 (default)
2023-03-09 15:01:16,665 [pool-916-thread-1] INFO  server.RaftServerConfigKeys (ConfUtils.java:logGet(46)) - raft.server.threadpool.client.cached = true (default)
2023-03-09 15:01:16,665 [pool-916-thread-1] INFO  server.RaftServerConfigKeys (ConfUtils.java:logGet(46)) - raft.server.threadpool.client.size = 0 (default)
2023-03-09 15:01:16,665 [pool-916-thread-1] INFO  storage.RaftStorageDirectory (RaftStorageDirectoryImpl.java:analyzeStorage(137)) - The storage directory /home/runner/work/ozone/ozone/hadoop-ozone/integration-test/target/test-dir/MiniOzoneClusterImpl-254978b8-4a66-4b6a-8773-30bebe5cbf00/datanode-1/data/ratis/6be1a327-d200-4bb3-a02a-c73bced0aa33 does not exist. Creating ...
2023-03-09 15:01:16,667 [pool-916-thread-1] INFO  storage.RaftStorageDirectory (RaftStorageDirectoryImpl.java:tryLock(231)) - Lock on /home/runner/work/ozone/ozone/hadoop-ozone/integration-test/target/test-dir/MiniOzoneClusterImpl-254978b8-4a66-4b6a-8773-30bebe5cbf00/datanode-1/data/ratis/6be1a327-d200-4bb3-a02a-c73bced0aa33/in_use.lock acquired by nodename 57158@fv-az377-502
2023-03-09 15:01:16,668 [pool-916-thread-1] INFO  storage.RaftStorage (RaftStorageImpl.java:format(96)) - Storage directory /home/runner/work/ozone/ozone/hadoop-ozone/integration-test/target/test-dir/MiniOzoneClusterImpl-254978b8-4a66-4b6a-8773-30bebe5cbf00/datanode-1/data/ratis/6be1a327-d200-4bb3-a02a-c73bced0aa33 has been successfully formatted.
2023-03-09 15:01:16,669 [pool-916-thread-1] INFO  ratis.ContainerStateMachine (ContainerStateMachine.java:loadSnapshot(240)) - group-C73BCED0AA33: The snapshot info is null. Setting the last applied indexto:(t:0, i:~)
2023-03-09 15:01:16,669 [pool-916-thread-1] INFO  server.RaftServerConfigKeys (ConfUtils.java:logGet(46)) - raft.server.log.use.memory = false (default)
2023-03-09 15:01:16,669 [pool-916-thread-1] INFO  server.RaftServerConfigKeys (ConfUtils.java:logGet(46)) - raft.server.log.purge.gap = 1000000 (custom)
2023-03-09 15:01:16,669 [pool-916-thread-1] INFO  server.RaftServerConfigKeys (ConfUtils.java:logGet(46)) - raft.server.log.appender.buffer.byte-limit = 33554432 (custom)
2023-03-09 15:01:16,669 [pool-916-thread-1] INFO  server.RaftServerConfigKeys (ConfUtils.java:logGet(46)) - raft.server.log.statemachine.data.read.timeout = 1000ms (default)
2023-03-09 15:01:16,670 [pool-916-thread-1] INFO  server.RaftServerConfigKeys (ConfUtils.java:logGet(46)) - raft.server.log.purge.preservation.log.num = 0 (default)
2023-03-09 15:01:16,670 [pool-916-thread-1] INFO  server.RaftServerConfigKeys (ConfUtils.java:logGet(46)) - raft.server.log.segment.size.max = 1048576 (custom)
2023-03-09 15:01:16,672 [pool-916-thread-1] INFO  server.RaftServerConfigKeys (ConfUtils.java:logGet(46)) - raft.server.log.segment.cache.num.max = 2 (custom)
2023-03-09 15:01:16,672 [pool-916-thread-1] INFO  server.RaftServerConfigKeys (ConfUtils.java:logGet(46)) - raft.server.log.segment.cache.size.max = 200MB (=209715200) (default)
2023-03-09 15:01:16,672 [pool-916-thread-1] INFO  segmented.SegmentedRaftLogWorker (SegmentedRaftLogWorker.java:<init>(189)) - new bbaee90d-c4b2-4cc7-a980-1e6be073f94e@group-C73BCED0AA33-SegmentedRaftLogWorker for RaftStorageImpl:Storage Directory /home/runner/work/ozone/ozone/hadoop-ozone/integration-test/target/test-dir/MiniOzoneClusterImpl-254978b8-4a66-4b6a-8773-30bebe5cbf00/datanode-1/data/ratis/6be1a327-d200-4bb3-a02a-c73bced0aa33
2023-03-09 15:01:16,672 [pool-916-thread-1] INFO  server.RaftServerConfigKeys (ConfUtils.java:logGet(46)) - raft.server.log.queue.byte-limit = 4294967296 (custom)
2023-03-09 15:01:16,672 [pool-916-thread-1] INFO  server.RaftServerConfigKeys (ConfUtils.java:logGet(46)) - raft.server.log.queue.element-limit = 1024 (custom)
2023-03-09 15:01:16,672 [pool-916-thread-1] INFO  server.RaftServerConfigKeys (ConfUtils.java:logGet(46)) - raft.server.log.segment.size.max = 1048576 (custom)
2023-03-09 15:01:16,672 [pool-916-thread-1] INFO  server.RaftServerConfigKeys (ConfUtils.java:logGet(46)) - raft.server.log.preallocated.size = 16384 (custom)
2023-03-09 15:01:16,672 [pool-916-thread-1] INFO  server.RaftServerConfigKeys (ConfUtils.java:logGet(46)) - raft.server.log.force.sync.num = 128 (default)
2023-03-09 15:01:16,672 [pool-916-thread-1] INFO  server.RaftServerConfigKeys (ConfUtils.java:logGet(46)) - raft.server.log.statemachine.data.sync = true (default)
2023-03-09 15:01:16,672 [pool-916-thread-1] INFO  server.RaftServerConfigKeys (ConfUtils.java:logGet(46)) - raft.server.log.statemachine.data.sync.timeout = 10s (default)
2023-03-09 15:01:16,672 [pool-916-thread-1] INFO  server.RaftServerConfigKeys (ConfUtils.java:logGet(46)) - raft.server.log.statemachine.data.sync.timeout.retry = -1 (default)
2023-03-09 15:01:16,673 [pool-916-thread-1] INFO  server.RaftServerConfigKeys (ConfUtils.java:logGet(46)) - raft.server.log.write.buffer.size = 1048576 (custom)
2023-03-09 15:01:16,674 [pool-916-thread-1] INFO  server.RaftServerConfigKeys (ConfUtils.java:logGet(46)) - raft.server.log.appender.buffer.byte-limit = 33554432 (custom)
2023-03-09 15:01:16,717 [pool-916-thread-1] INFO  server.RaftServerConfigKeys (ConfUtils.java:logGet(46)) - raft.server.log.unsafe-flush.enabled = false (default)
2023-03-09 15:01:16,724 [pool-916-thread-1] INFO  server.RaftServerConfigKeys (ConfUtils.java:logGet(46)) - raft.server.log.async-flush.enabled = false (default)
2023-03-09 15:01:16,724 [pool-916-thread-1] INFO  server.RaftServerConfigKeys (ConfUtils.java:logGet(46)) - raft.server.log.statemachine.data.caching.enabled = true (custom)
2023-03-09 15:01:16,725 [pool-916-thread-1] INFO  segmented.SegmentedRaftLogWorker (SegmentedRaftLogWorker.java:lambda$new$0(135)) - bbaee90d-c4b2-4cc7-a980-1e6be073f94e@group-C73BCED0AA33-SegmentedRaftLogWorker: flushIndex: setUnconditionally 0 -> -1
2023-03-09 15:01:16,725 [pool-916-thread-1] INFO  segmented.SegmentedRaftLogWorker (SegmentedRaftLogWorker.java:lambda$new$0(135)) - bbaee90d-c4b2-4cc7-a980-1e6be073f94e@group-C73BCED0AA33-SegmentedRaftLogWorker: safeCacheEvictIndex: setUnconditionally 0 -> -1
2023-03-09 15:01:16,725 [pool-916-thread-1] INFO  server.RaftServer$Division (RaftServerImpl.java:start(334)) - bbaee90d-c4b2-4cc7-a980-1e6be073f94e@group-C73BCED0AA33: start as a follower, conf=-1: peers:[b8851da8-2889-47c2-8cdf-bbb0cc701685|rpc:127.0.0.1:44005|dataStream:127.0.0.1:45751|priority:0|startupRole:FOLLOWER, d83d04e7-4e51-47d3-8b78-fb93e7279122|rpc:127.0.0.1:42489|dataStream:127.0.0.1:46041|priority:0|startupRole:FOLLOWER, bbaee90d-c4b2-4cc7-a980-1e6be073f94e|rpc:127.0.0.1:38465|dataStream:127.0.0.1:46541|priority:1|startupRole:FOLLOWER]|listeners:[], old=null
2023-03-09 15:01:16,725 [pool-916-thread-1] INFO  server.RaftServer$Division (RaftServerImpl.java:setRole(321)) - bbaee90d-c4b2-4cc7-a980-1e6be073f94e@group-C73BCED0AA33: changes role from      null to FOLLOWER at term 0 for startAsFollower
2023-03-09 15:01:16,725 [pool-916-thread-1] INFO  impl.RoleInfo (RoleInfo.java:updateAndGet(139)) - bbaee90d-c4b2-4cc7-a980-1e6be073f94e: start bbaee90d-c4b2-4cc7-a980-1e6be073f94e@group-C73BCED0AA33-FollowerState
2023-03-09 15:01:16,726 [pool-916-thread-1] INFO  util.JmxRegister (JmxRegister.java:tryRegister(44)) - Successfully registered JMX Bean with object name Ratis:service=RaftServer,group=group-C73BCED0AA33,id=bbaee90d-c4b2-4cc7-a980-1e6be073f94e
2023-03-09 15:01:16,726 [bbaee90d-c4b2-4cc7-a980-1e6be073f94e@group-C73BCED0AA33-FollowerState] INFO  server.RaftServerConfigKeys (ConfUtils.java:logFallback(53)) - raft.server.rpc.first-election.timeout.min = 5s (fallback to raft.server.rpc.timeout.min)
2023-03-09 15:01:16,726 [pool-916-thread-1] INFO  server.RaftServerConfigKeys (ConfUtils.java:logGet(46)) - raft.server.snapshot.auto.trigger.enabled = true (custom)
2023-03-09 15:01:16,726 [bbaee90d-c4b2-4cc7-a980-1e6be073f94e@group-C73BCED0AA33-FollowerState] INFO  server.RaftServerConfigKeys (ConfUtils.java:logFallback(53)) - raft.server.rpc.first-election.timeout.max = 5200ms (fallback to raft.server.rpc.timeout.max)
2023-03-09 15:01:16,726 [pool-916-thread-1] INFO  server.RaftServerConfigKeys (ConfUtils.java:logGet(46)) - raft.server.snapshot.auto.trigger.threshold = 10000 (custom)
2023-03-09 15:01:16,726 [pool-916-thread-1] INFO  server.RaftServerConfigKeys (ConfUtils.java:logGet(46)) - raft.server.snapshot.retention.file.num = 5 (custom)
2023-03-09 15:01:16,726 [pool-916-thread-1] INFO  server.RaftServerConfigKeys (ConfUtils.java:logGet(46)) - raft.server.log.purge.upto.snapshot.index = false (default)
2023-03-09 15:01:16,745 [grpc-default-executor-12] INFO  server.RaftServer (RaftServerProxy.java:addNew(96)) - b8851da8-2889-47c2-8cdf-bbb0cc701685: addNew group-C73BCED0AA33:[b8851da8-2889-47c2-8cdf-bbb0cc701685|rpc:127.0.0.1:44005|dataStream:127.0.0.1:45751|priority:0|startupRole:FOLLOWER, d83d04e7-4e51-47d3-8b78-fb93e7279122|rpc:127.0.0.1:42489|dataStream:127.0.0.1:46041|priority:0|startupRole:FOLLOWER, bbaee90d-c4b2-4cc7-a980-1e6be073f94e|rpc:127.0.0.1:38465|dataStream:127.0.0.1:46541|priority:1|startupRole:FOLLOWER] returns group-C73BCED0AA33:java.util.concurrent.CompletableFuture@33889206[Not completed]
2023-03-09 15:01:16,746 [pool-938-thread-1] INFO  server.RaftServer$Division (RaftServerImpl.java:<init>(195)) - b8851da8-2889-47c2-8cdf-bbb0cc701685: new RaftServerImpl for group-C73BCED0AA33:[b8851da8-2889-47c2-8cdf-bbb0cc701685|rpc:127.0.0.1:44005|dataStream:127.0.0.1:45751|priority:0|startupRole:FOLLOWER, d83d04e7-4e51-47d3-8b78-fb93e7279122|rpc:127.0.0.1:42489|dataStream:127.0.0.1:46041|priority:0|startupRole:FOLLOWER, bbaee90d-c4b2-4cc7-a980-1e6be073f94e|rpc:127.0.0.1:38465|dataStream:127.0.0.1:46541|priority:1|startupRole:FOLLOWER] with ContainerStateMachine:uninitialized
2023-03-09 15:01:16,746 [pool-938-thread-1] INFO  server.RaftServerConfigKeys (ConfUtils.java:logGet(46)) - raft.server.rpc.timeout.min = 5s (custom)
2023-03-09 15:01:16,746 [pool-938-thread-1] INFO  server.RaftServerConfigKeys (ConfUtils.java:logGet(46)) - raft.server.rpc.timeout.max = 5200ms (custom)
2023-03-09 15:01:16,746 [pool-938-thread-1] INFO  server.RaftServerConfigKeys (ConfUtils.java:logGet(46)) - raft.server.rpc.sleep.time = 25ms (default)
2023-03-09 15:01:16,746 [pool-938-thread-1] INFO  server.RaftServerConfigKeys (ConfUtils.java:logGet(46)) - raft.server.rpc.slowness.timeout = 300s (custom)
2023-03-09 15:01:16,746 [pool-938-thread-1] INFO  server.RaftServerConfigKeys (ConfUtils.java:logGet(46)) - raft.server.leaderelection.leader.step-down.wait-time = 10s (default)
2023-03-09 15:01:16,746 [pool-938-thread-1] INFO  server.RaftServerConfigKeys (ConfUtils.java:logGet(46)) - raft.server.sleep.deviation.threshold = 300ms (default)
2023-03-09 15:01:16,746 [pool-938-thread-1] INFO  server.RaftServer$Division (ServerState.java:<init>(118)) - b8851da8-2889-47c2-8cdf-bbb0cc701685@group-C73BCED0AA33: ConfigurationManager, init=-1: peers:[b8851da8-2889-47c2-8cdf-bbb0cc701685|rpc:127.0.0.1:44005|dataStream:127.0.0.1:45751|priority:0|startupRole:FOLLOWER, d83d04e7-4e51-47d3-8b78-fb93e7279122|rpc:127.0.0.1:42489|dataStream:127.0.0.1:46041|priority:0|startupRole:FOLLOWER, bbaee90d-c4b2-4cc7-a980-1e6be073f94e|rpc:127.0.0.1:38465|dataStream:127.0.0.1:46541|priority:1|startupRole:FOLLOWER]|listeners:[], old=null, confs=<EMPTY_MAP>
2023-03-09 15:01:16,746 [pool-938-thread-1] INFO  server.RaftServerConfigKeys (ConfUtils.java:logGet(46)) - raft.server.storage.dir = [/home/runner/work/ozone/ozone/hadoop-ozone/integration-test/target/test-dir/MiniOzoneClusterImpl-254978b8-4a66-4b6a-8773-30bebe5cbf00/datanode-2/data/ratis] (custom)
2023-03-09 15:01:16,746 [pool-938-thread-1] INFO  server.RaftServerConfigKeys (ConfUtils.java:logGet(46)) - raft.server.log.corruption.policy = EXCEPTION (default)
2023-03-09 15:01:16,746 [pool-938-thread-1] INFO  server.RaftServerConfigKeys (ConfUtils.java:logGet(46)) - raft.server.storage.free-space.min = 0MB (=0) (default)
2023-03-09 15:01:16,747 [pool-938-thread-1] INFO  server.RaftServerConfigKeys (ConfUtils.java:logGet(46)) - raft.server.notification.no-leader.timeout = 300s (custom)
2023-03-09 15:01:16,747 [pool-938-thread-1] INFO  server.RaftServerConfigKeys (ConfUtils.java:logGet(46)) - raft.server.retrycache.expirytime = 600000ms (custom)
2023-03-09 15:01:16,747 [pool-938-thread-1] INFO  server.RaftServerConfigKeys (ConfUtils.java:logGet(46)) - raft.server.retrycache.statistics.expirytime = 100μs (default)
2023-03-09 15:01:16,747 [pool-938-thread-1] INFO  server.RaftServerConfigKeys (ConfUtils.java:logGet(46)) - raft.server.log.appender.install.snapshot.enabled = false (custom)
2023-03-09 15:01:16,747 [pool-938-thread-1] INFO  server.RaftServerConfigKeys (ConfUtils.java:logGet(46)) - raft.server.threadpool.server.cached = true (default)
2023-03-09 15:01:16,747 [pool-938-thread-1] INFO  server.RaftServerConfigKeys (ConfUtils.java:logGet(46)) - raft.server.threadpool.server.size = 0 (default)
2023-03-09 15:01:16,747 [pool-938-thread-1] INFO  server.RaftServerConfigKeys (ConfUtils.java:logGet(46)) - raft.server.threadpool.client.cached = true (default)
2023-03-09 15:01:16,748 [pool-938-thread-1] INFO  server.RaftServerConfigKeys (ConfUtils.java:logGet(46)) - raft.server.threadpool.client.size = 0 (default)
2023-03-09 15:01:16,748 [pool-938-thread-1] INFO  storage.RaftStorageDirectory (RaftStorageDirectoryImpl.java:analyzeStorage(137)) - The storage directory /home/runner/work/ozone/ozone/hadoop-ozone/integration-test/target/test-dir/MiniOzoneClusterImpl-254978b8-4a66-4b6a-8773-30bebe5cbf00/datanode-2/data/ratis/6be1a327-d200-4bb3-a02a-c73bced0aa33 does not exist. Creating ...
2023-03-09 15:01:16,749 [pool-938-thread-1] INFO  storage.RaftStorageDirectory (RaftStorageDirectoryImpl.java:tryLock(231)) - Lock on /home/runner/work/ozone/ozone/hadoop-ozone/integration-test/target/test-dir/MiniOzoneClusterImpl-254978b8-4a66-4b6a-8773-30bebe5cbf00/datanode-2/data/ratis/6be1a327-d200-4bb3-a02a-c73bced0aa33/in_use.lock acquired by nodename 57158@fv-az377-502
2023-03-09 15:01:16,751 [pool-938-thread-1] INFO  storage.RaftStorage (RaftStorageImpl.java:format(96)) - Storage directory /home/runner/work/ozone/ozone/hadoop-ozone/integration-test/target/test-dir/MiniOzoneClusterImpl-254978b8-4a66-4b6a-8773-30bebe5cbf00/datanode-2/data/ratis/6be1a327-d200-4bb3-a02a-c73bced0aa33 has been successfully formatted.
2023-03-09 15:01:16,762 [pool-938-thread-1] INFO  ratis.ContainerStateMachine (ContainerStateMachine.java:loadSnapshot(240)) - group-C73BCED0AA33: The snapshot info is null. Setting the last applied indexto:(t:0, i:~)
2023-03-09 15:01:16,762 [pool-938-thread-1] INFO  server.RaftServerConfigKeys (ConfUtils.java:logGet(46)) - raft.server.log.use.memory = false (default)
2023-03-09 15:01:16,762 [pool-938-thread-1] INFO  server.RaftServerConfigKeys (ConfUtils.java:logGet(46)) - raft.server.log.purge.gap = 1000000 (custom)
2023-03-09 15:01:16,762 [pool-938-thread-1] INFO  server.RaftServerConfigKeys (ConfUtils.java:logGet(46)) - raft.server.log.appender.buffer.byte-limit = 33554432 (custom)
2023-03-09 15:01:16,762 [pool-938-thread-1] INFO  server.RaftServerConfigKeys (ConfUtils.java:logGet(46)) - raft.server.log.statemachine.data.read.timeout = 1000ms (default)
2023-03-09 15:01:16,762 [pool-938-thread-1] INFO  server.RaftServerConfigKeys (ConfUtils.java:logGet(46)) - raft.server.log.purge.preservation.log.num = 0 (default)
2023-03-09 15:01:16,762 [pool-938-thread-1] INFO  server.RaftServerConfigKeys (ConfUtils.java:logGet(46)) - raft.server.log.segment.size.max = 1048576 (custom)
2023-03-09 15:01:16,762 [pool-938-thread-1] INFO  server.RaftServerConfigKeys (ConfUtils.java:logGet(46)) - raft.server.log.segment.cache.num.max = 2 (custom)
2023-03-09 15:01:16,763 [pool-938-thread-1] INFO  server.RaftServerConfigKeys (ConfUtils.java:logGet(46)) - raft.server.log.segment.cache.size.max = 200MB (=209715200) (default)
2023-03-09 15:01:16,763 [pool-938-thread-1] INFO  segmented.SegmentedRaftLogWorker (SegmentedRaftLogWorker.java:<init>(189)) - new b8851da8-2889-47c2-8cdf-bbb0cc701685@group-C73BCED0AA33-SegmentedRaftLogWorker for RaftStorageImpl:Storage Directory /home/runner/work/ozone/ozone/hadoop-ozone/integration-test/target/test-dir/MiniOzoneClusterImpl-254978b8-4a66-4b6a-8773-30bebe5cbf00/datanode-2/data/ratis/6be1a327-d200-4bb3-a02a-c73bced0aa33
2023-03-09 15:01:16,763 [pool-938-thread-1] INFO  server.RaftServerConfigKeys (ConfUtils.java:logGet(46)) - raft.server.log.queue.byte-limit = 4294967296 (custom)
2023-03-09 15:01:16,763 [pool-938-thread-1] INFO  server.RaftServerConfigKeys (ConfUtils.java:logGet(46)) - raft.server.log.queue.element-limit = 1024 (custom)
2023-03-09 15:01:16,763 [pool-938-thread-1] INFO  server.RaftServerConfigKeys (ConfUtils.java:logGet(46)) - raft.server.log.segment.size.max = 1048576 (custom)
2023-03-09 15:01:16,763 [pool-938-thread-1] INFO  server.RaftServerConfigKeys (ConfUtils.java:logGet(46)) - raft.server.log.preallocated.size = 16384 (custom)
2023-03-09 15:01:16,763 [pool-938-thread-1] INFO  server.RaftServerConfigKeys (ConfUtils.java:logGet(46)) - raft.server.log.force.sync.num = 128 (default)
2023-03-09 15:01:16,763 [pool-938-thread-1] INFO  server.RaftServerConfigKeys (ConfUtils.java:logGet(46)) - raft.server.log.statemachine.data.sync = true (default)
2023-03-09 15:01:16,763 [pool-938-thread-1] INFO  server.RaftServerConfigKeys (ConfUtils.java:logGet(46)) - raft.server.log.statemachine.data.sync.timeout = 10s (default)
2023-03-09 15:01:16,763 [pool-938-thread-1] INFO  server.RaftServerConfigKeys (ConfUtils.java:logGet(46)) - raft.server.log.statemachine.data.sync.timeout.retry = -1 (default)
2023-03-09 15:01:16,764 [pool-938-thread-1] INFO  server.RaftServerConfigKeys (ConfUtils.java:logGet(46)) - raft.server.log.write.buffer.size = 1048576 (custom)
2023-03-09 15:01:16,764 [pool-938-thread-1] INFO  server.RaftServerConfigKeys (ConfUtils.java:logGet(46)) - raft.server.log.appender.buffer.byte-limit = 33554432 (custom)
2023-03-09 15:01:16,770 [pool-938-thread-1] INFO  server.RaftServerConfigKeys (ConfUtils.java:logGet(46)) - raft.server.log.unsafe-flush.enabled = false (default)
2023-03-09 15:01:16,770 [pool-938-thread-1] INFO  server.RaftServerConfigKeys (ConfUtils.java:logGet(46)) - raft.server.log.async-flush.enabled = false (default)
2023-03-09 15:01:16,770 [pool-938-thread-1] INFO  server.RaftServerConfigKeys (ConfUtils.java:logGet(46)) - raft.server.log.statemachine.data.caching.enabled = true (custom)
2023-03-09 15:01:16,771 [pool-938-thread-1] INFO  segmented.SegmentedRaftLogWorker (SegmentedRaftLogWorker.java:lambda$new$0(135)) - b8851da8-2889-47c2-8cdf-bbb0cc701685@group-C73BCED0AA33-SegmentedRaftLogWorker: flushIndex: setUnconditionally 0 -> -1
2023-03-09 15:01:16,771 [pool-938-thread-1] INFO  segmented.SegmentedRaftLogWorker (SegmentedRaftLogWorker.java:lambda$new$0(135)) - b8851da8-2889-47c2-8cdf-bbb0cc701685@group-C73BCED0AA33-SegmentedRaftLogWorker: safeCacheEvictIndex: setUnconditionally 0 -> -1
2023-03-09 15:01:16,771 [pool-938-thread-1] INFO  server.RaftServer$Division (RaftServerImpl.java:start(334)) - b8851da8-2889-47c2-8cdf-bbb0cc701685@group-C73BCED0AA33: start as a follower, conf=-1: peers:[b8851da8-2889-47c2-8cdf-bbb0cc701685|rpc:127.0.0.1:44005|dataStream:127.0.0.1:45751|priority:0|startupRole:FOLLOWER, d83d04e7-4e51-47d3-8b78-fb93e7279122|rpc:127.0.0.1:42489|dataStream:127.0.0.1:46041|priority:0|startupRole:FOLLOWER, bbaee90d-c4b2-4cc7-a980-1e6be073f94e|rpc:127.0.0.1:38465|dataStream:127.0.0.1:46541|priority:1|startupRole:FOLLOWER]|listeners:[], old=null
2023-03-09 15:01:16,771 [pool-938-thread-1] INFO  server.RaftServer$Division (RaftServerImpl.java:setRole(321)) - b8851da8-2889-47c2-8cdf-bbb0cc701685@group-C73BCED0AA33: changes role from      null to FOLLOWER at term 0 for startAsFollower
2023-03-09 15:01:16,771 [pool-938-thread-1] INFO  impl.RoleInfo (RoleInfo.java:updateAndGet(139)) - b8851da8-2889-47c2-8cdf-bbb0cc701685: start b8851da8-2889-47c2-8cdf-bbb0cc701685@group-C73BCED0AA33-FollowerState
2023-03-09 15:01:16,772 [pool-938-thread-1] INFO  util.JmxRegister (JmxRegister.java:tryRegister(44)) - Successfully registered JMX Bean with object name Ratis:service=RaftServer,group=group-C73BCED0AA33,id=b8851da8-2889-47c2-8cdf-bbb0cc701685
2023-03-09 15:01:16,772 [b8851da8-2889-47c2-8cdf-bbb0cc701685@group-C73BCED0AA33-FollowerState] INFO  server.RaftServerConfigKeys (ConfUtils.java:logFallback(53)) - raft.server.rpc.first-election.timeout.min = 5s (fallback to raft.server.rpc.timeout.min)
2023-03-09 15:01:16,772 [pool-938-thread-1] INFO  server.RaftServerConfigKeys (ConfUtils.java:logGet(46)) - raft.server.snapshot.auto.trigger.enabled = true (custom)
2023-03-09 15:01:16,772 [b8851da8-2889-47c2-8cdf-bbb0cc701685@group-C73BCED0AA33-FollowerState] INFO  server.RaftServerConfigKeys (ConfUtils.java:logFallback(53)) - raft.server.rpc.first-election.timeout.max = 5200ms (fallback to raft.server.rpc.timeout.max)
2023-03-09 15:01:16,772 [pool-938-thread-1] INFO  server.RaftServerConfigKeys (ConfUtils.java:logGet(46)) - raft.server.snapshot.auto.trigger.threshold = 10000 (custom)
2023-03-09 15:01:16,772 [pool-938-thread-1] INFO  server.RaftServerConfigKeys (ConfUtils.java:logGet(46)) - raft.server.snapshot.retention.file.num = 5 (custom)
2023-03-09 15:01:16,772 [pool-938-thread-1] INFO  server.RaftServerConfigKeys (ConfUtils.java:logGet(46)) - raft.server.log.purge.upto.snapshot.index = false (default)
2023-03-09 15:01:16,778 [Command processor thread] INFO  commandhandler.CreatePipelineCommandHandler (CreatePipelineCommandHandler.java:handle(113)) - Created Pipeline RATIS THREE PipelineID=6be1a327-d200-4bb3-a02a-c73bced0aa33.
2023-03-09 15:01:16,778 [Command processor thread] INFO  server.RaftServer (RaftServerProxy.java:addNew(96)) - d83d04e7-4e51-47d3-8b78-fb93e7279122: addNew group-66001B9BA104:[b8851da8-2889-47c2-8cdf-bbb0cc701685|rpc:127.0.0.1:44005|dataStream:127.0.0.1:45751|priority:0|startupRole:FOLLOWER, d83d04e7-4e51-47d3-8b78-fb93e7279122|rpc:127.0.0.1:42489|dataStream:127.0.0.1:46041|priority:1|startupRole:FOLLOWER, bbaee90d-c4b2-4cc7-a980-1e6be073f94e|rpc:127.0.0.1:38465|dataStream:127.0.0.1:46541|priority:0|startupRole:FOLLOWER] returns group-66001B9BA104:java.util.concurrent.CompletableFuture@5da023a2[Not completed]
2023-03-09 15:01:16,779 [pool-894-thread-1] INFO  server.RaftServer$Division (RaftServerImpl.java:<init>(195)) - d83d04e7-4e51-47d3-8b78-fb93e7279122: new RaftServerImpl for group-66001B9BA104:[b8851da8-2889-47c2-8cdf-bbb0cc701685|rpc:127.0.0.1:44005|dataStream:127.0.0.1:45751|priority:0|startupRole:FOLLOWER, d83d04e7-4e51-47d3-8b78-fb93e7279122|rpc:127.0.0.1:42489|dataStream:127.0.0.1:46041|priority:1|startupRole:FOLLOWER, bbaee90d-c4b2-4cc7-a980-1e6be073f94e|rpc:127.0.0.1:38465|dataStream:127.0.0.1:46541|priority:0|startupRole:FOLLOWER] with ContainerStateMachine:uninitialized
2023-03-09 15:01:16,779 [pool-894-thread-1] INFO  server.RaftServerConfigKeys (ConfUtils.java:logGet(46)) - raft.server.rpc.timeout.min = 5s (custom)
2023-03-09 15:01:16,779 [pool-894-thread-1] INFO  server.RaftServerConfigKeys (ConfUtils.java:logGet(46)) - raft.server.rpc.timeout.max = 5200ms (custom)
2023-03-09 15:01:16,779 [pool-894-thread-1] INFO  server.RaftServerConfigKeys (ConfUtils.java:logGet(46)) - raft.server.rpc.sleep.time = 25ms (default)
2023-03-09 15:01:16,780 [pool-894-thread-1] INFO  server.RaftServerConfigKeys (ConfUtils.java:logGet(46)) - raft.server.rpc.slowness.timeout = 300s (custom)
2023-03-09 15:01:16,780 [pool-894-thread-1] INFO  server.RaftServerConfigKeys (ConfUtils.java:logGet(46)) - raft.server.leaderelection.leader.step-down.wait-time = 10s (default)
2023-03-09 15:01:16,780 [pool-894-thread-1] INFO  server.RaftServerConfigKeys (ConfUtils.java:logGet(46)) - raft.server.sleep.deviation.threshold = 300ms (default)
2023-03-09 15:01:16,780 [pool-894-thread-1] INFO  server.RaftServer$Division (ServerState.java:<init>(118)) - d83d04e7-4e51-47d3-8b78-fb93e7279122@group-66001B9BA104: ConfigurationManager, init=-1: peers:[b8851da8-2889-47c2-8cdf-bbb0cc701685|rpc:127.0.0.1:44005|dataStream:127.0.0.1:45751|priority:0|startupRole:FOLLOWER, d83d04e7-4e51-47d3-8b78-fb93e7279122|rpc:127.0.0.1:42489|dataStream:127.0.0.1:46041|priority:1|startupRole:FOLLOWER, bbaee90d-c4b2-4cc7-a980-1e6be073f94e|rpc:127.0.0.1:38465|dataStream:127.0.0.1:46541|priority:0|startupRole:FOLLOWER]|listeners:[], old=null, confs=<EMPTY_MAP>
2023-03-09 15:01:16,780 [pool-894-thread-1] INFO  server.RaftServerConfigKeys (ConfUtils.java:logGet(46)) - raft.server.storage.dir = [/home/runner/work/ozone/ozone/hadoop-ozone/integration-test/target/test-dir/MiniOzoneClusterImpl-254978b8-4a66-4b6a-8773-30bebe5cbf00/datanode-0/data/ratis] (custom)
2023-03-09 15:01:16,780 [pool-894-thread-1] INFO  server.RaftServerConfigKeys (ConfUtils.java:logGet(46)) - raft.server.log.corruption.policy = EXCEPTION (default)
2023-03-09 15:01:16,780 [pool-894-thread-1] INFO  server.RaftServerConfigKeys (ConfUtils.java:logGet(46)) - raft.server.storage.free-space.min = 0MB (=0) (default)
2023-03-09 15:01:16,780 [pool-894-thread-1] INFO  server.RaftServerConfigKeys (ConfUtils.java:logGet(46)) - raft.server.notification.no-leader.timeout = 300s (custom)
2023-03-09 15:01:16,780 [pool-894-thread-1] INFO  server.RaftServerConfigKeys (ConfUtils.java:logGet(46)) - raft.server.retrycache.expirytime = 600000ms (custom)
2023-03-09 15:01:16,780 [pool-894-thread-1] INFO  server.RaftServerConfigKeys (ConfUtils.java:logGet(46)) - raft.server.retrycache.statistics.expirytime = 100μs (default)
2023-03-09 15:01:16,781 [pool-894-thread-1] INFO  server.RaftServerConfigKeys (ConfUtils.java:logGet(46)) - raft.server.log.appender.install.snapshot.enabled = false (custom)
2023-03-09 15:01:16,781 [pool-894-thread-1] INFO  server.RaftServerConfigKeys (ConfUtils.java:logGet(46)) - raft.server.threadpool.server.cached = true (default)
2023-03-09 15:01:16,781 [pool-894-thread-1] INFO  server.RaftServerConfigKeys (ConfUtils.java:logGet(46)) - raft.server.threadpool.server.size = 0 (default)
2023-03-09 15:01:16,781 [pool-894-thread-1] INFO  server.RaftServerConfigKeys (ConfUtils.java:logGet(46)) - raft.server.threadpool.client.cached = true (default)
2023-03-09 15:01:16,781 [pool-894-thread-1] INFO  server.RaftServerConfigKeys (ConfUtils.java:logGet(46)) - raft.server.threadpool.client.size = 0 (default)
2023-03-09 15:01:16,781 [pool-894-thread-1] INFO  storage.RaftStorageDirectory (RaftStorageDirectoryImpl.java:analyzeStorage(137)) - The storage directory /home/runner/work/ozone/ozone/hadoop-ozone/integration-test/target/test-dir/MiniOzoneClusterImpl-254978b8-4a66-4b6a-8773-30bebe5cbf00/datanode-0/data/ratis/fb410c10-6aba-48e4-affe-66001b9ba104 does not exist. Creating ...
2023-03-09 15:01:16,787 [pool-894-thread-1] INFO  storage.RaftStorageDirectory (RaftStorageDirectoryImpl.java:tryLock(231)) - Lock on /home/runner/work/ozone/ozone/hadoop-ozone/integration-test/target/test-dir/MiniOzoneClusterImpl-254978b8-4a66-4b6a-8773-30bebe5cbf00/datanode-0/data/ratis/fb410c10-6aba-48e4-affe-66001b9ba104/in_use.lock acquired by nodename 57158@fv-az377-502
2023-03-09 15:01:16,788 [pool-894-thread-1] INFO  storage.RaftStorage (RaftStorageImpl.java:format(96)) - Storage directory /home/runner/work/ozone/ozone/hadoop-ozone/integration-test/target/test-dir/MiniOzoneClusterImpl-254978b8-4a66-4b6a-8773-30bebe5cbf00/datanode-0/data/ratis/fb410c10-6aba-48e4-affe-66001b9ba104 has been successfully formatted.
2023-03-09 15:01:16,789 [pool-894-thread-1] INFO  ratis.ContainerStateMachine (ContainerStateMachine.java:loadSnapshot(240)) - group-66001B9BA104: The snapshot info is null. Setting the last applied indexto:(t:0, i:~)
2023-03-09 15:01:16,789 [pool-894-thread-1] INFO  server.RaftServerConfigKeys (ConfUtils.java:logGet(46)) - raft.server.log.use.memory = false (default)
2023-03-09 15:01:16,789 [pool-894-thread-1] INFO  server.RaftServerConfigKeys (ConfUtils.java:logGet(46)) - raft.server.log.purge.gap = 1000000 (custom)
2023-03-09 15:01:16,789 [pool-894-thread-1] INFO  server.RaftServerConfigKeys (ConfUtils.java:logGet(46)) - raft.server.log.appender.buffer.byte-limit = 33554432 (custom)
2023-03-09 15:01:16,789 [pool-894-thread-1] INFO  server.RaftServerConfigKeys (ConfUtils.java:logGet(46)) - raft.server.log.statemachine.data.read.timeout = 1000ms (default)
2023-03-09 15:01:16,790 [pool-894-thread-1] INFO  server.RaftServerConfigKeys (ConfUtils.java:logGet(46)) - raft.server.log.purge.preservation.log.num = 0 (default)
2023-03-09 15:01:16,790 [pool-894-thread-1] INFO  server.RaftServerConfigKeys (ConfUtils.java:logGet(46)) - raft.server.log.segment.size.max = 1048576 (custom)
2023-03-09 15:01:16,790 [pool-894-thread-1] INFO  server.RaftServerConfigKeys (ConfUtils.java:logGet(46)) - raft.server.log.segment.cache.num.max = 2 (custom)
2023-03-09 15:01:16,790 [pool-894-thread-1] INFO  server.RaftServerConfigKeys (ConfUtils.java:logGet(46)) - raft.server.log.segment.cache.size.max = 200MB (=209715200) (default)
2023-03-09 15:01:16,790 [EventQueue-OpenPipelineForHealthyPipelineSafeModeRule] INFO  safemode.SCMSafeModeManager (HealthyPipelineSafeModeRule.java:process(137)) - SCM in safe mode. Healthy pipelines reported count is 0, required healthy pipeline reported count is 1
2023-03-09 15:01:16,790 [pool-894-thread-1] INFO  segmented.SegmentedRaftLogWorker (SegmentedRaftLogWorker.java:<init>(189)) - new d83d04e7-4e51-47d3-8b78-fb93e7279122@group-66001B9BA104-SegmentedRaftLogWorker for RaftStorageImpl:Storage Directory /home/runner/work/ozone/ozone/hadoop-ozone/integration-test/target/test-dir/MiniOzoneClusterImpl-254978b8-4a66-4b6a-8773-30bebe5cbf00/datanode-0/data/ratis/fb410c10-6aba-48e4-affe-66001b9ba104
2023-03-09 15:01:16,790 [pool-894-thread-1] INFO  server.RaftServerConfigKeys (ConfUtils.java:logGet(46)) - raft.server.log.queue.byte-limit = 4294967296 (custom)
2023-03-09 15:01:16,790 [pool-894-thread-1] INFO  server.RaftServerConfigKeys (ConfUtils.java:logGet(46)) - raft.server.log.queue.element-limit = 1024 (custom)
2023-03-09 15:01:16,790 [pool-894-thread-1] INFO  server.RaftServerConfigKeys (ConfUtils.java:logGet(46)) - raft.server.log.segment.size.max = 1048576 (custom)
2023-03-09 15:01:16,791 [pool-894-thread-1] INFO  server.RaftServerConfigKeys (ConfUtils.java:logGet(46)) - raft.server.log.preallocated.size = 16384 (custom)
2023-03-09 15:01:16,791 [pool-894-thread-1] INFO  server.RaftServerConfigKeys (ConfUtils.java:logGet(46)) - raft.server.log.force.sync.num = 128 (default)
2023-03-09 15:01:16,791 [pool-894-thread-1] INFO  server.RaftServerConfigKeys (ConfUtils.java:logGet(46)) - raft.server.log.statemachine.data.sync = true (default)
2023-03-09 15:01:16,791 [pool-894-thread-1] INFO  server.RaftServerConfigKeys (ConfUtils.java:logGet(46)) - raft.server.log.statemachine.data.sync.timeout = 10s (default)
2023-03-09 15:01:16,791 [pool-894-thread-1] INFO  server.RaftServerConfigKeys (ConfUtils.java:logGet(46)) - raft.server.log.statemachine.data.sync.timeout.retry = -1 (default)
2023-03-09 15:01:16,791 [pool-894-thread-1] INFO  server.RaftServerConfigKeys (ConfUtils.java:logGet(46)) - raft.server.log.write.buffer.size = 1048576 (custom)
2023-03-09 15:01:16,792 [pool-894-thread-1] INFO  server.RaftServerConfigKeys (ConfUtils.java:logGet(46)) - raft.server.log.appender.buffer.byte-limit = 33554432 (custom)
2023-03-09 15:01:16,799 [pool-894-thread-1] INFO  server.RaftServerConfigKeys (ConfUtils.java:logGet(46)) - raft.server.log.unsafe-flush.enabled = false (default)
2023-03-09 15:01:16,799 [pool-894-thread-1] INFO  server.RaftServerConfigKeys (ConfUtils.java:logGet(46)) - raft.server.log.async-flush.enabled = false (default)
2023-03-09 15:01:16,799 [pool-894-thread-1] INFO  server.RaftServerConfigKeys (ConfUtils.java:logGet(46)) - raft.server.log.statemachine.data.caching.enabled = true (custom)
2023-03-09 15:01:16,799 [pool-894-thread-1] INFO  segmented.SegmentedRaftLogWorker (SegmentedRaftLogWorker.java:lambda$new$0(135)) - d83d04e7-4e51-47d3-8b78-fb93e7279122@group-66001B9BA104-SegmentedRaftLogWorker: flushIndex: setUnconditionally 0 -> -1
2023-03-09 15:01:16,799 [pool-894-thread-1] INFO  segmented.SegmentedRaftLogWorker (SegmentedRaftLogWorker.java:lambda$new$0(135)) - d83d04e7-4e51-47d3-8b78-fb93e7279122@group-66001B9BA104-SegmentedRaftLogWorker: safeCacheEvictIndex: setUnconditionally 0 -> -1
2023-03-09 15:01:16,800 [pool-894-thread-1] INFO  server.RaftServer$Division (RaftServerImpl.java:start(334)) - d83d04e7-4e51-47d3-8b78-fb93e7279122@group-66001B9BA104: start as a follower, conf=-1: peers:[b8851da8-2889-47c2-8cdf-bbb0cc701685|rpc:127.0.0.1:44005|dataStream:127.0.0.1:45751|priority:0|startupRole:FOLLOWER, d83d04e7-4e51-47d3-8b78-fb93e7279122|rpc:127.0.0.1:42489|dataStream:127.0.0.1:46041|priority:1|startupRole:FOLLOWER, bbaee90d-c4b2-4cc7-a980-1e6be073f94e|rpc:127.0.0.1:38465|dataStream:127.0.0.1:46541|priority:0|startupRole:FOLLOWER]|listeners:[], old=null
2023-03-09 15:01:16,800 [pool-894-thread-1] INFO  server.RaftServer$Division (RaftServerImpl.java:setRole(321)) - d83d04e7-4e51-47d3-8b78-fb93e7279122@group-66001B9BA104: changes role from      null to FOLLOWER at term 0 for startAsFollower
2023-03-09 15:01:16,800 [pool-894-thread-1] INFO  impl.RoleInfo (RoleInfo.java:updateAndGet(139)) - d83d04e7-4e51-47d3-8b78-fb93e7279122: start d83d04e7-4e51-47d3-8b78-fb93e7279122@group-66001B9BA104-FollowerState
2023-03-09 15:01:16,800 [d83d04e7-4e51-47d3-8b78-fb93e7279122@group-66001B9BA104-FollowerState] INFO  server.RaftServerConfigKeys (ConfUtils.java:logFallback(53)) - raft.server.rpc.first-election.timeout.min = 5s (fallback to raft.server.rpc.timeout.min)
2023-03-09 15:01:16,800 [pool-894-thread-1] INFO  util.JmxRegister (JmxRegister.java:tryRegister(44)) - Successfully registered JMX Bean with object name Ratis:service=RaftServer,group=group-66001B9BA104,id=d83d04e7-4e51-47d3-8b78-fb93e7279122
2023-03-09 15:01:16,800 [d83d04e7-4e51-47d3-8b78-fb93e7279122@group-66001B9BA104-FollowerState] INFO  server.RaftServerConfigKeys (ConfUtils.java:logFallback(53)) - raft.server.rpc.first-election.timeout.max = 5200ms (fallback to raft.server.rpc.timeout.max)
2023-03-09 15:01:16,800 [pool-894-thread-1] INFO  server.RaftServerConfigKeys (ConfUtils.java:logGet(46)) - raft.server.snapshot.auto.trigger.enabled = true (custom)
2023-03-09 15:01:16,800 [pool-894-thread-1] INFO  server.RaftServerConfigKeys (ConfUtils.java:logGet(46)) - raft.server.snapshot.auto.trigger.threshold = 10000 (custom)
2023-03-09 15:01:16,800 [pool-894-thread-1] INFO  server.RaftServerConfigKeys (ConfUtils.java:logGet(46)) - raft.server.snapshot.retention.file.num = 5 (custom)
2023-03-09 15:01:16,800 [pool-894-thread-1] INFO  server.RaftServerConfigKeys (ConfUtils.java:logGet(46)) - raft.server.log.purge.upto.snapshot.index = false (default)
2023-03-09 15:01:16,801 [Command processor thread] INFO  ratis.XceiverServerRatis (XceiverServerRatis.java:addGroup(807)) - Created group PipelineID=fb410c10-6aba-48e4-affe-66001b9ba104
2023-03-09 15:01:16,819 [grpc-default-executor-12] INFO  server.RaftServer (RaftServerProxy.java:addNew(96)) - bbaee90d-c4b2-4cc7-a980-1e6be073f94e: addNew group-66001B9BA104:[b8851da8-2889-47c2-8cdf-bbb0cc701685|rpc:127.0.0.1:44005|dataStream:127.0.0.1:45751|priority:0|startupRole:FOLLOWER, d83d04e7-4e51-47d3-8b78-fb93e7279122|rpc:127.0.0.1:42489|dataStream:127.0.0.1:46041|priority:1|startupRole:FOLLOWER, bbaee90d-c4b2-4cc7-a980-1e6be073f94e|rpc:127.0.0.1:38465|dataStream:127.0.0.1:46541|priority:0|startupRole:FOLLOWER] returns group-66001B9BA104:java.util.concurrent.CompletableFuture@57831f32[Not completed]
2023-03-09 15:01:16,821 [pool-916-thread-1] INFO  server.RaftServer$Division (RaftServerImpl.java:<init>(195)) - bbaee90d-c4b2-4cc7-a980-1e6be073f94e: new RaftServerImpl for group-66001B9BA104:[b8851da8-2889-47c2-8cdf-bbb0cc701685|rpc:127.0.0.1:44005|dataStream:127.0.0.1:45751|priority:0|startupRole:FOLLOWER, d83d04e7-4e51-47d3-8b78-fb93e7279122|rpc:127.0.0.1:42489|dataStream:127.0.0.1:46041|priority:1|startupRole:FOLLOWER, bbaee90d-c4b2-4cc7-a980-1e6be073f94e|rpc:127.0.0.1:38465|dataStream:127.0.0.1:46541|priority:0|startupRole:FOLLOWER] with ContainerStateMachine:uninitialized
2023-03-09 15:01:16,821 [pool-916-thread-1] INFO  server.RaftServerConfigKeys (ConfUtils.java:logGet(46)) - raft.server.rpc.timeout.min = 5s (custom)
2023-03-09 15:01:16,821 [pool-916-thread-1] INFO  server.RaftServerConfigKeys (ConfUtils.java:logGet(46)) - raft.server.rpc.timeout.max = 5200ms (custom)
2023-03-09 15:01:16,821 [pool-916-thread-1] INFO  server.RaftServerConfigKeys (ConfUtils.java:logGet(46)) - raft.server.rpc.sleep.time = 25ms (default)
2023-03-09 15:01:16,821 [pool-916-thread-1] INFO  server.RaftServerConfigKeys (ConfUtils.java:logGet(46)) - raft.server.rpc.slowness.timeout = 300s (custom)
2023-03-09 15:01:16,821 [pool-916-thread-1] INFO  server.RaftServerConfigKeys (ConfUtils.java:logGet(46)) - raft.server.leaderelection.leader.step-down.wait-time = 10s (default)
2023-03-09 15:01:16,821 [pool-916-thread-1] INFO  server.RaftServerConfigKeys (ConfUtils.java:logGet(46)) - raft.server.sleep.deviation.threshold = 300ms (default)
2023-03-09 15:01:16,821 [pool-916-thread-1] INFO  server.RaftServer$Division (ServerState.java:<init>(118)) - bbaee90d-c4b2-4cc7-a980-1e6be073f94e@group-66001B9BA104: ConfigurationManager, init=-1: peers:[b8851da8-2889-47c2-8cdf-bbb0cc701685|rpc:127.0.0.1:44005|dataStream:127.0.0.1:45751|priority:0|startupRole:FOLLOWER, d83d04e7-4e51-47d3-8b78-fb93e7279122|rpc:127.0.0.1:42489|dataStream:127.0.0.1:46041|priority:1|startupRole:FOLLOWER, bbaee90d-c4b2-4cc7-a980-1e6be073f94e|rpc:127.0.0.1:38465|dataStream:127.0.0.1:46541|priority:0|startupRole:FOLLOWER]|listeners:[], old=null, confs=<EMPTY_MAP>
2023-03-09 15:01:16,821 [pool-916-thread-1] INFO  server.RaftServerConfigKeys (ConfUtils.java:logGet(46)) - raft.server.storage.dir = [/home/runner/work/ozone/ozone/hadoop-ozone/integration-test/target/test-dir/MiniOzoneClusterImpl-254978b8-4a66-4b6a-8773-30bebe5cbf00/datanode-1/data/ratis] (custom)
2023-03-09 15:01:16,821 [pool-916-thread-1] INFO  server.RaftServerConfigKeys (ConfUtils.java:logGet(46)) - raft.server.log.corruption.policy = EXCEPTION (default)
2023-03-09 15:01:16,822 [pool-916-thread-1] INFO  server.RaftServerConfigKeys (ConfUtils.java:logGet(46)) - raft.server.storage.free-space.min = 0MB (=0) (default)
2023-03-09 15:01:16,822 [pool-916-thread-1] INFO  server.RaftServerConfigKeys (ConfUtils.java:logGet(46)) - raft.server.notification.no-leader.timeout = 300s (custom)
2023-03-09 15:01:16,822 [pool-916-thread-1] INFO  server.RaftServerConfigKeys (ConfUtils.java:logGet(46)) - raft.server.retrycache.expirytime = 600000ms (custom)
2023-03-09 15:01:16,822 [pool-916-thread-1] INFO  server.RaftServerConfigKeys (ConfUtils.java:logGet(46)) - raft.server.retrycache.statistics.expirytime = 100μs (default)
2023-03-09 15:01:16,823 [pool-916-thread-1] INFO  server.RaftServerConfigKeys (ConfUtils.java:logGet(46)) - raft.server.log.appender.install.snapshot.enabled = false (custom)
2023-03-09 15:01:16,823 [pool-916-thread-1] INFO  server.RaftServerConfigKeys (ConfUtils.java:logGet(46)) - raft.server.threadpool.server.cached = true (default)
2023-03-09 15:01:16,823 [pool-916-thread-1] INFO  server.RaftServerConfigKeys (ConfUtils.java:logGet(46)) - raft.server.threadpool.server.size = 0 (default)
2023-03-09 15:01:16,823 [pool-916-thread-1] INFO  server.RaftServerConfigKeys (ConfUtils.java:logGet(46)) - raft.server.threadpool.client.cached = true (default)
2023-03-09 15:01:16,823 [pool-916-thread-1] INFO  server.RaftServerConfigKeys (ConfUtils.java:logGet(46)) - raft.server.threadpool.client.size = 0 (default)
2023-03-09 15:01:16,823 [pool-916-thread-1] INFO  storage.RaftStorageDirectory (RaftStorageDirectoryImpl.java:analyzeStorage(137)) - The storage directory /home/runner/work/ozone/ozone/hadoop-ozone/integration-test/target/test-dir/MiniOzoneClusterImpl-254978b8-4a66-4b6a-8773-30bebe5cbf00/datanode-1/data/ratis/fb410c10-6aba-48e4-affe-66001b9ba104 does not exist. Creating ...
2023-03-09 15:01:16,824 [pool-916-thread-1] INFO  storage.RaftStorageDirectory (RaftStorageDirectoryImpl.java:tryLock(231)) - Lock on /home/runner/work/ozone/ozone/hadoop-ozone/integration-test/target/test-dir/MiniOzoneClusterImpl-254978b8-4a66-4b6a-8773-30bebe5cbf00/datanode-1/data/ratis/fb410c10-6aba-48e4-affe-66001b9ba104/in_use.lock acquired by nodename 57158@fv-az377-502
2023-03-09 15:01:16,826 [pool-916-thread-1] INFO  storage.RaftStorage (RaftStorageImpl.java:format(96)) - Storage directory /home/runner/work/ozone/ozone/hadoop-ozone/integration-test/target/test-dir/MiniOzoneClusterImpl-254978b8-4a66-4b6a-8773-30bebe5cbf00/datanode-1/data/ratis/fb410c10-6aba-48e4-affe-66001b9ba104 has been successfully formatted.
2023-03-09 15:01:16,830 [pool-916-thread-1] INFO  ratis.ContainerStateMachine (ContainerStateMachine.java:loadSnapshot(240)) - group-66001B9BA104: The snapshot info is null. Setting the last applied indexto:(t:0, i:~)
2023-03-09 15:01:16,830 [pool-916-thread-1] INFO  server.RaftServerConfigKeys (ConfUtils.java:logGet(46)) - raft.server.log.use.memory = false (default)
2023-03-09 15:01:16,830 [pool-916-thread-1] INFO  server.RaftServerConfigKeys (ConfUtils.java:logGet(46)) - raft.server.log.purge.gap = 1000000 (custom)
2023-03-09 15:01:16,830 [pool-916-thread-1] INFO  server.RaftServerConfigKeys (ConfUtils.java:logGet(46)) - raft.server.log.appender.buffer.byte-limit = 33554432 (custom)
2023-03-09 15:01:16,830 [pool-916-thread-1] INFO  server.RaftServerConfigKeys (ConfUtils.java:logGet(46)) - raft.server.log.statemachine.data.read.timeout = 1000ms (default)
2023-03-09 15:01:16,830 [pool-916-thread-1] INFO  server.RaftServerConfigKeys (ConfUtils.java:logGet(46)) - raft.server.log.purge.preservation.log.num = 0 (default)
2023-03-09 15:01:16,830 [pool-916-thread-1] INFO  server.RaftServerConfigKeys (ConfUtils.java:logGet(46)) - raft.server.log.segment.size.max = 1048576 (custom)
2023-03-09 15:01:16,830 [pool-916-thread-1] INFO  server.RaftServerConfigKeys (ConfUtils.java:logGet(46)) - raft.server.log.segment.cache.num.max = 2 (custom)
2023-03-09 15:01:16,830 [pool-916-thread-1] INFO  server.RaftServerConfigKeys (ConfUtils.java:logGet(46)) - raft.server.log.segment.cache.size.max = 200MB (=209715200) (default)
2023-03-09 15:01:16,830 [pool-916-thread-1] INFO  segmented.SegmentedRaftLogWorker (SegmentedRaftLogWorker.java:<init>(189)) - new bbaee90d-c4b2-4cc7-a980-1e6be073f94e@group-66001B9BA104-SegmentedRaftLogWorker for RaftStorageImpl:Storage Directory /home/runner/work/ozone/ozone/hadoop-ozone/integration-test/target/test-dir/MiniOzoneClusterImpl-254978b8-4a66-4b6a-8773-30bebe5cbf00/datanode-1/data/ratis/fb410c10-6aba-48e4-affe-66001b9ba104
2023-03-09 15:01:16,831 [pool-916-thread-1] INFO  server.RaftServerConfigKeys (ConfUtils.java:logGet(46)) - raft.server.log.queue.byte-limit = 4294967296 (custom)
2023-03-09 15:01:16,832 [pool-916-thread-1] INFO  server.RaftServerConfigKeys (ConfUtils.java:logGet(46)) - raft.server.log.queue.element-limit = 1024 (custom)
2023-03-09 15:01:16,832 [pool-916-thread-1] INFO  server.RaftServerConfigKeys (ConfUtils.java:logGet(46)) - raft.server.log.segment.size.max = 1048576 (custom)
2023-03-09 15:01:16,832 [pool-916-thread-1] INFO  server.RaftServerConfigKeys (ConfUtils.java:logGet(46)) - raft.server.log.preallocated.size = 16384 (custom)
2023-03-09 15:01:16,832 [pool-916-thread-1] INFO  server.RaftServerConfigKeys (ConfUtils.java:logGet(46)) - raft.server.log.force.sync.num = 128 (default)
2023-03-09 15:01:16,832 [pool-916-thread-1] INFO  server.RaftServerConfigKeys (ConfUtils.java:logGet(46)) - raft.server.log.statemachine.data.sync = true (default)
2023-03-09 15:01:16,832 [pool-916-thread-1] INFO  server.RaftServerConfigKeys (ConfUtils.java:logGet(46)) - raft.server.log.statemachine.data.sync.timeout = 10s (default)
2023-03-09 15:01:16,832 [pool-916-thread-1] INFO  server.RaftServerConfigKeys (ConfUtils.java:logGet(46)) - raft.server.log.statemachine.data.sync.timeout.retry = -1 (default)
2023-03-09 15:01:16,833 [pool-916-thread-1] INFO  server.RaftServerConfigKeys (ConfUtils.java:logGet(46)) - raft.server.log.write.buffer.size = 1048576 (custom)
2023-03-09 15:01:16,833 [pool-916-thread-1] INFO  server.RaftServerConfigKeys (ConfUtils.java:logGet(46)) - raft.server.log.appender.buffer.byte-limit = 33554432 (custom)
2023-03-09 15:01:16,835 [EndpointStateMachine task thread for /127.0.0.1:43747 - 0 ] INFO  ipc.Client (Client.java:handleConnectionFailure(1010)) - Retrying connect to server: localhost/127.0.0.1:43747. Already tried 10 time(s); retry policy is RetryUpToMaximumCountWithFixedSleep(maxRetries=15, sleepTime=1000 MILLISECONDS)
2023-03-09 15:01:16,835 [EndpointStateMachine task thread for /127.0.0.1:36681 - 0 ] INFO  ipc.Client (Client.java:handleConnectionFailure(1010)) - Retrying connect to server: localhost/127.0.0.1:36681. Already tried 1 time(s); retry policy is RetryUpToMaximumCountWithFixedSleep(maxRetries=15, sleepTime=1000 MILLISECONDS)
2023-03-09 15:01:16,841 [pool-916-thread-1] INFO  server.RaftServerConfigKeys (ConfUtils.java:logGet(46)) - raft.server.log.unsafe-flush.enabled = false (default)
2023-03-09 15:01:16,841 [pool-916-thread-1] INFO  server.RaftServerConfigKeys (ConfUtils.java:logGet(46)) - raft.server.log.async-flush.enabled = false (default)
2023-03-09 15:01:16,841 [pool-916-thread-1] INFO  server.RaftServerConfigKeys (ConfUtils.java:logGet(46)) - raft.server.log.statemachine.data.caching.enabled = true (custom)
2023-03-09 15:01:16,841 [pool-916-thread-1] INFO  segmented.SegmentedRaftLogWorker (SegmentedRaftLogWorker.java:lambda$new$0(135)) - bbaee90d-c4b2-4cc7-a980-1e6be073f94e@group-66001B9BA104-SegmentedRaftLogWorker: flushIndex: setUnconditionally 0 -> -1
2023-03-09 15:01:16,841 [pool-916-thread-1] INFO  segmented.SegmentedRaftLogWorker (SegmentedRaftLogWorker.java:lambda$new$0(135)) - bbaee90d-c4b2-4cc7-a980-1e6be073f94e@group-66001B9BA104-SegmentedRaftLogWorker: safeCacheEvictIndex: setUnconditionally 0 -> -1
2023-03-09 15:01:16,842 [pool-916-thread-1] INFO  server.RaftServer$Division (RaftServerImpl.java:start(334)) - bbaee90d-c4b2-4cc7-a980-1e6be073f94e@group-66001B9BA104: start as a follower, conf=-1: peers:[b8851da8-2889-47c2-8cdf-bbb0cc701685|rpc:127.0.0.1:44005|dataStream:127.0.0.1:45751|priority:0|startupRole:FOLLOWER, d83d04e7-4e51-47d3-8b78-fb93e7279122|rpc:127.0.0.1:42489|dataStream:127.0.0.1:46041|priority:1|startupRole:FOLLOWER, bbaee90d-c4b2-4cc7-a980-1e6be073f94e|rpc:127.0.0.1:38465|dataStream:127.0.0.1:46541|priority:0|startupRole:FOLLOWER]|listeners:[], old=null
2023-03-09 15:01:16,842 [pool-916-thread-1] INFO  server.RaftServer$Division (RaftServerImpl.java:setRole(321)) - bbaee90d-c4b2-4cc7-a980-1e6be073f94e@group-66001B9BA104: changes role from      null to FOLLOWER at term 0 for startAsFollower
2023-03-09 15:01:16,842 [pool-916-thread-1] INFO  impl.RoleInfo (RoleInfo.java:updateAndGet(139)) - bbaee90d-c4b2-4cc7-a980-1e6be073f94e: start bbaee90d-c4b2-4cc7-a980-1e6be073f94e@group-66001B9BA104-FollowerState
2023-03-09 15:01:16,842 [pool-916-thread-1] INFO  util.JmxRegister (JmxRegister.java:tryRegister(44)) - Successfully registered JMX Bean with object name Ratis:service=RaftServer,group=group-66001B9BA104,id=bbaee90d-c4b2-4cc7-a980-1e6be073f94e
2023-03-09 15:01:16,842 [bbaee90d-c4b2-4cc7-a980-1e6be073f94e@group-66001B9BA104-FollowerState] INFO  server.RaftServerConfigKeys (ConfUtils.java:logFallback(53)) - raft.server.rpc.first-election.timeout.min = 5s (fallback to raft.server.rpc.timeout.min)
2023-03-09 15:01:16,842 [pool-916-thread-1] INFO  server.RaftServerConfigKeys (ConfUtils.java:logGet(46)) - raft.server.snapshot.auto.trigger.enabled = true (custom)
2023-03-09 15:01:16,842 [bbaee90d-c4b2-4cc7-a980-1e6be073f94e@group-66001B9BA104-FollowerState] INFO  server.RaftServerConfigKeys (ConfUtils.java:logFallback(53)) - raft.server.rpc.first-election.timeout.max = 5200ms (fallback to raft.server.rpc.timeout.max)
2023-03-09 15:01:16,842 [pool-916-thread-1] INFO  server.RaftServerConfigKeys (ConfUtils.java:logGet(46)) - raft.server.snapshot.auto.trigger.threshold = 10000 (custom)
2023-03-09 15:01:16,843 [pool-916-thread-1] INFO  server.RaftServerConfigKeys (ConfUtils.java:logGet(46)) - raft.server.snapshot.retention.file.num = 5 (custom)
2023-03-09 15:01:16,843 [pool-916-thread-1] INFO  server.RaftServerConfigKeys (ConfUtils.java:logGet(46)) - raft.server.log.purge.upto.snapshot.index = false (default)
2023-03-09 15:01:16,858 [grpc-default-executor-12] INFO  server.RaftServer (RaftServerProxy.java:addNew(96)) - b8851da8-2889-47c2-8cdf-bbb0cc701685: addNew group-66001B9BA104:[b8851da8-2889-47c2-8cdf-bbb0cc701685|rpc:127.0.0.1:44005|dataStream:127.0.0.1:45751|priority:0|startupRole:FOLLOWER, d83d04e7-4e51-47d3-8b78-fb93e7279122|rpc:127.0.0.1:42489|dataStream:127.0.0.1:46041|priority:1|startupRole:FOLLOWER, bbaee90d-c4b2-4cc7-a980-1e6be073f94e|rpc:127.0.0.1:38465|dataStream:127.0.0.1:46541|priority:0|startupRole:FOLLOWER] returns group-66001B9BA104:java.util.concurrent.CompletableFuture@73bde8af[Not completed]
2023-03-09 15:01:16,859 [pool-938-thread-1] INFO  server.RaftServer$Division (RaftServerImpl.java:<init>(195)) - b8851da8-2889-47c2-8cdf-bbb0cc701685: new RaftServerImpl for group-66001B9BA104:[b8851da8-2889-47c2-8cdf-bbb0cc701685|rpc:127.0.0.1:44005|dataStream:127.0.0.1:45751|priority:0|startupRole:FOLLOWER, d83d04e7-4e51-47d3-8b78-fb93e7279122|rpc:127.0.0.1:42489|dataStream:127.0.0.1:46041|priority:1|startupRole:FOLLOWER, bbaee90d-c4b2-4cc7-a980-1e6be073f94e|rpc:127.0.0.1:38465|dataStream:127.0.0.1:46541|priority:0|startupRole:FOLLOWER] with ContainerStateMachine:uninitialized
2023-03-09 15:01:16,859 [pool-938-thread-1] INFO  server.RaftServerConfigKeys (ConfUtils.java:logGet(46)) - raft.server.rpc.timeout.min = 5s (custom)
2023-03-09 15:01:16,859 [pool-938-thread-1] INFO  server.RaftServerConfigKeys (ConfUtils.java:logGet(46)) - raft.server.rpc.timeout.max = 5200ms (custom)
2023-03-09 15:01:16,859 [pool-938-thread-1] INFO  server.RaftServerConfigKeys (ConfUtils.java:logGet(46)) - raft.server.rpc.sleep.time = 25ms (default)
2023-03-09 15:01:16,859 [pool-938-thread-1] INFO  server.RaftServerConfigKeys (ConfUtils.java:logGet(46)) - raft.server.rpc.slowness.timeout = 300s (custom)
2023-03-09 15:01:16,859 [pool-938-thread-1] INFO  server.RaftServerConfigKeys (ConfUtils.java:logGet(46)) - raft.server.leaderelection.leader.step-down.wait-time = 10s (default)
2023-03-09 15:01:16,859 [pool-938-thread-1] INFO  server.RaftServerConfigKeys (ConfUtils.java:logGet(46)) - raft.server.sleep.deviation.threshold = 300ms (default)
2023-03-09 15:01:16,859 [pool-938-thread-1] INFO  server.RaftServer$Division (ServerState.java:<init>(118)) - b8851da8-2889-47c2-8cdf-bbb0cc701685@group-66001B9BA104: ConfigurationManager, init=-1: peers:[b8851da8-2889-47c2-8cdf-bbb0cc701685|rpc:127.0.0.1:44005|dataStream:127.0.0.1:45751|priority:0|startupRole:FOLLOWER, d83d04e7-4e51-47d3-8b78-fb93e7279122|rpc:127.0.0.1:42489|dataStream:127.0.0.1:46041|priority:1|startupRole:FOLLOWER, bbaee90d-c4b2-4cc7-a980-1e6be073f94e|rpc:127.0.0.1:38465|dataStream:127.0.0.1:46541|priority:0|startupRole:FOLLOWER]|listeners:[], old=null, confs=<EMPTY_MAP>
2023-03-09 15:01:16,859 [pool-938-thread-1] INFO  server.RaftServerConfigKeys (ConfUtils.java:logGet(46)) - raft.server.storage.dir = [/home/runner/work/ozone/ozone/hadoop-ozone/integration-test/target/test-dir/MiniOzoneClusterImpl-254978b8-4a66-4b6a-8773-30bebe5cbf00/datanode-2/data/ratis] (custom)
2023-03-09 15:01:16,859 [pool-938-thread-1] INFO  server.RaftServerConfigKeys (ConfUtils.java:logGet(46)) - raft.server.log.corruption.policy = EXCEPTION (default)
2023-03-09 15:01:16,859 [pool-938-thread-1] INFO  server.RaftServerConfigKeys (ConfUtils.java:logGet(46)) - raft.server.storage.free-space.min = 0MB (=0) (default)
2023-03-09 15:01:16,859 [pool-938-thread-1] INFO  server.RaftServerConfigKeys (ConfUtils.java:logGet(46)) - raft.server.notification.no-leader.timeout = 300s (custom)
2023-03-09 15:01:16,859 [pool-938-thread-1] INFO  server.RaftServerConfigKeys (ConfUtils.java:logGet(46)) - raft.server.retrycache.expirytime = 600000ms (custom)
2023-03-09 15:01:16,859 [pool-938-thread-1] INFO  server.RaftServerConfigKeys (ConfUtils.java:logGet(46)) - raft.server.retrycache.statistics.expirytime = 100μs (default)
2023-03-09 15:01:16,860 [pool-938-thread-1] INFO  server.RaftServerConfigKeys (ConfUtils.java:logGet(46)) - raft.server.log.appender.install.snapshot.enabled = false (custom)
2023-03-09 15:01:16,860 [pool-938-thread-1] INFO  server.RaftServerConfigKeys (ConfUtils.java:logGet(46)) - raft.server.threadpool.server.cached = true (default)
2023-03-09 15:01:16,860 [pool-938-thread-1] INFO  server.RaftServerConfigKeys (ConfUtils.java:logGet(46)) - raft.server.threadpool.server.size = 0 (default)
2023-03-09 15:01:16,860 [pool-938-thread-1] INFO  server.RaftServerConfigKeys (ConfUtils.java:logGet(46)) - raft.server.threadpool.client.cached = true (default)
2023-03-09 15:01:16,860 [pool-938-thread-1] INFO  server.RaftServerConfigKeys (ConfUtils.java:logGet(46)) - raft.server.threadpool.client.size = 0 (default)
2023-03-09 15:01:16,860 [pool-938-thread-1] INFO  storage.RaftStorageDirectory (RaftStorageDirectoryImpl.java:analyzeStorage(137)) - The storage directory /home/runner/work/ozone/ozone/hadoop-ozone/integration-test/target/test-dir/MiniOzoneClusterImpl-254978b8-4a66-4b6a-8773-30bebe5cbf00/datanode-2/data/ratis/fb410c10-6aba-48e4-affe-66001b9ba104 does not exist. Creating ...
2023-03-09 15:01:16,862 [pool-938-thread-1] INFO  storage.RaftStorageDirectory (RaftStorageDirectoryImpl.java:tryLock(231)) - Lock on /home/runner/work/ozone/ozone/hadoop-ozone/integration-test/target/test-dir/MiniOzoneClusterImpl-254978b8-4a66-4b6a-8773-30bebe5cbf00/datanode-2/data/ratis/fb410c10-6aba-48e4-affe-66001b9ba104/in_use.lock acquired by nodename 57158@fv-az377-502
2023-03-09 15:01:16,868 [pool-938-thread-1] INFO  storage.RaftStorage (RaftStorageImpl.java:format(96)) - Storage directory /home/runner/work/ozone/ozone/hadoop-ozone/integration-test/target/test-dir/MiniOzoneClusterImpl-254978b8-4a66-4b6a-8773-30bebe5cbf00/datanode-2/data/ratis/fb410c10-6aba-48e4-affe-66001b9ba104 has been successfully formatted.
2023-03-09 15:01:16,868 [pool-938-thread-1] INFO  ratis.ContainerStateMachine (ContainerStateMachine.java:loadSnapshot(240)) - group-66001B9BA104: The snapshot info is null. Setting the last applied indexto:(t:0, i:~)
2023-03-09 15:01:16,868 [pool-938-thread-1] INFO  server.RaftServerConfigKeys (ConfUtils.java:logGet(46)) - raft.server.log.use.memory = false (default)
2023-03-09 15:01:16,868 [pool-938-thread-1] INFO  server.RaftServerConfigKeys (ConfUtils.java:logGet(46)) - raft.server.log.purge.gap = 1000000 (custom)
2023-03-09 15:01:16,868 [pool-938-thread-1] INFO  server.RaftServerConfigKeys (ConfUtils.java:logGet(46)) - raft.server.log.appender.buffer.byte-limit = 33554432 (custom)
2023-03-09 15:01:16,868 [pool-938-thread-1] INFO  server.RaftServerConfigKeys (ConfUtils.java:logGet(46)) - raft.server.log.statemachine.data.read.timeout = 1000ms (default)
2023-03-09 15:01:16,869 [pool-938-thread-1] INFO  server.RaftServerConfigKeys (ConfUtils.java:logGet(46)) - raft.server.log.purge.preservation.log.num = 0 (default)
2023-03-09 15:01:16,869 [pool-938-thread-1] INFO  server.RaftServerConfigKeys (ConfUtils.java:logGet(46)) - raft.server.log.segment.size.max = 1048576 (custom)
2023-03-09 15:01:16,869 [pool-938-thread-1] INFO  server.RaftServerConfigKeys (ConfUtils.java:logGet(46)) - raft.server.log.segment.cache.num.max = 2 (custom)
2023-03-09 15:01:16,869 [pool-938-thread-1] INFO  server.RaftServerConfigKeys (ConfUtils.java:logGet(46)) - raft.server.log.segment.cache.size.max = 200MB (=209715200) (default)
2023-03-09 15:01:16,869 [pool-938-thread-1] INFO  segmented.SegmentedRaftLogWorker (SegmentedRaftLogWorker.java:<init>(189)) - new b8851da8-2889-47c2-8cdf-bbb0cc701685@group-66001B9BA104-SegmentedRaftLogWorker for RaftStorageImpl:Storage Directory /home/runner/work/ozone/ozone/hadoop-ozone/integration-test/target/test-dir/MiniOzoneClusterImpl-254978b8-4a66-4b6a-8773-30bebe5cbf00/datanode-2/data/ratis/fb410c10-6aba-48e4-affe-66001b9ba104
2023-03-09 15:01:16,869 [pool-938-thread-1] INFO  server.RaftServerConfigKeys (ConfUtils.java:logGet(46)) - raft.server.log.queue.byte-limit = 4294967296 (custom)
2023-03-09 15:01:16,870 [pool-938-thread-1] INFO  server.RaftServerConfigKeys (ConfUtils.java:logGet(46)) - raft.server.log.queue.element-limit = 1024 (custom)
2023-03-09 15:01:16,870 [pool-938-thread-1] INFO  server.RaftServerConfigKeys (ConfUtils.java:logGet(46)) - raft.server.log.segment.size.max = 1048576 (custom)
2023-03-09 15:01:16,870 [pool-938-thread-1] INFO  server.RaftServerConfigKeys (ConfUtils.java:logGet(46)) - raft.server.log.preallocated.size = 16384 (custom)
2023-03-09 15:01:16,870 [pool-938-thread-1] INFO  server.RaftServerConfigKeys (ConfUtils.java:logGet(46)) - raft.server.log.force.sync.num = 128 (default)
2023-03-09 15:01:16,870 [pool-938-thread-1] INFO  server.RaftServerConfigKeys (ConfUtils.java:logGet(46)) - raft.server.log.statemachine.data.sync = true (default)
2023-03-09 15:01:16,870 [pool-938-thread-1] INFO  server.RaftServerConfigKeys (ConfUtils.java:logGet(46)) - raft.server.log.statemachine.data.sync.timeout = 10s (default)
2023-03-09 15:01:16,870 [pool-938-thread-1] INFO  server.RaftServerConfigKeys (ConfUtils.java:logGet(46)) - raft.server.log.statemachine.data.sync.timeout.retry = -1 (default)
2023-03-09 15:01:16,870 [pool-938-thread-1] INFO  server.RaftServerConfigKeys (ConfUtils.java:logGet(46)) - raft.server.log.write.buffer.size = 1048576 (custom)
2023-03-09 15:01:16,872 [pool-938-thread-1] INFO  server.RaftServerConfigKeys (ConfUtils.java:logGet(46)) - raft.server.log.appender.buffer.byte-limit = 33554432 (custom)
2023-03-09 15:01:16,879 [pool-938-thread-1] INFO  server.RaftServerConfigKeys (ConfUtils.java:logGet(46)) - raft.server.log.unsafe-flush.enabled = false (default)
2023-03-09 15:01:16,879 [pool-938-thread-1] INFO  server.RaftServerConfigKeys (ConfUtils.java:logGet(46)) - raft.server.log.async-flush.enabled = false (default)
2023-03-09 15:01:16,879 [pool-938-thread-1] INFO  server.RaftServerConfigKeys (ConfUtils.java:logGet(46)) - raft.server.log.statemachine.data.caching.enabled = true (custom)
2023-03-09 15:01:16,879 [pool-938-thread-1] INFO  segmented.SegmentedRaftLogWorker (SegmentedRaftLogWorker.java:lambda$new$0(135)) - b8851da8-2889-47c2-8cdf-bbb0cc701685@group-66001B9BA104-SegmentedRaftLogWorker: flushIndex: setUnconditionally 0 -> -1
2023-03-09 15:01:16,879 [pool-938-thread-1] INFO  segmented.SegmentedRaftLogWorker (SegmentedRaftLogWorker.java:lambda$new$0(135)) - b8851da8-2889-47c2-8cdf-bbb0cc701685@group-66001B9BA104-SegmentedRaftLogWorker: safeCacheEvictIndex: setUnconditionally 0 -> -1
2023-03-09 15:01:16,882 [pool-938-thread-1] INFO  server.RaftServer$Division (RaftServerImpl.java:start(334)) - b8851da8-2889-47c2-8cdf-bbb0cc701685@group-66001B9BA104: start as a follower, conf=-1: peers:[b8851da8-2889-47c2-8cdf-bbb0cc701685|rpc:127.0.0.1:44005|dataStream:127.0.0.1:45751|priority:0|startupRole:FOLLOWER, d83d04e7-4e51-47d3-8b78-fb93e7279122|rpc:127.0.0.1:42489|dataStream:127.0.0.1:46041|priority:1|startupRole:FOLLOWER, bbaee90d-c4b2-4cc7-a980-1e6be073f94e|rpc:127.0.0.1:38465|dataStream:127.0.0.1:46541|priority:0|startupRole:FOLLOWER]|listeners:[], old=null
2023-03-09 15:01:16,882 [pool-938-thread-1] INFO  server.RaftServer$Division (RaftServerImpl.java:setRole(321)) - b8851da8-2889-47c2-8cdf-bbb0cc701685@group-66001B9BA104: changes role from      null to FOLLOWER at term 0 for startAsFollower
2023-03-09 15:01:16,882 [pool-938-thread-1] INFO  impl.RoleInfo (RoleInfo.java:updateAndGet(139)) - b8851da8-2889-47c2-8cdf-bbb0cc701685: start b8851da8-2889-47c2-8cdf-bbb0cc701685@group-66001B9BA104-FollowerState
2023-03-09 15:01:16,882 [pool-938-thread-1] INFO  util.JmxRegister (JmxRegister.java:tryRegister(44)) - Successfully registered JMX Bean with object name Ratis:service=RaftServer,group=group-66001B9BA104,id=b8851da8-2889-47c2-8cdf-bbb0cc701685
2023-03-09 15:01:16,883 [pool-938-thread-1] INFO  server.RaftServerConfigKeys (ConfUtils.java:logGet(46)) - raft.server.snapshot.auto.trigger.enabled = true (custom)
2023-03-09 15:01:16,883 [pool-938-thread-1] INFO  server.RaftServerConfigKeys (ConfUtils.java:logGet(46)) - raft.server.snapshot.auto.trigger.threshold = 10000 (custom)
2023-03-09 15:01:16,883 [pool-938-thread-1] INFO  server.RaftServerConfigKeys (ConfUtils.java:logGet(46)) - raft.server.snapshot.retention.file.num = 5 (custom)
2023-03-09 15:01:16,883 [pool-938-thread-1] INFO  server.RaftServerConfigKeys (ConfUtils.java:logGet(46)) - raft.server.log.purge.upto.snapshot.index = false (default)
2023-03-09 15:01:16,883 [b8851da8-2889-47c2-8cdf-bbb0cc701685@group-66001B9BA104-FollowerState] INFO  server.RaftServerConfigKeys (ConfUtils.java:logFallback(53)) - raft.server.rpc.first-election.timeout.min = 5s (fallback to raft.server.rpc.timeout.min)
2023-03-09 15:01:16,883 [b8851da8-2889-47c2-8cdf-bbb0cc701685@group-66001B9BA104-FollowerState] INFO  server.RaftServerConfigKeys (ConfUtils.java:logFallback(53)) - raft.server.rpc.first-election.timeout.max = 5200ms (fallback to raft.server.rpc.timeout.max)
2023-03-09 15:01:16,892 [Command processor thread] INFO  commandhandler.CreatePipelineCommandHandler (CreatePipelineCommandHandler.java:handle(113)) - Created Pipeline RATIS THREE PipelineID=fb410c10-6aba-48e4-affe-66001b9ba104.
2023-03-09 15:01:17,008 [Command processor thread] INFO  server.RaftServer (RaftServerProxy.java:addNew(96)) - bbaee90d-c4b2-4cc7-a980-1e6be073f94e: addNew group-DEE44A848CE6:[bbaee90d-c4b2-4cc7-a980-1e6be073f94e|rpc:127.0.0.1:38465|dataStream:127.0.0.1:46541|priority:1|startupRole:FOLLOWER] returns group-DEE44A848CE6:java.util.concurrent.CompletableFuture@7f484b72[Not completed]
2023-03-09 15:01:17,009 [pool-916-thread-1] INFO  server.RaftServer$Division (RaftServerImpl.java:<init>(195)) - bbaee90d-c4b2-4cc7-a980-1e6be073f94e: new RaftServerImpl for group-DEE44A848CE6:[bbaee90d-c4b2-4cc7-a980-1e6be073f94e|rpc:127.0.0.1:38465|dataStream:127.0.0.1:46541|priority:1|startupRole:FOLLOWER] with ContainerStateMachine:uninitialized
2023-03-09 15:01:17,009 [pool-916-thread-1] INFO  server.RaftServerConfigKeys (ConfUtils.java:logGet(46)) - raft.server.rpc.timeout.min = 5s (custom)
2023-03-09 15:01:17,009 [pool-916-thread-1] INFO  server.RaftServerConfigKeys (ConfUtils.java:logGet(46)) - raft.server.rpc.timeout.max = 5200ms (custom)
2023-03-09 15:01:17,009 [pool-916-thread-1] INFO  server.RaftServerConfigKeys (ConfUtils.java:logGet(46)) - raft.server.rpc.sleep.time = 25ms (default)
2023-03-09 15:01:17,009 [pool-916-thread-1] INFO  server.RaftServerConfigKeys (ConfUtils.java:logGet(46)) - raft.server.rpc.slowness.timeout = 300s (custom)
2023-03-09 15:01:17,009 [pool-916-thread-1] INFO  server.RaftServerConfigKeys (ConfUtils.java:logGet(46)) - raft.server.leaderelection.leader.step-down.wait-time = 10s (default)
2023-03-09 15:01:17,009 [pool-916-thread-1] INFO  server.RaftServerConfigKeys (ConfUtils.java:logGet(46)) - raft.server.sleep.deviation.threshold = 300ms (default)
2023-03-09 15:01:17,009 [pool-916-thread-1] INFO  server.RaftServer$Division (ServerState.java:<init>(118)) - bbaee90d-c4b2-4cc7-a980-1e6be073f94e@group-DEE44A848CE6: ConfigurationManager, init=-1: peers:[bbaee90d-c4b2-4cc7-a980-1e6be073f94e|rpc:127.0.0.1:38465|dataStream:127.0.0.1:46541|priority:1|startupRole:FOLLOWER]|listeners:[], old=null, confs=<EMPTY_MAP>
2023-03-09 15:01:17,009 [pool-916-thread-1] INFO  server.RaftServerConfigKeys (ConfUtils.java:logGet(46)) - raft.server.storage.dir = [/home/runner/work/ozone/ozone/hadoop-ozone/integration-test/target/test-dir/MiniOzoneClusterImpl-254978b8-4a66-4b6a-8773-30bebe5cbf00/datanode-1/data/ratis] (custom)
2023-03-09 15:01:17,009 [pool-916-thread-1] INFO  server.RaftServerConfigKeys (ConfUtils.java:logGet(46)) - raft.server.log.corruption.policy = EXCEPTION (default)
2023-03-09 15:01:17,009 [pool-916-thread-1] INFO  server.RaftServerConfigKeys (ConfUtils.java:logGet(46)) - raft.server.storage.free-space.min = 0MB (=0) (default)
2023-03-09 15:01:17,009 [pool-916-thread-1] INFO  server.RaftServerConfigKeys (ConfUtils.java:logGet(46)) - raft.server.notification.no-leader.timeout = 300s (custom)
2023-03-09 15:01:17,010 [pool-916-thread-1] INFO  server.RaftServerConfigKeys (ConfUtils.java:logGet(46)) - raft.server.retrycache.expirytime = 600000ms (custom)
2023-03-09 15:01:17,010 [pool-916-thread-1] INFO  server.RaftServerConfigKeys (ConfUtils.java:logGet(46)) - raft.server.retrycache.statistics.expirytime = 100μs (default)
2023-03-09 15:01:17,010 [pool-916-thread-1] INFO  server.RaftServerConfigKeys (ConfUtils.java:logGet(46)) - raft.server.log.appender.install.snapshot.enabled = false (custom)
2023-03-09 15:01:17,010 [pool-916-thread-1] INFO  server.RaftServerConfigKeys (ConfUtils.java:logGet(46)) - raft.server.threadpool.server.cached = true (default)
2023-03-09 15:01:17,010 [pool-916-thread-1] INFO  server.RaftServerConfigKeys (ConfUtils.java:logGet(46)) - raft.server.threadpool.server.size = 0 (default)
2023-03-09 15:01:17,011 [pool-916-thread-1] INFO  server.RaftServerConfigKeys (ConfUtils.java:logGet(46)) - raft.server.threadpool.client.cached = true (default)
2023-03-09 15:01:17,011 [pool-916-thread-1] INFO  server.RaftServerConfigKeys (ConfUtils.java:logGet(46)) - raft.server.threadpool.client.size = 0 (default)
2023-03-09 15:01:17,011 [pool-916-thread-1] INFO  storage.RaftStorageDirectory (RaftStorageDirectoryImpl.java:analyzeStorage(137)) - The storage directory /home/runner/work/ozone/ozone/hadoop-ozone/integration-test/target/test-dir/MiniOzoneClusterImpl-254978b8-4a66-4b6a-8773-30bebe5cbf00/datanode-1/data/ratis/14b3535c-bebc-455c-8b08-dee44a848ce6 does not exist. Creating ...
2023-03-09 15:01:17,012 [pool-916-thread-1] INFO  storage.RaftStorageDirectory (RaftStorageDirectoryImpl.java:tryLock(231)) - Lock on /home/runner/work/ozone/ozone/hadoop-ozone/integration-test/target/test-dir/MiniOzoneClusterImpl-254978b8-4a66-4b6a-8773-30bebe5cbf00/datanode-1/data/ratis/14b3535c-bebc-455c-8b08-dee44a848ce6/in_use.lock acquired by nodename 57158@fv-az377-502
2023-03-09 15:01:17,013 [pool-916-thread-1] INFO  storage.RaftStorage (RaftStorageImpl.java:format(96)) - Storage directory /home/runner/work/ozone/ozone/hadoop-ozone/integration-test/target/test-dir/MiniOzoneClusterImpl-254978b8-4a66-4b6a-8773-30bebe5cbf00/datanode-1/data/ratis/14b3535c-bebc-455c-8b08-dee44a848ce6 has been successfully formatted.
2023-03-09 15:01:17,014 [pool-916-thread-1] INFO  ratis.ContainerStateMachine (ContainerStateMachine.java:loadSnapshot(240)) - group-DEE44A848CE6: The snapshot info is null. Setting the last applied indexto:(t:0, i:~)
2023-03-09 15:01:17,014 [pool-916-thread-1] INFO  server.RaftServerConfigKeys (ConfUtils.java:logGet(46)) - raft.server.log.use.memory = false (default)
2023-03-09 15:01:17,014 [pool-916-thread-1] INFO  server.RaftServerConfigKeys (ConfUtils.java:logGet(46)) - raft.server.log.purge.gap = 1000000 (custom)
2023-03-09 15:01:17,014 [pool-916-thread-1] INFO  server.RaftServerConfigKeys (ConfUtils.java:logGet(46)) - raft.server.log.appender.buffer.byte-limit = 33554432 (custom)
2023-03-09 15:01:17,014 [pool-916-thread-1] INFO  server.RaftServerConfigKeys (ConfUtils.java:logGet(46)) - raft.server.log.statemachine.data.read.timeout = 1000ms (default)
2023-03-09 15:01:17,014 [pool-916-thread-1] INFO  server.RaftServerConfigKeys (ConfUtils.java:logGet(46)) - raft.server.log.purge.preservation.log.num = 0 (default)
2023-03-09 15:01:17,014 [pool-916-thread-1] INFO  server.RaftServerConfigKeys (ConfUtils.java:logGet(46)) - raft.server.log.segment.size.max = 1048576 (custom)
2023-03-09 15:01:17,015 [pool-916-thread-1] INFO  server.RaftServerConfigKeys (ConfUtils.java:logGet(46)) - raft.server.log.segment.cache.num.max = 2 (custom)
2023-03-09 15:01:17,015 [pool-916-thread-1] INFO  server.RaftServerConfigKeys (ConfUtils.java:logGet(46)) - raft.server.log.segment.cache.size.max = 200MB (=209715200) (default)
2023-03-09 15:01:17,015 [pool-916-thread-1] INFO  segmented.SegmentedRaftLogWorker (SegmentedRaftLogWorker.java:<init>(189)) - new bbaee90d-c4b2-4cc7-a980-1e6be073f94e@group-DEE44A848CE6-SegmentedRaftLogWorker for RaftStorageImpl:Storage Directory /home/runner/work/ozone/ozone/hadoop-ozone/integration-test/target/test-dir/MiniOzoneClusterImpl-254978b8-4a66-4b6a-8773-30bebe5cbf00/datanode-1/data/ratis/14b3535c-bebc-455c-8b08-dee44a848ce6
2023-03-09 15:01:17,015 [pool-916-thread-1] INFO  server.RaftServerConfigKeys (ConfUtils.java:logGet(46)) - raft.server.log.queue.byte-limit = 4294967296 (custom)
2023-03-09 15:01:17,015 [pool-916-thread-1] INFO  server.RaftServerConfigKeys (ConfUtils.java:logGet(46)) - raft.server.log.queue.element-limit = 1024 (custom)
2023-03-09 15:01:17,015 [pool-916-thread-1] INFO  server.RaftServerConfigKeys (ConfUtils.java:logGet(46)) - raft.server.log.segment.size.max = 1048576 (custom)
2023-03-09 15:01:17,015 [pool-916-thread-1] INFO  server.RaftServerConfigKeys (ConfUtils.java:logGet(46)) - raft.server.log.preallocated.size = 16384 (custom)
2023-03-09 15:01:17,015 [pool-916-thread-1] INFO  server.RaftServerConfigKeys (ConfUtils.java:logGet(46)) - raft.server.log.force.sync.num = 128 (default)
2023-03-09 15:01:17,016 [pool-916-thread-1] INFO  server.RaftServerConfigKeys (ConfUtils.java:logGet(46)) - raft.server.log.statemachine.data.sync = true (default)
2023-03-09 15:01:17,016 [pool-916-thread-1] INFO  server.RaftServerConfigKeys (ConfUtils.java:logGet(46)) - raft.server.log.statemachine.data.sync.timeout = 10s (default)
2023-03-09 15:01:17,016 [EventQueue-PipelineReportForPipelineReportHandler] INFO  pipeline.PipelineManagerImpl (PipelineManagerImpl.java:openPipeline(367)) - Pipeline Pipeline[ Id: 14b3535c-bebc-455c-8b08-dee44a848ce6, Nodes: bbaee90d-c4b2-4cc7-a980-1e6be073f94e(localhost/127.0.0.1), ReplicationConfig: RATIS/ONE, State:ALLOCATED, leaderId:bbaee90d-c4b2-4cc7-a980-1e6be073f94e, CreationTimestamp2023-03-09T15:01:14.023Z[Etc/UTC]] moved to OPEN state
2023-03-09 15:01:17,016 [pool-916-thread-1] INFO  server.RaftServerConfigKeys (ConfUtils.java:logGet(46)) - raft.server.log.statemachine.data.sync.timeout.retry = -1 (default)
2023-03-09 15:01:17,017 [pool-916-thread-1] INFO  server.RaftServerConfigKeys (ConfUtils.java:logGet(46)) - raft.server.log.write.buffer.size = 1048576 (custom)
2023-03-09 15:01:17,019 [ea91eb10-5e27-4c1c-9b22-4ed9c555343a@group-30BEBE5CBF00-StateMachineUpdater] INFO  safemode.HealthyPipelineSafeModeRule (HealthyPipelineSafeModeRule.java:initializeRule(165)) - Refreshed total pipeline count is 0, healthy pipeline threshold count is 1
2023-03-09 15:01:17,020 [EventQueue-OpenPipelineForHealthyPipelineSafeModeRule] INFO  safemode.SCMSafeModeManager (HealthyPipelineSafeModeRule.java:process(137)) - SCM in safe mode. Healthy pipelines reported count is 0, required healthy pipeline reported count is 1
2023-03-09 15:01:17,021 [pool-916-thread-1] INFO  server.RaftServerConfigKeys (ConfUtils.java:logGet(46)) - raft.server.log.appender.buffer.byte-limit = 33554432 (custom)
2023-03-09 15:01:17,027 [pool-916-thread-1] INFO  server.RaftServerConfigKeys (ConfUtils.java:logGet(46)) - raft.server.log.unsafe-flush.enabled = false (default)
2023-03-09 15:01:17,027 [pool-916-thread-1] INFO  server.RaftServerConfigKeys (ConfUtils.java:logGet(46)) - raft.server.log.async-flush.enabled = false (default)
2023-03-09 15:01:17,027 [pool-916-thread-1] INFO  server.RaftServerConfigKeys (ConfUtils.java:logGet(46)) - raft.server.log.statemachine.data.caching.enabled = true (custom)
2023-03-09 15:01:17,027 [pool-916-thread-1] INFO  segmented.SegmentedRaftLogWorker (SegmentedRaftLogWorker.java:lambda$new$0(135)) - bbaee90d-c4b2-4cc7-a980-1e6be073f94e@group-DEE44A848CE6-SegmentedRaftLogWorker: flushIndex: setUnconditionally 0 -> -1
2023-03-09 15:01:17,030 [pool-916-thread-1] INFO  segmented.SegmentedRaftLogWorker (SegmentedRaftLogWorker.java:lambda$new$0(135)) - bbaee90d-c4b2-4cc7-a980-1e6be073f94e@group-DEE44A848CE6-SegmentedRaftLogWorker: safeCacheEvictIndex: setUnconditionally 0 -> -1
2023-03-09 15:01:17,030 [pool-916-thread-1] INFO  server.RaftServer$Division (RaftServerImpl.java:start(334)) - bbaee90d-c4b2-4cc7-a980-1e6be073f94e@group-DEE44A848CE6: start as a follower, conf=-1: peers:[bbaee90d-c4b2-4cc7-a980-1e6be073f94e|rpc:127.0.0.1:38465|dataStream:127.0.0.1:46541|priority:1|startupRole:FOLLOWER]|listeners:[], old=null
2023-03-09 15:01:17,030 [pool-916-thread-1] INFO  server.RaftServer$Division (RaftServerImpl.java:setRole(321)) - bbaee90d-c4b2-4cc7-a980-1e6be073f94e@group-DEE44A848CE6: changes role from      null to FOLLOWER at term 0 for startAsFollower
2023-03-09 15:01:17,031 [pool-916-thread-1] INFO  impl.RoleInfo (RoleInfo.java:updateAndGet(139)) - bbaee90d-c4b2-4cc7-a980-1e6be073f94e: start bbaee90d-c4b2-4cc7-a980-1e6be073f94e@group-DEE44A848CE6-FollowerState
2023-03-09 15:01:17,031 [pool-916-thread-1] INFO  util.JmxRegister (JmxRegister.java:tryRegister(44)) - Successfully registered JMX Bean with object name Ratis:service=RaftServer,group=group-DEE44A848CE6,id=bbaee90d-c4b2-4cc7-a980-1e6be073f94e
2023-03-09 15:01:17,031 [bbaee90d-c4b2-4cc7-a980-1e6be073f94e@group-DEE44A848CE6-FollowerState] INFO  server.RaftServerConfigKeys (ConfUtils.java:logFallback(53)) - raft.server.rpc.first-election.timeout.min = 5s (fallback to raft.server.rpc.timeout.min)
2023-03-09 15:01:17,031 [pool-916-thread-1] INFO  server.RaftServerConfigKeys (ConfUtils.java:logGet(46)) - raft.server.snapshot.auto.trigger.enabled = true (custom)
2023-03-09 15:01:17,031 [bbaee90d-c4b2-4cc7-a980-1e6be073f94e@group-DEE44A848CE6-FollowerState] INFO  server.RaftServerConfigKeys (ConfUtils.java:logFallback(53)) - raft.server.rpc.first-election.timeout.max = 5200ms (fallback to raft.server.rpc.timeout.max)
2023-03-09 15:01:17,031 [pool-916-thread-1] INFO  server.RaftServerConfigKeys (ConfUtils.java:logGet(46)) - raft.server.snapshot.auto.trigger.threshold = 10000 (custom)
2023-03-09 15:01:17,031 [pool-916-thread-1] INFO  server.RaftServerConfigKeys (ConfUtils.java:logGet(46)) - raft.server.snapshot.retention.file.num = 5 (custom)
2023-03-09 15:01:17,031 [pool-916-thread-1] INFO  server.RaftServerConfigKeys (ConfUtils.java:logGet(46)) - raft.server.log.purge.upto.snapshot.index = false (default)
2023-03-09 15:01:17,032 [Command processor thread] INFO  ratis.XceiverServerRatis (XceiverServerRatis.java:addGroup(807)) - Created group PipelineID=14b3535c-bebc-455c-8b08-dee44a848ce6
2023-03-09 15:01:17,032 [Command processor thread] INFO  commandhandler.CreatePipelineCommandHandler (CreatePipelineCommandHandler.java:handle(113)) - Created Pipeline RATIS ONE PipelineID=14b3535c-bebc-455c-8b08-dee44a848ce6.
2023-03-09 15:01:17,383 [Listener at 127.0.0.1/46001] INFO  ozone.MiniOzoneClusterImpl (MiniOzoneClusterImpl.java:lambda$waitForClusterToBeReady$0(218)) - Nodes are ready. Got 3 of 3 DN Heartbeats.
2023-03-09 15:01:17,384 [Listener at 127.0.0.1/46001] INFO  ozone.MiniOzoneClusterImpl (MiniOzoneClusterImpl.java:lambda$waitForClusterToBeReady$0(221)) - Waiting for cluster to exit safe mode
2023-03-09 15:01:17,384 [Listener at 127.0.0.1/46001] INFO  ozone.MiniOzoneClusterImpl (MiniOzoneClusterImpl.java:lambda$waitForClusterToBeReady$0(223)) - SCM became leader
2023-03-09 15:01:17,393 [Command processor thread] INFO  server.RaftServer (RaftServerProxy.java:addNew(96)) - b8851da8-2889-47c2-8cdf-bbb0cc701685: addNew group-9E6E2EBFCABE:[b8851da8-2889-47c2-8cdf-bbb0cc701685|rpc:127.0.0.1:44005|dataStream:127.0.0.1:45751|priority:1|startupRole:FOLLOWER] returns group-9E6E2EBFCABE:java.util.concurrent.CompletableFuture@56a54794[Not completed]
2023-03-09 15:01:17,394 [pool-938-thread-1] INFO  server.RaftServer$Division (RaftServerImpl.java:<init>(195)) - b8851da8-2889-47c2-8cdf-bbb0cc701685: new RaftServerImpl for group-9E6E2EBFCABE:[b8851da8-2889-47c2-8cdf-bbb0cc701685|rpc:127.0.0.1:44005|dataStream:127.0.0.1:45751|priority:1|startupRole:FOLLOWER] with ContainerStateMachine:uninitialized
2023-03-09 15:01:17,394 [pool-938-thread-1] INFO  server.RaftServerConfigKeys (ConfUtils.java:logGet(46)) - raft.server.rpc.timeout.min = 5s (custom)
2023-03-09 15:01:17,394 [pool-938-thread-1] INFO  server.RaftServerConfigKeys (ConfUtils.java:logGet(46)) - raft.server.rpc.timeout.max = 5200ms (custom)
2023-03-09 15:01:17,394 [pool-938-thread-1] INFO  server.RaftServerConfigKeys (ConfUtils.java:logGet(46)) - raft.server.rpc.sleep.time = 25ms (default)
2023-03-09 15:01:17,395 [pool-938-thread-1] INFO  server.RaftServerConfigKeys (ConfUtils.java:logGet(46)) - raft.server.rpc.slowness.timeout = 300s (custom)
2023-03-09 15:01:17,395 [pool-938-thread-1] INFO  server.RaftServerConfigKeys (ConfUtils.java:logGet(46)) - raft.server.leaderelection.leader.step-down.wait-time = 10s (default)
2023-03-09 15:01:17,395 [pool-938-thread-1] INFO  server.RaftServerConfigKeys (ConfUtils.java:logGet(46)) - raft.server.sleep.deviation.threshold = 300ms (default)
2023-03-09 15:01:17,395 [pool-938-thread-1] INFO  server.RaftServer$Division (ServerState.java:<init>(118)) - b8851da8-2889-47c2-8cdf-bbb0cc701685@group-9E6E2EBFCABE: ConfigurationManager, init=-1: peers:[b8851da8-2889-47c2-8cdf-bbb0cc701685|rpc:127.0.0.1:44005|dataStream:127.0.0.1:45751|priority:1|startupRole:FOLLOWER]|listeners:[], old=null, confs=<EMPTY_MAP>
2023-03-09 15:01:17,395 [pool-938-thread-1] INFO  server.RaftServerConfigKeys (ConfUtils.java:logGet(46)) - raft.server.storage.dir = [/home/runner/work/ozone/ozone/hadoop-ozone/integration-test/target/test-dir/MiniOzoneClusterImpl-254978b8-4a66-4b6a-8773-30bebe5cbf00/datanode-2/data/ratis] (custom)
2023-03-09 15:01:17,395 [pool-938-thread-1] INFO  server.RaftServerConfigKeys (ConfUtils.java:logGet(46)) - raft.server.log.corruption.policy = EXCEPTION (default)
2023-03-09 15:01:17,395 [pool-938-thread-1] INFO  server.RaftServerConfigKeys (ConfUtils.java:logGet(46)) - raft.server.storage.free-space.min = 0MB (=0) (default)
2023-03-09 15:01:17,395 [pool-938-thread-1] INFO  server.RaftServerConfigKeys (ConfUtils.java:logGet(46)) - raft.server.notification.no-leader.timeout = 300s (custom)
2023-03-09 15:01:17,395 [pool-938-thread-1] INFO  server.RaftServerConfigKeys (ConfUtils.java:logGet(46)) - raft.server.retrycache.expirytime = 600000ms (custom)
2023-03-09 15:01:17,395 [pool-938-thread-1] INFO  server.RaftServerConfigKeys (ConfUtils.java:logGet(46)) - raft.server.retrycache.statistics.expirytime = 100μs (default)
2023-03-09 15:01:17,396 [pool-938-thread-1] INFO  server.RaftServerConfigKeys (ConfUtils.java:logGet(46)) - raft.server.log.appender.install.snapshot.enabled = false (custom)
2023-03-09 15:01:17,404 [pool-938-thread-1] INFO  server.RaftServerConfigKeys (ConfUtils.java:logGet(46)) - raft.server.threadpool.server.cached = true (default)
2023-03-09 15:01:17,404 [pool-938-thread-1] INFO  server.RaftServerConfigKeys (ConfUtils.java:logGet(46)) - raft.server.threadpool.server.size = 0 (default)
2023-03-09 15:01:17,404 [pool-938-thread-1] INFO  server.RaftServerConfigKeys (ConfUtils.java:logGet(46)) - raft.server.threadpool.client.cached = true (default)
2023-03-09 15:01:17,404 [pool-938-thread-1] INFO  server.RaftServerConfigKeys (ConfUtils.java:logGet(46)) - raft.server.threadpool.client.size = 0 (default)
2023-03-09 15:01:17,404 [pool-938-thread-1] INFO  storage.RaftStorageDirectory (RaftStorageDirectoryImpl.java:analyzeStorage(137)) - The storage directory /home/runner/work/ozone/ozone/hadoop-ozone/integration-test/target/test-dir/MiniOzoneClusterImpl-254978b8-4a66-4b6a-8773-30bebe5cbf00/datanode-2/data/ratis/b13cbddd-8cf7-4452-bc78-9e6e2ebfcabe does not exist. Creating ...
2023-03-09 15:01:17,414 [pool-938-thread-1] INFO  storage.RaftStorageDirectory (RaftStorageDirectoryImpl.java:tryLock(231)) - Lock on /home/runner/work/ozone/ozone/hadoop-ozone/integration-test/target/test-dir/MiniOzoneClusterImpl-254978b8-4a66-4b6a-8773-30bebe5cbf00/datanode-2/data/ratis/b13cbddd-8cf7-4452-bc78-9e6e2ebfcabe/in_use.lock acquired by nodename 57158@fv-az377-502
2023-03-09 15:01:17,416 [pool-938-thread-1] INFO  storage.RaftStorage (RaftStorageImpl.java:format(96)) - Storage directory /home/runner/work/ozone/ozone/hadoop-ozone/integration-test/target/test-dir/MiniOzoneClusterImpl-254978b8-4a66-4b6a-8773-30bebe5cbf00/datanode-2/data/ratis/b13cbddd-8cf7-4452-bc78-9e6e2ebfcabe has been successfully formatted.
2023-03-09 15:01:17,416 [pool-938-thread-1] INFO  ratis.ContainerStateMachine (ContainerStateMachine.java:loadSnapshot(240)) - group-9E6E2EBFCABE: The snapshot info is null. Setting the last applied indexto:(t:0, i:~)
2023-03-09 15:01:17,417 [pool-938-thread-1] INFO  server.RaftServerConfigKeys (ConfUtils.java:logGet(46)) - raft.server.log.use.memory = false (default)
2023-03-09 15:01:17,417 [pool-938-thread-1] INFO  server.RaftServerConfigKeys (ConfUtils.java:logGet(46)) - raft.server.log.purge.gap = 1000000 (custom)
2023-03-09 15:01:17,417 [pool-938-thread-1] INFO  server.RaftServerConfigKeys (ConfUtils.java:logGet(46)) - raft.server.log.appender.buffer.byte-limit = 33554432 (custom)
2023-03-09 15:01:17,417 [pool-938-thread-1] INFO  server.RaftServerConfigKeys (ConfUtils.java:logGet(46)) - raft.server.log.statemachine.data.read.timeout = 1000ms (default)
2023-03-09 15:01:17,417 [pool-938-thread-1] INFO  server.RaftServerConfigKeys (ConfUtils.java:logGet(46)) - raft.server.log.purge.preservation.log.num = 0 (default)
2023-03-09 15:01:17,417 [pool-938-thread-1] INFO  server.RaftServerConfigKeys (ConfUtils.java:logGet(46)) - raft.server.log.segment.size.max = 1048576 (custom)
2023-03-09 15:01:17,417 [pool-938-thread-1] INFO  server.RaftServerConfigKeys (ConfUtils.java:logGet(46)) - raft.server.log.segment.cache.num.max = 2 (custom)
2023-03-09 15:01:17,417 [pool-938-thread-1] INFO  server.RaftServerConfigKeys (ConfUtils.java:logGet(46)) - raft.server.log.segment.cache.size.max = 200MB (=209715200) (default)
2023-03-09 15:01:17,417 [pool-938-thread-1] INFO  segmented.SegmentedRaftLogWorker (SegmentedRaftLogWorker.java:<init>(189)) - new b8851da8-2889-47c2-8cdf-bbb0cc701685@group-9E6E2EBFCABE-SegmentedRaftLogWorker for RaftStorageImpl:Storage Directory /home/runner/work/ozone/ozone/hadoop-ozone/integration-test/target/test-dir/MiniOzoneClusterImpl-254978b8-4a66-4b6a-8773-30bebe5cbf00/datanode-2/data/ratis/b13cbddd-8cf7-4452-bc78-9e6e2ebfcabe
2023-03-09 15:01:17,417 [pool-938-thread-1] INFO  server.RaftServerConfigKeys (ConfUtils.java:logGet(46)) - raft.server.log.queue.byte-limit = 4294967296 (custom)
2023-03-09 15:01:17,417 [pool-938-thread-1] INFO  server.RaftServerConfigKeys (ConfUtils.java:logGet(46)) - raft.server.log.queue.element-limit = 1024 (custom)
2023-03-09 15:01:17,417 [pool-938-thread-1] INFO  server.RaftServerConfigKeys (ConfUtils.java:logGet(46)) - raft.server.log.segment.size.max = 1048576 (custom)
2023-03-09 15:01:17,418 [pool-938-thread-1] INFO  server.RaftServerConfigKeys (ConfUtils.java:logGet(46)) - raft.server.log.preallocated.size = 16384 (custom)
2023-03-09 15:01:17,418 [pool-938-thread-1] INFO  server.RaftServerConfigKeys (ConfUtils.java:logGet(46)) - raft.server.log.force.sync.num = 128 (default)
2023-03-09 15:01:17,418 [pool-938-thread-1] INFO  server.RaftServerConfigKeys (ConfUtils.java:logGet(46)) - raft.server.log.statemachine.data.sync = true (default)
2023-03-09 15:01:17,418 [pool-938-thread-1] INFO  server.RaftServerConfigKeys (ConfUtils.java:logGet(46)) - raft.server.log.statemachine.data.sync.timeout = 10s (default)
2023-03-09 15:01:17,418 [pool-938-thread-1] INFO  server.RaftServerConfigKeys (ConfUtils.java:logGet(46)) - raft.server.log.statemachine.data.sync.timeout.retry = -1 (default)
2023-03-09 15:01:17,418 [pool-938-thread-1] INFO  server.RaftServerConfigKeys (ConfUtils.java:logGet(46)) - raft.server.log.write.buffer.size = 1048576 (custom)
2023-03-09 15:01:17,419 [pool-938-thread-1] INFO  server.RaftServerConfigKeys (ConfUtils.java:logGet(46)) - raft.server.log.appender.buffer.byte-limit = 33554432 (custom)
2023-03-09 15:01:17,423 [EventQueue-PipelineReportForPipelineReportHandler] INFO  pipeline.PipelineManagerImpl (PipelineManagerImpl.java:openPipeline(367)) - Pipeline Pipeline[ Id: b13cbddd-8cf7-4452-bc78-9e6e2ebfcabe, Nodes: b8851da8-2889-47c2-8cdf-bbb0cc701685(localhost/127.0.0.1), ReplicationConfig: RATIS/ONE, State:ALLOCATED, leaderId:b8851da8-2889-47c2-8cdf-bbb0cc701685, CreationTimestamp2023-03-09T15:01:14.397Z[Etc/UTC]] moved to OPEN state
2023-03-09 15:01:17,425 [ea91eb10-5e27-4c1c-9b22-4ed9c555343a@group-30BEBE5CBF00-StateMachineUpdater] INFO  safemode.HealthyPipelineSafeModeRule (HealthyPipelineSafeModeRule.java:initializeRule(165)) - Refreshed total pipeline count is 0, healthy pipeline threshold count is 1
2023-03-09 15:01:17,425 [EventQueue-OpenPipelineForHealthyPipelineSafeModeRule] INFO  safemode.SCMSafeModeManager (HealthyPipelineSafeModeRule.java:process(137)) - SCM in safe mode. Healthy pipelines reported count is 0, required healthy pipeline reported count is 1
2023-03-09 15:01:17,428 [pool-938-thread-1] INFO  server.RaftServerConfigKeys (ConfUtils.java:logGet(46)) - raft.server.log.unsafe-flush.enabled = false (default)
2023-03-09 15:01:17,428 [pool-938-thread-1] INFO  server.RaftServerConfigKeys (ConfUtils.java:logGet(46)) - raft.server.log.async-flush.enabled = false (default)
2023-03-09 15:01:17,428 [pool-938-thread-1] INFO  server.RaftServerConfigKeys (ConfUtils.java:logGet(46)) - raft.server.log.statemachine.data.caching.enabled = true (custom)
2023-03-09 15:01:17,428 [pool-938-thread-1] INFO  segmented.SegmentedRaftLogWorker (SegmentedRaftLogWorker.java:lambda$new$0(135)) - b8851da8-2889-47c2-8cdf-bbb0cc701685@group-9E6E2EBFCABE-SegmentedRaftLogWorker: flushIndex: setUnconditionally 0 -> -1
2023-03-09 15:01:17,429 [pool-938-thread-1] INFO  segmented.SegmentedRaftLogWorker (SegmentedRaftLogWorker.java:lambda$new$0(135)) - b8851da8-2889-47c2-8cdf-bbb0cc701685@group-9E6E2EBFCABE-SegmentedRaftLogWorker: safeCacheEvictIndex: setUnconditionally 0 -> -1
2023-03-09 15:01:17,429 [pool-938-thread-1] INFO  server.RaftServer$Division (RaftServerImpl.java:start(334)) - b8851da8-2889-47c2-8cdf-bbb0cc701685@group-9E6E2EBFCABE: start as a follower, conf=-1: peers:[b8851da8-2889-47c2-8cdf-bbb0cc701685|rpc:127.0.0.1:44005|dataStream:127.0.0.1:45751|priority:1|startupRole:FOLLOWER]|listeners:[], old=null
2023-03-09 15:01:17,429 [pool-938-thread-1] INFO  server.RaftServer$Division (RaftServerImpl.java:setRole(321)) - b8851da8-2889-47c2-8cdf-bbb0cc701685@group-9E6E2EBFCABE: changes role from      null to FOLLOWER at term 0 for startAsFollower
2023-03-09 15:01:17,429 [pool-938-thread-1] INFO  impl.RoleInfo (RoleInfo.java:updateAndGet(139)) - b8851da8-2889-47c2-8cdf-bbb0cc701685: start b8851da8-2889-47c2-8cdf-bbb0cc701685@group-9E6E2EBFCABE-FollowerState
2023-03-09 15:01:17,429 [pool-938-thread-1] INFO  util.JmxRegister (JmxRegister.java:tryRegister(44)) - Successfully registered JMX Bean with object name Ratis:service=RaftServer,group=group-9E6E2EBFCABE,id=b8851da8-2889-47c2-8cdf-bbb0cc701685
2023-03-09 15:01:17,430 [pool-938-thread-1] INFO  server.RaftServerConfigKeys (ConfUtils.java:logGet(46)) - raft.server.snapshot.auto.trigger.enabled = true (custom)
2023-03-09 15:01:17,430 [pool-938-thread-1] INFO  server.RaftServerConfigKeys (ConfUtils.java:logGet(46)) - raft.server.snapshot.auto.trigger.threshold = 10000 (custom)
2023-03-09 15:01:17,430 [pool-938-thread-1] INFO  server.RaftServerConfigKeys (ConfUtils.java:logGet(46)) - raft.server.snapshot.retention.file.num = 5 (custom)
2023-03-09 15:01:17,430 [pool-938-thread-1] INFO  server.RaftServerConfigKeys (ConfUtils.java:logGet(46)) - raft.server.log.purge.upto.snapshot.index = false (default)
2023-03-09 15:01:17,430 [b8851da8-2889-47c2-8cdf-bbb0cc701685@group-9E6E2EBFCABE-FollowerState] INFO  server.RaftServerConfigKeys (ConfUtils.java:logFallback(53)) - raft.server.rpc.first-election.timeout.min = 5s (fallback to raft.server.rpc.timeout.min)
2023-03-09 15:01:17,430 [b8851da8-2889-47c2-8cdf-bbb0cc701685@group-9E6E2EBFCABE-FollowerState] INFO  server.RaftServerConfigKeys (ConfUtils.java:logFallback(53)) - raft.server.rpc.first-election.timeout.max = 5200ms (fallback to raft.server.rpc.timeout.max)
2023-03-09 15:01:17,430 [Command processor thread] INFO  ratis.XceiverServerRatis (XceiverServerRatis.java:addGroup(807)) - Created group PipelineID=b13cbddd-8cf7-4452-bc78-9e6e2ebfcabe
2023-03-09 15:01:17,431 [Command processor thread] INFO  commandhandler.CreatePipelineCommandHandler (CreatePipelineCommandHandler.java:handle(113)) - Created Pipeline RATIS ONE PipelineID=b13cbddd-8cf7-4452-bc78-9e6e2ebfcabe.
2023-03-09 15:01:17,835 [EndpointStateMachine task thread for /127.0.0.1:43747 - 0 ] INFO  ipc.Client (Client.java:handleConnectionFailure(1010)) - Retrying connect to server: localhost/127.0.0.1:43747. Already tried 11 time(s); retry policy is RetryUpToMaximumCountWithFixedSleep(maxRetries=15, sleepTime=1000 MILLISECONDS)
2023-03-09 15:01:17,836 [EndpointStateMachine task thread for /127.0.0.1:36681 - 0 ] INFO  ipc.Client (Client.java:handleConnectionFailure(1010)) - Retrying connect to server: localhost/127.0.0.1:36681. Already tried 2 time(s); retry policy is RetryUpToMaximumCountWithFixedSleep(maxRetries=15, sleepTime=1000 MILLISECONDS)
2023-03-09 15:01:18,384 [Listener at 127.0.0.1/46001] INFO  ozone.MiniOzoneClusterImpl (MiniOzoneClusterImpl.java:lambda$waitForClusterToBeReady$0(218)) - Nodes are ready. Got 3 of 3 DN Heartbeats.
2023-03-09 15:01:18,385 [Listener at 127.0.0.1/46001] INFO  ozone.MiniOzoneClusterImpl (MiniOzoneClusterImpl.java:lambda$waitForClusterToBeReady$0(221)) - Waiting for cluster to exit safe mode
2023-03-09 15:01:18,385 [Listener at 127.0.0.1/46001] INFO  ozone.MiniOzoneClusterImpl (MiniOzoneClusterImpl.java:lambda$waitForClusterToBeReady$0(223)) - SCM became leader
2023-03-09 15:01:18,836 [EndpointStateMachine task thread for /127.0.0.1:43747 - 0 ] INFO  ipc.Client (Client.java:handleConnectionFailure(1010)) - Retrying connect to server: localhost/127.0.0.1:43747. Already tried 12 time(s); retry policy is RetryUpToMaximumCountWithFixedSleep(maxRetries=15, sleepTime=1000 MILLISECONDS)
2023-03-09 15:01:18,836 [EndpointStateMachine task thread for /127.0.0.1:36681 - 0 ] INFO  ipc.Client (Client.java:handleConnectionFailure(1010)) - Retrying connect to server: localhost/127.0.0.1:36681. Already tried 3 time(s); retry policy is RetryUpToMaximumCountWithFixedSleep(maxRetries=15, sleepTime=1000 MILLISECONDS)
2023-03-09 15:01:19,385 [Listener at 127.0.0.1/46001] INFO  ozone.MiniOzoneClusterImpl (MiniOzoneClusterImpl.java:lambda$waitForClusterToBeReady$0(218)) - Nodes are ready. Got 3 of 3 DN Heartbeats.
2023-03-09 15:01:19,386 [Listener at 127.0.0.1/46001] INFO  ozone.MiniOzoneClusterImpl (MiniOzoneClusterImpl.java:lambda$waitForClusterToBeReady$0(221)) - Waiting for cluster to exit safe mode
2023-03-09 15:01:19,386 [Listener at 127.0.0.1/46001] INFO  ozone.MiniOzoneClusterImpl (MiniOzoneClusterImpl.java:lambda$waitForClusterToBeReady$0(223)) - SCM became leader
2023-03-09 15:01:19,837 [EndpointStateMachine task thread for /127.0.0.1:43747 - 0 ] INFO  ipc.Client (Client.java:handleConnectionFailure(1010)) - Retrying connect to server: localhost/127.0.0.1:43747. Already tried 13 time(s); retry policy is RetryUpToMaximumCountWithFixedSleep(maxRetries=15, sleepTime=1000 MILLISECONDS)
2023-03-09 15:01:19,837 [EndpointStateMachine task thread for /127.0.0.1:36681 - 0 ] INFO  ipc.Client (Client.java:handleConnectionFailure(1010)) - Retrying connect to server: localhost/127.0.0.1:36681. Already tried 4 time(s); retry policy is RetryUpToMaximumCountWithFixedSleep(maxRetries=15, sleepTime=1000 MILLISECONDS)
2023-03-09 15:01:20,386 [Listener at 127.0.0.1/46001] INFO  ozone.MiniOzoneClusterImpl (MiniOzoneClusterImpl.java:lambda$waitForClusterToBeReady$0(218)) - Nodes are ready. Got 3 of 3 DN Heartbeats.
2023-03-09 15:01:20,386 [Listener at 127.0.0.1/46001] INFO  ozone.MiniOzoneClusterImpl (MiniOzoneClusterImpl.java:lambda$waitForClusterToBeReady$0(221)) - Waiting for cluster to exit safe mode
2023-03-09 15:01:20,387 [Listener at 127.0.0.1/46001] INFO  ozone.MiniOzoneClusterImpl (MiniOzoneClusterImpl.java:lambda$waitForClusterToBeReady$0(223)) - SCM became leader
2023-03-09 15:01:20,838 [EndpointStateMachine task thread for /127.0.0.1:43747 - 0 ] INFO  ipc.Client (Client.java:handleConnectionFailure(1010)) - Retrying connect to server: localhost/127.0.0.1:43747. Already tried 14 time(s); retry policy is RetryUpToMaximumCountWithFixedSleep(maxRetries=15, sleepTime=1000 MILLISECONDS)
2023-03-09 15:01:20,838 [EndpointStateMachine task thread for /127.0.0.1:36681 - 0 ] INFO  ipc.Client (Client.java:handleConnectionFailure(1010)) - Retrying connect to server: localhost/127.0.0.1:36681. Already tried 5 time(s); retry policy is RetryUpToMaximumCountWithFixedSleep(maxRetries=15, sleepTime=1000 MILLISECONDS)
2023-03-09 15:01:21,387 [Listener at 127.0.0.1/46001] INFO  ozone.MiniOzoneClusterImpl (MiniOzoneClusterImpl.java:lambda$waitForClusterToBeReady$0(218)) - Nodes are ready. Got 3 of 3 DN Heartbeats.
2023-03-09 15:01:21,387 [Listener at 127.0.0.1/46001] INFO  ozone.MiniOzoneClusterImpl (MiniOzoneClusterImpl.java:lambda$waitForClusterToBeReady$0(221)) - Waiting for cluster to exit safe mode
2023-03-09 15:01:21,387 [Listener at 127.0.0.1/46001] INFO  ozone.MiniOzoneClusterImpl (MiniOzoneClusterImpl.java:lambda$waitForClusterToBeReady$0(223)) - SCM became leader
2023-03-09 15:01:21,678 [d83d04e7-4e51-47d3-8b78-fb93e7279122@group-C73BCED0AA33-FollowerState] INFO  impl.FollowerState (FollowerState.java:run(143)) - d83d04e7-4e51-47d3-8b78-fb93e7279122@group-C73BCED0AA33-FollowerState: change to CANDIDATE, lastRpcElapsedTime:5031657322ns, electionTimeout:5031ms
2023-03-09 15:01:21,678 [d83d04e7-4e51-47d3-8b78-fb93e7279122@group-C73BCED0AA33-FollowerState] INFO  impl.RoleInfo (RoleInfo.java:shutdownFollowerState(110)) - d83d04e7-4e51-47d3-8b78-fb93e7279122: shutdown d83d04e7-4e51-47d3-8b78-fb93e7279122@group-C73BCED0AA33-FollowerState
2023-03-09 15:01:21,678 [d83d04e7-4e51-47d3-8b78-fb93e7279122@group-C73BCED0AA33-FollowerState] INFO  server.RaftServer$Division (RaftServerImpl.java:setRole(321)) - d83d04e7-4e51-47d3-8b78-fb93e7279122@group-C73BCED0AA33: changes role from  FOLLOWER to CANDIDATE at term 0 for changeToCandidate
2023-03-09 15:01:21,679 [d83d04e7-4e51-47d3-8b78-fb93e7279122@group-C73BCED0AA33-FollowerState] INFO  server.RaftServerConfigKeys (ConfUtils.java:logGet(46)) - raft.server.leaderelection.pre-vote = true (default)
2023-03-09 15:01:21,679 [d83d04e7-4e51-47d3-8b78-fb93e7279122@group-C73BCED0AA33-FollowerState] INFO  impl.RoleInfo (RoleInfo.java:updateAndGet(139)) - d83d04e7-4e51-47d3-8b78-fb93e7279122: start d83d04e7-4e51-47d3-8b78-fb93e7279122@group-C73BCED0AA33-LeaderElection46
2023-03-09 15:01:21,682 [d83d04e7-4e51-47d3-8b78-fb93e7279122@group-C73BCED0AA33-LeaderElection46] INFO  impl.LeaderElection (LeaderElection.java:askForVotes(312)) - d83d04e7-4e51-47d3-8b78-fb93e7279122@group-C73BCED0AA33-LeaderElection46 PRE_VOTE round 0: submit vote requests at term 0 for -1: peers:[b8851da8-2889-47c2-8cdf-bbb0cc701685|rpc:127.0.0.1:44005|dataStream:127.0.0.1:45751|priority:0|startupRole:FOLLOWER, d83d04e7-4e51-47d3-8b78-fb93e7279122|rpc:127.0.0.1:42489|dataStream:127.0.0.1:46041|priority:0|startupRole:FOLLOWER, bbaee90d-c4b2-4cc7-a980-1e6be073f94e|rpc:127.0.0.1:38465|dataStream:127.0.0.1:46541|priority:1|startupRole:FOLLOWER]|listeners:[], old=null
2023-03-09 15:01:21,683 [d83d04e7-4e51-47d3-8b78-fb93e7279122@group-C73BCED0AA33-LeaderElection46] INFO  server.RaftServerConfigKeys (ConfUtils.java:logFallback(53)) - raft.server.rpc.first-election.timeout.min = 5s (fallback to raft.server.rpc.timeout.min)
2023-03-09 15:01:21,683 [d83d04e7-4e51-47d3-8b78-fb93e7279122@group-C73BCED0AA33-LeaderElection46] INFO  server.RaftServerConfigKeys (ConfUtils.java:logFallback(53)) - raft.server.rpc.first-election.timeout.max = 5200ms (fallback to raft.server.rpc.timeout.max)
2023-03-09 15:01:21,683 [d83d04e7-4e51-47d3-8b78-fb93e7279122@group-C73BCED0AA33-LeaderElection46-1] INFO  server.GrpcServerProtocolClient (GrpcServerProtocolClient.java:<init>(63)) - Build channel for b8851da8-2889-47c2-8cdf-bbb0cc701685
2023-03-09 15:01:21,683 [d83d04e7-4e51-47d3-8b78-fb93e7279122@group-C73BCED0AA33-LeaderElection46-2] INFO  server.GrpcServerProtocolClient (GrpcServerProtocolClient.java:<init>(63)) - Build channel for bbaee90d-c4b2-4cc7-a980-1e6be073f94e
2023-03-09 15:01:21,695 [grpc-default-executor-12] INFO  server.RaftServer$Division (RaftServerImpl.java:requestVote(1218)) - bbaee90d-c4b2-4cc7-a980-1e6be073f94e@group-C73BCED0AA33: receive requestVote(PRE_VOTE, d83d04e7-4e51-47d3-8b78-fb93e7279122, group-C73BCED0AA33, 0, (t:0, i:0))
2023-03-09 15:01:21,695 [grpc-default-executor-12] INFO  impl.VoteContext (VoteContext.java:log(49)) - bbaee90d-c4b2-4cc7-a980-1e6be073f94e@group-C73BCED0AA33-FOLLOWER: reject PRE_VOTE from d83d04e7-4e51-47d3-8b78-fb93e7279122: our priority 1 > candidate's priority 0
2023-03-09 15:01:21,695 [grpc-default-executor-12] INFO  server.RaftServer$Division (RaftServerImpl.java:requestVote(1251)) - bbaee90d-c4b2-4cc7-a980-1e6be073f94e@group-C73BCED0AA33 replies to PRE_VOTE vote request: d83d04e7-4e51-47d3-8b78-fb93e7279122<-bbaee90d-c4b2-4cc7-a980-1e6be073f94e#0:FAIL-t0. Peer's state: bbaee90d-c4b2-4cc7-a980-1e6be073f94e@group-C73BCED0AA33:t0, leader=null, voted=, raftlog=Memoized:bbaee90d-c4b2-4cc7-a980-1e6be073f94e@group-C73BCED0AA33-SegmentedRaftLog:OPENED:c-1, conf=-1: peers:[b8851da8-2889-47c2-8cdf-bbb0cc701685|rpc:127.0.0.1:44005|dataStream:127.0.0.1:45751|priority:0|startupRole:FOLLOWER, d83d04e7-4e51-47d3-8b78-fb93e7279122|rpc:127.0.0.1:42489|dataStream:127.0.0.1:46041|priority:0|startupRole:FOLLOWER, bbaee90d-c4b2-4cc7-a980-1e6be073f94e|rpc:127.0.0.1:38465|dataStream:127.0.0.1:46541|priority:1|startupRole:FOLLOWER]|listeners:[], old=null
2023-03-09 15:01:21,697 [d83d04e7-4e51-47d3-8b78-fb93e7279122@group-C73BCED0AA33-LeaderElection46] INFO  impl.LeaderElection (LeaderElection.java:logAndReturn(90)) - d83d04e7-4e51-47d3-8b78-fb93e7279122@group-C73BCED0AA33-LeaderElection46: PRE_VOTE REJECTED received 1 response(s) and 0 exception(s):
2023-03-09 15:01:21,697 [d83d04e7-4e51-47d3-8b78-fb93e7279122@group-C73BCED0AA33-LeaderElection46] INFO  impl.LeaderElection (LeaderElection.java:logAndReturn(94)) -   Response 0: d83d04e7-4e51-47d3-8b78-fb93e7279122<-bbaee90d-c4b2-4cc7-a980-1e6be073f94e#0:FAIL-t0
2023-03-09 15:01:21,697 [d83d04e7-4e51-47d3-8b78-fb93e7279122@group-C73BCED0AA33-LeaderElection46] INFO  impl.LeaderElection (LeaderElection.java:askForVotes(314)) - d83d04e7-4e51-47d3-8b78-fb93e7279122@group-C73BCED0AA33-LeaderElection46 PRE_VOTE round 0: result REJECTED
2023-03-09 15:01:21,697 [d83d04e7-4e51-47d3-8b78-fb93e7279122@group-C73BCED0AA33-LeaderElection46] INFO  server.RaftServer$Division (RaftServerImpl.java:setRole(321)) - d83d04e7-4e51-47d3-8b78-fb93e7279122@group-C73BCED0AA33: changes role from CANDIDATE to FOLLOWER at term 0 for REJECTED
2023-03-09 15:01:21,697 [d83d04e7-4e51-47d3-8b78-fb93e7279122@group-C73BCED0AA33-LeaderElection46] INFO  impl.RoleInfo (RoleInfo.java:shutdownLeaderElection(130)) - d83d04e7-4e51-47d3-8b78-fb93e7279122: shutdown d83d04e7-4e51-47d3-8b78-fb93e7279122@group-C73BCED0AA33-LeaderElection46
2023-03-09 15:01:21,697 [d83d04e7-4e51-47d3-8b78-fb93e7279122@group-C73BCED0AA33-LeaderElection46] INFO  impl.RoleInfo (RoleInfo.java:updateAndGet(139)) - d83d04e7-4e51-47d3-8b78-fb93e7279122: start d83d04e7-4e51-47d3-8b78-fb93e7279122@group-C73BCED0AA33-FollowerState
2023-03-09 15:01:21,702 [d83d04e7-4e51-47d3-8b78-fb93e7279122@group-C73BCED0AA33-FollowerState] INFO  server.RaftServerConfigKeys (ConfUtils.java:logFallback(53)) - raft.server.rpc.first-election.timeout.min = 5s (fallback to raft.server.rpc.timeout.min)
2023-03-09 15:01:21,702 [d83d04e7-4e51-47d3-8b78-fb93e7279122@group-C73BCED0AA33-FollowerState] INFO  server.RaftServerConfigKeys (ConfUtils.java:logFallback(53)) - raft.server.rpc.first-election.timeout.max = 5200ms (fallback to raft.server.rpc.timeout.max)
2023-03-09 15:01:21,703 [grpc-default-executor-12] INFO  server.RaftServer$Division (RaftServerImpl.java:requestVote(1218)) - b8851da8-2889-47c2-8cdf-bbb0cc701685@group-C73BCED0AA33: receive requestVote(PRE_VOTE, d83d04e7-4e51-47d3-8b78-fb93e7279122, group-C73BCED0AA33, 0, (t:0, i:0))
2023-03-09 15:01:21,703 [grpc-default-executor-12] INFO  impl.VoteContext (VoteContext.java:log(49)) - b8851da8-2889-47c2-8cdf-bbb0cc701685@group-C73BCED0AA33-FOLLOWER: accept PRE_VOTE from d83d04e7-4e51-47d3-8b78-fb93e7279122: our priority 0 <= candidate's priority 0
2023-03-09 15:01:21,703 [grpc-default-executor-12] INFO  server.RaftServer$Division (RaftServerImpl.java:requestVote(1251)) - b8851da8-2889-47c2-8cdf-bbb0cc701685@group-C73BCED0AA33 replies to PRE_VOTE vote request: d83d04e7-4e51-47d3-8b78-fb93e7279122<-b8851da8-2889-47c2-8cdf-bbb0cc701685#0:OK-t0. Peer's state: b8851da8-2889-47c2-8cdf-bbb0cc701685@group-C73BCED0AA33:t0, leader=null, voted=, raftlog=Memoized:b8851da8-2889-47c2-8cdf-bbb0cc701685@group-C73BCED0AA33-SegmentedRaftLog:OPENED:c-1, conf=-1: peers:[b8851da8-2889-47c2-8cdf-bbb0cc701685|rpc:127.0.0.1:44005|dataStream:127.0.0.1:45751|priority:0|startupRole:FOLLOWER, d83d04e7-4e51-47d3-8b78-fb93e7279122|rpc:127.0.0.1:42489|dataStream:127.0.0.1:46041|priority:0|startupRole:FOLLOWER, bbaee90d-c4b2-4cc7-a980-1e6be073f94e|rpc:127.0.0.1:38465|dataStream:127.0.0.1:46541|priority:1|startupRole:FOLLOWER]|listeners:[], old=null
2023-03-09 15:01:21,751 [bbaee90d-c4b2-4cc7-a980-1e6be073f94e@group-C73BCED0AA33-FollowerState] INFO  impl.FollowerState (FollowerState.java:run(143)) - bbaee90d-c4b2-4cc7-a980-1e6be073f94e@group-C73BCED0AA33-FollowerState: change to CANDIDATE, lastRpcElapsedTime:5025634398ns, electionTimeout:5024ms
2023-03-09 15:01:21,751 [bbaee90d-c4b2-4cc7-a980-1e6be073f94e@group-C73BCED0AA33-FollowerState] INFO  impl.RoleInfo (RoleInfo.java:shutdownFollowerState(110)) - bbaee90d-c4b2-4cc7-a980-1e6be073f94e: shutdown bbaee90d-c4b2-4cc7-a980-1e6be073f94e@group-C73BCED0AA33-FollowerState
2023-03-09 15:01:21,751 [bbaee90d-c4b2-4cc7-a980-1e6be073f94e@group-C73BCED0AA33-FollowerState] INFO  server.RaftServer$Division (RaftServerImpl.java:setRole(321)) - bbaee90d-c4b2-4cc7-a980-1e6be073f94e@group-C73BCED0AA33: changes role from  FOLLOWER to CANDIDATE at term 0 for changeToCandidate
2023-03-09 15:01:21,751 [bbaee90d-c4b2-4cc7-a980-1e6be073f94e@group-C73BCED0AA33-FollowerState] INFO  server.RaftServerConfigKeys (ConfUtils.java:logGet(46)) - raft.server.leaderelection.pre-vote = true (default)
2023-03-09 15:01:21,751 [bbaee90d-c4b2-4cc7-a980-1e6be073f94e@group-C73BCED0AA33-FollowerState] INFO  impl.RoleInfo (RoleInfo.java:updateAndGet(139)) - bbaee90d-c4b2-4cc7-a980-1e6be073f94e: start bbaee90d-c4b2-4cc7-a980-1e6be073f94e@group-C73BCED0AA33-LeaderElection47
2023-03-09 15:01:21,753 [bbaee90d-c4b2-4cc7-a980-1e6be073f94e@group-C73BCED0AA33-LeaderElection47] INFO  impl.LeaderElection (LeaderElection.java:askForVotes(312)) - bbaee90d-c4b2-4cc7-a980-1e6be073f94e@group-C73BCED0AA33-LeaderElection47 PRE_VOTE round 0: submit vote requests at term 0 for -1: peers:[b8851da8-2889-47c2-8cdf-bbb0cc701685|rpc:127.0.0.1:44005|dataStream:127.0.0.1:45751|priority:0|startupRole:FOLLOWER, d83d04e7-4e51-47d3-8b78-fb93e7279122|rpc:127.0.0.1:42489|dataStream:127.0.0.1:46041|priority:0|startupRole:FOLLOWER, bbaee90d-c4b2-4cc7-a980-1e6be073f94e|rpc:127.0.0.1:38465|dataStream:127.0.0.1:46541|priority:1|startupRole:FOLLOWER]|listeners:[], old=null
2023-03-09 15:01:21,754 [bbaee90d-c4b2-4cc7-a980-1e6be073f94e@group-C73BCED0AA33-LeaderElection47-1] INFO  server.GrpcServerProtocolClient (GrpcServerProtocolClient.java:<init>(63)) - Build channel for b8851da8-2889-47c2-8cdf-bbb0cc701685
2023-03-09 15:01:21,756 [bbaee90d-c4b2-4cc7-a980-1e6be073f94e@group-C73BCED0AA33-LeaderElection47] INFO  server.RaftServerConfigKeys (ConfUtils.java:logFallback(53)) - raft.server.rpc.first-election.timeout.min = 5s (fallback to raft.server.rpc.timeout.min)
2023-03-09 15:01:21,756 [bbaee90d-c4b2-4cc7-a980-1e6be073f94e@group-C73BCED0AA33-LeaderElection47] INFO  server.RaftServerConfigKeys (ConfUtils.java:logFallback(53)) - raft.server.rpc.first-election.timeout.max = 5200ms (fallback to raft.server.rpc.timeout.max)
2023-03-09 15:01:21,756 [bbaee90d-c4b2-4cc7-a980-1e6be073f94e@group-C73BCED0AA33-LeaderElection47-2] INFO  server.GrpcServerProtocolClient (GrpcServerProtocolClient.java:<init>(63)) - Build channel for d83d04e7-4e51-47d3-8b78-fb93e7279122
2023-03-09 15:01:21,761 [d83d04e7-4e51-47d3-8b78-fb93e7279122@group-A8E19FE298E0-FollowerState] INFO  impl.FollowerState (FollowerState.java:run(143)) - d83d04e7-4e51-47d3-8b78-fb93e7279122@group-A8E19FE298E0-FollowerState: change to CANDIDATE, lastRpcElapsedTime:5139454283ns, electionTimeout:5133ms
2023-03-09 15:01:21,761 [d83d04e7-4e51-47d3-8b78-fb93e7279122@group-A8E19FE298E0-FollowerState] INFO  impl.RoleInfo (RoleInfo.java:shutdownFollowerState(110)) - d83d04e7-4e51-47d3-8b78-fb93e7279122: shutdown d83d04e7-4e51-47d3-8b78-fb93e7279122@group-A8E19FE298E0-FollowerState
2023-03-09 15:01:21,761 [d83d04e7-4e51-47d3-8b78-fb93e7279122@group-A8E19FE298E0-FollowerState] INFO  server.RaftServer$Division (RaftServerImpl.java:setRole(321)) - d83d04e7-4e51-47d3-8b78-fb93e7279122@group-A8E19FE298E0: changes role from  FOLLOWER to CANDIDATE at term 0 for changeToCandidate
2023-03-09 15:01:21,762 [d83d04e7-4e51-47d3-8b78-fb93e7279122@group-A8E19FE298E0-FollowerState] INFO  server.RaftServerConfigKeys (ConfUtils.java:logGet(46)) - raft.server.leaderelection.pre-vote = true (default)
2023-03-09 15:01:21,762 [d83d04e7-4e51-47d3-8b78-fb93e7279122@group-A8E19FE298E0-FollowerState] INFO  impl.RoleInfo (RoleInfo.java:updateAndGet(139)) - d83d04e7-4e51-47d3-8b78-fb93e7279122: start d83d04e7-4e51-47d3-8b78-fb93e7279122@group-A8E19FE298E0-LeaderElection48
2023-03-09 15:01:21,773 [d83d04e7-4e51-47d3-8b78-fb93e7279122@group-A8E19FE298E0-LeaderElection48] INFO  impl.LeaderElection (LeaderElection.java:askForVotes(312)) - d83d04e7-4e51-47d3-8b78-fb93e7279122@group-A8E19FE298E0-LeaderElection48 PRE_VOTE round 0: submit vote requests at term 0 for -1: peers:[d83d04e7-4e51-47d3-8b78-fb93e7279122|rpc:127.0.0.1:42489|dataStream:127.0.0.1:46041|priority:1|startupRole:FOLLOWER]|listeners:[], old=null
2023-03-09 15:01:21,774 [d83d04e7-4e51-47d3-8b78-fb93e7279122@group-A8E19FE298E0-LeaderElection48] INFO  impl.LeaderElection (LeaderElection.java:askForVotes(314)) - d83d04e7-4e51-47d3-8b78-fb93e7279122@group-A8E19FE298E0-LeaderElection48 PRE_VOTE round 0: result PASSED (term=0)
2023-03-09 15:01:21,774 [grpc-default-executor-12] INFO  server.RaftServer$Division (RaftServerImpl.java:requestVote(1218)) - d83d04e7-4e51-47d3-8b78-fb93e7279122@group-C73BCED0AA33: receive requestVote(PRE_VOTE, bbaee90d-c4b2-4cc7-a980-1e6be073f94e, group-C73BCED0AA33, 0, (t:0, i:0))
2023-03-09 15:01:21,774 [grpc-default-executor-12] INFO  impl.VoteContext (VoteContext.java:log(49)) - d83d04e7-4e51-47d3-8b78-fb93e7279122@group-C73BCED0AA33-FOLLOWER: accept PRE_VOTE from bbaee90d-c4b2-4cc7-a980-1e6be073f94e: our priority 0 <= candidate's priority 1
2023-03-09 15:01:21,774 [grpc-default-executor-12] INFO  server.RaftServer$Division (RaftServerImpl.java:requestVote(1251)) - d83d04e7-4e51-47d3-8b78-fb93e7279122@group-C73BCED0AA33 replies to PRE_VOTE vote request: bbaee90d-c4b2-4cc7-a980-1e6be073f94e<-d83d04e7-4e51-47d3-8b78-fb93e7279122#0:OK-t0. Peer's state: d83d04e7-4e51-47d3-8b78-fb93e7279122@group-C73BCED0AA33:t0, leader=null, voted=, raftlog=Memoized:d83d04e7-4e51-47d3-8b78-fb93e7279122@group-C73BCED0AA33-SegmentedRaftLog:OPENED:c-1, conf=-1: peers:[b8851da8-2889-47c2-8cdf-bbb0cc701685|rpc:127.0.0.1:44005|dataStream:127.0.0.1:45751|priority:0|startupRole:FOLLOWER, d83d04e7-4e51-47d3-8b78-fb93e7279122|rpc:127.0.0.1:42489|dataStream:127.0.0.1:46041|priority:0|startupRole:FOLLOWER, bbaee90d-c4b2-4cc7-a980-1e6be073f94e|rpc:127.0.0.1:38465|dataStream:127.0.0.1:46541|priority:1|startupRole:FOLLOWER]|listeners:[], old=null
2023-03-09 15:01:21,777 [grpc-default-executor-12] INFO  server.RaftServer$Division (RaftServerImpl.java:requestVote(1218)) - b8851da8-2889-47c2-8cdf-bbb0cc701685@group-C73BCED0AA33: receive requestVote(PRE_VOTE, bbaee90d-c4b2-4cc7-a980-1e6be073f94e, group-C73BCED0AA33, 0, (t:0, i:0))
2023-03-09 15:01:21,777 [grpc-default-executor-12] INFO  impl.VoteContext (VoteContext.java:log(49)) - b8851da8-2889-47c2-8cdf-bbb0cc701685@group-C73BCED0AA33-FOLLOWER: accept PRE_VOTE from bbaee90d-c4b2-4cc7-a980-1e6be073f94e: our priority 0 <= candidate's priority 1
2023-03-09 15:01:21,777 [grpc-default-executor-12] INFO  server.RaftServer$Division (RaftServerImpl.java:requestVote(1251)) - b8851da8-2889-47c2-8cdf-bbb0cc701685@group-C73BCED0AA33 replies to PRE_VOTE vote request: bbaee90d-c4b2-4cc7-a980-1e6be073f94e<-b8851da8-2889-47c2-8cdf-bbb0cc701685#0:OK-t0. Peer's state: b8851da8-2889-47c2-8cdf-bbb0cc701685@group-C73BCED0AA33:t0, leader=null, voted=, raftlog=Memoized:b8851da8-2889-47c2-8cdf-bbb0cc701685@group-C73BCED0AA33-SegmentedRaftLog:OPENED:c-1, conf=-1: peers:[b8851da8-2889-47c2-8cdf-bbb0cc701685|rpc:127.0.0.1:44005|dataStream:127.0.0.1:45751|priority:0|startupRole:FOLLOWER, d83d04e7-4e51-47d3-8b78-fb93e7279122|rpc:127.0.0.1:42489|dataStream:127.0.0.1:46041|priority:0|startupRole:FOLLOWER, bbaee90d-c4b2-4cc7-a980-1e6be073f94e|rpc:127.0.0.1:38465|dataStream:127.0.0.1:46541|priority:1|startupRole:FOLLOWER]|listeners:[], old=null
2023-03-09 15:01:21,778 [d83d04e7-4e51-47d3-8b78-fb93e7279122@group-A8E19FE298E0-LeaderElection48] INFO  impl.LeaderElection (LeaderElection.java:askForVotes(312)) - d83d04e7-4e51-47d3-8b78-fb93e7279122@group-A8E19FE298E0-LeaderElection48 ELECTION round 0: submit vote requests at term 1 for -1: peers:[d83d04e7-4e51-47d3-8b78-fb93e7279122|rpc:127.0.0.1:42489|dataStream:127.0.0.1:46041|priority:1|startupRole:FOLLOWER]|listeners:[], old=null
2023-03-09 15:01:21,778 [d83d04e7-4e51-47d3-8b78-fb93e7279122@group-A8E19FE298E0-LeaderElection48] INFO  impl.LeaderElection (LeaderElection.java:askForVotes(314)) - d83d04e7-4e51-47d3-8b78-fb93e7279122@group-A8E19FE298E0-LeaderElection48 ELECTION round 0: result PASSED (term=1)
2023-03-09 15:01:21,778 [d83d04e7-4e51-47d3-8b78-fb93e7279122@group-A8E19FE298E0-LeaderElection48] INFO  impl.RoleInfo (RoleInfo.java:shutdownLeaderElection(130)) - d83d04e7-4e51-47d3-8b78-fb93e7279122: shutdown d83d04e7-4e51-47d3-8b78-fb93e7279122@group-A8E19FE298E0-LeaderElection48
2023-03-09 15:01:21,779 [bbaee90d-c4b2-4cc7-a980-1e6be073f94e@group-C73BCED0AA33-LeaderElection47] INFO  impl.LeaderElection (LeaderElection.java:logAndReturn(90)) - bbaee90d-c4b2-4cc7-a980-1e6be073f94e@group-C73BCED0AA33-LeaderElection47: PRE_VOTE PASSED received 1 response(s) and 0 exception(s):
2023-03-09 15:01:21,779 [bbaee90d-c4b2-4cc7-a980-1e6be073f94e@group-C73BCED0AA33-LeaderElection47] INFO  impl.LeaderElection (LeaderElection.java:logAndReturn(94)) -   Response 0: bbaee90d-c4b2-4cc7-a980-1e6be073f94e<-b8851da8-2889-47c2-8cdf-bbb0cc701685#0:OK-t0
2023-03-09 15:01:21,779 [bbaee90d-c4b2-4cc7-a980-1e6be073f94e@group-C73BCED0AA33-LeaderElection47] INFO  impl.LeaderElection (LeaderElection.java:askForVotes(314)) - bbaee90d-c4b2-4cc7-a980-1e6be073f94e@group-C73BCED0AA33-LeaderElection47 PRE_VOTE round 0: result PASSED
2023-03-09 15:01:21,779 [d83d04e7-4e51-47d3-8b78-fb93e7279122@group-A8E19FE298E0-LeaderElection48] INFO  server.RaftServer$Division (RaftServerImpl.java:setRole(321)) - d83d04e7-4e51-47d3-8b78-fb93e7279122@group-A8E19FE298E0: changes role from CANDIDATE to LEADER at term 1 for changeToLeader
2023-03-09 15:01:21,780 [d83d04e7-4e51-47d3-8b78-fb93e7279122@group-A8E19FE298E0-LeaderElection48] INFO  ratis.XceiverServerRatis (XceiverServerRatis.java:handleLeaderChangedNotification(905)) - Leader change notification received for group: group-A8E19FE298E0 with new leaderId: d83d04e7-4e51-47d3-8b78-fb93e7279122
2023-03-09 15:01:21,780 [d83d04e7-4e51-47d3-8b78-fb93e7279122@group-A8E19FE298E0-LeaderElection48] INFO  server.RaftServer$Division (ServerState.java:setLeader(313)) - d83d04e7-4e51-47d3-8b78-fb93e7279122@group-A8E19FE298E0: change Leader from null to d83d04e7-4e51-47d3-8b78-fb93e7279122 at term 1 for becomeLeader, leader elected after 5175ms
2023-03-09 15:01:21,780 [d83d04e7-4e51-47d3-8b78-fb93e7279122@group-A8E19FE298E0-LeaderElection48] INFO  server.RaftServerConfigKeys (ConfUtils.java:logGet(46)) - raft.server.staging.catchup.gap = 1000 (default)
2023-03-09 15:01:21,780 [d83d04e7-4e51-47d3-8b78-fb93e7279122@group-A8E19FE298E0-LeaderElection48] INFO  server.RaftServerConfigKeys (ConfUtils.java:logGet(46)) - raft.server.write.element-limit = 1024 (custom)
2023-03-09 15:01:21,780 [d83d04e7-4e51-47d3-8b78-fb93e7279122@group-A8E19FE298E0-LeaderElection48] INFO  server.RaftServerConfigKeys (ConfUtils.java:logGet(46)) - raft.server.write.byte-limit = 1024 M (=1073741824) (custom)
2023-03-09 15:01:21,781 [d83d04e7-4e51-47d3-8b78-fb93e7279122@group-A8E19FE298E0-LeaderElection48] INFO  server.RaftServerConfigKeys (ConfUtils.java:logGet(46)) - raft.server.watch.timeout = 180s (custom)
2023-03-09 15:01:21,781 [d83d04e7-4e51-47d3-8b78-fb93e7279122@group-A8E19FE298E0-LeaderElection48] INFO  server.RaftServerConfigKeys (ConfUtils.java:logGet(46)) - raft.server.watch.timeout.denomination = 1s (default)
2023-03-09 15:01:21,781 [d83d04e7-4e51-47d3-8b78-fb93e7279122@group-A8E19FE298E0-LeaderElection48] INFO  server.RaftServerConfigKeys (ConfUtils.java:logGet(46)) - raft.server.watch.element-limit = 65536 (default)
2023-03-09 15:01:21,781 [d83d04e7-4e51-47d3-8b78-fb93e7279122@group-A8E19FE298E0-LeaderElection48] INFO  server.RaftServerConfigKeys (ConfUtils.java:logGet(46)) - raft.server.write.element-limit = 1024 (custom)
2023-03-09 15:01:21,781 [d83d04e7-4e51-47d3-8b78-fb93e7279122@group-A8E19FE298E0-LeaderElection48] INFO  server.RaftServerConfigKeys (ConfUtils.java:logGet(46)) - raft.server.write.follower.gap.ratio.max = -1.0 (default)
2023-03-09 15:01:21,782 [d83d04e7-4e51-47d3-8b78-fb93e7279122@group-A8E19FE298E0-LeaderElection48] INFO  impl.RoleInfo (RoleInfo.java:updateAndGet(139)) - d83d04e7-4e51-47d3-8b78-fb93e7279122: start d83d04e7-4e51-47d3-8b78-fb93e7279122@group-A8E19FE298E0-LeaderStateImpl
2023-03-09 15:01:21,782 [d83d04e7-4e51-47d3-8b78-fb93e7279122@group-A8E19FE298E0-LeaderElection48] INFO  segmented.SegmentedRaftLogWorker (SegmentedRaftLogWorker.java:startLogSegment(452)) - d83d04e7-4e51-47d3-8b78-fb93e7279122@group-A8E19FE298E0-SegmentedRaftLogWorker: Starting segment from index:0
2023-03-09 15:01:21,781 [EventQueue-OpenPipelineForHealthyPipelineSafeModeRule] INFO  safemode.SCMSafeModeManager (HealthyPipelineSafeModeRule.java:process(137)) - SCM in safe mode. Healthy pipelines reported count is 0, required healthy pipeline reported count is 1
2023-03-09 15:01:21,783 [bbaee90d-c4b2-4cc7-a980-1e6be073f94e@group-C73BCED0AA33-LeaderElection47] INFO  impl.LeaderElection (LeaderElection.java:askForVotes(312)) - bbaee90d-c4b2-4cc7-a980-1e6be073f94e@group-C73BCED0AA33-LeaderElection47 ELECTION round 0: submit vote requests at term 1 for -1: peers:[b8851da8-2889-47c2-8cdf-bbb0cc701685|rpc:127.0.0.1:44005|dataStream:127.0.0.1:45751|priority:0|startupRole:FOLLOWER, d83d04e7-4e51-47d3-8b78-fb93e7279122|rpc:127.0.0.1:42489|dataStream:127.0.0.1:46041|priority:0|startupRole:FOLLOWER, bbaee90d-c4b2-4cc7-a980-1e6be073f94e|rpc:127.0.0.1:38465|dataStream:127.0.0.1:46541|priority:1|startupRole:FOLLOWER]|listeners:[], old=null
2023-03-09 15:01:21,783 [d83d04e7-4e51-47d3-8b78-fb93e7279122@group-A8E19FE298E0-SegmentedRaftLogWorker] INFO  segmented.SegmentedRaftLogWorker (SegmentedRaftLogWorker.java:execute(656)) - d83d04e7-4e51-47d3-8b78-fb93e7279122@group-A8E19FE298E0-SegmentedRaftLogWorker: created new log segment /home/runner/work/ozone/ozone/hadoop-ozone/integration-test/target/test-dir/MiniOzoneClusterImpl-254978b8-4a66-4b6a-8773-30bebe5cbf00/datanode-0/data/ratis/85f6ed58-b2c2-4a63-9420-a8e19fe298e0/current/log_inprogress_0
2023-03-09 15:01:21,789 [d83d04e7-4e51-47d3-8b78-fb93e7279122@group-A8E19FE298E0-LeaderElection48] INFO  server.RaftServer$Division (ServerState.java:setRaftConf(430)) - d83d04e7-4e51-47d3-8b78-fb93e7279122@group-A8E19FE298E0: set configuration 0: peers:[d83d04e7-4e51-47d3-8b78-fb93e7279122|rpc:127.0.0.1:42489|dataStream:127.0.0.1:46041|priority:1|startupRole:FOLLOWER]|listeners:[], old=null
2023-03-09 15:01:21,789 [grpc-default-executor-12] INFO  server.RaftServer$Division (RaftServerImpl.java:requestVote(1218)) - b8851da8-2889-47c2-8cdf-bbb0cc701685@group-C73BCED0AA33: receive requestVote(ELECTION, bbaee90d-c4b2-4cc7-a980-1e6be073f94e, group-C73BCED0AA33, 1, (t:0, i:0))
2023-03-09 15:01:21,789 [grpc-default-executor-12] INFO  impl.VoteContext (VoteContext.java:log(49)) - b8851da8-2889-47c2-8cdf-bbb0cc701685@group-C73BCED0AA33-FOLLOWER: accept ELECTION from bbaee90d-c4b2-4cc7-a980-1e6be073f94e: our priority 0 <= candidate's priority 1
2023-03-09 15:01:21,789 [grpc-default-executor-12] INFO  server.RaftServer$Division (RaftServerImpl.java:setRole(321)) - b8851da8-2889-47c2-8cdf-bbb0cc701685@group-C73BCED0AA33: changes role from  FOLLOWER to FOLLOWER at term 1 for candidate:bbaee90d-c4b2-4cc7-a980-1e6be073f94e
2023-03-09 15:01:21,789 [grpc-default-executor-12] INFO  impl.RoleInfo (RoleInfo.java:shutdownFollowerState(110)) - b8851da8-2889-47c2-8cdf-bbb0cc701685: shutdown b8851da8-2889-47c2-8cdf-bbb0cc701685@group-C73BCED0AA33-FollowerState
2023-03-09 15:01:21,789 [bbaee90d-c4b2-4cc7-a980-1e6be073f94e@group-C73BCED0AA33-LeaderElection47] INFO  server.RaftServerConfigKeys (ConfUtils.java:logFallback(53)) - raft.server.rpc.first-election.timeout.min = 5s (fallback to raft.server.rpc.timeout.min)
2023-03-09 15:01:21,789 [bbaee90d-c4b2-4cc7-a980-1e6be073f94e@group-C73BCED0AA33-LeaderElection47] INFO  server.RaftServerConfigKeys (ConfUtils.java:logFallback(53)) - raft.server.rpc.first-election.timeout.max = 5200ms (fallback to raft.server.rpc.timeout.max)
2023-03-09 15:01:21,794 [grpc-default-executor-12] INFO  impl.RoleInfo (RoleInfo.java:updateAndGet(139)) - b8851da8-2889-47c2-8cdf-bbb0cc701685: start b8851da8-2889-47c2-8cdf-bbb0cc701685@group-C73BCED0AA33-FollowerState
2023-03-09 15:01:21,795 [b8851da8-2889-47c2-8cdf-bbb0cc701685@group-C73BCED0AA33-FollowerState] INFO  server.RaftServerConfigKeys (ConfUtils.java:logFallback(53)) - raft.server.rpc.first-election.timeout.min = 5s (fallback to raft.server.rpc.timeout.min)
2023-03-09 15:01:21,795 [b8851da8-2889-47c2-8cdf-bbb0cc701685@group-C73BCED0AA33-FollowerState] INFO  server.RaftServerConfigKeys (ConfUtils.java:logFallback(53)) - raft.server.rpc.first-election.timeout.max = 5200ms (fallback to raft.server.rpc.timeout.max)
2023-03-09 15:01:21,796 [b8851da8-2889-47c2-8cdf-bbb0cc701685@group-C73BCED0AA33-FollowerState] INFO  impl.FollowerState (FollowerState.java:run(152)) - b8851da8-2889-47c2-8cdf-bbb0cc701685@group-C73BCED0AA33-FollowerState was interrupted
2023-03-09 15:01:21,798 [grpc-default-executor-9] INFO  server.RaftServer$Division (RaftServerImpl.java:requestVote(1218)) - d83d04e7-4e51-47d3-8b78-fb93e7279122@group-C73BCED0AA33: receive requestVote(ELECTION, bbaee90d-c4b2-4cc7-a980-1e6be073f94e, group-C73BCED0AA33, 1, (t:0, i:0))
2023-03-09 15:01:21,798 [grpc-default-executor-12] INFO  server.RaftServer$Division (RaftServerImpl.java:requestVote(1251)) - b8851da8-2889-47c2-8cdf-bbb0cc701685@group-C73BCED0AA33 replies to ELECTION vote request: bbaee90d-c4b2-4cc7-a980-1e6be073f94e<-b8851da8-2889-47c2-8cdf-bbb0cc701685#0:OK-t1. Peer's state: b8851da8-2889-47c2-8cdf-bbb0cc701685@group-C73BCED0AA33:t1, leader=null, voted=bbaee90d-c4b2-4cc7-a980-1e6be073f94e, raftlog=Memoized:b8851da8-2889-47c2-8cdf-bbb0cc701685@group-C73BCED0AA33-SegmentedRaftLog:OPENED:c-1, conf=-1: peers:[b8851da8-2889-47c2-8cdf-bbb0cc701685|rpc:127.0.0.1:44005|dataStream:127.0.0.1:45751|priority:0|startupRole:FOLLOWER, d83d04e7-4e51-47d3-8b78-fb93e7279122|rpc:127.0.0.1:42489|dataStream:127.0.0.1:46041|priority:0|startupRole:FOLLOWER, bbaee90d-c4b2-4cc7-a980-1e6be073f94e|rpc:127.0.0.1:38465|dataStream:127.0.0.1:46541|priority:1|startupRole:FOLLOWER]|listeners:[], old=null
2023-03-09 15:01:21,798 [grpc-default-executor-9] INFO  impl.VoteContext (VoteContext.java:log(49)) - d83d04e7-4e51-47d3-8b78-fb93e7279122@group-C73BCED0AA33-FOLLOWER: accept ELECTION from bbaee90d-c4b2-4cc7-a980-1e6be073f94e: our priority 0 <= candidate's priority 1
2023-03-09 15:01:21,798 [grpc-default-executor-9] INFO  server.RaftServer$Division (RaftServerImpl.java:setRole(321)) - d83d04e7-4e51-47d3-8b78-fb93e7279122@group-C73BCED0AA33: changes role from  FOLLOWER to FOLLOWER at term 1 for candidate:bbaee90d-c4b2-4cc7-a980-1e6be073f94e
2023-03-09 15:01:21,798 [grpc-default-executor-9] INFO  impl.RoleInfo (RoleInfo.java:shutdownFollowerState(110)) - d83d04e7-4e51-47d3-8b78-fb93e7279122: shutdown d83d04e7-4e51-47d3-8b78-fb93e7279122@group-C73BCED0AA33-FollowerState
2023-03-09 15:01:21,798 [grpc-default-executor-9] INFO  impl.RoleInfo (RoleInfo.java:updateAndGet(139)) - d83d04e7-4e51-47d3-8b78-fb93e7279122: start d83d04e7-4e51-47d3-8b78-fb93e7279122@group-C73BCED0AA33-FollowerState
2023-03-09 15:01:21,798 [d83d04e7-4e51-47d3-8b78-fb93e7279122@group-C73BCED0AA33-FollowerState] INFO  impl.FollowerState (FollowerState.java:run(152)) - d83d04e7-4e51-47d3-8b78-fb93e7279122@group-C73BCED0AA33-FollowerState was interrupted
2023-03-09 15:01:21,804 [grpc-default-executor-9] INFO  server.RaftServer$Division (RaftServerImpl.java:requestVote(1251)) - d83d04e7-4e51-47d3-8b78-fb93e7279122@group-C73BCED0AA33 replies to ELECTION vote request: bbaee90d-c4b2-4cc7-a980-1e6be073f94e<-d83d04e7-4e51-47d3-8b78-fb93e7279122#0:OK-t1. Peer's state: d83d04e7-4e51-47d3-8b78-fb93e7279122@group-C73BCED0AA33:t1, leader=null, voted=bbaee90d-c4b2-4cc7-a980-1e6be073f94e, raftlog=Memoized:d83d04e7-4e51-47d3-8b78-fb93e7279122@group-C73BCED0AA33-SegmentedRaftLog:OPENED:c-1, conf=-1: peers:[b8851da8-2889-47c2-8cdf-bbb0cc701685|rpc:127.0.0.1:44005|dataStream:127.0.0.1:45751|priority:0|startupRole:FOLLOWER, d83d04e7-4e51-47d3-8b78-fb93e7279122|rpc:127.0.0.1:42489|dataStream:127.0.0.1:46041|priority:0|startupRole:FOLLOWER, bbaee90d-c4b2-4cc7-a980-1e6be073f94e|rpc:127.0.0.1:38465|dataStream:127.0.0.1:46541|priority:1|startupRole:FOLLOWER]|listeners:[], old=null
2023-03-09 15:01:21,805 [d83d04e7-4e51-47d3-8b78-fb93e7279122@group-C73BCED0AA33-FollowerState] INFO  server.RaftServerConfigKeys (ConfUtils.java:logFallback(53)) - raft.server.rpc.first-election.timeout.min = 5s (fallback to raft.server.rpc.timeout.min)
2023-03-09 15:01:21,805 [d83d04e7-4e51-47d3-8b78-fb93e7279122@group-C73BCED0AA33-FollowerState] INFO  server.RaftServerConfigKeys (ConfUtils.java:logFallback(53)) - raft.server.rpc.first-election.timeout.max = 5200ms (fallback to raft.server.rpc.timeout.max)
2023-03-09 15:01:21,805 [bbaee90d-c4b2-4cc7-a980-1e6be073f94e@group-C73BCED0AA33-LeaderElection47] INFO  impl.LeaderElection (LeaderElection.java:logAndReturn(90)) - bbaee90d-c4b2-4cc7-a980-1e6be073f94e@group-C73BCED0AA33-LeaderElection47: ELECTION PASSED received 1 response(s) and 0 exception(s):
2023-03-09 15:01:21,805 [bbaee90d-c4b2-4cc7-a980-1e6be073f94e@group-C73BCED0AA33-LeaderElection47] INFO  impl.LeaderElection (LeaderElection.java:logAndReturn(94)) -   Response 0: bbaee90d-c4b2-4cc7-a980-1e6be073f94e<-b8851da8-2889-47c2-8cdf-bbb0cc701685#0:OK-t1
2023-03-09 15:01:21,805 [bbaee90d-c4b2-4cc7-a980-1e6be073f94e@group-C73BCED0AA33-LeaderElection47] INFO  impl.LeaderElection (LeaderElection.java:askForVotes(314)) - bbaee90d-c4b2-4cc7-a980-1e6be073f94e@group-C73BCED0AA33-LeaderElection47 ELECTION round 0: result PASSED
2023-03-09 15:01:21,805 [bbaee90d-c4b2-4cc7-a980-1e6be073f94e@group-C73BCED0AA33-LeaderElection47] INFO  impl.RoleInfo (RoleInfo.java:shutdownLeaderElection(130)) - bbaee90d-c4b2-4cc7-a980-1e6be073f94e: shutdown bbaee90d-c4b2-4cc7-a980-1e6be073f94e@group-C73BCED0AA33-LeaderElection47
2023-03-09 15:01:21,805 [bbaee90d-c4b2-4cc7-a980-1e6be073f94e@group-C73BCED0AA33-LeaderElection47] INFO  server.RaftServer$Division (RaftServerImpl.java:setRole(321)) - bbaee90d-c4b2-4cc7-a980-1e6be073f94e@group-C73BCED0AA33: changes role from CANDIDATE to LEADER at term 1 for changeToLeader
2023-03-09 15:01:21,805 [bbaee90d-c4b2-4cc7-a980-1e6be073f94e@group-C73BCED0AA33-LeaderElection47] INFO  ratis.XceiverServerRatis (XceiverServerRatis.java:handleLeaderChangedNotification(905)) - Leader change notification received for group: group-C73BCED0AA33 with new leaderId: bbaee90d-c4b2-4cc7-a980-1e6be073f94e
2023-03-09 15:01:21,806 [bbaee90d-c4b2-4cc7-a980-1e6be073f94e@group-C73BCED0AA33-LeaderElection47] INFO  server.RaftServer$Division (ServerState.java:setLeader(313)) - bbaee90d-c4b2-4cc7-a980-1e6be073f94e@group-C73BCED0AA33: change Leader from null to bbaee90d-c4b2-4cc7-a980-1e6be073f94e at term 1 for becomeLeader, leader elected after 5141ms
2023-03-09 15:01:21,806 [bbaee90d-c4b2-4cc7-a980-1e6be073f94e@group-C73BCED0AA33-LeaderElection47] INFO  server.RaftServerConfigKeys (ConfUtils.java:logGet(46)) - raft.server.staging.catchup.gap = 1000 (default)
2023-03-09 15:01:21,806 [bbaee90d-c4b2-4cc7-a980-1e6be073f94e@group-C73BCED0AA33-LeaderElection47] INFO  server.RaftServerConfigKeys (ConfUtils.java:logGet(46)) - raft.server.write.element-limit = 1024 (custom)
2023-03-09 15:01:21,806 [bbaee90d-c4b2-4cc7-a980-1e6be073f94e@group-C73BCED0AA33-LeaderElection47] INFO  server.RaftServerConfigKeys (ConfUtils.java:logGet(46)) - raft.server.write.byte-limit = 1024 M (=1073741824) (custom)
2023-03-09 15:01:21,806 [bbaee90d-c4b2-4cc7-a980-1e6be073f94e@group-C73BCED0AA33-LeaderElection47] INFO  server.RaftServerConfigKeys (ConfUtils.java:logGet(46)) - raft.server.watch.timeout = 180s (custom)
2023-03-09 15:01:21,806 [bbaee90d-c4b2-4cc7-a980-1e6be073f94e@group-C73BCED0AA33-LeaderElection47] INFO  server.RaftServerConfigKeys (ConfUtils.java:logGet(46)) - raft.server.watch.timeout.denomination = 1s (default)
2023-03-09 15:01:21,806 [bbaee90d-c4b2-4cc7-a980-1e6be073f94e@group-C73BCED0AA33-LeaderElection47] INFO  server.RaftServerConfigKeys (ConfUtils.java:logGet(46)) - raft.server.watch.element-limit = 65536 (default)
2023-03-09 15:01:21,806 [bbaee90d-c4b2-4cc7-a980-1e6be073f94e@group-C73BCED0AA33-LeaderElection47] INFO  server.RaftServerConfigKeys (ConfUtils.java:logGet(46)) - raft.server.write.element-limit = 1024 (custom)
2023-03-09 15:01:21,806 [bbaee90d-c4b2-4cc7-a980-1e6be073f94e@group-C73BCED0AA33-LeaderElection47] INFO  server.RaftServerConfigKeys (ConfUtils.java:logGet(46)) - raft.server.write.follower.gap.ratio.max = -1.0 (default)
2023-03-09 15:01:21,807 [bbaee90d-c4b2-4cc7-a980-1e6be073f94e@group-C73BCED0AA33-LeaderElection47] INFO  server.RaftServerConfigKeys (ConfUtils.java:logGet(46)) - raft.server.log.appender.snapshot.chunk.size.max = 16MB (=16777216) (default)
2023-03-09 15:01:21,807 [bbaee90d-c4b2-4cc7-a980-1e6be073f94e@group-C73BCED0AA33-LeaderElection47] INFO  server.RaftServerConfigKeys (ConfUtils.java:logGet(46)) - raft.server.log.appender.buffer.byte-limit = 33554432 (custom)
2023-03-09 15:01:21,807 [bbaee90d-c4b2-4cc7-a980-1e6be073f94e@group-C73BCED0AA33-LeaderElection47] INFO  server.RaftServerConfigKeys (ConfUtils.java:logGet(46)) - raft.server.log.appender.buffer.element-limit = 1 (custom)
2023-03-09 15:01:21,807 [bbaee90d-c4b2-4cc7-a980-1e6be073f94e@group-C73BCED0AA33-LeaderElection47] INFO  grpc.GrpcConfigKeys (ConfUtils.java:logGet(46)) - raft.grpc.server.leader.outstanding.appends.max = 128 (default)
2023-03-09 15:01:21,807 [bbaee90d-c4b2-4cc7-a980-1e6be073f94e@group-C73BCED0AA33-LeaderElection47] INFO  server.RaftServerConfigKeys (ConfUtils.java:logGet(46)) - raft.server.rpc.request.timeout = 60s (custom)
2023-03-09 15:01:21,807 [bbaee90d-c4b2-4cc7-a980-1e6be073f94e@group-C73BCED0AA33-LeaderElection47] INFO  server.RaftServerConfigKeys (ConfUtils.java:logGet(46)) - raft.server.log.appender.install.snapshot.enabled = false (custom)
2023-03-09 15:01:21,808 [bbaee90d-c4b2-4cc7-a980-1e6be073f94e@group-C73BCED0AA33-LeaderElection47] INFO  grpc.GrpcConfigKeys (ConfUtils.java:logGet(46)) - raft.grpc.server.heartbeat.channel = true (default)
2023-03-09 15:01:21,808 [bbaee90d-c4b2-4cc7-a980-1e6be073f94e@group-C73BCED0AA33-LeaderElection47] INFO  server.RaftServerConfigKeys (ConfUtils.java:logGet(46)) - raft.server.log.appender.wait-time.min = 10ms (default)
2023-03-09 15:01:21,808 [bbaee90d-c4b2-4cc7-a980-1e6be073f94e@group-C73BCED0AA33-LeaderElection47] INFO  server.RaftServerConfigKeys (ConfUtils.java:logGet(46)) - raft.server.log.appender.snapshot.chunk.size.max = 16MB (=16777216) (default)
2023-03-09 15:01:21,808 [bbaee90d-c4b2-4cc7-a980-1e6be073f94e@group-C73BCED0AA33-LeaderElection47] INFO  server.RaftServerConfigKeys (ConfUtils.java:logGet(46)) - raft.server.log.appender.buffer.byte-limit = 33554432 (custom)
2023-03-09 15:01:21,808 [bbaee90d-c4b2-4cc7-a980-1e6be073f94e@group-C73BCED0AA33-LeaderElection47] INFO  server.RaftServerConfigKeys (ConfUtils.java:logGet(46)) - raft.server.log.appender.buffer.element-limit = 1 (custom)
2023-03-09 15:01:21,808 [bbaee90d-c4b2-4cc7-a980-1e6be073f94e@group-C73BCED0AA33-LeaderElection47] INFO  grpc.GrpcConfigKeys (ConfUtils.java:logGet(46)) - raft.grpc.server.leader.outstanding.appends.max = 128 (default)
2023-03-09 15:01:21,808 [bbaee90d-c4b2-4cc7-a980-1e6be073f94e@group-C73BCED0AA33-LeaderElection47] INFO  server.RaftServerConfigKeys (ConfUtils.java:logGet(46)) - raft.server.rpc.request.timeout = 60s (custom)
2023-03-09 15:01:21,809 [bbaee90d-c4b2-4cc7-a980-1e6be073f94e@group-C73BCED0AA33-LeaderElection47] INFO  server.RaftServerConfigKeys (ConfUtils.java:logGet(46)) - raft.server.log.appender.install.snapshot.enabled = false (custom)
2023-03-09 15:01:21,809 [bbaee90d-c4b2-4cc7-a980-1e6be073f94e@group-C73BCED0AA33-LeaderElection47] INFO  grpc.GrpcConfigKeys (ConfUtils.java:logGet(46)) - raft.grpc.server.heartbeat.channel = true (default)
2023-03-09 15:01:21,809 [bbaee90d-c4b2-4cc7-a980-1e6be073f94e@group-C73BCED0AA33-LeaderElection47] INFO  server.RaftServerConfigKeys (ConfUtils.java:logGet(46)) - raft.server.log.appender.wait-time.min = 10ms (default)
2023-03-09 15:01:21,809 [bbaee90d-c4b2-4cc7-a980-1e6be073f94e@group-C73BCED0AA33-LeaderElection47] INFO  impl.RoleInfo (RoleInfo.java:updateAndGet(139)) - bbaee90d-c4b2-4cc7-a980-1e6be073f94e: start bbaee90d-c4b2-4cc7-a980-1e6be073f94e@group-C73BCED0AA33-LeaderStateImpl
2023-03-09 15:01:21,809 [bbaee90d-c4b2-4cc7-a980-1e6be073f94e@group-C73BCED0AA33-LeaderElection47] INFO  segmented.SegmentedRaftLogWorker (SegmentedRaftLogWorker.java:startLogSegment(452)) - bbaee90d-c4b2-4cc7-a980-1e6be073f94e@group-C73BCED0AA33-SegmentedRaftLogWorker: Starting segment from index:0
2023-03-09 15:01:21,812 [EventQueue-PipelineReportForPipelineReportHandler] INFO  pipeline.PipelineManagerImpl (PipelineManagerImpl.java:openPipeline(367)) - Pipeline Pipeline[ Id: 6be1a327-d200-4bb3-a02a-c73bced0aa33, Nodes: d83d04e7-4e51-47d3-8b78-fb93e7279122(localhost/127.0.0.1)bbaee90d-c4b2-4cc7-a980-1e6be073f94e(localhost/127.0.0.1)b8851da8-2889-47c2-8cdf-bbb0cc701685(localhost/127.0.0.1), ReplicationConfig: RATIS/THREE, State:ALLOCATED, leaderId:bbaee90d-c4b2-4cc7-a980-1e6be073f94e, CreationTimestamp2023-03-09T15:01:14.401Z[Etc/UTC]] moved to OPEN state
2023-03-09 15:01:21,813 [EventQueue-OpenPipelineForHealthyPipelineSafeModeRule] INFO  safemode.SCMSafeModeManager (HealthyPipelineSafeModeRule.java:process(137)) - SCM in safe mode. Healthy pipelines reported count is 0, required healthy pipeline reported count is 1
2023-03-09 15:01:21,815 [bbaee90d-c4b2-4cc7-a980-1e6be073f94e@group-C73BCED0AA33-SegmentedRaftLogWorker] INFO  segmented.SegmentedRaftLogWorker (SegmentedRaftLogWorker.java:execute(656)) - bbaee90d-c4b2-4cc7-a980-1e6be073f94e@group-C73BCED0AA33-SegmentedRaftLogWorker: created new log segment /home/runner/work/ozone/ozone/hadoop-ozone/integration-test/target/test-dir/MiniOzoneClusterImpl-254978b8-4a66-4b6a-8773-30bebe5cbf00/datanode-1/data/ratis/6be1a327-d200-4bb3-a02a-c73bced0aa33/current/log_inprogress_0
2023-03-09 15:01:21,815 [bbaee90d-c4b2-4cc7-a980-1e6be073f94e@group-C73BCED0AA33-LeaderElection47] INFO  server.RaftServer$Division (ServerState.java:setRaftConf(430)) - bbaee90d-c4b2-4cc7-a980-1e6be073f94e@group-C73BCED0AA33: set configuration 0: peers:[b8851da8-2889-47c2-8cdf-bbb0cc701685|rpc:127.0.0.1:44005|dataStream:127.0.0.1:45751|priority:0|startupRole:FOLLOWER, d83d04e7-4e51-47d3-8b78-fb93e7279122|rpc:127.0.0.1:42489|dataStream:127.0.0.1:46041|priority:0|startupRole:FOLLOWER, bbaee90d-c4b2-4cc7-a980-1e6be073f94e|rpc:127.0.0.1:38465|dataStream:127.0.0.1:46541|priority:1|startupRole:FOLLOWER]|listeners:[], old=null
2023-03-09 15:01:21,821 [ea91eb10-5e27-4c1c-9b22-4ed9c555343a@group-30BEBE5CBF00-StateMachineUpdater] INFO  safemode.HealthyPipelineSafeModeRule (HealthyPipelineSafeModeRule.java:initializeRule(165)) - Refreshed total pipeline count is 1, healthy pipeline threshold count is 1
2023-03-09 15:01:21,822 [EventQueue-OpenPipelineForHealthyPipelineSafeModeRule] INFO  safemode.SCMSafeModeManager (HealthyPipelineSafeModeRule.java:process(137)) - SCM in safe mode. Healthy pipelines reported count is 1, required healthy pipeline reported count is 1
2023-03-09 15:01:21,822 [EventQueue-OpenPipelineForHealthyPipelineSafeModeRule] INFO  safemode.SCMSafeModeManager (SCMSafeModeManager.java:validateSafeModeExitRules(200)) - HealthyPipelineSafeModeRule rule is successfully validated
2023-03-09 15:01:21,822 [EventQueue-OpenPipelineForHealthyPipelineSafeModeRule] INFO  safemode.SCMSafeModeManager (SCMSafeModeManager.java:validateSafeModeExitRules(215)) - ScmSafeModeManager, all rules are successfully validated
2023-03-09 15:01:21,822 [EventQueue-OpenPipelineForHealthyPipelineSafeModeRule] INFO  safemode.SCMSafeModeManager (SCMSafeModeManager.java:exitSafeMode(244)) - SCM exiting safe mode.
2023-03-09 15:01:21,822 [EventQueue-OpenPipelineForHealthyPipelineSafeModeRule] INFO  ha.SCMContext (SCMContext.java:updateSafeModeStatus(228)) - Update SafeModeStatus from SafeModeStatus{safeModeStatus=true, preCheckPassed=true} to SafeModeStatus{safeModeStatus=false, preCheckPassed=true}.
2023-03-09 15:01:21,822 [EventQueue-OpenPipelineForHealthyPipelineSafeModeRule] INFO  BackgroundPipelineScrubber (BackgroundSCMService.java:notifyStatusChanged(82)) - Service BackgroundPipelineScrubber transitions to RUNNING.
2023-03-09 15:01:21,822 [EventQueue-OpenPipelineForHealthyPipelineSafeModeRule] INFO  ExpiredContainerReplicaOpScrubber (BackgroundSCMService.java:notifyStatusChanged(82)) - Service ExpiredContainerReplicaOpScrubber transitions to RUNNING.
2023-03-09 15:01:21,822 [EventQueue-OpenPipelineForHealthyPipelineSafeModeRule] INFO  replication.ReplicationManager (ReplicationManager.java:notifyStatusChanged(1085)) - Service ReplicationManager transitions to RUNNING.
2023-03-09 15:01:21,822 [EventQueue-OpenPipelineForHealthyPipelineSafeModeRule] WARN  balancer.ContainerBalancer (ContainerBalancer.java:shouldRun(131)) - Could not find persisted configuration for ContainerBalancer when checking if ContainerBalancer should run. ContainerBalancer should not run now.
2023-03-09 15:01:21,838 [b8851da8-2889-47c2-8cdf-bbb0cc701685-server-thread1] INFO  ratis.XceiverServerRatis (XceiverServerRatis.java:handleLeaderChangedNotification(905)) - Leader change notification received for group: group-C73BCED0AA33 with new leaderId: bbaee90d-c4b2-4cc7-a980-1e6be073f94e
2023-03-09 15:01:21,838 [b8851da8-2889-47c2-8cdf-bbb0cc701685-server-thread1] INFO  server.RaftServer$Division (ServerState.java:setLeader(313)) - b8851da8-2889-47c2-8cdf-bbb0cc701685@group-C73BCED0AA33: change Leader from null to bbaee90d-c4b2-4cc7-a980-1e6be073f94e at term 1 for appendEntries, leader elected after 5091ms
2023-03-09 15:01:21,838 [d83d04e7-4e51-47d3-8b78-fb93e7279122-server-thread1] INFO  ratis.XceiverServerRatis (XceiverServerRatis.java:handleLeaderChangedNotification(905)) - Leader change notification received for group: group-C73BCED0AA33 with new leaderId: bbaee90d-c4b2-4cc7-a980-1e6be073f94e
2023-03-09 15:01:21,838 [d83d04e7-4e51-47d3-8b78-fb93e7279122-server-thread1] INFO  server.RaftServer$Division (ServerState.java:setLeader(313)) - d83d04e7-4e51-47d3-8b78-fb93e7279122@group-C73BCED0AA33: change Leader from null to bbaee90d-c4b2-4cc7-a980-1e6be073f94e at term 1 for appendEntries, leader elected after 5208ms
2023-03-09 15:01:21,838 [EndpointStateMachine task thread for /127.0.0.1:36681 - 0 ] INFO  ipc.Client (Client.java:handleConnectionFailure(1010)) - Retrying connect to server: localhost/127.0.0.1:36681. Already tried 6 time(s); retry policy is RetryUpToMaximumCountWithFixedSleep(maxRetries=15, sleepTime=1000 MILLISECONDS)
2023-03-09 15:01:21,839 [EndpointStateMachine task thread for /127.0.0.1:43747 - 0 ] INFO  ipc.Client (Client.java:handleConnectionFailure(1010)) - Retrying connect to server: localhost/127.0.0.1:43747. Already tried 0 time(s); retry policy is RetryUpToMaximumCountWithFixedSleep(maxRetries=15, sleepTime=1000 MILLISECONDS)
2023-03-09 15:01:21,847 [b8851da8-2889-47c2-8cdf-bbb0cc701685-server-thread1] INFO  server.RaftServer$Division (ServerState.java:setRaftConf(430)) - b8851da8-2889-47c2-8cdf-bbb0cc701685@group-C73BCED0AA33: set configuration 0: peers:[b8851da8-2889-47c2-8cdf-bbb0cc701685|rpc:127.0.0.1:44005|dataStream:127.0.0.1:45751|priority:0|startupRole:FOLLOWER, d83d04e7-4e51-47d3-8b78-fb93e7279122|rpc:127.0.0.1:42489|dataStream:127.0.0.1:46041|priority:0|startupRole:FOLLOWER, bbaee90d-c4b2-4cc7-a980-1e6be073f94e|rpc:127.0.0.1:38465|dataStream:127.0.0.1:46541|priority:1|startupRole:FOLLOWER]|listeners:[], old=null
2023-03-09 15:01:21,847 [b8851da8-2889-47c2-8cdf-bbb0cc701685-server-thread1] INFO  segmented.SegmentedRaftLogWorker (SegmentedRaftLogWorker.java:startLogSegment(452)) - b8851da8-2889-47c2-8cdf-bbb0cc701685@group-C73BCED0AA33-SegmentedRaftLogWorker: Starting segment from index:0
2023-03-09 15:01:21,847 [d83d04e7-4e51-47d3-8b78-fb93e7279122-server-thread2] INFO  server.RaftServer$Division (ServerState.java:setRaftConf(430)) - d83d04e7-4e51-47d3-8b78-fb93e7279122@group-C73BCED0AA33: set configuration 0: peers:[b8851da8-2889-47c2-8cdf-bbb0cc701685|rpc:127.0.0.1:44005|dataStream:127.0.0.1:45751|priority:0|startupRole:FOLLOWER, d83d04e7-4e51-47d3-8b78-fb93e7279122|rpc:127.0.0.1:42489|dataStream:127.0.0.1:46041|priority:0|startupRole:FOLLOWER, bbaee90d-c4b2-4cc7-a980-1e6be073f94e|rpc:127.0.0.1:38465|dataStream:127.0.0.1:46541|priority:1|startupRole:FOLLOWER]|listeners:[], old=null
2023-03-09 15:01:21,847 [d83d04e7-4e51-47d3-8b78-fb93e7279122-server-thread2] INFO  segmented.SegmentedRaftLogWorker (SegmentedRaftLogWorker.java:startLogSegment(452)) - d83d04e7-4e51-47d3-8b78-fb93e7279122@group-C73BCED0AA33-SegmentedRaftLogWorker: Starting segment from index:0
2023-03-09 15:01:21,849 [b8851da8-2889-47c2-8cdf-bbb0cc701685@group-C73BCED0AA33-SegmentedRaftLogWorker] INFO  segmented.SegmentedRaftLogWorker (SegmentedRaftLogWorker.java:execute(656)) - b8851da8-2889-47c2-8cdf-bbb0cc701685@group-C73BCED0AA33-SegmentedRaftLogWorker: created new log segment /home/runner/work/ozone/ozone/hadoop-ozone/integration-test/target/test-dir/MiniOzoneClusterImpl-254978b8-4a66-4b6a-8773-30bebe5cbf00/datanode-2/data/ratis/6be1a327-d200-4bb3-a02a-c73bced0aa33/current/log_inprogress_0
2023-03-09 15:01:21,853 [d83d04e7-4e51-47d3-8b78-fb93e7279122@group-C73BCED0AA33-SegmentedRaftLogWorker] INFO  segmented.SegmentedRaftLogWorker (SegmentedRaftLogWorker.java:execute(656)) - d83d04e7-4e51-47d3-8b78-fb93e7279122@group-C73BCED0AA33-SegmentedRaftLogWorker: created new log segment /home/runner/work/ozone/ozone/hadoop-ozone/integration-test/target/test-dir/MiniOzoneClusterImpl-254978b8-4a66-4b6a-8773-30bebe5cbf00/datanode-0/data/ratis/6be1a327-d200-4bb3-a02a-c73bced0aa33/current/log_inprogress_0
2023-03-09 15:01:21,965 [d83d04e7-4e51-47d3-8b78-fb93e7279122@group-66001B9BA104-FollowerState] INFO  impl.FollowerState (FollowerState.java:run(143)) - d83d04e7-4e51-47d3-8b78-fb93e7279122@group-66001B9BA104-FollowerState: change to CANDIDATE, lastRpcElapsedTime:5165538709ns, electionTimeout:5165ms
2023-03-09 15:01:21,966 [d83d04e7-4e51-47d3-8b78-fb93e7279122@group-66001B9BA104-FollowerState] INFO  impl.RoleInfo (RoleInfo.java:shutdownFollowerState(110)) - d83d04e7-4e51-47d3-8b78-fb93e7279122: shutdown d83d04e7-4e51-47d3-8b78-fb93e7279122@group-66001B9BA104-FollowerState
2023-03-09 15:01:21,966 [d83d04e7-4e51-47d3-8b78-fb93e7279122@group-66001B9BA104-FollowerState] INFO  server.RaftServer$Division (RaftServerImpl.java:setRole(321)) - d83d04e7-4e51-47d3-8b78-fb93e7279122@group-66001B9BA104: changes role from  FOLLOWER to CANDIDATE at term 0 for changeToCandidate
2023-03-09 15:01:21,966 [d83d04e7-4e51-47d3-8b78-fb93e7279122@group-66001B9BA104-FollowerState] INFO  server.RaftServerConfigKeys (ConfUtils.java:logGet(46)) - raft.server.leaderelection.pre-vote = true (default)
2023-03-09 15:01:21,966 [d83d04e7-4e51-47d3-8b78-fb93e7279122@group-66001B9BA104-FollowerState] INFO  impl.RoleInfo (RoleInfo.java:updateAndGet(139)) - d83d04e7-4e51-47d3-8b78-fb93e7279122: start d83d04e7-4e51-47d3-8b78-fb93e7279122@group-66001B9BA104-LeaderElection49
2023-03-09 15:01:21,971 [d83d04e7-4e51-47d3-8b78-fb93e7279122@group-66001B9BA104-LeaderElection49] INFO  impl.LeaderElection (LeaderElection.java:askForVotes(312)) - d83d04e7-4e51-47d3-8b78-fb93e7279122@group-66001B9BA104-LeaderElection49 PRE_VOTE round 0: submit vote requests at term 0 for -1: peers:[b8851da8-2889-47c2-8cdf-bbb0cc701685|rpc:127.0.0.1:44005|dataStream:127.0.0.1:45751|priority:0|startupRole:FOLLOWER, d83d04e7-4e51-47d3-8b78-fb93e7279122|rpc:127.0.0.1:42489|dataStream:127.0.0.1:46041|priority:1|startupRole:FOLLOWER, bbaee90d-c4b2-4cc7-a980-1e6be073f94e|rpc:127.0.0.1:38465|dataStream:127.0.0.1:46541|priority:0|startupRole:FOLLOWER]|listeners:[], old=null
2023-03-09 15:01:21,971 [d83d04e7-4e51-47d3-8b78-fb93e7279122@group-66001B9BA104-LeaderElection49] INFO  server.RaftServerConfigKeys (ConfUtils.java:logFallback(53)) - raft.server.rpc.first-election.timeout.min = 5s (fallback to raft.server.rpc.timeout.min)
2023-03-09 15:01:21,971 [d83d04e7-4e51-47d3-8b78-fb93e7279122@group-66001B9BA104-LeaderElection49] INFO  server.RaftServerConfigKeys (ConfUtils.java:logFallback(53)) - raft.server.rpc.first-election.timeout.max = 5200ms (fallback to raft.server.rpc.timeout.max)
2023-03-09 15:01:21,974 [grpc-default-executor-10] INFO  server.RaftServer$Division (RaftServerImpl.java:requestVote(1218)) - b8851da8-2889-47c2-8cdf-bbb0cc701685@group-66001B9BA104: receive requestVote(PRE_VOTE, d83d04e7-4e51-47d3-8b78-fb93e7279122, group-66001B9BA104, 0, (t:0, i:0))
2023-03-09 15:01:21,974 [grpc-default-executor-10] INFO  impl.VoteContext (VoteContext.java:log(49)) - b8851da8-2889-47c2-8cdf-bbb0cc701685@group-66001B9BA104-FOLLOWER: accept PRE_VOTE from d83d04e7-4e51-47d3-8b78-fb93e7279122: our priority 0 <= candidate's priority 1
2023-03-09 15:01:21,974 [grpc-default-executor-10] INFO  server.RaftServer$Division (RaftServerImpl.java:requestVote(1251)) - b8851da8-2889-47c2-8cdf-bbb0cc701685@group-66001B9BA104 replies to PRE_VOTE vote request: d83d04e7-4e51-47d3-8b78-fb93e7279122<-b8851da8-2889-47c2-8cdf-bbb0cc701685#0:OK-t0. Peer's state: b8851da8-2889-47c2-8cdf-bbb0cc701685@group-66001B9BA104:t0, leader=null, voted=, raftlog=Memoized:b8851da8-2889-47c2-8cdf-bbb0cc701685@group-66001B9BA104-SegmentedRaftLog:OPENED:c-1, conf=-1: peers:[b8851da8-2889-47c2-8cdf-bbb0cc701685|rpc:127.0.0.1:44005|dataStream:127.0.0.1:45751|priority:0|startupRole:FOLLOWER, d83d04e7-4e51-47d3-8b78-fb93e7279122|rpc:127.0.0.1:42489|dataStream:127.0.0.1:46041|priority:1|startupRole:FOLLOWER, bbaee90d-c4b2-4cc7-a980-1e6be073f94e|rpc:127.0.0.1:38465|dataStream:127.0.0.1:46541|priority:0|startupRole:FOLLOWER]|listeners:[], old=null
2023-03-09 15:01:21,978 [grpc-default-executor-11] INFO  server.RaftServer$Division (RaftServerImpl.java:requestVote(1218)) - bbaee90d-c4b2-4cc7-a980-1e6be073f94e@group-66001B9BA104: receive requestVote(PRE_VOTE, d83d04e7-4e51-47d3-8b78-fb93e7279122, group-66001B9BA104, 0, (t:0, i:0))
2023-03-09 15:01:21,978 [grpc-default-executor-11] INFO  impl.VoteContext (VoteContext.java:log(49)) - bbaee90d-c4b2-4cc7-a980-1e6be073f94e@group-66001B9BA104-FOLLOWER: accept PRE_VOTE from d83d04e7-4e51-47d3-8b78-fb93e7279122: our priority 0 <= candidate's priority 1
2023-03-09 15:01:21,978 [grpc-default-executor-11] INFO  server.RaftServer$Division (RaftServerImpl.java:requestVote(1251)) - bbaee90d-c4b2-4cc7-a980-1e6be073f94e@group-66001B9BA104 replies to PRE_VOTE vote request: d83d04e7-4e51-47d3-8b78-fb93e7279122<-bbaee90d-c4b2-4cc7-a980-1e6be073f94e#0:OK-t0. Peer's state: bbaee90d-c4b2-4cc7-a980-1e6be073f94e@group-66001B9BA104:t0, leader=null, voted=, raftlog=Memoized:bbaee90d-c4b2-4cc7-a980-1e6be073f94e@group-66001B9BA104-SegmentedRaftLog:OPENED:c-1, conf=-1: peers:[b8851da8-2889-47c2-8cdf-bbb0cc701685|rpc:127.0.0.1:44005|dataStream:127.0.0.1:45751|priority:0|startupRole:FOLLOWER, d83d04e7-4e51-47d3-8b78-fb93e7279122|rpc:127.0.0.1:42489|dataStream:127.0.0.1:46041|priority:1|startupRole:FOLLOWER, bbaee90d-c4b2-4cc7-a980-1e6be073f94e|rpc:127.0.0.1:38465|dataStream:127.0.0.1:46541|priority:0|startupRole:FOLLOWER]|listeners:[], old=null
2023-03-09 15:01:21,979 [d83d04e7-4e51-47d3-8b78-fb93e7279122@group-66001B9BA104-LeaderElection49] INFO  impl.LeaderElection (LeaderElection.java:logAndReturn(90)) - d83d04e7-4e51-47d3-8b78-fb93e7279122@group-66001B9BA104-LeaderElection49: PRE_VOTE PASSED received 1 response(s) and 0 exception(s):
2023-03-09 15:01:21,979 [d83d04e7-4e51-47d3-8b78-fb93e7279122@group-66001B9BA104-LeaderElection49] INFO  impl.LeaderElection (LeaderElection.java:logAndReturn(94)) -   Response 0: d83d04e7-4e51-47d3-8b78-fb93e7279122<-b8851da8-2889-47c2-8cdf-bbb0cc701685#0:OK-t0
2023-03-09 15:01:21,979 [d83d04e7-4e51-47d3-8b78-fb93e7279122@group-66001B9BA104-LeaderElection49] INFO  impl.LeaderElection (LeaderElection.java:askForVotes(314)) - d83d04e7-4e51-47d3-8b78-fb93e7279122@group-66001B9BA104-LeaderElection49 PRE_VOTE round 0: result PASSED
2023-03-09 15:01:21,980 [d83d04e7-4e51-47d3-8b78-fb93e7279122@group-66001B9BA104-LeaderElection49] INFO  impl.LeaderElection (LeaderElection.java:askForVotes(312)) - d83d04e7-4e51-47d3-8b78-fb93e7279122@group-66001B9BA104-LeaderElection49 ELECTION round 0: submit vote requests at term 1 for -1: peers:[b8851da8-2889-47c2-8cdf-bbb0cc701685|rpc:127.0.0.1:44005|dataStream:127.0.0.1:45751|priority:0|startupRole:FOLLOWER, d83d04e7-4e51-47d3-8b78-fb93e7279122|rpc:127.0.0.1:42489|dataStream:127.0.0.1:46041|priority:1|startupRole:FOLLOWER, bbaee90d-c4b2-4cc7-a980-1e6be073f94e|rpc:127.0.0.1:38465|dataStream:127.0.0.1:46541|priority:0|startupRole:FOLLOWER]|listeners:[], old=null
2023-03-09 15:01:21,981 [d83d04e7-4e51-47d3-8b78-fb93e7279122@group-66001B9BA104-LeaderElection49] INFO  server.RaftServerConfigKeys (ConfUtils.java:logFallback(53)) - raft.server.rpc.first-election.timeout.min = 5s (fallback to raft.server.rpc.timeout.min)
2023-03-09 15:01:21,981 [d83d04e7-4e51-47d3-8b78-fb93e7279122@group-66001B9BA104-LeaderElection49] INFO  server.RaftServerConfigKeys (ConfUtils.java:logFallback(53)) - raft.server.rpc.first-election.timeout.max = 5200ms (fallback to raft.server.rpc.timeout.max)
2023-03-09 15:01:21,982 [grpc-default-executor-11] INFO  server.RaftServer$Division (RaftServerImpl.java:requestVote(1218)) - b8851da8-2889-47c2-8cdf-bbb0cc701685@group-66001B9BA104: receive requestVote(ELECTION, d83d04e7-4e51-47d3-8b78-fb93e7279122, group-66001B9BA104, 1, (t:0, i:0))
2023-03-09 15:01:21,985 [grpc-default-executor-11] INFO  impl.VoteContext (VoteContext.java:log(49)) - b8851da8-2889-47c2-8cdf-bbb0cc701685@group-66001B9BA104-FOLLOWER: accept ELECTION from d83d04e7-4e51-47d3-8b78-fb93e7279122: our priority 0 <= candidate's priority 1
2023-03-09 15:01:21,985 [grpc-default-executor-11] INFO  server.RaftServer$Division (RaftServerImpl.java:setRole(321)) - b8851da8-2889-47c2-8cdf-bbb0cc701685@group-66001B9BA104: changes role from  FOLLOWER to FOLLOWER at term 1 for candidate:d83d04e7-4e51-47d3-8b78-fb93e7279122
2023-03-09 15:01:21,985 [grpc-default-executor-11] INFO  impl.RoleInfo (RoleInfo.java:shutdownFollowerState(110)) - b8851da8-2889-47c2-8cdf-bbb0cc701685: shutdown b8851da8-2889-47c2-8cdf-bbb0cc701685@group-66001B9BA104-FollowerState
2023-03-09 15:01:21,985 [grpc-default-executor-11] INFO  impl.RoleInfo (RoleInfo.java:updateAndGet(139)) - b8851da8-2889-47c2-8cdf-bbb0cc701685: start b8851da8-2889-47c2-8cdf-bbb0cc701685@group-66001B9BA104-FollowerState
2023-03-09 15:01:21,985 [b8851da8-2889-47c2-8cdf-bbb0cc701685@group-66001B9BA104-FollowerState] INFO  impl.FollowerState (FollowerState.java:run(152)) - b8851da8-2889-47c2-8cdf-bbb0cc701685@group-66001B9BA104-FollowerState was interrupted
2023-03-09 15:01:21,989 [b8851da8-2889-47c2-8cdf-bbb0cc701685@group-66001B9BA104-FollowerState] INFO  server.RaftServerConfigKeys (ConfUtils.java:logFallback(53)) - raft.server.rpc.first-election.timeout.min = 5s (fallback to raft.server.rpc.timeout.min)
2023-03-09 15:01:21,989 [b8851da8-2889-47c2-8cdf-bbb0cc701685@group-66001B9BA104-FollowerState] INFO  server.RaftServerConfigKeys (ConfUtils.java:logFallback(53)) - raft.server.rpc.first-election.timeout.max = 5200ms (fallback to raft.server.rpc.timeout.max)
2023-03-09 15:01:21,995 [grpc-default-executor-10] INFO  server.RaftServer$Division (RaftServerImpl.java:requestVote(1218)) - bbaee90d-c4b2-4cc7-a980-1e6be073f94e@group-66001B9BA104: receive requestVote(ELECTION, d83d04e7-4e51-47d3-8b78-fb93e7279122, group-66001B9BA104, 1, (t:0, i:0))
2023-03-09 15:01:21,995 [grpc-default-executor-11] INFO  server.RaftServer$Division (RaftServerImpl.java:requestVote(1251)) - b8851da8-2889-47c2-8cdf-bbb0cc701685@group-66001B9BA104 replies to ELECTION vote request: d83d04e7-4e51-47d3-8b78-fb93e7279122<-b8851da8-2889-47c2-8cdf-bbb0cc701685#0:OK-t1. Peer's state: b8851da8-2889-47c2-8cdf-bbb0cc701685@group-66001B9BA104:t1, leader=null, voted=d83d04e7-4e51-47d3-8b78-fb93e7279122, raftlog=Memoized:b8851da8-2889-47c2-8cdf-bbb0cc701685@group-66001B9BA104-SegmentedRaftLog:OPENED:c-1, conf=-1: peers:[b8851da8-2889-47c2-8cdf-bbb0cc701685|rpc:127.0.0.1:44005|dataStream:127.0.0.1:45751|priority:0|startupRole:FOLLOWER, d83d04e7-4e51-47d3-8b78-fb93e7279122|rpc:127.0.0.1:42489|dataStream:127.0.0.1:46041|priority:1|startupRole:FOLLOWER, bbaee90d-c4b2-4cc7-a980-1e6be073f94e|rpc:127.0.0.1:38465|dataStream:127.0.0.1:46541|priority:0|startupRole:FOLLOWER]|listeners:[], old=null
2023-03-09 15:01:21,996 [grpc-default-executor-10] INFO  impl.VoteContext (VoteContext.java:log(49)) - bbaee90d-c4b2-4cc7-a980-1e6be073f94e@group-66001B9BA104-FOLLOWER: accept ELECTION from d83d04e7-4e51-47d3-8b78-fb93e7279122: our priority 0 <= candidate's priority 1
2023-03-09 15:01:21,996 [grpc-default-executor-10] INFO  server.RaftServer$Division (RaftServerImpl.java:setRole(321)) - bbaee90d-c4b2-4cc7-a980-1e6be073f94e@group-66001B9BA104: changes role from  FOLLOWER to FOLLOWER at term 1 for candidate:d83d04e7-4e51-47d3-8b78-fb93e7279122
2023-03-09 15:01:21,996 [grpc-default-executor-10] INFO  impl.RoleInfo (RoleInfo.java:shutdownFollowerState(110)) - bbaee90d-c4b2-4cc7-a980-1e6be073f94e: shutdown bbaee90d-c4b2-4cc7-a980-1e6be073f94e@group-66001B9BA104-FollowerState
2023-03-09 15:01:21,996 [grpc-default-executor-10] INFO  impl.RoleInfo (RoleInfo.java:updateAndGet(139)) - bbaee90d-c4b2-4cc7-a980-1e6be073f94e: start bbaee90d-c4b2-4cc7-a980-1e6be073f94e@group-66001B9BA104-FollowerState
2023-03-09 15:01:21,996 [bbaee90d-c4b2-4cc7-a980-1e6be073f94e@group-66001B9BA104-FollowerState] INFO  impl.FollowerState (FollowerState.java:run(152)) - bbaee90d-c4b2-4cc7-a980-1e6be073f94e@group-66001B9BA104-FollowerState was interrupted
2023-03-09 15:01:21,997 [bbaee90d-c4b2-4cc7-a980-1e6be073f94e@group-66001B9BA104-FollowerState] INFO  server.RaftServerConfigKeys (ConfUtils.java:logFallback(53)) - raft.server.rpc.first-election.timeout.min = 5s (fallback to raft.server.rpc.timeout.min)
2023-03-09 15:01:21,997 [bbaee90d-c4b2-4cc7-a980-1e6be073f94e@group-66001B9BA104-FollowerState] INFO  server.RaftServerConfigKeys (ConfUtils.java:logFallback(53)) - raft.server.rpc.first-election.timeout.max = 5200ms (fallback to raft.server.rpc.timeout.max)
2023-03-09 15:01:21,997 [d83d04e7-4e51-47d3-8b78-fb93e7279122@group-66001B9BA104-LeaderElection49] INFO  impl.LeaderElection (LeaderElection.java:logAndReturn(90)) - d83d04e7-4e51-47d3-8b78-fb93e7279122@group-66001B9BA104-LeaderElection49: ELECTION PASSED received 1 response(s) and 0 exception(s):
2023-03-09 15:01:21,997 [d83d04e7-4e51-47d3-8b78-fb93e7279122@group-66001B9BA104-LeaderElection49] INFO  impl.LeaderElection (LeaderElection.java:logAndReturn(94)) -   Response 0: d83d04e7-4e51-47d3-8b78-fb93e7279122<-b8851da8-2889-47c2-8cdf-bbb0cc701685#0:OK-t1
2023-03-09 15:01:21,997 [d83d04e7-4e51-47d3-8b78-fb93e7279122@group-66001B9BA104-LeaderElection49] INFO  impl.LeaderElection (LeaderElection.java:askForVotes(314)) - d83d04e7-4e51-47d3-8b78-fb93e7279122@group-66001B9BA104-LeaderElection49 ELECTION round 0: result PASSED
2023-03-09 15:01:21,997 [d83d04e7-4e51-47d3-8b78-fb93e7279122@group-66001B9BA104-LeaderElection49] INFO  impl.RoleInfo (RoleInfo.java:shutdownLeaderElection(130)) - d83d04e7-4e51-47d3-8b78-fb93e7279122: shutdown d83d04e7-4e51-47d3-8b78-fb93e7279122@group-66001B9BA104-LeaderElection49
2023-03-09 15:01:21,997 [d83d04e7-4e51-47d3-8b78-fb93e7279122@group-66001B9BA104-LeaderElection49] INFO  server.RaftServer$Division (RaftServerImpl.java:setRole(321)) - d83d04e7-4e51-47d3-8b78-fb93e7279122@group-66001B9BA104: changes role from CANDIDATE to LEADER at term 1 for changeToLeader
2023-03-09 15:01:21,998 [d83d04e7-4e51-47d3-8b78-fb93e7279122@group-66001B9BA104-LeaderElection49] INFO  ratis.XceiverServerRatis (XceiverServerRatis.java:handleLeaderChangedNotification(905)) - Leader change notification received for group: group-66001B9BA104 with new leaderId: d83d04e7-4e51-47d3-8b78-fb93e7279122
2023-03-09 15:01:21,998 [d83d04e7-4e51-47d3-8b78-fb93e7279122@group-66001B9BA104-LeaderElection49] INFO  server.RaftServer$Division (ServerState.java:setLeader(313)) - d83d04e7-4e51-47d3-8b78-fb93e7279122@group-66001B9BA104: change Leader from null to d83d04e7-4e51-47d3-8b78-fb93e7279122 at term 1 for becomeLeader, leader elected after 5217ms
2023-03-09 15:01:21,998 [d83d04e7-4e51-47d3-8b78-fb93e7279122@group-66001B9BA104-LeaderElection49] INFO  server.RaftServerConfigKeys (ConfUtils.java:logGet(46)) - raft.server.staging.catchup.gap = 1000 (default)
2023-03-09 15:01:21,998 [d83d04e7-4e51-47d3-8b78-fb93e7279122@group-66001B9BA104-LeaderElection49] INFO  server.RaftServerConfigKeys (ConfUtils.java:logGet(46)) - raft.server.write.element-limit = 1024 (custom)
2023-03-09 15:01:21,998 [d83d04e7-4e51-47d3-8b78-fb93e7279122@group-66001B9BA104-LeaderElection49] INFO  server.RaftServerConfigKeys (ConfUtils.java:logGet(46)) - raft.server.write.byte-limit = 1024 M (=1073741824) (custom)
2023-03-09 15:01:21,999 [grpc-default-executor-10] INFO  server.RaftServer$Division (RaftServerImpl.java:requestVote(1251)) - bbaee90d-c4b2-4cc7-a980-1e6be073f94e@group-66001B9BA104 replies to ELECTION vote request: d83d04e7-4e51-47d3-8b78-fb93e7279122<-bbaee90d-c4b2-4cc7-a980-1e6be073f94e#0:OK-t1. Peer's state: bbaee90d-c4b2-4cc7-a980-1e6be073f94e@group-66001B9BA104:t1, leader=null, voted=d83d04e7-4e51-47d3-8b78-fb93e7279122, raftlog=Memoized:bbaee90d-c4b2-4cc7-a980-1e6be073f94e@group-66001B9BA104-SegmentedRaftLog:OPENED:c-1, conf=-1: peers:[b8851da8-2889-47c2-8cdf-bbb0cc701685|rpc:127.0.0.1:44005|dataStream:127.0.0.1:45751|priority:0|startupRole:FOLLOWER, d83d04e7-4e51-47d3-8b78-fb93e7279122|rpc:127.0.0.1:42489|dataStream:127.0.0.1:46041|priority:1|startupRole:FOLLOWER, bbaee90d-c4b2-4cc7-a980-1e6be073f94e|rpc:127.0.0.1:38465|dataStream:127.0.0.1:46541|priority:0|startupRole:FOLLOWER]|listeners:[], old=null
2023-03-09 15:01:22,002 [d83d04e7-4e51-47d3-8b78-fb93e7279122@group-66001B9BA104-LeaderElection49] INFO  server.RaftServerConfigKeys (ConfUtils.java:logGet(46)) - raft.server.watch.timeout = 180s (custom)
2023-03-09 15:01:22,002 [d83d04e7-4e51-47d3-8b78-fb93e7279122@group-66001B9BA104-LeaderElection49] INFO  server.RaftServerConfigKeys (ConfUtils.java:logGet(46)) - raft.server.watch.timeout.denomination = 1s (default)
2023-03-09 15:01:22,002 [d83d04e7-4e51-47d3-8b78-fb93e7279122@group-66001B9BA104-LeaderElection49] INFO  server.RaftServerConfigKeys (ConfUtils.java:logGet(46)) - raft.server.watch.element-limit = 65536 (default)
2023-03-09 15:01:22,002 [d83d04e7-4e51-47d3-8b78-fb93e7279122@group-66001B9BA104-LeaderElection49] INFO  server.RaftServerConfigKeys (ConfUtils.java:logGet(46)) - raft.server.write.element-limit = 1024 (custom)
2023-03-09 15:01:22,002 [d83d04e7-4e51-47d3-8b78-fb93e7279122@group-66001B9BA104-LeaderElection49] INFO  server.RaftServerConfigKeys (ConfUtils.java:logGet(46)) - raft.server.write.follower.gap.ratio.max = -1.0 (default)
2023-03-09 15:01:22,002 [d83d04e7-4e51-47d3-8b78-fb93e7279122@group-66001B9BA104-LeaderElection49] INFO  server.RaftServerConfigKeys (ConfUtils.java:logGet(46)) - raft.server.log.appender.snapshot.chunk.size.max = 16MB (=16777216) (default)
2023-03-09 15:01:22,002 [d83d04e7-4e51-47d3-8b78-fb93e7279122@group-66001B9BA104-LeaderElection49] INFO  server.RaftServerConfigKeys (ConfUtils.java:logGet(46)) - raft.server.log.appender.buffer.byte-limit = 33554432 (custom)
2023-03-09 15:01:22,003 [d83d04e7-4e51-47d3-8b78-fb93e7279122@group-66001B9BA104-LeaderElection49] INFO  server.RaftServerConfigKeys (ConfUtils.java:logGet(46)) - raft.server.log.appender.buffer.element-limit = 1 (custom)
2023-03-09 15:01:22,003 [d83d04e7-4e51-47d3-8b78-fb93e7279122@group-66001B9BA104-LeaderElection49] INFO  grpc.GrpcConfigKeys (ConfUtils.java:logGet(46)) - raft.grpc.server.leader.outstanding.appends.max = 128 (default)
2023-03-09 15:01:22,003 [d83d04e7-4e51-47d3-8b78-fb93e7279122@group-66001B9BA104-LeaderElection49] INFO  server.RaftServerConfigKeys (ConfUtils.java:logGet(46)) - raft.server.rpc.request.timeout = 60s (custom)
2023-03-09 15:01:22,003 [d83d04e7-4e51-47d3-8b78-fb93e7279122@group-66001B9BA104-LeaderElection49] INFO  server.RaftServerConfigKeys (ConfUtils.java:logGet(46)) - raft.server.log.appender.install.snapshot.enabled = false (custom)
2023-03-09 15:01:22,003 [d83d04e7-4e51-47d3-8b78-fb93e7279122@group-66001B9BA104-LeaderElection49] INFO  grpc.GrpcConfigKeys (ConfUtils.java:logGet(46)) - raft.grpc.server.heartbeat.channel = true (default)
2023-03-09 15:01:22,003 [d83d04e7-4e51-47d3-8b78-fb93e7279122@group-66001B9BA104-LeaderElection49] INFO  server.RaftServerConfigKeys (ConfUtils.java:logGet(46)) - raft.server.log.appender.wait-time.min = 10ms (default)
2023-03-09 15:01:22,003 [d83d04e7-4e51-47d3-8b78-fb93e7279122@group-66001B9BA104-LeaderElection49] INFO  server.RaftServerConfigKeys (ConfUtils.java:logGet(46)) - raft.server.log.appender.snapshot.chunk.size.max = 16MB (=16777216) (default)
2023-03-09 15:01:22,003 [d83d04e7-4e51-47d3-8b78-fb93e7279122@group-66001B9BA104-LeaderElection49] INFO  server.RaftServerConfigKeys (ConfUtils.java:logGet(46)) - raft.server.log.appender.buffer.byte-limit = 33554432 (custom)
2023-03-09 15:01:22,004 [d83d04e7-4e51-47d3-8b78-fb93e7279122@group-66001B9BA104-LeaderElection49] INFO  server.RaftServerConfigKeys (ConfUtils.java:logGet(46)) - raft.server.log.appender.buffer.element-limit = 1 (custom)
2023-03-09 15:01:22,004 [d83d04e7-4e51-47d3-8b78-fb93e7279122@group-66001B9BA104-LeaderElection49] INFO  grpc.GrpcConfigKeys (ConfUtils.java:logGet(46)) - raft.grpc.server.leader.outstanding.appends.max = 128 (default)
2023-03-09 15:01:22,005 [EventQueue-PipelineReportForPipelineReportHandler] INFO  pipeline.PipelineManagerImpl (PipelineManagerImpl.java:openPipeline(367)) - Pipeline Pipeline[ Id: fb410c10-6aba-48e4-affe-66001b9ba104, Nodes: d83d04e7-4e51-47d3-8b78-fb93e7279122(localhost/127.0.0.1)bbaee90d-c4b2-4cc7-a980-1e6be073f94e(localhost/127.0.0.1)b8851da8-2889-47c2-8cdf-bbb0cc701685(localhost/127.0.0.1), ReplicationConfig: RATIS/THREE, State:ALLOCATED, leaderId:d83d04e7-4e51-47d3-8b78-fb93e7279122, CreationTimestamp2023-03-09T15:01:14.404Z[Etc/UTC]] moved to OPEN state
2023-03-09 15:01:22,005 [d83d04e7-4e51-47d3-8b78-fb93e7279122@group-66001B9BA104-LeaderElection49] INFO  server.RaftServerConfigKeys (ConfUtils.java:logGet(46)) - raft.server.rpc.request.timeout = 60s (custom)
2023-03-09 15:01:22,006 [d83d04e7-4e51-47d3-8b78-fb93e7279122@group-66001B9BA104-LeaderElection49] INFO  server.RaftServerConfigKeys (ConfUtils.java:logGet(46)) - raft.server.log.appender.install.snapshot.enabled = false (custom)
2023-03-09 15:01:22,006 [d83d04e7-4e51-47d3-8b78-fb93e7279122@group-66001B9BA104-LeaderElection49] INFO  grpc.GrpcConfigKeys (ConfUtils.java:logGet(46)) - raft.grpc.server.heartbeat.channel = true (default)
2023-03-09 15:01:22,006 [d83d04e7-4e51-47d3-8b78-fb93e7279122@group-66001B9BA104-LeaderElection49] INFO  server.RaftServerConfigKeys (ConfUtils.java:logGet(46)) - raft.server.log.appender.wait-time.min = 10ms (default)
2023-03-09 15:01:22,006 [d83d04e7-4e51-47d3-8b78-fb93e7279122@group-66001B9BA104-LeaderElection49] INFO  impl.RoleInfo (RoleInfo.java:updateAndGet(139)) - d83d04e7-4e51-47d3-8b78-fb93e7279122: start d83d04e7-4e51-47d3-8b78-fb93e7279122@group-66001B9BA104-LeaderStateImpl
2023-03-09 15:01:22,011 [d83d04e7-4e51-47d3-8b78-fb93e7279122@group-66001B9BA104-LeaderElection49] INFO  segmented.SegmentedRaftLogWorker (SegmentedRaftLogWorker.java:startLogSegment(452)) - d83d04e7-4e51-47d3-8b78-fb93e7279122@group-66001B9BA104-SegmentedRaftLogWorker: Starting segment from index:0
2023-03-09 15:01:22,014 [d83d04e7-4e51-47d3-8b78-fb93e7279122@group-66001B9BA104-SegmentedRaftLogWorker] INFO  segmented.SegmentedRaftLogWorker (SegmentedRaftLogWorker.java:execute(656)) - d83d04e7-4e51-47d3-8b78-fb93e7279122@group-66001B9BA104-SegmentedRaftLogWorker: created new log segment /home/runner/work/ozone/ozone/hadoop-ozone/integration-test/target/test-dir/MiniOzoneClusterImpl-254978b8-4a66-4b6a-8773-30bebe5cbf00/datanode-0/data/ratis/fb410c10-6aba-48e4-affe-66001b9ba104/current/log_inprogress_0
2023-03-09 15:01:22,028 [b8851da8-2889-47c2-8cdf-bbb0cc701685-server-thread1] INFO  ratis.XceiverServerRatis (XceiverServerRatis.java:handleLeaderChangedNotification(905)) - Leader change notification received for group: group-66001B9BA104 with new leaderId: d83d04e7-4e51-47d3-8b78-fb93e7279122
2023-03-09 15:01:22,028 [b8851da8-2889-47c2-8cdf-bbb0cc701685-server-thread1] INFO  server.RaftServer$Division (ServerState.java:setLeader(313)) - b8851da8-2889-47c2-8cdf-bbb0cc701685@group-66001B9BA104: change Leader from null to d83d04e7-4e51-47d3-8b78-fb93e7279122 at term 1 for appendEntries, leader elected after 5168ms
2023-03-09 15:01:22,030 [d83d04e7-4e51-47d3-8b78-fb93e7279122@group-66001B9BA104-LeaderElection49] INFO  server.RaftServer$Division (ServerState.java:setRaftConf(430)) - d83d04e7-4e51-47d3-8b78-fb93e7279122@group-66001B9BA104: set configuration 0: peers:[b8851da8-2889-47c2-8cdf-bbb0cc701685|rpc:127.0.0.1:44005|dataStream:127.0.0.1:45751|priority:0|startupRole:FOLLOWER, d83d04e7-4e51-47d3-8b78-fb93e7279122|rpc:127.0.0.1:42489|dataStream:127.0.0.1:46041|priority:1|startupRole:FOLLOWER, bbaee90d-c4b2-4cc7-a980-1e6be073f94e|rpc:127.0.0.1:38465|dataStream:127.0.0.1:46541|priority:0|startupRole:FOLLOWER]|listeners:[], old=null
2023-03-09 15:01:22,033 [b8851da8-2889-47c2-8cdf-bbb0cc701685-server-thread3] INFO  server.RaftServer$Division (ServerState.java:setRaftConf(430)) - b8851da8-2889-47c2-8cdf-bbb0cc701685@group-66001B9BA104: set configuration 0: peers:[b8851da8-2889-47c2-8cdf-bbb0cc701685|rpc:127.0.0.1:44005|dataStream:127.0.0.1:45751|priority:0|startupRole:FOLLOWER, d83d04e7-4e51-47d3-8b78-fb93e7279122|rpc:127.0.0.1:42489|dataStream:127.0.0.1:46041|priority:1|startupRole:FOLLOWER, bbaee90d-c4b2-4cc7-a980-1e6be073f94e|rpc:127.0.0.1:38465|dataStream:127.0.0.1:46541|priority:0|startupRole:FOLLOWER]|listeners:[], old=null
2023-03-09 15:01:22,036 [bbaee90d-c4b2-4cc7-a980-1e6be073f94e-server-thread1] INFO  ratis.XceiverServerRatis (XceiverServerRatis.java:handleLeaderChangedNotification(905)) - Leader change notification received for group: group-66001B9BA104 with new leaderId: d83d04e7-4e51-47d3-8b78-fb93e7279122
2023-03-09 15:01:22,036 [b8851da8-2889-47c2-8cdf-bbb0cc701685-server-thread3] INFO  segmented.SegmentedRaftLogWorker (SegmentedRaftLogWorker.java:startLogSegment(452)) - b8851da8-2889-47c2-8cdf-bbb0cc701685@group-66001B9BA104-SegmentedRaftLogWorker: Starting segment from index:0
2023-03-09 15:01:22,038 [bbaee90d-c4b2-4cc7-a980-1e6be073f94e-server-thread1] INFO  server.RaftServer$Division (ServerState.java:setLeader(313)) - bbaee90d-c4b2-4cc7-a980-1e6be073f94e@group-66001B9BA104: change Leader from null to d83d04e7-4e51-47d3-8b78-fb93e7279122 at term 1 for appendEntries, leader elected after 5214ms
2023-03-09 15:01:22,038 [b8851da8-2889-47c2-8cdf-bbb0cc701685@group-66001B9BA104-SegmentedRaftLogWorker] INFO  segmented.SegmentedRaftLogWorker (SegmentedRaftLogWorker.java:execute(656)) - b8851da8-2889-47c2-8cdf-bbb0cc701685@group-66001B9BA104-SegmentedRaftLogWorker: created new log segment /home/runner/work/ozone/ozone/hadoop-ozone/integration-test/target/test-dir/MiniOzoneClusterImpl-254978b8-4a66-4b6a-8773-30bebe5cbf00/datanode-2/data/ratis/fb410c10-6aba-48e4-affe-66001b9ba104/current/log_inprogress_0
2023-03-09 15:01:22,041 [bbaee90d-c4b2-4cc7-a980-1e6be073f94e-server-thread2] INFO  server.RaftServer$Division (ServerState.java:setRaftConf(430)) - bbaee90d-c4b2-4cc7-a980-1e6be073f94e@group-66001B9BA104: set configuration 0: peers:[b8851da8-2889-47c2-8cdf-bbb0cc701685|rpc:127.0.0.1:44005|dataStream:127.0.0.1:45751|priority:0|startupRole:FOLLOWER, d83d04e7-4e51-47d3-8b78-fb93e7279122|rpc:127.0.0.1:42489|dataStream:127.0.0.1:46041|priority:1|startupRole:FOLLOWER, bbaee90d-c4b2-4cc7-a980-1e6be073f94e|rpc:127.0.0.1:38465|dataStream:127.0.0.1:46541|priority:0|startupRole:FOLLOWER]|listeners:[], old=null
2023-03-09 15:01:22,042 [bbaee90d-c4b2-4cc7-a980-1e6be073f94e-server-thread2] INFO  segmented.SegmentedRaftLogWorker (SegmentedRaftLogWorker.java:startLogSegment(452)) - bbaee90d-c4b2-4cc7-a980-1e6be073f94e@group-66001B9BA104-SegmentedRaftLogWorker: Starting segment from index:0
2023-03-09 15:01:22,043 [bbaee90d-c4b2-4cc7-a980-1e6be073f94e@group-66001B9BA104-SegmentedRaftLogWorker] INFO  segmented.SegmentedRaftLogWorker (SegmentedRaftLogWorker.java:execute(656)) - bbaee90d-c4b2-4cc7-a980-1e6be073f94e@group-66001B9BA104-SegmentedRaftLogWorker: created new log segment /home/runner/work/ozone/ozone/hadoop-ozone/integration-test/target/test-dir/MiniOzoneClusterImpl-254978b8-4a66-4b6a-8773-30bebe5cbf00/datanode-1/data/ratis/fb410c10-6aba-48e4-affe-66001b9ba104/current/log_inprogress_0
2023-03-09 15:01:22,153 [bbaee90d-c4b2-4cc7-a980-1e6be073f94e@group-DEE44A848CE6-FollowerState] INFO  impl.FollowerState (FollowerState.java:run(143)) - bbaee90d-c4b2-4cc7-a980-1e6be073f94e@group-DEE44A848CE6-FollowerState: change to CANDIDATE, lastRpcElapsedTime:5122643859ns, electionTimeout:5122ms
2023-03-09 15:01:22,154 [bbaee90d-c4b2-4cc7-a980-1e6be073f94e@group-DEE44A848CE6-FollowerState] INFO  impl.RoleInfo (RoleInfo.java:shutdownFollowerState(110)) - bbaee90d-c4b2-4cc7-a980-1e6be073f94e: shutdown bbaee90d-c4b2-4cc7-a980-1e6be073f94e@group-DEE44A848CE6-FollowerState
2023-03-09 15:01:22,154 [bbaee90d-c4b2-4cc7-a980-1e6be073f94e@group-DEE44A848CE6-FollowerState] INFO  server.RaftServer$Division (RaftServerImpl.java:setRole(321)) - bbaee90d-c4b2-4cc7-a980-1e6be073f94e@group-DEE44A848CE6: changes role from  FOLLOWER to CANDIDATE at term 0 for changeToCandidate
2023-03-09 15:01:22,154 [bbaee90d-c4b2-4cc7-a980-1e6be073f94e@group-DEE44A848CE6-FollowerState] INFO  server.RaftServerConfigKeys (ConfUtils.java:logGet(46)) - raft.server.leaderelection.pre-vote = true (default)
2023-03-09 15:01:22,154 [bbaee90d-c4b2-4cc7-a980-1e6be073f94e@group-DEE44A848CE6-FollowerState] INFO  impl.RoleInfo (RoleInfo.java:updateAndGet(139)) - bbaee90d-c4b2-4cc7-a980-1e6be073f94e: start bbaee90d-c4b2-4cc7-a980-1e6be073f94e@group-DEE44A848CE6-LeaderElection50
2023-03-09 15:01:22,157 [bbaee90d-c4b2-4cc7-a980-1e6be073f94e@group-DEE44A848CE6-LeaderElection50] INFO  impl.LeaderElection (LeaderElection.java:askForVotes(312)) - bbaee90d-c4b2-4cc7-a980-1e6be073f94e@group-DEE44A848CE6-LeaderElection50 PRE_VOTE round 0: submit vote requests at term 0 for -1: peers:[bbaee90d-c4b2-4cc7-a980-1e6be073f94e|rpc:127.0.0.1:38465|dataStream:127.0.0.1:46541|priority:1|startupRole:FOLLOWER]|listeners:[], old=null
2023-03-09 15:01:22,157 [bbaee90d-c4b2-4cc7-a980-1e6be073f94e@group-DEE44A848CE6-LeaderElection50] INFO  impl.LeaderElection (LeaderElection.java:askForVotes(314)) - bbaee90d-c4b2-4cc7-a980-1e6be073f94e@group-DEE44A848CE6-LeaderElection50 PRE_VOTE round 0: result PASSED (term=0)
2023-03-09 15:01:22,159 [bbaee90d-c4b2-4cc7-a980-1e6be073f94e@group-DEE44A848CE6-LeaderElection50] INFO  impl.LeaderElection (LeaderElection.java:askForVotes(312)) - bbaee90d-c4b2-4cc7-a980-1e6be073f94e@group-DEE44A848CE6-LeaderElection50 ELECTION round 0: submit vote requests at term 1 for -1: peers:[bbaee90d-c4b2-4cc7-a980-1e6be073f94e|rpc:127.0.0.1:38465|dataStream:127.0.0.1:46541|priority:1|startupRole:FOLLOWER]|listeners:[], old=null
2023-03-09 15:01:22,159 [bbaee90d-c4b2-4cc7-a980-1e6be073f94e@group-DEE44A848CE6-LeaderElection50] INFO  impl.LeaderElection (LeaderElection.java:askForVotes(314)) - bbaee90d-c4b2-4cc7-a980-1e6be073f94e@group-DEE44A848CE6-LeaderElection50 ELECTION round 0: result PASSED (term=1)
2023-03-09 15:01:22,159 [bbaee90d-c4b2-4cc7-a980-1e6be073f94e@group-DEE44A848CE6-LeaderElection50] INFO  impl.RoleInfo (RoleInfo.java:shutdownLeaderElection(130)) - bbaee90d-c4b2-4cc7-a980-1e6be073f94e: shutdown bbaee90d-c4b2-4cc7-a980-1e6be073f94e@group-DEE44A848CE6-LeaderElection50
2023-03-09 15:01:22,160 [bbaee90d-c4b2-4cc7-a980-1e6be073f94e@group-DEE44A848CE6-LeaderElection50] INFO  server.RaftServer$Division (RaftServerImpl.java:setRole(321)) - bbaee90d-c4b2-4cc7-a980-1e6be073f94e@group-DEE44A848CE6: changes role from CANDIDATE to LEADER at term 1 for changeToLeader
2023-03-09 15:01:22,160 [bbaee90d-c4b2-4cc7-a980-1e6be073f94e@group-DEE44A848CE6-LeaderElection50] INFO  ratis.XceiverServerRatis (XceiverServerRatis.java:handleLeaderChangedNotification(905)) - Leader change notification received for group: group-DEE44A848CE6 with new leaderId: bbaee90d-c4b2-4cc7-a980-1e6be073f94e
2023-03-09 15:01:22,160 [bbaee90d-c4b2-4cc7-a980-1e6be073f94e@group-DEE44A848CE6-LeaderElection50] INFO  server.RaftServer$Division (ServerState.java:setLeader(313)) - bbaee90d-c4b2-4cc7-a980-1e6be073f94e@group-DEE44A848CE6: change Leader from null to bbaee90d-c4b2-4cc7-a980-1e6be073f94e at term 1 for becomeLeader, leader elected after 5150ms
2023-03-09 15:01:22,160 [bbaee90d-c4b2-4cc7-a980-1e6be073f94e@group-DEE44A848CE6-LeaderElection50] INFO  server.RaftServerConfigKeys (ConfUtils.java:logGet(46)) - raft.server.staging.catchup.gap = 1000 (default)
2023-03-09 15:01:22,160 [bbaee90d-c4b2-4cc7-a980-1e6be073f94e@group-DEE44A848CE6-LeaderElection50] INFO  server.RaftServerConfigKeys (ConfUtils.java:logGet(46)) - raft.server.write.element-limit = 1024 (custom)
2023-03-09 15:01:22,161 [bbaee90d-c4b2-4cc7-a980-1e6be073f94e@group-DEE44A848CE6-LeaderElection50] INFO  server.RaftServerConfigKeys (ConfUtils.java:logGet(46)) - raft.server.write.byte-limit = 1024 M (=1073741824) (custom)
2023-03-09 15:01:22,161 [bbaee90d-c4b2-4cc7-a980-1e6be073f94e@group-DEE44A848CE6-LeaderElection50] INFO  server.RaftServerConfigKeys (ConfUtils.java:logGet(46)) - raft.server.watch.timeout = 180s (custom)
2023-03-09 15:01:22,161 [bbaee90d-c4b2-4cc7-a980-1e6be073f94e@group-DEE44A848CE6-LeaderElection50] INFO  server.RaftServerConfigKeys (ConfUtils.java:logGet(46)) - raft.server.watch.timeout.denomination = 1s (default)
2023-03-09 15:01:22,161 [bbaee90d-c4b2-4cc7-a980-1e6be073f94e@group-DEE44A848CE6-LeaderElection50] INFO  server.RaftServerConfigKeys (ConfUtils.java:logGet(46)) - raft.server.watch.element-limit = 65536 (default)
2023-03-09 15:01:22,161 [bbaee90d-c4b2-4cc7-a980-1e6be073f94e@group-DEE44A848CE6-LeaderElection50] INFO  server.RaftServerConfigKeys (ConfUtils.java:logGet(46)) - raft.server.write.element-limit = 1024 (custom)
2023-03-09 15:01:22,161 [bbaee90d-c4b2-4cc7-a980-1e6be073f94e@group-DEE44A848CE6-LeaderElection50] INFO  server.RaftServerConfigKeys (ConfUtils.java:logGet(46)) - raft.server.write.follower.gap.ratio.max = -1.0 (default)
2023-03-09 15:01:22,161 [bbaee90d-c4b2-4cc7-a980-1e6be073f94e@group-DEE44A848CE6-LeaderElection50] INFO  impl.RoleInfo (RoleInfo.java:updateAndGet(139)) - bbaee90d-c4b2-4cc7-a980-1e6be073f94e: start bbaee90d-c4b2-4cc7-a980-1e6be073f94e@group-DEE44A848CE6-LeaderStateImpl
2023-03-09 15:01:22,161 [bbaee90d-c4b2-4cc7-a980-1e6be073f94e@group-DEE44A848CE6-LeaderElection50] INFO  segmented.SegmentedRaftLogWorker (SegmentedRaftLogWorker.java:startLogSegment(452)) - bbaee90d-c4b2-4cc7-a980-1e6be073f94e@group-DEE44A848CE6-SegmentedRaftLogWorker: Starting segment from index:0
2023-03-09 15:01:22,163 [bbaee90d-c4b2-4cc7-a980-1e6be073f94e@group-DEE44A848CE6-LeaderElection50] INFO  server.RaftServer$Division (ServerState.java:setRaftConf(430)) - bbaee90d-c4b2-4cc7-a980-1e6be073f94e@group-DEE44A848CE6: set configuration 0: peers:[bbaee90d-c4b2-4cc7-a980-1e6be073f94e|rpc:127.0.0.1:38465|dataStream:127.0.0.1:46541|priority:1|startupRole:FOLLOWER]|listeners:[], old=null
2023-03-09 15:01:22,164 [bbaee90d-c4b2-4cc7-a980-1e6be073f94e@group-DEE44A848CE6-SegmentedRaftLogWorker] INFO  segmented.SegmentedRaftLogWorker (SegmentedRaftLogWorker.java:execute(656)) - bbaee90d-c4b2-4cc7-a980-1e6be073f94e@group-DEE44A848CE6-SegmentedRaftLogWorker: created new log segment /home/runner/work/ozone/ozone/hadoop-ozone/integration-test/target/test-dir/MiniOzoneClusterImpl-254978b8-4a66-4b6a-8773-30bebe5cbf00/datanode-1/data/ratis/14b3535c-bebc-455c-8b08-dee44a848ce6/current/log_inprogress_0
2023-03-09 15:01:22,388 [Listener at 127.0.0.1/46001] INFO  ozone.MiniOzoneClusterImpl (MiniOzoneClusterImpl.java:lambda$waitForClusterToBeReady$0(218)) - Nodes are ready. Got 3 of 3 DN Heartbeats.
2023-03-09 15:01:22,388 [Listener at 127.0.0.1/46001] INFO  ozone.MiniOzoneClusterImpl (MiniOzoneClusterImpl.java:lambda$waitForClusterToBeReady$0(221)) - Cluster exits safe mode
2023-03-09 15:01:22,388 [Listener at 127.0.0.1/46001] INFO  ozone.MiniOzoneClusterImpl (MiniOzoneClusterImpl.java:lambda$waitForClusterToBeReady$0(223)) - SCM became leader
2023-03-09 15:01:22,398 [IPC Server handler 0 on default port 46001] INFO  ha.SCMNodeInfo (SCMNodeInfo.java:getPort(197)) - ConfigKey ozone.scm.client.address is deprecated, For configuring different ports for each SCM use PortConfigKey ozone.scm.client.port appended with serviceId and nodeId
2023-03-09 15:01:22,399 [IPC Server handler 0 on default port 46001] INFO  ha.SCMNodeInfo (SCMNodeInfo.java:getPort(197)) - ConfigKey ozone.scm.block.client.address is deprecated, For configuring different ports for each SCM use PortConfigKey ozone.scm.block.client.port appended with serviceId and nodeId
2023-03-09 15:01:22,399 [IPC Server handler 0 on default port 46001] INFO  ha.SCMNodeInfo (SCMNodeInfo.java:getPort(197)) - ConfigKey ozone.scm.datanode.address is deprecated, For configuring different ports for each SCM use PortConfigKey ozone.scm.datanode.port appended with serviceId and nodeId
2023-03-09 15:01:22,400 [Listener at 127.0.0.1/46001] INFO  rpc.RpcClient (RpcClient.java:createVolume(476)) - Creating Volume: volume58122, with runner as owner and space quota set to -1 bytes, counts quota set to -1
2023-03-09 15:01:22,409 [OM StateMachine ApplyTransaction Thread - 0] INFO  volume.OMVolumeCreateRequest (OMVolumeCreateRequest.java:validateAndUpdateCache(195)) - created volume:volume58122 for user:runner
2023-03-09 15:01:22,428 [Listener at 127.0.0.1/46001] INFO  rpc.RpcClient (RpcClient.java:createBucket(698)) - Creating Bucket: volume58122/bucket28645, with server-side default bucket layout, runner as owner, Versioning false, Storage Type set to DISK and Encryption set to false, Replication Type set to server-side default replication type, Namespace Quota set to -1, Space Quota set to -1 
2023-03-09 15:01:22,433 [OM StateMachine ApplyTransaction Thread - 0] INFO  bucket.OMBucketCreateRequest (OMBucketCreateRequest.java:validateAndUpdateCache(263)) - created bucket: bucket28645 of layout FILE_SYSTEM_OPTIMIZED in volume: volume58122
2023-03-09 15:01:22,446 [IPC Server handler 4 on default port 41909] INFO  ha.SequenceIdGenerator (SequenceIdGenerator.java:getNextId(128)) - Allocate a batch for containerId, change lastId from 0 to 1000.
2023-03-09 15:01:22,456 [ea91eb10-5e27-4c1c-9b22-4ed9c555343a@group-30BEBE5CBF00-StateMachineUpdater] WARN  ha.SequenceIdGenerator (SequenceIdGenerator.java:allocateBatch(237)) - Failed to allocate a batch for localId, expected lastId is 0, actual lastId is 111677748019200000.
2023-03-09 15:01:22,458 [IPC Server handler 4 on default port 41909] INFO  ha.SequenceIdGenerator (SequenceIdGenerator.java:getNextId(128)) - Allocate a batch for localId, change lastId from 111677748019200000 to 111677748019201000.
2023-03-09 15:01:22,539 [b8851da8-2889-47c2-8cdf-bbb0cc701685@group-9E6E2EBFCABE-FollowerState] INFO  impl.FollowerState (FollowerState.java:run(143)) - b8851da8-2889-47c2-8cdf-bbb0cc701685@group-9E6E2EBFCABE-FollowerState: change to CANDIDATE, lastRpcElapsedTime:5109587860ns, electionTimeout:5108ms
2023-03-09 15:01:22,539 [b8851da8-2889-47c2-8cdf-bbb0cc701685@group-9E6E2EBFCABE-FollowerState] INFO  impl.RoleInfo (RoleInfo.java:shutdownFollowerState(110)) - b8851da8-2889-47c2-8cdf-bbb0cc701685: shutdown b8851da8-2889-47c2-8cdf-bbb0cc701685@group-9E6E2EBFCABE-FollowerState
2023-03-09 15:01:22,539 [b8851da8-2889-47c2-8cdf-bbb0cc701685@group-9E6E2EBFCABE-FollowerState] INFO  server.RaftServer$Division (RaftServerImpl.java:setRole(321)) - b8851da8-2889-47c2-8cdf-bbb0cc701685@group-9E6E2EBFCABE: changes role from  FOLLOWER to CANDIDATE at term 0 for changeToCandidate
2023-03-09 15:01:22,539 [b8851da8-2889-47c2-8cdf-bbb0cc701685@group-9E6E2EBFCABE-FollowerState] INFO  server.RaftServerConfigKeys (ConfUtils.java:logGet(46)) - raft.server.leaderelection.pre-vote = true (default)
2023-03-09 15:01:22,539 [b8851da8-2889-47c2-8cdf-bbb0cc701685@group-9E6E2EBFCABE-FollowerState] INFO  impl.RoleInfo (RoleInfo.java:updateAndGet(139)) - b8851da8-2889-47c2-8cdf-bbb0cc701685: start b8851da8-2889-47c2-8cdf-bbb0cc701685@group-9E6E2EBFCABE-LeaderElection51
2023-03-09 15:01:22,544 [b8851da8-2889-47c2-8cdf-bbb0cc701685@group-9E6E2EBFCABE-LeaderElection51] INFO  impl.LeaderElection (LeaderElection.java:askForVotes(312)) - b8851da8-2889-47c2-8cdf-bbb0cc701685@group-9E6E2EBFCABE-LeaderElection51 PRE_VOTE round 0: submit vote requests at term 0 for -1: peers:[b8851da8-2889-47c2-8cdf-bbb0cc701685|rpc:127.0.0.1:44005|dataStream:127.0.0.1:45751|priority:1|startupRole:FOLLOWER]|listeners:[], old=null
2023-03-09 15:01:22,544 [b8851da8-2889-47c2-8cdf-bbb0cc701685@group-9E6E2EBFCABE-LeaderElection51] INFO  impl.LeaderElection (LeaderElection.java:askForVotes(314)) - b8851da8-2889-47c2-8cdf-bbb0cc701685@group-9E6E2EBFCABE-LeaderElection51 PRE_VOTE round 0: result PASSED (term=0)
2023-03-09 15:01:22,545 [b8851da8-2889-47c2-8cdf-bbb0cc701685@group-9E6E2EBFCABE-LeaderElection51] INFO  impl.LeaderElection (LeaderElection.java:askForVotes(312)) - b8851da8-2889-47c2-8cdf-bbb0cc701685@group-9E6E2EBFCABE-LeaderElection51 ELECTION round 0: submit vote requests at term 1 for -1: peers:[b8851da8-2889-47c2-8cdf-bbb0cc701685|rpc:127.0.0.1:44005|dataStream:127.0.0.1:45751|priority:1|startupRole:FOLLOWER]|listeners:[], old=null
2023-03-09 15:01:22,546 [b8851da8-2889-47c2-8cdf-bbb0cc701685@group-9E6E2EBFCABE-LeaderElection51] INFO  impl.LeaderElection (LeaderElection.java:askForVotes(314)) - b8851da8-2889-47c2-8cdf-bbb0cc701685@group-9E6E2EBFCABE-LeaderElection51 ELECTION round 0: result PASSED (term=1)
2023-03-09 15:01:22,546 [b8851da8-2889-47c2-8cdf-bbb0cc701685@group-9E6E2EBFCABE-LeaderElection51] INFO  impl.RoleInfo (RoleInfo.java:shutdownLeaderElection(130)) - b8851da8-2889-47c2-8cdf-bbb0cc701685: shutdown b8851da8-2889-47c2-8cdf-bbb0cc701685@group-9E6E2EBFCABE-LeaderElection51
2023-03-09 15:01:22,546 [b8851da8-2889-47c2-8cdf-bbb0cc701685@group-9E6E2EBFCABE-LeaderElection51] INFO  server.RaftServer$Division (RaftServerImpl.java:setRole(321)) - b8851da8-2889-47c2-8cdf-bbb0cc701685@group-9E6E2EBFCABE: changes role from CANDIDATE to LEADER at term 1 for changeToLeader
2023-03-09 15:01:22,546 [b8851da8-2889-47c2-8cdf-bbb0cc701685@group-9E6E2EBFCABE-LeaderElection51] INFO  ratis.XceiverServerRatis (XceiverServerRatis.java:handleLeaderChangedNotification(905)) - Leader change notification received for group: group-9E6E2EBFCABE with new leaderId: b8851da8-2889-47c2-8cdf-bbb0cc701685
2023-03-09 15:01:22,546 [b8851da8-2889-47c2-8cdf-bbb0cc701685@group-9E6E2EBFCABE-LeaderElection51] INFO  server.RaftServer$Division (ServerState.java:setLeader(313)) - b8851da8-2889-47c2-8cdf-bbb0cc701685@group-9E6E2EBFCABE: change Leader from null to b8851da8-2889-47c2-8cdf-bbb0cc701685 at term 1 for becomeLeader, leader elected after 5150ms
2023-03-09 15:01:22,546 [b8851da8-2889-47c2-8cdf-bbb0cc701685@group-9E6E2EBFCABE-LeaderElection51] INFO  server.RaftServerConfigKeys (ConfUtils.java:logGet(46)) - raft.server.staging.catchup.gap = 1000 (default)
2023-03-09 15:01:22,546 [b8851da8-2889-47c2-8cdf-bbb0cc701685@group-9E6E2EBFCABE-LeaderElection51] INFO  server.RaftServerConfigKeys (ConfUtils.java:logGet(46)) - raft.server.write.element-limit = 1024 (custom)
2023-03-09 15:01:22,547 [b8851da8-2889-47c2-8cdf-bbb0cc701685@group-9E6E2EBFCABE-LeaderElection51] INFO  server.RaftServerConfigKeys (ConfUtils.java:logGet(46)) - raft.server.write.byte-limit = 1024 M (=1073741824) (custom)
2023-03-09 15:01:22,547 [b8851da8-2889-47c2-8cdf-bbb0cc701685@group-9E6E2EBFCABE-LeaderElection51] INFO  server.RaftServerConfigKeys (ConfUtils.java:logGet(46)) - raft.server.watch.timeout = 180s (custom)
2023-03-09 15:01:22,547 [b8851da8-2889-47c2-8cdf-bbb0cc701685@group-9E6E2EBFCABE-LeaderElection51] INFO  server.RaftServerConfigKeys (ConfUtils.java:logGet(46)) - raft.server.watch.timeout.denomination = 1s (default)
2023-03-09 15:01:22,547 [b8851da8-2889-47c2-8cdf-bbb0cc701685@group-9E6E2EBFCABE-LeaderElection51] INFO  server.RaftServerConfigKeys (ConfUtils.java:logGet(46)) - raft.server.watch.element-limit = 65536 (default)
2023-03-09 15:01:22,548 [b8851da8-2889-47c2-8cdf-bbb0cc701685@group-9E6E2EBFCABE-LeaderElection51] INFO  server.RaftServerConfigKeys (ConfUtils.java:logGet(46)) - raft.server.write.element-limit = 1024 (custom)
2023-03-09 15:01:22,548 [b8851da8-2889-47c2-8cdf-bbb0cc701685@group-9E6E2EBFCABE-LeaderElection51] INFO  server.RaftServerConfigKeys (ConfUtils.java:logGet(46)) - raft.server.write.follower.gap.ratio.max = -1.0 (default)
2023-03-09 15:01:22,548 [b8851da8-2889-47c2-8cdf-bbb0cc701685@group-9E6E2EBFCABE-LeaderElection51] INFO  impl.RoleInfo (RoleInfo.java:updateAndGet(139)) - b8851da8-2889-47c2-8cdf-bbb0cc701685: start b8851da8-2889-47c2-8cdf-bbb0cc701685@group-9E6E2EBFCABE-LeaderStateImpl
2023-03-09 15:01:22,548 [b8851da8-2889-47c2-8cdf-bbb0cc701685@group-9E6E2EBFCABE-LeaderElection51] INFO  segmented.SegmentedRaftLogWorker (SegmentedRaftLogWorker.java:startLogSegment(452)) - b8851da8-2889-47c2-8cdf-bbb0cc701685@group-9E6E2EBFCABE-SegmentedRaftLogWorker: Starting segment from index:0
2023-03-09 15:01:22,550 [b8851da8-2889-47c2-8cdf-bbb0cc701685@group-9E6E2EBFCABE-SegmentedRaftLogWorker] INFO  segmented.SegmentedRaftLogWorker (SegmentedRaftLogWorker.java:execute(656)) - b8851da8-2889-47c2-8cdf-bbb0cc701685@group-9E6E2EBFCABE-SegmentedRaftLogWorker: created new log segment /home/runner/work/ozone/ozone/hadoop-ozone/integration-test/target/test-dir/MiniOzoneClusterImpl-254978b8-4a66-4b6a-8773-30bebe5cbf00/datanode-2/data/ratis/b13cbddd-8cf7-4452-bc78-9e6e2ebfcabe/current/log_inprogress_0
2023-03-09 15:01:22,550 [b8851da8-2889-47c2-8cdf-bbb0cc701685@group-9E6E2EBFCABE-LeaderElection51] INFO  server.RaftServer$Division (ServerState.java:setRaftConf(430)) - b8851da8-2889-47c2-8cdf-bbb0cc701685@group-9E6E2EBFCABE: set configuration 0: peers:[b8851da8-2889-47c2-8cdf-bbb0cc701685|rpc:127.0.0.1:44005|dataStream:127.0.0.1:45751|priority:1|startupRole:FOLLOWER]|listeners:[], old=null
2023-03-09 15:01:22,839 [EndpointStateMachine task thread for /127.0.0.1:36681 - 0 ] INFO  ipc.Client (Client.java:handleConnectionFailure(1010)) - Retrying connect to server: localhost/127.0.0.1:36681. Already tried 7 time(s); retry policy is RetryUpToMaximumCountWithFixedSleep(maxRetries=15, sleepTime=1000 MILLISECONDS)
2023-03-09 15:01:22,839 [EndpointStateMachine task thread for /127.0.0.1:43747 - 0 ] INFO  ipc.Client (Client.java:handleConnectionFailure(1010)) - Retrying connect to server: localhost/127.0.0.1:43747. Already tried 1 time(s); retry policy is RetryUpToMaximumCountWithFixedSleep(maxRetries=15, sleepTime=1000 MILLISECONDS)
2023-03-09 15:01:23,840 [EndpointStateMachine task thread for /127.0.0.1:36681 - 0 ] INFO  ipc.Client (Client.java:handleConnectionFailure(1010)) - Retrying connect to server: localhost/127.0.0.1:36681. Already tried 8 time(s); retry policy is RetryUpToMaximumCountWithFixedSleep(maxRetries=15, sleepTime=1000 MILLISECONDS)
2023-03-09 15:01:23,840 [EndpointStateMachine task thread for /127.0.0.1:43747 - 0 ] INFO  ipc.Client (Client.java:handleConnectionFailure(1010)) - Retrying connect to server: localhost/127.0.0.1:43747. Already tried 2 time(s); retry policy is RetryUpToMaximumCountWithFixedSleep(maxRetries=15, sleepTime=1000 MILLISECONDS)
2023-03-09 15:01:24,841 [EndpointStateMachine task thread for /127.0.0.1:43747 - 0 ] INFO  ipc.Client (Client.java:handleConnectionFailure(1010)) - Retrying connect to server: localhost/127.0.0.1:43747. Already tried 3 time(s); retry policy is RetryUpToMaximumCountWithFixedSleep(maxRetries=15, sleepTime=1000 MILLISECONDS)
2023-03-09 15:01:24,841 [EndpointStateMachine task thread for /127.0.0.1:36681 - 0 ] INFO  ipc.Client (Client.java:handleConnectionFailure(1010)) - Retrying connect to server: localhost/127.0.0.1:36681. Already tried 9 time(s); retry policy is RetryUpToMaximumCountWithFixedSleep(maxRetries=15, sleepTime=1000 MILLISECONDS)
2023-03-09 15:01:25,842 [EndpointStateMachine task thread for /127.0.0.1:43747 - 0 ] INFO  ipc.Client (Client.java:handleConnectionFailure(1010)) - Retrying connect to server: localhost/127.0.0.1:43747. Already tried 4 time(s); retry policy is RetryUpToMaximumCountWithFixedSleep(maxRetries=15, sleepTime=1000 MILLISECONDS)
2023-03-09 15:01:25,842 [EndpointStateMachine task thread for /127.0.0.1:36681 - 0 ] INFO  ipc.Client (Client.java:handleConnectionFailure(1010)) - Retrying connect to server: localhost/127.0.0.1:36681. Already tried 10 time(s); retry policy is RetryUpToMaximumCountWithFixedSleep(maxRetries=15, sleepTime=1000 MILLISECONDS)
2023-03-09 15:01:26,842 [EndpointStateMachine task thread for /127.0.0.1:43747 - 0 ] INFO  ipc.Client (Client.java:handleConnectionFailure(1010)) - Retrying connect to server: localhost/127.0.0.1:43747. Already tried 5 time(s); retry policy is RetryUpToMaximumCountWithFixedSleep(maxRetries=15, sleepTime=1000 MILLISECONDS)
2023-03-09 15:01:26,842 [EndpointStateMachine task thread for /127.0.0.1:36681 - 0 ] INFO  ipc.Client (Client.java:handleConnectionFailure(1010)) - Retrying connect to server: localhost/127.0.0.1:36681. Already tried 11 time(s); retry policy is RetryUpToMaximumCountWithFixedSleep(maxRetries=15, sleepTime=1000 MILLISECONDS)
2023-03-09 15:01:27,847 [EndpointStateMachine task thread for /127.0.0.1:43747 - 0 ] INFO  ipc.Client (Client.java:handleConnectionFailure(1010)) - Retrying connect to server: localhost/127.0.0.1:43747. Already tried 6 time(s); retry policy is RetryUpToMaximumCountWithFixedSleep(maxRetries=15, sleepTime=1000 MILLISECONDS)
2023-03-09 15:01:27,847 [EndpointStateMachine task thread for /127.0.0.1:36681 - 0 ] INFO  ipc.Client (Client.java:handleConnectionFailure(1010)) - Retrying connect to server: localhost/127.0.0.1:36681. Already tried 12 time(s); retry policy is RetryUpToMaximumCountWithFixedSleep(maxRetries=15, sleepTime=1000 MILLISECONDS)
2023-03-09 15:01:28,848 [EndpointStateMachine task thread for /127.0.0.1:43747 - 0 ] INFO  ipc.Client (Client.java:handleConnectionFailure(1010)) - Retrying connect to server: localhost/127.0.0.1:43747. Already tried 7 time(s); retry policy is RetryUpToMaximumCountWithFixedSleep(maxRetries=15, sleepTime=1000 MILLISECONDS)
2023-03-09 15:01:28,848 [EndpointStateMachine task thread for /127.0.0.1:36681 - 0 ] INFO  ipc.Client (Client.java:handleConnectionFailure(1010)) - Retrying connect to server: localhost/127.0.0.1:36681. Already tried 13 time(s); retry policy is RetryUpToMaximumCountWithFixedSleep(maxRetries=15, sleepTime=1000 MILLISECONDS)
2023-03-09 15:01:29,849 [EndpointStateMachine task thread for /127.0.0.1:43747 - 0 ] INFO  ipc.Client (Client.java:handleConnectionFailure(1010)) - Retrying connect to server: localhost/127.0.0.1:43747. Already tried 8 time(s); retry policy is RetryUpToMaximumCountWithFixedSleep(maxRetries=15, sleepTime=1000 MILLISECONDS)
2023-03-09 15:01:29,849 [EndpointStateMachine task thread for /127.0.0.1:36681 - 0 ] INFO  ipc.Client (Client.java:handleConnectionFailure(1010)) - Retrying connect to server: localhost/127.0.0.1:36681. Already tried 14 time(s); retry policy is RetryUpToMaximumCountWithFixedSleep(maxRetries=15, sleepTime=1000 MILLISECONDS)
2023-03-09 15:01:30,850 [EndpointStateMachine task thread for /127.0.0.1:43747 - 0 ] INFO  ipc.Client (Client.java:handleConnectionFailure(1010)) - Retrying connect to server: localhost/127.0.0.1:43747. Already tried 9 time(s); retry policy is RetryUpToMaximumCountWithFixedSleep(maxRetries=15, sleepTime=1000 MILLISECONDS)
2023-03-09 15:01:30,850 [EndpointStateMachine task thread for /127.0.0.1:36681 - 0 ] INFO  ipc.Client (Client.java:handleConnectionFailure(1010)) - Retrying connect to server: localhost/127.0.0.1:36681. Already tried 0 time(s); retry policy is RetryUpToMaximumCountWithFixedSleep(maxRetries=15, sleepTime=1000 MILLISECONDS)
2023-03-09 15:01:31,851 [EndpointStateMachine task thread for /127.0.0.1:43747 - 0 ] INFO  ipc.Client (Client.java:handleConnectionFailure(1010)) - Retrying connect to server: localhost/127.0.0.1:43747. Already tried 10 time(s); retry policy is RetryUpToMaximumCountWithFixedSleep(maxRetries=15, sleepTime=1000 MILLISECONDS)
2023-03-09 15:01:31,851 [EndpointStateMachine task thread for /127.0.0.1:36681 - 0 ] INFO  ipc.Client (Client.java:handleConnectionFailure(1010)) - Retrying connect to server: localhost/127.0.0.1:36681. Already tried 1 time(s); retry policy is RetryUpToMaximumCountWithFixedSleep(maxRetries=15, sleepTime=1000 MILLISECONDS)
2023-03-09 15:01:32,852 [EndpointStateMachine task thread for /127.0.0.1:36681 - 0 ] INFO  ipc.Client (Client.java:handleConnectionFailure(1010)) - Retrying connect to server: localhost/127.0.0.1:36681. Already tried 2 time(s); retry policy is RetryUpToMaximumCountWithFixedSleep(maxRetries=15, sleepTime=1000 MILLISECONDS)
2023-03-09 15:01:32,852 [EndpointStateMachine task thread for /127.0.0.1:43747 - 0 ] INFO  ipc.Client (Client.java:handleConnectionFailure(1010)) - Retrying connect to server: localhost/127.0.0.1:43747. Already tried 11 time(s); retry policy is RetryUpToMaximumCountWithFixedSleep(maxRetries=15, sleepTime=1000 MILLISECONDS)
2023-03-09 15:01:33,853 [EndpointStateMachine task thread for /127.0.0.1:43747 - 0 ] INFO  ipc.Client (Client.java:handleConnectionFailure(1010)) - Retrying connect to server: localhost/127.0.0.1:43747. Already tried 12 time(s); retry policy is RetryUpToMaximumCountWithFixedSleep(maxRetries=15, sleepTime=1000 MILLISECONDS)
2023-03-09 15:01:33,853 [EndpointStateMachine task thread for /127.0.0.1:36681 - 0 ] INFO  ipc.Client (Client.java:handleConnectionFailure(1010)) - Retrying connect to server: localhost/127.0.0.1:36681. Already tried 3 time(s); retry policy is RetryUpToMaximumCountWithFixedSleep(maxRetries=15, sleepTime=1000 MILLISECONDS)
2023-03-09 15:01:34,854 [EndpointStateMachine task thread for /127.0.0.1:43747 - 0 ] INFO  ipc.Client (Client.java:handleConnectionFailure(1010)) - Retrying connect to server: localhost/127.0.0.1:43747. Already tried 13 time(s); retry policy is RetryUpToMaximumCountWithFixedSleep(maxRetries=15, sleepTime=1000 MILLISECONDS)
2023-03-09 15:01:34,854 [EndpointStateMachine task thread for /127.0.0.1:36681 - 0 ] INFO  ipc.Client (Client.java:handleConnectionFailure(1010)) - Retrying connect to server: localhost/127.0.0.1:36681. Already tried 4 time(s); retry policy is RetryUpToMaximumCountWithFixedSleep(maxRetries=15, sleepTime=1000 MILLISECONDS)
2023-03-09 15:01:34,887 [Listener at 127.0.0.1/46001] INFO  ha.OMHANodeDetails (OMHANodeDetails.java:loadOMHAConfig(121)) - ServiceID for OzoneManager is om-add-remove
2023-03-09 15:01:34,888 [Listener at 127.0.0.1/46001] INFO  ha.OMHANodeDetails (OMHANodeDetails.java:loadOMHAConfig(201)) - Found matching OM address with OMServiceId: om-add-remove, OMNodeId: omNode-bootstrap-1, RPC Address: localhost:36585 and Ratis port: 40355
2023-03-09 15:01:34,888 [Listener at 127.0.0.1/46001] INFO  ha.OMHANodeDetails (ConfUtils.java:setNodeSpecificConfigs(97)) - Setting configuration key ozone.om.http-address with value of key ozone.om.http-address.om-add-remove.omNode-bootstrap-1: 127.0.0.1:35287
2023-03-09 15:01:34,888 [Listener at 127.0.0.1/46001] INFO  ha.OMHANodeDetails (ConfUtils.java:setNodeSpecificConfigs(97)) - Setting configuration key ozone.om.https-address with value of key ozone.om.https-address.om-add-remove.omNode-bootstrap-1: 127.0.0.1:43341
2023-03-09 15:01:34,888 [Listener at 127.0.0.1/46001] INFO  ha.OMHANodeDetails (ConfUtils.java:setNodeSpecificConfigs(97)) - Setting configuration key ozone.om.address with value of key ozone.om.address.om-add-remove.omNode-bootstrap-1: 127.0.0.1:36585
2023-03-09 15:01:34,888 [Listener at 127.0.0.1/46001] WARN  server.ServerUtils (ServerUtils.java:getDBPath(225)) - ozone.om.db.dirs is not configured. We recommend adding this setting. Falling back to ozone.metadata.dirs instead.
2023-03-09 15:01:34,889 [Listener at 127.0.0.1/46001] INFO  ha.SCMNodeInfo (SCMNodeInfo.java:getPort(197)) - ConfigKey ozone.scm.client.address is deprecated, For configuring different ports for each SCM use PortConfigKey ozone.scm.client.port appended with serviceId and nodeId
2023-03-09 15:01:34,889 [Listener at 127.0.0.1/46001] INFO  ha.SCMNodeInfo (SCMNodeInfo.java:getPort(197)) - ConfigKey ozone.scm.block.client.address is deprecated, For configuring different ports for each SCM use PortConfigKey ozone.scm.block.client.port appended with serviceId and nodeId
2023-03-09 15:01:34,889 [Listener at 127.0.0.1/46001] INFO  ha.SCMNodeInfo (SCMNodeInfo.java:getPort(197)) - ConfigKey ozone.scm.datanode.address is deprecated, For configuring different ports for each SCM use PortConfigKey ozone.scm.datanode.port appended with serviceId and nodeId
2023-03-09 15:01:34,890 [Listener at 127.0.0.1/46001] INFO  proxy.SCMBlockLocationFailoverProxyProvider (SCMBlockLocationFailoverProxyProvider.java:<init>(114)) - Created block location fail-over proxy with 1 nodes: [nodeId=scmNode-1,nodeAddress=/127.0.0.1:41909]
OM initialization succeeded.Current cluster id for sd=/home/runner/work/ozone/ozone/hadoop-ozone/integration-test/target/test-dir/MiniOzoneClusterImpl-254978b8-4a66-4b6a-8773-30bebe5cbf00/omNode-bootstrap-1/om;cid=254978b8-4a66-4b6a-8773-30bebe5cbf00;layoutVersion=3
2023-03-09 15:01:34,898 [Listener at 127.0.0.1/46001] INFO  ha.OMHANodeDetails (OMHANodeDetails.java:loadOMHAConfig(121)) - ServiceID for OzoneManager is om-add-remove
2023-03-09 15:01:34,898 [Listener at 127.0.0.1/46001] INFO  ha.OMHANodeDetails (OMHANodeDetails.java:loadOMHAConfig(201)) - Found matching OM address with OMServiceId: om-add-remove, OMNodeId: omNode-bootstrap-1, RPC Address: localhost:36585 and Ratis port: 40355
2023-03-09 15:01:34,898 [Listener at 127.0.0.1/46001] INFO  ha.OMHANodeDetails (ConfUtils.java:setNodeSpecificConfigs(97)) - Setting configuration key ozone.om.http-address with value of key ozone.om.http-address.om-add-remove.omNode-bootstrap-1: 127.0.0.1:35287
2023-03-09 15:01:34,898 [Listener at 127.0.0.1/46001] INFO  ha.OMHANodeDetails (ConfUtils.java:setNodeSpecificConfigs(97)) - Setting configuration key ozone.om.https-address with value of key ozone.om.https-address.om-add-remove.omNode-bootstrap-1: 127.0.0.1:43341
2023-03-09 15:01:34,898 [Listener at 127.0.0.1/46001] INFO  ha.OMHANodeDetails (ConfUtils.java:setNodeSpecificConfigs(97)) - Setting configuration key ozone.om.address with value of key ozone.om.address.om-add-remove.omNode-bootstrap-1: 127.0.0.1:36585
2023-03-09 15:01:34,899 [Listener at 127.0.0.1/46001] WARN  server.ServerUtils (ServerUtils.java:getDBPath(225)) - ozone.om.db.dirs is not configured. We recommend adding this setting. Falling back to ozone.metadata.dirs instead.
2023-03-09 15:01:34,900 [Listener at 127.0.0.1/46001] INFO  upgrade.AbstractLayoutVersionManager (AbstractLayoutVersionManager.java:init(83)) - Initializing Layout version manager with metadata layout = MULTITENANCY_SCHEMA (version = 3), software layout = MULTITENANCY_SCHEMA (version = 3)
2023-03-09 15:01:34,979 [Listener at 127.0.0.1/46001] INFO  reflections.Reflections (Reflections.java:scan(232)) - Reflections took 78 ms to scan 2 urls, producing 167 keys and 459 values [using 2 cores]
2023-03-09 15:01:34,979 [Listener at 127.0.0.1/46001] INFO  upgrade.OMLayoutVersionManager (OMLayoutVersionManager.java:lambda$0(115)) - Skipping Upgrade Action MockOmUpgradeAction since it has been finalized.
2023-03-09 15:01:34,980 [Listener at 127.0.0.1/46001] WARN  server.ServerUtils (ServerUtils.java:getDBPath(225)) - ozone.om.db.dirs is not configured. We recommend adding this setting. Falling back to ozone.metadata.dirs instead.
2023-03-09 15:01:34,980 [Listener at 127.0.0.1/46001] INFO  ha.SCMNodeInfo (SCMNodeInfo.java:getPort(197)) - ConfigKey ozone.scm.client.address is deprecated, For configuring different ports for each SCM use PortConfigKey ozone.scm.client.port appended with serviceId and nodeId
2023-03-09 15:01:34,980 [Listener at 127.0.0.1/46001] INFO  ha.SCMNodeInfo (SCMNodeInfo.java:getPort(197)) - ConfigKey ozone.scm.block.client.address is deprecated, For configuring different ports for each SCM use PortConfigKey ozone.scm.block.client.port appended with serviceId and nodeId
2023-03-09 15:01:34,980 [Listener at 127.0.0.1/46001] INFO  ha.SCMNodeInfo (SCMNodeInfo.java:getPort(197)) - ConfigKey ozone.scm.datanode.address is deprecated, For configuring different ports for each SCM use PortConfigKey ozone.scm.datanode.port appended with serviceId and nodeId
2023-03-09 15:01:34,981 [Listener at 127.0.0.1/46001] INFO  ha.SCMNodeInfo (SCMNodeInfo.java:getPort(197)) - ConfigKey ozone.scm.client.address is deprecated, For configuring different ports for each SCM use PortConfigKey ozone.scm.client.port appended with serviceId and nodeId
2023-03-09 15:01:34,981 [Listener at 127.0.0.1/46001] INFO  ha.SCMNodeInfo (SCMNodeInfo.java:getPort(197)) - ConfigKey ozone.scm.block.client.address is deprecated, For configuring different ports for each SCM use PortConfigKey ozone.scm.block.client.port appended with serviceId and nodeId
2023-03-09 15:01:34,981 [Listener at 127.0.0.1/46001] INFO  ha.SCMNodeInfo (SCMNodeInfo.java:getPort(197)) - ConfigKey ozone.scm.datanode.address is deprecated, For configuring different ports for each SCM use PortConfigKey ozone.scm.datanode.port appended with serviceId and nodeId
2023-03-09 15:01:34,981 [Listener at 127.0.0.1/46001] INFO  proxy.SCMBlockLocationFailoverProxyProvider (SCMBlockLocationFailoverProxyProvider.java:<init>(114)) - Created block location fail-over proxy with 1 nodes: [nodeId=scmNode-1,nodeAddress=/127.0.0.1:41909]
2023-03-09 15:01:34,982 [Listener at 127.0.0.1/46001] INFO  ha.SCMNodeInfo (SCMNodeInfo.java:getPort(197)) - ConfigKey ozone.scm.client.address is deprecated, For configuring different ports for each SCM use PortConfigKey ozone.scm.client.port appended with serviceId and nodeId
2023-03-09 15:01:34,982 [Listener at 127.0.0.1/46001] INFO  ha.SCMNodeInfo (SCMNodeInfo.java:getPort(197)) - ConfigKey ozone.scm.block.client.address is deprecated, For configuring different ports for each SCM use PortConfigKey ozone.scm.block.client.port appended with serviceId and nodeId
2023-03-09 15:01:34,983 [Listener at 127.0.0.1/46001] INFO  ha.SCMNodeInfo (SCMNodeInfo.java:getPort(197)) - ConfigKey ozone.scm.datanode.address is deprecated, For configuring different ports for each SCM use PortConfigKey ozone.scm.datanode.port appended with serviceId and nodeId
2023-03-09 15:01:34,983 [Listener at 127.0.0.1/46001] INFO  proxy.SCMBlockLocationFailoverProxyProvider (SCMBlockLocationFailoverProxyProvider.java:<init>(114)) - Created block location fail-over proxy with 1 nodes: [nodeId=scmNode-1,nodeAddress=/127.0.0.1:41909]
2023-03-09 15:01:34,989 [Listener at 127.0.0.1/46001] INFO  om.OzoneManager (OzoneManager.java:<init>(619)) - OM start with adminUsers: [runner]
2023-03-09 15:01:34,991 [Listener at 127.0.0.1/46001] WARN  server.ServerUtils (ServerUtils.java:getDBPath(225)) - ozone.om.db.dirs is not configured. We recommend adding this setting. Falling back to ozone.metadata.dirs instead.
2023-03-09 15:01:34,991 [Listener at 127.0.0.1/46001] INFO  codec.OmKeyInfoCodec (OmKeyInfoCodec.java:<init>(49)) - OmKeyInfoCodec ignorePipeline = true
2023-03-09 15:01:34,992 [Listener at 127.0.0.1/46001] INFO  codec.RepeatedOmKeyInfoCodec (RepeatedOmKeyInfoCodec.java:<init>(41)) - RepeatedOmKeyInfoCodec ignorePipeline = true
2023-03-09 15:01:35,243 [Listener at 127.0.0.1/46001] INFO  om.OzoneManager (OzoneManager.java:instantiateServices(749)) - S3 Multi-Tenancy is disabled
2023-03-09 15:01:35,244 [Listener at 127.0.0.1/46001] WARN  server.ServerUtils (ServerUtils.java:getDBPath(225)) - ozone.om.snapshot.diff.db.dir is not configured. We recommend adding this setting. Falling back to ozone.metadata.dirs instead.
2023-03-09 15:01:35,257 [Listener at 127.0.0.1/46001] INFO  om.OzoneManager (OzoneManager.java:addS3GVolumeToDB(4217)) - Created Volume s3v With Owner runner required for S3Gateway operations.
2023-03-09 15:01:35,257 [Listener at 127.0.0.1/46001] WARN  server.ServerUtils (ServerUtils.java:getDefaultRatisDirectory(237)) - Storage directory for Ratis is not configured. It is a good idea to map this to an SSD disk. Falling back to ozone.metadata.dirs
2023-03-09 15:01:35,257 [Listener at 127.0.0.1/46001] WARN  utils.OzoneManagerRatisUtils (OzoneManagerRatisUtils.java:getOMRatisSnapshotDirectory(436)) - ozone.om.ratis.snapshot.dir is not configured. Falling back to ozone.metadata.dirs config
2023-03-09 15:01:35,258 [Listener at 127.0.0.1/46001] INFO  snapshot.OzoneManagerSnapshotProvider (OzoneManagerSnapshotProvider.java:<init>(76)) - Initializing OM Snapshot Provider
2023-03-09 15:01:35,259 [Listener at 127.0.0.1/46001] WARN  impl.MetricRegistriesImpl (MetricRegistriesImpl.java:addReporterRegistration(111)) - New reporters are added after registries were created. Some metrics will be missing from the reporter. Please add reporter before adding any new registry.
2023-03-09 15:01:35,259 [Listener at 127.0.0.1/46001] WARN  impl.MetricRegistriesImpl (MetricRegistriesImpl.java:addReporterRegistration(111)) - New reporters are added after registries were created. Some metrics will be missing from the reporter. Please add reporter before adding any new registry.
2023-03-09 15:01:35,259 [Listener at 127.0.0.1/46001] WARN  server.ServerUtils (ServerUtils.java:getDefaultRatisDirectory(237)) - Storage directory for Ratis is not configured. It is a good idea to map this to an SSD disk. Falling back to ozone.metadata.dirs
2023-03-09 15:01:35,260 [Listener at 127.0.0.1/46001] INFO  ratis.OzoneManagerRatisServer (OzoneManagerRatisServer.java:<init>(157)) - OM started in Bootstrap mode. Instantiating OM Ratis server with groupID: om-add-remove
2023-03-09 15:01:35,260 [Listener at 127.0.0.1/46001] INFO  ratis.OzoneManagerStateMachine (OzoneManagerStateMachine.java:loadSnapshotInfoFromDB(636)) - LastAppliedIndex is set from TransactionInfo from OM DB as (t:0, i:~)
2023-03-09 15:01:35,264 [Listener at 127.0.0.1/46001] INFO  server.RaftServer (ConfUtils.java:logGet(46)) - raft.rpc.type = GRPC (default)
2023-03-09 15:01:35,265 [Listener at 127.0.0.1/46001] INFO  grpc.GrpcConfigKeys (ConfUtils.java:logFallback(53)) - raft.grpc.admin.host = null (fallback to raft.grpc.server.host)
2023-03-09 15:01:35,265 [Listener at 127.0.0.1/46001] INFO  grpc.GrpcConfigKeys (ConfUtils.java:logFallback(53)) - raft.grpc.admin.port = 40355 (fallback to raft.grpc.server.port)
2023-03-09 15:01:35,265 [Listener at 127.0.0.1/46001] INFO  grpc.GrpcConfigKeys (ConfUtils.java:logFallback(53)) - raft.grpc.client.host = null (fallback to raft.grpc.server.host)
2023-03-09 15:01:35,265 [Listener at 127.0.0.1/46001] INFO  grpc.GrpcConfigKeys (ConfUtils.java:logFallback(53)) - raft.grpc.client.port = 40355 (fallback to raft.grpc.server.port)
2023-03-09 15:01:35,266 [Listener at 127.0.0.1/46001] INFO  grpc.GrpcConfigKeys (ConfUtils.java:logGet(46)) - raft.grpc.server.host = null (default)
2023-03-09 15:01:35,266 [Listener at 127.0.0.1/46001] INFO  grpc.GrpcConfigKeys (ConfUtils.java:logGet(46)) - raft.grpc.server.port = 40355 (custom)
2023-03-09 15:01:35,266 [Listener at 127.0.0.1/46001] INFO  server.GrpcService (ConfUtils.java:logGet(46)) - raft.grpc.message.size.max = 33554432 (custom)
2023-03-09 15:01:35,266 [Listener at 127.0.0.1/46001] INFO  server.RaftServerConfigKeys (ConfUtils.java:logGet(46)) - raft.server.log.appender.buffer.byte-limit = 33554432 (custom)
2023-03-09 15:01:35,266 [Listener at 127.0.0.1/46001] INFO  server.GrpcService (ConfUtils.java:logGet(46)) - raft.grpc.flow.control.window = 1MB (=1048576) (default)
2023-03-09 15:01:35,267 [Listener at 127.0.0.1/46001] INFO  server.RaftServerConfigKeys (ConfUtils.java:logGet(46)) - raft.server.rpc.request.timeout = 3000ms (default)
2023-03-09 15:01:35,267 [Listener at 127.0.0.1/46001] INFO  grpc.GrpcConfigKeys (ConfUtils.java:logGet(46)) - raft.grpc.server.heartbeat.channel = true (default)
2023-03-09 15:01:35,267 [Listener at 127.0.0.1/46001] INFO  grpc.GrpcConfigKeys (ConfUtils.java:logGet(46)) - raft.grpc.server.async.request.thread.pool.cached = true (default)
2023-03-09 15:01:35,267 [Listener at 127.0.0.1/46001] INFO  grpc.GrpcConfigKeys (ConfUtils.java:logGet(46)) - raft.grpc.server.async.request.thread.pool.size = 32 (default)
2023-03-09 15:01:35,268 [Listener at 127.0.0.1/46001] INFO  impl.DataStreamServerImpl (ConfUtils.java:logGet(46)) - raft.datastream.type = DISABLED (default)
2023-03-09 15:01:35,268 [Listener at 127.0.0.1/46001] INFO  server.RaftServerConfigKeys (ConfUtils.java:logGet(46)) - raft.server.threadpool.proxy.cached = true (default)
2023-03-09 15:01:35,269 [Listener at 127.0.0.1/46001] INFO  server.RaftServerConfigKeys (ConfUtils.java:logGet(46)) - raft.server.threadpool.proxy.size = 0 (default)
2023-03-09 15:01:35,269 [Listener at 127.0.0.1/46001] INFO  server.RaftServerConfigKeys (ConfUtils.java:logGet(46)) - raft.server.rpc.slowness.timeout = 2s (custom)
2023-03-09 15:01:35,269 [Listener at 127.0.0.1/46001] INFO  server.RaftServerConfigKeys (ConfUtils.java:logGet(46)) - raft.server.leaderelection.leader.step-down.wait-time = 10s (default)
2023-03-09 15:01:35,269 [Listener at 127.0.0.1/46001] INFO  server.RaftServerConfigKeys (ConfUtils.java:logGet(46)) - raft.server.storage.dir = [/home/runner/work/ozone/ozone/hadoop-ozone/integration-test/target/test-dir/MiniOzoneClusterImpl-254978b8-4a66-4b6a-8773-30bebe5cbf00/omNode-bootstrap-1/ratis] (custom)
2023-03-09 15:01:35,270 [Listener at 127.0.0.1/46001] INFO  server.RaftServer (RaftServerProxy.java:addNew(96)) - omNode-bootstrap-1: addNew group-0AAC5367B30E:[] returns group-0AAC5367B30E:java.util.concurrent.CompletableFuture@20c0180d[Not completed]
2023-03-09 15:01:35,270 [pool-996-thread-1] INFO  server.RaftServer$Division (RaftServerImpl.java:<init>(195)) - omNode-bootstrap-1: new RaftServerImpl for group-0AAC5367B30E:[] with OzoneManagerStateMachine:uninitialized
2023-03-09 15:01:35,271 [Listener at 127.0.0.1/46001] INFO  om.OzoneManager (OzoneManager.java:initializeRatisServer(2096)) - OzoneManager Ratis server initialized at port 40355
ConfUtils.java:logGet(46)) - raft.server.rpc.timeout.min = 1s (custom)
2023-03-09 15:01:35,271 [Listener at 127.0.0.1/46001] INFO  om.OzoneManager (OzoneManager.java:initializeRatisServer(2096)) - OzoneManager Ratis server initialized at port 40355
2023-03-09 15:01:35,271 [pool-996-thread-1] INFO  server.RaftServerConfigKeys (ConfUtils.java:logGet(46)) - raft.server.rpc.timeout.max = 1200ms (custom)
2023-03-09 15:01:35,271 [Listener at 127.0.0.1/46001] INFO  om.OzoneManager (ConfUtils.java:logGet(46)) - raft.server.rpc.sleep.time = 25ms (default)
2023-03-09 15:01:35,271 [pool-996-thread-1] INFO  server.RaftServerConfigKeys (ConfUtils.java:logGet(46)) - raft.server.rpc.slowness.timeout = 2s (custom)
2023-03-09 15:01:35,271 [pool-996-thread-1] INFO  server.RaftServerConfigKeys (ConfUtils.java:logGet(46)) - raft.server.leaderelection.leader.step-down.wait-time = 10s (default)
2023-03-09 15:01:35,271 [Listener at 127.0.0.1/46001] INFO  om.OzoneManager (OzoneManager.java:getRpcServer(1132)) - Creating RPC Server
ConfUtils.java:logGet(46)) - raft.server.sleep.deviation.threshold = 300ms (default)
2023-03-09 15:01:35,271 [Listener at 127.0.0.1/46001] INFO  om.OzoneManager (OzoneManager.java:getRpcServer(1132)) - Creating RPC Server
2023-03-09 15:01:35,271 [pool-996-thread-1] INFO  server.RaftServer$Division (ServerState.java:<init>(118)) - omNode-bootstrap-1@group-0AAC5367B30E: ConfigurationManager, init=-1: peers:[]|listeners:[], old=null, confs=<EMPTY_MAP>
2023-03-09 15:01:35,271 [pool-996-thread-1] INFO  server.RaftServerConfigKeys (ConfUtils.java:logGet(46)) - raft.server.storage.dir = [/home/runner/work/ozone/ozone/hadoop-ozone/integration-test/target/test-dir/MiniOzoneClusterImpl-254978b8-4a66-4b6a-8773-30bebe5cbf00/omNode-bootstrap-1/ratis] (custom)
2023-03-09 15:01:35,271 [pool-996-thread-1] INFO  server.RaftServerConfigKeys (ConfUtils.java:logGet(46)) - raft.server.log.corruption.policy = EXCEPTION (default)
2023-03-09 15:01:35,271 [pool-996-thread-1] INFO  server.RaftServerConfigKeys (ConfUtils.java:logGet(46)) - raft.server.storage.free-space.min = 0MB (=0) (default)
2023-03-09 15:01:35,272 [pool-996-thread-1] INFO  server.RaftServerConfigKeys (ConfUtils.java:logGet(46)) - raft.server.notification.no-leader.timeout = 2s (custom)
2023-03-09 15:01:35,272 [pool-996-thread-1] INFO  server.RaftServerConfigKeys (ConfUtils.java:logGet(46)) - raft.server.retrycache.expirytime = 300s (custom)
2023-03-09 15:01:35,272 [pool-996-thread-1] INFO  server.RaftServerConfigKeys (ConfUtils.java:logGet(46)) - raft.server.retrycache.statistics.expirytime = 100μs (default)
2023-03-09 15:01:35,272 [pool-996-thread-1] INFO  server.RaftServerConfigKeys (ConfUtils.java:logGet(46)) - raft.server.log.appender.install.snapshot.enabled = false (custom)
2023-03-09 15:01:35,272 [pool-996-thread-1] INFO  server.RaftServerConfigKeys (ConfUtils.java:logGet(46)) - raft.server.threadpool.server.cached = true (default)
2023-03-09 15:01:35,272 [pool-996-thread-1] INFO  server.RaftServerConfigKeys (ConfUtils.java:logGet(46)) - raft.server.threadpool.server.size = 0 (default)
2023-03-09 15:01:35,272 [pool-996-thread-1] INFO  server.RaftServerConfigKeys (ConfUtils.java:logGet(46)) - raft.server.threadpool.client.cached = true (default)
2023-03-09 15:01:35,272 [pool-996-thread-1] INFO  server.RaftServerConfigKeys (ConfUtils.java:logGet(46)) - raft.server.threadpool.client.size = 0 (default)
2023-03-09 15:01:35,688 [Listener at 127.0.0.1/46001] INFO  reflections.Reflections (Reflections.java:scan(232)) - Reflections took 416 ms to scan 19 urls, producing 68 keys and 4914 values [using 2 cores]
2023-03-09 15:01:35,690 [Listener at 127.0.0.1/46001] INFO  ipc.CallQueueManager (CallQueueManager.java:<init>(90)) - Using callQueue: class java.util.concurrent.LinkedBlockingQueue, queueCapacity: 2000, scheduler: class org.apache.hadoop.ipc.DefaultRpcScheduler, ipcBackoff: false.
2023-03-09 15:01:35,691 [Socket Reader #1 for port 36585] INFO  ipc.Server (Server.java:run(1273)) - Starting Socket Reader #1 for port 36585
2023-03-09 15:01:35,726 [Listener at 127.0.0.1/36585] ERROR om.OzoneManager (OzoneManager.java:checkConfigBeforeBootstrap(1758)) - Remote OM config check failed on OM omNode-1
java.io.IOException: Remote OM omNode-1 does not have the bootstrapping OM(omNode-bootstrap-1) information on reloading configs or it could not resolve the address.
	at org.apache.hadoop.ozone.om.OzoneManager.checkRemoteOMConfig(OzoneManager.java:1790)
	at org.apache.hadoop.ozone.om.OzoneManager.checkConfigBeforeBootstrap(OzoneManager.java:1756)
	at org.apache.hadoop.ozone.om.OzoneManager.start(OzoneManager.java:1543)
	at org.apache.hadoop.ozone.MiniOzoneHAClusterImpl$MiniOzoneHAService.startInactiveService(MiniOzoneHAClusterImpl.java:1034)
	at org.apache.hadoop.ozone.MiniOzoneHAClusterImpl.startInactiveOM(MiniOzoneHAClusterImpl.java:214)
	at org.apache.hadoop.ozone.MiniOzoneHAClusterImpl.bootstrapNewOM(MiniOzoneHAClusterImpl.java:868)
	at org.apache.hadoop.ozone.MiniOzoneHAClusterImpl.bootstrapOzoneManager(MiniOzoneHAClusterImpl.java:778)
	at org.apache.hadoop.ozone.om.TestAddRemoveOzoneManager.testBootstrapWithoutConfigUpdate(TestAddRemoveOzoneManager.java:233)
	at sun.reflect.NativeMethodAccessorImpl.invoke0(Native Method)
	at sun.reflect.NativeMethodAccessorImpl.invoke(NativeMethodAccessorImpl.java:62)
	at sun.reflect.DelegatingMethodAccessorImpl.invoke(DelegatingMethodAccessorImpl.java:43)
	at java.lang.reflect.Method.invoke(Method.java:498)
	at org.junit.platform.commons.util.ReflectionUtils.invokeMethod(ReflectionUtils.java:725)
	at org.junit.jupiter.engine.execution.MethodInvocation.proceed(MethodInvocation.java:60)
	at org.junit.jupiter.engine.execution.InvocationInterceptorChain$ValidatingInvocation.proceed(InvocationInterceptorChain.java:131)
	at org.junit.jupiter.engine.extension.TimeoutInvocation.proceed(TimeoutInvocation.java:46)
	at org.junit.jupiter.engine.extension.TimeoutExtension.intercept(TimeoutExtension.java:149)
	at org.junit.jupiter.engine.extension.TimeoutExtension.interceptTestableMethod(TimeoutExtension.java:140)
	at org.junit.jupiter.engine.extension.TimeoutExtension.interceptTestMethod(TimeoutExtension.java:84)
	at org.junit.jupiter.engine.execution.ExecutableInvoker$ReflectiveInterceptorCall.lambda$ofVoidMethod$0(ExecutableInvoker.java:115)
	at org.junit.jupiter.engine.execution.ExecutableInvoker.lambda$invoke$0(ExecutableInvoker.java:105)
	at org.junit.jupiter.engine.execution.InvocationInterceptorChain$InterceptedInvocation.proceed(InvocationInterceptorChain.java:106)
	at org.junit.jupiter.engine.execution.InvocationInterceptorChain.proceed(InvocationInterceptorChain.java:64)
	at org.junit.jupiter.engine.execution.InvocationInterceptorChain.chainAndInvoke(InvocationInterceptorChain.java:45)
	at org.junit.jupiter.engine.execution.InvocationInterceptorChain.invoke(InvocationInterceptorChain.java:37)
	at org.junit.jupiter.engine.execution.ExecutableInvoker.invoke(ExecutableInvoker.java:104)
	at org.junit.jupiter.engine.execution.ExecutableInvoker.invoke(ExecutableInvoker.java:98)
	at org.junit.jupiter.engine.descriptor.TestMethodTestDescriptor.lambda$invokeTestMethod$7(TestMethodTestDescriptor.java:214)
	at org.junit.platform.engine.support.hierarchical.ThrowableCollector.execute(ThrowableCollector.java:73)
	at org.junit.jupiter.engine.descriptor.TestMethodTestDescriptor.invokeTestMethod(TestMethodTestDescriptor.java:210)
	at org.junit.jupiter.engine.descriptor.TestMethodTestDescriptor.execute(TestMethodTestDescriptor.java:135)
	at org.junit.jupiter.engine.descriptor.TestMethodTestDescriptor.execute(TestMethodTestDescriptor.java:66)
	at org.junit.platform.engine.support.hierarchical.NodeTestTask.lambda$executeRecursively$6(NodeTestTask.java:151)
	at org.junit.platform.engine.support.hierarchical.ThrowableCollector.execute(ThrowableCollector.java:73)
	at org.junit.platform.engine.support.hierarchical.NodeTestTask.lambda$executeRecursively$8(NodeTestTask.java:141)
	at org.junit.platform.engine.support.hierarchical.Node.around(Node.java:137)
	at org.junit.platform.engine.support.hierarchical.NodeTestTask.lambda$executeRecursively$9(NodeTestTask.java:139)
	at org.junit.platform.engine.support.hierarchical.ThrowableCollector.execute(ThrowableCollector.java:73)
	at org.junit.platform.engine.support.hierarchical.NodeTestTask.executeRecursively(NodeTestTask.java:138)
	at org.junit.platform.engine.support.hierarchical.NodeTestTask.execute(NodeTestTask.java:95)
	at java.util.ArrayList.forEach(ArrayList.java:1259)
	at org.junit.platform.engine.support.hierarchical.SameThreadHierarchicalTestExecutorService.invokeAll(SameThreadHierarchicalTestExecutorService.java:41)
	at org.junit.platform.engine.support.hierarchical.NodeTestTask.lambda$executeRecursively$6(NodeTestTask.java:155)
	at org.junit.platform.engine.support.hierarchical.ThrowableCollector.execute(ThrowableCollector.java:73)
	at org.junit.platform.engine.support.hierarchical.NodeTestTask.lambda$executeRecursively$8(NodeTestTask.java:141)
	at org.junit.platform.engine.support.hierarchical.Node.around(Node.java:137)
	at org.junit.platform.engine.support.hierarchical.NodeTestTask.lambda$executeRecursively$9(NodeTestTask.java:139)
	at org.junit.platform.engine.support.hierarchical.ThrowableCollector.execute(ThrowableCollector.java:73)
	at org.junit.platform.engine.support.hierarchical.NodeTestTask.executeRecursively(NodeTestTask.java:138)
	at org.junit.platform.engine.support.hierarchical.NodeTestTask.execute(NodeTestTask.java:95)
	at java.util.ArrayList.forEach(ArrayList.java:1259)
	at org.junit.platform.engine.support.hierarchical.SameThreadHierarchicalTestExecutorService.invokeAll(SameThreadHierarchicalTestExecutorService.java:41)
	at org.junit.platform.engine.support.hierarchical.NodeTestTask.lambda$executeRecursively$6(NodeTestTask.java:155)
	at org.junit.platform.engine.support.hierarchical.ThrowableCollector.execute(ThrowableCollector.java:73)
	at org.junit.platform.engine.support.hierarchical.NodeTestTask.lambda$executeRecursively$8(NodeTestTask.java:141)
	at org.junit.platform.engine.support.hierarchical.Node.around(Node.java:137)
	at org.junit.platform.engine.support.hierarchical.NodeTestTask.lambda$executeRecursively$9(NodeTestTask.java:139)
	at org.junit.platform.engine.support.hierarchical.ThrowableCollector.execute(ThrowableCollector.java:73)
	at org.junit.platform.engine.support.hierarchical.NodeTestTask.executeRecursively(NodeTestTask.java:138)
	at org.junit.platform.engine.support.hierarchical.NodeTestTask.execute(NodeTestTask.java:95)
	at org.junit.platform.engine.support.hierarchical.SameThreadHierarchicalTestExecutorService.submit(SameThreadHierarchicalTestExecutorService.java:35)
	at org.junit.platform.engine.support.hierarchical.HierarchicalTestExecutor.execute(HierarchicalTestExecutor.java:57)
	at org.junit.platform.engine.support.hierarchical.HierarchicalTestEngine.execute(HierarchicalTestEngine.java:54)
	at org.junit.platform.launcher.core.EngineExecutionOrchestrator.execute(EngineExecutionOrchestrator.java:107)
	at org.junit.platform.launcher.core.EngineExecutionOrchestrator.execute(EngineExecutionOrchestrator.java:88)
	at org.junit.platform.launcher.core.EngineExecutionOrchestrator.lambda$execute$0(EngineExecutionOrchestrator.java:54)
	at org.junit.platform.launcher.core.EngineExecutionOrchestrator.withInterceptedStreams(EngineExecutionOrchestrator.java:67)
	at org.junit.platform.launcher.core.EngineExecutionOrchestrator.execute(EngineExecutionOrchestrator.java:52)
	at org.junit.platform.launcher.core.DefaultLauncher.execute(DefaultLauncher.java:114)
	at org.junit.platform.launcher.core.DefaultLauncher.execute(DefaultLauncher.java:86)
	at org.junit.platform.launcher.core.DefaultLauncherSession$DelegatingLauncher.execute(DefaultLauncherSession.java:86)
	at org.junit.platform.launcher.core.SessionPerRequestLauncher.execute(SessionPerRequestLauncher.java:53)
	at org.apache.maven.surefire.junitplatform.JUnitPlatformProvider.invokeAllTests(JUnitPlatformProvider.java:165)
	at org.apache.maven.surefire.junitplatform.JUnitPlatformProvider.invoke(JUnitPlatformProvider.java:124)
	at org.apache.maven.surefire.booter.ForkedBooter.runSuitesInProcess(ForkedBooter.java:428)
	at org.apache.maven.surefire.booter.ForkedBooter.execute(ForkedBooter.java:162)
	at org.apache.maven.surefire.booter.ForkedBooter.run(ForkedBooter.java:562)
	at org.apache.maven.surefire.booter.ForkedBooter.main(ForkedBooter.java:548)
2023-03-09 15:01:35,730 [Listener at 127.0.0.1/36585] ERROR ozone.MiniOzoneHAClusterImpl (MiniOzoneHAClusterImpl.java:exitSystem(1092)) - omNode-bootstrap-1 - System Exit: OM [omNode-1[localhost:46001]] do not have or have incorrect information of the bootstrapping OM. Update their ozone-site.xml before proceeding.
2023-03-09 15:01:35,730 [Listener at 127.0.0.1/36585] INFO  om.OzoneManager (OzoneManager.java:stop(2155)) - omNode-bootstrap-1[localhost:36585]: Stopping Ozone Manager
2023-03-09 15:01:35,730 [Listener at 127.0.0.1/36585] INFO  ipc.Server (Server.java:stop(3428)) - Stopping server on 36585
2023-03-09 15:01:35,731 [Listener at 127.0.0.1/36585] INFO  ratis.OzoneManagerStateMachine (OzoneManagerStateMachine.java:close(499)) - StateMachine has shutdown. Shutdown OzoneManager if not already shutdown.
2023-03-09 15:01:35,731 [Listener at 127.0.0.1/36585] INFO  ratis.OzoneManagerDoubleBuffer (OzoneManagerDoubleBuffer.java:stopDaemon(540)) - Stopping OMDoubleBuffer flush thread
2023-03-09 15:01:35,731 [OMDoubleBufferFlushThread] INFO  ratis.OzoneManagerDoubleBuffer (OzoneManagerDoubleBuffer.java:canFlush(625)) - OMDoubleBuffer flush thread OMDoubleBufferFlushThread is interrupted and will exit.
2023-03-09 15:01:35,740 [Listener at 127.0.0.1/36585] INFO  ha.OMHANodeDetails (OMHANodeDetails.java:loadOMHAConfig(121)) - ServiceID for OzoneManager is om-add-remove
2023-03-09 15:01:35,740 [Listener at 127.0.0.1/36585] INFO  ha.OMHANodeDetails (OMHANodeDetails.java:loadOMHAConfig(201)) - Found matching OM address with OMServiceId: om-add-remove, OMNodeId: omNode-bootstrap-2, RPC Address: localhost:33363 and Ratis port: 34577
2023-03-09 15:01:35,740 [Listener at 127.0.0.1/36585] INFO  ha.OMHANodeDetails (ConfUtils.java:setNodeSpecificConfigs(97)) - Setting configuration key ozone.om.http-address with value of key ozone.om.http-address.om-add-remove.omNode-bootstrap-2: 127.0.0.1:44073
2023-03-09 15:01:35,740 [Listener at 127.0.0.1/36585] INFO  ha.OMHANodeDetails (ConfUtils.java:setNodeSpecificConfigs(97)) - Setting configuration key ozone.om.https-address with value of key ozone.om.https-address.om-add-remove.omNode-bootstrap-2: 127.0.0.1:36065
2023-03-09 15:01:35,741 [Listener at 127.0.0.1/36585] INFO  ha.OMHANodeDetails (ConfUtils.java:setNodeSpecificConfigs(97)) - Setting configuration key ozone.om.address with value of key ozone.om.address.om-add-remove.omNode-bootstrap-2: 127.0.0.1:33363
2023-03-09 15:01:35,741 [Listener at 127.0.0.1/36585] WARN  server.ServerUtils (ServerUtils.java:getDBPath(225)) - ozone.om.db.dirs is not configured. We recommend adding this setting. Falling back to ozone.metadata.dirs instead.
2023-03-09 15:01:35,741 [Listener at 127.0.0.1/36585] INFO  ha.SCMNodeInfo (SCMNodeInfo.java:getPort(197)) - ConfigKey ozone.scm.client.address is deprecated, For configuring different ports for each SCM use PortConfigKey ozone.scm.client.port appended with serviceId and nodeId
2023-03-09 15:01:35,742 [Listener at 127.0.0.1/36585] INFO  ha.SCMNodeInfo (SCMNodeInfo.java:getPort(197)) - ConfigKey ozone.scm.block.client.address is deprecated, For configuring different ports for each SCM use PortConfigKey ozone.scm.block.client.port appended with serviceId and nodeId
2023-03-09 15:01:35,742 [Listener at 127.0.0.1/36585] INFO  ha.SCMNodeInfo (SCMNodeInfo.java:getPort(197)) - ConfigKey ozone.scm.datanode.address is deprecated, For configuring different ports for each SCM use PortConfigKey ozone.scm.datanode.port appended with serviceId and nodeId
2023-03-09 15:01:35,742 [Listener at 127.0.0.1/36585] INFO  proxy.SCMBlockLocationFailoverProxyProvider (SCMBlockLocationFailoverProxyProvider.java:<init>(114)) - Created block location fail-over proxy with 1 nodes: [nodeId=scmNode-1,nodeAddress=/127.0.0.1:41909]
OM initialization succeeded.Current cluster id for sd=/home/runner/work/ozone/ozone/hadoop-ozone/integration-test/target/test-dir/MiniOzoneClusterImpl-254978b8-4a66-4b6a-8773-30bebe5cbf00/omNode-bootstrap-2/om;cid=254978b8-4a66-4b6a-8773-30bebe5cbf00;layoutVersion=3
2023-03-09 15:01:35,751 [Listener at 127.0.0.1/36585] INFO  ha.OMHANodeDetails (OMHANodeDetails.java:loadOMHAConfig(121)) - ServiceID for OzoneManager is om-add-remove
2023-03-09 15:01:35,752 [Listener at 127.0.0.1/36585] INFO  ha.OMHANodeDetails (OMHANodeDetails.java:loadOMHAConfig(201)) - Found matching OM address with OMServiceId: om-add-remove, OMNodeId: omNode-bootstrap-2, RPC Address: localhost:33363 and Ratis port: 34577
2023-03-09 15:01:35,752 [Listener at 127.0.0.1/36585] INFO  ha.OMHANodeDetails (ConfUtils.java:setNodeSpecificConfigs(97)) - Setting configuration key ozone.om.http-address with value of key ozone.om.http-address.om-add-remove.omNode-bootstrap-2: 127.0.0.1:44073
2023-03-09 15:01:35,752 [Listener at 127.0.0.1/36585] INFO  ha.OMHANodeDetails (ConfUtils.java:setNodeSpecificConfigs(97)) - Setting configuration key ozone.om.https-address with value of key ozone.om.https-address.om-add-remove.omNode-bootstrap-2: 127.0.0.1:36065
2023-03-09 15:01:35,752 [Listener at 127.0.0.1/36585] INFO  ha.OMHANodeDetails (ConfUtils.java:setNodeSpecificConfigs(97)) - Setting configuration key ozone.om.address with value of key ozone.om.address.om-add-remove.omNode-bootstrap-2: 127.0.0.1:33363
2023-03-09 15:01:35,752 [Listener at 127.0.0.1/36585] WARN  server.ServerUtils (ServerUtils.java:getDBPath(225)) - ozone.om.db.dirs is not configured. We recommend adding this setting. Falling back to ozone.metadata.dirs instead.
2023-03-09 15:01:35,753 [Listener at 127.0.0.1/36585] INFO  upgrade.AbstractLayoutVersionManager (AbstractLayoutVersionManager.java:init(83)) - Initializing Layout version manager with metadata layout = MULTITENANCY_SCHEMA (version = 3), software layout = MULTITENANCY_SCHEMA (version = 3)
2023-03-09 15:01:35,829 [Listener at 127.0.0.1/36585] INFO  reflections.Reflections (Reflections.java:scan(232)) - Reflections took 74 ms to scan 2 urls, producing 167 keys and 459 values [using 2 cores]
2023-03-09 15:01:35,829 [Listener at 127.0.0.1/36585] INFO  upgrade.OMLayoutVersionManager (OMLayoutVersionManager.java:lambda$0(115)) - Skipping Upgrade Action MockOmUpgradeAction since it has been finalized.
2023-03-09 15:01:35,829 [Listener at 127.0.0.1/36585] WARN  server.ServerUtils (ServerUtils.java:getDBPath(225)) - ozone.om.db.dirs is not configured. We recommend adding this setting. Falling back to ozone.metadata.dirs instead.
2023-03-09 15:01:35,830 [Listener at 127.0.0.1/36585] INFO  ha.SCMNodeInfo (SCMNodeInfo.java:getPort(197)) - ConfigKey ozone.scm.client.address is deprecated, For configuring different ports for each SCM use PortConfigKey ozone.scm.client.port appended with serviceId and nodeId
2023-03-09 15:01:35,830 [Listener at 127.0.0.1/36585] INFO  ha.SCMNodeInfo (SCMNodeInfo.java:getPort(197)) - ConfigKey ozone.scm.block.client.address is deprecated, For configuring different ports for each SCM use PortConfigKey ozone.scm.block.client.port appended with serviceId and nodeId
2023-03-09 15:01:35,830 [Listener at 127.0.0.1/36585] INFO  ha.SCMNodeInfo (SCMNodeInfo.java:getPort(197)) - ConfigKey ozone.scm.datanode.address is deprecated, For configuring different ports for each SCM use PortConfigKey ozone.scm.datanode.port appended with serviceId and nodeId
2023-03-09 15:01:35,831 [Listener at 127.0.0.1/36585] INFO  ha.SCMNodeInfo (SCMNodeInfo.java:getPort(197)) - ConfigKey ozone.scm.client.address is deprecated, For configuring different ports for each SCM use PortConfigKey ozone.scm.client.port appended with serviceId and nodeId
2023-03-09 15:01:35,831 [Listener at 127.0.0.1/36585] INFO  ha.SCMNodeInfo (SCMNodeInfo.java:getPort(197)) - ConfigKey ozone.scm.block.client.address is deprecated, For configuring different ports for each SCM use PortConfigKey ozone.scm.block.client.port appended with serviceId and nodeId
2023-03-09 15:01:35,831 [Listener at 127.0.0.1/36585] INFO  ha.SCMNodeInfo (SCMNodeInfo.java:getPort(197)) - ConfigKey ozone.scm.datanode.address is deprecated, For configuring different ports for each SCM use PortConfigKey ozone.scm.datanode.port appended with serviceId and nodeId
2023-03-09 15:01:35,831 [Listener at 127.0.0.1/36585] INFO  proxy.SCMBlockLocationFailoverProxyProvider (SCMBlockLocationFailoverProxyProvider.java:<init>(114)) - Created block location fail-over proxy with 1 nodes: [nodeId=scmNode-1,nodeAddress=/127.0.0.1:41909]
2023-03-09 15:01:35,832 [Listener at 127.0.0.1/36585] INFO  ha.SCMNodeInfo (SCMNodeInfo.java:getPort(197)) - ConfigKey ozone.scm.client.address is deprecated, For configuring different ports for each SCM use PortConfigKey ozone.scm.client.port appended with serviceId and nodeId
2023-03-09 15:01:35,833 [Listener at 127.0.0.1/36585] INFO  ha.SCMNodeInfo (SCMNodeInfo.java:getPort(197)) - ConfigKey ozone.scm.block.client.address is deprecated, For configuring different ports for each SCM use PortConfigKey ozone.scm.block.client.port appended with serviceId and nodeId
2023-03-09 15:01:35,833 [Listener at 127.0.0.1/36585] INFO  ha.SCMNodeInfo (SCMNodeInfo.java:getPort(197)) - ConfigKey ozone.scm.datanode.address is deprecated, For configuring different ports for each SCM use PortConfigKey ozone.scm.datanode.port appended with serviceId and nodeId
2023-03-09 15:01:35,833 [Listener at 127.0.0.1/36585] INFO  proxy.SCMBlockLocationFailoverProxyProvider (SCMBlockLocationFailoverProxyProvider.java:<init>(114)) - Created block location fail-over proxy with 1 nodes: [nodeId=scmNode-1,nodeAddress=/127.0.0.1:41909]
2023-03-09 15:01:35,842 [Listener at 127.0.0.1/36585] INFO  om.OzoneManager (OzoneManager.java:<init>(619)) - OM start with adminUsers: [runner]
2023-03-09 15:01:35,848 [Listener at 127.0.0.1/36585] WARN  server.ServerUtils (ServerUtils.java:getDBPath(225)) - ozone.om.db.dirs is not configured. We recommend adding this setting. Falling back to ozone.metadata.dirs instead.
2023-03-09 15:01:35,848 [Listener at 127.0.0.1/36585] INFO  codec.OmKeyInfoCodec (OmKeyInfoCodec.java:<init>(49)) - OmKeyInfoCodec ignorePipeline = true
2023-03-09 15:01:35,849 [Listener at 127.0.0.1/36585] INFO  codec.RepeatedOmKeyInfoCodec (RepeatedOmKeyInfoCodec.java:<init>(41)) - RepeatedOmKeyInfoCodec ignorePipeline = true
2023-03-09 15:01:35,855 [EndpointStateMachine task thread for /127.0.0.1:43747 - 0 ] INFO  ipc.Client (Client.java:handleConnectionFailure(1010)) - Retrying connect to server: localhost/127.0.0.1:43747. Already tried 14 time(s); retry policy is RetryUpToMaximumCountWithFixedSleep(maxRetries=15, sleepTime=1000 MILLISECONDS)
2023-03-09 15:01:35,855 [EndpointStateMachine task thread for /127.0.0.1:36681 - 0 ] INFO  ipc.Client (Client.java:handleConnectionFailure(1010)) - Retrying connect to server: localhost/127.0.0.1:36681. Already tried 5 time(s); retry policy is RetryUpToMaximumCountWithFixedSleep(maxRetries=15, sleepTime=1000 MILLISECONDS)
2023-03-09 15:01:35,856 [EndpointStateMachine task thread for /127.0.0.1:43747 - 0 ] WARN  statemachine.EndpointStateMachine (EndpointStateMachine.java:logIfNeeded(242)) - Unable to communicate to SCM server at localhost:43747 for past 0 seconds.
java.net.ConnectException: Call From fv-az377-502/10.1.0.44 to localhost:43747 failed on connection exception: java.net.ConnectException: Connection refused; For more details see:  http://wiki.apache.org/hadoop/ConnectionRefused
	at sun.reflect.GeneratedConstructorAccessor79.newInstance(Unknown Source)
	at sun.reflect.DelegatingConstructorAccessorImpl.newInstance(DelegatingConstructorAccessorImpl.java:45)
	at java.lang.reflect.Constructor.newInstance(Constructor.java:423)
	at org.apache.hadoop.net.NetUtils.wrapWithMessage(NetUtils.java:913)
	at org.apache.hadoop.net.NetUtils.wrapException(NetUtils.java:828)
	at org.apache.hadoop.ipc.Client.getRpcResponse(Client.java:1616)
	at org.apache.hadoop.ipc.Client.call(Client.java:1558)
	at org.apache.hadoop.ipc.Client.call(Client.java:1455)
	at org.apache.hadoop.ipc.ProtobufRpcEngine$Invoker.invoke(ProtobufRpcEngine.java:235)
	at org.apache.hadoop.ipc.ProtobufRpcEngine$Invoker.invoke(ProtobufRpcEngine.java:122)
	at com.sun.proxy.$Proxy54.submitRequest(Unknown Source)
	at org.apache.hadoop.ozone.protocolPB.StorageContainerDatanodeProtocolClientSideTranslatorPB.submitRequest(StorageContainerDatanodeProtocolClientSideTranslatorPB.java:117)
	at org.apache.hadoop.ozone.protocolPB.StorageContainerDatanodeProtocolClientSideTranslatorPB.sendHeartbeat(StorageContainerDatanodeProtocolClientSideTranslatorPB.java:149)
	at org.apache.hadoop.ozone.container.common.states.endpoint.HeartbeatEndpointTask.call(HeartbeatEndpointTask.java:185)
	at org.apache.hadoop.ozone.container.common.states.endpoint.HeartbeatEndpointTask.call(HeartbeatEndpointTask.java:87)
	at java.util.concurrent.FutureTask.run(FutureTask.java:266)
	at java.util.concurrent.ThreadPoolExecutor.runWorker(ThreadPoolExecutor.java:1149)
	at java.util.concurrent.ThreadPoolExecutor$Worker.run(ThreadPoolExecutor.java:624)
	at java.lang.Thread.run(Thread.java:750)
Caused by: java.net.ConnectException: Connection refused
	at sun.nio.ch.SocketChannelImpl.checkConnect(Native Method)
	at sun.nio.ch.SocketChannelImpl.finishConnect(SocketChannelImpl.java:716)
	at org.apache.hadoop.net.SocketIOWithTimeout.connect(SocketIOWithTimeout.java:205)
	at org.apache.hadoop.net.NetUtils.connect(NetUtils.java:586)
	at org.apache.hadoop.ipc.Client$Connection.setupConnection(Client.java:711)
	at org.apache.hadoop.ipc.Client$Connection.setupIOstreams(Client.java:833)
	at org.apache.hadoop.ipc.Client$Connection.access$3800(Client.java:414)
	at org.apache.hadoop.ipc.Client.getConnection(Client.java:1677)
	at org.apache.hadoop.ipc.Client.call(Client.java:1502)
	... 12 more
2023-03-09 15:01:36,100 [Listener at 127.0.0.1/36585] INFO  om.OzoneManager (OzoneManager.java:instantiateServices(749)) - S3 Multi-Tenancy is disabled
2023-03-09 15:01:36,101 [Listener at 127.0.0.1/36585] WARN  server.ServerUtils (ServerUtils.java:getDBPath(225)) - ozone.om.snapshot.diff.db.dir is not configured. We recommend adding this setting. Falling back to ozone.metadata.dirs instead.
2023-03-09 15:01:36,114 [Listener at 127.0.0.1/36585] INFO  om.OzoneManager (OzoneManager.java:addS3GVolumeToDB(4217)) - Created Volume s3v With Owner runner required for S3Gateway operations.
2023-03-09 15:01:36,114 [Listener at 127.0.0.1/36585] WARN  server.ServerUtils (ServerUtils.java:getDefaultRatisDirectory(237)) - Storage directory for Ratis is not configured. It is a good idea to map this to an SSD disk. Falling back to ozone.metadata.dirs
2023-03-09 15:01:36,114 [Listener at 127.0.0.1/36585] WARN  utils.OzoneManagerRatisUtils (OzoneManagerRatisUtils.java:getOMRatisSnapshotDirectory(436)) - ozone.om.ratis.snapshot.dir is not configured. Falling back to ozone.metadata.dirs config
2023-03-09 15:01:36,115 [Listener at 127.0.0.1/36585] INFO  snapshot.OzoneManagerSnapshotProvider (OzoneManagerSnapshotProvider.java:<init>(76)) - Initializing OM Snapshot Provider
2023-03-09 15:01:36,116 [Listener at 127.0.0.1/36585] WARN  server.ServerUtils (ServerUtils.java:getDefaultRatisDirectory(237)) - Storage directory for Ratis is not configured. It is a good idea to map this to an SSD disk. Falling back to ozone.metadata.dirs
2023-03-09 15:01:36,117 [Listener at 127.0.0.1/36585] INFO  ratis.OzoneManagerRatisServer (OzoneManagerRatisServer.java:<init>(157)) - OM started in Bootstrap mode. Instantiating OM Ratis server with groupID: om-add-remove
2023-03-09 15:01:36,117 [Listener at 127.0.0.1/36585] INFO  ratis.OzoneManagerStateMachine (OzoneManagerStateMachine.java:loadSnapshotInfoFromDB(636)) - LastAppliedIndex is set from TransactionInfo from OM DB as (t:0, i:~)
2023-03-09 15:01:36,118 [Listener at 127.0.0.1/36585] INFO  server.RaftServer (ConfUtils.java:logGet(46)) - raft.rpc.type = GRPC (default)
2023-03-09 15:01:36,118 [Listener at 127.0.0.1/36585] INFO  grpc.GrpcConfigKeys (ConfUtils.java:logFallback(53)) - raft.grpc.admin.host = null (fallback to raft.grpc.server.host)
2023-03-09 15:01:36,118 [Listener at 127.0.0.1/36585] INFO  grpc.GrpcConfigKeys (ConfUtils.java:logFallback(53)) - raft.grpc.admin.port = 34577 (fallback to raft.grpc.server.port)
2023-03-09 15:01:36,118 [Listener at 127.0.0.1/36585] INFO  grpc.GrpcConfigKeys (ConfUtils.java:logFallback(53)) - raft.grpc.client.host = null (fallback to raft.grpc.server.host)
2023-03-09 15:01:36,119 [Listener at 127.0.0.1/36585] INFO  grpc.GrpcConfigKeys (ConfUtils.java:logFallback(53)) - raft.grpc.client.port = 34577 (fallback to raft.grpc.server.port)
2023-03-09 15:01:36,119 [Listener at 127.0.0.1/36585] INFO  grpc.GrpcConfigKeys (ConfUtils.java:logGet(46)) - raft.grpc.server.host = null (default)
2023-03-09 15:01:36,119 [Listener at 127.0.0.1/36585] INFO  grpc.GrpcConfigKeys (ConfUtils.java:logGet(46)) - raft.grpc.server.port = 34577 (custom)
2023-03-09 15:01:36,119 [Listener at 127.0.0.1/36585] INFO  server.GrpcService (ConfUtils.java:logGet(46)) - raft.grpc.message.size.max = 33554432 (custom)
2023-03-09 15:01:36,119 [Listener at 127.0.0.1/36585] INFO  server.RaftServerConfigKeys (ConfUtils.java:logGet(46)) - raft.server.log.appender.buffer.byte-limit = 33554432 (custom)
2023-03-09 15:01:36,119 [Listener at 127.0.0.1/36585] INFO  server.GrpcService (ConfUtils.java:logGet(46)) - raft.grpc.flow.control.window = 1MB (=1048576) (default)
2023-03-09 15:01:36,120 [Listener at 127.0.0.1/36585] INFO  server.RaftServerConfigKeys (ConfUtils.java:logGet(46)) - raft.server.rpc.request.timeout = 3000ms (default)
2023-03-09 15:01:36,120 [Listener at 127.0.0.1/36585] INFO  grpc.GrpcConfigKeys (ConfUtils.java:logGet(46)) - raft.grpc.server.heartbeat.channel = true (default)
2023-03-09 15:01:36,120 [Listener at 127.0.0.1/36585] INFO  grpc.GrpcConfigKeys (ConfUtils.java:logGet(46)) - raft.grpc.server.async.request.thread.pool.cached = true (default)
2023-03-09 15:01:36,120 [Listener at 127.0.0.1/36585] INFO  grpc.GrpcConfigKeys (ConfUtils.java:logGet(46)) - raft.grpc.server.async.request.thread.pool.size = 32 (default)
2023-03-09 15:01:36,121 [Listener at 127.0.0.1/36585] INFO  impl.DataStreamServerImpl (ConfUtils.java:logGet(46)) - raft.datastream.type = DISABLED (default)
2023-03-09 15:01:36,121 [Listener at 127.0.0.1/36585] INFO  server.RaftServerConfigKeys (ConfUtils.java:logGet(46)) - raft.server.threadpool.proxy.cached = true (default)
2023-03-09 15:01:36,122 [Listener at 127.0.0.1/36585] INFO  server.RaftServerConfigKeys (ConfUtils.java:logGet(46)) - raft.server.threadpool.proxy.size = 0 (default)
2023-03-09 15:01:36,122 [Listener at 127.0.0.1/36585] INFO  server.RaftServerConfigKeys (ConfUtils.java:logGet(46)) - raft.server.rpc.slowness.timeout = 2s (custom)
2023-03-09 15:01:36,122 [Listener at 127.0.0.1/36585] INFO  server.RaftServerConfigKeys (ConfUtils.java:logGet(46)) - raft.server.leaderelection.leader.step-down.wait-time = 10s (default)
2023-03-09 15:01:36,122 [Listener at 127.0.0.1/36585] INFO  server.RaftServerConfigKeys (ConfUtils.java:logGet(46)) - raft.server.storage.dir = [/home/runner/work/ozone/ozone/hadoop-ozone/integration-test/target/test-dir/MiniOzoneClusterImpl-254978b8-4a66-4b6a-8773-30bebe5cbf00/omNode-bootstrap-2/ratis] (custom)
2023-03-09 15:01:36,123 [Listener at 127.0.0.1/36585] INFO  server.RaftServer (RaftServerProxy.java:addNew(96)) - omNode-bootstrap-2: addNew group-0AAC5367B30E:[] returns group-0AAC5367B30E:java.util.concurrent.CompletableFuture@45fcc229[Not completed]
2023-03-09 15:01:36,123 [pool-1023-thread-1] INFO  server.RaftServer$Division (RaftServerImpl.java:<init>(195)) - omNode-bootstrap-2: new RaftServerImpl for group-0AAC5367B30E:[] with OzoneManagerStateMachine:uninitialized
2023-03-09 15:01:36,123 [Listener at 127.0.0.1/36585] INFO  om.OzoneManager (OzoneManager.java:initializeRatisServer(2096)) - OzoneManager Ratis server initialized at port 34577
2023-03-09 15:01:36,123 [Listener at 127.0.0.1/36585] INFO  om.OzoneManager (ConfUtils.java:logGet(46)) - raft.server.rpc.timeout.min = 1s (custom)
2023-03-09 15:01:36,123 [pool-1023-thread-1] INFO  server.RaftServerConfigKeys (ConfUtils.java:logGet(46)) - raft.server.rpc.timeout.max = 1200ms (custom)
2023-03-09 15:01:36,123 [Listener at 127.0.0.1/36585] INFO  om.OzoneManager (OzoneManager.java:getRpcServer(1132)) - Creating RPC Server
ConfUtils.java:logGet(46)) - raft.server.rpc.sleep.time = 25ms (default)
2023-03-09 15:01:36,123 [Listener at 127.0.0.1/36585] INFO  om.OzoneManager (OzoneManager.java:getRpcServer(1132)) - Creating RPC Server
2023-03-09 15:01:36,124 [pool-1023-thread-1] INFO  server.RaftServerConfigKeys (ConfUtils.java:logGet(46)) - raft.server.rpc.slowness.timeout = 2s (custom)
2023-03-09 15:01:36,124 [pool-1023-thread-1] INFO  server.RaftServerConfigKeys (ConfUtils.java:logGet(46)) - raft.server.leaderelection.leader.step-down.wait-time = 10s (default)
2023-03-09 15:01:36,124 [pool-1023-thread-1] INFO  server.RaftServerConfigKeys (ConfUtils.java:logGet(46)) - raft.server.sleep.deviation.threshold = 300ms (default)
2023-03-09 15:01:36,124 [pool-1023-thread-1] INFO  server.RaftServer$Division (ServerState.java:<init>(118)) - omNode-bootstrap-2@group-0AAC5367B30E: ConfigurationManager, init=-1: peers:[]|listeners:[], old=null, confs=<EMPTY_MAP>
2023-03-09 15:01:36,127 [pool-1023-thread-1] INFO  server.RaftServerConfigKeys (ConfUtils.java:logGet(46)) - raft.server.storage.dir = [/home/runner/work/ozone/ozone/hadoop-ozone/integration-test/target/test-dir/MiniOzoneClusterImpl-254978b8-4a66-4b6a-8773-30bebe5cbf00/omNode-bootstrap-2/ratis] (custom)
2023-03-09 15:01:36,127 [pool-1023-thread-1] INFO  server.RaftServerConfigKeys (ConfUtils.java:logGet(46)) - raft.server.log.corruption.policy = EXCEPTION (default)
2023-03-09 15:01:36,127 [pool-1023-thread-1] INFO  server.RaftServerConfigKeys (ConfUtils.java:logGet(46)) - raft.server.storage.free-space.min = 0MB (=0) (default)
2023-03-09 15:01:36,128 [pool-1023-thread-1] INFO  server.RaftServerConfigKeys (ConfUtils.java:logGet(46)) - raft.server.notification.no-leader.timeout = 2s (custom)
2023-03-09 15:01:36,128 [pool-1023-thread-1] INFO  server.RaftServerConfigKeys (ConfUtils.java:logGet(46)) - raft.server.retrycache.expirytime = 300s (custom)
2023-03-09 15:01:36,128 [pool-1023-thread-1] INFO  server.RaftServerConfigKeys (ConfUtils.java:logGet(46)) - raft.server.retrycache.statistics.expirytime = 100μs (default)
2023-03-09 15:01:36,128 [pool-1023-thread-1] INFO  server.RaftServerConfigKeys (ConfUtils.java:logGet(46)) - raft.server.log.appender.install.snapshot.enabled = false (custom)
2023-03-09 15:01:36,129 [pool-1023-thread-1] INFO  server.RaftServerConfigKeys (ConfUtils.java:logGet(46)) - raft.server.threadpool.server.cached = true (default)
2023-03-09 15:01:36,129 [pool-1023-thread-1] INFO  server.RaftServerConfigKeys (ConfUtils.java:logGet(46)) - raft.server.threadpool.server.size = 0 (default)
2023-03-09 15:01:36,129 [pool-1023-thread-1] INFO  server.RaftServerConfigKeys (ConfUtils.java:logGet(46)) - raft.server.threadpool.client.cached = true (default)
2023-03-09 15:01:36,129 [pool-1023-thread-1] INFO  server.RaftServerConfigKeys (ConfUtils.java:logGet(46)) - raft.server.threadpool.client.size = 0 (default)
2023-03-09 15:01:36,636 [JvmPauseMonitor34] WARN  util.JvmPauseMonitor (JvmPauseMonitor.java:detectPause(126)) - JvmPauseMonitor-b8851da8-2889-47c2-8cdf-bbb0cc701685: Detected pause in JVM or host machine (eg GC): pause of approximately 175515911ns.
GC pool 'PS MarkSweep' had collection(s): count=1 time=294ms
GC pool 'PS Scavenge' had collection(s): count=1 time=78ms
2023-03-09 15:01:36,637 [JvmPauseMonitor24] WARN  util.JvmPauseMonitor (JvmPauseMonitor.java:detectPause(126)) - JvmPauseMonitor-omNode-1: Detected pause in JVM or host machine (eg GC): pause of approximately 244166410ns.
GC pool 'PS MarkSweep' had collection(s): count=1 time=294ms
GC pool 'PS Scavenge' had collection(s): count=1 time=78ms
2023-03-09 15:01:36,637 [JvmPauseMonitor17] WARN  util.JvmPauseMonitor (JvmPauseMonitor.java:detectPause(126)) - JvmPauseMonitor-omNode-1: Detected pause in JVM or host machine (eg GC): pause of approximately 244357412ns.
GC pool 'PS MarkSweep' had collection(s): count=1 time=294ms
GC pool 'PS Scavenge' had collection(s): count=1 time=78ms
2023-03-09 15:01:36,637 [JvmPauseMonitor2] WARN  util.JvmPauseMonitor (JvmPauseMonitor.java:detectPause(126)) - JvmPauseMonitor-omNode-1: Detected pause in JVM or host machine (eg GC): pause of approximately 244485312ns.
GC pool 'PS MarkSweep' had collection(s): count=1 time=294ms
GC pool 'PS Scavenge' had collection(s): count=1 time=78ms
2023-03-09 15:01:36,854 [Listener at 127.0.0.1/36585] INFO  reflections.Reflections (Reflections.java:scan(232)) - Reflections took 729 ms to scan 19 urls, producing 68 keys and 4914 values [using 2 cores]
2023-03-09 15:01:36,855 [EndpointStateMachine task thread for /127.0.0.1:36681 - 0 ] INFO  ipc.Client (Client.java:handleConnectionFailure(1010)) - Retrying connect to server: localhost/127.0.0.1:36681. Already tried 6 time(s); retry policy is RetryUpToMaximumCountWithFixedSleep(maxRetries=15, sleepTime=1000 MILLISECONDS)
2023-03-09 15:01:36,856 [Listener at 127.0.0.1/36585] INFO  ipc.CallQueueManager (CallQueueManager.java:<init>(90)) - Using callQueue: class java.util.concurrent.LinkedBlockingQueue, queueCapacity: 2000, scheduler: class org.apache.hadoop.ipc.DefaultRpcScheduler, ipcBackoff: false.
2023-03-09 15:01:36,857 [EndpointStateMachine task thread for /127.0.0.1:43747 - 0 ] INFO  ipc.Client (Client.java:handleConnectionFailure(1010)) - Retrying connect to server: localhost/127.0.0.1:43747. Already tried 0 time(s); retry policy is RetryUpToMaximumCountWithFixedSleep(maxRetries=15, sleepTime=1000 MILLISECONDS)
2023-03-09 15:01:36,858 [Socket Reader #1 for port 33363] INFO  ipc.Server (Server.java:run(1273)) - Starting Socket Reader #1 for port 33363
2023-03-09 15:01:36,885 [Listener at 127.0.0.1/33363] WARN  om.OzoneManager (OzoneManager.java:start(1545)) - Skipped checking whether existing OM configs have been updated with this OM information as force bootstrap is called.
2023-03-09 15:01:36,885 [Listener at 127.0.0.1/33363] INFO  impl.MetricsSystemImpl (MetricsSystemImpl.java:init(158)) - OzoneManager metrics system started (again)
2023-03-09 15:01:36,896 [Listener at 127.0.0.1/33363] INFO  om.OzoneManager (OzoneManager.java:start(1553)) - OzoneManager RPC server is listening at localhost/127.0.0.1:33363
2023-03-09 15:01:36,897 [Listener at 127.0.0.1/33363] INFO  ratis.OzoneManagerRatisServer (OzoneManagerRatisServer.java:start(559)) - Starting OzoneManagerRatisServer omNode-bootstrap-2 at port 34577
2023-03-09 15:01:36,897 [omNode-bootstrap-2-impl-thread1] INFO  storage.RaftStorageDirectory (RaftStorageDirectoryImpl.java:analyzeStorage(137)) - The storage directory /home/runner/work/ozone/ozone/hadoop-ozone/integration-test/target/test-dir/MiniOzoneClusterImpl-254978b8-4a66-4b6a-8773-30bebe5cbf00/omNode-bootstrap-2/ratis/0718e334-ffa1-36bc-8e9a-0aac5367b30e does not exist. Creating ...
2023-03-09 15:01:36,901 [omNode-bootstrap-2-impl-thread1] INFO  storage.RaftStorageDirectory (RaftStorageDirectoryImpl.java:tryLock(231)) - Lock on /home/runner/work/ozone/ozone/hadoop-ozone/integration-test/target/test-dir/MiniOzoneClusterImpl-254978b8-4a66-4b6a-8773-30bebe5cbf00/omNode-bootstrap-2/ratis/0718e334-ffa1-36bc-8e9a-0aac5367b30e/in_use.lock acquired by nodename 57158@fv-az377-502
2023-03-09 15:01:36,903 [omNode-bootstrap-2-impl-thread1] INFO  storage.RaftStorage (RaftStorageImpl.java:format(96)) - Storage directory /home/runner/work/ozone/ozone/hadoop-ozone/integration-test/target/test-dir/MiniOzoneClusterImpl-254978b8-4a66-4b6a-8773-30bebe5cbf00/omNode-bootstrap-2/ratis/0718e334-ffa1-36bc-8e9a-0aac5367b30e has been successfully formatted.
2023-03-09 15:01:36,903 [omNode-bootstrap-2-impl-thread1] INFO  server.RaftServerConfigKeys (ConfUtils.java:logGet(46)) - raft.server.log.use.memory = false (default)
2023-03-09 15:01:36,903 [omNode-bootstrap-2-impl-thread1] INFO  server.RaftServerConfigKeys (ConfUtils.java:logGet(46)) - raft.server.log.purge.gap = 1000000 (custom)
2023-03-09 15:01:36,903 [omNode-bootstrap-2-impl-thread1] INFO  server.RaftServerConfigKeys (ConfUtils.java:logGet(46)) - raft.server.log.appender.buffer.byte-limit = 33554432 (custom)
2023-03-09 15:01:36,904 [omNode-bootstrap-2-impl-thread1] INFO  server.RaftServerConfigKeys (ConfUtils.java:logGet(46)) - raft.server.log.statemachine.data.read.timeout = 1000ms (default)
2023-03-09 15:01:36,904 [omNode-bootstrap-2-impl-thread1] INFO  server.RaftServerConfigKeys (ConfUtils.java:logGet(46)) - raft.server.log.purge.preservation.log.num = 0 (default)
2023-03-09 15:01:36,904 [omNode-bootstrap-2-impl-thread1] INFO  server.RaftServerConfigKeys (ConfUtils.java:logGet(46)) - raft.server.log.segment.size.max = 4194304 (custom)
2023-03-09 15:01:36,904 [omNode-bootstrap-2-impl-thread1] INFO  server.RaftServerConfigKeys (ConfUtils.java:logGet(46)) - raft.server.log.segment.cache.num.max = 2 (custom)
2023-03-09 15:01:36,904 [omNode-bootstrap-2-impl-thread1] INFO  server.RaftServerConfigKeys (ConfUtils.java:logGet(46)) - raft.server.log.segment.cache.size.max = 200MB (=209715200) (default)
2023-03-09 15:01:36,905 [omNode-bootstrap-2-impl-thread1] INFO  segmented.SegmentedRaftLogWorker (SegmentedRaftLogWorker.java:<init>(189)) - new omNode-bootstrap-2@group-0AAC5367B30E-SegmentedRaftLogWorker for RaftStorageImpl:Storage Directory /home/runner/work/ozone/ozone/hadoop-ozone/integration-test/target/test-dir/MiniOzoneClusterImpl-254978b8-4a66-4b6a-8773-30bebe5cbf00/omNode-bootstrap-2/ratis/0718e334-ffa1-36bc-8e9a-0aac5367b30e
2023-03-09 15:01:36,905 [omNode-bootstrap-2-impl-thread1] INFO  server.RaftServerConfigKeys (ConfUtils.java:logGet(46)) - raft.server.log.queue.byte-limit = 64MB (=67108864) (default)
2023-03-09 15:01:36,905 [omNode-bootstrap-2-impl-thread1] INFO  server.RaftServerConfigKeys (ConfUtils.java:logGet(46)) - raft.server.log.queue.element-limit = 4096 (default)
2023-03-09 15:01:36,905 [omNode-bootstrap-2-impl-thread1] INFO  server.RaftServerConfigKeys (ConfUtils.java:logGet(46)) - raft.server.log.segment.size.max = 4194304 (custom)
2023-03-09 15:01:36,905 [omNode-bootstrap-2-impl-thread1] INFO  server.RaftServerConfigKeys (ConfUtils.java:logGet(46)) - raft.server.log.preallocated.size = 4194304 (custom)
2023-03-09 15:01:36,905 [omNode-bootstrap-2-impl-thread1] INFO  server.RaftServerConfigKeys (ConfUtils.java:logGet(46)) - raft.server.log.force.sync.num = 128 (default)
2023-03-09 15:01:36,905 [omNode-bootstrap-2-impl-thread1] INFO  server.RaftServerConfigKeys (ConfUtils.java:logGet(46)) - raft.server.log.statemachine.data.sync = true (default)
2023-03-09 15:01:36,905 [omNode-bootstrap-2-impl-thread1] INFO  server.RaftServerConfigKeys (ConfUtils.java:logGet(46)) - raft.server.log.statemachine.data.sync.timeout = 10s (default)
2023-03-09 15:01:36,905 [omNode-bootstrap-2-impl-thread1] INFO  server.RaftServerConfigKeys (ConfUtils.java:logGet(46)) - raft.server.log.statemachine.data.sync.timeout.retry = -1 (default)
2023-03-09 15:01:36,905 [omNode-bootstrap-2-impl-thread1] INFO  server.RaftServerConfigKeys (ConfUtils.java:logGet(46)) - raft.server.log.write.buffer.size = 64KB (=65536) (default)
2023-03-09 15:01:36,906 [omNode-bootstrap-2-impl-thread1] INFO  server.RaftServerConfigKeys (ConfUtils.java:logGet(46)) - raft.server.log.appender.buffer.byte-limit = 33554432 (custom)
2023-03-09 15:01:36,912 [omNode-bootstrap-2-impl-thread1] INFO  server.RaftServerConfigKeys (ConfUtils.java:logGet(46)) - raft.server.log.unsafe-flush.enabled = false (default)
2023-03-09 15:01:36,912 [omNode-bootstrap-2-impl-thread1] INFO  server.RaftServerConfigKeys (ConfUtils.java:logGet(46)) - raft.server.log.async-flush.enabled = false (default)
2023-03-09 15:01:36,912 [omNode-bootstrap-2-impl-thread1] INFO  server.RaftServerConfigKeys (ConfUtils.java:logGet(46)) - raft.server.log.statemachine.data.caching.enabled = false (default)
2023-03-09 15:01:36,913 [omNode-bootstrap-2-impl-thread1] INFO  segmented.SegmentedRaftLogWorker (SegmentedRaftLogWorker.java:lambda$new$0(135)) - omNode-bootstrap-2@group-0AAC5367B30E-SegmentedRaftLogWorker: flushIndex: setUnconditionally 0 -> -1
2023-03-09 15:01:36,913 [omNode-bootstrap-2-impl-thread1] INFO  segmented.SegmentedRaftLogWorker (SegmentedRaftLogWorker.java:lambda$new$0(135)) - omNode-bootstrap-2@group-0AAC5367B30E-SegmentedRaftLogWorker: safeCacheEvictIndex: setUnconditionally 0 -> -1
2023-03-09 15:01:36,913 [omNode-bootstrap-2-impl-thread1] INFO  server.RaftServer$Division (RaftServerImpl.java:start(340)) - omNode-bootstrap-2@group-0AAC5367B30E: start with initializing state, conf=-1: peers:[]|listeners:[], old=null
2023-03-09 15:01:36,913 [omNode-bootstrap-2-impl-thread1] INFO  server.RaftServer$Division (RaftServerImpl.java:setRole(321)) - omNode-bootstrap-2@group-0AAC5367B30E: changes role from      null to FOLLOWER at term 0 for startInitializing
2023-03-09 15:01:36,915 [omNode-bootstrap-2-impl-thread1] INFO  util.JmxRegister (JmxRegister.java:tryRegister(44)) - Successfully registered JMX Bean with object name Ratis:service=RaftServer,group=group-0AAC5367B30E,id=omNode-bootstrap-2
2023-03-09 15:01:36,915 [omNode-bootstrap-2-impl-thread1] INFO  server.RaftServerConfigKeys (ConfUtils.java:logGet(46)) - raft.server.snapshot.auto.trigger.enabled = true (custom)
2023-03-09 15:01:36,915 [omNode-bootstrap-2-impl-thread1] INFO  server.RaftServerConfigKeys (ConfUtils.java:logGet(46)) - raft.server.snapshot.auto.trigger.threshold = 400000 (default)
2023-03-09 15:01:36,915 [omNode-bootstrap-2-impl-thread1] INFO  server.RaftServerConfigKeys (ConfUtils.java:logGet(46)) - raft.server.snapshot.retention.file.num = -1 (default)
2023-03-09 15:01:36,915 [omNode-bootstrap-2-impl-thread1] INFO  server.RaftServerConfigKeys (ConfUtils.java:logGet(46)) - raft.server.log.purge.upto.snapshot.index = true (custom)
2023-03-09 15:01:36,916 [Listener at 127.0.0.1/33363] INFO  server.RaftServer (RaftServerProxy.java:startImpl(393)) - omNode-bootstrap-2: start RPC server
2023-03-09 15:01:36,925 [Listener at 127.0.0.1/33363] INFO  server.GrpcService (GrpcService.java:startImpl(262)) - omNode-bootstrap-2: GrpcService started, listening on 34577
2023-03-09 15:01:36,925 [Listener at 127.0.0.1/33363] INFO  om.OzoneManager (JvmPauseMonitor.java:run(105)) - JvmPauseMonitor-omNode-bootstrap-2: Started
2023-03-09 15:01:36,925 [Listener at 127.0.0.1/33363] INFO  om.OzoneManager (OzoneManager.java:start(1569)) - Version File has different layout version (3) than OM DB (null). That is expected if this OM has never been finalized to a newer layout version.
2023-03-09 15:01:36,932 [Listener at 127.0.0.1/33363] INFO  http.BaseHttpServer (BaseHttpServer.java:newHttpServer2BuilderForOzone(224)) - Starting Web-server for ozoneManager at: http://0.0.0.0:44073
2023-03-09 15:01:36,932 [Listener at 127.0.0.1/33363] INFO  http.BaseHttpServer (BaseHttpServer.java:<init>(111)) - Hadoop Security Enabled: false Ozone Security Enabled: false Ozone HTTP Security Enabled: false 
2023-03-09 15:01:36,934 [Listener at 127.0.0.1/33363] WARN  server.AuthenticationFilter (AuthenticationFilter.java:constructSecretProvider(240)) - Unable to initialize FileSignerSecretProvider, falling back to use random secrets. Reason: Could not read signature secret file: /home/runner/hadoop-http-auth-signature-secret
2023-03-09 15:01:36,934 [Listener at 127.0.0.1/33363] WARN  http.HttpRequestLog (HttpRequestLog.java:getRequestLog(103)) - Jetty request log can only be enabled using Log4j
2023-03-09 15:01:36,936 [Listener at 127.0.0.1/33363] INFO  http.HttpServer2 (HttpServer2.java:addGlobalFilter(1031)) - Added global filter 'safety' (class=org.apache.hadoop.hdds.server.http.HttpServer2$QuotingInputFilter)
2023-03-09 15:01:36,936 [Listener at 127.0.0.1/33363] INFO  http.HttpServer2 (HttpServer2.java:addFilter(1007)) - Added filter static_user_filter (class=org.apache.hadoop.http.lib.StaticUserWebFilter$StaticUserFilter) to context ozoneManager
2023-03-09 15:01:36,936 [Listener at 127.0.0.1/33363] INFO  http.HttpServer2 (HttpServer2.java:addFilter(1015)) - Added filter static_user_filter (class=org.apache.hadoop.http.lib.StaticUserWebFilter$StaticUserFilter) to context logs
2023-03-09 15:01:36,936 [Listener at 127.0.0.1/33363] INFO  http.HttpServer2 (HttpServer2.java:addFilter(1015)) - Added filter static_user_filter (class=org.apache.hadoop.http.lib.StaticUserWebFilter$StaticUserFilter) to context static
2023-03-09 15:01:36,937 [Listener at 127.0.0.1/33363] INFO  http.BaseHttpServer (BaseHttpServer.java:<init>(190)) - HTTP server of ozoneManager uses base directory /home/runner/work/ozone/ozone/hadoop-ozone/integration-test/target/test-dir/MiniOzoneClusterImpl-254978b8-4a66-4b6a-8773-30bebe5cbf00/omNode-bootstrap-2/webserver
2023-03-09 15:01:36,937 [Listener at 127.0.0.1/33363] INFO  http.HttpServer2 (HttpServer2.java:bindListener(1250)) - Jetty bound to port 44073
2023-03-09 15:01:36,938 [Listener at 127.0.0.1/33363] INFO  server.Server (Server.java:doStart(375)) - jetty-9.4.49.v20220914; built: 2022-09-14T01:07:36.601Z; git: 4231a3b2e4cb8548a412a789936d640a97b1aa0a; jvm 1.8.0_362-b09
2023-03-09 15:01:36,947 [Listener at 127.0.0.1/33363] INFO  server.session (DefaultSessionIdManager.java:doStart(334)) - DefaultSessionIdManager workerName=node0
2023-03-09 15:01:36,947 [Listener at 127.0.0.1/33363] INFO  server.session (DefaultSessionIdManager.java:doStart(339)) - No SessionScavenger set, using defaults
2023-03-09 15:01:36,948 [Listener at 127.0.0.1/33363] INFO  server.session (HouseKeeper.java:startScavenging(132)) - node0 Scavenging every 600000ms
2023-03-09 15:01:36,948 [Listener at 127.0.0.1/33363] INFO  handler.ContextHandler (ContextHandler.java:doStart(921)) - Started o.e.j.s.ServletContextHandler@1f1bde6{logs,/logs,file:///home/runner/work/ozone/ozone/hadoop-ozone/integration-test/target/log,AVAILABLE}
2023-03-09 15:01:36,949 [Listener at 127.0.0.1/33363] INFO  handler.ContextHandler (ContextHandler.java:doStart(921)) - Started o.e.j.s.ServletContextHandler@6bdf1b90{static,/static,file:///home/runner/work/ozone/ozone/hadoop-ozone/integration-test/target/test-classes/webapps/static,AVAILABLE}
2023-03-09 15:01:36,952 [Listener at 127.0.0.1/33363] INFO  handler.ContextHandler (ContextHandler.java:doStart(921)) - Started o.e.j.w.WebAppContext@75d74321{ozoneManager,/,file:///home/runner/work/ozone/ozone/hadoop-ozone/integration-test/target/test-classes/webapps/ozoneManager/,AVAILABLE}{file:/home/runner/work/ozone/ozone/hadoop-ozone/integration-test/target/test-classes/webapps/ozoneManager}
2023-03-09 15:01:36,966 [Listener at 127.0.0.1/33363] INFO  server.AbstractConnector (AbstractConnector.java:doStart(333)) - Started ServerConnector@639d9b78{HTTP/1.1, (http/1.1)}{0.0.0.0:44073}
2023-03-09 15:01:36,967 [Listener at 127.0.0.1/33363] INFO  server.Server (Server.java:doStart(415)) - Started @227620ms
2023-03-09 15:01:36,967 [Listener at 127.0.0.1/33363] WARN  impl.MetricsSystemImpl (MetricsSystemImpl.java:register(279)) - Sink prometheus already exists!
2023-03-09 15:01:36,967 [Listener at 127.0.0.1/33363] INFO  http.BaseHttpServer (BaseHttpServer.java:updateConnectorAddress(344)) - HTTP server of ozoneManager listening at http://0.0.0.0:44073
2023-03-09 15:01:36,968 [IPC Server Responder] INFO  ipc.Server (Server.java:run(1512)) - IPC Server Responder: starting
2023-03-09 15:01:36,968 [IPC Server listener on 33363] INFO  ipc.Server (Server.java:run(1352)) - IPC Server listener on 33363: starting
2023-03-09 15:01:36,971 [Listener at 127.0.0.1/33363] INFO  om.OzoneManager (OzoneManager.java:startTrashEmptier(2040)) - Trash Interval set to 0. Files deleted won't move to trash
2023-03-09 15:01:36,972 [org.apache.hadoop.util.JvmPauseMonitor$Monitor@7173247f] INFO  util.JvmPauseMonitor (JvmPauseMonitor.java:run(188)) - Starting JVM pause monitor
2023-03-09 15:01:36,979 [IPC Server handler 12 on default port 46001] INFO  ratis.OzoneManagerRatisServer (OzoneManagerRatisServer.java:addOMToRatisRing(314)) - omNode-1: Submitting SetConfiguration request to Ratis server to add new OM peer omNode-bootstrap-2|rpc:localhost:34577|priority:0|startupRole:FOLLOWER to the Ratis group group-0AAC5367B30E:[omNode-1|rpc:localhost:43479|priority:0|startupRole:FOLLOWER]
2023-03-09 15:01:36,980 [IPC Server handler 12 on default port 46001] INFO  server.RaftServer$Division (RaftServerImpl.java:setConfigurationAsync(1112)) - omNode-1@group-0AAC5367B30E: receive setConfiguration SetConfigurationRequest:client-CA95A1AB2E88->omNode-1@group-0AAC5367B30E, cid=5, seq=0, RW, null, SET_UNCONDITIONALLY, servers:[omNode-1|rpc:localhost:43479|priority:0|startupRole:FOLLOWER, omNode-bootstrap-2|rpc:localhost:34577|priority:0|startupRole:FOLLOWER], listeners:[]
2023-03-09 15:01:36,980 [IPC Server handler 12 on default port 46001] INFO  server.RaftServer$Division (LeaderStateImpl.java:startSetConfiguration(368)) - omNode-1@group-0AAC5367B30E-LeaderStateImpl: startSetConfiguration SetConfigurationRequest:client-CA95A1AB2E88->omNode-1@group-0AAC5367B30E, cid=5, seq=0, RW, null, SET_UNCONDITIONALLY, servers:[omNode-1|rpc:localhost:43479|priority:0|startupRole:FOLLOWER, omNode-bootstrap-2|rpc:localhost:34577|priority:0|startupRole:FOLLOWER], listeners:[]
2023-03-09 15:01:36,980 [IPC Server handler 12 on default port 46001] INFO  server.RaftServerConfigKeys (ConfUtils.java:logGet(46)) - raft.server.log.appender.snapshot.chunk.size.max = 16MB (=16777216) (default)
2023-03-09 15:01:36,980 [IPC Server handler 12 on default port 46001] INFO  server.RaftServerConfigKeys (ConfUtils.java:logGet(46)) - raft.server.log.appender.buffer.byte-limit = 33554432 (custom)
2023-03-09 15:01:36,980 [IPC Server handler 12 on default port 46001] INFO  server.RaftServerConfigKeys (ConfUtils.java:logGet(46)) - raft.server.log.appender.buffer.element-limit = 1024 (custom)
2023-03-09 15:01:36,982 [IPC Server handler 12 on default port 46001] INFO  grpc.GrpcConfigKeys (ConfUtils.java:logGet(46)) - raft.grpc.server.leader.outstanding.appends.max = 128 (default)
2023-03-09 15:01:36,982 [IPC Server handler 12 on default port 46001] INFO  server.RaftServerConfigKeys (ConfUtils.java:logGet(46)) - raft.server.rpc.request.timeout = 3000ms (default)
2023-03-09 15:01:36,982 [IPC Server handler 12 on default port 46001] INFO  server.RaftServerConfigKeys (ConfUtils.java:logGet(46)) - raft.server.log.appender.install.snapshot.enabled = false (custom)
2023-03-09 15:01:36,982 [IPC Server handler 12 on default port 46001] INFO  grpc.GrpcConfigKeys (ConfUtils.java:logGet(46)) - raft.grpc.server.heartbeat.channel = true (default)
2023-03-09 15:01:36,982 [IPC Server handler 12 on default port 46001] INFO  server.RaftServerConfigKeys (ConfUtils.java:logGet(46)) - raft.server.log.appender.wait-time.min = 10ms (default)
2023-03-09 15:01:36,983 [omNode-1@group-0AAC5367B30E->omNode-bootstrap-2-GrpcLogAppender-LogAppenderDaemon] INFO  server.GrpcLogAppender (GrpcLogAppender.java:installSnapshot(635)) - omNode-1@group-0AAC5367B30E->omNode-bootstrap-2-GrpcLogAppender: followerNextIndex = 0 but logStartIndex = 0, notify follower to install snapshot-(t:1, i:0)
2023-03-09 15:01:36,984 [omNode-1@group-0AAC5367B30E->omNode-bootstrap-2-GrpcLogAppender-LogAppenderDaemon] INFO  server.GrpcLogAppender (GrpcLogAppender.java:installSnapshot(643)) - omNode-1@group-0AAC5367B30E->omNode-bootstrap-2-GrpcLogAppender: send omNode-1->omNode-bootstrap-2#0-t1,notify:(t:1, i:0)
2023-03-09 15:01:36,984 [omNode-1@group-0AAC5367B30E->omNode-bootstrap-2-GrpcLogAppender-LogAppenderDaemon] INFO  server.GrpcServerProtocolClient (GrpcServerProtocolClient.java:<init>(63)) - Build channel for omNode-bootstrap-2
2023-03-09 15:01:37,016 [grpc-default-executor-13] INFO  impl.SnapshotInstallationHandler (SnapshotInstallationHandler.java:installSnapshot(89)) - omNode-bootstrap-2@group-0AAC5367B30E: receive installSnapshot: omNode-1->omNode-bootstrap-2#0-t1,notify:(t:1, i:0)
2023-03-09 15:01:37,019 [grpc-default-executor-13] INFO  server.RaftServer$Division (ServerState.java:setLeader(313)) - omNode-bootstrap-2@group-0AAC5367B30E: change Leader from null to omNode-1 at term 1 for installSnapshot, leader elected after 891ms
2023-03-09 15:01:37,019 [grpc-default-executor-13] INFO  impl.SnapshotInstallationHandler (SnapshotInstallationHandler.java:notifyStateMachineToInstallSnapshot(220)) - omNode-bootstrap-2@group-0AAC5367B30E: Received notification to install snapshot at index 0
2023-03-09 15:01:37,019 [grpc-default-executor-13] INFO  impl.SnapshotInstallationHandler (SnapshotInstallationHandler.java:notifyStateMachineToInstallSnapshot(229)) - omNode-bootstrap-2@group-0AAC5367B30E: InstallSnapshot notification result: ALREADY_INSTALLED, current snapshot index: -1
2023-03-09 15:01:37,020 [grpc-default-executor-13] INFO  impl.SnapshotInstallationHandler (SnapshotInstallationHandler.java:installSnapshotImpl(134)) - omNode-bootstrap-2@group-0AAC5367B30E: set new configuration configurationEntry {
  peers {
    id: "omNode-1"
    address: "localhost:43479"
    startupRole: FOLLOWER
  }
}
 from snapshot
2023-03-09 15:01:37,021 [grpc-default-executor-13] INFO  server.RaftServer$Division (ServerState.java:setRaftConf(430)) - omNode-bootstrap-2@group-0AAC5367B30E: set configuration 0: peers:[omNode-1|rpc:localhost:43479|admin:|client:|dataStream:|priority:0|startupRole:FOLLOWER]|listeners:[], old=null
2023-03-09 15:01:37,021 [grpc-default-executor-13] INFO  ratis.OzoneManagerStateMachine (OzoneManagerStateMachine.java:notifyConfigurationChanged(192)) - Received Configuration change notification from Ratis. New Peer list:
[id: "omNode-1"
address: "localhost:43479"
startupRole: FOLLOWER
]
2023-03-09 15:01:37,025 [grpc-default-executor-13] INFO  ratis.OzoneManagerRatisServer (OzoneManagerRatisServer.java:addRaftPeer(405)) - Added OM omNode-1 to Ratis Peers list.
2023-03-09 15:01:37,025 [grpc-default-executor-13] INFO  om.OzoneManager (OzoneManager.java:addOMNodeToPeers(1959)) - Added OM omNode-1 to the Peer list.
2023-03-09 15:01:37,027 [grpc-default-executor-13] INFO  impl.SnapshotInstallationHandler (SnapshotInstallationHandler.java:installSnapshot(100)) - omNode-bootstrap-2@group-0AAC5367B30E: reply installSnapshot: omNode-1<-omNode-bootstrap-2#0:OK-t0,ALREADY_INSTALLED
2023-03-09 15:01:37,028 [grpc-default-executor-11] INFO  server.GrpcLogAppender (GrpcLogAppender.java:onNext(494)) - omNode-1@group-0AAC5367B30E->omNode-bootstrap-2-InstallSnapshotResponseHandler: received the first reply omNode-1<-omNode-bootstrap-2#0:OK-t0,ALREADY_INSTALLED
2023-03-09 15:01:37,028 [grpc-default-executor-11] INFO  server.GrpcLogAppender (GrpcLogAppender.java:onNext(517)) - omNode-1@group-0AAC5367B30E->omNode-bootstrap-2-InstallSnapshotResponseHandler: Follower snapshot is already at index 0.
2023-03-09 15:01:37,028 [grpc-default-executor-11] INFO  leader.FollowerInfo (FollowerInfoImpl.java:lambda$new$0(48)) - omNode-1@group-0AAC5367B30E->omNode-bootstrap-2: snapshotIndex: setUnconditionally 0 -> 0
2023-03-09 15:01:37,028 [grpc-default-executor-11] INFO  leader.FollowerInfo (FollowerInfoImpl.java:lambda$new$0(48)) - omNode-1@group-0AAC5367B30E->omNode-bootstrap-2: matchIndex: setUnconditionally 0 -> 0
2023-03-09 15:01:37,028 [grpc-default-executor-11] INFO  leader.FollowerInfo (FollowerInfoImpl.java:lambda$new$0(48)) - omNode-1@group-0AAC5367B30E->omNode-bootstrap-2: nextIndex: setUnconditionally 0 -> 1
2023-03-09 15:01:37,028 [grpc-default-executor-11] INFO  leader.FollowerInfo (FollowerInfoImpl.java:setAttemptedToInstallSnapshot(118)) - Follower omNode-1@group-0AAC5367B30E->omNode-bootstrap-2 acknowledged installing snapshot
2023-03-09 15:01:37,028 [grpc-default-executor-11] INFO  leader.FollowerInfo (FollowerInfoImpl.java:lambda$new$0(48)) - omNode-1@group-0AAC5367B30E->omNode-bootstrap-2: nextIndex: updateToMax old=1, new=1, updated? false
2023-03-09 15:01:37,028 [grpc-default-executor-13] INFO  server.GrpcServerProtocolService (GrpcServerProtocolService.java:onCompleted(143)) - omNode-bootstrap-2: Completed INSTALL_SNAPSHOT, lastRequest: omNode-1->omNode-bootstrap-2#0-t1,notify:(t:1, i:0)
2023-03-09 15:01:37,055 [omNode-bootstrap-2-server-thread1] INFO  impl.RoleInfo (RoleInfo.java:updateAndGet(139)) - omNode-bootstrap-2: start omNode-bootstrap-2@group-0AAC5367B30E-FollowerState
2023-03-09 15:01:37,056 [omNode-bootstrap-2-server-thread1] INFO  server.RaftServer$Division (RaftServerImpl.java:checkInconsistentAppendEntries(1508)) - omNode-bootstrap-2@group-0AAC5367B30E: Failed appendEntries as previous log entry ((t:1, i:0)) is not found
2023-03-09 15:01:37,056 [omNode-bootstrap-2-server-thread1] INFO  server.RaftServer$Division (RaftServerImpl.java:checkInconsistentAppendEntries(1478)) - omNode-bootstrap-2@group-0AAC5367B30E: inconsistency entries. Reply:omNode-1<-omNode-bootstrap-2#0:FAIL-t1,INCONSISTENCY,nextIndex=0,followerCommit=-1,matchIndex=-1
2023-03-09 15:01:37,057 [grpc-default-executor-13] INFO  leader.FollowerInfo (FollowerInfoImpl.java:lambda$new$0(48)) - omNode-1@group-0AAC5367B30E->omNode-bootstrap-2: nextIndex: updateUnconditionally 9 -> 0
2023-03-09 15:01:37,057 [omNode-bootstrap-2-server-thread2] INFO  server.RaftServer$Division (RaftServerImpl.java:checkInconsistentAppendEntries(1508)) - omNode-bootstrap-2@group-0AAC5367B30E: Failed appendEntries as previous log entry ((t:1, i:0)) is not found
2023-03-09 15:01:37,057 [omNode-bootstrap-2-server-thread2] INFO  server.RaftServer$Division (RaftServerImpl.java:checkInconsistentAppendEntries(1478)) - omNode-bootstrap-2@group-0AAC5367B30E: inconsistency entries. Reply:omNode-1<-omNode-bootstrap-2#1:FAIL-t1,INCONSISTENCY,nextIndex=0,followerCommit=-1,matchIndex=-1
2023-03-09 15:01:37,058 [omNode-bootstrap-2-server-thread1] INFO  server.RaftServer$Division (ServerState.java:setRaftConf(430)) - omNode-bootstrap-2@group-0AAC5367B30E: set configuration 0: peers:[omNode-1|rpc:localhost:43479|admin:|client:|dataStream:|priority:0|startupRole:FOLLOWER]|listeners:[], old=null
2023-03-09 15:01:37,059 [omNode-bootstrap-2-server-thread1] INFO  segmented.SegmentedRaftLogWorker (SegmentedRaftLogWorker.java:startLogSegment(452)) - omNode-bootstrap-2@group-0AAC5367B30E-SegmentedRaftLogWorker: Starting segment from index:0
2023-03-09 15:01:37,062 [grpc-default-executor-13] INFO  leader.FollowerInfo (FollowerInfoImpl.java:lambda$new$0(48)) - omNode-1@group-0AAC5367B30E->omNode-bootstrap-2: nextIndex: updateUnconditionally 9 -> 0
2023-03-09 15:01:37,063 [omNode-bootstrap-2-server-thread1] INFO  server.RaftServer$Division (ServerState.java:setRaftConf(430)) - omNode-bootstrap-2@group-0AAC5367B30E: set configuration 0: peers:[omNode-1|rpc:localhost:43479|admin:|client:|dataStream:|priority:0|startupRole:FOLLOWER]|listeners:[], old=null
2023-03-09 15:01:37,073 [omNode-bootstrap-2@group-0AAC5367B30E-SegmentedRaftLogWorker] INFO  segmented.SegmentedRaftLogWorker (SegmentedRaftLogWorker.java:execute(656)) - omNode-bootstrap-2@group-0AAC5367B30E-SegmentedRaftLogWorker: created new log segment /home/runner/work/ozone/ozone/hadoop-ozone/integration-test/target/test-dir/MiniOzoneClusterImpl-254978b8-4a66-4b6a-8773-30bebe5cbf00/omNode-bootstrap-2/ratis/0718e334-ffa1-36bc-8e9a-0aac5367b30e/current/log_inprogress_0
2023-03-09 15:01:37,077 [omNode-bootstrap-2@group-0AAC5367B30E-StateMachineUpdater] INFO  ratis.OzoneManagerStateMachine (OzoneManagerStateMachine.java:notifyConfigurationChanged(192)) - Received Configuration change notification from Ratis. New Peer list:
[id: "omNode-1"
address: "localhost:43479"
startupRole: FOLLOWER
]
2023-03-09 15:01:37,080 [omNode-1@group-0AAC5367B30E-LeaderStateImpl] INFO  server.RaftServer$Division (ServerState.java:setRaftConf(430)) - omNode-1@group-0AAC5367B30E: set configuration 9: peers:[omNode-bootstrap-2|rpc:localhost:34577|priority:0|startupRole:FOLLOWER, omNode-1|rpc:localhost:43479|priority:0|startupRole:FOLLOWER]|listeners:[], old=peers:[omNode-1|rpc:localhost:43479|admin:|client:|dataStream:|priority:0|startupRole:FOLLOWER]|listeners:[]
2023-03-09 15:01:37,086 [omNode-bootstrap-2-server-thread3] INFO  server.RaftServer$Division (ServerState.java:setRaftConf(430)) - omNode-bootstrap-2@group-0AAC5367B30E: set configuration 9: peers:[omNode-bootstrap-2|rpc:localhost:34577|admin:|client:|dataStream:|priority:0|startupRole:FOLLOWER, omNode-1|rpc:localhost:43479|admin:|client:|dataStream:|priority:0|startupRole:FOLLOWER]|listeners:[], old=peers:[omNode-1|rpc:localhost:43479|admin:|client:|dataStream:|priority:0|startupRole:FOLLOWER]|listeners:[]
2023-03-09 15:01:37,087 [omNode-1@group-0AAC5367B30E-LeaderStateImpl] INFO  server.RaftServer$Division (ServerState.java:setRaftConf(430)) - omNode-1@group-0AAC5367B30E: set configuration 11: peers:[omNode-bootstrap-2|rpc:localhost:34577|priority:0|startupRole:FOLLOWER, omNode-1|rpc:localhost:43479|priority:0|startupRole:FOLLOWER]|listeners:[], old=null
2023-03-09 15:01:37,088 [omNode-1@group-0AAC5367B30E-StateMachineUpdater] INFO  ratis.OzoneManagerStateMachine (OzoneManagerStateMachine.java:notifyConfigurationChanged(192)) - Received Configuration change notification from Ratis. New Peer list:
[id: "omNode-bootstrap-2"
address: "localhost:34577"
startupRole: FOLLOWER
, id: "omNode-1"
address: "localhost:43479"
startupRole: FOLLOWER
]
2023-03-09 15:01:37,097 [omNode-bootstrap-2-server-thread3] INFO  server.RaftServer$Division (ServerState.java:setRaftConf(430)) - omNode-bootstrap-2@group-0AAC5367B30E: set configuration 11: peers:[omNode-bootstrap-2|rpc:localhost:34577|admin:|client:|dataStream:|priority:0|startupRole:FOLLOWER, omNode-1|rpc:localhost:43479|admin:|client:|dataStream:|priority:0|startupRole:FOLLOWER]|listeners:[], old=null
2023-03-09 15:01:37,098 [omNode-bootstrap-2@group-0AAC5367B30E-StateMachineUpdater] INFO  ratis.OzoneManagerStateMachine (OzoneManagerStateMachine.java:notifyConfigurationChanged(192)) - Received Configuration change notification from Ratis. New Peer list:
[id: "omNode-bootstrap-2"
address: "localhost:34577"
startupRole: FOLLOWER
, id: "omNode-1"
address: "localhost:43479"
startupRole: FOLLOWER
]
2023-03-09 15:01:37,098 [omNode-bootstrap-2@group-0AAC5367B30E-StateMachineUpdater] INFO  ratis.OzoneManagerRatisServer (OzoneManagerRatisServer.java:addRaftPeer(405)) - Added OM omNode-bootstrap-2 to Ratis Peers list.
2023-03-09 15:01:37,099 [omNode-bootstrap-2@group-0AAC5367B30E-StateMachineUpdater] INFO  ratis.OzoneManagerRatisServer (OzoneManagerRatisServer.java:addRaftPeer(405)) - Added OM omNode-1 to Ratis Peers list.
2023-03-09 15:01:37,101 [omNode-1@group-0AAC5367B30E-StateMachineUpdater] ERROR om.OzoneManager (OzoneManager.java:addOMNodeToPeers(1946)) - omNode-1: Couldn't add OM omNode-bootstrap-2 to peer list.
2023-03-09 15:01:37,101 [OM StateMachine ApplyTransaction Thread - 0] INFO  volume.OMVolumeCreateRequest (OMVolumeCreateRequest.java:validateAndUpdateCache(195)) - created volume:volume58122 for user:runner
2023-03-09 15:01:37,101 [omNode-1@group-0AAC5367B30E-StateMachineUpdater] ERROR ozone.MiniOzoneHAClusterImpl (MiniOzoneHAClusterImpl.java:exitSystem(1084)) - omNode-1 - System Exit: There is no OM configuration for node ID omNode-bootstrap-2 in ozone-site.xml.
java.io.IOException: There is no OM configuration for node ID omNode-bootstrap-2 in ozone-site.xml.
	at org.apache.hadoop.ozone.om.OzoneManager.addOMNodeToPeers(OzoneManager.java:1941)
	at org.apache.hadoop.ozone.om.OzoneManager.updatePeerList(OzoneManager.java:1871)
	at org.apache.hadoop.ozone.om.ratis.OzoneManagerStateMachine.notifyConfigurationChanged(OzoneManagerStateMachine.java:200)
	at org.apache.ratis.server.impl.RaftServerImpl.applyLogToStateMachine(RaftServerImpl.java:1657)
	at org.apache.ratis.server.impl.StateMachineUpdater.applyLog(StateMachineUpdater.java:239)
	at org.apache.ratis.server.impl.StateMachineUpdater.run(StateMachineUpdater.java:182)
	at java.lang.Thread.run(Thread.java:750)
2023-03-09 15:01:37,107 [omNode-1@group-0AAC5367B30E-StateMachineUpdater] INFO  om.OzoneManager (OzoneManager.java:stop(2155)) - omNode-1[localhost:46001]: Stopping Ozone Manager
2023-03-09 15:01:37,109 [IPC Server handler 12 on default port 46001] INFO  ratis.OzoneManagerRatisServer (OzoneManagerRatisServer.java:addOMToRatisRing(328)) - Added OM omNode-bootstrap-2 to Ratis group group-0AAC5367B30E.
2023-03-09 15:01:37,110 [Listener at 127.0.0.1/33363] INFO  om.OzoneManager (OzoneManager.java:bootstrap(1820)) - Successfully bootstrapped OM omNode-bootstrap-2 and joined the Ratis group group-0AAC5367B30E:[]
2023-03-09 15:01:37,115 [omNode-1@group-0AAC5367B30E-StateMachineUpdater] INFO  ipc.Server (Server.java:stop(3428)) - Stopping server on 46001
2023-03-09 15:01:37,110 [Listener at 127.0.0.1/33363] INFO  ozone.MiniOzoneHAClusterImpl (MiniOzoneHAClusterImpl.java:bootstrapOzoneManager(780)) - Bootstrapped OzoneManager omNode-bootstrap-2 RPC server at localhost/127.0.0.1:33363
OMBucketCreateRequest.java:validateAndUpdateCache(263)) - created bucket: bucket28645 of layout FILE_SYSTEM_OPTIMIZED in volume: volume58122
2023-03-09 15:01:37,110 [Listener at 127.0.0.1/33363] INFO  ozone.MiniOzoneHAClusterImpl (MiniOzoneHAClusterImpl.java:bootstrapOzoneManager(780)) - Bootstrapped OzoneManager omNode-bootstrap-2 RPC server at localhost/127.0.0.1:33363
2023-03-09 15:01:37,134 [IPC Server listener on 46001] INFO  ipc.Server (Server.java:run(1384)) - Stopping IPC Server listener on 46001
2023-03-09 15:01:37,134 [IPC Server Responder] INFO  ipc.Server (Server.java:run(1517)) - Stopping IPC Server Responder
2023-03-09 15:01:37,134 [omNode-bootstrap-2@group-0AAC5367B30E-StateMachineUpdater] INFO  ratis.OzoneManagerStateMachine (OzoneManagerStateMachine.java:notifyConfigurationChanged(192)) - Received Configuration change notification from Ratis. New Peer list:
[id: "omNode-bootstrap-2"
address: "localhost:34577"
startupRole: FOLLOWER
, id: "omNode-1"
address: "localhost:43479"
startupRole: FOLLOWER
]
2023-03-09 15:01:37,141 [omNode-1@group-0AAC5367B30E-StateMachineUpdater] INFO  server.RaftServer (RaftServerProxy.java:lambda$close$6(409)) - omNode-1: close
2023-03-09 15:01:37,147 [omNode-1@group-0AAC5367B30E-StateMachineUpdater] INFO  server.GrpcService (GrpcService.java:closeImpl(271)) - omNode-1: shutdown server GrpcServerProtocolService now
2023-03-09 15:01:37,147 [omNode-1-impl-thread1] INFO  server.RaftServer$Division (RaftServerImpl.java:lambda$close$4(458)) - omNode-1@group-0AAC5367B30E: shutdown
2023-03-09 15:01:37,147 [omNode-1-impl-thread1] INFO  util.JmxRegister (JmxRegister.java:unregister(73)) - Successfully un-registered JMX Bean with object name Ratis:service=RaftServer,group=group-0AAC5367B30E,id=omNode-1
2023-03-09 15:01:37,147 [omNode-1-impl-thread1] INFO  impl.RoleInfo (RoleInfo.java:shutdownLeaderState(93)) - omNode-1: shutdown omNode-1@group-0AAC5367B30E-LeaderStateImpl
2023-03-09 15:01:37,147 [omNode-1-impl-thread1] INFO  impl.PendingRequests (PendingRequests.java:sendNotLeaderResponses(282)) - omNode-1@group-0AAC5367B30E-PendingRequests: sendNotLeaderResponses
2023-03-09 15:01:37,152 [omNode-1-impl-thread1] INFO  impl.StateMachineUpdater (StateMachineUpdater.java:stopAndJoin(153)) - omNode-1@group-0AAC5367B30E-StateMachineUpdater: set stopIndex = 11
2023-03-09 15:01:37,153 [grpc-default-executor-12] INFO  server.GrpcServerProtocolService (GrpcServerProtocolService.java:onCompleted(143)) - omNode-bootstrap-2: Completed APPEND_ENTRIES, lastRequest: omNode-1->omNode-bootstrap-2#11-t1,previous=(t:1, i:11),leaderCommit=11,initializing? true,entries: size=1, first=(t:1, i:12), METADATAENTRY(c:11)
2023-03-09 15:01:37,154 [grpc-default-executor-13] INFO  server.GrpcServerProtocolService (GrpcServerProtocolService.java:onCompleted(143)) - omNode-bootstrap-2: Completed APPEND_ENTRIES, lastRequest: null
2023-03-09 15:01:37,154 [grpc-default-executor-12] INFO  server.GrpcLogAppender (GrpcLogAppender.java:onCompleted(415)) - omNode-1@group-0AAC5367B30E->omNode-bootstrap-2-AppendLogResponseHandler: follower responses appendEntries COMPLETED
2023-03-09 15:01:37,154 [grpc-default-executor-12] INFO  leader.FollowerInfo (FollowerInfoImpl.java:lambda$new$0(48)) - omNode-1@group-0AAC5367B30E->omNode-bootstrap-2: nextIndex: updateUnconditionally 13 -> 12
2023-03-09 15:01:37,163 [grpc-default-executor-10] INFO  server.GrpcLogAppender (GrpcLogAppender.java:onCompleted(415)) - omNode-1@group-0AAC5367B30E->omNode-bootstrap-2-AppendLogResponseHandler: follower responses appendEntries COMPLETED
2023-03-09 15:01:37,163 [grpc-default-executor-10] INFO  leader.FollowerInfo (FollowerInfoImpl.java:lambda$new$0(48)) - omNode-1@group-0AAC5367B30E->omNode-bootstrap-2: nextIndex: updateUnconditionally 12 -> 11
2023-03-09 15:01:37,165 [omNode-1@group-0AAC5367B30E-StateMachineUpdater] INFO  server.GrpcServerProtocolClient (GrpcServerProtocolClient.java:close(101)) - omNode-bootstrap-2 Close channels
2023-03-09 15:01:37,173 [omNode-1@group-0AAC5367B30E-StateMachineUpdater] INFO  server.GrpcService (GrpcService.java:closeImpl(280)) - omNode-1: shutdown server GrpcServerProtocolService successfully
2023-03-09 15:01:37,856 [EndpointStateMachine task thread for /127.0.0.1:36681 - 0 ] INFO  ipc.Client (Client.java:handleConnectionFailure(1010)) - Retrying connect to server: localhost/127.0.0.1:36681. Already tried 7 time(s); retry policy is RetryUpToMaximumCountWithFixedSleep(maxRetries=15, sleepTime=1000 MILLISECONDS)
2023-03-09 15:01:37,857 [EndpointStateMachine task thread for /127.0.0.1:43747 - 0 ] INFO  ipc.Client (Client.java:handleConnectionFailure(1010)) - Retrying connect to server: localhost/127.0.0.1:43747. Already tried 1 time(s); retry policy is RetryUpToMaximumCountWithFixedSleep(maxRetries=15, sleepTime=1000 MILLISECONDS)
2023-03-09 15:01:38,119 [Listener at 127.0.0.1/33363] INFO  ozone.MiniOzoneClusterImpl (MiniOzoneClusterImpl.java:shutdown(450)) - Shutting down the Mini Ozone Cluster
2023-03-09 15:01:38,120 [Listener at 127.0.0.1/33363] INFO  ozone.MiniOzoneHAClusterImpl (MiniOzoneHAClusterImpl.java:stop(312)) - Stopping the OzoneManager omNode-1
2023-03-09 15:01:38,120 [Listener at 127.0.0.1/33363] INFO  om.OzoneManager (OzoneManager.java:stop(2155)) - omNode-1[localhost:46001]: Stopping Ozone Manager
2023-03-09 15:01:38,120 [Listener at 127.0.0.1/33363] INFO  ozone.MiniOzoneHAClusterImpl (MiniOzoneHAClusterImpl.java:stop(312)) - Stopping the OzoneManager omNode-bootstrap-1
2023-03-09 15:01:38,120 [Listener at 127.0.0.1/33363] INFO  om.OzoneManager (OzoneManager.java:stop(2155)) - omNode-bootstrap-1[localhost:36585]: Stopping Ozone Manager
2023-03-09 15:01:38,120 [Listener at 127.0.0.1/33363] INFO  ozone.MiniOzoneHAClusterImpl (MiniOzoneHAClusterImpl.java:stop(312)) - Stopping the OzoneManager omNode-bootstrap-2
2023-03-09 15:01:38,120 [Listener at 127.0.0.1/33363] INFO  om.OzoneManager (OzoneManager.java:stop(2155)) - omNode-bootstrap-2[localhost:33363]: Stopping Ozone Manager
2023-03-09 15:01:38,121 [Listener at 127.0.0.1/33363] INFO  ipc.Server (Server.java:stop(3428)) - Stopping server on 33363
2023-03-09 15:01:38,129 [IPC Server listener on 33363] INFO  ipc.Server (Server.java:run(1384)) - Stopping IPC Server listener on 33363
2023-03-09 15:01:38,134 [IPC Server Responder] INFO  ipc.Server (Server.java:run(1517)) - Stopping IPC Server Responder
2023-03-09 15:01:38,134 [Listener at 127.0.0.1/33363] INFO  server.RaftServer (RaftServerProxy.java:lambda$close$6(409)) - omNode-bootstrap-2: close
2023-03-09 15:01:38,134 [Listener at 127.0.0.1/33363] INFO  server.GrpcService (GrpcService.java:closeImpl(271)) - omNode-bootstrap-2: shutdown server GrpcServerProtocolService now
2023-03-09 15:01:38,134 [omNode-bootstrap-2-impl-thread1] INFO  server.RaftServer$Division (RaftServerImpl.java:lambda$close$4(458)) - omNode-bootstrap-2@group-0AAC5367B30E: shutdown
2023-03-09 15:01:38,135 [omNode-bootstrap-2-impl-thread1] INFO  util.JmxRegister (JmxRegister.java:unregister(73)) - Successfully un-registered JMX Bean with object name Ratis:service=RaftServer,group=group-0AAC5367B30E,id=omNode-bootstrap-2
2023-03-09 15:01:38,135 [omNode-bootstrap-2-impl-thread1] INFO  impl.RoleInfo (RoleInfo.java:shutdownFollowerState(110)) - omNode-bootstrap-2: shutdown omNode-bootstrap-2@group-0AAC5367B30E-FollowerState
2023-03-09 15:01:38,135 [omNode-bootstrap-2-impl-thread1] INFO  impl.StateMachineUpdater (StateMachineUpdater.java:stopAndJoin(153)) - omNode-bootstrap-2@group-0AAC5367B30E-StateMachineUpdater: set stopIndex = 11
2023-03-09 15:01:38,135 [omNode-bootstrap-2@group-0AAC5367B30E-FollowerState] INFO  impl.FollowerState (FollowerState.java:run(152)) - omNode-bootstrap-2@group-0AAC5367B30E-FollowerState was interrupted
2023-03-09 15:01:38,135 [Listener at 127.0.0.1/33363] INFO  server.GrpcService (GrpcService.java:closeImpl(280)) - omNode-bootstrap-2: shutdown server GrpcServerProtocolService successfully
2023-03-09 15:01:38,135 [omNode-bootstrap-2@group-0AAC5367B30E-StateMachineUpdater] INFO  ratis.OzoneManagerStateMachine (OzoneManagerStateMachine.java:takeSnapshot(445)) - Current Snapshot Index (t:1, i:11)
2023-03-09 15:01:38,172 [omNode-bootstrap-2@group-0AAC5367B30E-StateMachineUpdater] INFO  impl.StateMachineUpdater (StateMachineUpdater.java:takeSnapshot(287)) - omNode-bootstrap-2@group-0AAC5367B30E-StateMachineUpdater: Took a snapshot at index 11
2023-03-09 15:01:38,172 [omNode-bootstrap-2@group-0AAC5367B30E-StateMachineUpdater] INFO  impl.StateMachineUpdater (StateMachineUpdater.java:lambda$new$0(92)) - omNode-bootstrap-2@group-0AAC5367B30E-StateMachineUpdater: snapshotIndex: updateIncreasingly -1 -> 11
2023-03-09 15:01:38,172 [omNode-bootstrap-2@group-0AAC5367B30E-StateMachineUpdater] INFO  ratis.OzoneManagerStateMachine (OzoneManagerStateMachine.java:close(499)) - StateMachine has shutdown. Shutdown OzoneManager if not already shutdown.
2023-03-09 15:01:38,172 [omNode-bootstrap-2@group-0AAC5367B30E-StateMachineUpdater] INFO  ratis.OzoneManagerDoubleBuffer (OzoneManagerDoubleBuffer.java:stopDaemon(540)) - Stopping OMDoubleBuffer flush thread
2023-03-09 15:01:38,172 [OMDoubleBufferFlushThread] INFO  ratis.OzoneManagerDoubleBuffer (OzoneManagerDoubleBuffer.java:canFlush(625)) - OMDoubleBuffer flush thread OMDoubleBufferFlushThread is interrupted and will exit.
2023-03-09 15:01:38,175 [omNode-bootstrap-2-impl-thread1] INFO  server.RaftServer$Division (ServerState.java:close(466)) - omNode-bootstrap-2@group-0AAC5367B30E: closes. applyIndex: 11
2023-03-09 15:01:38,176 [omNode-bootstrap-2@group-0AAC5367B30E-SegmentedRaftLogWorker] INFO  segmented.SegmentedRaftLogWorker (SegmentedRaftLogWorker.java:run(347)) - omNode-bootstrap-2@group-0AAC5367B30E-SegmentedRaftLogWorker was interrupted, exiting. There are 0 tasks remaining in the queue.
2023-03-09 15:01:38,178 [omNode-bootstrap-2-impl-thread1] INFO  segmented.SegmentedRaftLogWorker (SegmentedRaftLogWorker.java:close(257)) - omNode-bootstrap-2@group-0AAC5367B30E-SegmentedRaftLogWorker close()
2023-03-09 15:01:38,180 [JvmPauseMonitor35] INFO  util.JvmPauseMonitor (JvmPauseMonitor.java:run(111)) - JvmPauseMonitor-omNode-bootstrap-2: Stopped
2023-03-09 15:01:38,180 [Listener at 127.0.0.1/33363] INFO  ratis.OzoneManagerStateMachine (OzoneManagerStateMachine.java:close(499)) - StateMachine has shutdown. Shutdown OzoneManager if not already shutdown.
2023-03-09 15:01:38,180 [Listener at 127.0.0.1/33363] INFO  ratis.OzoneManagerDoubleBuffer (OzoneManagerDoubleBuffer.java:stopDaemon(549)) - OMDoubleBuffer flush thread is not running.
2023-03-09 15:01:38,182 [Listener at 127.0.0.1/33363] INFO  utils.BackgroundService (BackgroundService.java:shutdown(141)) - Shutting down service KeyDeletingService
2023-03-09 15:01:38,182 [Listener at 127.0.0.1/33363] INFO  utils.BackgroundService (BackgroundService.java:shutdown(141)) - Shutting down service DirectoryDeletingService
2023-03-09 15:01:38,182 [Listener at 127.0.0.1/33363] INFO  utils.BackgroundService (BackgroundService.java:shutdown(141)) - Shutting down service OpenKeyCleanupService
2023-03-09 15:01:38,183 [Listener at 127.0.0.1/33363] INFO  utils.BackgroundService (BackgroundService.java:shutdown(141)) - Shutting down service SstFilteringService
2023-03-09 15:01:38,185 [Listener at 127.0.0.1/33363] INFO  handler.ContextHandler (ContextHandler.java:doStop(1159)) - Stopped o.e.j.w.WebAppContext@75d74321{ozoneManager,/,null,STOPPED}{file:/home/runner/work/ozone/ozone/hadoop-ozone/integration-test/target/test-classes/webapps/ozoneManager}
2023-03-09 15:01:38,186 [Listener at 127.0.0.1/33363] INFO  server.AbstractConnector (AbstractConnector.java:doStop(383)) - Stopped ServerConnector@639d9b78{HTTP/1.1, (http/1.1)}{0.0.0.0:44073}
2023-03-09 15:01:38,186 [Listener at 127.0.0.1/33363] INFO  server.session (HouseKeeper.java:stopScavenging(149)) - node0 Stopped scavenging
2023-03-09 15:01:38,186 [Listener at 127.0.0.1/33363] INFO  handler.ContextHandler (ContextHandler.java:doStop(1159)) - Stopped o.e.j.s.ServletContextHandler@6bdf1b90{static,/static,file:///home/runner/work/ozone/ozone/hadoop-ozone/integration-test/target/test-classes/webapps/static,STOPPED}
2023-03-09 15:01:38,187 [Listener at 127.0.0.1/33363] INFO  handler.ContextHandler (ContextHandler.java:doStop(1159)) - Stopped o.e.j.s.ServletContextHandler@1f1bde6{logs,/logs,file:///home/runner/work/ozone/ozone/hadoop-ozone/integration-test/target/log,STOPPED}
2023-03-09 15:01:38,192 [Listener at 127.0.0.1/33363] INFO  ozone.MiniOzoneHAClusterImpl (MiniOzoneHAClusterImpl.java:stop(320)) - Stopping the StorageContainerManager ea91eb10-5e27-4c1c-9b22-4ed9c555343a
2023-03-09 15:01:38,192 [Listener at 127.0.0.1/33363] INFO  server.StorageContainerManager (StorageContainerManager.java:stop(1532)) - Container Balancer is not running.
2023-03-09 15:01:38,192 [Listener at 127.0.0.1/33363] INFO  server.StorageContainerManager (StorageContainerManager.java:stop(1539)) - Stopping Replication Manager Service.
2023-03-09 15:01:38,192 [Listener at 127.0.0.1/33363] INFO  replication.ReplicationManager (ReplicationManager.java:stop(300)) - Stopping Replication Monitor Thread.
2023-03-09 15:01:38,193 [Under Replicated Processor] WARN  replication.UnhealthyReplicationProcessor (UnhealthyReplicationProcessor.java:run(153)) - Under Replicated Processor interrupted. Exiting...
2023-03-09 15:01:38,194 [Over Replicated Processor] WARN  replication.UnhealthyReplicationProcessor (UnhealthyReplicationProcessor.java:run(153)) - Over Replicated Processor interrupted. Exiting...
2023-03-09 15:01:38,194 [ReplicationMonitor] INFO  replication.ReplicationManager (ReplicationManager.java:run(747)) - Replication Monitor Thread is stopped
2023-03-09 15:01:38,194 [Listener at 127.0.0.1/33363] INFO  server.StorageContainerManager (StorageContainerManager.java:stop(1546)) - Stopping the Datanode Admin Monitor.
2023-03-09 15:01:38,195 [Listener at 127.0.0.1/33363] INFO  server.StorageContainerManager (StorageContainerManager.java:stop(1553)) - Stopping datanode service RPC server
2023-03-09 15:01:38,195 [Listener at 127.0.0.1/33363] INFO  server.SCMDatanodeProtocolServer (SCMDatanodeProtocolServer.java:stop(424)) - Stopping the RPC server for DataNodes
2023-03-09 15:01:38,195 [Listener at 127.0.0.1/33363] INFO  ipc.Server (Server.java:stop(3428)) - Stopping server on 35467
2023-03-09 15:01:38,202 [IPC Server listener on 35467] INFO  ipc.Server (Server.java:run(1384)) - Stopping IPC Server listener on 35467
2023-03-09 15:01:38,206 [IPC Server Responder] INFO  ipc.Server (Server.java:run(1517)) - Stopping IPC Server Responder
2023-03-09 15:01:38,852 [EndpointStateMachine task thread for /127.0.0.1:35467 - 0 ] WARN  statemachine.EndpointStateMachine (EndpointStateMachine.java:logIfNeeded(242)) - Unable to communicate to SCM server at 127.0.0.1:35467 for past 0 seconds.
java.io.EOFException: End of File Exception between local host is: "fv-az377-502/10.1.0.44"; destination host is: "localhost":35467; : java.io.EOFException; For more details see:  http://wiki.apache.org/hadoop/EOFException
	at sun.reflect.NativeConstructorAccessorImpl.newInstance0(Native Method)
	at sun.reflect.NativeConstructorAccessorImpl.newInstance(NativeConstructorAccessorImpl.java:62)
	at sun.reflect.DelegatingConstructorAccessorImpl.newInstance(DelegatingConstructorAccessorImpl.java:45)
	at java.lang.reflect.Constructor.newInstance(Constructor.java:423)
	at org.apache.hadoop.net.NetUtils.wrapWithMessage(NetUtils.java:913)
	at org.apache.hadoop.net.NetUtils.wrapException(NetUtils.java:862)
	at org.apache.hadoop.ipc.Client.getRpcResponse(Client.java:1616)
	at org.apache.hadoop.ipc.Client.call(Client.java:1558)
	at org.apache.hadoop.ipc.Client.call(Client.java:1455)
	at org.apache.hadoop.ipc.ProtobufRpcEngine$Invoker.invoke(ProtobufRpcEngine.java:235)
	at org.apache.hadoop.ipc.ProtobufRpcEngine$Invoker.invoke(ProtobufRpcEngine.java:122)
	at com.sun.proxy.$Proxy54.submitRequest(Unknown Source)
	at org.apache.hadoop.ozone.protocolPB.StorageContainerDatanodeProtocolClientSideTranslatorPB.submitRequest(StorageContainerDatanodeProtocolClientSideTranslatorPB.java:117)
	at org.apache.hadoop.ozone.protocolPB.StorageContainerDatanodeProtocolClientSideTranslatorPB.sendHeartbeat(StorageContainerDatanodeProtocolClientSideTranslatorPB.java:149)
	at org.apache.hadoop.ozone.container.common.states.endpoint.HeartbeatEndpointTask.call(HeartbeatEndpointTask.java:185)
	at org.apache.hadoop.ozone.container.common.states.endpoint.HeartbeatEndpointTask.call(HeartbeatEndpointTask.java:87)
	at java.util.concurrent.FutureTask.run(FutureTask.java:266)
	at java.util.concurrent.ThreadPoolExecutor.runWorker(ThreadPoolExecutor.java:1149)
	at java.util.concurrent.ThreadPoolExecutor$Worker.run(ThreadPoolExecutor.java:624)
	at java.lang.Thread.run(Thread.java:750)
Caused by: java.io.EOFException
	at java.io.DataInputStream.readInt(DataInputStream.java:392)
	at org.apache.hadoop.ipc.Client$IpcStreams.readResponse(Client.java:1922)
	at org.apache.hadoop.ipc.Client$Connection.receiveRpcResponse(Client.java:1238)
	at org.apache.hadoop.ipc.Client$Connection.run(Client.java:1134)
2023-03-09 15:01:38,857 [EndpointStateMachine task thread for /127.0.0.1:36681 - 0 ] INFO  ipc.Client (Client.java:handleConnectionFailure(1010)) - Retrying connect to server: localhost/127.0.0.1:36681. Already tried 8 time(s); retry policy is RetryUpToMaximumCountWithFixedSleep(maxRetries=15, sleepTime=1000 MILLISECONDS)
2023-03-09 15:01:38,858 [EndpointStateMachine task thread for /127.0.0.1:43747 - 0 ] INFO  ipc.Client (Client.java:handleConnectionFailure(1010)) - Retrying connect to server: localhost/127.0.0.1:43747. Already tried 2 time(s); retry policy is RetryUpToMaximumCountWithFixedSleep(maxRetries=15, sleepTime=1000 MILLISECONDS)
2023-03-09 15:01:39,857 [EndpointStateMachine task thread for /127.0.0.1:36681 - 0 ] INFO  ipc.Client (Client.java:handleConnectionFailure(1010)) - Retrying connect to server: localhost/127.0.0.1:36681. Already tried 9 time(s); retry policy is RetryUpToMaximumCountWithFixedSleep(maxRetries=15, sleepTime=1000 MILLISECONDS)
2023-03-09 15:01:39,858 [EndpointStateMachine task thread for /127.0.0.1:43747 - 0 ] INFO  ipc.Client (Client.java:handleConnectionFailure(1010)) - Retrying connect to server: localhost/127.0.0.1:43747. Already tried 3 time(s); retry policy is RetryUpToMaximumCountWithFixedSleep(maxRetries=15, sleepTime=1000 MILLISECONDS)
2023-03-09 15:01:40,000 [EndpointStateMachine task thread for /127.0.0.1:35467 - 0 ] INFO  ipc.Client (Client.java:handleConnectionFailure(1010)) - Retrying connect to server: localhost/127.0.0.1:35467. Already tried 0 time(s); retry policy is RetryUpToMaximumCountWithFixedSleep(maxRetries=15, sleepTime=1000 MILLISECONDS)
2023-03-09 15:01:40,858 [EndpointStateMachine task thread for /127.0.0.1:36681 - 0 ] INFO  ipc.Client (Client.java:handleConnectionFailure(1010)) - Retrying connect to server: localhost/127.0.0.1:36681. Already tried 10 time(s); retry policy is RetryUpToMaximumCountWithFixedSleep(maxRetries=15, sleepTime=1000 MILLISECONDS)
2023-03-09 15:01:40,858 [EndpointStateMachine task thread for /127.0.0.1:43747 - 0 ] INFO  ipc.Client (Client.java:handleConnectionFailure(1010)) - Retrying connect to server: localhost/127.0.0.1:43747. Already tried 4 time(s); retry policy is RetryUpToMaximumCountWithFixedSleep(maxRetries=15, sleepTime=1000 MILLISECONDS)
2023-03-09 15:01:41,001 [EndpointStateMachine task thread for /127.0.0.1:35467 - 0 ] INFO  ipc.Client (Client.java:handleConnectionFailure(1010)) - Retrying connect to server: localhost/127.0.0.1:35467. Already tried 1 time(s); retry policy is RetryUpToMaximumCountWithFixedSleep(maxRetries=15, sleepTime=1000 MILLISECONDS)
2023-03-09 15:01:41,185 [SCM Heartbeat Processing Thread - 0] WARN  node.NodeStateManager (NodeStateManager.java:scheduleNextHealthCheck(870)) - Current Thread is interrupted, shutting down HB processing thread for Node Manager.
2023-03-09 15:01:41,188 [Listener at 127.0.0.1/33363] INFO  server.StorageContainerManager (StorageContainerManager.java:stop(1561)) - Stopping block service RPC server
2023-03-09 15:01:41,188 [Listener at 127.0.0.1/33363] INFO  server.SCMBlockProtocolServer (SCMBlockProtocolServer.java:stop(161)) - Stopping the RPC server for Block Protocol
2023-03-09 15:01:41,188 [Listener at 127.0.0.1/33363] INFO  ipc.Server (Server.java:stop(3428)) - Stopping server on 41909
2023-03-09 15:01:41,191 [IPC Server Responder] INFO  ipc.Server (Server.java:run(1517)) - Stopping IPC Server Responder
2023-03-09 15:01:41,191 [Listener at 127.0.0.1/33363] INFO  server.StorageContainerManager (StorageContainerManager.java:stop(1568)) - Stopping the StorageContainerLocationProtocol RPC server
2023-03-09 15:01:41,192 [Listener at 127.0.0.1/33363] INFO  server.SCMClientProtocolServer (SCMClientProtocolServer.java:stop(203)) - Stopping the RPC server for Client Protocol
2023-03-09 15:01:41,192 [Listener at 127.0.0.1/33363] INFO  ipc.Server (Server.java:stop(3428)) - Stopping server on 40283
2023-03-09 15:01:41,192 [IPC Server listener on 41909] INFO  ipc.Server (Server.java:run(1384)) - Stopping IPC Server listener on 41909
2023-03-09 15:01:41,216 [IPC Server listener on 40283] INFO  ipc.Server (Server.java:run(1384)) - Stopping IPC Server listener on 40283
2023-03-09 15:01:41,217 [IPC Server Responder] INFO  ipc.Server (Server.java:run(1517)) - Stopping IPC Server Responder
2023-03-09 15:01:41,217 [Listener at 127.0.0.1/33363] INFO  server.StorageContainerManager (StorageContainerManager.java:stop(1575)) - Stopping Storage Container Manager HTTP server.
2023-03-09 15:01:41,218 [Listener at 127.0.0.1/33363] INFO  handler.ContextHandler (ContextHandler.java:doStop(1159)) - Stopped o.e.j.w.WebAppContext@43487fd3{scm,/,null,STOPPED}{file:/home/runner/work/ozone/ozone/hadoop-ozone/integration-test/target/test-classes/webapps/scm}
2023-03-09 15:01:41,219 [Listener at 127.0.0.1/33363] INFO  server.AbstractConnector (AbstractConnector.java:doStop(383)) - Stopped ServerConnector@618f3bf1{HTTP/1.1, (http/1.1)}{0.0.0.0:38215}
2023-03-09 15:01:41,219 [Listener at 127.0.0.1/33363] INFO  server.session (HouseKeeper.java:stopScavenging(149)) - node0 Stopped scavenging
2023-03-09 15:01:41,219 [Listener at 127.0.0.1/33363] INFO  handler.ContextHandler (ContextHandler.java:doStop(1159)) - Stopped o.e.j.s.ServletContextHandler@5e6c3555{static,/static,file:///home/runner/work/ozone/ozone/hadoop-ozone/integration-test/target/test-classes/webapps/static,STOPPED}
2023-03-09 15:01:41,219 [Listener at 127.0.0.1/33363] INFO  handler.ContextHandler (ContextHandler.java:doStop(1159)) - Stopped o.e.j.s.ServletContextHandler@56c2813e{logs,/logs,file:///home/runner/work/ozone/ozone/hadoop-ozone/integration-test/target/log,STOPPED}
2023-03-09 15:01:41,220 [Listener at 127.0.0.1/33363] INFO  server.StorageContainerManager (StorageContainerManager.java:stop(1583)) - Stopping SCM LayoutVersionManager Service.
2023-03-09 15:01:41,220 [Listener at 127.0.0.1/33363] INFO  server.StorageContainerManager (StorageContainerManager.java:stop(1591)) - Stopping Block Manager Service.
2023-03-09 15:01:41,220 [Listener at 127.0.0.1/33363] INFO  utils.BackgroundService (BackgroundService.java:shutdown(141)) - Shutting down service SCMBlockDeletingService
2023-03-09 15:01:41,221 [Listener at 127.0.0.1/33363] INFO  utils.BackgroundService (BackgroundService.java:shutdown(141)) - Shutting down service SCMBlockDeletingService
2023-03-09 15:01:41,221 [Listener at 127.0.0.1/33363] INFO  server.StorageContainerManager (StorageContainerManager.java:stop(1613)) - Stopping SCM Event Queue.
2023-03-09 15:01:41,223 [Listener at 127.0.0.1/33363] INFO  server.StorageContainerManager (StorageContainerManager.java:stop(1624)) - Stopping SCM HA services.
2023-03-09 15:01:41,223 [Listener at 127.0.0.1/33363] INFO  ha.SCMRatisServerImpl (SCMRatisServerImpl.java:stop(237)) - stopping ratis server 0.0.0.0:45357
2023-03-09 15:01:41,223 [Listener at 127.0.0.1/33363] INFO  server.RaftServer (RaftServerProxy.java:lambda$close$6(409)) - ea91eb10-5e27-4c1c-9b22-4ed9c555343a: close
2023-03-09 15:01:41,224 [ea91eb10-5e27-4c1c-9b22-4ed9c555343a-impl-thread1] INFO  server.RaftServer$Division (RaftServerImpl.java:lambda$close$4(458)) - ea91eb10-5e27-4c1c-9b22-4ed9c555343a@group-30BEBE5CBF00: shutdown
2023-03-09 15:01:41,224 [ea91eb10-5e27-4c1c-9b22-4ed9c555343a-impl-thread1] INFO  util.JmxRegister (JmxRegister.java:unregister(73)) - Successfully un-registered JMX Bean with object name Ratis:service=RaftServer,group=group-30BEBE5CBF00,id=ea91eb10-5e27-4c1c-9b22-4ed9c555343a
2023-03-09 15:01:41,224 [ea91eb10-5e27-4c1c-9b22-4ed9c555343a-impl-thread1] INFO  impl.RoleInfo (RoleInfo.java:shutdownLeaderState(93)) - ea91eb10-5e27-4c1c-9b22-4ed9c555343a: shutdown ea91eb10-5e27-4c1c-9b22-4ed9c555343a@group-30BEBE5CBF00-LeaderStateImpl
2023-03-09 15:01:41,224 [Listener at 127.0.0.1/33363] INFO  server.GrpcService (GrpcService.java:closeImpl(271)) - ea91eb10-5e27-4c1c-9b22-4ed9c555343a: shutdown server GrpcServerProtocolService now
2023-03-09 15:01:41,224 [ea91eb10-5e27-4c1c-9b22-4ed9c555343a-impl-thread1] INFO  impl.PendingRequests (PendingRequests.java:sendNotLeaderResponses(282)) - ea91eb10-5e27-4c1c-9b22-4ed9c555343a@group-30BEBE5CBF00-PendingRequests: sendNotLeaderResponses
2023-03-09 15:01:41,225 [Listener at 127.0.0.1/33363] INFO  server.GrpcService (GrpcService.java:closeImpl(280)) - ea91eb10-5e27-4c1c-9b22-4ed9c555343a: shutdown server GrpcServerProtocolService successfully
2023-03-09 15:01:41,225 [ea91eb10-5e27-4c1c-9b22-4ed9c555343a-impl-thread1] INFO  ha.SCMStateMachine (SCMStateMachine.java:notifyNotLeader(205)) - current leader SCM steps down.
2023-03-09 15:01:41,226 [ea91eb10-5e27-4c1c-9b22-4ed9c555343a-impl-thread1] INFO  ha.SCMContext (SCMContext.java:updateLeaderAndTerm(99)) - update <isLeader,term> from <true,2> to <false,0>
2023-03-09 15:01:41,226 [ea91eb10-5e27-4c1c-9b22-4ed9c555343a-impl-thread1] INFO  ha.SCMContext (SCMContext.java:updateLeaderAndTerm(106)) - update <isLeaderReady> from <false> to <false>
2023-03-09 15:01:41,226 [ea91eb10-5e27-4c1c-9b22-4ed9c555343a-impl-thread1] INFO  BackgroundPipelineScrubber (BackgroundSCMService.java:notifyStatusChanged(88)) - Service BackgroundPipelineScrubber transitions to PAUSING.
2023-03-09 15:01:41,226 [ea91eb10-5e27-4c1c-9b22-4ed9c555343a-impl-thread1] INFO  ExpiredContainerReplicaOpScrubber (BackgroundSCMService.java:notifyStatusChanged(88)) - Service ExpiredContainerReplicaOpScrubber transitions to PAUSING.
2023-03-09 15:01:41,230 [ea91eb10-5e27-4c1c-9b22-4ed9c555343a-impl-thread1] INFO  impl.StateMachineUpdater (StateMachineUpdater.java:stopAndJoin(153)) - ea91eb10-5e27-4c1c-9b22-4ed9c555343a@group-30BEBE5CBF00-StateMachineUpdater: set stopIndex = 30
2023-03-09 15:01:41,231 [ea91eb10-5e27-4c1c-9b22-4ed9c555343a@group-30BEBE5CBF00-StateMachineUpdater] INFO  ha.SCMStateMachine (SCMStateMachine.java:takeSnapshot(312)) - Current Snapshot Index 30, takeSnapshot took 0 ms
2023-03-09 15:01:41,231 [ea91eb10-5e27-4c1c-9b22-4ed9c555343a@group-30BEBE5CBF00-StateMachineUpdater] INFO  impl.StateMachineUpdater (StateMachineUpdater.java:takeSnapshot(287)) - ea91eb10-5e27-4c1c-9b22-4ed9c555343a@group-30BEBE5CBF00-StateMachineUpdater: Took a snapshot at index 30
2023-03-09 15:01:41,231 [ea91eb10-5e27-4c1c-9b22-4ed9c555343a@group-30BEBE5CBF00-StateMachineUpdater] INFO  impl.StateMachineUpdater (StateMachineUpdater.java:lambda$new$0(92)) - ea91eb10-5e27-4c1c-9b22-4ed9c555343a@group-30BEBE5CBF00-StateMachineUpdater: snapshotIndex: updateIncreasingly -1 -> 30
2023-03-09 15:01:41,231 [ea91eb10-5e27-4c1c-9b22-4ed9c555343a@group-30BEBE5CBF00-StateMachineUpdater] INFO  server.StorageContainerManager (StorageContainerManager.java:stop(1523)) - Storage Container Manager is not running.
2023-03-09 15:01:41,231 [ea91eb10-5e27-4c1c-9b22-4ed9c555343a@group-30BEBE5CBF00-StateMachineUpdater] INFO  server.StorageContainerManager (ExitUtils.java:terminate(131)) - Terminating with exit status 0: scm statemachine is closed by ratis, terminate SCM
2023-03-09 15:01:41,232 [ea91eb10-5e27-4c1c-9b22-4ed9c555343a@group-30BEBE5CBF00-StateMachineUpdater] WARN  impl.StateMachineUpdater (StateMachineUpdater.java:stop(137)) - ea91eb10-5e27-4c1c-9b22-4ed9c555343a@group-30BEBE5CBF00-StateMachineUpdater: Failed to close SCMStateMachine SCMStateMachine:ea91eb10-5e27-4c1c-9b22-4ed9c555343a:group-30BEBE5CBF00
org.apache.ratis.util.ExitUtils$ExitException: scm statemachine is closed by ratis, terminate SCM
	at org.apache.ratis.util.ExitUtils.terminate(ExitUtils.java:141)
	at org.apache.ratis.util.ExitUtils.terminate(ExitUtils.java:151)
	at org.apache.ratis.util.ExitUtils.terminate(ExitUtils.java:155)
	at org.apache.hadoop.hdds.scm.server.StorageContainerManager.shutDown(StorageContainerManager.java:1652)
	at org.apache.hadoop.hdds.scm.ha.SCMStateMachine.close(SCMStateMachine.java:421)
	at org.apache.ratis.server.impl.StateMachineUpdater.stop(StateMachineUpdater.java:134)
	at org.apache.ratis.server.impl.StateMachineUpdater.run(StateMachineUpdater.java:187)
	at java.lang.Thread.run(Thread.java:750)
2023-03-09 15:01:41,232 [ea91eb10-5e27-4c1c-9b22-4ed9c555343a-impl-thread1] INFO  server.RaftServer$Division (ServerState.java:close(466)) - ea91eb10-5e27-4c1c-9b22-4ed9c555343a@group-30BEBE5CBF00: closes. applyIndex: 30
2023-03-09 15:01:41,232 [ea91eb10-5e27-4c1c-9b22-4ed9c555343a@group-30BEBE5CBF00-SegmentedRaftLogWorker] INFO  segmented.SegmentedRaftLogWorker (SegmentedRaftLogWorker.java:run(347)) - ea91eb10-5e27-4c1c-9b22-4ed9c555343a@group-30BEBE5CBF00-SegmentedRaftLogWorker was interrupted, exiting. There are 0 tasks remaining in the queue.
2023-03-09 15:01:41,235 [ea91eb10-5e27-4c1c-9b22-4ed9c555343a-impl-thread1] INFO  segmented.SegmentedRaftLogWorker (SegmentedRaftLogWorker.java:close(257)) - ea91eb10-5e27-4c1c-9b22-4ed9c555343a@group-30BEBE5CBF00-SegmentedRaftLogWorker close()
2023-03-09 15:01:41,235 [JvmPauseMonitor30] INFO  util.JvmPauseMonitor (JvmPauseMonitor.java:run(111)) - JvmPauseMonitor-ea91eb10-5e27-4c1c-9b22-4ed9c555343a: Stopped
2023-03-09 15:01:41,235 [Listener at 127.0.0.1/33363] INFO  pipeline.BackgroundPipelineCreator (BackgroundPipelineCreator.java:stop(149)) - Stopping RatisPipelineUtilsThread.
2023-03-09 15:01:41,236 [RatisPipelineUtilsThread - 0] WARN  pipeline.BackgroundPipelineCreator (BackgroundPipelineCreator.java:run(180)) - RatisPipelineUtilsThread is interrupted.
2023-03-09 15:01:41,236 [BackgroundPipelineScrubberThread] WARN  BackgroundPipelineScrubber (BackgroundSCMService.java:run(115)) - BackgroundPipelineScrubber is interrupted, exit
2023-03-09 15:01:41,236 [Listener at 127.0.0.1/33363] INFO  BackgroundPipelineScrubber (BackgroundSCMService.java:stop(131)) - Stopping BackgroundPipelineScrubber Service.
2023-03-09 15:01:41,236 [Listener at 127.0.0.1/33363] INFO  impl.MetricsSystemImpl (MetricsSystemImpl.java:stop(210)) - Stopping OzoneManager metrics system...
2023-03-09 15:01:41,246 [prometheus] INFO  impl.MetricsSinkAdapter (MetricsSinkAdapter.java:publishMetricsFromQueue(141)) - prometheus thread interrupted.
2023-03-09 15:01:41,246 [Listener at 127.0.0.1/33363] INFO  impl.MetricsSystemImpl (MetricsSystemImpl.java:stop(216)) - OzoneManager metrics system stopped.
2023-03-09 15:01:41,247 [Listener at 127.0.0.1/33363] WARN  pipeline.BackgroundPipelineCreator (BackgroundPipelineCreator.java:stop(145)) - RatisPipelineUtilsThread is not running, just ignore.
2023-03-09 15:01:41,247 [Listener at 127.0.0.1/33363] INFO  BackgroundPipelineScrubber (BackgroundSCMService.java:stop(126)) - BackgroundPipelineScrubber Service is not running, skip stop.
2023-03-09 15:01:41,247 [Listener at 127.0.0.1/33363] INFO  ExpiredContainerReplicaOpScrubber (BackgroundSCMService.java:stop(131)) - Stopping ExpiredContainerReplicaOpScrubber Service.
2023-03-09 15:01:41,247 [Listener at 127.0.0.1/33363] INFO  utils.BackgroundService (BackgroundService.java:shutdown(141)) - Shutting down service SCMBlockDeletingService
2023-03-09 15:01:41,247 [ExpiredContainerReplicaOpScrubberThread] WARN  ExpiredContainerReplicaOpScrubber (BackgroundSCMService.java:run(115)) - ExpiredContainerReplicaOpScrubber is interrupted, exit
2023-03-09 15:01:41,247 [Listener at 127.0.0.1/33363] INFO  replication.ReplicationManager (ReplicationManager.java:stop(310)) - Replication Monitor Thread is not running.
2023-03-09 15:01:41,248 [Listener at 127.0.0.1/33363] WARN  balancer.ContainerBalancer (ContainerBalancer.java:stop(322)) - Cannot stop Container Balancer because it's not running or stopping
2023-03-09 15:01:41,248 [Listener at 127.0.0.1/33363] INFO  server.StorageContainerManager (StorageContainerManager.java:stop(1642)) - Stopping SCM MetadataStore.
2023-03-09 15:01:41,250 [Listener at 127.0.0.1/33363] INFO  ozone.MiniOzoneClusterImpl (MiniOzoneClusterImpl.java:stop(465)) - Stopping the Mini Ozone Cluster
2023-03-09 15:01:41,250 [Listener at 127.0.0.1/33363] INFO  ozone.MiniOzoneClusterImpl (MiniOzoneClusterImpl.java:stopDatanodes(524)) - Stopping the HddsDatanodes
2023-03-09 15:01:41,859 [EndpointStateMachine task thread for /127.0.0.1:36681 - 0 ] INFO  ipc.Client (Client.java:handleConnectionFailure(1010)) - Retrying connect to server: localhost/127.0.0.1:36681. Already tried 11 time(s); retry policy is RetryUpToMaximumCountWithFixedSleep(maxRetries=15, sleepTime=1000 MILLISECONDS)
2023-03-09 15:01:41,859 [EndpointStateMachine task thread for /127.0.0.1:43747 - 0 ] INFO  ipc.Client (Client.java:handleConnectionFailure(1010)) - Retrying connect to server: localhost/127.0.0.1:43747. Already tried 5 time(s); retry policy is RetryUpToMaximumCountWithFixedSleep(maxRetries=15, sleepTime=1000 MILLISECONDS)
2023-03-09 15:01:42,000 [ForkJoinPool.commonPool-worker-0] INFO  ozoneimpl.OzoneContainer (OzoneContainer.java:stop(420)) - Attempting to stop container services.
2023-03-09 15:01:42,001 [ForkJoinPool.commonPool-worker-0] INFO  server.RaftServer (RaftServerProxy.java:lambda$close$6(409)) - d83d04e7-4e51-47d3-8b78-fb93e7279122: close
2023-03-09 15:01:42,001 [d83d04e7-4e51-47d3-8b78-fb93e7279122-impl-thread1] INFO  server.RaftServer$Division (RaftServerImpl.java:lambda$close$4(458)) - d83d04e7-4e51-47d3-8b78-fb93e7279122@group-C73BCED0AA33: shutdown
2023-03-09 15:01:42,001 [d83d04e7-4e51-47d3-8b78-fb93e7279122-impl-thread1] INFO  util.JmxRegister (JmxRegister.java:unregister(73)) - Successfully un-registered JMX Bean with object name Ratis:service=RaftServer,group=group-C73BCED0AA33,id=d83d04e7-4e51-47d3-8b78-fb93e7279122
2023-03-09 15:01:42,001 [d83d04e7-4e51-47d3-8b78-fb93e7279122-impl-thread1] INFO  impl.RoleInfo (RoleInfo.java:shutdownFollowerState(110)) - d83d04e7-4e51-47d3-8b78-fb93e7279122: shutdown d83d04e7-4e51-47d3-8b78-fb93e7279122@group-C73BCED0AA33-FollowerState
2023-03-09 15:01:42,001 [d83d04e7-4e51-47d3-8b78-fb93e7279122-impl-thread2] INFO  server.RaftServer$Division (RaftServerImpl.java:lambda$close$4(458)) - d83d04e7-4e51-47d3-8b78-fb93e7279122@group-A8E19FE298E0: shutdown
2023-03-09 15:01:42,001 [ForkJoinPool.commonPool-worker-0] INFO  server.GrpcService (GrpcService.java:closeImpl(271)) - d83d04e7-4e51-47d3-8b78-fb93e7279122: shutdown server GrpcServerProtocolService now
2023-03-09 15:01:42,001 [d83d04e7-4e51-47d3-8b78-fb93e7279122-impl-thread2] INFO  util.JmxRegister (JmxRegister.java:unregister(73)) - Successfully un-registered JMX Bean with object name Ratis:service=RaftServer,group=group-A8E19FE298E0,id=d83d04e7-4e51-47d3-8b78-fb93e7279122
2023-03-09 15:01:42,007 [d83d04e7-4e51-47d3-8b78-fb93e7279122-impl-thread2] INFO  impl.RoleInfo (RoleInfo.java:shutdownLeaderState(93)) - d83d04e7-4e51-47d3-8b78-fb93e7279122: shutdown d83d04e7-4e51-47d3-8b78-fb93e7279122@group-A8E19FE298E0-LeaderStateImpl
2023-03-09 15:01:42,007 [d83d04e7-4e51-47d3-8b78-fb93e7279122-impl-thread2] INFO  impl.PendingRequests (PendingRequests.java:sendNotLeaderResponses(282)) - d83d04e7-4e51-47d3-8b78-fb93e7279122@group-A8E19FE298E0-PendingRequests: sendNotLeaderResponses
2023-03-09 15:01:42,008 [grpc-default-executor-13] WARN  server.GrpcLogAppender (LogUtils.java:warn(122)) - bbaee90d-c4b2-4cc7-a980-1e6be073f94e@group-C73BCED0AA33->d83d04e7-4e51-47d3-8b78-fb93e7279122-AppendLogResponseHandler: Failed appendEntries: org.apache.ratis.thirdparty.io.grpc.StatusRuntimeException: CANCELLED: RST_STREAM closed stream. HTTP/2 error code: CANCEL
2023-03-09 15:01:42,008 [grpc-default-executor-13] WARN  server.GrpcLogAppender (GrpcLogAppender.java:resetClient(131)) - bbaee90d-c4b2-4cc7-a980-1e6be073f94e@group-C73BCED0AA33->d83d04e7-4e51-47d3-8b78-fb93e7279122-GrpcLogAppender: Leader has not got in touch with Follower bbaee90d-c4b2-4cc7-a980-1e6be073f94e@group-C73BCED0AA33->d83d04e7-4e51-47d3-8b78-fb93e7279122(c0,m0,n1, attendVote=true, lastRpcSendTime=122, lastRpcResponseTime=121) yet, just keep nextIndex unchanged and retry.
2023-03-09 15:01:42,008 [grpc-default-executor-12] WARN  server.GrpcServerProtocolService (LogUtils.java:warn(122)) - d83d04e7-4e51-47d3-8b78-fb93e7279122: installSnapshot onError, lastRequest: null: org.apache.ratis.thirdparty.io.grpc.StatusRuntimeException: CANCELLED: client cancelled
2023-03-09 15:01:42,007 [ForkJoinPool.commonPool-worker-0] INFO  server.GrpcServerProtocolClient (GrpcServerProtocolClient.java:close(101)) - b8851da8-2889-47c2-8cdf-bbb0cc701685 Close channels
2023-03-09 15:01:42,014 [grpc-default-executor-12] WARN  server.GrpcLogAppender (LogUtils.java:warn(122)) - bbaee90d-c4b2-4cc7-a980-1e6be073f94e@group-C73BCED0AA33->d83d04e7-4e51-47d3-8b78-fb93e7279122-AppendLogResponseHandler: Failed appendEntries: org.apache.ratis.thirdparty.io.grpc.StatusRuntimeException: CANCELLED: RST_STREAM closed stream. HTTP/2 error code: CANCEL
2023-03-09 15:01:42,014 [grpc-default-executor-12] WARN  server.GrpcLogAppender (GrpcLogAppender.java:resetClient(131)) - bbaee90d-c4b2-4cc7-a980-1e6be073f94e@group-C73BCED0AA33->d83d04e7-4e51-47d3-8b78-fb93e7279122-GrpcLogAppender: Leader has not got in touch with Follower bbaee90d-c4b2-4cc7-a980-1e6be073f94e@group-C73BCED0AA33->d83d04e7-4e51-47d3-8b78-fb93e7279122(c0,m0,n1, attendVote=true, lastRpcSendTime=128, lastRpcResponseTime=127) yet, just keep nextIndex unchanged and retry.
2023-03-09 15:01:42,014 [grpc-default-executor-6] WARN  server.GrpcServerProtocolService (LogUtils.java:warn(122)) - d83d04e7-4e51-47d3-8b78-fb93e7279122: installSnapshot onError, lastRequest: bbaee90d-c4b2-4cc7-a980-1e6be073f94e->d83d04e7-4e51-47d3-8b78-fb93e7279122#1-t1,previous=(t:0, i:0),leaderCommit=0,initializing? true,entries: size=1, first=(t:1, i:0), CONFIGURATIONENTRY(current:id: "b8851da8-2889-47c2-8cdf-bbb0cc701685"
address: "127.0.0.1:44005"
dataStreamAddress: "127.0.0.1:45751"
clientAddress: "127.0.0.1:44005"
adminAddress: "127.0.0.1:44005"
startupRole: FOLLOWER
,id: "d83d04e7-4e51-47d3-8b78-fb93e7279122"
address: "127.0.0.1:42489"
dataStreamAddress: "127.0.0.1:46041"
clientAddress: "127.0.0.1:42489"
adminAddress: "127.0.0.1:42489"
startupRole: FOLLOWER
,id: "bbaee90d-c4b2-4cc7-a980-1e6be073f94e"
address: "127.0.0.1:38465"
priority: 1
dataStreamAddress: "127.0.0.1:46541"
clientAddress: "127.0.0.1:38465"
adminAddress: "127.0.0.1:38465"
startupRole: FOLLOWER
, old:): org.apache.ratis.thirdparty.io.grpc.StatusRuntimeException: CANCELLED: client cancelled
2023-03-09 15:01:42,009 [d83d04e7-4e51-47d3-8b78-fb93e7279122-impl-thread3] INFO  server.RaftServer$Division (RaftServerImpl.java:lambda$close$4(458)) - d83d04e7-4e51-47d3-8b78-fb93e7279122@group-66001B9BA104: shutdown
2023-03-09 15:01:42,002 [EndpointStateMachine task thread for /127.0.0.1:35467 - 0 ] INFO  ipc.Client (Client.java:handleConnectionFailure(1010)) - Retrying connect to server: localhost/127.0.0.1:35467. Already tried 2 time(s); retry policy is RetryUpToMaximumCountWithFixedSleep(maxRetries=15, sleepTime=1000 MILLISECONDS)
2023-03-09 15:01:42,016 [d83d04e7-4e51-47d3-8b78-fb93e7279122-impl-thread3] INFO  util.JmxRegister (JmxRegister.java:unregister(73)) - Successfully un-registered JMX Bean with object name Ratis:service=RaftServer,group=group-66001B9BA104,id=d83d04e7-4e51-47d3-8b78-fb93e7279122
2023-03-09 15:01:42,016 [d83d04e7-4e51-47d3-8b78-fb93e7279122-impl-thread3] INFO  impl.RoleInfo (RoleInfo.java:shutdownLeaderState(93)) - d83d04e7-4e51-47d3-8b78-fb93e7279122: shutdown d83d04e7-4e51-47d3-8b78-fb93e7279122@group-66001B9BA104-LeaderStateImpl
2023-03-09 15:01:42,017 [d83d04e7-4e51-47d3-8b78-fb93e7279122@group-A8E19FE298E0-StateMachineUpdater] INFO  ratis.ContainerStateMachine (ContainerStateMachine.java:takeSnapshot(308)) - group-A8E19FE298E0: Taking a snapshot at:(t:1, i:0) file /home/runner/work/ozone/ozone/hadoop-ozone/integration-test/target/test-dir/MiniOzoneClusterImpl-254978b8-4a66-4b6a-8773-30bebe5cbf00/datanode-0/data/ratis/85f6ed58-b2c2-4a63-9420-a8e19fe298e0/sm/snapshot.1_0
2023-03-09 15:01:42,017 [d83d04e7-4e51-47d3-8b78-fb93e7279122-impl-thread2] INFO  impl.StateMachineUpdater (StateMachineUpdater.java:stopAndJoin(153)) - d83d04e7-4e51-47d3-8b78-fb93e7279122@group-A8E19FE298E0-StateMachineUpdater: set stopIndex = 0
2023-03-09 15:01:42,017 [d83d04e7-4e51-47d3-8b78-fb93e7279122@group-66001B9BA104->b8851da8-2889-47c2-8cdf-bbb0cc701685-GrpcLogAppender-LogAppenderDaemon] WARN  server.GrpcLogAppender (GrpcLogAppender.java:mayWait(200)) - d83d04e7-4e51-47d3-8b78-fb93e7279122@group-66001B9BA104->b8851da8-2889-47c2-8cdf-bbb0cc701685-GrpcLogAppender: Wait interrupted by java.lang.InterruptedException
2023-03-09 15:01:42,001 [d83d04e7-4e51-47d3-8b78-fb93e7279122@group-C73BCED0AA33-FollowerState] INFO  impl.FollowerState (FollowerState.java:run(152)) - d83d04e7-4e51-47d3-8b78-fb93e7279122@group-C73BCED0AA33-FollowerState was interrupted
2023-03-09 15:01:42,001 [d83d04e7-4e51-47d3-8b78-fb93e7279122-impl-thread1] INFO  impl.StateMachineUpdater (StateMachineUpdater.java:stopAndJoin(153)) - d83d04e7-4e51-47d3-8b78-fb93e7279122@group-C73BCED0AA33-StateMachineUpdater: set stopIndex = 0
2023-03-09 15:01:42,018 [grpc-default-executor-6] INFO  server.GrpcServerProtocolService (GrpcServerProtocolService.java:onCompleted(143)) - b8851da8-2889-47c2-8cdf-bbb0cc701685: Completed APPEND_ENTRIES, lastRequest: null
2023-03-09 15:01:42,002 [d83d04e7-4e51-47d3-8b78-fb93e7279122@group-C73BCED0AA33-StateMachineUpdater] INFO  ratis.ContainerStateMachine (ContainerStateMachine.java:takeSnapshot(308)) - group-C73BCED0AA33: Taking a snapshot at:(t:1, i:0) file /home/runner/work/ozone/ozone/hadoop-ozone/integration-test/target/test-dir/MiniOzoneClusterImpl-254978b8-4a66-4b6a-8773-30bebe5cbf00/datanode-0/data/ratis/6be1a327-d200-4bb3-a02a-c73bced0aa33/sm/snapshot.1_0
2023-03-09 15:01:42,019 [grpc-default-executor-12] INFO  server.GrpcServerProtocolService (GrpcServerProtocolService.java:onCompleted(143)) - b8851da8-2889-47c2-8cdf-bbb0cc701685: Completed APPEND_ENTRIES, lastRequest: d83d04e7-4e51-47d3-8b78-fb93e7279122->b8851da8-2889-47c2-8cdf-bbb0cc701685#1-t1,previous=(t:0, i:0),leaderCommit=0,initializing? true,entries: size=1, first=(t:1, i:0), CONFIGURATIONENTRY(current:id: "b8851da8-2889-47c2-8cdf-bbb0cc701685"
address: "127.0.0.1:44005"
dataStreamAddress: "127.0.0.1:45751"
clientAddress: "127.0.0.1:44005"
adminAddress: "127.0.0.1:44005"
startupRole: FOLLOWER
,id: "d83d04e7-4e51-47d3-8b78-fb93e7279122"
address: "127.0.0.1:42489"
priority: 1
dataStreamAddress: "127.0.0.1:46041"
clientAddress: "127.0.0.1:42489"
adminAddress: "127.0.0.1:42489"
startupRole: FOLLOWER
,id: "bbaee90d-c4b2-4cc7-a980-1e6be073f94e"
address: "127.0.0.1:38465"
dataStreamAddress: "127.0.0.1:46541"
clientAddress: "127.0.0.1:38465"
adminAddress: "127.0.0.1:38465"
startupRole: FOLLOWER
, old:)
2023-03-09 15:01:42,020 [d83d04e7-4e51-47d3-8b78-fb93e7279122@group-C73BCED0AA33-StateMachineUpdater] INFO  ratis.ContainerStateMachine (ContainerStateMachine.java:takeSnapshot(319)) - group-C73BCED0AA33: Finished taking a snapshot at:(t:1, i:0) file:/home/runner/work/ozone/ozone/hadoop-ozone/integration-test/target/test-dir/MiniOzoneClusterImpl-254978b8-4a66-4b6a-8773-30bebe5cbf00/datanode-0/data/ratis/6be1a327-d200-4bb3-a02a-c73bced0aa33/sm/snapshot.1_0 took: 18 ms
2023-03-09 15:01:42,020 [d83d04e7-4e51-47d3-8b78-fb93e7279122@group-A8E19FE298E0-StateMachineUpdater] INFO  ratis.ContainerStateMachine (ContainerStateMachine.java:takeSnapshot(319)) - group-A8E19FE298E0: Finished taking a snapshot at:(t:1, i:0) file:/home/runner/work/ozone/ozone/hadoop-ozone/integration-test/target/test-dir/MiniOzoneClusterImpl-254978b8-4a66-4b6a-8773-30bebe5cbf00/datanode-0/data/ratis/85f6ed58-b2c2-4a63-9420-a8e19fe298e0/sm/snapshot.1_0 took: 3 ms
2023-03-09 15:01:42,020 [d83d04e7-4e51-47d3-8b78-fb93e7279122@group-C73BCED0AA33-StateMachineUpdater] INFO  impl.StateMachineUpdater (StateMachineUpdater.java:takeSnapshot(287)) - d83d04e7-4e51-47d3-8b78-fb93e7279122@group-C73BCED0AA33-StateMachineUpdater: Took a snapshot at index 0
2023-03-09 15:01:42,020 [d83d04e7-4e51-47d3-8b78-fb93e7279122@group-C73BCED0AA33-StateMachineUpdater] INFO  impl.StateMachineUpdater (StateMachineUpdater.java:lambda$new$0(92)) - d83d04e7-4e51-47d3-8b78-fb93e7279122@group-C73BCED0AA33-StateMachineUpdater: snapshotIndex: updateIncreasingly -1 -> 0
2023-03-09 15:01:42,020 [d83d04e7-4e51-47d3-8b78-fb93e7279122@group-A8E19FE298E0-StateMachineUpdater] INFO  impl.StateMachineUpdater (StateMachineUpdater.java:takeSnapshot(287)) - d83d04e7-4e51-47d3-8b78-fb93e7279122@group-A8E19FE298E0-StateMachineUpdater: Took a snapshot at index 0
2023-03-09 15:01:42,020 [d83d04e7-4e51-47d3-8b78-fb93e7279122@group-A8E19FE298E0-StateMachineUpdater] INFO  impl.StateMachineUpdater (StateMachineUpdater.java:lambda$new$0(92)) - d83d04e7-4e51-47d3-8b78-fb93e7279122@group-A8E19FE298E0-StateMachineUpdater: snapshotIndex: updateIncreasingly -1 -> 0
2023-03-09 15:01:42,020 [d83d04e7-4e51-47d3-8b78-fb93e7279122-impl-thread1] INFO  server.RaftServer$Division (ServerState.java:close(466)) - d83d04e7-4e51-47d3-8b78-fb93e7279122@group-C73BCED0AA33: closes. applyIndex: 0
2023-03-09 15:01:42,021 [grpc-default-executor-12] INFO  server.GrpcLogAppender (GrpcLogAppender.java:onCompleted(415)) - d83d04e7-4e51-47d3-8b78-fb93e7279122@group-66001B9BA104->b8851da8-2889-47c2-8cdf-bbb0cc701685-AppendLogResponseHandler: follower responses appendEntries COMPLETED
2023-03-09 15:01:42,021 [d83d04e7-4e51-47d3-8b78-fb93e7279122@group-66001B9BA104->bbaee90d-c4b2-4cc7-a980-1e6be073f94e-GrpcLogAppender-LogAppenderDaemon] WARN  server.GrpcLogAppender (GrpcLogAppender.java:mayWait(200)) - d83d04e7-4e51-47d3-8b78-fb93e7279122@group-66001B9BA104->bbaee90d-c4b2-4cc7-a980-1e6be073f94e-GrpcLogAppender: Wait interrupted by java.lang.InterruptedException
2023-03-09 15:01:42,021 [grpc-default-executor-12] WARN  server.GrpcLogAppender (GrpcLogAppender.java:resetClient(137)) - d83d04e7-4e51-47d3-8b78-fb93e7279122@group-66001B9BA104->b8851da8-2889-47c2-8cdf-bbb0cc701685-GrpcLogAppender: Failed to getClient for b8851da8-2889-47c2-8cdf-bbb0cc701685
org.apache.ratis.protocol.exceptions.AlreadyClosedException: d83d04e7-4e51-47d3-8b78-fb93e7279122 is already CLOSED
	at org.apache.ratis.util.PeerProxyMap$PeerAndProxy.getProxy(PeerProxyMap.java:61)
	at org.apache.ratis.util.PeerProxyMap.getProxy(PeerProxyMap.java:115)
	at org.apache.ratis.grpc.server.GrpcLogAppender.getClient(GrpcLogAppender.java:116)
	at org.apache.ratis.grpc.server.GrpcLogAppender.resetClient(GrpcLogAppender.java:121)
	at org.apache.ratis.grpc.server.GrpcLogAppender.access$500(GrpcLogAppender.java:58)
	at org.apache.ratis.grpc.server.GrpcLogAppender$AppendLogResponseHandler.onCompleted(GrpcLogAppender.java:416)
	at org.apache.ratis.thirdparty.io.grpc.stub.ClientCalls$StreamObserverToCallListenerAdapter.onClose(ClientCalls.java:485)
	at org.apache.ratis.thirdparty.io.grpc.internal.ClientCallImpl.closeObserver(ClientCallImpl.java:562)
	at org.apache.ratis.thirdparty.io.grpc.internal.ClientCallImpl.access$300(ClientCallImpl.java:70)
	at org.apache.ratis.thirdparty.io.grpc.internal.ClientCallImpl$ClientStreamListenerImpl$1StreamClosed.runInternal(ClientCallImpl.java:743)
	at org.apache.ratis.thirdparty.io.grpc.internal.ClientCallImpl$ClientStreamListenerImpl$1StreamClosed.runInContext(ClientCallImpl.java:722)
	at org.apache.ratis.thirdparty.io.grpc.internal.ContextRunnable.run(ContextRunnable.java:37)
	at org.apache.ratis.thirdparty.io.grpc.internal.SerializingExecutor.run(SerializingExecutor.java:133)
	at java.util.concurrent.ThreadPoolExecutor.runWorker(ThreadPoolExecutor.java:1149)
	at java.util.concurrent.ThreadPoolExecutor$Worker.run(ThreadPoolExecutor.java:624)
	at java.lang.Thread.run(Thread.java:750)
2023-03-09 15:01:42,021 [d83d04e7-4e51-47d3-8b78-fb93e7279122-impl-thread3] INFO  impl.PendingRequests (PendingRequests.java:sendNotLeaderResponses(282)) - d83d04e7-4e51-47d3-8b78-fb93e7279122@group-66001B9BA104-PendingRequests: sendNotLeaderResponses
2023-03-09 15:01:42,023 [grpc-default-executor-12] INFO  server.GrpcLogAppender (GrpcLogAppender.java:onCompleted(415)) - d83d04e7-4e51-47d3-8b78-fb93e7279122@group-66001B9BA104->b8851da8-2889-47c2-8cdf-bbb0cc701685-AppendLogResponseHandler: follower responses appendEntries COMPLETED
2023-03-09 15:01:42,023 [grpc-default-executor-12] WARN  server.GrpcLogAppender (GrpcLogAppender.java:resetClient(137)) - d83d04e7-4e51-47d3-8b78-fb93e7279122@group-66001B9BA104->b8851da8-2889-47c2-8cdf-bbb0cc701685-GrpcLogAppender: Failed to getClient for b8851da8-2889-47c2-8cdf-bbb0cc701685
org.apache.ratis.protocol.exceptions.AlreadyClosedException: d83d04e7-4e51-47d3-8b78-fb93e7279122 is already CLOSED
	at org.apache.ratis.util.PeerProxyMap$PeerAndProxy.getProxy(PeerProxyMap.java:61)
	at org.apache.ratis.util.PeerProxyMap.getProxy(PeerProxyMap.java:115)
	at org.apache.ratis.grpc.server.GrpcLogAppender.getClient(GrpcLogAppender.java:116)
	at org.apache.ratis.grpc.server.GrpcLogAppender.resetClient(GrpcLogAppender.java:121)
	at org.apache.ratis.grpc.server.GrpcLogAppender.access$500(GrpcLogAppender.java:58)
	at org.apache.ratis.grpc.server.GrpcLogAppender$AppendLogResponseHandler.onCompleted(GrpcLogAppender.java:416)
	at org.apache.ratis.thirdparty.io.grpc.stub.ClientCalls$StreamObserverToCallListenerAdapter.onClose(ClientCalls.java:485)
	at org.apache.ratis.thirdparty.io.grpc.internal.ClientCallImpl.closeObserver(ClientCallImpl.java:562)
	at org.apache.ratis.thirdparty.io.grpc.internal.ClientCallImpl.access$300(ClientCallImpl.java:70)
	at org.apache.ratis.thirdparty.io.grpc.internal.ClientCallImpl$ClientStreamListenerImpl$1StreamClosed.runInternal(ClientCallImpl.java:743)
	at org.apache.ratis.thirdparty.io.grpc.internal.ClientCallImpl$ClientStreamListenerImpl$1StreamClosed.runInContext(ClientCallImpl.java:722)
	at org.apache.ratis.thirdparty.io.grpc.internal.ContextRunnable.run(ContextRunnable.java:37)
	at org.apache.ratis.thirdparty.io.grpc.internal.SerializingExecutor.run(SerializingExecutor.java:133)
	at java.util.concurrent.ThreadPoolExecutor.runWorker(ThreadPoolExecutor.java:1149)
	at java.util.concurrent.ThreadPoolExecutor$Worker.run(ThreadPoolExecutor.java:624)
	at java.lang.Thread.run(Thread.java:750)
2023-03-09 15:01:42,025 [grpc-default-executor-12] INFO  server.GrpcServerProtocolService (GrpcServerProtocolService.java:onCompleted(143)) - bbaee90d-c4b2-4cc7-a980-1e6be073f94e: Completed APPEND_ENTRIES, lastRequest: null
2023-03-09 15:01:42,021 [d83d04e7-4e51-47d3-8b78-fb93e7279122@group-C73BCED0AA33-SegmentedRaftLogWorker] INFO  segmented.SegmentedRaftLogWorker (SegmentedRaftLogWorker.java:run(347)) - d83d04e7-4e51-47d3-8b78-fb93e7279122@group-C73BCED0AA33-SegmentedRaftLogWorker was interrupted, exiting. There are 0 tasks remaining in the queue.
2023-03-09 15:01:42,021 [d83d04e7-4e51-47d3-8b78-fb93e7279122-impl-thread2] INFO  server.RaftServer$Division (ServerState.java:close(466)) - d83d04e7-4e51-47d3-8b78-fb93e7279122@group-A8E19FE298E0: closes. applyIndex: 0
2023-03-09 15:01:42,030 [d83d04e7-4e51-47d3-8b78-fb93e7279122@group-A8E19FE298E0-SegmentedRaftLogWorker] INFO  segmented.SegmentedRaftLogWorker (SegmentedRaftLogWorker.java:run(347)) - d83d04e7-4e51-47d3-8b78-fb93e7279122@group-A8E19FE298E0-SegmentedRaftLogWorker was interrupted, exiting. There are 0 tasks remaining in the queue.
2023-03-09 15:01:42,023 [d83d04e7-4e51-47d3-8b78-fb93e7279122-impl-thread3] INFO  impl.StateMachineUpdater (StateMachineUpdater.java:stopAndJoin(153)) - d83d04e7-4e51-47d3-8b78-fb93e7279122@group-66001B9BA104-StateMachineUpdater: set stopIndex = 0
2023-03-09 15:01:42,023 [d83d04e7-4e51-47d3-8b78-fb93e7279122@group-66001B9BA104-StateMachineUpdater] INFO  ratis.ContainerStateMachine (ContainerStateMachine.java:takeSnapshot(308)) - group-66001B9BA104: Taking a snapshot at:(t:1, i:0) file /home/runner/work/ozone/ozone/hadoop-ozone/integration-test/target/test-dir/MiniOzoneClusterImpl-254978b8-4a66-4b6a-8773-30bebe5cbf00/datanode-0/data/ratis/fb410c10-6aba-48e4-affe-66001b9ba104/sm/snapshot.1_0
2023-03-09 15:01:42,031 [d83d04e7-4e51-47d3-8b78-fb93e7279122@group-66001B9BA104-StateMachineUpdater] INFO  ratis.ContainerStateMachine (ContainerStateMachine.java:takeSnapshot(319)) - group-66001B9BA104: Finished taking a snapshot at:(t:1, i:0) file:/home/runner/work/ozone/ozone/hadoop-ozone/integration-test/target/test-dir/MiniOzoneClusterImpl-254978b8-4a66-4b6a-8773-30bebe5cbf00/datanode-0/data/ratis/fb410c10-6aba-48e4-affe-66001b9ba104/sm/snapshot.1_0 took: 8 ms
2023-03-09 15:01:42,032 [d83d04e7-4e51-47d3-8b78-fb93e7279122@group-66001B9BA104-StateMachineUpdater] INFO  impl.StateMachineUpdater (StateMachineUpdater.java:takeSnapshot(287)) - d83d04e7-4e51-47d3-8b78-fb93e7279122@group-66001B9BA104-StateMachineUpdater: Took a snapshot at index 0
2023-03-09 15:01:42,032 [d83d04e7-4e51-47d3-8b78-fb93e7279122@group-66001B9BA104-StateMachineUpdater] INFO  impl.StateMachineUpdater (StateMachineUpdater.java:lambda$new$0(92)) - d83d04e7-4e51-47d3-8b78-fb93e7279122@group-66001B9BA104-StateMachineUpdater: snapshotIndex: updateIncreasingly -1 -> 0
2023-03-09 15:01:42,032 [d83d04e7-4e51-47d3-8b78-fb93e7279122-impl-thread3] INFO  server.RaftServer$Division (ServerState.java:close(466)) - d83d04e7-4e51-47d3-8b78-fb93e7279122@group-66001B9BA104: closes. applyIndex: 0
2023-03-09 15:01:42,032 [d83d04e7-4e51-47d3-8b78-fb93e7279122@group-66001B9BA104-SegmentedRaftLogWorker] INFO  segmented.SegmentedRaftLogWorker (SegmentedRaftLogWorker.java:run(347)) - d83d04e7-4e51-47d3-8b78-fb93e7279122@group-66001B9BA104-SegmentedRaftLogWorker was interrupted, exiting. There are 0 tasks remaining in the queue.
2023-03-09 15:01:42,041 [grpc-default-executor-6] INFO  server.GrpcLogAppender (GrpcLogAppender.java:onCompleted(415)) - d83d04e7-4e51-47d3-8b78-fb93e7279122@group-66001B9BA104->bbaee90d-c4b2-4cc7-a980-1e6be073f94e-AppendLogResponseHandler: follower responses appendEntries COMPLETED
2023-03-09 15:01:42,041 [grpc-default-executor-6] INFO  leader.FollowerInfo (FollowerInfoImpl.java:lambda$new$0(48)) - d83d04e7-4e51-47d3-8b78-fb93e7279122@group-66001B9BA104->bbaee90d-c4b2-4cc7-a980-1e6be073f94e: nextIndex: updateUnconditionally 1 -> 0
2023-03-09 15:01:42,042 [grpc-default-executor-12] INFO  server.GrpcServerProtocolService (GrpcServerProtocolService.java:onCompleted(143)) - bbaee90d-c4b2-4cc7-a980-1e6be073f94e: Completed APPEND_ENTRIES, lastRequest: d83d04e7-4e51-47d3-8b78-fb93e7279122->bbaee90d-c4b2-4cc7-a980-1e6be073f94e#1-t1,previous=(t:0, i:0),leaderCommit=0,initializing? true,entries: size=1, first=(t:1, i:0), CONFIGURATIONENTRY(current:id: "b8851da8-2889-47c2-8cdf-bbb0cc701685"
address: "127.0.0.1:44005"
dataStreamAddress: "127.0.0.1:45751"
clientAddress: "127.0.0.1:44005"
adminAddress: "127.0.0.1:44005"
startupRole: FOLLOWER
,id: "d83d04e7-4e51-47d3-8b78-fb93e7279122"
address: "127.0.0.1:42489"
priority: 1
dataStreamAddress: "127.0.0.1:46041"
clientAddress: "127.0.0.1:42489"
adminAddress: "127.0.0.1:42489"
startupRole: FOLLOWER
,id: "bbaee90d-c4b2-4cc7-a980-1e6be073f94e"
address: "127.0.0.1:38465"
dataStreamAddress: "127.0.0.1:46541"
clientAddress: "127.0.0.1:38465"
adminAddress: "127.0.0.1:38465"
startupRole: FOLLOWER
, old:)
2023-03-09 15:01:42,042 [grpc-default-executor-6] INFO  server.GrpcLogAppender (GrpcLogAppender.java:onCompleted(415)) - d83d04e7-4e51-47d3-8b78-fb93e7279122@group-66001B9BA104->bbaee90d-c4b2-4cc7-a980-1e6be073f94e-AppendLogResponseHandler: follower responses appendEntries COMPLETED
2023-03-09 15:01:42,042 [grpc-default-executor-6] INFO  leader.FollowerInfo (FollowerInfoImpl.java:lambda$new$0(48)) - d83d04e7-4e51-47d3-8b78-fb93e7279122@group-66001B9BA104->bbaee90d-c4b2-4cc7-a980-1e6be073f94e: nextIndex: updateUnconditionally 0 -> 0
2023-03-09 15:01:42,044 [d83d04e7-4e51-47d3-8b78-fb93e7279122-impl-thread1] INFO  segmented.SegmentedRaftLogWorker (SegmentedRaftLogWorker.java:close(257)) - d83d04e7-4e51-47d3-8b78-fb93e7279122@group-C73BCED0AA33-SegmentedRaftLogWorker close()
2023-03-09 15:01:42,045 [d83d04e7-4e51-47d3-8b78-fb93e7279122-impl-thread2] INFO  segmented.SegmentedRaftLogWorker (SegmentedRaftLogWorker.java:close(257)) - d83d04e7-4e51-47d3-8b78-fb93e7279122@group-A8E19FE298E0-SegmentedRaftLogWorker close()
2023-03-09 15:01:42,045 [d83d04e7-4e51-47d3-8b78-fb93e7279122-impl-thread3] INFO  segmented.SegmentedRaftLogWorker (SegmentedRaftLogWorker.java:close(257)) - d83d04e7-4e51-47d3-8b78-fb93e7279122@group-66001B9BA104-SegmentedRaftLogWorker close()
2023-03-09 15:01:42,045 [ForkJoinPool.commonPool-worker-0] INFO  server.GrpcServerProtocolClient (GrpcServerProtocolClient.java:close(101)) - bbaee90d-c4b2-4cc7-a980-1e6be073f94e Close channels
2023-03-09 15:01:42,067 [ForkJoinPool.commonPool-worker-0] INFO  server.GrpcService (GrpcService.java:closeImpl(280)) - d83d04e7-4e51-47d3-8b78-fb93e7279122: shutdown server GrpcServerProtocolService successfully
2023-03-09 15:01:42,068 [d83d04e7-4e51-47d3-8b78-fb93e7279122-NettyServerStreamRpc-bossGroup--thread1] INFO  logging.LoggingHandler (AbstractInternalLogger.java:log(148)) - [id: 0x9781a84c, L:/0:0:0:0:0:0:0:0:46041] CLOSE
2023-03-09 15:01:42,068 [d83d04e7-4e51-47d3-8b78-fb93e7279122-NettyServerStreamRpc-bossGroup--thread1] INFO  logging.LoggingHandler (AbstractInternalLogger.java:log(148)) - [id: 0x9781a84c, L:/0:0:0:0:0:0:0:0:46041] INACTIVE
2023-03-09 15:01:42,068 [d83d04e7-4e51-47d3-8b78-fb93e7279122-NettyServerStreamRpc-bossGroup--thread1] INFO  logging.LoggingHandler (AbstractInternalLogger.java:log(148)) - [id: 0x9781a84c, L:/0:0:0:0:0:0:0:0:46041] UNREGISTERED
2023-03-09 15:01:42,084 [JvmPauseMonitor32] INFO  util.JvmPauseMonitor (JvmPauseMonitor.java:run(111)) - JvmPauseMonitor-d83d04e7-4e51-47d3-8b78-fb93e7279122: Stopped
2023-03-09 15:01:42,171 [Listener at 127.0.0.1/33363] INFO  ozoneimpl.OzoneContainer (OzoneContainer.java:stop(420)) - Attempting to stop container services.
2023-03-09 15:01:42,172 [Listener at 127.0.0.1/33363] INFO  server.RaftServer (RaftServerProxy.java:lambda$close$6(409)) - bbaee90d-c4b2-4cc7-a980-1e6be073f94e: close
2023-03-09 15:01:42,172 [bbaee90d-c4b2-4cc7-a980-1e6be073f94e-impl-thread1] INFO  server.RaftServer$Division (RaftServerImpl.java:lambda$close$4(458)) - bbaee90d-c4b2-4cc7-a980-1e6be073f94e@group-DEE44A848CE6: shutdown
2023-03-09 15:01:42,172 [bbaee90d-c4b2-4cc7-a980-1e6be073f94e-impl-thread1] INFO  util.JmxRegister (JmxRegister.java:unregister(73)) - Successfully un-registered JMX Bean with object name Ratis:service=RaftServer,group=group-DEE44A848CE6,id=bbaee90d-c4b2-4cc7-a980-1e6be073f94e
2023-03-09 15:01:42,172 [bbaee90d-c4b2-4cc7-a980-1e6be073f94e-impl-thread1] INFO  impl.RoleInfo (RoleInfo.java:shutdownLeaderState(93)) - bbaee90d-c4b2-4cc7-a980-1e6be073f94e: shutdown bbaee90d-c4b2-4cc7-a980-1e6be073f94e@group-DEE44A848CE6-LeaderStateImpl
2023-03-09 15:01:42,173 [bbaee90d-c4b2-4cc7-a980-1e6be073f94e-impl-thread1] INFO  impl.PendingRequests (PendingRequests.java:sendNotLeaderResponses(282)) - bbaee90d-c4b2-4cc7-a980-1e6be073f94e@group-DEE44A848CE6-PendingRequests: sendNotLeaderResponses
2023-03-09 15:01:42,173 [bbaee90d-c4b2-4cc7-a980-1e6be073f94e-impl-thread1] INFO  impl.StateMachineUpdater (StateMachineUpdater.java:stopAndJoin(153)) - bbaee90d-c4b2-4cc7-a980-1e6be073f94e@group-DEE44A848CE6-StateMachineUpdater: set stopIndex = 0
2023-03-09 15:01:42,173 [bbaee90d-c4b2-4cc7-a980-1e6be073f94e@group-DEE44A848CE6-StateMachineUpdater] INFO  ratis.ContainerStateMachine (ContainerStateMachine.java:takeSnapshot(308)) - group-DEE44A848CE6: Taking a snapshot at:(t:1, i:0) file /home/runner/work/ozone/ozone/hadoop-ozone/integration-test/target/test-dir/MiniOzoneClusterImpl-254978b8-4a66-4b6a-8773-30bebe5cbf00/datanode-1/data/ratis/14b3535c-bebc-455c-8b08-dee44a848ce6/sm/snapshot.1_0
2023-03-09 15:01:42,174 [bbaee90d-c4b2-4cc7-a980-1e6be073f94e-impl-thread2] INFO  server.RaftServer$Division (RaftServerImpl.java:lambda$close$4(458)) - bbaee90d-c4b2-4cc7-a980-1e6be073f94e@group-C73BCED0AA33: shutdown
2023-03-09 15:01:42,174 [bbaee90d-c4b2-4cc7-a980-1e6be073f94e-impl-thread2] INFO  util.JmxRegister (JmxRegister.java:unregister(73)) - Successfully un-registered JMX Bean with object name Ratis:service=RaftServer,group=group-C73BCED0AA33,id=bbaee90d-c4b2-4cc7-a980-1e6be073f94e
2023-03-09 15:01:42,174 [bbaee90d-c4b2-4cc7-a980-1e6be073f94e-impl-thread2] INFO  impl.RoleInfo (RoleInfo.java:shutdownLeaderState(93)) - bbaee90d-c4b2-4cc7-a980-1e6be073f94e: shutdown bbaee90d-c4b2-4cc7-a980-1e6be073f94e@group-C73BCED0AA33-LeaderStateImpl
2023-03-09 15:01:42,174 [Listener at 127.0.0.1/33363] INFO  server.GrpcService (GrpcService.java:closeImpl(271)) - bbaee90d-c4b2-4cc7-a980-1e6be073f94e: shutdown server GrpcServerProtocolService now
2023-03-09 15:01:42,174 [bbaee90d-c4b2-4cc7-a980-1e6be073f94e@group-DEE44A848CE6-StateMachineUpdater] INFO  ratis.ContainerStateMachine (ContainerStateMachine.java:takeSnapshot(319)) - group-DEE44A848CE6: Finished taking a snapshot at:(t:1, i:0) file:/home/runner/work/ozone/ozone/hadoop-ozone/integration-test/target/test-dir/MiniOzoneClusterImpl-254978b8-4a66-4b6a-8773-30bebe5cbf00/datanode-1/data/ratis/14b3535c-bebc-455c-8b08-dee44a848ce6/sm/snapshot.1_0 took: 1 ms
2023-03-09 15:01:42,175 [bbaee90d-c4b2-4cc7-a980-1e6be073f94e@group-DEE44A848CE6-StateMachineUpdater] INFO  impl.StateMachineUpdater (StateMachineUpdater.java:takeSnapshot(287)) - bbaee90d-c4b2-4cc7-a980-1e6be073f94e@group-DEE44A848CE6-StateMachineUpdater: Took a snapshot at index 0
2023-03-09 15:01:42,175 [bbaee90d-c4b2-4cc7-a980-1e6be073f94e@group-DEE44A848CE6-StateMachineUpdater] INFO  impl.StateMachineUpdater (StateMachineUpdater.java:lambda$new$0(92)) - bbaee90d-c4b2-4cc7-a980-1e6be073f94e@group-DEE44A848CE6-StateMachineUpdater: snapshotIndex: updateIncreasingly -1 -> 0
2023-03-09 15:01:42,175 [bbaee90d-c4b2-4cc7-a980-1e6be073f94e-impl-thread1] INFO  server.RaftServer$Division (ServerState.java:close(466)) - bbaee90d-c4b2-4cc7-a980-1e6be073f94e@group-DEE44A848CE6: closes. applyIndex: 0
2023-03-09 15:01:42,176 [bbaee90d-c4b2-4cc7-a980-1e6be073f94e@group-DEE44A848CE6-SegmentedRaftLogWorker] INFO  segmented.SegmentedRaftLogWorker (SegmentedRaftLogWorker.java:run(347)) - bbaee90d-c4b2-4cc7-a980-1e6be073f94e@group-DEE44A848CE6-SegmentedRaftLogWorker was interrupted, exiting. There are 0 tasks remaining in the queue.
2023-03-09 15:01:42,178 [bbaee90d-c4b2-4cc7-a980-1e6be073f94e-impl-thread2] INFO  impl.PendingRequests (PendingRequests.java:sendNotLeaderResponses(282)) - bbaee90d-c4b2-4cc7-a980-1e6be073f94e@group-C73BCED0AA33-PendingRequests: sendNotLeaderResponses
2023-03-09 15:01:42,178 [Listener at 127.0.0.1/33363] INFO  server.GrpcServerProtocolClient (GrpcServerProtocolClient.java:close(101)) - b8851da8-2889-47c2-8cdf-bbb0cc701685 Close channels
2023-03-09 15:01:42,183 [grpc-default-executor-6] INFO  server.GrpcServerProtocolService (GrpcServerProtocolService.java:onCompleted(143)) - b8851da8-2889-47c2-8cdf-bbb0cc701685: Completed APPEND_ENTRIES, lastRequest: bbaee90d-c4b2-4cc7-a980-1e6be073f94e->b8851da8-2889-47c2-8cdf-bbb0cc701685#1-t1,previous=(t:0, i:0),leaderCommit=0,initializing? true,entries: size=1, first=(t:1, i:0), CONFIGURATIONENTRY(current:id: "b8851da8-2889-47c2-8cdf-bbb0cc701685"
address: "127.0.0.1:44005"
dataStreamAddress: "127.0.0.1:45751"
clientAddress: "127.0.0.1:44005"
adminAddress: "127.0.0.1:44005"
startupRole: FOLLOWER
,id: "d83d04e7-4e51-47d3-8b78-fb93e7279122"
address: "127.0.0.1:42489"
dataStreamAddress: "127.0.0.1:46041"
clientAddress: "127.0.0.1:42489"
adminAddress: "127.0.0.1:42489"
startupRole: FOLLOWER
,id: "bbaee90d-c4b2-4cc7-a980-1e6be073f94e"
address: "127.0.0.1:38465"
priority: 1
dataStreamAddress: "127.0.0.1:46541"
clientAddress: "127.0.0.1:38465"
adminAddress: "127.0.0.1:38465"
startupRole: FOLLOWER
, old:)
2023-03-09 15:01:42,183 [grpc-default-executor-12] INFO  server.GrpcServerProtocolService (GrpcServerProtocolService.java:onCompleted(143)) - b8851da8-2889-47c2-8cdf-bbb0cc701685: Completed APPEND_ENTRIES, lastRequest: null
2023-03-09 15:01:42,182 [bbaee90d-c4b2-4cc7-a980-1e6be073f94e-impl-thread1] INFO  segmented.SegmentedRaftLogWorker (SegmentedRaftLogWorker.java:close(257)) - bbaee90d-c4b2-4cc7-a980-1e6be073f94e@group-DEE44A848CE6-SegmentedRaftLogWorker close()
2023-03-09 15:01:42,184 [grpc-default-executor-12] INFO  server.GrpcLogAppender (GrpcLogAppender.java:onCompleted(415)) - bbaee90d-c4b2-4cc7-a980-1e6be073f94e@group-C73BCED0AA33->b8851da8-2889-47c2-8cdf-bbb0cc701685-AppendLogResponseHandler: follower responses appendEntries COMPLETED
2023-03-09 15:01:42,184 [grpc-default-executor-12] WARN  server.GrpcLogAppender (GrpcLogAppender.java:resetClient(137)) - bbaee90d-c4b2-4cc7-a980-1e6be073f94e@group-C73BCED0AA33->b8851da8-2889-47c2-8cdf-bbb0cc701685-GrpcLogAppender: Failed to getClient for b8851da8-2889-47c2-8cdf-bbb0cc701685
org.apache.ratis.protocol.exceptions.AlreadyClosedException: bbaee90d-c4b2-4cc7-a980-1e6be073f94e is already CLOSED
	at org.apache.ratis.util.PeerProxyMap$PeerAndProxy.getProxy(PeerProxyMap.java:61)
	at org.apache.ratis.util.PeerProxyMap.getProxy(PeerProxyMap.java:115)
	at org.apache.ratis.grpc.server.GrpcLogAppender.getClient(GrpcLogAppender.java:116)
	at org.apache.ratis.grpc.server.GrpcLogAppender.resetClient(GrpcLogAppender.java:121)
	at org.apache.ratis.grpc.server.GrpcLogAppender.access$500(GrpcLogAppender.java:58)
	at org.apache.ratis.grpc.server.GrpcLogAppender$AppendLogResponseHandler.onCompleted(GrpcLogAppender.java:416)
	at org.apache.ratis.thirdparty.io.grpc.stub.ClientCalls$StreamObserverToCallListenerAdapter.onClose(ClientCalls.java:485)
	at org.apache.ratis.thirdparty.io.grpc.internal.ClientCallImpl.closeObserver(ClientCallImpl.java:562)
	at org.apache.ratis.thirdparty.io.grpc.internal.ClientCallImpl.access$300(ClientCallImpl.java:70)
	at org.apache.ratis.thirdparty.io.grpc.internal.ClientCallImpl$ClientStreamListenerImpl$1StreamClosed.runInternal(ClientCallImpl.java:743)
	at org.apache.ratis.thirdparty.io.grpc.internal.ClientCallImpl$ClientStreamListenerImpl$1StreamClosed.runInContext(ClientCallImpl.java:722)
	at org.apache.ratis.thirdparty.io.grpc.internal.ContextRunnable.run(ContextRunnable.java:37)
	at org.apache.ratis.thirdparty.io.grpc.internal.SerializingExecutor.run(SerializingExecutor.java:133)
	at java.util.concurrent.ThreadPoolExecutor.runWorker(ThreadPoolExecutor.java:1149)
	at java.util.concurrent.ThreadPoolExecutor$Worker.run(ThreadPoolExecutor.java:624)
	at java.lang.Thread.run(Thread.java:750)
2023-03-09 15:01:42,185 [grpc-default-executor-12] INFO  server.GrpcLogAppender (GrpcLogAppender.java:onCompleted(415)) - bbaee90d-c4b2-4cc7-a980-1e6be073f94e@group-C73BCED0AA33->b8851da8-2889-47c2-8cdf-bbb0cc701685-AppendLogResponseHandler: follower responses appendEntries COMPLETED
2023-03-09 15:01:42,185 [grpc-default-executor-12] WARN  server.GrpcLogAppender (GrpcLogAppender.java:resetClient(137)) - bbaee90d-c4b2-4cc7-a980-1e6be073f94e@group-C73BCED0AA33->b8851da8-2889-47c2-8cdf-bbb0cc701685-GrpcLogAppender: Failed to getClient for b8851da8-2889-47c2-8cdf-bbb0cc701685
org.apache.ratis.protocol.exceptions.AlreadyClosedException: bbaee90d-c4b2-4cc7-a980-1e6be073f94e is already CLOSED
	at org.apache.ratis.util.PeerProxyMap$PeerAndProxy.getProxy(PeerProxyMap.java:61)
	at org.apache.ratis.util.PeerProxyMap.getProxy(PeerProxyMap.java:115)
	at org.apache.ratis.grpc.server.GrpcLogAppender.getClient(GrpcLogAppender.java:116)
	at org.apache.ratis.grpc.server.GrpcLogAppender.resetClient(GrpcLogAppender.java:121)
	at org.apache.ratis.grpc.server.GrpcLogAppender.access$500(GrpcLogAppender.java:58)
	at org.apache.ratis.grpc.server.GrpcLogAppender$AppendLogResponseHandler.onCompleted(GrpcLogAppender.java:416)
	at org.apache.ratis.thirdparty.io.grpc.stub.ClientCalls$StreamObserverToCallListenerAdapter.onClose(ClientCalls.java:485)
	at org.apache.ratis.thirdparty.io.grpc.internal.ClientCallImpl.closeObserver(ClientCallImpl.java:562)
	at org.apache.ratis.thirdparty.io.grpc.internal.ClientCallImpl.access$300(ClientCallImpl.java:70)
	at org.apache.ratis.thirdparty.io.grpc.internal.ClientCallImpl$ClientStreamListenerImpl$1StreamClosed.runInternal(ClientCallImpl.java:743)
	at org.apache.ratis.thirdparty.io.grpc.internal.ClientCallImpl$ClientStreamListenerImpl$1StreamClosed.runInContext(ClientCallImpl.java:722)
	at org.apache.ratis.thirdparty.io.grpc.internal.ContextRunnable.run(ContextRunnable.java:37)
	at org.apache.ratis.thirdparty.io.grpc.internal.SerializingExecutor.run(SerializingExecutor.java:133)
	at java.util.concurrent.ThreadPoolExecutor.runWorker(ThreadPoolExecutor.java:1149)
	at java.util.concurrent.ThreadPoolExecutor$Worker.run(ThreadPoolExecutor.java:624)
	at java.lang.Thread.run(Thread.java:750)
2023-03-09 15:01:42,187 [bbaee90d-c4b2-4cc7-a980-1e6be073f94e-impl-thread3] INFO  server.RaftServer$Division (RaftServerImpl.java:lambda$close$4(458)) - bbaee90d-c4b2-4cc7-a980-1e6be073f94e@group-66001B9BA104: shutdown
2023-03-09 15:01:42,187 [bbaee90d-c4b2-4cc7-a980-1e6be073f94e-impl-thread3] INFO  util.JmxRegister (JmxRegister.java:unregister(73)) - Successfully un-registered JMX Bean with object name Ratis:service=RaftServer,group=group-66001B9BA104,id=bbaee90d-c4b2-4cc7-a980-1e6be073f94e
2023-03-09 15:01:42,188 [bbaee90d-c4b2-4cc7-a980-1e6be073f94e-impl-thread3] INFO  impl.RoleInfo (RoleInfo.java:shutdownFollowerState(110)) - bbaee90d-c4b2-4cc7-a980-1e6be073f94e: shutdown bbaee90d-c4b2-4cc7-a980-1e6be073f94e@group-66001B9BA104-FollowerState
2023-03-09 15:01:42,188 [bbaee90d-c4b2-4cc7-a980-1e6be073f94e-impl-thread3] INFO  impl.StateMachineUpdater (StateMachineUpdater.java:stopAndJoin(153)) - bbaee90d-c4b2-4cc7-a980-1e6be073f94e@group-66001B9BA104-StateMachineUpdater: set stopIndex = 0
2023-03-09 15:01:42,188 [bbaee90d-c4b2-4cc7-a980-1e6be073f94e@group-66001B9BA104-FollowerState] INFO  impl.FollowerState (FollowerState.java:run(152)) - bbaee90d-c4b2-4cc7-a980-1e6be073f94e@group-66001B9BA104-FollowerState was interrupted
2023-03-09 15:01:42,189 [bbaee90d-c4b2-4cc7-a980-1e6be073f94e-impl-thread2] INFO  impl.StateMachineUpdater (StateMachineUpdater.java:stopAndJoin(153)) - bbaee90d-c4b2-4cc7-a980-1e6be073f94e@group-C73BCED0AA33-StateMachineUpdater: set stopIndex = 0
2023-03-09 15:01:42,189 [bbaee90d-c4b2-4cc7-a980-1e6be073f94e@group-C73BCED0AA33-StateMachineUpdater] INFO  ratis.ContainerStateMachine (ContainerStateMachine.java:takeSnapshot(308)) - group-C73BCED0AA33: Taking a snapshot at:(t:1, i:0) file /home/runner/work/ozone/ozone/hadoop-ozone/integration-test/target/test-dir/MiniOzoneClusterImpl-254978b8-4a66-4b6a-8773-30bebe5cbf00/datanode-1/data/ratis/6be1a327-d200-4bb3-a02a-c73bced0aa33/sm/snapshot.1_0
2023-03-09 15:01:42,189 [bbaee90d-c4b2-4cc7-a980-1e6be073f94e@group-66001B9BA104-StateMachineUpdater] INFO  ratis.ContainerStateMachine (ContainerStateMachine.java:takeSnapshot(308)) - group-66001B9BA104: Taking a snapshot at:(t:1, i:0) file /home/runner/work/ozone/ozone/hadoop-ozone/integration-test/target/test-dir/MiniOzoneClusterImpl-254978b8-4a66-4b6a-8773-30bebe5cbf00/datanode-1/data/ratis/fb410c10-6aba-48e4-affe-66001b9ba104/sm/snapshot.1_0
2023-03-09 15:01:42,190 [bbaee90d-c4b2-4cc7-a980-1e6be073f94e@group-C73BCED0AA33-StateMachineUpdater] INFO  ratis.ContainerStateMachine (ContainerStateMachine.java:takeSnapshot(319)) - group-C73BCED0AA33: Finished taking a snapshot at:(t:1, i:0) file:/home/runner/work/ozone/ozone/hadoop-ozone/integration-test/target/test-dir/MiniOzoneClusterImpl-254978b8-4a66-4b6a-8773-30bebe5cbf00/datanode-1/data/ratis/6be1a327-d200-4bb3-a02a-c73bced0aa33/sm/snapshot.1_0 took: 1 ms
2023-03-09 15:01:42,190 [bbaee90d-c4b2-4cc7-a980-1e6be073f94e@group-C73BCED0AA33-StateMachineUpdater] INFO  impl.StateMachineUpdater (StateMachineUpdater.java:takeSnapshot(287)) - bbaee90d-c4b2-4cc7-a980-1e6be073f94e@group-C73BCED0AA33-StateMachineUpdater: Took a snapshot at index 0
2023-03-09 15:01:42,190 [bbaee90d-c4b2-4cc7-a980-1e6be073f94e@group-C73BCED0AA33-StateMachineUpdater] INFO  impl.StateMachineUpdater (StateMachineUpdater.java:lambda$new$0(92)) - bbaee90d-c4b2-4cc7-a980-1e6be073f94e@group-C73BCED0AA33-StateMachineUpdater: snapshotIndex: updateIncreasingly -1 -> 0
2023-03-09 15:01:42,190 [bbaee90d-c4b2-4cc7-a980-1e6be073f94e@group-66001B9BA104-StateMachineUpdater] INFO  ratis.ContainerStateMachine (ContainerStateMachine.java:takeSnapshot(319)) - group-66001B9BA104: Finished taking a snapshot at:(t:1, i:0) file:/home/runner/work/ozone/ozone/hadoop-ozone/integration-test/target/test-dir/MiniOzoneClusterImpl-254978b8-4a66-4b6a-8773-30bebe5cbf00/datanode-1/data/ratis/fb410c10-6aba-48e4-affe-66001b9ba104/sm/snapshot.1_0 took: 1 ms
2023-03-09 15:01:42,190 [bbaee90d-c4b2-4cc7-a980-1e6be073f94e@group-66001B9BA104-StateMachineUpdater] INFO  impl.StateMachineUpdater (StateMachineUpdater.java:takeSnapshot(287)) - bbaee90d-c4b2-4cc7-a980-1e6be073f94e@group-66001B9BA104-StateMachineUpdater: Took a snapshot at index 0
2023-03-09 15:01:42,190 [bbaee90d-c4b2-4cc7-a980-1e6be073f94e@group-66001B9BA104-StateMachineUpdater] INFO  impl.StateMachineUpdater (StateMachineUpdater.java:lambda$new$0(92)) - bbaee90d-c4b2-4cc7-a980-1e6be073f94e@group-66001B9BA104-StateMachineUpdater: snapshotIndex: updateIncreasingly -1 -> 0
2023-03-09 15:01:42,191 [bbaee90d-c4b2-4cc7-a980-1e6be073f94e-impl-thread2] INFO  server.RaftServer$Division (ServerState.java:close(466)) - bbaee90d-c4b2-4cc7-a980-1e6be073f94e@group-C73BCED0AA33: closes. applyIndex: 0
2023-03-09 15:01:42,191 [bbaee90d-c4b2-4cc7-a980-1e6be073f94e-impl-thread3] INFO  server.RaftServer$Division (ServerState.java:close(466)) - bbaee90d-c4b2-4cc7-a980-1e6be073f94e@group-66001B9BA104: closes. applyIndex: 0
2023-03-09 15:01:42,191 [bbaee90d-c4b2-4cc7-a980-1e6be073f94e@group-C73BCED0AA33-SegmentedRaftLogWorker] INFO  segmented.SegmentedRaftLogWorker (SegmentedRaftLogWorker.java:run(347)) - bbaee90d-c4b2-4cc7-a980-1e6be073f94e@group-C73BCED0AA33-SegmentedRaftLogWorker was interrupted, exiting. There are 0 tasks remaining in the queue.
2023-03-09 15:01:42,191 [bbaee90d-c4b2-4cc7-a980-1e6be073f94e@group-66001B9BA104-SegmentedRaftLogWorker] INFO  segmented.SegmentedRaftLogWorker (SegmentedRaftLogWorker.java:run(347)) - bbaee90d-c4b2-4cc7-a980-1e6be073f94e@group-66001B9BA104-SegmentedRaftLogWorker was interrupted, exiting. There are 0 tasks remaining in the queue.
2023-03-09 15:01:42,194 [bbaee90d-c4b2-4cc7-a980-1e6be073f94e-impl-thread2] INFO  segmented.SegmentedRaftLogWorker (SegmentedRaftLogWorker.java:close(257)) - bbaee90d-c4b2-4cc7-a980-1e6be073f94e@group-C73BCED0AA33-SegmentedRaftLogWorker close()
2023-03-09 15:01:42,194 [bbaee90d-c4b2-4cc7-a980-1e6be073f94e-impl-thread3] INFO  segmented.SegmentedRaftLogWorker (SegmentedRaftLogWorker.java:close(257)) - bbaee90d-c4b2-4cc7-a980-1e6be073f94e@group-66001B9BA104-SegmentedRaftLogWorker close()
2023-03-09 15:01:42,194 [Listener at 127.0.0.1/33363] INFO  server.GrpcServerProtocolClient (GrpcServerProtocolClient.java:close(101)) - d83d04e7-4e51-47d3-8b78-fb93e7279122 Close channels
2023-03-09 15:01:42,200 [Listener at 127.0.0.1/33363] INFO  server.GrpcService (GrpcService.java:closeImpl(280)) - bbaee90d-c4b2-4cc7-a980-1e6be073f94e: shutdown server GrpcServerProtocolService successfully
2023-03-09 15:01:42,200 [bbaee90d-c4b2-4cc7-a980-1e6be073f94e-NettyServerStreamRpc-bossGroup--thread1] INFO  logging.LoggingHandler (AbstractInternalLogger.java:log(148)) - [id: 0x0cb457bb, L:/0:0:0:0:0:0:0:0:46541] CLOSE
2023-03-09 15:01:42,200 [bbaee90d-c4b2-4cc7-a980-1e6be073f94e-NettyServerStreamRpc-bossGroup--thread1] INFO  logging.LoggingHandler (AbstractInternalLogger.java:log(148)) - [id: 0x0cb457bb, L:/0:0:0:0:0:0:0:0:46541] INACTIVE
2023-03-09 15:01:42,201 [bbaee90d-c4b2-4cc7-a980-1e6be073f94e-NettyServerStreamRpc-bossGroup--thread1] INFO  logging.LoggingHandler (AbstractInternalLogger.java:log(148)) - [id: 0x0cb457bb, L:/0:0:0:0:0:0:0:0:46541] UNREGISTERED
2023-03-09 15:01:42,205 [JvmPauseMonitor33] INFO  util.JvmPauseMonitor (JvmPauseMonitor.java:run(111)) - JvmPauseMonitor-bbaee90d-c4b2-4cc7-a980-1e6be073f94e: Stopped
2023-03-09 15:01:42,859 [EndpointStateMachine task thread for /127.0.0.1:36681 - 0 ] INFO  ipc.Client (Client.java:handleConnectionFailure(1010)) - Retrying connect to server: localhost/127.0.0.1:36681. Already tried 12 time(s); retry policy is RetryUpToMaximumCountWithFixedSleep(maxRetries=15, sleepTime=1000 MILLISECONDS)
2023-03-09 15:01:42,859 [EndpointStateMachine task thread for /127.0.0.1:43747 - 0 ] INFO  ipc.Client (Client.java:handleConnectionFailure(1010)) - Retrying connect to server: localhost/127.0.0.1:43747. Already tried 6 time(s); retry policy is RetryUpToMaximumCountWithFixedSleep(maxRetries=15, sleepTime=1000 MILLISECONDS)
2023-03-09 15:01:43,016 [EndpointStateMachine task thread for /127.0.0.1:35467 - 0 ] INFO  ipc.Client (Client.java:handleConnectionFailure(1010)) - Retrying connect to server: localhost/127.0.0.1:35467. Already tried 3 time(s); retry policy is RetryUpToMaximumCountWithFixedSleep(maxRetries=15, sleepTime=1000 MILLISECONDS)
2023-03-09 15:01:43,860 [EndpointStateMachine task thread for /127.0.0.1:36681 - 0 ] INFO  ipc.Client (Client.java:handleConnectionFailure(1010)) - Retrying connect to server: localhost/127.0.0.1:36681. Already tried 13 time(s); retry policy is RetryUpToMaximumCountWithFixedSleep(maxRetries=15, sleepTime=1000 MILLISECONDS)
2023-03-09 15:01:43,860 [EndpointStateMachine task thread for /127.0.0.1:43747 - 0 ] INFO  ipc.Client (Client.java:handleConnectionFailure(1010)) - Retrying connect to server: localhost/127.0.0.1:43747. Already tried 7 time(s); retry policy is RetryUpToMaximumCountWithFixedSleep(maxRetries=15, sleepTime=1000 MILLISECONDS)
2023-03-09 15:01:44,017 [EndpointStateMachine task thread for /127.0.0.1:35467 - 0 ] INFO  ipc.Client (Client.java:handleConnectionFailure(1010)) - Retrying connect to server: localhost/127.0.0.1:35467. Already tried 4 time(s); retry policy is RetryUpToMaximumCountWithFixedSleep(maxRetries=15, sleepTime=1000 MILLISECONDS)
2023-03-09 15:01:44,097 [ForkJoinPool.commonPool-worker-0] INFO  volume.HddsVolume (HddsVolume.java:closeDbStore(362)) - SchemaV3 db is stopped at /home/runner/work/ozone/ozone/hadoop-ozone/integration-test/target/test-dir/MiniOzoneClusterImpl-254978b8-4a66-4b6a-8773-30bebe5cbf00/datanode-0/data-0/containers/hdds/254978b8-4a66-4b6a-8773-30bebe5cbf00/DS-76bcd21a-0d7a-4baa-b4e0-17161d3dd53f/container.db for volume DS-76bcd21a-0d7a-4baa-b4e0-17161d3dd53f
2023-03-09 15:01:44,097 [ForkJoinPool.commonPool-worker-0] INFO  utils.BackgroundService (BackgroundService.java:shutdown(141)) - Shutting down service BlockDeletingService
2023-03-09 15:01:44,098 [ForkJoinPool.commonPool-worker-0] INFO  utils.BackgroundService (BackgroundService.java:shutdown(141)) - Shutting down service StaleRecoveringContainerScrubbingService
2023-03-09 15:01:44,101 [ForkJoinPool.commonPool-worker-0] INFO  statemachine.DatanodeStateMachine (DatanodeStateMachine.java:stopDaemon(601)) - Ozone container server stopped.
2023-03-09 15:01:44,116 [ForkJoinPool.commonPool-worker-0] INFO  handler.ContextHandler (ContextHandler.java:doStop(1159)) - Stopped o.e.j.w.WebAppContext@715d9d0f{hddsDatanode,/,null,STOPPED}{jar:file:/home/runner/.m2/repository/org/apache/ozone/hdds-container-service/1.4.0-SNAPSHOT/hdds-container-service-1.4.0-SNAPSHOT.jar!/webapps/hddsDatanode}
2023-03-09 15:01:44,117 [ForkJoinPool.commonPool-worker-0] INFO  server.AbstractConnector (AbstractConnector.java:doStop(383)) - Stopped ServerConnector@4c28d0b4{HTTP/1.1, (http/1.1)}{0.0.0.0:0}
2023-03-09 15:01:44,117 [ForkJoinPool.commonPool-worker-0] INFO  server.session (HouseKeeper.java:stopScavenging(149)) - node0 Stopped scavenging
2023-03-09 15:01:44,120 [ForkJoinPool.commonPool-worker-0] INFO  handler.ContextHandler (ContextHandler.java:doStop(1159)) - Stopped o.e.j.s.ServletContextHandler@66f79c80{static,/static,jar:file:/home/runner/.m2/repository/org/apache/ozone/hdds-container-service/1.4.0-SNAPSHOT/hdds-container-service-1.4.0-SNAPSHOT.jar!/webapps/static,STOPPED}
2023-03-09 15:01:44,120 [ForkJoinPool.commonPool-worker-0] INFO  handler.ContextHandler (ContextHandler.java:doStop(1159)) - Stopped o.e.j.s.ServletContextHandler@3de53faa{logs,/logs,file:///home/runner/work/ozone/ozone/hadoop-ozone/integration-test/target/log,STOPPED}
2023-03-09 15:01:44,211 [Listener at 127.0.0.1/33363] INFO  volume.HddsVolume (HddsVolume.java:closeDbStore(362)) - SchemaV3 db is stopped at /home/runner/work/ozone/ozone/hadoop-ozone/integration-test/target/test-dir/MiniOzoneClusterImpl-254978b8-4a66-4b6a-8773-30bebe5cbf00/datanode-1/data-0/containers/hdds/254978b8-4a66-4b6a-8773-30bebe5cbf00/DS-e21f6c57-1165-4494-8459-c229891dc19d/container.db for volume DS-e21f6c57-1165-4494-8459-c229891dc19d
2023-03-09 15:01:44,212 [Listener at 127.0.0.1/33363] INFO  utils.BackgroundService (BackgroundService.java:shutdown(141)) - Shutting down service BlockDeletingService
2023-03-09 15:01:44,212 [Listener at 127.0.0.1/33363] INFO  utils.BackgroundService (BackgroundService.java:shutdown(141)) - Shutting down service StaleRecoveringContainerScrubbingService
2023-03-09 15:01:44,215 [Listener at 127.0.0.1/33363] INFO  statemachine.DatanodeStateMachine (DatanodeStateMachine.java:stopDaemon(601)) - Ozone container server stopped.
2023-03-09 15:01:44,227 [Listener at 127.0.0.1/33363] INFO  handler.ContextHandler (ContextHandler.java:doStop(1159)) - Stopped o.e.j.w.WebAppContext@6a6d027e{hddsDatanode,/,null,STOPPED}{jar:file:/home/runner/.m2/repository/org/apache/ozone/hdds-container-service/1.4.0-SNAPSHOT/hdds-container-service-1.4.0-SNAPSHOT.jar!/webapps/hddsDatanode}
2023-03-09 15:01:44,228 [Listener at 127.0.0.1/33363] INFO  server.AbstractConnector (AbstractConnector.java:doStop(383)) - Stopped ServerConnector@3491db25{HTTP/1.1, (http/1.1)}{0.0.0.0:0}
2023-03-09 15:01:44,228 [Listener at 127.0.0.1/33363] INFO  server.session (HouseKeeper.java:stopScavenging(149)) - node0 Stopped scavenging
2023-03-09 15:01:44,228 [Listener at 127.0.0.1/33363] INFO  handler.ContextHandler (ContextHandler.java:doStop(1159)) - Stopped o.e.j.s.ServletContextHandler@74bd4843{static,/static,jar:file:/home/runner/.m2/repository/org/apache/ozone/hdds-container-service/1.4.0-SNAPSHOT/hdds-container-service-1.4.0-SNAPSHOT.jar!/webapps/static,STOPPED}
2023-03-09 15:01:44,228 [Listener at 127.0.0.1/33363] INFO  handler.ContextHandler (ContextHandler.java:doStop(1159)) - Stopped o.e.j.s.ServletContextHandler@752b4fb8{logs,/logs,file:///home/runner/work/ozone/ozone/hadoop-ozone/integration-test/target/log,STOPPED}
2023-03-09 15:01:44,853 [ForkJoinPool.commonPool-worker-0] INFO  ozoneimpl.OzoneContainer (OzoneContainer.java:stop(420)) - Attempting to stop container services.
2023-03-09 15:01:44,853 [ForkJoinPool.commonPool-worker-0] INFO  server.RaftServer (RaftServerProxy.java:lambda$close$6(409)) - b8851da8-2889-47c2-8cdf-bbb0cc701685: close
2023-03-09 15:01:44,854 [b8851da8-2889-47c2-8cdf-bbb0cc701685-impl-thread1] INFO  server.RaftServer$Division (RaftServerImpl.java:lambda$close$4(458)) - b8851da8-2889-47c2-8cdf-bbb0cc701685@group-9E6E2EBFCABE: shutdown
2023-03-09 15:01:44,854 [b8851da8-2889-47c2-8cdf-bbb0cc701685-impl-thread1] INFO  util.JmxRegister (JmxRegister.java:unregister(73)) - Successfully un-registered JMX Bean with object name Ratis:service=RaftServer,group=group-9E6E2EBFCABE,id=b8851da8-2889-47c2-8cdf-bbb0cc701685
2023-03-09 15:01:44,854 [b8851da8-2889-47c2-8cdf-bbb0cc701685-impl-thread1] INFO  impl.RoleInfo (RoleInfo.java:shutdownLeaderState(93)) - b8851da8-2889-47c2-8cdf-bbb0cc701685: shutdown b8851da8-2889-47c2-8cdf-bbb0cc701685@group-9E6E2EBFCABE-LeaderStateImpl
2023-03-09 15:01:44,854 [b8851da8-2889-47c2-8cdf-bbb0cc701685-impl-thread1] INFO  impl.PendingRequests (PendingRequests.java:sendNotLeaderResponses(282)) - b8851da8-2889-47c2-8cdf-bbb0cc701685@group-9E6E2EBFCABE-PendingRequests: sendNotLeaderResponses
2023-03-09 15:01:44,856 [ForkJoinPool.commonPool-worker-0] INFO  server.GrpcService (GrpcService.java:closeImpl(271)) - b8851da8-2889-47c2-8cdf-bbb0cc701685: shutdown server GrpcServerProtocolService now
2023-03-09 15:01:44,856 [b8851da8-2889-47c2-8cdf-bbb0cc701685-impl-thread3] INFO  server.RaftServer$Division (RaftServerImpl.java:lambda$close$4(458)) - b8851da8-2889-47c2-8cdf-bbb0cc701685@group-66001B9BA104: shutdown
2023-03-09 15:01:44,859 [b8851da8-2889-47c2-8cdf-bbb0cc701685-impl-thread3] INFO  util.JmxRegister (JmxRegister.java:unregister(73)) - Successfully un-registered JMX Bean with object name Ratis:service=RaftServer,group=group-66001B9BA104,id=b8851da8-2889-47c2-8cdf-bbb0cc701685
2023-03-09 15:01:44,860 [b8851da8-2889-47c2-8cdf-bbb0cc701685-impl-thread3] INFO  impl.RoleInfo (RoleInfo.java:shutdownFollowerState(110)) - b8851da8-2889-47c2-8cdf-bbb0cc701685: shutdown b8851da8-2889-47c2-8cdf-bbb0cc701685@group-66001B9BA104-FollowerState
2023-03-09 15:01:44,860 [b8851da8-2889-47c2-8cdf-bbb0cc701685-impl-thread3] INFO  impl.StateMachineUpdater (StateMachineUpdater.java:stopAndJoin(153)) - b8851da8-2889-47c2-8cdf-bbb0cc701685@group-66001B9BA104-StateMachineUpdater: set stopIndex = 0
2023-03-09 15:01:44,858 [b8851da8-2889-47c2-8cdf-bbb0cc701685-impl-thread2] INFO  server.RaftServer$Division (RaftServerImpl.java:lambda$close$4(458)) - b8851da8-2889-47c2-8cdf-bbb0cc701685@group-C73BCED0AA33: shutdown
2023-03-09 15:01:44,860 [b8851da8-2889-47c2-8cdf-bbb0cc701685-impl-thread2] INFO  util.JmxRegister (JmxRegister.java:unregister(73)) - Successfully un-registered JMX Bean with object name Ratis:service=RaftServer,group=group-C73BCED0AA33,id=b8851da8-2889-47c2-8cdf-bbb0cc701685
2023-03-09 15:01:44,860 [b8851da8-2889-47c2-8cdf-bbb0cc701685-impl-thread2] INFO  impl.RoleInfo (RoleInfo.java:shutdownFollowerState(110)) - b8851da8-2889-47c2-8cdf-bbb0cc701685: shutdown b8851da8-2889-47c2-8cdf-bbb0cc701685@group-C73BCED0AA33-FollowerState
2023-03-09 15:01:44,860 [b8851da8-2889-47c2-8cdf-bbb0cc701685@group-C73BCED0AA33-FollowerState] INFO  impl.FollowerState (FollowerState.java:run(152)) - b8851da8-2889-47c2-8cdf-bbb0cc701685@group-C73BCED0AA33-FollowerState was interrupted
2023-03-09 15:01:44,860 [b8851da8-2889-47c2-8cdf-bbb0cc701685-impl-thread2] INFO  impl.StateMachineUpdater (StateMachineUpdater.java:stopAndJoin(153)) - b8851da8-2889-47c2-8cdf-bbb0cc701685@group-C73BCED0AA33-StateMachineUpdater: set stopIndex = 0
2023-03-09 15:01:44,861 [EndpointStateMachine task thread for /127.0.0.1:36681 - 0 ] INFO  ipc.Client (Client.java:handleConnectionFailure(1010)) - Retrying connect to server: localhost/127.0.0.1:36681. Already tried 14 time(s); retry policy is RetryUpToMaximumCountWithFixedSleep(maxRetries=15, sleepTime=1000 MILLISECONDS)
2023-03-09 15:01:44,861 [b8851da8-2889-47c2-8cdf-bbb0cc701685@group-66001B9BA104-FollowerState] INFO  impl.FollowerState (FollowerState.java:run(152)) - b8851da8-2889-47c2-8cdf-bbb0cc701685@group-66001B9BA104-FollowerState was interrupted
2023-03-09 15:01:44,862 [b8851da8-2889-47c2-8cdf-bbb0cc701685@group-66001B9BA104-StateMachineUpdater] INFO  ratis.ContainerStateMachine (ContainerStateMachine.java:takeSnapshot(308)) - group-66001B9BA104: Taking a snapshot at:(t:1, i:0) file /home/runner/work/ozone/ozone/hadoop-ozone/integration-test/target/test-dir/MiniOzoneClusterImpl-254978b8-4a66-4b6a-8773-30bebe5cbf00/datanode-2/data/ratis/fb410c10-6aba-48e4-affe-66001b9ba104/sm/snapshot.1_0
2023-03-09 15:01:44,862 [EndpointStateMachine task thread for /127.0.0.1:43747 - 0 ] INFO  ipc.Client (Client.java:handleConnectionFailure(1010)) - Retrying connect to server: localhost/127.0.0.1:43747. Already tried 8 time(s); retry policy is RetryUpToMaximumCountWithFixedSleep(maxRetries=15, sleepTime=1000 MILLISECONDS)
2023-03-09 15:01:44,862 [b8851da8-2889-47c2-8cdf-bbb0cc701685@group-C73BCED0AA33-StateMachineUpdater] INFO  ratis.ContainerStateMachine (ContainerStateMachine.java:takeSnapshot(308)) - group-C73BCED0AA33: Taking a snapshot at:(t:1, i:0) file /home/runner/work/ozone/ozone/hadoop-ozone/integration-test/target/test-dir/MiniOzoneClusterImpl-254978b8-4a66-4b6a-8773-30bebe5cbf00/datanode-2/data/ratis/6be1a327-d200-4bb3-a02a-c73bced0aa33/sm/snapshot.1_0
2023-03-09 15:01:44,859 [ForkJoinPool.commonPool-worker-0] INFO  server.GrpcService (GrpcService.java:closeImpl(280)) - b8851da8-2889-47c2-8cdf-bbb0cc701685: shutdown server GrpcServerProtocolService successfully
2023-03-09 15:01:44,859 [grpc-default-executor-6] WARN  server.GrpcClientProtocolService (LogUtils.java:warn(122)) - 1-OrderedRequestStreamObserver1: onError: org.apache.ratis.thirdparty.io.grpc.StatusRuntimeException: CANCELLED: client cancelled
2023-03-09 15:01:44,859 [b8851da8-2889-47c2-8cdf-bbb0cc701685@group-9E6E2EBFCABE-StateMachineUpdater] INFO  ratis.ContainerStateMachine (ContainerStateMachine.java:takeSnapshot(308)) - group-9E6E2EBFCABE: Taking a snapshot at:(t:1, i:3) file /home/runner/work/ozone/ozone/hadoop-ozone/integration-test/target/test-dir/MiniOzoneClusterImpl-254978b8-4a66-4b6a-8773-30bebe5cbf00/datanode-2/data/ratis/b13cbddd-8cf7-4452-bc78-9e6e2ebfcabe/sm/snapshot.1_3
2023-03-09 15:01:44,858 [b8851da8-2889-47c2-8cdf-bbb0cc701685-impl-thread1] INFO  impl.StateMachineUpdater (StateMachineUpdater.java:stopAndJoin(153)) - b8851da8-2889-47c2-8cdf-bbb0cc701685@group-9E6E2EBFCABE-StateMachineUpdater: set stopIndex = 3
2023-03-09 15:01:44,865 [b8851da8-2889-47c2-8cdf-bbb0cc701685-NettyServerStreamRpc-bossGroup--thread1] INFO  logging.LoggingHandler (AbstractInternalLogger.java:log(148)) - [id: 0x64ace7bb, L:/0:0:0:0:0:0:0:0:45751] CLOSE
2023-03-09 15:01:44,865 [b8851da8-2889-47c2-8cdf-bbb0cc701685-NettyServerStreamRpc-bossGroup--thread1] INFO  logging.LoggingHandler (AbstractInternalLogger.java:log(148)) - [id: 0x64ace7bb, L:/0:0:0:0:0:0:0:0:45751] INACTIVE
2023-03-09 15:01:44,865 [b8851da8-2889-47c2-8cdf-bbb0cc701685-NettyServerStreamRpc-bossGroup--thread1] INFO  logging.LoggingHandler (AbstractInternalLogger.java:log(148)) - [id: 0x64ace7bb, L:/0:0:0:0:0:0:0:0:45751] UNREGISTERED
2023-03-09 15:01:44,872 [b8851da8-2889-47c2-8cdf-bbb0cc701685@group-66001B9BA104-StateMachineUpdater] INFO  ratis.ContainerStateMachine (ContainerStateMachine.java:takeSnapshot(319)) - group-66001B9BA104: Finished taking a snapshot at:(t:1, i:0) file:/home/runner/work/ozone/ozone/hadoop-ozone/integration-test/target/test-dir/MiniOzoneClusterImpl-254978b8-4a66-4b6a-8773-30bebe5cbf00/datanode-2/data/ratis/fb410c10-6aba-48e4-affe-66001b9ba104/sm/snapshot.1_0 took: 10 ms
2023-03-09 15:01:44,872 [b8851da8-2889-47c2-8cdf-bbb0cc701685@group-66001B9BA104-StateMachineUpdater] INFO  impl.StateMachineUpdater (StateMachineUpdater.java:takeSnapshot(287)) - b8851da8-2889-47c2-8cdf-bbb0cc701685@group-66001B9BA104-StateMachineUpdater: Took a snapshot at index 0
2023-03-09 15:01:44,872 [b8851da8-2889-47c2-8cdf-bbb0cc701685@group-66001B9BA104-StateMachineUpdater] INFO  impl.StateMachineUpdater (StateMachineUpdater.java:lambda$new$0(92)) - b8851da8-2889-47c2-8cdf-bbb0cc701685@group-66001B9BA104-StateMachineUpdater: snapshotIndex: updateIncreasingly -1 -> 0
2023-03-09 15:01:44,872 [b8851da8-2889-47c2-8cdf-bbb0cc701685-impl-thread3] INFO  server.RaftServer$Division (ServerState.java:close(466)) - b8851da8-2889-47c2-8cdf-bbb0cc701685@group-66001B9BA104: closes. applyIndex: 0
2023-03-09 15:01:44,873 [b8851da8-2889-47c2-8cdf-bbb0cc701685@group-C73BCED0AA33-StateMachineUpdater] INFO  ratis.ContainerStateMachine (ContainerStateMachine.java:takeSnapshot(319)) - group-C73BCED0AA33: Finished taking a snapshot at:(t:1, i:0) file:/home/runner/work/ozone/ozone/hadoop-ozone/integration-test/target/test-dir/MiniOzoneClusterImpl-254978b8-4a66-4b6a-8773-30bebe5cbf00/datanode-2/data/ratis/6be1a327-d200-4bb3-a02a-c73bced0aa33/sm/snapshot.1_0 took: 11 ms
2023-03-09 15:01:44,873 [b8851da8-2889-47c2-8cdf-bbb0cc701685@group-C73BCED0AA33-StateMachineUpdater] INFO  impl.StateMachineUpdater (StateMachineUpdater.java:takeSnapshot(287)) - b8851da8-2889-47c2-8cdf-bbb0cc701685@group-C73BCED0AA33-StateMachineUpdater: Took a snapshot at index 0
2023-03-09 15:01:44,874 [b8851da8-2889-47c2-8cdf-bbb0cc701685@group-C73BCED0AA33-StateMachineUpdater] INFO  impl.StateMachineUpdater (StateMachineUpdater.java:lambda$new$0(92)) - b8851da8-2889-47c2-8cdf-bbb0cc701685@group-C73BCED0AA33-StateMachineUpdater: snapshotIndex: updateIncreasingly -1 -> 0
2023-03-09 15:01:44,874 [b8851da8-2889-47c2-8cdf-bbb0cc701685@group-9E6E2EBFCABE-StateMachineUpdater] INFO  ratis.ContainerStateMachine (ContainerStateMachine.java:takeSnapshot(319)) - group-9E6E2EBFCABE: Finished taking a snapshot at:(t:1, i:3) file:/home/runner/work/ozone/ozone/hadoop-ozone/integration-test/target/test-dir/MiniOzoneClusterImpl-254978b8-4a66-4b6a-8773-30bebe5cbf00/datanode-2/data/ratis/b13cbddd-8cf7-4452-bc78-9e6e2ebfcabe/sm/snapshot.1_3 took: 15 ms
2023-03-09 15:01:44,874 [b8851da8-2889-47c2-8cdf-bbb0cc701685@group-9E6E2EBFCABE-StateMachineUpdater] INFO  impl.StateMachineUpdater (StateMachineUpdater.java:takeSnapshot(287)) - b8851da8-2889-47c2-8cdf-bbb0cc701685@group-9E6E2EBFCABE-StateMachineUpdater: Took a snapshot at index 3
2023-03-09 15:01:44,874 [b8851da8-2889-47c2-8cdf-bbb0cc701685@group-9E6E2EBFCABE-StateMachineUpdater] INFO  impl.StateMachineUpdater (StateMachineUpdater.java:lambda$new$0(92)) - b8851da8-2889-47c2-8cdf-bbb0cc701685@group-9E6E2EBFCABE-StateMachineUpdater: snapshotIndex: updateIncreasingly -1 -> 3
2023-03-09 15:01:44,875 [b8851da8-2889-47c2-8cdf-bbb0cc701685-impl-thread1] INFO  server.RaftServer$Division (ServerState.java:close(466)) - b8851da8-2889-47c2-8cdf-bbb0cc701685@group-9E6E2EBFCABE: closes. applyIndex: 3
2023-03-09 15:01:44,875 [b8851da8-2889-47c2-8cdf-bbb0cc701685@group-9E6E2EBFCABE-SegmentedRaftLogWorker] INFO  segmented.SegmentedRaftLogWorker (SegmentedRaftLogWorker.java:run(347)) - b8851da8-2889-47c2-8cdf-bbb0cc701685@group-9E6E2EBFCABE-SegmentedRaftLogWorker was interrupted, exiting. There are 0 tasks remaining in the queue.
2023-03-09 15:01:44,877 [b8851da8-2889-47c2-8cdf-bbb0cc701685@group-66001B9BA104-SegmentedRaftLogWorker] INFO  segmented.SegmentedRaftLogWorker (SegmentedRaftLogWorker.java:run(347)) - b8851da8-2889-47c2-8cdf-bbb0cc701685@group-66001B9BA104-SegmentedRaftLogWorker was interrupted, exiting. There are 0 tasks remaining in the queue.
2023-03-09 15:01:44,877 [b8851da8-2889-47c2-8cdf-bbb0cc701685-impl-thread1] INFO  segmented.SegmentedRaftLogWorker (SegmentedRaftLogWorker.java:close(257)) - b8851da8-2889-47c2-8cdf-bbb0cc701685@group-9E6E2EBFCABE-SegmentedRaftLogWorker close()
2023-03-09 15:01:44,878 [b8851da8-2889-47c2-8cdf-bbb0cc701685-impl-thread2] INFO  server.RaftServer$Division (ServerState.java:close(466)) - b8851da8-2889-47c2-8cdf-bbb0cc701685@group-C73BCED0AA33: closes. applyIndex: 0
2023-03-09 15:01:44,879 [b8851da8-2889-47c2-8cdf-bbb0cc701685@group-C73BCED0AA33-SegmentedRaftLogWorker] INFO  segmented.SegmentedRaftLogWorker (SegmentedRaftLogWorker.java:run(347)) - b8851da8-2889-47c2-8cdf-bbb0cc701685@group-C73BCED0AA33-SegmentedRaftLogWorker was interrupted, exiting. There are 0 tasks remaining in the queue.
2023-03-09 15:01:44,881 [b8851da8-2889-47c2-8cdf-bbb0cc701685-impl-thread3] INFO  segmented.SegmentedRaftLogWorker (SegmentedRaftLogWorker.java:close(257)) - b8851da8-2889-47c2-8cdf-bbb0cc701685@group-66001B9BA104-SegmentedRaftLogWorker close()
2023-03-09 15:01:44,881 [b8851da8-2889-47c2-8cdf-bbb0cc701685-impl-thread2] INFO  segmented.SegmentedRaftLogWorker (SegmentedRaftLogWorker.java:close(257)) - b8851da8-2889-47c2-8cdf-bbb0cc701685@group-C73BCED0AA33-SegmentedRaftLogWorker close()
2023-03-09 15:01:44,885 [JvmPauseMonitor34] INFO  util.JvmPauseMonitor (JvmPauseMonitor.java:run(111)) - JvmPauseMonitor-b8851da8-2889-47c2-8cdf-bbb0cc701685: Stopped
2023-03-09 15:01:45,018 [EndpointStateMachine task thread for /127.0.0.1:35467 - 0 ] INFO  ipc.Client (Client.java:handleConnectionFailure(1010)) - Retrying connect to server: localhost/127.0.0.1:35467. Already tried 5 time(s); retry policy is RetryUpToMaximumCountWithFixedSleep(maxRetries=15, sleepTime=1000 MILLISECONDS)
2023-03-09 15:01:45,862 [EndpointStateMachine task thread for /127.0.0.1:43747 - 0 ] INFO  ipc.Client (Client.java:handleConnectionFailure(1010)) - Retrying connect to server: localhost/127.0.0.1:43747. Already tried 9 time(s); retry policy is RetryUpToMaximumCountWithFixedSleep(maxRetries=15, sleepTime=1000 MILLISECONDS)
2023-03-09 15:01:45,863 [EndpointStateMachine task thread for /127.0.0.1:36681 - 0 ] INFO  ipc.Client (Client.java:handleConnectionFailure(1010)) - Retrying connect to server: localhost/127.0.0.1:36681. Already tried 0 time(s); retry policy is RetryUpToMaximumCountWithFixedSleep(maxRetries=15, sleepTime=1000 MILLISECONDS)
2023-03-09 15:01:46,019 [EndpointStateMachine task thread for /127.0.0.1:35467 - 0 ] INFO  ipc.Client (Client.java:handleConnectionFailure(1010)) - Retrying connect to server: localhost/127.0.0.1:35467. Already tried 6 time(s); retry policy is RetryUpToMaximumCountWithFixedSleep(maxRetries=15, sleepTime=1000 MILLISECONDS)
2023-03-09 15:01:46,863 [EndpointStateMachine task thread for /127.0.0.1:43747 - 0 ] INFO  ipc.Client (Client.java:handleConnectionFailure(1010)) - Retrying connect to server: localhost/127.0.0.1:43747. Already tried 10 time(s); retry policy is RetryUpToMaximumCountWithFixedSleep(maxRetries=15, sleepTime=1000 MILLISECONDS)
2023-03-09 15:01:46,864 [EndpointStateMachine task thread for /127.0.0.1:36681 - 0 ] INFO  ipc.Client (Client.java:handleConnectionFailure(1010)) - Retrying connect to server: localhost/127.0.0.1:36681. Already tried 1 time(s); retry policy is RetryUpToMaximumCountWithFixedSleep(maxRetries=15, sleepTime=1000 MILLISECONDS)
2023-03-09 15:01:46,892 [ForkJoinPool.commonPool-worker-0] INFO  volume.HddsVolume (HddsVolume.java:closeDbStore(362)) - SchemaV3 db is stopped at /home/runner/work/ozone/ozone/hadoop-ozone/integration-test/target/test-dir/MiniOzoneClusterImpl-254978b8-4a66-4b6a-8773-30bebe5cbf00/datanode-2/data-0/containers/hdds/254978b8-4a66-4b6a-8773-30bebe5cbf00/DS-9124f457-e480-447f-ba00-6e840faf47bd/container.db for volume DS-9124f457-e480-447f-ba00-6e840faf47bd
2023-03-09 15:01:46,893 [ForkJoinPool.commonPool-worker-0] INFO  utils.BackgroundService (BackgroundService.java:shutdown(141)) - Shutting down service BlockDeletingService
2023-03-09 15:01:46,893 [ForkJoinPool.commonPool-worker-0] INFO  utils.BackgroundService (BackgroundService.java:shutdown(141)) - Shutting down service StaleRecoveringContainerScrubbingService
2023-03-09 15:01:46,896 [ForkJoinPool.commonPool-worker-0] INFO  statemachine.DatanodeStateMachine (DatanodeStateMachine.java:stopDaemon(601)) - Ozone container server stopped.
2023-03-09 15:01:46,909 [ForkJoinPool.commonPool-worker-0] INFO  handler.ContextHandler (ContextHandler.java:doStop(1159)) - Stopped o.e.j.w.WebAppContext@3cace825{hddsDatanode,/,null,STOPPED}{jar:file:/home/runner/.m2/repository/org/apache/ozone/hdds-container-service/1.4.0-SNAPSHOT/hdds-container-service-1.4.0-SNAPSHOT.jar!/webapps/hddsDatanode}
2023-03-09 15:01:46,909 [ForkJoinPool.commonPool-worker-0] INFO  server.AbstractConnector (AbstractConnector.java:doStop(383)) - Stopped ServerConnector@adffa02{HTTP/1.1, (http/1.1)}{0.0.0.0:0}
2023-03-09 15:01:46,909 [ForkJoinPool.commonPool-worker-0] INFO  server.session (HouseKeeper.java:stopScavenging(149)) - node0 Stopped scavenging
2023-03-09 15:01:46,910 [ForkJoinPool.commonPool-worker-0] INFO  handler.ContextHandler (ContextHandler.java:doStop(1159)) - Stopped o.e.j.s.ServletContextHandler@2e74e565{static,/static,jar:file:/home/runner/.m2/repository/org/apache/ozone/hdds-container-service/1.4.0-SNAPSHOT/hdds-container-service-1.4.0-SNAPSHOT.jar!/webapps/static,STOPPED}
2023-03-09 15:01:46,910 [ForkJoinPool.commonPool-worker-0] INFO  handler.ContextHandler (ContextHandler.java:doStop(1159)) - Stopped o.e.j.s.ServletContextHandler@4ace740d{logs,/logs,file:///home/runner/work/ozone/ozone/hadoop-ozone/integration-test/target/log,STOPPED}
]]></system-out>
      <system-err><![CDATA[Mar 09, 2023 3:01:36 PM org.apache.ratis.thirdparty.io.grpc.internal.ManagedChannelOrphanWrapper$ManagedChannelReference cleanQueue
SEVERE: *~*~*~ Channel ManagedChannelImpl{logId=144, target=127.0.0.1:43633} was not shutdown properly!!! ~*~*~*
    Make sure to call shutdown()/shutdownNow() and wait until awaitTermination() returns true.
java.lang.RuntimeException: ManagedChannel allocation site
	at org.apache.ratis.thirdparty.io.grpc.internal.ManagedChannelOrphanWrapper$ManagedChannelReference.<init>(ManagedChannelOrphanWrapper.java:93)
	at org.apache.ratis.thirdparty.io.grpc.internal.ManagedChannelOrphanWrapper.<init>(ManagedChannelOrphanWrapper.java:53)
	at org.apache.ratis.thirdparty.io.grpc.internal.ManagedChannelOrphanWrapper.<init>(ManagedChannelOrphanWrapper.java:44)
	at org.apache.ratis.thirdparty.io.grpc.internal.ManagedChannelImplBuilder.build(ManagedChannelImplBuilder.java:630)
	at org.apache.ratis.thirdparty.io.grpc.internal.AbstractManagedChannelImplBuilder.build(AbstractManagedChannelImplBuilder.java:297)
	at org.apache.ratis.grpc.client.GrpcClientProtocolClient.buildChannel(GrpcClientProtocolClient.java:151)
	at org.apache.ratis.grpc.client.GrpcClientProtocolClient.<init>(GrpcClientProtocolClient.java:113)
	at org.apache.ratis.grpc.client.GrpcClientRpc.lambda$new$0(GrpcClientRpc.java:59)
	at org.apache.ratis.util.PeerProxyMap$PeerAndProxy.lambda$getProxy$0(PeerProxyMap.java:64)
	at org.apache.ratis.util.LifeCycle.startAndTransition(LifeCycle.java:270)
	at org.apache.ratis.util.PeerProxyMap$PeerAndProxy.getProxy(PeerProxyMap.java:63)
	at org.apache.ratis.util.PeerProxyMap.getProxy(PeerProxyMap.java:115)
	at org.apache.ratis.grpc.client.GrpcClientRpc.sendRequestAsync(GrpcClientRpc.java:69)
	at org.apache.ratis.client.impl.OrderedAsync.sendRequest(OrderedAsync.java:245)
	at org.apache.ratis.client.impl.OrderedAsync.sendRequestWithRetry(OrderedAsync.java:198)
	at org.apache.ratis.util.SlidingWindow$Client.sendOrDelayRequest(SlidingWindow.java:312)
	at org.apache.ratis.util.SlidingWindow$Client.submitNewRequest(SlidingWindow.java:291)
	at org.apache.ratis.client.impl.OrderedAsync.send(OrderedAsync.java:170)
	at org.apache.ratis.client.impl.OrderedAsync.newInstance(OrderedAsync.java:118)
	at org.apache.ratis.client.impl.RaftClientImpl.lambda$new$1(RaftClientImpl.java:166)
	at org.apache.ratis.util.MemoizedSupplier.get(MemoizedSupplier.java:62)
	at org.apache.ratis.client.impl.RaftClientImpl.getOrderedAsync(RaftClientImpl.java:235)
	at org.apache.ratis.client.impl.AsyncImpl.send(AsyncImpl.java:41)
	at org.apache.ratis.client.impl.AsyncImpl.send(AsyncImpl.java:46)
	at org.apache.hadoop.hdds.scm.XceiverClientRatis.lambda$sendRequestAsync$2(XceiverClientRatis.java:243)
	at org.apache.hadoop.hdds.tracing.TracingUtil.executeInNewSpan(TracingUtil.java:181)
	at org.apache.hadoop.hdds.scm.XceiverClientRatis.sendRequestAsync(XceiverClientRatis.java:228)
	at org.apache.hadoop.hdds.scm.XceiverClientRatis.sendCommandAsync(XceiverClientRatis.java:330)
	at org.apache.hadoop.hdds.scm.storage.ContainerProtocolCalls.writeChunkAsync(ContainerProtocolCalls.java:420)
	at org.apache.hadoop.hdds.scm.storage.BlockOutputStream.writeChunkToContainer(BlockOutputStream.java:707)
	at org.apache.hadoop.hdds.scm.storage.BlockOutputStream.writeChunk(BlockOutputStream.java:537)
	at org.apache.hadoop.hdds.scm.storage.BlockOutputStream.handleFlushInternal(BlockOutputStream.java:570)
	at org.apache.hadoop.hdds.scm.storage.BlockOutputStream.handleFlush(BlockOutputStream.java:545)
	at org.apache.hadoop.hdds.scm.storage.BlockOutputStream.close(BlockOutputStream.java:596)
	at org.apache.hadoop.ozone.client.io.BlockOutputStreamEntry.close(BlockOutputStreamEntry.java:158)
	at org.apache.hadoop.ozone.client.io.KeyOutputStream.handleStreamAction(KeyOutputStream.java:512)
	at org.apache.hadoop.ozone.client.io.KeyOutputStream.handleFlushOrClose(KeyOutputStream.java:486)
	at org.apache.hadoop.ozone.client.io.KeyOutputStream.close(KeyOutputStream.java:542)
	at org.apache.hadoop.ozone.client.io.OzoneOutputStream.close(OzoneOutputStream.java:68)
	at org.apache.hadoop.ozone.om.TestOzoneManagerHA.createKey(TestOzoneManagerHA.java:220)
	at org.apache.hadoop.ozone.om.TestAddRemoveOzoneManager.setupCluster(TestAddRemoveOzoneManager.java:104)
	at org.apache.hadoop.ozone.om.TestAddRemoveOzoneManager.testBootstrapWithoutConfigUpdate(TestAddRemoveOzoneManager.java:215)
	at sun.reflect.NativeMethodAccessorImpl.invoke0(Native Method)
	at sun.reflect.NativeMethodAccessorImpl.invoke(NativeMethodAccessorImpl.java:62)
	at sun.reflect.DelegatingMethodAccessorImpl.invoke(DelegatingMethodAccessorImpl.java:43)
	at java.lang.reflect.Method.invoke(Method.java:498)
	at org.junit.platform.commons.util.ReflectionUtils.invokeMethod(ReflectionUtils.java:725)
	at org.junit.jupiter.engine.execution.MethodInvocation.proceed(MethodInvocation.java:60)
	at org.junit.jupiter.engine.execution.InvocationInterceptorChain$ValidatingInvocation.proceed(InvocationInterceptorChain.java:131)
	at org.junit.jupiter.engine.extension.TimeoutInvocation.proceed(TimeoutInvocation.java:46)
	at org.junit.jupiter.engine.extension.TimeoutExtension.intercept(TimeoutExtension.java:149)
	at org.junit.jupiter.engine.extension.TimeoutExtension.interceptTestableMethod(TimeoutExtension.java:140)
	at org.junit.jupiter.engine.extension.TimeoutExtension.interceptTestMethod(TimeoutExtension.java:84)
	at org.junit.jupiter.engine.execution.ExecutableInvoker$ReflectiveInterceptorCall.lambda$ofVoidMethod$0(ExecutableInvoker.java:115)
	at org.junit.jupiter.engine.execution.ExecutableInvoker.lambda$invoke$0(ExecutableInvoker.java:105)
	at org.junit.jupiter.engine.execution.InvocationInterceptorChain$InterceptedInvocation.proceed(InvocationInterceptorChain.java:106)
	at org.junit.jupiter.engine.execution.InvocationInterceptorChain.proceed(InvocationInterceptorChain.java:64)
	at org.junit.jupiter.engine.execution.InvocationInterceptorChain.chainAndInvoke(InvocationInterceptorChain.java:45)
	at org.junit.jupiter.engine.execution.InvocationInterceptorChain.invoke(InvocationInterceptorChain.java:37)
	at org.junit.jupiter.engine.execution.ExecutableInvoker.invoke(ExecutableInvoker.java:104)
	at org.junit.jupiter.engine.execution.ExecutableInvoker.invoke(ExecutableInvoker.java:98)
	at org.junit.jupiter.engine.descriptor.TestMethodTestDescriptor.lambda$invokeTestMethod$7(TestMethodTestDescriptor.java:214)
	at org.junit.platform.engine.support.hierarchical.ThrowableCollector.execute(ThrowableCollector.java:73)
	at org.junit.jupiter.engine.descriptor.TestMethodTestDescriptor.invokeTestMethod(TestMethodTestDescriptor.java:210)
	at org.junit.jupiter.engine.descriptor.TestMethodTestDescriptor.execute(TestMethodTestDescriptor.java:135)
	at org.junit.jupiter.engine.descriptor.TestMethodTestDescriptor.execute(TestMethodTestDescriptor.java:66)
	at org.junit.platform.engine.support.hierarchical.NodeTestTask.lambda$executeRecursively$6(NodeTestTask.java:151)
	at org.junit.platform.engine.support.hierarchical.ThrowableCollector.execute(ThrowableCollector.java:73)
	at org.junit.platform.engine.support.hierarchical.NodeTestTask.lambda$executeRecursively$8(NodeTestTask.java:141)
	at org.junit.platform.engine.support.hierarchical.Node.around(Node.java:137)
	at org.junit.platform.engine.support.hierarchical.NodeTestTask.lambda$executeRecursively$9(NodeTestTask.java:139)
	at org.junit.platform.engine.support.hierarchical.ThrowableCollector.execute(ThrowableCollector.java:73)
	at org.junit.platform.engine.support.hierarchical.NodeTestTask.executeRecursively(NodeTestTask.java:138)
	at org.junit.platform.engine.support.hierarchical.NodeTestTask.execute(NodeTestTask.java:95)
	at java.util.ArrayList.forEach(ArrayList.java:1259)
	at org.junit.platform.engine.support.hierarchical.SameThreadHierarchicalTestExecutorService.invokeAll(SameThreadHierarchicalTestExecutorService.java:41)
	at org.junit.platform.engine.support.hierarchical.NodeTestTask.lambda$executeRecursively$6(NodeTestTask.java:155)
	at org.junit.platform.engine.support.hierarchical.ThrowableCollector.execute(ThrowableCollector.java:73)
	at org.junit.platform.engine.support.hierarchical.NodeTestTask.lambda$executeRecursively$8(NodeTestTask.java:141)
	at org.junit.platform.engine.support.hierarchical.Node.around(Node.java:137)
	at org.junit.platform.engine.support.hierarchical.NodeTestTask.lambda$executeRecursively$9(NodeTestTask.java:139)
	at org.junit.platform.engine.support.hierarchical.ThrowableCollector.execute(ThrowableCollector.java:73)
	at org.junit.platform.engine.support.hierarchical.NodeTestTask.executeRecursively(NodeTestTask.java:138)
	at org.junit.platform.engine.support.hierarchical.NodeTestTask.execute(NodeTestTask.java:95)
	at java.util.ArrayList.forEach(ArrayList.java:1259)
	at org.junit.platform.engine.support.hierarchical.SameThreadHierarchicalTestExecutorService.invokeAll(SameThreadHierarchicalTestExecutorService.java:41)
	at org.junit.platform.engine.support.hierarchical.NodeTestTask.lambda$executeRecursively$6(NodeTestTask.java:155)
	at org.junit.platform.engine.support.hierarchical.ThrowableCollector.execute(ThrowableCollector.java:73)
	at org.junit.platform.engine.support.hierarchical.NodeTestTask.lambda$executeRecursively$8(NodeTestTask.java:141)
	at org.junit.platform.engine.support.hierarchical.Node.around(Node.java:137)
	at org.junit.platform.engine.support.hierarchical.NodeTestTask.lambda$executeRecursively$9(NodeTestTask.java:139)
	at org.junit.platform.engine.support.hierarchical.ThrowableCollector.execute(ThrowableCollector.java:73)
	at org.junit.platform.engine.support.hierarchical.NodeTestTask.executeRecursively(NodeTestTask.java:138)
	at org.junit.platform.engine.support.hierarchical.NodeTestTask.execute(NodeTestTask.java:95)
	at org.junit.platform.engine.support.hierarchical.SameThreadHierarchicalTestExecutorService.submit(SameThreadHierarchicalTestExecutorService.java:35)
	at org.junit.platform.engine.support.hierarchical.HierarchicalTestExecutor.execute(HierarchicalTestExecutor.java:57)
	at org.junit.platform.engine.support.hierarchical.HierarchicalTestEngine.execute(HierarchicalTestEngine.java:54)
	at org.junit.platform.launcher.core.EngineExecutionOrchestrator.execute(EngineExecutionOrchestrator.java:107)
	at org.junit.platform.launcher.core.EngineExecutionOrchestrator.execute(EngineExecutionOrchestrator.java:88)
	at org.junit.platform.launcher.core.EngineExecutionOrchestrator.lambda$execute$0(EngineExecutionOrchestrator.java:54)
	at org.junit.platform.launcher.core.EngineExecutionOrchestrator.withInterceptedStreams(EngineExecutionOrchestrator.java:67)
	at org.junit.platform.launcher.core.EngineExecutionOrchestrator.execute(EngineExecutionOrchestrator.java:52)
	at org.junit.platform.launcher.core.DefaultLauncher.execute(DefaultLauncher.java:114)
	at org.junit.platform.launcher.core.DefaultLauncher.execute(DefaultLauncher.java:86)
	at org.junit.platform.launcher.core.DefaultLauncherSession$DelegatingLauncher.execute(DefaultLauncherSession.java:86)
	at org.junit.platform.launcher.core.SessionPerRequestLauncher.execute(SessionPerRequestLauncher.java:53)
	at org.apache.maven.surefire.junitplatform.JUnitPlatformProvider.execute(JUnitPlatformProvider.java:188)
	at org.apache.maven.surefire.junitplatform.JUnitPlatformProvider.invokeAllTests(JUnitPlatformProvider.java:154)
	at org.apache.maven.surefire.junitplatform.JUnitPlatformProvider.invoke(JUnitPlatformProvider.java:124)
	at org.apache.maven.surefire.booter.ForkedBooter.runSuitesInProcess(ForkedBooter.java:428)
	at org.apache.maven.surefire.booter.ForkedBooter.execute(ForkedBooter.java:162)
	at org.apache.maven.surefire.booter.ForkedBooter.run(ForkedBooter.java:562)
	at org.apache.maven.surefire.booter.ForkedBooter.main(ForkedBooter.java:548)

]]></system-err>
    </rerunFailure>
    <rerunFailure type="java.lang.AssertionError">
      <stackTrace><![CDATA[java.lang.AssertionError
	at org.junit.Assert.fail(Assert.java:87)
	at org.junit.Assert.fail(Assert.java:96)
	at org.apache.hadoop.ozone.om.TestAddRemoveOzoneManager.testBootstrapWithoutConfigUpdate(TestAddRemoveOzoneManager.java:261)
	at sun.reflect.NativeMethodAccessorImpl.invoke0(Native Method)
	at sun.reflect.NativeMethodAccessorImpl.invoke(NativeMethodAccessorImpl.java:62)
	at sun.reflect.DelegatingMethodAccessorImpl.invoke(DelegatingMethodAccessorImpl.java:43)
	at java.lang.reflect.Method.invoke(Method.java:498)
	at org.junit.platform.commons.util.ReflectionUtils.invokeMethod(ReflectionUtils.java:725)
	at org.junit.jupiter.engine.execution.MethodInvocation.proceed(MethodInvocation.java:60)
	at org.junit.jupiter.engine.execution.InvocationInterceptorChain$ValidatingInvocation.proceed(InvocationInterceptorChain.java:131)
	at org.junit.jupiter.engine.extension.TimeoutInvocation.proceed(TimeoutInvocation.java:46)
	at org.junit.jupiter.engine.extension.TimeoutExtension.intercept(TimeoutExtension.java:149)
	at org.junit.jupiter.engine.extension.TimeoutExtension.interceptTestableMethod(TimeoutExtension.java:140)
	at org.junit.jupiter.engine.extension.TimeoutExtension.interceptTestMethod(TimeoutExtension.java:84)
	at org.junit.jupiter.engine.execution.ExecutableInvoker$ReflectiveInterceptorCall.lambda$ofVoidMethod$0(ExecutableInvoker.java:115)
	at org.junit.jupiter.engine.execution.ExecutableInvoker.lambda$invoke$0(ExecutableInvoker.java:105)
	at org.junit.jupiter.engine.execution.InvocationInterceptorChain$InterceptedInvocation.proceed(InvocationInterceptorChain.java:106)
	at org.junit.jupiter.engine.execution.InvocationInterceptorChain.proceed(InvocationInterceptorChain.java:64)
	at org.junit.jupiter.engine.execution.InvocationInterceptorChain.chainAndInvoke(InvocationInterceptorChain.java:45)
	at org.junit.jupiter.engine.execution.InvocationInterceptorChain.invoke(InvocationInterceptorChain.java:37)
	at org.junit.jupiter.engine.execution.ExecutableInvoker.invoke(ExecutableInvoker.java:104)
	at org.junit.jupiter.engine.execution.ExecutableInvoker.invoke(ExecutableInvoker.java:98)
	at org.junit.jupiter.engine.descriptor.TestMethodTestDescriptor.lambda$invokeTestMethod$7(TestMethodTestDescriptor.java:214)
	at org.junit.platform.engine.support.hierarchical.ThrowableCollector.execute(ThrowableCollector.java:73)
	at org.junit.jupiter.engine.descriptor.TestMethodTestDescriptor.invokeTestMethod(TestMethodTestDescriptor.java:210)
	at org.junit.jupiter.engine.descriptor.TestMethodTestDescriptor.execute(TestMethodTestDescriptor.java:135)
	at org.junit.jupiter.engine.descriptor.TestMethodTestDescriptor.execute(TestMethodTestDescriptor.java:66)
	at org.junit.platform.engine.support.hierarchical.NodeTestTask.lambda$executeRecursively$6(NodeTestTask.java:151)
	at org.junit.platform.engine.support.hierarchical.ThrowableCollector.execute(ThrowableCollector.java:73)
	at org.junit.platform.engine.support.hierarchical.NodeTestTask.lambda$executeRecursively$8(NodeTestTask.java:141)
	at org.junit.platform.engine.support.hierarchical.Node.around(Node.java:137)
	at org.junit.platform.engine.support.hierarchical.NodeTestTask.lambda$executeRecursively$9(NodeTestTask.java:139)
	at org.junit.platform.engine.support.hierarchical.ThrowableCollector.execute(ThrowableCollector.java:73)
	at org.junit.platform.engine.support.hierarchical.NodeTestTask.executeRecursively(NodeTestTask.java:138)
	at org.junit.platform.engine.support.hierarchical.NodeTestTask.execute(NodeTestTask.java:95)
	at java.util.ArrayList.forEach(ArrayList.java:1259)
	at org.junit.platform.engine.support.hierarchical.SameThreadHierarchicalTestExecutorService.invokeAll(SameThreadHierarchicalTestExecutorService.java:41)
	at org.junit.platform.engine.support.hierarchical.NodeTestTask.lambda$executeRecursively$6(NodeTestTask.java:155)
	at org.junit.platform.engine.support.hierarchical.ThrowableCollector.execute(ThrowableCollector.java:73)
	at org.junit.platform.engine.support.hierarchical.NodeTestTask.lambda$executeRecursively$8(NodeTestTask.java:141)
	at org.junit.platform.engine.support.hierarchical.Node.around(Node.java:137)
	at org.junit.platform.engine.support.hierarchical.NodeTestTask.lambda$executeRecursively$9(NodeTestTask.java:139)
	at org.junit.platform.engine.support.hierarchical.ThrowableCollector.execute(ThrowableCollector.java:73)
	at org.junit.platform.engine.support.hierarchical.NodeTestTask.executeRecursively(NodeTestTask.java:138)
	at org.junit.platform.engine.support.hierarchical.NodeTestTask.execute(NodeTestTask.java:95)
	at java.util.ArrayList.forEach(ArrayList.java:1259)
	at org.junit.platform.engine.support.hierarchical.SameThreadHierarchicalTestExecutorService.invokeAll(SameThreadHierarchicalTestExecutorService.java:41)
	at org.junit.platform.engine.support.hierarchical.NodeTestTask.lambda$executeRecursively$6(NodeTestTask.java:155)
	at org.junit.platform.engine.support.hierarchical.ThrowableCollector.execute(ThrowableCollector.java:73)
	at org.junit.platform.engine.support.hierarchical.NodeTestTask.lambda$executeRecursively$8(NodeTestTask.java:141)
	at org.junit.platform.engine.support.hierarchical.Node.around(Node.java:137)
	at org.junit.platform.engine.support.hierarchical.NodeTestTask.lambda$executeRecursively$9(NodeTestTask.java:139)
	at org.junit.platform.engine.support.hierarchical.ThrowableCollector.execute(ThrowableCollector.java:73)
	at org.junit.platform.engine.support.hierarchical.NodeTestTask.executeRecursively(NodeTestTask.java:138)
	at org.junit.platform.engine.support.hierarchical.NodeTestTask.execute(NodeTestTask.java:95)
	at org.junit.platform.engine.support.hierarchical.SameThreadHierarchicalTestExecutorService.submit(SameThreadHierarchicalTestExecutorService.java:35)
	at org.junit.platform.engine.support.hierarchical.HierarchicalTestExecutor.execute(HierarchicalTestExecutor.java:57)
	at org.junit.platform.engine.support.hierarchical.HierarchicalTestEngine.execute(HierarchicalTestEngine.java:54)
	at org.junit.platform.launcher.core.EngineExecutionOrchestrator.execute(EngineExecutionOrchestrator.java:107)
	at org.junit.platform.launcher.core.EngineExecutionOrchestrator.execute(EngineExecutionOrchestrator.java:88)
	at org.junit.platform.launcher.core.EngineExecutionOrchestrator.lambda$execute$0(EngineExecutionOrchestrator.java:54)
	at org.junit.platform.launcher.core.EngineExecutionOrchestrator.withInterceptedStreams(EngineExecutionOrchestrator.java:67)
	at org.junit.platform.launcher.core.EngineExecutionOrchestrator.execute(EngineExecutionOrchestrator.java:52)
	at org.junit.platform.launcher.core.DefaultLauncher.execute(DefaultLauncher.java:114)
	at org.junit.platform.launcher.core.DefaultLauncher.execute(DefaultLauncher.java:86)
	at org.junit.platform.launcher.core.DefaultLauncherSession$DelegatingLauncher.execute(DefaultLauncherSession.java:86)
	at org.junit.platform.launcher.core.SessionPerRequestLauncher.execute(SessionPerRequestLauncher.java:53)
	at org.apache.maven.surefire.junitplatform.JUnitPlatformProvider.invokeAllTests(JUnitPlatformProvider.java:165)
	at org.apache.maven.surefire.junitplatform.JUnitPlatformProvider.invoke(JUnitPlatformProvider.java:124)
	at org.apache.maven.surefire.booter.ForkedBooter.runSuitesInProcess(ForkedBooter.java:428)
	at org.apache.maven.surefire.booter.ForkedBooter.execute(ForkedBooter.java:162)
	at org.apache.maven.surefire.booter.ForkedBooter.run(ForkedBooter.java:562)
	at org.apache.maven.surefire.booter.ForkedBooter.main(ForkedBooter.java:548)
]]></stackTrace>
      <system-out><![CDATA[2023-03-09 15:01:47,004 [Listener at 127.0.0.1/33363] WARN  server.ServerUtils (ServerUtils.java:getScmDbDir(148)) - ozone.scm.db.dirs is not configured. We recommend adding this setting. Falling back to ozone.metadata.dirs instead.
2023-03-09 15:01:47,004 [Listener at 127.0.0.1/33363] INFO  ha.SCMHANodeDetails (SCMHANodeDetails.java:loadSCMHAConfig(209)) - ServiceID for StorageContainerManager is scmServiceId
2023-03-09 15:01:47,004 [Listener at 127.0.0.1/33363] INFO  ha.SCMHANodeDetails (SCMHANodeDetails.java:loadSCMHAConfig(220)) - ServiceID for StorageContainerManager is scmServiceId
2023-03-09 15:01:47,005 [Listener at 127.0.0.1/33363] INFO  ha.SCMHANodeDetails (SCMHANodeDetails.java:loadSCMHAConfig(307)) - Found matching SCM address with SCMServiceId: scmServiceId, SCMNodeId: scmNode-1, RPC Address: localhost:39749 and Ratis port: 39749
2023-03-09 15:01:47,005 [Listener at 127.0.0.1/33363] INFO  ha.SCMHANodeDetails (ConfUtils.java:setNodeSpecificConfigs(97)) - Setting configuration key ozone.scm.datanode.address with value of key ozone.scm.datanode.address.scmServiceId.scmNode-1: 127.0.0.1:33275
2023-03-09 15:01:47,005 [Listener at 127.0.0.1/33363] INFO  ha.SCMHANodeDetails (ConfUtils.java:setNodeSpecificConfigs(97)) - Setting configuration key ozone.scm.block.client.address with value of key ozone.scm.block.client.address.scmServiceId.scmNode-1: 127.0.0.1:33477
2023-03-09 15:01:47,005 [Listener at 127.0.0.1/33363] INFO  ha.SCMHANodeDetails (ConfUtils.java:setNodeSpecificConfigs(97)) - Setting configuration key ozone.scm.client.address with value of key ozone.scm.client.address.scmServiceId.scmNode-1: 127.0.0.1:40731
2023-03-09 15:01:47,005 [Listener at 127.0.0.1/33363] INFO  ha.SCMHANodeDetails (ConfUtils.java:setNodeSpecificConfigs(97)) - Setting configuration key ozone.scm.ratis.port with value of key ozone.scm.ratis.port.scmServiceId.scmNode-1: 39749
2023-03-09 15:01:47,005 [Listener at 127.0.0.1/33363] INFO  ha.SCMHANodeDetails (ConfUtils.java:setNodeSpecificConfigs(97)) - Setting configuration key ozone.scm.grpc.port with value of key ozone.scm.grpc.port.scmServiceId.scmNode-1: 43989
2023-03-09 15:01:47,005 [Listener at 127.0.0.1/33363] INFO  ha.SCMHANodeDetails (ConfUtils.java:setNodeSpecificConfigs(97)) - Setting configuration key ozone.scm.http-address with value of key ozone.scm.http-address.scmServiceId.scmNode-1: 127.0.0.1:43655
2023-03-09 15:01:47,006 [Listener at 127.0.0.1/33363] INFO  ha.SCMHANodeDetails (ConfUtils.java:setNodeSpecificConfigs(97)) - Setting configuration key ozone.scm.https-address with value of key ozone.scm.https-address.scmServiceId.scmNode-1: 127.0.0.1:34465
2023-03-09 15:01:47,006 [Listener at 127.0.0.1/33363] INFO  ha.SCMHANodeDetails (ConfUtils.java:setNodeSpecificConfigs(97)) - Setting configuration key ozone.scm.address with value of key ozone.scm.address.scmServiceId.scmNode-1: 127.0.0.1
2023-03-09 15:01:47,006 [Listener at 127.0.0.1/33363] WARN  scm.ScmUtils (ScmUtils.java:logWarn(190)) - ConfigKey ozone.scm.block.client.address is deprecated, For configuring different ports for each SCM use PortConfigKey ozone.scm.block.client.port appended with serviceId and nodeId. If want to configure same port configure ozone.scm.block.client.port
2023-03-09 15:01:47,006 [Listener at 127.0.0.1/33363] WARN  scm.ScmUtils (ScmUtils.java:logWarn(190)) - ConfigKey ozone.scm.client.address is deprecated, For configuring different ports for each SCM use PortConfigKey ozone.scm.client.port appended with serviceId and nodeId. If want to configure same port configure ozone.scm.client.port
2023-03-09 15:01:47,006 [Listener at 127.0.0.1/33363] WARN  scm.ScmUtils (ScmUtils.java:logWarn(190)) - ConfigKey ozone.scm.datanode.address is deprecated, For configuring different ports for each SCM use PortConfigKey ozone.scm.datanode.port appended with serviceId and nodeId. If want to configure same port configure ozone.scm.datanode.port
2023-03-09 15:01:47,009 [Listener at 127.0.0.1/33363] INFO  server.RaftServer (ConfUtils.java:logGet(46)) - raft.rpc.type = GRPC (default)
2023-03-09 15:01:47,010 [Listener at 127.0.0.1/33363] INFO  grpc.GrpcConfigKeys (ConfUtils.java:logFallback(53)) - raft.grpc.admin.host = null (fallback to raft.grpc.server.host)
2023-03-09 15:01:47,010 [Listener at 127.0.0.1/33363] INFO  grpc.GrpcConfigKeys (ConfUtils.java:logFallback(53)) - raft.grpc.admin.port = 39749 (fallback to raft.grpc.server.port)
2023-03-09 15:01:47,010 [Listener at 127.0.0.1/33363] INFO  grpc.GrpcConfigKeys (ConfUtils.java:logFallback(53)) - raft.grpc.client.host = null (fallback to raft.grpc.server.host)
2023-03-09 15:01:47,010 [Listener at 127.0.0.1/33363] INFO  grpc.GrpcConfigKeys (ConfUtils.java:logFallback(53)) - raft.grpc.client.port = 39749 (fallback to raft.grpc.server.port)
2023-03-09 15:01:47,010 [Listener at 127.0.0.1/33363] INFO  grpc.GrpcConfigKeys (ConfUtils.java:logGet(46)) - raft.grpc.server.host = null (default)
2023-03-09 15:01:47,010 [Listener at 127.0.0.1/33363] INFO  grpc.GrpcConfigKeys (ConfUtils.java:logGet(46)) - raft.grpc.server.port = 39749 (custom)
2023-03-09 15:01:47,011 [Listener at 127.0.0.1/33363] INFO  server.GrpcService (ConfUtils.java:logGet(46)) - raft.grpc.message.size.max = 32m (=33554432) (custom)
2023-03-09 15:01:47,011 [Listener at 127.0.0.1/33363] INFO  server.RaftServerConfigKeys (ConfUtils.java:logGet(46)) - raft.server.log.appender.buffer.byte-limit = 33554432 (custom)
2023-03-09 15:01:47,011 [Listener at 127.0.0.1/33363] INFO  server.GrpcService (ConfUtils.java:logGet(46)) - raft.grpc.flow.control.window = 1MB (=1048576) (default)
2023-03-09 15:01:47,011 [Listener at 127.0.0.1/33363] INFO  server.RaftServerConfigKeys (ConfUtils.java:logGet(46)) - raft.server.rpc.request.timeout = 30000ms (custom)
2023-03-09 15:01:47,011 [Listener at 127.0.0.1/33363] INFO  grpc.GrpcConfigKeys (ConfUtils.java:logGet(46)) - raft.grpc.server.heartbeat.channel = true (default)
2023-03-09 15:01:47,011 [Listener at 127.0.0.1/33363] INFO  grpc.GrpcConfigKeys (ConfUtils.java:logGet(46)) - raft.grpc.server.async.request.thread.pool.cached = true (default)
2023-03-09 15:01:47,011 [Listener at 127.0.0.1/33363] INFO  grpc.GrpcConfigKeys (ConfUtils.java:logGet(46)) - raft.grpc.server.async.request.thread.pool.size = 32 (default)
2023-03-09 15:01:47,013 [Listener at 127.0.0.1/33363] INFO  impl.DataStreamServerImpl (ConfUtils.java:logGet(46)) - raft.datastream.type = DISABLED (default)
2023-03-09 15:01:47,013 [Listener at 127.0.0.1/33363] INFO  server.RaftServerConfigKeys (ConfUtils.java:logGet(46)) - raft.server.threadpool.proxy.cached = true (default)
2023-03-09 15:01:47,013 [Listener at 127.0.0.1/33363] INFO  server.RaftServerConfigKeys (ConfUtils.java:logGet(46)) - raft.server.threadpool.proxy.size = 0 (default)
2023-03-09 15:01:47,013 [Listener at 127.0.0.1/33363] INFO  server.RaftServerConfigKeys (ConfUtils.java:logGet(46)) - raft.server.rpc.slowness.timeout = 120000ms (custom)
2023-03-09 15:01:47,013 [Listener at 127.0.0.1/33363] INFO  server.RaftServerConfigKeys (ConfUtils.java:logGet(46)) - raft.server.leaderelection.leader.step-down.wait-time = 10s (default)
2023-03-09 15:01:47,013 [Listener at 127.0.0.1/33363] INFO  server.RaftServerConfigKeys (ConfUtils.java:logGet(46)) - raft.server.storage.dir = [/home/runner/work/ozone/ozone/hadoop-ozone/integration-test/target/test-dir/MiniOzoneClusterImpl-c8dd39f1-89f8-47ca-b8e4-9b0f9f306b89/scmNode-1/scm-ha] (custom)
2023-03-09 15:01:47,014 [Listener at 127.0.0.1/33363] INFO  server.RaftServer (RaftServerProxy.java:addNew(96)) - 9c2c9161-baeb-4919-a38f-0ea4e5b0accf: addNew group-9B0F9F306B89:[9c2c9161-baeb-4919-a38f-0ea4e5b0accf|rpc:localhost:39749|priority:0|startupRole:FOLLOWER] returns group-9B0F9F306B89:java.util.concurrent.CompletableFuture@576f4b4b[Not completed]
2023-03-09 15:01:47,014 [pool-1026-thread-1] INFO  server.RaftServer$Division (RaftServerImpl.java:<init>(195)) - 9c2c9161-baeb-4919-a38f-0ea4e5b0accf: new RaftServerImpl for group-9B0F9F306B89:[9c2c9161-baeb-4919-a38f-0ea4e5b0accf|rpc:localhost:39749|priority:0|startupRole:FOLLOWER] with SCMStateMachine:uninitialized
2023-03-09 15:01:47,014 [pool-1026-thread-1] INFO  server.RaftServerConfigKeys (ConfUtils.java:logGet(46)) - raft.server.rpc.timeout.min = 5000ms (custom)
2023-03-09 15:01:47,015 [pool-1026-thread-1] INFO  server.RaftServerConfigKeys (ConfUtils.java:logGet(46)) - raft.server.rpc.timeout.max = 5200ms (custom)
2023-03-09 15:01:47,015 [pool-1026-thread-1] INFO  server.RaftServerConfigKeys (ConfUtils.java:logGet(46)) - raft.server.rpc.sleep.time = 25ms (default)
2023-03-09 15:01:47,015 [pool-1026-thread-1] INFO  server.RaftServerConfigKeys (ConfUtils.java:logGet(46)) - raft.server.rpc.slowness.timeout = 120000ms (custom)
2023-03-09 15:01:47,015 [pool-1026-thread-1] INFO  server.RaftServerConfigKeys (ConfUtils.java:logGet(46)) - raft.server.leaderelection.leader.step-down.wait-time = 10s (default)
2023-03-09 15:01:47,015 [pool-1026-thread-1] INFO  server.RaftServerConfigKeys (ConfUtils.java:logGet(46)) - raft.server.sleep.deviation.threshold = 300ms (default)
2023-03-09 15:01:47,015 [pool-1026-thread-1] INFO  server.RaftServer$Division (ServerState.java:<init>(118)) - 9c2c9161-baeb-4919-a38f-0ea4e5b0accf@group-9B0F9F306B89: ConfigurationManager, init=-1: peers:[9c2c9161-baeb-4919-a38f-0ea4e5b0accf|rpc:localhost:39749|priority:0|startupRole:FOLLOWER]|listeners:[], old=null, confs=<EMPTY_MAP>
2023-03-09 15:01:47,015 [pool-1026-thread-1] INFO  server.RaftServerConfigKeys (ConfUtils.java:logGet(46)) - raft.server.storage.dir = [/home/runner/work/ozone/ozone/hadoop-ozone/integration-test/target/test-dir/MiniOzoneClusterImpl-c8dd39f1-89f8-47ca-b8e4-9b0f9f306b89/scmNode-1/scm-ha] (custom)
2023-03-09 15:01:47,015 [pool-1026-thread-1] INFO  server.RaftServerConfigKeys (ConfUtils.java:logGet(46)) - raft.server.log.corruption.policy = EXCEPTION (default)
2023-03-09 15:01:47,015 [pool-1026-thread-1] INFO  server.RaftServerConfigKeys (ConfUtils.java:logGet(46)) - raft.server.storage.free-space.min = 0MB (=0) (default)
2023-03-09 15:01:47,015 [pool-1026-thread-1] INFO  server.RaftServerConfigKeys (ConfUtils.java:logGet(46)) - raft.server.notification.no-leader.timeout = 60s (default)
2023-03-09 15:01:47,015 [pool-1026-thread-1] INFO  server.RaftServerConfigKeys (ConfUtils.java:logGet(46)) - raft.server.retrycache.expirytime = 60000ms (default)
2023-03-09 15:01:47,015 [pool-1026-thread-1] INFO  server.RaftServerConfigKeys (ConfUtils.java:logGet(46)) - raft.server.retrycache.statistics.expirytime = 100μs (default)
2023-03-09 15:01:47,016 [pool-1026-thread-1] INFO  server.RaftServerConfigKeys (ConfUtils.java:logGet(46)) - raft.server.log.appender.install.snapshot.enabled = false (custom)
2023-03-09 15:01:47,016 [pool-1026-thread-1] INFO  server.RaftServerConfigKeys (ConfUtils.java:logGet(46)) - raft.server.threadpool.server.cached = true (default)
2023-03-09 15:01:47,016 [pool-1026-thread-1] INFO  server.RaftServerConfigKeys (ConfUtils.java:logGet(46)) - raft.server.threadpool.server.size = 0 (default)
2023-03-09 15:01:47,016 [pool-1026-thread-1] INFO  server.RaftServerConfigKeys (ConfUtils.java:logGet(46)) - raft.server.threadpool.client.cached = true (default)
2023-03-09 15:01:47,016 [pool-1026-thread-1] INFO  server.RaftServerConfigKeys (ConfUtils.java:logGet(46)) - raft.server.threadpool.client.size = 0 (default)
2023-03-09 15:01:47,017 [9c2c9161-baeb-4919-a38f-0ea4e5b0accf-impl-thread1] INFO  storage.RaftStorageDirectory (RaftStorageDirectoryImpl.java:analyzeStorage(137)) - The storage directory /home/runner/work/ozone/ozone/hadoop-ozone/integration-test/target/test-dir/MiniOzoneClusterImpl-c8dd39f1-89f8-47ca-b8e4-9b0f9f306b89/scmNode-1/scm-ha/c8dd39f1-89f8-47ca-b8e4-9b0f9f306b89 does not exist. Creating ...
2023-03-09 15:01:47,018 [9c2c9161-baeb-4919-a38f-0ea4e5b0accf-impl-thread1] INFO  storage.RaftStorageDirectory (RaftStorageDirectoryImpl.java:tryLock(231)) - Lock on /home/runner/work/ozone/ozone/hadoop-ozone/integration-test/target/test-dir/MiniOzoneClusterImpl-c8dd39f1-89f8-47ca-b8e4-9b0f9f306b89/scmNode-1/scm-ha/c8dd39f1-89f8-47ca-b8e4-9b0f9f306b89/in_use.lock acquired by nodename 57158@fv-az377-502
2023-03-09 15:01:47,019 [9c2c9161-baeb-4919-a38f-0ea4e5b0accf-impl-thread1] INFO  storage.RaftStorage (RaftStorageImpl.java:format(96)) - Storage directory /home/runner/work/ozone/ozone/hadoop-ozone/integration-test/target/test-dir/MiniOzoneClusterImpl-c8dd39f1-89f8-47ca-b8e4-9b0f9f306b89/scmNode-1/scm-ha/c8dd39f1-89f8-47ca-b8e4-9b0f9f306b89 has been successfully formatted.
2023-03-09 15:01:47,019 [9c2c9161-baeb-4919-a38f-0ea4e5b0accf-impl-thread1] INFO  server.RaftServerConfigKeys (ConfUtils.java:logGet(46)) - raft.server.log.use.memory = false (default)
2023-03-09 15:01:47,019 [9c2c9161-baeb-4919-a38f-0ea4e5b0accf-impl-thread1] INFO  server.RaftServerConfigKeys (ConfUtils.java:logGet(46)) - raft.server.log.purge.gap = 1000000 (custom)
2023-03-09 15:01:47,020 [9c2c9161-baeb-4919-a38f-0ea4e5b0accf-impl-thread1] INFO  server.RaftServerConfigKeys (ConfUtils.java:logGet(46)) - raft.server.log.appender.buffer.byte-limit = 33554432 (custom)
2023-03-09 15:01:47,020 [EndpointStateMachine task thread for /127.0.0.1:35467 - 0 ] INFO  ipc.Client (Client.java:handleConnectionFailure(1010)) - Retrying connect to server: localhost/127.0.0.1:35467. Already tried 7 time(s); retry policy is RetryUpToMaximumCountWithFixedSleep(maxRetries=15, sleepTime=1000 MILLISECONDS)
2023-03-09 15:01:47,020 [9c2c9161-baeb-4919-a38f-0ea4e5b0accf-impl-thread1] INFO  server.RaftServerConfigKeys (ConfUtils.java:logGet(46)) - raft.server.log.statemachine.data.read.timeout = 1000ms (default)
2023-03-09 15:01:47,020 [9c2c9161-baeb-4919-a38f-0ea4e5b0accf-impl-thread1] INFO  server.RaftServerConfigKeys (ConfUtils.java:logGet(46)) - raft.server.log.purge.preservation.log.num = 0 (default)
2023-03-09 15:01:47,020 [9c2c9161-baeb-4919-a38f-0ea4e5b0accf-impl-thread1] INFO  server.RaftServerConfigKeys (ConfUtils.java:logGet(46)) - raft.server.log.segment.size.max = 4194304 (custom)
2023-03-09 15:01:47,021 [9c2c9161-baeb-4919-a38f-0ea4e5b0accf-impl-thread1] INFO  server.RaftServerConfigKeys (ConfUtils.java:logGet(46)) - raft.server.log.segment.cache.num.max = 2 (custom)
2023-03-09 15:01:47,021 [9c2c9161-baeb-4919-a38f-0ea4e5b0accf-impl-thread1] INFO  server.RaftServerConfigKeys (ConfUtils.java:logGet(46)) - raft.server.log.segment.cache.size.max = 200MB (=209715200) (default)
2023-03-09 15:01:47,021 [9c2c9161-baeb-4919-a38f-0ea4e5b0accf-impl-thread1] INFO  segmented.SegmentedRaftLogWorker (SegmentedRaftLogWorker.java:<init>(189)) - new 9c2c9161-baeb-4919-a38f-0ea4e5b0accf@group-9B0F9F306B89-SegmentedRaftLogWorker for RaftStorageImpl:Storage Directory /home/runner/work/ozone/ozone/hadoop-ozone/integration-test/target/test-dir/MiniOzoneClusterImpl-c8dd39f1-89f8-47ca-b8e4-9b0f9f306b89/scmNode-1/scm-ha/c8dd39f1-89f8-47ca-b8e4-9b0f9f306b89
2023-03-09 15:01:47,021 [9c2c9161-baeb-4919-a38f-0ea4e5b0accf-impl-thread1] INFO  server.RaftServerConfigKeys (ConfUtils.java:logGet(46)) - raft.server.log.queue.byte-limit = 64MB (=67108864) (default)
2023-03-09 15:01:47,021 [9c2c9161-baeb-4919-a38f-0ea4e5b0accf-impl-thread1] INFO  server.RaftServerConfigKeys (ConfUtils.java:logGet(46)) - raft.server.log.queue.element-limit = 4096 (default)
2023-03-09 15:01:47,021 [9c2c9161-baeb-4919-a38f-0ea4e5b0accf-impl-thread1] INFO  server.RaftServerConfigKeys (ConfUtils.java:logGet(46)) - raft.server.log.segment.size.max = 4194304 (custom)
2023-03-09 15:01:47,021 [9c2c9161-baeb-4919-a38f-0ea4e5b0accf-impl-thread1] INFO  server.RaftServerConfigKeys (ConfUtils.java:logGet(46)) - raft.server.log.preallocated.size = 4194304 (custom)
2023-03-09 15:01:47,021 [9c2c9161-baeb-4919-a38f-0ea4e5b0accf-impl-thread1] INFO  server.RaftServerConfigKeys (ConfUtils.java:logGet(46)) - raft.server.log.force.sync.num = 128 (default)
2023-03-09 15:01:47,021 [9c2c9161-baeb-4919-a38f-0ea4e5b0accf-impl-thread1] INFO  server.RaftServerConfigKeys (ConfUtils.java:logGet(46)) - raft.server.log.statemachine.data.sync = true (default)
2023-03-09 15:01:47,021 [9c2c9161-baeb-4919-a38f-0ea4e5b0accf-impl-thread1] INFO  server.RaftServerConfigKeys (ConfUtils.java:logGet(46)) - raft.server.log.statemachine.data.sync.timeout = 10s (default)
2023-03-09 15:01:47,021 [9c2c9161-baeb-4919-a38f-0ea4e5b0accf-impl-thread1] INFO  server.RaftServerConfigKeys (ConfUtils.java:logGet(46)) - raft.server.log.statemachine.data.sync.timeout.retry = -1 (default)
2023-03-09 15:01:47,021 [9c2c9161-baeb-4919-a38f-0ea4e5b0accf-impl-thread1] INFO  server.RaftServerConfigKeys (ConfUtils.java:logGet(46)) - raft.server.log.write.buffer.size = 64KB (=65536) (default)
2023-03-09 15:01:47,021 [9c2c9161-baeb-4919-a38f-0ea4e5b0accf-impl-thread1] INFO  server.RaftServerConfigKeys (ConfUtils.java:logGet(46)) - raft.server.log.appender.buffer.byte-limit = 33554432 (custom)
2023-03-09 15:01:47,029 [9c2c9161-baeb-4919-a38f-0ea4e5b0accf-impl-thread1] INFO  server.RaftServerConfigKeys (ConfUtils.java:logGet(46)) - raft.server.log.unsafe-flush.enabled = false (default)
2023-03-09 15:01:47,030 [9c2c9161-baeb-4919-a38f-0ea4e5b0accf-impl-thread1] INFO  server.RaftServerConfigKeys (ConfUtils.java:logGet(46)) - raft.server.log.async-flush.enabled = false (default)
2023-03-09 15:01:47,030 [9c2c9161-baeb-4919-a38f-0ea4e5b0accf-impl-thread1] INFO  server.RaftServerConfigKeys (ConfUtils.java:logGet(46)) - raft.server.log.statemachine.data.caching.enabled = false (default)
2023-03-09 15:01:47,030 [9c2c9161-baeb-4919-a38f-0ea4e5b0accf-impl-thread1] INFO  segmented.SegmentedRaftLogWorker (SegmentedRaftLogWorker.java:lambda$new$0(135)) - 9c2c9161-baeb-4919-a38f-0ea4e5b0accf@group-9B0F9F306B89-SegmentedRaftLogWorker: flushIndex: setUnconditionally 0 -> -1
2023-03-09 15:01:47,030 [9c2c9161-baeb-4919-a38f-0ea4e5b0accf-impl-thread1] INFO  segmented.SegmentedRaftLogWorker (SegmentedRaftLogWorker.java:lambda$new$0(135)) - 9c2c9161-baeb-4919-a38f-0ea4e5b0accf@group-9B0F9F306B89-SegmentedRaftLogWorker: safeCacheEvictIndex: setUnconditionally 0 -> -1
2023-03-09 15:01:47,031 [9c2c9161-baeb-4919-a38f-0ea4e5b0accf-impl-thread1] INFO  server.RaftServer$Division (RaftServerImpl.java:start(334)) - 9c2c9161-baeb-4919-a38f-0ea4e5b0accf@group-9B0F9F306B89: start as a follower, conf=-1: peers:[9c2c9161-baeb-4919-a38f-0ea4e5b0accf|rpc:localhost:39749|priority:0|startupRole:FOLLOWER]|listeners:[], old=null
2023-03-09 15:01:47,031 [9c2c9161-baeb-4919-a38f-0ea4e5b0accf-impl-thread1] INFO  server.RaftServer$Division (RaftServerImpl.java:setRole(321)) - 9c2c9161-baeb-4919-a38f-0ea4e5b0accf@group-9B0F9F306B89: changes role from      null to FOLLOWER at term 0 for startAsFollower
2023-03-09 15:01:47,031 [9c2c9161-baeb-4919-a38f-0ea4e5b0accf-impl-thread1] INFO  impl.RoleInfo (RoleInfo.java:updateAndGet(139)) - 9c2c9161-baeb-4919-a38f-0ea4e5b0accf: start 9c2c9161-baeb-4919-a38f-0ea4e5b0accf@group-9B0F9F306B89-FollowerState
2023-03-09 15:01:47,031 [9c2c9161-baeb-4919-a38f-0ea4e5b0accf-impl-thread1] INFO  util.JmxRegister (JmxRegister.java:tryRegister(44)) - Successfully registered JMX Bean with object name Ratis:service=RaftServer,group=group-9B0F9F306B89,id=9c2c9161-baeb-4919-a38f-0ea4e5b0accf
2023-03-09 15:01:47,032 [9c2c9161-baeb-4919-a38f-0ea4e5b0accf-impl-thread1] INFO  server.RaftServerConfigKeys (ConfUtils.java:logGet(46)) - raft.server.snapshot.auto.trigger.enabled = true (custom)
2023-03-09 15:01:47,032 [9c2c9161-baeb-4919-a38f-0ea4e5b0accf-impl-thread1] INFO  server.RaftServerConfigKeys (ConfUtils.java:logGet(46)) - raft.server.snapshot.auto.trigger.threshold = 1000 (custom)
2023-03-09 15:01:47,032 [9c2c9161-baeb-4919-a38f-0ea4e5b0accf-impl-thread1] INFO  server.RaftServerConfigKeys (ConfUtils.java:logGet(46)) - raft.server.snapshot.retention.file.num = -1 (default)
2023-03-09 15:01:47,032 [9c2c9161-baeb-4919-a38f-0ea4e5b0accf-impl-thread1] INFO  server.RaftServerConfigKeys (ConfUtils.java:logGet(46)) - raft.server.log.purge.upto.snapshot.index = false (default)
2023-03-09 15:01:47,032 [9c2c9161-baeb-4919-a38f-0ea4e5b0accf@group-9B0F9F306B89-FollowerState] INFO  server.RaftServerConfigKeys (ConfUtils.java:logFallback(53)) - raft.server.rpc.first-election.timeout.min = 5000ms (fallback to raft.server.rpc.timeout.min)
2023-03-09 15:01:47,032 [9c2c9161-baeb-4919-a38f-0ea4e5b0accf@group-9B0F9F306B89-FollowerState] INFO  server.RaftServerConfigKeys (ConfUtils.java:logFallback(53)) - raft.server.rpc.first-election.timeout.max = 5200ms (fallback to raft.server.rpc.timeout.max)
2023-03-09 15:01:47,033 [Listener at 127.0.0.1/33363] INFO  server.RaftServer (RaftServerProxy.java:startImpl(393)) - 9c2c9161-baeb-4919-a38f-0ea4e5b0accf: start RPC server
2023-03-09 15:01:47,038 [Listener at 127.0.0.1/33363] INFO  server.GrpcService (GrpcService.java:startImpl(262)) - 9c2c9161-baeb-4919-a38f-0ea4e5b0accf: GrpcService started, listening on 39749
2023-03-09 15:01:47,038 [JvmPauseMonitor36] INFO  util.JvmPauseMonitor (JvmPauseMonitor.java:run(105)) - JvmPauseMonitor-9c2c9161-baeb-4919-a38f-0ea4e5b0accf: Started
2023-03-09 15:01:47,864 [EndpointStateMachine task thread for /127.0.0.1:43747 - 0 ] INFO  ipc.Client (Client.java:handleConnectionFailure(1010)) - Retrying connect to server: localhost/127.0.0.1:43747. Already tried 11 time(s); retry policy is RetryUpToMaximumCountWithFixedSleep(maxRetries=15, sleepTime=1000 MILLISECONDS)
2023-03-09 15:01:47,864 [EndpointStateMachine task thread for /127.0.0.1:36681 - 0 ] INFO  ipc.Client (Client.java:handleConnectionFailure(1010)) - Retrying connect to server: localhost/127.0.0.1:36681. Already tried 2 time(s); retry policy is RetryUpToMaximumCountWithFixedSleep(maxRetries=15, sleepTime=1000 MILLISECONDS)
2023-03-09 15:01:48,020 [EndpointStateMachine task thread for /127.0.0.1:35467 - 0 ] INFO  ipc.Client (Client.java:handleConnectionFailure(1010)) - Retrying connect to server: localhost/127.0.0.1:35467. Already tried 8 time(s); retry policy is RetryUpToMaximumCountWithFixedSleep(maxRetries=15, sleepTime=1000 MILLISECONDS)
2023-03-09 15:01:48,865 [EndpointStateMachine task thread for /127.0.0.1:43747 - 0 ] INFO  ipc.Client (Client.java:handleConnectionFailure(1010)) - Retrying connect to server: localhost/127.0.0.1:43747. Already tried 12 time(s); retry policy is RetryUpToMaximumCountWithFixedSleep(maxRetries=15, sleepTime=1000 MILLISECONDS)
2023-03-09 15:01:48,865 [EndpointStateMachine task thread for /127.0.0.1:36681 - 0 ] INFO  ipc.Client (Client.java:handleConnectionFailure(1010)) - Retrying connect to server: localhost/127.0.0.1:36681. Already tried 3 time(s); retry policy is RetryUpToMaximumCountWithFixedSleep(maxRetries=15, sleepTime=1000 MILLISECONDS)
2023-03-09 15:01:49,021 [EndpointStateMachine task thread for /127.0.0.1:35467 - 0 ] INFO  ipc.Client (Client.java:handleConnectionFailure(1010)) - Retrying connect to server: localhost/127.0.0.1:35467. Already tried 9 time(s); retry policy is RetryUpToMaximumCountWithFixedSleep(maxRetries=15, sleepTime=1000 MILLISECONDS)
2023-03-09 15:01:49,866 [EndpointStateMachine task thread for /127.0.0.1:36681 - 0 ] INFO  ipc.Client (Client.java:handleConnectionFailure(1010)) - Retrying connect to server: localhost/127.0.0.1:36681. Already tried 4 time(s); retry policy is RetryUpToMaximumCountWithFixedSleep(maxRetries=15, sleepTime=1000 MILLISECONDS)
2023-03-09 15:01:49,866 [EndpointStateMachine task thread for /127.0.0.1:43747 - 0 ] INFO  ipc.Client (Client.java:handleConnectionFailure(1010)) - Retrying connect to server: localhost/127.0.0.1:43747. Already tried 13 time(s); retry policy is RetryUpToMaximumCountWithFixedSleep(maxRetries=15, sleepTime=1000 MILLISECONDS)
2023-03-09 15:01:50,022 [EndpointStateMachine task thread for /127.0.0.1:35467 - 0 ] INFO  ipc.Client (Client.java:handleConnectionFailure(1010)) - Retrying connect to server: localhost/127.0.0.1:35467. Already tried 10 time(s); retry policy is RetryUpToMaximumCountWithFixedSleep(maxRetries=15, sleepTime=1000 MILLISECONDS)
2023-03-09 15:01:50,867 [EndpointStateMachine task thread for /127.0.0.1:36681 - 0 ] INFO  ipc.Client (Client.java:handleConnectionFailure(1010)) - Retrying connect to server: localhost/127.0.0.1:36681. Already tried 5 time(s); retry policy is RetryUpToMaximumCountWithFixedSleep(maxRetries=15, sleepTime=1000 MILLISECONDS)
2023-03-09 15:01:50,867 [EndpointStateMachine task thread for /127.0.0.1:43747 - 0 ] INFO  ipc.Client (Client.java:handleConnectionFailure(1010)) - Retrying connect to server: localhost/127.0.0.1:43747. Already tried 14 time(s); retry policy is RetryUpToMaximumCountWithFixedSleep(maxRetries=15, sleepTime=1000 MILLISECONDS)
2023-03-09 15:01:51,023 [EndpointStateMachine task thread for /127.0.0.1:35467 - 0 ] INFO  ipc.Client (Client.java:handleConnectionFailure(1010)) - Retrying connect to server: localhost/127.0.0.1:35467. Already tried 11 time(s); retry policy is RetryUpToMaximumCountWithFixedSleep(maxRetries=15, sleepTime=1000 MILLISECONDS)
2023-03-09 15:01:51,867 [EndpointStateMachine task thread for /127.0.0.1:36681 - 0 ] INFO  ipc.Client (Client.java:handleConnectionFailure(1010)) - Retrying connect to server: localhost/127.0.0.1:36681. Already tried 6 time(s); retry policy is RetryUpToMaximumCountWithFixedSleep(maxRetries=15, sleepTime=1000 MILLISECONDS)
2023-03-09 15:01:52,024 [EndpointStateMachine task thread for /127.0.0.1:35467 - 0 ] INFO  ipc.Client (Client.java:handleConnectionFailure(1010)) - Retrying connect to server: localhost/127.0.0.1:35467. Already tried 12 time(s); retry policy is RetryUpToMaximumCountWithFixedSleep(maxRetries=15, sleepTime=1000 MILLISECONDS)
2023-03-09 15:01:52,146 [9c2c9161-baeb-4919-a38f-0ea4e5b0accf@group-9B0F9F306B89-FollowerState] INFO  impl.FollowerState (FollowerState.java:run(143)) - 9c2c9161-baeb-4919-a38f-0ea4e5b0accf@group-9B0F9F306B89-FollowerState: change to CANDIDATE, lastRpcElapsedTime:5114525293ns, electionTimeout:5113ms
2023-03-09 15:01:52,146 [9c2c9161-baeb-4919-a38f-0ea4e5b0accf@group-9B0F9F306B89-FollowerState] INFO  impl.RoleInfo (RoleInfo.java:shutdownFollowerState(110)) - 9c2c9161-baeb-4919-a38f-0ea4e5b0accf: shutdown 9c2c9161-baeb-4919-a38f-0ea4e5b0accf@group-9B0F9F306B89-FollowerState
2023-03-09 15:01:52,146 [9c2c9161-baeb-4919-a38f-0ea4e5b0accf@group-9B0F9F306B89-FollowerState] INFO  server.RaftServer$Division (RaftServerImpl.java:setRole(321)) - 9c2c9161-baeb-4919-a38f-0ea4e5b0accf@group-9B0F9F306B89: changes role from  FOLLOWER to CANDIDATE at term 0 for changeToCandidate
2023-03-09 15:01:52,146 [9c2c9161-baeb-4919-a38f-0ea4e5b0accf@group-9B0F9F306B89-FollowerState] INFO  server.RaftServerConfigKeys (ConfUtils.java:logGet(46)) - raft.server.leaderelection.pre-vote = true (default)
2023-03-09 15:01:52,146 [9c2c9161-baeb-4919-a38f-0ea4e5b0accf@group-9B0F9F306B89-FollowerState] INFO  impl.RoleInfo (RoleInfo.java:updateAndGet(139)) - 9c2c9161-baeb-4919-a38f-0ea4e5b0accf: start 9c2c9161-baeb-4919-a38f-0ea4e5b0accf@group-9B0F9F306B89-LeaderElection52
2023-03-09 15:01:52,148 [9c2c9161-baeb-4919-a38f-0ea4e5b0accf@group-9B0F9F306B89-LeaderElection52] INFO  impl.LeaderElection (LeaderElection.java:askForVotes(312)) - 9c2c9161-baeb-4919-a38f-0ea4e5b0accf@group-9B0F9F306B89-LeaderElection52 PRE_VOTE round 0: submit vote requests at term 0 for -1: peers:[9c2c9161-baeb-4919-a38f-0ea4e5b0accf|rpc:localhost:39749|priority:0|startupRole:FOLLOWER]|listeners:[], old=null
2023-03-09 15:01:52,148 [9c2c9161-baeb-4919-a38f-0ea4e5b0accf@group-9B0F9F306B89-LeaderElection52] INFO  impl.LeaderElection (LeaderElection.java:askForVotes(314)) - 9c2c9161-baeb-4919-a38f-0ea4e5b0accf@group-9B0F9F306B89-LeaderElection52 PRE_VOTE round 0: result PASSED (term=0)
2023-03-09 15:01:52,150 [9c2c9161-baeb-4919-a38f-0ea4e5b0accf@group-9B0F9F306B89-LeaderElection52] INFO  impl.LeaderElection (LeaderElection.java:askForVotes(312)) - 9c2c9161-baeb-4919-a38f-0ea4e5b0accf@group-9B0F9F306B89-LeaderElection52 ELECTION round 0: submit vote requests at term 1 for -1: peers:[9c2c9161-baeb-4919-a38f-0ea4e5b0accf|rpc:localhost:39749|priority:0|startupRole:FOLLOWER]|listeners:[], old=null
2023-03-09 15:01:52,150 [9c2c9161-baeb-4919-a38f-0ea4e5b0accf@group-9B0F9F306B89-LeaderElection52] INFO  impl.LeaderElection (LeaderElection.java:askForVotes(314)) - 9c2c9161-baeb-4919-a38f-0ea4e5b0accf@group-9B0F9F306B89-LeaderElection52 ELECTION round 0: result PASSED (term=1)
2023-03-09 15:01:52,150 [9c2c9161-baeb-4919-a38f-0ea4e5b0accf@group-9B0F9F306B89-LeaderElection52] INFO  impl.RoleInfo (RoleInfo.java:shutdownLeaderElection(130)) - 9c2c9161-baeb-4919-a38f-0ea4e5b0accf: shutdown 9c2c9161-baeb-4919-a38f-0ea4e5b0accf@group-9B0F9F306B89-LeaderElection52
2023-03-09 15:01:52,150 [9c2c9161-baeb-4919-a38f-0ea4e5b0accf@group-9B0F9F306B89-LeaderElection52] INFO  server.RaftServer$Division (RaftServerImpl.java:setRole(321)) - 9c2c9161-baeb-4919-a38f-0ea4e5b0accf@group-9B0F9F306B89: changes role from CANDIDATE to LEADER at term 1 for changeToLeader
2023-03-09 15:01:52,150 [9c2c9161-baeb-4919-a38f-0ea4e5b0accf@group-9B0F9F306B89-LeaderElection52] INFO  server.RaftServer$Division (ServerState.java:setLeader(313)) - 9c2c9161-baeb-4919-a38f-0ea4e5b0accf@group-9B0F9F306B89: change Leader from null to 9c2c9161-baeb-4919-a38f-0ea4e5b0accf at term 1 for becomeLeader, leader elected after 5134ms
2023-03-09 15:01:52,150 [9c2c9161-baeb-4919-a38f-0ea4e5b0accf@group-9B0F9F306B89-LeaderElection52] INFO  server.RaftServerConfigKeys (ConfUtils.java:logGet(46)) - raft.server.staging.catchup.gap = 1000 (default)
2023-03-09 15:01:52,150 [9c2c9161-baeb-4919-a38f-0ea4e5b0accf@group-9B0F9F306B89-LeaderElection52] INFO  server.RaftServerConfigKeys (ConfUtils.java:logGet(46)) - raft.server.write.element-limit = 4096 (default)
2023-03-09 15:01:52,150 [9c2c9161-baeb-4919-a38f-0ea4e5b0accf@group-9B0F9F306B89-LeaderElection52] INFO  server.RaftServerConfigKeys (ConfUtils.java:logGet(46)) - raft.server.write.byte-limit = 64MB (=67108864) (default)
2023-03-09 15:01:52,150 [9c2c9161-baeb-4919-a38f-0ea4e5b0accf@group-9B0F9F306B89-LeaderElection52] INFO  server.RaftServerConfigKeys (ConfUtils.java:logGet(46)) - raft.server.watch.timeout = 10s (default)
2023-03-09 15:01:52,150 [9c2c9161-baeb-4919-a38f-0ea4e5b0accf@group-9B0F9F306B89-LeaderElection52] INFO  server.RaftServerConfigKeys (ConfUtils.java:logGet(46)) - raft.server.watch.timeout.denomination = 1s (default)
2023-03-09 15:01:52,151 [9c2c9161-baeb-4919-a38f-0ea4e5b0accf@group-9B0F9F306B89-LeaderElection52] INFO  server.RaftServerConfigKeys (ConfUtils.java:logGet(46)) - raft.server.watch.element-limit = 65536 (default)
2023-03-09 15:01:52,151 [9c2c9161-baeb-4919-a38f-0ea4e5b0accf@group-9B0F9F306B89-LeaderElection52] INFO  server.RaftServerConfigKeys (ConfUtils.java:logGet(46)) - raft.server.write.element-limit = 4096 (default)
2023-03-09 15:01:52,151 [9c2c9161-baeb-4919-a38f-0ea4e5b0accf@group-9B0F9F306B89-LeaderElection52] INFO  server.RaftServerConfigKeys (ConfUtils.java:logGet(46)) - raft.server.write.follower.gap.ratio.max = -1.0 (default)
2023-03-09 15:01:52,151 [9c2c9161-baeb-4919-a38f-0ea4e5b0accf@group-9B0F9F306B89-LeaderElection52] INFO  impl.RoleInfo (RoleInfo.java:updateAndGet(139)) - 9c2c9161-baeb-4919-a38f-0ea4e5b0accf: start 9c2c9161-baeb-4919-a38f-0ea4e5b0accf@group-9B0F9F306B89-LeaderStateImpl
2023-03-09 15:01:52,151 [9c2c9161-baeb-4919-a38f-0ea4e5b0accf@group-9B0F9F306B89-LeaderElection52] INFO  segmented.SegmentedRaftLogWorker (SegmentedRaftLogWorker.java:startLogSegment(452)) - 9c2c9161-baeb-4919-a38f-0ea4e5b0accf@group-9B0F9F306B89-SegmentedRaftLogWorker: Starting segment from index:0
2023-03-09 15:01:52,154 [9c2c9161-baeb-4919-a38f-0ea4e5b0accf@group-9B0F9F306B89-LeaderElection52] INFO  server.RaftServer$Division (ServerState.java:setRaftConf(430)) - 9c2c9161-baeb-4919-a38f-0ea4e5b0accf@group-9B0F9F306B89: set configuration 0: peers:[9c2c9161-baeb-4919-a38f-0ea4e5b0accf|rpc:localhost:39749|admin:|client:|dataStream:|priority:0|startupRole:FOLLOWER]|listeners:[], old=null
2023-03-09 15:01:52,164 [9c2c9161-baeb-4919-a38f-0ea4e5b0accf@group-9B0F9F306B89-SegmentedRaftLogWorker] INFO  segmented.SegmentedRaftLogWorker (SegmentedRaftLogWorker.java:execute(656)) - 9c2c9161-baeb-4919-a38f-0ea4e5b0accf@group-9B0F9F306B89-SegmentedRaftLogWorker: created new log segment /home/runner/work/ozone/ozone/hadoop-ozone/integration-test/target/test-dir/MiniOzoneClusterImpl-c8dd39f1-89f8-47ca-b8e4-9b0f9f306b89/scmNode-1/scm-ha/c8dd39f1-89f8-47ca-b8e4-9b0f9f306b89/current/log_inprogress_0
2023-03-09 15:01:52,868 [EndpointStateMachine task thread for /127.0.0.1:36681 - 0 ] INFO  ipc.Client (Client.java:handleConnectionFailure(1010)) - Retrying connect to server: localhost/127.0.0.1:36681. Already tried 7 time(s); retry policy is RetryUpToMaximumCountWithFixedSleep(maxRetries=15, sleepTime=1000 MILLISECONDS)
2023-03-09 15:01:53,025 [EndpointStateMachine task thread for /127.0.0.1:35467 - 0 ] INFO  ipc.Client (Client.java:handleConnectionFailure(1010)) - Retrying connect to server: localhost/127.0.0.1:35467. Already tried 13 time(s); retry policy is RetryUpToMaximumCountWithFixedSleep(maxRetries=15, sleepTime=1000 MILLISECONDS)
2023-03-09 15:01:53,039 [Listener at 127.0.0.1/33363] INFO  server.RaftServer (RaftServerProxy.java:lambda$close$6(409)) - 9c2c9161-baeb-4919-a38f-0ea4e5b0accf: close
2023-03-09 15:01:53,039 [9c2c9161-baeb-4919-a38f-0ea4e5b0accf-impl-thread1] INFO  server.RaftServer$Division (RaftServerImpl.java:lambda$close$4(458)) - 9c2c9161-baeb-4919-a38f-0ea4e5b0accf@group-9B0F9F306B89: shutdown
2023-03-09 15:01:53,039 [Listener at 127.0.0.1/33363] INFO  server.GrpcService (GrpcService.java:closeImpl(271)) - 9c2c9161-baeb-4919-a38f-0ea4e5b0accf: shutdown server GrpcServerProtocolService now
2023-03-09 15:01:53,040 [9c2c9161-baeb-4919-a38f-0ea4e5b0accf-impl-thread1] INFO  util.JmxRegister (JmxRegister.java:unregister(73)) - Successfully un-registered JMX Bean with object name Ratis:service=RaftServer,group=group-9B0F9F306B89,id=9c2c9161-baeb-4919-a38f-0ea4e5b0accf
2023-03-09 15:01:53,040 [9c2c9161-baeb-4919-a38f-0ea4e5b0accf-impl-thread1] INFO  impl.RoleInfo (RoleInfo.java:shutdownLeaderState(93)) - 9c2c9161-baeb-4919-a38f-0ea4e5b0accf: shutdown 9c2c9161-baeb-4919-a38f-0ea4e5b0accf@group-9B0F9F306B89-LeaderStateImpl
2023-03-09 15:01:53,040 [9c2c9161-baeb-4919-a38f-0ea4e5b0accf-impl-thread1] INFO  impl.PendingRequests (PendingRequests.java:sendNotLeaderResponses(282)) - 9c2c9161-baeb-4919-a38f-0ea4e5b0accf@group-9B0F9F306B89-PendingRequests: sendNotLeaderResponses
2023-03-09 15:01:53,040 [9c2c9161-baeb-4919-a38f-0ea4e5b0accf-impl-thread1] INFO  impl.StateMachineUpdater (StateMachineUpdater.java:stopAndJoin(153)) - 9c2c9161-baeb-4919-a38f-0ea4e5b0accf@group-9B0F9F306B89-StateMachineUpdater: set stopIndex = 0
2023-03-09 15:01:53,040 [Listener at 127.0.0.1/33363] INFO  server.GrpcService (GrpcService.java:closeImpl(280)) - 9c2c9161-baeb-4919-a38f-0ea4e5b0accf: shutdown server GrpcServerProtocolService successfully
2023-03-09 15:01:53,041 [9c2c9161-baeb-4919-a38f-0ea4e5b0accf@group-9B0F9F306B89-StateMachineUpdater] INFO  impl.StateMachineUpdater (StateMachineUpdater.java:takeSnapshot(287)) - 9c2c9161-baeb-4919-a38f-0ea4e5b0accf@group-9B0F9F306B89-StateMachineUpdater: Took a snapshot at index 0
2023-03-09 15:01:53,041 [9c2c9161-baeb-4919-a38f-0ea4e5b0accf@group-9B0F9F306B89-StateMachineUpdater] INFO  impl.StateMachineUpdater (StateMachineUpdater.java:lambda$new$0(92)) - 9c2c9161-baeb-4919-a38f-0ea4e5b0accf@group-9B0F9F306B89-StateMachineUpdater: snapshotIndex: updateIncreasingly -1 -> 0
2023-03-09 15:01:53,041 [9c2c9161-baeb-4919-a38f-0ea4e5b0accf-impl-thread1] INFO  server.RaftServer$Division (ServerState.java:close(466)) - 9c2c9161-baeb-4919-a38f-0ea4e5b0accf@group-9B0F9F306B89: closes. applyIndex: 0
2023-03-09 15:01:53,041 [9c2c9161-baeb-4919-a38f-0ea4e5b0accf@group-9B0F9F306B89-SegmentedRaftLogWorker] INFO  segmented.SegmentedRaftLogWorker (SegmentedRaftLogWorker.java:run(347)) - 9c2c9161-baeb-4919-a38f-0ea4e5b0accf@group-9B0F9F306B89-SegmentedRaftLogWorker was interrupted, exiting. There are 0 tasks remaining in the queue.
2023-03-09 15:01:53,043 [9c2c9161-baeb-4919-a38f-0ea4e5b0accf-impl-thread1] INFO  segmented.SegmentedRaftLogWorker (SegmentedRaftLogWorker.java:close(257)) - 9c2c9161-baeb-4919-a38f-0ea4e5b0accf@group-9B0F9F306B89-SegmentedRaftLogWorker close()
2023-03-09 15:01:53,044 [JvmPauseMonitor36] INFO  util.JvmPauseMonitor (JvmPauseMonitor.java:run(111)) - JvmPauseMonitor-9c2c9161-baeb-4919-a38f-0ea4e5b0accf: Stopped
2023-03-09 15:01:53,044 [Listener at 127.0.0.1/33363] WARN  server.ServerUtils (ServerUtils.java:getScmDbDir(148)) - ozone.scm.db.dirs is not configured. We recommend adding this setting. Falling back to ozone.metadata.dirs instead.
2023-03-09 15:01:53,045 [Listener at 127.0.0.1/33363] INFO  server.StorageContainerManager (StorageContainerManager.java:scmInit(1244)) - SCM initialization succeeded. Current cluster id for sd=/home/runner/work/ozone/ozone/hadoop-ozone/integration-test/target/test-dir/MiniOzoneClusterImpl-c8dd39f1-89f8-47ca-b8e4-9b0f9f306b89/scmNode-1/scm; cid=c8dd39f1-89f8-47ca-b8e4-9b0f9f306b89; layoutVersion=4; scmId=9c2c9161-baeb-4919-a38f-0ea4e5b0accf
2023-03-09 15:01:53,045 [Listener at 127.0.0.1/33363] WARN  server.ServerUtils (ServerUtils.java:getScmDbDir(148)) - ozone.scm.db.dirs is not configured. We recommend adding this setting. Falling back to ozone.metadata.dirs instead.
2023-03-09 15:01:53,046 [Listener at 127.0.0.1/33363] INFO  ha.SCMHANodeDetails (SCMHANodeDetails.java:loadSCMHAConfig(209)) - ServiceID for StorageContainerManager is scmServiceId
2023-03-09 15:01:53,046 [Listener at 127.0.0.1/33363] INFO  ha.SCMHANodeDetails (SCMHANodeDetails.java:loadSCMHAConfig(220)) - ServiceID for StorageContainerManager is scmServiceId
2023-03-09 15:01:53,046 [Listener at 127.0.0.1/33363] INFO  ha.SCMHANodeDetails (SCMHANodeDetails.java:loadSCMHAConfig(307)) - Found matching SCM address with SCMServiceId: scmServiceId, SCMNodeId: scmNode-1, RPC Address: localhost:39749 and Ratis port: 39749
2023-03-09 15:01:53,046 [Listener at 127.0.0.1/33363] INFO  ha.SCMHANodeDetails (ConfUtils.java:setNodeSpecificConfigs(97)) - Setting configuration key ozone.scm.datanode.address with value of key ozone.scm.datanode.address.scmServiceId.scmNode-1: 127.0.0.1:33275
2023-03-09 15:01:53,046 [Listener at 127.0.0.1/33363] INFO  ha.SCMHANodeDetails (ConfUtils.java:setNodeSpecificConfigs(97)) - Setting configuration key ozone.scm.block.client.address with value of key ozone.scm.block.client.address.scmServiceId.scmNode-1: 127.0.0.1:33477
2023-03-09 15:01:53,046 [Listener at 127.0.0.1/33363] INFO  ha.SCMHANodeDetails (ConfUtils.java:setNodeSpecificConfigs(97)) - Setting configuration key ozone.scm.client.address with value of key ozone.scm.client.address.scmServiceId.scmNode-1: 127.0.0.1:40731
2023-03-09 15:01:53,047 [Listener at 127.0.0.1/33363] INFO  ha.SCMHANodeDetails (ConfUtils.java:setNodeSpecificConfigs(97)) - Setting configuration key ozone.scm.ratis.port with value of key ozone.scm.ratis.port.scmServiceId.scmNode-1: 39749
2023-03-09 15:01:53,047 [Listener at 127.0.0.1/33363] INFO  ha.SCMHANodeDetails (ConfUtils.java:setNodeSpecificConfigs(97)) - Setting configuration key ozone.scm.grpc.port with value of key ozone.scm.grpc.port.scmServiceId.scmNode-1: 43989
2023-03-09 15:01:53,047 [Listener at 127.0.0.1/33363] INFO  ha.SCMHANodeDetails (ConfUtils.java:setNodeSpecificConfigs(97)) - Setting configuration key ozone.scm.http-address with value of key ozone.scm.http-address.scmServiceId.scmNode-1: 127.0.0.1:43655
2023-03-09 15:01:53,047 [Listener at 127.0.0.1/33363] INFO  ha.SCMHANodeDetails (ConfUtils.java:setNodeSpecificConfigs(97)) - Setting configuration key ozone.scm.https-address with value of key ozone.scm.https-address.scmServiceId.scmNode-1: 127.0.0.1:34465
2023-03-09 15:01:53,047 [Listener at 127.0.0.1/33363] INFO  ha.SCMHANodeDetails (ConfUtils.java:setNodeSpecificConfigs(97)) - Setting configuration key ozone.scm.address with value of key ozone.scm.address.scmServiceId.scmNode-1: 127.0.0.1
2023-03-09 15:01:53,047 [Listener at 127.0.0.1/33363] WARN  scm.ScmUtils (ScmUtils.java:logWarn(190)) - ConfigKey ozone.scm.block.client.address is deprecated, For configuring different ports for each SCM use PortConfigKey ozone.scm.block.client.port appended with serviceId and nodeId. If want to configure same port configure ozone.scm.block.client.port
2023-03-09 15:01:53,047 [Listener at 127.0.0.1/33363] WARN  scm.ScmUtils (ScmUtils.java:logWarn(190)) - ConfigKey ozone.scm.client.address is deprecated, For configuring different ports for each SCM use PortConfigKey ozone.scm.client.port appended with serviceId and nodeId. If want to configure same port configure ozone.scm.client.port
2023-03-09 15:01:53,048 [Listener at 127.0.0.1/33363] WARN  scm.ScmUtils (ScmUtils.java:logWarn(190)) - ConfigKey ozone.scm.datanode.address is deprecated, For configuring different ports for each SCM use PortConfigKey ozone.scm.datanode.port appended with serviceId and nodeId. If want to configure same port configure ozone.scm.datanode.port
2023-03-09 15:01:53,048 [Listener at 127.0.0.1/33363] WARN  utils.HAUtils (HAUtils.java:getMetaDir(342)) - ozone.scm.db.dirs is not configured. We recommend adding this setting. Falling back to ozone.metadata.dirs instead.
2023-03-09 15:01:53,048 [Listener at 127.0.0.1/33363] WARN  db.DBStoreBuilder (DBStoreBuilder.java:applyDBDefinition(172)) - ozone.scm.db.dirs is not configured. We recommend adding this setting. Falling back to ozone.metadata.dirs instead.
2023-03-09 15:01:53,175 [Listener at 127.0.0.1/33363] INFO  net.NodeSchemaLoader (NodeSchemaLoader.java:loadSchemaFromFile(129)) - Loading schema from [jar:file:/home/runner/.m2/repository/org/apache/ozone/hdds-common/1.4.0-SNAPSHOT/hdds-common-1.4.0-SNAPSHOT.jar!/network-topology-default.xml]
2023-03-09 15:01:53,176 [Listener at 127.0.0.1/33363] INFO  net.NodeSchemaLoader (NodeSchemaLoader.java:loadSchema(176)) - Loading network topology layer schema file
2023-03-09 15:01:53,183 [Listener at 127.0.0.1/33363] INFO  ha.SCMRatisServerImpl (SCMRatisServerImpl.java:<init>(87)) - starting Raft server for scm:9c2c9161-baeb-4919-a38f-0ea4e5b0accf
2023-03-09 15:01:53,184 [Listener at 127.0.0.1/33363] INFO  server.RaftServer (ConfUtils.java:logGet(46)) - raft.rpc.type = GRPC (default)
2023-03-09 15:01:53,184 [Listener at 127.0.0.1/33363] INFO  grpc.GrpcConfigKeys (ConfUtils.java:logFallback(53)) - raft.grpc.admin.host = null (fallback to raft.grpc.server.host)
2023-03-09 15:01:53,184 [Listener at 127.0.0.1/33363] INFO  grpc.GrpcConfigKeys (ConfUtils.java:logFallback(53)) - raft.grpc.admin.port = 39749 (fallback to raft.grpc.server.port)
2023-03-09 15:01:53,185 [Listener at 127.0.0.1/33363] INFO  grpc.GrpcConfigKeys (ConfUtils.java:logFallback(53)) - raft.grpc.client.host = null (fallback to raft.grpc.server.host)
2023-03-09 15:01:53,185 [Listener at 127.0.0.1/33363] INFO  grpc.GrpcConfigKeys (ConfUtils.java:logFallback(53)) - raft.grpc.client.port = 39749 (fallback to raft.grpc.server.port)
2023-03-09 15:01:53,185 [Listener at 127.0.0.1/33363] INFO  grpc.GrpcConfigKeys (ConfUtils.java:logGet(46)) - raft.grpc.server.host = null (default)
2023-03-09 15:01:53,185 [Listener at 127.0.0.1/33363] INFO  grpc.GrpcConfigKeys (ConfUtils.java:logGet(46)) - raft.grpc.server.port = 39749 (custom)
2023-03-09 15:01:53,185 [Listener at 127.0.0.1/33363] INFO  server.GrpcService (ConfUtils.java:logGet(46)) - raft.grpc.message.size.max = 32m (=33554432) (custom)
2023-03-09 15:01:53,185 [Listener at 127.0.0.1/33363] INFO  server.RaftServerConfigKeys (ConfUtils.java:logGet(46)) - raft.server.log.appender.buffer.byte-limit = 33554432 (custom)
2023-03-09 15:01:53,185 [Listener at 127.0.0.1/33363] INFO  server.GrpcService (ConfUtils.java:logGet(46)) - raft.grpc.flow.control.window = 1MB (=1048576) (default)
2023-03-09 15:01:53,186 [Listener at 127.0.0.1/33363] INFO  server.RaftServerConfigKeys (ConfUtils.java:logGet(46)) - raft.server.rpc.request.timeout = 30000ms (custom)
2023-03-09 15:01:53,186 [Listener at 127.0.0.1/33363] INFO  grpc.GrpcConfigKeys (ConfUtils.java:logGet(46)) - raft.grpc.server.heartbeat.channel = true (default)
2023-03-09 15:01:53,186 [Listener at 127.0.0.1/33363] INFO  grpc.GrpcConfigKeys (ConfUtils.java:logGet(46)) - raft.grpc.server.async.request.thread.pool.cached = true (default)
2023-03-09 15:01:53,186 [Listener at 127.0.0.1/33363] INFO  grpc.GrpcConfigKeys (ConfUtils.java:logGet(46)) - raft.grpc.server.async.request.thread.pool.size = 32 (default)
2023-03-09 15:01:53,187 [Listener at 127.0.0.1/33363] INFO  impl.DataStreamServerImpl (ConfUtils.java:logGet(46)) - raft.datastream.type = DISABLED (default)
2023-03-09 15:01:53,187 [Listener at 127.0.0.1/33363] INFO  server.RaftServerConfigKeys (ConfUtils.java:logGet(46)) - raft.server.threadpool.proxy.cached = true (default)
2023-03-09 15:01:53,188 [Listener at 127.0.0.1/33363] INFO  server.RaftServerConfigKeys (ConfUtils.java:logGet(46)) - raft.server.threadpool.proxy.size = 0 (default)
2023-03-09 15:01:53,188 [Listener at 127.0.0.1/33363] INFO  server.RaftServerConfigKeys (ConfUtils.java:logGet(46)) - raft.server.rpc.slowness.timeout = 120000ms (custom)
2023-03-09 15:01:53,189 [Listener at 127.0.0.1/33363] INFO  server.RaftServerConfigKeys (ConfUtils.java:logGet(46)) - raft.server.leaderelection.leader.step-down.wait-time = 10s (default)
2023-03-09 15:01:53,189 [Listener at 127.0.0.1/33363] INFO  server.RaftServerConfigKeys (ConfUtils.java:logGet(46)) - raft.server.storage.dir = [/home/runner/work/ozone/ozone/hadoop-ozone/integration-test/target/test-dir/MiniOzoneClusterImpl-c8dd39f1-89f8-47ca-b8e4-9b0f9f306b89/scmNode-1/scm-ha] (custom)
2023-03-09 15:01:53,190 [9c2c9161-baeb-4919-a38f-0ea4e5b0accf-impl-thread1] INFO  server.RaftServer (RaftServerProxy.java:initGroupDir(251)) - 9c2c9161-baeb-4919-a38f-0ea4e5b0accf: found a subdirectory /home/runner/work/ozone/ozone/hadoop-ozone/integration-test/target/test-dir/MiniOzoneClusterImpl-c8dd39f1-89f8-47ca-b8e4-9b0f9f306b89/scmNode-1/scm-ha/c8dd39f1-89f8-47ca-b8e4-9b0f9f306b89
2023-03-09 15:01:53,190 [Listener at 127.0.0.1/33363] INFO  server.RaftServer (RaftServerProxy.java:addNew(96)) - 9c2c9161-baeb-4919-a38f-0ea4e5b0accf: addNew group-9B0F9F306B89:[] returns group-9B0F9F306B89:java.util.concurrent.CompletableFuture@1a46f6f4[Not completed]
2023-03-09 15:01:53,191 [pool-1041-thread-1] INFO  server.RaftServer$Division (RaftServerImpl.java:<init>(195)) - 9c2c9161-baeb-4919-a38f-0ea4e5b0accf: new RaftServerImpl for group-9B0F9F306B89:[] with SCMStateMachine:uninitialized
2023-03-09 15:01:53,191 [pool-1041-thread-1] INFO  server.RaftServerConfigKeys (ConfUtils.java:logGet(46)) - raft.server.rpc.timeout.min = 5000ms (custom)
2023-03-09 15:01:53,191 [pool-1041-thread-1] INFO  server.RaftServerConfigKeys (ConfUtils.java:logGet(46)) - raft.server.rpc.timeout.max = 5200ms (custom)
2023-03-09 15:01:53,191 [pool-1041-thread-1] INFO  server.RaftServerConfigKeys (ConfUtils.java:logGet(46)) - raft.server.rpc.sleep.time = 25ms (default)
2023-03-09 15:01:53,191 [pool-1041-thread-1] INFO  server.RaftServerConfigKeys (ConfUtils.java:logGet(46)) - raft.server.rpc.slowness.timeout = 120000ms (custom)
2023-03-09 15:01:53,191 [pool-1041-thread-1] INFO  server.RaftServerConfigKeys (ConfUtils.java:logGet(46)) - raft.server.leaderelection.leader.step-down.wait-time = 10s (default)
2023-03-09 15:01:53,191 [pool-1041-thread-1] INFO  server.RaftServerConfigKeys (ConfUtils.java:logGet(46)) - raft.server.sleep.deviation.threshold = 300ms (default)
2023-03-09 15:01:53,191 [pool-1041-thread-1] INFO  server.RaftServer$Division (ServerState.java:<init>(118)) - 9c2c9161-baeb-4919-a38f-0ea4e5b0accf@group-9B0F9F306B89: ConfigurationManager, init=-1: peers:[]|listeners:[], old=null, confs=<EMPTY_MAP>
2023-03-09 15:01:53,191 [pool-1041-thread-1] INFO  server.RaftServerConfigKeys (ConfUtils.java:logGet(46)) - raft.server.storage.dir = [/home/runner/work/ozone/ozone/hadoop-ozone/integration-test/target/test-dir/MiniOzoneClusterImpl-c8dd39f1-89f8-47ca-b8e4-9b0f9f306b89/scmNode-1/scm-ha] (custom)
2023-03-09 15:01:53,191 [pool-1041-thread-1] INFO  server.RaftServerConfigKeys (ConfUtils.java:logGet(46)) - raft.server.log.corruption.policy = EXCEPTION (default)
2023-03-09 15:01:53,191 [pool-1041-thread-1] INFO  server.RaftServerConfigKeys (ConfUtils.java:logGet(46)) - raft.server.storage.free-space.min = 0MB (=0) (default)
2023-03-09 15:01:53,191 [pool-1041-thread-1] INFO  server.RaftServerConfigKeys (ConfUtils.java:logGet(46)) - raft.server.notification.no-leader.timeout = 60s (default)
2023-03-09 15:01:53,191 [pool-1041-thread-1] INFO  server.RaftServerConfigKeys (ConfUtils.java:logGet(46)) - raft.server.retrycache.expirytime = 60000ms (default)
2023-03-09 15:01:53,191 [pool-1041-thread-1] INFO  server.RaftServerConfigKeys (ConfUtils.java:logGet(46)) - raft.server.retrycache.statistics.expirytime = 100μs (default)
2023-03-09 15:01:53,192 [pool-1041-thread-1] INFO  server.RaftServerConfigKeys (ConfUtils.java:logGet(46)) - raft.server.log.appender.install.snapshot.enabled = false (custom)
2023-03-09 15:01:53,192 [pool-1041-thread-1] INFO  server.RaftServerConfigKeys (ConfUtils.java:logGet(46)) - raft.server.threadpool.server.cached = true (default)
2023-03-09 15:01:53,192 [pool-1041-thread-1] INFO  server.RaftServerConfigKeys (ConfUtils.java:logGet(46)) - raft.server.threadpool.server.size = 0 (default)
2023-03-09 15:01:53,192 [pool-1041-thread-1] INFO  server.RaftServerConfigKeys (ConfUtils.java:logGet(46)) - raft.server.threadpool.client.cached = true (default)
2023-03-09 15:01:53,192 [pool-1041-thread-1] INFO  server.RaftServerConfigKeys (ConfUtils.java:logGet(46)) - raft.server.threadpool.client.size = 0 (default)
2023-03-09 15:01:53,192 [Listener at 127.0.0.1/33363] INFO  ha.SCMSnapshotProvider (SCMSnapshotProvider.java:<init>(66)) - Initializing SCM Snapshot Provider
2023-03-09 15:01:53,192 [Listener at 127.0.0.1/33363] WARN  server.ServerUtils (ServerUtils.java:getDefaultRatisDirectory(237)) - Storage directory for Ratis is not configured. It is a good idea to map this to an SSD disk. Falling back to ozone.metadata.dirs
2023-03-09 15:01:53,193 [Listener at 127.0.0.1/33363] WARN  ha.SCMHAUtils (SCMHAUtils.java:getSCMRatisSnapshotDirectory(153)) - SCM snapshot dir is not configured. Falling back to ozone.metadata.dirs config
2023-03-09 15:01:53,194 [Listener at 127.0.0.1/33363] INFO  upgrade.AbstractLayoutVersionManager (AbstractLayoutVersionManager.java:init(83)) - Initializing Layout version manager with metadata layout = DATANODE_SCHEMA_V3 (version = 4), software layout = DATANODE_SCHEMA_V3 (version = 4)
2023-03-09 15:01:53,241 [Listener at 127.0.0.1/33363] INFO  reflections.Reflections (Reflections.java:scan(232)) - Reflections took 46 ms to scan 7 urls, producing 154 keys and 367 values 
2023-03-09 15:01:53,243 [Listener at 127.0.0.1/33363] INFO  ha.SequenceIdGenerator (SequenceIdGenerator.java:upgradeToSequenceId(349)) - upgrade localId to 111677748019200000
2023-03-09 15:01:53,243 [Listener at 127.0.0.1/33363] INFO  ha.SequenceIdGenerator (SequenceIdGenerator.java:upgradeToSequenceId(359)) - upgrade delTxnId to 0
2023-03-09 15:01:53,243 [Listener at 127.0.0.1/33363] INFO  ha.SequenceIdGenerator (SequenceIdGenerator.java:upgradeToSequenceId(376)) - upgrade containerId to 0
2023-03-09 15:01:53,244 [Listener at 127.0.0.1/33363] INFO  ha.SequenceIdGenerator (SequenceIdGenerator.java:<init>(220)) - Init the HA SequenceIdGenerator.
2023-03-09 15:01:53,249 [Listener at 127.0.0.1/33363] INFO  node.SCMNodeManager (SCMNodeManager.java:<init>(156)) - Entering startup safe mode.
2023-03-09 15:01:53,251 [Listener at 127.0.0.1/33363] INFO  algorithms.ContainerPlacementPolicyFactory (ContainerPlacementPolicyFactory.java:getPolicyInternal(86)) - Create container placement policy of type org.apache.hadoop.hdds.scm.container.placement.algorithms.SCMContainerPlacementRandom
2023-03-09 15:01:53,251 [Listener at 127.0.0.1/33363] INFO  algorithms.ContainerPlacementPolicyFactory (ContainerPlacementPolicyFactory.java:getPolicyInternal(86)) - Create container placement policy of type org.apache.hadoop.hdds.scm.container.placement.algorithms.SCMContainerPlacementRackScatter
2023-03-09 15:01:53,251 [Listener at 127.0.0.1/33363] INFO  pipeline.PipelineStateManagerImpl (PipelineStateManagerImpl.java:initialize(78)) - No pipeline exists in current db
2023-03-09 15:01:53,252 [Listener at 127.0.0.1/33363] INFO  algorithms.LeaderChoosePolicyFactory (LeaderChoosePolicyFactory.java:getPolicy(57)) - Create leader choose policy of type org.apache.hadoop.hdds.scm.pipeline.leader.choose.algorithms.MinLeaderCountChoosePolicy
2023-03-09 15:01:53,252 [Listener at 127.0.0.1/33363] INFO  algorithms.ContainerPlacementPolicyFactory (ContainerPlacementPolicyFactory.java:getPolicyInternal(86)) - Create container placement policy of type org.apache.hadoop.hdds.scm.container.placement.algorithms.SCMContainerPlacementRackScatter
2023-03-09 15:01:53,252 [Listener at 127.0.0.1/33363] INFO  ha.SCMServiceManager (SCMServiceManager.java:register(42)) - Registering service BackgroundPipelineCreator.
2023-03-09 15:01:53,252 [Listener at 127.0.0.1/33363] INFO  pipeline.BackgroundPipelineCreator (BackgroundPipelineCreator.java:start(124)) - Starting RatisPipelineUtilsThread.
2023-03-09 15:01:53,253 [Listener at 127.0.0.1/33363] INFO  BackgroundPipelineScrubber (BackgroundSCMService.java:start(68)) - Starting BackgroundPipelineScrubber Service.
2023-03-09 15:01:53,253 [Listener at 127.0.0.1/33363] INFO  ha.SCMServiceManager (SCMServiceManager.java:register(42)) - Registering service BackgroundPipelineScrubber.
2023-03-09 15:01:53,253 [Listener at 127.0.0.1/33363] INFO  ExpiredContainerReplicaOpScrubber (BackgroundSCMService.java:start(68)) - Starting ExpiredContainerReplicaOpScrubber Service.
2023-03-09 15:01:53,253 [Listener at 127.0.0.1/33363] INFO  ha.SCMServiceManager (SCMServiceManager.java:register(42)) - Registering service ExpiredContainerReplicaOpScrubber.
2023-03-09 15:01:53,255 [Listener at 127.0.0.1/33363] INFO  algorithms.PipelineChoosePolicyFactory (PipelineChoosePolicyFactory.java:createPipelineChoosePolicyFromClass(73)) - Create pipeline choose policy of type org.apache.hadoop.hdds.scm.pipeline.choose.algorithms.RandomPipelineChoosePolicy
2023-03-09 15:01:53,256 [Listener at 127.0.0.1/33363] INFO  ha.SCMServiceManager (SCMServiceManager.java:register(42)) - Registering service SCMBlockDeletingService.
2023-03-09 15:01:53,256 [Listener at 127.0.0.1/33363] INFO  replication.ReplicationManager (ReplicationManager.java:start(267)) - Starting Replication Monitor Thread.
2023-03-09 15:01:53,258 [Listener at 127.0.0.1/33363] INFO  ha.SCMServiceManager (SCMServiceManager.java:register(42)) - Registering service ReplicationManager.
2023-03-09 15:01:53,258 [Listener at 127.0.0.1/33363] INFO  safemode.ContainerSafeModeRule (ContainerSafeModeRule.java:<init>(89)) - containers with one replica threshold count 0
2023-03-09 15:01:53,258 [Listener at 127.0.0.1/33363] INFO  safemode.HealthyPipelineSafeModeRule (HealthyPipelineSafeModeRule.java:initializeRule(169)) - Total pipeline count is 0, healthy pipeline threshold count is 1
2023-03-09 15:01:53,259 [Listener at 127.0.0.1/33363] INFO  safemode.OneReplicaPipelineSafeModeRule (OneReplicaPipelineSafeModeRule.java:initializeRule(180)) - Total pipeline count is 0, pipeline's with at least one datanode reported threshold count is 0
2023-03-09 15:01:53,258 [ReplicationMonitor] INFO  replication.ReplicationManager (ReplicationManager.java:processAll(342)) - Replication Manager is not ready to run until 300000ms after safemode exit
2023-03-09 15:01:53,259 [Listener at 127.0.0.1/33363] INFO  server.StorageContainerManager (StorageContainerManager.java:<init>(392)) - SCM start with adminUsers: [runner]
2023-03-09 15:01:53,260 [Listener at 127.0.0.1/33363] INFO  ipc.CallQueueManager (CallQueueManager.java:<init>(90)) - Using callQueue: class java.util.concurrent.LinkedBlockingQueue, queueCapacity: 10000, scheduler: class org.apache.hadoop.ipc.DefaultRpcScheduler, ipcBackoff: false.
2023-03-09 15:01:53,260 [Socket Reader #1 for port 33275] INFO  ipc.Server (Server.java:run(1273)) - Starting Socket Reader #1 for port 33275
2023-03-09 15:01:53,262 [Listener at 0.0.0.0/33275] INFO  ipc.CallQueueManager (CallQueueManager.java:<init>(90)) - Using callQueue: class java.util.concurrent.LinkedBlockingQueue, queueCapacity: 10000, scheduler: class org.apache.hadoop.ipc.DefaultRpcScheduler, ipcBackoff: false.
2023-03-09 15:01:53,263 [Socket Reader #1 for port 33477] INFO  ipc.Server (Server.java:run(1273)) - Starting Socket Reader #1 for port 33477
2023-03-09 15:01:53,264 [Listener at 0.0.0.0/33477] INFO  ipc.CallQueueManager (CallQueueManager.java:<init>(90)) - Using callQueue: class java.util.concurrent.LinkedBlockingQueue, queueCapacity: 10000, scheduler: class org.apache.hadoop.ipc.DefaultRpcScheduler, ipcBackoff: false.
2023-03-09 15:01:53,266 [Socket Reader #1 for port 40731] INFO  ipc.Server (Server.java:run(1273)) - Starting Socket Reader #1 for port 40731
2023-03-09 15:01:53,274 [Listener at 0.0.0.0/40731] INFO  ha.SCMServiceManager (SCMServiceManager.java:register(42)) - Registering service ContainerBalancer.
2023-03-09 15:01:53,274 [Listener at 0.0.0.0/40731] INFO  server.StorageContainerManager (StorageContainerManager.java:<init>(407)) - 
Container Balancer status:
Key                            Value
Running                        true
Container Balancer Configuration values:
Key                                                Value
Threshold                                          10
Max Datanodes to Involve per Iteration(percent)    20
Max Size to Move per Iteration                     500GB
Max Size Entering Target per Iteration             26GB
Max Size Leaving Source per Iteration              26GB

2023-03-09 15:01:53,274 [Listener at 0.0.0.0/40731] INFO  ha.SCMContext (SCMContext.java:updateSafeModeStatus(228)) - Update SafeModeStatus from SafeModeStatus{safeModeStatus=true, preCheckPassed=false} to SafeModeStatus{safeModeStatus=true, preCheckPassed=false}.
2023-03-09 15:01:53,274 [Listener at 0.0.0.0/40731] INFO  server.StorageContainerManager (StorageContainerManager.java:start(1437)) - StorageContainerLocationProtocol RPC server is listening at /0.0.0.0:40731
2023-03-09 15:01:53,274 [Listener at 0.0.0.0/40731] INFO  ha.SCMRatisServerImpl (SCMRatisServerImpl.java:start(178)) - starting ratis server 0.0.0.0:39749
2023-03-09 15:01:53,278 [9c2c9161-baeb-4919-a38f-0ea4e5b0accf-impl-thread1] INFO  storage.RaftStorageDirectory (RaftStorageDirectoryImpl.java:tryLock(231)) - Lock on /home/runner/work/ozone/ozone/hadoop-ozone/integration-test/target/test-dir/MiniOzoneClusterImpl-c8dd39f1-89f8-47ca-b8e4-9b0f9f306b89/scmNode-1/scm-ha/c8dd39f1-89f8-47ca-b8e4-9b0f9f306b89/in_use.lock acquired by nodename 57158@fv-az377-502
2023-03-09 15:01:53,278 [9c2c9161-baeb-4919-a38f-0ea4e5b0accf-impl-thread1] INFO  storage.RaftStorage (RaftStorageImpl.java:analyzeAndRecoverStorage(117)) - Read RaftStorageMetadata{term=1, votedFor=9c2c9161-baeb-4919-a38f-0ea4e5b0accf} from /home/runner/work/ozone/ozone/hadoop-ozone/integration-test/target/test-dir/MiniOzoneClusterImpl-c8dd39f1-89f8-47ca-b8e4-9b0f9f306b89/scmNode-1/scm-ha/c8dd39f1-89f8-47ca-b8e4-9b0f9f306b89/current/raft-meta
2023-03-09 15:01:53,279 [9c2c9161-baeb-4919-a38f-0ea4e5b0accf-impl-thread1] INFO  server.RaftServer$Division (ServerState.java:setRaftConf(430)) - 9c2c9161-baeb-4919-a38f-0ea4e5b0accf@group-9B0F9F306B89: set configuration 0: peers:[9c2c9161-baeb-4919-a38f-0ea4e5b0accf|rpc:localhost:39749|admin:|client:|dataStream:|priority:0|startupRole:FOLLOWER]|listeners:[], old=null
2023-03-09 15:01:53,279 [9c2c9161-baeb-4919-a38f-0ea4e5b0accf-impl-thread1] INFO  server.RaftServerConfigKeys (ConfUtils.java:logGet(46)) - raft.server.log.use.memory = false (default)
2023-03-09 15:01:53,279 [9c2c9161-baeb-4919-a38f-0ea4e5b0accf-impl-thread1] INFO  server.RaftServerConfigKeys (ConfUtils.java:logGet(46)) - raft.server.log.purge.gap = 1000000 (custom)
2023-03-09 15:01:53,279 [9c2c9161-baeb-4919-a38f-0ea4e5b0accf-impl-thread1] INFO  server.RaftServerConfigKeys (ConfUtils.java:logGet(46)) - raft.server.log.appender.buffer.byte-limit = 33554432 (custom)
2023-03-09 15:01:53,280 [9c2c9161-baeb-4919-a38f-0ea4e5b0accf-impl-thread1] INFO  server.RaftServerConfigKeys (ConfUtils.java:logGet(46)) - raft.server.log.statemachine.data.read.timeout = 1000ms (default)
2023-03-09 15:01:53,280 [9c2c9161-baeb-4919-a38f-0ea4e5b0accf-impl-thread1] INFO  server.RaftServerConfigKeys (ConfUtils.java:logGet(46)) - raft.server.log.purge.preservation.log.num = 0 (default)
2023-03-09 15:01:53,280 [9c2c9161-baeb-4919-a38f-0ea4e5b0accf-impl-thread1] INFO  server.RaftServerConfigKeys (ConfUtils.java:logGet(46)) - raft.server.log.segment.size.max = 4194304 (custom)
2023-03-09 15:01:53,280 [9c2c9161-baeb-4919-a38f-0ea4e5b0accf-impl-thread1] INFO  server.RaftServerConfigKeys (ConfUtils.java:logGet(46)) - raft.server.log.segment.cache.num.max = 2 (custom)
2023-03-09 15:01:53,280 [9c2c9161-baeb-4919-a38f-0ea4e5b0accf-impl-thread1] INFO  server.RaftServerConfigKeys (ConfUtils.java:logGet(46)) - raft.server.log.segment.cache.size.max = 200MB (=209715200) (default)
2023-03-09 15:01:53,280 [9c2c9161-baeb-4919-a38f-0ea4e5b0accf-impl-thread1] INFO  segmented.SegmentedRaftLogWorker (SegmentedRaftLogWorker.java:<init>(189)) - new 9c2c9161-baeb-4919-a38f-0ea4e5b0accf@group-9B0F9F306B89-SegmentedRaftLogWorker for RaftStorageImpl:Storage Directory /home/runner/work/ozone/ozone/hadoop-ozone/integration-test/target/test-dir/MiniOzoneClusterImpl-c8dd39f1-89f8-47ca-b8e4-9b0f9f306b89/scmNode-1/scm-ha/c8dd39f1-89f8-47ca-b8e4-9b0f9f306b89
2023-03-09 15:01:53,280 [9c2c9161-baeb-4919-a38f-0ea4e5b0accf-impl-thread1] INFO  server.RaftServerConfigKeys (ConfUtils.java:logGet(46)) - raft.server.log.queue.byte-limit = 64MB (=67108864) (default)
2023-03-09 15:01:53,280 [9c2c9161-baeb-4919-a38f-0ea4e5b0accf-impl-thread1] INFO  server.RaftServerConfigKeys (ConfUtils.java:logGet(46)) - raft.server.log.queue.element-limit = 4096 (default)
2023-03-09 15:01:53,280 [9c2c9161-baeb-4919-a38f-0ea4e5b0accf-impl-thread1] INFO  server.RaftServerConfigKeys (ConfUtils.java:logGet(46)) - raft.server.log.segment.size.max = 4194304 (custom)
2023-03-09 15:01:53,280 [9c2c9161-baeb-4919-a38f-0ea4e5b0accf-impl-thread1] INFO  server.RaftServerConfigKeys (ConfUtils.java:logGet(46)) - raft.server.log.preallocated.size = 4194304 (custom)
2023-03-09 15:01:53,280 [9c2c9161-baeb-4919-a38f-0ea4e5b0accf-impl-thread1] INFO  server.RaftServerConfigKeys (ConfUtils.java:logGet(46)) - raft.server.log.force.sync.num = 128 (default)
2023-03-09 15:01:53,280 [9c2c9161-baeb-4919-a38f-0ea4e5b0accf-impl-thread1] INFO  server.RaftServerConfigKeys (ConfUtils.java:logGet(46)) - raft.server.log.statemachine.data.sync = true (default)
2023-03-09 15:01:53,280 [9c2c9161-baeb-4919-a38f-0ea4e5b0accf-impl-thread1] INFO  server.RaftServerConfigKeys (ConfUtils.java:logGet(46)) - raft.server.log.statemachine.data.sync.timeout = 10s (default)
2023-03-09 15:01:53,280 [9c2c9161-baeb-4919-a38f-0ea4e5b0accf-impl-thread1] INFO  server.RaftServerConfigKeys (ConfUtils.java:logGet(46)) - raft.server.log.statemachine.data.sync.timeout.retry = -1 (default)
2023-03-09 15:01:53,281 [9c2c9161-baeb-4919-a38f-0ea4e5b0accf-impl-thread1] INFO  server.RaftServerConfigKeys (ConfUtils.java:logGet(46)) - raft.server.log.write.buffer.size = 64KB (=65536) (default)
2023-03-09 15:01:53,281 [9c2c9161-baeb-4919-a38f-0ea4e5b0accf-impl-thread1] INFO  server.RaftServerConfigKeys (ConfUtils.java:logGet(46)) - raft.server.log.appender.buffer.byte-limit = 33554432 (custom)
2023-03-09 15:01:53,316 [9c2c9161-baeb-4919-a38f-0ea4e5b0accf-impl-thread1] INFO  server.RaftServerConfigKeys (ConfUtils.java:logGet(46)) - raft.server.log.unsafe-flush.enabled = false (default)
2023-03-09 15:01:53,316 [9c2c9161-baeb-4919-a38f-0ea4e5b0accf-impl-thread1] INFO  server.RaftServerConfigKeys (ConfUtils.java:logGet(46)) - raft.server.log.async-flush.enabled = false (default)
2023-03-09 15:01:53,316 [9c2c9161-baeb-4919-a38f-0ea4e5b0accf-impl-thread1] INFO  server.RaftServerConfigKeys (ConfUtils.java:logGet(46)) - raft.server.log.statemachine.data.caching.enabled = false (default)
2023-03-09 15:01:53,317 [9c2c9161-baeb-4919-a38f-0ea4e5b0accf-impl-thread1] INFO  server.RaftServer$Division (ServerState.java:setRaftConf(430)) - 9c2c9161-baeb-4919-a38f-0ea4e5b0accf@group-9B0F9F306B89: set configuration 0: peers:[9c2c9161-baeb-4919-a38f-0ea4e5b0accf|rpc:localhost:39749|admin:|client:|dataStream:|priority:0|startupRole:FOLLOWER]|listeners:[], old=null
2023-03-09 15:01:53,317 [9c2c9161-baeb-4919-a38f-0ea4e5b0accf-impl-thread1] INFO  segmented.LogSegment (LogSegment.java:loadSegment(173)) - Successfully read 1 entries from segment file /home/runner/work/ozone/ozone/hadoop-ozone/integration-test/target/test-dir/MiniOzoneClusterImpl-c8dd39f1-89f8-47ca-b8e4-9b0f9f306b89/scmNode-1/scm-ha/c8dd39f1-89f8-47ca-b8e4-9b0f9f306b89/current/log_inprogress_0
2023-03-09 15:01:53,317 [9c2c9161-baeb-4919-a38f-0ea4e5b0accf-impl-thread1] INFO  segmented.SegmentedRaftLogWorker (SegmentedRaftLogWorker.java:lambda$new$0(135)) - 9c2c9161-baeb-4919-a38f-0ea4e5b0accf@group-9B0F9F306B89-SegmentedRaftLogWorker: flushIndex: setUnconditionally 0 -> 0
2023-03-09 15:01:53,318 [9c2c9161-baeb-4919-a38f-0ea4e5b0accf-impl-thread1] INFO  segmented.SegmentedRaftLogWorker (SegmentedRaftLogWorker.java:lambda$new$0(135)) - 9c2c9161-baeb-4919-a38f-0ea4e5b0accf@group-9B0F9F306B89-SegmentedRaftLogWorker: safeCacheEvictIndex: setUnconditionally 0 -> -1
2023-03-09 15:01:53,318 [9c2c9161-baeb-4919-a38f-0ea4e5b0accf-impl-thread1] INFO  server.RaftServer$Division (RaftServerImpl.java:start(334)) - 9c2c9161-baeb-4919-a38f-0ea4e5b0accf@group-9B0F9F306B89: start as a follower, conf=0: peers:[9c2c9161-baeb-4919-a38f-0ea4e5b0accf|rpc:localhost:39749|admin:|client:|dataStream:|priority:0|startupRole:FOLLOWER]|listeners:[], old=null
2023-03-09 15:01:53,318 [9c2c9161-baeb-4919-a38f-0ea4e5b0accf-impl-thread1] INFO  server.RaftServer$Division (RaftServerImpl.java:setRole(321)) - 9c2c9161-baeb-4919-a38f-0ea4e5b0accf@group-9B0F9F306B89: changes role from      null to FOLLOWER at term 1 for startAsFollower
2023-03-09 15:01:53,318 [9c2c9161-baeb-4919-a38f-0ea4e5b0accf-impl-thread1] INFO  impl.RoleInfo (RoleInfo.java:updateAndGet(139)) - 9c2c9161-baeb-4919-a38f-0ea4e5b0accf: start 9c2c9161-baeb-4919-a38f-0ea4e5b0accf@group-9B0F9F306B89-FollowerState
2023-03-09 15:01:53,318 [9c2c9161-baeb-4919-a38f-0ea4e5b0accf-impl-thread1] INFO  util.JmxRegister (JmxRegister.java:tryRegister(44)) - Successfully registered JMX Bean with object name Ratis:service=RaftServer,group=group-9B0F9F306B89,id=9c2c9161-baeb-4919-a38f-0ea4e5b0accf
2023-03-09 15:01:53,318 [9c2c9161-baeb-4919-a38f-0ea4e5b0accf@group-9B0F9F306B89-FollowerState] INFO  server.RaftServerConfigKeys (ConfUtils.java:logFallback(53)) - raft.server.rpc.first-election.timeout.min = 5000ms (fallback to raft.server.rpc.timeout.min)
2023-03-09 15:01:53,318 [9c2c9161-baeb-4919-a38f-0ea4e5b0accf-impl-thread1] INFO  server.RaftServerConfigKeys (ConfUtils.java:logGet(46)) - raft.server.snapshot.auto.trigger.enabled = true (custom)
2023-03-09 15:01:53,318 [9c2c9161-baeb-4919-a38f-0ea4e5b0accf@group-9B0F9F306B89-FollowerState] INFO  server.RaftServerConfigKeys (ConfUtils.java:logFallback(53)) - raft.server.rpc.first-election.timeout.max = 5200ms (fallback to raft.server.rpc.timeout.max)
2023-03-09 15:01:53,319 [9c2c9161-baeb-4919-a38f-0ea4e5b0accf-impl-thread1] INFO  server.RaftServerConfigKeys (ConfUtils.java:logGet(46)) - raft.server.snapshot.auto.trigger.threshold = 1000 (custom)
2023-03-09 15:01:53,319 [9c2c9161-baeb-4919-a38f-0ea4e5b0accf-impl-thread1] INFO  server.RaftServerConfigKeys (ConfUtils.java:logGet(46)) - raft.server.snapshot.retention.file.num = -1 (default)
2023-03-09 15:01:53,319 [9c2c9161-baeb-4919-a38f-0ea4e5b0accf-impl-thread1] INFO  server.RaftServerConfigKeys (ConfUtils.java:logGet(46)) - raft.server.log.purge.upto.snapshot.index = false (default)
2023-03-09 15:01:53,319 [Listener at 0.0.0.0/40731] INFO  server.RaftServer (RaftServerProxy.java:startImpl(393)) - 9c2c9161-baeb-4919-a38f-0ea4e5b0accf: start RPC server
2023-03-09 15:01:53,321 [Listener at 0.0.0.0/40731] INFO  server.GrpcService (GrpcService.java:startImpl(262)) - 9c2c9161-baeb-4919-a38f-0ea4e5b0accf: GrpcService started, listening on 39749
2023-03-09 15:01:53,322 [Listener at 0.0.0.0/40731] INFO  ha.SCMHAManagerImpl (SCMHAManagerImpl.java:start(121)) -  scm role is FOLLOWER peers [9c2c9161-baeb-4919-a38f-0ea4e5b0accf|rpc:localhost:39749|admin:|client:|dataStream:|priority:0|startupRole:FOLLOWER]
2023-03-09 15:01:53,322 [Listener at 0.0.0.0/40731] INFO  ha.InterSCMGrpcService (InterSCMGrpcProtocolService.java:start(94)) - Starting SCM Grpc Service at port 43989
2023-03-09 15:01:53,322 [JvmPauseMonitor37] INFO  util.JvmPauseMonitor (JvmPauseMonitor.java:run(105)) - JvmPauseMonitor-9c2c9161-baeb-4919-a38f-0ea4e5b0accf: Started
2023-03-09 15:01:53,325 [Listener at 0.0.0.0/40731] WARN  impl.MetricsConfig (MetricsConfig.java:loadFirst(136)) - Cannot locate configuration: tried hadoop-metrics2-storagecontainermanager.properties,hadoop-metrics2.properties
2023-03-09 15:01:53,326 [Listener at 0.0.0.0/40731] INFO  impl.MetricsSystemImpl (MetricsSystemImpl.java:startTimer(378)) - Scheduled Metric snapshot period at 10 second(s).
2023-03-09 15:01:53,326 [Listener at 0.0.0.0/40731] INFO  impl.MetricsSystemImpl (MetricsSystemImpl.java:start(191)) - StorageContainerManager metrics system started
2023-03-09 15:01:53,335 [Listener at 0.0.0.0/40731] INFO  impl.MetricsSinkAdapter (MetricsSinkAdapter.java:start(204)) - Sink prometheus started
2023-03-09 15:01:53,336 [Listener at 0.0.0.0/40731] INFO  impl.MetricsSystemImpl (MetricsSystemImpl.java:registerSink(305)) - Registered sink prometheus
2023-03-09 15:01:53,349 [Listener at 0.0.0.0/40731] INFO  server.SCMClientProtocolServer (SCMClientProtocolServer.java:start(194)) - RPC server for Client  is listening at /0.0.0.0:40731
2023-03-09 15:01:53,350 [IPC Server Responder] INFO  ipc.Server (Server.java:run(1512)) - IPC Server Responder: starting
2023-03-09 15:01:53,366 [Listener at 0.0.0.0/40731] INFO  server.StorageContainerManager (StorageContainerManager.java:start(1451)) - ScmBlockLocationProtocol RPC server is listening at /0.0.0.0:33477
2023-03-09 15:01:53,366 [Listener at 0.0.0.0/40731] INFO  server.SCMBlockProtocolServer (SCMBlockProtocolServer.java:start(152)) - RPC server for Block Protocol is listening at /0.0.0.0:33477
2023-03-09 15:01:53,366 [IPC Server listener on 40731] INFO  ipc.Server (Server.java:run(1352)) - IPC Server listener on 40731: starting
2023-03-09 15:01:53,367 [IPC Server Responder] INFO  ipc.Server (Server.java:run(1512)) - IPC Server Responder: starting
2023-03-09 15:01:53,371 [IPC Server listener on 33477] INFO  ipc.Server (Server.java:run(1352)) - IPC Server listener on 33477: starting
2023-03-09 15:01:53,389 [Listener at 0.0.0.0/40731] INFO  http.BaseHttpServer (BaseHttpServer.java:newHttpServer2BuilderForOzone(224)) - Starting Web-server for scm at: http://0.0.0.0:43655
2023-03-09 15:01:53,389 [Listener at 0.0.0.0/40731] INFO  http.BaseHttpServer (BaseHttpServer.java:<init>(111)) - Hadoop Security Enabled: false Ozone Security Enabled: false Ozone HTTP Security Enabled: false 
2023-03-09 15:01:53,390 [Listener at 0.0.0.0/40731] WARN  server.AuthenticationFilter (AuthenticationFilter.java:constructSecretProvider(240)) - Unable to initialize FileSignerSecretProvider, falling back to use random secrets. Reason: Could not read signature secret file: /home/runner/hadoop-http-auth-signature-secret
2023-03-09 15:01:53,391 [org.apache.hadoop.util.JvmPauseMonitor$Monitor@1303b5d5] INFO  util.JvmPauseMonitor (JvmPauseMonitor.java:run(188)) - Starting JVM pause monitor
2023-03-09 15:01:53,393 [Listener at 0.0.0.0/40731] WARN  http.HttpRequestLog (HttpRequestLog.java:getRequestLog(103)) - Jetty request log can only be enabled using Log4j
2023-03-09 15:01:53,394 [Listener at 0.0.0.0/40731] INFO  http.HttpServer2 (HttpServer2.java:addGlobalFilter(1031)) - Added global filter 'safety' (class=org.apache.hadoop.hdds.server.http.HttpServer2$QuotingInputFilter)
2023-03-09 15:01:53,397 [Listener at 0.0.0.0/40731] INFO  http.HttpServer2 (HttpServer2.java:addFilter(1007)) - Added filter static_user_filter (class=org.apache.hadoop.http.lib.StaticUserWebFilter$StaticUserFilter) to context scm
2023-03-09 15:01:53,397 [Listener at 0.0.0.0/40731] INFO  http.HttpServer2 (HttpServer2.java:addFilter(1015)) - Added filter static_user_filter (class=org.apache.hadoop.http.lib.StaticUserWebFilter$StaticUserFilter) to context static
2023-03-09 15:01:53,397 [Listener at 0.0.0.0/40731] INFO  http.HttpServer2 (HttpServer2.java:addFilter(1015)) - Added filter static_user_filter (class=org.apache.hadoop.http.lib.StaticUserWebFilter$StaticUserFilter) to context logs
2023-03-09 15:01:53,400 [Listener at 0.0.0.0/40731] INFO  http.BaseHttpServer (BaseHttpServer.java:<init>(190)) - HTTP server of scm uses base directory /home/runner/work/ozone/ozone/hadoop-ozone/integration-test/target/test-dir/MiniOzoneClusterImpl-c8dd39f1-89f8-47ca-b8e4-9b0f9f306b89/scmNode-1/webserver
2023-03-09 15:01:53,401 [Listener at 0.0.0.0/40731] INFO  http.HttpServer2 (HttpServer2.java:bindListener(1250)) - Jetty bound to port 43655
2023-03-09 15:01:53,401 [Listener at 0.0.0.0/40731] INFO  server.Server (Server.java:doStart(375)) - jetty-9.4.49.v20220914; built: 2022-09-14T01:07:36.601Z; git: 4231a3b2e4cb8548a412a789936d640a97b1aa0a; jvm 1.8.0_362-b09
2023-03-09 15:01:53,406 [Listener at 0.0.0.0/40731] INFO  server.session (DefaultSessionIdManager.java:doStart(334)) - DefaultSessionIdManager workerName=node0
2023-03-09 15:01:53,406 [Listener at 0.0.0.0/40731] INFO  server.session (DefaultSessionIdManager.java:doStart(339)) - No SessionScavenger set, using defaults
2023-03-09 15:01:53,407 [Listener at 0.0.0.0/40731] INFO  server.session (HouseKeeper.java:startScavenging(132)) - node0 Scavenging every 600000ms
2023-03-09 15:01:53,410 [Listener at 0.0.0.0/40731] INFO  handler.ContextHandler (ContextHandler.java:doStart(921)) - Started o.e.j.s.ServletContextHandler@816cef8{logs,/logs,file:///home/runner/work/ozone/ozone/hadoop-ozone/integration-test/target/log,AVAILABLE}
2023-03-09 15:01:53,410 [Listener at 0.0.0.0/40731] INFO  handler.ContextHandler (ContextHandler.java:doStart(921)) - Started o.e.j.s.ServletContextHandler@27276853{static,/static,file:///home/runner/work/ozone/ozone/hadoop-ozone/integration-test/target/test-classes/webapps/static,AVAILABLE}
2023-03-09 15:01:53,419 [Listener at 0.0.0.0/40731] INFO  handler.ContextHandler (ContextHandler.java:doStart(921)) - Started o.e.j.w.WebAppContext@3a55699d{scm,/,file:///home/runner/work/ozone/ozone/hadoop-ozone/integration-test/target/test-classes/webapps/scm/,AVAILABLE}{file:/home/runner/work/ozone/ozone/hadoop-ozone/integration-test/target/test-classes/webapps/scm}
2023-03-09 15:01:53,422 [Listener at 0.0.0.0/40731] INFO  server.AbstractConnector (AbstractConnector.java:doStart(333)) - Started ServerConnector@2de6e422{HTTP/1.1, (http/1.1)}{0.0.0.0:43655}
2023-03-09 15:01:53,423 [Listener at 0.0.0.0/40731] INFO  server.Server (Server.java:doStart(415)) - Started @244076ms
2023-03-09 15:01:53,423 [Listener at 0.0.0.0/40731] WARN  impl.MetricsSystemImpl (MetricsSystemImpl.java:register(279)) - Sink prometheus already exists!
2023-03-09 15:01:53,425 [Listener at 0.0.0.0/40731] INFO  http.BaseHttpServer (BaseHttpServer.java:updateConnectorAddress(344)) - HTTP server of scm listening at http://0.0.0.0:43655
2023-03-09 15:01:53,425 [Listener at 0.0.0.0/40731] INFO  ozone.MiniOzoneHAClusterImpl (MiniOzoneHAClusterImpl.java:createSCMService(606)) - Started SCM RPC server at /0.0.0.0:40731
2023-03-09 15:01:53,427 [Listener at 0.0.0.0/40731] INFO  ha.OMHANodeDetails (OMHANodeDetails.java:loadOMHAConfig(121)) - ServiceID for OzoneManager is om-add-remove
2023-03-09 15:01:53,427 [Listener at 0.0.0.0/40731] INFO  ha.OMHANodeDetails (OMHANodeDetails.java:loadOMHAConfig(201)) - Found matching OM address with OMServiceId: om-add-remove, OMNodeId: omNode-1, RPC Address: localhost:39953 and Ratis port: 43577
2023-03-09 15:01:53,427 [Listener at 0.0.0.0/40731] INFO  ha.OMHANodeDetails (ConfUtils.java:setNodeSpecificConfigs(97)) - Setting configuration key ozone.om.http-address with value of key ozone.om.http-address.om-add-remove.omNode-1: 127.0.0.1:36461
2023-03-09 15:01:53,427 [Listener at 0.0.0.0/40731] INFO  ha.OMHANodeDetails (ConfUtils.java:setNodeSpecificConfigs(97)) - Setting configuration key ozone.om.https-address with value of key ozone.om.https-address.om-add-remove.omNode-1: 127.0.0.1:45861
2023-03-09 15:01:53,427 [Listener at 0.0.0.0/40731] INFO  ha.OMHANodeDetails (ConfUtils.java:setNodeSpecificConfigs(97)) - Setting configuration key ozone.om.address with value of key ozone.om.address.om-add-remove.omNode-1: 127.0.0.1:39953
2023-03-09 15:01:53,429 [Listener at 0.0.0.0/40731] WARN  server.ServerUtils (ServerUtils.java:getDBPath(225)) - ozone.om.db.dirs is not configured. We recommend adding this setting. Falling back to ozone.metadata.dirs instead.
2023-03-09 15:01:53,431 [Listener at 0.0.0.0/40731] INFO  ha.SCMNodeInfo (SCMNodeInfo.java:getPort(197)) - ConfigKey ozone.scm.client.address is deprecated, For configuring different ports for each SCM use PortConfigKey ozone.scm.client.port appended with serviceId and nodeId
2023-03-09 15:01:53,431 [Listener at 0.0.0.0/40731] INFO  ha.SCMNodeInfo (SCMNodeInfo.java:getPort(197)) - ConfigKey ozone.scm.block.client.address is deprecated, For configuring different ports for each SCM use PortConfigKey ozone.scm.block.client.port appended with serviceId and nodeId
2023-03-09 15:01:53,431 [Listener at 0.0.0.0/40731] INFO  ha.SCMNodeInfo (SCMNodeInfo.java:getPort(197)) - ConfigKey ozone.scm.datanode.address is deprecated, For configuring different ports for each SCM use PortConfigKey ozone.scm.datanode.port appended with serviceId and nodeId
2023-03-09 15:01:53,432 [Listener at 0.0.0.0/40731] INFO  proxy.SCMBlockLocationFailoverProxyProvider (SCMBlockLocationFailoverProxyProvider.java:<init>(114)) - Created block location fail-over proxy with 1 nodes: [nodeId=scmNode-1,nodeAddress=/127.0.0.1:33477]
2023-03-09 15:01:53,869 [EndpointStateMachine task thread for /127.0.0.1:36681 - 0 ] INFO  ipc.Client (Client.java:handleConnectionFailure(1010)) - Retrying connect to server: localhost/127.0.0.1:36681. Already tried 8 time(s); retry policy is RetryUpToMaximumCountWithFixedSleep(maxRetries=15, sleepTime=1000 MILLISECONDS)
2023-03-09 15:01:54,026 [EndpointStateMachine task thread for /127.0.0.1:35467 - 0 ] INFO  ipc.Client (Client.java:handleConnectionFailure(1010)) - Retrying connect to server: localhost/127.0.0.1:35467. Already tried 14 time(s); retry policy is RetryUpToMaximumCountWithFixedSleep(maxRetries=15, sleepTime=1000 MILLISECONDS)
2023-03-09 15:01:54,027 [EndpointStateMachine task thread for /127.0.0.1:35467 - 0 ] WARN  statemachine.EndpointStateMachine (EndpointStateMachine.java:logIfNeeded(242)) - Unable to communicate to SCM server at localhost:35467 for past 0 seconds.
java.net.ConnectException: Call From fv-az377-502/10.1.0.44 to localhost:35467 failed on connection exception: java.net.ConnectException: Connection refused; For more details see:  http://wiki.apache.org/hadoop/ConnectionRefused
	at sun.reflect.GeneratedConstructorAccessor79.newInstance(Unknown Source)
	at sun.reflect.DelegatingConstructorAccessorImpl.newInstance(DelegatingConstructorAccessorImpl.java:45)
	at java.lang.reflect.Constructor.newInstance(Constructor.java:423)
	at org.apache.hadoop.net.NetUtils.wrapWithMessage(NetUtils.java:913)
	at org.apache.hadoop.net.NetUtils.wrapException(NetUtils.java:828)
	at org.apache.hadoop.ipc.Client.getRpcResponse(Client.java:1616)
	at org.apache.hadoop.ipc.Client.call(Client.java:1558)
	at org.apache.hadoop.ipc.Client.call(Client.java:1455)
	at org.apache.hadoop.ipc.ProtobufRpcEngine$Invoker.invoke(ProtobufRpcEngine.java:235)
	at org.apache.hadoop.ipc.ProtobufRpcEngine$Invoker.invoke(ProtobufRpcEngine.java:122)
	at com.sun.proxy.$Proxy54.submitRequest(Unknown Source)
	at org.apache.hadoop.ozone.protocolPB.StorageContainerDatanodeProtocolClientSideTranslatorPB.submitRequest(StorageContainerDatanodeProtocolClientSideTranslatorPB.java:117)
	at org.apache.hadoop.ozone.protocolPB.StorageContainerDatanodeProtocolClientSideTranslatorPB.sendHeartbeat(StorageContainerDatanodeProtocolClientSideTranslatorPB.java:149)
	at org.apache.hadoop.ozone.container.common.states.endpoint.HeartbeatEndpointTask.call(HeartbeatEndpointTask.java:185)
	at org.apache.hadoop.ozone.container.common.states.endpoint.HeartbeatEndpointTask.call(HeartbeatEndpointTask.java:87)
	at java.util.concurrent.FutureTask.run(FutureTask.java:266)
	at java.util.concurrent.ThreadPoolExecutor.runWorker(ThreadPoolExecutor.java:1149)
	at java.util.concurrent.ThreadPoolExecutor$Worker.run(ThreadPoolExecutor.java:624)
	at java.lang.Thread.run(Thread.java:750)
Caused by: java.net.ConnectException: Connection refused
	at sun.nio.ch.SocketChannelImpl.checkConnect(Native Method)
	at sun.nio.ch.SocketChannelImpl.finishConnect(SocketChannelImpl.java:716)
	at org.apache.hadoop.net.SocketIOWithTimeout.connect(SocketIOWithTimeout.java:205)
	at org.apache.hadoop.net.NetUtils.connect(NetUtils.java:586)
	at org.apache.hadoop.ipc.Client$Connection.setupConnection(Client.java:711)
	at org.apache.hadoop.ipc.Client$Connection.setupIOstreams(Client.java:833)
	at org.apache.hadoop.ipc.Client$Connection.access$3800(Client.java:414)
	at org.apache.hadoop.ipc.Client.getConnection(Client.java:1677)
	at org.apache.hadoop.ipc.Client.call(Client.java:1502)
	... 12 more
2023-03-09 15:01:54,870 [EndpointStateMachine task thread for /127.0.0.1:36681 - 0 ] INFO  ipc.Client (Client.java:handleConnectionFailure(1010)) - Retrying connect to server: localhost/127.0.0.1:36681. Already tried 9 time(s); retry policy is RetryUpToMaximumCountWithFixedSleep(maxRetries=15, sleepTime=1000 MILLISECONDS)
2023-03-09 15:01:55,027 [EndpointStateMachine task thread for /127.0.0.1:35467 - 0 ] INFO  ipc.Client (Client.java:handleConnectionFailure(1010)) - Retrying connect to server: localhost/127.0.0.1:35467. Already tried 0 time(s); retry policy is RetryUpToMaximumCountWithFixedSleep(maxRetries=15, sleepTime=1000 MILLISECONDS)
2023-03-09 15:01:55,450 [Listener at 0.0.0.0/40731] INFO  retry.RetryInvocationHandler (RetryInvocationHandler.java:log(411)) - com.google.protobuf.ServiceException: org.apache.hadoop.ipc.RemoteException(org.apache.hadoop.hdds.ratis.ServerNotLeaderException): Server:9c2c9161-baeb-4919-a38f-0ea4e5b0accf is not the leader. Could not determine the leader node.
	at org.apache.hadoop.hdds.ratis.ServerNotLeaderException.convertToNotLeaderException(ServerNotLeaderException.java:109)
	at org.apache.hadoop.hdds.scm.ha.RatisUtil.checkRatisException(RatisUtil.java:246)
	at org.apache.hadoop.hdds.scm.protocol.ScmBlockLocationProtocolServerSideTranslatorPB.send(ScmBlockLocationProtocolServerSideTranslatorPB.java:109)
	at org.apache.hadoop.hdds.protocol.proto.ScmBlockLocationProtocolProtos$ScmBlockLocationProtocolService$2.callBlockingMethod(ScmBlockLocationProtocolProtos.java:14220)
	at org.apache.hadoop.ipc.ProtobufRpcEngine$Server.processCall(ProtobufRpcEngine.java:465)
	at org.apache.hadoop.ipc.ProtobufRpcEngine2$Server$ProtoBufRpcInvoker.call(ProtobufRpcEngine2.java:578)
	at org.apache.hadoop.ipc.ProtobufRpcEngine2$Server$ProtoBufRpcInvoker.call(ProtobufRpcEngine2.java:556)
	at org.apache.hadoop.ipc.RPC$Server.call(RPC.java:1093)
	at org.apache.hadoop.ipc.Server$RpcCall.run(Server.java:1043)
	at org.apache.hadoop.ipc.Server$RpcCall.run(Server.java:971)
	at java.security.AccessController.doPrivileged(Native Method)
	at javax.security.auth.Subject.doAs(Subject.java:422)
	at org.apache.hadoop.security.UserGroupInformation.doAs(UserGroupInformation.java:1878)
	at org.apache.hadoop.ipc.Server$Handler.run(Server.java:2976)
, while invoking $Proxy46.send over nodeId=scmNode-1,nodeAddress=/127.0.0.1:33477 after 1 failover attempts. Trying to failover after sleeping for 2000ms.
2023-03-09 15:01:55,871 [EndpointStateMachine task thread for /127.0.0.1:36681 - 0 ] INFO  ipc.Client (Client.java:handleConnectionFailure(1010)) - Retrying connect to server: localhost/127.0.0.1:36681. Already tried 10 time(s); retry policy is RetryUpToMaximumCountWithFixedSleep(maxRetries=15, sleepTime=1000 MILLISECONDS)
2023-03-09 15:01:56,028 [EndpointStateMachine task thread for /127.0.0.1:35467 - 0 ] INFO  ipc.Client (Client.java:handleConnectionFailure(1010)) - Retrying connect to server: localhost/127.0.0.1:35467. Already tried 1 time(s); retry policy is RetryUpToMaximumCountWithFixedSleep(maxRetries=15, sleepTime=1000 MILLISECONDS)
2023-03-09 15:01:56,872 [EndpointStateMachine task thread for /127.0.0.1:36681 - 0 ] INFO  ipc.Client (Client.java:handleConnectionFailure(1010)) - Retrying connect to server: localhost/127.0.0.1:36681. Already tried 11 time(s); retry policy is RetryUpToMaximumCountWithFixedSleep(maxRetries=15, sleepTime=1000 MILLISECONDS)
2023-03-09 15:01:57,029 [EndpointStateMachine task thread for /127.0.0.1:35467 - 0 ] INFO  ipc.Client (Client.java:handleConnectionFailure(1010)) - Retrying connect to server: localhost/127.0.0.1:35467. Already tried 2 time(s); retry policy is RetryUpToMaximumCountWithFixedSleep(maxRetries=15, sleepTime=1000 MILLISECONDS)
2023-03-09 15:01:57,454 [Listener at 0.0.0.0/40731] INFO  retry.RetryInvocationHandler (RetryInvocationHandler.java:log(411)) - com.google.protobuf.ServiceException: org.apache.hadoop.ipc.RemoteException(org.apache.hadoop.hdds.ratis.ServerNotLeaderException): Server:9c2c9161-baeb-4919-a38f-0ea4e5b0accf is not the leader. Could not determine the leader node.
	at org.apache.hadoop.hdds.ratis.ServerNotLeaderException.convertToNotLeaderException(ServerNotLeaderException.java:109)
	at org.apache.hadoop.hdds.scm.ha.RatisUtil.checkRatisException(RatisUtil.java:246)
	at org.apache.hadoop.hdds.scm.protocol.ScmBlockLocationProtocolServerSideTranslatorPB.send(ScmBlockLocationProtocolServerSideTranslatorPB.java:109)
	at org.apache.hadoop.hdds.protocol.proto.ScmBlockLocationProtocolProtos$ScmBlockLocationProtocolService$2.callBlockingMethod(ScmBlockLocationProtocolProtos.java:14220)
	at org.apache.hadoop.ipc.ProtobufRpcEngine$Server.processCall(ProtobufRpcEngine.java:465)
	at org.apache.hadoop.ipc.ProtobufRpcEngine2$Server$ProtoBufRpcInvoker.call(ProtobufRpcEngine2.java:578)
	at org.apache.hadoop.ipc.ProtobufRpcEngine2$Server$ProtoBufRpcInvoker.call(ProtobufRpcEngine2.java:556)
	at org.apache.hadoop.ipc.RPC$Server.call(RPC.java:1093)
	at org.apache.hadoop.ipc.Server$RpcCall.run(Server.java:1043)
	at org.apache.hadoop.ipc.Server$RpcCall.run(Server.java:971)
	at java.security.AccessController.doPrivileged(Native Method)
	at javax.security.auth.Subject.doAs(Subject.java:422)
	at org.apache.hadoop.security.UserGroupInformation.doAs(UserGroupInformation.java:1878)
	at org.apache.hadoop.ipc.Server$Handler.run(Server.java:2976)
, while invoking $Proxy46.send over nodeId=scmNode-1,nodeAddress=/127.0.0.1:33477 after 2 failover attempts. Trying to failover after sleeping for 2000ms.
2023-03-09 15:01:57,873 [EndpointStateMachine task thread for /127.0.0.1:36681 - 0 ] INFO  ipc.Client (Client.java:handleConnectionFailure(1010)) - Retrying connect to server: localhost/127.0.0.1:36681. Already tried 12 time(s); retry policy is RetryUpToMaximumCountWithFixedSleep(maxRetries=15, sleepTime=1000 MILLISECONDS)
2023-03-09 15:01:58,030 [EndpointStateMachine task thread for /127.0.0.1:35467 - 0 ] INFO  ipc.Client (Client.java:handleConnectionFailure(1010)) - Retrying connect to server: localhost/127.0.0.1:35467. Already tried 3 time(s); retry policy is RetryUpToMaximumCountWithFixedSleep(maxRetries=15, sleepTime=1000 MILLISECONDS)
2023-03-09 15:01:58,388 [9c2c9161-baeb-4919-a38f-0ea4e5b0accf@group-9B0F9F306B89-FollowerState] INFO  impl.FollowerState (FollowerState.java:run(143)) - 9c2c9161-baeb-4919-a38f-0ea4e5b0accf@group-9B0F9F306B89-FollowerState: change to CANDIDATE, lastRpcElapsedTime:5069643282ns, electionTimeout:5069ms
2023-03-09 15:01:58,388 [9c2c9161-baeb-4919-a38f-0ea4e5b0accf@group-9B0F9F306B89-FollowerState] INFO  impl.RoleInfo (RoleInfo.java:shutdownFollowerState(110)) - 9c2c9161-baeb-4919-a38f-0ea4e5b0accf: shutdown 9c2c9161-baeb-4919-a38f-0ea4e5b0accf@group-9B0F9F306B89-FollowerState
2023-03-09 15:01:58,388 [9c2c9161-baeb-4919-a38f-0ea4e5b0accf@group-9B0F9F306B89-FollowerState] INFO  server.RaftServer$Division (RaftServerImpl.java:setRole(321)) - 9c2c9161-baeb-4919-a38f-0ea4e5b0accf@group-9B0F9F306B89: changes role from  FOLLOWER to CANDIDATE at term 1 for changeToCandidate
2023-03-09 15:01:58,388 [9c2c9161-baeb-4919-a38f-0ea4e5b0accf@group-9B0F9F306B89-FollowerState] INFO  server.RaftServerConfigKeys (ConfUtils.java:logGet(46)) - raft.server.leaderelection.pre-vote = true (default)
2023-03-09 15:01:58,388 [9c2c9161-baeb-4919-a38f-0ea4e5b0accf@group-9B0F9F306B89-FollowerState] INFO  impl.RoleInfo (RoleInfo.java:updateAndGet(139)) - 9c2c9161-baeb-4919-a38f-0ea4e5b0accf: start 9c2c9161-baeb-4919-a38f-0ea4e5b0accf@group-9B0F9F306B89-LeaderElection53
2023-03-09 15:01:58,391 [9c2c9161-baeb-4919-a38f-0ea4e5b0accf@group-9B0F9F306B89-LeaderElection53] INFO  impl.LeaderElection (LeaderElection.java:askForVotes(312)) - 9c2c9161-baeb-4919-a38f-0ea4e5b0accf@group-9B0F9F306B89-LeaderElection53 PRE_VOTE round 0: submit vote requests at term 1 for 0: peers:[9c2c9161-baeb-4919-a38f-0ea4e5b0accf|rpc:localhost:39749|admin:|client:|dataStream:|priority:0|startupRole:FOLLOWER]|listeners:[], old=null
2023-03-09 15:01:58,391 [9c2c9161-baeb-4919-a38f-0ea4e5b0accf@group-9B0F9F306B89-LeaderElection53] INFO  impl.LeaderElection (LeaderElection.java:askForVotes(314)) - 9c2c9161-baeb-4919-a38f-0ea4e5b0accf@group-9B0F9F306B89-LeaderElection53 PRE_VOTE round 0: result PASSED (term=1)
2023-03-09 15:01:58,393 [9c2c9161-baeb-4919-a38f-0ea4e5b0accf@group-9B0F9F306B89-LeaderElection53] INFO  impl.LeaderElection (LeaderElection.java:askForVotes(312)) - 9c2c9161-baeb-4919-a38f-0ea4e5b0accf@group-9B0F9F306B89-LeaderElection53 ELECTION round 0: submit vote requests at term 2 for 0: peers:[9c2c9161-baeb-4919-a38f-0ea4e5b0accf|rpc:localhost:39749|admin:|client:|dataStream:|priority:0|startupRole:FOLLOWER]|listeners:[], old=null
2023-03-09 15:01:58,393 [9c2c9161-baeb-4919-a38f-0ea4e5b0accf@group-9B0F9F306B89-LeaderElection53] INFO  impl.LeaderElection (LeaderElection.java:askForVotes(314)) - 9c2c9161-baeb-4919-a38f-0ea4e5b0accf@group-9B0F9F306B89-LeaderElection53 ELECTION round 0: result PASSED (term=2)
2023-03-09 15:01:58,393 [9c2c9161-baeb-4919-a38f-0ea4e5b0accf@group-9B0F9F306B89-LeaderElection53] INFO  impl.RoleInfo (RoleInfo.java:shutdownLeaderElection(130)) - 9c2c9161-baeb-4919-a38f-0ea4e5b0accf: shutdown 9c2c9161-baeb-4919-a38f-0ea4e5b0accf@group-9B0F9F306B89-LeaderElection53
2023-03-09 15:01:58,393 [9c2c9161-baeb-4919-a38f-0ea4e5b0accf@group-9B0F9F306B89-LeaderElection53] INFO  server.RaftServer$Division (RaftServerImpl.java:setRole(321)) - 9c2c9161-baeb-4919-a38f-0ea4e5b0accf@group-9B0F9F306B89: changes role from CANDIDATE to LEADER at term 2 for changeToLeader
2023-03-09 15:01:58,393 [9c2c9161-baeb-4919-a38f-0ea4e5b0accf@group-9B0F9F306B89-LeaderElection53] INFO  ha.SCMStateMachine (SCMStateMachine.java:notifyLeaderChanged(274)) - current SCM becomes leader of term 2.
2023-03-09 15:01:58,393 [9c2c9161-baeb-4919-a38f-0ea4e5b0accf@group-9B0F9F306B89-LeaderElection53] INFO  ha.SCMContext (SCMContext.java:updateLeaderAndTerm(99)) - update <isLeader,term> from <false,0> to <true,2>
2023-03-09 15:01:58,394 [9c2c9161-baeb-4919-a38f-0ea4e5b0accf@group-9B0F9F306B89-LeaderElection53] INFO  server.RaftServer$Division (ServerState.java:setLeader(313)) - 9c2c9161-baeb-4919-a38f-0ea4e5b0accf@group-9B0F9F306B89: change Leader from null to 9c2c9161-baeb-4919-a38f-0ea4e5b0accf at term 2 for becomeLeader, leader elected after 5202ms
2023-03-09 15:01:58,394 [9c2c9161-baeb-4919-a38f-0ea4e5b0accf@group-9B0F9F306B89-LeaderElection53] INFO  server.RaftServerConfigKeys (ConfUtils.java:logGet(46)) - raft.server.staging.catchup.gap = 1000 (default)
2023-03-09 15:01:58,394 [9c2c9161-baeb-4919-a38f-0ea4e5b0accf@group-9B0F9F306B89-LeaderElection53] INFO  server.RaftServerConfigKeys (ConfUtils.java:logGet(46)) - raft.server.write.element-limit = 4096 (default)
2023-03-09 15:01:58,394 [9c2c9161-baeb-4919-a38f-0ea4e5b0accf@group-9B0F9F306B89-LeaderElection53] INFO  server.RaftServerConfigKeys (ConfUtils.java:logGet(46)) - raft.server.write.byte-limit = 64MB (=67108864) (default)
2023-03-09 15:01:58,394 [9c2c9161-baeb-4919-a38f-0ea4e5b0accf@group-9B0F9F306B89-LeaderElection53] INFO  server.RaftServerConfigKeys (ConfUtils.java:logGet(46)) - raft.server.watch.timeout = 10s (default)
2023-03-09 15:01:58,394 [9c2c9161-baeb-4919-a38f-0ea4e5b0accf@group-9B0F9F306B89-LeaderElection53] INFO  server.RaftServerConfigKeys (ConfUtils.java:logGet(46)) - raft.server.watch.timeout.denomination = 1s (default)
2023-03-09 15:01:58,394 [9c2c9161-baeb-4919-a38f-0ea4e5b0accf@group-9B0F9F306B89-LeaderElection53] INFO  server.RaftServerConfigKeys (ConfUtils.java:logGet(46)) - raft.server.watch.element-limit = 65536 (default)
2023-03-09 15:01:58,394 [9c2c9161-baeb-4919-a38f-0ea4e5b0accf@group-9B0F9F306B89-LeaderElection53] INFO  server.RaftServerConfigKeys (ConfUtils.java:logGet(46)) - raft.server.write.element-limit = 4096 (default)
2023-03-09 15:01:58,394 [9c2c9161-baeb-4919-a38f-0ea4e5b0accf@group-9B0F9F306B89-LeaderElection53] INFO  server.RaftServerConfigKeys (ConfUtils.java:logGet(46)) - raft.server.write.follower.gap.ratio.max = -1.0 (default)
2023-03-09 15:01:58,395 [9c2c9161-baeb-4919-a38f-0ea4e5b0accf@group-9B0F9F306B89-LeaderElection53] INFO  impl.RoleInfo (RoleInfo.java:updateAndGet(139)) - 9c2c9161-baeb-4919-a38f-0ea4e5b0accf: start 9c2c9161-baeb-4919-a38f-0ea4e5b0accf@group-9B0F9F306B89-LeaderStateImpl
2023-03-09 15:01:58,395 [9c2c9161-baeb-4919-a38f-0ea4e5b0accf@group-9B0F9F306B89-LeaderElection53] INFO  segmented.SegmentedRaftLogWorker (SegmentedRaftLogWorker.java:rollLogSegment(457)) - 9c2c9161-baeb-4919-a38f-0ea4e5b0accf@group-9B0F9F306B89-SegmentedRaftLogWorker: Rolling segment log-0_0 to index:0
2023-03-09 15:01:58,396 [9c2c9161-baeb-4919-a38f-0ea4e5b0accf@group-9B0F9F306B89-LeaderElection53] INFO  server.RaftServer$Division (ServerState.java:setRaftConf(430)) - 9c2c9161-baeb-4919-a38f-0ea4e5b0accf@group-9B0F9F306B89: set configuration 1: peers:[9c2c9161-baeb-4919-a38f-0ea4e5b0accf|rpc:localhost:39749|admin:|client:|dataStream:|priority:0|startupRole:FOLLOWER]|listeners:[], old=null
2023-03-09 15:01:58,396 [9c2c9161-baeb-4919-a38f-0ea4e5b0accf@group-9B0F9F306B89-SegmentedRaftLogWorker] INFO  segmented.SegmentedRaftLogWorker (SegmentedRaftLogWorker.java:execute(613)) - 9c2c9161-baeb-4919-a38f-0ea4e5b0accf@group-9B0F9F306B89-SegmentedRaftLogWorker: Rolled log segment from /home/runner/work/ozone/ozone/hadoop-ozone/integration-test/target/test-dir/MiniOzoneClusterImpl-c8dd39f1-89f8-47ca-b8e4-9b0f9f306b89/scmNode-1/scm-ha/c8dd39f1-89f8-47ca-b8e4-9b0f9f306b89/current/log_inprogress_0 to /home/runner/work/ozone/ozone/hadoop-ozone/integration-test/target/test-dir/MiniOzoneClusterImpl-c8dd39f1-89f8-47ca-b8e4-9b0f9f306b89/scmNode-1/scm-ha/c8dd39f1-89f8-47ca-b8e4-9b0f9f306b89/current/log_0-0
2023-03-09 15:01:58,407 [9c2c9161-baeb-4919-a38f-0ea4e5b0accf@group-9B0F9F306B89-SegmentedRaftLogWorker] INFO  segmented.SegmentedRaftLogWorker (SegmentedRaftLogWorker.java:execute(656)) - 9c2c9161-baeb-4919-a38f-0ea4e5b0accf@group-9B0F9F306B89-SegmentedRaftLogWorker: created new log segment /home/runner/work/ozone/ozone/hadoop-ozone/integration-test/target/test-dir/MiniOzoneClusterImpl-c8dd39f1-89f8-47ca-b8e4-9b0f9f306b89/scmNode-1/scm-ha/c8dd39f1-89f8-47ca-b8e4-9b0f9f306b89/current/log_inprogress_1
2023-03-09 15:01:58,408 [9c2c9161-baeb-4919-a38f-0ea4e5b0accf@group-9B0F9F306B89-StateMachineUpdater] INFO  ha.SCMContext (SCMContext.java:setLeaderReady(126)) - update <isLeaderReady> from <false> to <true>
2023-03-09 15:01:58,409 [9c2c9161-baeb-4919-a38f-0ea4e5b0accf@group-9B0F9F306B89-StateMachineUpdater] INFO  pipeline.BackgroundPipelineCreator (BackgroundPipelineCreator.java:notifyStatusChanged(254)) - Service BackgroundPipelineCreator transitions to RUNNING.
2023-03-09 15:01:58,410 [9c2c9161-baeb-4919-a38f-0ea4e5b0accf@group-9B0F9F306B89-StateMachineUpdater] INFO  safemode.HealthyPipelineSafeModeRule (HealthyPipelineSafeModeRule.java:initializeRule(165)) - Refreshed total pipeline count is 0, healthy pipeline threshold count is 1
2023-03-09 15:01:58,410 [9c2c9161-baeb-4919-a38f-0ea4e5b0accf@group-9B0F9F306B89-StateMachineUpdater] INFO  safemode.ContainerSafeModeRule (ContainerSafeModeRule.java:reInitializeRule(177)) - Refreshed one replica container threshold 0, currentThreshold 0
2023-03-09 15:01:58,410 [9c2c9161-baeb-4919-a38f-0ea4e5b0accf@group-9B0F9F306B89-StateMachineUpdater] INFO  safemode.OneReplicaPipelineSafeModeRule (OneReplicaPipelineSafeModeRule.java:initializeRule(176)) - Refreshed Total pipeline count is 0, pipeline's with at least one datanode reported threshold count is 0
2023-03-09 15:01:58,410 [9c2c9161-baeb-4919-a38f-0ea4e5b0accf@group-9B0F9F306B89-StateMachineUpdater] INFO  server.SCMDatanodeProtocolServer (SCMDatanodeProtocolServer.java:start(193)) - ScmDatanodeProtocol RPC server for DataNodes is listening at /0.0.0.0:33275
2023-03-09 15:01:58,414 [IPC Server Responder] INFO  ipc.Server (Server.java:run(1512)) - IPC Server Responder: starting
2023-03-09 15:01:58,415 [IPC Server listener on 33275] INFO  ipc.Server (Server.java:run(1352)) - IPC Server listener on 33275: starting
2023-03-09 15:01:58,874 [EndpointStateMachine task thread for /127.0.0.1:36681 - 0 ] INFO  ipc.Client (Client.java:handleConnectionFailure(1010)) - Retrying connect to server: localhost/127.0.0.1:36681. Already tried 13 time(s); retry policy is RetryUpToMaximumCountWithFixedSleep(maxRetries=15, sleepTime=1000 MILLISECONDS)
2023-03-09 15:01:59,030 [EndpointStateMachine task thread for /127.0.0.1:35467 - 0 ] INFO  ipc.Client (Client.java:handleConnectionFailure(1010)) - Retrying connect to server: localhost/127.0.0.1:35467. Already tried 4 time(s); retry policy is RetryUpToMaximumCountWithFixedSleep(maxRetries=15, sleepTime=1000 MILLISECONDS)
OM initialization succeeded.Current cluster id for sd=/home/runner/work/ozone/ozone/hadoop-ozone/integration-test/target/test-dir/MiniOzoneClusterImpl-c8dd39f1-89f8-47ca-b8e4-9b0f9f306b89/omNode-1/om;cid=c8dd39f1-89f8-47ca-b8e4-9b0f9f306b89;layoutVersion=3
2023-03-09 15:01:59,458 [Listener at 0.0.0.0/40731] INFO  ha.OMHANodeDetails (OMHANodeDetails.java:loadOMHAConfig(121)) - ServiceID for OzoneManager is om-add-remove
2023-03-09 15:01:59,459 [Listener at 0.0.0.0/40731] INFO  ha.OMHANodeDetails (OMHANodeDetails.java:loadOMHAConfig(201)) - Found matching OM address with OMServiceId: om-add-remove, OMNodeId: omNode-1, RPC Address: localhost:39953 and Ratis port: 43577
2023-03-09 15:01:59,459 [Listener at 0.0.0.0/40731] INFO  ha.OMHANodeDetails (ConfUtils.java:setNodeSpecificConfigs(97)) - Setting configuration key ozone.om.http-address with value of key ozone.om.http-address.om-add-remove.omNode-1: 127.0.0.1:36461
2023-03-09 15:01:59,459 [Listener at 0.0.0.0/40731] INFO  ha.OMHANodeDetails (ConfUtils.java:setNodeSpecificConfigs(97)) - Setting configuration key ozone.om.https-address with value of key ozone.om.https-address.om-add-remove.omNode-1: 127.0.0.1:45861
2023-03-09 15:01:59,459 [Listener at 0.0.0.0/40731] INFO  ha.OMHANodeDetails (ConfUtils.java:setNodeSpecificConfigs(97)) - Setting configuration key ozone.om.address with value of key ozone.om.address.om-add-remove.omNode-1: 127.0.0.1:39953
2023-03-09 15:01:59,459 [Listener at 0.0.0.0/40731] WARN  server.ServerUtils (ServerUtils.java:getDBPath(225)) - ozone.om.db.dirs is not configured. We recommend adding this setting. Falling back to ozone.metadata.dirs instead.
2023-03-09 15:01:59,461 [Listener at 0.0.0.0/40731] INFO  upgrade.AbstractLayoutVersionManager (AbstractLayoutVersionManager.java:init(83)) - Initializing Layout version manager with metadata layout = MULTITENANCY_SCHEMA (version = 3), software layout = MULTITENANCY_SCHEMA (version = 3)
2023-03-09 15:01:59,539 [Listener at 0.0.0.0/40731] INFO  reflections.Reflections (Reflections.java:scan(232)) - Reflections took 75 ms to scan 2 urls, producing 167 keys and 459 values [using 2 cores]
2023-03-09 15:01:59,540 [Listener at 0.0.0.0/40731] INFO  upgrade.OMLayoutVersionManager (OMLayoutVersionManager.java:lambda$0(115)) - Skipping Upgrade Action MockOmUpgradeAction since it has been finalized.
2023-03-09 15:01:59,540 [Listener at 0.0.0.0/40731] WARN  server.ServerUtils (ServerUtils.java:getDBPath(225)) - ozone.om.db.dirs is not configured. We recommend adding this setting. Falling back to ozone.metadata.dirs instead.
2023-03-09 15:01:59,540 [Listener at 0.0.0.0/40731] INFO  ha.SCMNodeInfo (SCMNodeInfo.java:getPort(197)) - ConfigKey ozone.scm.client.address is deprecated, For configuring different ports for each SCM use PortConfigKey ozone.scm.client.port appended with serviceId and nodeId
2023-03-09 15:01:59,541 [Listener at 0.0.0.0/40731] INFO  ha.SCMNodeInfo (SCMNodeInfo.java:getPort(197)) - ConfigKey ozone.scm.block.client.address is deprecated, For configuring different ports for each SCM use PortConfigKey ozone.scm.block.client.port appended with serviceId and nodeId
2023-03-09 15:01:59,541 [Listener at 0.0.0.0/40731] INFO  ha.SCMNodeInfo (SCMNodeInfo.java:getPort(197)) - ConfigKey ozone.scm.datanode.address is deprecated, For configuring different ports for each SCM use PortConfigKey ozone.scm.datanode.port appended with serviceId and nodeId
2023-03-09 15:01:59,541 [Listener at 0.0.0.0/40731] INFO  ha.SCMNodeInfo (SCMNodeInfo.java:getPort(197)) - ConfigKey ozone.scm.client.address is deprecated, For configuring different ports for each SCM use PortConfigKey ozone.scm.client.port appended with serviceId and nodeId
2023-03-09 15:01:59,541 [Listener at 0.0.0.0/40731] INFO  ha.SCMNodeInfo (SCMNodeInfo.java:getPort(197)) - ConfigKey ozone.scm.block.client.address is deprecated, For configuring different ports for each SCM use PortConfigKey ozone.scm.block.client.port appended with serviceId and nodeId
2023-03-09 15:01:59,541 [Listener at 0.0.0.0/40731] INFO  ha.SCMNodeInfo (SCMNodeInfo.java:getPort(197)) - ConfigKey ozone.scm.datanode.address is deprecated, For configuring different ports for each SCM use PortConfigKey ozone.scm.datanode.port appended with serviceId and nodeId
2023-03-09 15:01:59,541 [Listener at 0.0.0.0/40731] INFO  proxy.SCMBlockLocationFailoverProxyProvider (SCMBlockLocationFailoverProxyProvider.java:<init>(114)) - Created block location fail-over proxy with 1 nodes: [nodeId=scmNode-1,nodeAddress=/127.0.0.1:33477]
2023-03-09 15:01:59,543 [Listener at 0.0.0.0/40731] INFO  ha.SCMNodeInfo (SCMNodeInfo.java:getPort(197)) - ConfigKey ozone.scm.client.address is deprecated, For configuring different ports for each SCM use PortConfigKey ozone.scm.client.port appended with serviceId and nodeId
2023-03-09 15:01:59,543 [Listener at 0.0.0.0/40731] INFO  ha.SCMNodeInfo (SCMNodeInfo.java:getPort(197)) - ConfigKey ozone.scm.block.client.address is deprecated, For configuring different ports for each SCM use PortConfigKey ozone.scm.block.client.port appended with serviceId and nodeId
2023-03-09 15:01:59,543 [Listener at 0.0.0.0/40731] INFO  ha.SCMNodeInfo (SCMNodeInfo.java:getPort(197)) - ConfigKey ozone.scm.datanode.address is deprecated, For configuring different ports for each SCM use PortConfigKey ozone.scm.datanode.port appended with serviceId and nodeId
2023-03-09 15:01:59,543 [Listener at 0.0.0.0/40731] INFO  proxy.SCMBlockLocationFailoverProxyProvider (SCMBlockLocationFailoverProxyProvider.java:<init>(114)) - Created block location fail-over proxy with 1 nodes: [nodeId=scmNode-1,nodeAddress=/127.0.0.1:33477]
2023-03-09 15:01:59,549 [Listener at 0.0.0.0/40731] INFO  om.OzoneManager (OzoneManager.java:<init>(619)) - OM start with adminUsers: [runner]
2023-03-09 15:01:59,553 [Listener at 0.0.0.0/40731] WARN  server.ServerUtils (ServerUtils.java:getDBPath(225)) - ozone.om.db.dirs is not configured. We recommend adding this setting. Falling back to ozone.metadata.dirs instead.
2023-03-09 15:01:59,553 [Listener at 0.0.0.0/40731] INFO  codec.OmKeyInfoCodec (OmKeyInfoCodec.java:<init>(49)) - OmKeyInfoCodec ignorePipeline = true
2023-03-09 15:01:59,553 [Listener at 0.0.0.0/40731] INFO  codec.RepeatedOmKeyInfoCodec (RepeatedOmKeyInfoCodec.java:<init>(41)) - RepeatedOmKeyInfoCodec ignorePipeline = true
2023-03-09 15:01:59,779 [Listener at 0.0.0.0/40731] INFO  om.OzoneManager (OzoneManager.java:instantiateServices(749)) - S3 Multi-Tenancy is disabled
2023-03-09 15:01:59,780 [Listener at 0.0.0.0/40731] WARN  server.ServerUtils (ServerUtils.java:getDBPath(225)) - ozone.om.snapshot.diff.db.dir is not configured. We recommend adding this setting. Falling back to ozone.metadata.dirs instead.
2023-03-09 15:01:59,797 [Listener at 0.0.0.0/40731] INFO  om.OzoneManager (OzoneManager.java:addS3GVolumeToDB(4217)) - Created Volume s3v With Owner runner required for S3Gateway operations.
2023-03-09 15:01:59,798 [Listener at 0.0.0.0/40731] WARN  server.ServerUtils (ServerUtils.java:getDefaultRatisDirectory(237)) - Storage directory for Ratis is not configured. It is a good idea to map this to an SSD disk. Falling back to ozone.metadata.dirs
2023-03-09 15:01:59,798 [Listener at 0.0.0.0/40731] WARN  utils.OzoneManagerRatisUtils (OzoneManagerRatisUtils.java:getOMRatisSnapshotDirectory(436)) - ozone.om.ratis.snapshot.dir is not configured. Falling back to ozone.metadata.dirs config
2023-03-09 15:01:59,798 [Listener at 0.0.0.0/40731] WARN  impl.MetricRegistriesImpl (MetricRegistriesImpl.java:addReporterRegistration(111)) - New reporters are added after registries were created. Some metrics will be missing from the reporter. Please add reporter before adding any new registry.
2023-03-09 15:01:59,798 [Listener at 0.0.0.0/40731] WARN  impl.MetricRegistriesImpl (MetricRegistriesImpl.java:addReporterRegistration(111)) - New reporters are added after registries were created. Some metrics will be missing from the reporter. Please add reporter before adding any new registry.
2023-03-09 15:01:59,799 [Listener at 0.0.0.0/40731] WARN  server.ServerUtils (ServerUtils.java:getDefaultRatisDirectory(237)) - Storage directory for Ratis is not configured. It is a good idea to map this to an SSD disk. Falling back to ozone.metadata.dirs
2023-03-09 15:01:59,799 [Listener at 0.0.0.0/40731] INFO  ratis.OzoneManagerRatisServer (OzoneManagerRatisServer.java:<init>(164)) - Instantiating OM Ratis server with groupID: om-add-remove and peers: localhost:43577
2023-03-09 15:01:59,800 [Listener at 0.0.0.0/40731] INFO  ratis.OzoneManagerStateMachine (OzoneManagerStateMachine.java:loadSnapshotInfoFromDB(636)) - LastAppliedIndex is set from TransactionInfo from OM DB as (t:0, i:~)
2023-03-09 15:01:59,800 [Listener at 0.0.0.0/40731] INFO  server.RaftServer (ConfUtils.java:logGet(46)) - raft.rpc.type = GRPC (default)
2023-03-09 15:01:59,800 [Listener at 0.0.0.0/40731] INFO  grpc.GrpcConfigKeys (ConfUtils.java:logFallback(53)) - raft.grpc.admin.host = null (fallback to raft.grpc.server.host)
2023-03-09 15:01:59,800 [Listener at 0.0.0.0/40731] INFO  grpc.GrpcConfigKeys (ConfUtils.java:logFallback(53)) - raft.grpc.admin.port = 43577 (fallback to raft.grpc.server.port)
2023-03-09 15:01:59,800 [Listener at 0.0.0.0/40731] INFO  grpc.GrpcConfigKeys (ConfUtils.java:logFallback(53)) - raft.grpc.client.host = null (fallback to raft.grpc.server.host)
2023-03-09 15:01:59,801 [Listener at 0.0.0.0/40731] INFO  grpc.GrpcConfigKeys (ConfUtils.java:logFallback(53)) - raft.grpc.client.port = 43577 (fallback to raft.grpc.server.port)
2023-03-09 15:01:59,801 [Listener at 0.0.0.0/40731] INFO  grpc.GrpcConfigKeys (ConfUtils.java:logGet(46)) - raft.grpc.server.host = null (default)
2023-03-09 15:01:59,801 [Listener at 0.0.0.0/40731] INFO  grpc.GrpcConfigKeys (ConfUtils.java:logGet(46)) - raft.grpc.server.port = 43577 (custom)
2023-03-09 15:01:59,801 [Listener at 0.0.0.0/40731] INFO  server.GrpcService (ConfUtils.java:logGet(46)) - raft.grpc.message.size.max = 33554432 (custom)
2023-03-09 15:01:59,801 [Listener at 0.0.0.0/40731] INFO  server.RaftServerConfigKeys (ConfUtils.java:logGet(46)) - raft.server.log.appender.buffer.byte-limit = 33554432 (custom)
2023-03-09 15:01:59,801 [Listener at 0.0.0.0/40731] INFO  server.GrpcService (ConfUtils.java:logGet(46)) - raft.grpc.flow.control.window = 1MB (=1048576) (default)
2023-03-09 15:01:59,801 [Listener at 0.0.0.0/40731] INFO  server.RaftServerConfigKeys (ConfUtils.java:logGet(46)) - raft.server.rpc.request.timeout = 3000ms (default)
2023-03-09 15:01:59,802 [Listener at 0.0.0.0/40731] INFO  grpc.GrpcConfigKeys (ConfUtils.java:logGet(46)) - raft.grpc.server.heartbeat.channel = true (default)
2023-03-09 15:01:59,802 [Listener at 0.0.0.0/40731] INFO  grpc.GrpcConfigKeys (ConfUtils.java:logGet(46)) - raft.grpc.server.async.request.thread.pool.cached = true (default)
2023-03-09 15:01:59,802 [Listener at 0.0.0.0/40731] INFO  grpc.GrpcConfigKeys (ConfUtils.java:logGet(46)) - raft.grpc.server.async.request.thread.pool.size = 32 (default)
2023-03-09 15:01:59,804 [Listener at 0.0.0.0/40731] INFO  impl.DataStreamServerImpl (ConfUtils.java:logGet(46)) - raft.datastream.type = DISABLED (default)
2023-03-09 15:01:59,804 [Listener at 0.0.0.0/40731] INFO  server.RaftServerConfigKeys (ConfUtils.java:logGet(46)) - raft.server.threadpool.proxy.cached = true (default)
2023-03-09 15:01:59,804 [Listener at 0.0.0.0/40731] INFO  server.RaftServerConfigKeys (ConfUtils.java:logGet(46)) - raft.server.threadpool.proxy.size = 0 (default)
2023-03-09 15:01:59,804 [Listener at 0.0.0.0/40731] INFO  server.RaftServerConfigKeys (ConfUtils.java:logGet(46)) - raft.server.rpc.slowness.timeout = 2s (custom)
2023-03-09 15:01:59,804 [Listener at 0.0.0.0/40731] INFO  server.RaftServerConfigKeys (ConfUtils.java:logGet(46)) - raft.server.leaderelection.leader.step-down.wait-time = 10s (default)
2023-03-09 15:01:59,805 [Listener at 0.0.0.0/40731] INFO  server.RaftServerConfigKeys (ConfUtils.java:logGet(46)) - raft.server.storage.dir = [/home/runner/work/ozone/ozone/hadoop-ozone/integration-test/target/test-dir/MiniOzoneClusterImpl-c8dd39f1-89f8-47ca-b8e4-9b0f9f306b89/omNode-1/ratis] (custom)
2023-03-09 15:01:59,805 [Listener at 0.0.0.0/40731] INFO  server.RaftServer (RaftServerProxy.java:addNew(96)) - omNode-1: addNew group-0AAC5367B30E:[omNode-1|rpc:localhost:43577|priority:0|startupRole:FOLLOWER] returns group-0AAC5367B30E:java.util.concurrent.CompletableFuture@7a2604ce[Not completed]
2023-03-09 15:01:59,806 [pool-1083-thread-1] INFO  server.RaftServer$Division (RaftServerImpl.java:<init>(195)) - omNode-1: new RaftServerImpl for group-0AAC5367B30E:[omNode-1|rpc:localhost:43577|priority:0|startupRole:FOLLOWER] with OzoneManagerStateMachine:uninitialized
2023-03-09 15:01:59,806 [Listener at 0.0.0.0/40731] INFO  om.OzoneManager (OzoneManager.java:initializeRatisServer(2096)) - OzoneManager Ratis server initialized at port 43577
2023-03-09 15:01:59,806 [Listener at 0.0.0.0/40731] INFO  om.OzoneManager (ConfUtils.java:logGet(46)) - raft.server.rpc.timeout.min = 1s (custom)
2023-03-09 15:01:59,806 [pool-1083-thread-1] INFO  server.RaftServerConfigKeys (ConfUtils.java:logGet(46)) - raft.server.rpc.timeout.max = 1200ms (custom)
2023-03-09 15:01:59,806 [Listener at 0.0.0.0/40731] INFO  om.OzoneManager (OzoneManager.java:getRpcServer(1132)) - Creating RPC Server
ConfUtils.java:logGet(46)) - raft.server.rpc.sleep.time = 25ms (default)
2023-03-09 15:01:59,806 [Listener at 0.0.0.0/40731] INFO  om.OzoneManager (OzoneManager.java:getRpcServer(1132)) - Creating RPC Server
2023-03-09 15:01:59,806 [pool-1083-thread-1] INFO  server.RaftServerConfigKeys (ConfUtils.java:logGet(46)) - raft.server.rpc.slowness.timeout = 2s (custom)
2023-03-09 15:01:59,806 [pool-1083-thread-1] INFO  server.RaftServerConfigKeys (ConfUtils.java:logGet(46)) - raft.server.leaderelection.leader.step-down.wait-time = 10s (default)
2023-03-09 15:01:59,806 [pool-1083-thread-1] INFO  server.RaftServerConfigKeys (ConfUtils.java:logGet(46)) - raft.server.sleep.deviation.threshold = 300ms (default)
2023-03-09 15:01:59,806 [pool-1083-thread-1] INFO  server.RaftServer$Division (ServerState.java:<init>(118)) - omNode-1@group-0AAC5367B30E: ConfigurationManager, init=-1: peers:[omNode-1|rpc:localhost:43577|priority:0|startupRole:FOLLOWER]|listeners:[], old=null, confs=<EMPTY_MAP>
2023-03-09 15:01:59,806 [pool-1083-thread-1] INFO  server.RaftServerConfigKeys (ConfUtils.java:logGet(46)) - raft.server.storage.dir = [/home/runner/work/ozone/ozone/hadoop-ozone/integration-test/target/test-dir/MiniOzoneClusterImpl-c8dd39f1-89f8-47ca-b8e4-9b0f9f306b89/omNode-1/ratis] (custom)
2023-03-09 15:01:59,806 [pool-1083-thread-1] INFO  server.RaftServerConfigKeys (ConfUtils.java:logGet(46)) - raft.server.log.corruption.policy = EXCEPTION (default)
2023-03-09 15:01:59,806 [pool-1083-thread-1] INFO  server.RaftServerConfigKeys (ConfUtils.java:logGet(46)) - raft.server.storage.free-space.min = 0MB (=0) (default)
2023-03-09 15:01:59,806 [pool-1083-thread-1] INFO  server.RaftServerConfigKeys (ConfUtils.java:logGet(46)) - raft.server.notification.no-leader.timeout = 2s (custom)
2023-03-09 15:01:59,807 [pool-1083-thread-1] INFO  server.RaftServerConfigKeys (ConfUtils.java:logGet(46)) - raft.server.retrycache.expirytime = 300s (custom)
2023-03-09 15:01:59,807 [pool-1083-thread-1] INFO  server.RaftServerConfigKeys (ConfUtils.java:logGet(46)) - raft.server.retrycache.statistics.expirytime = 100μs (default)
2023-03-09 15:01:59,812 [pool-1083-thread-1] INFO  server.RaftServerConfigKeys (ConfUtils.java:logGet(46)) - raft.server.log.appender.install.snapshot.enabled = false (custom)
2023-03-09 15:01:59,812 [pool-1083-thread-1] INFO  server.RaftServerConfigKeys (ConfUtils.java:logGet(46)) - raft.server.threadpool.server.cached = true (default)
2023-03-09 15:01:59,812 [pool-1083-thread-1] INFO  server.RaftServerConfigKeys (ConfUtils.java:logGet(46)) - raft.server.threadpool.server.size = 0 (default)
2023-03-09 15:01:59,815 [pool-1083-thread-1] INFO  server.RaftServerConfigKeys (ConfUtils.java:logGet(46)) - raft.server.threadpool.client.cached = true (default)
2023-03-09 15:01:59,815 [pool-1083-thread-1] INFO  server.RaftServerConfigKeys (ConfUtils.java:logGet(46)) - raft.server.threadpool.client.size = 0 (default)
2023-03-09 15:01:59,874 [EndpointStateMachine task thread for /127.0.0.1:36681 - 0 ] INFO  ipc.Client (Client.java:handleConnectionFailure(1010)) - Retrying connect to server: localhost/127.0.0.1:36681. Already tried 14 time(s); retry policy is RetryUpToMaximumCountWithFixedSleep(maxRetries=15, sleepTime=1000 MILLISECONDS)
2023-03-09 15:02:00,033 [EndpointStateMachine task thread for /127.0.0.1:35467 - 0 ] INFO  ipc.Client (Client.java:handleConnectionFailure(1010)) - Retrying connect to server: localhost/127.0.0.1:35467. Already tried 5 time(s); retry policy is RetryUpToMaximumCountWithFixedSleep(maxRetries=15, sleepTime=1000 MILLISECONDS)
2023-03-09 15:02:00,150 [Listener at 0.0.0.0/40731] INFO  reflections.Reflections (Reflections.java:scan(232)) - Reflections took 343 ms to scan 19 urls, producing 68 keys and 4914 values [using 2 cores]
2023-03-09 15:02:00,151 [Listener at 0.0.0.0/40731] INFO  ipc.CallQueueManager (CallQueueManager.java:<init>(90)) - Using callQueue: class java.util.concurrent.LinkedBlockingQueue, queueCapacity: 2000, scheduler: class org.apache.hadoop.ipc.DefaultRpcScheduler, ipcBackoff: false.
2023-03-09 15:02:00,152 [Socket Reader #1 for port 39953] INFO  ipc.Server (Server.java:run(1273)) - Starting Socket Reader #1 for port 39953
2023-03-09 15:02:00,178 [Listener at 127.0.0.1/39953] INFO  impl.MetricsSystemImpl (MetricsSystemImpl.java:init(158)) - OzoneManager metrics system started (again)
2023-03-09 15:02:00,188 [Listener at 127.0.0.1/39953] INFO  om.OzoneManager (OzoneManager.java:start(1553)) - OzoneManager RPC server is listening at localhost/127.0.0.1:39953
2023-03-09 15:02:00,188 [Listener at 127.0.0.1/39953] INFO  ratis.OzoneManagerRatisServer (OzoneManagerRatisServer.java:start(559)) - Starting OzoneManagerRatisServer omNode-1 at port 43577
2023-03-09 15:02:00,189 [omNode-1-impl-thread1] INFO  storage.RaftStorageDirectory (RaftStorageDirectoryImpl.java:analyzeStorage(137)) - The storage directory /home/runner/work/ozone/ozone/hadoop-ozone/integration-test/target/test-dir/MiniOzoneClusterImpl-c8dd39f1-89f8-47ca-b8e4-9b0f9f306b89/omNode-1/ratis/0718e334-ffa1-36bc-8e9a-0aac5367b30e does not exist. Creating ...
2023-03-09 15:02:00,190 [omNode-1-impl-thread1] INFO  storage.RaftStorageDirectory (RaftStorageDirectoryImpl.java:tryLock(231)) - Lock on /home/runner/work/ozone/ozone/hadoop-ozone/integration-test/target/test-dir/MiniOzoneClusterImpl-c8dd39f1-89f8-47ca-b8e4-9b0f9f306b89/omNode-1/ratis/0718e334-ffa1-36bc-8e9a-0aac5367b30e/in_use.lock acquired by nodename 57158@fv-az377-502
2023-03-09 15:02:00,192 [omNode-1-impl-thread1] INFO  storage.RaftStorage (RaftStorageImpl.java:format(96)) - Storage directory /home/runner/work/ozone/ozone/hadoop-ozone/integration-test/target/test-dir/MiniOzoneClusterImpl-c8dd39f1-89f8-47ca-b8e4-9b0f9f306b89/omNode-1/ratis/0718e334-ffa1-36bc-8e9a-0aac5367b30e has been successfully formatted.
2023-03-09 15:02:00,193 [omNode-1-impl-thread1] INFO  server.RaftServerConfigKeys (ConfUtils.java:logGet(46)) - raft.server.log.use.memory = false (default)
2023-03-09 15:02:00,193 [omNode-1-impl-thread1] INFO  server.RaftServerConfigKeys (ConfUtils.java:logGet(46)) - raft.server.log.purge.gap = 1000000 (custom)
2023-03-09 15:02:00,193 [omNode-1-impl-thread1] INFO  server.RaftServerConfigKeys (ConfUtils.java:logGet(46)) - raft.server.log.appender.buffer.byte-limit = 33554432 (custom)
2023-03-09 15:02:00,193 [omNode-1-impl-thread1] INFO  server.RaftServerConfigKeys (ConfUtils.java:logGet(46)) - raft.server.log.statemachine.data.read.timeout = 1000ms (default)
2023-03-09 15:02:00,193 [omNode-1-impl-thread1] INFO  server.RaftServerConfigKeys (ConfUtils.java:logGet(46)) - raft.server.log.purge.preservation.log.num = 0 (default)
2023-03-09 15:02:00,193 [omNode-1-impl-thread1] INFO  server.RaftServerConfigKeys (ConfUtils.java:logGet(46)) - raft.server.log.segment.size.max = 4194304 (custom)
2023-03-09 15:02:00,193 [omNode-1-impl-thread1] INFO  server.RaftServerConfigKeys (ConfUtils.java:logGet(46)) - raft.server.log.segment.cache.num.max = 2 (custom)
2023-03-09 15:02:00,193 [omNode-1-impl-thread1] INFO  server.RaftServerConfigKeys (ConfUtils.java:logGet(46)) - raft.server.log.segment.cache.size.max = 200MB (=209715200) (default)
2023-03-09 15:02:00,193 [omNode-1-impl-thread1] INFO  segmented.SegmentedRaftLogWorker (SegmentedRaftLogWorker.java:<init>(189)) - new omNode-1@group-0AAC5367B30E-SegmentedRaftLogWorker for RaftStorageImpl:Storage Directory /home/runner/work/ozone/ozone/hadoop-ozone/integration-test/target/test-dir/MiniOzoneClusterImpl-c8dd39f1-89f8-47ca-b8e4-9b0f9f306b89/omNode-1/ratis/0718e334-ffa1-36bc-8e9a-0aac5367b30e
2023-03-09 15:02:00,193 [omNode-1-impl-thread1] INFO  server.RaftServerConfigKeys (ConfUtils.java:logGet(46)) - raft.server.log.queue.byte-limit = 64MB (=67108864) (default)
2023-03-09 15:02:00,193 [omNode-1-impl-thread1] INFO  server.RaftServerConfigKeys (ConfUtils.java:logGet(46)) - raft.server.log.queue.element-limit = 4096 (default)
2023-03-09 15:02:00,194 [omNode-1-impl-thread1] INFO  server.RaftServerConfigKeys (ConfUtils.java:logGet(46)) - raft.server.log.segment.size.max = 4194304 (custom)
2023-03-09 15:02:00,194 [omNode-1-impl-thread1] INFO  server.RaftServerConfigKeys (ConfUtils.java:logGet(46)) - raft.server.log.preallocated.size = 4194304 (custom)
2023-03-09 15:02:00,194 [omNode-1-impl-thread1] INFO  server.RaftServerConfigKeys (ConfUtils.java:logGet(46)) - raft.server.log.force.sync.num = 128 (default)
2023-03-09 15:02:00,194 [omNode-1-impl-thread1] INFO  server.RaftServerConfigKeys (ConfUtils.java:logGet(46)) - raft.server.log.statemachine.data.sync = true (default)
2023-03-09 15:02:00,194 [omNode-1-impl-thread1] INFO  server.RaftServerConfigKeys (ConfUtils.java:logGet(46)) - raft.server.log.statemachine.data.sync.timeout = 10s (default)
2023-03-09 15:02:00,194 [omNode-1-impl-thread1] INFO  server.RaftServerConfigKeys (ConfUtils.java:logGet(46)) - raft.server.log.statemachine.data.sync.timeout.retry = -1 (default)
2023-03-09 15:02:00,194 [omNode-1-impl-thread1] INFO  server.RaftServerConfigKeys (ConfUtils.java:logGet(46)) - raft.server.log.write.buffer.size = 64KB (=65536) (default)
2023-03-09 15:02:00,194 [omNode-1-impl-thread1] INFO  server.RaftServerConfigKeys (ConfUtils.java:logGet(46)) - raft.server.log.appender.buffer.byte-limit = 33554432 (custom)
2023-03-09 15:02:00,250 [omNode-1-impl-thread1] INFO  server.RaftServerConfigKeys (ConfUtils.java:logGet(46)) - raft.server.log.unsafe-flush.enabled = false (default)
2023-03-09 15:02:00,251 [omNode-1-impl-thread1] INFO  server.RaftServerConfigKeys (ConfUtils.java:logGet(46)) - raft.server.log.async-flush.enabled = false (default)
2023-03-09 15:02:00,251 [omNode-1-impl-thread1] INFO  server.RaftServerConfigKeys (ConfUtils.java:logGet(46)) - raft.server.log.statemachine.data.caching.enabled = false (default)
2023-03-09 15:02:00,251 [omNode-1-impl-thread1] INFO  segmented.SegmentedRaftLogWorker (SegmentedRaftLogWorker.java:lambda$new$0(135)) - omNode-1@group-0AAC5367B30E-SegmentedRaftLogWorker: flushIndex: setUnconditionally 0 -> -1
2023-03-09 15:02:00,251 [omNode-1-impl-thread1] INFO  segmented.SegmentedRaftLogWorker (SegmentedRaftLogWorker.java:lambda$new$0(135)) - omNode-1@group-0AAC5367B30E-SegmentedRaftLogWorker: safeCacheEvictIndex: setUnconditionally 0 -> -1
2023-03-09 15:02:00,251 [omNode-1-impl-thread1] INFO  server.RaftServer$Division (RaftServerImpl.java:start(334)) - omNode-1@group-0AAC5367B30E: start as a follower, conf=-1: peers:[omNode-1|rpc:localhost:43577|priority:0|startupRole:FOLLOWER]|listeners:[], old=null
2023-03-09 15:02:00,252 [omNode-1-impl-thread1] INFO  server.RaftServer$Division (RaftServerImpl.java:setRole(321)) - omNode-1@group-0AAC5367B30E: changes role from      null to FOLLOWER at term 0 for startAsFollower
2023-03-09 15:02:00,252 [omNode-1-impl-thread1] INFO  impl.RoleInfo (RoleInfo.java:updateAndGet(139)) - omNode-1: start omNode-1@group-0AAC5367B30E-FollowerState
2023-03-09 15:02:00,252 [omNode-1-impl-thread1] INFO  util.JmxRegister (JmxRegister.java:tryRegister(44)) - Successfully registered JMX Bean with object name Ratis:service=RaftServer,group=group-0AAC5367B30E,id=omNode-1
2023-03-09 15:02:00,252 [omNode-1-impl-thread1] INFO  server.RaftServerConfigKeys (ConfUtils.java:logGet(46)) - raft.server.snapshot.auto.trigger.enabled = true (custom)
2023-03-09 15:02:00,252 [omNode-1-impl-thread1] INFO  server.RaftServerConfigKeys (ConfUtils.java:logGet(46)) - raft.server.snapshot.auto.trigger.threshold = 400000 (default)
2023-03-09 15:02:00,252 [omNode-1-impl-thread1] INFO  server.RaftServerConfigKeys (ConfUtils.java:logGet(46)) - raft.server.snapshot.retention.file.num = -1 (default)
2023-03-09 15:02:00,252 [omNode-1-impl-thread1] INFO  server.RaftServerConfigKeys (ConfUtils.java:logGet(46)) - raft.server.log.purge.upto.snapshot.index = true (custom)
2023-03-09 15:02:00,253 [omNode-1@group-0AAC5367B30E-FollowerState] INFO  server.RaftServerConfigKeys (ConfUtils.java:logFallback(53)) - raft.server.rpc.first-election.timeout.min = 1s (fallback to raft.server.rpc.timeout.min)
2023-03-09 15:02:00,253 [Listener at 127.0.0.1/39953] INFO  server.RaftServer (RaftServerProxy.java:startImpl(393)) - omNode-1: start RPC server
2023-03-09 15:02:00,253 [omNode-1@group-0AAC5367B30E-FollowerState] INFO  server.RaftServerConfigKeys (ConfUtils.java:logFallback(53)) - raft.server.rpc.first-election.timeout.max = 1200ms (fallback to raft.server.rpc.timeout.max)
2023-03-09 15:02:00,256 [Listener at 127.0.0.1/39953] INFO  server.GrpcService (GrpcService.java:startImpl(262)) - omNode-1: GrpcService started, listening on 43577
2023-03-09 15:02:00,259 [JvmPauseMonitor38] INFO  util.JvmPauseMonitor (JvmPauseMonitor.java:run(105)) - JvmPauseMonitor-omNode-1: Started
2023-03-09 15:02:00,259 [Listener at 127.0.0.1/39953] INFO  om.OzoneManager (OzoneManager.java:start(1569)) - Version File has different layout version (3) than OM DB (null). That is expected if this OM has never been finalized to a newer layout version.
2023-03-09 15:02:00,268 [Listener at 127.0.0.1/39953] INFO  http.BaseHttpServer (BaseHttpServer.java:newHttpServer2BuilderForOzone(224)) - Starting Web-server for ozoneManager at: http://0.0.0.0:36461
2023-03-09 15:02:00,269 [Listener at 127.0.0.1/39953] INFO  http.BaseHttpServer (BaseHttpServer.java:<init>(111)) - Hadoop Security Enabled: false Ozone Security Enabled: false Ozone HTTP Security Enabled: false 
2023-03-09 15:02:00,271 [Listener at 127.0.0.1/39953] WARN  server.AuthenticationFilter (AuthenticationFilter.java:constructSecretProvider(240)) - Unable to initialize FileSignerSecretProvider, falling back to use random secrets. Reason: Could not read signature secret file: /home/runner/hadoop-http-auth-signature-secret
2023-03-09 15:02:00,272 [Listener at 127.0.0.1/39953] WARN  http.HttpRequestLog (HttpRequestLog.java:getRequestLog(103)) - Jetty request log can only be enabled using Log4j
2023-03-09 15:02:00,274 [Listener at 127.0.0.1/39953] INFO  http.HttpServer2 (HttpServer2.java:addGlobalFilter(1031)) - Added global filter 'safety' (class=org.apache.hadoop.hdds.server.http.HttpServer2$QuotingInputFilter)
2023-03-09 15:02:00,274 [Listener at 127.0.0.1/39953] INFO  http.HttpServer2 (HttpServer2.java:addFilter(1007)) - Added filter static_user_filter (class=org.apache.hadoop.http.lib.StaticUserWebFilter$StaticUserFilter) to context ozoneManager
2023-03-09 15:02:00,274 [Listener at 127.0.0.1/39953] INFO  http.HttpServer2 (HttpServer2.java:addFilter(1015)) - Added filter static_user_filter (class=org.apache.hadoop.http.lib.StaticUserWebFilter$StaticUserFilter) to context logs
2023-03-09 15:02:00,275 [Listener at 127.0.0.1/39953] INFO  http.HttpServer2 (HttpServer2.java:addFilter(1015)) - Added filter static_user_filter (class=org.apache.hadoop.http.lib.StaticUserWebFilter$StaticUserFilter) to context static
2023-03-09 15:02:00,277 [Listener at 127.0.0.1/39953] INFO  http.BaseHttpServer (BaseHttpServer.java:<init>(190)) - HTTP server of ozoneManager uses base directory /home/runner/work/ozone/ozone/hadoop-ozone/integration-test/target/test-dir/MiniOzoneClusterImpl-c8dd39f1-89f8-47ca-b8e4-9b0f9f306b89/omNode-1/webserver
2023-03-09 15:02:00,277 [Listener at 127.0.0.1/39953] INFO  http.HttpServer2 (HttpServer2.java:bindListener(1250)) - Jetty bound to port 36461
2023-03-09 15:02:00,277 [Listener at 127.0.0.1/39953] INFO  server.Server (Server.java:doStart(375)) - jetty-9.4.49.v20220914; built: 2022-09-14T01:07:36.601Z; git: 4231a3b2e4cb8548a412a789936d640a97b1aa0a; jvm 1.8.0_362-b09
2023-03-09 15:02:00,279 [Listener at 127.0.0.1/39953] INFO  server.session (DefaultSessionIdManager.java:doStart(334)) - DefaultSessionIdManager workerName=node0
2023-03-09 15:02:00,279 [Listener at 127.0.0.1/39953] INFO  server.session (DefaultSessionIdManager.java:doStart(339)) - No SessionScavenger set, using defaults
2023-03-09 15:02:00,280 [Listener at 127.0.0.1/39953] INFO  server.session (HouseKeeper.java:startScavenging(132)) - node0 Scavenging every 600000ms
2023-03-09 15:02:00,280 [Listener at 127.0.0.1/39953] INFO  handler.ContextHandler (ContextHandler.java:doStart(921)) - Started o.e.j.s.ServletContextHandler@163135{logs,/logs,file:///home/runner/work/ozone/ozone/hadoop-ozone/integration-test/target/log,AVAILABLE}
2023-03-09 15:02:00,281 [Listener at 127.0.0.1/39953] INFO  handler.ContextHandler (ContextHandler.java:doStart(921)) - Started o.e.j.s.ServletContextHandler@105c0f2b{static,/static,file:///home/runner/work/ozone/ozone/hadoop-ozone/integration-test/target/test-classes/webapps/static,AVAILABLE}
2023-03-09 15:02:00,287 [Listener at 127.0.0.1/39953] INFO  handler.ContextHandler (ContextHandler.java:doStart(921)) - Started o.e.j.w.WebAppContext@23106afe{ozoneManager,/,file:///home/runner/work/ozone/ozone/hadoop-ozone/integration-test/target/test-classes/webapps/ozoneManager/,AVAILABLE}{file:/home/runner/work/ozone/ozone/hadoop-ozone/integration-test/target/test-classes/webapps/ozoneManager}
2023-03-09 15:02:00,288 [Listener at 127.0.0.1/39953] INFO  server.AbstractConnector (AbstractConnector.java:doStart(333)) - Started ServerConnector@7fdbbbe8{HTTP/1.1, (http/1.1)}{0.0.0.0:36461}
2023-03-09 15:02:00,289 [Listener at 127.0.0.1/39953] INFO  server.Server (Server.java:doStart(415)) - Started @250942ms
2023-03-09 15:02:00,289 [Listener at 127.0.0.1/39953] WARN  impl.MetricsSystemImpl (MetricsSystemImpl.java:register(279)) - Sink prometheus already exists!
2023-03-09 15:02:00,290 [Listener at 127.0.0.1/39953] INFO  http.BaseHttpServer (BaseHttpServer.java:updateConnectorAddress(344)) - HTTP server of ozoneManager listening at http://0.0.0.0:36461
2023-03-09 15:02:00,290 [IPC Server Responder] INFO  ipc.Server (Server.java:run(1512)) - IPC Server Responder: starting
2023-03-09 15:02:00,295 [IPC Server listener on 39953] INFO  ipc.Server (Server.java:run(1352)) - IPC Server listener on 39953: starting
2023-03-09 15:02:00,304 [Listener at 127.0.0.1/39953] INFO  om.OzoneManager (OzoneManager.java:startTrashEmptier(2040)) - Trash Interval set to 0. Files deleted won't move to trash
2023-03-09 15:02:00,305 [Listener at 127.0.0.1/39953] INFO  ozone.MiniOzoneHAClusterImpl (MiniOzoneHAClusterImpl.java:createOMService(527)) - Started OzoneManager omNode-1 RPC server at localhost/127.0.0.1:39953
2023-03-09 15:02:00,305 [org.apache.hadoop.util.JvmPauseMonitor$Monitor@5334844d] INFO  util.JvmPauseMonitor (JvmPauseMonitor.java:run(188)) - Starting JVM pause monitor
2023-03-09 15:02:00,322 [Listener at 127.0.0.1/39953] WARN  impl.MetricRegistriesImpl (MetricRegistriesImpl.java:addReporterRegistration(111)) - New reporters are added after registries were created. Some metrics will be missing from the reporter. Please add reporter before adding any new registry.
2023-03-09 15:02:00,322 [Listener at 127.0.0.1/39953] WARN  impl.MetricRegistriesImpl (MetricRegistriesImpl.java:addReporterRegistration(111)) - New reporters are added after registries were created. Some metrics will be missing from the reporter. Please add reporter before adding any new registry.
2023-03-09 15:02:00,322 [Listener at 127.0.0.1/39953] INFO  impl.MetricsSystemImpl (MetricsSystemImpl.java:init(158)) - HddsDatanode metrics system started (again)
2023-03-09 15:02:00,335 [Listener at 127.0.0.1/39953] INFO  ozone.HddsDatanodeService (HddsDatanodeService.java:start(229)) - HddsDatanodeService host:fv-az377-502.ap30g4v5sw5evmjtdmxdg2w53f.dx.internal.cloudapp.net ip:10.1.0.44
2023-03-09 15:02:00,364 [Listener at 127.0.0.1/39953] INFO  upgrade.AbstractLayoutVersionManager (AbstractLayoutVersionManager.java:init(83)) - Initializing Layout version manager with metadata layout = DATANODE_SCHEMA_V3 (version = 4), software layout = DATANODE_SCHEMA_V3 (version = 4)
2023-03-09 15:02:00,416 [Listener at 127.0.0.1/39953] INFO  reflections.Reflections (Reflections.java:scan(232)) - Reflections took 51 ms to scan 7 urls, producing 154 keys and 367 values 
2023-03-09 15:02:00,418 [Listener at 127.0.0.1/39953] INFO  ha.SCMNodeInfo (SCMNodeInfo.java:getPort(197)) - ConfigKey ozone.scm.client.address is deprecated, For configuring different ports for each SCM use PortConfigKey ozone.scm.client.port appended with serviceId and nodeId
2023-03-09 15:02:00,418 [Listener at 127.0.0.1/39953] INFO  ha.SCMNodeInfo (SCMNodeInfo.java:getPort(197)) - ConfigKey ozone.scm.block.client.address is deprecated, For configuring different ports for each SCM use PortConfigKey ozone.scm.block.client.port appended with serviceId and nodeId
2023-03-09 15:02:00,419 [Listener at 127.0.0.1/39953] INFO  ha.SCMNodeInfo (SCMNodeInfo.java:getPort(197)) - ConfigKey ozone.scm.datanode.address is deprecated, For configuring different ports for each SCM use PortConfigKey ozone.scm.datanode.port appended with serviceId and nodeId
2023-03-09 15:02:00,419 [Listener at 127.0.0.1/39953] INFO  statemachine.DatanodeStateMachine (DatanodeStateMachine.java:getEndPointTaskThreadPoolSize(260)) - Datanode State Machine Task Thread Pool size 2
2023-03-09 15:02:00,422 [Listener at 127.0.0.1/39953] INFO  volume.HddsVolume (HddsVolume.java:<init>(122)) - Creating HddsVolume: /home/runner/work/ozone/ozone/hadoop-ozone/integration-test/target/test-dir/MiniOzoneClusterImpl-c8dd39f1-89f8-47ca-b8e4-9b0f9f306b89/datanode-0/data-0/containers/hdds of storage type : DISK capacity : 9223372036854775807
2023-03-09 15:02:00,422 [Listener at 127.0.0.1/39953] INFO  volume.MutableVolumeSet (MutableVolumeSet.java:initializeVolumeSet(174)) - Added Volume : /home/runner/work/ozone/ozone/hadoop-ozone/integration-test/target/test-dir/MiniOzoneClusterImpl-c8dd39f1-89f8-47ca-b8e4-9b0f9f306b89/datanode-0/data-0/containers/hdds to VolumeSet
2023-03-09 15:02:00,422 [Listener at 127.0.0.1/39953] INFO  volume.ThrottledAsyncChecker (ThrottledAsyncChecker.java:schedule(141)) - Scheduling a check for /home/runner/work/ozone/ozone/hadoop-ozone/integration-test/target/test-dir/MiniOzoneClusterImpl-c8dd39f1-89f8-47ca-b8e4-9b0f9f306b89/datanode-0/data-0/containers/hdds
2023-03-09 15:02:00,423 [Listener at 127.0.0.1/39953] INFO  volume.StorageVolumeChecker (StorageVolumeChecker.java:checkAllVolumes(202)) - Scheduled health check for volume /home/runner/work/ozone/ozone/hadoop-ozone/integration-test/target/test-dir/MiniOzoneClusterImpl-c8dd39f1-89f8-47ca-b8e4-9b0f9f306b89/datanode-0/data-0/containers/hdds
2023-03-09 15:02:00,436 [Listener at 127.0.0.1/39953] INFO  volume.MutableVolumeSet (MutableVolumeSet.java:initializeVolumeSet(174)) - Added Volume : /home/runner/work/ozone/ozone/hadoop-ozone/integration-test/target/test-dir/MiniOzoneClusterImpl-c8dd39f1-89f8-47ca-b8e4-9b0f9f306b89/datanode-0/data/ratis to VolumeSet
2023-03-09 15:02:00,436 [Listener at 127.0.0.1/39953] INFO  volume.ThrottledAsyncChecker (ThrottledAsyncChecker.java:schedule(141)) - Scheduling a check for /home/runner/work/ozone/ozone/hadoop-ozone/integration-test/target/test-dir/MiniOzoneClusterImpl-c8dd39f1-89f8-47ca-b8e4-9b0f9f306b89/datanode-0/data/ratis
2023-03-09 15:02:00,436 [Listener at 127.0.0.1/39953] INFO  volume.StorageVolumeChecker (StorageVolumeChecker.java:checkAllVolumes(202)) - Scheduled health check for volume /home/runner/work/ozone/ozone/hadoop-ozone/integration-test/target/test-dir/MiniOzoneClusterImpl-c8dd39f1-89f8-47ca-b8e4-9b0f9f306b89/datanode-0/data/ratis
2023-03-09 15:02:00,449 [Thread-4034] INFO  ozoneimpl.ContainerReader (ContainerReader.java:readVolume(175)) - Finish verifying containers on volume /home/runner/work/ozone/ozone/hadoop-ozone/integration-test/target/test-dir/MiniOzoneClusterImpl-c8dd39f1-89f8-47ca-b8e4-9b0f9f306b89/datanode-0/data-0/containers/hdds
2023-03-09 15:02:00,449 [Listener at 127.0.0.1/39953] INFO  ozoneimpl.OzoneContainer (OzoneContainer.java:buildContainerSet(304)) - Build ContainerSet costs 0s
2023-03-09 15:02:00,451 [Listener at 127.0.0.1/39953] INFO  server.RaftServer (ConfUtils.java:logGet(46)) - raft.rpc.type = GRPC (default)
2023-03-09 15:02:00,451 [Listener at 127.0.0.1/39953] INFO  grpc.GrpcConfigKeys (ConfUtils.java:logFallback(53)) - raft.grpc.admin.host = null (fallback to raft.grpc.server.host)
2023-03-09 15:02:00,451 [Listener at 127.0.0.1/39953] INFO  grpc.GrpcConfigKeys (ConfUtils.java:logGet(46)) - raft.grpc.admin.port = 0 (custom)
2023-03-09 15:02:00,452 [Listener at 127.0.0.1/39953] INFO  grpc.GrpcConfigKeys (ConfUtils.java:logFallback(53)) - raft.grpc.client.host = null (fallback to raft.grpc.server.host)
2023-03-09 15:02:00,452 [Listener at 127.0.0.1/39953] INFO  grpc.GrpcConfigKeys (ConfUtils.java:logGet(46)) - raft.grpc.client.port = 0 (custom)
2023-03-09 15:02:00,452 [Listener at 127.0.0.1/39953] INFO  grpc.GrpcConfigKeys (ConfUtils.java:logGet(46)) - raft.grpc.server.host = null (default)
2023-03-09 15:02:00,452 [Listener at 127.0.0.1/39953] INFO  grpc.GrpcConfigKeys (ConfUtils.java:logGet(46)) - raft.grpc.server.port = 0 (default)
2023-03-09 15:02:00,452 [Listener at 127.0.0.1/39953] INFO  server.GrpcService (ConfUtils.java:logGet(46)) - raft.grpc.message.size.max = 32MB (=33554432) (custom)
2023-03-09 15:02:00,453 [Listener at 127.0.0.1/39953] INFO  server.RaftServerConfigKeys (ConfUtils.java:logGet(46)) - raft.server.log.appender.buffer.byte-limit = 33554432 (custom)
2023-03-09 15:02:00,453 [Listener at 127.0.0.1/39953] INFO  server.GrpcService (ConfUtils.java:logGet(46)) - raft.grpc.flow.control.window = 5MB (=5242880) (custom)
2023-03-09 15:02:00,453 [Listener at 127.0.0.1/39953] INFO  server.RaftServerConfigKeys (ConfUtils.java:logGet(46)) - raft.server.rpc.request.timeout = 60s (custom)
2023-03-09 15:02:00,453 [Listener at 127.0.0.1/39953] INFO  grpc.GrpcConfigKeys (ConfUtils.java:logGet(46)) - raft.grpc.server.heartbeat.channel = true (default)
2023-03-09 15:02:00,453 [Listener at 127.0.0.1/39953] INFO  grpc.GrpcConfigKeys (ConfUtils.java:logGet(46)) - raft.grpc.server.async.request.thread.pool.cached = true (default)
2023-03-09 15:02:00,453 [Listener at 127.0.0.1/39953] INFO  grpc.GrpcConfigKeys (ConfUtils.java:logGet(46)) - raft.grpc.server.async.request.thread.pool.size = 32 (default)
2023-03-09 15:02:00,455 [Listener at 127.0.0.1/39953] INFO  impl.DataStreamServerImpl (ConfUtils.java:logGet(46)) - raft.datastream.type = NETTY (custom)
2023-03-09 15:02:00,455 [Listener at 127.0.0.1/39953] INFO  server.RaftServerConfigKeys (ConfUtils.java:logGet(46)) - raft.server.data-stream.async.request.thread.pool.cached = false (default)
2023-03-09 15:02:00,455 [Listener at 127.0.0.1/39953] INFO  server.RaftServerConfigKeys (ConfUtils.java:logGet(46)) - raft.server.data-stream.async.request.thread.pool.size = 20 (custom)
2023-03-09 15:02:00,456 [Listener at 127.0.0.1/39953] INFO  server.RaftServerConfigKeys (ConfUtils.java:logGet(46)) - raft.server.data-stream.async.write.thread.pool.size = 16 (default)
2023-03-09 15:02:00,457 [Listener at 127.0.0.1/39953] INFO  server.RaftServerConfigKeys (ConfUtils.java:logGet(46)) - raft.server.data-stream.client.pool.size = 10 (default)
2023-03-09 15:02:00,457 [Listener at 127.0.0.1/39953] INFO  netty.NettyConfigKeys$DataStream (ConfUtils.java:logGet(46)) - raft.netty.dataStream.server.use-epoll = false (default)
2023-03-09 15:02:00,457 [Listener at 127.0.0.1/39953] INFO  netty.NettyConfigKeys$DataStream (ConfUtils.java:logGet(46)) - raft.netty.dataStream.server.boss-group.size = 0 (default)
2023-03-09 15:02:00,458 [Listener at 127.0.0.1/39953] INFO  netty.NettyConfigKeys$DataStream (ConfUtils.java:logGet(46)) - raft.netty.dataStream.server.worker-group.size = 0 (default)
2023-03-09 15:02:00,458 [Listener at 127.0.0.1/39953] INFO  netty.NettyConfigKeys$DataStream (ConfUtils.java:logGet(46)) - raft.netty.dataStream.server.tls.conf = null (default)
2023-03-09 15:02:00,459 [Listener at 127.0.0.1/39953] INFO  netty.NettyConfigKeys$DataStream (ConfUtils.java:logGet(46)) - raft.netty.dataStream.host = null (default)
2023-03-09 15:02:00,459 [Listener at 127.0.0.1/39953] INFO  netty.NettyConfigKeys$DataStream (ConfUtils.java:logGet(46)) - raft.netty.dataStream.port = 0 (default)
2023-03-09 15:02:00,460 [Listener at 127.0.0.1/39953] INFO  server.RaftServerConfigKeys (ConfUtils.java:logGet(46)) - raft.server.threadpool.proxy.cached = true (default)
2023-03-09 15:02:00,460 [Listener at 127.0.0.1/39953] INFO  server.RaftServerConfigKeys (ConfUtils.java:logGet(46)) - raft.server.threadpool.proxy.size = 0 (default)
2023-03-09 15:02:00,460 [29c9a1c1-e3f8-4fe7-8970-336a6086cca1-NettyServerStreamRpc-bossGroup--thread1] INFO  logging.LoggingHandler (AbstractInternalLogger.java:log(148)) - [id: 0x110c391f] REGISTERED
2023-03-09 15:02:00,460 [Listener at 127.0.0.1/39953] INFO  server.RaftServerConfigKeys (ConfUtils.java:logGet(46)) - raft.server.rpc.slowness.timeout = 300s (custom)
2023-03-09 15:02:00,461 [Listener at 127.0.0.1/39953] INFO  server.RaftServerConfigKeys (ConfUtils.java:logGet(46)) - raft.server.leaderelection.leader.step-down.wait-time = 10s (default)
2023-03-09 15:02:00,461 [Listener at 127.0.0.1/39953] INFO  server.RaftServerConfigKeys (ConfUtils.java:logGet(46)) - raft.server.storage.dir = [/home/runner/work/ozone/ozone/hadoop-ozone/integration-test/target/test-dir/MiniOzoneClusterImpl-c8dd39f1-89f8-47ca-b8e4-9b0f9f306b89/datanode-0/data/ratis] (custom)
2023-03-09 15:02:00,461 [29c9a1c1-e3f8-4fe7-8970-336a6086cca1-NettyServerStreamRpc-bossGroup--thread1] INFO  logging.LoggingHandler (AbstractInternalLogger.java:log(148)) - [id: 0x110c391f] BIND: 0.0.0.0/0.0.0.0:0
2023-03-09 15:02:00,461 [29c9a1c1-e3f8-4fe7-8970-336a6086cca1-NettyServerStreamRpc-bossGroup--thread1] INFO  logging.LoggingHandler (AbstractInternalLogger.java:log(148)) - [id: 0x110c391f, L:/0:0:0:0:0:0:0:0:33519] ACTIVE
2023-03-09 15:02:00,463 [Listener at 127.0.0.1/39953] INFO  server.XceiverServerGrpc (XceiverServerGrpc.java:<init>(132)) - GrpcServer channel type EpollServerSocketChannel
2023-03-09 15:02:00,468 [Listener at 127.0.0.1/39953] INFO  http.BaseHttpServer (BaseHttpServer.java:newHttpServer2BuilderForOzone(224)) - Starting Web-server for hddsDatanode at: http://0.0.0.0:0
2023-03-09 15:02:00,468 [Listener at 127.0.0.1/39953] INFO  http.BaseHttpServer (BaseHttpServer.java:<init>(111)) - Hadoop Security Enabled: false Ozone Security Enabled: false Ozone HTTP Security Enabled: false 
2023-03-09 15:02:00,469 [Listener at 127.0.0.1/39953] WARN  server.AuthenticationFilter (AuthenticationFilter.java:constructSecretProvider(240)) - Unable to initialize FileSignerSecretProvider, falling back to use random secrets. Reason: Could not read signature secret file: /home/runner/hadoop-http-auth-signature-secret
2023-03-09 15:02:00,470 [Listener at 127.0.0.1/39953] WARN  http.HttpRequestLog (HttpRequestLog.java:getRequestLog(103)) - Jetty request log can only be enabled using Log4j
2023-03-09 15:02:00,471 [Listener at 127.0.0.1/39953] INFO  http.HttpServer2 (HttpServer2.java:addGlobalFilter(1031)) - Added global filter 'safety' (class=org.apache.hadoop.hdds.server.http.HttpServer2$QuotingInputFilter)
2023-03-09 15:02:00,472 [Listener at 127.0.0.1/39953] INFO  http.HttpServer2 (HttpServer2.java:addFilter(1007)) - Added filter static_user_filter (class=org.apache.hadoop.http.lib.StaticUserWebFilter$StaticUserFilter) to context hddsDatanode
2023-03-09 15:02:00,472 [Listener at 127.0.0.1/39953] INFO  http.HttpServer2 (HttpServer2.java:addFilter(1015)) - Added filter static_user_filter (class=org.apache.hadoop.http.lib.StaticUserWebFilter$StaticUserFilter) to context logs
2023-03-09 15:02:00,472 [Listener at 127.0.0.1/39953] INFO  http.HttpServer2 (HttpServer2.java:addFilter(1015)) - Added filter static_user_filter (class=org.apache.hadoop.http.lib.StaticUserWebFilter$StaticUserFilter) to context static
2023-03-09 15:02:00,473 [Listener at 127.0.0.1/39953] INFO  http.BaseHttpServer (BaseHttpServer.java:<init>(190)) - HTTP server of hddsDatanode uses base directory /home/runner/work/ozone/ozone/hadoop-ozone/integration-test/target/test-dir/MiniOzoneClusterImpl-c8dd39f1-89f8-47ca-b8e4-9b0f9f306b89/datanode-0/meta/webserver
2023-03-09 15:02:00,473 [Listener at 127.0.0.1/39953] INFO  http.HttpServer2 (HttpServer2.java:bindListener(1250)) - Jetty bound to port 43883
2023-03-09 15:02:00,473 [Listener at 127.0.0.1/39953] INFO  server.Server (Server.java:doStart(375)) - jetty-9.4.49.v20220914; built: 2022-09-14T01:07:36.601Z; git: 4231a3b2e4cb8548a412a789936d640a97b1aa0a; jvm 1.8.0_362-b09
2023-03-09 15:02:00,475 [Listener at 127.0.0.1/39953] INFO  server.session (DefaultSessionIdManager.java:doStart(334)) - DefaultSessionIdManager workerName=node0
2023-03-09 15:02:00,475 [Listener at 127.0.0.1/39953] INFO  server.session (DefaultSessionIdManager.java:doStart(339)) - No SessionScavenger set, using defaults
2023-03-09 15:02:00,475 [Listener at 127.0.0.1/39953] INFO  server.session (HouseKeeper.java:startScavenging(132)) - node0 Scavenging every 600000ms
2023-03-09 15:02:00,476 [Listener at 127.0.0.1/39953] INFO  handler.ContextHandler (ContextHandler.java:doStart(921)) - Started o.e.j.s.ServletContextHandler@1037e983{logs,/logs,file:///home/runner/work/ozone/ozone/hadoop-ozone/integration-test/target/log,AVAILABLE}
2023-03-09 15:02:00,477 [Listener at 127.0.0.1/39953] INFO  handler.ContextHandler (ContextHandler.java:doStart(921)) - Started o.e.j.s.ServletContextHandler@730a2bef{static,/static,jar:file:/home/runner/.m2/repository/org/apache/ozone/hdds-container-service/1.4.0-SNAPSHOT/hdds-container-service-1.4.0-SNAPSHOT.jar!/webapps/static,AVAILABLE}
2023-03-09 15:02:00,709 [Listener at 127.0.0.1/39953] INFO  handler.ContextHandler (ContextHandler.java:doStart(921)) - Started o.e.j.w.WebAppContext@582f80ce{hddsDatanode,/,file:///home/runner/work/ozone/ozone/hadoop-ozone/integration-test/target/test-dir/MiniOzoneClusterImpl-c8dd39f1-89f8-47ca-b8e4-9b0f9f306b89/datanode-0/meta/webserver/jetty-0_0_0_0-43883-hdds-container-service-1_4_0-SNAPSHOT_jar-_-any-6678002348052148782/webapp/,AVAILABLE}{jar:file:/home/runner/.m2/repository/org/apache/ozone/hdds-container-service/1.4.0-SNAPSHOT/hdds-container-service-1.4.0-SNAPSHOT.jar!/webapps/hddsDatanode}
2023-03-09 15:02:00,713 [Listener at 127.0.0.1/39953] INFO  server.AbstractConnector (AbstractConnector.java:doStart(333)) - Started ServerConnector@31686695{HTTP/1.1, (http/1.1)}{0.0.0.0:43883}
2023-03-09 15:02:00,713 [Listener at 127.0.0.1/39953] INFO  server.Server (Server.java:doStart(415)) - Started @251366ms
2023-03-09 15:02:00,713 [Listener at 127.0.0.1/39953] WARN  impl.MetricsSystemImpl (MetricsSystemImpl.java:register(279)) - Sink prometheus already exists!
2023-03-09 15:02:00,714 [Listener at 127.0.0.1/39953] INFO  http.BaseHttpServer (BaseHttpServer.java:updateConnectorAddress(344)) - HTTP server of hddsDatanode listening at http://0.0.0.0:43883
2023-03-09 15:02:00,715 [Datanode State Machine Daemon Thread] INFO  statemachine.DatanodeStateMachine (DatanodeStateMachine.java:lambda$startDaemon$0(517)) - Ozone container server started.
2023-03-09 15:02:00,715 [Listener at 127.0.0.1/39953] WARN  impl.MetricRegistriesImpl (MetricRegistriesImpl.java:addReporterRegistration(111)) - New reporters are added after registries were created. Some metrics will be missing from the reporter. Please add reporter before adding any new registry.
2023-03-09 15:02:00,723 [Listener at 127.0.0.1/39953] WARN  impl.MetricRegistriesImpl (MetricRegistriesImpl.java:addReporterRegistration(111)) - New reporters are added after registries were created. Some metrics will be missing from the reporter. Please add reporter before adding any new registry.
2023-03-09 15:02:00,723 [Listener at 127.0.0.1/39953] INFO  impl.MetricsSystemImpl (MetricsSystemImpl.java:init(158)) - HddsDatanode metrics system started (again)
2023-03-09 15:02:00,735 [Listener at 127.0.0.1/39953] INFO  ozone.HddsDatanodeService (HddsDatanodeService.java:start(229)) - HddsDatanodeService host:fv-az377-502.ap30g4v5sw5evmjtdmxdg2w53f.dx.internal.cloudapp.net ip:10.1.0.44
2023-03-09 15:02:00,736 [org.apache.hadoop.util.JvmPauseMonitor$Monitor@3e02479] INFO  util.JvmPauseMonitor (JvmPauseMonitor.java:run(188)) - Starting JVM pause monitor
2023-03-09 15:02:00,737 [Datanode State Machine Task Thread - 0] INFO  ha.SCMNodeInfo (SCMNodeInfo.java:getPort(197)) - ConfigKey ozone.scm.client.address is deprecated, For configuring different ports for each SCM use PortConfigKey ozone.scm.client.port appended with serviceId and nodeId
2023-03-09 15:02:00,737 [Datanode State Machine Task Thread - 0] INFO  ha.SCMNodeInfo (SCMNodeInfo.java:getPort(197)) - ConfigKey ozone.scm.block.client.address is deprecated, For configuring different ports for each SCM use PortConfigKey ozone.scm.block.client.port appended with serviceId and nodeId
2023-03-09 15:02:00,737 [Datanode State Machine Task Thread - 0] INFO  ha.SCMNodeInfo (SCMNodeInfo.java:getPort(197)) - ConfigKey ozone.scm.datanode.address is deprecated, For configuring different ports for each SCM use PortConfigKey ozone.scm.datanode.port appended with serviceId and nodeId
2023-03-09 15:02:00,747 [Datanode State Machine Task Thread - 0] INFO  datanode.InitDatanodeState (InitDatanodeState.java:persistContainerDatanodeDetails(138)) - DatanodeDetails is persisted to /home/runner/work/ozone/ozone/hadoop-ozone/integration-test/target/test-dir/MiniOzoneClusterImpl-c8dd39f1-89f8-47ca-b8e4-9b0f9f306b89/datanode-0/meta/datanode.id
2023-03-09 15:02:00,762 [Listener at 127.0.0.1/39953] INFO  upgrade.AbstractLayoutVersionManager (AbstractLayoutVersionManager.java:init(83)) - Initializing Layout version manager with metadata layout = DATANODE_SCHEMA_V3 (version = 4), software layout = DATANODE_SCHEMA_V3 (version = 4)
2023-03-09 15:02:00,811 [Listener at 127.0.0.1/39953] INFO  reflections.Reflections (Reflections.java:scan(232)) - Reflections took 48 ms to scan 7 urls, producing 154 keys and 367 values 
2023-03-09 15:02:00,813 [Listener at 127.0.0.1/39953] INFO  ha.SCMNodeInfo (SCMNodeInfo.java:getPort(197)) - ConfigKey ozone.scm.client.address is deprecated, For configuring different ports for each SCM use PortConfigKey ozone.scm.client.port appended with serviceId and nodeId
2023-03-09 15:02:00,813 [Listener at 127.0.0.1/39953] INFO  ha.SCMNodeInfo (SCMNodeInfo.java:getPort(197)) - ConfigKey ozone.scm.block.client.address is deprecated, For configuring different ports for each SCM use PortConfigKey ozone.scm.block.client.port appended with serviceId and nodeId
2023-03-09 15:02:00,813 [Listener at 127.0.0.1/39953] INFO  ha.SCMNodeInfo (SCMNodeInfo.java:getPort(197)) - ConfigKey ozone.scm.datanode.address is deprecated, For configuring different ports for each SCM use PortConfigKey ozone.scm.datanode.port appended with serviceId and nodeId
2023-03-09 15:02:00,813 [Listener at 127.0.0.1/39953] INFO  statemachine.DatanodeStateMachine (DatanodeStateMachine.java:getEndPointTaskThreadPoolSize(260)) - Datanode State Machine Task Thread Pool size 2
2023-03-09 15:02:00,815 [Listener at 127.0.0.1/39953] INFO  volume.HddsVolume (HddsVolume.java:<init>(122)) - Creating HddsVolume: /home/runner/work/ozone/ozone/hadoop-ozone/integration-test/target/test-dir/MiniOzoneClusterImpl-c8dd39f1-89f8-47ca-b8e4-9b0f9f306b89/datanode-1/data-0/containers/hdds of storage type : DISK capacity : 9223372036854775807
2023-03-09 15:02:00,815 [Listener at 127.0.0.1/39953] INFO  volume.MutableVolumeSet (MutableVolumeSet.java:initializeVolumeSet(174)) - Added Volume : /home/runner/work/ozone/ozone/hadoop-ozone/integration-test/target/test-dir/MiniOzoneClusterImpl-c8dd39f1-89f8-47ca-b8e4-9b0f9f306b89/datanode-1/data-0/containers/hdds to VolumeSet
2023-03-09 15:02:00,815 [Listener at 127.0.0.1/39953] INFO  volume.ThrottledAsyncChecker (ThrottledAsyncChecker.java:schedule(141)) - Scheduling a check for /home/runner/work/ozone/ozone/hadoop-ozone/integration-test/target/test-dir/MiniOzoneClusterImpl-c8dd39f1-89f8-47ca-b8e4-9b0f9f306b89/datanode-1/data-0/containers/hdds
2023-03-09 15:02:00,816 [Listener at 127.0.0.1/39953] INFO  volume.StorageVolumeChecker (StorageVolumeChecker.java:checkAllVolumes(202)) - Scheduled health check for volume /home/runner/work/ozone/ozone/hadoop-ozone/integration-test/target/test-dir/MiniOzoneClusterImpl-c8dd39f1-89f8-47ca-b8e4-9b0f9f306b89/datanode-1/data-0/containers/hdds
2023-03-09 15:02:00,827 [Listener at 127.0.0.1/39953] INFO  volume.MutableVolumeSet (MutableVolumeSet.java:initializeVolumeSet(174)) - Added Volume : /home/runner/work/ozone/ozone/hadoop-ozone/integration-test/target/test-dir/MiniOzoneClusterImpl-c8dd39f1-89f8-47ca-b8e4-9b0f9f306b89/datanode-1/data/ratis to VolumeSet
2023-03-09 15:02:00,827 [Listener at 127.0.0.1/39953] INFO  volume.ThrottledAsyncChecker (ThrottledAsyncChecker.java:schedule(141)) - Scheduling a check for /home/runner/work/ozone/ozone/hadoop-ozone/integration-test/target/test-dir/MiniOzoneClusterImpl-c8dd39f1-89f8-47ca-b8e4-9b0f9f306b89/datanode-1/data/ratis
2023-03-09 15:02:00,828 [Listener at 127.0.0.1/39953] INFO  volume.StorageVolumeChecker (StorageVolumeChecker.java:checkAllVolumes(202)) - Scheduled health check for volume /home/runner/work/ozone/ozone/hadoop-ozone/integration-test/target/test-dir/MiniOzoneClusterImpl-c8dd39f1-89f8-47ca-b8e4-9b0f9f306b89/datanode-1/data/ratis
2023-03-09 15:02:00,839 [Thread-4048] INFO  ozoneimpl.ContainerReader (ContainerReader.java:readVolume(175)) - Finish verifying containers on volume /home/runner/work/ozone/ozone/hadoop-ozone/integration-test/target/test-dir/MiniOzoneClusterImpl-c8dd39f1-89f8-47ca-b8e4-9b0f9f306b89/datanode-1/data-0/containers/hdds
2023-03-09 15:02:00,840 [Listener at 127.0.0.1/39953] INFO  ozoneimpl.OzoneContainer (OzoneContainer.java:buildContainerSet(304)) - Build ContainerSet costs 0s
2023-03-09 15:02:00,843 [Listener at 127.0.0.1/39953] INFO  server.RaftServer (ConfUtils.java:logGet(46)) - raft.rpc.type = GRPC (default)
2023-03-09 15:02:00,843 [Listener at 127.0.0.1/39953] INFO  grpc.GrpcConfigKeys (ConfUtils.java:logFallback(53)) - raft.grpc.admin.host = null (fallback to raft.grpc.server.host)
2023-03-09 15:02:00,843 [Listener at 127.0.0.1/39953] INFO  grpc.GrpcConfigKeys (ConfUtils.java:logGet(46)) - raft.grpc.admin.port = 0 (custom)
2023-03-09 15:02:00,844 [Listener at 127.0.0.1/39953] INFO  grpc.GrpcConfigKeys (ConfUtils.java:logFallback(53)) - raft.grpc.client.host = null (fallback to raft.grpc.server.host)
2023-03-09 15:02:00,844 [Listener at 127.0.0.1/39953] INFO  grpc.GrpcConfigKeys (ConfUtils.java:logGet(46)) - raft.grpc.client.port = 0 (custom)
2023-03-09 15:02:00,844 [Listener at 127.0.0.1/39953] INFO  grpc.GrpcConfigKeys (ConfUtils.java:logGet(46)) - raft.grpc.server.host = null (default)
2023-03-09 15:02:00,844 [Listener at 127.0.0.1/39953] INFO  grpc.GrpcConfigKeys (ConfUtils.java:logGet(46)) - raft.grpc.server.port = 0 (default)
2023-03-09 15:02:00,844 [Listener at 127.0.0.1/39953] INFO  server.GrpcService (ConfUtils.java:logGet(46)) - raft.grpc.message.size.max = 32MB (=33554432) (custom)
2023-03-09 15:02:00,844 [Listener at 127.0.0.1/39953] INFO  server.RaftServerConfigKeys (ConfUtils.java:logGet(46)) - raft.server.log.appender.buffer.byte-limit = 33554432 (custom)
2023-03-09 15:02:00,845 [Listener at 127.0.0.1/39953] INFO  server.GrpcService (ConfUtils.java:logGet(46)) - raft.grpc.flow.control.window = 5MB (=5242880) (custom)
2023-03-09 15:02:00,845 [Listener at 127.0.0.1/39953] INFO  server.RaftServerConfigKeys (ConfUtils.java:logGet(46)) - raft.server.rpc.request.timeout = 60s (custom)
2023-03-09 15:02:00,845 [Listener at 127.0.0.1/39953] INFO  grpc.GrpcConfigKeys (ConfUtils.java:logGet(46)) - raft.grpc.server.heartbeat.channel = true (default)
2023-03-09 15:02:00,845 [Listener at 127.0.0.1/39953] INFO  grpc.GrpcConfigKeys (ConfUtils.java:logGet(46)) - raft.grpc.server.async.request.thread.pool.cached = true (default)
2023-03-09 15:02:00,845 [Listener at 127.0.0.1/39953] INFO  grpc.GrpcConfigKeys (ConfUtils.java:logGet(46)) - raft.grpc.server.async.request.thread.pool.size = 32 (default)
2023-03-09 15:02:00,846 [Listener at 127.0.0.1/39953] INFO  impl.DataStreamServerImpl (ConfUtils.java:logGet(46)) - raft.datastream.type = NETTY (custom)
2023-03-09 15:02:00,847 [Listener at 127.0.0.1/39953] INFO  server.RaftServerConfigKeys (ConfUtils.java:logGet(46)) - raft.server.data-stream.async.request.thread.pool.cached = false (default)
2023-03-09 15:02:00,847 [Listener at 127.0.0.1/39953] INFO  server.RaftServerConfigKeys (ConfUtils.java:logGet(46)) - raft.server.data-stream.async.request.thread.pool.size = 20 (custom)
2023-03-09 15:02:00,847 [Listener at 127.0.0.1/39953] INFO  server.RaftServerConfigKeys (ConfUtils.java:logGet(46)) - raft.server.data-stream.async.write.thread.pool.size = 16 (default)
2023-03-09 15:02:00,847 [Listener at 127.0.0.1/39953] INFO  server.RaftServerConfigKeys (ConfUtils.java:logGet(46)) - raft.server.data-stream.client.pool.size = 10 (default)
2023-03-09 15:02:00,847 [Listener at 127.0.0.1/39953] INFO  netty.NettyConfigKeys$DataStream (ConfUtils.java:logGet(46)) - raft.netty.dataStream.server.use-epoll = false (default)
2023-03-09 15:02:00,848 [Listener at 127.0.0.1/39953] INFO  netty.NettyConfigKeys$DataStream (ConfUtils.java:logGet(46)) - raft.netty.dataStream.server.boss-group.size = 0 (default)
2023-03-09 15:02:00,848 [Listener at 127.0.0.1/39953] INFO  netty.NettyConfigKeys$DataStream (ConfUtils.java:logGet(46)) - raft.netty.dataStream.server.worker-group.size = 0 (default)
2023-03-09 15:02:00,848 [Listener at 127.0.0.1/39953] INFO  netty.NettyConfigKeys$DataStream (ConfUtils.java:logGet(46)) - raft.netty.dataStream.server.tls.conf = null (default)
2023-03-09 15:02:00,848 [Listener at 127.0.0.1/39953] INFO  netty.NettyConfigKeys$DataStream (ConfUtils.java:logGet(46)) - raft.netty.dataStream.host = null (default)
2023-03-09 15:02:00,849 [Listener at 127.0.0.1/39953] INFO  netty.NettyConfigKeys$DataStream (ConfUtils.java:logGet(46)) - raft.netty.dataStream.port = 0 (default)
2023-03-09 15:02:00,850 [Listener at 127.0.0.1/39953] INFO  server.RaftServerConfigKeys (ConfUtils.java:logGet(46)) - raft.server.threadpool.proxy.cached = true (default)
2023-03-09 15:02:00,850 [Listener at 127.0.0.1/39953] INFO  server.RaftServerConfigKeys (ConfUtils.java:logGet(46)) - raft.server.threadpool.proxy.size = 0 (default)
2023-03-09 15:02:00,850 [Listener at 127.0.0.1/39953] INFO  server.RaftServerConfigKeys (ConfUtils.java:logGet(46)) - raft.server.rpc.slowness.timeout = 300s (custom)
2023-03-09 15:02:00,850 [Listener at 127.0.0.1/39953] INFO  server.RaftServerConfigKeys (ConfUtils.java:logGet(46)) - raft.server.leaderelection.leader.step-down.wait-time = 10s (default)
2023-03-09 15:02:00,850 [Listener at 127.0.0.1/39953] INFO  server.RaftServerConfigKeys (ConfUtils.java:logGet(46)) - raft.server.storage.dir = [/home/runner/work/ozone/ozone/hadoop-ozone/integration-test/target/test-dir/MiniOzoneClusterImpl-c8dd39f1-89f8-47ca-b8e4-9b0f9f306b89/datanode-1/data/ratis] (custom)
2023-03-09 15:02:00,851 [c6c2c657-0e93-48b3-a316-4dc30ca2acab-NettyServerStreamRpc-bossGroup--thread1] INFO  logging.LoggingHandler (AbstractInternalLogger.java:log(148)) - [id: 0x17deb0f5] REGISTERED
2023-03-09 15:02:00,851 [c6c2c657-0e93-48b3-a316-4dc30ca2acab-NettyServerStreamRpc-bossGroup--thread1] INFO  logging.LoggingHandler (AbstractInternalLogger.java:log(148)) - [id: 0x17deb0f5] BIND: 0.0.0.0/0.0.0.0:0
2023-03-09 15:02:00,851 [c6c2c657-0e93-48b3-a316-4dc30ca2acab-NettyServerStreamRpc-bossGroup--thread1] INFO  logging.LoggingHandler (AbstractInternalLogger.java:log(148)) - [id: 0x17deb0f5, L:/0:0:0:0:0:0:0:0:42347] ACTIVE
2023-03-09 15:02:00,855 [Listener at 127.0.0.1/39953] INFO  server.XceiverServerGrpc (XceiverServerGrpc.java:<init>(132)) - GrpcServer channel type EpollServerSocketChannel
2023-03-09 15:02:00,859 [Listener at 127.0.0.1/39953] INFO  http.BaseHttpServer (BaseHttpServer.java:newHttpServer2BuilderForOzone(224)) - Starting Web-server for hddsDatanode at: http://0.0.0.0:0
2023-03-09 15:02:00,859 [Listener at 127.0.0.1/39953] INFO  http.BaseHttpServer (BaseHttpServer.java:<init>(111)) - Hadoop Security Enabled: false Ozone Security Enabled: false Ozone HTTP Security Enabled: false 
2023-03-09 15:02:00,860 [Listener at 127.0.0.1/39953] WARN  server.AuthenticationFilter (AuthenticationFilter.java:constructSecretProvider(240)) - Unable to initialize FileSignerSecretProvider, falling back to use random secrets. Reason: Could not read signature secret file: /home/runner/hadoop-http-auth-signature-secret
2023-03-09 15:02:00,862 [Listener at 127.0.0.1/39953] WARN  http.HttpRequestLog (HttpRequestLog.java:getRequestLog(103)) - Jetty request log can only be enabled using Log4j
2023-03-09 15:02:00,863 [Listener at 127.0.0.1/39953] INFO  http.HttpServer2 (HttpServer2.java:addGlobalFilter(1031)) - Added global filter 'safety' (class=org.apache.hadoop.hdds.server.http.HttpServer2$QuotingInputFilter)
2023-03-09 15:02:00,864 [Listener at 127.0.0.1/39953] INFO  http.HttpServer2 (HttpServer2.java:addFilter(1007)) - Added filter static_user_filter (class=org.apache.hadoop.http.lib.StaticUserWebFilter$StaticUserFilter) to context hddsDatanode
2023-03-09 15:02:00,864 [Listener at 127.0.0.1/39953] INFO  http.HttpServer2 (HttpServer2.java:addFilter(1015)) - Added filter static_user_filter (class=org.apache.hadoop.http.lib.StaticUserWebFilter$StaticUserFilter) to context static
2023-03-09 15:02:00,864 [Listener at 127.0.0.1/39953] INFO  http.HttpServer2 (HttpServer2.java:addFilter(1015)) - Added filter static_user_filter (class=org.apache.hadoop.http.lib.StaticUserWebFilter$StaticUserFilter) to context logs
2023-03-09 15:02:00,864 [Listener at 127.0.0.1/39953] INFO  http.BaseHttpServer (BaseHttpServer.java:<init>(190)) - HTTP server of hddsDatanode uses base directory /home/runner/work/ozone/ozone/hadoop-ozone/integration-test/target/test-dir/MiniOzoneClusterImpl-c8dd39f1-89f8-47ca-b8e4-9b0f9f306b89/datanode-1/meta/webserver
2023-03-09 15:02:00,865 [Listener at 127.0.0.1/39953] INFO  http.HttpServer2 (HttpServer2.java:bindListener(1250)) - Jetty bound to port 38565
2023-03-09 15:02:00,865 [Listener at 127.0.0.1/39953] INFO  server.Server (Server.java:doStart(375)) - jetty-9.4.49.v20220914; built: 2022-09-14T01:07:36.601Z; git: 4231a3b2e4cb8548a412a789936d640a97b1aa0a; jvm 1.8.0_362-b09
2023-03-09 15:02:00,866 [Listener at 127.0.0.1/39953] INFO  server.session (DefaultSessionIdManager.java:doStart(334)) - DefaultSessionIdManager workerName=node0
2023-03-09 15:02:00,866 [Listener at 127.0.0.1/39953] INFO  server.session (DefaultSessionIdManager.java:doStart(339)) - No SessionScavenger set, using defaults
2023-03-09 15:02:00,867 [Listener at 127.0.0.1/39953] INFO  server.session (HouseKeeper.java:startScavenging(132)) - node0 Scavenging every 600000ms
2023-03-09 15:02:00,867 [Listener at 127.0.0.1/39953] INFO  handler.ContextHandler (ContextHandler.java:doStart(921)) - Started o.e.j.s.ServletContextHandler@c28234f{logs,/logs,file:///home/runner/work/ozone/ozone/hadoop-ozone/integration-test/target/log,AVAILABLE}
2023-03-09 15:02:00,868 [Listener at 127.0.0.1/39953] INFO  handler.ContextHandler (ContextHandler.java:doStart(921)) - Started o.e.j.s.ServletContextHandler@5d60bcb2{static,/static,jar:file:/home/runner/.m2/repository/org/apache/ozone/hdds-container-service/1.4.0-SNAPSHOT/hdds-container-service-1.4.0-SNAPSHOT.jar!/webapps/static,AVAILABLE}
2023-03-09 15:02:00,882 [EndpointStateMachine task thread for /127.0.0.1:36681 - 0 ] INFO  ipc.Client (Client.java:handleConnectionFailure(1010)) - Retrying connect to server: localhost/127.0.0.1:36681. Already tried 0 time(s); retry policy is RetryUpToMaximumCountWithFixedSleep(maxRetries=15, sleepTime=1000 MILLISECONDS)
2023-03-09 15:02:01,034 [EndpointStateMachine task thread for /127.0.0.1:35467 - 0 ] INFO  ipc.Client (Client.java:handleConnectionFailure(1010)) - Retrying connect to server: localhost/127.0.0.1:35467. Already tried 6 time(s); retry policy is RetryUpToMaximumCountWithFixedSleep(maxRetries=15, sleepTime=1000 MILLISECONDS)
2023-03-09 15:02:01,085 [Listener at 127.0.0.1/39953] INFO  handler.ContextHandler (ContextHandler.java:doStart(921)) - Started o.e.j.w.WebAppContext@349d5b52{hddsDatanode,/,file:///home/runner/work/ozone/ozone/hadoop-ozone/integration-test/target/test-dir/MiniOzoneClusterImpl-c8dd39f1-89f8-47ca-b8e4-9b0f9f306b89/datanode-1/meta/webserver/jetty-0_0_0_0-38565-hdds-container-service-1_4_0-SNAPSHOT_jar-_-any-7292095790743759733/webapp/,AVAILABLE}{jar:file:/home/runner/.m2/repository/org/apache/ozone/hdds-container-service/1.4.0-SNAPSHOT/hdds-container-service-1.4.0-SNAPSHOT.jar!/webapps/hddsDatanode}
2023-03-09 15:02:01,088 [Listener at 127.0.0.1/39953] INFO  server.AbstractConnector (AbstractConnector.java:doStart(333)) - Started ServerConnector@5ffa5e20{HTTP/1.1, (http/1.1)}{0.0.0.0:38565}
2023-03-09 15:02:01,088 [Listener at 127.0.0.1/39953] INFO  server.Server (Server.java:doStart(415)) - Started @251742ms
2023-03-09 15:02:01,088 [Listener at 127.0.0.1/39953] WARN  impl.MetricsSystemImpl (MetricsSystemImpl.java:register(279)) - Sink prometheus already exists!
2023-03-09 15:02:01,089 [Listener at 127.0.0.1/39953] INFO  http.BaseHttpServer (BaseHttpServer.java:updateConnectorAddress(344)) - HTTP server of hddsDatanode listening at http://0.0.0.0:38565
2023-03-09 15:02:01,090 [Listener at 127.0.0.1/39953] WARN  impl.MetricRegistriesImpl (MetricRegistriesImpl.java:addReporterRegistration(111)) - New reporters are added after registries were created. Some metrics will be missing from the reporter. Please add reporter before adding any new registry.
2023-03-09 15:02:01,090 [Listener at 127.0.0.1/39953] WARN  impl.MetricRegistriesImpl (MetricRegistriesImpl.java:addReporterRegistration(111)) - New reporters are added after registries were created. Some metrics will be missing from the reporter. Please add reporter before adding any new registry.
2023-03-09 15:02:01,090 [Listener at 127.0.0.1/39953] INFO  impl.MetricsSystemImpl (MetricsSystemImpl.java:init(158)) - HddsDatanode metrics system started (again)
2023-03-09 15:02:01,093 [Datanode State Machine Daemon Thread] INFO  statemachine.DatanodeStateMachine (DatanodeStateMachine.java:lambda$startDaemon$0(517)) - Ozone container server started.
2023-03-09 15:02:01,106 [Listener at 127.0.0.1/39953] INFO  ozone.HddsDatanodeService (HddsDatanodeService.java:start(229)) - HddsDatanodeService host:fv-az377-502.ap30g4v5sw5evmjtdmxdg2w53f.dx.internal.cloudapp.net ip:10.1.0.44
2023-03-09 15:02:01,106 [org.apache.hadoop.util.JvmPauseMonitor$Monitor@2e803398] INFO  util.JvmPauseMonitor (JvmPauseMonitor.java:run(188)) - Starting JVM pause monitor
2023-03-09 15:02:01,107 [Datanode State Machine Task Thread - 0] INFO  ha.SCMNodeInfo (SCMNodeInfo.java:getPort(197)) - ConfigKey ozone.scm.client.address is deprecated, For configuring different ports for each SCM use PortConfigKey ozone.scm.client.port appended with serviceId and nodeId
2023-03-09 15:02:01,107 [Datanode State Machine Task Thread - 0] INFO  ha.SCMNodeInfo (SCMNodeInfo.java:getPort(197)) - ConfigKey ozone.scm.block.client.address is deprecated, For configuring different ports for each SCM use PortConfigKey ozone.scm.block.client.port appended with serviceId and nodeId
2023-03-09 15:02:01,107 [Datanode State Machine Task Thread - 0] INFO  ha.SCMNodeInfo (SCMNodeInfo.java:getPort(197)) - ConfigKey ozone.scm.datanode.address is deprecated, For configuring different ports for each SCM use PortConfigKey ozone.scm.datanode.port appended with serviceId and nodeId
2023-03-09 15:02:01,114 [Datanode State Machine Task Thread - 0] INFO  datanode.InitDatanodeState (InitDatanodeState.java:persistContainerDatanodeDetails(138)) - DatanodeDetails is persisted to /home/runner/work/ozone/ozone/hadoop-ozone/integration-test/target/test-dir/MiniOzoneClusterImpl-c8dd39f1-89f8-47ca-b8e4-9b0f9f306b89/datanode-1/meta/datanode.id
2023-03-09 15:02:01,139 [Listener at 127.0.0.1/39953] INFO  upgrade.AbstractLayoutVersionManager (AbstractLayoutVersionManager.java:init(83)) - Initializing Layout version manager with metadata layout = DATANODE_SCHEMA_V3 (version = 4), software layout = DATANODE_SCHEMA_V3 (version = 4)
2023-03-09 15:02:01,189 [Listener at 127.0.0.1/39953] INFO  reflections.Reflections (Reflections.java:scan(232)) - Reflections took 48 ms to scan 7 urls, producing 154 keys and 367 values 
2023-03-09 15:02:01,192 [Listener at 127.0.0.1/39953] INFO  ha.SCMNodeInfo (SCMNodeInfo.java:getPort(197)) - ConfigKey ozone.scm.client.address is deprecated, For configuring different ports for each SCM use PortConfigKey ozone.scm.client.port appended with serviceId and nodeId
2023-03-09 15:02:01,192 [Listener at 127.0.0.1/39953] INFO  ha.SCMNodeInfo (SCMNodeInfo.java:getPort(197)) - ConfigKey ozone.scm.block.client.address is deprecated, For configuring different ports for each SCM use PortConfigKey ozone.scm.block.client.port appended with serviceId and nodeId
2023-03-09 15:02:01,192 [Listener at 127.0.0.1/39953] INFO  ha.SCMNodeInfo (SCMNodeInfo.java:getPort(197)) - ConfigKey ozone.scm.datanode.address is deprecated, For configuring different ports for each SCM use PortConfigKey ozone.scm.datanode.port appended with serviceId and nodeId
2023-03-09 15:02:01,192 [Listener at 127.0.0.1/39953] INFO  statemachine.DatanodeStateMachine (DatanodeStateMachine.java:getEndPointTaskThreadPoolSize(260)) - Datanode State Machine Task Thread Pool size 2
2023-03-09 15:02:01,194 [Listener at 127.0.0.1/39953] INFO  volume.HddsVolume (HddsVolume.java:<init>(122)) - Creating HddsVolume: /home/runner/work/ozone/ozone/hadoop-ozone/integration-test/target/test-dir/MiniOzoneClusterImpl-c8dd39f1-89f8-47ca-b8e4-9b0f9f306b89/datanode-2/data-0/containers/hdds of storage type : DISK capacity : 9223372036854775807
2023-03-09 15:02:01,194 [Listener at 127.0.0.1/39953] INFO  volume.MutableVolumeSet (MutableVolumeSet.java:initializeVolumeSet(174)) - Added Volume : /home/runner/work/ozone/ozone/hadoop-ozone/integration-test/target/test-dir/MiniOzoneClusterImpl-c8dd39f1-89f8-47ca-b8e4-9b0f9f306b89/datanode-2/data-0/containers/hdds to VolumeSet
2023-03-09 15:02:01,194 [Listener at 127.0.0.1/39953] INFO  volume.ThrottledAsyncChecker (ThrottledAsyncChecker.java:schedule(141)) - Scheduling a check for /home/runner/work/ozone/ozone/hadoop-ozone/integration-test/target/test-dir/MiniOzoneClusterImpl-c8dd39f1-89f8-47ca-b8e4-9b0f9f306b89/datanode-2/data-0/containers/hdds
2023-03-09 15:02:01,197 [Listener at 127.0.0.1/39953] INFO  volume.StorageVolumeChecker (StorageVolumeChecker.java:checkAllVolumes(202)) - Scheduled health check for volume /home/runner/work/ozone/ozone/hadoop-ozone/integration-test/target/test-dir/MiniOzoneClusterImpl-c8dd39f1-89f8-47ca-b8e4-9b0f9f306b89/datanode-2/data-0/containers/hdds
2023-03-09 15:02:01,212 [Listener at 127.0.0.1/39953] INFO  volume.MutableVolumeSet (MutableVolumeSet.java:initializeVolumeSet(174)) - Added Volume : /home/runner/work/ozone/ozone/hadoop-ozone/integration-test/target/test-dir/MiniOzoneClusterImpl-c8dd39f1-89f8-47ca-b8e4-9b0f9f306b89/datanode-2/data/ratis to VolumeSet
2023-03-09 15:02:01,212 [Listener at 127.0.0.1/39953] INFO  volume.ThrottledAsyncChecker (ThrottledAsyncChecker.java:schedule(141)) - Scheduling a check for /home/runner/work/ozone/ozone/hadoop-ozone/integration-test/target/test-dir/MiniOzoneClusterImpl-c8dd39f1-89f8-47ca-b8e4-9b0f9f306b89/datanode-2/data/ratis
2023-03-09 15:02:01,213 [Listener at 127.0.0.1/39953] INFO  volume.StorageVolumeChecker (StorageVolumeChecker.java:checkAllVolumes(202)) - Scheduled health check for volume /home/runner/work/ozone/ozone/hadoop-ozone/integration-test/target/test-dir/MiniOzoneClusterImpl-c8dd39f1-89f8-47ca-b8e4-9b0f9f306b89/datanode-2/data/ratis
2023-03-09 15:02:01,229 [Thread-4062] INFO  ozoneimpl.ContainerReader (ContainerReader.java:readVolume(175)) - Finish verifying containers on volume /home/runner/work/ozone/ozone/hadoop-ozone/integration-test/target/test-dir/MiniOzoneClusterImpl-c8dd39f1-89f8-47ca-b8e4-9b0f9f306b89/datanode-2/data-0/containers/hdds
2023-03-09 15:02:01,229 [Listener at 127.0.0.1/39953] INFO  ozoneimpl.OzoneContainer (OzoneContainer.java:buildContainerSet(304)) - Build ContainerSet costs 0s
2023-03-09 15:02:01,233 [Listener at 127.0.0.1/39953] INFO  server.RaftServer (ConfUtils.java:logGet(46)) - raft.rpc.type = GRPC (default)
2023-03-09 15:02:01,233 [Listener at 127.0.0.1/39953] INFO  grpc.GrpcConfigKeys (ConfUtils.java:logFallback(53)) - raft.grpc.admin.host = null (fallback to raft.grpc.server.host)
2023-03-09 15:02:01,233 [Listener at 127.0.0.1/39953] INFO  grpc.GrpcConfigKeys (ConfUtils.java:logGet(46)) - raft.grpc.admin.port = 0 (custom)
2023-03-09 15:02:01,233 [Listener at 127.0.0.1/39953] INFO  grpc.GrpcConfigKeys (ConfUtils.java:logFallback(53)) - raft.grpc.client.host = null (fallback to raft.grpc.server.host)
2023-03-09 15:02:01,234 [Listener at 127.0.0.1/39953] INFO  grpc.GrpcConfigKeys (ConfUtils.java:logGet(46)) - raft.grpc.client.port = 0 (custom)
2023-03-09 15:02:01,234 [Listener at 127.0.0.1/39953] INFO  grpc.GrpcConfigKeys (ConfUtils.java:logGet(46)) - raft.grpc.server.host = null (default)
2023-03-09 15:02:01,234 [Listener at 127.0.0.1/39953] INFO  grpc.GrpcConfigKeys (ConfUtils.java:logGet(46)) - raft.grpc.server.port = 0 (default)
2023-03-09 15:02:01,234 [Listener at 127.0.0.1/39953] INFO  server.GrpcService (ConfUtils.java:logGet(46)) - raft.grpc.message.size.max = 32MB (=33554432) (custom)
2023-03-09 15:02:01,235 [Listener at 127.0.0.1/39953] INFO  server.RaftServerConfigKeys (ConfUtils.java:logGet(46)) - raft.server.log.appender.buffer.byte-limit = 33554432 (custom)
2023-03-09 15:02:01,235 [Listener at 127.0.0.1/39953] INFO  server.GrpcService (ConfUtils.java:logGet(46)) - raft.grpc.flow.control.window = 5MB (=5242880) (custom)
2023-03-09 15:02:01,235 [Listener at 127.0.0.1/39953] INFO  server.RaftServerConfigKeys (ConfUtils.java:logGet(46)) - raft.server.rpc.request.timeout = 60s (custom)
2023-03-09 15:02:01,235 [Listener at 127.0.0.1/39953] INFO  grpc.GrpcConfigKeys (ConfUtils.java:logGet(46)) - raft.grpc.server.heartbeat.channel = true (default)
2023-03-09 15:02:01,235 [Listener at 127.0.0.1/39953] INFO  grpc.GrpcConfigKeys (ConfUtils.java:logGet(46)) - raft.grpc.server.async.request.thread.pool.cached = true (default)
2023-03-09 15:02:01,235 [Listener at 127.0.0.1/39953] INFO  grpc.GrpcConfigKeys (ConfUtils.java:logGet(46)) - raft.grpc.server.async.request.thread.pool.size = 32 (default)
2023-03-09 15:02:01,237 [Listener at 127.0.0.1/39953] INFO  impl.DataStreamServerImpl (ConfUtils.java:logGet(46)) - raft.datastream.type = NETTY (custom)
2023-03-09 15:02:01,237 [Listener at 127.0.0.1/39953] INFO  server.RaftServerConfigKeys (ConfUtils.java:logGet(46)) - raft.server.data-stream.async.request.thread.pool.cached = false (default)
2023-03-09 15:02:01,237 [Listener at 127.0.0.1/39953] INFO  server.RaftServerConfigKeys (ConfUtils.java:logGet(46)) - raft.server.data-stream.async.request.thread.pool.size = 20 (custom)
2023-03-09 15:02:01,238 [Listener at 127.0.0.1/39953] INFO  server.RaftServerConfigKeys (ConfUtils.java:logGet(46)) - raft.server.data-stream.async.write.thread.pool.size = 16 (default)
2023-03-09 15:02:01,238 [Listener at 127.0.0.1/39953] INFO  server.RaftServerConfigKeys (ConfUtils.java:logGet(46)) - raft.server.data-stream.client.pool.size = 10 (default)
2023-03-09 15:02:01,238 [Listener at 127.0.0.1/39953] INFO  netty.NettyConfigKeys$DataStream (ConfUtils.java:logGet(46)) - raft.netty.dataStream.server.use-epoll = false (default)
2023-03-09 15:02:01,238 [Listener at 127.0.0.1/39953] INFO  netty.NettyConfigKeys$DataStream (ConfUtils.java:logGet(46)) - raft.netty.dataStream.server.boss-group.size = 0 (default)
2023-03-09 15:02:01,239 [Listener at 127.0.0.1/39953] INFO  netty.NettyConfigKeys$DataStream (ConfUtils.java:logGet(46)) - raft.netty.dataStream.server.worker-group.size = 0 (default)
2023-03-09 15:02:01,239 [Listener at 127.0.0.1/39953] INFO  netty.NettyConfigKeys$DataStream (ConfUtils.java:logGet(46)) - raft.netty.dataStream.server.tls.conf = null (default)
2023-03-09 15:02:01,239 [Listener at 127.0.0.1/39953] INFO  netty.NettyConfigKeys$DataStream (ConfUtils.java:logGet(46)) - raft.netty.dataStream.host = null (default)
2023-03-09 15:02:01,240 [Listener at 127.0.0.1/39953] INFO  netty.NettyConfigKeys$DataStream (ConfUtils.java:logGet(46)) - raft.netty.dataStream.port = 0 (default)
2023-03-09 15:02:01,244 [Listener at 127.0.0.1/39953] INFO  server.RaftServerConfigKeys (ConfUtils.java:logGet(46)) - raft.server.threadpool.proxy.cached = true (default)
2023-03-09 15:02:01,244 [Listener at 127.0.0.1/39953] INFO  server.RaftServerConfigKeys (ConfUtils.java:logGet(46)) - raft.server.threadpool.proxy.size = 0 (default)
2023-03-09 15:02:01,244 [Listener at 127.0.0.1/39953] INFO  server.RaftServerConfigKeys (ConfUtils.java:logGet(46)) - raft.server.rpc.slowness.timeout = 300s (custom)
2023-03-09 15:02:01,244 [Listener at 127.0.0.1/39953] INFO  server.RaftServerConfigKeys (ConfUtils.java:logGet(46)) - raft.server.leaderelection.leader.step-down.wait-time = 10s (default)
2023-03-09 15:02:01,244 [Listener at 127.0.0.1/39953] INFO  server.RaftServerConfigKeys (ConfUtils.java:logGet(46)) - raft.server.storage.dir = [/home/runner/work/ozone/ozone/hadoop-ozone/integration-test/target/test-dir/MiniOzoneClusterImpl-c8dd39f1-89f8-47ca-b8e4-9b0f9f306b89/datanode-2/data/ratis] (custom)
2023-03-09 15:02:01,245 [126d5446-786c-45f2-bbbe-001b0b6f97a9-NettyServerStreamRpc-bossGroup--thread1] INFO  logging.LoggingHandler (AbstractInternalLogger.java:log(148)) - [id: 0xc8fdb87a] REGISTERED
2023-03-09 15:02:01,245 [126d5446-786c-45f2-bbbe-001b0b6f97a9-NettyServerStreamRpc-bossGroup--thread1] INFO  logging.LoggingHandler (AbstractInternalLogger.java:log(148)) - [id: 0xc8fdb87a] BIND: 0.0.0.0/0.0.0.0:0
2023-03-09 15:02:01,245 [126d5446-786c-45f2-bbbe-001b0b6f97a9-NettyServerStreamRpc-bossGroup--thread1] INFO  logging.LoggingHandler (AbstractInternalLogger.java:log(148)) - [id: 0xc8fdb87a, L:/0:0:0:0:0:0:0:0:41323] ACTIVE
2023-03-09 15:02:01,247 [Listener at 127.0.0.1/39953] INFO  server.XceiverServerGrpc (XceiverServerGrpc.java:<init>(132)) - GrpcServer channel type EpollServerSocketChannel
2023-03-09 15:02:01,251 [Listener at 127.0.0.1/39953] INFO  http.BaseHttpServer (BaseHttpServer.java:newHttpServer2BuilderForOzone(224)) - Starting Web-server for hddsDatanode at: http://0.0.0.0:0
2023-03-09 15:02:01,251 [Listener at 127.0.0.1/39953] INFO  http.BaseHttpServer (BaseHttpServer.java:<init>(111)) - Hadoop Security Enabled: false Ozone Security Enabled: false Ozone HTTP Security Enabled: false 
2023-03-09 15:02:01,252 [Listener at 127.0.0.1/39953] WARN  server.AuthenticationFilter (AuthenticationFilter.java:constructSecretProvider(240)) - Unable to initialize FileSignerSecretProvider, falling back to use random secrets. Reason: Could not read signature secret file: /home/runner/hadoop-http-auth-signature-secret
2023-03-09 15:02:01,257 [Listener at 127.0.0.1/39953] WARN  http.HttpRequestLog (HttpRequestLog.java:getRequestLog(103)) - Jetty request log can only be enabled using Log4j
2023-03-09 15:02:01,258 [Listener at 127.0.0.1/39953] INFO  http.HttpServer2 (HttpServer2.java:addGlobalFilter(1031)) - Added global filter 'safety' (class=org.apache.hadoop.hdds.server.http.HttpServer2$QuotingInputFilter)
2023-03-09 15:02:01,258 [Listener at 127.0.0.1/39953] INFO  http.HttpServer2 (HttpServer2.java:addFilter(1007)) - Added filter static_user_filter (class=org.apache.hadoop.http.lib.StaticUserWebFilter$StaticUserFilter) to context hddsDatanode
2023-03-09 15:02:01,259 [Listener at 127.0.0.1/39953] INFO  http.HttpServer2 (HttpServer2.java:addFilter(1015)) - Added filter static_user_filter (class=org.apache.hadoop.http.lib.StaticUserWebFilter$StaticUserFilter) to context static
2023-03-09 15:02:01,259 [Listener at 127.0.0.1/39953] INFO  http.HttpServer2 (HttpServer2.java:addFilter(1015)) - Added filter static_user_filter (class=org.apache.hadoop.http.lib.StaticUserWebFilter$StaticUserFilter) to context logs
2023-03-09 15:02:01,259 [Listener at 127.0.0.1/39953] INFO  http.BaseHttpServer (BaseHttpServer.java:<init>(190)) - HTTP server of hddsDatanode uses base directory /home/runner/work/ozone/ozone/hadoop-ozone/integration-test/target/test-dir/MiniOzoneClusterImpl-c8dd39f1-89f8-47ca-b8e4-9b0f9f306b89/datanode-2/meta/webserver
2023-03-09 15:02:01,260 [Listener at 127.0.0.1/39953] INFO  http.HttpServer2 (HttpServer2.java:bindListener(1250)) - Jetty bound to port 43691
2023-03-09 15:02:01,260 [Listener at 127.0.0.1/39953] INFO  server.Server (Server.java:doStart(375)) - jetty-9.4.49.v20220914; built: 2022-09-14T01:07:36.601Z; git: 4231a3b2e4cb8548a412a789936d640a97b1aa0a; jvm 1.8.0_362-b09
2023-03-09 15:02:01,261 [Listener at 127.0.0.1/39953] INFO  server.session (DefaultSessionIdManager.java:doStart(334)) - DefaultSessionIdManager workerName=node0
2023-03-09 15:02:01,262 [Listener at 127.0.0.1/39953] INFO  server.session (DefaultSessionIdManager.java:doStart(339)) - No SessionScavenger set, using defaults
2023-03-09 15:02:01,262 [Listener at 127.0.0.1/39953] INFO  server.session (HouseKeeper.java:startScavenging(132)) - node0 Scavenging every 660000ms
2023-03-09 15:02:01,263 [Listener at 127.0.0.1/39953] INFO  handler.ContextHandler (ContextHandler.java:doStart(921)) - Started o.e.j.s.ServletContextHandler@6cbf0694{logs,/logs,file:///home/runner/work/ozone/ozone/hadoop-ozone/integration-test/target/log,AVAILABLE}
2023-03-09 15:02:01,263 [Listener at 127.0.0.1/39953] INFO  handler.ContextHandler (ContextHandler.java:doStart(921)) - Started o.e.j.s.ServletContextHandler@1b764434{static,/static,jar:file:/home/runner/.m2/repository/org/apache/ozone/hdds-container-service/1.4.0-SNAPSHOT/hdds-container-service-1.4.0-SNAPSHOT.jar!/webapps/static,AVAILABLE}
2023-03-09 15:02:01,425 [omNode-1@group-0AAC5367B30E-FollowerState] INFO  impl.FollowerState (FollowerState.java:run(143)) - omNode-1@group-0AAC5367B30E-FollowerState: change to CANDIDATE, lastRpcElapsedTime:1173831647ns, electionTimeout:1172ms
2023-03-09 15:02:01,426 [omNode-1@group-0AAC5367B30E-FollowerState] INFO  impl.RoleInfo (RoleInfo.java:shutdownFollowerState(110)) - omNode-1: shutdown omNode-1@group-0AAC5367B30E-FollowerState
2023-03-09 15:02:01,426 [omNode-1@group-0AAC5367B30E-FollowerState] INFO  server.RaftServer$Division (RaftServerImpl.java:setRole(321)) - omNode-1@group-0AAC5367B30E: changes role from  FOLLOWER to CANDIDATE at term 0 for changeToCandidate
2023-03-09 15:02:01,426 [omNode-1@group-0AAC5367B30E-FollowerState] INFO  server.RaftServerConfigKeys (ConfUtils.java:logGet(46)) - raft.server.leaderelection.pre-vote = true (default)
2023-03-09 15:02:01,426 [omNode-1@group-0AAC5367B30E-FollowerState] INFO  impl.RoleInfo (RoleInfo.java:updateAndGet(139)) - omNode-1: start omNode-1@group-0AAC5367B30E-LeaderElection54
2023-03-09 15:02:01,441 [omNode-1@group-0AAC5367B30E-LeaderElection54] INFO  impl.LeaderElection (LeaderElection.java:askForVotes(312)) - omNode-1@group-0AAC5367B30E-LeaderElection54 PRE_VOTE round 0: submit vote requests at term 0 for -1: peers:[omNode-1|rpc:localhost:43577|priority:0|startupRole:FOLLOWER]|listeners:[], old=null
2023-03-09 15:02:01,441 [omNode-1@group-0AAC5367B30E-LeaderElection54] INFO  impl.LeaderElection (LeaderElection.java:askForVotes(314)) - omNode-1@group-0AAC5367B30E-LeaderElection54 PRE_VOTE round 0: result PASSED (term=0)
2023-03-09 15:02:01,444 [omNode-1@group-0AAC5367B30E-LeaderElection54] INFO  impl.LeaderElection (LeaderElection.java:askForVotes(312)) - omNode-1@group-0AAC5367B30E-LeaderElection54 ELECTION round 0: submit vote requests at term 1 for -1: peers:[omNode-1|rpc:localhost:43577|priority:0|startupRole:FOLLOWER]|listeners:[], old=null
2023-03-09 15:02:01,444 [omNode-1@group-0AAC5367B30E-LeaderElection54] INFO  impl.LeaderElection (LeaderElection.java:askForVotes(314)) - omNode-1@group-0AAC5367B30E-LeaderElection54 ELECTION round 0: result PASSED (term=1)
2023-03-09 15:02:01,444 [omNode-1@group-0AAC5367B30E-LeaderElection54] INFO  impl.RoleInfo (RoleInfo.java:shutdownLeaderElection(130)) - omNode-1: shutdown omNode-1@group-0AAC5367B30E-LeaderElection54
2023-03-09 15:02:01,444 [omNode-1@group-0AAC5367B30E-LeaderElection54] INFO  server.RaftServer$Division (RaftServerImpl.java:setRole(321)) - omNode-1@group-0AAC5367B30E: changes role from CANDIDATE to LEADER at term 1 for changeToLeader
2023-03-09 15:02:01,444 [omNode-1@group-0AAC5367B30E-LeaderElection54] INFO  server.RaftServer$Division (ServerState.java:setLeader(313)) - omNode-1@group-0AAC5367B30E: change Leader from null to omNode-1 at term 1 for becomeLeader, leader elected after 1637ms
2023-03-09 15:02:01,444 [omNode-1@group-0AAC5367B30E-LeaderElection54] INFO  server.RaftServerConfigKeys (ConfUtils.java:logGet(46)) - raft.server.staging.catchup.gap = 1000 (default)
2023-03-09 15:02:01,445 [omNode-1@group-0AAC5367B30E-LeaderElection54] INFO  server.RaftServerConfigKeys (ConfUtils.java:logGet(46)) - raft.server.write.element-limit = 4096 (default)
2023-03-09 15:02:01,445 [omNode-1@group-0AAC5367B30E-LeaderElection54] INFO  server.RaftServerConfigKeys (ConfUtils.java:logGet(46)) - raft.server.write.byte-limit = 64MB (=67108864) (default)
2023-03-09 15:02:01,445 [omNode-1@group-0AAC5367B30E-LeaderElection54] INFO  server.RaftServerConfigKeys (ConfUtils.java:logGet(46)) - raft.server.watch.timeout = 10s (default)
2023-03-09 15:02:01,445 [omNode-1@group-0AAC5367B30E-LeaderElection54] INFO  server.RaftServerConfigKeys (ConfUtils.java:logGet(46)) - raft.server.watch.timeout.denomination = 1s (default)
2023-03-09 15:02:01,445 [omNode-1@group-0AAC5367B30E-LeaderElection54] INFO  server.RaftServerConfigKeys (ConfUtils.java:logGet(46)) - raft.server.watch.element-limit = 65536 (default)
2023-03-09 15:02:01,445 [omNode-1@group-0AAC5367B30E-LeaderElection54] INFO  server.RaftServerConfigKeys (ConfUtils.java:logGet(46)) - raft.server.write.element-limit = 4096 (default)
2023-03-09 15:02:01,445 [omNode-1@group-0AAC5367B30E-LeaderElection54] INFO  server.RaftServerConfigKeys (ConfUtils.java:logGet(46)) - raft.server.write.follower.gap.ratio.max = -1.0 (default)
2023-03-09 15:02:01,445 [omNode-1@group-0AAC5367B30E-LeaderElection54] INFO  impl.RoleInfo (RoleInfo.java:updateAndGet(139)) - omNode-1: start omNode-1@group-0AAC5367B30E-LeaderStateImpl
2023-03-09 15:02:01,446 [omNode-1@group-0AAC5367B30E-LeaderElection54] INFO  segmented.SegmentedRaftLogWorker (SegmentedRaftLogWorker.java:startLogSegment(452)) - omNode-1@group-0AAC5367B30E-SegmentedRaftLogWorker: Starting segment from index:0
2023-03-09 15:02:01,459 [omNode-1@group-0AAC5367B30E-SegmentedRaftLogWorker] INFO  segmented.SegmentedRaftLogWorker (SegmentedRaftLogWorker.java:execute(656)) - omNode-1@group-0AAC5367B30E-SegmentedRaftLogWorker: created new log segment /home/runner/work/ozone/ozone/hadoop-ozone/integration-test/target/test-dir/MiniOzoneClusterImpl-c8dd39f1-89f8-47ca-b8e4-9b0f9f306b89/omNode-1/ratis/0718e334-ffa1-36bc-8e9a-0aac5367b30e/current/log_inprogress_0
2023-03-09 15:02:01,459 [omNode-1@group-0AAC5367B30E-LeaderElection54] INFO  server.RaftServer$Division (ServerState.java:setRaftConf(430)) - omNode-1@group-0AAC5367B30E: set configuration 0: peers:[omNode-1|rpc:localhost:43577|admin:|client:|dataStream:|priority:0|startupRole:FOLLOWER]|listeners:[], old=null
2023-03-09 15:02:01,460 [omNode-1@group-0AAC5367B30E-StateMachineUpdater] INFO  ratis.OzoneManagerStateMachine (OzoneManagerStateMachine.java:notifyConfigurationChanged(192)) - Received Configuration change notification from Ratis. New Peer list:
[id: "omNode-1"
address: "localhost:43577"
startupRole: FOLLOWER
]
2023-03-09 15:02:01,507 [Listener at 127.0.0.1/39953] INFO  handler.ContextHandler (ContextHandler.java:doStart(921)) - Started o.e.j.w.WebAppContext@42ce7e5b{hddsDatanode,/,file:///home/runner/work/ozone/ozone/hadoop-ozone/integration-test/target/test-dir/MiniOzoneClusterImpl-c8dd39f1-89f8-47ca-b8e4-9b0f9f306b89/datanode-2/meta/webserver/jetty-0_0_0_0-43691-hdds-container-service-1_4_0-SNAPSHOT_jar-_-any-7815534162375608818/webapp/,AVAILABLE}{jar:file:/home/runner/.m2/repository/org/apache/ozone/hdds-container-service/1.4.0-SNAPSHOT/hdds-container-service-1.4.0-SNAPSHOT.jar!/webapps/hddsDatanode}
2023-03-09 15:02:01,509 [Listener at 127.0.0.1/39953] INFO  server.AbstractConnector (AbstractConnector.java:doStart(333)) - Started ServerConnector@66d73742{HTTP/1.1, (http/1.1)}{0.0.0.0:43691}
2023-03-09 15:02:01,510 [Listener at 127.0.0.1/39953] INFO  server.Server (Server.java:doStart(415)) - Started @252163ms
2023-03-09 15:02:01,510 [Listener at 127.0.0.1/39953] WARN  impl.MetricsSystemImpl (MetricsSystemImpl.java:register(279)) - Sink prometheus already exists!
2023-03-09 15:02:01,511 [Listener at 127.0.0.1/39953] INFO  http.BaseHttpServer (BaseHttpServer.java:updateConnectorAddress(344)) - HTTP server of hddsDatanode listening at http://0.0.0.0:43691
2023-03-09 15:02:01,511 [Listener at 127.0.0.1/39953] INFO  ozone.MiniOzoneClusterImpl (MiniOzoneClusterImpl.java:lambda$waitForClusterToBeReady$0(218)) - Waiting for nodes to be ready. Got 0 of 3 DN Heartbeats.
2023-03-09 15:02:01,511 [Listener at 127.0.0.1/39953] INFO  ozone.MiniOzoneClusterImpl (MiniOzoneClusterImpl.java:lambda$waitForClusterToBeReady$0(221)) - Waiting for cluster to exit safe mode
2023-03-09 15:02:01,511 [Listener at 127.0.0.1/39953] INFO  ozone.MiniOzoneClusterImpl (MiniOzoneClusterImpl.java:lambda$waitForClusterToBeReady$0(223)) - SCM became leader
2023-03-09 15:02:01,512 [Datanode State Machine Daemon Thread] INFO  statemachine.DatanodeStateMachine (DatanodeStateMachine.java:lambda$startDaemon$0(517)) - Ozone container server started.
2023-03-09 15:02:01,526 [Datanode State Machine Task Thread - 0] INFO  ha.SCMNodeInfo (SCMNodeInfo.java:getPort(197)) - ConfigKey ozone.scm.client.address is deprecated, For configuring different ports for each SCM use PortConfigKey ozone.scm.client.port appended with serviceId and nodeId
2023-03-09 15:02:01,526 [Datanode State Machine Task Thread - 0] INFO  ha.SCMNodeInfo (SCMNodeInfo.java:getPort(197)) - ConfigKey ozone.scm.block.client.address is deprecated, For configuring different ports for each SCM use PortConfigKey ozone.scm.block.client.port appended with serviceId and nodeId
2023-03-09 15:02:01,527 [Datanode State Machine Task Thread - 0] INFO  ha.SCMNodeInfo (SCMNodeInfo.java:getPort(197)) - ConfigKey ozone.scm.datanode.address is deprecated, For configuring different ports for each SCM use PortConfigKey ozone.scm.datanode.port appended with serviceId and nodeId
2023-03-09 15:02:01,527 [org.apache.hadoop.util.JvmPauseMonitor$Monitor@226a118a] INFO  util.JvmPauseMonitor (JvmPauseMonitor.java:run(188)) - Starting JVM pause monitor
2023-03-09 15:02:01,528 [Datanode State Machine Task Thread - 0] INFO  datanode.InitDatanodeState (InitDatanodeState.java:persistContainerDatanodeDetails(138)) - DatanodeDetails is persisted to /home/runner/work/ozone/ozone/hadoop-ozone/integration-test/target/test-dir/MiniOzoneClusterImpl-c8dd39f1-89f8-47ca-b8e4-9b0f9f306b89/datanode-2/meta/datanode.id
2023-03-09 15:02:01,883 [EndpointStateMachine task thread for /127.0.0.1:36681 - 0 ] INFO  ipc.Client (Client.java:handleConnectionFailure(1010)) - Retrying connect to server: localhost/127.0.0.1:36681. Already tried 1 time(s); retry policy is RetryUpToMaximumCountWithFixedSleep(maxRetries=15, sleepTime=1000 MILLISECONDS)
2023-03-09 15:02:02,034 [EndpointStateMachine task thread for /127.0.0.1:35467 - 0 ] INFO  ipc.Client (Client.java:handleConnectionFailure(1010)) - Retrying connect to server: localhost/127.0.0.1:35467. Already tried 7 time(s); retry policy is RetryUpToMaximumCountWithFixedSleep(maxRetries=15, sleepTime=1000 MILLISECONDS)
2023-03-09 15:02:02,512 [Listener at 127.0.0.1/39953] INFO  ozone.MiniOzoneClusterImpl (MiniOzoneClusterImpl.java:lambda$waitForClusterToBeReady$0(218)) - Waiting for nodes to be ready. Got 0 of 3 DN Heartbeats.
2023-03-09 15:02:02,512 [Listener at 127.0.0.1/39953] INFO  ozone.MiniOzoneClusterImpl (MiniOzoneClusterImpl.java:lambda$waitForClusterToBeReady$0(221)) - Waiting for cluster to exit safe mode
2023-03-09 15:02:02,512 [Listener at 127.0.0.1/39953] INFO  ozone.MiniOzoneClusterImpl (MiniOzoneClusterImpl.java:lambda$waitForClusterToBeReady$0(223)) - SCM became leader
2023-03-09 15:02:02,811 [EndpointStateMachine task thread for /127.0.0.1:33275 - 0 ] INFO  utils.DatanodeStoreCache (DatanodeStoreCache.java:addDB(58)) - Added db /home/runner/work/ozone/ozone/hadoop-ozone/integration-test/target/test-dir/MiniOzoneClusterImpl-c8dd39f1-89f8-47ca-b8e4-9b0f9f306b89/datanode-0/data-0/containers/hdds/c8dd39f1-89f8-47ca-b8e4-9b0f9f306b89/DS-af663b38-0d0f-4f52-8a06-dbad045b80a3/container.db to cache
2023-03-09 15:02:02,811 [EndpointStateMachine task thread for /127.0.0.1:33275 - 0 ] INFO  volume.HddsVolume (HddsVolume.java:createDbStore(331)) - SchemaV3 db is created and loaded at /home/runner/work/ozone/ozone/hadoop-ozone/integration-test/target/test-dir/MiniOzoneClusterImpl-c8dd39f1-89f8-47ca-b8e4-9b0f9f306b89/datanode-0/data-0/containers/hdds/c8dd39f1-89f8-47ca-b8e4-9b0f9f306b89/DS-af663b38-0d0f-4f52-8a06-dbad045b80a3/container.db for volume DS-af663b38-0d0f-4f52-8a06-dbad045b80a3
2023-03-09 15:02:02,811 [EndpointStateMachine task thread for /127.0.0.1:33275 - 0 ] INFO  ozoneimpl.OzoneContainer (OzoneContainer.java:start(398)) - Attempting to start container services.
2023-03-09 15:02:02,812 [EndpointStateMachine task thread for /127.0.0.1:33275 - 0 ] INFO  ozoneimpl.OzoneContainer (OzoneContainer.java:startContainerScrub(315)) - Scheduled background container scanners and the on-demand container scanner have been disabled.
2023-03-09 15:02:02,817 [EndpointStateMachine task thread for /127.0.0.1:33275 - 0 ] INFO  replication.ReplicationServer (ReplicationServer.java:start(109)) - ReplicationServer is started using port 40251
2023-03-09 15:02:02,817 [EndpointStateMachine task thread for /127.0.0.1:33275 - 0 ] INFO  ratis.XceiverServerRatis (XceiverServerRatis.java:start(518)) - Starting XceiverServerRatis 29c9a1c1-e3f8-4fe7-8970-336a6086cca1
2023-03-09 15:02:02,818 [EndpointStateMachine task thread for /127.0.0.1:33275 - 0 ] INFO  server.RaftServer (RaftServerProxy.java:startImpl(393)) - 29c9a1c1-e3f8-4fe7-8970-336a6086cca1: start RPC server
2023-03-09 15:02:02,829 [EndpointStateMachine task thread for /127.0.0.1:33275 - 0 ] INFO  server.GrpcService (GrpcService.java:startImpl(262)) - 29c9a1c1-e3f8-4fe7-8970-336a6086cca1: GrpcService started, listening on 41623
2023-03-09 15:02:02,829 [EndpointStateMachine task thread for /127.0.0.1:33275 - 0 ] INFO  ratis.XceiverServerRatis (XceiverServerRatis.java:getRealPort(544)) - XceiverServerRatis 29c9a1c1-e3f8-4fe7-8970-336a6086cca1 is started using port 41623 for RATIS
2023-03-09 15:02:02,829 [EndpointStateMachine task thread for /127.0.0.1:33275 - 0 ] INFO  ratis.XceiverServerRatis (XceiverServerRatis.java:getRealPort(544)) - XceiverServerRatis 29c9a1c1-e3f8-4fe7-8970-336a6086cca1 is started using port 41623 for RATIS_ADMIN
2023-03-09 15:02:02,829 [JvmPauseMonitor39] INFO  util.JvmPauseMonitor (JvmPauseMonitor.java:run(105)) - JvmPauseMonitor-29c9a1c1-e3f8-4fe7-8970-336a6086cca1: Started
2023-03-09 15:02:02,829 [EndpointStateMachine task thread for /127.0.0.1:33275 - 0 ] INFO  ratis.XceiverServerRatis (XceiverServerRatis.java:getRealPort(544)) - XceiverServerRatis 29c9a1c1-e3f8-4fe7-8970-336a6086cca1 is started using port 41623 for RATIS_SERVER
2023-03-09 15:02:02,829 [EndpointStateMachine task thread for /127.0.0.1:33275 - 0 ] INFO  ratis.XceiverServerRatis (XceiverServerRatis.java:getRealPort(544)) - XceiverServerRatis 29c9a1c1-e3f8-4fe7-8970-336a6086cca1 is started using port 33519 for RATIS_DATASTREAM
2023-03-09 15:02:02,833 [EndpointStateMachine task thread for /127.0.0.1:33275 - 0 ] INFO  server.XceiverServerGrpc (XceiverServerGrpc.java:start(180)) - XceiverServerGrpc 29c9a1c1-e3f8-4fe7-8970-336a6086cca1 is started using port 46735
2023-03-09 15:02:02,833 [BlockDeletingService#0] INFO  interfaces.ContainerDeletionChoosingPolicyTemplate (ContainerDeletionChoosingPolicyTemplate.java:chooseContainerForBlockDeletion(83)) - Chosen 0/5000 blocks from 0 candidate containers.
2023-03-09 15:02:02,883 [EndpointStateMachine task thread for /127.0.0.1:36681 - 0 ] INFO  ipc.Client (Client.java:handleConnectionFailure(1010)) - Retrying connect to server: localhost/127.0.0.1:36681. Already tried 2 time(s); retry policy is RetryUpToMaximumCountWithFixedSleep(maxRetries=15, sleepTime=1000 MILLISECONDS)
2023-03-09 15:02:03,035 [EndpointStateMachine task thread for /127.0.0.1:35467 - 0 ] INFO  ipc.Client (Client.java:handleConnectionFailure(1010)) - Retrying connect to server: localhost/127.0.0.1:35467. Already tried 8 time(s); retry policy is RetryUpToMaximumCountWithFixedSleep(maxRetries=15, sleepTime=1000 MILLISECONDS)
2023-03-09 15:02:03,158 [EndpointStateMachine task thread for /127.0.0.1:33275 - 0 ] INFO  utils.DatanodeStoreCache (DatanodeStoreCache.java:addDB(58)) - Added db /home/runner/work/ozone/ozone/hadoop-ozone/integration-test/target/test-dir/MiniOzoneClusterImpl-c8dd39f1-89f8-47ca-b8e4-9b0f9f306b89/datanode-1/data-0/containers/hdds/c8dd39f1-89f8-47ca-b8e4-9b0f9f306b89/DS-204bacd2-3c3e-406f-968c-1a05a32f4d65/container.db to cache
2023-03-09 15:02:03,161 [EndpointStateMachine task thread for /127.0.0.1:33275 - 0 ] INFO  volume.HddsVolume (HddsVolume.java:createDbStore(331)) - SchemaV3 db is created and loaded at /home/runner/work/ozone/ozone/hadoop-ozone/integration-test/target/test-dir/MiniOzoneClusterImpl-c8dd39f1-89f8-47ca-b8e4-9b0f9f306b89/datanode-1/data-0/containers/hdds/c8dd39f1-89f8-47ca-b8e4-9b0f9f306b89/DS-204bacd2-3c3e-406f-968c-1a05a32f4d65/container.db for volume DS-204bacd2-3c3e-406f-968c-1a05a32f4d65
2023-03-09 15:02:03,161 [EndpointStateMachine task thread for /127.0.0.1:33275 - 0 ] INFO  ozoneimpl.OzoneContainer (OzoneContainer.java:start(398)) - Attempting to start container services.
2023-03-09 15:02:03,161 [EndpointStateMachine task thread for /127.0.0.1:33275 - 0 ] INFO  ozoneimpl.OzoneContainer (OzoneContainer.java:startContainerScrub(315)) - Scheduled background container scanners and the on-demand container scanner have been disabled.
2023-03-09 15:02:03,169 [EndpointStateMachine task thread for /127.0.0.1:33275 - 0 ] INFO  replication.ReplicationServer (ReplicationServer.java:start(109)) - ReplicationServer is started using port 35771
2023-03-09 15:02:03,171 [EndpointStateMachine task thread for /127.0.0.1:33275 - 0 ] INFO  ratis.XceiverServerRatis (XceiverServerRatis.java:start(518)) - Starting XceiverServerRatis c6c2c657-0e93-48b3-a316-4dc30ca2acab
2023-03-09 15:02:03,171 [EndpointStateMachine task thread for /127.0.0.1:33275 - 0 ] INFO  server.RaftServer (RaftServerProxy.java:startImpl(393)) - c6c2c657-0e93-48b3-a316-4dc30ca2acab: start RPC server
2023-03-09 15:02:03,176 [EndpointStateMachine task thread for /127.0.0.1:33275 - 0 ] INFO  server.GrpcService (GrpcService.java:startImpl(262)) - c6c2c657-0e93-48b3-a316-4dc30ca2acab: GrpcService started, listening on 45875
2023-03-09 15:02:03,176 [EndpointStateMachine task thread for /127.0.0.1:33275 - 0 ] INFO  ratis.XceiverServerRatis (XceiverServerRatis.java:getRealPort(544)) - XceiverServerRatis c6c2c657-0e93-48b3-a316-4dc30ca2acab is started using port 45875 for RATIS
2023-03-09 15:02:03,176 [EndpointStateMachine task thread for /127.0.0.1:33275 - 0 ] INFO  ratis.XceiverServerRatis (XceiverServerRatis.java:getRealPort(544)) - XceiverServerRatis c6c2c657-0e93-48b3-a316-4dc30ca2acab is started using port 45875 for RATIS_ADMIN
2023-03-09 15:02:03,176 [EndpointStateMachine task thread for /127.0.0.1:33275 - 0 ] INFO  ratis.XceiverServerRatis (XceiverServerRatis.java:getRealPort(544)) - XceiverServerRatis c6c2c657-0e93-48b3-a316-4dc30ca2acab is started using port 45875 for RATIS_SERVER
2023-03-09 15:02:03,176 [EndpointStateMachine task thread for /127.0.0.1:33275 - 0 ] INFO  ratis.XceiverServerRatis (XceiverServerRatis.java:getRealPort(544)) - XceiverServerRatis c6c2c657-0e93-48b3-a316-4dc30ca2acab is started using port 42347 for RATIS_DATASTREAM
2023-03-09 15:02:03,176 [JvmPauseMonitor40] INFO  util.JvmPauseMonitor (JvmPauseMonitor.java:run(105)) - JvmPauseMonitor-c6c2c657-0e93-48b3-a316-4dc30ca2acab: Started
2023-03-09 15:02:03,184 [EndpointStateMachine task thread for /127.0.0.1:33275 - 0 ] INFO  server.XceiverServerGrpc (XceiverServerGrpc.java:start(180)) - XceiverServerGrpc c6c2c657-0e93-48b3-a316-4dc30ca2acab is started using port 42381
2023-03-09 15:02:03,188 [BlockDeletingService#0] INFO  interfaces.ContainerDeletionChoosingPolicyTemplate (ContainerDeletionChoosingPolicyTemplate.java:chooseContainerForBlockDeletion(83)) - Chosen 0/5000 blocks from 0 candidate containers.
2023-03-09 15:02:03,513 [Listener at 127.0.0.1/39953] INFO  ozone.MiniOzoneClusterImpl (MiniOzoneClusterImpl.java:lambda$waitForClusterToBeReady$0(218)) - Waiting for nodes to be ready. Got 0 of 3 DN Heartbeats.
2023-03-09 15:02:03,513 [Listener at 127.0.0.1/39953] INFO  ozone.MiniOzoneClusterImpl (MiniOzoneClusterImpl.java:lambda$waitForClusterToBeReady$0(221)) - Waiting for cluster to exit safe mode
2023-03-09 15:02:03,513 [Listener at 127.0.0.1/39953] INFO  ozone.MiniOzoneClusterImpl (MiniOzoneClusterImpl.java:lambda$waitForClusterToBeReady$0(223)) - SCM became leader
2023-03-09 15:02:03,564 [EndpointStateMachine task thread for /127.0.0.1:33275 - 0 ] INFO  utils.DatanodeStoreCache (DatanodeStoreCache.java:addDB(58)) - Added db /home/runner/work/ozone/ozone/hadoop-ozone/integration-test/target/test-dir/MiniOzoneClusterImpl-c8dd39f1-89f8-47ca-b8e4-9b0f9f306b89/datanode-2/data-0/containers/hdds/c8dd39f1-89f8-47ca-b8e4-9b0f9f306b89/DS-53fa597c-2e04-40ce-b0ec-f7b32f9ffee5/container.db to cache
2023-03-09 15:02:03,564 [EndpointStateMachine task thread for /127.0.0.1:33275 - 0 ] INFO  volume.HddsVolume (HddsVolume.java:createDbStore(331)) - SchemaV3 db is created and loaded at /home/runner/work/ozone/ozone/hadoop-ozone/integration-test/target/test-dir/MiniOzoneClusterImpl-c8dd39f1-89f8-47ca-b8e4-9b0f9f306b89/datanode-2/data-0/containers/hdds/c8dd39f1-89f8-47ca-b8e4-9b0f9f306b89/DS-53fa597c-2e04-40ce-b0ec-f7b32f9ffee5/container.db for volume DS-53fa597c-2e04-40ce-b0ec-f7b32f9ffee5
2023-03-09 15:02:03,565 [EndpointStateMachine task thread for /127.0.0.1:33275 - 0 ] INFO  ozoneimpl.OzoneContainer (OzoneContainer.java:start(398)) - Attempting to start container services.
2023-03-09 15:02:03,565 [EndpointStateMachine task thread for /127.0.0.1:33275 - 0 ] INFO  ozoneimpl.OzoneContainer (OzoneContainer.java:startContainerScrub(315)) - Scheduled background container scanners and the on-demand container scanner have been disabled.
2023-03-09 15:02:03,571 [EndpointStateMachine task thread for /127.0.0.1:33275 - 0 ] INFO  replication.ReplicationServer (ReplicationServer.java:start(109)) - ReplicationServer is started using port 34293
2023-03-09 15:02:03,571 [EndpointStateMachine task thread for /127.0.0.1:33275 - 0 ] INFO  ratis.XceiverServerRatis (XceiverServerRatis.java:start(518)) - Starting XceiverServerRatis 126d5446-786c-45f2-bbbe-001b0b6f97a9
2023-03-09 15:02:03,574 [EndpointStateMachine task thread for /127.0.0.1:33275 - 0 ] INFO  server.RaftServer (RaftServerProxy.java:startImpl(393)) - 126d5446-786c-45f2-bbbe-001b0b6f97a9: start RPC server
2023-03-09 15:02:03,577 [EndpointStateMachine task thread for /127.0.0.1:33275 - 0 ] INFO  server.GrpcService (GrpcService.java:startImpl(262)) - 126d5446-786c-45f2-bbbe-001b0b6f97a9: GrpcService started, listening on 43541
2023-03-09 15:02:03,577 [EndpointStateMachine task thread for /127.0.0.1:33275 - 0 ] INFO  ratis.XceiverServerRatis (XceiverServerRatis.java:getRealPort(544)) - XceiverServerRatis 126d5446-786c-45f2-bbbe-001b0b6f97a9 is started using port 43541 for RATIS
2023-03-09 15:02:03,577 [JvmPauseMonitor41] INFO  util.JvmPauseMonitor (JvmPauseMonitor.java:run(105)) - JvmPauseMonitor-126d5446-786c-45f2-bbbe-001b0b6f97a9: Started
2023-03-09 15:02:03,577 [EndpointStateMachine task thread for /127.0.0.1:33275 - 0 ] INFO  ratis.XceiverServerRatis (XceiverServerRatis.java:getRealPort(544)) - XceiverServerRatis 126d5446-786c-45f2-bbbe-001b0b6f97a9 is started using port 43541 for RATIS_ADMIN
2023-03-09 15:02:03,580 [EndpointStateMachine task thread for /127.0.0.1:33275 - 0 ] INFO  ratis.XceiverServerRatis (XceiverServerRatis.java:getRealPort(544)) - XceiverServerRatis 126d5446-786c-45f2-bbbe-001b0b6f97a9 is started using port 43541 for RATIS_SERVER
2023-03-09 15:02:03,580 [EndpointStateMachine task thread for /127.0.0.1:33275 - 0 ] INFO  ratis.XceiverServerRatis (XceiverServerRatis.java:getRealPort(544)) - XceiverServerRatis 126d5446-786c-45f2-bbbe-001b0b6f97a9 is started using port 41323 for RATIS_DATASTREAM
2023-03-09 15:02:03,584 [EndpointStateMachine task thread for /127.0.0.1:33275 - 0 ] INFO  server.XceiverServerGrpc (XceiverServerGrpc.java:start(180)) - XceiverServerGrpc 126d5446-786c-45f2-bbbe-001b0b6f97a9 is started using port 44659
2023-03-09 15:02:03,585 [BlockDeletingService#0] INFO  interfaces.ContainerDeletionChoosingPolicyTemplate (ContainerDeletionChoosingPolicyTemplate.java:chooseContainerForBlockDeletion(83)) - Chosen 0/5000 blocks from 0 candidate containers.
2023-03-09 15:02:03,884 [EndpointStateMachine task thread for /127.0.0.1:36681 - 0 ] INFO  ipc.Client (Client.java:handleConnectionFailure(1010)) - Retrying connect to server: localhost/127.0.0.1:36681. Already tried 3 time(s); retry policy is RetryUpToMaximumCountWithFixedSleep(maxRetries=15, sleepTime=1000 MILLISECONDS)
2023-03-09 15:02:04,036 [EndpointStateMachine task thread for /127.0.0.1:35467 - 0 ] INFO  ipc.Client (Client.java:handleConnectionFailure(1010)) - Retrying connect to server: localhost/127.0.0.1:35467. Already tried 9 time(s); retry policy is RetryUpToMaximumCountWithFixedSleep(maxRetries=15, sleepTime=1000 MILLISECONDS)
2023-03-09 15:02:04,514 [Listener at 127.0.0.1/39953] INFO  ozone.MiniOzoneClusterImpl (MiniOzoneClusterImpl.java:lambda$waitForClusterToBeReady$0(218)) - Waiting for nodes to be ready. Got 0 of 3 DN Heartbeats.
2023-03-09 15:02:04,514 [Listener at 127.0.0.1/39953] INFO  ozone.MiniOzoneClusterImpl (MiniOzoneClusterImpl.java:lambda$waitForClusterToBeReady$0(221)) - Waiting for cluster to exit safe mode
2023-03-09 15:02:04,514 [Listener at 127.0.0.1/39953] INFO  ozone.MiniOzoneClusterImpl (MiniOzoneClusterImpl.java:lambda$waitForClusterToBeReady$0(223)) - SCM became leader
2023-03-09 15:02:04,738 [IPC Server handler 1 on default port 33275] INFO  net.NetworkTopologyImpl (NetworkTopologyImpl.java:add(112)) - Added a new node: /default-rack/29c9a1c1-e3f8-4fe7-8970-336a6086cca1
2023-03-09 15:02:04,739 [IPC Server handler 1 on default port 33275] INFO  node.SCMNodeManager (SCMNodeManager.java:register(404)) - Registered Data node : 29c9a1c1-e3f8-4fe7-8970-336a6086cca1{ip: 127.0.0.1, host: localhost, ports: [REPLICATION=40251, RATIS=41623, RATIS_ADMIN=41623, RATIS_SERVER=41623, RATIS_DATASTREAM=33519, STANDALONE=46735], networkLocation: /default-rack, certSerialId: null, persistedOpState: null, persistedOpStateExpiryEpochSec: 0}
2023-03-09 15:02:04,747 [EventQueue-NewNodeForNewNodeHandler] INFO  pipeline.BackgroundPipelineCreator (BackgroundPipelineCreator.java:notifyEventTriggered(276)) - trigger a one-shot run on RatisPipelineUtilsThread.
2023-03-09 15:02:04,749 [RatisPipelineUtilsThread - 0] INFO  pipeline.RatisPipelineProvider (RatisPipelineProvider.java:lambda$create$0(206)) - Sending CreatePipelineCommand for pipeline:PipelineID=35e507b4-832e-42fe-9a87-2e25e48c3f6f to datanode:29c9a1c1-e3f8-4fe7-8970-336a6086cca1
2023-03-09 15:02:04,751 [EventQueue-NodeRegistrationContainerReportForDataNodeSafeModeRule] INFO  safemode.SCMSafeModeManager (DataNodeSafeModeRule.java:process(71)) - SCM in safe mode. 1 DataNodes registered, 3 required.
2023-03-09 15:02:04,752 [EventQueue-NodeRegistrationContainerReportForContainerSafeModeRule] INFO  safemode.SCMSafeModeManager (SCMSafeModeManager.java:validateSafeModeExitRules(200)) - ContainerSafeModeRule rule is successfully validated
2023-03-09 15:02:04,771 [EventQueue-PipelineReportForOneReplicaPipelineSafeModeRule] INFO  safemode.SCMSafeModeManager (SCMSafeModeManager.java:validateSafeModeExitRules(200)) - AtleastOneDatanodeReportedRule rule is successfully validated
2023-03-09 15:02:04,783 [9c2c9161-baeb-4919-a38f-0ea4e5b0accf@group-9B0F9F306B89-StateMachineUpdater] INFO  pipeline.PipelineStateManagerImpl (PipelineStateManagerImpl.java:addPipeline(103)) - Created pipeline Pipeline[ Id: 35e507b4-832e-42fe-9a87-2e25e48c3f6f, Nodes: 29c9a1c1-e3f8-4fe7-8970-336a6086cca1(localhost/127.0.0.1), ReplicationConfig: RATIS/ONE, State:ALLOCATED, leaderId:, CreationTimestamp2023-03-09T15:02:04.749Z[Etc/UTC]].
2023-03-09 15:02:04,783 [9c2c9161-baeb-4919-a38f-0ea4e5b0accf@group-9B0F9F306B89-StateMachineUpdater] INFO  safemode.HealthyPipelineSafeModeRule (HealthyPipelineSafeModeRule.java:initializeRule(165)) - Refreshed total pipeline count is 0, healthy pipeline threshold count is 1
2023-03-09 15:02:04,885 [EndpointStateMachine task thread for /127.0.0.1:36681 - 0 ] INFO  ipc.Client (Client.java:handleConnectionFailure(1010)) - Retrying connect to server: localhost/127.0.0.1:36681. Already tried 4 time(s); retry policy is RetryUpToMaximumCountWithFixedSleep(maxRetries=15, sleepTime=1000 MILLISECONDS)
2023-03-09 15:02:05,037 [EndpointStateMachine task thread for /127.0.0.1:35467 - 0 ] INFO  ipc.Client (Client.java:handleConnectionFailure(1010)) - Retrying connect to server: localhost/127.0.0.1:35467. Already tried 10 time(s); retry policy is RetryUpToMaximumCountWithFixedSleep(maxRetries=15, sleepTime=1000 MILLISECONDS)
2023-03-09 15:02:05,108 [IPC Server handler 3 on default port 33275] INFO  net.NetworkTopologyImpl (NetworkTopologyImpl.java:add(112)) - Added a new node: /default-rack/c6c2c657-0e93-48b3-a316-4dc30ca2acab
2023-03-09 15:02:05,108 [IPC Server handler 3 on default port 33275] INFO  node.SCMNodeManager (SCMNodeManager.java:register(404)) - Registered Data node : c6c2c657-0e93-48b3-a316-4dc30ca2acab{ip: 127.0.0.1, host: localhost, ports: [REPLICATION=35771, RATIS=45875, RATIS_ADMIN=45875, RATIS_SERVER=45875, RATIS_DATASTREAM=42347, STANDALONE=42381], networkLocation: /default-rack, certSerialId: null, persistedOpState: null, persistedOpStateExpiryEpochSec: 0}
2023-03-09 15:02:05,108 [EventQueue-NewNodeForNewNodeHandler] INFO  pipeline.BackgroundPipelineCreator (BackgroundPipelineCreator.java:notifyEventTriggered(276)) - trigger a one-shot run on RatisPipelineUtilsThread.
2023-03-09 15:02:05,111 [EventQueue-NodeRegistrationContainerReportForDataNodeSafeModeRule] INFO  safemode.SCMSafeModeManager (DataNodeSafeModeRule.java:process(71)) - SCM in safe mode. 2 DataNodes registered, 3 required.
2023-03-09 15:02:05,113 [RatisPipelineUtilsThread - 0] INFO  pipeline.RatisPipelineProvider (RatisPipelineProvider.java:lambda$create$0(206)) - Sending CreatePipelineCommand for pipeline:PipelineID=43d67802-8f86-429a-b8bf-fce0a4f99100 to datanode:c6c2c657-0e93-48b3-a316-4dc30ca2acab
2023-03-09 15:02:05,116 [9c2c9161-baeb-4919-a38f-0ea4e5b0accf@group-9B0F9F306B89-StateMachineUpdater] INFO  pipeline.PipelineStateManagerImpl (PipelineStateManagerImpl.java:addPipeline(103)) - Created pipeline Pipeline[ Id: 43d67802-8f86-429a-b8bf-fce0a4f99100, Nodes: c6c2c657-0e93-48b3-a316-4dc30ca2acab(localhost/127.0.0.1), ReplicationConfig: RATIS/ONE, State:ALLOCATED, leaderId:, CreationTimestamp2023-03-09T15:02:05.113Z[Etc/UTC]].
2023-03-09 15:02:05,116 [9c2c9161-baeb-4919-a38f-0ea4e5b0accf@group-9B0F9F306B89-StateMachineUpdater] INFO  safemode.HealthyPipelineSafeModeRule (HealthyPipelineSafeModeRule.java:initializeRule(165)) - Refreshed total pipeline count is 0, healthy pipeline threshold count is 1
2023-03-09 15:02:05,515 [Listener at 127.0.0.1/39953] INFO  ozone.MiniOzoneClusterImpl (MiniOzoneClusterImpl.java:lambda$waitForClusterToBeReady$0(218)) - Waiting for nodes to be ready. Got 2 of 3 DN Heartbeats.
2023-03-09 15:02:05,515 [Listener at 127.0.0.1/39953] INFO  ozone.MiniOzoneClusterImpl (MiniOzoneClusterImpl.java:lambda$waitForClusterToBeReady$0(221)) - Waiting for cluster to exit safe mode
2023-03-09 15:02:05,515 [Listener at 127.0.0.1/39953] INFO  ozone.MiniOzoneClusterImpl (MiniOzoneClusterImpl.java:lambda$waitForClusterToBeReady$0(223)) - SCM became leader
2023-03-09 15:02:05,526 [IPC Server handler 0 on default port 33275] INFO  net.NetworkTopologyImpl (NetworkTopologyImpl.java:add(112)) - Added a new node: /default-rack/126d5446-786c-45f2-bbbe-001b0b6f97a9
2023-03-09 15:02:05,526 [IPC Server handler 0 on default port 33275] INFO  node.SCMNodeManager (SCMNodeManager.java:register(404)) - Registered Data node : 126d5446-786c-45f2-bbbe-001b0b6f97a9{ip: 127.0.0.1, host: localhost, ports: [REPLICATION=34293, RATIS=43541, RATIS_ADMIN=43541, RATIS_SERVER=43541, RATIS_DATASTREAM=41323, STANDALONE=44659], networkLocation: /default-rack, certSerialId: null, persistedOpState: null, persistedOpStateExpiryEpochSec: 0}
2023-03-09 15:02:05,527 [EventQueue-NewNodeForNewNodeHandler] INFO  pipeline.BackgroundPipelineCreator (BackgroundPipelineCreator.java:notifyEventTriggered(276)) - trigger a one-shot run on RatisPipelineUtilsThread.
2023-03-09 15:02:05,529 [EventQueue-NodeRegistrationContainerReportForDataNodeSafeModeRule] INFO  safemode.SCMSafeModeManager (DataNodeSafeModeRule.java:process(71)) - SCM in safe mode. 3 DataNodes registered, 3 required.
2023-03-09 15:02:05,529 [EventQueue-NodeRegistrationContainerReportForDataNodeSafeModeRule] INFO  safemode.SCMSafeModeManager (SCMSafeModeManager.java:validateSafeModeExitRules(200)) - DataNodeSafeModeRule rule is successfully validated
2023-03-09 15:02:05,529 [EventQueue-NodeRegistrationContainerReportForDataNodeSafeModeRule] INFO  safemode.SCMSafeModeManager (SCMSafeModeManager.java:completePreCheck(229)) - All SCM safe mode pre check rules have passed
2023-03-09 15:02:05,529 [EventQueue-NodeRegistrationContainerReportForDataNodeSafeModeRule] INFO  ha.SCMContext (SCMContext.java:updateSafeModeStatus(228)) - Update SafeModeStatus from SafeModeStatus{safeModeStatus=true, preCheckPassed=false} to SafeModeStatus{safeModeStatus=true, preCheckPassed=true}.
2023-03-09 15:02:05,529 [EventQueue-NodeRegistrationContainerReportForDataNodeSafeModeRule] INFO  pipeline.BackgroundPipelineCreator (BackgroundPipelineCreator.java:notifyEventTriggered(276)) - trigger a one-shot run on RatisPipelineUtilsThread.
2023-03-09 15:02:05,534 [RatisPipelineUtilsThread - 0] INFO  pipeline.RatisPipelineProvider (RatisPipelineProvider.java:lambda$create$0(206)) - Sending CreatePipelineCommand for pipeline:PipelineID=e0caf132-b0ce-4d31-a2d5-cc2cb63cbfda to datanode:126d5446-786c-45f2-bbbe-001b0b6f97a9
2023-03-09 15:02:05,536 [9c2c9161-baeb-4919-a38f-0ea4e5b0accf@group-9B0F9F306B89-StateMachineUpdater] INFO  pipeline.PipelineStateManagerImpl (PipelineStateManagerImpl.java:addPipeline(103)) - Created pipeline Pipeline[ Id: e0caf132-b0ce-4d31-a2d5-cc2cb63cbfda, Nodes: 126d5446-786c-45f2-bbbe-001b0b6f97a9(localhost/127.0.0.1), ReplicationConfig: RATIS/ONE, State:ALLOCATED, leaderId:, CreationTimestamp2023-03-09T15:02:05.534Z[Etc/UTC]].
2023-03-09 15:02:05,536 [9c2c9161-baeb-4919-a38f-0ea4e5b0accf@group-9B0F9F306B89-StateMachineUpdater] INFO  safemode.HealthyPipelineSafeModeRule (HealthyPipelineSafeModeRule.java:initializeRule(165)) - Refreshed total pipeline count is 0, healthy pipeline threshold count is 1
2023-03-09 15:02:05,537 [RatisPipelineUtilsThread - 0] INFO  pipeline.RatisPipelineProvider (RatisPipelineProvider.java:lambda$create$0(206)) - Sending CreatePipelineCommand for pipeline:PipelineID=e3ed6265-74c6-4924-a525-77001c9b7d0b to datanode:126d5446-786c-45f2-bbbe-001b0b6f97a9
2023-03-09 15:02:05,537 [RatisPipelineUtilsThread - 0] INFO  pipeline.RatisPipelineProvider (RatisPipelineProvider.java:lambda$create$0(206)) - Sending CreatePipelineCommand for pipeline:PipelineID=e3ed6265-74c6-4924-a525-77001c9b7d0b to datanode:29c9a1c1-e3f8-4fe7-8970-336a6086cca1
2023-03-09 15:02:05,537 [RatisPipelineUtilsThread - 0] INFO  pipeline.RatisPipelineProvider (RatisPipelineProvider.java:lambda$create$0(206)) - Sending CreatePipelineCommand for pipeline:PipelineID=e3ed6265-74c6-4924-a525-77001c9b7d0b to datanode:c6c2c657-0e93-48b3-a316-4dc30ca2acab
2023-03-09 15:02:05,539 [9c2c9161-baeb-4919-a38f-0ea4e5b0accf@group-9B0F9F306B89-StateMachineUpdater] INFO  pipeline.PipelineStateManagerImpl (PipelineStateManagerImpl.java:addPipeline(103)) - Created pipeline Pipeline[ Id: e3ed6265-74c6-4924-a525-77001c9b7d0b, Nodes: 126d5446-786c-45f2-bbbe-001b0b6f97a9(localhost/127.0.0.1)29c9a1c1-e3f8-4fe7-8970-336a6086cca1(localhost/127.0.0.1)c6c2c657-0e93-48b3-a316-4dc30ca2acab(localhost/127.0.0.1), ReplicationConfig: RATIS/THREE, State:ALLOCATED, leaderId:, CreationTimestamp2023-03-09T15:02:05.537Z[Etc/UTC]].
2023-03-09 15:02:05,539 [9c2c9161-baeb-4919-a38f-0ea4e5b0accf@group-9B0F9F306B89-StateMachineUpdater] INFO  safemode.HealthyPipelineSafeModeRule (HealthyPipelineSafeModeRule.java:initializeRule(165)) - Refreshed total pipeline count is 0, healthy pipeline threshold count is 1
2023-03-09 15:02:05,540 [RatisPipelineUtilsThread - 0] INFO  pipeline.RatisPipelineProvider (RatisPipelineProvider.java:lambda$create$0(206)) - Sending CreatePipelineCommand for pipeline:PipelineID=39ee7ccf-3233-482b-847c-03d465c8b48a to datanode:c6c2c657-0e93-48b3-a316-4dc30ca2acab
2023-03-09 15:02:05,540 [RatisPipelineUtilsThread - 0] INFO  pipeline.RatisPipelineProvider (RatisPipelineProvider.java:lambda$create$0(206)) - Sending CreatePipelineCommand for pipeline:PipelineID=39ee7ccf-3233-482b-847c-03d465c8b48a to datanode:126d5446-786c-45f2-bbbe-001b0b6f97a9
2023-03-09 15:02:05,540 [RatisPipelineUtilsThread - 0] INFO  pipeline.RatisPipelineProvider (RatisPipelineProvider.java:lambda$create$0(206)) - Sending CreatePipelineCommand for pipeline:PipelineID=39ee7ccf-3233-482b-847c-03d465c8b48a to datanode:29c9a1c1-e3f8-4fe7-8970-336a6086cca1
2023-03-09 15:02:05,542 [9c2c9161-baeb-4919-a38f-0ea4e5b0accf@group-9B0F9F306B89-StateMachineUpdater] INFO  pipeline.PipelineStateManagerImpl (PipelineStateManagerImpl.java:addPipeline(103)) - Created pipeline Pipeline[ Id: 39ee7ccf-3233-482b-847c-03d465c8b48a, Nodes: c6c2c657-0e93-48b3-a316-4dc30ca2acab(localhost/127.0.0.1)126d5446-786c-45f2-bbbe-001b0b6f97a9(localhost/127.0.0.1)29c9a1c1-e3f8-4fe7-8970-336a6086cca1(localhost/127.0.0.1), ReplicationConfig: RATIS/THREE, State:ALLOCATED, leaderId:, CreationTimestamp2023-03-09T15:02:05.540Z[Etc/UTC]].
2023-03-09 15:02:05,542 [9c2c9161-baeb-4919-a38f-0ea4e5b0accf@group-9B0F9F306B89-StateMachineUpdater] INFO  safemode.HealthyPipelineSafeModeRule (HealthyPipelineSafeModeRule.java:initializeRule(165)) - Refreshed total pipeline count is 0, healthy pipeline threshold count is 1
2023-03-09 15:02:05,542 [RatisPipelineUtilsThread - 0] INFO  pipeline.PipelineManagerImpl (PipelineManagerImpl.java:recordMetricsForPipeline(826)) - Pipeline: PipelineID=39ee7ccf-3233-482b-847c-03d465c8b48a contains same datanodes as previous pipelines: PipelineID=e3ed6265-74c6-4924-a525-77001c9b7d0b nodeIds: c6c2c657-0e93-48b3-a316-4dc30ca2acab, 126d5446-786c-45f2-bbbe-001b0b6f97a9, 29c9a1c1-e3f8-4fe7-8970-336a6086cca1
2023-03-09 15:02:05,543 [RatisPipelineUtilsThread - 0] WARN  pipeline.PipelinePlacementPolicy (PipelinePlacementPolicy.java:filterViableNodes(158)) - Pipeline creation failed due to no sufficient healthy datanodes. Required 3. Found 0.
2023-03-09 15:02:05,886 [EndpointStateMachine task thread for /127.0.0.1:36681 - 0 ] INFO  ipc.Client (Client.java:handleConnectionFailure(1010)) - Retrying connect to server: localhost/127.0.0.1:36681. Already tried 5 time(s); retry policy is RetryUpToMaximumCountWithFixedSleep(maxRetries=15, sleepTime=1000 MILLISECONDS)
2023-03-09 15:02:06,038 [EndpointStateMachine task thread for /127.0.0.1:35467 - 0 ] INFO  ipc.Client (Client.java:handleConnectionFailure(1010)) - Retrying connect to server: localhost/127.0.0.1:35467. Already tried 11 time(s); retry policy is RetryUpToMaximumCountWithFixedSleep(maxRetries=15, sleepTime=1000 MILLISECONDS)
2023-03-09 15:02:06,516 [Listener at 127.0.0.1/39953] INFO  ozone.MiniOzoneClusterImpl (MiniOzoneClusterImpl.java:lambda$waitForClusterToBeReady$0(218)) - Nodes are ready. Got 3 of 3 DN Heartbeats.
2023-03-09 15:02:06,516 [Listener at 127.0.0.1/39953] INFO  ozone.MiniOzoneClusterImpl (MiniOzoneClusterImpl.java:lambda$waitForClusterToBeReady$0(221)) - Waiting for cluster to exit safe mode
2023-03-09 15:02:06,516 [Listener at 127.0.0.1/39953] INFO  ozone.MiniOzoneClusterImpl (MiniOzoneClusterImpl.java:lambda$waitForClusterToBeReady$0(223)) - SCM became leader
2023-03-09 15:02:06,886 [EndpointStateMachine task thread for /127.0.0.1:36681 - 0 ] INFO  ipc.Client (Client.java:handleConnectionFailure(1010)) - Retrying connect to server: localhost/127.0.0.1:36681. Already tried 6 time(s); retry policy is RetryUpToMaximumCountWithFixedSleep(maxRetries=15, sleepTime=1000 MILLISECONDS)
2023-03-09 15:02:07,038 [EndpointStateMachine task thread for /127.0.0.1:35467 - 0 ] INFO  ipc.Client (Client.java:handleConnectionFailure(1010)) - Retrying connect to server: localhost/127.0.0.1:35467. Already tried 12 time(s); retry policy is RetryUpToMaximumCountWithFixedSleep(maxRetries=15, sleepTime=1000 MILLISECONDS)
2023-03-09 15:02:07,517 [Listener at 127.0.0.1/39953] INFO  ozone.MiniOzoneClusterImpl (MiniOzoneClusterImpl.java:lambda$waitForClusterToBeReady$0(218)) - Nodes are ready. Got 3 of 3 DN Heartbeats.
2023-03-09 15:02:07,517 [Listener at 127.0.0.1/39953] INFO  ozone.MiniOzoneClusterImpl (MiniOzoneClusterImpl.java:lambda$waitForClusterToBeReady$0(221)) - Waiting for cluster to exit safe mode
2023-03-09 15:02:07,517 [Listener at 127.0.0.1/39953] INFO  ozone.MiniOzoneClusterImpl (MiniOzoneClusterImpl.java:lambda$waitForClusterToBeReady$0(223)) - SCM became leader
2023-03-09 15:02:07,738 [Command processor thread] INFO  server.RaftServer (RaftServerProxy.java:addNew(96)) - 29c9a1c1-e3f8-4fe7-8970-336a6086cca1: addNew group-2E25E48C3F6F:[29c9a1c1-e3f8-4fe7-8970-336a6086cca1|rpc:127.0.0.1:41623|dataStream:127.0.0.1:33519|priority:1|startupRole:FOLLOWER] returns group-2E25E48C3F6F:java.util.concurrent.CompletableFuture@ecc404a[Not completed]
2023-03-09 15:02:07,741 [pool-1097-thread-1] INFO  server.RaftServer$Division (RaftServerImpl.java:<init>(195)) - 29c9a1c1-e3f8-4fe7-8970-336a6086cca1: new RaftServerImpl for group-2E25E48C3F6F:[29c9a1c1-e3f8-4fe7-8970-336a6086cca1|rpc:127.0.0.1:41623|dataStream:127.0.0.1:33519|priority:1|startupRole:FOLLOWER] with ContainerStateMachine:uninitialized
2023-03-09 15:02:07,742 [pool-1097-thread-1] INFO  server.RaftServerConfigKeys (ConfUtils.java:logGet(46)) - raft.server.rpc.timeout.min = 5s (custom)
2023-03-09 15:02:07,742 [pool-1097-thread-1] INFO  server.RaftServerConfigKeys (ConfUtils.java:logGet(46)) - raft.server.rpc.timeout.max = 5200ms (custom)
2023-03-09 15:02:07,742 [pool-1097-thread-1] INFO  server.RaftServerConfigKeys (ConfUtils.java:logGet(46)) - raft.server.rpc.sleep.time = 25ms (default)
2023-03-09 15:02:07,742 [pool-1097-thread-1] INFO  server.RaftServerConfigKeys (ConfUtils.java:logGet(46)) - raft.server.rpc.slowness.timeout = 300s (custom)
2023-03-09 15:02:07,742 [pool-1097-thread-1] INFO  server.RaftServerConfigKeys (ConfUtils.java:logGet(46)) - raft.server.leaderelection.leader.step-down.wait-time = 10s (default)
2023-03-09 15:02:07,742 [pool-1097-thread-1] INFO  server.RaftServerConfigKeys (ConfUtils.java:logGet(46)) - raft.server.sleep.deviation.threshold = 300ms (default)
2023-03-09 15:02:07,742 [pool-1097-thread-1] INFO  server.RaftServer$Division (ServerState.java:<init>(118)) - 29c9a1c1-e3f8-4fe7-8970-336a6086cca1@group-2E25E48C3F6F: ConfigurationManager, init=-1: peers:[29c9a1c1-e3f8-4fe7-8970-336a6086cca1|rpc:127.0.0.1:41623|dataStream:127.0.0.1:33519|priority:1|startupRole:FOLLOWER]|listeners:[], old=null, confs=<EMPTY_MAP>
2023-03-09 15:02:07,742 [pool-1097-thread-1] INFO  server.RaftServerConfigKeys (ConfUtils.java:logGet(46)) - raft.server.storage.dir = [/home/runner/work/ozone/ozone/hadoop-ozone/integration-test/target/test-dir/MiniOzoneClusterImpl-c8dd39f1-89f8-47ca-b8e4-9b0f9f306b89/datanode-0/data/ratis] (custom)
2023-03-09 15:02:07,742 [pool-1097-thread-1] INFO  server.RaftServerConfigKeys (ConfUtils.java:logGet(46)) - raft.server.log.corruption.policy = EXCEPTION (default)
2023-03-09 15:02:07,742 [pool-1097-thread-1] INFO  server.RaftServerConfigKeys (ConfUtils.java:logGet(46)) - raft.server.storage.free-space.min = 0MB (=0) (default)
2023-03-09 15:02:07,742 [pool-1097-thread-1] INFO  server.RaftServerConfigKeys (ConfUtils.java:logGet(46)) - raft.server.notification.no-leader.timeout = 300s (custom)
2023-03-09 15:02:07,743 [pool-1097-thread-1] INFO  server.RaftServerConfigKeys (ConfUtils.java:logGet(46)) - raft.server.retrycache.expirytime = 600000ms (custom)
2023-03-09 15:02:07,743 [pool-1097-thread-1] INFO  server.RaftServerConfigKeys (ConfUtils.java:logGet(46)) - raft.server.retrycache.statistics.expirytime = 100μs (default)
2023-03-09 15:02:07,743 [pool-1097-thread-1] INFO  server.RaftServerConfigKeys (ConfUtils.java:logGet(46)) - raft.server.log.appender.install.snapshot.enabled = false (custom)
2023-03-09 15:02:07,743 [pool-1097-thread-1] INFO  server.RaftServerConfigKeys (ConfUtils.java:logGet(46)) - raft.server.threadpool.server.cached = true (default)
2023-03-09 15:02:07,743 [pool-1097-thread-1] INFO  server.RaftServerConfigKeys (ConfUtils.java:logGet(46)) - raft.server.threadpool.server.size = 0 (default)
2023-03-09 15:02:07,743 [pool-1097-thread-1] INFO  server.RaftServerConfigKeys (ConfUtils.java:logGet(46)) - raft.server.threadpool.client.cached = true (default)
2023-03-09 15:02:07,744 [pool-1097-thread-1] INFO  server.RaftServerConfigKeys (ConfUtils.java:logGet(46)) - raft.server.threadpool.client.size = 0 (default)
2023-03-09 15:02:07,744 [pool-1097-thread-1] INFO  storage.RaftStorageDirectory (RaftStorageDirectoryImpl.java:analyzeStorage(137)) - The storage directory /home/runner/work/ozone/ozone/hadoop-ozone/integration-test/target/test-dir/MiniOzoneClusterImpl-c8dd39f1-89f8-47ca-b8e4-9b0f9f306b89/datanode-0/data/ratis/35e507b4-832e-42fe-9a87-2e25e48c3f6f does not exist. Creating ...
2023-03-09 15:02:07,745 [pool-1097-thread-1] INFO  storage.RaftStorageDirectory (RaftStorageDirectoryImpl.java:tryLock(231)) - Lock on /home/runner/work/ozone/ozone/hadoop-ozone/integration-test/target/test-dir/MiniOzoneClusterImpl-c8dd39f1-89f8-47ca-b8e4-9b0f9f306b89/datanode-0/data/ratis/35e507b4-832e-42fe-9a87-2e25e48c3f6f/in_use.lock acquired by nodename 57158@fv-az377-502
2023-03-09 15:02:07,747 [pool-1097-thread-1] INFO  storage.RaftStorage (RaftStorageImpl.java:format(96)) - Storage directory /home/runner/work/ozone/ozone/hadoop-ozone/integration-test/target/test-dir/MiniOzoneClusterImpl-c8dd39f1-89f8-47ca-b8e4-9b0f9f306b89/datanode-0/data/ratis/35e507b4-832e-42fe-9a87-2e25e48c3f6f has been successfully formatted.
2023-03-09 15:02:07,750 [pool-1097-thread-1] INFO  ratis.ContainerStateMachine (ContainerStateMachine.java:loadSnapshot(240)) - group-2E25E48C3F6F: The snapshot info is null. Setting the last applied indexto:(t:0, i:~)
2023-03-09 15:02:07,750 [pool-1097-thread-1] INFO  server.RaftServerConfigKeys (ConfUtils.java:logGet(46)) - raft.server.log.use.memory = false (default)
2023-03-09 15:02:07,750 [pool-1097-thread-1] INFO  server.RaftServerConfigKeys (ConfUtils.java:logGet(46)) - raft.server.log.purge.gap = 1000000 (custom)
2023-03-09 15:02:07,750 [pool-1097-thread-1] INFO  server.RaftServerConfigKeys (ConfUtils.java:logGet(46)) - raft.server.log.appender.buffer.byte-limit = 33554432 (custom)
2023-03-09 15:02:07,750 [pool-1097-thread-1] INFO  server.RaftServerConfigKeys (ConfUtils.java:logGet(46)) - raft.server.log.statemachine.data.read.timeout = 1000ms (default)
2023-03-09 15:02:07,750 [pool-1097-thread-1] INFO  server.RaftServerConfigKeys (ConfUtils.java:logGet(46)) - raft.server.log.purge.preservation.log.num = 0 (default)
2023-03-09 15:02:07,751 [EventQueue-PipelineReportForPipelineReportHandler] INFO  pipeline.PipelineManagerImpl (PipelineManagerImpl.java:openPipeline(367)) - Pipeline Pipeline[ Id: 35e507b4-832e-42fe-9a87-2e25e48c3f6f, Nodes: 29c9a1c1-e3f8-4fe7-8970-336a6086cca1(localhost/127.0.0.1), ReplicationConfig: RATIS/ONE, State:ALLOCATED, leaderId:29c9a1c1-e3f8-4fe7-8970-336a6086cca1, CreationTimestamp2023-03-09T15:02:04.749Z[Etc/UTC]] moved to OPEN state
2023-03-09 15:02:07,751 [pool-1097-thread-1] INFO  server.RaftServerConfigKeys (ConfUtils.java:logGet(46)) - raft.server.log.segment.size.max = 1048576 (custom)
2023-03-09 15:02:07,751 [pool-1097-thread-1] INFO  server.RaftServerConfigKeys (ConfUtils.java:logGet(46)) - raft.server.log.segment.cache.num.max = 2 (custom)
2023-03-09 15:02:07,751 [pool-1097-thread-1] INFO  server.RaftServerConfigKeys (ConfUtils.java:logGet(46)) - raft.server.log.segment.cache.size.max = 200MB (=209715200) (default)
2023-03-09 15:02:07,751 [pool-1097-thread-1] INFO  segmented.SegmentedRaftLogWorker (SegmentedRaftLogWorker.java:<init>(189)) - new 29c9a1c1-e3f8-4fe7-8970-336a6086cca1@group-2E25E48C3F6F-SegmentedRaftLogWorker for RaftStorageImpl:Storage Directory /home/runner/work/ozone/ozone/hadoop-ozone/integration-test/target/test-dir/MiniOzoneClusterImpl-c8dd39f1-89f8-47ca-b8e4-9b0f9f306b89/datanode-0/data/ratis/35e507b4-832e-42fe-9a87-2e25e48c3f6f
2023-03-09 15:02:07,751 [pool-1097-thread-1] INFO  server.RaftServerConfigKeys (ConfUtils.java:logGet(46)) - raft.server.log.queue.byte-limit = 4294967296 (custom)
2023-03-09 15:02:07,751 [pool-1097-thread-1] INFO  server.RaftServerConfigKeys (ConfUtils.java:logGet(46)) - raft.server.log.queue.element-limit = 1024 (custom)
2023-03-09 15:02:07,752 [pool-1097-thread-1] INFO  server.RaftServerConfigKeys (ConfUtils.java:logGet(46)) - raft.server.log.segment.size.max = 1048576 (custom)
2023-03-09 15:02:07,752 [pool-1097-thread-1] INFO  server.RaftServerConfigKeys (ConfUtils.java:logGet(46)) - raft.server.log.preallocated.size = 16384 (custom)
2023-03-09 15:02:07,752 [pool-1097-thread-1] INFO  server.RaftServerConfigKeys (ConfUtils.java:logGet(46)) - raft.server.log.force.sync.num = 128 (default)
2023-03-09 15:02:07,752 [pool-1097-thread-1] INFO  server.RaftServerConfigKeys (ConfUtils.java:logGet(46)) - raft.server.log.statemachine.data.sync = true (default)
2023-03-09 15:02:07,752 [pool-1097-thread-1] INFO  server.RaftServerConfigKeys (ConfUtils.java:logGet(46)) - raft.server.log.statemachine.data.sync.timeout = 10s (default)
2023-03-09 15:02:07,752 [pool-1097-thread-1] INFO  server.RaftServerConfigKeys (ConfUtils.java:logGet(46)) - raft.server.log.statemachine.data.sync.timeout.retry = -1 (default)
2023-03-09 15:02:07,752 [pool-1097-thread-1] INFO  server.RaftServerConfigKeys (ConfUtils.java:logGet(46)) - raft.server.log.write.buffer.size = 1048576 (custom)
2023-03-09 15:02:07,753 [pool-1097-thread-1] INFO  server.RaftServerConfigKeys (ConfUtils.java:logGet(46)) - raft.server.log.appender.buffer.byte-limit = 33554432 (custom)
2023-03-09 15:02:07,762 [pool-1097-thread-1] INFO  server.RaftServerConfigKeys (ConfUtils.java:logGet(46)) - raft.server.log.unsafe-flush.enabled = false (default)
2023-03-09 15:02:07,762 [pool-1097-thread-1] INFO  server.RaftServerConfigKeys (ConfUtils.java:logGet(46)) - raft.server.log.async-flush.enabled = false (default)
2023-03-09 15:02:07,762 [pool-1097-thread-1] INFO  server.RaftServerConfigKeys (ConfUtils.java:logGet(46)) - raft.server.log.statemachine.data.caching.enabled = true (custom)
2023-03-09 15:02:07,763 [pool-1097-thread-1] INFO  segmented.SegmentedRaftLogWorker (SegmentedRaftLogWorker.java:lambda$new$0(135)) - 29c9a1c1-e3f8-4fe7-8970-336a6086cca1@group-2E25E48C3F6F-SegmentedRaftLogWorker: flushIndex: setUnconditionally 0 -> -1
2023-03-09 15:02:07,763 [pool-1097-thread-1] INFO  segmented.SegmentedRaftLogWorker (SegmentedRaftLogWorker.java:lambda$new$0(135)) - 29c9a1c1-e3f8-4fe7-8970-336a6086cca1@group-2E25E48C3F6F-SegmentedRaftLogWorker: safeCacheEvictIndex: setUnconditionally 0 -> -1
2023-03-09 15:02:07,763 [pool-1097-thread-1] INFO  server.RaftServer$Division (RaftServerImpl.java:start(334)) - 29c9a1c1-e3f8-4fe7-8970-336a6086cca1@group-2E25E48C3F6F: start as a follower, conf=-1: peers:[29c9a1c1-e3f8-4fe7-8970-336a6086cca1|rpc:127.0.0.1:41623|dataStream:127.0.0.1:33519|priority:1|startupRole:FOLLOWER]|listeners:[], old=null
2023-03-09 15:02:07,763 [pool-1097-thread-1] INFO  server.RaftServer$Division (RaftServerImpl.java:setRole(321)) - 29c9a1c1-e3f8-4fe7-8970-336a6086cca1@group-2E25E48C3F6F: changes role from      null to FOLLOWER at term 0 for startAsFollower
2023-03-09 15:02:07,763 [pool-1097-thread-1] INFO  impl.RoleInfo (RoleInfo.java:updateAndGet(139)) - 29c9a1c1-e3f8-4fe7-8970-336a6086cca1: start 29c9a1c1-e3f8-4fe7-8970-336a6086cca1@group-2E25E48C3F6F-FollowerState
2023-03-09 15:02:07,764 [pool-1097-thread-1] INFO  util.JmxRegister (JmxRegister.java:tryRegister(44)) - Successfully registered JMX Bean with object name Ratis:service=RaftServer,group=group-2E25E48C3F6F,id=29c9a1c1-e3f8-4fe7-8970-336a6086cca1
2023-03-09 15:02:07,764 [pool-1097-thread-1] INFO  server.RaftServerConfigKeys (ConfUtils.java:logGet(46)) - raft.server.snapshot.auto.trigger.enabled = true (custom)
2023-03-09 15:02:07,764 [pool-1097-thread-1] INFO  server.RaftServerConfigKeys (ConfUtils.java:logGet(46)) - raft.server.snapshot.auto.trigger.threshold = 10000 (custom)
2023-03-09 15:02:07,764 [pool-1097-thread-1] INFO  server.RaftServerConfigKeys (ConfUtils.java:logGet(46)) - raft.server.snapshot.retention.file.num = 5 (custom)
2023-03-09 15:02:07,764 [pool-1097-thread-1] INFO  server.RaftServerConfigKeys (ConfUtils.java:logGet(46)) - raft.server.log.purge.upto.snapshot.index = false (default)
2023-03-09 15:02:07,764 [9c2c9161-baeb-4919-a38f-0ea4e5b0accf@group-9B0F9F306B89-StateMachineUpdater] INFO  safemode.HealthyPipelineSafeModeRule (HealthyPipelineSafeModeRule.java:initializeRule(165)) - Refreshed total pipeline count is 0, healthy pipeline threshold count is 1
2023-03-09 15:02:07,764 [29c9a1c1-e3f8-4fe7-8970-336a6086cca1@group-2E25E48C3F6F-FollowerState] INFO  server.RaftServerConfigKeys (ConfUtils.java:logFallback(53)) - raft.server.rpc.first-election.timeout.min = 5s (fallback to raft.server.rpc.timeout.min)
2023-03-09 15:02:07,764 [29c9a1c1-e3f8-4fe7-8970-336a6086cca1@group-2E25E48C3F6F-FollowerState] INFO  server.RaftServerConfigKeys (ConfUtils.java:logFallback(53)) - raft.server.rpc.first-election.timeout.max = 5200ms (fallback to raft.server.rpc.timeout.max)
2023-03-09 15:02:07,766 [Command processor thread] INFO  ratis.XceiverServerRatis (XceiverServerRatis.java:addGroup(807)) - Created group PipelineID=35e507b4-832e-42fe-9a87-2e25e48c3f6f
2023-03-09 15:02:07,768 [Command processor thread] INFO  commandhandler.CreatePipelineCommandHandler (CreatePipelineCommandHandler.java:handle(113)) - Created Pipeline RATIS ONE PipelineID=35e507b4-832e-42fe-9a87-2e25e48c3f6f.
2023-03-09 15:02:07,768 [EventQueue-OpenPipelineForHealthyPipelineSafeModeRule] INFO  safemode.SCMSafeModeManager (HealthyPipelineSafeModeRule.java:process(137)) - SCM in safe mode. Healthy pipelines reported count is 0, required healthy pipeline reported count is 1
2023-03-09 15:02:07,768 [Command processor thread] INFO  server.RaftServer (RaftServerProxy.java:addNew(96)) - 29c9a1c1-e3f8-4fe7-8970-336a6086cca1: addNew group-77001C9B7D0B:[c6c2c657-0e93-48b3-a316-4dc30ca2acab|rpc:127.0.0.1:45875|dataStream:127.0.0.1:42347|priority:0|startupRole:FOLLOWER, 126d5446-786c-45f2-bbbe-001b0b6f97a9|rpc:127.0.0.1:43541|dataStream:127.0.0.1:41323|priority:1|startupRole:FOLLOWER, 29c9a1c1-e3f8-4fe7-8970-336a6086cca1|rpc:127.0.0.1:41623|dataStream:127.0.0.1:33519|priority:0|startupRole:FOLLOWER] returns group-77001C9B7D0B:java.util.concurrent.CompletableFuture@af3c54b[Not completed]
2023-03-09 15:02:07,769 [pool-1097-thread-1] INFO  server.RaftServer$Division (RaftServerImpl.java:<init>(195)) - 29c9a1c1-e3f8-4fe7-8970-336a6086cca1: new RaftServerImpl for group-77001C9B7D0B:[c6c2c657-0e93-48b3-a316-4dc30ca2acab|rpc:127.0.0.1:45875|dataStream:127.0.0.1:42347|priority:0|startupRole:FOLLOWER, 126d5446-786c-45f2-bbbe-001b0b6f97a9|rpc:127.0.0.1:43541|dataStream:127.0.0.1:41323|priority:1|startupRole:FOLLOWER, 29c9a1c1-e3f8-4fe7-8970-336a6086cca1|rpc:127.0.0.1:41623|dataStream:127.0.0.1:33519|priority:0|startupRole:FOLLOWER] with ContainerStateMachine:uninitialized
2023-03-09 15:02:07,769 [pool-1097-thread-1] INFO  server.RaftServerConfigKeys (ConfUtils.java:logGet(46)) - raft.server.rpc.timeout.min = 5s (custom)
2023-03-09 15:02:07,769 [pool-1097-thread-1] INFO  server.RaftServerConfigKeys (ConfUtils.java:logGet(46)) - raft.server.rpc.timeout.max = 5200ms (custom)
2023-03-09 15:02:07,769 [pool-1097-thread-1] INFO  server.RaftServerConfigKeys (ConfUtils.java:logGet(46)) - raft.server.rpc.sleep.time = 25ms (default)
2023-03-09 15:02:07,769 [pool-1097-thread-1] INFO  server.RaftServerConfigKeys (ConfUtils.java:logGet(46)) - raft.server.rpc.slowness.timeout = 300s (custom)
2023-03-09 15:02:07,769 [pool-1097-thread-1] INFO  server.RaftServerConfigKeys (ConfUtils.java:logGet(46)) - raft.server.leaderelection.leader.step-down.wait-time = 10s (default)
2023-03-09 15:02:07,769 [pool-1097-thread-1] INFO  server.RaftServerConfigKeys (ConfUtils.java:logGet(46)) - raft.server.sleep.deviation.threshold = 300ms (default)
2023-03-09 15:02:07,770 [pool-1097-thread-1] INFO  server.RaftServer$Division (ServerState.java:<init>(118)) - 29c9a1c1-e3f8-4fe7-8970-336a6086cca1@group-77001C9B7D0B: ConfigurationManager, init=-1: peers:[c6c2c657-0e93-48b3-a316-4dc30ca2acab|rpc:127.0.0.1:45875|dataStream:127.0.0.1:42347|priority:0|startupRole:FOLLOWER, 126d5446-786c-45f2-bbbe-001b0b6f97a9|rpc:127.0.0.1:43541|dataStream:127.0.0.1:41323|priority:1|startupRole:FOLLOWER, 29c9a1c1-e3f8-4fe7-8970-336a6086cca1|rpc:127.0.0.1:41623|dataStream:127.0.0.1:33519|priority:0|startupRole:FOLLOWER]|listeners:[], old=null, confs=<EMPTY_MAP>
2023-03-09 15:02:07,770 [pool-1097-thread-1] INFO  server.RaftServerConfigKeys (ConfUtils.java:logGet(46)) - raft.server.storage.dir = [/home/runner/work/ozone/ozone/hadoop-ozone/integration-test/target/test-dir/MiniOzoneClusterImpl-c8dd39f1-89f8-47ca-b8e4-9b0f9f306b89/datanode-0/data/ratis] (custom)
2023-03-09 15:02:07,770 [pool-1097-thread-1] INFO  server.RaftServerConfigKeys (ConfUtils.java:logGet(46)) - raft.server.log.corruption.policy = EXCEPTION (default)
2023-03-09 15:02:07,770 [pool-1097-thread-1] INFO  server.RaftServerConfigKeys (ConfUtils.java:logGet(46)) - raft.server.storage.free-space.min = 0MB (=0) (default)
2023-03-09 15:02:07,770 [pool-1097-thread-1] INFO  server.RaftServerConfigKeys (ConfUtils.java:logGet(46)) - raft.server.notification.no-leader.timeout = 300s (custom)
2023-03-09 15:02:07,770 [pool-1097-thread-1] INFO  server.RaftServerConfigKeys (ConfUtils.java:logGet(46)) - raft.server.retrycache.expirytime = 600000ms (custom)
2023-03-09 15:02:07,770 [pool-1097-thread-1] INFO  server.RaftServerConfigKeys (ConfUtils.java:logGet(46)) - raft.server.retrycache.statistics.expirytime = 100μs (default)
2023-03-09 15:02:07,771 [pool-1097-thread-1] INFO  server.RaftServerConfigKeys (ConfUtils.java:logGet(46)) - raft.server.log.appender.install.snapshot.enabled = false (custom)
2023-03-09 15:02:07,771 [pool-1097-thread-1] INFO  server.RaftServerConfigKeys (ConfUtils.java:logGet(46)) - raft.server.threadpool.server.cached = true (default)
2023-03-09 15:02:07,771 [pool-1097-thread-1] INFO  server.RaftServerConfigKeys (ConfUtils.java:logGet(46)) - raft.server.threadpool.server.size = 0 (default)
2023-03-09 15:02:07,771 [pool-1097-thread-1] INFO  server.RaftServerConfigKeys (ConfUtils.java:logGet(46)) - raft.server.threadpool.client.cached = true (default)
2023-03-09 15:02:07,771 [pool-1097-thread-1] INFO  server.RaftServerConfigKeys (ConfUtils.java:logGet(46)) - raft.server.threadpool.client.size = 0 (default)
2023-03-09 15:02:07,771 [pool-1097-thread-1] INFO  storage.RaftStorageDirectory (RaftStorageDirectoryImpl.java:analyzeStorage(137)) - The storage directory /home/runner/work/ozone/ozone/hadoop-ozone/integration-test/target/test-dir/MiniOzoneClusterImpl-c8dd39f1-89f8-47ca-b8e4-9b0f9f306b89/datanode-0/data/ratis/e3ed6265-74c6-4924-a525-77001c9b7d0b does not exist. Creating ...
2023-03-09 15:02:07,773 [pool-1097-thread-1] INFO  storage.RaftStorageDirectory (RaftStorageDirectoryImpl.java:tryLock(231)) - Lock on /home/runner/work/ozone/ozone/hadoop-ozone/integration-test/target/test-dir/MiniOzoneClusterImpl-c8dd39f1-89f8-47ca-b8e4-9b0f9f306b89/datanode-0/data/ratis/e3ed6265-74c6-4924-a525-77001c9b7d0b/in_use.lock acquired by nodename 57158@fv-az377-502
2023-03-09 15:02:07,774 [pool-1097-thread-1] INFO  storage.RaftStorage (RaftStorageImpl.java:format(96)) - Storage directory /home/runner/work/ozone/ozone/hadoop-ozone/integration-test/target/test-dir/MiniOzoneClusterImpl-c8dd39f1-89f8-47ca-b8e4-9b0f9f306b89/datanode-0/data/ratis/e3ed6265-74c6-4924-a525-77001c9b7d0b has been successfully formatted.
2023-03-09 15:02:07,775 [pool-1097-thread-1] INFO  ratis.ContainerStateMachine (ContainerStateMachine.java:loadSnapshot(240)) - group-77001C9B7D0B: The snapshot info is null. Setting the last applied indexto:(t:0, i:~)
2023-03-09 15:02:07,775 [pool-1097-thread-1] INFO  server.RaftServerConfigKeys (ConfUtils.java:logGet(46)) - raft.server.log.use.memory = false (default)
2023-03-09 15:02:07,775 [pool-1097-thread-1] INFO  server.RaftServerConfigKeys (ConfUtils.java:logGet(46)) - raft.server.log.purge.gap = 1000000 (custom)
2023-03-09 15:02:07,775 [pool-1097-thread-1] INFO  server.RaftServerConfigKeys (ConfUtils.java:logGet(46)) - raft.server.log.appender.buffer.byte-limit = 33554432 (custom)
2023-03-09 15:02:07,775 [pool-1097-thread-1] INFO  server.RaftServerConfigKeys (ConfUtils.java:logGet(46)) - raft.server.log.statemachine.data.read.timeout = 1000ms (default)
2023-03-09 15:02:07,775 [pool-1097-thread-1] INFO  server.RaftServerConfigKeys (ConfUtils.java:logGet(46)) - raft.server.log.purge.preservation.log.num = 0 (default)
2023-03-09 15:02:07,775 [pool-1097-thread-1] INFO  server.RaftServerConfigKeys (ConfUtils.java:logGet(46)) - raft.server.log.segment.size.max = 1048576 (custom)
2023-03-09 15:02:07,776 [pool-1097-thread-1] INFO  server.RaftServerConfigKeys (ConfUtils.java:logGet(46)) - raft.server.log.segment.cache.num.max = 2 (custom)
2023-03-09 15:02:07,777 [pool-1097-thread-1] INFO  server.RaftServerConfigKeys (ConfUtils.java:logGet(46)) - raft.server.log.segment.cache.size.max = 200MB (=209715200) (default)
2023-03-09 15:02:07,777 [pool-1097-thread-1] INFO  segmented.SegmentedRaftLogWorker (SegmentedRaftLogWorker.java:<init>(189)) - new 29c9a1c1-e3f8-4fe7-8970-336a6086cca1@group-77001C9B7D0B-SegmentedRaftLogWorker for RaftStorageImpl:Storage Directory /home/runner/work/ozone/ozone/hadoop-ozone/integration-test/target/test-dir/MiniOzoneClusterImpl-c8dd39f1-89f8-47ca-b8e4-9b0f9f306b89/datanode-0/data/ratis/e3ed6265-74c6-4924-a525-77001c9b7d0b
2023-03-09 15:02:07,777 [pool-1097-thread-1] INFO  server.RaftServerConfigKeys (ConfUtils.java:logGet(46)) - raft.server.log.queue.byte-limit = 4294967296 (custom)
2023-03-09 15:02:07,777 [pool-1097-thread-1] INFO  server.RaftServerConfigKeys (ConfUtils.java:logGet(46)) - raft.server.log.queue.element-limit = 1024 (custom)
2023-03-09 15:02:07,777 [pool-1097-thread-1] INFO  server.RaftServerConfigKeys (ConfUtils.java:logGet(46)) - raft.server.log.segment.size.max = 1048576 (custom)
2023-03-09 15:02:07,777 [pool-1097-thread-1] INFO  server.RaftServerConfigKeys (ConfUtils.java:logGet(46)) - raft.server.log.preallocated.size = 16384 (custom)
2023-03-09 15:02:07,777 [pool-1097-thread-1] INFO  server.RaftServerConfigKeys (ConfUtils.java:logGet(46)) - raft.server.log.force.sync.num = 128 (default)
2023-03-09 15:02:07,777 [pool-1097-thread-1] INFO  server.RaftServerConfigKeys (ConfUtils.java:logGet(46)) - raft.server.log.statemachine.data.sync = true (default)
2023-03-09 15:02:07,777 [pool-1097-thread-1] INFO  server.RaftServerConfigKeys (ConfUtils.java:logGet(46)) - raft.server.log.statemachine.data.sync.timeout = 10s (default)
2023-03-09 15:02:07,777 [pool-1097-thread-1] INFO  server.RaftServerConfigKeys (ConfUtils.java:logGet(46)) - raft.server.log.statemachine.data.sync.timeout.retry = -1 (default)
2023-03-09 15:02:07,778 [pool-1097-thread-1] INFO  server.RaftServerConfigKeys (ConfUtils.java:logGet(46)) - raft.server.log.write.buffer.size = 1048576 (custom)
2023-03-09 15:02:07,778 [EventQueue-OpenPipelineForHealthyPipelineSafeModeRule] INFO  safemode.SCMSafeModeManager (HealthyPipelineSafeModeRule.java:process(137)) - SCM in safe mode. Healthy pipelines reported count is 0, required healthy pipeline reported count is 1
2023-03-09 15:02:07,779 [pool-1097-thread-1] INFO  server.RaftServerConfigKeys (ConfUtils.java:logGet(46)) - raft.server.log.appender.buffer.byte-limit = 33554432 (custom)
2023-03-09 15:02:07,785 [pool-1097-thread-1] INFO  server.RaftServerConfigKeys (ConfUtils.java:logGet(46)) - raft.server.log.unsafe-flush.enabled = false (default)
2023-03-09 15:02:07,785 [pool-1097-thread-1] INFO  server.RaftServerConfigKeys (ConfUtils.java:logGet(46)) - raft.server.log.async-flush.enabled = false (default)
2023-03-09 15:02:07,785 [pool-1097-thread-1] INFO  server.RaftServerConfigKeys (ConfUtils.java:logGet(46)) - raft.server.log.statemachine.data.caching.enabled = true (custom)
2023-03-09 15:02:07,786 [pool-1097-thread-1] INFO  segmented.SegmentedRaftLogWorker (SegmentedRaftLogWorker.java:lambda$new$0(135)) - 29c9a1c1-e3f8-4fe7-8970-336a6086cca1@group-77001C9B7D0B-SegmentedRaftLogWorker: flushIndex: setUnconditionally 0 -> -1
2023-03-09 15:02:07,786 [pool-1097-thread-1] INFO  segmented.SegmentedRaftLogWorker (SegmentedRaftLogWorker.java:lambda$new$0(135)) - 29c9a1c1-e3f8-4fe7-8970-336a6086cca1@group-77001C9B7D0B-SegmentedRaftLogWorker: safeCacheEvictIndex: setUnconditionally 0 -> -1
2023-03-09 15:02:07,786 [pool-1097-thread-1] INFO  server.RaftServer$Division (RaftServerImpl.java:start(334)) - 29c9a1c1-e3f8-4fe7-8970-336a6086cca1@group-77001C9B7D0B: start as a follower, conf=-1: peers:[c6c2c657-0e93-48b3-a316-4dc30ca2acab|rpc:127.0.0.1:45875|dataStream:127.0.0.1:42347|priority:0|startupRole:FOLLOWER, 126d5446-786c-45f2-bbbe-001b0b6f97a9|rpc:127.0.0.1:43541|dataStream:127.0.0.1:41323|priority:1|startupRole:FOLLOWER, 29c9a1c1-e3f8-4fe7-8970-336a6086cca1|rpc:127.0.0.1:41623|dataStream:127.0.0.1:33519|priority:0|startupRole:FOLLOWER]|listeners:[], old=null
2023-03-09 15:02:07,786 [pool-1097-thread-1] INFO  server.RaftServer$Division (RaftServerImpl.java:setRole(321)) - 29c9a1c1-e3f8-4fe7-8970-336a6086cca1@group-77001C9B7D0B: changes role from      null to FOLLOWER at term 0 for startAsFollower
2023-03-09 15:02:07,786 [pool-1097-thread-1] INFO  impl.RoleInfo (RoleInfo.java:updateAndGet(139)) - 29c9a1c1-e3f8-4fe7-8970-336a6086cca1: start 29c9a1c1-e3f8-4fe7-8970-336a6086cca1@group-77001C9B7D0B-FollowerState
2023-03-09 15:02:07,787 [pool-1097-thread-1] INFO  util.JmxRegister (JmxRegister.java:tryRegister(44)) - Successfully registered JMX Bean with object name Ratis:service=RaftServer,group=group-77001C9B7D0B,id=29c9a1c1-e3f8-4fe7-8970-336a6086cca1
2023-03-09 15:02:07,787 [29c9a1c1-e3f8-4fe7-8970-336a6086cca1@group-77001C9B7D0B-FollowerState] INFO  server.RaftServerConfigKeys (ConfUtils.java:logFallback(53)) - raft.server.rpc.first-election.timeout.min = 5s (fallback to raft.server.rpc.timeout.min)
2023-03-09 15:02:07,787 [pool-1097-thread-1] INFO  server.RaftServerConfigKeys (ConfUtils.java:logGet(46)) - raft.server.snapshot.auto.trigger.enabled = true (custom)
2023-03-09 15:02:07,787 [pool-1097-thread-1] INFO  server.RaftServerConfigKeys (ConfUtils.java:logGet(46)) - raft.server.snapshot.auto.trigger.threshold = 10000 (custom)
2023-03-09 15:02:07,787 [pool-1097-thread-1] INFO  server.RaftServerConfigKeys (ConfUtils.java:logGet(46)) - raft.server.snapshot.retention.file.num = 5 (custom)
2023-03-09 15:02:07,787 [pool-1097-thread-1] INFO  server.RaftServerConfigKeys (ConfUtils.java:logGet(46)) - raft.server.log.purge.upto.snapshot.index = false (default)
2023-03-09 15:02:07,787 [Command processor thread] INFO  ratis.XceiverServerRatis (XceiverServerRatis.java:addGroup(807)) - Created group PipelineID=e3ed6265-74c6-4924-a525-77001c9b7d0b
2023-03-09 15:02:07,788 [29c9a1c1-e3f8-4fe7-8970-336a6086cca1@group-77001C9B7D0B-FollowerState] INFO  server.RaftServerConfigKeys (ConfUtils.java:logFallback(53)) - raft.server.rpc.first-election.timeout.max = 5200ms (fallback to raft.server.rpc.timeout.max)
2023-03-09 15:02:07,798 [grpc-default-executor-6] INFO  server.RaftServer (RaftServerProxy.java:addNew(96)) - 126d5446-786c-45f2-bbbe-001b0b6f97a9: addNew group-77001C9B7D0B:[c6c2c657-0e93-48b3-a316-4dc30ca2acab|rpc:127.0.0.1:45875|dataStream:127.0.0.1:42347|priority:0|startupRole:FOLLOWER, 126d5446-786c-45f2-bbbe-001b0b6f97a9|rpc:127.0.0.1:43541|dataStream:127.0.0.1:41323|priority:1|startupRole:FOLLOWER, 29c9a1c1-e3f8-4fe7-8970-336a6086cca1|rpc:127.0.0.1:41623|dataStream:127.0.0.1:33519|priority:0|startupRole:FOLLOWER] returns group-77001C9B7D0B:java.util.concurrent.CompletableFuture@5baa4394[Not completed]
2023-03-09 15:02:07,799 [pool-1141-thread-1] INFO  server.RaftServer$Division (RaftServerImpl.java:<init>(195)) - 126d5446-786c-45f2-bbbe-001b0b6f97a9: new RaftServerImpl for group-77001C9B7D0B:[c6c2c657-0e93-48b3-a316-4dc30ca2acab|rpc:127.0.0.1:45875|dataStream:127.0.0.1:42347|priority:0|startupRole:FOLLOWER, 126d5446-786c-45f2-bbbe-001b0b6f97a9|rpc:127.0.0.1:43541|dataStream:127.0.0.1:41323|priority:1|startupRole:FOLLOWER, 29c9a1c1-e3f8-4fe7-8970-336a6086cca1|rpc:127.0.0.1:41623|dataStream:127.0.0.1:33519|priority:0|startupRole:FOLLOWER] with ContainerStateMachine:uninitialized
2023-03-09 15:02:07,799 [pool-1141-thread-1] INFO  server.RaftServerConfigKeys (ConfUtils.java:logGet(46)) - raft.server.rpc.timeout.min = 5s (custom)
2023-03-09 15:02:07,799 [pool-1141-thread-1] INFO  server.RaftServerConfigKeys (ConfUtils.java:logGet(46)) - raft.server.rpc.timeout.max = 5200ms (custom)
2023-03-09 15:02:07,799 [pool-1141-thread-1] INFO  server.RaftServerConfigKeys (ConfUtils.java:logGet(46)) - raft.server.rpc.sleep.time = 25ms (default)
2023-03-09 15:02:07,799 [pool-1141-thread-1] INFO  server.RaftServerConfigKeys (ConfUtils.java:logGet(46)) - raft.server.rpc.slowness.timeout = 300s (custom)
2023-03-09 15:02:07,799 [pool-1141-thread-1] INFO  server.RaftServerConfigKeys (ConfUtils.java:logGet(46)) - raft.server.leaderelection.leader.step-down.wait-time = 10s (default)
2023-03-09 15:02:07,799 [pool-1141-thread-1] INFO  server.RaftServerConfigKeys (ConfUtils.java:logGet(46)) - raft.server.sleep.deviation.threshold = 300ms (default)
2023-03-09 15:02:07,799 [pool-1141-thread-1] INFO  server.RaftServer$Division (ServerState.java:<init>(118)) - 126d5446-786c-45f2-bbbe-001b0b6f97a9@group-77001C9B7D0B: ConfigurationManager, init=-1: peers:[c6c2c657-0e93-48b3-a316-4dc30ca2acab|rpc:127.0.0.1:45875|dataStream:127.0.0.1:42347|priority:0|startupRole:FOLLOWER, 126d5446-786c-45f2-bbbe-001b0b6f97a9|rpc:127.0.0.1:43541|dataStream:127.0.0.1:41323|priority:1|startupRole:FOLLOWER, 29c9a1c1-e3f8-4fe7-8970-336a6086cca1|rpc:127.0.0.1:41623|dataStream:127.0.0.1:33519|priority:0|startupRole:FOLLOWER]|listeners:[], old=null, confs=<EMPTY_MAP>
2023-03-09 15:02:07,799 [pool-1141-thread-1] INFO  server.RaftServerConfigKeys (ConfUtils.java:logGet(46)) - raft.server.storage.dir = [/home/runner/work/ozone/ozone/hadoop-ozone/integration-test/target/test-dir/MiniOzoneClusterImpl-c8dd39f1-89f8-47ca-b8e4-9b0f9f306b89/datanode-2/data/ratis] (custom)
2023-03-09 15:02:07,799 [pool-1141-thread-1] INFO  server.RaftServerConfigKeys (ConfUtils.java:logGet(46)) - raft.server.log.corruption.policy = EXCEPTION (default)
2023-03-09 15:02:07,800 [pool-1141-thread-1] INFO  server.RaftServerConfigKeys (ConfUtils.java:logGet(46)) - raft.server.storage.free-space.min = 0MB (=0) (default)
2023-03-09 15:02:07,800 [pool-1141-thread-1] INFO  server.RaftServerConfigKeys (ConfUtils.java:logGet(46)) - raft.server.notification.no-leader.timeout = 300s (custom)
2023-03-09 15:02:07,800 [pool-1141-thread-1] INFO  server.RaftServerConfigKeys (ConfUtils.java:logGet(46)) - raft.server.retrycache.expirytime = 600000ms (custom)
2023-03-09 15:02:07,800 [pool-1141-thread-1] INFO  server.RaftServerConfigKeys (ConfUtils.java:logGet(46)) - raft.server.retrycache.statistics.expirytime = 100μs (default)
2023-03-09 15:02:07,801 [pool-1141-thread-1] INFO  server.RaftServerConfigKeys (ConfUtils.java:logGet(46)) - raft.server.log.appender.install.snapshot.enabled = false (custom)
2023-03-09 15:02:07,801 [pool-1141-thread-1] INFO  server.RaftServerConfigKeys (ConfUtils.java:logGet(46)) - raft.server.threadpool.server.cached = true (default)
2023-03-09 15:02:07,801 [pool-1141-thread-1] INFO  server.RaftServerConfigKeys (ConfUtils.java:logGet(46)) - raft.server.threadpool.server.size = 0 (default)
2023-03-09 15:02:07,801 [pool-1141-thread-1] INFO  server.RaftServerConfigKeys (ConfUtils.java:logGet(46)) - raft.server.threadpool.client.cached = true (default)
2023-03-09 15:02:07,801 [pool-1141-thread-1] INFO  server.RaftServerConfigKeys (ConfUtils.java:logGet(46)) - raft.server.threadpool.client.size = 0 (default)
2023-03-09 15:02:07,801 [pool-1141-thread-1] INFO  storage.RaftStorageDirectory (RaftStorageDirectoryImpl.java:analyzeStorage(137)) - The storage directory /home/runner/work/ozone/ozone/hadoop-ozone/integration-test/target/test-dir/MiniOzoneClusterImpl-c8dd39f1-89f8-47ca-b8e4-9b0f9f306b89/datanode-2/data/ratis/e3ed6265-74c6-4924-a525-77001c9b7d0b does not exist. Creating ...
2023-03-09 15:02:07,802 [pool-1141-thread-1] INFO  storage.RaftStorageDirectory (RaftStorageDirectoryImpl.java:tryLock(231)) - Lock on /home/runner/work/ozone/ozone/hadoop-ozone/integration-test/target/test-dir/MiniOzoneClusterImpl-c8dd39f1-89f8-47ca-b8e4-9b0f9f306b89/datanode-2/data/ratis/e3ed6265-74c6-4924-a525-77001c9b7d0b/in_use.lock acquired by nodename 57158@fv-az377-502
2023-03-09 15:02:07,804 [pool-1141-thread-1] INFO  storage.RaftStorage (RaftStorageImpl.java:format(96)) - Storage directory /home/runner/work/ozone/ozone/hadoop-ozone/integration-test/target/test-dir/MiniOzoneClusterImpl-c8dd39f1-89f8-47ca-b8e4-9b0f9f306b89/datanode-2/data/ratis/e3ed6265-74c6-4924-a525-77001c9b7d0b has been successfully formatted.
2023-03-09 15:02:07,805 [pool-1141-thread-1] INFO  ratis.ContainerStateMachine (ContainerStateMachine.java:loadSnapshot(240)) - group-77001C9B7D0B: The snapshot info is null. Setting the last applied indexto:(t:0, i:~)
2023-03-09 15:02:07,805 [pool-1141-thread-1] INFO  server.RaftServerConfigKeys (ConfUtils.java:logGet(46)) - raft.server.log.use.memory = false (default)
2023-03-09 15:02:07,806 [pool-1141-thread-1] INFO  server.RaftServerConfigKeys (ConfUtils.java:logGet(46)) - raft.server.log.purge.gap = 1000000 (custom)
2023-03-09 15:02:07,806 [pool-1141-thread-1] INFO  server.RaftServerConfigKeys (ConfUtils.java:logGet(46)) - raft.server.log.appender.buffer.byte-limit = 33554432 (custom)
2023-03-09 15:02:07,806 [pool-1141-thread-1] INFO  server.RaftServerConfigKeys (ConfUtils.java:logGet(46)) - raft.server.log.statemachine.data.read.timeout = 1000ms (default)
2023-03-09 15:02:07,806 [pool-1141-thread-1] INFO  server.RaftServerConfigKeys (ConfUtils.java:logGet(46)) - raft.server.log.purge.preservation.log.num = 0 (default)
2023-03-09 15:02:07,806 [pool-1141-thread-1] INFO  server.RaftServerConfigKeys (ConfUtils.java:logGet(46)) - raft.server.log.segment.size.max = 1048576 (custom)
2023-03-09 15:02:07,807 [pool-1141-thread-1] INFO  server.RaftServerConfigKeys (ConfUtils.java:logGet(46)) - raft.server.log.segment.cache.num.max = 2 (custom)
2023-03-09 15:02:07,807 [pool-1141-thread-1] INFO  server.RaftServerConfigKeys (ConfUtils.java:logGet(46)) - raft.server.log.segment.cache.size.max = 200MB (=209715200) (default)
2023-03-09 15:02:07,807 [pool-1141-thread-1] INFO  segmented.SegmentedRaftLogWorker (SegmentedRaftLogWorker.java:<init>(189)) - new 126d5446-786c-45f2-bbbe-001b0b6f97a9@group-77001C9B7D0B-SegmentedRaftLogWorker for RaftStorageImpl:Storage Directory /home/runner/work/ozone/ozone/hadoop-ozone/integration-test/target/test-dir/MiniOzoneClusterImpl-c8dd39f1-89f8-47ca-b8e4-9b0f9f306b89/datanode-2/data/ratis/e3ed6265-74c6-4924-a525-77001c9b7d0b
2023-03-09 15:02:07,807 [pool-1141-thread-1] INFO  server.RaftServerConfigKeys (ConfUtils.java:logGet(46)) - raft.server.log.queue.byte-limit = 4294967296 (custom)
2023-03-09 15:02:07,807 [pool-1141-thread-1] INFO  server.RaftServerConfigKeys (ConfUtils.java:logGet(46)) - raft.server.log.queue.element-limit = 1024 (custom)
2023-03-09 15:02:07,807 [pool-1141-thread-1] INFO  server.RaftServerConfigKeys (ConfUtils.java:logGet(46)) - raft.server.log.segment.size.max = 1048576 (custom)
2023-03-09 15:02:07,807 [pool-1141-thread-1] INFO  server.RaftServerConfigKeys (ConfUtils.java:logGet(46)) - raft.server.log.preallocated.size = 16384 (custom)
2023-03-09 15:02:07,807 [pool-1141-thread-1] INFO  server.RaftServerConfigKeys (ConfUtils.java:logGet(46)) - raft.server.log.force.sync.num = 128 (default)
2023-03-09 15:02:07,808 [pool-1141-thread-1] INFO  server.RaftServerConfigKeys (ConfUtils.java:logGet(46)) - raft.server.log.statemachine.data.sync = true (default)
2023-03-09 15:02:07,808 [pool-1141-thread-1] INFO  server.RaftServerConfigKeys (ConfUtils.java:logGet(46)) - raft.server.log.statemachine.data.sync.timeout = 10s (default)
2023-03-09 15:02:07,808 [pool-1141-thread-1] INFO  server.RaftServerConfigKeys (ConfUtils.java:logGet(46)) - raft.server.log.statemachine.data.sync.timeout.retry = -1 (default)
2023-03-09 15:02:07,808 [pool-1141-thread-1] INFO  server.RaftServerConfigKeys (ConfUtils.java:logGet(46)) - raft.server.log.write.buffer.size = 1048576 (custom)
2023-03-09 15:02:07,809 [pool-1141-thread-1] INFO  server.RaftServerConfigKeys (ConfUtils.java:logGet(46)) - raft.server.log.appender.buffer.byte-limit = 33554432 (custom)
2023-03-09 15:02:07,815 [pool-1141-thread-1] INFO  server.RaftServerConfigKeys (ConfUtils.java:logGet(46)) - raft.server.log.unsafe-flush.enabled = false (default)
2023-03-09 15:02:07,815 [pool-1141-thread-1] INFO  server.RaftServerConfigKeys (ConfUtils.java:logGet(46)) - raft.server.log.async-flush.enabled = false (default)
2023-03-09 15:02:07,815 [pool-1141-thread-1] INFO  server.RaftServerConfigKeys (ConfUtils.java:logGet(46)) - raft.server.log.statemachine.data.caching.enabled = true (custom)
2023-03-09 15:02:07,816 [pool-1141-thread-1] INFO  segmented.SegmentedRaftLogWorker (SegmentedRaftLogWorker.java:lambda$new$0(135)) - 126d5446-786c-45f2-bbbe-001b0b6f97a9@group-77001C9B7D0B-SegmentedRaftLogWorker: flushIndex: setUnconditionally 0 -> -1
2023-03-09 15:02:07,816 [pool-1141-thread-1] INFO  segmented.SegmentedRaftLogWorker (SegmentedRaftLogWorker.java:lambda$new$0(135)) - 126d5446-786c-45f2-bbbe-001b0b6f97a9@group-77001C9B7D0B-SegmentedRaftLogWorker: safeCacheEvictIndex: setUnconditionally 0 -> -1
2023-03-09 15:02:07,816 [pool-1141-thread-1] INFO  server.RaftServer$Division (RaftServerImpl.java:start(334)) - 126d5446-786c-45f2-bbbe-001b0b6f97a9@group-77001C9B7D0B: start as a follower, conf=-1: peers:[c6c2c657-0e93-48b3-a316-4dc30ca2acab|rpc:127.0.0.1:45875|dataStream:127.0.0.1:42347|priority:0|startupRole:FOLLOWER, 126d5446-786c-45f2-bbbe-001b0b6f97a9|rpc:127.0.0.1:43541|dataStream:127.0.0.1:41323|priority:1|startupRole:FOLLOWER, 29c9a1c1-e3f8-4fe7-8970-336a6086cca1|rpc:127.0.0.1:41623|dataStream:127.0.0.1:33519|priority:0|startupRole:FOLLOWER]|listeners:[], old=null
2023-03-09 15:02:07,816 [pool-1141-thread-1] INFO  server.RaftServer$Division (RaftServerImpl.java:setRole(321)) - 126d5446-786c-45f2-bbbe-001b0b6f97a9@group-77001C9B7D0B: changes role from      null to FOLLOWER at term 0 for startAsFollower
2023-03-09 15:02:07,816 [pool-1141-thread-1] INFO  impl.RoleInfo (RoleInfo.java:updateAndGet(139)) - 126d5446-786c-45f2-bbbe-001b0b6f97a9: start 126d5446-786c-45f2-bbbe-001b0b6f97a9@group-77001C9B7D0B-FollowerState
2023-03-09 15:02:07,817 [pool-1141-thread-1] INFO  util.JmxRegister (JmxRegister.java:tryRegister(44)) - Successfully registered JMX Bean with object name Ratis:service=RaftServer,group=group-77001C9B7D0B,id=126d5446-786c-45f2-bbbe-001b0b6f97a9
2023-03-09 15:02:07,817 [pool-1141-thread-1] INFO  server.RaftServerConfigKeys (ConfUtils.java:logGet(46)) - raft.server.snapshot.auto.trigger.enabled = true (custom)
2023-03-09 15:02:07,817 [126d5446-786c-45f2-bbbe-001b0b6f97a9@group-77001C9B7D0B-FollowerState] INFO  server.RaftServerConfigKeys (ConfUtils.java:logFallback(53)) - raft.server.rpc.first-election.timeout.min = 5s (fallback to raft.server.rpc.timeout.min)
2023-03-09 15:02:07,817 [pool-1141-thread-1] INFO  server.RaftServerConfigKeys (ConfUtils.java:logGet(46)) - raft.server.snapshot.auto.trigger.threshold = 10000 (custom)
2023-03-09 15:02:07,817 [126d5446-786c-45f2-bbbe-001b0b6f97a9@group-77001C9B7D0B-FollowerState] INFO  server.RaftServerConfigKeys (ConfUtils.java:logFallback(53)) - raft.server.rpc.first-election.timeout.max = 5200ms (fallback to raft.server.rpc.timeout.max)
2023-03-09 15:02:07,817 [pool-1141-thread-1] INFO  server.RaftServerConfigKeys (ConfUtils.java:logGet(46)) - raft.server.snapshot.retention.file.num = 5 (custom)
2023-03-09 15:02:07,817 [pool-1141-thread-1] INFO  server.RaftServerConfigKeys (ConfUtils.java:logGet(46)) - raft.server.log.purge.upto.snapshot.index = false (default)
2023-03-09 15:02:07,838 [grpc-default-executor-6] INFO  server.RaftServer (RaftServerProxy.java:addNew(96)) - c6c2c657-0e93-48b3-a316-4dc30ca2acab: addNew group-77001C9B7D0B:[c6c2c657-0e93-48b3-a316-4dc30ca2acab|rpc:127.0.0.1:45875|dataStream:127.0.0.1:42347|priority:0|startupRole:FOLLOWER, 126d5446-786c-45f2-bbbe-001b0b6f97a9|rpc:127.0.0.1:43541|dataStream:127.0.0.1:41323|priority:1|startupRole:FOLLOWER, 29c9a1c1-e3f8-4fe7-8970-336a6086cca1|rpc:127.0.0.1:41623|dataStream:127.0.0.1:33519|priority:0|startupRole:FOLLOWER] returns group-77001C9B7D0B:java.util.concurrent.CompletableFuture@34006c92[Not completed]
2023-03-09 15:02:07,840 [pool-1119-thread-1] INFO  server.RaftServer$Division (RaftServerImpl.java:<init>(195)) - c6c2c657-0e93-48b3-a316-4dc30ca2acab: new RaftServerImpl for group-77001C9B7D0B:[c6c2c657-0e93-48b3-a316-4dc30ca2acab|rpc:127.0.0.1:45875|dataStream:127.0.0.1:42347|priority:0|startupRole:FOLLOWER, 126d5446-786c-45f2-bbbe-001b0b6f97a9|rpc:127.0.0.1:43541|dataStream:127.0.0.1:41323|priority:1|startupRole:FOLLOWER, 29c9a1c1-e3f8-4fe7-8970-336a6086cca1|rpc:127.0.0.1:41623|dataStream:127.0.0.1:33519|priority:0|startupRole:FOLLOWER] with ContainerStateMachine:uninitialized
2023-03-09 15:02:07,842 [pool-1119-thread-1] INFO  server.RaftServerConfigKeys (ConfUtils.java:logGet(46)) - raft.server.rpc.timeout.min = 5s (custom)
2023-03-09 15:02:07,842 [pool-1119-thread-1] INFO  server.RaftServerConfigKeys (ConfUtils.java:logGet(46)) - raft.server.rpc.timeout.max = 5200ms (custom)
2023-03-09 15:02:07,843 [pool-1119-thread-1] INFO  server.RaftServerConfigKeys (ConfUtils.java:logGet(46)) - raft.server.rpc.sleep.time = 25ms (default)
2023-03-09 15:02:07,843 [pool-1119-thread-1] INFO  server.RaftServerConfigKeys (ConfUtils.java:logGet(46)) - raft.server.rpc.slowness.timeout = 300s (custom)
2023-03-09 15:02:07,843 [pool-1119-thread-1] INFO  server.RaftServerConfigKeys (ConfUtils.java:logGet(46)) - raft.server.leaderelection.leader.step-down.wait-time = 10s (default)
2023-03-09 15:02:07,843 [pool-1119-thread-1] INFO  server.RaftServerConfigKeys (ConfUtils.java:logGet(46)) - raft.server.sleep.deviation.threshold = 300ms (default)
2023-03-09 15:02:07,843 [pool-1119-thread-1] INFO  server.RaftServer$Division (ServerState.java:<init>(118)) - c6c2c657-0e93-48b3-a316-4dc30ca2acab@group-77001C9B7D0B: ConfigurationManager, init=-1: peers:[c6c2c657-0e93-48b3-a316-4dc30ca2acab|rpc:127.0.0.1:45875|dataStream:127.0.0.1:42347|priority:0|startupRole:FOLLOWER, 126d5446-786c-45f2-bbbe-001b0b6f97a9|rpc:127.0.0.1:43541|dataStream:127.0.0.1:41323|priority:1|startupRole:FOLLOWER, 29c9a1c1-e3f8-4fe7-8970-336a6086cca1|rpc:127.0.0.1:41623|dataStream:127.0.0.1:33519|priority:0|startupRole:FOLLOWER]|listeners:[], old=null, confs=<EMPTY_MAP>
2023-03-09 15:02:07,843 [pool-1119-thread-1] INFO  server.RaftServerConfigKeys (ConfUtils.java:logGet(46)) - raft.server.storage.dir = [/home/runner/work/ozone/ozone/hadoop-ozone/integration-test/target/test-dir/MiniOzoneClusterImpl-c8dd39f1-89f8-47ca-b8e4-9b0f9f306b89/datanode-1/data/ratis] (custom)
2023-03-09 15:02:07,843 [pool-1119-thread-1] INFO  server.RaftServerConfigKeys (ConfUtils.java:logGet(46)) - raft.server.log.corruption.policy = EXCEPTION (default)
2023-03-09 15:02:07,843 [pool-1119-thread-1] INFO  server.RaftServerConfigKeys (ConfUtils.java:logGet(46)) - raft.server.storage.free-space.min = 0MB (=0) (default)
2023-03-09 15:02:07,843 [pool-1119-thread-1] INFO  server.RaftServerConfigKeys (ConfUtils.java:logGet(46)) - raft.server.notification.no-leader.timeout = 300s (custom)
2023-03-09 15:02:07,843 [pool-1119-thread-1] INFO  server.RaftServerConfigKeys (ConfUtils.java:logGet(46)) - raft.server.retrycache.expirytime = 600000ms (custom)
2023-03-09 15:02:07,844 [pool-1119-thread-1] INFO  server.RaftServerConfigKeys (ConfUtils.java:logGet(46)) - raft.server.retrycache.statistics.expirytime = 100μs (default)
2023-03-09 15:02:07,844 [pool-1119-thread-1] INFO  server.RaftServerConfigKeys (ConfUtils.java:logGet(46)) - raft.server.log.appender.install.snapshot.enabled = false (custom)
2023-03-09 15:02:07,845 [pool-1119-thread-1] INFO  server.RaftServerConfigKeys (ConfUtils.java:logGet(46)) - raft.server.threadpool.server.cached = true (default)
2023-03-09 15:02:07,845 [pool-1119-thread-1] INFO  server.RaftServerConfigKeys (ConfUtils.java:logGet(46)) - raft.server.threadpool.server.size = 0 (default)
2023-03-09 15:02:07,845 [pool-1119-thread-1] INFO  server.RaftServerConfigKeys (ConfUtils.java:logGet(46)) - raft.server.threadpool.client.cached = true (default)
2023-03-09 15:02:07,845 [pool-1119-thread-1] INFO  server.RaftServerConfigKeys (ConfUtils.java:logGet(46)) - raft.server.threadpool.client.size = 0 (default)
2023-03-09 15:02:07,845 [pool-1119-thread-1] INFO  storage.RaftStorageDirectory (RaftStorageDirectoryImpl.java:analyzeStorage(137)) - The storage directory /home/runner/work/ozone/ozone/hadoop-ozone/integration-test/target/test-dir/MiniOzoneClusterImpl-c8dd39f1-89f8-47ca-b8e4-9b0f9f306b89/datanode-1/data/ratis/e3ed6265-74c6-4924-a525-77001c9b7d0b does not exist. Creating ...
2023-03-09 15:02:07,846 [pool-1119-thread-1] INFO  storage.RaftStorageDirectory (RaftStorageDirectoryImpl.java:tryLock(231)) - Lock on /home/runner/work/ozone/ozone/hadoop-ozone/integration-test/target/test-dir/MiniOzoneClusterImpl-c8dd39f1-89f8-47ca-b8e4-9b0f9f306b89/datanode-1/data/ratis/e3ed6265-74c6-4924-a525-77001c9b7d0b/in_use.lock acquired by nodename 57158@fv-az377-502
2023-03-09 15:02:07,847 [pool-1119-thread-1] INFO  storage.RaftStorage (RaftStorageImpl.java:format(96)) - Storage directory /home/runner/work/ozone/ozone/hadoop-ozone/integration-test/target/test-dir/MiniOzoneClusterImpl-c8dd39f1-89f8-47ca-b8e4-9b0f9f306b89/datanode-1/data/ratis/e3ed6265-74c6-4924-a525-77001c9b7d0b has been successfully formatted.
2023-03-09 15:02:07,849 [pool-1119-thread-1] INFO  ratis.ContainerStateMachine (ContainerStateMachine.java:loadSnapshot(240)) - group-77001C9B7D0B: The snapshot info is null. Setting the last applied indexto:(t:0, i:~)
2023-03-09 15:02:07,849 [pool-1119-thread-1] INFO  server.RaftServerConfigKeys (ConfUtils.java:logGet(46)) - raft.server.log.use.memory = false (default)
2023-03-09 15:02:07,849 [pool-1119-thread-1] INFO  server.RaftServerConfigKeys (ConfUtils.java:logGet(46)) - raft.server.log.purge.gap = 1000000 (custom)
2023-03-09 15:02:07,849 [pool-1119-thread-1] INFO  server.RaftServerConfigKeys (ConfUtils.java:logGet(46)) - raft.server.log.appender.buffer.byte-limit = 33554432 (custom)
2023-03-09 15:02:07,849 [pool-1119-thread-1] INFO  server.RaftServerConfigKeys (ConfUtils.java:logGet(46)) - raft.server.log.statemachine.data.read.timeout = 1000ms (default)
2023-03-09 15:02:07,849 [pool-1119-thread-1] INFO  server.RaftServerConfigKeys (ConfUtils.java:logGet(46)) - raft.server.log.purge.preservation.log.num = 0 (default)
2023-03-09 15:02:07,849 [pool-1119-thread-1] INFO  server.RaftServerConfigKeys (ConfUtils.java:logGet(46)) - raft.server.log.segment.size.max = 1048576 (custom)
2023-03-09 15:02:07,850 [pool-1119-thread-1] INFO  server.RaftServerConfigKeys (ConfUtils.java:logGet(46)) - raft.server.log.segment.cache.num.max = 2 (custom)
2023-03-09 15:02:07,850 [pool-1119-thread-1] INFO  server.RaftServerConfigKeys (ConfUtils.java:logGet(46)) - raft.server.log.segment.cache.size.max = 200MB (=209715200) (default)
2023-03-09 15:02:07,850 [pool-1119-thread-1] INFO  segmented.SegmentedRaftLogWorker (SegmentedRaftLogWorker.java:<init>(189)) - new c6c2c657-0e93-48b3-a316-4dc30ca2acab@group-77001C9B7D0B-SegmentedRaftLogWorker for RaftStorageImpl:Storage Directory /home/runner/work/ozone/ozone/hadoop-ozone/integration-test/target/test-dir/MiniOzoneClusterImpl-c8dd39f1-89f8-47ca-b8e4-9b0f9f306b89/datanode-1/data/ratis/e3ed6265-74c6-4924-a525-77001c9b7d0b
2023-03-09 15:02:07,850 [pool-1119-thread-1] INFO  server.RaftServerConfigKeys (ConfUtils.java:logGet(46)) - raft.server.log.queue.byte-limit = 4294967296 (custom)
2023-03-09 15:02:07,850 [pool-1119-thread-1] INFO  server.RaftServerConfigKeys (ConfUtils.java:logGet(46)) - raft.server.log.queue.element-limit = 1024 (custom)
2023-03-09 15:02:07,850 [pool-1119-thread-1] INFO  server.RaftServerConfigKeys (ConfUtils.java:logGet(46)) - raft.server.log.segment.size.max = 1048576 (custom)
2023-03-09 15:02:07,851 [pool-1119-thread-1] INFO  server.RaftServerConfigKeys (ConfUtils.java:logGet(46)) - raft.server.log.preallocated.size = 16384 (custom)
2023-03-09 15:02:07,851 [pool-1119-thread-1] INFO  server.RaftServerConfigKeys (ConfUtils.java:logGet(46)) - raft.server.log.force.sync.num = 128 (default)
2023-03-09 15:02:07,851 [pool-1119-thread-1] INFO  server.RaftServerConfigKeys (ConfUtils.java:logGet(46)) - raft.server.log.statemachine.data.sync = true (default)
2023-03-09 15:02:07,851 [pool-1119-thread-1] INFO  server.RaftServerConfigKeys (ConfUtils.java:logGet(46)) - raft.server.log.statemachine.data.sync.timeout = 10s (default)
2023-03-09 15:02:07,851 [pool-1119-thread-1] INFO  server.RaftServerConfigKeys (ConfUtils.java:logGet(46)) - raft.server.log.statemachine.data.sync.timeout.retry = -1 (default)
2023-03-09 15:02:07,851 [pool-1119-thread-1] INFO  server.RaftServerConfigKeys (ConfUtils.java:logGet(46)) - raft.server.log.write.buffer.size = 1048576 (custom)
2023-03-09 15:02:07,851 [pool-1119-thread-1] INFO  server.RaftServerConfigKeys (ConfUtils.java:logGet(46)) - raft.server.log.appender.buffer.byte-limit = 33554432 (custom)
2023-03-09 15:02:07,859 [pool-1119-thread-1] INFO  server.RaftServerConfigKeys (ConfUtils.java:logGet(46)) - raft.server.log.unsafe-flush.enabled = false (default)
2023-03-09 15:02:07,859 [pool-1119-thread-1] INFO  server.RaftServerConfigKeys (ConfUtils.java:logGet(46)) - raft.server.log.async-flush.enabled = false (default)
2023-03-09 15:02:07,859 [pool-1119-thread-1] INFO  server.RaftServerConfigKeys (ConfUtils.java:logGet(46)) - raft.server.log.statemachine.data.caching.enabled = true (custom)
2023-03-09 15:02:07,859 [pool-1119-thread-1] INFO  segmented.SegmentedRaftLogWorker (SegmentedRaftLogWorker.java:lambda$new$0(135)) - c6c2c657-0e93-48b3-a316-4dc30ca2acab@group-77001C9B7D0B-SegmentedRaftLogWorker: flushIndex: setUnconditionally 0 -> -1
2023-03-09 15:02:07,860 [pool-1119-thread-1] INFO  segmented.SegmentedRaftLogWorker (SegmentedRaftLogWorker.java:lambda$new$0(135)) - c6c2c657-0e93-48b3-a316-4dc30ca2acab@group-77001C9B7D0B-SegmentedRaftLogWorker: safeCacheEvictIndex: setUnconditionally 0 -> -1
2023-03-09 15:02:07,867 [pool-1119-thread-1] INFO  server.RaftServer$Division (RaftServerImpl.java:start(334)) - c6c2c657-0e93-48b3-a316-4dc30ca2acab@group-77001C9B7D0B: start as a follower, conf=-1: peers:[c6c2c657-0e93-48b3-a316-4dc30ca2acab|rpc:127.0.0.1:45875|dataStream:127.0.0.1:42347|priority:0|startupRole:FOLLOWER, 126d5446-786c-45f2-bbbe-001b0b6f97a9|rpc:127.0.0.1:43541|dataStream:127.0.0.1:41323|priority:1|startupRole:FOLLOWER, 29c9a1c1-e3f8-4fe7-8970-336a6086cca1|rpc:127.0.0.1:41623|dataStream:127.0.0.1:33519|priority:0|startupRole:FOLLOWER]|listeners:[], old=null
2023-03-09 15:02:07,867 [pool-1119-thread-1] INFO  server.RaftServer$Division (RaftServerImpl.java:setRole(321)) - c6c2c657-0e93-48b3-a316-4dc30ca2acab@group-77001C9B7D0B: changes role from      null to FOLLOWER at term 0 for startAsFollower
2023-03-09 15:02:07,867 [pool-1119-thread-1] INFO  impl.RoleInfo (RoleInfo.java:updateAndGet(139)) - c6c2c657-0e93-48b3-a316-4dc30ca2acab: start c6c2c657-0e93-48b3-a316-4dc30ca2acab@group-77001C9B7D0B-FollowerState
2023-03-09 15:02:07,868 [pool-1119-thread-1] INFO  util.JmxRegister (JmxRegister.java:tryRegister(44)) - Successfully registered JMX Bean with object name Ratis:service=RaftServer,group=group-77001C9B7D0B,id=c6c2c657-0e93-48b3-a316-4dc30ca2acab
2023-03-09 15:02:07,868 [pool-1119-thread-1] INFO  server.RaftServerConfigKeys (ConfUtils.java:logGet(46)) - raft.server.snapshot.auto.trigger.enabled = true (custom)
2023-03-09 15:02:07,868 [pool-1119-thread-1] INFO  server.RaftServerConfigKeys (ConfUtils.java:logGet(46)) - raft.server.snapshot.auto.trigger.threshold = 10000 (custom)
2023-03-09 15:02:07,868 [pool-1119-thread-1] INFO  server.RaftServerConfigKeys (ConfUtils.java:logGet(46)) - raft.server.snapshot.retention.file.num = 5 (custom)
2023-03-09 15:02:07,868 [pool-1119-thread-1] INFO  server.RaftServerConfigKeys (ConfUtils.java:logGet(46)) - raft.server.log.purge.upto.snapshot.index = false (default)
2023-03-09 15:02:07,868 [c6c2c657-0e93-48b3-a316-4dc30ca2acab@group-77001C9B7D0B-FollowerState] INFO  server.RaftServerConfigKeys (ConfUtils.java:logFallback(53)) - raft.server.rpc.first-election.timeout.min = 5s (fallback to raft.server.rpc.timeout.min)
2023-03-09 15:02:07,869 [c6c2c657-0e93-48b3-a316-4dc30ca2acab@group-77001C9B7D0B-FollowerState] INFO  server.RaftServerConfigKeys (ConfUtils.java:logFallback(53)) - raft.server.rpc.first-election.timeout.max = 5200ms (fallback to raft.server.rpc.timeout.max)
2023-03-09 15:02:07,882 [Command processor thread] INFO  commandhandler.CreatePipelineCommandHandler (CreatePipelineCommandHandler.java:handle(113)) - Created Pipeline RATIS THREE PipelineID=e3ed6265-74c6-4924-a525-77001c9b7d0b.
2023-03-09 15:02:07,882 [Command processor thread] INFO  server.RaftServer (RaftServerProxy.java:addNew(96)) - 29c9a1c1-e3f8-4fe7-8970-336a6086cca1: addNew group-03D465C8B48A:[c6c2c657-0e93-48b3-a316-4dc30ca2acab|rpc:127.0.0.1:45875|dataStream:127.0.0.1:42347|priority:1|startupRole:FOLLOWER, 126d5446-786c-45f2-bbbe-001b0b6f97a9|rpc:127.0.0.1:43541|dataStream:127.0.0.1:41323|priority:0|startupRole:FOLLOWER, 29c9a1c1-e3f8-4fe7-8970-336a6086cca1|rpc:127.0.0.1:41623|dataStream:127.0.0.1:33519|priority:0|startupRole:FOLLOWER] returns group-03D465C8B48A:java.util.concurrent.CompletableFuture@1c63628[Not completed]
2023-03-09 15:02:07,883 [pool-1097-thread-1] INFO  server.RaftServer$Division (RaftServerImpl.java:<init>(195)) - 29c9a1c1-e3f8-4fe7-8970-336a6086cca1: new RaftServerImpl for group-03D465C8B48A:[c6c2c657-0e93-48b3-a316-4dc30ca2acab|rpc:127.0.0.1:45875|dataStream:127.0.0.1:42347|priority:1|startupRole:FOLLOWER, 126d5446-786c-45f2-bbbe-001b0b6f97a9|rpc:127.0.0.1:43541|dataStream:127.0.0.1:41323|priority:0|startupRole:FOLLOWER, 29c9a1c1-e3f8-4fe7-8970-336a6086cca1|rpc:127.0.0.1:41623|dataStream:127.0.0.1:33519|priority:0|startupRole:FOLLOWER] with ContainerStateMachine:uninitialized
2023-03-09 15:02:07,883 [pool-1097-thread-1] INFO  server.RaftServerConfigKeys (ConfUtils.java:logGet(46)) - raft.server.rpc.timeout.min = 5s (custom)
2023-03-09 15:02:07,883 [pool-1097-thread-1] INFO  server.RaftServerConfigKeys (ConfUtils.java:logGet(46)) - raft.server.rpc.timeout.max = 5200ms (custom)
2023-03-09 15:02:07,883 [pool-1097-thread-1] INFO  server.RaftServerConfigKeys (ConfUtils.java:logGet(46)) - raft.server.rpc.sleep.time = 25ms (default)
2023-03-09 15:02:07,883 [pool-1097-thread-1] INFO  server.RaftServerConfigKeys (ConfUtils.java:logGet(46)) - raft.server.rpc.slowness.timeout = 300s (custom)
2023-03-09 15:02:07,883 [pool-1097-thread-1] INFO  server.RaftServerConfigKeys (ConfUtils.java:logGet(46)) - raft.server.leaderelection.leader.step-down.wait-time = 10s (default)
2023-03-09 15:02:07,883 [pool-1097-thread-1] INFO  server.RaftServerConfigKeys (ConfUtils.java:logGet(46)) - raft.server.sleep.deviation.threshold = 300ms (default)
2023-03-09 15:02:07,883 [pool-1097-thread-1] INFO  server.RaftServer$Division (ServerState.java:<init>(118)) - 29c9a1c1-e3f8-4fe7-8970-336a6086cca1@group-03D465C8B48A: ConfigurationManager, init=-1: peers:[c6c2c657-0e93-48b3-a316-4dc30ca2acab|rpc:127.0.0.1:45875|dataStream:127.0.0.1:42347|priority:1|startupRole:FOLLOWER, 126d5446-786c-45f2-bbbe-001b0b6f97a9|rpc:127.0.0.1:43541|dataStream:127.0.0.1:41323|priority:0|startupRole:FOLLOWER, 29c9a1c1-e3f8-4fe7-8970-336a6086cca1|rpc:127.0.0.1:41623|dataStream:127.0.0.1:33519|priority:0|startupRole:FOLLOWER]|listeners:[], old=null, confs=<EMPTY_MAP>
2023-03-09 15:02:07,883 [pool-1097-thread-1] INFO  server.RaftServerConfigKeys (ConfUtils.java:logGet(46)) - raft.server.storage.dir = [/home/runner/work/ozone/ozone/hadoop-ozone/integration-test/target/test-dir/MiniOzoneClusterImpl-c8dd39f1-89f8-47ca-b8e4-9b0f9f306b89/datanode-0/data/ratis] (custom)
2023-03-09 15:02:07,884 [pool-1097-thread-1] INFO  server.RaftServerConfigKeys (ConfUtils.java:logGet(46)) - raft.server.log.corruption.policy = EXCEPTION (default)
2023-03-09 15:02:07,884 [pool-1097-thread-1] INFO  server.RaftServerConfigKeys (ConfUtils.java:logGet(46)) - raft.server.storage.free-space.min = 0MB (=0) (default)
2023-03-09 15:02:07,884 [pool-1097-thread-1] INFO  server.RaftServerConfigKeys (ConfUtils.java:logGet(46)) - raft.server.notification.no-leader.timeout = 300s (custom)
2023-03-09 15:02:07,884 [pool-1097-thread-1] INFO  server.RaftServerConfigKeys (ConfUtils.java:logGet(46)) - raft.server.retrycache.expirytime = 600000ms (custom)
2023-03-09 15:02:07,884 [pool-1097-thread-1] INFO  server.RaftServerConfigKeys (ConfUtils.java:logGet(46)) - raft.server.retrycache.statistics.expirytime = 100μs (default)
2023-03-09 15:02:07,886 [pool-1097-thread-1] INFO  server.RaftServerConfigKeys (ConfUtils.java:logGet(46)) - raft.server.log.appender.install.snapshot.enabled = false (custom)
2023-03-09 15:02:07,886 [pool-1097-thread-1] INFO  server.RaftServerConfigKeys (ConfUtils.java:logGet(46)) - raft.server.threadpool.server.cached = true (default)
2023-03-09 15:02:07,886 [pool-1097-thread-1] INFO  server.RaftServerConfigKeys (ConfUtils.java:logGet(46)) - raft.server.threadpool.server.size = 0 (default)
2023-03-09 15:02:07,886 [pool-1097-thread-1] INFO  server.RaftServerConfigKeys (ConfUtils.java:logGet(46)) - raft.server.threadpool.client.cached = true (default)
2023-03-09 15:02:07,886 [pool-1097-thread-1] INFO  server.RaftServerConfigKeys (ConfUtils.java:logGet(46)) - raft.server.threadpool.client.size = 0 (default)
2023-03-09 15:02:07,887 [pool-1097-thread-1] INFO  storage.RaftStorageDirectory (RaftStorageDirectoryImpl.java:analyzeStorage(137)) - The storage directory /home/runner/work/ozone/ozone/hadoop-ozone/integration-test/target/test-dir/MiniOzoneClusterImpl-c8dd39f1-89f8-47ca-b8e4-9b0f9f306b89/datanode-0/data/ratis/39ee7ccf-3233-482b-847c-03d465c8b48a does not exist. Creating ...
2023-03-09 15:02:07,887 [EndpointStateMachine task thread for /127.0.0.1:36681 - 0 ] INFO  ipc.Client (Client.java:handleConnectionFailure(1010)) - Retrying connect to server: localhost/127.0.0.1:36681. Already tried 7 time(s); retry policy is RetryUpToMaximumCountWithFixedSleep(maxRetries=15, sleepTime=1000 MILLISECONDS)
2023-03-09 15:02:07,889 [pool-1097-thread-1] INFO  storage.RaftStorageDirectory (RaftStorageDirectoryImpl.java:tryLock(231)) - Lock on /home/runner/work/ozone/ozone/hadoop-ozone/integration-test/target/test-dir/MiniOzoneClusterImpl-c8dd39f1-89f8-47ca-b8e4-9b0f9f306b89/datanode-0/data/ratis/39ee7ccf-3233-482b-847c-03d465c8b48a/in_use.lock acquired by nodename 57158@fv-az377-502
2023-03-09 15:02:07,891 [pool-1097-thread-1] INFO  storage.RaftStorage (RaftStorageImpl.java:format(96)) - Storage directory /home/runner/work/ozone/ozone/hadoop-ozone/integration-test/target/test-dir/MiniOzoneClusterImpl-c8dd39f1-89f8-47ca-b8e4-9b0f9f306b89/datanode-0/data/ratis/39ee7ccf-3233-482b-847c-03d465c8b48a has been successfully formatted.
2023-03-09 15:02:07,891 [pool-1097-thread-1] INFO  ratis.ContainerStateMachine (ContainerStateMachine.java:loadSnapshot(240)) - group-03D465C8B48A: The snapshot info is null. Setting the last applied indexto:(t:0, i:~)
2023-03-09 15:02:07,891 [pool-1097-thread-1] INFO  server.RaftServerConfigKeys (ConfUtils.java:logGet(46)) - raft.server.log.use.memory = false (default)
2023-03-09 15:02:07,891 [pool-1097-thread-1] INFO  server.RaftServerConfigKeys (ConfUtils.java:logGet(46)) - raft.server.log.purge.gap = 1000000 (custom)
2023-03-09 15:02:07,892 [pool-1097-thread-1] INFO  server.RaftServerConfigKeys (ConfUtils.java:logGet(46)) - raft.server.log.appender.buffer.byte-limit = 33554432 (custom)
2023-03-09 15:02:07,892 [pool-1097-thread-1] INFO  server.RaftServerConfigKeys (ConfUtils.java:logGet(46)) - raft.server.log.statemachine.data.read.timeout = 1000ms (default)
2023-03-09 15:02:07,892 [pool-1097-thread-1] INFO  server.RaftServerConfigKeys (ConfUtils.java:logGet(46)) - raft.server.log.purge.preservation.log.num = 0 (default)
2023-03-09 15:02:07,892 [pool-1097-thread-1] INFO  server.RaftServerConfigKeys (ConfUtils.java:logGet(46)) - raft.server.log.segment.size.max = 1048576 (custom)
2023-03-09 15:02:07,892 [pool-1097-thread-1] INFO  server.RaftServerConfigKeys (ConfUtils.java:logGet(46)) - raft.server.log.segment.cache.num.max = 2 (custom)
2023-03-09 15:02:07,892 [pool-1097-thread-1] INFO  server.RaftServerConfigKeys (ConfUtils.java:logGet(46)) - raft.server.log.segment.cache.size.max = 200MB (=209715200) (default)
2023-03-09 15:02:07,892 [pool-1097-thread-1] INFO  segmented.SegmentedRaftLogWorker (SegmentedRaftLogWorker.java:<init>(189)) - new 29c9a1c1-e3f8-4fe7-8970-336a6086cca1@group-03D465C8B48A-SegmentedRaftLogWorker for RaftStorageImpl:Storage Directory /home/runner/work/ozone/ozone/hadoop-ozone/integration-test/target/test-dir/MiniOzoneClusterImpl-c8dd39f1-89f8-47ca-b8e4-9b0f9f306b89/datanode-0/data/ratis/39ee7ccf-3233-482b-847c-03d465c8b48a
2023-03-09 15:02:07,892 [pool-1097-thread-1] INFO  server.RaftServerConfigKeys (ConfUtils.java:logGet(46)) - raft.server.log.queue.byte-limit = 4294967296 (custom)
2023-03-09 15:02:07,892 [pool-1097-thread-1] INFO  server.RaftServerConfigKeys (ConfUtils.java:logGet(46)) - raft.server.log.queue.element-limit = 1024 (custom)
2023-03-09 15:02:07,892 [pool-1097-thread-1] INFO  server.RaftServerConfigKeys (ConfUtils.java:logGet(46)) - raft.server.log.segment.size.max = 1048576 (custom)
2023-03-09 15:02:07,892 [pool-1097-thread-1] INFO  server.RaftServerConfigKeys (ConfUtils.java:logGet(46)) - raft.server.log.preallocated.size = 16384 (custom)
2023-03-09 15:02:07,892 [pool-1097-thread-1] INFO  server.RaftServerConfigKeys (ConfUtils.java:logGet(46)) - raft.server.log.force.sync.num = 128 (default)
2023-03-09 15:02:07,893 [pool-1097-thread-1] INFO  server.RaftServerConfigKeys (ConfUtils.java:logGet(46)) - raft.server.log.statemachine.data.sync = true (default)
2023-03-09 15:02:07,893 [pool-1097-thread-1] INFO  server.RaftServerConfigKeys (ConfUtils.java:logGet(46)) - raft.server.log.statemachine.data.sync.timeout = 10s (default)
2023-03-09 15:02:07,893 [pool-1097-thread-1] INFO  server.RaftServerConfigKeys (ConfUtils.java:logGet(46)) - raft.server.log.statemachine.data.sync.timeout.retry = -1 (default)
2023-03-09 15:02:07,893 [pool-1097-thread-1] INFO  server.RaftServerConfigKeys (ConfUtils.java:logGet(46)) - raft.server.log.write.buffer.size = 1048576 (custom)
2023-03-09 15:02:07,894 [pool-1097-thread-1] INFO  server.RaftServerConfigKeys (ConfUtils.java:logGet(46)) - raft.server.log.appender.buffer.byte-limit = 33554432 (custom)
2023-03-09 15:02:07,895 [EventQueue-OpenPipelineForHealthyPipelineSafeModeRule] INFO  safemode.SCMSafeModeManager (HealthyPipelineSafeModeRule.java:process(137)) - SCM in safe mode. Healthy pipelines reported count is 0, required healthy pipeline reported count is 1
2023-03-09 15:02:07,904 [pool-1097-thread-1] INFO  server.RaftServerConfigKeys (ConfUtils.java:logGet(46)) - raft.server.log.unsafe-flush.enabled = false (default)
2023-03-09 15:02:07,904 [pool-1097-thread-1] INFO  server.RaftServerConfigKeys (ConfUtils.java:logGet(46)) - raft.server.log.async-flush.enabled = false (default)
2023-03-09 15:02:07,904 [pool-1097-thread-1] INFO  server.RaftServerConfigKeys (ConfUtils.java:logGet(46)) - raft.server.log.statemachine.data.caching.enabled = true (custom)
2023-03-09 15:02:07,904 [pool-1097-thread-1] INFO  segmented.SegmentedRaftLogWorker (SegmentedRaftLogWorker.java:lambda$new$0(135)) - 29c9a1c1-e3f8-4fe7-8970-336a6086cca1@group-03D465C8B48A-SegmentedRaftLogWorker: flushIndex: setUnconditionally 0 -> -1
2023-03-09 15:02:07,904 [pool-1097-thread-1] INFO  segmented.SegmentedRaftLogWorker (SegmentedRaftLogWorker.java:lambda$new$0(135)) - 29c9a1c1-e3f8-4fe7-8970-336a6086cca1@group-03D465C8B48A-SegmentedRaftLogWorker: safeCacheEvictIndex: setUnconditionally 0 -> -1
2023-03-09 15:02:07,905 [pool-1097-thread-1] INFO  server.RaftServer$Division (RaftServerImpl.java:start(334)) - 29c9a1c1-e3f8-4fe7-8970-336a6086cca1@group-03D465C8B48A: start as a follower, conf=-1: peers:[c6c2c657-0e93-48b3-a316-4dc30ca2acab|rpc:127.0.0.1:45875|dataStream:127.0.0.1:42347|priority:1|startupRole:FOLLOWER, 126d5446-786c-45f2-bbbe-001b0b6f97a9|rpc:127.0.0.1:43541|dataStream:127.0.0.1:41323|priority:0|startupRole:FOLLOWER, 29c9a1c1-e3f8-4fe7-8970-336a6086cca1|rpc:127.0.0.1:41623|dataStream:127.0.0.1:33519|priority:0|startupRole:FOLLOWER]|listeners:[], old=null
2023-03-09 15:02:07,905 [pool-1097-thread-1] INFO  server.RaftServer$Division (RaftServerImpl.java:setRole(321)) - 29c9a1c1-e3f8-4fe7-8970-336a6086cca1@group-03D465C8B48A: changes role from      null to FOLLOWER at term 0 for startAsFollower
2023-03-09 15:02:07,905 [pool-1097-thread-1] INFO  impl.RoleInfo (RoleInfo.java:updateAndGet(139)) - 29c9a1c1-e3f8-4fe7-8970-336a6086cca1: start 29c9a1c1-e3f8-4fe7-8970-336a6086cca1@group-03D465C8B48A-FollowerState
2023-03-09 15:02:07,906 [pool-1097-thread-1] INFO  util.JmxRegister (JmxRegister.java:tryRegister(44)) - Successfully registered JMX Bean with object name Ratis:service=RaftServer,group=group-03D465C8B48A,id=29c9a1c1-e3f8-4fe7-8970-336a6086cca1
2023-03-09 15:02:07,906 [pool-1097-thread-1] INFO  server.RaftServerConfigKeys (ConfUtils.java:logGet(46)) - raft.server.snapshot.auto.trigger.enabled = true (custom)
2023-03-09 15:02:07,906 [pool-1097-thread-1] INFO  server.RaftServerConfigKeys (ConfUtils.java:logGet(46)) - raft.server.snapshot.auto.trigger.threshold = 10000 (custom)
2023-03-09 15:02:07,906 [pool-1097-thread-1] INFO  server.RaftServerConfigKeys (ConfUtils.java:logGet(46)) - raft.server.snapshot.retention.file.num = 5 (custom)
2023-03-09 15:02:07,906 [pool-1097-thread-1] INFO  server.RaftServerConfigKeys (ConfUtils.java:logGet(46)) - raft.server.log.purge.upto.snapshot.index = false (default)
2023-03-09 15:02:07,907 [29c9a1c1-e3f8-4fe7-8970-336a6086cca1@group-03D465C8B48A-FollowerState] INFO  server.RaftServerConfigKeys (ConfUtils.java:logFallback(53)) - raft.server.rpc.first-election.timeout.min = 5s (fallback to raft.server.rpc.timeout.min)
2023-03-09 15:02:07,907 [29c9a1c1-e3f8-4fe7-8970-336a6086cca1@group-03D465C8B48A-FollowerState] INFO  server.RaftServerConfigKeys (ConfUtils.java:logFallback(53)) - raft.server.rpc.first-election.timeout.max = 5200ms (fallback to raft.server.rpc.timeout.max)
2023-03-09 15:02:07,908 [Command processor thread] INFO  ratis.XceiverServerRatis (XceiverServerRatis.java:addGroup(807)) - Created group PipelineID=39ee7ccf-3233-482b-847c-03d465c8b48a
2023-03-09 15:02:07,920 [grpc-default-executor-6] INFO  server.RaftServer (RaftServerProxy.java:addNew(96)) - c6c2c657-0e93-48b3-a316-4dc30ca2acab: addNew group-03D465C8B48A:[c6c2c657-0e93-48b3-a316-4dc30ca2acab|rpc:127.0.0.1:45875|dataStream:127.0.0.1:42347|priority:1|startupRole:FOLLOWER, 126d5446-786c-45f2-bbbe-001b0b6f97a9|rpc:127.0.0.1:43541|dataStream:127.0.0.1:41323|priority:0|startupRole:FOLLOWER, 29c9a1c1-e3f8-4fe7-8970-336a6086cca1|rpc:127.0.0.1:41623|dataStream:127.0.0.1:33519|priority:0|startupRole:FOLLOWER] returns group-03D465C8B48A:java.util.concurrent.CompletableFuture@42d0d929[Not completed]
2023-03-09 15:02:07,921 [pool-1119-thread-1] INFO  server.RaftServer$Division (RaftServerImpl.java:<init>(195)) - c6c2c657-0e93-48b3-a316-4dc30ca2acab: new RaftServerImpl for group-03D465C8B48A:[c6c2c657-0e93-48b3-a316-4dc30ca2acab|rpc:127.0.0.1:45875|dataStream:127.0.0.1:42347|priority:1|startupRole:FOLLOWER, 126d5446-786c-45f2-bbbe-001b0b6f97a9|rpc:127.0.0.1:43541|dataStream:127.0.0.1:41323|priority:0|startupRole:FOLLOWER, 29c9a1c1-e3f8-4fe7-8970-336a6086cca1|rpc:127.0.0.1:41623|dataStream:127.0.0.1:33519|priority:0|startupRole:FOLLOWER] with ContainerStateMachine:uninitialized
2023-03-09 15:02:07,922 [pool-1119-thread-1] INFO  server.RaftServerConfigKeys (ConfUtils.java:logGet(46)) - raft.server.rpc.timeout.min = 5s (custom)
2023-03-09 15:02:07,922 [pool-1119-thread-1] INFO  server.RaftServerConfigKeys (ConfUtils.java:logGet(46)) - raft.server.rpc.timeout.max = 5200ms (custom)
2023-03-09 15:02:07,922 [pool-1119-thread-1] INFO  server.RaftServerConfigKeys (ConfUtils.java:logGet(46)) - raft.server.rpc.sleep.time = 25ms (default)
2023-03-09 15:02:07,922 [pool-1119-thread-1] INFO  server.RaftServerConfigKeys (ConfUtils.java:logGet(46)) - raft.server.rpc.slowness.timeout = 300s (custom)
2023-03-09 15:02:07,922 [pool-1119-thread-1] INFO  server.RaftServerConfigKeys (ConfUtils.java:logGet(46)) - raft.server.leaderelection.leader.step-down.wait-time = 10s (default)
2023-03-09 15:02:07,922 [pool-1119-thread-1] INFO  server.RaftServerConfigKeys (ConfUtils.java:logGet(46)) - raft.server.sleep.deviation.threshold = 300ms (default)
2023-03-09 15:02:07,922 [pool-1119-thread-1] INFO  server.RaftServer$Division (ServerState.java:<init>(118)) - c6c2c657-0e93-48b3-a316-4dc30ca2acab@group-03D465C8B48A: ConfigurationManager, init=-1: peers:[c6c2c657-0e93-48b3-a316-4dc30ca2acab|rpc:127.0.0.1:45875|dataStream:127.0.0.1:42347|priority:1|startupRole:FOLLOWER, 126d5446-786c-45f2-bbbe-001b0b6f97a9|rpc:127.0.0.1:43541|dataStream:127.0.0.1:41323|priority:0|startupRole:FOLLOWER, 29c9a1c1-e3f8-4fe7-8970-336a6086cca1|rpc:127.0.0.1:41623|dataStream:127.0.0.1:33519|priority:0|startupRole:FOLLOWER]|listeners:[], old=null, confs=<EMPTY_MAP>
2023-03-09 15:02:07,922 [pool-1119-thread-1] INFO  server.RaftServerConfigKeys (ConfUtils.java:logGet(46)) - raft.server.storage.dir = [/home/runner/work/ozone/ozone/hadoop-ozone/integration-test/target/test-dir/MiniOzoneClusterImpl-c8dd39f1-89f8-47ca-b8e4-9b0f9f306b89/datanode-1/data/ratis] (custom)
2023-03-09 15:02:07,922 [pool-1119-thread-1] INFO  server.RaftServerConfigKeys (ConfUtils.java:logGet(46)) - raft.server.log.corruption.policy = EXCEPTION (default)
2023-03-09 15:02:07,922 [pool-1119-thread-1] INFO  server.RaftServerConfigKeys (ConfUtils.java:logGet(46)) - raft.server.storage.free-space.min = 0MB (=0) (default)
2023-03-09 15:02:07,922 [pool-1119-thread-1] INFO  server.RaftServerConfigKeys (ConfUtils.java:logGet(46)) - raft.server.notification.no-leader.timeout = 300s (custom)
2023-03-09 15:02:07,923 [pool-1119-thread-1] INFO  server.RaftServerConfigKeys (ConfUtils.java:logGet(46)) - raft.server.retrycache.expirytime = 600000ms (custom)
2023-03-09 15:02:07,923 [pool-1119-thread-1] INFO  server.RaftServerConfigKeys (ConfUtils.java:logGet(46)) - raft.server.retrycache.statistics.expirytime = 100μs (default)
2023-03-09 15:02:07,923 [pool-1119-thread-1] INFO  server.RaftServerConfigKeys (ConfUtils.java:logGet(46)) - raft.server.log.appender.install.snapshot.enabled = false (custom)
2023-03-09 15:02:07,923 [pool-1119-thread-1] INFO  server.RaftServerConfigKeys (ConfUtils.java:logGet(46)) - raft.server.threadpool.server.cached = true (default)
2023-03-09 15:02:07,923 [pool-1119-thread-1] INFO  server.RaftServerConfigKeys (ConfUtils.java:logGet(46)) - raft.server.threadpool.server.size = 0 (default)
2023-03-09 15:02:07,923 [pool-1119-thread-1] INFO  server.RaftServerConfigKeys (ConfUtils.java:logGet(46)) - raft.server.threadpool.client.cached = true (default)
2023-03-09 15:02:07,923 [pool-1119-thread-1] INFO  server.RaftServerConfigKeys (ConfUtils.java:logGet(46)) - raft.server.threadpool.client.size = 0 (default)
2023-03-09 15:02:07,923 [pool-1119-thread-1] INFO  storage.RaftStorageDirectory (RaftStorageDirectoryImpl.java:analyzeStorage(137)) - The storage directory /home/runner/work/ozone/ozone/hadoop-ozone/integration-test/target/test-dir/MiniOzoneClusterImpl-c8dd39f1-89f8-47ca-b8e4-9b0f9f306b89/datanode-1/data/ratis/39ee7ccf-3233-482b-847c-03d465c8b48a does not exist. Creating ...
2023-03-09 15:02:07,925 [pool-1119-thread-1] INFO  storage.RaftStorageDirectory (RaftStorageDirectoryImpl.java:tryLock(231)) - Lock on /home/runner/work/ozone/ozone/hadoop-ozone/integration-test/target/test-dir/MiniOzoneClusterImpl-c8dd39f1-89f8-47ca-b8e4-9b0f9f306b89/datanode-1/data/ratis/39ee7ccf-3233-482b-847c-03d465c8b48a/in_use.lock acquired by nodename 57158@fv-az377-502
2023-03-09 15:02:07,926 [pool-1119-thread-1] INFO  storage.RaftStorage (RaftStorageImpl.java:format(96)) - Storage directory /home/runner/work/ozone/ozone/hadoop-ozone/integration-test/target/test-dir/MiniOzoneClusterImpl-c8dd39f1-89f8-47ca-b8e4-9b0f9f306b89/datanode-1/data/ratis/39ee7ccf-3233-482b-847c-03d465c8b48a has been successfully formatted.
2023-03-09 15:02:07,926 [pool-1119-thread-1] INFO  ratis.ContainerStateMachine (ContainerStateMachine.java:loadSnapshot(240)) - group-03D465C8B48A: The snapshot info is null. Setting the last applied indexto:(t:0, i:~)
2023-03-09 15:02:07,926 [pool-1119-thread-1] INFO  server.RaftServerConfigKeys (ConfUtils.java:logGet(46)) - raft.server.log.use.memory = false (default)
2023-03-09 15:02:07,927 [pool-1119-thread-1] INFO  server.RaftServerConfigKeys (ConfUtils.java:logGet(46)) - raft.server.log.purge.gap = 1000000 (custom)
2023-03-09 15:02:07,927 [pool-1119-thread-1] INFO  server.RaftServerConfigKeys (ConfUtils.java:logGet(46)) - raft.server.log.appender.buffer.byte-limit = 33554432 (custom)
2023-03-09 15:02:07,927 [pool-1119-thread-1] INFO  server.RaftServerConfigKeys (ConfUtils.java:logGet(46)) - raft.server.log.statemachine.data.read.timeout = 1000ms (default)
2023-03-09 15:02:07,927 [pool-1119-thread-1] INFO  server.RaftServerConfigKeys (ConfUtils.java:logGet(46)) - raft.server.log.purge.preservation.log.num = 0 (default)
2023-03-09 15:02:07,927 [pool-1119-thread-1] INFO  server.RaftServerConfigKeys (ConfUtils.java:logGet(46)) - raft.server.log.segment.size.max = 1048576 (custom)
2023-03-09 15:02:07,927 [pool-1119-thread-1] INFO  server.RaftServerConfigKeys (ConfUtils.java:logGet(46)) - raft.server.log.segment.cache.num.max = 2 (custom)
2023-03-09 15:02:07,927 [pool-1119-thread-1] INFO  server.RaftServerConfigKeys (ConfUtils.java:logGet(46)) - raft.server.log.segment.cache.size.max = 200MB (=209715200) (default)
2023-03-09 15:02:07,927 [pool-1119-thread-1] INFO  segmented.SegmentedRaftLogWorker (SegmentedRaftLogWorker.java:<init>(189)) - new c6c2c657-0e93-48b3-a316-4dc30ca2acab@group-03D465C8B48A-SegmentedRaftLogWorker for RaftStorageImpl:Storage Directory /home/runner/work/ozone/ozone/hadoop-ozone/integration-test/target/test-dir/MiniOzoneClusterImpl-c8dd39f1-89f8-47ca-b8e4-9b0f9f306b89/datanode-1/data/ratis/39ee7ccf-3233-482b-847c-03d465c8b48a
2023-03-09 15:02:07,928 [pool-1119-thread-1] INFO  server.RaftServerConfigKeys (ConfUtils.java:logGet(46)) - raft.server.log.queue.byte-limit = 4294967296 (custom)
2023-03-09 15:02:07,928 [pool-1119-thread-1] INFO  server.RaftServerConfigKeys (ConfUtils.java:logGet(46)) - raft.server.log.queue.element-limit = 1024 (custom)
2023-03-09 15:02:07,928 [pool-1119-thread-1] INFO  server.RaftServerConfigKeys (ConfUtils.java:logGet(46)) - raft.server.log.segment.size.max = 1048576 (custom)
2023-03-09 15:02:07,928 [pool-1119-thread-1] INFO  server.RaftServerConfigKeys (ConfUtils.java:logGet(46)) - raft.server.log.preallocated.size = 16384 (custom)
2023-03-09 15:02:07,928 [pool-1119-thread-1] INFO  server.RaftServerConfigKeys (ConfUtils.java:logGet(46)) - raft.server.log.force.sync.num = 128 (default)
2023-03-09 15:02:07,928 [pool-1119-thread-1] INFO  server.RaftServerConfigKeys (ConfUtils.java:logGet(46)) - raft.server.log.statemachine.data.sync = true (default)
2023-03-09 15:02:07,928 [pool-1119-thread-1] INFO  server.RaftServerConfigKeys (ConfUtils.java:logGet(46)) - raft.server.log.statemachine.data.sync.timeout = 10s (default)
2023-03-09 15:02:07,928 [pool-1119-thread-1] INFO  server.RaftServerConfigKeys (ConfUtils.java:logGet(46)) - raft.server.log.statemachine.data.sync.timeout.retry = -1 (default)
2023-03-09 15:02:07,928 [pool-1119-thread-1] INFO  server.RaftServerConfigKeys (ConfUtils.java:logGet(46)) - raft.server.log.write.buffer.size = 1048576 (custom)
2023-03-09 15:02:07,929 [pool-1119-thread-1] INFO  server.RaftServerConfigKeys (ConfUtils.java:logGet(46)) - raft.server.log.appender.buffer.byte-limit = 33554432 (custom)
2023-03-09 15:02:07,985 [pool-1119-thread-1] INFO  server.RaftServerConfigKeys (ConfUtils.java:logGet(46)) - raft.server.log.unsafe-flush.enabled = false (default)
2023-03-09 15:02:07,987 [pool-1119-thread-1] INFO  server.RaftServerConfigKeys (ConfUtils.java:logGet(46)) - raft.server.log.async-flush.enabled = false (default)
2023-03-09 15:02:07,987 [pool-1119-thread-1] INFO  server.RaftServerConfigKeys (ConfUtils.java:logGet(46)) - raft.server.log.statemachine.data.caching.enabled = true (custom)
2023-03-09 15:02:07,987 [pool-1119-thread-1] INFO  segmented.SegmentedRaftLogWorker (SegmentedRaftLogWorker.java:lambda$new$0(135)) - c6c2c657-0e93-48b3-a316-4dc30ca2acab@group-03D465C8B48A-SegmentedRaftLogWorker: flushIndex: setUnconditionally 0 -> -1
2023-03-09 15:02:07,988 [pool-1119-thread-1] INFO  segmented.SegmentedRaftLogWorker (SegmentedRaftLogWorker.java:lambda$new$0(135)) - c6c2c657-0e93-48b3-a316-4dc30ca2acab@group-03D465C8B48A-SegmentedRaftLogWorker: safeCacheEvictIndex: setUnconditionally 0 -> -1
2023-03-09 15:02:07,995 [pool-1119-thread-1] INFO  server.RaftServer$Division (RaftServerImpl.java:start(334)) - c6c2c657-0e93-48b3-a316-4dc30ca2acab@group-03D465C8B48A: start as a follower, conf=-1: peers:[c6c2c657-0e93-48b3-a316-4dc30ca2acab|rpc:127.0.0.1:45875|dataStream:127.0.0.1:42347|priority:1|startupRole:FOLLOWER, 126d5446-786c-45f2-bbbe-001b0b6f97a9|rpc:127.0.0.1:43541|dataStream:127.0.0.1:41323|priority:0|startupRole:FOLLOWER, 29c9a1c1-e3f8-4fe7-8970-336a6086cca1|rpc:127.0.0.1:41623|dataStream:127.0.0.1:33519|priority:0|startupRole:FOLLOWER]|listeners:[], old=null
2023-03-09 15:02:07,995 [pool-1119-thread-1] INFO  server.RaftServer$Division (RaftServerImpl.java:setRole(321)) - c6c2c657-0e93-48b3-a316-4dc30ca2acab@group-03D465C8B48A: changes role from      null to FOLLOWER at term 0 for startAsFollower
2023-03-09 15:02:07,995 [pool-1119-thread-1] INFO  impl.RoleInfo (RoleInfo.java:updateAndGet(139)) - c6c2c657-0e93-48b3-a316-4dc30ca2acab: start c6c2c657-0e93-48b3-a316-4dc30ca2acab@group-03D465C8B48A-FollowerState
2023-03-09 15:02:08,006 [c6c2c657-0e93-48b3-a316-4dc30ca2acab@group-03D465C8B48A-FollowerState] INFO  server.RaftServerConfigKeys (ConfUtils.java:logFallback(53)) - raft.server.rpc.first-election.timeout.min = 5s (fallback to raft.server.rpc.timeout.min)
2023-03-09 15:02:08,006 [c6c2c657-0e93-48b3-a316-4dc30ca2acab@group-03D465C8B48A-FollowerState] INFO  server.RaftServerConfigKeys (ConfUtils.java:logFallback(53)) - raft.server.rpc.first-election.timeout.max = 5200ms (fallback to raft.server.rpc.timeout.max)
2023-03-09 15:02:08,006 [pool-1119-thread-1] INFO  util.JmxRegister (JmxRegister.java:tryRegister(44)) - Successfully registered JMX Bean with object name Ratis:service=RaftServer,group=group-03D465C8B48A,id=c6c2c657-0e93-48b3-a316-4dc30ca2acab
2023-03-09 15:02:08,006 [pool-1119-thread-1] INFO  server.RaftServerConfigKeys (ConfUtils.java:logGet(46)) - raft.server.snapshot.auto.trigger.enabled = true (custom)
2023-03-09 15:02:08,006 [pool-1119-thread-1] INFO  server.RaftServerConfigKeys (ConfUtils.java:logGet(46)) - raft.server.snapshot.auto.trigger.threshold = 10000 (custom)
2023-03-09 15:02:08,006 [pool-1119-thread-1] INFO  server.RaftServerConfigKeys (ConfUtils.java:logGet(46)) - raft.server.snapshot.retention.file.num = 5 (custom)
2023-03-09 15:02:08,006 [pool-1119-thread-1] INFO  server.RaftServerConfigKeys (ConfUtils.java:logGet(46)) - raft.server.log.purge.upto.snapshot.index = false (default)
2023-03-09 15:02:08,023 [grpc-default-executor-6] INFO  server.RaftServer (RaftServerProxy.java:addNew(96)) - 126d5446-786c-45f2-bbbe-001b0b6f97a9: addNew group-03D465C8B48A:[c6c2c657-0e93-48b3-a316-4dc30ca2acab|rpc:127.0.0.1:45875|dataStream:127.0.0.1:42347|priority:1|startupRole:FOLLOWER, 126d5446-786c-45f2-bbbe-001b0b6f97a9|rpc:127.0.0.1:43541|dataStream:127.0.0.1:41323|priority:0|startupRole:FOLLOWER, 29c9a1c1-e3f8-4fe7-8970-336a6086cca1|rpc:127.0.0.1:41623|dataStream:127.0.0.1:33519|priority:0|startupRole:FOLLOWER] returns group-03D465C8B48A:java.util.concurrent.CompletableFuture@94549a5[Not completed]
2023-03-09 15:02:08,024 [pool-1141-thread-1] INFO  server.RaftServer$Division (RaftServerImpl.java:<init>(195)) - 126d5446-786c-45f2-bbbe-001b0b6f97a9: new RaftServerImpl for group-03D465C8B48A:[c6c2c657-0e93-48b3-a316-4dc30ca2acab|rpc:127.0.0.1:45875|dataStream:127.0.0.1:42347|priority:1|startupRole:FOLLOWER, 126d5446-786c-45f2-bbbe-001b0b6f97a9|rpc:127.0.0.1:43541|dataStream:127.0.0.1:41323|priority:0|startupRole:FOLLOWER, 29c9a1c1-e3f8-4fe7-8970-336a6086cca1|rpc:127.0.0.1:41623|dataStream:127.0.0.1:33519|priority:0|startupRole:FOLLOWER] with ContainerStateMachine:uninitialized
2023-03-09 15:02:08,024 [pool-1141-thread-1] INFO  server.RaftServerConfigKeys (ConfUtils.java:logGet(46)) - raft.server.rpc.timeout.min = 5s (custom)
2023-03-09 15:02:08,024 [pool-1141-thread-1] INFO  server.RaftServerConfigKeys (ConfUtils.java:logGet(46)) - raft.server.rpc.timeout.max = 5200ms (custom)
2023-03-09 15:02:08,024 [pool-1141-thread-1] INFO  server.RaftServerConfigKeys (ConfUtils.java:logGet(46)) - raft.server.rpc.sleep.time = 25ms (default)
2023-03-09 15:02:08,024 [pool-1141-thread-1] INFO  server.RaftServerConfigKeys (ConfUtils.java:logGet(46)) - raft.server.rpc.slowness.timeout = 300s (custom)
2023-03-09 15:02:08,024 [pool-1141-thread-1] INFO  server.RaftServerConfigKeys (ConfUtils.java:logGet(46)) - raft.server.leaderelection.leader.step-down.wait-time = 10s (default)
2023-03-09 15:02:08,024 [pool-1141-thread-1] INFO  server.RaftServerConfigKeys (ConfUtils.java:logGet(46)) - raft.server.sleep.deviation.threshold = 300ms (default)
2023-03-09 15:02:08,024 [pool-1141-thread-1] INFO  server.RaftServer$Division (ServerState.java:<init>(118)) - 126d5446-786c-45f2-bbbe-001b0b6f97a9@group-03D465C8B48A: ConfigurationManager, init=-1: peers:[c6c2c657-0e93-48b3-a316-4dc30ca2acab|rpc:127.0.0.1:45875|dataStream:127.0.0.1:42347|priority:1|startupRole:FOLLOWER, 126d5446-786c-45f2-bbbe-001b0b6f97a9|rpc:127.0.0.1:43541|dataStream:127.0.0.1:41323|priority:0|startupRole:FOLLOWER, 29c9a1c1-e3f8-4fe7-8970-336a6086cca1|rpc:127.0.0.1:41623|dataStream:127.0.0.1:33519|priority:0|startupRole:FOLLOWER]|listeners:[], old=null, confs=<EMPTY_MAP>
2023-03-09 15:02:08,024 [pool-1141-thread-1] INFO  server.RaftServerConfigKeys (ConfUtils.java:logGet(46)) - raft.server.storage.dir = [/home/runner/work/ozone/ozone/hadoop-ozone/integration-test/target/test-dir/MiniOzoneClusterImpl-c8dd39f1-89f8-47ca-b8e4-9b0f9f306b89/datanode-2/data/ratis] (custom)
2023-03-09 15:02:08,025 [pool-1141-thread-1] INFO  server.RaftServerConfigKeys (ConfUtils.java:logGet(46)) - raft.server.log.corruption.policy = EXCEPTION (default)
2023-03-09 15:02:08,025 [pool-1141-thread-1] INFO  server.RaftServerConfigKeys (ConfUtils.java:logGet(46)) - raft.server.storage.free-space.min = 0MB (=0) (default)
2023-03-09 15:02:08,025 [pool-1141-thread-1] INFO  server.RaftServerConfigKeys (ConfUtils.java:logGet(46)) - raft.server.notification.no-leader.timeout = 300s (custom)
2023-03-09 15:02:08,025 [pool-1141-thread-1] INFO  server.RaftServerConfigKeys (ConfUtils.java:logGet(46)) - raft.server.retrycache.expirytime = 600000ms (custom)
2023-03-09 15:02:08,025 [pool-1141-thread-1] INFO  server.RaftServerConfigKeys (ConfUtils.java:logGet(46)) - raft.server.retrycache.statistics.expirytime = 100μs (default)
2023-03-09 15:02:08,026 [pool-1141-thread-1] INFO  server.RaftServerConfigKeys (ConfUtils.java:logGet(46)) - raft.server.log.appender.install.snapshot.enabled = false (custom)
2023-03-09 15:02:08,026 [pool-1141-thread-1] INFO  server.RaftServerConfigKeys (ConfUtils.java:logGet(46)) - raft.server.threadpool.server.cached = true (default)
2023-03-09 15:02:08,026 [pool-1141-thread-1] INFO  server.RaftServerConfigKeys (ConfUtils.java:logGet(46)) - raft.server.threadpool.server.size = 0 (default)
2023-03-09 15:02:08,026 [pool-1141-thread-1] INFO  server.RaftServerConfigKeys (ConfUtils.java:logGet(46)) - raft.server.threadpool.client.cached = true (default)
2023-03-09 15:02:08,026 [pool-1141-thread-1] INFO  server.RaftServerConfigKeys (ConfUtils.java:logGet(46)) - raft.server.threadpool.client.size = 0 (default)
2023-03-09 15:02:08,026 [pool-1141-thread-1] INFO  storage.RaftStorageDirectory (RaftStorageDirectoryImpl.java:analyzeStorage(137)) - The storage directory /home/runner/work/ozone/ozone/hadoop-ozone/integration-test/target/test-dir/MiniOzoneClusterImpl-c8dd39f1-89f8-47ca-b8e4-9b0f9f306b89/datanode-2/data/ratis/39ee7ccf-3233-482b-847c-03d465c8b48a does not exist. Creating ...
2023-03-09 15:02:08,027 [pool-1141-thread-1] INFO  storage.RaftStorageDirectory (RaftStorageDirectoryImpl.java:tryLock(231)) - Lock on /home/runner/work/ozone/ozone/hadoop-ozone/integration-test/target/test-dir/MiniOzoneClusterImpl-c8dd39f1-89f8-47ca-b8e4-9b0f9f306b89/datanode-2/data/ratis/39ee7ccf-3233-482b-847c-03d465c8b48a/in_use.lock acquired by nodename 57158@fv-az377-502
2023-03-09 15:02:08,029 [pool-1141-thread-1] INFO  storage.RaftStorage (RaftStorageImpl.java:format(96)) - Storage directory /home/runner/work/ozone/ozone/hadoop-ozone/integration-test/target/test-dir/MiniOzoneClusterImpl-c8dd39f1-89f8-47ca-b8e4-9b0f9f306b89/datanode-2/data/ratis/39ee7ccf-3233-482b-847c-03d465c8b48a has been successfully formatted.
2023-03-09 15:02:08,029 [pool-1141-thread-1] INFO  ratis.ContainerStateMachine (ContainerStateMachine.java:loadSnapshot(240)) - group-03D465C8B48A: The snapshot info is null. Setting the last applied indexto:(t:0, i:~)
2023-03-09 15:02:08,029 [pool-1141-thread-1] INFO  server.RaftServerConfigKeys (ConfUtils.java:logGet(46)) - raft.server.log.use.memory = false (default)
2023-03-09 15:02:08,030 [pool-1141-thread-1] INFO  server.RaftServerConfigKeys (ConfUtils.java:logGet(46)) - raft.server.log.purge.gap = 1000000 (custom)
2023-03-09 15:02:08,030 [pool-1141-thread-1] INFO  server.RaftServerConfigKeys (ConfUtils.java:logGet(46)) - raft.server.log.appender.buffer.byte-limit = 33554432 (custom)
2023-03-09 15:02:08,030 [pool-1141-thread-1] INFO  server.RaftServerConfigKeys (ConfUtils.java:logGet(46)) - raft.server.log.statemachine.data.read.timeout = 1000ms (default)
2023-03-09 15:02:08,030 [pool-1141-thread-1] INFO  server.RaftServerConfigKeys (ConfUtils.java:logGet(46)) - raft.server.log.purge.preservation.log.num = 0 (default)
2023-03-09 15:02:08,030 [pool-1141-thread-1] INFO  server.RaftServerConfigKeys (ConfUtils.java:logGet(46)) - raft.server.log.segment.size.max = 1048576 (custom)
2023-03-09 15:02:08,031 [pool-1141-thread-1] INFO  server.RaftServerConfigKeys (ConfUtils.java:logGet(46)) - raft.server.log.segment.cache.num.max = 2 (custom)
2023-03-09 15:02:08,031 [pool-1141-thread-1] INFO  server.RaftServerConfigKeys (ConfUtils.java:logGet(46)) - raft.server.log.segment.cache.size.max = 200MB (=209715200) (default)
2023-03-09 15:02:08,031 [pool-1141-thread-1] INFO  segmented.SegmentedRaftLogWorker (SegmentedRaftLogWorker.java:<init>(189)) - new 126d5446-786c-45f2-bbbe-001b0b6f97a9@group-03D465C8B48A-SegmentedRaftLogWorker for RaftStorageImpl:Storage Directory /home/runner/work/ozone/ozone/hadoop-ozone/integration-test/target/test-dir/MiniOzoneClusterImpl-c8dd39f1-89f8-47ca-b8e4-9b0f9f306b89/datanode-2/data/ratis/39ee7ccf-3233-482b-847c-03d465c8b48a
2023-03-09 15:02:08,031 [pool-1141-thread-1] INFO  server.RaftServerConfigKeys (ConfUtils.java:logGet(46)) - raft.server.log.queue.byte-limit = 4294967296 (custom)
2023-03-09 15:02:08,031 [pool-1141-thread-1] INFO  server.RaftServerConfigKeys (ConfUtils.java:logGet(46)) - raft.server.log.queue.element-limit = 1024 (custom)
2023-03-09 15:02:08,031 [pool-1141-thread-1] INFO  server.RaftServerConfigKeys (ConfUtils.java:logGet(46)) - raft.server.log.segment.size.max = 1048576 (custom)
2023-03-09 15:02:08,031 [pool-1141-thread-1] INFO  server.RaftServerConfigKeys (ConfUtils.java:logGet(46)) - raft.server.log.preallocated.size = 16384 (custom)
2023-03-09 15:02:08,031 [pool-1141-thread-1] INFO  server.RaftServerConfigKeys (ConfUtils.java:logGet(46)) - raft.server.log.force.sync.num = 128 (default)
2023-03-09 15:02:08,031 [pool-1141-thread-1] INFO  server.RaftServerConfigKeys (ConfUtils.java:logGet(46)) - raft.server.log.statemachine.data.sync = true (default)
2023-03-09 15:02:08,032 [pool-1141-thread-1] INFO  server.RaftServerConfigKeys (ConfUtils.java:logGet(46)) - raft.server.log.statemachine.data.sync.timeout = 10s (default)
2023-03-09 15:02:08,032 [pool-1141-thread-1] INFO  server.RaftServerConfigKeys (ConfUtils.java:logGet(46)) - raft.server.log.statemachine.data.sync.timeout.retry = -1 (default)
2023-03-09 15:02:08,032 [pool-1141-thread-1] INFO  server.RaftServerConfigKeys (ConfUtils.java:logGet(46)) - raft.server.log.write.buffer.size = 1048576 (custom)
2023-03-09 15:02:08,033 [pool-1141-thread-1] INFO  server.RaftServerConfigKeys (ConfUtils.java:logGet(46)) - raft.server.log.appender.buffer.byte-limit = 33554432 (custom)
2023-03-09 15:02:08,039 [EndpointStateMachine task thread for /127.0.0.1:35467 - 0 ] INFO  ipc.Client (Client.java:handleConnectionFailure(1010)) - Retrying connect to server: localhost/127.0.0.1:35467. Already tried 13 time(s); retry policy is RetryUpToMaximumCountWithFixedSleep(maxRetries=15, sleepTime=1000 MILLISECONDS)
2023-03-09 15:02:08,040 [pool-1141-thread-1] INFO  server.RaftServerConfigKeys (ConfUtils.java:logGet(46)) - raft.server.log.unsafe-flush.enabled = false (default)
2023-03-09 15:02:08,040 [pool-1141-thread-1] INFO  server.RaftServerConfigKeys (ConfUtils.java:logGet(46)) - raft.server.log.async-flush.enabled = false (default)
2023-03-09 15:02:08,040 [pool-1141-thread-1] INFO  server.RaftServerConfigKeys (ConfUtils.java:logGet(46)) - raft.server.log.statemachine.data.caching.enabled = true (custom)
2023-03-09 15:02:08,040 [pool-1141-thread-1] INFO  segmented.SegmentedRaftLogWorker (SegmentedRaftLogWorker.java:lambda$new$0(135)) - 126d5446-786c-45f2-bbbe-001b0b6f97a9@group-03D465C8B48A-SegmentedRaftLogWorker: flushIndex: setUnconditionally 0 -> -1
2023-03-09 15:02:08,040 [pool-1141-thread-1] INFO  segmented.SegmentedRaftLogWorker (SegmentedRaftLogWorker.java:lambda$new$0(135)) - 126d5446-786c-45f2-bbbe-001b0b6f97a9@group-03D465C8B48A-SegmentedRaftLogWorker: safeCacheEvictIndex: setUnconditionally 0 -> -1
2023-03-09 15:02:08,041 [pool-1141-thread-1] INFO  server.RaftServer$Division (RaftServerImpl.java:start(334)) - 126d5446-786c-45f2-bbbe-001b0b6f97a9@group-03D465C8B48A: start as a follower, conf=-1: peers:[c6c2c657-0e93-48b3-a316-4dc30ca2acab|rpc:127.0.0.1:45875|dataStream:127.0.0.1:42347|priority:1|startupRole:FOLLOWER, 126d5446-786c-45f2-bbbe-001b0b6f97a9|rpc:127.0.0.1:43541|dataStream:127.0.0.1:41323|priority:0|startupRole:FOLLOWER, 29c9a1c1-e3f8-4fe7-8970-336a6086cca1|rpc:127.0.0.1:41623|dataStream:127.0.0.1:33519|priority:0|startupRole:FOLLOWER]|listeners:[], old=null
2023-03-09 15:02:08,041 [pool-1141-thread-1] INFO  server.RaftServer$Division (RaftServerImpl.java:setRole(321)) - 126d5446-786c-45f2-bbbe-001b0b6f97a9@group-03D465C8B48A: changes role from      null to FOLLOWER at term 0 for startAsFollower
2023-03-09 15:02:08,041 [pool-1141-thread-1] INFO  impl.RoleInfo (RoleInfo.java:updateAndGet(139)) - 126d5446-786c-45f2-bbbe-001b0b6f97a9: start 126d5446-786c-45f2-bbbe-001b0b6f97a9@group-03D465C8B48A-FollowerState
2023-03-09 15:02:08,041 [126d5446-786c-45f2-bbbe-001b0b6f97a9@group-03D465C8B48A-FollowerState] INFO  server.RaftServerConfigKeys (ConfUtils.java:logFallback(53)) - raft.server.rpc.first-election.timeout.min = 5s (fallback to raft.server.rpc.timeout.min)
2023-03-09 15:02:08,041 [pool-1141-thread-1] INFO  util.JmxRegister (JmxRegister.java:tryRegister(44)) - Successfully registered JMX Bean with object name Ratis:service=RaftServer,group=group-03D465C8B48A,id=126d5446-786c-45f2-bbbe-001b0b6f97a9
2023-03-09 15:02:08,041 [126d5446-786c-45f2-bbbe-001b0b6f97a9@group-03D465C8B48A-FollowerState] INFO  server.RaftServerConfigKeys (ConfUtils.java:logFallback(53)) - raft.server.rpc.first-election.timeout.max = 5200ms (fallback to raft.server.rpc.timeout.max)
2023-03-09 15:02:08,041 [pool-1141-thread-1] INFO  server.RaftServerConfigKeys (ConfUtils.java:logGet(46)) - raft.server.snapshot.auto.trigger.enabled = true (custom)
2023-03-09 15:02:08,042 [pool-1141-thread-1] INFO  server.RaftServerConfigKeys (ConfUtils.java:logGet(46)) - raft.server.snapshot.auto.trigger.threshold = 10000 (custom)
2023-03-09 15:02:08,042 [pool-1141-thread-1] INFO  server.RaftServerConfigKeys (ConfUtils.java:logGet(46)) - raft.server.snapshot.retention.file.num = 5 (custom)
2023-03-09 15:02:08,042 [pool-1141-thread-1] INFO  server.RaftServerConfigKeys (ConfUtils.java:logGet(46)) - raft.server.log.purge.upto.snapshot.index = false (default)
2023-03-09 15:02:08,050 [Command processor thread] INFO  commandhandler.CreatePipelineCommandHandler (CreatePipelineCommandHandler.java:handle(113)) - Created Pipeline RATIS THREE PipelineID=39ee7ccf-3233-482b-847c-03d465c8b48a.
2023-03-09 15:02:08,107 [Command processor thread] INFO  server.RaftServer (RaftServerProxy.java:addNew(96)) - c6c2c657-0e93-48b3-a316-4dc30ca2acab: addNew group-FCE0A4F99100:[c6c2c657-0e93-48b3-a316-4dc30ca2acab|rpc:127.0.0.1:45875|dataStream:127.0.0.1:42347|priority:1|startupRole:FOLLOWER] returns group-FCE0A4F99100:java.util.concurrent.CompletableFuture@43efd114[Not completed]
2023-03-09 15:02:08,108 [pool-1119-thread-1] INFO  server.RaftServer$Division (RaftServerImpl.java:<init>(195)) - c6c2c657-0e93-48b3-a316-4dc30ca2acab: new RaftServerImpl for group-FCE0A4F99100:[c6c2c657-0e93-48b3-a316-4dc30ca2acab|rpc:127.0.0.1:45875|dataStream:127.0.0.1:42347|priority:1|startupRole:FOLLOWER] with ContainerStateMachine:uninitialized
2023-03-09 15:02:08,108 [pool-1119-thread-1] INFO  server.RaftServerConfigKeys (ConfUtils.java:logGet(46)) - raft.server.rpc.timeout.min = 5s (custom)
2023-03-09 15:02:08,108 [pool-1119-thread-1] INFO  server.RaftServerConfigKeys (ConfUtils.java:logGet(46)) - raft.server.rpc.timeout.max = 5200ms (custom)
2023-03-09 15:02:08,108 [pool-1119-thread-1] INFO  server.RaftServerConfigKeys (ConfUtils.java:logGet(46)) - raft.server.rpc.sleep.time = 25ms (default)
2023-03-09 15:02:08,108 [pool-1119-thread-1] INFO  server.RaftServerConfigKeys (ConfUtils.java:logGet(46)) - raft.server.rpc.slowness.timeout = 300s (custom)
2023-03-09 15:02:08,108 [pool-1119-thread-1] INFO  server.RaftServerConfigKeys (ConfUtils.java:logGet(46)) - raft.server.leaderelection.leader.step-down.wait-time = 10s (default)
2023-03-09 15:02:08,108 [pool-1119-thread-1] INFO  server.RaftServerConfigKeys (ConfUtils.java:logGet(46)) - raft.server.sleep.deviation.threshold = 300ms (default)
2023-03-09 15:02:08,108 [pool-1119-thread-1] INFO  server.RaftServer$Division (ServerState.java:<init>(118)) - c6c2c657-0e93-48b3-a316-4dc30ca2acab@group-FCE0A4F99100: ConfigurationManager, init=-1: peers:[c6c2c657-0e93-48b3-a316-4dc30ca2acab|rpc:127.0.0.1:45875|dataStream:127.0.0.1:42347|priority:1|startupRole:FOLLOWER]|listeners:[], old=null, confs=<EMPTY_MAP>
2023-03-09 15:02:08,108 [pool-1119-thread-1] INFO  server.RaftServerConfigKeys (ConfUtils.java:logGet(46)) - raft.server.storage.dir = [/home/runner/work/ozone/ozone/hadoop-ozone/integration-test/target/test-dir/MiniOzoneClusterImpl-c8dd39f1-89f8-47ca-b8e4-9b0f9f306b89/datanode-1/data/ratis] (custom)
2023-03-09 15:02:08,108 [pool-1119-thread-1] INFO  server.RaftServerConfigKeys (ConfUtils.java:logGet(46)) - raft.server.log.corruption.policy = EXCEPTION (default)
2023-03-09 15:02:08,108 [pool-1119-thread-1] INFO  server.RaftServerConfigKeys (ConfUtils.java:logGet(46)) - raft.server.storage.free-space.min = 0MB (=0) (default)
2023-03-09 15:02:08,108 [pool-1119-thread-1] INFO  server.RaftServerConfigKeys (ConfUtils.java:logGet(46)) - raft.server.notification.no-leader.timeout = 300s (custom)
2023-03-09 15:02:08,108 [pool-1119-thread-1] INFO  server.RaftServerConfigKeys (ConfUtils.java:logGet(46)) - raft.server.retrycache.expirytime = 600000ms (custom)
2023-03-09 15:02:08,109 [pool-1119-thread-1] INFO  server.RaftServerConfigKeys (ConfUtils.java:logGet(46)) - raft.server.retrycache.statistics.expirytime = 100μs (default)
2023-03-09 15:02:08,109 [pool-1119-thread-1] INFO  server.RaftServerConfigKeys (ConfUtils.java:logGet(46)) - raft.server.log.appender.install.snapshot.enabled = false (custom)
2023-03-09 15:02:08,109 [pool-1119-thread-1] INFO  server.RaftServerConfigKeys (ConfUtils.java:logGet(46)) - raft.server.threadpool.server.cached = true (default)
2023-03-09 15:02:08,109 [pool-1119-thread-1] INFO  server.RaftServerConfigKeys (ConfUtils.java:logGet(46)) - raft.server.threadpool.server.size = 0 (default)
2023-03-09 15:02:08,109 [pool-1119-thread-1] INFO  server.RaftServerConfigKeys (ConfUtils.java:logGet(46)) - raft.server.threadpool.client.cached = true (default)
2023-03-09 15:02:08,109 [pool-1119-thread-1] INFO  server.RaftServerConfigKeys (ConfUtils.java:logGet(46)) - raft.server.threadpool.client.size = 0 (default)
2023-03-09 15:02:08,110 [pool-1119-thread-1] INFO  storage.RaftStorageDirectory (RaftStorageDirectoryImpl.java:analyzeStorage(137)) - The storage directory /home/runner/work/ozone/ozone/hadoop-ozone/integration-test/target/test-dir/MiniOzoneClusterImpl-c8dd39f1-89f8-47ca-b8e4-9b0f9f306b89/datanode-1/data/ratis/43d67802-8f86-429a-b8bf-fce0a4f99100 does not exist. Creating ...
2023-03-09 15:02:08,112 [pool-1119-thread-1] INFO  storage.RaftStorageDirectory (RaftStorageDirectoryImpl.java:tryLock(231)) - Lock on /home/runner/work/ozone/ozone/hadoop-ozone/integration-test/target/test-dir/MiniOzoneClusterImpl-c8dd39f1-89f8-47ca-b8e4-9b0f9f306b89/datanode-1/data/ratis/43d67802-8f86-429a-b8bf-fce0a4f99100/in_use.lock acquired by nodename 57158@fv-az377-502
2023-03-09 15:02:08,113 [pool-1119-thread-1] INFO  storage.RaftStorage (RaftStorageImpl.java:format(96)) - Storage directory /home/runner/work/ozone/ozone/hadoop-ozone/integration-test/target/test-dir/MiniOzoneClusterImpl-c8dd39f1-89f8-47ca-b8e4-9b0f9f306b89/datanode-1/data/ratis/43d67802-8f86-429a-b8bf-fce0a4f99100 has been successfully formatted.
2023-03-09 15:02:08,115 [pool-1119-thread-1] INFO  ratis.ContainerStateMachine (ContainerStateMachine.java:loadSnapshot(240)) - group-FCE0A4F99100: The snapshot info is null. Setting the last applied indexto:(t:0, i:~)
2023-03-09 15:02:08,115 [pool-1119-thread-1] INFO  server.RaftServerConfigKeys (ConfUtils.java:logGet(46)) - raft.server.log.use.memory = false (default)
2023-03-09 15:02:08,115 [pool-1119-thread-1] INFO  server.RaftServerConfigKeys (ConfUtils.java:logGet(46)) - raft.server.log.purge.gap = 1000000 (custom)
2023-03-09 15:02:08,115 [pool-1119-thread-1] INFO  server.RaftServerConfigKeys (ConfUtils.java:logGet(46)) - raft.server.log.appender.buffer.byte-limit = 33554432 (custom)
2023-03-09 15:02:08,115 [pool-1119-thread-1] INFO  server.RaftServerConfigKeys (ConfUtils.java:logGet(46)) - raft.server.log.statemachine.data.read.timeout = 1000ms (default)
2023-03-09 15:02:08,115 [pool-1119-thread-1] INFO  server.RaftServerConfigKeys (ConfUtils.java:logGet(46)) - raft.server.log.purge.preservation.log.num = 0 (default)
2023-03-09 15:02:08,115 [pool-1119-thread-1] INFO  server.RaftServerConfigKeys (ConfUtils.java:logGet(46)) - raft.server.log.segment.size.max = 1048576 (custom)
2023-03-09 15:02:08,115 [pool-1119-thread-1] INFO  server.RaftServerConfigKeys (ConfUtils.java:logGet(46)) - raft.server.log.segment.cache.num.max = 2 (custom)
2023-03-09 15:02:08,115 [pool-1119-thread-1] INFO  server.RaftServerConfigKeys (ConfUtils.java:logGet(46)) - raft.server.log.segment.cache.size.max = 200MB (=209715200) (default)
2023-03-09 15:02:08,115 [pool-1119-thread-1] INFO  segmented.SegmentedRaftLogWorker (SegmentedRaftLogWorker.java:<init>(189)) - new c6c2c657-0e93-48b3-a316-4dc30ca2acab@group-FCE0A4F99100-SegmentedRaftLogWorker for RaftStorageImpl:Storage Directory /home/runner/work/ozone/ozone/hadoop-ozone/integration-test/target/test-dir/MiniOzoneClusterImpl-c8dd39f1-89f8-47ca-b8e4-9b0f9f306b89/datanode-1/data/ratis/43d67802-8f86-429a-b8bf-fce0a4f99100
2023-03-09 15:02:08,116 [pool-1119-thread-1] INFO  server.RaftServerConfigKeys (ConfUtils.java:logGet(46)) - raft.server.log.queue.byte-limit = 4294967296 (custom)
2023-03-09 15:02:08,116 [pool-1119-thread-1] INFO  server.RaftServerConfigKeys (ConfUtils.java:logGet(46)) - raft.server.log.queue.element-limit = 1024 (custom)
2023-03-09 15:02:08,116 [pool-1119-thread-1] INFO  server.RaftServerConfigKeys (ConfUtils.java:logGet(46)) - raft.server.log.segment.size.max = 1048576 (custom)
2023-03-09 15:02:08,116 [pool-1119-thread-1] INFO  server.RaftServerConfigKeys (ConfUtils.java:logGet(46)) - raft.server.log.preallocated.size = 16384 (custom)
2023-03-09 15:02:08,116 [pool-1119-thread-1] INFO  server.RaftServerConfigKeys (ConfUtils.java:logGet(46)) - raft.server.log.force.sync.num = 128 (default)
2023-03-09 15:02:08,116 [pool-1119-thread-1] INFO  server.RaftServerConfigKeys (ConfUtils.java:logGet(46)) - raft.server.log.statemachine.data.sync = true (default)
2023-03-09 15:02:08,116 [pool-1119-thread-1] INFO  server.RaftServerConfigKeys (ConfUtils.java:logGet(46)) - raft.server.log.statemachine.data.sync.timeout = 10s (default)
2023-03-09 15:02:08,116 [pool-1119-thread-1] INFO  server.RaftServerConfigKeys (ConfUtils.java:logGet(46)) - raft.server.log.statemachine.data.sync.timeout.retry = -1 (default)
2023-03-09 15:02:08,116 [pool-1119-thread-1] INFO  server.RaftServerConfigKeys (ConfUtils.java:logGet(46)) - raft.server.log.write.buffer.size = 1048576 (custom)
2023-03-09 15:02:08,117 [pool-1119-thread-1] INFO  server.RaftServerConfigKeys (ConfUtils.java:logGet(46)) - raft.server.log.appender.buffer.byte-limit = 33554432 (custom)
2023-03-09 15:02:08,119 [EventQueue-PipelineReportForPipelineReportHandler] INFO  pipeline.PipelineManagerImpl (PipelineManagerImpl.java:openPipeline(367)) - Pipeline Pipeline[ Id: 43d67802-8f86-429a-b8bf-fce0a4f99100, Nodes: c6c2c657-0e93-48b3-a316-4dc30ca2acab(localhost/127.0.0.1), ReplicationConfig: RATIS/ONE, State:ALLOCATED, leaderId:c6c2c657-0e93-48b3-a316-4dc30ca2acab, CreationTimestamp2023-03-09T15:02:05.113Z[Etc/UTC]] moved to OPEN state
2023-03-09 15:02:08,121 [9c2c9161-baeb-4919-a38f-0ea4e5b0accf@group-9B0F9F306B89-StateMachineUpdater] INFO  safemode.HealthyPipelineSafeModeRule (HealthyPipelineSafeModeRule.java:initializeRule(165)) - Refreshed total pipeline count is 0, healthy pipeline threshold count is 1
2023-03-09 15:02:08,122 [EventQueue-OpenPipelineForHealthyPipelineSafeModeRule] INFO  safemode.SCMSafeModeManager (HealthyPipelineSafeModeRule.java:process(137)) - SCM in safe mode. Healthy pipelines reported count is 0, required healthy pipeline reported count is 1
2023-03-09 15:02:08,127 [pool-1119-thread-1] INFO  server.RaftServerConfigKeys (ConfUtils.java:logGet(46)) - raft.server.log.unsafe-flush.enabled = false (default)
2023-03-09 15:02:08,127 [pool-1119-thread-1] INFO  server.RaftServerConfigKeys (ConfUtils.java:logGet(46)) - raft.server.log.async-flush.enabled = false (default)
2023-03-09 15:02:08,127 [pool-1119-thread-1] INFO  server.RaftServerConfigKeys (ConfUtils.java:logGet(46)) - raft.server.log.statemachine.data.caching.enabled = true (custom)
2023-03-09 15:02:08,127 [pool-1119-thread-1] INFO  segmented.SegmentedRaftLogWorker (SegmentedRaftLogWorker.java:lambda$new$0(135)) - c6c2c657-0e93-48b3-a316-4dc30ca2acab@group-FCE0A4F99100-SegmentedRaftLogWorker: flushIndex: setUnconditionally 0 -> -1
2023-03-09 15:02:08,127 [pool-1119-thread-1] INFO  segmented.SegmentedRaftLogWorker (SegmentedRaftLogWorker.java:lambda$new$0(135)) - c6c2c657-0e93-48b3-a316-4dc30ca2acab@group-FCE0A4F99100-SegmentedRaftLogWorker: safeCacheEvictIndex: setUnconditionally 0 -> -1
2023-03-09 15:02:08,127 [pool-1119-thread-1] INFO  server.RaftServer$Division (RaftServerImpl.java:start(334)) - c6c2c657-0e93-48b3-a316-4dc30ca2acab@group-FCE0A4F99100: start as a follower, conf=-1: peers:[c6c2c657-0e93-48b3-a316-4dc30ca2acab|rpc:127.0.0.1:45875|dataStream:127.0.0.1:42347|priority:1|startupRole:FOLLOWER]|listeners:[], old=null
2023-03-09 15:02:08,128 [pool-1119-thread-1] INFO  server.RaftServer$Division (RaftServerImpl.java:setRole(321)) - c6c2c657-0e93-48b3-a316-4dc30ca2acab@group-FCE0A4F99100: changes role from      null to FOLLOWER at term 0 for startAsFollower
2023-03-09 15:02:08,128 [pool-1119-thread-1] INFO  impl.RoleInfo (RoleInfo.java:updateAndGet(139)) - c6c2c657-0e93-48b3-a316-4dc30ca2acab: start c6c2c657-0e93-48b3-a316-4dc30ca2acab@group-FCE0A4F99100-FollowerState
2023-03-09 15:02:08,128 [pool-1119-thread-1] INFO  util.JmxRegister (JmxRegister.java:tryRegister(44)) - Successfully registered JMX Bean with object name Ratis:service=RaftServer,group=group-FCE0A4F99100,id=c6c2c657-0e93-48b3-a316-4dc30ca2acab
2023-03-09 15:02:08,128 [pool-1119-thread-1] INFO  server.RaftServerConfigKeys (ConfUtils.java:logGet(46)) - raft.server.snapshot.auto.trigger.enabled = true (custom)
2023-03-09 15:02:08,128 [pool-1119-thread-1] INFO  server.RaftServerConfigKeys (ConfUtils.java:logGet(46)) - raft.server.snapshot.auto.trigger.threshold = 10000 (custom)
2023-03-09 15:02:08,128 [pool-1119-thread-1] INFO  server.RaftServerConfigKeys (ConfUtils.java:logGet(46)) - raft.server.snapshot.retention.file.num = 5 (custom)
2023-03-09 15:02:08,128 [pool-1119-thread-1] INFO  server.RaftServerConfigKeys (ConfUtils.java:logGet(46)) - raft.server.log.purge.upto.snapshot.index = false (default)
2023-03-09 15:02:08,129 [c6c2c657-0e93-48b3-a316-4dc30ca2acab@group-FCE0A4F99100-FollowerState] INFO  server.RaftServerConfigKeys (ConfUtils.java:logFallback(53)) - raft.server.rpc.first-election.timeout.min = 5s (fallback to raft.server.rpc.timeout.min)
2023-03-09 15:02:08,129 [c6c2c657-0e93-48b3-a316-4dc30ca2acab@group-FCE0A4F99100-FollowerState] INFO  server.RaftServerConfigKeys (ConfUtils.java:logFallback(53)) - raft.server.rpc.first-election.timeout.max = 5200ms (fallback to raft.server.rpc.timeout.max)
2023-03-09 15:02:08,132 [Command processor thread] INFO  ratis.XceiverServerRatis (XceiverServerRatis.java:addGroup(807)) - Created group PipelineID=43d67802-8f86-429a-b8bf-fce0a4f99100
2023-03-09 15:02:08,133 [Command processor thread] INFO  commandhandler.CreatePipelineCommandHandler (CreatePipelineCommandHandler.java:handle(113)) - Created Pipeline RATIS ONE PipelineID=43d67802-8f86-429a-b8bf-fce0a4f99100.
2023-03-09 15:02:08,518 [Listener at 127.0.0.1/39953] INFO  ozone.MiniOzoneClusterImpl (MiniOzoneClusterImpl.java:lambda$waitForClusterToBeReady$0(218)) - Nodes are ready. Got 3 of 3 DN Heartbeats.
2023-03-09 15:02:08,518 [Listener at 127.0.0.1/39953] INFO  ozone.MiniOzoneClusterImpl (MiniOzoneClusterImpl.java:lambda$waitForClusterToBeReady$0(221)) - Waiting for cluster to exit safe mode
2023-03-09 15:02:08,518 [Listener at 127.0.0.1/39953] INFO  ozone.MiniOzoneClusterImpl (MiniOzoneClusterImpl.java:lambda$waitForClusterToBeReady$0(223)) - SCM became leader
2023-03-09 15:02:08,525 [Command processor thread] INFO  server.RaftServer (RaftServerProxy.java:addNew(96)) - 126d5446-786c-45f2-bbbe-001b0b6f97a9: addNew group-CC2CB63CBFDA:[126d5446-786c-45f2-bbbe-001b0b6f97a9|rpc:127.0.0.1:43541|dataStream:127.0.0.1:41323|priority:1|startupRole:FOLLOWER] returns group-CC2CB63CBFDA:java.util.concurrent.CompletableFuture@121697f5[Not completed]
2023-03-09 15:02:08,526 [pool-1141-thread-1] INFO  server.RaftServer$Division (RaftServerImpl.java:<init>(195)) - 126d5446-786c-45f2-bbbe-001b0b6f97a9: new RaftServerImpl for group-CC2CB63CBFDA:[126d5446-786c-45f2-bbbe-001b0b6f97a9|rpc:127.0.0.1:43541|dataStream:127.0.0.1:41323|priority:1|startupRole:FOLLOWER] with ContainerStateMachine:uninitialized
2023-03-09 15:02:08,526 [pool-1141-thread-1] INFO  server.RaftServerConfigKeys (ConfUtils.java:logGet(46)) - raft.server.rpc.timeout.min = 5s (custom)
2023-03-09 15:02:08,526 [pool-1141-thread-1] INFO  server.RaftServerConfigKeys (ConfUtils.java:logGet(46)) - raft.server.rpc.timeout.max = 5200ms (custom)
2023-03-09 15:02:08,526 [pool-1141-thread-1] INFO  server.RaftServerConfigKeys (ConfUtils.java:logGet(46)) - raft.server.rpc.sleep.time = 25ms (default)
2023-03-09 15:02:08,526 [pool-1141-thread-1] INFO  server.RaftServerConfigKeys (ConfUtils.java:logGet(46)) - raft.server.rpc.slowness.timeout = 300s (custom)
2023-03-09 15:02:08,526 [pool-1141-thread-1] INFO  server.RaftServerConfigKeys (ConfUtils.java:logGet(46)) - raft.server.leaderelection.leader.step-down.wait-time = 10s (default)
2023-03-09 15:02:08,526 [pool-1141-thread-1] INFO  server.RaftServerConfigKeys (ConfUtils.java:logGet(46)) - raft.server.sleep.deviation.threshold = 300ms (default)
2023-03-09 15:02:08,527 [pool-1141-thread-1] INFO  server.RaftServer$Division (ServerState.java:<init>(118)) - 126d5446-786c-45f2-bbbe-001b0b6f97a9@group-CC2CB63CBFDA: ConfigurationManager, init=-1: peers:[126d5446-786c-45f2-bbbe-001b0b6f97a9|rpc:127.0.0.1:43541|dataStream:127.0.0.1:41323|priority:1|startupRole:FOLLOWER]|listeners:[], old=null, confs=<EMPTY_MAP>
2023-03-09 15:02:08,527 [pool-1141-thread-1] INFO  server.RaftServerConfigKeys (ConfUtils.java:logGet(46)) - raft.server.storage.dir = [/home/runner/work/ozone/ozone/hadoop-ozone/integration-test/target/test-dir/MiniOzoneClusterImpl-c8dd39f1-89f8-47ca-b8e4-9b0f9f306b89/datanode-2/data/ratis] (custom)
2023-03-09 15:02:08,527 [pool-1141-thread-1] INFO  server.RaftServerConfigKeys (ConfUtils.java:logGet(46)) - raft.server.log.corruption.policy = EXCEPTION (default)
2023-03-09 15:02:08,527 [pool-1141-thread-1] INFO  server.RaftServerConfigKeys (ConfUtils.java:logGet(46)) - raft.server.storage.free-space.min = 0MB (=0) (default)
2023-03-09 15:02:08,527 [pool-1141-thread-1] INFO  server.RaftServerConfigKeys (ConfUtils.java:logGet(46)) - raft.server.notification.no-leader.timeout = 300s (custom)
2023-03-09 15:02:08,527 [pool-1141-thread-1] INFO  server.RaftServerConfigKeys (ConfUtils.java:logGet(46)) - raft.server.retrycache.expirytime = 600000ms (custom)
2023-03-09 15:02:08,527 [pool-1141-thread-1] INFO  server.RaftServerConfigKeys (ConfUtils.java:logGet(46)) - raft.server.retrycache.statistics.expirytime = 100μs (default)
2023-03-09 15:02:08,528 [pool-1141-thread-1] INFO  server.RaftServerConfigKeys (ConfUtils.java:logGet(46)) - raft.server.log.appender.install.snapshot.enabled = false (custom)
2023-03-09 15:02:08,528 [pool-1141-thread-1] INFO  server.RaftServerConfigKeys (ConfUtils.java:logGet(46)) - raft.server.threadpool.server.cached = true (default)
2023-03-09 15:02:08,528 [pool-1141-thread-1] INFO  server.RaftServerConfigKeys (ConfUtils.java:logGet(46)) - raft.server.threadpool.server.size = 0 (default)
2023-03-09 15:02:08,528 [pool-1141-thread-1] INFO  server.RaftServerConfigKeys (ConfUtils.java:logGet(46)) - raft.server.threadpool.client.cached = true (default)
2023-03-09 15:02:08,528 [pool-1141-thread-1] INFO  server.RaftServerConfigKeys (ConfUtils.java:logGet(46)) - raft.server.threadpool.client.size = 0 (default)
2023-03-09 15:02:08,528 [pool-1141-thread-1] INFO  storage.RaftStorageDirectory (RaftStorageDirectoryImpl.java:analyzeStorage(137)) - The storage directory /home/runner/work/ozone/ozone/hadoop-ozone/integration-test/target/test-dir/MiniOzoneClusterImpl-c8dd39f1-89f8-47ca-b8e4-9b0f9f306b89/datanode-2/data/ratis/e0caf132-b0ce-4d31-a2d5-cc2cb63cbfda does not exist. Creating ...
2023-03-09 15:02:08,530 [pool-1141-thread-1] INFO  storage.RaftStorageDirectory (RaftStorageDirectoryImpl.java:tryLock(231)) - Lock on /home/runner/work/ozone/ozone/hadoop-ozone/integration-test/target/test-dir/MiniOzoneClusterImpl-c8dd39f1-89f8-47ca-b8e4-9b0f9f306b89/datanode-2/data/ratis/e0caf132-b0ce-4d31-a2d5-cc2cb63cbfda/in_use.lock acquired by nodename 57158@fv-az377-502
2023-03-09 15:02:08,531 [pool-1141-thread-1] INFO  storage.RaftStorage (RaftStorageImpl.java:format(96)) - Storage directory /home/runner/work/ozone/ozone/hadoop-ozone/integration-test/target/test-dir/MiniOzoneClusterImpl-c8dd39f1-89f8-47ca-b8e4-9b0f9f306b89/datanode-2/data/ratis/e0caf132-b0ce-4d31-a2d5-cc2cb63cbfda has been successfully formatted.
2023-03-09 15:02:08,532 [pool-1141-thread-1] INFO  ratis.ContainerStateMachine (ContainerStateMachine.java:loadSnapshot(240)) - group-CC2CB63CBFDA: The snapshot info is null. Setting the last applied indexto:(t:0, i:~)
2023-03-09 15:02:08,532 [pool-1141-thread-1] INFO  server.RaftServerConfigKeys (ConfUtils.java:logGet(46)) - raft.server.log.use.memory = false (default)
2023-03-09 15:02:08,532 [pool-1141-thread-1] INFO  server.RaftServerConfigKeys (ConfUtils.java:logGet(46)) - raft.server.log.purge.gap = 1000000 (custom)
2023-03-09 15:02:08,532 [pool-1141-thread-1] INFO  server.RaftServerConfigKeys (ConfUtils.java:logGet(46)) - raft.server.log.appender.buffer.byte-limit = 33554432 (custom)
2023-03-09 15:02:08,532 [pool-1141-thread-1] INFO  server.RaftServerConfigKeys (ConfUtils.java:logGet(46)) - raft.server.log.statemachine.data.read.timeout = 1000ms (default)
2023-03-09 15:02:08,532 [pool-1141-thread-1] INFO  server.RaftServerConfigKeys (ConfUtils.java:logGet(46)) - raft.server.log.purge.preservation.log.num = 0 (default)
2023-03-09 15:02:08,532 [pool-1141-thread-1] INFO  server.RaftServerConfigKeys (ConfUtils.java:logGet(46)) - raft.server.log.segment.size.max = 1048576 (custom)
2023-03-09 15:02:08,533 [pool-1141-thread-1] INFO  server.RaftServerConfigKeys (ConfUtils.java:logGet(46)) - raft.server.log.segment.cache.num.max = 2 (custom)
2023-03-09 15:02:08,533 [EventQueue-PipelineReportForPipelineReportHandler] INFO  pipeline.PipelineManagerImpl (PipelineManagerImpl.java:openPipeline(367)) - Pipeline Pipeline[ Id: e0caf132-b0ce-4d31-a2d5-cc2cb63cbfda, Nodes: 126d5446-786c-45f2-bbbe-001b0b6f97a9(localhost/127.0.0.1), ReplicationConfig: RATIS/ONE, State:ALLOCATED, leaderId:126d5446-786c-45f2-bbbe-001b0b6f97a9, CreationTimestamp2023-03-09T15:02:05.534Z[Etc/UTC]] moved to OPEN state
2023-03-09 15:02:08,534 [pool-1141-thread-1] INFO  server.RaftServerConfigKeys (ConfUtils.java:logGet(46)) - raft.server.log.segment.cache.size.max = 200MB (=209715200) (default)
2023-03-09 15:02:08,534 [pool-1141-thread-1] INFO  segmented.SegmentedRaftLogWorker (SegmentedRaftLogWorker.java:<init>(189)) - new 126d5446-786c-45f2-bbbe-001b0b6f97a9@group-CC2CB63CBFDA-SegmentedRaftLogWorker for RaftStorageImpl:Storage Directory /home/runner/work/ozone/ozone/hadoop-ozone/integration-test/target/test-dir/MiniOzoneClusterImpl-c8dd39f1-89f8-47ca-b8e4-9b0f9f306b89/datanode-2/data/ratis/e0caf132-b0ce-4d31-a2d5-cc2cb63cbfda
2023-03-09 15:02:08,534 [pool-1141-thread-1] INFO  server.RaftServerConfigKeys (ConfUtils.java:logGet(46)) - raft.server.log.queue.byte-limit = 4294967296 (custom)
2023-03-09 15:02:08,534 [pool-1141-thread-1] INFO  server.RaftServerConfigKeys (ConfUtils.java:logGet(46)) - raft.server.log.queue.element-limit = 1024 (custom)
2023-03-09 15:02:08,534 [pool-1141-thread-1] INFO  server.RaftServerConfigKeys (ConfUtils.java:logGet(46)) - raft.server.log.segment.size.max = 1048576 (custom)
2023-03-09 15:02:08,534 [pool-1141-thread-1] INFO  server.RaftServerConfigKeys (ConfUtils.java:logGet(46)) - raft.server.log.preallocated.size = 16384 (custom)
2023-03-09 15:02:08,534 [pool-1141-thread-1] INFO  server.RaftServerConfigKeys (ConfUtils.java:logGet(46)) - raft.server.log.force.sync.num = 128 (default)
2023-03-09 15:02:08,534 [pool-1141-thread-1] INFO  server.RaftServerConfigKeys (ConfUtils.java:logGet(46)) - raft.server.log.statemachine.data.sync = true (default)
2023-03-09 15:02:08,534 [pool-1141-thread-1] INFO  server.RaftServerConfigKeys (ConfUtils.java:logGet(46)) - raft.server.log.statemachine.data.sync.timeout = 10s (default)
2023-03-09 15:02:08,534 [pool-1141-thread-1] INFO  server.RaftServerConfigKeys (ConfUtils.java:logGet(46)) - raft.server.log.statemachine.data.sync.timeout.retry = -1 (default)
2023-03-09 15:02:08,535 [pool-1141-thread-1] INFO  server.RaftServerConfigKeys (ConfUtils.java:logGet(46)) - raft.server.log.write.buffer.size = 1048576 (custom)
2023-03-09 15:02:08,536 [9c2c9161-baeb-4919-a38f-0ea4e5b0accf@group-9B0F9F306B89-StateMachineUpdater] INFO  safemode.HealthyPipelineSafeModeRule (HealthyPipelineSafeModeRule.java:initializeRule(165)) - Refreshed total pipeline count is 0, healthy pipeline threshold count is 1
2023-03-09 15:02:08,536 [EventQueue-OpenPipelineForHealthyPipelineSafeModeRule] INFO  safemode.SCMSafeModeManager (HealthyPipelineSafeModeRule.java:process(137)) - SCM in safe mode. Healthy pipelines reported count is 0, required healthy pipeline reported count is 1
2023-03-09 15:02:08,536 [pool-1141-thread-1] INFO  server.RaftServerConfigKeys (ConfUtils.java:logGet(46)) - raft.server.log.appender.buffer.byte-limit = 33554432 (custom)
2023-03-09 15:02:08,544 [pool-1141-thread-1] INFO  server.RaftServerConfigKeys (ConfUtils.java:logGet(46)) - raft.server.log.unsafe-flush.enabled = false (default)
2023-03-09 15:02:08,544 [pool-1141-thread-1] INFO  server.RaftServerConfigKeys (ConfUtils.java:logGet(46)) - raft.server.log.async-flush.enabled = false (default)
2023-03-09 15:02:08,545 [pool-1141-thread-1] INFO  server.RaftServerConfigKeys (ConfUtils.java:logGet(46)) - raft.server.log.statemachine.data.caching.enabled = true (custom)
2023-03-09 15:02:08,545 [pool-1141-thread-1] INFO  segmented.SegmentedRaftLogWorker (SegmentedRaftLogWorker.java:lambda$new$0(135)) - 126d5446-786c-45f2-bbbe-001b0b6f97a9@group-CC2CB63CBFDA-SegmentedRaftLogWorker: flushIndex: setUnconditionally 0 -> -1
2023-03-09 15:02:08,545 [pool-1141-thread-1] INFO  segmented.SegmentedRaftLogWorker (SegmentedRaftLogWorker.java:lambda$new$0(135)) - 126d5446-786c-45f2-bbbe-001b0b6f97a9@group-CC2CB63CBFDA-SegmentedRaftLogWorker: safeCacheEvictIndex: setUnconditionally 0 -> -1
2023-03-09 15:02:08,545 [pool-1141-thread-1] INFO  server.RaftServer$Division (RaftServerImpl.java:start(334)) - 126d5446-786c-45f2-bbbe-001b0b6f97a9@group-CC2CB63CBFDA: start as a follower, conf=-1: peers:[126d5446-786c-45f2-bbbe-001b0b6f97a9|rpc:127.0.0.1:43541|dataStream:127.0.0.1:41323|priority:1|startupRole:FOLLOWER]|listeners:[], old=null
2023-03-09 15:02:08,545 [pool-1141-thread-1] INFO  server.RaftServer$Division (RaftServerImpl.java:setRole(321)) - 126d5446-786c-45f2-bbbe-001b0b6f97a9@group-CC2CB63CBFDA: changes role from      null to FOLLOWER at term 0 for startAsFollower
2023-03-09 15:02:08,545 [pool-1141-thread-1] INFO  impl.RoleInfo (RoleInfo.java:updateAndGet(139)) - 126d5446-786c-45f2-bbbe-001b0b6f97a9: start 126d5446-786c-45f2-bbbe-001b0b6f97a9@group-CC2CB63CBFDA-FollowerState
2023-03-09 15:02:08,545 [pool-1141-thread-1] INFO  util.JmxRegister (JmxRegister.java:tryRegister(44)) - Successfully registered JMX Bean with object name Ratis:service=RaftServer,group=group-CC2CB63CBFDA,id=126d5446-786c-45f2-bbbe-001b0b6f97a9
2023-03-09 15:02:08,546 [pool-1141-thread-1] INFO  server.RaftServerConfigKeys (ConfUtils.java:logGet(46)) - raft.server.snapshot.auto.trigger.enabled = true (custom)
2023-03-09 15:02:08,546 [pool-1141-thread-1] INFO  server.RaftServerConfigKeys (ConfUtils.java:logGet(46)) - raft.server.snapshot.auto.trigger.threshold = 10000 (custom)
2023-03-09 15:02:08,546 [pool-1141-thread-1] INFO  server.RaftServerConfigKeys (ConfUtils.java:logGet(46)) - raft.server.snapshot.retention.file.num = 5 (custom)
2023-03-09 15:02:08,546 [pool-1141-thread-1] INFO  server.RaftServerConfigKeys (ConfUtils.java:logGet(46)) - raft.server.log.purge.upto.snapshot.index = false (default)
2023-03-09 15:02:08,546 [126d5446-786c-45f2-bbbe-001b0b6f97a9@group-CC2CB63CBFDA-FollowerState] INFO  server.RaftServerConfigKeys (ConfUtils.java:logFallback(53)) - raft.server.rpc.first-election.timeout.min = 5s (fallback to raft.server.rpc.timeout.min)
2023-03-09 15:02:08,546 [126d5446-786c-45f2-bbbe-001b0b6f97a9@group-CC2CB63CBFDA-FollowerState] INFO  server.RaftServerConfigKeys (ConfUtils.java:logFallback(53)) - raft.server.rpc.first-election.timeout.max = 5200ms (fallback to raft.server.rpc.timeout.max)
2023-03-09 15:02:08,547 [Command processor thread] INFO  ratis.XceiverServerRatis (XceiverServerRatis.java:addGroup(807)) - Created group PipelineID=e0caf132-b0ce-4d31-a2d5-cc2cb63cbfda
2023-03-09 15:02:08,547 [Command processor thread] INFO  commandhandler.CreatePipelineCommandHandler (CreatePipelineCommandHandler.java:handle(113)) - Created Pipeline RATIS ONE PipelineID=e0caf132-b0ce-4d31-a2d5-cc2cb63cbfda.
2023-03-09 15:02:08,888 [EndpointStateMachine task thread for /127.0.0.1:36681 - 0 ] INFO  ipc.Client (Client.java:handleConnectionFailure(1010)) - Retrying connect to server: localhost/127.0.0.1:36681. Already tried 8 time(s); retry policy is RetryUpToMaximumCountWithFixedSleep(maxRetries=15, sleepTime=1000 MILLISECONDS)
2023-03-09 15:02:09,040 [EndpointStateMachine task thread for /127.0.0.1:35467 - 0 ] INFO  ipc.Client (Client.java:handleConnectionFailure(1010)) - Retrying connect to server: localhost/127.0.0.1:35467. Already tried 14 time(s); retry policy is RetryUpToMaximumCountWithFixedSleep(maxRetries=15, sleepTime=1000 MILLISECONDS)
2023-03-09 15:02:09,518 [Listener at 127.0.0.1/39953] INFO  ozone.MiniOzoneClusterImpl (MiniOzoneClusterImpl.java:lambda$waitForClusterToBeReady$0(218)) - Nodes are ready. Got 3 of 3 DN Heartbeats.
2023-03-09 15:02:09,519 [Listener at 127.0.0.1/39953] INFO  ozone.MiniOzoneClusterImpl (MiniOzoneClusterImpl.java:lambda$waitForClusterToBeReady$0(221)) - Waiting for cluster to exit safe mode
2023-03-09 15:02:09,519 [Listener at 127.0.0.1/39953] INFO  ozone.MiniOzoneClusterImpl (MiniOzoneClusterImpl.java:lambda$waitForClusterToBeReady$0(223)) - SCM became leader
2023-03-09 15:02:09,888 [EndpointStateMachine task thread for /127.0.0.1:36681 - 0 ] INFO  ipc.Client (Client.java:handleConnectionFailure(1010)) - Retrying connect to server: localhost/127.0.0.1:36681. Already tried 9 time(s); retry policy is RetryUpToMaximumCountWithFixedSleep(maxRetries=15, sleepTime=1000 MILLISECONDS)
2023-03-09 15:02:10,041 [EndpointStateMachine task thread for /127.0.0.1:35467 - 0 ] INFO  ipc.Client (Client.java:handleConnectionFailure(1010)) - Retrying connect to server: localhost/127.0.0.1:35467. Already tried 0 time(s); retry policy is RetryUpToMaximumCountWithFixedSleep(maxRetries=15, sleepTime=1000 MILLISECONDS)
2023-03-09 15:02:10,519 [Listener at 127.0.0.1/39953] INFO  ozone.MiniOzoneClusterImpl (MiniOzoneClusterImpl.java:lambda$waitForClusterToBeReady$0(218)) - Nodes are ready. Got 3 of 3 DN Heartbeats.
2023-03-09 15:02:10,519 [Listener at 127.0.0.1/39953] INFO  ozone.MiniOzoneClusterImpl (MiniOzoneClusterImpl.java:lambda$waitForClusterToBeReady$0(221)) - Waiting for cluster to exit safe mode
2023-03-09 15:02:10,520 [Listener at 127.0.0.1/39953] INFO  ozone.MiniOzoneClusterImpl (MiniOzoneClusterImpl.java:lambda$waitForClusterToBeReady$0(223)) - SCM became leader
2023-03-09 15:02:10,889 [EndpointStateMachine task thread for /127.0.0.1:36681 - 0 ] INFO  ipc.Client (Client.java:handleConnectionFailure(1010)) - Retrying connect to server: localhost/127.0.0.1:36681. Already tried 10 time(s); retry policy is RetryUpToMaximumCountWithFixedSleep(maxRetries=15, sleepTime=1000 MILLISECONDS)
2023-03-09 15:02:11,042 [EndpointStateMachine task thread for /127.0.0.1:35467 - 0 ] INFO  ipc.Client (Client.java:handleConnectionFailure(1010)) - Retrying connect to server: localhost/127.0.0.1:35467. Already tried 1 time(s); retry policy is RetryUpToMaximumCountWithFixedSleep(maxRetries=15, sleepTime=1000 MILLISECONDS)
2023-03-09 15:02:11,520 [Listener at 127.0.0.1/39953] INFO  ozone.MiniOzoneClusterImpl (MiniOzoneClusterImpl.java:lambda$waitForClusterToBeReady$0(218)) - Nodes are ready. Got 3 of 3 DN Heartbeats.
2023-03-09 15:02:11,521 [Listener at 127.0.0.1/39953] INFO  ozone.MiniOzoneClusterImpl (MiniOzoneClusterImpl.java:lambda$waitForClusterToBeReady$0(221)) - Waiting for cluster to exit safe mode
2023-03-09 15:02:11,521 [Listener at 127.0.0.1/39953] INFO  ozone.MiniOzoneClusterImpl (MiniOzoneClusterImpl.java:lambda$waitForClusterToBeReady$0(223)) - SCM became leader
2023-03-09 15:02:11,890 [EndpointStateMachine task thread for /127.0.0.1:36681 - 0 ] INFO  ipc.Client (Client.java:handleConnectionFailure(1010)) - Retrying connect to server: localhost/127.0.0.1:36681. Already tried 11 time(s); retry policy is RetryUpToMaximumCountWithFixedSleep(maxRetries=15, sleepTime=1000 MILLISECONDS)
2023-03-09 15:02:12,043 [EndpointStateMachine task thread for /127.0.0.1:35467 - 0 ] INFO  ipc.Client (Client.java:handleConnectionFailure(1010)) - Retrying connect to server: localhost/127.0.0.1:35467. Already tried 2 time(s); retry policy is RetryUpToMaximumCountWithFixedSleep(maxRetries=15, sleepTime=1000 MILLISECONDS)
2023-03-09 15:02:12,522 [Listener at 127.0.0.1/39953] INFO  ozone.MiniOzoneClusterImpl (MiniOzoneClusterImpl.java:lambda$waitForClusterToBeReady$0(218)) - Nodes are ready. Got 3 of 3 DN Heartbeats.
2023-03-09 15:02:12,522 [Listener at 127.0.0.1/39953] INFO  ozone.MiniOzoneClusterImpl (MiniOzoneClusterImpl.java:lambda$waitForClusterToBeReady$0(221)) - Waiting for cluster to exit safe mode
2023-03-09 15:02:12,522 [Listener at 127.0.0.1/39953] INFO  ozone.MiniOzoneClusterImpl (MiniOzoneClusterImpl.java:lambda$waitForClusterToBeReady$0(223)) - SCM became leader
2023-03-09 15:02:12,891 [EndpointStateMachine task thread for /127.0.0.1:36681 - 0 ] INFO  ipc.Client (Client.java:handleConnectionFailure(1010)) - Retrying connect to server: localhost/127.0.0.1:36681. Already tried 12 time(s); retry policy is RetryUpToMaximumCountWithFixedSleep(maxRetries=15, sleepTime=1000 MILLISECONDS)
2023-03-09 15:02:12,894 [29c9a1c1-e3f8-4fe7-8970-336a6086cca1@group-77001C9B7D0B-FollowerState] INFO  impl.FollowerState (FollowerState.java:run(143)) - 29c9a1c1-e3f8-4fe7-8970-336a6086cca1@group-77001C9B7D0B-FollowerState: change to CANDIDATE, lastRpcElapsedTime:5108208656ns, electionTimeout:5105ms
2023-03-09 15:02:12,895 [29c9a1c1-e3f8-4fe7-8970-336a6086cca1@group-77001C9B7D0B-FollowerState] INFO  impl.RoleInfo (RoleInfo.java:shutdownFollowerState(110)) - 29c9a1c1-e3f8-4fe7-8970-336a6086cca1: shutdown 29c9a1c1-e3f8-4fe7-8970-336a6086cca1@group-77001C9B7D0B-FollowerState
2023-03-09 15:02:12,895 [29c9a1c1-e3f8-4fe7-8970-336a6086cca1@group-77001C9B7D0B-FollowerState] INFO  server.RaftServer$Division (RaftServerImpl.java:setRole(321)) - 29c9a1c1-e3f8-4fe7-8970-336a6086cca1@group-77001C9B7D0B: changes role from  FOLLOWER to CANDIDATE at term 0 for changeToCandidate
2023-03-09 15:02:12,895 [29c9a1c1-e3f8-4fe7-8970-336a6086cca1@group-77001C9B7D0B-FollowerState] INFO  server.RaftServerConfigKeys (ConfUtils.java:logGet(46)) - raft.server.leaderelection.pre-vote = true (default)
2023-03-09 15:02:12,895 [29c9a1c1-e3f8-4fe7-8970-336a6086cca1@group-77001C9B7D0B-FollowerState] INFO  impl.RoleInfo (RoleInfo.java:updateAndGet(139)) - 29c9a1c1-e3f8-4fe7-8970-336a6086cca1: start 29c9a1c1-e3f8-4fe7-8970-336a6086cca1@group-77001C9B7D0B-LeaderElection55
2023-03-09 15:02:12,901 [29c9a1c1-e3f8-4fe7-8970-336a6086cca1@group-77001C9B7D0B-LeaderElection55] INFO  impl.LeaderElection (LeaderElection.java:askForVotes(312)) - 29c9a1c1-e3f8-4fe7-8970-336a6086cca1@group-77001C9B7D0B-LeaderElection55 PRE_VOTE round 0: submit vote requests at term 0 for -1: peers:[c6c2c657-0e93-48b3-a316-4dc30ca2acab|rpc:127.0.0.1:45875|dataStream:127.0.0.1:42347|priority:0|startupRole:FOLLOWER, 126d5446-786c-45f2-bbbe-001b0b6f97a9|rpc:127.0.0.1:43541|dataStream:127.0.0.1:41323|priority:1|startupRole:FOLLOWER, 29c9a1c1-e3f8-4fe7-8970-336a6086cca1|rpc:127.0.0.1:41623|dataStream:127.0.0.1:33519|priority:0|startupRole:FOLLOWER]|listeners:[], old=null
2023-03-09 15:02:12,901 [29c9a1c1-e3f8-4fe7-8970-336a6086cca1@group-77001C9B7D0B-LeaderElection55-1] INFO  server.GrpcServerProtocolClient (GrpcServerProtocolClient.java:<init>(63)) - Build channel for c6c2c657-0e93-48b3-a316-4dc30ca2acab
2023-03-09 15:02:12,901 [29c9a1c1-e3f8-4fe7-8970-336a6086cca1@group-77001C9B7D0B-LeaderElection55] INFO  server.RaftServerConfigKeys (ConfUtils.java:logFallback(53)) - raft.server.rpc.first-election.timeout.min = 5s (fallback to raft.server.rpc.timeout.min)
2023-03-09 15:02:12,901 [29c9a1c1-e3f8-4fe7-8970-336a6086cca1@group-77001C9B7D0B-LeaderElection55] INFO  server.RaftServerConfigKeys (ConfUtils.java:logFallback(53)) - raft.server.rpc.first-election.timeout.max = 5200ms (fallback to raft.server.rpc.timeout.max)
2023-03-09 15:02:12,901 [29c9a1c1-e3f8-4fe7-8970-336a6086cca1@group-77001C9B7D0B-LeaderElection55-2] INFO  server.GrpcServerProtocolClient (GrpcServerProtocolClient.java:<init>(63)) - Build channel for 126d5446-786c-45f2-bbbe-001b0b6f97a9
2023-03-09 15:02:12,919 [grpc-default-executor-11] INFO  server.RaftServer$Division (RaftServerImpl.java:requestVote(1218)) - 126d5446-786c-45f2-bbbe-001b0b6f97a9@group-77001C9B7D0B: receive requestVote(PRE_VOTE, 29c9a1c1-e3f8-4fe7-8970-336a6086cca1, group-77001C9B7D0B, 0, (t:0, i:0))
2023-03-09 15:02:12,919 [grpc-default-executor-11] INFO  impl.VoteContext (VoteContext.java:log(49)) - 126d5446-786c-45f2-bbbe-001b0b6f97a9@group-77001C9B7D0B-FOLLOWER: reject PRE_VOTE from 29c9a1c1-e3f8-4fe7-8970-336a6086cca1: our priority 1 > candidate's priority 0
2023-03-09 15:02:12,919 [grpc-default-executor-11] INFO  server.RaftServer$Division (RaftServerImpl.java:requestVote(1251)) - 126d5446-786c-45f2-bbbe-001b0b6f97a9@group-77001C9B7D0B replies to PRE_VOTE vote request: 29c9a1c1-e3f8-4fe7-8970-336a6086cca1<-126d5446-786c-45f2-bbbe-001b0b6f97a9#0:FAIL-t0. Peer's state: 126d5446-786c-45f2-bbbe-001b0b6f97a9@group-77001C9B7D0B:t0, leader=null, voted=, raftlog=Memoized:126d5446-786c-45f2-bbbe-001b0b6f97a9@group-77001C9B7D0B-SegmentedRaftLog:OPENED:c-1, conf=-1: peers:[c6c2c657-0e93-48b3-a316-4dc30ca2acab|rpc:127.0.0.1:45875|dataStream:127.0.0.1:42347|priority:0|startupRole:FOLLOWER, 126d5446-786c-45f2-bbbe-001b0b6f97a9|rpc:127.0.0.1:43541|dataStream:127.0.0.1:41323|priority:1|startupRole:FOLLOWER, 29c9a1c1-e3f8-4fe7-8970-336a6086cca1|rpc:127.0.0.1:41623|dataStream:127.0.0.1:33519|priority:0|startupRole:FOLLOWER]|listeners:[], old=null
2023-03-09 15:02:12,922 [grpc-default-executor-6] INFO  server.RaftServer$Division (RaftServerImpl.java:requestVote(1218)) - c6c2c657-0e93-48b3-a316-4dc30ca2acab@group-77001C9B7D0B: receive requestVote(PRE_VOTE, 29c9a1c1-e3f8-4fe7-8970-336a6086cca1, group-77001C9B7D0B, 0, (t:0, i:0))
2023-03-09 15:02:12,922 [grpc-default-executor-6] INFO  impl.VoteContext (VoteContext.java:log(49)) - c6c2c657-0e93-48b3-a316-4dc30ca2acab@group-77001C9B7D0B-FOLLOWER: accept PRE_VOTE from 29c9a1c1-e3f8-4fe7-8970-336a6086cca1: our priority 0 <= candidate's priority 0
2023-03-09 15:02:12,922 [grpc-default-executor-6] INFO  server.RaftServer$Division (RaftServerImpl.java:requestVote(1251)) - c6c2c657-0e93-48b3-a316-4dc30ca2acab@group-77001C9B7D0B replies to PRE_VOTE vote request: 29c9a1c1-e3f8-4fe7-8970-336a6086cca1<-c6c2c657-0e93-48b3-a316-4dc30ca2acab#0:OK-t0. Peer's state: c6c2c657-0e93-48b3-a316-4dc30ca2acab@group-77001C9B7D0B:t0, leader=null, voted=, raftlog=Memoized:c6c2c657-0e93-48b3-a316-4dc30ca2acab@group-77001C9B7D0B-SegmentedRaftLog:OPENED:c-1, conf=-1: peers:[c6c2c657-0e93-48b3-a316-4dc30ca2acab|rpc:127.0.0.1:45875|dataStream:127.0.0.1:42347|priority:0|startupRole:FOLLOWER, 126d5446-786c-45f2-bbbe-001b0b6f97a9|rpc:127.0.0.1:43541|dataStream:127.0.0.1:41323|priority:1|startupRole:FOLLOWER, 29c9a1c1-e3f8-4fe7-8970-336a6086cca1|rpc:127.0.0.1:41623|dataStream:127.0.0.1:33519|priority:0|startupRole:FOLLOWER]|listeners:[], old=null
2023-03-09 15:02:12,928 [126d5446-786c-45f2-bbbe-001b0b6f97a9@group-77001C9B7D0B-FollowerState] INFO  impl.FollowerState (FollowerState.java:run(143)) - 126d5446-786c-45f2-bbbe-001b0b6f97a9@group-77001C9B7D0B-FollowerState: change to CANDIDATE, lastRpcElapsedTime:5112056371ns, electionTimeout:5110ms
2023-03-09 15:02:12,929 [126d5446-786c-45f2-bbbe-001b0b6f97a9@group-77001C9B7D0B-FollowerState] INFO  impl.RoleInfo (RoleInfo.java:shutdownFollowerState(110)) - 126d5446-786c-45f2-bbbe-001b0b6f97a9: shutdown 126d5446-786c-45f2-bbbe-001b0b6f97a9@group-77001C9B7D0B-FollowerState
2023-03-09 15:02:12,929 [29c9a1c1-e3f8-4fe7-8970-336a6086cca1@group-77001C9B7D0B-LeaderElection55] INFO  impl.LeaderElection (LeaderElection.java:logAndReturn(90)) - 29c9a1c1-e3f8-4fe7-8970-336a6086cca1@group-77001C9B7D0B-LeaderElection55: PRE_VOTE REJECTED received 2 response(s) and 0 exception(s):
2023-03-09 15:02:12,929 [29c9a1c1-e3f8-4fe7-8970-336a6086cca1@group-77001C9B7D0B-LeaderElection55] INFO  impl.LeaderElection (LeaderElection.java:logAndReturn(94)) -   Response 0: 29c9a1c1-e3f8-4fe7-8970-336a6086cca1<-c6c2c657-0e93-48b3-a316-4dc30ca2acab#0:OK-t0
2023-03-09 15:02:12,929 [126d5446-786c-45f2-bbbe-001b0b6f97a9@group-77001C9B7D0B-FollowerState] INFO  server.RaftServer$Division (RaftServerImpl.java:setRole(321)) - 126d5446-786c-45f2-bbbe-001b0b6f97a9@group-77001C9B7D0B: changes role from  FOLLOWER to CANDIDATE at term 0 for changeToCandidate
2023-03-09 15:02:12,929 [29c9a1c1-e3f8-4fe7-8970-336a6086cca1@group-77001C9B7D0B-LeaderElection55] INFO  impl.LeaderElection (LeaderElection.java:logAndReturn(94)) -   Response 1: 29c9a1c1-e3f8-4fe7-8970-336a6086cca1<-126d5446-786c-45f2-bbbe-001b0b6f97a9#0:FAIL-t0
2023-03-09 15:02:12,929 [29c9a1c1-e3f8-4fe7-8970-336a6086cca1@group-77001C9B7D0B-LeaderElection55] INFO  impl.LeaderElection (LeaderElection.java:askForVotes(314)) - 29c9a1c1-e3f8-4fe7-8970-336a6086cca1@group-77001C9B7D0B-LeaderElection55 PRE_VOTE round 0: result REJECTED
2023-03-09 15:02:12,929 [126d5446-786c-45f2-bbbe-001b0b6f97a9@group-77001C9B7D0B-FollowerState] INFO  server.RaftServerConfigKeys (ConfUtils.java:logGet(46)) - raft.server.leaderelection.pre-vote = true (default)
2023-03-09 15:02:12,929 [29c9a1c1-e3f8-4fe7-8970-336a6086cca1@group-77001C9B7D0B-LeaderElection55] INFO  server.RaftServer$Division (RaftServerImpl.java:setRole(321)) - 29c9a1c1-e3f8-4fe7-8970-336a6086cca1@group-77001C9B7D0B: changes role from CANDIDATE to FOLLOWER at term 0 for REJECTED
2023-03-09 15:02:12,929 [126d5446-786c-45f2-bbbe-001b0b6f97a9@group-77001C9B7D0B-FollowerState] INFO  impl.RoleInfo (RoleInfo.java:updateAndGet(139)) - 126d5446-786c-45f2-bbbe-001b0b6f97a9: start 126d5446-786c-45f2-bbbe-001b0b6f97a9@group-77001C9B7D0B-LeaderElection56
2023-03-09 15:02:12,929 [29c9a1c1-e3f8-4fe7-8970-336a6086cca1@group-77001C9B7D0B-LeaderElection55] INFO  impl.RoleInfo (RoleInfo.java:shutdownLeaderElection(130)) - 29c9a1c1-e3f8-4fe7-8970-336a6086cca1: shutdown 29c9a1c1-e3f8-4fe7-8970-336a6086cca1@group-77001C9B7D0B-LeaderElection55
2023-03-09 15:02:12,935 [29c9a1c1-e3f8-4fe7-8970-336a6086cca1@group-77001C9B7D0B-LeaderElection55] INFO  impl.RoleInfo (RoleInfo.java:updateAndGet(139)) - 29c9a1c1-e3f8-4fe7-8970-336a6086cca1: start 29c9a1c1-e3f8-4fe7-8970-336a6086cca1@group-77001C9B7D0B-FollowerState
2023-03-09 15:02:12,935 [29c9a1c1-e3f8-4fe7-8970-336a6086cca1@group-77001C9B7D0B-FollowerState] INFO  server.RaftServerConfigKeys (ConfUtils.java:logFallback(53)) - raft.server.rpc.first-election.timeout.min = 5s (fallback to raft.server.rpc.timeout.min)
2023-03-09 15:02:12,935 [29c9a1c1-e3f8-4fe7-8970-336a6086cca1@group-77001C9B7D0B-FollowerState] INFO  server.RaftServerConfigKeys (ConfUtils.java:logFallback(53)) - raft.server.rpc.first-election.timeout.max = 5200ms (fallback to raft.server.rpc.timeout.max)
2023-03-09 15:02:12,936 [126d5446-786c-45f2-bbbe-001b0b6f97a9@group-77001C9B7D0B-LeaderElection56] INFO  impl.LeaderElection (LeaderElection.java:askForVotes(312)) - 126d5446-786c-45f2-bbbe-001b0b6f97a9@group-77001C9B7D0B-LeaderElection56 PRE_VOTE round 0: submit vote requests at term 0 for -1: peers:[c6c2c657-0e93-48b3-a316-4dc30ca2acab|rpc:127.0.0.1:45875|dataStream:127.0.0.1:42347|priority:0|startupRole:FOLLOWER, 126d5446-786c-45f2-bbbe-001b0b6f97a9|rpc:127.0.0.1:43541|dataStream:127.0.0.1:41323|priority:1|startupRole:FOLLOWER, 29c9a1c1-e3f8-4fe7-8970-336a6086cca1|rpc:127.0.0.1:41623|dataStream:127.0.0.1:33519|priority:0|startupRole:FOLLOWER]|listeners:[], old=null
2023-03-09 15:02:12,936 [126d5446-786c-45f2-bbbe-001b0b6f97a9@group-77001C9B7D0B-LeaderElection56] INFO  server.RaftServerConfigKeys (ConfUtils.java:logFallback(53)) - raft.server.rpc.first-election.timeout.min = 5s (fallback to raft.server.rpc.timeout.min)
2023-03-09 15:02:12,936 [126d5446-786c-45f2-bbbe-001b0b6f97a9@group-77001C9B7D0B-LeaderElection56-1] INFO  server.GrpcServerProtocolClient (GrpcServerProtocolClient.java:<init>(63)) - Build channel for c6c2c657-0e93-48b3-a316-4dc30ca2acab
2023-03-09 15:02:12,936 [126d5446-786c-45f2-bbbe-001b0b6f97a9@group-77001C9B7D0B-LeaderElection56] INFO  server.RaftServerConfigKeys (ConfUtils.java:logFallback(53)) - raft.server.rpc.first-election.timeout.max = 5200ms (fallback to raft.server.rpc.timeout.max)
2023-03-09 15:02:12,942 [126d5446-786c-45f2-bbbe-001b0b6f97a9@group-77001C9B7D0B-LeaderElection56-2] INFO  server.GrpcServerProtocolClient (GrpcServerProtocolClient.java:<init>(63)) - Build channel for 29c9a1c1-e3f8-4fe7-8970-336a6086cca1
2023-03-09 15:02:12,944 [29c9a1c1-e3f8-4fe7-8970-336a6086cca1@group-2E25E48C3F6F-FollowerState] INFO  impl.FollowerState (FollowerState.java:run(143)) - 29c9a1c1-e3f8-4fe7-8970-336a6086cca1@group-2E25E48C3F6F-FollowerState: change to CANDIDATE, lastRpcElapsedTime:5181070162ns, electionTimeout:5179ms
2023-03-09 15:02:12,944 [29c9a1c1-e3f8-4fe7-8970-336a6086cca1@group-2E25E48C3F6F-FollowerState] INFO  impl.RoleInfo (RoleInfo.java:shutdownFollowerState(110)) - 29c9a1c1-e3f8-4fe7-8970-336a6086cca1: shutdown 29c9a1c1-e3f8-4fe7-8970-336a6086cca1@group-2E25E48C3F6F-FollowerState
2023-03-09 15:02:12,944 [29c9a1c1-e3f8-4fe7-8970-336a6086cca1@group-2E25E48C3F6F-FollowerState] INFO  server.RaftServer$Division (RaftServerImpl.java:setRole(321)) - 29c9a1c1-e3f8-4fe7-8970-336a6086cca1@group-2E25E48C3F6F: changes role from  FOLLOWER to CANDIDATE at term 0 for changeToCandidate
2023-03-09 15:02:12,945 [29c9a1c1-e3f8-4fe7-8970-336a6086cca1@group-2E25E48C3F6F-FollowerState] INFO  server.RaftServerConfigKeys (ConfUtils.java:logGet(46)) - raft.server.leaderelection.pre-vote = true (default)
2023-03-09 15:02:12,945 [29c9a1c1-e3f8-4fe7-8970-336a6086cca1@group-2E25E48C3F6F-FollowerState] INFO  impl.RoleInfo (RoleInfo.java:updateAndGet(139)) - 29c9a1c1-e3f8-4fe7-8970-336a6086cca1: start 29c9a1c1-e3f8-4fe7-8970-336a6086cca1@group-2E25E48C3F6F-LeaderElection57
2023-03-09 15:02:12,945 [grpc-default-executor-6] INFO  server.RaftServer$Division (RaftServerImpl.java:requestVote(1218)) - c6c2c657-0e93-48b3-a316-4dc30ca2acab@group-77001C9B7D0B: receive requestVote(PRE_VOTE, 126d5446-786c-45f2-bbbe-001b0b6f97a9, group-77001C9B7D0B, 0, (t:0, i:0))
2023-03-09 15:02:12,945 [grpc-default-executor-6] INFO  impl.VoteContext (VoteContext.java:log(49)) - c6c2c657-0e93-48b3-a316-4dc30ca2acab@group-77001C9B7D0B-FOLLOWER: accept PRE_VOTE from 126d5446-786c-45f2-bbbe-001b0b6f97a9: our priority 0 <= candidate's priority 1
2023-03-09 15:02:12,945 [grpc-default-executor-6] INFO  server.RaftServer$Division (RaftServerImpl.java:requestVote(1251)) - c6c2c657-0e93-48b3-a316-4dc30ca2acab@group-77001C9B7D0B replies to PRE_VOTE vote request: 126d5446-786c-45f2-bbbe-001b0b6f97a9<-c6c2c657-0e93-48b3-a316-4dc30ca2acab#0:OK-t0. Peer's state: c6c2c657-0e93-48b3-a316-4dc30ca2acab@group-77001C9B7D0B:t0, leader=null, voted=, raftlog=Memoized:c6c2c657-0e93-48b3-a316-4dc30ca2acab@group-77001C9B7D0B-SegmentedRaftLog:OPENED:c-1, conf=-1: peers:[c6c2c657-0e93-48b3-a316-4dc30ca2acab|rpc:127.0.0.1:45875|dataStream:127.0.0.1:42347|priority:0|startupRole:FOLLOWER, 126d5446-786c-45f2-bbbe-001b0b6f97a9|rpc:127.0.0.1:43541|dataStream:127.0.0.1:41323|priority:1|startupRole:FOLLOWER, 29c9a1c1-e3f8-4fe7-8970-336a6086cca1|rpc:127.0.0.1:41623|dataStream:127.0.0.1:33519|priority:0|startupRole:FOLLOWER]|listeners:[], old=null
2023-03-09 15:02:12,959 [126d5446-786c-45f2-bbbe-001b0b6f97a9@group-77001C9B7D0B-LeaderElection56] INFO  impl.LeaderElection (LeaderElection.java:logAndReturn(90)) - 126d5446-786c-45f2-bbbe-001b0b6f97a9@group-77001C9B7D0B-LeaderElection56: PRE_VOTE PASSED received 1 response(s) and 0 exception(s):
2023-03-09 15:02:12,959 [126d5446-786c-45f2-bbbe-001b0b6f97a9@group-77001C9B7D0B-LeaderElection56] INFO  impl.LeaderElection (LeaderElection.java:logAndReturn(94)) -   Response 0: 126d5446-786c-45f2-bbbe-001b0b6f97a9<-c6c2c657-0e93-48b3-a316-4dc30ca2acab#0:OK-t0
2023-03-09 15:02:12,959 [126d5446-786c-45f2-bbbe-001b0b6f97a9@group-77001C9B7D0B-LeaderElection56] INFO  impl.LeaderElection (LeaderElection.java:askForVotes(314)) - 126d5446-786c-45f2-bbbe-001b0b6f97a9@group-77001C9B7D0B-LeaderElection56 PRE_VOTE round 0: result PASSED
2023-03-09 15:02:12,961 [29c9a1c1-e3f8-4fe7-8970-336a6086cca1@group-2E25E48C3F6F-LeaderElection57] INFO  impl.LeaderElection (LeaderElection.java:askForVotes(312)) - 29c9a1c1-e3f8-4fe7-8970-336a6086cca1@group-2E25E48C3F6F-LeaderElection57 PRE_VOTE round 0: submit vote requests at term 0 for -1: peers:[29c9a1c1-e3f8-4fe7-8970-336a6086cca1|rpc:127.0.0.1:41623|dataStream:127.0.0.1:33519|priority:1|startupRole:FOLLOWER]|listeners:[], old=null
2023-03-09 15:02:12,961 [29c9a1c1-e3f8-4fe7-8970-336a6086cca1@group-2E25E48C3F6F-LeaderElection57] INFO  impl.LeaderElection (LeaderElection.java:askForVotes(314)) - 29c9a1c1-e3f8-4fe7-8970-336a6086cca1@group-2E25E48C3F6F-LeaderElection57 PRE_VOTE round 0: result PASSED (term=0)
2023-03-09 15:02:12,962 [29c9a1c1-e3f8-4fe7-8970-336a6086cca1@group-03D465C8B48A-FollowerState] INFO  impl.FollowerState (FollowerState.java:run(143)) - 29c9a1c1-e3f8-4fe7-8970-336a6086cca1@group-03D465C8B48A-FollowerState: change to CANDIDATE, lastRpcElapsedTime:5056709085ns, electionTimeout:5040ms
2023-03-09 15:02:12,962 [29c9a1c1-e3f8-4fe7-8970-336a6086cca1@group-03D465C8B48A-FollowerState] INFO  impl.RoleInfo (RoleInfo.java:shutdownFollowerState(110)) - 29c9a1c1-e3f8-4fe7-8970-336a6086cca1: shutdown 29c9a1c1-e3f8-4fe7-8970-336a6086cca1@group-03D465C8B48A-FollowerState
2023-03-09 15:02:12,962 [29c9a1c1-e3f8-4fe7-8970-336a6086cca1@group-03D465C8B48A-FollowerState] INFO  server.RaftServer$Division (RaftServerImpl.java:setRole(321)) - 29c9a1c1-e3f8-4fe7-8970-336a6086cca1@group-03D465C8B48A: changes role from  FOLLOWER to CANDIDATE at term 0 for changeToCandidate
2023-03-09 15:02:12,962 [126d5446-786c-45f2-bbbe-001b0b6f97a9@group-77001C9B7D0B-LeaderElection56] INFO  impl.LeaderElection (LeaderElection.java:askForVotes(312)) - 126d5446-786c-45f2-bbbe-001b0b6f97a9@group-77001C9B7D0B-LeaderElection56 ELECTION round 0: submit vote requests at term 1 for -1: peers:[c6c2c657-0e93-48b3-a316-4dc30ca2acab|rpc:127.0.0.1:45875|dataStream:127.0.0.1:42347|priority:0|startupRole:FOLLOWER, 126d5446-786c-45f2-bbbe-001b0b6f97a9|rpc:127.0.0.1:43541|dataStream:127.0.0.1:41323|priority:1|startupRole:FOLLOWER, 29c9a1c1-e3f8-4fe7-8970-336a6086cca1|rpc:127.0.0.1:41623|dataStream:127.0.0.1:33519|priority:0|startupRole:FOLLOWER]|listeners:[], old=null
2023-03-09 15:02:12,962 [29c9a1c1-e3f8-4fe7-8970-336a6086cca1@group-03D465C8B48A-FollowerState] INFO  server.RaftServerConfigKeys (ConfUtils.java:logGet(46)) - raft.server.leaderelection.pre-vote = true (default)
2023-03-09 15:02:12,962 [29c9a1c1-e3f8-4fe7-8970-336a6086cca1@group-03D465C8B48A-FollowerState] INFO  impl.RoleInfo (RoleInfo.java:updateAndGet(139)) - 29c9a1c1-e3f8-4fe7-8970-336a6086cca1: start 29c9a1c1-e3f8-4fe7-8970-336a6086cca1@group-03D465C8B48A-LeaderElection58
2023-03-09 15:02:12,963 [29c9a1c1-e3f8-4fe7-8970-336a6086cca1@group-2E25E48C3F6F-LeaderElection57] INFO  impl.LeaderElection (LeaderElection.java:askForVotes(312)) - 29c9a1c1-e3f8-4fe7-8970-336a6086cca1@group-2E25E48C3F6F-LeaderElection57 ELECTION round 0: submit vote requests at term 1 for -1: peers:[29c9a1c1-e3f8-4fe7-8970-336a6086cca1|rpc:127.0.0.1:41623|dataStream:127.0.0.1:33519|priority:1|startupRole:FOLLOWER]|listeners:[], old=null
2023-03-09 15:02:12,963 [29c9a1c1-e3f8-4fe7-8970-336a6086cca1@group-2E25E48C3F6F-LeaderElection57] INFO  impl.LeaderElection (LeaderElection.java:askForVotes(314)) - 29c9a1c1-e3f8-4fe7-8970-336a6086cca1@group-2E25E48C3F6F-LeaderElection57 ELECTION round 0: result PASSED (term=1)
2023-03-09 15:02:12,963 [29c9a1c1-e3f8-4fe7-8970-336a6086cca1@group-2E25E48C3F6F-LeaderElection57] INFO  impl.RoleInfo (RoleInfo.java:shutdownLeaderElection(130)) - 29c9a1c1-e3f8-4fe7-8970-336a6086cca1: shutdown 29c9a1c1-e3f8-4fe7-8970-336a6086cca1@group-2E25E48C3F6F-LeaderElection57
2023-03-09 15:02:12,963 [29c9a1c1-e3f8-4fe7-8970-336a6086cca1@group-2E25E48C3F6F-LeaderElection57] INFO  server.RaftServer$Division (RaftServerImpl.java:setRole(321)) - 29c9a1c1-e3f8-4fe7-8970-336a6086cca1@group-2E25E48C3F6F: changes role from CANDIDATE to LEADER at term 1 for changeToLeader
2023-03-09 15:02:12,963 [29c9a1c1-e3f8-4fe7-8970-336a6086cca1@group-2E25E48C3F6F-LeaderElection57] INFO  ratis.XceiverServerRatis (XceiverServerRatis.java:handleLeaderChangedNotification(905)) - Leader change notification received for group: group-2E25E48C3F6F with new leaderId: 29c9a1c1-e3f8-4fe7-8970-336a6086cca1
2023-03-09 15:02:12,967 [126d5446-786c-45f2-bbbe-001b0b6f97a9@group-77001C9B7D0B-LeaderElection56] INFO  server.RaftServerConfigKeys (ConfUtils.java:logFallback(53)) - raft.server.rpc.first-election.timeout.min = 5s (fallback to raft.server.rpc.timeout.min)
2023-03-09 15:02:12,967 [126d5446-786c-45f2-bbbe-001b0b6f97a9@group-77001C9B7D0B-LeaderElection56] INFO  server.RaftServerConfigKeys (ConfUtils.java:logFallback(53)) - raft.server.rpc.first-election.timeout.max = 5200ms (fallback to raft.server.rpc.timeout.max)
2023-03-09 15:02:12,968 [29c9a1c1-e3f8-4fe7-8970-336a6086cca1@group-2E25E48C3F6F-LeaderElection57] INFO  server.RaftServer$Division (ServerState.java:setLeader(313)) - 29c9a1c1-e3f8-4fe7-8970-336a6086cca1@group-2E25E48C3F6F: change Leader from null to 29c9a1c1-e3f8-4fe7-8970-336a6086cca1 at term 1 for becomeLeader, leader elected after 5220ms
2023-03-09 15:02:12,968 [29c9a1c1-e3f8-4fe7-8970-336a6086cca1@group-2E25E48C3F6F-LeaderElection57] INFO  server.RaftServerConfigKeys (ConfUtils.java:logGet(46)) - raft.server.staging.catchup.gap = 1000 (default)
2023-03-09 15:02:12,969 [29c9a1c1-e3f8-4fe7-8970-336a6086cca1@group-2E25E48C3F6F-LeaderElection57] INFO  server.RaftServerConfigKeys (ConfUtils.java:logGet(46)) - raft.server.write.element-limit = 1024 (custom)
2023-03-09 15:02:12,969 [29c9a1c1-e3f8-4fe7-8970-336a6086cca1@group-2E25E48C3F6F-LeaderElection57] INFO  server.RaftServerConfigKeys (ConfUtils.java:logGet(46)) - raft.server.write.byte-limit = 1024 M (=1073741824) (custom)
2023-03-09 15:02:12,969 [29c9a1c1-e3f8-4fe7-8970-336a6086cca1@group-2E25E48C3F6F-LeaderElection57] INFO  server.RaftServerConfigKeys (ConfUtils.java:logGet(46)) - raft.server.watch.timeout = 180s (custom)
2023-03-09 15:02:12,969 [29c9a1c1-e3f8-4fe7-8970-336a6086cca1@group-2E25E48C3F6F-LeaderElection57] INFO  server.RaftServerConfigKeys (ConfUtils.java:logGet(46)) - raft.server.watch.timeout.denomination = 1s (default)
2023-03-09 15:02:12,969 [29c9a1c1-e3f8-4fe7-8970-336a6086cca1@group-2E25E48C3F6F-LeaderElection57] INFO  server.RaftServerConfigKeys (ConfUtils.java:logGet(46)) - raft.server.watch.element-limit = 65536 (default)
2023-03-09 15:02:12,969 [29c9a1c1-e3f8-4fe7-8970-336a6086cca1@group-2E25E48C3F6F-LeaderElection57] INFO  server.RaftServerConfigKeys (ConfUtils.java:logGet(46)) - raft.server.write.element-limit = 1024 (custom)
2023-03-09 15:02:12,969 [29c9a1c1-e3f8-4fe7-8970-336a6086cca1@group-2E25E48C3F6F-LeaderElection57] INFO  server.RaftServerConfigKeys (ConfUtils.java:logGet(46)) - raft.server.write.follower.gap.ratio.max = -1.0 (default)
2023-03-09 15:02:12,969 [29c9a1c1-e3f8-4fe7-8970-336a6086cca1@group-2E25E48C3F6F-LeaderElection57] INFO  impl.RoleInfo (RoleInfo.java:updateAndGet(139)) - 29c9a1c1-e3f8-4fe7-8970-336a6086cca1: start 29c9a1c1-e3f8-4fe7-8970-336a6086cca1@group-2E25E48C3F6F-LeaderStateImpl
2023-03-09 15:02:12,969 [29c9a1c1-e3f8-4fe7-8970-336a6086cca1@group-2E25E48C3F6F-LeaderElection57] INFO  segmented.SegmentedRaftLogWorker (SegmentedRaftLogWorker.java:startLogSegment(452)) - 29c9a1c1-e3f8-4fe7-8970-336a6086cca1@group-2E25E48C3F6F-SegmentedRaftLogWorker: Starting segment from index:0
2023-03-09 15:02:12,971 [grpc-default-executor-6] INFO  server.RaftServer$Division (RaftServerImpl.java:requestVote(1218)) - c6c2c657-0e93-48b3-a316-4dc30ca2acab@group-77001C9B7D0B: receive requestVote(ELECTION, 126d5446-786c-45f2-bbbe-001b0b6f97a9, group-77001C9B7D0B, 1, (t:0, i:0))
2023-03-09 15:02:12,971 [29c9a1c1-e3f8-4fe7-8970-336a6086cca1@group-2E25E48C3F6F-SegmentedRaftLogWorker] INFO  segmented.SegmentedRaftLogWorker (SegmentedRaftLogWorker.java:execute(656)) - 29c9a1c1-e3f8-4fe7-8970-336a6086cca1@group-2E25E48C3F6F-SegmentedRaftLogWorker: created new log segment /home/runner/work/ozone/ozone/hadoop-ozone/integration-test/target/test-dir/MiniOzoneClusterImpl-c8dd39f1-89f8-47ca-b8e4-9b0f9f306b89/datanode-0/data/ratis/35e507b4-832e-42fe-9a87-2e25e48c3f6f/current/log_inprogress_0
2023-03-09 15:02:12,971 [grpc-default-executor-6] INFO  impl.VoteContext (VoteContext.java:log(49)) - c6c2c657-0e93-48b3-a316-4dc30ca2acab@group-77001C9B7D0B-FOLLOWER: accept ELECTION from 126d5446-786c-45f2-bbbe-001b0b6f97a9: our priority 0 <= candidate's priority 1
2023-03-09 15:02:12,972 [EventQueue-OpenPipelineForHealthyPipelineSafeModeRule] INFO  safemode.SCMSafeModeManager (HealthyPipelineSafeModeRule.java:process(137)) - SCM in safe mode. Healthy pipelines reported count is 0, required healthy pipeline reported count is 1
2023-03-09 15:02:12,972 [grpc-default-executor-6] INFO  server.RaftServer$Division (RaftServerImpl.java:setRole(321)) - c6c2c657-0e93-48b3-a316-4dc30ca2acab@group-77001C9B7D0B: changes role from  FOLLOWER to FOLLOWER at term 1 for candidate:126d5446-786c-45f2-bbbe-001b0b6f97a9
2023-03-09 15:02:12,972 [grpc-default-executor-6] INFO  impl.RoleInfo (RoleInfo.java:shutdownFollowerState(110)) - c6c2c657-0e93-48b3-a316-4dc30ca2acab: shutdown c6c2c657-0e93-48b3-a316-4dc30ca2acab@group-77001C9B7D0B-FollowerState
2023-03-09 15:02:12,976 [grpc-default-executor-6] INFO  impl.RoleInfo (RoleInfo.java:updateAndGet(139)) - c6c2c657-0e93-48b3-a316-4dc30ca2acab: start c6c2c657-0e93-48b3-a316-4dc30ca2acab@group-77001C9B7D0B-FollowerState
2023-03-09 15:02:12,976 [c6c2c657-0e93-48b3-a316-4dc30ca2acab@group-77001C9B7D0B-FollowerState] INFO  impl.FollowerState (FollowerState.java:run(152)) - c6c2c657-0e93-48b3-a316-4dc30ca2acab@group-77001C9B7D0B-FollowerState was interrupted
2023-03-09 15:02:12,977 [29c9a1c1-e3f8-4fe7-8970-336a6086cca1@group-2E25E48C3F6F-LeaderElection57] INFO  server.RaftServer$Division (ServerState.java:setRaftConf(430)) - 29c9a1c1-e3f8-4fe7-8970-336a6086cca1@group-2E25E48C3F6F: set configuration 0: peers:[29c9a1c1-e3f8-4fe7-8970-336a6086cca1|rpc:127.0.0.1:41623|dataStream:127.0.0.1:33519|priority:1|startupRole:FOLLOWER]|listeners:[], old=null
2023-03-09 15:02:12,979 [grpc-default-executor-6] INFO  server.RaftServer$Division (RaftServerImpl.java:requestVote(1251)) - c6c2c657-0e93-48b3-a316-4dc30ca2acab@group-77001C9B7D0B replies to ELECTION vote request: 126d5446-786c-45f2-bbbe-001b0b6f97a9<-c6c2c657-0e93-48b3-a316-4dc30ca2acab#0:OK-t1. Peer's state: c6c2c657-0e93-48b3-a316-4dc30ca2acab@group-77001C9B7D0B:t1, leader=null, voted=126d5446-786c-45f2-bbbe-001b0b6f97a9, raftlog=Memoized:c6c2c657-0e93-48b3-a316-4dc30ca2acab@group-77001C9B7D0B-SegmentedRaftLog:OPENED:c-1, conf=-1: peers:[c6c2c657-0e93-48b3-a316-4dc30ca2acab|rpc:127.0.0.1:45875|dataStream:127.0.0.1:42347|priority:0|startupRole:FOLLOWER, 126d5446-786c-45f2-bbbe-001b0b6f97a9|rpc:127.0.0.1:43541|dataStream:127.0.0.1:41323|priority:1|startupRole:FOLLOWER, 29c9a1c1-e3f8-4fe7-8970-336a6086cca1|rpc:127.0.0.1:41623|dataStream:127.0.0.1:33519|priority:0|startupRole:FOLLOWER]|listeners:[], old=null
2023-03-09 15:02:12,981 [29c9a1c1-e3f8-4fe7-8970-336a6086cca1@group-03D465C8B48A-LeaderElection58] INFO  impl.LeaderElection (LeaderElection.java:askForVotes(312)) - 29c9a1c1-e3f8-4fe7-8970-336a6086cca1@group-03D465C8B48A-LeaderElection58 PRE_VOTE round 0: submit vote requests at term 0 for -1: peers:[c6c2c657-0e93-48b3-a316-4dc30ca2acab|rpc:127.0.0.1:45875|dataStream:127.0.0.1:42347|priority:1|startupRole:FOLLOWER, 126d5446-786c-45f2-bbbe-001b0b6f97a9|rpc:127.0.0.1:43541|dataStream:127.0.0.1:41323|priority:0|startupRole:FOLLOWER, 29c9a1c1-e3f8-4fe7-8970-336a6086cca1|rpc:127.0.0.1:41623|dataStream:127.0.0.1:33519|priority:0|startupRole:FOLLOWER]|listeners:[], old=null
2023-03-09 15:02:12,982 [29c9a1c1-e3f8-4fe7-8970-336a6086cca1@group-03D465C8B48A-LeaderElection58] INFO  server.RaftServerConfigKeys (ConfUtils.java:logFallback(53)) - raft.server.rpc.first-election.timeout.min = 5s (fallback to raft.server.rpc.timeout.min)
2023-03-09 15:02:12,982 [29c9a1c1-e3f8-4fe7-8970-336a6086cca1@group-03D465C8B48A-LeaderElection58] INFO  server.RaftServerConfigKeys (ConfUtils.java:logFallback(53)) - raft.server.rpc.first-election.timeout.max = 5200ms (fallback to raft.server.rpc.timeout.max)
2023-03-09 15:02:12,986 [c6c2c657-0e93-48b3-a316-4dc30ca2acab@group-77001C9B7D0B-FollowerState] INFO  server.RaftServerConfigKeys (ConfUtils.java:logFallback(53)) - raft.server.rpc.first-election.timeout.min = 5s (fallback to raft.server.rpc.timeout.min)
2023-03-09 15:02:12,986 [c6c2c657-0e93-48b3-a316-4dc30ca2acab@group-77001C9B7D0B-FollowerState] INFO  server.RaftServerConfigKeys (ConfUtils.java:logFallback(53)) - raft.server.rpc.first-election.timeout.max = 5200ms (fallback to raft.server.rpc.timeout.max)
2023-03-09 15:02:12,990 [126d5446-786c-45f2-bbbe-001b0b6f97a9@group-77001C9B7D0B-LeaderElection56] INFO  impl.LeaderElection (LeaderElection.java:logAndReturn(90)) - 126d5446-786c-45f2-bbbe-001b0b6f97a9@group-77001C9B7D0B-LeaderElection56: ELECTION PASSED received 1 response(s) and 0 exception(s):
2023-03-09 15:02:12,991 [126d5446-786c-45f2-bbbe-001b0b6f97a9@group-77001C9B7D0B-LeaderElection56] INFO  impl.LeaderElection (LeaderElection.java:logAndReturn(94)) -   Response 0: 126d5446-786c-45f2-bbbe-001b0b6f97a9<-c6c2c657-0e93-48b3-a316-4dc30ca2acab#0:OK-t1
2023-03-09 15:02:12,991 [126d5446-786c-45f2-bbbe-001b0b6f97a9@group-77001C9B7D0B-LeaderElection56] INFO  impl.LeaderElection (LeaderElection.java:askForVotes(314)) - 126d5446-786c-45f2-bbbe-001b0b6f97a9@group-77001C9B7D0B-LeaderElection56 ELECTION round 0: result PASSED
2023-03-09 15:02:12,991 [126d5446-786c-45f2-bbbe-001b0b6f97a9@group-77001C9B7D0B-LeaderElection56] INFO  impl.RoleInfo (RoleInfo.java:shutdownLeaderElection(130)) - 126d5446-786c-45f2-bbbe-001b0b6f97a9: shutdown 126d5446-786c-45f2-bbbe-001b0b6f97a9@group-77001C9B7D0B-LeaderElection56
2023-03-09 15:02:12,991 [126d5446-786c-45f2-bbbe-001b0b6f97a9@group-77001C9B7D0B-LeaderElection56] INFO  server.RaftServer$Division (RaftServerImpl.java:setRole(321)) - 126d5446-786c-45f2-bbbe-001b0b6f97a9@group-77001C9B7D0B: changes role from CANDIDATE to LEADER at term 1 for changeToLeader
2023-03-09 15:02:12,991 [grpc-default-executor-6] INFO  server.RaftServer$Division (RaftServerImpl.java:requestVote(1218)) - c6c2c657-0e93-48b3-a316-4dc30ca2acab@group-03D465C8B48A: receive requestVote(PRE_VOTE, 29c9a1c1-e3f8-4fe7-8970-336a6086cca1, group-03D465C8B48A, 0, (t:0, i:0))
2023-03-09 15:02:12,991 [grpc-default-executor-6] INFO  impl.VoteContext (VoteContext.java:log(49)) - c6c2c657-0e93-48b3-a316-4dc30ca2acab@group-03D465C8B48A-FOLLOWER: reject PRE_VOTE from 29c9a1c1-e3f8-4fe7-8970-336a6086cca1: our priority 1 > candidate's priority 0
2023-03-09 15:02:12,991 [grpc-default-executor-6] INFO  server.RaftServer$Division (RaftServerImpl.java:requestVote(1251)) - c6c2c657-0e93-48b3-a316-4dc30ca2acab@group-03D465C8B48A replies to PRE_VOTE vote request: 29c9a1c1-e3f8-4fe7-8970-336a6086cca1<-c6c2c657-0e93-48b3-a316-4dc30ca2acab#0:FAIL-t0. Peer's state: c6c2c657-0e93-48b3-a316-4dc30ca2acab@group-03D465C8B48A:t0, leader=null, voted=, raftlog=Memoized:c6c2c657-0e93-48b3-a316-4dc30ca2acab@group-03D465C8B48A-SegmentedRaftLog:OPENED:c-1, conf=-1: peers:[c6c2c657-0e93-48b3-a316-4dc30ca2acab|rpc:127.0.0.1:45875|dataStream:127.0.0.1:42347|priority:1|startupRole:FOLLOWER, 126d5446-786c-45f2-bbbe-001b0b6f97a9|rpc:127.0.0.1:43541|dataStream:127.0.0.1:41323|priority:0|startupRole:FOLLOWER, 29c9a1c1-e3f8-4fe7-8970-336a6086cca1|rpc:127.0.0.1:41623|dataStream:127.0.0.1:33519|priority:0|startupRole:FOLLOWER]|listeners:[], old=null
2023-03-09 15:02:12,991 [126d5446-786c-45f2-bbbe-001b0b6f97a9@group-77001C9B7D0B-LeaderElection56] INFO  ratis.XceiverServerRatis (XceiverServerRatis.java:handleLeaderChangedNotification(905)) - Leader change notification received for group: group-77001C9B7D0B with new leaderId: 126d5446-786c-45f2-bbbe-001b0b6f97a9
2023-03-09 15:02:12,992 [126d5446-786c-45f2-bbbe-001b0b6f97a9@group-77001C9B7D0B-LeaderElection56] INFO  server.RaftServer$Division (ServerState.java:setLeader(313)) - 126d5446-786c-45f2-bbbe-001b0b6f97a9@group-77001C9B7D0B: change Leader from null to 126d5446-786c-45f2-bbbe-001b0b6f97a9 at term 1 for becomeLeader, leader elected after 5191ms
2023-03-09 15:02:12,992 [126d5446-786c-45f2-bbbe-001b0b6f97a9@group-77001C9B7D0B-LeaderElection56] INFO  server.RaftServerConfigKeys (ConfUtils.java:logGet(46)) - raft.server.staging.catchup.gap = 1000 (default)
2023-03-09 15:02:12,992 [126d5446-786c-45f2-bbbe-001b0b6f97a9@group-77001C9B7D0B-LeaderElection56] INFO  server.RaftServerConfigKeys (ConfUtils.java:logGet(46)) - raft.server.write.element-limit = 1024 (custom)
2023-03-09 15:02:12,992 [126d5446-786c-45f2-bbbe-001b0b6f97a9@group-77001C9B7D0B-LeaderElection56] INFO  server.RaftServerConfigKeys (ConfUtils.java:logGet(46)) - raft.server.write.byte-limit = 1024 M (=1073741824) (custom)
2023-03-09 15:02:12,992 [126d5446-786c-45f2-bbbe-001b0b6f97a9@group-77001C9B7D0B-LeaderElection56] INFO  server.RaftServerConfigKeys (ConfUtils.java:logGet(46)) - raft.server.watch.timeout = 180s (custom)
2023-03-09 15:02:12,992 [126d5446-786c-45f2-bbbe-001b0b6f97a9@group-77001C9B7D0B-LeaderElection56] INFO  server.RaftServerConfigKeys (ConfUtils.java:logGet(46)) - raft.server.watch.timeout.denomination = 1s (default)
2023-03-09 15:02:12,992 [126d5446-786c-45f2-bbbe-001b0b6f97a9@group-77001C9B7D0B-LeaderElection56] INFO  server.RaftServerConfigKeys (ConfUtils.java:logGet(46)) - raft.server.watch.element-limit = 65536 (default)
2023-03-09 15:02:12,992 [126d5446-786c-45f2-bbbe-001b0b6f97a9@group-77001C9B7D0B-LeaderElection56] INFO  server.RaftServerConfigKeys (ConfUtils.java:logGet(46)) - raft.server.write.element-limit = 1024 (custom)
2023-03-09 15:02:12,993 [126d5446-786c-45f2-bbbe-001b0b6f97a9@group-77001C9B7D0B-LeaderElection56] INFO  server.RaftServerConfigKeys (ConfUtils.java:logGet(46)) - raft.server.write.follower.gap.ratio.max = -1.0 (default)
2023-03-09 15:02:12,993 [126d5446-786c-45f2-bbbe-001b0b6f97a9@group-77001C9B7D0B-LeaderElection56] INFO  server.RaftServerConfigKeys (ConfUtils.java:logGet(46)) - raft.server.log.appender.snapshot.chunk.size.max = 16MB (=16777216) (default)
2023-03-09 15:02:12,993 [126d5446-786c-45f2-bbbe-001b0b6f97a9@group-77001C9B7D0B-LeaderElection56] INFO  server.RaftServerConfigKeys (ConfUtils.java:logGet(46)) - raft.server.log.appender.buffer.byte-limit = 33554432 (custom)
2023-03-09 15:02:12,993 [126d5446-786c-45f2-bbbe-001b0b6f97a9@group-77001C9B7D0B-LeaderElection56] INFO  server.RaftServerConfigKeys (ConfUtils.java:logGet(46)) - raft.server.log.appender.buffer.element-limit = 1 (custom)
2023-03-09 15:02:12,993 [126d5446-786c-45f2-bbbe-001b0b6f97a9@group-77001C9B7D0B-LeaderElection56] INFO  grpc.GrpcConfigKeys (ConfUtils.java:logGet(46)) - raft.grpc.server.leader.outstanding.appends.max = 128 (default)
2023-03-09 15:02:12,994 [126d5446-786c-45f2-bbbe-001b0b6f97a9@group-77001C9B7D0B-LeaderElection56] INFO  server.RaftServerConfigKeys (ConfUtils.java:logGet(46)) - raft.server.rpc.request.timeout = 60s (custom)
2023-03-09 15:02:12,994 [126d5446-786c-45f2-bbbe-001b0b6f97a9@group-77001C9B7D0B-LeaderElection56] INFO  server.RaftServerConfigKeys (ConfUtils.java:logGet(46)) - raft.server.log.appender.install.snapshot.enabled = false (custom)
2023-03-09 15:02:12,994 [126d5446-786c-45f2-bbbe-001b0b6f97a9@group-77001C9B7D0B-LeaderElection56] INFO  grpc.GrpcConfigKeys (ConfUtils.java:logGet(46)) - raft.grpc.server.heartbeat.channel = true (default)
2023-03-09 15:02:12,994 [126d5446-786c-45f2-bbbe-001b0b6f97a9@group-77001C9B7D0B-LeaderElection56] INFO  server.RaftServerConfigKeys (ConfUtils.java:logGet(46)) - raft.server.log.appender.wait-time.min = 10ms (default)
2023-03-09 15:02:13,000 [EventQueue-PipelineReportForPipelineReportHandler] INFO  pipeline.PipelineManagerImpl (PipelineManagerImpl.java:openPipeline(367)) - Pipeline Pipeline[ Id: e3ed6265-74c6-4924-a525-77001c9b7d0b, Nodes: 126d5446-786c-45f2-bbbe-001b0b6f97a9(localhost/127.0.0.1)29c9a1c1-e3f8-4fe7-8970-336a6086cca1(localhost/127.0.0.1)c6c2c657-0e93-48b3-a316-4dc30ca2acab(localhost/127.0.0.1), ReplicationConfig: RATIS/THREE, State:ALLOCATED, leaderId:126d5446-786c-45f2-bbbe-001b0b6f97a9, CreationTimestamp2023-03-09T15:02:05.537Z[Etc/UTC]] moved to OPEN state
2023-03-09 15:02:13,000 [126d5446-786c-45f2-bbbe-001b0b6f97a9@group-77001C9B7D0B-LeaderElection56] INFO  server.RaftServerConfigKeys (ConfUtils.java:logGet(46)) - raft.server.log.appender.snapshot.chunk.size.max = 16MB (=16777216) (default)
2023-03-09 15:02:13,000 [126d5446-786c-45f2-bbbe-001b0b6f97a9@group-77001C9B7D0B-LeaderElection56] INFO  server.RaftServerConfigKeys (ConfUtils.java:logGet(46)) - raft.server.log.appender.buffer.byte-limit = 33554432 (custom)
2023-03-09 15:02:13,000 [EventQueue-OpenPipelineForHealthyPipelineSafeModeRule] INFO  safemode.SCMSafeModeManager (HealthyPipelineSafeModeRule.java:process(137)) - SCM in safe mode. Healthy pipelines reported count is 0, required healthy pipeline reported count is 1
2023-03-09 15:02:13,000 [126d5446-786c-45f2-bbbe-001b0b6f97a9@group-77001C9B7D0B-LeaderElection56] INFO  server.RaftServerConfigKeys (ConfUtils.java:logGet(46)) - raft.server.log.appender.buffer.element-limit = 1 (custom)
2023-03-09 15:02:13,002 [126d5446-786c-45f2-bbbe-001b0b6f97a9@group-77001C9B7D0B-LeaderElection56] INFO  grpc.GrpcConfigKeys (ConfUtils.java:logGet(46)) - raft.grpc.server.leader.outstanding.appends.max = 128 (default)
2023-03-09 15:02:13,002 [126d5446-786c-45f2-bbbe-001b0b6f97a9@group-77001C9B7D0B-LeaderElection56] INFO  server.RaftServerConfigKeys (ConfUtils.java:logGet(46)) - raft.server.rpc.request.timeout = 60s (custom)
2023-03-09 15:02:13,002 [126d5446-786c-45f2-bbbe-001b0b6f97a9@group-77001C9B7D0B-LeaderElection56] INFO  server.RaftServerConfigKeys (ConfUtils.java:logGet(46)) - raft.server.log.appender.install.snapshot.enabled = false (custom)
2023-03-09 15:02:13,002 [126d5446-786c-45f2-bbbe-001b0b6f97a9@group-77001C9B7D0B-LeaderElection56] INFO  grpc.GrpcConfigKeys (ConfUtils.java:logGet(46)) - raft.grpc.server.heartbeat.channel = true (default)
2023-03-09 15:02:13,002 [126d5446-786c-45f2-bbbe-001b0b6f97a9@group-77001C9B7D0B-LeaderElection56] INFO  server.RaftServerConfigKeys (ConfUtils.java:logGet(46)) - raft.server.log.appender.wait-time.min = 10ms (default)
2023-03-09 15:02:13,002 [126d5446-786c-45f2-bbbe-001b0b6f97a9@group-77001C9B7D0B-LeaderElection56] INFO  impl.RoleInfo (RoleInfo.java:updateAndGet(139)) - 126d5446-786c-45f2-bbbe-001b0b6f97a9: start 126d5446-786c-45f2-bbbe-001b0b6f97a9@group-77001C9B7D0B-LeaderStateImpl
2023-03-09 15:02:13,002 [9c2c9161-baeb-4919-a38f-0ea4e5b0accf@group-9B0F9F306B89-StateMachineUpdater] INFO  safemode.HealthyPipelineSafeModeRule (HealthyPipelineSafeModeRule.java:initializeRule(165)) - Refreshed total pipeline count is 1, healthy pipeline threshold count is 1
2023-03-09 15:02:13,002 [126d5446-786c-45f2-bbbe-001b0b6f97a9@group-77001C9B7D0B-LeaderElection56] INFO  segmented.SegmentedRaftLogWorker (SegmentedRaftLogWorker.java:startLogSegment(452)) - 126d5446-786c-45f2-bbbe-001b0b6f97a9@group-77001C9B7D0B-SegmentedRaftLogWorker: Starting segment from index:0
2023-03-09 15:02:13,001 [29c9a1c1-e3f8-4fe7-8970-336a6086cca1@group-03D465C8B48A-LeaderElection58] INFO  impl.LeaderElection (LeaderElection.java:logAndReturn(90)) - 29c9a1c1-e3f8-4fe7-8970-336a6086cca1@group-03D465C8B48A-LeaderElection58: PRE_VOTE REJECTED received 1 response(s) and 0 exception(s):
2023-03-09 15:02:13,004 [29c9a1c1-e3f8-4fe7-8970-336a6086cca1@group-03D465C8B48A-LeaderElection58] INFO  impl.LeaderElection (LeaderElection.java:logAndReturn(94)) -   Response 0: 29c9a1c1-e3f8-4fe7-8970-336a6086cca1<-c6c2c657-0e93-48b3-a316-4dc30ca2acab#0:FAIL-t0
2023-03-09 15:02:13,001 [grpc-default-executor-12] INFO  server.RaftServer$Division (RaftServerImpl.java:requestVote(1218)) - 29c9a1c1-e3f8-4fe7-8970-336a6086cca1@group-77001C9B7D0B: receive requestVote(ELECTION, 126d5446-786c-45f2-bbbe-001b0b6f97a9, group-77001C9B7D0B, 1, (t:0, i:0))
2023-03-09 15:02:13,004 [grpc-default-executor-12] INFO  impl.VoteContext (VoteContext.java:log(49)) - 29c9a1c1-e3f8-4fe7-8970-336a6086cca1@group-77001C9B7D0B-FOLLOWER: accept ELECTION from 126d5446-786c-45f2-bbbe-001b0b6f97a9: our priority 0 <= candidate's priority 1
2023-03-09 15:02:13,004 [29c9a1c1-e3f8-4fe7-8970-336a6086cca1@group-03D465C8B48A-LeaderElection58] INFO  impl.LeaderElection (LeaderElection.java:askForVotes(314)) - 29c9a1c1-e3f8-4fe7-8970-336a6086cca1@group-03D465C8B48A-LeaderElection58 PRE_VOTE round 0: result REJECTED
2023-03-09 15:02:13,004 [29c9a1c1-e3f8-4fe7-8970-336a6086cca1@group-03D465C8B48A-LeaderElection58] INFO  server.RaftServer$Division (RaftServerImpl.java:setRole(321)) - 29c9a1c1-e3f8-4fe7-8970-336a6086cca1@group-03D465C8B48A: changes role from CANDIDATE to FOLLOWER at term 0 for REJECTED
2023-03-09 15:02:13,004 [29c9a1c1-e3f8-4fe7-8970-336a6086cca1@group-03D465C8B48A-LeaderElection58] INFO  impl.RoleInfo (RoleInfo.java:shutdownLeaderElection(130)) - 29c9a1c1-e3f8-4fe7-8970-336a6086cca1: shutdown 29c9a1c1-e3f8-4fe7-8970-336a6086cca1@group-03D465C8B48A-LeaderElection58
2023-03-09 15:02:13,004 [grpc-default-executor-11] INFO  server.RaftServer$Division (RaftServerImpl.java:requestVote(1218)) - 126d5446-786c-45f2-bbbe-001b0b6f97a9@group-03D465C8B48A: receive requestVote(PRE_VOTE, 29c9a1c1-e3f8-4fe7-8970-336a6086cca1, group-03D465C8B48A, 0, (t:0, i:0))
2023-03-09 15:02:13,004 [29c9a1c1-e3f8-4fe7-8970-336a6086cca1@group-03D465C8B48A-LeaderElection58] INFO  impl.RoleInfo (RoleInfo.java:updateAndGet(139)) - 29c9a1c1-e3f8-4fe7-8970-336a6086cca1: start 29c9a1c1-e3f8-4fe7-8970-336a6086cca1@group-03D465C8B48A-FollowerState
2023-03-09 15:02:13,004 [grpc-default-executor-6] INFO  server.RaftServer$Division (RaftServerImpl.java:requestVote(1218)) - 29c9a1c1-e3f8-4fe7-8970-336a6086cca1@group-77001C9B7D0B: receive requestVote(PRE_VOTE, 126d5446-786c-45f2-bbbe-001b0b6f97a9, group-77001C9B7D0B, 0, (t:0, i:0))
2023-03-09 15:02:13,004 [grpc-default-executor-12] INFO  server.RaftServer$Division (RaftServerImpl.java:setRole(321)) - 29c9a1c1-e3f8-4fe7-8970-336a6086cca1@group-77001C9B7D0B: changes role from  FOLLOWER to FOLLOWER at term 1 for candidate:126d5446-786c-45f2-bbbe-001b0b6f97a9
2023-03-09 15:02:13,005 [grpc-default-executor-12] INFO  impl.RoleInfo (RoleInfo.java:shutdownFollowerState(110)) - 29c9a1c1-e3f8-4fe7-8970-336a6086cca1: shutdown 29c9a1c1-e3f8-4fe7-8970-336a6086cca1@group-77001C9B7D0B-FollowerState
2023-03-09 15:02:13,004 [grpc-default-executor-11] INFO  impl.VoteContext (VoteContext.java:log(49)) - 126d5446-786c-45f2-bbbe-001b0b6f97a9@group-03D465C8B48A-FOLLOWER: accept PRE_VOTE from 29c9a1c1-e3f8-4fe7-8970-336a6086cca1: our priority 0 <= candidate's priority 0
2023-03-09 15:02:13,005 [grpc-default-executor-11] INFO  server.RaftServer$Division (RaftServerImpl.java:requestVote(1251)) - 126d5446-786c-45f2-bbbe-001b0b6f97a9@group-03D465C8B48A replies to PRE_VOTE vote request: 29c9a1c1-e3f8-4fe7-8970-336a6086cca1<-126d5446-786c-45f2-bbbe-001b0b6f97a9#0:OK-t0. Peer's state: 126d5446-786c-45f2-bbbe-001b0b6f97a9@group-03D465C8B48A:t0, leader=null, voted=, raftlog=Memoized:126d5446-786c-45f2-bbbe-001b0b6f97a9@group-03D465C8B48A-SegmentedRaftLog:OPENED:c-1, conf=-1: peers:[c6c2c657-0e93-48b3-a316-4dc30ca2acab|rpc:127.0.0.1:45875|dataStream:127.0.0.1:42347|priority:1|startupRole:FOLLOWER, 126d5446-786c-45f2-bbbe-001b0b6f97a9|rpc:127.0.0.1:43541|dataStream:127.0.0.1:41323|priority:0|startupRole:FOLLOWER, 29c9a1c1-e3f8-4fe7-8970-336a6086cca1|rpc:127.0.0.1:41623|dataStream:127.0.0.1:33519|priority:0|startupRole:FOLLOWER]|listeners:[], old=null
2023-03-09 15:02:13,006 [126d5446-786c-45f2-bbbe-001b0b6f97a9@group-77001C9B7D0B-SegmentedRaftLogWorker] INFO  segmented.SegmentedRaftLogWorker (SegmentedRaftLogWorker.java:execute(656)) - 126d5446-786c-45f2-bbbe-001b0b6f97a9@group-77001C9B7D0B-SegmentedRaftLogWorker: created new log segment /home/runner/work/ozone/ozone/hadoop-ozone/integration-test/target/test-dir/MiniOzoneClusterImpl-c8dd39f1-89f8-47ca-b8e4-9b0f9f306b89/datanode-2/data/ratis/e3ed6265-74c6-4924-a525-77001c9b7d0b/current/log_inprogress_0
2023-03-09 15:02:13,006 [EventQueue-OpenPipelineForHealthyPipelineSafeModeRule] INFO  safemode.SCMSafeModeManager (HealthyPipelineSafeModeRule.java:process(137)) - SCM in safe mode. Healthy pipelines reported count is 1, required healthy pipeline reported count is 1
2023-03-09 15:02:13,007 [EventQueue-OpenPipelineForHealthyPipelineSafeModeRule] INFO  safemode.SCMSafeModeManager (SCMSafeModeManager.java:validateSafeModeExitRules(200)) - HealthyPipelineSafeModeRule rule is successfully validated
2023-03-09 15:02:13,007 [EventQueue-OpenPipelineForHealthyPipelineSafeModeRule] INFO  safemode.SCMSafeModeManager (SCMSafeModeManager.java:validateSafeModeExitRules(215)) - ScmSafeModeManager, all rules are successfully validated
2023-03-09 15:02:13,007 [EventQueue-OpenPipelineForHealthyPipelineSafeModeRule] INFO  safemode.SCMSafeModeManager (SCMSafeModeManager.java:exitSafeMode(244)) - SCM exiting safe mode.
2023-03-09 15:02:13,007 [EventQueue-OpenPipelineForHealthyPipelineSafeModeRule] INFO  ha.SCMContext (SCMContext.java:updateSafeModeStatus(228)) - Update SafeModeStatus from SafeModeStatus{safeModeStatus=true, preCheckPassed=true} to SafeModeStatus{safeModeStatus=false, preCheckPassed=true}.
2023-03-09 15:02:13,007 [EventQueue-OpenPipelineForHealthyPipelineSafeModeRule] INFO  BackgroundPipelineScrubber (BackgroundSCMService.java:notifyStatusChanged(82)) - Service BackgroundPipelineScrubber transitions to RUNNING.
2023-03-09 15:02:13,007 [EventQueue-OpenPipelineForHealthyPipelineSafeModeRule] INFO  ExpiredContainerReplicaOpScrubber (BackgroundSCMService.java:notifyStatusChanged(82)) - Service ExpiredContainerReplicaOpScrubber transitions to RUNNING.
2023-03-09 15:02:13,007 [EventQueue-OpenPipelineForHealthyPipelineSafeModeRule] INFO  replication.ReplicationManager (ReplicationManager.java:notifyStatusChanged(1085)) - Service ReplicationManager transitions to RUNNING.
2023-03-09 15:02:13,007 [EventQueue-OpenPipelineForHealthyPipelineSafeModeRule] WARN  balancer.ContainerBalancer (ContainerBalancer.java:shouldRun(131)) - Could not find persisted configuration for ContainerBalancer when checking if ContainerBalancer should run. ContainerBalancer should not run now.
2023-03-09 15:02:13,008 [29c9a1c1-e3f8-4fe7-8970-336a6086cca1@group-03D465C8B48A-FollowerState] INFO  server.RaftServerConfigKeys (ConfUtils.java:logFallback(53)) - raft.server.rpc.first-election.timeout.min = 5s (fallback to raft.server.rpc.timeout.min)
2023-03-09 15:02:13,008 [29c9a1c1-e3f8-4fe7-8970-336a6086cca1@group-03D465C8B48A-FollowerState] INFO  server.RaftServerConfigKeys (ConfUtils.java:logFallback(53)) - raft.server.rpc.first-election.timeout.max = 5200ms (fallback to raft.server.rpc.timeout.max)
2023-03-09 15:02:13,014 [grpc-default-executor-12] INFO  impl.RoleInfo (RoleInfo.java:updateAndGet(139)) - 29c9a1c1-e3f8-4fe7-8970-336a6086cca1: start 29c9a1c1-e3f8-4fe7-8970-336a6086cca1@group-77001C9B7D0B-FollowerState
2023-03-09 15:02:13,015 [29c9a1c1-e3f8-4fe7-8970-336a6086cca1@group-77001C9B7D0B-FollowerState] INFO  impl.FollowerState (FollowerState.java:run(152)) - 29c9a1c1-e3f8-4fe7-8970-336a6086cca1@group-77001C9B7D0B-FollowerState was interrupted
2023-03-09 15:02:13,023 [126d5446-786c-45f2-bbbe-001b0b6f97a9@group-77001C9B7D0B-LeaderElection56] INFO  server.RaftServer$Division (ServerState.java:setRaftConf(430)) - 126d5446-786c-45f2-bbbe-001b0b6f97a9@group-77001C9B7D0B: set configuration 0: peers:[c6c2c657-0e93-48b3-a316-4dc30ca2acab|rpc:127.0.0.1:45875|dataStream:127.0.0.1:42347|priority:0|startupRole:FOLLOWER, 126d5446-786c-45f2-bbbe-001b0b6f97a9|rpc:127.0.0.1:43541|dataStream:127.0.0.1:41323|priority:1|startupRole:FOLLOWER, 29c9a1c1-e3f8-4fe7-8970-336a6086cca1|rpc:127.0.0.1:41623|dataStream:127.0.0.1:33519|priority:0|startupRole:FOLLOWER]|listeners:[], old=null
2023-03-09 15:02:13,025 [grpc-default-executor-12] INFO  server.RaftServer$Division (RaftServerImpl.java:requestVote(1251)) - 29c9a1c1-e3f8-4fe7-8970-336a6086cca1@group-77001C9B7D0B replies to ELECTION vote request: 126d5446-786c-45f2-bbbe-001b0b6f97a9<-29c9a1c1-e3f8-4fe7-8970-336a6086cca1#0:OK-t1. Peer's state: 29c9a1c1-e3f8-4fe7-8970-336a6086cca1@group-77001C9B7D0B:t1, leader=null, voted=126d5446-786c-45f2-bbbe-001b0b6f97a9, raftlog=Memoized:29c9a1c1-e3f8-4fe7-8970-336a6086cca1@group-77001C9B7D0B-SegmentedRaftLog:OPENED:c-1, conf=-1: peers:[c6c2c657-0e93-48b3-a316-4dc30ca2acab|rpc:127.0.0.1:45875|dataStream:127.0.0.1:42347|priority:0|startupRole:FOLLOWER, 126d5446-786c-45f2-bbbe-001b0b6f97a9|rpc:127.0.0.1:43541|dataStream:127.0.0.1:41323|priority:1|startupRole:FOLLOWER, 29c9a1c1-e3f8-4fe7-8970-336a6086cca1|rpc:127.0.0.1:41623|dataStream:127.0.0.1:33519|priority:0|startupRole:FOLLOWER]|listeners:[], old=null
2023-03-09 15:02:13,026 [grpc-default-executor-6] INFO  impl.VoteContext (VoteContext.java:log(49)) - 29c9a1c1-e3f8-4fe7-8970-336a6086cca1@group-77001C9B7D0B-FOLLOWER: accept PRE_VOTE from 126d5446-786c-45f2-bbbe-001b0b6f97a9: our priority 0 <= candidate's priority 1
2023-03-09 15:02:13,026 [grpc-default-executor-6] INFO  server.RaftServer$Division (RaftServerImpl.java:requestVote(1251)) - 29c9a1c1-e3f8-4fe7-8970-336a6086cca1@group-77001C9B7D0B replies to PRE_VOTE vote request: 126d5446-786c-45f2-bbbe-001b0b6f97a9<-29c9a1c1-e3f8-4fe7-8970-336a6086cca1#0:OK-t1. Peer's state: 29c9a1c1-e3f8-4fe7-8970-336a6086cca1@group-77001C9B7D0B:t1, leader=null, voted=126d5446-786c-45f2-bbbe-001b0b6f97a9, raftlog=Memoized:29c9a1c1-e3f8-4fe7-8970-336a6086cca1@group-77001C9B7D0B-SegmentedRaftLog:OPENED:c-1, conf=-1: peers:[c6c2c657-0e93-48b3-a316-4dc30ca2acab|rpc:127.0.0.1:45875|dataStream:127.0.0.1:42347|priority:0|startupRole:FOLLOWER, 126d5446-786c-45f2-bbbe-001b0b6f97a9|rpc:127.0.0.1:43541|dataStream:127.0.0.1:41323|priority:1|startupRole:FOLLOWER, 29c9a1c1-e3f8-4fe7-8970-336a6086cca1|rpc:127.0.0.1:41623|dataStream:127.0.0.1:33519|priority:0|startupRole:FOLLOWER]|listeners:[], old=null
2023-03-09 15:02:13,026 [29c9a1c1-e3f8-4fe7-8970-336a6086cca1@group-77001C9B7D0B-FollowerState] INFO  server.RaftServerConfigKeys (ConfUtils.java:logFallback(53)) - raft.server.rpc.first-election.timeout.min = 5s (fallback to raft.server.rpc.timeout.min)
2023-03-09 15:02:13,027 [29c9a1c1-e3f8-4fe7-8970-336a6086cca1@group-77001C9B7D0B-FollowerState] INFO  server.RaftServerConfigKeys (ConfUtils.java:logFallback(53)) - raft.server.rpc.first-election.timeout.max = 5200ms (fallback to raft.server.rpc.timeout.max)
2023-03-09 15:02:13,040 [c6c2c657-0e93-48b3-a316-4dc30ca2acab-server-thread1] INFO  ratis.XceiverServerRatis (XceiverServerRatis.java:handleLeaderChangedNotification(905)) - Leader change notification received for group: group-77001C9B7D0B with new leaderId: 126d5446-786c-45f2-bbbe-001b0b6f97a9
2023-03-09 15:02:13,040 [c6c2c657-0e93-48b3-a316-4dc30ca2acab-server-thread1] INFO  server.RaftServer$Division (ServerState.java:setLeader(313)) - c6c2c657-0e93-48b3-a316-4dc30ca2acab@group-77001C9B7D0B: change Leader from null to 126d5446-786c-45f2-bbbe-001b0b6f97a9 at term 1 for appendEntries, leader elected after 5196ms
2023-03-09 15:02:13,041 [29c9a1c1-e3f8-4fe7-8970-336a6086cca1-server-thread1] INFO  ratis.XceiverServerRatis (XceiverServerRatis.java:handleLeaderChangedNotification(905)) - Leader change notification received for group: group-77001C9B7D0B with new leaderId: 126d5446-786c-45f2-bbbe-001b0b6f97a9
2023-03-09 15:02:13,041 [29c9a1c1-e3f8-4fe7-8970-336a6086cca1-server-thread1] INFO  server.RaftServer$Division (ServerState.java:setLeader(313)) - 29c9a1c1-e3f8-4fe7-8970-336a6086cca1@group-77001C9B7D0B: change Leader from null to 126d5446-786c-45f2-bbbe-001b0b6f97a9 at term 1 for appendEntries, leader elected after 5271ms
2023-03-09 15:02:13,051 [c6c2c657-0e93-48b3-a316-4dc30ca2acab-server-thread2] INFO  server.RaftServer$Division (ServerState.java:setRaftConf(430)) - c6c2c657-0e93-48b3-a316-4dc30ca2acab@group-77001C9B7D0B: set configuration 0: peers:[c6c2c657-0e93-48b3-a316-4dc30ca2acab|rpc:127.0.0.1:45875|dataStream:127.0.0.1:42347|priority:0|startupRole:FOLLOWER, 126d5446-786c-45f2-bbbe-001b0b6f97a9|rpc:127.0.0.1:43541|dataStream:127.0.0.1:41323|priority:1|startupRole:FOLLOWER, 29c9a1c1-e3f8-4fe7-8970-336a6086cca1|rpc:127.0.0.1:41623|dataStream:127.0.0.1:33519|priority:0|startupRole:FOLLOWER]|listeners:[], old=null
2023-03-09 15:02:13,051 [c6c2c657-0e93-48b3-a316-4dc30ca2acab-server-thread2] INFO  segmented.SegmentedRaftLogWorker (SegmentedRaftLogWorker.java:startLogSegment(452)) - c6c2c657-0e93-48b3-a316-4dc30ca2acab@group-77001C9B7D0B-SegmentedRaftLogWorker: Starting segment from index:0
2023-03-09 15:02:13,053 [c6c2c657-0e93-48b3-a316-4dc30ca2acab@group-77001C9B7D0B-SegmentedRaftLogWorker] INFO  segmented.SegmentedRaftLogWorker (SegmentedRaftLogWorker.java:execute(656)) - c6c2c657-0e93-48b3-a316-4dc30ca2acab@group-77001C9B7D0B-SegmentedRaftLogWorker: created new log segment /home/runner/work/ozone/ozone/hadoop-ozone/integration-test/target/test-dir/MiniOzoneClusterImpl-c8dd39f1-89f8-47ca-b8e4-9b0f9f306b89/datanode-1/data/ratis/e3ed6265-74c6-4924-a525-77001c9b7d0b/current/log_inprogress_0
2023-03-09 15:02:13,055 [126d5446-786c-45f2-bbbe-001b0b6f97a9@group-03D465C8B48A-FollowerState] INFO  server.RaftServerConfigKeys (ConfUtils.java:logFallback(53)) - raft.server.rpc.first-election.timeout.min = 5s (fallback to raft.server.rpc.timeout.min)
2023-03-09 15:02:13,055 [126d5446-786c-45f2-bbbe-001b0b6f97a9@group-03D465C8B48A-FollowerState] INFO  server.RaftServerConfigKeys (ConfUtils.java:logFallback(53)) - raft.server.rpc.first-election.timeout.max = 5200ms (fallback to raft.server.rpc.timeout.max)
2023-03-09 15:02:13,056 [29c9a1c1-e3f8-4fe7-8970-336a6086cca1-server-thread1] INFO  server.RaftServer$Division (ServerState.java:setRaftConf(430)) - 29c9a1c1-e3f8-4fe7-8970-336a6086cca1@group-77001C9B7D0B: set configuration 0: peers:[c6c2c657-0e93-48b3-a316-4dc30ca2acab|rpc:127.0.0.1:45875|dataStream:127.0.0.1:42347|priority:0|startupRole:FOLLOWER, 126d5446-786c-45f2-bbbe-001b0b6f97a9|rpc:127.0.0.1:43541|dataStream:127.0.0.1:41323|priority:1|startupRole:FOLLOWER, 29c9a1c1-e3f8-4fe7-8970-336a6086cca1|rpc:127.0.0.1:41623|dataStream:127.0.0.1:33519|priority:0|startupRole:FOLLOWER]|listeners:[], old=null
2023-03-09 15:02:13,056 [29c9a1c1-e3f8-4fe7-8970-336a6086cca1-server-thread1] INFO  segmented.SegmentedRaftLogWorker (SegmentedRaftLogWorker.java:startLogSegment(452)) - 29c9a1c1-e3f8-4fe7-8970-336a6086cca1@group-77001C9B7D0B-SegmentedRaftLogWorker: Starting segment from index:0
2023-03-09 15:02:13,058 [EndpointStateMachine task thread for /127.0.0.1:35467 - 0 ] INFO  ipc.Client (Client.java:handleConnectionFailure(1010)) - Retrying connect to server: localhost/127.0.0.1:35467. Already tried 3 time(s); retry policy is RetryUpToMaximumCountWithFixedSleep(maxRetries=15, sleepTime=1000 MILLISECONDS)
2023-03-09 15:02:13,059 [29c9a1c1-e3f8-4fe7-8970-336a6086cca1@group-77001C9B7D0B-SegmentedRaftLogWorker] INFO  segmented.SegmentedRaftLogWorker (SegmentedRaftLogWorker.java:execute(656)) - 29c9a1c1-e3f8-4fe7-8970-336a6086cca1@group-77001C9B7D0B-SegmentedRaftLogWorker: created new log segment /home/runner/work/ozone/ozone/hadoop-ozone/integration-test/target/test-dir/MiniOzoneClusterImpl-c8dd39f1-89f8-47ca-b8e4-9b0f9f306b89/datanode-0/data/ratis/e3ed6265-74c6-4924-a525-77001c9b7d0b/current/log_inprogress_0
2023-03-09 15:02:13,176 [c6c2c657-0e93-48b3-a316-4dc30ca2acab@group-FCE0A4F99100-FollowerState] INFO  impl.FollowerState (FollowerState.java:run(143)) - c6c2c657-0e93-48b3-a316-4dc30ca2acab@group-FCE0A4F99100-FollowerState: change to CANDIDATE, lastRpcElapsedTime:5048735430ns, electionTimeout:5047ms
2023-03-09 15:02:13,177 [c6c2c657-0e93-48b3-a316-4dc30ca2acab@group-FCE0A4F99100-FollowerState] INFO  impl.RoleInfo (RoleInfo.java:shutdownFollowerState(110)) - c6c2c657-0e93-48b3-a316-4dc30ca2acab: shutdown c6c2c657-0e93-48b3-a316-4dc30ca2acab@group-FCE0A4F99100-FollowerState
2023-03-09 15:02:13,177 [c6c2c657-0e93-48b3-a316-4dc30ca2acab@group-FCE0A4F99100-FollowerState] INFO  server.RaftServer$Division (RaftServerImpl.java:setRole(321)) - c6c2c657-0e93-48b3-a316-4dc30ca2acab@group-FCE0A4F99100: changes role from  FOLLOWER to CANDIDATE at term 0 for changeToCandidate
2023-03-09 15:02:13,177 [c6c2c657-0e93-48b3-a316-4dc30ca2acab@group-FCE0A4F99100-FollowerState] INFO  server.RaftServerConfigKeys (ConfUtils.java:logGet(46)) - raft.server.leaderelection.pre-vote = true (default)
2023-03-09 15:02:13,177 [c6c2c657-0e93-48b3-a316-4dc30ca2acab@group-FCE0A4F99100-FollowerState] INFO  impl.RoleInfo (RoleInfo.java:updateAndGet(139)) - c6c2c657-0e93-48b3-a316-4dc30ca2acab: start c6c2c657-0e93-48b3-a316-4dc30ca2acab@group-FCE0A4F99100-LeaderElection59
2023-03-09 15:02:13,185 [c6c2c657-0e93-48b3-a316-4dc30ca2acab@group-FCE0A4F99100-LeaderElection59] INFO  impl.LeaderElection (LeaderElection.java:askForVotes(312)) - c6c2c657-0e93-48b3-a316-4dc30ca2acab@group-FCE0A4F99100-LeaderElection59 PRE_VOTE round 0: submit vote requests at term 0 for -1: peers:[c6c2c657-0e93-48b3-a316-4dc30ca2acab|rpc:127.0.0.1:45875|dataStream:127.0.0.1:42347|priority:1|startupRole:FOLLOWER]|listeners:[], old=null
2023-03-09 15:02:13,185 [c6c2c657-0e93-48b3-a316-4dc30ca2acab@group-FCE0A4F99100-LeaderElection59] INFO  impl.LeaderElection (LeaderElection.java:askForVotes(314)) - c6c2c657-0e93-48b3-a316-4dc30ca2acab@group-FCE0A4F99100-LeaderElection59 PRE_VOTE round 0: result PASSED (term=0)
2023-03-09 15:02:13,187 [c6c2c657-0e93-48b3-a316-4dc30ca2acab@group-FCE0A4F99100-LeaderElection59] INFO  impl.LeaderElection (LeaderElection.java:askForVotes(312)) - c6c2c657-0e93-48b3-a316-4dc30ca2acab@group-FCE0A4F99100-LeaderElection59 ELECTION round 0: submit vote requests at term 1 for -1: peers:[c6c2c657-0e93-48b3-a316-4dc30ca2acab|rpc:127.0.0.1:45875|dataStream:127.0.0.1:42347|priority:1|startupRole:FOLLOWER]|listeners:[], old=null
2023-03-09 15:02:13,187 [c6c2c657-0e93-48b3-a316-4dc30ca2acab@group-FCE0A4F99100-LeaderElection59] INFO  impl.LeaderElection (LeaderElection.java:askForVotes(314)) - c6c2c657-0e93-48b3-a316-4dc30ca2acab@group-FCE0A4F99100-LeaderElection59 ELECTION round 0: result PASSED (term=1)
2023-03-09 15:02:13,187 [c6c2c657-0e93-48b3-a316-4dc30ca2acab@group-FCE0A4F99100-LeaderElection59] INFO  impl.RoleInfo (RoleInfo.java:shutdownLeaderElection(130)) - c6c2c657-0e93-48b3-a316-4dc30ca2acab: shutdown c6c2c657-0e93-48b3-a316-4dc30ca2acab@group-FCE0A4F99100-LeaderElection59
2023-03-09 15:02:13,187 [c6c2c657-0e93-48b3-a316-4dc30ca2acab@group-FCE0A4F99100-LeaderElection59] INFO  server.RaftServer$Division (RaftServerImpl.java:setRole(321)) - c6c2c657-0e93-48b3-a316-4dc30ca2acab@group-FCE0A4F99100: changes role from CANDIDATE to LEADER at term 1 for changeToLeader
2023-03-09 15:02:13,187 [c6c2c657-0e93-48b3-a316-4dc30ca2acab@group-FCE0A4F99100-LeaderElection59] INFO  ratis.XceiverServerRatis (XceiverServerRatis.java:handleLeaderChangedNotification(905)) - Leader change notification received for group: group-FCE0A4F99100 with new leaderId: c6c2c657-0e93-48b3-a316-4dc30ca2acab
2023-03-09 15:02:13,187 [c6c2c657-0e93-48b3-a316-4dc30ca2acab@group-FCE0A4F99100-LeaderElection59] INFO  server.RaftServer$Division (ServerState.java:setLeader(313)) - c6c2c657-0e93-48b3-a316-4dc30ca2acab@group-FCE0A4F99100: change Leader from null to c6c2c657-0e93-48b3-a316-4dc30ca2acab at term 1 for becomeLeader, leader elected after 5078ms
2023-03-09 15:02:13,187 [c6c2c657-0e93-48b3-a316-4dc30ca2acab@group-FCE0A4F99100-LeaderElection59] INFO  server.RaftServerConfigKeys (ConfUtils.java:logGet(46)) - raft.server.staging.catchup.gap = 1000 (default)
2023-03-09 15:02:13,187 [c6c2c657-0e93-48b3-a316-4dc30ca2acab@group-FCE0A4F99100-LeaderElection59] INFO  server.RaftServerConfigKeys (ConfUtils.java:logGet(46)) - raft.server.write.element-limit = 1024 (custom)
2023-03-09 15:02:13,188 [c6c2c657-0e93-48b3-a316-4dc30ca2acab@group-FCE0A4F99100-LeaderElection59] INFO  server.RaftServerConfigKeys (ConfUtils.java:logGet(46)) - raft.server.write.byte-limit = 1024 M (=1073741824) (custom)
2023-03-09 15:02:13,189 [c6c2c657-0e93-48b3-a316-4dc30ca2acab@group-FCE0A4F99100-LeaderElection59] INFO  server.RaftServerConfigKeys (ConfUtils.java:logGet(46)) - raft.server.watch.timeout = 180s (custom)
2023-03-09 15:02:13,189 [c6c2c657-0e93-48b3-a316-4dc30ca2acab@group-FCE0A4F99100-LeaderElection59] INFO  server.RaftServerConfigKeys (ConfUtils.java:logGet(46)) - raft.server.watch.timeout.denomination = 1s (default)
2023-03-09 15:02:13,189 [c6c2c657-0e93-48b3-a316-4dc30ca2acab@group-FCE0A4F99100-LeaderElection59] INFO  server.RaftServerConfigKeys (ConfUtils.java:logGet(46)) - raft.server.watch.element-limit = 65536 (default)
2023-03-09 15:02:13,189 [c6c2c657-0e93-48b3-a316-4dc30ca2acab@group-FCE0A4F99100-LeaderElection59] INFO  server.RaftServerConfigKeys (ConfUtils.java:logGet(46)) - raft.server.write.element-limit = 1024 (custom)
2023-03-09 15:02:13,189 [c6c2c657-0e93-48b3-a316-4dc30ca2acab@group-FCE0A4F99100-LeaderElection59] INFO  server.RaftServerConfigKeys (ConfUtils.java:logGet(46)) - raft.server.write.follower.gap.ratio.max = -1.0 (default)
2023-03-09 15:02:13,189 [c6c2c657-0e93-48b3-a316-4dc30ca2acab@group-FCE0A4F99100-LeaderElection59] INFO  impl.RoleInfo (RoleInfo.java:updateAndGet(139)) - c6c2c657-0e93-48b3-a316-4dc30ca2acab: start c6c2c657-0e93-48b3-a316-4dc30ca2acab@group-FCE0A4F99100-LeaderStateImpl
2023-03-09 15:02:13,190 [c6c2c657-0e93-48b3-a316-4dc30ca2acab@group-FCE0A4F99100-LeaderElection59] INFO  segmented.SegmentedRaftLogWorker (SegmentedRaftLogWorker.java:startLogSegment(452)) - c6c2c657-0e93-48b3-a316-4dc30ca2acab@group-FCE0A4F99100-SegmentedRaftLogWorker: Starting segment from index:0
2023-03-09 15:02:13,192 [c6c2c657-0e93-48b3-a316-4dc30ca2acab@group-FCE0A4F99100-SegmentedRaftLogWorker] INFO  segmented.SegmentedRaftLogWorker (SegmentedRaftLogWorker.java:execute(656)) - c6c2c657-0e93-48b3-a316-4dc30ca2acab@group-FCE0A4F99100-SegmentedRaftLogWorker: created new log segment /home/runner/work/ozone/ozone/hadoop-ozone/integration-test/target/test-dir/MiniOzoneClusterImpl-c8dd39f1-89f8-47ca-b8e4-9b0f9f306b89/datanode-1/data/ratis/43d67802-8f86-429a-b8bf-fce0a4f99100/current/log_inprogress_0
2023-03-09 15:02:13,196 [c6c2c657-0e93-48b3-a316-4dc30ca2acab@group-FCE0A4F99100-LeaderElection59] INFO  server.RaftServer$Division (ServerState.java:setRaftConf(430)) - c6c2c657-0e93-48b3-a316-4dc30ca2acab@group-FCE0A4F99100: set configuration 0: peers:[c6c2c657-0e93-48b3-a316-4dc30ca2acab|rpc:127.0.0.1:45875|dataStream:127.0.0.1:42347|priority:1|startupRole:FOLLOWER]|listeners:[], old=null
2023-03-09 15:02:13,204 [c6c2c657-0e93-48b3-a316-4dc30ca2acab@group-03D465C8B48A-FollowerState] INFO  impl.FollowerState (FollowerState.java:run(143)) - c6c2c657-0e93-48b3-a316-4dc30ca2acab@group-03D465C8B48A-FollowerState: change to CANDIDATE, lastRpcElapsedTime:5209338826ns, electionTimeout:5198ms
2023-03-09 15:02:13,204 [c6c2c657-0e93-48b3-a316-4dc30ca2acab@group-03D465C8B48A-FollowerState] INFO  impl.RoleInfo (RoleInfo.java:shutdownFollowerState(110)) - c6c2c657-0e93-48b3-a316-4dc30ca2acab: shutdown c6c2c657-0e93-48b3-a316-4dc30ca2acab@group-03D465C8B48A-FollowerState
2023-03-09 15:02:13,204 [c6c2c657-0e93-48b3-a316-4dc30ca2acab@group-03D465C8B48A-FollowerState] INFO  server.RaftServer$Division (RaftServerImpl.java:setRole(321)) - c6c2c657-0e93-48b3-a316-4dc30ca2acab@group-03D465C8B48A: changes role from  FOLLOWER to CANDIDATE at term 0 for changeToCandidate
2023-03-09 15:02:13,204 [c6c2c657-0e93-48b3-a316-4dc30ca2acab@group-03D465C8B48A-FollowerState] INFO  server.RaftServerConfigKeys (ConfUtils.java:logGet(46)) - raft.server.leaderelection.pre-vote = true (default)
2023-03-09 15:02:13,204 [c6c2c657-0e93-48b3-a316-4dc30ca2acab@group-03D465C8B48A-FollowerState] INFO  impl.RoleInfo (RoleInfo.java:updateAndGet(139)) - c6c2c657-0e93-48b3-a316-4dc30ca2acab: start c6c2c657-0e93-48b3-a316-4dc30ca2acab@group-03D465C8B48A-LeaderElection60
2023-03-09 15:02:13,207 [c6c2c657-0e93-48b3-a316-4dc30ca2acab@group-03D465C8B48A-LeaderElection60] INFO  impl.LeaderElection (LeaderElection.java:askForVotes(312)) - c6c2c657-0e93-48b3-a316-4dc30ca2acab@group-03D465C8B48A-LeaderElection60 PRE_VOTE round 0: submit vote requests at term 0 for -1: peers:[c6c2c657-0e93-48b3-a316-4dc30ca2acab|rpc:127.0.0.1:45875|dataStream:127.0.0.1:42347|priority:1|startupRole:FOLLOWER, 126d5446-786c-45f2-bbbe-001b0b6f97a9|rpc:127.0.0.1:43541|dataStream:127.0.0.1:41323|priority:0|startupRole:FOLLOWER, 29c9a1c1-e3f8-4fe7-8970-336a6086cca1|rpc:127.0.0.1:41623|dataStream:127.0.0.1:33519|priority:0|startupRole:FOLLOWER]|listeners:[], old=null
2023-03-09 15:02:13,207 [c6c2c657-0e93-48b3-a316-4dc30ca2acab@group-03D465C8B48A-LeaderElection60-1] INFO  server.GrpcServerProtocolClient (GrpcServerProtocolClient.java:<init>(63)) - Build channel for 126d5446-786c-45f2-bbbe-001b0b6f97a9
2023-03-09 15:02:13,207 [c6c2c657-0e93-48b3-a316-4dc30ca2acab@group-03D465C8B48A-LeaderElection60] INFO  server.RaftServerConfigKeys (ConfUtils.java:logFallback(53)) - raft.server.rpc.first-election.timeout.min = 5s (fallback to raft.server.rpc.timeout.min)
2023-03-09 15:02:13,208 [c6c2c657-0e93-48b3-a316-4dc30ca2acab@group-03D465C8B48A-LeaderElection60] INFO  server.RaftServerConfigKeys (ConfUtils.java:logFallback(53)) - raft.server.rpc.first-election.timeout.max = 5200ms (fallback to raft.server.rpc.timeout.max)
2023-03-09 15:02:13,208 [c6c2c657-0e93-48b3-a316-4dc30ca2acab@group-03D465C8B48A-LeaderElection60-2] INFO  server.GrpcServerProtocolClient (GrpcServerProtocolClient.java:<init>(63)) - Build channel for 29c9a1c1-e3f8-4fe7-8970-336a6086cca1
2023-03-09 15:02:13,218 [grpc-default-executor-6] INFO  server.RaftServer$Division (RaftServerImpl.java:requestVote(1218)) - 126d5446-786c-45f2-bbbe-001b0b6f97a9@group-03D465C8B48A: receive requestVote(PRE_VOTE, c6c2c657-0e93-48b3-a316-4dc30ca2acab, group-03D465C8B48A, 0, (t:0, i:0))
2023-03-09 15:02:13,218 [grpc-default-executor-6] INFO  impl.VoteContext (VoteContext.java:log(49)) - 126d5446-786c-45f2-bbbe-001b0b6f97a9@group-03D465C8B48A-FOLLOWER: accept PRE_VOTE from c6c2c657-0e93-48b3-a316-4dc30ca2acab: our priority 0 <= candidate's priority 1
2023-03-09 15:02:13,218 [grpc-default-executor-6] INFO  server.RaftServer$Division (RaftServerImpl.java:requestVote(1251)) - 126d5446-786c-45f2-bbbe-001b0b6f97a9@group-03D465C8B48A replies to PRE_VOTE vote request: c6c2c657-0e93-48b3-a316-4dc30ca2acab<-126d5446-786c-45f2-bbbe-001b0b6f97a9#0:OK-t0. Peer's state: 126d5446-786c-45f2-bbbe-001b0b6f97a9@group-03D465C8B48A:t0, leader=null, voted=, raftlog=Memoized:126d5446-786c-45f2-bbbe-001b0b6f97a9@group-03D465C8B48A-SegmentedRaftLog:OPENED:c-1, conf=-1: peers:[c6c2c657-0e93-48b3-a316-4dc30ca2acab|rpc:127.0.0.1:45875|dataStream:127.0.0.1:42347|priority:1|startupRole:FOLLOWER, 126d5446-786c-45f2-bbbe-001b0b6f97a9|rpc:127.0.0.1:43541|dataStream:127.0.0.1:41323|priority:0|startupRole:FOLLOWER, 29c9a1c1-e3f8-4fe7-8970-336a6086cca1|rpc:127.0.0.1:41623|dataStream:127.0.0.1:33519|priority:0|startupRole:FOLLOWER]|listeners:[], old=null
2023-03-09 15:02:13,219 [c6c2c657-0e93-48b3-a316-4dc30ca2acab@group-03D465C8B48A-LeaderElection60] INFO  impl.LeaderElection (LeaderElection.java:logAndReturn(90)) - c6c2c657-0e93-48b3-a316-4dc30ca2acab@group-03D465C8B48A-LeaderElection60: PRE_VOTE PASSED received 1 response(s) and 0 exception(s):
2023-03-09 15:02:13,219 [c6c2c657-0e93-48b3-a316-4dc30ca2acab@group-03D465C8B48A-LeaderElection60] INFO  impl.LeaderElection (LeaderElection.java:logAndReturn(94)) -   Response 0: c6c2c657-0e93-48b3-a316-4dc30ca2acab<-126d5446-786c-45f2-bbbe-001b0b6f97a9#0:OK-t0
2023-03-09 15:02:13,219 [c6c2c657-0e93-48b3-a316-4dc30ca2acab@group-03D465C8B48A-LeaderElection60] INFO  impl.LeaderElection (LeaderElection.java:askForVotes(314)) - c6c2c657-0e93-48b3-a316-4dc30ca2acab@group-03D465C8B48A-LeaderElection60 PRE_VOTE round 0: result PASSED
2023-03-09 15:02:13,221 [c6c2c657-0e93-48b3-a316-4dc30ca2acab@group-03D465C8B48A-LeaderElection60] INFO  impl.LeaderElection (LeaderElection.java:askForVotes(312)) - c6c2c657-0e93-48b3-a316-4dc30ca2acab@group-03D465C8B48A-LeaderElection60 ELECTION round 0: submit vote requests at term 1 for -1: peers:[c6c2c657-0e93-48b3-a316-4dc30ca2acab|rpc:127.0.0.1:45875|dataStream:127.0.0.1:42347|priority:1|startupRole:FOLLOWER, 126d5446-786c-45f2-bbbe-001b0b6f97a9|rpc:127.0.0.1:43541|dataStream:127.0.0.1:41323|priority:0|startupRole:FOLLOWER, 29c9a1c1-e3f8-4fe7-8970-336a6086cca1|rpc:127.0.0.1:41623|dataStream:127.0.0.1:33519|priority:0|startupRole:FOLLOWER]|listeners:[], old=null
2023-03-09 15:02:13,227 [grpc-default-executor-6] INFO  server.RaftServer$Division (RaftServerImpl.java:requestVote(1218)) - 126d5446-786c-45f2-bbbe-001b0b6f97a9@group-03D465C8B48A: receive requestVote(ELECTION, c6c2c657-0e93-48b3-a316-4dc30ca2acab, group-03D465C8B48A, 1, (t:0, i:0))
2023-03-09 15:02:13,227 [grpc-default-executor-6] INFO  impl.VoteContext (VoteContext.java:log(49)) - 126d5446-786c-45f2-bbbe-001b0b6f97a9@group-03D465C8B48A-FOLLOWER: accept ELECTION from c6c2c657-0e93-48b3-a316-4dc30ca2acab: our priority 0 <= candidate's priority 1
2023-03-09 15:02:13,227 [grpc-default-executor-6] INFO  server.RaftServer$Division (RaftServerImpl.java:setRole(321)) - 126d5446-786c-45f2-bbbe-001b0b6f97a9@group-03D465C8B48A: changes role from  FOLLOWER to FOLLOWER at term 1 for candidate:c6c2c657-0e93-48b3-a316-4dc30ca2acab
2023-03-09 15:02:13,227 [grpc-default-executor-6] INFO  impl.RoleInfo (RoleInfo.java:shutdownFollowerState(110)) - 126d5446-786c-45f2-bbbe-001b0b6f97a9: shutdown 126d5446-786c-45f2-bbbe-001b0b6f97a9@group-03D465C8B48A-FollowerState
2023-03-09 15:02:13,227 [grpc-default-executor-6] INFO  impl.RoleInfo (RoleInfo.java:updateAndGet(139)) - 126d5446-786c-45f2-bbbe-001b0b6f97a9: start 126d5446-786c-45f2-bbbe-001b0b6f97a9@group-03D465C8B48A-FollowerState
2023-03-09 15:02:13,228 [126d5446-786c-45f2-bbbe-001b0b6f97a9@group-03D465C8B48A-FollowerState] INFO  impl.FollowerState (FollowerState.java:run(152)) - 126d5446-786c-45f2-bbbe-001b0b6f97a9@group-03D465C8B48A-FollowerState was interrupted
2023-03-09 15:02:13,228 [126d5446-786c-45f2-bbbe-001b0b6f97a9@group-03D465C8B48A-FollowerState] INFO  server.RaftServerConfigKeys (ConfUtils.java:logFallback(53)) - raft.server.rpc.first-election.timeout.min = 5s (fallback to raft.server.rpc.timeout.min)
2023-03-09 15:02:13,229 [126d5446-786c-45f2-bbbe-001b0b6f97a9@group-03D465C8B48A-FollowerState] INFO  server.RaftServerConfigKeys (ConfUtils.java:logFallback(53)) - raft.server.rpc.first-election.timeout.max = 5200ms (fallback to raft.server.rpc.timeout.max)
2023-03-09 15:02:13,229 [c6c2c657-0e93-48b3-a316-4dc30ca2acab@group-03D465C8B48A-LeaderElection60] INFO  server.RaftServerConfigKeys (ConfUtils.java:logFallback(53)) - raft.server.rpc.first-election.timeout.min = 5s (fallback to raft.server.rpc.timeout.min)
2023-03-09 15:02:13,229 [c6c2c657-0e93-48b3-a316-4dc30ca2acab@group-03D465C8B48A-LeaderElection60] INFO  server.RaftServerConfigKeys (ConfUtils.java:logFallback(53)) - raft.server.rpc.first-election.timeout.max = 5200ms (fallback to raft.server.rpc.timeout.max)
2023-03-09 15:02:13,231 [grpc-default-executor-12] INFO  server.RaftServer$Division (RaftServerImpl.java:requestVote(1218)) - 29c9a1c1-e3f8-4fe7-8970-336a6086cca1@group-03D465C8B48A: receive requestVote(PRE_VOTE, c6c2c657-0e93-48b3-a316-4dc30ca2acab, group-03D465C8B48A, 0, (t:0, i:0))
2023-03-09 15:02:13,231 [grpc-default-executor-12] INFO  impl.VoteContext (VoteContext.java:log(49)) - 29c9a1c1-e3f8-4fe7-8970-336a6086cca1@group-03D465C8B48A-FOLLOWER: accept PRE_VOTE from c6c2c657-0e93-48b3-a316-4dc30ca2acab: our priority 0 <= candidate's priority 1
2023-03-09 15:02:13,231 [grpc-default-executor-12] INFO  server.RaftServer$Division (RaftServerImpl.java:requestVote(1251)) - 29c9a1c1-e3f8-4fe7-8970-336a6086cca1@group-03D465C8B48A replies to PRE_VOTE vote request: c6c2c657-0e93-48b3-a316-4dc30ca2acab<-29c9a1c1-e3f8-4fe7-8970-336a6086cca1#0:OK-t0. Peer's state: 29c9a1c1-e3f8-4fe7-8970-336a6086cca1@group-03D465C8B48A:t0, leader=null, voted=, raftlog=Memoized:29c9a1c1-e3f8-4fe7-8970-336a6086cca1@group-03D465C8B48A-SegmentedRaftLog:OPENED:c-1, conf=-1: peers:[c6c2c657-0e93-48b3-a316-4dc30ca2acab|rpc:127.0.0.1:45875|dataStream:127.0.0.1:42347|priority:1|startupRole:FOLLOWER, 126d5446-786c-45f2-bbbe-001b0b6f97a9|rpc:127.0.0.1:43541|dataStream:127.0.0.1:41323|priority:0|startupRole:FOLLOWER, 29c9a1c1-e3f8-4fe7-8970-336a6086cca1|rpc:127.0.0.1:41623|dataStream:127.0.0.1:33519|priority:0|startupRole:FOLLOWER]|listeners:[], old=null
2023-03-09 15:02:13,232 [grpc-default-executor-6] INFO  server.RaftServer$Division (RaftServerImpl.java:requestVote(1251)) - 126d5446-786c-45f2-bbbe-001b0b6f97a9@group-03D465C8B48A replies to ELECTION vote request: c6c2c657-0e93-48b3-a316-4dc30ca2acab<-126d5446-786c-45f2-bbbe-001b0b6f97a9#0:OK-t1. Peer's state: 126d5446-786c-45f2-bbbe-001b0b6f97a9@group-03D465C8B48A:t1, leader=null, voted=c6c2c657-0e93-48b3-a316-4dc30ca2acab, raftlog=Memoized:126d5446-786c-45f2-bbbe-001b0b6f97a9@group-03D465C8B48A-SegmentedRaftLog:OPENED:c-1, conf=-1: peers:[c6c2c657-0e93-48b3-a316-4dc30ca2acab|rpc:127.0.0.1:45875|dataStream:127.0.0.1:42347|priority:1|startupRole:FOLLOWER, 126d5446-786c-45f2-bbbe-001b0b6f97a9|rpc:127.0.0.1:43541|dataStream:127.0.0.1:41323|priority:0|startupRole:FOLLOWER, 29c9a1c1-e3f8-4fe7-8970-336a6086cca1|rpc:127.0.0.1:41623|dataStream:127.0.0.1:33519|priority:0|startupRole:FOLLOWER]|listeners:[], old=null
2023-03-09 15:02:13,241 [grpc-default-executor-12] INFO  server.RaftServer$Division (RaftServerImpl.java:requestVote(1218)) - 29c9a1c1-e3f8-4fe7-8970-336a6086cca1@group-03D465C8B48A: receive requestVote(ELECTION, c6c2c657-0e93-48b3-a316-4dc30ca2acab, group-03D465C8B48A, 1, (t:0, i:0))
2023-03-09 15:02:13,241 [grpc-default-executor-12] INFO  impl.VoteContext (VoteContext.java:log(49)) - 29c9a1c1-e3f8-4fe7-8970-336a6086cca1@group-03D465C8B48A-FOLLOWER: accept ELECTION from c6c2c657-0e93-48b3-a316-4dc30ca2acab: our priority 0 <= candidate's priority 1
2023-03-09 15:02:13,241 [grpc-default-executor-12] INFO  server.RaftServer$Division (RaftServerImpl.java:setRole(321)) - 29c9a1c1-e3f8-4fe7-8970-336a6086cca1@group-03D465C8B48A: changes role from  FOLLOWER to FOLLOWER at term 1 for candidate:c6c2c657-0e93-48b3-a316-4dc30ca2acab
2023-03-09 15:02:13,241 [grpc-default-executor-12] INFO  impl.RoleInfo (RoleInfo.java:shutdownFollowerState(110)) - 29c9a1c1-e3f8-4fe7-8970-336a6086cca1: shutdown 29c9a1c1-e3f8-4fe7-8970-336a6086cca1@group-03D465C8B48A-FollowerState
2023-03-09 15:02:13,241 [grpc-default-executor-12] INFO  impl.RoleInfo (RoleInfo.java:updateAndGet(139)) - 29c9a1c1-e3f8-4fe7-8970-336a6086cca1: start 29c9a1c1-e3f8-4fe7-8970-336a6086cca1@group-03D465C8B48A-FollowerState
2023-03-09 15:02:13,241 [29c9a1c1-e3f8-4fe7-8970-336a6086cca1@group-03D465C8B48A-FollowerState] INFO  impl.FollowerState (FollowerState.java:run(152)) - 29c9a1c1-e3f8-4fe7-8970-336a6086cca1@group-03D465C8B48A-FollowerState was interrupted
2023-03-09 15:02:13,243 [c6c2c657-0e93-48b3-a316-4dc30ca2acab@group-03D465C8B48A-LeaderElection60] INFO  impl.LeaderElection (LeaderElection.java:logAndReturn(90)) - c6c2c657-0e93-48b3-a316-4dc30ca2acab@group-03D465C8B48A-LeaderElection60: ELECTION PASSED received 1 response(s) and 0 exception(s):
2023-03-09 15:02:13,243 [c6c2c657-0e93-48b3-a316-4dc30ca2acab@group-03D465C8B48A-LeaderElection60] INFO  impl.LeaderElection (LeaderElection.java:logAndReturn(94)) -   Response 0: c6c2c657-0e93-48b3-a316-4dc30ca2acab<-126d5446-786c-45f2-bbbe-001b0b6f97a9#0:OK-t1
2023-03-09 15:02:13,243 [c6c2c657-0e93-48b3-a316-4dc30ca2acab@group-03D465C8B48A-LeaderElection60] INFO  impl.LeaderElection (LeaderElection.java:askForVotes(314)) - c6c2c657-0e93-48b3-a316-4dc30ca2acab@group-03D465C8B48A-LeaderElection60 ELECTION round 0: result PASSED
2023-03-09 15:02:13,243 [c6c2c657-0e93-48b3-a316-4dc30ca2acab@group-03D465C8B48A-LeaderElection60] INFO  impl.RoleInfo (RoleInfo.java:shutdownLeaderElection(130)) - c6c2c657-0e93-48b3-a316-4dc30ca2acab: shutdown c6c2c657-0e93-48b3-a316-4dc30ca2acab@group-03D465C8B48A-LeaderElection60
2023-03-09 15:02:13,243 [c6c2c657-0e93-48b3-a316-4dc30ca2acab@group-03D465C8B48A-LeaderElection60] INFO  server.RaftServer$Division (RaftServerImpl.java:setRole(321)) - c6c2c657-0e93-48b3-a316-4dc30ca2acab@group-03D465C8B48A: changes role from CANDIDATE to LEADER at term 1 for changeToLeader
2023-03-09 15:02:13,243 [c6c2c657-0e93-48b3-a316-4dc30ca2acab@group-03D465C8B48A-LeaderElection60] INFO  ratis.XceiverServerRatis (XceiverServerRatis.java:handleLeaderChangedNotification(905)) - Leader change notification received for group: group-03D465C8B48A with new leaderId: c6c2c657-0e93-48b3-a316-4dc30ca2acab
2023-03-09 15:02:13,243 [c6c2c657-0e93-48b3-a316-4dc30ca2acab@group-03D465C8B48A-LeaderElection60] INFO  server.RaftServer$Division (ServerState.java:setLeader(313)) - c6c2c657-0e93-48b3-a316-4dc30ca2acab@group-03D465C8B48A: change Leader from null to c6c2c657-0e93-48b3-a316-4dc30ca2acab at term 1 for becomeLeader, leader elected after 5320ms
2023-03-09 15:02:13,243 [c6c2c657-0e93-48b3-a316-4dc30ca2acab@group-03D465C8B48A-LeaderElection60] INFO  server.RaftServerConfigKeys (ConfUtils.java:logGet(46)) - raft.server.staging.catchup.gap = 1000 (default)
2023-03-09 15:02:13,244 [c6c2c657-0e93-48b3-a316-4dc30ca2acab@group-03D465C8B48A-LeaderElection60] INFO  server.RaftServerConfigKeys (ConfUtils.java:logGet(46)) - raft.server.write.element-limit = 1024 (custom)
2023-03-09 15:02:13,244 [c6c2c657-0e93-48b3-a316-4dc30ca2acab@group-03D465C8B48A-LeaderElection60] INFO  server.RaftServerConfigKeys (ConfUtils.java:logGet(46)) - raft.server.write.byte-limit = 1024 M (=1073741824) (custom)
2023-03-09 15:02:13,244 [c6c2c657-0e93-48b3-a316-4dc30ca2acab@group-03D465C8B48A-LeaderElection60] INFO  server.RaftServerConfigKeys (ConfUtils.java:logGet(46)) - raft.server.watch.timeout = 180s (custom)
2023-03-09 15:02:13,244 [c6c2c657-0e93-48b3-a316-4dc30ca2acab@group-03D465C8B48A-LeaderElection60] INFO  server.RaftServerConfigKeys (ConfUtils.java:logGet(46)) - raft.server.watch.timeout.denomination = 1s (default)
2023-03-09 15:02:13,244 [c6c2c657-0e93-48b3-a316-4dc30ca2acab@group-03D465C8B48A-LeaderElection60] INFO  server.RaftServerConfigKeys (ConfUtils.java:logGet(46)) - raft.server.watch.element-limit = 65536 (default)
2023-03-09 15:02:13,244 [c6c2c657-0e93-48b3-a316-4dc30ca2acab@group-03D465C8B48A-LeaderElection60] INFO  server.RaftServerConfigKeys (ConfUtils.java:logGet(46)) - raft.server.write.element-limit = 1024 (custom)
2023-03-09 15:02:13,244 [c6c2c657-0e93-48b3-a316-4dc30ca2acab@group-03D465C8B48A-LeaderElection60] INFO  server.RaftServerConfigKeys (ConfUtils.java:logGet(46)) - raft.server.write.follower.gap.ratio.max = -1.0 (default)
2023-03-09 15:02:13,245 [c6c2c657-0e93-48b3-a316-4dc30ca2acab@group-03D465C8B48A-LeaderElection60] INFO  server.RaftServerConfigKeys (ConfUtils.java:logGet(46)) - raft.server.log.appender.snapshot.chunk.size.max = 16MB (=16777216) (default)
2023-03-09 15:02:13,245 [c6c2c657-0e93-48b3-a316-4dc30ca2acab@group-03D465C8B48A-LeaderElection60] INFO  server.RaftServerConfigKeys (ConfUtils.java:logGet(46)) - raft.server.log.appender.buffer.byte-limit = 33554432 (custom)
2023-03-09 15:02:13,245 [c6c2c657-0e93-48b3-a316-4dc30ca2acab@group-03D465C8B48A-LeaderElection60] INFO  server.RaftServerConfigKeys (ConfUtils.java:logGet(46)) - raft.server.log.appender.buffer.element-limit = 1 (custom)
2023-03-09 15:02:13,245 [c6c2c657-0e93-48b3-a316-4dc30ca2acab@group-03D465C8B48A-LeaderElection60] INFO  grpc.GrpcConfigKeys (ConfUtils.java:logGet(46)) - raft.grpc.server.leader.outstanding.appends.max = 128 (default)
2023-03-09 15:02:13,245 [c6c2c657-0e93-48b3-a316-4dc30ca2acab@group-03D465C8B48A-LeaderElection60] INFO  server.RaftServerConfigKeys (ConfUtils.java:logGet(46)) - raft.server.rpc.request.timeout = 60s (custom)
2023-03-09 15:02:13,245 [c6c2c657-0e93-48b3-a316-4dc30ca2acab@group-03D465C8B48A-LeaderElection60] INFO  server.RaftServerConfigKeys (ConfUtils.java:logGet(46)) - raft.server.log.appender.install.snapshot.enabled = false (custom)
2023-03-09 15:02:13,245 [c6c2c657-0e93-48b3-a316-4dc30ca2acab@group-03D465C8B48A-LeaderElection60] INFO  grpc.GrpcConfigKeys (ConfUtils.java:logGet(46)) - raft.grpc.server.heartbeat.channel = true (default)
2023-03-09 15:02:13,245 [c6c2c657-0e93-48b3-a316-4dc30ca2acab@group-03D465C8B48A-LeaderElection60] INFO  server.RaftServerConfigKeys (ConfUtils.java:logGet(46)) - raft.server.log.appender.wait-time.min = 10ms (default)
2023-03-09 15:02:13,246 [c6c2c657-0e93-48b3-a316-4dc30ca2acab@group-03D465C8B48A-LeaderElection60] INFO  server.RaftServerConfigKeys (ConfUtils.java:logGet(46)) - raft.server.log.appender.snapshot.chunk.size.max = 16MB (=16777216) (default)
2023-03-09 15:02:13,247 [c6c2c657-0e93-48b3-a316-4dc30ca2acab@group-03D465C8B48A-LeaderElection60] INFO  server.RaftServerConfigKeys (ConfUtils.java:logGet(46)) - raft.server.log.appender.buffer.byte-limit = 33554432 (custom)
2023-03-09 15:02:13,247 [c6c2c657-0e93-48b3-a316-4dc30ca2acab@group-03D465C8B48A-LeaderElection60] INFO  server.RaftServerConfigKeys (ConfUtils.java:logGet(46)) - raft.server.log.appender.buffer.element-limit = 1 (custom)
2023-03-09 15:02:13,247 [c6c2c657-0e93-48b3-a316-4dc30ca2acab@group-03D465C8B48A-LeaderElection60] INFO  grpc.GrpcConfigKeys (ConfUtils.java:logGet(46)) - raft.grpc.server.leader.outstanding.appends.max = 128 (default)
2023-03-09 15:02:13,247 [c6c2c657-0e93-48b3-a316-4dc30ca2acab@group-03D465C8B48A-LeaderElection60] INFO  server.RaftServerConfigKeys (ConfUtils.java:logGet(46)) - raft.server.rpc.request.timeout = 60s (custom)
2023-03-09 15:02:13,247 [c6c2c657-0e93-48b3-a316-4dc30ca2acab@group-03D465C8B48A-LeaderElection60] INFO  server.RaftServerConfigKeys (ConfUtils.java:logGet(46)) - raft.server.log.appender.install.snapshot.enabled = false (custom)
2023-03-09 15:02:13,247 [c6c2c657-0e93-48b3-a316-4dc30ca2acab@group-03D465C8B48A-LeaderElection60] INFO  grpc.GrpcConfigKeys (ConfUtils.java:logGet(46)) - raft.grpc.server.heartbeat.channel = true (default)
2023-03-09 15:02:13,247 [c6c2c657-0e93-48b3-a316-4dc30ca2acab@group-03D465C8B48A-LeaderElection60] INFO  server.RaftServerConfigKeys (ConfUtils.java:logGet(46)) - raft.server.log.appender.wait-time.min = 10ms (default)
2023-03-09 15:02:13,248 [c6c2c657-0e93-48b3-a316-4dc30ca2acab@group-03D465C8B48A-LeaderElection60] INFO  impl.RoleInfo (RoleInfo.java:updateAndGet(139)) - c6c2c657-0e93-48b3-a316-4dc30ca2acab: start c6c2c657-0e93-48b3-a316-4dc30ca2acab@group-03D465C8B48A-LeaderStateImpl
2023-03-09 15:02:13,248 [EventQueue-PipelineReportForPipelineReportHandler] INFO  pipeline.PipelineManagerImpl (PipelineManagerImpl.java:openPipeline(367)) - Pipeline Pipeline[ Id: 39ee7ccf-3233-482b-847c-03d465c8b48a, Nodes: c6c2c657-0e93-48b3-a316-4dc30ca2acab(localhost/127.0.0.1)126d5446-786c-45f2-bbbe-001b0b6f97a9(localhost/127.0.0.1)29c9a1c1-e3f8-4fe7-8970-336a6086cca1(localhost/127.0.0.1), ReplicationConfig: RATIS/THREE, State:ALLOCATED, leaderId:c6c2c657-0e93-48b3-a316-4dc30ca2acab, CreationTimestamp2023-03-09T15:02:05.540Z[Etc/UTC]] moved to OPEN state
2023-03-09 15:02:13,248 [c6c2c657-0e93-48b3-a316-4dc30ca2acab@group-03D465C8B48A-LeaderElection60] INFO  segmented.SegmentedRaftLogWorker (SegmentedRaftLogWorker.java:startLogSegment(452)) - c6c2c657-0e93-48b3-a316-4dc30ca2acab@group-03D465C8B48A-SegmentedRaftLogWorker: Starting segment from index:0
2023-03-09 15:02:13,250 [c6c2c657-0e93-48b3-a316-4dc30ca2acab@group-03D465C8B48A-SegmentedRaftLogWorker] INFO  segmented.SegmentedRaftLogWorker (SegmentedRaftLogWorker.java:execute(656)) - c6c2c657-0e93-48b3-a316-4dc30ca2acab@group-03D465C8B48A-SegmentedRaftLogWorker: created new log segment /home/runner/work/ozone/ozone/hadoop-ozone/integration-test/target/test-dir/MiniOzoneClusterImpl-c8dd39f1-89f8-47ca-b8e4-9b0f9f306b89/datanode-1/data/ratis/39ee7ccf-3233-482b-847c-03d465c8b48a/current/log_inprogress_0
2023-03-09 15:02:13,262 [29c9a1c1-e3f8-4fe7-8970-336a6086cca1@group-03D465C8B48A-FollowerState] INFO  server.RaftServerConfigKeys (ConfUtils.java:logFallback(53)) - raft.server.rpc.first-election.timeout.min = 5s (fallback to raft.server.rpc.timeout.min)
2023-03-09 15:02:13,262 [29c9a1c1-e3f8-4fe7-8970-336a6086cca1@group-03D465C8B48A-FollowerState] INFO  server.RaftServerConfigKeys (ConfUtils.java:logFallback(53)) - raft.server.rpc.first-election.timeout.max = 5200ms (fallback to raft.server.rpc.timeout.max)
2023-03-09 15:02:13,268 [c6c2c657-0e93-48b3-a316-4dc30ca2acab@group-03D465C8B48A-LeaderElection60] INFO  server.RaftServer$Division (ServerState.java:setRaftConf(430)) - c6c2c657-0e93-48b3-a316-4dc30ca2acab@group-03D465C8B48A: set configuration 0: peers:[c6c2c657-0e93-48b3-a316-4dc30ca2acab|rpc:127.0.0.1:45875|dataStream:127.0.0.1:42347|priority:1|startupRole:FOLLOWER, 126d5446-786c-45f2-bbbe-001b0b6f97a9|rpc:127.0.0.1:43541|dataStream:127.0.0.1:41323|priority:0|startupRole:FOLLOWER, 29c9a1c1-e3f8-4fe7-8970-336a6086cca1|rpc:127.0.0.1:41623|dataStream:127.0.0.1:33519|priority:0|startupRole:FOLLOWER]|listeners:[], old=null
2023-03-09 15:02:13,268 [126d5446-786c-45f2-bbbe-001b0b6f97a9-server-thread1] INFO  ratis.XceiverServerRatis (XceiverServerRatis.java:handleLeaderChangedNotification(905)) - Leader change notification received for group: group-03D465C8B48A with new leaderId: c6c2c657-0e93-48b3-a316-4dc30ca2acab
2023-03-09 15:02:13,268 [126d5446-786c-45f2-bbbe-001b0b6f97a9-server-thread1] INFO  server.RaftServer$Division (ServerState.java:setLeader(313)) - 126d5446-786c-45f2-bbbe-001b0b6f97a9@group-03D465C8B48A: change Leader from null to c6c2c657-0e93-48b3-a316-4dc30ca2acab at term 1 for appendEntries, leader elected after 5243ms
2023-03-09 15:02:13,273 [grpc-default-executor-12] INFO  server.RaftServer$Division (RaftServerImpl.java:requestVote(1251)) - 29c9a1c1-e3f8-4fe7-8970-336a6086cca1@group-03D465C8B48A replies to ELECTION vote request: c6c2c657-0e93-48b3-a316-4dc30ca2acab<-29c9a1c1-e3f8-4fe7-8970-336a6086cca1#0:OK-t1. Peer's state: 29c9a1c1-e3f8-4fe7-8970-336a6086cca1@group-03D465C8B48A:t1, leader=null, voted=c6c2c657-0e93-48b3-a316-4dc30ca2acab, raftlog=Memoized:29c9a1c1-e3f8-4fe7-8970-336a6086cca1@group-03D465C8B48A-SegmentedRaftLog:OPENED:c-1, conf=-1: peers:[c6c2c657-0e93-48b3-a316-4dc30ca2acab|rpc:127.0.0.1:45875|dataStream:127.0.0.1:42347|priority:1|startupRole:FOLLOWER, 126d5446-786c-45f2-bbbe-001b0b6f97a9|rpc:127.0.0.1:43541|dataStream:127.0.0.1:41323|priority:0|startupRole:FOLLOWER, 29c9a1c1-e3f8-4fe7-8970-336a6086cca1|rpc:127.0.0.1:41623|dataStream:127.0.0.1:33519|priority:0|startupRole:FOLLOWER]|listeners:[], old=null
2023-03-09 15:02:13,275 [29c9a1c1-e3f8-4fe7-8970-336a6086cca1-server-thread2] INFO  ratis.XceiverServerRatis (XceiverServerRatis.java:handleLeaderChangedNotification(905)) - Leader change notification received for group: group-03D465C8B48A with new leaderId: c6c2c657-0e93-48b3-a316-4dc30ca2acab
2023-03-09 15:02:13,276 [29c9a1c1-e3f8-4fe7-8970-336a6086cca1-server-thread2] INFO  server.RaftServer$Division (ServerState.java:setLeader(313)) - 29c9a1c1-e3f8-4fe7-8970-336a6086cca1@group-03D465C8B48A: change Leader from null to c6c2c657-0e93-48b3-a316-4dc30ca2acab at term 1 for appendEntries, leader elected after 5391ms
2023-03-09 15:02:13,284 [29c9a1c1-e3f8-4fe7-8970-336a6086cca1-server-thread2] INFO  server.RaftServer$Division (ServerState.java:setRaftConf(430)) - 29c9a1c1-e3f8-4fe7-8970-336a6086cca1@group-03D465C8B48A: set configuration 0: peers:[c6c2c657-0e93-48b3-a316-4dc30ca2acab|rpc:127.0.0.1:45875|dataStream:127.0.0.1:42347|priority:1|startupRole:FOLLOWER, 126d5446-786c-45f2-bbbe-001b0b6f97a9|rpc:127.0.0.1:43541|dataStream:127.0.0.1:41323|priority:0|startupRole:FOLLOWER, 29c9a1c1-e3f8-4fe7-8970-336a6086cca1|rpc:127.0.0.1:41623|dataStream:127.0.0.1:33519|priority:0|startupRole:FOLLOWER]|listeners:[], old=null
2023-03-09 15:02:13,284 [126d5446-786c-45f2-bbbe-001b0b6f97a9-server-thread1] INFO  server.RaftServer$Division (ServerState.java:setRaftConf(430)) - 126d5446-786c-45f2-bbbe-001b0b6f97a9@group-03D465C8B48A: set configuration 0: peers:[c6c2c657-0e93-48b3-a316-4dc30ca2acab|rpc:127.0.0.1:45875|dataStream:127.0.0.1:42347|priority:1|startupRole:FOLLOWER, 126d5446-786c-45f2-bbbe-001b0b6f97a9|rpc:127.0.0.1:43541|dataStream:127.0.0.1:41323|priority:0|startupRole:FOLLOWER, 29c9a1c1-e3f8-4fe7-8970-336a6086cca1|rpc:127.0.0.1:41623|dataStream:127.0.0.1:33519|priority:0|startupRole:FOLLOWER]|listeners:[], old=null
2023-03-09 15:02:13,284 [126d5446-786c-45f2-bbbe-001b0b6f97a9-server-thread1] INFO  segmented.SegmentedRaftLogWorker (SegmentedRaftLogWorker.java:startLogSegment(452)) - 126d5446-786c-45f2-bbbe-001b0b6f97a9@group-03D465C8B48A-SegmentedRaftLogWorker: Starting segment from index:0
2023-03-09 15:02:13,285 [29c9a1c1-e3f8-4fe7-8970-336a6086cca1-server-thread2] INFO  segmented.SegmentedRaftLogWorker (SegmentedRaftLogWorker.java:startLogSegment(452)) - 29c9a1c1-e3f8-4fe7-8970-336a6086cca1@group-03D465C8B48A-SegmentedRaftLogWorker: Starting segment from index:0
2023-03-09 15:02:13,292 [29c9a1c1-e3f8-4fe7-8970-336a6086cca1@group-03D465C8B48A-SegmentedRaftLogWorker] INFO  segmented.SegmentedRaftLogWorker (SegmentedRaftLogWorker.java:execute(656)) - 29c9a1c1-e3f8-4fe7-8970-336a6086cca1@group-03D465C8B48A-SegmentedRaftLogWorker: created new log segment /home/runner/work/ozone/ozone/hadoop-ozone/integration-test/target/test-dir/MiniOzoneClusterImpl-c8dd39f1-89f8-47ca-b8e4-9b0f9f306b89/datanode-0/data/ratis/39ee7ccf-3233-482b-847c-03d465c8b48a/current/log_inprogress_0
2023-03-09 15:02:13,294 [126d5446-786c-45f2-bbbe-001b0b6f97a9@group-03D465C8B48A-SegmentedRaftLogWorker] INFO  segmented.SegmentedRaftLogWorker (SegmentedRaftLogWorker.java:execute(656)) - 126d5446-786c-45f2-bbbe-001b0b6f97a9@group-03D465C8B48A-SegmentedRaftLogWorker: created new log segment /home/runner/work/ozone/ozone/hadoop-ozone/integration-test/target/test-dir/MiniOzoneClusterImpl-c8dd39f1-89f8-47ca-b8e4-9b0f9f306b89/datanode-2/data/ratis/39ee7ccf-3233-482b-847c-03d465c8b48a/current/log_inprogress_0
2023-03-09 15:02:13,523 [Listener at 127.0.0.1/39953] INFO  ozone.MiniOzoneClusterImpl (MiniOzoneClusterImpl.java:lambda$waitForClusterToBeReady$0(218)) - Nodes are ready. Got 3 of 3 DN Heartbeats.
2023-03-09 15:02:13,523 [Listener at 127.0.0.1/39953] INFO  ozone.MiniOzoneClusterImpl (MiniOzoneClusterImpl.java:lambda$waitForClusterToBeReady$0(221)) - Cluster exits safe mode
2023-03-09 15:02:13,523 [Listener at 127.0.0.1/39953] INFO  ozone.MiniOzoneClusterImpl (MiniOzoneClusterImpl.java:lambda$waitForClusterToBeReady$0(223)) - SCM became leader
2023-03-09 15:02:13,533 [IPC Server handler 6 on default port 39953] INFO  ha.SCMNodeInfo (SCMNodeInfo.java:getPort(197)) - ConfigKey ozone.scm.client.address is deprecated, For configuring different ports for each SCM use PortConfigKey ozone.scm.client.port appended with serviceId and nodeId
2023-03-09 15:02:13,533 [IPC Server handler 6 on default port 39953] INFO  ha.SCMNodeInfo (SCMNodeInfo.java:getPort(197)) - ConfigKey ozone.scm.block.client.address is deprecated, For configuring different ports for each SCM use PortConfigKey ozone.scm.block.client.port appended with serviceId and nodeId
2023-03-09 15:02:13,533 [IPC Server handler 6 on default port 39953] INFO  ha.SCMNodeInfo (SCMNodeInfo.java:getPort(197)) - ConfigKey ozone.scm.datanode.address is deprecated, For configuring different ports for each SCM use PortConfigKey ozone.scm.datanode.port appended with serviceId and nodeId
2023-03-09 15:02:13,534 [Listener at 127.0.0.1/39953] INFO  rpc.RpcClient (RpcClient.java:createVolume(476)) - Creating Volume: volume58122, with runner as owner and space quota set to -1 bytes, counts quota set to -1
2023-03-09 15:02:13,543 [OM StateMachine ApplyTransaction Thread - 0] INFO  volume.OMVolumeCreateRequest (OMVolumeCreateRequest.java:validateAndUpdateCache(195)) - created volume:volume58122 for user:runner
2023-03-09 15:02:13,555 [Listener at 127.0.0.1/39953] INFO  rpc.RpcClient (RpcClient.java:createBucket(698)) - Creating Bucket: volume58122/bucket28645, with server-side default bucket layout, runner as owner, Versioning false, Storage Type set to DISK and Encryption set to false, Replication Type set to server-side default replication type, Namespace Quota set to -1, Space Quota set to -1 
2023-03-09 15:02:13,559 [OM StateMachine ApplyTransaction Thread - 0] INFO  bucket.OMBucketCreateRequest (OMBucketCreateRequest.java:validateAndUpdateCache(263)) - created bucket: bucket28645 of layout FILE_SYSTEM_OPTIMIZED in volume: volume58122
2023-03-09 15:02:13,585 [IPC Server handler 2 on default port 33477] INFO  ha.SequenceIdGenerator (SequenceIdGenerator.java:getNextId(128)) - Allocate a batch for containerId, change lastId from 0 to 1000.
2023-03-09 15:02:13,593 [9c2c9161-baeb-4919-a38f-0ea4e5b0accf@group-9B0F9F306B89-StateMachineUpdater] WARN  ha.SequenceIdGenerator (SequenceIdGenerator.java:allocateBatch(237)) - Failed to allocate a batch for localId, expected lastId is 0, actual lastId is 111677748019200000.
2023-03-09 15:02:13,595 [IPC Server handler 2 on default port 33477] INFO  ha.SequenceIdGenerator (SequenceIdGenerator.java:getNextId(128)) - Allocate a batch for localId, change lastId from 111677748019200000 to 111677748019201000.
2023-03-09 15:02:13,666 [Listener at 127.0.0.1/39953] INFO  ha.OMHANodeDetails (OMHANodeDetails.java:loadOMHAConfig(121)) - ServiceID for OzoneManager is om-add-remove
2023-03-09 15:02:13,666 [Listener at 127.0.0.1/39953] INFO  ha.OMHANodeDetails (OMHANodeDetails.java:loadOMHAConfig(201)) - Found matching OM address with OMServiceId: om-add-remove, OMNodeId: omNode-bootstrap-1, RPC Address: localhost:34807 and Ratis port: 44723
2023-03-09 15:02:13,667 [Listener at 127.0.0.1/39953] INFO  ha.OMHANodeDetails (ConfUtils.java:setNodeSpecificConfigs(97)) - Setting configuration key ozone.om.http-address with value of key ozone.om.http-address.om-add-remove.omNode-bootstrap-1: 127.0.0.1:45535
2023-03-09 15:02:13,667 [Listener at 127.0.0.1/39953] INFO  ha.OMHANodeDetails (ConfUtils.java:setNodeSpecificConfigs(97)) - Setting configuration key ozone.om.https-address with value of key ozone.om.https-address.om-add-remove.omNode-bootstrap-1: 127.0.0.1:33629
2023-03-09 15:02:13,667 [Listener at 127.0.0.1/39953] INFO  ha.OMHANodeDetails (ConfUtils.java:setNodeSpecificConfigs(97)) - Setting configuration key ozone.om.address with value of key ozone.om.address.om-add-remove.omNode-bootstrap-1: 127.0.0.1:34807
2023-03-09 15:02:13,667 [Listener at 127.0.0.1/39953] WARN  server.ServerUtils (ServerUtils.java:getDBPath(225)) - ozone.om.db.dirs is not configured. We recommend adding this setting. Falling back to ozone.metadata.dirs instead.
2023-03-09 15:02:13,668 [Listener at 127.0.0.1/39953] INFO  ha.SCMNodeInfo (SCMNodeInfo.java:getPort(197)) - ConfigKey ozone.scm.client.address is deprecated, For configuring different ports for each SCM use PortConfigKey ozone.scm.client.port appended with serviceId and nodeId
2023-03-09 15:02:13,668 [Listener at 127.0.0.1/39953] INFO  ha.SCMNodeInfo (SCMNodeInfo.java:getPort(197)) - ConfigKey ozone.scm.block.client.address is deprecated, For configuring different ports for each SCM use PortConfigKey ozone.scm.block.client.port appended with serviceId and nodeId
2023-03-09 15:02:13,668 [Listener at 127.0.0.1/39953] INFO  ha.SCMNodeInfo (SCMNodeInfo.java:getPort(197)) - ConfigKey ozone.scm.datanode.address is deprecated, For configuring different ports for each SCM use PortConfigKey ozone.scm.datanode.port appended with serviceId and nodeId
2023-03-09 15:02:13,668 [Listener at 127.0.0.1/39953] INFO  proxy.SCMBlockLocationFailoverProxyProvider (SCMBlockLocationFailoverProxyProvider.java:<init>(114)) - Created block location fail-over proxy with 1 nodes: [nodeId=scmNode-1,nodeAddress=/127.0.0.1:33477]
OM initialization succeeded.Current cluster id for sd=/home/runner/work/ozone/ozone/hadoop-ozone/integration-test/target/test-dir/MiniOzoneClusterImpl-c8dd39f1-89f8-47ca-b8e4-9b0f9f306b89/omNode-bootstrap-1/om;cid=c8dd39f1-89f8-47ca-b8e4-9b0f9f306b89;layoutVersion=3
2023-03-09 15:02:13,676 [Listener at 127.0.0.1/39953] INFO  ha.OMHANodeDetails (OMHANodeDetails.java:loadOMHAConfig(121)) - ServiceID for OzoneManager is om-add-remove
2023-03-09 15:02:13,676 [Listener at 127.0.0.1/39953] INFO  ha.OMHANodeDetails (OMHANodeDetails.java:loadOMHAConfig(201)) - Found matching OM address with OMServiceId: om-add-remove, OMNodeId: omNode-bootstrap-1, RPC Address: localhost:34807 and Ratis port: 44723
2023-03-09 15:02:13,677 [Listener at 127.0.0.1/39953] INFO  ha.OMHANodeDetails (ConfUtils.java:setNodeSpecificConfigs(97)) - Setting configuration key ozone.om.http-address with value of key ozone.om.http-address.om-add-remove.omNode-bootstrap-1: 127.0.0.1:45535
2023-03-09 15:02:13,677 [Listener at 127.0.0.1/39953] INFO  ha.OMHANodeDetails (ConfUtils.java:setNodeSpecificConfigs(97)) - Setting configuration key ozone.om.https-address with value of key ozone.om.https-address.om-add-remove.omNode-bootstrap-1: 127.0.0.1:33629
2023-03-09 15:02:13,677 [Listener at 127.0.0.1/39953] INFO  ha.OMHANodeDetails (ConfUtils.java:setNodeSpecificConfigs(97)) - Setting configuration key ozone.om.address with value of key ozone.om.address.om-add-remove.omNode-bootstrap-1: 127.0.0.1:34807
2023-03-09 15:02:13,677 [Listener at 127.0.0.1/39953] WARN  server.ServerUtils (ServerUtils.java:getDBPath(225)) - ozone.om.db.dirs is not configured. We recommend adding this setting. Falling back to ozone.metadata.dirs instead.
2023-03-09 15:02:13,678 [Listener at 127.0.0.1/39953] INFO  upgrade.AbstractLayoutVersionManager (AbstractLayoutVersionManager.java:init(83)) - Initializing Layout version manager with metadata layout = MULTITENANCY_SCHEMA (version = 3), software layout = MULTITENANCY_SCHEMA (version = 3)
2023-03-09 15:02:13,743 [126d5446-786c-45f2-bbbe-001b0b6f97a9@group-CC2CB63CBFDA-FollowerState] INFO  impl.FollowerState (FollowerState.java:run(143)) - 126d5446-786c-45f2-bbbe-001b0b6f97a9@group-CC2CB63CBFDA-FollowerState: change to CANDIDATE, lastRpcElapsedTime:5197310043ns, electionTimeout:5196ms
2023-03-09 15:02:13,743 [126d5446-786c-45f2-bbbe-001b0b6f97a9@group-CC2CB63CBFDA-FollowerState] INFO  impl.RoleInfo (RoleInfo.java:shutdownFollowerState(110)) - 126d5446-786c-45f2-bbbe-001b0b6f97a9: shutdown 126d5446-786c-45f2-bbbe-001b0b6f97a9@group-CC2CB63CBFDA-FollowerState
2023-03-09 15:02:13,743 [126d5446-786c-45f2-bbbe-001b0b6f97a9@group-CC2CB63CBFDA-FollowerState] INFO  server.RaftServer$Division (RaftServerImpl.java:setRole(321)) - 126d5446-786c-45f2-bbbe-001b0b6f97a9@group-CC2CB63CBFDA: changes role from  FOLLOWER to CANDIDATE at term 0 for changeToCandidate
2023-03-09 15:02:13,743 [126d5446-786c-45f2-bbbe-001b0b6f97a9@group-CC2CB63CBFDA-FollowerState] INFO  server.RaftServerConfigKeys (ConfUtils.java:logGet(46)) - raft.server.leaderelection.pre-vote = true (default)
2023-03-09 15:02:13,743 [126d5446-786c-45f2-bbbe-001b0b6f97a9@group-CC2CB63CBFDA-FollowerState] INFO  impl.RoleInfo (RoleInfo.java:updateAndGet(139)) - 126d5446-786c-45f2-bbbe-001b0b6f97a9: start 126d5446-786c-45f2-bbbe-001b0b6f97a9@group-CC2CB63CBFDA-LeaderElection61
2023-03-09 15:02:13,748 [126d5446-786c-45f2-bbbe-001b0b6f97a9@group-CC2CB63CBFDA-LeaderElection61] INFO  impl.LeaderElection (LeaderElection.java:askForVotes(312)) - 126d5446-786c-45f2-bbbe-001b0b6f97a9@group-CC2CB63CBFDA-LeaderElection61 PRE_VOTE round 0: submit vote requests at term 0 for -1: peers:[126d5446-786c-45f2-bbbe-001b0b6f97a9|rpc:127.0.0.1:43541|dataStream:127.0.0.1:41323|priority:1|startupRole:FOLLOWER]|listeners:[], old=null
2023-03-09 15:02:13,748 [126d5446-786c-45f2-bbbe-001b0b6f97a9@group-CC2CB63CBFDA-LeaderElection61] INFO  impl.LeaderElection (LeaderElection.java:askForVotes(314)) - 126d5446-786c-45f2-bbbe-001b0b6f97a9@group-CC2CB63CBFDA-LeaderElection61 PRE_VOTE round 0: result PASSED (term=0)
2023-03-09 15:02:13,753 [126d5446-786c-45f2-bbbe-001b0b6f97a9@group-CC2CB63CBFDA-LeaderElection61] INFO  impl.LeaderElection (LeaderElection.java:askForVotes(312)) - 126d5446-786c-45f2-bbbe-001b0b6f97a9@group-CC2CB63CBFDA-LeaderElection61 ELECTION round 0: submit vote requests at term 1 for -1: peers:[126d5446-786c-45f2-bbbe-001b0b6f97a9|rpc:127.0.0.1:43541|dataStream:127.0.0.1:41323|priority:1|startupRole:FOLLOWER]|listeners:[], old=null
2023-03-09 15:02:13,753 [126d5446-786c-45f2-bbbe-001b0b6f97a9@group-CC2CB63CBFDA-LeaderElection61] INFO  impl.LeaderElection (LeaderElection.java:askForVotes(314)) - 126d5446-786c-45f2-bbbe-001b0b6f97a9@group-CC2CB63CBFDA-LeaderElection61 ELECTION round 0: result PASSED (term=1)
2023-03-09 15:02:13,753 [126d5446-786c-45f2-bbbe-001b0b6f97a9@group-CC2CB63CBFDA-LeaderElection61] INFO  impl.RoleInfo (RoleInfo.java:shutdownLeaderElection(130)) - 126d5446-786c-45f2-bbbe-001b0b6f97a9: shutdown 126d5446-786c-45f2-bbbe-001b0b6f97a9@group-CC2CB63CBFDA-LeaderElection61
2023-03-09 15:02:13,753 [126d5446-786c-45f2-bbbe-001b0b6f97a9@group-CC2CB63CBFDA-LeaderElection61] INFO  server.RaftServer$Division (RaftServerImpl.java:setRole(321)) - 126d5446-786c-45f2-bbbe-001b0b6f97a9@group-CC2CB63CBFDA: changes role from CANDIDATE to LEADER at term 1 for changeToLeader
2023-03-09 15:02:13,753 [126d5446-786c-45f2-bbbe-001b0b6f97a9@group-CC2CB63CBFDA-LeaderElection61] INFO  ratis.XceiverServerRatis (XceiverServerRatis.java:handleLeaderChangedNotification(905)) - Leader change notification received for group: group-CC2CB63CBFDA with new leaderId: 126d5446-786c-45f2-bbbe-001b0b6f97a9
2023-03-09 15:02:13,758 [126d5446-786c-45f2-bbbe-001b0b6f97a9@group-CC2CB63CBFDA-LeaderElection61] INFO  server.RaftServer$Division (ServerState.java:setLeader(313)) - 126d5446-786c-45f2-bbbe-001b0b6f97a9@group-CC2CB63CBFDA: change Leader from null to 126d5446-786c-45f2-bbbe-001b0b6f97a9 at term 1 for becomeLeader, leader elected after 5226ms
2023-03-09 15:02:13,758 [126d5446-786c-45f2-bbbe-001b0b6f97a9@group-CC2CB63CBFDA-LeaderElection61] INFO  server.RaftServerConfigKeys (ConfUtils.java:logGet(46)) - raft.server.staging.catchup.gap = 1000 (default)
2023-03-09 15:02:13,761 [126d5446-786c-45f2-bbbe-001b0b6f97a9@group-CC2CB63CBFDA-LeaderElection61] INFO  server.RaftServerConfigKeys (ConfUtils.java:logGet(46)) - raft.server.write.element-limit = 1024 (custom)
2023-03-09 15:02:13,761 [126d5446-786c-45f2-bbbe-001b0b6f97a9@group-CC2CB63CBFDA-LeaderElection61] INFO  server.RaftServerConfigKeys (ConfUtils.java:logGet(46)) - raft.server.write.byte-limit = 1024 M (=1073741824) (custom)
2023-03-09 15:02:13,761 [126d5446-786c-45f2-bbbe-001b0b6f97a9@group-CC2CB63CBFDA-LeaderElection61] INFO  server.RaftServerConfigKeys (ConfUtils.java:logGet(46)) - raft.server.watch.timeout = 180s (custom)
2023-03-09 15:02:13,762 [126d5446-786c-45f2-bbbe-001b0b6f97a9@group-CC2CB63CBFDA-LeaderElection61] INFO  server.RaftServerConfigKeys (ConfUtils.java:logGet(46)) - raft.server.watch.timeout.denomination = 1s (default)
2023-03-09 15:02:13,762 [126d5446-786c-45f2-bbbe-001b0b6f97a9@group-CC2CB63CBFDA-LeaderElection61] INFO  server.RaftServerConfigKeys (ConfUtils.java:logGet(46)) - raft.server.watch.element-limit = 65536 (default)
2023-03-09 15:02:13,762 [126d5446-786c-45f2-bbbe-001b0b6f97a9@group-CC2CB63CBFDA-LeaderElection61] INFO  server.RaftServerConfigKeys (ConfUtils.java:logGet(46)) - raft.server.write.element-limit = 1024 (custom)
2023-03-09 15:02:13,762 [126d5446-786c-45f2-bbbe-001b0b6f97a9@group-CC2CB63CBFDA-LeaderElection61] INFO  server.RaftServerConfigKeys (ConfUtils.java:logGet(46)) - raft.server.write.follower.gap.ratio.max = -1.0 (default)
2023-03-09 15:02:13,762 [126d5446-786c-45f2-bbbe-001b0b6f97a9@group-CC2CB63CBFDA-LeaderElection61] INFO  impl.RoleInfo (RoleInfo.java:updateAndGet(139)) - 126d5446-786c-45f2-bbbe-001b0b6f97a9: start 126d5446-786c-45f2-bbbe-001b0b6f97a9@group-CC2CB63CBFDA-LeaderStateImpl
2023-03-09 15:02:13,762 [Listener at 127.0.0.1/39953] INFO  reflections.Reflections (Reflections.java:scan(232)) - Reflections took 83 ms to scan 2 urls, producing 167 keys and 459 values [using 2 cores]
2023-03-09 15:02:13,763 [Listener at 127.0.0.1/39953] INFO  upgrade.OMLayoutVersionManager (OMLayoutVersionManager.java:lambda$0(115)) - Skipping Upgrade Action MockOmUpgradeAction since it has been finalized.
2023-03-09 15:02:13,763 [126d5446-786c-45f2-bbbe-001b0b6f97a9@group-CC2CB63CBFDA-LeaderElection61] INFO  segmented.SegmentedRaftLogWorker (SegmentedRaftLogWorker.java:startLogSegment(452)) - 126d5446-786c-45f2-bbbe-001b0b6f97a9@group-CC2CB63CBFDA-SegmentedRaftLogWorker: Starting segment from index:0
2023-03-09 15:02:13,763 [Listener at 127.0.0.1/39953] WARN  server.ServerUtils (ServerUtils.java:getDBPath(225)) - ozone.om.db.dirs is not configured. We recommend adding this setting. Falling back to ozone.metadata.dirs instead.
2023-03-09 15:02:13,765 [Listener at 127.0.0.1/39953] INFO  ha.SCMNodeInfo (SCMNodeInfo.java:getPort(197)) - ConfigKey ozone.scm.client.address is deprecated, For configuring different ports for each SCM use PortConfigKey ozone.scm.client.port appended with serviceId and nodeId
2023-03-09 15:02:13,765 [Listener at 127.0.0.1/39953] INFO  ha.SCMNodeInfo (SCMNodeInfo.java:getPort(197)) - ConfigKey ozone.scm.block.client.address is deprecated, For configuring different ports for each SCM use PortConfigKey ozone.scm.block.client.port appended with serviceId and nodeId
2023-03-09 15:02:13,765 [Listener at 127.0.0.1/39953] INFO  ha.SCMNodeInfo (SCMNodeInfo.java:getPort(197)) - ConfigKey ozone.scm.datanode.address is deprecated, For configuring different ports for each SCM use PortConfigKey ozone.scm.datanode.port appended with serviceId and nodeId
2023-03-09 15:02:13,765 [Listener at 127.0.0.1/39953] INFO  ha.SCMNodeInfo (SCMNodeInfo.java:getPort(197)) - ConfigKey ozone.scm.client.address is deprecated, For configuring different ports for each SCM use PortConfigKey ozone.scm.client.port appended with serviceId and nodeId
2023-03-09 15:02:13,766 [Listener at 127.0.0.1/39953] INFO  ha.SCMNodeInfo (SCMNodeInfo.java:getPort(197)) - ConfigKey ozone.scm.block.client.address is deprecated, For configuring different ports for each SCM use PortConfigKey ozone.scm.block.client.port appended with serviceId and nodeId
2023-03-09 15:02:13,765 [126d5446-786c-45f2-bbbe-001b0b6f97a9@group-CC2CB63CBFDA-SegmentedRaftLogWorker] INFO  segmented.SegmentedRaftLogWorker (SegmentedRaftLogWorker.java:execute(656)) - 126d5446-786c-45f2-bbbe-001b0b6f97a9@group-CC2CB63CBFDA-SegmentedRaftLogWorker: created new log segment /home/runner/work/ozone/ozone/hadoop-ozone/integration-test/target/test-dir/MiniOzoneClusterImpl-c8dd39f1-89f8-47ca-b8e4-9b0f9f306b89/datanode-2/data/ratis/e0caf132-b0ce-4d31-a2d5-cc2cb63cbfda/current/log_inprogress_0
2023-03-09 15:02:13,766 [Listener at 127.0.0.1/39953] INFO  ha.SCMNodeInfo (SCMNodeInfo.java:getPort(197)) - ConfigKey ozone.scm.datanode.address is deprecated, For configuring different ports for each SCM use PortConfigKey ozone.scm.datanode.port appended with serviceId and nodeId
2023-03-09 15:02:13,766 [Listener at 127.0.0.1/39953] INFO  proxy.SCMBlockLocationFailoverProxyProvider (SCMBlockLocationFailoverProxyProvider.java:<init>(114)) - Created block location fail-over proxy with 1 nodes: [nodeId=scmNode-1,nodeAddress=/127.0.0.1:33477]
2023-03-09 15:02:13,767 [Listener at 127.0.0.1/39953] INFO  ha.SCMNodeInfo (SCMNodeInfo.java:getPort(197)) - ConfigKey ozone.scm.client.address is deprecated, For configuring different ports for each SCM use PortConfigKey ozone.scm.client.port appended with serviceId and nodeId
2023-03-09 15:02:13,767 [Listener at 127.0.0.1/39953] INFO  ha.SCMNodeInfo (SCMNodeInfo.java:getPort(197)) - ConfigKey ozone.scm.block.client.address is deprecated, For configuring different ports for each SCM use PortConfigKey ozone.scm.block.client.port appended with serviceId and nodeId
2023-03-09 15:02:13,768 [Listener at 127.0.0.1/39953] INFO  ha.SCMNodeInfo (SCMNodeInfo.java:getPort(197)) - ConfigKey ozone.scm.datanode.address is deprecated, For configuring different ports for each SCM use PortConfigKey ozone.scm.datanode.port appended with serviceId and nodeId
2023-03-09 15:02:13,768 [Listener at 127.0.0.1/39953] INFO  proxy.SCMBlockLocationFailoverProxyProvider (SCMBlockLocationFailoverProxyProvider.java:<init>(114)) - Created block location fail-over proxy with 1 nodes: [nodeId=scmNode-1,nodeAddress=/127.0.0.1:33477]
2023-03-09 15:02:13,769 [126d5446-786c-45f2-bbbe-001b0b6f97a9@group-CC2CB63CBFDA-LeaderElection61] INFO  server.RaftServer$Division (ServerState.java:setRaftConf(430)) - 126d5446-786c-45f2-bbbe-001b0b6f97a9@group-CC2CB63CBFDA: set configuration 0: peers:[126d5446-786c-45f2-bbbe-001b0b6f97a9|rpc:127.0.0.1:43541|dataStream:127.0.0.1:41323|priority:1|startupRole:FOLLOWER]|listeners:[], old=null
2023-03-09 15:02:13,775 [Listener at 127.0.0.1/39953] INFO  om.OzoneManager (OzoneManager.java:<init>(619)) - OM start with adminUsers: [runner]
2023-03-09 15:02:13,776 [Listener at 127.0.0.1/39953] WARN  server.ServerUtils (ServerUtils.java:getDBPath(225)) - ozone.om.db.dirs is not configured. We recommend adding this setting. Falling back to ozone.metadata.dirs instead.
2023-03-09 15:02:13,777 [Listener at 127.0.0.1/39953] INFO  codec.OmKeyInfoCodec (OmKeyInfoCodec.java:<init>(49)) - OmKeyInfoCodec ignorePipeline = true
2023-03-09 15:02:13,777 [Listener at 127.0.0.1/39953] INFO  codec.RepeatedOmKeyInfoCodec (RepeatedOmKeyInfoCodec.java:<init>(41)) - RepeatedOmKeyInfoCodec ignorePipeline = true
2023-03-09 15:02:13,892 [EndpointStateMachine task thread for /127.0.0.1:36681 - 0 ] INFO  ipc.Client (Client.java:handleConnectionFailure(1010)) - Retrying connect to server: localhost/127.0.0.1:36681. Already tried 13 time(s); retry policy is RetryUpToMaximumCountWithFixedSleep(maxRetries=15, sleepTime=1000 MILLISECONDS)
2023-03-09 15:02:14,013 [Listener at 127.0.0.1/39953] INFO  om.OzoneManager (OzoneManager.java:instantiateServices(749)) - S3 Multi-Tenancy is disabled
2023-03-09 15:02:14,014 [Listener at 127.0.0.1/39953] WARN  server.ServerUtils (ServerUtils.java:getDBPath(225)) - ozone.om.snapshot.diff.db.dir is not configured. We recommend adding this setting. Falling back to ozone.metadata.dirs instead.
2023-03-09 15:02:14,026 [Listener at 127.0.0.1/39953] INFO  om.OzoneManager (OzoneManager.java:addS3GVolumeToDB(4217)) - Created Volume s3v With Owner runner required for S3Gateway operations.
2023-03-09 15:02:14,027 [Listener at 127.0.0.1/39953] WARN  server.ServerUtils (ServerUtils.java:getDefaultRatisDirectory(237)) - Storage directory for Ratis is not configured. It is a good idea to map this to an SSD disk. Falling back to ozone.metadata.dirs
2023-03-09 15:02:14,027 [Listener at 127.0.0.1/39953] WARN  utils.OzoneManagerRatisUtils (OzoneManagerRatisUtils.java:getOMRatisSnapshotDirectory(436)) - ozone.om.ratis.snapshot.dir is not configured. Falling back to ozone.metadata.dirs config
2023-03-09 15:02:14,027 [Listener at 127.0.0.1/39953] INFO  snapshot.OzoneManagerSnapshotProvider (OzoneManagerSnapshotProvider.java:<init>(76)) - Initializing OM Snapshot Provider
2023-03-09 15:02:14,028 [Listener at 127.0.0.1/39953] WARN  impl.MetricRegistriesImpl (MetricRegistriesImpl.java:addReporterRegistration(111)) - New reporters are added after registries were created. Some metrics will be missing from the reporter. Please add reporter before adding any new registry.
2023-03-09 15:02:14,029 [Listener at 127.0.0.1/39953] WARN  impl.MetricRegistriesImpl (MetricRegistriesImpl.java:addReporterRegistration(111)) - New reporters are added after registries were created. Some metrics will be missing from the reporter. Please add reporter before adding any new registry.
2023-03-09 15:02:14,029 [Listener at 127.0.0.1/39953] WARN  server.ServerUtils (ServerUtils.java:getDefaultRatisDirectory(237)) - Storage directory for Ratis is not configured. It is a good idea to map this to an SSD disk. Falling back to ozone.metadata.dirs
2023-03-09 15:02:14,032 [Listener at 127.0.0.1/39953] INFO  ratis.OzoneManagerRatisServer (OzoneManagerRatisServer.java:<init>(157)) - OM started in Bootstrap mode. Instantiating OM Ratis server with groupID: om-add-remove
2023-03-09 15:02:14,032 [Listener at 127.0.0.1/39953] INFO  ratis.OzoneManagerStateMachine (OzoneManagerStateMachine.java:loadSnapshotInfoFromDB(636)) - LastAppliedIndex is set from TransactionInfo from OM DB as (t:0, i:~)
2023-03-09 15:02:14,032 [Listener at 127.0.0.1/39953] INFO  server.RaftServer (ConfUtils.java:logGet(46)) - raft.rpc.type = GRPC (default)
2023-03-09 15:02:14,033 [Listener at 127.0.0.1/39953] INFO  grpc.GrpcConfigKeys (ConfUtils.java:logFallback(53)) - raft.grpc.admin.host = null (fallback to raft.grpc.server.host)
2023-03-09 15:02:14,033 [Listener at 127.0.0.1/39953] INFO  grpc.GrpcConfigKeys (ConfUtils.java:logFallback(53)) - raft.grpc.admin.port = 44723 (fallback to raft.grpc.server.port)
2023-03-09 15:02:14,033 [Listener at 127.0.0.1/39953] INFO  grpc.GrpcConfigKeys (ConfUtils.java:logFallback(53)) - raft.grpc.client.host = null (fallback to raft.grpc.server.host)
2023-03-09 15:02:14,033 [Listener at 127.0.0.1/39953] INFO  grpc.GrpcConfigKeys (ConfUtils.java:logFallback(53)) - raft.grpc.client.port = 44723 (fallback to raft.grpc.server.port)
2023-03-09 15:02:14,033 [Listener at 127.0.0.1/39953] INFO  grpc.GrpcConfigKeys (ConfUtils.java:logGet(46)) - raft.grpc.server.host = null (default)
2023-03-09 15:02:14,033 [Listener at 127.0.0.1/39953] INFO  grpc.GrpcConfigKeys (ConfUtils.java:logGet(46)) - raft.grpc.server.port = 44723 (custom)
2023-03-09 15:02:14,034 [Listener at 127.0.0.1/39953] INFO  server.GrpcService (ConfUtils.java:logGet(46)) - raft.grpc.message.size.max = 33554432 (custom)
2023-03-09 15:02:14,034 [Listener at 127.0.0.1/39953] INFO  server.RaftServerConfigKeys (ConfUtils.java:logGet(46)) - raft.server.log.appender.buffer.byte-limit = 33554432 (custom)
2023-03-09 15:02:14,034 [Listener at 127.0.0.1/39953] INFO  server.GrpcService (ConfUtils.java:logGet(46)) - raft.grpc.flow.control.window = 1MB (=1048576) (default)
2023-03-09 15:02:14,034 [Listener at 127.0.0.1/39953] INFO  server.RaftServerConfigKeys (ConfUtils.java:logGet(46)) - raft.server.rpc.request.timeout = 3000ms (default)
2023-03-09 15:02:14,034 [Listener at 127.0.0.1/39953] INFO  grpc.GrpcConfigKeys (ConfUtils.java:logGet(46)) - raft.grpc.server.heartbeat.channel = true (default)
2023-03-09 15:02:14,034 [Listener at 127.0.0.1/39953] INFO  grpc.GrpcConfigKeys (ConfUtils.java:logGet(46)) - raft.grpc.server.async.request.thread.pool.cached = true (default)
2023-03-09 15:02:14,035 [Listener at 127.0.0.1/39953] INFO  grpc.GrpcConfigKeys (ConfUtils.java:logGet(46)) - raft.grpc.server.async.request.thread.pool.size = 32 (default)
2023-03-09 15:02:14,036 [Listener at 127.0.0.1/39953] INFO  impl.DataStreamServerImpl (ConfUtils.java:logGet(46)) - raft.datastream.type = DISABLED (default)
2023-03-09 15:02:14,036 [Listener at 127.0.0.1/39953] INFO  server.RaftServerConfigKeys (ConfUtils.java:logGet(46)) - raft.server.threadpool.proxy.cached = true (default)
2023-03-09 15:02:14,036 [Listener at 127.0.0.1/39953] INFO  server.RaftServerConfigKeys (ConfUtils.java:logGet(46)) - raft.server.threadpool.proxy.size = 0 (default)
2023-03-09 15:02:14,036 [Listener at 127.0.0.1/39953] INFO  server.RaftServerConfigKeys (ConfUtils.java:logGet(46)) - raft.server.rpc.slowness.timeout = 2s (custom)
2023-03-09 15:02:14,036 [Listener at 127.0.0.1/39953] INFO  server.RaftServerConfigKeys (ConfUtils.java:logGet(46)) - raft.server.leaderelection.leader.step-down.wait-time = 10s (default)
2023-03-09 15:02:14,037 [Listener at 127.0.0.1/39953] INFO  server.RaftServerConfigKeys (ConfUtils.java:logGet(46)) - raft.server.storage.dir = [/home/runner/work/ozone/ozone/hadoop-ozone/integration-test/target/test-dir/MiniOzoneClusterImpl-c8dd39f1-89f8-47ca-b8e4-9b0f9f306b89/omNode-bootstrap-1/ratis] (custom)
2023-03-09 15:02:14,037 [Listener at 127.0.0.1/39953] INFO  server.RaftServer (RaftServerProxy.java:addNew(96)) - omNode-bootstrap-1: addNew group-0AAC5367B30E:[] returns group-0AAC5367B30E:java.util.concurrent.CompletableFuture@3f049669[Not completed]
2023-03-09 15:02:14,037 [pool-1199-thread-1] INFO  server.RaftServer$Division (RaftServerImpl.java:<init>(195)) - omNode-bootstrap-1: new RaftServerImpl for group-0AAC5367B30E:[] with OzoneManagerStateMachine:uninitialized
2023-03-09 15:02:14,037 [Listener at 127.0.0.1/39953] INFO  om.OzoneManager (OzoneManager.java:initializeRatisServer(2096)) - OzoneManager Ratis server initialized at port 44723
2023-03-09 15:02:14,038 [Listener at 127.0.0.1/39953] INFO  om.OzoneManager (ConfUtils.java:logGet(46)) - raft.server.rpc.timeout.min = 1s (custom)
2023-03-09 15:02:14,038 [pool-1199-thread-1] INFO  server.RaftServerConfigKeys (ConfUtils.java:logGet(46)) - raft.server.rpc.timeout.max = 1200ms (custom)
2023-03-09 15:02:14,038 [Listener at 127.0.0.1/39953] INFO  om.OzoneManager (OzoneManager.java:getRpcServer(1132)) - Creating RPC Server
2023-03-09 15:02:14,038 [pool-1199-thread-1] INFO  server.RaftServerConfigKeys (ConfUtils.java:logGet(46)) - raft.server.rpc.sleep.time = 25ms (default)
2023-03-09 15:02:14,038 [pool-1199-thread-1] INFO  server.RaftServerConfigKeys (ConfUtils.java:logGet(46)) - raft.server.rpc.slowness.timeout = 2s (custom)
2023-03-09 15:02:14,038 [pool-1199-thread-1] INFO  server.RaftServerConfigKeys (ConfUtils.java:logGet(46)) - raft.server.leaderelection.leader.step-down.wait-time = 10s (default)
2023-03-09 15:02:14,038 [pool-1199-thread-1] INFO  server.RaftServerConfigKeys (ConfUtils.java:logGet(46)) - raft.server.sleep.deviation.threshold = 300ms (default)
2023-03-09 15:02:14,038 [pool-1199-thread-1] INFO  server.RaftServer$Division (ServerState.java:<init>(118)) - omNode-bootstrap-1@group-0AAC5367B30E: ConfigurationManager, init=-1: peers:[]|listeners:[], old=null, confs=<EMPTY_MAP>
2023-03-09 15:02:14,038 [pool-1199-thread-1] INFO  server.RaftServerConfigKeys (ConfUtils.java:logGet(46)) - raft.server.storage.dir = [/home/runner/work/ozone/ozone/hadoop-ozone/integration-test/target/test-dir/MiniOzoneClusterImpl-c8dd39f1-89f8-47ca-b8e4-9b0f9f306b89/omNode-bootstrap-1/ratis] (custom)
2023-03-09 15:02:14,038 [pool-1199-thread-1] INFO  server.RaftServerConfigKeys (ConfUtils.java:logGet(46)) - raft.server.log.corruption.policy = EXCEPTION (default)
2023-03-09 15:02:14,038 [pool-1199-thread-1] INFO  server.RaftServerConfigKeys (ConfUtils.java:logGet(46)) - raft.server.storage.free-space.min = 0MB (=0) (default)
2023-03-09 15:02:14,038 [pool-1199-thread-1] INFO  server.RaftServerConfigKeys (ConfUtils.java:logGet(46)) - raft.server.notification.no-leader.timeout = 2s (custom)
2023-03-09 15:02:14,039 [pool-1199-thread-1] INFO  server.RaftServerConfigKeys (ConfUtils.java:logGet(46)) - raft.server.retrycache.expirytime = 300s (custom)
2023-03-09 15:02:14,039 [pool-1199-thread-1] INFO  server.RaftServerConfigKeys (ConfUtils.java:logGet(46)) - raft.server.retrycache.statistics.expirytime = 100μs (default)
2023-03-09 15:02:14,039 [pool-1199-thread-1] INFO  server.RaftServerConfigKeys (ConfUtils.java:logGet(46)) - raft.server.log.appender.install.snapshot.enabled = false (custom)
2023-03-09 15:02:14,039 [pool-1199-thread-1] INFO  server.RaftServerConfigKeys (ConfUtils.java:logGet(46)) - raft.server.threadpool.server.cached = true (default)
2023-03-09 15:02:14,039 [pool-1199-thread-1] INFO  server.RaftServerConfigKeys (ConfUtils.java:logGet(46)) - raft.server.threadpool.server.size = 0 (default)
2023-03-09 15:02:14,039 [pool-1199-thread-1] INFO  server.RaftServerConfigKeys (ConfUtils.java:logGet(46)) - raft.server.threadpool.client.cached = true (default)
2023-03-09 15:02:14,039 [pool-1199-thread-1] INFO  server.RaftServerConfigKeys (ConfUtils.java:logGet(46)) - raft.server.threadpool.client.size = 0 (default)
2023-03-09 15:02:14,059 [EndpointStateMachine task thread for /127.0.0.1:35467 - 0 ] INFO  ipc.Client (Client.java:handleConnectionFailure(1010)) - Retrying connect to server: localhost/127.0.0.1:35467. Already tried 4 time(s); retry policy is RetryUpToMaximumCountWithFixedSleep(maxRetries=15, sleepTime=1000 MILLISECONDS)
2023-03-09 15:02:14,686 [JvmPauseMonitor41] WARN  util.JvmPauseMonitor (JvmPauseMonitor.java:detectPause(126)) - JvmPauseMonitor-126d5446-786c-45f2-bbbe-001b0b6f97a9: Detected pause in JVM or host machine (eg GC): pause of approximately 102417308ns.
GC pool 'PS MarkSweep' had collection(s): count=1 time=336ms
GC pool 'PS Scavenge' had collection(s): count=1 time=95ms
2023-03-09 15:02:14,695 [JvmPauseMonitor37] WARN  util.JvmPauseMonitor (JvmPauseMonitor.java:detectPause(126)) - JvmPauseMonitor-9c2c9161-baeb-4919-a38f-0ea4e5b0accf: Detected pause in JVM or host machine (eg GC): pause of approximately 357934251ns.
GC pool 'PS MarkSweep' had collection(s): count=1 time=336ms
GC pool 'PS Scavenge' had collection(s): count=1 time=95ms
2023-03-09 15:02:14,695 [JvmPauseMonitor39] WARN  util.JvmPauseMonitor (JvmPauseMonitor.java:detectPause(126)) - JvmPauseMonitor-29c9a1c1-e3f8-4fe7-8970-336a6086cca1: Detected pause in JVM or host machine (eg GC): pause of approximately 357964351ns.
GC pool 'PS MarkSweep' had collection(s): count=1 time=336ms
GC pool 'PS Scavenge' had collection(s): count=1 time=95ms
2023-03-09 15:02:14,697 [JvmPauseMonitor38] WARN  util.JvmPauseMonitor (JvmPauseMonitor.java:detectPause(126)) - JvmPauseMonitor-omNode-1: Detected pause in JVM or host machine (eg GC): pause of approximately 423895601ns.
GC pool 'PS MarkSweep' had collection(s): count=1 time=336ms
GC pool 'PS Scavenge' had collection(s): count=1 time=95ms
2023-03-09 15:02:14,833 [Listener at 127.0.0.1/39953] INFO  reflections.Reflections (Reflections.java:scan(232)) - Reflections took 794 ms to scan 19 urls, producing 68 keys and 4914 values [using 2 cores]
2023-03-09 15:02:14,835 [Listener at 127.0.0.1/39953] INFO  ipc.CallQueueManager (CallQueueManager.java:<init>(90)) - Using callQueue: class java.util.concurrent.LinkedBlockingQueue, queueCapacity: 2000, scheduler: class org.apache.hadoop.ipc.DefaultRpcScheduler, ipcBackoff: false.
2023-03-09 15:02:14,840 [Socket Reader #1 for port 34807] INFO  ipc.Server (Server.java:run(1273)) - Starting Socket Reader #1 for port 34807
2023-03-09 15:02:14,864 [Listener at 127.0.0.1/34807] ERROR om.OzoneManager (OzoneManager.java:checkConfigBeforeBootstrap(1758)) - Remote OM config check failed on OM omNode-1
java.io.IOException: Remote OM omNode-1 does not have the bootstrapping OM(omNode-bootstrap-1) information on reloading configs or it could not resolve the address.
	at org.apache.hadoop.ozone.om.OzoneManager.checkRemoteOMConfig(OzoneManager.java:1790)
	at org.apache.hadoop.ozone.om.OzoneManager.checkConfigBeforeBootstrap(OzoneManager.java:1756)
	at org.apache.hadoop.ozone.om.OzoneManager.start(OzoneManager.java:1543)
	at org.apache.hadoop.ozone.MiniOzoneHAClusterImpl$MiniOzoneHAService.startInactiveService(MiniOzoneHAClusterImpl.java:1034)
	at org.apache.hadoop.ozone.MiniOzoneHAClusterImpl.startInactiveOM(MiniOzoneHAClusterImpl.java:214)
	at org.apache.hadoop.ozone.MiniOzoneHAClusterImpl.bootstrapNewOM(MiniOzoneHAClusterImpl.java:868)
	at org.apache.hadoop.ozone.MiniOzoneHAClusterImpl.bootstrapOzoneManager(MiniOzoneHAClusterImpl.java:778)
	at org.apache.hadoop.ozone.om.TestAddRemoveOzoneManager.testBootstrapWithoutConfigUpdate(TestAddRemoveOzoneManager.java:233)
	at sun.reflect.NativeMethodAccessorImpl.invoke0(Native Method)
	at sun.reflect.NativeMethodAccessorImpl.invoke(NativeMethodAccessorImpl.java:62)
	at sun.reflect.DelegatingMethodAccessorImpl.invoke(DelegatingMethodAccessorImpl.java:43)
	at java.lang.reflect.Method.invoke(Method.java:498)
	at org.junit.platform.commons.util.ReflectionUtils.invokeMethod(ReflectionUtils.java:725)
	at org.junit.jupiter.engine.execution.MethodInvocation.proceed(MethodInvocation.java:60)
	at org.junit.jupiter.engine.execution.InvocationInterceptorChain$ValidatingInvocation.proceed(InvocationInterceptorChain.java:131)
	at org.junit.jupiter.engine.extension.TimeoutInvocation.proceed(TimeoutInvocation.java:46)
	at org.junit.jupiter.engine.extension.TimeoutExtension.intercept(TimeoutExtension.java:149)
	at org.junit.jupiter.engine.extension.TimeoutExtension.interceptTestableMethod(TimeoutExtension.java:140)
	at org.junit.jupiter.engine.extension.TimeoutExtension.interceptTestMethod(TimeoutExtension.java:84)
	at org.junit.jupiter.engine.execution.ExecutableInvoker$ReflectiveInterceptorCall.lambda$ofVoidMethod$0(ExecutableInvoker.java:115)
	at org.junit.jupiter.engine.execution.ExecutableInvoker.lambda$invoke$0(ExecutableInvoker.java:105)
	at org.junit.jupiter.engine.execution.InvocationInterceptorChain$InterceptedInvocation.proceed(InvocationInterceptorChain.java:106)
	at org.junit.jupiter.engine.execution.InvocationInterceptorChain.proceed(InvocationInterceptorChain.java:64)
	at org.junit.jupiter.engine.execution.InvocationInterceptorChain.chainAndInvoke(InvocationInterceptorChain.java:45)
	at org.junit.jupiter.engine.execution.InvocationInterceptorChain.invoke(InvocationInterceptorChain.java:37)
	at org.junit.jupiter.engine.execution.ExecutableInvoker.invoke(ExecutableInvoker.java:104)
	at org.junit.jupiter.engine.execution.ExecutableInvoker.invoke(ExecutableInvoker.java:98)
	at org.junit.jupiter.engine.descriptor.TestMethodTestDescriptor.lambda$invokeTestMethod$7(TestMethodTestDescriptor.java:214)
	at org.junit.platform.engine.support.hierarchical.ThrowableCollector.execute(ThrowableCollector.java:73)
	at org.junit.jupiter.engine.descriptor.TestMethodTestDescriptor.invokeTestMethod(TestMethodTestDescriptor.java:210)
	at org.junit.jupiter.engine.descriptor.TestMethodTestDescriptor.execute(TestMethodTestDescriptor.java:135)
	at org.junit.jupiter.engine.descriptor.TestMethodTestDescriptor.execute(TestMethodTestDescriptor.java:66)
	at org.junit.platform.engine.support.hierarchical.NodeTestTask.lambda$executeRecursively$6(NodeTestTask.java:151)
	at org.junit.platform.engine.support.hierarchical.ThrowableCollector.execute(ThrowableCollector.java:73)
	at org.junit.platform.engine.support.hierarchical.NodeTestTask.lambda$executeRecursively$8(NodeTestTask.java:141)
	at org.junit.platform.engine.support.hierarchical.Node.around(Node.java:137)
	at org.junit.platform.engine.support.hierarchical.NodeTestTask.lambda$executeRecursively$9(NodeTestTask.java:139)
	at org.junit.platform.engine.support.hierarchical.ThrowableCollector.execute(ThrowableCollector.java:73)
	at org.junit.platform.engine.support.hierarchical.NodeTestTask.executeRecursively(NodeTestTask.java:138)
	at org.junit.platform.engine.support.hierarchical.NodeTestTask.execute(NodeTestTask.java:95)
	at java.util.ArrayList.forEach(ArrayList.java:1259)
	at org.junit.platform.engine.support.hierarchical.SameThreadHierarchicalTestExecutorService.invokeAll(SameThreadHierarchicalTestExecutorService.java:41)
	at org.junit.platform.engine.support.hierarchical.NodeTestTask.lambda$executeRecursively$6(NodeTestTask.java:155)
	at org.junit.platform.engine.support.hierarchical.ThrowableCollector.execute(ThrowableCollector.java:73)
	at org.junit.platform.engine.support.hierarchical.NodeTestTask.lambda$executeRecursively$8(NodeTestTask.java:141)
	at org.junit.platform.engine.support.hierarchical.Node.around(Node.java:137)
	at org.junit.platform.engine.support.hierarchical.NodeTestTask.lambda$executeRecursively$9(NodeTestTask.java:139)
	at org.junit.platform.engine.support.hierarchical.ThrowableCollector.execute(ThrowableCollector.java:73)
	at org.junit.platform.engine.support.hierarchical.NodeTestTask.executeRecursively(NodeTestTask.java:138)
	at org.junit.platform.engine.support.hierarchical.NodeTestTask.execute(NodeTestTask.java:95)
	at java.util.ArrayList.forEach(ArrayList.java:1259)
	at org.junit.platform.engine.support.hierarchical.SameThreadHierarchicalTestExecutorService.invokeAll(SameThreadHierarchicalTestExecutorService.java:41)
	at org.junit.platform.engine.support.hierarchical.NodeTestTask.lambda$executeRecursively$6(NodeTestTask.java:155)
	at org.junit.platform.engine.support.hierarchical.ThrowableCollector.execute(ThrowableCollector.java:73)
	at org.junit.platform.engine.support.hierarchical.NodeTestTask.lambda$executeRecursively$8(NodeTestTask.java:141)
	at org.junit.platform.engine.support.hierarchical.Node.around(Node.java:137)
	at org.junit.platform.engine.support.hierarchical.NodeTestTask.lambda$executeRecursively$9(NodeTestTask.java:139)
	at org.junit.platform.engine.support.hierarchical.ThrowableCollector.execute(ThrowableCollector.java:73)
	at org.junit.platform.engine.support.hierarchical.NodeTestTask.executeRecursively(NodeTestTask.java:138)
	at org.junit.platform.engine.support.hierarchical.NodeTestTask.execute(NodeTestTask.java:95)
	at org.junit.platform.engine.support.hierarchical.SameThreadHierarchicalTestExecutorService.submit(SameThreadHierarchicalTestExecutorService.java:35)
	at org.junit.platform.engine.support.hierarchical.HierarchicalTestExecutor.execute(HierarchicalTestExecutor.java:57)
	at org.junit.platform.engine.support.hierarchical.HierarchicalTestEngine.execute(HierarchicalTestEngine.java:54)
	at org.junit.platform.launcher.core.EngineExecutionOrchestrator.execute(EngineExecutionOrchestrator.java:107)
	at org.junit.platform.launcher.core.EngineExecutionOrchestrator.execute(EngineExecutionOrchestrator.java:88)
	at org.junit.platform.launcher.core.EngineExecutionOrchestrator.lambda$execute$0(EngineExecutionOrchestrator.java:54)
	at org.junit.platform.launcher.core.EngineExecutionOrchestrator.withInterceptedStreams(EngineExecutionOrchestrator.java:67)
	at org.junit.platform.launcher.core.EngineExecutionOrchestrator.execute(EngineExecutionOrchestrator.java:52)
	at org.junit.platform.launcher.core.DefaultLauncher.execute(DefaultLauncher.java:114)
	at org.junit.platform.launcher.core.DefaultLauncher.execute(DefaultLauncher.java:86)
	at org.junit.platform.launcher.core.DefaultLauncherSession$DelegatingLauncher.execute(DefaultLauncherSession.java:86)
	at org.junit.platform.launcher.core.SessionPerRequestLauncher.execute(SessionPerRequestLauncher.java:53)
	at org.apache.maven.surefire.junitplatform.JUnitPlatformProvider.invokeAllTests(JUnitPlatformProvider.java:165)
	at org.apache.maven.surefire.junitplatform.JUnitPlatformProvider.invoke(JUnitPlatformProvider.java:124)
	at org.apache.maven.surefire.booter.ForkedBooter.runSuitesInProcess(ForkedBooter.java:428)
	at org.apache.maven.surefire.booter.ForkedBooter.execute(ForkedBooter.java:162)
	at org.apache.maven.surefire.booter.ForkedBooter.run(ForkedBooter.java:562)
	at org.apache.maven.surefire.booter.ForkedBooter.main(ForkedBooter.java:548)
2023-03-09 15:02:14,865 [Listener at 127.0.0.1/34807] ERROR ozone.MiniOzoneHAClusterImpl (MiniOzoneHAClusterImpl.java:exitSystem(1092)) - omNode-bootstrap-1 - System Exit: OM [omNode-1[localhost:39953]] do not have or have incorrect information of the bootstrapping OM. Update their ozone-site.xml before proceeding.
2023-03-09 15:02:14,865 [Listener at 127.0.0.1/34807] INFO  om.OzoneManager (OzoneManager.java:stop(2155)) - omNode-bootstrap-1[localhost:34807]: Stopping Ozone Manager
2023-03-09 15:02:14,865 [Listener at 127.0.0.1/34807] INFO  ipc.Server (Server.java:stop(3428)) - Stopping server on 34807
2023-03-09 15:02:14,866 [Listener at 127.0.0.1/34807] INFO  ratis.OzoneManagerStateMachine (OzoneManagerStateMachine.java:close(499)) - StateMachine has shutdown. Shutdown OzoneManager if not already shutdown.
2023-03-09 15:02:14,866 [Listener at 127.0.0.1/34807] INFO  ratis.OzoneManagerDoubleBuffer (OzoneManagerDoubleBuffer.java:stopDaemon(540)) - Stopping OMDoubleBuffer flush thread
2023-03-09 15:02:14,866 [OMDoubleBufferFlushThread] INFO  ratis.OzoneManagerDoubleBuffer (OzoneManagerDoubleBuffer.java:canFlush(625)) - OMDoubleBuffer flush thread OMDoubleBufferFlushThread is interrupted and will exit.
2023-03-09 15:02:14,871 [Listener at 127.0.0.1/34807] INFO  ha.OMHANodeDetails (OMHANodeDetails.java:loadOMHAConfig(121)) - ServiceID for OzoneManager is om-add-remove
2023-03-09 15:02:14,871 [Listener at 127.0.0.1/34807] INFO  ha.OMHANodeDetails (OMHANodeDetails.java:loadOMHAConfig(201)) - Found matching OM address with OMServiceId: om-add-remove, OMNodeId: omNode-bootstrap-2, RPC Address: localhost:43559 and Ratis port: 41771
2023-03-09 15:02:14,871 [Listener at 127.0.0.1/34807] INFO  ha.OMHANodeDetails (ConfUtils.java:setNodeSpecificConfigs(97)) - Setting configuration key ozone.om.http-address with value of key ozone.om.http-address.om-add-remove.omNode-bootstrap-2: 127.0.0.1:37517
2023-03-09 15:02:14,871 [Listener at 127.0.0.1/34807] INFO  ha.OMHANodeDetails (ConfUtils.java:setNodeSpecificConfigs(97)) - Setting configuration key ozone.om.https-address with value of key ozone.om.https-address.om-add-remove.omNode-bootstrap-2: 127.0.0.1:35601
2023-03-09 15:02:14,871 [Listener at 127.0.0.1/34807] INFO  ha.OMHANodeDetails (ConfUtils.java:setNodeSpecificConfigs(97)) - Setting configuration key ozone.om.address with value of key ozone.om.address.om-add-remove.omNode-bootstrap-2: 127.0.0.1:43559
2023-03-09 15:02:14,872 [Listener at 127.0.0.1/34807] WARN  server.ServerUtils (ServerUtils.java:getDBPath(225)) - ozone.om.db.dirs is not configured. We recommend adding this setting. Falling back to ozone.metadata.dirs instead.
2023-03-09 15:02:14,872 [Listener at 127.0.0.1/34807] INFO  ha.SCMNodeInfo (SCMNodeInfo.java:getPort(197)) - ConfigKey ozone.scm.client.address is deprecated, For configuring different ports for each SCM use PortConfigKey ozone.scm.client.port appended with serviceId and nodeId
2023-03-09 15:02:14,873 [Listener at 127.0.0.1/34807] INFO  ha.SCMNodeInfo (SCMNodeInfo.java:getPort(197)) - ConfigKey ozone.scm.block.client.address is deprecated, For configuring different ports for each SCM use PortConfigKey ozone.scm.block.client.port appended with serviceId and nodeId
2023-03-09 15:02:14,873 [Listener at 127.0.0.1/34807] INFO  ha.SCMNodeInfo (SCMNodeInfo.java:getPort(197)) - ConfigKey ozone.scm.datanode.address is deprecated, For configuring different ports for each SCM use PortConfigKey ozone.scm.datanode.port appended with serviceId and nodeId
2023-03-09 15:02:14,873 [Listener at 127.0.0.1/34807] INFO  proxy.SCMBlockLocationFailoverProxyProvider (SCMBlockLocationFailoverProxyProvider.java:<init>(114)) - Created block location fail-over proxy with 1 nodes: [nodeId=scmNode-1,nodeAddress=/127.0.0.1:33477]
OM initialization succeeded.Current cluster id for sd=/home/runner/work/ozone/ozone/hadoop-ozone/integration-test/target/test-dir/MiniOzoneClusterImpl-c8dd39f1-89f8-47ca-b8e4-9b0f9f306b89/omNode-bootstrap-2/om;cid=c8dd39f1-89f8-47ca-b8e4-9b0f9f306b89;layoutVersion=3
2023-03-09 15:02:14,881 [Listener at 127.0.0.1/34807] INFO  ha.OMHANodeDetails (OMHANodeDetails.java:loadOMHAConfig(121)) - ServiceID for OzoneManager is om-add-remove
2023-03-09 15:02:14,882 [Listener at 127.0.0.1/34807] INFO  ha.OMHANodeDetails (OMHANodeDetails.java:loadOMHAConfig(201)) - Found matching OM address with OMServiceId: om-add-remove, OMNodeId: omNode-bootstrap-2, RPC Address: localhost:43559 and Ratis port: 41771
2023-03-09 15:02:14,882 [Listener at 127.0.0.1/34807] INFO  ha.OMHANodeDetails (ConfUtils.java:setNodeSpecificConfigs(97)) - Setting configuration key ozone.om.http-address with value of key ozone.om.http-address.om-add-remove.omNode-bootstrap-2: 127.0.0.1:37517
2023-03-09 15:02:14,882 [Listener at 127.0.0.1/34807] INFO  ha.OMHANodeDetails (ConfUtils.java:setNodeSpecificConfigs(97)) - Setting configuration key ozone.om.https-address with value of key ozone.om.https-address.om-add-remove.omNode-bootstrap-2: 127.0.0.1:35601
2023-03-09 15:02:14,882 [Listener at 127.0.0.1/34807] INFO  ha.OMHANodeDetails (ConfUtils.java:setNodeSpecificConfigs(97)) - Setting configuration key ozone.om.address with value of key ozone.om.address.om-add-remove.omNode-bootstrap-2: 127.0.0.1:43559
2023-03-09 15:02:14,882 [Listener at 127.0.0.1/34807] WARN  server.ServerUtils (ServerUtils.java:getDBPath(225)) - ozone.om.db.dirs is not configured. We recommend adding this setting. Falling back to ozone.metadata.dirs instead.
2023-03-09 15:02:14,884 [Listener at 127.0.0.1/34807] INFO  upgrade.AbstractLayoutVersionManager (AbstractLayoutVersionManager.java:init(83)) - Initializing Layout version manager with metadata layout = MULTITENANCY_SCHEMA (version = 3), software layout = MULTITENANCY_SCHEMA (version = 3)
2023-03-09 15:02:14,892 [EndpointStateMachine task thread for /127.0.0.1:36681 - 0 ] INFO  ipc.Client (Client.java:handleConnectionFailure(1010)) - Retrying connect to server: localhost/127.0.0.1:36681. Already tried 14 time(s); retry policy is RetryUpToMaximumCountWithFixedSleep(maxRetries=15, sleepTime=1000 MILLISECONDS)
2023-03-09 15:02:14,958 [Listener at 127.0.0.1/34807] INFO  reflections.Reflections (Reflections.java:scan(232)) - Reflections took 72 ms to scan 2 urls, producing 167 keys and 459 values [using 2 cores]
2023-03-09 15:02:14,958 [Listener at 127.0.0.1/34807] INFO  upgrade.OMLayoutVersionManager (OMLayoutVersionManager.java:lambda$0(115)) - Skipping Upgrade Action MockOmUpgradeAction since it has been finalized.
2023-03-09 15:02:14,958 [Listener at 127.0.0.1/34807] WARN  server.ServerUtils (ServerUtils.java:getDBPath(225)) - ozone.om.db.dirs is not configured. We recommend adding this setting. Falling back to ozone.metadata.dirs instead.
2023-03-09 15:02:14,959 [Listener at 127.0.0.1/34807] INFO  ha.SCMNodeInfo (SCMNodeInfo.java:getPort(197)) - ConfigKey ozone.scm.client.address is deprecated, For configuring different ports for each SCM use PortConfigKey ozone.scm.client.port appended with serviceId and nodeId
2023-03-09 15:02:14,959 [Listener at 127.0.0.1/34807] INFO  ha.SCMNodeInfo (SCMNodeInfo.java:getPort(197)) - ConfigKey ozone.scm.block.client.address is deprecated, For configuring different ports for each SCM use PortConfigKey ozone.scm.block.client.port appended with serviceId and nodeId
2023-03-09 15:02:14,959 [Listener at 127.0.0.1/34807] INFO  ha.SCMNodeInfo (SCMNodeInfo.java:getPort(197)) - ConfigKey ozone.scm.datanode.address is deprecated, For configuring different ports for each SCM use PortConfigKey ozone.scm.datanode.port appended with serviceId and nodeId
2023-03-09 15:02:14,959 [Listener at 127.0.0.1/34807] INFO  ha.SCMNodeInfo (SCMNodeInfo.java:getPort(197)) - ConfigKey ozone.scm.client.address is deprecated, For configuring different ports for each SCM use PortConfigKey ozone.scm.client.port appended with serviceId and nodeId
2023-03-09 15:02:14,960 [Listener at 127.0.0.1/34807] INFO  ha.SCMNodeInfo (SCMNodeInfo.java:getPort(197)) - ConfigKey ozone.scm.block.client.address is deprecated, For configuring different ports for each SCM use PortConfigKey ozone.scm.block.client.port appended with serviceId and nodeId
2023-03-09 15:02:14,960 [Listener at 127.0.0.1/34807] INFO  ha.SCMNodeInfo (SCMNodeInfo.java:getPort(197)) - ConfigKey ozone.scm.datanode.address is deprecated, For configuring different ports for each SCM use PortConfigKey ozone.scm.datanode.port appended with serviceId and nodeId
2023-03-09 15:02:14,960 [Listener at 127.0.0.1/34807] INFO  proxy.SCMBlockLocationFailoverProxyProvider (SCMBlockLocationFailoverProxyProvider.java:<init>(114)) - Created block location fail-over proxy with 1 nodes: [nodeId=scmNode-1,nodeAddress=/127.0.0.1:33477]
2023-03-09 15:02:14,961 [Listener at 127.0.0.1/34807] INFO  ha.SCMNodeInfo (SCMNodeInfo.java:getPort(197)) - ConfigKey ozone.scm.client.address is deprecated, For configuring different ports for each SCM use PortConfigKey ozone.scm.client.port appended with serviceId and nodeId
2023-03-09 15:02:14,961 [Listener at 127.0.0.1/34807] INFO  ha.SCMNodeInfo (SCMNodeInfo.java:getPort(197)) - ConfigKey ozone.scm.block.client.address is deprecated, For configuring different ports for each SCM use PortConfigKey ozone.scm.block.client.port appended with serviceId and nodeId
2023-03-09 15:02:14,961 [Listener at 127.0.0.1/34807] INFO  ha.SCMNodeInfo (SCMNodeInfo.java:getPort(197)) - ConfigKey ozone.scm.datanode.address is deprecated, For configuring different ports for each SCM use PortConfigKey ozone.scm.datanode.port appended with serviceId and nodeId
2023-03-09 15:02:14,961 [Listener at 127.0.0.1/34807] INFO  proxy.SCMBlockLocationFailoverProxyProvider (SCMBlockLocationFailoverProxyProvider.java:<init>(114)) - Created block location fail-over proxy with 1 nodes: [nodeId=scmNode-1,nodeAddress=/127.0.0.1:33477]
2023-03-09 15:02:14,968 [Listener at 127.0.0.1/34807] INFO  om.OzoneManager (OzoneManager.java:<init>(619)) - OM start with adminUsers: [runner]
2023-03-09 15:02:14,970 [Listener at 127.0.0.1/34807] WARN  server.ServerUtils (ServerUtils.java:getDBPath(225)) - ozone.om.db.dirs is not configured. We recommend adding this setting. Falling back to ozone.metadata.dirs instead.
2023-03-09 15:02:14,970 [Listener at 127.0.0.1/34807] INFO  codec.OmKeyInfoCodec (OmKeyInfoCodec.java:<init>(49)) - OmKeyInfoCodec ignorePipeline = true
2023-03-09 15:02:14,970 [Listener at 127.0.0.1/34807] INFO  codec.RepeatedOmKeyInfoCodec (RepeatedOmKeyInfoCodec.java:<init>(41)) - RepeatedOmKeyInfoCodec ignorePipeline = true
2023-03-09 15:02:15,059 [EndpointStateMachine task thread for /127.0.0.1:35467 - 0 ] INFO  ipc.Client (Client.java:handleConnectionFailure(1010)) - Retrying connect to server: localhost/127.0.0.1:35467. Already tried 5 time(s); retry policy is RetryUpToMaximumCountWithFixedSleep(maxRetries=15, sleepTime=1000 MILLISECONDS)
2023-03-09 15:02:15,188 [Listener at 127.0.0.1/34807] INFO  om.OzoneManager (OzoneManager.java:instantiateServices(749)) - S3 Multi-Tenancy is disabled
2023-03-09 15:02:15,188 [Listener at 127.0.0.1/34807] WARN  server.ServerUtils (ServerUtils.java:getDBPath(225)) - ozone.om.snapshot.diff.db.dir is not configured. We recommend adding this setting. Falling back to ozone.metadata.dirs instead.
2023-03-09 15:02:15,208 [Listener at 127.0.0.1/34807] INFO  om.OzoneManager (OzoneManager.java:addS3GVolumeToDB(4217)) - Created Volume s3v With Owner runner required for S3Gateway operations.
2023-03-09 15:02:15,208 [Listener at 127.0.0.1/34807] WARN  server.ServerUtils (ServerUtils.java:getDefaultRatisDirectory(237)) - Storage directory for Ratis is not configured. It is a good idea to map this to an SSD disk. Falling back to ozone.metadata.dirs
2023-03-09 15:02:15,208 [Listener at 127.0.0.1/34807] WARN  utils.OzoneManagerRatisUtils (OzoneManagerRatisUtils.java:getOMRatisSnapshotDirectory(436)) - ozone.om.ratis.snapshot.dir is not configured. Falling back to ozone.metadata.dirs config
2023-03-09 15:02:15,209 [Listener at 127.0.0.1/34807] INFO  snapshot.OzoneManagerSnapshotProvider (OzoneManagerSnapshotProvider.java:<init>(76)) - Initializing OM Snapshot Provider
2023-03-09 15:02:15,214 [Listener at 127.0.0.1/34807] WARN  server.ServerUtils (ServerUtils.java:getDefaultRatisDirectory(237)) - Storage directory for Ratis is not configured. It is a good idea to map this to an SSD disk. Falling back to ozone.metadata.dirs
2023-03-09 15:02:15,215 [Listener at 127.0.0.1/34807] INFO  ratis.OzoneManagerRatisServer (OzoneManagerRatisServer.java:<init>(157)) - OM started in Bootstrap mode. Instantiating OM Ratis server with groupID: om-add-remove
2023-03-09 15:02:15,215 [Listener at 127.0.0.1/34807] INFO  ratis.OzoneManagerStateMachine (OzoneManagerStateMachine.java:loadSnapshotInfoFromDB(636)) - LastAppliedIndex is set from TransactionInfo from OM DB as (t:0, i:~)
2023-03-09 15:02:15,218 [Listener at 127.0.0.1/34807] INFO  server.RaftServer (ConfUtils.java:logGet(46)) - raft.rpc.type = GRPC (default)
2023-03-09 15:02:15,218 [Listener at 127.0.0.1/34807] INFO  grpc.GrpcConfigKeys (ConfUtils.java:logFallback(53)) - raft.grpc.admin.host = null (fallback to raft.grpc.server.host)
2023-03-09 15:02:15,219 [Listener at 127.0.0.1/34807] INFO  grpc.GrpcConfigKeys (ConfUtils.java:logFallback(53)) - raft.grpc.admin.port = 41771 (fallback to raft.grpc.server.port)
2023-03-09 15:02:15,219 [Listener at 127.0.0.1/34807] INFO  grpc.GrpcConfigKeys (ConfUtils.java:logFallback(53)) - raft.grpc.client.host = null (fallback to raft.grpc.server.host)
2023-03-09 15:02:15,219 [Listener at 127.0.0.1/34807] INFO  grpc.GrpcConfigKeys (ConfUtils.java:logFallback(53)) - raft.grpc.client.port = 41771 (fallback to raft.grpc.server.port)
2023-03-09 15:02:15,219 [Listener at 127.0.0.1/34807] INFO  grpc.GrpcConfigKeys (ConfUtils.java:logGet(46)) - raft.grpc.server.host = null (default)
2023-03-09 15:02:15,219 [Listener at 127.0.0.1/34807] INFO  grpc.GrpcConfigKeys (ConfUtils.java:logGet(46)) - raft.grpc.server.port = 41771 (custom)
2023-03-09 15:02:15,219 [Listener at 127.0.0.1/34807] INFO  server.GrpcService (ConfUtils.java:logGet(46)) - raft.grpc.message.size.max = 33554432 (custom)
2023-03-09 15:02:15,220 [Listener at 127.0.0.1/34807] INFO  server.RaftServerConfigKeys (ConfUtils.java:logGet(46)) - raft.server.log.appender.buffer.byte-limit = 33554432 (custom)
2023-03-09 15:02:15,220 [Listener at 127.0.0.1/34807] INFO  server.GrpcService (ConfUtils.java:logGet(46)) - raft.grpc.flow.control.window = 1MB (=1048576) (default)
2023-03-09 15:02:15,220 [Listener at 127.0.0.1/34807] INFO  server.RaftServerConfigKeys (ConfUtils.java:logGet(46)) - raft.server.rpc.request.timeout = 3000ms (default)
2023-03-09 15:02:15,220 [Listener at 127.0.0.1/34807] INFO  grpc.GrpcConfigKeys (ConfUtils.java:logGet(46)) - raft.grpc.server.heartbeat.channel = true (default)
2023-03-09 15:02:15,220 [Listener at 127.0.0.1/34807] INFO  grpc.GrpcConfigKeys (ConfUtils.java:logGet(46)) - raft.grpc.server.async.request.thread.pool.cached = true (default)
2023-03-09 15:02:15,220 [Listener at 127.0.0.1/34807] INFO  grpc.GrpcConfigKeys (ConfUtils.java:logGet(46)) - raft.grpc.server.async.request.thread.pool.size = 32 (default)
2023-03-09 15:02:15,221 [Listener at 127.0.0.1/34807] INFO  impl.DataStreamServerImpl (ConfUtils.java:logGet(46)) - raft.datastream.type = DISABLED (default)
2023-03-09 15:02:15,222 [Listener at 127.0.0.1/34807] INFO  server.RaftServerConfigKeys (ConfUtils.java:logGet(46)) - raft.server.threadpool.proxy.cached = true (default)
2023-03-09 15:02:15,222 [Listener at 127.0.0.1/34807] INFO  server.RaftServerConfigKeys (ConfUtils.java:logGet(46)) - raft.server.threadpool.proxy.size = 0 (default)
2023-03-09 15:02:15,222 [Listener at 127.0.0.1/34807] INFO  server.RaftServerConfigKeys (ConfUtils.java:logGet(46)) - raft.server.rpc.slowness.timeout = 2s (custom)
2023-03-09 15:02:15,222 [Listener at 127.0.0.1/34807] INFO  server.RaftServerConfigKeys (ConfUtils.java:logGet(46)) - raft.server.leaderelection.leader.step-down.wait-time = 10s (default)
2023-03-09 15:02:15,222 [Listener at 127.0.0.1/34807] INFO  server.RaftServerConfigKeys (ConfUtils.java:logGet(46)) - raft.server.storage.dir = [/home/runner/work/ozone/ozone/hadoop-ozone/integration-test/target/test-dir/MiniOzoneClusterImpl-c8dd39f1-89f8-47ca-b8e4-9b0f9f306b89/omNode-bootstrap-2/ratis] (custom)
2023-03-09 15:02:15,238 [Listener at 127.0.0.1/34807] INFO  server.RaftServer (RaftServerProxy.java:addNew(96)) - omNode-bootstrap-2: addNew group-0AAC5367B30E:[] returns group-0AAC5367B30E:java.util.concurrent.CompletableFuture@1bb14157[Not completed]
2023-03-09 15:02:15,238 [Listener at 127.0.0.1/34807] INFO  om.OzoneManager (OzoneManager.java:initializeRatisServer(2096)) - OzoneManager Ratis server initialized at port 41771
2023-03-09 15:02:15,238 [Listener at 127.0.0.1/34807] INFO  om.OzoneManager (OzoneManager.java:getRpcServer(1132)) - Creating RPC Server
2023-03-09 15:02:15,239 [pool-1226-thread-1] INFO  server.RaftServer$Division (RaftServerImpl.java:<init>(195)) - omNode-bootstrap-2: new RaftServerImpl for group-0AAC5367B30E:[] with OzoneManagerStateMachine:uninitialized
2023-03-09 15:02:15,240 [pool-1226-thread-1] INFO  server.RaftServerConfigKeys (ConfUtils.java:logGet(46)) - raft.server.rpc.timeout.min = 1s (custom)
2023-03-09 15:02:15,240 [pool-1226-thread-1] INFO  server.RaftServerConfigKeys (ConfUtils.java:logGet(46)) - raft.server.rpc.timeout.max = 1200ms (custom)
2023-03-09 15:02:15,240 [pool-1226-thread-1] INFO  server.RaftServerConfigKeys (ConfUtils.java:logGet(46)) - raft.server.rpc.sleep.time = 25ms (default)
2023-03-09 15:02:15,240 [pool-1226-thread-1] INFO  server.RaftServerConfigKeys (ConfUtils.java:logGet(46)) - raft.server.rpc.slowness.timeout = 2s (custom)
2023-03-09 15:02:15,240 [pool-1226-thread-1] INFO  server.RaftServerConfigKeys (ConfUtils.java:logGet(46)) - raft.server.leaderelection.leader.step-down.wait-time = 10s (default)
2023-03-09 15:02:15,240 [pool-1226-thread-1] INFO  server.RaftServerConfigKeys (ConfUtils.java:logGet(46)) - raft.server.sleep.deviation.threshold = 300ms (default)
2023-03-09 15:02:15,240 [pool-1226-thread-1] INFO  server.RaftServer$Division (ServerState.java:<init>(118)) - omNode-bootstrap-2@group-0AAC5367B30E: ConfigurationManager, init=-1: peers:[]|listeners:[], old=null, confs=<EMPTY_MAP>
2023-03-09 15:02:15,240 [pool-1226-thread-1] INFO  server.RaftServerConfigKeys (ConfUtils.java:logGet(46)) - raft.server.storage.dir = [/home/runner/work/ozone/ozone/hadoop-ozone/integration-test/target/test-dir/MiniOzoneClusterImpl-c8dd39f1-89f8-47ca-b8e4-9b0f9f306b89/omNode-bootstrap-2/ratis] (custom)
2023-03-09 15:02:15,241 [pool-1226-thread-1] INFO  server.RaftServerConfigKeys (ConfUtils.java:logGet(46)) - raft.server.log.corruption.policy = EXCEPTION (default)
2023-03-09 15:02:15,241 [pool-1226-thread-1] INFO  server.RaftServerConfigKeys (ConfUtils.java:logGet(46)) - raft.server.storage.free-space.min = 0MB (=0) (default)
2023-03-09 15:02:15,241 [pool-1226-thread-1] INFO  server.RaftServerConfigKeys (ConfUtils.java:logGet(46)) - raft.server.notification.no-leader.timeout = 2s (custom)
2023-03-09 15:02:15,241 [pool-1226-thread-1] INFO  server.RaftServerConfigKeys (ConfUtils.java:logGet(46)) - raft.server.retrycache.expirytime = 300s (custom)
2023-03-09 15:02:15,241 [pool-1226-thread-1] INFO  server.RaftServerConfigKeys (ConfUtils.java:logGet(46)) - raft.server.retrycache.statistics.expirytime = 100μs (default)
2023-03-09 15:02:15,242 [pool-1226-thread-1] INFO  server.RaftServerConfigKeys (ConfUtils.java:logGet(46)) - raft.server.log.appender.install.snapshot.enabled = false (custom)
2023-03-09 15:02:15,242 [pool-1226-thread-1] INFO  server.RaftServerConfigKeys (ConfUtils.java:logGet(46)) - raft.server.threadpool.server.cached = true (default)
2023-03-09 15:02:15,243 [pool-1226-thread-1] INFO  server.RaftServerConfigKeys (ConfUtils.java:logGet(46)) - raft.server.threadpool.server.size = 0 (default)
2023-03-09 15:02:15,243 [pool-1226-thread-1] INFO  server.RaftServerConfigKeys (ConfUtils.java:logGet(46)) - raft.server.threadpool.client.cached = true (default)
2023-03-09 15:02:15,243 [pool-1226-thread-1] INFO  server.RaftServerConfigKeys (ConfUtils.java:logGet(46)) - raft.server.threadpool.client.size = 0 (default)
2023-03-09 15:02:15,643 [Listener at 127.0.0.1/34807] INFO  reflections.Reflections (Reflections.java:scan(232)) - Reflections took 401 ms to scan 19 urls, producing 68 keys and 4914 values [using 2 cores]
2023-03-09 15:02:15,644 [Listener at 127.0.0.1/34807] INFO  ipc.CallQueueManager (CallQueueManager.java:<init>(90)) - Using callQueue: class java.util.concurrent.LinkedBlockingQueue, queueCapacity: 2000, scheduler: class org.apache.hadoop.ipc.DefaultRpcScheduler, ipcBackoff: false.
2023-03-09 15:02:15,645 [Socket Reader #1 for port 43559] INFO  ipc.Server (Server.java:run(1273)) - Starting Socket Reader #1 for port 43559
2023-03-09 15:02:15,665 [Listener at 127.0.0.1/43559] WARN  om.OzoneManager (OzoneManager.java:start(1545)) - Skipped checking whether existing OM configs have been updated with this OM information as force bootstrap is called.
2023-03-09 15:02:15,665 [Listener at 127.0.0.1/43559] INFO  impl.MetricsSystemImpl (MetricsSystemImpl.java:init(158)) - OzoneManager metrics system started (again)
2023-03-09 15:02:15,678 [Listener at 127.0.0.1/43559] INFO  om.OzoneManager (OzoneManager.java:start(1553)) - OzoneManager RPC server is listening at localhost/127.0.0.1:43559
2023-03-09 15:02:15,678 [Listener at 127.0.0.1/43559] INFO  ratis.OzoneManagerRatisServer (OzoneManagerRatisServer.java:start(559)) - Starting OzoneManagerRatisServer omNode-bootstrap-2 at port 41771
2023-03-09 15:02:15,679 [omNode-bootstrap-2-impl-thread1] INFO  storage.RaftStorageDirectory (RaftStorageDirectoryImpl.java:analyzeStorage(137)) - The storage directory /home/runner/work/ozone/ozone/hadoop-ozone/integration-test/target/test-dir/MiniOzoneClusterImpl-c8dd39f1-89f8-47ca-b8e4-9b0f9f306b89/omNode-bootstrap-2/ratis/0718e334-ffa1-36bc-8e9a-0aac5367b30e does not exist. Creating ...
2023-03-09 15:02:15,680 [omNode-bootstrap-2-impl-thread1] INFO  storage.RaftStorageDirectory (RaftStorageDirectoryImpl.java:tryLock(231)) - Lock on /home/runner/work/ozone/ozone/hadoop-ozone/integration-test/target/test-dir/MiniOzoneClusterImpl-c8dd39f1-89f8-47ca-b8e4-9b0f9f306b89/omNode-bootstrap-2/ratis/0718e334-ffa1-36bc-8e9a-0aac5367b30e/in_use.lock acquired by nodename 57158@fv-az377-502
2023-03-09 15:02:15,681 [omNode-bootstrap-2-impl-thread1] INFO  storage.RaftStorage (RaftStorageImpl.java:format(96)) - Storage directory /home/runner/work/ozone/ozone/hadoop-ozone/integration-test/target/test-dir/MiniOzoneClusterImpl-c8dd39f1-89f8-47ca-b8e4-9b0f9f306b89/omNode-bootstrap-2/ratis/0718e334-ffa1-36bc-8e9a-0aac5367b30e has been successfully formatted.
2023-03-09 15:02:15,682 [omNode-bootstrap-2-impl-thread1] INFO  server.RaftServerConfigKeys (ConfUtils.java:logGet(46)) - raft.server.log.use.memory = false (default)
2023-03-09 15:02:15,682 [omNode-bootstrap-2-impl-thread1] INFO  server.RaftServerConfigKeys (ConfUtils.java:logGet(46)) - raft.server.log.purge.gap = 1000000 (custom)
2023-03-09 15:02:15,682 [omNode-bootstrap-2-impl-thread1] INFO  server.RaftServerConfigKeys (ConfUtils.java:logGet(46)) - raft.server.log.appender.buffer.byte-limit = 33554432 (custom)
2023-03-09 15:02:15,682 [omNode-bootstrap-2-impl-thread1] INFO  server.RaftServerConfigKeys (ConfUtils.java:logGet(46)) - raft.server.log.statemachine.data.read.timeout = 1000ms (default)
2023-03-09 15:02:15,682 [omNode-bootstrap-2-impl-thread1] INFO  server.RaftServerConfigKeys (ConfUtils.java:logGet(46)) - raft.server.log.purge.preservation.log.num = 0 (default)
2023-03-09 15:02:15,682 [omNode-bootstrap-2-impl-thread1] INFO  server.RaftServerConfigKeys (ConfUtils.java:logGet(46)) - raft.server.log.segment.size.max = 4194304 (custom)
2023-03-09 15:02:15,683 [omNode-bootstrap-2-impl-thread1] INFO  server.RaftServerConfigKeys (ConfUtils.java:logGet(46)) - raft.server.log.segment.cache.num.max = 2 (custom)
2023-03-09 15:02:15,683 [omNode-bootstrap-2-impl-thread1] INFO  server.RaftServerConfigKeys (ConfUtils.java:logGet(46)) - raft.server.log.segment.cache.size.max = 200MB (=209715200) (default)
2023-03-09 15:02:15,683 [omNode-bootstrap-2-impl-thread1] INFO  segmented.SegmentedRaftLogWorker (SegmentedRaftLogWorker.java:<init>(189)) - new omNode-bootstrap-2@group-0AAC5367B30E-SegmentedRaftLogWorker for RaftStorageImpl:Storage Directory /home/runner/work/ozone/ozone/hadoop-ozone/integration-test/target/test-dir/MiniOzoneClusterImpl-c8dd39f1-89f8-47ca-b8e4-9b0f9f306b89/omNode-bootstrap-2/ratis/0718e334-ffa1-36bc-8e9a-0aac5367b30e
2023-03-09 15:02:15,683 [omNode-bootstrap-2-impl-thread1] INFO  server.RaftServerConfigKeys (ConfUtils.java:logGet(46)) - raft.server.log.queue.byte-limit = 64MB (=67108864) (default)
2023-03-09 15:02:15,683 [omNode-bootstrap-2-impl-thread1] INFO  server.RaftServerConfigKeys (ConfUtils.java:logGet(46)) - raft.server.log.queue.element-limit = 4096 (default)
2023-03-09 15:02:15,683 [omNode-bootstrap-2-impl-thread1] INFO  server.RaftServerConfigKeys (ConfUtils.java:logGet(46)) - raft.server.log.segment.size.max = 4194304 (custom)
2023-03-09 15:02:15,683 [omNode-bootstrap-2-impl-thread1] INFO  server.RaftServerConfigKeys (ConfUtils.java:logGet(46)) - raft.server.log.preallocated.size = 4194304 (custom)
2023-03-09 15:02:15,683 [omNode-bootstrap-2-impl-thread1] INFO  server.RaftServerConfigKeys (ConfUtils.java:logGet(46)) - raft.server.log.force.sync.num = 128 (default)
2023-03-09 15:02:15,685 [omNode-bootstrap-2-impl-thread1] INFO  server.RaftServerConfigKeys (ConfUtils.java:logGet(46)) - raft.server.log.statemachine.data.sync = true (default)
2023-03-09 15:02:15,686 [omNode-bootstrap-2-impl-thread1] INFO  server.RaftServerConfigKeys (ConfUtils.java:logGet(46)) - raft.server.log.statemachine.data.sync.timeout = 10s (default)
2023-03-09 15:02:15,686 [omNode-bootstrap-2-impl-thread1] INFO  server.RaftServerConfigKeys (ConfUtils.java:logGet(46)) - raft.server.log.statemachine.data.sync.timeout.retry = -1 (default)
2023-03-09 15:02:15,686 [omNode-bootstrap-2-impl-thread1] INFO  server.RaftServerConfigKeys (ConfUtils.java:logGet(46)) - raft.server.log.write.buffer.size = 64KB (=65536) (default)
2023-03-09 15:02:15,686 [omNode-bootstrap-2-impl-thread1] INFO  server.RaftServerConfigKeys (ConfUtils.java:logGet(46)) - raft.server.log.appender.buffer.byte-limit = 33554432 (custom)
2023-03-09 15:02:15,693 [omNode-bootstrap-2-impl-thread1] INFO  server.RaftServerConfigKeys (ConfUtils.java:logGet(46)) - raft.server.log.unsafe-flush.enabled = false (default)
2023-03-09 15:02:15,693 [omNode-bootstrap-2-impl-thread1] INFO  server.RaftServerConfigKeys (ConfUtils.java:logGet(46)) - raft.server.log.async-flush.enabled = false (default)
2023-03-09 15:02:15,693 [omNode-bootstrap-2-impl-thread1] INFO  server.RaftServerConfigKeys (ConfUtils.java:logGet(46)) - raft.server.log.statemachine.data.caching.enabled = false (default)
2023-03-09 15:02:15,694 [omNode-bootstrap-2-impl-thread1] INFO  segmented.SegmentedRaftLogWorker (SegmentedRaftLogWorker.java:lambda$new$0(135)) - omNode-bootstrap-2@group-0AAC5367B30E-SegmentedRaftLogWorker: flushIndex: setUnconditionally 0 -> -1
2023-03-09 15:02:15,695 [omNode-bootstrap-2-impl-thread1] INFO  segmented.SegmentedRaftLogWorker (SegmentedRaftLogWorker.java:lambda$new$0(135)) - omNode-bootstrap-2@group-0AAC5367B30E-SegmentedRaftLogWorker: safeCacheEvictIndex: setUnconditionally 0 -> -1
2023-03-09 15:02:15,695 [omNode-bootstrap-2-impl-thread1] INFO  server.RaftServer$Division (RaftServerImpl.java:start(340)) - omNode-bootstrap-2@group-0AAC5367B30E: start with initializing state, conf=-1: peers:[]|listeners:[], old=null
2023-03-09 15:02:15,695 [omNode-bootstrap-2-impl-thread1] INFO  server.RaftServer$Division (RaftServerImpl.java:setRole(321)) - omNode-bootstrap-2@group-0AAC5367B30E: changes role from      null to FOLLOWER at term 0 for startInitializing
2023-03-09 15:02:15,695 [omNode-bootstrap-2-impl-thread1] INFO  util.JmxRegister (JmxRegister.java:tryRegister(44)) - Successfully registered JMX Bean with object name Ratis:service=RaftServer,group=group-0AAC5367B30E,id=omNode-bootstrap-2
2023-03-09 15:02:15,695 [omNode-bootstrap-2-impl-thread1] INFO  server.RaftServerConfigKeys (ConfUtils.java:logGet(46)) - raft.server.snapshot.auto.trigger.enabled = true (custom)
2023-03-09 15:02:15,695 [omNode-bootstrap-2-impl-thread1] INFO  server.RaftServerConfigKeys (ConfUtils.java:logGet(46)) - raft.server.snapshot.auto.trigger.threshold = 400000 (default)
2023-03-09 15:02:15,696 [omNode-bootstrap-2-impl-thread1] INFO  server.RaftServerConfigKeys (ConfUtils.java:logGet(46)) - raft.server.snapshot.retention.file.num = -1 (default)
2023-03-09 15:02:15,696 [omNode-bootstrap-2-impl-thread1] INFO  server.RaftServerConfigKeys (ConfUtils.java:logGet(46)) - raft.server.log.purge.upto.snapshot.index = true (custom)
2023-03-09 15:02:15,696 [Listener at 127.0.0.1/43559] INFO  server.RaftServer (RaftServerProxy.java:startImpl(393)) - omNode-bootstrap-2: start RPC server
2023-03-09 15:02:15,705 [Listener at 127.0.0.1/43559] INFO  server.GrpcService (GrpcService.java:startImpl(262)) - omNode-bootstrap-2: GrpcService started, listening on 41771
2023-03-09 15:02:15,705 [JvmPauseMonitor42] INFO  util.JvmPauseMonitor (JvmPauseMonitor.java:run(105)) - JvmPauseMonitor-omNode-bootstrap-2: Started
2023-03-09 15:02:15,705 [Listener at 127.0.0.1/43559] INFO  om.OzoneManager (OzoneManager.java:start(1569)) - Version File has different layout version (3) than OM DB (null). That is expected if this OM has never been finalized to a newer layout version.
2023-03-09 15:02:15,714 [Listener at 127.0.0.1/43559] INFO  http.BaseHttpServer (BaseHttpServer.java:newHttpServer2BuilderForOzone(224)) - Starting Web-server for ozoneManager at: http://0.0.0.0:37517
2023-03-09 15:02:15,714 [Listener at 127.0.0.1/43559] INFO  http.BaseHttpServer (BaseHttpServer.java:<init>(111)) - Hadoop Security Enabled: false Ozone Security Enabled: false Ozone HTTP Security Enabled: false 
2023-03-09 15:02:15,716 [Listener at 127.0.0.1/43559] WARN  server.AuthenticationFilter (AuthenticationFilter.java:constructSecretProvider(240)) - Unable to initialize FileSignerSecretProvider, falling back to use random secrets. Reason: Could not read signature secret file: /home/runner/hadoop-http-auth-signature-secret
2023-03-09 15:02:15,716 [Listener at 127.0.0.1/43559] WARN  http.HttpRequestLog (HttpRequestLog.java:getRequestLog(103)) - Jetty request log can only be enabled using Log4j
2023-03-09 15:02:15,718 [Listener at 127.0.0.1/43559] INFO  http.HttpServer2 (HttpServer2.java:addGlobalFilter(1031)) - Added global filter 'safety' (class=org.apache.hadoop.hdds.server.http.HttpServer2$QuotingInputFilter)
2023-03-09 15:02:15,718 [Listener at 127.0.0.1/43559] INFO  http.HttpServer2 (HttpServer2.java:addFilter(1007)) - Added filter static_user_filter (class=org.apache.hadoop.http.lib.StaticUserWebFilter$StaticUserFilter) to context ozoneManager
2023-03-09 15:02:15,718 [Listener at 127.0.0.1/43559] INFO  http.HttpServer2 (HttpServer2.java:addFilter(1015)) - Added filter static_user_filter (class=org.apache.hadoop.http.lib.StaticUserWebFilter$StaticUserFilter) to context static
2023-03-09 15:02:15,718 [Listener at 127.0.0.1/43559] INFO  http.HttpServer2 (HttpServer2.java:addFilter(1015)) - Added filter static_user_filter (class=org.apache.hadoop.http.lib.StaticUserWebFilter$StaticUserFilter) to context logs
2023-03-09 15:02:15,719 [Listener at 127.0.0.1/43559] INFO  http.BaseHttpServer (BaseHttpServer.java:<init>(190)) - HTTP server of ozoneManager uses base directory /home/runner/work/ozone/ozone/hadoop-ozone/integration-test/target/test-dir/MiniOzoneClusterImpl-c8dd39f1-89f8-47ca-b8e4-9b0f9f306b89/omNode-bootstrap-2/webserver
2023-03-09 15:02:15,719 [Listener at 127.0.0.1/43559] INFO  http.HttpServer2 (HttpServer2.java:bindListener(1250)) - Jetty bound to port 37517
2023-03-09 15:02:15,719 [Listener at 127.0.0.1/43559] INFO  server.Server (Server.java:doStart(375)) - jetty-9.4.49.v20220914; built: 2022-09-14T01:07:36.601Z; git: 4231a3b2e4cb8548a412a789936d640a97b1aa0a; jvm 1.8.0_362-b09
2023-03-09 15:02:15,721 [Listener at 127.0.0.1/43559] INFO  server.session (DefaultSessionIdManager.java:doStart(334)) - DefaultSessionIdManager workerName=node0
2023-03-09 15:02:15,721 [Listener at 127.0.0.1/43559] INFO  server.session (DefaultSessionIdManager.java:doStart(339)) - No SessionScavenger set, using defaults
2023-03-09 15:02:15,721 [Listener at 127.0.0.1/43559] INFO  server.session (HouseKeeper.java:startScavenging(132)) - node0 Scavenging every 600000ms
2023-03-09 15:02:15,722 [Listener at 127.0.0.1/43559] INFO  handler.ContextHandler (ContextHandler.java:doStart(921)) - Started o.e.j.s.ServletContextHandler@2bb4511{logs,/logs,file:///home/runner/work/ozone/ozone/hadoop-ozone/integration-test/target/log,AVAILABLE}
2023-03-09 15:02:15,723 [Listener at 127.0.0.1/43559] INFO  handler.ContextHandler (ContextHandler.java:doStart(921)) - Started o.e.j.s.ServletContextHandler@2ba9378{static,/static,file:///home/runner/work/ozone/ozone/hadoop-ozone/integration-test/target/test-classes/webapps/static,AVAILABLE}
2023-03-09 15:02:15,726 [Listener at 127.0.0.1/43559] INFO  handler.ContextHandler (ContextHandler.java:doStart(921)) - Started o.e.j.w.WebAppContext@7880d04{ozoneManager,/,file:///home/runner/work/ozone/ozone/hadoop-ozone/integration-test/target/test-classes/webapps/ozoneManager/,AVAILABLE}{file:/home/runner/work/ozone/ozone/hadoop-ozone/integration-test/target/test-classes/webapps/ozoneManager}
2023-03-09 15:02:15,727 [Listener at 127.0.0.1/43559] INFO  server.AbstractConnector (AbstractConnector.java:doStart(333)) - Started ServerConnector@569d7448{HTTP/1.1, (http/1.1)}{0.0.0.0:37517}
2023-03-09 15:02:15,728 [Listener at 127.0.0.1/43559] INFO  server.Server (Server.java:doStart(415)) - Started @266381ms
2023-03-09 15:02:15,728 [Listener at 127.0.0.1/43559] WARN  impl.MetricsSystemImpl (MetricsSystemImpl.java:register(279)) - Sink prometheus already exists!
2023-03-09 15:02:15,728 [Listener at 127.0.0.1/43559] INFO  http.BaseHttpServer (BaseHttpServer.java:updateConnectorAddress(344)) - HTTP server of ozoneManager listening at http://0.0.0.0:37517
2023-03-09 15:02:15,729 [IPC Server Responder] INFO  ipc.Server (Server.java:run(1512)) - IPC Server Responder: starting
2023-03-09 15:02:15,730 [IPC Server listener on 43559] INFO  ipc.Server (Server.java:run(1352)) - IPC Server listener on 43559: starting
2023-03-09 15:02:15,736 [Listener at 127.0.0.1/43559] INFO  om.OzoneManager (OzoneManager.java:startTrashEmptier(2040)) - Trash Interval set to 0. Files deleted won't move to trash
2023-03-09 15:02:15,737 [org.apache.hadoop.util.JvmPauseMonitor$Monitor@f5ac62f] INFO  util.JvmPauseMonitor (JvmPauseMonitor.java:run(188)) - Starting JVM pause monitor
2023-03-09 15:02:15,749 [IPC Server handler 3 on default port 39953] INFO  ratis.OzoneManagerRatisServer (OzoneManagerRatisServer.java:addOMToRatisRing(314)) - omNode-1: Submitting SetConfiguration request to Ratis server to add new OM peer omNode-bootstrap-2|rpc:localhost:41771|priority:0|startupRole:FOLLOWER to the Ratis group group-0AAC5367B30E:[omNode-1|rpc:localhost:43577|priority:0|startupRole:FOLLOWER]
2023-03-09 15:02:15,749 [IPC Server handler 3 on default port 39953] INFO  server.RaftServer$Division (RaftServerImpl.java:setConfigurationAsync(1112)) - omNode-1@group-0AAC5367B30E: receive setConfiguration SetConfigurationRequest:client-50FFC5D9C77E->omNode-1@group-0AAC5367B30E, cid=6, seq=0, RW, null, SET_UNCONDITIONALLY, servers:[omNode-1|rpc:localhost:43577|priority:0|startupRole:FOLLOWER, omNode-bootstrap-2|rpc:localhost:41771|priority:0|startupRole:FOLLOWER], listeners:[]
2023-03-09 15:02:15,749 [IPC Server handler 3 on default port 39953] INFO  server.RaftServer$Division (LeaderStateImpl.java:startSetConfiguration(368)) - omNode-1@group-0AAC5367B30E-LeaderStateImpl: startSetConfiguration SetConfigurationRequest:client-50FFC5D9C77E->omNode-1@group-0AAC5367B30E, cid=6, seq=0, RW, null, SET_UNCONDITIONALLY, servers:[omNode-1|rpc:localhost:43577|priority:0|startupRole:FOLLOWER, omNode-bootstrap-2|rpc:localhost:41771|priority:0|startupRole:FOLLOWER], listeners:[]
2023-03-09 15:02:15,750 [IPC Server handler 3 on default port 39953] INFO  server.RaftServerConfigKeys (ConfUtils.java:logGet(46)) - raft.server.log.appender.snapshot.chunk.size.max = 16MB (=16777216) (default)
2023-03-09 15:02:15,750 [IPC Server handler 3 on default port 39953] INFO  server.RaftServerConfigKeys (ConfUtils.java:logGet(46)) - raft.server.log.appender.buffer.byte-limit = 33554432 (custom)
2023-03-09 15:02:15,750 [IPC Server handler 3 on default port 39953] INFO  server.RaftServerConfigKeys (ConfUtils.java:logGet(46)) - raft.server.log.appender.buffer.element-limit = 1024 (custom)
2023-03-09 15:02:15,751 [IPC Server handler 3 on default port 39953] INFO  grpc.GrpcConfigKeys (ConfUtils.java:logGet(46)) - raft.grpc.server.leader.outstanding.appends.max = 128 (default)
2023-03-09 15:02:15,751 [IPC Server handler 3 on default port 39953] INFO  server.RaftServerConfigKeys (ConfUtils.java:logGet(46)) - raft.server.rpc.request.timeout = 3000ms (default)
2023-03-09 15:02:15,752 [IPC Server handler 3 on default port 39953] INFO  server.RaftServerConfigKeys (ConfUtils.java:logGet(46)) - raft.server.log.appender.install.snapshot.enabled = false (custom)
2023-03-09 15:02:15,752 [IPC Server handler 3 on default port 39953] INFO  grpc.GrpcConfigKeys (ConfUtils.java:logGet(46)) - raft.grpc.server.heartbeat.channel = true (default)
2023-03-09 15:02:15,752 [IPC Server handler 3 on default port 39953] INFO  server.RaftServerConfigKeys (ConfUtils.java:logGet(46)) - raft.server.log.appender.wait-time.min = 10ms (default)
2023-03-09 15:02:15,752 [omNode-1@group-0AAC5367B30E->omNode-bootstrap-2-GrpcLogAppender-LogAppenderDaemon] INFO  server.GrpcLogAppender (GrpcLogAppender.java:installSnapshot(635)) - omNode-1@group-0AAC5367B30E->omNode-bootstrap-2-GrpcLogAppender: followerNextIndex = 0 but logStartIndex = 0, notify follower to install snapshot-(t:1, i:0)
2023-03-09 15:02:15,752 [omNode-1@group-0AAC5367B30E->omNode-bootstrap-2-GrpcLogAppender-LogAppenderDaemon] INFO  server.GrpcLogAppender (GrpcLogAppender.java:installSnapshot(643)) - omNode-1@group-0AAC5367B30E->omNode-bootstrap-2-GrpcLogAppender: send omNode-1->omNode-bootstrap-2#0-t1,notify:(t:1, i:0)
2023-03-09 15:02:15,753 [omNode-1@group-0AAC5367B30E->omNode-bootstrap-2-GrpcLogAppender-LogAppenderDaemon] INFO  server.GrpcServerProtocolClient (GrpcServerProtocolClient.java:<init>(63)) - Build channel for omNode-bootstrap-2
2023-03-09 15:02:15,763 [grpc-default-executor-13] INFO  impl.SnapshotInstallationHandler (SnapshotInstallationHandler.java:installSnapshot(89)) - omNode-bootstrap-2@group-0AAC5367B30E: receive installSnapshot: omNode-1->omNode-bootstrap-2#0-t1,notify:(t:1, i:0)
2023-03-09 15:02:15,764 [grpc-default-executor-13] INFO  server.RaftServer$Division (ServerState.java:setLeader(313)) - omNode-bootstrap-2@group-0AAC5367B30E: change Leader from null to omNode-1 at term 1 for installSnapshot, leader elected after 523ms
2023-03-09 15:02:15,765 [grpc-default-executor-13] INFO  impl.SnapshotInstallationHandler (SnapshotInstallationHandler.java:notifyStateMachineToInstallSnapshot(220)) - omNode-bootstrap-2@group-0AAC5367B30E: Received notification to install snapshot at index 0
2023-03-09 15:02:15,765 [grpc-default-executor-13] INFO  impl.SnapshotInstallationHandler (SnapshotInstallationHandler.java:notifyStateMachineToInstallSnapshot(229)) - omNode-bootstrap-2@group-0AAC5367B30E: InstallSnapshot notification result: ALREADY_INSTALLED, current snapshot index: -1
2023-03-09 15:02:15,765 [grpc-default-executor-13] INFO  impl.SnapshotInstallationHandler (SnapshotInstallationHandler.java:installSnapshotImpl(134)) - omNode-bootstrap-2@group-0AAC5367B30E: set new configuration configurationEntry {
  peers {
    id: "omNode-1"
    address: "localhost:43577"
    startupRole: FOLLOWER
  }
}
 from snapshot
2023-03-09 15:02:15,767 [grpc-default-executor-13] INFO  server.RaftServer$Division (ServerState.java:setRaftConf(430)) - omNode-bootstrap-2@group-0AAC5367B30E: set configuration 0: peers:[omNode-1|rpc:localhost:43577|admin:|client:|dataStream:|priority:0|startupRole:FOLLOWER]|listeners:[], old=null
2023-03-09 15:02:15,767 [grpc-default-executor-13] INFO  ratis.OzoneManagerStateMachine (OzoneManagerStateMachine.java:notifyConfigurationChanged(192)) - Received Configuration change notification from Ratis. New Peer list:
[id: "omNode-1"
address: "localhost:43577"
startupRole: FOLLOWER
]
2023-03-09 15:02:15,769 [grpc-default-executor-13] INFO  ratis.OzoneManagerRatisServer (OzoneManagerRatisServer.java:addRaftPeer(405)) - Added OM omNode-1 to Ratis Peers list.
2023-03-09 15:02:15,769 [grpc-default-executor-13] INFO  om.OzoneManager (OzoneManager.java:addOMNodeToPeers(1959)) - Added OM omNode-1 to the Peer list.
2023-03-09 15:02:15,771 [grpc-default-executor-13] INFO  impl.SnapshotInstallationHandler (SnapshotInstallationHandler.java:installSnapshot(100)) - omNode-bootstrap-2@group-0AAC5367B30E: reply installSnapshot: omNode-1<-omNode-bootstrap-2#0:OK-t0,ALREADY_INSTALLED
2023-03-09 15:02:15,771 [grpc-default-executor-13] INFO  server.GrpcServerProtocolService (GrpcServerProtocolService.java:onCompleted(143)) - omNode-bootstrap-2: Completed INSTALL_SNAPSHOT, lastRequest: omNode-1->omNode-bootstrap-2#0-t1,notify:(t:1, i:0)
2023-03-09 15:02:15,773 [grpc-default-executor-11] INFO  server.GrpcLogAppender (GrpcLogAppender.java:onNext(494)) - omNode-1@group-0AAC5367B30E->omNode-bootstrap-2-InstallSnapshotResponseHandler: received the first reply omNode-1<-omNode-bootstrap-2#0:OK-t0,ALREADY_INSTALLED
2023-03-09 15:02:15,773 [grpc-default-executor-11] INFO  server.GrpcLogAppender (GrpcLogAppender.java:onNext(517)) - omNode-1@group-0AAC5367B30E->omNode-bootstrap-2-InstallSnapshotResponseHandler: Follower snapshot is already at index 0.
2023-03-09 15:02:15,773 [grpc-default-executor-11] INFO  leader.FollowerInfo (FollowerInfoImpl.java:lambda$new$0(48)) - omNode-1@group-0AAC5367B30E->omNode-bootstrap-2: snapshotIndex: setUnconditionally 0 -> 0
2023-03-09 15:02:15,773 [grpc-default-executor-11] INFO  leader.FollowerInfo (FollowerInfoImpl.java:lambda$new$0(48)) - omNode-1@group-0AAC5367B30E->omNode-bootstrap-2: matchIndex: setUnconditionally 0 -> 0
2023-03-09 15:02:15,774 [grpc-default-executor-11] INFO  leader.FollowerInfo (FollowerInfoImpl.java:lambda$new$0(48)) - omNode-1@group-0AAC5367B30E->omNode-bootstrap-2: nextIndex: setUnconditionally 0 -> 1
2023-03-09 15:02:15,774 [grpc-default-executor-11] INFO  leader.FollowerInfo (FollowerInfoImpl.java:setAttemptedToInstallSnapshot(118)) - Follower omNode-1@group-0AAC5367B30E->omNode-bootstrap-2 acknowledged installing snapshot
2023-03-09 15:02:15,774 [grpc-default-executor-11] INFO  leader.FollowerInfo (FollowerInfoImpl.java:lambda$new$0(48)) - omNode-1@group-0AAC5367B30E->omNode-bootstrap-2: nextIndex: updateToMax old=1, new=1, updated? false
2023-03-09 15:02:15,784 [omNode-bootstrap-2-server-thread1] INFO  impl.RoleInfo (RoleInfo.java:updateAndGet(139)) - omNode-bootstrap-2: start omNode-bootstrap-2@group-0AAC5367B30E-FollowerState
2023-03-09 15:02:15,786 [omNode-bootstrap-2-server-thread1] INFO  server.RaftServer$Division (RaftServerImpl.java:checkInconsistentAppendEntries(1508)) - omNode-bootstrap-2@group-0AAC5367B30E: Failed appendEntries as previous log entry ((t:1, i:0)) is not found
2023-03-09 15:02:15,786 [omNode-bootstrap-2-server-thread1] INFO  server.RaftServer$Division (RaftServerImpl.java:checkInconsistentAppendEntries(1478)) - omNode-bootstrap-2@group-0AAC5367B30E: inconsistency entries. Reply:omNode-1<-omNode-bootstrap-2#0:FAIL-t1,INCONSISTENCY,nextIndex=0,followerCommit=-1,matchIndex=-1
2023-03-09 15:02:15,787 [grpc-default-executor-13] INFO  leader.FollowerInfo (FollowerInfoImpl.java:lambda$new$0(48)) - omNode-1@group-0AAC5367B30E->omNode-bootstrap-2: nextIndex: updateUnconditionally 1 -> 0
2023-03-09 15:02:15,788 [omNode-bootstrap-2-server-thread1] INFO  server.RaftServer$Division (ServerState.java:setRaftConf(430)) - omNode-bootstrap-2@group-0AAC5367B30E: set configuration 0: peers:[omNode-1|rpc:localhost:43577|admin:|client:|dataStream:|priority:0|startupRole:FOLLOWER]|listeners:[], old=null
2023-03-09 15:02:15,789 [omNode-bootstrap-2-server-thread1] INFO  segmented.SegmentedRaftLogWorker (SegmentedRaftLogWorker.java:startLogSegment(452)) - omNode-bootstrap-2@group-0AAC5367B30E-SegmentedRaftLogWorker: Starting segment from index:0
2023-03-09 15:02:15,801 [omNode-bootstrap-2@group-0AAC5367B30E-SegmentedRaftLogWorker] INFO  segmented.SegmentedRaftLogWorker (SegmentedRaftLogWorker.java:execute(656)) - omNode-bootstrap-2@group-0AAC5367B30E-SegmentedRaftLogWorker: created new log segment /home/runner/work/ozone/ozone/hadoop-ozone/integration-test/target/test-dir/MiniOzoneClusterImpl-c8dd39f1-89f8-47ca-b8e4-9b0f9f306b89/omNode-bootstrap-2/ratis/0718e334-ffa1-36bc-8e9a-0aac5367b30e/current/log_inprogress_0
2023-03-09 15:02:15,803 [omNode-bootstrap-2@group-0AAC5367B30E-StateMachineUpdater] INFO  ratis.OzoneManagerStateMachine (OzoneManagerStateMachine.java:notifyConfigurationChanged(192)) - Received Configuration change notification from Ratis. New Peer list:
[id: "omNode-1"
address: "localhost:43577"
startupRole: FOLLOWER
]
2023-03-09 15:02:15,811 [omNode-1@group-0AAC5367B30E-LeaderStateImpl] INFO  server.RaftServer$Division (ServerState.java:setRaftConf(430)) - omNode-1@group-0AAC5367B30E: set configuration 9: peers:[omNode-bootstrap-2|rpc:localhost:41771|priority:0|startupRole:FOLLOWER, omNode-1|rpc:localhost:43577|priority:0|startupRole:FOLLOWER]|listeners:[], old=peers:[omNode-1|rpc:localhost:43577|admin:|client:|dataStream:|priority:0|startupRole:FOLLOWER]|listeners:[]
2023-03-09 15:02:15,813 [omNode-bootstrap-2-server-thread1] INFO  server.RaftServer$Division (ServerState.java:setRaftConf(430)) - omNode-bootstrap-2@group-0AAC5367B30E: set configuration 9: peers:[omNode-bootstrap-2|rpc:localhost:41771|admin:|client:|dataStream:|priority:0|startupRole:FOLLOWER, omNode-1|rpc:localhost:43577|admin:|client:|dataStream:|priority:0|startupRole:FOLLOWER]|listeners:[], old=peers:[omNode-1|rpc:localhost:43577|admin:|client:|dataStream:|priority:0|startupRole:FOLLOWER]|listeners:[]
2023-03-09 15:02:15,816 [omNode-1@group-0AAC5367B30E-LeaderStateImpl] INFO  server.RaftServer$Division (ServerState.java:setRaftConf(430)) - omNode-1@group-0AAC5367B30E: set configuration 11: peers:[omNode-bootstrap-2|rpc:localhost:41771|priority:0|startupRole:FOLLOWER, omNode-1|rpc:localhost:43577|priority:0|startupRole:FOLLOWER]|listeners:[], old=null
2023-03-09 15:02:15,816 [omNode-1@group-0AAC5367B30E-StateMachineUpdater] INFO  ratis.OzoneManagerStateMachine (OzoneManagerStateMachine.java:notifyConfigurationChanged(192)) - Received Configuration change notification from Ratis. New Peer list:
[id: "omNode-bootstrap-2"
address: "localhost:41771"
startupRole: FOLLOWER
, id: "omNode-1"
address: "localhost:43577"
startupRole: FOLLOWER
]
2023-03-09 15:02:15,817 [omNode-bootstrap-2-server-thread1] INFO  server.RaftServer$Division (ServerState.java:setRaftConf(430)) - omNode-bootstrap-2@group-0AAC5367B30E: set configuration 11: peers:[omNode-bootstrap-2|rpc:localhost:41771|admin:|client:|dataStream:|priority:0|startupRole:FOLLOWER, omNode-1|rpc:localhost:43577|admin:|client:|dataStream:|priority:0|startupRole:FOLLOWER]|listeners:[], old=null
2023-03-09 15:02:15,818 [omNode-bootstrap-2@group-0AAC5367B30E-StateMachineUpdater] INFO  ratis.OzoneManagerStateMachine (OzoneManagerStateMachine.java:notifyConfigurationChanged(192)) - Received Configuration change notification from Ratis. New Peer list:
[id: "omNode-bootstrap-2"
address: "localhost:41771"
startupRole: FOLLOWER
, id: "omNode-1"
address: "localhost:43577"
startupRole: FOLLOWER
]
2023-03-09 15:02:15,818 [omNode-bootstrap-2@group-0AAC5367B30E-StateMachineUpdater] INFO  ratis.OzoneManagerRatisServer (OzoneManagerRatisServer.java:addRaftPeer(405)) - Added OM omNode-bootstrap-2 to Ratis Peers list.
2023-03-09 15:02:15,819 [omNode-bootstrap-2@group-0AAC5367B30E-StateMachineUpdater] INFO  ratis.OzoneManagerRatisServer (OzoneManagerRatisServer.java:addRaftPeer(405)) - Added OM omNode-1 to Ratis Peers list.
2023-03-09 15:02:15,826 [omNode-1@group-0AAC5367B30E-StateMachineUpdater] ERROR om.OzoneManager (OzoneManager.java:addOMNodeToPeers(1946)) - omNode-1: Couldn't add OM omNode-bootstrap-2 to peer list.
OMVolumeCreateRequest.java:validateAndUpdateCache(195)) - created volume:volume58122 for user:runner
2023-03-09 15:02:15,826 [omNode-1@group-0AAC5367B30E-StateMachineUpdater] ERROR om.OzoneManager (OzoneManager.java:addOMNodeToPeers(1946)) - omNode-1: Couldn't add OM omNode-bootstrap-2 to peer list.
2023-03-09 15:02:15,826 [omNode-1@group-0AAC5367B30E-StateMachineUpdater] ERROR ozone.MiniOzoneHAClusterImpl (MiniOzoneHAClusterImpl.java:exitSystem(1084)) - omNode-1 - System Exit: There is no OM configuration for node ID omNode-bootstrap-2 in ozone-site.xml.
java.io.IOException: There is no OM configuration for node ID omNode-bootstrap-2 in ozone-site.xml.
	at org.apache.hadoop.ozone.om.OzoneManager.addOMNodeToPeers(OzoneManager.java:1941)
	at org.apache.hadoop.ozone.om.OzoneManager.updatePeerList(OzoneManager.java:1871)
	at org.apache.hadoop.ozone.om.ratis.OzoneManagerStateMachine.notifyConfigurationChanged(OzoneManagerStateMachine.java:200)
	at org.apache.ratis.server.impl.RaftServerImpl.applyLogToStateMachine(RaftServerImpl.java:1657)
	at org.apache.ratis.server.impl.StateMachineUpdater.applyLog(StateMachineUpdater.java:239)
	at org.apache.ratis.server.impl.StateMachineUpdater.run(StateMachineUpdater.java:182)
	at java.lang.Thread.run(Thread.java:750)
2023-03-09 15:02:15,828 [omNode-1@group-0AAC5367B30E-StateMachineUpdater] INFO  om.OzoneManager (OzoneManager.java:stop(2155)) - omNode-1[localhost:39953]: Stopping Ozone Manager
2023-03-09 15:02:15,828 [IPC Server handler 3 on default port 39953] INFO  ratis.OzoneManagerRatisServer (OzoneManagerRatisServer.java:addOMToRatisRing(328)) - Added OM omNode-bootstrap-2 to Ratis group group-0AAC5367B30E.
2023-03-09 15:02:15,829 [Listener at 127.0.0.1/43559] INFO  om.OzoneManager (OzoneManager.java:bootstrap(1820)) - Successfully bootstrapped OM omNode-bootstrap-2 and joined the Ratis group group-0AAC5367B30E:[]
2023-03-09 15:02:15,829 [Listener at 127.0.0.1/43559] INFO  ozone.MiniOzoneHAClusterImpl (MiniOzoneHAClusterImpl.java:bootstrapOzoneManager(780)) - Bootstrapped OzoneManager omNode-bootstrap-2 RPC server at localhost/127.0.0.1:43559
2023-03-09 15:02:15,832 [omNode-1@group-0AAC5367B30E-StateMachineUpdater] INFO  ipc.Server (Server.java:stop(3428)) - Stopping server on 39953
2023-03-09 15:02:15,834 [omNode-bootstrap-2@group-0AAC5367B30E-StateMachineUpdater] INFO  ratis.OzoneManagerStateMachine (OzoneManagerStateMachine.java:notifyConfigurationChanged(192)) - Received Configuration change notification from Ratis. New Peer list:
[id: "omNode-bootstrap-2"
address: "localhost:41771"
startupRole: FOLLOWER
, id: "omNode-1"
address: "localhost:43577"
startupRole: FOLLOWER
]
2023-03-09 15:02:15,845 [IPC Server listener on 39953] INFO  ipc.Server (Server.java:run(1384)) - Stopping IPC Server listener on 39953
2023-03-09 15:02:15,845 [IPC Server Responder] INFO  ipc.Server (Server.java:run(1517)) - Stopping IPC Server Responder
2023-03-09 15:02:15,845 [omNode-1@group-0AAC5367B30E-StateMachineUpdater] INFO  server.RaftServer (RaftServerProxy.java:lambda$close$6(409)) - omNode-1: close
2023-03-09 15:02:15,846 [OM StateMachine ApplyTransaction Thread - 0] INFO  bucket.OMBucketCreateRequest (OMBucketCreateRequest.java:validateAndUpdateCache(263)) - created bucket: bucket28645 of layout FILE_SYSTEM_OPTIMIZED in volume: volume58122
2023-03-09 15:02:15,851 [omNode-1@group-0AAC5367B30E-StateMachineUpdater] INFO  server.GrpcService (GrpcService.java:closeImpl(271)) - omNode-1: shutdown server GrpcServerProtocolService now
2023-03-09 15:02:15,851 [omNode-1-impl-thread1] INFO  server.RaftServer$Division (RaftServerImpl.java:lambda$close$4(458)) - omNode-1@group-0AAC5367B30E: shutdown
2023-03-09 15:02:15,852 [omNode-1-impl-thread1] INFO  util.JmxRegister (JmxRegister.java:unregister(73)) - Successfully un-registered JMX Bean with object name Ratis:service=RaftServer,group=group-0AAC5367B30E,id=omNode-1
2023-03-09 15:02:15,852 [omNode-1-impl-thread1] INFO  impl.RoleInfo (RoleInfo.java:shutdownLeaderState(93)) - omNode-1: shutdown omNode-1@group-0AAC5367B30E-LeaderStateImpl
2023-03-09 15:02:15,852 [omNode-1-impl-thread1] INFO  impl.PendingRequests (PendingRequests.java:sendNotLeaderResponses(282)) - omNode-1@group-0AAC5367B30E-PendingRequests: sendNotLeaderResponses
2023-03-09 15:02:15,852 [omNode-1@group-0AAC5367B30E->omNode-bootstrap-2-GrpcLogAppender-LogAppenderDaemon] WARN  server.GrpcLogAppender (GrpcLogAppender.java:mayWait(200)) - omNode-1@group-0AAC5367B30E->omNode-bootstrap-2-GrpcLogAppender: Wait interrupted by java.lang.InterruptedException
2023-03-09 15:02:15,852 [grpc-default-executor-13] INFO  server.GrpcServerProtocolService (GrpcServerProtocolService.java:onCompleted(143)) - omNode-bootstrap-2: Completed APPEND_ENTRIES, lastRequest: omNode-1->omNode-bootstrap-2#6-t1,previous=(t:1, i:11),leaderCommit=11,initializing? true,entries: size=1, first=(t:1, i:12), METADATAENTRY(c:11)
2023-03-09 15:02:15,853 [grpc-default-executor-11] INFO  server.GrpcServerProtocolService (GrpcServerProtocolService.java:onCompleted(143)) - omNode-bootstrap-2: Completed APPEND_ENTRIES, lastRequest: null
2023-03-09 15:02:15,853 [grpc-default-executor-12] INFO  server.GrpcLogAppender (GrpcLogAppender.java:onCompleted(415)) - omNode-1@group-0AAC5367B30E->omNode-bootstrap-2-AppendLogResponseHandler: follower responses appendEntries COMPLETED
2023-03-09 15:02:15,854 [grpc-default-executor-12] INFO  leader.FollowerInfo (FollowerInfoImpl.java:lambda$new$0(48)) - omNode-1@group-0AAC5367B30E->omNode-bootstrap-2: nextIndex: updateUnconditionally 13 -> 12
2023-03-09 15:02:15,853 [grpc-default-executor-10] INFO  server.GrpcLogAppender (GrpcLogAppender.java:onCompleted(415)) - omNode-1@group-0AAC5367B30E->omNode-bootstrap-2-AppendLogResponseHandler: follower responses appendEntries COMPLETED
2023-03-09 15:02:15,854 [grpc-default-executor-10] INFO  leader.FollowerInfo (FollowerInfoImpl.java:lambda$new$0(48)) - omNode-1@group-0AAC5367B30E->omNode-bootstrap-2: nextIndex: updateUnconditionally 12 -> 11
2023-03-09 15:02:15,863 [omNode-1@group-0AAC5367B30E-StateMachineUpdater] INFO  server.GrpcServerProtocolClient (GrpcServerProtocolClient.java:close(101)) - omNode-bootstrap-2 Close channels
2023-03-09 15:02:15,866 [omNode-1@group-0AAC5367B30E-StateMachineUpdater] INFO  server.GrpcService (GrpcService.java:closeImpl(280)) - omNode-1: shutdown server GrpcServerProtocolService successfully
2023-03-09 15:02:15,866 [omNode-1-impl-thread1] INFO  impl.StateMachineUpdater (StateMachineUpdater.java:stopAndJoin(153)) - omNode-1@group-0AAC5367B30E-StateMachineUpdater: set stopIndex = 12
2023-03-09 15:02:16,060 [EndpointStateMachine task thread for /127.0.0.1:35467 - 0 ] INFO  ipc.Client (Client.java:handleConnectionFailure(1010)) - Retrying connect to server: localhost/127.0.0.1:35467. Already tried 6 time(s); retry policy is RetryUpToMaximumCountWithFixedSleep(maxRetries=15, sleepTime=1000 MILLISECONDS)
2023-03-09 15:02:16,831 [Listener at 127.0.0.1/43559] INFO  ozone.MiniOzoneClusterImpl (MiniOzoneClusterImpl.java:shutdown(450)) - Shutting down the Mini Ozone Cluster
2023-03-09 15:02:16,832 [Listener at 127.0.0.1/43559] INFO  ozone.MiniOzoneHAClusterImpl (MiniOzoneHAClusterImpl.java:stop(312)) - Stopping the OzoneManager omNode-1
2023-03-09 15:02:16,832 [Listener at 127.0.0.1/43559] INFO  om.OzoneManager (OzoneManager.java:stop(2155)) - omNode-1[localhost:39953]: Stopping Ozone Manager
2023-03-09 15:02:16,832 [Listener at 127.0.0.1/43559] INFO  ozone.MiniOzoneHAClusterImpl (MiniOzoneHAClusterImpl.java:stop(312)) - Stopping the OzoneManager omNode-bootstrap-1
2023-03-09 15:02:16,832 [Listener at 127.0.0.1/43559] INFO  om.OzoneManager (OzoneManager.java:stop(2155)) - omNode-bootstrap-1[localhost:34807]: Stopping Ozone Manager
2023-03-09 15:02:16,832 [Listener at 127.0.0.1/43559] INFO  ozone.MiniOzoneHAClusterImpl (MiniOzoneHAClusterImpl.java:stop(312)) - Stopping the OzoneManager omNode-bootstrap-2
2023-03-09 15:02:16,832 [Listener at 127.0.0.1/43559] INFO  om.OzoneManager (OzoneManager.java:stop(2155)) - omNode-bootstrap-2[localhost:43559]: Stopping Ozone Manager
2023-03-09 15:02:16,832 [Listener at 127.0.0.1/43559] INFO  ipc.Server (Server.java:stop(3428)) - Stopping server on 43559
2023-03-09 15:02:16,838 [IPC Server listener on 43559] INFO  ipc.Server (Server.java:run(1384)) - Stopping IPC Server listener on 43559
2023-03-09 15:02:16,838 [IPC Server Responder] INFO  ipc.Server (Server.java:run(1517)) - Stopping IPC Server Responder
2023-03-09 15:02:16,839 [Listener at 127.0.0.1/43559] INFO  server.RaftServer (RaftServerProxy.java:lambda$close$6(409)) - omNode-bootstrap-2: close
2023-03-09 15:02:16,839 [Listener at 127.0.0.1/43559] INFO  server.GrpcService (GrpcService.java:closeImpl(271)) - omNode-bootstrap-2: shutdown server GrpcServerProtocolService now
2023-03-09 15:02:16,839 [omNode-bootstrap-2-impl-thread1] INFO  server.RaftServer$Division (RaftServerImpl.java:lambda$close$4(458)) - omNode-bootstrap-2@group-0AAC5367B30E: shutdown
2023-03-09 15:02:16,846 [omNode-bootstrap-2-impl-thread1] INFO  util.JmxRegister (JmxRegister.java:unregister(73)) - Successfully un-registered JMX Bean with object name Ratis:service=RaftServer,group=group-0AAC5367B30E,id=omNode-bootstrap-2
2023-03-09 15:02:16,846 [omNode-bootstrap-2-impl-thread1] INFO  impl.RoleInfo (RoleInfo.java:shutdownFollowerState(110)) - omNode-bootstrap-2: shutdown omNode-bootstrap-2@group-0AAC5367B30E-FollowerState
2023-03-09 15:02:16,846 [omNode-bootstrap-2-impl-thread1] INFO  impl.StateMachineUpdater (StateMachineUpdater.java:stopAndJoin(153)) - omNode-bootstrap-2@group-0AAC5367B30E-StateMachineUpdater: set stopIndex = 11
2023-03-09 15:02:16,846 [omNode-bootstrap-2@group-0AAC5367B30E-FollowerState] INFO  impl.FollowerState (FollowerState.java:run(152)) - omNode-bootstrap-2@group-0AAC5367B30E-FollowerState was interrupted
2023-03-09 15:02:16,850 [omNode-bootstrap-2@group-0AAC5367B30E-StateMachineUpdater] INFO  ratis.OzoneManagerStateMachine (OzoneManagerStateMachine.java:takeSnapshot(445)) - Current Snapshot Index (t:1, i:11)
2023-03-09 15:02:16,850 [Listener at 127.0.0.1/43559] INFO  server.GrpcService (GrpcService.java:closeImpl(280)) - omNode-bootstrap-2: shutdown server GrpcServerProtocolService successfully
2023-03-09 15:02:16,876 [omNode-bootstrap-2@group-0AAC5367B30E-StateMachineUpdater] INFO  impl.StateMachineUpdater (StateMachineUpdater.java:takeSnapshot(287)) - omNode-bootstrap-2@group-0AAC5367B30E-StateMachineUpdater: Took a snapshot at index 11
2023-03-09 15:02:16,877 [omNode-bootstrap-2@group-0AAC5367B30E-StateMachineUpdater] INFO  impl.StateMachineUpdater (StateMachineUpdater.java:lambda$new$0(92)) - omNode-bootstrap-2@group-0AAC5367B30E-StateMachineUpdater: snapshotIndex: updateIncreasingly -1 -> 11
2023-03-09 15:02:16,877 [omNode-bootstrap-2@group-0AAC5367B30E-StateMachineUpdater] INFO  ratis.OzoneManagerStateMachine (OzoneManagerStateMachine.java:close(499)) - StateMachine has shutdown. Shutdown OzoneManager if not already shutdown.
2023-03-09 15:02:16,877 [omNode-bootstrap-2@group-0AAC5367B30E-StateMachineUpdater] INFO  ratis.OzoneManagerDoubleBuffer (OzoneManagerDoubleBuffer.java:stopDaemon(540)) - Stopping OMDoubleBuffer flush thread
2023-03-09 15:02:16,879 [OMDoubleBufferFlushThread] INFO  ratis.OzoneManagerDoubleBuffer (OzoneManagerDoubleBuffer.java:canFlush(625)) - OMDoubleBuffer flush thread OMDoubleBufferFlushThread is interrupted and will exit.
2023-03-09 15:02:16,880 [omNode-bootstrap-2-impl-thread1] INFO  server.RaftServer$Division (ServerState.java:close(466)) - omNode-bootstrap-2@group-0AAC5367B30E: closes. applyIndex: 11
2023-03-09 15:02:16,880 [omNode-bootstrap-2@group-0AAC5367B30E-SegmentedRaftLogWorker] INFO  segmented.SegmentedRaftLogWorker (SegmentedRaftLogWorker.java:run(347)) - omNode-bootstrap-2@group-0AAC5367B30E-SegmentedRaftLogWorker was interrupted, exiting. There are 0 tasks remaining in the queue.
2023-03-09 15:02:16,882 [omNode-bootstrap-2-impl-thread1] INFO  segmented.SegmentedRaftLogWorker (SegmentedRaftLogWorker.java:close(257)) - omNode-bootstrap-2@group-0AAC5367B30E-SegmentedRaftLogWorker close()
2023-03-09 15:02:16,883 [JvmPauseMonitor42] INFO  util.JvmPauseMonitor (JvmPauseMonitor.java:run(111)) - JvmPauseMonitor-omNode-bootstrap-2: Stopped
2023-03-09 15:02:16,883 [Listener at 127.0.0.1/43559] INFO  ratis.OzoneManagerStateMachine (OzoneManagerStateMachine.java:close(499)) - StateMachine has shutdown. Shutdown OzoneManager if not already shutdown.
2023-03-09 15:02:16,883 [Listener at 127.0.0.1/43559] INFO  ratis.OzoneManagerDoubleBuffer (OzoneManagerDoubleBuffer.java:stopDaemon(549)) - OMDoubleBuffer flush thread is not running.
2023-03-09 15:02:16,884 [Listener at 127.0.0.1/43559] INFO  utils.BackgroundService (BackgroundService.java:shutdown(141)) - Shutting down service KeyDeletingService
2023-03-09 15:02:16,885 [Listener at 127.0.0.1/43559] INFO  utils.BackgroundService (BackgroundService.java:shutdown(141)) - Shutting down service DirectoryDeletingService
2023-03-09 15:02:16,885 [Listener at 127.0.0.1/43559] INFO  utils.BackgroundService (BackgroundService.java:shutdown(141)) - Shutting down service OpenKeyCleanupService
2023-03-09 15:02:16,885 [Listener at 127.0.0.1/43559] INFO  utils.BackgroundService (BackgroundService.java:shutdown(141)) - Shutting down service SstFilteringService
2023-03-09 15:02:16,886 [Listener at 127.0.0.1/43559] INFO  handler.ContextHandler (ContextHandler.java:doStop(1159)) - Stopped o.e.j.w.WebAppContext@7880d04{ozoneManager,/,null,STOPPED}{file:/home/runner/work/ozone/ozone/hadoop-ozone/integration-test/target/test-classes/webapps/ozoneManager}
2023-03-09 15:02:16,888 [Listener at 127.0.0.1/43559] INFO  server.AbstractConnector (AbstractConnector.java:doStop(383)) - Stopped ServerConnector@569d7448{HTTP/1.1, (http/1.1)}{0.0.0.0:37517}
2023-03-09 15:02:16,888 [Listener at 127.0.0.1/43559] INFO  server.session (HouseKeeper.java:stopScavenging(149)) - node0 Stopped scavenging
2023-03-09 15:02:16,888 [Listener at 127.0.0.1/43559] INFO  handler.ContextHandler (ContextHandler.java:doStop(1159)) - Stopped o.e.j.s.ServletContextHandler@2ba9378{static,/static,file:///home/runner/work/ozone/ozone/hadoop-ozone/integration-test/target/test-classes/webapps/static,STOPPED}
2023-03-09 15:02:16,888 [Listener at 127.0.0.1/43559] INFO  handler.ContextHandler (ContextHandler.java:doStop(1159)) - Stopped o.e.j.s.ServletContextHandler@2bb4511{logs,/logs,file:///home/runner/work/ozone/ozone/hadoop-ozone/integration-test/target/log,STOPPED}
2023-03-09 15:02:16,894 [Listener at 127.0.0.1/43559] INFO  ozone.MiniOzoneHAClusterImpl (MiniOzoneHAClusterImpl.java:stop(320)) - Stopping the StorageContainerManager 9c2c9161-baeb-4919-a38f-0ea4e5b0accf
2023-03-09 15:02:16,894 [Listener at 127.0.0.1/43559] INFO  server.StorageContainerManager (StorageContainerManager.java:stop(1532)) - Container Balancer is not running.
2023-03-09 15:02:16,894 [Listener at 127.0.0.1/43559] INFO  server.StorageContainerManager (StorageContainerManager.java:stop(1539)) - Stopping Replication Manager Service.
2023-03-09 15:02:16,894 [Listener at 127.0.0.1/43559] INFO  replication.ReplicationManager (ReplicationManager.java:stop(300)) - Stopping Replication Monitor Thread.
2023-03-09 15:02:16,895 [Over Replicated Processor] WARN  replication.UnhealthyReplicationProcessor (UnhealthyReplicationProcessor.java:run(153)) - Over Replicated Processor interrupted. Exiting...
2023-03-09 15:02:16,895 [Under Replicated Processor] WARN  replication.UnhealthyReplicationProcessor (UnhealthyReplicationProcessor.java:run(153)) - Under Replicated Processor interrupted. Exiting...
2023-03-09 15:02:16,897 [ReplicationMonitor] INFO  replication.ReplicationManager (ReplicationManager.java:run(747)) - Replication Monitor Thread is stopped
2023-03-09 15:02:16,897 [Listener at 127.0.0.1/43559] INFO  server.StorageContainerManager (StorageContainerManager.java:stop(1546)) - Stopping the Datanode Admin Monitor.
2023-03-09 15:02:16,897 [Listener at 127.0.0.1/43559] INFO  server.StorageContainerManager (StorageContainerManager.java:stop(1553)) - Stopping datanode service RPC server
2023-03-09 15:02:16,897 [Listener at 127.0.0.1/43559] INFO  server.SCMDatanodeProtocolServer (SCMDatanodeProtocolServer.java:stop(424)) - Stopping the RPC server for DataNodes
2023-03-09 15:02:16,897 [Listener at 127.0.0.1/43559] INFO  ipc.Server (Server.java:stop(3428)) - Stopping server on 33275
2023-03-09 15:02:16,906 [IPC Server listener on 33275] INFO  ipc.Server (Server.java:run(1384)) - Stopping IPC Server listener on 33275
2023-03-09 15:02:16,909 [IPC Server Responder] INFO  ipc.Server (Server.java:run(1517)) - Stopping IPC Server Responder
2023-03-09 15:02:17,061 [EndpointStateMachine task thread for /127.0.0.1:35467 - 0 ] INFO  ipc.Client (Client.java:handleConnectionFailure(1010)) - Retrying connect to server: localhost/127.0.0.1:35467. Already tried 7 time(s); retry policy is RetryUpToMaximumCountWithFixedSleep(maxRetries=15, sleepTime=1000 MILLISECONDS)
2023-03-09 15:02:17,687 [EndpointStateMachine task thread for /127.0.0.1:33275 - 0 ] WARN  statemachine.EndpointStateMachine (EndpointStateMachine.java:logIfNeeded(242)) - Unable to communicate to SCM server at localhost:33275 for past 0 seconds.
java.io.EOFException: End of File Exception between local host is: "fv-az377-502/10.1.0.44"; destination host is: "localhost":33275; : java.io.EOFException; For more details see:  http://wiki.apache.org/hadoop/EOFException
	at sun.reflect.NativeConstructorAccessorImpl.newInstance0(Native Method)
	at sun.reflect.NativeConstructorAccessorImpl.newInstance(NativeConstructorAccessorImpl.java:62)
	at sun.reflect.DelegatingConstructorAccessorImpl.newInstance(DelegatingConstructorAccessorImpl.java:45)
	at java.lang.reflect.Constructor.newInstance(Constructor.java:423)
	at org.apache.hadoop.net.NetUtils.wrapWithMessage(NetUtils.java:913)
	at org.apache.hadoop.net.NetUtils.wrapException(NetUtils.java:862)
	at org.apache.hadoop.ipc.Client.getRpcResponse(Client.java:1616)
	at org.apache.hadoop.ipc.Client.call(Client.java:1558)
	at org.apache.hadoop.ipc.Client.call(Client.java:1455)
	at org.apache.hadoop.ipc.ProtobufRpcEngine$Invoker.invoke(ProtobufRpcEngine.java:235)
	at org.apache.hadoop.ipc.ProtobufRpcEngine$Invoker.invoke(ProtobufRpcEngine.java:122)
	at com.sun.proxy.$Proxy54.submitRequest(Unknown Source)
	at org.apache.hadoop.ozone.protocolPB.StorageContainerDatanodeProtocolClientSideTranslatorPB.submitRequest(StorageContainerDatanodeProtocolClientSideTranslatorPB.java:117)
	at org.apache.hadoop.ozone.protocolPB.StorageContainerDatanodeProtocolClientSideTranslatorPB.sendHeartbeat(StorageContainerDatanodeProtocolClientSideTranslatorPB.java:149)
	at org.apache.hadoop.ozone.container.common.states.endpoint.HeartbeatEndpointTask.call(HeartbeatEndpointTask.java:185)
	at org.apache.hadoop.ozone.container.common.states.endpoint.HeartbeatEndpointTask.call(HeartbeatEndpointTask.java:87)
	at java.util.concurrent.FutureTask.run(FutureTask.java:266)
	at java.util.concurrent.ThreadPoolExecutor.runWorker(ThreadPoolExecutor.java:1149)
	at java.util.concurrent.ThreadPoolExecutor$Worker.run(ThreadPoolExecutor.java:624)
	at java.lang.Thread.run(Thread.java:750)
Caused by: java.io.EOFException
	at java.io.DataInputStream.readInt(DataInputStream.java:392)
	at org.apache.hadoop.ipc.Client$IpcStreams.readResponse(Client.java:1922)
	at org.apache.hadoop.ipc.Client$Connection.receiveRpcResponse(Client.java:1238)
	at org.apache.hadoop.ipc.Client$Connection.run(Client.java:1134)
2023-03-09 15:02:17,698 [SCM Heartbeat Processing Thread - 0] WARN  node.NodeStateManager (NodeStateManager.java:scheduleNextHealthCheck(870)) - Current Thread is interrupted, shutting down HB processing thread for Node Manager.
2023-03-09 15:02:17,698 [Listener at 127.0.0.1/43559] INFO  server.StorageContainerManager (StorageContainerManager.java:stop(1561)) - Stopping block service RPC server
2023-03-09 15:02:17,698 [Listener at 127.0.0.1/43559] INFO  server.SCMBlockProtocolServer (SCMBlockProtocolServer.java:stop(161)) - Stopping the RPC server for Block Protocol
2023-03-09 15:02:17,698 [Listener at 127.0.0.1/43559] INFO  ipc.Server (Server.java:stop(3428)) - Stopping server on 33477
2023-03-09 15:02:17,710 [IPC Server listener on 33477] INFO  ipc.Server (Server.java:run(1384)) - Stopping IPC Server listener on 33477
2023-03-09 15:02:17,710 [IPC Server Responder] INFO  ipc.Server (Server.java:run(1517)) - Stopping IPC Server Responder
2023-03-09 15:02:17,711 [Listener at 127.0.0.1/43559] INFO  server.StorageContainerManager (StorageContainerManager.java:stop(1568)) - Stopping the StorageContainerLocationProtocol RPC server
2023-03-09 15:02:17,711 [Listener at 127.0.0.1/43559] INFO  server.SCMClientProtocolServer (SCMClientProtocolServer.java:stop(203)) - Stopping the RPC server for Client Protocol
2023-03-09 15:02:17,711 [Listener at 127.0.0.1/43559] INFO  ipc.Server (Server.java:stop(3428)) - Stopping server on 40731
2023-03-09 15:02:17,726 [IPC Server Responder] INFO  ipc.Server (Server.java:run(1517)) - Stopping IPC Server Responder
2023-03-09 15:02:17,726 [Listener at 127.0.0.1/43559] INFO  server.StorageContainerManager (StorageContainerManager.java:stop(1575)) - Stopping Storage Container Manager HTTP server.
2023-03-09 15:02:17,726 [IPC Server listener on 40731] INFO  ipc.Server (Server.java:run(1384)) - Stopping IPC Server listener on 40731
2023-03-09 15:02:17,730 [Listener at 127.0.0.1/43559] INFO  handler.ContextHandler (ContextHandler.java:doStop(1159)) - Stopped o.e.j.w.WebAppContext@3a55699d{scm,/,null,STOPPED}{file:/home/runner/work/ozone/ozone/hadoop-ozone/integration-test/target/test-classes/webapps/scm}
2023-03-09 15:02:17,732 [Listener at 127.0.0.1/43559] INFO  server.AbstractConnector (AbstractConnector.java:doStop(383)) - Stopped ServerConnector@2de6e422{HTTP/1.1, (http/1.1)}{0.0.0.0:43655}
2023-03-09 15:02:17,735 [Listener at 127.0.0.1/43559] INFO  server.session (HouseKeeper.java:stopScavenging(149)) - node0 Stopped scavenging
2023-03-09 15:02:17,735 [Listener at 127.0.0.1/43559] INFO  handler.ContextHandler (ContextHandler.java:doStop(1159)) - Stopped o.e.j.s.ServletContextHandler@27276853{static,/static,file:///home/runner/work/ozone/ozone/hadoop-ozone/integration-test/target/test-classes/webapps/static,STOPPED}
2023-03-09 15:02:17,736 [Listener at 127.0.0.1/43559] INFO  handler.ContextHandler (ContextHandler.java:doStop(1159)) - Stopped o.e.j.s.ServletContextHandler@816cef8{logs,/logs,file:///home/runner/work/ozone/ozone/hadoop-ozone/integration-test/target/log,STOPPED}
2023-03-09 15:02:17,737 [Listener at 127.0.0.1/43559] INFO  server.StorageContainerManager (StorageContainerManager.java:stop(1583)) - Stopping SCM LayoutVersionManager Service.
2023-03-09 15:02:17,737 [Listener at 127.0.0.1/43559] INFO  server.StorageContainerManager (StorageContainerManager.java:stop(1591)) - Stopping Block Manager Service.
2023-03-09 15:02:17,737 [Listener at 127.0.0.1/43559] INFO  utils.BackgroundService (BackgroundService.java:shutdown(141)) - Shutting down service SCMBlockDeletingService
2023-03-09 15:02:17,737 [Listener at 127.0.0.1/43559] INFO  utils.BackgroundService (BackgroundService.java:shutdown(141)) - Shutting down service SCMBlockDeletingService
2023-03-09 15:02:17,738 [Listener at 127.0.0.1/43559] INFO  server.StorageContainerManager (StorageContainerManager.java:stop(1613)) - Stopping SCM Event Queue.
2023-03-09 15:02:17,743 [Listener at 127.0.0.1/43559] INFO  server.StorageContainerManager (StorageContainerManager.java:stop(1624)) - Stopping SCM HA services.
2023-03-09 15:02:17,744 [Listener at 127.0.0.1/43559] INFO  ha.SCMRatisServerImpl (SCMRatisServerImpl.java:stop(237)) - stopping ratis server 0.0.0.0:39749
2023-03-09 15:02:17,744 [Listener at 127.0.0.1/43559] INFO  server.RaftServer (RaftServerProxy.java:lambda$close$6(409)) - 9c2c9161-baeb-4919-a38f-0ea4e5b0accf: close
2023-03-09 15:02:17,744 [Listener at 127.0.0.1/43559] INFO  server.GrpcService (GrpcService.java:closeImpl(271)) - 9c2c9161-baeb-4919-a38f-0ea4e5b0accf: shutdown server GrpcServerProtocolService now
2023-03-09 15:02:17,744 [9c2c9161-baeb-4919-a38f-0ea4e5b0accf-impl-thread1] INFO  server.RaftServer$Division (RaftServerImpl.java:lambda$close$4(458)) - 9c2c9161-baeb-4919-a38f-0ea4e5b0accf@group-9B0F9F306B89: shutdown
2023-03-09 15:02:17,744 [9c2c9161-baeb-4919-a38f-0ea4e5b0accf-impl-thread1] INFO  util.JmxRegister (JmxRegister.java:unregister(73)) - Successfully un-registered JMX Bean with object name Ratis:service=RaftServer,group=group-9B0F9F306B89,id=9c2c9161-baeb-4919-a38f-0ea4e5b0accf
2023-03-09 15:02:17,744 [9c2c9161-baeb-4919-a38f-0ea4e5b0accf-impl-thread1] INFO  impl.RoleInfo (RoleInfo.java:shutdownLeaderState(93)) - 9c2c9161-baeb-4919-a38f-0ea4e5b0accf: shutdown 9c2c9161-baeb-4919-a38f-0ea4e5b0accf@group-9B0F9F306B89-LeaderStateImpl
2023-03-09 15:02:17,744 [9c2c9161-baeb-4919-a38f-0ea4e5b0accf-impl-thread1] INFO  impl.PendingRequests (PendingRequests.java:sendNotLeaderResponses(282)) - 9c2c9161-baeb-4919-a38f-0ea4e5b0accf@group-9B0F9F306B89-PendingRequests: sendNotLeaderResponses
2023-03-09 15:02:17,745 [9c2c9161-baeb-4919-a38f-0ea4e5b0accf-impl-thread1] INFO  ha.SCMStateMachine (SCMStateMachine.java:notifyNotLeader(205)) - current leader SCM steps down.
2023-03-09 15:02:17,745 [Listener at 127.0.0.1/43559] INFO  server.GrpcService (GrpcService.java:closeImpl(280)) - 9c2c9161-baeb-4919-a38f-0ea4e5b0accf: shutdown server GrpcServerProtocolService successfully
2023-03-09 15:02:17,745 [9c2c9161-baeb-4919-a38f-0ea4e5b0accf-impl-thread1] INFO  ha.SCMContext (SCMContext.java:updateLeaderAndTerm(99)) - update <isLeader,term> from <true,2> to <false,0>
2023-03-09 15:02:17,746 [9c2c9161-baeb-4919-a38f-0ea4e5b0accf-impl-thread1] INFO  ha.SCMContext (SCMContext.java:updateLeaderAndTerm(106)) - update <isLeaderReady> from <false> to <false>
2023-03-09 15:02:17,746 [9c2c9161-baeb-4919-a38f-0ea4e5b0accf-impl-thread1] INFO  BackgroundPipelineScrubber (BackgroundSCMService.java:notifyStatusChanged(88)) - Service BackgroundPipelineScrubber transitions to PAUSING.
2023-03-09 15:02:17,746 [9c2c9161-baeb-4919-a38f-0ea4e5b0accf-impl-thread1] INFO  ExpiredContainerReplicaOpScrubber (BackgroundSCMService.java:notifyStatusChanged(88)) - Service ExpiredContainerReplicaOpScrubber transitions to PAUSING.
2023-03-09 15:02:17,752 [9c2c9161-baeb-4919-a38f-0ea4e5b0accf-impl-thread1] INFO  impl.StateMachineUpdater (StateMachineUpdater.java:stopAndJoin(153)) - 9c2c9161-baeb-4919-a38f-0ea4e5b0accf@group-9B0F9F306B89-StateMachineUpdater: set stopIndex = 30
2023-03-09 15:02:17,752 [9c2c9161-baeb-4919-a38f-0ea4e5b0accf@group-9B0F9F306B89-StateMachineUpdater] INFO  ha.SCMStateMachine (SCMStateMachine.java:takeSnapshot(312)) - Current Snapshot Index 30, takeSnapshot took 0 ms
2023-03-09 15:02:17,752 [9c2c9161-baeb-4919-a38f-0ea4e5b0accf@group-9B0F9F306B89-StateMachineUpdater] INFO  impl.StateMachineUpdater (StateMachineUpdater.java:takeSnapshot(287)) - 9c2c9161-baeb-4919-a38f-0ea4e5b0accf@group-9B0F9F306B89-StateMachineUpdater: Took a snapshot at index 30
2023-03-09 15:02:17,752 [9c2c9161-baeb-4919-a38f-0ea4e5b0accf@group-9B0F9F306B89-StateMachineUpdater] INFO  impl.StateMachineUpdater (StateMachineUpdater.java:lambda$new$0(92)) - 9c2c9161-baeb-4919-a38f-0ea4e5b0accf@group-9B0F9F306B89-StateMachineUpdater: snapshotIndex: updateIncreasingly -1 -> 30
2023-03-09 15:02:17,753 [9c2c9161-baeb-4919-a38f-0ea4e5b0accf@group-9B0F9F306B89-StateMachineUpdater] INFO  server.StorageContainerManager (StorageContainerManager.java:stop(1523)) - Storage Container Manager is not running.
2023-03-09 15:02:17,753 [9c2c9161-baeb-4919-a38f-0ea4e5b0accf@group-9B0F9F306B89-StateMachineUpdater] INFO  server.StorageContainerManager (ExitUtils.java:terminate(131)) - Terminating with exit status 0: scm statemachine is closed by ratis, terminate SCM
2023-03-09 15:02:17,753 [9c2c9161-baeb-4919-a38f-0ea4e5b0accf@group-9B0F9F306B89-StateMachineUpdater] WARN  impl.StateMachineUpdater (StateMachineUpdater.java:stop(137)) - 9c2c9161-baeb-4919-a38f-0ea4e5b0accf@group-9B0F9F306B89-StateMachineUpdater: Failed to close SCMStateMachine SCMStateMachine:9c2c9161-baeb-4919-a38f-0ea4e5b0accf:group-9B0F9F306B89
org.apache.ratis.util.ExitUtils$ExitException: scm statemachine is closed by ratis, terminate SCM
	at org.apache.ratis.util.ExitUtils.terminate(ExitUtils.java:141)
	at org.apache.ratis.util.ExitUtils.terminate(ExitUtils.java:151)
	at org.apache.ratis.util.ExitUtils.terminate(ExitUtils.java:155)
	at org.apache.hadoop.hdds.scm.server.StorageContainerManager.shutDown(StorageContainerManager.java:1652)
	at org.apache.hadoop.hdds.scm.ha.SCMStateMachine.close(SCMStateMachine.java:421)
	at org.apache.ratis.server.impl.StateMachineUpdater.stop(StateMachineUpdater.java:134)
	at org.apache.ratis.server.impl.StateMachineUpdater.run(StateMachineUpdater.java:187)
	at java.lang.Thread.run(Thread.java:750)
2023-03-09 15:02:17,753 [9c2c9161-baeb-4919-a38f-0ea4e5b0accf-impl-thread1] INFO  server.RaftServer$Division (ServerState.java:close(466)) - 9c2c9161-baeb-4919-a38f-0ea4e5b0accf@group-9B0F9F306B89: closes. applyIndex: 30
2023-03-09 15:02:17,753 [9c2c9161-baeb-4919-a38f-0ea4e5b0accf@group-9B0F9F306B89-SegmentedRaftLogWorker] INFO  segmented.SegmentedRaftLogWorker (SegmentedRaftLogWorker.java:run(347)) - 9c2c9161-baeb-4919-a38f-0ea4e5b0accf@group-9B0F9F306B89-SegmentedRaftLogWorker was interrupted, exiting. There are 0 tasks remaining in the queue.
2023-03-09 15:02:17,755 [9c2c9161-baeb-4919-a38f-0ea4e5b0accf-impl-thread1] INFO  segmented.SegmentedRaftLogWorker (SegmentedRaftLogWorker.java:close(257)) - 9c2c9161-baeb-4919-a38f-0ea4e5b0accf@group-9B0F9F306B89-SegmentedRaftLogWorker close()
2023-03-09 15:02:17,756 [JvmPauseMonitor37] INFO  util.JvmPauseMonitor (JvmPauseMonitor.java:run(111)) - JvmPauseMonitor-9c2c9161-baeb-4919-a38f-0ea4e5b0accf: Stopped
2023-03-09 15:02:17,756 [Listener at 127.0.0.1/43559] INFO  pipeline.BackgroundPipelineCreator (BackgroundPipelineCreator.java:stop(149)) - Stopping RatisPipelineUtilsThread.
2023-03-09 15:02:17,756 [RatisPipelineUtilsThread - 0] WARN  pipeline.BackgroundPipelineCreator (BackgroundPipelineCreator.java:run(180)) - RatisPipelineUtilsThread is interrupted.
2023-03-09 15:02:17,756 [Listener at 127.0.0.1/43559] INFO  BackgroundPipelineScrubber (BackgroundSCMService.java:stop(131)) - Stopping BackgroundPipelineScrubber Service.
2023-03-09 15:02:17,757 [Listener at 127.0.0.1/43559] INFO  impl.MetricsSystemImpl (MetricsSystemImpl.java:stop(210)) - Stopping OzoneManager metrics system...
2023-03-09 15:02:17,758 [BackgroundPipelineScrubberThread] WARN  BackgroundPipelineScrubber (BackgroundSCMService.java:run(115)) - BackgroundPipelineScrubber is interrupted, exit
2023-03-09 15:02:17,762 [prometheus] INFO  impl.MetricsSinkAdapter (MetricsSinkAdapter.java:publishMetricsFromQueue(141)) - prometheus thread interrupted.
2023-03-09 15:02:17,762 [Listener at 127.0.0.1/43559] INFO  impl.MetricsSystemImpl (MetricsSystemImpl.java:stop(216)) - OzoneManager metrics system stopped.
2023-03-09 15:02:17,762 [Listener at 127.0.0.1/43559] WARN  pipeline.BackgroundPipelineCreator (BackgroundPipelineCreator.java:stop(145)) - RatisPipelineUtilsThread is not running, just ignore.
2023-03-09 15:02:17,763 [Listener at 127.0.0.1/43559] INFO  BackgroundPipelineScrubber (BackgroundSCMService.java:stop(126)) - BackgroundPipelineScrubber Service is not running, skip stop.
2023-03-09 15:02:17,763 [Listener at 127.0.0.1/43559] INFO  ExpiredContainerReplicaOpScrubber (BackgroundSCMService.java:stop(131)) - Stopping ExpiredContainerReplicaOpScrubber Service.
2023-03-09 15:02:17,763 [Listener at 127.0.0.1/43559] INFO  utils.BackgroundService (BackgroundService.java:shutdown(141)) - Shutting down service SCMBlockDeletingService
2023-03-09 15:02:17,763 [ExpiredContainerReplicaOpScrubberThread] WARN  ExpiredContainerReplicaOpScrubber (BackgroundSCMService.java:run(115)) - ExpiredContainerReplicaOpScrubber is interrupted, exit
2023-03-09 15:02:17,773 [Listener at 127.0.0.1/43559] INFO  replication.ReplicationManager (ReplicationManager.java:stop(310)) - Replication Monitor Thread is not running.
2023-03-09 15:02:17,773 [Listener at 127.0.0.1/43559] WARN  balancer.ContainerBalancer (ContainerBalancer.java:stop(322)) - Cannot stop Container Balancer because it's not running or stopping
2023-03-09 15:02:17,773 [Listener at 127.0.0.1/43559] INFO  server.StorageContainerManager (StorageContainerManager.java:stop(1642)) - Stopping SCM MetadataStore.
2023-03-09 15:02:17,775 [Listener at 127.0.0.1/43559] INFO  ozone.MiniOzoneClusterImpl (MiniOzoneClusterImpl.java:stop(465)) - Stopping the Mini Ozone Cluster
2023-03-09 15:02:17,775 [Listener at 127.0.0.1/43559] INFO  ozone.MiniOzoneClusterImpl (MiniOzoneClusterImpl.java:stopDatanodes(524)) - Stopping the HddsDatanodes
2023-03-09 15:02:17,777 [ForkJoinPool.commonPool-worker-1] INFO  ozoneimpl.OzoneContainer (OzoneContainer.java:stop(420)) - Attempting to stop container services.
2023-03-09 15:02:17,778 [ForkJoinPool.commonPool-worker-1] INFO  server.RaftServer (RaftServerProxy.java:lambda$close$6(409)) - 29c9a1c1-e3f8-4fe7-8970-336a6086cca1: close
2023-03-09 15:02:17,782 [29c9a1c1-e3f8-4fe7-8970-336a6086cca1-impl-thread1] INFO  server.RaftServer$Division (RaftServerImpl.java:lambda$close$4(458)) - 29c9a1c1-e3f8-4fe7-8970-336a6086cca1@group-2E25E48C3F6F: shutdown
2023-03-09 15:02:17,782 [29c9a1c1-e3f8-4fe7-8970-336a6086cca1-impl-thread1] INFO  util.JmxRegister (JmxRegister.java:unregister(73)) - Successfully un-registered JMX Bean with object name Ratis:service=RaftServer,group=group-2E25E48C3F6F,id=29c9a1c1-e3f8-4fe7-8970-336a6086cca1
2023-03-09 15:02:17,782 [29c9a1c1-e3f8-4fe7-8970-336a6086cca1-impl-thread1] INFO  impl.RoleInfo (RoleInfo.java:shutdownLeaderState(93)) - 29c9a1c1-e3f8-4fe7-8970-336a6086cca1: shutdown 29c9a1c1-e3f8-4fe7-8970-336a6086cca1@group-2E25E48C3F6F-LeaderStateImpl
2023-03-09 15:02:17,782 [29c9a1c1-e3f8-4fe7-8970-336a6086cca1-impl-thread1] INFO  impl.PendingRequests (PendingRequests.java:sendNotLeaderResponses(282)) - 29c9a1c1-e3f8-4fe7-8970-336a6086cca1@group-2E25E48C3F6F-PendingRequests: sendNotLeaderResponses
2023-03-09 15:02:17,793 [ForkJoinPool.commonPool-worker-1] INFO  server.GrpcService (GrpcService.java:closeImpl(271)) - 29c9a1c1-e3f8-4fe7-8970-336a6086cca1: shutdown server GrpcServerProtocolService now
2023-03-09 15:02:17,793 [29c9a1c1-e3f8-4fe7-8970-336a6086cca1-impl-thread2] INFO  server.RaftServer$Division (RaftServerImpl.java:lambda$close$4(458)) - 29c9a1c1-e3f8-4fe7-8970-336a6086cca1@group-03D465C8B48A: shutdown
2023-03-09 15:02:17,796 [29c9a1c1-e3f8-4fe7-8970-336a6086cca1-impl-thread2] INFO  util.JmxRegister (JmxRegister.java:unregister(73)) - Successfully un-registered JMX Bean with object name Ratis:service=RaftServer,group=group-03D465C8B48A,id=29c9a1c1-e3f8-4fe7-8970-336a6086cca1
2023-03-09 15:02:17,796 [29c9a1c1-e3f8-4fe7-8970-336a6086cca1-impl-thread2] INFO  impl.RoleInfo (RoleInfo.java:shutdownFollowerState(110)) - 29c9a1c1-e3f8-4fe7-8970-336a6086cca1: shutdown 29c9a1c1-e3f8-4fe7-8970-336a6086cca1@group-03D465C8B48A-FollowerState
2023-03-09 15:02:17,796 [29c9a1c1-e3f8-4fe7-8970-336a6086cca1@group-03D465C8B48A-FollowerState] INFO  impl.FollowerState (FollowerState.java:run(152)) - 29c9a1c1-e3f8-4fe7-8970-336a6086cca1@group-03D465C8B48A-FollowerState was interrupted
2023-03-09 15:02:17,796 [29c9a1c1-e3f8-4fe7-8970-336a6086cca1-impl-thread2] INFO  impl.StateMachineUpdater (StateMachineUpdater.java:stopAndJoin(153)) - 29c9a1c1-e3f8-4fe7-8970-336a6086cca1@group-03D465C8B48A-StateMachineUpdater: set stopIndex = 0
2023-03-09 15:02:17,796 [29c9a1c1-e3f8-4fe7-8970-336a6086cca1-impl-thread3] INFO  server.RaftServer$Division (RaftServerImpl.java:lambda$close$4(458)) - 29c9a1c1-e3f8-4fe7-8970-336a6086cca1@group-77001C9B7D0B: shutdown
2023-03-09 15:02:17,797 [grpc-default-executor-8] WARN  server.GrpcLogAppender (LogUtils.java:warn(122)) - 126d5446-786c-45f2-bbbe-001b0b6f97a9@group-77001C9B7D0B->29c9a1c1-e3f8-4fe7-8970-336a6086cca1-AppendLogResponseHandler: Failed appendEntries: org.apache.ratis.thirdparty.io.grpc.StatusRuntimeException: CANCELLED: RST_STREAM closed stream. HTTP/2 error code: CANCEL
2023-03-09 15:02:17,798 [grpc-default-executor-10] WARN  server.GrpcServerProtocolService (LogUtils.java:warn(122)) - 29c9a1c1-e3f8-4fe7-8970-336a6086cca1: installSnapshot onError, lastRequest: null: org.apache.ratis.thirdparty.io.grpc.StatusRuntimeException: CANCELLED: client cancelled
2023-03-09 15:02:17,798 [grpc-default-executor-13] WARN  server.GrpcClientProtocolService (LogUtils.java:warn(122)) - 0-OrderedRequestStreamObserver0: onError: org.apache.ratis.thirdparty.io.grpc.StatusRuntimeException: CANCELLED: client cancelled
2023-03-09 15:02:17,798 [grpc-default-executor-9] WARN  server.GrpcServerProtocolService (LogUtils.java:warn(122)) - 29c9a1c1-e3f8-4fe7-8970-336a6086cca1: installSnapshot onError, lastRequest: c6c2c657-0e93-48b3-a316-4dc30ca2acab->29c9a1c1-e3f8-4fe7-8970-336a6086cca1#1-t1,previous=(t:0, i:0),leaderCommit=0,initializing? true,entries: size=1, first=(t:1, i:0), CONFIGURATIONENTRY(current:id: "c6c2c657-0e93-48b3-a316-4dc30ca2acab"
address: "127.0.0.1:45875"
priority: 1
dataStreamAddress: "127.0.0.1:42347"
clientAddress: "127.0.0.1:45875"
adminAddress: "127.0.0.1:45875"
startupRole: FOLLOWER
,id: "126d5446-786c-45f2-bbbe-001b0b6f97a9"
address: "127.0.0.1:43541"
dataStreamAddress: "127.0.0.1:41323"
clientAddress: "127.0.0.1:43541"
adminAddress: "127.0.0.1:43541"
startupRole: FOLLOWER
,id: "29c9a1c1-e3f8-4fe7-8970-336a6086cca1"
address: "127.0.0.1:41623"
dataStreamAddress: "127.0.0.1:33519"
clientAddress: "127.0.0.1:41623"
adminAddress: "127.0.0.1:41623"
startupRole: FOLLOWER
, old:): org.apache.ratis.thirdparty.io.grpc.StatusRuntimeException: CANCELLED: client cancelled
2023-03-09 15:02:17,802 [29c9a1c1-e3f8-4fe7-8970-336a6086cca1-impl-thread3] INFO  util.JmxRegister (JmxRegister.java:unregister(73)) - Successfully un-registered JMX Bean with object name Ratis:service=RaftServer,group=group-77001C9B7D0B,id=29c9a1c1-e3f8-4fe7-8970-336a6086cca1
2023-03-09 15:02:17,802 [29c9a1c1-e3f8-4fe7-8970-336a6086cca1-impl-thread3] INFO  impl.RoleInfo (RoleInfo.java:shutdownFollowerState(110)) - 29c9a1c1-e3f8-4fe7-8970-336a6086cca1: shutdown 29c9a1c1-e3f8-4fe7-8970-336a6086cca1@group-77001C9B7D0B-FollowerState
2023-03-09 15:02:17,803 [29c9a1c1-e3f8-4fe7-8970-336a6086cca1@group-77001C9B7D0B-FollowerState] INFO  impl.FollowerState (FollowerState.java:run(152)) - 29c9a1c1-e3f8-4fe7-8970-336a6086cca1@group-77001C9B7D0B-FollowerState was interrupted
2023-03-09 15:02:17,803 [29c9a1c1-e3f8-4fe7-8970-336a6086cca1-impl-thread3] INFO  impl.StateMachineUpdater (StateMachineUpdater.java:stopAndJoin(153)) - 29c9a1c1-e3f8-4fe7-8970-336a6086cca1@group-77001C9B7D0B-StateMachineUpdater: set stopIndex = 0
2023-03-09 15:02:17,804 [ForkJoinPool.commonPool-worker-1] INFO  server.GrpcServerProtocolClient (GrpcServerProtocolClient.java:close(101)) - c6c2c657-0e93-48b3-a316-4dc30ca2acab Close channels
2023-03-09 15:02:17,806 [grpc-default-executor-9] WARN  server.GrpcServerProtocolService (LogUtils.java:warn(122)) - 29c9a1c1-e3f8-4fe7-8970-336a6086cca1: installSnapshot onError, lastRequest: null: org.apache.ratis.thirdparty.io.grpc.StatusRuntimeException: CANCELLED: client cancelled
2023-03-09 15:02:17,806 [grpc-default-executor-11] WARN  server.GrpcServerProtocolService (LogUtils.java:warn(122)) - 29c9a1c1-e3f8-4fe7-8970-336a6086cca1: installSnapshot onError, lastRequest: 126d5446-786c-45f2-bbbe-001b0b6f97a9->29c9a1c1-e3f8-4fe7-8970-336a6086cca1#1-t1,previous=(t:0, i:0),leaderCommit=0,initializing? true,entries: size=1, first=(t:1, i:0), CONFIGURATIONENTRY(current:id: "c6c2c657-0e93-48b3-a316-4dc30ca2acab"
address: "127.0.0.1:45875"
dataStreamAddress: "127.0.0.1:42347"
clientAddress: "127.0.0.1:45875"
adminAddress: "127.0.0.1:45875"
startupRole: FOLLOWER
,id: "126d5446-786c-45f2-bbbe-001b0b6f97a9"
address: "127.0.0.1:43541"
priority: 1
dataStreamAddress: "127.0.0.1:41323"
clientAddress: "127.0.0.1:43541"
adminAddress: "127.0.0.1:43541"
startupRole: FOLLOWER
,id: "29c9a1c1-e3f8-4fe7-8970-336a6086cca1"
address: "127.0.0.1:41623"
dataStreamAddress: "127.0.0.1:33519"
clientAddress: "127.0.0.1:41623"
adminAddress: "127.0.0.1:41623"
startupRole: FOLLOWER
, old:): org.apache.ratis.thirdparty.io.grpc.StatusRuntimeException: CANCELLED: client cancelled
2023-03-09 15:02:17,809 [grpc-default-executor-11] WARN  server.GrpcLogAppender (LogUtils.java:warn(122)) - c6c2c657-0e93-48b3-a316-4dc30ca2acab@group-03D465C8B48A->29c9a1c1-e3f8-4fe7-8970-336a6086cca1-AppendLogResponseHandler: Failed appendEntries: org.apache.ratis.thirdparty.io.grpc.StatusRuntimeException: CANCELLED: RST_STREAM closed stream. HTTP/2 error code: CANCEL
2023-03-09 15:02:17,809 [grpc-default-executor-9] WARN  server.GrpcLogAppender (LogUtils.java:warn(122)) - 126d5446-786c-45f2-bbbe-001b0b6f97a9@group-77001C9B7D0B->29c9a1c1-e3f8-4fe7-8970-336a6086cca1-AppendLogResponseHandler: Failed appendEntries: org.apache.ratis.thirdparty.io.grpc.StatusRuntimeException: CANCELLED: RST_STREAM closed stream. HTTP/2 error code: CANCEL
2023-03-09 15:02:17,809 [grpc-default-executor-9] WARN  server.GrpcLogAppender (GrpcLogAppender.java:resetClient(131)) - 126d5446-786c-45f2-bbbe-001b0b6f97a9@group-77001C9B7D0B->29c9a1c1-e3f8-4fe7-8970-336a6086cca1-GrpcLogAppender: Leader has not got in touch with Follower 126d5446-786c-45f2-bbbe-001b0b6f97a9@group-77001C9B7D0B->29c9a1c1-e3f8-4fe7-8970-336a6086cca1(c0,m0,n1, attendVote=true, lastRpcSendTime=2196, lastRpcResponseTime=2186) yet, just keep nextIndex unchanged and retry.
2023-03-09 15:02:17,810 [ForkJoinPool.commonPool-worker-1] INFO  server.GrpcServerProtocolClient (GrpcServerProtocolClient.java:close(101)) - 126d5446-786c-45f2-bbbe-001b0b6f97a9 Close channels
2023-03-09 15:02:17,812 [ForkJoinPool.commonPool-worker-1] INFO  server.GrpcService (GrpcService.java:closeImpl(280)) - 29c9a1c1-e3f8-4fe7-8970-336a6086cca1: shutdown server GrpcServerProtocolService successfully
2023-03-09 15:02:17,813 [29c9a1c1-e3f8-4fe7-8970-336a6086cca1-NettyServerStreamRpc-bossGroup--thread1] INFO  logging.LoggingHandler (AbstractInternalLogger.java:log(148)) - [id: 0x110c391f, L:/0:0:0:0:0:0:0:0:33519] CLOSE
2023-03-09 15:02:17,813 [grpc-default-executor-15] WARN  server.GrpcLogAppender (LogUtils.java:warn(122)) - c6c2c657-0e93-48b3-a316-4dc30ca2acab@group-03D465C8B48A->29c9a1c1-e3f8-4fe7-8970-336a6086cca1-AppendLogResponseHandler: Failed appendEntries: org.apache.ratis.thirdparty.io.grpc.StatusRuntimeException: CANCELLED: RST_STREAM closed stream. HTTP/2 error code: CANCEL
2023-03-09 15:02:17,813 [grpc-default-executor-15] WARN  server.GrpcLogAppender (GrpcLogAppender.java:resetClient(131)) - c6c2c657-0e93-48b3-a316-4dc30ca2acab@group-03D465C8B48A->29c9a1c1-e3f8-4fe7-8970-336a6086cca1-GrpcLogAppender: Leader has not got in touch with Follower c6c2c657-0e93-48b3-a316-4dc30ca2acab@group-03D465C8B48A->29c9a1c1-e3f8-4fe7-8970-336a6086cca1(c0,m0,n1, attendVote=true, lastRpcSendTime=2016, lastRpcResponseTime=2016) yet, just keep nextIndex unchanged and retry.
2023-03-09 15:02:17,813 [29c9a1c1-e3f8-4fe7-8970-336a6086cca1-NettyServerStreamRpc-bossGroup--thread1] INFO  logging.LoggingHandler (AbstractInternalLogger.java:log(148)) - [id: 0x110c391f, L:/0:0:0:0:0:0:0:0:33519] INACTIVE
2023-03-09 15:02:17,818 [29c9a1c1-e3f8-4fe7-8970-336a6086cca1-NettyServerStreamRpc-bossGroup--thread1] INFO  logging.LoggingHandler (AbstractInternalLogger.java:log(148)) - [id: 0x110c391f, L:/0:0:0:0:0:0:0:0:33519] UNREGISTERED
2023-03-09 15:02:17,822 [29c9a1c1-e3f8-4fe7-8970-336a6086cca1@group-03D465C8B48A-StateMachineUpdater] INFO  ratis.ContainerStateMachine (ContainerStateMachine.java:takeSnapshot(308)) - group-03D465C8B48A: Taking a snapshot at:(t:1, i:0) file /home/runner/work/ozone/ozone/hadoop-ozone/integration-test/target/test-dir/MiniOzoneClusterImpl-c8dd39f1-89f8-47ca-b8e4-9b0f9f306b89/datanode-0/data/ratis/39ee7ccf-3233-482b-847c-03d465c8b48a/sm/snapshot.1_0
2023-03-09 15:02:17,822 [grpc-default-executor-8] WARN  server.GrpcLogAppender (GrpcLogAppender.java:resetClient(131)) - 126d5446-786c-45f2-bbbe-001b0b6f97a9@group-77001C9B7D0B->29c9a1c1-e3f8-4fe7-8970-336a6086cca1-GrpcLogAppender: Leader has not got in touch with Follower 126d5446-786c-45f2-bbbe-001b0b6f97a9@group-77001C9B7D0B->29c9a1c1-e3f8-4fe7-8970-336a6086cca1(c0,m0,n1, attendVote=true, lastRpcSendTime=2209, lastRpcResponseTime=2198) yet, just keep nextIndex unchanged and retry.
2023-03-09 15:02:17,823 [29c9a1c1-e3f8-4fe7-8970-336a6086cca1@group-77001C9B7D0B-StateMachineUpdater] INFO  ratis.ContainerStateMachine (ContainerStateMachine.java:takeSnapshot(308)) - group-77001C9B7D0B: Taking a snapshot at:(t:1, i:0) file /home/runner/work/ozone/ozone/hadoop-ozone/integration-test/target/test-dir/MiniOzoneClusterImpl-c8dd39f1-89f8-47ca-b8e4-9b0f9f306b89/datanode-0/data/ratis/e3ed6265-74c6-4924-a525-77001c9b7d0b/sm/snapshot.1_0
2023-03-09 15:02:17,823 [29c9a1c1-e3f8-4fe7-8970-336a6086cca1@group-03D465C8B48A-StateMachineUpdater] INFO  ratis.ContainerStateMachine (ContainerStateMachine.java:takeSnapshot(319)) - group-03D465C8B48A: Finished taking a snapshot at:(t:1, i:0) file:/home/runner/work/ozone/ozone/hadoop-ozone/integration-test/target/test-dir/MiniOzoneClusterImpl-c8dd39f1-89f8-47ca-b8e4-9b0f9f306b89/datanode-0/data/ratis/39ee7ccf-3233-482b-847c-03d465c8b48a/sm/snapshot.1_0 took: 1 ms
2023-03-09 15:02:17,824 [29c9a1c1-e3f8-4fe7-8970-336a6086cca1@group-77001C9B7D0B-StateMachineUpdater] INFO  ratis.ContainerStateMachine (ContainerStateMachine.java:takeSnapshot(319)) - group-77001C9B7D0B: Finished taking a snapshot at:(t:1, i:0) file:/home/runner/work/ozone/ozone/hadoop-ozone/integration-test/target/test-dir/MiniOzoneClusterImpl-c8dd39f1-89f8-47ca-b8e4-9b0f9f306b89/datanode-0/data/ratis/e3ed6265-74c6-4924-a525-77001c9b7d0b/sm/snapshot.1_0 took: 1 ms
2023-03-09 15:02:17,824 [29c9a1c1-e3f8-4fe7-8970-336a6086cca1@group-77001C9B7D0B-StateMachineUpdater] INFO  impl.StateMachineUpdater (StateMachineUpdater.java:takeSnapshot(287)) - 29c9a1c1-e3f8-4fe7-8970-336a6086cca1@group-77001C9B7D0B-StateMachineUpdater: Took a snapshot at index 0
2023-03-09 15:02:17,824 [29c9a1c1-e3f8-4fe7-8970-336a6086cca1@group-77001C9B7D0B-StateMachineUpdater] INFO  impl.StateMachineUpdater (StateMachineUpdater.java:lambda$new$0(92)) - 29c9a1c1-e3f8-4fe7-8970-336a6086cca1@group-77001C9B7D0B-StateMachineUpdater: snapshotIndex: updateIncreasingly -1 -> 0
2023-03-09 15:02:17,825 [29c9a1c1-e3f8-4fe7-8970-336a6086cca1@group-03D465C8B48A-StateMachineUpdater] INFO  impl.StateMachineUpdater (StateMachineUpdater.java:takeSnapshot(287)) - 29c9a1c1-e3f8-4fe7-8970-336a6086cca1@group-03D465C8B48A-StateMachineUpdater: Took a snapshot at index 0
2023-03-09 15:02:17,825 [29c9a1c1-e3f8-4fe7-8970-336a6086cca1@group-03D465C8B48A-StateMachineUpdater] INFO  impl.StateMachineUpdater (StateMachineUpdater.java:lambda$new$0(92)) - 29c9a1c1-e3f8-4fe7-8970-336a6086cca1@group-03D465C8B48A-StateMachineUpdater: snapshotIndex: updateIncreasingly -1 -> 0
2023-03-09 15:02:17,825 [29c9a1c1-e3f8-4fe7-8970-336a6086cca1-impl-thread2] INFO  server.RaftServer$Division (ServerState.java:close(466)) - 29c9a1c1-e3f8-4fe7-8970-336a6086cca1@group-03D465C8B48A: closes. applyIndex: 0
2023-03-09 15:02:17,826 [29c9a1c1-e3f8-4fe7-8970-336a6086cca1-impl-thread3] INFO  server.RaftServer$Division (ServerState.java:close(466)) - 29c9a1c1-e3f8-4fe7-8970-336a6086cca1@group-77001C9B7D0B: closes. applyIndex: 0
2023-03-09 15:02:17,826 [grpc-default-executor-11] WARN  server.GrpcLogAppender (GrpcLogAppender.java:resetClient(131)) - c6c2c657-0e93-48b3-a316-4dc30ca2acab@group-03D465C8B48A->29c9a1c1-e3f8-4fe7-8970-336a6086cca1-GrpcLogAppender: Leader has not got in touch with Follower c6c2c657-0e93-48b3-a316-4dc30ca2acab@group-03D465C8B48A->29c9a1c1-e3f8-4fe7-8970-336a6086cca1(c0,m0,n1, attendVote=true, lastRpcSendTime=2030, lastRpcResponseTime=2029) yet, just keep nextIndex unchanged and retry.
2023-03-09 15:02:17,827 [29c9a1c1-e3f8-4fe7-8970-336a6086cca1-impl-thread1] INFO  impl.StateMachineUpdater (StateMachineUpdater.java:stopAndJoin(153)) - 29c9a1c1-e3f8-4fe7-8970-336a6086cca1@group-2E25E48C3F6F-StateMachineUpdater: set stopIndex = 3
2023-03-09 15:02:17,827 [29c9a1c1-e3f8-4fe7-8970-336a6086cca1@group-2E25E48C3F6F-StateMachineUpdater] INFO  ratis.ContainerStateMachine (ContainerStateMachine.java:takeSnapshot(308)) - group-2E25E48C3F6F: Taking a snapshot at:(t:1, i:3) file /home/runner/work/ozone/ozone/hadoop-ozone/integration-test/target/test-dir/MiniOzoneClusterImpl-c8dd39f1-89f8-47ca-b8e4-9b0f9f306b89/datanode-0/data/ratis/35e507b4-832e-42fe-9a87-2e25e48c3f6f/sm/snapshot.1_3
2023-03-09 15:02:17,828 [29c9a1c1-e3f8-4fe7-8970-336a6086cca1@group-2E25E48C3F6F-StateMachineUpdater] INFO  ratis.ContainerStateMachine (ContainerStateMachine.java:takeSnapshot(319)) - group-2E25E48C3F6F: Finished taking a snapshot at:(t:1, i:3) file:/home/runner/work/ozone/ozone/hadoop-ozone/integration-test/target/test-dir/MiniOzoneClusterImpl-c8dd39f1-89f8-47ca-b8e4-9b0f9f306b89/datanode-0/data/ratis/35e507b4-832e-42fe-9a87-2e25e48c3f6f/sm/snapshot.1_3 took: 1 ms
2023-03-09 15:02:17,828 [29c9a1c1-e3f8-4fe7-8970-336a6086cca1@group-2E25E48C3F6F-StateMachineUpdater] INFO  impl.StateMachineUpdater (StateMachineUpdater.java:takeSnapshot(287)) - 29c9a1c1-e3f8-4fe7-8970-336a6086cca1@group-2E25E48C3F6F-StateMachineUpdater: Took a snapshot at index 3
2023-03-09 15:02:17,828 [29c9a1c1-e3f8-4fe7-8970-336a6086cca1@group-2E25E48C3F6F-StateMachineUpdater] INFO  impl.StateMachineUpdater (StateMachineUpdater.java:lambda$new$0(92)) - 29c9a1c1-e3f8-4fe7-8970-336a6086cca1@group-2E25E48C3F6F-StateMachineUpdater: snapshotIndex: updateIncreasingly -1 -> 3
2023-03-09 15:02:17,847 [29c9a1c1-e3f8-4fe7-8970-336a6086cca1@group-77001C9B7D0B-SegmentedRaftLogWorker] INFO  segmented.SegmentedRaftLogWorker (SegmentedRaftLogWorker.java:run(347)) - 29c9a1c1-e3f8-4fe7-8970-336a6086cca1@group-77001C9B7D0B-SegmentedRaftLogWorker was interrupted, exiting. There are 0 tasks remaining in the queue.
2023-03-09 15:02:17,847 [29c9a1c1-e3f8-4fe7-8970-336a6086cca1@group-03D465C8B48A-SegmentedRaftLogWorker] INFO  segmented.SegmentedRaftLogWorker (SegmentedRaftLogWorker.java:run(347)) - 29c9a1c1-e3f8-4fe7-8970-336a6086cca1@group-03D465C8B48A-SegmentedRaftLogWorker was interrupted, exiting. There are 0 tasks remaining in the queue.
2023-03-09 15:02:17,851 [29c9a1c1-e3f8-4fe7-8970-336a6086cca1-impl-thread1] INFO  server.RaftServer$Division (ServerState.java:close(466)) - 29c9a1c1-e3f8-4fe7-8970-336a6086cca1@group-2E25E48C3F6F: closes. applyIndex: 3
2023-03-09 15:02:17,855 [29c9a1c1-e3f8-4fe7-8970-336a6086cca1-impl-thread2] INFO  segmented.SegmentedRaftLogWorker (SegmentedRaftLogWorker.java:close(257)) - 29c9a1c1-e3f8-4fe7-8970-336a6086cca1@group-03D465C8B48A-SegmentedRaftLogWorker close()
2023-03-09 15:02:17,855 [29c9a1c1-e3f8-4fe7-8970-336a6086cca1-impl-thread3] INFO  segmented.SegmentedRaftLogWorker (SegmentedRaftLogWorker.java:close(257)) - 29c9a1c1-e3f8-4fe7-8970-336a6086cca1@group-77001C9B7D0B-SegmentedRaftLogWorker close()
2023-03-09 15:02:17,856 [29c9a1c1-e3f8-4fe7-8970-336a6086cca1@group-2E25E48C3F6F-SegmentedRaftLogWorker] INFO  segmented.SegmentedRaftLogWorker (SegmentedRaftLogWorker.java:run(347)) - 29c9a1c1-e3f8-4fe7-8970-336a6086cca1@group-2E25E48C3F6F-SegmentedRaftLogWorker was interrupted, exiting. There are 0 tasks remaining in the queue.
2023-03-09 15:02:17,859 [29c9a1c1-e3f8-4fe7-8970-336a6086cca1-impl-thread1] INFO  segmented.SegmentedRaftLogWorker (SegmentedRaftLogWorker.java:close(257)) - 29c9a1c1-e3f8-4fe7-8970-336a6086cca1@group-2E25E48C3F6F-SegmentedRaftLogWorker close()
2023-03-09 15:02:17,864 [JvmPauseMonitor39] INFO  util.JvmPauseMonitor (JvmPauseMonitor.java:run(111)) - JvmPauseMonitor-29c9a1c1-e3f8-4fe7-8970-336a6086cca1: Stopped
2023-03-09 15:02:18,062 [EndpointStateMachine task thread for /127.0.0.1:35467 - 0 ] INFO  ipc.Client (Client.java:handleConnectionFailure(1010)) - Retrying connect to server: localhost/127.0.0.1:35467. Already tried 8 time(s); retry policy is RetryUpToMaximumCountWithFixedSleep(maxRetries=15, sleepTime=1000 MILLISECONDS)
2023-03-09 15:02:18,129 [grpc-default-executor-14] WARN  server.GrpcLogAppender (LogUtils.java:warn(122)) - 126d5446-786c-45f2-bbbe-001b0b6f97a9@group-77001C9B7D0B->29c9a1c1-e3f8-4fe7-8970-336a6086cca1-AppendLogResponseHandler: Failed appendEntries: org.apache.ratis.thirdparty.io.grpc.StatusRuntimeException: UNAVAILABLE: io exception
2023-03-09 15:02:18,130 [grpc-default-executor-11] WARN  server.GrpcLogAppender (LogUtils.java:warn(122)) - 126d5446-786c-45f2-bbbe-001b0b6f97a9@group-77001C9B7D0B->29c9a1c1-e3f8-4fe7-8970-336a6086cca1-AppendLogResponseHandler: Failed appendEntries: org.apache.ratis.thirdparty.io.grpc.StatusRuntimeException: UNAVAILABLE: io exception
2023-03-09 15:02:18,131 [grpc-default-executor-14] WARN  server.GrpcLogAppender (GrpcLogAppender.java:resetClient(131)) - 126d5446-786c-45f2-bbbe-001b0b6f97a9@group-77001C9B7D0B->29c9a1c1-e3f8-4fe7-8970-336a6086cca1-GrpcLogAppender: Leader has not got in touch with Follower 126d5446-786c-45f2-bbbe-001b0b6f97a9@group-77001C9B7D0B->29c9a1c1-e3f8-4fe7-8970-336a6086cca1(c0,m0,n1, attendVote=true, lastRpcSendTime=2517, lastRpcResponseTime=2507) yet, just keep nextIndex unchanged and retry.
2023-03-09 15:02:18,131 [grpc-default-executor-11] WARN  server.GrpcLogAppender (GrpcLogAppender.java:resetClient(131)) - 126d5446-786c-45f2-bbbe-001b0b6f97a9@group-77001C9B7D0B->29c9a1c1-e3f8-4fe7-8970-336a6086cca1-GrpcLogAppender: Leader has not got in touch with Follower 126d5446-786c-45f2-bbbe-001b0b6f97a9@group-77001C9B7D0B->29c9a1c1-e3f8-4fe7-8970-336a6086cca1(c0,m0,n1, attendVote=true, lastRpcSendTime=2518, lastRpcResponseTime=2507) yet, just keep nextIndex unchanged and retry.
2023-03-09 15:02:18,132 [grpc-default-executor-11] WARN  server.GrpcLogAppender (LogUtils.java:warn(122)) - 126d5446-786c-45f2-bbbe-001b0b6f97a9@group-77001C9B7D0B->29c9a1c1-e3f8-4fe7-8970-336a6086cca1-AppendLogResponseHandler: Failed appendEntries: org.apache.ratis.thirdparty.io.grpc.StatusRuntimeException: UNAVAILABLE: io exception
2023-03-09 15:02:18,132 [grpc-default-executor-14] WARN  server.GrpcLogAppender (LogUtils.java:warn(122)) - 126d5446-786c-45f2-bbbe-001b0b6f97a9@group-77001C9B7D0B->29c9a1c1-e3f8-4fe7-8970-336a6086cca1-AppendLogResponseHandler: Failed appendEntries: org.apache.ratis.thirdparty.io.grpc.StatusRuntimeException: UNAVAILABLE: io exception
2023-03-09 15:02:18,132 [grpc-default-executor-11] WARN  server.GrpcLogAppender (GrpcLogAppender.java:resetClient(131)) - 126d5446-786c-45f2-bbbe-001b0b6f97a9@group-77001C9B7D0B->29c9a1c1-e3f8-4fe7-8970-336a6086cca1-GrpcLogAppender: Leader has not got in touch with Follower 126d5446-786c-45f2-bbbe-001b0b6f97a9@group-77001C9B7D0B->29c9a1c1-e3f8-4fe7-8970-336a6086cca1(c0,m0,n1, attendVote=true, lastRpcSendTime=0, lastRpcResponseTime=2508) yet, just keep nextIndex unchanged and retry.
2023-03-09 15:02:18,133 [grpc-default-executor-14] WARN  server.GrpcLogAppender (GrpcLogAppender.java:resetClient(131)) - 126d5446-786c-45f2-bbbe-001b0b6f97a9@group-77001C9B7D0B->29c9a1c1-e3f8-4fe7-8970-336a6086cca1-GrpcLogAppender: Leader has not got in touch with Follower 126d5446-786c-45f2-bbbe-001b0b6f97a9@group-77001C9B7D0B->29c9a1c1-e3f8-4fe7-8970-336a6086cca1(c0,m0,n1, attendVote=true, lastRpcSendTime=1, lastRpcResponseTime=2509) yet, just keep nextIndex unchanged and retry.
2023-03-09 15:02:18,299 [grpc-default-executor-14] WARN  server.GrpcLogAppender (LogUtils.java:warn(122)) - c6c2c657-0e93-48b3-a316-4dc30ca2acab@group-03D465C8B48A->29c9a1c1-e3f8-4fe7-8970-336a6086cca1-AppendLogResponseHandler: Failed appendEntries: org.apache.ratis.thirdparty.io.grpc.StatusRuntimeException: UNAVAILABLE: io exception
2023-03-09 15:02:18,300 [grpc-default-executor-11] WARN  server.GrpcLogAppender (LogUtils.java:warn(122)) - c6c2c657-0e93-48b3-a316-4dc30ca2acab@group-03D465C8B48A->29c9a1c1-e3f8-4fe7-8970-336a6086cca1-AppendLogResponseHandler: Failed appendEntries: org.apache.ratis.thirdparty.io.grpc.StatusRuntimeException: UNAVAILABLE: io exception
2023-03-09 15:02:18,300 [grpc-default-executor-14] WARN  server.GrpcLogAppender (GrpcLogAppender.java:resetClient(131)) - c6c2c657-0e93-48b3-a316-4dc30ca2acab@group-03D465C8B48A->29c9a1c1-e3f8-4fe7-8970-336a6086cca1-GrpcLogAppender: Leader has not got in touch with Follower c6c2c657-0e93-48b3-a316-4dc30ca2acab@group-03D465C8B48A->29c9a1c1-e3f8-4fe7-8970-336a6086cca1(c0,m0,n1, attendVote=true, lastRpcSendTime=2504, lastRpcResponseTime=2503) yet, just keep nextIndex unchanged and retry.
2023-03-09 15:02:18,302 [grpc-default-executor-11] WARN  server.GrpcLogAppender (GrpcLogAppender.java:resetClient(131)) - c6c2c657-0e93-48b3-a316-4dc30ca2acab@group-03D465C8B48A->29c9a1c1-e3f8-4fe7-8970-336a6086cca1-GrpcLogAppender: Leader has not got in touch with Follower c6c2c657-0e93-48b3-a316-4dc30ca2acab@group-03D465C8B48A->29c9a1c1-e3f8-4fe7-8970-336a6086cca1(c0,m0,n1, attendVote=true, lastRpcSendTime=2506, lastRpcResponseTime=2505) yet, just keep nextIndex unchanged and retry.
2023-03-09 15:02:18,303 [grpc-default-executor-14] WARN  server.GrpcLogAppender (LogUtils.java:warn(122)) - c6c2c657-0e93-48b3-a316-4dc30ca2acab@group-03D465C8B48A->29c9a1c1-e3f8-4fe7-8970-336a6086cca1-AppendLogResponseHandler: Failed appendEntries: org.apache.ratis.thirdparty.io.grpc.StatusRuntimeException: UNAVAILABLE: io exception
2023-03-09 15:02:18,304 [grpc-default-executor-14] WARN  server.GrpcLogAppender (GrpcLogAppender.java:resetClient(131)) - c6c2c657-0e93-48b3-a316-4dc30ca2acab@group-03D465C8B48A->29c9a1c1-e3f8-4fe7-8970-336a6086cca1-GrpcLogAppender: Leader has not got in touch with Follower c6c2c657-0e93-48b3-a316-4dc30ca2acab@group-03D465C8B48A->29c9a1c1-e3f8-4fe7-8970-336a6086cca1(c0,m0,n1, attendVote=true, lastRpcSendTime=2507, lastRpcResponseTime=2506) yet, just keep nextIndex unchanged and retry.
2023-03-09 15:02:18,305 [grpc-default-executor-14] WARN  server.GrpcLogAppender (LogUtils.java:warn(122)) - c6c2c657-0e93-48b3-a316-4dc30ca2acab@group-03D465C8B48A->29c9a1c1-e3f8-4fe7-8970-336a6086cca1-AppendLogResponseHandler: Failed appendEntries: org.apache.ratis.thirdparty.io.grpc.StatusRuntimeException: UNAVAILABLE: io exception
2023-03-09 15:02:18,308 [grpc-default-executor-11] WARN  server.GrpcLogAppender (LogUtils.java:warn(122)) - c6c2c657-0e93-48b3-a316-4dc30ca2acab@group-03D465C8B48A->29c9a1c1-e3f8-4fe7-8970-336a6086cca1-AppendLogResponseHandler: Failed appendEntries: org.apache.ratis.thirdparty.io.grpc.StatusRuntimeException: UNAVAILABLE: io exception
2023-03-09 15:02:18,310 [grpc-default-executor-8] WARN  server.GrpcLogAppender (LogUtils.java:warn(122)) - c6c2c657-0e93-48b3-a316-4dc30ca2acab@group-03D465C8B48A->29c9a1c1-e3f8-4fe7-8970-336a6086cca1-AppendLogResponseHandler: Failed appendEntries: org.apache.ratis.thirdparty.io.grpc.StatusRuntimeException: UNAVAILABLE: io exception
2023-03-09 15:02:18,311 [grpc-default-executor-14] WARN  server.GrpcLogAppender (GrpcLogAppender.java:resetClient(131)) - c6c2c657-0e93-48b3-a316-4dc30ca2acab@group-03D465C8B48A->29c9a1c1-e3f8-4fe7-8970-336a6086cca1-GrpcLogAppender: Leader has not got in touch with Follower c6c2c657-0e93-48b3-a316-4dc30ca2acab@group-03D465C8B48A->29c9a1c1-e3f8-4fe7-8970-336a6086cca1(c0,m0,n1, attendVote=true, lastRpcSendTime=2514, lastRpcResponseTime=2513) yet, just keep nextIndex unchanged and retry.
2023-03-09 15:02:18,311 [grpc-default-executor-11] WARN  server.GrpcLogAppender (GrpcLogAppender.java:resetClient(131)) - c6c2c657-0e93-48b3-a316-4dc30ca2acab@group-03D465C8B48A->29c9a1c1-e3f8-4fe7-8970-336a6086cca1-GrpcLogAppender: Leader has not got in touch with Follower c6c2c657-0e93-48b3-a316-4dc30ca2acab@group-03D465C8B48A->29c9a1c1-e3f8-4fe7-8970-336a6086cca1(c0,m0,n1, attendVote=true, lastRpcSendTime=2514, lastRpcResponseTime=2513) yet, just keep nextIndex unchanged and retry.
2023-03-09 15:02:18,311 [grpc-default-executor-8] WARN  server.GrpcLogAppender (GrpcLogAppender.java:resetClient(131)) - c6c2c657-0e93-48b3-a316-4dc30ca2acab@group-03D465C8B48A->29c9a1c1-e3f8-4fe7-8970-336a6086cca1-GrpcLogAppender: Leader has not got in touch with Follower c6c2c657-0e93-48b3-a316-4dc30ca2acab@group-03D465C8B48A->29c9a1c1-e3f8-4fe7-8970-336a6086cca1(c0,m0,n1, attendVote=true, lastRpcSendTime=2514, lastRpcResponseTime=2513) yet, just keep nextIndex unchanged and retry.
2023-03-09 15:02:18,330 [grpc-default-executor-8] WARN  server.GrpcLogAppender (LogUtils.java:warn(122)) - c6c2c657-0e93-48b3-a316-4dc30ca2acab@group-03D465C8B48A->29c9a1c1-e3f8-4fe7-8970-336a6086cca1-AppendLogResponseHandler: Failed appendEntries: org.apache.ratis.thirdparty.io.grpc.StatusRuntimeException: UNAVAILABLE: io exception
2023-03-09 15:02:18,331 [grpc-default-executor-11] WARN  server.GrpcLogAppender (LogUtils.java:warn(122)) - c6c2c657-0e93-48b3-a316-4dc30ca2acab@group-03D465C8B48A->29c9a1c1-e3f8-4fe7-8970-336a6086cca1-AppendLogResponseHandler: Failed appendEntries: org.apache.ratis.thirdparty.io.grpc.StatusRuntimeException: UNAVAILABLE: io exception
2023-03-09 15:02:18,331 [grpc-default-executor-8] WARN  server.GrpcLogAppender (GrpcLogAppender.java:resetClient(131)) - c6c2c657-0e93-48b3-a316-4dc30ca2acab@group-03D465C8B48A->29c9a1c1-e3f8-4fe7-8970-336a6086cca1-GrpcLogAppender: Leader has not got in touch with Follower c6c2c657-0e93-48b3-a316-4dc30ca2acab@group-03D465C8B48A->29c9a1c1-e3f8-4fe7-8970-336a6086cca1(c0,m0,n1, attendVote=true, lastRpcSendTime=0, lastRpcResponseTime=2534) yet, just keep nextIndex unchanged and retry.
2023-03-09 15:02:18,332 [grpc-default-executor-11] WARN  server.GrpcLogAppender (GrpcLogAppender.java:resetClient(131)) - c6c2c657-0e93-48b3-a316-4dc30ca2acab@group-03D465C8B48A->29c9a1c1-e3f8-4fe7-8970-336a6086cca1-GrpcLogAppender: Leader has not got in touch with Follower c6c2c657-0e93-48b3-a316-4dc30ca2acab@group-03D465C8B48A->29c9a1c1-e3f8-4fe7-8970-336a6086cca1(c0,m0,n1, attendVote=true, lastRpcSendTime=1, lastRpcResponseTime=2534) yet, just keep nextIndex unchanged and retry.
2023-03-09 15:02:18,712 [Listener at 127.0.0.1/43559] INFO  ozoneimpl.OzoneContainer (OzoneContainer.java:stop(420)) - Attempting to stop container services.
2023-03-09 15:02:18,712 [EndpointStateMachine task thread for /127.0.0.1:33275 - 0 ] INFO  ipc.Client (Client.java:handleConnectionFailure(1010)) - Retrying connect to server: localhost/127.0.0.1:33275. Already tried 0 time(s); retry policy is RetryUpToMaximumCountWithFixedSleep(maxRetries=15, sleepTime=1000 MILLISECONDS)
2023-03-09 15:02:18,713 [Listener at 127.0.0.1/43559] INFO  server.RaftServer (RaftServerProxy.java:lambda$close$6(409)) - c6c2c657-0e93-48b3-a316-4dc30ca2acab: close
2023-03-09 15:02:18,714 [c6c2c657-0e93-48b3-a316-4dc30ca2acab-impl-thread1] INFO  server.RaftServer$Division (RaftServerImpl.java:lambda$close$4(458)) - c6c2c657-0e93-48b3-a316-4dc30ca2acab@group-03D465C8B48A: shutdown
2023-03-09 15:02:18,714 [c6c2c657-0e93-48b3-a316-4dc30ca2acab-impl-thread1] INFO  util.JmxRegister (JmxRegister.java:unregister(73)) - Successfully un-registered JMX Bean with object name Ratis:service=RaftServer,group=group-03D465C8B48A,id=c6c2c657-0e93-48b3-a316-4dc30ca2acab
2023-03-09 15:02:18,714 [c6c2c657-0e93-48b3-a316-4dc30ca2acab-impl-thread1] INFO  impl.RoleInfo (RoleInfo.java:shutdownLeaderState(93)) - c6c2c657-0e93-48b3-a316-4dc30ca2acab: shutdown c6c2c657-0e93-48b3-a316-4dc30ca2acab@group-03D465C8B48A-LeaderStateImpl
2023-03-09 15:02:18,722 [c6c2c657-0e93-48b3-a316-4dc30ca2acab-impl-thread2] INFO  server.RaftServer$Division (RaftServerImpl.java:lambda$close$4(458)) - c6c2c657-0e93-48b3-a316-4dc30ca2acab@group-FCE0A4F99100: shutdown
2023-03-09 15:02:18,722 [c6c2c657-0e93-48b3-a316-4dc30ca2acab-impl-thread2] INFO  util.JmxRegister (JmxRegister.java:unregister(73)) - Successfully un-registered JMX Bean with object name Ratis:service=RaftServer,group=group-FCE0A4F99100,id=c6c2c657-0e93-48b3-a316-4dc30ca2acab
2023-03-09 15:02:18,722 [c6c2c657-0e93-48b3-a316-4dc30ca2acab-impl-thread2] INFO  impl.RoleInfo (RoleInfo.java:shutdownLeaderState(93)) - c6c2c657-0e93-48b3-a316-4dc30ca2acab: shutdown c6c2c657-0e93-48b3-a316-4dc30ca2acab@group-FCE0A4F99100-LeaderStateImpl
2023-03-09 15:02:18,722 [c6c2c657-0e93-48b3-a316-4dc30ca2acab-impl-thread2] INFO  impl.PendingRequests (PendingRequests.java:sendNotLeaderResponses(282)) - c6c2c657-0e93-48b3-a316-4dc30ca2acab@group-FCE0A4F99100-PendingRequests: sendNotLeaderResponses
2023-03-09 15:02:18,722 [grpc-default-executor-8] INFO  server.GrpcServerProtocolService (GrpcServerProtocolService.java:onCompleted(143)) - 126d5446-786c-45f2-bbbe-001b0b6f97a9: Completed APPEND_ENTRIES, lastRequest: null
2023-03-09 15:02:18,723 [grpc-default-executor-11] INFO  server.GrpcServerProtocolService (GrpcServerProtocolService.java:onCompleted(143)) - 126d5446-786c-45f2-bbbe-001b0b6f97a9: Completed APPEND_ENTRIES, lastRequest: c6c2c657-0e93-48b3-a316-4dc30ca2acab->126d5446-786c-45f2-bbbe-001b0b6f97a9#1-t1,previous=(t:0, i:0),leaderCommit=0,initializing? true,entries: size=1, first=(t:1, i:0), CONFIGURATIONENTRY(current:id: "c6c2c657-0e93-48b3-a316-4dc30ca2acab"
address: "127.0.0.1:45875"
priority: 1
dataStreamAddress: "127.0.0.1:42347"
clientAddress: "127.0.0.1:45875"
adminAddress: "127.0.0.1:45875"
startupRole: FOLLOWER
,id: "126d5446-786c-45f2-bbbe-001b0b6f97a9"
address: "127.0.0.1:43541"
dataStreamAddress: "127.0.0.1:41323"
clientAddress: "127.0.0.1:43541"
adminAddress: "127.0.0.1:43541"
startupRole: FOLLOWER
,id: "29c9a1c1-e3f8-4fe7-8970-336a6086cca1"
address: "127.0.0.1:41623"
dataStreamAddress: "127.0.0.1:33519"
clientAddress: "127.0.0.1:41623"
adminAddress: "127.0.0.1:41623"
startupRole: FOLLOWER
, old:)
2023-03-09 15:02:18,723 [c6c2c657-0e93-48b3-a316-4dc30ca2acab@group-FCE0A4F99100-StateMachineUpdater] INFO  ratis.ContainerStateMachine (ContainerStateMachine.java:takeSnapshot(308)) - group-FCE0A4F99100: Taking a snapshot at:(t:1, i:0) file /home/runner/work/ozone/ozone/hadoop-ozone/integration-test/target/test-dir/MiniOzoneClusterImpl-c8dd39f1-89f8-47ca-b8e4-9b0f9f306b89/datanode-1/data/ratis/43d67802-8f86-429a-b8bf-fce0a4f99100/sm/snapshot.1_0
2023-03-09 15:02:18,723 [c6c2c657-0e93-48b3-a316-4dc30ca2acab-impl-thread2] INFO  impl.StateMachineUpdater (StateMachineUpdater.java:stopAndJoin(153)) - c6c2c657-0e93-48b3-a316-4dc30ca2acab@group-FCE0A4F99100-StateMachineUpdater: set stopIndex = 0
2023-03-09 15:02:18,724 [c6c2c657-0e93-48b3-a316-4dc30ca2acab@group-FCE0A4F99100-StateMachineUpdater] INFO  ratis.ContainerStateMachine (ContainerStateMachine.java:takeSnapshot(319)) - group-FCE0A4F99100: Finished taking a snapshot at:(t:1, i:0) file:/home/runner/work/ozone/ozone/hadoop-ozone/integration-test/target/test-dir/MiniOzoneClusterImpl-c8dd39f1-89f8-47ca-b8e4-9b0f9f306b89/datanode-1/data/ratis/43d67802-8f86-429a-b8bf-fce0a4f99100/sm/snapshot.1_0 took: 1 ms
2023-03-09 15:02:18,725 [c6c2c657-0e93-48b3-a316-4dc30ca2acab@group-FCE0A4F99100-StateMachineUpdater] INFO  impl.StateMachineUpdater (StateMachineUpdater.java:takeSnapshot(287)) - c6c2c657-0e93-48b3-a316-4dc30ca2acab@group-FCE0A4F99100-StateMachineUpdater: Took a snapshot at index 0
2023-03-09 15:02:18,725 [c6c2c657-0e93-48b3-a316-4dc30ca2acab@group-FCE0A4F99100-StateMachineUpdater] INFO  impl.StateMachineUpdater (StateMachineUpdater.java:lambda$new$0(92)) - c6c2c657-0e93-48b3-a316-4dc30ca2acab@group-FCE0A4F99100-StateMachineUpdater: snapshotIndex: updateIncreasingly -1 -> 0
2023-03-09 15:02:18,725 [grpc-default-executor-11] INFO  server.GrpcLogAppender (GrpcLogAppender.java:onCompleted(415)) - c6c2c657-0e93-48b3-a316-4dc30ca2acab@group-03D465C8B48A->126d5446-786c-45f2-bbbe-001b0b6f97a9-AppendLogResponseHandler: follower responses appendEntries COMPLETED
2023-03-09 15:02:18,725 [grpc-default-executor-8] INFO  server.GrpcLogAppender (GrpcLogAppender.java:onCompleted(415)) - c6c2c657-0e93-48b3-a316-4dc30ca2acab@group-03D465C8B48A->126d5446-786c-45f2-bbbe-001b0b6f97a9-AppendLogResponseHandler: follower responses appendEntries COMPLETED
2023-03-09 15:02:18,725 [grpc-default-executor-11] INFO  leader.FollowerInfo (FollowerInfoImpl.java:lambda$new$0(48)) - c6c2c657-0e93-48b3-a316-4dc30ca2acab@group-03D465C8B48A->126d5446-786c-45f2-bbbe-001b0b6f97a9: nextIndex: updateUnconditionally 1 -> 0
2023-03-09 15:02:18,725 [c6c2c657-0e93-48b3-a316-4dc30ca2acab-impl-thread2] INFO  server.RaftServer$Division (ServerState.java:close(466)) - c6c2c657-0e93-48b3-a316-4dc30ca2acab@group-FCE0A4F99100: closes. applyIndex: 0
2023-03-09 15:02:18,725 [grpc-default-executor-8] INFO  leader.FollowerInfo (FollowerInfoImpl.java:lambda$new$0(48)) - c6c2c657-0e93-48b3-a316-4dc30ca2acab@group-03D465C8B48A->126d5446-786c-45f2-bbbe-001b0b6f97a9: nextIndex: updateUnconditionally 0 -> 0
2023-03-09 15:02:18,734 [Listener at 127.0.0.1/43559] INFO  server.GrpcService (GrpcService.java:closeImpl(271)) - c6c2c657-0e93-48b3-a316-4dc30ca2acab: shutdown server GrpcServerProtocolService now
2023-03-09 15:02:18,734 [c6c2c657-0e93-48b3-a316-4dc30ca2acab-impl-thread3] INFO  server.RaftServer$Division (RaftServerImpl.java:lambda$close$4(458)) - c6c2c657-0e93-48b3-a316-4dc30ca2acab@group-77001C9B7D0B: shutdown
2023-03-09 15:02:18,734 [c6c2c657-0e93-48b3-a316-4dc30ca2acab-impl-thread3] INFO  util.JmxRegister (JmxRegister.java:unregister(73)) - Successfully un-registered JMX Bean with object name Ratis:service=RaftServer,group=group-77001C9B7D0B,id=c6c2c657-0e93-48b3-a316-4dc30ca2acab
2023-03-09 15:02:18,734 [c6c2c657-0e93-48b3-a316-4dc30ca2acab-impl-thread3] INFO  impl.RoleInfo (RoleInfo.java:shutdownFollowerState(110)) - c6c2c657-0e93-48b3-a316-4dc30ca2acab: shutdown c6c2c657-0e93-48b3-a316-4dc30ca2acab@group-77001C9B7D0B-FollowerState
2023-03-09 15:02:18,734 [c6c2c657-0e93-48b3-a316-4dc30ca2acab-impl-thread1] INFO  impl.PendingRequests (PendingRequests.java:sendNotLeaderResponses(282)) - c6c2c657-0e93-48b3-a316-4dc30ca2acab@group-03D465C8B48A-PendingRequests: sendNotLeaderResponses
2023-03-09 15:02:18,734 [c6c2c657-0e93-48b3-a316-4dc30ca2acab-impl-thread3] INFO  impl.StateMachineUpdater (StateMachineUpdater.java:stopAndJoin(153)) - c6c2c657-0e93-48b3-a316-4dc30ca2acab@group-77001C9B7D0B-StateMachineUpdater: set stopIndex = 0
2023-03-09 15:02:18,734 [c6c2c657-0e93-48b3-a316-4dc30ca2acab@group-77001C9B7D0B-FollowerState] INFO  impl.FollowerState (FollowerState.java:run(152)) - c6c2c657-0e93-48b3-a316-4dc30ca2acab@group-77001C9B7D0B-FollowerState was interrupted
2023-03-09 15:02:18,735 [c6c2c657-0e93-48b3-a316-4dc30ca2acab-impl-thread1] INFO  impl.StateMachineUpdater (StateMachineUpdater.java:stopAndJoin(153)) - c6c2c657-0e93-48b3-a316-4dc30ca2acab@group-03D465C8B48A-StateMachineUpdater: set stopIndex = 0
2023-03-09 15:02:18,735 [c6c2c657-0e93-48b3-a316-4dc30ca2acab@group-77001C9B7D0B-StateMachineUpdater] INFO  ratis.ContainerStateMachine (ContainerStateMachine.java:takeSnapshot(308)) - group-77001C9B7D0B: Taking a snapshot at:(t:1, i:0) file /home/runner/work/ozone/ozone/hadoop-ozone/integration-test/target/test-dir/MiniOzoneClusterImpl-c8dd39f1-89f8-47ca-b8e4-9b0f9f306b89/datanode-1/data/ratis/e3ed6265-74c6-4924-a525-77001c9b7d0b/sm/snapshot.1_0
2023-03-09 15:02:18,735 [c6c2c657-0e93-48b3-a316-4dc30ca2acab@group-03D465C8B48A-StateMachineUpdater] INFO  ratis.ContainerStateMachine (ContainerStateMachine.java:takeSnapshot(308)) - group-03D465C8B48A: Taking a snapshot at:(t:1, i:0) file /home/runner/work/ozone/ozone/hadoop-ozone/integration-test/target/test-dir/MiniOzoneClusterImpl-c8dd39f1-89f8-47ca-b8e4-9b0f9f306b89/datanode-1/data/ratis/39ee7ccf-3233-482b-847c-03d465c8b48a/sm/snapshot.1_0
2023-03-09 15:02:18,736 [c6c2c657-0e93-48b3-a316-4dc30ca2acab@group-77001C9B7D0B-StateMachineUpdater] INFO  ratis.ContainerStateMachine (ContainerStateMachine.java:takeSnapshot(319)) - group-77001C9B7D0B: Finished taking a snapshot at:(t:1, i:0) file:/home/runner/work/ozone/ozone/hadoop-ozone/integration-test/target/test-dir/MiniOzoneClusterImpl-c8dd39f1-89f8-47ca-b8e4-9b0f9f306b89/datanode-1/data/ratis/e3ed6265-74c6-4924-a525-77001c9b7d0b/sm/snapshot.1_0 took: 1 ms
2023-03-09 15:02:18,744 [c6c2c657-0e93-48b3-a316-4dc30ca2acab@group-77001C9B7D0B-StateMachineUpdater] INFO  impl.StateMachineUpdater (StateMachineUpdater.java:takeSnapshot(287)) - c6c2c657-0e93-48b3-a316-4dc30ca2acab@group-77001C9B7D0B-StateMachineUpdater: Took a snapshot at index 0
2023-03-09 15:02:18,744 [c6c2c657-0e93-48b3-a316-4dc30ca2acab@group-77001C9B7D0B-StateMachineUpdater] INFO  impl.StateMachineUpdater (StateMachineUpdater.java:lambda$new$0(92)) - c6c2c657-0e93-48b3-a316-4dc30ca2acab@group-77001C9B7D0B-StateMachineUpdater: snapshotIndex: updateIncreasingly -1 -> 0
2023-03-09 15:02:18,744 [c6c2c657-0e93-48b3-a316-4dc30ca2acab@group-03D465C8B48A-StateMachineUpdater] INFO  ratis.ContainerStateMachine (ContainerStateMachine.java:takeSnapshot(319)) - group-03D465C8B48A: Finished taking a snapshot at:(t:1, i:0) file:/home/runner/work/ozone/ozone/hadoop-ozone/integration-test/target/test-dir/MiniOzoneClusterImpl-c8dd39f1-89f8-47ca-b8e4-9b0f9f306b89/datanode-1/data/ratis/39ee7ccf-3233-482b-847c-03d465c8b48a/sm/snapshot.1_0 took: 9 ms
2023-03-09 15:02:18,745 [grpc-default-executor-11] WARN  server.GrpcServerProtocolService (LogUtils.java:warn(122)) - c6c2c657-0e93-48b3-a316-4dc30ca2acab: installSnapshot onError, lastRequest: 126d5446-786c-45f2-bbbe-001b0b6f97a9->c6c2c657-0e93-48b3-a316-4dc30ca2acab#1-t1,previous=(t:0, i:0),leaderCommit=0,initializing? true,entries: size=1, first=(t:1, i:0), CONFIGURATIONENTRY(current:id: "c6c2c657-0e93-48b3-a316-4dc30ca2acab"
address: "127.0.0.1:45875"
dataStreamAddress: "127.0.0.1:42347"
clientAddress: "127.0.0.1:45875"
adminAddress: "127.0.0.1:45875"
startupRole: FOLLOWER
,id: "126d5446-786c-45f2-bbbe-001b0b6f97a9"
address: "127.0.0.1:43541"
priority: 1
dataStreamAddress: "127.0.0.1:41323"
clientAddress: "127.0.0.1:43541"
adminAddress: "127.0.0.1:43541"
startupRole: FOLLOWER
,id: "29c9a1c1-e3f8-4fe7-8970-336a6086cca1"
address: "127.0.0.1:41623"
dataStreamAddress: "127.0.0.1:33519"
clientAddress: "127.0.0.1:41623"
adminAddress: "127.0.0.1:41623"
startupRole: FOLLOWER
, old:): org.apache.ratis.thirdparty.io.grpc.StatusRuntimeException: CANCELLED: client cancelled
2023-03-09 15:02:18,750 [grpc-default-executor-15] WARN  server.GrpcServerProtocolService (LogUtils.java:warn(122)) - c6c2c657-0e93-48b3-a316-4dc30ca2acab: installSnapshot onError, lastRequest: null: org.apache.ratis.thirdparty.io.grpc.StatusRuntimeException: CANCELLED: client cancelled
2023-03-09 15:02:18,743 [c6c2c657-0e93-48b3-a316-4dc30ca2acab@group-FCE0A4F99100-SegmentedRaftLogWorker] INFO  segmented.SegmentedRaftLogWorker (SegmentedRaftLogWorker.java:run(347)) - c6c2c657-0e93-48b3-a316-4dc30ca2acab@group-FCE0A4F99100-SegmentedRaftLogWorker was interrupted, exiting. There are 0 tasks remaining in the queue.
2023-03-09 15:02:18,743 [Listener at 127.0.0.1/43559] INFO  server.GrpcServerProtocolClient (GrpcServerProtocolClient.java:close(101)) - 126d5446-786c-45f2-bbbe-001b0b6f97a9 Close channels
2023-03-09 15:02:18,745 [c6c2c657-0e93-48b3-a316-4dc30ca2acab@group-03D465C8B48A-StateMachineUpdater] INFO  impl.StateMachineUpdater (StateMachineUpdater.java:takeSnapshot(287)) - c6c2c657-0e93-48b3-a316-4dc30ca2acab@group-03D465C8B48A-StateMachineUpdater: Took a snapshot at index 0
2023-03-09 15:02:18,750 [c6c2c657-0e93-48b3-a316-4dc30ca2acab@group-03D465C8B48A-StateMachineUpdater] INFO  impl.StateMachineUpdater (StateMachineUpdater.java:lambda$new$0(92)) - c6c2c657-0e93-48b3-a316-4dc30ca2acab@group-03D465C8B48A-StateMachineUpdater: snapshotIndex: updateIncreasingly -1 -> 0
2023-03-09 15:02:18,750 [grpc-default-executor-14] WARN  server.GrpcLogAppender (LogUtils.java:warn(122)) - 126d5446-786c-45f2-bbbe-001b0b6f97a9@group-77001C9B7D0B->c6c2c657-0e93-48b3-a316-4dc30ca2acab-AppendLogResponseHandler: Failed appendEntries: org.apache.ratis.thirdparty.io.grpc.StatusRuntimeException: CANCELLED: RST_STREAM closed stream. HTTP/2 error code: CANCEL
2023-03-09 15:02:18,751 [grpc-default-executor-14] WARN  server.GrpcLogAppender (GrpcLogAppender.java:resetClient(131)) - 126d5446-786c-45f2-bbbe-001b0b6f97a9@group-77001C9B7D0B->c6c2c657-0e93-48b3-a316-4dc30ca2acab-GrpcLogAppender: Leader has not got in touch with Follower 126d5446-786c-45f2-bbbe-001b0b6f97a9@group-77001C9B7D0B->c6c2c657-0e93-48b3-a316-4dc30ca2acab(c0,m0,n1, attendVote=true, lastRpcSendTime=626, lastRpcResponseTime=623) yet, just keep nextIndex unchanged and retry.
2023-03-09 15:02:18,751 [c6c2c657-0e93-48b3-a316-4dc30ca2acab-impl-thread1] INFO  server.RaftServer$Division (ServerState.java:close(466)) - c6c2c657-0e93-48b3-a316-4dc30ca2acab@group-03D465C8B48A: closes. applyIndex: 0
2023-03-09 15:02:18,751 [c6c2c657-0e93-48b3-a316-4dc30ca2acab-impl-thread3] INFO  server.RaftServer$Division (ServerState.java:close(466)) - c6c2c657-0e93-48b3-a316-4dc30ca2acab@group-77001C9B7D0B: closes. applyIndex: 0
2023-03-09 15:02:18,751 [c6c2c657-0e93-48b3-a316-4dc30ca2acab@group-77001C9B7D0B-SegmentedRaftLogWorker] INFO  segmented.SegmentedRaftLogWorker (SegmentedRaftLogWorker.java:run(347)) - c6c2c657-0e93-48b3-a316-4dc30ca2acab@group-77001C9B7D0B-SegmentedRaftLogWorker was interrupted, exiting. There are 0 tasks remaining in the queue.
2023-03-09 15:02:18,752 [grpc-default-executor-14] WARN  server.GrpcLogAppender (LogUtils.java:warn(122)) - 126d5446-786c-45f2-bbbe-001b0b6f97a9@group-77001C9B7D0B->c6c2c657-0e93-48b3-a316-4dc30ca2acab-AppendLogResponseHandler: Failed appendEntries: org.apache.ratis.thirdparty.io.grpc.StatusRuntimeException: CANCELLED: RST_STREAM closed stream. HTTP/2 error code: CANCEL
2023-03-09 15:02:18,752 [grpc-default-executor-14] WARN  server.GrpcLogAppender (GrpcLogAppender.java:resetClient(131)) - 126d5446-786c-45f2-bbbe-001b0b6f97a9@group-77001C9B7D0B->c6c2c657-0e93-48b3-a316-4dc30ca2acab-GrpcLogAppender: Leader has not got in touch with Follower 126d5446-786c-45f2-bbbe-001b0b6f97a9@group-77001C9B7D0B->c6c2c657-0e93-48b3-a316-4dc30ca2acab(c0,m0,n1, attendVote=true, lastRpcSendTime=628, lastRpcResponseTime=625) yet, just keep nextIndex unchanged and retry.
2023-03-09 15:02:18,758 [c6c2c657-0e93-48b3-a316-4dc30ca2acab@group-03D465C8B48A-SegmentedRaftLogWorker] INFO  segmented.SegmentedRaftLogWorker (SegmentedRaftLogWorker.java:run(347)) - c6c2c657-0e93-48b3-a316-4dc30ca2acab@group-03D465C8B48A-SegmentedRaftLogWorker was interrupted, exiting. There are 0 tasks remaining in the queue.
2023-03-09 15:02:18,762 [c6c2c657-0e93-48b3-a316-4dc30ca2acab-impl-thread3] INFO  segmented.SegmentedRaftLogWorker (SegmentedRaftLogWorker.java:close(257)) - c6c2c657-0e93-48b3-a316-4dc30ca2acab@group-77001C9B7D0B-SegmentedRaftLogWorker close()
2023-03-09 15:02:18,762 [c6c2c657-0e93-48b3-a316-4dc30ca2acab-impl-thread2] INFO  segmented.SegmentedRaftLogWorker (SegmentedRaftLogWorker.java:close(257)) - c6c2c657-0e93-48b3-a316-4dc30ca2acab@group-FCE0A4F99100-SegmentedRaftLogWorker close()
2023-03-09 15:02:18,763 [c6c2c657-0e93-48b3-a316-4dc30ca2acab-impl-thread1] INFO  segmented.SegmentedRaftLogWorker (SegmentedRaftLogWorker.java:close(257)) - c6c2c657-0e93-48b3-a316-4dc30ca2acab@group-03D465C8B48A-SegmentedRaftLogWorker close()
2023-03-09 15:02:18,764 [Listener at 127.0.0.1/43559] INFO  server.GrpcServerProtocolClient (GrpcServerProtocolClient.java:close(101)) - 29c9a1c1-e3f8-4fe7-8970-336a6086cca1 Close channels
2023-03-09 15:02:18,768 [Listener at 127.0.0.1/43559] INFO  server.GrpcService (GrpcService.java:closeImpl(280)) - c6c2c657-0e93-48b3-a316-4dc30ca2acab: shutdown server GrpcServerProtocolService successfully
2023-03-09 15:02:18,768 [c6c2c657-0e93-48b3-a316-4dc30ca2acab-NettyServerStreamRpc-bossGroup--thread1] INFO  logging.LoggingHandler (AbstractInternalLogger.java:log(148)) - [id: 0x17deb0f5, L:/0:0:0:0:0:0:0:0:42347] CLOSE
2023-03-09 15:02:18,769 [c6c2c657-0e93-48b3-a316-4dc30ca2acab-NettyServerStreamRpc-bossGroup--thread1] INFO  logging.LoggingHandler (AbstractInternalLogger.java:log(148)) - [id: 0x17deb0f5, L:/0:0:0:0:0:0:0:0:42347] INACTIVE
2023-03-09 15:02:18,769 [c6c2c657-0e93-48b3-a316-4dc30ca2acab-NettyServerStreamRpc-bossGroup--thread1] INFO  logging.LoggingHandler (AbstractInternalLogger.java:log(148)) - [id: 0x17deb0f5, L:/0:0:0:0:0:0:0:0:42347] UNREGISTERED
2023-03-09 15:02:18,771 [JvmPauseMonitor40] INFO  util.JvmPauseMonitor (JvmPauseMonitor.java:run(111)) - JvmPauseMonitor-c6c2c657-0e93-48b3-a316-4dc30ca2acab: Stopped
2023-03-09 15:02:19,062 [EndpointStateMachine task thread for /127.0.0.1:35467 - 0 ] INFO  ipc.Client (Client.java:handleConnectionFailure(1010)) - Retrying connect to server: localhost/127.0.0.1:35467. Already tried 9 time(s); retry policy is RetryUpToMaximumCountWithFixedSleep(maxRetries=15, sleepTime=1000 MILLISECONDS)
2023-03-09 15:02:19,382 [grpc-default-executor-15] WARN  server.GrpcLogAppender (LogUtils.java:warn(122)) - 126d5446-786c-45f2-bbbe-001b0b6f97a9@group-77001C9B7D0B->29c9a1c1-e3f8-4fe7-8970-336a6086cca1-AppendLogResponseHandler: Failed appendEntries: org.apache.ratis.thirdparty.io.grpc.StatusRuntimeException: UNAVAILABLE: io exception
2023-03-09 15:02:19,383 [grpc-default-executor-15] WARN  server.GrpcLogAppender (GrpcLogAppender.java:resetClient(131)) - 126d5446-786c-45f2-bbbe-001b0b6f97a9@group-77001C9B7D0B->29c9a1c1-e3f8-4fe7-8970-336a6086cca1-GrpcLogAppender: Leader has not got in touch with Follower 126d5446-786c-45f2-bbbe-001b0b6f97a9@group-77001C9B7D0B->29c9a1c1-e3f8-4fe7-8970-336a6086cca1(c0,m0,n1, attendVote=true, lastRpcSendTime=1, lastRpcResponseTime=3759) yet, just keep nextIndex unchanged and retry.
2023-03-09 15:02:19,383 [grpc-default-executor-11] WARN  server.GrpcLogAppender (LogUtils.java:warn(122)) - 126d5446-786c-45f2-bbbe-001b0b6f97a9@group-77001C9B7D0B->29c9a1c1-e3f8-4fe7-8970-336a6086cca1-AppendLogResponseHandler: Failed appendEntries: org.apache.ratis.thirdparty.io.grpc.StatusRuntimeException: UNAVAILABLE: io exception
2023-03-09 15:02:19,383 [grpc-default-executor-11] WARN  server.GrpcLogAppender (GrpcLogAppender.java:resetClient(131)) - 126d5446-786c-45f2-bbbe-001b0b6f97a9@group-77001C9B7D0B->29c9a1c1-e3f8-4fe7-8970-336a6086cca1-GrpcLogAppender: Leader has not got in touch with Follower 126d5446-786c-45f2-bbbe-001b0b6f97a9@group-77001C9B7D0B->29c9a1c1-e3f8-4fe7-8970-336a6086cca1(c0,m0,n1, attendVote=true, lastRpcSendTime=1, lastRpcResponseTime=3760) yet, just keep nextIndex unchanged and retry.
2023-03-09 15:02:19,713 [EndpointStateMachine task thread for /127.0.0.1:33275 - 0 ] INFO  ipc.Client (Client.java:handleConnectionFailure(1010)) - Retrying connect to server: localhost/127.0.0.1:33275. Already tried 1 time(s); retry policy is RetryUpToMaximumCountWithFixedSleep(maxRetries=15, sleepTime=1000 MILLISECONDS)
2023-03-09 15:02:19,890 [ForkJoinPool.commonPool-worker-1] INFO  volume.HddsVolume (HddsVolume.java:closeDbStore(362)) - SchemaV3 db is stopped at /home/runner/work/ozone/ozone/hadoop-ozone/integration-test/target/test-dir/MiniOzoneClusterImpl-c8dd39f1-89f8-47ca-b8e4-9b0f9f306b89/datanode-0/data-0/containers/hdds/c8dd39f1-89f8-47ca-b8e4-9b0f9f306b89/DS-af663b38-0d0f-4f52-8a06-dbad045b80a3/container.db for volume DS-af663b38-0d0f-4f52-8a06-dbad045b80a3
2023-03-09 15:02:19,891 [ForkJoinPool.commonPool-worker-1] INFO  utils.BackgroundService (BackgroundService.java:shutdown(141)) - Shutting down service BlockDeletingService
2023-03-09 15:02:19,891 [ForkJoinPool.commonPool-worker-1] INFO  utils.BackgroundService (BackgroundService.java:shutdown(141)) - Shutting down service StaleRecoveringContainerScrubbingService
2023-03-09 15:02:19,893 [ForkJoinPool.commonPool-worker-1] INFO  statemachine.DatanodeStateMachine (DatanodeStateMachine.java:stopDaemon(601)) - Ozone container server stopped.
2023-03-09 15:02:19,906 [ForkJoinPool.commonPool-worker-1] INFO  handler.ContextHandler (ContextHandler.java:doStop(1159)) - Stopped o.e.j.w.WebAppContext@582f80ce{hddsDatanode,/,null,STOPPED}{jar:file:/home/runner/.m2/repository/org/apache/ozone/hdds-container-service/1.4.0-SNAPSHOT/hdds-container-service-1.4.0-SNAPSHOT.jar!/webapps/hddsDatanode}
2023-03-09 15:02:19,906 [ForkJoinPool.commonPool-worker-1] INFO  server.AbstractConnector (AbstractConnector.java:doStop(383)) - Stopped ServerConnector@31686695{HTTP/1.1, (http/1.1)}{0.0.0.0:0}
2023-03-09 15:02:19,906 [ForkJoinPool.commonPool-worker-1] INFO  server.session (HouseKeeper.java:stopScavenging(149)) - node0 Stopped scavenging
2023-03-09 15:02:19,907 [ForkJoinPool.commonPool-worker-1] INFO  handler.ContextHandler (ContextHandler.java:doStop(1159)) - Stopped o.e.j.s.ServletContextHandler@730a2bef{static,/static,jar:file:/home/runner/.m2/repository/org/apache/ozone/hdds-container-service/1.4.0-SNAPSHOT/hdds-container-service-1.4.0-SNAPSHOT.jar!/webapps/static,STOPPED}
2023-03-09 15:02:19,908 [ForkJoinPool.commonPool-worker-1] INFO  handler.ContextHandler (ContextHandler.java:doStop(1159)) - Stopped o.e.j.s.ServletContextHandler@1037e983{logs,/logs,file:///home/runner/work/ozone/ozone/hadoop-ozone/integration-test/target/log,STOPPED}
2023-03-09 15:02:20,063 [EndpointStateMachine task thread for /127.0.0.1:35467 - 0 ] INFO  ipc.Client (Client.java:handleConnectionFailure(1010)) - Retrying connect to server: localhost/127.0.0.1:35467. Already tried 10 time(s); retry policy is RetryUpToMaximumCountWithFixedSleep(maxRetries=15, sleepTime=1000 MILLISECONDS)
2023-03-09 15:02:20,632 [grpc-default-executor-11] WARN  server.GrpcLogAppender (LogUtils.java:warn(122)) - 126d5446-786c-45f2-bbbe-001b0b6f97a9@group-77001C9B7D0B->29c9a1c1-e3f8-4fe7-8970-336a6086cca1-AppendLogResponseHandler: Failed appendEntries: org.apache.ratis.thirdparty.io.grpc.StatusRuntimeException: UNAVAILABLE: io exception
2023-03-09 15:02:20,633 [grpc-default-executor-15] WARN  server.GrpcLogAppender (LogUtils.java:warn(122)) - 126d5446-786c-45f2-bbbe-001b0b6f97a9@group-77001C9B7D0B->29c9a1c1-e3f8-4fe7-8970-336a6086cca1-AppendLogResponseHandler: Failed appendEntries: org.apache.ratis.thirdparty.io.grpc.StatusRuntimeException: UNAVAILABLE: io exception
2023-03-09 15:02:20,634 [grpc-default-executor-11] WARN  server.GrpcLogAppender (GrpcLogAppender.java:resetClient(131)) - 126d5446-786c-45f2-bbbe-001b0b6f97a9@group-77001C9B7D0B->29c9a1c1-e3f8-4fe7-8970-336a6086cca1-GrpcLogAppender: Leader has not got in touch with Follower 126d5446-786c-45f2-bbbe-001b0b6f97a9@group-77001C9B7D0B->29c9a1c1-e3f8-4fe7-8970-336a6086cca1(c0,m0,n1, attendVote=true, lastRpcSendTime=1, lastRpcResponseTime=5010) yet, just keep nextIndex unchanged and retry.
2023-03-09 15:02:20,636 [grpc-default-executor-8] WARN  server.GrpcLogAppender (LogUtils.java:warn(122)) - 126d5446-786c-45f2-bbbe-001b0b6f97a9@group-77001C9B7D0B->c6c2c657-0e93-48b3-a316-4dc30ca2acab-AppendLogResponseHandler: Failed appendEntries: org.apache.ratis.thirdparty.io.grpc.StatusRuntimeException: UNAVAILABLE: io exception
2023-03-09 15:02:20,637 [grpc-default-executor-8] WARN  server.GrpcLogAppender (GrpcLogAppender.java:resetClient(131)) - 126d5446-786c-45f2-bbbe-001b0b6f97a9@group-77001C9B7D0B->c6c2c657-0e93-48b3-a316-4dc30ca2acab-GrpcLogAppender: Leader has not got in touch with Follower 126d5446-786c-45f2-bbbe-001b0b6f97a9@group-77001C9B7D0B->c6c2c657-0e93-48b3-a316-4dc30ca2acab(c0,m0,n1, attendVote=true, lastRpcSendTime=2, lastRpcResponseTime=2510) yet, just keep nextIndex unchanged and retry.
2023-03-09 15:02:20,638 [grpc-default-executor-15] WARN  server.GrpcLogAppender (GrpcLogAppender.java:resetClient(131)) - 126d5446-786c-45f2-bbbe-001b0b6f97a9@group-77001C9B7D0B->29c9a1c1-e3f8-4fe7-8970-336a6086cca1-GrpcLogAppender: Leader has not got in touch with Follower 126d5446-786c-45f2-bbbe-001b0b6f97a9@group-77001C9B7D0B->29c9a1c1-e3f8-4fe7-8970-336a6086cca1(c0,m0,n1, attendVote=true, lastRpcSendTime=5, lastRpcResponseTime=5014) yet, just keep nextIndex unchanged and retry.
2023-03-09 15:02:20,640 [grpc-default-executor-15] WARN  server.GrpcLogAppender (LogUtils.java:warn(122)) - 126d5446-786c-45f2-bbbe-001b0b6f97a9@group-77001C9B7D0B->c6c2c657-0e93-48b3-a316-4dc30ca2acab-AppendLogResponseHandler: Failed appendEntries: org.apache.ratis.thirdparty.io.grpc.StatusRuntimeException: UNAVAILABLE: io exception
2023-03-09 15:02:20,646 [grpc-default-executor-15] WARN  server.GrpcLogAppender (GrpcLogAppender.java:resetClient(131)) - 126d5446-786c-45f2-bbbe-001b0b6f97a9@group-77001C9B7D0B->c6c2c657-0e93-48b3-a316-4dc30ca2acab-GrpcLogAppender: Leader has not got in touch with Follower 126d5446-786c-45f2-bbbe-001b0b6f97a9@group-77001C9B7D0B->c6c2c657-0e93-48b3-a316-4dc30ca2acab(c0,m0,n1, attendVote=true, lastRpcSendTime=11, lastRpcResponseTime=2519) yet, just keep nextIndex unchanged and retry.
2023-03-09 15:02:20,714 [EndpointStateMachine task thread for /127.0.0.1:33275 - 0 ] INFO  ipc.Client (Client.java:handleConnectionFailure(1010)) - Retrying connect to server: localhost/127.0.0.1:33275. Already tried 2 time(s); retry policy is RetryUpToMaximumCountWithFixedSleep(maxRetries=15, sleepTime=1000 MILLISECONDS)
2023-03-09 15:02:20,759 [ForkJoinPool.commonPool-worker-1] INFO  ozoneimpl.OzoneContainer (OzoneContainer.java:stop(420)) - Attempting to stop container services.
2023-03-09 15:02:20,760 [ForkJoinPool.commonPool-worker-1] INFO  server.RaftServer (RaftServerProxy.java:lambda$close$6(409)) - 126d5446-786c-45f2-bbbe-001b0b6f97a9: close
2023-03-09 15:02:20,760 [126d5446-786c-45f2-bbbe-001b0b6f97a9-impl-thread1] INFO  server.RaftServer$Division (RaftServerImpl.java:lambda$close$4(458)) - 126d5446-786c-45f2-bbbe-001b0b6f97a9@group-03D465C8B48A: shutdown
2023-03-09 15:02:20,760 [126d5446-786c-45f2-bbbe-001b0b6f97a9-impl-thread1] INFO  util.JmxRegister (JmxRegister.java:unregister(73)) - Successfully un-registered JMX Bean with object name Ratis:service=RaftServer,group=group-03D465C8B48A,id=126d5446-786c-45f2-bbbe-001b0b6f97a9
2023-03-09 15:02:20,760 [126d5446-786c-45f2-bbbe-001b0b6f97a9-impl-thread1] INFO  impl.RoleInfo (RoleInfo.java:shutdownFollowerState(110)) - 126d5446-786c-45f2-bbbe-001b0b6f97a9: shutdown 126d5446-786c-45f2-bbbe-001b0b6f97a9@group-03D465C8B48A-FollowerState
2023-03-09 15:02:20,770 [126d5446-786c-45f2-bbbe-001b0b6f97a9-impl-thread1] INFO  impl.StateMachineUpdater (StateMachineUpdater.java:stopAndJoin(153)) - 126d5446-786c-45f2-bbbe-001b0b6f97a9@group-03D465C8B48A-StateMachineUpdater: set stopIndex = 0
2023-03-09 15:02:20,770 [126d5446-786c-45f2-bbbe-001b0b6f97a9@group-03D465C8B48A-FollowerState] INFO  impl.FollowerState (FollowerState.java:run(152)) - 126d5446-786c-45f2-bbbe-001b0b6f97a9@group-03D465C8B48A-FollowerState was interrupted
2023-03-09 15:02:20,770 [126d5446-786c-45f2-bbbe-001b0b6f97a9@group-03D465C8B48A-StateMachineUpdater] INFO  ratis.ContainerStateMachine (ContainerStateMachine.java:takeSnapshot(308)) - group-03D465C8B48A: Taking a snapshot at:(t:1, i:0) file /home/runner/work/ozone/ozone/hadoop-ozone/integration-test/target/test-dir/MiniOzoneClusterImpl-c8dd39f1-89f8-47ca-b8e4-9b0f9f306b89/datanode-2/data/ratis/39ee7ccf-3233-482b-847c-03d465c8b48a/sm/snapshot.1_0
2023-03-09 15:02:20,771 [126d5446-786c-45f2-bbbe-001b0b6f97a9-impl-thread2] INFO  server.RaftServer$Division (RaftServerImpl.java:lambda$close$4(458)) - 126d5446-786c-45f2-bbbe-001b0b6f97a9@group-CC2CB63CBFDA: shutdown
2023-03-09 15:02:20,771 [126d5446-786c-45f2-bbbe-001b0b6f97a9-impl-thread2] INFO  util.JmxRegister (JmxRegister.java:unregister(73)) - Successfully un-registered JMX Bean with object name Ratis:service=RaftServer,group=group-CC2CB63CBFDA,id=126d5446-786c-45f2-bbbe-001b0b6f97a9
2023-03-09 15:02:20,771 [126d5446-786c-45f2-bbbe-001b0b6f97a9-impl-thread2] INFO  impl.RoleInfo (RoleInfo.java:shutdownLeaderState(93)) - 126d5446-786c-45f2-bbbe-001b0b6f97a9: shutdown 126d5446-786c-45f2-bbbe-001b0b6f97a9@group-CC2CB63CBFDA-LeaderStateImpl
2023-03-09 15:02:20,771 [126d5446-786c-45f2-bbbe-001b0b6f97a9-impl-thread2] INFO  impl.PendingRequests (PendingRequests.java:sendNotLeaderResponses(282)) - 126d5446-786c-45f2-bbbe-001b0b6f97a9@group-CC2CB63CBFDA-PendingRequests: sendNotLeaderResponses
2023-03-09 15:02:20,771 [126d5446-786c-45f2-bbbe-001b0b6f97a9@group-03D465C8B48A-StateMachineUpdater] INFO  ratis.ContainerStateMachine (ContainerStateMachine.java:takeSnapshot(319)) - group-03D465C8B48A: Finished taking a snapshot at:(t:1, i:0) file:/home/runner/work/ozone/ozone/hadoop-ozone/integration-test/target/test-dir/MiniOzoneClusterImpl-c8dd39f1-89f8-47ca-b8e4-9b0f9f306b89/datanode-2/data/ratis/39ee7ccf-3233-482b-847c-03d465c8b48a/sm/snapshot.1_0 took: 1 ms
2023-03-09 15:02:20,772 [126d5446-786c-45f2-bbbe-001b0b6f97a9@group-03D465C8B48A-StateMachineUpdater] INFO  impl.StateMachineUpdater (StateMachineUpdater.java:takeSnapshot(287)) - 126d5446-786c-45f2-bbbe-001b0b6f97a9@group-03D465C8B48A-StateMachineUpdater: Took a snapshot at index 0
2023-03-09 15:02:20,772 [126d5446-786c-45f2-bbbe-001b0b6f97a9@group-03D465C8B48A-StateMachineUpdater] INFO  impl.StateMachineUpdater (StateMachineUpdater.java:lambda$new$0(92)) - 126d5446-786c-45f2-bbbe-001b0b6f97a9@group-03D465C8B48A-StateMachineUpdater: snapshotIndex: updateIncreasingly -1 -> 0
2023-03-09 15:02:20,772 [126d5446-786c-45f2-bbbe-001b0b6f97a9-impl-thread1] INFO  server.RaftServer$Division (ServerState.java:close(466)) - 126d5446-786c-45f2-bbbe-001b0b6f97a9@group-03D465C8B48A: closes. applyIndex: 0
2023-03-09 15:02:20,775 [ForkJoinPool.commonPool-worker-1] INFO  server.GrpcService (GrpcService.java:closeImpl(271)) - 126d5446-786c-45f2-bbbe-001b0b6f97a9: shutdown server GrpcServerProtocolService now
2023-03-09 15:02:20,775 [126d5446-786c-45f2-bbbe-001b0b6f97a9-impl-thread2] INFO  impl.StateMachineUpdater (StateMachineUpdater.java:stopAndJoin(153)) - 126d5446-786c-45f2-bbbe-001b0b6f97a9@group-CC2CB63CBFDA-StateMachineUpdater: set stopIndex = 0
2023-03-09 15:02:20,775 [126d5446-786c-45f2-bbbe-001b0b6f97a9@group-CC2CB63CBFDA-StateMachineUpdater] INFO  ratis.ContainerStateMachine (ContainerStateMachine.java:takeSnapshot(308)) - group-CC2CB63CBFDA: Taking a snapshot at:(t:1, i:0) file /home/runner/work/ozone/ozone/hadoop-ozone/integration-test/target/test-dir/MiniOzoneClusterImpl-c8dd39f1-89f8-47ca-b8e4-9b0f9f306b89/datanode-2/data/ratis/e0caf132-b0ce-4d31-a2d5-cc2cb63cbfda/sm/snapshot.1_0
2023-03-09 15:02:20,776 [126d5446-786c-45f2-bbbe-001b0b6f97a9-impl-thread3] INFO  server.RaftServer$Division (RaftServerImpl.java:lambda$close$4(458)) - 126d5446-786c-45f2-bbbe-001b0b6f97a9@group-77001C9B7D0B: shutdown
2023-03-09 15:02:20,776 [126d5446-786c-45f2-bbbe-001b0b6f97a9-impl-thread3] INFO  util.JmxRegister (JmxRegister.java:unregister(73)) - Successfully un-registered JMX Bean with object name Ratis:service=RaftServer,group=group-77001C9B7D0B,id=126d5446-786c-45f2-bbbe-001b0b6f97a9
2023-03-09 15:02:20,776 [126d5446-786c-45f2-bbbe-001b0b6f97a9-impl-thread3] INFO  impl.RoleInfo (RoleInfo.java:shutdownLeaderState(93)) - 126d5446-786c-45f2-bbbe-001b0b6f97a9: shutdown 126d5446-786c-45f2-bbbe-001b0b6f97a9@group-77001C9B7D0B-LeaderStateImpl
2023-03-09 15:02:20,776 [126d5446-786c-45f2-bbbe-001b0b6f97a9@group-CC2CB63CBFDA-StateMachineUpdater] INFO  ratis.ContainerStateMachine (ContainerStateMachine.java:takeSnapshot(319)) - group-CC2CB63CBFDA: Finished taking a snapshot at:(t:1, i:0) file:/home/runner/work/ozone/ozone/hadoop-ozone/integration-test/target/test-dir/MiniOzoneClusterImpl-c8dd39f1-89f8-47ca-b8e4-9b0f9f306b89/datanode-2/data/ratis/e0caf132-b0ce-4d31-a2d5-cc2cb63cbfda/sm/snapshot.1_0 took: 1 ms
2023-03-09 15:02:20,776 [126d5446-786c-45f2-bbbe-001b0b6f97a9@group-CC2CB63CBFDA-StateMachineUpdater] INFO  impl.StateMachineUpdater (StateMachineUpdater.java:takeSnapshot(287)) - 126d5446-786c-45f2-bbbe-001b0b6f97a9@group-CC2CB63CBFDA-StateMachineUpdater: Took a snapshot at index 0
2023-03-09 15:02:20,776 [126d5446-786c-45f2-bbbe-001b0b6f97a9@group-CC2CB63CBFDA-StateMachineUpdater] INFO  impl.StateMachineUpdater (StateMachineUpdater.java:lambda$new$0(92)) - 126d5446-786c-45f2-bbbe-001b0b6f97a9@group-CC2CB63CBFDA-StateMachineUpdater: snapshotIndex: updateIncreasingly -1 -> 0
2023-03-09 15:02:20,776 [126d5446-786c-45f2-bbbe-001b0b6f97a9-impl-thread2] INFO  server.RaftServer$Division (ServerState.java:close(466)) - 126d5446-786c-45f2-bbbe-001b0b6f97a9@group-CC2CB63CBFDA: closes. applyIndex: 0
2023-03-09 15:02:20,777 [126d5446-786c-45f2-bbbe-001b0b6f97a9@group-03D465C8B48A-SegmentedRaftLogWorker] INFO  segmented.SegmentedRaftLogWorker (SegmentedRaftLogWorker.java:run(347)) - 126d5446-786c-45f2-bbbe-001b0b6f97a9@group-03D465C8B48A-SegmentedRaftLogWorker was interrupted, exiting. There are 0 tasks remaining in the queue.
2023-03-09 15:02:20,777 [126d5446-786c-45f2-bbbe-001b0b6f97a9@group-CC2CB63CBFDA-SegmentedRaftLogWorker] INFO  segmented.SegmentedRaftLogWorker (SegmentedRaftLogWorker.java:run(347)) - 126d5446-786c-45f2-bbbe-001b0b6f97a9@group-CC2CB63CBFDA-SegmentedRaftLogWorker was interrupted, exiting. There are 0 tasks remaining in the queue.
2023-03-09 15:02:20,784 [ForkJoinPool.commonPool-worker-1] INFO  server.GrpcServerProtocolClient (GrpcServerProtocolClient.java:close(101)) - c6c2c657-0e93-48b3-a316-4dc30ca2acab Close channels
2023-03-09 15:02:20,785 [ForkJoinPool.commonPool-worker-1] INFO  server.GrpcServerProtocolClient (GrpcServerProtocolClient.java:close(101)) - 29c9a1c1-e3f8-4fe7-8970-336a6086cca1 Close channels
2023-03-09 15:02:20,785 [ForkJoinPool.commonPool-worker-1] INFO  server.GrpcService (GrpcService.java:closeImpl(280)) - 126d5446-786c-45f2-bbbe-001b0b6f97a9: shutdown server GrpcServerProtocolService successfully
2023-03-09 15:02:20,785 [126d5446-786c-45f2-bbbe-001b0b6f97a9-impl-thread1] INFO  segmented.SegmentedRaftLogWorker (SegmentedRaftLogWorker.java:close(257)) - 126d5446-786c-45f2-bbbe-001b0b6f97a9@group-03D465C8B48A-SegmentedRaftLogWorker close()
2023-03-09 15:02:20,785 [126d5446-786c-45f2-bbbe-001b0b6f97a9-impl-thread2] INFO  segmented.SegmentedRaftLogWorker (SegmentedRaftLogWorker.java:close(257)) - 126d5446-786c-45f2-bbbe-001b0b6f97a9@group-CC2CB63CBFDA-SegmentedRaftLogWorker close()
2023-03-09 15:02:20,785 [126d5446-786c-45f2-bbbe-001b0b6f97a9-NettyServerStreamRpc-bossGroup--thread1] INFO  logging.LoggingHandler (AbstractInternalLogger.java:log(148)) - [id: 0xc8fdb87a, L:/0:0:0:0:0:0:0:0:41323] CLOSE
2023-03-09 15:02:20,785 [126d5446-786c-45f2-bbbe-001b0b6f97a9-NettyServerStreamRpc-bossGroup--thread1] INFO  logging.LoggingHandler (AbstractInternalLogger.java:log(148)) - [id: 0xc8fdb87a, L:/0:0:0:0:0:0:0:0:41323] INACTIVE
2023-03-09 15:02:20,785 [126d5446-786c-45f2-bbbe-001b0b6f97a9-NettyServerStreamRpc-bossGroup--thread1] INFO  logging.LoggingHandler (AbstractInternalLogger.java:log(148)) - [id: 0xc8fdb87a, L:/0:0:0:0:0:0:0:0:41323] UNREGISTERED
2023-03-09 15:02:20,795 [126d5446-786c-45f2-bbbe-001b0b6f97a9-impl-thread3] INFO  impl.PendingRequests (PendingRequests.java:sendNotLeaderResponses(282)) - 126d5446-786c-45f2-bbbe-001b0b6f97a9@group-77001C9B7D0B-PendingRequests: sendNotLeaderResponses
2023-03-09 15:02:20,796 [126d5446-786c-45f2-bbbe-001b0b6f97a9-impl-thread3] INFO  impl.StateMachineUpdater (StateMachineUpdater.java:stopAndJoin(153)) - 126d5446-786c-45f2-bbbe-001b0b6f97a9@group-77001C9B7D0B-StateMachineUpdater: set stopIndex = 0
2023-03-09 15:02:20,798 [126d5446-786c-45f2-bbbe-001b0b6f97a9@group-77001C9B7D0B-StateMachineUpdater] INFO  ratis.ContainerStateMachine (ContainerStateMachine.java:takeSnapshot(308)) - group-77001C9B7D0B: Taking a snapshot at:(t:1, i:0) file /home/runner/work/ozone/ozone/hadoop-ozone/integration-test/target/test-dir/MiniOzoneClusterImpl-c8dd39f1-89f8-47ca-b8e4-9b0f9f306b89/datanode-2/data/ratis/e3ed6265-74c6-4924-a525-77001c9b7d0b/sm/snapshot.1_0
2023-03-09 15:02:20,798 [Listener at 127.0.0.1/43559] INFO  volume.HddsVolume (HddsVolume.java:closeDbStore(362)) - SchemaV3 db is stopped at /home/runner/work/ozone/ozone/hadoop-ozone/integration-test/target/test-dir/MiniOzoneClusterImpl-c8dd39f1-89f8-47ca-b8e4-9b0f9f306b89/datanode-1/data-0/containers/hdds/c8dd39f1-89f8-47ca-b8e4-9b0f9f306b89/DS-204bacd2-3c3e-406f-968c-1a05a32f4d65/container.db for volume DS-204bacd2-3c3e-406f-968c-1a05a32f4d65
2023-03-09 15:02:20,799 [Listener at 127.0.0.1/43559] INFO  utils.BackgroundService (BackgroundService.java:shutdown(141)) - Shutting down service BlockDeletingService
2023-03-09 15:02:20,799 [Listener at 127.0.0.1/43559] INFO  utils.BackgroundService (BackgroundService.java:shutdown(141)) - Shutting down service StaleRecoveringContainerScrubbingService
2023-03-09 15:02:20,801 [126d5446-786c-45f2-bbbe-001b0b6f97a9@group-77001C9B7D0B-StateMachineUpdater] INFO  ratis.ContainerStateMachine (ContainerStateMachine.java:takeSnapshot(319)) - group-77001C9B7D0B: Finished taking a snapshot at:(t:1, i:0) file:/home/runner/work/ozone/ozone/hadoop-ozone/integration-test/target/test-dir/MiniOzoneClusterImpl-c8dd39f1-89f8-47ca-b8e4-9b0f9f306b89/datanode-2/data/ratis/e3ed6265-74c6-4924-a525-77001c9b7d0b/sm/snapshot.1_0 took: 3 ms
2023-03-09 15:02:20,801 [126d5446-786c-45f2-bbbe-001b0b6f97a9@group-77001C9B7D0B-StateMachineUpdater] INFO  impl.StateMachineUpdater (StateMachineUpdater.java:takeSnapshot(287)) - 126d5446-786c-45f2-bbbe-001b0b6f97a9@group-77001C9B7D0B-StateMachineUpdater: Took a snapshot at index 0
2023-03-09 15:02:20,801 [126d5446-786c-45f2-bbbe-001b0b6f97a9@group-77001C9B7D0B-StateMachineUpdater] INFO  impl.StateMachineUpdater (StateMachineUpdater.java:lambda$new$0(92)) - 126d5446-786c-45f2-bbbe-001b0b6f97a9@group-77001C9B7D0B-StateMachineUpdater: snapshotIndex: updateIncreasingly -1 -> 0
2023-03-09 15:02:20,805 [126d5446-786c-45f2-bbbe-001b0b6f97a9-impl-thread3] INFO  server.RaftServer$Division (ServerState.java:close(466)) - 126d5446-786c-45f2-bbbe-001b0b6f97a9@group-77001C9B7D0B: closes. applyIndex: 0
2023-03-09 15:02:20,805 [Listener at 127.0.0.1/43559] INFO  statemachine.DatanodeStateMachine (DatanodeStateMachine.java:stopDaemon(601)) - Ozone container server stopped.
2023-03-09 15:02:20,810 [126d5446-786c-45f2-bbbe-001b0b6f97a9@group-77001C9B7D0B-SegmentedRaftLogWorker] INFO  segmented.SegmentedRaftLogWorker (SegmentedRaftLogWorker.java:run(347)) - 126d5446-786c-45f2-bbbe-001b0b6f97a9@group-77001C9B7D0B-SegmentedRaftLogWorker was interrupted, exiting. There are 0 tasks remaining in the queue.
2023-03-09 15:02:20,811 [126d5446-786c-45f2-bbbe-001b0b6f97a9@group-77001C9B7D0B->29c9a1c1-e3f8-4fe7-8970-336a6086cca1-GrpcLogAppender-LogAppenderDaemon] ERROR leader.LogAppenderDaemon (LogAppenderDaemon.java:run(87)) - 126d5446-786c-45f2-bbbe-001b0b6f97a9@group-77001C9B7D0B->29c9a1c1-e3f8-4fe7-8970-336a6086cca1-GrpcLogAppender-LogAppenderDaemon failed
java.lang.IllegalArgumentException: 126d5446-786c-45f2-bbbe-001b0b6f97a9@group-77001C9B7D0B-SegmentedRaftLog is expected to be opened but it is CLOSED
	at org.apache.ratis.util.OpenCloseState.assertOpen(OpenCloseState.java:63)
	at org.apache.ratis.server.raftlog.RaftLogBase.checkLogState(RaftLogBase.java:111)
	at org.apache.ratis.server.raftlog.segmented.SegmentedRaftLog.getTermIndex(SegmentedRaftLog.java:323)
	at org.apache.ratis.grpc.server.GrpcLogAppender.shouldNotifyToInstallSnapshot(GrpcLogAppender.java:678)
	at org.apache.ratis.grpc.server.GrpcLogAppender.run(GrpcLogAppender.java:161)
	at org.apache.ratis.server.leader.LogAppenderDaemon.run(LogAppenderDaemon.java:78)
	at java.lang.Thread.run(Thread.java:750)
Caused by: org.apache.ratis.util.OpenCloseState$CloseTrace: Close 126d5446-786c-45f2-bbbe-001b0b6f97a9@group-77001C9B7D0B-SegmentedRaftLog
	at org.apache.ratis.util.OpenCloseState.lambda$close$1(OpenCloseState.java:109)
	at java.util.concurrent.atomic.AtomicReference.getAndUpdate(AtomicReference.java:160)
	at org.apache.ratis.util.OpenCloseState.close(OpenCloseState.java:109)
	at org.apache.ratis.server.raftlog.RaftLogBase.close(RaftLogBase.java:365)
	at org.apache.ratis.server.raftlog.segmented.SegmentedRaftLog.close(SegmentedRaftLog.java:506)
	at org.apache.ratis.server.impl.ServerState.close(ServerState.java:468)
	at org.apache.ratis.server.impl.RaftServerImpl.lambda$close$4(RaftServerImpl.java:480)
	at org.apache.ratis.util.LifeCycle.lambda$checkStateAndClose$4(LifeCycle.java:299)
	at org.apache.ratis.util.LifeCycle.checkStateAndClose(LifeCycle.java:319)
	at org.apache.ratis.util.LifeCycle.checkStateAndClose(LifeCycle.java:297)
	at org.apache.ratis.server.impl.RaftServerImpl.close(RaftServerImpl.java:457)
	at org.apache.ratis.server.impl.RaftServerProxy$ImplMap.close(RaftServerProxy.java:132)
	at org.apache.ratis.server.impl.RaftServerProxy$ImplMap.lambda$close$0(RaftServerProxy.java:119)
	at org.apache.ratis.util.ConcurrentUtils.accept(ConcurrentUtils.java:173)
	at org.apache.ratis.util.ConcurrentUtils.lambda$null$3(ConcurrentUtils.java:165)
	at java.util.concurrent.ThreadPoolExecutor.runWorker(ThreadPoolExecutor.java:1149)
	at java.util.concurrent.ThreadPoolExecutor$Worker.run(ThreadPoolExecutor.java:624)
	... 1 more
2023-03-09 15:02:20,813 [126d5446-786c-45f2-bbbe-001b0b6f97a9-impl-thread3] INFO  segmented.SegmentedRaftLogWorker (SegmentedRaftLogWorker.java:close(257)) - 126d5446-786c-45f2-bbbe-001b0b6f97a9@group-77001C9B7D0B-SegmentedRaftLogWorker close()
2023-03-09 15:02:20,814 [JvmPauseMonitor41] INFO  util.JvmPauseMonitor (JvmPauseMonitor.java:run(111)) - JvmPauseMonitor-126d5446-786c-45f2-bbbe-001b0b6f97a9: Stopped
2023-03-09 15:02:20,821 [Listener at 127.0.0.1/43559] INFO  handler.ContextHandler (ContextHandler.java:doStop(1159)) - Stopped o.e.j.w.WebAppContext@349d5b52{hddsDatanode,/,null,STOPPED}{jar:file:/home/runner/.m2/repository/org/apache/ozone/hdds-container-service/1.4.0-SNAPSHOT/hdds-container-service-1.4.0-SNAPSHOT.jar!/webapps/hddsDatanode}
2023-03-09 15:02:20,822 [Listener at 127.0.0.1/43559] INFO  server.AbstractConnector (AbstractConnector.java:doStop(383)) - Stopped ServerConnector@5ffa5e20{HTTP/1.1, (http/1.1)}{0.0.0.0:0}
2023-03-09 15:02:20,822 [Listener at 127.0.0.1/43559] INFO  server.session (HouseKeeper.java:stopScavenging(149)) - node0 Stopped scavenging
2023-03-09 15:02:20,822 [Listener at 127.0.0.1/43559] INFO  handler.ContextHandler (ContextHandler.java:doStop(1159)) - Stopped o.e.j.s.ServletContextHandler@5d60bcb2{static,/static,jar:file:/home/runner/.m2/repository/org/apache/ozone/hdds-container-service/1.4.0-SNAPSHOT/hdds-container-service-1.4.0-SNAPSHOT.jar!/webapps/static,STOPPED}
2023-03-09 15:02:20,822 [Listener at 127.0.0.1/43559] INFO  handler.ContextHandler (ContextHandler.java:doStop(1159)) - Stopped o.e.j.s.ServletContextHandler@c28234f{logs,/logs,file:///home/runner/work/ozone/ozone/hadoop-ozone/integration-test/target/log,STOPPED}
2023-03-09 15:02:21,064 [EndpointStateMachine task thread for /127.0.0.1:35467 - 0 ] INFO  ipc.Client (Client.java:handleConnectionFailure(1010)) - Retrying connect to server: localhost/127.0.0.1:35467. Already tried 11 time(s); retry policy is RetryUpToMaximumCountWithFixedSleep(maxRetries=15, sleepTime=1000 MILLISECONDS)
2023-03-09 15:02:21,714 [EndpointStateMachine task thread for /127.0.0.1:33275 - 0 ] INFO  ipc.Client (Client.java:handleConnectionFailure(1010)) - Retrying connect to server: localhost/127.0.0.1:33275. Already tried 3 time(s); retry policy is RetryUpToMaximumCountWithFixedSleep(maxRetries=15, sleepTime=1000 MILLISECONDS)
2023-03-09 15:02:22,065 [EndpointStateMachine task thread for /127.0.0.1:35467 - 0 ] INFO  ipc.Client (Client.java:handleConnectionFailure(1010)) - Retrying connect to server: localhost/127.0.0.1:35467. Already tried 12 time(s); retry policy is RetryUpToMaximumCountWithFixedSleep(maxRetries=15, sleepTime=1000 MILLISECONDS)
2023-03-09 15:02:22,715 [EndpointStateMachine task thread for /127.0.0.1:33275 - 0 ] INFO  ipc.Client (Client.java:handleConnectionFailure(1010)) - Retrying connect to server: localhost/127.0.0.1:33275. Already tried 4 time(s); retry policy is RetryUpToMaximumCountWithFixedSleep(maxRetries=15, sleepTime=1000 MILLISECONDS)
2023-03-09 15:02:22,822 [ForkJoinPool.commonPool-worker-1] INFO  volume.HddsVolume (HddsVolume.java:closeDbStore(362)) - SchemaV3 db is stopped at /home/runner/work/ozone/ozone/hadoop-ozone/integration-test/target/test-dir/MiniOzoneClusterImpl-c8dd39f1-89f8-47ca-b8e4-9b0f9f306b89/datanode-2/data-0/containers/hdds/c8dd39f1-89f8-47ca-b8e4-9b0f9f306b89/DS-53fa597c-2e04-40ce-b0ec-f7b32f9ffee5/container.db for volume DS-53fa597c-2e04-40ce-b0ec-f7b32f9ffee5
2023-03-09 15:02:22,825 [ForkJoinPool.commonPool-worker-1] INFO  utils.BackgroundService (BackgroundService.java:shutdown(141)) - Shutting down service BlockDeletingService
2023-03-09 15:02:22,825 [ForkJoinPool.commonPool-worker-1] INFO  utils.BackgroundService (BackgroundService.java:shutdown(141)) - Shutting down service StaleRecoveringContainerScrubbingService
2023-03-09 15:02:22,827 [ForkJoinPool.commonPool-worker-1] INFO  statemachine.DatanodeStateMachine (DatanodeStateMachine.java:stopDaemon(601)) - Ozone container server stopped.
2023-03-09 15:02:22,839 [ForkJoinPool.commonPool-worker-1] INFO  handler.ContextHandler (ContextHandler.java:doStop(1159)) - Stopped o.e.j.w.WebAppContext@42ce7e5b{hddsDatanode,/,null,STOPPED}{jar:file:/home/runner/.m2/repository/org/apache/ozone/hdds-container-service/1.4.0-SNAPSHOT/hdds-container-service-1.4.0-SNAPSHOT.jar!/webapps/hddsDatanode}
2023-03-09 15:02:22,840 [ForkJoinPool.commonPool-worker-1] INFO  server.AbstractConnector (AbstractConnector.java:doStop(383)) - Stopped ServerConnector@66d73742{HTTP/1.1, (http/1.1)}{0.0.0.0:0}
2023-03-09 15:02:22,840 [ForkJoinPool.commonPool-worker-1] INFO  server.session (HouseKeeper.java:stopScavenging(149)) - node0 Stopped scavenging
2023-03-09 15:02:22,843 [ForkJoinPool.commonPool-worker-1] INFO  handler.ContextHandler (ContextHandler.java:doStop(1159)) - Stopped o.e.j.s.ServletContextHandler@1b764434{static,/static,jar:file:/home/runner/.m2/repository/org/apache/ozone/hdds-container-service/1.4.0-SNAPSHOT/hdds-container-service-1.4.0-SNAPSHOT.jar!/webapps/static,STOPPED}
2023-03-09 15:02:22,843 [ForkJoinPool.commonPool-worker-1] INFO  handler.ContextHandler (ContextHandler.java:doStop(1159)) - Stopped o.e.j.s.ServletContextHandler@6cbf0694{logs,/logs,file:///home/runner/work/ozone/ozone/hadoop-ozone/integration-test/target/log,STOPPED}
]]></system-out>
    </rerunFailure>
    <rerunFailure type="java.lang.AssertionError">
      <stackTrace><![CDATA[java.lang.AssertionError
	at org.junit.Assert.fail(Assert.java:87)
	at org.junit.Assert.fail(Assert.java:96)
	at org.apache.hadoop.ozone.om.TestAddRemoveOzoneManager.testBootstrapWithoutConfigUpdate(TestAddRemoveOzoneManager.java:261)
	at sun.reflect.NativeMethodAccessorImpl.invoke0(Native Method)
	at sun.reflect.NativeMethodAccessorImpl.invoke(NativeMethodAccessorImpl.java:62)
	at sun.reflect.DelegatingMethodAccessorImpl.invoke(DelegatingMethodAccessorImpl.java:43)
	at java.lang.reflect.Method.invoke(Method.java:498)
	at org.junit.platform.commons.util.ReflectionUtils.invokeMethod(ReflectionUtils.java:725)
	at org.junit.jupiter.engine.execution.MethodInvocation.proceed(MethodInvocation.java:60)
	at org.junit.jupiter.engine.execution.InvocationInterceptorChain$ValidatingInvocation.proceed(InvocationInterceptorChain.java:131)
	at org.junit.jupiter.engine.extension.TimeoutInvocation.proceed(TimeoutInvocation.java:46)
	at org.junit.jupiter.engine.extension.TimeoutExtension.intercept(TimeoutExtension.java:149)
	at org.junit.jupiter.engine.extension.TimeoutExtension.interceptTestableMethod(TimeoutExtension.java:140)
	at org.junit.jupiter.engine.extension.TimeoutExtension.interceptTestMethod(TimeoutExtension.java:84)
	at org.junit.jupiter.engine.execution.ExecutableInvoker$ReflectiveInterceptorCall.lambda$ofVoidMethod$0(ExecutableInvoker.java:115)
	at org.junit.jupiter.engine.execution.ExecutableInvoker.lambda$invoke$0(ExecutableInvoker.java:105)
	at org.junit.jupiter.engine.execution.InvocationInterceptorChain$InterceptedInvocation.proceed(InvocationInterceptorChain.java:106)
	at org.junit.jupiter.engine.execution.InvocationInterceptorChain.proceed(InvocationInterceptorChain.java:64)
	at org.junit.jupiter.engine.execution.InvocationInterceptorChain.chainAndInvoke(InvocationInterceptorChain.java:45)
	at org.junit.jupiter.engine.execution.InvocationInterceptorChain.invoke(InvocationInterceptorChain.java:37)
	at org.junit.jupiter.engine.execution.ExecutableInvoker.invoke(ExecutableInvoker.java:104)
	at org.junit.jupiter.engine.execution.ExecutableInvoker.invoke(ExecutableInvoker.java:98)
	at org.junit.jupiter.engine.descriptor.TestMethodTestDescriptor.lambda$invokeTestMethod$7(TestMethodTestDescriptor.java:214)
	at org.junit.platform.engine.support.hierarchical.ThrowableCollector.execute(ThrowableCollector.java:73)
	at org.junit.jupiter.engine.descriptor.TestMethodTestDescriptor.invokeTestMethod(TestMethodTestDescriptor.java:210)
	at org.junit.jupiter.engine.descriptor.TestMethodTestDescriptor.execute(TestMethodTestDescriptor.java:135)
	at org.junit.jupiter.engine.descriptor.TestMethodTestDescriptor.execute(TestMethodTestDescriptor.java:66)
	at org.junit.platform.engine.support.hierarchical.NodeTestTask.lambda$executeRecursively$6(NodeTestTask.java:151)
	at org.junit.platform.engine.support.hierarchical.ThrowableCollector.execute(ThrowableCollector.java:73)
	at org.junit.platform.engine.support.hierarchical.NodeTestTask.lambda$executeRecursively$8(NodeTestTask.java:141)
	at org.junit.platform.engine.support.hierarchical.Node.around(Node.java:137)
	at org.junit.platform.engine.support.hierarchical.NodeTestTask.lambda$executeRecursively$9(NodeTestTask.java:139)
	at org.junit.platform.engine.support.hierarchical.ThrowableCollector.execute(ThrowableCollector.java:73)
	at org.junit.platform.engine.support.hierarchical.NodeTestTask.executeRecursively(NodeTestTask.java:138)
	at org.junit.platform.engine.support.hierarchical.NodeTestTask.execute(NodeTestTask.java:95)
	at java.util.ArrayList.forEach(ArrayList.java:1259)
	at org.junit.platform.engine.support.hierarchical.SameThreadHierarchicalTestExecutorService.invokeAll(SameThreadHierarchicalTestExecutorService.java:41)
	at org.junit.platform.engine.support.hierarchical.NodeTestTask.lambda$executeRecursively$6(NodeTestTask.java:155)
	at org.junit.platform.engine.support.hierarchical.ThrowableCollector.execute(ThrowableCollector.java:73)
	at org.junit.platform.engine.support.hierarchical.NodeTestTask.lambda$executeRecursively$8(NodeTestTask.java:141)
	at org.junit.platform.engine.support.hierarchical.Node.around(Node.java:137)
	at org.junit.platform.engine.support.hierarchical.NodeTestTask.lambda$executeRecursively$9(NodeTestTask.java:139)
	at org.junit.platform.engine.support.hierarchical.ThrowableCollector.execute(ThrowableCollector.java:73)
	at org.junit.platform.engine.support.hierarchical.NodeTestTask.executeRecursively(NodeTestTask.java:138)
	at org.junit.platform.engine.support.hierarchical.NodeTestTask.execute(NodeTestTask.java:95)
	at java.util.ArrayList.forEach(ArrayList.java:1259)
	at org.junit.platform.engine.support.hierarchical.SameThreadHierarchicalTestExecutorService.invokeAll(SameThreadHierarchicalTestExecutorService.java:41)
	at org.junit.platform.engine.support.hierarchical.NodeTestTask.lambda$executeRecursively$6(NodeTestTask.java:155)
	at org.junit.platform.engine.support.hierarchical.ThrowableCollector.execute(ThrowableCollector.java:73)
	at org.junit.platform.engine.support.hierarchical.NodeTestTask.lambda$executeRecursively$8(NodeTestTask.java:141)
	at org.junit.platform.engine.support.hierarchical.Node.around(Node.java:137)
	at org.junit.platform.engine.support.hierarchical.NodeTestTask.lambda$executeRecursively$9(NodeTestTask.java:139)
	at org.junit.platform.engine.support.hierarchical.ThrowableCollector.execute(ThrowableCollector.java:73)
	at org.junit.platform.engine.support.hierarchical.NodeTestTask.executeRecursively(NodeTestTask.java:138)
	at org.junit.platform.engine.support.hierarchical.NodeTestTask.execute(NodeTestTask.java:95)
	at org.junit.platform.engine.support.hierarchical.SameThreadHierarchicalTestExecutorService.submit(SameThreadHierarchicalTestExecutorService.java:35)
	at org.junit.platform.engine.support.hierarchical.HierarchicalTestExecutor.execute(HierarchicalTestExecutor.java:57)
	at org.junit.platform.engine.support.hierarchical.HierarchicalTestEngine.execute(HierarchicalTestEngine.java:54)
	at org.junit.platform.launcher.core.EngineExecutionOrchestrator.execute(EngineExecutionOrchestrator.java:107)
	at org.junit.platform.launcher.core.EngineExecutionOrchestrator.execute(EngineExecutionOrchestrator.java:88)
	at org.junit.platform.launcher.core.EngineExecutionOrchestrator.lambda$execute$0(EngineExecutionOrchestrator.java:54)
	at org.junit.platform.launcher.core.EngineExecutionOrchestrator.withInterceptedStreams(EngineExecutionOrchestrator.java:67)
	at org.junit.platform.launcher.core.EngineExecutionOrchestrator.execute(EngineExecutionOrchestrator.java:52)
	at org.junit.platform.launcher.core.DefaultLauncher.execute(DefaultLauncher.java:114)
	at org.junit.platform.launcher.core.DefaultLauncher.execute(DefaultLauncher.java:86)
	at org.junit.platform.launcher.core.DefaultLauncherSession$DelegatingLauncher.execute(DefaultLauncherSession.java:86)
	at org.junit.platform.launcher.core.SessionPerRequestLauncher.execute(SessionPerRequestLauncher.java:53)
	at org.apache.maven.surefire.junitplatform.JUnitPlatformProvider.invokeAllTests(JUnitPlatformProvider.java:165)
	at org.apache.maven.surefire.junitplatform.JUnitPlatformProvider.invoke(JUnitPlatformProvider.java:124)
	at org.apache.maven.surefire.booter.ForkedBooter.runSuitesInProcess(ForkedBooter.java:428)
	at org.apache.maven.surefire.booter.ForkedBooter.execute(ForkedBooter.java:162)
	at org.apache.maven.surefire.booter.ForkedBooter.run(ForkedBooter.java:562)
	at org.apache.maven.surefire.booter.ForkedBooter.main(ForkedBooter.java:548)
]]></stackTrace>
      <system-out><![CDATA[2023-03-09 15:02:22,934 [Listener at 127.0.0.1/43559] WARN  server.ServerUtils (ServerUtils.java:getScmDbDir(148)) - ozone.scm.db.dirs is not configured. We recommend adding this setting. Falling back to ozone.metadata.dirs instead.
2023-03-09 15:02:22,935 [Listener at 127.0.0.1/43559] INFO  ha.SCMHANodeDetails (SCMHANodeDetails.java:loadSCMHAConfig(209)) - ServiceID for StorageContainerManager is scmServiceId
2023-03-09 15:02:22,935 [Listener at 127.0.0.1/43559] INFO  ha.SCMHANodeDetails (SCMHANodeDetails.java:loadSCMHAConfig(220)) - ServiceID for StorageContainerManager is scmServiceId
2023-03-09 15:02:22,935 [Listener at 127.0.0.1/43559] INFO  ha.SCMHANodeDetails (SCMHANodeDetails.java:loadSCMHAConfig(307)) - Found matching SCM address with SCMServiceId: scmServiceId, SCMNodeId: scmNode-1, RPC Address: localhost:36295 and Ratis port: 36295
2023-03-09 15:02:22,935 [Listener at 127.0.0.1/43559] INFO  ha.SCMHANodeDetails (ConfUtils.java:setNodeSpecificConfigs(97)) - Setting configuration key ozone.scm.datanode.address with value of key ozone.scm.datanode.address.scmServiceId.scmNode-1: 127.0.0.1:35345
2023-03-09 15:02:22,935 [Listener at 127.0.0.1/43559] INFO  ha.SCMHANodeDetails (ConfUtils.java:setNodeSpecificConfigs(97)) - Setting configuration key ozone.scm.block.client.address with value of key ozone.scm.block.client.address.scmServiceId.scmNode-1: 127.0.0.1:42359
2023-03-09 15:02:22,935 [Listener at 127.0.0.1/43559] INFO  ha.SCMHANodeDetails (ConfUtils.java:setNodeSpecificConfigs(97)) - Setting configuration key ozone.scm.client.address with value of key ozone.scm.client.address.scmServiceId.scmNode-1: 127.0.0.1:35817
2023-03-09 15:02:22,935 [Listener at 127.0.0.1/43559] INFO  ha.SCMHANodeDetails (ConfUtils.java:setNodeSpecificConfigs(97)) - Setting configuration key ozone.scm.ratis.port with value of key ozone.scm.ratis.port.scmServiceId.scmNode-1: 36295
2023-03-09 15:02:22,936 [Listener at 127.0.0.1/43559] INFO  ha.SCMHANodeDetails (ConfUtils.java:setNodeSpecificConfigs(97)) - Setting configuration key ozone.scm.grpc.port with value of key ozone.scm.grpc.port.scmServiceId.scmNode-1: 35129
2023-03-09 15:02:22,936 [Listener at 127.0.0.1/43559] INFO  ha.SCMHANodeDetails (ConfUtils.java:setNodeSpecificConfigs(97)) - Setting configuration key ozone.scm.http-address with value of key ozone.scm.http-address.scmServiceId.scmNode-1: 127.0.0.1:32951
2023-03-09 15:02:22,936 [Listener at 127.0.0.1/43559] INFO  ha.SCMHANodeDetails (ConfUtils.java:setNodeSpecificConfigs(97)) - Setting configuration key ozone.scm.https-address with value of key ozone.scm.https-address.scmServiceId.scmNode-1: 127.0.0.1:37771
2023-03-09 15:02:22,936 [Listener at 127.0.0.1/43559] INFO  ha.SCMHANodeDetails (ConfUtils.java:setNodeSpecificConfigs(97)) - Setting configuration key ozone.scm.address with value of key ozone.scm.address.scmServiceId.scmNode-1: 127.0.0.1
2023-03-09 15:02:22,936 [Listener at 127.0.0.1/43559] WARN  scm.ScmUtils (ScmUtils.java:logWarn(190)) - ConfigKey ozone.scm.block.client.address is deprecated, For configuring different ports for each SCM use PortConfigKey ozone.scm.block.client.port appended with serviceId and nodeId. If want to configure same port configure ozone.scm.block.client.port
2023-03-09 15:02:22,936 [Listener at 127.0.0.1/43559] WARN  scm.ScmUtils (ScmUtils.java:logWarn(190)) - ConfigKey ozone.scm.client.address is deprecated, For configuring different ports for each SCM use PortConfigKey ozone.scm.client.port appended with serviceId and nodeId. If want to configure same port configure ozone.scm.client.port
2023-03-09 15:02:22,936 [Listener at 127.0.0.1/43559] WARN  scm.ScmUtils (ScmUtils.java:logWarn(190)) - ConfigKey ozone.scm.datanode.address is deprecated, For configuring different ports for each SCM use PortConfigKey ozone.scm.datanode.port appended with serviceId and nodeId. If want to configure same port configure ozone.scm.datanode.port
2023-03-09 15:02:22,941 [Listener at 127.0.0.1/43559] INFO  server.RaftServer (ConfUtils.java:logGet(46)) - raft.rpc.type = GRPC (default)
2023-03-09 15:02:22,942 [Listener at 127.0.0.1/43559] INFO  grpc.GrpcConfigKeys (ConfUtils.java:logFallback(53)) - raft.grpc.admin.host = null (fallback to raft.grpc.server.host)
2023-03-09 15:02:22,942 [Listener at 127.0.0.1/43559] INFO  grpc.GrpcConfigKeys (ConfUtils.java:logFallback(53)) - raft.grpc.admin.port = 36295 (fallback to raft.grpc.server.port)
2023-03-09 15:02:22,942 [Listener at 127.0.0.1/43559] INFO  grpc.GrpcConfigKeys (ConfUtils.java:logFallback(53)) - raft.grpc.client.host = null (fallback to raft.grpc.server.host)
2023-03-09 15:02:22,942 [Listener at 127.0.0.1/43559] INFO  grpc.GrpcConfigKeys (ConfUtils.java:logFallback(53)) - raft.grpc.client.port = 36295 (fallback to raft.grpc.server.port)
2023-03-09 15:02:22,942 [Listener at 127.0.0.1/43559] INFO  grpc.GrpcConfigKeys (ConfUtils.java:logGet(46)) - raft.grpc.server.host = null (default)
2023-03-09 15:02:22,942 [Listener at 127.0.0.1/43559] INFO  grpc.GrpcConfigKeys (ConfUtils.java:logGet(46)) - raft.grpc.server.port = 36295 (custom)
2023-03-09 15:02:22,943 [Listener at 127.0.0.1/43559] INFO  server.GrpcService (ConfUtils.java:logGet(46)) - raft.grpc.message.size.max = 32m (=33554432) (custom)
2023-03-09 15:02:22,943 [Listener at 127.0.0.1/43559] INFO  server.RaftServerConfigKeys (ConfUtils.java:logGet(46)) - raft.server.log.appender.buffer.byte-limit = 33554432 (custom)
2023-03-09 15:02:22,943 [Listener at 127.0.0.1/43559] INFO  server.GrpcService (ConfUtils.java:logGet(46)) - raft.grpc.flow.control.window = 1MB (=1048576) (default)
2023-03-09 15:02:22,943 [Listener at 127.0.0.1/43559] INFO  server.RaftServerConfigKeys (ConfUtils.java:logGet(46)) - raft.server.rpc.request.timeout = 30000ms (custom)
2023-03-09 15:02:22,943 [Listener at 127.0.0.1/43559] INFO  grpc.GrpcConfigKeys (ConfUtils.java:logGet(46)) - raft.grpc.server.heartbeat.channel = true (default)
2023-03-09 15:02:22,944 [Listener at 127.0.0.1/43559] INFO  grpc.GrpcConfigKeys (ConfUtils.java:logGet(46)) - raft.grpc.server.async.request.thread.pool.cached = true (default)
2023-03-09 15:02:22,944 [Listener at 127.0.0.1/43559] INFO  grpc.GrpcConfigKeys (ConfUtils.java:logGet(46)) - raft.grpc.server.async.request.thread.pool.size = 32 (default)
2023-03-09 15:02:22,946 [Listener at 127.0.0.1/43559] INFO  impl.DataStreamServerImpl (ConfUtils.java:logGet(46)) - raft.datastream.type = DISABLED (default)
2023-03-09 15:02:22,946 [Listener at 127.0.0.1/43559] INFO  server.RaftServerConfigKeys (ConfUtils.java:logGet(46)) - raft.server.threadpool.proxy.cached = true (default)
2023-03-09 15:02:22,946 [Listener at 127.0.0.1/43559] INFO  server.RaftServerConfigKeys (ConfUtils.java:logGet(46)) - raft.server.threadpool.proxy.size = 0 (default)
2023-03-09 15:02:22,946 [Listener at 127.0.0.1/43559] INFO  server.RaftServerConfigKeys (ConfUtils.java:logGet(46)) - raft.server.rpc.slowness.timeout = 120000ms (custom)
2023-03-09 15:02:22,946 [Listener at 127.0.0.1/43559] INFO  server.RaftServerConfigKeys (ConfUtils.java:logGet(46)) - raft.server.leaderelection.leader.step-down.wait-time = 10s (default)
2023-03-09 15:02:22,947 [Listener at 127.0.0.1/43559] INFO  server.RaftServerConfigKeys (ConfUtils.java:logGet(46)) - raft.server.storage.dir = [/home/runner/work/ozone/ozone/hadoop-ozone/integration-test/target/test-dir/MiniOzoneClusterImpl-0534e788-6c20-4d4d-bf72-3ffae63fff50/scmNode-1/scm-ha] (custom)
2023-03-09 15:02:22,948 [Listener at 127.0.0.1/43559] INFO  server.RaftServer (RaftServerProxy.java:addNew(96)) - 78133a0d-b1a6-42b2-bde2-9d54c1b1446c: addNew group-3FFAE63FFF50:[78133a0d-b1a6-42b2-bde2-9d54c1b1446c|rpc:localhost:36295|priority:0|startupRole:FOLLOWER] returns group-3FFAE63FFF50:java.util.concurrent.CompletableFuture@2d40e440[Not completed]
2023-03-09 15:02:22,948 [pool-1229-thread-1] INFO  server.RaftServer$Division (RaftServerImpl.java:<init>(195)) - 78133a0d-b1a6-42b2-bde2-9d54c1b1446c: new RaftServerImpl for group-3FFAE63FFF50:[78133a0d-b1a6-42b2-bde2-9d54c1b1446c|rpc:localhost:36295|priority:0|startupRole:FOLLOWER] with SCMStateMachine:uninitialized
2023-03-09 15:02:22,948 [pool-1229-thread-1] INFO  server.RaftServerConfigKeys (ConfUtils.java:logGet(46)) - raft.server.rpc.timeout.min = 5000ms (custom)
2023-03-09 15:02:22,948 [pool-1229-thread-1] INFO  server.RaftServerConfigKeys (ConfUtils.java:logGet(46)) - raft.server.rpc.timeout.max = 5200ms (custom)
2023-03-09 15:02:22,948 [pool-1229-thread-1] INFO  server.RaftServerConfigKeys (ConfUtils.java:logGet(46)) - raft.server.rpc.sleep.time = 25ms (default)
2023-03-09 15:02:22,948 [pool-1229-thread-1] INFO  server.RaftServerConfigKeys (ConfUtils.java:logGet(46)) - raft.server.rpc.slowness.timeout = 120000ms (custom)
2023-03-09 15:02:22,948 [pool-1229-thread-1] INFO  server.RaftServerConfigKeys (ConfUtils.java:logGet(46)) - raft.server.leaderelection.leader.step-down.wait-time = 10s (default)
2023-03-09 15:02:22,948 [pool-1229-thread-1] INFO  server.RaftServerConfigKeys (ConfUtils.java:logGet(46)) - raft.server.sleep.deviation.threshold = 300ms (default)
2023-03-09 15:02:22,949 [pool-1229-thread-1] INFO  server.RaftServer$Division (ServerState.java:<init>(118)) - 78133a0d-b1a6-42b2-bde2-9d54c1b1446c@group-3FFAE63FFF50: ConfigurationManager, init=-1: peers:[78133a0d-b1a6-42b2-bde2-9d54c1b1446c|rpc:localhost:36295|priority:0|startupRole:FOLLOWER]|listeners:[], old=null, confs=<EMPTY_MAP>
2023-03-09 15:02:22,949 [pool-1229-thread-1] INFO  server.RaftServerConfigKeys (ConfUtils.java:logGet(46)) - raft.server.storage.dir = [/home/runner/work/ozone/ozone/hadoop-ozone/integration-test/target/test-dir/MiniOzoneClusterImpl-0534e788-6c20-4d4d-bf72-3ffae63fff50/scmNode-1/scm-ha] (custom)
2023-03-09 15:02:22,949 [pool-1229-thread-1] INFO  server.RaftServerConfigKeys (ConfUtils.java:logGet(46)) - raft.server.log.corruption.policy = EXCEPTION (default)
2023-03-09 15:02:22,949 [pool-1229-thread-1] INFO  server.RaftServerConfigKeys (ConfUtils.java:logGet(46)) - raft.server.storage.free-space.min = 0MB (=0) (default)
2023-03-09 15:02:22,949 [pool-1229-thread-1] INFO  server.RaftServerConfigKeys (ConfUtils.java:logGet(46)) - raft.server.notification.no-leader.timeout = 60s (default)
2023-03-09 15:02:22,949 [pool-1229-thread-1] INFO  server.RaftServerConfigKeys (ConfUtils.java:logGet(46)) - raft.server.retrycache.expirytime = 60000ms (default)
2023-03-09 15:02:22,949 [pool-1229-thread-1] INFO  server.RaftServerConfigKeys (ConfUtils.java:logGet(46)) - raft.server.retrycache.statistics.expirytime = 100μs (default)
2023-03-09 15:02:22,950 [pool-1229-thread-1] INFO  server.RaftServerConfigKeys (ConfUtils.java:logGet(46)) - raft.server.log.appender.install.snapshot.enabled = false (custom)
2023-03-09 15:02:22,950 [pool-1229-thread-1] INFO  server.RaftServerConfigKeys (ConfUtils.java:logGet(46)) - raft.server.threadpool.server.cached = true (default)
2023-03-09 15:02:22,950 [pool-1229-thread-1] INFO  server.RaftServerConfigKeys (ConfUtils.java:logGet(46)) - raft.server.threadpool.server.size = 0 (default)
2023-03-09 15:02:22,950 [pool-1229-thread-1] INFO  server.RaftServerConfigKeys (ConfUtils.java:logGet(46)) - raft.server.threadpool.client.cached = true (default)
2023-03-09 15:02:22,950 [pool-1229-thread-1] INFO  server.RaftServerConfigKeys (ConfUtils.java:logGet(46)) - raft.server.threadpool.client.size = 0 (default)
2023-03-09 15:02:22,950 [78133a0d-b1a6-42b2-bde2-9d54c1b1446c-impl-thread1] INFO  storage.RaftStorageDirectory (RaftStorageDirectoryImpl.java:analyzeStorage(137)) - The storage directory /home/runner/work/ozone/ozone/hadoop-ozone/integration-test/target/test-dir/MiniOzoneClusterImpl-0534e788-6c20-4d4d-bf72-3ffae63fff50/scmNode-1/scm-ha/0534e788-6c20-4d4d-bf72-3ffae63fff50 does not exist. Creating ...
2023-03-09 15:02:22,952 [78133a0d-b1a6-42b2-bde2-9d54c1b1446c-impl-thread1] INFO  storage.RaftStorageDirectory (RaftStorageDirectoryImpl.java:tryLock(231)) - Lock on /home/runner/work/ozone/ozone/hadoop-ozone/integration-test/target/test-dir/MiniOzoneClusterImpl-0534e788-6c20-4d4d-bf72-3ffae63fff50/scmNode-1/scm-ha/0534e788-6c20-4d4d-bf72-3ffae63fff50/in_use.lock acquired by nodename 57158@fv-az377-502
2023-03-09 15:02:22,953 [78133a0d-b1a6-42b2-bde2-9d54c1b1446c-impl-thread1] INFO  storage.RaftStorage (RaftStorageImpl.java:format(96)) - Storage directory /home/runner/work/ozone/ozone/hadoop-ozone/integration-test/target/test-dir/MiniOzoneClusterImpl-0534e788-6c20-4d4d-bf72-3ffae63fff50/scmNode-1/scm-ha/0534e788-6c20-4d4d-bf72-3ffae63fff50 has been successfully formatted.
2023-03-09 15:02:22,954 [78133a0d-b1a6-42b2-bde2-9d54c1b1446c-impl-thread1] INFO  server.RaftServerConfigKeys (ConfUtils.java:logGet(46)) - raft.server.log.use.memory = false (default)
2023-03-09 15:02:22,954 [78133a0d-b1a6-42b2-bde2-9d54c1b1446c-impl-thread1] INFO  server.RaftServerConfigKeys (ConfUtils.java:logGet(46)) - raft.server.log.purge.gap = 1000000 (custom)
2023-03-09 15:02:22,954 [78133a0d-b1a6-42b2-bde2-9d54c1b1446c-impl-thread1] INFO  server.RaftServerConfigKeys (ConfUtils.java:logGet(46)) - raft.server.log.appender.buffer.byte-limit = 33554432 (custom)
2023-03-09 15:02:22,954 [78133a0d-b1a6-42b2-bde2-9d54c1b1446c-impl-thread1] INFO  server.RaftServerConfigKeys (ConfUtils.java:logGet(46)) - raft.server.log.statemachine.data.read.timeout = 1000ms (default)
2023-03-09 15:02:22,954 [78133a0d-b1a6-42b2-bde2-9d54c1b1446c-impl-thread1] INFO  server.RaftServerConfigKeys (ConfUtils.java:logGet(46)) - raft.server.log.purge.preservation.log.num = 0 (default)
2023-03-09 15:02:22,954 [78133a0d-b1a6-42b2-bde2-9d54c1b1446c-impl-thread1] INFO  server.RaftServerConfigKeys (ConfUtils.java:logGet(46)) - raft.server.log.segment.size.max = 4194304 (custom)
2023-03-09 15:02:22,954 [78133a0d-b1a6-42b2-bde2-9d54c1b1446c-impl-thread1] INFO  server.RaftServerConfigKeys (ConfUtils.java:logGet(46)) - raft.server.log.segment.cache.num.max = 2 (custom)
2023-03-09 15:02:22,954 [78133a0d-b1a6-42b2-bde2-9d54c1b1446c-impl-thread1] INFO  server.RaftServerConfigKeys (ConfUtils.java:logGet(46)) - raft.server.log.segment.cache.size.max = 200MB (=209715200) (default)
2023-03-09 15:02:22,954 [78133a0d-b1a6-42b2-bde2-9d54c1b1446c-impl-thread1] INFO  segmented.SegmentedRaftLogWorker (SegmentedRaftLogWorker.java:<init>(189)) - new 78133a0d-b1a6-42b2-bde2-9d54c1b1446c@group-3FFAE63FFF50-SegmentedRaftLogWorker for RaftStorageImpl:Storage Directory /home/runner/work/ozone/ozone/hadoop-ozone/integration-test/target/test-dir/MiniOzoneClusterImpl-0534e788-6c20-4d4d-bf72-3ffae63fff50/scmNode-1/scm-ha/0534e788-6c20-4d4d-bf72-3ffae63fff50
2023-03-09 15:02:22,954 [78133a0d-b1a6-42b2-bde2-9d54c1b1446c-impl-thread1] INFO  server.RaftServerConfigKeys (ConfUtils.java:logGet(46)) - raft.server.log.queue.byte-limit = 64MB (=67108864) (default)
2023-03-09 15:02:22,954 [78133a0d-b1a6-42b2-bde2-9d54c1b1446c-impl-thread1] INFO  server.RaftServerConfigKeys (ConfUtils.java:logGet(46)) - raft.server.log.queue.element-limit = 4096 (default)
2023-03-09 15:02:22,954 [78133a0d-b1a6-42b2-bde2-9d54c1b1446c-impl-thread1] INFO  server.RaftServerConfigKeys (ConfUtils.java:logGet(46)) - raft.server.log.segment.size.max = 4194304 (custom)
2023-03-09 15:02:22,954 [78133a0d-b1a6-42b2-bde2-9d54c1b1446c-impl-thread1] INFO  server.RaftServerConfigKeys (ConfUtils.java:logGet(46)) - raft.server.log.preallocated.size = 4194304 (custom)
2023-03-09 15:02:22,954 [78133a0d-b1a6-42b2-bde2-9d54c1b1446c-impl-thread1] INFO  server.RaftServerConfigKeys (ConfUtils.java:logGet(46)) - raft.server.log.force.sync.num = 128 (default)
2023-03-09 15:02:22,954 [78133a0d-b1a6-42b2-bde2-9d54c1b1446c-impl-thread1] INFO  server.RaftServerConfigKeys (ConfUtils.java:logGet(46)) - raft.server.log.statemachine.data.sync = true (default)
2023-03-09 15:02:22,955 [78133a0d-b1a6-42b2-bde2-9d54c1b1446c-impl-thread1] INFO  server.RaftServerConfigKeys (ConfUtils.java:logGet(46)) - raft.server.log.statemachine.data.sync.timeout = 10s (default)
2023-03-09 15:02:22,955 [78133a0d-b1a6-42b2-bde2-9d54c1b1446c-impl-thread1] INFO  server.RaftServerConfigKeys (ConfUtils.java:logGet(46)) - raft.server.log.statemachine.data.sync.timeout.retry = -1 (default)
2023-03-09 15:02:22,955 [78133a0d-b1a6-42b2-bde2-9d54c1b1446c-impl-thread1] INFO  server.RaftServerConfigKeys (ConfUtils.java:logGet(46)) - raft.server.log.write.buffer.size = 64KB (=65536) (default)
2023-03-09 15:02:22,955 [78133a0d-b1a6-42b2-bde2-9d54c1b1446c-impl-thread1] INFO  server.RaftServerConfigKeys (ConfUtils.java:logGet(46)) - raft.server.log.appender.buffer.byte-limit = 33554432 (custom)
2023-03-09 15:02:22,961 [78133a0d-b1a6-42b2-bde2-9d54c1b1446c-impl-thread1] INFO  server.RaftServerConfigKeys (ConfUtils.java:logGet(46)) - raft.server.log.unsafe-flush.enabled = false (default)
2023-03-09 15:02:22,961 [78133a0d-b1a6-42b2-bde2-9d54c1b1446c-impl-thread1] INFO  server.RaftServerConfigKeys (ConfUtils.java:logGet(46)) - raft.server.log.async-flush.enabled = false (default)
2023-03-09 15:02:22,961 [78133a0d-b1a6-42b2-bde2-9d54c1b1446c-impl-thread1] INFO  server.RaftServerConfigKeys (ConfUtils.java:logGet(46)) - raft.server.log.statemachine.data.caching.enabled = false (default)
2023-03-09 15:02:22,961 [78133a0d-b1a6-42b2-bde2-9d54c1b1446c-impl-thread1] INFO  segmented.SegmentedRaftLogWorker (SegmentedRaftLogWorker.java:lambda$new$0(135)) - 78133a0d-b1a6-42b2-bde2-9d54c1b1446c@group-3FFAE63FFF50-SegmentedRaftLogWorker: flushIndex: setUnconditionally 0 -> -1
2023-03-09 15:02:22,961 [78133a0d-b1a6-42b2-bde2-9d54c1b1446c-impl-thread1] INFO  segmented.SegmentedRaftLogWorker (SegmentedRaftLogWorker.java:lambda$new$0(135)) - 78133a0d-b1a6-42b2-bde2-9d54c1b1446c@group-3FFAE63FFF50-SegmentedRaftLogWorker: safeCacheEvictIndex: setUnconditionally 0 -> -1
2023-03-09 15:02:22,962 [78133a0d-b1a6-42b2-bde2-9d54c1b1446c-impl-thread1] INFO  server.RaftServer$Division (RaftServerImpl.java:start(334)) - 78133a0d-b1a6-42b2-bde2-9d54c1b1446c@group-3FFAE63FFF50: start as a follower, conf=-1: peers:[78133a0d-b1a6-42b2-bde2-9d54c1b1446c|rpc:localhost:36295|priority:0|startupRole:FOLLOWER]|listeners:[], old=null
2023-03-09 15:02:22,962 [78133a0d-b1a6-42b2-bde2-9d54c1b1446c-impl-thread1] INFO  server.RaftServer$Division (RaftServerImpl.java:setRole(321)) - 78133a0d-b1a6-42b2-bde2-9d54c1b1446c@group-3FFAE63FFF50: changes role from      null to FOLLOWER at term 0 for startAsFollower
2023-03-09 15:02:22,962 [78133a0d-b1a6-42b2-bde2-9d54c1b1446c-impl-thread1] INFO  impl.RoleInfo (RoleInfo.java:updateAndGet(139)) - 78133a0d-b1a6-42b2-bde2-9d54c1b1446c: start 78133a0d-b1a6-42b2-bde2-9d54c1b1446c@group-3FFAE63FFF50-FollowerState
2023-03-09 15:02:22,962 [78133a0d-b1a6-42b2-bde2-9d54c1b1446c@group-3FFAE63FFF50-FollowerState] INFO  server.RaftServerConfigKeys (ConfUtils.java:logFallback(53)) - raft.server.rpc.first-election.timeout.min = 5000ms (fallback to raft.server.rpc.timeout.min)
2023-03-09 15:02:22,962 [78133a0d-b1a6-42b2-bde2-9d54c1b1446c-impl-thread1] INFO  util.JmxRegister (JmxRegister.java:tryRegister(44)) - Successfully registered JMX Bean with object name Ratis:service=RaftServer,group=group-3FFAE63FFF50,id=78133a0d-b1a6-42b2-bde2-9d54c1b1446c
2023-03-09 15:02:22,962 [78133a0d-b1a6-42b2-bde2-9d54c1b1446c@group-3FFAE63FFF50-FollowerState] INFO  server.RaftServerConfigKeys (ConfUtils.java:logFallback(53)) - raft.server.rpc.first-election.timeout.max = 5200ms (fallback to raft.server.rpc.timeout.max)
2023-03-09 15:02:22,962 [78133a0d-b1a6-42b2-bde2-9d54c1b1446c-impl-thread1] INFO  server.RaftServerConfigKeys (ConfUtils.java:logGet(46)) - raft.server.snapshot.auto.trigger.enabled = true (custom)
2023-03-09 15:02:22,962 [78133a0d-b1a6-42b2-bde2-9d54c1b1446c-impl-thread1] INFO  server.RaftServerConfigKeys (ConfUtils.java:logGet(46)) - raft.server.snapshot.auto.trigger.threshold = 1000 (custom)
2023-03-09 15:02:22,962 [78133a0d-b1a6-42b2-bde2-9d54c1b1446c-impl-thread1] INFO  server.RaftServerConfigKeys (ConfUtils.java:logGet(46)) - raft.server.snapshot.retention.file.num = -1 (default)
2023-03-09 15:02:22,962 [78133a0d-b1a6-42b2-bde2-9d54c1b1446c-impl-thread1] INFO  server.RaftServerConfigKeys (ConfUtils.java:logGet(46)) - raft.server.log.purge.upto.snapshot.index = false (default)
2023-03-09 15:02:22,963 [Listener at 127.0.0.1/43559] INFO  server.RaftServer (RaftServerProxy.java:startImpl(393)) - 78133a0d-b1a6-42b2-bde2-9d54c1b1446c: start RPC server
2023-03-09 15:02:22,966 [Listener at 127.0.0.1/43559] INFO  server.GrpcService (GrpcService.java:startImpl(262)) - 78133a0d-b1a6-42b2-bde2-9d54c1b1446c: GrpcService started, listening on 36295
2023-03-09 15:02:22,966 [JvmPauseMonitor43] INFO  util.JvmPauseMonitor (JvmPauseMonitor.java:run(105)) - JvmPauseMonitor-78133a0d-b1a6-42b2-bde2-9d54c1b1446c: Started
2023-03-09 15:02:23,066 [EndpointStateMachine task thread for /127.0.0.1:35467 - 0 ] INFO  ipc.Client (Client.java:handleConnectionFailure(1010)) - Retrying connect to server: localhost/127.0.0.1:35467. Already tried 13 time(s); retry policy is RetryUpToMaximumCountWithFixedSleep(maxRetries=15, sleepTime=1000 MILLISECONDS)
2023-03-09 15:02:23,715 [EndpointStateMachine task thread for /127.0.0.1:33275 - 0 ] INFO  ipc.Client (Client.java:handleConnectionFailure(1010)) - Retrying connect to server: localhost/127.0.0.1:33275. Already tried 5 time(s); retry policy is RetryUpToMaximumCountWithFixedSleep(maxRetries=15, sleepTime=1000 MILLISECONDS)
2023-03-09 15:02:24,066 [EndpointStateMachine task thread for /127.0.0.1:35467 - 0 ] INFO  ipc.Client (Client.java:handleConnectionFailure(1010)) - Retrying connect to server: localhost/127.0.0.1:35467. Already tried 14 time(s); retry policy is RetryUpToMaximumCountWithFixedSleep(maxRetries=15, sleepTime=1000 MILLISECONDS)
2023-03-09 15:02:24,716 [EndpointStateMachine task thread for /127.0.0.1:33275 - 0 ] INFO  ipc.Client (Client.java:handleConnectionFailure(1010)) - Retrying connect to server: localhost/127.0.0.1:33275. Already tried 6 time(s); retry policy is RetryUpToMaximumCountWithFixedSleep(maxRetries=15, sleepTime=1000 MILLISECONDS)
2023-03-09 15:02:25,068 [EndpointStateMachine task thread for /127.0.0.1:35467 - 0 ] INFO  ipc.Client (Client.java:handleConnectionFailure(1010)) - Retrying connect to server: localhost/127.0.0.1:35467. Already tried 0 time(s); retry policy is RetryUpToMaximumCountWithFixedSleep(maxRetries=15, sleepTime=1000 MILLISECONDS)
2023-03-09 15:02:25,717 [EndpointStateMachine task thread for /127.0.0.1:33275 - 0 ] INFO  ipc.Client (Client.java:handleConnectionFailure(1010)) - Retrying connect to server: localhost/127.0.0.1:33275. Already tried 7 time(s); retry policy is RetryUpToMaximumCountWithFixedSleep(maxRetries=15, sleepTime=1000 MILLISECONDS)
2023-03-09 15:02:26,069 [EndpointStateMachine task thread for /127.0.0.1:35467 - 0 ] INFO  ipc.Client (Client.java:handleConnectionFailure(1010)) - Retrying connect to server: localhost/127.0.0.1:35467. Already tried 1 time(s); retry policy is RetryUpToMaximumCountWithFixedSleep(maxRetries=15, sleepTime=1000 MILLISECONDS)
2023-03-09 15:02:26,718 [EndpointStateMachine task thread for /127.0.0.1:33275 - 0 ] INFO  ipc.Client (Client.java:handleConnectionFailure(1010)) - Retrying connect to server: localhost/127.0.0.1:33275. Already tried 8 time(s); retry policy is RetryUpToMaximumCountWithFixedSleep(maxRetries=15, sleepTime=1000 MILLISECONDS)
2023-03-09 15:02:27,070 [EndpointStateMachine task thread for /127.0.0.1:35467 - 0 ] INFO  ipc.Client (Client.java:handleConnectionFailure(1010)) - Retrying connect to server: localhost/127.0.0.1:35467. Already tried 2 time(s); retry policy is RetryUpToMaximumCountWithFixedSleep(maxRetries=15, sleepTime=1000 MILLISECONDS)
2023-03-09 15:02:27,719 [EndpointStateMachine task thread for /127.0.0.1:33275 - 0 ] INFO  ipc.Client (Client.java:handleConnectionFailure(1010)) - Retrying connect to server: localhost/127.0.0.1:33275. Already tried 9 time(s); retry policy is RetryUpToMaximumCountWithFixedSleep(maxRetries=15, sleepTime=1000 MILLISECONDS)
2023-03-09 15:02:28,043 [78133a0d-b1a6-42b2-bde2-9d54c1b1446c@group-3FFAE63FFF50-FollowerState] INFO  impl.FollowerState (FollowerState.java:run(143)) - 78133a0d-b1a6-42b2-bde2-9d54c1b1446c@group-3FFAE63FFF50-FollowerState: change to CANDIDATE, lastRpcElapsedTime:5081593675ns, electionTimeout:5081ms
2023-03-09 15:02:28,044 [78133a0d-b1a6-42b2-bde2-9d54c1b1446c@group-3FFAE63FFF50-FollowerState] INFO  impl.RoleInfo (RoleInfo.java:shutdownFollowerState(110)) - 78133a0d-b1a6-42b2-bde2-9d54c1b1446c: shutdown 78133a0d-b1a6-42b2-bde2-9d54c1b1446c@group-3FFAE63FFF50-FollowerState
2023-03-09 15:02:28,044 [78133a0d-b1a6-42b2-bde2-9d54c1b1446c@group-3FFAE63FFF50-FollowerState] INFO  server.RaftServer$Division (RaftServerImpl.java:setRole(321)) - 78133a0d-b1a6-42b2-bde2-9d54c1b1446c@group-3FFAE63FFF50: changes role from  FOLLOWER to CANDIDATE at term 0 for changeToCandidate
2023-03-09 15:02:28,044 [78133a0d-b1a6-42b2-bde2-9d54c1b1446c@group-3FFAE63FFF50-FollowerState] INFO  server.RaftServerConfigKeys (ConfUtils.java:logGet(46)) - raft.server.leaderelection.pre-vote = true (default)
2023-03-09 15:02:28,044 [78133a0d-b1a6-42b2-bde2-9d54c1b1446c@group-3FFAE63FFF50-FollowerState] INFO  impl.RoleInfo (RoleInfo.java:updateAndGet(139)) - 78133a0d-b1a6-42b2-bde2-9d54c1b1446c: start 78133a0d-b1a6-42b2-bde2-9d54c1b1446c@group-3FFAE63FFF50-LeaderElection62
2023-03-09 15:02:28,047 [78133a0d-b1a6-42b2-bde2-9d54c1b1446c@group-3FFAE63FFF50-LeaderElection62] INFO  impl.LeaderElection (LeaderElection.java:askForVotes(312)) - 78133a0d-b1a6-42b2-bde2-9d54c1b1446c@group-3FFAE63FFF50-LeaderElection62 PRE_VOTE round 0: submit vote requests at term 0 for -1: peers:[78133a0d-b1a6-42b2-bde2-9d54c1b1446c|rpc:localhost:36295|priority:0|startupRole:FOLLOWER]|listeners:[], old=null
2023-03-09 15:02:28,047 [78133a0d-b1a6-42b2-bde2-9d54c1b1446c@group-3FFAE63FFF50-LeaderElection62] INFO  impl.LeaderElection (LeaderElection.java:askForVotes(314)) - 78133a0d-b1a6-42b2-bde2-9d54c1b1446c@group-3FFAE63FFF50-LeaderElection62 PRE_VOTE round 0: result PASSED (term=0)
2023-03-09 15:02:28,049 [78133a0d-b1a6-42b2-bde2-9d54c1b1446c@group-3FFAE63FFF50-LeaderElection62] INFO  impl.LeaderElection (LeaderElection.java:askForVotes(312)) - 78133a0d-b1a6-42b2-bde2-9d54c1b1446c@group-3FFAE63FFF50-LeaderElection62 ELECTION round 0: submit vote requests at term 1 for -1: peers:[78133a0d-b1a6-42b2-bde2-9d54c1b1446c|rpc:localhost:36295|priority:0|startupRole:FOLLOWER]|listeners:[], old=null
2023-03-09 15:02:28,049 [78133a0d-b1a6-42b2-bde2-9d54c1b1446c@group-3FFAE63FFF50-LeaderElection62] INFO  impl.LeaderElection (LeaderElection.java:askForVotes(314)) - 78133a0d-b1a6-42b2-bde2-9d54c1b1446c@group-3FFAE63FFF50-LeaderElection62 ELECTION round 0: result PASSED (term=1)
2023-03-09 15:02:28,049 [78133a0d-b1a6-42b2-bde2-9d54c1b1446c@group-3FFAE63FFF50-LeaderElection62] INFO  impl.RoleInfo (RoleInfo.java:shutdownLeaderElection(130)) - 78133a0d-b1a6-42b2-bde2-9d54c1b1446c: shutdown 78133a0d-b1a6-42b2-bde2-9d54c1b1446c@group-3FFAE63FFF50-LeaderElection62
2023-03-09 15:02:28,049 [78133a0d-b1a6-42b2-bde2-9d54c1b1446c@group-3FFAE63FFF50-LeaderElection62] INFO  server.RaftServer$Division (RaftServerImpl.java:setRole(321)) - 78133a0d-b1a6-42b2-bde2-9d54c1b1446c@group-3FFAE63FFF50: changes role from CANDIDATE to LEADER at term 1 for changeToLeader
2023-03-09 15:02:28,049 [78133a0d-b1a6-42b2-bde2-9d54c1b1446c@group-3FFAE63FFF50-LeaderElection62] INFO  server.RaftServer$Division (ServerState.java:setLeader(313)) - 78133a0d-b1a6-42b2-bde2-9d54c1b1446c@group-3FFAE63FFF50: change Leader from null to 78133a0d-b1a6-42b2-bde2-9d54c1b1446c at term 1 for becomeLeader, leader elected after 5100ms
2023-03-09 15:02:28,049 [78133a0d-b1a6-42b2-bde2-9d54c1b1446c@group-3FFAE63FFF50-LeaderElection62] INFO  server.RaftServerConfigKeys (ConfUtils.java:logGet(46)) - raft.server.staging.catchup.gap = 1000 (default)
2023-03-09 15:02:28,049 [78133a0d-b1a6-42b2-bde2-9d54c1b1446c@group-3FFAE63FFF50-LeaderElection62] INFO  server.RaftServerConfigKeys (ConfUtils.java:logGet(46)) - raft.server.write.element-limit = 4096 (default)
2023-03-09 15:02:28,049 [78133a0d-b1a6-42b2-bde2-9d54c1b1446c@group-3FFAE63FFF50-LeaderElection62] INFO  server.RaftServerConfigKeys (ConfUtils.java:logGet(46)) - raft.server.write.byte-limit = 64MB (=67108864) (default)
2023-03-09 15:02:28,050 [78133a0d-b1a6-42b2-bde2-9d54c1b1446c@group-3FFAE63FFF50-LeaderElection62] INFO  server.RaftServerConfigKeys (ConfUtils.java:logGet(46)) - raft.server.watch.timeout = 10s (default)
2023-03-09 15:02:28,050 [78133a0d-b1a6-42b2-bde2-9d54c1b1446c@group-3FFAE63FFF50-LeaderElection62] INFO  server.RaftServerConfigKeys (ConfUtils.java:logGet(46)) - raft.server.watch.timeout.denomination = 1s (default)
2023-03-09 15:02:28,050 [78133a0d-b1a6-42b2-bde2-9d54c1b1446c@group-3FFAE63FFF50-LeaderElection62] INFO  server.RaftServerConfigKeys (ConfUtils.java:logGet(46)) - raft.server.watch.element-limit = 65536 (default)
2023-03-09 15:02:28,050 [78133a0d-b1a6-42b2-bde2-9d54c1b1446c@group-3FFAE63FFF50-LeaderElection62] INFO  server.RaftServerConfigKeys (ConfUtils.java:logGet(46)) - raft.server.write.element-limit = 4096 (default)
2023-03-09 15:02:28,050 [78133a0d-b1a6-42b2-bde2-9d54c1b1446c@group-3FFAE63FFF50-LeaderElection62] INFO  server.RaftServerConfigKeys (ConfUtils.java:logGet(46)) - raft.server.write.follower.gap.ratio.max = -1.0 (default)
2023-03-09 15:02:28,050 [78133a0d-b1a6-42b2-bde2-9d54c1b1446c@group-3FFAE63FFF50-LeaderElection62] INFO  impl.RoleInfo (RoleInfo.java:updateAndGet(139)) - 78133a0d-b1a6-42b2-bde2-9d54c1b1446c: start 78133a0d-b1a6-42b2-bde2-9d54c1b1446c@group-3FFAE63FFF50-LeaderStateImpl
2023-03-09 15:02:28,050 [78133a0d-b1a6-42b2-bde2-9d54c1b1446c@group-3FFAE63FFF50-LeaderElection62] INFO  segmented.SegmentedRaftLogWorker (SegmentedRaftLogWorker.java:startLogSegment(452)) - 78133a0d-b1a6-42b2-bde2-9d54c1b1446c@group-3FFAE63FFF50-SegmentedRaftLogWorker: Starting segment from index:0
2023-03-09 15:02:28,054 [78133a0d-b1a6-42b2-bde2-9d54c1b1446c@group-3FFAE63FFF50-LeaderElection62] INFO  server.RaftServer$Division (ServerState.java:setRaftConf(430)) - 78133a0d-b1a6-42b2-bde2-9d54c1b1446c@group-3FFAE63FFF50: set configuration 0: peers:[78133a0d-b1a6-42b2-bde2-9d54c1b1446c|rpc:localhost:36295|admin:|client:|dataStream:|priority:0|startupRole:FOLLOWER]|listeners:[], old=null
2023-03-09 15:02:28,071 [78133a0d-b1a6-42b2-bde2-9d54c1b1446c@group-3FFAE63FFF50-SegmentedRaftLogWorker] INFO  segmented.SegmentedRaftLogWorker (SegmentedRaftLogWorker.java:execute(656)) - 78133a0d-b1a6-42b2-bde2-9d54c1b1446c@group-3FFAE63FFF50-SegmentedRaftLogWorker: created new log segment /home/runner/work/ozone/ozone/hadoop-ozone/integration-test/target/test-dir/MiniOzoneClusterImpl-0534e788-6c20-4d4d-bf72-3ffae63fff50/scmNode-1/scm-ha/0534e788-6c20-4d4d-bf72-3ffae63fff50/current/log_inprogress_0
2023-03-09 15:02:28,071 [EndpointStateMachine task thread for /127.0.0.1:35467 - 0 ] INFO  ipc.Client (Client.java:handleConnectionFailure(1010)) - Retrying connect to server: localhost/127.0.0.1:35467. Already tried 3 time(s); retry policy is RetryUpToMaximumCountWithFixedSleep(maxRetries=15, sleepTime=1000 MILLISECONDS)
2023-03-09 15:02:28,720 [EndpointStateMachine task thread for /127.0.0.1:33275 - 0 ] INFO  ipc.Client (Client.java:handleConnectionFailure(1010)) - Retrying connect to server: localhost/127.0.0.1:33275. Already tried 10 time(s); retry policy is RetryUpToMaximumCountWithFixedSleep(maxRetries=15, sleepTime=1000 MILLISECONDS)
2023-03-09 15:02:28,967 [Listener at 127.0.0.1/43559] INFO  server.RaftServer (RaftServerProxy.java:lambda$close$6(409)) - 78133a0d-b1a6-42b2-bde2-9d54c1b1446c: close
2023-03-09 15:02:28,967 [Listener at 127.0.0.1/43559] INFO  server.GrpcService (GrpcService.java:closeImpl(271)) - 78133a0d-b1a6-42b2-bde2-9d54c1b1446c: shutdown server GrpcServerProtocolService now
2023-03-09 15:02:28,967 [78133a0d-b1a6-42b2-bde2-9d54c1b1446c-impl-thread1] INFO  server.RaftServer$Division (RaftServerImpl.java:lambda$close$4(458)) - 78133a0d-b1a6-42b2-bde2-9d54c1b1446c@group-3FFAE63FFF50: shutdown
2023-03-09 15:02:28,967 [78133a0d-b1a6-42b2-bde2-9d54c1b1446c-impl-thread1] INFO  util.JmxRegister (JmxRegister.java:unregister(73)) - Successfully un-registered JMX Bean with object name Ratis:service=RaftServer,group=group-3FFAE63FFF50,id=78133a0d-b1a6-42b2-bde2-9d54c1b1446c
2023-03-09 15:02:28,967 [78133a0d-b1a6-42b2-bde2-9d54c1b1446c-impl-thread1] INFO  impl.RoleInfo (RoleInfo.java:shutdownLeaderState(93)) - 78133a0d-b1a6-42b2-bde2-9d54c1b1446c: shutdown 78133a0d-b1a6-42b2-bde2-9d54c1b1446c@group-3FFAE63FFF50-LeaderStateImpl
2023-03-09 15:02:28,967 [78133a0d-b1a6-42b2-bde2-9d54c1b1446c-impl-thread1] INFO  impl.PendingRequests (PendingRequests.java:sendNotLeaderResponses(282)) - 78133a0d-b1a6-42b2-bde2-9d54c1b1446c@group-3FFAE63FFF50-PendingRequests: sendNotLeaderResponses
2023-03-09 15:02:28,968 [Listener at 127.0.0.1/43559] INFO  server.GrpcService (GrpcService.java:closeImpl(280)) - 78133a0d-b1a6-42b2-bde2-9d54c1b1446c: shutdown server GrpcServerProtocolService successfully
2023-03-09 15:02:28,968 [78133a0d-b1a6-42b2-bde2-9d54c1b1446c-impl-thread1] INFO  impl.StateMachineUpdater (StateMachineUpdater.java:stopAndJoin(153)) - 78133a0d-b1a6-42b2-bde2-9d54c1b1446c@group-3FFAE63FFF50-StateMachineUpdater: set stopIndex = 0
2023-03-09 15:02:28,968 [78133a0d-b1a6-42b2-bde2-9d54c1b1446c@group-3FFAE63FFF50-StateMachineUpdater] INFO  impl.StateMachineUpdater (StateMachineUpdater.java:takeSnapshot(287)) - 78133a0d-b1a6-42b2-bde2-9d54c1b1446c@group-3FFAE63FFF50-StateMachineUpdater: Took a snapshot at index 0
2023-03-09 15:02:28,968 [78133a0d-b1a6-42b2-bde2-9d54c1b1446c@group-3FFAE63FFF50-StateMachineUpdater] INFO  impl.StateMachineUpdater (StateMachineUpdater.java:lambda$new$0(92)) - 78133a0d-b1a6-42b2-bde2-9d54c1b1446c@group-3FFAE63FFF50-StateMachineUpdater: snapshotIndex: updateIncreasingly -1 -> 0
2023-03-09 15:02:28,968 [78133a0d-b1a6-42b2-bde2-9d54c1b1446c-impl-thread1] INFO  server.RaftServer$Division (ServerState.java:close(466)) - 78133a0d-b1a6-42b2-bde2-9d54c1b1446c@group-3FFAE63FFF50: closes. applyIndex: 0
2023-03-09 15:02:28,968 [78133a0d-b1a6-42b2-bde2-9d54c1b1446c@group-3FFAE63FFF50-SegmentedRaftLogWorker] INFO  segmented.SegmentedRaftLogWorker (SegmentedRaftLogWorker.java:run(347)) - 78133a0d-b1a6-42b2-bde2-9d54c1b1446c@group-3FFAE63FFF50-SegmentedRaftLogWorker was interrupted, exiting. There are 0 tasks remaining in the queue.
2023-03-09 15:02:28,971 [78133a0d-b1a6-42b2-bde2-9d54c1b1446c-impl-thread1] INFO  segmented.SegmentedRaftLogWorker (SegmentedRaftLogWorker.java:close(257)) - 78133a0d-b1a6-42b2-bde2-9d54c1b1446c@group-3FFAE63FFF50-SegmentedRaftLogWorker close()
2023-03-09 15:02:28,971 [JvmPauseMonitor43] INFO  util.JvmPauseMonitor (JvmPauseMonitor.java:run(111)) - JvmPauseMonitor-78133a0d-b1a6-42b2-bde2-9d54c1b1446c: Stopped
2023-03-09 15:02:28,971 [Listener at 127.0.0.1/43559] WARN  server.ServerUtils (ServerUtils.java:getScmDbDir(148)) - ozone.scm.db.dirs is not configured. We recommend adding this setting. Falling back to ozone.metadata.dirs instead.
2023-03-09 15:02:28,973 [Listener at 127.0.0.1/43559] INFO  server.StorageContainerManager (StorageContainerManager.java:scmInit(1244)) - SCM initialization succeeded. Current cluster id for sd=/home/runner/work/ozone/ozone/hadoop-ozone/integration-test/target/test-dir/MiniOzoneClusterImpl-0534e788-6c20-4d4d-bf72-3ffae63fff50/scmNode-1/scm; cid=0534e788-6c20-4d4d-bf72-3ffae63fff50; layoutVersion=4; scmId=78133a0d-b1a6-42b2-bde2-9d54c1b1446c
2023-03-09 15:02:28,973 [Listener at 127.0.0.1/43559] WARN  server.ServerUtils (ServerUtils.java:getScmDbDir(148)) - ozone.scm.db.dirs is not configured. We recommend adding this setting. Falling back to ozone.metadata.dirs instead.
2023-03-09 15:02:28,973 [Listener at 127.0.0.1/43559] INFO  ha.SCMHANodeDetails (SCMHANodeDetails.java:loadSCMHAConfig(209)) - ServiceID for StorageContainerManager is scmServiceId
2023-03-09 15:02:28,973 [Listener at 127.0.0.1/43559] INFO  ha.SCMHANodeDetails (SCMHANodeDetails.java:loadSCMHAConfig(220)) - ServiceID for StorageContainerManager is scmServiceId
2023-03-09 15:02:28,974 [Listener at 127.0.0.1/43559] INFO  ha.SCMHANodeDetails (SCMHANodeDetails.java:loadSCMHAConfig(307)) - Found matching SCM address with SCMServiceId: scmServiceId, SCMNodeId: scmNode-1, RPC Address: localhost:36295 and Ratis port: 36295
2023-03-09 15:02:28,974 [Listener at 127.0.0.1/43559] INFO  ha.SCMHANodeDetails (ConfUtils.java:setNodeSpecificConfigs(97)) - Setting configuration key ozone.scm.datanode.address with value of key ozone.scm.datanode.address.scmServiceId.scmNode-1: 127.0.0.1:35345
2023-03-09 15:02:28,974 [Listener at 127.0.0.1/43559] INFO  ha.SCMHANodeDetails (ConfUtils.java:setNodeSpecificConfigs(97)) - Setting configuration key ozone.scm.block.client.address with value of key ozone.scm.block.client.address.scmServiceId.scmNode-1: 127.0.0.1:42359
2023-03-09 15:02:28,974 [Listener at 127.0.0.1/43559] INFO  ha.SCMHANodeDetails (ConfUtils.java:setNodeSpecificConfigs(97)) - Setting configuration key ozone.scm.client.address with value of key ozone.scm.client.address.scmServiceId.scmNode-1: 127.0.0.1:35817
2023-03-09 15:02:28,974 [Listener at 127.0.0.1/43559] INFO  ha.SCMHANodeDetails (ConfUtils.java:setNodeSpecificConfigs(97)) - Setting configuration key ozone.scm.ratis.port with value of key ozone.scm.ratis.port.scmServiceId.scmNode-1: 36295
2023-03-09 15:02:28,974 [Listener at 127.0.0.1/43559] INFO  ha.SCMHANodeDetails (ConfUtils.java:setNodeSpecificConfigs(97)) - Setting configuration key ozone.scm.grpc.port with value of key ozone.scm.grpc.port.scmServiceId.scmNode-1: 35129
2023-03-09 15:02:28,974 [Listener at 127.0.0.1/43559] INFO  ha.SCMHANodeDetails (ConfUtils.java:setNodeSpecificConfigs(97)) - Setting configuration key ozone.scm.http-address with value of key ozone.scm.http-address.scmServiceId.scmNode-1: 127.0.0.1:32951
2023-03-09 15:02:28,975 [Listener at 127.0.0.1/43559] INFO  ha.SCMHANodeDetails (ConfUtils.java:setNodeSpecificConfigs(97)) - Setting configuration key ozone.scm.https-address with value of key ozone.scm.https-address.scmServiceId.scmNode-1: 127.0.0.1:37771
2023-03-09 15:02:28,975 [Listener at 127.0.0.1/43559] INFO  ha.SCMHANodeDetails (ConfUtils.java:setNodeSpecificConfigs(97)) - Setting configuration key ozone.scm.address with value of key ozone.scm.address.scmServiceId.scmNode-1: 127.0.0.1
2023-03-09 15:02:28,975 [Listener at 127.0.0.1/43559] WARN  scm.ScmUtils (ScmUtils.java:logWarn(190)) - ConfigKey ozone.scm.block.client.address is deprecated, For configuring different ports for each SCM use PortConfigKey ozone.scm.block.client.port appended with serviceId and nodeId. If want to configure same port configure ozone.scm.block.client.port
2023-03-09 15:02:28,975 [Listener at 127.0.0.1/43559] WARN  scm.ScmUtils (ScmUtils.java:logWarn(190)) - ConfigKey ozone.scm.client.address is deprecated, For configuring different ports for each SCM use PortConfigKey ozone.scm.client.port appended with serviceId and nodeId. If want to configure same port configure ozone.scm.client.port
2023-03-09 15:02:28,975 [Listener at 127.0.0.1/43559] WARN  scm.ScmUtils (ScmUtils.java:logWarn(190)) - ConfigKey ozone.scm.datanode.address is deprecated, For configuring different ports for each SCM use PortConfigKey ozone.scm.datanode.port appended with serviceId and nodeId. If want to configure same port configure ozone.scm.datanode.port
2023-03-09 15:02:28,975 [Listener at 127.0.0.1/43559] WARN  utils.HAUtils (HAUtils.java:getMetaDir(342)) - ozone.scm.db.dirs is not configured. We recommend adding this setting. Falling back to ozone.metadata.dirs instead.
2023-03-09 15:02:28,976 [Listener at 127.0.0.1/43559] WARN  db.DBStoreBuilder (DBStoreBuilder.java:applyDBDefinition(172)) - ozone.scm.db.dirs is not configured. We recommend adding this setting. Falling back to ozone.metadata.dirs instead.
2023-03-09 15:02:29,072 [EndpointStateMachine task thread for /127.0.0.1:35467 - 0 ] INFO  ipc.Client (Client.java:handleConnectionFailure(1010)) - Retrying connect to server: localhost/127.0.0.1:35467. Already tried 4 time(s); retry policy is RetryUpToMaximumCountWithFixedSleep(maxRetries=15, sleepTime=1000 MILLISECONDS)
2023-03-09 15:02:29,105 [Listener at 127.0.0.1/43559] INFO  net.NodeSchemaLoader (NodeSchemaLoader.java:loadSchemaFromFile(129)) - Loading schema from [jar:file:/home/runner/.m2/repository/org/apache/ozone/hdds-common/1.4.0-SNAPSHOT/hdds-common-1.4.0-SNAPSHOT.jar!/network-topology-default.xml]
2023-03-09 15:02:29,105 [Listener at 127.0.0.1/43559] INFO  net.NodeSchemaLoader (NodeSchemaLoader.java:loadSchema(176)) - Loading network topology layer schema file
2023-03-09 15:02:29,110 [Listener at 127.0.0.1/43559] INFO  ha.SCMRatisServerImpl (SCMRatisServerImpl.java:<init>(87)) - starting Raft server for scm:78133a0d-b1a6-42b2-bde2-9d54c1b1446c
2023-03-09 15:02:29,110 [Listener at 127.0.0.1/43559] INFO  server.RaftServer (ConfUtils.java:logGet(46)) - raft.rpc.type = GRPC (default)
2023-03-09 15:02:29,110 [Listener at 127.0.0.1/43559] INFO  grpc.GrpcConfigKeys (ConfUtils.java:logFallback(53)) - raft.grpc.admin.host = null (fallback to raft.grpc.server.host)
2023-03-09 15:02:29,111 [Listener at 127.0.0.1/43559] INFO  grpc.GrpcConfigKeys (ConfUtils.java:logFallback(53)) - raft.grpc.admin.port = 36295 (fallback to raft.grpc.server.port)
2023-03-09 15:02:29,111 [Listener at 127.0.0.1/43559] INFO  grpc.GrpcConfigKeys (ConfUtils.java:logFallback(53)) - raft.grpc.client.host = null (fallback to raft.grpc.server.host)
2023-03-09 15:02:29,111 [Listener at 127.0.0.1/43559] INFO  grpc.GrpcConfigKeys (ConfUtils.java:logFallback(53)) - raft.grpc.client.port = 36295 (fallback to raft.grpc.server.port)
2023-03-09 15:02:29,113 [Listener at 127.0.0.1/43559] INFO  grpc.GrpcConfigKeys (ConfUtils.java:logGet(46)) - raft.grpc.server.host = null (default)
2023-03-09 15:02:29,113 [Listener at 127.0.0.1/43559] INFO  grpc.GrpcConfigKeys (ConfUtils.java:logGet(46)) - raft.grpc.server.port = 36295 (custom)
2023-03-09 15:02:29,113 [Listener at 127.0.0.1/43559] INFO  server.GrpcService (ConfUtils.java:logGet(46)) - raft.grpc.message.size.max = 32m (=33554432) (custom)
2023-03-09 15:02:29,113 [Listener at 127.0.0.1/43559] INFO  server.RaftServerConfigKeys (ConfUtils.java:logGet(46)) - raft.server.log.appender.buffer.byte-limit = 33554432 (custom)
2023-03-09 15:02:29,114 [Listener at 127.0.0.1/43559] INFO  server.GrpcService (ConfUtils.java:logGet(46)) - raft.grpc.flow.control.window = 1MB (=1048576) (default)
2023-03-09 15:02:29,114 [Listener at 127.0.0.1/43559] INFO  server.RaftServerConfigKeys (ConfUtils.java:logGet(46)) - raft.server.rpc.request.timeout = 30000ms (custom)
2023-03-09 15:02:29,114 [Listener at 127.0.0.1/43559] INFO  grpc.GrpcConfigKeys (ConfUtils.java:logGet(46)) - raft.grpc.server.heartbeat.channel = true (default)
2023-03-09 15:02:29,114 [Listener at 127.0.0.1/43559] INFO  grpc.GrpcConfigKeys (ConfUtils.java:logGet(46)) - raft.grpc.server.async.request.thread.pool.cached = true (default)
2023-03-09 15:02:29,114 [Listener at 127.0.0.1/43559] INFO  grpc.GrpcConfigKeys (ConfUtils.java:logGet(46)) - raft.grpc.server.async.request.thread.pool.size = 32 (default)
2023-03-09 15:02:29,116 [Listener at 127.0.0.1/43559] INFO  impl.DataStreamServerImpl (ConfUtils.java:logGet(46)) - raft.datastream.type = DISABLED (default)
2023-03-09 15:02:29,116 [Listener at 127.0.0.1/43559] INFO  server.RaftServerConfigKeys (ConfUtils.java:logGet(46)) - raft.server.threadpool.proxy.cached = true (default)
2023-03-09 15:02:29,116 [Listener at 127.0.0.1/43559] INFO  server.RaftServerConfigKeys (ConfUtils.java:logGet(46)) - raft.server.threadpool.proxy.size = 0 (default)
2023-03-09 15:02:29,116 [Listener at 127.0.0.1/43559] INFO  server.RaftServerConfigKeys (ConfUtils.java:logGet(46)) - raft.server.rpc.slowness.timeout = 120000ms (custom)
2023-03-09 15:02:29,117 [Listener at 127.0.0.1/43559] INFO  server.RaftServerConfigKeys (ConfUtils.java:logGet(46)) - raft.server.leaderelection.leader.step-down.wait-time = 10s (default)
2023-03-09 15:02:29,117 [Listener at 127.0.0.1/43559] INFO  server.RaftServerConfigKeys (ConfUtils.java:logGet(46)) - raft.server.storage.dir = [/home/runner/work/ozone/ozone/hadoop-ozone/integration-test/target/test-dir/MiniOzoneClusterImpl-0534e788-6c20-4d4d-bf72-3ffae63fff50/scmNode-1/scm-ha] (custom)
2023-03-09 15:02:29,117 [78133a0d-b1a6-42b2-bde2-9d54c1b1446c-impl-thread1] INFO  server.RaftServer (RaftServerProxy.java:initGroupDir(251)) - 78133a0d-b1a6-42b2-bde2-9d54c1b1446c: found a subdirectory /home/runner/work/ozone/ozone/hadoop-ozone/integration-test/target/test-dir/MiniOzoneClusterImpl-0534e788-6c20-4d4d-bf72-3ffae63fff50/scmNode-1/scm-ha/0534e788-6c20-4d4d-bf72-3ffae63fff50
2023-03-09 15:02:29,118 [Listener at 127.0.0.1/43559] INFO  server.RaftServer (RaftServerProxy.java:addNew(96)) - 78133a0d-b1a6-42b2-bde2-9d54c1b1446c: addNew group-3FFAE63FFF50:[] returns group-3FFAE63FFF50:java.util.concurrent.CompletableFuture@7c30ad67[Not completed]
2023-03-09 15:02:29,118 [pool-1244-thread-1] INFO  server.RaftServer$Division (RaftServerImpl.java:<init>(195)) - 78133a0d-b1a6-42b2-bde2-9d54c1b1446c: new RaftServerImpl for group-3FFAE63FFF50:[] with SCMStateMachine:uninitialized
2023-03-09 15:02:29,118 [pool-1244-thread-1] INFO  server.RaftServerConfigKeys (ConfUtils.java:logGet(46)) - raft.server.rpc.timeout.min = 5000ms (custom)
2023-03-09 15:02:29,118 [pool-1244-thread-1] INFO  server.RaftServerConfigKeys (ConfUtils.java:logGet(46)) - raft.server.rpc.timeout.max = 5200ms (custom)
2023-03-09 15:02:29,118 [pool-1244-thread-1] INFO  server.RaftServerConfigKeys (ConfUtils.java:logGet(46)) - raft.server.rpc.sleep.time = 25ms (default)
2023-03-09 15:02:29,118 [pool-1244-thread-1] INFO  server.RaftServerConfigKeys (ConfUtils.java:logGet(46)) - raft.server.rpc.slowness.timeout = 120000ms (custom)
2023-03-09 15:02:29,118 [pool-1244-thread-1] INFO  server.RaftServerConfigKeys (ConfUtils.java:logGet(46)) - raft.server.leaderelection.leader.step-down.wait-time = 10s (default)
2023-03-09 15:02:29,118 [pool-1244-thread-1] INFO  server.RaftServerConfigKeys (ConfUtils.java:logGet(46)) - raft.server.sleep.deviation.threshold = 300ms (default)
2023-03-09 15:02:29,119 [pool-1244-thread-1] INFO  server.RaftServer$Division (ServerState.java:<init>(118)) - 78133a0d-b1a6-42b2-bde2-9d54c1b1446c@group-3FFAE63FFF50: ConfigurationManager, init=-1: peers:[]|listeners:[], old=null, confs=<EMPTY_MAP>
2023-03-09 15:02:29,119 [pool-1244-thread-1] INFO  server.RaftServerConfigKeys (ConfUtils.java:logGet(46)) - raft.server.storage.dir = [/home/runner/work/ozone/ozone/hadoop-ozone/integration-test/target/test-dir/MiniOzoneClusterImpl-0534e788-6c20-4d4d-bf72-3ffae63fff50/scmNode-1/scm-ha] (custom)
2023-03-09 15:02:29,119 [pool-1244-thread-1] INFO  server.RaftServerConfigKeys (ConfUtils.java:logGet(46)) - raft.server.log.corruption.policy = EXCEPTION (default)
2023-03-09 15:02:29,119 [pool-1244-thread-1] INFO  server.RaftServerConfigKeys (ConfUtils.java:logGet(46)) - raft.server.storage.free-space.min = 0MB (=0) (default)
2023-03-09 15:02:29,119 [pool-1244-thread-1] INFO  server.RaftServerConfigKeys (ConfUtils.java:logGet(46)) - raft.server.notification.no-leader.timeout = 60s (default)
2023-03-09 15:02:29,119 [pool-1244-thread-1] INFO  server.RaftServerConfigKeys (ConfUtils.java:logGet(46)) - raft.server.retrycache.expirytime = 60000ms (default)
2023-03-09 15:02:29,119 [pool-1244-thread-1] INFO  server.RaftServerConfigKeys (ConfUtils.java:logGet(46)) - raft.server.retrycache.statistics.expirytime = 100μs (default)
2023-03-09 15:02:29,120 [pool-1244-thread-1] INFO  server.RaftServerConfigKeys (ConfUtils.java:logGet(46)) - raft.server.log.appender.install.snapshot.enabled = false (custom)
2023-03-09 15:02:29,120 [pool-1244-thread-1] INFO  server.RaftServerConfigKeys (ConfUtils.java:logGet(46)) - raft.server.threadpool.server.cached = true (default)
2023-03-09 15:02:29,120 [pool-1244-thread-1] INFO  server.RaftServerConfigKeys (ConfUtils.java:logGet(46)) - raft.server.threadpool.server.size = 0 (default)
2023-03-09 15:02:29,120 [pool-1244-thread-1] INFO  server.RaftServerConfigKeys (ConfUtils.java:logGet(46)) - raft.server.threadpool.client.cached = true (default)
2023-03-09 15:02:29,120 [pool-1244-thread-1] INFO  server.RaftServerConfigKeys (ConfUtils.java:logGet(46)) - raft.server.threadpool.client.size = 0 (default)
2023-03-09 15:02:29,120 [Listener at 127.0.0.1/43559] INFO  ha.SCMSnapshotProvider (SCMSnapshotProvider.java:<init>(66)) - Initializing SCM Snapshot Provider
2023-03-09 15:02:29,120 [Listener at 127.0.0.1/43559] WARN  server.ServerUtils (ServerUtils.java:getDefaultRatisDirectory(237)) - Storage directory for Ratis is not configured. It is a good idea to map this to an SSD disk. Falling back to ozone.metadata.dirs
2023-03-09 15:02:29,120 [Listener at 127.0.0.1/43559] WARN  ha.SCMHAUtils (SCMHAUtils.java:getSCMRatisSnapshotDirectory(153)) - SCM snapshot dir is not configured. Falling back to ozone.metadata.dirs config
2023-03-09 15:02:29,121 [Listener at 127.0.0.1/43559] INFO  upgrade.AbstractLayoutVersionManager (AbstractLayoutVersionManager.java:init(83)) - Initializing Layout version manager with metadata layout = DATANODE_SCHEMA_V3 (version = 4), software layout = DATANODE_SCHEMA_V3 (version = 4)
2023-03-09 15:02:29,169 [Listener at 127.0.0.1/43559] INFO  reflections.Reflections (Reflections.java:scan(232)) - Reflections took 47 ms to scan 7 urls, producing 154 keys and 367 values 
2023-03-09 15:02:29,171 [Listener at 127.0.0.1/43559] INFO  ha.SequenceIdGenerator (SequenceIdGenerator.java:upgradeToSequenceId(349)) - upgrade localId to 111677748019200000
2023-03-09 15:02:29,171 [Listener at 127.0.0.1/43559] INFO  ha.SequenceIdGenerator (SequenceIdGenerator.java:upgradeToSequenceId(359)) - upgrade delTxnId to 0
2023-03-09 15:02:29,171 [Listener at 127.0.0.1/43559] INFO  ha.SequenceIdGenerator (SequenceIdGenerator.java:upgradeToSequenceId(376)) - upgrade containerId to 0
2023-03-09 15:02:29,171 [Listener at 127.0.0.1/43559] INFO  ha.SequenceIdGenerator (SequenceIdGenerator.java:<init>(220)) - Init the HA SequenceIdGenerator.
2023-03-09 15:02:29,172 [Listener at 127.0.0.1/43559] INFO  node.SCMNodeManager (SCMNodeManager.java:<init>(156)) - Entering startup safe mode.
2023-03-09 15:02:29,173 [Listener at 127.0.0.1/43559] INFO  algorithms.ContainerPlacementPolicyFactory (ContainerPlacementPolicyFactory.java:getPolicyInternal(86)) - Create container placement policy of type org.apache.hadoop.hdds.scm.container.placement.algorithms.SCMContainerPlacementRandom
2023-03-09 15:02:29,173 [Listener at 127.0.0.1/43559] INFO  algorithms.ContainerPlacementPolicyFactory (ContainerPlacementPolicyFactory.java:getPolicyInternal(86)) - Create container placement policy of type org.apache.hadoop.hdds.scm.container.placement.algorithms.SCMContainerPlacementRackScatter
2023-03-09 15:02:29,173 [Listener at 127.0.0.1/43559] INFO  pipeline.PipelineStateManagerImpl (PipelineStateManagerImpl.java:initialize(78)) - No pipeline exists in current db
2023-03-09 15:02:29,173 [Listener at 127.0.0.1/43559] INFO  algorithms.LeaderChoosePolicyFactory (LeaderChoosePolicyFactory.java:getPolicy(57)) - Create leader choose policy of type org.apache.hadoop.hdds.scm.pipeline.leader.choose.algorithms.MinLeaderCountChoosePolicy
2023-03-09 15:02:29,174 [Listener at 127.0.0.1/43559] INFO  algorithms.ContainerPlacementPolicyFactory (ContainerPlacementPolicyFactory.java:getPolicyInternal(86)) - Create container placement policy of type org.apache.hadoop.hdds.scm.container.placement.algorithms.SCMContainerPlacementRackScatter
2023-03-09 15:02:29,174 [Listener at 127.0.0.1/43559] INFO  ha.SCMServiceManager (SCMServiceManager.java:register(42)) - Registering service BackgroundPipelineCreator.
2023-03-09 15:02:29,174 [Listener at 127.0.0.1/43559] INFO  pipeline.BackgroundPipelineCreator (BackgroundPipelineCreator.java:start(124)) - Starting RatisPipelineUtilsThread.
2023-03-09 15:02:29,176 [Listener at 127.0.0.1/43559] INFO  BackgroundPipelineScrubber (BackgroundSCMService.java:start(68)) - Starting BackgroundPipelineScrubber Service.
2023-03-09 15:02:29,176 [Listener at 127.0.0.1/43559] INFO  ha.SCMServiceManager (SCMServiceManager.java:register(42)) - Registering service BackgroundPipelineScrubber.
2023-03-09 15:02:29,176 [Listener at 127.0.0.1/43559] INFO  ExpiredContainerReplicaOpScrubber (BackgroundSCMService.java:start(68)) - Starting ExpiredContainerReplicaOpScrubber Service.
2023-03-09 15:02:29,177 [Listener at 127.0.0.1/43559] INFO  ha.SCMServiceManager (SCMServiceManager.java:register(42)) - Registering service ExpiredContainerReplicaOpScrubber.
2023-03-09 15:02:29,179 [Listener at 127.0.0.1/43559] INFO  algorithms.PipelineChoosePolicyFactory (PipelineChoosePolicyFactory.java:createPipelineChoosePolicyFromClass(73)) - Create pipeline choose policy of type org.apache.hadoop.hdds.scm.pipeline.choose.algorithms.RandomPipelineChoosePolicy
2023-03-09 15:02:29,179 [Listener at 127.0.0.1/43559] INFO  ha.SCMServiceManager (SCMServiceManager.java:register(42)) - Registering service SCMBlockDeletingService.
2023-03-09 15:02:29,180 [Listener at 127.0.0.1/43559] INFO  replication.ReplicationManager (ReplicationManager.java:start(267)) - Starting Replication Monitor Thread.
2023-03-09 15:02:29,186 [Listener at 127.0.0.1/43559] INFO  ha.SCMServiceManager (SCMServiceManager.java:register(42)) - Registering service ReplicationManager.
2023-03-09 15:02:29,186 [Listener at 127.0.0.1/43559] INFO  safemode.ContainerSafeModeRule (ContainerSafeModeRule.java:<init>(89)) - containers with one replica threshold count 0
2023-03-09 15:02:29,186 [Listener at 127.0.0.1/43559] INFO  safemode.HealthyPipelineSafeModeRule (HealthyPipelineSafeModeRule.java:initializeRule(169)) - Total pipeline count is 0, healthy pipeline threshold count is 1
2023-03-09 15:02:29,187 [Listener at 127.0.0.1/43559] INFO  safemode.OneReplicaPipelineSafeModeRule (OneReplicaPipelineSafeModeRule.java:initializeRule(180)) - Total pipeline count is 0, pipeline's with at least one datanode reported threshold count is 0
2023-03-09 15:02:29,187 [Listener at 127.0.0.1/43559] INFO  server.StorageContainerManager (StorageContainerManager.java:<init>(392)) - SCM start with adminUsers: [runner]
2023-03-09 15:02:29,187 [Listener at 127.0.0.1/43559] INFO  ipc.CallQueueManager (CallQueueManager.java:<init>(90)) - Using callQueue: class java.util.concurrent.LinkedBlockingQueue, queueCapacity: 10000, scheduler: class org.apache.hadoop.ipc.DefaultRpcScheduler, ipcBackoff: false.
2023-03-09 15:02:29,188 [Socket Reader #1 for port 35345] INFO  ipc.Server (Server.java:run(1273)) - Starting Socket Reader #1 for port 35345
2023-03-09 15:02:29,189 [Listener at 0.0.0.0/35345] INFO  ipc.CallQueueManager (CallQueueManager.java:<init>(90)) - Using callQueue: class java.util.concurrent.LinkedBlockingQueue, queueCapacity: 10000, scheduler: class org.apache.hadoop.ipc.DefaultRpcScheduler, ipcBackoff: false.
2023-03-09 15:02:29,190 [Socket Reader #1 for port 42359] INFO  ipc.Server (Server.java:run(1273)) - Starting Socket Reader #1 for port 42359
2023-03-09 15:02:29,190 [Listener at 0.0.0.0/42359] INFO  ipc.CallQueueManager (CallQueueManager.java:<init>(90)) - Using callQueue: class java.util.concurrent.LinkedBlockingQueue, queueCapacity: 10000, scheduler: class org.apache.hadoop.ipc.DefaultRpcScheduler, ipcBackoff: false.
2023-03-09 15:02:29,191 [Socket Reader #1 for port 35817] INFO  ipc.Server (Server.java:run(1273)) - Starting Socket Reader #1 for port 35817
2023-03-09 15:02:29,193 [ReplicationMonitor] INFO  replication.ReplicationManager (ReplicationManager.java:processAll(342)) - Replication Manager is not ready to run until 300000ms after safemode exit
2023-03-09 15:02:29,196 [Listener at 0.0.0.0/35817] INFO  ha.SCMServiceManager (SCMServiceManager.java:register(42)) - Registering service ContainerBalancer.
2023-03-09 15:02:29,196 [Listener at 0.0.0.0/35817] INFO  server.StorageContainerManager (StorageContainerManager.java:<init>(407)) - 
Container Balancer status:
Key                            Value
Running                        true
Container Balancer Configuration values:
Key                                                Value
Threshold                                          10
Max Datanodes to Involve per Iteration(percent)    20
Max Size to Move per Iteration                     500GB
Max Size Entering Target per Iteration             26GB
Max Size Leaving Source per Iteration              26GB

2023-03-09 15:02:29,196 [Listener at 0.0.0.0/35817] INFO  ha.SCMContext (SCMContext.java:updateSafeModeStatus(228)) - Update SafeModeStatus from SafeModeStatus{safeModeStatus=true, preCheckPassed=false} to SafeModeStatus{safeModeStatus=true, preCheckPassed=false}.
2023-03-09 15:02:29,196 [Listener at 0.0.0.0/35817] INFO  server.StorageContainerManager (StorageContainerManager.java:start(1437)) - StorageContainerLocationProtocol RPC server is listening at /0.0.0.0:35817
2023-03-09 15:02:29,196 [Listener at 0.0.0.0/35817] INFO  ha.SCMRatisServerImpl (SCMRatisServerImpl.java:start(178)) - starting ratis server 0.0.0.0:36295
2023-03-09 15:02:29,198 [78133a0d-b1a6-42b2-bde2-9d54c1b1446c-impl-thread1] INFO  storage.RaftStorageDirectory (RaftStorageDirectoryImpl.java:tryLock(231)) - Lock on /home/runner/work/ozone/ozone/hadoop-ozone/integration-test/target/test-dir/MiniOzoneClusterImpl-0534e788-6c20-4d4d-bf72-3ffae63fff50/scmNode-1/scm-ha/0534e788-6c20-4d4d-bf72-3ffae63fff50/in_use.lock acquired by nodename 57158@fv-az377-502
2023-03-09 15:02:29,198 [78133a0d-b1a6-42b2-bde2-9d54c1b1446c-impl-thread1] INFO  storage.RaftStorage (RaftStorageImpl.java:analyzeAndRecoverStorage(117)) - Read RaftStorageMetadata{term=1, votedFor=78133a0d-b1a6-42b2-bde2-9d54c1b1446c} from /home/runner/work/ozone/ozone/hadoop-ozone/integration-test/target/test-dir/MiniOzoneClusterImpl-0534e788-6c20-4d4d-bf72-3ffae63fff50/scmNode-1/scm-ha/0534e788-6c20-4d4d-bf72-3ffae63fff50/current/raft-meta
2023-03-09 15:02:29,199 [78133a0d-b1a6-42b2-bde2-9d54c1b1446c-impl-thread1] INFO  server.RaftServer$Division (ServerState.java:setRaftConf(430)) - 78133a0d-b1a6-42b2-bde2-9d54c1b1446c@group-3FFAE63FFF50: set configuration 0: peers:[78133a0d-b1a6-42b2-bde2-9d54c1b1446c|rpc:localhost:36295|admin:|client:|dataStream:|priority:0|startupRole:FOLLOWER]|listeners:[], old=null
2023-03-09 15:02:29,199 [78133a0d-b1a6-42b2-bde2-9d54c1b1446c-impl-thread1] INFO  server.RaftServerConfigKeys (ConfUtils.java:logGet(46)) - raft.server.log.use.memory = false (default)
2023-03-09 15:02:29,199 [78133a0d-b1a6-42b2-bde2-9d54c1b1446c-impl-thread1] INFO  server.RaftServerConfigKeys (ConfUtils.java:logGet(46)) - raft.server.log.purge.gap = 1000000 (custom)
2023-03-09 15:02:29,200 [78133a0d-b1a6-42b2-bde2-9d54c1b1446c-impl-thread1] INFO  server.RaftServerConfigKeys (ConfUtils.java:logGet(46)) - raft.server.log.appender.buffer.byte-limit = 33554432 (custom)
2023-03-09 15:02:29,200 [78133a0d-b1a6-42b2-bde2-9d54c1b1446c-impl-thread1] INFO  server.RaftServerConfigKeys (ConfUtils.java:logGet(46)) - raft.server.log.statemachine.data.read.timeout = 1000ms (default)
2023-03-09 15:02:29,200 [78133a0d-b1a6-42b2-bde2-9d54c1b1446c-impl-thread1] INFO  server.RaftServerConfigKeys (ConfUtils.java:logGet(46)) - raft.server.log.purge.preservation.log.num = 0 (default)
2023-03-09 15:02:29,201 [78133a0d-b1a6-42b2-bde2-9d54c1b1446c-impl-thread1] INFO  server.RaftServerConfigKeys (ConfUtils.java:logGet(46)) - raft.server.log.segment.size.max = 4194304 (custom)
2023-03-09 15:02:29,201 [78133a0d-b1a6-42b2-bde2-9d54c1b1446c-impl-thread1] INFO  server.RaftServerConfigKeys (ConfUtils.java:logGet(46)) - raft.server.log.segment.cache.num.max = 2 (custom)
2023-03-09 15:02:29,202 [78133a0d-b1a6-42b2-bde2-9d54c1b1446c-impl-thread1] INFO  server.RaftServerConfigKeys (ConfUtils.java:logGet(46)) - raft.server.log.segment.cache.size.max = 200MB (=209715200) (default)
2023-03-09 15:02:29,202 [78133a0d-b1a6-42b2-bde2-9d54c1b1446c-impl-thread1] INFO  segmented.SegmentedRaftLogWorker (SegmentedRaftLogWorker.java:<init>(189)) - new 78133a0d-b1a6-42b2-bde2-9d54c1b1446c@group-3FFAE63FFF50-SegmentedRaftLogWorker for RaftStorageImpl:Storage Directory /home/runner/work/ozone/ozone/hadoop-ozone/integration-test/target/test-dir/MiniOzoneClusterImpl-0534e788-6c20-4d4d-bf72-3ffae63fff50/scmNode-1/scm-ha/0534e788-6c20-4d4d-bf72-3ffae63fff50
2023-03-09 15:02:29,202 [78133a0d-b1a6-42b2-bde2-9d54c1b1446c-impl-thread1] INFO  server.RaftServerConfigKeys (ConfUtils.java:logGet(46)) - raft.server.log.queue.byte-limit = 64MB (=67108864) (default)
2023-03-09 15:02:29,202 [78133a0d-b1a6-42b2-bde2-9d54c1b1446c-impl-thread1] INFO  server.RaftServerConfigKeys (ConfUtils.java:logGet(46)) - raft.server.log.queue.element-limit = 4096 (default)
2023-03-09 15:02:29,202 [78133a0d-b1a6-42b2-bde2-9d54c1b1446c-impl-thread1] INFO  server.RaftServerConfigKeys (ConfUtils.java:logGet(46)) - raft.server.log.segment.size.max = 4194304 (custom)
2023-03-09 15:02:29,202 [78133a0d-b1a6-42b2-bde2-9d54c1b1446c-impl-thread1] INFO  server.RaftServerConfigKeys (ConfUtils.java:logGet(46)) - raft.server.log.preallocated.size = 4194304 (custom)
2023-03-09 15:02:29,202 [78133a0d-b1a6-42b2-bde2-9d54c1b1446c-impl-thread1] INFO  server.RaftServerConfigKeys (ConfUtils.java:logGet(46)) - raft.server.log.force.sync.num = 128 (default)
2023-03-09 15:02:29,202 [78133a0d-b1a6-42b2-bde2-9d54c1b1446c-impl-thread1] INFO  server.RaftServerConfigKeys (ConfUtils.java:logGet(46)) - raft.server.log.statemachine.data.sync = true (default)
2023-03-09 15:02:29,202 [78133a0d-b1a6-42b2-bde2-9d54c1b1446c-impl-thread1] INFO  server.RaftServerConfigKeys (ConfUtils.java:logGet(46)) - raft.server.log.statemachine.data.sync.timeout = 10s (default)
2023-03-09 15:02:29,202 [78133a0d-b1a6-42b2-bde2-9d54c1b1446c-impl-thread1] INFO  server.RaftServerConfigKeys (ConfUtils.java:logGet(46)) - raft.server.log.statemachine.data.sync.timeout.retry = -1 (default)
2023-03-09 15:02:29,202 [78133a0d-b1a6-42b2-bde2-9d54c1b1446c-impl-thread1] INFO  server.RaftServerConfigKeys (ConfUtils.java:logGet(46)) - raft.server.log.write.buffer.size = 64KB (=65536) (default)
2023-03-09 15:02:29,202 [78133a0d-b1a6-42b2-bde2-9d54c1b1446c-impl-thread1] INFO  server.RaftServerConfigKeys (ConfUtils.java:logGet(46)) - raft.server.log.appender.buffer.byte-limit = 33554432 (custom)
2023-03-09 15:02:29,217 [78133a0d-b1a6-42b2-bde2-9d54c1b1446c-impl-thread1] INFO  server.RaftServerConfigKeys (ConfUtils.java:logGet(46)) - raft.server.log.unsafe-flush.enabled = false (default)
2023-03-09 15:02:29,217 [78133a0d-b1a6-42b2-bde2-9d54c1b1446c-impl-thread1] INFO  server.RaftServerConfigKeys (ConfUtils.java:logGet(46)) - raft.server.log.async-flush.enabled = false (default)
2023-03-09 15:02:29,217 [78133a0d-b1a6-42b2-bde2-9d54c1b1446c-impl-thread1] INFO  server.RaftServerConfigKeys (ConfUtils.java:logGet(46)) - raft.server.log.statemachine.data.caching.enabled = false (default)
2023-03-09 15:02:29,218 [78133a0d-b1a6-42b2-bde2-9d54c1b1446c-impl-thread1] INFO  server.RaftServer$Division (ServerState.java:setRaftConf(430)) - 78133a0d-b1a6-42b2-bde2-9d54c1b1446c@group-3FFAE63FFF50: set configuration 0: peers:[78133a0d-b1a6-42b2-bde2-9d54c1b1446c|rpc:localhost:36295|admin:|client:|dataStream:|priority:0|startupRole:FOLLOWER]|listeners:[], old=null
2023-03-09 15:02:29,218 [78133a0d-b1a6-42b2-bde2-9d54c1b1446c-impl-thread1] INFO  segmented.LogSegment (LogSegment.java:loadSegment(173)) - Successfully read 1 entries from segment file /home/runner/work/ozone/ozone/hadoop-ozone/integration-test/target/test-dir/MiniOzoneClusterImpl-0534e788-6c20-4d4d-bf72-3ffae63fff50/scmNode-1/scm-ha/0534e788-6c20-4d4d-bf72-3ffae63fff50/current/log_inprogress_0
2023-03-09 15:02:29,218 [78133a0d-b1a6-42b2-bde2-9d54c1b1446c-impl-thread1] INFO  segmented.SegmentedRaftLogWorker (SegmentedRaftLogWorker.java:lambda$new$0(135)) - 78133a0d-b1a6-42b2-bde2-9d54c1b1446c@group-3FFAE63FFF50-SegmentedRaftLogWorker: flushIndex: setUnconditionally 0 -> 0
2023-03-09 15:02:29,218 [78133a0d-b1a6-42b2-bde2-9d54c1b1446c-impl-thread1] INFO  segmented.SegmentedRaftLogWorker (SegmentedRaftLogWorker.java:lambda$new$0(135)) - 78133a0d-b1a6-42b2-bde2-9d54c1b1446c@group-3FFAE63FFF50-SegmentedRaftLogWorker: safeCacheEvictIndex: setUnconditionally 0 -> -1
2023-03-09 15:02:29,219 [78133a0d-b1a6-42b2-bde2-9d54c1b1446c-impl-thread1] INFO  server.RaftServer$Division (RaftServerImpl.java:start(334)) - 78133a0d-b1a6-42b2-bde2-9d54c1b1446c@group-3FFAE63FFF50: start as a follower, conf=0: peers:[78133a0d-b1a6-42b2-bde2-9d54c1b1446c|rpc:localhost:36295|admin:|client:|dataStream:|priority:0|startupRole:FOLLOWER]|listeners:[], old=null
2023-03-09 15:02:29,219 [78133a0d-b1a6-42b2-bde2-9d54c1b1446c-impl-thread1] INFO  server.RaftServer$Division (RaftServerImpl.java:setRole(321)) - 78133a0d-b1a6-42b2-bde2-9d54c1b1446c@group-3FFAE63FFF50: changes role from      null to FOLLOWER at term 1 for startAsFollower
2023-03-09 15:02:29,219 [78133a0d-b1a6-42b2-bde2-9d54c1b1446c-impl-thread1] INFO  impl.RoleInfo (RoleInfo.java:updateAndGet(139)) - 78133a0d-b1a6-42b2-bde2-9d54c1b1446c: start 78133a0d-b1a6-42b2-bde2-9d54c1b1446c@group-3FFAE63FFF50-FollowerState
2023-03-09 15:02:29,219 [78133a0d-b1a6-42b2-bde2-9d54c1b1446c-impl-thread1] INFO  util.JmxRegister (JmxRegister.java:tryRegister(44)) - Successfully registered JMX Bean with object name Ratis:service=RaftServer,group=group-3FFAE63FFF50,id=78133a0d-b1a6-42b2-bde2-9d54c1b1446c
2023-03-09 15:02:29,219 [78133a0d-b1a6-42b2-bde2-9d54c1b1446c@group-3FFAE63FFF50-FollowerState] INFO  server.RaftServerConfigKeys (ConfUtils.java:logFallback(53)) - raft.server.rpc.first-election.timeout.min = 5000ms (fallback to raft.server.rpc.timeout.min)
2023-03-09 15:02:29,219 [78133a0d-b1a6-42b2-bde2-9d54c1b1446c-impl-thread1] INFO  server.RaftServerConfigKeys (ConfUtils.java:logGet(46)) - raft.server.snapshot.auto.trigger.enabled = true (custom)
2023-03-09 15:02:29,219 [78133a0d-b1a6-42b2-bde2-9d54c1b1446c@group-3FFAE63FFF50-FollowerState] INFO  server.RaftServerConfigKeys (ConfUtils.java:logFallback(53)) - raft.server.rpc.first-election.timeout.max = 5200ms (fallback to raft.server.rpc.timeout.max)
2023-03-09 15:02:29,219 [78133a0d-b1a6-42b2-bde2-9d54c1b1446c-impl-thread1] INFO  server.RaftServerConfigKeys (ConfUtils.java:logGet(46)) - raft.server.snapshot.auto.trigger.threshold = 1000 (custom)
2023-03-09 15:02:29,219 [78133a0d-b1a6-42b2-bde2-9d54c1b1446c-impl-thread1] INFO  server.RaftServerConfigKeys (ConfUtils.java:logGet(46)) - raft.server.snapshot.retention.file.num = -1 (default)
2023-03-09 15:02:29,220 [78133a0d-b1a6-42b2-bde2-9d54c1b1446c-impl-thread1] INFO  server.RaftServerConfigKeys (ConfUtils.java:logGet(46)) - raft.server.log.purge.upto.snapshot.index = false (default)
2023-03-09 15:02:29,220 [Listener at 0.0.0.0/35817] INFO  server.RaftServer (RaftServerProxy.java:startImpl(393)) - 78133a0d-b1a6-42b2-bde2-9d54c1b1446c: start RPC server
2023-03-09 15:02:29,223 [Listener at 0.0.0.0/35817] INFO  server.GrpcService (GrpcService.java:startImpl(262)) - 78133a0d-b1a6-42b2-bde2-9d54c1b1446c: GrpcService started, listening on 36295
2023-03-09 15:02:29,223 [Listener at 0.0.0.0/35817] INFO  ha.SCMHAManagerImpl (SCMHAManagerImpl.java:start(121)) -  scm role is FOLLOWER peers [78133a0d-b1a6-42b2-bde2-9d54c1b1446c|rpc:localhost:36295|admin:|client:|dataStream:|priority:0|startupRole:FOLLOWER]
2023-03-09 15:02:29,223 [Listener at 0.0.0.0/35817] INFO  ha.InterSCMGrpcService (InterSCMGrpcProtocolService.java:start(94)) - Starting SCM Grpc Service at port 35129
2023-03-09 15:02:29,223 [JvmPauseMonitor44] INFO  util.JvmPauseMonitor (JvmPauseMonitor.java:run(105)) - JvmPauseMonitor-78133a0d-b1a6-42b2-bde2-9d54c1b1446c: Started
2023-03-09 15:02:29,227 [Listener at 0.0.0.0/35817] WARN  impl.MetricsConfig (MetricsConfig.java:loadFirst(136)) - Cannot locate configuration: tried hadoop-metrics2-storagecontainermanager.properties,hadoop-metrics2.properties
2023-03-09 15:02:29,229 [Listener at 0.0.0.0/35817] INFO  impl.MetricsSystemImpl (MetricsSystemImpl.java:startTimer(378)) - Scheduled Metric snapshot period at 10 second(s).
2023-03-09 15:02:29,229 [Listener at 0.0.0.0/35817] INFO  impl.MetricsSystemImpl (MetricsSystemImpl.java:start(191)) - StorageContainerManager metrics system started
2023-03-09 15:02:29,239 [Listener at 0.0.0.0/35817] INFO  impl.MetricsSinkAdapter (MetricsSinkAdapter.java:start(204)) - Sink prometheus started
2023-03-09 15:02:29,239 [Listener at 0.0.0.0/35817] INFO  impl.MetricsSystemImpl (MetricsSystemImpl.java:registerSink(305)) - Registered sink prometheus
2023-03-09 15:02:29,254 [Listener at 0.0.0.0/35817] INFO  server.SCMClientProtocolServer (SCMClientProtocolServer.java:start(194)) - RPC server for Client  is listening at /0.0.0.0:35817
2023-03-09 15:02:29,254 [IPC Server Responder] INFO  ipc.Server (Server.java:run(1512)) - IPC Server Responder: starting
2023-03-09 15:02:29,255 [IPC Server listener on 35817] INFO  ipc.Server (Server.java:run(1352)) - IPC Server listener on 35817: starting
2023-03-09 15:02:29,276 [Listener at 0.0.0.0/35817] INFO  server.StorageContainerManager (StorageContainerManager.java:start(1451)) - ScmBlockLocationProtocol RPC server is listening at /0.0.0.0:42359
2023-03-09 15:02:29,277 [Listener at 0.0.0.0/35817] INFO  server.SCMBlockProtocolServer (SCMBlockProtocolServer.java:start(152)) - RPC server for Block Protocol is listening at /0.0.0.0:42359
2023-03-09 15:02:29,277 [IPC Server Responder] INFO  ipc.Server (Server.java:run(1512)) - IPC Server Responder: starting
2023-03-09 15:02:29,278 [IPC Server listener on 42359] INFO  ipc.Server (Server.java:run(1352)) - IPC Server listener on 42359: starting
2023-03-09 15:02:29,292 [Listener at 0.0.0.0/35817] INFO  http.BaseHttpServer (BaseHttpServer.java:newHttpServer2BuilderForOzone(224)) - Starting Web-server for scm at: http://0.0.0.0:32951
2023-03-09 15:02:29,292 [Listener at 0.0.0.0/35817] INFO  http.BaseHttpServer (BaseHttpServer.java:<init>(111)) - Hadoop Security Enabled: false Ozone Security Enabled: false Ozone HTTP Security Enabled: false 
2023-03-09 15:02:29,294 [Listener at 0.0.0.0/35817] WARN  server.AuthenticationFilter (AuthenticationFilter.java:constructSecretProvider(240)) - Unable to initialize FileSignerSecretProvider, falling back to use random secrets. Reason: Could not read signature secret file: /home/runner/hadoop-http-auth-signature-secret
2023-03-09 15:02:29,294 [Listener at 0.0.0.0/35817] WARN  http.HttpRequestLog (HttpRequestLog.java:getRequestLog(103)) - Jetty request log can only be enabled using Log4j
2023-03-09 15:02:29,295 [Listener at 0.0.0.0/35817] INFO  http.HttpServer2 (HttpServer2.java:addGlobalFilter(1031)) - Added global filter 'safety' (class=org.apache.hadoop.hdds.server.http.HttpServer2$QuotingInputFilter)
2023-03-09 15:02:29,296 [Listener at 0.0.0.0/35817] INFO  http.HttpServer2 (HttpServer2.java:addFilter(1007)) - Added filter static_user_filter (class=org.apache.hadoop.http.lib.StaticUserWebFilter$StaticUserFilter) to context scm
2023-03-09 15:02:29,296 [Listener at 0.0.0.0/35817] INFO  http.HttpServer2 (HttpServer2.java:addFilter(1015)) - Added filter static_user_filter (class=org.apache.hadoop.http.lib.StaticUserWebFilter$StaticUserFilter) to context static
2023-03-09 15:02:29,296 [Listener at 0.0.0.0/35817] INFO  http.HttpServer2 (HttpServer2.java:addFilter(1015)) - Added filter static_user_filter (class=org.apache.hadoop.http.lib.StaticUserWebFilter$StaticUserFilter) to context logs
2023-03-09 15:02:29,297 [Listener at 0.0.0.0/35817] INFO  http.BaseHttpServer (BaseHttpServer.java:<init>(190)) - HTTP server of scm uses base directory /home/runner/work/ozone/ozone/hadoop-ozone/integration-test/target/test-dir/MiniOzoneClusterImpl-0534e788-6c20-4d4d-bf72-3ffae63fff50/scmNode-1/webserver
2023-03-09 15:02:29,297 [Listener at 0.0.0.0/35817] INFO  http.HttpServer2 (HttpServer2.java:bindListener(1250)) - Jetty bound to port 32951
2023-03-09 15:02:29,297 [Listener at 0.0.0.0/35817] INFO  server.Server (Server.java:doStart(375)) - jetty-9.4.49.v20220914; built: 2022-09-14T01:07:36.601Z; git: 4231a3b2e4cb8548a412a789936d640a97b1aa0a; jvm 1.8.0_362-b09
2023-03-09 15:02:29,297 [org.apache.hadoop.util.JvmPauseMonitor$Monitor@11260edc] INFO  util.JvmPauseMonitor (JvmPauseMonitor.java:run(188)) - Starting JVM pause monitor
2023-03-09 15:02:29,300 [Listener at 0.0.0.0/35817] INFO  server.session (DefaultSessionIdManager.java:doStart(334)) - DefaultSessionIdManager workerName=node0
2023-03-09 15:02:29,301 [Listener at 0.0.0.0/35817] INFO  server.session (DefaultSessionIdManager.java:doStart(339)) - No SessionScavenger set, using defaults
2023-03-09 15:02:29,301 [Listener at 0.0.0.0/35817] INFO  server.session (HouseKeeper.java:startScavenging(132)) - node0 Scavenging every 600000ms
2023-03-09 15:02:29,302 [Listener at 0.0.0.0/35817] INFO  handler.ContextHandler (ContextHandler.java:doStart(921)) - Started o.e.j.s.ServletContextHandler@2e8ee013{logs,/logs,file:///home/runner/work/ozone/ozone/hadoop-ozone/integration-test/target/log,AVAILABLE}
2023-03-09 15:02:29,302 [Listener at 0.0.0.0/35817] INFO  handler.ContextHandler (ContextHandler.java:doStart(921)) - Started o.e.j.s.ServletContextHandler@6ccc4b8c{static,/static,file:///home/runner/work/ozone/ozone/hadoop-ozone/integration-test/target/test-classes/webapps/static,AVAILABLE}
2023-03-09 15:02:29,305 [Listener at 0.0.0.0/35817] INFO  handler.ContextHandler (ContextHandler.java:doStart(921)) - Started o.e.j.w.WebAppContext@6758b523{scm,/,file:///home/runner/work/ozone/ozone/hadoop-ozone/integration-test/target/test-classes/webapps/scm/,AVAILABLE}{file:/home/runner/work/ozone/ozone/hadoop-ozone/integration-test/target/test-classes/webapps/scm}
2023-03-09 15:02:29,307 [Listener at 0.0.0.0/35817] INFO  server.AbstractConnector (AbstractConnector.java:doStart(333)) - Started ServerConnector@335c2eb1{HTTP/1.1, (http/1.1)}{0.0.0.0:32951}
2023-03-09 15:02:29,307 [Listener at 0.0.0.0/35817] INFO  server.Server (Server.java:doStart(415)) - Started @279960ms
2023-03-09 15:02:29,307 [Listener at 0.0.0.0/35817] WARN  impl.MetricsSystemImpl (MetricsSystemImpl.java:register(279)) - Sink prometheus already exists!
2023-03-09 15:02:29,308 [Listener at 0.0.0.0/35817] INFO  http.BaseHttpServer (BaseHttpServer.java:updateConnectorAddress(344)) - HTTP server of scm listening at http://0.0.0.0:32951
2023-03-09 15:02:29,308 [Listener at 0.0.0.0/35817] INFO  ozone.MiniOzoneHAClusterImpl (MiniOzoneHAClusterImpl.java:createSCMService(606)) - Started SCM RPC server at /0.0.0.0:35817
2023-03-09 15:02:29,309 [Listener at 0.0.0.0/35817] INFO  ha.OMHANodeDetails (OMHANodeDetails.java:loadOMHAConfig(121)) - ServiceID for OzoneManager is om-add-remove
2023-03-09 15:02:29,309 [Listener at 0.0.0.0/35817] INFO  ha.OMHANodeDetails (OMHANodeDetails.java:loadOMHAConfig(201)) - Found matching OM address with OMServiceId: om-add-remove, OMNodeId: omNode-1, RPC Address: localhost:45353 and Ratis port: 41321
2023-03-09 15:02:29,309 [Listener at 0.0.0.0/35817] INFO  ha.OMHANodeDetails (ConfUtils.java:setNodeSpecificConfigs(97)) - Setting configuration key ozone.om.http-address with value of key ozone.om.http-address.om-add-remove.omNode-1: 127.0.0.1:36751
2023-03-09 15:02:29,310 [Listener at 0.0.0.0/35817] INFO  ha.OMHANodeDetails (ConfUtils.java:setNodeSpecificConfigs(97)) - Setting configuration key ozone.om.https-address with value of key ozone.om.https-address.om-add-remove.omNode-1: 127.0.0.1:42149
2023-03-09 15:02:29,310 [Listener at 0.0.0.0/35817] INFO  ha.OMHANodeDetails (ConfUtils.java:setNodeSpecificConfigs(97)) - Setting configuration key ozone.om.address with value of key ozone.om.address.om-add-remove.omNode-1: 127.0.0.1:45353
2023-03-09 15:02:29,310 [Listener at 0.0.0.0/35817] WARN  server.ServerUtils (ServerUtils.java:getDBPath(225)) - ozone.om.db.dirs is not configured. We recommend adding this setting. Falling back to ozone.metadata.dirs instead.
2023-03-09 15:02:29,311 [Listener at 0.0.0.0/35817] INFO  ha.SCMNodeInfo (SCMNodeInfo.java:getPort(197)) - ConfigKey ozone.scm.client.address is deprecated, For configuring different ports for each SCM use PortConfigKey ozone.scm.client.port appended with serviceId and nodeId
2023-03-09 15:02:29,311 [Listener at 0.0.0.0/35817] INFO  ha.SCMNodeInfo (SCMNodeInfo.java:getPort(197)) - ConfigKey ozone.scm.block.client.address is deprecated, For configuring different ports for each SCM use PortConfigKey ozone.scm.block.client.port appended with serviceId and nodeId
2023-03-09 15:02:29,311 [Listener at 0.0.0.0/35817] INFO  ha.SCMNodeInfo (SCMNodeInfo.java:getPort(197)) - ConfigKey ozone.scm.datanode.address is deprecated, For configuring different ports for each SCM use PortConfigKey ozone.scm.datanode.port appended with serviceId and nodeId
2023-03-09 15:02:29,311 [Listener at 0.0.0.0/35817] INFO  proxy.SCMBlockLocationFailoverProxyProvider (SCMBlockLocationFailoverProxyProvider.java:<init>(114)) - Created block location fail-over proxy with 1 nodes: [nodeId=scmNode-1,nodeAddress=/127.0.0.1:42359]
2023-03-09 15:02:29,720 [EndpointStateMachine task thread for /127.0.0.1:33275 - 0 ] INFO  ipc.Client (Client.java:handleConnectionFailure(1010)) - Retrying connect to server: localhost/127.0.0.1:33275. Already tried 11 time(s); retry policy is RetryUpToMaximumCountWithFixedSleep(maxRetries=15, sleepTime=1000 MILLISECONDS)
2023-03-09 15:02:30,073 [EndpointStateMachine task thread for /127.0.0.1:35467 - 0 ] INFO  ipc.Client (Client.java:handleConnectionFailure(1010)) - Retrying connect to server: localhost/127.0.0.1:35467. Already tried 5 time(s); retry policy is RetryUpToMaximumCountWithFixedSleep(maxRetries=15, sleepTime=1000 MILLISECONDS)
2023-03-09 15:02:30,721 [EndpointStateMachine task thread for /127.0.0.1:33275 - 0 ] INFO  ipc.Client (Client.java:handleConnectionFailure(1010)) - Retrying connect to server: localhost/127.0.0.1:33275. Already tried 12 time(s); retry policy is RetryUpToMaximumCountWithFixedSleep(maxRetries=15, sleepTime=1000 MILLISECONDS)
2023-03-09 15:02:31,073 [EndpointStateMachine task thread for /127.0.0.1:35467 - 0 ] INFO  ipc.Client (Client.java:handleConnectionFailure(1010)) - Retrying connect to server: localhost/127.0.0.1:35467. Already tried 6 time(s); retry policy is RetryUpToMaximumCountWithFixedSleep(maxRetries=15, sleepTime=1000 MILLISECONDS)
2023-03-09 15:02:31,326 [Listener at 0.0.0.0/35817] INFO  retry.RetryInvocationHandler (RetryInvocationHandler.java:log(411)) - com.google.protobuf.ServiceException: org.apache.hadoop.ipc.RemoteException(org.apache.hadoop.hdds.ratis.ServerNotLeaderException): Server:78133a0d-b1a6-42b2-bde2-9d54c1b1446c is not the leader. Could not determine the leader node.
	at org.apache.hadoop.hdds.ratis.ServerNotLeaderException.convertToNotLeaderException(ServerNotLeaderException.java:109)
	at org.apache.hadoop.hdds.scm.ha.RatisUtil.checkRatisException(RatisUtil.java:246)
	at org.apache.hadoop.hdds.scm.protocol.ScmBlockLocationProtocolServerSideTranslatorPB.send(ScmBlockLocationProtocolServerSideTranslatorPB.java:109)
	at org.apache.hadoop.hdds.protocol.proto.ScmBlockLocationProtocolProtos$ScmBlockLocationProtocolService$2.callBlockingMethod(ScmBlockLocationProtocolProtos.java:14220)
	at org.apache.hadoop.ipc.ProtobufRpcEngine$Server.processCall(ProtobufRpcEngine.java:465)
	at org.apache.hadoop.ipc.ProtobufRpcEngine2$Server$ProtoBufRpcInvoker.call(ProtobufRpcEngine2.java:578)
	at org.apache.hadoop.ipc.ProtobufRpcEngine2$Server$ProtoBufRpcInvoker.call(ProtobufRpcEngine2.java:556)
	at org.apache.hadoop.ipc.RPC$Server.call(RPC.java:1093)
	at org.apache.hadoop.ipc.Server$RpcCall.run(Server.java:1043)
	at org.apache.hadoop.ipc.Server$RpcCall.run(Server.java:971)
	at java.security.AccessController.doPrivileged(Native Method)
	at javax.security.auth.Subject.doAs(Subject.java:422)
	at org.apache.hadoop.security.UserGroupInformation.doAs(UserGroupInformation.java:1878)
	at org.apache.hadoop.ipc.Server$Handler.run(Server.java:2976)
, while invoking $Proxy46.send over nodeId=scmNode-1,nodeAddress=/127.0.0.1:42359 after 1 failover attempts. Trying to failover after sleeping for 2000ms.
2023-03-09 15:02:31,722 [EndpointStateMachine task thread for /127.0.0.1:33275 - 0 ] INFO  ipc.Client (Client.java:handleConnectionFailure(1010)) - Retrying connect to server: localhost/127.0.0.1:33275. Already tried 13 time(s); retry policy is RetryUpToMaximumCountWithFixedSleep(maxRetries=15, sleepTime=1000 MILLISECONDS)
2023-03-09 15:02:32,074 [EndpointStateMachine task thread for /127.0.0.1:35467 - 0 ] INFO  ipc.Client (Client.java:handleConnectionFailure(1010)) - Retrying connect to server: localhost/127.0.0.1:35467. Already tried 7 time(s); retry policy is RetryUpToMaximumCountWithFixedSleep(maxRetries=15, sleepTime=1000 MILLISECONDS)
2023-03-09 15:02:32,722 [EndpointStateMachine task thread for /127.0.0.1:33275 - 0 ] INFO  ipc.Client (Client.java:handleConnectionFailure(1010)) - Retrying connect to server: localhost/127.0.0.1:33275. Already tried 14 time(s); retry policy is RetryUpToMaximumCountWithFixedSleep(maxRetries=15, sleepTime=1000 MILLISECONDS)
2023-03-09 15:02:32,723 [EndpointStateMachine task thread for /127.0.0.1:33275 - 0 ] WARN  statemachine.EndpointStateMachine (EndpointStateMachine.java:logIfNeeded(242)) - Unable to communicate to SCM server at localhost:33275 for past 0 seconds.
java.net.ConnectException: Call From fv-az377-502/10.1.0.44 to localhost:33275 failed on connection exception: java.net.ConnectException: Connection refused; For more details see:  http://wiki.apache.org/hadoop/ConnectionRefused
	at sun.reflect.GeneratedConstructorAccessor79.newInstance(Unknown Source)
	at sun.reflect.DelegatingConstructorAccessorImpl.newInstance(DelegatingConstructorAccessorImpl.java:45)
	at java.lang.reflect.Constructor.newInstance(Constructor.java:423)
	at org.apache.hadoop.net.NetUtils.wrapWithMessage(NetUtils.java:913)
	at org.apache.hadoop.net.NetUtils.wrapException(NetUtils.java:828)
	at org.apache.hadoop.ipc.Client.getRpcResponse(Client.java:1616)
	at org.apache.hadoop.ipc.Client.call(Client.java:1558)
	at org.apache.hadoop.ipc.Client.call(Client.java:1455)
	at org.apache.hadoop.ipc.ProtobufRpcEngine$Invoker.invoke(ProtobufRpcEngine.java:235)
	at org.apache.hadoop.ipc.ProtobufRpcEngine$Invoker.invoke(ProtobufRpcEngine.java:122)
	at com.sun.proxy.$Proxy54.submitRequest(Unknown Source)
	at org.apache.hadoop.ozone.protocolPB.StorageContainerDatanodeProtocolClientSideTranslatorPB.submitRequest(StorageContainerDatanodeProtocolClientSideTranslatorPB.java:117)
	at org.apache.hadoop.ozone.protocolPB.StorageContainerDatanodeProtocolClientSideTranslatorPB.sendHeartbeat(StorageContainerDatanodeProtocolClientSideTranslatorPB.java:149)
	at org.apache.hadoop.ozone.container.common.states.endpoint.HeartbeatEndpointTask.call(HeartbeatEndpointTask.java:185)
	at org.apache.hadoop.ozone.container.common.states.endpoint.HeartbeatEndpointTask.call(HeartbeatEndpointTask.java:87)
	at java.util.concurrent.FutureTask.run(FutureTask.java:266)
	at java.util.concurrent.ThreadPoolExecutor.runWorker(ThreadPoolExecutor.java:1149)
	at java.util.concurrent.ThreadPoolExecutor$Worker.run(ThreadPoolExecutor.java:624)
	at java.lang.Thread.run(Thread.java:750)
Caused by: java.net.ConnectException: Connection refused
	at sun.nio.ch.SocketChannelImpl.checkConnect(Native Method)
	at sun.nio.ch.SocketChannelImpl.finishConnect(SocketChannelImpl.java:716)
	at org.apache.hadoop.net.SocketIOWithTimeout.connect(SocketIOWithTimeout.java:205)
	at org.apache.hadoop.net.NetUtils.connect(NetUtils.java:586)
	at org.apache.hadoop.ipc.Client$Connection.setupConnection(Client.java:711)
	at org.apache.hadoop.ipc.Client$Connection.setupIOstreams(Client.java:833)
	at org.apache.hadoop.ipc.Client$Connection.access$3800(Client.java:414)
	at org.apache.hadoop.ipc.Client.getConnection(Client.java:1677)
	at org.apache.hadoop.ipc.Client.call(Client.java:1502)
	... 12 more
2023-03-09 15:02:33,075 [EndpointStateMachine task thread for /127.0.0.1:35467 - 0 ] INFO  ipc.Client (Client.java:handleConnectionFailure(1010)) - Retrying connect to server: localhost/127.0.0.1:35467. Already tried 8 time(s); retry policy is RetryUpToMaximumCountWithFixedSleep(maxRetries=15, sleepTime=1000 MILLISECONDS)
2023-03-09 15:02:33,336 [Listener at 0.0.0.0/35817] INFO  retry.RetryInvocationHandler (RetryInvocationHandler.java:log(411)) - com.google.protobuf.ServiceException: org.apache.hadoop.ipc.RemoteException(org.apache.hadoop.hdds.ratis.ServerNotLeaderException): Server:78133a0d-b1a6-42b2-bde2-9d54c1b1446c is not the leader. Could not determine the leader node.
	at org.apache.hadoop.hdds.ratis.ServerNotLeaderException.convertToNotLeaderException(ServerNotLeaderException.java:109)
	at org.apache.hadoop.hdds.scm.ha.RatisUtil.checkRatisException(RatisUtil.java:246)
	at org.apache.hadoop.hdds.scm.protocol.ScmBlockLocationProtocolServerSideTranslatorPB.send(ScmBlockLocationProtocolServerSideTranslatorPB.java:109)
	at org.apache.hadoop.hdds.protocol.proto.ScmBlockLocationProtocolProtos$ScmBlockLocationProtocolService$2.callBlockingMethod(ScmBlockLocationProtocolProtos.java:14220)
	at org.apache.hadoop.ipc.ProtobufRpcEngine$Server.processCall(ProtobufRpcEngine.java:465)
	at org.apache.hadoop.ipc.ProtobufRpcEngine2$Server$ProtoBufRpcInvoker.call(ProtobufRpcEngine2.java:578)
	at org.apache.hadoop.ipc.ProtobufRpcEngine2$Server$ProtoBufRpcInvoker.call(ProtobufRpcEngine2.java:556)
	at org.apache.hadoop.ipc.RPC$Server.call(RPC.java:1093)
	at org.apache.hadoop.ipc.Server$RpcCall.run(Server.java:1043)
	at org.apache.hadoop.ipc.Server$RpcCall.run(Server.java:971)
	at java.security.AccessController.doPrivileged(Native Method)
	at javax.security.auth.Subject.doAs(Subject.java:422)
	at org.apache.hadoop.security.UserGroupInformation.doAs(UserGroupInformation.java:1878)
	at org.apache.hadoop.ipc.Server$Handler.run(Server.java:2976)
, while invoking $Proxy46.send over nodeId=scmNode-1,nodeAddress=/127.0.0.1:42359 after 2 failover attempts. Trying to failover after sleeping for 2000ms.
2023-03-09 15:02:33,724 [EndpointStateMachine task thread for /127.0.0.1:33275 - 0 ] INFO  ipc.Client (Client.java:handleConnectionFailure(1010)) - Retrying connect to server: localhost/127.0.0.1:33275. Already tried 0 time(s); retry policy is RetryUpToMaximumCountWithFixedSleep(maxRetries=15, sleepTime=1000 MILLISECONDS)
2023-03-09 15:02:34,076 [EndpointStateMachine task thread for /127.0.0.1:35467 - 0 ] INFO  ipc.Client (Client.java:handleConnectionFailure(1010)) - Retrying connect to server: localhost/127.0.0.1:35467. Already tried 9 time(s); retry policy is RetryUpToMaximumCountWithFixedSleep(maxRetries=15, sleepTime=1000 MILLISECONDS)
2023-03-09 15:02:34,415 [78133a0d-b1a6-42b2-bde2-9d54c1b1446c@group-3FFAE63FFF50-FollowerState] INFO  impl.FollowerState (FollowerState.java:run(143)) - 78133a0d-b1a6-42b2-bde2-9d54c1b1446c@group-3FFAE63FFF50-FollowerState: change to CANDIDATE, lastRpcElapsedTime:5195895859ns, electionTimeout:5195ms
2023-03-09 15:02:34,415 [78133a0d-b1a6-42b2-bde2-9d54c1b1446c@group-3FFAE63FFF50-FollowerState] INFO  impl.RoleInfo (RoleInfo.java:shutdownFollowerState(110)) - 78133a0d-b1a6-42b2-bde2-9d54c1b1446c: shutdown 78133a0d-b1a6-42b2-bde2-9d54c1b1446c@group-3FFAE63FFF50-FollowerState
2023-03-09 15:02:34,415 [78133a0d-b1a6-42b2-bde2-9d54c1b1446c@group-3FFAE63FFF50-FollowerState] INFO  server.RaftServer$Division (RaftServerImpl.java:setRole(321)) - 78133a0d-b1a6-42b2-bde2-9d54c1b1446c@group-3FFAE63FFF50: changes role from  FOLLOWER to CANDIDATE at term 1 for changeToCandidate
2023-03-09 15:02:34,415 [78133a0d-b1a6-42b2-bde2-9d54c1b1446c@group-3FFAE63FFF50-FollowerState] INFO  server.RaftServerConfigKeys (ConfUtils.java:logGet(46)) - raft.server.leaderelection.pre-vote = true (default)
2023-03-09 15:02:34,415 [78133a0d-b1a6-42b2-bde2-9d54c1b1446c@group-3FFAE63FFF50-FollowerState] INFO  impl.RoleInfo (RoleInfo.java:updateAndGet(139)) - 78133a0d-b1a6-42b2-bde2-9d54c1b1446c: start 78133a0d-b1a6-42b2-bde2-9d54c1b1446c@group-3FFAE63FFF50-LeaderElection63
2023-03-09 15:02:34,418 [78133a0d-b1a6-42b2-bde2-9d54c1b1446c@group-3FFAE63FFF50-LeaderElection63] INFO  impl.LeaderElection (LeaderElection.java:askForVotes(312)) - 78133a0d-b1a6-42b2-bde2-9d54c1b1446c@group-3FFAE63FFF50-LeaderElection63 PRE_VOTE round 0: submit vote requests at term 1 for 0: peers:[78133a0d-b1a6-42b2-bde2-9d54c1b1446c|rpc:localhost:36295|admin:|client:|dataStream:|priority:0|startupRole:FOLLOWER]|listeners:[], old=null
2023-03-09 15:02:34,418 [78133a0d-b1a6-42b2-bde2-9d54c1b1446c@group-3FFAE63FFF50-LeaderElection63] INFO  impl.LeaderElection (LeaderElection.java:askForVotes(314)) - 78133a0d-b1a6-42b2-bde2-9d54c1b1446c@group-3FFAE63FFF50-LeaderElection63 PRE_VOTE round 0: result PASSED (term=1)
2023-03-09 15:02:34,420 [78133a0d-b1a6-42b2-bde2-9d54c1b1446c@group-3FFAE63FFF50-LeaderElection63] INFO  impl.LeaderElection (LeaderElection.java:askForVotes(312)) - 78133a0d-b1a6-42b2-bde2-9d54c1b1446c@group-3FFAE63FFF50-LeaderElection63 ELECTION round 0: submit vote requests at term 2 for 0: peers:[78133a0d-b1a6-42b2-bde2-9d54c1b1446c|rpc:localhost:36295|admin:|client:|dataStream:|priority:0|startupRole:FOLLOWER]|listeners:[], old=null
2023-03-09 15:02:34,420 [78133a0d-b1a6-42b2-bde2-9d54c1b1446c@group-3FFAE63FFF50-LeaderElection63] INFO  impl.LeaderElection (LeaderElection.java:askForVotes(314)) - 78133a0d-b1a6-42b2-bde2-9d54c1b1446c@group-3FFAE63FFF50-LeaderElection63 ELECTION round 0: result PASSED (term=2)
2023-03-09 15:02:34,420 [78133a0d-b1a6-42b2-bde2-9d54c1b1446c@group-3FFAE63FFF50-LeaderElection63] INFO  impl.RoleInfo (RoleInfo.java:shutdownLeaderElection(130)) - 78133a0d-b1a6-42b2-bde2-9d54c1b1446c: shutdown 78133a0d-b1a6-42b2-bde2-9d54c1b1446c@group-3FFAE63FFF50-LeaderElection63
2023-03-09 15:02:34,420 [78133a0d-b1a6-42b2-bde2-9d54c1b1446c@group-3FFAE63FFF50-LeaderElection63] INFO  server.RaftServer$Division (RaftServerImpl.java:setRole(321)) - 78133a0d-b1a6-42b2-bde2-9d54c1b1446c@group-3FFAE63FFF50: changes role from CANDIDATE to LEADER at term 2 for changeToLeader
2023-03-09 15:02:34,420 [78133a0d-b1a6-42b2-bde2-9d54c1b1446c@group-3FFAE63FFF50-LeaderElection63] INFO  ha.SCMStateMachine (SCMStateMachine.java:notifyLeaderChanged(274)) - current SCM becomes leader of term 2.
2023-03-09 15:02:34,420 [78133a0d-b1a6-42b2-bde2-9d54c1b1446c@group-3FFAE63FFF50-LeaderElection63] INFO  ha.SCMContext (SCMContext.java:updateLeaderAndTerm(99)) - update <isLeader,term> from <false,0> to <true,2>
2023-03-09 15:02:34,420 [78133a0d-b1a6-42b2-bde2-9d54c1b1446c@group-3FFAE63FFF50-LeaderElection63] INFO  server.RaftServer$Division (ServerState.java:setLeader(313)) - 78133a0d-b1a6-42b2-bde2-9d54c1b1446c@group-3FFAE63FFF50: change Leader from null to 78133a0d-b1a6-42b2-bde2-9d54c1b1446c at term 2 for becomeLeader, leader elected after 5301ms
2023-03-09 15:02:34,420 [78133a0d-b1a6-42b2-bde2-9d54c1b1446c@group-3FFAE63FFF50-LeaderElection63] INFO  server.RaftServerConfigKeys (ConfUtils.java:logGet(46)) - raft.server.staging.catchup.gap = 1000 (default)
2023-03-09 15:02:34,421 [78133a0d-b1a6-42b2-bde2-9d54c1b1446c@group-3FFAE63FFF50-LeaderElection63] INFO  server.RaftServerConfigKeys (ConfUtils.java:logGet(46)) - raft.server.write.element-limit = 4096 (default)
2023-03-09 15:02:34,421 [78133a0d-b1a6-42b2-bde2-9d54c1b1446c@group-3FFAE63FFF50-LeaderElection63] INFO  server.RaftServerConfigKeys (ConfUtils.java:logGet(46)) - raft.server.write.byte-limit = 64MB (=67108864) (default)
2023-03-09 15:02:34,421 [78133a0d-b1a6-42b2-bde2-9d54c1b1446c@group-3FFAE63FFF50-LeaderElection63] INFO  server.RaftServerConfigKeys (ConfUtils.java:logGet(46)) - raft.server.watch.timeout = 10s (default)
2023-03-09 15:02:34,421 [78133a0d-b1a6-42b2-bde2-9d54c1b1446c@group-3FFAE63FFF50-LeaderElection63] INFO  server.RaftServerConfigKeys (ConfUtils.java:logGet(46)) - raft.server.watch.timeout.denomination = 1s (default)
2023-03-09 15:02:34,421 [78133a0d-b1a6-42b2-bde2-9d54c1b1446c@group-3FFAE63FFF50-LeaderElection63] INFO  server.RaftServerConfigKeys (ConfUtils.java:logGet(46)) - raft.server.watch.element-limit = 65536 (default)
2023-03-09 15:02:34,421 [78133a0d-b1a6-42b2-bde2-9d54c1b1446c@group-3FFAE63FFF50-LeaderElection63] INFO  server.RaftServerConfigKeys (ConfUtils.java:logGet(46)) - raft.server.write.element-limit = 4096 (default)
2023-03-09 15:02:34,421 [78133a0d-b1a6-42b2-bde2-9d54c1b1446c@group-3FFAE63FFF50-LeaderElection63] INFO  server.RaftServerConfigKeys (ConfUtils.java:logGet(46)) - raft.server.write.follower.gap.ratio.max = -1.0 (default)
2023-03-09 15:02:34,421 [78133a0d-b1a6-42b2-bde2-9d54c1b1446c@group-3FFAE63FFF50-LeaderElection63] INFO  impl.RoleInfo (RoleInfo.java:updateAndGet(139)) - 78133a0d-b1a6-42b2-bde2-9d54c1b1446c: start 78133a0d-b1a6-42b2-bde2-9d54c1b1446c@group-3FFAE63FFF50-LeaderStateImpl
2023-03-09 15:02:34,422 [78133a0d-b1a6-42b2-bde2-9d54c1b1446c@group-3FFAE63FFF50-LeaderElection63] INFO  segmented.SegmentedRaftLogWorker (SegmentedRaftLogWorker.java:rollLogSegment(457)) - 78133a0d-b1a6-42b2-bde2-9d54c1b1446c@group-3FFAE63FFF50-SegmentedRaftLogWorker: Rolling segment log-0_0 to index:0
2023-03-09 15:02:34,424 [78133a0d-b1a6-42b2-bde2-9d54c1b1446c@group-3FFAE63FFF50-SegmentedRaftLogWorker] INFO  segmented.SegmentedRaftLogWorker (SegmentedRaftLogWorker.java:execute(613)) - 78133a0d-b1a6-42b2-bde2-9d54c1b1446c@group-3FFAE63FFF50-SegmentedRaftLogWorker: Rolled log segment from /home/runner/work/ozone/ozone/hadoop-ozone/integration-test/target/test-dir/MiniOzoneClusterImpl-0534e788-6c20-4d4d-bf72-3ffae63fff50/scmNode-1/scm-ha/0534e788-6c20-4d4d-bf72-3ffae63fff50/current/log_inprogress_0 to /home/runner/work/ozone/ozone/hadoop-ozone/integration-test/target/test-dir/MiniOzoneClusterImpl-0534e788-6c20-4d4d-bf72-3ffae63fff50/scmNode-1/scm-ha/0534e788-6c20-4d4d-bf72-3ffae63fff50/current/log_0-0
2023-03-09 15:02:34,429 [78133a0d-b1a6-42b2-bde2-9d54c1b1446c@group-3FFAE63FFF50-LeaderElection63] INFO  server.RaftServer$Division (ServerState.java:setRaftConf(430)) - 78133a0d-b1a6-42b2-bde2-9d54c1b1446c@group-3FFAE63FFF50: set configuration 1: peers:[78133a0d-b1a6-42b2-bde2-9d54c1b1446c|rpc:localhost:36295|admin:|client:|dataStream:|priority:0|startupRole:FOLLOWER]|listeners:[], old=null
2023-03-09 15:02:34,437 [78133a0d-b1a6-42b2-bde2-9d54c1b1446c@group-3FFAE63FFF50-SegmentedRaftLogWorker] INFO  segmented.SegmentedRaftLogWorker (SegmentedRaftLogWorker.java:execute(656)) - 78133a0d-b1a6-42b2-bde2-9d54c1b1446c@group-3FFAE63FFF50-SegmentedRaftLogWorker: created new log segment /home/runner/work/ozone/ozone/hadoop-ozone/integration-test/target/test-dir/MiniOzoneClusterImpl-0534e788-6c20-4d4d-bf72-3ffae63fff50/scmNode-1/scm-ha/0534e788-6c20-4d4d-bf72-3ffae63fff50/current/log_inprogress_1
2023-03-09 15:02:34,438 [78133a0d-b1a6-42b2-bde2-9d54c1b1446c@group-3FFAE63FFF50-StateMachineUpdater] INFO  ha.SCMContext (SCMContext.java:setLeaderReady(126)) - update <isLeaderReady> from <false> to <true>
2023-03-09 15:02:34,439 [78133a0d-b1a6-42b2-bde2-9d54c1b1446c@group-3FFAE63FFF50-StateMachineUpdater] INFO  pipeline.BackgroundPipelineCreator (BackgroundPipelineCreator.java:notifyStatusChanged(254)) - Service BackgroundPipelineCreator transitions to RUNNING.
2023-03-09 15:02:34,447 [78133a0d-b1a6-42b2-bde2-9d54c1b1446c@group-3FFAE63FFF50-StateMachineUpdater] INFO  safemode.HealthyPipelineSafeModeRule (HealthyPipelineSafeModeRule.java:initializeRule(165)) - Refreshed total pipeline count is 0, healthy pipeline threshold count is 1
2023-03-09 15:02:34,447 [78133a0d-b1a6-42b2-bde2-9d54c1b1446c@group-3FFAE63FFF50-StateMachineUpdater] INFO  safemode.ContainerSafeModeRule (ContainerSafeModeRule.java:reInitializeRule(177)) - Refreshed one replica container threshold 0, currentThreshold 0
2023-03-09 15:02:34,447 [78133a0d-b1a6-42b2-bde2-9d54c1b1446c@group-3FFAE63FFF50-StateMachineUpdater] INFO  safemode.OneReplicaPipelineSafeModeRule (OneReplicaPipelineSafeModeRule.java:initializeRule(176)) - Refreshed Total pipeline count is 0, pipeline's with at least one datanode reported threshold count is 0
2023-03-09 15:02:34,447 [78133a0d-b1a6-42b2-bde2-9d54c1b1446c@group-3FFAE63FFF50-StateMachineUpdater] INFO  server.SCMDatanodeProtocolServer (SCMDatanodeProtocolServer.java:start(193)) - ScmDatanodeProtocol RPC server for DataNodes is listening at /0.0.0.0:35345
2023-03-09 15:02:34,450 [IPC Server listener on 35345] INFO  ipc.Server (Server.java:run(1352)) - IPC Server listener on 35345: starting
2023-03-09 15:02:34,464 [IPC Server Responder] INFO  ipc.Server (Server.java:run(1512)) - IPC Server Responder: starting
2023-03-09 15:02:34,725 [EndpointStateMachine task thread for /127.0.0.1:33275 - 0 ] INFO  ipc.Client (Client.java:handleConnectionFailure(1010)) - Retrying connect to server: localhost/127.0.0.1:33275. Already tried 1 time(s); retry policy is RetryUpToMaximumCountWithFixedSleep(maxRetries=15, sleepTime=1000 MILLISECONDS)
2023-03-09 15:02:35,077 [EndpointStateMachine task thread for /127.0.0.1:35467 - 0 ] INFO  ipc.Client (Client.java:handleConnectionFailure(1010)) - Retrying connect to server: localhost/127.0.0.1:35467. Already tried 10 time(s); retry policy is RetryUpToMaximumCountWithFixedSleep(maxRetries=15, sleepTime=1000 MILLISECONDS)
OM initialization succeeded.Current cluster id for sd=/home/runner/work/ozone/ozone/hadoop-ozone/integration-test/target/test-dir/MiniOzoneClusterImpl-0534e788-6c20-4d4d-bf72-3ffae63fff50/omNode-1/om;cid=0534e788-6c20-4d4d-bf72-3ffae63fff50;layoutVersion=3
2023-03-09 15:02:35,340 [Listener at 0.0.0.0/35817] INFO  ha.OMHANodeDetails (OMHANodeDetails.java:loadOMHAConfig(121)) - ServiceID for OzoneManager is om-add-remove
2023-03-09 15:02:35,340 [Listener at 0.0.0.0/35817] INFO  ha.OMHANodeDetails (OMHANodeDetails.java:loadOMHAConfig(201)) - Found matching OM address with OMServiceId: om-add-remove, OMNodeId: omNode-1, RPC Address: localhost:45353 and Ratis port: 41321
2023-03-09 15:02:35,340 [Listener at 0.0.0.0/35817] INFO  ha.OMHANodeDetails (ConfUtils.java:setNodeSpecificConfigs(97)) - Setting configuration key ozone.om.http-address with value of key ozone.om.http-address.om-add-remove.omNode-1: 127.0.0.1:36751
2023-03-09 15:02:35,341 [Listener at 0.0.0.0/35817] INFO  ha.OMHANodeDetails (ConfUtils.java:setNodeSpecificConfigs(97)) - Setting configuration key ozone.om.https-address with value of key ozone.om.https-address.om-add-remove.omNode-1: 127.0.0.1:42149
2023-03-09 15:02:35,341 [Listener at 0.0.0.0/35817] INFO  ha.OMHANodeDetails (ConfUtils.java:setNodeSpecificConfigs(97)) - Setting configuration key ozone.om.address with value of key ozone.om.address.om-add-remove.omNode-1: 127.0.0.1:45353
2023-03-09 15:02:35,341 [Listener at 0.0.0.0/35817] WARN  server.ServerUtils (ServerUtils.java:getDBPath(225)) - ozone.om.db.dirs is not configured. We recommend adding this setting. Falling back to ozone.metadata.dirs instead.
2023-03-09 15:02:35,342 [Listener at 0.0.0.0/35817] INFO  upgrade.AbstractLayoutVersionManager (AbstractLayoutVersionManager.java:init(83)) - Initializing Layout version manager with metadata layout = MULTITENANCY_SCHEMA (version = 3), software layout = MULTITENANCY_SCHEMA (version = 3)
2023-03-09 15:02:35,411 [Listener at 0.0.0.0/35817] INFO  reflections.Reflections (Reflections.java:scan(232)) - Reflections took 67 ms to scan 2 urls, producing 167 keys and 459 values [using 2 cores]
2023-03-09 15:02:35,411 [Listener at 0.0.0.0/35817] INFO  upgrade.OMLayoutVersionManager (OMLayoutVersionManager.java:lambda$0(115)) - Skipping Upgrade Action MockOmUpgradeAction since it has been finalized.
2023-03-09 15:02:35,411 [Listener at 0.0.0.0/35817] WARN  server.ServerUtils (ServerUtils.java:getDBPath(225)) - ozone.om.db.dirs is not configured. We recommend adding this setting. Falling back to ozone.metadata.dirs instead.
2023-03-09 15:02:35,412 [Listener at 0.0.0.0/35817] INFO  ha.SCMNodeInfo (SCMNodeInfo.java:getPort(197)) - ConfigKey ozone.scm.client.address is deprecated, For configuring different ports for each SCM use PortConfigKey ozone.scm.client.port appended with serviceId and nodeId
2023-03-09 15:02:35,412 [Listener at 0.0.0.0/35817] INFO  ha.SCMNodeInfo (SCMNodeInfo.java:getPort(197)) - ConfigKey ozone.scm.block.client.address is deprecated, For configuring different ports for each SCM use PortConfigKey ozone.scm.block.client.port appended with serviceId and nodeId
2023-03-09 15:02:35,412 [Listener at 0.0.0.0/35817] INFO  ha.SCMNodeInfo (SCMNodeInfo.java:getPort(197)) - ConfigKey ozone.scm.datanode.address is deprecated, For configuring different ports for each SCM use PortConfigKey ozone.scm.datanode.port appended with serviceId and nodeId
2023-03-09 15:02:35,413 [Listener at 0.0.0.0/35817] INFO  ha.SCMNodeInfo (SCMNodeInfo.java:getPort(197)) - ConfigKey ozone.scm.client.address is deprecated, For configuring different ports for each SCM use PortConfigKey ozone.scm.client.port appended with serviceId and nodeId
2023-03-09 15:02:35,413 [Listener at 0.0.0.0/35817] INFO  ha.SCMNodeInfo (SCMNodeInfo.java:getPort(197)) - ConfigKey ozone.scm.block.client.address is deprecated, For configuring different ports for each SCM use PortConfigKey ozone.scm.block.client.port appended with serviceId and nodeId
2023-03-09 15:02:35,413 [Listener at 0.0.0.0/35817] INFO  ha.SCMNodeInfo (SCMNodeInfo.java:getPort(197)) - ConfigKey ozone.scm.datanode.address is deprecated, For configuring different ports for each SCM use PortConfigKey ozone.scm.datanode.port appended with serviceId and nodeId
2023-03-09 15:02:35,413 [Listener at 0.0.0.0/35817] INFO  proxy.SCMBlockLocationFailoverProxyProvider (SCMBlockLocationFailoverProxyProvider.java:<init>(114)) - Created block location fail-over proxy with 1 nodes: [nodeId=scmNode-1,nodeAddress=/127.0.0.1:42359]
2023-03-09 15:02:35,414 [Listener at 0.0.0.0/35817] INFO  ha.SCMNodeInfo (SCMNodeInfo.java:getPort(197)) - ConfigKey ozone.scm.client.address is deprecated, For configuring different ports for each SCM use PortConfigKey ozone.scm.client.port appended with serviceId and nodeId
2023-03-09 15:02:35,415 [Listener at 0.0.0.0/35817] INFO  ha.SCMNodeInfo (SCMNodeInfo.java:getPort(197)) - ConfigKey ozone.scm.block.client.address is deprecated, For configuring different ports for each SCM use PortConfigKey ozone.scm.block.client.port appended with serviceId and nodeId
2023-03-09 15:02:35,415 [Listener at 0.0.0.0/35817] INFO  ha.SCMNodeInfo (SCMNodeInfo.java:getPort(197)) - ConfigKey ozone.scm.datanode.address is deprecated, For configuring different ports for each SCM use PortConfigKey ozone.scm.datanode.port appended with serviceId and nodeId
2023-03-09 15:02:35,415 [Listener at 0.0.0.0/35817] INFO  proxy.SCMBlockLocationFailoverProxyProvider (SCMBlockLocationFailoverProxyProvider.java:<init>(114)) - Created block location fail-over proxy with 1 nodes: [nodeId=scmNode-1,nodeAddress=/127.0.0.1:42359]
2023-03-09 15:02:35,422 [Listener at 0.0.0.0/35817] INFO  om.OzoneManager (OzoneManager.java:<init>(619)) - OM start with adminUsers: [runner]
2023-03-09 15:02:35,424 [Listener at 0.0.0.0/35817] WARN  server.ServerUtils (ServerUtils.java:getDBPath(225)) - ozone.om.db.dirs is not configured. We recommend adding this setting. Falling back to ozone.metadata.dirs instead.
2023-03-09 15:02:35,424 [Listener at 0.0.0.0/35817] INFO  codec.OmKeyInfoCodec (OmKeyInfoCodec.java:<init>(49)) - OmKeyInfoCodec ignorePipeline = true
2023-03-09 15:02:35,424 [Listener at 0.0.0.0/35817] INFO  codec.RepeatedOmKeyInfoCodec (RepeatedOmKeyInfoCodec.java:<init>(41)) - RepeatedOmKeyInfoCodec ignorePipeline = true
2023-03-09 15:02:35,643 [Listener at 0.0.0.0/35817] INFO  om.OzoneManager (OzoneManager.java:instantiateServices(749)) - S3 Multi-Tenancy is disabled
2023-03-09 15:02:35,644 [Listener at 0.0.0.0/35817] WARN  server.ServerUtils (ServerUtils.java:getDBPath(225)) - ozone.om.snapshot.diff.db.dir is not configured. We recommend adding this setting. Falling back to ozone.metadata.dirs instead.
2023-03-09 15:02:35,662 [Listener at 0.0.0.0/35817] INFO  om.OzoneManager (OzoneManager.java:addS3GVolumeToDB(4217)) - Created Volume s3v With Owner runner required for S3Gateway operations.
2023-03-09 15:02:35,662 [Listener at 0.0.0.0/35817] WARN  server.ServerUtils (ServerUtils.java:getDefaultRatisDirectory(237)) - Storage directory for Ratis is not configured. It is a good idea to map this to an SSD disk. Falling back to ozone.metadata.dirs
2023-03-09 15:02:35,662 [Listener at 0.0.0.0/35817] WARN  utils.OzoneManagerRatisUtils (OzoneManagerRatisUtils.java:getOMRatisSnapshotDirectory(436)) - ozone.om.ratis.snapshot.dir is not configured. Falling back to ozone.metadata.dirs config
2023-03-09 15:02:35,662 [Listener at 0.0.0.0/35817] WARN  impl.MetricRegistriesImpl (MetricRegistriesImpl.java:addReporterRegistration(111)) - New reporters are added after registries were created. Some metrics will be missing from the reporter. Please add reporter before adding any new registry.
2023-03-09 15:02:35,663 [Listener at 0.0.0.0/35817] WARN  impl.MetricRegistriesImpl (MetricRegistriesImpl.java:addReporterRegistration(111)) - New reporters are added after registries were created. Some metrics will be missing from the reporter. Please add reporter before adding any new registry.
2023-03-09 15:02:35,663 [Listener at 0.0.0.0/35817] WARN  server.ServerUtils (ServerUtils.java:getDefaultRatisDirectory(237)) - Storage directory for Ratis is not configured. It is a good idea to map this to an SSD disk. Falling back to ozone.metadata.dirs
2023-03-09 15:02:35,664 [Listener at 0.0.0.0/35817] INFO  ratis.OzoneManagerRatisServer (OzoneManagerRatisServer.java:<init>(164)) - Instantiating OM Ratis server with groupID: om-add-remove and peers: localhost:41321
2023-03-09 15:02:35,664 [Listener at 0.0.0.0/35817] INFO  ratis.OzoneManagerStateMachine (OzoneManagerStateMachine.java:loadSnapshotInfoFromDB(636)) - LastAppliedIndex is set from TransactionInfo from OM DB as (t:0, i:~)
2023-03-09 15:02:35,666 [Listener at 0.0.0.0/35817] INFO  server.RaftServer (ConfUtils.java:logGet(46)) - raft.rpc.type = GRPC (default)
2023-03-09 15:02:35,666 [Listener at 0.0.0.0/35817] INFO  grpc.GrpcConfigKeys (ConfUtils.java:logFallback(53)) - raft.grpc.admin.host = null (fallback to raft.grpc.server.host)
2023-03-09 15:02:35,666 [Listener at 0.0.0.0/35817] INFO  grpc.GrpcConfigKeys (ConfUtils.java:logFallback(53)) - raft.grpc.admin.port = 41321 (fallback to raft.grpc.server.port)
2023-03-09 15:02:35,666 [Listener at 0.0.0.0/35817] INFO  grpc.GrpcConfigKeys (ConfUtils.java:logFallback(53)) - raft.grpc.client.host = null (fallback to raft.grpc.server.host)
2023-03-09 15:02:35,667 [Listener at 0.0.0.0/35817] INFO  grpc.GrpcConfigKeys (ConfUtils.java:logFallback(53)) - raft.grpc.client.port = 41321 (fallback to raft.grpc.server.port)
2023-03-09 15:02:35,667 [Listener at 0.0.0.0/35817] INFO  grpc.GrpcConfigKeys (ConfUtils.java:logGet(46)) - raft.grpc.server.host = null (default)
2023-03-09 15:02:35,667 [Listener at 0.0.0.0/35817] INFO  grpc.GrpcConfigKeys (ConfUtils.java:logGet(46)) - raft.grpc.server.port = 41321 (custom)
2023-03-09 15:02:35,667 [Listener at 0.0.0.0/35817] INFO  server.GrpcService (ConfUtils.java:logGet(46)) - raft.grpc.message.size.max = 33554432 (custom)
2023-03-09 15:02:35,667 [Listener at 0.0.0.0/35817] INFO  server.RaftServerConfigKeys (ConfUtils.java:logGet(46)) - raft.server.log.appender.buffer.byte-limit = 33554432 (custom)
2023-03-09 15:02:35,668 [Listener at 0.0.0.0/35817] INFO  server.GrpcService (ConfUtils.java:logGet(46)) - raft.grpc.flow.control.window = 1MB (=1048576) (default)
2023-03-09 15:02:35,668 [Listener at 0.0.0.0/35817] INFO  server.RaftServerConfigKeys (ConfUtils.java:logGet(46)) - raft.server.rpc.request.timeout = 3000ms (default)
2023-03-09 15:02:35,668 [Listener at 0.0.0.0/35817] INFO  grpc.GrpcConfigKeys (ConfUtils.java:logGet(46)) - raft.grpc.server.heartbeat.channel = true (default)
2023-03-09 15:02:35,668 [Listener at 0.0.0.0/35817] INFO  grpc.GrpcConfigKeys (ConfUtils.java:logGet(46)) - raft.grpc.server.async.request.thread.pool.cached = true (default)
2023-03-09 15:02:35,668 [Listener at 0.0.0.0/35817] INFO  grpc.GrpcConfigKeys (ConfUtils.java:logGet(46)) - raft.grpc.server.async.request.thread.pool.size = 32 (default)
2023-03-09 15:02:35,670 [Listener at 0.0.0.0/35817] INFO  impl.DataStreamServerImpl (ConfUtils.java:logGet(46)) - raft.datastream.type = DISABLED (default)
2023-03-09 15:02:35,670 [Listener at 0.0.0.0/35817] INFO  server.RaftServerConfigKeys (ConfUtils.java:logGet(46)) - raft.server.threadpool.proxy.cached = true (default)
2023-03-09 15:02:35,670 [Listener at 0.0.0.0/35817] INFO  server.RaftServerConfigKeys (ConfUtils.java:logGet(46)) - raft.server.threadpool.proxy.size = 0 (default)
2023-03-09 15:02:35,670 [Listener at 0.0.0.0/35817] INFO  server.RaftServerConfigKeys (ConfUtils.java:logGet(46)) - raft.server.rpc.slowness.timeout = 2s (custom)
2023-03-09 15:02:35,670 [Listener at 0.0.0.0/35817] INFO  server.RaftServerConfigKeys (ConfUtils.java:logGet(46)) - raft.server.leaderelection.leader.step-down.wait-time = 10s (default)
2023-03-09 15:02:35,671 [Listener at 0.0.0.0/35817] INFO  server.RaftServerConfigKeys (ConfUtils.java:logGet(46)) - raft.server.storage.dir = [/home/runner/work/ozone/ozone/hadoop-ozone/integration-test/target/test-dir/MiniOzoneClusterImpl-0534e788-6c20-4d4d-bf72-3ffae63fff50/omNode-1/ratis] (custom)
2023-03-09 15:02:35,679 [Listener at 0.0.0.0/35817] INFO  server.RaftServer (RaftServerProxy.java:addNew(96)) - omNode-1: addNew group-0AAC5367B30E:[omNode-1|rpc:localhost:41321|priority:0|startupRole:FOLLOWER] returns group-0AAC5367B30E:java.util.concurrent.CompletableFuture@138530d8[Not completed]
2023-03-09 15:02:35,679 [Listener at 0.0.0.0/35817] INFO  om.OzoneManager (OzoneManager.java:initializeRatisServer(2096)) - OzoneManager Ratis server initialized at port 41321
2023-03-09 15:02:35,679 [Listener at 0.0.0.0/35817] INFO  om.OzoneManager (OzoneManager.java:getRpcServer(1132)) - Creating RPC Server
2023-03-09 15:02:35,680 [pool-1286-thread-1] INFO  server.RaftServer$Division (RaftServerImpl.java:<init>(195)) - omNode-1: new RaftServerImpl for group-0AAC5367B30E:[omNode-1|rpc:localhost:41321|priority:0|startupRole:FOLLOWER] with OzoneManagerStateMachine:uninitialized
2023-03-09 15:02:35,680 [pool-1286-thread-1] INFO  server.RaftServerConfigKeys (ConfUtils.java:logGet(46)) - raft.server.rpc.timeout.min = 1s (custom)
2023-03-09 15:02:35,680 [pool-1286-thread-1] INFO  server.RaftServerConfigKeys (ConfUtils.java:logGet(46)) - raft.server.rpc.timeout.max = 1200ms (custom)
2023-03-09 15:02:35,680 [pool-1286-thread-1] INFO  server.RaftServerConfigKeys (ConfUtils.java:logGet(46)) - raft.server.rpc.sleep.time = 25ms (default)
2023-03-09 15:02:35,680 [pool-1286-thread-1] INFO  server.RaftServerConfigKeys (ConfUtils.java:logGet(46)) - raft.server.rpc.slowness.timeout = 2s (custom)
2023-03-09 15:02:35,680 [pool-1286-thread-1] INFO  server.RaftServerConfigKeys (ConfUtils.java:logGet(46)) - raft.server.leaderelection.leader.step-down.wait-time = 10s (default)
2023-03-09 15:02:35,680 [pool-1286-thread-1] INFO  server.RaftServerConfigKeys (ConfUtils.java:logGet(46)) - raft.server.sleep.deviation.threshold = 300ms (default)
2023-03-09 15:02:35,680 [pool-1286-thread-1] INFO  server.RaftServer$Division (ServerState.java:<init>(118)) - omNode-1@group-0AAC5367B30E: ConfigurationManager, init=-1: peers:[omNode-1|rpc:localhost:41321|priority:0|startupRole:FOLLOWER]|listeners:[], old=null, confs=<EMPTY_MAP>
2023-03-09 15:02:35,680 [pool-1286-thread-1] INFO  server.RaftServerConfigKeys (ConfUtils.java:logGet(46)) - raft.server.storage.dir = [/home/runner/work/ozone/ozone/hadoop-ozone/integration-test/target/test-dir/MiniOzoneClusterImpl-0534e788-6c20-4d4d-bf72-3ffae63fff50/omNode-1/ratis] (custom)
2023-03-09 15:02:35,680 [pool-1286-thread-1] INFO  server.RaftServerConfigKeys (ConfUtils.java:logGet(46)) - raft.server.log.corruption.policy = EXCEPTION (default)
2023-03-09 15:02:35,680 [pool-1286-thread-1] INFO  server.RaftServerConfigKeys (ConfUtils.java:logGet(46)) - raft.server.storage.free-space.min = 0MB (=0) (default)
2023-03-09 15:02:35,680 [pool-1286-thread-1] INFO  server.RaftServerConfigKeys (ConfUtils.java:logGet(46)) - raft.server.notification.no-leader.timeout = 2s (custom)
2023-03-09 15:02:35,680 [pool-1286-thread-1] INFO  server.RaftServerConfigKeys (ConfUtils.java:logGet(46)) - raft.server.retrycache.expirytime = 300s (custom)
2023-03-09 15:02:35,681 [pool-1286-thread-1] INFO  server.RaftServerConfigKeys (ConfUtils.java:logGet(46)) - raft.server.retrycache.statistics.expirytime = 100μs (default)
2023-03-09 15:02:35,681 [pool-1286-thread-1] INFO  server.RaftServerConfigKeys (ConfUtils.java:logGet(46)) - raft.server.log.appender.install.snapshot.enabled = false (custom)
2023-03-09 15:02:35,681 [pool-1286-thread-1] INFO  server.RaftServerConfigKeys (ConfUtils.java:logGet(46)) - raft.server.threadpool.server.cached = true (default)
2023-03-09 15:02:35,681 [pool-1286-thread-1] INFO  server.RaftServerConfigKeys (ConfUtils.java:logGet(46)) - raft.server.threadpool.server.size = 0 (default)
2023-03-09 15:02:35,681 [pool-1286-thread-1] INFO  server.RaftServerConfigKeys (ConfUtils.java:logGet(46)) - raft.server.threadpool.client.cached = true (default)
2023-03-09 15:02:35,681 [pool-1286-thread-1] INFO  server.RaftServerConfigKeys (ConfUtils.java:logGet(46)) - raft.server.threadpool.client.size = 0 (default)
2023-03-09 15:02:35,725 [EndpointStateMachine task thread for /127.0.0.1:33275 - 0 ] INFO  ipc.Client (Client.java:handleConnectionFailure(1010)) - Retrying connect to server: localhost/127.0.0.1:33275. Already tried 2 time(s); retry policy is RetryUpToMaximumCountWithFixedSleep(maxRetries=15, sleepTime=1000 MILLISECONDS)
2023-03-09 15:02:36,020 [Listener at 0.0.0.0/35817] INFO  reflections.Reflections (Reflections.java:scan(232)) - Reflections took 340 ms to scan 19 urls, producing 68 keys and 4914 values [using 2 cores]
2023-03-09 15:02:36,021 [Listener at 0.0.0.0/35817] INFO  ipc.CallQueueManager (CallQueueManager.java:<init>(90)) - Using callQueue: class java.util.concurrent.LinkedBlockingQueue, queueCapacity: 2000, scheduler: class org.apache.hadoop.ipc.DefaultRpcScheduler, ipcBackoff: false.
2023-03-09 15:02:36,022 [Socket Reader #1 for port 45353] INFO  ipc.Server (Server.java:run(1273)) - Starting Socket Reader #1 for port 45353
2023-03-09 15:02:36,082 [EndpointStateMachine task thread for /127.0.0.1:35467 - 0 ] INFO  ipc.Client (Client.java:handleConnectionFailure(1010)) - Retrying connect to server: localhost/127.0.0.1:35467. Already tried 11 time(s); retry policy is RetryUpToMaximumCountWithFixedSleep(maxRetries=15, sleepTime=1000 MILLISECONDS)
2023-03-09 15:02:36,100 [Listener at 127.0.0.1/45353] INFO  impl.MetricsSystemImpl (MetricsSystemImpl.java:init(158)) - OzoneManager metrics system started (again)
2023-03-09 15:02:36,111 [Listener at 127.0.0.1/45353] INFO  om.OzoneManager (OzoneManager.java:start(1553)) - OzoneManager RPC server is listening at localhost/127.0.0.1:45353
2023-03-09 15:02:36,111 [Listener at 127.0.0.1/45353] INFO  ratis.OzoneManagerRatisServer (OzoneManagerRatisServer.java:start(559)) - Starting OzoneManagerRatisServer omNode-1 at port 41321
2023-03-09 15:02:36,111 [omNode-1-impl-thread1] INFO  storage.RaftStorageDirectory (RaftStorageDirectoryImpl.java:analyzeStorage(137)) - The storage directory /home/runner/work/ozone/ozone/hadoop-ozone/integration-test/target/test-dir/MiniOzoneClusterImpl-0534e788-6c20-4d4d-bf72-3ffae63fff50/omNode-1/ratis/0718e334-ffa1-36bc-8e9a-0aac5367b30e does not exist. Creating ...
2023-03-09 15:02:36,114 [omNode-1-impl-thread1] INFO  storage.RaftStorageDirectory (RaftStorageDirectoryImpl.java:tryLock(231)) - Lock on /home/runner/work/ozone/ozone/hadoop-ozone/integration-test/target/test-dir/MiniOzoneClusterImpl-0534e788-6c20-4d4d-bf72-3ffae63fff50/omNode-1/ratis/0718e334-ffa1-36bc-8e9a-0aac5367b30e/in_use.lock acquired by nodename 57158@fv-az377-502
2023-03-09 15:02:36,116 [omNode-1-impl-thread1] INFO  storage.RaftStorage (RaftStorageImpl.java:format(96)) - Storage directory /home/runner/work/ozone/ozone/hadoop-ozone/integration-test/target/test-dir/MiniOzoneClusterImpl-0534e788-6c20-4d4d-bf72-3ffae63fff50/omNode-1/ratis/0718e334-ffa1-36bc-8e9a-0aac5367b30e has been successfully formatted.
2023-03-09 15:02:36,116 [omNode-1-impl-thread1] INFO  server.RaftServerConfigKeys (ConfUtils.java:logGet(46)) - raft.server.log.use.memory = false (default)
2023-03-09 15:02:36,116 [omNode-1-impl-thread1] INFO  server.RaftServerConfigKeys (ConfUtils.java:logGet(46)) - raft.server.log.purge.gap = 1000000 (custom)
2023-03-09 15:02:36,116 [omNode-1-impl-thread1] INFO  server.RaftServerConfigKeys (ConfUtils.java:logGet(46)) - raft.server.log.appender.buffer.byte-limit = 33554432 (custom)
2023-03-09 15:02:36,116 [omNode-1-impl-thread1] INFO  server.RaftServerConfigKeys (ConfUtils.java:logGet(46)) - raft.server.log.statemachine.data.read.timeout = 1000ms (default)
2023-03-09 15:02:36,116 [omNode-1-impl-thread1] INFO  server.RaftServerConfigKeys (ConfUtils.java:logGet(46)) - raft.server.log.purge.preservation.log.num = 0 (default)
2023-03-09 15:02:36,116 [omNode-1-impl-thread1] INFO  server.RaftServerConfigKeys (ConfUtils.java:logGet(46)) - raft.server.log.segment.size.max = 4194304 (custom)
2023-03-09 15:02:36,117 [omNode-1-impl-thread1] INFO  server.RaftServerConfigKeys (ConfUtils.java:logGet(46)) - raft.server.log.segment.cache.num.max = 2 (custom)
2023-03-09 15:02:36,117 [omNode-1-impl-thread1] INFO  server.RaftServerConfigKeys (ConfUtils.java:logGet(46)) - raft.server.log.segment.cache.size.max = 200MB (=209715200) (default)
2023-03-09 15:02:36,117 [omNode-1-impl-thread1] INFO  segmented.SegmentedRaftLogWorker (SegmentedRaftLogWorker.java:<init>(189)) - new omNode-1@group-0AAC5367B30E-SegmentedRaftLogWorker for RaftStorageImpl:Storage Directory /home/runner/work/ozone/ozone/hadoop-ozone/integration-test/target/test-dir/MiniOzoneClusterImpl-0534e788-6c20-4d4d-bf72-3ffae63fff50/omNode-1/ratis/0718e334-ffa1-36bc-8e9a-0aac5367b30e
2023-03-09 15:02:36,117 [omNode-1-impl-thread1] INFO  server.RaftServerConfigKeys (ConfUtils.java:logGet(46)) - raft.server.log.queue.byte-limit = 64MB (=67108864) (default)
2023-03-09 15:02:36,117 [omNode-1-impl-thread1] INFO  server.RaftServerConfigKeys (ConfUtils.java:logGet(46)) - raft.server.log.queue.element-limit = 4096 (default)
2023-03-09 15:02:36,117 [omNode-1-impl-thread1] INFO  server.RaftServerConfigKeys (ConfUtils.java:logGet(46)) - raft.server.log.segment.size.max = 4194304 (custom)
2023-03-09 15:02:36,117 [omNode-1-impl-thread1] INFO  server.RaftServerConfigKeys (ConfUtils.java:logGet(46)) - raft.server.log.preallocated.size = 4194304 (custom)
2023-03-09 15:02:36,117 [omNode-1-impl-thread1] INFO  server.RaftServerConfigKeys (ConfUtils.java:logGet(46)) - raft.server.log.force.sync.num = 128 (default)
2023-03-09 15:02:36,117 [omNode-1-impl-thread1] INFO  server.RaftServerConfigKeys (ConfUtils.java:logGet(46)) - raft.server.log.statemachine.data.sync = true (default)
2023-03-09 15:02:36,117 [omNode-1-impl-thread1] INFO  server.RaftServerConfigKeys (ConfUtils.java:logGet(46)) - raft.server.log.statemachine.data.sync.timeout = 10s (default)
2023-03-09 15:02:36,117 [omNode-1-impl-thread1] INFO  server.RaftServerConfigKeys (ConfUtils.java:logGet(46)) - raft.server.log.statemachine.data.sync.timeout.retry = -1 (default)
2023-03-09 15:02:36,118 [omNode-1-impl-thread1] INFO  server.RaftServerConfigKeys (ConfUtils.java:logGet(46)) - raft.server.log.write.buffer.size = 64KB (=65536) (default)
2023-03-09 15:02:36,118 [omNode-1-impl-thread1] INFO  server.RaftServerConfigKeys (ConfUtils.java:logGet(46)) - raft.server.log.appender.buffer.byte-limit = 33554432 (custom)
2023-03-09 15:02:36,124 [omNode-1-impl-thread1] INFO  server.RaftServerConfigKeys (ConfUtils.java:logGet(46)) - raft.server.log.unsafe-flush.enabled = false (default)
2023-03-09 15:02:36,124 [omNode-1-impl-thread1] INFO  server.RaftServerConfigKeys (ConfUtils.java:logGet(46)) - raft.server.log.async-flush.enabled = false (default)
2023-03-09 15:02:36,124 [omNode-1-impl-thread1] INFO  server.RaftServerConfigKeys (ConfUtils.java:logGet(46)) - raft.server.log.statemachine.data.caching.enabled = false (default)
2023-03-09 15:02:36,124 [omNode-1-impl-thread1] INFO  segmented.SegmentedRaftLogWorker (SegmentedRaftLogWorker.java:lambda$new$0(135)) - omNode-1@group-0AAC5367B30E-SegmentedRaftLogWorker: flushIndex: setUnconditionally 0 -> -1
2023-03-09 15:02:36,124 [omNode-1-impl-thread1] INFO  segmented.SegmentedRaftLogWorker (SegmentedRaftLogWorker.java:lambda$new$0(135)) - omNode-1@group-0AAC5367B30E-SegmentedRaftLogWorker: safeCacheEvictIndex: setUnconditionally 0 -> -1
2023-03-09 15:02:36,125 [omNode-1-impl-thread1] INFO  server.RaftServer$Division (RaftServerImpl.java:start(334)) - omNode-1@group-0AAC5367B30E: start as a follower, conf=-1: peers:[omNode-1|rpc:localhost:41321|priority:0|startupRole:FOLLOWER]|listeners:[], old=null
2023-03-09 15:02:36,125 [omNode-1-impl-thread1] INFO  server.RaftServer$Division (RaftServerImpl.java:setRole(321)) - omNode-1@group-0AAC5367B30E: changes role from      null to FOLLOWER at term 0 for startAsFollower
2023-03-09 15:02:36,125 [omNode-1-impl-thread1] INFO  impl.RoleInfo (RoleInfo.java:updateAndGet(139)) - omNode-1: start omNode-1@group-0AAC5367B30E-FollowerState
2023-03-09 15:02:36,125 [omNode-1-impl-thread1] INFO  util.JmxRegister (JmxRegister.java:tryRegister(44)) - Successfully registered JMX Bean with object name Ratis:service=RaftServer,group=group-0AAC5367B30E,id=omNode-1
2023-03-09 15:02:36,125 [omNode-1@group-0AAC5367B30E-FollowerState] INFO  server.RaftServerConfigKeys (ConfUtils.java:logFallback(53)) - raft.server.rpc.first-election.timeout.min = 1s (fallback to raft.server.rpc.timeout.min)
2023-03-09 15:02:36,125 [omNode-1-impl-thread1] INFO  server.RaftServerConfigKeys (ConfUtils.java:logGet(46)) - raft.server.snapshot.auto.trigger.enabled = true (custom)
2023-03-09 15:02:36,125 [omNode-1@group-0AAC5367B30E-FollowerState] INFO  server.RaftServerConfigKeys (ConfUtils.java:logFallback(53)) - raft.server.rpc.first-election.timeout.max = 1200ms (fallback to raft.server.rpc.timeout.max)
2023-03-09 15:02:36,125 [omNode-1-impl-thread1] INFO  server.RaftServerConfigKeys (ConfUtils.java:logGet(46)) - raft.server.snapshot.auto.trigger.threshold = 400000 (default)
2023-03-09 15:02:36,125 [omNode-1-impl-thread1] INFO  server.RaftServerConfigKeys (ConfUtils.java:logGet(46)) - raft.server.snapshot.retention.file.num = -1 (default)
2023-03-09 15:02:36,125 [omNode-1-impl-thread1] INFO  server.RaftServerConfigKeys (ConfUtils.java:logGet(46)) - raft.server.log.purge.upto.snapshot.index = true (custom)
2023-03-09 15:02:36,126 [Listener at 127.0.0.1/45353] INFO  server.RaftServer (RaftServerProxy.java:startImpl(393)) - omNode-1: start RPC server
2023-03-09 15:02:36,129 [Listener at 127.0.0.1/45353] INFO  server.GrpcService (GrpcService.java:startImpl(262)) - omNode-1: GrpcService started, listening on 41321
2023-03-09 15:02:36,132 [JvmPauseMonitor45] INFO  util.JvmPauseMonitor (JvmPauseMonitor.java:run(105)) - JvmPauseMonitor-omNode-1: Started
2023-03-09 15:02:36,132 [Listener at 127.0.0.1/45353] INFO  om.OzoneManager (OzoneManager.java:start(1569)) - Version File has different layout version (3) than OM DB (null). That is expected if this OM has never been finalized to a newer layout version.
2023-03-09 15:02:36,135 [Listener at 127.0.0.1/45353] INFO  http.BaseHttpServer (BaseHttpServer.java:newHttpServer2BuilderForOzone(224)) - Starting Web-server for ozoneManager at: http://0.0.0.0:36751
2023-03-09 15:02:36,135 [Listener at 127.0.0.1/45353] INFO  http.BaseHttpServer (BaseHttpServer.java:<init>(111)) - Hadoop Security Enabled: false Ozone Security Enabled: false Ozone HTTP Security Enabled: false 
2023-03-09 15:02:36,136 [Listener at 127.0.0.1/45353] WARN  server.AuthenticationFilter (AuthenticationFilter.java:constructSecretProvider(240)) - Unable to initialize FileSignerSecretProvider, falling back to use random secrets. Reason: Could not read signature secret file: /home/runner/hadoop-http-auth-signature-secret
2023-03-09 15:02:36,137 [Listener at 127.0.0.1/45353] WARN  http.HttpRequestLog (HttpRequestLog.java:getRequestLog(103)) - Jetty request log can only be enabled using Log4j
2023-03-09 15:02:36,138 [Listener at 127.0.0.1/45353] INFO  http.HttpServer2 (HttpServer2.java:addGlobalFilter(1031)) - Added global filter 'safety' (class=org.apache.hadoop.hdds.server.http.HttpServer2$QuotingInputFilter)
2023-03-09 15:02:36,138 [Listener at 127.0.0.1/45353] INFO  http.HttpServer2 (HttpServer2.java:addFilter(1007)) - Added filter static_user_filter (class=org.apache.hadoop.http.lib.StaticUserWebFilter$StaticUserFilter) to context ozoneManager
2023-03-09 15:02:36,138 [Listener at 127.0.0.1/45353] INFO  http.HttpServer2 (HttpServer2.java:addFilter(1015)) - Added filter static_user_filter (class=org.apache.hadoop.http.lib.StaticUserWebFilter$StaticUserFilter) to context logs
2023-03-09 15:02:36,138 [Listener at 127.0.0.1/45353] INFO  http.HttpServer2 (HttpServer2.java:addFilter(1015)) - Added filter static_user_filter (class=org.apache.hadoop.http.lib.StaticUserWebFilter$StaticUserFilter) to context static
2023-03-09 15:02:36,139 [Listener at 127.0.0.1/45353] INFO  http.BaseHttpServer (BaseHttpServer.java:<init>(190)) - HTTP server of ozoneManager uses base directory /home/runner/work/ozone/ozone/hadoop-ozone/integration-test/target/test-dir/MiniOzoneClusterImpl-0534e788-6c20-4d4d-bf72-3ffae63fff50/omNode-1/webserver
2023-03-09 15:02:36,139 [Listener at 127.0.0.1/45353] INFO  http.HttpServer2 (HttpServer2.java:bindListener(1250)) - Jetty bound to port 36751
2023-03-09 15:02:36,139 [Listener at 127.0.0.1/45353] INFO  server.Server (Server.java:doStart(375)) - jetty-9.4.49.v20220914; built: 2022-09-14T01:07:36.601Z; git: 4231a3b2e4cb8548a412a789936d640a97b1aa0a; jvm 1.8.0_362-b09
2023-03-09 15:02:36,141 [Listener at 127.0.0.1/45353] INFO  server.session (DefaultSessionIdManager.java:doStart(334)) - DefaultSessionIdManager workerName=node0
2023-03-09 15:02:36,141 [Listener at 127.0.0.1/45353] INFO  server.session (DefaultSessionIdManager.java:doStart(339)) - No SessionScavenger set, using defaults
2023-03-09 15:02:36,141 [Listener at 127.0.0.1/45353] INFO  server.session (HouseKeeper.java:startScavenging(132)) - node0 Scavenging every 600000ms
2023-03-09 15:02:36,142 [Listener at 127.0.0.1/45353] INFO  handler.ContextHandler (ContextHandler.java:doStart(921)) - Started o.e.j.s.ServletContextHandler@184dbd1e{logs,/logs,file:///home/runner/work/ozone/ozone/hadoop-ozone/integration-test/target/log,AVAILABLE}
2023-03-09 15:02:36,142 [Listener at 127.0.0.1/45353] INFO  handler.ContextHandler (ContextHandler.java:doStart(921)) - Started o.e.j.s.ServletContextHandler@4825c19e{static,/static,file:///home/runner/work/ozone/ozone/hadoop-ozone/integration-test/target/test-classes/webapps/static,AVAILABLE}
2023-03-09 15:02:36,147 [Listener at 127.0.0.1/45353] INFO  handler.ContextHandler (ContextHandler.java:doStart(921)) - Started o.e.j.w.WebAppContext@267247e1{ozoneManager,/,file:///home/runner/work/ozone/ozone/hadoop-ozone/integration-test/target/test-classes/webapps/ozoneManager/,AVAILABLE}{file:/home/runner/work/ozone/ozone/hadoop-ozone/integration-test/target/test-classes/webapps/ozoneManager}
2023-03-09 15:02:36,148 [Listener at 127.0.0.1/45353] INFO  server.AbstractConnector (AbstractConnector.java:doStart(333)) - Started ServerConnector@93c089a{HTTP/1.1, (http/1.1)}{0.0.0.0:36751}
2023-03-09 15:02:36,148 [Listener at 127.0.0.1/45353] INFO  server.Server (Server.java:doStart(415)) - Started @286802ms
2023-03-09 15:02:36,149 [Listener at 127.0.0.1/45353] WARN  impl.MetricsSystemImpl (MetricsSystemImpl.java:register(279)) - Sink prometheus already exists!
2023-03-09 15:02:36,149 [Listener at 127.0.0.1/45353] INFO  http.BaseHttpServer (BaseHttpServer.java:updateConnectorAddress(344)) - HTTP server of ozoneManager listening at http://0.0.0.0:36751
2023-03-09 15:02:36,151 [IPC Server Responder] INFO  ipc.Server (Server.java:run(1512)) - IPC Server Responder: starting
2023-03-09 15:02:36,164 [IPC Server listener on 45353] INFO  ipc.Server (Server.java:run(1352)) - IPC Server listener on 45353: starting
2023-03-09 15:02:36,168 [Listener at 127.0.0.1/45353] INFO  om.OzoneManager (OzoneManager.java:startTrashEmptier(2040)) - Trash Interval set to 0. Files deleted won't move to trash
2023-03-09 15:02:36,169 [Listener at 127.0.0.1/45353] INFO  ozone.MiniOzoneHAClusterImpl (MiniOzoneHAClusterImpl.java:createOMService(527)) - Started OzoneManager omNode-1 RPC server at localhost/127.0.0.1:45353
JvmPauseMonitor.java:run(188)) - Starting JVM pause monitor
2023-03-09 15:02:36,169 [Listener at 127.0.0.1/45353] INFO  ozone.MiniOzoneHAClusterImpl (MiniOzoneHAClusterImpl.java:createOMService(527)) - Started OzoneManager omNode-1 RPC server at localhost/127.0.0.1:45353
2023-03-09 15:02:36,181 [Listener at 127.0.0.1/45353] WARN  impl.MetricRegistriesImpl (MetricRegistriesImpl.java:addReporterRegistration(111)) - New reporters are added after registries were created. Some metrics will be missing from the reporter. Please add reporter before adding any new registry.
2023-03-09 15:02:36,182 [Listener at 127.0.0.1/45353] WARN  impl.MetricRegistriesImpl (MetricRegistriesImpl.java:addReporterRegistration(111)) - New reporters are added after registries were created. Some metrics will be missing from the reporter. Please add reporter before adding any new registry.
2023-03-09 15:02:36,182 [Listener at 127.0.0.1/45353] INFO  impl.MetricsSystemImpl (MetricsSystemImpl.java:init(158)) - HddsDatanode metrics system started (again)
2023-03-09 15:02:36,193 [Listener at 127.0.0.1/45353] INFO  ozone.HddsDatanodeService (HddsDatanodeService.java:start(229)) - HddsDatanodeService host:fv-az377-502.ap30g4v5sw5evmjtdmxdg2w53f.dx.internal.cloudapp.net ip:10.1.0.44
2023-03-09 15:02:36,217 [Listener at 127.0.0.1/45353] INFO  upgrade.AbstractLayoutVersionManager (AbstractLayoutVersionManager.java:init(83)) - Initializing Layout version manager with metadata layout = DATANODE_SCHEMA_V3 (version = 4), software layout = DATANODE_SCHEMA_V3 (version = 4)
2023-03-09 15:02:36,267 [Listener at 127.0.0.1/45353] INFO  reflections.Reflections (Reflections.java:scan(232)) - Reflections took 49 ms to scan 7 urls, producing 154 keys and 367 values 
2023-03-09 15:02:36,269 [Listener at 127.0.0.1/45353] INFO  ha.SCMNodeInfo (SCMNodeInfo.java:getPort(197)) - ConfigKey ozone.scm.client.address is deprecated, For configuring different ports for each SCM use PortConfigKey ozone.scm.client.port appended with serviceId and nodeId
2023-03-09 15:02:36,269 [Listener at 127.0.0.1/45353] INFO  ha.SCMNodeInfo (SCMNodeInfo.java:getPort(197)) - ConfigKey ozone.scm.block.client.address is deprecated, For configuring different ports for each SCM use PortConfigKey ozone.scm.block.client.port appended with serviceId and nodeId
2023-03-09 15:02:36,269 [Listener at 127.0.0.1/45353] INFO  ha.SCMNodeInfo (SCMNodeInfo.java:getPort(197)) - ConfigKey ozone.scm.datanode.address is deprecated, For configuring different ports for each SCM use PortConfigKey ozone.scm.datanode.port appended with serviceId and nodeId
2023-03-09 15:02:36,269 [Listener at 127.0.0.1/45353] INFO  statemachine.DatanodeStateMachine (DatanodeStateMachine.java:getEndPointTaskThreadPoolSize(260)) - Datanode State Machine Task Thread Pool size 2
2023-03-09 15:02:36,271 [Listener at 127.0.0.1/45353] INFO  volume.HddsVolume (HddsVolume.java:<init>(122)) - Creating HddsVolume: /home/runner/work/ozone/ozone/hadoop-ozone/integration-test/target/test-dir/MiniOzoneClusterImpl-0534e788-6c20-4d4d-bf72-3ffae63fff50/datanode-0/data-0/containers/hdds of storage type : DISK capacity : 9223372036854775807
2023-03-09 15:02:36,272 [Listener at 127.0.0.1/45353] INFO  volume.MutableVolumeSet (MutableVolumeSet.java:initializeVolumeSet(174)) - Added Volume : /home/runner/work/ozone/ozone/hadoop-ozone/integration-test/target/test-dir/MiniOzoneClusterImpl-0534e788-6c20-4d4d-bf72-3ffae63fff50/datanode-0/data-0/containers/hdds to VolumeSet
2023-03-09 15:02:36,272 [Listener at 127.0.0.1/45353] INFO  volume.ThrottledAsyncChecker (ThrottledAsyncChecker.java:schedule(141)) - Scheduling a check for /home/runner/work/ozone/ozone/hadoop-ozone/integration-test/target/test-dir/MiniOzoneClusterImpl-0534e788-6c20-4d4d-bf72-3ffae63fff50/datanode-0/data-0/containers/hdds
2023-03-09 15:02:36,274 [Listener at 127.0.0.1/45353] INFO  volume.StorageVolumeChecker (StorageVolumeChecker.java:checkAllVolumes(202)) - Scheduled health check for volume /home/runner/work/ozone/ozone/hadoop-ozone/integration-test/target/test-dir/MiniOzoneClusterImpl-0534e788-6c20-4d4d-bf72-3ffae63fff50/datanode-0/data-0/containers/hdds
2023-03-09 15:02:36,289 [Listener at 127.0.0.1/45353] INFO  volume.MutableVolumeSet (MutableVolumeSet.java:initializeVolumeSet(174)) - Added Volume : /home/runner/work/ozone/ozone/hadoop-ozone/integration-test/target/test-dir/MiniOzoneClusterImpl-0534e788-6c20-4d4d-bf72-3ffae63fff50/datanode-0/data/ratis to VolumeSet
2023-03-09 15:02:36,290 [Listener at 127.0.0.1/45353] INFO  volume.ThrottledAsyncChecker (ThrottledAsyncChecker.java:schedule(141)) - Scheduling a check for /home/runner/work/ozone/ozone/hadoop-ozone/integration-test/target/test-dir/MiniOzoneClusterImpl-0534e788-6c20-4d4d-bf72-3ffae63fff50/datanode-0/data/ratis
2023-03-09 15:02:36,290 [Listener at 127.0.0.1/45353] INFO  volume.StorageVolumeChecker (StorageVolumeChecker.java:checkAllVolumes(202)) - Scheduled health check for volume /home/runner/work/ozone/ozone/hadoop-ozone/integration-test/target/test-dir/MiniOzoneClusterImpl-0534e788-6c20-4d4d-bf72-3ffae63fff50/datanode-0/data/ratis
2023-03-09 15:02:36,300 [Thread-4717] INFO  ozoneimpl.ContainerReader (ContainerReader.java:readVolume(175)) - Finish verifying containers on volume /home/runner/work/ozone/ozone/hadoop-ozone/integration-test/target/test-dir/MiniOzoneClusterImpl-0534e788-6c20-4d4d-bf72-3ffae63fff50/datanode-0/data-0/containers/hdds
2023-03-09 15:02:36,301 [Listener at 127.0.0.1/45353] INFO  ozoneimpl.OzoneContainer (OzoneContainer.java:buildContainerSet(304)) - Build ContainerSet costs 0s
2023-03-09 15:02:36,303 [Listener at 127.0.0.1/45353] INFO  server.RaftServer (ConfUtils.java:logGet(46)) - raft.rpc.type = GRPC (default)
2023-03-09 15:02:36,303 [Listener at 127.0.0.1/45353] INFO  grpc.GrpcConfigKeys (ConfUtils.java:logFallback(53)) - raft.grpc.admin.host = null (fallback to raft.grpc.server.host)
2023-03-09 15:02:36,303 [Listener at 127.0.0.1/45353] INFO  grpc.GrpcConfigKeys (ConfUtils.java:logGet(46)) - raft.grpc.admin.port = 0 (custom)
2023-03-09 15:02:36,303 [Listener at 127.0.0.1/45353] INFO  grpc.GrpcConfigKeys (ConfUtils.java:logFallback(53)) - raft.grpc.client.host = null (fallback to raft.grpc.server.host)
2023-03-09 15:02:36,303 [Listener at 127.0.0.1/45353] INFO  grpc.GrpcConfigKeys (ConfUtils.java:logGet(46)) - raft.grpc.client.port = 0 (custom)
2023-03-09 15:02:36,304 [Listener at 127.0.0.1/45353] INFO  grpc.GrpcConfigKeys (ConfUtils.java:logGet(46)) - raft.grpc.server.host = null (default)
2023-03-09 15:02:36,304 [Listener at 127.0.0.1/45353] INFO  grpc.GrpcConfigKeys (ConfUtils.java:logGet(46)) - raft.grpc.server.port = 0 (default)
2023-03-09 15:02:36,304 [Listener at 127.0.0.1/45353] INFO  server.GrpcService (ConfUtils.java:logGet(46)) - raft.grpc.message.size.max = 32MB (=33554432) (custom)
2023-03-09 15:02:36,304 [Listener at 127.0.0.1/45353] INFO  server.RaftServerConfigKeys (ConfUtils.java:logGet(46)) - raft.server.log.appender.buffer.byte-limit = 33554432 (custom)
2023-03-09 15:02:36,304 [Listener at 127.0.0.1/45353] INFO  server.GrpcService (ConfUtils.java:logGet(46)) - raft.grpc.flow.control.window = 5MB (=5242880) (custom)
2023-03-09 15:02:36,304 [Listener at 127.0.0.1/45353] INFO  server.RaftServerConfigKeys (ConfUtils.java:logGet(46)) - raft.server.rpc.request.timeout = 60s (custom)
2023-03-09 15:02:36,305 [Listener at 127.0.0.1/45353] INFO  grpc.GrpcConfigKeys (ConfUtils.java:logGet(46)) - raft.grpc.server.heartbeat.channel = true (default)
2023-03-09 15:02:36,305 [Listener at 127.0.0.1/45353] INFO  grpc.GrpcConfigKeys (ConfUtils.java:logGet(46)) - raft.grpc.server.async.request.thread.pool.cached = true (default)
2023-03-09 15:02:36,305 [Listener at 127.0.0.1/45353] INFO  grpc.GrpcConfigKeys (ConfUtils.java:logGet(46)) - raft.grpc.server.async.request.thread.pool.size = 32 (default)
2023-03-09 15:02:36,306 [Listener at 127.0.0.1/45353] INFO  impl.DataStreamServerImpl (ConfUtils.java:logGet(46)) - raft.datastream.type = NETTY (custom)
2023-03-09 15:02:36,306 [Listener at 127.0.0.1/45353] INFO  server.RaftServerConfigKeys (ConfUtils.java:logGet(46)) - raft.server.data-stream.async.request.thread.pool.cached = false (default)
2023-03-09 15:02:36,307 [Listener at 127.0.0.1/45353] INFO  server.RaftServerConfigKeys (ConfUtils.java:logGet(46)) - raft.server.data-stream.async.request.thread.pool.size = 20 (custom)
2023-03-09 15:02:36,307 [Listener at 127.0.0.1/45353] INFO  server.RaftServerConfigKeys (ConfUtils.java:logGet(46)) - raft.server.data-stream.async.write.thread.pool.size = 16 (default)
2023-03-09 15:02:36,307 [Listener at 127.0.0.1/45353] INFO  server.RaftServerConfigKeys (ConfUtils.java:logGet(46)) - raft.server.data-stream.client.pool.size = 10 (default)
2023-03-09 15:02:36,307 [Listener at 127.0.0.1/45353] INFO  netty.NettyConfigKeys$DataStream (ConfUtils.java:logGet(46)) - raft.netty.dataStream.server.use-epoll = false (default)
2023-03-09 15:02:36,307 [Listener at 127.0.0.1/45353] INFO  netty.NettyConfigKeys$DataStream (ConfUtils.java:logGet(46)) - raft.netty.dataStream.server.boss-group.size = 0 (default)
2023-03-09 15:02:36,308 [Listener at 127.0.0.1/45353] INFO  netty.NettyConfigKeys$DataStream (ConfUtils.java:logGet(46)) - raft.netty.dataStream.server.worker-group.size = 0 (default)
2023-03-09 15:02:36,308 [Listener at 127.0.0.1/45353] INFO  netty.NettyConfigKeys$DataStream (ConfUtils.java:logGet(46)) - raft.netty.dataStream.server.tls.conf = null (default)
2023-03-09 15:02:36,309 [Listener at 127.0.0.1/45353] INFO  netty.NettyConfigKeys$DataStream (ConfUtils.java:logGet(46)) - raft.netty.dataStream.host = null (default)
2023-03-09 15:02:36,309 [Listener at 127.0.0.1/45353] INFO  netty.NettyConfigKeys$DataStream (ConfUtils.java:logGet(46)) - raft.netty.dataStream.port = 0 (default)
2023-03-09 15:02:36,309 [Listener at 127.0.0.1/45353] INFO  server.RaftServerConfigKeys (ConfUtils.java:logGet(46)) - raft.server.threadpool.proxy.cached = true (default)
2023-03-09 15:02:36,309 [Listener at 127.0.0.1/45353] INFO  server.RaftServerConfigKeys (ConfUtils.java:logGet(46)) - raft.server.threadpool.proxy.size = 0 (default)
2023-03-09 15:02:36,310 [Listener at 127.0.0.1/45353] INFO  server.RaftServerConfigKeys (ConfUtils.java:logGet(46)) - raft.server.rpc.slowness.timeout = 300s (custom)
2023-03-09 15:02:36,310 [Listener at 127.0.0.1/45353] INFO  server.RaftServerConfigKeys (ConfUtils.java:logGet(46)) - raft.server.leaderelection.leader.step-down.wait-time = 10s (default)
2023-03-09 15:02:36,310 [0518bc97-31d1-4d4f-b564-52717e813075-NettyServerStreamRpc-bossGroup--thread1] INFO  logging.LoggingHandler (AbstractInternalLogger.java:log(148)) - [id: 0xab523fd0] REGISTERED
2023-03-09 15:02:36,310 [Listener at 127.0.0.1/45353] INFO  server.RaftServerConfigKeys (ConfUtils.java:logGet(46)) - raft.server.storage.dir = [/home/runner/work/ozone/ozone/hadoop-ozone/integration-test/target/test-dir/MiniOzoneClusterImpl-0534e788-6c20-4d4d-bf72-3ffae63fff50/datanode-0/data/ratis] (custom)
2023-03-09 15:02:36,310 [0518bc97-31d1-4d4f-b564-52717e813075-NettyServerStreamRpc-bossGroup--thread1] INFO  logging.LoggingHandler (AbstractInternalLogger.java:log(148)) - [id: 0xab523fd0] BIND: 0.0.0.0/0.0.0.0:0
2023-03-09 15:02:36,311 [0518bc97-31d1-4d4f-b564-52717e813075-NettyServerStreamRpc-bossGroup--thread1] INFO  logging.LoggingHandler (AbstractInternalLogger.java:log(148)) - [id: 0xab523fd0, L:/0:0:0:0:0:0:0:0:43931] ACTIVE
2023-03-09 15:02:36,312 [Listener at 127.0.0.1/45353] INFO  server.XceiverServerGrpc (XceiverServerGrpc.java:<init>(132)) - GrpcServer channel type EpollServerSocketChannel
2023-03-09 15:02:36,320 [Listener at 127.0.0.1/45353] INFO  http.BaseHttpServer (BaseHttpServer.java:newHttpServer2BuilderForOzone(224)) - Starting Web-server for hddsDatanode at: http://0.0.0.0:0
2023-03-09 15:02:36,320 [Listener at 127.0.0.1/45353] INFO  http.BaseHttpServer (BaseHttpServer.java:<init>(111)) - Hadoop Security Enabled: false Ozone Security Enabled: false Ozone HTTP Security Enabled: false 
2023-03-09 15:02:36,321 [Listener at 127.0.0.1/45353] WARN  server.AuthenticationFilter (AuthenticationFilter.java:constructSecretProvider(240)) - Unable to initialize FileSignerSecretProvider, falling back to use random secrets. Reason: Could not read signature secret file: /home/runner/hadoop-http-auth-signature-secret
2023-03-09 15:02:36,322 [Listener at 127.0.0.1/45353] WARN  http.HttpRequestLog (HttpRequestLog.java:getRequestLog(103)) - Jetty request log can only be enabled using Log4j
2023-03-09 15:02:36,323 [Listener at 127.0.0.1/45353] INFO  http.HttpServer2 (HttpServer2.java:addGlobalFilter(1031)) - Added global filter 'safety' (class=org.apache.hadoop.hdds.server.http.HttpServer2$QuotingInputFilter)
2023-03-09 15:02:36,324 [Listener at 127.0.0.1/45353] INFO  http.HttpServer2 (HttpServer2.java:addFilter(1007)) - Added filter static_user_filter (class=org.apache.hadoop.http.lib.StaticUserWebFilter$StaticUserFilter) to context hddsDatanode
2023-03-09 15:02:36,324 [Listener at 127.0.0.1/45353] INFO  http.HttpServer2 (HttpServer2.java:addFilter(1015)) - Added filter static_user_filter (class=org.apache.hadoop.http.lib.StaticUserWebFilter$StaticUserFilter) to context logs
2023-03-09 15:02:36,325 [Listener at 127.0.0.1/45353] INFO  http.HttpServer2 (HttpServer2.java:addFilter(1015)) - Added filter static_user_filter (class=org.apache.hadoop.http.lib.StaticUserWebFilter$StaticUserFilter) to context static
2023-03-09 15:02:36,325 [Listener at 127.0.0.1/45353] INFO  http.BaseHttpServer (BaseHttpServer.java:<init>(190)) - HTTP server of hddsDatanode uses base directory /home/runner/work/ozone/ozone/hadoop-ozone/integration-test/target/test-dir/MiniOzoneClusterImpl-0534e788-6c20-4d4d-bf72-3ffae63fff50/datanode-0/meta/webserver
2023-03-09 15:02:36,325 [Listener at 127.0.0.1/45353] INFO  http.HttpServer2 (HttpServer2.java:bindListener(1250)) - Jetty bound to port 37505
2023-03-09 15:02:36,326 [Listener at 127.0.0.1/45353] INFO  server.Server (Server.java:doStart(375)) - jetty-9.4.49.v20220914; built: 2022-09-14T01:07:36.601Z; git: 4231a3b2e4cb8548a412a789936d640a97b1aa0a; jvm 1.8.0_362-b09
2023-03-09 15:02:36,327 [Listener at 127.0.0.1/45353] INFO  server.session (DefaultSessionIdManager.java:doStart(334)) - DefaultSessionIdManager workerName=node0
2023-03-09 15:02:36,327 [Listener at 127.0.0.1/45353] INFO  server.session (DefaultSessionIdManager.java:doStart(339)) - No SessionScavenger set, using defaults
2023-03-09 15:02:36,328 [Listener at 127.0.0.1/45353] INFO  server.session (HouseKeeper.java:startScavenging(132)) - node0 Scavenging every 660000ms
2023-03-09 15:02:36,328 [Listener at 127.0.0.1/45353] INFO  handler.ContextHandler (ContextHandler.java:doStart(921)) - Started o.e.j.s.ServletContextHandler@6c0f10c8{logs,/logs,file:///home/runner/work/ozone/ozone/hadoop-ozone/integration-test/target/log,AVAILABLE}
2023-03-09 15:02:36,329 [Listener at 127.0.0.1/45353] INFO  handler.ContextHandler (ContextHandler.java:doStart(921)) - Started o.e.j.s.ServletContextHandler@464fece4{static,/static,jar:file:/home/runner/.m2/repository/org/apache/ozone/hdds-container-service/1.4.0-SNAPSHOT/hdds-container-service-1.4.0-SNAPSHOT.jar!/webapps/static,AVAILABLE}
2023-03-09 15:02:36,544 [Listener at 127.0.0.1/45353] INFO  handler.ContextHandler (ContextHandler.java:doStart(921)) - Started o.e.j.w.WebAppContext@2d6c16fc{hddsDatanode,/,file:///home/runner/work/ozone/ozone/hadoop-ozone/integration-test/target/test-dir/MiniOzoneClusterImpl-0534e788-6c20-4d4d-bf72-3ffae63fff50/datanode-0/meta/webserver/jetty-0_0_0_0-37505-hdds-container-service-1_4_0-SNAPSHOT_jar-_-any-1520469743859771796/webapp/,AVAILABLE}{jar:file:/home/runner/.m2/repository/org/apache/ozone/hdds-container-service/1.4.0-SNAPSHOT/hdds-container-service-1.4.0-SNAPSHOT.jar!/webapps/hddsDatanode}
2023-03-09 15:02:36,547 [Listener at 127.0.0.1/45353] INFO  server.AbstractConnector (AbstractConnector.java:doStart(333)) - Started ServerConnector@763846b7{HTTP/1.1, (http/1.1)}{0.0.0.0:37505}
2023-03-09 15:02:36,547 [Listener at 127.0.0.1/45353] INFO  server.Server (Server.java:doStart(415)) - Started @287200ms
2023-03-09 15:02:36,548 [Listener at 127.0.0.1/45353] WARN  impl.MetricsSystemImpl (MetricsSystemImpl.java:register(279)) - Sink prometheus already exists!
2023-03-09 15:02:36,549 [Listener at 127.0.0.1/45353] INFO  http.BaseHttpServer (BaseHttpServer.java:updateConnectorAddress(344)) - HTTP server of hddsDatanode listening at http://0.0.0.0:37505
2023-03-09 15:02:36,549 [Datanode State Machine Daemon Thread] INFO  statemachine.DatanodeStateMachine (DatanodeStateMachine.java:lambda$startDaemon$0(517)) - Ozone container server started.
2023-03-09 15:02:36,549 [Listener at 127.0.0.1/45353] WARN  impl.MetricRegistriesImpl (MetricRegistriesImpl.java:addReporterRegistration(111)) - New reporters are added after registries were created. Some metrics will be missing from the reporter. Please add reporter before adding any new registry.
2023-03-09 15:02:36,550 [Listener at 127.0.0.1/45353] WARN  impl.MetricRegistriesImpl (MetricRegistriesImpl.java:addReporterRegistration(111)) - New reporters are added after registries were created. Some metrics will be missing from the reporter. Please add reporter before adding any new registry.
2023-03-09 15:02:36,550 [Listener at 127.0.0.1/45353] INFO  impl.MetricsSystemImpl (MetricsSystemImpl.java:init(158)) - HddsDatanode metrics system started (again)
2023-03-09 15:02:36,566 [Listener at 127.0.0.1/45353] INFO  ozone.HddsDatanodeService (HddsDatanodeService.java:start(229)) - HddsDatanodeService host:fv-az377-502.ap30g4v5sw5evmjtdmxdg2w53f.dx.internal.cloudapp.net ip:10.1.0.44
2023-03-09 15:02:36,567 [org.apache.hadoop.util.JvmPauseMonitor$Monitor@34740186] INFO  util.JvmPauseMonitor (JvmPauseMonitor.java:run(188)) - Starting JVM pause monitor
2023-03-09 15:02:36,568 [Datanode State Machine Task Thread - 0] INFO  ha.SCMNodeInfo (SCMNodeInfo.java:getPort(197)) - ConfigKey ozone.scm.client.address is deprecated, For configuring different ports for each SCM use PortConfigKey ozone.scm.client.port appended with serviceId and nodeId
2023-03-09 15:02:36,568 [Datanode State Machine Task Thread - 0] INFO  ha.SCMNodeInfo (SCMNodeInfo.java:getPort(197)) - ConfigKey ozone.scm.block.client.address is deprecated, For configuring different ports for each SCM use PortConfigKey ozone.scm.block.client.port appended with serviceId and nodeId
2023-03-09 15:02:36,568 [Datanode State Machine Task Thread - 0] INFO  ha.SCMNodeInfo (SCMNodeInfo.java:getPort(197)) - ConfigKey ozone.scm.datanode.address is deprecated, For configuring different ports for each SCM use PortConfigKey ozone.scm.datanode.port appended with serviceId and nodeId
2023-03-09 15:02:36,569 [Datanode State Machine Task Thread - 0] INFO  datanode.InitDatanodeState (InitDatanodeState.java:persistContainerDatanodeDetails(138)) - DatanodeDetails is persisted to /home/runner/work/ozone/ozone/hadoop-ozone/integration-test/target/test-dir/MiniOzoneClusterImpl-0534e788-6c20-4d4d-bf72-3ffae63fff50/datanode-0/meta/datanode.id
2023-03-09 15:02:36,589 [Listener at 127.0.0.1/45353] INFO  upgrade.AbstractLayoutVersionManager (AbstractLayoutVersionManager.java:init(83)) - Initializing Layout version manager with metadata layout = DATANODE_SCHEMA_V3 (version = 4), software layout = DATANODE_SCHEMA_V3 (version = 4)
2023-03-09 15:02:36,642 [Listener at 127.0.0.1/45353] INFO  reflections.Reflections (Reflections.java:scan(232)) - Reflections took 52 ms to scan 7 urls, producing 154 keys and 367 values 
2023-03-09 15:02:36,643 [Listener at 127.0.0.1/45353] INFO  ha.SCMNodeInfo (SCMNodeInfo.java:getPort(197)) - ConfigKey ozone.scm.client.address is deprecated, For configuring different ports for each SCM use PortConfigKey ozone.scm.client.port appended with serviceId and nodeId
2023-03-09 15:02:36,644 [Listener at 127.0.0.1/45353] INFO  ha.SCMNodeInfo (SCMNodeInfo.java:getPort(197)) - ConfigKey ozone.scm.block.client.address is deprecated, For configuring different ports for each SCM use PortConfigKey ozone.scm.block.client.port appended with serviceId and nodeId
2023-03-09 15:02:36,644 [Listener at 127.0.0.1/45353] INFO  ha.SCMNodeInfo (SCMNodeInfo.java:getPort(197)) - ConfigKey ozone.scm.datanode.address is deprecated, For configuring different ports for each SCM use PortConfigKey ozone.scm.datanode.port appended with serviceId and nodeId
2023-03-09 15:02:36,644 [Listener at 127.0.0.1/45353] INFO  statemachine.DatanodeStateMachine (DatanodeStateMachine.java:getEndPointTaskThreadPoolSize(260)) - Datanode State Machine Task Thread Pool size 2
2023-03-09 15:02:36,646 [Listener at 127.0.0.1/45353] INFO  volume.HddsVolume (HddsVolume.java:<init>(122)) - Creating HddsVolume: /home/runner/work/ozone/ozone/hadoop-ozone/integration-test/target/test-dir/MiniOzoneClusterImpl-0534e788-6c20-4d4d-bf72-3ffae63fff50/datanode-1/data-0/containers/hdds of storage type : DISK capacity : 9223372036854775807
2023-03-09 15:02:36,646 [Listener at 127.0.0.1/45353] INFO  volume.MutableVolumeSet (MutableVolumeSet.java:initializeVolumeSet(174)) - Added Volume : /home/runner/work/ozone/ozone/hadoop-ozone/integration-test/target/test-dir/MiniOzoneClusterImpl-0534e788-6c20-4d4d-bf72-3ffae63fff50/datanode-1/data-0/containers/hdds to VolumeSet
2023-03-09 15:02:36,646 [Listener at 127.0.0.1/45353] INFO  volume.ThrottledAsyncChecker (ThrottledAsyncChecker.java:schedule(141)) - Scheduling a check for /home/runner/work/ozone/ozone/hadoop-ozone/integration-test/target/test-dir/MiniOzoneClusterImpl-0534e788-6c20-4d4d-bf72-3ffae63fff50/datanode-1/data-0/containers/hdds
2023-03-09 15:02:36,647 [Listener at 127.0.0.1/45353] INFO  volume.StorageVolumeChecker (StorageVolumeChecker.java:checkAllVolumes(202)) - Scheduled health check for volume /home/runner/work/ozone/ozone/hadoop-ozone/integration-test/target/test-dir/MiniOzoneClusterImpl-0534e788-6c20-4d4d-bf72-3ffae63fff50/datanode-1/data-0/containers/hdds
2023-03-09 15:02:36,658 [Listener at 127.0.0.1/45353] INFO  volume.MutableVolumeSet (MutableVolumeSet.java:initializeVolumeSet(174)) - Added Volume : /home/runner/work/ozone/ozone/hadoop-ozone/integration-test/target/test-dir/MiniOzoneClusterImpl-0534e788-6c20-4d4d-bf72-3ffae63fff50/datanode-1/data/ratis to VolumeSet
2023-03-09 15:02:36,658 [Listener at 127.0.0.1/45353] INFO  volume.ThrottledAsyncChecker (ThrottledAsyncChecker.java:schedule(141)) - Scheduling a check for /home/runner/work/ozone/ozone/hadoop-ozone/integration-test/target/test-dir/MiniOzoneClusterImpl-0534e788-6c20-4d4d-bf72-3ffae63fff50/datanode-1/data/ratis
2023-03-09 15:02:36,658 [Listener at 127.0.0.1/45353] INFO  volume.StorageVolumeChecker (StorageVolumeChecker.java:checkAllVolumes(202)) - Scheduled health check for volume /home/runner/work/ozone/ozone/hadoop-ozone/integration-test/target/test-dir/MiniOzoneClusterImpl-0534e788-6c20-4d4d-bf72-3ffae63fff50/datanode-1/data/ratis
2023-03-09 15:02:36,669 [Thread-4731] INFO  ozoneimpl.ContainerReader (ContainerReader.java:readVolume(175)) - Finish verifying containers on volume /home/runner/work/ozone/ozone/hadoop-ozone/integration-test/target/test-dir/MiniOzoneClusterImpl-0534e788-6c20-4d4d-bf72-3ffae63fff50/datanode-1/data-0/containers/hdds
2023-03-09 15:02:36,669 [Listener at 127.0.0.1/45353] INFO  ozoneimpl.OzoneContainer (OzoneContainer.java:buildContainerSet(304)) - Build ContainerSet costs 0s
2023-03-09 15:02:36,671 [Listener at 127.0.0.1/45353] INFO  server.RaftServer (ConfUtils.java:logGet(46)) - raft.rpc.type = GRPC (default)
2023-03-09 15:02:36,671 [Listener at 127.0.0.1/45353] INFO  grpc.GrpcConfigKeys (ConfUtils.java:logFallback(53)) - raft.grpc.admin.host = null (fallback to raft.grpc.server.host)
2023-03-09 15:02:36,672 [Listener at 127.0.0.1/45353] INFO  grpc.GrpcConfigKeys (ConfUtils.java:logGet(46)) - raft.grpc.admin.port = 0 (custom)
2023-03-09 15:02:36,672 [Listener at 127.0.0.1/45353] INFO  grpc.GrpcConfigKeys (ConfUtils.java:logFallback(53)) - raft.grpc.client.host = null (fallback to raft.grpc.server.host)
2023-03-09 15:02:36,672 [Listener at 127.0.0.1/45353] INFO  grpc.GrpcConfigKeys (ConfUtils.java:logGet(46)) - raft.grpc.client.port = 0 (custom)
2023-03-09 15:02:36,672 [Listener at 127.0.0.1/45353] INFO  grpc.GrpcConfigKeys (ConfUtils.java:logGet(46)) - raft.grpc.server.host = null (default)
2023-03-09 15:02:36,672 [Listener at 127.0.0.1/45353] INFO  grpc.GrpcConfigKeys (ConfUtils.java:logGet(46)) - raft.grpc.server.port = 0 (default)
2023-03-09 15:02:36,672 [Listener at 127.0.0.1/45353] INFO  server.GrpcService (ConfUtils.java:logGet(46)) - raft.grpc.message.size.max = 32MB (=33554432) (custom)
2023-03-09 15:02:36,673 [Listener at 127.0.0.1/45353] INFO  server.RaftServerConfigKeys (ConfUtils.java:logGet(46)) - raft.server.log.appender.buffer.byte-limit = 33554432 (custom)
2023-03-09 15:02:36,673 [Listener at 127.0.0.1/45353] INFO  server.GrpcService (ConfUtils.java:logGet(46)) - raft.grpc.flow.control.window = 5MB (=5242880) (custom)
2023-03-09 15:02:36,673 [Listener at 127.0.0.1/45353] INFO  server.RaftServerConfigKeys (ConfUtils.java:logGet(46)) - raft.server.rpc.request.timeout = 60s (custom)
2023-03-09 15:02:36,673 [Listener at 127.0.0.1/45353] INFO  grpc.GrpcConfigKeys (ConfUtils.java:logGet(46)) - raft.grpc.server.heartbeat.channel = true (default)
2023-03-09 15:02:36,673 [Listener at 127.0.0.1/45353] INFO  grpc.GrpcConfigKeys (ConfUtils.java:logGet(46)) - raft.grpc.server.async.request.thread.pool.cached = true (default)
2023-03-09 15:02:36,674 [Listener at 127.0.0.1/45353] INFO  grpc.GrpcConfigKeys (ConfUtils.java:logGet(46)) - raft.grpc.server.async.request.thread.pool.size = 32 (default)
2023-03-09 15:02:36,675 [Listener at 127.0.0.1/45353] INFO  impl.DataStreamServerImpl (ConfUtils.java:logGet(46)) - raft.datastream.type = NETTY (custom)
2023-03-09 15:02:36,675 [Listener at 127.0.0.1/45353] INFO  server.RaftServerConfigKeys (ConfUtils.java:logGet(46)) - raft.server.data-stream.async.request.thread.pool.cached = false (default)
2023-03-09 15:02:36,675 [Listener at 127.0.0.1/45353] INFO  server.RaftServerConfigKeys (ConfUtils.java:logGet(46)) - raft.server.data-stream.async.request.thread.pool.size = 20 (custom)
2023-03-09 15:02:36,675 [Listener at 127.0.0.1/45353] INFO  server.RaftServerConfigKeys (ConfUtils.java:logGet(46)) - raft.server.data-stream.async.write.thread.pool.size = 16 (default)
2023-03-09 15:02:36,676 [Listener at 127.0.0.1/45353] INFO  server.RaftServerConfigKeys (ConfUtils.java:logGet(46)) - raft.server.data-stream.client.pool.size = 10 (default)
2023-03-09 15:02:36,676 [Listener at 127.0.0.1/45353] INFO  netty.NettyConfigKeys$DataStream (ConfUtils.java:logGet(46)) - raft.netty.dataStream.server.use-epoll = false (default)
2023-03-09 15:02:36,676 [Listener at 127.0.0.1/45353] INFO  netty.NettyConfigKeys$DataStream (ConfUtils.java:logGet(46)) - raft.netty.dataStream.server.boss-group.size = 0 (default)
2023-03-09 15:02:36,676 [Listener at 127.0.0.1/45353] INFO  netty.NettyConfigKeys$DataStream (ConfUtils.java:logGet(46)) - raft.netty.dataStream.server.worker-group.size = 0 (default)
2023-03-09 15:02:36,677 [Listener at 127.0.0.1/45353] INFO  netty.NettyConfigKeys$DataStream (ConfUtils.java:logGet(46)) - raft.netty.dataStream.server.tls.conf = null (default)
2023-03-09 15:02:36,677 [Listener at 127.0.0.1/45353] INFO  netty.NettyConfigKeys$DataStream (ConfUtils.java:logGet(46)) - raft.netty.dataStream.host = null (default)
2023-03-09 15:02:36,677 [Listener at 127.0.0.1/45353] INFO  netty.NettyConfigKeys$DataStream (ConfUtils.java:logGet(46)) - raft.netty.dataStream.port = 0 (default)
2023-03-09 15:02:36,678 [Listener at 127.0.0.1/45353] INFO  server.RaftServerConfigKeys (ConfUtils.java:logGet(46)) - raft.server.threadpool.proxy.cached = true (default)
2023-03-09 15:02:36,678 [Listener at 127.0.0.1/45353] INFO  server.RaftServerConfigKeys (ConfUtils.java:logGet(46)) - raft.server.threadpool.proxy.size = 0 (default)
2023-03-09 15:02:36,678 [b86bebd9-3a13-457a-9b1b-8645409d7c66-NettyServerStreamRpc-bossGroup--thread1] INFO  logging.LoggingHandler (AbstractInternalLogger.java:log(148)) - [id: 0xcc9695e2] REGISTERED
2023-03-09 15:02:36,678 [Listener at 127.0.0.1/45353] INFO  server.RaftServerConfigKeys (ConfUtils.java:logGet(46)) - raft.server.rpc.slowness.timeout = 300s (custom)
2023-03-09 15:02:36,678 [Listener at 127.0.0.1/45353] INFO  server.RaftServerConfigKeys (ConfUtils.java:logGet(46)) - raft.server.leaderelection.leader.step-down.wait-time = 10s (default)
2023-03-09 15:02:36,678 [b86bebd9-3a13-457a-9b1b-8645409d7c66-NettyServerStreamRpc-bossGroup--thread1] INFO  logging.LoggingHandler (AbstractInternalLogger.java:log(148)) - [id: 0xcc9695e2] BIND: 0.0.0.0/0.0.0.0:0
2023-03-09 15:02:36,679 [Listener at 127.0.0.1/45353] INFO  server.RaftServerConfigKeys (ConfUtils.java:logGet(46)) - raft.server.storage.dir = [/home/runner/work/ozone/ozone/hadoop-ozone/integration-test/target/test-dir/MiniOzoneClusterImpl-0534e788-6c20-4d4d-bf72-3ffae63fff50/datanode-1/data/ratis] (custom)
2023-03-09 15:02:36,679 [b86bebd9-3a13-457a-9b1b-8645409d7c66-NettyServerStreamRpc-bossGroup--thread1] INFO  logging.LoggingHandler (AbstractInternalLogger.java:log(148)) - [id: 0xcc9695e2, L:/0:0:0:0:0:0:0:0:45541] ACTIVE
2023-03-09 15:02:36,680 [Listener at 127.0.0.1/45353] INFO  server.XceiverServerGrpc (XceiverServerGrpc.java:<init>(132)) - GrpcServer channel type EpollServerSocketChannel
2023-03-09 15:02:36,683 [Listener at 127.0.0.1/45353] INFO  http.BaseHttpServer (BaseHttpServer.java:newHttpServer2BuilderForOzone(224)) - Starting Web-server for hddsDatanode at: http://0.0.0.0:0
2023-03-09 15:02:36,683 [Listener at 127.0.0.1/45353] INFO  http.BaseHttpServer (BaseHttpServer.java:<init>(111)) - Hadoop Security Enabled: false Ozone Security Enabled: false Ozone HTTP Security Enabled: false 
2023-03-09 15:02:36,684 [Listener at 127.0.0.1/45353] WARN  server.AuthenticationFilter (AuthenticationFilter.java:constructSecretProvider(240)) - Unable to initialize FileSignerSecretProvider, falling back to use random secrets. Reason: Could not read signature secret file: /home/runner/hadoop-http-auth-signature-secret
2023-03-09 15:02:36,685 [Listener at 127.0.0.1/45353] WARN  http.HttpRequestLog (HttpRequestLog.java:getRequestLog(103)) - Jetty request log can only be enabled using Log4j
2023-03-09 15:02:36,686 [Listener at 127.0.0.1/45353] INFO  http.HttpServer2 (HttpServer2.java:addGlobalFilter(1031)) - Added global filter 'safety' (class=org.apache.hadoop.hdds.server.http.HttpServer2$QuotingInputFilter)
2023-03-09 15:02:36,686 [Listener at 127.0.0.1/45353] INFO  http.HttpServer2 (HttpServer2.java:addFilter(1007)) - Added filter static_user_filter (class=org.apache.hadoop.http.lib.StaticUserWebFilter$StaticUserFilter) to context hddsDatanode
2023-03-09 15:02:36,687 [Listener at 127.0.0.1/45353] INFO  http.HttpServer2 (HttpServer2.java:addFilter(1015)) - Added filter static_user_filter (class=org.apache.hadoop.http.lib.StaticUserWebFilter$StaticUserFilter) to context logs
2023-03-09 15:02:36,687 [Listener at 127.0.0.1/45353] INFO  http.HttpServer2 (HttpServer2.java:addFilter(1015)) - Added filter static_user_filter (class=org.apache.hadoop.http.lib.StaticUserWebFilter$StaticUserFilter) to context static
2023-03-09 15:02:36,687 [Listener at 127.0.0.1/45353] INFO  http.BaseHttpServer (BaseHttpServer.java:<init>(190)) - HTTP server of hddsDatanode uses base directory /home/runner/work/ozone/ozone/hadoop-ozone/integration-test/target/test-dir/MiniOzoneClusterImpl-0534e788-6c20-4d4d-bf72-3ffae63fff50/datanode-1/meta/webserver
2023-03-09 15:02:36,688 [Listener at 127.0.0.1/45353] INFO  http.HttpServer2 (HttpServer2.java:bindListener(1250)) - Jetty bound to port 37871
2023-03-09 15:02:36,688 [Listener at 127.0.0.1/45353] INFO  server.Server (Server.java:doStart(375)) - jetty-9.4.49.v20220914; built: 2022-09-14T01:07:36.601Z; git: 4231a3b2e4cb8548a412a789936d640a97b1aa0a; jvm 1.8.0_362-b09
2023-03-09 15:02:36,715 [Listener at 127.0.0.1/45353] INFO  server.session (DefaultSessionIdManager.java:doStart(334)) - DefaultSessionIdManager workerName=node0
2023-03-09 15:02:36,715 [Listener at 127.0.0.1/45353] INFO  server.session (DefaultSessionIdManager.java:doStart(339)) - No SessionScavenger set, using defaults
2023-03-09 15:02:36,716 [Listener at 127.0.0.1/45353] INFO  server.session (HouseKeeper.java:startScavenging(132)) - node0 Scavenging every 600000ms
2023-03-09 15:02:36,720 [Listener at 127.0.0.1/45353] INFO  handler.ContextHandler (ContextHandler.java:doStart(921)) - Started o.e.j.s.ServletContextHandler@38f1023d{logs,/logs,file:///home/runner/work/ozone/ozone/hadoop-ozone/integration-test/target/log,AVAILABLE}
2023-03-09 15:02:36,720 [Listener at 127.0.0.1/45353] INFO  handler.ContextHandler (ContextHandler.java:doStart(921)) - Started o.e.j.s.ServletContextHandler@349ae4a4{static,/static,jar:file:/home/runner/.m2/repository/org/apache/ozone/hdds-container-service/1.4.0-SNAPSHOT/hdds-container-service-1.4.0-SNAPSHOT.jar!/webapps/static,AVAILABLE}
2023-03-09 15:02:36,726 [EndpointStateMachine task thread for /127.0.0.1:33275 - 0 ] INFO  ipc.Client (Client.java:handleConnectionFailure(1010)) - Retrying connect to server: localhost/127.0.0.1:33275. Already tried 3 time(s); retry policy is RetryUpToMaximumCountWithFixedSleep(maxRetries=15, sleepTime=1000 MILLISECONDS)
2023-03-09 15:02:36,950 [Listener at 127.0.0.1/45353] INFO  handler.ContextHandler (ContextHandler.java:doStart(921)) - Started o.e.j.w.WebAppContext@516ac862{hddsDatanode,/,file:///home/runner/work/ozone/ozone/hadoop-ozone/integration-test/target/test-dir/MiniOzoneClusterImpl-0534e788-6c20-4d4d-bf72-3ffae63fff50/datanode-1/meta/webserver/jetty-0_0_0_0-37871-hdds-container-service-1_4_0-SNAPSHOT_jar-_-any-2449800623687652833/webapp/,AVAILABLE}{jar:file:/home/runner/.m2/repository/org/apache/ozone/hdds-container-service/1.4.0-SNAPSHOT/hdds-container-service-1.4.0-SNAPSHOT.jar!/webapps/hddsDatanode}
2023-03-09 15:02:36,953 [Listener at 127.0.0.1/45353] INFO  server.AbstractConnector (AbstractConnector.java:doStart(333)) - Started ServerConnector@4f1ad29b{HTTP/1.1, (http/1.1)}{0.0.0.0:37871}
2023-03-09 15:02:36,954 [Listener at 127.0.0.1/45353] INFO  server.Server (Server.java:doStart(415)) - Started @287607ms
2023-03-09 15:02:36,954 [Listener at 127.0.0.1/45353] WARN  impl.MetricsSystemImpl (MetricsSystemImpl.java:register(279)) - Sink prometheus already exists!
2023-03-09 15:02:36,954 [Listener at 127.0.0.1/45353] INFO  http.BaseHttpServer (BaseHttpServer.java:updateConnectorAddress(344)) - HTTP server of hddsDatanode listening at http://0.0.0.0:37871
2023-03-09 15:02:36,958 [Listener at 127.0.0.1/45353] WARN  impl.MetricRegistriesImpl (MetricRegistriesImpl.java:addReporterRegistration(111)) - New reporters are added after registries were created. Some metrics will be missing from the reporter. Please add reporter before adding any new registry.
2023-03-09 15:02:36,958 [Listener at 127.0.0.1/45353] WARN  impl.MetricRegistriesImpl (MetricRegistriesImpl.java:addReporterRegistration(111)) - New reporters are added after registries were created. Some metrics will be missing from the reporter. Please add reporter before adding any new registry.
2023-03-09 15:02:36,958 [Listener at 127.0.0.1/45353] INFO  impl.MetricsSystemImpl (MetricsSystemImpl.java:init(158)) - HddsDatanode metrics system started (again)
2023-03-09 15:02:36,965 [Datanode State Machine Daemon Thread] INFO  statemachine.DatanodeStateMachine (DatanodeStateMachine.java:lambda$startDaemon$0(517)) - Ozone container server started.
2023-03-09 15:02:36,988 [org.apache.hadoop.util.JvmPauseMonitor$Monitor@31b69bad] INFO  util.JvmPauseMonitor (JvmPauseMonitor.java:run(188)) - Starting JVM pause monitor
2023-03-09 15:02:36,988 [Datanode State Machine Task Thread - 0] INFO  ha.SCMNodeInfo (SCMNodeInfo.java:getPort(197)) - ConfigKey ozone.scm.client.address is deprecated, For configuring different ports for each SCM use PortConfigKey ozone.scm.client.port appended with serviceId and nodeId
2023-03-09 15:02:36,988 [Datanode State Machine Task Thread - 0] INFO  ha.SCMNodeInfo (SCMNodeInfo.java:getPort(197)) - ConfigKey ozone.scm.block.client.address is deprecated, For configuring different ports for each SCM use PortConfigKey ozone.scm.block.client.port appended with serviceId and nodeId
2023-03-09 15:02:36,989 [Datanode State Machine Task Thread - 0] INFO  ha.SCMNodeInfo (SCMNodeInfo.java:getPort(197)) - ConfigKey ozone.scm.datanode.address is deprecated, For configuring different ports for each SCM use PortConfigKey ozone.scm.datanode.port appended with serviceId and nodeId
2023-03-09 15:02:36,990 [Datanode State Machine Task Thread - 0] INFO  datanode.InitDatanodeState (InitDatanodeState.java:persistContainerDatanodeDetails(138)) - DatanodeDetails is persisted to /home/runner/work/ozone/ozone/hadoop-ozone/integration-test/target/test-dir/MiniOzoneClusterImpl-0534e788-6c20-4d4d-bf72-3ffae63fff50/datanode-1/meta/datanode.id
2023-03-09 15:02:36,991 [Listener at 127.0.0.1/45353] INFO  ozone.HddsDatanodeService (HddsDatanodeService.java:start(229)) - HddsDatanodeService host:fv-az377-502.ap30g4v5sw5evmjtdmxdg2w53f.dx.internal.cloudapp.net ip:10.1.0.44
2023-03-09 15:02:37,025 [Listener at 127.0.0.1/45353] INFO  upgrade.AbstractLayoutVersionManager (AbstractLayoutVersionManager.java:init(83)) - Initializing Layout version manager with metadata layout = DATANODE_SCHEMA_V3 (version = 4), software layout = DATANODE_SCHEMA_V3 (version = 4)
2023-03-09 15:02:37,084 [EndpointStateMachine task thread for /127.0.0.1:35467 - 0 ] INFO  ipc.Client (Client.java:handleConnectionFailure(1010)) - Retrying connect to server: localhost/127.0.0.1:35467. Already tried 12 time(s); retry policy is RetryUpToMaximumCountWithFixedSleep(maxRetries=15, sleepTime=1000 MILLISECONDS)
2023-03-09 15:02:37,088 [Listener at 127.0.0.1/45353] INFO  reflections.Reflections (Reflections.java:scan(232)) - Reflections took 61 ms to scan 7 urls, producing 154 keys and 367 values 
2023-03-09 15:02:37,090 [Listener at 127.0.0.1/45353] INFO  ha.SCMNodeInfo (SCMNodeInfo.java:getPort(197)) - ConfigKey ozone.scm.client.address is deprecated, For configuring different ports for each SCM use PortConfigKey ozone.scm.client.port appended with serviceId and nodeId
2023-03-09 15:02:37,090 [Listener at 127.0.0.1/45353] INFO  ha.SCMNodeInfo (SCMNodeInfo.java:getPort(197)) - ConfigKey ozone.scm.block.client.address is deprecated, For configuring different ports for each SCM use PortConfigKey ozone.scm.block.client.port appended with serviceId and nodeId
2023-03-09 15:02:37,090 [Listener at 127.0.0.1/45353] INFO  ha.SCMNodeInfo (SCMNodeInfo.java:getPort(197)) - ConfigKey ozone.scm.datanode.address is deprecated, For configuring different ports for each SCM use PortConfigKey ozone.scm.datanode.port appended with serviceId and nodeId
2023-03-09 15:02:37,091 [Listener at 127.0.0.1/45353] INFO  statemachine.DatanodeStateMachine (DatanodeStateMachine.java:getEndPointTaskThreadPoolSize(260)) - Datanode State Machine Task Thread Pool size 2
2023-03-09 15:02:37,095 [Listener at 127.0.0.1/45353] INFO  volume.HddsVolume (HddsVolume.java:<init>(122)) - Creating HddsVolume: /home/runner/work/ozone/ozone/hadoop-ozone/integration-test/target/test-dir/MiniOzoneClusterImpl-0534e788-6c20-4d4d-bf72-3ffae63fff50/datanode-2/data-0/containers/hdds of storage type : DISK capacity : 9223372036854775807
2023-03-09 15:02:37,095 [Listener at 127.0.0.1/45353] INFO  volume.MutableVolumeSet (MutableVolumeSet.java:initializeVolumeSet(174)) - Added Volume : /home/runner/work/ozone/ozone/hadoop-ozone/integration-test/target/test-dir/MiniOzoneClusterImpl-0534e788-6c20-4d4d-bf72-3ffae63fff50/datanode-2/data-0/containers/hdds to VolumeSet
2023-03-09 15:02:37,095 [Listener at 127.0.0.1/45353] INFO  volume.ThrottledAsyncChecker (ThrottledAsyncChecker.java:schedule(141)) - Scheduling a check for /home/runner/work/ozone/ozone/hadoop-ozone/integration-test/target/test-dir/MiniOzoneClusterImpl-0534e788-6c20-4d4d-bf72-3ffae63fff50/datanode-2/data-0/containers/hdds
2023-03-09 15:02:37,098 [Listener at 127.0.0.1/45353] INFO  volume.StorageVolumeChecker (StorageVolumeChecker.java:checkAllVolumes(202)) - Scheduled health check for volume /home/runner/work/ozone/ozone/hadoop-ozone/integration-test/target/test-dir/MiniOzoneClusterImpl-0534e788-6c20-4d4d-bf72-3ffae63fff50/datanode-2/data-0/containers/hdds
2023-03-09 15:02:37,113 [Listener at 127.0.0.1/45353] INFO  volume.MutableVolumeSet (MutableVolumeSet.java:initializeVolumeSet(174)) - Added Volume : /home/runner/work/ozone/ozone/hadoop-ozone/integration-test/target/test-dir/MiniOzoneClusterImpl-0534e788-6c20-4d4d-bf72-3ffae63fff50/datanode-2/data/ratis to VolumeSet
2023-03-09 15:02:37,113 [Listener at 127.0.0.1/45353] INFO  volume.ThrottledAsyncChecker (ThrottledAsyncChecker.java:schedule(141)) - Scheduling a check for /home/runner/work/ozone/ozone/hadoop-ozone/integration-test/target/test-dir/MiniOzoneClusterImpl-0534e788-6c20-4d4d-bf72-3ffae63fff50/datanode-2/data/ratis
2023-03-09 15:02:37,113 [Listener at 127.0.0.1/45353] INFO  volume.StorageVolumeChecker (StorageVolumeChecker.java:checkAllVolumes(202)) - Scheduled health check for volume /home/runner/work/ozone/ozone/hadoop-ozone/integration-test/target/test-dir/MiniOzoneClusterImpl-0534e788-6c20-4d4d-bf72-3ffae63fff50/datanode-2/data/ratis
2023-03-09 15:02:37,130 [Thread-4745] INFO  ozoneimpl.ContainerReader (ContainerReader.java:readVolume(175)) - Finish verifying containers on volume /home/runner/work/ozone/ozone/hadoop-ozone/integration-test/target/test-dir/MiniOzoneClusterImpl-0534e788-6c20-4d4d-bf72-3ffae63fff50/datanode-2/data-0/containers/hdds
2023-03-09 15:02:37,130 [Listener at 127.0.0.1/45353] INFO  ozoneimpl.OzoneContainer (OzoneContainer.java:buildContainerSet(304)) - Build ContainerSet costs 0s
2023-03-09 15:02:37,136 [Listener at 127.0.0.1/45353] INFO  server.RaftServer (ConfUtils.java:logGet(46)) - raft.rpc.type = GRPC (default)
2023-03-09 15:02:37,136 [Listener at 127.0.0.1/45353] INFO  grpc.GrpcConfigKeys (ConfUtils.java:logFallback(53)) - raft.grpc.admin.host = null (fallback to raft.grpc.server.host)
2023-03-09 15:02:37,137 [Listener at 127.0.0.1/45353] INFO  grpc.GrpcConfigKeys (ConfUtils.java:logGet(46)) - raft.grpc.admin.port = 0 (custom)
2023-03-09 15:02:37,137 [Listener at 127.0.0.1/45353] INFO  grpc.GrpcConfigKeys (ConfUtils.java:logFallback(53)) - raft.grpc.client.host = null (fallback to raft.grpc.server.host)
2023-03-09 15:02:37,137 [Listener at 127.0.0.1/45353] INFO  grpc.GrpcConfigKeys (ConfUtils.java:logGet(46)) - raft.grpc.client.port = 0 (custom)
2023-03-09 15:02:37,137 [Listener at 127.0.0.1/45353] INFO  grpc.GrpcConfigKeys (ConfUtils.java:logGet(46)) - raft.grpc.server.host = null (default)
2023-03-09 15:02:37,137 [Listener at 127.0.0.1/45353] INFO  grpc.GrpcConfigKeys (ConfUtils.java:logGet(46)) - raft.grpc.server.port = 0 (default)
2023-03-09 15:02:37,137 [Listener at 127.0.0.1/45353] INFO  server.GrpcService (ConfUtils.java:logGet(46)) - raft.grpc.message.size.max = 32MB (=33554432) (custom)
2023-03-09 15:02:37,137 [Listener at 127.0.0.1/45353] INFO  server.RaftServerConfigKeys (ConfUtils.java:logGet(46)) - raft.server.log.appender.buffer.byte-limit = 33554432 (custom)
2023-03-09 15:02:37,138 [Listener at 127.0.0.1/45353] INFO  server.GrpcService (ConfUtils.java:logGet(46)) - raft.grpc.flow.control.window = 5MB (=5242880) (custom)
2023-03-09 15:02:37,138 [Listener at 127.0.0.1/45353] INFO  server.RaftServerConfigKeys (ConfUtils.java:logGet(46)) - raft.server.rpc.request.timeout = 60s (custom)
2023-03-09 15:02:37,138 [Listener at 127.0.0.1/45353] INFO  grpc.GrpcConfigKeys (ConfUtils.java:logGet(46)) - raft.grpc.server.heartbeat.channel = true (default)
2023-03-09 15:02:37,138 [Listener at 127.0.0.1/45353] INFO  grpc.GrpcConfigKeys (ConfUtils.java:logGet(46)) - raft.grpc.server.async.request.thread.pool.cached = true (default)
2023-03-09 15:02:37,138 [Listener at 127.0.0.1/45353] INFO  grpc.GrpcConfigKeys (ConfUtils.java:logGet(46)) - raft.grpc.server.async.request.thread.pool.size = 32 (default)
2023-03-09 15:02:37,140 [Listener at 127.0.0.1/45353] INFO  impl.DataStreamServerImpl (ConfUtils.java:logGet(46)) - raft.datastream.type = NETTY (custom)
2023-03-09 15:02:37,140 [Listener at 127.0.0.1/45353] INFO  server.RaftServerConfigKeys (ConfUtils.java:logGet(46)) - raft.server.data-stream.async.request.thread.pool.cached = false (default)
2023-03-09 15:02:37,140 [Listener at 127.0.0.1/45353] INFO  server.RaftServerConfigKeys (ConfUtils.java:logGet(46)) - raft.server.data-stream.async.request.thread.pool.size = 20 (custom)
2023-03-09 15:02:37,140 [Listener at 127.0.0.1/45353] INFO  server.RaftServerConfigKeys (ConfUtils.java:logGet(46)) - raft.server.data-stream.async.write.thread.pool.size = 16 (default)
2023-03-09 15:02:37,141 [Listener at 127.0.0.1/45353] INFO  server.RaftServerConfigKeys (ConfUtils.java:logGet(46)) - raft.server.data-stream.client.pool.size = 10 (default)
2023-03-09 15:02:37,141 [Listener at 127.0.0.1/45353] INFO  netty.NettyConfigKeys$DataStream (ConfUtils.java:logGet(46)) - raft.netty.dataStream.server.use-epoll = false (default)
2023-03-09 15:02:37,141 [Listener at 127.0.0.1/45353] INFO  netty.NettyConfigKeys$DataStream (ConfUtils.java:logGet(46)) - raft.netty.dataStream.server.boss-group.size = 0 (default)
2023-03-09 15:02:37,141 [Listener at 127.0.0.1/45353] INFO  netty.NettyConfigKeys$DataStream (ConfUtils.java:logGet(46)) - raft.netty.dataStream.server.worker-group.size = 0 (default)
2023-03-09 15:02:37,142 [Listener at 127.0.0.1/45353] INFO  netty.NettyConfigKeys$DataStream (ConfUtils.java:logGet(46)) - raft.netty.dataStream.server.tls.conf = null (default)
2023-03-09 15:02:37,142 [Listener at 127.0.0.1/45353] INFO  netty.NettyConfigKeys$DataStream (ConfUtils.java:logGet(46)) - raft.netty.dataStream.host = null (default)
2023-03-09 15:02:37,142 [Listener at 127.0.0.1/45353] INFO  netty.NettyConfigKeys$DataStream (ConfUtils.java:logGet(46)) - raft.netty.dataStream.port = 0 (default)
2023-03-09 15:02:37,146 [Listener at 127.0.0.1/45353] INFO  server.RaftServerConfigKeys (ConfUtils.java:logGet(46)) - raft.server.threadpool.proxy.cached = true (default)
2023-03-09 15:02:37,146 [Listener at 127.0.0.1/45353] INFO  server.RaftServerConfigKeys (ConfUtils.java:logGet(46)) - raft.server.threadpool.proxy.size = 0 (default)
2023-03-09 15:02:37,146 [Listener at 127.0.0.1/45353] INFO  server.RaftServerConfigKeys (ConfUtils.java:logGet(46)) - raft.server.rpc.slowness.timeout = 300s (custom)
2023-03-09 15:02:37,146 [Listener at 127.0.0.1/45353] INFO  server.RaftServerConfigKeys (ConfUtils.java:logGet(46)) - raft.server.leaderelection.leader.step-down.wait-time = 10s (default)
2023-03-09 15:02:37,146 [Listener at 127.0.0.1/45353] INFO  server.RaftServerConfigKeys (ConfUtils.java:logGet(46)) - raft.server.storage.dir = [/home/runner/work/ozone/ozone/hadoop-ozone/integration-test/target/test-dir/MiniOzoneClusterImpl-0534e788-6c20-4d4d-bf72-3ffae63fff50/datanode-2/data/ratis] (custom)
2023-03-09 15:02:37,147 [ee096506-a68b-4f48-b344-eadbf7b61204-NettyServerStreamRpc-bossGroup--thread1] INFO  logging.LoggingHandler (AbstractInternalLogger.java:log(148)) - [id: 0x6d43341e] REGISTERED
2023-03-09 15:02:37,147 [ee096506-a68b-4f48-b344-eadbf7b61204-NettyServerStreamRpc-bossGroup--thread1] INFO  logging.LoggingHandler (AbstractInternalLogger.java:log(148)) - [id: 0x6d43341e] BIND: 0.0.0.0/0.0.0.0:0
2023-03-09 15:02:37,147 [ee096506-a68b-4f48-b344-eadbf7b61204-NettyServerStreamRpc-bossGroup--thread1] INFO  logging.LoggingHandler (AbstractInternalLogger.java:log(148)) - [id: 0x6d43341e, L:/0:0:0:0:0:0:0:0:44575] ACTIVE
2023-03-09 15:02:37,156 [Listener at 127.0.0.1/45353] INFO  server.XceiverServerGrpc (XceiverServerGrpc.java:<init>(132)) - GrpcServer channel type EpollServerSocketChannel
2023-03-09 15:02:37,159 [Listener at 127.0.0.1/45353] INFO  http.BaseHttpServer (BaseHttpServer.java:newHttpServer2BuilderForOzone(224)) - Starting Web-server for hddsDatanode at: http://0.0.0.0:0
2023-03-09 15:02:37,159 [Listener at 127.0.0.1/45353] INFO  http.BaseHttpServer (BaseHttpServer.java:<init>(111)) - Hadoop Security Enabled: false Ozone Security Enabled: false Ozone HTTP Security Enabled: false 
2023-03-09 15:02:37,160 [Listener at 127.0.0.1/45353] WARN  server.AuthenticationFilter (AuthenticationFilter.java:constructSecretProvider(240)) - Unable to initialize FileSignerSecretProvider, falling back to use random secrets. Reason: Could not read signature secret file: /home/runner/hadoop-http-auth-signature-secret
2023-03-09 15:02:37,161 [Listener at 127.0.0.1/45353] WARN  http.HttpRequestLog (HttpRequestLog.java:getRequestLog(103)) - Jetty request log can only be enabled using Log4j
2023-03-09 15:02:37,162 [Listener at 127.0.0.1/45353] INFO  http.HttpServer2 (HttpServer2.java:addGlobalFilter(1031)) - Added global filter 'safety' (class=org.apache.hadoop.hdds.server.http.HttpServer2$QuotingInputFilter)
2023-03-09 15:02:37,164 [Listener at 127.0.0.1/45353] INFO  http.HttpServer2 (HttpServer2.java:addFilter(1007)) - Added filter static_user_filter (class=org.apache.hadoop.http.lib.StaticUserWebFilter$StaticUserFilter) to context hddsDatanode
2023-03-09 15:02:37,164 [Listener at 127.0.0.1/45353] INFO  http.HttpServer2 (HttpServer2.java:addFilter(1015)) - Added filter static_user_filter (class=org.apache.hadoop.http.lib.StaticUserWebFilter$StaticUserFilter) to context logs
2023-03-09 15:02:37,164 [Listener at 127.0.0.1/45353] INFO  http.HttpServer2 (HttpServer2.java:addFilter(1015)) - Added filter static_user_filter (class=org.apache.hadoop.http.lib.StaticUserWebFilter$StaticUserFilter) to context static
2023-03-09 15:02:37,165 [Listener at 127.0.0.1/45353] INFO  http.BaseHttpServer (BaseHttpServer.java:<init>(190)) - HTTP server of hddsDatanode uses base directory /home/runner/work/ozone/ozone/hadoop-ozone/integration-test/target/test-dir/MiniOzoneClusterImpl-0534e788-6c20-4d4d-bf72-3ffae63fff50/datanode-2/meta/webserver
2023-03-09 15:02:37,166 [Listener at 127.0.0.1/45353] INFO  http.HttpServer2 (HttpServer2.java:bindListener(1250)) - Jetty bound to port 46677
2023-03-09 15:02:37,166 [Listener at 127.0.0.1/45353] INFO  server.Server (Server.java:doStart(375)) - jetty-9.4.49.v20220914; built: 2022-09-14T01:07:36.601Z; git: 4231a3b2e4cb8548a412a789936d640a97b1aa0a; jvm 1.8.0_362-b09
2023-03-09 15:02:37,167 [Listener at 127.0.0.1/45353] INFO  server.session (DefaultSessionIdManager.java:doStart(334)) - DefaultSessionIdManager workerName=node0
2023-03-09 15:02:37,168 [Listener at 127.0.0.1/45353] INFO  server.session (DefaultSessionIdManager.java:doStart(339)) - No SessionScavenger set, using defaults
2023-03-09 15:02:37,168 [Listener at 127.0.0.1/45353] INFO  server.session (HouseKeeper.java:startScavenging(132)) - node0 Scavenging every 660000ms
2023-03-09 15:02:37,168 [Listener at 127.0.0.1/45353] INFO  handler.ContextHandler (ContextHandler.java:doStart(921)) - Started o.e.j.s.ServletContextHandler@4c6f776d{logs,/logs,file:///home/runner/work/ozone/ozone/hadoop-ozone/integration-test/target/log,AVAILABLE}
2023-03-09 15:02:37,169 [Listener at 127.0.0.1/45353] INFO  handler.ContextHandler (ContextHandler.java:doStart(921)) - Started o.e.j.s.ServletContextHandler@4afbff4{static,/static,jar:file:/home/runner/.m2/repository/org/apache/ozone/hdds-container-service/1.4.0-SNAPSHOT/hdds-container-service-1.4.0-SNAPSHOT.jar!/webapps/static,AVAILABLE}
2023-03-09 15:02:37,231 [omNode-1@group-0AAC5367B30E-FollowerState] INFO  impl.FollowerState (FollowerState.java:run(143)) - omNode-1@group-0AAC5367B30E-FollowerState: change to CANDIDATE, lastRpcElapsedTime:1105636865ns, electionTimeout:1105ms
2023-03-09 15:02:37,231 [omNode-1@group-0AAC5367B30E-FollowerState] INFO  impl.RoleInfo (RoleInfo.java:shutdownFollowerState(110)) - omNode-1: shutdown omNode-1@group-0AAC5367B30E-FollowerState
2023-03-09 15:02:37,231 [omNode-1@group-0AAC5367B30E-FollowerState] INFO  server.RaftServer$Division (RaftServerImpl.java:setRole(321)) - omNode-1@group-0AAC5367B30E: changes role from  FOLLOWER to CANDIDATE at term 0 for changeToCandidate
2023-03-09 15:02:37,231 [omNode-1@group-0AAC5367B30E-FollowerState] INFO  server.RaftServerConfigKeys (ConfUtils.java:logGet(46)) - raft.server.leaderelection.pre-vote = true (default)
2023-03-09 15:02:37,231 [omNode-1@group-0AAC5367B30E-FollowerState] INFO  impl.RoleInfo (RoleInfo.java:updateAndGet(139)) - omNode-1: start omNode-1@group-0AAC5367B30E-LeaderElection64
2023-03-09 15:02:37,235 [omNode-1@group-0AAC5367B30E-LeaderElection64] INFO  impl.LeaderElection (LeaderElection.java:askForVotes(312)) - omNode-1@group-0AAC5367B30E-LeaderElection64 PRE_VOTE round 0: submit vote requests at term 0 for -1: peers:[omNode-1|rpc:localhost:41321|priority:0|startupRole:FOLLOWER]|listeners:[], old=null
2023-03-09 15:02:37,235 [omNode-1@group-0AAC5367B30E-LeaderElection64] INFO  impl.LeaderElection (LeaderElection.java:askForVotes(314)) - omNode-1@group-0AAC5367B30E-LeaderElection64 PRE_VOTE round 0: result PASSED (term=0)
2023-03-09 15:02:37,237 [omNode-1@group-0AAC5367B30E-LeaderElection64] INFO  impl.LeaderElection (LeaderElection.java:askForVotes(312)) - omNode-1@group-0AAC5367B30E-LeaderElection64 ELECTION round 0: submit vote requests at term 1 for -1: peers:[omNode-1|rpc:localhost:41321|priority:0|startupRole:FOLLOWER]|listeners:[], old=null
2023-03-09 15:02:37,237 [omNode-1@group-0AAC5367B30E-LeaderElection64] INFO  impl.LeaderElection (LeaderElection.java:askForVotes(314)) - omNode-1@group-0AAC5367B30E-LeaderElection64 ELECTION round 0: result PASSED (term=1)
2023-03-09 15:02:37,237 [omNode-1@group-0AAC5367B30E-LeaderElection64] INFO  impl.RoleInfo (RoleInfo.java:shutdownLeaderElection(130)) - omNode-1: shutdown omNode-1@group-0AAC5367B30E-LeaderElection64
2023-03-09 15:02:37,237 [omNode-1@group-0AAC5367B30E-LeaderElection64] INFO  server.RaftServer$Division (RaftServerImpl.java:setRole(321)) - omNode-1@group-0AAC5367B30E: changes role from CANDIDATE to LEADER at term 1 for changeToLeader
2023-03-09 15:02:37,237 [omNode-1@group-0AAC5367B30E-LeaderElection64] INFO  server.RaftServer$Division (ServerState.java:setLeader(313)) - omNode-1@group-0AAC5367B30E: change Leader from null to omNode-1 at term 1 for becomeLeader, leader elected after 1556ms
2023-03-09 15:02:37,237 [omNode-1@group-0AAC5367B30E-LeaderElection64] INFO  server.RaftServerConfigKeys (ConfUtils.java:logGet(46)) - raft.server.staging.catchup.gap = 1000 (default)
2023-03-09 15:02:37,237 [omNode-1@group-0AAC5367B30E-LeaderElection64] INFO  server.RaftServerConfigKeys (ConfUtils.java:logGet(46)) - raft.server.write.element-limit = 4096 (default)
2023-03-09 15:02:37,237 [omNode-1@group-0AAC5367B30E-LeaderElection64] INFO  server.RaftServerConfigKeys (ConfUtils.java:logGet(46)) - raft.server.write.byte-limit = 64MB (=67108864) (default)
2023-03-09 15:02:37,237 [omNode-1@group-0AAC5367B30E-LeaderElection64] INFO  server.RaftServerConfigKeys (ConfUtils.java:logGet(46)) - raft.server.watch.timeout = 10s (default)
2023-03-09 15:02:37,237 [omNode-1@group-0AAC5367B30E-LeaderElection64] INFO  server.RaftServerConfigKeys (ConfUtils.java:logGet(46)) - raft.server.watch.timeout.denomination = 1s (default)
2023-03-09 15:02:37,238 [omNode-1@group-0AAC5367B30E-LeaderElection64] INFO  server.RaftServerConfigKeys (ConfUtils.java:logGet(46)) - raft.server.watch.element-limit = 65536 (default)
2023-03-09 15:02:37,238 [omNode-1@group-0AAC5367B30E-LeaderElection64] INFO  server.RaftServerConfigKeys (ConfUtils.java:logGet(46)) - raft.server.write.element-limit = 4096 (default)
2023-03-09 15:02:37,238 [omNode-1@group-0AAC5367B30E-LeaderElection64] INFO  server.RaftServerConfigKeys (ConfUtils.java:logGet(46)) - raft.server.write.follower.gap.ratio.max = -1.0 (default)
2023-03-09 15:02:37,239 [omNode-1@group-0AAC5367B30E-LeaderElection64] INFO  impl.RoleInfo (RoleInfo.java:updateAndGet(139)) - omNode-1: start omNode-1@group-0AAC5367B30E-LeaderStateImpl
2023-03-09 15:02:37,239 [omNode-1@group-0AAC5367B30E-LeaderElection64] INFO  segmented.SegmentedRaftLogWorker (SegmentedRaftLogWorker.java:startLogSegment(452)) - omNode-1@group-0AAC5367B30E-SegmentedRaftLogWorker: Starting segment from index:0
2023-03-09 15:02:37,241 [omNode-1@group-0AAC5367B30E-LeaderElection64] INFO  server.RaftServer$Division (ServerState.java:setRaftConf(430)) - omNode-1@group-0AAC5367B30E: set configuration 0: peers:[omNode-1|rpc:localhost:41321|admin:|client:|dataStream:|priority:0|startupRole:FOLLOWER]|listeners:[], old=null
2023-03-09 15:02:37,255 [omNode-1@group-0AAC5367B30E-SegmentedRaftLogWorker] INFO  segmented.SegmentedRaftLogWorker (SegmentedRaftLogWorker.java:execute(656)) - omNode-1@group-0AAC5367B30E-SegmentedRaftLogWorker: created new log segment /home/runner/work/ozone/ozone/hadoop-ozone/integration-test/target/test-dir/MiniOzoneClusterImpl-0534e788-6c20-4d4d-bf72-3ffae63fff50/omNode-1/ratis/0718e334-ffa1-36bc-8e9a-0aac5367b30e/current/log_inprogress_0
2023-03-09 15:02:37,256 [omNode-1@group-0AAC5367B30E-StateMachineUpdater] INFO  ratis.OzoneManagerStateMachine (OzoneManagerStateMachine.java:notifyConfigurationChanged(192)) - Received Configuration change notification from Ratis. New Peer list:
[id: "omNode-1"
address: "localhost:41321"
startupRole: FOLLOWER
]
2023-03-09 15:02:37,414 [Listener at 127.0.0.1/45353] INFO  handler.ContextHandler (ContextHandler.java:doStart(921)) - Started o.e.j.w.WebAppContext@8b4a289{hddsDatanode,/,file:///home/runner/work/ozone/ozone/hadoop-ozone/integration-test/target/test-dir/MiniOzoneClusterImpl-0534e788-6c20-4d4d-bf72-3ffae63fff50/datanode-2/meta/webserver/jetty-0_0_0_0-46677-hdds-container-service-1_4_0-SNAPSHOT_jar-_-any-6887952646557405936/webapp/,AVAILABLE}{jar:file:/home/runner/.m2/repository/org/apache/ozone/hdds-container-service/1.4.0-SNAPSHOT/hdds-container-service-1.4.0-SNAPSHOT.jar!/webapps/hddsDatanode}
2023-03-09 15:02:37,418 [Listener at 127.0.0.1/45353] INFO  server.AbstractConnector (AbstractConnector.java:doStart(333)) - Started ServerConnector@2d746355{HTTP/1.1, (http/1.1)}{0.0.0.0:46677}
2023-03-09 15:02:37,418 [Listener at 127.0.0.1/45353] INFO  server.Server (Server.java:doStart(415)) - Started @288072ms
2023-03-09 15:02:37,418 [Listener at 127.0.0.1/45353] WARN  impl.MetricsSystemImpl (MetricsSystemImpl.java:register(279)) - Sink prometheus already exists!
2023-03-09 15:02:37,419 [Listener at 127.0.0.1/45353] INFO  http.BaseHttpServer (BaseHttpServer.java:updateConnectorAddress(344)) - HTTP server of hddsDatanode listening at http://0.0.0.0:46677
2023-03-09 15:02:37,420 [Datanode State Machine Daemon Thread] INFO  statemachine.DatanodeStateMachine (DatanodeStateMachine.java:lambda$startDaemon$0(517)) - Ozone container server started.
2023-03-09 15:02:37,426 [Listener at 127.0.0.1/45353] INFO  ozone.MiniOzoneClusterImpl (MiniOzoneClusterImpl.java:lambda$waitForClusterToBeReady$0(218)) - Waiting for nodes to be ready. Got 0 of 3 DN Heartbeats.
2023-03-09 15:02:37,426 [Listener at 127.0.0.1/45353] INFO  ozone.MiniOzoneClusterImpl (MiniOzoneClusterImpl.java:lambda$waitForClusterToBeReady$0(221)) - Waiting for cluster to exit safe mode
2023-03-09 15:02:37,426 [Listener at 127.0.0.1/45353] INFO  ozone.MiniOzoneClusterImpl (MiniOzoneClusterImpl.java:lambda$waitForClusterToBeReady$0(223)) - SCM became leader
2023-03-09 15:02:37,426 [org.apache.hadoop.util.JvmPauseMonitor$Monitor@659514dd] INFO  util.JvmPauseMonitor (JvmPauseMonitor.java:run(188)) - Starting JVM pause monitor
2023-03-09 15:02:37,430 [Datanode State Machine Task Thread - 0] INFO  ha.SCMNodeInfo (SCMNodeInfo.java:getPort(197)) - ConfigKey ozone.scm.client.address is deprecated, For configuring different ports for each SCM use PortConfigKey ozone.scm.client.port appended with serviceId and nodeId
2023-03-09 15:02:37,430 [Datanode State Machine Task Thread - 0] INFO  ha.SCMNodeInfo (SCMNodeInfo.java:getPort(197)) - ConfigKey ozone.scm.block.client.address is deprecated, For configuring different ports for each SCM use PortConfigKey ozone.scm.block.client.port appended with serviceId and nodeId
2023-03-09 15:02:37,430 [Datanode State Machine Task Thread - 0] INFO  ha.SCMNodeInfo (SCMNodeInfo.java:getPort(197)) - ConfigKey ozone.scm.datanode.address is deprecated, For configuring different ports for each SCM use PortConfigKey ozone.scm.datanode.port appended with serviceId and nodeId
2023-03-09 15:02:37,431 [Datanode State Machine Task Thread - 0] INFO  datanode.InitDatanodeState (InitDatanodeState.java:persistContainerDatanodeDetails(138)) - DatanodeDetails is persisted to /home/runner/work/ozone/ozone/hadoop-ozone/integration-test/target/test-dir/MiniOzoneClusterImpl-0534e788-6c20-4d4d-bf72-3ffae63fff50/datanode-2/meta/datanode.id
2023-03-09 15:02:37,727 [EndpointStateMachine task thread for /127.0.0.1:33275 - 0 ] INFO  ipc.Client (Client.java:handleConnectionFailure(1010)) - Retrying connect to server: localhost/127.0.0.1:33275. Already tried 4 time(s); retry policy is RetryUpToMaximumCountWithFixedSleep(maxRetries=15, sleepTime=1000 MILLISECONDS)
2023-03-09 15:02:38,085 [EndpointStateMachine task thread for /127.0.0.1:35467 - 0 ] INFO  ipc.Client (Client.java:handleConnectionFailure(1010)) - Retrying connect to server: localhost/127.0.0.1:35467. Already tried 13 time(s); retry policy is RetryUpToMaximumCountWithFixedSleep(maxRetries=15, sleepTime=1000 MILLISECONDS)
2023-03-09 15:02:38,427 [Listener at 127.0.0.1/45353] INFO  ozone.MiniOzoneClusterImpl (MiniOzoneClusterImpl.java:lambda$waitForClusterToBeReady$0(218)) - Waiting for nodes to be ready. Got 0 of 3 DN Heartbeats.
2023-03-09 15:02:38,427 [Listener at 127.0.0.1/45353] INFO  ozone.MiniOzoneClusterImpl (MiniOzoneClusterImpl.java:lambda$waitForClusterToBeReady$0(221)) - Waiting for cluster to exit safe mode
2023-03-09 15:02:38,427 [Listener at 127.0.0.1/45353] INFO  ozone.MiniOzoneClusterImpl (MiniOzoneClusterImpl.java:lambda$waitForClusterToBeReady$0(223)) - SCM became leader
2023-03-09 15:02:38,610 [EndpointStateMachine task thread for /127.0.0.1:35345 - 0 ] INFO  utils.DatanodeStoreCache (DatanodeStoreCache.java:addDB(58)) - Added db /home/runner/work/ozone/ozone/hadoop-ozone/integration-test/target/test-dir/MiniOzoneClusterImpl-0534e788-6c20-4d4d-bf72-3ffae63fff50/datanode-0/data-0/containers/hdds/0534e788-6c20-4d4d-bf72-3ffae63fff50/DS-69990251-f0cb-4c6e-9801-4d69782d4b27/container.db to cache
2023-03-09 15:02:38,610 [EndpointStateMachine task thread for /127.0.0.1:35345 - 0 ] INFO  volume.HddsVolume (HddsVolume.java:createDbStore(331)) - SchemaV3 db is created and loaded at /home/runner/work/ozone/ozone/hadoop-ozone/integration-test/target/test-dir/MiniOzoneClusterImpl-0534e788-6c20-4d4d-bf72-3ffae63fff50/datanode-0/data-0/containers/hdds/0534e788-6c20-4d4d-bf72-3ffae63fff50/DS-69990251-f0cb-4c6e-9801-4d69782d4b27/container.db for volume DS-69990251-f0cb-4c6e-9801-4d69782d4b27
2023-03-09 15:02:38,611 [EndpointStateMachine task thread for /127.0.0.1:35345 - 0 ] INFO  ozoneimpl.OzoneContainer (OzoneContainer.java:start(398)) - Attempting to start container services.
2023-03-09 15:02:38,611 [EndpointStateMachine task thread for /127.0.0.1:35345 - 0 ] INFO  ozoneimpl.OzoneContainer (OzoneContainer.java:startContainerScrub(315)) - Scheduled background container scanners and the on-demand container scanner have been disabled.
2023-03-09 15:02:38,616 [EndpointStateMachine task thread for /127.0.0.1:35345 - 0 ] INFO  replication.ReplicationServer (ReplicationServer.java:start(109)) - ReplicationServer is started using port 43553
2023-03-09 15:02:38,617 [EndpointStateMachine task thread for /127.0.0.1:35345 - 0 ] INFO  ratis.XceiverServerRatis (XceiverServerRatis.java:start(518)) - Starting XceiverServerRatis 0518bc97-31d1-4d4f-b564-52717e813075
2023-03-09 15:02:38,618 [EndpointStateMachine task thread for /127.0.0.1:35345 - 0 ] INFO  server.RaftServer (RaftServerProxy.java:startImpl(393)) - 0518bc97-31d1-4d4f-b564-52717e813075: start RPC server
2023-03-09 15:02:38,624 [EndpointStateMachine task thread for /127.0.0.1:35345 - 0 ] INFO  server.GrpcService (GrpcService.java:startImpl(262)) - 0518bc97-31d1-4d4f-b564-52717e813075: GrpcService started, listening on 37345
2023-03-09 15:02:38,625 [EndpointStateMachine task thread for /127.0.0.1:35345 - 0 ] INFO  ratis.XceiverServerRatis (XceiverServerRatis.java:getRealPort(544)) - XceiverServerRatis 0518bc97-31d1-4d4f-b564-52717e813075 is started using port 37345 for RATIS
2023-03-09 15:02:38,625 [JvmPauseMonitor46] INFO  util.JvmPauseMonitor (JvmPauseMonitor.java:run(105)) - JvmPauseMonitor-0518bc97-31d1-4d4f-b564-52717e813075: Started
2023-03-09 15:02:38,625 [EndpointStateMachine task thread for /127.0.0.1:35345 - 0 ] INFO  ratis.XceiverServerRatis (XceiverServerRatis.java:getRealPort(544)) - XceiverServerRatis 0518bc97-31d1-4d4f-b564-52717e813075 is started using port 37345 for RATIS_ADMIN
2023-03-09 15:02:38,625 [EndpointStateMachine task thread for /127.0.0.1:35345 - 0 ] INFO  ratis.XceiverServerRatis (XceiverServerRatis.java:getRealPort(544)) - XceiverServerRatis 0518bc97-31d1-4d4f-b564-52717e813075 is started using port 37345 for RATIS_SERVER
2023-03-09 15:02:38,625 [EndpointStateMachine task thread for /127.0.0.1:35345 - 0 ] INFO  ratis.XceiverServerRatis (XceiverServerRatis.java:getRealPort(544)) - XceiverServerRatis 0518bc97-31d1-4d4f-b564-52717e813075 is started using port 43931 for RATIS_DATASTREAM
2023-03-09 15:02:38,639 [EndpointStateMachine task thread for /127.0.0.1:35345 - 0 ] INFO  server.XceiverServerGrpc (XceiverServerGrpc.java:start(180)) - XceiverServerGrpc 0518bc97-31d1-4d4f-b564-52717e813075 is started using port 42421
2023-03-09 15:02:38,640 [BlockDeletingService#0] INFO  interfaces.ContainerDeletionChoosingPolicyTemplate (ContainerDeletionChoosingPolicyTemplate.java:chooseContainerForBlockDeletion(83)) - Chosen 0/5000 blocks from 0 candidate containers.
2023-03-09 15:02:38,727 [EndpointStateMachine task thread for /127.0.0.1:33275 - 0 ] INFO  ipc.Client (Client.java:handleConnectionFailure(1010)) - Retrying connect to server: localhost/127.0.0.1:33275. Already tried 5 time(s); retry policy is RetryUpToMaximumCountWithFixedSleep(maxRetries=15, sleepTime=1000 MILLISECONDS)
2023-03-09 15:02:39,029 [EndpointStateMachine task thread for /127.0.0.1:35345 - 0 ] INFO  utils.DatanodeStoreCache (DatanodeStoreCache.java:addDB(58)) - Added db /home/runner/work/ozone/ozone/hadoop-ozone/integration-test/target/test-dir/MiniOzoneClusterImpl-0534e788-6c20-4d4d-bf72-3ffae63fff50/datanode-1/data-0/containers/hdds/0534e788-6c20-4d4d-bf72-3ffae63fff50/DS-a787626c-c674-4979-bd52-63a3898db6f0/container.db to cache
2023-03-09 15:02:39,029 [EndpointStateMachine task thread for /127.0.0.1:35345 - 0 ] INFO  volume.HddsVolume (HddsVolume.java:createDbStore(331)) - SchemaV3 db is created and loaded at /home/runner/work/ozone/ozone/hadoop-ozone/integration-test/target/test-dir/MiniOzoneClusterImpl-0534e788-6c20-4d4d-bf72-3ffae63fff50/datanode-1/data-0/containers/hdds/0534e788-6c20-4d4d-bf72-3ffae63fff50/DS-a787626c-c674-4979-bd52-63a3898db6f0/container.db for volume DS-a787626c-c674-4979-bd52-63a3898db6f0
2023-03-09 15:02:39,030 [EndpointStateMachine task thread for /127.0.0.1:35345 - 0 ] INFO  ozoneimpl.OzoneContainer (OzoneContainer.java:start(398)) - Attempting to start container services.
2023-03-09 15:02:39,030 [EndpointStateMachine task thread for /127.0.0.1:35345 - 0 ] INFO  ozoneimpl.OzoneContainer (OzoneContainer.java:startContainerScrub(315)) - Scheduled background container scanners and the on-demand container scanner have been disabled.
2023-03-09 15:02:39,037 [EndpointStateMachine task thread for /127.0.0.1:35345 - 0 ] INFO  replication.ReplicationServer (ReplicationServer.java:start(109)) - ReplicationServer is started using port 36275
2023-03-09 15:02:39,042 [EndpointStateMachine task thread for /127.0.0.1:35345 - 0 ] INFO  ratis.XceiverServerRatis (XceiverServerRatis.java:start(518)) - Starting XceiverServerRatis b86bebd9-3a13-457a-9b1b-8645409d7c66
2023-03-09 15:02:39,043 [EndpointStateMachine task thread for /127.0.0.1:35345 - 0 ] INFO  server.RaftServer (RaftServerProxy.java:startImpl(393)) - b86bebd9-3a13-457a-9b1b-8645409d7c66: start RPC server
2023-03-09 15:02:39,047 [EndpointStateMachine task thread for /127.0.0.1:35345 - 0 ] INFO  server.GrpcService (GrpcService.java:startImpl(262)) - b86bebd9-3a13-457a-9b1b-8645409d7c66: GrpcService started, listening on 46729
2023-03-09 15:02:39,047 [EndpointStateMachine task thread for /127.0.0.1:35345 - 0 ] INFO  ratis.XceiverServerRatis (XceiverServerRatis.java:getRealPort(544)) - XceiverServerRatis b86bebd9-3a13-457a-9b1b-8645409d7c66 is started using port 46729 for RATIS
2023-03-09 15:02:39,047 [JvmPauseMonitor47] INFO  util.JvmPauseMonitor (JvmPauseMonitor.java:run(105)) - JvmPauseMonitor-b86bebd9-3a13-457a-9b1b-8645409d7c66: Started
2023-03-09 15:02:39,047 [EndpointStateMachine task thread for /127.0.0.1:35345 - 0 ] INFO  ratis.XceiverServerRatis (XceiverServerRatis.java:getRealPort(544)) - XceiverServerRatis b86bebd9-3a13-457a-9b1b-8645409d7c66 is started using port 46729 for RATIS_ADMIN
2023-03-09 15:02:39,047 [EndpointStateMachine task thread for /127.0.0.1:35345 - 0 ] INFO  ratis.XceiverServerRatis (XceiverServerRatis.java:getRealPort(544)) - XceiverServerRatis b86bebd9-3a13-457a-9b1b-8645409d7c66 is started using port 46729 for RATIS_SERVER
2023-03-09 15:02:39,048 [EndpointStateMachine task thread for /127.0.0.1:35345 - 0 ] INFO  ratis.XceiverServerRatis (XceiverServerRatis.java:getRealPort(544)) - XceiverServerRatis b86bebd9-3a13-457a-9b1b-8645409d7c66 is started using port 45541 for RATIS_DATASTREAM
2023-03-09 15:02:39,052 [EndpointStateMachine task thread for /127.0.0.1:35345 - 0 ] INFO  server.XceiverServerGrpc (XceiverServerGrpc.java:start(180)) - XceiverServerGrpc b86bebd9-3a13-457a-9b1b-8645409d7c66 is started using port 35183
2023-03-09 15:02:39,052 [BlockDeletingService#0] INFO  interfaces.ContainerDeletionChoosingPolicyTemplate (ContainerDeletionChoosingPolicyTemplate.java:chooseContainerForBlockDeletion(83)) - Chosen 0/5000 blocks from 0 candidate containers.
2023-03-09 15:02:39,086 [EndpointStateMachine task thread for /127.0.0.1:35467 - 0 ] INFO  ipc.Client (Client.java:handleConnectionFailure(1010)) - Retrying connect to server: localhost/127.0.0.1:35467. Already tried 14 time(s); retry policy is RetryUpToMaximumCountWithFixedSleep(maxRetries=15, sleepTime=1000 MILLISECONDS)
2023-03-09 15:02:39,427 [Listener at 127.0.0.1/45353] INFO  ozone.MiniOzoneClusterImpl (MiniOzoneClusterImpl.java:lambda$waitForClusterToBeReady$0(218)) - Waiting for nodes to be ready. Got 0 of 3 DN Heartbeats.
2023-03-09 15:02:39,428 [Listener at 127.0.0.1/45353] INFO  ozone.MiniOzoneClusterImpl (MiniOzoneClusterImpl.java:lambda$waitForClusterToBeReady$0(221)) - Waiting for cluster to exit safe mode
2023-03-09 15:02:39,428 [Listener at 127.0.0.1/45353] INFO  ozone.MiniOzoneClusterImpl (MiniOzoneClusterImpl.java:lambda$waitForClusterToBeReady$0(223)) - SCM became leader
2023-03-09 15:02:39,465 [EndpointStateMachine task thread for /127.0.0.1:35345 - 0 ] INFO  utils.DatanodeStoreCache (DatanodeStoreCache.java:addDB(58)) - Added db /home/runner/work/ozone/ozone/hadoop-ozone/integration-test/target/test-dir/MiniOzoneClusterImpl-0534e788-6c20-4d4d-bf72-3ffae63fff50/datanode-2/data-0/containers/hdds/0534e788-6c20-4d4d-bf72-3ffae63fff50/DS-8582ad84-8ee2-4134-a562-8609d99b1646/container.db to cache
2023-03-09 15:02:39,465 [EndpointStateMachine task thread for /127.0.0.1:35345 - 0 ] INFO  volume.HddsVolume (HddsVolume.java:createDbStore(331)) - SchemaV3 db is created and loaded at /home/runner/work/ozone/ozone/hadoop-ozone/integration-test/target/test-dir/MiniOzoneClusterImpl-0534e788-6c20-4d4d-bf72-3ffae63fff50/datanode-2/data-0/containers/hdds/0534e788-6c20-4d4d-bf72-3ffae63fff50/DS-8582ad84-8ee2-4134-a562-8609d99b1646/container.db for volume DS-8582ad84-8ee2-4134-a562-8609d99b1646
2023-03-09 15:02:39,466 [EndpointStateMachine task thread for /127.0.0.1:35345 - 0 ] INFO  ozoneimpl.OzoneContainer (OzoneContainer.java:start(398)) - Attempting to start container services.
2023-03-09 15:02:39,466 [EndpointStateMachine task thread for /127.0.0.1:35345 - 0 ] INFO  ozoneimpl.OzoneContainer (OzoneContainer.java:startContainerScrub(315)) - Scheduled background container scanners and the on-demand container scanner have been disabled.
2023-03-09 15:02:39,474 [EndpointStateMachine task thread for /127.0.0.1:35345 - 0 ] INFO  replication.ReplicationServer (ReplicationServer.java:start(109)) - ReplicationServer is started using port 45249
2023-03-09 15:02:39,474 [EndpointStateMachine task thread for /127.0.0.1:35345 - 0 ] INFO  ratis.XceiverServerRatis (XceiverServerRatis.java:start(518)) - Starting XceiverServerRatis ee096506-a68b-4f48-b344-eadbf7b61204
2023-03-09 15:02:39,474 [EndpointStateMachine task thread for /127.0.0.1:35345 - 0 ] INFO  server.RaftServer (RaftServerProxy.java:startImpl(393)) - ee096506-a68b-4f48-b344-eadbf7b61204: start RPC server
2023-03-09 15:02:39,478 [EndpointStateMachine task thread for /127.0.0.1:35345 - 0 ] INFO  server.GrpcService (GrpcService.java:startImpl(262)) - ee096506-a68b-4f48-b344-eadbf7b61204: GrpcService started, listening on 41907
2023-03-09 15:02:39,479 [EndpointStateMachine task thread for /127.0.0.1:35345 - 0 ] INFO  ratis.XceiverServerRatis (XceiverServerRatis.java:getRealPort(544)) - XceiverServerRatis ee096506-a68b-4f48-b344-eadbf7b61204 is started using port 41907 for RATIS
2023-03-09 15:02:39,479 [EndpointStateMachine task thread for /127.0.0.1:35345 - 0 ] INFO  ratis.XceiverServerRatis (XceiverServerRatis.java:getRealPort(544)) - XceiverServerRatis ee096506-a68b-4f48-b344-eadbf7b61204 is started using port 41907 for RATIS_ADMIN
2023-03-09 15:02:39,479 [JvmPauseMonitor48] INFO  util.JvmPauseMonitor (JvmPauseMonitor.java:run(105)) - JvmPauseMonitor-ee096506-a68b-4f48-b344-eadbf7b61204: Started
2023-03-09 15:02:39,479 [EndpointStateMachine task thread for /127.0.0.1:35345 - 0 ] INFO  ratis.XceiverServerRatis (XceiverServerRatis.java:getRealPort(544)) - XceiverServerRatis ee096506-a68b-4f48-b344-eadbf7b61204 is started using port 41907 for RATIS_SERVER
2023-03-09 15:02:39,479 [EndpointStateMachine task thread for /127.0.0.1:35345 - 0 ] INFO  ratis.XceiverServerRatis (XceiverServerRatis.java:getRealPort(544)) - XceiverServerRatis ee096506-a68b-4f48-b344-eadbf7b61204 is started using port 44575 for RATIS_DATASTREAM
2023-03-09 15:02:39,482 [EndpointStateMachine task thread for /127.0.0.1:35345 - 0 ] INFO  server.XceiverServerGrpc (XceiverServerGrpc.java:start(180)) - XceiverServerGrpc ee096506-a68b-4f48-b344-eadbf7b61204 is started using port 35595
2023-03-09 15:02:39,483 [BlockDeletingService#0] INFO  interfaces.ContainerDeletionChoosingPolicyTemplate (ContainerDeletionChoosingPolicyTemplate.java:chooseContainerForBlockDeletion(83)) - Chosen 0/5000 blocks from 0 candidate containers.
2023-03-09 15:02:39,728 [EndpointStateMachine task thread for /127.0.0.1:33275 - 0 ] INFO  ipc.Client (Client.java:handleConnectionFailure(1010)) - Retrying connect to server: localhost/127.0.0.1:33275. Already tried 6 time(s); retry policy is RetryUpToMaximumCountWithFixedSleep(maxRetries=15, sleepTime=1000 MILLISECONDS)
2023-03-09 15:02:40,099 [EndpointStateMachine task thread for /127.0.0.1:35467 - 0 ] INFO  ipc.Client (Client.java:handleConnectionFailure(1010)) - Retrying connect to server: localhost/127.0.0.1:35467. Already tried 0 time(s); retry policy is RetryUpToMaximumCountWithFixedSleep(maxRetries=15, sleepTime=1000 MILLISECONDS)
2023-03-09 15:02:40,429 [Listener at 127.0.0.1/45353] INFO  ozone.MiniOzoneClusterImpl (MiniOzoneClusterImpl.java:lambda$waitForClusterToBeReady$0(218)) - Waiting for nodes to be ready. Got 0 of 3 DN Heartbeats.
2023-03-09 15:02:40,429 [Listener at 127.0.0.1/45353] INFO  ozone.MiniOzoneClusterImpl (MiniOzoneClusterImpl.java:lambda$waitForClusterToBeReady$0(221)) - Waiting for cluster to exit safe mode
2023-03-09 15:02:40,429 [Listener at 127.0.0.1/45353] INFO  ozone.MiniOzoneClusterImpl (MiniOzoneClusterImpl.java:lambda$waitForClusterToBeReady$0(223)) - SCM became leader
2023-03-09 15:02:40,569 [IPC Server handler 0 on default port 35345] INFO  net.NetworkTopologyImpl (NetworkTopologyImpl.java:add(112)) - Added a new node: /default-rack/0518bc97-31d1-4d4f-b564-52717e813075
2023-03-09 15:02:40,570 [IPC Server handler 0 on default port 35345] INFO  node.SCMNodeManager (SCMNodeManager.java:register(404)) - Registered Data node : 0518bc97-31d1-4d4f-b564-52717e813075{ip: 127.0.0.1, host: localhost, ports: [REPLICATION=43553, RATIS=37345, RATIS_ADMIN=37345, RATIS_SERVER=37345, RATIS_DATASTREAM=43931, STANDALONE=42421], networkLocation: /default-rack, certSerialId: null, persistedOpState: null, persistedOpStateExpiryEpochSec: 0}
2023-03-09 15:02:40,580 [EventQueue-NodeRegistrationContainerReportForDataNodeSafeModeRule] INFO  safemode.SCMSafeModeManager (DataNodeSafeModeRule.java:process(71)) - SCM in safe mode. 1 DataNodes registered, 3 required.
2023-03-09 15:02:40,582 [EventQueue-NodeRegistrationContainerReportForContainerSafeModeRule] INFO  safemode.SCMSafeModeManager (SCMSafeModeManager.java:validateSafeModeExitRules(200)) - ContainerSafeModeRule rule is successfully validated
2023-03-09 15:02:40,582 [EventQueue-NewNodeForNewNodeHandler] INFO  pipeline.BackgroundPipelineCreator (BackgroundPipelineCreator.java:notifyEventTriggered(276)) - trigger a one-shot run on RatisPipelineUtilsThread.
2023-03-09 15:02:40,582 [RatisPipelineUtilsThread - 0] INFO  pipeline.RatisPipelineProvider (RatisPipelineProvider.java:lambda$create$0(206)) - Sending CreatePipelineCommand for pipeline:PipelineID=2b76d336-8093-4a2f-8e56-82a1bd17106f to datanode:0518bc97-31d1-4d4f-b564-52717e813075
2023-03-09 15:02:40,587 [EventQueue-PipelineReportForOneReplicaPipelineSafeModeRule] INFO  safemode.SCMSafeModeManager (SCMSafeModeManager.java:validateSafeModeExitRules(200)) - AtleastOneDatanodeReportedRule rule is successfully validated
2023-03-09 15:02:40,606 [78133a0d-b1a6-42b2-bde2-9d54c1b1446c@group-3FFAE63FFF50-StateMachineUpdater] INFO  pipeline.PipelineStateManagerImpl (PipelineStateManagerImpl.java:addPipeline(103)) - Created pipeline Pipeline[ Id: 2b76d336-8093-4a2f-8e56-82a1bd17106f, Nodes: 0518bc97-31d1-4d4f-b564-52717e813075(localhost/127.0.0.1), ReplicationConfig: RATIS/ONE, State:ALLOCATED, leaderId:, CreationTimestamp2023-03-09T15:02:40.582Z[Etc/UTC]].
2023-03-09 15:02:40,606 [78133a0d-b1a6-42b2-bde2-9d54c1b1446c@group-3FFAE63FFF50-StateMachineUpdater] INFO  safemode.HealthyPipelineSafeModeRule (HealthyPipelineSafeModeRule.java:initializeRule(165)) - Refreshed total pipeline count is 0, healthy pipeline threshold count is 1
2023-03-09 15:02:40,729 [EndpointStateMachine task thread for /127.0.0.1:33275 - 0 ] INFO  ipc.Client (Client.java:handleConnectionFailure(1010)) - Retrying connect to server: localhost/127.0.0.1:33275. Already tried 7 time(s); retry policy is RetryUpToMaximumCountWithFixedSleep(maxRetries=15, sleepTime=1000 MILLISECONDS)
2023-03-09 15:02:40,990 [IPC Server handler 1 on default port 35345] INFO  net.NetworkTopologyImpl (NetworkTopologyImpl.java:add(112)) - Added a new node: /default-rack/b86bebd9-3a13-457a-9b1b-8645409d7c66
2023-03-09 15:02:40,991 [IPC Server handler 1 on default port 35345] INFO  node.SCMNodeManager (SCMNodeManager.java:register(404)) - Registered Data node : b86bebd9-3a13-457a-9b1b-8645409d7c66{ip: 127.0.0.1, host: localhost, ports: [REPLICATION=36275, RATIS=46729, RATIS_ADMIN=46729, RATIS_SERVER=46729, RATIS_DATASTREAM=45541, STANDALONE=35183], networkLocation: /default-rack, certSerialId: null, persistedOpState: null, persistedOpStateExpiryEpochSec: 0}
2023-03-09 15:02:40,993 [EventQueue-NodeRegistrationContainerReportForDataNodeSafeModeRule] INFO  safemode.SCMSafeModeManager (DataNodeSafeModeRule.java:process(71)) - SCM in safe mode. 2 DataNodes registered, 3 required.
2023-03-09 15:02:40,996 [EventQueue-NewNodeForNewNodeHandler] INFO  pipeline.BackgroundPipelineCreator (BackgroundPipelineCreator.java:notifyEventTriggered(276)) - trigger a one-shot run on RatisPipelineUtilsThread.
2023-03-09 15:02:40,996 [RatisPipelineUtilsThread - 0] INFO  pipeline.RatisPipelineProvider (RatisPipelineProvider.java:lambda$create$0(206)) - Sending CreatePipelineCommand for pipeline:PipelineID=9d90f99f-a78a-4d74-aaa9-ff96c4c29d8b to datanode:b86bebd9-3a13-457a-9b1b-8645409d7c66
2023-03-09 15:02:40,999 [78133a0d-b1a6-42b2-bde2-9d54c1b1446c@group-3FFAE63FFF50-StateMachineUpdater] INFO  pipeline.PipelineStateManagerImpl (PipelineStateManagerImpl.java:addPipeline(103)) - Created pipeline Pipeline[ Id: 9d90f99f-a78a-4d74-aaa9-ff96c4c29d8b, Nodes: b86bebd9-3a13-457a-9b1b-8645409d7c66(localhost/127.0.0.1), ReplicationConfig: RATIS/ONE, State:ALLOCATED, leaderId:, CreationTimestamp2023-03-09T15:02:40.996Z[Etc/UTC]].
2023-03-09 15:02:40,999 [78133a0d-b1a6-42b2-bde2-9d54c1b1446c@group-3FFAE63FFF50-StateMachineUpdater] INFO  safemode.HealthyPipelineSafeModeRule (HealthyPipelineSafeModeRule.java:initializeRule(165)) - Refreshed total pipeline count is 0, healthy pipeline threshold count is 1
2023-03-09 15:02:41,099 [EndpointStateMachine task thread for /127.0.0.1:35467 - 0 ] INFO  ipc.Client (Client.java:handleConnectionFailure(1010)) - Retrying connect to server: localhost/127.0.0.1:35467. Already tried 1 time(s); retry policy is RetryUpToMaximumCountWithFixedSleep(maxRetries=15, sleepTime=1000 MILLISECONDS)
2023-03-09 15:02:41,428 [IPC Server handler 5 on default port 35345] INFO  net.NetworkTopologyImpl (NetworkTopologyImpl.java:add(112)) - Added a new node: /default-rack/ee096506-a68b-4f48-b344-eadbf7b61204
2023-03-09 15:02:41,428 [IPC Server handler 5 on default port 35345] INFO  node.SCMNodeManager (SCMNodeManager.java:register(404)) - Registered Data node : ee096506-a68b-4f48-b344-eadbf7b61204{ip: 127.0.0.1, host: localhost, ports: [REPLICATION=45249, RATIS=41907, RATIS_ADMIN=41907, RATIS_SERVER=41907, RATIS_DATASTREAM=44575, STANDALONE=35595], networkLocation: /default-rack, certSerialId: null, persistedOpState: null, persistedOpStateExpiryEpochSec: 0}
2023-03-09 15:02:41,433 [Listener at 127.0.0.1/45353] INFO  ozone.MiniOzoneClusterImpl (MiniOzoneClusterImpl.java:lambda$waitForClusterToBeReady$0(218)) - Nodes are ready. Got 3 of 3 DN Heartbeats.
2023-03-09 15:02:41,434 [Listener at 127.0.0.1/45353] INFO  ozone.MiniOzoneClusterImpl (MiniOzoneClusterImpl.java:lambda$waitForClusterToBeReady$0(221)) - Waiting for cluster to exit safe mode
2023-03-09 15:02:41,434 [Listener at 127.0.0.1/45353] INFO  ozone.MiniOzoneClusterImpl (MiniOzoneClusterImpl.java:lambda$waitForClusterToBeReady$0(223)) - SCM became leader
2023-03-09 15:02:41,434 [EventQueue-NewNodeForNewNodeHandler] INFO  pipeline.BackgroundPipelineCreator (BackgroundPipelineCreator.java:notifyEventTriggered(276)) - trigger a one-shot run on RatisPipelineUtilsThread.
2023-03-09 15:02:41,434 [EventQueue-NodeRegistrationContainerReportForDataNodeSafeModeRule] INFO  safemode.SCMSafeModeManager (DataNodeSafeModeRule.java:process(71)) - SCM in safe mode. 3 DataNodes registered, 3 required.
2023-03-09 15:02:41,434 [EventQueue-NodeRegistrationContainerReportForDataNodeSafeModeRule] INFO  safemode.SCMSafeModeManager (SCMSafeModeManager.java:validateSafeModeExitRules(200)) - DataNodeSafeModeRule rule is successfully validated
2023-03-09 15:02:41,434 [EventQueue-NodeRegistrationContainerReportForDataNodeSafeModeRule] INFO  safemode.SCMSafeModeManager (SCMSafeModeManager.java:completePreCheck(229)) - All SCM safe mode pre check rules have passed
2023-03-09 15:02:41,434 [EventQueue-NodeRegistrationContainerReportForDataNodeSafeModeRule] INFO  ha.SCMContext (SCMContext.java:updateSafeModeStatus(228)) - Update SafeModeStatus from SafeModeStatus{safeModeStatus=true, preCheckPassed=false} to SafeModeStatus{safeModeStatus=true, preCheckPassed=true}.
2023-03-09 15:02:41,434 [EventQueue-NodeRegistrationContainerReportForDataNodeSafeModeRule] INFO  pipeline.BackgroundPipelineCreator (BackgroundPipelineCreator.java:notifyEventTriggered(276)) - trigger a one-shot run on RatisPipelineUtilsThread.
2023-03-09 15:02:41,435 [RatisPipelineUtilsThread - 0] INFO  pipeline.RatisPipelineProvider (RatisPipelineProvider.java:lambda$create$0(206)) - Sending CreatePipelineCommand for pipeline:PipelineID=82d43020-3a8f-4377-9597-f0151e123acb to datanode:ee096506-a68b-4f48-b344-eadbf7b61204
2023-03-09 15:02:41,443 [78133a0d-b1a6-42b2-bde2-9d54c1b1446c@group-3FFAE63FFF50-StateMachineUpdater] INFO  pipeline.PipelineStateManagerImpl (PipelineStateManagerImpl.java:addPipeline(103)) - Created pipeline Pipeline[ Id: 82d43020-3a8f-4377-9597-f0151e123acb, Nodes: ee096506-a68b-4f48-b344-eadbf7b61204(localhost/127.0.0.1), ReplicationConfig: RATIS/ONE, State:ALLOCATED, leaderId:, CreationTimestamp2023-03-09T15:02:41.435Z[Etc/UTC]].
2023-03-09 15:02:41,443 [78133a0d-b1a6-42b2-bde2-9d54c1b1446c@group-3FFAE63FFF50-StateMachineUpdater] INFO  safemode.HealthyPipelineSafeModeRule (HealthyPipelineSafeModeRule.java:initializeRule(165)) - Refreshed total pipeline count is 0, healthy pipeline threshold count is 1
2023-03-09 15:02:41,444 [RatisPipelineUtilsThread - 0] INFO  pipeline.RatisPipelineProvider (RatisPipelineProvider.java:lambda$create$0(206)) - Sending CreatePipelineCommand for pipeline:PipelineID=740719e3-0215-433d-bd11-470db026bb96 to datanode:0518bc97-31d1-4d4f-b564-52717e813075
2023-03-09 15:02:41,444 [RatisPipelineUtilsThread - 0] INFO  pipeline.RatisPipelineProvider (RatisPipelineProvider.java:lambda$create$0(206)) - Sending CreatePipelineCommand for pipeline:PipelineID=740719e3-0215-433d-bd11-470db026bb96 to datanode:ee096506-a68b-4f48-b344-eadbf7b61204
2023-03-09 15:02:41,444 [RatisPipelineUtilsThread - 0] INFO  pipeline.RatisPipelineProvider (RatisPipelineProvider.java:lambda$create$0(206)) - Sending CreatePipelineCommand for pipeline:PipelineID=740719e3-0215-433d-bd11-470db026bb96 to datanode:b86bebd9-3a13-457a-9b1b-8645409d7c66
2023-03-09 15:02:41,446 [78133a0d-b1a6-42b2-bde2-9d54c1b1446c@group-3FFAE63FFF50-StateMachineUpdater] INFO  pipeline.PipelineStateManagerImpl (PipelineStateManagerImpl.java:addPipeline(103)) - Created pipeline Pipeline[ Id: 740719e3-0215-433d-bd11-470db026bb96, Nodes: 0518bc97-31d1-4d4f-b564-52717e813075(localhost/127.0.0.1)ee096506-a68b-4f48-b344-eadbf7b61204(localhost/127.0.0.1)b86bebd9-3a13-457a-9b1b-8645409d7c66(localhost/127.0.0.1), ReplicationConfig: RATIS/THREE, State:ALLOCATED, leaderId:, CreationTimestamp2023-03-09T15:02:41.444Z[Etc/UTC]].
2023-03-09 15:02:41,446 [78133a0d-b1a6-42b2-bde2-9d54c1b1446c@group-3FFAE63FFF50-StateMachineUpdater] INFO  safemode.HealthyPipelineSafeModeRule (HealthyPipelineSafeModeRule.java:initializeRule(165)) - Refreshed total pipeline count is 0, healthy pipeline threshold count is 1
2023-03-09 15:02:41,447 [RatisPipelineUtilsThread - 0] INFO  pipeline.RatisPipelineProvider (RatisPipelineProvider.java:lambda$create$0(206)) - Sending CreatePipelineCommand for pipeline:PipelineID=e2499cd2-36da-4a0e-b3b5-70735c1b44cc to datanode:ee096506-a68b-4f48-b344-eadbf7b61204
2023-03-09 15:02:41,447 [RatisPipelineUtilsThread - 0] INFO  pipeline.RatisPipelineProvider (RatisPipelineProvider.java:lambda$create$0(206)) - Sending CreatePipelineCommand for pipeline:PipelineID=e2499cd2-36da-4a0e-b3b5-70735c1b44cc to datanode:b86bebd9-3a13-457a-9b1b-8645409d7c66
2023-03-09 15:02:41,447 [RatisPipelineUtilsThread - 0] INFO  pipeline.RatisPipelineProvider (RatisPipelineProvider.java:lambda$create$0(206)) - Sending CreatePipelineCommand for pipeline:PipelineID=e2499cd2-36da-4a0e-b3b5-70735c1b44cc to datanode:0518bc97-31d1-4d4f-b564-52717e813075
2023-03-09 15:02:41,452 [78133a0d-b1a6-42b2-bde2-9d54c1b1446c@group-3FFAE63FFF50-StateMachineUpdater] INFO  pipeline.PipelineStateManagerImpl (PipelineStateManagerImpl.java:addPipeline(103)) - Created pipeline Pipeline[ Id: e2499cd2-36da-4a0e-b3b5-70735c1b44cc, Nodes: ee096506-a68b-4f48-b344-eadbf7b61204(localhost/127.0.0.1)b86bebd9-3a13-457a-9b1b-8645409d7c66(localhost/127.0.0.1)0518bc97-31d1-4d4f-b564-52717e813075(localhost/127.0.0.1), ReplicationConfig: RATIS/THREE, State:ALLOCATED, leaderId:, CreationTimestamp2023-03-09T15:02:41.447Z[Etc/UTC]].
2023-03-09 15:02:41,452 [78133a0d-b1a6-42b2-bde2-9d54c1b1446c@group-3FFAE63FFF50-StateMachineUpdater] INFO  safemode.HealthyPipelineSafeModeRule (HealthyPipelineSafeModeRule.java:initializeRule(165)) - Refreshed total pipeline count is 0, healthy pipeline threshold count is 1
2023-03-09 15:02:41,453 [RatisPipelineUtilsThread - 0] INFO  pipeline.PipelineManagerImpl (PipelineManagerImpl.java:recordMetricsForPipeline(826)) - Pipeline: PipelineID=e2499cd2-36da-4a0e-b3b5-70735c1b44cc contains same datanodes as previous pipelines: PipelineID=740719e3-0215-433d-bd11-470db026bb96 nodeIds: ee096506-a68b-4f48-b344-eadbf7b61204, b86bebd9-3a13-457a-9b1b-8645409d7c66, 0518bc97-31d1-4d4f-b564-52717e813075
2023-03-09 15:02:41,453 [RatisPipelineUtilsThread - 0] WARN  pipeline.PipelinePlacementPolicy (PipelinePlacementPolicy.java:filterViableNodes(158)) - Pipeline creation failed due to no sufficient healthy datanodes. Required 3. Found 0.
2023-03-09 15:02:41,453 [RatisPipelineUtilsThread - 0] WARN  pipeline.PipelinePlacementPolicy (PipelinePlacementPolicy.java:filterViableNodes(158)) - Pipeline creation failed due to no sufficient healthy datanodes. Required 3. Found 0.
2023-03-09 15:02:41,730 [EndpointStateMachine task thread for /127.0.0.1:33275 - 0 ] INFO  ipc.Client (Client.java:handleConnectionFailure(1010)) - Retrying connect to server: localhost/127.0.0.1:33275. Already tried 8 time(s); retry policy is RetryUpToMaximumCountWithFixedSleep(maxRetries=15, sleepTime=1000 MILLISECONDS)
2023-03-09 15:02:42,100 [EndpointStateMachine task thread for /127.0.0.1:35467 - 0 ] INFO  ipc.Client (Client.java:handleConnectionFailure(1010)) - Retrying connect to server: localhost/127.0.0.1:35467. Already tried 2 time(s); retry policy is RetryUpToMaximumCountWithFixedSleep(maxRetries=15, sleepTime=1000 MILLISECONDS)
2023-03-09 15:02:42,434 [Listener at 127.0.0.1/45353] INFO  ozone.MiniOzoneClusterImpl (MiniOzoneClusterImpl.java:lambda$waitForClusterToBeReady$0(218)) - Nodes are ready. Got 3 of 3 DN Heartbeats.
2023-03-09 15:02:42,434 [Listener at 127.0.0.1/45353] INFO  ozone.MiniOzoneClusterImpl (MiniOzoneClusterImpl.java:lambda$waitForClusterToBeReady$0(221)) - Waiting for cluster to exit safe mode
2023-03-09 15:02:42,434 [Listener at 127.0.0.1/45353] INFO  ozone.MiniOzoneClusterImpl (MiniOzoneClusterImpl.java:lambda$waitForClusterToBeReady$0(223)) - SCM became leader
2023-03-09 15:02:42,730 [EndpointStateMachine task thread for /127.0.0.1:33275 - 0 ] INFO  ipc.Client (Client.java:handleConnectionFailure(1010)) - Retrying connect to server: localhost/127.0.0.1:33275. Already tried 9 time(s); retry policy is RetryUpToMaximumCountWithFixedSleep(maxRetries=15, sleepTime=1000 MILLISECONDS)
2023-03-09 15:02:43,101 [EndpointStateMachine task thread for /127.0.0.1:35467 - 0 ] INFO  ipc.Client (Client.java:handleConnectionFailure(1010)) - Retrying connect to server: localhost/127.0.0.1:35467. Already tried 3 time(s); retry policy is RetryUpToMaximumCountWithFixedSleep(maxRetries=15, sleepTime=1000 MILLISECONDS)
2023-03-09 15:02:43,436 [Listener at 127.0.0.1/45353] INFO  ozone.MiniOzoneClusterImpl (MiniOzoneClusterImpl.java:lambda$waitForClusterToBeReady$0(218)) - Nodes are ready. Got 3 of 3 DN Heartbeats.
2023-03-09 15:02:43,436 [Listener at 127.0.0.1/45353] INFO  ozone.MiniOzoneClusterImpl (MiniOzoneClusterImpl.java:lambda$waitForClusterToBeReady$0(221)) - Waiting for cluster to exit safe mode
2023-03-09 15:02:43,437 [Listener at 127.0.0.1/45353] INFO  ozone.MiniOzoneClusterImpl (MiniOzoneClusterImpl.java:lambda$waitForClusterToBeReady$0(223)) - SCM became leader
2023-03-09 15:02:43,570 [Command processor thread] INFO  server.RaftServer (RaftServerProxy.java:addNew(96)) - 0518bc97-31d1-4d4f-b564-52717e813075: addNew group-82A1BD17106F:[0518bc97-31d1-4d4f-b564-52717e813075|rpc:127.0.0.1:37345|dataStream:127.0.0.1:43931|priority:1|startupRole:FOLLOWER] returns group-82A1BD17106F:java.util.concurrent.CompletableFuture@7156b8b7[Not completed]
2023-03-09 15:02:43,571 [pool-1300-thread-1] INFO  server.RaftServer$Division (RaftServerImpl.java:<init>(195)) - 0518bc97-31d1-4d4f-b564-52717e813075: new RaftServerImpl for group-82A1BD17106F:[0518bc97-31d1-4d4f-b564-52717e813075|rpc:127.0.0.1:37345|dataStream:127.0.0.1:43931|priority:1|startupRole:FOLLOWER] with ContainerStateMachine:uninitialized
2023-03-09 15:02:43,571 [pool-1300-thread-1] INFO  server.RaftServerConfigKeys (ConfUtils.java:logGet(46)) - raft.server.rpc.timeout.min = 5s (custom)
2023-03-09 15:02:43,571 [pool-1300-thread-1] INFO  server.RaftServerConfigKeys (ConfUtils.java:logGet(46)) - raft.server.rpc.timeout.max = 5200ms (custom)
2023-03-09 15:02:43,571 [pool-1300-thread-1] INFO  server.RaftServerConfigKeys (ConfUtils.java:logGet(46)) - raft.server.rpc.sleep.time = 25ms (default)
2023-03-09 15:02:43,572 [pool-1300-thread-1] INFO  server.RaftServerConfigKeys (ConfUtils.java:logGet(46)) - raft.server.rpc.slowness.timeout = 300s (custom)
2023-03-09 15:02:43,572 [pool-1300-thread-1] INFO  server.RaftServerConfigKeys (ConfUtils.java:logGet(46)) - raft.server.leaderelection.leader.step-down.wait-time = 10s (default)
2023-03-09 15:02:43,572 [pool-1300-thread-1] INFO  server.RaftServerConfigKeys (ConfUtils.java:logGet(46)) - raft.server.sleep.deviation.threshold = 300ms (default)
2023-03-09 15:02:43,572 [pool-1300-thread-1] INFO  server.RaftServer$Division (ServerState.java:<init>(118)) - 0518bc97-31d1-4d4f-b564-52717e813075@group-82A1BD17106F: ConfigurationManager, init=-1: peers:[0518bc97-31d1-4d4f-b564-52717e813075|rpc:127.0.0.1:37345|dataStream:127.0.0.1:43931|priority:1|startupRole:FOLLOWER]|listeners:[], old=null, confs=<EMPTY_MAP>
2023-03-09 15:02:43,572 [pool-1300-thread-1] INFO  server.RaftServerConfigKeys (ConfUtils.java:logGet(46)) - raft.server.storage.dir = [/home/runner/work/ozone/ozone/hadoop-ozone/integration-test/target/test-dir/MiniOzoneClusterImpl-0534e788-6c20-4d4d-bf72-3ffae63fff50/datanode-0/data/ratis] (custom)
2023-03-09 15:02:43,572 [pool-1300-thread-1] INFO  server.RaftServerConfigKeys (ConfUtils.java:logGet(46)) - raft.server.log.corruption.policy = EXCEPTION (default)
2023-03-09 15:02:43,572 [pool-1300-thread-1] INFO  server.RaftServerConfigKeys (ConfUtils.java:logGet(46)) - raft.server.storage.free-space.min = 0MB (=0) (default)
2023-03-09 15:02:43,572 [pool-1300-thread-1] INFO  server.RaftServerConfigKeys (ConfUtils.java:logGet(46)) - raft.server.notification.no-leader.timeout = 300s (custom)
2023-03-09 15:02:43,572 [pool-1300-thread-1] INFO  server.RaftServerConfigKeys (ConfUtils.java:logGet(46)) - raft.server.retrycache.expirytime = 600000ms (custom)
2023-03-09 15:02:43,572 [pool-1300-thread-1] INFO  server.RaftServerConfigKeys (ConfUtils.java:logGet(46)) - raft.server.retrycache.statistics.expirytime = 100μs (default)
2023-03-09 15:02:43,573 [pool-1300-thread-1] INFO  server.RaftServerConfigKeys (ConfUtils.java:logGet(46)) - raft.server.log.appender.install.snapshot.enabled = false (custom)
2023-03-09 15:02:43,573 [pool-1300-thread-1] INFO  server.RaftServerConfigKeys (ConfUtils.java:logGet(46)) - raft.server.threadpool.server.cached = true (default)
2023-03-09 15:02:43,573 [pool-1300-thread-1] INFO  server.RaftServerConfigKeys (ConfUtils.java:logGet(46)) - raft.server.threadpool.server.size = 0 (default)
2023-03-09 15:02:43,573 [pool-1300-thread-1] INFO  server.RaftServerConfigKeys (ConfUtils.java:logGet(46)) - raft.server.threadpool.client.cached = true (default)
2023-03-09 15:02:43,573 [pool-1300-thread-1] INFO  server.RaftServerConfigKeys (ConfUtils.java:logGet(46)) - raft.server.threadpool.client.size = 0 (default)
2023-03-09 15:02:43,573 [pool-1300-thread-1] INFO  storage.RaftStorageDirectory (RaftStorageDirectoryImpl.java:analyzeStorage(137)) - The storage directory /home/runner/work/ozone/ozone/hadoop-ozone/integration-test/target/test-dir/MiniOzoneClusterImpl-0534e788-6c20-4d4d-bf72-3ffae63fff50/datanode-0/data/ratis/2b76d336-8093-4a2f-8e56-82a1bd17106f does not exist. Creating ...
2023-03-09 15:02:43,575 [pool-1300-thread-1] INFO  storage.RaftStorageDirectory (RaftStorageDirectoryImpl.java:tryLock(231)) - Lock on /home/runner/work/ozone/ozone/hadoop-ozone/integration-test/target/test-dir/MiniOzoneClusterImpl-0534e788-6c20-4d4d-bf72-3ffae63fff50/datanode-0/data/ratis/2b76d336-8093-4a2f-8e56-82a1bd17106f/in_use.lock acquired by nodename 57158@fv-az377-502
2023-03-09 15:02:43,577 [pool-1300-thread-1] INFO  storage.RaftStorage (RaftStorageImpl.java:format(96)) - Storage directory /home/runner/work/ozone/ozone/hadoop-ozone/integration-test/target/test-dir/MiniOzoneClusterImpl-0534e788-6c20-4d4d-bf72-3ffae63fff50/datanode-0/data/ratis/2b76d336-8093-4a2f-8e56-82a1bd17106f has been successfully formatted.
2023-03-09 15:02:43,579 [pool-1300-thread-1] INFO  ratis.ContainerStateMachine (ContainerStateMachine.java:loadSnapshot(240)) - group-82A1BD17106F: The snapshot info is null. Setting the last applied indexto:(t:0, i:~)
2023-03-09 15:02:43,579 [pool-1300-thread-1] INFO  server.RaftServerConfigKeys (ConfUtils.java:logGet(46)) - raft.server.log.use.memory = false (default)
2023-03-09 15:02:43,579 [pool-1300-thread-1] INFO  server.RaftServerConfigKeys (ConfUtils.java:logGet(46)) - raft.server.log.purge.gap = 1000000 (custom)
2023-03-09 15:02:43,579 [pool-1300-thread-1] INFO  server.RaftServerConfigKeys (ConfUtils.java:logGet(46)) - raft.server.log.appender.buffer.byte-limit = 33554432 (custom)
2023-03-09 15:02:43,579 [pool-1300-thread-1] INFO  server.RaftServerConfigKeys (ConfUtils.java:logGet(46)) - raft.server.log.statemachine.data.read.timeout = 1000ms (default)
2023-03-09 15:02:43,579 [pool-1300-thread-1] INFO  server.RaftServerConfigKeys (ConfUtils.java:logGet(46)) - raft.server.log.purge.preservation.log.num = 0 (default)
2023-03-09 15:02:43,579 [pool-1300-thread-1] INFO  server.RaftServerConfigKeys (ConfUtils.java:logGet(46)) - raft.server.log.segment.size.max = 1048576 (custom)
2023-03-09 15:02:43,580 [pool-1300-thread-1] INFO  server.RaftServerConfigKeys (ConfUtils.java:logGet(46)) - raft.server.log.segment.cache.num.max = 2 (custom)
2023-03-09 15:02:43,580 [pool-1300-thread-1] INFO  server.RaftServerConfigKeys (ConfUtils.java:logGet(46)) - raft.server.log.segment.cache.size.max = 200MB (=209715200) (default)
2023-03-09 15:02:43,580 [pool-1300-thread-1] INFO  segmented.SegmentedRaftLogWorker (SegmentedRaftLogWorker.java:<init>(189)) - new 0518bc97-31d1-4d4f-b564-52717e813075@group-82A1BD17106F-SegmentedRaftLogWorker for RaftStorageImpl:Storage Directory /home/runner/work/ozone/ozone/hadoop-ozone/integration-test/target/test-dir/MiniOzoneClusterImpl-0534e788-6c20-4d4d-bf72-3ffae63fff50/datanode-0/data/ratis/2b76d336-8093-4a2f-8e56-82a1bd17106f
2023-03-09 15:02:43,580 [pool-1300-thread-1] INFO  server.RaftServerConfigKeys (ConfUtils.java:logGet(46)) - raft.server.log.queue.byte-limit = 4294967296 (custom)
2023-03-09 15:02:43,580 [pool-1300-thread-1] INFO  server.RaftServerConfigKeys (ConfUtils.java:logGet(46)) - raft.server.log.queue.element-limit = 1024 (custom)
2023-03-09 15:02:43,580 [EventQueue-PipelineReportForPipelineReportHandler] INFO  pipeline.PipelineManagerImpl (PipelineManagerImpl.java:openPipeline(367)) - Pipeline Pipeline[ Id: 2b76d336-8093-4a2f-8e56-82a1bd17106f, Nodes: 0518bc97-31d1-4d4f-b564-52717e813075(localhost/127.0.0.1), ReplicationConfig: RATIS/ONE, State:ALLOCATED, leaderId:0518bc97-31d1-4d4f-b564-52717e813075, CreationTimestamp2023-03-09T15:02:40.582Z[Etc/UTC]] moved to OPEN state
2023-03-09 15:02:43,580 [pool-1300-thread-1] INFO  server.RaftServerConfigKeys (ConfUtils.java:logGet(46)) - raft.server.log.segment.size.max = 1048576 (custom)
2023-03-09 15:02:43,580 [pool-1300-thread-1] INFO  server.RaftServerConfigKeys (ConfUtils.java:logGet(46)) - raft.server.log.preallocated.size = 16384 (custom)
2023-03-09 15:02:43,580 [pool-1300-thread-1] INFO  server.RaftServerConfigKeys (ConfUtils.java:logGet(46)) - raft.server.log.force.sync.num = 128 (default)
2023-03-09 15:02:43,580 [pool-1300-thread-1] INFO  server.RaftServerConfigKeys (ConfUtils.java:logGet(46)) - raft.server.log.statemachine.data.sync = true (default)
2023-03-09 15:02:43,580 [pool-1300-thread-1] INFO  server.RaftServerConfigKeys (ConfUtils.java:logGet(46)) - raft.server.log.statemachine.data.sync.timeout = 10s (default)
2023-03-09 15:02:43,580 [pool-1300-thread-1] INFO  server.RaftServerConfigKeys (ConfUtils.java:logGet(46)) - raft.server.log.statemachine.data.sync.timeout.retry = -1 (default)
2023-03-09 15:02:43,581 [pool-1300-thread-1] INFO  server.RaftServerConfigKeys (ConfUtils.java:logGet(46)) - raft.server.log.write.buffer.size = 1048576 (custom)
2023-03-09 15:02:43,581 [pool-1300-thread-1] INFO  server.RaftServerConfigKeys (ConfUtils.java:logGet(46)) - raft.server.log.appender.buffer.byte-limit = 33554432 (custom)
2023-03-09 15:02:43,590 [pool-1300-thread-1] INFO  server.RaftServerConfigKeys (ConfUtils.java:logGet(46)) - raft.server.log.unsafe-flush.enabled = false (default)
2023-03-09 15:02:43,591 [pool-1300-thread-1] INFO  server.RaftServerConfigKeys (ConfUtils.java:logGet(46)) - raft.server.log.async-flush.enabled = false (default)
2023-03-09 15:02:43,591 [pool-1300-thread-1] INFO  server.RaftServerConfigKeys (ConfUtils.java:logGet(46)) - raft.server.log.statemachine.data.caching.enabled = true (custom)
2023-03-09 15:02:43,591 [pool-1300-thread-1] INFO  segmented.SegmentedRaftLogWorker (SegmentedRaftLogWorker.java:lambda$new$0(135)) - 0518bc97-31d1-4d4f-b564-52717e813075@group-82A1BD17106F-SegmentedRaftLogWorker: flushIndex: setUnconditionally 0 -> -1
2023-03-09 15:02:43,591 [pool-1300-thread-1] INFO  segmented.SegmentedRaftLogWorker (SegmentedRaftLogWorker.java:lambda$new$0(135)) - 0518bc97-31d1-4d4f-b564-52717e813075@group-82A1BD17106F-SegmentedRaftLogWorker: safeCacheEvictIndex: setUnconditionally 0 -> -1
2023-03-09 15:02:43,591 [pool-1300-thread-1] INFO  server.RaftServer$Division (RaftServerImpl.java:start(334)) - 0518bc97-31d1-4d4f-b564-52717e813075@group-82A1BD17106F: start as a follower, conf=-1: peers:[0518bc97-31d1-4d4f-b564-52717e813075|rpc:127.0.0.1:37345|dataStream:127.0.0.1:43931|priority:1|startupRole:FOLLOWER]|listeners:[], old=null
2023-03-09 15:02:43,591 [pool-1300-thread-1] INFO  server.RaftServer$Division (RaftServerImpl.java:setRole(321)) - 0518bc97-31d1-4d4f-b564-52717e813075@group-82A1BD17106F: changes role from      null to FOLLOWER at term 0 for startAsFollower
2023-03-09 15:02:43,592 [78133a0d-b1a6-42b2-bde2-9d54c1b1446c@group-3FFAE63FFF50-StateMachineUpdater] INFO  safemode.HealthyPipelineSafeModeRule (HealthyPipelineSafeModeRule.java:initializeRule(165)) - Refreshed total pipeline count is 0, healthy pipeline threshold count is 1
2023-03-09 15:02:43,592 [pool-1300-thread-1] INFO  impl.RoleInfo (RoleInfo.java:updateAndGet(139)) - 0518bc97-31d1-4d4f-b564-52717e813075: start 0518bc97-31d1-4d4f-b564-52717e813075@group-82A1BD17106F-FollowerState
2023-03-09 15:02:43,592 [pool-1300-thread-1] INFO  util.JmxRegister (JmxRegister.java:tryRegister(44)) - Successfully registered JMX Bean with object name Ratis:service=RaftServer,group=group-82A1BD17106F,id=0518bc97-31d1-4d4f-b564-52717e813075
2023-03-09 15:02:43,592 [pool-1300-thread-1] INFO  server.RaftServerConfigKeys (ConfUtils.java:logGet(46)) - raft.server.snapshot.auto.trigger.enabled = true (custom)
2023-03-09 15:02:43,592 [pool-1300-thread-1] INFO  server.RaftServerConfigKeys (ConfUtils.java:logGet(46)) - raft.server.snapshot.auto.trigger.threshold = 10000 (custom)
2023-03-09 15:02:43,592 [pool-1300-thread-1] INFO  server.RaftServerConfigKeys (ConfUtils.java:logGet(46)) - raft.server.snapshot.retention.file.num = 5 (custom)
2023-03-09 15:02:43,592 [pool-1300-thread-1] INFO  server.RaftServerConfigKeys (ConfUtils.java:logGet(46)) - raft.server.log.purge.upto.snapshot.index = false (default)
2023-03-09 15:02:43,593 [0518bc97-31d1-4d4f-b564-52717e813075@group-82A1BD17106F-FollowerState] INFO  server.RaftServerConfigKeys (ConfUtils.java:logFallback(53)) - raft.server.rpc.first-election.timeout.min = 5s (fallback to raft.server.rpc.timeout.min)
2023-03-09 15:02:43,593 [0518bc97-31d1-4d4f-b564-52717e813075@group-82A1BD17106F-FollowerState] INFO  server.RaftServerConfigKeys (ConfUtils.java:logFallback(53)) - raft.server.rpc.first-election.timeout.max = 5200ms (fallback to raft.server.rpc.timeout.max)
2023-03-09 15:02:43,599 [Command processor thread] INFO  ratis.XceiverServerRatis (XceiverServerRatis.java:addGroup(807)) - Created group PipelineID=2b76d336-8093-4a2f-8e56-82a1bd17106f
2023-03-09 15:02:43,599 [Command processor thread] INFO  commandhandler.CreatePipelineCommandHandler (CreatePipelineCommandHandler.java:handle(113)) - Created Pipeline RATIS ONE PipelineID=2b76d336-8093-4a2f-8e56-82a1bd17106f.
2023-03-09 15:02:43,599 [Command processor thread] INFO  server.RaftServer (RaftServerProxy.java:addNew(96)) - 0518bc97-31d1-4d4f-b564-52717e813075: addNew group-470DB026BB96:[b86bebd9-3a13-457a-9b1b-8645409d7c66|rpc:127.0.0.1:46729|dataStream:127.0.0.1:45541|priority:0|startupRole:FOLLOWER, ee096506-a68b-4f48-b344-eadbf7b61204|rpc:127.0.0.1:41907|dataStream:127.0.0.1:44575|priority:0|startupRole:FOLLOWER, 0518bc97-31d1-4d4f-b564-52717e813075|rpc:127.0.0.1:37345|dataStream:127.0.0.1:43931|priority:1|startupRole:FOLLOWER] returns group-470DB026BB96:java.util.concurrent.CompletableFuture@75692245[Not completed]
2023-03-09 15:02:43,600 [EventQueue-OpenPipelineForHealthyPipelineSafeModeRule] INFO  safemode.SCMSafeModeManager (HealthyPipelineSafeModeRule.java:process(137)) - SCM in safe mode. Healthy pipelines reported count is 0, required healthy pipeline reported count is 1
2023-03-09 15:02:43,600 [pool-1300-thread-1] INFO  server.RaftServer$Division (RaftServerImpl.java:<init>(195)) - 0518bc97-31d1-4d4f-b564-52717e813075: new RaftServerImpl for group-470DB026BB96:[b86bebd9-3a13-457a-9b1b-8645409d7c66|rpc:127.0.0.1:46729|dataStream:127.0.0.1:45541|priority:0|startupRole:FOLLOWER, ee096506-a68b-4f48-b344-eadbf7b61204|rpc:127.0.0.1:41907|dataStream:127.0.0.1:44575|priority:0|startupRole:FOLLOWER, 0518bc97-31d1-4d4f-b564-52717e813075|rpc:127.0.0.1:37345|dataStream:127.0.0.1:43931|priority:1|startupRole:FOLLOWER] with ContainerStateMachine:uninitialized
2023-03-09 15:02:43,600 [pool-1300-thread-1] INFO  server.RaftServerConfigKeys (ConfUtils.java:logGet(46)) - raft.server.rpc.timeout.min = 5s (custom)
2023-03-09 15:02:43,600 [pool-1300-thread-1] INFO  server.RaftServerConfigKeys (ConfUtils.java:logGet(46)) - raft.server.rpc.timeout.max = 5200ms (custom)
2023-03-09 15:02:43,600 [pool-1300-thread-1] INFO  server.RaftServerConfigKeys (ConfUtils.java:logGet(46)) - raft.server.rpc.sleep.time = 25ms (default)
2023-03-09 15:02:43,600 [pool-1300-thread-1] INFO  server.RaftServerConfigKeys (ConfUtils.java:logGet(46)) - raft.server.rpc.slowness.timeout = 300s (custom)
2023-03-09 15:02:43,600 [pool-1300-thread-1] INFO  server.RaftServerConfigKeys (ConfUtils.java:logGet(46)) - raft.server.leaderelection.leader.step-down.wait-time = 10s (default)
2023-03-09 15:02:43,600 [pool-1300-thread-1] INFO  server.RaftServerConfigKeys (ConfUtils.java:logGet(46)) - raft.server.sleep.deviation.threshold = 300ms (default)
2023-03-09 15:02:43,601 [pool-1300-thread-1] INFO  server.RaftServer$Division (ServerState.java:<init>(118)) - 0518bc97-31d1-4d4f-b564-52717e813075@group-470DB026BB96: ConfigurationManager, init=-1: peers:[b86bebd9-3a13-457a-9b1b-8645409d7c66|rpc:127.0.0.1:46729|dataStream:127.0.0.1:45541|priority:0|startupRole:FOLLOWER, ee096506-a68b-4f48-b344-eadbf7b61204|rpc:127.0.0.1:41907|dataStream:127.0.0.1:44575|priority:0|startupRole:FOLLOWER, 0518bc97-31d1-4d4f-b564-52717e813075|rpc:127.0.0.1:37345|dataStream:127.0.0.1:43931|priority:1|startupRole:FOLLOWER]|listeners:[], old=null, confs=<EMPTY_MAP>
2023-03-09 15:02:43,601 [pool-1300-thread-1] INFO  server.RaftServerConfigKeys (ConfUtils.java:logGet(46)) - raft.server.storage.dir = [/home/runner/work/ozone/ozone/hadoop-ozone/integration-test/target/test-dir/MiniOzoneClusterImpl-0534e788-6c20-4d4d-bf72-3ffae63fff50/datanode-0/data/ratis] (custom)
2023-03-09 15:02:43,601 [pool-1300-thread-1] INFO  server.RaftServerConfigKeys (ConfUtils.java:logGet(46)) - raft.server.log.corruption.policy = EXCEPTION (default)
2023-03-09 15:02:43,601 [pool-1300-thread-1] INFO  server.RaftServerConfigKeys (ConfUtils.java:logGet(46)) - raft.server.storage.free-space.min = 0MB (=0) (default)
2023-03-09 15:02:43,601 [pool-1300-thread-1] INFO  server.RaftServerConfigKeys (ConfUtils.java:logGet(46)) - raft.server.notification.no-leader.timeout = 300s (custom)
2023-03-09 15:02:43,601 [pool-1300-thread-1] INFO  server.RaftServerConfigKeys (ConfUtils.java:logGet(46)) - raft.server.retrycache.expirytime = 600000ms (custom)
2023-03-09 15:02:43,601 [pool-1300-thread-1] INFO  server.RaftServerConfigKeys (ConfUtils.java:logGet(46)) - raft.server.retrycache.statistics.expirytime = 100μs (default)
2023-03-09 15:02:43,602 [pool-1300-thread-1] INFO  server.RaftServerConfigKeys (ConfUtils.java:logGet(46)) - raft.server.log.appender.install.snapshot.enabled = false (custom)
2023-03-09 15:02:43,602 [pool-1300-thread-1] INFO  server.RaftServerConfigKeys (ConfUtils.java:logGet(46)) - raft.server.threadpool.server.cached = true (default)
2023-03-09 15:02:43,602 [pool-1300-thread-1] INFO  server.RaftServerConfigKeys (ConfUtils.java:logGet(46)) - raft.server.threadpool.server.size = 0 (default)
2023-03-09 15:02:43,602 [pool-1300-thread-1] INFO  server.RaftServerConfigKeys (ConfUtils.java:logGet(46)) - raft.server.threadpool.client.cached = true (default)
2023-03-09 15:02:43,602 [pool-1300-thread-1] INFO  server.RaftServerConfigKeys (ConfUtils.java:logGet(46)) - raft.server.threadpool.client.size = 0 (default)
2023-03-09 15:02:43,602 [pool-1300-thread-1] INFO  storage.RaftStorageDirectory (RaftStorageDirectoryImpl.java:analyzeStorage(137)) - The storage directory /home/runner/work/ozone/ozone/hadoop-ozone/integration-test/target/test-dir/MiniOzoneClusterImpl-0534e788-6c20-4d4d-bf72-3ffae63fff50/datanode-0/data/ratis/740719e3-0215-433d-bd11-470db026bb96 does not exist. Creating ...
2023-03-09 15:02:43,603 [pool-1300-thread-1] INFO  storage.RaftStorageDirectory (RaftStorageDirectoryImpl.java:tryLock(231)) - Lock on /home/runner/work/ozone/ozone/hadoop-ozone/integration-test/target/test-dir/MiniOzoneClusterImpl-0534e788-6c20-4d4d-bf72-3ffae63fff50/datanode-0/data/ratis/740719e3-0215-433d-bd11-470db026bb96/in_use.lock acquired by nodename 57158@fv-az377-502
2023-03-09 15:02:43,605 [pool-1300-thread-1] INFO  storage.RaftStorage (RaftStorageImpl.java:format(96)) - Storage directory /home/runner/work/ozone/ozone/hadoop-ozone/integration-test/target/test-dir/MiniOzoneClusterImpl-0534e788-6c20-4d4d-bf72-3ffae63fff50/datanode-0/data/ratis/740719e3-0215-433d-bd11-470db026bb96 has been successfully formatted.
2023-03-09 15:02:43,605 [pool-1300-thread-1] INFO  ratis.ContainerStateMachine (ContainerStateMachine.java:loadSnapshot(240)) - group-470DB026BB96: The snapshot info is null. Setting the last applied indexto:(t:0, i:~)
2023-03-09 15:02:43,605 [pool-1300-thread-1] INFO  server.RaftServerConfigKeys (ConfUtils.java:logGet(46)) - raft.server.log.use.memory = false (default)
2023-03-09 15:02:43,605 [pool-1300-thread-1] INFO  server.RaftServerConfigKeys (ConfUtils.java:logGet(46)) - raft.server.log.purge.gap = 1000000 (custom)
2023-03-09 15:02:43,605 [pool-1300-thread-1] INFO  server.RaftServerConfigKeys (ConfUtils.java:logGet(46)) - raft.server.log.appender.buffer.byte-limit = 33554432 (custom)
2023-03-09 15:02:43,605 [pool-1300-thread-1] INFO  server.RaftServerConfigKeys (ConfUtils.java:logGet(46)) - raft.server.log.statemachine.data.read.timeout = 1000ms (default)
2023-03-09 15:02:43,605 [pool-1300-thread-1] INFO  server.RaftServerConfigKeys (ConfUtils.java:logGet(46)) - raft.server.log.purge.preservation.log.num = 0 (default)
2023-03-09 15:02:43,606 [pool-1300-thread-1] INFO  server.RaftServerConfigKeys (ConfUtils.java:logGet(46)) - raft.server.log.segment.size.max = 1048576 (custom)
2023-03-09 15:02:43,607 [pool-1300-thread-1] INFO  server.RaftServerConfigKeys (ConfUtils.java:logGet(46)) - raft.server.log.segment.cache.num.max = 2 (custom)
2023-03-09 15:02:43,607 [pool-1300-thread-1] INFO  server.RaftServerConfigKeys (ConfUtils.java:logGet(46)) - raft.server.log.segment.cache.size.max = 200MB (=209715200) (default)
2023-03-09 15:02:43,607 [pool-1300-thread-1] INFO  segmented.SegmentedRaftLogWorker (SegmentedRaftLogWorker.java:<init>(189)) - new 0518bc97-31d1-4d4f-b564-52717e813075@group-470DB026BB96-SegmentedRaftLogWorker for RaftStorageImpl:Storage Directory /home/runner/work/ozone/ozone/hadoop-ozone/integration-test/target/test-dir/MiniOzoneClusterImpl-0534e788-6c20-4d4d-bf72-3ffae63fff50/datanode-0/data/ratis/740719e3-0215-433d-bd11-470db026bb96
2023-03-09 15:02:43,607 [pool-1300-thread-1] INFO  server.RaftServerConfigKeys (ConfUtils.java:logGet(46)) - raft.server.log.queue.byte-limit = 4294967296 (custom)
2023-03-09 15:02:43,607 [pool-1300-thread-1] INFO  server.RaftServerConfigKeys (ConfUtils.java:logGet(46)) - raft.server.log.queue.element-limit = 1024 (custom)
2023-03-09 15:02:43,607 [pool-1300-thread-1] INFO  server.RaftServerConfigKeys (ConfUtils.java:logGet(46)) - raft.server.log.segment.size.max = 1048576 (custom)
2023-03-09 15:02:43,607 [pool-1300-thread-1] INFO  server.RaftServerConfigKeys (ConfUtils.java:logGet(46)) - raft.server.log.preallocated.size = 16384 (custom)
2023-03-09 15:02:43,607 [pool-1300-thread-1] INFO  server.RaftServerConfigKeys (ConfUtils.java:logGet(46)) - raft.server.log.force.sync.num = 128 (default)
2023-03-09 15:02:43,607 [pool-1300-thread-1] INFO  server.RaftServerConfigKeys (ConfUtils.java:logGet(46)) - raft.server.log.statemachine.data.sync = true (default)
2023-03-09 15:02:43,607 [pool-1300-thread-1] INFO  server.RaftServerConfigKeys (ConfUtils.java:logGet(46)) - raft.server.log.statemachine.data.sync.timeout = 10s (default)
2023-03-09 15:02:43,607 [pool-1300-thread-1] INFO  server.RaftServerConfigKeys (ConfUtils.java:logGet(46)) - raft.server.log.statemachine.data.sync.timeout.retry = -1 (default)
2023-03-09 15:02:43,608 [pool-1300-thread-1] INFO  server.RaftServerConfigKeys (ConfUtils.java:logGet(46)) - raft.server.log.write.buffer.size = 1048576 (custom)
2023-03-09 15:02:43,608 [pool-1300-thread-1] INFO  server.RaftServerConfigKeys (ConfUtils.java:logGet(46)) - raft.server.log.appender.buffer.byte-limit = 33554432 (custom)
2023-03-09 15:02:43,609 [EventQueue-OpenPipelineForHealthyPipelineSafeModeRule] INFO  safemode.SCMSafeModeManager (HealthyPipelineSafeModeRule.java:process(137)) - SCM in safe mode. Healthy pipelines reported count is 0, required healthy pipeline reported count is 1
2023-03-09 15:02:43,614 [pool-1300-thread-1] INFO  server.RaftServerConfigKeys (ConfUtils.java:logGet(46)) - raft.server.log.unsafe-flush.enabled = false (default)
2023-03-09 15:02:43,614 [pool-1300-thread-1] INFO  server.RaftServerConfigKeys (ConfUtils.java:logGet(46)) - raft.server.log.async-flush.enabled = false (default)
2023-03-09 15:02:43,615 [pool-1300-thread-1] INFO  server.RaftServerConfigKeys (ConfUtils.java:logGet(46)) - raft.server.log.statemachine.data.caching.enabled = true (custom)
2023-03-09 15:02:43,615 [pool-1300-thread-1] INFO  segmented.SegmentedRaftLogWorker (SegmentedRaftLogWorker.java:lambda$new$0(135)) - 0518bc97-31d1-4d4f-b564-52717e813075@group-470DB026BB96-SegmentedRaftLogWorker: flushIndex: setUnconditionally 0 -> -1
2023-03-09 15:02:43,615 [pool-1300-thread-1] INFO  segmented.SegmentedRaftLogWorker (SegmentedRaftLogWorker.java:lambda$new$0(135)) - 0518bc97-31d1-4d4f-b564-52717e813075@group-470DB026BB96-SegmentedRaftLogWorker: safeCacheEvictIndex: setUnconditionally 0 -> -1
2023-03-09 15:02:43,615 [pool-1300-thread-1] INFO  server.RaftServer$Division (RaftServerImpl.java:start(334)) - 0518bc97-31d1-4d4f-b564-52717e813075@group-470DB026BB96: start as a follower, conf=-1: peers:[b86bebd9-3a13-457a-9b1b-8645409d7c66|rpc:127.0.0.1:46729|dataStream:127.0.0.1:45541|priority:0|startupRole:FOLLOWER, ee096506-a68b-4f48-b344-eadbf7b61204|rpc:127.0.0.1:41907|dataStream:127.0.0.1:44575|priority:0|startupRole:FOLLOWER, 0518bc97-31d1-4d4f-b564-52717e813075|rpc:127.0.0.1:37345|dataStream:127.0.0.1:43931|priority:1|startupRole:FOLLOWER]|listeners:[], old=null
2023-03-09 15:02:43,615 [pool-1300-thread-1] INFO  server.RaftServer$Division (RaftServerImpl.java:setRole(321)) - 0518bc97-31d1-4d4f-b564-52717e813075@group-470DB026BB96: changes role from      null to FOLLOWER at term 0 for startAsFollower
2023-03-09 15:02:43,616 [pool-1300-thread-1] INFO  impl.RoleInfo (RoleInfo.java:updateAndGet(139)) - 0518bc97-31d1-4d4f-b564-52717e813075: start 0518bc97-31d1-4d4f-b564-52717e813075@group-470DB026BB96-FollowerState
2023-03-09 15:02:43,616 [pool-1300-thread-1] INFO  util.JmxRegister (JmxRegister.java:tryRegister(44)) - Successfully registered JMX Bean with object name Ratis:service=RaftServer,group=group-470DB026BB96,id=0518bc97-31d1-4d4f-b564-52717e813075
2023-03-09 15:02:43,616 [0518bc97-31d1-4d4f-b564-52717e813075@group-470DB026BB96-FollowerState] INFO  server.RaftServerConfigKeys (ConfUtils.java:logFallback(53)) - raft.server.rpc.first-election.timeout.min = 5s (fallback to raft.server.rpc.timeout.min)
2023-03-09 15:02:43,616 [pool-1300-thread-1] INFO  server.RaftServerConfigKeys (ConfUtils.java:logGet(46)) - raft.server.snapshot.auto.trigger.enabled = true (custom)
2023-03-09 15:02:43,616 [pool-1300-thread-1] INFO  server.RaftServerConfigKeys (ConfUtils.java:logGet(46)) - raft.server.snapshot.auto.trigger.threshold = 10000 (custom)
2023-03-09 15:02:43,616 [0518bc97-31d1-4d4f-b564-52717e813075@group-470DB026BB96-FollowerState] INFO  server.RaftServerConfigKeys (ConfUtils.java:logFallback(53)) - raft.server.rpc.first-election.timeout.max = 5200ms (fallback to raft.server.rpc.timeout.max)
2023-03-09 15:02:43,616 [pool-1300-thread-1] INFO  server.RaftServerConfigKeys (ConfUtils.java:logGet(46)) - raft.server.snapshot.retention.file.num = 5 (custom)
2023-03-09 15:02:43,618 [pool-1300-thread-1] INFO  server.RaftServerConfigKeys (ConfUtils.java:logGet(46)) - raft.server.log.purge.upto.snapshot.index = false (default)
2023-03-09 15:02:43,619 [Command processor thread] INFO  ratis.XceiverServerRatis (XceiverServerRatis.java:addGroup(807)) - Created group PipelineID=740719e3-0215-433d-bd11-470db026bb96
2023-03-09 15:02:43,630 [grpc-default-executor-15] INFO  server.RaftServer (RaftServerProxy.java:addNew(96)) - ee096506-a68b-4f48-b344-eadbf7b61204: addNew group-470DB026BB96:[b86bebd9-3a13-457a-9b1b-8645409d7c66|rpc:127.0.0.1:46729|dataStream:127.0.0.1:45541|priority:0|startupRole:FOLLOWER, ee096506-a68b-4f48-b344-eadbf7b61204|rpc:127.0.0.1:41907|dataStream:127.0.0.1:44575|priority:0|startupRole:FOLLOWER, 0518bc97-31d1-4d4f-b564-52717e813075|rpc:127.0.0.1:37345|dataStream:127.0.0.1:43931|priority:1|startupRole:FOLLOWER] returns group-470DB026BB96:java.util.concurrent.CompletableFuture@ea52464[Not completed]
2023-03-09 15:02:43,631 [pool-1344-thread-1] INFO  server.RaftServer$Division (RaftServerImpl.java:<init>(195)) - ee096506-a68b-4f48-b344-eadbf7b61204: new RaftServerImpl for group-470DB026BB96:[b86bebd9-3a13-457a-9b1b-8645409d7c66|rpc:127.0.0.1:46729|dataStream:127.0.0.1:45541|priority:0|startupRole:FOLLOWER, ee096506-a68b-4f48-b344-eadbf7b61204|rpc:127.0.0.1:41907|dataStream:127.0.0.1:44575|priority:0|startupRole:FOLLOWER, 0518bc97-31d1-4d4f-b564-52717e813075|rpc:127.0.0.1:37345|dataStream:127.0.0.1:43931|priority:1|startupRole:FOLLOWER] with ContainerStateMachine:uninitialized
2023-03-09 15:02:43,631 [pool-1344-thread-1] INFO  server.RaftServerConfigKeys (ConfUtils.java:logGet(46)) - raft.server.rpc.timeout.min = 5s (custom)
2023-03-09 15:02:43,631 [pool-1344-thread-1] INFO  server.RaftServerConfigKeys (ConfUtils.java:logGet(46)) - raft.server.rpc.timeout.max = 5200ms (custom)
2023-03-09 15:02:43,631 [pool-1344-thread-1] INFO  server.RaftServerConfigKeys (ConfUtils.java:logGet(46)) - raft.server.rpc.sleep.time = 25ms (default)
2023-03-09 15:02:43,631 [pool-1344-thread-1] INFO  server.RaftServerConfigKeys (ConfUtils.java:logGet(46)) - raft.server.rpc.slowness.timeout = 300s (custom)
2023-03-09 15:02:43,632 [pool-1344-thread-1] INFO  server.RaftServerConfigKeys (ConfUtils.java:logGet(46)) - raft.server.leaderelection.leader.step-down.wait-time = 10s (default)
2023-03-09 15:02:43,632 [pool-1344-thread-1] INFO  server.RaftServerConfigKeys (ConfUtils.java:logGet(46)) - raft.server.sleep.deviation.threshold = 300ms (default)
2023-03-09 15:02:43,632 [pool-1344-thread-1] INFO  server.RaftServer$Division (ServerState.java:<init>(118)) - ee096506-a68b-4f48-b344-eadbf7b61204@group-470DB026BB96: ConfigurationManager, init=-1: peers:[b86bebd9-3a13-457a-9b1b-8645409d7c66|rpc:127.0.0.1:46729|dataStream:127.0.0.1:45541|priority:0|startupRole:FOLLOWER, ee096506-a68b-4f48-b344-eadbf7b61204|rpc:127.0.0.1:41907|dataStream:127.0.0.1:44575|priority:0|startupRole:FOLLOWER, 0518bc97-31d1-4d4f-b564-52717e813075|rpc:127.0.0.1:37345|dataStream:127.0.0.1:43931|priority:1|startupRole:FOLLOWER]|listeners:[], old=null, confs=<EMPTY_MAP>
2023-03-09 15:02:43,632 [pool-1344-thread-1] INFO  server.RaftServerConfigKeys (ConfUtils.java:logGet(46)) - raft.server.storage.dir = [/home/runner/work/ozone/ozone/hadoop-ozone/integration-test/target/test-dir/MiniOzoneClusterImpl-0534e788-6c20-4d4d-bf72-3ffae63fff50/datanode-2/data/ratis] (custom)
2023-03-09 15:02:43,632 [pool-1344-thread-1] INFO  server.RaftServerConfigKeys (ConfUtils.java:logGet(46)) - raft.server.log.corruption.policy = EXCEPTION (default)
2023-03-09 15:02:43,632 [pool-1344-thread-1] INFO  server.RaftServerConfigKeys (ConfUtils.java:logGet(46)) - raft.server.storage.free-space.min = 0MB (=0) (default)
2023-03-09 15:02:43,632 [pool-1344-thread-1] INFO  server.RaftServerConfigKeys (ConfUtils.java:logGet(46)) - raft.server.notification.no-leader.timeout = 300s (custom)
2023-03-09 15:02:43,632 [pool-1344-thread-1] INFO  server.RaftServerConfigKeys (ConfUtils.java:logGet(46)) - raft.server.retrycache.expirytime = 600000ms (custom)
2023-03-09 15:02:43,632 [pool-1344-thread-1] INFO  server.RaftServerConfigKeys (ConfUtils.java:logGet(46)) - raft.server.retrycache.statistics.expirytime = 100μs (default)
2023-03-09 15:02:43,633 [pool-1344-thread-1] INFO  server.RaftServerConfigKeys (ConfUtils.java:logGet(46)) - raft.server.log.appender.install.snapshot.enabled = false (custom)
2023-03-09 15:02:43,634 [pool-1344-thread-1] INFO  server.RaftServerConfigKeys (ConfUtils.java:logGet(46)) - raft.server.threadpool.server.cached = true (default)
2023-03-09 15:02:43,634 [pool-1344-thread-1] INFO  server.RaftServerConfigKeys (ConfUtils.java:logGet(46)) - raft.server.threadpool.server.size = 0 (default)
2023-03-09 15:02:43,634 [pool-1344-thread-1] INFO  server.RaftServerConfigKeys (ConfUtils.java:logGet(46)) - raft.server.threadpool.client.cached = true (default)
2023-03-09 15:02:43,634 [pool-1344-thread-1] INFO  server.RaftServerConfigKeys (ConfUtils.java:logGet(46)) - raft.server.threadpool.client.size = 0 (default)
2023-03-09 15:02:43,634 [pool-1344-thread-1] INFO  storage.RaftStorageDirectory (RaftStorageDirectoryImpl.java:analyzeStorage(137)) - The storage directory /home/runner/work/ozone/ozone/hadoop-ozone/integration-test/target/test-dir/MiniOzoneClusterImpl-0534e788-6c20-4d4d-bf72-3ffae63fff50/datanode-2/data/ratis/740719e3-0215-433d-bd11-470db026bb96 does not exist. Creating ...
2023-03-09 15:02:43,635 [pool-1344-thread-1] INFO  storage.RaftStorageDirectory (RaftStorageDirectoryImpl.java:tryLock(231)) - Lock on /home/runner/work/ozone/ozone/hadoop-ozone/integration-test/target/test-dir/MiniOzoneClusterImpl-0534e788-6c20-4d4d-bf72-3ffae63fff50/datanode-2/data/ratis/740719e3-0215-433d-bd11-470db026bb96/in_use.lock acquired by nodename 57158@fv-az377-502
2023-03-09 15:02:43,636 [pool-1344-thread-1] INFO  storage.RaftStorage (RaftStorageImpl.java:format(96)) - Storage directory /home/runner/work/ozone/ozone/hadoop-ozone/integration-test/target/test-dir/MiniOzoneClusterImpl-0534e788-6c20-4d4d-bf72-3ffae63fff50/datanode-2/data/ratis/740719e3-0215-433d-bd11-470db026bb96 has been successfully formatted.
2023-03-09 15:02:43,645 [pool-1344-thread-1] INFO  ratis.ContainerStateMachine (ContainerStateMachine.java:loadSnapshot(240)) - group-470DB026BB96: The snapshot info is null. Setting the last applied indexto:(t:0, i:~)
2023-03-09 15:02:43,647 [pool-1344-thread-1] INFO  server.RaftServerConfigKeys (ConfUtils.java:logGet(46)) - raft.server.log.use.memory = false (default)
2023-03-09 15:02:43,648 [pool-1344-thread-1] INFO  server.RaftServerConfigKeys (ConfUtils.java:logGet(46)) - raft.server.log.purge.gap = 1000000 (custom)
2023-03-09 15:02:43,648 [pool-1344-thread-1] INFO  server.RaftServerConfigKeys (ConfUtils.java:logGet(46)) - raft.server.log.appender.buffer.byte-limit = 33554432 (custom)
2023-03-09 15:02:43,648 [pool-1344-thread-1] INFO  server.RaftServerConfigKeys (ConfUtils.java:logGet(46)) - raft.server.log.statemachine.data.read.timeout = 1000ms (default)
2023-03-09 15:02:43,648 [pool-1344-thread-1] INFO  server.RaftServerConfigKeys (ConfUtils.java:logGet(46)) - raft.server.log.purge.preservation.log.num = 0 (default)
2023-03-09 15:02:43,648 [pool-1344-thread-1] INFO  server.RaftServerConfigKeys (ConfUtils.java:logGet(46)) - raft.server.log.segment.size.max = 1048576 (custom)
2023-03-09 15:02:43,648 [pool-1344-thread-1] INFO  server.RaftServerConfigKeys (ConfUtils.java:logGet(46)) - raft.server.log.segment.cache.num.max = 2 (custom)
2023-03-09 15:02:43,649 [pool-1344-thread-1] INFO  server.RaftServerConfigKeys (ConfUtils.java:logGet(46)) - raft.server.log.segment.cache.size.max = 200MB (=209715200) (default)
2023-03-09 15:02:43,649 [pool-1344-thread-1] INFO  segmented.SegmentedRaftLogWorker (SegmentedRaftLogWorker.java:<init>(189)) - new ee096506-a68b-4f48-b344-eadbf7b61204@group-470DB026BB96-SegmentedRaftLogWorker for RaftStorageImpl:Storage Directory /home/runner/work/ozone/ozone/hadoop-ozone/integration-test/target/test-dir/MiniOzoneClusterImpl-0534e788-6c20-4d4d-bf72-3ffae63fff50/datanode-2/data/ratis/740719e3-0215-433d-bd11-470db026bb96
2023-03-09 15:02:43,649 [pool-1344-thread-1] INFO  server.RaftServerConfigKeys (ConfUtils.java:logGet(46)) - raft.server.log.queue.byte-limit = 4294967296 (custom)
2023-03-09 15:02:43,649 [pool-1344-thread-1] INFO  server.RaftServerConfigKeys (ConfUtils.java:logGet(46)) - raft.server.log.queue.element-limit = 1024 (custom)
2023-03-09 15:02:43,649 [pool-1344-thread-1] INFO  server.RaftServerConfigKeys (ConfUtils.java:logGet(46)) - raft.server.log.segment.size.max = 1048576 (custom)
2023-03-09 15:02:43,649 [pool-1344-thread-1] INFO  server.RaftServerConfigKeys (ConfUtils.java:logGet(46)) - raft.server.log.preallocated.size = 16384 (custom)
2023-03-09 15:02:43,649 [pool-1344-thread-1] INFO  server.RaftServerConfigKeys (ConfUtils.java:logGet(46)) - raft.server.log.force.sync.num = 128 (default)
2023-03-09 15:02:43,649 [pool-1344-thread-1] INFO  server.RaftServerConfigKeys (ConfUtils.java:logGet(46)) - raft.server.log.statemachine.data.sync = true (default)
2023-03-09 15:02:43,650 [pool-1344-thread-1] INFO  server.RaftServerConfigKeys (ConfUtils.java:logGet(46)) - raft.server.log.statemachine.data.sync.timeout = 10s (default)
2023-03-09 15:02:43,650 [pool-1344-thread-1] INFO  server.RaftServerConfigKeys (ConfUtils.java:logGet(46)) - raft.server.log.statemachine.data.sync.timeout.retry = -1 (default)
2023-03-09 15:02:43,651 [pool-1344-thread-1] INFO  server.RaftServerConfigKeys (ConfUtils.java:logGet(46)) - raft.server.log.write.buffer.size = 1048576 (custom)
2023-03-09 15:02:43,651 [pool-1344-thread-1] INFO  server.RaftServerConfigKeys (ConfUtils.java:logGet(46)) - raft.server.log.appender.buffer.byte-limit = 33554432 (custom)
2023-03-09 15:02:43,659 [pool-1344-thread-1] INFO  server.RaftServerConfigKeys (ConfUtils.java:logGet(46)) - raft.server.log.unsafe-flush.enabled = false (default)
2023-03-09 15:02:43,659 [pool-1344-thread-1] INFO  server.RaftServerConfigKeys (ConfUtils.java:logGet(46)) - raft.server.log.async-flush.enabled = false (default)
2023-03-09 15:02:43,659 [pool-1344-thread-1] INFO  server.RaftServerConfigKeys (ConfUtils.java:logGet(46)) - raft.server.log.statemachine.data.caching.enabled = true (custom)
2023-03-09 15:02:43,659 [pool-1344-thread-1] INFO  segmented.SegmentedRaftLogWorker (SegmentedRaftLogWorker.java:lambda$new$0(135)) - ee096506-a68b-4f48-b344-eadbf7b61204@group-470DB026BB96-SegmentedRaftLogWorker: flushIndex: setUnconditionally 0 -> -1
2023-03-09 15:02:43,660 [pool-1344-thread-1] INFO  segmented.SegmentedRaftLogWorker (SegmentedRaftLogWorker.java:lambda$new$0(135)) - ee096506-a68b-4f48-b344-eadbf7b61204@group-470DB026BB96-SegmentedRaftLogWorker: safeCacheEvictIndex: setUnconditionally 0 -> -1
2023-03-09 15:02:43,662 [pool-1344-thread-1] INFO  server.RaftServer$Division (RaftServerImpl.java:start(334)) - ee096506-a68b-4f48-b344-eadbf7b61204@group-470DB026BB96: start as a follower, conf=-1: peers:[b86bebd9-3a13-457a-9b1b-8645409d7c66|rpc:127.0.0.1:46729|dataStream:127.0.0.1:45541|priority:0|startupRole:FOLLOWER, ee096506-a68b-4f48-b344-eadbf7b61204|rpc:127.0.0.1:41907|dataStream:127.0.0.1:44575|priority:0|startupRole:FOLLOWER, 0518bc97-31d1-4d4f-b564-52717e813075|rpc:127.0.0.1:37345|dataStream:127.0.0.1:43931|priority:1|startupRole:FOLLOWER]|listeners:[], old=null
2023-03-09 15:02:43,662 [pool-1344-thread-1] INFO  server.RaftServer$Division (RaftServerImpl.java:setRole(321)) - ee096506-a68b-4f48-b344-eadbf7b61204@group-470DB026BB96: changes role from      null to FOLLOWER at term 0 for startAsFollower
2023-03-09 15:02:43,662 [pool-1344-thread-1] INFO  impl.RoleInfo (RoleInfo.java:updateAndGet(139)) - ee096506-a68b-4f48-b344-eadbf7b61204: start ee096506-a68b-4f48-b344-eadbf7b61204@group-470DB026BB96-FollowerState
2023-03-09 15:02:43,666 [pool-1344-thread-1] INFO  util.JmxRegister (JmxRegister.java:tryRegister(44)) - Successfully registered JMX Bean with object name Ratis:service=RaftServer,group=group-470DB026BB96,id=ee096506-a68b-4f48-b344-eadbf7b61204
2023-03-09 15:02:43,666 [pool-1344-thread-1] INFO  server.RaftServerConfigKeys (ConfUtils.java:logGet(46)) - raft.server.snapshot.auto.trigger.enabled = true (custom)
2023-03-09 15:02:43,666 [pool-1344-thread-1] INFO  server.RaftServerConfigKeys (ConfUtils.java:logGet(46)) - raft.server.snapshot.auto.trigger.threshold = 10000 (custom)
2023-03-09 15:02:43,666 [pool-1344-thread-1] INFO  server.RaftServerConfigKeys (ConfUtils.java:logGet(46)) - raft.server.snapshot.retention.file.num = 5 (custom)
2023-03-09 15:02:43,666 [pool-1344-thread-1] INFO  server.RaftServerConfigKeys (ConfUtils.java:logGet(46)) - raft.server.log.purge.upto.snapshot.index = false (default)
2023-03-09 15:02:43,667 [ee096506-a68b-4f48-b344-eadbf7b61204@group-470DB026BB96-FollowerState] INFO  server.RaftServerConfigKeys (ConfUtils.java:logFallback(53)) - raft.server.rpc.first-election.timeout.min = 5s (fallback to raft.server.rpc.timeout.min)
2023-03-09 15:02:43,667 [ee096506-a68b-4f48-b344-eadbf7b61204@group-470DB026BB96-FollowerState] INFO  server.RaftServerConfigKeys (ConfUtils.java:logFallback(53)) - raft.server.rpc.first-election.timeout.max = 5200ms (fallback to raft.server.rpc.timeout.max)
2023-03-09 15:02:43,682 [grpc-default-executor-15] INFO  server.RaftServer (RaftServerProxy.java:addNew(96)) - b86bebd9-3a13-457a-9b1b-8645409d7c66: addNew group-470DB026BB96:[b86bebd9-3a13-457a-9b1b-8645409d7c66|rpc:127.0.0.1:46729|dataStream:127.0.0.1:45541|priority:0|startupRole:FOLLOWER, ee096506-a68b-4f48-b344-eadbf7b61204|rpc:127.0.0.1:41907|dataStream:127.0.0.1:44575|priority:0|startupRole:FOLLOWER, 0518bc97-31d1-4d4f-b564-52717e813075|rpc:127.0.0.1:37345|dataStream:127.0.0.1:43931|priority:1|startupRole:FOLLOWER] returns group-470DB026BB96:java.util.concurrent.CompletableFuture@3750968b[Not completed]
2023-03-09 15:02:43,683 [pool-1322-thread-1] INFO  server.RaftServer$Division (RaftServerImpl.java:<init>(195)) - b86bebd9-3a13-457a-9b1b-8645409d7c66: new RaftServerImpl for group-470DB026BB96:[b86bebd9-3a13-457a-9b1b-8645409d7c66|rpc:127.0.0.1:46729|dataStream:127.0.0.1:45541|priority:0|startupRole:FOLLOWER, ee096506-a68b-4f48-b344-eadbf7b61204|rpc:127.0.0.1:41907|dataStream:127.0.0.1:44575|priority:0|startupRole:FOLLOWER, 0518bc97-31d1-4d4f-b564-52717e813075|rpc:127.0.0.1:37345|dataStream:127.0.0.1:43931|priority:1|startupRole:FOLLOWER] with ContainerStateMachine:uninitialized
2023-03-09 15:02:43,683 [pool-1322-thread-1] INFO  server.RaftServerConfigKeys (ConfUtils.java:logGet(46)) - raft.server.rpc.timeout.min = 5s (custom)
2023-03-09 15:02:43,683 [pool-1322-thread-1] INFO  server.RaftServerConfigKeys (ConfUtils.java:logGet(46)) - raft.server.rpc.timeout.max = 5200ms (custom)
2023-03-09 15:02:43,683 [pool-1322-thread-1] INFO  server.RaftServerConfigKeys (ConfUtils.java:logGet(46)) - raft.server.rpc.sleep.time = 25ms (default)
2023-03-09 15:02:43,683 [pool-1322-thread-1] INFO  server.RaftServerConfigKeys (ConfUtils.java:logGet(46)) - raft.server.rpc.slowness.timeout = 300s (custom)
2023-03-09 15:02:43,683 [pool-1322-thread-1] INFO  server.RaftServerConfigKeys (ConfUtils.java:logGet(46)) - raft.server.leaderelection.leader.step-down.wait-time = 10s (default)
2023-03-09 15:02:43,683 [pool-1322-thread-1] INFO  server.RaftServerConfigKeys (ConfUtils.java:logGet(46)) - raft.server.sleep.deviation.threshold = 300ms (default)
2023-03-09 15:02:43,683 [pool-1322-thread-1] INFO  server.RaftServer$Division (ServerState.java:<init>(118)) - b86bebd9-3a13-457a-9b1b-8645409d7c66@group-470DB026BB96: ConfigurationManager, init=-1: peers:[b86bebd9-3a13-457a-9b1b-8645409d7c66|rpc:127.0.0.1:46729|dataStream:127.0.0.1:45541|priority:0|startupRole:FOLLOWER, ee096506-a68b-4f48-b344-eadbf7b61204|rpc:127.0.0.1:41907|dataStream:127.0.0.1:44575|priority:0|startupRole:FOLLOWER, 0518bc97-31d1-4d4f-b564-52717e813075|rpc:127.0.0.1:37345|dataStream:127.0.0.1:43931|priority:1|startupRole:FOLLOWER]|listeners:[], old=null, confs=<EMPTY_MAP>
2023-03-09 15:02:43,683 [pool-1322-thread-1] INFO  server.RaftServerConfigKeys (ConfUtils.java:logGet(46)) - raft.server.storage.dir = [/home/runner/work/ozone/ozone/hadoop-ozone/integration-test/target/test-dir/MiniOzoneClusterImpl-0534e788-6c20-4d4d-bf72-3ffae63fff50/datanode-1/data/ratis] (custom)
2023-03-09 15:02:43,683 [pool-1322-thread-1] INFO  server.RaftServerConfigKeys (ConfUtils.java:logGet(46)) - raft.server.log.corruption.policy = EXCEPTION (default)
2023-03-09 15:02:43,684 [pool-1322-thread-1] INFO  server.RaftServerConfigKeys (ConfUtils.java:logGet(46)) - raft.server.storage.free-space.min = 0MB (=0) (default)
2023-03-09 15:02:43,684 [pool-1322-thread-1] INFO  server.RaftServerConfigKeys (ConfUtils.java:logGet(46)) - raft.server.notification.no-leader.timeout = 300s (custom)
2023-03-09 15:02:43,684 [pool-1322-thread-1] INFO  server.RaftServerConfigKeys (ConfUtils.java:logGet(46)) - raft.server.retrycache.expirytime = 600000ms (custom)
2023-03-09 15:02:43,684 [pool-1322-thread-1] INFO  server.RaftServerConfigKeys (ConfUtils.java:logGet(46)) - raft.server.retrycache.statistics.expirytime = 100μs (default)
2023-03-09 15:02:43,685 [pool-1322-thread-1] INFO  server.RaftServerConfigKeys (ConfUtils.java:logGet(46)) - raft.server.log.appender.install.snapshot.enabled = false (custom)
2023-03-09 15:02:43,685 [pool-1322-thread-1] INFO  server.RaftServerConfigKeys (ConfUtils.java:logGet(46)) - raft.server.threadpool.server.cached = true (default)
2023-03-09 15:02:43,685 [pool-1322-thread-1] INFO  server.RaftServerConfigKeys (ConfUtils.java:logGet(46)) - raft.server.threadpool.server.size = 0 (default)
2023-03-09 15:02:43,685 [pool-1322-thread-1] INFO  server.RaftServerConfigKeys (ConfUtils.java:logGet(46)) - raft.server.threadpool.client.cached = true (default)
2023-03-09 15:02:43,685 [pool-1322-thread-1] INFO  server.RaftServerConfigKeys (ConfUtils.java:logGet(46)) - raft.server.threadpool.client.size = 0 (default)
2023-03-09 15:02:43,685 [pool-1322-thread-1] INFO  storage.RaftStorageDirectory (RaftStorageDirectoryImpl.java:analyzeStorage(137)) - The storage directory /home/runner/work/ozone/ozone/hadoop-ozone/integration-test/target/test-dir/MiniOzoneClusterImpl-0534e788-6c20-4d4d-bf72-3ffae63fff50/datanode-1/data/ratis/740719e3-0215-433d-bd11-470db026bb96 does not exist. Creating ...
2023-03-09 15:02:43,687 [pool-1322-thread-1] INFO  storage.RaftStorageDirectory (RaftStorageDirectoryImpl.java:tryLock(231)) - Lock on /home/runner/work/ozone/ozone/hadoop-ozone/integration-test/target/test-dir/MiniOzoneClusterImpl-0534e788-6c20-4d4d-bf72-3ffae63fff50/datanode-1/data/ratis/740719e3-0215-433d-bd11-470db026bb96/in_use.lock acquired by nodename 57158@fv-az377-502
2023-03-09 15:02:43,689 [pool-1322-thread-1] INFO  storage.RaftStorage (RaftStorageImpl.java:format(96)) - Storage directory /home/runner/work/ozone/ozone/hadoop-ozone/integration-test/target/test-dir/MiniOzoneClusterImpl-0534e788-6c20-4d4d-bf72-3ffae63fff50/datanode-1/data/ratis/740719e3-0215-433d-bd11-470db026bb96 has been successfully formatted.
2023-03-09 15:02:43,691 [pool-1322-thread-1] INFO  ratis.ContainerStateMachine (ContainerStateMachine.java:loadSnapshot(240)) - group-470DB026BB96: The snapshot info is null. Setting the last applied indexto:(t:0, i:~)
2023-03-09 15:02:43,691 [pool-1322-thread-1] INFO  server.RaftServerConfigKeys (ConfUtils.java:logGet(46)) - raft.server.log.use.memory = false (default)
2023-03-09 15:02:43,691 [pool-1322-thread-1] INFO  server.RaftServerConfigKeys (ConfUtils.java:logGet(46)) - raft.server.log.purge.gap = 1000000 (custom)
2023-03-09 15:02:43,691 [pool-1322-thread-1] INFO  server.RaftServerConfigKeys (ConfUtils.java:logGet(46)) - raft.server.log.appender.buffer.byte-limit = 33554432 (custom)
2023-03-09 15:02:43,691 [pool-1322-thread-1] INFO  server.RaftServerConfigKeys (ConfUtils.java:logGet(46)) - raft.server.log.statemachine.data.read.timeout = 1000ms (default)
2023-03-09 15:02:43,691 [pool-1322-thread-1] INFO  server.RaftServerConfigKeys (ConfUtils.java:logGet(46)) - raft.server.log.purge.preservation.log.num = 0 (default)
2023-03-09 15:02:43,691 [pool-1322-thread-1] INFO  server.RaftServerConfigKeys (ConfUtils.java:logGet(46)) - raft.server.log.segment.size.max = 1048576 (custom)
2023-03-09 15:02:43,692 [pool-1322-thread-1] INFO  server.RaftServerConfigKeys (ConfUtils.java:logGet(46)) - raft.server.log.segment.cache.num.max = 2 (custom)
2023-03-09 15:02:43,693 [pool-1322-thread-1] INFO  server.RaftServerConfigKeys (ConfUtils.java:logGet(46)) - raft.server.log.segment.cache.size.max = 200MB (=209715200) (default)
2023-03-09 15:02:43,693 [pool-1322-thread-1] INFO  segmented.SegmentedRaftLogWorker (SegmentedRaftLogWorker.java:<init>(189)) - new b86bebd9-3a13-457a-9b1b-8645409d7c66@group-470DB026BB96-SegmentedRaftLogWorker for RaftStorageImpl:Storage Directory /home/runner/work/ozone/ozone/hadoop-ozone/integration-test/target/test-dir/MiniOzoneClusterImpl-0534e788-6c20-4d4d-bf72-3ffae63fff50/datanode-1/data/ratis/740719e3-0215-433d-bd11-470db026bb96
2023-03-09 15:02:43,693 [pool-1322-thread-1] INFO  server.RaftServerConfigKeys (ConfUtils.java:logGet(46)) - raft.server.log.queue.byte-limit = 4294967296 (custom)
2023-03-09 15:02:43,693 [pool-1322-thread-1] INFO  server.RaftServerConfigKeys (ConfUtils.java:logGet(46)) - raft.server.log.queue.element-limit = 1024 (custom)
2023-03-09 15:02:43,693 [pool-1322-thread-1] INFO  server.RaftServerConfigKeys (ConfUtils.java:logGet(46)) - raft.server.log.segment.size.max = 1048576 (custom)
2023-03-09 15:02:43,693 [pool-1322-thread-1] INFO  server.RaftServerConfigKeys (ConfUtils.java:logGet(46)) - raft.server.log.preallocated.size = 16384 (custom)
2023-03-09 15:02:43,693 [pool-1322-thread-1] INFO  server.RaftServerConfigKeys (ConfUtils.java:logGet(46)) - raft.server.log.force.sync.num = 128 (default)
2023-03-09 15:02:43,693 [pool-1322-thread-1] INFO  server.RaftServerConfigKeys (ConfUtils.java:logGet(46)) - raft.server.log.statemachine.data.sync = true (default)
2023-03-09 15:02:43,693 [pool-1322-thread-1] INFO  server.RaftServerConfigKeys (ConfUtils.java:logGet(46)) - raft.server.log.statemachine.data.sync.timeout = 10s (default)
2023-03-09 15:02:43,693 [pool-1322-thread-1] INFO  server.RaftServerConfigKeys (ConfUtils.java:logGet(46)) - raft.server.log.statemachine.data.sync.timeout.retry = -1 (default)
2023-03-09 15:02:43,694 [pool-1322-thread-1] INFO  server.RaftServerConfigKeys (ConfUtils.java:logGet(46)) - raft.server.log.write.buffer.size = 1048576 (custom)
2023-03-09 15:02:43,695 [pool-1322-thread-1] INFO  server.RaftServerConfigKeys (ConfUtils.java:logGet(46)) - raft.server.log.appender.buffer.byte-limit = 33554432 (custom)
2023-03-09 15:02:43,701 [pool-1322-thread-1] INFO  server.RaftServerConfigKeys (ConfUtils.java:logGet(46)) - raft.server.log.unsafe-flush.enabled = false (default)
2023-03-09 15:02:43,702 [pool-1322-thread-1] INFO  server.RaftServerConfigKeys (ConfUtils.java:logGet(46)) - raft.server.log.async-flush.enabled = false (default)
2023-03-09 15:02:43,702 [pool-1322-thread-1] INFO  server.RaftServerConfigKeys (ConfUtils.java:logGet(46)) - raft.server.log.statemachine.data.caching.enabled = true (custom)
2023-03-09 15:02:43,702 [pool-1322-thread-1] INFO  segmented.SegmentedRaftLogWorker (SegmentedRaftLogWorker.java:lambda$new$0(135)) - b86bebd9-3a13-457a-9b1b-8645409d7c66@group-470DB026BB96-SegmentedRaftLogWorker: flushIndex: setUnconditionally 0 -> -1
2023-03-09 15:02:43,702 [pool-1322-thread-1] INFO  segmented.SegmentedRaftLogWorker (SegmentedRaftLogWorker.java:lambda$new$0(135)) - b86bebd9-3a13-457a-9b1b-8645409d7c66@group-470DB026BB96-SegmentedRaftLogWorker: safeCacheEvictIndex: setUnconditionally 0 -> -1
2023-03-09 15:02:43,702 [pool-1322-thread-1] INFO  server.RaftServer$Division (RaftServerImpl.java:start(334)) - b86bebd9-3a13-457a-9b1b-8645409d7c66@group-470DB026BB96: start as a follower, conf=-1: peers:[b86bebd9-3a13-457a-9b1b-8645409d7c66|rpc:127.0.0.1:46729|dataStream:127.0.0.1:45541|priority:0|startupRole:FOLLOWER, ee096506-a68b-4f48-b344-eadbf7b61204|rpc:127.0.0.1:41907|dataStream:127.0.0.1:44575|priority:0|startupRole:FOLLOWER, 0518bc97-31d1-4d4f-b564-52717e813075|rpc:127.0.0.1:37345|dataStream:127.0.0.1:43931|priority:1|startupRole:FOLLOWER]|listeners:[], old=null
2023-03-09 15:02:43,702 [pool-1322-thread-1] INFO  server.RaftServer$Division (RaftServerImpl.java:setRole(321)) - b86bebd9-3a13-457a-9b1b-8645409d7c66@group-470DB026BB96: changes role from      null to FOLLOWER at term 0 for startAsFollower
2023-03-09 15:02:43,702 [pool-1322-thread-1] INFO  impl.RoleInfo (RoleInfo.java:updateAndGet(139)) - b86bebd9-3a13-457a-9b1b-8645409d7c66: start b86bebd9-3a13-457a-9b1b-8645409d7c66@group-470DB026BB96-FollowerState
2023-03-09 15:02:43,704 [pool-1322-thread-1] INFO  util.JmxRegister (JmxRegister.java:tryRegister(44)) - Successfully registered JMX Bean with object name Ratis:service=RaftServer,group=group-470DB026BB96,id=b86bebd9-3a13-457a-9b1b-8645409d7c66
2023-03-09 15:02:43,704 [pool-1322-thread-1] INFO  server.RaftServerConfigKeys (ConfUtils.java:logGet(46)) - raft.server.snapshot.auto.trigger.enabled = true (custom)
2023-03-09 15:02:43,705 [pool-1322-thread-1] INFO  server.RaftServerConfigKeys (ConfUtils.java:logGet(46)) - raft.server.snapshot.auto.trigger.threshold = 10000 (custom)
2023-03-09 15:02:43,705 [pool-1322-thread-1] INFO  server.RaftServerConfigKeys (ConfUtils.java:logGet(46)) - raft.server.snapshot.retention.file.num = 5 (custom)
2023-03-09 15:02:43,705 [pool-1322-thread-1] INFO  server.RaftServerConfigKeys (ConfUtils.java:logGet(46)) - raft.server.log.purge.upto.snapshot.index = false (default)
2023-03-09 15:02:43,705 [b86bebd9-3a13-457a-9b1b-8645409d7c66@group-470DB026BB96-FollowerState] INFO  server.RaftServerConfigKeys (ConfUtils.java:logFallback(53)) - raft.server.rpc.first-election.timeout.min = 5s (fallback to raft.server.rpc.timeout.min)
2023-03-09 15:02:43,705 [b86bebd9-3a13-457a-9b1b-8645409d7c66@group-470DB026BB96-FollowerState] INFO  server.RaftServerConfigKeys (ConfUtils.java:logFallback(53)) - raft.server.rpc.first-election.timeout.max = 5200ms (fallback to raft.server.rpc.timeout.max)
2023-03-09 15:02:43,720 [Command processor thread] INFO  commandhandler.CreatePipelineCommandHandler (CreatePipelineCommandHandler.java:handle(113)) - Created Pipeline RATIS THREE PipelineID=740719e3-0215-433d-bd11-470db026bb96.
2023-03-09 15:02:43,721 [Command processor thread] INFO  server.RaftServer (RaftServerProxy.java:addNew(96)) - 0518bc97-31d1-4d4f-b564-52717e813075: addNew group-70735C1B44CC:[b86bebd9-3a13-457a-9b1b-8645409d7c66|rpc:127.0.0.1:46729|dataStream:127.0.0.1:45541|priority:0|startupRole:FOLLOWER, ee096506-a68b-4f48-b344-eadbf7b61204|rpc:127.0.0.1:41907|dataStream:127.0.0.1:44575|priority:1|startupRole:FOLLOWER, 0518bc97-31d1-4d4f-b564-52717e813075|rpc:127.0.0.1:37345|dataStream:127.0.0.1:43931|priority:0|startupRole:FOLLOWER] returns group-70735C1B44CC:java.util.concurrent.CompletableFuture@465d16e5[Not completed]
2023-03-09 15:02:43,724 [pool-1300-thread-1] INFO  server.RaftServer$Division (RaftServerImpl.java:<init>(195)) - 0518bc97-31d1-4d4f-b564-52717e813075: new RaftServerImpl for group-70735C1B44CC:[b86bebd9-3a13-457a-9b1b-8645409d7c66|rpc:127.0.0.1:46729|dataStream:127.0.0.1:45541|priority:0|startupRole:FOLLOWER, ee096506-a68b-4f48-b344-eadbf7b61204|rpc:127.0.0.1:41907|dataStream:127.0.0.1:44575|priority:1|startupRole:FOLLOWER, 0518bc97-31d1-4d4f-b564-52717e813075|rpc:127.0.0.1:37345|dataStream:127.0.0.1:43931|priority:0|startupRole:FOLLOWER] with ContainerStateMachine:uninitialized
2023-03-09 15:02:43,724 [pool-1300-thread-1] INFO  server.RaftServerConfigKeys (ConfUtils.java:logGet(46)) - raft.server.rpc.timeout.min = 5s (custom)
2023-03-09 15:02:43,724 [pool-1300-thread-1] INFO  server.RaftServerConfigKeys (ConfUtils.java:logGet(46)) - raft.server.rpc.timeout.max = 5200ms (custom)
2023-03-09 15:02:43,724 [pool-1300-thread-1] INFO  server.RaftServerConfigKeys (ConfUtils.java:logGet(46)) - raft.server.rpc.sleep.time = 25ms (default)
2023-03-09 15:02:43,724 [pool-1300-thread-1] INFO  server.RaftServerConfigKeys (ConfUtils.java:logGet(46)) - raft.server.rpc.slowness.timeout = 300s (custom)
2023-03-09 15:02:43,725 [pool-1300-thread-1] INFO  server.RaftServerConfigKeys (ConfUtils.java:logGet(46)) - raft.server.leaderelection.leader.step-down.wait-time = 10s (default)
2023-03-09 15:02:43,725 [pool-1300-thread-1] INFO  server.RaftServerConfigKeys (ConfUtils.java:logGet(46)) - raft.server.sleep.deviation.threshold = 300ms (default)
2023-03-09 15:02:43,725 [pool-1300-thread-1] INFO  server.RaftServer$Division (ServerState.java:<init>(118)) - 0518bc97-31d1-4d4f-b564-52717e813075@group-70735C1B44CC: ConfigurationManager, init=-1: peers:[b86bebd9-3a13-457a-9b1b-8645409d7c66|rpc:127.0.0.1:46729|dataStream:127.0.0.1:45541|priority:0|startupRole:FOLLOWER, ee096506-a68b-4f48-b344-eadbf7b61204|rpc:127.0.0.1:41907|dataStream:127.0.0.1:44575|priority:1|startupRole:FOLLOWER, 0518bc97-31d1-4d4f-b564-52717e813075|rpc:127.0.0.1:37345|dataStream:127.0.0.1:43931|priority:0|startupRole:FOLLOWER]|listeners:[], old=null, confs=<EMPTY_MAP>
2023-03-09 15:02:43,725 [pool-1300-thread-1] INFO  server.RaftServerConfigKeys (ConfUtils.java:logGet(46)) - raft.server.storage.dir = [/home/runner/work/ozone/ozone/hadoop-ozone/integration-test/target/test-dir/MiniOzoneClusterImpl-0534e788-6c20-4d4d-bf72-3ffae63fff50/datanode-0/data/ratis] (custom)
2023-03-09 15:02:43,725 [pool-1300-thread-1] INFO  server.RaftServerConfigKeys (ConfUtils.java:logGet(46)) - raft.server.log.corruption.policy = EXCEPTION (default)
2023-03-09 15:02:43,725 [pool-1300-thread-1] INFO  server.RaftServerConfigKeys (ConfUtils.java:logGet(46)) - raft.server.storage.free-space.min = 0MB (=0) (default)
2023-03-09 15:02:43,725 [pool-1300-thread-1] INFO  server.RaftServerConfigKeys (ConfUtils.java:logGet(46)) - raft.server.notification.no-leader.timeout = 300s (custom)
2023-03-09 15:02:43,725 [pool-1300-thread-1] INFO  server.RaftServerConfigKeys (ConfUtils.java:logGet(46)) - raft.server.retrycache.expirytime = 600000ms (custom)
2023-03-09 15:02:43,725 [pool-1300-thread-1] INFO  server.RaftServerConfigKeys (ConfUtils.java:logGet(46)) - raft.server.retrycache.statistics.expirytime = 100μs (default)
2023-03-09 15:02:43,726 [pool-1300-thread-1] INFO  server.RaftServerConfigKeys (ConfUtils.java:logGet(46)) - raft.server.log.appender.install.snapshot.enabled = false (custom)
2023-03-09 15:02:43,726 [pool-1300-thread-1] INFO  server.RaftServerConfigKeys (ConfUtils.java:logGet(46)) - raft.server.threadpool.server.cached = true (default)
2023-03-09 15:02:43,726 [pool-1300-thread-1] INFO  server.RaftServerConfigKeys (ConfUtils.java:logGet(46)) - raft.server.threadpool.server.size = 0 (default)
2023-03-09 15:02:43,726 [pool-1300-thread-1] INFO  server.RaftServerConfigKeys (ConfUtils.java:logGet(46)) - raft.server.threadpool.client.cached = true (default)
2023-03-09 15:02:43,726 [pool-1300-thread-1] INFO  server.RaftServerConfigKeys (ConfUtils.java:logGet(46)) - raft.server.threadpool.client.size = 0 (default)
2023-03-09 15:02:43,727 [pool-1300-thread-1] INFO  storage.RaftStorageDirectory (RaftStorageDirectoryImpl.java:analyzeStorage(137)) - The storage directory /home/runner/work/ozone/ozone/hadoop-ozone/integration-test/target/test-dir/MiniOzoneClusterImpl-0534e788-6c20-4d4d-bf72-3ffae63fff50/datanode-0/data/ratis/e2499cd2-36da-4a0e-b3b5-70735c1b44cc does not exist. Creating ...
2023-03-09 15:02:43,728 [pool-1300-thread-1] INFO  storage.RaftStorageDirectory (RaftStorageDirectoryImpl.java:tryLock(231)) - Lock on /home/runner/work/ozone/ozone/hadoop-ozone/integration-test/target/test-dir/MiniOzoneClusterImpl-0534e788-6c20-4d4d-bf72-3ffae63fff50/datanode-0/data/ratis/e2499cd2-36da-4a0e-b3b5-70735c1b44cc/in_use.lock acquired by nodename 57158@fv-az377-502
2023-03-09 15:02:43,729 [pool-1300-thread-1] INFO  storage.RaftStorage (RaftStorageImpl.java:format(96)) - Storage directory /home/runner/work/ozone/ozone/hadoop-ozone/integration-test/target/test-dir/MiniOzoneClusterImpl-0534e788-6c20-4d4d-bf72-3ffae63fff50/datanode-0/data/ratis/e2499cd2-36da-4a0e-b3b5-70735c1b44cc has been successfully formatted.
2023-03-09 15:02:43,730 [pool-1300-thread-1] INFO  ratis.ContainerStateMachine (ContainerStateMachine.java:loadSnapshot(240)) - group-70735C1B44CC: The snapshot info is null. Setting the last applied indexto:(t:0, i:~)
2023-03-09 15:02:43,730 [pool-1300-thread-1] INFO  server.RaftServerConfigKeys (ConfUtils.java:logGet(46)) - raft.server.log.use.memory = false (default)
2023-03-09 15:02:43,730 [pool-1300-thread-1] INFO  server.RaftServerConfigKeys (ConfUtils.java:logGet(46)) - raft.server.log.purge.gap = 1000000 (custom)
2023-03-09 15:02:43,730 [pool-1300-thread-1] INFO  server.RaftServerConfigKeys (ConfUtils.java:logGet(46)) - raft.server.log.appender.buffer.byte-limit = 33554432 (custom)
2023-03-09 15:02:43,730 [pool-1300-thread-1] INFO  server.RaftServerConfigKeys (ConfUtils.java:logGet(46)) - raft.server.log.statemachine.data.read.timeout = 1000ms (default)
2023-03-09 15:02:43,730 [pool-1300-thread-1] INFO  server.RaftServerConfigKeys (ConfUtils.java:logGet(46)) - raft.server.log.purge.preservation.log.num = 0 (default)
2023-03-09 15:02:43,730 [pool-1300-thread-1] INFO  server.RaftServerConfigKeys (ConfUtils.java:logGet(46)) - raft.server.log.segment.size.max = 1048576 (custom)
2023-03-09 15:02:43,731 [EventQueue-OpenPipelineForHealthyPipelineSafeModeRule] INFO  safemode.SCMSafeModeManager (HealthyPipelineSafeModeRule.java:process(137)) - SCM in safe mode. Healthy pipelines reported count is 0, required healthy pipeline reported count is 1
2023-03-09 15:02:43,731 [EndpointStateMachine task thread for /127.0.0.1:33275 - 0 ] INFO  ipc.Client (Client.java:handleConnectionFailure(1010)) - Retrying connect to server: localhost/127.0.0.1:33275. Already tried 10 time(s); retry policy is RetryUpToMaximumCountWithFixedSleep(maxRetries=15, sleepTime=1000 MILLISECONDS)
2023-03-09 15:02:43,733 [pool-1300-thread-1] INFO  server.RaftServerConfigKeys (ConfUtils.java:logGet(46)) - raft.server.log.segment.cache.num.max = 2 (custom)
2023-03-09 15:02:43,733 [pool-1300-thread-1] INFO  server.RaftServerConfigKeys (ConfUtils.java:logGet(46)) - raft.server.log.segment.cache.size.max = 200MB (=209715200) (default)
2023-03-09 15:02:43,733 [pool-1300-thread-1] INFO  segmented.SegmentedRaftLogWorker (SegmentedRaftLogWorker.java:<init>(189)) - new 0518bc97-31d1-4d4f-b564-52717e813075@group-70735C1B44CC-SegmentedRaftLogWorker for RaftStorageImpl:Storage Directory /home/runner/work/ozone/ozone/hadoop-ozone/integration-test/target/test-dir/MiniOzoneClusterImpl-0534e788-6c20-4d4d-bf72-3ffae63fff50/datanode-0/data/ratis/e2499cd2-36da-4a0e-b3b5-70735c1b44cc
2023-03-09 15:02:43,733 [pool-1300-thread-1] INFO  server.RaftServerConfigKeys (ConfUtils.java:logGet(46)) - raft.server.log.queue.byte-limit = 4294967296 (custom)
2023-03-09 15:02:43,733 [pool-1300-thread-1] INFO  server.RaftServerConfigKeys (ConfUtils.java:logGet(46)) - raft.server.log.queue.element-limit = 1024 (custom)
2023-03-09 15:02:43,733 [pool-1300-thread-1] INFO  server.RaftServerConfigKeys (ConfUtils.java:logGet(46)) - raft.server.log.segment.size.max = 1048576 (custom)
2023-03-09 15:02:43,733 [pool-1300-thread-1] INFO  server.RaftServerConfigKeys (ConfUtils.java:logGet(46)) - raft.server.log.preallocated.size = 16384 (custom)
2023-03-09 15:02:43,733 [pool-1300-thread-1] INFO  server.RaftServerConfigKeys (ConfUtils.java:logGet(46)) - raft.server.log.force.sync.num = 128 (default)
2023-03-09 15:02:43,733 [pool-1300-thread-1] INFO  server.RaftServerConfigKeys (ConfUtils.java:logGet(46)) - raft.server.log.statemachine.data.sync = true (default)
2023-03-09 15:02:43,733 [pool-1300-thread-1] INFO  server.RaftServerConfigKeys (ConfUtils.java:logGet(46)) - raft.server.log.statemachine.data.sync.timeout = 10s (default)
2023-03-09 15:02:43,733 [pool-1300-thread-1] INFO  server.RaftServerConfigKeys (ConfUtils.java:logGet(46)) - raft.server.log.statemachine.data.sync.timeout.retry = -1 (default)
2023-03-09 15:02:43,734 [pool-1300-thread-1] INFO  server.RaftServerConfigKeys (ConfUtils.java:logGet(46)) - raft.server.log.write.buffer.size = 1048576 (custom)
2023-03-09 15:02:43,734 [pool-1300-thread-1] INFO  server.RaftServerConfigKeys (ConfUtils.java:logGet(46)) - raft.server.log.appender.buffer.byte-limit = 33554432 (custom)
2023-03-09 15:02:43,740 [pool-1300-thread-1] INFO  server.RaftServerConfigKeys (ConfUtils.java:logGet(46)) - raft.server.log.unsafe-flush.enabled = false (default)
2023-03-09 15:02:43,740 [pool-1300-thread-1] INFO  server.RaftServerConfigKeys (ConfUtils.java:logGet(46)) - raft.server.log.async-flush.enabled = false (default)
2023-03-09 15:02:43,740 [pool-1300-thread-1] INFO  server.RaftServerConfigKeys (ConfUtils.java:logGet(46)) - raft.server.log.statemachine.data.caching.enabled = true (custom)
2023-03-09 15:02:43,741 [pool-1300-thread-1] INFO  segmented.SegmentedRaftLogWorker (SegmentedRaftLogWorker.java:lambda$new$0(135)) - 0518bc97-31d1-4d4f-b564-52717e813075@group-70735C1B44CC-SegmentedRaftLogWorker: flushIndex: setUnconditionally 0 -> -1
2023-03-09 15:02:43,741 [pool-1300-thread-1] INFO  segmented.SegmentedRaftLogWorker (SegmentedRaftLogWorker.java:lambda$new$0(135)) - 0518bc97-31d1-4d4f-b564-52717e813075@group-70735C1B44CC-SegmentedRaftLogWorker: safeCacheEvictIndex: setUnconditionally 0 -> -1
2023-03-09 15:02:43,741 [pool-1300-thread-1] INFO  server.RaftServer$Division (RaftServerImpl.java:start(334)) - 0518bc97-31d1-4d4f-b564-52717e813075@group-70735C1B44CC: start as a follower, conf=-1: peers:[b86bebd9-3a13-457a-9b1b-8645409d7c66|rpc:127.0.0.1:46729|dataStream:127.0.0.1:45541|priority:0|startupRole:FOLLOWER, ee096506-a68b-4f48-b344-eadbf7b61204|rpc:127.0.0.1:41907|dataStream:127.0.0.1:44575|priority:1|startupRole:FOLLOWER, 0518bc97-31d1-4d4f-b564-52717e813075|rpc:127.0.0.1:37345|dataStream:127.0.0.1:43931|priority:0|startupRole:FOLLOWER]|listeners:[], old=null
2023-03-09 15:02:43,741 [pool-1300-thread-1] INFO  server.RaftServer$Division (RaftServerImpl.java:setRole(321)) - 0518bc97-31d1-4d4f-b564-52717e813075@group-70735C1B44CC: changes role from      null to FOLLOWER at term 0 for startAsFollower
2023-03-09 15:02:43,741 [pool-1300-thread-1] INFO  impl.RoleInfo (RoleInfo.java:updateAndGet(139)) - 0518bc97-31d1-4d4f-b564-52717e813075: start 0518bc97-31d1-4d4f-b564-52717e813075@group-70735C1B44CC-FollowerState
2023-03-09 15:02:43,742 [pool-1300-thread-1] INFO  util.JmxRegister (JmxRegister.java:tryRegister(44)) - Successfully registered JMX Bean with object name Ratis:service=RaftServer,group=group-70735C1B44CC,id=0518bc97-31d1-4d4f-b564-52717e813075
2023-03-09 15:02:43,742 [pool-1300-thread-1] INFO  server.RaftServerConfigKeys (ConfUtils.java:logGet(46)) - raft.server.snapshot.auto.trigger.enabled = true (custom)
2023-03-09 15:02:43,742 [pool-1300-thread-1] INFO  server.RaftServerConfigKeys (ConfUtils.java:logGet(46)) - raft.server.snapshot.auto.trigger.threshold = 10000 (custom)
2023-03-09 15:02:43,742 [pool-1300-thread-1] INFO  server.RaftServerConfigKeys (ConfUtils.java:logGet(46)) - raft.server.snapshot.retention.file.num = 5 (custom)
2023-03-09 15:02:43,742 [pool-1300-thread-1] INFO  server.RaftServerConfigKeys (ConfUtils.java:logGet(46)) - raft.server.log.purge.upto.snapshot.index = false (default)
2023-03-09 15:02:43,743 [0518bc97-31d1-4d4f-b564-52717e813075@group-70735C1B44CC-FollowerState] INFO  server.RaftServerConfigKeys (ConfUtils.java:logFallback(53)) - raft.server.rpc.first-election.timeout.min = 5s (fallback to raft.server.rpc.timeout.min)
2023-03-09 15:02:43,743 [0518bc97-31d1-4d4f-b564-52717e813075@group-70735C1B44CC-FollowerState] INFO  server.RaftServerConfigKeys (ConfUtils.java:logFallback(53)) - raft.server.rpc.first-election.timeout.max = 5200ms (fallback to raft.server.rpc.timeout.max)
2023-03-09 15:02:43,743 [Command processor thread] INFO  ratis.XceiverServerRatis (XceiverServerRatis.java:addGroup(807)) - Created group PipelineID=e2499cd2-36da-4a0e-b3b5-70735c1b44cc
2023-03-09 15:02:43,757 [grpc-default-executor-15] INFO  server.RaftServer (RaftServerProxy.java:addNew(96)) - ee096506-a68b-4f48-b344-eadbf7b61204: addNew group-70735C1B44CC:[b86bebd9-3a13-457a-9b1b-8645409d7c66|rpc:127.0.0.1:46729|dataStream:127.0.0.1:45541|priority:0|startupRole:FOLLOWER, ee096506-a68b-4f48-b344-eadbf7b61204|rpc:127.0.0.1:41907|dataStream:127.0.0.1:44575|priority:1|startupRole:FOLLOWER, 0518bc97-31d1-4d4f-b564-52717e813075|rpc:127.0.0.1:37345|dataStream:127.0.0.1:43931|priority:0|startupRole:FOLLOWER] returns group-70735C1B44CC:java.util.concurrent.CompletableFuture@73b93826[Not completed]
2023-03-09 15:02:43,757 [pool-1344-thread-1] INFO  server.RaftServer$Division (RaftServerImpl.java:<init>(195)) - ee096506-a68b-4f48-b344-eadbf7b61204: new RaftServerImpl for group-70735C1B44CC:[b86bebd9-3a13-457a-9b1b-8645409d7c66|rpc:127.0.0.1:46729|dataStream:127.0.0.1:45541|priority:0|startupRole:FOLLOWER, ee096506-a68b-4f48-b344-eadbf7b61204|rpc:127.0.0.1:41907|dataStream:127.0.0.1:44575|priority:1|startupRole:FOLLOWER, 0518bc97-31d1-4d4f-b564-52717e813075|rpc:127.0.0.1:37345|dataStream:127.0.0.1:43931|priority:0|startupRole:FOLLOWER] with ContainerStateMachine:uninitialized
2023-03-09 15:02:43,757 [pool-1344-thread-1] INFO  server.RaftServerConfigKeys (ConfUtils.java:logGet(46)) - raft.server.rpc.timeout.min = 5s (custom)
2023-03-09 15:02:43,757 [pool-1344-thread-1] INFO  server.RaftServerConfigKeys (ConfUtils.java:logGet(46)) - raft.server.rpc.timeout.max = 5200ms (custom)
2023-03-09 15:02:43,758 [pool-1344-thread-1] INFO  server.RaftServerConfigKeys (ConfUtils.java:logGet(46)) - raft.server.rpc.sleep.time = 25ms (default)
2023-03-09 15:02:43,758 [pool-1344-thread-1] INFO  server.RaftServerConfigKeys (ConfUtils.java:logGet(46)) - raft.server.rpc.slowness.timeout = 300s (custom)
2023-03-09 15:02:43,758 [pool-1344-thread-1] INFO  server.RaftServerConfigKeys (ConfUtils.java:logGet(46)) - raft.server.leaderelection.leader.step-down.wait-time = 10s (default)
2023-03-09 15:02:43,758 [pool-1344-thread-1] INFO  server.RaftServerConfigKeys (ConfUtils.java:logGet(46)) - raft.server.sleep.deviation.threshold = 300ms (default)
2023-03-09 15:02:43,758 [pool-1344-thread-1] INFO  server.RaftServer$Division (ServerState.java:<init>(118)) - ee096506-a68b-4f48-b344-eadbf7b61204@group-70735C1B44CC: ConfigurationManager, init=-1: peers:[b86bebd9-3a13-457a-9b1b-8645409d7c66|rpc:127.0.0.1:46729|dataStream:127.0.0.1:45541|priority:0|startupRole:FOLLOWER, ee096506-a68b-4f48-b344-eadbf7b61204|rpc:127.0.0.1:41907|dataStream:127.0.0.1:44575|priority:1|startupRole:FOLLOWER, 0518bc97-31d1-4d4f-b564-52717e813075|rpc:127.0.0.1:37345|dataStream:127.0.0.1:43931|priority:0|startupRole:FOLLOWER]|listeners:[], old=null, confs=<EMPTY_MAP>
2023-03-09 15:02:43,758 [pool-1344-thread-1] INFO  server.RaftServerConfigKeys (ConfUtils.java:logGet(46)) - raft.server.storage.dir = [/home/runner/work/ozone/ozone/hadoop-ozone/integration-test/target/test-dir/MiniOzoneClusterImpl-0534e788-6c20-4d4d-bf72-3ffae63fff50/datanode-2/data/ratis] (custom)
2023-03-09 15:02:43,758 [pool-1344-thread-1] INFO  server.RaftServerConfigKeys (ConfUtils.java:logGet(46)) - raft.server.log.corruption.policy = EXCEPTION (default)
2023-03-09 15:02:43,758 [pool-1344-thread-1] INFO  server.RaftServerConfigKeys (ConfUtils.java:logGet(46)) - raft.server.storage.free-space.min = 0MB (=0) (default)
2023-03-09 15:02:43,758 [pool-1344-thread-1] INFO  server.RaftServerConfigKeys (ConfUtils.java:logGet(46)) - raft.server.notification.no-leader.timeout = 300s (custom)
2023-03-09 15:02:43,758 [pool-1344-thread-1] INFO  server.RaftServerConfigKeys (ConfUtils.java:logGet(46)) - raft.server.retrycache.expirytime = 600000ms (custom)
2023-03-09 15:02:43,758 [pool-1344-thread-1] INFO  server.RaftServerConfigKeys (ConfUtils.java:logGet(46)) - raft.server.retrycache.statistics.expirytime = 100μs (default)
2023-03-09 15:02:43,759 [pool-1344-thread-1] INFO  server.RaftServerConfigKeys (ConfUtils.java:logGet(46)) - raft.server.log.appender.install.snapshot.enabled = false (custom)
2023-03-09 15:02:43,759 [pool-1344-thread-1] INFO  server.RaftServerConfigKeys (ConfUtils.java:logGet(46)) - raft.server.threadpool.server.cached = true (default)
2023-03-09 15:02:43,759 [pool-1344-thread-1] INFO  server.RaftServerConfigKeys (ConfUtils.java:logGet(46)) - raft.server.threadpool.server.size = 0 (default)
2023-03-09 15:02:43,759 [pool-1344-thread-1] INFO  server.RaftServerConfigKeys (ConfUtils.java:logGet(46)) - raft.server.threadpool.client.cached = true (default)
2023-03-09 15:02:43,759 [pool-1344-thread-1] INFO  server.RaftServerConfigKeys (ConfUtils.java:logGet(46)) - raft.server.threadpool.client.size = 0 (default)
2023-03-09 15:02:43,759 [pool-1344-thread-1] INFO  storage.RaftStorageDirectory (RaftStorageDirectoryImpl.java:analyzeStorage(137)) - The storage directory /home/runner/work/ozone/ozone/hadoop-ozone/integration-test/target/test-dir/MiniOzoneClusterImpl-0534e788-6c20-4d4d-bf72-3ffae63fff50/datanode-2/data/ratis/e2499cd2-36da-4a0e-b3b5-70735c1b44cc does not exist. Creating ...
2023-03-09 15:02:43,761 [pool-1344-thread-1] INFO  storage.RaftStorageDirectory (RaftStorageDirectoryImpl.java:tryLock(231)) - Lock on /home/runner/work/ozone/ozone/hadoop-ozone/integration-test/target/test-dir/MiniOzoneClusterImpl-0534e788-6c20-4d4d-bf72-3ffae63fff50/datanode-2/data/ratis/e2499cd2-36da-4a0e-b3b5-70735c1b44cc/in_use.lock acquired by nodename 57158@fv-az377-502
2023-03-09 15:02:43,762 [pool-1344-thread-1] INFO  storage.RaftStorage (RaftStorageImpl.java:format(96)) - Storage directory /home/runner/work/ozone/ozone/hadoop-ozone/integration-test/target/test-dir/MiniOzoneClusterImpl-0534e788-6c20-4d4d-bf72-3ffae63fff50/datanode-2/data/ratis/e2499cd2-36da-4a0e-b3b5-70735c1b44cc has been successfully formatted.
2023-03-09 15:02:43,762 [pool-1344-thread-1] INFO  ratis.ContainerStateMachine (ContainerStateMachine.java:loadSnapshot(240)) - group-70735C1B44CC: The snapshot info is null. Setting the last applied indexto:(t:0, i:~)
2023-03-09 15:02:43,762 [pool-1344-thread-1] INFO  server.RaftServerConfigKeys (ConfUtils.java:logGet(46)) - raft.server.log.use.memory = false (default)
2023-03-09 15:02:43,764 [pool-1344-thread-1] INFO  server.RaftServerConfigKeys (ConfUtils.java:logGet(46)) - raft.server.log.purge.gap = 1000000 (custom)
2023-03-09 15:02:43,764 [pool-1344-thread-1] INFO  server.RaftServerConfigKeys (ConfUtils.java:logGet(46)) - raft.server.log.appender.buffer.byte-limit = 33554432 (custom)
2023-03-09 15:02:43,764 [pool-1344-thread-1] INFO  server.RaftServerConfigKeys (ConfUtils.java:logGet(46)) - raft.server.log.statemachine.data.read.timeout = 1000ms (default)
2023-03-09 15:02:43,764 [pool-1344-thread-1] INFO  server.RaftServerConfigKeys (ConfUtils.java:logGet(46)) - raft.server.log.purge.preservation.log.num = 0 (default)
2023-03-09 15:02:43,765 [pool-1344-thread-1] INFO  server.RaftServerConfigKeys (ConfUtils.java:logGet(46)) - raft.server.log.segment.size.max = 1048576 (custom)
2023-03-09 15:02:43,765 [pool-1344-thread-1] INFO  server.RaftServerConfigKeys (ConfUtils.java:logGet(46)) - raft.server.log.segment.cache.num.max = 2 (custom)
2023-03-09 15:02:43,765 [pool-1344-thread-1] INFO  server.RaftServerConfigKeys (ConfUtils.java:logGet(46)) - raft.server.log.segment.cache.size.max = 200MB (=209715200) (default)
2023-03-09 15:02:43,765 [pool-1344-thread-1] INFO  segmented.SegmentedRaftLogWorker (SegmentedRaftLogWorker.java:<init>(189)) - new ee096506-a68b-4f48-b344-eadbf7b61204@group-70735C1B44CC-SegmentedRaftLogWorker for RaftStorageImpl:Storage Directory /home/runner/work/ozone/ozone/hadoop-ozone/integration-test/target/test-dir/MiniOzoneClusterImpl-0534e788-6c20-4d4d-bf72-3ffae63fff50/datanode-2/data/ratis/e2499cd2-36da-4a0e-b3b5-70735c1b44cc
2023-03-09 15:02:43,765 [pool-1344-thread-1] INFO  server.RaftServerConfigKeys (ConfUtils.java:logGet(46)) - raft.server.log.queue.byte-limit = 4294967296 (custom)
2023-03-09 15:02:43,765 [pool-1344-thread-1] INFO  server.RaftServerConfigKeys (ConfUtils.java:logGet(46)) - raft.server.log.queue.element-limit = 1024 (custom)
2023-03-09 15:02:43,765 [pool-1344-thread-1] INFO  server.RaftServerConfigKeys (ConfUtils.java:logGet(46)) - raft.server.log.segment.size.max = 1048576 (custom)
2023-03-09 15:02:43,765 [pool-1344-thread-1] INFO  server.RaftServerConfigKeys (ConfUtils.java:logGet(46)) - raft.server.log.preallocated.size = 16384 (custom)
2023-03-09 15:02:43,765 [pool-1344-thread-1] INFO  server.RaftServerConfigKeys (ConfUtils.java:logGet(46)) - raft.server.log.force.sync.num = 128 (default)
2023-03-09 15:02:43,765 [pool-1344-thread-1] INFO  server.RaftServerConfigKeys (ConfUtils.java:logGet(46)) - raft.server.log.statemachine.data.sync = true (default)
2023-03-09 15:02:43,765 [pool-1344-thread-1] INFO  server.RaftServerConfigKeys (ConfUtils.java:logGet(46)) - raft.server.log.statemachine.data.sync.timeout = 10s (default)
2023-03-09 15:02:43,765 [pool-1344-thread-1] INFO  server.RaftServerConfigKeys (ConfUtils.java:logGet(46)) - raft.server.log.statemachine.data.sync.timeout.retry = -1 (default)
2023-03-09 15:02:43,766 [pool-1344-thread-1] INFO  server.RaftServerConfigKeys (ConfUtils.java:logGet(46)) - raft.server.log.write.buffer.size = 1048576 (custom)
2023-03-09 15:02:43,766 [pool-1344-thread-1] INFO  server.RaftServerConfigKeys (ConfUtils.java:logGet(46)) - raft.server.log.appender.buffer.byte-limit = 33554432 (custom)
2023-03-09 15:02:43,774 [pool-1344-thread-1] INFO  server.RaftServerConfigKeys (ConfUtils.java:logGet(46)) - raft.server.log.unsafe-flush.enabled = false (default)
2023-03-09 15:02:43,774 [pool-1344-thread-1] INFO  server.RaftServerConfigKeys (ConfUtils.java:logGet(46)) - raft.server.log.async-flush.enabled = false (default)
2023-03-09 15:02:43,774 [pool-1344-thread-1] INFO  server.RaftServerConfigKeys (ConfUtils.java:logGet(46)) - raft.server.log.statemachine.data.caching.enabled = true (custom)
2023-03-09 15:02:43,774 [pool-1344-thread-1] INFO  segmented.SegmentedRaftLogWorker (SegmentedRaftLogWorker.java:lambda$new$0(135)) - ee096506-a68b-4f48-b344-eadbf7b61204@group-70735C1B44CC-SegmentedRaftLogWorker: flushIndex: setUnconditionally 0 -> -1
2023-03-09 15:02:43,774 [pool-1344-thread-1] INFO  segmented.SegmentedRaftLogWorker (SegmentedRaftLogWorker.java:lambda$new$0(135)) - ee096506-a68b-4f48-b344-eadbf7b61204@group-70735C1B44CC-SegmentedRaftLogWorker: safeCacheEvictIndex: setUnconditionally 0 -> -1
2023-03-09 15:02:43,786 [pool-1344-thread-1] INFO  server.RaftServer$Division (RaftServerImpl.java:start(334)) - ee096506-a68b-4f48-b344-eadbf7b61204@group-70735C1B44CC: start as a follower, conf=-1: peers:[b86bebd9-3a13-457a-9b1b-8645409d7c66|rpc:127.0.0.1:46729|dataStream:127.0.0.1:45541|priority:0|startupRole:FOLLOWER, ee096506-a68b-4f48-b344-eadbf7b61204|rpc:127.0.0.1:41907|dataStream:127.0.0.1:44575|priority:1|startupRole:FOLLOWER, 0518bc97-31d1-4d4f-b564-52717e813075|rpc:127.0.0.1:37345|dataStream:127.0.0.1:43931|priority:0|startupRole:FOLLOWER]|listeners:[], old=null
2023-03-09 15:02:43,786 [pool-1344-thread-1] INFO  server.RaftServer$Division (RaftServerImpl.java:setRole(321)) - ee096506-a68b-4f48-b344-eadbf7b61204@group-70735C1B44CC: changes role from      null to FOLLOWER at term 0 for startAsFollower
2023-03-09 15:02:43,786 [pool-1344-thread-1] INFO  impl.RoleInfo (RoleInfo.java:updateAndGet(139)) - ee096506-a68b-4f48-b344-eadbf7b61204: start ee096506-a68b-4f48-b344-eadbf7b61204@group-70735C1B44CC-FollowerState
2023-03-09 15:02:43,786 [pool-1344-thread-1] INFO  util.JmxRegister (JmxRegister.java:tryRegister(44)) - Successfully registered JMX Bean with object name Ratis:service=RaftServer,group=group-70735C1B44CC,id=ee096506-a68b-4f48-b344-eadbf7b61204
2023-03-09 15:02:43,786 [pool-1344-thread-1] INFO  server.RaftServerConfigKeys (ConfUtils.java:logGet(46)) - raft.server.snapshot.auto.trigger.enabled = true (custom)
2023-03-09 15:02:43,787 [pool-1344-thread-1] INFO  server.RaftServerConfigKeys (ConfUtils.java:logGet(46)) - raft.server.snapshot.auto.trigger.threshold = 10000 (custom)
2023-03-09 15:02:43,787 [pool-1344-thread-1] INFO  server.RaftServerConfigKeys (ConfUtils.java:logGet(46)) - raft.server.snapshot.retention.file.num = 5 (custom)
2023-03-09 15:02:43,787 [pool-1344-thread-1] INFO  server.RaftServerConfigKeys (ConfUtils.java:logGet(46)) - raft.server.log.purge.upto.snapshot.index = false (default)
2023-03-09 15:02:43,787 [ee096506-a68b-4f48-b344-eadbf7b61204@group-70735C1B44CC-FollowerState] INFO  server.RaftServerConfigKeys (ConfUtils.java:logFallback(53)) - raft.server.rpc.first-election.timeout.min = 5s (fallback to raft.server.rpc.timeout.min)
2023-03-09 15:02:43,787 [ee096506-a68b-4f48-b344-eadbf7b61204@group-70735C1B44CC-FollowerState] INFO  server.RaftServerConfigKeys (ConfUtils.java:logFallback(53)) - raft.server.rpc.first-election.timeout.max = 5200ms (fallback to raft.server.rpc.timeout.max)
2023-03-09 15:02:43,810 [grpc-default-executor-15] INFO  server.RaftServer (RaftServerProxy.java:addNew(96)) - b86bebd9-3a13-457a-9b1b-8645409d7c66: addNew group-70735C1B44CC:[b86bebd9-3a13-457a-9b1b-8645409d7c66|rpc:127.0.0.1:46729|dataStream:127.0.0.1:45541|priority:0|startupRole:FOLLOWER, ee096506-a68b-4f48-b344-eadbf7b61204|rpc:127.0.0.1:41907|dataStream:127.0.0.1:44575|priority:1|startupRole:FOLLOWER, 0518bc97-31d1-4d4f-b564-52717e813075|rpc:127.0.0.1:37345|dataStream:127.0.0.1:43931|priority:0|startupRole:FOLLOWER] returns group-70735C1B44CC:java.util.concurrent.CompletableFuture@377f73e2[Not completed]
2023-03-09 15:02:43,811 [pool-1322-thread-1] INFO  server.RaftServer$Division (RaftServerImpl.java:<init>(195)) - b86bebd9-3a13-457a-9b1b-8645409d7c66: new RaftServerImpl for group-70735C1B44CC:[b86bebd9-3a13-457a-9b1b-8645409d7c66|rpc:127.0.0.1:46729|dataStream:127.0.0.1:45541|priority:0|startupRole:FOLLOWER, ee096506-a68b-4f48-b344-eadbf7b61204|rpc:127.0.0.1:41907|dataStream:127.0.0.1:44575|priority:1|startupRole:FOLLOWER, 0518bc97-31d1-4d4f-b564-52717e813075|rpc:127.0.0.1:37345|dataStream:127.0.0.1:43931|priority:0|startupRole:FOLLOWER] with ContainerStateMachine:uninitialized
2023-03-09 15:02:43,811 [pool-1322-thread-1] INFO  server.RaftServerConfigKeys (ConfUtils.java:logGet(46)) - raft.server.rpc.timeout.min = 5s (custom)
2023-03-09 15:02:43,811 [pool-1322-thread-1] INFO  server.RaftServerConfigKeys (ConfUtils.java:logGet(46)) - raft.server.rpc.timeout.max = 5200ms (custom)
2023-03-09 15:02:43,811 [pool-1322-thread-1] INFO  server.RaftServerConfigKeys (ConfUtils.java:logGet(46)) - raft.server.rpc.sleep.time = 25ms (default)
2023-03-09 15:02:43,811 [pool-1322-thread-1] INFO  server.RaftServerConfigKeys (ConfUtils.java:logGet(46)) - raft.server.rpc.slowness.timeout = 300s (custom)
2023-03-09 15:02:43,811 [pool-1322-thread-1] INFO  server.RaftServerConfigKeys (ConfUtils.java:logGet(46)) - raft.server.leaderelection.leader.step-down.wait-time = 10s (default)
2023-03-09 15:02:43,811 [pool-1322-thread-1] INFO  server.RaftServerConfigKeys (ConfUtils.java:logGet(46)) - raft.server.sleep.deviation.threshold = 300ms (default)
2023-03-09 15:02:43,812 [pool-1322-thread-1] INFO  server.RaftServer$Division (ServerState.java:<init>(118)) - b86bebd9-3a13-457a-9b1b-8645409d7c66@group-70735C1B44CC: ConfigurationManager, init=-1: peers:[b86bebd9-3a13-457a-9b1b-8645409d7c66|rpc:127.0.0.1:46729|dataStream:127.0.0.1:45541|priority:0|startupRole:FOLLOWER, ee096506-a68b-4f48-b344-eadbf7b61204|rpc:127.0.0.1:41907|dataStream:127.0.0.1:44575|priority:1|startupRole:FOLLOWER, 0518bc97-31d1-4d4f-b564-52717e813075|rpc:127.0.0.1:37345|dataStream:127.0.0.1:43931|priority:0|startupRole:FOLLOWER]|listeners:[], old=null, confs=<EMPTY_MAP>
2023-03-09 15:02:43,812 [pool-1322-thread-1] INFO  server.RaftServerConfigKeys (ConfUtils.java:logGet(46)) - raft.server.storage.dir = [/home/runner/work/ozone/ozone/hadoop-ozone/integration-test/target/test-dir/MiniOzoneClusterImpl-0534e788-6c20-4d4d-bf72-3ffae63fff50/datanode-1/data/ratis] (custom)
2023-03-09 15:02:43,812 [pool-1322-thread-1] INFO  server.RaftServerConfigKeys (ConfUtils.java:logGet(46)) - raft.server.log.corruption.policy = EXCEPTION (default)
2023-03-09 15:02:43,812 [pool-1322-thread-1] INFO  server.RaftServerConfigKeys (ConfUtils.java:logGet(46)) - raft.server.storage.free-space.min = 0MB (=0) (default)
2023-03-09 15:02:43,812 [pool-1322-thread-1] INFO  server.RaftServerConfigKeys (ConfUtils.java:logGet(46)) - raft.server.notification.no-leader.timeout = 300s (custom)
2023-03-09 15:02:43,812 [pool-1322-thread-1] INFO  server.RaftServerConfigKeys (ConfUtils.java:logGet(46)) - raft.server.retrycache.expirytime = 600000ms (custom)
2023-03-09 15:02:43,812 [pool-1322-thread-1] INFO  server.RaftServerConfigKeys (ConfUtils.java:logGet(46)) - raft.server.retrycache.statistics.expirytime = 100μs (default)
2023-03-09 15:02:43,813 [pool-1322-thread-1] INFO  server.RaftServerConfigKeys (ConfUtils.java:logGet(46)) - raft.server.log.appender.install.snapshot.enabled = false (custom)
2023-03-09 15:02:43,813 [pool-1322-thread-1] INFO  server.RaftServerConfigKeys (ConfUtils.java:logGet(46)) - raft.server.threadpool.server.cached = true (default)
2023-03-09 15:02:43,813 [pool-1322-thread-1] INFO  server.RaftServerConfigKeys (ConfUtils.java:logGet(46)) - raft.server.threadpool.server.size = 0 (default)
2023-03-09 15:02:43,813 [pool-1322-thread-1] INFO  server.RaftServerConfigKeys (ConfUtils.java:logGet(46)) - raft.server.threadpool.client.cached = true (default)
2023-03-09 15:02:43,813 [pool-1322-thread-1] INFO  server.RaftServerConfigKeys (ConfUtils.java:logGet(46)) - raft.server.threadpool.client.size = 0 (default)
2023-03-09 15:02:43,813 [pool-1322-thread-1] INFO  storage.RaftStorageDirectory (RaftStorageDirectoryImpl.java:analyzeStorage(137)) - The storage directory /home/runner/work/ozone/ozone/hadoop-ozone/integration-test/target/test-dir/MiniOzoneClusterImpl-0534e788-6c20-4d4d-bf72-3ffae63fff50/datanode-1/data/ratis/e2499cd2-36da-4a0e-b3b5-70735c1b44cc does not exist. Creating ...
2023-03-09 15:02:43,815 [pool-1322-thread-1] INFO  storage.RaftStorageDirectory (RaftStorageDirectoryImpl.java:tryLock(231)) - Lock on /home/runner/work/ozone/ozone/hadoop-ozone/integration-test/target/test-dir/MiniOzoneClusterImpl-0534e788-6c20-4d4d-bf72-3ffae63fff50/datanode-1/data/ratis/e2499cd2-36da-4a0e-b3b5-70735c1b44cc/in_use.lock acquired by nodename 57158@fv-az377-502
2023-03-09 15:02:43,817 [pool-1322-thread-1] INFO  storage.RaftStorage (RaftStorageImpl.java:format(96)) - Storage directory /home/runner/work/ozone/ozone/hadoop-ozone/integration-test/target/test-dir/MiniOzoneClusterImpl-0534e788-6c20-4d4d-bf72-3ffae63fff50/datanode-1/data/ratis/e2499cd2-36da-4a0e-b3b5-70735c1b44cc has been successfully formatted.
2023-03-09 15:02:43,820 [pool-1322-thread-1] INFO  ratis.ContainerStateMachine (ContainerStateMachine.java:loadSnapshot(240)) - group-70735C1B44CC: The snapshot info is null. Setting the last applied indexto:(t:0, i:~)
2023-03-09 15:02:43,820 [pool-1322-thread-1] INFO  server.RaftServerConfigKeys (ConfUtils.java:logGet(46)) - raft.server.log.use.memory = false (default)
2023-03-09 15:02:43,820 [pool-1322-thread-1] INFO  server.RaftServerConfigKeys (ConfUtils.java:logGet(46)) - raft.server.log.purge.gap = 1000000 (custom)
2023-03-09 15:02:43,820 [pool-1322-thread-1] INFO  server.RaftServerConfigKeys (ConfUtils.java:logGet(46)) - raft.server.log.appender.buffer.byte-limit = 33554432 (custom)
2023-03-09 15:02:43,820 [pool-1322-thread-1] INFO  server.RaftServerConfigKeys (ConfUtils.java:logGet(46)) - raft.server.log.statemachine.data.read.timeout = 1000ms (default)
2023-03-09 15:02:43,820 [pool-1322-thread-1] INFO  server.RaftServerConfigKeys (ConfUtils.java:logGet(46)) - raft.server.log.purge.preservation.log.num = 0 (default)
2023-03-09 15:02:43,820 [pool-1322-thread-1] INFO  server.RaftServerConfigKeys (ConfUtils.java:logGet(46)) - raft.server.log.segment.size.max = 1048576 (custom)
2023-03-09 15:02:43,821 [pool-1322-thread-1] INFO  server.RaftServerConfigKeys (ConfUtils.java:logGet(46)) - raft.server.log.segment.cache.num.max = 2 (custom)
2023-03-09 15:02:43,821 [pool-1322-thread-1] INFO  server.RaftServerConfigKeys (ConfUtils.java:logGet(46)) - raft.server.log.segment.cache.size.max = 200MB (=209715200) (default)
2023-03-09 15:02:43,821 [pool-1322-thread-1] INFO  segmented.SegmentedRaftLogWorker (SegmentedRaftLogWorker.java:<init>(189)) - new b86bebd9-3a13-457a-9b1b-8645409d7c66@group-70735C1B44CC-SegmentedRaftLogWorker for RaftStorageImpl:Storage Directory /home/runner/work/ozone/ozone/hadoop-ozone/integration-test/target/test-dir/MiniOzoneClusterImpl-0534e788-6c20-4d4d-bf72-3ffae63fff50/datanode-1/data/ratis/e2499cd2-36da-4a0e-b3b5-70735c1b44cc
2023-03-09 15:02:43,821 [pool-1322-thread-1] INFO  server.RaftServerConfigKeys (ConfUtils.java:logGet(46)) - raft.server.log.queue.byte-limit = 4294967296 (custom)
2023-03-09 15:02:43,821 [pool-1322-thread-1] INFO  server.RaftServerConfigKeys (ConfUtils.java:logGet(46)) - raft.server.log.queue.element-limit = 1024 (custom)
2023-03-09 15:02:43,821 [pool-1322-thread-1] INFO  server.RaftServerConfigKeys (ConfUtils.java:logGet(46)) - raft.server.log.segment.size.max = 1048576 (custom)
2023-03-09 15:02:43,821 [pool-1322-thread-1] INFO  server.RaftServerConfigKeys (ConfUtils.java:logGet(46)) - raft.server.log.preallocated.size = 16384 (custom)
2023-03-09 15:02:43,821 [pool-1322-thread-1] INFO  server.RaftServerConfigKeys (ConfUtils.java:logGet(46)) - raft.server.log.force.sync.num = 128 (default)
2023-03-09 15:02:43,821 [pool-1322-thread-1] INFO  server.RaftServerConfigKeys (ConfUtils.java:logGet(46)) - raft.server.log.statemachine.data.sync = true (default)
2023-03-09 15:02:43,821 [pool-1322-thread-1] INFO  server.RaftServerConfigKeys (ConfUtils.java:logGet(46)) - raft.server.log.statemachine.data.sync.timeout = 10s (default)
2023-03-09 15:02:43,821 [pool-1322-thread-1] INFO  server.RaftServerConfigKeys (ConfUtils.java:logGet(46)) - raft.server.log.statemachine.data.sync.timeout.retry = -1 (default)
2023-03-09 15:02:43,822 [pool-1322-thread-1] INFO  server.RaftServerConfigKeys (ConfUtils.java:logGet(46)) - raft.server.log.write.buffer.size = 1048576 (custom)
2023-03-09 15:02:43,823 [pool-1322-thread-1] INFO  server.RaftServerConfigKeys (ConfUtils.java:logGet(46)) - raft.server.log.appender.buffer.byte-limit = 33554432 (custom)
2023-03-09 15:02:43,829 [pool-1322-thread-1] INFO  server.RaftServerConfigKeys (ConfUtils.java:logGet(46)) - raft.server.log.unsafe-flush.enabled = false (default)
2023-03-09 15:02:43,829 [pool-1322-thread-1] INFO  server.RaftServerConfigKeys (ConfUtils.java:logGet(46)) - raft.server.log.async-flush.enabled = false (default)
2023-03-09 15:02:43,829 [pool-1322-thread-1] INFO  server.RaftServerConfigKeys (ConfUtils.java:logGet(46)) - raft.server.log.statemachine.data.caching.enabled = true (custom)
2023-03-09 15:02:43,829 [pool-1322-thread-1] INFO  segmented.SegmentedRaftLogWorker (SegmentedRaftLogWorker.java:lambda$new$0(135)) - b86bebd9-3a13-457a-9b1b-8645409d7c66@group-70735C1B44CC-SegmentedRaftLogWorker: flushIndex: setUnconditionally 0 -> -1
2023-03-09 15:02:43,829 [pool-1322-thread-1] INFO  segmented.SegmentedRaftLogWorker (SegmentedRaftLogWorker.java:lambda$new$0(135)) - b86bebd9-3a13-457a-9b1b-8645409d7c66@group-70735C1B44CC-SegmentedRaftLogWorker: safeCacheEvictIndex: setUnconditionally 0 -> -1
2023-03-09 15:02:43,830 [pool-1322-thread-1] INFO  server.RaftServer$Division (RaftServerImpl.java:start(334)) - b86bebd9-3a13-457a-9b1b-8645409d7c66@group-70735C1B44CC: start as a follower, conf=-1: peers:[b86bebd9-3a13-457a-9b1b-8645409d7c66|rpc:127.0.0.1:46729|dataStream:127.0.0.1:45541|priority:0|startupRole:FOLLOWER, ee096506-a68b-4f48-b344-eadbf7b61204|rpc:127.0.0.1:41907|dataStream:127.0.0.1:44575|priority:1|startupRole:FOLLOWER, 0518bc97-31d1-4d4f-b564-52717e813075|rpc:127.0.0.1:37345|dataStream:127.0.0.1:43931|priority:0|startupRole:FOLLOWER]|listeners:[], old=null
2023-03-09 15:02:43,830 [pool-1322-thread-1] INFO  server.RaftServer$Division (RaftServerImpl.java:setRole(321)) - b86bebd9-3a13-457a-9b1b-8645409d7c66@group-70735C1B44CC: changes role from      null to FOLLOWER at term 0 for startAsFollower
2023-03-09 15:02:43,830 [pool-1322-thread-1] INFO  impl.RoleInfo (RoleInfo.java:updateAndGet(139)) - b86bebd9-3a13-457a-9b1b-8645409d7c66: start b86bebd9-3a13-457a-9b1b-8645409d7c66@group-70735C1B44CC-FollowerState
2023-03-09 15:02:43,834 [pool-1322-thread-1] INFO  util.JmxRegister (JmxRegister.java:tryRegister(44)) - Successfully registered JMX Bean with object name Ratis:service=RaftServer,group=group-70735C1B44CC,id=b86bebd9-3a13-457a-9b1b-8645409d7c66
2023-03-09 15:02:43,834 [pool-1322-thread-1] INFO  server.RaftServerConfigKeys (ConfUtils.java:logGet(46)) - raft.server.snapshot.auto.trigger.enabled = true (custom)
2023-03-09 15:02:43,834 [pool-1322-thread-1] INFO  server.RaftServerConfigKeys (ConfUtils.java:logGet(46)) - raft.server.snapshot.auto.trigger.threshold = 10000 (custom)
2023-03-09 15:02:43,834 [pool-1322-thread-1] INFO  server.RaftServerConfigKeys (ConfUtils.java:logGet(46)) - raft.server.snapshot.retention.file.num = 5 (custom)
2023-03-09 15:02:43,834 [pool-1322-thread-1] INFO  server.RaftServerConfigKeys (ConfUtils.java:logGet(46)) - raft.server.log.purge.upto.snapshot.index = false (default)
2023-03-09 15:02:43,835 [b86bebd9-3a13-457a-9b1b-8645409d7c66@group-70735C1B44CC-FollowerState] INFO  server.RaftServerConfigKeys (ConfUtils.java:logFallback(53)) - raft.server.rpc.first-election.timeout.min = 5s (fallback to raft.server.rpc.timeout.min)
2023-03-09 15:02:43,835 [b86bebd9-3a13-457a-9b1b-8645409d7c66@group-70735C1B44CC-FollowerState] INFO  server.RaftServerConfigKeys (ConfUtils.java:logFallback(53)) - raft.server.rpc.first-election.timeout.max = 5200ms (fallback to raft.server.rpc.timeout.max)
2023-03-09 15:02:43,843 [Command processor thread] INFO  commandhandler.CreatePipelineCommandHandler (CreatePipelineCommandHandler.java:handle(113)) - Created Pipeline RATIS THREE PipelineID=e2499cd2-36da-4a0e-b3b5-70735c1b44cc.
2023-03-09 15:02:43,990 [Command processor thread] INFO  server.RaftServer (RaftServerProxy.java:addNew(96)) - b86bebd9-3a13-457a-9b1b-8645409d7c66: addNew group-FF96C4C29D8B:[b86bebd9-3a13-457a-9b1b-8645409d7c66|rpc:127.0.0.1:46729|dataStream:127.0.0.1:45541|priority:1|startupRole:FOLLOWER] returns group-FF96C4C29D8B:java.util.concurrent.CompletableFuture@42715f0d[Not completed]
2023-03-09 15:02:43,991 [pool-1322-thread-1] INFO  server.RaftServer$Division (RaftServerImpl.java:<init>(195)) - b86bebd9-3a13-457a-9b1b-8645409d7c66: new RaftServerImpl for group-FF96C4C29D8B:[b86bebd9-3a13-457a-9b1b-8645409d7c66|rpc:127.0.0.1:46729|dataStream:127.0.0.1:45541|priority:1|startupRole:FOLLOWER] with ContainerStateMachine:uninitialized
2023-03-09 15:02:43,991 [pool-1322-thread-1] INFO  server.RaftServerConfigKeys (ConfUtils.java:logGet(46)) - raft.server.rpc.timeout.min = 5s (custom)
2023-03-09 15:02:43,991 [pool-1322-thread-1] INFO  server.RaftServerConfigKeys (ConfUtils.java:logGet(46)) - raft.server.rpc.timeout.max = 5200ms (custom)
2023-03-09 15:02:43,992 [pool-1322-thread-1] INFO  server.RaftServerConfigKeys (ConfUtils.java:logGet(46)) - raft.server.rpc.sleep.time = 25ms (default)
2023-03-09 15:02:43,992 [pool-1322-thread-1] INFO  server.RaftServerConfigKeys (ConfUtils.java:logGet(46)) - raft.server.rpc.slowness.timeout = 300s (custom)
2023-03-09 15:02:43,992 [pool-1322-thread-1] INFO  server.RaftServerConfigKeys (ConfUtils.java:logGet(46)) - raft.server.leaderelection.leader.step-down.wait-time = 10s (default)
2023-03-09 15:02:43,992 [pool-1322-thread-1] INFO  server.RaftServerConfigKeys (ConfUtils.java:logGet(46)) - raft.server.sleep.deviation.threshold = 300ms (default)
2023-03-09 15:02:43,992 [pool-1322-thread-1] INFO  server.RaftServer$Division (ServerState.java:<init>(118)) - b86bebd9-3a13-457a-9b1b-8645409d7c66@group-FF96C4C29D8B: ConfigurationManager, init=-1: peers:[b86bebd9-3a13-457a-9b1b-8645409d7c66|rpc:127.0.0.1:46729|dataStream:127.0.0.1:45541|priority:1|startupRole:FOLLOWER]|listeners:[], old=null, confs=<EMPTY_MAP>
2023-03-09 15:02:43,992 [pool-1322-thread-1] INFO  server.RaftServerConfigKeys (ConfUtils.java:logGet(46)) - raft.server.storage.dir = [/home/runner/work/ozone/ozone/hadoop-ozone/integration-test/target/test-dir/MiniOzoneClusterImpl-0534e788-6c20-4d4d-bf72-3ffae63fff50/datanode-1/data/ratis] (custom)
2023-03-09 15:02:43,992 [pool-1322-thread-1] INFO  server.RaftServerConfigKeys (ConfUtils.java:logGet(46)) - raft.server.log.corruption.policy = EXCEPTION (default)
2023-03-09 15:02:43,992 [pool-1322-thread-1] INFO  server.RaftServerConfigKeys (ConfUtils.java:logGet(46)) - raft.server.storage.free-space.min = 0MB (=0) (default)
2023-03-09 15:02:43,992 [pool-1322-thread-1] INFO  server.RaftServerConfigKeys (ConfUtils.java:logGet(46)) - raft.server.notification.no-leader.timeout = 300s (custom)
2023-03-09 15:02:43,992 [pool-1322-thread-1] INFO  server.RaftServerConfigKeys (ConfUtils.java:logGet(46)) - raft.server.retrycache.expirytime = 600000ms (custom)
2023-03-09 15:02:43,992 [pool-1322-thread-1] INFO  server.RaftServerConfigKeys (ConfUtils.java:logGet(46)) - raft.server.retrycache.statistics.expirytime = 100μs (default)
2023-03-09 15:02:43,993 [pool-1322-thread-1] INFO  server.RaftServerConfigKeys (ConfUtils.java:logGet(46)) - raft.server.log.appender.install.snapshot.enabled = false (custom)
2023-03-09 15:02:43,993 [pool-1322-thread-1] INFO  server.RaftServerConfigKeys (ConfUtils.java:logGet(46)) - raft.server.threadpool.server.cached = true (default)
2023-03-09 15:02:43,993 [pool-1322-thread-1] INFO  server.RaftServerConfigKeys (ConfUtils.java:logGet(46)) - raft.server.threadpool.server.size = 0 (default)
2023-03-09 15:02:43,993 [pool-1322-thread-1] INFO  server.RaftServerConfigKeys (ConfUtils.java:logGet(46)) - raft.server.threadpool.client.cached = true (default)
2023-03-09 15:02:43,993 [pool-1322-thread-1] INFO  server.RaftServerConfigKeys (ConfUtils.java:logGet(46)) - raft.server.threadpool.client.size = 0 (default)
2023-03-09 15:02:43,994 [pool-1322-thread-1] INFO  storage.RaftStorageDirectory (RaftStorageDirectoryImpl.java:analyzeStorage(137)) - The storage directory /home/runner/work/ozone/ozone/hadoop-ozone/integration-test/target/test-dir/MiniOzoneClusterImpl-0534e788-6c20-4d4d-bf72-3ffae63fff50/datanode-1/data/ratis/9d90f99f-a78a-4d74-aaa9-ff96c4c29d8b does not exist. Creating ...
2023-03-09 15:02:43,995 [pool-1322-thread-1] INFO  storage.RaftStorageDirectory (RaftStorageDirectoryImpl.java:tryLock(231)) - Lock on /home/runner/work/ozone/ozone/hadoop-ozone/integration-test/target/test-dir/MiniOzoneClusterImpl-0534e788-6c20-4d4d-bf72-3ffae63fff50/datanode-1/data/ratis/9d90f99f-a78a-4d74-aaa9-ff96c4c29d8b/in_use.lock acquired by nodename 57158@fv-az377-502
2023-03-09 15:02:43,997 [pool-1322-thread-1] INFO  storage.RaftStorage (RaftStorageImpl.java:format(96)) - Storage directory /home/runner/work/ozone/ozone/hadoop-ozone/integration-test/target/test-dir/MiniOzoneClusterImpl-0534e788-6c20-4d4d-bf72-3ffae63fff50/datanode-1/data/ratis/9d90f99f-a78a-4d74-aaa9-ff96c4c29d8b has been successfully formatted.
2023-03-09 15:02:43,998 [pool-1322-thread-1] INFO  ratis.ContainerStateMachine (ContainerStateMachine.java:loadSnapshot(240)) - group-FF96C4C29D8B: The snapshot info is null. Setting the last applied indexto:(t:0, i:~)
2023-03-09 15:02:43,998 [pool-1322-thread-1] INFO  server.RaftServerConfigKeys (ConfUtils.java:logGet(46)) - raft.server.log.use.memory = false (default)
2023-03-09 15:02:43,999 [EventQueue-PipelineReportForPipelineReportHandler] INFO  pipeline.PipelineManagerImpl (PipelineManagerImpl.java:openPipeline(367)) - Pipeline Pipeline[ Id: 9d90f99f-a78a-4d74-aaa9-ff96c4c29d8b, Nodes: b86bebd9-3a13-457a-9b1b-8645409d7c66(localhost/127.0.0.1), ReplicationConfig: RATIS/ONE, State:ALLOCATED, leaderId:b86bebd9-3a13-457a-9b1b-8645409d7c66, CreationTimestamp2023-03-09T15:02:40.996Z[Etc/UTC]] moved to OPEN state
2023-03-09 15:02:43,999 [pool-1322-thread-1] INFO  server.RaftServerConfigKeys (ConfUtils.java:logGet(46)) - raft.server.log.purge.gap = 1000000 (custom)
2023-03-09 15:02:43,999 [pool-1322-thread-1] INFO  server.RaftServerConfigKeys (ConfUtils.java:logGet(46)) - raft.server.log.appender.buffer.byte-limit = 33554432 (custom)
2023-03-09 15:02:43,999 [pool-1322-thread-1] INFO  server.RaftServerConfigKeys (ConfUtils.java:logGet(46)) - raft.server.log.statemachine.data.read.timeout = 1000ms (default)
2023-03-09 15:02:43,999 [pool-1322-thread-1] INFO  server.RaftServerConfigKeys (ConfUtils.java:logGet(46)) - raft.server.log.purge.preservation.log.num = 0 (default)
2023-03-09 15:02:44,000 [pool-1322-thread-1] INFO  server.RaftServerConfigKeys (ConfUtils.java:logGet(46)) - raft.server.log.segment.size.max = 1048576 (custom)
2023-03-09 15:02:44,000 [pool-1322-thread-1] INFO  server.RaftServerConfigKeys (ConfUtils.java:logGet(46)) - raft.server.log.segment.cache.num.max = 2 (custom)
2023-03-09 15:02:44,000 [pool-1322-thread-1] INFO  server.RaftServerConfigKeys (ConfUtils.java:logGet(46)) - raft.server.log.segment.cache.size.max = 200MB (=209715200) (default)
2023-03-09 15:02:44,000 [pool-1322-thread-1] INFO  segmented.SegmentedRaftLogWorker (SegmentedRaftLogWorker.java:<init>(189)) - new b86bebd9-3a13-457a-9b1b-8645409d7c66@group-FF96C4C29D8B-SegmentedRaftLogWorker for RaftStorageImpl:Storage Directory /home/runner/work/ozone/ozone/hadoop-ozone/integration-test/target/test-dir/MiniOzoneClusterImpl-0534e788-6c20-4d4d-bf72-3ffae63fff50/datanode-1/data/ratis/9d90f99f-a78a-4d74-aaa9-ff96c4c29d8b
2023-03-09 15:02:44,001 [pool-1322-thread-1] INFO  server.RaftServerConfigKeys (ConfUtils.java:logGet(46)) - raft.server.log.queue.byte-limit = 4294967296 (custom)
2023-03-09 15:02:44,001 [pool-1322-thread-1] INFO  server.RaftServerConfigKeys (ConfUtils.java:logGet(46)) - raft.server.log.queue.element-limit = 1024 (custom)
2023-03-09 15:02:44,001 [pool-1322-thread-1] INFO  server.RaftServerConfigKeys (ConfUtils.java:logGet(46)) - raft.server.log.segment.size.max = 1048576 (custom)
2023-03-09 15:02:44,001 [pool-1322-thread-1] INFO  server.RaftServerConfigKeys (ConfUtils.java:logGet(46)) - raft.server.log.preallocated.size = 16384 (custom)
2023-03-09 15:02:44,001 [pool-1322-thread-1] INFO  server.RaftServerConfigKeys (ConfUtils.java:logGet(46)) - raft.server.log.force.sync.num = 128 (default)
2023-03-09 15:02:44,001 [pool-1322-thread-1] INFO  server.RaftServerConfigKeys (ConfUtils.java:logGet(46)) - raft.server.log.statemachine.data.sync = true (default)
2023-03-09 15:02:44,001 [pool-1322-thread-1] INFO  server.RaftServerConfigKeys (ConfUtils.java:logGet(46)) - raft.server.log.statemachine.data.sync.timeout = 10s (default)
2023-03-09 15:02:44,001 [pool-1322-thread-1] INFO  server.RaftServerConfigKeys (ConfUtils.java:logGet(46)) - raft.server.log.statemachine.data.sync.timeout.retry = -1 (default)
2023-03-09 15:02:44,001 [78133a0d-b1a6-42b2-bde2-9d54c1b1446c@group-3FFAE63FFF50-StateMachineUpdater] INFO  safemode.HealthyPipelineSafeModeRule (HealthyPipelineSafeModeRule.java:initializeRule(165)) - Refreshed total pipeline count is 0, healthy pipeline threshold count is 1
2023-03-09 15:02:44,001 [EventQueue-OpenPipelineForHealthyPipelineSafeModeRule] INFO  safemode.SCMSafeModeManager (HealthyPipelineSafeModeRule.java:process(137)) - SCM in safe mode. Healthy pipelines reported count is 0, required healthy pipeline reported count is 1
2023-03-09 15:02:44,001 [pool-1322-thread-1] INFO  server.RaftServerConfigKeys (ConfUtils.java:logGet(46)) - raft.server.log.write.buffer.size = 1048576 (custom)
2023-03-09 15:02:44,002 [pool-1322-thread-1] INFO  server.RaftServerConfigKeys (ConfUtils.java:logGet(46)) - raft.server.log.appender.buffer.byte-limit = 33554432 (custom)
2023-03-09 15:02:44,011 [pool-1322-thread-1] INFO  server.RaftServerConfigKeys (ConfUtils.java:logGet(46)) - raft.server.log.unsafe-flush.enabled = false (default)
2023-03-09 15:02:44,011 [pool-1322-thread-1] INFO  server.RaftServerConfigKeys (ConfUtils.java:logGet(46)) - raft.server.log.async-flush.enabled = false (default)
2023-03-09 15:02:44,011 [pool-1322-thread-1] INFO  server.RaftServerConfigKeys (ConfUtils.java:logGet(46)) - raft.server.log.statemachine.data.caching.enabled = true (custom)
2023-03-09 15:02:44,012 [pool-1322-thread-1] INFO  segmented.SegmentedRaftLogWorker (SegmentedRaftLogWorker.java:lambda$new$0(135)) - b86bebd9-3a13-457a-9b1b-8645409d7c66@group-FF96C4C29D8B-SegmentedRaftLogWorker: flushIndex: setUnconditionally 0 -> -1
2023-03-09 15:02:44,012 [pool-1322-thread-1] INFO  segmented.SegmentedRaftLogWorker (SegmentedRaftLogWorker.java:lambda$new$0(135)) - b86bebd9-3a13-457a-9b1b-8645409d7c66@group-FF96C4C29D8B-SegmentedRaftLogWorker: safeCacheEvictIndex: setUnconditionally 0 -> -1
2023-03-09 15:02:44,012 [pool-1322-thread-1] INFO  server.RaftServer$Division (RaftServerImpl.java:start(334)) - b86bebd9-3a13-457a-9b1b-8645409d7c66@group-FF96C4C29D8B: start as a follower, conf=-1: peers:[b86bebd9-3a13-457a-9b1b-8645409d7c66|rpc:127.0.0.1:46729|dataStream:127.0.0.1:45541|priority:1|startupRole:FOLLOWER]|listeners:[], old=null
2023-03-09 15:02:44,012 [pool-1322-thread-1] INFO  server.RaftServer$Division (RaftServerImpl.java:setRole(321)) - b86bebd9-3a13-457a-9b1b-8645409d7c66@group-FF96C4C29D8B: changes role from      null to FOLLOWER at term 0 for startAsFollower
2023-03-09 15:02:44,012 [pool-1322-thread-1] INFO  impl.RoleInfo (RoleInfo.java:updateAndGet(139)) - b86bebd9-3a13-457a-9b1b-8645409d7c66: start b86bebd9-3a13-457a-9b1b-8645409d7c66@group-FF96C4C29D8B-FollowerState
2023-03-09 15:02:44,012 [b86bebd9-3a13-457a-9b1b-8645409d7c66@group-FF96C4C29D8B-FollowerState] INFO  server.RaftServerConfigKeys (ConfUtils.java:logFallback(53)) - raft.server.rpc.first-election.timeout.min = 5s (fallback to raft.server.rpc.timeout.min)
2023-03-09 15:02:44,012 [pool-1322-thread-1] INFO  util.JmxRegister (JmxRegister.java:tryRegister(44)) - Successfully registered JMX Bean with object name Ratis:service=RaftServer,group=group-FF96C4C29D8B,id=b86bebd9-3a13-457a-9b1b-8645409d7c66
2023-03-09 15:02:44,012 [b86bebd9-3a13-457a-9b1b-8645409d7c66@group-FF96C4C29D8B-FollowerState] INFO  server.RaftServerConfigKeys (ConfUtils.java:logFallback(53)) - raft.server.rpc.first-election.timeout.max = 5200ms (fallback to raft.server.rpc.timeout.max)
2023-03-09 15:02:44,012 [pool-1322-thread-1] INFO  server.RaftServerConfigKeys (ConfUtils.java:logGet(46)) - raft.server.snapshot.auto.trigger.enabled = true (custom)
2023-03-09 15:02:44,013 [pool-1322-thread-1] INFO  server.RaftServerConfigKeys (ConfUtils.java:logGet(46)) - raft.server.snapshot.auto.trigger.threshold = 10000 (custom)
2023-03-09 15:02:44,013 [pool-1322-thread-1] INFO  server.RaftServerConfigKeys (ConfUtils.java:logGet(46)) - raft.server.snapshot.retention.file.num = 5 (custom)
2023-03-09 15:02:44,013 [pool-1322-thread-1] INFO  server.RaftServerConfigKeys (ConfUtils.java:logGet(46)) - raft.server.log.purge.upto.snapshot.index = false (default)
2023-03-09 15:02:44,013 [Command processor thread] INFO  ratis.XceiverServerRatis (XceiverServerRatis.java:addGroup(807)) - Created group PipelineID=9d90f99f-a78a-4d74-aaa9-ff96c4c29d8b
2023-03-09 15:02:44,013 [Command processor thread] INFO  commandhandler.CreatePipelineCommandHandler (CreatePipelineCommandHandler.java:handle(113)) - Created Pipeline RATIS ONE PipelineID=9d90f99f-a78a-4d74-aaa9-ff96c4c29d8b.
2023-03-09 15:02:44,102 [EndpointStateMachine task thread for /127.0.0.1:35467 - 0 ] INFO  ipc.Client (Client.java:handleConnectionFailure(1010)) - Retrying connect to server: localhost/127.0.0.1:35467. Already tried 4 time(s); retry policy is RetryUpToMaximumCountWithFixedSleep(maxRetries=15, sleepTime=1000 MILLISECONDS)
2023-03-09 15:02:44,426 [Command processor thread] INFO  server.RaftServer (RaftServerProxy.java:addNew(96)) - ee096506-a68b-4f48-b344-eadbf7b61204: addNew group-F0151E123ACB:[ee096506-a68b-4f48-b344-eadbf7b61204|rpc:127.0.0.1:41907|dataStream:127.0.0.1:44575|priority:1|startupRole:FOLLOWER] returns group-F0151E123ACB:java.util.concurrent.CompletableFuture@274f4291[Not completed]
2023-03-09 15:02:44,427 [pool-1344-thread-1] INFO  server.RaftServer$Division (RaftServerImpl.java:<init>(195)) - ee096506-a68b-4f48-b344-eadbf7b61204: new RaftServerImpl for group-F0151E123ACB:[ee096506-a68b-4f48-b344-eadbf7b61204|rpc:127.0.0.1:41907|dataStream:127.0.0.1:44575|priority:1|startupRole:FOLLOWER] with ContainerStateMachine:uninitialized
2023-03-09 15:02:44,428 [pool-1344-thread-1] INFO  server.RaftServerConfigKeys (ConfUtils.java:logGet(46)) - raft.server.rpc.timeout.min = 5s (custom)
2023-03-09 15:02:44,428 [pool-1344-thread-1] INFO  server.RaftServerConfigKeys (ConfUtils.java:logGet(46)) - raft.server.rpc.timeout.max = 5200ms (custom)
2023-03-09 15:02:44,428 [pool-1344-thread-1] INFO  server.RaftServerConfigKeys (ConfUtils.java:logGet(46)) - raft.server.rpc.sleep.time = 25ms (default)
2023-03-09 15:02:44,428 [pool-1344-thread-1] INFO  server.RaftServerConfigKeys (ConfUtils.java:logGet(46)) - raft.server.rpc.slowness.timeout = 300s (custom)
2023-03-09 15:02:44,428 [pool-1344-thread-1] INFO  server.RaftServerConfigKeys (ConfUtils.java:logGet(46)) - raft.server.leaderelection.leader.step-down.wait-time = 10s (default)
2023-03-09 15:02:44,428 [pool-1344-thread-1] INFO  server.RaftServerConfigKeys (ConfUtils.java:logGet(46)) - raft.server.sleep.deviation.threshold = 300ms (default)
2023-03-09 15:02:44,428 [pool-1344-thread-1] INFO  server.RaftServer$Division (ServerState.java:<init>(118)) - ee096506-a68b-4f48-b344-eadbf7b61204@group-F0151E123ACB: ConfigurationManager, init=-1: peers:[ee096506-a68b-4f48-b344-eadbf7b61204|rpc:127.0.0.1:41907|dataStream:127.0.0.1:44575|priority:1|startupRole:FOLLOWER]|listeners:[], old=null, confs=<EMPTY_MAP>
2023-03-09 15:02:44,428 [pool-1344-thread-1] INFO  server.RaftServerConfigKeys (ConfUtils.java:logGet(46)) - raft.server.storage.dir = [/home/runner/work/ozone/ozone/hadoop-ozone/integration-test/target/test-dir/MiniOzoneClusterImpl-0534e788-6c20-4d4d-bf72-3ffae63fff50/datanode-2/data/ratis] (custom)
2023-03-09 15:02:44,429 [pool-1344-thread-1] INFO  server.RaftServerConfigKeys (ConfUtils.java:logGet(46)) - raft.server.log.corruption.policy = EXCEPTION (default)
2023-03-09 15:02:44,429 [pool-1344-thread-1] INFO  server.RaftServerConfigKeys (ConfUtils.java:logGet(46)) - raft.server.storage.free-space.min = 0MB (=0) (default)
2023-03-09 15:02:44,429 [pool-1344-thread-1] INFO  server.RaftServerConfigKeys (ConfUtils.java:logGet(46)) - raft.server.notification.no-leader.timeout = 300s (custom)
2023-03-09 15:02:44,429 [pool-1344-thread-1] INFO  server.RaftServerConfigKeys (ConfUtils.java:logGet(46)) - raft.server.retrycache.expirytime = 600000ms (custom)
2023-03-09 15:02:44,429 [pool-1344-thread-1] INFO  server.RaftServerConfigKeys (ConfUtils.java:logGet(46)) - raft.server.retrycache.statistics.expirytime = 100μs (default)
2023-03-09 15:02:44,431 [pool-1344-thread-1] INFO  server.RaftServerConfigKeys (ConfUtils.java:logGet(46)) - raft.server.log.appender.install.snapshot.enabled = false (custom)
2023-03-09 15:02:44,431 [pool-1344-thread-1] INFO  server.RaftServerConfigKeys (ConfUtils.java:logGet(46)) - raft.server.threadpool.server.cached = true (default)
2023-03-09 15:02:44,431 [pool-1344-thread-1] INFO  server.RaftServerConfigKeys (ConfUtils.java:logGet(46)) - raft.server.threadpool.server.size = 0 (default)
2023-03-09 15:02:44,431 [pool-1344-thread-1] INFO  server.RaftServerConfigKeys (ConfUtils.java:logGet(46)) - raft.server.threadpool.client.cached = true (default)
2023-03-09 15:02:44,432 [pool-1344-thread-1] INFO  server.RaftServerConfigKeys (ConfUtils.java:logGet(46)) - raft.server.threadpool.client.size = 0 (default)
2023-03-09 15:02:44,432 [pool-1344-thread-1] INFO  storage.RaftStorageDirectory (RaftStorageDirectoryImpl.java:analyzeStorage(137)) - The storage directory /home/runner/work/ozone/ozone/hadoop-ozone/integration-test/target/test-dir/MiniOzoneClusterImpl-0534e788-6c20-4d4d-bf72-3ffae63fff50/datanode-2/data/ratis/82d43020-3a8f-4377-9597-f0151e123acb does not exist. Creating ...
2023-03-09 15:02:44,434 [pool-1344-thread-1] INFO  storage.RaftStorageDirectory (RaftStorageDirectoryImpl.java:tryLock(231)) - Lock on /home/runner/work/ozone/ozone/hadoop-ozone/integration-test/target/test-dir/MiniOzoneClusterImpl-0534e788-6c20-4d4d-bf72-3ffae63fff50/datanode-2/data/ratis/82d43020-3a8f-4377-9597-f0151e123acb/in_use.lock acquired by nodename 57158@fv-az377-502
2023-03-09 15:02:44,437 [Listener at 127.0.0.1/45353] INFO  ozone.MiniOzoneClusterImpl (MiniOzoneClusterImpl.java:lambda$waitForClusterToBeReady$0(218)) - Nodes are ready. Got 3 of 3 DN Heartbeats.
2023-03-09 15:02:44,437 [Listener at 127.0.0.1/45353] INFO  ozone.MiniOzoneClusterImpl (MiniOzoneClusterImpl.java:lambda$waitForClusterToBeReady$0(221)) - Waiting for cluster to exit safe mode
2023-03-09 15:02:44,437 [Listener at 127.0.0.1/45353] INFO  ozone.MiniOzoneClusterImpl (MiniOzoneClusterImpl.java:lambda$waitForClusterToBeReady$0(223)) - SCM became leader
2023-03-09 15:02:44,439 [pool-1344-thread-1] INFO  storage.RaftStorage (RaftStorageImpl.java:format(96)) - Storage directory /home/runner/work/ozone/ozone/hadoop-ozone/integration-test/target/test-dir/MiniOzoneClusterImpl-0534e788-6c20-4d4d-bf72-3ffae63fff50/datanode-2/data/ratis/82d43020-3a8f-4377-9597-f0151e123acb has been successfully formatted.
2023-03-09 15:02:44,440 [pool-1344-thread-1] INFO  ratis.ContainerStateMachine (ContainerStateMachine.java:loadSnapshot(240)) - group-F0151E123ACB: The snapshot info is null. Setting the last applied indexto:(t:0, i:~)
2023-03-09 15:02:44,440 [pool-1344-thread-1] INFO  server.RaftServerConfigKeys (ConfUtils.java:logGet(46)) - raft.server.log.use.memory = false (default)
2023-03-09 15:02:44,440 [pool-1344-thread-1] INFO  server.RaftServerConfigKeys (ConfUtils.java:logGet(46)) - raft.server.log.purge.gap = 1000000 (custom)
2023-03-09 15:02:44,440 [pool-1344-thread-1] INFO  server.RaftServerConfigKeys (ConfUtils.java:logGet(46)) - raft.server.log.appender.buffer.byte-limit = 33554432 (custom)
2023-03-09 15:02:44,440 [pool-1344-thread-1] INFO  server.RaftServerConfigKeys (ConfUtils.java:logGet(46)) - raft.server.log.statemachine.data.read.timeout = 1000ms (default)
2023-03-09 15:02:44,440 [pool-1344-thread-1] INFO  server.RaftServerConfigKeys (ConfUtils.java:logGet(46)) - raft.server.log.purge.preservation.log.num = 0 (default)
2023-03-09 15:02:44,440 [pool-1344-thread-1] INFO  server.RaftServerConfigKeys (ConfUtils.java:logGet(46)) - raft.server.log.segment.size.max = 1048576 (custom)
2023-03-09 15:02:44,441 [pool-1344-thread-1] INFO  server.RaftServerConfigKeys (ConfUtils.java:logGet(46)) - raft.server.log.segment.cache.num.max = 2 (custom)
2023-03-09 15:02:44,441 [pool-1344-thread-1] INFO  server.RaftServerConfigKeys (ConfUtils.java:logGet(46)) - raft.server.log.segment.cache.size.max = 200MB (=209715200) (default)
2023-03-09 15:02:44,441 [pool-1344-thread-1] INFO  segmented.SegmentedRaftLogWorker (SegmentedRaftLogWorker.java:<init>(189)) - new ee096506-a68b-4f48-b344-eadbf7b61204@group-F0151E123ACB-SegmentedRaftLogWorker for RaftStorageImpl:Storage Directory /home/runner/work/ozone/ozone/hadoop-ozone/integration-test/target/test-dir/MiniOzoneClusterImpl-0534e788-6c20-4d4d-bf72-3ffae63fff50/datanode-2/data/ratis/82d43020-3a8f-4377-9597-f0151e123acb
2023-03-09 15:02:44,441 [pool-1344-thread-1] INFO  server.RaftServerConfigKeys (ConfUtils.java:logGet(46)) - raft.server.log.queue.byte-limit = 4294967296 (custom)
2023-03-09 15:02:44,441 [pool-1344-thread-1] INFO  server.RaftServerConfigKeys (ConfUtils.java:logGet(46)) - raft.server.log.queue.element-limit = 1024 (custom)
2023-03-09 15:02:44,441 [pool-1344-thread-1] INFO  server.RaftServerConfigKeys (ConfUtils.java:logGet(46)) - raft.server.log.segment.size.max = 1048576 (custom)
2023-03-09 15:02:44,441 [pool-1344-thread-1] INFO  server.RaftServerConfigKeys (ConfUtils.java:logGet(46)) - raft.server.log.preallocated.size = 16384 (custom)
2023-03-09 15:02:44,441 [pool-1344-thread-1] INFO  server.RaftServerConfigKeys (ConfUtils.java:logGet(46)) - raft.server.log.force.sync.num = 128 (default)
2023-03-09 15:02:44,441 [pool-1344-thread-1] INFO  server.RaftServerConfigKeys (ConfUtils.java:logGet(46)) - raft.server.log.statemachine.data.sync = true (default)
2023-03-09 15:02:44,441 [pool-1344-thread-1] INFO  server.RaftServerConfigKeys (ConfUtils.java:logGet(46)) - raft.server.log.statemachine.data.sync.timeout = 10s (default)
2023-03-09 15:02:44,441 [pool-1344-thread-1] INFO  server.RaftServerConfigKeys (ConfUtils.java:logGet(46)) - raft.server.log.statemachine.data.sync.timeout.retry = -1 (default)
2023-03-09 15:02:44,442 [pool-1344-thread-1] INFO  server.RaftServerConfigKeys (ConfUtils.java:logGet(46)) - raft.server.log.write.buffer.size = 1048576 (custom)
2023-03-09 15:02:44,442 [EventQueue-PipelineReportForPipelineReportHandler] INFO  pipeline.PipelineManagerImpl (PipelineManagerImpl.java:openPipeline(367)) - Pipeline Pipeline[ Id: 82d43020-3a8f-4377-9597-f0151e123acb, Nodes: ee096506-a68b-4f48-b344-eadbf7b61204(localhost/127.0.0.1), ReplicationConfig: RATIS/ONE, State:ALLOCATED, leaderId:ee096506-a68b-4f48-b344-eadbf7b61204, CreationTimestamp2023-03-09T15:02:41.435Z[Etc/UTC]] moved to OPEN state
2023-03-09 15:02:44,443 [pool-1344-thread-1] INFO  server.RaftServerConfigKeys (ConfUtils.java:logGet(46)) - raft.server.log.appender.buffer.byte-limit = 33554432 (custom)
2023-03-09 15:02:44,500 [78133a0d-b1a6-42b2-bde2-9d54c1b1446c@group-3FFAE63FFF50-StateMachineUpdater] INFO  safemode.HealthyPipelineSafeModeRule (HealthyPipelineSafeModeRule.java:initializeRule(165)) - Refreshed total pipeline count is 0, healthy pipeline threshold count is 1
2023-03-09 15:02:44,501 [EventQueue-OpenPipelineForHealthyPipelineSafeModeRule] INFO  safemode.SCMSafeModeManager (HealthyPipelineSafeModeRule.java:process(137)) - SCM in safe mode. Healthy pipelines reported count is 0, required healthy pipeline reported count is 1
2023-03-09 15:02:44,507 [pool-1344-thread-1] INFO  server.RaftServerConfigKeys (ConfUtils.java:logGet(46)) - raft.server.log.unsafe-flush.enabled = false (default)
2023-03-09 15:02:44,507 [pool-1344-thread-1] INFO  server.RaftServerConfigKeys (ConfUtils.java:logGet(46)) - raft.server.log.async-flush.enabled = false (default)
2023-03-09 15:02:44,507 [pool-1344-thread-1] INFO  server.RaftServerConfigKeys (ConfUtils.java:logGet(46)) - raft.server.log.statemachine.data.caching.enabled = true (custom)
2023-03-09 15:02:44,507 [pool-1344-thread-1] INFO  segmented.SegmentedRaftLogWorker (SegmentedRaftLogWorker.java:lambda$new$0(135)) - ee096506-a68b-4f48-b344-eadbf7b61204@group-F0151E123ACB-SegmentedRaftLogWorker: flushIndex: setUnconditionally 0 -> -1
2023-03-09 15:02:44,507 [pool-1344-thread-1] INFO  segmented.SegmentedRaftLogWorker (SegmentedRaftLogWorker.java:lambda$new$0(135)) - ee096506-a68b-4f48-b344-eadbf7b61204@group-F0151E123ACB-SegmentedRaftLogWorker: safeCacheEvictIndex: setUnconditionally 0 -> -1
2023-03-09 15:02:44,508 [pool-1344-thread-1] INFO  server.RaftServer$Division (RaftServerImpl.java:start(334)) - ee096506-a68b-4f48-b344-eadbf7b61204@group-F0151E123ACB: start as a follower, conf=-1: peers:[ee096506-a68b-4f48-b344-eadbf7b61204|rpc:127.0.0.1:41907|dataStream:127.0.0.1:44575|priority:1|startupRole:FOLLOWER]|listeners:[], old=null
2023-03-09 15:02:44,508 [pool-1344-thread-1] INFO  server.RaftServer$Division (RaftServerImpl.java:setRole(321)) - ee096506-a68b-4f48-b344-eadbf7b61204@group-F0151E123ACB: changes role from      null to FOLLOWER at term 0 for startAsFollower
2023-03-09 15:02:44,508 [pool-1344-thread-1] INFO  impl.RoleInfo (RoleInfo.java:updateAndGet(139)) - ee096506-a68b-4f48-b344-eadbf7b61204: start ee096506-a68b-4f48-b344-eadbf7b61204@group-F0151E123ACB-FollowerState
2023-03-09 15:02:44,508 [pool-1344-thread-1] INFO  util.JmxRegister (JmxRegister.java:tryRegister(44)) - Successfully registered JMX Bean with object name Ratis:service=RaftServer,group=group-F0151E123ACB,id=ee096506-a68b-4f48-b344-eadbf7b61204
2023-03-09 15:02:44,508 [pool-1344-thread-1] INFO  server.RaftServerConfigKeys (ConfUtils.java:logGet(46)) - raft.server.snapshot.auto.trigger.enabled = true (custom)
2023-03-09 15:02:44,508 [pool-1344-thread-1] INFO  server.RaftServerConfigKeys (ConfUtils.java:logGet(46)) - raft.server.snapshot.auto.trigger.threshold = 10000 (custom)
2023-03-09 15:02:44,508 [pool-1344-thread-1] INFO  server.RaftServerConfigKeys (ConfUtils.java:logGet(46)) - raft.server.snapshot.retention.file.num = 5 (custom)
2023-03-09 15:02:44,508 [pool-1344-thread-1] INFO  server.RaftServerConfigKeys (ConfUtils.java:logGet(46)) - raft.server.log.purge.upto.snapshot.index = false (default)
2023-03-09 15:02:44,509 [ee096506-a68b-4f48-b344-eadbf7b61204@group-F0151E123ACB-FollowerState] INFO  server.RaftServerConfigKeys (ConfUtils.java:logFallback(53)) - raft.server.rpc.first-election.timeout.min = 5s (fallback to raft.server.rpc.timeout.min)
2023-03-09 15:02:44,509 [ee096506-a68b-4f48-b344-eadbf7b61204@group-F0151E123ACB-FollowerState] INFO  server.RaftServerConfigKeys (ConfUtils.java:logFallback(53)) - raft.server.rpc.first-election.timeout.max = 5200ms (fallback to raft.server.rpc.timeout.max)
2023-03-09 15:02:44,509 [Command processor thread] INFO  ratis.XceiverServerRatis (XceiverServerRatis.java:addGroup(807)) - Created group PipelineID=82d43020-3a8f-4377-9597-f0151e123acb
2023-03-09 15:02:44,509 [Command processor thread] INFO  commandhandler.CreatePipelineCommandHandler (CreatePipelineCommandHandler.java:handle(113)) - Created Pipeline RATIS ONE PipelineID=82d43020-3a8f-4377-9597-f0151e123acb.
2023-03-09 15:02:44,731 [EndpointStateMachine task thread for /127.0.0.1:33275 - 0 ] INFO  ipc.Client (Client.java:handleConnectionFailure(1010)) - Retrying connect to server: localhost/127.0.0.1:33275. Already tried 11 time(s); retry policy is RetryUpToMaximumCountWithFixedSleep(maxRetries=15, sleepTime=1000 MILLISECONDS)
2023-03-09 15:02:45,103 [EndpointStateMachine task thread for /127.0.0.1:35467 - 0 ] INFO  ipc.Client (Client.java:handleConnectionFailure(1010)) - Retrying connect to server: localhost/127.0.0.1:35467. Already tried 5 time(s); retry policy is RetryUpToMaximumCountWithFixedSleep(maxRetries=15, sleepTime=1000 MILLISECONDS)
2023-03-09 15:02:45,438 [Listener at 127.0.0.1/45353] INFO  ozone.MiniOzoneClusterImpl (MiniOzoneClusterImpl.java:lambda$waitForClusterToBeReady$0(218)) - Nodes are ready. Got 3 of 3 DN Heartbeats.
2023-03-09 15:02:45,438 [Listener at 127.0.0.1/45353] INFO  ozone.MiniOzoneClusterImpl (MiniOzoneClusterImpl.java:lambda$waitForClusterToBeReady$0(221)) - Waiting for cluster to exit safe mode
2023-03-09 15:02:45,438 [Listener at 127.0.0.1/45353] INFO  ozone.MiniOzoneClusterImpl (MiniOzoneClusterImpl.java:lambda$waitForClusterToBeReady$0(223)) - SCM became leader
2023-03-09 15:02:45,732 [EndpointStateMachine task thread for /127.0.0.1:33275 - 0 ] INFO  ipc.Client (Client.java:handleConnectionFailure(1010)) - Retrying connect to server: localhost/127.0.0.1:33275. Already tried 12 time(s); retry policy is RetryUpToMaximumCountWithFixedSleep(maxRetries=15, sleepTime=1000 MILLISECONDS)
2023-03-09 15:02:46,104 [EndpointStateMachine task thread for /127.0.0.1:35467 - 0 ] INFO  ipc.Client (Client.java:handleConnectionFailure(1010)) - Retrying connect to server: localhost/127.0.0.1:35467. Already tried 6 time(s); retry policy is RetryUpToMaximumCountWithFixedSleep(maxRetries=15, sleepTime=1000 MILLISECONDS)
2023-03-09 15:02:46,438 [Listener at 127.0.0.1/45353] INFO  ozone.MiniOzoneClusterImpl (MiniOzoneClusterImpl.java:lambda$waitForClusterToBeReady$0(218)) - Nodes are ready. Got 3 of 3 DN Heartbeats.
2023-03-09 15:02:46,439 [Listener at 127.0.0.1/45353] INFO  ozone.MiniOzoneClusterImpl (MiniOzoneClusterImpl.java:lambda$waitForClusterToBeReady$0(221)) - Waiting for cluster to exit safe mode
2023-03-09 15:02:46,439 [Listener at 127.0.0.1/45353] INFO  ozone.MiniOzoneClusterImpl (MiniOzoneClusterImpl.java:lambda$waitForClusterToBeReady$0(223)) - SCM became leader
2023-03-09 15:02:46,733 [EndpointStateMachine task thread for /127.0.0.1:33275 - 0 ] INFO  ipc.Client (Client.java:handleConnectionFailure(1010)) - Retrying connect to server: localhost/127.0.0.1:33275. Already tried 13 time(s); retry policy is RetryUpToMaximumCountWithFixedSleep(maxRetries=15, sleepTime=1000 MILLISECONDS)
2023-03-09 15:02:47,104 [EndpointStateMachine task thread for /127.0.0.1:35467 - 0 ] INFO  ipc.Client (Client.java:handleConnectionFailure(1010)) - Retrying connect to server: localhost/127.0.0.1:35467. Already tried 7 time(s); retry policy is RetryUpToMaximumCountWithFixedSleep(maxRetries=15, sleepTime=1000 MILLISECONDS)
2023-03-09 15:02:47,439 [Listener at 127.0.0.1/45353] INFO  ozone.MiniOzoneClusterImpl (MiniOzoneClusterImpl.java:lambda$waitForClusterToBeReady$0(218)) - Nodes are ready. Got 3 of 3 DN Heartbeats.
2023-03-09 15:02:47,439 [Listener at 127.0.0.1/45353] INFO  ozone.MiniOzoneClusterImpl (MiniOzoneClusterImpl.java:lambda$waitForClusterToBeReady$0(221)) - Waiting for cluster to exit safe mode
2023-03-09 15:02:47,440 [Listener at 127.0.0.1/45353] INFO  ozone.MiniOzoneClusterImpl (MiniOzoneClusterImpl.java:lambda$waitForClusterToBeReady$0(223)) - SCM became leader
2023-03-09 15:02:47,733 [EndpointStateMachine task thread for /127.0.0.1:33275 - 0 ] INFO  ipc.Client (Client.java:handleConnectionFailure(1010)) - Retrying connect to server: localhost/127.0.0.1:33275. Already tried 14 time(s); retry policy is RetryUpToMaximumCountWithFixedSleep(maxRetries=15, sleepTime=1000 MILLISECONDS)
2023-03-09 15:02:47,734 [EndpointStateMachine task thread for /127.0.0.1:33275 - 0 ] WARN  statemachine.EndpointStateMachine (EndpointStateMachine.java:logIfNeeded(242)) - Unable to communicate to SCM server at localhost:33275 for past 0 seconds.
java.net.ConnectException: Call From fv-az377-502/10.1.0.44 to localhost:33275 failed on connection exception: java.net.ConnectException: Connection refused; For more details see:  http://wiki.apache.org/hadoop/ConnectionRefused
	at sun.reflect.GeneratedConstructorAccessor79.newInstance(Unknown Source)
	at sun.reflect.DelegatingConstructorAccessorImpl.newInstance(DelegatingConstructorAccessorImpl.java:45)
	at java.lang.reflect.Constructor.newInstance(Constructor.java:423)
	at org.apache.hadoop.net.NetUtils.wrapWithMessage(NetUtils.java:913)
	at org.apache.hadoop.net.NetUtils.wrapException(NetUtils.java:828)
	at org.apache.hadoop.ipc.Client.getRpcResponse(Client.java:1616)
	at org.apache.hadoop.ipc.Client.call(Client.java:1558)
	at org.apache.hadoop.ipc.Client.call(Client.java:1455)
	at org.apache.hadoop.ipc.ProtobufRpcEngine$Invoker.invoke(ProtobufRpcEngine.java:235)
	at org.apache.hadoop.ipc.ProtobufRpcEngine$Invoker.invoke(ProtobufRpcEngine.java:122)
	at com.sun.proxy.$Proxy54.submitRequest(Unknown Source)
	at org.apache.hadoop.ozone.protocolPB.StorageContainerDatanodeProtocolClientSideTranslatorPB.submitRequest(StorageContainerDatanodeProtocolClientSideTranslatorPB.java:117)
	at org.apache.hadoop.ozone.protocolPB.StorageContainerDatanodeProtocolClientSideTranslatorPB.sendHeartbeat(StorageContainerDatanodeProtocolClientSideTranslatorPB.java:149)
	at org.apache.hadoop.ozone.container.common.states.endpoint.HeartbeatEndpointTask.call(HeartbeatEndpointTask.java:185)
	at org.apache.hadoop.ozone.container.common.states.endpoint.HeartbeatEndpointTask.call(HeartbeatEndpointTask.java:87)
	at java.util.concurrent.FutureTask.run(FutureTask.java:266)
	at java.util.concurrent.ThreadPoolExecutor.runWorker(ThreadPoolExecutor.java:1149)
	at java.util.concurrent.ThreadPoolExecutor$Worker.run(ThreadPoolExecutor.java:624)
	at java.lang.Thread.run(Thread.java:750)
Caused by: java.net.ConnectException: Connection refused
	at sun.nio.ch.SocketChannelImpl.checkConnect(Native Method)
	at sun.nio.ch.SocketChannelImpl.finishConnect(SocketChannelImpl.java:716)
	at org.apache.hadoop.net.SocketIOWithTimeout.connect(SocketIOWithTimeout.java:205)
	at org.apache.hadoop.net.NetUtils.connect(NetUtils.java:586)
	at org.apache.hadoop.ipc.Client$Connection.setupConnection(Client.java:711)
	at org.apache.hadoop.ipc.Client$Connection.setupIOstreams(Client.java:833)
	at org.apache.hadoop.ipc.Client$Connection.access$3800(Client.java:414)
	at org.apache.hadoop.ipc.Client.getConnection(Client.java:1677)
	at org.apache.hadoop.ipc.Client.call(Client.java:1502)
	... 12 more
2023-03-09 15:02:48,105 [EndpointStateMachine task thread for /127.0.0.1:35467 - 0 ] INFO  ipc.Client (Client.java:handleConnectionFailure(1010)) - Retrying connect to server: localhost/127.0.0.1:35467. Already tried 8 time(s); retry policy is RetryUpToMaximumCountWithFixedSleep(maxRetries=15, sleepTime=1000 MILLISECONDS)
2023-03-09 15:02:48,440 [Listener at 127.0.0.1/45353] INFO  ozone.MiniOzoneClusterImpl (MiniOzoneClusterImpl.java:lambda$waitForClusterToBeReady$0(218)) - Nodes are ready. Got 3 of 3 DN Heartbeats.
2023-03-09 15:02:48,440 [Listener at 127.0.0.1/45353] INFO  ozone.MiniOzoneClusterImpl (MiniOzoneClusterImpl.java:lambda$waitForClusterToBeReady$0(221)) - Waiting for cluster to exit safe mode
2023-03-09 15:02:48,440 [Listener at 127.0.0.1/45353] INFO  ozone.MiniOzoneClusterImpl (MiniOzoneClusterImpl.java:lambda$waitForClusterToBeReady$0(223)) - SCM became leader
2023-03-09 15:02:48,651 [0518bc97-31d1-4d4f-b564-52717e813075@group-82A1BD17106F-FollowerState] INFO  impl.FollowerState (FollowerState.java:run(143)) - 0518bc97-31d1-4d4f-b564-52717e813075@group-82A1BD17106F-FollowerState: change to CANDIDATE, lastRpcElapsedTime:5059489427ns, electionTimeout:5058ms
2023-03-09 15:02:48,651 [0518bc97-31d1-4d4f-b564-52717e813075@group-82A1BD17106F-FollowerState] INFO  impl.RoleInfo (RoleInfo.java:shutdownFollowerState(110)) - 0518bc97-31d1-4d4f-b564-52717e813075: shutdown 0518bc97-31d1-4d4f-b564-52717e813075@group-82A1BD17106F-FollowerState
2023-03-09 15:02:48,651 [0518bc97-31d1-4d4f-b564-52717e813075@group-82A1BD17106F-FollowerState] INFO  server.RaftServer$Division (RaftServerImpl.java:setRole(321)) - 0518bc97-31d1-4d4f-b564-52717e813075@group-82A1BD17106F: changes role from  FOLLOWER to CANDIDATE at term 0 for changeToCandidate
2023-03-09 15:02:48,652 [0518bc97-31d1-4d4f-b564-52717e813075@group-82A1BD17106F-FollowerState] INFO  server.RaftServerConfigKeys (ConfUtils.java:logGet(46)) - raft.server.leaderelection.pre-vote = true (default)
2023-03-09 15:02:48,652 [0518bc97-31d1-4d4f-b564-52717e813075@group-82A1BD17106F-FollowerState] INFO  impl.RoleInfo (RoleInfo.java:updateAndGet(139)) - 0518bc97-31d1-4d4f-b564-52717e813075: start 0518bc97-31d1-4d4f-b564-52717e813075@group-82A1BD17106F-LeaderElection65
2023-03-09 15:02:48,655 [0518bc97-31d1-4d4f-b564-52717e813075@group-82A1BD17106F-LeaderElection65] INFO  impl.LeaderElection (LeaderElection.java:askForVotes(312)) - 0518bc97-31d1-4d4f-b564-52717e813075@group-82A1BD17106F-LeaderElection65 PRE_VOTE round 0: submit vote requests at term 0 for -1: peers:[0518bc97-31d1-4d4f-b564-52717e813075|rpc:127.0.0.1:37345|dataStream:127.0.0.1:43931|priority:1|startupRole:FOLLOWER]|listeners:[], old=null
2023-03-09 15:02:48,655 [0518bc97-31d1-4d4f-b564-52717e813075@group-82A1BD17106F-LeaderElection65] INFO  impl.LeaderElection (LeaderElection.java:askForVotes(314)) - 0518bc97-31d1-4d4f-b564-52717e813075@group-82A1BD17106F-LeaderElection65 PRE_VOTE round 0: result PASSED (term=0)
2023-03-09 15:02:48,657 [0518bc97-31d1-4d4f-b564-52717e813075@group-82A1BD17106F-LeaderElection65] INFO  impl.LeaderElection (LeaderElection.java:askForVotes(312)) - 0518bc97-31d1-4d4f-b564-52717e813075@group-82A1BD17106F-LeaderElection65 ELECTION round 0: submit vote requests at term 1 for -1: peers:[0518bc97-31d1-4d4f-b564-52717e813075|rpc:127.0.0.1:37345|dataStream:127.0.0.1:43931|priority:1|startupRole:FOLLOWER]|listeners:[], old=null
2023-03-09 15:02:48,657 [0518bc97-31d1-4d4f-b564-52717e813075@group-82A1BD17106F-LeaderElection65] INFO  impl.LeaderElection (LeaderElection.java:askForVotes(314)) - 0518bc97-31d1-4d4f-b564-52717e813075@group-82A1BD17106F-LeaderElection65 ELECTION round 0: result PASSED (term=1)
2023-03-09 15:02:48,657 [0518bc97-31d1-4d4f-b564-52717e813075@group-82A1BD17106F-LeaderElection65] INFO  impl.RoleInfo (RoleInfo.java:shutdownLeaderElection(130)) - 0518bc97-31d1-4d4f-b564-52717e813075: shutdown 0518bc97-31d1-4d4f-b564-52717e813075@group-82A1BD17106F-LeaderElection65
2023-03-09 15:02:48,657 [0518bc97-31d1-4d4f-b564-52717e813075@group-82A1BD17106F-LeaderElection65] INFO  server.RaftServer$Division (RaftServerImpl.java:setRole(321)) - 0518bc97-31d1-4d4f-b564-52717e813075@group-82A1BD17106F: changes role from CANDIDATE to LEADER at term 1 for changeToLeader
2023-03-09 15:02:48,657 [0518bc97-31d1-4d4f-b564-52717e813075@group-82A1BD17106F-LeaderElection65] INFO  ratis.XceiverServerRatis (XceiverServerRatis.java:handleLeaderChangedNotification(905)) - Leader change notification received for group: group-82A1BD17106F with new leaderId: 0518bc97-31d1-4d4f-b564-52717e813075
2023-03-09 15:02:48,658 [0518bc97-31d1-4d4f-b564-52717e813075@group-82A1BD17106F-LeaderElection65] INFO  server.RaftServer$Division (ServerState.java:setLeader(313)) - 0518bc97-31d1-4d4f-b564-52717e813075@group-82A1BD17106F: change Leader from null to 0518bc97-31d1-4d4f-b564-52717e813075 at term 1 for becomeLeader, leader elected after 5084ms
2023-03-09 15:02:48,658 [0518bc97-31d1-4d4f-b564-52717e813075@group-82A1BD17106F-LeaderElection65] INFO  server.RaftServerConfigKeys (ConfUtils.java:logGet(46)) - raft.server.staging.catchup.gap = 1000 (default)
2023-03-09 15:02:48,658 [0518bc97-31d1-4d4f-b564-52717e813075@group-82A1BD17106F-LeaderElection65] INFO  server.RaftServerConfigKeys (ConfUtils.java:logGet(46)) - raft.server.write.element-limit = 1024 (custom)
2023-03-09 15:02:48,658 [0518bc97-31d1-4d4f-b564-52717e813075@group-82A1BD17106F-LeaderElection65] INFO  server.RaftServerConfigKeys (ConfUtils.java:logGet(46)) - raft.server.write.byte-limit = 1024 M (=1073741824) (custom)
2023-03-09 15:02:48,658 [0518bc97-31d1-4d4f-b564-52717e813075@group-82A1BD17106F-LeaderElection65] INFO  server.RaftServerConfigKeys (ConfUtils.java:logGet(46)) - raft.server.watch.timeout = 180s (custom)
2023-03-09 15:02:48,659 [0518bc97-31d1-4d4f-b564-52717e813075@group-82A1BD17106F-LeaderElection65] INFO  server.RaftServerConfigKeys (ConfUtils.java:logGet(46)) - raft.server.watch.timeout.denomination = 1s (default)
2023-03-09 15:02:48,659 [0518bc97-31d1-4d4f-b564-52717e813075@group-82A1BD17106F-LeaderElection65] INFO  server.RaftServerConfigKeys (ConfUtils.java:logGet(46)) - raft.server.watch.element-limit = 65536 (default)
2023-03-09 15:02:48,659 [0518bc97-31d1-4d4f-b564-52717e813075@group-82A1BD17106F-LeaderElection65] INFO  server.RaftServerConfigKeys (ConfUtils.java:logGet(46)) - raft.server.write.element-limit = 1024 (custom)
2023-03-09 15:02:48,661 [EventQueue-OpenPipelineForHealthyPipelineSafeModeRule] INFO  safemode.SCMSafeModeManager (HealthyPipelineSafeModeRule.java:process(137)) - SCM in safe mode. Healthy pipelines reported count is 0, required healthy pipeline reported count is 1
2023-03-09 15:02:48,661 [0518bc97-31d1-4d4f-b564-52717e813075@group-82A1BD17106F-LeaderElection65] INFO  server.RaftServerConfigKeys (ConfUtils.java:logGet(46)) - raft.server.write.follower.gap.ratio.max = -1.0 (default)
2023-03-09 15:02:48,662 [0518bc97-31d1-4d4f-b564-52717e813075@group-82A1BD17106F-LeaderElection65] INFO  impl.RoleInfo (RoleInfo.java:updateAndGet(139)) - 0518bc97-31d1-4d4f-b564-52717e813075: start 0518bc97-31d1-4d4f-b564-52717e813075@group-82A1BD17106F-LeaderStateImpl
2023-03-09 15:02:48,662 [0518bc97-31d1-4d4f-b564-52717e813075@group-82A1BD17106F-LeaderElection65] INFO  segmented.SegmentedRaftLogWorker (SegmentedRaftLogWorker.java:startLogSegment(452)) - 0518bc97-31d1-4d4f-b564-52717e813075@group-82A1BD17106F-SegmentedRaftLogWorker: Starting segment from index:0
2023-03-09 15:02:48,664 [0518bc97-31d1-4d4f-b564-52717e813075@group-82A1BD17106F-SegmentedRaftLogWorker] INFO  segmented.SegmentedRaftLogWorker (SegmentedRaftLogWorker.java:execute(656)) - 0518bc97-31d1-4d4f-b564-52717e813075@group-82A1BD17106F-SegmentedRaftLogWorker: created new log segment /home/runner/work/ozone/ozone/hadoop-ozone/integration-test/target/test-dir/MiniOzoneClusterImpl-0534e788-6c20-4d4d-bf72-3ffae63fff50/datanode-0/data/ratis/2b76d336-8093-4a2f-8e56-82a1bd17106f/current/log_inprogress_0
2023-03-09 15:02:48,665 [0518bc97-31d1-4d4f-b564-52717e813075@group-82A1BD17106F-LeaderElection65] INFO  server.RaftServer$Division (ServerState.java:setRaftConf(430)) - 0518bc97-31d1-4d4f-b564-52717e813075@group-82A1BD17106F: set configuration 0: peers:[0518bc97-31d1-4d4f-b564-52717e813075|rpc:127.0.0.1:37345|dataStream:127.0.0.1:43931|priority:1|startupRole:FOLLOWER]|listeners:[], old=null
2023-03-09 15:02:48,735 [EndpointStateMachine task thread for /127.0.0.1:33275 - 0 ] INFO  ipc.Client (Client.java:handleConnectionFailure(1010)) - Retrying connect to server: localhost/127.0.0.1:33275. Already tried 0 time(s); retry policy is RetryUpToMaximumCountWithFixedSleep(maxRetries=15, sleepTime=1000 MILLISECONDS)
2023-03-09 15:02:48,782 [0518bc97-31d1-4d4f-b564-52717e813075@group-470DB026BB96-FollowerState] INFO  impl.FollowerState (FollowerState.java:run(143)) - 0518bc97-31d1-4d4f-b564-52717e813075@group-470DB026BB96-FollowerState: change to CANDIDATE, lastRpcElapsedTime:5166951607ns, electionTimeout:5166ms
2023-03-09 15:02:48,783 [0518bc97-31d1-4d4f-b564-52717e813075@group-470DB026BB96-FollowerState] INFO  impl.RoleInfo (RoleInfo.java:shutdownFollowerState(110)) - 0518bc97-31d1-4d4f-b564-52717e813075: shutdown 0518bc97-31d1-4d4f-b564-52717e813075@group-470DB026BB96-FollowerState
2023-03-09 15:02:48,783 [0518bc97-31d1-4d4f-b564-52717e813075@group-470DB026BB96-FollowerState] INFO  server.RaftServer$Division (RaftServerImpl.java:setRole(321)) - 0518bc97-31d1-4d4f-b564-52717e813075@group-470DB026BB96: changes role from  FOLLOWER to CANDIDATE at term 0 for changeToCandidate
2023-03-09 15:02:48,783 [0518bc97-31d1-4d4f-b564-52717e813075@group-470DB026BB96-FollowerState] INFO  server.RaftServerConfigKeys (ConfUtils.java:logGet(46)) - raft.server.leaderelection.pre-vote = true (default)
2023-03-09 15:02:48,783 [0518bc97-31d1-4d4f-b564-52717e813075@group-470DB026BB96-FollowerState] INFO  impl.RoleInfo (RoleInfo.java:updateAndGet(139)) - 0518bc97-31d1-4d4f-b564-52717e813075: start 0518bc97-31d1-4d4f-b564-52717e813075@group-470DB026BB96-LeaderElection66
2023-03-09 15:02:48,787 [0518bc97-31d1-4d4f-b564-52717e813075@group-470DB026BB96-LeaderElection66] INFO  impl.LeaderElection (LeaderElection.java:askForVotes(312)) - 0518bc97-31d1-4d4f-b564-52717e813075@group-470DB026BB96-LeaderElection66 PRE_VOTE round 0: submit vote requests at term 0 for -1: peers:[b86bebd9-3a13-457a-9b1b-8645409d7c66|rpc:127.0.0.1:46729|dataStream:127.0.0.1:45541|priority:0|startupRole:FOLLOWER, ee096506-a68b-4f48-b344-eadbf7b61204|rpc:127.0.0.1:41907|dataStream:127.0.0.1:44575|priority:0|startupRole:FOLLOWER, 0518bc97-31d1-4d4f-b564-52717e813075|rpc:127.0.0.1:37345|dataStream:127.0.0.1:43931|priority:1|startupRole:FOLLOWER]|listeners:[], old=null
2023-03-09 15:02:48,787 [0518bc97-31d1-4d4f-b564-52717e813075@group-470DB026BB96-LeaderElection66] INFO  server.RaftServerConfigKeys (ConfUtils.java:logFallback(53)) - raft.server.rpc.first-election.timeout.min = 5s (fallback to raft.server.rpc.timeout.min)
2023-03-09 15:02:48,787 [0518bc97-31d1-4d4f-b564-52717e813075@group-470DB026BB96-LeaderElection66-1] INFO  server.GrpcServerProtocolClient (GrpcServerProtocolClient.java:<init>(63)) - Build channel for b86bebd9-3a13-457a-9b1b-8645409d7c66
2023-03-09 15:02:48,787 [0518bc97-31d1-4d4f-b564-52717e813075@group-470DB026BB96-LeaderElection66] INFO  server.RaftServerConfigKeys (ConfUtils.java:logFallback(53)) - raft.server.rpc.first-election.timeout.max = 5200ms (fallback to raft.server.rpc.timeout.max)
2023-03-09 15:02:48,788 [0518bc97-31d1-4d4f-b564-52717e813075@group-470DB026BB96-LeaderElection66-2] INFO  server.GrpcServerProtocolClient (GrpcServerProtocolClient.java:<init>(63)) - Build channel for ee096506-a68b-4f48-b344-eadbf7b61204
2023-03-09 15:02:48,789 [b86bebd9-3a13-457a-9b1b-8645409d7c66@group-470DB026BB96-FollowerState] INFO  impl.FollowerState (FollowerState.java:run(143)) - b86bebd9-3a13-457a-9b1b-8645409d7c66@group-470DB026BB96-FollowerState: change to CANDIDATE, lastRpcElapsedTime:5086201039ns, electionTimeout:5083ms
2023-03-09 15:02:48,789 [b86bebd9-3a13-457a-9b1b-8645409d7c66@group-470DB026BB96-FollowerState] INFO  impl.RoleInfo (RoleInfo.java:shutdownFollowerState(110)) - b86bebd9-3a13-457a-9b1b-8645409d7c66: shutdown b86bebd9-3a13-457a-9b1b-8645409d7c66@group-470DB026BB96-FollowerState
2023-03-09 15:02:48,789 [b86bebd9-3a13-457a-9b1b-8645409d7c66@group-470DB026BB96-FollowerState] INFO  server.RaftServer$Division (RaftServerImpl.java:setRole(321)) - b86bebd9-3a13-457a-9b1b-8645409d7c66@group-470DB026BB96: changes role from  FOLLOWER to CANDIDATE at term 0 for changeToCandidate
2023-03-09 15:02:48,789 [b86bebd9-3a13-457a-9b1b-8645409d7c66@group-470DB026BB96-FollowerState] INFO  server.RaftServerConfigKeys (ConfUtils.java:logGet(46)) - raft.server.leaderelection.pre-vote = true (default)
2023-03-09 15:02:48,789 [b86bebd9-3a13-457a-9b1b-8645409d7c66@group-470DB026BB96-FollowerState] INFO  impl.RoleInfo (RoleInfo.java:updateAndGet(139)) - b86bebd9-3a13-457a-9b1b-8645409d7c66: start b86bebd9-3a13-457a-9b1b-8645409d7c66@group-470DB026BB96-LeaderElection67
2023-03-09 15:02:48,817 [ee096506-a68b-4f48-b344-eadbf7b61204@group-70735C1B44CC-FollowerState] INFO  impl.FollowerState (FollowerState.java:run(143)) - ee096506-a68b-4f48-b344-eadbf7b61204@group-70735C1B44CC-FollowerState: change to CANDIDATE, lastRpcElapsedTime:5031137082ns, electionTimeout:5029ms
2023-03-09 15:02:48,817 [grpc-default-executor-11] INFO  server.RaftServer$Division (RaftServerImpl.java:requestVote(1218)) - b86bebd9-3a13-457a-9b1b-8645409d7c66@group-470DB026BB96: receive requestVote(PRE_VOTE, 0518bc97-31d1-4d4f-b564-52717e813075, group-470DB026BB96, 0, (t:0, i:0))
2023-03-09 15:02:48,817 [ee096506-a68b-4f48-b344-eadbf7b61204@group-70735C1B44CC-FollowerState] INFO  impl.RoleInfo (RoleInfo.java:shutdownFollowerState(110)) - ee096506-a68b-4f48-b344-eadbf7b61204: shutdown ee096506-a68b-4f48-b344-eadbf7b61204@group-70735C1B44CC-FollowerState
2023-03-09 15:02:48,817 [grpc-default-executor-11] INFO  impl.VoteContext (VoteContext.java:log(49)) - b86bebd9-3a13-457a-9b1b-8645409d7c66@group-470DB026BB96-CANDIDATE: accept PRE_VOTE from 0518bc97-31d1-4d4f-b564-52717e813075: our priority 0 <= candidate's priority 1
2023-03-09 15:02:48,817 [ee096506-a68b-4f48-b344-eadbf7b61204@group-70735C1B44CC-FollowerState] INFO  server.RaftServer$Division (RaftServerImpl.java:setRole(321)) - ee096506-a68b-4f48-b344-eadbf7b61204@group-70735C1B44CC: changes role from  FOLLOWER to CANDIDATE at term 0 for changeToCandidate
2023-03-09 15:02:48,818 [grpc-default-executor-11] INFO  server.RaftServer$Division (RaftServerImpl.java:requestVote(1251)) - b86bebd9-3a13-457a-9b1b-8645409d7c66@group-470DB026BB96 replies to PRE_VOTE vote request: 0518bc97-31d1-4d4f-b564-52717e813075<-b86bebd9-3a13-457a-9b1b-8645409d7c66#0:OK-t0. Peer's state: b86bebd9-3a13-457a-9b1b-8645409d7c66@group-470DB026BB96:t0, leader=null, voted=, raftlog=Memoized:b86bebd9-3a13-457a-9b1b-8645409d7c66@group-470DB026BB96-SegmentedRaftLog:OPENED:c-1, conf=-1: peers:[b86bebd9-3a13-457a-9b1b-8645409d7c66|rpc:127.0.0.1:46729|dataStream:127.0.0.1:45541|priority:0|startupRole:FOLLOWER, ee096506-a68b-4f48-b344-eadbf7b61204|rpc:127.0.0.1:41907|dataStream:127.0.0.1:44575|priority:0|startupRole:FOLLOWER, 0518bc97-31d1-4d4f-b564-52717e813075|rpc:127.0.0.1:37345|dataStream:127.0.0.1:43931|priority:1|startupRole:FOLLOWER]|listeners:[], old=null
2023-03-09 15:02:48,818 [grpc-default-executor-15] INFO  server.RaftServer$Division (RaftServerImpl.java:requestVote(1218)) - ee096506-a68b-4f48-b344-eadbf7b61204@group-470DB026BB96: receive requestVote(PRE_VOTE, 0518bc97-31d1-4d4f-b564-52717e813075, group-470DB026BB96, 0, (t:0, i:0))
2023-03-09 15:02:48,818 [grpc-default-executor-15] INFO  impl.VoteContext (VoteContext.java:log(49)) - ee096506-a68b-4f48-b344-eadbf7b61204@group-470DB026BB96-FOLLOWER: accept PRE_VOTE from 0518bc97-31d1-4d4f-b564-52717e813075: our priority 0 <= candidate's priority 1
2023-03-09 15:02:48,819 [grpc-default-executor-15] INFO  server.RaftServer$Division (RaftServerImpl.java:requestVote(1251)) - ee096506-a68b-4f48-b344-eadbf7b61204@group-470DB026BB96 replies to PRE_VOTE vote request: 0518bc97-31d1-4d4f-b564-52717e813075<-ee096506-a68b-4f48-b344-eadbf7b61204#0:OK-t0. Peer's state: ee096506-a68b-4f48-b344-eadbf7b61204@group-470DB026BB96:t0, leader=null, voted=, raftlog=Memoized:ee096506-a68b-4f48-b344-eadbf7b61204@group-470DB026BB96-SegmentedRaftLog:OPENED:c-1, conf=-1: peers:[b86bebd9-3a13-457a-9b1b-8645409d7c66|rpc:127.0.0.1:46729|dataStream:127.0.0.1:45541|priority:0|startupRole:FOLLOWER, ee096506-a68b-4f48-b344-eadbf7b61204|rpc:127.0.0.1:41907|dataStream:127.0.0.1:44575|priority:0|startupRole:FOLLOWER, 0518bc97-31d1-4d4f-b564-52717e813075|rpc:127.0.0.1:37345|dataStream:127.0.0.1:43931|priority:1|startupRole:FOLLOWER]|listeners:[], old=null
2023-03-09 15:02:48,818 [ee096506-a68b-4f48-b344-eadbf7b61204@group-70735C1B44CC-FollowerState] INFO  server.RaftServerConfigKeys (ConfUtils.java:logGet(46)) - raft.server.leaderelection.pre-vote = true (default)
2023-03-09 15:02:48,819 [ee096506-a68b-4f48-b344-eadbf7b61204@group-70735C1B44CC-FollowerState] INFO  impl.RoleInfo (RoleInfo.java:updateAndGet(139)) - ee096506-a68b-4f48-b344-eadbf7b61204: start ee096506-a68b-4f48-b344-eadbf7b61204@group-70735C1B44CC-LeaderElection68
2023-03-09 15:02:48,819 [b86bebd9-3a13-457a-9b1b-8645409d7c66@group-470DB026BB96-LeaderElection67] INFO  impl.LeaderElection (LeaderElection.java:askForVotes(312)) - b86bebd9-3a13-457a-9b1b-8645409d7c66@group-470DB026BB96-LeaderElection67 PRE_VOTE round 0: submit vote requests at term 0 for -1: peers:[b86bebd9-3a13-457a-9b1b-8645409d7c66|rpc:127.0.0.1:46729|dataStream:127.0.0.1:45541|priority:0|startupRole:FOLLOWER, ee096506-a68b-4f48-b344-eadbf7b61204|rpc:127.0.0.1:41907|dataStream:127.0.0.1:44575|priority:0|startupRole:FOLLOWER, 0518bc97-31d1-4d4f-b564-52717e813075|rpc:127.0.0.1:37345|dataStream:127.0.0.1:43931|priority:1|startupRole:FOLLOWER]|listeners:[], old=null
2023-03-09 15:02:48,821 [b86bebd9-3a13-457a-9b1b-8645409d7c66@group-470DB026BB96-LeaderElection67] INFO  server.RaftServerConfigKeys (ConfUtils.java:logFallback(53)) - raft.server.rpc.first-election.timeout.min = 5s (fallback to raft.server.rpc.timeout.min)
2023-03-09 15:02:48,821 [b86bebd9-3a13-457a-9b1b-8645409d7c66@group-470DB026BB96-LeaderElection67] INFO  server.RaftServerConfigKeys (ConfUtils.java:logFallback(53)) - raft.server.rpc.first-election.timeout.max = 5200ms (fallback to raft.server.rpc.timeout.max)
2023-03-09 15:02:48,823 [ee096506-a68b-4f48-b344-eadbf7b61204@group-70735C1B44CC-LeaderElection68] INFO  impl.LeaderElection (LeaderElection.java:askForVotes(312)) - ee096506-a68b-4f48-b344-eadbf7b61204@group-70735C1B44CC-LeaderElection68 PRE_VOTE round 0: submit vote requests at term 0 for -1: peers:[b86bebd9-3a13-457a-9b1b-8645409d7c66|rpc:127.0.0.1:46729|dataStream:127.0.0.1:45541|priority:0|startupRole:FOLLOWER, ee096506-a68b-4f48-b344-eadbf7b61204|rpc:127.0.0.1:41907|dataStream:127.0.0.1:44575|priority:1|startupRole:FOLLOWER, 0518bc97-31d1-4d4f-b564-52717e813075|rpc:127.0.0.1:37345|dataStream:127.0.0.1:43931|priority:0|startupRole:FOLLOWER]|listeners:[], old=null
2023-03-09 15:02:48,823 [ee096506-a68b-4f48-b344-eadbf7b61204@group-70735C1B44CC-LeaderElection68-1] INFO  server.GrpcServerProtocolClient (GrpcServerProtocolClient.java:<init>(63)) - Build channel for b86bebd9-3a13-457a-9b1b-8645409d7c66
2023-03-09 15:02:48,826 [ee096506-a68b-4f48-b344-eadbf7b61204@group-70735C1B44CC-LeaderElection68] INFO  server.RaftServerConfigKeys (ConfUtils.java:logFallback(53)) - raft.server.rpc.first-election.timeout.min = 5s (fallback to raft.server.rpc.timeout.min)
2023-03-09 15:02:48,826 [ee096506-a68b-4f48-b344-eadbf7b61204@group-70735C1B44CC-LeaderElection68] INFO  server.RaftServerConfigKeys (ConfUtils.java:logFallback(53)) - raft.server.rpc.first-election.timeout.max = 5200ms (fallback to raft.server.rpc.timeout.max)
2023-03-09 15:02:48,826 [ee096506-a68b-4f48-b344-eadbf7b61204@group-70735C1B44CC-LeaderElection68-2] INFO  server.GrpcServerProtocolClient (GrpcServerProtocolClient.java:<init>(63)) - Build channel for 0518bc97-31d1-4d4f-b564-52717e813075
2023-03-09 15:02:48,830 [0518bc97-31d1-4d4f-b564-52717e813075@group-470DB026BB96-LeaderElection66] INFO  impl.LeaderElection (LeaderElection.java:logAndReturn(90)) - 0518bc97-31d1-4d4f-b564-52717e813075@group-470DB026BB96-LeaderElection66: PRE_VOTE PASSED received 1 response(s) and 0 exception(s):
2023-03-09 15:02:48,830 [0518bc97-31d1-4d4f-b564-52717e813075@group-470DB026BB96-LeaderElection66] INFO  impl.LeaderElection (LeaderElection.java:logAndReturn(94)) -   Response 0: 0518bc97-31d1-4d4f-b564-52717e813075<-b86bebd9-3a13-457a-9b1b-8645409d7c66#0:OK-t0
2023-03-09 15:02:48,830 [0518bc97-31d1-4d4f-b564-52717e813075@group-470DB026BB96-LeaderElection66] INFO  impl.LeaderElection (LeaderElection.java:askForVotes(314)) - 0518bc97-31d1-4d4f-b564-52717e813075@group-470DB026BB96-LeaderElection66 PRE_VOTE round 0: result PASSED
2023-03-09 15:02:48,831 [grpc-default-executor-11] INFO  server.RaftServer$Division (RaftServerImpl.java:requestVote(1218)) - b86bebd9-3a13-457a-9b1b-8645409d7c66@group-70735C1B44CC: receive requestVote(PRE_VOTE, ee096506-a68b-4f48-b344-eadbf7b61204, group-70735C1B44CC, 0, (t:0, i:0))
2023-03-09 15:02:48,831 [grpc-default-executor-11] INFO  impl.VoteContext (VoteContext.java:log(49)) - b86bebd9-3a13-457a-9b1b-8645409d7c66@group-70735C1B44CC-FOLLOWER: accept PRE_VOTE from ee096506-a68b-4f48-b344-eadbf7b61204: our priority 0 <= candidate's priority 1
2023-03-09 15:02:48,831 [grpc-default-executor-11] INFO  server.RaftServer$Division (RaftServerImpl.java:requestVote(1251)) - b86bebd9-3a13-457a-9b1b-8645409d7c66@group-70735C1B44CC replies to PRE_VOTE vote request: ee096506-a68b-4f48-b344-eadbf7b61204<-b86bebd9-3a13-457a-9b1b-8645409d7c66#0:OK-t0. Peer's state: b86bebd9-3a13-457a-9b1b-8645409d7c66@group-70735C1B44CC:t0, leader=null, voted=, raftlog=Memoized:b86bebd9-3a13-457a-9b1b-8645409d7c66@group-70735C1B44CC-SegmentedRaftLog:OPENED:c-1, conf=-1: peers:[b86bebd9-3a13-457a-9b1b-8645409d7c66|rpc:127.0.0.1:46729|dataStream:127.0.0.1:45541|priority:0|startupRole:FOLLOWER, ee096506-a68b-4f48-b344-eadbf7b61204|rpc:127.0.0.1:41907|dataStream:127.0.0.1:44575|priority:1|startupRole:FOLLOWER, 0518bc97-31d1-4d4f-b564-52717e813075|rpc:127.0.0.1:37345|dataStream:127.0.0.1:43931|priority:0|startupRole:FOLLOWER]|listeners:[], old=null
2023-03-09 15:02:48,832 [0518bc97-31d1-4d4f-b564-52717e813075@group-470DB026BB96-LeaderElection66] INFO  impl.LeaderElection (LeaderElection.java:askForVotes(312)) - 0518bc97-31d1-4d4f-b564-52717e813075@group-470DB026BB96-LeaderElection66 ELECTION round 0: submit vote requests at term 1 for -1: peers:[b86bebd9-3a13-457a-9b1b-8645409d7c66|rpc:127.0.0.1:46729|dataStream:127.0.0.1:45541|priority:0|startupRole:FOLLOWER, ee096506-a68b-4f48-b344-eadbf7b61204|rpc:127.0.0.1:41907|dataStream:127.0.0.1:44575|priority:0|startupRole:FOLLOWER, 0518bc97-31d1-4d4f-b564-52717e813075|rpc:127.0.0.1:37345|dataStream:127.0.0.1:43931|priority:1|startupRole:FOLLOWER]|listeners:[], old=null
2023-03-09 15:02:48,833 [b86bebd9-3a13-457a-9b1b-8645409d7c66@group-470DB026BB96-LeaderElection67-1] INFO  server.GrpcServerProtocolClient (GrpcServerProtocolClient.java:<init>(63)) - Build channel for ee096506-a68b-4f48-b344-eadbf7b61204
2023-03-09 15:02:48,834 [b86bebd9-3a13-457a-9b1b-8645409d7c66@group-470DB026BB96-LeaderElection67-2] INFO  server.GrpcServerProtocolClient (GrpcServerProtocolClient.java:<init>(63)) - Build channel for 0518bc97-31d1-4d4f-b564-52717e813075
2023-03-09 15:02:48,841 [ee096506-a68b-4f48-b344-eadbf7b61204@group-70735C1B44CC-LeaderElection68] INFO  impl.LeaderElection (LeaderElection.java:logAndReturn(90)) - ee096506-a68b-4f48-b344-eadbf7b61204@group-70735C1B44CC-LeaderElection68: PRE_VOTE PASSED received 1 response(s) and 0 exception(s):
2023-03-09 15:02:48,841 [ee096506-a68b-4f48-b344-eadbf7b61204@group-70735C1B44CC-LeaderElection68] INFO  impl.LeaderElection (LeaderElection.java:logAndReturn(94)) -   Response 0: ee096506-a68b-4f48-b344-eadbf7b61204<-b86bebd9-3a13-457a-9b1b-8645409d7c66#0:OK-t0
2023-03-09 15:02:48,841 [ee096506-a68b-4f48-b344-eadbf7b61204@group-70735C1B44CC-LeaderElection68] INFO  impl.LeaderElection (LeaderElection.java:askForVotes(314)) - ee096506-a68b-4f48-b344-eadbf7b61204@group-70735C1B44CC-LeaderElection68 PRE_VOTE round 0: result PASSED
2023-03-09 15:02:48,844 [ee096506-a68b-4f48-b344-eadbf7b61204@group-70735C1B44CC-LeaderElection68] INFO  impl.LeaderElection (LeaderElection.java:askForVotes(312)) - ee096506-a68b-4f48-b344-eadbf7b61204@group-70735C1B44CC-LeaderElection68 ELECTION round 0: submit vote requests at term 1 for -1: peers:[b86bebd9-3a13-457a-9b1b-8645409d7c66|rpc:127.0.0.1:46729|dataStream:127.0.0.1:45541|priority:0|startupRole:FOLLOWER, ee096506-a68b-4f48-b344-eadbf7b61204|rpc:127.0.0.1:41907|dataStream:127.0.0.1:44575|priority:1|startupRole:FOLLOWER, 0518bc97-31d1-4d4f-b564-52717e813075|rpc:127.0.0.1:37345|dataStream:127.0.0.1:43931|priority:0|startupRole:FOLLOWER]|listeners:[], old=null
2023-03-09 15:02:48,847 [ee096506-a68b-4f48-b344-eadbf7b61204@group-70735C1B44CC-LeaderElection68] INFO  server.RaftServerConfigKeys (ConfUtils.java:logFallback(53)) - raft.server.rpc.first-election.timeout.min = 5s (fallback to raft.server.rpc.timeout.min)
2023-03-09 15:02:48,847 [ee096506-a68b-4f48-b344-eadbf7b61204@group-70735C1B44CC-LeaderElection68] INFO  server.RaftServerConfigKeys (ConfUtils.java:logFallback(53)) - raft.server.rpc.first-election.timeout.max = 5200ms (fallback to raft.server.rpc.timeout.max)
2023-03-09 15:02:48,861 [0518bc97-31d1-4d4f-b564-52717e813075@group-470DB026BB96-LeaderElection66] INFO  server.RaftServerConfigKeys (ConfUtils.java:logFallback(53)) - raft.server.rpc.first-election.timeout.min = 5s (fallback to raft.server.rpc.timeout.min)
2023-03-09 15:02:48,861 [grpc-default-executor-11] INFO  server.RaftServer$Division (RaftServerImpl.java:requestVote(1218)) - ee096506-a68b-4f48-b344-eadbf7b61204@group-470DB026BB96: receive requestVote(PRE_VOTE, b86bebd9-3a13-457a-9b1b-8645409d7c66, group-470DB026BB96, 0, (t:0, i:0))
2023-03-09 15:02:48,862 [grpc-default-executor-8] INFO  server.RaftServer$Division (RaftServerImpl.java:requestVote(1218)) - b86bebd9-3a13-457a-9b1b-8645409d7c66@group-70735C1B44CC: receive requestVote(ELECTION, ee096506-a68b-4f48-b344-eadbf7b61204, group-70735C1B44CC, 1, (t:0, i:0))
2023-03-09 15:02:48,862 [grpc-default-executor-14] INFO  server.RaftServer$Division (RaftServerImpl.java:requestVote(1218)) - b86bebd9-3a13-457a-9b1b-8645409d7c66@group-470DB026BB96: receive requestVote(ELECTION, 0518bc97-31d1-4d4f-b564-52717e813075, group-470DB026BB96, 1, (t:0, i:0))
2023-03-09 15:02:48,862 [grpc-default-executor-14] INFO  impl.VoteContext (VoteContext.java:log(49)) - b86bebd9-3a13-457a-9b1b-8645409d7c66@group-470DB026BB96-CANDIDATE: accept ELECTION from 0518bc97-31d1-4d4f-b564-52717e813075: our priority 0 <= candidate's priority 1
2023-03-09 15:02:48,862 [grpc-default-executor-14] INFO  server.RaftServer$Division (RaftServerImpl.java:setRole(321)) - b86bebd9-3a13-457a-9b1b-8645409d7c66@group-470DB026BB96: changes role from CANDIDATE to FOLLOWER at term 1 for candidate:0518bc97-31d1-4d4f-b564-52717e813075
2023-03-09 15:02:48,862 [grpc-default-executor-14] INFO  impl.RoleInfo (RoleInfo.java:shutdownLeaderElection(130)) - b86bebd9-3a13-457a-9b1b-8645409d7c66: shutdown b86bebd9-3a13-457a-9b1b-8645409d7c66@group-470DB026BB96-LeaderElection67
2023-03-09 15:02:48,862 [grpc-default-executor-16] INFO  server.RaftServer$Division (RaftServerImpl.java:requestVote(1218)) - 0518bc97-31d1-4d4f-b564-52717e813075@group-70735C1B44CC: receive requestVote(ELECTION, ee096506-a68b-4f48-b344-eadbf7b61204, group-70735C1B44CC, 1, (t:0, i:0))
2023-03-09 15:02:48,862 [grpc-default-executor-16] INFO  impl.VoteContext (VoteContext.java:log(49)) - 0518bc97-31d1-4d4f-b564-52717e813075@group-70735C1B44CC-FOLLOWER: accept ELECTION from ee096506-a68b-4f48-b344-eadbf7b61204: our priority 0 <= candidate's priority 1
2023-03-09 15:02:48,861 [grpc-default-executor-15] INFO  server.RaftServer$Division (RaftServerImpl.java:requestVote(1218)) - 0518bc97-31d1-4d4f-b564-52717e813075@group-70735C1B44CC: receive requestVote(PRE_VOTE, ee096506-a68b-4f48-b344-eadbf7b61204, group-70735C1B44CC, 0, (t:0, i:0))
2023-03-09 15:02:48,862 [grpc-default-executor-16] INFO  server.RaftServer$Division (RaftServerImpl.java:setRole(321)) - 0518bc97-31d1-4d4f-b564-52717e813075@group-70735C1B44CC: changes role from  FOLLOWER to FOLLOWER at term 1 for candidate:ee096506-a68b-4f48-b344-eadbf7b61204
2023-03-09 15:02:48,865 [grpc-default-executor-16] INFO  impl.RoleInfo (RoleInfo.java:shutdownFollowerState(110)) - 0518bc97-31d1-4d4f-b564-52717e813075: shutdown 0518bc97-31d1-4d4f-b564-52717e813075@group-70735C1B44CC-FollowerState
2023-03-09 15:02:48,863 [grpc-default-executor-8] INFO  impl.VoteContext (VoteContext.java:log(49)) - b86bebd9-3a13-457a-9b1b-8645409d7c66@group-70735C1B44CC-FOLLOWER: accept ELECTION from ee096506-a68b-4f48-b344-eadbf7b61204: our priority 0 <= candidate's priority 1
2023-03-09 15:02:48,865 [grpc-default-executor-8] INFO  server.RaftServer$Division (RaftServerImpl.java:setRole(321)) - b86bebd9-3a13-457a-9b1b-8645409d7c66@group-70735C1B44CC: changes role from  FOLLOWER to FOLLOWER at term 1 for candidate:ee096506-a68b-4f48-b344-eadbf7b61204
2023-03-09 15:02:48,865 [0518bc97-31d1-4d4f-b564-52717e813075@group-70735C1B44CC-FollowerState] INFO  impl.FollowerState (FollowerState.java:run(152)) - 0518bc97-31d1-4d4f-b564-52717e813075@group-70735C1B44CC-FollowerState was interrupted
2023-03-09 15:02:48,865 [grpc-default-executor-8] INFO  impl.RoleInfo (RoleInfo.java:shutdownFollowerState(110)) - b86bebd9-3a13-457a-9b1b-8645409d7c66: shutdown b86bebd9-3a13-457a-9b1b-8645409d7c66@group-70735C1B44CC-FollowerState
2023-03-09 15:02:48,865 [grpc-default-executor-8] INFO  impl.RoleInfo (RoleInfo.java:updateAndGet(139)) - b86bebd9-3a13-457a-9b1b-8645409d7c66: start b86bebd9-3a13-457a-9b1b-8645409d7c66@group-70735C1B44CC-FollowerState
2023-03-09 15:02:48,863 [grpc-default-executor-11] INFO  impl.VoteContext (VoteContext.java:log(49)) - ee096506-a68b-4f48-b344-eadbf7b61204@group-470DB026BB96-FOLLOWER: accept PRE_VOTE from b86bebd9-3a13-457a-9b1b-8645409d7c66: our priority 0 <= candidate's priority 0
2023-03-09 15:02:48,866 [b86bebd9-3a13-457a-9b1b-8645409d7c66@group-70735C1B44CC-FollowerState] INFO  impl.FollowerState (FollowerState.java:run(152)) - b86bebd9-3a13-457a-9b1b-8645409d7c66@group-70735C1B44CC-FollowerState was interrupted
2023-03-09 15:02:48,866 [grpc-default-executor-11] INFO  server.RaftServer$Division (RaftServerImpl.java:requestVote(1251)) - ee096506-a68b-4f48-b344-eadbf7b61204@group-470DB026BB96 replies to PRE_VOTE vote request: b86bebd9-3a13-457a-9b1b-8645409d7c66<-ee096506-a68b-4f48-b344-eadbf7b61204#0:OK-t0. Peer's state: ee096506-a68b-4f48-b344-eadbf7b61204@group-470DB026BB96:t0, leader=null, voted=, raftlog=Memoized:ee096506-a68b-4f48-b344-eadbf7b61204@group-470DB026BB96-SegmentedRaftLog:OPENED:c-1, conf=-1: peers:[b86bebd9-3a13-457a-9b1b-8645409d7c66|rpc:127.0.0.1:46729|dataStream:127.0.0.1:45541|priority:0|startupRole:FOLLOWER, ee096506-a68b-4f48-b344-eadbf7b61204|rpc:127.0.0.1:41907|dataStream:127.0.0.1:44575|priority:0|startupRole:FOLLOWER, 0518bc97-31d1-4d4f-b564-52717e813075|rpc:127.0.0.1:37345|dataStream:127.0.0.1:43931|priority:1|startupRole:FOLLOWER]|listeners:[], old=null
2023-03-09 15:02:48,862 [grpc-default-executor-13] INFO  server.RaftServer$Division (RaftServerImpl.java:requestVote(1218)) - 0518bc97-31d1-4d4f-b564-52717e813075@group-470DB026BB96: receive requestVote(PRE_VOTE, b86bebd9-3a13-457a-9b1b-8645409d7c66, group-470DB026BB96, 0, (t:0, i:0))
2023-03-09 15:02:48,866 [grpc-default-executor-13] INFO  impl.VoteContext (VoteContext.java:log(49)) - 0518bc97-31d1-4d4f-b564-52717e813075@group-470DB026BB96-CANDIDATE: reject PRE_VOTE from b86bebd9-3a13-457a-9b1b-8645409d7c66: our priority 1 > candidate's priority 0
2023-03-09 15:02:48,866 [grpc-default-executor-13] INFO  server.RaftServer$Division (RaftServerImpl.java:requestVote(1251)) - 0518bc97-31d1-4d4f-b564-52717e813075@group-470DB026BB96 replies to PRE_VOTE vote request: b86bebd9-3a13-457a-9b1b-8645409d7c66<-0518bc97-31d1-4d4f-b564-52717e813075#0:FAIL-t1. Peer's state: 0518bc97-31d1-4d4f-b564-52717e813075@group-470DB026BB96:t1, leader=null, voted=0518bc97-31d1-4d4f-b564-52717e813075, raftlog=Memoized:0518bc97-31d1-4d4f-b564-52717e813075@group-470DB026BB96-SegmentedRaftLog:OPENED:c-1, conf=-1: peers:[b86bebd9-3a13-457a-9b1b-8645409d7c66|rpc:127.0.0.1:46729|dataStream:127.0.0.1:45541|priority:0|startupRole:FOLLOWER, ee096506-a68b-4f48-b344-eadbf7b61204|rpc:127.0.0.1:41907|dataStream:127.0.0.1:44575|priority:0|startupRole:FOLLOWER, 0518bc97-31d1-4d4f-b564-52717e813075|rpc:127.0.0.1:37345|dataStream:127.0.0.1:43931|priority:1|startupRole:FOLLOWER]|listeners:[], old=null
2023-03-09 15:02:48,862 [grpc-default-executor-14] INFO  impl.RoleInfo (RoleInfo.java:updateAndGet(139)) - b86bebd9-3a13-457a-9b1b-8645409d7c66: start b86bebd9-3a13-457a-9b1b-8645409d7c66@group-470DB026BB96-FollowerState
2023-03-09 15:02:48,867 [ee096506-a68b-4f48-b344-eadbf7b61204@group-470DB026BB96-FollowerState] INFO  server.RaftServerConfigKeys (ConfUtils.java:logFallback(53)) - raft.server.rpc.first-election.timeout.min = 5s (fallback to raft.server.rpc.timeout.min)
2023-03-09 15:02:48,867 [b86bebd9-3a13-457a-9b1b-8645409d7c66@group-70735C1B44CC-FollowerState] INFO  server.RaftServerConfigKeys (ConfUtils.java:logFallback(53)) - raft.server.rpc.first-election.timeout.min = 5s (fallback to raft.server.rpc.timeout.min)
2023-03-09 15:02:48,867 [ee096506-a68b-4f48-b344-eadbf7b61204@group-470DB026BB96-FollowerState] INFO  server.RaftServerConfigKeys (ConfUtils.java:logFallback(53)) - raft.server.rpc.first-election.timeout.max = 5200ms (fallback to raft.server.rpc.timeout.max)
2023-03-09 15:02:48,861 [0518bc97-31d1-4d4f-b564-52717e813075@group-470DB026BB96-LeaderElection66] INFO  server.RaftServerConfigKeys (ConfUtils.java:logFallback(53)) - raft.server.rpc.first-election.timeout.max = 5200ms (fallback to raft.server.rpc.timeout.max)
2023-03-09 15:02:48,867 [b86bebd9-3a13-457a-9b1b-8645409d7c66@group-70735C1B44CC-FollowerState] INFO  server.RaftServerConfigKeys (ConfUtils.java:logFallback(53)) - raft.server.rpc.first-election.timeout.max = 5200ms (fallback to raft.server.rpc.timeout.max)
2023-03-09 15:02:48,865 [grpc-default-executor-16] INFO  impl.RoleInfo (RoleInfo.java:updateAndGet(139)) - 0518bc97-31d1-4d4f-b564-52717e813075: start 0518bc97-31d1-4d4f-b564-52717e813075@group-70735C1B44CC-FollowerState
2023-03-09 15:02:48,868 [b86bebd9-3a13-457a-9b1b-8645409d7c66@group-470DB026BB96-LeaderElection67] INFO  impl.LeaderElection (LeaderElection.java:logAndReturn(90)) - b86bebd9-3a13-457a-9b1b-8645409d7c66@group-470DB026BB96-LeaderElection67: PRE_VOTE PASSED received 1 response(s) and 0 exception(s):
2023-03-09 15:02:48,868 [b86bebd9-3a13-457a-9b1b-8645409d7c66@group-470DB026BB96-LeaderElection67] INFO  impl.LeaderElection (LeaderElection.java:logAndReturn(94)) -   Response 0: b86bebd9-3a13-457a-9b1b-8645409d7c66<-ee096506-a68b-4f48-b344-eadbf7b61204#0:OK-t0
2023-03-09 15:02:48,867 [grpc-default-executor-8] INFO  server.RaftServer$Division (RaftServerImpl.java:requestVote(1251)) - b86bebd9-3a13-457a-9b1b-8645409d7c66@group-70735C1B44CC replies to ELECTION vote request: ee096506-a68b-4f48-b344-eadbf7b61204<-b86bebd9-3a13-457a-9b1b-8645409d7c66#0:OK-t1. Peer's state: b86bebd9-3a13-457a-9b1b-8645409d7c66@group-70735C1B44CC:t1, leader=null, voted=ee096506-a68b-4f48-b344-eadbf7b61204, raftlog=Memoized:b86bebd9-3a13-457a-9b1b-8645409d7c66@group-70735C1B44CC-SegmentedRaftLog:OPENED:c-1, conf=-1: peers:[b86bebd9-3a13-457a-9b1b-8645409d7c66|rpc:127.0.0.1:46729|dataStream:127.0.0.1:45541|priority:0|startupRole:FOLLOWER, ee096506-a68b-4f48-b344-eadbf7b61204|rpc:127.0.0.1:41907|dataStream:127.0.0.1:44575|priority:1|startupRole:FOLLOWER, 0518bc97-31d1-4d4f-b564-52717e813075|rpc:127.0.0.1:37345|dataStream:127.0.0.1:43931|priority:0|startupRole:FOLLOWER]|listeners:[], old=null
2023-03-09 15:02:48,868 [grpc-default-executor-14] INFO  server.RaftServer$Division (RaftServerImpl.java:requestVote(1251)) - b86bebd9-3a13-457a-9b1b-8645409d7c66@group-470DB026BB96 replies to ELECTION vote request: 0518bc97-31d1-4d4f-b564-52717e813075<-b86bebd9-3a13-457a-9b1b-8645409d7c66#0:OK-t1. Peer's state: b86bebd9-3a13-457a-9b1b-8645409d7c66@group-470DB026BB96:t1, leader=null, voted=0518bc97-31d1-4d4f-b564-52717e813075, raftlog=Memoized:b86bebd9-3a13-457a-9b1b-8645409d7c66@group-470DB026BB96-SegmentedRaftLog:OPENED:c-1, conf=-1: peers:[b86bebd9-3a13-457a-9b1b-8645409d7c66|rpc:127.0.0.1:46729|dataStream:127.0.0.1:45541|priority:0|startupRole:FOLLOWER, ee096506-a68b-4f48-b344-eadbf7b61204|rpc:127.0.0.1:41907|dataStream:127.0.0.1:44575|priority:0|startupRole:FOLLOWER, 0518bc97-31d1-4d4f-b564-52717e813075|rpc:127.0.0.1:37345|dataStream:127.0.0.1:43931|priority:1|startupRole:FOLLOWER]|listeners:[], old=null
2023-03-09 15:02:48,868 [grpc-default-executor-13] INFO  server.RaftServer$Division (RaftServerImpl.java:requestVote(1218)) - ee096506-a68b-4f48-b344-eadbf7b61204@group-470DB026BB96: receive requestVote(ELECTION, 0518bc97-31d1-4d4f-b564-52717e813075, group-470DB026BB96, 1, (t:0, i:0))
2023-03-09 15:02:48,869 [grpc-default-executor-13] INFO  impl.VoteContext (VoteContext.java:log(49)) - ee096506-a68b-4f48-b344-eadbf7b61204@group-470DB026BB96-FOLLOWER: accept ELECTION from 0518bc97-31d1-4d4f-b564-52717e813075: our priority 0 <= candidate's priority 1
2023-03-09 15:02:48,869 [b86bebd9-3a13-457a-9b1b-8645409d7c66@group-470DB026BB96-FollowerState] INFO  server.RaftServerConfigKeys (ConfUtils.java:logFallback(53)) - raft.server.rpc.first-election.timeout.min = 5s (fallback to raft.server.rpc.timeout.min)
2023-03-09 15:02:48,869 [grpc-default-executor-13] INFO  server.RaftServer$Division (RaftServerImpl.java:setRole(321)) - ee096506-a68b-4f48-b344-eadbf7b61204@group-470DB026BB96: changes role from  FOLLOWER to FOLLOWER at term 1 for candidate:0518bc97-31d1-4d4f-b564-52717e813075
2023-03-09 15:02:48,869 [grpc-default-executor-13] INFO  impl.RoleInfo (RoleInfo.java:shutdownFollowerState(110)) - ee096506-a68b-4f48-b344-eadbf7b61204: shutdown ee096506-a68b-4f48-b344-eadbf7b61204@group-470DB026BB96-FollowerState
2023-03-09 15:02:48,869 [b86bebd9-3a13-457a-9b1b-8645409d7c66@group-470DB026BB96-FollowerState] INFO  server.RaftServerConfigKeys (ConfUtils.java:logFallback(53)) - raft.server.rpc.first-election.timeout.max = 5200ms (fallback to raft.server.rpc.timeout.max)
2023-03-09 15:02:48,869 [0518bc97-31d1-4d4f-b564-52717e813075@group-70735C1B44CC-FollowerState] INFO  server.RaftServerConfigKeys (ConfUtils.java:logFallback(53)) - raft.server.rpc.first-election.timeout.min = 5s (fallback to raft.server.rpc.timeout.min)
2023-03-09 15:02:48,870 [0518bc97-31d1-4d4f-b564-52717e813075@group-70735C1B44CC-FollowerState] INFO  server.RaftServerConfigKeys (ConfUtils.java:logFallback(53)) - raft.server.rpc.first-election.timeout.max = 5200ms (fallback to raft.server.rpc.timeout.max)
2023-03-09 15:02:48,870 [ee096506-a68b-4f48-b344-eadbf7b61204@group-70735C1B44CC-LeaderElection68] INFO  impl.LeaderElection (LeaderElection.java:logAndReturn(90)) - ee096506-a68b-4f48-b344-eadbf7b61204@group-70735C1B44CC-LeaderElection68: ELECTION PASSED received 1 response(s) and 0 exception(s):
2023-03-09 15:02:48,870 [0518bc97-31d1-4d4f-b564-52717e813075@group-470DB026BB96-LeaderElection66] INFO  impl.LeaderElection (LeaderElection.java:logAndReturn(90)) - 0518bc97-31d1-4d4f-b564-52717e813075@group-470DB026BB96-LeaderElection66: ELECTION PASSED received 1 response(s) and 0 exception(s):
2023-03-09 15:02:48,870 [0518bc97-31d1-4d4f-b564-52717e813075@group-470DB026BB96-LeaderElection66] INFO  impl.LeaderElection (LeaderElection.java:logAndReturn(94)) -   Response 0: 0518bc97-31d1-4d4f-b564-52717e813075<-b86bebd9-3a13-457a-9b1b-8645409d7c66#0:OK-t1
2023-03-09 15:02:48,870 [0518bc97-31d1-4d4f-b564-52717e813075@group-470DB026BB96-LeaderElection66] INFO  impl.LeaderElection (LeaderElection.java:askForVotes(314)) - 0518bc97-31d1-4d4f-b564-52717e813075@group-470DB026BB96-LeaderElection66 ELECTION round 0: result PASSED
2023-03-09 15:02:48,870 [0518bc97-31d1-4d4f-b564-52717e813075@group-470DB026BB96-LeaderElection66] INFO  impl.RoleInfo (RoleInfo.java:shutdownLeaderElection(130)) - 0518bc97-31d1-4d4f-b564-52717e813075: shutdown 0518bc97-31d1-4d4f-b564-52717e813075@group-470DB026BB96-LeaderElection66
2023-03-09 15:02:48,870 [ee096506-a68b-4f48-b344-eadbf7b61204@group-70735C1B44CC-LeaderElection68] INFO  impl.LeaderElection (LeaderElection.java:logAndReturn(94)) -   Response 0: ee096506-a68b-4f48-b344-eadbf7b61204<-b86bebd9-3a13-457a-9b1b-8645409d7c66#0:OK-t1
2023-03-09 15:02:48,870 [ee096506-a68b-4f48-b344-eadbf7b61204@group-70735C1B44CC-LeaderElection68] INFO  impl.LeaderElection (LeaderElection.java:askForVotes(314)) - ee096506-a68b-4f48-b344-eadbf7b61204@group-70735C1B44CC-LeaderElection68 ELECTION round 0: result PASSED
2023-03-09 15:02:48,870 [ee096506-a68b-4f48-b344-eadbf7b61204@group-70735C1B44CC-LeaderElection68] INFO  impl.RoleInfo (RoleInfo.java:shutdownLeaderElection(130)) - ee096506-a68b-4f48-b344-eadbf7b61204: shutdown ee096506-a68b-4f48-b344-eadbf7b61204@group-70735C1B44CC-LeaderElection68
2023-03-09 15:02:48,870 [0518bc97-31d1-4d4f-b564-52717e813075@group-470DB026BB96-LeaderElection66] INFO  server.RaftServer$Division (RaftServerImpl.java:setRole(321)) - 0518bc97-31d1-4d4f-b564-52717e813075@group-470DB026BB96: changes role from CANDIDATE to LEADER at term 1 for changeToLeader
2023-03-09 15:02:48,870 [ee096506-a68b-4f48-b344-eadbf7b61204@group-70735C1B44CC-LeaderElection68] INFO  server.RaftServer$Division (RaftServerImpl.java:setRole(321)) - ee096506-a68b-4f48-b344-eadbf7b61204@group-70735C1B44CC: changes role from CANDIDATE to LEADER at term 1 for changeToLeader
2023-03-09 15:02:48,870 [0518bc97-31d1-4d4f-b564-52717e813075@group-470DB026BB96-LeaderElection66] INFO  ratis.XceiverServerRatis (XceiverServerRatis.java:handleLeaderChangedNotification(905)) - Leader change notification received for group: group-470DB026BB96 with new leaderId: 0518bc97-31d1-4d4f-b564-52717e813075
2023-03-09 15:02:48,870 [ee096506-a68b-4f48-b344-eadbf7b61204@group-70735C1B44CC-LeaderElection68] INFO  ratis.XceiverServerRatis (XceiverServerRatis.java:handleLeaderChangedNotification(905)) - Leader change notification received for group: group-70735C1B44CC with new leaderId: ee096506-a68b-4f48-b344-eadbf7b61204
2023-03-09 15:02:48,871 [0518bc97-31d1-4d4f-b564-52717e813075@group-470DB026BB96-LeaderElection66] INFO  server.RaftServer$Division (ServerState.java:setLeader(313)) - 0518bc97-31d1-4d4f-b564-52717e813075@group-470DB026BB96: change Leader from null to 0518bc97-31d1-4d4f-b564-52717e813075 at term 1 for becomeLeader, leader elected after 5269ms
2023-03-09 15:02:48,871 [0518bc97-31d1-4d4f-b564-52717e813075@group-470DB026BB96-LeaderElection66] INFO  server.RaftServerConfigKeys (ConfUtils.java:logGet(46)) - raft.server.staging.catchup.gap = 1000 (default)
2023-03-09 15:02:48,871 [0518bc97-31d1-4d4f-b564-52717e813075@group-470DB026BB96-LeaderElection66] INFO  server.RaftServerConfigKeys (ConfUtils.java:logGet(46)) - raft.server.write.element-limit = 1024 (custom)
2023-03-09 15:02:48,871 [0518bc97-31d1-4d4f-b564-52717e813075@group-470DB026BB96-LeaderElection66] INFO  server.RaftServerConfigKeys (ConfUtils.java:logGet(46)) - raft.server.write.byte-limit = 1024 M (=1073741824) (custom)
2023-03-09 15:02:48,871 [0518bc97-31d1-4d4f-b564-52717e813075@group-470DB026BB96-LeaderElection66] INFO  server.RaftServerConfigKeys (ConfUtils.java:logGet(46)) - raft.server.watch.timeout = 180s (custom)
2023-03-09 15:02:48,871 [0518bc97-31d1-4d4f-b564-52717e813075@group-470DB026BB96-LeaderElection66] INFO  server.RaftServerConfigKeys (ConfUtils.java:logGet(46)) - raft.server.watch.timeout.denomination = 1s (default)
2023-03-09 15:02:48,871 [0518bc97-31d1-4d4f-b564-52717e813075@group-470DB026BB96-LeaderElection66] INFO  server.RaftServerConfigKeys (ConfUtils.java:logGet(46)) - raft.server.watch.element-limit = 65536 (default)
2023-03-09 15:02:48,871 [0518bc97-31d1-4d4f-b564-52717e813075@group-470DB026BB96-LeaderElection66] INFO  server.RaftServerConfigKeys (ConfUtils.java:logGet(46)) - raft.server.write.element-limit = 1024 (custom)
2023-03-09 15:02:48,871 [0518bc97-31d1-4d4f-b564-52717e813075@group-470DB026BB96-LeaderElection66] INFO  server.RaftServerConfigKeys (ConfUtils.java:logGet(46)) - raft.server.write.follower.gap.ratio.max = -1.0 (default)
2023-03-09 15:02:48,870 [grpc-default-executor-16] INFO  server.RaftServer$Division (RaftServerImpl.java:requestVote(1251)) - 0518bc97-31d1-4d4f-b564-52717e813075@group-70735C1B44CC replies to ELECTION vote request: ee096506-a68b-4f48-b344-eadbf7b61204<-0518bc97-31d1-4d4f-b564-52717e813075#0:OK-t1. Peer's state: 0518bc97-31d1-4d4f-b564-52717e813075@group-70735C1B44CC:t1, leader=null, voted=ee096506-a68b-4f48-b344-eadbf7b61204, raftlog=Memoized:0518bc97-31d1-4d4f-b564-52717e813075@group-70735C1B44CC-SegmentedRaftLog:OPENED:c-1, conf=-1: peers:[b86bebd9-3a13-457a-9b1b-8645409d7c66|rpc:127.0.0.1:46729|dataStream:127.0.0.1:45541|priority:0|startupRole:FOLLOWER, ee096506-a68b-4f48-b344-eadbf7b61204|rpc:127.0.0.1:41907|dataStream:127.0.0.1:44575|priority:1|startupRole:FOLLOWER, 0518bc97-31d1-4d4f-b564-52717e813075|rpc:127.0.0.1:37345|dataStream:127.0.0.1:43931|priority:0|startupRole:FOLLOWER]|listeners:[], old=null
2023-03-09 15:02:48,872 [grpc-default-executor-15] INFO  impl.VoteContext (VoteContext.java:log(49)) - 0518bc97-31d1-4d4f-b564-52717e813075@group-70735C1B44CC-FOLLOWER: accept PRE_VOTE from ee096506-a68b-4f48-b344-eadbf7b61204: our priority 0 <= candidate's priority 1
2023-03-09 15:02:48,872 [grpc-default-executor-15] INFO  server.RaftServer$Division (RaftServerImpl.java:requestVote(1251)) - 0518bc97-31d1-4d4f-b564-52717e813075@group-70735C1B44CC replies to PRE_VOTE vote request: ee096506-a68b-4f48-b344-eadbf7b61204<-0518bc97-31d1-4d4f-b564-52717e813075#0:OK-t1. Peer's state: 0518bc97-31d1-4d4f-b564-52717e813075@group-70735C1B44CC:t1, leader=null, voted=ee096506-a68b-4f48-b344-eadbf7b61204, raftlog=Memoized:0518bc97-31d1-4d4f-b564-52717e813075@group-70735C1B44CC-SegmentedRaftLog:OPENED:c-1, conf=-1: peers:[b86bebd9-3a13-457a-9b1b-8645409d7c66|rpc:127.0.0.1:46729|dataStream:127.0.0.1:45541|priority:0|startupRole:FOLLOWER, ee096506-a68b-4f48-b344-eadbf7b61204|rpc:127.0.0.1:41907|dataStream:127.0.0.1:44575|priority:1|startupRole:FOLLOWER, 0518bc97-31d1-4d4f-b564-52717e813075|rpc:127.0.0.1:37345|dataStream:127.0.0.1:43931|priority:0|startupRole:FOLLOWER]|listeners:[], old=null
2023-03-09 15:02:48,872 [0518bc97-31d1-4d4f-b564-52717e813075@group-470DB026BB96-LeaderElection66] INFO  server.RaftServerConfigKeys (ConfUtils.java:logGet(46)) - raft.server.log.appender.snapshot.chunk.size.max = 16MB (=16777216) (default)
2023-03-09 15:02:48,872 [0518bc97-31d1-4d4f-b564-52717e813075@group-470DB026BB96-LeaderElection66] INFO  server.RaftServerConfigKeys (ConfUtils.java:logGet(46)) - raft.server.log.appender.buffer.byte-limit = 33554432 (custom)
2023-03-09 15:02:48,872 [0518bc97-31d1-4d4f-b564-52717e813075@group-470DB026BB96-LeaderElection66] INFO  server.RaftServerConfigKeys (ConfUtils.java:logGet(46)) - raft.server.log.appender.buffer.element-limit = 1 (custom)
2023-03-09 15:02:48,872 [0518bc97-31d1-4d4f-b564-52717e813075@group-470DB026BB96-LeaderElection66] INFO  grpc.GrpcConfigKeys (ConfUtils.java:logGet(46)) - raft.grpc.server.leader.outstanding.appends.max = 128 (default)
2023-03-09 15:02:48,872 [0518bc97-31d1-4d4f-b564-52717e813075@group-470DB026BB96-LeaderElection66] INFO  server.RaftServerConfigKeys (ConfUtils.java:logGet(46)) - raft.server.rpc.request.timeout = 60s (custom)
2023-03-09 15:02:48,872 [0518bc97-31d1-4d4f-b564-52717e813075@group-470DB026BB96-LeaderElection66] INFO  server.RaftServerConfigKeys (ConfUtils.java:logGet(46)) - raft.server.log.appender.install.snapshot.enabled = false (custom)
2023-03-09 15:02:48,872 [0518bc97-31d1-4d4f-b564-52717e813075@group-470DB026BB96-LeaderElection66] INFO  grpc.GrpcConfigKeys (ConfUtils.java:logGet(46)) - raft.grpc.server.heartbeat.channel = true (default)
2023-03-09 15:02:48,872 [0518bc97-31d1-4d4f-b564-52717e813075@group-470DB026BB96-LeaderElection66] INFO  server.RaftServerConfigKeys (ConfUtils.java:logGet(46)) - raft.server.log.appender.wait-time.min = 10ms (default)
2023-03-09 15:02:48,873 [0518bc97-31d1-4d4f-b564-52717e813075@group-470DB026BB96-LeaderElection66] INFO  server.RaftServerConfigKeys (ConfUtils.java:logGet(46)) - raft.server.log.appender.snapshot.chunk.size.max = 16MB (=16777216) (default)
2023-03-09 15:02:48,873 [0518bc97-31d1-4d4f-b564-52717e813075@group-470DB026BB96-LeaderElection66] INFO  server.RaftServerConfigKeys (ConfUtils.java:logGet(46)) - raft.server.log.appender.buffer.byte-limit = 33554432 (custom)
2023-03-09 15:02:48,873 [0518bc97-31d1-4d4f-b564-52717e813075@group-470DB026BB96-LeaderElection66] INFO  server.RaftServerConfigKeys (ConfUtils.java:logGet(46)) - raft.server.log.appender.buffer.element-limit = 1 (custom)
2023-03-09 15:02:48,873 [0518bc97-31d1-4d4f-b564-52717e813075@group-470DB026BB96-LeaderElection66] INFO  grpc.GrpcConfigKeys (ConfUtils.java:logGet(46)) - raft.grpc.server.leader.outstanding.appends.max = 128 (default)
2023-03-09 15:02:48,873 [0518bc97-31d1-4d4f-b564-52717e813075@group-470DB026BB96-LeaderElection66] INFO  server.RaftServerConfigKeys (ConfUtils.java:logGet(46)) - raft.server.rpc.request.timeout = 60s (custom)
2023-03-09 15:02:48,874 [0518bc97-31d1-4d4f-b564-52717e813075@group-470DB026BB96-LeaderElection66] INFO  server.RaftServerConfigKeys (ConfUtils.java:logGet(46)) - raft.server.log.appender.install.snapshot.enabled = false (custom)
2023-03-09 15:02:48,874 [0518bc97-31d1-4d4f-b564-52717e813075@group-470DB026BB96-LeaderElection66] INFO  grpc.GrpcConfigKeys (ConfUtils.java:logGet(46)) - raft.grpc.server.heartbeat.channel = true (default)
2023-03-09 15:02:48,874 [0518bc97-31d1-4d4f-b564-52717e813075@group-470DB026BB96-LeaderElection66] INFO  server.RaftServerConfigKeys (ConfUtils.java:logGet(46)) - raft.server.log.appender.wait-time.min = 10ms (default)
2023-03-09 15:02:48,880 [ee096506-a68b-4f48-b344-eadbf7b61204@group-470DB026BB96-FollowerState] INFO  impl.FollowerState (FollowerState.java:run(152)) - ee096506-a68b-4f48-b344-eadbf7b61204@group-470DB026BB96-FollowerState was interrupted
2023-03-09 15:02:48,879 [b86bebd9-3a13-457a-9b1b-8645409d7c66@group-470DB026BB96-LeaderElection67] INFO  impl.LeaderElection (LeaderElection.java:askForVotes(314)) - b86bebd9-3a13-457a-9b1b-8645409d7c66@group-470DB026BB96-LeaderElection67 PRE_VOTE round 0: result PASSED
2023-03-09 15:02:48,879 [grpc-default-executor-13] INFO  impl.RoleInfo (RoleInfo.java:updateAndGet(139)) - ee096506-a68b-4f48-b344-eadbf7b61204: start ee096506-a68b-4f48-b344-eadbf7b61204@group-470DB026BB96-FollowerState
2023-03-09 15:02:48,879 [ee096506-a68b-4f48-b344-eadbf7b61204@group-70735C1B44CC-LeaderElection68] INFO  server.RaftServer$Division (ServerState.java:setLeader(313)) - ee096506-a68b-4f48-b344-eadbf7b61204@group-70735C1B44CC: change Leader from null to ee096506-a68b-4f48-b344-eadbf7b61204 at term 1 for becomeLeader, leader elected after 5112ms
2023-03-09 15:02:48,874 [EventQueue-PipelineReportForPipelineReportHandler] INFO  pipeline.PipelineManagerImpl (PipelineManagerImpl.java:openPipeline(367)) - Pipeline Pipeline[ Id: 740719e3-0215-433d-bd11-470db026bb96, Nodes: 0518bc97-31d1-4d4f-b564-52717e813075(localhost/127.0.0.1)ee096506-a68b-4f48-b344-eadbf7b61204(localhost/127.0.0.1)b86bebd9-3a13-457a-9b1b-8645409d7c66(localhost/127.0.0.1), ReplicationConfig: RATIS/THREE, State:ALLOCATED, leaderId:0518bc97-31d1-4d4f-b564-52717e813075, CreationTimestamp2023-03-09T15:02:41.444Z[Etc/UTC]] moved to OPEN state
2023-03-09 15:02:48,882 [ee096506-a68b-4f48-b344-eadbf7b61204@group-70735C1B44CC-LeaderElection68] INFO  server.RaftServerConfigKeys (ConfUtils.java:logGet(46)) - raft.server.staging.catchup.gap = 1000 (default)
2023-03-09 15:02:48,883 [78133a0d-b1a6-42b2-bde2-9d54c1b1446c@group-3FFAE63FFF50-StateMachineUpdater] INFO  safemode.HealthyPipelineSafeModeRule (HealthyPipelineSafeModeRule.java:initializeRule(165)) - Refreshed total pipeline count is 1, healthy pipeline threshold count is 1
2023-03-09 15:02:48,884 [EventQueue-PipelineReportForPipelineReportHandler] INFO  pipeline.PipelineManagerImpl (PipelineManagerImpl.java:openPipeline(367)) - Pipeline Pipeline[ Id: e2499cd2-36da-4a0e-b3b5-70735c1b44cc, Nodes: ee096506-a68b-4f48-b344-eadbf7b61204(localhost/127.0.0.1)b86bebd9-3a13-457a-9b1b-8645409d7c66(localhost/127.0.0.1)0518bc97-31d1-4d4f-b564-52717e813075(localhost/127.0.0.1), ReplicationConfig: RATIS/THREE, State:ALLOCATED, leaderId:ee096506-a68b-4f48-b344-eadbf7b61204, CreationTimestamp2023-03-09T15:02:41.447Z[Etc/UTC]] moved to OPEN state
2023-03-09 15:02:48,884 [EventQueue-OpenPipelineForHealthyPipelineSafeModeRule] INFO  safemode.SCMSafeModeManager (HealthyPipelineSafeModeRule.java:process(137)) - SCM in safe mode. Healthy pipelines reported count is 1, required healthy pipeline reported count is 1
2023-03-09 15:02:48,884 [EventQueue-OpenPipelineForHealthyPipelineSafeModeRule] INFO  safemode.SCMSafeModeManager (SCMSafeModeManager.java:validateSafeModeExitRules(200)) - HealthyPipelineSafeModeRule rule is successfully validated
2023-03-09 15:02:48,884 [EventQueue-OpenPipelineForHealthyPipelineSafeModeRule] INFO  safemode.SCMSafeModeManager (SCMSafeModeManager.java:validateSafeModeExitRules(215)) - ScmSafeModeManager, all rules are successfully validated
2023-03-09 15:02:48,884 [EventQueue-OpenPipelineForHealthyPipelineSafeModeRule] INFO  safemode.SCMSafeModeManager (SCMSafeModeManager.java:exitSafeMode(244)) - SCM exiting safe mode.
2023-03-09 15:02:48,884 [EventQueue-OpenPipelineForHealthyPipelineSafeModeRule] INFO  ha.SCMContext (SCMContext.java:updateSafeModeStatus(228)) - Update SafeModeStatus from SafeModeStatus{safeModeStatus=true, preCheckPassed=true} to SafeModeStatus{safeModeStatus=false, preCheckPassed=true}.
2023-03-09 15:02:48,884 [EventQueue-OpenPipelineForHealthyPipelineSafeModeRule] INFO  BackgroundPipelineScrubber (BackgroundSCMService.java:notifyStatusChanged(82)) - Service BackgroundPipelineScrubber transitions to RUNNING.
2023-03-09 15:02:48,884 [EventQueue-OpenPipelineForHealthyPipelineSafeModeRule] INFO  ExpiredContainerReplicaOpScrubber (BackgroundSCMService.java:notifyStatusChanged(82)) - Service ExpiredContainerReplicaOpScrubber transitions to RUNNING.
2023-03-09 15:02:48,884 [EventQueue-OpenPipelineForHealthyPipelineSafeModeRule] INFO  replication.ReplicationManager (ReplicationManager.java:notifyStatusChanged(1085)) - Service ReplicationManager transitions to RUNNING.
2023-03-09 15:02:48,884 [EventQueue-OpenPipelineForHealthyPipelineSafeModeRule] WARN  balancer.ContainerBalancer (ContainerBalancer.java:shouldRun(131)) - Could not find persisted configuration for ContainerBalancer when checking if ContainerBalancer should run. ContainerBalancer should not run now.
2023-03-09 15:02:48,885 [0518bc97-31d1-4d4f-b564-52717e813075@group-470DB026BB96-LeaderElection66] INFO  impl.RoleInfo (RoleInfo.java:updateAndGet(139)) - 0518bc97-31d1-4d4f-b564-52717e813075: start 0518bc97-31d1-4d4f-b564-52717e813075@group-470DB026BB96-LeaderStateImpl
2023-03-09 15:02:48,886 [0518bc97-31d1-4d4f-b564-52717e813075@group-470DB026BB96-LeaderElection66] INFO  segmented.SegmentedRaftLogWorker (SegmentedRaftLogWorker.java:startLogSegment(452)) - 0518bc97-31d1-4d4f-b564-52717e813075@group-470DB026BB96-SegmentedRaftLogWorker: Starting segment from index:0
2023-03-09 15:02:48,890 [ee096506-a68b-4f48-b344-eadbf7b61204@group-470DB026BB96-FollowerState] INFO  server.RaftServerConfigKeys (ConfUtils.java:logFallback(53)) - raft.server.rpc.first-election.timeout.min = 5s (fallback to raft.server.rpc.timeout.min)
2023-03-09 15:02:48,890 [ee096506-a68b-4f48-b344-eadbf7b61204@group-470DB026BB96-FollowerState] INFO  server.RaftServerConfigKeys (ConfUtils.java:logFallback(53)) - raft.server.rpc.first-election.timeout.max = 5200ms (fallback to raft.server.rpc.timeout.max)
2023-03-09 15:02:48,890 [grpc-default-executor-13] INFO  server.RaftServer$Division (RaftServerImpl.java:requestVote(1251)) - ee096506-a68b-4f48-b344-eadbf7b61204@group-470DB026BB96 replies to ELECTION vote request: 0518bc97-31d1-4d4f-b564-52717e813075<-ee096506-a68b-4f48-b344-eadbf7b61204#0:OK-t1. Peer's state: ee096506-a68b-4f48-b344-eadbf7b61204@group-470DB026BB96:t1, leader=null, voted=0518bc97-31d1-4d4f-b564-52717e813075, raftlog=Memoized:ee096506-a68b-4f48-b344-eadbf7b61204@group-470DB026BB96-SegmentedRaftLog:OPENED:c-1, conf=-1: peers:[b86bebd9-3a13-457a-9b1b-8645409d7c66|rpc:127.0.0.1:46729|dataStream:127.0.0.1:45541|priority:0|startupRole:FOLLOWER, ee096506-a68b-4f48-b344-eadbf7b61204|rpc:127.0.0.1:41907|dataStream:127.0.0.1:44575|priority:0|startupRole:FOLLOWER, 0518bc97-31d1-4d4f-b564-52717e813075|rpc:127.0.0.1:37345|dataStream:127.0.0.1:43931|priority:1|startupRole:FOLLOWER]|listeners:[], old=null
2023-03-09 15:02:48,891 [0518bc97-31d1-4d4f-b564-52717e813075@group-470DB026BB96-SegmentedRaftLogWorker] INFO  segmented.SegmentedRaftLogWorker (SegmentedRaftLogWorker.java:execute(656)) - 0518bc97-31d1-4d4f-b564-52717e813075@group-470DB026BB96-SegmentedRaftLogWorker: created new log segment /home/runner/work/ozone/ozone/hadoop-ozone/integration-test/target/test-dir/MiniOzoneClusterImpl-0534e788-6c20-4d4d-bf72-3ffae63fff50/datanode-0/data/ratis/740719e3-0215-433d-bd11-470db026bb96/current/log_inprogress_0
2023-03-09 15:02:48,899 [ee096506-a68b-4f48-b344-eadbf7b61204@group-70735C1B44CC-LeaderElection68] INFO  server.RaftServerConfigKeys (ConfUtils.java:logGet(46)) - raft.server.write.element-limit = 1024 (custom)
2023-03-09 15:02:48,899 [0518bc97-31d1-4d4f-b564-52717e813075@group-470DB026BB96-LeaderElection66] INFO  server.RaftServer$Division (ServerState.java:setRaftConf(430)) - 0518bc97-31d1-4d4f-b564-52717e813075@group-470DB026BB96: set configuration 0: peers:[b86bebd9-3a13-457a-9b1b-8645409d7c66|rpc:127.0.0.1:46729|dataStream:127.0.0.1:45541|priority:0|startupRole:FOLLOWER, ee096506-a68b-4f48-b344-eadbf7b61204|rpc:127.0.0.1:41907|dataStream:127.0.0.1:44575|priority:0|startupRole:FOLLOWER, 0518bc97-31d1-4d4f-b564-52717e813075|rpc:127.0.0.1:37345|dataStream:127.0.0.1:43931|priority:1|startupRole:FOLLOWER]|listeners:[], old=null
2023-03-09 15:02:48,899 [ee096506-a68b-4f48-b344-eadbf7b61204@group-70735C1B44CC-LeaderElection68] INFO  server.RaftServerConfigKeys (ConfUtils.java:logGet(46)) - raft.server.write.byte-limit = 1024 M (=1073741824) (custom)
2023-03-09 15:02:48,899 [ee096506-a68b-4f48-b344-eadbf7b61204@group-70735C1B44CC-LeaderElection68] INFO  server.RaftServerConfigKeys (ConfUtils.java:logGet(46)) - raft.server.watch.timeout = 180s (custom)
2023-03-09 15:02:48,899 [ee096506-a68b-4f48-b344-eadbf7b61204@group-70735C1B44CC-LeaderElection68] INFO  server.RaftServerConfigKeys (ConfUtils.java:logGet(46)) - raft.server.watch.timeout.denomination = 1s (default)
2023-03-09 15:02:48,899 [ee096506-a68b-4f48-b344-eadbf7b61204@group-70735C1B44CC-LeaderElection68] INFO  server.RaftServerConfigKeys (ConfUtils.java:logGet(46)) - raft.server.watch.element-limit = 65536 (default)
2023-03-09 15:02:48,901 [ee096506-a68b-4f48-b344-eadbf7b61204@group-70735C1B44CC-LeaderElection68] INFO  server.RaftServerConfigKeys (ConfUtils.java:logGet(46)) - raft.server.write.element-limit = 1024 (custom)
2023-03-09 15:02:48,901 [ee096506-a68b-4f48-b344-eadbf7b61204@group-70735C1B44CC-LeaderElection68] INFO  server.RaftServerConfigKeys (ConfUtils.java:logGet(46)) - raft.server.write.follower.gap.ratio.max = -1.0 (default)
2023-03-09 15:02:48,903 [ee096506-a68b-4f48-b344-eadbf7b61204@group-70735C1B44CC-LeaderElection68] INFO  server.RaftServerConfigKeys (ConfUtils.java:logGet(46)) - raft.server.log.appender.snapshot.chunk.size.max = 16MB (=16777216) (default)
2023-03-09 15:02:48,903 [ee096506-a68b-4f48-b344-eadbf7b61204@group-70735C1B44CC-LeaderElection68] INFO  server.RaftServerConfigKeys (ConfUtils.java:logGet(46)) - raft.server.log.appender.buffer.byte-limit = 33554432 (custom)
2023-03-09 15:02:48,903 [ee096506-a68b-4f48-b344-eadbf7b61204@group-70735C1B44CC-LeaderElection68] INFO  server.RaftServerConfigKeys (ConfUtils.java:logGet(46)) - raft.server.log.appender.buffer.element-limit = 1 (custom)
2023-03-09 15:02:48,903 [ee096506-a68b-4f48-b344-eadbf7b61204@group-70735C1B44CC-LeaderElection68] INFO  grpc.GrpcConfigKeys (ConfUtils.java:logGet(46)) - raft.grpc.server.leader.outstanding.appends.max = 128 (default)
2023-03-09 15:02:48,903 [ee096506-a68b-4f48-b344-eadbf7b61204@group-70735C1B44CC-LeaderElection68] INFO  server.RaftServerConfigKeys (ConfUtils.java:logGet(46)) - raft.server.rpc.request.timeout = 60s (custom)
2023-03-09 15:02:48,903 [ee096506-a68b-4f48-b344-eadbf7b61204@group-70735C1B44CC-LeaderElection68] INFO  server.RaftServerConfigKeys (ConfUtils.java:logGet(46)) - raft.server.log.appender.install.snapshot.enabled = false (custom)
2023-03-09 15:02:48,903 [ee096506-a68b-4f48-b344-eadbf7b61204@group-70735C1B44CC-LeaderElection68] INFO  grpc.GrpcConfigKeys (ConfUtils.java:logGet(46)) - raft.grpc.server.heartbeat.channel = true (default)
2023-03-09 15:02:48,903 [ee096506-a68b-4f48-b344-eadbf7b61204@group-70735C1B44CC-LeaderElection68] INFO  server.RaftServerConfigKeys (ConfUtils.java:logGet(46)) - raft.server.log.appender.wait-time.min = 10ms (default)
2023-03-09 15:02:48,905 [ee096506-a68b-4f48-b344-eadbf7b61204@group-70735C1B44CC-LeaderElection68] INFO  server.RaftServerConfigKeys (ConfUtils.java:logGet(46)) - raft.server.log.appender.snapshot.chunk.size.max = 16MB (=16777216) (default)
2023-03-09 15:02:48,905 [ee096506-a68b-4f48-b344-eadbf7b61204@group-70735C1B44CC-LeaderElection68] INFO  server.RaftServerConfigKeys (ConfUtils.java:logGet(46)) - raft.server.log.appender.buffer.byte-limit = 33554432 (custom)
2023-03-09 15:02:48,905 [ee096506-a68b-4f48-b344-eadbf7b61204@group-70735C1B44CC-LeaderElection68] INFO  server.RaftServerConfigKeys (ConfUtils.java:logGet(46)) - raft.server.log.appender.buffer.element-limit = 1 (custom)
2023-03-09 15:02:48,905 [ee096506-a68b-4f48-b344-eadbf7b61204@group-70735C1B44CC-LeaderElection68] INFO  grpc.GrpcConfigKeys (ConfUtils.java:logGet(46)) - raft.grpc.server.leader.outstanding.appends.max = 128 (default)
2023-03-09 15:02:48,905 [ee096506-a68b-4f48-b344-eadbf7b61204@group-70735C1B44CC-LeaderElection68] INFO  server.RaftServerConfigKeys (ConfUtils.java:logGet(46)) - raft.server.rpc.request.timeout = 60s (custom)
2023-03-09 15:02:48,905 [ee096506-a68b-4f48-b344-eadbf7b61204@group-70735C1B44CC-LeaderElection68] INFO  server.RaftServerConfigKeys (ConfUtils.java:logGet(46)) - raft.server.log.appender.install.snapshot.enabled = false (custom)
2023-03-09 15:02:48,905 [ee096506-a68b-4f48-b344-eadbf7b61204@group-70735C1B44CC-LeaderElection68] INFO  grpc.GrpcConfigKeys (ConfUtils.java:logGet(46)) - raft.grpc.server.heartbeat.channel = true (default)
2023-03-09 15:02:48,905 [ee096506-a68b-4f48-b344-eadbf7b61204@group-70735C1B44CC-LeaderElection68] INFO  server.RaftServerConfigKeys (ConfUtils.java:logGet(46)) - raft.server.log.appender.wait-time.min = 10ms (default)
2023-03-09 15:02:48,905 [ee096506-a68b-4f48-b344-eadbf7b61204@group-70735C1B44CC-LeaderElection68] INFO  impl.RoleInfo (RoleInfo.java:updateAndGet(139)) - ee096506-a68b-4f48-b344-eadbf7b61204: start ee096506-a68b-4f48-b344-eadbf7b61204@group-70735C1B44CC-LeaderStateImpl
2023-03-09 15:02:48,906 [ee096506-a68b-4f48-b344-eadbf7b61204@group-70735C1B44CC-LeaderElection68] INFO  segmented.SegmentedRaftLogWorker (SegmentedRaftLogWorker.java:startLogSegment(452)) - ee096506-a68b-4f48-b344-eadbf7b61204@group-70735C1B44CC-SegmentedRaftLogWorker: Starting segment from index:0
2023-03-09 15:02:48,907 [ee096506-a68b-4f48-b344-eadbf7b61204@group-70735C1B44CC-SegmentedRaftLogWorker] INFO  segmented.SegmentedRaftLogWorker (SegmentedRaftLogWorker.java:execute(656)) - ee096506-a68b-4f48-b344-eadbf7b61204@group-70735C1B44CC-SegmentedRaftLogWorker: created new log segment /home/runner/work/ozone/ozone/hadoop-ozone/integration-test/target/test-dir/MiniOzoneClusterImpl-0534e788-6c20-4d4d-bf72-3ffae63fff50/datanode-2/data/ratis/e2499cd2-36da-4a0e-b3b5-70735c1b44cc/current/log_inprogress_0
2023-03-09 15:02:48,917 [ee096506-a68b-4f48-b344-eadbf7b61204-server-thread1] INFO  ratis.XceiverServerRatis (XceiverServerRatis.java:handleLeaderChangedNotification(905)) - Leader change notification received for group: group-470DB026BB96 with new leaderId: 0518bc97-31d1-4d4f-b564-52717e813075
2023-03-09 15:02:48,917 [ee096506-a68b-4f48-b344-eadbf7b61204-server-thread1] INFO  server.RaftServer$Division (ServerState.java:setLeader(313)) - ee096506-a68b-4f48-b344-eadbf7b61204@group-470DB026BB96: change Leader from null to 0518bc97-31d1-4d4f-b564-52717e813075 at term 1 for appendEntries, leader elected after 5284ms
2023-03-09 15:02:48,923 [ee096506-a68b-4f48-b344-eadbf7b61204@group-70735C1B44CC-LeaderElection68] INFO  server.RaftServer$Division (ServerState.java:setRaftConf(430)) - ee096506-a68b-4f48-b344-eadbf7b61204@group-70735C1B44CC: set configuration 0: peers:[b86bebd9-3a13-457a-9b1b-8645409d7c66|rpc:127.0.0.1:46729|dataStream:127.0.0.1:45541|priority:0|startupRole:FOLLOWER, ee096506-a68b-4f48-b344-eadbf7b61204|rpc:127.0.0.1:41907|dataStream:127.0.0.1:44575|priority:1|startupRole:FOLLOWER, 0518bc97-31d1-4d4f-b564-52717e813075|rpc:127.0.0.1:37345|dataStream:127.0.0.1:43931|priority:0|startupRole:FOLLOWER]|listeners:[], old=null
2023-03-09 15:02:48,931 [b86bebd9-3a13-457a-9b1b-8645409d7c66-server-thread2] INFO  ratis.XceiverServerRatis (XceiverServerRatis.java:handleLeaderChangedNotification(905)) - Leader change notification received for group: group-70735C1B44CC with new leaderId: ee096506-a68b-4f48-b344-eadbf7b61204
2023-03-09 15:02:48,931 [b86bebd9-3a13-457a-9b1b-8645409d7c66-server-thread2] INFO  server.RaftServer$Division (ServerState.java:setLeader(313)) - b86bebd9-3a13-457a-9b1b-8645409d7c66@group-70735C1B44CC: change Leader from null to ee096506-a68b-4f48-b344-eadbf7b61204 at term 1 for appendEntries, leader elected after 5119ms
2023-03-09 15:02:48,931 [b86bebd9-3a13-457a-9b1b-8645409d7c66-server-thread1] INFO  ratis.XceiverServerRatis (XceiverServerRatis.java:handleLeaderChangedNotification(905)) - Leader change notification received for group: group-470DB026BB96 with new leaderId: 0518bc97-31d1-4d4f-b564-52717e813075
2023-03-09 15:02:48,932 [b86bebd9-3a13-457a-9b1b-8645409d7c66-server-thread1] INFO  server.RaftServer$Division (ServerState.java:setLeader(313)) - b86bebd9-3a13-457a-9b1b-8645409d7c66@group-470DB026BB96: change Leader from null to 0518bc97-31d1-4d4f-b564-52717e813075 at term 1 for appendEntries, leader elected after 5247ms
2023-03-09 15:02:48,947 [ee096506-a68b-4f48-b344-eadbf7b61204-server-thread3] INFO  server.RaftServer$Division (ServerState.java:setRaftConf(430)) - ee096506-a68b-4f48-b344-eadbf7b61204@group-470DB026BB96: set configuration 0: peers:[b86bebd9-3a13-457a-9b1b-8645409d7c66|rpc:127.0.0.1:46729|dataStream:127.0.0.1:45541|priority:0|startupRole:FOLLOWER, ee096506-a68b-4f48-b344-eadbf7b61204|rpc:127.0.0.1:41907|dataStream:127.0.0.1:44575|priority:0|startupRole:FOLLOWER, 0518bc97-31d1-4d4f-b564-52717e813075|rpc:127.0.0.1:37345|dataStream:127.0.0.1:43931|priority:1|startupRole:FOLLOWER]|listeners:[], old=null
2023-03-09 15:02:48,947 [ee096506-a68b-4f48-b344-eadbf7b61204-server-thread3] INFO  segmented.SegmentedRaftLogWorker (SegmentedRaftLogWorker.java:startLogSegment(452)) - ee096506-a68b-4f48-b344-eadbf7b61204@group-470DB026BB96-SegmentedRaftLogWorker: Starting segment from index:0
2023-03-09 15:02:48,947 [b86bebd9-3a13-457a-9b1b-8645409d7c66-server-thread2] INFO  server.RaftServer$Division (ServerState.java:setRaftConf(430)) - b86bebd9-3a13-457a-9b1b-8645409d7c66@group-70735C1B44CC: set configuration 0: peers:[b86bebd9-3a13-457a-9b1b-8645409d7c66|rpc:127.0.0.1:46729|dataStream:127.0.0.1:45541|priority:0|startupRole:FOLLOWER, ee096506-a68b-4f48-b344-eadbf7b61204|rpc:127.0.0.1:41907|dataStream:127.0.0.1:44575|priority:1|startupRole:FOLLOWER, 0518bc97-31d1-4d4f-b564-52717e813075|rpc:127.0.0.1:37345|dataStream:127.0.0.1:43931|priority:0|startupRole:FOLLOWER]|listeners:[], old=null
2023-03-09 15:02:48,948 [b86bebd9-3a13-457a-9b1b-8645409d7c66-server-thread2] INFO  segmented.SegmentedRaftLogWorker (SegmentedRaftLogWorker.java:startLogSegment(452)) - b86bebd9-3a13-457a-9b1b-8645409d7c66@group-70735C1B44CC-SegmentedRaftLogWorker: Starting segment from index:0
2023-03-09 15:02:48,959 [b86bebd9-3a13-457a-9b1b-8645409d7c66-server-thread2] INFO  server.RaftServer$Division (ServerState.java:setRaftConf(430)) - b86bebd9-3a13-457a-9b1b-8645409d7c66@group-470DB026BB96: set configuration 0: peers:[b86bebd9-3a13-457a-9b1b-8645409d7c66|rpc:127.0.0.1:46729|dataStream:127.0.0.1:45541|priority:0|startupRole:FOLLOWER, ee096506-a68b-4f48-b344-eadbf7b61204|rpc:127.0.0.1:41907|dataStream:127.0.0.1:44575|priority:0|startupRole:FOLLOWER, 0518bc97-31d1-4d4f-b564-52717e813075|rpc:127.0.0.1:37345|dataStream:127.0.0.1:43931|priority:1|startupRole:FOLLOWER]|listeners:[], old=null
2023-03-09 15:02:48,959 [b86bebd9-3a13-457a-9b1b-8645409d7c66-server-thread2] INFO  segmented.SegmentedRaftLogWorker (SegmentedRaftLogWorker.java:startLogSegment(452)) - b86bebd9-3a13-457a-9b1b-8645409d7c66@group-470DB026BB96-SegmentedRaftLogWorker: Starting segment from index:0
2023-03-09 15:02:48,960 [0518bc97-31d1-4d4f-b564-52717e813075-server-thread2] INFO  ratis.XceiverServerRatis (XceiverServerRatis.java:handleLeaderChangedNotification(905)) - Leader change notification received for group: group-70735C1B44CC with new leaderId: ee096506-a68b-4f48-b344-eadbf7b61204
2023-03-09 15:02:48,961 [0518bc97-31d1-4d4f-b564-52717e813075-server-thread2] INFO  server.RaftServer$Division (ServerState.java:setLeader(313)) - 0518bc97-31d1-4d4f-b564-52717e813075@group-70735C1B44CC: change Leader from null to ee096506-a68b-4f48-b344-eadbf7b61204 at term 1 for appendEntries, leader elected after 5235ms
2023-03-09 15:02:48,962 [0518bc97-31d1-4d4f-b564-52717e813075-server-thread2] INFO  server.RaftServer$Division (ServerState.java:setRaftConf(430)) - 0518bc97-31d1-4d4f-b564-52717e813075@group-70735C1B44CC: set configuration 0: peers:[b86bebd9-3a13-457a-9b1b-8645409d7c66|rpc:127.0.0.1:46729|dataStream:127.0.0.1:45541|priority:0|startupRole:FOLLOWER, ee096506-a68b-4f48-b344-eadbf7b61204|rpc:127.0.0.1:41907|dataStream:127.0.0.1:44575|priority:1|startupRole:FOLLOWER, 0518bc97-31d1-4d4f-b564-52717e813075|rpc:127.0.0.1:37345|dataStream:127.0.0.1:43931|priority:0|startupRole:FOLLOWER]|listeners:[], old=null
2023-03-09 15:02:48,962 [0518bc97-31d1-4d4f-b564-52717e813075-server-thread2] INFO  segmented.SegmentedRaftLogWorker (SegmentedRaftLogWorker.java:startLogSegment(452)) - 0518bc97-31d1-4d4f-b564-52717e813075@group-70735C1B44CC-SegmentedRaftLogWorker: Starting segment from index:0
2023-03-09 15:02:48,963 [0518bc97-31d1-4d4f-b564-52717e813075@group-70735C1B44CC-SegmentedRaftLogWorker] INFO  segmented.SegmentedRaftLogWorker (SegmentedRaftLogWorker.java:execute(656)) - 0518bc97-31d1-4d4f-b564-52717e813075@group-70735C1B44CC-SegmentedRaftLogWorker: created new log segment /home/runner/work/ozone/ozone/hadoop-ozone/integration-test/target/test-dir/MiniOzoneClusterImpl-0534e788-6c20-4d4d-bf72-3ffae63fff50/datanode-0/data/ratis/e2499cd2-36da-4a0e-b3b5-70735c1b44cc/current/log_inprogress_0
2023-03-09 15:02:48,967 [b86bebd9-3a13-457a-9b1b-8645409d7c66@group-70735C1B44CC-SegmentedRaftLogWorker] INFO  segmented.SegmentedRaftLogWorker (SegmentedRaftLogWorker.java:execute(656)) - b86bebd9-3a13-457a-9b1b-8645409d7c66@group-70735C1B44CC-SegmentedRaftLogWorker: created new log segment /home/runner/work/ozone/ozone/hadoop-ozone/integration-test/target/test-dir/MiniOzoneClusterImpl-0534e788-6c20-4d4d-bf72-3ffae63fff50/datanode-1/data/ratis/e2499cd2-36da-4a0e-b3b5-70735c1b44cc/current/log_inprogress_0
2023-03-09 15:02:48,967 [ee096506-a68b-4f48-b344-eadbf7b61204@group-470DB026BB96-SegmentedRaftLogWorker] INFO  segmented.SegmentedRaftLogWorker (SegmentedRaftLogWorker.java:execute(656)) - ee096506-a68b-4f48-b344-eadbf7b61204@group-470DB026BB96-SegmentedRaftLogWorker: created new log segment /home/runner/work/ozone/ozone/hadoop-ozone/integration-test/target/test-dir/MiniOzoneClusterImpl-0534e788-6c20-4d4d-bf72-3ffae63fff50/datanode-2/data/ratis/740719e3-0215-433d-bd11-470db026bb96/current/log_inprogress_0
2023-03-09 15:02:48,970 [b86bebd9-3a13-457a-9b1b-8645409d7c66@group-470DB026BB96-SegmentedRaftLogWorker] INFO  segmented.SegmentedRaftLogWorker (SegmentedRaftLogWorker.java:execute(656)) - b86bebd9-3a13-457a-9b1b-8645409d7c66@group-470DB026BB96-SegmentedRaftLogWorker: created new log segment /home/runner/work/ozone/ozone/hadoop-ozone/integration-test/target/test-dir/MiniOzoneClusterImpl-0534e788-6c20-4d4d-bf72-3ffae63fff50/datanode-1/data/ratis/740719e3-0215-433d-bd11-470db026bb96/current/log_inprogress_0
2023-03-09 15:02:49,082 [b86bebd9-3a13-457a-9b1b-8645409d7c66@group-FF96C4C29D8B-FollowerState] INFO  impl.FollowerState (FollowerState.java:run(143)) - b86bebd9-3a13-457a-9b1b-8645409d7c66@group-FF96C4C29D8B-FollowerState: change to CANDIDATE, lastRpcElapsedTime:5069647685ns, electionTimeout:5069ms
2023-03-09 15:02:49,082 [b86bebd9-3a13-457a-9b1b-8645409d7c66@group-FF96C4C29D8B-FollowerState] INFO  impl.RoleInfo (RoleInfo.java:shutdownFollowerState(110)) - b86bebd9-3a13-457a-9b1b-8645409d7c66: shutdown b86bebd9-3a13-457a-9b1b-8645409d7c66@group-FF96C4C29D8B-FollowerState
2023-03-09 15:02:49,082 [b86bebd9-3a13-457a-9b1b-8645409d7c66@group-FF96C4C29D8B-FollowerState] INFO  server.RaftServer$Division (RaftServerImpl.java:setRole(321)) - b86bebd9-3a13-457a-9b1b-8645409d7c66@group-FF96C4C29D8B: changes role from  FOLLOWER to CANDIDATE at term 0 for changeToCandidate
2023-03-09 15:02:49,082 [b86bebd9-3a13-457a-9b1b-8645409d7c66@group-FF96C4C29D8B-FollowerState] INFO  server.RaftServerConfigKeys (ConfUtils.java:logGet(46)) - raft.server.leaderelection.pre-vote = true (default)
2023-03-09 15:02:49,082 [b86bebd9-3a13-457a-9b1b-8645409d7c66@group-FF96C4C29D8B-FollowerState] INFO  impl.RoleInfo (RoleInfo.java:updateAndGet(139)) - b86bebd9-3a13-457a-9b1b-8645409d7c66: start b86bebd9-3a13-457a-9b1b-8645409d7c66@group-FF96C4C29D8B-LeaderElection69
2023-03-09 15:02:49,089 [b86bebd9-3a13-457a-9b1b-8645409d7c66@group-FF96C4C29D8B-LeaderElection69] INFO  impl.LeaderElection (LeaderElection.java:askForVotes(312)) - b86bebd9-3a13-457a-9b1b-8645409d7c66@group-FF96C4C29D8B-LeaderElection69 PRE_VOTE round 0: submit vote requests at term 0 for -1: peers:[b86bebd9-3a13-457a-9b1b-8645409d7c66|rpc:127.0.0.1:46729|dataStream:127.0.0.1:45541|priority:1|startupRole:FOLLOWER]|listeners:[], old=null
2023-03-09 15:02:49,089 [b86bebd9-3a13-457a-9b1b-8645409d7c66@group-FF96C4C29D8B-LeaderElection69] INFO  impl.LeaderElection (LeaderElection.java:askForVotes(314)) - b86bebd9-3a13-457a-9b1b-8645409d7c66@group-FF96C4C29D8B-LeaderElection69 PRE_VOTE round 0: result PASSED (term=0)
2023-03-09 15:02:49,091 [b86bebd9-3a13-457a-9b1b-8645409d7c66@group-FF96C4C29D8B-LeaderElection69] INFO  impl.LeaderElection (LeaderElection.java:askForVotes(312)) - b86bebd9-3a13-457a-9b1b-8645409d7c66@group-FF96C4C29D8B-LeaderElection69 ELECTION round 0: submit vote requests at term 1 for -1: peers:[b86bebd9-3a13-457a-9b1b-8645409d7c66|rpc:127.0.0.1:46729|dataStream:127.0.0.1:45541|priority:1|startupRole:FOLLOWER]|listeners:[], old=null
2023-03-09 15:02:49,091 [b86bebd9-3a13-457a-9b1b-8645409d7c66@group-FF96C4C29D8B-LeaderElection69] INFO  impl.LeaderElection (LeaderElection.java:askForVotes(314)) - b86bebd9-3a13-457a-9b1b-8645409d7c66@group-FF96C4C29D8B-LeaderElection69 ELECTION round 0: result PASSED (term=1)
2023-03-09 15:02:49,091 [b86bebd9-3a13-457a-9b1b-8645409d7c66@group-FF96C4C29D8B-LeaderElection69] INFO  impl.RoleInfo (RoleInfo.java:shutdownLeaderElection(130)) - b86bebd9-3a13-457a-9b1b-8645409d7c66: shutdown b86bebd9-3a13-457a-9b1b-8645409d7c66@group-FF96C4C29D8B-LeaderElection69
2023-03-09 15:02:49,091 [b86bebd9-3a13-457a-9b1b-8645409d7c66@group-FF96C4C29D8B-LeaderElection69] INFO  server.RaftServer$Division (RaftServerImpl.java:setRole(321)) - b86bebd9-3a13-457a-9b1b-8645409d7c66@group-FF96C4C29D8B: changes role from CANDIDATE to LEADER at term 1 for changeToLeader
2023-03-09 15:02:49,091 [b86bebd9-3a13-457a-9b1b-8645409d7c66@group-FF96C4C29D8B-LeaderElection69] INFO  ratis.XceiverServerRatis (XceiverServerRatis.java:handleLeaderChangedNotification(905)) - Leader change notification received for group: group-FF96C4C29D8B with new leaderId: b86bebd9-3a13-457a-9b1b-8645409d7c66
2023-03-09 15:02:49,091 [b86bebd9-3a13-457a-9b1b-8645409d7c66@group-FF96C4C29D8B-LeaderElection69] INFO  server.RaftServer$Division (ServerState.java:setLeader(313)) - b86bebd9-3a13-457a-9b1b-8645409d7c66@group-FF96C4C29D8B: change Leader from null to b86bebd9-3a13-457a-9b1b-8645409d7c66 at term 1 for becomeLeader, leader elected after 5098ms
2023-03-09 15:02:49,091 [b86bebd9-3a13-457a-9b1b-8645409d7c66@group-FF96C4C29D8B-LeaderElection69] INFO  server.RaftServerConfigKeys (ConfUtils.java:logGet(46)) - raft.server.staging.catchup.gap = 1000 (default)
2023-03-09 15:02:49,092 [b86bebd9-3a13-457a-9b1b-8645409d7c66@group-FF96C4C29D8B-LeaderElection69] INFO  server.RaftServerConfigKeys (ConfUtils.java:logGet(46)) - raft.server.write.element-limit = 1024 (custom)
2023-03-09 15:02:49,092 [b86bebd9-3a13-457a-9b1b-8645409d7c66@group-FF96C4C29D8B-LeaderElection69] INFO  server.RaftServerConfigKeys (ConfUtils.java:logGet(46)) - raft.server.write.byte-limit = 1024 M (=1073741824) (custom)
2023-03-09 15:02:49,092 [b86bebd9-3a13-457a-9b1b-8645409d7c66@group-FF96C4C29D8B-LeaderElection69] INFO  server.RaftServerConfigKeys (ConfUtils.java:logGet(46)) - raft.server.watch.timeout = 180s (custom)
2023-03-09 15:02:49,092 [b86bebd9-3a13-457a-9b1b-8645409d7c66@group-FF96C4C29D8B-LeaderElection69] INFO  server.RaftServerConfigKeys (ConfUtils.java:logGet(46)) - raft.server.watch.timeout.denomination = 1s (default)
2023-03-09 15:02:49,092 [b86bebd9-3a13-457a-9b1b-8645409d7c66@group-FF96C4C29D8B-LeaderElection69] INFO  server.RaftServerConfigKeys (ConfUtils.java:logGet(46)) - raft.server.watch.element-limit = 65536 (default)
2023-03-09 15:02:49,092 [b86bebd9-3a13-457a-9b1b-8645409d7c66@group-FF96C4C29D8B-LeaderElection69] INFO  server.RaftServerConfigKeys (ConfUtils.java:logGet(46)) - raft.server.write.element-limit = 1024 (custom)
2023-03-09 15:02:49,092 [b86bebd9-3a13-457a-9b1b-8645409d7c66@group-FF96C4C29D8B-LeaderElection69] INFO  server.RaftServerConfigKeys (ConfUtils.java:logGet(46)) - raft.server.write.follower.gap.ratio.max = -1.0 (default)
2023-03-09 15:02:49,092 [b86bebd9-3a13-457a-9b1b-8645409d7c66@group-FF96C4C29D8B-LeaderElection69] INFO  impl.RoleInfo (RoleInfo.java:updateAndGet(139)) - b86bebd9-3a13-457a-9b1b-8645409d7c66: start b86bebd9-3a13-457a-9b1b-8645409d7c66@group-FF96C4C29D8B-LeaderStateImpl
2023-03-09 15:02:49,092 [b86bebd9-3a13-457a-9b1b-8645409d7c66@group-FF96C4C29D8B-LeaderElection69] INFO  segmented.SegmentedRaftLogWorker (SegmentedRaftLogWorker.java:startLogSegment(452)) - b86bebd9-3a13-457a-9b1b-8645409d7c66@group-FF96C4C29D8B-SegmentedRaftLogWorker: Starting segment from index:0
2023-03-09 15:02:49,095 [b86bebd9-3a13-457a-9b1b-8645409d7c66@group-FF96C4C29D8B-SegmentedRaftLogWorker] INFO  segmented.SegmentedRaftLogWorker (SegmentedRaftLogWorker.java:execute(656)) - b86bebd9-3a13-457a-9b1b-8645409d7c66@group-FF96C4C29D8B-SegmentedRaftLogWorker: created new log segment /home/runner/work/ozone/ozone/hadoop-ozone/integration-test/target/test-dir/MiniOzoneClusterImpl-0534e788-6c20-4d4d-bf72-3ffae63fff50/datanode-1/data/ratis/9d90f99f-a78a-4d74-aaa9-ff96c4c29d8b/current/log_inprogress_0
2023-03-09 15:02:49,099 [b86bebd9-3a13-457a-9b1b-8645409d7c66@group-FF96C4C29D8B-LeaderElection69] INFO  server.RaftServer$Division (ServerState.java:setRaftConf(430)) - b86bebd9-3a13-457a-9b1b-8645409d7c66@group-FF96C4C29D8B: set configuration 0: peers:[b86bebd9-3a13-457a-9b1b-8645409d7c66|rpc:127.0.0.1:46729|dataStream:127.0.0.1:45541|priority:1|startupRole:FOLLOWER]|listeners:[], old=null
2023-03-09 15:02:49,106 [EndpointStateMachine task thread for /127.0.0.1:35467 - 0 ] INFO  ipc.Client (Client.java:handleConnectionFailure(1010)) - Retrying connect to server: localhost/127.0.0.1:35467. Already tried 9 time(s); retry policy is RetryUpToMaximumCountWithFixedSleep(maxRetries=15, sleepTime=1000 MILLISECONDS)
2023-03-09 15:02:49,441 [Listener at 127.0.0.1/45353] INFO  ozone.MiniOzoneClusterImpl (MiniOzoneClusterImpl.java:lambda$waitForClusterToBeReady$0(218)) - Nodes are ready. Got 3 of 3 DN Heartbeats.
2023-03-09 15:02:49,441 [Listener at 127.0.0.1/45353] INFO  ozone.MiniOzoneClusterImpl (MiniOzoneClusterImpl.java:lambda$waitForClusterToBeReady$0(221)) - Cluster exits safe mode
2023-03-09 15:02:49,441 [Listener at 127.0.0.1/45353] INFO  ozone.MiniOzoneClusterImpl (MiniOzoneClusterImpl.java:lambda$waitForClusterToBeReady$0(223)) - SCM became leader
2023-03-09 15:02:49,456 [IPC Server handler 3 on default port 45353] INFO  ha.SCMNodeInfo (SCMNodeInfo.java:getPort(197)) - ConfigKey ozone.scm.client.address is deprecated, For configuring different ports for each SCM use PortConfigKey ozone.scm.client.port appended with serviceId and nodeId
2023-03-09 15:02:49,456 [IPC Server handler 3 on default port 45353] INFO  ha.SCMNodeInfo (SCMNodeInfo.java:getPort(197)) - ConfigKey ozone.scm.block.client.address is deprecated, For configuring different ports for each SCM use PortConfigKey ozone.scm.block.client.port appended with serviceId and nodeId
2023-03-09 15:02:49,457 [IPC Server handler 3 on default port 45353] INFO  ha.SCMNodeInfo (SCMNodeInfo.java:getPort(197)) - ConfigKey ozone.scm.datanode.address is deprecated, For configuring different ports for each SCM use PortConfigKey ozone.scm.datanode.port appended with serviceId and nodeId
2023-03-09 15:02:49,458 [Listener at 127.0.0.1/45353] INFO  rpc.RpcClient (RpcClient.java:createVolume(476)) - Creating Volume: volume58122, with runner as owner and space quota set to -1 bytes, counts quota set to -1
2023-03-09 15:02:49,471 [OM StateMachine ApplyTransaction Thread - 0] INFO  volume.OMVolumeCreateRequest (OMVolumeCreateRequest.java:validateAndUpdateCache(195)) - created volume:volume58122 for user:runner
2023-03-09 15:02:49,484 [Listener at 127.0.0.1/45353] INFO  rpc.RpcClient (RpcClient.java:createBucket(698)) - Creating Bucket: volume58122/bucket28645, with server-side default bucket layout, runner as owner, Versioning false, Storage Type set to DISK and Encryption set to false, Replication Type set to server-side default replication type, Namespace Quota set to -1, Space Quota set to -1 
2023-03-09 15:02:49,492 [OM StateMachine ApplyTransaction Thread - 0] INFO  bucket.OMBucketCreateRequest (OMBucketCreateRequest.java:validateAndUpdateCache(263)) - created bucket: bucket28645 of layout FILE_SYSTEM_OPTIMIZED in volume: volume58122
2023-03-09 15:02:49,511 [IPC Server handler 6 on default port 42359] INFO  ha.SequenceIdGenerator (SequenceIdGenerator.java:getNextId(128)) - Allocate a batch for containerId, change lastId from 0 to 1000.
2023-03-09 15:02:49,520 [78133a0d-b1a6-42b2-bde2-9d54c1b1446c@group-3FFAE63FFF50-StateMachineUpdater] WARN  ha.SequenceIdGenerator (SequenceIdGenerator.java:allocateBatch(237)) - Failed to allocate a batch for localId, expected lastId is 0, actual lastId is 111677748019200000.
2023-03-09 15:02:49,525 [IPC Server handler 6 on default port 42359] INFO  ha.SequenceIdGenerator (SequenceIdGenerator.java:getNextId(128)) - Allocate a batch for localId, change lastId from 111677748019200000 to 111677748019201000.
2023-03-09 15:02:49,596 [Listener at 127.0.0.1/45353] INFO  ha.OMHANodeDetails (OMHANodeDetails.java:loadOMHAConfig(121)) - ServiceID for OzoneManager is om-add-remove
2023-03-09 15:02:49,597 [Listener at 127.0.0.1/45353] INFO  ha.OMHANodeDetails (OMHANodeDetails.java:loadOMHAConfig(201)) - Found matching OM address with OMServiceId: om-add-remove, OMNodeId: omNode-bootstrap-1, RPC Address: localhost:34977 and Ratis port: 37155
2023-03-09 15:02:49,597 [Listener at 127.0.0.1/45353] INFO  ha.OMHANodeDetails (ConfUtils.java:setNodeSpecificConfigs(97)) - Setting configuration key ozone.om.http-address with value of key ozone.om.http-address.om-add-remove.omNode-bootstrap-1: 127.0.0.1:41839
2023-03-09 15:02:49,597 [Listener at 127.0.0.1/45353] INFO  ha.OMHANodeDetails (ConfUtils.java:setNodeSpecificConfigs(97)) - Setting configuration key ozone.om.https-address with value of key ozone.om.https-address.om-add-remove.omNode-bootstrap-1: 127.0.0.1:36085
2023-03-09 15:02:49,597 [Listener at 127.0.0.1/45353] INFO  ha.OMHANodeDetails (ConfUtils.java:setNodeSpecificConfigs(97)) - Setting configuration key ozone.om.address with value of key ozone.om.address.om-add-remove.omNode-bootstrap-1: 127.0.0.1:34977
2023-03-09 15:02:49,597 [Listener at 127.0.0.1/45353] WARN  server.ServerUtils (ServerUtils.java:getDBPath(225)) - ozone.om.db.dirs is not configured. We recommend adding this setting. Falling back to ozone.metadata.dirs instead.
2023-03-09 15:02:49,600 [Listener at 127.0.0.1/45353] INFO  ha.SCMNodeInfo (SCMNodeInfo.java:getPort(197)) - ConfigKey ozone.scm.client.address is deprecated, For configuring different ports for each SCM use PortConfigKey ozone.scm.client.port appended with serviceId and nodeId
2023-03-09 15:02:49,601 [Listener at 127.0.0.1/45353] INFO  ha.SCMNodeInfo (SCMNodeInfo.java:getPort(197)) - ConfigKey ozone.scm.block.client.address is deprecated, For configuring different ports for each SCM use PortConfigKey ozone.scm.block.client.port appended with serviceId and nodeId
2023-03-09 15:02:49,601 [Listener at 127.0.0.1/45353] INFO  ha.SCMNodeInfo (SCMNodeInfo.java:getPort(197)) - ConfigKey ozone.scm.datanode.address is deprecated, For configuring different ports for each SCM use PortConfigKey ozone.scm.datanode.port appended with serviceId and nodeId
2023-03-09 15:02:49,601 [Listener at 127.0.0.1/45353] INFO  proxy.SCMBlockLocationFailoverProxyProvider (SCMBlockLocationFailoverProxyProvider.java:<init>(114)) - Created block location fail-over proxy with 1 nodes: [nodeId=scmNode-1,nodeAddress=/127.0.0.1:42359]
OM initialization succeeded.Current cluster id for sd=/home/runner/work/ozone/ozone/hadoop-ozone/integration-test/target/test-dir/MiniOzoneClusterImpl-0534e788-6c20-4d4d-bf72-3ffae63fff50/omNode-bootstrap-1/om;cid=0534e788-6c20-4d4d-bf72-3ffae63fff50;layoutVersion=3
2023-03-09 15:02:49,610 [Listener at 127.0.0.1/45353] INFO  ha.OMHANodeDetails (OMHANodeDetails.java:loadOMHAConfig(121)) - ServiceID for OzoneManager is om-add-remove
2023-03-09 15:02:49,610 [Listener at 127.0.0.1/45353] INFO  ha.OMHANodeDetails (OMHANodeDetails.java:loadOMHAConfig(201)) - Found matching OM address with OMServiceId: om-add-remove, OMNodeId: omNode-bootstrap-1, RPC Address: localhost:34977 and Ratis port: 37155
2023-03-09 15:02:49,610 [Listener at 127.0.0.1/45353] INFO  ha.OMHANodeDetails (ConfUtils.java:setNodeSpecificConfigs(97)) - Setting configuration key ozone.om.http-address with value of key ozone.om.http-address.om-add-remove.omNode-bootstrap-1: 127.0.0.1:41839
2023-03-09 15:02:49,610 [Listener at 127.0.0.1/45353] INFO  ha.OMHANodeDetails (ConfUtils.java:setNodeSpecificConfigs(97)) - Setting configuration key ozone.om.https-address with value of key ozone.om.https-address.om-add-remove.omNode-bootstrap-1: 127.0.0.1:36085
2023-03-09 15:02:49,611 [Listener at 127.0.0.1/45353] INFO  ha.OMHANodeDetails (ConfUtils.java:setNodeSpecificConfigs(97)) - Setting configuration key ozone.om.address with value of key ozone.om.address.om-add-remove.omNode-bootstrap-1: 127.0.0.1:34977
2023-03-09 15:02:49,611 [Listener at 127.0.0.1/45353] WARN  server.ServerUtils (ServerUtils.java:getDBPath(225)) - ozone.om.db.dirs is not configured. We recommend adding this setting. Falling back to ozone.metadata.dirs instead.
2023-03-09 15:02:49,612 [Listener at 127.0.0.1/45353] INFO  upgrade.AbstractLayoutVersionManager (AbstractLayoutVersionManager.java:init(83)) - Initializing Layout version manager with metadata layout = MULTITENANCY_SCHEMA (version = 3), software layout = MULTITENANCY_SCHEMA (version = 3)
2023-03-09 15:02:49,684 [Listener at 127.0.0.1/45353] INFO  reflections.Reflections (Reflections.java:scan(232)) - Reflections took 71 ms to scan 2 urls, producing 167 keys and 459 values [using 2 cores]
2023-03-09 15:02:49,685 [Listener at 127.0.0.1/45353] INFO  upgrade.OMLayoutVersionManager (OMLayoutVersionManager.java:lambda$0(115)) - Skipping Upgrade Action MockOmUpgradeAction since it has been finalized.
2023-03-09 15:02:49,685 [Listener at 127.0.0.1/45353] WARN  server.ServerUtils (ServerUtils.java:getDBPath(225)) - ozone.om.db.dirs is not configured. We recommend adding this setting. Falling back to ozone.metadata.dirs instead.
2023-03-09 15:02:49,685 [Listener at 127.0.0.1/45353] INFO  ha.SCMNodeInfo (SCMNodeInfo.java:getPort(197)) - ConfigKey ozone.scm.client.address is deprecated, For configuring different ports for each SCM use PortConfigKey ozone.scm.client.port appended with serviceId and nodeId
2023-03-09 15:02:49,686 [Listener at 127.0.0.1/45353] INFO  ha.SCMNodeInfo (SCMNodeInfo.java:getPort(197)) - ConfigKey ozone.scm.block.client.address is deprecated, For configuring different ports for each SCM use PortConfigKey ozone.scm.block.client.port appended with serviceId and nodeId
2023-03-09 15:02:49,686 [Listener at 127.0.0.1/45353] INFO  ha.SCMNodeInfo (SCMNodeInfo.java:getPort(197)) - ConfigKey ozone.scm.datanode.address is deprecated, For configuring different ports for each SCM use PortConfigKey ozone.scm.datanode.port appended with serviceId and nodeId
2023-03-09 15:02:49,686 [Listener at 127.0.0.1/45353] INFO  ha.SCMNodeInfo (SCMNodeInfo.java:getPort(197)) - ConfigKey ozone.scm.client.address is deprecated, For configuring different ports for each SCM use PortConfigKey ozone.scm.client.port appended with serviceId and nodeId
2023-03-09 15:02:49,686 [Listener at 127.0.0.1/45353] INFO  ha.SCMNodeInfo (SCMNodeInfo.java:getPort(197)) - ConfigKey ozone.scm.block.client.address is deprecated, For configuring different ports for each SCM use PortConfigKey ozone.scm.block.client.port appended with serviceId and nodeId
2023-03-09 15:02:49,686 [Listener at 127.0.0.1/45353] INFO  ha.SCMNodeInfo (SCMNodeInfo.java:getPort(197)) - ConfigKey ozone.scm.datanode.address is deprecated, For configuring different ports for each SCM use PortConfigKey ozone.scm.datanode.port appended with serviceId and nodeId
2023-03-09 15:02:49,687 [Listener at 127.0.0.1/45353] INFO  proxy.SCMBlockLocationFailoverProxyProvider (SCMBlockLocationFailoverProxyProvider.java:<init>(114)) - Created block location fail-over proxy with 1 nodes: [nodeId=scmNode-1,nodeAddress=/127.0.0.1:42359]
2023-03-09 15:02:49,688 [Listener at 127.0.0.1/45353] INFO  ha.SCMNodeInfo (SCMNodeInfo.java:getPort(197)) - ConfigKey ozone.scm.client.address is deprecated, For configuring different ports for each SCM use PortConfigKey ozone.scm.client.port appended with serviceId and nodeId
2023-03-09 15:02:49,688 [Listener at 127.0.0.1/45353] INFO  ha.SCMNodeInfo (SCMNodeInfo.java:getPort(197)) - ConfigKey ozone.scm.block.client.address is deprecated, For configuring different ports for each SCM use PortConfigKey ozone.scm.block.client.port appended with serviceId and nodeId
2023-03-09 15:02:49,688 [Listener at 127.0.0.1/45353] INFO  ha.SCMNodeInfo (SCMNodeInfo.java:getPort(197)) - ConfigKey ozone.scm.datanode.address is deprecated, For configuring different ports for each SCM use PortConfigKey ozone.scm.datanode.port appended with serviceId and nodeId
2023-03-09 15:02:49,690 [Listener at 127.0.0.1/45353] INFO  proxy.SCMBlockLocationFailoverProxyProvider (SCMBlockLocationFailoverProxyProvider.java:<init>(114)) - Created block location fail-over proxy with 1 nodes: [nodeId=scmNode-1,nodeAddress=/127.0.0.1:42359]
2023-03-09 15:02:49,697 [Listener at 127.0.0.1/45353] INFO  om.OzoneManager (OzoneManager.java:<init>(619)) - OM start with adminUsers: [runner]
2023-03-09 15:02:49,699 [Listener at 127.0.0.1/45353] WARN  server.ServerUtils (ServerUtils.java:getDBPath(225)) - ozone.om.db.dirs is not configured. We recommend adding this setting. Falling back to ozone.metadata.dirs instead.
2023-03-09 15:02:49,699 [Listener at 127.0.0.1/45353] INFO  codec.OmKeyInfoCodec (OmKeyInfoCodec.java:<init>(49)) - OmKeyInfoCodec ignorePipeline = true
2023-03-09 15:02:49,699 [Listener at 127.0.0.1/45353] INFO  codec.RepeatedOmKeyInfoCodec (RepeatedOmKeyInfoCodec.java:<init>(41)) - RepeatedOmKeyInfoCodec ignorePipeline = true
2023-03-09 15:02:49,703 [ee096506-a68b-4f48-b344-eadbf7b61204@group-F0151E123ACB-FollowerState] INFO  impl.FollowerState (FollowerState.java:run(143)) - ee096506-a68b-4f48-b344-eadbf7b61204@group-F0151E123ACB-FollowerState: change to CANDIDATE, lastRpcElapsedTime:5195372762ns, electionTimeout:5194ms
2023-03-09 15:02:49,703 [ee096506-a68b-4f48-b344-eadbf7b61204@group-F0151E123ACB-FollowerState] INFO  impl.RoleInfo (RoleInfo.java:shutdownFollowerState(110)) - ee096506-a68b-4f48-b344-eadbf7b61204: shutdown ee096506-a68b-4f48-b344-eadbf7b61204@group-F0151E123ACB-FollowerState
2023-03-09 15:02:49,704 [ee096506-a68b-4f48-b344-eadbf7b61204@group-F0151E123ACB-FollowerState] INFO  server.RaftServer$Division (RaftServerImpl.java:setRole(321)) - ee096506-a68b-4f48-b344-eadbf7b61204@group-F0151E123ACB: changes role from  FOLLOWER to CANDIDATE at term 0 for changeToCandidate
2023-03-09 15:02:49,704 [ee096506-a68b-4f48-b344-eadbf7b61204@group-F0151E123ACB-FollowerState] INFO  server.RaftServerConfigKeys (ConfUtils.java:logGet(46)) - raft.server.leaderelection.pre-vote = true (default)
2023-03-09 15:02:49,704 [ee096506-a68b-4f48-b344-eadbf7b61204@group-F0151E123ACB-FollowerState] INFO  impl.RoleInfo (RoleInfo.java:updateAndGet(139)) - ee096506-a68b-4f48-b344-eadbf7b61204: start ee096506-a68b-4f48-b344-eadbf7b61204@group-F0151E123ACB-LeaderElection70
2023-03-09 15:02:49,709 [ee096506-a68b-4f48-b344-eadbf7b61204@group-F0151E123ACB-LeaderElection70] INFO  impl.LeaderElection (LeaderElection.java:askForVotes(312)) - ee096506-a68b-4f48-b344-eadbf7b61204@group-F0151E123ACB-LeaderElection70 PRE_VOTE round 0: submit vote requests at term 0 for -1: peers:[ee096506-a68b-4f48-b344-eadbf7b61204|rpc:127.0.0.1:41907|dataStream:127.0.0.1:44575|priority:1|startupRole:FOLLOWER]|listeners:[], old=null
2023-03-09 15:02:49,709 [ee096506-a68b-4f48-b344-eadbf7b61204@group-F0151E123ACB-LeaderElection70] INFO  impl.LeaderElection (LeaderElection.java:askForVotes(314)) - ee096506-a68b-4f48-b344-eadbf7b61204@group-F0151E123ACB-LeaderElection70 PRE_VOTE round 0: result PASSED (term=0)
2023-03-09 15:02:49,710 [ee096506-a68b-4f48-b344-eadbf7b61204@group-F0151E123ACB-LeaderElection70] INFO  impl.LeaderElection (LeaderElection.java:askForVotes(312)) - ee096506-a68b-4f48-b344-eadbf7b61204@group-F0151E123ACB-LeaderElection70 ELECTION round 0: submit vote requests at term 1 for -1: peers:[ee096506-a68b-4f48-b344-eadbf7b61204|rpc:127.0.0.1:41907|dataStream:127.0.0.1:44575|priority:1|startupRole:FOLLOWER]|listeners:[], old=null
2023-03-09 15:02:49,710 [ee096506-a68b-4f48-b344-eadbf7b61204@group-F0151E123ACB-LeaderElection70] INFO  impl.LeaderElection (LeaderElection.java:askForVotes(314)) - ee096506-a68b-4f48-b344-eadbf7b61204@group-F0151E123ACB-LeaderElection70 ELECTION round 0: result PASSED (term=1)
2023-03-09 15:02:49,710 [ee096506-a68b-4f48-b344-eadbf7b61204@group-F0151E123ACB-LeaderElection70] INFO  impl.RoleInfo (RoleInfo.java:shutdownLeaderElection(130)) - ee096506-a68b-4f48-b344-eadbf7b61204: shutdown ee096506-a68b-4f48-b344-eadbf7b61204@group-F0151E123ACB-LeaderElection70
2023-03-09 15:02:49,710 [ee096506-a68b-4f48-b344-eadbf7b61204@group-F0151E123ACB-LeaderElection70] INFO  server.RaftServer$Division (RaftServerImpl.java:setRole(321)) - ee096506-a68b-4f48-b344-eadbf7b61204@group-F0151E123ACB: changes role from CANDIDATE to LEADER at term 1 for changeToLeader
2023-03-09 15:02:49,710 [ee096506-a68b-4f48-b344-eadbf7b61204@group-F0151E123ACB-LeaderElection70] INFO  ratis.XceiverServerRatis (XceiverServerRatis.java:handleLeaderChangedNotification(905)) - Leader change notification received for group: group-F0151E123ACB with new leaderId: ee096506-a68b-4f48-b344-eadbf7b61204
2023-03-09 15:02:49,710 [ee096506-a68b-4f48-b344-eadbf7b61204@group-F0151E123ACB-LeaderElection70] INFO  server.RaftServer$Division (ServerState.java:setLeader(313)) - ee096506-a68b-4f48-b344-eadbf7b61204@group-F0151E123ACB: change Leader from null to ee096506-a68b-4f48-b344-eadbf7b61204 at term 1 for becomeLeader, leader elected after 5281ms
2023-03-09 15:02:49,710 [ee096506-a68b-4f48-b344-eadbf7b61204@group-F0151E123ACB-LeaderElection70] INFO  server.RaftServerConfigKeys (ConfUtils.java:logGet(46)) - raft.server.staging.catchup.gap = 1000 (default)
2023-03-09 15:02:49,711 [ee096506-a68b-4f48-b344-eadbf7b61204@group-F0151E123ACB-LeaderElection70] INFO  server.RaftServerConfigKeys (ConfUtils.java:logGet(46)) - raft.server.write.element-limit = 1024 (custom)
2023-03-09 15:02:49,711 [ee096506-a68b-4f48-b344-eadbf7b61204@group-F0151E123ACB-LeaderElection70] INFO  server.RaftServerConfigKeys (ConfUtils.java:logGet(46)) - raft.server.write.byte-limit = 1024 M (=1073741824) (custom)
2023-03-09 15:02:49,711 [ee096506-a68b-4f48-b344-eadbf7b61204@group-F0151E123ACB-LeaderElection70] INFO  server.RaftServerConfigKeys (ConfUtils.java:logGet(46)) - raft.server.watch.timeout = 180s (custom)
2023-03-09 15:02:49,711 [ee096506-a68b-4f48-b344-eadbf7b61204@group-F0151E123ACB-LeaderElection70] INFO  server.RaftServerConfigKeys (ConfUtils.java:logGet(46)) - raft.server.watch.timeout.denomination = 1s (default)
2023-03-09 15:02:49,711 [ee096506-a68b-4f48-b344-eadbf7b61204@group-F0151E123ACB-LeaderElection70] INFO  server.RaftServerConfigKeys (ConfUtils.java:logGet(46)) - raft.server.watch.element-limit = 65536 (default)
2023-03-09 15:02:49,711 [ee096506-a68b-4f48-b344-eadbf7b61204@group-F0151E123ACB-LeaderElection70] INFO  server.RaftServerConfigKeys (ConfUtils.java:logGet(46)) - raft.server.write.element-limit = 1024 (custom)
2023-03-09 15:02:49,711 [ee096506-a68b-4f48-b344-eadbf7b61204@group-F0151E123ACB-LeaderElection70] INFO  server.RaftServerConfigKeys (ConfUtils.java:logGet(46)) - raft.server.write.follower.gap.ratio.max = -1.0 (default)
2023-03-09 15:02:49,711 [ee096506-a68b-4f48-b344-eadbf7b61204@group-F0151E123ACB-LeaderElection70] INFO  impl.RoleInfo (RoleInfo.java:updateAndGet(139)) - ee096506-a68b-4f48-b344-eadbf7b61204: start ee096506-a68b-4f48-b344-eadbf7b61204@group-F0151E123ACB-LeaderStateImpl
2023-03-09 15:02:49,711 [ee096506-a68b-4f48-b344-eadbf7b61204@group-F0151E123ACB-LeaderElection70] INFO  segmented.SegmentedRaftLogWorker (SegmentedRaftLogWorker.java:startLogSegment(452)) - ee096506-a68b-4f48-b344-eadbf7b61204@group-F0151E123ACB-SegmentedRaftLogWorker: Starting segment from index:0
2023-03-09 15:02:49,715 [ee096506-a68b-4f48-b344-eadbf7b61204@group-F0151E123ACB-LeaderElection70] INFO  server.RaftServer$Division (ServerState.java:setRaftConf(430)) - ee096506-a68b-4f48-b344-eadbf7b61204@group-F0151E123ACB: set configuration 0: peers:[ee096506-a68b-4f48-b344-eadbf7b61204|rpc:127.0.0.1:41907|dataStream:127.0.0.1:44575|priority:1|startupRole:FOLLOWER]|listeners:[], old=null
2023-03-09 15:02:49,717 [ee096506-a68b-4f48-b344-eadbf7b61204@group-F0151E123ACB-SegmentedRaftLogWorker] INFO  segmented.SegmentedRaftLogWorker (SegmentedRaftLogWorker.java:execute(656)) - ee096506-a68b-4f48-b344-eadbf7b61204@group-F0151E123ACB-SegmentedRaftLogWorker: created new log segment /home/runner/work/ozone/ozone/hadoop-ozone/integration-test/target/test-dir/MiniOzoneClusterImpl-0534e788-6c20-4d4d-bf72-3ffae63fff50/datanode-2/data/ratis/82d43020-3a8f-4377-9597-f0151e123acb/current/log_inprogress_0
2023-03-09 15:02:49,736 [EndpointStateMachine task thread for /127.0.0.1:33275 - 0 ] INFO  ipc.Client (Client.java:handleConnectionFailure(1010)) - Retrying connect to server: localhost/127.0.0.1:33275. Already tried 1 time(s); retry policy is RetryUpToMaximumCountWithFixedSleep(maxRetries=15, sleepTime=1000 MILLISECONDS)
2023-03-09 15:02:49,941 [Listener at 127.0.0.1/45353] INFO  om.OzoneManager (OzoneManager.java:instantiateServices(749)) - S3 Multi-Tenancy is disabled
2023-03-09 15:02:49,942 [Listener at 127.0.0.1/45353] WARN  server.ServerUtils (ServerUtils.java:getDBPath(225)) - ozone.om.snapshot.diff.db.dir is not configured. We recommend adding this setting. Falling back to ozone.metadata.dirs instead.
2023-03-09 15:02:49,959 [Listener at 127.0.0.1/45353] INFO  om.OzoneManager (OzoneManager.java:addS3GVolumeToDB(4217)) - Created Volume s3v With Owner runner required for S3Gateway operations.
2023-03-09 15:02:49,960 [Listener at 127.0.0.1/45353] WARN  server.ServerUtils (ServerUtils.java:getDefaultRatisDirectory(237)) - Storage directory for Ratis is not configured. It is a good idea to map this to an SSD disk. Falling back to ozone.metadata.dirs
2023-03-09 15:02:49,960 [Listener at 127.0.0.1/45353] WARN  utils.OzoneManagerRatisUtils (OzoneManagerRatisUtils.java:getOMRatisSnapshotDirectory(436)) - ozone.om.ratis.snapshot.dir is not configured. Falling back to ozone.metadata.dirs config
2023-03-09 15:02:49,960 [Listener at 127.0.0.1/45353] INFO  snapshot.OzoneManagerSnapshotProvider (OzoneManagerSnapshotProvider.java:<init>(76)) - Initializing OM Snapshot Provider
2023-03-09 15:02:49,962 [Listener at 127.0.0.1/45353] WARN  impl.MetricRegistriesImpl (MetricRegistriesImpl.java:addReporterRegistration(111)) - New reporters are added after registries were created. Some metrics will be missing from the reporter. Please add reporter before adding any new registry.
2023-03-09 15:02:49,962 [Listener at 127.0.0.1/45353] WARN  impl.MetricRegistriesImpl (MetricRegistriesImpl.java:addReporterRegistration(111)) - New reporters are added after registries were created. Some metrics will be missing from the reporter. Please add reporter before adding any new registry.
2023-03-09 15:02:49,963 [Listener at 127.0.0.1/45353] WARN  server.ServerUtils (ServerUtils.java:getDefaultRatisDirectory(237)) - Storage directory for Ratis is not configured. It is a good idea to map this to an SSD disk. Falling back to ozone.metadata.dirs
2023-03-09 15:02:49,963 [Listener at 127.0.0.1/45353] INFO  ratis.OzoneManagerRatisServer (OzoneManagerRatisServer.java:<init>(157)) - OM started in Bootstrap mode. Instantiating OM Ratis server with groupID: om-add-remove
2023-03-09 15:02:49,964 [Listener at 127.0.0.1/45353] INFO  ratis.OzoneManagerStateMachine (OzoneManagerStateMachine.java:loadSnapshotInfoFromDB(636)) - LastAppliedIndex is set from TransactionInfo from OM DB as (t:0, i:~)
2023-03-09 15:02:49,970 [Listener at 127.0.0.1/45353] INFO  server.RaftServer (ConfUtils.java:logGet(46)) - raft.rpc.type = GRPC (default)
2023-03-09 15:02:49,970 [Listener at 127.0.0.1/45353] INFO  grpc.GrpcConfigKeys (ConfUtils.java:logFallback(53)) - raft.grpc.admin.host = null (fallback to raft.grpc.server.host)
2023-03-09 15:02:49,970 [Listener at 127.0.0.1/45353] INFO  grpc.GrpcConfigKeys (ConfUtils.java:logFallback(53)) - raft.grpc.admin.port = 37155 (fallback to raft.grpc.server.port)
2023-03-09 15:02:49,970 [Listener at 127.0.0.1/45353] INFO  grpc.GrpcConfigKeys (ConfUtils.java:logFallback(53)) - raft.grpc.client.host = null (fallback to raft.grpc.server.host)
2023-03-09 15:02:49,970 [Listener at 127.0.0.1/45353] INFO  grpc.GrpcConfigKeys (ConfUtils.java:logFallback(53)) - raft.grpc.client.port = 37155 (fallback to raft.grpc.server.port)
2023-03-09 15:02:49,971 [Listener at 127.0.0.1/45353] INFO  grpc.GrpcConfigKeys (ConfUtils.java:logGet(46)) - raft.grpc.server.host = null (default)
2023-03-09 15:02:49,977 [Listener at 127.0.0.1/45353] INFO  grpc.GrpcConfigKeys (ConfUtils.java:logGet(46)) - raft.grpc.server.port = 37155 (custom)
2023-03-09 15:02:49,977 [Listener at 127.0.0.1/45353] INFO  server.GrpcService (ConfUtils.java:logGet(46)) - raft.grpc.message.size.max = 33554432 (custom)
2023-03-09 15:02:49,977 [Listener at 127.0.0.1/45353] INFO  server.RaftServerConfigKeys (ConfUtils.java:logGet(46)) - raft.server.log.appender.buffer.byte-limit = 33554432 (custom)
2023-03-09 15:02:49,977 [Listener at 127.0.0.1/45353] INFO  server.GrpcService (ConfUtils.java:logGet(46)) - raft.grpc.flow.control.window = 1MB (=1048576) (default)
2023-03-09 15:02:49,977 [Listener at 127.0.0.1/45353] INFO  server.RaftServerConfigKeys (ConfUtils.java:logGet(46)) - raft.server.rpc.request.timeout = 3000ms (default)
2023-03-09 15:02:49,978 [Listener at 127.0.0.1/45353] INFO  grpc.GrpcConfigKeys (ConfUtils.java:logGet(46)) - raft.grpc.server.heartbeat.channel = true (default)
2023-03-09 15:02:49,978 [Listener at 127.0.0.1/45353] INFO  grpc.GrpcConfigKeys (ConfUtils.java:logGet(46)) - raft.grpc.server.async.request.thread.pool.cached = true (default)
2023-03-09 15:02:49,978 [Listener at 127.0.0.1/45353] INFO  grpc.GrpcConfigKeys (ConfUtils.java:logGet(46)) - raft.grpc.server.async.request.thread.pool.size = 32 (default)
2023-03-09 15:02:49,980 [Listener at 127.0.0.1/45353] INFO  impl.DataStreamServerImpl (ConfUtils.java:logGet(46)) - raft.datastream.type = DISABLED (default)
2023-03-09 15:02:49,980 [Listener at 127.0.0.1/45353] INFO  server.RaftServerConfigKeys (ConfUtils.java:logGet(46)) - raft.server.threadpool.proxy.cached = true (default)
2023-03-09 15:02:49,980 [Listener at 127.0.0.1/45353] INFO  server.RaftServerConfigKeys (ConfUtils.java:logGet(46)) - raft.server.threadpool.proxy.size = 0 (default)
2023-03-09 15:02:49,980 [Listener at 127.0.0.1/45353] INFO  server.RaftServerConfigKeys (ConfUtils.java:logGet(46)) - raft.server.rpc.slowness.timeout = 2s (custom)
2023-03-09 15:02:49,981 [Listener at 127.0.0.1/45353] INFO  server.RaftServerConfigKeys (ConfUtils.java:logGet(46)) - raft.server.leaderelection.leader.step-down.wait-time = 10s (default)
2023-03-09 15:02:49,981 [Listener at 127.0.0.1/45353] INFO  server.RaftServerConfigKeys (ConfUtils.java:logGet(46)) - raft.server.storage.dir = [/home/runner/work/ozone/ozone/hadoop-ozone/integration-test/target/test-dir/MiniOzoneClusterImpl-0534e788-6c20-4d4d-bf72-3ffae63fff50/omNode-bootstrap-1/ratis] (custom)
2023-03-09 15:02:49,990 [Listener at 127.0.0.1/45353] INFO  server.RaftServer (RaftServerProxy.java:addNew(96)) - omNode-bootstrap-1: addNew group-0AAC5367B30E:[] returns group-0AAC5367B30E:java.util.concurrent.CompletableFuture@67b5e6bc[Not completed]
2023-03-09 15:02:49,990 [Listener at 127.0.0.1/45353] INFO  om.OzoneManager (OzoneManager.java:initializeRatisServer(2096)) - OzoneManager Ratis server initialized at port 37155
2023-03-09 15:02:49,990 [Listener at 127.0.0.1/45353] INFO  om.OzoneManager (OzoneManager.java:getRpcServer(1132)) - Creating RPC Server
2023-03-09 15:02:49,991 [pool-1402-thread-1] INFO  server.RaftServer$Division (RaftServerImpl.java:<init>(195)) - omNode-bootstrap-1: new RaftServerImpl for group-0AAC5367B30E:[] with OzoneManagerStateMachine:uninitialized
2023-03-09 15:02:49,992 [pool-1402-thread-1] INFO  server.RaftServerConfigKeys (ConfUtils.java:logGet(46)) - raft.server.rpc.timeout.min = 1s (custom)
2023-03-09 15:02:49,992 [pool-1402-thread-1] INFO  server.RaftServerConfigKeys (ConfUtils.java:logGet(46)) - raft.server.rpc.timeout.max = 1200ms (custom)
2023-03-09 15:02:49,992 [pool-1402-thread-1] INFO  server.RaftServerConfigKeys (ConfUtils.java:logGet(46)) - raft.server.rpc.sleep.time = 25ms (default)
2023-03-09 15:02:49,992 [pool-1402-thread-1] INFO  server.RaftServerConfigKeys (ConfUtils.java:logGet(46)) - raft.server.rpc.slowness.timeout = 2s (custom)
2023-03-09 15:02:49,992 [pool-1402-thread-1] INFO  server.RaftServerConfigKeys (ConfUtils.java:logGet(46)) - raft.server.leaderelection.leader.step-down.wait-time = 10s (default)
2023-03-09 15:02:49,992 [pool-1402-thread-1] INFO  server.RaftServerConfigKeys (ConfUtils.java:logGet(46)) - raft.server.sleep.deviation.threshold = 300ms (default)
2023-03-09 15:02:49,992 [pool-1402-thread-1] INFO  server.RaftServer$Division (ServerState.java:<init>(118)) - omNode-bootstrap-1@group-0AAC5367B30E: ConfigurationManager, init=-1: peers:[]|listeners:[], old=null, confs=<EMPTY_MAP>
2023-03-09 15:02:49,992 [pool-1402-thread-1] INFO  server.RaftServerConfigKeys (ConfUtils.java:logGet(46)) - raft.server.storage.dir = [/home/runner/work/ozone/ozone/hadoop-ozone/integration-test/target/test-dir/MiniOzoneClusterImpl-0534e788-6c20-4d4d-bf72-3ffae63fff50/omNode-bootstrap-1/ratis] (custom)
2023-03-09 15:02:49,994 [pool-1402-thread-1] INFO  server.RaftServerConfigKeys (ConfUtils.java:logGet(46)) - raft.server.log.corruption.policy = EXCEPTION (default)
2023-03-09 15:02:49,994 [pool-1402-thread-1] INFO  server.RaftServerConfigKeys (ConfUtils.java:logGet(46)) - raft.server.storage.free-space.min = 0MB (=0) (default)
2023-03-09 15:02:49,994 [pool-1402-thread-1] INFO  server.RaftServerConfigKeys (ConfUtils.java:logGet(46)) - raft.server.notification.no-leader.timeout = 2s (custom)
2023-03-09 15:02:49,994 [pool-1402-thread-1] INFO  server.RaftServerConfigKeys (ConfUtils.java:logGet(46)) - raft.server.retrycache.expirytime = 300s (custom)
2023-03-09 15:02:49,994 [pool-1402-thread-1] INFO  server.RaftServerConfigKeys (ConfUtils.java:logGet(46)) - raft.server.retrycache.statistics.expirytime = 100μs (default)
2023-03-09 15:02:49,995 [pool-1402-thread-1] INFO  server.RaftServerConfigKeys (ConfUtils.java:logGet(46)) - raft.server.log.appender.install.snapshot.enabled = false (custom)
2023-03-09 15:02:49,995 [pool-1402-thread-1] INFO  server.RaftServerConfigKeys (ConfUtils.java:logGet(46)) - raft.server.threadpool.server.cached = true (default)
2023-03-09 15:02:49,995 [pool-1402-thread-1] INFO  server.RaftServerConfigKeys (ConfUtils.java:logGet(46)) - raft.server.threadpool.server.size = 0 (default)
2023-03-09 15:02:49,995 [pool-1402-thread-1] INFO  server.RaftServerConfigKeys (ConfUtils.java:logGet(46)) - raft.server.threadpool.client.cached = true (default)
2023-03-09 15:02:49,995 [pool-1402-thread-1] INFO  server.RaftServerConfigKeys (ConfUtils.java:logGet(46)) - raft.server.threadpool.client.size = 0 (default)
2023-03-09 15:02:50,106 [EndpointStateMachine task thread for /127.0.0.1:35467 - 0 ] INFO  ipc.Client (Client.java:handleConnectionFailure(1010)) - Retrying connect to server: localhost/127.0.0.1:35467. Already tried 10 time(s); retry policy is RetryUpToMaximumCountWithFixedSleep(maxRetries=15, sleepTime=1000 MILLISECONDS)
2023-03-09 15:02:50,379 [Listener at 127.0.0.1/45353] INFO  reflections.Reflections (Reflections.java:scan(232)) - Reflections took 388 ms to scan 19 urls, producing 68 keys and 4914 values [using 2 cores]
2023-03-09 15:02:50,380 [Listener at 127.0.0.1/45353] INFO  ipc.CallQueueManager (CallQueueManager.java:<init>(90)) - Using callQueue: class java.util.concurrent.LinkedBlockingQueue, queueCapacity: 2000, scheduler: class org.apache.hadoop.ipc.DefaultRpcScheduler, ipcBackoff: false.
2023-03-09 15:02:50,381 [Socket Reader #1 for port 34977] INFO  ipc.Server (Server.java:run(1273)) - Starting Socket Reader #1 for port 34977
2023-03-09 15:02:50,414 [Listener at 127.0.0.1/34977] ERROR om.OzoneManager (OzoneManager.java:checkConfigBeforeBootstrap(1758)) - Remote OM config check failed on OM omNode-1
java.io.IOException: Remote OM omNode-1 does not have the bootstrapping OM(omNode-bootstrap-1) information on reloading configs or it could not resolve the address.
	at org.apache.hadoop.ozone.om.OzoneManager.checkRemoteOMConfig(OzoneManager.java:1790)
	at org.apache.hadoop.ozone.om.OzoneManager.checkConfigBeforeBootstrap(OzoneManager.java:1756)
	at org.apache.hadoop.ozone.om.OzoneManager.start(OzoneManager.java:1543)
	at org.apache.hadoop.ozone.MiniOzoneHAClusterImpl$MiniOzoneHAService.startInactiveService(MiniOzoneHAClusterImpl.java:1034)
	at org.apache.hadoop.ozone.MiniOzoneHAClusterImpl.startInactiveOM(MiniOzoneHAClusterImpl.java:214)
	at org.apache.hadoop.ozone.MiniOzoneHAClusterImpl.bootstrapNewOM(MiniOzoneHAClusterImpl.java:868)
	at org.apache.hadoop.ozone.MiniOzoneHAClusterImpl.bootstrapOzoneManager(MiniOzoneHAClusterImpl.java:778)
	at org.apache.hadoop.ozone.om.TestAddRemoveOzoneManager.testBootstrapWithoutConfigUpdate(TestAddRemoveOzoneManager.java:233)
	at sun.reflect.NativeMethodAccessorImpl.invoke0(Native Method)
	at sun.reflect.NativeMethodAccessorImpl.invoke(NativeMethodAccessorImpl.java:62)
	at sun.reflect.DelegatingMethodAccessorImpl.invoke(DelegatingMethodAccessorImpl.java:43)
	at java.lang.reflect.Method.invoke(Method.java:498)
	at org.junit.platform.commons.util.ReflectionUtils.invokeMethod(ReflectionUtils.java:725)
	at org.junit.jupiter.engine.execution.MethodInvocation.proceed(MethodInvocation.java:60)
	at org.junit.jupiter.engine.execution.InvocationInterceptorChain$ValidatingInvocation.proceed(InvocationInterceptorChain.java:131)
	at org.junit.jupiter.engine.extension.TimeoutInvocation.proceed(TimeoutInvocation.java:46)
	at org.junit.jupiter.engine.extension.TimeoutExtension.intercept(TimeoutExtension.java:149)
	at org.junit.jupiter.engine.extension.TimeoutExtension.interceptTestableMethod(TimeoutExtension.java:140)
	at org.junit.jupiter.engine.extension.TimeoutExtension.interceptTestMethod(TimeoutExtension.java:84)
	at org.junit.jupiter.engine.execution.ExecutableInvoker$ReflectiveInterceptorCall.lambda$ofVoidMethod$0(ExecutableInvoker.java:115)
	at org.junit.jupiter.engine.execution.ExecutableInvoker.lambda$invoke$0(ExecutableInvoker.java:105)
	at org.junit.jupiter.engine.execution.InvocationInterceptorChain$InterceptedInvocation.proceed(InvocationInterceptorChain.java:106)
	at org.junit.jupiter.engine.execution.InvocationInterceptorChain.proceed(InvocationInterceptorChain.java:64)
	at org.junit.jupiter.engine.execution.InvocationInterceptorChain.chainAndInvoke(InvocationInterceptorChain.java:45)
	at org.junit.jupiter.engine.execution.InvocationInterceptorChain.invoke(InvocationInterceptorChain.java:37)
	at org.junit.jupiter.engine.execution.ExecutableInvoker.invoke(ExecutableInvoker.java:104)
	at org.junit.jupiter.engine.execution.ExecutableInvoker.invoke(ExecutableInvoker.java:98)
	at org.junit.jupiter.engine.descriptor.TestMethodTestDescriptor.lambda$invokeTestMethod$7(TestMethodTestDescriptor.java:214)
	at org.junit.platform.engine.support.hierarchical.ThrowableCollector.execute(ThrowableCollector.java:73)
	at org.junit.jupiter.engine.descriptor.TestMethodTestDescriptor.invokeTestMethod(TestMethodTestDescriptor.java:210)
	at org.junit.jupiter.engine.descriptor.TestMethodTestDescriptor.execute(TestMethodTestDescriptor.java:135)
	at org.junit.jupiter.engine.descriptor.TestMethodTestDescriptor.execute(TestMethodTestDescriptor.java:66)
	at org.junit.platform.engine.support.hierarchical.NodeTestTask.lambda$executeRecursively$6(NodeTestTask.java:151)
	at org.junit.platform.engine.support.hierarchical.ThrowableCollector.execute(ThrowableCollector.java:73)
	at org.junit.platform.engine.support.hierarchical.NodeTestTask.lambda$executeRecursively$8(NodeTestTask.java:141)
	at org.junit.platform.engine.support.hierarchical.Node.around(Node.java:137)
	at org.junit.platform.engine.support.hierarchical.NodeTestTask.lambda$executeRecursively$9(NodeTestTask.java:139)
	at org.junit.platform.engine.support.hierarchical.ThrowableCollector.execute(ThrowableCollector.java:73)
	at org.junit.platform.engine.support.hierarchical.NodeTestTask.executeRecursively(NodeTestTask.java:138)
	at org.junit.platform.engine.support.hierarchical.NodeTestTask.execute(NodeTestTask.java:95)
	at java.util.ArrayList.forEach(ArrayList.java:1259)
	at org.junit.platform.engine.support.hierarchical.SameThreadHierarchicalTestExecutorService.invokeAll(SameThreadHierarchicalTestExecutorService.java:41)
	at org.junit.platform.engine.support.hierarchical.NodeTestTask.lambda$executeRecursively$6(NodeTestTask.java:155)
	at org.junit.platform.engine.support.hierarchical.ThrowableCollector.execute(ThrowableCollector.java:73)
	at org.junit.platform.engine.support.hierarchical.NodeTestTask.lambda$executeRecursively$8(NodeTestTask.java:141)
	at org.junit.platform.engine.support.hierarchical.Node.around(Node.java:137)
	at org.junit.platform.engine.support.hierarchical.NodeTestTask.lambda$executeRecursively$9(NodeTestTask.java:139)
	at org.junit.platform.engine.support.hierarchical.ThrowableCollector.execute(ThrowableCollector.java:73)
	at org.junit.platform.engine.support.hierarchical.NodeTestTask.executeRecursively(NodeTestTask.java:138)
	at org.junit.platform.engine.support.hierarchical.NodeTestTask.execute(NodeTestTask.java:95)
	at java.util.ArrayList.forEach(ArrayList.java:1259)
	at org.junit.platform.engine.support.hierarchical.SameThreadHierarchicalTestExecutorService.invokeAll(SameThreadHierarchicalTestExecutorService.java:41)
	at org.junit.platform.engine.support.hierarchical.NodeTestTask.lambda$executeRecursively$6(NodeTestTask.java:155)
	at org.junit.platform.engine.support.hierarchical.ThrowableCollector.execute(ThrowableCollector.java:73)
	at org.junit.platform.engine.support.hierarchical.NodeTestTask.lambda$executeRecursively$8(NodeTestTask.java:141)
	at org.junit.platform.engine.support.hierarchical.Node.around(Node.java:137)
	at org.junit.platform.engine.support.hierarchical.NodeTestTask.lambda$executeRecursively$9(NodeTestTask.java:139)
	at org.junit.platform.engine.support.hierarchical.ThrowableCollector.execute(ThrowableCollector.java:73)
	at org.junit.platform.engine.support.hierarchical.NodeTestTask.executeRecursively(NodeTestTask.java:138)
	at org.junit.platform.engine.support.hierarchical.NodeTestTask.execute(NodeTestTask.java:95)
	at org.junit.platform.engine.support.hierarchical.SameThreadHierarchicalTestExecutorService.submit(SameThreadHierarchicalTestExecutorService.java:35)
	at org.junit.platform.engine.support.hierarchical.HierarchicalTestExecutor.execute(HierarchicalTestExecutor.java:57)
	at org.junit.platform.engine.support.hierarchical.HierarchicalTestEngine.execute(HierarchicalTestEngine.java:54)
	at org.junit.platform.launcher.core.EngineExecutionOrchestrator.execute(EngineExecutionOrchestrator.java:107)
	at org.junit.platform.launcher.core.EngineExecutionOrchestrator.execute(EngineExecutionOrchestrator.java:88)
	at org.junit.platform.launcher.core.EngineExecutionOrchestrator.lambda$execute$0(EngineExecutionOrchestrator.java:54)
	at org.junit.platform.launcher.core.EngineExecutionOrchestrator.withInterceptedStreams(EngineExecutionOrchestrator.java:67)
	at org.junit.platform.launcher.core.EngineExecutionOrchestrator.execute(EngineExecutionOrchestrator.java:52)
	at org.junit.platform.launcher.core.DefaultLauncher.execute(DefaultLauncher.java:114)
	at org.junit.platform.launcher.core.DefaultLauncher.execute(DefaultLauncher.java:86)
	at org.junit.platform.launcher.core.DefaultLauncherSession$DelegatingLauncher.execute(DefaultLauncherSession.java:86)
	at org.junit.platform.launcher.core.SessionPerRequestLauncher.execute(SessionPerRequestLauncher.java:53)
	at org.apache.maven.surefire.junitplatform.JUnitPlatformProvider.invokeAllTests(JUnitPlatformProvider.java:165)
	at org.apache.maven.surefire.junitplatform.JUnitPlatformProvider.invoke(JUnitPlatformProvider.java:124)
	at org.apache.maven.surefire.booter.ForkedBooter.runSuitesInProcess(ForkedBooter.java:428)
	at org.apache.maven.surefire.booter.ForkedBooter.execute(ForkedBooter.java:162)
	at org.apache.maven.surefire.booter.ForkedBooter.run(ForkedBooter.java:562)
	at org.apache.maven.surefire.booter.ForkedBooter.main(ForkedBooter.java:548)
2023-03-09 15:02:50,415 [Listener at 127.0.0.1/34977] ERROR ozone.MiniOzoneHAClusterImpl (MiniOzoneHAClusterImpl.java:exitSystem(1092)) - omNode-bootstrap-1 - System Exit: OM [omNode-1[localhost:45353]] do not have or have incorrect information of the bootstrapping OM. Update their ozone-site.xml before proceeding.
2023-03-09 15:02:50,415 [Listener at 127.0.0.1/34977] INFO  om.OzoneManager (OzoneManager.java:stop(2155)) - omNode-bootstrap-1[localhost:34977]: Stopping Ozone Manager
2023-03-09 15:02:50,416 [Listener at 127.0.0.1/34977] INFO  ipc.Server (Server.java:stop(3428)) - Stopping server on 34977
2023-03-09 15:02:50,416 [Listener at 127.0.0.1/34977] INFO  ratis.OzoneManagerStateMachine (OzoneManagerStateMachine.java:close(499)) - StateMachine has shutdown. Shutdown OzoneManager if not already shutdown.
2023-03-09 15:02:50,416 [Listener at 127.0.0.1/34977] INFO  ratis.OzoneManagerDoubleBuffer (OzoneManagerDoubleBuffer.java:stopDaemon(540)) - Stopping OMDoubleBuffer flush thread
2023-03-09 15:02:50,417 [OMDoubleBufferFlushThread] INFO  ratis.OzoneManagerDoubleBuffer (OzoneManagerDoubleBuffer.java:canFlush(625)) - OMDoubleBuffer flush thread OMDoubleBufferFlushThread is interrupted and will exit.
2023-03-09 15:02:50,423 [Listener at 127.0.0.1/34977] INFO  ha.OMHANodeDetails (OMHANodeDetails.java:loadOMHAConfig(121)) - ServiceID for OzoneManager is om-add-remove
2023-03-09 15:02:50,423 [Listener at 127.0.0.1/34977] INFO  ha.OMHANodeDetails (OMHANodeDetails.java:loadOMHAConfig(201)) - Found matching OM address with OMServiceId: om-add-remove, OMNodeId: omNode-bootstrap-2, RPC Address: localhost:35659 and Ratis port: 35875
2023-03-09 15:02:50,423 [Listener at 127.0.0.1/34977] INFO  ha.OMHANodeDetails (ConfUtils.java:setNodeSpecificConfigs(97)) - Setting configuration key ozone.om.http-address with value of key ozone.om.http-address.om-add-remove.omNode-bootstrap-2: 127.0.0.1:41353
2023-03-09 15:02:50,423 [Listener at 127.0.0.1/34977] INFO  ha.OMHANodeDetails (ConfUtils.java:setNodeSpecificConfigs(97)) - Setting configuration key ozone.om.https-address with value of key ozone.om.https-address.om-add-remove.omNode-bootstrap-2: 127.0.0.1:32929
2023-03-09 15:02:50,424 [Listener at 127.0.0.1/34977] INFO  ha.OMHANodeDetails (ConfUtils.java:setNodeSpecificConfigs(97)) - Setting configuration key ozone.om.address with value of key ozone.om.address.om-add-remove.omNode-bootstrap-2: 127.0.0.1:35659
2023-03-09 15:02:50,424 [Listener at 127.0.0.1/34977] WARN  server.ServerUtils (ServerUtils.java:getDBPath(225)) - ozone.om.db.dirs is not configured. We recommend adding this setting. Falling back to ozone.metadata.dirs instead.
2023-03-09 15:02:50,425 [Listener at 127.0.0.1/34977] INFO  ha.SCMNodeInfo (SCMNodeInfo.java:getPort(197)) - ConfigKey ozone.scm.client.address is deprecated, For configuring different ports for each SCM use PortConfigKey ozone.scm.client.port appended with serviceId and nodeId
2023-03-09 15:02:50,425 [Listener at 127.0.0.1/34977] INFO  ha.SCMNodeInfo (SCMNodeInfo.java:getPort(197)) - ConfigKey ozone.scm.block.client.address is deprecated, For configuring different ports for each SCM use PortConfigKey ozone.scm.block.client.port appended with serviceId and nodeId
2023-03-09 15:02:50,425 [Listener at 127.0.0.1/34977] INFO  ha.SCMNodeInfo (SCMNodeInfo.java:getPort(197)) - ConfigKey ozone.scm.datanode.address is deprecated, For configuring different ports for each SCM use PortConfigKey ozone.scm.datanode.port appended with serviceId and nodeId
2023-03-09 15:02:50,425 [Listener at 127.0.0.1/34977] INFO  proxy.SCMBlockLocationFailoverProxyProvider (SCMBlockLocationFailoverProxyProvider.java:<init>(114)) - Created block location fail-over proxy with 1 nodes: [nodeId=scmNode-1,nodeAddress=/127.0.0.1:42359]
OM initialization succeeded.Current cluster id for sd=/home/runner/work/ozone/ozone/hadoop-ozone/integration-test/target/test-dir/MiniOzoneClusterImpl-0534e788-6c20-4d4d-bf72-3ffae63fff50/omNode-bootstrap-2/om;cid=0534e788-6c20-4d4d-bf72-3ffae63fff50;layoutVersion=3
2023-03-09 15:02:50,434 [Listener at 127.0.0.1/34977] INFO  ha.OMHANodeDetails (OMHANodeDetails.java:loadOMHAConfig(121)) - ServiceID for OzoneManager is om-add-remove
2023-03-09 15:02:50,435 [Listener at 127.0.0.1/34977] INFO  ha.OMHANodeDetails (OMHANodeDetails.java:loadOMHAConfig(201)) - Found matching OM address with OMServiceId: om-add-remove, OMNodeId: omNode-bootstrap-2, RPC Address: localhost:35659 and Ratis port: 35875
2023-03-09 15:02:50,435 [Listener at 127.0.0.1/34977] INFO  ha.OMHANodeDetails (ConfUtils.java:setNodeSpecificConfigs(97)) - Setting configuration key ozone.om.http-address with value of key ozone.om.http-address.om-add-remove.omNode-bootstrap-2: 127.0.0.1:41353
2023-03-09 15:02:50,435 [Listener at 127.0.0.1/34977] INFO  ha.OMHANodeDetails (ConfUtils.java:setNodeSpecificConfigs(97)) - Setting configuration key ozone.om.https-address with value of key ozone.om.https-address.om-add-remove.omNode-bootstrap-2: 127.0.0.1:32929
2023-03-09 15:02:50,435 [Listener at 127.0.0.1/34977] INFO  ha.OMHANodeDetails (ConfUtils.java:setNodeSpecificConfigs(97)) - Setting configuration key ozone.om.address with value of key ozone.om.address.om-add-remove.omNode-bootstrap-2: 127.0.0.1:35659
2023-03-09 15:02:50,435 [Listener at 127.0.0.1/34977] WARN  server.ServerUtils (ServerUtils.java:getDBPath(225)) - ozone.om.db.dirs is not configured. We recommend adding this setting. Falling back to ozone.metadata.dirs instead.
2023-03-09 15:02:50,437 [Listener at 127.0.0.1/34977] INFO  upgrade.AbstractLayoutVersionManager (AbstractLayoutVersionManager.java:init(83)) - Initializing Layout version manager with metadata layout = MULTITENANCY_SCHEMA (version = 3), software layout = MULTITENANCY_SCHEMA (version = 3)
2023-03-09 15:02:50,537 [Listener at 127.0.0.1/34977] INFO  reflections.Reflections (Reflections.java:scan(232)) - Reflections took 98 ms to scan 2 urls, producing 167 keys and 459 values [using 2 cores]
2023-03-09 15:02:50,537 [Listener at 127.0.0.1/34977] INFO  upgrade.OMLayoutVersionManager (OMLayoutVersionManager.java:lambda$0(115)) - Skipping Upgrade Action MockOmUpgradeAction since it has been finalized.
2023-03-09 15:02:50,537 [Listener at 127.0.0.1/34977] WARN  server.ServerUtils (ServerUtils.java:getDBPath(225)) - ozone.om.db.dirs is not configured. We recommend adding this setting. Falling back to ozone.metadata.dirs instead.
2023-03-09 15:02:50,538 [Listener at 127.0.0.1/34977] INFO  ha.SCMNodeInfo (SCMNodeInfo.java:getPort(197)) - ConfigKey ozone.scm.client.address is deprecated, For configuring different ports for each SCM use PortConfigKey ozone.scm.client.port appended with serviceId and nodeId
2023-03-09 15:02:50,538 [Listener at 127.0.0.1/34977] INFO  ha.SCMNodeInfo (SCMNodeInfo.java:getPort(197)) - ConfigKey ozone.scm.block.client.address is deprecated, For configuring different ports for each SCM use PortConfigKey ozone.scm.block.client.port appended with serviceId and nodeId
2023-03-09 15:02:50,538 [Listener at 127.0.0.1/34977] INFO  ha.SCMNodeInfo (SCMNodeInfo.java:getPort(197)) - ConfigKey ozone.scm.datanode.address is deprecated, For configuring different ports for each SCM use PortConfigKey ozone.scm.datanode.port appended with serviceId and nodeId
2023-03-09 15:02:50,539 [Listener at 127.0.0.1/34977] INFO  ha.SCMNodeInfo (SCMNodeInfo.java:getPort(197)) - ConfigKey ozone.scm.client.address is deprecated, For configuring different ports for each SCM use PortConfigKey ozone.scm.client.port appended with serviceId and nodeId
2023-03-09 15:02:50,539 [Listener at 127.0.0.1/34977] INFO  ha.SCMNodeInfo (SCMNodeInfo.java:getPort(197)) - ConfigKey ozone.scm.block.client.address is deprecated, For configuring different ports for each SCM use PortConfigKey ozone.scm.block.client.port appended with serviceId and nodeId
2023-03-09 15:02:50,539 [Listener at 127.0.0.1/34977] INFO  ha.SCMNodeInfo (SCMNodeInfo.java:getPort(197)) - ConfigKey ozone.scm.datanode.address is deprecated, For configuring different ports for each SCM use PortConfigKey ozone.scm.datanode.port appended with serviceId and nodeId
2023-03-09 15:02:50,539 [Listener at 127.0.0.1/34977] INFO  proxy.SCMBlockLocationFailoverProxyProvider (SCMBlockLocationFailoverProxyProvider.java:<init>(114)) - Created block location fail-over proxy with 1 nodes: [nodeId=scmNode-1,nodeAddress=/127.0.0.1:42359]
2023-03-09 15:02:50,541 [Listener at 127.0.0.1/34977] INFO  ha.SCMNodeInfo (SCMNodeInfo.java:getPort(197)) - ConfigKey ozone.scm.client.address is deprecated, For configuring different ports for each SCM use PortConfigKey ozone.scm.client.port appended with serviceId and nodeId
2023-03-09 15:02:50,541 [Listener at 127.0.0.1/34977] INFO  ha.SCMNodeInfo (SCMNodeInfo.java:getPort(197)) - ConfigKey ozone.scm.block.client.address is deprecated, For configuring different ports for each SCM use PortConfigKey ozone.scm.block.client.port appended with serviceId and nodeId
2023-03-09 15:02:50,541 [Listener at 127.0.0.1/34977] INFO  ha.SCMNodeInfo (SCMNodeInfo.java:getPort(197)) - ConfigKey ozone.scm.datanode.address is deprecated, For configuring different ports for each SCM use PortConfigKey ozone.scm.datanode.port appended with serviceId and nodeId
2023-03-09 15:02:50,541 [Listener at 127.0.0.1/34977] INFO  proxy.SCMBlockLocationFailoverProxyProvider (SCMBlockLocationFailoverProxyProvider.java:<init>(114)) - Created block location fail-over proxy with 1 nodes: [nodeId=scmNode-1,nodeAddress=/127.0.0.1:42359]
2023-03-09 15:02:50,549 [Listener at 127.0.0.1/34977] INFO  om.OzoneManager (OzoneManager.java:<init>(619)) - OM start with adminUsers: [runner]
2023-03-09 15:02:50,551 [Listener at 127.0.0.1/34977] WARN  server.ServerUtils (ServerUtils.java:getDBPath(225)) - ozone.om.db.dirs is not configured. We recommend adding this setting. Falling back to ozone.metadata.dirs instead.
2023-03-09 15:02:50,551 [Listener at 127.0.0.1/34977] INFO  codec.OmKeyInfoCodec (OmKeyInfoCodec.java:<init>(49)) - OmKeyInfoCodec ignorePipeline = true
2023-03-09 15:02:50,551 [Listener at 127.0.0.1/34977] INFO  codec.RepeatedOmKeyInfoCodec (RepeatedOmKeyInfoCodec.java:<init>(41)) - RepeatedOmKeyInfoCodec ignorePipeline = true
2023-03-09 15:02:50,736 [EndpointStateMachine task thread for /127.0.0.1:33275 - 0 ] INFO  ipc.Client (Client.java:handleConnectionFailure(1010)) - Retrying connect to server: localhost/127.0.0.1:33275. Already tried 2 time(s); retry policy is RetryUpToMaximumCountWithFixedSleep(maxRetries=15, sleepTime=1000 MILLISECONDS)
2023-03-09 15:02:50,786 [Listener at 127.0.0.1/34977] INFO  om.OzoneManager (OzoneManager.java:instantiateServices(749)) - S3 Multi-Tenancy is disabled
2023-03-09 15:02:50,787 [Listener at 127.0.0.1/34977] WARN  server.ServerUtils (ServerUtils.java:getDBPath(225)) - ozone.om.snapshot.diff.db.dir is not configured. We recommend adding this setting. Falling back to ozone.metadata.dirs instead.
2023-03-09 15:02:50,800 [Listener at 127.0.0.1/34977] INFO  om.OzoneManager (OzoneManager.java:addS3GVolumeToDB(4217)) - Created Volume s3v With Owner runner required for S3Gateway operations.
2023-03-09 15:02:50,800 [Listener at 127.0.0.1/34977] WARN  server.ServerUtils (ServerUtils.java:getDefaultRatisDirectory(237)) - Storage directory for Ratis is not configured. It is a good idea to map this to an SSD disk. Falling back to ozone.metadata.dirs
2023-03-09 15:02:50,801 [Listener at 127.0.0.1/34977] WARN  utils.OzoneManagerRatisUtils (OzoneManagerRatisUtils.java:getOMRatisSnapshotDirectory(436)) - ozone.om.ratis.snapshot.dir is not configured. Falling back to ozone.metadata.dirs config
2023-03-09 15:02:50,801 [Listener at 127.0.0.1/34977] INFO  snapshot.OzoneManagerSnapshotProvider (OzoneManagerSnapshotProvider.java:<init>(76)) - Initializing OM Snapshot Provider
2023-03-09 15:02:50,803 [Listener at 127.0.0.1/34977] WARN  server.ServerUtils (ServerUtils.java:getDefaultRatisDirectory(237)) - Storage directory for Ratis is not configured. It is a good idea to map this to an SSD disk. Falling back to ozone.metadata.dirs
2023-03-09 15:02:50,804 [Listener at 127.0.0.1/34977] INFO  ratis.OzoneManagerRatisServer (OzoneManagerRatisServer.java:<init>(157)) - OM started in Bootstrap mode. Instantiating OM Ratis server with groupID: om-add-remove
2023-03-09 15:02:50,805 [Listener at 127.0.0.1/34977] INFO  ratis.OzoneManagerStateMachine (OzoneManagerStateMachine.java:loadSnapshotInfoFromDB(636)) - LastAppliedIndex is set from TransactionInfo from OM DB as (t:0, i:~)
2023-03-09 15:02:50,805 [Listener at 127.0.0.1/34977] INFO  server.RaftServer (ConfUtils.java:logGet(46)) - raft.rpc.type = GRPC (default)
2023-03-09 15:02:50,805 [Listener at 127.0.0.1/34977] INFO  grpc.GrpcConfigKeys (ConfUtils.java:logFallback(53)) - raft.grpc.admin.host = null (fallback to raft.grpc.server.host)
2023-03-09 15:02:50,806 [Listener at 127.0.0.1/34977] INFO  grpc.GrpcConfigKeys (ConfUtils.java:logFallback(53)) - raft.grpc.admin.port = 35875 (fallback to raft.grpc.server.port)
2023-03-09 15:02:50,806 [Listener at 127.0.0.1/34977] INFO  grpc.GrpcConfigKeys (ConfUtils.java:logFallback(53)) - raft.grpc.client.host = null (fallback to raft.grpc.server.host)
2023-03-09 15:02:50,806 [Listener at 127.0.0.1/34977] INFO  grpc.GrpcConfigKeys (ConfUtils.java:logFallback(53)) - raft.grpc.client.port = 35875 (fallback to raft.grpc.server.port)
2023-03-09 15:02:50,806 [Listener at 127.0.0.1/34977] INFO  grpc.GrpcConfigKeys (ConfUtils.java:logGet(46)) - raft.grpc.server.host = null (default)
2023-03-09 15:02:50,806 [Listener at 127.0.0.1/34977] INFO  grpc.GrpcConfigKeys (ConfUtils.java:logGet(46)) - raft.grpc.server.port = 35875 (custom)
2023-03-09 15:02:50,807 [Listener at 127.0.0.1/34977] INFO  server.GrpcService (ConfUtils.java:logGet(46)) - raft.grpc.message.size.max = 33554432 (custom)
2023-03-09 15:02:50,807 [Listener at 127.0.0.1/34977] INFO  server.RaftServerConfigKeys (ConfUtils.java:logGet(46)) - raft.server.log.appender.buffer.byte-limit = 33554432 (custom)
2023-03-09 15:02:50,807 [Listener at 127.0.0.1/34977] INFO  server.GrpcService (ConfUtils.java:logGet(46)) - raft.grpc.flow.control.window = 1MB (=1048576) (default)
2023-03-09 15:02:50,807 [Listener at 127.0.0.1/34977] INFO  server.RaftServerConfigKeys (ConfUtils.java:logGet(46)) - raft.server.rpc.request.timeout = 3000ms (default)
2023-03-09 15:02:50,807 [Listener at 127.0.0.1/34977] INFO  grpc.GrpcConfigKeys (ConfUtils.java:logGet(46)) - raft.grpc.server.heartbeat.channel = true (default)
2023-03-09 15:02:50,807 [Listener at 127.0.0.1/34977] INFO  grpc.GrpcConfigKeys (ConfUtils.java:logGet(46)) - raft.grpc.server.async.request.thread.pool.cached = true (default)
2023-03-09 15:02:50,808 [Listener at 127.0.0.1/34977] INFO  grpc.GrpcConfigKeys (ConfUtils.java:logGet(46)) - raft.grpc.server.async.request.thread.pool.size = 32 (default)
2023-03-09 15:02:50,809 [Listener at 127.0.0.1/34977] INFO  impl.DataStreamServerImpl (ConfUtils.java:logGet(46)) - raft.datastream.type = DISABLED (default)
2023-03-09 15:02:50,809 [Listener at 127.0.0.1/34977] INFO  server.RaftServerConfigKeys (ConfUtils.java:logGet(46)) - raft.server.threadpool.proxy.cached = true (default)
2023-03-09 15:02:50,809 [Listener at 127.0.0.1/34977] INFO  server.RaftServerConfigKeys (ConfUtils.java:logGet(46)) - raft.server.threadpool.proxy.size = 0 (default)
2023-03-09 15:02:50,809 [Listener at 127.0.0.1/34977] INFO  server.RaftServerConfigKeys (ConfUtils.java:logGet(46)) - raft.server.rpc.slowness.timeout = 2s (custom)
2023-03-09 15:02:50,810 [Listener at 127.0.0.1/34977] INFO  server.RaftServerConfigKeys (ConfUtils.java:logGet(46)) - raft.server.leaderelection.leader.step-down.wait-time = 10s (default)
2023-03-09 15:02:50,810 [Listener at 127.0.0.1/34977] INFO  server.RaftServerConfigKeys (ConfUtils.java:logGet(46)) - raft.server.storage.dir = [/home/runner/work/ozone/ozone/hadoop-ozone/integration-test/target/test-dir/MiniOzoneClusterImpl-0534e788-6c20-4d4d-bf72-3ffae63fff50/omNode-bootstrap-2/ratis] (custom)
2023-03-09 15:02:50,811 [Listener at 127.0.0.1/34977] INFO  server.RaftServer (RaftServerProxy.java:addNew(96)) - omNode-bootstrap-2: addNew group-0AAC5367B30E:[] returns group-0AAC5367B30E:java.util.concurrent.CompletableFuture@42c829dd[Not completed]
2023-03-09 15:02:50,811 [pool-1429-thread-1] INFO  server.RaftServer$Division (RaftServerImpl.java:<init>(195)) - omNode-bootstrap-2: new RaftServerImpl for group-0AAC5367B30E:[] with OzoneManagerStateMachine:uninitialized
2023-03-09 15:02:50,811 [Listener at 127.0.0.1/34977] INFO  om.OzoneManager (OzoneManager.java:initializeRatisServer(2096)) - OzoneManager Ratis server initialized at port 35875
2023-03-09 15:02:50,811 [Listener at 127.0.0.1/34977] INFO  om.OzoneManager (ConfUtils.java:logGet(46)) - raft.server.rpc.timeout.min = 1s (custom)
2023-03-09 15:02:50,811 [pool-1429-thread-1] INFO  server.RaftServerConfigKeys (ConfUtils.java:logGet(46)) - raft.server.rpc.timeout.max = 1200ms (custom)
2023-03-09 15:02:50,811 [Listener at 127.0.0.1/34977] INFO  om.OzoneManager (OzoneManager.java:getRpcServer(1132)) - Creating RPC Server
ConfUtils.java:logGet(46)) - raft.server.rpc.sleep.time = 25ms (default)
2023-03-09 15:02:50,811 [Listener at 127.0.0.1/34977] INFO  om.OzoneManager (OzoneManager.java:getRpcServer(1132)) - Creating RPC Server
2023-03-09 15:02:50,811 [pool-1429-thread-1] INFO  server.RaftServerConfigKeys (ConfUtils.java:logGet(46)) - raft.server.rpc.slowness.timeout = 2s (custom)
2023-03-09 15:02:50,811 [pool-1429-thread-1] INFO  server.RaftServerConfigKeys (ConfUtils.java:logGet(46)) - raft.server.leaderelection.leader.step-down.wait-time = 10s (default)
2023-03-09 15:02:50,811 [pool-1429-thread-1] INFO  server.RaftServerConfigKeys (ConfUtils.java:logGet(46)) - raft.server.sleep.deviation.threshold = 300ms (default)
2023-03-09 15:02:50,811 [pool-1429-thread-1] INFO  server.RaftServer$Division (ServerState.java:<init>(118)) - omNode-bootstrap-2@group-0AAC5367B30E: ConfigurationManager, init=-1: peers:[]|listeners:[], old=null, confs=<EMPTY_MAP>
2023-03-09 15:02:50,811 [pool-1429-thread-1] INFO  server.RaftServerConfigKeys (ConfUtils.java:logGet(46)) - raft.server.storage.dir = [/home/runner/work/ozone/ozone/hadoop-ozone/integration-test/target/test-dir/MiniOzoneClusterImpl-0534e788-6c20-4d4d-bf72-3ffae63fff50/omNode-bootstrap-2/ratis] (custom)
2023-03-09 15:02:50,811 [pool-1429-thread-1] INFO  server.RaftServerConfigKeys (ConfUtils.java:logGet(46)) - raft.server.log.corruption.policy = EXCEPTION (default)
2023-03-09 15:02:50,811 [pool-1429-thread-1] INFO  server.RaftServerConfigKeys (ConfUtils.java:logGet(46)) - raft.server.storage.free-space.min = 0MB (=0) (default)
2023-03-09 15:02:50,812 [pool-1429-thread-1] INFO  server.RaftServerConfigKeys (ConfUtils.java:logGet(46)) - raft.server.notification.no-leader.timeout = 2s (custom)
2023-03-09 15:02:50,812 [pool-1429-thread-1] INFO  server.RaftServerConfigKeys (ConfUtils.java:logGet(46)) - raft.server.retrycache.expirytime = 300s (custom)
2023-03-09 15:02:50,812 [pool-1429-thread-1] INFO  server.RaftServerConfigKeys (ConfUtils.java:logGet(46)) - raft.server.retrycache.statistics.expirytime = 100μs (default)
2023-03-09 15:02:50,812 [pool-1429-thread-1] INFO  server.RaftServerConfigKeys (ConfUtils.java:logGet(46)) - raft.server.log.appender.install.snapshot.enabled = false (custom)
2023-03-09 15:02:50,812 [pool-1429-thread-1] INFO  server.RaftServerConfigKeys (ConfUtils.java:logGet(46)) - raft.server.threadpool.server.cached = true (default)
2023-03-09 15:02:50,813 [pool-1429-thread-1] INFO  server.RaftServerConfigKeys (ConfUtils.java:logGet(46)) - raft.server.threadpool.server.size = 0 (default)
2023-03-09 15:02:50,813 [pool-1429-thread-1] INFO  server.RaftServerConfigKeys (ConfUtils.java:logGet(46)) - raft.server.threadpool.client.cached = true (default)
2023-03-09 15:02:50,813 [pool-1429-thread-1] INFO  server.RaftServerConfigKeys (ConfUtils.java:logGet(46)) - raft.server.threadpool.client.size = 0 (default)
2023-03-09 15:02:51,279 [JvmPauseMonitor45] WARN  util.JvmPauseMonitor (JvmPauseMonitor.java:detectPause(126)) - JvmPauseMonitor-omNode-1: Detected pause in JVM or host machine (eg GC): pause of approximately 132563988ns.
GC pool 'PS MarkSweep' had collection(s): count=1 time=349ms
GC pool 'PS Scavenge' had collection(s): count=1 time=107ms
2023-03-09 15:02:51,279 [EndpointStateMachine task thread for /127.0.0.1:35467 - 0 ] INFO  ipc.Client (Client.java:handleConnectionFailure(1010)) - Retrying connect to server: localhost/127.0.0.1:35467. Already tried 11 time(s); retry policy is RetryUpToMaximumCountWithFixedSleep(maxRetries=15, sleepTime=1000 MILLISECONDS)
2023-03-09 15:02:51,280 [JvmPauseMonitor48] WARN  util.JvmPauseMonitor (JvmPauseMonitor.java:detectPause(126)) - JvmPauseMonitor-ee096506-a68b-4f48-b344-eadbf7b61204: Detected pause in JVM or host machine (eg GC): pause of approximately 275778527ns.
GC pool 'PS MarkSweep' had collection(s): count=1 time=349ms
GC pool 'PS Scavenge' had collection(s): count=1 time=107ms
2023-03-09 15:02:51,279 [JvmPauseMonitor46] WARN  util.JvmPauseMonitor (JvmPauseMonitor.java:detectPause(126)) - JvmPauseMonitor-0518bc97-31d1-4d4f-b564-52717e813075: Detected pause in JVM or host machine (eg GC): pause of approximately 149064680ns.
GC pool 'PS MarkSweep' had collection(s): count=1 time=349ms
GC pool 'PS Scavenge' had collection(s): count=1 time=107ms
2023-03-09 15:02:51,279 [JvmPauseMonitor47] WARN  util.JvmPauseMonitor (JvmPauseMonitor.java:detectPause(126)) - JvmPauseMonitor-b86bebd9-3a13-457a-9b1b-8645409d7c66: Detected pause in JVM or host machine (eg GC): pause of approximately 225701046ns.
GC pool 'PS MarkSweep' had collection(s): count=1 time=349ms
GC pool 'PS Scavenge' had collection(s): count=1 time=107ms
2023-03-09 15:02:51,631 [Listener at 127.0.0.1/34977] INFO  reflections.Reflections (Reflections.java:scan(232)) - Reflections took 819 ms to scan 19 urls, producing 68 keys and 4914 values [using 2 cores]
2023-03-09 15:02:51,632 [Listener at 127.0.0.1/34977] INFO  ipc.CallQueueManager (CallQueueManager.java:<init>(90)) - Using callQueue: class java.util.concurrent.LinkedBlockingQueue, queueCapacity: 2000, scheduler: class org.apache.hadoop.ipc.DefaultRpcScheduler, ipcBackoff: false.
2023-03-09 15:02:51,638 [Socket Reader #1 for port 35659] INFO  ipc.Server (Server.java:run(1273)) - Starting Socket Reader #1 for port 35659
2023-03-09 15:02:51,665 [Listener at 127.0.0.1/35659] WARN  om.OzoneManager (OzoneManager.java:start(1545)) - Skipped checking whether existing OM configs have been updated with this OM information as force bootstrap is called.
2023-03-09 15:02:51,665 [Listener at 127.0.0.1/35659] INFO  impl.MetricsSystemImpl (MetricsSystemImpl.java:init(158)) - OzoneManager metrics system started (again)
2023-03-09 15:02:51,677 [Listener at 127.0.0.1/35659] INFO  om.OzoneManager (OzoneManager.java:start(1553)) - OzoneManager RPC server is listening at localhost/127.0.0.1:35659
2023-03-09 15:02:51,677 [Listener at 127.0.0.1/35659] INFO  ratis.OzoneManagerRatisServer (OzoneManagerRatisServer.java:start(559)) - Starting OzoneManagerRatisServer omNode-bootstrap-2 at port 35875
2023-03-09 15:02:51,678 [omNode-bootstrap-2-impl-thread1] INFO  storage.RaftStorageDirectory (RaftStorageDirectoryImpl.java:analyzeStorage(137)) - The storage directory /home/runner/work/ozone/ozone/hadoop-ozone/integration-test/target/test-dir/MiniOzoneClusterImpl-0534e788-6c20-4d4d-bf72-3ffae63fff50/omNode-bootstrap-2/ratis/0718e334-ffa1-36bc-8e9a-0aac5367b30e does not exist. Creating ...
2023-03-09 15:02:51,681 [omNode-bootstrap-2-impl-thread1] INFO  storage.RaftStorageDirectory (RaftStorageDirectoryImpl.java:tryLock(231)) - Lock on /home/runner/work/ozone/ozone/hadoop-ozone/integration-test/target/test-dir/MiniOzoneClusterImpl-0534e788-6c20-4d4d-bf72-3ffae63fff50/omNode-bootstrap-2/ratis/0718e334-ffa1-36bc-8e9a-0aac5367b30e/in_use.lock acquired by nodename 57158@fv-az377-502
2023-03-09 15:02:51,685 [omNode-bootstrap-2-impl-thread1] INFO  storage.RaftStorage (RaftStorageImpl.java:format(96)) - Storage directory /home/runner/work/ozone/ozone/hadoop-ozone/integration-test/target/test-dir/MiniOzoneClusterImpl-0534e788-6c20-4d4d-bf72-3ffae63fff50/omNode-bootstrap-2/ratis/0718e334-ffa1-36bc-8e9a-0aac5367b30e has been successfully formatted.
2023-03-09 15:02:51,685 [omNode-bootstrap-2-impl-thread1] INFO  server.RaftServerConfigKeys (ConfUtils.java:logGet(46)) - raft.server.log.use.memory = false (default)
2023-03-09 15:02:51,686 [omNode-bootstrap-2-impl-thread1] INFO  server.RaftServerConfigKeys (ConfUtils.java:logGet(46)) - raft.server.log.purge.gap = 1000000 (custom)
2023-03-09 15:02:51,686 [omNode-bootstrap-2-impl-thread1] INFO  server.RaftServerConfigKeys (ConfUtils.java:logGet(46)) - raft.server.log.appender.buffer.byte-limit = 33554432 (custom)
2023-03-09 15:02:51,686 [omNode-bootstrap-2-impl-thread1] INFO  server.RaftServerConfigKeys (ConfUtils.java:logGet(46)) - raft.server.log.statemachine.data.read.timeout = 1000ms (default)
2023-03-09 15:02:51,686 [omNode-bootstrap-2-impl-thread1] INFO  server.RaftServerConfigKeys (ConfUtils.java:logGet(46)) - raft.server.log.purge.preservation.log.num = 0 (default)
2023-03-09 15:02:51,686 [omNode-bootstrap-2-impl-thread1] INFO  server.RaftServerConfigKeys (ConfUtils.java:logGet(46)) - raft.server.log.segment.size.max = 4194304 (custom)
2023-03-09 15:02:51,686 [omNode-bootstrap-2-impl-thread1] INFO  server.RaftServerConfigKeys (ConfUtils.java:logGet(46)) - raft.server.log.segment.cache.num.max = 2 (custom)
2023-03-09 15:02:51,686 [omNode-bootstrap-2-impl-thread1] INFO  server.RaftServerConfigKeys (ConfUtils.java:logGet(46)) - raft.server.log.segment.cache.size.max = 200MB (=209715200) (default)
2023-03-09 15:02:51,686 [omNode-bootstrap-2-impl-thread1] INFO  segmented.SegmentedRaftLogWorker (SegmentedRaftLogWorker.java:<init>(189)) - new omNode-bootstrap-2@group-0AAC5367B30E-SegmentedRaftLogWorker for RaftStorageImpl:Storage Directory /home/runner/work/ozone/ozone/hadoop-ozone/integration-test/target/test-dir/MiniOzoneClusterImpl-0534e788-6c20-4d4d-bf72-3ffae63fff50/omNode-bootstrap-2/ratis/0718e334-ffa1-36bc-8e9a-0aac5367b30e
2023-03-09 15:02:51,687 [omNode-bootstrap-2-impl-thread1] INFO  server.RaftServerConfigKeys (ConfUtils.java:logGet(46)) - raft.server.log.queue.byte-limit = 64MB (=67108864) (default)
2023-03-09 15:02:51,687 [omNode-bootstrap-2-impl-thread1] INFO  server.RaftServerConfigKeys (ConfUtils.java:logGet(46)) - raft.server.log.queue.element-limit = 4096 (default)
2023-03-09 15:02:51,687 [omNode-bootstrap-2-impl-thread1] INFO  server.RaftServerConfigKeys (ConfUtils.java:logGet(46)) - raft.server.log.segment.size.max = 4194304 (custom)
2023-03-09 15:02:51,687 [omNode-bootstrap-2-impl-thread1] INFO  server.RaftServerConfigKeys (ConfUtils.java:logGet(46)) - raft.server.log.preallocated.size = 4194304 (custom)
2023-03-09 15:02:51,687 [omNode-bootstrap-2-impl-thread1] INFO  server.RaftServerConfigKeys (ConfUtils.java:logGet(46)) - raft.server.log.force.sync.num = 128 (default)
2023-03-09 15:02:51,687 [omNode-bootstrap-2-impl-thread1] INFO  server.RaftServerConfigKeys (ConfUtils.java:logGet(46)) - raft.server.log.statemachine.data.sync = true (default)
2023-03-09 15:02:51,687 [omNode-bootstrap-2-impl-thread1] INFO  server.RaftServerConfigKeys (ConfUtils.java:logGet(46)) - raft.server.log.statemachine.data.sync.timeout = 10s (default)
2023-03-09 15:02:51,687 [omNode-bootstrap-2-impl-thread1] INFO  server.RaftServerConfigKeys (ConfUtils.java:logGet(46)) - raft.server.log.statemachine.data.sync.timeout.retry = -1 (default)
2023-03-09 15:02:51,687 [omNode-bootstrap-2-impl-thread1] INFO  server.RaftServerConfigKeys (ConfUtils.java:logGet(46)) - raft.server.log.write.buffer.size = 64KB (=65536) (default)
2023-03-09 15:02:51,688 [omNode-bootstrap-2-impl-thread1] INFO  server.RaftServerConfigKeys (ConfUtils.java:logGet(46)) - raft.server.log.appender.buffer.byte-limit = 33554432 (custom)
2023-03-09 15:02:51,694 [omNode-bootstrap-2-impl-thread1] INFO  server.RaftServerConfigKeys (ConfUtils.java:logGet(46)) - raft.server.log.unsafe-flush.enabled = false (default)
2023-03-09 15:02:51,694 [omNode-bootstrap-2-impl-thread1] INFO  server.RaftServerConfigKeys (ConfUtils.java:logGet(46)) - raft.server.log.async-flush.enabled = false (default)
2023-03-09 15:02:51,694 [omNode-bootstrap-2-impl-thread1] INFO  server.RaftServerConfigKeys (ConfUtils.java:logGet(46)) - raft.server.log.statemachine.data.caching.enabled = false (default)
2023-03-09 15:02:51,695 [omNode-bootstrap-2-impl-thread1] INFO  segmented.SegmentedRaftLogWorker (SegmentedRaftLogWorker.java:lambda$new$0(135)) - omNode-bootstrap-2@group-0AAC5367B30E-SegmentedRaftLogWorker: flushIndex: setUnconditionally 0 -> -1
2023-03-09 15:02:51,695 [omNode-bootstrap-2-impl-thread1] INFO  segmented.SegmentedRaftLogWorker (SegmentedRaftLogWorker.java:lambda$new$0(135)) - omNode-bootstrap-2@group-0AAC5367B30E-SegmentedRaftLogWorker: safeCacheEvictIndex: setUnconditionally 0 -> -1
2023-03-09 15:02:51,695 [omNode-bootstrap-2-impl-thread1] INFO  server.RaftServer$Division (RaftServerImpl.java:start(340)) - omNode-bootstrap-2@group-0AAC5367B30E: start with initializing state, conf=-1: peers:[]|listeners:[], old=null
2023-03-09 15:02:51,695 [omNode-bootstrap-2-impl-thread1] INFO  server.RaftServer$Division (RaftServerImpl.java:setRole(321)) - omNode-bootstrap-2@group-0AAC5367B30E: changes role from      null to FOLLOWER at term 0 for startInitializing
2023-03-09 15:02:51,695 [omNode-bootstrap-2-impl-thread1] INFO  util.JmxRegister (JmxRegister.java:tryRegister(44)) - Successfully registered JMX Bean with object name Ratis:service=RaftServer,group=group-0AAC5367B30E,id=omNode-bootstrap-2
2023-03-09 15:02:51,698 [omNode-bootstrap-2-impl-thread1] INFO  server.RaftServerConfigKeys (ConfUtils.java:logGet(46)) - raft.server.snapshot.auto.trigger.enabled = true (custom)
2023-03-09 15:02:51,698 [omNode-bootstrap-2-impl-thread1] INFO  server.RaftServerConfigKeys (ConfUtils.java:logGet(46)) - raft.server.snapshot.auto.trigger.threshold = 400000 (default)
2023-03-09 15:02:51,698 [omNode-bootstrap-2-impl-thread1] INFO  server.RaftServerConfigKeys (ConfUtils.java:logGet(46)) - raft.server.snapshot.retention.file.num = -1 (default)
2023-03-09 15:02:51,698 [omNode-bootstrap-2-impl-thread1] INFO  server.RaftServerConfigKeys (ConfUtils.java:logGet(46)) - raft.server.log.purge.upto.snapshot.index = true (custom)
2023-03-09 15:02:51,699 [Listener at 127.0.0.1/35659] INFO  server.RaftServer (RaftServerProxy.java:startImpl(393)) - omNode-bootstrap-2: start RPC server
2023-03-09 15:02:51,704 [Listener at 127.0.0.1/35659] INFO  server.GrpcService (GrpcService.java:startImpl(262)) - omNode-bootstrap-2: GrpcService started, listening on 35875
2023-03-09 15:02:51,704 [Listener at 127.0.0.1/35659] INFO  om.OzoneManager (JvmPauseMonitor.java:run(105)) - JvmPauseMonitor-omNode-bootstrap-2: Started
2023-03-09 15:02:51,704 [Listener at 127.0.0.1/35659] INFO  om.OzoneManager (OzoneManager.java:start(1569)) - Version File has different layout version (3) than OM DB (null). That is expected if this OM has never been finalized to a newer layout version.
2023-03-09 15:02:51,709 [Listener at 127.0.0.1/35659] INFO  http.BaseHttpServer (BaseHttpServer.java:newHttpServer2BuilderForOzone(224)) - Starting Web-server for ozoneManager at: http://0.0.0.0:41353
2023-03-09 15:02:51,709 [Listener at 127.0.0.1/35659] INFO  http.BaseHttpServer (BaseHttpServer.java:<init>(111)) - Hadoop Security Enabled: false Ozone Security Enabled: false Ozone HTTP Security Enabled: false 
2023-03-09 15:02:51,711 [Listener at 127.0.0.1/35659] WARN  server.AuthenticationFilter (AuthenticationFilter.java:constructSecretProvider(240)) - Unable to initialize FileSignerSecretProvider, falling back to use random secrets. Reason: Could not read signature secret file: /home/runner/hadoop-http-auth-signature-secret
2023-03-09 15:02:51,711 [Listener at 127.0.0.1/35659] WARN  http.HttpRequestLog (HttpRequestLog.java:getRequestLog(103)) - Jetty request log can only be enabled using Log4j
2023-03-09 15:02:51,713 [Listener at 127.0.0.1/35659] INFO  http.HttpServer2 (HttpServer2.java:addGlobalFilter(1031)) - Added global filter 'safety' (class=org.apache.hadoop.hdds.server.http.HttpServer2$QuotingInputFilter)
2023-03-09 15:02:51,713 [Listener at 127.0.0.1/35659] INFO  http.HttpServer2 (HttpServer2.java:addFilter(1007)) - Added filter static_user_filter (class=org.apache.hadoop.http.lib.StaticUserWebFilter$StaticUserFilter) to context ozoneManager
2023-03-09 15:02:51,713 [Listener at 127.0.0.1/35659] INFO  http.HttpServer2 (HttpServer2.java:addFilter(1015)) - Added filter static_user_filter (class=org.apache.hadoop.http.lib.StaticUserWebFilter$StaticUserFilter) to context static
2023-03-09 15:02:51,713 [Listener at 127.0.0.1/35659] INFO  http.HttpServer2 (HttpServer2.java:addFilter(1015)) - Added filter static_user_filter (class=org.apache.hadoop.http.lib.StaticUserWebFilter$StaticUserFilter) to context logs
2023-03-09 15:02:51,718 [Listener at 127.0.0.1/35659] INFO  http.BaseHttpServer (BaseHttpServer.java:<init>(190)) - HTTP server of ozoneManager uses base directory /home/runner/work/ozone/ozone/hadoop-ozone/integration-test/target/test-dir/MiniOzoneClusterImpl-0534e788-6c20-4d4d-bf72-3ffae63fff50/omNode-bootstrap-2/webserver
2023-03-09 15:02:51,718 [Listener at 127.0.0.1/35659] INFO  http.HttpServer2 (HttpServer2.java:bindListener(1250)) - Jetty bound to port 41353
2023-03-09 15:02:51,718 [Listener at 127.0.0.1/35659] INFO  server.Server (Server.java:doStart(375)) - jetty-9.4.49.v20220914; built: 2022-09-14T01:07:36.601Z; git: 4231a3b2e4cb8548a412a789936d640a97b1aa0a; jvm 1.8.0_362-b09
2023-03-09 15:02:51,730 [Listener at 127.0.0.1/35659] INFO  server.session (DefaultSessionIdManager.java:doStart(334)) - DefaultSessionIdManager workerName=node0
2023-03-09 15:02:51,730 [Listener at 127.0.0.1/35659] INFO  server.session (DefaultSessionIdManager.java:doStart(339)) - No SessionScavenger set, using defaults
2023-03-09 15:02:51,731 [Listener at 127.0.0.1/35659] INFO  server.session (HouseKeeper.java:startScavenging(132)) - node0 Scavenging every 600000ms
2023-03-09 15:02:51,732 [Listener at 127.0.0.1/35659] INFO  handler.ContextHandler (ContextHandler.java:doStart(921)) - Started o.e.j.s.ServletContextHandler@6c66ee4b{logs,/logs,file:///home/runner/work/ozone/ozone/hadoop-ozone/integration-test/target/log,AVAILABLE}
2023-03-09 15:02:51,732 [Listener at 127.0.0.1/35659] INFO  handler.ContextHandler (ContextHandler.java:doStart(921)) - Started o.e.j.s.ServletContextHandler@5c0ac8a8{static,/static,file:///home/runner/work/ozone/ozone/hadoop-ozone/integration-test/target/test-classes/webapps/static,AVAILABLE}
2023-03-09 15:02:51,735 [Listener at 127.0.0.1/35659] INFO  handler.ContextHandler (ContextHandler.java:doStart(921)) - Started o.e.j.w.WebAppContext@7769bf{ozoneManager,/,file:///home/runner/work/ozone/ozone/hadoop-ozone/integration-test/target/test-classes/webapps/ozoneManager/,AVAILABLE}{file:/home/runner/work/ozone/ozone/hadoop-ozone/integration-test/target/test-classes/webapps/ozoneManager}
2023-03-09 15:02:51,737 [EndpointStateMachine task thread for /127.0.0.1:33275 - 0 ] INFO  ipc.Client (Client.java:handleConnectionFailure(1010)) - Retrying connect to server: localhost/127.0.0.1:33275. Already tried 3 time(s); retry policy is RetryUpToMaximumCountWithFixedSleep(maxRetries=15, sleepTime=1000 MILLISECONDS)
2023-03-09 15:02:51,737 [Listener at 127.0.0.1/35659] INFO  server.AbstractConnector (AbstractConnector.java:doStart(333)) - Started ServerConnector@6f8015fb{HTTP/1.1, (http/1.1)}{0.0.0.0:41353}
2023-03-09 15:02:51,738 [Listener at 127.0.0.1/35659] INFO  server.Server (Server.java:doStart(415)) - Started @302391ms
2023-03-09 15:02:51,738 [Listener at 127.0.0.1/35659] WARN  impl.MetricsSystemImpl (MetricsSystemImpl.java:register(279)) - Sink prometheus already exists!
2023-03-09 15:02:51,741 [Listener at 127.0.0.1/35659] INFO  http.BaseHttpServer (BaseHttpServer.java:updateConnectorAddress(344)) - HTTP server of ozoneManager listening at http://0.0.0.0:41353
2023-03-09 15:02:51,742 [IPC Server Responder] INFO  ipc.Server (Server.java:run(1512)) - IPC Server Responder: starting
2023-03-09 15:02:51,744 [IPC Server listener on 35659] INFO  ipc.Server (Server.java:run(1352)) - IPC Server listener on 35659: starting
2023-03-09 15:02:51,747 [Listener at 127.0.0.1/35659] INFO  om.OzoneManager (OzoneManager.java:startTrashEmptier(2040)) - Trash Interval set to 0. Files deleted won't move to trash
2023-03-09 15:02:51,752 [org.apache.hadoop.util.JvmPauseMonitor$Monitor@3fe7aad4] INFO  util.JvmPauseMonitor (JvmPauseMonitor.java:run(188)) - Starting JVM pause monitor
2023-03-09 15:02:51,753 [IPC Server handler 19 on default port 45353] INFO  ratis.OzoneManagerRatisServer (OzoneManagerRatisServer.java:addOMToRatisRing(314)) - omNode-1: Submitting SetConfiguration request to Ratis server to add new OM peer omNode-bootstrap-2|rpc:localhost:35875|priority:0|startupRole:FOLLOWER to the Ratis group group-0AAC5367B30E:[omNode-1|rpc:localhost:41321|priority:0|startupRole:FOLLOWER]
2023-03-09 15:02:51,753 [IPC Server handler 19 on default port 45353] INFO  server.RaftServer$Division (RaftServerImpl.java:setConfigurationAsync(1112)) - omNode-1@group-0AAC5367B30E: receive setConfiguration SetConfigurationRequest:client-71D874690609->omNode-1@group-0AAC5367B30E, cid=7, seq=0, RW, null, SET_UNCONDITIONALLY, servers:[omNode-1|rpc:localhost:41321|priority:0|startupRole:FOLLOWER, omNode-bootstrap-2|rpc:localhost:35875|priority:0|startupRole:FOLLOWER], listeners:[]
2023-03-09 15:02:51,753 [IPC Server handler 19 on default port 45353] INFO  server.RaftServer$Division (LeaderStateImpl.java:startSetConfiguration(368)) - omNode-1@group-0AAC5367B30E-LeaderStateImpl: startSetConfiguration SetConfigurationRequest:client-71D874690609->omNode-1@group-0AAC5367B30E, cid=7, seq=0, RW, null, SET_UNCONDITIONALLY, servers:[omNode-1|rpc:localhost:41321|priority:0|startupRole:FOLLOWER, omNode-bootstrap-2|rpc:localhost:35875|priority:0|startupRole:FOLLOWER], listeners:[]
2023-03-09 15:02:51,754 [IPC Server handler 19 on default port 45353] INFO  server.RaftServerConfigKeys (ConfUtils.java:logGet(46)) - raft.server.log.appender.snapshot.chunk.size.max = 16MB (=16777216) (default)
2023-03-09 15:02:51,754 [IPC Server handler 19 on default port 45353] INFO  server.RaftServerConfigKeys (ConfUtils.java:logGet(46)) - raft.server.log.appender.buffer.byte-limit = 33554432 (custom)
2023-03-09 15:02:51,754 [IPC Server handler 19 on default port 45353] INFO  server.RaftServerConfigKeys (ConfUtils.java:logGet(46)) - raft.server.log.appender.buffer.element-limit = 1024 (custom)
2023-03-09 15:02:51,755 [IPC Server handler 19 on default port 45353] INFO  grpc.GrpcConfigKeys (ConfUtils.java:logGet(46)) - raft.grpc.server.leader.outstanding.appends.max = 128 (default)
2023-03-09 15:02:51,756 [IPC Server handler 19 on default port 45353] INFO  server.RaftServerConfigKeys (ConfUtils.java:logGet(46)) - raft.server.rpc.request.timeout = 3000ms (default)
2023-03-09 15:02:51,756 [IPC Server handler 19 on default port 45353] INFO  server.RaftServerConfigKeys (ConfUtils.java:logGet(46)) - raft.server.log.appender.install.snapshot.enabled = false (custom)
2023-03-09 15:02:51,756 [IPC Server handler 19 on default port 45353] INFO  grpc.GrpcConfigKeys (ConfUtils.java:logGet(46)) - raft.grpc.server.heartbeat.channel = true (default)
2023-03-09 15:02:51,756 [IPC Server handler 19 on default port 45353] INFO  server.RaftServerConfigKeys (ConfUtils.java:logGet(46)) - raft.server.log.appender.wait-time.min = 10ms (default)
2023-03-09 15:02:51,756 [omNode-1@group-0AAC5367B30E->omNode-bootstrap-2-GrpcLogAppender-LogAppenderDaemon] INFO  server.GrpcLogAppender (GrpcLogAppender.java:installSnapshot(635)) - omNode-1@group-0AAC5367B30E->omNode-bootstrap-2-GrpcLogAppender: followerNextIndex = 0 but logStartIndex = 0, notify follower to install snapshot-(t:1, i:0)
2023-03-09 15:02:51,757 [omNode-1@group-0AAC5367B30E->omNode-bootstrap-2-GrpcLogAppender-LogAppenderDaemon] INFO  server.GrpcLogAppender (GrpcLogAppender.java:installSnapshot(643)) - omNode-1@group-0AAC5367B30E->omNode-bootstrap-2-GrpcLogAppender: send omNode-1->omNode-bootstrap-2#0-t1,notify:(t:1, i:0)
2023-03-09 15:02:51,757 [omNode-1@group-0AAC5367B30E->omNode-bootstrap-2-GrpcLogAppender-LogAppenderDaemon] INFO  server.GrpcServerProtocolClient (GrpcServerProtocolClient.java:<init>(63)) - Build channel for omNode-bootstrap-2
2023-03-09 15:02:51,776 [grpc-default-executor-15] INFO  impl.SnapshotInstallationHandler (SnapshotInstallationHandler.java:installSnapshot(89)) - omNode-bootstrap-2@group-0AAC5367B30E: receive installSnapshot: omNode-1->omNode-bootstrap-2#0-t1,notify:(t:1, i:0)
2023-03-09 15:02:51,779 [grpc-default-executor-15] INFO  server.RaftServer$Division (ServerState.java:setLeader(313)) - omNode-bootstrap-2@group-0AAC5367B30E: change Leader from null to omNode-1 at term 1 for installSnapshot, leader elected after 967ms
2023-03-09 15:02:51,779 [grpc-default-executor-15] INFO  impl.SnapshotInstallationHandler (SnapshotInstallationHandler.java:notifyStateMachineToInstallSnapshot(220)) - omNode-bootstrap-2@group-0AAC5367B30E: Received notification to install snapshot at index 0
2023-03-09 15:02:51,779 [grpc-default-executor-15] INFO  impl.SnapshotInstallationHandler (SnapshotInstallationHandler.java:notifyStateMachineToInstallSnapshot(229)) - omNode-bootstrap-2@group-0AAC5367B30E: InstallSnapshot notification result: ALREADY_INSTALLED, current snapshot index: -1
2023-03-09 15:02:51,779 [grpc-default-executor-15] INFO  impl.SnapshotInstallationHandler (SnapshotInstallationHandler.java:installSnapshotImpl(134)) - omNode-bootstrap-2@group-0AAC5367B30E: set new configuration configurationEntry {
  peers {
    id: "omNode-1"
    address: "localhost:41321"
    startupRole: FOLLOWER
  }
}
 from snapshot
2023-03-09 15:02:51,781 [grpc-default-executor-15] INFO  server.RaftServer$Division (ServerState.java:setRaftConf(430)) - omNode-bootstrap-2@group-0AAC5367B30E: set configuration 0: peers:[omNode-1|rpc:localhost:41321|admin:|client:|dataStream:|priority:0|startupRole:FOLLOWER]|listeners:[], old=null
2023-03-09 15:02:51,785 [grpc-default-executor-15] INFO  ratis.OzoneManagerStateMachine (OzoneManagerStateMachine.java:notifyConfigurationChanged(192)) - Received Configuration change notification from Ratis. New Peer list:
[id: "omNode-1"
address: "localhost:41321"
startupRole: FOLLOWER
]
2023-03-09 15:02:51,787 [grpc-default-executor-15] INFO  ratis.OzoneManagerRatisServer (OzoneManagerRatisServer.java:addRaftPeer(405)) - Added OM omNode-1 to Ratis Peers list.
2023-03-09 15:02:51,787 [grpc-default-executor-15] INFO  om.OzoneManager (OzoneManager.java:addOMNodeToPeers(1959)) - Added OM omNode-1 to the Peer list.
2023-03-09 15:02:51,789 [grpc-default-executor-15] INFO  impl.SnapshotInstallationHandler (SnapshotInstallationHandler.java:installSnapshot(100)) - omNode-bootstrap-2@group-0AAC5367B30E: reply installSnapshot: omNode-1<-omNode-bootstrap-2#0:OK-t0,ALREADY_INSTALLED
2023-03-09 15:02:51,789 [grpc-default-executor-15] INFO  server.GrpcServerProtocolService (GrpcServerProtocolService.java:onCompleted(143)) - omNode-bootstrap-2: Completed INSTALL_SNAPSHOT, lastRequest: omNode-1->omNode-bootstrap-2#0-t1,notify:(t:1, i:0)
2023-03-09 15:02:51,791 [grpc-default-executor-12] INFO  server.GrpcLogAppender (GrpcLogAppender.java:onNext(494)) - omNode-1@group-0AAC5367B30E->omNode-bootstrap-2-InstallSnapshotResponseHandler: received the first reply omNode-1<-omNode-bootstrap-2#0:OK-t0,ALREADY_INSTALLED
2023-03-09 15:02:51,791 [grpc-default-executor-12] INFO  server.GrpcLogAppender (GrpcLogAppender.java:onNext(517)) - omNode-1@group-0AAC5367B30E->omNode-bootstrap-2-InstallSnapshotResponseHandler: Follower snapshot is already at index 0.
2023-03-09 15:02:51,791 [grpc-default-executor-12] INFO  leader.FollowerInfo (FollowerInfoImpl.java:lambda$new$0(48)) - omNode-1@group-0AAC5367B30E->omNode-bootstrap-2: snapshotIndex: setUnconditionally 0 -> 0
2023-03-09 15:02:51,792 [grpc-default-executor-12] INFO  leader.FollowerInfo (FollowerInfoImpl.java:lambda$new$0(48)) - omNode-1@group-0AAC5367B30E->omNode-bootstrap-2: matchIndex: setUnconditionally 0 -> 0
2023-03-09 15:02:51,792 [grpc-default-executor-12] INFO  leader.FollowerInfo (FollowerInfoImpl.java:lambda$new$0(48)) - omNode-1@group-0AAC5367B30E->omNode-bootstrap-2: nextIndex: setUnconditionally 0 -> 1
2023-03-09 15:02:51,792 [grpc-default-executor-12] INFO  leader.FollowerInfo (FollowerInfoImpl.java:setAttemptedToInstallSnapshot(118)) - Follower omNode-1@group-0AAC5367B30E->omNode-bootstrap-2 acknowledged installing snapshot
2023-03-09 15:02:51,792 [grpc-default-executor-12] INFO  leader.FollowerInfo (FollowerInfoImpl.java:lambda$new$0(48)) - omNode-1@group-0AAC5367B30E->omNode-bootstrap-2: nextIndex: updateToMax old=1, new=1, updated? false
2023-03-09 15:02:51,804 [omNode-bootstrap-2-server-thread1] INFO  impl.RoleInfo (RoleInfo.java:updateAndGet(139)) - omNode-bootstrap-2: start omNode-bootstrap-2@group-0AAC5367B30E-FollowerState
2023-03-09 15:02:51,804 [omNode-bootstrap-2-server-thread1] INFO  server.RaftServer$Division (RaftServerImpl.java:checkInconsistentAppendEntries(1508)) - omNode-bootstrap-2@group-0AAC5367B30E: Failed appendEntries as previous log entry ((t:1, i:0)) is not found
2023-03-09 15:02:51,804 [omNode-bootstrap-2-server-thread1] INFO  server.RaftServer$Division (RaftServerImpl.java:checkInconsistentAppendEntries(1478)) - omNode-bootstrap-2@group-0AAC5367B30E: inconsistency entries. Reply:omNode-1<-omNode-bootstrap-2#0:FAIL-t1,INCONSISTENCY,nextIndex=0,followerCommit=-1,matchIndex=-1
2023-03-09 15:02:51,805 [omNode-bootstrap-2-server-thread1] INFO  server.RaftServer$Division (RaftServerImpl.java:checkInconsistentAppendEntries(1508)) - omNode-bootstrap-2@group-0AAC5367B30E: Failed appendEntries as previous log entry ((t:1, i:0)) is not found
2023-03-09 15:02:51,805 [omNode-bootstrap-2-server-thread1] INFO  server.RaftServer$Division (RaftServerImpl.java:checkInconsistentAppendEntries(1478)) - omNode-bootstrap-2@group-0AAC5367B30E: inconsistency entries. Reply:omNode-1<-omNode-bootstrap-2#1:FAIL-t1,INCONSISTENCY,nextIndex=0,followerCommit=-1,matchIndex=-1
2023-03-09 15:02:51,811 [grpc-default-executor-15] INFO  leader.FollowerInfo (FollowerInfoImpl.java:lambda$new$0(48)) - omNode-1@group-0AAC5367B30E->omNode-bootstrap-2: nextIndex: updateUnconditionally 9 -> 0
2023-03-09 15:02:51,811 [grpc-default-executor-10] INFO  leader.FollowerInfo (FollowerInfoImpl.java:lambda$new$0(48)) - omNode-1@group-0AAC5367B30E->omNode-bootstrap-2: nextIndex: updateUnconditionally 0 -> 0
2023-03-09 15:02:51,812 [omNode-bootstrap-2-server-thread1] INFO  server.RaftServer$Division (ServerState.java:setRaftConf(430)) - omNode-bootstrap-2@group-0AAC5367B30E: set configuration 0: peers:[omNode-1|rpc:localhost:41321|admin:|client:|dataStream:|priority:0|startupRole:FOLLOWER]|listeners:[], old=null
2023-03-09 15:02:51,812 [omNode-bootstrap-2-server-thread1] INFO  segmented.SegmentedRaftLogWorker (SegmentedRaftLogWorker.java:startLogSegment(452)) - omNode-bootstrap-2@group-0AAC5367B30E-SegmentedRaftLogWorker: Starting segment from index:0
2023-03-09 15:02:51,823 [omNode-bootstrap-2@group-0AAC5367B30E-SegmentedRaftLogWorker] INFO  segmented.SegmentedRaftLogWorker (SegmentedRaftLogWorker.java:execute(656)) - omNode-bootstrap-2@group-0AAC5367B30E-SegmentedRaftLogWorker: created new log segment /home/runner/work/ozone/ozone/hadoop-ozone/integration-test/target/test-dir/MiniOzoneClusterImpl-0534e788-6c20-4d4d-bf72-3ffae63fff50/omNode-bootstrap-2/ratis/0718e334-ffa1-36bc-8e9a-0aac5367b30e/current/log_inprogress_0
2023-03-09 15:02:51,826 [omNode-bootstrap-2@group-0AAC5367B30E-StateMachineUpdater] INFO  ratis.OzoneManagerStateMachine (OzoneManagerStateMachine.java:notifyConfigurationChanged(192)) - Received Configuration change notification from Ratis. New Peer list:
[id: "omNode-1"
address: "localhost:41321"
startupRole: FOLLOWER
]
2023-03-09 15:02:51,828 [omNode-1@group-0AAC5367B30E-LeaderStateImpl] INFO  server.RaftServer$Division (ServerState.java:setRaftConf(430)) - omNode-1@group-0AAC5367B30E: set configuration 9: peers:[omNode-bootstrap-2|rpc:localhost:35875|priority:0|startupRole:FOLLOWER, omNode-1|rpc:localhost:41321|priority:0|startupRole:FOLLOWER]|listeners:[], old=peers:[omNode-1|rpc:localhost:41321|admin:|client:|dataStream:|priority:0|startupRole:FOLLOWER]|listeners:[]
2023-03-09 15:02:51,829 [omNode-bootstrap-2-server-thread1] INFO  server.RaftServer$Division (ServerState.java:setRaftConf(430)) - omNode-bootstrap-2@group-0AAC5367B30E: set configuration 9: peers:[omNode-bootstrap-2|rpc:localhost:35875|admin:|client:|dataStream:|priority:0|startupRole:FOLLOWER, omNode-1|rpc:localhost:41321|admin:|client:|dataStream:|priority:0|startupRole:FOLLOWER]|listeners:[], old=peers:[omNode-1|rpc:localhost:41321|admin:|client:|dataStream:|priority:0|startupRole:FOLLOWER]|listeners:[]
2023-03-09 15:02:51,831 [omNode-1@group-0AAC5367B30E-LeaderStateImpl] INFO  server.RaftServer$Division (ServerState.java:setRaftConf(430)) - omNode-1@group-0AAC5367B30E: set configuration 11: peers:[omNode-bootstrap-2|rpc:localhost:35875|priority:0|startupRole:FOLLOWER, omNode-1|rpc:localhost:41321|priority:0|startupRole:FOLLOWER]|listeners:[], old=null
2023-03-09 15:02:51,831 [omNode-1@group-0AAC5367B30E-StateMachineUpdater] INFO  ratis.OzoneManagerStateMachine (OzoneManagerStateMachine.java:notifyConfigurationChanged(192)) - Received Configuration change notification from Ratis. New Peer list:
[id: "omNode-bootstrap-2"
address: "localhost:35875"
startupRole: FOLLOWER
, id: "omNode-1"
address: "localhost:41321"
startupRole: FOLLOWER
]
2023-03-09 15:02:51,832 [omNode-bootstrap-2-server-thread1] INFO  server.RaftServer$Division (ServerState.java:setRaftConf(430)) - omNode-bootstrap-2@group-0AAC5367B30E: set configuration 11: peers:[omNode-bootstrap-2|rpc:localhost:35875|admin:|client:|dataStream:|priority:0|startupRole:FOLLOWER, omNode-1|rpc:localhost:41321|admin:|client:|dataStream:|priority:0|startupRole:FOLLOWER]|listeners:[], old=null
2023-03-09 15:02:51,834 [omNode-bootstrap-2@group-0AAC5367B30E-StateMachineUpdater] INFO  ratis.OzoneManagerStateMachine (OzoneManagerStateMachine.java:notifyConfigurationChanged(192)) - Received Configuration change notification from Ratis. New Peer list:
[id: "omNode-bootstrap-2"
address: "localhost:35875"
startupRole: FOLLOWER
, id: "omNode-1"
address: "localhost:41321"
startupRole: FOLLOWER
]
2023-03-09 15:02:51,834 [omNode-bootstrap-2@group-0AAC5367B30E-StateMachineUpdater] INFO  ratis.OzoneManagerRatisServer (OzoneManagerRatisServer.java:addRaftPeer(405)) - Added OM omNode-bootstrap-2 to Ratis Peers list.
2023-03-09 15:02:51,834 [omNode-bootstrap-2@group-0AAC5367B30E-StateMachineUpdater] INFO  ratis.OzoneManagerRatisServer (OzoneManagerRatisServer.java:addRaftPeer(405)) - Added OM omNode-1 to Ratis Peers list.
2023-03-09 15:02:51,846 [omNode-1@group-0AAC5367B30E-StateMachineUpdater] ERROR om.OzoneManager (OzoneManager.java:addOMNodeToPeers(1946)) - omNode-1: Couldn't add OM omNode-bootstrap-2 to peer list.
2023-03-09 15:02:51,847 [OM StateMachine ApplyTransaction Thread - 0] INFO  volume.OMVolumeCreateRequest (OMVolumeCreateRequest.java:validateAndUpdateCache(195)) - created volume:volume58122 for user:runner
2023-03-09 15:02:51,846 [omNode-1@group-0AAC5367B30E-StateMachineUpdater] ERROR ozone.MiniOzoneHAClusterImpl (MiniOzoneHAClusterImpl.java:exitSystem(1084)) - omNode-1 - System Exit: There is no OM configuration for node ID omNode-bootstrap-2 in ozone-site.xml.
java.io.IOException: There is no OM configuration for node ID omNode-bootstrap-2 in ozone-site.xml.
	at org.apache.hadoop.ozone.om.OzoneManager.addOMNodeToPeers(OzoneManager.java:1941)
	at org.apache.hadoop.ozone.om.OzoneManager.updatePeerList(OzoneManager.java:1871)
	at org.apache.hadoop.ozone.om.ratis.OzoneManagerStateMachine.notifyConfigurationChanged(OzoneManagerStateMachine.java:200)
	at org.apache.ratis.server.impl.RaftServerImpl.applyLogToStateMachine(RaftServerImpl.java:1657)
	at org.apache.ratis.server.impl.StateMachineUpdater.applyLog(StateMachineUpdater.java:239)
	at org.apache.ratis.server.impl.StateMachineUpdater.run(StateMachineUpdater.java:182)
	at java.lang.Thread.run(Thread.java:750)
2023-03-09 15:02:51,849 [omNode-1@group-0AAC5367B30E-StateMachineUpdater] INFO  om.OzoneManager (OzoneManager.java:stop(2155)) - omNode-1[localhost:45353]: Stopping Ozone Manager
2023-03-09 15:02:51,849 [IPC Server handler 19 on default port 45353] INFO  ratis.OzoneManagerRatisServer (OzoneManagerRatisServer.java:addOMToRatisRing(328)) - Added OM omNode-bootstrap-2 to Ratis group group-0AAC5367B30E.
2023-03-09 15:02:51,850 [Listener at 127.0.0.1/35659] INFO  om.OzoneManager (OzoneManager.java:bootstrap(1820)) - Successfully bootstrapped OM omNode-bootstrap-2 and joined the Ratis group group-0AAC5367B30E:[]
2023-03-09 15:02:51,850 [Listener at 127.0.0.1/35659] INFO  ozone.MiniOzoneHAClusterImpl (MiniOzoneHAClusterImpl.java:bootstrapOzoneManager(780)) - Bootstrapped OzoneManager omNode-bootstrap-2 RPC server at localhost/127.0.0.1:35659
2023-03-09 15:02:51,855 [omNode-1@group-0AAC5367B30E-StateMachineUpdater] INFO  ipc.Server (Server.java:stop(3428)) - Stopping server on 45353
2023-03-09 15:02:51,855 [OM StateMachine ApplyTransaction Thread - 0] INFO  bucket.OMBucketCreateRequest (OMBucketCreateRequest.java:validateAndUpdateCache(263)) - created bucket: bucket28645 of layout FILE_SYSTEM_OPTIMIZED in volume: volume58122
2023-03-09 15:02:51,859 [omNode-bootstrap-2@group-0AAC5367B30E-StateMachineUpdater] INFO  ratis.OzoneManagerStateMachine (OzoneManagerStateMachine.java:notifyConfigurationChanged(192)) - Received Configuration change notification from Ratis. New Peer list:
[id: "omNode-bootstrap-2"
address: "localhost:35875"
startupRole: FOLLOWER
, id: "omNode-1"
address: "localhost:41321"
startupRole: FOLLOWER
]
2023-03-09 15:02:51,871 [IPC Server listener on 45353] INFO  ipc.Server (Server.java:run(1384)) - Stopping IPC Server listener on 45353
2023-03-09 15:02:51,877 [IPC Server Responder] INFO  ipc.Server (Server.java:run(1517)) - Stopping IPC Server Responder
2023-03-09 15:02:51,881 [omNode-1@group-0AAC5367B30E-StateMachineUpdater] INFO  server.RaftServer (RaftServerProxy.java:lambda$close$6(409)) - omNode-1: close
2023-03-09 15:02:51,882 [omNode-1@group-0AAC5367B30E-StateMachineUpdater] INFO  server.GrpcService (GrpcService.java:closeImpl(271)) - omNode-1: shutdown server GrpcServerProtocolService now
2023-03-09 15:02:51,882 [omNode-1-impl-thread1] INFO  server.RaftServer$Division (RaftServerImpl.java:lambda$close$4(458)) - omNode-1@group-0AAC5367B30E: shutdown
2023-03-09 15:02:51,883 [omNode-1-impl-thread1] INFO  util.JmxRegister (JmxRegister.java:unregister(73)) - Successfully un-registered JMX Bean with object name Ratis:service=RaftServer,group=group-0AAC5367B30E,id=omNode-1
2023-03-09 15:02:51,883 [omNode-1-impl-thread1] INFO  impl.RoleInfo (RoleInfo.java:shutdownLeaderState(93)) - omNode-1: shutdown omNode-1@group-0AAC5367B30E-LeaderStateImpl
2023-03-09 15:02:51,883 [omNode-1-impl-thread1] INFO  impl.PendingRequests (PendingRequests.java:sendNotLeaderResponses(282)) - omNode-1@group-0AAC5367B30E-PendingRequests: sendNotLeaderResponses
2023-03-09 15:02:51,883 [omNode-1@group-0AAC5367B30E->omNode-bootstrap-2-GrpcLogAppender-LogAppenderDaemon] WARN  server.GrpcLogAppender (GrpcLogAppender.java:mayWait(200)) - omNode-1@group-0AAC5367B30E->omNode-bootstrap-2-GrpcLogAppender: Wait interrupted by java.lang.InterruptedException
2023-03-09 15:02:51,884 [grpc-default-executor-15] INFO  server.GrpcServerProtocolService (GrpcServerProtocolService.java:onCompleted(143)) - omNode-bootstrap-2: Completed APPEND_ENTRIES, lastRequest: null
2023-03-09 15:02:51,884 [grpc-default-executor-10] INFO  server.GrpcServerProtocolService (GrpcServerProtocolService.java:onCompleted(143)) - omNode-bootstrap-2: Completed APPEND_ENTRIES, lastRequest: omNode-1->omNode-bootstrap-2#9-t1,previous=(t:1, i:11),leaderCommit=11,initializing? true,entries: size=1, first=(t:1, i:12), METADATAENTRY(c:11)
2023-03-09 15:02:51,885 [grpc-default-executor-10] INFO  server.GrpcLogAppender (GrpcLogAppender.java:onCompleted(415)) - omNode-1@group-0AAC5367B30E->omNode-bootstrap-2-AppendLogResponseHandler: follower responses appendEntries COMPLETED
2023-03-09 15:02:51,885 [grpc-default-executor-10] INFO  leader.FollowerInfo (FollowerInfoImpl.java:lambda$new$0(48)) - omNode-1@group-0AAC5367B30E->omNode-bootstrap-2: nextIndex: updateUnconditionally 13 -> 12
2023-03-09 15:02:51,886 [grpc-default-executor-10] INFO  server.GrpcLogAppender (GrpcLogAppender.java:onCompleted(415)) - omNode-1@group-0AAC5367B30E->omNode-bootstrap-2-AppendLogResponseHandler: follower responses appendEntries COMPLETED
2023-03-09 15:02:51,886 [grpc-default-executor-10] INFO  leader.FollowerInfo (FollowerInfoImpl.java:lambda$new$0(48)) - omNode-1@group-0AAC5367B30E->omNode-bootstrap-2: nextIndex: updateUnconditionally 12 -> 11
2023-03-09 15:02:51,888 [omNode-1@group-0AAC5367B30E-StateMachineUpdater] INFO  server.GrpcServerProtocolClient (GrpcServerProtocolClient.java:close(101)) - omNode-bootstrap-2 Close channels
2023-03-09 15:02:51,890 [omNode-1-impl-thread1] INFO  impl.StateMachineUpdater (StateMachineUpdater.java:stopAndJoin(153)) - omNode-1@group-0AAC5367B30E-StateMachineUpdater: set stopIndex = 12
2023-03-09 15:02:51,894 [omNode-1@group-0AAC5367B30E-StateMachineUpdater] INFO  server.GrpcService (GrpcService.java:closeImpl(280)) - omNode-1: shutdown server GrpcServerProtocolService successfully
2023-03-09 15:02:52,280 [EndpointStateMachine task thread for /127.0.0.1:35467 - 0 ] INFO  ipc.Client (Client.java:handleConnectionFailure(1010)) - Retrying connect to server: localhost/127.0.0.1:35467. Already tried 12 time(s); retry policy is RetryUpToMaximumCountWithFixedSleep(maxRetries=15, sleepTime=1000 MILLISECONDS)
2023-03-09 15:02:52,738 [EndpointStateMachine task thread for /127.0.0.1:33275 - 0 ] INFO  ipc.Client (Client.java:handleConnectionFailure(1010)) - Retrying connect to server: localhost/127.0.0.1:33275. Already tried 4 time(s); retry policy is RetryUpToMaximumCountWithFixedSleep(maxRetries=15, sleepTime=1000 MILLISECONDS)
2023-03-09 15:02:52,851 [Listener at 127.0.0.1/35659] INFO  ozone.MiniOzoneClusterImpl (MiniOzoneClusterImpl.java:shutdown(450)) - Shutting down the Mini Ozone Cluster
2023-03-09 15:02:52,851 [Listener at 127.0.0.1/35659] INFO  ozone.MiniOzoneHAClusterImpl (MiniOzoneHAClusterImpl.java:stop(312)) - Stopping the OzoneManager omNode-1
2023-03-09 15:02:52,851 [Listener at 127.0.0.1/35659] INFO  om.OzoneManager (OzoneManager.java:stop(2155)) - omNode-1[localhost:45353]: Stopping Ozone Manager
2023-03-09 15:02:52,852 [Listener at 127.0.0.1/35659] INFO  ozone.MiniOzoneHAClusterImpl (MiniOzoneHAClusterImpl.java:stop(312)) - Stopping the OzoneManager omNode-bootstrap-1
2023-03-09 15:02:52,852 [Listener at 127.0.0.1/35659] INFO  om.OzoneManager (OzoneManager.java:stop(2155)) - omNode-bootstrap-1[localhost:34977]: Stopping Ozone Manager
2023-03-09 15:02:52,852 [Listener at 127.0.0.1/35659] INFO  ozone.MiniOzoneHAClusterImpl (MiniOzoneHAClusterImpl.java:stop(312)) - Stopping the OzoneManager omNode-bootstrap-2
2023-03-09 15:02:52,852 [Listener at 127.0.0.1/35659] INFO  om.OzoneManager (OzoneManager.java:stop(2155)) - omNode-bootstrap-2[localhost:35659]: Stopping Ozone Manager
2023-03-09 15:02:52,852 [Listener at 127.0.0.1/35659] INFO  ipc.Server (Server.java:stop(3428)) - Stopping server on 35659
2023-03-09 15:02:52,856 [IPC Server listener on 35659] INFO  ipc.Server (Server.java:run(1384)) - Stopping IPC Server listener on 35659
2023-03-09 15:02:52,860 [IPC Server Responder] INFO  ipc.Server (Server.java:run(1517)) - Stopping IPC Server Responder
2023-03-09 15:02:52,860 [Listener at 127.0.0.1/35659] INFO  server.RaftServer (RaftServerProxy.java:lambda$close$6(409)) - omNode-bootstrap-2: close
2023-03-09 15:02:52,860 [Listener at 127.0.0.1/35659] INFO  server.GrpcService (GrpcService.java:closeImpl(271)) - omNode-bootstrap-2: shutdown server GrpcServerProtocolService now
2023-03-09 15:02:52,860 [omNode-bootstrap-2-impl-thread1] INFO  server.RaftServer$Division (RaftServerImpl.java:lambda$close$4(458)) - omNode-bootstrap-2@group-0AAC5367B30E: shutdown
2023-03-09 15:02:52,861 [omNode-bootstrap-2-impl-thread1] INFO  util.JmxRegister (JmxRegister.java:unregister(73)) - Successfully un-registered JMX Bean with object name Ratis:service=RaftServer,group=group-0AAC5367B30E,id=omNode-bootstrap-2
2023-03-09 15:02:52,861 [omNode-bootstrap-2-impl-thread1] INFO  impl.RoleInfo (RoleInfo.java:shutdownFollowerState(110)) - omNode-bootstrap-2: shutdown omNode-bootstrap-2@group-0AAC5367B30E-FollowerState
2023-03-09 15:02:52,861 [omNode-bootstrap-2-impl-thread1] INFO  impl.StateMachineUpdater (StateMachineUpdater.java:stopAndJoin(153)) - omNode-bootstrap-2@group-0AAC5367B30E-StateMachineUpdater: set stopIndex = 11
2023-03-09 15:02:52,861 [omNode-bootstrap-2@group-0AAC5367B30E-FollowerState] INFO  impl.FollowerState (FollowerState.java:run(152)) - omNode-bootstrap-2@group-0AAC5367B30E-FollowerState was interrupted
2023-03-09 15:02:52,861 [omNode-bootstrap-2@group-0AAC5367B30E-StateMachineUpdater] INFO  ratis.OzoneManagerStateMachine (OzoneManagerStateMachine.java:takeSnapshot(445)) - Current Snapshot Index (t:1, i:11)
2023-03-09 15:02:52,867 [Listener at 127.0.0.1/35659] INFO  server.GrpcService (GrpcService.java:closeImpl(280)) - omNode-bootstrap-2: shutdown server GrpcServerProtocolService successfully
2023-03-09 15:02:52,887 [omNode-bootstrap-2@group-0AAC5367B30E-StateMachineUpdater] INFO  impl.StateMachineUpdater (StateMachineUpdater.java:takeSnapshot(287)) - omNode-bootstrap-2@group-0AAC5367B30E-StateMachineUpdater: Took a snapshot at index 11
2023-03-09 15:02:52,887 [omNode-bootstrap-2@group-0AAC5367B30E-StateMachineUpdater] INFO  impl.StateMachineUpdater (StateMachineUpdater.java:lambda$new$0(92)) - omNode-bootstrap-2@group-0AAC5367B30E-StateMachineUpdater: snapshotIndex: updateIncreasingly -1 -> 11
2023-03-09 15:02:52,887 [omNode-bootstrap-2@group-0AAC5367B30E-StateMachineUpdater] INFO  ratis.OzoneManagerStateMachine (OzoneManagerStateMachine.java:close(499)) - StateMachine has shutdown. Shutdown OzoneManager if not already shutdown.
2023-03-09 15:02:52,887 [omNode-bootstrap-2@group-0AAC5367B30E-StateMachineUpdater] INFO  ratis.OzoneManagerDoubleBuffer (OzoneManagerDoubleBuffer.java:stopDaemon(540)) - Stopping OMDoubleBuffer flush thread
2023-03-09 15:02:52,888 [OMDoubleBufferFlushThread] INFO  ratis.OzoneManagerDoubleBuffer (OzoneManagerDoubleBuffer.java:canFlush(625)) - OMDoubleBuffer flush thread OMDoubleBufferFlushThread is interrupted and will exit.
2023-03-09 15:02:52,889 [omNode-bootstrap-2-impl-thread1] INFO  server.RaftServer$Division (ServerState.java:close(466)) - omNode-bootstrap-2@group-0AAC5367B30E: closes. applyIndex: 11
2023-03-09 15:02:52,889 [omNode-bootstrap-2@group-0AAC5367B30E-SegmentedRaftLogWorker] INFO  segmented.SegmentedRaftLogWorker (SegmentedRaftLogWorker.java:run(347)) - omNode-bootstrap-2@group-0AAC5367B30E-SegmentedRaftLogWorker was interrupted, exiting. There are 0 tasks remaining in the queue.
2023-03-09 15:02:52,892 [omNode-bootstrap-2-impl-thread1] INFO  segmented.SegmentedRaftLogWorker (SegmentedRaftLogWorker.java:close(257)) - omNode-bootstrap-2@group-0AAC5367B30E-SegmentedRaftLogWorker close()
2023-03-09 15:02:52,892 [JvmPauseMonitor49] INFO  util.JvmPauseMonitor (JvmPauseMonitor.java:run(111)) - JvmPauseMonitor-omNode-bootstrap-2: Stopped
2023-03-09 15:02:52,892 [Listener at 127.0.0.1/35659] INFO  ratis.OzoneManagerStateMachine (OzoneManagerStateMachine.java:close(499)) - StateMachine has shutdown. Shutdown OzoneManager if not already shutdown.
2023-03-09 15:02:52,892 [Listener at 127.0.0.1/35659] INFO  ratis.OzoneManagerDoubleBuffer (OzoneManagerDoubleBuffer.java:stopDaemon(549)) - OMDoubleBuffer flush thread is not running.
2023-03-09 15:02:52,893 [Listener at 127.0.0.1/35659] INFO  utils.BackgroundService (BackgroundService.java:shutdown(141)) - Shutting down service KeyDeletingService
2023-03-09 15:02:52,894 [Listener at 127.0.0.1/35659] INFO  utils.BackgroundService (BackgroundService.java:shutdown(141)) - Shutting down service DirectoryDeletingService
2023-03-09 15:02:52,894 [Listener at 127.0.0.1/35659] INFO  utils.BackgroundService (BackgroundService.java:shutdown(141)) - Shutting down service OpenKeyCleanupService
2023-03-09 15:02:52,894 [Listener at 127.0.0.1/35659] INFO  utils.BackgroundService (BackgroundService.java:shutdown(141)) - Shutting down service SstFilteringService
2023-03-09 15:02:52,895 [Listener at 127.0.0.1/35659] INFO  handler.ContextHandler (ContextHandler.java:doStop(1159)) - Stopped o.e.j.w.WebAppContext@7769bf{ozoneManager,/,null,STOPPED}{file:/home/runner/work/ozone/ozone/hadoop-ozone/integration-test/target/test-classes/webapps/ozoneManager}
2023-03-09 15:02:52,901 [Listener at 127.0.0.1/35659] INFO  server.AbstractConnector (AbstractConnector.java:doStop(383)) - Stopped ServerConnector@6f8015fb{HTTP/1.1, (http/1.1)}{0.0.0.0:41353}
2023-03-09 15:02:52,902 [Listener at 127.0.0.1/35659] INFO  server.session (HouseKeeper.java:stopScavenging(149)) - node0 Stopped scavenging
2023-03-09 15:02:52,902 [Listener at 127.0.0.1/35659] INFO  handler.ContextHandler (ContextHandler.java:doStop(1159)) - Stopped o.e.j.s.ServletContextHandler@5c0ac8a8{static,/static,file:///home/runner/work/ozone/ozone/hadoop-ozone/integration-test/target/test-classes/webapps/static,STOPPED}
2023-03-09 15:02:52,902 [Listener at 127.0.0.1/35659] INFO  handler.ContextHandler (ContextHandler.java:doStop(1159)) - Stopped o.e.j.s.ServletContextHandler@6c66ee4b{logs,/logs,file:///home/runner/work/ozone/ozone/hadoop-ozone/integration-test/target/log,STOPPED}
2023-03-09 15:02:52,905 [Listener at 127.0.0.1/35659] INFO  ozone.MiniOzoneHAClusterImpl (MiniOzoneHAClusterImpl.java:stop(320)) - Stopping the StorageContainerManager 78133a0d-b1a6-42b2-bde2-9d54c1b1446c
2023-03-09 15:02:52,906 [Listener at 127.0.0.1/35659] INFO  server.StorageContainerManager (StorageContainerManager.java:stop(1532)) - Container Balancer is not running.
2023-03-09 15:02:52,906 [Listener at 127.0.0.1/35659] INFO  server.StorageContainerManager (StorageContainerManager.java:stop(1539)) - Stopping Replication Manager Service.
2023-03-09 15:02:52,906 [Listener at 127.0.0.1/35659] INFO  replication.ReplicationManager (ReplicationManager.java:stop(300)) - Stopping Replication Monitor Thread.
2023-03-09 15:02:52,906 [Listener at 127.0.0.1/35659] INFO  server.StorageContainerManager (StorageContainerManager.java:stop(1546)) - Stopping the Datanode Admin Monitor.
2023-03-09 15:02:52,906 [ReplicationMonitor] INFO  replication.ReplicationManager (ReplicationManager.java:run(747)) - Replication Monitor Thread is stopped
2023-03-09 15:02:52,906 [Listener at 127.0.0.1/35659] INFO  server.StorageContainerManager (StorageContainerManager.java:stop(1553)) - Stopping datanode service RPC server
2023-03-09 15:02:52,907 [Listener at 127.0.0.1/35659] INFO  server.SCMDatanodeProtocolServer (SCMDatanodeProtocolServer.java:stop(424)) - Stopping the RPC server for DataNodes
2023-03-09 15:02:52,907 [Listener at 127.0.0.1/35659] INFO  ipc.Server (Server.java:stop(3428)) - Stopping server on 35345
2023-03-09 15:02:52,906 [Over Replicated Processor] WARN  replication.UnhealthyReplicationProcessor (UnhealthyReplicationProcessor.java:run(153)) - Over Replicated Processor interrupted. Exiting...
2023-03-09 15:02:52,906 [Under Replicated Processor] WARN  replication.UnhealthyReplicationProcessor (UnhealthyReplicationProcessor.java:run(153)) - Under Replicated Processor interrupted. Exiting...
2023-03-09 15:02:52,917 [IPC Server Responder] INFO  ipc.Server (Server.java:run(1517)) - Stopping IPC Server Responder
2023-03-09 15:02:52,918 [IPC Server listener on 35345] INFO  ipc.Server (Server.java:run(1384)) - Stopping IPC Server listener on 35345
2023-03-09 15:02:53,174 [SCM Heartbeat Processing Thread - 0] WARN  node.NodeStateManager (NodeStateManager.java:scheduleNextHealthCheck(870)) - Current Thread is interrupted, shutting down HB processing thread for Node Manager.
2023-03-09 15:02:53,176 [Listener at 127.0.0.1/35659] INFO  server.StorageContainerManager (StorageContainerManager.java:stop(1561)) - Stopping block service RPC server
2023-03-09 15:02:53,177 [Listener at 127.0.0.1/35659] INFO  server.SCMBlockProtocolServer (SCMBlockProtocolServer.java:stop(161)) - Stopping the RPC server for Block Protocol
2023-03-09 15:02:53,177 [Listener at 127.0.0.1/35659] INFO  ipc.Server (Server.java:stop(3428)) - Stopping server on 42359
2023-03-09 15:02:53,179 [IPC Server listener on 42359] INFO  ipc.Server (Server.java:run(1384)) - Stopping IPC Server listener on 42359
2023-03-09 15:02:53,184 [IPC Server Responder] INFO  ipc.Server (Server.java:run(1517)) - Stopping IPC Server Responder
2023-03-09 15:02:53,185 [Listener at 127.0.0.1/35659] INFO  server.StorageContainerManager (StorageContainerManager.java:stop(1568)) - Stopping the StorageContainerLocationProtocol RPC server
2023-03-09 15:02:53,189 [Listener at 127.0.0.1/35659] INFO  server.SCMClientProtocolServer (SCMClientProtocolServer.java:stop(203)) - Stopping the RPC server for Client Protocol
2023-03-09 15:02:53,194 [Listener at 127.0.0.1/35659] INFO  ipc.Server (Server.java:stop(3428)) - Stopping server on 35817
2023-03-09 15:02:53,201 [IPC Server listener on 35817] INFO  ipc.Server (Server.java:run(1384)) - Stopping IPC Server listener on 35817
2023-03-09 15:02:53,205 [IPC Server Responder] INFO  ipc.Server (Server.java:run(1517)) - Stopping IPC Server Responder
2023-03-09 15:02:53,208 [Listener at 127.0.0.1/35659] INFO  server.StorageContainerManager (StorageContainerManager.java:stop(1575)) - Stopping Storage Container Manager HTTP server.
2023-03-09 15:02:53,209 [Listener at 127.0.0.1/35659] INFO  handler.ContextHandler (ContextHandler.java:doStop(1159)) - Stopped o.e.j.w.WebAppContext@6758b523{scm,/,null,STOPPED}{file:/home/runner/work/ozone/ozone/hadoop-ozone/integration-test/target/test-classes/webapps/scm}
2023-03-09 15:02:53,210 [Listener at 127.0.0.1/35659] INFO  server.AbstractConnector (AbstractConnector.java:doStop(383)) - Stopped ServerConnector@335c2eb1{HTTP/1.1, (http/1.1)}{0.0.0.0:32951}
2023-03-09 15:02:53,210 [Listener at 127.0.0.1/35659] INFO  server.session (HouseKeeper.java:stopScavenging(149)) - node0 Stopped scavenging
2023-03-09 15:02:53,210 [Listener at 127.0.0.1/35659] INFO  handler.ContextHandler (ContextHandler.java:doStop(1159)) - Stopped o.e.j.s.ServletContextHandler@6ccc4b8c{static,/static,file:///home/runner/work/ozone/ozone/hadoop-ozone/integration-test/target/test-classes/webapps/static,STOPPED}
2023-03-09 15:02:53,211 [Listener at 127.0.0.1/35659] INFO  handler.ContextHandler (ContextHandler.java:doStop(1159)) - Stopped o.e.j.s.ServletContextHandler@2e8ee013{logs,/logs,file:///home/runner/work/ozone/ozone/hadoop-ozone/integration-test/target/log,STOPPED}
2023-03-09 15:02:53,212 [Listener at 127.0.0.1/35659] INFO  server.StorageContainerManager (StorageContainerManager.java:stop(1583)) - Stopping SCM LayoutVersionManager Service.
2023-03-09 15:02:53,212 [Listener at 127.0.0.1/35659] INFO  server.StorageContainerManager (StorageContainerManager.java:stop(1591)) - Stopping Block Manager Service.
2023-03-09 15:02:53,212 [Listener at 127.0.0.1/35659] INFO  utils.BackgroundService (BackgroundService.java:shutdown(141)) - Shutting down service SCMBlockDeletingService
2023-03-09 15:02:53,213 [Listener at 127.0.0.1/35659] INFO  utils.BackgroundService (BackgroundService.java:shutdown(141)) - Shutting down service SCMBlockDeletingService
2023-03-09 15:02:53,213 [Listener at 127.0.0.1/35659] INFO  server.StorageContainerManager (StorageContainerManager.java:stop(1613)) - Stopping SCM Event Queue.
2023-03-09 15:02:53,216 [Listener at 127.0.0.1/35659] INFO  server.StorageContainerManager (StorageContainerManager.java:stop(1624)) - Stopping SCM HA services.
2023-03-09 15:02:53,217 [Listener at 127.0.0.1/35659] INFO  ha.SCMRatisServerImpl (SCMRatisServerImpl.java:stop(237)) - stopping ratis server 0.0.0.0:36295
2023-03-09 15:02:53,217 [Listener at 127.0.0.1/35659] INFO  server.RaftServer (RaftServerProxy.java:lambda$close$6(409)) - 78133a0d-b1a6-42b2-bde2-9d54c1b1446c: close
2023-03-09 15:02:53,217 [78133a0d-b1a6-42b2-bde2-9d54c1b1446c-impl-thread1] INFO  server.RaftServer$Division (RaftServerImpl.java:lambda$close$4(458)) - 78133a0d-b1a6-42b2-bde2-9d54c1b1446c@group-3FFAE63FFF50: shutdown
2023-03-09 15:02:53,217 [78133a0d-b1a6-42b2-bde2-9d54c1b1446c-impl-thread1] INFO  util.JmxRegister (JmxRegister.java:unregister(73)) - Successfully un-registered JMX Bean with object name Ratis:service=RaftServer,group=group-3FFAE63FFF50,id=78133a0d-b1a6-42b2-bde2-9d54c1b1446c
2023-03-09 15:02:53,217 [78133a0d-b1a6-42b2-bde2-9d54c1b1446c-impl-thread1] INFO  impl.RoleInfo (RoleInfo.java:shutdownLeaderState(93)) - 78133a0d-b1a6-42b2-bde2-9d54c1b1446c: shutdown 78133a0d-b1a6-42b2-bde2-9d54c1b1446c@group-3FFAE63FFF50-LeaderStateImpl
2023-03-09 15:02:53,217 [78133a0d-b1a6-42b2-bde2-9d54c1b1446c-impl-thread1] INFO  impl.PendingRequests (PendingRequests.java:sendNotLeaderResponses(282)) - 78133a0d-b1a6-42b2-bde2-9d54c1b1446c@group-3FFAE63FFF50-PendingRequests: sendNotLeaderResponses
2023-03-09 15:02:53,218 [78133a0d-b1a6-42b2-bde2-9d54c1b1446c-impl-thread1] INFO  ha.SCMStateMachine (SCMStateMachine.java:notifyNotLeader(205)) - current leader SCM steps down.
2023-03-09 15:02:53,218 [78133a0d-b1a6-42b2-bde2-9d54c1b1446c-impl-thread1] INFO  ha.SCMContext (SCMContext.java:updateLeaderAndTerm(99)) - update <isLeader,term> from <true,2> to <false,0>
2023-03-09 15:02:53,218 [78133a0d-b1a6-42b2-bde2-9d54c1b1446c-impl-thread1] INFO  ha.SCMContext (SCMContext.java:updateLeaderAndTerm(106)) - update <isLeaderReady> from <false> to <false>
2023-03-09 15:02:53,218 [78133a0d-b1a6-42b2-bde2-9d54c1b1446c-impl-thread1] INFO  BackgroundPipelineScrubber (BackgroundSCMService.java:notifyStatusChanged(88)) - Service BackgroundPipelineScrubber transitions to PAUSING.
2023-03-09 15:02:53,218 [78133a0d-b1a6-42b2-bde2-9d54c1b1446c-impl-thread1] INFO  ExpiredContainerReplicaOpScrubber (BackgroundSCMService.java:notifyStatusChanged(88)) - Service ExpiredContainerReplicaOpScrubber transitions to PAUSING.
2023-03-09 15:02:53,222 [Listener at 127.0.0.1/35659] INFO  server.GrpcService (GrpcService.java:closeImpl(271)) - 78133a0d-b1a6-42b2-bde2-9d54c1b1446c: shutdown server GrpcServerProtocolService now
2023-03-09 15:02:53,223 [78133a0d-b1a6-42b2-bde2-9d54c1b1446c@group-3FFAE63FFF50-StateMachineUpdater] INFO  ha.SCMStateMachine (SCMStateMachine.java:takeSnapshot(312)) - Current Snapshot Index 30, takeSnapshot took 1 ms
2023-03-09 15:02:53,223 [78133a0d-b1a6-42b2-bde2-9d54c1b1446c@group-3FFAE63FFF50-StateMachineUpdater] INFO  impl.StateMachineUpdater (StateMachineUpdater.java:takeSnapshot(287)) - 78133a0d-b1a6-42b2-bde2-9d54c1b1446c@group-3FFAE63FFF50-StateMachineUpdater: Took a snapshot at index 30
2023-03-09 15:02:53,223 [78133a0d-b1a6-42b2-bde2-9d54c1b1446c@group-3FFAE63FFF50-StateMachineUpdater] INFO  impl.StateMachineUpdater (StateMachineUpdater.java:lambda$new$0(92)) - 78133a0d-b1a6-42b2-bde2-9d54c1b1446c@group-3FFAE63FFF50-StateMachineUpdater: snapshotIndex: updateIncreasingly -1 -> 30
2023-03-09 15:02:53,223 [78133a0d-b1a6-42b2-bde2-9d54c1b1446c@group-3FFAE63FFF50-StateMachineUpdater] INFO  server.StorageContainerManager (StorageContainerManager.java:stop(1523)) - Storage Container Manager is not running.
2023-03-09 15:02:53,223 [78133a0d-b1a6-42b2-bde2-9d54c1b1446c@group-3FFAE63FFF50-StateMachineUpdater] INFO  server.StorageContainerManager (ExitUtils.java:terminate(131)) - Terminating with exit status 0: scm statemachine is closed by ratis, terminate SCM
2023-03-09 15:02:53,223 [78133a0d-b1a6-42b2-bde2-9d54c1b1446c@group-3FFAE63FFF50-StateMachineUpdater] WARN  impl.StateMachineUpdater (StateMachineUpdater.java:stop(137)) - 78133a0d-b1a6-42b2-bde2-9d54c1b1446c@group-3FFAE63FFF50-StateMachineUpdater: Failed to close SCMStateMachine SCMStateMachine:78133a0d-b1a6-42b2-bde2-9d54c1b1446c:group-3FFAE63FFF50
org.apache.ratis.util.ExitUtils$ExitException: scm statemachine is closed by ratis, terminate SCM
	at org.apache.ratis.util.ExitUtils.terminate(ExitUtils.java:141)
	at org.apache.ratis.util.ExitUtils.terminate(ExitUtils.java:151)
	at org.apache.ratis.util.ExitUtils.terminate(ExitUtils.java:155)
	at org.apache.hadoop.hdds.scm.server.StorageContainerManager.shutDown(StorageContainerManager.java:1652)
	at org.apache.hadoop.hdds.scm.ha.SCMStateMachine.close(SCMStateMachine.java:421)
	at org.apache.ratis.server.impl.StateMachineUpdater.stop(StateMachineUpdater.java:134)
	at org.apache.ratis.server.impl.StateMachineUpdater.run(StateMachineUpdater.java:187)
	at java.lang.Thread.run(Thread.java:750)
2023-03-09 15:02:53,224 [Listener at 127.0.0.1/35659] INFO  server.GrpcService (GrpcService.java:closeImpl(280)) - 78133a0d-b1a6-42b2-bde2-9d54c1b1446c: shutdown server GrpcServerProtocolService successfully
2023-03-09 15:02:53,222 [78133a0d-b1a6-42b2-bde2-9d54c1b1446c-impl-thread1] INFO  impl.StateMachineUpdater (StateMachineUpdater.java:stopAndJoin(153)) - 78133a0d-b1a6-42b2-bde2-9d54c1b1446c@group-3FFAE63FFF50-StateMachineUpdater: set stopIndex = 30
2023-03-09 15:02:53,226 [78133a0d-b1a6-42b2-bde2-9d54c1b1446c-impl-thread1] INFO  server.RaftServer$Division (ServerState.java:close(466)) - 78133a0d-b1a6-42b2-bde2-9d54c1b1446c@group-3FFAE63FFF50: closes. applyIndex: 30
2023-03-09 15:02:53,226 [78133a0d-b1a6-42b2-bde2-9d54c1b1446c@group-3FFAE63FFF50-SegmentedRaftLogWorker] INFO  segmented.SegmentedRaftLogWorker (SegmentedRaftLogWorker.java:run(347)) - 78133a0d-b1a6-42b2-bde2-9d54c1b1446c@group-3FFAE63FFF50-SegmentedRaftLogWorker was interrupted, exiting. There are 0 tasks remaining in the queue.
2023-03-09 15:02:53,228 [78133a0d-b1a6-42b2-bde2-9d54c1b1446c-impl-thread1] INFO  segmented.SegmentedRaftLogWorker (SegmentedRaftLogWorker.java:close(257)) - 78133a0d-b1a6-42b2-bde2-9d54c1b1446c@group-3FFAE63FFF50-SegmentedRaftLogWorker close()
2023-03-09 15:02:53,229 [JvmPauseMonitor44] INFO  util.JvmPauseMonitor (JvmPauseMonitor.java:run(111)) - JvmPauseMonitor-78133a0d-b1a6-42b2-bde2-9d54c1b1446c: Stopped
2023-03-09 15:02:53,229 [Listener at 127.0.0.1/35659] INFO  pipeline.BackgroundPipelineCreator (BackgroundPipelineCreator.java:stop(149)) - Stopping RatisPipelineUtilsThread.
2023-03-09 15:02:53,229 [RatisPipelineUtilsThread - 0] WARN  pipeline.BackgroundPipelineCreator (BackgroundPipelineCreator.java:run(180)) - RatisPipelineUtilsThread is interrupted.
2023-03-09 15:02:53,229 [Listener at 127.0.0.1/35659] INFO  BackgroundPipelineScrubber (BackgroundSCMService.java:stop(131)) - Stopping BackgroundPipelineScrubber Service.
2023-03-09 15:02:53,229 [BackgroundPipelineScrubberThread] WARN  BackgroundPipelineScrubber (BackgroundSCMService.java:run(115)) - BackgroundPipelineScrubber is interrupted, exit
2023-03-09 15:02:53,230 [Listener at 127.0.0.1/35659] INFO  impl.MetricsSystemImpl (MetricsSystemImpl.java:stop(210)) - Stopping OzoneManager metrics system...
2023-03-09 15:02:53,242 [prometheus] INFO  impl.MetricsSinkAdapter (MetricsSinkAdapter.java:publishMetricsFromQueue(141)) - prometheus thread interrupted.
2023-03-09 15:02:53,242 [Listener at 127.0.0.1/35659] INFO  impl.MetricsSystemImpl (MetricsSystemImpl.java:stop(216)) - OzoneManager metrics system stopped.
2023-03-09 15:02:53,242 [Listener at 127.0.0.1/35659] WARN  pipeline.BackgroundPipelineCreator (BackgroundPipelineCreator.java:stop(145)) - RatisPipelineUtilsThread is not running, just ignore.
2023-03-09 15:02:53,242 [Listener at 127.0.0.1/35659] INFO  BackgroundPipelineScrubber (BackgroundSCMService.java:stop(126)) - BackgroundPipelineScrubber Service is not running, skip stop.
2023-03-09 15:02:53,242 [Listener at 127.0.0.1/35659] INFO  ExpiredContainerReplicaOpScrubber (BackgroundSCMService.java:stop(131)) - Stopping ExpiredContainerReplicaOpScrubber Service.
2023-03-09 15:02:53,242 [Listener at 127.0.0.1/35659] INFO  utils.BackgroundService (BackgroundService.java:shutdown(141)) - Shutting down service SCMBlockDeletingService
2023-03-09 15:02:53,242 [ExpiredContainerReplicaOpScrubberThread] WARN  ExpiredContainerReplicaOpScrubber (BackgroundSCMService.java:run(115)) - ExpiredContainerReplicaOpScrubber is interrupted, exit
2023-03-09 15:02:53,243 [Listener at 127.0.0.1/35659] INFO  replication.ReplicationManager (ReplicationManager.java:stop(310)) - Replication Monitor Thread is not running.
2023-03-09 15:02:53,243 [Listener at 127.0.0.1/35659] WARN  balancer.ContainerBalancer (ContainerBalancer.java:stop(322)) - Cannot stop Container Balancer because it's not running or stopping
2023-03-09 15:02:53,243 [Listener at 127.0.0.1/35659] INFO  server.StorageContainerManager (StorageContainerManager.java:stop(1642)) - Stopping SCM MetadataStore.
2023-03-09 15:02:53,245 [Listener at 127.0.0.1/35659] INFO  ozone.MiniOzoneClusterImpl (MiniOzoneClusterImpl.java:stop(465)) - Stopping the Mini Ozone Cluster
2023-03-09 15:02:53,245 [Listener at 127.0.0.1/35659] INFO  ozone.MiniOzoneClusterImpl (MiniOzoneClusterImpl.java:stopDatanodes(524)) - Stopping the HddsDatanodes
2023-03-09 15:02:53,247 [Listener at 127.0.0.1/35659] INFO  ozoneimpl.OzoneContainer (OzoneContainer.java:stop(420)) - Attempting to stop container services.
2023-03-09 15:02:53,248 [ForkJoinPool.commonPool-worker-0] INFO  ozoneimpl.OzoneContainer (OzoneContainer.java:stop(420)) - Attempting to stop container services.
2023-03-09 15:02:53,248 [ForkJoinPool.commonPool-worker-0] INFO  server.RaftServer (RaftServerProxy.java:lambda$close$6(409)) - 0518bc97-31d1-4d4f-b564-52717e813075: close
2023-03-09 15:02:53,249 [0518bc97-31d1-4d4f-b564-52717e813075-impl-thread1] INFO  server.RaftServer$Division (RaftServerImpl.java:lambda$close$4(458)) - 0518bc97-31d1-4d4f-b564-52717e813075@group-470DB026BB96: shutdown
2023-03-09 15:02:53,249 [0518bc97-31d1-4d4f-b564-52717e813075-impl-thread1] INFO  util.JmxRegister (JmxRegister.java:unregister(73)) - Successfully un-registered JMX Bean with object name Ratis:service=RaftServer,group=group-470DB026BB96,id=0518bc97-31d1-4d4f-b564-52717e813075
2023-03-09 15:02:53,249 [0518bc97-31d1-4d4f-b564-52717e813075-impl-thread1] INFO  impl.RoleInfo (RoleInfo.java:shutdownLeaderState(93)) - 0518bc97-31d1-4d4f-b564-52717e813075: shutdown 0518bc97-31d1-4d4f-b564-52717e813075@group-470DB026BB96-LeaderStateImpl
2023-03-09 15:02:53,249 [0518bc97-31d1-4d4f-b564-52717e813075-impl-thread2] INFO  server.RaftServer$Division (RaftServerImpl.java:lambda$close$4(458)) - 0518bc97-31d1-4d4f-b564-52717e813075@group-82A1BD17106F: shutdown
2023-03-09 15:02:53,249 [0518bc97-31d1-4d4f-b564-52717e813075-impl-thread2] INFO  util.JmxRegister (JmxRegister.java:unregister(73)) - Successfully un-registered JMX Bean with object name Ratis:service=RaftServer,group=group-82A1BD17106F,id=0518bc97-31d1-4d4f-b564-52717e813075
2023-03-09 15:02:53,249 [0518bc97-31d1-4d4f-b564-52717e813075-impl-thread2] INFO  impl.RoleInfo (RoleInfo.java:shutdownLeaderState(93)) - 0518bc97-31d1-4d4f-b564-52717e813075: shutdown 0518bc97-31d1-4d4f-b564-52717e813075@group-82A1BD17106F-LeaderStateImpl
2023-03-09 15:02:53,249 [0518bc97-31d1-4d4f-b564-52717e813075-impl-thread2] INFO  impl.PendingRequests (PendingRequests.java:sendNotLeaderResponses(282)) - 0518bc97-31d1-4d4f-b564-52717e813075@group-82A1BD17106F-PendingRequests: sendNotLeaderResponses
2023-03-09 15:02:53,250 [0518bc97-31d1-4d4f-b564-52717e813075-impl-thread2] INFO  impl.StateMachineUpdater (StateMachineUpdater.java:stopAndJoin(153)) - 0518bc97-31d1-4d4f-b564-52717e813075@group-82A1BD17106F-StateMachineUpdater: set stopIndex = 0
2023-03-09 15:02:53,250 [ForkJoinPool.commonPool-worker-0] INFO  server.GrpcService (GrpcService.java:closeImpl(271)) - 0518bc97-31d1-4d4f-b564-52717e813075: shutdown server GrpcServerProtocolService now
2023-03-09 15:02:53,250 [0518bc97-31d1-4d4f-b564-52717e813075@group-82A1BD17106F-StateMachineUpdater] INFO  ratis.ContainerStateMachine (ContainerStateMachine.java:takeSnapshot(308)) - group-82A1BD17106F: Taking a snapshot at:(t:1, i:0) file /home/runner/work/ozone/ozone/hadoop-ozone/integration-test/target/test-dir/MiniOzoneClusterImpl-0534e788-6c20-4d4d-bf72-3ffae63fff50/datanode-0/data/ratis/2b76d336-8093-4a2f-8e56-82a1bd17106f/sm/snapshot.1_0
2023-03-09 15:02:53,250 [0518bc97-31d1-4d4f-b564-52717e813075-impl-thread3] INFO  server.RaftServer$Division (RaftServerImpl.java:lambda$close$4(458)) - 0518bc97-31d1-4d4f-b564-52717e813075@group-70735C1B44CC: shutdown
2023-03-09 15:02:53,250 [0518bc97-31d1-4d4f-b564-52717e813075-impl-thread3] INFO  util.JmxRegister (JmxRegister.java:unregister(73)) - Successfully un-registered JMX Bean with object name Ratis:service=RaftServer,group=group-70735C1B44CC,id=0518bc97-31d1-4d4f-b564-52717e813075
2023-03-09 15:02:53,250 [0518bc97-31d1-4d4f-b564-52717e813075-impl-thread3] INFO  impl.RoleInfo (RoleInfo.java:shutdownFollowerState(110)) - 0518bc97-31d1-4d4f-b564-52717e813075: shutdown 0518bc97-31d1-4d4f-b564-52717e813075@group-70735C1B44CC-FollowerState
2023-03-09 15:02:53,250 [0518bc97-31d1-4d4f-b564-52717e813075@group-70735C1B44CC-FollowerState] INFO  impl.FollowerState (FollowerState.java:run(152)) - 0518bc97-31d1-4d4f-b564-52717e813075@group-70735C1B44CC-FollowerState was interrupted
2023-03-09 15:02:53,250 [0518bc97-31d1-4d4f-b564-52717e813075@group-70735C1B44CC-StateMachineUpdater] INFO  ratis.ContainerStateMachine (ContainerStateMachine.java:takeSnapshot(308)) - group-70735C1B44CC: Taking a snapshot at:(t:1, i:0) file /home/runner/work/ozone/ozone/hadoop-ozone/integration-test/target/test-dir/MiniOzoneClusterImpl-0534e788-6c20-4d4d-bf72-3ffae63fff50/datanode-0/data/ratis/e2499cd2-36da-4a0e-b3b5-70735c1b44cc/sm/snapshot.1_0
2023-03-09 15:02:53,251 [0518bc97-31d1-4d4f-b564-52717e813075-impl-thread3] INFO  impl.StateMachineUpdater (StateMachineUpdater.java:stopAndJoin(153)) - 0518bc97-31d1-4d4f-b564-52717e813075@group-70735C1B44CC-StateMachineUpdater: set stopIndex = 0
2023-03-09 15:02:53,251 [0518bc97-31d1-4d4f-b564-52717e813075@group-70735C1B44CC-StateMachineUpdater] INFO  ratis.ContainerStateMachine (ContainerStateMachine.java:takeSnapshot(319)) - group-70735C1B44CC: Finished taking a snapshot at:(t:1, i:0) file:/home/runner/work/ozone/ozone/hadoop-ozone/integration-test/target/test-dir/MiniOzoneClusterImpl-0534e788-6c20-4d4d-bf72-3ffae63fff50/datanode-0/data/ratis/e2499cd2-36da-4a0e-b3b5-70735c1b44cc/sm/snapshot.1_0 took: 1 ms
2023-03-09 15:02:53,252 [0518bc97-31d1-4d4f-b564-52717e813075@group-70735C1B44CC-StateMachineUpdater] INFO  impl.StateMachineUpdater (StateMachineUpdater.java:takeSnapshot(287)) - 0518bc97-31d1-4d4f-b564-52717e813075@group-70735C1B44CC-StateMachineUpdater: Took a snapshot at index 0
2023-03-09 15:02:53,252 [0518bc97-31d1-4d4f-b564-52717e813075@group-70735C1B44CC-StateMachineUpdater] INFO  impl.StateMachineUpdater (StateMachineUpdater.java:lambda$new$0(92)) - 0518bc97-31d1-4d4f-b564-52717e813075@group-70735C1B44CC-StateMachineUpdater: snapshotIndex: updateIncreasingly -1 -> 0
2023-03-09 15:02:53,252 [grpc-default-executor-10] WARN  server.GrpcServerProtocolService (LogUtils.java:warn(122)) - 0518bc97-31d1-4d4f-b564-52717e813075: installSnapshot onError, lastRequest: null: org.apache.ratis.thirdparty.io.grpc.StatusRuntimeException: CANCELLED: client cancelled
2023-03-09 15:02:53,252 [0518bc97-31d1-4d4f-b564-52717e813075-impl-thread3] INFO  server.RaftServer$Division (ServerState.java:close(466)) - 0518bc97-31d1-4d4f-b564-52717e813075@group-70735C1B44CC: closes. applyIndex: 0
2023-03-09 15:02:53,253 [0518bc97-31d1-4d4f-b564-52717e813075@group-70735C1B44CC-SegmentedRaftLogWorker] INFO  segmented.SegmentedRaftLogWorker (SegmentedRaftLogWorker.java:run(347)) - 0518bc97-31d1-4d4f-b564-52717e813075@group-70735C1B44CC-SegmentedRaftLogWorker was interrupted, exiting. There are 0 tasks remaining in the queue.
2023-03-09 15:02:53,253 [grpc-default-executor-13] WARN  server.GrpcLogAppender (LogUtils.java:warn(122)) - ee096506-a68b-4f48-b344-eadbf7b61204@group-70735C1B44CC->0518bc97-31d1-4d4f-b564-52717e813075-AppendLogResponseHandler: Failed appendEntries: org.apache.ratis.thirdparty.io.grpc.StatusRuntimeException: CANCELLED: RST_STREAM closed stream. HTTP/2 error code: CANCEL
2023-03-09 15:02:53,253 [grpc-default-executor-13] WARN  server.GrpcLogAppender (GrpcLogAppender.java:resetClient(131)) - ee096506-a68b-4f48-b344-eadbf7b61204@group-70735C1B44CC->0518bc97-31d1-4d4f-b564-52717e813075-GrpcLogAppender: Leader has not got in touch with Follower ee096506-a68b-4f48-b344-eadbf7b61204@group-70735C1B44CC->0518bc97-31d1-4d4f-b564-52717e813075(c0,m0,n1, attendVote=true, lastRpcSendTime=1778, lastRpcResponseTime=1777) yet, just keep nextIndex unchanged and retry.
2023-03-09 15:02:53,254 [grpc-default-executor-12] WARN  server.GrpcServerProtocolService (LogUtils.java:warn(122)) - 0518bc97-31d1-4d4f-b564-52717e813075: installSnapshot onError, lastRequest: ee096506-a68b-4f48-b344-eadbf7b61204->0518bc97-31d1-4d4f-b564-52717e813075#1-t1,previous=(t:0, i:0),leaderCommit=0,initializing? true,entries: size=1, first=(t:1, i:0), CONFIGURATIONENTRY(current:id: "b86bebd9-3a13-457a-9b1b-8645409d7c66"
address: "127.0.0.1:46729"
dataStreamAddress: "127.0.0.1:45541"
clientAddress: "127.0.0.1:46729"
adminAddress: "127.0.0.1:46729"
startupRole: FOLLOWER
,id: "ee096506-a68b-4f48-b344-eadbf7b61204"
address: "127.0.0.1:41907"
priority: 1
dataStreamAddress: "127.0.0.1:44575"
clientAddress: "127.0.0.1:41907"
adminAddress: "127.0.0.1:41907"
startupRole: FOLLOWER
,id: "0518bc97-31d1-4d4f-b564-52717e813075"
address: "127.0.0.1:37345"
dataStreamAddress: "127.0.0.1:43931"
clientAddress: "127.0.0.1:37345"
adminAddress: "127.0.0.1:37345"
startupRole: FOLLOWER
, old:): org.apache.ratis.thirdparty.io.grpc.StatusRuntimeException: CANCELLED: client cancelled
2023-03-09 15:02:53,254 [grpc-default-executor-14] WARN  server.GrpcLogAppender (LogUtils.java:warn(122)) - ee096506-a68b-4f48-b344-eadbf7b61204@group-70735C1B44CC->0518bc97-31d1-4d4f-b564-52717e813075-AppendLogResponseHandler: Failed appendEntries: org.apache.ratis.thirdparty.io.grpc.StatusRuntimeException: CANCELLED: RST_STREAM closed stream. HTTP/2 error code: CANCEL
2023-03-09 15:02:53,254 [0518bc97-31d1-4d4f-b564-52717e813075@group-82A1BD17106F-StateMachineUpdater] INFO  ratis.ContainerStateMachine (ContainerStateMachine.java:takeSnapshot(319)) - group-82A1BD17106F: Finished taking a snapshot at:(t:1, i:0) file:/home/runner/work/ozone/ozone/hadoop-ozone/integration-test/target/test-dir/MiniOzoneClusterImpl-0534e788-6c20-4d4d-bf72-3ffae63fff50/datanode-0/data/ratis/2b76d336-8093-4a2f-8e56-82a1bd17106f/sm/snapshot.1_0 took: 4 ms
2023-03-09 15:02:53,254 [0518bc97-31d1-4d4f-b564-52717e813075@group-82A1BD17106F-StateMachineUpdater] INFO  impl.StateMachineUpdater (StateMachineUpdater.java:takeSnapshot(287)) - 0518bc97-31d1-4d4f-b564-52717e813075@group-82A1BD17106F-StateMachineUpdater: Took a snapshot at index 0
2023-03-09 15:02:53,254 [0518bc97-31d1-4d4f-b564-52717e813075@group-82A1BD17106F-StateMachineUpdater] INFO  impl.StateMachineUpdater (StateMachineUpdater.java:lambda$new$0(92)) - 0518bc97-31d1-4d4f-b564-52717e813075@group-82A1BD17106F-StateMachineUpdater: snapshotIndex: updateIncreasingly -1 -> 0
2023-03-09 15:02:53,254 [grpc-default-executor-14] WARN  server.GrpcLogAppender (GrpcLogAppender.java:resetClient(131)) - ee096506-a68b-4f48-b344-eadbf7b61204@group-70735C1B44CC->0518bc97-31d1-4d4f-b564-52717e813075-GrpcLogAppender: Leader has not got in touch with Follower ee096506-a68b-4f48-b344-eadbf7b61204@group-70735C1B44CC->0518bc97-31d1-4d4f-b564-52717e813075(c0,m0,n1, attendVote=true, lastRpcSendTime=1779, lastRpcResponseTime=1778) yet, just keep nextIndex unchanged and retry.
2023-03-09 15:02:53,258 [0518bc97-31d1-4d4f-b564-52717e813075-impl-thread2] INFO  server.RaftServer$Division (ServerState.java:close(466)) - 0518bc97-31d1-4d4f-b564-52717e813075@group-82A1BD17106F: closes. applyIndex: 0
2023-03-09 15:02:53,262 [0518bc97-31d1-4d4f-b564-52717e813075@group-82A1BD17106F-SegmentedRaftLogWorker] INFO  segmented.SegmentedRaftLogWorker (SegmentedRaftLogWorker.java:run(347)) - 0518bc97-31d1-4d4f-b564-52717e813075@group-82A1BD17106F-SegmentedRaftLogWorker was interrupted, exiting. There are 0 tasks remaining in the queue.
2023-03-09 15:02:53,263 [0518bc97-31d1-4d4f-b564-52717e813075-impl-thread1] INFO  impl.PendingRequests (PendingRequests.java:sendNotLeaderResponses(282)) - 0518bc97-31d1-4d4f-b564-52717e813075@group-470DB026BB96-PendingRequests: sendNotLeaderResponses
2023-03-09 15:02:53,263 [0518bc97-31d1-4d4f-b564-52717e813075@group-470DB026BB96->ee096506-a68b-4f48-b344-eadbf7b61204-GrpcLogAppender-LogAppenderDaemon] WARN  server.GrpcLogAppender (GrpcLogAppender.java:mayWait(200)) - 0518bc97-31d1-4d4f-b564-52717e813075@group-470DB026BB96->ee096506-a68b-4f48-b344-eadbf7b61204-GrpcLogAppender: Wait interrupted by java.lang.InterruptedException
2023-03-09 15:02:53,263 [ForkJoinPool.commonPool-worker-0] INFO  server.GrpcServerProtocolClient (GrpcServerProtocolClient.java:close(101)) - b86bebd9-3a13-457a-9b1b-8645409d7c66 Close channels
2023-03-09 15:02:53,264 [0518bc97-31d1-4d4f-b564-52717e813075@group-470DB026BB96-StateMachineUpdater] INFO  ratis.ContainerStateMachine (ContainerStateMachine.java:takeSnapshot(308)) - group-470DB026BB96: Taking a snapshot at:(t:1, i:0) file /home/runner/work/ozone/ozone/hadoop-ozone/integration-test/target/test-dir/MiniOzoneClusterImpl-0534e788-6c20-4d4d-bf72-3ffae63fff50/datanode-0/data/ratis/740719e3-0215-433d-bd11-470db026bb96/sm/snapshot.1_0
2023-03-09 15:02:53,264 [0518bc97-31d1-4d4f-b564-52717e813075-impl-thread1] INFO  impl.StateMachineUpdater (StateMachineUpdater.java:stopAndJoin(153)) - 0518bc97-31d1-4d4f-b564-52717e813075@group-470DB026BB96-StateMachineUpdater: set stopIndex = 0
2023-03-09 15:02:53,264 [0518bc97-31d1-4d4f-b564-52717e813075@group-470DB026BB96-StateMachineUpdater] INFO  ratis.ContainerStateMachine (ContainerStateMachine.java:takeSnapshot(319)) - group-470DB026BB96: Finished taking a snapshot at:(t:1, i:0) file:/home/runner/work/ozone/ozone/hadoop-ozone/integration-test/target/test-dir/MiniOzoneClusterImpl-0534e788-6c20-4d4d-bf72-3ffae63fff50/datanode-0/data/ratis/740719e3-0215-433d-bd11-470db026bb96/sm/snapshot.1_0 took: 0 ms
2023-03-09 15:02:53,272 [0518bc97-31d1-4d4f-b564-52717e813075@group-470DB026BB96-StateMachineUpdater] INFO  impl.StateMachineUpdater (StateMachineUpdater.java:takeSnapshot(287)) - 0518bc97-31d1-4d4f-b564-52717e813075@group-470DB026BB96-StateMachineUpdater: Took a snapshot at index 0
2023-03-09 15:02:53,272 [0518bc97-31d1-4d4f-b564-52717e813075@group-470DB026BB96-StateMachineUpdater] INFO  impl.StateMachineUpdater (StateMachineUpdater.java:lambda$new$0(92)) - 0518bc97-31d1-4d4f-b564-52717e813075@group-470DB026BB96-StateMachineUpdater: snapshotIndex: updateIncreasingly -1 -> 0
2023-03-09 15:02:53,273 [0518bc97-31d1-4d4f-b564-52717e813075-impl-thread1] INFO  server.RaftServer$Division (ServerState.java:close(466)) - 0518bc97-31d1-4d4f-b564-52717e813075@group-470DB026BB96: closes. applyIndex: 0
2023-03-09 15:02:53,273 [0518bc97-31d1-4d4f-b564-52717e813075@group-470DB026BB96-SegmentedRaftLogWorker] INFO  segmented.SegmentedRaftLogWorker (SegmentedRaftLogWorker.java:run(347)) - 0518bc97-31d1-4d4f-b564-52717e813075@group-470DB026BB96-SegmentedRaftLogWorker was interrupted, exiting. There are 0 tasks remaining in the queue.
2023-03-09 15:02:53,273 [grpc-default-executor-10] INFO  server.GrpcServerProtocolService (GrpcServerProtocolService.java:onCompleted(143)) - b86bebd9-3a13-457a-9b1b-8645409d7c66: Completed APPEND_ENTRIES, lastRequest: null
2023-03-09 15:02:53,273 [grpc-default-executor-14] INFO  server.GrpcServerProtocolService (GrpcServerProtocolService.java:onCompleted(143)) - ee096506-a68b-4f48-b344-eadbf7b61204: Completed APPEND_ENTRIES, lastRequest: null
2023-03-09 15:02:53,274 [Listener at 127.0.0.1/35659] INFO  server.RaftServer (RaftServerProxy.java:lambda$close$6(409)) - b86bebd9-3a13-457a-9b1b-8645409d7c66: close
2023-03-09 15:02:53,274 [b86bebd9-3a13-457a-9b1b-8645409d7c66-impl-thread1] INFO  server.RaftServer$Division (RaftServerImpl.java:lambda$close$4(458)) - b86bebd9-3a13-457a-9b1b-8645409d7c66@group-470DB026BB96: shutdown
2023-03-09 15:02:53,274 [b86bebd9-3a13-457a-9b1b-8645409d7c66-impl-thread1] INFO  util.JmxRegister (JmxRegister.java:unregister(73)) - Successfully un-registered JMX Bean with object name Ratis:service=RaftServer,group=group-470DB026BB96,id=b86bebd9-3a13-457a-9b1b-8645409d7c66
2023-03-09 15:02:53,274 [b86bebd9-3a13-457a-9b1b-8645409d7c66-impl-thread1] INFO  impl.RoleInfo (RoleInfo.java:shutdownFollowerState(110)) - b86bebd9-3a13-457a-9b1b-8645409d7c66: shutdown b86bebd9-3a13-457a-9b1b-8645409d7c66@group-470DB026BB96-FollowerState
2023-03-09 15:02:53,274 [b86bebd9-3a13-457a-9b1b-8645409d7c66-impl-thread1] INFO  impl.StateMachineUpdater (StateMachineUpdater.java:stopAndJoin(153)) - b86bebd9-3a13-457a-9b1b-8645409d7c66@group-470DB026BB96-StateMachineUpdater: set stopIndex = 0
2023-03-09 15:02:53,274 [b86bebd9-3a13-457a-9b1b-8645409d7c66@group-470DB026BB96-FollowerState] INFO  impl.FollowerState (FollowerState.java:run(152)) - b86bebd9-3a13-457a-9b1b-8645409d7c66@group-470DB026BB96-FollowerState was interrupted
2023-03-09 15:02:53,274 [grpc-default-executor-10] INFO  server.GrpcServerProtocolService (GrpcServerProtocolService.java:onCompleted(143)) - b86bebd9-3a13-457a-9b1b-8645409d7c66: Completed APPEND_ENTRIES, lastRequest: 0518bc97-31d1-4d4f-b564-52717e813075->b86bebd9-3a13-457a-9b1b-8645409d7c66#1-t1,previous=(t:0, i:0),leaderCommit=0,initializing? true,entries: size=1, first=(t:1, i:0), CONFIGURATIONENTRY(current:id: "b86bebd9-3a13-457a-9b1b-8645409d7c66"
address: "127.0.0.1:46729"
dataStreamAddress: "127.0.0.1:45541"
clientAddress: "127.0.0.1:46729"
adminAddress: "127.0.0.1:46729"
startupRole: FOLLOWER
,id: "ee096506-a68b-4f48-b344-eadbf7b61204"
address: "127.0.0.1:41907"
dataStreamAddress: "127.0.0.1:44575"
clientAddress: "127.0.0.1:41907"
adminAddress: "127.0.0.1:41907"
startupRole: FOLLOWER
,id: "0518bc97-31d1-4d4f-b564-52717e813075"
address: "127.0.0.1:37345"
priority: 1
dataStreamAddress: "127.0.0.1:43931"
clientAddress: "127.0.0.1:37345"
adminAddress: "127.0.0.1:37345"
startupRole: FOLLOWER
, old:)
2023-03-09 15:02:53,275 [b86bebd9-3a13-457a-9b1b-8645409d7c66@group-470DB026BB96-StateMachineUpdater] INFO  ratis.ContainerStateMachine (ContainerStateMachine.java:takeSnapshot(308)) - group-470DB026BB96: Taking a snapshot at:(t:1, i:0) file /home/runner/work/ozone/ozone/hadoop-ozone/integration-test/target/test-dir/MiniOzoneClusterImpl-0534e788-6c20-4d4d-bf72-3ffae63fff50/datanode-1/data/ratis/740719e3-0215-433d-bd11-470db026bb96/sm/snapshot.1_0
2023-03-09 15:02:53,276 [b86bebd9-3a13-457a-9b1b-8645409d7c66@group-470DB026BB96-StateMachineUpdater] INFO  ratis.ContainerStateMachine (ContainerStateMachine.java:takeSnapshot(319)) - group-470DB026BB96: Finished taking a snapshot at:(t:1, i:0) file:/home/runner/work/ozone/ozone/hadoop-ozone/integration-test/target/test-dir/MiniOzoneClusterImpl-0534e788-6c20-4d4d-bf72-3ffae63fff50/datanode-1/data/ratis/740719e3-0215-433d-bd11-470db026bb96/sm/snapshot.1_0 took: 1 ms
2023-03-09 15:02:53,276 [b86bebd9-3a13-457a-9b1b-8645409d7c66@group-470DB026BB96-StateMachineUpdater] INFO  impl.StateMachineUpdater (StateMachineUpdater.java:takeSnapshot(287)) - b86bebd9-3a13-457a-9b1b-8645409d7c66@group-470DB026BB96-StateMachineUpdater: Took a snapshot at index 0
2023-03-09 15:02:53,276 [b86bebd9-3a13-457a-9b1b-8645409d7c66@group-470DB026BB96-StateMachineUpdater] INFO  impl.StateMachineUpdater (StateMachineUpdater.java:lambda$new$0(92)) - b86bebd9-3a13-457a-9b1b-8645409d7c66@group-470DB026BB96-StateMachineUpdater: snapshotIndex: updateIncreasingly -1 -> 0
2023-03-09 15:02:53,276 [b86bebd9-3a13-457a-9b1b-8645409d7c66-impl-thread1] INFO  server.RaftServer$Division (ServerState.java:close(466)) - b86bebd9-3a13-457a-9b1b-8645409d7c66@group-470DB026BB96: closes. applyIndex: 0
2023-03-09 15:02:53,278 [grpc-default-executor-13] INFO  server.GrpcLogAppender (GrpcLogAppender.java:onCompleted(415)) - 0518bc97-31d1-4d4f-b564-52717e813075@group-470DB026BB96->b86bebd9-3a13-457a-9b1b-8645409d7c66-AppendLogResponseHandler: follower responses appendEntries COMPLETED
2023-03-09 15:02:53,279 [grpc-default-executor-13] WARN  server.GrpcLogAppender (GrpcLogAppender.java:resetClient(137)) - 0518bc97-31d1-4d4f-b564-52717e813075@group-470DB026BB96->b86bebd9-3a13-457a-9b1b-8645409d7c66-GrpcLogAppender: Failed to getClient for b86bebd9-3a13-457a-9b1b-8645409d7c66
org.apache.ratis.protocol.exceptions.AlreadyClosedException: 0518bc97-31d1-4d4f-b564-52717e813075 is already CLOSED
	at org.apache.ratis.util.PeerProxyMap$PeerAndProxy.getProxy(PeerProxyMap.java:61)
	at org.apache.ratis.util.PeerProxyMap.getProxy(PeerProxyMap.java:115)
	at org.apache.ratis.grpc.server.GrpcLogAppender.getClient(GrpcLogAppender.java:116)
	at org.apache.ratis.grpc.server.GrpcLogAppender.resetClient(GrpcLogAppender.java:121)
	at org.apache.ratis.grpc.server.GrpcLogAppender.access$500(GrpcLogAppender.java:58)
	at org.apache.ratis.grpc.server.GrpcLogAppender$AppendLogResponseHandler.onCompleted(GrpcLogAppender.java:416)
	at org.apache.ratis.thirdparty.io.grpc.stub.ClientCalls$StreamObserverToCallListenerAdapter.onClose(ClientCalls.java:485)
	at org.apache.ratis.thirdparty.io.grpc.internal.ClientCallImpl.closeObserver(ClientCallImpl.java:562)
	at org.apache.ratis.thirdparty.io.grpc.internal.ClientCallImpl.access$300(ClientCallImpl.java:70)
	at org.apache.ratis.thirdparty.io.grpc.internal.ClientCallImpl$ClientStreamListenerImpl$1StreamClosed.runInternal(ClientCallImpl.java:743)
	at org.apache.ratis.thirdparty.io.grpc.internal.ClientCallImpl$ClientStreamListenerImpl$1StreamClosed.runInContext(ClientCallImpl.java:722)
	at org.apache.ratis.thirdparty.io.grpc.internal.ContextRunnable.run(ContextRunnable.java:37)
	at org.apache.ratis.thirdparty.io.grpc.internal.SerializingExecutor.run(SerializingExecutor.java:133)
	at java.util.concurrent.ThreadPoolExecutor.runWorker(ThreadPoolExecutor.java:1149)
	at java.util.concurrent.ThreadPoolExecutor$Worker.run(ThreadPoolExecutor.java:624)
	at java.lang.Thread.run(Thread.java:750)
2023-03-09 15:02:53,274 [grpc-default-executor-12] INFO  server.GrpcServerProtocolService (GrpcServerProtocolService.java:onCompleted(143)) - ee096506-a68b-4f48-b344-eadbf7b61204: Completed APPEND_ENTRIES, lastRequest: 0518bc97-31d1-4d4f-b564-52717e813075->ee096506-a68b-4f48-b344-eadbf7b61204#1-t1,previous=(t:0, i:0),leaderCommit=0,initializing? true,entries: size=1, first=(t:1, i:0), CONFIGURATIONENTRY(current:id: "b86bebd9-3a13-457a-9b1b-8645409d7c66"
address: "127.0.0.1:46729"
dataStreamAddress: "127.0.0.1:45541"
clientAddress: "127.0.0.1:46729"
adminAddress: "127.0.0.1:46729"
startupRole: FOLLOWER
,id: "ee096506-a68b-4f48-b344-eadbf7b61204"
address: "127.0.0.1:41907"
dataStreamAddress: "127.0.0.1:44575"
clientAddress: "127.0.0.1:41907"
adminAddress: "127.0.0.1:41907"
startupRole: FOLLOWER
,id: "0518bc97-31d1-4d4f-b564-52717e813075"
address: "127.0.0.1:37345"
priority: 1
dataStreamAddress: "127.0.0.1:43931"
clientAddress: "127.0.0.1:37345"
adminAddress: "127.0.0.1:37345"
startupRole: FOLLOWER
, old:)
2023-03-09 15:02:53,280 [0518bc97-31d1-4d4f-b564-52717e813075-impl-thread3] INFO  segmented.SegmentedRaftLogWorker (SegmentedRaftLogWorker.java:close(257)) - 0518bc97-31d1-4d4f-b564-52717e813075@group-70735C1B44CC-SegmentedRaftLogWorker close()
2023-03-09 15:02:53,280 [EndpointStateMachine task thread for /127.0.0.1:35467 - 0 ] INFO  ipc.Client (Client.java:handleConnectionFailure(1010)) - Retrying connect to server: localhost/127.0.0.1:35467. Already tried 13 time(s); retry policy is RetryUpToMaximumCountWithFixedSleep(maxRetries=15, sleepTime=1000 MILLISECONDS)
2023-03-09 15:02:53,283 [b86bebd9-3a13-457a-9b1b-8645409d7c66-impl-thread2] INFO  server.RaftServer$Division (RaftServerImpl.java:lambda$close$4(458)) - b86bebd9-3a13-457a-9b1b-8645409d7c66@group-FF96C4C29D8B: shutdown
2023-03-09 15:02:53,283 [b86bebd9-3a13-457a-9b1b-8645409d7c66-impl-thread2] INFO  util.JmxRegister (JmxRegister.java:unregister(73)) - Successfully un-registered JMX Bean with object name Ratis:service=RaftServer,group=group-FF96C4C29D8B,id=b86bebd9-3a13-457a-9b1b-8645409d7c66
2023-03-09 15:02:53,283 [b86bebd9-3a13-457a-9b1b-8645409d7c66-impl-thread2] INFO  impl.RoleInfo (RoleInfo.java:shutdownLeaderState(93)) - b86bebd9-3a13-457a-9b1b-8645409d7c66: shutdown b86bebd9-3a13-457a-9b1b-8645409d7c66@group-FF96C4C29D8B-LeaderStateImpl
2023-03-09 15:02:53,283 [b86bebd9-3a13-457a-9b1b-8645409d7c66-impl-thread2] INFO  impl.PendingRequests (PendingRequests.java:sendNotLeaderResponses(282)) - b86bebd9-3a13-457a-9b1b-8645409d7c66@group-FF96C4C29D8B-PendingRequests: sendNotLeaderResponses
2023-03-09 15:02:53,283 [Listener at 127.0.0.1/35659] INFO  server.GrpcService (GrpcService.java:closeImpl(271)) - b86bebd9-3a13-457a-9b1b-8645409d7c66: shutdown server GrpcServerProtocolService now
2023-03-09 15:02:53,284 [b86bebd9-3a13-457a-9b1b-8645409d7c66-impl-thread3] INFO  server.RaftServer$Division (RaftServerImpl.java:lambda$close$4(458)) - b86bebd9-3a13-457a-9b1b-8645409d7c66@group-70735C1B44CC: shutdown
2023-03-09 15:02:53,290 [b86bebd9-3a13-457a-9b1b-8645409d7c66-impl-thread3] INFO  util.JmxRegister (JmxRegister.java:unregister(73)) - Successfully un-registered JMX Bean with object name Ratis:service=RaftServer,group=group-70735C1B44CC,id=b86bebd9-3a13-457a-9b1b-8645409d7c66
2023-03-09 15:02:53,290 [b86bebd9-3a13-457a-9b1b-8645409d7c66-impl-thread3] INFO  impl.RoleInfo (RoleInfo.java:shutdownFollowerState(110)) - b86bebd9-3a13-457a-9b1b-8645409d7c66: shutdown b86bebd9-3a13-457a-9b1b-8645409d7c66@group-70735C1B44CC-FollowerState
2023-03-09 15:02:53,291 [b86bebd9-3a13-457a-9b1b-8645409d7c66@group-70735C1B44CC-FollowerState] INFO  impl.FollowerState (FollowerState.java:run(152)) - b86bebd9-3a13-457a-9b1b-8645409d7c66@group-70735C1B44CC-FollowerState was interrupted
2023-03-09 15:02:53,291 [b86bebd9-3a13-457a-9b1b-8645409d7c66-impl-thread3] INFO  impl.StateMachineUpdater (StateMachineUpdater.java:stopAndJoin(153)) - b86bebd9-3a13-457a-9b1b-8645409d7c66@group-70735C1B44CC-StateMachineUpdater: set stopIndex = 0
2023-03-09 15:02:53,291 [0518bc97-31d1-4d4f-b564-52717e813075-impl-thread2] INFO  segmented.SegmentedRaftLogWorker (SegmentedRaftLogWorker.java:close(257)) - 0518bc97-31d1-4d4f-b564-52717e813075@group-82A1BD17106F-SegmentedRaftLogWorker close()
2023-03-09 15:02:53,291 [b86bebd9-3a13-457a-9b1b-8645409d7c66@group-70735C1B44CC-StateMachineUpdater] INFO  ratis.ContainerStateMachine (ContainerStateMachine.java:takeSnapshot(308)) - group-70735C1B44CC: Taking a snapshot at:(t:1, i:0) file /home/runner/work/ozone/ozone/hadoop-ozone/integration-test/target/test-dir/MiniOzoneClusterImpl-0534e788-6c20-4d4d-bf72-3ffae63fff50/datanode-1/data/ratis/e2499cd2-36da-4a0e-b3b5-70735c1b44cc/sm/snapshot.1_0
2023-03-09 15:02:53,295 [grpc-default-executor-11] INFO  server.GrpcLogAppender (GrpcLogAppender.java:onCompleted(415)) - 0518bc97-31d1-4d4f-b564-52717e813075@group-470DB026BB96->b86bebd9-3a13-457a-9b1b-8645409d7c66-AppendLogResponseHandler: follower responses appendEntries COMPLETED
2023-03-09 15:02:53,295 [grpc-default-executor-11] WARN  server.GrpcLogAppender (GrpcLogAppender.java:resetClient(137)) - 0518bc97-31d1-4d4f-b564-52717e813075@group-470DB026BB96->b86bebd9-3a13-457a-9b1b-8645409d7c66-GrpcLogAppender: Failed to getClient for b86bebd9-3a13-457a-9b1b-8645409d7c66
org.apache.ratis.protocol.exceptions.AlreadyClosedException: 0518bc97-31d1-4d4f-b564-52717e813075 is already CLOSED
	at org.apache.ratis.util.PeerProxyMap$PeerAndProxy.getProxy(PeerProxyMap.java:61)
	at org.apache.ratis.util.PeerProxyMap.getProxy(PeerProxyMap.java:115)
	at org.apache.ratis.grpc.server.GrpcLogAppender.getClient(GrpcLogAppender.java:116)
	at org.apache.ratis.grpc.server.GrpcLogAppender.resetClient(GrpcLogAppender.java:121)
	at org.apache.ratis.grpc.server.GrpcLogAppender.access$500(GrpcLogAppender.java:58)
	at org.apache.ratis.grpc.server.GrpcLogAppender$AppendLogResponseHandler.onCompleted(GrpcLogAppender.java:416)
	at org.apache.ratis.thirdparty.io.grpc.stub.ClientCalls$StreamObserverToCallListenerAdapter.onClose(ClientCalls.java:485)
	at org.apache.ratis.thirdparty.io.grpc.internal.DelayedClientCall$DelayedListener$3.run(DelayedClientCall.java:468)
	at org.apache.ratis.thirdparty.io.grpc.internal.DelayedClientCall$DelayedListener.delayOrExecute(DelayedClientCall.java:432)
	at org.apache.ratis.thirdparty.io.grpc.internal.DelayedClientCall$DelayedListener.onClose(DelayedClientCall.java:465)
	at org.apache.ratis.thirdparty.io.grpc.internal.ClientCallImpl.closeObserver(ClientCallImpl.java:562)
	at org.apache.ratis.thirdparty.io.grpc.internal.ClientCallImpl.access$300(ClientCallImpl.java:70)
	at org.apache.ratis.thirdparty.io.grpc.internal.ClientCallImpl$ClientStreamListenerImpl$1StreamClosed.runInternal(ClientCallImpl.java:743)
	at org.apache.ratis.thirdparty.io.grpc.internal.ClientCallImpl$ClientStreamListenerImpl$1StreamClosed.runInContext(ClientCallImpl.java:722)
	at org.apache.ratis.thirdparty.io.grpc.internal.ContextRunnable.run(ContextRunnable.java:37)
	at org.apache.ratis.thirdparty.io.grpc.internal.SerializingExecutor.run(SerializingExecutor.java:133)
	at java.util.concurrent.ThreadPoolExecutor.runWorker(ThreadPoolExecutor.java:1149)
	at java.util.concurrent.ThreadPoolExecutor$Worker.run(ThreadPoolExecutor.java:624)
	at java.lang.Thread.run(Thread.java:750)
2023-03-09 15:02:53,295 [grpc-default-executor-14] INFO  server.GrpcLogAppender (GrpcLogAppender.java:onCompleted(415)) - 0518bc97-31d1-4d4f-b564-52717e813075@group-470DB026BB96->ee096506-a68b-4f48-b344-eadbf7b61204-AppendLogResponseHandler: follower responses appendEntries COMPLETED
2023-03-09 15:02:53,295 [grpc-default-executor-14] INFO  leader.FollowerInfo (FollowerInfoImpl.java:lambda$new$0(48)) - 0518bc97-31d1-4d4f-b564-52717e813075@group-470DB026BB96->ee096506-a68b-4f48-b344-eadbf7b61204: nextIndex: updateUnconditionally 1 -> 0
2023-03-09 15:02:53,296 [b86bebd9-3a13-457a-9b1b-8645409d7c66-impl-thread1] INFO  segmented.SegmentedRaftLogWorker (SegmentedRaftLogWorker.java:close(257)) - b86bebd9-3a13-457a-9b1b-8645409d7c66@group-470DB026BB96-SegmentedRaftLogWorker close()
2023-03-09 15:02:53,296 [grpc-default-executor-6] INFO  server.GrpcLogAppender (GrpcLogAppender.java:onCompleted(415)) - 0518bc97-31d1-4d4f-b564-52717e813075@group-470DB026BB96->ee096506-a68b-4f48-b344-eadbf7b61204-AppendLogResponseHandler: follower responses appendEntries COMPLETED
2023-03-09 15:02:53,296 [grpc-default-executor-6] INFO  leader.FollowerInfo (FollowerInfoImpl.java:lambda$new$0(48)) - 0518bc97-31d1-4d4f-b564-52717e813075@group-470DB026BB96->ee096506-a68b-4f48-b344-eadbf7b61204: nextIndex: updateUnconditionally 0 -> 0
2023-03-09 15:02:53,296 [0518bc97-31d1-4d4f-b564-52717e813075-impl-thread1] INFO  segmented.SegmentedRaftLogWorker (SegmentedRaftLogWorker.java:close(257)) - 0518bc97-31d1-4d4f-b564-52717e813075@group-470DB026BB96-SegmentedRaftLogWorker close()
2023-03-09 15:02:53,297 [Listener at 127.0.0.1/35659] INFO  server.GrpcServerProtocolClient (GrpcServerProtocolClient.java:close(101)) - ee096506-a68b-4f48-b344-eadbf7b61204 Close channels
2023-03-09 15:02:53,297 [grpc-default-executor-15] WARN  server.GrpcClientProtocolService (LogUtils.java:warn(122)) - 0-OrderedRequestStreamObserver0: onError: org.apache.ratis.thirdparty.io.grpc.StatusRuntimeException: CANCELLED: client cancelled
2023-03-09 15:02:53,300 [b86bebd9-3a13-457a-9b1b-8645409d7c66@group-70735C1B44CC-StateMachineUpdater] INFO  ratis.ContainerStateMachine (ContainerStateMachine.java:takeSnapshot(319)) - group-70735C1B44CC: Finished taking a snapshot at:(t:1, i:0) file:/home/runner/work/ozone/ozone/hadoop-ozone/integration-test/target/test-dir/MiniOzoneClusterImpl-0534e788-6c20-4d4d-bf72-3ffae63fff50/datanode-1/data/ratis/e2499cd2-36da-4a0e-b3b5-70735c1b44cc/sm/snapshot.1_0 took: 9 ms
2023-03-09 15:02:53,301 [b86bebd9-3a13-457a-9b1b-8645409d7c66@group-70735C1B44CC-StateMachineUpdater] INFO  impl.StateMachineUpdater (StateMachineUpdater.java:takeSnapshot(287)) - b86bebd9-3a13-457a-9b1b-8645409d7c66@group-70735C1B44CC-StateMachineUpdater: Took a snapshot at index 0
2023-03-09 15:02:53,301 [b86bebd9-3a13-457a-9b1b-8645409d7c66-impl-thread2] INFO  impl.StateMachineUpdater (StateMachineUpdater.java:stopAndJoin(153)) - b86bebd9-3a13-457a-9b1b-8645409d7c66@group-FF96C4C29D8B-StateMachineUpdater: set stopIndex = 4
2023-03-09 15:02:53,301 [b86bebd9-3a13-457a-9b1b-8645409d7c66@group-FF96C4C29D8B-StateMachineUpdater] INFO  ratis.ContainerStateMachine (ContainerStateMachine.java:takeSnapshot(308)) - group-FF96C4C29D8B: Taking a snapshot at:(t:1, i:4) file /home/runner/work/ozone/ozone/hadoop-ozone/integration-test/target/test-dir/MiniOzoneClusterImpl-0534e788-6c20-4d4d-bf72-3ffae63fff50/datanode-1/data/ratis/9d90f99f-a78a-4d74-aaa9-ff96c4c29d8b/sm/snapshot.1_4
2023-03-09 15:02:53,301 [b86bebd9-3a13-457a-9b1b-8645409d7c66@group-70735C1B44CC-StateMachineUpdater] INFO  impl.StateMachineUpdater (StateMachineUpdater.java:lambda$new$0(92)) - b86bebd9-3a13-457a-9b1b-8645409d7c66@group-70735C1B44CC-StateMachineUpdater: snapshotIndex: updateIncreasingly -1 -> 0
2023-03-09 15:02:53,302 [b86bebd9-3a13-457a-9b1b-8645409d7c66@group-FF96C4C29D8B-StateMachineUpdater] INFO  ratis.ContainerStateMachine (ContainerStateMachine.java:takeSnapshot(319)) - group-FF96C4C29D8B: Finished taking a snapshot at:(t:1, i:4) file:/home/runner/work/ozone/ozone/hadoop-ozone/integration-test/target/test-dir/MiniOzoneClusterImpl-0534e788-6c20-4d4d-bf72-3ffae63fff50/datanode-1/data/ratis/9d90f99f-a78a-4d74-aaa9-ff96c4c29d8b/sm/snapshot.1_4 took: 0 ms
2023-03-09 15:02:53,303 [b86bebd9-3a13-457a-9b1b-8645409d7c66@group-FF96C4C29D8B-StateMachineUpdater] INFO  impl.StateMachineUpdater (StateMachineUpdater.java:takeSnapshot(287)) - b86bebd9-3a13-457a-9b1b-8645409d7c66@group-FF96C4C29D8B-StateMachineUpdater: Took a snapshot at index 4
2023-03-09 15:02:53,303 [b86bebd9-3a13-457a-9b1b-8645409d7c66@group-FF96C4C29D8B-StateMachineUpdater] INFO  impl.StateMachineUpdater (StateMachineUpdater.java:lambda$new$0(92)) - b86bebd9-3a13-457a-9b1b-8645409d7c66@group-FF96C4C29D8B-StateMachineUpdater: snapshotIndex: updateIncreasingly -1 -> 4
2023-03-09 15:02:53,303 [b86bebd9-3a13-457a-9b1b-8645409d7c66-impl-thread2] INFO  server.RaftServer$Division (ServerState.java:close(466)) - b86bebd9-3a13-457a-9b1b-8645409d7c66@group-FF96C4C29D8B: closes. applyIndex: 4
2023-03-09 15:02:53,303 [b86bebd9-3a13-457a-9b1b-8645409d7c66@group-FF96C4C29D8B-SegmentedRaftLogWorker] INFO  segmented.SegmentedRaftLogWorker (SegmentedRaftLogWorker.java:run(347)) - b86bebd9-3a13-457a-9b1b-8645409d7c66@group-FF96C4C29D8B-SegmentedRaftLogWorker was interrupted, exiting. There are 0 tasks remaining in the queue.
2023-03-09 15:02:53,304 [b86bebd9-3a13-457a-9b1b-8645409d7c66-impl-thread2] INFO  segmented.SegmentedRaftLogWorker (SegmentedRaftLogWorker.java:close(257)) - b86bebd9-3a13-457a-9b1b-8645409d7c66@group-FF96C4C29D8B-SegmentedRaftLogWorker close()
2023-03-09 15:02:53,305 [b86bebd9-3a13-457a-9b1b-8645409d7c66-impl-thread3] INFO  server.RaftServer$Division (ServerState.java:close(466)) - b86bebd9-3a13-457a-9b1b-8645409d7c66@group-70735C1B44CC: closes. applyIndex: 0
2023-03-09 15:02:53,305 [b86bebd9-3a13-457a-9b1b-8645409d7c66@group-70735C1B44CC-SegmentedRaftLogWorker] INFO  segmented.SegmentedRaftLogWorker (SegmentedRaftLogWorker.java:run(347)) - b86bebd9-3a13-457a-9b1b-8645409d7c66@group-70735C1B44CC-SegmentedRaftLogWorker was interrupted, exiting. There are 0 tasks remaining in the queue.
2023-03-09 15:02:53,306 [b86bebd9-3a13-457a-9b1b-8645409d7c66-impl-thread3] INFO  segmented.SegmentedRaftLogWorker (SegmentedRaftLogWorker.java:close(257)) - b86bebd9-3a13-457a-9b1b-8645409d7c66@group-70735C1B44CC-SegmentedRaftLogWorker close()
2023-03-09 15:02:53,312 [grpc-default-executor-10] WARN  server.GrpcServerProtocolService (LogUtils.java:warn(122)) - b86bebd9-3a13-457a-9b1b-8645409d7c66: installSnapshot onError, lastRequest: ee096506-a68b-4f48-b344-eadbf7b61204->b86bebd9-3a13-457a-9b1b-8645409d7c66#1-t1,previous=(t:0, i:0),leaderCommit=0,initializing? true,entries: size=1, first=(t:1, i:0), CONFIGURATIONENTRY(current:id: "b86bebd9-3a13-457a-9b1b-8645409d7c66"
address: "127.0.0.1:46729"
dataStreamAddress: "127.0.0.1:45541"
clientAddress: "127.0.0.1:46729"
adminAddress: "127.0.0.1:46729"
startupRole: FOLLOWER
,id: "ee096506-a68b-4f48-b344-eadbf7b61204"
address: "127.0.0.1:41907"
priority: 1
dataStreamAddress: "127.0.0.1:44575"
clientAddress: "127.0.0.1:41907"
adminAddress: "127.0.0.1:41907"
startupRole: FOLLOWER
,id: "0518bc97-31d1-4d4f-b564-52717e813075"
address: "127.0.0.1:37345"
dataStreamAddress: "127.0.0.1:43931"
clientAddress: "127.0.0.1:37345"
adminAddress: "127.0.0.1:37345"
startupRole: FOLLOWER
, old:): org.apache.ratis.thirdparty.io.grpc.StatusRuntimeException: CANCELLED: client cancelled
2023-03-09 15:02:53,314 [grpc-default-executor-11] WARN  server.GrpcServerProtocolService (LogUtils.java:warn(122)) - b86bebd9-3a13-457a-9b1b-8645409d7c66: installSnapshot onError, lastRequest: null: org.apache.ratis.thirdparty.io.grpc.StatusRuntimeException: CANCELLED: client cancelled
2023-03-09 15:02:53,327 [grpc-default-executor-10] WARN  server.GrpcLogAppender (LogUtils.java:warn(122)) - ee096506-a68b-4f48-b344-eadbf7b61204@group-70735C1B44CC->b86bebd9-3a13-457a-9b1b-8645409d7c66-AppendLogResponseHandler: Failed appendEntries: org.apache.ratis.thirdparty.io.grpc.StatusRuntimeException: CANCELLED: RST_STREAM closed stream. HTTP/2 error code: CANCEL
2023-03-09 15:02:53,327 [grpc-default-executor-10] WARN  server.GrpcLogAppender (GrpcLogAppender.java:resetClient(131)) - ee096506-a68b-4f48-b344-eadbf7b61204@group-70735C1B44CC->b86bebd9-3a13-457a-9b1b-8645409d7c66-GrpcLogAppender: Leader has not got in touch with Follower ee096506-a68b-4f48-b344-eadbf7b61204@group-70735C1B44CC->b86bebd9-3a13-457a-9b1b-8645409d7c66(c0,m0,n1, attendVote=true, lastRpcSendTime=1857, lastRpcResponseTime=1854) yet, just keep nextIndex unchanged and retry.
2023-03-09 15:02:53,329 [grpc-default-executor-15] WARN  server.GrpcLogAppender (LogUtils.java:warn(122)) - ee096506-a68b-4f48-b344-eadbf7b61204@group-70735C1B44CC->b86bebd9-3a13-457a-9b1b-8645409d7c66-AppendLogResponseHandler: Failed appendEntries: org.apache.ratis.thirdparty.io.grpc.StatusRuntimeException: CANCELLED: RST_STREAM closed stream. HTTP/2 error code: CANCEL
2023-03-09 15:02:53,329 [grpc-default-executor-15] WARN  server.GrpcLogAppender (GrpcLogAppender.java:resetClient(131)) - ee096506-a68b-4f48-b344-eadbf7b61204@group-70735C1B44CC->b86bebd9-3a13-457a-9b1b-8645409d7c66-GrpcLogAppender: Leader has not got in touch with Follower ee096506-a68b-4f48-b344-eadbf7b61204@group-70735C1B44CC->b86bebd9-3a13-457a-9b1b-8645409d7c66(c0,m0,n1, attendVote=true, lastRpcSendTime=1860, lastRpcResponseTime=1856) yet, just keep nextIndex unchanged and retry.
2023-03-09 15:02:53,329 [ForkJoinPool.commonPool-worker-0] INFO  server.GrpcServerProtocolClient (GrpcServerProtocolClient.java:close(101)) - ee096506-a68b-4f48-b344-eadbf7b61204 Close channels
2023-03-09 15:02:53,329 [Listener at 127.0.0.1/35659] INFO  server.GrpcServerProtocolClient (GrpcServerProtocolClient.java:close(101)) - 0518bc97-31d1-4d4f-b564-52717e813075 Close channels
2023-03-09 15:02:53,342 [Listener at 127.0.0.1/35659] INFO  server.GrpcService (GrpcService.java:closeImpl(280)) - b86bebd9-3a13-457a-9b1b-8645409d7c66: shutdown server GrpcServerProtocolService successfully
2023-03-09 15:02:53,343 [ForkJoinPool.commonPool-worker-0] INFO  server.GrpcService (GrpcService.java:closeImpl(280)) - 0518bc97-31d1-4d4f-b564-52717e813075: shutdown server GrpcServerProtocolService successfully
2023-03-09 15:02:53,343 [0518bc97-31d1-4d4f-b564-52717e813075-NettyServerStreamRpc-bossGroup--thread1] INFO  logging.LoggingHandler (AbstractInternalLogger.java:log(148)) - [id: 0xab523fd0, L:/0:0:0:0:0:0:0:0:43931] CLOSE
2023-03-09 15:02:53,343 [0518bc97-31d1-4d4f-b564-52717e813075-NettyServerStreamRpc-bossGroup--thread1] INFO  logging.LoggingHandler (AbstractInternalLogger.java:log(148)) - [id: 0xab523fd0, L:/0:0:0:0:0:0:0:0:43931] INACTIVE
2023-03-09 15:02:53,343 [0518bc97-31d1-4d4f-b564-52717e813075-NettyServerStreamRpc-bossGroup--thread1] INFO  logging.LoggingHandler (AbstractInternalLogger.java:log(148)) - [id: 0xab523fd0, L:/0:0:0:0:0:0:0:0:43931] UNREGISTERED
2023-03-09 15:02:53,345 [JvmPauseMonitor46] INFO  util.JvmPauseMonitor (JvmPauseMonitor.java:run(111)) - JvmPauseMonitor-0518bc97-31d1-4d4f-b564-52717e813075: Stopped
2023-03-09 15:02:53,348 [b86bebd9-3a13-457a-9b1b-8645409d7c66-NettyServerStreamRpc-bossGroup--thread1] INFO  logging.LoggingHandler (AbstractInternalLogger.java:log(148)) - [id: 0xcc9695e2, L:/0:0:0:0:0:0:0:0:45541] CLOSE
2023-03-09 15:02:53,349 [b86bebd9-3a13-457a-9b1b-8645409d7c66-NettyServerStreamRpc-bossGroup--thread1] INFO  logging.LoggingHandler (AbstractInternalLogger.java:log(148)) - [id: 0xcc9695e2, L:/0:0:0:0:0:0:0:0:45541] INACTIVE
2023-03-09 15:02:53,349 [b86bebd9-3a13-457a-9b1b-8645409d7c66-NettyServerStreamRpc-bossGroup--thread1] INFO  logging.LoggingHandler (AbstractInternalLogger.java:log(148)) - [id: 0xcc9695e2, L:/0:0:0:0:0:0:0:0:45541] UNREGISTERED
2023-03-09 15:02:53,418 [JvmPauseMonitor47] INFO  util.JvmPauseMonitor (JvmPauseMonitor.java:run(111)) - JvmPauseMonitor-b86bebd9-3a13-457a-9b1b-8645409d7c66: Stopped
2023-03-09 15:02:53,714 [EndpointStateMachine task thread for /127.0.0.1:35345 - 0 ] WARN  statemachine.EndpointStateMachine (EndpointStateMachine.java:logIfNeeded(242)) - Unable to communicate to SCM server at 127.0.0.1:35345 for past 0 seconds.
java.io.EOFException: End of File Exception between local host is: "fv-az377-502/10.1.0.44"; destination host is: "localhost":35345; : java.io.EOFException; For more details see:  http://wiki.apache.org/hadoop/EOFException
	at sun.reflect.NativeConstructorAccessorImpl.newInstance0(Native Method)
	at sun.reflect.NativeConstructorAccessorImpl.newInstance(NativeConstructorAccessorImpl.java:62)
	at sun.reflect.DelegatingConstructorAccessorImpl.newInstance(DelegatingConstructorAccessorImpl.java:45)
	at java.lang.reflect.Constructor.newInstance(Constructor.java:423)
	at org.apache.hadoop.net.NetUtils.wrapWithMessage(NetUtils.java:913)
	at org.apache.hadoop.net.NetUtils.wrapException(NetUtils.java:862)
	at org.apache.hadoop.ipc.Client.getRpcResponse(Client.java:1616)
	at org.apache.hadoop.ipc.Client.call(Client.java:1558)
	at org.apache.hadoop.ipc.Client.call(Client.java:1455)
	at org.apache.hadoop.ipc.ProtobufRpcEngine$Invoker.invoke(ProtobufRpcEngine.java:235)
	at org.apache.hadoop.ipc.ProtobufRpcEngine$Invoker.invoke(ProtobufRpcEngine.java:122)
	at com.sun.proxy.$Proxy54.submitRequest(Unknown Source)
	at org.apache.hadoop.ozone.protocolPB.StorageContainerDatanodeProtocolClientSideTranslatorPB.submitRequest(StorageContainerDatanodeProtocolClientSideTranslatorPB.java:117)
	at org.apache.hadoop.ozone.protocolPB.StorageContainerDatanodeProtocolClientSideTranslatorPB.sendHeartbeat(StorageContainerDatanodeProtocolClientSideTranslatorPB.java:149)
	at org.apache.hadoop.ozone.container.common.states.endpoint.HeartbeatEndpointTask.call(HeartbeatEndpointTask.java:185)
	at org.apache.hadoop.ozone.container.common.states.endpoint.HeartbeatEndpointTask.call(HeartbeatEndpointTask.java:87)
	at java.util.concurrent.FutureTask.run(FutureTask.java:266)
	at java.util.concurrent.ThreadPoolExecutor.runWorker(ThreadPoolExecutor.java:1149)
	at java.util.concurrent.ThreadPoolExecutor$Worker.run(ThreadPoolExecutor.java:624)
	at java.lang.Thread.run(Thread.java:750)
Caused by: java.io.EOFException
	at java.io.DataInputStream.readInt(DataInputStream.java:392)
	at org.apache.hadoop.ipc.Client$IpcStreams.readResponse(Client.java:1922)
	at org.apache.hadoop.ipc.Client$Connection.receiveRpcResponse(Client.java:1238)
	at org.apache.hadoop.ipc.Client$Connection.run(Client.java:1134)
2023-03-09 15:02:53,738 [EndpointStateMachine task thread for /127.0.0.1:33275 - 0 ] INFO  ipc.Client (Client.java:handleConnectionFailure(1010)) - Retrying connect to server: localhost/127.0.0.1:33275. Already tried 5 time(s); retry policy is RetryUpToMaximumCountWithFixedSleep(maxRetries=15, sleepTime=1000 MILLISECONDS)
2023-03-09 15:02:53,979 [grpc-default-executor-11] WARN  server.GrpcLogAppender (LogUtils.java:warn(122)) - ee096506-a68b-4f48-b344-eadbf7b61204@group-70735C1B44CC->b86bebd9-3a13-457a-9b1b-8645409d7c66-AppendLogResponseHandler: Failed appendEntries: org.apache.ratis.thirdparty.io.grpc.StatusRuntimeException: UNAVAILABLE: io exception
2023-03-09 15:02:53,979 [grpc-default-executor-15] WARN  server.GrpcLogAppender (LogUtils.java:warn(122)) - ee096506-a68b-4f48-b344-eadbf7b61204@group-70735C1B44CC->b86bebd9-3a13-457a-9b1b-8645409d7c66-AppendLogResponseHandler: Failed appendEntries: org.apache.ratis.thirdparty.io.grpc.StatusRuntimeException: UNAVAILABLE: io exception
2023-03-09 15:02:53,980 [grpc-default-executor-11] WARN  server.GrpcLogAppender (GrpcLogAppender.java:resetClient(131)) - ee096506-a68b-4f48-b344-eadbf7b61204@group-70735C1B44CC->b86bebd9-3a13-457a-9b1b-8645409d7c66-GrpcLogAppender: Leader has not got in touch with Follower ee096506-a68b-4f48-b344-eadbf7b61204@group-70735C1B44CC->b86bebd9-3a13-457a-9b1b-8645409d7c66(c0,m0,n1, attendVote=true, lastRpcSendTime=5, lastRpcResponseTime=2507) yet, just keep nextIndex unchanged and retry.
2023-03-09 15:02:53,980 [grpc-default-executor-15] WARN  server.GrpcLogAppender (GrpcLogAppender.java:resetClient(131)) - ee096506-a68b-4f48-b344-eadbf7b61204@group-70735C1B44CC->b86bebd9-3a13-457a-9b1b-8645409d7c66-GrpcLogAppender: Leader has not got in touch with Follower ee096506-a68b-4f48-b344-eadbf7b61204@group-70735C1B44CC->b86bebd9-3a13-457a-9b1b-8645409d7c66(c0,m0,n1, attendVote=true, lastRpcSendTime=6, lastRpcResponseTime=2507) yet, just keep nextIndex unchanged and retry.
2023-03-09 15:02:53,982 [grpc-default-executor-10] WARN  server.GrpcLogAppender (LogUtils.java:warn(122)) - ee096506-a68b-4f48-b344-eadbf7b61204@group-70735C1B44CC->0518bc97-31d1-4d4f-b564-52717e813075-AppendLogResponseHandler: Failed appendEntries: org.apache.ratis.thirdparty.io.grpc.StatusRuntimeException: UNAVAILABLE: io exception
2023-03-09 15:02:53,982 [grpc-default-executor-10] WARN  server.GrpcLogAppender (GrpcLogAppender.java:resetClient(131)) - ee096506-a68b-4f48-b344-eadbf7b61204@group-70735C1B44CC->0518bc97-31d1-4d4f-b564-52717e813075-GrpcLogAppender: Leader has not got in touch with Follower ee096506-a68b-4f48-b344-eadbf7b61204@group-70735C1B44CC->0518bc97-31d1-4d4f-b564-52717e813075(c0,m0,n1, attendVote=true, lastRpcSendTime=1, lastRpcResponseTime=2506) yet, just keep nextIndex unchanged and retry.
2023-03-09 15:02:53,982 [grpc-default-executor-15] WARN  server.GrpcLogAppender (LogUtils.java:warn(122)) - ee096506-a68b-4f48-b344-eadbf7b61204@group-70735C1B44CC->0518bc97-31d1-4d4f-b564-52717e813075-AppendLogResponseHandler: Failed appendEntries: org.apache.ratis.thirdparty.io.grpc.StatusRuntimeException: UNAVAILABLE: io exception
2023-03-09 15:02:53,983 [grpc-default-executor-15] WARN  server.GrpcLogAppender (GrpcLogAppender.java:resetClient(131)) - ee096506-a68b-4f48-b344-eadbf7b61204@group-70735C1B44CC->0518bc97-31d1-4d4f-b564-52717e813075-GrpcLogAppender: Leader has not got in touch with Follower ee096506-a68b-4f48-b344-eadbf7b61204@group-70735C1B44CC->0518bc97-31d1-4d4f-b564-52717e813075(c0,m0,n1, attendVote=true, lastRpcSendTime=1, lastRpcResponseTime=2506) yet, just keep nextIndex unchanged and retry.
2023-03-09 15:02:54,281 [EndpointStateMachine task thread for /127.0.0.1:35467 - 0 ] INFO  ipc.Client (Client.java:handleConnectionFailure(1010)) - Retrying connect to server: localhost/127.0.0.1:35467. Already tried 14 time(s); retry policy is RetryUpToMaximumCountWithFixedSleep(maxRetries=15, sleepTime=1000 MILLISECONDS)
2023-03-09 15:02:54,282 [EndpointStateMachine task thread for /127.0.0.1:35467 - 0 ] WARN  statemachine.EndpointStateMachine (EndpointStateMachine.java:logIfNeeded(242)) - Unable to communicate to SCM server at localhost:35467 for past 0 seconds.
java.net.ConnectException: Call From fv-az377-502/10.1.0.44 to localhost:35467 failed on connection exception: java.net.ConnectException: Connection refused; For more details see:  http://wiki.apache.org/hadoop/ConnectionRefused
	at sun.reflect.GeneratedConstructorAccessor79.newInstance(Unknown Source)
	at sun.reflect.DelegatingConstructorAccessorImpl.newInstance(DelegatingConstructorAccessorImpl.java:45)
	at java.lang.reflect.Constructor.newInstance(Constructor.java:423)
	at org.apache.hadoop.net.NetUtils.wrapWithMessage(NetUtils.java:913)
	at org.apache.hadoop.net.NetUtils.wrapException(NetUtils.java:828)
	at org.apache.hadoop.ipc.Client.getRpcResponse(Client.java:1616)
	at org.apache.hadoop.ipc.Client.call(Client.java:1558)
	at org.apache.hadoop.ipc.Client.call(Client.java:1455)
	at org.apache.hadoop.ipc.ProtobufRpcEngine$Invoker.invoke(ProtobufRpcEngine.java:235)
	at org.apache.hadoop.ipc.ProtobufRpcEngine$Invoker.invoke(ProtobufRpcEngine.java:122)
	at com.sun.proxy.$Proxy54.submitRequest(Unknown Source)
	at org.apache.hadoop.ozone.protocolPB.StorageContainerDatanodeProtocolClientSideTranslatorPB.submitRequest(StorageContainerDatanodeProtocolClientSideTranslatorPB.java:117)
	at org.apache.hadoop.ozone.protocolPB.StorageContainerDatanodeProtocolClientSideTranslatorPB.sendHeartbeat(StorageContainerDatanodeProtocolClientSideTranslatorPB.java:149)
	at org.apache.hadoop.ozone.container.common.states.endpoint.HeartbeatEndpointTask.call(HeartbeatEndpointTask.java:185)
	at org.apache.hadoop.ozone.container.common.states.endpoint.HeartbeatEndpointTask.call(HeartbeatEndpointTask.java:87)
	at java.util.concurrent.FutureTask.run(FutureTask.java:266)
	at java.util.concurrent.ThreadPoolExecutor.runWorker(ThreadPoolExecutor.java:1149)
	at java.util.concurrent.ThreadPoolExecutor$Worker.run(ThreadPoolExecutor.java:624)
	at java.lang.Thread.run(Thread.java:750)
Caused by: java.net.ConnectException: Connection refused
	at sun.nio.ch.SocketChannelImpl.checkConnect(Native Method)
	at sun.nio.ch.SocketChannelImpl.finishConnect(SocketChannelImpl.java:716)
	at org.apache.hadoop.net.SocketIOWithTimeout.connect(SocketIOWithTimeout.java:205)
	at org.apache.hadoop.net.NetUtils.connect(NetUtils.java:586)
	at org.apache.hadoop.ipc.Client$Connection.setupConnection(Client.java:711)
	at org.apache.hadoop.ipc.Client$Connection.setupIOstreams(Client.java:833)
	at org.apache.hadoop.ipc.Client$Connection.access$3800(Client.java:414)
	at org.apache.hadoop.ipc.Client.getConnection(Client.java:1677)
	at org.apache.hadoop.ipc.Client.call(Client.java:1502)
	... 12 more
2023-03-09 15:02:54,739 [EndpointStateMachine task thread for /127.0.0.1:33275 - 0 ] INFO  ipc.Client (Client.java:handleConnectionFailure(1010)) - Retrying connect to server: localhost/127.0.0.1:33275. Already tried 6 time(s); retry policy is RetryUpToMaximumCountWithFixedSleep(maxRetries=15, sleepTime=1000 MILLISECONDS)
2023-03-09 15:02:55,224 [grpc-default-executor-15] WARN  server.GrpcLogAppender (LogUtils.java:warn(122)) - ee096506-a68b-4f48-b344-eadbf7b61204@group-70735C1B44CC->b86bebd9-3a13-457a-9b1b-8645409d7c66-AppendLogResponseHandler: Failed appendEntries: org.apache.ratis.thirdparty.io.grpc.StatusRuntimeException: UNAVAILABLE: io exception
2023-03-09 15:02:55,225 [grpc-default-executor-15] WARN  server.GrpcLogAppender (GrpcLogAppender.java:resetClient(131)) - ee096506-a68b-4f48-b344-eadbf7b61204@group-70735C1B44CC->b86bebd9-3a13-457a-9b1b-8645409d7c66-GrpcLogAppender: Leader has not got in touch with Follower ee096506-a68b-4f48-b344-eadbf7b61204@group-70735C1B44CC->b86bebd9-3a13-457a-9b1b-8645409d7c66(c0,m0,n1, attendVote=true, lastRpcSendTime=0, lastRpcResponseTime=3752) yet, just keep nextIndex unchanged and retry.
2023-03-09 15:02:55,225 [grpc-default-executor-10] WARN  server.GrpcLogAppender (LogUtils.java:warn(122)) - ee096506-a68b-4f48-b344-eadbf7b61204@group-70735C1B44CC->b86bebd9-3a13-457a-9b1b-8645409d7c66-AppendLogResponseHandler: Failed appendEntries: org.apache.ratis.thirdparty.io.grpc.StatusRuntimeException: UNAVAILABLE: io exception
2023-03-09 15:02:55,225 [grpc-default-executor-10] WARN  server.GrpcLogAppender (GrpcLogAppender.java:resetClient(131)) - ee096506-a68b-4f48-b344-eadbf7b61204@group-70735C1B44CC->b86bebd9-3a13-457a-9b1b-8645409d7c66-GrpcLogAppender: Leader has not got in touch with Follower ee096506-a68b-4f48-b344-eadbf7b61204@group-70735C1B44CC->b86bebd9-3a13-457a-9b1b-8645409d7c66(c0,m0,n1, attendVote=true, lastRpcSendTime=1, lastRpcResponseTime=3753) yet, just keep nextIndex unchanged and retry.
2023-03-09 15:02:55,231 [grpc-default-executor-10] WARN  server.GrpcLogAppender (LogUtils.java:warn(122)) - ee096506-a68b-4f48-b344-eadbf7b61204@group-70735C1B44CC->0518bc97-31d1-4d4f-b564-52717e813075-AppendLogResponseHandler: Failed appendEntries: org.apache.ratis.thirdparty.io.grpc.StatusRuntimeException: UNAVAILABLE: io exception
2023-03-09 15:02:55,231 [grpc-default-executor-15] WARN  server.GrpcLogAppender (LogUtils.java:warn(122)) - ee096506-a68b-4f48-b344-eadbf7b61204@group-70735C1B44CC->0518bc97-31d1-4d4f-b564-52717e813075-AppendLogResponseHandler: Failed appendEntries: org.apache.ratis.thirdparty.io.grpc.StatusRuntimeException: UNAVAILABLE: io exception
2023-03-09 15:02:55,232 [grpc-default-executor-10] WARN  server.GrpcLogAppender (GrpcLogAppender.java:resetClient(131)) - ee096506-a68b-4f48-b344-eadbf7b61204@group-70735C1B44CC->0518bc97-31d1-4d4f-b564-52717e813075-GrpcLogAppender: Leader has not got in touch with Follower ee096506-a68b-4f48-b344-eadbf7b61204@group-70735C1B44CC->0518bc97-31d1-4d4f-b564-52717e813075(c0,m0,n1, attendVote=true, lastRpcSendTime=1250, lastRpcResponseTime=3756) yet, just keep nextIndex unchanged and retry.
2023-03-09 15:02:55,232 [grpc-default-executor-15] WARN  server.GrpcLogAppender (GrpcLogAppender.java:resetClient(131)) - ee096506-a68b-4f48-b344-eadbf7b61204@group-70735C1B44CC->0518bc97-31d1-4d4f-b564-52717e813075-GrpcLogAppender: Leader has not got in touch with Follower ee096506-a68b-4f48-b344-eadbf7b61204@group-70735C1B44CC->0518bc97-31d1-4d4f-b564-52717e813075(c0,m0,n1, attendVote=true, lastRpcSendTime=1251, lastRpcResponseTime=3756) yet, just keep nextIndex unchanged and retry.
2023-03-09 15:02:55,234 [grpc-default-executor-15] WARN  server.GrpcLogAppender (LogUtils.java:warn(122)) - ee096506-a68b-4f48-b344-eadbf7b61204@group-70735C1B44CC->0518bc97-31d1-4d4f-b564-52717e813075-AppendLogResponseHandler: Failed appendEntries: org.apache.ratis.thirdparty.io.grpc.StatusRuntimeException: UNAVAILABLE: io exception
2023-03-09 15:02:55,235 [grpc-default-executor-15] WARN  server.GrpcLogAppender (GrpcLogAppender.java:resetClient(131)) - ee096506-a68b-4f48-b344-eadbf7b61204@group-70735C1B44CC->0518bc97-31d1-4d4f-b564-52717e813075-GrpcLogAppender: Leader has not got in touch with Follower ee096506-a68b-4f48-b344-eadbf7b61204@group-70735C1B44CC->0518bc97-31d1-4d4f-b564-52717e813075(c0,m0,n1, attendVote=true, lastRpcSendTime=2, lastRpcResponseTime=3759) yet, just keep nextIndex unchanged and retry.
2023-03-09 15:02:55,235 [grpc-default-executor-11] WARN  server.GrpcLogAppender (LogUtils.java:warn(122)) - ee096506-a68b-4f48-b344-eadbf7b61204@group-70735C1B44CC->0518bc97-31d1-4d4f-b564-52717e813075-AppendLogResponseHandler: Failed appendEntries: org.apache.ratis.thirdparty.io.grpc.StatusRuntimeException: UNAVAILABLE: io exception
2023-03-09 15:02:55,235 [grpc-default-executor-11] WARN  server.GrpcLogAppender (GrpcLogAppender.java:resetClient(131)) - ee096506-a68b-4f48-b344-eadbf7b61204@group-70735C1B44CC->0518bc97-31d1-4d4f-b564-52717e813075-GrpcLogAppender: Leader has not got in touch with Follower ee096506-a68b-4f48-b344-eadbf7b61204@group-70735C1B44CC->0518bc97-31d1-4d4f-b564-52717e813075(c0,m0,n1, attendVote=true, lastRpcSendTime=3, lastRpcResponseTime=3759) yet, just keep nextIndex unchanged and retry.
2023-03-09 15:02:55,283 [EndpointStateMachine task thread for /127.0.0.1:35467 - 0 ] INFO  ipc.Client (Client.java:handleConnectionFailure(1010)) - Retrying connect to server: localhost/127.0.0.1:35467. Already tried 0 time(s); retry policy is RetryUpToMaximumCountWithFixedSleep(maxRetries=15, sleepTime=1000 MILLISECONDS)
2023-03-09 15:02:55,390 [ForkJoinPool.commonPool-worker-0] INFO  volume.HddsVolume (HddsVolume.java:closeDbStore(362)) - SchemaV3 db is stopped at /home/runner/work/ozone/ozone/hadoop-ozone/integration-test/target/test-dir/MiniOzoneClusterImpl-0534e788-6c20-4d4d-bf72-3ffae63fff50/datanode-0/data-0/containers/hdds/0534e788-6c20-4d4d-bf72-3ffae63fff50/DS-69990251-f0cb-4c6e-9801-4d69782d4b27/container.db for volume DS-69990251-f0cb-4c6e-9801-4d69782d4b27
2023-03-09 15:02:55,402 [ForkJoinPool.commonPool-worker-0] INFO  utils.BackgroundService (BackgroundService.java:shutdown(141)) - Shutting down service BlockDeletingService
2023-03-09 15:02:55,402 [ForkJoinPool.commonPool-worker-0] INFO  utils.BackgroundService (BackgroundService.java:shutdown(141)) - Shutting down service StaleRecoveringContainerScrubbingService
2023-03-09 15:02:55,462 [ForkJoinPool.commonPool-worker-0] INFO  statemachine.DatanodeStateMachine (DatanodeStateMachine.java:stopDaemon(601)) - Ozone container server stopped.
2023-03-09 15:02:55,482 [Listener at 127.0.0.1/35659] INFO  volume.HddsVolume (HddsVolume.java:closeDbStore(362)) - SchemaV3 db is stopped at /home/runner/work/ozone/ozone/hadoop-ozone/integration-test/target/test-dir/MiniOzoneClusterImpl-0534e788-6c20-4d4d-bf72-3ffae63fff50/datanode-1/data-0/containers/hdds/0534e788-6c20-4d4d-bf72-3ffae63fff50/DS-a787626c-c674-4979-bd52-63a3898db6f0/container.db for volume DS-a787626c-c674-4979-bd52-63a3898db6f0
2023-03-09 15:02:55,483 [Listener at 127.0.0.1/35659] INFO  utils.BackgroundService (BackgroundService.java:shutdown(141)) - Shutting down service BlockDeletingService
2023-03-09 15:02:55,484 [Listener at 127.0.0.1/35659] INFO  utils.BackgroundService (BackgroundService.java:shutdown(141)) - Shutting down service StaleRecoveringContainerScrubbingService
2023-03-09 15:02:55,495 [Listener at 127.0.0.1/35659] INFO  statemachine.DatanodeStateMachine (DatanodeStateMachine.java:stopDaemon(601)) - Ozone container server stopped.
2023-03-09 15:02:55,526 [ForkJoinPool.commonPool-worker-0] INFO  handler.ContextHandler (ContextHandler.java:doStop(1159)) - Stopped o.e.j.w.WebAppContext@2d6c16fc{hddsDatanode,/,null,STOPPED}{jar:file:/home/runner/.m2/repository/org/apache/ozone/hdds-container-service/1.4.0-SNAPSHOT/hdds-container-service-1.4.0-SNAPSHOT.jar!/webapps/hddsDatanode}
2023-03-09 15:02:55,526 [ForkJoinPool.commonPool-worker-0] INFO  server.AbstractConnector (AbstractConnector.java:doStop(383)) - Stopped ServerConnector@763846b7{HTTP/1.1, (http/1.1)}{0.0.0.0:0}
2023-03-09 15:02:55,526 [ForkJoinPool.commonPool-worker-0] INFO  server.session (HouseKeeper.java:stopScavenging(149)) - node0 Stopped scavenging
2023-03-09 15:02:55,528 [Listener at 127.0.0.1/35659] INFO  handler.ContextHandler (ContextHandler.java:doStop(1159)) - Stopped o.e.j.w.WebAppContext@516ac862{hddsDatanode,/,null,STOPPED}{jar:file:/home/runner/.m2/repository/org/apache/ozone/hdds-container-service/1.4.0-SNAPSHOT/hdds-container-service-1.4.0-SNAPSHOT.jar!/webapps/hddsDatanode}
2023-03-09 15:02:55,528 [Listener at 127.0.0.1/35659] INFO  server.AbstractConnector (AbstractConnector.java:doStop(383)) - Stopped ServerConnector@4f1ad29b{HTTP/1.1, (http/1.1)}{0.0.0.0:0}
2023-03-09 15:02:55,528 [Listener at 127.0.0.1/35659] INFO  server.session (HouseKeeper.java:stopScavenging(149)) - node0 Stopped scavenging
2023-03-09 15:02:55,542 [Listener at 127.0.0.1/35659] INFO  handler.ContextHandler (ContextHandler.java:doStop(1159)) - Stopped o.e.j.s.ServletContextHandler@349ae4a4{static,/static,jar:file:/home/runner/.m2/repository/org/apache/ozone/hdds-container-service/1.4.0-SNAPSHOT/hdds-container-service-1.4.0-SNAPSHOT.jar!/webapps/static,STOPPED}
2023-03-09 15:02:55,543 [Listener at 127.0.0.1/35659] INFO  handler.ContextHandler (ContextHandler.java:doStop(1159)) - Stopped o.e.j.s.ServletContextHandler@38f1023d{logs,/logs,file:///home/runner/work/ozone/ozone/hadoop-ozone/integration-test/target/log,STOPPED}
2023-03-09 15:02:55,549 [ForkJoinPool.commonPool-worker-0] INFO  handler.ContextHandler (ContextHandler.java:doStop(1159)) - Stopped o.e.j.s.ServletContextHandler@464fece4{static,/static,jar:file:/home/runner/.m2/repository/org/apache/ozone/hdds-container-service/1.4.0-SNAPSHOT/hdds-container-service-1.4.0-SNAPSHOT.jar!/webapps/static,STOPPED}
2023-03-09 15:02:55,550 [ForkJoinPool.commonPool-worker-0] INFO  handler.ContextHandler (ContextHandler.java:doStop(1159)) - Stopped o.e.j.s.ServletContextHandler@6c0f10c8{logs,/logs,file:///home/runner/work/ozone/ozone/hadoop-ozone/integration-test/target/log,STOPPED}
2023-03-09 15:02:55,724 [Listener at 127.0.0.1/35659] INFO  ozoneimpl.OzoneContainer (OzoneContainer.java:stop(420)) - Attempting to stop container services.
2023-03-09 15:02:55,725 [EndpointStateMachine task thread for /127.0.0.1:35345 - 0 ] INFO  ipc.Client (Client.java:handleConnectionFailure(1010)) - Retrying connect to server: localhost/127.0.0.1:35345. Already tried 0 time(s); retry policy is RetryUpToMaximumCountWithFixedSleep(maxRetries=15, sleepTime=1000 MILLISECONDS)
2023-03-09 15:02:55,725 [Listener at 127.0.0.1/35659] INFO  server.RaftServer (RaftServerProxy.java:lambda$close$6(409)) - ee096506-a68b-4f48-b344-eadbf7b61204: close
2023-03-09 15:02:55,725 [ee096506-a68b-4f48-b344-eadbf7b61204-impl-thread1] INFO  server.RaftServer$Division (RaftServerImpl.java:lambda$close$4(458)) - ee096506-a68b-4f48-b344-eadbf7b61204@group-470DB026BB96: shutdown
2023-03-09 15:02:55,725 [ee096506-a68b-4f48-b344-eadbf7b61204-impl-thread1] INFO  util.JmxRegister (JmxRegister.java:unregister(73)) - Successfully un-registered JMX Bean with object name Ratis:service=RaftServer,group=group-470DB026BB96,id=ee096506-a68b-4f48-b344-eadbf7b61204
2023-03-09 15:02:55,726 [ee096506-a68b-4f48-b344-eadbf7b61204-impl-thread1] INFO  impl.RoleInfo (RoleInfo.java:shutdownFollowerState(110)) - ee096506-a68b-4f48-b344-eadbf7b61204: shutdown ee096506-a68b-4f48-b344-eadbf7b61204@group-470DB026BB96-FollowerState
2023-03-09 15:02:55,734 [ee096506-a68b-4f48-b344-eadbf7b61204-impl-thread1] INFO  impl.StateMachineUpdater (StateMachineUpdater.java:stopAndJoin(153)) - ee096506-a68b-4f48-b344-eadbf7b61204@group-470DB026BB96-StateMachineUpdater: set stopIndex = 0
2023-03-09 15:02:55,734 [ee096506-a68b-4f48-b344-eadbf7b61204@group-470DB026BB96-FollowerState] INFO  impl.FollowerState (FollowerState.java:run(152)) - ee096506-a68b-4f48-b344-eadbf7b61204@group-470DB026BB96-FollowerState was interrupted
2023-03-09 15:02:55,734 [ee096506-a68b-4f48-b344-eadbf7b61204@group-470DB026BB96-StateMachineUpdater] INFO  ratis.ContainerStateMachine (ContainerStateMachine.java:takeSnapshot(308)) - group-470DB026BB96: Taking a snapshot at:(t:1, i:0) file /home/runner/work/ozone/ozone/hadoop-ozone/integration-test/target/test-dir/MiniOzoneClusterImpl-0534e788-6c20-4d4d-bf72-3ffae63fff50/datanode-2/data/ratis/740719e3-0215-433d-bd11-470db026bb96/sm/snapshot.1_0
2023-03-09 15:02:55,735 [ee096506-a68b-4f48-b344-eadbf7b61204-impl-thread2] INFO  server.RaftServer$Division (RaftServerImpl.java:lambda$close$4(458)) - ee096506-a68b-4f48-b344-eadbf7b61204@group-F0151E123ACB: shutdown
2023-03-09 15:02:55,735 [ee096506-a68b-4f48-b344-eadbf7b61204-impl-thread2] INFO  util.JmxRegister (JmxRegister.java:unregister(73)) - Successfully un-registered JMX Bean with object name Ratis:service=RaftServer,group=group-F0151E123ACB,id=ee096506-a68b-4f48-b344-eadbf7b61204
2023-03-09 15:02:55,735 [ee096506-a68b-4f48-b344-eadbf7b61204-impl-thread2] INFO  impl.RoleInfo (RoleInfo.java:shutdownLeaderState(93)) - ee096506-a68b-4f48-b344-eadbf7b61204: shutdown ee096506-a68b-4f48-b344-eadbf7b61204@group-F0151E123ACB-LeaderStateImpl
2023-03-09 15:02:55,735 [ee096506-a68b-4f48-b344-eadbf7b61204-impl-thread2] INFO  impl.PendingRequests (PendingRequests.java:sendNotLeaderResponses(282)) - ee096506-a68b-4f48-b344-eadbf7b61204@group-F0151E123ACB-PendingRequests: sendNotLeaderResponses
2023-03-09 15:02:55,736 [ee096506-a68b-4f48-b344-eadbf7b61204@group-F0151E123ACB-StateMachineUpdater] INFO  ratis.ContainerStateMachine (ContainerStateMachine.java:takeSnapshot(308)) - group-F0151E123ACB: Taking a snapshot at:(t:1, i:0) file /home/runner/work/ozone/ozone/hadoop-ozone/integration-test/target/test-dir/MiniOzoneClusterImpl-0534e788-6c20-4d4d-bf72-3ffae63fff50/datanode-2/data/ratis/82d43020-3a8f-4377-9597-f0151e123acb/sm/snapshot.1_0
2023-03-09 15:02:55,736 [ee096506-a68b-4f48-b344-eadbf7b61204@group-470DB026BB96-StateMachineUpdater] INFO  ratis.ContainerStateMachine (ContainerStateMachine.java:takeSnapshot(319)) - group-470DB026BB96: Finished taking a snapshot at:(t:1, i:0) file:/home/runner/work/ozone/ozone/hadoop-ozone/integration-test/target/test-dir/MiniOzoneClusterImpl-0534e788-6c20-4d4d-bf72-3ffae63fff50/datanode-2/data/ratis/740719e3-0215-433d-bd11-470db026bb96/sm/snapshot.1_0 took: 3 ms
2023-03-09 15:02:55,737 [ee096506-a68b-4f48-b344-eadbf7b61204@group-470DB026BB96-StateMachineUpdater] INFO  impl.StateMachineUpdater (StateMachineUpdater.java:takeSnapshot(287)) - ee096506-a68b-4f48-b344-eadbf7b61204@group-470DB026BB96-StateMachineUpdater: Took a snapshot at index 0
2023-03-09 15:02:55,737 [ee096506-a68b-4f48-b344-eadbf7b61204@group-470DB026BB96-StateMachineUpdater] INFO  impl.StateMachineUpdater (StateMachineUpdater.java:lambda$new$0(92)) - ee096506-a68b-4f48-b344-eadbf7b61204@group-470DB026BB96-StateMachineUpdater: snapshotIndex: updateIncreasingly -1 -> 0
2023-03-09 15:02:55,738 [Listener at 127.0.0.1/35659] INFO  server.GrpcService (GrpcService.java:closeImpl(271)) - ee096506-a68b-4f48-b344-eadbf7b61204: shutdown server GrpcServerProtocolService now
2023-03-09 15:02:55,738 [ee096506-a68b-4f48-b344-eadbf7b61204@group-F0151E123ACB-StateMachineUpdater] INFO  ratis.ContainerStateMachine (ContainerStateMachine.java:takeSnapshot(319)) - group-F0151E123ACB: Finished taking a snapshot at:(t:1, i:0) file:/home/runner/work/ozone/ozone/hadoop-ozone/integration-test/target/test-dir/MiniOzoneClusterImpl-0534e788-6c20-4d4d-bf72-3ffae63fff50/datanode-2/data/ratis/82d43020-3a8f-4377-9597-f0151e123acb/sm/snapshot.1_0 took: 2 ms
2023-03-09 15:02:55,740 [EndpointStateMachine task thread for /127.0.0.1:33275 - 0 ] INFO  ipc.Client (Client.java:handleConnectionFailure(1010)) - Retrying connect to server: localhost/127.0.0.1:33275. Already tried 7 time(s); retry policy is RetryUpToMaximumCountWithFixedSleep(maxRetries=15, sleepTime=1000 MILLISECONDS)
2023-03-09 15:02:55,740 [ee096506-a68b-4f48-b344-eadbf7b61204@group-F0151E123ACB-StateMachineUpdater] INFO  impl.StateMachineUpdater (StateMachineUpdater.java:takeSnapshot(287)) - ee096506-a68b-4f48-b344-eadbf7b61204@group-F0151E123ACB-StateMachineUpdater: Took a snapshot at index 0
2023-03-09 15:02:55,742 [ee096506-a68b-4f48-b344-eadbf7b61204@group-F0151E123ACB-StateMachineUpdater] INFO  impl.StateMachineUpdater (StateMachineUpdater.java:lambda$new$0(92)) - ee096506-a68b-4f48-b344-eadbf7b61204@group-F0151E123ACB-StateMachineUpdater: snapshotIndex: updateIncreasingly -1 -> 0
2023-03-09 15:02:55,742 [ee096506-a68b-4f48-b344-eadbf7b61204-impl-thread2] INFO  impl.StateMachineUpdater (StateMachineUpdater.java:stopAndJoin(153)) - ee096506-a68b-4f48-b344-eadbf7b61204@group-F0151E123ACB-StateMachineUpdater: set stopIndex = 0
2023-03-09 15:02:55,742 [ee096506-a68b-4f48-b344-eadbf7b61204-impl-thread2] INFO  server.RaftServer$Division (ServerState.java:close(466)) - ee096506-a68b-4f48-b344-eadbf7b61204@group-F0151E123ACB: closes. applyIndex: 0
2023-03-09 15:02:55,742 [ee096506-a68b-4f48-b344-eadbf7b61204@group-F0151E123ACB-SegmentedRaftLogWorker] INFO  segmented.SegmentedRaftLogWorker (SegmentedRaftLogWorker.java:run(347)) - ee096506-a68b-4f48-b344-eadbf7b61204@group-F0151E123ACB-SegmentedRaftLogWorker was interrupted, exiting. There are 0 tasks remaining in the queue.
2023-03-09 15:02:55,742 [ee096506-a68b-4f48-b344-eadbf7b61204-impl-thread1] INFO  server.RaftServer$Division (ServerState.java:close(466)) - ee096506-a68b-4f48-b344-eadbf7b61204@group-470DB026BB96: closes. applyIndex: 0
2023-03-09 15:02:55,747 [ee096506-a68b-4f48-b344-eadbf7b61204@group-470DB026BB96-SegmentedRaftLogWorker] INFO  segmented.SegmentedRaftLogWorker (SegmentedRaftLogWorker.java:run(347)) - ee096506-a68b-4f48-b344-eadbf7b61204@group-470DB026BB96-SegmentedRaftLogWorker was interrupted, exiting. There are 0 tasks remaining in the queue.
2023-03-09 15:02:55,747 [Listener at 127.0.0.1/35659] INFO  server.GrpcServerProtocolClient (GrpcServerProtocolClient.java:close(101)) - b86bebd9-3a13-457a-9b1b-8645409d7c66 Close channels
2023-03-09 15:02:55,747 [ee096506-a68b-4f48-b344-eadbf7b61204-impl-thread2] INFO  segmented.SegmentedRaftLogWorker (SegmentedRaftLogWorker.java:close(257)) - ee096506-a68b-4f48-b344-eadbf7b61204@group-F0151E123ACB-SegmentedRaftLogWorker close()
2023-03-09 15:02:55,748 [ee096506-a68b-4f48-b344-eadbf7b61204-impl-thread1] INFO  segmented.SegmentedRaftLogWorker (SegmentedRaftLogWorker.java:close(257)) - ee096506-a68b-4f48-b344-eadbf7b61204@group-470DB026BB96-SegmentedRaftLogWorker close()
2023-03-09 15:02:55,749 [ee096506-a68b-4f48-b344-eadbf7b61204-impl-thread3] INFO  server.RaftServer$Division (RaftServerImpl.java:lambda$close$4(458)) - ee096506-a68b-4f48-b344-eadbf7b61204@group-70735C1B44CC: shutdown
2023-03-09 15:02:55,751 [Listener at 127.0.0.1/35659] INFO  server.GrpcServerProtocolClient (GrpcServerProtocolClient.java:close(101)) - 0518bc97-31d1-4d4f-b564-52717e813075 Close channels
2023-03-09 15:02:55,758 [ee096506-a68b-4f48-b344-eadbf7b61204-impl-thread3] INFO  util.JmxRegister (JmxRegister.java:unregister(73)) - Successfully un-registered JMX Bean with object name Ratis:service=RaftServer,group=group-70735C1B44CC,id=ee096506-a68b-4f48-b344-eadbf7b61204
2023-03-09 15:02:55,758 [ee096506-a68b-4f48-b344-eadbf7b61204-impl-thread3] INFO  impl.RoleInfo (RoleInfo.java:shutdownLeaderState(93)) - ee096506-a68b-4f48-b344-eadbf7b61204: shutdown ee096506-a68b-4f48-b344-eadbf7b61204@group-70735C1B44CC-LeaderStateImpl
2023-03-09 15:02:55,762 [ee096506-a68b-4f48-b344-eadbf7b61204-impl-thread3] INFO  impl.PendingRequests (PendingRequests.java:sendNotLeaderResponses(282)) - ee096506-a68b-4f48-b344-eadbf7b61204@group-70735C1B44CC-PendingRequests: sendNotLeaderResponses
2023-03-09 15:02:55,763 [ee096506-a68b-4f48-b344-eadbf7b61204-impl-thread3] INFO  impl.StateMachineUpdater (StateMachineUpdater.java:stopAndJoin(153)) - ee096506-a68b-4f48-b344-eadbf7b61204@group-70735C1B44CC-StateMachineUpdater: set stopIndex = 0
2023-03-09 15:02:55,763 [ee096506-a68b-4f48-b344-eadbf7b61204@group-70735C1B44CC-StateMachineUpdater] INFO  ratis.ContainerStateMachine (ContainerStateMachine.java:takeSnapshot(308)) - group-70735C1B44CC: Taking a snapshot at:(t:1, i:0) file /home/runner/work/ozone/ozone/hadoop-ozone/integration-test/target/test-dir/MiniOzoneClusterImpl-0534e788-6c20-4d4d-bf72-3ffae63fff50/datanode-2/data/ratis/e2499cd2-36da-4a0e-b3b5-70735c1b44cc/sm/snapshot.1_0
2023-03-09 15:02:55,764 [ee096506-a68b-4f48-b344-eadbf7b61204@group-70735C1B44CC-StateMachineUpdater] INFO  ratis.ContainerStateMachine (ContainerStateMachine.java:takeSnapshot(319)) - group-70735C1B44CC: Finished taking a snapshot at:(t:1, i:0) file:/home/runner/work/ozone/ozone/hadoop-ozone/integration-test/target/test-dir/MiniOzoneClusterImpl-0534e788-6c20-4d4d-bf72-3ffae63fff50/datanode-2/data/ratis/e2499cd2-36da-4a0e-b3b5-70735c1b44cc/sm/snapshot.1_0 took: 1 ms
2023-03-09 15:02:55,765 [ee096506-a68b-4f48-b344-eadbf7b61204@group-70735C1B44CC-StateMachineUpdater] INFO  impl.StateMachineUpdater (StateMachineUpdater.java:takeSnapshot(287)) - ee096506-a68b-4f48-b344-eadbf7b61204@group-70735C1B44CC-StateMachineUpdater: Took a snapshot at index 0
2023-03-09 15:02:55,765 [ee096506-a68b-4f48-b344-eadbf7b61204@group-70735C1B44CC-StateMachineUpdater] INFO  impl.StateMachineUpdater (StateMachineUpdater.java:lambda$new$0(92)) - ee096506-a68b-4f48-b344-eadbf7b61204@group-70735C1B44CC-StateMachineUpdater: snapshotIndex: updateIncreasingly -1 -> 0
2023-03-09 15:02:55,765 [ee096506-a68b-4f48-b344-eadbf7b61204-impl-thread3] INFO  server.RaftServer$Division (ServerState.java:close(466)) - ee096506-a68b-4f48-b344-eadbf7b61204@group-70735C1B44CC: closes. applyIndex: 0
2023-03-09 15:02:55,765 [ee096506-a68b-4f48-b344-eadbf7b61204@group-70735C1B44CC-SegmentedRaftLogWorker] INFO  segmented.SegmentedRaftLogWorker (SegmentedRaftLogWorker.java:run(347)) - ee096506-a68b-4f48-b344-eadbf7b61204@group-70735C1B44CC-SegmentedRaftLogWorker was interrupted, exiting. There are 0 tasks remaining in the queue.
2023-03-09 15:02:55,770 [Listener at 127.0.0.1/35659] INFO  server.GrpcService (GrpcService.java:closeImpl(280)) - ee096506-a68b-4f48-b344-eadbf7b61204: shutdown server GrpcServerProtocolService successfully
2023-03-09 15:02:55,770 [ee096506-a68b-4f48-b344-eadbf7b61204-NettyServerStreamRpc-bossGroup--thread1] INFO  logging.LoggingHandler (AbstractInternalLogger.java:log(148)) - [id: 0x6d43341e, L:/0:0:0:0:0:0:0:0:44575] CLOSE
2023-03-09 15:02:55,771 [ee096506-a68b-4f48-b344-eadbf7b61204-NettyServerStreamRpc-bossGroup--thread1] INFO  logging.LoggingHandler (AbstractInternalLogger.java:log(148)) - [id: 0x6d43341e, L:/0:0:0:0:0:0:0:0:44575] INACTIVE
2023-03-09 15:02:55,771 [ee096506-a68b-4f48-b344-eadbf7b61204-NettyServerStreamRpc-bossGroup--thread1] INFO  logging.LoggingHandler (AbstractInternalLogger.java:log(148)) - [id: 0x6d43341e, L:/0:0:0:0:0:0:0:0:44575] UNREGISTERED
2023-03-09 15:02:55,771 [ee096506-a68b-4f48-b344-eadbf7b61204-impl-thread3] INFO  segmented.SegmentedRaftLogWorker (SegmentedRaftLogWorker.java:close(257)) - ee096506-a68b-4f48-b344-eadbf7b61204@group-70735C1B44CC-SegmentedRaftLogWorker close()
2023-03-09 15:02:55,777 [JvmPauseMonitor48] INFO  util.JvmPauseMonitor (JvmPauseMonitor.java:run(111)) - JvmPauseMonitor-ee096506-a68b-4f48-b344-eadbf7b61204: Stopped
2023-03-09 15:02:56,283 [EndpointStateMachine task thread for /127.0.0.1:35467 - 0 ] INFO  ipc.Client (Client.java:handleConnectionFailure(1010)) - Retrying connect to server: localhost/127.0.0.1:35467. Already tried 1 time(s); retry policy is RetryUpToMaximumCountWithFixedSleep(maxRetries=15, sleepTime=1000 MILLISECONDS)
2023-03-09 15:02:56,725 [EndpointStateMachine task thread for /127.0.0.1:35345 - 0 ] INFO  ipc.Client (Client.java:handleConnectionFailure(1010)) - Retrying connect to server: localhost/127.0.0.1:35345. Already tried 1 time(s); retry policy is RetryUpToMaximumCountWithFixedSleep(maxRetries=15, sleepTime=1000 MILLISECONDS)
2023-03-09 15:02:56,741 [EndpointStateMachine task thread for /127.0.0.1:33275 - 0 ] INFO  ipc.Client (Client.java:handleConnectionFailure(1010)) - Retrying connect to server: localhost/127.0.0.1:33275. Already tried 8 time(s); retry policy is RetryUpToMaximumCountWithFixedSleep(maxRetries=15, sleepTime=1000 MILLISECONDS)
2023-03-09 15:02:57,284 [EndpointStateMachine task thread for /127.0.0.1:35467 - 0 ] INFO  ipc.Client (Client.java:handleConnectionFailure(1010)) - Retrying connect to server: localhost/127.0.0.1:35467. Already tried 2 time(s); retry policy is RetryUpToMaximumCountWithFixedSleep(maxRetries=15, sleepTime=1000 MILLISECONDS)
2023-03-09 15:02:57,726 [EndpointStateMachine task thread for /127.0.0.1:35345 - 0 ] INFO  ipc.Client (Client.java:handleConnectionFailure(1010)) - Retrying connect to server: localhost/127.0.0.1:35345. Already tried 2 time(s); retry policy is RetryUpToMaximumCountWithFixedSleep(maxRetries=15, sleepTime=1000 MILLISECONDS)
2023-03-09 15:02:57,741 [EndpointStateMachine task thread for /127.0.0.1:33275 - 0 ] INFO  ipc.Client (Client.java:handleConnectionFailure(1010)) - Retrying connect to server: localhost/127.0.0.1:33275. Already tried 9 time(s); retry policy is RetryUpToMaximumCountWithFixedSleep(maxRetries=15, sleepTime=1000 MILLISECONDS)
2023-03-09 15:02:57,784 [Listener at 127.0.0.1/35659] INFO  volume.HddsVolume (HddsVolume.java:closeDbStore(362)) - SchemaV3 db is stopped at /home/runner/work/ozone/ozone/hadoop-ozone/integration-test/target/test-dir/MiniOzoneClusterImpl-0534e788-6c20-4d4d-bf72-3ffae63fff50/datanode-2/data-0/containers/hdds/0534e788-6c20-4d4d-bf72-3ffae63fff50/DS-8582ad84-8ee2-4134-a562-8609d99b1646/container.db for volume DS-8582ad84-8ee2-4134-a562-8609d99b1646
2023-03-09 15:02:57,784 [Listener at 127.0.0.1/35659] INFO  utils.BackgroundService (BackgroundService.java:shutdown(141)) - Shutting down service BlockDeletingService
2023-03-09 15:02:57,785 [Listener at 127.0.0.1/35659] INFO  utils.BackgroundService (BackgroundService.java:shutdown(141)) - Shutting down service StaleRecoveringContainerScrubbingService
2023-03-09 15:02:57,788 [Listener at 127.0.0.1/35659] INFO  statemachine.DatanodeStateMachine (DatanodeStateMachine.java:stopDaemon(601)) - Ozone container server stopped.
2023-03-09 15:02:57,801 [Listener at 127.0.0.1/35659] INFO  handler.ContextHandler (ContextHandler.java:doStop(1159)) - Stopped o.e.j.w.WebAppContext@8b4a289{hddsDatanode,/,null,STOPPED}{jar:file:/home/runner/.m2/repository/org/apache/ozone/hdds-container-service/1.4.0-SNAPSHOT/hdds-container-service-1.4.0-SNAPSHOT.jar!/webapps/hddsDatanode}
2023-03-09 15:02:57,802 [Listener at 127.0.0.1/35659] INFO  server.AbstractConnector (AbstractConnector.java:doStop(383)) - Stopped ServerConnector@2d746355{HTTP/1.1, (http/1.1)}{0.0.0.0:0}
2023-03-09 15:02:57,802 [Listener at 127.0.0.1/35659] INFO  server.session (HouseKeeper.java:stopScavenging(149)) - node0 Stopped scavenging
2023-03-09 15:02:57,802 [Listener at 127.0.0.1/35659] INFO  handler.ContextHandler (ContextHandler.java:doStop(1159)) - Stopped o.e.j.s.ServletContextHandler@4afbff4{static,/static,jar:file:/home/runner/.m2/repository/org/apache/ozone/hdds-container-service/1.4.0-SNAPSHOT/hdds-container-service-1.4.0-SNAPSHOT.jar!/webapps/static,STOPPED}
2023-03-09 15:02:57,803 [Listener at 127.0.0.1/35659] INFO  handler.ContextHandler (ContextHandler.java:doStop(1159)) - Stopped o.e.j.s.ServletContextHandler@4c6f776d{logs,/logs,file:///home/runner/work/ozone/ozone/hadoop-ozone/integration-test/target/log,STOPPED}
]]></system-out>
      <system-err><![CDATA[Mar 09, 2023 3:02:51 PM org.apache.ratis.thirdparty.io.grpc.internal.ManagedChannelOrphanWrapper$ManagedChannelReference cleanQueue
SEVERE: *~*~*~ Channel ManagedChannelImpl{logId=612, target=127.0.0.1:46283} was not shutdown properly!!! ~*~*~*
    Make sure to call shutdown()/shutdownNow() and wait until awaitTermination() returns true.
java.lang.RuntimeException: ManagedChannel allocation site
	at org.apache.ratis.thirdparty.io.grpc.internal.ManagedChannelOrphanWrapper$ManagedChannelReference.<init>(ManagedChannelOrphanWrapper.java:93)
	at org.apache.ratis.thirdparty.io.grpc.internal.ManagedChannelOrphanWrapper.<init>(ManagedChannelOrphanWrapper.java:53)
	at org.apache.ratis.thirdparty.io.grpc.internal.ManagedChannelOrphanWrapper.<init>(ManagedChannelOrphanWrapper.java:44)
	at org.apache.ratis.thirdparty.io.grpc.internal.ManagedChannelImplBuilder.build(ManagedChannelImplBuilder.java:630)
	at org.apache.ratis.thirdparty.io.grpc.internal.AbstractManagedChannelImplBuilder.build(AbstractManagedChannelImplBuilder.java:297)
	at org.apache.ratis.grpc.client.GrpcClientProtocolClient.buildChannel(GrpcClientProtocolClient.java:151)
	at org.apache.ratis.grpc.client.GrpcClientProtocolClient.<init>(GrpcClientProtocolClient.java:113)
	at org.apache.ratis.grpc.client.GrpcClientRpc.lambda$new$0(GrpcClientRpc.java:59)
	at org.apache.ratis.util.PeerProxyMap$PeerAndProxy.lambda$getProxy$0(PeerProxyMap.java:64)
	at org.apache.ratis.util.LifeCycle.startAndTransition(LifeCycle.java:270)
	at org.apache.ratis.util.PeerProxyMap$PeerAndProxy.getProxy(PeerProxyMap.java:63)
	at org.apache.ratis.util.PeerProxyMap.getProxy(PeerProxyMap.java:115)
	at org.apache.ratis.grpc.client.GrpcClientRpc.sendRequestAsync(GrpcClientRpc.java:69)
	at org.apache.ratis.client.impl.OrderedAsync.sendRequest(OrderedAsync.java:245)
	at org.apache.ratis.client.impl.OrderedAsync.sendRequestWithRetry(OrderedAsync.java:198)
	at org.apache.ratis.util.SlidingWindow$Client.sendOrDelayRequest(SlidingWindow.java:312)
	at org.apache.ratis.util.SlidingWindow$Client.submitNewRequest(SlidingWindow.java:291)
	at org.apache.ratis.client.impl.OrderedAsync.send(OrderedAsync.java:170)
	at org.apache.ratis.client.impl.OrderedAsync.newInstance(OrderedAsync.java:118)
	at org.apache.ratis.client.impl.RaftClientImpl.lambda$new$1(RaftClientImpl.java:166)
	at org.apache.ratis.util.MemoizedSupplier.get(MemoizedSupplier.java:62)
	at org.apache.ratis.client.impl.RaftClientImpl.getOrderedAsync(RaftClientImpl.java:235)
	at org.apache.ratis.client.impl.AsyncImpl.send(AsyncImpl.java:41)
	at org.apache.ratis.client.impl.AsyncImpl.send(AsyncImpl.java:46)
	at org.apache.hadoop.hdds.scm.XceiverClientRatis.lambda$sendRequestAsync$2(XceiverClientRatis.java:243)
	at org.apache.hadoop.hdds.tracing.TracingUtil.executeInNewSpan(TracingUtil.java:181)
	at org.apache.hadoop.hdds.scm.XceiverClientRatis.sendRequestAsync(XceiverClientRatis.java:228)
	at org.apache.hadoop.hdds.scm.XceiverClientRatis.sendCommandAsync(XceiverClientRatis.java:330)
	at org.apache.hadoop.hdds.scm.storage.ContainerProtocolCalls.writeChunkAsync(ContainerProtocolCalls.java:420)
	at org.apache.hadoop.hdds.scm.storage.BlockOutputStream.writeChunkToContainer(BlockOutputStream.java:707)
	at org.apache.hadoop.hdds.scm.storage.BlockOutputStream.writeChunk(BlockOutputStream.java:537)
	at org.apache.hadoop.hdds.scm.storage.BlockOutputStream.handleFlushInternal(BlockOutputStream.java:570)
	at org.apache.hadoop.hdds.scm.storage.BlockOutputStream.handleFlush(BlockOutputStream.java:545)
	at org.apache.hadoop.hdds.scm.storage.BlockOutputStream.close(BlockOutputStream.java:596)
	at org.apache.hadoop.ozone.client.io.BlockOutputStreamEntry.close(BlockOutputStreamEntry.java:158)
	at org.apache.hadoop.ozone.client.io.KeyOutputStream.handleStreamAction(KeyOutputStream.java:512)
	at org.apache.hadoop.ozone.client.io.KeyOutputStream.handleFlushOrClose(KeyOutputStream.java:486)
	at org.apache.hadoop.ozone.client.io.KeyOutputStream.close(KeyOutputStream.java:542)
	at org.apache.hadoop.ozone.client.io.OzoneOutputStream.close(OzoneOutputStream.java:68)
	at org.apache.hadoop.ozone.om.TestOzoneManagerHA.createKey(TestOzoneManagerHA.java:220)
	at org.apache.hadoop.ozone.om.TestAddRemoveOzoneManager.testBootstrap(TestAddRemoveOzoneManager.java:201)
	at sun.reflect.NativeMethodAccessorImpl.invoke0(Native Method)
	at sun.reflect.NativeMethodAccessorImpl.invoke(NativeMethodAccessorImpl.java:62)
	at sun.reflect.DelegatingMethodAccessorImpl.invoke(DelegatingMethodAccessorImpl.java:43)
	at java.lang.reflect.Method.invoke(Method.java:498)
	at org.junit.platform.commons.util.ReflectionUtils.invokeMethod(ReflectionUtils.java:725)
	at org.junit.jupiter.engine.execution.MethodInvocation.proceed(MethodInvocation.java:60)
	at org.junit.jupiter.engine.execution.InvocationInterceptorChain$ValidatingInvocation.proceed(InvocationInterceptorChain.java:131)
	at org.junit.jupiter.engine.extension.TimeoutInvocation.proceed(TimeoutInvocation.java:46)
	at org.junit.jupiter.engine.extension.TimeoutExtension.intercept(TimeoutExtension.java:149)
	at org.junit.jupiter.engine.extension.TimeoutExtension.interceptTestableMethod(TimeoutExtension.java:140)
	at org.junit.jupiter.engine.extension.TimeoutExtension.interceptTestMethod(TimeoutExtension.java:84)
	at org.junit.jupiter.engine.execution.ExecutableInvoker$ReflectiveInterceptorCall.lambda$ofVoidMethod$0(ExecutableInvoker.java:115)
	at org.junit.jupiter.engine.execution.ExecutableInvoker.lambda$invoke$0(ExecutableInvoker.java:105)
	at org.junit.jupiter.engine.execution.InvocationInterceptorChain$InterceptedInvocation.proceed(InvocationInterceptorChain.java:106)
	at org.junit.jupiter.engine.execution.InvocationInterceptorChain.proceed(InvocationInterceptorChain.java:64)
	at org.junit.jupiter.engine.execution.InvocationInterceptorChain.chainAndInvoke(InvocationInterceptorChain.java:45)
	at org.junit.jupiter.engine.execution.InvocationInterceptorChain.invoke(InvocationInterceptorChain.java:37)
	at org.junit.jupiter.engine.execution.ExecutableInvoker.invoke(ExecutableInvoker.java:104)
	at org.junit.jupiter.engine.execution.ExecutableInvoker.invoke(ExecutableInvoker.java:98)
	at org.junit.jupiter.engine.descriptor.TestMethodTestDescriptor.lambda$invokeTestMethod$7(TestMethodTestDescriptor.java:214)
	at org.junit.platform.engine.support.hierarchical.ThrowableCollector.execute(ThrowableCollector.java:73)
	at org.junit.jupiter.engine.descriptor.TestMethodTestDescriptor.invokeTestMethod(TestMethodTestDescriptor.java:210)
	at org.junit.jupiter.engine.descriptor.TestMethodTestDescriptor.execute(TestMethodTestDescriptor.java:135)
	at org.junit.jupiter.engine.descriptor.TestMethodTestDescriptor.execute(TestMethodTestDescriptor.java:66)
	at org.junit.platform.engine.support.hierarchical.NodeTestTask.lambda$executeRecursively$6(NodeTestTask.java:151)
	at org.junit.platform.engine.support.hierarchical.ThrowableCollector.execute(ThrowableCollector.java:73)
	at org.junit.platform.engine.support.hierarchical.NodeTestTask.lambda$executeRecursively$8(NodeTestTask.java:141)
	at org.junit.platform.engine.support.hierarchical.Node.around(Node.java:137)
	at org.junit.platform.engine.support.hierarchical.NodeTestTask.lambda$executeRecursively$9(NodeTestTask.java:139)
	at org.junit.platform.engine.support.hierarchical.ThrowableCollector.execute(ThrowableCollector.java:73)
	at org.junit.platform.engine.support.hierarchical.NodeTestTask.executeRecursively(NodeTestTask.java:138)
	at org.junit.platform.engine.support.hierarchical.NodeTestTask.execute(NodeTestTask.java:95)
	at java.util.ArrayList.forEach(ArrayList.java:1259)
	at org.junit.platform.engine.support.hierarchical.SameThreadHierarchicalTestExecutorService.invokeAll(SameThreadHierarchicalTestExecutorService.java:41)
	at org.junit.platform.engine.support.hierarchical.NodeTestTask.lambda$executeRecursively$6(NodeTestTask.java:155)
	at org.junit.platform.engine.support.hierarchical.ThrowableCollector.execute(ThrowableCollector.java:73)
	at org.junit.platform.engine.support.hierarchical.NodeTestTask.lambda$executeRecursively$8(NodeTestTask.java:141)
	at org.junit.platform.engine.support.hierarchical.Node.around(Node.java:137)
	at org.junit.platform.engine.support.hierarchical.NodeTestTask.lambda$executeRecursively$9(NodeTestTask.java:139)
	at org.junit.platform.engine.support.hierarchical.ThrowableCollector.execute(ThrowableCollector.java:73)
	at org.junit.platform.engine.support.hierarchical.NodeTestTask.executeRecursively(NodeTestTask.java:138)
	at org.junit.platform.engine.support.hierarchical.NodeTestTask.execute(NodeTestTask.java:95)
	at java.util.ArrayList.forEach(ArrayList.java:1259)
	at org.junit.platform.engine.support.hierarchical.SameThreadHierarchicalTestExecutorService.invokeAll(SameThreadHierarchicalTestExecutorService.java:41)
	at org.junit.platform.engine.support.hierarchical.NodeTestTask.lambda$executeRecursively$6(NodeTestTask.java:155)
	at org.junit.platform.engine.support.hierarchical.ThrowableCollector.execute(ThrowableCollector.java:73)
	at org.junit.platform.engine.support.hierarchical.NodeTestTask.lambda$executeRecursively$8(NodeTestTask.java:141)
	at org.junit.platform.engine.support.hierarchical.Node.around(Node.java:137)
	at org.junit.platform.engine.support.hierarchical.NodeTestTask.lambda$executeRecursively$9(NodeTestTask.java:139)
	at org.junit.platform.engine.support.hierarchical.ThrowableCollector.execute(ThrowableCollector.java:73)
	at org.junit.platform.engine.support.hierarchical.NodeTestTask.executeRecursively(NodeTestTask.java:138)
	at org.junit.platform.engine.support.hierarchical.NodeTestTask.execute(NodeTestTask.java:95)
	at org.junit.platform.engine.support.hierarchical.SameThreadHierarchicalTestExecutorService.submit(SameThreadHierarchicalTestExecutorService.java:35)
	at org.junit.platform.engine.support.hierarchical.HierarchicalTestExecutor.execute(HierarchicalTestExecutor.java:57)
	at org.junit.platform.engine.support.hierarchical.HierarchicalTestEngine.execute(HierarchicalTestEngine.java:54)
	at org.junit.platform.launcher.core.EngineExecutionOrchestrator.execute(EngineExecutionOrchestrator.java:107)
	at org.junit.platform.launcher.core.EngineExecutionOrchestrator.execute(EngineExecutionOrchestrator.java:88)
	at org.junit.platform.launcher.core.EngineExecutionOrchestrator.lambda$execute$0(EngineExecutionOrchestrator.java:54)
	at org.junit.platform.launcher.core.EngineExecutionOrchestrator.withInterceptedStreams(EngineExecutionOrchestrator.java:67)
	at org.junit.platform.launcher.core.EngineExecutionOrchestrator.execute(EngineExecutionOrchestrator.java:52)
	at org.junit.platform.launcher.core.DefaultLauncher.execute(DefaultLauncher.java:114)
	at org.junit.platform.launcher.core.DefaultLauncher.execute(DefaultLauncher.java:86)
	at org.junit.platform.launcher.core.DefaultLauncherSession$DelegatingLauncher.execute(DefaultLauncherSession.java:86)
	at org.junit.platform.launcher.core.SessionPerRequestLauncher.execute(SessionPerRequestLauncher.java:53)
	at org.apache.maven.surefire.junitplatform.JUnitPlatformProvider.execute(JUnitPlatformProvider.java:188)
	at org.apache.maven.surefire.junitplatform.JUnitPlatformProvider.invokeAllTests(JUnitPlatformProvider.java:154)
	at org.apache.maven.surefire.junitplatform.JUnitPlatformProvider.invoke(JUnitPlatformProvider.java:124)
	at org.apache.maven.surefire.booter.ForkedBooter.runSuitesInProcess(ForkedBooter.java:428)
	at org.apache.maven.surefire.booter.ForkedBooter.execute(ForkedBooter.java:162)
	at org.apache.maven.surefire.booter.ForkedBooter.run(ForkedBooter.java:562)
	at org.apache.maven.surefire.booter.ForkedBooter.main(ForkedBooter.java:548)

Mar 09, 2023 3:02:51 PM org.apache.ratis.thirdparty.io.grpc.internal.ManagedChannelOrphanWrapper$ManagedChannelReference cleanQueue
SEVERE: *~*~*~ Channel ManagedChannelImpl{logId=319, target=127.0.0.1:44931} was not shutdown properly!!! ~*~*~*
    Make sure to call shutdown()/shutdownNow() and wait until awaitTermination() returns true.
java.lang.RuntimeException: ManagedChannel allocation site
	at org.apache.ratis.thirdparty.io.grpc.internal.ManagedChannelOrphanWrapper$ManagedChannelReference.<init>(ManagedChannelOrphanWrapper.java:93)
	at org.apache.ratis.thirdparty.io.grpc.internal.ManagedChannelOrphanWrapper.<init>(ManagedChannelOrphanWrapper.java:53)
	at org.apache.ratis.thirdparty.io.grpc.internal.ManagedChannelOrphanWrapper.<init>(ManagedChannelOrphanWrapper.java:44)
	at org.apache.ratis.thirdparty.io.grpc.internal.ManagedChannelImplBuilder.build(ManagedChannelImplBuilder.java:630)
	at org.apache.ratis.thirdparty.io.grpc.internal.AbstractManagedChannelImplBuilder.build(AbstractManagedChannelImplBuilder.java:297)
	at org.apache.ratis.grpc.client.GrpcClientProtocolClient.buildChannel(GrpcClientProtocolClient.java:151)
	at org.apache.ratis.grpc.client.GrpcClientProtocolClient.<init>(GrpcClientProtocolClient.java:113)
	at org.apache.ratis.grpc.client.GrpcClientRpc.lambda$new$0(GrpcClientRpc.java:59)
	at org.apache.ratis.util.PeerProxyMap$PeerAndProxy.lambda$getProxy$0(PeerProxyMap.java:64)
	at org.apache.ratis.util.LifeCycle.startAndTransition(LifeCycle.java:270)
	at org.apache.ratis.util.PeerProxyMap$PeerAndProxy.getProxy(PeerProxyMap.java:63)
	at org.apache.ratis.util.PeerProxyMap.getProxy(PeerProxyMap.java:115)
	at org.apache.ratis.grpc.client.GrpcClientRpc.sendRequestAsync(GrpcClientRpc.java:69)
	at org.apache.ratis.client.impl.OrderedAsync.sendRequest(OrderedAsync.java:245)
	at org.apache.ratis.client.impl.OrderedAsync.sendRequestWithRetry(OrderedAsync.java:198)
	at org.apache.ratis.util.SlidingWindow$Client.sendOrDelayRequest(SlidingWindow.java:312)
	at org.apache.ratis.util.SlidingWindow$Client.retry(SlidingWindow.java:328)
	at org.apache.ratis.client.impl.OrderedAsync.lambda$scheduleWithTimeout$7(OrderedAsync.java:232)
	at org.apache.ratis.util.TimeoutTimer.lambda$onTimeout$2(TimeoutTimer.java:101)
	at org.apache.ratis.util.LogUtils.runAndLog(LogUtils.java:38)
	at org.apache.ratis.util.LogUtils$1.run(LogUtils.java:79)
	at org.apache.ratis.util.TimeoutTimer$Task.run(TimeoutTimer.java:55)
	at java.util.TimerThread.mainLoop(Timer.java:555)
	at java.util.TimerThread.run(Timer.java:505)

]]></system-err>
    </rerunFailure>
  </testcase>
  <testcase name="testBootstrap" classname="org.apache.hadoop.ozone.om.TestAddRemoveOzoneManager" time="59.046"/>
</testsuite>