<?xml version="1.0" encoding="UTF-8"?>
<testsuite xmlns:xsi="http://www.w3.org/2001/XMLSchema-instance" xsi:noNamespaceSchemaLocation="https://maven.apache.org/surefire/maven-surefire-plugin/xsd/surefire-test-report-3.0.xsd" version="3.0" name="org.apache.hadoop.fs.ozone.TestRootedOzoneFileSystemWithFSO" time="207.395" tests="108" errors="0" skipped="16" failures="0">
  <properties>
    <property name="awt.toolkit" value="sun.awt.X11.XToolkit"/>
    <property name="file.encoding.pkg" value="sun.io"/>
    <property name="java.specification.version" value="1.8"/>
    <property name="sun.cpu.isalist" value=""/>
    <property name="sun.jnu.encoding" value="UTF-8"/>
    <property name="java.class.path" value="/home/runner/work/ozone/ozone/hadoop-ozone/integration-test/target/test-classes:/home/runner/work/ozone/ozone/hadoop-ozone/integration-test/target/classes:/home/runner/.m2/repository/org/apache/ozone/ozone-common/1.4.0-SNAPSHOT/ozone-common-1.4.0-SNAPSHOT.jar:/home/runner/.m2/repository/io/grpc/grpc-netty/1.51.1/grpc-netty-1.51.1.jar:/home/runner/.m2/repository/io/grpc/grpc-core/1.51.1/grpc-core-1.51.1.jar:/home/runner/.m2/repository/com/google/android/annotations/4.1.1.4/annotations-4.1.1.4.jar:/home/runner/.m2/repository/org/codehaus/mojo/animal-sniffer-annotations/1.21/animal-sniffer-annotations-1.21.jar:/home/runner/.m2/repository/com/google/errorprone/error_prone_annotations/2.2.0/error_prone_annotations-2.2.0.jar:/home/runner/.m2/repository/io/perfmark/perfmark-api/0.25.0/perfmark-api-0.25.0.jar:/home/runner/.m2/repository/io/netty/netty-codec-http2/4.1.94.Final/netty-codec-http2-4.1.94.Final.jar:/home/runner/.m2/repository/io/netty/netty-common/4.1.94.Final/netty-common-4.1.94.Final.jar:/home/runner/.m2/repository/io/netty/netty-buffer/4.1.94.Final/netty-buffer-4.1.94.Final.jar:/home/runner/.m2/repository/io/netty/netty-codec-http/4.1.94.Final/netty-codec-http-4.1.94.Final.jar:/home/runner/.m2/repository/io/netty/netty-handler-proxy/4.1.94.Final/netty-handler-proxy-4.1.94.Final.jar:/home/runner/.m2/repository/io/netty/netty-codec-socks/4.1.94.Final/netty-codec-socks-4.1.94.Final.jar:/home/runner/.m2/repository/io/netty/netty-tcnative-boringssl-static/2.0.61.Final/netty-tcnative-boringssl-static-2.0.61.Final.jar:/home/runner/.m2/repository/io/netty/netty-tcnative-classes/2.0.61.Final/netty-tcnative-classes-2.0.61.Final.jar:/home/runner/.m2/repository/io/netty/netty-tcnative-boringssl-static/2.0.61.Final/netty-tcnative-boringssl-static-2.0.61.Final-linux-x86_64.jar:/home/runner/.m2/repository/io/netty/netty-tcnative-boringssl-static/2.0.61.Final/netty-tcnative-boringssl-static-2.0.61.Final-linux-aarch_64.jar:/home/runner/.m2/repository/io/netty/netty-tcnative-boringssl-static/2.0.61.Final/netty-tcnative-boringssl-static-2.0.61.Final-osx-x86_64.jar:/home/runner/.m2/repository/io/netty/netty-tcnative-boringssl-static/2.0.61.Final/netty-tcnative-boringssl-static-2.0.61.Final-osx-aarch_64.jar:/home/runner/.m2/repository/io/netty/netty-tcnative-boringssl-static/2.0.61.Final/netty-tcnative-boringssl-static-2.0.61.Final-windows-x86_64.jar:/home/runner/.m2/repository/org/apache/commons/commons-compress/1.21/commons-compress-1.21.jar:/home/runner/.m2/repository/org/apache/ozone/hdds-common/1.4.0-SNAPSHOT/hdds-common-1.4.0-SNAPSHOT.jar:/home/runner/.m2/repository/org/apache/ozone/hdds-client/1.4.0-SNAPSHOT/hdds-client-1.4.0-SNAPSHOT.jar:/home/runner/.m2/repository/org/apache/ozone/ozone-interface-client/1.4.0-SNAPSHOT/ozone-interface-client-1.4.0-SNAPSHOT.jar:/home/runner/.m2/repository/org/apache/hadoop/hadoop-hdfs-client/3.3.6/hadoop-hdfs-client-3.3.6.jar:/home/runner/.m2/repository/com/squareup/okhttp3/okhttp/4.9.3/okhttp-4.9.3.jar:/home/runner/.m2/repository/com/squareup/okio/okio/3.4.0/okio-3.4.0.jar:/home/runner/.m2/repository/com/squareup/okio/okio-jvm/3.4.0/okio-jvm-3.4.0.jar:/home/runner/.m2/repository/org/jetbrains/kotlin/kotlin-stdlib-jdk8/1.8.0/kotlin-stdlib-jdk8-1.8.0.jar:/home/runner/.m2/repository/org/jetbrains/kotlin/kotlin-stdlib-jdk7/1.8.0/kotlin-stdlib-jdk7-1.8.0.jar:/home/runner/.m2/repository/org/jetbrains/kotlin/kotlin-stdlib-common/1.6.21/kotlin-stdlib-common-1.6.21.jar:/home/runner/.m2/repository/org/apache/ozone/hdds-test-utils/1.4.0-SNAPSHOT/hdds-test-utils-1.4.0-SNAPSHOT.jar:/home/runner/.m2/repository/com/google/guava/guava/32.0.0-jre/guava-32.0.0-jre.jar:/home/runner/.m2/repository/com/google/guava/failureaccess/1.0.1/failureaccess-1.0.1.jar:/home/runner/.m2/repository/com/google/guava/listenablefuture/9999.0-empty-to-avoid-conflict-with-guava/listenablefuture-9999.0-empty-to-avoid-conflict-with-guava.jar:/home/runner/.m2/repository/com/google/code/findbugs/jsr305/3.0.0/jsr305-3.0.0.jar:/home/runner/.m2/repository/org/checkerframework/checker-qual/3.33.0/checker-qual-3.33.0.jar:/home/runner/.m2/repository/com/google/j2objc/j2objc-annotations/2.8/j2objc-annotations-2.8.jar:/home/runner/.m2/repository/commons-io/commons-io/2.11.0/commons-io-2.11.0.jar:/home/runner/.m2/repository/commons-logging/commons-logging/1.2/commons-logging-1.2.jar:/home/runner/.m2/repository/ch/qos/reload4j/reload4j/1.2.22/reload4j-1.2.22.jar:/home/runner/.m2/repository/org/slf4j/slf4j-api/1.7.36/slf4j-api-1.7.36.jar:/home/runner/.m2/repository/org/apache/logging/log4j/log4j-api/2.17.1/log4j-api-2.17.1.jar:/home/runner/.m2/repository/org/apache/ozone/hdds-server-scm/1.4.0-SNAPSHOT/hdds-server-scm-1.4.0-SNAPSHOT.jar:/home/runner/.m2/repository/org/apache/ozone/hdds-container-service/1.4.0-SNAPSHOT/hdds-container-service-1.4.0-SNAPSHOT.jar:/home/runner/.m2/repository/org/apache/ozone/hdds-hadoop-dependency-server/1.4.0-SNAPSHOT/hdds-hadoop-dependency-server-1.4.0-SNAPSHOT.jar:/home/runner/.m2/repository/org/apache/hadoop/hadoop-hdfs/3.3.6/hadoop-hdfs-3.3.6.jar:/home/runner/.m2/repository/commons-daemon/commons-daemon/1.0.13/commons-daemon-1.0.13.jar:/home/runner/.m2/repository/org/apache/ozone/hdds-server-framework/1.4.0-SNAPSHOT/hdds-server-framework-1.4.0-SNAPSHOT.jar:/home/runner/.m2/repository/io/dropwizard/metrics/metrics-core/3.2.4/metrics-core-3.2.4.jar:/home/runner/.m2/repository/org/apache/commons/commons-text/1.10.0/commons-text-1.10.0.jar:/home/runner/.m2/repository/org/bouncycastle/bcprov-jdk15on/1.67/bcprov-jdk15on-1.67.jar:/home/runner/.m2/repository/com/google/protobuf/protobuf-java/2.5.0/protobuf-java-2.5.0.jar:/home/runner/.m2/repository/org/apache/ozone/hdds-server-framework/1.4.0-SNAPSHOT/hdds-server-framework-1.4.0-SNAPSHOT-tests.jar:/home/runner/.m2/repository/org/apache/ozone/hdds-interface-server/1.4.0-SNAPSHOT/hdds-interface-server-1.4.0-SNAPSHOT.jar:/home/runner/.m2/repository/org/apache/ozone/hdds-interface-admin/1.4.0-SNAPSHOT/hdds-interface-admin-1.4.0-SNAPSHOT.jar:/home/runner/.m2/repository/org/apache/ozone/hdds-managed-rocksdb/1.4.0-SNAPSHOT/hdds-managed-rocksdb-1.4.0-SNAPSHOT.jar:/home/runner/.m2/repository/org/rocksdb/rocksdbjni/7.7.3/rocksdbjni-7.7.3.jar:/home/runner/.m2/repository/org/slf4j/slf4j-reload4j/1.7.36/slf4j-reload4j-1.7.36.jar:/home/runner/.m2/repository/org/apache/commons/commons-configuration2/2.1.1/commons-configuration2-2.1.1.jar:/home/runner/.m2/repository/commons-fileupload/commons-fileupload/1.5/commons-fileupload-1.5.jar:/home/runner/.m2/repository/org/apache/logging/log4j/log4j-core/2.17.1/log4j-core-2.17.1.jar:/home/runner/.m2/repository/com/lmax/disruptor/3.4.2/disruptor-3.4.2.jar:/home/runner/.m2/repository/org/eclipse/jetty/jetty-util/9.4.52.v20230823/jetty-util-9.4.52.v20230823.jar:/home/runner/.m2/repository/org/eclipse/jetty/jetty-server/9.4.52.v20230823/jetty-server-9.4.52.v20230823.jar:/home/runner/.m2/repository/org/eclipse/jetty/jetty-http/9.4.52.v20230823/jetty-http-9.4.52.v20230823.jar:/home/runner/.m2/repository/org/eclipse/jetty/jetty-io/9.4.52.v20230823/jetty-io-9.4.52.v20230823.jar:/home/runner/.m2/repository/org/eclipse/jetty/jetty-servlet/9.4.52.v20230823/jetty-servlet-9.4.52.v20230823.jar:/home/runner/.m2/repository/org/eclipse/jetty/jetty-security/9.4.52.v20230823/jetty-security-9.4.52.v20230823.jar:/home/runner/.m2/repository/org/eclipse/jetty/jetty-util-ajax/9.4.52.v20230823/jetty-util-ajax-9.4.52.v20230823.jar:/home/runner/.m2/repository/org/eclipse/jetty/jetty-webapp/9.4.52.v20230823/jetty-webapp-9.4.52.v20230823.jar:/home/runner/.m2/repository/org/eclipse/jetty/jetty-xml/9.4.52.v20230823/jetty-xml-9.4.52.v20230823.jar:/home/runner/.m2/repository/org/apache/ratis/ratis-server/2.5.1/ratis-server-2.5.1.jar:/home/runner/.m2/repository/org/apache/ratis/ratis-thirdparty-misc/1.0.4/ratis-thirdparty-misc-1.0.4.jar:/home/runner/.m2/repository/org/apache/ratis/ratis-proto/2.5.1/ratis-proto-2.5.1.jar:/home/runner/.m2/repository/org/apache/ratis/ratis-common/2.5.1/ratis-common-2.5.1.jar:/home/runner/.m2/repository/org/apache/ratis/ratis-client/2.5.1/ratis-client-2.5.1.jar:/home/runner/.m2/repository/org/apache/ratis/ratis-server-api/2.5.1/ratis-server-api-2.5.1.jar:/home/runner/.m2/repository/org/apache/ratis/ratis-metrics/2.5.1/ratis-metrics-2.5.1.jar:/home/runner/.m2/repository/io/prometheus/simpleclient_dropwizard/0.7.0/simpleclient_dropwizard-0.7.0.jar:/home/runner/.m2/repository/io/prometheus/simpleclient/0.7.0/simpleclient-0.7.0.jar:/home/runner/.m2/repository/io/prometheus/simpleclient_common/0.7.0/simpleclient_common-0.7.0.jar:/home/runner/.m2/repository/com/fasterxml/jackson/datatype/jackson-datatype-jsr310/2.13.4/jackson-datatype-jsr310-2.13.4.jar:/home/runner/.m2/repository/com/fasterxml/jackson/core/jackson-core/2.13.4/jackson-core-2.13.4.jar:/home/runner/.m2/repository/com/github/spotbugs/spotbugs-annotations/3.1.12/spotbugs-annotations-3.1.12.jar:/home/runner/.m2/repository/org/apache/ozone/rocksdb-checkpoint-differ/1.4.0-SNAPSHOT/rocksdb-checkpoint-differ-1.4.0-SNAPSHOT.jar:/home/runner/.m2/repository/org/jgrapht/jgrapht-core/1.0.1/jgrapht-core-1.0.1.jar:/home/runner/.m2/repository/org/jgrapht/jgrapht-ext/1.0.1/jgrapht-ext-1.0.1.jar:/home/runner/.m2/repository/org/tinyjee/jgraphx/jgraphx/2.0.0.1/jgraphx-2.0.0.1.jar:/home/runner/.m2/repository/jgraph/jgraph/5.13.0.0/jgraph-5.13.0.0.jar:/home/runner/.m2/repository/org/antlr/antlr4-runtime/4.5.3/antlr4-runtime-4.5.3.jar:/home/runner/.m2/repository/org/awaitility/awaitility/4.2.0/awaitility-4.2.0.jar:/home/runner/.m2/repository/org/hamcrest/hamcrest/2.1/hamcrest-2.1.jar:/home/runner/.m2/repository/org/apache/ozone/ozone-manager/1.4.0-SNAPSHOT/ozone-manager-1.4.0-SNAPSHOT.jar:/home/runner/.m2/repository/org/aspectj/aspectjrt/1.9.7/aspectjrt-1.9.7.jar:/home/runner/.m2/repository/org/aspectj/aspectjweaver/1.9.7/aspectjweaver-1.9.7.jar:/home/runner/.m2/repository/org/apache/ozone/hdds-interface-client/1.4.0-SNAPSHOT/hdds-interface-client-1.4.0-SNAPSHOT.jar:/home/runner/.m2/repository/org/apache/hadoop/thirdparty/hadoop-shaded-protobuf_3_7/1.1.1/hadoop-shaded-protobuf_3_7-1.1.1.jar:/home/runner/.m2/repository/org/apache/ozone/ozone-interface-storage/1.4.0-SNAPSHOT/ozone-interface-storage-1.4.0-SNAPSHOT.jar:/home/runner/.m2/repository/org/reflections/reflections/0.9.11/reflections-0.9.11.jar:/home/runner/.m2/repository/com/sun/jersey/jersey-client/1.19/jersey-client-1.19.jar:/home/runner/.m2/repository/org/codehaus/jackson/jackson-core-asl/1.9.13/jackson-core-asl-1.9.13.jar:/home/runner/.m2/repository/org/codehaus/jackson/jackson-mapper-asl/1.9.13/jackson-mapper-asl-1.9.13.jar:/home/runner/.m2/repository/org/codehaus/jackson/jackson-jaxrs/1.9.13/jackson-jaxrs-1.9.13.jar:/home/runner/.m2/repository/org/apache/ranger/ranger-intg/2.3.0/ranger-intg-2.3.0.jar:/home/runner/.m2/repository/org/apache/ranger/ranger-plugins-common/2.3.0/ranger-plugins-common-2.3.0.jar:/home/runner/.m2/repository/commons-lang/commons-lang/2.6/commons-lang-2.6.jar:/home/runner/.m2/repository/org/apache/ranger/ranger-plugins-cred/2.3.0/ranger-plugins-cred-2.3.0.jar:/home/runner/.m2/repository/org/apache/ranger/ranger-plugins-audit/2.3.0/ranger-plugins-audit-2.3.0.jar:/home/runner/.m2/repository/org/eclipse/jetty/jetty-client/9.4.52.v20230823/jetty-client-9.4.52.v20230823.jar:/home/runner/.m2/repository/org/apache/httpcomponents/httpmime/4.5.6/httpmime-4.5.6.jar:/home/runner/.m2/repository/org/apache/httpcomponents/httpcore-nio/4.4.13/httpcore-nio-4.4.13.jar:/home/runner/.m2/repository/org/apache/httpcomponents/httpasyncclient/4.1.3/httpasyncclient-4.1.3.jar:/home/runner/.m2/repository/com/carrotsearch/hppc/0.8.0/hppc-0.8.0.jar:/home/runner/.m2/repository/org/apache/orc/orc-core/1.5.8/orc-core-1.5.8.jar:/home/runner/.m2/repository/net/java/dev/jna/jna/5.2.0/jna-5.2.0.jar:/home/runner/.m2/repository/net/java/dev/jna/jna-platform/5.2.0/jna-platform-5.2.0.jar:/home/runner/.m2/repository/com/kstruct/gethostname4j/0.0.2/gethostname4j-0.0.2.jar:/home/runner/.m2/repository/org/apache/ranger/ranger-plugin-classloader/2.3.0/ranger-plugin-classloader-2.3.0.jar:/home/runner/.m2/repository/org/apache/ozone/hdds-rocks-native/1.4.0-SNAPSHOT/hdds-rocks-native-1.4.0-SNAPSHOT.jar:/home/runner/.m2/repository/org/apache/hadoop/hadoop-minikdc/3.3.6/hadoop-minikdc-3.3.6.jar:/home/runner/.m2/repository/org/apache/kerby/kerb-simplekdc/1.0.1/kerb-simplekdc-1.0.1.jar:/home/runner/.m2/repository/org/apache/kerby/kerb-client/1.0.1/kerb-client-1.0.1.jar:/home/runner/.m2/repository/org/apache/kerby/kerby-config/1.0.1/kerby-config-1.0.1.jar:/home/runner/.m2/repository/org/apache/kerby/kerb-common/1.0.1/kerb-common-1.0.1.jar:/home/runner/.m2/repository/org/apache/kerby/kerb-crypto/1.0.1/kerb-crypto-1.0.1.jar:/home/runner/.m2/repository/org/apache/kerby/kerb-util/1.0.1/kerb-util-1.0.1.jar:/home/runner/.m2/repository/org/apache/kerby/token-provider/1.0.1/token-provider-1.0.1.jar:/home/runner/.m2/repository/org/apache/kerby/kerb-admin/1.0.1/kerb-admin-1.0.1.jar:/home/runner/.m2/repository/org/apache/kerby/kerb-server/1.0.1/kerb-server-1.0.1.jar:/home/runner/.m2/repository/org/apache/kerby/kerb-identity/1.0.1/kerb-identity-1.0.1.jar:/home/runner/.m2/repository/org/apache/kerby/kerby-xdr/1.0.1/kerby-xdr-1.0.1.jar:/home/runner/.m2/repository/org/apache/ozone/ozone-s3gateway/1.4.0-SNAPSHOT/ozone-s3gateway-1.4.0-SNAPSHOT.jar:/home/runner/.m2/repository/org/javassist/javassist/3.21.0-GA/javassist-3.21.0-GA.jar:/home/runner/.m2/repository/org/jboss/weld/servlet/weld-servlet-shaded/3.1.9.Final/weld-servlet-shaded-3.1.9.Final.jar:/home/runner/.m2/repository/org/glassfish/jersey/containers/jersey-container-servlet-core/2.34/jersey-container-servlet-core-2.34.jar:/home/runner/.m2/repository/org/glassfish/hk2/external/jakarta.inject/2.6.1/jakarta.inject-2.6.1.jar:/home/runner/.m2/repository/org/glassfish/jersey/core/jersey-common/2.34/jersey-common-2.34.jar:/home/runner/.m2/repository/jakarta/ws/rs/jakarta.ws.rs-api/2.1.6/jakarta.ws.rs-api-2.1.6.jar:/home/runner/.m2/repository/org/glassfish/jersey/ext/cdi/jersey-cdi1x/2.34/jersey-cdi1x-2.34.jar:/home/runner/.m2/repository/org/glassfish/jersey/inject/jersey-hk2/2.34/jersey-hk2-2.34.jar:/home/runner/.m2/repository/org/glassfish/hk2/hk2-locator/2.6.1/hk2-locator-2.6.1.jar:/home/runner/.m2/repository/org/glassfish/jersey/media/jersey-media-jaxb/2.34/jersey-media-jaxb-2.34.jar:/home/runner/.m2/repository/org/glassfish/hk2/osgi-resource-locator/1.0.3/osgi-resource-locator-1.0.3.jar:/home/runner/.m2/repository/org/glassfish/hk2/hk2-api/2.5.0/hk2-api-2.5.0.jar:/home/runner/.m2/repository/org/glassfish/hk2/hk2-utils/2.5.0/hk2-utils-2.5.0.jar:/home/runner/.m2/repository/org/glassfish/hk2/external/aopalliance-repackaged/2.5.0/aopalliance-repackaged-2.5.0.jar:/home/runner/.m2/repository/com/fasterxml/jackson/dataformat/jackson-dataformat-xml/2.13.4/jackson-dataformat-xml-2.13.4.jar:/home/runner/.m2/repository/org/codehaus/woodstox/stax2-api/4.2.1/stax2-api-4.2.1.jar:/home/runner/.m2/repository/com/fasterxml/woodstox/woodstox-core/5.4.0/woodstox-core-5.4.0.jar:/home/runner/.m2/repository/com/fasterxml/jackson/module/jackson-module-jaxb-annotations/2.13.4/jackson-module-jaxb-annotations-2.13.4.jar:/home/runner/.m2/repository/jakarta/xml/bind/jakarta.xml.bind-api/2.3.3/jakarta.xml.bind-api-2.3.3.jar:/home/runner/.m2/repository/jakarta/activation/jakarta.activation-api/1.2.2/jakarta.activation-api-1.2.2.jar:/home/runner/.m2/repository/javax/enterprise/cdi-api/2.0/cdi-api-2.0.jar:/home/runner/.m2/repository/javax/el/javax.el-api/3.0.0/javax.el-api-3.0.0.jar:/home/runner/.m2/repository/javax/interceptor/javax.interceptor-api/1.2/javax.interceptor-api-1.2.jar:/home/runner/.m2/repository/javax/inject/javax.inject/1/javax.inject-1.jar:/home/runner/.m2/repository/javax/xml/bind/jaxb-api/2.3.0/jaxb-api-2.3.0.jar:/home/runner/.m2/repository/org/glassfish/jaxb/jaxb-runtime/2.3.0.1/jaxb-runtime-2.3.0.1.jar:/home/runner/.m2/repository/org/glassfish/jaxb/jaxb-core/2.3.0.1/jaxb-core-2.3.0.1.jar:/home/runner/.m2/repository/org/glassfish/jaxb/txw2/2.3.0.1/txw2-2.3.0.1.jar:/home/runner/.m2/repository/com/sun/istack/istack-commons-runtime/3.0.5/istack-commons-runtime-3.0.5.jar:/home/runner/.m2/repository/org/jvnet/staxex/stax-ex/1.7.8/stax-ex-1.7.8.jar:/home/runner/.m2/repository/com/sun/xml/fastinfoset/FastInfoset/1.2.13/FastInfoset-1.2.13.jar:/home/runner/.m2/repository/javax/activation/activation/1.1.1/activation-1.1.1.jar:/home/runner/.m2/repository/io/grpc/grpc-protobuf/1.51.1/grpc-protobuf-1.51.1.jar:/home/runner/.m2/repository/com/google/api/grpc/proto-google-common-protos/2.9.0/proto-google-common-protos-2.9.0.jar:/home/runner/.m2/repository/io/grpc/grpc-protobuf-lite/1.51.1/grpc-protobuf-lite-1.51.1.jar:/home/runner/.m2/repository/io/grpc/grpc-stub/1.51.1/grpc-stub-1.51.1.jar:/home/runner/.m2/repository/io/netty/netty-transport/4.1.94.Final/netty-transport-4.1.94.Final.jar:/home/runner/.m2/repository/io/netty/netty-resolver/4.1.94.Final/netty-resolver-4.1.94.Final.jar:/home/runner/.m2/repository/org/apache/ozone/ozone-csi/1.4.0-SNAPSHOT/ozone-csi-1.4.0-SNAPSHOT.jar:/home/runner/.m2/repository/com/google/protobuf/protobuf-java-util/3.19.6/protobuf-java-util-3.19.6.jar:/home/runner/.m2/repository/com/google/code/gson/gson/2.9.0/gson-2.9.0.jar:/home/runner/.m2/repository/org/apache/ozone/hdds-config/1.4.0-SNAPSHOT/hdds-config-1.4.0-SNAPSHOT.jar:/home/runner/.m2/repository/io/netty/netty-transport-native-epoll/4.1.94.Final/netty-transport-native-epoll-4.1.94.Final-linux-x86_64.jar:/home/runner/.m2/repository/io/netty/netty-transport-classes-epoll/4.1.94.Final/netty-transport-classes-epoll-4.1.94.Final.jar:/home/runner/.m2/repository/io/netty/netty-transport-native-unix-common/4.1.94.Final/netty-transport-native-unix-common-4.1.94.Final.jar:/home/runner/.m2/repository/org/apache/ozone/ozone-recon/1.4.0-SNAPSHOT/ozone-recon-1.4.0-SNAPSHOT.jar:/home/runner/.m2/repository/org/apache/ozone/ozone-reconcodegen/1.4.0-SNAPSHOT/ozone-reconcodegen-1.4.0-SNAPSHOT.jar:/home/runner/.m2/repository/com/google/inject/guice/5.1.0/guice-5.1.0.jar:/home/runner/.m2/repository/aopalliance/aopalliance/1.0/aopalliance-1.0.jar:/home/runner/.m2/repository/com/google/inject/extensions/guice-assistedinject/5.1.0/guice-assistedinject-5.1.0.jar:/home/runner/.m2/repository/com/google/inject/extensions/guice-servlet/5.1.0/guice-servlet-5.1.0.jar:/home/runner/.m2/repository/org/glassfish/jersey/containers/jersey-container-servlet/2.34/jersey-container-servlet-2.34.jar:/home/runner/.m2/repository/org/glassfish/hk2/guice-bridge/2.5.0/guice-bridge-2.5.0.jar:/home/runner/.m2/repository/org/glassfish/jersey/core/jersey-server/2.34/jersey-server-2.34.jar:/home/runner/.m2/repository/org/glassfish/jersey/core/jersey-client/2.34/jersey-client-2.34.jar:/home/runner/.m2/repository/jakarta/annotation/jakarta.annotation-api/1.3.5/jakarta.annotation-api-1.3.5.jar:/home/runner/.m2/repository/jakarta/validation/jakarta.validation-api/2.0.2/jakarta.validation-api-2.0.2.jar:/home/runner/.m2/repository/org/glassfish/jersey/media/jersey-media-json-jackson/2.34/jersey-media-json-jackson-2.34.jar:/home/runner/.m2/repository/org/glassfish/jersey/ext/jersey-entity-filtering/2.34/jersey-entity-filtering-2.34.jar:/home/runner/.m2/repository/org/jooq/jooq/3.11.10/jooq-3.11.10.jar:/home/runner/.m2/repository/org/jooq/jooq-meta/3.11.10/jooq-meta-3.11.10.jar:/home/runner/.m2/repository/org/jooq/jooq-codegen/3.11.10/jooq-codegen-3.11.10.jar:/home/runner/.m2/repository/com/jolbox/bonecp/0.8.0.RELEASE/bonecp-0.8.0.RELEASE.jar:/home/runner/.m2/repository/org/apache/derby/derby/10.14.2.0/derby-10.14.2.0.jar:/home/runner/.m2/repository/org/xerial/sqlite-jdbc/3.41.2.2/sqlite-jdbc-3.41.2.2.jar:/home/runner/.m2/repository/org/springframework/spring-jdbc/5.3.27/spring-jdbc-5.3.27.jar:/home/runner/.m2/repository/org/springframework/spring-beans/5.3.27/spring-beans-5.3.27.jar:/home/runner/.m2/repository/org/springframework/spring-core/5.3.27/spring-core-5.3.27.jar:/home/runner/.m2/repository/org/springframework/spring-tx/5.3.27/spring-tx-5.3.27.jar:/home/runner/.m2/repository/org/apache/ozone/ozone-client/1.4.0-SNAPSHOT/ozone-client-1.4.0-SNAPSHOT.jar:/home/runner/.m2/repository/org/apache/ozone/hdds-erasurecode/1.4.0-SNAPSHOT/hdds-erasurecode-1.4.0-SNAPSHOT.jar:/home/runner/.m2/repository/org/apache/ozone/ozone-filesystem/1.4.0-SNAPSHOT/ozone-filesystem-1.4.0-SNAPSHOT.jar:/home/runner/.m2/repository/org/apache/ozone/ozone-filesystem-common/1.4.0-SNAPSHOT/ozone-filesystem-common-1.4.0-SNAPSHOT.jar:/home/runner/.m2/repository/org/apache/ozone/ozone-tools/1.4.0-SNAPSHOT/ozone-tools-1.4.0-SNAPSHOT.jar:/home/runner/.m2/repository/com/amazonaws/aws-java-sdk-core/1.12.261/aws-java-sdk-core-1.12.261.jar:/home/runner/.m2/repository/org/apache/httpcomponents/httpclient/4.5.13/httpclient-4.5.13.jar:/home/runner/.m2/repository/org/apache/httpcomponents/httpcore/4.4.13/httpcore-4.4.13.jar:/home/runner/.m2/repository/software/amazon/ion/ion-java/1.0.2/ion-java-1.0.2.jar:/home/runner/.m2/repository/com/fasterxml/jackson/dataformat/jackson-dataformat-cbor/2.13.4/jackson-dataformat-cbor-2.13.4.jar:/home/runner/.m2/repository/joda-time/joda-time/2.10.6/joda-time-2.10.6.jar:/home/runner/.m2/repository/com/amazonaws/aws-java-sdk-s3/1.12.261/aws-java-sdk-s3-1.12.261.jar:/home/runner/.m2/repository/com/amazonaws/aws-java-sdk-kms/1.12.261/aws-java-sdk-kms-1.12.261.jar:/home/runner/.m2/repository/com/amazonaws/jmespath-java/1.12.261/jmespath-java-1.12.261.jar:/home/runner/.m2/repository/org/kohsuke/metainf-services/metainf-services/1.8/metainf-services-1.8.jar:/home/runner/.m2/repository/org/apache/ozone/hdds-tools/1.4.0-SNAPSHOT/hdds-tools-1.4.0-SNAPSHOT.jar:/home/runner/.m2/repository/org/apache/ratis/ratis-tools/2.5.1/ratis-tools-2.5.1.jar:/home/runner/.m2/repository/commons-cli/commons-cli/1.2/commons-cli-1.2.jar:/home/runner/.m2/repository/org/apache/commons/commons-lang3/3.7/commons-lang3-3.7.jar:/home/runner/.m2/repository/org/apache/ozone/ozone-manager/1.4.0-SNAPSHOT/ozone-manager-1.4.0-SNAPSHOT-tests.jar:/home/runner/.m2/repository/org/apache/ozone/hdds-common/1.4.0-SNAPSHOT/hdds-common-1.4.0-SNAPSHOT-tests.jar:/home/runner/.m2/repository/org/apache/ozone/hdds-hadoop-dependency-client/1.4.0-SNAPSHOT/hdds-hadoop-dependency-client-1.4.0-SNAPSHOT.jar:/home/runner/.m2/repository/info/picocli/picocli/4.6.1/picocli-4.6.1.jar:/home/runner/.m2/repository/com/fasterxml/jackson/core/jackson-annotations/2.13.4/jackson-annotations-2.13.4.jar:/home/runner/.m2/repository/org/apache/ozone/hdds-annotation-processing/1.4.0-SNAPSHOT/hdds-annotation-processing-1.4.0-SNAPSHOT.jar:/home/runner/.m2/repository/javax/annotation/javax.annotation-api/1.2/javax.annotation-api-1.2.jar:/home/runner/.m2/repository/org/apache/ratis/ratis-netty/2.5.1/ratis-netty-2.5.1.jar:/home/runner/.m2/repository/org/apache/ratis/ratis-grpc/2.5.1/ratis-grpc-2.5.1.jar:/home/runner/.m2/repository/org/apache/commons/commons-pool2/2.6.0/commons-pool2-2.6.0.jar:/home/runner/.m2/repository/org/bouncycastle/bcpkix-jdk15on/1.67/bcpkix-jdk15on-1.67.jar:/home/runner/.m2/repository/commons-validator/commons-validator/1.6/commons-validator-1.6.jar:/home/runner/.m2/repository/commons-beanutils/commons-beanutils/1.9.4/commons-beanutils-1.9.4.jar:/home/runner/.m2/repository/commons-digester/commons-digester/1.8.1/commons-digester-1.8.1.jar:/home/runner/.m2/repository/commons-collections/commons-collections/3.2.2/commons-collections-3.2.2.jar:/home/runner/.m2/repository/io/jaegertracing/jaeger-client/1.6.0/jaeger-client-1.6.0.jar:/home/runner/.m2/repository/io/jaegertracing/jaeger-thrift/1.6.0/jaeger-thrift-1.6.0.jar:/home/runner/.m2/repository/org/apache/thrift/libthrift/0.14.1/libthrift-0.14.1.jar:/home/runner/.m2/repository/io/jaegertracing/jaeger-core/1.6.0/jaeger-core-1.6.0.jar:/home/runner/.m2/repository/io/jaegertracing/jaeger-tracerresolver/1.6.0/jaeger-tracerresolver-1.6.0.jar:/home/runner/.m2/repository/io/opentracing/contrib/opentracing-tracerresolver/0.1.8/opentracing-tracerresolver-0.1.8.jar:/home/runner/.m2/repository/org/jetbrains/kotlin/kotlin-stdlib/1.6.21/kotlin-stdlib-1.6.21.jar:/home/runner/.m2/repository/org/jetbrains/annotations/13.0/annotations-13.0.jar:/home/runner/.m2/repository/io/opentracing/opentracing-util/0.33.0/opentracing-util-0.33.0.jar:/home/runner/.m2/repository/io/opentracing/opentracing-api/0.33.0/opentracing-api-0.33.0.jar:/home/runner/.m2/repository/io/opentracing/opentracing-noop/0.33.0/opentracing-noop-0.33.0.jar:/home/runner/.m2/repository/org/yaml/snakeyaml/2.0/snakeyaml-2.0.jar:/home/runner/.m2/repository/io/grpc/grpc-api/1.51.1/grpc-api-1.51.1.jar:/home/runner/.m2/repository/io/grpc/grpc-context/1.51.1/grpc-context-1.51.1.jar:/home/runner/.m2/repository/junit/junit/4.13.1/junit-4.13.1.jar:/home/runner/.m2/repository/org/hamcrest/hamcrest-core/1.3/hamcrest-core-1.3.jar:/home/runner/.m2/repository/org/junit/jupiter/junit-jupiter-api/5.8.2/junit-jupiter-api-5.8.2.jar:/home/runner/.m2/repository/org/opentest4j/opentest4j/1.2.0/opentest4j-1.2.0.jar:/home/runner/.m2/repository/org/junit/platform/junit-platform-commons/1.8.2/junit-platform-commons-1.8.2.jar:/home/runner/.m2/repository/org/apiguardian/apiguardian-api/1.1.2/apiguardian-api-1.1.2.jar:/home/runner/.m2/repository/org/junit/jupiter/junit-jupiter-params/5.8.2/junit-jupiter-params-5.8.2.jar:/home/runner/.m2/repository/org/junit/jupiter/junit-jupiter-migrationsupport/5.8.2/junit-jupiter-migrationsupport-5.8.2.jar:/home/runner/.m2/repository/org/junit/jupiter/junit-jupiter-engine/5.8.2/junit-jupiter-engine-5.8.2.jar:/home/runner/.m2/repository/org/junit/platform/junit-platform-engine/1.8.2/junit-platform-engine-1.8.2.jar:/home/runner/.m2/repository/org/junit/vintage/junit-vintage-engine/5.8.2/junit-vintage-engine-5.8.2.jar:/home/runner/.m2/repository/org/junit/platform/junit-platform-launcher/1.8.2/junit-platform-launcher-1.8.2.jar:/home/runner/.m2/repository/org/mockito/mockito-core/3.5.9/mockito-core-3.5.9.jar:/home/runner/.m2/repository/net/bytebuddy/byte-buddy/1.10.13/byte-buddy-1.10.13.jar:/home/runner/.m2/repository/net/bytebuddy/byte-buddy-agent/1.10.13/byte-buddy-agent-1.10.13.jar:/home/runner/.m2/repository/org/objenesis/objenesis/1.0/objenesis-1.0.jar:/home/runner/.m2/repository/org/apache/hadoop/hadoop-kms/3.3.6/hadoop-kms-3.3.6.jar:/home/runner/.m2/repository/org/apache/hadoop/hadoop-auth/3.3.6/hadoop-auth-3.3.6.jar:/home/runner/.m2/repository/com/nimbusds/nimbus-jose-jwt/9.8.1/nimbus-jose-jwt-9.8.1.jar:/home/runner/.m2/repository/com/github/stephenc/jcip/jcip-annotations/1.0-1/jcip-annotations-1.0-1.jar:/home/runner/.m2/repository/org/apache/zookeeper/zookeeper/3.5.6/zookeeper-3.5.6.jar:/home/runner/.m2/repository/org/apache/zookeeper/zookeeper-jute/3.5.6/zookeeper-jute-3.5.6.jar:/home/runner/.m2/repository/org/apache/yetus/audience-annotations/0.5.0/audience-annotations-0.5.0.jar:/home/runner/.m2/repository/org/apache/curator/curator-framework/4.2.0/curator-framework-4.2.0.jar:/home/runner/.m2/repository/org/apache/hadoop/thirdparty/hadoop-shaded-guava/1.1.1/hadoop-shaded-guava-1.1.1.jar:/home/runner/.m2/repository/com/sun/jersey/jersey-core/1.19/jersey-core-1.19.jar:/home/runner/.m2/repository/javax/ws/rs/jsr311-api/1.1.1/jsr311-api-1.1.1.jar:/home/runner/.m2/repository/com/sun/jersey/jersey-server/1.19/jersey-server-1.19.jar:/home/runner/.m2/repository/javax/servlet/javax.servlet-api/3.1.0/javax.servlet-api-3.1.0.jar:/home/runner/.m2/repository/org/apache/hadoop/hadoop-common/3.3.6/hadoop-common-3.3.6.jar:/home/runner/.m2/repository/org/apache/commons/commons-math3/3.1.1/commons-math3-3.1.1.jar:/home/runner/.m2/repository/commons-net/commons-net/3.9.0/commons-net-3.9.0.jar:/home/runner/.m2/repository/com/sun/jersey/jersey-servlet/1.19/jersey-servlet-1.19.jar:/home/runner/.m2/repository/com/github/pjfanning/jersey-json/1.20/jersey-json-1.20.jar:/home/runner/.m2/repository/org/codehaus/jettison/jettison/1.1/jettison-1.1.jar:/home/runner/.m2/repository/com/sun/xml/bind/jaxb-impl/2.2.3-1/jaxb-impl-2.2.3-1.jar:/home/runner/.m2/repository/com/google/re2j/re2j/1.1/re2j-1.1.jar:/home/runner/.m2/repository/com/jcraft/jsch/0.1.54/jsch-0.1.54.jar:/home/runner/.m2/repository/org/apache/curator/curator-client/4.2.0/curator-client-4.2.0.jar:/home/runner/.m2/repository/org/apache/curator/curator-recipes/5.2.0/curator-recipes-5.2.0.jar:/home/runner/.m2/repository/org/apache/kerby/kerb-core/1.0.1/kerb-core-1.0.1.jar:/home/runner/.m2/repository/org/apache/kerby/kerby-pkix/1.0.1/kerby-pkix-1.0.1.jar:/home/runner/.m2/repository/org/apache/kerby/kerby-asn1/1.0.1/kerby-asn1-1.0.1.jar:/home/runner/.m2/repository/org/apache/kerby/kerby-util/1.0.1/kerby-util-1.0.1.jar:/home/runner/.m2/repository/dnsjava/dnsjava/2.1.7/dnsjava-2.1.7.jar:/home/runner/.m2/repository/org/xerial/snappy/snappy-java/1.1.8.2/snappy-java-1.1.8.2.jar:/home/runner/.m2/repository/com/fasterxml/jackson/core/jackson-databind/2.13.4.2/jackson-databind-2.13.4.2.jar:/home/runner/.m2/repository/org/apache/hadoop/hadoop-kms/3.3.6/hadoop-kms-3.3.6-tests.jar:/home/runner/.m2/repository/org/apache/ozone/hdds-server-scm/1.4.0-SNAPSHOT/hdds-server-scm-1.4.0-SNAPSHOT-tests.jar:/home/runner/.m2/repository/org/apache/ozone/hdds-container-service/1.4.0-SNAPSHOT/hdds-container-service-1.4.0-SNAPSHOT-tests.jar:/home/runner/.m2/repository/com/github/luben/zstd-jni/1.5.2-5/zstd-jni-1.5.2-5.jar:/home/runner/.m2/repository/commons-codec/commons-codec/1.15/commons-codec-1.15.jar:/home/runner/.m2/repository/io/netty/netty-codec/4.1.94.Final/netty-codec-4.1.94.Final.jar:/home/runner/.m2/repository/io/netty/netty-handler/4.1.94.Final/netty-handler-4.1.94.Final.jar:/home/runner/.m2/repository/org/apache/ozone/hdds-hadoop-dependency-test/1.4.0-SNAPSHOT/hdds-hadoop-dependency-test-1.4.0-SNAPSHOT.jar:/home/runner/.m2/repository/org/apache/hadoop/hadoop-common/3.3.6/hadoop-common-3.3.6-tests.jar:/home/runner/.m2/repository/org/apache/hadoop/hadoop-hdfs/3.3.6/hadoop-hdfs-3.3.6-tests.jar:/home/runner/.m2/repository/org/assertj/assertj-core/3.12.2/assertj-core-3.12.2.jar:/home/runner/.m2/repository/org/apache/hadoop/hadoop-distcp/3.3.6/hadoop-distcp-3.3.6.jar:/home/runner/.m2/repository/org/apache/hadoop/hadoop-mapreduce-client-jobclient/3.3.6/hadoop-mapreduce-client-jobclient-3.3.6.jar:/home/runner/.m2/repository/org/apache/hadoop/hadoop-mapreduce-client-common/3.3.6/hadoop-mapreduce-client-common-3.3.6.jar:/home/runner/.m2/repository/org/apache/hadoop/hadoop-yarn-common/3.3.6/hadoop-yarn-common-3.3.6.jar:/home/runner/.m2/repository/org/apache/hadoop/hadoop-yarn-api/3.3.6/hadoop-yarn-api-3.3.6.jar:/home/runner/.m2/repository/com/sun/jersey/contribs/jersey-guice/1.19/jersey-guice-1.19.jar:/home/runner/.m2/repository/com/fasterxml/jackson/jaxrs/jackson-jaxrs-json-provider/2.13.4/jackson-jaxrs-json-provider-2.13.4.jar:/home/runner/.m2/repository/com/fasterxml/jackson/jaxrs/jackson-jaxrs-base/2.13.4/jackson-jaxrs-base-2.13.4.jar:/home/runner/.m2/repository/org/apache/hadoop/hadoop-yarn-client/3.3.6/hadoop-yarn-client-3.3.6.jar:/home/runner/.m2/repository/org/eclipse/jetty/websocket/websocket-client/9.4.51.v20230217/websocket-client-9.4.51.v20230217.jar:/home/runner/.m2/repository/org/eclipse/jetty/websocket/websocket-common/9.4.51.v20230217/websocket-common-9.4.51.v20230217.jar:/home/runner/.m2/repository/org/eclipse/jetty/websocket/websocket-api/9.4.51.v20230217/websocket-api-9.4.51.v20230217.jar:/home/runner/.m2/repository/org/jline/jline/3.9.0/jline-3.9.0.jar:/home/runner/.m2/repository/org/apache/hadoop/hadoop-mapreduce-client-core/3.3.6/hadoop-mapreduce-client-core-3.3.6.jar:/home/runner/.m2/repository/org/apache/avro/avro/1.7.7/avro-1.7.7.jar:/home/runner/.m2/repository/com/thoughtworks/paranamer/paranamer/2.3/paranamer-2.3.jar:/home/runner/.m2/repository/org/apache/hadoop/hadoop-annotations/3.3.6/hadoop-annotations-3.3.6.jar:/usr/lib/jvm/temurin-8-jdk-amd64/jre/../lib/tools.jar:/home/runner/.m2/repository/io/netty/netty/3.10.6.Final/netty-3.10.6.Final.jar:/home/runner/.m2/repository/org/apache/hadoop/hadoop-distcp/3.3.6/hadoop-distcp-3.3.6-tests.jar:/home/runner/.m2/repository/org/slf4j/jul-to-slf4j/1.7.36/jul-to-slf4j-1.7.36.jar:"/>
    <property name="java.vm.vendor" value="Temurin"/>
    <property name="sun.arch.data.model" value="64"/>
    <property name="test.build.dir" value="/home/runner/work/ozone/ozone/hadoop-ozone/integration-test/target/test-dir"/>
    <property name="test.cache.data" value=""/>
    <property name="java.vendor.url" value="https://adoptium.net/"/>
    <property name="user.timezone" value="Etc/UTC"/>
    <property name="java.vm.specification.version" value="1.8"/>
    <property name="os.name" value="Linux"/>
    <property name="test.build.data" value="/home/runner/work/ozone/ozone/hadoop-ozone/integration-test/target/test-dir"/>
    <property name="sun.java.launcher" value="SUN_STANDARD"/>
    <property name="sun.boot.library.path" value="/usr/lib/jvm/temurin-8-jdk-amd64/jre/lib/amd64"/>
    <property name="sun.java.command" value="/home/runner/work/ozone/ozone/hadoop-ozone/integration-test/target/surefire/surefirebooter4345836158494908143.jar /home/runner/work/ozone/ozone/hadoop-ozone/integration-test/target/surefire 2023-09-25T17-44-07_457-jvmRun1 surefire7101507312262446181tmp surefire_777481816427125657tmp"/>
    <property name="native.lib.tmp.dir" value="/tmp"/>
    <property name="surefire.test.class.path" value="/home/runner/work/ozone/ozone/hadoop-ozone/integration-test/target/test-classes:/home/runner/work/ozone/ozone/hadoop-ozone/integration-test/target/classes:/home/runner/.m2/repository/org/apache/ozone/ozone-common/1.4.0-SNAPSHOT/ozone-common-1.4.0-SNAPSHOT.jar:/home/runner/.m2/repository/io/grpc/grpc-netty/1.51.1/grpc-netty-1.51.1.jar:/home/runner/.m2/repository/io/grpc/grpc-core/1.51.1/grpc-core-1.51.1.jar:/home/runner/.m2/repository/com/google/android/annotations/4.1.1.4/annotations-4.1.1.4.jar:/home/runner/.m2/repository/org/codehaus/mojo/animal-sniffer-annotations/1.21/animal-sniffer-annotations-1.21.jar:/home/runner/.m2/repository/com/google/errorprone/error_prone_annotations/2.2.0/error_prone_annotations-2.2.0.jar:/home/runner/.m2/repository/io/perfmark/perfmark-api/0.25.0/perfmark-api-0.25.0.jar:/home/runner/.m2/repository/io/netty/netty-codec-http2/4.1.94.Final/netty-codec-http2-4.1.94.Final.jar:/home/runner/.m2/repository/io/netty/netty-common/4.1.94.Final/netty-common-4.1.94.Final.jar:/home/runner/.m2/repository/io/netty/netty-buffer/4.1.94.Final/netty-buffer-4.1.94.Final.jar:/home/runner/.m2/repository/io/netty/netty-codec-http/4.1.94.Final/netty-codec-http-4.1.94.Final.jar:/home/runner/.m2/repository/io/netty/netty-handler-proxy/4.1.94.Final/netty-handler-proxy-4.1.94.Final.jar:/home/runner/.m2/repository/io/netty/netty-codec-socks/4.1.94.Final/netty-codec-socks-4.1.94.Final.jar:/home/runner/.m2/repository/io/netty/netty-tcnative-boringssl-static/2.0.61.Final/netty-tcnative-boringssl-static-2.0.61.Final.jar:/home/runner/.m2/repository/io/netty/netty-tcnative-classes/2.0.61.Final/netty-tcnative-classes-2.0.61.Final.jar:/home/runner/.m2/repository/io/netty/netty-tcnative-boringssl-static/2.0.61.Final/netty-tcnative-boringssl-static-2.0.61.Final-linux-x86_64.jar:/home/runner/.m2/repository/io/netty/netty-tcnative-boringssl-static/2.0.61.Final/netty-tcnative-boringssl-static-2.0.61.Final-linux-aarch_64.jar:/home/runner/.m2/repository/io/netty/netty-tcnative-boringssl-static/2.0.61.Final/netty-tcnative-boringssl-static-2.0.61.Final-osx-x86_64.jar:/home/runner/.m2/repository/io/netty/netty-tcnative-boringssl-static/2.0.61.Final/netty-tcnative-boringssl-static-2.0.61.Final-osx-aarch_64.jar:/home/runner/.m2/repository/io/netty/netty-tcnative-boringssl-static/2.0.61.Final/netty-tcnative-boringssl-static-2.0.61.Final-windows-x86_64.jar:/home/runner/.m2/repository/org/apache/commons/commons-compress/1.21/commons-compress-1.21.jar:/home/runner/.m2/repository/org/apache/ozone/hdds-common/1.4.0-SNAPSHOT/hdds-common-1.4.0-SNAPSHOT.jar:/home/runner/.m2/repository/org/apache/ozone/hdds-client/1.4.0-SNAPSHOT/hdds-client-1.4.0-SNAPSHOT.jar:/home/runner/.m2/repository/org/apache/ozone/ozone-interface-client/1.4.0-SNAPSHOT/ozone-interface-client-1.4.0-SNAPSHOT.jar:/home/runner/.m2/repository/org/apache/hadoop/hadoop-hdfs-client/3.3.6/hadoop-hdfs-client-3.3.6.jar:/home/runner/.m2/repository/com/squareup/okhttp3/okhttp/4.9.3/okhttp-4.9.3.jar:/home/runner/.m2/repository/com/squareup/okio/okio/3.4.0/okio-3.4.0.jar:/home/runner/.m2/repository/com/squareup/okio/okio-jvm/3.4.0/okio-jvm-3.4.0.jar:/home/runner/.m2/repository/org/jetbrains/kotlin/kotlin-stdlib-jdk8/1.8.0/kotlin-stdlib-jdk8-1.8.0.jar:/home/runner/.m2/repository/org/jetbrains/kotlin/kotlin-stdlib-jdk7/1.8.0/kotlin-stdlib-jdk7-1.8.0.jar:/home/runner/.m2/repository/org/jetbrains/kotlin/kotlin-stdlib-common/1.6.21/kotlin-stdlib-common-1.6.21.jar:/home/runner/.m2/repository/org/apache/ozone/hdds-test-utils/1.4.0-SNAPSHOT/hdds-test-utils-1.4.0-SNAPSHOT.jar:/home/runner/.m2/repository/com/google/guava/guava/32.0.0-jre/guava-32.0.0-jre.jar:/home/runner/.m2/repository/com/google/guava/failureaccess/1.0.1/failureaccess-1.0.1.jar:/home/runner/.m2/repository/com/google/guava/listenablefuture/9999.0-empty-to-avoid-conflict-with-guava/listenablefuture-9999.0-empty-to-avoid-conflict-with-guava.jar:/home/runner/.m2/repository/com/google/code/findbugs/jsr305/3.0.0/jsr305-3.0.0.jar:/home/runner/.m2/repository/org/checkerframework/checker-qual/3.33.0/checker-qual-3.33.0.jar:/home/runner/.m2/repository/com/google/j2objc/j2objc-annotations/2.8/j2objc-annotations-2.8.jar:/home/runner/.m2/repository/commons-io/commons-io/2.11.0/commons-io-2.11.0.jar:/home/runner/.m2/repository/commons-logging/commons-logging/1.2/commons-logging-1.2.jar:/home/runner/.m2/repository/ch/qos/reload4j/reload4j/1.2.22/reload4j-1.2.22.jar:/home/runner/.m2/repository/org/slf4j/slf4j-api/1.7.36/slf4j-api-1.7.36.jar:/home/runner/.m2/repository/org/apache/logging/log4j/log4j-api/2.17.1/log4j-api-2.17.1.jar:/home/runner/.m2/repository/org/apache/ozone/hdds-server-scm/1.4.0-SNAPSHOT/hdds-server-scm-1.4.0-SNAPSHOT.jar:/home/runner/.m2/repository/org/apache/ozone/hdds-container-service/1.4.0-SNAPSHOT/hdds-container-service-1.4.0-SNAPSHOT.jar:/home/runner/.m2/repository/org/apache/ozone/hdds-hadoop-dependency-server/1.4.0-SNAPSHOT/hdds-hadoop-dependency-server-1.4.0-SNAPSHOT.jar:/home/runner/.m2/repository/org/apache/hadoop/hadoop-hdfs/3.3.6/hadoop-hdfs-3.3.6.jar:/home/runner/.m2/repository/commons-daemon/commons-daemon/1.0.13/commons-daemon-1.0.13.jar:/home/runner/.m2/repository/org/apache/ozone/hdds-server-framework/1.4.0-SNAPSHOT/hdds-server-framework-1.4.0-SNAPSHOT.jar:/home/runner/.m2/repository/io/dropwizard/metrics/metrics-core/3.2.4/metrics-core-3.2.4.jar:/home/runner/.m2/repository/org/apache/commons/commons-text/1.10.0/commons-text-1.10.0.jar:/home/runner/.m2/repository/org/bouncycastle/bcprov-jdk15on/1.67/bcprov-jdk15on-1.67.jar:/home/runner/.m2/repository/com/google/protobuf/protobuf-java/2.5.0/protobuf-java-2.5.0.jar:/home/runner/.m2/repository/org/apache/ozone/hdds-server-framework/1.4.0-SNAPSHOT/hdds-server-framework-1.4.0-SNAPSHOT-tests.jar:/home/runner/.m2/repository/org/apache/ozone/hdds-interface-server/1.4.0-SNAPSHOT/hdds-interface-server-1.4.0-SNAPSHOT.jar:/home/runner/.m2/repository/org/apache/ozone/hdds-interface-admin/1.4.0-SNAPSHOT/hdds-interface-admin-1.4.0-SNAPSHOT.jar:/home/runner/.m2/repository/org/apache/ozone/hdds-managed-rocksdb/1.4.0-SNAPSHOT/hdds-managed-rocksdb-1.4.0-SNAPSHOT.jar:/home/runner/.m2/repository/org/rocksdb/rocksdbjni/7.7.3/rocksdbjni-7.7.3.jar:/home/runner/.m2/repository/org/slf4j/slf4j-reload4j/1.7.36/slf4j-reload4j-1.7.36.jar:/home/runner/.m2/repository/org/apache/commons/commons-configuration2/2.1.1/commons-configuration2-2.1.1.jar:/home/runner/.m2/repository/commons-fileupload/commons-fileupload/1.5/commons-fileupload-1.5.jar:/home/runner/.m2/repository/org/apache/logging/log4j/log4j-core/2.17.1/log4j-core-2.17.1.jar:/home/runner/.m2/repository/com/lmax/disruptor/3.4.2/disruptor-3.4.2.jar:/home/runner/.m2/repository/org/eclipse/jetty/jetty-util/9.4.52.v20230823/jetty-util-9.4.52.v20230823.jar:/home/runner/.m2/repository/org/eclipse/jetty/jetty-server/9.4.52.v20230823/jetty-server-9.4.52.v20230823.jar:/home/runner/.m2/repository/org/eclipse/jetty/jetty-http/9.4.52.v20230823/jetty-http-9.4.52.v20230823.jar:/home/runner/.m2/repository/org/eclipse/jetty/jetty-io/9.4.52.v20230823/jetty-io-9.4.52.v20230823.jar:/home/runner/.m2/repository/org/eclipse/jetty/jetty-servlet/9.4.52.v20230823/jetty-servlet-9.4.52.v20230823.jar:/home/runner/.m2/repository/org/eclipse/jetty/jetty-security/9.4.52.v20230823/jetty-security-9.4.52.v20230823.jar:/home/runner/.m2/repository/org/eclipse/jetty/jetty-util-ajax/9.4.52.v20230823/jetty-util-ajax-9.4.52.v20230823.jar:/home/runner/.m2/repository/org/eclipse/jetty/jetty-webapp/9.4.52.v20230823/jetty-webapp-9.4.52.v20230823.jar:/home/runner/.m2/repository/org/eclipse/jetty/jetty-xml/9.4.52.v20230823/jetty-xml-9.4.52.v20230823.jar:/home/runner/.m2/repository/org/apache/ratis/ratis-server/2.5.1/ratis-server-2.5.1.jar:/home/runner/.m2/repository/org/apache/ratis/ratis-thirdparty-misc/1.0.4/ratis-thirdparty-misc-1.0.4.jar:/home/runner/.m2/repository/org/apache/ratis/ratis-proto/2.5.1/ratis-proto-2.5.1.jar:/home/runner/.m2/repository/org/apache/ratis/ratis-common/2.5.1/ratis-common-2.5.1.jar:/home/runner/.m2/repository/org/apache/ratis/ratis-client/2.5.1/ratis-client-2.5.1.jar:/home/runner/.m2/repository/org/apache/ratis/ratis-server-api/2.5.1/ratis-server-api-2.5.1.jar:/home/runner/.m2/repository/org/apache/ratis/ratis-metrics/2.5.1/ratis-metrics-2.5.1.jar:/home/runner/.m2/repository/io/prometheus/simpleclient_dropwizard/0.7.0/simpleclient_dropwizard-0.7.0.jar:/home/runner/.m2/repository/io/prometheus/simpleclient/0.7.0/simpleclient-0.7.0.jar:/home/runner/.m2/repository/io/prometheus/simpleclient_common/0.7.0/simpleclient_common-0.7.0.jar:/home/runner/.m2/repository/com/fasterxml/jackson/datatype/jackson-datatype-jsr310/2.13.4/jackson-datatype-jsr310-2.13.4.jar:/home/runner/.m2/repository/com/fasterxml/jackson/core/jackson-core/2.13.4/jackson-core-2.13.4.jar:/home/runner/.m2/repository/com/github/spotbugs/spotbugs-annotations/3.1.12/spotbugs-annotations-3.1.12.jar:/home/runner/.m2/repository/org/apache/ozone/rocksdb-checkpoint-differ/1.4.0-SNAPSHOT/rocksdb-checkpoint-differ-1.4.0-SNAPSHOT.jar:/home/runner/.m2/repository/org/jgrapht/jgrapht-core/1.0.1/jgrapht-core-1.0.1.jar:/home/runner/.m2/repository/org/jgrapht/jgrapht-ext/1.0.1/jgrapht-ext-1.0.1.jar:/home/runner/.m2/repository/org/tinyjee/jgraphx/jgraphx/2.0.0.1/jgraphx-2.0.0.1.jar:/home/runner/.m2/repository/jgraph/jgraph/5.13.0.0/jgraph-5.13.0.0.jar:/home/runner/.m2/repository/org/antlr/antlr4-runtime/4.5.3/antlr4-runtime-4.5.3.jar:/home/runner/.m2/repository/org/awaitility/awaitility/4.2.0/awaitility-4.2.0.jar:/home/runner/.m2/repository/org/hamcrest/hamcrest/2.1/hamcrest-2.1.jar:/home/runner/.m2/repository/org/apache/ozone/ozone-manager/1.4.0-SNAPSHOT/ozone-manager-1.4.0-SNAPSHOT.jar:/home/runner/.m2/repository/org/aspectj/aspectjrt/1.9.7/aspectjrt-1.9.7.jar:/home/runner/.m2/repository/org/aspectj/aspectjweaver/1.9.7/aspectjweaver-1.9.7.jar:/home/runner/.m2/repository/org/apache/ozone/hdds-interface-client/1.4.0-SNAPSHOT/hdds-interface-client-1.4.0-SNAPSHOT.jar:/home/runner/.m2/repository/org/apache/hadoop/thirdparty/hadoop-shaded-protobuf_3_7/1.1.1/hadoop-shaded-protobuf_3_7-1.1.1.jar:/home/runner/.m2/repository/org/apache/ozone/ozone-interface-storage/1.4.0-SNAPSHOT/ozone-interface-storage-1.4.0-SNAPSHOT.jar:/home/runner/.m2/repository/org/reflections/reflections/0.9.11/reflections-0.9.11.jar:/home/runner/.m2/repository/com/sun/jersey/jersey-client/1.19/jersey-client-1.19.jar:/home/runner/.m2/repository/org/codehaus/jackson/jackson-core-asl/1.9.13/jackson-core-asl-1.9.13.jar:/home/runner/.m2/repository/org/codehaus/jackson/jackson-mapper-asl/1.9.13/jackson-mapper-asl-1.9.13.jar:/home/runner/.m2/repository/org/codehaus/jackson/jackson-jaxrs/1.9.13/jackson-jaxrs-1.9.13.jar:/home/runner/.m2/repository/org/apache/ranger/ranger-intg/2.3.0/ranger-intg-2.3.0.jar:/home/runner/.m2/repository/org/apache/ranger/ranger-plugins-common/2.3.0/ranger-plugins-common-2.3.0.jar:/home/runner/.m2/repository/commons-lang/commons-lang/2.6/commons-lang-2.6.jar:/home/runner/.m2/repository/org/apache/ranger/ranger-plugins-cred/2.3.0/ranger-plugins-cred-2.3.0.jar:/home/runner/.m2/repository/org/apache/ranger/ranger-plugins-audit/2.3.0/ranger-plugins-audit-2.3.0.jar:/home/runner/.m2/repository/org/eclipse/jetty/jetty-client/9.4.52.v20230823/jetty-client-9.4.52.v20230823.jar:/home/runner/.m2/repository/org/apache/httpcomponents/httpmime/4.5.6/httpmime-4.5.6.jar:/home/runner/.m2/repository/org/apache/httpcomponents/httpcore-nio/4.4.13/httpcore-nio-4.4.13.jar:/home/runner/.m2/repository/org/apache/httpcomponents/httpasyncclient/4.1.3/httpasyncclient-4.1.3.jar:/home/runner/.m2/repository/com/carrotsearch/hppc/0.8.0/hppc-0.8.0.jar:/home/runner/.m2/repository/org/apache/orc/orc-core/1.5.8/orc-core-1.5.8.jar:/home/runner/.m2/repository/net/java/dev/jna/jna/5.2.0/jna-5.2.0.jar:/home/runner/.m2/repository/net/java/dev/jna/jna-platform/5.2.0/jna-platform-5.2.0.jar:/home/runner/.m2/repository/com/kstruct/gethostname4j/0.0.2/gethostname4j-0.0.2.jar:/home/runner/.m2/repository/org/apache/ranger/ranger-plugin-classloader/2.3.0/ranger-plugin-classloader-2.3.0.jar:/home/runner/.m2/repository/org/apache/ozone/hdds-rocks-native/1.4.0-SNAPSHOT/hdds-rocks-native-1.4.0-SNAPSHOT.jar:/home/runner/.m2/repository/org/apache/hadoop/hadoop-minikdc/3.3.6/hadoop-minikdc-3.3.6.jar:/home/runner/.m2/repository/org/apache/kerby/kerb-simplekdc/1.0.1/kerb-simplekdc-1.0.1.jar:/home/runner/.m2/repository/org/apache/kerby/kerb-client/1.0.1/kerb-client-1.0.1.jar:/home/runner/.m2/repository/org/apache/kerby/kerby-config/1.0.1/kerby-config-1.0.1.jar:/home/runner/.m2/repository/org/apache/kerby/kerb-common/1.0.1/kerb-common-1.0.1.jar:/home/runner/.m2/repository/org/apache/kerby/kerb-crypto/1.0.1/kerb-crypto-1.0.1.jar:/home/runner/.m2/repository/org/apache/kerby/kerb-util/1.0.1/kerb-util-1.0.1.jar:/home/runner/.m2/repository/org/apache/kerby/token-provider/1.0.1/token-provider-1.0.1.jar:/home/runner/.m2/repository/org/apache/kerby/kerb-admin/1.0.1/kerb-admin-1.0.1.jar:/home/runner/.m2/repository/org/apache/kerby/kerb-server/1.0.1/kerb-server-1.0.1.jar:/home/runner/.m2/repository/org/apache/kerby/kerb-identity/1.0.1/kerb-identity-1.0.1.jar:/home/runner/.m2/repository/org/apache/kerby/kerby-xdr/1.0.1/kerby-xdr-1.0.1.jar:/home/runner/.m2/repository/org/apache/ozone/ozone-s3gateway/1.4.0-SNAPSHOT/ozone-s3gateway-1.4.0-SNAPSHOT.jar:/home/runner/.m2/repository/org/javassist/javassist/3.21.0-GA/javassist-3.21.0-GA.jar:/home/runner/.m2/repository/org/jboss/weld/servlet/weld-servlet-shaded/3.1.9.Final/weld-servlet-shaded-3.1.9.Final.jar:/home/runner/.m2/repository/org/glassfish/jersey/containers/jersey-container-servlet-core/2.34/jersey-container-servlet-core-2.34.jar:/home/runner/.m2/repository/org/glassfish/hk2/external/jakarta.inject/2.6.1/jakarta.inject-2.6.1.jar:/home/runner/.m2/repository/org/glassfish/jersey/core/jersey-common/2.34/jersey-common-2.34.jar:/home/runner/.m2/repository/jakarta/ws/rs/jakarta.ws.rs-api/2.1.6/jakarta.ws.rs-api-2.1.6.jar:/home/runner/.m2/repository/org/glassfish/jersey/ext/cdi/jersey-cdi1x/2.34/jersey-cdi1x-2.34.jar:/home/runner/.m2/repository/org/glassfish/jersey/inject/jersey-hk2/2.34/jersey-hk2-2.34.jar:/home/runner/.m2/repository/org/glassfish/hk2/hk2-locator/2.6.1/hk2-locator-2.6.1.jar:/home/runner/.m2/repository/org/glassfish/jersey/media/jersey-media-jaxb/2.34/jersey-media-jaxb-2.34.jar:/home/runner/.m2/repository/org/glassfish/hk2/osgi-resource-locator/1.0.3/osgi-resource-locator-1.0.3.jar:/home/runner/.m2/repository/org/glassfish/hk2/hk2-api/2.5.0/hk2-api-2.5.0.jar:/home/runner/.m2/repository/org/glassfish/hk2/hk2-utils/2.5.0/hk2-utils-2.5.0.jar:/home/runner/.m2/repository/org/glassfish/hk2/external/aopalliance-repackaged/2.5.0/aopalliance-repackaged-2.5.0.jar:/home/runner/.m2/repository/com/fasterxml/jackson/dataformat/jackson-dataformat-xml/2.13.4/jackson-dataformat-xml-2.13.4.jar:/home/runner/.m2/repository/org/codehaus/woodstox/stax2-api/4.2.1/stax2-api-4.2.1.jar:/home/runner/.m2/repository/com/fasterxml/woodstox/woodstox-core/5.4.0/woodstox-core-5.4.0.jar:/home/runner/.m2/repository/com/fasterxml/jackson/module/jackson-module-jaxb-annotations/2.13.4/jackson-module-jaxb-annotations-2.13.4.jar:/home/runner/.m2/repository/jakarta/xml/bind/jakarta.xml.bind-api/2.3.3/jakarta.xml.bind-api-2.3.3.jar:/home/runner/.m2/repository/jakarta/activation/jakarta.activation-api/1.2.2/jakarta.activation-api-1.2.2.jar:/home/runner/.m2/repository/javax/enterprise/cdi-api/2.0/cdi-api-2.0.jar:/home/runner/.m2/repository/javax/el/javax.el-api/3.0.0/javax.el-api-3.0.0.jar:/home/runner/.m2/repository/javax/interceptor/javax.interceptor-api/1.2/javax.interceptor-api-1.2.jar:/home/runner/.m2/repository/javax/inject/javax.inject/1/javax.inject-1.jar:/home/runner/.m2/repository/javax/xml/bind/jaxb-api/2.3.0/jaxb-api-2.3.0.jar:/home/runner/.m2/repository/org/glassfish/jaxb/jaxb-runtime/2.3.0.1/jaxb-runtime-2.3.0.1.jar:/home/runner/.m2/repository/org/glassfish/jaxb/jaxb-core/2.3.0.1/jaxb-core-2.3.0.1.jar:/home/runner/.m2/repository/org/glassfish/jaxb/txw2/2.3.0.1/txw2-2.3.0.1.jar:/home/runner/.m2/repository/com/sun/istack/istack-commons-runtime/3.0.5/istack-commons-runtime-3.0.5.jar:/home/runner/.m2/repository/org/jvnet/staxex/stax-ex/1.7.8/stax-ex-1.7.8.jar:/home/runner/.m2/repository/com/sun/xml/fastinfoset/FastInfoset/1.2.13/FastInfoset-1.2.13.jar:/home/runner/.m2/repository/javax/activation/activation/1.1.1/activation-1.1.1.jar:/home/runner/.m2/repository/io/grpc/grpc-protobuf/1.51.1/grpc-protobuf-1.51.1.jar:/home/runner/.m2/repository/com/google/api/grpc/proto-google-common-protos/2.9.0/proto-google-common-protos-2.9.0.jar:/home/runner/.m2/repository/io/grpc/grpc-protobuf-lite/1.51.1/grpc-protobuf-lite-1.51.1.jar:/home/runner/.m2/repository/io/grpc/grpc-stub/1.51.1/grpc-stub-1.51.1.jar:/home/runner/.m2/repository/io/netty/netty-transport/4.1.94.Final/netty-transport-4.1.94.Final.jar:/home/runner/.m2/repository/io/netty/netty-resolver/4.1.94.Final/netty-resolver-4.1.94.Final.jar:/home/runner/.m2/repository/org/apache/ozone/ozone-csi/1.4.0-SNAPSHOT/ozone-csi-1.4.0-SNAPSHOT.jar:/home/runner/.m2/repository/com/google/protobuf/protobuf-java-util/3.19.6/protobuf-java-util-3.19.6.jar:/home/runner/.m2/repository/com/google/code/gson/gson/2.9.0/gson-2.9.0.jar:/home/runner/.m2/repository/org/apache/ozone/hdds-config/1.4.0-SNAPSHOT/hdds-config-1.4.0-SNAPSHOT.jar:/home/runner/.m2/repository/io/netty/netty-transport-native-epoll/4.1.94.Final/netty-transport-native-epoll-4.1.94.Final-linux-x86_64.jar:/home/runner/.m2/repository/io/netty/netty-transport-classes-epoll/4.1.94.Final/netty-transport-classes-epoll-4.1.94.Final.jar:/home/runner/.m2/repository/io/netty/netty-transport-native-unix-common/4.1.94.Final/netty-transport-native-unix-common-4.1.94.Final.jar:/home/runner/.m2/repository/org/apache/ozone/ozone-recon/1.4.0-SNAPSHOT/ozone-recon-1.4.0-SNAPSHOT.jar:/home/runner/.m2/repository/org/apache/ozone/ozone-reconcodegen/1.4.0-SNAPSHOT/ozone-reconcodegen-1.4.0-SNAPSHOT.jar:/home/runner/.m2/repository/com/google/inject/guice/5.1.0/guice-5.1.0.jar:/home/runner/.m2/repository/aopalliance/aopalliance/1.0/aopalliance-1.0.jar:/home/runner/.m2/repository/com/google/inject/extensions/guice-assistedinject/5.1.0/guice-assistedinject-5.1.0.jar:/home/runner/.m2/repository/com/google/inject/extensions/guice-servlet/5.1.0/guice-servlet-5.1.0.jar:/home/runner/.m2/repository/org/glassfish/jersey/containers/jersey-container-servlet/2.34/jersey-container-servlet-2.34.jar:/home/runner/.m2/repository/org/glassfish/hk2/guice-bridge/2.5.0/guice-bridge-2.5.0.jar:/home/runner/.m2/repository/org/glassfish/jersey/core/jersey-server/2.34/jersey-server-2.34.jar:/home/runner/.m2/repository/org/glassfish/jersey/core/jersey-client/2.34/jersey-client-2.34.jar:/home/runner/.m2/repository/jakarta/annotation/jakarta.annotation-api/1.3.5/jakarta.annotation-api-1.3.5.jar:/home/runner/.m2/repository/jakarta/validation/jakarta.validation-api/2.0.2/jakarta.validation-api-2.0.2.jar:/home/runner/.m2/repository/org/glassfish/jersey/media/jersey-media-json-jackson/2.34/jersey-media-json-jackson-2.34.jar:/home/runner/.m2/repository/org/glassfish/jersey/ext/jersey-entity-filtering/2.34/jersey-entity-filtering-2.34.jar:/home/runner/.m2/repository/org/jooq/jooq/3.11.10/jooq-3.11.10.jar:/home/runner/.m2/repository/org/jooq/jooq-meta/3.11.10/jooq-meta-3.11.10.jar:/home/runner/.m2/repository/org/jooq/jooq-codegen/3.11.10/jooq-codegen-3.11.10.jar:/home/runner/.m2/repository/com/jolbox/bonecp/0.8.0.RELEASE/bonecp-0.8.0.RELEASE.jar:/home/runner/.m2/repository/org/apache/derby/derby/10.14.2.0/derby-10.14.2.0.jar:/home/runner/.m2/repository/org/xerial/sqlite-jdbc/3.41.2.2/sqlite-jdbc-3.41.2.2.jar:/home/runner/.m2/repository/org/springframework/spring-jdbc/5.3.27/spring-jdbc-5.3.27.jar:/home/runner/.m2/repository/org/springframework/spring-beans/5.3.27/spring-beans-5.3.27.jar:/home/runner/.m2/repository/org/springframework/spring-core/5.3.27/spring-core-5.3.27.jar:/home/runner/.m2/repository/org/springframework/spring-tx/5.3.27/spring-tx-5.3.27.jar:/home/runner/.m2/repository/org/apache/ozone/ozone-client/1.4.0-SNAPSHOT/ozone-client-1.4.0-SNAPSHOT.jar:/home/runner/.m2/repository/org/apache/ozone/hdds-erasurecode/1.4.0-SNAPSHOT/hdds-erasurecode-1.4.0-SNAPSHOT.jar:/home/runner/.m2/repository/org/apache/ozone/ozone-filesystem/1.4.0-SNAPSHOT/ozone-filesystem-1.4.0-SNAPSHOT.jar:/home/runner/.m2/repository/org/apache/ozone/ozone-filesystem-common/1.4.0-SNAPSHOT/ozone-filesystem-common-1.4.0-SNAPSHOT.jar:/home/runner/.m2/repository/org/apache/ozone/ozone-tools/1.4.0-SNAPSHOT/ozone-tools-1.4.0-SNAPSHOT.jar:/home/runner/.m2/repository/com/amazonaws/aws-java-sdk-core/1.12.261/aws-java-sdk-core-1.12.261.jar:/home/runner/.m2/repository/org/apache/httpcomponents/httpclient/4.5.13/httpclient-4.5.13.jar:/home/runner/.m2/repository/org/apache/httpcomponents/httpcore/4.4.13/httpcore-4.4.13.jar:/home/runner/.m2/repository/software/amazon/ion/ion-java/1.0.2/ion-java-1.0.2.jar:/home/runner/.m2/repository/com/fasterxml/jackson/dataformat/jackson-dataformat-cbor/2.13.4/jackson-dataformat-cbor-2.13.4.jar:/home/runner/.m2/repository/joda-time/joda-time/2.10.6/joda-time-2.10.6.jar:/home/runner/.m2/repository/com/amazonaws/aws-java-sdk-s3/1.12.261/aws-java-sdk-s3-1.12.261.jar:/home/runner/.m2/repository/com/amazonaws/aws-java-sdk-kms/1.12.261/aws-java-sdk-kms-1.12.261.jar:/home/runner/.m2/repository/com/amazonaws/jmespath-java/1.12.261/jmespath-java-1.12.261.jar:/home/runner/.m2/repository/org/kohsuke/metainf-services/metainf-services/1.8/metainf-services-1.8.jar:/home/runner/.m2/repository/org/apache/ozone/hdds-tools/1.4.0-SNAPSHOT/hdds-tools-1.4.0-SNAPSHOT.jar:/home/runner/.m2/repository/org/apache/ratis/ratis-tools/2.5.1/ratis-tools-2.5.1.jar:/home/runner/.m2/repository/commons-cli/commons-cli/1.2/commons-cli-1.2.jar:/home/runner/.m2/repository/org/apache/commons/commons-lang3/3.7/commons-lang3-3.7.jar:/home/runner/.m2/repository/org/apache/ozone/ozone-manager/1.4.0-SNAPSHOT/ozone-manager-1.4.0-SNAPSHOT-tests.jar:/home/runner/.m2/repository/org/apache/ozone/hdds-common/1.4.0-SNAPSHOT/hdds-common-1.4.0-SNAPSHOT-tests.jar:/home/runner/.m2/repository/org/apache/ozone/hdds-hadoop-dependency-client/1.4.0-SNAPSHOT/hdds-hadoop-dependency-client-1.4.0-SNAPSHOT.jar:/home/runner/.m2/repository/info/picocli/picocli/4.6.1/picocli-4.6.1.jar:/home/runner/.m2/repository/com/fasterxml/jackson/core/jackson-annotations/2.13.4/jackson-annotations-2.13.4.jar:/home/runner/.m2/repository/org/apache/ozone/hdds-annotation-processing/1.4.0-SNAPSHOT/hdds-annotation-processing-1.4.0-SNAPSHOT.jar:/home/runner/.m2/repository/javax/annotation/javax.annotation-api/1.2/javax.annotation-api-1.2.jar:/home/runner/.m2/repository/org/apache/ratis/ratis-netty/2.5.1/ratis-netty-2.5.1.jar:/home/runner/.m2/repository/org/apache/ratis/ratis-grpc/2.5.1/ratis-grpc-2.5.1.jar:/home/runner/.m2/repository/org/apache/commons/commons-pool2/2.6.0/commons-pool2-2.6.0.jar:/home/runner/.m2/repository/org/bouncycastle/bcpkix-jdk15on/1.67/bcpkix-jdk15on-1.67.jar:/home/runner/.m2/repository/commons-validator/commons-validator/1.6/commons-validator-1.6.jar:/home/runner/.m2/repository/commons-beanutils/commons-beanutils/1.9.4/commons-beanutils-1.9.4.jar:/home/runner/.m2/repository/commons-digester/commons-digester/1.8.1/commons-digester-1.8.1.jar:/home/runner/.m2/repository/commons-collections/commons-collections/3.2.2/commons-collections-3.2.2.jar:/home/runner/.m2/repository/io/jaegertracing/jaeger-client/1.6.0/jaeger-client-1.6.0.jar:/home/runner/.m2/repository/io/jaegertracing/jaeger-thrift/1.6.0/jaeger-thrift-1.6.0.jar:/home/runner/.m2/repository/org/apache/thrift/libthrift/0.14.1/libthrift-0.14.1.jar:/home/runner/.m2/repository/io/jaegertracing/jaeger-core/1.6.0/jaeger-core-1.6.0.jar:/home/runner/.m2/repository/io/jaegertracing/jaeger-tracerresolver/1.6.0/jaeger-tracerresolver-1.6.0.jar:/home/runner/.m2/repository/io/opentracing/contrib/opentracing-tracerresolver/0.1.8/opentracing-tracerresolver-0.1.8.jar:/home/runner/.m2/repository/org/jetbrains/kotlin/kotlin-stdlib/1.6.21/kotlin-stdlib-1.6.21.jar:/home/runner/.m2/repository/org/jetbrains/annotations/13.0/annotations-13.0.jar:/home/runner/.m2/repository/io/opentracing/opentracing-util/0.33.0/opentracing-util-0.33.0.jar:/home/runner/.m2/repository/io/opentracing/opentracing-api/0.33.0/opentracing-api-0.33.0.jar:/home/runner/.m2/repository/io/opentracing/opentracing-noop/0.33.0/opentracing-noop-0.33.0.jar:/home/runner/.m2/repository/org/yaml/snakeyaml/2.0/snakeyaml-2.0.jar:/home/runner/.m2/repository/io/grpc/grpc-api/1.51.1/grpc-api-1.51.1.jar:/home/runner/.m2/repository/io/grpc/grpc-context/1.51.1/grpc-context-1.51.1.jar:/home/runner/.m2/repository/junit/junit/4.13.1/junit-4.13.1.jar:/home/runner/.m2/repository/org/hamcrest/hamcrest-core/1.3/hamcrest-core-1.3.jar:/home/runner/.m2/repository/org/junit/jupiter/junit-jupiter-api/5.8.2/junit-jupiter-api-5.8.2.jar:/home/runner/.m2/repository/org/opentest4j/opentest4j/1.2.0/opentest4j-1.2.0.jar:/home/runner/.m2/repository/org/junit/platform/junit-platform-commons/1.8.2/junit-platform-commons-1.8.2.jar:/home/runner/.m2/repository/org/apiguardian/apiguardian-api/1.1.2/apiguardian-api-1.1.2.jar:/home/runner/.m2/repository/org/junit/jupiter/junit-jupiter-params/5.8.2/junit-jupiter-params-5.8.2.jar:/home/runner/.m2/repository/org/junit/jupiter/junit-jupiter-migrationsupport/5.8.2/junit-jupiter-migrationsupport-5.8.2.jar:/home/runner/.m2/repository/org/junit/jupiter/junit-jupiter-engine/5.8.2/junit-jupiter-engine-5.8.2.jar:/home/runner/.m2/repository/org/junit/platform/junit-platform-engine/1.8.2/junit-platform-engine-1.8.2.jar:/home/runner/.m2/repository/org/junit/vintage/junit-vintage-engine/5.8.2/junit-vintage-engine-5.8.2.jar:/home/runner/.m2/repository/org/junit/platform/junit-platform-launcher/1.8.2/junit-platform-launcher-1.8.2.jar:/home/runner/.m2/repository/org/mockito/mockito-core/3.5.9/mockito-core-3.5.9.jar:/home/runner/.m2/repository/net/bytebuddy/byte-buddy/1.10.13/byte-buddy-1.10.13.jar:/home/runner/.m2/repository/net/bytebuddy/byte-buddy-agent/1.10.13/byte-buddy-agent-1.10.13.jar:/home/runner/.m2/repository/org/objenesis/objenesis/1.0/objenesis-1.0.jar:/home/runner/.m2/repository/org/apache/hadoop/hadoop-kms/3.3.6/hadoop-kms-3.3.6.jar:/home/runner/.m2/repository/org/apache/hadoop/hadoop-auth/3.3.6/hadoop-auth-3.3.6.jar:/home/runner/.m2/repository/com/nimbusds/nimbus-jose-jwt/9.8.1/nimbus-jose-jwt-9.8.1.jar:/home/runner/.m2/repository/com/github/stephenc/jcip/jcip-annotations/1.0-1/jcip-annotations-1.0-1.jar:/home/runner/.m2/repository/org/apache/zookeeper/zookeeper/3.5.6/zookeeper-3.5.6.jar:/home/runner/.m2/repository/org/apache/zookeeper/zookeeper-jute/3.5.6/zookeeper-jute-3.5.6.jar:/home/runner/.m2/repository/org/apache/yetus/audience-annotations/0.5.0/audience-annotations-0.5.0.jar:/home/runner/.m2/repository/org/apache/curator/curator-framework/4.2.0/curator-framework-4.2.0.jar:/home/runner/.m2/repository/org/apache/hadoop/thirdparty/hadoop-shaded-guava/1.1.1/hadoop-shaded-guava-1.1.1.jar:/home/runner/.m2/repository/com/sun/jersey/jersey-core/1.19/jersey-core-1.19.jar:/home/runner/.m2/repository/javax/ws/rs/jsr311-api/1.1.1/jsr311-api-1.1.1.jar:/home/runner/.m2/repository/com/sun/jersey/jersey-server/1.19/jersey-server-1.19.jar:/home/runner/.m2/repository/javax/servlet/javax.servlet-api/3.1.0/javax.servlet-api-3.1.0.jar:/home/runner/.m2/repository/org/apache/hadoop/hadoop-common/3.3.6/hadoop-common-3.3.6.jar:/home/runner/.m2/repository/org/apache/commons/commons-math3/3.1.1/commons-math3-3.1.1.jar:/home/runner/.m2/repository/commons-net/commons-net/3.9.0/commons-net-3.9.0.jar:/home/runner/.m2/repository/com/sun/jersey/jersey-servlet/1.19/jersey-servlet-1.19.jar:/home/runner/.m2/repository/com/github/pjfanning/jersey-json/1.20/jersey-json-1.20.jar:/home/runner/.m2/repository/org/codehaus/jettison/jettison/1.1/jettison-1.1.jar:/home/runner/.m2/repository/com/sun/xml/bind/jaxb-impl/2.2.3-1/jaxb-impl-2.2.3-1.jar:/home/runner/.m2/repository/com/google/re2j/re2j/1.1/re2j-1.1.jar:/home/runner/.m2/repository/com/jcraft/jsch/0.1.54/jsch-0.1.54.jar:/home/runner/.m2/repository/org/apache/curator/curator-client/4.2.0/curator-client-4.2.0.jar:/home/runner/.m2/repository/org/apache/curator/curator-recipes/5.2.0/curator-recipes-5.2.0.jar:/home/runner/.m2/repository/org/apache/kerby/kerb-core/1.0.1/kerb-core-1.0.1.jar:/home/runner/.m2/repository/org/apache/kerby/kerby-pkix/1.0.1/kerby-pkix-1.0.1.jar:/home/runner/.m2/repository/org/apache/kerby/kerby-asn1/1.0.1/kerby-asn1-1.0.1.jar:/home/runner/.m2/repository/org/apache/kerby/kerby-util/1.0.1/kerby-util-1.0.1.jar:/home/runner/.m2/repository/dnsjava/dnsjava/2.1.7/dnsjava-2.1.7.jar:/home/runner/.m2/repository/org/xerial/snappy/snappy-java/1.1.8.2/snappy-java-1.1.8.2.jar:/home/runner/.m2/repository/com/fasterxml/jackson/core/jackson-databind/2.13.4.2/jackson-databind-2.13.4.2.jar:/home/runner/.m2/repository/org/apache/hadoop/hadoop-kms/3.3.6/hadoop-kms-3.3.6-tests.jar:/home/runner/.m2/repository/org/apache/ozone/hdds-server-scm/1.4.0-SNAPSHOT/hdds-server-scm-1.4.0-SNAPSHOT-tests.jar:/home/runner/.m2/repository/org/apache/ozone/hdds-container-service/1.4.0-SNAPSHOT/hdds-container-service-1.4.0-SNAPSHOT-tests.jar:/home/runner/.m2/repository/com/github/luben/zstd-jni/1.5.2-5/zstd-jni-1.5.2-5.jar:/home/runner/.m2/repository/commons-codec/commons-codec/1.15/commons-codec-1.15.jar:/home/runner/.m2/repository/io/netty/netty-codec/4.1.94.Final/netty-codec-4.1.94.Final.jar:/home/runner/.m2/repository/io/netty/netty-handler/4.1.94.Final/netty-handler-4.1.94.Final.jar:/home/runner/.m2/repository/org/apache/ozone/hdds-hadoop-dependency-test/1.4.0-SNAPSHOT/hdds-hadoop-dependency-test-1.4.0-SNAPSHOT.jar:/home/runner/.m2/repository/org/apache/hadoop/hadoop-common/3.3.6/hadoop-common-3.3.6-tests.jar:/home/runner/.m2/repository/org/apache/hadoop/hadoop-hdfs/3.3.6/hadoop-hdfs-3.3.6-tests.jar:/home/runner/.m2/repository/org/assertj/assertj-core/3.12.2/assertj-core-3.12.2.jar:/home/runner/.m2/repository/org/apache/hadoop/hadoop-distcp/3.3.6/hadoop-distcp-3.3.6.jar:/home/runner/.m2/repository/org/apache/hadoop/hadoop-mapreduce-client-jobclient/3.3.6/hadoop-mapreduce-client-jobclient-3.3.6.jar:/home/runner/.m2/repository/org/apache/hadoop/hadoop-mapreduce-client-common/3.3.6/hadoop-mapreduce-client-common-3.3.6.jar:/home/runner/.m2/repository/org/apache/hadoop/hadoop-yarn-common/3.3.6/hadoop-yarn-common-3.3.6.jar:/home/runner/.m2/repository/org/apache/hadoop/hadoop-yarn-api/3.3.6/hadoop-yarn-api-3.3.6.jar:/home/runner/.m2/repository/com/sun/jersey/contribs/jersey-guice/1.19/jersey-guice-1.19.jar:/home/runner/.m2/repository/com/fasterxml/jackson/jaxrs/jackson-jaxrs-json-provider/2.13.4/jackson-jaxrs-json-provider-2.13.4.jar:/home/runner/.m2/repository/com/fasterxml/jackson/jaxrs/jackson-jaxrs-base/2.13.4/jackson-jaxrs-base-2.13.4.jar:/home/runner/.m2/repository/org/apache/hadoop/hadoop-yarn-client/3.3.6/hadoop-yarn-client-3.3.6.jar:/home/runner/.m2/repository/org/eclipse/jetty/websocket/websocket-client/9.4.51.v20230217/websocket-client-9.4.51.v20230217.jar:/home/runner/.m2/repository/org/eclipse/jetty/websocket/websocket-common/9.4.51.v20230217/websocket-common-9.4.51.v20230217.jar:/home/runner/.m2/repository/org/eclipse/jetty/websocket/websocket-api/9.4.51.v20230217/websocket-api-9.4.51.v20230217.jar:/home/runner/.m2/repository/org/jline/jline/3.9.0/jline-3.9.0.jar:/home/runner/.m2/repository/org/apache/hadoop/hadoop-mapreduce-client-core/3.3.6/hadoop-mapreduce-client-core-3.3.6.jar:/home/runner/.m2/repository/org/apache/avro/avro/1.7.7/avro-1.7.7.jar:/home/runner/.m2/repository/com/thoughtworks/paranamer/paranamer/2.3/paranamer-2.3.jar:/home/runner/.m2/repository/org/apache/hadoop/hadoop-annotations/3.3.6/hadoop-annotations-3.3.6.jar:/usr/lib/jvm/temurin-8-jdk-amd64/jre/../lib/tools.jar:/home/runner/.m2/repository/io/netty/netty/3.10.6.Final/netty-3.10.6.Final.jar:/home/runner/.m2/repository/org/apache/hadoop/hadoop-distcp/3.3.6/hadoop-distcp-3.3.6-tests.jar:/home/runner/.m2/repository/org/slf4j/jul-to-slf4j/1.7.36/jul-to-slf4j-1.7.36.jar:"/>
    <property name="sun.cpu.endian" value="little"/>
    <property name="user.home" value="/home/runner"/>
    <property name="user.language" value="en"/>
    <property name="java.specification.vendor" value="Oracle Corporation"/>
    <property name="java.home" value="/usr/lib/jvm/temurin-8-jdk-amd64/jre"/>
    <property name="java.security.krb5.conf" value="/home/runner/work/ozone/ozone/hadoop-ozone/integration-test/target/test-classes/krb5.conf"/>
    <property name="basedir" value="/home/runner/work/ozone/ozone/hadoop-ozone/integration-test"/>
    <property name="file.separator" value="/"/>
    <property name="line.separator" value="&#10;"/>
    <property name="java.vm.specification.vendor" value="Oracle Corporation"/>
    <property name="java.specification.name" value="Java Platform API Specification"/>
    <property name="java.awt.graphicsenv" value="sun.awt.X11GraphicsEnvironment"/>
    <property name="skip.installnpx" value="true"/>
    <property name="surefire.real.class.path" value="/home/runner/work/ozone/ozone/hadoop-ozone/integration-test/target/surefire/surefirebooter4345836158494908143.jar:/home/runner/.m2/repository/org/jacoco/org.jacoco.agent/0.8.5/org.jacoco.agent-0.8.5-runtime.jar"/>
    <property name="hadoop.log.dir" value="/home/runner/work/ozone/ozone/hadoop-ozone/integration-test/target/log"/>
    <property name="sun.boot.class.path" value="/usr/lib/jvm/temurin-8-jdk-amd64/jre/lib/resources.jar:/usr/lib/jvm/temurin-8-jdk-amd64/jre/lib/rt.jar:/usr/lib/jvm/temurin-8-jdk-amd64/jre/lib/sunrsasign.jar:/usr/lib/jvm/temurin-8-jdk-amd64/jre/lib/jsse.jar:/usr/lib/jvm/temurin-8-jdk-amd64/jre/lib/jce.jar:/usr/lib/jvm/temurin-8-jdk-amd64/jre/lib/charsets.jar:/usr/lib/jvm/temurin-8-jdk-amd64/jre/lib/jfr.jar:/usr/lib/jvm/temurin-8-jdk-amd64/jre/classes"/>
    <property name="sun.management.compiler" value="HotSpot 64-Bit Tiered Compilers"/>
    <property name="skip.npx" value="true"/>
    <property name="java.runtime.version" value="1.8.0_382-b05"/>
    <property name="java.net.preferIPv4Stack" value="true"/>
    <property name="user.name" value="runner"/>
    <property name="path.separator" value=":"/>
    <property name="java.security.egd" value="file:///dev/urandom"/>
    <property name="os.version" value="5.15.0-1046-azure"/>
    <property name="java.endorsed.dirs" value="/usr/lib/jvm/temurin-8-jdk-amd64/jre/lib/endorsed"/>
    <property name="java.runtime.name" value="OpenJDK Runtime Environment"/>
    <property name="file.encoding" value="UTF-8"/>
    <property name="java.vm.name" value="OpenJDK 64-Bit Server VM"/>
    <property name="test.build.webapps" value=""/>
    <property name="localRepository" value="/home/runner/.m2/repository"/>
    <property name="jetty.git.hash" value="abdcda73818a1a2c705da276edb0bf6581e7997e"/>
    <property name="java.vendor.url.bug" value="https://github.com/adoptium/adoptium-support/issues"/>
    <property name="java.io.tmpdir" value="/tmp"/>
    <property name="require.test.libhadoop" value=""/>
    <property name="java.version" value="1.8.0_382"/>
    <property name="user.dir" value="/home/runner/work/ozone/ozone/hadoop-ozone/integration-test"/>
    <property name="os.arch" value="amd64"/>
    <property name="java.vm.specification.name" value="Java Virtual Machine Specification"/>
    <property name="test.build.classes" value="/home/runner/work/ozone/ozone/hadoop-ozone/integration-test/target/test-classes"/>
    <property name="java.awt.printerjob" value="sun.print.PSPrinterJob"/>
    <property name="sun.os.patch.level" value="unknown"/>
    <property name="org.apache.ratis.thirdparty.io.netty.allocator.useCacheForAllThreads" value="false"/>
    <property name="hadoop.tmp.dir" value="/home/runner/work/ozone/ozone/hadoop-ozone/integration-test/target/tmp"/>
    <property name="java.library.path" value="/usr/java/packages/lib/amd64:/usr/lib64:/lib64:/lib:/usr/lib"/>
    <property name="java.vm.info" value="mixed mode"/>
    <property name="java.vendor" value="Temurin"/>
    <property name="java.vm.version" value="25.382-b05"/>
    <property name="java.specification.maintenance.version" value="5"/>
    <property name="java.ext.dirs" value="/usr/lib/jvm/temurin-8-jdk-amd64/jre/lib/ext:/usr/java/packages/lib/ext"/>
    <property name="sun.io.unicode.encoding" value="UnicodeLittle"/>
    <property name="java.class.version" value="52.0"/>
  </properties>
  <testcase name="testRenameDir" classname="TestRootedOzoneFileSystemWithFSO" time="0.498">
    <system-out><![CDATA[2023-09-25 17:56:12,481 [main] WARN  server.ServerUtils (ServerUtils.java:getScmDbDir(155)) - ozone.scm.db.dirs is not configured. We recommend adding this setting. Falling back to ozone.metadata.dirs instead.
2023-09-25 17:56:12,693 [main] INFO  reflections.Reflections (Reflections.java:scan(232)) - Reflections took 171 ms to scan 7 urls, producing 164 keys and 383 values 
2023-09-25 17:56:12,850 [main] WARN  server.ServerUtils (ServerUtils.java:getScmDbDir(155)) - ozone.scm.db.dirs is not configured. We recommend adding this setting. Falling back to ozone.metadata.dirs instead.
2023-09-25 17:56:12,860 [main] INFO  ha.SCMHANodeDetails (SCMHANodeDetails.java:loadSCMHAConfig(210)) - ServiceID for StorageContainerManager is null
2023-09-25 17:56:12,873 [main] WARN  ha.SCMHANodeDetails (SCMHANodeDetails.java:validateSCMHAConfig(183)) - Invalid config ozone.scm.ratis.enable. The config was not specified, but the default value true conflicts with the expected config value false. Falling back to the expected value. Current State of SCM: SCM is running in Non-HA without Ratis Ratis SCM -> Non Ratis SCM or Non HA SCM -> HA SCM is not supported
2023-09-25 17:56:12,874 [main] INFO  ha.SCMHANodeDetails (SCMHANodeDetails.java:loadSCMHAConfig(215)) - ozone.scm.default.service.id is not defined, falling back to ozone.scm.service.ids to find serviceID for StorageContainerManager if it is HA enabled cluster
2023-09-25 17:56:13,521 [main] WARN  utils.HAUtils (HAUtils.java:getMetaDir(339)) - ozone.scm.db.dirs is not configured. We recommend adding this setting. Falling back to ozone.metadata.dirs instead.
2023-09-25 17:56:13,692 [main] WARN  db.DBStoreBuilder (DBStoreBuilder.java:applyDBDefinition(166)) - ozone.scm.db.dirs is not configured. We recommend adding this setting. Falling back to ozone.metadata.dirs instead.
2023-09-25 17:56:13,967 [main] INFO  net.NodeSchemaLoader (NodeSchemaLoader.java:loadSchemaFromFile(129)) - Loading schema from [jar:file:/home/runner/.m2/repository/org/apache/ozone/hdds-common/1.4.0-SNAPSHOT/hdds-common-1.4.0-SNAPSHOT.jar!/network-topology-default.xml]
2023-09-25 17:56:13,969 [main] INFO  net.NodeSchemaLoader (NodeSchemaLoader.java:loadSchema(176)) - Loading network topology layer schema file
2023-09-25 17:56:14,023 [main] INFO  metrics.MetricRegistries (MetricRegistriesLoader.java:load(64)) - Loaded MetricRegistries class org.apache.ratis.metrics.impl.MetricRegistriesImpl
2023-09-25 17:56:14,040 [main] INFO  upgrade.AbstractLayoutVersionManager (AbstractLayoutVersionManager.java:init(83)) - Initializing Layout version manager with metadata layout = HADOOP_PRC_PORTS_IN_DATANODEDETAILS (version = 7), software layout = HADOOP_PRC_PORTS_IN_DATANODEDETAILS (version = 7)
2023-09-25 17:56:14,258 [main] INFO  ha.SequenceIdGenerator (SequenceIdGenerator.java:upgradeToSequenceId(365)) - upgrade localId to 111677748019200000
2023-09-25 17:56:14,260 [main] INFO  ha.SequenceIdGenerator (SequenceIdGenerator.java:upgradeToSequenceId(375)) - upgrade delTxnId to 0
2023-09-25 17:56:14,268 [main] INFO  ha.SequenceIdGenerator (SequenceIdGenerator.java:upgradeToSequenceId(392)) - upgrade containerId to 0
2023-09-25 17:56:14,271 [main] INFO  ha.SequenceIdGenerator (SequenceIdGenerator.java:upgradeToSequenceId(428)) - upgrade rootCertificateId to 1
2023-09-25 17:56:14,273 [main] INFO  ha.SequenceIdGenerator (SequenceIdGenerator.java:<init>(236)) - Init the HA SequenceIdGenerator.
2023-09-25 17:56:14,334 [main] WARN  server.ServerUtils (ServerUtils.java:sanitizeUserArgs(80)) - ozone.scm.stale.node.interval value = 300000 is larger than max = 100000 based on the key value of ozone.scm.heartbeat.thread.interval, reset to the max value 100000.
2023-09-25 17:56:14,334 [main] WARN  server.ServerUtils (ServerUtils.java:sanitizeUserArgs(80)) - ozone.scm.stale.node.interval value = 300000 is larger than max = 100000 based on the key value of ozone.scm.heartbeat.thread.interval, reset to the max value 100000.
2023-09-25 17:56:14,341 [main] INFO  node.SCMNodeManager (SCMNodeManager.java:<init>(157)) - Entering startup safe mode.
2023-09-25 17:56:14,360 [main] INFO  algorithms.ContainerPlacementPolicyFactory (ContainerPlacementPolicyFactory.java:getPolicyInternal(86)) - Create container placement policy of type org.apache.hadoop.hdds.scm.container.placement.algorithms.SCMContainerPlacementRackAware
2023-09-25 17:56:14,364 [main] INFO  algorithms.ContainerPlacementPolicyFactory (ContainerPlacementPolicyFactory.java:getPolicyInternal(86)) - Create container placement policy of type org.apache.hadoop.hdds.scm.container.placement.algorithms.SCMContainerPlacementRackScatter
2023-09-25 17:56:14,375 [main] INFO  pipeline.PipelineStateManagerImpl (PipelineStateManagerImpl.java:initialize(78)) - No pipeline exists in current db
2023-09-25 17:56:14,391 [main] INFO  algorithms.LeaderChoosePolicyFactory (LeaderChoosePolicyFactory.java:getPolicy(57)) - Create leader choose policy of type org.apache.hadoop.hdds.scm.pipeline.leader.choose.algorithms.MinLeaderCountChoosePolicy
2023-09-25 17:56:14,392 [main] INFO  algorithms.ContainerPlacementPolicyFactory (ContainerPlacementPolicyFactory.java:getPolicyInternal(86)) - Create container placement policy of type org.apache.hadoop.hdds.scm.container.placement.algorithms.SCMContainerPlacementRackScatter
2023-09-25 17:56:14,399 [main] INFO  ha.SCMServiceManager (SCMServiceManager.java:register(42)) - Registering service BackgroundPipelineCreator.
2023-09-25 17:56:14,399 [main] INFO  pipeline.BackgroundPipelineCreator (BackgroundPipelineCreator.java:start(124)) - Starting RatisPipelineUtilsThread.
2023-09-25 17:56:14,403 [main] INFO  BackgroundPipelineScrubber (BackgroundSCMService.java:start(68)) - Starting BackgroundPipelineScrubber Service.
2023-09-25 17:56:14,407 [main] INFO  ha.SCMServiceManager (SCMServiceManager.java:register(42)) - Registering service BackgroundPipelineScrubber.
2023-09-25 17:56:14,420 [main] INFO  ExpiredContainerReplicaOpScrubber (BackgroundSCMService.java:start(68)) - Starting ExpiredContainerReplicaOpScrubber Service.
2023-09-25 17:56:14,431 [main] INFO  ha.SCMServiceManager (SCMServiceManager.java:register(42)) - Registering service ExpiredContainerReplicaOpScrubber.
2023-09-25 17:56:14,466 [main] INFO  algorithms.PipelineChoosePolicyFactory (PipelineChoosePolicyFactory.java:createPipelineChoosePolicyFromClass(78)) - Create pipeline choose policy of type org.apache.hadoop.hdds.scm.pipeline.choose.algorithms.RandomPipelineChoosePolicy
2023-09-25 17:56:14,472 [main] INFO  algorithms.PipelineChoosePolicyFactory (PipelineChoosePolicyFactory.java:createPipelineChoosePolicyFromClass(78)) - Create pipeline choose policy of type org.apache.hadoop.hdds.scm.pipeline.choose.algorithms.RandomPipelineChoosePolicy
2023-09-25 17:56:14,503 [main] INFO  ha.SCMServiceManager (SCMServiceManager.java:register(42)) - Registering service SCMBlockDeletingService.
2023-09-25 17:56:14,599 [main] INFO  replication.ReplicationManager (ReplicationManager.java:start(291)) - Starting Replication Monitor Thread.
2023-09-25 17:56:14,607 [main] INFO  ha.SCMServiceManager (SCMServiceManager.java:register(42)) - Registering service ReplicationManager.
2023-09-25 17:56:14,614 [ReplicationMonitor] INFO  replication.ReplicationManager (ReplicationManager.java:processAll(365)) - Replication Manager is not ready to run until 3000ms after safemode exit
2023-09-25 17:56:14,624 [main] INFO  safemode.ContainerSafeModeRule (ContainerSafeModeRule.java:<init>(90)) - containers with one replica threshold count 0
2023-09-25 17:56:14,629 [main] INFO  safemode.HealthyPipelineSafeModeRule (HealthyPipelineSafeModeRule.java:initializeRule(169)) - Total pipeline count is 0, healthy pipeline threshold count is 1
2023-09-25 17:56:14,631 [main] INFO  safemode.OneReplicaPipelineSafeModeRule (OneReplicaPipelineSafeModeRule.java:initializeRule(180)) - Total pipeline count is 0, pipeline's with at least one datanode reported threshold count is 0
2023-09-25 17:56:14,658 [main] INFO  server.StorageContainerManager (StorageContainerManager.java:<init>(425)) - SCM start with adminUsers: [runner]
2023-09-25 17:56:15,120 [main] INFO  audit.AuditLogger (AuditLogger.java:refreshDebugCmdSet(126)) - Refresh DebugCmdSet for SCMAudit to [].
2023-09-25 17:56:15,158 [main] INFO  ipc.CallQueueManager (CallQueueManager.java:<init>(90)) - Using callQueue: class java.util.concurrent.LinkedBlockingQueue, queueCapacity: 2000, scheduler: class org.apache.hadoop.ipc.DefaultRpcScheduler, ipcBackoff: false.
2023-09-25 17:56:15,204 [main] INFO  ipc.Server (Server.java:<init>(1287)) - Listener at 0.0.0.0:15002
2023-09-25 17:56:15,209 [Socket Reader #1 for port 15002] INFO  ipc.Server (Server.java:run(1323)) - Starting Socket Reader #1 for port 15002
2023-09-25 17:56:15,297 [main] INFO  audit.AuditLogger (AuditLogger.java:refreshDebugCmdSet(126)) - Refresh DebugCmdSet for SCMAudit to [].
2023-09-25 17:56:15,303 [main] INFO  ipc.CallQueueManager (CallQueueManager.java:<init>(90)) - Using callQueue: class java.util.concurrent.LinkedBlockingQueue, queueCapacity: 2000, scheduler: class org.apache.hadoop.ipc.DefaultRpcScheduler, ipcBackoff: false.
2023-09-25 17:56:15,304 [main] INFO  ipc.Server (Server.java:<init>(1287)) - Listener at 0.0.0.0:15001
2023-09-25 17:56:15,304 [Socket Reader #1 for port 15001] INFO  ipc.Server (Server.java:run(1323)) - Starting Socket Reader #1 for port 15001
2023-09-25 17:56:15,344 [main] INFO  audit.AuditLogger (AuditLogger.java:refreshDebugCmdSet(126)) - Refresh DebugCmdSet for SCMAudit to [].
2023-09-25 17:56:15,357 [main] INFO  ipc.CallQueueManager (CallQueueManager.java:<init>(90)) - Using callQueue: class java.util.concurrent.LinkedBlockingQueue, queueCapacity: 2000, scheduler: class org.apache.hadoop.ipc.DefaultRpcScheduler, ipcBackoff: false.
2023-09-25 17:56:15,357 [main] INFO  ipc.Server (Server.java:<init>(1287)) - Listener at 0.0.0.0:15000
2023-09-25 17:56:15,358 [Socket Reader #1 for port 15000] INFO  ipc.Server (Server.java:run(1323)) - Starting Socket Reader #1 for port 15000
2023-09-25 17:56:15,422 [main] INFO  ha.SCMServiceManager (SCMServiceManager.java:register(42)) - Registering service ContainerBalancer.
2023-09-25 17:56:15,423 [main] INFO  server.StorageContainerManager (StorageContainerManager.java:<init>(438)) - 
Container Balancer status:
Key                            Value
Running                        false
Container Balancer Configuration values:
Key                                                Value
Threshold                                          10
Max Datanodes to Involve per Iteration(percent)    20
Max Size to Move per Iteration                     500GB
Max Size Entering Target per Iteration             26GB
Max Size Leaving Source per Iteration              26GB
Number of Iterations                               10
Time Limit for Single Container's Movement         65min
Time Limit for Single Container's Replication      50min
Interval between each Iteration                    70min
Whether to Enable Network Topology                 false
Whether to Trigger Refresh Datanode Usage Info     false
Container IDs to Exclude from Balancing            None
Datanodes Specified to be Balanced                 None
Datanodes Excluded from Balancing                  None

2023-09-25 17:56:15,424 [main] INFO  ha.SCMContext (SCMContext.java:updateSafeModeStatus(228)) - Update SafeModeStatus from SafeModeStatus{safeModeStatus=true, preCheckPassed=false} to SafeModeStatus{safeModeStatus=true, preCheckPassed=false}.
2023-09-25 17:56:15,429 [main] INFO  server.StorageContainerManager (StorageContainerManager.java:start(1483)) - StorageContainerLocationProtocol RPC server is listening at /0.0.0.0:15000
2023-09-25 17:56:15,508 [main] WARN  impl.MetricsConfig (MetricsConfig.java:loadFirst(136)) - Cannot locate configuration: tried hadoop-metrics2-storagecontainermanager.properties,hadoop-metrics2.properties
2023-09-25 17:56:15,522 [main] INFO  impl.MetricsSystemImpl (MetricsSystemImpl.java:startTimer(378)) - Scheduled Metric snapshot period at 10 second(s).
2023-09-25 17:56:15,527 [main] INFO  impl.MetricsSystemImpl (MetricsSystemImpl.java:start(191)) - StorageContainerManager metrics system started
2023-09-25 17:56:15,823 [main] INFO  server.SCMClientProtocolServer (SCMClientProtocolServer.java:start(201)) - RPC server for Client  is listening at /0.0.0.0:15000
2023-09-25 17:56:15,824 [IPC Server Responder] INFO  ipc.Server (Server.java:run(1562)) - IPC Server Responder: starting
2023-09-25 17:56:15,847 [main] INFO  server.StorageContainerManager (StorageContainerManager.java:start(1496)) - ScmBlockLocationProtocol RPC server is listening at /0.0.0.0:15001
2023-09-25 17:56:15,848 [main] INFO  server.SCMBlockProtocolServer (SCMBlockProtocolServer.java:start(154)) - RPC server for Block Protocol is listening at /0.0.0.0:15001
2023-09-25 17:56:15,880 [main] INFO  server.SCMDatanodeProtocolServer (SCMDatanodeProtocolServer.java:start(193)) - ScmDatanodeProtocol RPC server for DataNodes is listening at /0.0.0.0:15002
2023-09-25 17:56:15,903 [IPC Server listener on 15000] INFO  ipc.Server (Server.java:run(1402)) - IPC Server listener on 15000: starting
2023-09-25 17:56:15,903 [IPC Server listener on 15002] INFO  ipc.Server (Server.java:run(1402)) - IPC Server listener on 15002: starting
2023-09-25 17:56:15,903 [IPC Server Responder] INFO  ipc.Server (Server.java:run(1562)) - IPC Server Responder: starting
2023-09-25 17:56:15,904 [IPC Server listener on 15001] INFO  ipc.Server (Server.java:run(1402)) - IPC Server listener on 15001: starting
2023-09-25 17:56:15,904 [IPC Server Responder] INFO  ipc.Server (Server.java:run(1562)) - IPC Server Responder: starting
2023-09-25 17:56:15,910 [JvmPauseMonitor0] INFO  util.JvmPauseMonitor (JvmPauseMonitor.java:run(103)) - JvmPauseMonitor-50c6b267-a86a-4f90-b084-fbafedf135d2: Started
2023-09-25 17:56:15,936 [main] INFO  http.BaseHttpServer (BaseHttpServer.java:newHttpServer2BuilderForOzone(223)) - Starting Web-server for scm at: http://0.0.0.0:15003
2023-09-25 17:56:15,937 [main] INFO  http.BaseHttpServer (BaseHttpServer.java:<init>(110)) - Hadoop Security Enabled: false Ozone Security Enabled: false Ozone HTTP Security Enabled: false 
2023-09-25 17:56:15,965 [main] INFO  util.log (Log.java:initialized(170)) - Logging initialized @5433ms to org.eclipse.jetty.util.log.Slf4jLog
2023-09-25 17:56:16,076 [main] WARN  server.AuthenticationFilter (AuthenticationFilter.java:constructSecretProvider(240)) - Unable to initialize FileSignerSecretProvider, falling back to use random secrets. Reason: Could not read signature secret file: /home/runner/hadoop-http-auth-signature-secret
2023-09-25 17:56:16,083 [main] INFO  http.HttpRequestLog (HttpRequestLog.java:getRequestLog(86)) - Http request log for http.requests.scm is not defined
2023-09-25 17:56:16,094 [main] INFO  http.HttpServer2 (HttpServer2.java:addGlobalFilter(1031)) - Added global filter 'safety' (class=org.apache.hadoop.hdds.server.http.HttpServer2$QuotingInputFilter)
2023-09-25 17:56:16,101 [main] INFO  http.HttpServer2 (HttpServer2.java:addFilter(1007)) - Added filter static_user_filter (class=org.apache.hadoop.http.lib.StaticUserWebFilter$StaticUserFilter) to context scm
2023-09-25 17:56:16,101 [main] INFO  http.HttpServer2 (HttpServer2.java:addFilter(1015)) - Added filter static_user_filter (class=org.apache.hadoop.http.lib.StaticUserWebFilter$StaticUserFilter) to context logs
2023-09-25 17:56:16,102 [main] INFO  http.HttpServer2 (HttpServer2.java:addFilter(1015)) - Added filter static_user_filter (class=org.apache.hadoop.http.lib.StaticUserWebFilter$StaticUserFilter) to context static
2023-09-25 17:56:16,155 [main] INFO  http.BaseHttpServer (BaseHttpServer.java:<init>(189)) - HTTP server of scm uses base directory /home/runner/work/ozone/ozone/hadoop-ozone/integration-test/target/test-dir/MiniOzoneClusterImpl-932dec38-ee06-46f6-8792-0cf7b891b204/ozone-meta/webserver
2023-09-25 17:56:16,156 [main] INFO  http.HttpServer2 (HttpServer2.java:bindListener(1231)) - Jetty bound to port 15003
2023-09-25 17:56:16,157 [main] INFO  server.Server (Server.java:doStart(375)) - jetty-9.4.52.v20230823; built: 2023-08-23T19:29:37.669Z; git: abdcda73818a1a2c705da276edb0bf6581e7997e; jvm 1.8.0_382-b05
2023-09-25 17:56:16,227 [main] INFO  server.session (DefaultSessionIdManager.java:doStart(334)) - DefaultSessionIdManager workerName=node0
2023-09-25 17:56:16,228 [main] INFO  server.session (DefaultSessionIdManager.java:doStart(339)) - No SessionScavenger set, using defaults
2023-09-25 17:56:16,229 [main] INFO  server.session (HouseKeeper.java:startScavenging(132)) - node0 Scavenging every 660000ms
2023-09-25 17:56:16,247 [main] INFO  handler.ContextHandler (ContextHandler.java:doStart(921)) - Started o.e.j.s.ServletContextHandler@77fa2dcc{logs,/logs,file:///home/runner/work/ozone/ozone/hadoop-ozone/integration-test/target/log,AVAILABLE}
2023-09-25 17:56:16,248 [main] INFO  handler.ContextHandler (ContextHandler.java:doStart(921)) - Started o.e.j.s.ServletContextHandler@70a984c5{static,/static,file:///home/runner/work/ozone/ozone/hadoop-ozone/integration-test/target/test-classes/webapps/static,AVAILABLE}
2023-09-25 17:56:16,303 [main] INFO  handler.ContextHandler (ContextHandler.java:doStart(921)) - Started o.e.j.w.WebAppContext@79864d6{scm,/,file:///home/runner/work/ozone/ozone/hadoop-ozone/integration-test/target/test-classes/webapps/scm/,AVAILABLE}{file:/home/runner/work/ozone/ozone/hadoop-ozone/integration-test/target/test-classes/webapps/scm}
2023-09-25 17:56:16,312 [main] INFO  server.AbstractConnector (AbstractConnector.java:doStart(333)) - Started ServerConnector@21a14c45{HTTP/1.1, (http/1.1)}{0.0.0.0:15003}
2023-09-25 17:56:16,313 [main] INFO  server.Server (Server.java:doStart(415)) - Started @5782ms
2023-09-25 17:56:16,316 [main] INFO  impl.MetricsSinkAdapter (MetricsSinkAdapter.java:start(204)) - Sink prometheus started
2023-09-25 17:56:16,317 [main] INFO  impl.MetricsSystemImpl (MetricsSystemImpl.java:registerSink(305)) - Registered sink prometheus
2023-09-25 17:56:16,318 [main] INFO  http.BaseHttpServer (BaseHttpServer.java:updateConnectorAddress(354)) - HTTP server of scm listening at http://0.0.0.0:15003
2023-09-25 17:56:16,323 [main] WARN  server.ServerUtils (ServerUtils.java:getDBPath(311)) - ozone.om.db.dirs is not configured. We recommend adding this setting. Falling back to ozone.metadata.dirs instead.
2023-09-25 17:56:16,400 [main] INFO  audit.AuditLogger (AuditLogger.java:refreshDebugCmdSet(126)) - Refresh DebugCmdSet for OMAudit to [].
2023-09-25 17:56:16,495 [main] INFO  ha.OMHANodeDetails (OMHANodeDetails.java:loadOMHAConfig(115)) - ozone.om.internal.service.id is not defined, falling back to ozone.om.service.ids to find serviceID for OzoneManager if it is HA enabled cluster
2023-09-25 17:56:16,499 [main] INFO  ha.OMHANodeDetails (OMHANodeDetails.java:loadOMHAConfig(226)) - Configuration does not have ozone.om.address set. Falling back to the default OM address /127.0.0.1:15004
2023-09-25 17:56:16,499 [main] INFO  ha.OMHANodeDetails (OMHANodeDetails.java:getOMNodeDetailsForNonHA(254)) - OM Service ID is not set. Setting it to the default ID: omServiceIdDefault
2023-09-25 17:56:16,500 [main] INFO  ha.OMHANodeDetails (OMHANodeDetails.java:getOMNodeDetailsForNonHA(261)) - OM Node ID is not set. Setting it to the default ID: om1
2023-09-25 17:56:16,504 [main] WARN  server.ServerUtils (ServerUtils.java:getDBPath(311)) - ozone.om.db.dirs is not configured. We recommend adding this setting. Falling back to ozone.metadata.dirs instead.
2023-09-25 17:56:16,509 [main] INFO  upgrade.AbstractLayoutVersionManager (AbstractLayoutVersionManager.java:init(83)) - Initializing Layout version manager with metadata layout = QUOTA (version = 6), software layout = QUOTA (version = 6)
2023-09-25 17:56:16,621 [main] INFO  reflections.Reflections (Reflections.java:scan(232)) - Reflections took 108 ms to scan 2 urls, producing 188 keys and 516 values [using 2 cores]
2023-09-25 17:56:16,632 [main] INFO  upgrade.OMLayoutVersionManager (OMLayoutVersionManager.java:lambda$0(115)) - Skipping Upgrade Action QuotaRepairUpgradeAction since it has been finalized.
2023-09-25 17:56:16,637 [main] INFO  upgrade.OMLayoutVersionManager (OMLayoutVersionManager.java:lambda$0(115)) - Skipping Upgrade Action MockOmUpgradeAction since it has been finalized.
2023-09-25 17:56:16,640 [main] WARN  server.ServerUtils (ServerUtils.java:getDBPath(311)) - ozone.om.db.dirs is not configured. We recommend adding this setting. Falling back to ozone.metadata.dirs instead.
2023-09-25 17:56:16,875 [main] INFO  proxy.SCMBlockLocationFailoverProxyProvider (SCMBlockLocationFailoverProxyProvider.java:<init>(114)) - Created block location fail-over proxy with 1 nodes: [nodeId=scmNodeId,nodeAddress=/0.0.0.0:15001]
2023-09-25 17:56:16,917 [main] INFO  proxy.SCMBlockLocationFailoverProxyProvider (SCMBlockLocationFailoverProxyProvider.java:<init>(114)) - Created block location fail-over proxy with 1 nodes: [nodeId=scmNodeId,nodeAddress=/0.0.0.0:15001]
2023-09-25 17:56:17,224 [main] INFO  om.OzoneManager (OzoneManager.java:<init>(665)) - OM start with adminUsers: [runner]
2023-09-25 17:56:17,246 [main] WARN  server.ServerUtils (ServerUtils.java:getDBPath(311)) - ozone.om.db.dirs is not configured. We recommend adding this setting. Falling back to ozone.metadata.dirs instead.
2023-09-25 17:56:17,278 [main] INFO  helpers.OmKeyInfo (OmKeyInfo.java:getCodec(71)) - OmKeyInfo.getCodec ignorePipeline = true
2023-09-25 17:56:17,691 [main] INFO  om.OzoneManager (OzoneManager.java:instantiateServices(794)) - S3 Multi-Tenancy is disabled
2023-09-25 17:56:17,728 [main] INFO  om.OmSnapshotManager (OmSnapshotManager.java:<init>(174)) - Ozone filesystem snapshot feature is enabled.
2023-09-25 17:56:17,741 [main] WARN  server.ServerUtils (ServerUtils.java:getDBPath(311)) - ozone.om.snapshot.diff.db.dir is not configured. We recommend adding this setting. Falling back to ozone.metadata.dirs instead.
2023-09-25 17:56:17,802 [main] INFO  utils.NativeLibraryLoader (NativeLibraryLoader.java:loadLibrary(108)) - Loading Library: ozone_rocksdb_tools
2023-09-25 17:56:17,803 [main] INFO  snapshot.SnapshotDiffManager (SnapshotDiffManager.java:closeExecutorService(1718)) - Shutting down executorService: 'SstDumpToolExecutor'
2023-09-25 17:56:17,906 [main] INFO  om.OzoneManager (OzoneManager.java:addS3GVolumeToDB(4305)) - Created Volume s3v With Owner runner required for S3Gateway operations.
2023-09-25 17:56:17,996 [main] WARN  server.ServerUtils (ServerUtils.java:getDefaultRatisDirectory(323)) - Storage directory for Ratis is not configured. It is a good idea to map this to an SSD disk. Falling back to ozone.metadata.dirs
2023-09-25 17:56:17,997 [main] WARN  utils.OzoneManagerRatisUtils (OzoneManagerRatisUtils.java:getOMRatisSnapshotDirectory(464)) - ozone.om.ratis.snapshot.dir is not configured. Falling back to ozone.metadata.dirs config
2023-09-25 17:56:18,014 [main] WARN  server.ServerUtils (ServerUtils.java:getDefaultRatisDirectory(323)) - Storage directory for Ratis is not configured. It is a good idea to map this to an SSD disk. Falling back to ozone.metadata.dirs
2023-09-25 17:56:18,046 [main] INFO  ratis.OzoneManagerRatisServer (OzoneManagerRatisServer.java:<init>(163)) - Instantiating OM Ratis server with groupID: omServiceIdDefault and peers: localhost:15007
2023-09-25 17:56:18,058 [main] INFO  ratis.OzoneManagerStateMachine (OzoneManagerStateMachine.java:loadSnapshotInfoFromDB(687)) - LastAppliedIndex is set from TransactionInfo from OM DB as (t:0, i:~)
2023-09-25 17:56:18,144 [main] INFO  server.RaftServer (ConfUtils.java:logGet(46)) - raft.rpc.type = GRPC (default)
2023-09-25 17:56:18,155 [main] INFO  grpc.GrpcConfigKeys (ConfUtils.java:logFallback(53)) - raft.grpc.admin.host = null (fallback to raft.grpc.server.host)
2023-09-25 17:56:18,157 [main] INFO  grpc.GrpcConfigKeys (ConfUtils.java:logFallback(53)) - raft.grpc.admin.port = 15007 (fallback to raft.grpc.server.port)
2023-09-25 17:56:18,158 [main] INFO  grpc.GrpcConfigKeys (ConfUtils.java:logFallback(53)) - raft.grpc.client.host = null (fallback to raft.grpc.server.host)
2023-09-25 17:56:18,158 [main] INFO  grpc.GrpcConfigKeys (ConfUtils.java:logFallback(53)) - raft.grpc.client.port = 15007 (fallback to raft.grpc.server.port)
2023-09-25 17:56:18,159 [main] INFO  grpc.GrpcConfigKeys (ConfUtils.java:logGet(46)) - raft.grpc.server.host = null (default)
2023-09-25 17:56:18,160 [main] INFO  grpc.GrpcConfigKeys (ConfUtils.java:logGet(46)) - raft.grpc.server.port = 15007 (custom)
2023-09-25 17:56:18,161 [main] INFO  server.GrpcService (ConfUtils.java:logGet(46)) - raft.grpc.message.size.max = 33554432 (custom)
2023-09-25 17:56:18,163 [main] INFO  server.RaftServerConfigKeys (ConfUtils.java:logGet(46)) - raft.server.log.appender.buffer.byte-limit = 33554432 (custom)
2023-09-25 17:56:18,166 [main] INFO  server.GrpcService (ConfUtils.java:logGet(46)) - raft.grpc.flow.control.window = 1MB (=1048576) (default)
2023-09-25 17:56:18,166 [main] INFO  server.RaftServerConfigKeys (ConfUtils.java:logGet(46)) - raft.server.rpc.request.timeout = 3000ms (default)
2023-09-25 17:56:18,181 [main] INFO  grpc.GrpcConfigKeys (ConfUtils.java:logGet(46)) - raft.grpc.server.heartbeat.channel = true (default)
2023-09-25 17:56:18,191 [main] INFO  grpc.GrpcConfigKeys (ConfUtils.java:logGet(46)) - raft.grpc.server.async.request.thread.pool.cached = true (default)
2023-09-25 17:56:18,191 [main] INFO  grpc.GrpcConfigKeys (ConfUtils.java:logGet(46)) - raft.grpc.server.async.request.thread.pool.size = 32 (default)
2023-09-25 17:56:18,459 [main] INFO  impl.DataStreamServerImpl (ConfUtils.java:logGet(46)) - raft.datastream.type = DISABLED (default)
2023-09-25 17:56:18,463 [main] INFO  server.RaftServerConfigKeys (ConfUtils.java:logGet(46)) - raft.server.threadpool.proxy.cached = true (default)
2023-09-25 17:56:18,463 [main] INFO  server.RaftServerConfigKeys (ConfUtils.java:logGet(46)) - raft.server.threadpool.proxy.size = 0 (default)
2023-09-25 17:56:18,463 [main] INFO  server.RaftServerConfigKeys (ConfUtils.java:logGet(46)) - raft.server.rpc.slowness.timeout = 120s (custom)
2023-09-25 17:56:18,464 [main] INFO  server.RaftServerConfigKeys (ConfUtils.java:logGet(46)) - raft.server.leaderelection.leader.step-down.wait-time = 10s (default)
2023-09-25 17:56:18,466 [main] INFO  server.RaftServerConfigKeys (ConfUtils.java:logGet(46)) - raft.server.storage.dir = [/home/runner/work/ozone/ozone/hadoop-ozone/integration-test/target/test-dir/MiniOzoneClusterImpl-932dec38-ee06-46f6-8792-0cf7b891b204/ozone-meta/ratis] (custom)
2023-09-25 17:56:18,478 [main] INFO  server.RaftServer (RaftServerProxy.java:addNew(98)) - om1: addNew group-C5BA1605619E:[om1|rpc:localhost:15007|priority:0|startupRole:FOLLOWER] returns group-C5BA1605619E:java.util.concurrent.CompletableFuture@71de7e65[Not completed]
2023-09-25 17:56:18,478 [main] INFO  om.OzoneManager (OzoneManager.java:initializeRatisServer(2148)) - OzoneManager Ratis server initialized at port 15007
2023-09-25 17:56:18,482 [main] INFO  om.OzoneManager (OzoneManager.java:getRpcServer(1196)) - Creating RPC Server
2023-09-25 17:56:18,668 [om1-groupManagement] INFO  server.RaftServer$Division (RaftServerImpl.java:<init>(198)) - om1: new RaftServerImpl for group-C5BA1605619E:[om1|rpc:localhost:15007|priority:0|startupRole:FOLLOWER] with OzoneManagerStateMachine:uninitialized
2023-09-25 17:56:18,670 [om1-groupManagement] INFO  server.RaftServerConfigKeys (ConfUtils.java:logGet(46)) - raft.server.rpc.timeout.min = 1s (custom)
2023-09-25 17:56:18,670 [om1-groupManagement] INFO  server.RaftServerConfigKeys (ConfUtils.java:logGet(46)) - raft.server.rpc.timeout.max = 1200ms (custom)
2023-09-25 17:56:18,672 [om1-groupManagement] INFO  server.RaftServerConfigKeys (ConfUtils.java:logGet(46)) - raft.server.rpc.sleep.time = 25ms (default)
2023-09-25 17:56:18,672 [om1-groupManagement] INFO  server.RaftServerConfigKeys (ConfUtils.java:logGet(46)) - raft.server.rpc.slowness.timeout = 120s (custom)
2023-09-25 17:56:18,672 [om1-groupManagement] INFO  server.RaftServerConfigKeys (ConfUtils.java:logGet(46)) - raft.server.leaderelection.leader.step-down.wait-time = 10s (default)
2023-09-25 17:56:18,678 [om1-groupManagement] INFO  server.RaftServerConfigKeys (ConfUtils.java:logGet(46)) - raft.server.sleep.deviation.threshold = 300ms (default)
2023-09-25 17:56:18,694 [om1-groupManagement] INFO  server.RaftServer$Division (ServerState.java:<init>(120)) - om1@group-C5BA1605619E: ConfigurationManager, init=-1: peers:[om1|rpc:localhost:15007|priority:0|startupRole:FOLLOWER]|listeners:[], old=null, confs=<EMPTY_MAP>
2023-09-25 17:56:18,694 [om1-groupManagement] INFO  server.RaftServerConfigKeys (ConfUtils.java:logGet(46)) - raft.server.storage.dir = [/home/runner/work/ozone/ozone/hadoop-ozone/integration-test/target/test-dir/MiniOzoneClusterImpl-932dec38-ee06-46f6-8792-0cf7b891b204/ozone-meta/ratis] (custom)
2023-09-25 17:56:18,710 [om1-groupManagement] INFO  server.RaftServerConfigKeys (ConfUtils.java:logGet(46)) - raft.server.log.corruption.policy = EXCEPTION (default)
2023-09-25 17:56:18,710 [om1-groupManagement] INFO  server.RaftServerConfigKeys (ConfUtils.java:logGet(46)) - raft.server.storage.free-space.min = 0MB (=0) (default)
2023-09-25 17:56:18,742 [om1-groupManagement] INFO  server.RaftServerConfigKeys (ConfUtils.java:logGet(46)) - raft.server.notification.no-leader.timeout = 120s (custom)
2023-09-25 17:56:18,746 [om1-groupManagement] INFO  server.RaftServerConfigKeys (ConfUtils.java:logGet(46)) - raft.server.read.timeout = 10s (default)
2023-09-25 17:56:18,769 [om1-groupManagement] INFO  server.RaftServerConfigKeys (ConfUtils.java:logGet(46)) - raft.server.retrycache.expirytime = 300s (custom)
2023-09-25 17:56:18,769 [om1-groupManagement] INFO  server.RaftServerConfigKeys (ConfUtils.java:logGet(46)) - raft.server.retrycache.statistics.expirytime = 100μs (default)
2023-09-25 17:56:18,862 [om1-groupManagement] INFO  server.RaftServerConfigKeys (ConfUtils.java:logGet(46)) - raft.server.read.option = DEFAULT (default)
2023-09-25 17:56:18,924 [om1-groupManagement] INFO  server.RaftServerConfigKeys (ConfUtils.java:logGet(46)) - raft.server.rpc.request.timeout = 3000ms (default)
2023-09-25 17:56:18,927 [om1-groupManagement] INFO  server.RaftServerConfigKeys (ConfUtils.java:logGet(46)) - raft.server.log.appender.install.snapshot.enabled = false (custom)
2023-09-25 17:56:18,928 [om1-groupManagement] INFO  server.RaftServerConfigKeys (ConfUtils.java:logGet(46)) - raft.server.threadpool.server.cached = true (default)
2023-09-25 17:56:18,928 [om1-groupManagement] INFO  server.RaftServerConfigKeys (ConfUtils.java:logGet(46)) - raft.server.threadpool.server.size = 0 (default)
2023-09-25 17:56:18,929 [om1-groupManagement] INFO  server.RaftServerConfigKeys (ConfUtils.java:logGet(46)) - raft.server.threadpool.client.cached = true (default)
2023-09-25 17:56:18,929 [om1-groupManagement] INFO  server.RaftServerConfigKeys (ConfUtils.java:logGet(46)) - raft.server.threadpool.client.size = 0 (default)
2023-09-25 17:56:19,659 [main] INFO  reflections.Reflections (Reflections.java:scan(232)) - Reflections took 952 ms to scan 20 urls, producing 71 keys and 6029 values [using 2 cores]
2023-09-25 17:56:19,858 [main] INFO  ipc.CallQueueManager (CallQueueManager.java:<init>(90)) - Using callQueue: class java.util.concurrent.LinkedBlockingQueue, queueCapacity: 2000, scheduler: class org.apache.hadoop.ipc.DefaultRpcScheduler, ipcBackoff: false.
2023-09-25 17:56:19,859 [main] INFO  ipc.Server (Server.java:<init>(1287)) - Listener at 127.0.0.1:15004
2023-09-25 17:56:19,859 [Socket Reader #1 for port 15004] INFO  ipc.Server (Server.java:run(1323)) - Starting Socket Reader #1 for port 15004
2023-09-25 17:56:19,895 [main] INFO  impl.MetricsSystemImpl (MetricsSystemImpl.java:init(158)) - OzoneManager metrics system started (again)
2023-09-25 17:56:19,906 [main] INFO  om.OzoneManager (OzoneManager.java:start(1633)) - OzoneManager RPC server is listening at localhost/127.0.0.1:15004
2023-09-25 17:56:19,906 [main] INFO  ratis.OzoneManagerRatisServer (OzoneManagerRatisServer.java:start(558)) - Starting OzoneManagerRatisServer om1 at port 15007
2023-09-25 17:56:19,909 [om1-impl-thread1] INFO  storage.RaftStorageDirectory (RaftStorageDirectoryImpl.java:analyzeStorage(137)) - The storage directory /home/runner/work/ozone/ozone/hadoop-ozone/integration-test/target/test-dir/MiniOzoneClusterImpl-932dec38-ee06-46f6-8792-0cf7b891b204/ozone-meta/ratis/bf265839-605b-3f16-9796-c5ba1605619e does not exist. Creating ...
2023-09-25 17:56:19,914 [om1-impl-thread1] INFO  storage.RaftStorageDirectory (RaftStorageDirectoryImpl.java:tryLock(231)) - Lock on /home/runner/work/ozone/ozone/hadoop-ozone/integration-test/target/test-dir/MiniOzoneClusterImpl-932dec38-ee06-46f6-8792-0cf7b891b204/ozone-meta/ratis/bf265839-605b-3f16-9796-c5ba1605619e/in_use.lock acquired by nodename 19424@fv-az249-861
2023-09-25 17:56:19,923 [om1-impl-thread1] INFO  storage.RaftStorage (RaftStorageImpl.java:format(96)) - Storage directory /home/runner/work/ozone/ozone/hadoop-ozone/integration-test/target/test-dir/MiniOzoneClusterImpl-932dec38-ee06-46f6-8792-0cf7b891b204/ozone-meta/ratis/bf265839-605b-3f16-9796-c5ba1605619e has been successfully formatted.
2023-09-25 17:56:19,926 [om1-impl-thread1] INFO  server.RaftServerConfigKeys (ConfUtils.java:logGet(46)) - raft.server.log.use.memory = false (default)
2023-09-25 17:56:19,935 [om1-impl-thread1] INFO  server.RaftServerConfigKeys (ConfUtils.java:logGet(46)) - raft.server.log.purge.gap = 1000000 (custom)
2023-09-25 17:56:19,935 [om1-impl-thread1] INFO  server.RaftServerConfigKeys (ConfUtils.java:logGet(46)) - raft.server.log.appender.buffer.byte-limit = 33554432 (custom)
2023-09-25 17:56:19,939 [om1-impl-thread1] INFO  server.RaftServerConfigKeys (ConfUtils.java:logGet(46)) - raft.server.log.statemachine.data.read.timeout = 1000ms (default)
2023-09-25 17:56:19,940 [om1-impl-thread1] INFO  server.RaftServerConfigKeys (ConfUtils.java:logGet(46)) - raft.server.log.purge.preservation.log.num = 0 (default)
2023-09-25 17:56:19,942 [om1-impl-thread1] INFO  server.RaftServerConfigKeys (ConfUtils.java:logGet(46)) - raft.server.log.segment.size.max = 4194304 (custom)
2023-09-25 17:56:19,948 [om1-impl-thread1] INFO  server.RaftServerConfigKeys (ConfUtils.java:logGet(46)) - raft.server.log.segment.cache.num.max = 2 (custom)
2023-09-25 17:56:19,949 [om1-impl-thread1] INFO  server.RaftServerConfigKeys (ConfUtils.java:logGet(46)) - raft.server.log.segment.cache.size.max = 200MB (=209715200) (default)
2023-09-25 17:56:19,949 [om1-impl-thread1] INFO  server.RaftServerConfigKeys (ConfUtils.java:logGet(46)) - raft.server.log.appender.buffer.byte-limit = 33554432 (custom)
2023-09-25 17:56:19,956 [om1-impl-thread1] INFO  segmented.SegmentedRaftLogWorker (SegmentedRaftLogWorker.java:<init>(188)) - new om1@group-C5BA1605619E-SegmentedRaftLogWorker for RaftStorageImpl:Storage Directory /home/runner/work/ozone/ozone/hadoop-ozone/integration-test/target/test-dir/MiniOzoneClusterImpl-932dec38-ee06-46f6-8792-0cf7b891b204/ozone-meta/ratis/bf265839-605b-3f16-9796-c5ba1605619e
2023-09-25 17:56:19,957 [om1-impl-thread1] INFO  server.RaftServerConfigKeys (ConfUtils.java:logGet(46)) - raft.server.log.queue.byte-limit = 64MB (=67108864) (default)
2023-09-25 17:56:19,957 [om1-impl-thread1] INFO  server.RaftServerConfigKeys (ConfUtils.java:logGet(46)) - raft.server.log.queue.element-limit = 4096 (default)
2023-09-25 17:56:19,958 [om1-impl-thread1] INFO  server.RaftServerConfigKeys (ConfUtils.java:logGet(46)) - raft.server.log.segment.size.max = 4194304 (custom)
2023-09-25 17:56:19,959 [om1-impl-thread1] INFO  server.RaftServerConfigKeys (ConfUtils.java:logGet(46)) - raft.server.log.preallocated.size = 4194304 (custom)
2023-09-25 17:56:19,959 [om1-impl-thread1] INFO  server.RaftServerConfigKeys (ConfUtils.java:logGet(46)) - raft.server.log.force.sync.num = 128 (default)
2023-09-25 17:56:19,960 [om1-impl-thread1] INFO  server.RaftServerConfigKeys (ConfUtils.java:logGet(46)) - raft.server.log.statemachine.data.sync = true (default)
2023-09-25 17:56:19,960 [om1-impl-thread1] INFO  server.RaftServerConfigKeys (ConfUtils.java:logGet(46)) - raft.server.log.statemachine.data.sync.timeout = 10s (default)
2023-09-25 17:56:19,961 [om1-impl-thread1] INFO  server.RaftServerConfigKeys (ConfUtils.java:logGet(46)) - raft.server.log.statemachine.data.sync.timeout.retry = -1 (default)
2023-09-25 17:56:19,973 [om1-impl-thread1] INFO  server.RaftServerConfigKeys (ConfUtils.java:logGet(46)) - raft.server.log.write.buffer.size = 64KB (=65536) (default)
2023-09-25 17:56:19,973 [om1-impl-thread1] INFO  server.RaftServerConfigKeys (ConfUtils.java:logGet(46)) - raft.server.log.appender.buffer.byte-limit = 33554432 (custom)
2023-09-25 17:56:19,982 [om1-impl-thread1] INFO  server.RaftServerConfigKeys (ConfUtils.java:logGet(46)) - raft.server.log.unsafe-flush.enabled = false (default)
2023-09-25 17:56:19,983 [om1-impl-thread1] INFO  server.RaftServerConfigKeys (ConfUtils.java:logGet(46)) - raft.server.log.async-flush.enabled = false (default)
2023-09-25 17:56:19,983 [om1-impl-thread1] INFO  server.RaftServerConfigKeys (ConfUtils.java:logGet(46)) - raft.server.log.statemachine.data.caching.enabled = false (default)
2023-09-25 17:56:19,990 [om1-impl-thread1] INFO  segmented.SegmentedRaftLogWorker (SegmentedRaftLogWorker.java:lambda$new$0(135)) - om1@group-C5BA1605619E-SegmentedRaftLogWorker: flushIndex: setUnconditionally 0 -> -1
2023-09-25 17:56:19,990 [om1-impl-thread1] INFO  segmented.SegmentedRaftLogWorker (SegmentedRaftLogWorker.java:lambda$new$0(135)) - om1@group-C5BA1605619E-SegmentedRaftLogWorker: safeCacheEvictIndex: setUnconditionally 0 -> -1
2023-09-25 17:56:19,992 [om1-impl-thread1] INFO  server.RaftServer$Division (RaftServerImpl.java:start(342)) - om1@group-C5BA1605619E: start as a follower, conf=-1: peers:[om1|rpc:localhost:15007|priority:0|startupRole:FOLLOWER]|listeners:[], old=null
2023-09-25 17:56:19,998 [om1-impl-thread1] INFO  server.RaftServer$Division (RaftServerImpl.java:setRole(329)) - om1@group-C5BA1605619E: changes role from      null to FOLLOWER at term 0 for startAsFollower
2023-09-25 17:56:20,001 [om1-impl-thread1] INFO  impl.RoleInfo (RoleInfo.java:updateAndGet(139)) - om1: start om1@group-C5BA1605619E-FollowerState
2023-09-25 17:56:20,004 [om1-impl-thread1] INFO  util.JmxRegister (JmxRegister.java:tryRegister(44)) - Successfully registered JMX Bean with object name Ratis:service=RaftServer,group=group-C5BA1605619E,id=om1
2023-09-25 17:56:20,008 [om1-impl-thread1] INFO  server.RaftServerConfigKeys (ConfUtils.java:logGet(46)) - raft.server.snapshot.auto.trigger.enabled = true (custom)
2023-09-25 17:56:20,009 [om1-impl-thread1] INFO  server.RaftServerConfigKeys (ConfUtils.java:logGet(46)) - raft.server.snapshot.auto.trigger.threshold = 400000 (default)
2023-09-25 17:56:20,009 [om1-impl-thread1] INFO  server.RaftServerConfigKeys (ConfUtils.java:logGet(46)) - raft.server.snapshot.retention.file.num = -1 (default)
2023-09-25 17:56:20,010 [om1@group-C5BA1605619E-FollowerState] INFO  server.RaftServerConfigKeys (ConfUtils.java:logFallback(53)) - raft.server.rpc.first-election.timeout.min = 1s (fallback to raft.server.rpc.timeout.min)
2023-09-25 17:56:20,010 [om1@group-C5BA1605619E-FollowerState] INFO  server.RaftServerConfigKeys (ConfUtils.java:logFallback(53)) - raft.server.rpc.first-election.timeout.max = 1200ms (fallback to raft.server.rpc.timeout.max)
2023-09-25 17:56:20,011 [om1-impl-thread1] INFO  server.RaftServerConfigKeys (ConfUtils.java:logGet(46)) - raft.server.log.purge.upto.snapshot.index = true (custom)
2023-09-25 17:56:20,017 [main] INFO  server.RaftServer (RaftServerProxy.java:startImpl(400)) - om1: start RPC server
2023-09-25 17:56:20,073 [main] INFO  server.GrpcService (GrpcService.java:startImpl(302)) - om1: GrpcService started, listening on 15007
2023-09-25 17:56:20,075 [main] INFO  om.OzoneManager (OzoneManager.java:start(1649)) - Version File has different layout version (6) than OM DB (null). That is expected if this OM has never been finalized to a newer layout version.
2023-09-25 17:56:20,084 [JvmPauseMonitor1] INFO  util.JvmPauseMonitor (JvmPauseMonitor.java:run(103)) - JvmPauseMonitor-om1: Started
2023-09-25 17:56:20,107 [main] INFO  http.BaseHttpServer (BaseHttpServer.java:newHttpServer2BuilderForOzone(223)) - Starting Web-server for ozoneManager at: http://0.0.0.0:15005
2023-09-25 17:56:20,107 [main] INFO  http.BaseHttpServer (BaseHttpServer.java:<init>(110)) - Hadoop Security Enabled: false Ozone Security Enabled: false Ozone HTTP Security Enabled: false 
2023-09-25 17:56:20,109 [main] WARN  server.AuthenticationFilter (AuthenticationFilter.java:constructSecretProvider(240)) - Unable to initialize FileSignerSecretProvider, falling back to use random secrets. Reason: Could not read signature secret file: /home/runner/hadoop-http-auth-signature-secret
2023-09-25 17:56:20,114 [main] INFO  http.HttpRequestLog (HttpRequestLog.java:getRequestLog(86)) - Http request log for http.requests.ozoneManager is not defined
2023-09-25 17:56:20,116 [main] INFO  http.HttpServer2 (HttpServer2.java:addGlobalFilter(1031)) - Added global filter 'safety' (class=org.apache.hadoop.hdds.server.http.HttpServer2$QuotingInputFilter)
2023-09-25 17:56:20,117 [main] INFO  http.HttpServer2 (HttpServer2.java:addFilter(1007)) - Added filter static_user_filter (class=org.apache.hadoop.http.lib.StaticUserWebFilter$StaticUserFilter) to context ozoneManager
2023-09-25 17:56:20,117 [main] INFO  http.HttpServer2 (HttpServer2.java:addFilter(1015)) - Added filter static_user_filter (class=org.apache.hadoop.http.lib.StaticUserWebFilter$StaticUserFilter) to context static
2023-09-25 17:56:20,117 [main] INFO  http.HttpServer2 (HttpServer2.java:addFilter(1015)) - Added filter static_user_filter (class=org.apache.hadoop.http.lib.StaticUserWebFilter$StaticUserFilter) to context logs
2023-09-25 17:56:20,118 [main] INFO  http.BaseHttpServer (BaseHttpServer.java:<init>(189)) - HTTP server of ozoneManager uses base directory /home/runner/work/ozone/ozone/hadoop-ozone/integration-test/target/test-dir/MiniOzoneClusterImpl-932dec38-ee06-46f6-8792-0cf7b891b204/ozone-meta/webserver
2023-09-25 17:56:20,126 [main] INFO  http.HttpServer2 (HttpServer2.java:bindListener(1231)) - Jetty bound to port 15005
2023-09-25 17:56:20,126 [main] INFO  server.Server (Server.java:doStart(375)) - jetty-9.4.52.v20230823; built: 2023-08-23T19:29:37.669Z; git: abdcda73818a1a2c705da276edb0bf6581e7997e; jvm 1.8.0_382-b05
2023-09-25 17:56:20,156 [main] INFO  server.session (DefaultSessionIdManager.java:doStart(334)) - DefaultSessionIdManager workerName=node0
2023-09-25 17:56:20,156 [main] INFO  server.session (DefaultSessionIdManager.java:doStart(339)) - No SessionScavenger set, using defaults
2023-09-25 17:56:20,157 [main] INFO  server.session (HouseKeeper.java:startScavenging(132)) - node0 Scavenging every 600000ms
2023-09-25 17:56:20,167 [main] INFO  handler.ContextHandler (ContextHandler.java:doStart(921)) - Started o.e.j.s.ServletContextHandler@6c54c79b{logs,/logs,file:///home/runner/work/ozone/ozone/hadoop-ozone/integration-test/target/log,AVAILABLE}
2023-09-25 17:56:20,168 [main] INFO  handler.ContextHandler (ContextHandler.java:doStart(921)) - Started o.e.j.s.ServletContextHandler@f20f100{static,/static,file:///home/runner/work/ozone/ozone/hadoop-ozone/integration-test/target/test-classes/webapps/static,AVAILABLE}
2023-09-25 17:56:20,173 [main] INFO  handler.ContextHandler (ContextHandler.java:doStart(921)) - Started o.e.j.w.WebAppContext@5931a306{ozoneManager,/,file:///home/runner/work/ozone/ozone/hadoop-ozone/integration-test/target/test-classes/webapps/ozoneManager/,AVAILABLE}{file:/home/runner/work/ozone/ozone/hadoop-ozone/integration-test/target/test-classes/webapps/ozoneManager}
2023-09-25 17:56:20,175 [main] INFO  server.AbstractConnector (AbstractConnector.java:doStart(333)) - Started ServerConnector@289faf63{HTTP/1.1, (http/1.1)}{0.0.0.0:15005}
2023-09-25 17:56:20,176 [main] INFO  server.Server (Server.java:doStart(415)) - Started @9645ms
2023-09-25 17:56:20,176 [main] WARN  impl.MetricsSystemImpl (MetricsSystemImpl.java:register(279)) - Sink prometheus already exists!
2023-09-25 17:56:20,177 [main] INFO  http.BaseHttpServer (BaseHttpServer.java:updateConnectorAddress(354)) - HTTP server of ozoneManager listening at http://0.0.0.0:15005
2023-09-25 17:56:20,178 [IPC Server Responder] INFO  ipc.Server (Server.java:run(1562)) - IPC Server Responder: starting
2023-09-25 17:56:20,183 [IPC Server listener on 15004] INFO  ipc.Server (Server.java:run(1402)) - IPC Server listener on 15004: starting
2023-09-25 17:56:20,272 [main] INFO  om.TrashPolicyOzone (TrashPolicyOzone.java:<init>(281)) - Ozone Manager trash configuration: Deletion interval = 0 minutes, Emptier interval = 0 minutes.
2023-09-25 17:56:20,528 [main] INFO  db.CodecBuffer (CodecBuffer.java:set(60)) - Successfully set constructor to org.apache.hadoop.hdds.utils.db.CodecBuffer$$Lambda$775/1981222969@1d763ab2
2023-09-25 17:56:20,529 [main] WARN  impl.MetricRegistriesImpl (MetricRegistriesImpl.java:addReporterRegistration(111)) - New reporters are added after registries were created. Some metrics will be missing from the reporter. Please add reporter before adding any new registry.
2023-09-25 17:56:20,529 [main] WARN  impl.MetricRegistriesImpl (MetricRegistriesImpl.java:addReporterRegistration(111)) - New reporters are added after registries were created. Some metrics will be missing from the reporter. Please add reporter before adding any new registry.
2023-09-25 17:56:20,529 [main] INFO  impl.MetricsSystemImpl (MetricsSystemImpl.java:init(158)) - HddsDatanode metrics system started (again)
2023-09-25 17:56:20,552 [main] INFO  ozone.HddsDatanodeService (HddsDatanodeService.java:start(237)) - HddsDatanodeService host:fv-az249-861 ip:10.1.0.144
2023-09-25 17:56:20,601 [main] INFO  upgrade.AbstractLayoutVersionManager (AbstractLayoutVersionManager.java:init(83)) - Initializing Layout version manager with metadata layout = HADOOP_PRC_PORTS_IN_DATANODEDETAILS (version = 7), software layout = HADOOP_PRC_PORTS_IN_DATANODEDETAILS (version = 7)
2023-09-25 17:56:20,606 [main] INFO  statemachine.DatanodeStateMachine (DatanodeStateMachine.java:getEndPointTaskThreadPoolSize(283)) - Datanode State Machine Task Thread Pool size 2
2023-09-25 17:56:20,682 [main] INFO  volume.HddsVolume (HddsVolume.java:<init>(126)) - Creating HddsVolume: /home/runner/work/ozone/ozone/hadoop-ozone/integration-test/target/test-dir/MiniOzoneClusterImpl-932dec38-ee06-46f6-8792-0cf7b891b204/datanode-0/data-0/containers/hdds of storage type : DISK capacity : 9223372036854775807
2023-09-25 17:56:20,686 [main] INFO  volume.MutableVolumeSet (MutableVolumeSet.java:initializeVolumeSet(173)) - Added Volume : /home/runner/work/ozone/ozone/hadoop-ozone/integration-test/target/test-dir/MiniOzoneClusterImpl-932dec38-ee06-46f6-8792-0cf7b891b204/datanode-0/data-0/containers/hdds to VolumeSet
2023-09-25 17:56:20,692 [main] INFO  volume.MutableVolumeSet (MutableVolumeSet.java:initializeVolumeSet(173)) - Added Volume : /home/runner/work/ozone/ozone/hadoop-ozone/integration-test/target/test-dir/MiniOzoneClusterImpl-932dec38-ee06-46f6-8792-0cf7b891b204/datanode-0/data/ratis to VolumeSet
2023-09-25 17:56:20,716 [Thread-140] INFO  ozoneimpl.ContainerReader (ContainerReader.java:readVolume(177)) - Finish verifying containers on volume /home/runner/work/ozone/ozone/hadoop-ozone/integration-test/target/test-dir/MiniOzoneClusterImpl-932dec38-ee06-46f6-8792-0cf7b891b204/datanode-0/data-0/containers/hdds
2023-09-25 17:56:20,716 [main] INFO  ozoneimpl.OzoneContainer (OzoneContainer.java:buildContainerSet(314)) - Build ContainerSet costs 0s
2023-09-25 17:56:20,778 [main] INFO  audit.AuditLogger (AuditLogger.java:refreshDebugCmdSet(126)) - Refresh DebugCmdSet for DNAudit to [].
2023-09-25 17:56:20,808 [main] INFO  server.RaftServer (ConfUtils.java:logGet(46)) - raft.rpc.type = GRPC (default)
2023-09-25 17:56:20,809 [main] INFO  grpc.GrpcConfigKeys (ConfUtils.java:logFallback(53)) - raft.grpc.admin.host = null (fallback to raft.grpc.server.host)
2023-09-25 17:56:20,812 [main] INFO  grpc.GrpcConfigKeys (ConfUtils.java:logGet(46)) - raft.grpc.admin.port = 15013 (custom)
2023-09-25 17:56:20,816 [main] INFO  grpc.GrpcConfigKeys (ConfUtils.java:logFallback(53)) - raft.grpc.client.host = null (fallback to raft.grpc.server.host)
2023-09-25 17:56:20,817 [main] INFO  grpc.GrpcConfigKeys (ConfUtils.java:logGet(46)) - raft.grpc.client.port = 15012 (custom)
2023-09-25 17:56:20,817 [main] INFO  grpc.GrpcConfigKeys (ConfUtils.java:logGet(46)) - raft.grpc.server.host = null (default)
2023-09-25 17:56:20,817 [main] INFO  grpc.GrpcConfigKeys (ConfUtils.java:logGet(46)) - raft.grpc.server.port = 15014 (custom)
2023-09-25 17:56:20,817 [main] INFO  server.GrpcService (ConfUtils.java:logGet(46)) - raft.grpc.message.size.max = 32MB (=33554432) (custom)
2023-09-25 17:56:20,818 [main] INFO  server.RaftServerConfigKeys (ConfUtils.java:logGet(46)) - raft.server.log.appender.buffer.byte-limit = 33554432 (custom)
2023-09-25 17:56:20,819 [main] INFO  server.GrpcService (ConfUtils.java:logGet(46)) - raft.grpc.flow.control.window = 5MB (=5242880) (custom)
2023-09-25 17:56:20,819 [main] INFO  server.RaftServerConfigKeys (ConfUtils.java:logGet(46)) - raft.server.rpc.request.timeout = 60s (custom)
2023-09-25 17:56:20,819 [main] INFO  grpc.GrpcConfigKeys (ConfUtils.java:logGet(46)) - raft.grpc.server.heartbeat.channel = true (default)
2023-09-25 17:56:20,819 [main] INFO  grpc.GrpcConfigKeys (ConfUtils.java:logGet(46)) - raft.grpc.server.async.request.thread.pool.cached = true (default)
2023-09-25 17:56:20,819 [main] INFO  grpc.GrpcConfigKeys (ConfUtils.java:logGet(46)) - raft.grpc.server.async.request.thread.pool.size = 32 (default)
2023-09-25 17:56:20,824 [main] INFO  impl.DataStreamServerImpl (ConfUtils.java:logGet(46)) - raft.datastream.type = NETTY (custom)
2023-09-25 17:56:20,834 [main] INFO  server.RaftServerConfigKeys (ConfUtils.java:logGet(46)) - raft.server.data-stream.async.request.thread.pool.cached = false (default)
2023-09-25 17:56:20,835 [main] INFO  server.RaftServerConfigKeys (ConfUtils.java:logGet(46)) - raft.server.data-stream.async.request.thread.pool.size = 20 (custom)
2023-09-25 17:56:20,835 [main] INFO  server.RaftServerConfigKeys (ConfUtils.java:logGet(46)) - raft.server.data-stream.async.write.thread.pool.size = 16 (default)
2023-09-25 17:56:20,836 [main] INFO  server.RaftServerConfigKeys (ConfUtils.java:logGet(46)) - raft.server.data-stream.client.pool.size = 10 (default)
2023-09-25 17:56:20,840 [main] INFO  netty.NettyConfigKeys$DataStream (ConfUtils.java:logGet(46)) - raft.netty.dataStream.server.use-epoll = false (default)
2023-09-25 17:56:20,840 [main] INFO  netty.NettyConfigKeys$DataStream (ConfUtils.java:logGet(46)) - raft.netty.dataStream.server.boss-group.size = 0 (default)
2023-09-25 17:56:20,847 [main] INFO  netty.NettyConfigKeys$DataStream (ConfUtils.java:logGet(46)) - raft.netty.dataStream.server.worker-group.size = 0 (default)
2023-09-25 17:56:20,864 [main] INFO  netty.NettyConfigKeys$DataStream (ConfUtils.java:logGet(46)) - raft.netty.dataStream.server.tls.conf = null (default)
2023-09-25 17:56:20,865 [main] INFO  netty.NettyConfigKeys$DataStream (ConfUtils.java:logGet(46)) - raft.netty.dataStream.host = null (default)
2023-09-25 17:56:20,866 [main] INFO  netty.NettyConfigKeys$DataStream (ConfUtils.java:logGet(46)) - raft.netty.dataStream.port = 15015 (custom)
2023-09-25 17:56:20,877 [main] INFO  server.RaftServerConfigKeys (ConfUtils.java:logGet(46)) - raft.server.threadpool.proxy.cached = true (default)
2023-09-25 17:56:20,877 [main] INFO  server.RaftServerConfigKeys (ConfUtils.java:logGet(46)) - raft.server.threadpool.proxy.size = 0 (default)
2023-09-25 17:56:20,877 [main] INFO  server.RaftServerConfigKeys (ConfUtils.java:logGet(46)) - raft.server.rpc.slowness.timeout = 300s (custom)
2023-09-25 17:56:20,877 [main] INFO  server.RaftServerConfigKeys (ConfUtils.java:logGet(46)) - raft.server.leaderelection.leader.step-down.wait-time = 10s (default)
2023-09-25 17:56:20,877 [main] INFO  server.RaftServerConfigKeys (ConfUtils.java:logGet(46)) - raft.server.storage.dir = [/home/runner/work/ozone/ozone/hadoop-ozone/integration-test/target/test-dir/MiniOzoneClusterImpl-932dec38-ee06-46f6-8792-0cf7b891b204/datanode-0/data/ratis] (custom)
2023-09-25 17:56:20,882 [7c2da756-7def-47bc-b4fd-fb4319f4a659-impl-thread1] INFO  server.RaftServer (RaftServerProxy.java:initGroupDir(258)) - 7c2da756-7def-47bc-b4fd-fb4319f4a659: found a subdirectory /home/runner/work/ozone/ozone/hadoop-ozone/integration-test/target/test-dir/MiniOzoneClusterImpl-932dec38-ee06-46f6-8792-0cf7b891b204/datanode-0/data/ratis/tmp
2023-09-25 17:56:20,890 [7c2da756-7def-47bc-b4fd-fb4319f4a659-impl-thread1] INFO  server.RaftServer (RaftServerProxy.java:initGroupDir(263)) - 7c2da756-7def-47bc-b4fd-fb4319f4a659: The directory /home/runner/work/ozone/ozone/hadoop-ozone/integration-test/target/test-dir/MiniOzoneClusterImpl-932dec38-ee06-46f6-8792-0cf7b891b204/datanode-0/data/ratis/tmp is not a group directory; ignoring it. 
2023-09-25 17:56:20,894 [main] INFO  replication.ReplicationServer (ReplicationServer.java:<init>(83)) - Initializing replication server with thread count = 10 queue length = 4096
2023-09-25 17:56:20,915 [7c2da756-7def-47bc-b4fd-fb4319f4a659-NettyServerStreamRpc-bossGroup--thread1] INFO  logging.LoggingHandler (AbstractInternalLogger.java:log(148)) - [id: 0xe2b893e8] REGISTERED
2023-09-25 17:56:20,916 [7c2da756-7def-47bc-b4fd-fb4319f4a659-NettyServerStreamRpc-bossGroup--thread1] INFO  logging.LoggingHandler (AbstractInternalLogger.java:log(148)) - [id: 0xe2b893e8] BIND: 0.0.0.0/0.0.0.0:15015
2023-09-25 17:56:20,918 [7c2da756-7def-47bc-b4fd-fb4319f4a659-NettyServerStreamRpc-bossGroup--thread1] INFO  logging.LoggingHandler (AbstractInternalLogger.java:log(148)) - [id: 0xe2b893e8, L:/0:0:0:0:0:0:0:0:15015] ACTIVE
2023-09-25 17:56:20,934 [main] INFO  server.XceiverServerGrpc (XceiverServerGrpc.java:<init>(132)) - GrpcServer channel type EpollServerSocketChannel
2023-09-25 17:56:20,985 [main] INFO  replication.ReplicationSupervisor (ReplicationSupervisor.java:build(155)) - Initializing replication supervisor with thread count = 10
2023-09-25 17:56:20,986 [main] INFO  replication.ReplicationSupervisor (ReplicationSupervisor.java:nodeStateUpdated(307)) - Node state updated to IN_SERVICE, scaling executor pool size to 10
2023-09-25 17:56:21,011 [om1@group-C5BA1605619E-FollowerState] INFO  impl.FollowerState (FollowerState.java:run(143)) - om1@group-C5BA1605619E-FollowerState: change to CANDIDATE, lastRpcElapsedTime:1010279801ns, electionTimeout:1000ms
2023-09-25 17:56:21,014 [om1@group-C5BA1605619E-FollowerState] INFO  impl.RoleInfo (RoleInfo.java:shutdownFollowerState(110)) - om1: shutdown om1@group-C5BA1605619E-FollowerState
2023-09-25 17:56:21,015 [om1@group-C5BA1605619E-FollowerState] INFO  server.RaftServer$Division (RaftServerImpl.java:setRole(329)) - om1@group-C5BA1605619E: changes role from  FOLLOWER to CANDIDATE at term 0 for changeToCandidate
2023-09-25 17:56:21,019 [om1@group-C5BA1605619E-FollowerState] INFO  server.RaftServerConfigKeys (ConfUtils.java:logGet(46)) - raft.server.leaderelection.pre-vote = true (default)
2023-09-25 17:56:21,020 [om1@group-C5BA1605619E-FollowerState] INFO  impl.RoleInfo (RoleInfo.java:updateAndGet(139)) - om1: start om1@group-C5BA1605619E-LeaderElection1
2023-09-25 17:56:21,038 [om1@group-C5BA1605619E-LeaderElection1] INFO  impl.LeaderElection (LeaderElection.java:askForVotes(321)) - om1@group-C5BA1605619E-LeaderElection1 PRE_VOTE round 0: submit vote requests at term 0 for -1: peers:[om1|rpc:localhost:15007|priority:0|startupRole:FOLLOWER]|listeners:[], old=null
2023-09-25 17:56:21,039 [om1@group-C5BA1605619E-LeaderElection1] INFO  impl.LeaderElection (LeaderElection.java:askForVotes(323)) - om1@group-C5BA1605619E-LeaderElection1 PRE_VOTE round 0: result PASSED (term=0)
2023-09-25 17:56:21,041 [om1@group-C5BA1605619E-LeaderElection1] INFO  impl.LeaderElection (LeaderElection.java:askForVotes(321)) - om1@group-C5BA1605619E-LeaderElection1 ELECTION round 0: submit vote requests at term 1 for -1: peers:[om1|rpc:localhost:15007|priority:0|startupRole:FOLLOWER]|listeners:[], old=null
2023-09-25 17:56:21,041 [om1@group-C5BA1605619E-LeaderElection1] INFO  impl.LeaderElection (LeaderElection.java:askForVotes(323)) - om1@group-C5BA1605619E-LeaderElection1 ELECTION round 0: result PASSED (term=1)
2023-09-25 17:56:21,041 [om1@group-C5BA1605619E-LeaderElection1] INFO  impl.RoleInfo (RoleInfo.java:shutdownLeaderElection(130)) - om1: shutdown om1@group-C5BA1605619E-LeaderElection1
2023-09-25 17:56:21,042 [om1@group-C5BA1605619E-LeaderElection1] INFO  server.RaftServer$Division (RaftServerImpl.java:setRole(329)) - om1@group-C5BA1605619E: changes role from CANDIDATE to LEADER at term 1 for changeToLeader
2023-09-25 17:56:21,044 [om1@group-C5BA1605619E-LeaderElection1] INFO  server.RaftServer$Division (ServerState.java:setLeader(317)) - om1@group-C5BA1605619E: change Leader from null to om1 at term 1 for becomeLeader, leader elected after 2299ms
2023-09-25 17:56:21,064 [om1@group-C5BA1605619E-LeaderElection1] INFO  server.RaftServerConfigKeys (ConfUtils.java:logGet(46)) - raft.server.staging.catchup.gap = 1000 (default)
2023-09-25 17:56:21,069 [om1@group-C5BA1605619E-LeaderElection1] INFO  server.RaftServerConfigKeys (ConfUtils.java:logGet(46)) - raft.server.write.element-limit = 4096 (default)
2023-09-25 17:56:21,070 [om1@group-C5BA1605619E-LeaderElection1] INFO  server.RaftServerConfigKeys (ConfUtils.java:logGet(46)) - raft.server.write.byte-limit = 64MB (=67108864) (default)
2023-09-25 17:56:21,073 [main] INFO  http.BaseHttpServer (BaseHttpServer.java:newHttpServer2BuilderForOzone(223)) - Starting Web-server for hddsDatanode at: http://0.0.0.0:15009
2023-09-25 17:56:21,073 [main] INFO  http.BaseHttpServer (BaseHttpServer.java:<init>(110)) - Hadoop Security Enabled: false Ozone Security Enabled: false Ozone HTTP Security Enabled: false 
2023-09-25 17:56:21,077 [main] WARN  server.AuthenticationFilter (AuthenticationFilter.java:constructSecretProvider(240)) - Unable to initialize FileSignerSecretProvider, falling back to use random secrets. Reason: Could not read signature secret file: /home/runner/hadoop-http-auth-signature-secret
2023-09-25 17:56:21,079 [main] INFO  http.HttpRequestLog (HttpRequestLog.java:getRequestLog(86)) - Http request log for http.requests.hddsDatanode is not defined
2023-09-25 17:56:21,081 [main] INFO  http.HttpServer2 (HttpServer2.java:addGlobalFilter(1031)) - Added global filter 'safety' (class=org.apache.hadoop.hdds.server.http.HttpServer2$QuotingInputFilter)
2023-09-25 17:56:21,082 [main] INFO  http.HttpServer2 (HttpServer2.java:addFilter(1007)) - Added filter static_user_filter (class=org.apache.hadoop.http.lib.StaticUserWebFilter$StaticUserFilter) to context hddsDatanode
2023-09-25 17:56:21,083 [main] INFO  http.HttpServer2 (HttpServer2.java:addFilter(1015)) - Added filter static_user_filter (class=org.apache.hadoop.http.lib.StaticUserWebFilter$StaticUserFilter) to context logs
2023-09-25 17:56:21,081 [om1@group-C5BA1605619E-LeaderElection1] INFO  server.RaftServerConfigKeys (ConfUtils.java:logGet(46)) - raft.server.watch.timeout = 10s (default)
2023-09-25 17:56:21,083 [om1@group-C5BA1605619E-LeaderElection1] INFO  server.RaftServerConfigKeys (ConfUtils.java:logGet(46)) - raft.server.watch.timeout.denomination = 1s (default)
2023-09-25 17:56:21,084 [om1@group-C5BA1605619E-LeaderElection1] INFO  server.RaftServerConfigKeys (ConfUtils.java:logGet(46)) - raft.server.watch.element-limit = 65536 (default)
2023-09-25 17:56:21,083 [main] INFO  http.HttpServer2 (HttpServer2.java:addFilter(1015)) - Added filter static_user_filter (class=org.apache.hadoop.http.lib.StaticUserWebFilter$StaticUserFilter) to context static
2023-09-25 17:56:21,088 [main] INFO  http.BaseHttpServer (BaseHttpServer.java:<init>(189)) - HTTP server of hddsDatanode uses base directory /home/runner/work/ozone/ozone/hadoop-ozone/integration-test/target/test-dir/MiniOzoneClusterImpl-932dec38-ee06-46f6-8792-0cf7b891b204/datanode-0/meta/webserver
2023-09-25 17:56:21,089 [om1@group-C5BA1605619E-LeaderElection1] INFO  server.RaftServerConfigKeys (ConfUtils.java:logGet(46)) - raft.server.write.element-limit = 4096 (default)
2023-09-25 17:56:21,089 [main] INFO  http.HttpServer2 (HttpServer2.java:bindListener(1231)) - Jetty bound to port 15009
2023-09-25 17:56:21,091 [main] INFO  server.Server (Server.java:doStart(375)) - jetty-9.4.52.v20230823; built: 2023-08-23T19:29:37.669Z; git: abdcda73818a1a2c705da276edb0bf6581e7997e; jvm 1.8.0_382-b05
2023-09-25 17:56:21,100 [om1@group-C5BA1605619E-LeaderElection1] INFO  server.RaftServerConfigKeys (ConfUtils.java:logGet(46)) - raft.server.write.follower.gap.ratio.max = -1.0 (default)
2023-09-25 17:56:21,104 [om1@group-C5BA1605619E-LeaderElection1] INFO  impl.RoleInfo (RoleInfo.java:updateAndGet(139)) - om1: start om1@group-C5BA1605619E-LeaderStateImpl
2023-09-25 17:56:21,148 [main] INFO  server.session (DefaultSessionIdManager.java:doStart(334)) - DefaultSessionIdManager workerName=node0
2023-09-25 17:56:21,148 [main] INFO  server.session (DefaultSessionIdManager.java:doStart(339)) - No SessionScavenger set, using defaults
2023-09-25 17:56:21,148 [main] INFO  server.session (HouseKeeper.java:startScavenging(132)) - node0 Scavenging every 660000ms
2023-09-25 17:56:21,152 [main] INFO  handler.ContextHandler (ContextHandler.java:doStart(921)) - Started o.e.j.s.ServletContextHandler@41fb7c4a{logs,/logs,file:///home/runner/work/ozone/ozone/hadoop-ozone/integration-test/target/log,AVAILABLE}
2023-09-25 17:56:21,152 [main] INFO  handler.ContextHandler (ContextHandler.java:doStart(921)) - Started o.e.j.s.ServletContextHandler@15c98765{static,/static,jar:file:/home/runner/.m2/repository/org/apache/ozone/hdds-container-service/1.4.0-SNAPSHOT/hdds-container-service-1.4.0-SNAPSHOT.jar!/webapps/static,AVAILABLE}
2023-09-25 17:56:21,150 [om1@group-C5BA1605619E-LeaderElection1] INFO  segmented.SegmentedRaftLogWorker (SegmentedRaftLogWorker.java:startLogSegment(447)) - om1@group-C5BA1605619E-SegmentedRaftLogWorker: Starting segment from index:0
2023-09-25 17:56:21,282 [om1@group-C5BA1605619E-LeaderElection1] INFO  server.RaftServer$Division (ServerState.java:setRaftConf(434)) - om1@group-C5BA1605619E: set configuration 0: peers:[om1|rpc:localhost:15007|admin:|client:|dataStream:|priority:0|startupRole:FOLLOWER]|listeners:[], old=null
2023-09-25 17:56:21,484 [om1@group-C5BA1605619E-SegmentedRaftLogWorker] INFO  segmented.SegmentedRaftLogWorker (SegmentedRaftLogWorker.java:execute(651)) - om1@group-C5BA1605619E-SegmentedRaftLogWorker: created new log segment /home/runner/work/ozone/ozone/hadoop-ozone/integration-test/target/test-dir/MiniOzoneClusterImpl-932dec38-ee06-46f6-8792-0cf7b891b204/ozone-meta/ratis/bf265839-605b-3f16-9796-c5ba1605619e/current/log_inprogress_0
2023-09-25 17:56:21,514 [main] INFO  handler.ContextHandler (ContextHandler.java:doStart(921)) - Started o.e.j.w.WebAppContext@6ee8afd0{hddsDatanode,/,file:///home/runner/work/ozone/ozone/hadoop-ozone/integration-test/target/test-dir/MiniOzoneClusterImpl-932dec38-ee06-46f6-8792-0cf7b891b204/datanode-0/meta/webserver/jetty-0_0_0_0-15009-hdds-container-service-1_4_0-SNAPSHOT_jar-_-any-4074804798066365811/webapp/,AVAILABLE}{jar:file:/home/runner/.m2/repository/org/apache/ozone/hdds-container-service/1.4.0-SNAPSHOT/hdds-container-service-1.4.0-SNAPSHOT.jar!/webapps/hddsDatanode}
2023-09-25 17:56:21,516 [main] INFO  server.AbstractConnector (AbstractConnector.java:doStart(333)) - Started ServerConnector@5d16941b{HTTP/1.1, (http/1.1)}{0.0.0.0:15009}
2023-09-25 17:56:21,516 [main] INFO  server.Server (Server.java:doStart(415)) - Started @10985ms
2023-09-25 17:56:21,516 [main] WARN  impl.MetricsSystemImpl (MetricsSystemImpl.java:register(279)) - Sink prometheus already exists!
2023-09-25 17:56:21,517 [main] INFO  http.BaseHttpServer (BaseHttpServer.java:updateConnectorAddress(354)) - HTTP server of hddsDatanode listening at http://0.0.0.0:15009
2023-09-25 17:56:21,524 [main] INFO  ipc.CallQueueManager (CallQueueManager.java:<init>(90)) - Using callQueue: class java.util.concurrent.LinkedBlockingQueue, queueCapacity: 100, scheduler: class org.apache.hadoop.ipc.DefaultRpcScheduler, ipcBackoff: false.
2023-09-25 17:56:21,524 [main] INFO  ipc.Server (Server.java:<init>(1287)) - Listener at 0.0.0.0:15010
2023-09-25 17:56:21,527 [Socket Reader #1 for port 15010] INFO  ipc.Server (Server.java:run(1323)) - Starting Socket Reader #1 for port 15010
2023-09-25 17:56:21,536 [main] INFO  ozone.HddsDatanodeService (HddsDatanodeService.java:start(315)) - Datanode start with admins: [runner]
2023-09-25 17:56:21,537 [main] INFO  ozone.HddsDatanodeClientProtocolServer (HddsDatanodeClientProtocolServer.java:start(72)) - RPC server for Client /0.0.0.0:15010
2023-09-25 17:56:21,546 [IPC Server Responder] INFO  ipc.Server (Server.java:run(1562)) - IPC Server Responder: starting
2023-09-25 17:56:21,555 [main] WARN  impl.MetricRegistriesImpl (MetricRegistriesImpl.java:addReporterRegistration(111)) - New reporters are added after registries were created. Some metrics will be missing from the reporter. Please add reporter before adding any new registry.
2023-09-25 17:56:21,556 [main] WARN  impl.MetricRegistriesImpl (MetricRegistriesImpl.java:addReporterRegistration(111)) - New reporters are added after registries were created. Some metrics will be missing from the reporter. Please add reporter before adding any new registry.
2023-09-25 17:56:21,556 [main] INFO  impl.MetricsSystemImpl (MetricsSystemImpl.java:init(158)) - HddsDatanode metrics system started (again)
2023-09-25 17:56:21,567 [IPC Server listener on 15010] INFO  ipc.Server (Server.java:run(1402)) - IPC Server listener on 15010: starting
2023-09-25 17:56:21,568 [Datanode State Machine Daemon Thread] INFO  statemachine.DatanodeStateMachine (DatanodeStateMachine.java:lambda$startDaemon$0(539)) - Ozone container server started.
2023-09-25 17:56:21,593 [main] INFO  ozone.HddsDatanodeService (HddsDatanodeService.java:start(237)) - HddsDatanodeService host:fv-az249-861 ip:10.1.0.144
2023-09-25 17:56:21,649 [main] INFO  upgrade.AbstractLayoutVersionManager (AbstractLayoutVersionManager.java:init(83)) - Initializing Layout version manager with metadata layout = HADOOP_PRC_PORTS_IN_DATANODEDETAILS (version = 7), software layout = HADOOP_PRC_PORTS_IN_DATANODEDETAILS (version = 7)
2023-09-25 17:56:21,652 [main] INFO  statemachine.DatanodeStateMachine (DatanodeStateMachine.java:getEndPointTaskThreadPoolSize(283)) - Datanode State Machine Task Thread Pool size 2
2023-09-25 17:56:21,665 [main] INFO  volume.HddsVolume (HddsVolume.java:<init>(126)) - Creating HddsVolume: /home/runner/work/ozone/ozone/hadoop-ozone/integration-test/target/test-dir/MiniOzoneClusterImpl-932dec38-ee06-46f6-8792-0cf7b891b204/datanode-1/data-0/containers/hdds of storage type : DISK capacity : 9223372036854775807
2023-09-25 17:56:21,669 [main] INFO  volume.MutableVolumeSet (MutableVolumeSet.java:initializeVolumeSet(173)) - Added Volume : /home/runner/work/ozone/ozone/hadoop-ozone/integration-test/target/test-dir/MiniOzoneClusterImpl-932dec38-ee06-46f6-8792-0cf7b891b204/datanode-1/data-0/containers/hdds to VolumeSet
2023-09-25 17:56:21,673 [main] INFO  volume.MutableVolumeSet (MutableVolumeSet.java:initializeVolumeSet(173)) - Added Volume : /home/runner/work/ozone/ozone/hadoop-ozone/integration-test/target/test-dir/MiniOzoneClusterImpl-932dec38-ee06-46f6-8792-0cf7b891b204/datanode-1/data/ratis to VolumeSet
2023-09-25 17:56:21,678 [om1@group-C5BA1605619E-StateMachineUpdater] INFO  ratis.OzoneManagerStateMachine (OzoneManagerStateMachine.java:notifyConfigurationChanged(202)) - Received Configuration change notification from Ratis. New Peer list:
[id: "om1"
address: "localhost:15007"
startupRole: FOLLOWER
]
2023-09-25 17:56:21,679 [Thread-159] INFO  ozoneimpl.ContainerReader (ContainerReader.java:readVolume(177)) - Finish verifying containers on volume /home/runner/work/ozone/ozone/hadoop-ozone/integration-test/target/test-dir/MiniOzoneClusterImpl-932dec38-ee06-46f6-8792-0cf7b891b204/datanode-1/data-0/containers/hdds
2023-09-25 17:56:21,683 [main] INFO  ozoneimpl.OzoneContainer (OzoneContainer.java:buildContainerSet(314)) - Build ContainerSet costs 0s
2023-09-25 17:56:21,688 [main] INFO  server.RaftServer (ConfUtils.java:logGet(46)) - raft.rpc.type = GRPC (default)
2023-09-25 17:56:21,688 [main] INFO  grpc.GrpcConfigKeys (ConfUtils.java:logFallback(53)) - raft.grpc.admin.host = null (fallback to raft.grpc.server.host)
2023-09-25 17:56:21,688 [main] INFO  grpc.GrpcConfigKeys (ConfUtils.java:logGet(46)) - raft.grpc.admin.port = 15022 (custom)
2023-09-25 17:56:21,689 [main] INFO  grpc.GrpcConfigKeys (ConfUtils.java:logFallback(53)) - raft.grpc.client.host = null (fallback to raft.grpc.server.host)
2023-09-25 17:56:21,689 [main] INFO  grpc.GrpcConfigKeys (ConfUtils.java:logGet(46)) - raft.grpc.client.port = 15021 (custom)
2023-09-25 17:56:21,689 [main] INFO  grpc.GrpcConfigKeys (ConfUtils.java:logGet(46)) - raft.grpc.server.host = null (default)
2023-09-25 17:56:21,689 [main] INFO  grpc.GrpcConfigKeys (ConfUtils.java:logGet(46)) - raft.grpc.server.port = 15023 (custom)
2023-09-25 17:56:21,689 [main] INFO  server.GrpcService (ConfUtils.java:logGet(46)) - raft.grpc.message.size.max = 32MB (=33554432) (custom)
2023-09-25 17:56:21,690 [main] INFO  server.RaftServerConfigKeys (ConfUtils.java:logGet(46)) - raft.server.log.appender.buffer.byte-limit = 33554432 (custom)
2023-09-25 17:56:21,690 [main] INFO  server.GrpcService (ConfUtils.java:logGet(46)) - raft.grpc.flow.control.window = 5MB (=5242880) (custom)
2023-09-25 17:56:21,690 [main] INFO  server.RaftServerConfigKeys (ConfUtils.java:logGet(46)) - raft.server.rpc.request.timeout = 60s (custom)
2023-09-25 17:56:21,691 [main] INFO  grpc.GrpcConfigKeys (ConfUtils.java:logGet(46)) - raft.grpc.server.heartbeat.channel = true (default)
2023-09-25 17:56:21,691 [main] INFO  grpc.GrpcConfigKeys (ConfUtils.java:logGet(46)) - raft.grpc.server.async.request.thread.pool.cached = true (default)
2023-09-25 17:56:21,692 [main] INFO  grpc.GrpcConfigKeys (ConfUtils.java:logGet(46)) - raft.grpc.server.async.request.thread.pool.size = 32 (default)
2023-09-25 17:56:21,698 [main] INFO  impl.DataStreamServerImpl (ConfUtils.java:logGet(46)) - raft.datastream.type = NETTY (custom)
2023-09-25 17:56:21,699 [main] INFO  server.RaftServerConfigKeys (ConfUtils.java:logGet(46)) - raft.server.data-stream.async.request.thread.pool.cached = false (default)
2023-09-25 17:56:21,700 [main] INFO  server.RaftServerConfigKeys (ConfUtils.java:logGet(46)) - raft.server.data-stream.async.request.thread.pool.size = 20 (custom)
2023-09-25 17:56:21,700 [main] INFO  server.RaftServerConfigKeys (ConfUtils.java:logGet(46)) - raft.server.data-stream.async.write.thread.pool.size = 16 (default)
2023-09-25 17:56:21,700 [main] INFO  server.RaftServerConfigKeys (ConfUtils.java:logGet(46)) - raft.server.data-stream.client.pool.size = 10 (default)
2023-09-25 17:56:21,701 [main] INFO  netty.NettyConfigKeys$DataStream (ConfUtils.java:logGet(46)) - raft.netty.dataStream.server.use-epoll = false (default)
2023-09-25 17:56:21,701 [main] INFO  netty.NettyConfigKeys$DataStream (ConfUtils.java:logGet(46)) - raft.netty.dataStream.server.boss-group.size = 0 (default)
2023-09-25 17:56:21,703 [main] INFO  netty.NettyConfigKeys$DataStream (ConfUtils.java:logGet(46)) - raft.netty.dataStream.server.worker-group.size = 0 (default)
2023-09-25 17:56:21,704 [main] INFO  netty.NettyConfigKeys$DataStream (ConfUtils.java:logGet(46)) - raft.netty.dataStream.server.tls.conf = null (default)
2023-09-25 17:56:21,704 [main] INFO  netty.NettyConfigKeys$DataStream (ConfUtils.java:logGet(46)) - raft.netty.dataStream.host = null (default)
2023-09-25 17:56:21,705 [main] INFO  netty.NettyConfigKeys$DataStream (ConfUtils.java:logGet(46)) - raft.netty.dataStream.port = 15024 (custom)
2023-09-25 17:56:21,710 [main] INFO  server.RaftServerConfigKeys (ConfUtils.java:logGet(46)) - raft.server.threadpool.proxy.cached = true (default)
2023-09-25 17:56:21,710 [main] INFO  server.RaftServerConfigKeys (ConfUtils.java:logGet(46)) - raft.server.threadpool.proxy.size = 0 (default)
2023-09-25 17:56:21,710 [main] INFO  server.RaftServerConfigKeys (ConfUtils.java:logGet(46)) - raft.server.rpc.slowness.timeout = 300s (custom)
2023-09-25 17:56:21,710 [main] INFO  server.RaftServerConfigKeys (ConfUtils.java:logGet(46)) - raft.server.leaderelection.leader.step-down.wait-time = 10s (default)
2023-09-25 17:56:21,711 [main] INFO  server.RaftServerConfigKeys (ConfUtils.java:logGet(46)) - raft.server.storage.dir = [/home/runner/work/ozone/ozone/hadoop-ozone/integration-test/target/test-dir/MiniOzoneClusterImpl-932dec38-ee06-46f6-8792-0cf7b891b204/datanode-1/data/ratis] (custom)
2023-09-25 17:56:21,731 [07de5ce2-8a0b-4f06-859c-06527793f6e4-impl-thread1] INFO  server.RaftServer (RaftServerProxy.java:initGroupDir(258)) - 07de5ce2-8a0b-4f06-859c-06527793f6e4: found a subdirectory /home/runner/work/ozone/ozone/hadoop-ozone/integration-test/target/test-dir/MiniOzoneClusterImpl-932dec38-ee06-46f6-8792-0cf7b891b204/datanode-1/data/ratis/tmp
2023-09-25 17:56:21,731 [07de5ce2-8a0b-4f06-859c-06527793f6e4-impl-thread1] INFO  server.RaftServer (RaftServerProxy.java:initGroupDir(263)) - 07de5ce2-8a0b-4f06-859c-06527793f6e4: The directory /home/runner/work/ozone/ozone/hadoop-ozone/integration-test/target/test-dir/MiniOzoneClusterImpl-932dec38-ee06-46f6-8792-0cf7b891b204/datanode-1/data/ratis/tmp is not a group directory; ignoring it. 
2023-09-25 17:56:21,732 [main] INFO  replication.ReplicationServer (ReplicationServer.java:<init>(83)) - Initializing replication server with thread count = 10 queue length = 4096
2023-09-25 17:56:21,734 [main] INFO  server.XceiverServerGrpc (XceiverServerGrpc.java:<init>(132)) - GrpcServer channel type EpollServerSocketChannel
2023-09-25 17:56:21,735 [07de5ce2-8a0b-4f06-859c-06527793f6e4-NettyServerStreamRpc-bossGroup--thread1] INFO  logging.LoggingHandler (AbstractInternalLogger.java:log(148)) - [id: 0x60da14e6] REGISTERED
2023-09-25 17:56:21,735 [07de5ce2-8a0b-4f06-859c-06527793f6e4-NettyServerStreamRpc-bossGroup--thread1] INFO  logging.LoggingHandler (AbstractInternalLogger.java:log(148)) - [id: 0x60da14e6] BIND: 0.0.0.0/0.0.0.0:15024
2023-09-25 17:56:21,736 [07de5ce2-8a0b-4f06-859c-06527793f6e4-NettyServerStreamRpc-bossGroup--thread1] INFO  logging.LoggingHandler (AbstractInternalLogger.java:log(148)) - [id: 0x60da14e6, L:/0:0:0:0:0:0:0:0:15024] ACTIVE
2023-09-25 17:56:21,738 [main] INFO  replication.ReplicationSupervisor (ReplicationSupervisor.java:build(155)) - Initializing replication supervisor with thread count = 10
2023-09-25 17:56:21,738 [main] INFO  replication.ReplicationSupervisor (ReplicationSupervisor.java:nodeStateUpdated(307)) - Node state updated to IN_SERVICE, scaling executor pool size to 10
2023-09-25 17:56:21,746 [main] INFO  http.BaseHttpServer (BaseHttpServer.java:newHttpServer2BuilderForOzone(223)) - Starting Web-server for hddsDatanode at: http://0.0.0.0:15018
2023-09-25 17:56:21,747 [main] INFO  http.BaseHttpServer (BaseHttpServer.java:<init>(110)) - Hadoop Security Enabled: false Ozone Security Enabled: false Ozone HTTP Security Enabled: false 
2023-09-25 17:56:21,749 [main] WARN  server.AuthenticationFilter (AuthenticationFilter.java:constructSecretProvider(240)) - Unable to initialize FileSignerSecretProvider, falling back to use random secrets. Reason: Could not read signature secret file: /home/runner/hadoop-http-auth-signature-secret
2023-09-25 17:56:21,755 [main] INFO  http.HttpRequestLog (HttpRequestLog.java:getRequestLog(86)) - Http request log for http.requests.hddsDatanode is not defined
2023-09-25 17:56:21,757 [main] INFO  http.HttpServer2 (HttpServer2.java:addGlobalFilter(1031)) - Added global filter 'safety' (class=org.apache.hadoop.hdds.server.http.HttpServer2$QuotingInputFilter)
2023-09-25 17:56:21,758 [main] INFO  http.HttpServer2 (HttpServer2.java:addFilter(1007)) - Added filter static_user_filter (class=org.apache.hadoop.http.lib.StaticUserWebFilter$StaticUserFilter) to context hddsDatanode
2023-09-25 17:56:21,758 [main] INFO  http.HttpServer2 (HttpServer2.java:addFilter(1015)) - Added filter static_user_filter (class=org.apache.hadoop.http.lib.StaticUserWebFilter$StaticUserFilter) to context logs
2023-09-25 17:56:21,758 [main] INFO  http.HttpServer2 (HttpServer2.java:addFilter(1015)) - Added filter static_user_filter (class=org.apache.hadoop.http.lib.StaticUserWebFilter$StaticUserFilter) to context static
2023-09-25 17:56:21,759 [main] INFO  http.BaseHttpServer (BaseHttpServer.java:<init>(189)) - HTTP server of hddsDatanode uses base directory /home/runner/work/ozone/ozone/hadoop-ozone/integration-test/target/test-dir/MiniOzoneClusterImpl-932dec38-ee06-46f6-8792-0cf7b891b204/datanode-1/meta/webserver
2023-09-25 17:56:21,760 [main] INFO  http.HttpServer2 (HttpServer2.java:bindListener(1231)) - Jetty bound to port 15018
2023-09-25 17:56:21,761 [main] INFO  server.Server (Server.java:doStart(375)) - jetty-9.4.52.v20230823; built: 2023-08-23T19:29:37.669Z; git: abdcda73818a1a2c705da276edb0bf6581e7997e; jvm 1.8.0_382-b05
2023-09-25 17:56:21,796 [main] INFO  server.session (DefaultSessionIdManager.java:doStart(334)) - DefaultSessionIdManager workerName=node0
2023-09-25 17:56:21,797 [main] INFO  server.session (DefaultSessionIdManager.java:doStart(339)) - No SessionScavenger set, using defaults
2023-09-25 17:56:21,797 [main] INFO  server.session (HouseKeeper.java:startScavenging(132)) - node0 Scavenging every 600000ms
2023-09-25 17:56:21,798 [main] INFO  handler.ContextHandler (ContextHandler.java:doStart(921)) - Started o.e.j.s.ServletContextHandler@4ab81988{logs,/logs,file:///home/runner/work/ozone/ozone/hadoop-ozone/integration-test/target/log,AVAILABLE}
2023-09-25 17:56:21,798 [main] INFO  handler.ContextHandler (ContextHandler.java:doStart(921)) - Started o.e.j.s.ServletContextHandler@168611e6{static,/static,jar:file:/home/runner/.m2/repository/org/apache/ozone/hdds-container-service/1.4.0-SNAPSHOT/hdds-container-service-1.4.0-SNAPSHOT.jar!/webapps/static,AVAILABLE}
2023-09-25 17:56:21,829 [Datanode State Machine Task Thread - 0] INFO  datanode.InitDatanodeState (InitDatanodeState.java:persistContainerDatanodeDetails(138)) - DatanodeDetails is persisted to /home/runner/work/ozone/ozone/hadoop-ozone/integration-test/target/test-dir/MiniOzoneClusterImpl-932dec38-ee06-46f6-8792-0cf7b891b204/datanode-0/meta/datanode.id
2023-09-25 17:56:22,087 [main] INFO  handler.ContextHandler (ContextHandler.java:doStart(921)) - Started o.e.j.w.WebAppContext@37aeaef9{hddsDatanode,/,file:///home/runner/work/ozone/ozone/hadoop-ozone/integration-test/target/test-dir/MiniOzoneClusterImpl-932dec38-ee06-46f6-8792-0cf7b891b204/datanode-1/meta/webserver/jetty-0_0_0_0-15018-hdds-container-service-1_4_0-SNAPSHOT_jar-_-any-9001556139951514664/webapp/,AVAILABLE}{jar:file:/home/runner/.m2/repository/org/apache/ozone/hdds-container-service/1.4.0-SNAPSHOT/hdds-container-service-1.4.0-SNAPSHOT.jar!/webapps/hddsDatanode}
2023-09-25 17:56:22,089 [main] INFO  server.AbstractConnector (AbstractConnector.java:doStart(333)) - Started ServerConnector@75b8328d{HTTP/1.1, (http/1.1)}{0.0.0.0:15018}
2023-09-25 17:56:22,089 [main] INFO  server.Server (Server.java:doStart(415)) - Started @11558ms
2023-09-25 17:56:22,089 [main] WARN  impl.MetricsSystemImpl (MetricsSystemImpl.java:register(279)) - Sink prometheus already exists!
2023-09-25 17:56:22,090 [main] INFO  http.BaseHttpServer (BaseHttpServer.java:updateConnectorAddress(354)) - HTTP server of hddsDatanode listening at http://0.0.0.0:15018
2023-09-25 17:56:22,090 [main] INFO  ipc.CallQueueManager (CallQueueManager.java:<init>(90)) - Using callQueue: class java.util.concurrent.LinkedBlockingQueue, queueCapacity: 100, scheduler: class org.apache.hadoop.ipc.DefaultRpcScheduler, ipcBackoff: false.
2023-09-25 17:56:22,091 [main] INFO  ipc.Server (Server.java:<init>(1287)) - Listener at 0.0.0.0:15019
2023-09-25 17:56:22,093 [Socket Reader #1 for port 15019] INFO  ipc.Server (Server.java:run(1323)) - Starting Socket Reader #1 for port 15019
2023-09-25 17:56:22,103 [main] INFO  ozone.HddsDatanodeService (HddsDatanodeService.java:start(315)) - Datanode start with admins: [runner]
2023-09-25 17:56:22,103 [main] INFO  ozone.HddsDatanodeClientProtocolServer (HddsDatanodeClientProtocolServer.java:start(72)) - RPC server for Client /0.0.0.0:15019
2023-09-25 17:56:22,104 [IPC Server Responder] INFO  ipc.Server (Server.java:run(1562)) - IPC Server Responder: starting
2023-09-25 17:56:22,105 [IPC Server listener on 15019] INFO  ipc.Server (Server.java:run(1402)) - IPC Server listener on 15019: starting
2023-09-25 17:56:22,106 [Datanode State Machine Daemon Thread] INFO  statemachine.DatanodeStateMachine (DatanodeStateMachine.java:lambda$startDaemon$0(539)) - Ozone container server started.
2023-09-25 17:56:22,107 [main] WARN  impl.MetricRegistriesImpl (MetricRegistriesImpl.java:addReporterRegistration(111)) - New reporters are added after registries were created. Some metrics will be missing from the reporter. Please add reporter before adding any new registry.
2023-09-25 17:56:22,107 [main] WARN  impl.MetricRegistriesImpl (MetricRegistriesImpl.java:addReporterRegistration(111)) - New reporters are added after registries were created. Some metrics will be missing from the reporter. Please add reporter before adding any new registry.
2023-09-25 17:56:22,107 [main] INFO  impl.MetricsSystemImpl (MetricsSystemImpl.java:init(158)) - HddsDatanode metrics system started (again)
2023-09-25 17:56:22,122 [main] INFO  ozone.HddsDatanodeService (HddsDatanodeService.java:start(237)) - HddsDatanodeService host:fv-az249-861 ip:10.1.0.144
2023-09-25 17:56:22,155 [Datanode State Machine Task Thread - 0] INFO  datanode.InitDatanodeState (InitDatanodeState.java:persistContainerDatanodeDetails(138)) - DatanodeDetails is persisted to /home/runner/work/ozone/ozone/hadoop-ozone/integration-test/target/test-dir/MiniOzoneClusterImpl-932dec38-ee06-46f6-8792-0cf7b891b204/datanode-1/meta/datanode.id
2023-09-25 17:56:22,168 [main] INFO  upgrade.AbstractLayoutVersionManager (AbstractLayoutVersionManager.java:init(83)) - Initializing Layout version manager with metadata layout = HADOOP_PRC_PORTS_IN_DATANODEDETAILS (version = 7), software layout = HADOOP_PRC_PORTS_IN_DATANODEDETAILS (version = 7)
2023-09-25 17:56:22,170 [main] INFO  statemachine.DatanodeStateMachine (DatanodeStateMachine.java:getEndPointTaskThreadPoolSize(283)) - Datanode State Machine Task Thread Pool size 2
2023-09-25 17:56:22,182 [main] INFO  volume.HddsVolume (HddsVolume.java:<init>(126)) - Creating HddsVolume: /home/runner/work/ozone/ozone/hadoop-ozone/integration-test/target/test-dir/MiniOzoneClusterImpl-932dec38-ee06-46f6-8792-0cf7b891b204/datanode-2/data-0/containers/hdds of storage type : DISK capacity : 9223372036854775807
2023-09-25 17:56:22,182 [main] INFO  volume.MutableVolumeSet (MutableVolumeSet.java:initializeVolumeSet(173)) - Added Volume : /home/runner/work/ozone/ozone/hadoop-ozone/integration-test/target/test-dir/MiniOzoneClusterImpl-932dec38-ee06-46f6-8792-0cf7b891b204/datanode-2/data-0/containers/hdds to VolumeSet
2023-09-25 17:56:22,185 [main] INFO  volume.MutableVolumeSet (MutableVolumeSet.java:initializeVolumeSet(173)) - Added Volume : /home/runner/work/ozone/ozone/hadoop-ozone/integration-test/target/test-dir/MiniOzoneClusterImpl-932dec38-ee06-46f6-8792-0cf7b891b204/datanode-2/data/ratis to VolumeSet
2023-09-25 17:56:22,187 [Thread-176] INFO  ozoneimpl.ContainerReader (ContainerReader.java:readVolume(177)) - Finish verifying containers on volume /home/runner/work/ozone/ozone/hadoop-ozone/integration-test/target/test-dir/MiniOzoneClusterImpl-932dec38-ee06-46f6-8792-0cf7b891b204/datanode-2/data-0/containers/hdds
2023-09-25 17:56:22,187 [main] INFO  ozoneimpl.OzoneContainer (OzoneContainer.java:buildContainerSet(314)) - Build ContainerSet costs 0s
2023-09-25 17:56:22,197 [main] INFO  server.RaftServer (ConfUtils.java:logGet(46)) - raft.rpc.type = GRPC (default)
2023-09-25 17:56:22,197 [main] INFO  grpc.GrpcConfigKeys (ConfUtils.java:logFallback(53)) - raft.grpc.admin.host = null (fallback to raft.grpc.server.host)
2023-09-25 17:56:22,198 [main] INFO  grpc.GrpcConfigKeys (ConfUtils.java:logGet(46)) - raft.grpc.admin.port = 15031 (custom)
2023-09-25 17:56:22,198 [main] INFO  grpc.GrpcConfigKeys (ConfUtils.java:logFallback(53)) - raft.grpc.client.host = null (fallback to raft.grpc.server.host)
2023-09-25 17:56:22,199 [main] INFO  grpc.GrpcConfigKeys (ConfUtils.java:logGet(46)) - raft.grpc.client.port = 15030 (custom)
2023-09-25 17:56:22,199 [main] INFO  grpc.GrpcConfigKeys (ConfUtils.java:logGet(46)) - raft.grpc.server.host = null (default)
2023-09-25 17:56:22,199 [main] INFO  grpc.GrpcConfigKeys (ConfUtils.java:logGet(46)) - raft.grpc.server.port = 15032 (custom)
2023-09-25 17:56:22,199 [main] INFO  server.GrpcService (ConfUtils.java:logGet(46)) - raft.grpc.message.size.max = 32MB (=33554432) (custom)
2023-09-25 17:56:22,200 [main] INFO  server.RaftServerConfigKeys (ConfUtils.java:logGet(46)) - raft.server.log.appender.buffer.byte-limit = 33554432 (custom)
2023-09-25 17:56:22,200 [main] INFO  server.GrpcService (ConfUtils.java:logGet(46)) - raft.grpc.flow.control.window = 5MB (=5242880) (custom)
2023-09-25 17:56:22,200 [main] INFO  server.RaftServerConfigKeys (ConfUtils.java:logGet(46)) - raft.server.rpc.request.timeout = 60s (custom)
2023-09-25 17:56:22,200 [main] INFO  grpc.GrpcConfigKeys (ConfUtils.java:logGet(46)) - raft.grpc.server.heartbeat.channel = true (default)
2023-09-25 17:56:22,201 [main] INFO  grpc.GrpcConfigKeys (ConfUtils.java:logGet(46)) - raft.grpc.server.async.request.thread.pool.cached = true (default)
2023-09-25 17:56:22,201 [main] INFO  grpc.GrpcConfigKeys (ConfUtils.java:logGet(46)) - raft.grpc.server.async.request.thread.pool.size = 32 (default)
2023-09-25 17:56:22,204 [main] INFO  impl.DataStreamServerImpl (ConfUtils.java:logGet(46)) - raft.datastream.type = NETTY (custom)
2023-09-25 17:56:22,204 [main] INFO  server.RaftServerConfigKeys (ConfUtils.java:logGet(46)) - raft.server.data-stream.async.request.thread.pool.cached = false (default)
2023-09-25 17:56:22,205 [main] INFO  server.RaftServerConfigKeys (ConfUtils.java:logGet(46)) - raft.server.data-stream.async.request.thread.pool.size = 20 (custom)
2023-09-25 17:56:22,205 [main] INFO  server.RaftServerConfigKeys (ConfUtils.java:logGet(46)) - raft.server.data-stream.async.write.thread.pool.size = 16 (default)
2023-09-25 17:56:22,205 [main] INFO  server.RaftServerConfigKeys (ConfUtils.java:logGet(46)) - raft.server.data-stream.client.pool.size = 10 (default)
2023-09-25 17:56:22,205 [main] INFO  netty.NettyConfigKeys$DataStream (ConfUtils.java:logGet(46)) - raft.netty.dataStream.server.use-epoll = false (default)
2023-09-25 17:56:22,205 [main] INFO  netty.NettyConfigKeys$DataStream (ConfUtils.java:logGet(46)) - raft.netty.dataStream.server.boss-group.size = 0 (default)
2023-09-25 17:56:22,206 [main] INFO  netty.NettyConfigKeys$DataStream (ConfUtils.java:logGet(46)) - raft.netty.dataStream.server.worker-group.size = 0 (default)
2023-09-25 17:56:22,206 [main] INFO  netty.NettyConfigKeys$DataStream (ConfUtils.java:logGet(46)) - raft.netty.dataStream.server.tls.conf = null (default)
2023-09-25 17:56:22,207 [main] INFO  netty.NettyConfigKeys$DataStream (ConfUtils.java:logGet(46)) - raft.netty.dataStream.host = null (default)
2023-09-25 17:56:22,207 [main] INFO  netty.NettyConfigKeys$DataStream (ConfUtils.java:logGet(46)) - raft.netty.dataStream.port = 15033 (custom)
2023-09-25 17:56:22,211 [main] INFO  server.RaftServerConfigKeys (ConfUtils.java:logGet(46)) - raft.server.threadpool.proxy.cached = true (default)
2023-09-25 17:56:22,211 [main] INFO  server.RaftServerConfigKeys (ConfUtils.java:logGet(46)) - raft.server.threadpool.proxy.size = 0 (default)
2023-09-25 17:56:22,211 [main] INFO  server.RaftServerConfigKeys (ConfUtils.java:logGet(46)) - raft.server.rpc.slowness.timeout = 300s (custom)
2023-09-25 17:56:22,211 [main] INFO  server.RaftServerConfigKeys (ConfUtils.java:logGet(46)) - raft.server.leaderelection.leader.step-down.wait-time = 10s (default)
2023-09-25 17:56:22,212 [main] INFO  server.RaftServerConfigKeys (ConfUtils.java:logGet(46)) - raft.server.storage.dir = [/home/runner/work/ozone/ozone/hadoop-ozone/integration-test/target/test-dir/MiniOzoneClusterImpl-932dec38-ee06-46f6-8792-0cf7b891b204/datanode-2/data/ratis] (custom)
2023-09-25 17:56:22,221 [1be5c5f2-a8c9-4995-9125-aff50ea2da2d-impl-thread1] INFO  server.RaftServer (RaftServerProxy.java:initGroupDir(258)) - 1be5c5f2-a8c9-4995-9125-aff50ea2da2d: found a subdirectory /home/runner/work/ozone/ozone/hadoop-ozone/integration-test/target/test-dir/MiniOzoneClusterImpl-932dec38-ee06-46f6-8792-0cf7b891b204/datanode-2/data/ratis/tmp
2023-09-25 17:56:22,221 [1be5c5f2-a8c9-4995-9125-aff50ea2da2d-impl-thread1] INFO  server.RaftServer (RaftServerProxy.java:initGroupDir(263)) - 1be5c5f2-a8c9-4995-9125-aff50ea2da2d: The directory /home/runner/work/ozone/ozone/hadoop-ozone/integration-test/target/test-dir/MiniOzoneClusterImpl-932dec38-ee06-46f6-8792-0cf7b891b204/datanode-2/data/ratis/tmp is not a group directory; ignoring it. 
2023-09-25 17:56:22,222 [main] INFO  replication.ReplicationServer (ReplicationServer.java:<init>(83)) - Initializing replication server with thread count = 10 queue length = 4096
2023-09-25 17:56:22,223 [1be5c5f2-a8c9-4995-9125-aff50ea2da2d-NettyServerStreamRpc-bossGroup--thread1] INFO  logging.LoggingHandler (AbstractInternalLogger.java:log(148)) - [id: 0x8f4990c0] REGISTERED
2023-09-25 17:56:22,224 [1be5c5f2-a8c9-4995-9125-aff50ea2da2d-NettyServerStreamRpc-bossGroup--thread1] INFO  logging.LoggingHandler (AbstractInternalLogger.java:log(148)) - [id: 0x8f4990c0] BIND: 0.0.0.0/0.0.0.0:15033
2023-09-25 17:56:22,224 [1be5c5f2-a8c9-4995-9125-aff50ea2da2d-NettyServerStreamRpc-bossGroup--thread1] INFO  logging.LoggingHandler (AbstractInternalLogger.java:log(148)) - [id: 0x8f4990c0, L:/0:0:0:0:0:0:0:0:15033] ACTIVE
2023-09-25 17:56:22,225 [main] INFO  server.XceiverServerGrpc (XceiverServerGrpc.java:<init>(132)) - GrpcServer channel type EpollServerSocketChannel
2023-09-25 17:56:22,228 [main] INFO  replication.ReplicationSupervisor (ReplicationSupervisor.java:build(155)) - Initializing replication supervisor with thread count = 10
2023-09-25 17:56:22,228 [main] INFO  replication.ReplicationSupervisor (ReplicationSupervisor.java:nodeStateUpdated(307)) - Node state updated to IN_SERVICE, scaling executor pool size to 10
2023-09-25 17:56:22,231 [main] INFO  http.BaseHttpServer (BaseHttpServer.java:newHttpServer2BuilderForOzone(223)) - Starting Web-server for hddsDatanode at: http://0.0.0.0:15027
2023-09-25 17:56:22,231 [main] INFO  http.BaseHttpServer (BaseHttpServer.java:<init>(110)) - Hadoop Security Enabled: false Ozone Security Enabled: false Ozone HTTP Security Enabled: false 
2023-09-25 17:56:22,233 [main] WARN  server.AuthenticationFilter (AuthenticationFilter.java:constructSecretProvider(240)) - Unable to initialize FileSignerSecretProvider, falling back to use random secrets. Reason: Could not read signature secret file: /home/runner/hadoop-http-auth-signature-secret
2023-09-25 17:56:22,234 [main] INFO  http.HttpRequestLog (HttpRequestLog.java:getRequestLog(86)) - Http request log for http.requests.hddsDatanode is not defined
2023-09-25 17:56:22,235 [main] INFO  http.HttpServer2 (HttpServer2.java:addGlobalFilter(1031)) - Added global filter 'safety' (class=org.apache.hadoop.hdds.server.http.HttpServer2$QuotingInputFilter)
2023-09-25 17:56:22,236 [main] INFO  http.HttpServer2 (HttpServer2.java:addFilter(1007)) - Added filter static_user_filter (class=org.apache.hadoop.http.lib.StaticUserWebFilter$StaticUserFilter) to context hddsDatanode
2023-09-25 17:56:22,237 [main] INFO  http.HttpServer2 (HttpServer2.java:addFilter(1015)) - Added filter static_user_filter (class=org.apache.hadoop.http.lib.StaticUserWebFilter$StaticUserFilter) to context static
2023-09-25 17:56:22,237 [main] INFO  http.HttpServer2 (HttpServer2.java:addFilter(1015)) - Added filter static_user_filter (class=org.apache.hadoop.http.lib.StaticUserWebFilter$StaticUserFilter) to context logs
2023-09-25 17:56:22,237 [main] INFO  http.BaseHttpServer (BaseHttpServer.java:<init>(189)) - HTTP server of hddsDatanode uses base directory /home/runner/work/ozone/ozone/hadoop-ozone/integration-test/target/test-dir/MiniOzoneClusterImpl-932dec38-ee06-46f6-8792-0cf7b891b204/datanode-2/meta/webserver
2023-09-25 17:56:22,238 [main] INFO  http.HttpServer2 (HttpServer2.java:bindListener(1231)) - Jetty bound to port 15027
2023-09-25 17:56:22,238 [main] INFO  server.Server (Server.java:doStart(375)) - jetty-9.4.52.v20230823; built: 2023-08-23T19:29:37.669Z; git: abdcda73818a1a2c705da276edb0bf6581e7997e; jvm 1.8.0_382-b05
2023-09-25 17:56:22,244 [main] INFO  server.session (DefaultSessionIdManager.java:doStart(334)) - DefaultSessionIdManager workerName=node0
2023-09-25 17:56:22,244 [main] INFO  server.session (DefaultSessionIdManager.java:doStart(339)) - No SessionScavenger set, using defaults
2023-09-25 17:56:22,244 [main] INFO  server.session (HouseKeeper.java:startScavenging(132)) - node0 Scavenging every 660000ms
2023-09-25 17:56:22,246 [main] INFO  handler.ContextHandler (ContextHandler.java:doStart(921)) - Started o.e.j.s.ServletContextHandler@3d8e94e0{logs,/logs,file:///home/runner/work/ozone/ozone/hadoop-ozone/integration-test/target/log,AVAILABLE}
2023-09-25 17:56:22,246 [main] INFO  handler.ContextHandler (ContextHandler.java:doStart(921)) - Started o.e.j.s.ServletContextHandler@57f16a00{static,/static,jar:file:/home/runner/.m2/repository/org/apache/ozone/hdds-container-service/1.4.0-SNAPSHOT/hdds-container-service-1.4.0-SNAPSHOT.jar!/webapps/static,AVAILABLE}
2023-09-25 17:56:22,488 [main] INFO  handler.ContextHandler (ContextHandler.java:doStart(921)) - Started o.e.j.w.WebAppContext@3d2a90af{hddsDatanode,/,file:///home/runner/work/ozone/ozone/hadoop-ozone/integration-test/target/test-dir/MiniOzoneClusterImpl-932dec38-ee06-46f6-8792-0cf7b891b204/datanode-2/meta/webserver/jetty-0_0_0_0-15027-hdds-container-service-1_4_0-SNAPSHOT_jar-_-any-5415779625494761296/webapp/,AVAILABLE}{jar:file:/home/runner/.m2/repository/org/apache/ozone/hdds-container-service/1.4.0-SNAPSHOT/hdds-container-service-1.4.0-SNAPSHOT.jar!/webapps/hddsDatanode}
2023-09-25 17:56:22,492 [main] INFO  server.AbstractConnector (AbstractConnector.java:doStart(333)) - Started ServerConnector@3fd8e5a4{HTTP/1.1, (http/1.1)}{0.0.0.0:15027}
2023-09-25 17:56:22,492 [main] INFO  server.Server (Server.java:doStart(415)) - Started @11961ms
2023-09-25 17:56:22,492 [main] WARN  impl.MetricsSystemImpl (MetricsSystemImpl.java:register(279)) - Sink prometheus already exists!
2023-09-25 17:56:22,493 [main] INFO  http.BaseHttpServer (BaseHttpServer.java:updateConnectorAddress(354)) - HTTP server of hddsDatanode listening at http://0.0.0.0:15027
2023-09-25 17:56:22,493 [main] INFO  ipc.CallQueueManager (CallQueueManager.java:<init>(90)) - Using callQueue: class java.util.concurrent.LinkedBlockingQueue, queueCapacity: 100, scheduler: class org.apache.hadoop.ipc.DefaultRpcScheduler, ipcBackoff: false.
2023-09-25 17:56:22,494 [main] INFO  ipc.Server (Server.java:<init>(1287)) - Listener at 0.0.0.0:15028
2023-09-25 17:56:22,495 [Socket Reader #1 for port 15028] INFO  ipc.Server (Server.java:run(1323)) - Starting Socket Reader #1 for port 15028
2023-09-25 17:56:22,503 [main] INFO  ozone.HddsDatanodeService (HddsDatanodeService.java:start(315)) - Datanode start with admins: [runner]
2023-09-25 17:56:22,504 [main] INFO  ozone.HddsDatanodeClientProtocolServer (HddsDatanodeClientProtocolServer.java:start(72)) - RPC server for Client /0.0.0.0:15028
2023-09-25 17:56:22,505 [IPC Server Responder] INFO  ipc.Server (Server.java:run(1562)) - IPC Server Responder: starting
2023-09-25 17:56:22,512 [Datanode State Machine Daemon Thread] INFO  statemachine.DatanodeStateMachine (DatanodeStateMachine.java:lambda$startDaemon$0(539)) - Ozone container server started.
2023-09-25 17:56:22,512 [IPC Server listener on 15028] INFO  ipc.Server (Server.java:run(1402)) - IPC Server listener on 15028: starting
2023-09-25 17:56:22,513 [main] WARN  impl.MetricRegistriesImpl (MetricRegistriesImpl.java:addReporterRegistration(111)) - New reporters are added after registries were created. Some metrics will be missing from the reporter. Please add reporter before adding any new registry.
2023-09-25 17:56:22,513 [main] WARN  impl.MetricRegistriesImpl (MetricRegistriesImpl.java:addReporterRegistration(111)) - New reporters are added after registries were created. Some metrics will be missing from the reporter. Please add reporter before adding any new registry.
2023-09-25 17:56:22,522 [main] INFO  impl.MetricsSystemImpl (MetricsSystemImpl.java:init(158)) - HddsDatanode metrics system started (again)
2023-09-25 17:56:22,537 [main] INFO  ozone.HddsDatanodeService (HddsDatanodeService.java:start(237)) - HddsDatanodeService host:fv-az249-861 ip:10.1.0.144
2023-09-25 17:56:22,544 [Datanode State Machine Task Thread - 0] INFO  datanode.InitDatanodeState (InitDatanodeState.java:persistContainerDatanodeDetails(138)) - DatanodeDetails is persisted to /home/runner/work/ozone/ozone/hadoop-ozone/integration-test/target/test-dir/MiniOzoneClusterImpl-932dec38-ee06-46f6-8792-0cf7b891b204/datanode-2/meta/datanode.id
2023-09-25 17:56:22,580 [main] INFO  upgrade.AbstractLayoutVersionManager (AbstractLayoutVersionManager.java:init(83)) - Initializing Layout version manager with metadata layout = HADOOP_PRC_PORTS_IN_DATANODEDETAILS (version = 7), software layout = HADOOP_PRC_PORTS_IN_DATANODEDETAILS (version = 7)
2023-09-25 17:56:22,581 [main] INFO  statemachine.DatanodeStateMachine (DatanodeStateMachine.java:getEndPointTaskThreadPoolSize(283)) - Datanode State Machine Task Thread Pool size 2
2023-09-25 17:56:22,584 [main] INFO  volume.HddsVolume (HddsVolume.java:<init>(126)) - Creating HddsVolume: /home/runner/work/ozone/ozone/hadoop-ozone/integration-test/target/test-dir/MiniOzoneClusterImpl-932dec38-ee06-46f6-8792-0cf7b891b204/datanode-3/data-0/containers/hdds of storage type : DISK capacity : 9223372036854775807
2023-09-25 17:56:22,584 [main] INFO  volume.MutableVolumeSet (MutableVolumeSet.java:initializeVolumeSet(173)) - Added Volume : /home/runner/work/ozone/ozone/hadoop-ozone/integration-test/target/test-dir/MiniOzoneClusterImpl-932dec38-ee06-46f6-8792-0cf7b891b204/datanode-3/data-0/containers/hdds to VolumeSet
2023-09-25 17:56:22,585 [main] INFO  volume.MutableVolumeSet (MutableVolumeSet.java:initializeVolumeSet(173)) - Added Volume : /home/runner/work/ozone/ozone/hadoop-ozone/integration-test/target/test-dir/MiniOzoneClusterImpl-932dec38-ee06-46f6-8792-0cf7b891b204/datanode-3/data/ratis to VolumeSet
2023-09-25 17:56:22,595 [Thread-193] INFO  ozoneimpl.ContainerReader (ContainerReader.java:readVolume(177)) - Finish verifying containers on volume /home/runner/work/ozone/ozone/hadoop-ozone/integration-test/target/test-dir/MiniOzoneClusterImpl-932dec38-ee06-46f6-8792-0cf7b891b204/datanode-3/data-0/containers/hdds
2023-09-25 17:56:22,595 [main] INFO  ozoneimpl.OzoneContainer (OzoneContainer.java:buildContainerSet(314)) - Build ContainerSet costs 0s
2023-09-25 17:56:22,601 [main] INFO  server.RaftServer (ConfUtils.java:logGet(46)) - raft.rpc.type = GRPC (default)
2023-09-25 17:56:22,602 [main] INFO  grpc.GrpcConfigKeys (ConfUtils.java:logFallback(53)) - raft.grpc.admin.host = null (fallback to raft.grpc.server.host)
2023-09-25 17:56:22,602 [main] INFO  grpc.GrpcConfigKeys (ConfUtils.java:logGet(46)) - raft.grpc.admin.port = 15040 (custom)
2023-09-25 17:56:22,602 [main] INFO  grpc.GrpcConfigKeys (ConfUtils.java:logFallback(53)) - raft.grpc.client.host = null (fallback to raft.grpc.server.host)
2023-09-25 17:56:22,602 [main] INFO  grpc.GrpcConfigKeys (ConfUtils.java:logGet(46)) - raft.grpc.client.port = 15039 (custom)
2023-09-25 17:56:22,602 [main] INFO  grpc.GrpcConfigKeys (ConfUtils.java:logGet(46)) - raft.grpc.server.host = null (default)
2023-09-25 17:56:22,603 [main] INFO  grpc.GrpcConfigKeys (ConfUtils.java:logGet(46)) - raft.grpc.server.port = 15041 (custom)
2023-09-25 17:56:22,603 [main] INFO  server.GrpcService (ConfUtils.java:logGet(46)) - raft.grpc.message.size.max = 32MB (=33554432) (custom)
2023-09-25 17:56:22,603 [main] INFO  server.RaftServerConfigKeys (ConfUtils.java:logGet(46)) - raft.server.log.appender.buffer.byte-limit = 33554432 (custom)
2023-09-25 17:56:22,603 [main] INFO  server.GrpcService (ConfUtils.java:logGet(46)) - raft.grpc.flow.control.window = 5MB (=5242880) (custom)
2023-09-25 17:56:22,604 [main] INFO  server.RaftServerConfigKeys (ConfUtils.java:logGet(46)) - raft.server.rpc.request.timeout = 60s (custom)
2023-09-25 17:56:22,604 [main] INFO  grpc.GrpcConfigKeys (ConfUtils.java:logGet(46)) - raft.grpc.server.heartbeat.channel = true (default)
2023-09-25 17:56:22,604 [main] INFO  grpc.GrpcConfigKeys (ConfUtils.java:logGet(46)) - raft.grpc.server.async.request.thread.pool.cached = true (default)
2023-09-25 17:56:22,604 [main] INFO  grpc.GrpcConfigKeys (ConfUtils.java:logGet(46)) - raft.grpc.server.async.request.thread.pool.size = 32 (default)
2023-09-25 17:56:22,608 [main] INFO  impl.DataStreamServerImpl (ConfUtils.java:logGet(46)) - raft.datastream.type = NETTY (custom)
2023-09-25 17:56:22,609 [main] INFO  server.RaftServerConfigKeys (ConfUtils.java:logGet(46)) - raft.server.data-stream.async.request.thread.pool.cached = false (default)
2023-09-25 17:56:22,609 [main] INFO  server.RaftServerConfigKeys (ConfUtils.java:logGet(46)) - raft.server.data-stream.async.request.thread.pool.size = 20 (custom)
2023-09-25 17:56:22,609 [main] INFO  server.RaftServerConfigKeys (ConfUtils.java:logGet(46)) - raft.server.data-stream.async.write.thread.pool.size = 16 (default)
2023-09-25 17:56:22,610 [main] INFO  server.RaftServerConfigKeys (ConfUtils.java:logGet(46)) - raft.server.data-stream.client.pool.size = 10 (default)
2023-09-25 17:56:22,610 [main] INFO  netty.NettyConfigKeys$DataStream (ConfUtils.java:logGet(46)) - raft.netty.dataStream.server.use-epoll = false (default)
2023-09-25 17:56:22,610 [main] INFO  netty.NettyConfigKeys$DataStream (ConfUtils.java:logGet(46)) - raft.netty.dataStream.server.boss-group.size = 0 (default)
2023-09-25 17:56:22,610 [main] INFO  netty.NettyConfigKeys$DataStream (ConfUtils.java:logGet(46)) - raft.netty.dataStream.server.worker-group.size = 0 (default)
2023-09-25 17:56:22,611 [main] INFO  netty.NettyConfigKeys$DataStream (ConfUtils.java:logGet(46)) - raft.netty.dataStream.server.tls.conf = null (default)
2023-09-25 17:56:22,611 [main] INFO  netty.NettyConfigKeys$DataStream (ConfUtils.java:logGet(46)) - raft.netty.dataStream.host = null (default)
2023-09-25 17:56:22,611 [main] INFO  netty.NettyConfigKeys$DataStream (ConfUtils.java:logGet(46)) - raft.netty.dataStream.port = 15042 (custom)
2023-09-25 17:56:22,619 [main] INFO  server.RaftServerConfigKeys (ConfUtils.java:logGet(46)) - raft.server.threadpool.proxy.cached = true (default)
2023-09-25 17:56:22,620 [main] INFO  server.RaftServerConfigKeys (ConfUtils.java:logGet(46)) - raft.server.threadpool.proxy.size = 0 (default)
2023-09-25 17:56:22,631 [main] INFO  server.RaftServerConfigKeys (ConfUtils.java:logGet(46)) - raft.server.rpc.slowness.timeout = 300s (custom)
2023-09-25 17:56:22,631 [main] INFO  server.RaftServerConfigKeys (ConfUtils.java:logGet(46)) - raft.server.leaderelection.leader.step-down.wait-time = 10s (default)
2023-09-25 17:56:22,632 [main] INFO  server.RaftServerConfigKeys (ConfUtils.java:logGet(46)) - raft.server.storage.dir = [/home/runner/work/ozone/ozone/hadoop-ozone/integration-test/target/test-dir/MiniOzoneClusterImpl-932dec38-ee06-46f6-8792-0cf7b891b204/datanode-3/data/ratis] (custom)
2023-09-25 17:56:22,632 [193d77cf-0768-416f-bba4-4eb853aeaf3c-NettyServerStreamRpc-bossGroup--thread1] INFO  logging.LoggingHandler (AbstractInternalLogger.java:log(148)) - [id: 0x917a6707] REGISTERED
2023-09-25 17:56:22,632 [193d77cf-0768-416f-bba4-4eb853aeaf3c-NettyServerStreamRpc-bossGroup--thread1] INFO  logging.LoggingHandler (AbstractInternalLogger.java:log(148)) - [id: 0x917a6707] BIND: 0.0.0.0/0.0.0.0:15042
2023-09-25 17:56:22,632 [193d77cf-0768-416f-bba4-4eb853aeaf3c-impl-thread1] INFO  server.RaftServer (RaftServerProxy.java:initGroupDir(258)) - 193d77cf-0768-416f-bba4-4eb853aeaf3c: found a subdirectory /home/runner/work/ozone/ozone/hadoop-ozone/integration-test/target/test-dir/MiniOzoneClusterImpl-932dec38-ee06-46f6-8792-0cf7b891b204/datanode-3/data/ratis/tmp
2023-09-25 17:56:22,632 [193d77cf-0768-416f-bba4-4eb853aeaf3c-NettyServerStreamRpc-bossGroup--thread1] INFO  logging.LoggingHandler (AbstractInternalLogger.java:log(148)) - [id: 0x917a6707, L:/0:0:0:0:0:0:0:0:15042] ACTIVE
2023-09-25 17:56:22,632 [193d77cf-0768-416f-bba4-4eb853aeaf3c-impl-thread1] INFO  server.RaftServer (RaftServerProxy.java:initGroupDir(263)) - 193d77cf-0768-416f-bba4-4eb853aeaf3c: The directory /home/runner/work/ozone/ozone/hadoop-ozone/integration-test/target/test-dir/MiniOzoneClusterImpl-932dec38-ee06-46f6-8792-0cf7b891b204/datanode-3/data/ratis/tmp is not a group directory; ignoring it. 
2023-09-25 17:56:22,633 [main] INFO  replication.ReplicationServer (ReplicationServer.java:<init>(83)) - Initializing replication server with thread count = 10 queue length = 4096
2023-09-25 17:56:22,634 [main] INFO  server.XceiverServerGrpc (XceiverServerGrpc.java:<init>(132)) - GrpcServer channel type EpollServerSocketChannel
2023-09-25 17:56:22,638 [main] INFO  replication.ReplicationSupervisor (ReplicationSupervisor.java:build(155)) - Initializing replication supervisor with thread count = 10
2023-09-25 17:56:22,639 [main] INFO  replication.ReplicationSupervisor (ReplicationSupervisor.java:nodeStateUpdated(307)) - Node state updated to IN_SERVICE, scaling executor pool size to 10
2023-09-25 17:56:22,643 [main] INFO  http.BaseHttpServer (BaseHttpServer.java:newHttpServer2BuilderForOzone(223)) - Starting Web-server for hddsDatanode at: http://0.0.0.0:15036
2023-09-25 17:56:22,647 [main] INFO  http.BaseHttpServer (BaseHttpServer.java:<init>(110)) - Hadoop Security Enabled: false Ozone Security Enabled: false Ozone HTTP Security Enabled: false 
2023-09-25 17:56:22,649 [main] WARN  server.AuthenticationFilter (AuthenticationFilter.java:constructSecretProvider(240)) - Unable to initialize FileSignerSecretProvider, falling back to use random secrets. Reason: Could not read signature secret file: /home/runner/hadoop-http-auth-signature-secret
2023-09-25 17:56:22,650 [main] INFO  http.HttpRequestLog (HttpRequestLog.java:getRequestLog(86)) - Http request log for http.requests.hddsDatanode is not defined
2023-09-25 17:56:22,652 [main] INFO  http.HttpServer2 (HttpServer2.java:addGlobalFilter(1031)) - Added global filter 'safety' (class=org.apache.hadoop.hdds.server.http.HttpServer2$QuotingInputFilter)
2023-09-25 17:56:22,653 [main] INFO  http.HttpServer2 (HttpServer2.java:addFilter(1007)) - Added filter static_user_filter (class=org.apache.hadoop.http.lib.StaticUserWebFilter$StaticUserFilter) to context hddsDatanode
2023-09-25 17:56:22,653 [main] INFO  http.HttpServer2 (HttpServer2.java:addFilter(1015)) - Added filter static_user_filter (class=org.apache.hadoop.http.lib.StaticUserWebFilter$StaticUserFilter) to context static
2023-09-25 17:56:22,653 [main] INFO  http.HttpServer2 (HttpServer2.java:addFilter(1015)) - Added filter static_user_filter (class=org.apache.hadoop.http.lib.StaticUserWebFilter$StaticUserFilter) to context logs
2023-09-25 17:56:22,654 [main] INFO  http.BaseHttpServer (BaseHttpServer.java:<init>(189)) - HTTP server of hddsDatanode uses base directory /home/runner/work/ozone/ozone/hadoop-ozone/integration-test/target/test-dir/MiniOzoneClusterImpl-932dec38-ee06-46f6-8792-0cf7b891b204/datanode-3/meta/webserver
2023-09-25 17:56:22,654 [main] INFO  http.HttpServer2 (HttpServer2.java:bindListener(1231)) - Jetty bound to port 15036
2023-09-25 17:56:22,654 [main] INFO  server.Server (Server.java:doStart(375)) - jetty-9.4.52.v20230823; built: 2023-08-23T19:29:37.669Z; git: abdcda73818a1a2c705da276edb0bf6581e7997e; jvm 1.8.0_382-b05
2023-09-25 17:56:22,660 [main] INFO  server.session (DefaultSessionIdManager.java:doStart(334)) - DefaultSessionIdManager workerName=node0
2023-09-25 17:56:22,660 [main] INFO  server.session (DefaultSessionIdManager.java:doStart(339)) - No SessionScavenger set, using defaults
2023-09-25 17:56:22,660 [main] INFO  server.session (HouseKeeper.java:startScavenging(132)) - node0 Scavenging every 660000ms
2023-09-25 17:56:22,663 [main] INFO  handler.ContextHandler (ContextHandler.java:doStart(921)) - Started o.e.j.s.ServletContextHandler@4718af96{logs,/logs,file:///home/runner/work/ozone/ozone/hadoop-ozone/integration-test/target/log,AVAILABLE}
2023-09-25 17:56:22,664 [main] INFO  handler.ContextHandler (ContextHandler.java:doStart(921)) - Started o.e.j.s.ServletContextHandler@63d09641{static,/static,jar:file:/home/runner/.m2/repository/org/apache/ozone/hdds-container-service/1.4.0-SNAPSHOT/hdds-container-service-1.4.0-SNAPSHOT.jar!/webapps/static,AVAILABLE}
2023-09-25 17:56:22,922 [main] INFO  handler.ContextHandler (ContextHandler.java:doStart(921)) - Started o.e.j.w.WebAppContext@25b4d4f7{hddsDatanode,/,file:///home/runner/work/ozone/ozone/hadoop-ozone/integration-test/target/test-dir/MiniOzoneClusterImpl-932dec38-ee06-46f6-8792-0cf7b891b204/datanode-3/meta/webserver/jetty-0_0_0_0-15036-hdds-container-service-1_4_0-SNAPSHOT_jar-_-any-1266378874001871756/webapp/,AVAILABLE}{jar:file:/home/runner/.m2/repository/org/apache/ozone/hdds-container-service/1.4.0-SNAPSHOT/hdds-container-service-1.4.0-SNAPSHOT.jar!/webapps/hddsDatanode}
2023-09-25 17:56:22,925 [main] INFO  server.AbstractConnector (AbstractConnector.java:doStart(333)) - Started ServerConnector@14e486d7{HTTP/1.1, (http/1.1)}{0.0.0.0:15036}
2023-09-25 17:56:22,925 [main] INFO  server.Server (Server.java:doStart(415)) - Started @12394ms
2023-09-25 17:56:22,925 [main] WARN  impl.MetricsSystemImpl (MetricsSystemImpl.java:register(279)) - Sink prometheus already exists!
2023-09-25 17:56:22,926 [main] INFO  http.BaseHttpServer (BaseHttpServer.java:updateConnectorAddress(354)) - HTTP server of hddsDatanode listening at http://0.0.0.0:15036
2023-09-25 17:56:22,926 [main] INFO  ipc.CallQueueManager (CallQueueManager.java:<init>(90)) - Using callQueue: class java.util.concurrent.LinkedBlockingQueue, queueCapacity: 100, scheduler: class org.apache.hadoop.ipc.DefaultRpcScheduler, ipcBackoff: false.
2023-09-25 17:56:22,927 [main] INFO  ipc.Server (Server.java:<init>(1287)) - Listener at 0.0.0.0:15037
2023-09-25 17:56:22,929 [Socket Reader #1 for port 15037] INFO  ipc.Server (Server.java:run(1323)) - Starting Socket Reader #1 for port 15037
2023-09-25 17:56:22,934 [main] INFO  ozone.HddsDatanodeService (HddsDatanodeService.java:start(315)) - Datanode start with admins: [runner]
2023-09-25 17:56:22,934 [main] INFO  ozone.HddsDatanodeClientProtocolServer (HddsDatanodeClientProtocolServer.java:start(72)) - RPC server for Client /0.0.0.0:15037
2023-09-25 17:56:22,934 [IPC Server Responder] INFO  ipc.Server (Server.java:run(1562)) - IPC Server Responder: starting
2023-09-25 17:56:22,939 [IPC Server listener on 15037] INFO  ipc.Server (Server.java:run(1402)) - IPC Server listener on 15037: starting
2023-09-25 17:56:22,940 [main] WARN  impl.MetricRegistriesImpl (MetricRegistriesImpl.java:addReporterRegistration(111)) - New reporters are added after registries were created. Some metrics will be missing from the reporter. Please add reporter before adding any new registry.
2023-09-25 17:56:22,940 [main] WARN  impl.MetricRegistriesImpl (MetricRegistriesImpl.java:addReporterRegistration(111)) - New reporters are added after registries were created. Some metrics will be missing from the reporter. Please add reporter before adding any new registry.
2023-09-25 17:56:22,940 [main] INFO  impl.MetricsSystemImpl (MetricsSystemImpl.java:init(158)) - HddsDatanode metrics system started (again)
2023-09-25 17:56:22,940 [Datanode State Machine Daemon Thread] INFO  statemachine.DatanodeStateMachine (DatanodeStateMachine.java:lambda$startDaemon$0(539)) - Ozone container server started.
2023-09-25 17:56:22,965 [main] INFO  ozone.HddsDatanodeService (HddsDatanodeService.java:start(237)) - HddsDatanodeService host:fv-az249-861 ip:10.1.0.144
2023-09-25 17:56:22,969 [Datanode State Machine Task Thread - 0] INFO  datanode.InitDatanodeState (InitDatanodeState.java:persistContainerDatanodeDetails(138)) - DatanodeDetails is persisted to /home/runner/work/ozone/ozone/hadoop-ozone/integration-test/target/test-dir/MiniOzoneClusterImpl-932dec38-ee06-46f6-8792-0cf7b891b204/datanode-3/meta/datanode.id
2023-09-25 17:56:23,001 [main] INFO  upgrade.AbstractLayoutVersionManager (AbstractLayoutVersionManager.java:init(83)) - Initializing Layout version manager with metadata layout = HADOOP_PRC_PORTS_IN_DATANODEDETAILS (version = 7), software layout = HADOOP_PRC_PORTS_IN_DATANODEDETAILS (version = 7)
2023-09-25 17:56:23,002 [main] INFO  statemachine.DatanodeStateMachine (DatanodeStateMachine.java:getEndPointTaskThreadPoolSize(283)) - Datanode State Machine Task Thread Pool size 2
2023-09-25 17:56:23,004 [main] INFO  volume.HddsVolume (HddsVolume.java:<init>(126)) - Creating HddsVolume: /home/runner/work/ozone/ozone/hadoop-ozone/integration-test/target/test-dir/MiniOzoneClusterImpl-932dec38-ee06-46f6-8792-0cf7b891b204/datanode-4/data-0/containers/hdds of storage type : DISK capacity : 9223372036854775807
2023-09-25 17:56:23,005 [main] INFO  volume.MutableVolumeSet (MutableVolumeSet.java:initializeVolumeSet(173)) - Added Volume : /home/runner/work/ozone/ozone/hadoop-ozone/integration-test/target/test-dir/MiniOzoneClusterImpl-932dec38-ee06-46f6-8792-0cf7b891b204/datanode-4/data-0/containers/hdds to VolumeSet
2023-09-25 17:56:23,006 [main] INFO  volume.MutableVolumeSet (MutableVolumeSet.java:initializeVolumeSet(173)) - Added Volume : /home/runner/work/ozone/ozone/hadoop-ozone/integration-test/target/test-dir/MiniOzoneClusterImpl-932dec38-ee06-46f6-8792-0cf7b891b204/datanode-4/data/ratis to VolumeSet
2023-09-25 17:56:23,007 [Thread-210] INFO  ozoneimpl.ContainerReader (ContainerReader.java:readVolume(177)) - Finish verifying containers on volume /home/runner/work/ozone/ozone/hadoop-ozone/integration-test/target/test-dir/MiniOzoneClusterImpl-932dec38-ee06-46f6-8792-0cf7b891b204/datanode-4/data-0/containers/hdds
2023-09-25 17:56:23,007 [main] INFO  ozoneimpl.OzoneContainer (OzoneContainer.java:buildContainerSet(314)) - Build ContainerSet costs 0s
2023-09-25 17:56:23,010 [main] INFO  server.RaftServer (ConfUtils.java:logGet(46)) - raft.rpc.type = GRPC (default)
2023-09-25 17:56:23,010 [main] INFO  grpc.GrpcConfigKeys (ConfUtils.java:logFallback(53)) - raft.grpc.admin.host = null (fallback to raft.grpc.server.host)
2023-09-25 17:56:23,010 [main] INFO  grpc.GrpcConfigKeys (ConfUtils.java:logGet(46)) - raft.grpc.admin.port = 15049 (custom)
2023-09-25 17:56:23,010 [main] INFO  grpc.GrpcConfigKeys (ConfUtils.java:logFallback(53)) - raft.grpc.client.host = null (fallback to raft.grpc.server.host)
2023-09-25 17:56:23,010 [main] INFO  grpc.GrpcConfigKeys (ConfUtils.java:logGet(46)) - raft.grpc.client.port = 15048 (custom)
2023-09-25 17:56:23,011 [main] INFO  grpc.GrpcConfigKeys (ConfUtils.java:logGet(46)) - raft.grpc.server.host = null (default)
2023-09-25 17:56:23,011 [main] INFO  grpc.GrpcConfigKeys (ConfUtils.java:logGet(46)) - raft.grpc.server.port = 15050 (custom)
2023-09-25 17:56:23,011 [main] INFO  server.GrpcService (ConfUtils.java:logGet(46)) - raft.grpc.message.size.max = 32MB (=33554432) (custom)
2023-09-25 17:56:23,011 [main] INFO  server.RaftServerConfigKeys (ConfUtils.java:logGet(46)) - raft.server.log.appender.buffer.byte-limit = 33554432 (custom)
2023-09-25 17:56:23,011 [main] INFO  server.GrpcService (ConfUtils.java:logGet(46)) - raft.grpc.flow.control.window = 5MB (=5242880) (custom)
2023-09-25 17:56:23,012 [main] INFO  server.RaftServerConfigKeys (ConfUtils.java:logGet(46)) - raft.server.rpc.request.timeout = 60s (custom)
2023-09-25 17:56:23,012 [main] INFO  grpc.GrpcConfigKeys (ConfUtils.java:logGet(46)) - raft.grpc.server.heartbeat.channel = true (default)
2023-09-25 17:56:23,012 [main] INFO  grpc.GrpcConfigKeys (ConfUtils.java:logGet(46)) - raft.grpc.server.async.request.thread.pool.cached = true (default)
2023-09-25 17:56:23,012 [main] INFO  grpc.GrpcConfigKeys (ConfUtils.java:logGet(46)) - raft.grpc.server.async.request.thread.pool.size = 32 (default)
2023-09-25 17:56:23,015 [main] INFO  impl.DataStreamServerImpl (ConfUtils.java:logGet(46)) - raft.datastream.type = NETTY (custom)
2023-09-25 17:56:23,016 [main] INFO  server.RaftServerConfigKeys (ConfUtils.java:logGet(46)) - raft.server.data-stream.async.request.thread.pool.cached = false (default)
2023-09-25 17:56:23,016 [main] INFO  server.RaftServerConfigKeys (ConfUtils.java:logGet(46)) - raft.server.data-stream.async.request.thread.pool.size = 20 (custom)
2023-09-25 17:56:23,016 [main] INFO  server.RaftServerConfigKeys (ConfUtils.java:logGet(46)) - raft.server.data-stream.async.write.thread.pool.size = 16 (default)
2023-09-25 17:56:23,016 [main] INFO  server.RaftServerConfigKeys (ConfUtils.java:logGet(46)) - raft.server.data-stream.client.pool.size = 10 (default)
2023-09-25 17:56:23,016 [main] INFO  netty.NettyConfigKeys$DataStream (ConfUtils.java:logGet(46)) - raft.netty.dataStream.server.use-epoll = false (default)
2023-09-25 17:56:23,017 [main] INFO  netty.NettyConfigKeys$DataStream (ConfUtils.java:logGet(46)) - raft.netty.dataStream.server.boss-group.size = 0 (default)
2023-09-25 17:56:23,017 [main] INFO  netty.NettyConfigKeys$DataStream (ConfUtils.java:logGet(46)) - raft.netty.dataStream.server.worker-group.size = 0 (default)
2023-09-25 17:56:23,018 [main] INFO  netty.NettyConfigKeys$DataStream (ConfUtils.java:logGet(46)) - raft.netty.dataStream.server.tls.conf = null (default)
2023-09-25 17:56:23,018 [main] INFO  netty.NettyConfigKeys$DataStream (ConfUtils.java:logGet(46)) - raft.netty.dataStream.host = null (default)
2023-09-25 17:56:23,018 [main] INFO  netty.NettyConfigKeys$DataStream (ConfUtils.java:logGet(46)) - raft.netty.dataStream.port = 15051 (custom)
2023-09-25 17:56:23,019 [main] INFO  server.RaftServerConfigKeys (ConfUtils.java:logGet(46)) - raft.server.threadpool.proxy.cached = true (default)
2023-09-25 17:56:23,019 [main] INFO  server.RaftServerConfigKeys (ConfUtils.java:logGet(46)) - raft.server.threadpool.proxy.size = 0 (default)
2023-09-25 17:56:23,020 [main] INFO  server.RaftServerConfigKeys (ConfUtils.java:logGet(46)) - raft.server.rpc.slowness.timeout = 300s (custom)
2023-09-25 17:56:23,020 [main] INFO  server.RaftServerConfigKeys (ConfUtils.java:logGet(46)) - raft.server.leaderelection.leader.step-down.wait-time = 10s (default)
2023-09-25 17:56:23,020 [main] INFO  server.RaftServerConfigKeys (ConfUtils.java:logGet(46)) - raft.server.storage.dir = [/home/runner/work/ozone/ozone/hadoop-ozone/integration-test/target/test-dir/MiniOzoneClusterImpl-932dec38-ee06-46f6-8792-0cf7b891b204/datanode-4/data/ratis] (custom)
2023-09-25 17:56:23,021 [547bcca7-662f-4506-ab3e-0bdf08a2cfda-impl-thread1] INFO  server.RaftServer (RaftServerProxy.java:initGroupDir(258)) - 547bcca7-662f-4506-ab3e-0bdf08a2cfda: found a subdirectory /home/runner/work/ozone/ozone/hadoop-ozone/integration-test/target/test-dir/MiniOzoneClusterImpl-932dec38-ee06-46f6-8792-0cf7b891b204/datanode-4/data/ratis/tmp
2023-09-25 17:56:23,021 [547bcca7-662f-4506-ab3e-0bdf08a2cfda-impl-thread1] INFO  server.RaftServer (RaftServerProxy.java:initGroupDir(263)) - 547bcca7-662f-4506-ab3e-0bdf08a2cfda: The directory /home/runner/work/ozone/ozone/hadoop-ozone/integration-test/target/test-dir/MiniOzoneClusterImpl-932dec38-ee06-46f6-8792-0cf7b891b204/datanode-4/data/ratis/tmp is not a group directory; ignoring it. 
2023-09-25 17:56:23,021 [main] INFO  replication.ReplicationServer (ReplicationServer.java:<init>(83)) - Initializing replication server with thread count = 10 queue length = 4096
2023-09-25 17:56:23,022 [main] INFO  server.XceiverServerGrpc (XceiverServerGrpc.java:<init>(132)) - GrpcServer channel type EpollServerSocketChannel
2023-09-25 17:56:23,025 [main] INFO  replication.ReplicationSupervisor (ReplicationSupervisor.java:build(155)) - Initializing replication supervisor with thread count = 10
2023-09-25 17:56:23,025 [main] INFO  replication.ReplicationSupervisor (ReplicationSupervisor.java:nodeStateUpdated(307)) - Node state updated to IN_SERVICE, scaling executor pool size to 10
2023-09-25 17:56:23,037 [main] INFO  http.BaseHttpServer (BaseHttpServer.java:newHttpServer2BuilderForOzone(223)) - Starting Web-server for hddsDatanode at: http://0.0.0.0:15045
2023-09-25 17:56:23,037 [main] INFO  http.BaseHttpServer (BaseHttpServer.java:<init>(110)) - Hadoop Security Enabled: false Ozone Security Enabled: false Ozone HTTP Security Enabled: false 
2023-09-25 17:56:23,038 [547bcca7-662f-4506-ab3e-0bdf08a2cfda-NettyServerStreamRpc-bossGroup--thread1] INFO  logging.LoggingHandler (AbstractInternalLogger.java:log(148)) - [id: 0x9591abf9] REGISTERED
2023-09-25 17:56:23,038 [547bcca7-662f-4506-ab3e-0bdf08a2cfda-NettyServerStreamRpc-bossGroup--thread1] INFO  logging.LoggingHandler (AbstractInternalLogger.java:log(148)) - [id: 0x9591abf9] BIND: 0.0.0.0/0.0.0.0:15051
2023-09-25 17:56:23,038 [547bcca7-662f-4506-ab3e-0bdf08a2cfda-NettyServerStreamRpc-bossGroup--thread1] INFO  logging.LoggingHandler (AbstractInternalLogger.java:log(148)) - [id: 0x9591abf9, L:/0:0:0:0:0:0:0:0:15051] ACTIVE
2023-09-25 17:56:23,040 [main] WARN  server.AuthenticationFilter (AuthenticationFilter.java:constructSecretProvider(240)) - Unable to initialize FileSignerSecretProvider, falling back to use random secrets. Reason: Could not read signature secret file: /home/runner/hadoop-http-auth-signature-secret
2023-09-25 17:56:23,044 [main] INFO  http.HttpRequestLog (HttpRequestLog.java:getRequestLog(86)) - Http request log for http.requests.hddsDatanode is not defined
2023-09-25 17:56:23,047 [main] INFO  http.HttpServer2 (HttpServer2.java:addGlobalFilter(1031)) - Added global filter 'safety' (class=org.apache.hadoop.hdds.server.http.HttpServer2$QuotingInputFilter)
2023-09-25 17:56:23,048 [main] INFO  http.HttpServer2 (HttpServer2.java:addFilter(1007)) - Added filter static_user_filter (class=org.apache.hadoop.http.lib.StaticUserWebFilter$StaticUserFilter) to context hddsDatanode
2023-09-25 17:56:23,048 [main] INFO  http.HttpServer2 (HttpServer2.java:addFilter(1015)) - Added filter static_user_filter (class=org.apache.hadoop.http.lib.StaticUserWebFilter$StaticUserFilter) to context logs
2023-09-25 17:56:23,048 [main] INFO  http.HttpServer2 (HttpServer2.java:addFilter(1015)) - Added filter static_user_filter (class=org.apache.hadoop.http.lib.StaticUserWebFilter$StaticUserFilter) to context static
2023-09-25 17:56:23,049 [main] INFO  http.BaseHttpServer (BaseHttpServer.java:<init>(189)) - HTTP server of hddsDatanode uses base directory /home/runner/work/ozone/ozone/hadoop-ozone/integration-test/target/test-dir/MiniOzoneClusterImpl-932dec38-ee06-46f6-8792-0cf7b891b204/datanode-4/meta/webserver
2023-09-25 17:56:23,050 [main] INFO  http.HttpServer2 (HttpServer2.java:bindListener(1231)) - Jetty bound to port 15045
2023-09-25 17:56:23,050 [main] INFO  server.Server (Server.java:doStart(375)) - jetty-9.4.52.v20230823; built: 2023-08-23T19:29:37.669Z; git: abdcda73818a1a2c705da276edb0bf6581e7997e; jvm 1.8.0_382-b05
2023-09-25 17:56:23,051 [main] INFO  server.session (DefaultSessionIdManager.java:doStart(334)) - DefaultSessionIdManager workerName=node0
2023-09-25 17:56:23,052 [main] INFO  server.session (DefaultSessionIdManager.java:doStart(339)) - No SessionScavenger set, using defaults
2023-09-25 17:56:23,052 [main] INFO  server.session (HouseKeeper.java:startScavenging(132)) - node0 Scavenging every 660000ms
2023-09-25 17:56:23,053 [main] INFO  handler.ContextHandler (ContextHandler.java:doStart(921)) - Started o.e.j.s.ServletContextHandler@50867236{logs,/logs,file:///home/runner/work/ozone/ozone/hadoop-ozone/integration-test/target/log,AVAILABLE}
2023-09-25 17:56:23,054 [main] INFO  handler.ContextHandler (ContextHandler.java:doStart(921)) - Started o.e.j.s.ServletContextHandler@465308b5{static,/static,jar:file:/home/runner/.m2/repository/org/apache/ozone/hdds-container-service/1.4.0-SNAPSHOT/hdds-container-service-1.4.0-SNAPSHOT.jar!/webapps/static,AVAILABLE}
2023-09-25 17:56:23,295 [main] INFO  handler.ContextHandler (ContextHandler.java:doStart(921)) - Started o.e.j.w.WebAppContext@32369404{hddsDatanode,/,file:///home/runner/work/ozone/ozone/hadoop-ozone/integration-test/target/test-dir/MiniOzoneClusterImpl-932dec38-ee06-46f6-8792-0cf7b891b204/datanode-4/meta/webserver/jetty-0_0_0_0-15045-hdds-container-service-1_4_0-SNAPSHOT_jar-_-any-5497458188846467326/webapp/,AVAILABLE}{jar:file:/home/runner/.m2/repository/org/apache/ozone/hdds-container-service/1.4.0-SNAPSHOT/hdds-container-service-1.4.0-SNAPSHOT.jar!/webapps/hddsDatanode}
2023-09-25 17:56:23,297 [main] INFO  server.AbstractConnector (AbstractConnector.java:doStart(333)) - Started ServerConnector@4b63e04c{HTTP/1.1, (http/1.1)}{0.0.0.0:15045}
2023-09-25 17:56:23,297 [main] INFO  server.Server (Server.java:doStart(415)) - Started @12766ms
2023-09-25 17:56:23,297 [main] WARN  impl.MetricsSystemImpl (MetricsSystemImpl.java:register(279)) - Sink prometheus already exists!
2023-09-25 17:56:23,298 [main] INFO  http.BaseHttpServer (BaseHttpServer.java:updateConnectorAddress(354)) - HTTP server of hddsDatanode listening at http://0.0.0.0:15045
2023-09-25 17:56:23,298 [main] INFO  ipc.CallQueueManager (CallQueueManager.java:<init>(90)) - Using callQueue: class java.util.concurrent.LinkedBlockingQueue, queueCapacity: 100, scheduler: class org.apache.hadoop.ipc.DefaultRpcScheduler, ipcBackoff: false.
2023-09-25 17:56:23,299 [main] INFO  ipc.Server (Server.java:<init>(1287)) - Listener at 0.0.0.0:15046
2023-09-25 17:56:23,299 [Socket Reader #1 for port 15046] INFO  ipc.Server (Server.java:run(1323)) - Starting Socket Reader #1 for port 15046
2023-09-25 17:56:23,301 [main] INFO  ozone.HddsDatanodeService (HddsDatanodeService.java:start(315)) - Datanode start with admins: [runner]
2023-09-25 17:56:23,312 [main] INFO  ozone.HddsDatanodeClientProtocolServer (HddsDatanodeClientProtocolServer.java:start(72)) - RPC server for Client /0.0.0.0:15046
2023-09-25 17:56:23,312 [IPC Server Responder] INFO  ipc.Server (Server.java:run(1562)) - IPC Server Responder: starting
2023-09-25 17:56:23,313 [IPC Server listener on 15046] INFO  ipc.Server (Server.java:run(1402)) - IPC Server listener on 15046: starting
2023-09-25 17:56:23,313 [Datanode State Machine Daemon Thread] INFO  statemachine.DatanodeStateMachine (DatanodeStateMachine.java:lambda$startDaemon$0(539)) - Ozone container server started.
2023-09-25 17:56:23,314 [main] INFO  ozone.MiniOzoneClusterImpl (MiniOzoneClusterImpl.java:lambda$waitForClusterToBeReady$0(229)) - Waiting for nodes to be ready. Got 0 of 5 DN Heartbeats.
2023-09-25 17:56:23,314 [main] INFO  ozone.MiniOzoneClusterImpl (MiniOzoneClusterImpl.java:lambda$waitForClusterToBeReady$0(232)) - Waiting for cluster to exit safe mode
2023-09-25 17:56:23,315 [main] INFO  ozone.MiniOzoneClusterImpl (MiniOzoneClusterImpl.java:lambda$waitForClusterToBeReady$0(234)) - SCM became leader
2023-09-25 17:56:23,327 [Datanode State Machine Task Thread - 0] INFO  datanode.InitDatanodeState (InitDatanodeState.java:persistContainerDatanodeDetails(138)) - DatanodeDetails is persisted to /home/runner/work/ozone/ozone/hadoop-ozone/integration-test/target/test-dir/MiniOzoneClusterImpl-932dec38-ee06-46f6-8792-0cf7b891b204/datanode-4/meta/datanode.id
2023-09-25 17:56:23,717 [EndpointStateMachine task thread for /0.0.0.0:15002 - 0 ] INFO  utils.DatanodeStoreCache (DatanodeStoreCache.java:addDB(66)) - Added db /home/runner/work/ozone/ozone/hadoop-ozone/integration-test/target/test-dir/MiniOzoneClusterImpl-932dec38-ee06-46f6-8792-0cf7b891b204/datanode-0/data-0/containers/hdds/932dec38-ee06-46f6-8792-0cf7b891b204/DS-6f91f37f-276e-41f0-88ea-37f573e851b3/container.db to cache
2023-09-25 17:56:23,717 [EndpointStateMachine task thread for /0.0.0.0:15002 - 0 ] INFO  volume.HddsVolume (HddsVolume.java:createDbStore(422)) - SchemaV3 db is created and loaded at /home/runner/work/ozone/ozone/hadoop-ozone/integration-test/target/test-dir/MiniOzoneClusterImpl-932dec38-ee06-46f6-8792-0cf7b891b204/datanode-0/data-0/containers/hdds/932dec38-ee06-46f6-8792-0cf7b891b204/DS-6f91f37f-276e-41f0-88ea-37f573e851b3/container.db for volume DS-6f91f37f-276e-41f0-88ea-37f573e851b3
2023-09-25 17:56:23,727 [EndpointStateMachine task thread for /0.0.0.0:15002 - 0 ] INFO  volume.ThrottledAsyncChecker (ThrottledAsyncChecker.java:schedule(141)) - Scheduling a check for /home/runner/work/ozone/ozone/hadoop-ozone/integration-test/target/test-dir/MiniOzoneClusterImpl-932dec38-ee06-46f6-8792-0cf7b891b204/datanode-0/data-0/containers/hdds
2023-09-25 17:56:23,757 [EndpointStateMachine task thread for /0.0.0.0:15002 - 0 ] INFO  volume.StorageVolumeChecker (StorageVolumeChecker.java:checkAllVolumes(213)) - Scheduled health check for volume /home/runner/work/ozone/ozone/hadoop-ozone/integration-test/target/test-dir/MiniOzoneClusterImpl-932dec38-ee06-46f6-8792-0cf7b891b204/datanode-0/data-0/containers/hdds
2023-09-25 17:56:23,760 [EndpointStateMachine task thread for /0.0.0.0:15002 - 0 ] INFO  volume.ThrottledAsyncChecker (ThrottledAsyncChecker.java:schedule(141)) - Scheduling a check for /home/runner/work/ozone/ozone/hadoop-ozone/integration-test/target/test-dir/MiniOzoneClusterImpl-932dec38-ee06-46f6-8792-0cf7b891b204/datanode-0/data/ratis
2023-09-25 17:56:23,761 [EndpointStateMachine task thread for /0.0.0.0:15002 - 0 ] INFO  volume.StorageVolumeChecker (StorageVolumeChecker.java:checkAllVolumes(213)) - Scheduled health check for volume /home/runner/work/ozone/ozone/hadoop-ozone/integration-test/target/test-dir/MiniOzoneClusterImpl-932dec38-ee06-46f6-8792-0cf7b891b204/datanode-0/data/ratis
2023-09-25 17:56:23,763 [EndpointStateMachine task thread for /0.0.0.0:15002 - 0 ] INFO  ozoneimpl.OzoneContainer (OzoneContainer.java:start(429)) - Attempting to start container services.
2023-09-25 17:56:23,766 [EndpointStateMachine task thread for /0.0.0.0:15002 - 0 ] INFO  ozoneimpl.OzoneContainer (OzoneContainer.java:startContainerScrub(325)) - Scheduled background container scanners and the on-demand container scanner have been disabled.
2023-09-25 17:56:23,768 [EndpointStateMachine task thread for /0.0.0.0:15002 - 0 ] INFO  replication.ReplicationServer (ReplicationServer.java:start(134)) - ReplicationServer is started using port 15016
2023-09-25 17:56:23,768 [EndpointStateMachine task thread for /0.0.0.0:15002 - 0 ] INFO  ratis.XceiverServerRatis (XceiverServerRatis.java:start(517)) - Starting XceiverServerRatis 7c2da756-7def-47bc-b4fd-fb4319f4a659
2023-09-25 17:56:23,777 [EndpointStateMachine task thread for /0.0.0.0:15002 - 0 ] INFO  server.RaftServer (RaftServerProxy.java:startImpl(400)) - 7c2da756-7def-47bc-b4fd-fb4319f4a659: start RPC server
2023-09-25 17:56:23,780 [EndpointStateMachine task thread for /0.0.0.0:15002 - 0 ] INFO  server.GrpcService (GrpcService.java:startImpl(302)) - 7c2da756-7def-47bc-b4fd-fb4319f4a659: GrpcService started, listening on 15012
2023-09-25 17:56:23,782 [EndpointStateMachine task thread for /0.0.0.0:15002 - 0 ] INFO  server.GrpcService (GrpcService.java:startImpl(302)) - 7c2da756-7def-47bc-b4fd-fb4319f4a659: GrpcService started, listening on 15014
2023-09-25 17:56:23,783 [EndpointStateMachine task thread for /0.0.0.0:15002 - 0 ] INFO  server.GrpcService (GrpcService.java:startImpl(302)) - 7c2da756-7def-47bc-b4fd-fb4319f4a659: GrpcService started, listening on 15013
2023-09-25 17:56:23,784 [EndpointStateMachine task thread for /0.0.0.0:15002 - 0 ] INFO  ratis.XceiverServerRatis (XceiverServerRatis.java:getRealPort(543)) - XceiverServerRatis 7c2da756-7def-47bc-b4fd-fb4319f4a659 is started using port 15012 for RATIS
2023-09-25 17:56:23,784 [EndpointStateMachine task thread for /0.0.0.0:15002 - 0 ] INFO  ratis.XceiverServerRatis (XceiverServerRatis.java:getRealPort(543)) - XceiverServerRatis 7c2da756-7def-47bc-b4fd-fb4319f4a659 is started using port 15013 for RATIS_ADMIN
2023-09-25 17:56:23,784 [EndpointStateMachine task thread for /0.0.0.0:15002 - 0 ] INFO  ratis.XceiverServerRatis (XceiverServerRatis.java:getRealPort(543)) - XceiverServerRatis 7c2da756-7def-47bc-b4fd-fb4319f4a659 is started using port 15014 for RATIS_SERVER
2023-09-25 17:56:23,784 [EndpointStateMachine task thread for /0.0.0.0:15002 - 0 ] INFO  ratis.XceiverServerRatis (XceiverServerRatis.java:getRealPort(543)) - XceiverServerRatis 7c2da756-7def-47bc-b4fd-fb4319f4a659 is started using port 15015 for RATIS_DATASTREAM
2023-09-25 17:56:23,784 [JvmPauseMonitor2] INFO  util.JvmPauseMonitor (JvmPauseMonitor.java:run(103)) - JvmPauseMonitor-7c2da756-7def-47bc-b4fd-fb4319f4a659: Started
2023-09-25 17:56:23,806 [BlockDeletingService#0] INFO  interfaces.ContainerDeletionChoosingPolicyTemplate (ContainerDeletionChoosingPolicyTemplate.java:chooseContainerForBlockDeletion(85)) - Chosen 0/5000 blocks from 0 candidate containers.
2023-09-25 17:56:24,190 [EndpointStateMachine task thread for /0.0.0.0:15002 - 0 ] INFO  utils.DatanodeStoreCache (DatanodeStoreCache.java:addDB(66)) - Added db /home/runner/work/ozone/ozone/hadoop-ozone/integration-test/target/test-dir/MiniOzoneClusterImpl-932dec38-ee06-46f6-8792-0cf7b891b204/datanode-1/data-0/containers/hdds/932dec38-ee06-46f6-8792-0cf7b891b204/DS-eacc89f9-828a-4c61-85a3-850bde3de534/container.db to cache
2023-09-25 17:56:24,190 [EndpointStateMachine task thread for /0.0.0.0:15002 - 0 ] INFO  volume.HddsVolume (HddsVolume.java:createDbStore(422)) - SchemaV3 db is created and loaded at /home/runner/work/ozone/ozone/hadoop-ozone/integration-test/target/test-dir/MiniOzoneClusterImpl-932dec38-ee06-46f6-8792-0cf7b891b204/datanode-1/data-0/containers/hdds/932dec38-ee06-46f6-8792-0cf7b891b204/DS-eacc89f9-828a-4c61-85a3-850bde3de534/container.db for volume DS-eacc89f9-828a-4c61-85a3-850bde3de534
2023-09-25 17:56:24,191 [EndpointStateMachine task thread for /0.0.0.0:15002 - 0 ] INFO  volume.ThrottledAsyncChecker (ThrottledAsyncChecker.java:schedule(141)) - Scheduling a check for /home/runner/work/ozone/ozone/hadoop-ozone/integration-test/target/test-dir/MiniOzoneClusterImpl-932dec38-ee06-46f6-8792-0cf7b891b204/datanode-1/data-0/containers/hdds
2023-09-25 17:56:24,196 [EndpointStateMachine task thread for /0.0.0.0:15002 - 0 ] INFO  volume.StorageVolumeChecker (StorageVolumeChecker.java:checkAllVolumes(213)) - Scheduled health check for volume /home/runner/work/ozone/ozone/hadoop-ozone/integration-test/target/test-dir/MiniOzoneClusterImpl-932dec38-ee06-46f6-8792-0cf7b891b204/datanode-1/data-0/containers/hdds
2023-09-25 17:56:24,205 [EndpointStateMachine task thread for /0.0.0.0:15002 - 0 ] INFO  volume.ThrottledAsyncChecker (ThrottledAsyncChecker.java:schedule(141)) - Scheduling a check for /home/runner/work/ozone/ozone/hadoop-ozone/integration-test/target/test-dir/MiniOzoneClusterImpl-932dec38-ee06-46f6-8792-0cf7b891b204/datanode-1/data/ratis
2023-09-25 17:56:24,205 [EndpointStateMachine task thread for /0.0.0.0:15002 - 0 ] INFO  volume.StorageVolumeChecker (StorageVolumeChecker.java:checkAllVolumes(213)) - Scheduled health check for volume /home/runner/work/ozone/ozone/hadoop-ozone/integration-test/target/test-dir/MiniOzoneClusterImpl-932dec38-ee06-46f6-8792-0cf7b891b204/datanode-1/data/ratis
2023-09-25 17:56:24,207 [EndpointStateMachine task thread for /0.0.0.0:15002 - 0 ] INFO  ozoneimpl.OzoneContainer (OzoneContainer.java:start(429)) - Attempting to start container services.
2023-09-25 17:56:24,207 [EndpointStateMachine task thread for /0.0.0.0:15002 - 0 ] INFO  ozoneimpl.OzoneContainer (OzoneContainer.java:startContainerScrub(325)) - Scheduled background container scanners and the on-demand container scanner have been disabled.
2023-09-25 17:56:24,209 [EndpointStateMachine task thread for /0.0.0.0:15002 - 0 ] INFO  replication.ReplicationServer (ReplicationServer.java:start(134)) - ReplicationServer is started using port 15025
2023-09-25 17:56:24,209 [EndpointStateMachine task thread for /0.0.0.0:15002 - 0 ] INFO  ratis.XceiverServerRatis (XceiverServerRatis.java:start(517)) - Starting XceiverServerRatis 07de5ce2-8a0b-4f06-859c-06527793f6e4
2023-09-25 17:56:24,210 [EndpointStateMachine task thread for /0.0.0.0:15002 - 0 ] INFO  server.RaftServer (RaftServerProxy.java:startImpl(400)) - 07de5ce2-8a0b-4f06-859c-06527793f6e4: start RPC server
2023-09-25 17:56:24,218 [EndpointStateMachine task thread for /0.0.0.0:15002 - 0 ] INFO  server.GrpcService (GrpcService.java:startImpl(302)) - 07de5ce2-8a0b-4f06-859c-06527793f6e4: GrpcService started, listening on 15021
2023-09-25 17:56:24,222 [EndpointStateMachine task thread for /0.0.0.0:15002 - 0 ] INFO  server.GrpcService (GrpcService.java:startImpl(302)) - 07de5ce2-8a0b-4f06-859c-06527793f6e4: GrpcService started, listening on 15023
2023-09-25 17:56:24,226 [EndpointStateMachine task thread for /0.0.0.0:15002 - 0 ] INFO  server.GrpcService (GrpcService.java:startImpl(302)) - 07de5ce2-8a0b-4f06-859c-06527793f6e4: GrpcService started, listening on 15022
2023-09-25 17:56:24,226 [EndpointStateMachine task thread for /0.0.0.0:15002 - 0 ] INFO  ratis.XceiverServerRatis (XceiverServerRatis.java:getRealPort(543)) - XceiverServerRatis 07de5ce2-8a0b-4f06-859c-06527793f6e4 is started using port 15021 for RATIS
2023-09-25 17:56:24,226 [EndpointStateMachine task thread for /0.0.0.0:15002 - 0 ] INFO  ratis.XceiverServerRatis (XceiverServerRatis.java:getRealPort(543)) - XceiverServerRatis 07de5ce2-8a0b-4f06-859c-06527793f6e4 is started using port 15022 for RATIS_ADMIN
2023-09-25 17:56:24,226 [EndpointStateMachine task thread for /0.0.0.0:15002 - 0 ] INFO  ratis.XceiverServerRatis (XceiverServerRatis.java:getRealPort(543)) - XceiverServerRatis 07de5ce2-8a0b-4f06-859c-06527793f6e4 is started using port 15023 for RATIS_SERVER
2023-09-25 17:56:24,226 [EndpointStateMachine task thread for /0.0.0.0:15002 - 0 ] INFO  ratis.XceiverServerRatis (XceiverServerRatis.java:getRealPort(543)) - XceiverServerRatis 07de5ce2-8a0b-4f06-859c-06527793f6e4 is started using port 15024 for RATIS_DATASTREAM
2023-09-25 17:56:24,226 [JvmPauseMonitor3] INFO  util.JvmPauseMonitor (JvmPauseMonitor.java:run(103)) - JvmPauseMonitor-07de5ce2-8a0b-4f06-859c-06527793f6e4: Started
2023-09-25 17:56:24,253 [BlockDeletingService#0] INFO  interfaces.ContainerDeletionChoosingPolicyTemplate (ContainerDeletionChoosingPolicyTemplate.java:chooseContainerForBlockDeletion(85)) - Chosen 0/5000 blocks from 0 candidate containers.
2023-09-25 17:56:24,316 [main] INFO  ozone.MiniOzoneClusterImpl (MiniOzoneClusterImpl.java:lambda$waitForClusterToBeReady$0(229)) - Waiting for nodes to be ready. Got 0 of 5 DN Heartbeats.
2023-09-25 17:56:24,316 [main] INFO  ozone.MiniOzoneClusterImpl (MiniOzoneClusterImpl.java:lambda$waitForClusterToBeReady$0(232)) - Waiting for cluster to exit safe mode
2023-09-25 17:56:24,317 [main] INFO  ozone.MiniOzoneClusterImpl (MiniOzoneClusterImpl.java:lambda$waitForClusterToBeReady$0(234)) - SCM became leader
2023-09-25 17:56:24,593 [EndpointStateMachine task thread for /0.0.0.0:15002 - 0 ] INFO  utils.DatanodeStoreCache (DatanodeStoreCache.java:addDB(66)) - Added db /home/runner/work/ozone/ozone/hadoop-ozone/integration-test/target/test-dir/MiniOzoneClusterImpl-932dec38-ee06-46f6-8792-0cf7b891b204/datanode-2/data-0/containers/hdds/932dec38-ee06-46f6-8792-0cf7b891b204/DS-2c7e6064-1f76-4d58-9677-b56a72c17d7f/container.db to cache
2023-09-25 17:56:24,593 [EndpointStateMachine task thread for /0.0.0.0:15002 - 0 ] INFO  volume.HddsVolume (HddsVolume.java:createDbStore(422)) - SchemaV3 db is created and loaded at /home/runner/work/ozone/ozone/hadoop-ozone/integration-test/target/test-dir/MiniOzoneClusterImpl-932dec38-ee06-46f6-8792-0cf7b891b204/datanode-2/data-0/containers/hdds/932dec38-ee06-46f6-8792-0cf7b891b204/DS-2c7e6064-1f76-4d58-9677-b56a72c17d7f/container.db for volume DS-2c7e6064-1f76-4d58-9677-b56a72c17d7f
2023-09-25 17:56:24,594 [EndpointStateMachine task thread for /0.0.0.0:15002 - 0 ] INFO  volume.ThrottledAsyncChecker (ThrottledAsyncChecker.java:schedule(141)) - Scheduling a check for /home/runner/work/ozone/ozone/hadoop-ozone/integration-test/target/test-dir/MiniOzoneClusterImpl-932dec38-ee06-46f6-8792-0cf7b891b204/datanode-2/data-0/containers/hdds
2023-09-25 17:56:24,594 [EndpointStateMachine task thread for /0.0.0.0:15002 - 0 ] INFO  volume.StorageVolumeChecker (StorageVolumeChecker.java:checkAllVolumes(213)) - Scheduled health check for volume /home/runner/work/ozone/ozone/hadoop-ozone/integration-test/target/test-dir/MiniOzoneClusterImpl-932dec38-ee06-46f6-8792-0cf7b891b204/datanode-2/data-0/containers/hdds
2023-09-25 17:56:24,599 [EndpointStateMachine task thread for /0.0.0.0:15002 - 0 ] INFO  volume.ThrottledAsyncChecker (ThrottledAsyncChecker.java:schedule(141)) - Scheduling a check for /home/runner/work/ozone/ozone/hadoop-ozone/integration-test/target/test-dir/MiniOzoneClusterImpl-932dec38-ee06-46f6-8792-0cf7b891b204/datanode-2/data/ratis
2023-09-25 17:56:24,600 [EndpointStateMachine task thread for /0.0.0.0:15002 - 0 ] INFO  volume.StorageVolumeChecker (StorageVolumeChecker.java:checkAllVolumes(213)) - Scheduled health check for volume /home/runner/work/ozone/ozone/hadoop-ozone/integration-test/target/test-dir/MiniOzoneClusterImpl-932dec38-ee06-46f6-8792-0cf7b891b204/datanode-2/data/ratis
2023-09-25 17:56:24,601 [EndpointStateMachine task thread for /0.0.0.0:15002 - 0 ] INFO  ozoneimpl.OzoneContainer (OzoneContainer.java:start(429)) - Attempting to start container services.
2023-09-25 17:56:24,601 [EndpointStateMachine task thread for /0.0.0.0:15002 - 0 ] INFO  ozoneimpl.OzoneContainer (OzoneContainer.java:startContainerScrub(325)) - Scheduled background container scanners and the on-demand container scanner have been disabled.
2023-09-25 17:56:24,603 [EndpointStateMachine task thread for /0.0.0.0:15002 - 0 ] INFO  replication.ReplicationServer (ReplicationServer.java:start(134)) - ReplicationServer is started using port 15034
2023-09-25 17:56:24,603 [EndpointStateMachine task thread for /0.0.0.0:15002 - 0 ] INFO  ratis.XceiverServerRatis (XceiverServerRatis.java:start(517)) - Starting XceiverServerRatis 1be5c5f2-a8c9-4995-9125-aff50ea2da2d
2023-09-25 17:56:24,604 [EndpointStateMachine task thread for /0.0.0.0:15002 - 0 ] INFO  server.RaftServer (RaftServerProxy.java:startImpl(400)) - 1be5c5f2-a8c9-4995-9125-aff50ea2da2d: start RPC server
2023-09-25 17:56:24,606 [EndpointStateMachine task thread for /0.0.0.0:15002 - 0 ] INFO  server.GrpcService (GrpcService.java:startImpl(302)) - 1be5c5f2-a8c9-4995-9125-aff50ea2da2d: GrpcService started, listening on 15030
2023-09-25 17:56:24,611 [EndpointStateMachine task thread for /0.0.0.0:15002 - 0 ] INFO  server.GrpcService (GrpcService.java:startImpl(302)) - 1be5c5f2-a8c9-4995-9125-aff50ea2da2d: GrpcService started, listening on 15032
2023-09-25 17:56:24,613 [EndpointStateMachine task thread for /0.0.0.0:15002 - 0 ] INFO  server.GrpcService (GrpcService.java:startImpl(302)) - 1be5c5f2-a8c9-4995-9125-aff50ea2da2d: GrpcService started, listening on 15031
2023-09-25 17:56:24,614 [EndpointStateMachine task thread for /0.0.0.0:15002 - 0 ] INFO  ratis.XceiverServerRatis (XceiverServerRatis.java:getRealPort(543)) - XceiverServerRatis 1be5c5f2-a8c9-4995-9125-aff50ea2da2d is started using port 15030 for RATIS
2023-09-25 17:56:24,614 [EndpointStateMachine task thread for /0.0.0.0:15002 - 0 ] INFO  ratis.XceiverServerRatis (XceiverServerRatis.java:getRealPort(543)) - XceiverServerRatis 1be5c5f2-a8c9-4995-9125-aff50ea2da2d is started using port 15031 for RATIS_ADMIN
2023-09-25 17:56:24,614 [JvmPauseMonitor4] INFO  util.JvmPauseMonitor (JvmPauseMonitor.java:run(103)) - JvmPauseMonitor-1be5c5f2-a8c9-4995-9125-aff50ea2da2d: Started
2023-09-25 17:56:24,614 [EndpointStateMachine task thread for /0.0.0.0:15002 - 0 ] INFO  ratis.XceiverServerRatis (XceiverServerRatis.java:getRealPort(543)) - XceiverServerRatis 1be5c5f2-a8c9-4995-9125-aff50ea2da2d is started using port 15032 for RATIS_SERVER
2023-09-25 17:56:24,615 [EndpointStateMachine task thread for /0.0.0.0:15002 - 0 ] INFO  ratis.XceiverServerRatis (XceiverServerRatis.java:getRealPort(543)) - XceiverServerRatis 1be5c5f2-a8c9-4995-9125-aff50ea2da2d is started using port 15033 for RATIS_DATASTREAM
2023-09-25 17:56:24,622 [BlockDeletingService#0] INFO  interfaces.ContainerDeletionChoosingPolicyTemplate (ContainerDeletionChoosingPolicyTemplate.java:chooseContainerForBlockDeletion(85)) - Chosen 0/5000 blocks from 0 candidate containers.
2023-09-25 17:56:25,008 [EndpointStateMachine task thread for /0.0.0.0:15002 - 0 ] INFO  utils.DatanodeStoreCache (DatanodeStoreCache.java:addDB(66)) - Added db /home/runner/work/ozone/ozone/hadoop-ozone/integration-test/target/test-dir/MiniOzoneClusterImpl-932dec38-ee06-46f6-8792-0cf7b891b204/datanode-3/data-0/containers/hdds/932dec38-ee06-46f6-8792-0cf7b891b204/DS-3286160d-8827-43aa-abc9-4420e187b01f/container.db to cache
2023-09-25 17:56:25,008 [EndpointStateMachine task thread for /0.0.0.0:15002 - 0 ] INFO  volume.HddsVolume (HddsVolume.java:createDbStore(422)) - SchemaV3 db is created and loaded at /home/runner/work/ozone/ozone/hadoop-ozone/integration-test/target/test-dir/MiniOzoneClusterImpl-932dec38-ee06-46f6-8792-0cf7b891b204/datanode-3/data-0/containers/hdds/932dec38-ee06-46f6-8792-0cf7b891b204/DS-3286160d-8827-43aa-abc9-4420e187b01f/container.db for volume DS-3286160d-8827-43aa-abc9-4420e187b01f
2023-09-25 17:56:25,008 [EndpointStateMachine task thread for /0.0.0.0:15002 - 0 ] INFO  volume.ThrottledAsyncChecker (ThrottledAsyncChecker.java:schedule(141)) - Scheduling a check for /home/runner/work/ozone/ozone/hadoop-ozone/integration-test/target/test-dir/MiniOzoneClusterImpl-932dec38-ee06-46f6-8792-0cf7b891b204/datanode-3/data-0/containers/hdds
2023-09-25 17:56:25,014 [EndpointStateMachine task thread for /0.0.0.0:15002 - 0 ] INFO  volume.StorageVolumeChecker (StorageVolumeChecker.java:checkAllVolumes(213)) - Scheduled health check for volume /home/runner/work/ozone/ozone/hadoop-ozone/integration-test/target/test-dir/MiniOzoneClusterImpl-932dec38-ee06-46f6-8792-0cf7b891b204/datanode-3/data-0/containers/hdds
2023-09-25 17:56:25,017 [EndpointStateMachine task thread for /0.0.0.0:15002 - 0 ] INFO  volume.ThrottledAsyncChecker (ThrottledAsyncChecker.java:schedule(141)) - Scheduling a check for /home/runner/work/ozone/ozone/hadoop-ozone/integration-test/target/test-dir/MiniOzoneClusterImpl-932dec38-ee06-46f6-8792-0cf7b891b204/datanode-3/data/ratis
2023-09-25 17:56:25,017 [EndpointStateMachine task thread for /0.0.0.0:15002 - 0 ] INFO  volume.StorageVolumeChecker (StorageVolumeChecker.java:checkAllVolumes(213)) - Scheduled health check for volume /home/runner/work/ozone/ozone/hadoop-ozone/integration-test/target/test-dir/MiniOzoneClusterImpl-932dec38-ee06-46f6-8792-0cf7b891b204/datanode-3/data/ratis
2023-09-25 17:56:25,018 [EndpointStateMachine task thread for /0.0.0.0:15002 - 0 ] INFO  ozoneimpl.OzoneContainer (OzoneContainer.java:start(429)) - Attempting to start container services.
2023-09-25 17:56:25,018 [EndpointStateMachine task thread for /0.0.0.0:15002 - 0 ] INFO  ozoneimpl.OzoneContainer (OzoneContainer.java:startContainerScrub(325)) - Scheduled background container scanners and the on-demand container scanner have been disabled.
2023-09-25 17:56:25,020 [EndpointStateMachine task thread for /0.0.0.0:15002 - 0 ] INFO  replication.ReplicationServer (ReplicationServer.java:start(134)) - ReplicationServer is started using port 15043
2023-09-25 17:56:25,020 [EndpointStateMachine task thread for /0.0.0.0:15002 - 0 ] INFO  ratis.XceiverServerRatis (XceiverServerRatis.java:start(517)) - Starting XceiverServerRatis 193d77cf-0768-416f-bba4-4eb853aeaf3c
2023-09-25 17:56:25,021 [EndpointStateMachine task thread for /0.0.0.0:15002 - 0 ] INFO  server.RaftServer (RaftServerProxy.java:startImpl(400)) - 193d77cf-0768-416f-bba4-4eb853aeaf3c: start RPC server
2023-09-25 17:56:25,022 [EndpointStateMachine task thread for /0.0.0.0:15002 - 0 ] INFO  server.GrpcService (GrpcService.java:startImpl(302)) - 193d77cf-0768-416f-bba4-4eb853aeaf3c: GrpcService started, listening on 15039
2023-09-25 17:56:25,024 [EndpointStateMachine task thread for /0.0.0.0:15002 - 0 ] INFO  server.GrpcService (GrpcService.java:startImpl(302)) - 193d77cf-0768-416f-bba4-4eb853aeaf3c: GrpcService started, listening on 15041
2023-09-25 17:56:25,029 [EndpointStateMachine task thread for /0.0.0.0:15002 - 0 ] INFO  server.GrpcService (GrpcService.java:startImpl(302)) - 193d77cf-0768-416f-bba4-4eb853aeaf3c: GrpcService started, listening on 15040
2023-09-25 17:56:25,029 [EndpointStateMachine task thread for /0.0.0.0:15002 - 0 ] INFO  ratis.XceiverServerRatis (XceiverServerRatis.java:getRealPort(543)) - XceiverServerRatis 193d77cf-0768-416f-bba4-4eb853aeaf3c is started using port 15039 for RATIS
2023-09-25 17:56:25,029 [EndpointStateMachine task thread for /0.0.0.0:15002 - 0 ] INFO  ratis.XceiverServerRatis (XceiverServerRatis.java:getRealPort(543)) - XceiverServerRatis 193d77cf-0768-416f-bba4-4eb853aeaf3c is started using port 15040 for RATIS_ADMIN
2023-09-25 17:56:25,030 [EndpointStateMachine task thread for /0.0.0.0:15002 - 0 ] INFO  ratis.XceiverServerRatis (XceiverServerRatis.java:getRealPort(543)) - XceiverServerRatis 193d77cf-0768-416f-bba4-4eb853aeaf3c is started using port 15041 for RATIS_SERVER
2023-09-25 17:56:25,030 [EndpointStateMachine task thread for /0.0.0.0:15002 - 0 ] INFO  ratis.XceiverServerRatis (XceiverServerRatis.java:getRealPort(543)) - XceiverServerRatis 193d77cf-0768-416f-bba4-4eb853aeaf3c is started using port 15042 for RATIS_DATASTREAM
2023-09-25 17:56:25,035 [JvmPauseMonitor5] INFO  util.JvmPauseMonitor (JvmPauseMonitor.java:run(103)) - JvmPauseMonitor-193d77cf-0768-416f-bba4-4eb853aeaf3c: Started
2023-09-25 17:56:25,060 [BlockDeletingService#0] INFO  interfaces.ContainerDeletionChoosingPolicyTemplate (ContainerDeletionChoosingPolicyTemplate.java:chooseContainerForBlockDeletion(85)) - Chosen 0/5000 blocks from 0 candidate containers.
2023-09-25 17:56:25,317 [main] INFO  ozone.MiniOzoneClusterImpl (MiniOzoneClusterImpl.java:lambda$waitForClusterToBeReady$0(229)) - Waiting for nodes to be ready. Got 0 of 5 DN Heartbeats.
2023-09-25 17:56:25,317 [main] INFO  ozone.MiniOzoneClusterImpl (MiniOzoneClusterImpl.java:lambda$waitForClusterToBeReady$0(232)) - Waiting for cluster to exit safe mode
2023-09-25 17:56:25,317 [main] INFO  ozone.MiniOzoneClusterImpl (MiniOzoneClusterImpl.java:lambda$waitForClusterToBeReady$0(234)) - SCM became leader
2023-09-25 17:56:25,376 [EndpointStateMachine task thread for /0.0.0.0:15002 - 0 ] INFO  utils.DatanodeStoreCache (DatanodeStoreCache.java:addDB(66)) - Added db /home/runner/work/ozone/ozone/hadoop-ozone/integration-test/target/test-dir/MiniOzoneClusterImpl-932dec38-ee06-46f6-8792-0cf7b891b204/datanode-4/data-0/containers/hdds/932dec38-ee06-46f6-8792-0cf7b891b204/DS-6ec6aa3e-7963-4126-a9fe-3fbe0634e13c/container.db to cache
2023-09-25 17:56:25,377 [EndpointStateMachine task thread for /0.0.0.0:15002 - 0 ] INFO  volume.HddsVolume (HddsVolume.java:createDbStore(422)) - SchemaV3 db is created and loaded at /home/runner/work/ozone/ozone/hadoop-ozone/integration-test/target/test-dir/MiniOzoneClusterImpl-932dec38-ee06-46f6-8792-0cf7b891b204/datanode-4/data-0/containers/hdds/932dec38-ee06-46f6-8792-0cf7b891b204/DS-6ec6aa3e-7963-4126-a9fe-3fbe0634e13c/container.db for volume DS-6ec6aa3e-7963-4126-a9fe-3fbe0634e13c
2023-09-25 17:56:25,377 [EndpointStateMachine task thread for /0.0.0.0:15002 - 0 ] INFO  volume.ThrottledAsyncChecker (ThrottledAsyncChecker.java:schedule(141)) - Scheduling a check for /home/runner/work/ozone/ozone/hadoop-ozone/integration-test/target/test-dir/MiniOzoneClusterImpl-932dec38-ee06-46f6-8792-0cf7b891b204/datanode-4/data-0/containers/hdds
2023-09-25 17:56:25,378 [EndpointStateMachine task thread for /0.0.0.0:15002 - 0 ] INFO  volume.StorageVolumeChecker (StorageVolumeChecker.java:checkAllVolumes(213)) - Scheduled health check for volume /home/runner/work/ozone/ozone/hadoop-ozone/integration-test/target/test-dir/MiniOzoneClusterImpl-932dec38-ee06-46f6-8792-0cf7b891b204/datanode-4/data-0/containers/hdds
2023-09-25 17:56:25,380 [EndpointStateMachine task thread for /0.0.0.0:15002 - 0 ] INFO  volume.ThrottledAsyncChecker (ThrottledAsyncChecker.java:schedule(141)) - Scheduling a check for /home/runner/work/ozone/ozone/hadoop-ozone/integration-test/target/test-dir/MiniOzoneClusterImpl-932dec38-ee06-46f6-8792-0cf7b891b204/datanode-4/data/ratis
2023-09-25 17:56:25,380 [EndpointStateMachine task thread for /0.0.0.0:15002 - 0 ] INFO  volume.StorageVolumeChecker (StorageVolumeChecker.java:checkAllVolumes(213)) - Scheduled health check for volume /home/runner/work/ozone/ozone/hadoop-ozone/integration-test/target/test-dir/MiniOzoneClusterImpl-932dec38-ee06-46f6-8792-0cf7b891b204/datanode-4/data/ratis
2023-09-25 17:56:25,382 [EndpointStateMachine task thread for /0.0.0.0:15002 - 0 ] INFO  ozoneimpl.OzoneContainer (OzoneContainer.java:start(429)) - Attempting to start container services.
2023-09-25 17:56:25,382 [EndpointStateMachine task thread for /0.0.0.0:15002 - 0 ] INFO  ozoneimpl.OzoneContainer (OzoneContainer.java:startContainerScrub(325)) - Scheduled background container scanners and the on-demand container scanner have been disabled.
2023-09-25 17:56:25,387 [EndpointStateMachine task thread for /0.0.0.0:15002 - 0 ] INFO  replication.ReplicationServer (ReplicationServer.java:start(134)) - ReplicationServer is started using port 15052
2023-09-25 17:56:25,387 [EndpointStateMachine task thread for /0.0.0.0:15002 - 0 ] INFO  ratis.XceiverServerRatis (XceiverServerRatis.java:start(517)) - Starting XceiverServerRatis 547bcca7-662f-4506-ab3e-0bdf08a2cfda
2023-09-25 17:56:25,390 [EndpointStateMachine task thread for /0.0.0.0:15002 - 0 ] INFO  server.RaftServer (RaftServerProxy.java:startImpl(400)) - 547bcca7-662f-4506-ab3e-0bdf08a2cfda: start RPC server
2023-09-25 17:56:25,392 [EndpointStateMachine task thread for /0.0.0.0:15002 - 0 ] INFO  server.GrpcService (GrpcService.java:startImpl(302)) - 547bcca7-662f-4506-ab3e-0bdf08a2cfda: GrpcService started, listening on 15048
2023-09-25 17:56:25,393 [EndpointStateMachine task thread for /0.0.0.0:15002 - 0 ] INFO  server.GrpcService (GrpcService.java:startImpl(302)) - 547bcca7-662f-4506-ab3e-0bdf08a2cfda: GrpcService started, listening on 15050
2023-09-25 17:56:25,394 [EndpointStateMachine task thread for /0.0.0.0:15002 - 0 ] INFO  server.GrpcService (GrpcService.java:startImpl(302)) - 547bcca7-662f-4506-ab3e-0bdf08a2cfda: GrpcService started, listening on 15049
2023-09-25 17:56:25,395 [EndpointStateMachine task thread for /0.0.0.0:15002 - 0 ] INFO  ratis.XceiverServerRatis (XceiverServerRatis.java:getRealPort(543)) - XceiverServerRatis 547bcca7-662f-4506-ab3e-0bdf08a2cfda is started using port 15048 for RATIS
2023-09-25 17:56:25,395 [EndpointStateMachine task thread for /0.0.0.0:15002 - 0 ] INFO  ratis.XceiverServerRatis (XceiverServerRatis.java:getRealPort(543)) - XceiverServerRatis 547bcca7-662f-4506-ab3e-0bdf08a2cfda is started using port 15049 for RATIS_ADMIN
2023-09-25 17:56:25,395 [EndpointStateMachine task thread for /0.0.0.0:15002 - 0 ] INFO  ratis.XceiverServerRatis (XceiverServerRatis.java:getRealPort(543)) - XceiverServerRatis 547bcca7-662f-4506-ab3e-0bdf08a2cfda is started using port 15050 for RATIS_SERVER
2023-09-25 17:56:25,395 [EndpointStateMachine task thread for /0.0.0.0:15002 - 0 ] INFO  ratis.XceiverServerRatis (XceiverServerRatis.java:getRealPort(543)) - XceiverServerRatis 547bcca7-662f-4506-ab3e-0bdf08a2cfda is started using port 15051 for RATIS_DATASTREAM
2023-09-25 17:56:25,395 [JvmPauseMonitor6] INFO  util.JvmPauseMonitor (JvmPauseMonitor.java:run(103)) - JvmPauseMonitor-547bcca7-662f-4506-ab3e-0bdf08a2cfda: Started
2023-09-25 17:56:25,399 [BlockDeletingService#0] INFO  interfaces.ContainerDeletionChoosingPolicyTemplate (ContainerDeletionChoosingPolicyTemplate.java:chooseContainerForBlockDeletion(85)) - Chosen 0/5000 blocks from 0 candidate containers.
2023-09-25 17:56:25,649 [IPC Server handler 18 on default port 15002] INFO  net.NetworkTopologyImpl (NetworkTopologyImpl.java:add(112)) - Added a new node: /default-rack/7c2da756-7def-47bc-b4fd-fb4319f4a659
2023-09-25 17:56:25,653 [IPC Server handler 18 on default port 15002] INFO  node.SCMNodeManager (SCMNodeManager.java:register(405)) - Registered Data node : 7c2da756-7def-47bc-b4fd-fb4319f4a659{ip: 10.1.0.144, host: fv-az249-861, ports: [HTTP=15009, CLIENT_RPC=15010, REPLICATION=15016, RATIS=15012, RATIS_ADMIN=15013, RATIS_SERVER=15014, RATIS_DATASTREAM=15015, STANDALONE=15011], networkLocation: /default-rack, certSerialId: null, persistedOpState: null, persistedOpStateExpiryEpochSec: 0}
2023-09-25 17:56:25,673 [EventQueue-NodeRegistrationContainerReportForContainerSafeModeRule] INFO  safemode.SCMSafeModeManager (SCMSafeModeManager.java:validateSafeModeExitRules(200)) - ContainerSafeModeRule rule is successfully validated
2023-09-25 17:56:25,679 [EventQueue-NewNodeForNewNodeHandler] INFO  pipeline.BackgroundPipelineCreator (BackgroundPipelineCreator.java:notifyEventTriggered(277)) - trigger a one-shot run on RatisPipelineUtilsThread.
2023-09-25 17:56:25,691 [RatisPipelineUtilsThread - 0] INFO  pipeline.RatisPipelineProvider (RatisPipelineProvider.java:lambda$create$0(206)) - Sending CreatePipelineCommand for pipeline:PipelineID=10d67b8e-6bdb-4f60-bc73-4cc3274d98f4 to datanode:7c2da756-7def-47bc-b4fd-fb4319f4a659
2023-09-25 17:56:25,691 [EventQueue-PipelineReportForOneReplicaPipelineSafeModeRule] INFO  safemode.SCMSafeModeManager (SCMSafeModeManager.java:validateSafeModeExitRules(200)) - AtleastOneDatanodeReportedRule rule is successfully validated
2023-09-25 17:56:25,691 [EventQueue-NodeRegistrationContainerReportForDataNodeSafeModeRule] INFO  safemode.SCMSafeModeManager (DataNodeSafeModeRule.java:process(71)) - SCM in safe mode. 1 DataNodes registered, 3 required.
2023-09-25 17:56:25,705 [RatisPipelineUtilsThread - 0] INFO  pipeline.BackgroundPipelineCreator (BackgroundPipelineCreator.java:createPipelines(233)) - Created new pipeline Pipeline[ Id: 10d67b8e-6bdb-4f60-bc73-4cc3274d98f4, Nodes: 7c2da756-7def-47bc-b4fd-fb4319f4a659(fv-az249-861/10.1.0.144), ReplicationConfig: RATIS/ONE, State:ALLOCATED, leaderId:, CreationTimestamp2023-09-25T17:56:25.690Z[Etc/UTC]]
2023-09-25 17:56:26,142 [IPC Server handler 17 on default port 15002] INFO  net.NetworkTopologyImpl (NetworkTopologyImpl.java:add(112)) - Added a new node: /default-rack/07de5ce2-8a0b-4f06-859c-06527793f6e4
2023-09-25 17:56:26,142 [IPC Server handler 17 on default port 15002] INFO  node.SCMNodeManager (SCMNodeManager.java:register(405)) - Registered Data node : 07de5ce2-8a0b-4f06-859c-06527793f6e4{ip: 10.1.0.144, host: fv-az249-861, ports: [HTTP=15018, CLIENT_RPC=15019, REPLICATION=15025, RATIS=15021, RATIS_ADMIN=15022, RATIS_SERVER=15023, RATIS_DATASTREAM=15024, STANDALONE=15020], networkLocation: /default-rack, certSerialId: null, persistedOpState: null, persistedOpStateExpiryEpochSec: 0}
2023-09-25 17:56:26,143 [EventQueue-NewNodeForNewNodeHandler] INFO  pipeline.BackgroundPipelineCreator (BackgroundPipelineCreator.java:notifyEventTriggered(277)) - trigger a one-shot run on RatisPipelineUtilsThread.
2023-09-25 17:56:26,143 [EventQueue-NodeRegistrationContainerReportForDataNodeSafeModeRule] INFO  safemode.SCMSafeModeManager (DataNodeSafeModeRule.java:process(71)) - SCM in safe mode. 2 DataNodes registered, 3 required.
2023-09-25 17:56:26,144 [RatisPipelineUtilsThread - 0] INFO  pipeline.RatisPipelineProvider (RatisPipelineProvider.java:lambda$create$0(206)) - Sending CreatePipelineCommand for pipeline:PipelineID=5c16de99-9ba6-4efa-828d-6a512494a955 to datanode:07de5ce2-8a0b-4f06-859c-06527793f6e4
2023-09-25 17:56:26,146 [RatisPipelineUtilsThread - 0] INFO  pipeline.BackgroundPipelineCreator (BackgroundPipelineCreator.java:createPipelines(233)) - Created new pipeline Pipeline[ Id: 5c16de99-9ba6-4efa-828d-6a512494a955, Nodes: 07de5ce2-8a0b-4f06-859c-06527793f6e4(fv-az249-861/10.1.0.144), ReplicationConfig: RATIS/ONE, State:ALLOCATED, leaderId:, CreationTimestamp2023-09-25T17:56:26.144Z[Etc/UTC]]
2023-09-25 17:56:26,318 [main] INFO  ozone.MiniOzoneClusterImpl (MiniOzoneClusterImpl.java:lambda$waitForClusterToBeReady$0(229)) - Waiting for nodes to be ready. Got 2 of 5 DN Heartbeats.
2023-09-25 17:56:26,318 [main] INFO  ozone.MiniOzoneClusterImpl (MiniOzoneClusterImpl.java:lambda$waitForClusterToBeReady$0(232)) - Waiting for cluster to exit safe mode
2023-09-25 17:56:26,318 [main] INFO  ozone.MiniOzoneClusterImpl (MiniOzoneClusterImpl.java:lambda$waitForClusterToBeReady$0(234)) - SCM became leader
2023-09-25 17:56:26,545 [IPC Server handler 18 on default port 15002] INFO  net.NetworkTopologyImpl (NetworkTopologyImpl.java:add(112)) - Added a new node: /default-rack/1be5c5f2-a8c9-4995-9125-aff50ea2da2d
2023-09-25 17:56:26,546 [IPC Server handler 18 on default port 15002] INFO  node.SCMNodeManager (SCMNodeManager.java:register(405)) - Registered Data node : 1be5c5f2-a8c9-4995-9125-aff50ea2da2d{ip: 10.1.0.144, host: fv-az249-861, ports: [HTTP=15027, CLIENT_RPC=15028, REPLICATION=15034, RATIS=15030, RATIS_ADMIN=15031, RATIS_SERVER=15032, RATIS_DATASTREAM=15033, STANDALONE=15029], networkLocation: /default-rack, certSerialId: null, persistedOpState: null, persistedOpStateExpiryEpochSec: 0}
2023-09-25 17:56:26,546 [EventQueue-NewNodeForNewNodeHandler] INFO  pipeline.BackgroundPipelineCreator (BackgroundPipelineCreator.java:notifyEventTriggered(277)) - trigger a one-shot run on RatisPipelineUtilsThread.
2023-09-25 17:56:26,547 [RatisPipelineUtilsThread - 0] INFO  pipeline.RatisPipelineProvider (RatisPipelineProvider.java:lambda$create$0(206)) - Sending CreatePipelineCommand for pipeline:PipelineID=db4f282f-3a11-44e6-860f-7cd5f040eb7a to datanode:1be5c5f2-a8c9-4995-9125-aff50ea2da2d
2023-09-25 17:56:26,548 [RatisPipelineUtilsThread - 0] INFO  pipeline.BackgroundPipelineCreator (BackgroundPipelineCreator.java:createPipelines(233)) - Created new pipeline Pipeline[ Id: db4f282f-3a11-44e6-860f-7cd5f040eb7a, Nodes: 1be5c5f2-a8c9-4995-9125-aff50ea2da2d(fv-az249-861/10.1.0.144), ReplicationConfig: RATIS/ONE, State:ALLOCATED, leaderId:, CreationTimestamp2023-09-25T17:56:26.546Z[Etc/UTC]]
2023-09-25 17:56:26,552 [EventQueue-NodeRegistrationContainerReportForDataNodeSafeModeRule] INFO  safemode.SCMSafeModeManager (DataNodeSafeModeRule.java:process(71)) - SCM in safe mode. 3 DataNodes registered, 3 required.
2023-09-25 17:56:26,555 [EventQueue-NodeRegistrationContainerReportForDataNodeSafeModeRule] INFO  safemode.SCMSafeModeManager (SCMSafeModeManager.java:validateSafeModeExitRules(200)) - DataNodeSafeModeRule rule is successfully validated
2023-09-25 17:56:26,555 [EventQueue-NodeRegistrationContainerReportForDataNodeSafeModeRule] INFO  safemode.SCMSafeModeManager (SCMSafeModeManager.java:completePreCheck(229)) - All SCM safe mode pre check rules have passed
2023-09-25 17:56:26,555 [EventQueue-NodeRegistrationContainerReportForDataNodeSafeModeRule] INFO  ha.SCMContext (SCMContext.java:updateSafeModeStatus(228)) - Update SafeModeStatus from SafeModeStatus{safeModeStatus=true, preCheckPassed=false} to SafeModeStatus{safeModeStatus=true, preCheckPassed=true}.
2023-09-25 17:56:26,556 [EventQueue-NodeRegistrationContainerReportForDataNodeSafeModeRule] INFO  pipeline.BackgroundPipelineCreator (BackgroundPipelineCreator.java:notifyEventTriggered(277)) - trigger a one-shot run on RatisPipelineUtilsThread.
2023-09-25 17:56:26,561 [RatisPipelineUtilsThread - 0] INFO  pipeline.RatisPipelineProvider (RatisPipelineProvider.java:lambda$create$0(206)) - Sending CreatePipelineCommand for pipeline:PipelineID=79b2f7d3-4602-417a-837e-ef424f680ca8 to datanode:1be5c5f2-a8c9-4995-9125-aff50ea2da2d
2023-09-25 17:56:26,561 [RatisPipelineUtilsThread - 0] INFO  pipeline.RatisPipelineProvider (RatisPipelineProvider.java:lambda$create$0(206)) - Sending CreatePipelineCommand for pipeline:PipelineID=79b2f7d3-4602-417a-837e-ef424f680ca8 to datanode:7c2da756-7def-47bc-b4fd-fb4319f4a659
2023-09-25 17:56:26,561 [RatisPipelineUtilsThread - 0] INFO  pipeline.RatisPipelineProvider (RatisPipelineProvider.java:lambda$create$0(206)) - Sending CreatePipelineCommand for pipeline:PipelineID=79b2f7d3-4602-417a-837e-ef424f680ca8 to datanode:07de5ce2-8a0b-4f06-859c-06527793f6e4
2023-09-25 17:56:26,567 [RatisPipelineUtilsThread - 0] INFO  pipeline.BackgroundPipelineCreator (BackgroundPipelineCreator.java:createPipelines(233)) - Created new pipeline Pipeline[ Id: 79b2f7d3-4602-417a-837e-ef424f680ca8, Nodes: 1be5c5f2-a8c9-4995-9125-aff50ea2da2d(fv-az249-861/10.1.0.144)7c2da756-7def-47bc-b4fd-fb4319f4a659(fv-az249-861/10.1.0.144)07de5ce2-8a0b-4f06-859c-06527793f6e4(fv-az249-861/10.1.0.144), ReplicationConfig: RATIS/THREE, State:ALLOCATED, leaderId:, CreationTimestamp2023-09-25T17:56:26.561Z[Etc/UTC]]
2023-09-25 17:56:26,569 [RatisPipelineUtilsThread - 0] INFO  pipeline.RatisPipelineProvider (RatisPipelineProvider.java:lambda$create$0(206)) - Sending CreatePipelineCommand for pipeline:PipelineID=0d845f41-15a5-4737-b45c-1a0bcd27afbc to datanode:1be5c5f2-a8c9-4995-9125-aff50ea2da2d
2023-09-25 17:56:26,569 [RatisPipelineUtilsThread - 0] INFO  pipeline.RatisPipelineProvider (RatisPipelineProvider.java:lambda$create$0(206)) - Sending CreatePipelineCommand for pipeline:PipelineID=0d845f41-15a5-4737-b45c-1a0bcd27afbc to datanode:7c2da756-7def-47bc-b4fd-fb4319f4a659
2023-09-25 17:56:26,569 [RatisPipelineUtilsThread - 0] INFO  pipeline.RatisPipelineProvider (RatisPipelineProvider.java:lambda$create$0(206)) - Sending CreatePipelineCommand for pipeline:PipelineID=0d845f41-15a5-4737-b45c-1a0bcd27afbc to datanode:07de5ce2-8a0b-4f06-859c-06527793f6e4
2023-09-25 17:56:26,571 [RatisPipelineUtilsThread - 0] INFO  pipeline.PipelineManagerImpl (PipelineManagerImpl.java:recordMetricsForPipeline(895)) - Pipeline: PipelineID=0d845f41-15a5-4737-b45c-1a0bcd27afbc contains same datanodes as previous pipelines: PipelineID=79b2f7d3-4602-417a-837e-ef424f680ca8 nodeIds: 1be5c5f2-a8c9-4995-9125-aff50ea2da2d, 7c2da756-7def-47bc-b4fd-fb4319f4a659, 07de5ce2-8a0b-4f06-859c-06527793f6e4
2023-09-25 17:56:26,571 [RatisPipelineUtilsThread - 0] INFO  pipeline.BackgroundPipelineCreator (BackgroundPipelineCreator.java:createPipelines(233)) - Created new pipeline Pipeline[ Id: 0d845f41-15a5-4737-b45c-1a0bcd27afbc, Nodes: 1be5c5f2-a8c9-4995-9125-aff50ea2da2d(fv-az249-861/10.1.0.144)7c2da756-7def-47bc-b4fd-fb4319f4a659(fv-az249-861/10.1.0.144)07de5ce2-8a0b-4f06-859c-06527793f6e4(fv-az249-861/10.1.0.144), ReplicationConfig: RATIS/THREE, State:ALLOCATED, leaderId:, CreationTimestamp2023-09-25T17:56:26.569Z[Etc/UTC]]
2023-09-25 17:56:26,967 [IPC Server handler 19 on default port 15002] INFO  net.NetworkTopologyImpl (NetworkTopologyImpl.java:add(112)) - Added a new node: /default-rack/193d77cf-0768-416f-bba4-4eb853aeaf3c
2023-09-25 17:56:26,968 [IPC Server handler 19 on default port 15002] INFO  node.SCMNodeManager (SCMNodeManager.java:register(405)) - Registered Data node : 193d77cf-0768-416f-bba4-4eb853aeaf3c{ip: 10.1.0.144, host: fv-az249-861, ports: [HTTP=15036, CLIENT_RPC=15037, REPLICATION=15043, RATIS=15039, RATIS_ADMIN=15040, RATIS_SERVER=15041, RATIS_DATASTREAM=15042, STANDALONE=15038], networkLocation: /default-rack, certSerialId: null, persistedOpState: null, persistedOpStateExpiryEpochSec: 0}
2023-09-25 17:56:26,968 [EventQueue-NewNodeForNewNodeHandler] INFO  pipeline.BackgroundPipelineCreator (BackgroundPipelineCreator.java:notifyEventTriggered(277)) - trigger a one-shot run on RatisPipelineUtilsThread.
2023-09-25 17:56:26,971 [RatisPipelineUtilsThread - 0] INFO  pipeline.RatisPipelineProvider (RatisPipelineProvider.java:lambda$create$0(206)) - Sending CreatePipelineCommand for pipeline:PipelineID=7f2bf33e-c0c0-42c2-8d2a-76068ddc8cff to datanode:193d77cf-0768-416f-bba4-4eb853aeaf3c
2023-09-25 17:56:26,973 [RatisPipelineUtilsThread - 0] INFO  pipeline.BackgroundPipelineCreator (BackgroundPipelineCreator.java:createPipelines(233)) - Created new pipeline Pipeline[ Id: 7f2bf33e-c0c0-42c2-8d2a-76068ddc8cff, Nodes: 193d77cf-0768-416f-bba4-4eb853aeaf3c(fv-az249-861/10.1.0.144), ReplicationConfig: RATIS/ONE, State:ALLOCATED, leaderId:, CreationTimestamp2023-09-25T17:56:26.971Z[Etc/UTC]]
2023-09-25 17:56:27,318 [main] INFO  ozone.MiniOzoneClusterImpl (MiniOzoneClusterImpl.java:lambda$waitForClusterToBeReady$0(229)) - Waiting for nodes to be ready. Got 4 of 5 DN Heartbeats.
2023-09-25 17:56:27,319 [main] INFO  ozone.MiniOzoneClusterImpl (MiniOzoneClusterImpl.java:lambda$waitForClusterToBeReady$0(232)) - Waiting for cluster to exit safe mode
2023-09-25 17:56:27,319 [main] INFO  ozone.MiniOzoneClusterImpl (MiniOzoneClusterImpl.java:lambda$waitForClusterToBeReady$0(234)) - SCM became leader
2023-09-25 17:56:27,328 [IPC Server handler 18 on default port 15002] INFO  net.NetworkTopologyImpl (NetworkTopologyImpl.java:add(112)) - Added a new node: /default-rack/547bcca7-662f-4506-ab3e-0bdf08a2cfda
2023-09-25 17:56:27,328 [IPC Server handler 18 on default port 15002] INFO  node.SCMNodeManager (SCMNodeManager.java:register(405)) - Registered Data node : 547bcca7-662f-4506-ab3e-0bdf08a2cfda{ip: 10.1.0.144, host: fv-az249-861, ports: [HTTP=15045, CLIENT_RPC=15046, REPLICATION=15052, RATIS=15048, RATIS_ADMIN=15049, RATIS_SERVER=15050, RATIS_DATASTREAM=15051, STANDALONE=15047], networkLocation: /default-rack, certSerialId: null, persistedOpState: null, persistedOpStateExpiryEpochSec: 0}
2023-09-25 17:56:27,328 [EventQueue-NewNodeForNewNodeHandler] INFO  pipeline.BackgroundPipelineCreator (BackgroundPipelineCreator.java:notifyEventTriggered(277)) - trigger a one-shot run on RatisPipelineUtilsThread.
2023-09-25 17:56:27,329 [RatisPipelineUtilsThread - 0] INFO  pipeline.RatisPipelineProvider (RatisPipelineProvider.java:lambda$create$0(206)) - Sending CreatePipelineCommand for pipeline:PipelineID=b66b5463-9ee7-4a1e-9b38-1248e2258e1a to datanode:547bcca7-662f-4506-ab3e-0bdf08a2cfda
2023-09-25 17:56:27,330 [RatisPipelineUtilsThread - 0] INFO  pipeline.BackgroundPipelineCreator (BackgroundPipelineCreator.java:createPipelines(233)) - Created new pipeline Pipeline[ Id: b66b5463-9ee7-4a1e-9b38-1248e2258e1a, Nodes: 547bcca7-662f-4506-ab3e-0bdf08a2cfda(fv-az249-861/10.1.0.144), ReplicationConfig: RATIS/ONE, State:ALLOCATED, leaderId:, CreationTimestamp2023-09-25T17:56:27.329Z[Etc/UTC]]
2023-09-25 17:56:28,319 [main] INFO  ozone.MiniOzoneClusterImpl (MiniOzoneClusterImpl.java:lambda$waitForClusterToBeReady$0(229)) - Nodes are ready. Got 5 of 5 DN Heartbeats.
2023-09-25 17:56:28,319 [main] INFO  ozone.MiniOzoneClusterImpl (MiniOzoneClusterImpl.java:lambda$waitForClusterToBeReady$0(232)) - Waiting for cluster to exit safe mode
2023-09-25 17:56:28,319 [main] INFO  ozone.MiniOzoneClusterImpl (MiniOzoneClusterImpl.java:lambda$waitForClusterToBeReady$0(234)) - SCM became leader
2023-09-25 17:56:28,614 [PipelineCommandHandlerThread-0] INFO  server.RaftServer (RaftServerProxy.java:addNew(98)) - 7c2da756-7def-47bc-b4fd-fb4319f4a659: addNew group-4CC3274D98F4:[7c2da756-7def-47bc-b4fd-fb4319f4a659|rpc:10.1.0.144:15014|admin:10.1.0.144:15013|client:10.1.0.144:15012|dataStream:10.1.0.144:15015|priority:1|startupRole:FOLLOWER] returns group-4CC3274D98F4:java.util.concurrent.CompletableFuture@d412f7f[Not completed]
2023-09-25 17:56:28,630 [7c2da756-7def-47bc-b4fd-fb4319f4a659-groupManagement] INFO  server.RaftServer$Division (RaftServerImpl.java:<init>(198)) - 7c2da756-7def-47bc-b4fd-fb4319f4a659: new RaftServerImpl for group-4CC3274D98F4:[7c2da756-7def-47bc-b4fd-fb4319f4a659|rpc:10.1.0.144:15014|admin:10.1.0.144:15013|client:10.1.0.144:15012|dataStream:10.1.0.144:15015|priority:1|startupRole:FOLLOWER] with ContainerStateMachine:uninitialized
2023-09-25 17:56:28,630 [7c2da756-7def-47bc-b4fd-fb4319f4a659-groupManagement] INFO  server.RaftServerConfigKeys (ConfUtils.java:logGet(46)) - raft.server.rpc.timeout.min = 5s (custom)
2023-09-25 17:56:28,630 [7c2da756-7def-47bc-b4fd-fb4319f4a659-groupManagement] INFO  server.RaftServerConfigKeys (ConfUtils.java:logGet(46)) - raft.server.rpc.timeout.max = 5200ms (custom)
2023-09-25 17:56:28,630 [7c2da756-7def-47bc-b4fd-fb4319f4a659-groupManagement] INFO  server.RaftServerConfigKeys (ConfUtils.java:logGet(46)) - raft.server.rpc.sleep.time = 25ms (default)
2023-09-25 17:56:28,630 [7c2da756-7def-47bc-b4fd-fb4319f4a659-groupManagement] INFO  server.RaftServerConfigKeys (ConfUtils.java:logGet(46)) - raft.server.rpc.slowness.timeout = 300s (custom)
2023-09-25 17:56:28,630 [7c2da756-7def-47bc-b4fd-fb4319f4a659-groupManagement] INFO  server.RaftServerConfigKeys (ConfUtils.java:logGet(46)) - raft.server.leaderelection.leader.step-down.wait-time = 10s (default)
2023-09-25 17:56:28,630 [7c2da756-7def-47bc-b4fd-fb4319f4a659-groupManagement] INFO  server.RaftServerConfigKeys (ConfUtils.java:logGet(46)) - raft.server.sleep.deviation.threshold = 300ms (default)
2023-09-25 17:56:28,630 [7c2da756-7def-47bc-b4fd-fb4319f4a659-groupManagement] INFO  server.RaftServer$Division (ServerState.java:<init>(120)) - 7c2da756-7def-47bc-b4fd-fb4319f4a659@group-4CC3274D98F4: ConfigurationManager, init=-1: peers:[7c2da756-7def-47bc-b4fd-fb4319f4a659|rpc:10.1.0.144:15014|admin:10.1.0.144:15013|client:10.1.0.144:15012|dataStream:10.1.0.144:15015|priority:1|startupRole:FOLLOWER]|listeners:[], old=null, confs=<EMPTY_MAP>
2023-09-25 17:56:28,630 [7c2da756-7def-47bc-b4fd-fb4319f4a659-groupManagement] INFO  server.RaftServerConfigKeys (ConfUtils.java:logGet(46)) - raft.server.storage.dir = [/home/runner/work/ozone/ozone/hadoop-ozone/integration-test/target/test-dir/MiniOzoneClusterImpl-932dec38-ee06-46f6-8792-0cf7b891b204/datanode-0/data/ratis] (custom)
2023-09-25 17:56:28,631 [7c2da756-7def-47bc-b4fd-fb4319f4a659-groupManagement] INFO  server.RaftServerConfigKeys (ConfUtils.java:logGet(46)) - raft.server.log.corruption.policy = EXCEPTION (default)
2023-09-25 17:56:28,631 [7c2da756-7def-47bc-b4fd-fb4319f4a659-groupManagement] INFO  server.RaftServerConfigKeys (ConfUtils.java:logGet(46)) - raft.server.storage.free-space.min = 0MB (=0) (default)
2023-09-25 17:56:28,631 [7c2da756-7def-47bc-b4fd-fb4319f4a659-groupManagement] INFO  server.RaftServerConfigKeys (ConfUtils.java:logGet(46)) - raft.server.notification.no-leader.timeout = 300s (custom)
2023-09-25 17:56:28,631 [7c2da756-7def-47bc-b4fd-fb4319f4a659-groupManagement] INFO  server.RaftServerConfigKeys (ConfUtils.java:logGet(46)) - raft.server.read.timeout = 10s (default)
2023-09-25 17:56:28,631 [7c2da756-7def-47bc-b4fd-fb4319f4a659-groupManagement] INFO  server.RaftServerConfigKeys (ConfUtils.java:logGet(46)) - raft.server.retrycache.expirytime = 600000ms (custom)
2023-09-25 17:56:28,631 [7c2da756-7def-47bc-b4fd-fb4319f4a659-groupManagement] INFO  server.RaftServerConfigKeys (ConfUtils.java:logGet(46)) - raft.server.retrycache.statistics.expirytime = 100μs (default)
2023-09-25 17:56:28,632 [7c2da756-7def-47bc-b4fd-fb4319f4a659-groupManagement] INFO  server.RaftServerConfigKeys (ConfUtils.java:logGet(46)) - raft.server.read.option = DEFAULT (default)
2023-09-25 17:56:28,635 [7c2da756-7def-47bc-b4fd-fb4319f4a659-groupManagement] INFO  server.RaftServerConfigKeys (ConfUtils.java:logGet(46)) - raft.server.rpc.request.timeout = 60s (custom)
2023-09-25 17:56:28,635 [7c2da756-7def-47bc-b4fd-fb4319f4a659-groupManagement] INFO  server.RaftServerConfigKeys (ConfUtils.java:logGet(46)) - raft.server.log.appender.install.snapshot.enabled = false (custom)
2023-09-25 17:56:28,635 [7c2da756-7def-47bc-b4fd-fb4319f4a659-groupManagement] INFO  server.RaftServerConfigKeys (ConfUtils.java:logGet(46)) - raft.server.threadpool.server.cached = true (default)
2023-09-25 17:56:28,636 [7c2da756-7def-47bc-b4fd-fb4319f4a659-groupManagement] INFO  server.RaftServerConfigKeys (ConfUtils.java:logGet(46)) - raft.server.threadpool.server.size = 0 (default)
2023-09-25 17:56:28,636 [7c2da756-7def-47bc-b4fd-fb4319f4a659-groupManagement] INFO  server.RaftServerConfigKeys (ConfUtils.java:logGet(46)) - raft.server.threadpool.client.cached = true (default)
2023-09-25 17:56:28,636 [7c2da756-7def-47bc-b4fd-fb4319f4a659-groupManagement] INFO  server.RaftServerConfigKeys (ConfUtils.java:logGet(46)) - raft.server.threadpool.client.size = 0 (default)
2023-09-25 17:56:28,636 [7c2da756-7def-47bc-b4fd-fb4319f4a659-groupManagement] INFO  storage.RaftStorageDirectory (RaftStorageDirectoryImpl.java:analyzeStorage(137)) - The storage directory /home/runner/work/ozone/ozone/hadoop-ozone/integration-test/target/test-dir/MiniOzoneClusterImpl-932dec38-ee06-46f6-8792-0cf7b891b204/datanode-0/data/ratis/10d67b8e-6bdb-4f60-bc73-4cc3274d98f4 does not exist. Creating ...
2023-09-25 17:56:28,641 [7c2da756-7def-47bc-b4fd-fb4319f4a659-groupManagement] INFO  storage.RaftStorageDirectory (RaftStorageDirectoryImpl.java:tryLock(231)) - Lock on /home/runner/work/ozone/ozone/hadoop-ozone/integration-test/target/test-dir/MiniOzoneClusterImpl-932dec38-ee06-46f6-8792-0cf7b891b204/datanode-0/data/ratis/10d67b8e-6bdb-4f60-bc73-4cc3274d98f4/in_use.lock acquired by nodename 19424@fv-az249-861
2023-09-25 17:56:28,642 [7c2da756-7def-47bc-b4fd-fb4319f4a659-groupManagement] INFO  storage.RaftStorage (RaftStorageImpl.java:format(96)) - Storage directory /home/runner/work/ozone/ozone/hadoop-ozone/integration-test/target/test-dir/MiniOzoneClusterImpl-932dec38-ee06-46f6-8792-0cf7b891b204/datanode-0/data/ratis/10d67b8e-6bdb-4f60-bc73-4cc3274d98f4 has been successfully formatted.
2023-09-25 17:56:28,647 [7c2da756-7def-47bc-b4fd-fb4319f4a659-groupManagement] INFO  ratis.ContainerStateMachine (ContainerStateMachine.java:loadSnapshot(262)) - group-4CC3274D98F4: The snapshot info is null. Setting the last applied indexto:(t:0, i:~)
2023-09-25 17:56:28,647 [7c2da756-7def-47bc-b4fd-fb4319f4a659-groupManagement] INFO  server.RaftServerConfigKeys (ConfUtils.java:logGet(46)) - raft.server.log.use.memory = false (default)
2023-09-25 17:56:28,648 [7c2da756-7def-47bc-b4fd-fb4319f4a659-groupManagement] INFO  server.RaftServerConfigKeys (ConfUtils.java:logGet(46)) - raft.server.log.purge.gap = 1000000 (custom)
2023-09-25 17:56:28,648 [7c2da756-7def-47bc-b4fd-fb4319f4a659-groupManagement] INFO  server.RaftServerConfigKeys (ConfUtils.java:logGet(46)) - raft.server.log.appender.buffer.byte-limit = 33554432 (custom)
2023-09-25 17:56:28,648 [7c2da756-7def-47bc-b4fd-fb4319f4a659-groupManagement] INFO  server.RaftServerConfigKeys (ConfUtils.java:logGet(46)) - raft.server.log.statemachine.data.read.timeout = 1000ms (default)
2023-09-25 17:56:28,648 [7c2da756-7def-47bc-b4fd-fb4319f4a659-groupManagement] INFO  server.RaftServerConfigKeys (ConfUtils.java:logGet(46)) - raft.server.log.purge.preservation.log.num = 0 (default)
2023-09-25 17:56:28,648 [7c2da756-7def-47bc-b4fd-fb4319f4a659-groupManagement] INFO  server.RaftServerConfigKeys (ConfUtils.java:logGet(46)) - raft.server.log.segment.size.max = 1048576 (custom)
2023-09-25 17:56:28,649 [7c2da756-7def-47bc-b4fd-fb4319f4a659-groupManagement] INFO  server.RaftServerConfigKeys (ConfUtils.java:logGet(46)) - raft.server.log.segment.cache.num.max = 2 (custom)
2023-09-25 17:56:28,649 [7c2da756-7def-47bc-b4fd-fb4319f4a659-groupManagement] INFO  server.RaftServerConfigKeys (ConfUtils.java:logGet(46)) - raft.server.log.segment.cache.size.max = 200MB (=209715200) (default)
2023-09-25 17:56:28,649 [7c2da756-7def-47bc-b4fd-fb4319f4a659-groupManagement] INFO  server.RaftServerConfigKeys (ConfUtils.java:logGet(46)) - raft.server.log.appender.buffer.byte-limit = 33554432 (custom)
2023-09-25 17:56:28,650 [7c2da756-7def-47bc-b4fd-fb4319f4a659-groupManagement] INFO  segmented.SegmentedRaftLogWorker (SegmentedRaftLogWorker.java:<init>(188)) - new 7c2da756-7def-47bc-b4fd-fb4319f4a659@group-4CC3274D98F4-SegmentedRaftLogWorker for RaftStorageImpl:Storage Directory /home/runner/work/ozone/ozone/hadoop-ozone/integration-test/target/test-dir/MiniOzoneClusterImpl-932dec38-ee06-46f6-8792-0cf7b891b204/datanode-0/data/ratis/10d67b8e-6bdb-4f60-bc73-4cc3274d98f4
2023-09-25 17:56:28,650 [7c2da756-7def-47bc-b4fd-fb4319f4a659-groupManagement] INFO  server.RaftServerConfigKeys (ConfUtils.java:logGet(46)) - raft.server.log.queue.byte-limit = 4294967296 (custom)
2023-09-25 17:56:28,650 [7c2da756-7def-47bc-b4fd-fb4319f4a659-groupManagement] INFO  server.RaftServerConfigKeys (ConfUtils.java:logGet(46)) - raft.server.log.queue.element-limit = 1024 (custom)
2023-09-25 17:56:28,650 [7c2da756-7def-47bc-b4fd-fb4319f4a659-groupManagement] INFO  server.RaftServerConfigKeys (ConfUtils.java:logGet(46)) - raft.server.log.segment.size.max = 1048576 (custom)
2023-09-25 17:56:28,650 [7c2da756-7def-47bc-b4fd-fb4319f4a659-groupManagement] INFO  server.RaftServerConfigKeys (ConfUtils.java:logGet(46)) - raft.server.log.preallocated.size = 16384 (custom)
2023-09-25 17:56:28,650 [7c2da756-7def-47bc-b4fd-fb4319f4a659-groupManagement] INFO  server.RaftServerConfigKeys (ConfUtils.java:logGet(46)) - raft.server.log.force.sync.num = 128 (default)
2023-09-25 17:56:28,650 [7c2da756-7def-47bc-b4fd-fb4319f4a659-groupManagement] INFO  server.RaftServerConfigKeys (ConfUtils.java:logGet(46)) - raft.server.log.statemachine.data.sync = true (default)
2023-09-25 17:56:28,650 [7c2da756-7def-47bc-b4fd-fb4319f4a659-groupManagement] INFO  server.RaftServerConfigKeys (ConfUtils.java:logGet(46)) - raft.server.log.statemachine.data.sync.timeout = 10s (default)
2023-09-25 17:56:28,650 [7c2da756-7def-47bc-b4fd-fb4319f4a659-groupManagement] INFO  server.RaftServerConfigKeys (ConfUtils.java:logGet(46)) - raft.server.log.statemachine.data.sync.timeout.retry = -1 (default)
2023-09-25 17:56:28,653 [7c2da756-7def-47bc-b4fd-fb4319f4a659-groupManagement] INFO  server.RaftServerConfigKeys (ConfUtils.java:logGet(46)) - raft.server.log.write.buffer.size = 1048576 (custom)
2023-09-25 17:56:28,654 [7c2da756-7def-47bc-b4fd-fb4319f4a659-groupManagement] INFO  server.RaftServerConfigKeys (ConfUtils.java:logGet(46)) - raft.server.log.appender.buffer.byte-limit = 33554432 (custom)
2023-09-25 17:56:28,660 [7c2da756-7def-47bc-b4fd-fb4319f4a659-groupManagement] INFO  server.RaftServerConfigKeys (ConfUtils.java:logGet(46)) - raft.server.log.unsafe-flush.enabled = false (default)
2023-09-25 17:56:28,661 [7c2da756-7def-47bc-b4fd-fb4319f4a659-groupManagement] INFO  server.RaftServerConfigKeys (ConfUtils.java:logGet(46)) - raft.server.log.async-flush.enabled = false (default)
2023-09-25 17:56:28,661 [7c2da756-7def-47bc-b4fd-fb4319f4a659-groupManagement] INFO  server.RaftServerConfigKeys (ConfUtils.java:logGet(46)) - raft.server.log.statemachine.data.caching.enabled = true (custom)
2023-09-25 17:56:28,661 [7c2da756-7def-47bc-b4fd-fb4319f4a659-groupManagement] INFO  segmented.SegmentedRaftLogWorker (SegmentedRaftLogWorker.java:lambda$new$0(135)) - 7c2da756-7def-47bc-b4fd-fb4319f4a659@group-4CC3274D98F4-SegmentedRaftLogWorker: flushIndex: setUnconditionally 0 -> -1
2023-09-25 17:56:28,661 [7c2da756-7def-47bc-b4fd-fb4319f4a659-groupManagement] INFO  segmented.SegmentedRaftLogWorker (SegmentedRaftLogWorker.java:lambda$new$0(135)) - 7c2da756-7def-47bc-b4fd-fb4319f4a659@group-4CC3274D98F4-SegmentedRaftLogWorker: safeCacheEvictIndex: setUnconditionally 0 -> -1
2023-09-25 17:56:28,661 [7c2da756-7def-47bc-b4fd-fb4319f4a659-groupManagement] INFO  server.RaftServer$Division (RaftServerImpl.java:start(342)) - 7c2da756-7def-47bc-b4fd-fb4319f4a659@group-4CC3274D98F4: start as a follower, conf=-1: peers:[7c2da756-7def-47bc-b4fd-fb4319f4a659|rpc:10.1.0.144:15014|admin:10.1.0.144:15013|client:10.1.0.144:15012|dataStream:10.1.0.144:15015|priority:1|startupRole:FOLLOWER]|listeners:[], old=null
2023-09-25 17:56:28,662 [7c2da756-7def-47bc-b4fd-fb4319f4a659-groupManagement] INFO  server.RaftServer$Division (RaftServerImpl.java:setRole(329)) - 7c2da756-7def-47bc-b4fd-fb4319f4a659@group-4CC3274D98F4: changes role from      null to FOLLOWER at term 0 for startAsFollower
2023-09-25 17:56:28,662 [7c2da756-7def-47bc-b4fd-fb4319f4a659-groupManagement] INFO  impl.RoleInfo (RoleInfo.java:updateAndGet(139)) - 7c2da756-7def-47bc-b4fd-fb4319f4a659: start 7c2da756-7def-47bc-b4fd-fb4319f4a659@group-4CC3274D98F4-FollowerState
2023-09-25 17:56:28,662 [7c2da756-7def-47bc-b4fd-fb4319f4a659-groupManagement] INFO  util.JmxRegister (JmxRegister.java:tryRegister(44)) - Successfully registered JMX Bean with object name Ratis:service=RaftServer,group=group-4CC3274D98F4,id=7c2da756-7def-47bc-b4fd-fb4319f4a659
2023-09-25 17:56:28,662 [7c2da756-7def-47bc-b4fd-fb4319f4a659-groupManagement] INFO  server.RaftServerConfigKeys (ConfUtils.java:logGet(46)) - raft.server.snapshot.auto.trigger.enabled = true (custom)
2023-09-25 17:56:28,662 [7c2da756-7def-47bc-b4fd-fb4319f4a659-groupManagement] INFO  server.RaftServerConfigKeys (ConfUtils.java:logGet(46)) - raft.server.snapshot.auto.trigger.threshold = 10000 (custom)
2023-09-25 17:56:28,663 [7c2da756-7def-47bc-b4fd-fb4319f4a659-groupManagement] INFO  server.RaftServerConfigKeys (ConfUtils.java:logGet(46)) - raft.server.snapshot.retention.file.num = 5 (custom)
2023-09-25 17:56:28,663 [7c2da756-7def-47bc-b4fd-fb4319f4a659-groupManagement] INFO  server.RaftServerConfigKeys (ConfUtils.java:logGet(46)) - raft.server.log.purge.upto.snapshot.index = false (default)
2023-09-25 17:56:28,664 [7c2da756-7def-47bc-b4fd-fb4319f4a659@group-4CC3274D98F4-FollowerState] INFO  server.RaftServerConfigKeys (ConfUtils.java:logFallback(53)) - raft.server.rpc.first-election.timeout.min = 5s (fallback to raft.server.rpc.timeout.min)
2023-09-25 17:56:28,668 [7c2da756-7def-47bc-b4fd-fb4319f4a659@group-4CC3274D98F4-FollowerState] INFO  server.RaftServerConfigKeys (ConfUtils.java:logFallback(53)) - raft.server.rpc.first-election.timeout.max = 5200ms (fallback to raft.server.rpc.timeout.max)
2023-09-25 17:56:28,672 [PipelineCommandHandlerThread-0] INFO  ratis.XceiverServerRatis (XceiverServerRatis.java:addGroup(804)) - Created group PipelineID=10d67b8e-6bdb-4f60-bc73-4cc3274d98f4
2023-09-25 17:56:28,673 [PipelineCommandHandlerThread-0] INFO  commandhandler.CreatePipelineCommandHandler (CreatePipelineCommandHandler.java:lambda$handle$2(124)) - Created Pipeline RATIS ONE PipelineID=10d67b8e-6bdb-4f60-bc73-4cc3274d98f4.
2023-09-25 17:56:28,674 [PipelineCommandHandlerThread-0] INFO  server.RaftServer (RaftServerProxy.java:addNew(98)) - 7c2da756-7def-47bc-b4fd-fb4319f4a659: addNew group-EF424F680CA8:[07de5ce2-8a0b-4f06-859c-06527793f6e4|rpc:10.1.0.144:15023|admin:10.1.0.144:15022|client:10.1.0.144:15021|dataStream:10.1.0.144:15024|priority:0|startupRole:FOLLOWER, 7c2da756-7def-47bc-b4fd-fb4319f4a659|rpc:10.1.0.144:15014|admin:10.1.0.144:15013|client:10.1.0.144:15012|dataStream:10.1.0.144:15015|priority:0|startupRole:FOLLOWER, 1be5c5f2-a8c9-4995-9125-aff50ea2da2d|rpc:10.1.0.144:15032|admin:10.1.0.144:15031|client:10.1.0.144:15030|dataStream:10.1.0.144:15033|priority:1|startupRole:FOLLOWER] returns group-EF424F680CA8:java.util.concurrent.CompletableFuture@208c1f78[Not completed]
2023-09-25 17:56:28,675 [7c2da756-7def-47bc-b4fd-fb4319f4a659-groupManagement] INFO  server.RaftServer$Division (RaftServerImpl.java:<init>(198)) - 7c2da756-7def-47bc-b4fd-fb4319f4a659: new RaftServerImpl for group-EF424F680CA8:[07de5ce2-8a0b-4f06-859c-06527793f6e4|rpc:10.1.0.144:15023|admin:10.1.0.144:15022|client:10.1.0.144:15021|dataStream:10.1.0.144:15024|priority:0|startupRole:FOLLOWER, 7c2da756-7def-47bc-b4fd-fb4319f4a659|rpc:10.1.0.144:15014|admin:10.1.0.144:15013|client:10.1.0.144:15012|dataStream:10.1.0.144:15015|priority:0|startupRole:FOLLOWER, 1be5c5f2-a8c9-4995-9125-aff50ea2da2d|rpc:10.1.0.144:15032|admin:10.1.0.144:15031|client:10.1.0.144:15030|dataStream:10.1.0.144:15033|priority:1|startupRole:FOLLOWER] with ContainerStateMachine:uninitialized
2023-09-25 17:56:28,676 [7c2da756-7def-47bc-b4fd-fb4319f4a659-groupManagement] INFO  server.RaftServerConfigKeys (ConfUtils.java:logGet(46)) - raft.server.rpc.timeout.min = 5s (custom)
2023-09-25 17:56:28,676 [7c2da756-7def-47bc-b4fd-fb4319f4a659-groupManagement] INFO  server.RaftServerConfigKeys (ConfUtils.java:logGet(46)) - raft.server.rpc.timeout.max = 5200ms (custom)
2023-09-25 17:56:28,676 [7c2da756-7def-47bc-b4fd-fb4319f4a659-groupManagement] INFO  server.RaftServerConfigKeys (ConfUtils.java:logGet(46)) - raft.server.rpc.sleep.time = 25ms (default)
2023-09-25 17:56:28,676 [7c2da756-7def-47bc-b4fd-fb4319f4a659-groupManagement] INFO  server.RaftServerConfigKeys (ConfUtils.java:logGet(46)) - raft.server.rpc.slowness.timeout = 300s (custom)
2023-09-25 17:56:28,676 [7c2da756-7def-47bc-b4fd-fb4319f4a659-groupManagement] INFO  server.RaftServerConfigKeys (ConfUtils.java:logGet(46)) - raft.server.leaderelection.leader.step-down.wait-time = 10s (default)
2023-09-25 17:56:28,676 [7c2da756-7def-47bc-b4fd-fb4319f4a659-groupManagement] INFO  server.RaftServerConfigKeys (ConfUtils.java:logGet(46)) - raft.server.sleep.deviation.threshold = 300ms (default)
2023-09-25 17:56:28,676 [7c2da756-7def-47bc-b4fd-fb4319f4a659-groupManagement] INFO  server.RaftServer$Division (ServerState.java:<init>(120)) - 7c2da756-7def-47bc-b4fd-fb4319f4a659@group-EF424F680CA8: ConfigurationManager, init=-1: peers:[07de5ce2-8a0b-4f06-859c-06527793f6e4|rpc:10.1.0.144:15023|admin:10.1.0.144:15022|client:10.1.0.144:15021|dataStream:10.1.0.144:15024|priority:0|startupRole:FOLLOWER, 7c2da756-7def-47bc-b4fd-fb4319f4a659|rpc:10.1.0.144:15014|admin:10.1.0.144:15013|client:10.1.0.144:15012|dataStream:10.1.0.144:15015|priority:0|startupRole:FOLLOWER, 1be5c5f2-a8c9-4995-9125-aff50ea2da2d|rpc:10.1.0.144:15032|admin:10.1.0.144:15031|client:10.1.0.144:15030|dataStream:10.1.0.144:15033|priority:1|startupRole:FOLLOWER]|listeners:[], old=null, confs=<EMPTY_MAP>
2023-09-25 17:56:28,676 [7c2da756-7def-47bc-b4fd-fb4319f4a659-groupManagement] INFO  server.RaftServerConfigKeys (ConfUtils.java:logGet(46)) - raft.server.storage.dir = [/home/runner/work/ozone/ozone/hadoop-ozone/integration-test/target/test-dir/MiniOzoneClusterImpl-932dec38-ee06-46f6-8792-0cf7b891b204/datanode-0/data/ratis] (custom)
2023-09-25 17:56:28,676 [7c2da756-7def-47bc-b4fd-fb4319f4a659-groupManagement] INFO  server.RaftServerConfigKeys (ConfUtils.java:logGet(46)) - raft.server.log.corruption.policy = EXCEPTION (default)
2023-09-25 17:56:28,677 [7c2da756-7def-47bc-b4fd-fb4319f4a659-groupManagement] INFO  server.RaftServerConfigKeys (ConfUtils.java:logGet(46)) - raft.server.storage.free-space.min = 0MB (=0) (default)
2023-09-25 17:56:28,677 [7c2da756-7def-47bc-b4fd-fb4319f4a659-groupManagement] INFO  server.RaftServerConfigKeys (ConfUtils.java:logGet(46)) - raft.server.notification.no-leader.timeout = 300s (custom)
2023-09-25 17:56:28,677 [7c2da756-7def-47bc-b4fd-fb4319f4a659-groupManagement] INFO  server.RaftServerConfigKeys (ConfUtils.java:logGet(46)) - raft.server.read.timeout = 10s (default)
2023-09-25 17:56:28,677 [7c2da756-7def-47bc-b4fd-fb4319f4a659-groupManagement] INFO  server.RaftServerConfigKeys (ConfUtils.java:logGet(46)) - raft.server.retrycache.expirytime = 600000ms (custom)
2023-09-25 17:56:28,677 [7c2da756-7def-47bc-b4fd-fb4319f4a659-groupManagement] INFO  server.RaftServerConfigKeys (ConfUtils.java:logGet(46)) - raft.server.retrycache.statistics.expirytime = 100μs (default)
2023-09-25 17:56:28,677 [7c2da756-7def-47bc-b4fd-fb4319f4a659-groupManagement] INFO  server.RaftServerConfigKeys (ConfUtils.java:logGet(46)) - raft.server.read.option = DEFAULT (default)
2023-09-25 17:56:28,682 [7c2da756-7def-47bc-b4fd-fb4319f4a659-groupManagement] INFO  server.RaftServerConfigKeys (ConfUtils.java:logGet(46)) - raft.server.rpc.request.timeout = 60s (custom)
2023-09-25 17:56:28,682 [7c2da756-7def-47bc-b4fd-fb4319f4a659-groupManagement] INFO  server.RaftServerConfigKeys (ConfUtils.java:logGet(46)) - raft.server.log.appender.install.snapshot.enabled = false (custom)
2023-09-25 17:56:28,682 [7c2da756-7def-47bc-b4fd-fb4319f4a659-groupManagement] INFO  server.RaftServerConfigKeys (ConfUtils.java:logGet(46)) - raft.server.threadpool.server.cached = true (default)
2023-09-25 17:56:28,682 [7c2da756-7def-47bc-b4fd-fb4319f4a659-groupManagement] INFO  server.RaftServerConfigKeys (ConfUtils.java:logGet(46)) - raft.server.threadpool.server.size = 0 (default)
2023-09-25 17:56:28,682 [7c2da756-7def-47bc-b4fd-fb4319f4a659-groupManagement] INFO  server.RaftServerConfigKeys (ConfUtils.java:logGet(46)) - raft.server.threadpool.client.cached = true (default)
2023-09-25 17:56:28,682 [7c2da756-7def-47bc-b4fd-fb4319f4a659-groupManagement] INFO  server.RaftServerConfigKeys (ConfUtils.java:logGet(46)) - raft.server.threadpool.client.size = 0 (default)
2023-09-25 17:56:28,682 [7c2da756-7def-47bc-b4fd-fb4319f4a659-groupManagement] INFO  storage.RaftStorageDirectory (RaftStorageDirectoryImpl.java:analyzeStorage(137)) - The storage directory /home/runner/work/ozone/ozone/hadoop-ozone/integration-test/target/test-dir/MiniOzoneClusterImpl-932dec38-ee06-46f6-8792-0cf7b891b204/datanode-0/data/ratis/79b2f7d3-4602-417a-837e-ef424f680ca8 does not exist. Creating ...
2023-09-25 17:56:28,684 [7c2da756-7def-47bc-b4fd-fb4319f4a659-groupManagement] INFO  storage.RaftStorageDirectory (RaftStorageDirectoryImpl.java:tryLock(231)) - Lock on /home/runner/work/ozone/ozone/hadoop-ozone/integration-test/target/test-dir/MiniOzoneClusterImpl-932dec38-ee06-46f6-8792-0cf7b891b204/datanode-0/data/ratis/79b2f7d3-4602-417a-837e-ef424f680ca8/in_use.lock acquired by nodename 19424@fv-az249-861
2023-09-25 17:56:28,686 [7c2da756-7def-47bc-b4fd-fb4319f4a659-groupManagement] INFO  storage.RaftStorage (RaftStorageImpl.java:format(96)) - Storage directory /home/runner/work/ozone/ozone/hadoop-ozone/integration-test/target/test-dir/MiniOzoneClusterImpl-932dec38-ee06-46f6-8792-0cf7b891b204/datanode-0/data/ratis/79b2f7d3-4602-417a-837e-ef424f680ca8 has been successfully formatted.
2023-09-25 17:56:28,687 [7c2da756-7def-47bc-b4fd-fb4319f4a659-groupManagement] INFO  ratis.ContainerStateMachine (ContainerStateMachine.java:loadSnapshot(262)) - group-EF424F680CA8: The snapshot info is null. Setting the last applied indexto:(t:0, i:~)
2023-09-25 17:56:28,687 [7c2da756-7def-47bc-b4fd-fb4319f4a659-groupManagement] INFO  server.RaftServerConfigKeys (ConfUtils.java:logGet(46)) - raft.server.log.use.memory = false (default)
2023-09-25 17:56:28,687 [7c2da756-7def-47bc-b4fd-fb4319f4a659-groupManagement] INFO  server.RaftServerConfigKeys (ConfUtils.java:logGet(46)) - raft.server.log.purge.gap = 1000000 (custom)
2023-09-25 17:56:28,687 [7c2da756-7def-47bc-b4fd-fb4319f4a659-groupManagement] INFO  server.RaftServerConfigKeys (ConfUtils.java:logGet(46)) - raft.server.log.appender.buffer.byte-limit = 33554432 (custom)
2023-09-25 17:56:28,687 [7c2da756-7def-47bc-b4fd-fb4319f4a659-groupManagement] INFO  server.RaftServerConfigKeys (ConfUtils.java:logGet(46)) - raft.server.log.statemachine.data.read.timeout = 1000ms (default)
2023-09-25 17:56:28,688 [7c2da756-7def-47bc-b4fd-fb4319f4a659-groupManagement] INFO  server.RaftServerConfigKeys (ConfUtils.java:logGet(46)) - raft.server.log.purge.preservation.log.num = 0 (default)
2023-09-25 17:56:28,688 [7c2da756-7def-47bc-b4fd-fb4319f4a659-groupManagement] INFO  server.RaftServerConfigKeys (ConfUtils.java:logGet(46)) - raft.server.log.segment.size.max = 1048576 (custom)
2023-09-25 17:56:28,690 [7c2da756-7def-47bc-b4fd-fb4319f4a659-groupManagement] INFO  server.RaftServerConfigKeys (ConfUtils.java:logGet(46)) - raft.server.log.segment.cache.num.max = 2 (custom)
2023-09-25 17:56:28,690 [7c2da756-7def-47bc-b4fd-fb4319f4a659-groupManagement] INFO  server.RaftServerConfigKeys (ConfUtils.java:logGet(46)) - raft.server.log.segment.cache.size.max = 200MB (=209715200) (default)
2023-09-25 17:56:28,694 [EventQueue-PipelineReportForPipelineReportHandler] INFO  pipeline.PipelineReportHandler (PipelineReportHandler.java:processPipelineReport(136)) - Opened pipeline PipelineID=10d67b8e-6bdb-4f60-bc73-4cc3274d98f4
2023-09-25 17:56:28,694 [7c2da756-7def-47bc-b4fd-fb4319f4a659-groupManagement] INFO  server.RaftServerConfigKeys (ConfUtils.java:logGet(46)) - raft.server.log.appender.buffer.byte-limit = 33554432 (custom)
2023-09-25 17:56:28,704 [EventQueue-OpenPipelineForHealthyPipelineSafeModeRule] INFO  safemode.SCMSafeModeManager (HealthyPipelineSafeModeRule.java:process(137)) - SCM in safe mode. Healthy pipelines reported count is 0, required healthy pipeline reported count is 1
2023-09-25 17:56:28,705 [EventQueue-OpenPipelineForHealthyPipelineSafeModeRule] INFO  safemode.SCMSafeModeManager (HealthyPipelineSafeModeRule.java:process(137)) - SCM in safe mode. Healthy pipelines reported count is 0, required healthy pipeline reported count is 1
2023-09-25 17:56:28,705 [7c2da756-7def-47bc-b4fd-fb4319f4a659-groupManagement] INFO  segmented.SegmentedRaftLogWorker (SegmentedRaftLogWorker.java:<init>(188)) - new 7c2da756-7def-47bc-b4fd-fb4319f4a659@group-EF424F680CA8-SegmentedRaftLogWorker for RaftStorageImpl:Storage Directory /home/runner/work/ozone/ozone/hadoop-ozone/integration-test/target/test-dir/MiniOzoneClusterImpl-932dec38-ee06-46f6-8792-0cf7b891b204/datanode-0/data/ratis/79b2f7d3-4602-417a-837e-ef424f680ca8
2023-09-25 17:56:28,706 [7c2da756-7def-47bc-b4fd-fb4319f4a659-groupManagement] INFO  server.RaftServerConfigKeys (ConfUtils.java:logGet(46)) - raft.server.log.queue.byte-limit = 4294967296 (custom)
2023-09-25 17:56:28,706 [7c2da756-7def-47bc-b4fd-fb4319f4a659-groupManagement] INFO  server.RaftServerConfigKeys (ConfUtils.java:logGet(46)) - raft.server.log.queue.element-limit = 1024 (custom)
2023-09-25 17:56:28,706 [7c2da756-7def-47bc-b4fd-fb4319f4a659-groupManagement] INFO  server.RaftServerConfigKeys (ConfUtils.java:logGet(46)) - raft.server.log.segment.size.max = 1048576 (custom)
2023-09-25 17:56:28,706 [7c2da756-7def-47bc-b4fd-fb4319f4a659-groupManagement] INFO  server.RaftServerConfigKeys (ConfUtils.java:logGet(46)) - raft.server.log.preallocated.size = 16384 (custom)
2023-09-25 17:56:28,706 [7c2da756-7def-47bc-b4fd-fb4319f4a659-groupManagement] INFO  server.RaftServerConfigKeys (ConfUtils.java:logGet(46)) - raft.server.log.force.sync.num = 128 (default)
2023-09-25 17:56:28,706 [7c2da756-7def-47bc-b4fd-fb4319f4a659-groupManagement] INFO  server.RaftServerConfigKeys (ConfUtils.java:logGet(46)) - raft.server.log.statemachine.data.sync = true (default)
2023-09-25 17:56:28,706 [7c2da756-7def-47bc-b4fd-fb4319f4a659-groupManagement] INFO  server.RaftServerConfigKeys (ConfUtils.java:logGet(46)) - raft.server.log.statemachine.data.sync.timeout = 10s (default)
2023-09-25 17:56:28,706 [7c2da756-7def-47bc-b4fd-fb4319f4a659-groupManagement] INFO  server.RaftServerConfigKeys (ConfUtils.java:logGet(46)) - raft.server.log.statemachine.data.sync.timeout.retry = -1 (default)
2023-09-25 17:56:28,714 [7c2da756-7def-47bc-b4fd-fb4319f4a659-groupManagement] INFO  server.RaftServerConfigKeys (ConfUtils.java:logGet(46)) - raft.server.log.write.buffer.size = 1048576 (custom)
2023-09-25 17:56:28,715 [7c2da756-7def-47bc-b4fd-fb4319f4a659-groupManagement] INFO  server.RaftServerConfigKeys (ConfUtils.java:logGet(46)) - raft.server.log.appender.buffer.byte-limit = 33554432 (custom)
2023-09-25 17:56:28,724 [7c2da756-7def-47bc-b4fd-fb4319f4a659-groupManagement] INFO  server.RaftServerConfigKeys (ConfUtils.java:logGet(46)) - raft.server.log.unsafe-flush.enabled = false (default)
2023-09-25 17:56:28,724 [7c2da756-7def-47bc-b4fd-fb4319f4a659-groupManagement] INFO  server.RaftServerConfigKeys (ConfUtils.java:logGet(46)) - raft.server.log.async-flush.enabled = false (default)
2023-09-25 17:56:28,724 [7c2da756-7def-47bc-b4fd-fb4319f4a659-groupManagement] INFO  server.RaftServerConfigKeys (ConfUtils.java:logGet(46)) - raft.server.log.statemachine.data.caching.enabled = true (custom)
2023-09-25 17:56:28,725 [7c2da756-7def-47bc-b4fd-fb4319f4a659-groupManagement] INFO  segmented.SegmentedRaftLogWorker (SegmentedRaftLogWorker.java:lambda$new$0(135)) - 7c2da756-7def-47bc-b4fd-fb4319f4a659@group-EF424F680CA8-SegmentedRaftLogWorker: flushIndex: setUnconditionally 0 -> -1
2023-09-25 17:56:28,725 [7c2da756-7def-47bc-b4fd-fb4319f4a659-groupManagement] INFO  segmented.SegmentedRaftLogWorker (SegmentedRaftLogWorker.java:lambda$new$0(135)) - 7c2da756-7def-47bc-b4fd-fb4319f4a659@group-EF424F680CA8-SegmentedRaftLogWorker: safeCacheEvictIndex: setUnconditionally 0 -> -1
2023-09-25 17:56:28,727 [7c2da756-7def-47bc-b4fd-fb4319f4a659-groupManagement] INFO  server.RaftServer$Division (RaftServerImpl.java:start(342)) - 7c2da756-7def-47bc-b4fd-fb4319f4a659@group-EF424F680CA8: start as a follower, conf=-1: peers:[07de5ce2-8a0b-4f06-859c-06527793f6e4|rpc:10.1.0.144:15023|admin:10.1.0.144:15022|client:10.1.0.144:15021|dataStream:10.1.0.144:15024|priority:0|startupRole:FOLLOWER, 7c2da756-7def-47bc-b4fd-fb4319f4a659|rpc:10.1.0.144:15014|admin:10.1.0.144:15013|client:10.1.0.144:15012|dataStream:10.1.0.144:15015|priority:0|startupRole:FOLLOWER, 1be5c5f2-a8c9-4995-9125-aff50ea2da2d|rpc:10.1.0.144:15032|admin:10.1.0.144:15031|client:10.1.0.144:15030|dataStream:10.1.0.144:15033|priority:1|startupRole:FOLLOWER]|listeners:[], old=null
2023-09-25 17:56:28,727 [7c2da756-7def-47bc-b4fd-fb4319f4a659-groupManagement] INFO  server.RaftServer$Division (RaftServerImpl.java:setRole(329)) - 7c2da756-7def-47bc-b4fd-fb4319f4a659@group-EF424F680CA8: changes role from      null to FOLLOWER at term 0 for startAsFollower
2023-09-25 17:56:28,727 [7c2da756-7def-47bc-b4fd-fb4319f4a659-groupManagement] INFO  impl.RoleInfo (RoleInfo.java:updateAndGet(139)) - 7c2da756-7def-47bc-b4fd-fb4319f4a659: start 7c2da756-7def-47bc-b4fd-fb4319f4a659@group-EF424F680CA8-FollowerState
2023-09-25 17:56:28,729 [7c2da756-7def-47bc-b4fd-fb4319f4a659-groupManagement] INFO  util.JmxRegister (JmxRegister.java:tryRegister(44)) - Successfully registered JMX Bean with object name Ratis:service=RaftServer,group=group-EF424F680CA8,id=7c2da756-7def-47bc-b4fd-fb4319f4a659
2023-09-25 17:56:28,729 [7c2da756-7def-47bc-b4fd-fb4319f4a659-groupManagement] INFO  server.RaftServerConfigKeys (ConfUtils.java:logGet(46)) - raft.server.snapshot.auto.trigger.enabled = true (custom)
2023-09-25 17:56:28,729 [7c2da756-7def-47bc-b4fd-fb4319f4a659-groupManagement] INFO  server.RaftServerConfigKeys (ConfUtils.java:logGet(46)) - raft.server.snapshot.auto.trigger.threshold = 10000 (custom)
2023-09-25 17:56:28,729 [7c2da756-7def-47bc-b4fd-fb4319f4a659-groupManagement] INFO  server.RaftServerConfigKeys (ConfUtils.java:logGet(46)) - raft.server.snapshot.retention.file.num = 5 (custom)
2023-09-25 17:56:28,729 [7c2da756-7def-47bc-b4fd-fb4319f4a659-groupManagement] INFO  server.RaftServerConfigKeys (ConfUtils.java:logGet(46)) - raft.server.log.purge.upto.snapshot.index = false (default)
2023-09-25 17:56:28,735 [PipelineCommandHandlerThread-0] INFO  ratis.XceiverServerRatis (XceiverServerRatis.java:addGroup(804)) - Created group PipelineID=79b2f7d3-4602-417a-837e-ef424f680ca8
2023-09-25 17:56:28,750 [7c2da756-7def-47bc-b4fd-fb4319f4a659@group-EF424F680CA8-FollowerState] INFO  server.RaftServerConfigKeys (ConfUtils.java:logFallback(53)) - raft.server.rpc.first-election.timeout.min = 5s (fallback to raft.server.rpc.timeout.min)
2023-09-25 17:56:28,750 [7c2da756-7def-47bc-b4fd-fb4319f4a659@group-EF424F680CA8-FollowerState] INFO  server.RaftServerConfigKeys (ConfUtils.java:logFallback(53)) - raft.server.rpc.first-election.timeout.max = 5200ms (fallback to raft.server.rpc.timeout.max)
2023-09-25 17:56:29,157 [PipelineCommandHandlerThread-0] INFO  server.RaftServer (RaftServerProxy.java:addNew(98)) - 07de5ce2-8a0b-4f06-859c-06527793f6e4: addNew group-6A512494A955:[07de5ce2-8a0b-4f06-859c-06527793f6e4|rpc:10.1.0.144:15023|admin:10.1.0.144:15022|client:10.1.0.144:15021|dataStream:10.1.0.144:15024|priority:1|startupRole:FOLLOWER] returns group-6A512494A955:java.util.concurrent.CompletableFuture@267d5573[Not completed]
2023-09-25 17:56:29,161 [07de5ce2-8a0b-4f06-859c-06527793f6e4-groupManagement] INFO  server.RaftServer$Division (RaftServerImpl.java:<init>(198)) - 07de5ce2-8a0b-4f06-859c-06527793f6e4: new RaftServerImpl for group-6A512494A955:[07de5ce2-8a0b-4f06-859c-06527793f6e4|rpc:10.1.0.144:15023|admin:10.1.0.144:15022|client:10.1.0.144:15021|dataStream:10.1.0.144:15024|priority:1|startupRole:FOLLOWER] with ContainerStateMachine:uninitialized
2023-09-25 17:56:29,161 [07de5ce2-8a0b-4f06-859c-06527793f6e4-groupManagement] INFO  server.RaftServerConfigKeys (ConfUtils.java:logGet(46)) - raft.server.rpc.timeout.min = 5s (custom)
2023-09-25 17:56:29,161 [07de5ce2-8a0b-4f06-859c-06527793f6e4-groupManagement] INFO  server.RaftServerConfigKeys (ConfUtils.java:logGet(46)) - raft.server.rpc.timeout.max = 5200ms (custom)
2023-09-25 17:56:29,162 [07de5ce2-8a0b-4f06-859c-06527793f6e4-groupManagement] INFO  server.RaftServerConfigKeys (ConfUtils.java:logGet(46)) - raft.server.rpc.sleep.time = 25ms (default)
2023-09-25 17:56:29,162 [07de5ce2-8a0b-4f06-859c-06527793f6e4-groupManagement] INFO  server.RaftServerConfigKeys (ConfUtils.java:logGet(46)) - raft.server.rpc.slowness.timeout = 300s (custom)
2023-09-25 17:56:29,162 [07de5ce2-8a0b-4f06-859c-06527793f6e4-groupManagement] INFO  server.RaftServerConfigKeys (ConfUtils.java:logGet(46)) - raft.server.leaderelection.leader.step-down.wait-time = 10s (default)
2023-09-25 17:56:29,162 [07de5ce2-8a0b-4f06-859c-06527793f6e4-groupManagement] INFO  server.RaftServerConfigKeys (ConfUtils.java:logGet(46)) - raft.server.sleep.deviation.threshold = 300ms (default)
2023-09-25 17:56:29,162 [07de5ce2-8a0b-4f06-859c-06527793f6e4-groupManagement] INFO  server.RaftServer$Division (ServerState.java:<init>(120)) - 07de5ce2-8a0b-4f06-859c-06527793f6e4@group-6A512494A955: ConfigurationManager, init=-1: peers:[07de5ce2-8a0b-4f06-859c-06527793f6e4|rpc:10.1.0.144:15023|admin:10.1.0.144:15022|client:10.1.0.144:15021|dataStream:10.1.0.144:15024|priority:1|startupRole:FOLLOWER]|listeners:[], old=null, confs=<EMPTY_MAP>
2023-09-25 17:56:29,162 [07de5ce2-8a0b-4f06-859c-06527793f6e4-groupManagement] INFO  server.RaftServerConfigKeys (ConfUtils.java:logGet(46)) - raft.server.storage.dir = [/home/runner/work/ozone/ozone/hadoop-ozone/integration-test/target/test-dir/MiniOzoneClusterImpl-932dec38-ee06-46f6-8792-0cf7b891b204/datanode-1/data/ratis] (custom)
2023-09-25 17:56:29,162 [07de5ce2-8a0b-4f06-859c-06527793f6e4-groupManagement] INFO  server.RaftServerConfigKeys (ConfUtils.java:logGet(46)) - raft.server.log.corruption.policy = EXCEPTION (default)
2023-09-25 17:56:29,162 [07de5ce2-8a0b-4f06-859c-06527793f6e4-groupManagement] INFO  server.RaftServerConfigKeys (ConfUtils.java:logGet(46)) - raft.server.storage.free-space.min = 0MB (=0) (default)
2023-09-25 17:56:29,163 [07de5ce2-8a0b-4f06-859c-06527793f6e4-groupManagement] INFO  server.RaftServerConfigKeys (ConfUtils.java:logGet(46)) - raft.server.notification.no-leader.timeout = 300s (custom)
2023-09-25 17:56:29,165 [07de5ce2-8a0b-4f06-859c-06527793f6e4-groupManagement] INFO  server.RaftServerConfigKeys (ConfUtils.java:logGet(46)) - raft.server.read.timeout = 10s (default)
2023-09-25 17:56:29,165 [07de5ce2-8a0b-4f06-859c-06527793f6e4-groupManagement] INFO  server.RaftServerConfigKeys (ConfUtils.java:logGet(46)) - raft.server.retrycache.expirytime = 600000ms (custom)
2023-09-25 17:56:29,165 [07de5ce2-8a0b-4f06-859c-06527793f6e4-groupManagement] INFO  server.RaftServerConfigKeys (ConfUtils.java:logGet(46)) - raft.server.retrycache.statistics.expirytime = 100μs (default)
2023-09-25 17:56:29,165 [07de5ce2-8a0b-4f06-859c-06527793f6e4-groupManagement] INFO  server.RaftServerConfigKeys (ConfUtils.java:logGet(46)) - raft.server.read.option = DEFAULT (default)
2023-09-25 17:56:29,177 [07de5ce2-8a0b-4f06-859c-06527793f6e4-groupManagement] INFO  server.RaftServerConfigKeys (ConfUtils.java:logGet(46)) - raft.server.rpc.request.timeout = 60s (custom)
2023-09-25 17:56:29,177 [07de5ce2-8a0b-4f06-859c-06527793f6e4-groupManagement] INFO  server.RaftServerConfigKeys (ConfUtils.java:logGet(46)) - raft.server.log.appender.install.snapshot.enabled = false (custom)
2023-09-25 17:56:29,177 [07de5ce2-8a0b-4f06-859c-06527793f6e4-groupManagement] INFO  server.RaftServerConfigKeys (ConfUtils.java:logGet(46)) - raft.server.threadpool.server.cached = true (default)
2023-09-25 17:56:29,177 [07de5ce2-8a0b-4f06-859c-06527793f6e4-groupManagement] INFO  server.RaftServerConfigKeys (ConfUtils.java:logGet(46)) - raft.server.threadpool.server.size = 0 (default)
2023-09-25 17:56:29,177 [07de5ce2-8a0b-4f06-859c-06527793f6e4-groupManagement] INFO  server.RaftServerConfigKeys (ConfUtils.java:logGet(46)) - raft.server.threadpool.client.cached = true (default)
2023-09-25 17:56:29,177 [07de5ce2-8a0b-4f06-859c-06527793f6e4-groupManagement] INFO  server.RaftServerConfigKeys (ConfUtils.java:logGet(46)) - raft.server.threadpool.client.size = 0 (default)
2023-09-25 17:56:29,177 [07de5ce2-8a0b-4f06-859c-06527793f6e4-groupManagement] INFO  storage.RaftStorageDirectory (RaftStorageDirectoryImpl.java:analyzeStorage(137)) - The storage directory /home/runner/work/ozone/ozone/hadoop-ozone/integration-test/target/test-dir/MiniOzoneClusterImpl-932dec38-ee06-46f6-8792-0cf7b891b204/datanode-1/data/ratis/5c16de99-9ba6-4efa-828d-6a512494a955 does not exist. Creating ...
2023-09-25 17:56:29,182 [07de5ce2-8a0b-4f06-859c-06527793f6e4-groupManagement] INFO  storage.RaftStorageDirectory (RaftStorageDirectoryImpl.java:tryLock(231)) - Lock on /home/runner/work/ozone/ozone/hadoop-ozone/integration-test/target/test-dir/MiniOzoneClusterImpl-932dec38-ee06-46f6-8792-0cf7b891b204/datanode-1/data/ratis/5c16de99-9ba6-4efa-828d-6a512494a955/in_use.lock acquired by nodename 19424@fv-az249-861
2023-09-25 17:56:29,183 [07de5ce2-8a0b-4f06-859c-06527793f6e4-groupManagement] INFO  storage.RaftStorage (RaftStorageImpl.java:format(96)) - Storage directory /home/runner/work/ozone/ozone/hadoop-ozone/integration-test/target/test-dir/MiniOzoneClusterImpl-932dec38-ee06-46f6-8792-0cf7b891b204/datanode-1/data/ratis/5c16de99-9ba6-4efa-828d-6a512494a955 has been successfully formatted.
2023-09-25 17:56:29,186 [07de5ce2-8a0b-4f06-859c-06527793f6e4-groupManagement] INFO  ratis.ContainerStateMachine (ContainerStateMachine.java:loadSnapshot(262)) - group-6A512494A955: The snapshot info is null. Setting the last applied indexto:(t:0, i:~)
2023-09-25 17:56:29,190 [07de5ce2-8a0b-4f06-859c-06527793f6e4-groupManagement] INFO  server.RaftServerConfigKeys (ConfUtils.java:logGet(46)) - raft.server.log.use.memory = false (default)
2023-09-25 17:56:29,190 [07de5ce2-8a0b-4f06-859c-06527793f6e4-groupManagement] INFO  server.RaftServerConfigKeys (ConfUtils.java:logGet(46)) - raft.server.log.purge.gap = 1000000 (custom)
2023-09-25 17:56:29,190 [07de5ce2-8a0b-4f06-859c-06527793f6e4-groupManagement] INFO  server.RaftServerConfigKeys (ConfUtils.java:logGet(46)) - raft.server.log.appender.buffer.byte-limit = 33554432 (custom)
2023-09-25 17:56:29,191 [07de5ce2-8a0b-4f06-859c-06527793f6e4-groupManagement] INFO  server.RaftServerConfigKeys (ConfUtils.java:logGet(46)) - raft.server.log.statemachine.data.read.timeout = 1000ms (default)
2023-09-25 17:56:29,191 [07de5ce2-8a0b-4f06-859c-06527793f6e4-groupManagement] INFO  server.RaftServerConfigKeys (ConfUtils.java:logGet(46)) - raft.server.log.purge.preservation.log.num = 0 (default)
2023-09-25 17:56:29,191 [07de5ce2-8a0b-4f06-859c-06527793f6e4-groupManagement] INFO  server.RaftServerConfigKeys (ConfUtils.java:logGet(46)) - raft.server.log.segment.size.max = 1048576 (custom)
2023-09-25 17:56:29,192 [07de5ce2-8a0b-4f06-859c-06527793f6e4-groupManagement] INFO  server.RaftServerConfigKeys (ConfUtils.java:logGet(46)) - raft.server.log.segment.cache.num.max = 2 (custom)
2023-09-25 17:56:29,192 [07de5ce2-8a0b-4f06-859c-06527793f6e4-groupManagement] INFO  server.RaftServerConfigKeys (ConfUtils.java:logGet(46)) - raft.server.log.segment.cache.size.max = 200MB (=209715200) (default)
2023-09-25 17:56:29,192 [07de5ce2-8a0b-4f06-859c-06527793f6e4-groupManagement] INFO  server.RaftServerConfigKeys (ConfUtils.java:logGet(46)) - raft.server.log.appender.buffer.byte-limit = 33554432 (custom)
2023-09-25 17:56:29,192 [07de5ce2-8a0b-4f06-859c-06527793f6e4-groupManagement] INFO  segmented.SegmentedRaftLogWorker (SegmentedRaftLogWorker.java:<init>(188)) - new 07de5ce2-8a0b-4f06-859c-06527793f6e4@group-6A512494A955-SegmentedRaftLogWorker for RaftStorageImpl:Storage Directory /home/runner/work/ozone/ozone/hadoop-ozone/integration-test/target/test-dir/MiniOzoneClusterImpl-932dec38-ee06-46f6-8792-0cf7b891b204/datanode-1/data/ratis/5c16de99-9ba6-4efa-828d-6a512494a955
2023-09-25 17:56:29,192 [07de5ce2-8a0b-4f06-859c-06527793f6e4-groupManagement] INFO  server.RaftServerConfigKeys (ConfUtils.java:logGet(46)) - raft.server.log.queue.byte-limit = 4294967296 (custom)
2023-09-25 17:56:29,192 [EventQueue-PipelineReportForPipelineReportHandler] INFO  pipeline.PipelineReportHandler (PipelineReportHandler.java:processPipelineReport(136)) - Opened pipeline PipelineID=5c16de99-9ba6-4efa-828d-6a512494a955
2023-09-25 17:56:29,192 [EventQueue-OpenPipelineForHealthyPipelineSafeModeRule] INFO  safemode.SCMSafeModeManager (HealthyPipelineSafeModeRule.java:process(137)) - SCM in safe mode. Healthy pipelines reported count is 0, required healthy pipeline reported count is 1
2023-09-25 17:56:29,192 [07de5ce2-8a0b-4f06-859c-06527793f6e4-groupManagement] INFO  server.RaftServerConfigKeys (ConfUtils.java:logGet(46)) - raft.server.log.queue.element-limit = 1024 (custom)
2023-09-25 17:56:29,193 [07de5ce2-8a0b-4f06-859c-06527793f6e4-groupManagement] INFO  server.RaftServerConfigKeys (ConfUtils.java:logGet(46)) - raft.server.log.segment.size.max = 1048576 (custom)
2023-09-25 17:56:29,193 [07de5ce2-8a0b-4f06-859c-06527793f6e4-groupManagement] INFO  server.RaftServerConfigKeys (ConfUtils.java:logGet(46)) - raft.server.log.preallocated.size = 16384 (custom)
2023-09-25 17:56:29,193 [07de5ce2-8a0b-4f06-859c-06527793f6e4-groupManagement] INFO  server.RaftServerConfigKeys (ConfUtils.java:logGet(46)) - raft.server.log.force.sync.num = 128 (default)
2023-09-25 17:56:29,193 [07de5ce2-8a0b-4f06-859c-06527793f6e4-groupManagement] INFO  server.RaftServerConfigKeys (ConfUtils.java:logGet(46)) - raft.server.log.statemachine.data.sync = true (default)
2023-09-25 17:56:29,193 [07de5ce2-8a0b-4f06-859c-06527793f6e4-groupManagement] INFO  server.RaftServerConfigKeys (ConfUtils.java:logGet(46)) - raft.server.log.statemachine.data.sync.timeout = 10s (default)
2023-09-25 17:56:29,193 [07de5ce2-8a0b-4f06-859c-06527793f6e4-groupManagement] INFO  server.RaftServerConfigKeys (ConfUtils.java:logGet(46)) - raft.server.log.statemachine.data.sync.timeout.retry = -1 (default)
2023-09-25 17:56:29,197 [07de5ce2-8a0b-4f06-859c-06527793f6e4-groupManagement] INFO  server.RaftServerConfigKeys (ConfUtils.java:logGet(46)) - raft.server.log.write.buffer.size = 1048576 (custom)
2023-09-25 17:56:29,198 [07de5ce2-8a0b-4f06-859c-06527793f6e4-groupManagement] INFO  server.RaftServerConfigKeys (ConfUtils.java:logGet(46)) - raft.server.log.appender.buffer.byte-limit = 33554432 (custom)
2023-09-25 17:56:29,211 [07de5ce2-8a0b-4f06-859c-06527793f6e4-groupManagement] INFO  server.RaftServerConfigKeys (ConfUtils.java:logGet(46)) - raft.server.log.unsafe-flush.enabled = false (default)
2023-09-25 17:56:29,212 [07de5ce2-8a0b-4f06-859c-06527793f6e4-groupManagement] INFO  server.RaftServerConfigKeys (ConfUtils.java:logGet(46)) - raft.server.log.async-flush.enabled = false (default)
2023-09-25 17:56:29,212 [07de5ce2-8a0b-4f06-859c-06527793f6e4-groupManagement] INFO  server.RaftServerConfigKeys (ConfUtils.java:logGet(46)) - raft.server.log.statemachine.data.caching.enabled = true (custom)
2023-09-25 17:56:29,213 [07de5ce2-8a0b-4f06-859c-06527793f6e4-groupManagement] INFO  segmented.SegmentedRaftLogWorker (SegmentedRaftLogWorker.java:lambda$new$0(135)) - 07de5ce2-8a0b-4f06-859c-06527793f6e4@group-6A512494A955-SegmentedRaftLogWorker: flushIndex: setUnconditionally 0 -> -1
2023-09-25 17:56:29,213 [07de5ce2-8a0b-4f06-859c-06527793f6e4-groupManagement] INFO  segmented.SegmentedRaftLogWorker (SegmentedRaftLogWorker.java:lambda$new$0(135)) - 07de5ce2-8a0b-4f06-859c-06527793f6e4@group-6A512494A955-SegmentedRaftLogWorker: safeCacheEvictIndex: setUnconditionally 0 -> -1
2023-09-25 17:56:29,214 [07de5ce2-8a0b-4f06-859c-06527793f6e4-groupManagement] INFO  server.RaftServer$Division (RaftServerImpl.java:start(342)) - 07de5ce2-8a0b-4f06-859c-06527793f6e4@group-6A512494A955: start as a follower, conf=-1: peers:[07de5ce2-8a0b-4f06-859c-06527793f6e4|rpc:10.1.0.144:15023|admin:10.1.0.144:15022|client:10.1.0.144:15021|dataStream:10.1.0.144:15024|priority:1|startupRole:FOLLOWER]|listeners:[], old=null
2023-09-25 17:56:29,214 [07de5ce2-8a0b-4f06-859c-06527793f6e4-groupManagement] INFO  server.RaftServer$Division (RaftServerImpl.java:setRole(329)) - 07de5ce2-8a0b-4f06-859c-06527793f6e4@group-6A512494A955: changes role from      null to FOLLOWER at term 0 for startAsFollower
2023-09-25 17:56:29,214 [07de5ce2-8a0b-4f06-859c-06527793f6e4-groupManagement] INFO  impl.RoleInfo (RoleInfo.java:updateAndGet(139)) - 07de5ce2-8a0b-4f06-859c-06527793f6e4: start 07de5ce2-8a0b-4f06-859c-06527793f6e4@group-6A512494A955-FollowerState
2023-09-25 17:56:29,215 [07de5ce2-8a0b-4f06-859c-06527793f6e4-groupManagement] INFO  util.JmxRegister (JmxRegister.java:tryRegister(44)) - Successfully registered JMX Bean with object name Ratis:service=RaftServer,group=group-6A512494A955,id=07de5ce2-8a0b-4f06-859c-06527793f6e4
2023-09-25 17:56:29,216 [07de5ce2-8a0b-4f06-859c-06527793f6e4-groupManagement] INFO  server.RaftServerConfigKeys (ConfUtils.java:logGet(46)) - raft.server.snapshot.auto.trigger.enabled = true (custom)
2023-09-25 17:56:29,216 [07de5ce2-8a0b-4f06-859c-06527793f6e4-groupManagement] INFO  server.RaftServerConfigKeys (ConfUtils.java:logGet(46)) - raft.server.snapshot.auto.trigger.threshold = 10000 (custom)
2023-09-25 17:56:29,216 [07de5ce2-8a0b-4f06-859c-06527793f6e4-groupManagement] INFO  server.RaftServerConfigKeys (ConfUtils.java:logGet(46)) - raft.server.snapshot.retention.file.num = 5 (custom)
2023-09-25 17:56:29,216 [07de5ce2-8a0b-4f06-859c-06527793f6e4-groupManagement] INFO  server.RaftServerConfigKeys (ConfUtils.java:logGet(46)) - raft.server.log.purge.upto.snapshot.index = false (default)
2023-09-25 17:56:29,228 [PipelineCommandHandlerThread-0] INFO  ratis.XceiverServerRatis (XceiverServerRatis.java:addGroup(804)) - Created group PipelineID=5c16de99-9ba6-4efa-828d-6a512494a955
2023-09-25 17:56:29,228 [PipelineCommandHandlerThread-0] INFO  commandhandler.CreatePipelineCommandHandler (CreatePipelineCommandHandler.java:lambda$handle$2(124)) - Created Pipeline RATIS ONE PipelineID=5c16de99-9ba6-4efa-828d-6a512494a955.
2023-09-25 17:56:29,229 [07de5ce2-8a0b-4f06-859c-06527793f6e4@group-6A512494A955-FollowerState] INFO  server.RaftServerConfigKeys (ConfUtils.java:logFallback(53)) - raft.server.rpc.first-election.timeout.min = 5s (fallback to raft.server.rpc.timeout.min)
2023-09-25 17:56:29,230 [07de5ce2-8a0b-4f06-859c-06527793f6e4@group-6A512494A955-FollowerState] INFO  server.RaftServerConfigKeys (ConfUtils.java:logFallback(53)) - raft.server.rpc.first-election.timeout.max = 5200ms (fallback to raft.server.rpc.timeout.max)
2023-09-25 17:56:29,230 [PipelineCommandHandlerThread-0] INFO  server.RaftServer (RaftServerProxy.java:addNew(98)) - 07de5ce2-8a0b-4f06-859c-06527793f6e4: addNew group-EF424F680CA8:[07de5ce2-8a0b-4f06-859c-06527793f6e4|rpc:10.1.0.144:15023|admin:10.1.0.144:15022|client:10.1.0.144:15021|dataStream:10.1.0.144:15024|priority:0|startupRole:FOLLOWER, 7c2da756-7def-47bc-b4fd-fb4319f4a659|rpc:10.1.0.144:15014|admin:10.1.0.144:15013|client:10.1.0.144:15012|dataStream:10.1.0.144:15015|priority:0|startupRole:FOLLOWER, 1be5c5f2-a8c9-4995-9125-aff50ea2da2d|rpc:10.1.0.144:15032|admin:10.1.0.144:15031|client:10.1.0.144:15030|dataStream:10.1.0.144:15033|priority:1|startupRole:FOLLOWER] returns group-EF424F680CA8:java.util.concurrent.CompletableFuture@2242c564[Not completed]
2023-09-25 17:56:29,231 [07de5ce2-8a0b-4f06-859c-06527793f6e4-groupManagement] INFO  server.RaftServer$Division (RaftServerImpl.java:<init>(198)) - 07de5ce2-8a0b-4f06-859c-06527793f6e4: new RaftServerImpl for group-EF424F680CA8:[07de5ce2-8a0b-4f06-859c-06527793f6e4|rpc:10.1.0.144:15023|admin:10.1.0.144:15022|client:10.1.0.144:15021|dataStream:10.1.0.144:15024|priority:0|startupRole:FOLLOWER, 7c2da756-7def-47bc-b4fd-fb4319f4a659|rpc:10.1.0.144:15014|admin:10.1.0.144:15013|client:10.1.0.144:15012|dataStream:10.1.0.144:15015|priority:0|startupRole:FOLLOWER, 1be5c5f2-a8c9-4995-9125-aff50ea2da2d|rpc:10.1.0.144:15032|admin:10.1.0.144:15031|client:10.1.0.144:15030|dataStream:10.1.0.144:15033|priority:1|startupRole:FOLLOWER] with ContainerStateMachine:uninitialized
2023-09-25 17:56:29,231 [07de5ce2-8a0b-4f06-859c-06527793f6e4-groupManagement] INFO  server.RaftServerConfigKeys (ConfUtils.java:logGet(46)) - raft.server.rpc.timeout.min = 5s (custom)
2023-09-25 17:56:29,231 [07de5ce2-8a0b-4f06-859c-06527793f6e4-groupManagement] INFO  server.RaftServerConfigKeys (ConfUtils.java:logGet(46)) - raft.server.rpc.timeout.max = 5200ms (custom)
2023-09-25 17:56:29,232 [07de5ce2-8a0b-4f06-859c-06527793f6e4-groupManagement] INFO  server.RaftServerConfigKeys (ConfUtils.java:logGet(46)) - raft.server.rpc.sleep.time = 25ms (default)
2023-09-25 17:56:29,232 [07de5ce2-8a0b-4f06-859c-06527793f6e4-groupManagement] INFO  server.RaftServerConfigKeys (ConfUtils.java:logGet(46)) - raft.server.rpc.slowness.timeout = 300s (custom)
2023-09-25 17:56:29,232 [07de5ce2-8a0b-4f06-859c-06527793f6e4-groupManagement] INFO  server.RaftServerConfigKeys (ConfUtils.java:logGet(46)) - raft.server.leaderelection.leader.step-down.wait-time = 10s (default)
2023-09-25 17:56:29,232 [07de5ce2-8a0b-4f06-859c-06527793f6e4-groupManagement] INFO  server.RaftServerConfigKeys (ConfUtils.java:logGet(46)) - raft.server.sleep.deviation.threshold = 300ms (default)
2023-09-25 17:56:29,232 [07de5ce2-8a0b-4f06-859c-06527793f6e4-groupManagement] INFO  server.RaftServer$Division (ServerState.java:<init>(120)) - 07de5ce2-8a0b-4f06-859c-06527793f6e4@group-EF424F680CA8: ConfigurationManager, init=-1: peers:[07de5ce2-8a0b-4f06-859c-06527793f6e4|rpc:10.1.0.144:15023|admin:10.1.0.144:15022|client:10.1.0.144:15021|dataStream:10.1.0.144:15024|priority:0|startupRole:FOLLOWER, 7c2da756-7def-47bc-b4fd-fb4319f4a659|rpc:10.1.0.144:15014|admin:10.1.0.144:15013|client:10.1.0.144:15012|dataStream:10.1.0.144:15015|priority:0|startupRole:FOLLOWER, 1be5c5f2-a8c9-4995-9125-aff50ea2da2d|rpc:10.1.0.144:15032|admin:10.1.0.144:15031|client:10.1.0.144:15030|dataStream:10.1.0.144:15033|priority:1|startupRole:FOLLOWER]|listeners:[], old=null, confs=<EMPTY_MAP>
2023-09-25 17:56:29,232 [07de5ce2-8a0b-4f06-859c-06527793f6e4-groupManagement] INFO  server.RaftServerConfigKeys (ConfUtils.java:logGet(46)) - raft.server.storage.dir = [/home/runner/work/ozone/ozone/hadoop-ozone/integration-test/target/test-dir/MiniOzoneClusterImpl-932dec38-ee06-46f6-8792-0cf7b891b204/datanode-1/data/ratis] (custom)
2023-09-25 17:56:29,232 [07de5ce2-8a0b-4f06-859c-06527793f6e4-groupManagement] INFO  server.RaftServerConfigKeys (ConfUtils.java:logGet(46)) - raft.server.log.corruption.policy = EXCEPTION (default)
2023-09-25 17:56:29,232 [07de5ce2-8a0b-4f06-859c-06527793f6e4-groupManagement] INFO  server.RaftServerConfigKeys (ConfUtils.java:logGet(46)) - raft.server.storage.free-space.min = 0MB (=0) (default)
2023-09-25 17:56:29,232 [07de5ce2-8a0b-4f06-859c-06527793f6e4-groupManagement] INFO  server.RaftServerConfigKeys (ConfUtils.java:logGet(46)) - raft.server.notification.no-leader.timeout = 300s (custom)
2023-09-25 17:56:29,236 [07de5ce2-8a0b-4f06-859c-06527793f6e4-groupManagement] INFO  server.RaftServerConfigKeys (ConfUtils.java:logGet(46)) - raft.server.read.timeout = 10s (default)
2023-09-25 17:56:29,236 [07de5ce2-8a0b-4f06-859c-06527793f6e4-groupManagement] INFO  server.RaftServerConfigKeys (ConfUtils.java:logGet(46)) - raft.server.retrycache.expirytime = 600000ms (custom)
2023-09-25 17:56:29,236 [07de5ce2-8a0b-4f06-859c-06527793f6e4-groupManagement] INFO  server.RaftServerConfigKeys (ConfUtils.java:logGet(46)) - raft.server.retrycache.statistics.expirytime = 100μs (default)
2023-09-25 17:56:29,236 [07de5ce2-8a0b-4f06-859c-06527793f6e4-groupManagement] INFO  server.RaftServerConfigKeys (ConfUtils.java:logGet(46)) - raft.server.read.option = DEFAULT (default)
2023-09-25 17:56:29,238 [07de5ce2-8a0b-4f06-859c-06527793f6e4-groupManagement] INFO  server.RaftServerConfigKeys (ConfUtils.java:logGet(46)) - raft.server.rpc.request.timeout = 60s (custom)
2023-09-25 17:56:29,238 [07de5ce2-8a0b-4f06-859c-06527793f6e4-groupManagement] INFO  server.RaftServerConfigKeys (ConfUtils.java:logGet(46)) - raft.server.log.appender.install.snapshot.enabled = false (custom)
2023-09-25 17:56:29,238 [07de5ce2-8a0b-4f06-859c-06527793f6e4-groupManagement] INFO  server.RaftServerConfigKeys (ConfUtils.java:logGet(46)) - raft.server.threadpool.server.cached = true (default)
2023-09-25 17:56:29,238 [07de5ce2-8a0b-4f06-859c-06527793f6e4-groupManagement] INFO  server.RaftServerConfigKeys (ConfUtils.java:logGet(46)) - raft.server.threadpool.server.size = 0 (default)
2023-09-25 17:56:29,238 [07de5ce2-8a0b-4f06-859c-06527793f6e4-groupManagement] INFO  server.RaftServerConfigKeys (ConfUtils.java:logGet(46)) - raft.server.threadpool.client.cached = true (default)
2023-09-25 17:56:29,238 [07de5ce2-8a0b-4f06-859c-06527793f6e4-groupManagement] INFO  server.RaftServerConfigKeys (ConfUtils.java:logGet(46)) - raft.server.threadpool.client.size = 0 (default)
2023-09-25 17:56:29,239 [07de5ce2-8a0b-4f06-859c-06527793f6e4-groupManagement] INFO  storage.RaftStorageDirectory (RaftStorageDirectoryImpl.java:analyzeStorage(137)) - The storage directory /home/runner/work/ozone/ozone/hadoop-ozone/integration-test/target/test-dir/MiniOzoneClusterImpl-932dec38-ee06-46f6-8792-0cf7b891b204/datanode-1/data/ratis/79b2f7d3-4602-417a-837e-ef424f680ca8 does not exist. Creating ...
2023-09-25 17:56:29,241 [07de5ce2-8a0b-4f06-859c-06527793f6e4-groupManagement] INFO  storage.RaftStorageDirectory (RaftStorageDirectoryImpl.java:tryLock(231)) - Lock on /home/runner/work/ozone/ozone/hadoop-ozone/integration-test/target/test-dir/MiniOzoneClusterImpl-932dec38-ee06-46f6-8792-0cf7b891b204/datanode-1/data/ratis/79b2f7d3-4602-417a-837e-ef424f680ca8/in_use.lock acquired by nodename 19424@fv-az249-861
2023-09-25 17:56:29,246 [07de5ce2-8a0b-4f06-859c-06527793f6e4-groupManagement] INFO  storage.RaftStorage (RaftStorageImpl.java:format(96)) - Storage directory /home/runner/work/ozone/ozone/hadoop-ozone/integration-test/target/test-dir/MiniOzoneClusterImpl-932dec38-ee06-46f6-8792-0cf7b891b204/datanode-1/data/ratis/79b2f7d3-4602-417a-837e-ef424f680ca8 has been successfully formatted.
2023-09-25 17:56:29,247 [07de5ce2-8a0b-4f06-859c-06527793f6e4-groupManagement] INFO  ratis.ContainerStateMachine (ContainerStateMachine.java:loadSnapshot(262)) - group-EF424F680CA8: The snapshot info is null. Setting the last applied indexto:(t:0, i:~)
2023-09-25 17:56:29,247 [07de5ce2-8a0b-4f06-859c-06527793f6e4-groupManagement] INFO  server.RaftServerConfigKeys (ConfUtils.java:logGet(46)) - raft.server.log.use.memory = false (default)
2023-09-25 17:56:29,247 [07de5ce2-8a0b-4f06-859c-06527793f6e4-groupManagement] INFO  server.RaftServerConfigKeys (ConfUtils.java:logGet(46)) - raft.server.log.purge.gap = 1000000 (custom)
2023-09-25 17:56:29,247 [07de5ce2-8a0b-4f06-859c-06527793f6e4-groupManagement] INFO  server.RaftServerConfigKeys (ConfUtils.java:logGet(46)) - raft.server.log.appender.buffer.byte-limit = 33554432 (custom)
2023-09-25 17:56:29,248 [07de5ce2-8a0b-4f06-859c-06527793f6e4-groupManagement] INFO  server.RaftServerConfigKeys (ConfUtils.java:logGet(46)) - raft.server.log.statemachine.data.read.timeout = 1000ms (default)
2023-09-25 17:56:29,248 [07de5ce2-8a0b-4f06-859c-06527793f6e4-groupManagement] INFO  server.RaftServerConfigKeys (ConfUtils.java:logGet(46)) - raft.server.log.purge.preservation.log.num = 0 (default)
2023-09-25 17:56:29,249 [07de5ce2-8a0b-4f06-859c-06527793f6e4-groupManagement] INFO  server.RaftServerConfigKeys (ConfUtils.java:logGet(46)) - raft.server.log.segment.size.max = 1048576 (custom)
2023-09-25 17:56:29,250 [07de5ce2-8a0b-4f06-859c-06527793f6e4-groupManagement] INFO  server.RaftServerConfigKeys (ConfUtils.java:logGet(46)) - raft.server.log.segment.cache.num.max = 2 (custom)
2023-09-25 17:56:29,250 [07de5ce2-8a0b-4f06-859c-06527793f6e4-groupManagement] INFO  server.RaftServerConfigKeys (ConfUtils.java:logGet(46)) - raft.server.log.segment.cache.size.max = 200MB (=209715200) (default)
2023-09-25 17:56:29,250 [EventQueue-OpenPipelineForHealthyPipelineSafeModeRule] INFO  safemode.SCMSafeModeManager (HealthyPipelineSafeModeRule.java:process(137)) - SCM in safe mode. Healthy pipelines reported count is 0, required healthy pipeline reported count is 1
2023-09-25 17:56:29,250 [07de5ce2-8a0b-4f06-859c-06527793f6e4-groupManagement] INFO  server.RaftServerConfigKeys (ConfUtils.java:logGet(46)) - raft.server.log.appender.buffer.byte-limit = 33554432 (custom)
2023-09-25 17:56:29,254 [07de5ce2-8a0b-4f06-859c-06527793f6e4-groupManagement] INFO  segmented.SegmentedRaftLogWorker (SegmentedRaftLogWorker.java:<init>(188)) - new 07de5ce2-8a0b-4f06-859c-06527793f6e4@group-EF424F680CA8-SegmentedRaftLogWorker for RaftStorageImpl:Storage Directory /home/runner/work/ozone/ozone/hadoop-ozone/integration-test/target/test-dir/MiniOzoneClusterImpl-932dec38-ee06-46f6-8792-0cf7b891b204/datanode-1/data/ratis/79b2f7d3-4602-417a-837e-ef424f680ca8
2023-09-25 17:56:29,254 [07de5ce2-8a0b-4f06-859c-06527793f6e4-groupManagement] INFO  server.RaftServerConfigKeys (ConfUtils.java:logGet(46)) - raft.server.log.queue.byte-limit = 4294967296 (custom)
2023-09-25 17:56:29,254 [07de5ce2-8a0b-4f06-859c-06527793f6e4-groupManagement] INFO  server.RaftServerConfigKeys (ConfUtils.java:logGet(46)) - raft.server.log.queue.element-limit = 1024 (custom)
2023-09-25 17:56:29,254 [07de5ce2-8a0b-4f06-859c-06527793f6e4-groupManagement] INFO  server.RaftServerConfigKeys (ConfUtils.java:logGet(46)) - raft.server.log.segment.size.max = 1048576 (custom)
2023-09-25 17:56:29,255 [07de5ce2-8a0b-4f06-859c-06527793f6e4-groupManagement] INFO  server.RaftServerConfigKeys (ConfUtils.java:logGet(46)) - raft.server.log.preallocated.size = 16384 (custom)
2023-09-25 17:56:29,256 [07de5ce2-8a0b-4f06-859c-06527793f6e4-groupManagement] INFO  server.RaftServerConfigKeys (ConfUtils.java:logGet(46)) - raft.server.log.force.sync.num = 128 (default)
2023-09-25 17:56:29,256 [07de5ce2-8a0b-4f06-859c-06527793f6e4-groupManagement] INFO  server.RaftServerConfigKeys (ConfUtils.java:logGet(46)) - raft.server.log.statemachine.data.sync = true (default)
2023-09-25 17:56:29,256 [07de5ce2-8a0b-4f06-859c-06527793f6e4-groupManagement] INFO  server.RaftServerConfigKeys (ConfUtils.java:logGet(46)) - raft.server.log.statemachine.data.sync.timeout = 10s (default)
2023-09-25 17:56:29,256 [07de5ce2-8a0b-4f06-859c-06527793f6e4-groupManagement] INFO  server.RaftServerConfigKeys (ConfUtils.java:logGet(46)) - raft.server.log.statemachine.data.sync.timeout.retry = -1 (default)
2023-09-25 17:56:29,259 [07de5ce2-8a0b-4f06-859c-06527793f6e4-groupManagement] INFO  server.RaftServerConfigKeys (ConfUtils.java:logGet(46)) - raft.server.log.write.buffer.size = 1048576 (custom)
2023-09-25 17:56:29,261 [07de5ce2-8a0b-4f06-859c-06527793f6e4-groupManagement] INFO  server.RaftServerConfigKeys (ConfUtils.java:logGet(46)) - raft.server.log.appender.buffer.byte-limit = 33554432 (custom)
2023-09-25 17:56:29,269 [07de5ce2-8a0b-4f06-859c-06527793f6e4-groupManagement] INFO  server.RaftServerConfigKeys (ConfUtils.java:logGet(46)) - raft.server.log.unsafe-flush.enabled = false (default)
2023-09-25 17:56:29,269 [07de5ce2-8a0b-4f06-859c-06527793f6e4-groupManagement] INFO  server.RaftServerConfigKeys (ConfUtils.java:logGet(46)) - raft.server.log.async-flush.enabled = false (default)
2023-09-25 17:56:29,271 [07de5ce2-8a0b-4f06-859c-06527793f6e4-groupManagement] INFO  server.RaftServerConfigKeys (ConfUtils.java:logGet(46)) - raft.server.log.statemachine.data.caching.enabled = true (custom)
2023-09-25 17:56:29,273 [07de5ce2-8a0b-4f06-859c-06527793f6e4-groupManagement] INFO  segmented.SegmentedRaftLogWorker (SegmentedRaftLogWorker.java:lambda$new$0(135)) - 07de5ce2-8a0b-4f06-859c-06527793f6e4@group-EF424F680CA8-SegmentedRaftLogWorker: flushIndex: setUnconditionally 0 -> -1
2023-09-25 17:56:29,273 [07de5ce2-8a0b-4f06-859c-06527793f6e4-groupManagement] INFO  segmented.SegmentedRaftLogWorker (SegmentedRaftLogWorker.java:lambda$new$0(135)) - 07de5ce2-8a0b-4f06-859c-06527793f6e4@group-EF424F680CA8-SegmentedRaftLogWorker: safeCacheEvictIndex: setUnconditionally 0 -> -1
2023-09-25 17:56:29,275 [07de5ce2-8a0b-4f06-859c-06527793f6e4-groupManagement] INFO  server.RaftServer$Division (RaftServerImpl.java:start(342)) - 07de5ce2-8a0b-4f06-859c-06527793f6e4@group-EF424F680CA8: start as a follower, conf=-1: peers:[07de5ce2-8a0b-4f06-859c-06527793f6e4|rpc:10.1.0.144:15023|admin:10.1.0.144:15022|client:10.1.0.144:15021|dataStream:10.1.0.144:15024|priority:0|startupRole:FOLLOWER, 7c2da756-7def-47bc-b4fd-fb4319f4a659|rpc:10.1.0.144:15014|admin:10.1.0.144:15013|client:10.1.0.144:15012|dataStream:10.1.0.144:15015|priority:0|startupRole:FOLLOWER, 1be5c5f2-a8c9-4995-9125-aff50ea2da2d|rpc:10.1.0.144:15032|admin:10.1.0.144:15031|client:10.1.0.144:15030|dataStream:10.1.0.144:15033|priority:1|startupRole:FOLLOWER]|listeners:[], old=null
2023-09-25 17:56:29,275 [07de5ce2-8a0b-4f06-859c-06527793f6e4-groupManagement] INFO  server.RaftServer$Division (RaftServerImpl.java:setRole(329)) - 07de5ce2-8a0b-4f06-859c-06527793f6e4@group-EF424F680CA8: changes role from      null to FOLLOWER at term 0 for startAsFollower
2023-09-25 17:56:29,275 [07de5ce2-8a0b-4f06-859c-06527793f6e4-groupManagement] INFO  impl.RoleInfo (RoleInfo.java:updateAndGet(139)) - 07de5ce2-8a0b-4f06-859c-06527793f6e4: start 07de5ce2-8a0b-4f06-859c-06527793f6e4@group-EF424F680CA8-FollowerState
2023-09-25 17:56:29,279 [07de5ce2-8a0b-4f06-859c-06527793f6e4-groupManagement] INFO  util.JmxRegister (JmxRegister.java:tryRegister(44)) - Successfully registered JMX Bean with object name Ratis:service=RaftServer,group=group-EF424F680CA8,id=07de5ce2-8a0b-4f06-859c-06527793f6e4
2023-09-25 17:56:29,279 [07de5ce2-8a0b-4f06-859c-06527793f6e4-groupManagement] INFO  server.RaftServerConfigKeys (ConfUtils.java:logGet(46)) - raft.server.snapshot.auto.trigger.enabled = true (custom)
2023-09-25 17:56:29,279 [07de5ce2-8a0b-4f06-859c-06527793f6e4-groupManagement] INFO  server.RaftServerConfigKeys (ConfUtils.java:logGet(46)) - raft.server.snapshot.auto.trigger.threshold = 10000 (custom)
2023-09-25 17:56:29,279 [07de5ce2-8a0b-4f06-859c-06527793f6e4-groupManagement] INFO  server.RaftServerConfigKeys (ConfUtils.java:logGet(46)) - raft.server.snapshot.retention.file.num = 5 (custom)
2023-09-25 17:56:29,279 [07de5ce2-8a0b-4f06-859c-06527793f6e4-groupManagement] INFO  server.RaftServerConfigKeys (ConfUtils.java:logGet(46)) - raft.server.log.purge.upto.snapshot.index = false (default)
2023-09-25 17:56:29,280 [07de5ce2-8a0b-4f06-859c-06527793f6e4@group-EF424F680CA8-FollowerState] INFO  server.RaftServerConfigKeys (ConfUtils.java:logFallback(53)) - raft.server.rpc.first-election.timeout.min = 5s (fallback to raft.server.rpc.timeout.min)
2023-09-25 17:56:29,293 [07de5ce2-8a0b-4f06-859c-06527793f6e4@group-EF424F680CA8-FollowerState] INFO  server.RaftServerConfigKeys (ConfUtils.java:logFallback(53)) - raft.server.rpc.first-election.timeout.max = 5200ms (fallback to raft.server.rpc.timeout.max)
2023-09-25 17:56:29,294 [PipelineCommandHandlerThread-0] INFO  ratis.XceiverServerRatis (XceiverServerRatis.java:addGroup(804)) - Created group PipelineID=79b2f7d3-4602-417a-837e-ef424f680ca8
2023-09-25 17:56:29,305 [grpc-default-executor-0] INFO  server.RaftServer (RaftServerProxy.java:addNew(98)) - 1be5c5f2-a8c9-4995-9125-aff50ea2da2d: addNew group-EF424F680CA8:[07de5ce2-8a0b-4f06-859c-06527793f6e4|rpc:10.1.0.144:15023|admin:10.1.0.144:15022|client:10.1.0.144:15021|dataStream:10.1.0.144:15024|priority:0|startupRole:FOLLOWER, 7c2da756-7def-47bc-b4fd-fb4319f4a659|rpc:10.1.0.144:15014|admin:10.1.0.144:15013|client:10.1.0.144:15012|dataStream:10.1.0.144:15015|priority:0|startupRole:FOLLOWER, 1be5c5f2-a8c9-4995-9125-aff50ea2da2d|rpc:10.1.0.144:15032|admin:10.1.0.144:15031|client:10.1.0.144:15030|dataStream:10.1.0.144:15033|priority:1|startupRole:FOLLOWER] returns group-EF424F680CA8:java.util.concurrent.CompletableFuture@181cc08a[Not completed]
2023-09-25 17:56:29,320 [main] INFO  ozone.MiniOzoneClusterImpl (MiniOzoneClusterImpl.java:lambda$waitForClusterToBeReady$0(229)) - Nodes are ready. Got 5 of 5 DN Heartbeats.
2023-09-25 17:56:29,320 [main] INFO  ozone.MiniOzoneClusterImpl (MiniOzoneClusterImpl.java:lambda$waitForClusterToBeReady$0(232)) - Waiting for cluster to exit safe mode
2023-09-25 17:56:29,320 [main] INFO  ozone.MiniOzoneClusterImpl (MiniOzoneClusterImpl.java:lambda$waitForClusterToBeReady$0(234)) - SCM became leader
2023-09-25 17:56:29,323 [1be5c5f2-a8c9-4995-9125-aff50ea2da2d-groupManagement] INFO  server.RaftServer$Division (RaftServerImpl.java:<init>(198)) - 1be5c5f2-a8c9-4995-9125-aff50ea2da2d: new RaftServerImpl for group-EF424F680CA8:[07de5ce2-8a0b-4f06-859c-06527793f6e4|rpc:10.1.0.144:15023|admin:10.1.0.144:15022|client:10.1.0.144:15021|dataStream:10.1.0.144:15024|priority:0|startupRole:FOLLOWER, 7c2da756-7def-47bc-b4fd-fb4319f4a659|rpc:10.1.0.144:15014|admin:10.1.0.144:15013|client:10.1.0.144:15012|dataStream:10.1.0.144:15015|priority:0|startupRole:FOLLOWER, 1be5c5f2-a8c9-4995-9125-aff50ea2da2d|rpc:10.1.0.144:15032|admin:10.1.0.144:15031|client:10.1.0.144:15030|dataStream:10.1.0.144:15033|priority:1|startupRole:FOLLOWER] with ContainerStateMachine:uninitialized
2023-09-25 17:56:29,323 [1be5c5f2-a8c9-4995-9125-aff50ea2da2d-groupManagement] INFO  server.RaftServerConfigKeys (ConfUtils.java:logGet(46)) - raft.server.rpc.timeout.min = 5s (custom)
2023-09-25 17:56:29,323 [1be5c5f2-a8c9-4995-9125-aff50ea2da2d-groupManagement] INFO  server.RaftServerConfigKeys (ConfUtils.java:logGet(46)) - raft.server.rpc.timeout.max = 5200ms (custom)
2023-09-25 17:56:29,324 [1be5c5f2-a8c9-4995-9125-aff50ea2da2d-groupManagement] INFO  server.RaftServerConfigKeys (ConfUtils.java:logGet(46)) - raft.server.rpc.sleep.time = 25ms (default)
2023-09-25 17:56:29,324 [1be5c5f2-a8c9-4995-9125-aff50ea2da2d-groupManagement] INFO  server.RaftServerConfigKeys (ConfUtils.java:logGet(46)) - raft.server.rpc.slowness.timeout = 300s (custom)
2023-09-25 17:56:29,324 [1be5c5f2-a8c9-4995-9125-aff50ea2da2d-groupManagement] INFO  server.RaftServerConfigKeys (ConfUtils.java:logGet(46)) - raft.server.leaderelection.leader.step-down.wait-time = 10s (default)
2023-09-25 17:56:29,324 [1be5c5f2-a8c9-4995-9125-aff50ea2da2d-groupManagement] INFO  server.RaftServerConfigKeys (ConfUtils.java:logGet(46)) - raft.server.sleep.deviation.threshold = 300ms (default)
2023-09-25 17:56:29,324 [1be5c5f2-a8c9-4995-9125-aff50ea2da2d-groupManagement] INFO  server.RaftServer$Division (ServerState.java:<init>(120)) - 1be5c5f2-a8c9-4995-9125-aff50ea2da2d@group-EF424F680CA8: ConfigurationManager, init=-1: peers:[07de5ce2-8a0b-4f06-859c-06527793f6e4|rpc:10.1.0.144:15023|admin:10.1.0.144:15022|client:10.1.0.144:15021|dataStream:10.1.0.144:15024|priority:0|startupRole:FOLLOWER, 7c2da756-7def-47bc-b4fd-fb4319f4a659|rpc:10.1.0.144:15014|admin:10.1.0.144:15013|client:10.1.0.144:15012|dataStream:10.1.0.144:15015|priority:0|startupRole:FOLLOWER, 1be5c5f2-a8c9-4995-9125-aff50ea2da2d|rpc:10.1.0.144:15032|admin:10.1.0.144:15031|client:10.1.0.144:15030|dataStream:10.1.0.144:15033|priority:1|startupRole:FOLLOWER]|listeners:[], old=null, confs=<EMPTY_MAP>
2023-09-25 17:56:29,324 [1be5c5f2-a8c9-4995-9125-aff50ea2da2d-groupManagement] INFO  server.RaftServerConfigKeys (ConfUtils.java:logGet(46)) - raft.server.storage.dir = [/home/runner/work/ozone/ozone/hadoop-ozone/integration-test/target/test-dir/MiniOzoneClusterImpl-932dec38-ee06-46f6-8792-0cf7b891b204/datanode-2/data/ratis] (custom)
2023-09-25 17:56:29,326 [1be5c5f2-a8c9-4995-9125-aff50ea2da2d-groupManagement] INFO  server.RaftServerConfigKeys (ConfUtils.java:logGet(46)) - raft.server.log.corruption.policy = EXCEPTION (default)
2023-09-25 17:56:29,326 [1be5c5f2-a8c9-4995-9125-aff50ea2da2d-groupManagement] INFO  server.RaftServerConfigKeys (ConfUtils.java:logGet(46)) - raft.server.storage.free-space.min = 0MB (=0) (default)
2023-09-25 17:56:29,327 [1be5c5f2-a8c9-4995-9125-aff50ea2da2d-groupManagement] INFO  server.RaftServerConfigKeys (ConfUtils.java:logGet(46)) - raft.server.notification.no-leader.timeout = 300s (custom)
2023-09-25 17:56:29,327 [1be5c5f2-a8c9-4995-9125-aff50ea2da2d-groupManagement] INFO  server.RaftServerConfigKeys (ConfUtils.java:logGet(46)) - raft.server.read.timeout = 10s (default)
2023-09-25 17:56:29,327 [1be5c5f2-a8c9-4995-9125-aff50ea2da2d-groupManagement] INFO  server.RaftServerConfigKeys (ConfUtils.java:logGet(46)) - raft.server.retrycache.expirytime = 600000ms (custom)
2023-09-25 17:56:29,327 [1be5c5f2-a8c9-4995-9125-aff50ea2da2d-groupManagement] INFO  server.RaftServerConfigKeys (ConfUtils.java:logGet(46)) - raft.server.retrycache.statistics.expirytime = 100μs (default)
2023-09-25 17:56:29,327 [1be5c5f2-a8c9-4995-9125-aff50ea2da2d-groupManagement] INFO  server.RaftServerConfigKeys (ConfUtils.java:logGet(46)) - raft.server.read.option = DEFAULT (default)
2023-09-25 17:56:29,347 [1be5c5f2-a8c9-4995-9125-aff50ea2da2d-groupManagement] INFO  server.RaftServerConfigKeys (ConfUtils.java:logGet(46)) - raft.server.rpc.request.timeout = 60s (custom)
2023-09-25 17:56:29,347 [1be5c5f2-a8c9-4995-9125-aff50ea2da2d-groupManagement] INFO  server.RaftServerConfigKeys (ConfUtils.java:logGet(46)) - raft.server.log.appender.install.snapshot.enabled = false (custom)
2023-09-25 17:56:29,347 [1be5c5f2-a8c9-4995-9125-aff50ea2da2d-groupManagement] INFO  server.RaftServerConfigKeys (ConfUtils.java:logGet(46)) - raft.server.threadpool.server.cached = true (default)
2023-09-25 17:56:29,347 [1be5c5f2-a8c9-4995-9125-aff50ea2da2d-groupManagement] INFO  server.RaftServerConfigKeys (ConfUtils.java:logGet(46)) - raft.server.threadpool.server.size = 0 (default)
2023-09-25 17:56:29,348 [1be5c5f2-a8c9-4995-9125-aff50ea2da2d-groupManagement] INFO  server.RaftServerConfigKeys (ConfUtils.java:logGet(46)) - raft.server.threadpool.client.cached = true (default)
2023-09-25 17:56:29,348 [1be5c5f2-a8c9-4995-9125-aff50ea2da2d-groupManagement] INFO  server.RaftServerConfigKeys (ConfUtils.java:logGet(46)) - raft.server.threadpool.client.size = 0 (default)
2023-09-25 17:56:29,348 [1be5c5f2-a8c9-4995-9125-aff50ea2da2d-groupManagement] INFO  storage.RaftStorageDirectory (RaftStorageDirectoryImpl.java:analyzeStorage(137)) - The storage directory /home/runner/work/ozone/ozone/hadoop-ozone/integration-test/target/test-dir/MiniOzoneClusterImpl-932dec38-ee06-46f6-8792-0cf7b891b204/datanode-2/data/ratis/79b2f7d3-4602-417a-837e-ef424f680ca8 does not exist. Creating ...
2023-09-25 17:56:29,351 [1be5c5f2-a8c9-4995-9125-aff50ea2da2d-groupManagement] INFO  storage.RaftStorageDirectory (RaftStorageDirectoryImpl.java:tryLock(231)) - Lock on /home/runner/work/ozone/ozone/hadoop-ozone/integration-test/target/test-dir/MiniOzoneClusterImpl-932dec38-ee06-46f6-8792-0cf7b891b204/datanode-2/data/ratis/79b2f7d3-4602-417a-837e-ef424f680ca8/in_use.lock acquired by nodename 19424@fv-az249-861
2023-09-25 17:56:29,353 [1be5c5f2-a8c9-4995-9125-aff50ea2da2d-groupManagement] INFO  storage.RaftStorage (RaftStorageImpl.java:format(96)) - Storage directory /home/runner/work/ozone/ozone/hadoop-ozone/integration-test/target/test-dir/MiniOzoneClusterImpl-932dec38-ee06-46f6-8792-0cf7b891b204/datanode-2/data/ratis/79b2f7d3-4602-417a-837e-ef424f680ca8 has been successfully formatted.
2023-09-25 17:56:29,356 [1be5c5f2-a8c9-4995-9125-aff50ea2da2d-groupManagement] INFO  ratis.ContainerStateMachine (ContainerStateMachine.java:loadSnapshot(262)) - group-EF424F680CA8: The snapshot info is null. Setting the last applied indexto:(t:0, i:~)
2023-09-25 17:56:29,356 [1be5c5f2-a8c9-4995-9125-aff50ea2da2d-groupManagement] INFO  server.RaftServerConfigKeys (ConfUtils.java:logGet(46)) - raft.server.log.use.memory = false (default)
2023-09-25 17:56:29,356 [1be5c5f2-a8c9-4995-9125-aff50ea2da2d-groupManagement] INFO  server.RaftServerConfigKeys (ConfUtils.java:logGet(46)) - raft.server.log.purge.gap = 1000000 (custom)
2023-09-25 17:56:29,356 [1be5c5f2-a8c9-4995-9125-aff50ea2da2d-groupManagement] INFO  server.RaftServerConfigKeys (ConfUtils.java:logGet(46)) - raft.server.log.appender.buffer.byte-limit = 33554432 (custom)
2023-09-25 17:56:29,356 [1be5c5f2-a8c9-4995-9125-aff50ea2da2d-groupManagement] INFO  server.RaftServerConfigKeys (ConfUtils.java:logGet(46)) - raft.server.log.statemachine.data.read.timeout = 1000ms (default)
2023-09-25 17:56:29,359 [1be5c5f2-a8c9-4995-9125-aff50ea2da2d-groupManagement] INFO  server.RaftServerConfigKeys (ConfUtils.java:logGet(46)) - raft.server.log.purge.preservation.log.num = 0 (default)
2023-09-25 17:56:29,359 [1be5c5f2-a8c9-4995-9125-aff50ea2da2d-groupManagement] INFO  server.RaftServerConfigKeys (ConfUtils.java:logGet(46)) - raft.server.log.segment.size.max = 1048576 (custom)
2023-09-25 17:56:29,360 [1be5c5f2-a8c9-4995-9125-aff50ea2da2d-groupManagement] INFO  server.RaftServerConfigKeys (ConfUtils.java:logGet(46)) - raft.server.log.segment.cache.num.max = 2 (custom)
2023-09-25 17:56:29,360 [1be5c5f2-a8c9-4995-9125-aff50ea2da2d-groupManagement] INFO  server.RaftServerConfigKeys (ConfUtils.java:logGet(46)) - raft.server.log.segment.cache.size.max = 200MB (=209715200) (default)
2023-09-25 17:56:29,360 [1be5c5f2-a8c9-4995-9125-aff50ea2da2d-groupManagement] INFO  server.RaftServerConfigKeys (ConfUtils.java:logGet(46)) - raft.server.log.appender.buffer.byte-limit = 33554432 (custom)
2023-09-25 17:56:29,360 [1be5c5f2-a8c9-4995-9125-aff50ea2da2d-groupManagement] INFO  segmented.SegmentedRaftLogWorker (SegmentedRaftLogWorker.java:<init>(188)) - new 1be5c5f2-a8c9-4995-9125-aff50ea2da2d@group-EF424F680CA8-SegmentedRaftLogWorker for RaftStorageImpl:Storage Directory /home/runner/work/ozone/ozone/hadoop-ozone/integration-test/target/test-dir/MiniOzoneClusterImpl-932dec38-ee06-46f6-8792-0cf7b891b204/datanode-2/data/ratis/79b2f7d3-4602-417a-837e-ef424f680ca8
2023-09-25 17:56:29,360 [1be5c5f2-a8c9-4995-9125-aff50ea2da2d-groupManagement] INFO  server.RaftServerConfigKeys (ConfUtils.java:logGet(46)) - raft.server.log.queue.byte-limit = 4294967296 (custom)
2023-09-25 17:56:29,360 [1be5c5f2-a8c9-4995-9125-aff50ea2da2d-groupManagement] INFO  server.RaftServerConfigKeys (ConfUtils.java:logGet(46)) - raft.server.log.queue.element-limit = 1024 (custom)
2023-09-25 17:56:29,360 [1be5c5f2-a8c9-4995-9125-aff50ea2da2d-groupManagement] INFO  server.RaftServerConfigKeys (ConfUtils.java:logGet(46)) - raft.server.log.segment.size.max = 1048576 (custom)
2023-09-25 17:56:29,360 [1be5c5f2-a8c9-4995-9125-aff50ea2da2d-groupManagement] INFO  server.RaftServerConfigKeys (ConfUtils.java:logGet(46)) - raft.server.log.preallocated.size = 16384 (custom)
2023-09-25 17:56:29,360 [1be5c5f2-a8c9-4995-9125-aff50ea2da2d-groupManagement] INFO  server.RaftServerConfigKeys (ConfUtils.java:logGet(46)) - raft.server.log.force.sync.num = 128 (default)
2023-09-25 17:56:29,360 [1be5c5f2-a8c9-4995-9125-aff50ea2da2d-groupManagement] INFO  server.RaftServerConfigKeys (ConfUtils.java:logGet(46)) - raft.server.log.statemachine.data.sync = true (default)
2023-09-25 17:56:29,360 [1be5c5f2-a8c9-4995-9125-aff50ea2da2d-groupManagement] INFO  server.RaftServerConfigKeys (ConfUtils.java:logGet(46)) - raft.server.log.statemachine.data.sync.timeout = 10s (default)
2023-09-25 17:56:29,360 [1be5c5f2-a8c9-4995-9125-aff50ea2da2d-groupManagement] INFO  server.RaftServerConfigKeys (ConfUtils.java:logGet(46)) - raft.server.log.statemachine.data.sync.timeout.retry = -1 (default)
2023-09-25 17:56:29,362 [1be5c5f2-a8c9-4995-9125-aff50ea2da2d-groupManagement] INFO  server.RaftServerConfigKeys (ConfUtils.java:logGet(46)) - raft.server.log.write.buffer.size = 1048576 (custom)
2023-09-25 17:56:29,363 [1be5c5f2-a8c9-4995-9125-aff50ea2da2d-groupManagement] INFO  server.RaftServerConfigKeys (ConfUtils.java:logGet(46)) - raft.server.log.appender.buffer.byte-limit = 33554432 (custom)
2023-09-25 17:56:29,370 [1be5c5f2-a8c9-4995-9125-aff50ea2da2d-groupManagement] INFO  server.RaftServerConfigKeys (ConfUtils.java:logGet(46)) - raft.server.log.unsafe-flush.enabled = false (default)
2023-09-25 17:56:29,370 [1be5c5f2-a8c9-4995-9125-aff50ea2da2d-groupManagement] INFO  server.RaftServerConfigKeys (ConfUtils.java:logGet(46)) - raft.server.log.async-flush.enabled = false (default)
2023-09-25 17:56:29,370 [1be5c5f2-a8c9-4995-9125-aff50ea2da2d-groupManagement] INFO  server.RaftServerConfigKeys (ConfUtils.java:logGet(46)) - raft.server.log.statemachine.data.caching.enabled = true (custom)
2023-09-25 17:56:29,370 [1be5c5f2-a8c9-4995-9125-aff50ea2da2d-groupManagement] INFO  segmented.SegmentedRaftLogWorker (SegmentedRaftLogWorker.java:lambda$new$0(135)) - 1be5c5f2-a8c9-4995-9125-aff50ea2da2d@group-EF424F680CA8-SegmentedRaftLogWorker: flushIndex: setUnconditionally 0 -> -1
2023-09-25 17:56:29,370 [1be5c5f2-a8c9-4995-9125-aff50ea2da2d-groupManagement] INFO  segmented.SegmentedRaftLogWorker (SegmentedRaftLogWorker.java:lambda$new$0(135)) - 1be5c5f2-a8c9-4995-9125-aff50ea2da2d@group-EF424F680CA8-SegmentedRaftLogWorker: safeCacheEvictIndex: setUnconditionally 0 -> -1
2023-09-25 17:56:29,371 [1be5c5f2-a8c9-4995-9125-aff50ea2da2d-groupManagement] INFO  server.RaftServer$Division (RaftServerImpl.java:start(342)) - 1be5c5f2-a8c9-4995-9125-aff50ea2da2d@group-EF424F680CA8: start as a follower, conf=-1: peers:[07de5ce2-8a0b-4f06-859c-06527793f6e4|rpc:10.1.0.144:15023|admin:10.1.0.144:15022|client:10.1.0.144:15021|dataStream:10.1.0.144:15024|priority:0|startupRole:FOLLOWER, 7c2da756-7def-47bc-b4fd-fb4319f4a659|rpc:10.1.0.144:15014|admin:10.1.0.144:15013|client:10.1.0.144:15012|dataStream:10.1.0.144:15015|priority:0|startupRole:FOLLOWER, 1be5c5f2-a8c9-4995-9125-aff50ea2da2d|rpc:10.1.0.144:15032|admin:10.1.0.144:15031|client:10.1.0.144:15030|dataStream:10.1.0.144:15033|priority:1|startupRole:FOLLOWER]|listeners:[], old=null
2023-09-25 17:56:29,371 [1be5c5f2-a8c9-4995-9125-aff50ea2da2d-groupManagement] INFO  server.RaftServer$Division (RaftServerImpl.java:setRole(329)) - 1be5c5f2-a8c9-4995-9125-aff50ea2da2d@group-EF424F680CA8: changes role from      null to FOLLOWER at term 0 for startAsFollower
2023-09-25 17:56:29,371 [1be5c5f2-a8c9-4995-9125-aff50ea2da2d-groupManagement] INFO  impl.RoleInfo (RoleInfo.java:updateAndGet(139)) - 1be5c5f2-a8c9-4995-9125-aff50ea2da2d: start 1be5c5f2-a8c9-4995-9125-aff50ea2da2d@group-EF424F680CA8-FollowerState
2023-09-25 17:56:29,372 [1be5c5f2-a8c9-4995-9125-aff50ea2da2d-groupManagement] INFO  util.JmxRegister (JmxRegister.java:tryRegister(44)) - Successfully registered JMX Bean with object name Ratis:service=RaftServer,group=group-EF424F680CA8,id=1be5c5f2-a8c9-4995-9125-aff50ea2da2d
2023-09-25 17:56:29,372 [1be5c5f2-a8c9-4995-9125-aff50ea2da2d-groupManagement] INFO  server.RaftServerConfigKeys (ConfUtils.java:logGet(46)) - raft.server.snapshot.auto.trigger.enabled = true (custom)
2023-09-25 17:56:29,372 [1be5c5f2-a8c9-4995-9125-aff50ea2da2d-groupManagement] INFO  server.RaftServerConfigKeys (ConfUtils.java:logGet(46)) - raft.server.snapshot.auto.trigger.threshold = 10000 (custom)
2023-09-25 17:56:29,372 [1be5c5f2-a8c9-4995-9125-aff50ea2da2d-groupManagement] INFO  server.RaftServerConfigKeys (ConfUtils.java:logGet(46)) - raft.server.snapshot.retention.file.num = 5 (custom)
2023-09-25 17:56:29,372 [1be5c5f2-a8c9-4995-9125-aff50ea2da2d-groupManagement] INFO  server.RaftServerConfigKeys (ConfUtils.java:logGet(46)) - raft.server.log.purge.upto.snapshot.index = false (default)
2023-09-25 17:56:29,373 [1be5c5f2-a8c9-4995-9125-aff50ea2da2d@group-EF424F680CA8-FollowerState] INFO  server.RaftServerConfigKeys (ConfUtils.java:logFallback(53)) - raft.server.rpc.first-election.timeout.min = 5s (fallback to raft.server.rpc.timeout.min)
2023-09-25 17:56:29,374 [1be5c5f2-a8c9-4995-9125-aff50ea2da2d@group-EF424F680CA8-FollowerState] INFO  server.RaftServerConfigKeys (ConfUtils.java:logFallback(53)) - raft.server.rpc.first-election.timeout.max = 5200ms (fallback to raft.server.rpc.timeout.max)
2023-09-25 17:56:29,526 [PipelineCommandHandlerThread-0] INFO  commandhandler.CreatePipelineCommandHandler (CreatePipelineCommandHandler.java:lambda$handle$2(124)) - Created Pipeline RATIS THREE PipelineID=79b2f7d3-4602-417a-837e-ef424f680ca8.
2023-09-25 17:56:29,526 [PipelineCommandHandlerThread-0] INFO  server.RaftServer (RaftServerProxy.java:addNew(98)) - 7c2da756-7def-47bc-b4fd-fb4319f4a659: addNew group-1A0BCD27AFBC:[07de5ce2-8a0b-4f06-859c-06527793f6e4|rpc:10.1.0.144:15023|admin:10.1.0.144:15022|client:10.1.0.144:15021|dataStream:10.1.0.144:15024|priority:1|startupRole:FOLLOWER, 7c2da756-7def-47bc-b4fd-fb4319f4a659|rpc:10.1.0.144:15014|admin:10.1.0.144:15013|client:10.1.0.144:15012|dataStream:10.1.0.144:15015|priority:0|startupRole:FOLLOWER, 1be5c5f2-a8c9-4995-9125-aff50ea2da2d|rpc:10.1.0.144:15032|admin:10.1.0.144:15031|client:10.1.0.144:15030|dataStream:10.1.0.144:15033|priority:0|startupRole:FOLLOWER] returns group-1A0BCD27AFBC:java.util.concurrent.CompletableFuture@3e5a05dd[Not completed]
2023-09-25 17:56:29,528 [7c2da756-7def-47bc-b4fd-fb4319f4a659-groupManagement] INFO  server.RaftServer$Division (RaftServerImpl.java:<init>(198)) - 7c2da756-7def-47bc-b4fd-fb4319f4a659: new RaftServerImpl for group-1A0BCD27AFBC:[07de5ce2-8a0b-4f06-859c-06527793f6e4|rpc:10.1.0.144:15023|admin:10.1.0.144:15022|client:10.1.0.144:15021|dataStream:10.1.0.144:15024|priority:1|startupRole:FOLLOWER, 7c2da756-7def-47bc-b4fd-fb4319f4a659|rpc:10.1.0.144:15014|admin:10.1.0.144:15013|client:10.1.0.144:15012|dataStream:10.1.0.144:15015|priority:0|startupRole:FOLLOWER, 1be5c5f2-a8c9-4995-9125-aff50ea2da2d|rpc:10.1.0.144:15032|admin:10.1.0.144:15031|client:10.1.0.144:15030|dataStream:10.1.0.144:15033|priority:0|startupRole:FOLLOWER] with ContainerStateMachine:uninitialized
2023-09-25 17:56:29,528 [7c2da756-7def-47bc-b4fd-fb4319f4a659-groupManagement] INFO  server.RaftServerConfigKeys (ConfUtils.java:logGet(46)) - raft.server.rpc.timeout.min = 5s (custom)
2023-09-25 17:56:29,528 [7c2da756-7def-47bc-b4fd-fb4319f4a659-groupManagement] INFO  server.RaftServerConfigKeys (ConfUtils.java:logGet(46)) - raft.server.rpc.timeout.max = 5200ms (custom)
2023-09-25 17:56:29,528 [7c2da756-7def-47bc-b4fd-fb4319f4a659-groupManagement] INFO  server.RaftServerConfigKeys (ConfUtils.java:logGet(46)) - raft.server.rpc.sleep.time = 25ms (default)
2023-09-25 17:56:29,528 [7c2da756-7def-47bc-b4fd-fb4319f4a659-groupManagement] INFO  server.RaftServerConfigKeys (ConfUtils.java:logGet(46)) - raft.server.rpc.slowness.timeout = 300s (custom)
2023-09-25 17:56:29,529 [7c2da756-7def-47bc-b4fd-fb4319f4a659-groupManagement] INFO  server.RaftServerConfigKeys (ConfUtils.java:logGet(46)) - raft.server.leaderelection.leader.step-down.wait-time = 10s (default)
2023-09-25 17:56:29,529 [7c2da756-7def-47bc-b4fd-fb4319f4a659-groupManagement] INFO  server.RaftServerConfigKeys (ConfUtils.java:logGet(46)) - raft.server.sleep.deviation.threshold = 300ms (default)
2023-09-25 17:56:29,529 [7c2da756-7def-47bc-b4fd-fb4319f4a659-groupManagement] INFO  server.RaftServer$Division (ServerState.java:<init>(120)) - 7c2da756-7def-47bc-b4fd-fb4319f4a659@group-1A0BCD27AFBC: ConfigurationManager, init=-1: peers:[07de5ce2-8a0b-4f06-859c-06527793f6e4|rpc:10.1.0.144:15023|admin:10.1.0.144:15022|client:10.1.0.144:15021|dataStream:10.1.0.144:15024|priority:1|startupRole:FOLLOWER, 7c2da756-7def-47bc-b4fd-fb4319f4a659|rpc:10.1.0.144:15014|admin:10.1.0.144:15013|client:10.1.0.144:15012|dataStream:10.1.0.144:15015|priority:0|startupRole:FOLLOWER, 1be5c5f2-a8c9-4995-9125-aff50ea2da2d|rpc:10.1.0.144:15032|admin:10.1.0.144:15031|client:10.1.0.144:15030|dataStream:10.1.0.144:15033|priority:0|startupRole:FOLLOWER]|listeners:[], old=null, confs=<EMPTY_MAP>
2023-09-25 17:56:29,529 [7c2da756-7def-47bc-b4fd-fb4319f4a659-groupManagement] INFO  server.RaftServerConfigKeys (ConfUtils.java:logGet(46)) - raft.server.storage.dir = [/home/runner/work/ozone/ozone/hadoop-ozone/integration-test/target/test-dir/MiniOzoneClusterImpl-932dec38-ee06-46f6-8792-0cf7b891b204/datanode-0/data/ratis] (custom)
2023-09-25 17:56:29,529 [7c2da756-7def-47bc-b4fd-fb4319f4a659-groupManagement] INFO  server.RaftServerConfigKeys (ConfUtils.java:logGet(46)) - raft.server.log.corruption.policy = EXCEPTION (default)
2023-09-25 17:56:29,529 [7c2da756-7def-47bc-b4fd-fb4319f4a659-groupManagement] INFO  server.RaftServerConfigKeys (ConfUtils.java:logGet(46)) - raft.server.storage.free-space.min = 0MB (=0) (default)
2023-09-25 17:56:29,529 [7c2da756-7def-47bc-b4fd-fb4319f4a659-groupManagement] INFO  server.RaftServerConfigKeys (ConfUtils.java:logGet(46)) - raft.server.notification.no-leader.timeout = 300s (custom)
2023-09-25 17:56:29,529 [7c2da756-7def-47bc-b4fd-fb4319f4a659-groupManagement] INFO  server.RaftServerConfigKeys (ConfUtils.java:logGet(46)) - raft.server.read.timeout = 10s (default)
2023-09-25 17:56:29,530 [7c2da756-7def-47bc-b4fd-fb4319f4a659-groupManagement] INFO  server.RaftServerConfigKeys (ConfUtils.java:logGet(46)) - raft.server.retrycache.expirytime = 600000ms (custom)
2023-09-25 17:56:29,530 [7c2da756-7def-47bc-b4fd-fb4319f4a659-groupManagement] INFO  server.RaftServerConfigKeys (ConfUtils.java:logGet(46)) - raft.server.retrycache.statistics.expirytime = 100μs (default)
2023-09-25 17:56:29,530 [7c2da756-7def-47bc-b4fd-fb4319f4a659-groupManagement] INFO  server.RaftServerConfigKeys (ConfUtils.java:logGet(46)) - raft.server.read.option = DEFAULT (default)
2023-09-25 17:56:29,536 [7c2da756-7def-47bc-b4fd-fb4319f4a659-groupManagement] INFO  server.RaftServerConfigKeys (ConfUtils.java:logGet(46)) - raft.server.rpc.request.timeout = 60s (custom)
2023-09-25 17:56:29,536 [7c2da756-7def-47bc-b4fd-fb4319f4a659-groupManagement] INFO  server.RaftServerConfigKeys (ConfUtils.java:logGet(46)) - raft.server.log.appender.install.snapshot.enabled = false (custom)
2023-09-25 17:56:29,536 [7c2da756-7def-47bc-b4fd-fb4319f4a659-groupManagement] INFO  server.RaftServerConfigKeys (ConfUtils.java:logGet(46)) - raft.server.threadpool.server.cached = true (default)
2023-09-25 17:56:29,536 [7c2da756-7def-47bc-b4fd-fb4319f4a659-groupManagement] INFO  server.RaftServerConfigKeys (ConfUtils.java:logGet(46)) - raft.server.threadpool.server.size = 0 (default)
2023-09-25 17:56:29,536 [7c2da756-7def-47bc-b4fd-fb4319f4a659-groupManagement] INFO  server.RaftServerConfigKeys (ConfUtils.java:logGet(46)) - raft.server.threadpool.client.cached = true (default)
2023-09-25 17:56:29,537 [7c2da756-7def-47bc-b4fd-fb4319f4a659-groupManagement] INFO  server.RaftServerConfigKeys (ConfUtils.java:logGet(46)) - raft.server.threadpool.client.size = 0 (default)
2023-09-25 17:56:29,537 [7c2da756-7def-47bc-b4fd-fb4319f4a659-groupManagement] INFO  storage.RaftStorageDirectory (RaftStorageDirectoryImpl.java:analyzeStorage(137)) - The storage directory /home/runner/work/ozone/ozone/hadoop-ozone/integration-test/target/test-dir/MiniOzoneClusterImpl-932dec38-ee06-46f6-8792-0cf7b891b204/datanode-0/data/ratis/0d845f41-15a5-4737-b45c-1a0bcd27afbc does not exist. Creating ...
2023-09-25 17:56:29,538 [7c2da756-7def-47bc-b4fd-fb4319f4a659-groupManagement] INFO  storage.RaftStorageDirectory (RaftStorageDirectoryImpl.java:tryLock(231)) - Lock on /home/runner/work/ozone/ozone/hadoop-ozone/integration-test/target/test-dir/MiniOzoneClusterImpl-932dec38-ee06-46f6-8792-0cf7b891b204/datanode-0/data/ratis/0d845f41-15a5-4737-b45c-1a0bcd27afbc/in_use.lock acquired by nodename 19424@fv-az249-861
2023-09-25 17:56:29,540 [7c2da756-7def-47bc-b4fd-fb4319f4a659-groupManagement] INFO  storage.RaftStorage (RaftStorageImpl.java:format(96)) - Storage directory /home/runner/work/ozone/ozone/hadoop-ozone/integration-test/target/test-dir/MiniOzoneClusterImpl-932dec38-ee06-46f6-8792-0cf7b891b204/datanode-0/data/ratis/0d845f41-15a5-4737-b45c-1a0bcd27afbc has been successfully formatted.
2023-09-25 17:56:29,547 [7c2da756-7def-47bc-b4fd-fb4319f4a659-groupManagement] INFO  ratis.ContainerStateMachine (ContainerStateMachine.java:loadSnapshot(262)) - group-1A0BCD27AFBC: The snapshot info is null. Setting the last applied indexto:(t:0, i:~)
2023-09-25 17:56:29,547 [7c2da756-7def-47bc-b4fd-fb4319f4a659-groupManagement] INFO  server.RaftServerConfigKeys (ConfUtils.java:logGet(46)) - raft.server.log.use.memory = false (default)
2023-09-25 17:56:29,548 [7c2da756-7def-47bc-b4fd-fb4319f4a659-groupManagement] INFO  server.RaftServerConfigKeys (ConfUtils.java:logGet(46)) - raft.server.log.purge.gap = 1000000 (custom)
2023-09-25 17:56:29,549 [7c2da756-7def-47bc-b4fd-fb4319f4a659-groupManagement] INFO  server.RaftServerConfigKeys (ConfUtils.java:logGet(46)) - raft.server.log.appender.buffer.byte-limit = 33554432 (custom)
2023-09-25 17:56:29,549 [7c2da756-7def-47bc-b4fd-fb4319f4a659-groupManagement] INFO  server.RaftServerConfigKeys (ConfUtils.java:logGet(46)) - raft.server.log.statemachine.data.read.timeout = 1000ms (default)
2023-09-25 17:56:29,549 [7c2da756-7def-47bc-b4fd-fb4319f4a659-groupManagement] INFO  server.RaftServerConfigKeys (ConfUtils.java:logGet(46)) - raft.server.log.purge.preservation.log.num = 0 (default)
2023-09-25 17:56:29,550 [7c2da756-7def-47bc-b4fd-fb4319f4a659-groupManagement] INFO  server.RaftServerConfigKeys (ConfUtils.java:logGet(46)) - raft.server.log.segment.size.max = 1048576 (custom)
2023-09-25 17:56:29,551 [7c2da756-7def-47bc-b4fd-fb4319f4a659-groupManagement] INFO  server.RaftServerConfigKeys (ConfUtils.java:logGet(46)) - raft.server.log.segment.cache.num.max = 2 (custom)
2023-09-25 17:56:29,551 [7c2da756-7def-47bc-b4fd-fb4319f4a659-groupManagement] INFO  server.RaftServerConfigKeys (ConfUtils.java:logGet(46)) - raft.server.log.segment.cache.size.max = 200MB (=209715200) (default)
2023-09-25 17:56:29,551 [7c2da756-7def-47bc-b4fd-fb4319f4a659-groupManagement] INFO  server.RaftServerConfigKeys (ConfUtils.java:logGet(46)) - raft.server.log.appender.buffer.byte-limit = 33554432 (custom)
2023-09-25 17:56:29,551 [7c2da756-7def-47bc-b4fd-fb4319f4a659-groupManagement] INFO  segmented.SegmentedRaftLogWorker (SegmentedRaftLogWorker.java:<init>(188)) - new 7c2da756-7def-47bc-b4fd-fb4319f4a659@group-1A0BCD27AFBC-SegmentedRaftLogWorker for RaftStorageImpl:Storage Directory /home/runner/work/ozone/ozone/hadoop-ozone/integration-test/target/test-dir/MiniOzoneClusterImpl-932dec38-ee06-46f6-8792-0cf7b891b204/datanode-0/data/ratis/0d845f41-15a5-4737-b45c-1a0bcd27afbc
2023-09-25 17:56:29,551 [7c2da756-7def-47bc-b4fd-fb4319f4a659-groupManagement] INFO  server.RaftServerConfigKeys (ConfUtils.java:logGet(46)) - raft.server.log.queue.byte-limit = 4294967296 (custom)
2023-09-25 17:56:29,551 [7c2da756-7def-47bc-b4fd-fb4319f4a659-groupManagement] INFO  server.RaftServerConfigKeys (ConfUtils.java:logGet(46)) - raft.server.log.queue.element-limit = 1024 (custom)
2023-09-25 17:56:29,551 [7c2da756-7def-47bc-b4fd-fb4319f4a659-groupManagement] INFO  server.RaftServerConfigKeys (ConfUtils.java:logGet(46)) - raft.server.log.segment.size.max = 1048576 (custom)
2023-09-25 17:56:29,551 [7c2da756-7def-47bc-b4fd-fb4319f4a659-groupManagement] INFO  server.RaftServerConfigKeys (ConfUtils.java:logGet(46)) - raft.server.log.preallocated.size = 16384 (custom)
2023-09-25 17:56:29,552 [7c2da756-7def-47bc-b4fd-fb4319f4a659-groupManagement] INFO  server.RaftServerConfigKeys (ConfUtils.java:logGet(46)) - raft.server.log.force.sync.num = 128 (default)
2023-09-25 17:56:29,552 [7c2da756-7def-47bc-b4fd-fb4319f4a659-groupManagement] INFO  server.RaftServerConfigKeys (ConfUtils.java:logGet(46)) - raft.server.log.statemachine.data.sync = true (default)
2023-09-25 17:56:29,552 [7c2da756-7def-47bc-b4fd-fb4319f4a659-groupManagement] INFO  server.RaftServerConfigKeys (ConfUtils.java:logGet(46)) - raft.server.log.statemachine.data.sync.timeout = 10s (default)
2023-09-25 17:56:29,552 [7c2da756-7def-47bc-b4fd-fb4319f4a659-groupManagement] INFO  server.RaftServerConfigKeys (ConfUtils.java:logGet(46)) - raft.server.log.statemachine.data.sync.timeout.retry = -1 (default)
2023-09-25 17:56:29,562 [PipelineCommandHandlerThread-0] INFO  commandhandler.CreatePipelineCommandHandler (CreatePipelineCommandHandler.java:lambda$handle$2(124)) - Created Pipeline RATIS THREE PipelineID=79b2f7d3-4602-417a-837e-ef424f680ca8.
2023-09-25 17:56:29,563 [PipelineCommandHandlerThread-0] INFO  server.RaftServer (RaftServerProxy.java:addNew(98)) - 07de5ce2-8a0b-4f06-859c-06527793f6e4: addNew group-1A0BCD27AFBC:[07de5ce2-8a0b-4f06-859c-06527793f6e4|rpc:10.1.0.144:15023|admin:10.1.0.144:15022|client:10.1.0.144:15021|dataStream:10.1.0.144:15024|priority:1|startupRole:FOLLOWER, 7c2da756-7def-47bc-b4fd-fb4319f4a659|rpc:10.1.0.144:15014|admin:10.1.0.144:15013|client:10.1.0.144:15012|dataStream:10.1.0.144:15015|priority:0|startupRole:FOLLOWER, 1be5c5f2-a8c9-4995-9125-aff50ea2da2d|rpc:10.1.0.144:15032|admin:10.1.0.144:15031|client:10.1.0.144:15030|dataStream:10.1.0.144:15033|priority:0|startupRole:FOLLOWER] returns group-1A0BCD27AFBC:java.util.concurrent.CompletableFuture@5689bde5[Not completed]
2023-09-25 17:56:29,564 [07de5ce2-8a0b-4f06-859c-06527793f6e4-groupManagement] INFO  server.RaftServer$Division (RaftServerImpl.java:<init>(198)) - 07de5ce2-8a0b-4f06-859c-06527793f6e4: new RaftServerImpl for group-1A0BCD27AFBC:[07de5ce2-8a0b-4f06-859c-06527793f6e4|rpc:10.1.0.144:15023|admin:10.1.0.144:15022|client:10.1.0.144:15021|dataStream:10.1.0.144:15024|priority:1|startupRole:FOLLOWER, 7c2da756-7def-47bc-b4fd-fb4319f4a659|rpc:10.1.0.144:15014|admin:10.1.0.144:15013|client:10.1.0.144:15012|dataStream:10.1.0.144:15015|priority:0|startupRole:FOLLOWER, 1be5c5f2-a8c9-4995-9125-aff50ea2da2d|rpc:10.1.0.144:15032|admin:10.1.0.144:15031|client:10.1.0.144:15030|dataStream:10.1.0.144:15033|priority:0|startupRole:FOLLOWER] with ContainerStateMachine:uninitialized
2023-09-25 17:56:29,564 [07de5ce2-8a0b-4f06-859c-06527793f6e4-groupManagement] INFO  server.RaftServerConfigKeys (ConfUtils.java:logGet(46)) - raft.server.rpc.timeout.min = 5s (custom)
2023-09-25 17:56:29,564 [07de5ce2-8a0b-4f06-859c-06527793f6e4-groupManagement] INFO  server.RaftServerConfigKeys (ConfUtils.java:logGet(46)) - raft.server.rpc.timeout.max = 5200ms (custom)
2023-09-25 17:56:29,564 [07de5ce2-8a0b-4f06-859c-06527793f6e4-groupManagement] INFO  server.RaftServerConfigKeys (ConfUtils.java:logGet(46)) - raft.server.rpc.sleep.time = 25ms (default)
2023-09-25 17:56:29,564 [07de5ce2-8a0b-4f06-859c-06527793f6e4-groupManagement] INFO  server.RaftServerConfigKeys (ConfUtils.java:logGet(46)) - raft.server.rpc.slowness.timeout = 300s (custom)
2023-09-25 17:56:29,564 [07de5ce2-8a0b-4f06-859c-06527793f6e4-groupManagement] INFO  server.RaftServerConfigKeys (ConfUtils.java:logGet(46)) - raft.server.leaderelection.leader.step-down.wait-time = 10s (default)
2023-09-25 17:56:29,564 [07de5ce2-8a0b-4f06-859c-06527793f6e4-groupManagement] INFO  server.RaftServerConfigKeys (ConfUtils.java:logGet(46)) - raft.server.sleep.deviation.threshold = 300ms (default)
2023-09-25 17:56:29,564 [07de5ce2-8a0b-4f06-859c-06527793f6e4-groupManagement] INFO  server.RaftServer$Division (ServerState.java:<init>(120)) - 07de5ce2-8a0b-4f06-859c-06527793f6e4@group-1A0BCD27AFBC: ConfigurationManager, init=-1: peers:[07de5ce2-8a0b-4f06-859c-06527793f6e4|rpc:10.1.0.144:15023|admin:10.1.0.144:15022|client:10.1.0.144:15021|dataStream:10.1.0.144:15024|priority:1|startupRole:FOLLOWER, 7c2da756-7def-47bc-b4fd-fb4319f4a659|rpc:10.1.0.144:15014|admin:10.1.0.144:15013|client:10.1.0.144:15012|dataStream:10.1.0.144:15015|priority:0|startupRole:FOLLOWER, 1be5c5f2-a8c9-4995-9125-aff50ea2da2d|rpc:10.1.0.144:15032|admin:10.1.0.144:15031|client:10.1.0.144:15030|dataStream:10.1.0.144:15033|priority:0|startupRole:FOLLOWER]|listeners:[], old=null, confs=<EMPTY_MAP>
2023-09-25 17:56:29,565 [07de5ce2-8a0b-4f06-859c-06527793f6e4-groupManagement] INFO  server.RaftServerConfigKeys (ConfUtils.java:logGet(46)) - raft.server.storage.dir = [/home/runner/work/ozone/ozone/hadoop-ozone/integration-test/target/test-dir/MiniOzoneClusterImpl-932dec38-ee06-46f6-8792-0cf7b891b204/datanode-1/data/ratis] (custom)
2023-09-25 17:56:29,565 [07de5ce2-8a0b-4f06-859c-06527793f6e4-groupManagement] INFO  server.RaftServerConfigKeys (ConfUtils.java:logGet(46)) - raft.server.log.corruption.policy = EXCEPTION (default)
2023-09-25 17:56:29,565 [07de5ce2-8a0b-4f06-859c-06527793f6e4-groupManagement] INFO  server.RaftServerConfigKeys (ConfUtils.java:logGet(46)) - raft.server.storage.free-space.min = 0MB (=0) (default)
2023-09-25 17:56:29,565 [07de5ce2-8a0b-4f06-859c-06527793f6e4-groupManagement] INFO  server.RaftServerConfigKeys (ConfUtils.java:logGet(46)) - raft.server.notification.no-leader.timeout = 300s (custom)
2023-09-25 17:56:29,565 [07de5ce2-8a0b-4f06-859c-06527793f6e4-groupManagement] INFO  server.RaftServerConfigKeys (ConfUtils.java:logGet(46)) - raft.server.read.timeout = 10s (default)
2023-09-25 17:56:29,565 [07de5ce2-8a0b-4f06-859c-06527793f6e4-groupManagement] INFO  server.RaftServerConfigKeys (ConfUtils.java:logGet(46)) - raft.server.retrycache.expirytime = 600000ms (custom)
2023-09-25 17:56:29,565 [07de5ce2-8a0b-4f06-859c-06527793f6e4-groupManagement] INFO  server.RaftServerConfigKeys (ConfUtils.java:logGet(46)) - raft.server.retrycache.statistics.expirytime = 100μs (default)
2023-09-25 17:56:29,565 [07de5ce2-8a0b-4f06-859c-06527793f6e4-groupManagement] INFO  server.RaftServerConfigKeys (ConfUtils.java:logGet(46)) - raft.server.read.option = DEFAULT (default)
2023-09-25 17:56:29,566 [07de5ce2-8a0b-4f06-859c-06527793f6e4-groupManagement] INFO  server.RaftServerConfigKeys (ConfUtils.java:logGet(46)) - raft.server.rpc.request.timeout = 60s (custom)
2023-09-25 17:56:29,567 [07de5ce2-8a0b-4f06-859c-06527793f6e4-groupManagement] INFO  server.RaftServerConfigKeys (ConfUtils.java:logGet(46)) - raft.server.log.appender.install.snapshot.enabled = false (custom)
2023-09-25 17:56:29,567 [07de5ce2-8a0b-4f06-859c-06527793f6e4-groupManagement] INFO  server.RaftServerConfigKeys (ConfUtils.java:logGet(46)) - raft.server.threadpool.server.cached = true (default)
2023-09-25 17:56:29,570 [07de5ce2-8a0b-4f06-859c-06527793f6e4-groupManagement] INFO  server.RaftServerConfigKeys (ConfUtils.java:logGet(46)) - raft.server.threadpool.server.size = 0 (default)
2023-09-25 17:56:29,570 [07de5ce2-8a0b-4f06-859c-06527793f6e4-groupManagement] INFO  server.RaftServerConfigKeys (ConfUtils.java:logGet(46)) - raft.server.threadpool.client.cached = true (default)
2023-09-25 17:56:29,570 [07de5ce2-8a0b-4f06-859c-06527793f6e4-groupManagement] INFO  server.RaftServerConfigKeys (ConfUtils.java:logGet(46)) - raft.server.threadpool.client.size = 0 (default)
2023-09-25 17:56:29,570 [07de5ce2-8a0b-4f06-859c-06527793f6e4-groupManagement] INFO  storage.RaftStorageDirectory (RaftStorageDirectoryImpl.java:analyzeStorage(137)) - The storage directory /home/runner/work/ozone/ozone/hadoop-ozone/integration-test/target/test-dir/MiniOzoneClusterImpl-932dec38-ee06-46f6-8792-0cf7b891b204/datanode-1/data/ratis/0d845f41-15a5-4737-b45c-1a0bcd27afbc does not exist. Creating ...
2023-09-25 17:56:29,561 [PipelineCommandHandlerThread-0] INFO  server.RaftServer (RaftServerProxy.java:addNew(98)) - 1be5c5f2-a8c9-4995-9125-aff50ea2da2d: addNew group-7CD5F040EB7A:[1be5c5f2-a8c9-4995-9125-aff50ea2da2d|rpc:10.1.0.144:15032|admin:10.1.0.144:15031|client:10.1.0.144:15030|dataStream:10.1.0.144:15033|priority:1|startupRole:FOLLOWER] returns group-7CD5F040EB7A:java.util.concurrent.CompletableFuture@775994fc[Not completed]
2023-09-25 17:56:29,561 [1be5c5f2-a8c9-4995-9125-aff50ea2da2d-groupManagement] INFO  server.RaftServer$Division (RaftServerImpl.java:<init>(198)) - 1be5c5f2-a8c9-4995-9125-aff50ea2da2d: new RaftServerImpl for group-7CD5F040EB7A:[1be5c5f2-a8c9-4995-9125-aff50ea2da2d|rpc:10.1.0.144:15032|admin:10.1.0.144:15031|client:10.1.0.144:15030|dataStream:10.1.0.144:15033|priority:1|startupRole:FOLLOWER] with ContainerStateMachine:uninitialized
2023-09-25 17:56:29,572 [1be5c5f2-a8c9-4995-9125-aff50ea2da2d-groupManagement] INFO  server.RaftServerConfigKeys (ConfUtils.java:logGet(46)) - raft.server.rpc.timeout.min = 5s (custom)
2023-09-25 17:56:29,572 [1be5c5f2-a8c9-4995-9125-aff50ea2da2d-groupManagement] INFO  server.RaftServerConfigKeys (ConfUtils.java:logGet(46)) - raft.server.rpc.timeout.max = 5200ms (custom)
2023-09-25 17:56:29,572 [1be5c5f2-a8c9-4995-9125-aff50ea2da2d-groupManagement] INFO  server.RaftServerConfigKeys (ConfUtils.java:logGet(46)) - raft.server.rpc.sleep.time = 25ms (default)
2023-09-25 17:56:29,572 [1be5c5f2-a8c9-4995-9125-aff50ea2da2d-groupManagement] INFO  server.RaftServerConfigKeys (ConfUtils.java:logGet(46)) - raft.server.rpc.slowness.timeout = 300s (custom)
2023-09-25 17:56:29,572 [1be5c5f2-a8c9-4995-9125-aff50ea2da2d-groupManagement] INFO  server.RaftServerConfigKeys (ConfUtils.java:logGet(46)) - raft.server.leaderelection.leader.step-down.wait-time = 10s (default)
2023-09-25 17:56:29,572 [1be5c5f2-a8c9-4995-9125-aff50ea2da2d-groupManagement] INFO  server.RaftServerConfigKeys (ConfUtils.java:logGet(46)) - raft.server.sleep.deviation.threshold = 300ms (default)
2023-09-25 17:56:29,572 [1be5c5f2-a8c9-4995-9125-aff50ea2da2d-groupManagement] INFO  server.RaftServer$Division (ServerState.java:<init>(120)) - 1be5c5f2-a8c9-4995-9125-aff50ea2da2d@group-7CD5F040EB7A: ConfigurationManager, init=-1: peers:[1be5c5f2-a8c9-4995-9125-aff50ea2da2d|rpc:10.1.0.144:15032|admin:10.1.0.144:15031|client:10.1.0.144:15030|dataStream:10.1.0.144:15033|priority:1|startupRole:FOLLOWER]|listeners:[], old=null, confs=<EMPTY_MAP>
2023-09-25 17:56:29,572 [1be5c5f2-a8c9-4995-9125-aff50ea2da2d-groupManagement] INFO  server.RaftServerConfigKeys (ConfUtils.java:logGet(46)) - raft.server.storage.dir = [/home/runner/work/ozone/ozone/hadoop-ozone/integration-test/target/test-dir/MiniOzoneClusterImpl-932dec38-ee06-46f6-8792-0cf7b891b204/datanode-2/data/ratis] (custom)
2023-09-25 17:56:29,572 [1be5c5f2-a8c9-4995-9125-aff50ea2da2d-groupManagement] INFO  server.RaftServerConfigKeys (ConfUtils.java:logGet(46)) - raft.server.log.corruption.policy = EXCEPTION (default)
2023-09-25 17:56:29,572 [1be5c5f2-a8c9-4995-9125-aff50ea2da2d-groupManagement] INFO  server.RaftServerConfigKeys (ConfUtils.java:logGet(46)) - raft.server.storage.free-space.min = 0MB (=0) (default)
2023-09-25 17:56:29,573 [1be5c5f2-a8c9-4995-9125-aff50ea2da2d-groupManagement] INFO  server.RaftServerConfigKeys (ConfUtils.java:logGet(46)) - raft.server.notification.no-leader.timeout = 300s (custom)
2023-09-25 17:56:29,573 [1be5c5f2-a8c9-4995-9125-aff50ea2da2d-groupManagement] INFO  server.RaftServerConfigKeys (ConfUtils.java:logGet(46)) - raft.server.read.timeout = 10s (default)
2023-09-25 17:56:29,573 [1be5c5f2-a8c9-4995-9125-aff50ea2da2d-groupManagement] INFO  server.RaftServerConfigKeys (ConfUtils.java:logGet(46)) - raft.server.retrycache.expirytime = 600000ms (custom)
2023-09-25 17:56:29,573 [1be5c5f2-a8c9-4995-9125-aff50ea2da2d-groupManagement] INFO  server.RaftServerConfigKeys (ConfUtils.java:logGet(46)) - raft.server.retrycache.statistics.expirytime = 100μs (default)
2023-09-25 17:56:29,573 [1be5c5f2-a8c9-4995-9125-aff50ea2da2d-groupManagement] INFO  server.RaftServerConfigKeys (ConfUtils.java:logGet(46)) - raft.server.read.option = DEFAULT (default)
2023-09-25 17:56:29,574 [1be5c5f2-a8c9-4995-9125-aff50ea2da2d-groupManagement] INFO  server.RaftServerConfigKeys (ConfUtils.java:logGet(46)) - raft.server.rpc.request.timeout = 60s (custom)
2023-09-25 17:56:29,574 [1be5c5f2-a8c9-4995-9125-aff50ea2da2d-groupManagement] INFO  server.RaftServerConfigKeys (ConfUtils.java:logGet(46)) - raft.server.log.appender.install.snapshot.enabled = false (custom)
2023-09-25 17:56:29,575 [1be5c5f2-a8c9-4995-9125-aff50ea2da2d-groupManagement] INFO  server.RaftServerConfigKeys (ConfUtils.java:logGet(46)) - raft.server.threadpool.server.cached = true (default)
2023-09-25 17:56:29,575 [1be5c5f2-a8c9-4995-9125-aff50ea2da2d-groupManagement] INFO  server.RaftServerConfigKeys (ConfUtils.java:logGet(46)) - raft.server.threadpool.server.size = 0 (default)
2023-09-25 17:56:29,575 [1be5c5f2-a8c9-4995-9125-aff50ea2da2d-groupManagement] INFO  server.RaftServerConfigKeys (ConfUtils.java:logGet(46)) - raft.server.threadpool.client.cached = true (default)
2023-09-25 17:56:29,555 [EventQueue-OpenPipelineForHealthyPipelineSafeModeRule] INFO  safemode.SCMSafeModeManager (HealthyPipelineSafeModeRule.java:process(137)) - SCM in safe mode. Healthy pipelines reported count is 0, required healthy pipeline reported count is 1
2023-09-25 17:56:29,575 [1be5c5f2-a8c9-4995-9125-aff50ea2da2d-groupManagement] INFO  server.RaftServerConfigKeys (ConfUtils.java:logGet(46)) - raft.server.threadpool.client.size = 0 (default)
2023-09-25 17:56:29,575 [07de5ce2-8a0b-4f06-859c-06527793f6e4-groupManagement] INFO  storage.RaftStorageDirectory (RaftStorageDirectoryImpl.java:tryLock(231)) - Lock on /home/runner/work/ozone/ozone/hadoop-ozone/integration-test/target/test-dir/MiniOzoneClusterImpl-932dec38-ee06-46f6-8792-0cf7b891b204/datanode-1/data/ratis/0d845f41-15a5-4737-b45c-1a0bcd27afbc/in_use.lock acquired by nodename 19424@fv-az249-861
2023-09-25 17:56:29,576 [1be5c5f2-a8c9-4995-9125-aff50ea2da2d-groupManagement] INFO  storage.RaftStorageDirectory (RaftStorageDirectoryImpl.java:analyzeStorage(137)) - The storage directory /home/runner/work/ozone/ozone/hadoop-ozone/integration-test/target/test-dir/MiniOzoneClusterImpl-932dec38-ee06-46f6-8792-0cf7b891b204/datanode-2/data/ratis/db4f282f-3a11-44e6-860f-7cd5f040eb7a does not exist. Creating ...
2023-09-25 17:56:29,579 [07de5ce2-8a0b-4f06-859c-06527793f6e4-groupManagement] INFO  storage.RaftStorage (RaftStorageImpl.java:format(96)) - Storage directory /home/runner/work/ozone/ozone/hadoop-ozone/integration-test/target/test-dir/MiniOzoneClusterImpl-932dec38-ee06-46f6-8792-0cf7b891b204/datanode-1/data/ratis/0d845f41-15a5-4737-b45c-1a0bcd27afbc has been successfully formatted.
2023-09-25 17:56:29,580 [07de5ce2-8a0b-4f06-859c-06527793f6e4-groupManagement] INFO  ratis.ContainerStateMachine (ContainerStateMachine.java:loadSnapshot(262)) - group-1A0BCD27AFBC: The snapshot info is null. Setting the last applied indexto:(t:0, i:~)
2023-09-25 17:56:29,580 [07de5ce2-8a0b-4f06-859c-06527793f6e4-groupManagement] INFO  server.RaftServerConfigKeys (ConfUtils.java:logGet(46)) - raft.server.log.use.memory = false (default)
2023-09-25 17:56:29,585 [EventQueue-OpenPipelineForHealthyPipelineSafeModeRule] INFO  safemode.SCMSafeModeManager (HealthyPipelineSafeModeRule.java:process(137)) - SCM in safe mode. Healthy pipelines reported count is 0, required healthy pipeline reported count is 1
2023-09-25 17:56:29,580 [7c2da756-7def-47bc-b4fd-fb4319f4a659-groupManagement] INFO  server.RaftServerConfigKeys (ConfUtils.java:logGet(46)) - raft.server.log.write.buffer.size = 1048576 (custom)
2023-09-25 17:56:29,580 [1be5c5f2-a8c9-4995-9125-aff50ea2da2d-groupManagement] INFO  storage.RaftStorageDirectory (RaftStorageDirectoryImpl.java:tryLock(231)) - Lock on /home/runner/work/ozone/ozone/hadoop-ozone/integration-test/target/test-dir/MiniOzoneClusterImpl-932dec38-ee06-46f6-8792-0cf7b891b204/datanode-2/data/ratis/db4f282f-3a11-44e6-860f-7cd5f040eb7a/in_use.lock acquired by nodename 19424@fv-az249-861
2023-09-25 17:56:29,585 [07de5ce2-8a0b-4f06-859c-06527793f6e4-groupManagement] INFO  server.RaftServerConfigKeys (ConfUtils.java:logGet(46)) - raft.server.log.purge.gap = 1000000 (custom)
2023-09-25 17:56:29,586 [07de5ce2-8a0b-4f06-859c-06527793f6e4-groupManagement] INFO  server.RaftServerConfigKeys (ConfUtils.java:logGet(46)) - raft.server.log.appender.buffer.byte-limit = 33554432 (custom)
2023-09-25 17:56:29,586 [07de5ce2-8a0b-4f06-859c-06527793f6e4-groupManagement] INFO  server.RaftServerConfigKeys (ConfUtils.java:logGet(46)) - raft.server.log.statemachine.data.read.timeout = 1000ms (default)
2023-09-25 17:56:29,587 [07de5ce2-8a0b-4f06-859c-06527793f6e4-groupManagement] INFO  server.RaftServerConfigKeys (ConfUtils.java:logGet(46)) - raft.server.log.purge.preservation.log.num = 0 (default)
2023-09-25 17:56:29,587 [7c2da756-7def-47bc-b4fd-fb4319f4a659-groupManagement] INFO  server.RaftServerConfigKeys (ConfUtils.java:logGet(46)) - raft.server.log.appender.buffer.byte-limit = 33554432 (custom)
2023-09-25 17:56:29,587 [07de5ce2-8a0b-4f06-859c-06527793f6e4-groupManagement] INFO  server.RaftServerConfigKeys (ConfUtils.java:logGet(46)) - raft.server.log.segment.size.max = 1048576 (custom)
2023-09-25 17:56:29,588 [07de5ce2-8a0b-4f06-859c-06527793f6e4-groupManagement] INFO  server.RaftServerConfigKeys (ConfUtils.java:logGet(46)) - raft.server.log.segment.cache.num.max = 2 (custom)
2023-09-25 17:56:29,588 [1be5c5f2-a8c9-4995-9125-aff50ea2da2d-groupManagement] INFO  storage.RaftStorage (RaftStorageImpl.java:format(96)) - Storage directory /home/runner/work/ozone/ozone/hadoop-ozone/integration-test/target/test-dir/MiniOzoneClusterImpl-932dec38-ee06-46f6-8792-0cf7b891b204/datanode-2/data/ratis/db4f282f-3a11-44e6-860f-7cd5f040eb7a has been successfully formatted.
2023-09-25 17:56:29,589 [07de5ce2-8a0b-4f06-859c-06527793f6e4-groupManagement] INFO  server.RaftServerConfigKeys (ConfUtils.java:logGet(46)) - raft.server.log.segment.cache.size.max = 200MB (=209715200) (default)
2023-09-25 17:56:29,590 [07de5ce2-8a0b-4f06-859c-06527793f6e4-groupManagement] INFO  server.RaftServerConfigKeys (ConfUtils.java:logGet(46)) - raft.server.log.appender.buffer.byte-limit = 33554432 (custom)
2023-09-25 17:56:29,590 [07de5ce2-8a0b-4f06-859c-06527793f6e4-groupManagement] INFO  segmented.SegmentedRaftLogWorker (SegmentedRaftLogWorker.java:<init>(188)) - new 07de5ce2-8a0b-4f06-859c-06527793f6e4@group-1A0BCD27AFBC-SegmentedRaftLogWorker for RaftStorageImpl:Storage Directory /home/runner/work/ozone/ozone/hadoop-ozone/integration-test/target/test-dir/MiniOzoneClusterImpl-932dec38-ee06-46f6-8792-0cf7b891b204/datanode-1/data/ratis/0d845f41-15a5-4737-b45c-1a0bcd27afbc
2023-09-25 17:56:29,590 [07de5ce2-8a0b-4f06-859c-06527793f6e4-groupManagement] INFO  server.RaftServerConfigKeys (ConfUtils.java:logGet(46)) - raft.server.log.queue.byte-limit = 4294967296 (custom)
2023-09-25 17:56:29,590 [07de5ce2-8a0b-4f06-859c-06527793f6e4-groupManagement] INFO  server.RaftServerConfigKeys (ConfUtils.java:logGet(46)) - raft.server.log.queue.element-limit = 1024 (custom)
2023-09-25 17:56:29,590 [07de5ce2-8a0b-4f06-859c-06527793f6e4-groupManagement] INFO  server.RaftServerConfigKeys (ConfUtils.java:logGet(46)) - raft.server.log.segment.size.max = 1048576 (custom)
2023-09-25 17:56:29,590 [07de5ce2-8a0b-4f06-859c-06527793f6e4-groupManagement] INFO  server.RaftServerConfigKeys (ConfUtils.java:logGet(46)) - raft.server.log.preallocated.size = 16384 (custom)
2023-09-25 17:56:29,590 [1be5c5f2-a8c9-4995-9125-aff50ea2da2d-groupManagement] INFO  ratis.ContainerStateMachine (ContainerStateMachine.java:loadSnapshot(262)) - group-7CD5F040EB7A: The snapshot info is null. Setting the last applied indexto:(t:0, i:~)
2023-09-25 17:56:29,604 [EventQueue-PipelineReportForPipelineReportHandler] INFO  pipeline.PipelineReportHandler (PipelineReportHandler.java:processPipelineReport(136)) - Opened pipeline PipelineID=db4f282f-3a11-44e6-860f-7cd5f040eb7a
2023-09-25 17:56:29,604 [EventQueue-OpenPipelineForHealthyPipelineSafeModeRule] INFO  safemode.SCMSafeModeManager (HealthyPipelineSafeModeRule.java:process(137)) - SCM in safe mode. Healthy pipelines reported count is 0, required healthy pipeline reported count is 1
2023-09-25 17:56:29,601 [7c2da756-7def-47bc-b4fd-fb4319f4a659-groupManagement] INFO  server.RaftServerConfigKeys (ConfUtils.java:logGet(46)) - raft.server.log.unsafe-flush.enabled = false (default)
2023-09-25 17:56:29,604 [7c2da756-7def-47bc-b4fd-fb4319f4a659-groupManagement] INFO  server.RaftServerConfigKeys (ConfUtils.java:logGet(46)) - raft.server.log.async-flush.enabled = false (default)
2023-09-25 17:56:29,605 [7c2da756-7def-47bc-b4fd-fb4319f4a659-groupManagement] INFO  server.RaftServerConfigKeys (ConfUtils.java:logGet(46)) - raft.server.log.statemachine.data.caching.enabled = true (custom)
2023-09-25 17:56:29,605 [7c2da756-7def-47bc-b4fd-fb4319f4a659-groupManagement] INFO  segmented.SegmentedRaftLogWorker (SegmentedRaftLogWorker.java:lambda$new$0(135)) - 7c2da756-7def-47bc-b4fd-fb4319f4a659@group-1A0BCD27AFBC-SegmentedRaftLogWorker: flushIndex: setUnconditionally 0 -> -1
2023-09-25 17:56:29,605 [7c2da756-7def-47bc-b4fd-fb4319f4a659-groupManagement] INFO  segmented.SegmentedRaftLogWorker (SegmentedRaftLogWorker.java:lambda$new$0(135)) - 7c2da756-7def-47bc-b4fd-fb4319f4a659@group-1A0BCD27AFBC-SegmentedRaftLogWorker: safeCacheEvictIndex: setUnconditionally 0 -> -1
2023-09-25 17:56:29,590 [07de5ce2-8a0b-4f06-859c-06527793f6e4-groupManagement] INFO  server.RaftServerConfigKeys (ConfUtils.java:logGet(46)) - raft.server.log.force.sync.num = 128 (default)
2023-09-25 17:56:29,604 [1be5c5f2-a8c9-4995-9125-aff50ea2da2d-groupManagement] INFO  server.RaftServerConfigKeys (ConfUtils.java:logGet(46)) - raft.server.log.use.memory = false (default)
2023-09-25 17:56:29,605 [1be5c5f2-a8c9-4995-9125-aff50ea2da2d-groupManagement] INFO  server.RaftServerConfigKeys (ConfUtils.java:logGet(46)) - raft.server.log.purge.gap = 1000000 (custom)
2023-09-25 17:56:29,605 [1be5c5f2-a8c9-4995-9125-aff50ea2da2d-groupManagement] INFO  server.RaftServerConfigKeys (ConfUtils.java:logGet(46)) - raft.server.log.appender.buffer.byte-limit = 33554432 (custom)
2023-09-25 17:56:29,606 [1be5c5f2-a8c9-4995-9125-aff50ea2da2d-groupManagement] INFO  server.RaftServerConfigKeys (ConfUtils.java:logGet(46)) - raft.server.log.statemachine.data.read.timeout = 1000ms (default)
2023-09-25 17:56:29,606 [1be5c5f2-a8c9-4995-9125-aff50ea2da2d-groupManagement] INFO  server.RaftServerConfigKeys (ConfUtils.java:logGet(46)) - raft.server.log.purge.preservation.log.num = 0 (default)
2023-09-25 17:56:29,607 [1be5c5f2-a8c9-4995-9125-aff50ea2da2d-groupManagement] INFO  server.RaftServerConfigKeys (ConfUtils.java:logGet(46)) - raft.server.log.segment.size.max = 1048576 (custom)
2023-09-25 17:56:29,607 [1be5c5f2-a8c9-4995-9125-aff50ea2da2d-groupManagement] INFO  server.RaftServerConfigKeys (ConfUtils.java:logGet(46)) - raft.server.log.segment.cache.num.max = 2 (custom)
2023-09-25 17:56:29,607 [1be5c5f2-a8c9-4995-9125-aff50ea2da2d-groupManagement] INFO  server.RaftServerConfigKeys (ConfUtils.java:logGet(46)) - raft.server.log.segment.cache.size.max = 200MB (=209715200) (default)
2023-09-25 17:56:29,607 [1be5c5f2-a8c9-4995-9125-aff50ea2da2d-groupManagement] INFO  server.RaftServerConfigKeys (ConfUtils.java:logGet(46)) - raft.server.log.appender.buffer.byte-limit = 33554432 (custom)
2023-09-25 17:56:29,607 [1be5c5f2-a8c9-4995-9125-aff50ea2da2d-groupManagement] INFO  segmented.SegmentedRaftLogWorker (SegmentedRaftLogWorker.java:<init>(188)) - new 1be5c5f2-a8c9-4995-9125-aff50ea2da2d@group-7CD5F040EB7A-SegmentedRaftLogWorker for RaftStorageImpl:Storage Directory /home/runner/work/ozone/ozone/hadoop-ozone/integration-test/target/test-dir/MiniOzoneClusterImpl-932dec38-ee06-46f6-8792-0cf7b891b204/datanode-2/data/ratis/db4f282f-3a11-44e6-860f-7cd5f040eb7a
2023-09-25 17:56:29,607 [1be5c5f2-a8c9-4995-9125-aff50ea2da2d-groupManagement] INFO  server.RaftServerConfigKeys (ConfUtils.java:logGet(46)) - raft.server.log.queue.byte-limit = 4294967296 (custom)
2023-09-25 17:56:29,608 [1be5c5f2-a8c9-4995-9125-aff50ea2da2d-groupManagement] INFO  server.RaftServerConfigKeys (ConfUtils.java:logGet(46)) - raft.server.log.queue.element-limit = 1024 (custom)
2023-09-25 17:56:29,608 [1be5c5f2-a8c9-4995-9125-aff50ea2da2d-groupManagement] INFO  server.RaftServerConfigKeys (ConfUtils.java:logGet(46)) - raft.server.log.segment.size.max = 1048576 (custom)
2023-09-25 17:56:29,608 [1be5c5f2-a8c9-4995-9125-aff50ea2da2d-groupManagement] INFO  server.RaftServerConfigKeys (ConfUtils.java:logGet(46)) - raft.server.log.preallocated.size = 16384 (custom)
2023-09-25 17:56:29,608 [1be5c5f2-a8c9-4995-9125-aff50ea2da2d-groupManagement] INFO  server.RaftServerConfigKeys (ConfUtils.java:logGet(46)) - raft.server.log.force.sync.num = 128 (default)
2023-09-25 17:56:29,608 [1be5c5f2-a8c9-4995-9125-aff50ea2da2d-groupManagement] INFO  server.RaftServerConfigKeys (ConfUtils.java:logGet(46)) - raft.server.log.statemachine.data.sync = true (default)
2023-09-25 17:56:29,608 [1be5c5f2-a8c9-4995-9125-aff50ea2da2d-groupManagement] INFO  server.RaftServerConfigKeys (ConfUtils.java:logGet(46)) - raft.server.log.statemachine.data.sync.timeout = 10s (default)
2023-09-25 17:56:29,608 [1be5c5f2-a8c9-4995-9125-aff50ea2da2d-groupManagement] INFO  server.RaftServerConfigKeys (ConfUtils.java:logGet(46)) - raft.server.log.statemachine.data.sync.timeout.retry = -1 (default)
2023-09-25 17:56:29,609 [1be5c5f2-a8c9-4995-9125-aff50ea2da2d-groupManagement] INFO  server.RaftServerConfigKeys (ConfUtils.java:logGet(46)) - raft.server.log.write.buffer.size = 1048576 (custom)
2023-09-25 17:56:29,610 [1be5c5f2-a8c9-4995-9125-aff50ea2da2d-groupManagement] INFO  server.RaftServerConfigKeys (ConfUtils.java:logGet(46)) - raft.server.log.appender.buffer.byte-limit = 33554432 (custom)
2023-09-25 17:56:29,610 [07de5ce2-8a0b-4f06-859c-06527793f6e4-groupManagement] INFO  server.RaftServerConfigKeys (ConfUtils.java:logGet(46)) - raft.server.log.statemachine.data.sync = true (default)
2023-09-25 17:56:29,610 [07de5ce2-8a0b-4f06-859c-06527793f6e4-groupManagement] INFO  server.RaftServerConfigKeys (ConfUtils.java:logGet(46)) - raft.server.log.statemachine.data.sync.timeout = 10s (default)
2023-09-25 17:56:29,610 [07de5ce2-8a0b-4f06-859c-06527793f6e4-groupManagement] INFO  server.RaftServerConfigKeys (ConfUtils.java:logGet(46)) - raft.server.log.statemachine.data.sync.timeout.retry = -1 (default)
2023-09-25 17:56:29,611 [07de5ce2-8a0b-4f06-859c-06527793f6e4-groupManagement] INFO  server.RaftServerConfigKeys (ConfUtils.java:logGet(46)) - raft.server.log.write.buffer.size = 1048576 (custom)
2023-09-25 17:56:29,612 [07de5ce2-8a0b-4f06-859c-06527793f6e4-groupManagement] INFO  server.RaftServerConfigKeys (ConfUtils.java:logGet(46)) - raft.server.log.appender.buffer.byte-limit = 33554432 (custom)
2023-09-25 17:56:29,869 [JvmPauseMonitor3] WARN  util.JvmPauseMonitor (JvmPauseMonitor.java:detectPause(124)) - JvmPauseMonitor-07de5ce2-8a0b-4f06-859c-06527793f6e4: Detected pause in JVM or host machine approximately 0.137s with 0.247s GC time.
GC pool 'PS MarkSweep' had collection(s): count=1 time=168ms
GC pool 'PS Scavenge' had collection(s): count=1 time=79ms
2023-09-25 17:56:29,869 [1be5c5f2-a8c9-4995-9125-aff50ea2da2d-groupManagement] INFO  server.RaftServerConfigKeys (ConfUtils.java:logGet(46)) - raft.server.log.unsafe-flush.enabled = false (default)
2023-09-25 17:56:29,869 [1be5c5f2-a8c9-4995-9125-aff50ea2da2d-groupManagement] INFO  server.RaftServerConfigKeys (ConfUtils.java:logGet(46)) - raft.server.log.async-flush.enabled = false (default)
2023-09-25 17:56:29,874 [7c2da756-7def-47bc-b4fd-fb4319f4a659-groupManagement] INFO  server.RaftServer$Division (RaftServerImpl.java:start(342)) - 7c2da756-7def-47bc-b4fd-fb4319f4a659@group-1A0BCD27AFBC: start as a follower, conf=-1: peers:[07de5ce2-8a0b-4f06-859c-06527793f6e4|rpc:10.1.0.144:15023|admin:10.1.0.144:15022|client:10.1.0.144:15021|dataStream:10.1.0.144:15024|priority:1|startupRole:FOLLOWER, 7c2da756-7def-47bc-b4fd-fb4319f4a659|rpc:10.1.0.144:15014|admin:10.1.0.144:15013|client:10.1.0.144:15012|dataStream:10.1.0.144:15015|priority:0|startupRole:FOLLOWER, 1be5c5f2-a8c9-4995-9125-aff50ea2da2d|rpc:10.1.0.144:15032|admin:10.1.0.144:15031|client:10.1.0.144:15030|dataStream:10.1.0.144:15033|priority:0|startupRole:FOLLOWER]|listeners:[], old=null
2023-09-25 17:56:29,870 [07de5ce2-8a0b-4f06-859c-06527793f6e4-groupManagement] INFO  server.RaftServerConfigKeys (ConfUtils.java:logGet(46)) - raft.server.log.unsafe-flush.enabled = false (default)
2023-09-25 17:56:29,870 [JvmPauseMonitor4] WARN  util.JvmPauseMonitor (JvmPauseMonitor.java:detectPause(124)) - JvmPauseMonitor-1be5c5f2-a8c9-4995-9125-aff50ea2da2d: Detected pause in JVM or host machine approximately 0.254s with 0.247s GC time.
GC pool 'PS MarkSweep' had collection(s): count=1 time=168ms
GC pool 'PS Scavenge' had collection(s): count=1 time=79ms
2023-09-25 17:56:29,880 [1be5c5f2-a8c9-4995-9125-aff50ea2da2d-groupManagement] INFO  server.RaftServerConfigKeys (ConfUtils.java:logGet(46)) - raft.server.log.statemachine.data.caching.enabled = true (custom)
2023-09-25 17:56:29,880 [07de5ce2-8a0b-4f06-859c-06527793f6e4-groupManagement] INFO  server.RaftServerConfigKeys (ConfUtils.java:logGet(46)) - raft.server.log.async-flush.enabled = false (default)
2023-09-25 17:56:29,880 [7c2da756-7def-47bc-b4fd-fb4319f4a659-groupManagement] INFO  server.RaftServer$Division (RaftServerImpl.java:setRole(329)) - 7c2da756-7def-47bc-b4fd-fb4319f4a659@group-1A0BCD27AFBC: changes role from      null to FOLLOWER at term 0 for startAsFollower
2023-09-25 17:56:29,881 [07de5ce2-8a0b-4f06-859c-06527793f6e4-groupManagement] INFO  server.RaftServerConfigKeys (ConfUtils.java:logGet(46)) - raft.server.log.statemachine.data.caching.enabled = true (custom)
2023-09-25 17:56:29,881 [7c2da756-7def-47bc-b4fd-fb4319f4a659-groupManagement] INFO  impl.RoleInfo (RoleInfo.java:updateAndGet(139)) - 7c2da756-7def-47bc-b4fd-fb4319f4a659: start 7c2da756-7def-47bc-b4fd-fb4319f4a659@group-1A0BCD27AFBC-FollowerState
2023-09-25 17:56:29,881 [07de5ce2-8a0b-4f06-859c-06527793f6e4-groupManagement] INFO  segmented.SegmentedRaftLogWorker (SegmentedRaftLogWorker.java:lambda$new$0(135)) - 07de5ce2-8a0b-4f06-859c-06527793f6e4@group-1A0BCD27AFBC-SegmentedRaftLogWorker: flushIndex: setUnconditionally 0 -> -1
2023-09-25 17:56:29,881 [1be5c5f2-a8c9-4995-9125-aff50ea2da2d-groupManagement] INFO  segmented.SegmentedRaftLogWorker (SegmentedRaftLogWorker.java:lambda$new$0(135)) - 1be5c5f2-a8c9-4995-9125-aff50ea2da2d@group-7CD5F040EB7A-SegmentedRaftLogWorker: flushIndex: setUnconditionally 0 -> -1
2023-09-25 17:56:29,882 [1be5c5f2-a8c9-4995-9125-aff50ea2da2d-groupManagement] INFO  segmented.SegmentedRaftLogWorker (SegmentedRaftLogWorker.java:lambda$new$0(135)) - 1be5c5f2-a8c9-4995-9125-aff50ea2da2d@group-7CD5F040EB7A-SegmentedRaftLogWorker: safeCacheEvictIndex: setUnconditionally 0 -> -1
2023-09-25 17:56:29,882 [07de5ce2-8a0b-4f06-859c-06527793f6e4-groupManagement] INFO  segmented.SegmentedRaftLogWorker (SegmentedRaftLogWorker.java:lambda$new$0(135)) - 07de5ce2-8a0b-4f06-859c-06527793f6e4@group-1A0BCD27AFBC-SegmentedRaftLogWorker: safeCacheEvictIndex: setUnconditionally 0 -> -1
2023-09-25 17:56:29,882 [7c2da756-7def-47bc-b4fd-fb4319f4a659-groupManagement] INFO  util.JmxRegister (JmxRegister.java:tryRegister(44)) - Successfully registered JMX Bean with object name Ratis:service=RaftServer,group=group-1A0BCD27AFBC,id=7c2da756-7def-47bc-b4fd-fb4319f4a659
2023-09-25 17:56:29,882 [7c2da756-7def-47bc-b4fd-fb4319f4a659-groupManagement] INFO  server.RaftServerConfigKeys (ConfUtils.java:logGet(46)) - raft.server.snapshot.auto.trigger.enabled = true (custom)
2023-09-25 17:56:29,883 [7c2da756-7def-47bc-b4fd-fb4319f4a659-groupManagement] INFO  server.RaftServerConfigKeys (ConfUtils.java:logGet(46)) - raft.server.snapshot.auto.trigger.threshold = 10000 (custom)
2023-09-25 17:56:29,883 [7c2da756-7def-47bc-b4fd-fb4319f4a659-groupManagement] INFO  server.RaftServerConfigKeys (ConfUtils.java:logGet(46)) - raft.server.snapshot.retention.file.num = 5 (custom)
2023-09-25 17:56:29,883 [7c2da756-7def-47bc-b4fd-fb4319f4a659-groupManagement] INFO  server.RaftServerConfigKeys (ConfUtils.java:logGet(46)) - raft.server.log.purge.upto.snapshot.index = false (default)
2023-09-25 17:56:29,884 [7c2da756-7def-47bc-b4fd-fb4319f4a659@group-1A0BCD27AFBC-FollowerState] INFO  server.RaftServerConfigKeys (ConfUtils.java:logFallback(53)) - raft.server.rpc.first-election.timeout.min = 5s (fallback to raft.server.rpc.timeout.min)
2023-09-25 17:56:29,884 [7c2da756-7def-47bc-b4fd-fb4319f4a659@group-1A0BCD27AFBC-FollowerState] INFO  server.RaftServerConfigKeys (ConfUtils.java:logFallback(53)) - raft.server.rpc.first-election.timeout.max = 5200ms (fallback to raft.server.rpc.timeout.max)
2023-09-25 17:56:29,887 [PipelineCommandHandlerThread-0] INFO  ratis.XceiverServerRatis (XceiverServerRatis.java:addGroup(804)) - Created group PipelineID=0d845f41-15a5-4737-b45c-1a0bcd27afbc
2023-09-25 17:56:29,887 [07de5ce2-8a0b-4f06-859c-06527793f6e4-groupManagement] INFO  server.RaftServer$Division (RaftServerImpl.java:start(342)) - 07de5ce2-8a0b-4f06-859c-06527793f6e4@group-1A0BCD27AFBC: start as a follower, conf=-1: peers:[07de5ce2-8a0b-4f06-859c-06527793f6e4|rpc:10.1.0.144:15023|admin:10.1.0.144:15022|client:10.1.0.144:15021|dataStream:10.1.0.144:15024|priority:1|startupRole:FOLLOWER, 7c2da756-7def-47bc-b4fd-fb4319f4a659|rpc:10.1.0.144:15014|admin:10.1.0.144:15013|client:10.1.0.144:15012|dataStream:10.1.0.144:15015|priority:0|startupRole:FOLLOWER, 1be5c5f2-a8c9-4995-9125-aff50ea2da2d|rpc:10.1.0.144:15032|admin:10.1.0.144:15031|client:10.1.0.144:15030|dataStream:10.1.0.144:15033|priority:0|startupRole:FOLLOWER]|listeners:[], old=null
2023-09-25 17:56:29,887 [07de5ce2-8a0b-4f06-859c-06527793f6e4-groupManagement] INFO  server.RaftServer$Division (RaftServerImpl.java:setRole(329)) - 07de5ce2-8a0b-4f06-859c-06527793f6e4@group-1A0BCD27AFBC: changes role from      null to FOLLOWER at term 0 for startAsFollower
2023-09-25 17:56:29,887 [07de5ce2-8a0b-4f06-859c-06527793f6e4-groupManagement] INFO  impl.RoleInfo (RoleInfo.java:updateAndGet(139)) - 07de5ce2-8a0b-4f06-859c-06527793f6e4: start 07de5ce2-8a0b-4f06-859c-06527793f6e4@group-1A0BCD27AFBC-FollowerState
2023-09-25 17:56:29,887 [07de5ce2-8a0b-4f06-859c-06527793f6e4-groupManagement] INFO  util.JmxRegister (JmxRegister.java:tryRegister(44)) - Successfully registered JMX Bean with object name Ratis:service=RaftServer,group=group-1A0BCD27AFBC,id=07de5ce2-8a0b-4f06-859c-06527793f6e4
2023-09-25 17:56:29,887 [07de5ce2-8a0b-4f06-859c-06527793f6e4-groupManagement] INFO  server.RaftServerConfigKeys (ConfUtils.java:logGet(46)) - raft.server.snapshot.auto.trigger.enabled = true (custom)
2023-09-25 17:56:29,887 [07de5ce2-8a0b-4f06-859c-06527793f6e4-groupManagement] INFO  server.RaftServerConfigKeys (ConfUtils.java:logGet(46)) - raft.server.snapshot.auto.trigger.threshold = 10000 (custom)
2023-09-25 17:56:29,887 [07de5ce2-8a0b-4f06-859c-06527793f6e4-groupManagement] INFO  server.RaftServerConfigKeys (ConfUtils.java:logGet(46)) - raft.server.snapshot.retention.file.num = 5 (custom)
2023-09-25 17:56:29,887 [07de5ce2-8a0b-4f06-859c-06527793f6e4-groupManagement] INFO  server.RaftServerConfigKeys (ConfUtils.java:logGet(46)) - raft.server.log.purge.upto.snapshot.index = false (default)
2023-09-25 17:56:29,888 [07de5ce2-8a0b-4f06-859c-06527793f6e4@group-1A0BCD27AFBC-FollowerState] INFO  server.RaftServerConfigKeys (ConfUtils.java:logFallback(53)) - raft.server.rpc.first-election.timeout.min = 5s (fallback to raft.server.rpc.timeout.min)
2023-09-25 17:56:29,899 [07de5ce2-8a0b-4f06-859c-06527793f6e4@group-1A0BCD27AFBC-FollowerState] INFO  server.RaftServerConfigKeys (ConfUtils.java:logFallback(53)) - raft.server.rpc.first-election.timeout.max = 5200ms (fallback to raft.server.rpc.timeout.max)
2023-09-25 17:56:29,889 [1be5c5f2-a8c9-4995-9125-aff50ea2da2d-groupManagement] INFO  server.RaftServer$Division (RaftServerImpl.java:start(342)) - 1be5c5f2-a8c9-4995-9125-aff50ea2da2d@group-7CD5F040EB7A: start as a follower, conf=-1: peers:[1be5c5f2-a8c9-4995-9125-aff50ea2da2d|rpc:10.1.0.144:15032|admin:10.1.0.144:15031|client:10.1.0.144:15030|dataStream:10.1.0.144:15033|priority:1|startupRole:FOLLOWER]|listeners:[], old=null
2023-09-25 17:56:29,899 [1be5c5f2-a8c9-4995-9125-aff50ea2da2d-groupManagement] INFO  server.RaftServer$Division (RaftServerImpl.java:setRole(329)) - 1be5c5f2-a8c9-4995-9125-aff50ea2da2d@group-7CD5F040EB7A: changes role from      null to FOLLOWER at term 0 for startAsFollower
2023-09-25 17:56:29,899 [1be5c5f2-a8c9-4995-9125-aff50ea2da2d-groupManagement] INFO  impl.RoleInfo (RoleInfo.java:updateAndGet(139)) - 1be5c5f2-a8c9-4995-9125-aff50ea2da2d: start 1be5c5f2-a8c9-4995-9125-aff50ea2da2d@group-7CD5F040EB7A-FollowerState
2023-09-25 17:56:29,889 [PipelineCommandHandlerThread-0] INFO  ratis.XceiverServerRatis (XceiverServerRatis.java:addGroup(804)) - Created group PipelineID=0d845f41-15a5-4737-b45c-1a0bcd27afbc
2023-09-25 17:56:29,902 [1be5c5f2-a8c9-4995-9125-aff50ea2da2d-groupManagement] INFO  util.JmxRegister (JmxRegister.java:tryRegister(44)) - Successfully registered JMX Bean with object name Ratis:service=RaftServer,group=group-7CD5F040EB7A,id=1be5c5f2-a8c9-4995-9125-aff50ea2da2d
2023-09-25 17:56:29,902 [1be5c5f2-a8c9-4995-9125-aff50ea2da2d-groupManagement] INFO  server.RaftServerConfigKeys (ConfUtils.java:logGet(46)) - raft.server.snapshot.auto.trigger.enabled = true (custom)
2023-09-25 17:56:29,903 [1be5c5f2-a8c9-4995-9125-aff50ea2da2d-groupManagement] INFO  server.RaftServerConfigKeys (ConfUtils.java:logGet(46)) - raft.server.snapshot.auto.trigger.threshold = 10000 (custom)
2023-09-25 17:56:29,903 [1be5c5f2-a8c9-4995-9125-aff50ea2da2d-groupManagement] INFO  server.RaftServerConfigKeys (ConfUtils.java:logGet(46)) - raft.server.snapshot.retention.file.num = 5 (custom)
2023-09-25 17:56:29,903 [1be5c5f2-a8c9-4995-9125-aff50ea2da2d-groupManagement] INFO  server.RaftServerConfigKeys (ConfUtils.java:logGet(46)) - raft.server.log.purge.upto.snapshot.index = false (default)
2023-09-25 17:56:29,903 [1be5c5f2-a8c9-4995-9125-aff50ea2da2d@group-7CD5F040EB7A-FollowerState] INFO  server.RaftServerConfigKeys (ConfUtils.java:logFallback(53)) - raft.server.rpc.first-election.timeout.min = 5s (fallback to raft.server.rpc.timeout.min)
2023-09-25 17:56:29,903 [1be5c5f2-a8c9-4995-9125-aff50ea2da2d@group-7CD5F040EB7A-FollowerState] INFO  server.RaftServerConfigKeys (ConfUtils.java:logFallback(53)) - raft.server.rpc.first-election.timeout.max = 5200ms (fallback to raft.server.rpc.timeout.max)
2023-09-25 17:56:29,909 [PipelineCommandHandlerThread-0] INFO  ratis.XceiverServerRatis (XceiverServerRatis.java:addGroup(804)) - Created group PipelineID=db4f282f-3a11-44e6-860f-7cd5f040eb7a
2023-09-25 17:56:29,909 [PipelineCommandHandlerThread-0] INFO  commandhandler.CreatePipelineCommandHandler (CreatePipelineCommandHandler.java:lambda$handle$2(124)) - Created Pipeline RATIS ONE PipelineID=db4f282f-3a11-44e6-860f-7cd5f040eb7a.
2023-09-25 17:56:29,910 [PipelineCommandHandlerThread-0] INFO  server.RaftServer (RaftServerProxy.java:addNew(98)) - 1be5c5f2-a8c9-4995-9125-aff50ea2da2d: addNew group-1A0BCD27AFBC:[07de5ce2-8a0b-4f06-859c-06527793f6e4|rpc:10.1.0.144:15023|admin:10.1.0.144:15022|client:10.1.0.144:15021|dataStream:10.1.0.144:15024|priority:1|startupRole:FOLLOWER, 7c2da756-7def-47bc-b4fd-fb4319f4a659|rpc:10.1.0.144:15014|admin:10.1.0.144:15013|client:10.1.0.144:15012|dataStream:10.1.0.144:15015|priority:0|startupRole:FOLLOWER, 1be5c5f2-a8c9-4995-9125-aff50ea2da2d|rpc:10.1.0.144:15032|admin:10.1.0.144:15031|client:10.1.0.144:15030|dataStream:10.1.0.144:15033|priority:0|startupRole:FOLLOWER] returns group-1A0BCD27AFBC:java.util.concurrent.CompletableFuture@799e6467[Not completed]
2023-09-25 17:56:29,911 [1be5c5f2-a8c9-4995-9125-aff50ea2da2d-groupManagement] INFO  server.RaftServer$Division (RaftServerImpl.java:<init>(198)) - 1be5c5f2-a8c9-4995-9125-aff50ea2da2d: new RaftServerImpl for group-1A0BCD27AFBC:[07de5ce2-8a0b-4f06-859c-06527793f6e4|rpc:10.1.0.144:15023|admin:10.1.0.144:15022|client:10.1.0.144:15021|dataStream:10.1.0.144:15024|priority:1|startupRole:FOLLOWER, 7c2da756-7def-47bc-b4fd-fb4319f4a659|rpc:10.1.0.144:15014|admin:10.1.0.144:15013|client:10.1.0.144:15012|dataStream:10.1.0.144:15015|priority:0|startupRole:FOLLOWER, 1be5c5f2-a8c9-4995-9125-aff50ea2da2d|rpc:10.1.0.144:15032|admin:10.1.0.144:15031|client:10.1.0.144:15030|dataStream:10.1.0.144:15033|priority:0|startupRole:FOLLOWER] with ContainerStateMachine:uninitialized
2023-09-25 17:56:29,911 [1be5c5f2-a8c9-4995-9125-aff50ea2da2d-groupManagement] INFO  server.RaftServerConfigKeys (ConfUtils.java:logGet(46)) - raft.server.rpc.timeout.min = 5s (custom)
2023-09-25 17:56:29,912 [1be5c5f2-a8c9-4995-9125-aff50ea2da2d-groupManagement] INFO  server.RaftServerConfigKeys (ConfUtils.java:logGet(46)) - raft.server.rpc.timeout.max = 5200ms (custom)
2023-09-25 17:56:29,912 [1be5c5f2-a8c9-4995-9125-aff50ea2da2d-groupManagement] INFO  server.RaftServerConfigKeys (ConfUtils.java:logGet(46)) - raft.server.rpc.sleep.time = 25ms (default)
2023-09-25 17:56:29,912 [1be5c5f2-a8c9-4995-9125-aff50ea2da2d-groupManagement] INFO  server.RaftServerConfigKeys (ConfUtils.java:logGet(46)) - raft.server.rpc.slowness.timeout = 300s (custom)
2023-09-25 17:56:29,912 [1be5c5f2-a8c9-4995-9125-aff50ea2da2d-groupManagement] INFO  server.RaftServerConfigKeys (ConfUtils.java:logGet(46)) - raft.server.leaderelection.leader.step-down.wait-time = 10s (default)
2023-09-25 17:56:29,912 [1be5c5f2-a8c9-4995-9125-aff50ea2da2d-groupManagement] INFO  server.RaftServerConfigKeys (ConfUtils.java:logGet(46)) - raft.server.sleep.deviation.threshold = 300ms (default)
2023-09-25 17:56:29,912 [1be5c5f2-a8c9-4995-9125-aff50ea2da2d-groupManagement] INFO  server.RaftServer$Division (ServerState.java:<init>(120)) - 1be5c5f2-a8c9-4995-9125-aff50ea2da2d@group-1A0BCD27AFBC: ConfigurationManager, init=-1: peers:[07de5ce2-8a0b-4f06-859c-06527793f6e4|rpc:10.1.0.144:15023|admin:10.1.0.144:15022|client:10.1.0.144:15021|dataStream:10.1.0.144:15024|priority:1|startupRole:FOLLOWER, 7c2da756-7def-47bc-b4fd-fb4319f4a659|rpc:10.1.0.144:15014|admin:10.1.0.144:15013|client:10.1.0.144:15012|dataStream:10.1.0.144:15015|priority:0|startupRole:FOLLOWER, 1be5c5f2-a8c9-4995-9125-aff50ea2da2d|rpc:10.1.0.144:15032|admin:10.1.0.144:15031|client:10.1.0.144:15030|dataStream:10.1.0.144:15033|priority:0|startupRole:FOLLOWER]|listeners:[], old=null, confs=<EMPTY_MAP>
2023-09-25 17:56:29,912 [1be5c5f2-a8c9-4995-9125-aff50ea2da2d-groupManagement] INFO  server.RaftServerConfigKeys (ConfUtils.java:logGet(46)) - raft.server.storage.dir = [/home/runner/work/ozone/ozone/hadoop-ozone/integration-test/target/test-dir/MiniOzoneClusterImpl-932dec38-ee06-46f6-8792-0cf7b891b204/datanode-2/data/ratis] (custom)
2023-09-25 17:56:29,912 [1be5c5f2-a8c9-4995-9125-aff50ea2da2d-groupManagement] INFO  server.RaftServerConfigKeys (ConfUtils.java:logGet(46)) - raft.server.log.corruption.policy = EXCEPTION (default)
2023-09-25 17:56:29,912 [1be5c5f2-a8c9-4995-9125-aff50ea2da2d-groupManagement] INFO  server.RaftServerConfigKeys (ConfUtils.java:logGet(46)) - raft.server.storage.free-space.min = 0MB (=0) (default)
2023-09-25 17:56:29,912 [1be5c5f2-a8c9-4995-9125-aff50ea2da2d-groupManagement] INFO  server.RaftServerConfigKeys (ConfUtils.java:logGet(46)) - raft.server.notification.no-leader.timeout = 300s (custom)
2023-09-25 17:56:29,912 [1be5c5f2-a8c9-4995-9125-aff50ea2da2d-groupManagement] INFO  server.RaftServerConfigKeys (ConfUtils.java:logGet(46)) - raft.server.read.timeout = 10s (default)
2023-09-25 17:56:29,913 [1be5c5f2-a8c9-4995-9125-aff50ea2da2d-groupManagement] INFO  server.RaftServerConfigKeys (ConfUtils.java:logGet(46)) - raft.server.retrycache.expirytime = 600000ms (custom)
2023-09-25 17:56:29,913 [1be5c5f2-a8c9-4995-9125-aff50ea2da2d-groupManagement] INFO  server.RaftServerConfigKeys (ConfUtils.java:logGet(46)) - raft.server.retrycache.statistics.expirytime = 100μs (default)
2023-09-25 17:56:29,913 [1be5c5f2-a8c9-4995-9125-aff50ea2da2d-groupManagement] INFO  server.RaftServerConfigKeys (ConfUtils.java:logGet(46)) - raft.server.read.option = DEFAULT (default)
2023-09-25 17:56:29,919 [1be5c5f2-a8c9-4995-9125-aff50ea2da2d-groupManagement] INFO  server.RaftServerConfigKeys (ConfUtils.java:logGet(46)) - raft.server.rpc.request.timeout = 60s (custom)
2023-09-25 17:56:29,919 [1be5c5f2-a8c9-4995-9125-aff50ea2da2d-groupManagement] INFO  server.RaftServerConfigKeys (ConfUtils.java:logGet(46)) - raft.server.log.appender.install.snapshot.enabled = false (custom)
2023-09-25 17:56:29,919 [1be5c5f2-a8c9-4995-9125-aff50ea2da2d-groupManagement] INFO  server.RaftServerConfigKeys (ConfUtils.java:logGet(46)) - raft.server.threadpool.server.cached = true (default)
2023-09-25 17:56:29,919 [1be5c5f2-a8c9-4995-9125-aff50ea2da2d-groupManagement] INFO  server.RaftServerConfigKeys (ConfUtils.java:logGet(46)) - raft.server.threadpool.server.size = 0 (default)
2023-09-25 17:56:29,919 [1be5c5f2-a8c9-4995-9125-aff50ea2da2d-groupManagement] INFO  server.RaftServerConfigKeys (ConfUtils.java:logGet(46)) - raft.server.threadpool.client.cached = true (default)
2023-09-25 17:56:29,920 [1be5c5f2-a8c9-4995-9125-aff50ea2da2d-groupManagement] INFO  server.RaftServerConfigKeys (ConfUtils.java:logGet(46)) - raft.server.threadpool.client.size = 0 (default)
2023-09-25 17:56:29,920 [1be5c5f2-a8c9-4995-9125-aff50ea2da2d-groupManagement] INFO  storage.RaftStorageDirectory (RaftStorageDirectoryImpl.java:analyzeStorage(137)) - The storage directory /home/runner/work/ozone/ozone/hadoop-ozone/integration-test/target/test-dir/MiniOzoneClusterImpl-932dec38-ee06-46f6-8792-0cf7b891b204/datanode-2/data/ratis/0d845f41-15a5-4737-b45c-1a0bcd27afbc does not exist. Creating ...
2023-09-25 17:56:29,929 [1be5c5f2-a8c9-4995-9125-aff50ea2da2d-groupManagement] INFO  storage.RaftStorageDirectory (RaftStorageDirectoryImpl.java:tryLock(231)) - Lock on /home/runner/work/ozone/ozone/hadoop-ozone/integration-test/target/test-dir/MiniOzoneClusterImpl-932dec38-ee06-46f6-8792-0cf7b891b204/datanode-2/data/ratis/0d845f41-15a5-4737-b45c-1a0bcd27afbc/in_use.lock acquired by nodename 19424@fv-az249-861
2023-09-25 17:56:29,930 [1be5c5f2-a8c9-4995-9125-aff50ea2da2d-groupManagement] INFO  storage.RaftStorage (RaftStorageImpl.java:format(96)) - Storage directory /home/runner/work/ozone/ozone/hadoop-ozone/integration-test/target/test-dir/MiniOzoneClusterImpl-932dec38-ee06-46f6-8792-0cf7b891b204/datanode-2/data/ratis/0d845f41-15a5-4737-b45c-1a0bcd27afbc has been successfully formatted.
2023-09-25 17:56:29,932 [1be5c5f2-a8c9-4995-9125-aff50ea2da2d-groupManagement] INFO  ratis.ContainerStateMachine (ContainerStateMachine.java:loadSnapshot(262)) - group-1A0BCD27AFBC: The snapshot info is null. Setting the last applied indexto:(t:0, i:~)
2023-09-25 17:56:29,932 [1be5c5f2-a8c9-4995-9125-aff50ea2da2d-groupManagement] INFO  server.RaftServerConfigKeys (ConfUtils.java:logGet(46)) - raft.server.log.use.memory = false (default)
2023-09-25 17:56:29,933 [1be5c5f2-a8c9-4995-9125-aff50ea2da2d-groupManagement] INFO  server.RaftServerConfigKeys (ConfUtils.java:logGet(46)) - raft.server.log.purge.gap = 1000000 (custom)
2023-09-25 17:56:29,933 [1be5c5f2-a8c9-4995-9125-aff50ea2da2d-groupManagement] INFO  server.RaftServerConfigKeys (ConfUtils.java:logGet(46)) - raft.server.log.appender.buffer.byte-limit = 33554432 (custom)
2023-09-25 17:56:29,933 [1be5c5f2-a8c9-4995-9125-aff50ea2da2d-groupManagement] INFO  server.RaftServerConfigKeys (ConfUtils.java:logGet(46)) - raft.server.log.statemachine.data.read.timeout = 1000ms (default)
2023-09-25 17:56:29,933 [1be5c5f2-a8c9-4995-9125-aff50ea2da2d-groupManagement] INFO  server.RaftServerConfigKeys (ConfUtils.java:logGet(46)) - raft.server.log.purge.preservation.log.num = 0 (default)
2023-09-25 17:56:29,933 [1be5c5f2-a8c9-4995-9125-aff50ea2da2d-groupManagement] INFO  server.RaftServerConfigKeys (ConfUtils.java:logGet(46)) - raft.server.log.segment.size.max = 1048576 (custom)
2023-09-25 17:56:29,934 [1be5c5f2-a8c9-4995-9125-aff50ea2da2d-groupManagement] INFO  server.RaftServerConfigKeys (ConfUtils.java:logGet(46)) - raft.server.log.segment.cache.num.max = 2 (custom)
2023-09-25 17:56:29,935 [1be5c5f2-a8c9-4995-9125-aff50ea2da2d-groupManagement] INFO  server.RaftServerConfigKeys (ConfUtils.java:logGet(46)) - raft.server.log.segment.cache.size.max = 200MB (=209715200) (default)
2023-09-25 17:56:29,935 [1be5c5f2-a8c9-4995-9125-aff50ea2da2d-groupManagement] INFO  server.RaftServerConfigKeys (ConfUtils.java:logGet(46)) - raft.server.log.appender.buffer.byte-limit = 33554432 (custom)
2023-09-25 17:56:29,939 [1be5c5f2-a8c9-4995-9125-aff50ea2da2d-groupManagement] INFO  segmented.SegmentedRaftLogWorker (SegmentedRaftLogWorker.java:<init>(188)) - new 1be5c5f2-a8c9-4995-9125-aff50ea2da2d@group-1A0BCD27AFBC-SegmentedRaftLogWorker for RaftStorageImpl:Storage Directory /home/runner/work/ozone/ozone/hadoop-ozone/integration-test/target/test-dir/MiniOzoneClusterImpl-932dec38-ee06-46f6-8792-0cf7b891b204/datanode-2/data/ratis/0d845f41-15a5-4737-b45c-1a0bcd27afbc
2023-09-25 17:56:29,939 [1be5c5f2-a8c9-4995-9125-aff50ea2da2d-groupManagement] INFO  server.RaftServerConfigKeys (ConfUtils.java:logGet(46)) - raft.server.log.queue.byte-limit = 4294967296 (custom)
2023-09-25 17:56:29,939 [1be5c5f2-a8c9-4995-9125-aff50ea2da2d-groupManagement] INFO  server.RaftServerConfigKeys (ConfUtils.java:logGet(46)) - raft.server.log.queue.element-limit = 1024 (custom)
2023-09-25 17:56:29,939 [1be5c5f2-a8c9-4995-9125-aff50ea2da2d-groupManagement] INFO  server.RaftServerConfigKeys (ConfUtils.java:logGet(46)) - raft.server.log.segment.size.max = 1048576 (custom)
2023-09-25 17:56:29,939 [1be5c5f2-a8c9-4995-9125-aff50ea2da2d-groupManagement] INFO  server.RaftServerConfigKeys (ConfUtils.java:logGet(46)) - raft.server.log.preallocated.size = 16384 (custom)
2023-09-25 17:56:29,939 [1be5c5f2-a8c9-4995-9125-aff50ea2da2d-groupManagement] INFO  server.RaftServerConfigKeys (ConfUtils.java:logGet(46)) - raft.server.log.force.sync.num = 128 (default)
2023-09-25 17:56:29,939 [1be5c5f2-a8c9-4995-9125-aff50ea2da2d-groupManagement] INFO  server.RaftServerConfigKeys (ConfUtils.java:logGet(46)) - raft.server.log.statemachine.data.sync = true (default)
2023-09-25 17:56:29,939 [1be5c5f2-a8c9-4995-9125-aff50ea2da2d-groupManagement] INFO  server.RaftServerConfigKeys (ConfUtils.java:logGet(46)) - raft.server.log.statemachine.data.sync.timeout = 10s (default)
2023-09-25 17:56:29,939 [1be5c5f2-a8c9-4995-9125-aff50ea2da2d-groupManagement] INFO  server.RaftServerConfigKeys (ConfUtils.java:logGet(46)) - raft.server.log.statemachine.data.sync.timeout.retry = -1 (default)
2023-09-25 17:56:29,941 [EventQueue-OpenPipelineForHealthyPipelineSafeModeRule] INFO  safemode.SCMSafeModeManager (HealthyPipelineSafeModeRule.java:process(137)) - SCM in safe mode. Healthy pipelines reported count is 0, required healthy pipeline reported count is 1
2023-09-25 17:56:29,945 [1be5c5f2-a8c9-4995-9125-aff50ea2da2d-groupManagement] INFO  server.RaftServerConfigKeys (ConfUtils.java:logGet(46)) - raft.server.log.write.buffer.size = 1048576 (custom)
2023-09-25 17:56:29,946 [1be5c5f2-a8c9-4995-9125-aff50ea2da2d-groupManagement] INFO  server.RaftServerConfigKeys (ConfUtils.java:logGet(46)) - raft.server.log.appender.buffer.byte-limit = 33554432 (custom)
2023-09-25 17:56:29,955 [1be5c5f2-a8c9-4995-9125-aff50ea2da2d-groupManagement] INFO  server.RaftServerConfigKeys (ConfUtils.java:logGet(46)) - raft.server.log.unsafe-flush.enabled = false (default)
2023-09-25 17:56:29,971 [1be5c5f2-a8c9-4995-9125-aff50ea2da2d-groupManagement] INFO  server.RaftServerConfigKeys (ConfUtils.java:logGet(46)) - raft.server.log.async-flush.enabled = false (default)
2023-09-25 17:56:29,971 [1be5c5f2-a8c9-4995-9125-aff50ea2da2d-groupManagement] INFO  server.RaftServerConfigKeys (ConfUtils.java:logGet(46)) - raft.server.log.statemachine.data.caching.enabled = true (custom)
2023-09-25 17:56:29,971 [1be5c5f2-a8c9-4995-9125-aff50ea2da2d-groupManagement] INFO  segmented.SegmentedRaftLogWorker (SegmentedRaftLogWorker.java:lambda$new$0(135)) - 1be5c5f2-a8c9-4995-9125-aff50ea2da2d@group-1A0BCD27AFBC-SegmentedRaftLogWorker: flushIndex: setUnconditionally 0 -> -1
2023-09-25 17:56:29,971 [1be5c5f2-a8c9-4995-9125-aff50ea2da2d-groupManagement] INFO  segmented.SegmentedRaftLogWorker (SegmentedRaftLogWorker.java:lambda$new$0(135)) - 1be5c5f2-a8c9-4995-9125-aff50ea2da2d@group-1A0BCD27AFBC-SegmentedRaftLogWorker: safeCacheEvictIndex: setUnconditionally 0 -> -1
2023-09-25 17:56:29,979 [1be5c5f2-a8c9-4995-9125-aff50ea2da2d-groupManagement] INFO  server.RaftServer$Division (RaftServerImpl.java:start(342)) - 1be5c5f2-a8c9-4995-9125-aff50ea2da2d@group-1A0BCD27AFBC: start as a follower, conf=-1: peers:[07de5ce2-8a0b-4f06-859c-06527793f6e4|rpc:10.1.0.144:15023|admin:10.1.0.144:15022|client:10.1.0.144:15021|dataStream:10.1.0.144:15024|priority:1|startupRole:FOLLOWER, 7c2da756-7def-47bc-b4fd-fb4319f4a659|rpc:10.1.0.144:15014|admin:10.1.0.144:15013|client:10.1.0.144:15012|dataStream:10.1.0.144:15015|priority:0|startupRole:FOLLOWER, 1be5c5f2-a8c9-4995-9125-aff50ea2da2d|rpc:10.1.0.144:15032|admin:10.1.0.144:15031|client:10.1.0.144:15030|dataStream:10.1.0.144:15033|priority:0|startupRole:FOLLOWER]|listeners:[], old=null
2023-09-25 17:56:29,979 [1be5c5f2-a8c9-4995-9125-aff50ea2da2d-groupManagement] INFO  server.RaftServer$Division (RaftServerImpl.java:setRole(329)) - 1be5c5f2-a8c9-4995-9125-aff50ea2da2d@group-1A0BCD27AFBC: changes role from      null to FOLLOWER at term 0 for startAsFollower
2023-09-25 17:56:29,979 [1be5c5f2-a8c9-4995-9125-aff50ea2da2d-groupManagement] INFO  impl.RoleInfo (RoleInfo.java:updateAndGet(139)) - 1be5c5f2-a8c9-4995-9125-aff50ea2da2d: start 1be5c5f2-a8c9-4995-9125-aff50ea2da2d@group-1A0BCD27AFBC-FollowerState
2023-09-25 17:56:29,979 [1be5c5f2-a8c9-4995-9125-aff50ea2da2d@group-1A0BCD27AFBC-FollowerState] INFO  server.RaftServerConfigKeys (ConfUtils.java:logFallback(53)) - raft.server.rpc.first-election.timeout.min = 5s (fallback to raft.server.rpc.timeout.min)
2023-09-25 17:56:29,986 [PipelineCommandHandlerThread-0] INFO  server.RaftServer (RaftServerProxy.java:addNew(98)) - 193d77cf-0768-416f-bba4-4eb853aeaf3c: addNew group-76068DDC8CFF:[193d77cf-0768-416f-bba4-4eb853aeaf3c|rpc:10.1.0.144:15041|admin:10.1.0.144:15040|client:10.1.0.144:15039|dataStream:10.1.0.144:15042|priority:1|startupRole:FOLLOWER] returns group-76068DDC8CFF:java.util.concurrent.CompletableFuture@c06e7c4[Not completed]
2023-09-25 17:56:29,979 [1be5c5f2-a8c9-4995-9125-aff50ea2da2d-groupManagement] INFO  util.JmxRegister (JmxRegister.java:tryRegister(44)) - Successfully registered JMX Bean with object name Ratis:service=RaftServer,group=group-1A0BCD27AFBC,id=1be5c5f2-a8c9-4995-9125-aff50ea2da2d
2023-09-25 17:56:29,999 [1be5c5f2-a8c9-4995-9125-aff50ea2da2d-groupManagement] INFO  server.RaftServerConfigKeys (ConfUtils.java:logGet(46)) - raft.server.snapshot.auto.trigger.enabled = true (custom)
2023-09-25 17:56:29,999 [1be5c5f2-a8c9-4995-9125-aff50ea2da2d-groupManagement] INFO  server.RaftServerConfigKeys (ConfUtils.java:logGet(46)) - raft.server.snapshot.auto.trigger.threshold = 10000 (custom)
2023-09-25 17:56:29,999 [1be5c5f2-a8c9-4995-9125-aff50ea2da2d-groupManagement] INFO  server.RaftServerConfigKeys (ConfUtils.java:logGet(46)) - raft.server.snapshot.retention.file.num = 5 (custom)
2023-09-25 17:56:29,999 [1be5c5f2-a8c9-4995-9125-aff50ea2da2d-groupManagement] INFO  server.RaftServerConfigKeys (ConfUtils.java:logGet(46)) - raft.server.log.purge.upto.snapshot.index = false (default)
2023-09-25 17:56:29,992 [1be5c5f2-a8c9-4995-9125-aff50ea2da2d@group-1A0BCD27AFBC-FollowerState] INFO  server.RaftServerConfigKeys (ConfUtils.java:logFallback(53)) - raft.server.rpc.first-election.timeout.max = 5200ms (fallback to raft.server.rpc.timeout.max)
2023-09-25 17:56:30,011 [PipelineCommandHandlerThread-0] INFO  ratis.XceiverServerRatis (XceiverServerRatis.java:addGroup(804)) - Created group PipelineID=0d845f41-15a5-4737-b45c-1a0bcd27afbc
2023-09-25 17:56:30,014 [193d77cf-0768-416f-bba4-4eb853aeaf3c-groupManagement] INFO  server.RaftServer$Division (RaftServerImpl.java:<init>(198)) - 193d77cf-0768-416f-bba4-4eb853aeaf3c: new RaftServerImpl for group-76068DDC8CFF:[193d77cf-0768-416f-bba4-4eb853aeaf3c|rpc:10.1.0.144:15041|admin:10.1.0.144:15040|client:10.1.0.144:15039|dataStream:10.1.0.144:15042|priority:1|startupRole:FOLLOWER] with ContainerStateMachine:uninitialized
2023-09-25 17:56:30,014 [193d77cf-0768-416f-bba4-4eb853aeaf3c-groupManagement] INFO  server.RaftServerConfigKeys (ConfUtils.java:logGet(46)) - raft.server.rpc.timeout.min = 5s (custom)
2023-09-25 17:56:30,014 [193d77cf-0768-416f-bba4-4eb853aeaf3c-groupManagement] INFO  server.RaftServerConfigKeys (ConfUtils.java:logGet(46)) - raft.server.rpc.timeout.max = 5200ms (custom)
2023-09-25 17:56:30,014 [193d77cf-0768-416f-bba4-4eb853aeaf3c-groupManagement] INFO  server.RaftServerConfigKeys (ConfUtils.java:logGet(46)) - raft.server.rpc.sleep.time = 25ms (default)
2023-09-25 17:56:30,014 [193d77cf-0768-416f-bba4-4eb853aeaf3c-groupManagement] INFO  server.RaftServerConfigKeys (ConfUtils.java:logGet(46)) - raft.server.rpc.slowness.timeout = 300s (custom)
2023-09-25 17:56:30,014 [193d77cf-0768-416f-bba4-4eb853aeaf3c-groupManagement] INFO  server.RaftServerConfigKeys (ConfUtils.java:logGet(46)) - raft.server.leaderelection.leader.step-down.wait-time = 10s (default)
2023-09-25 17:56:30,014 [193d77cf-0768-416f-bba4-4eb853aeaf3c-groupManagement] INFO  server.RaftServerConfigKeys (ConfUtils.java:logGet(46)) - raft.server.sleep.deviation.threshold = 300ms (default)
2023-09-25 17:56:30,015 [193d77cf-0768-416f-bba4-4eb853aeaf3c-groupManagement] INFO  server.RaftServer$Division (ServerState.java:<init>(120)) - 193d77cf-0768-416f-bba4-4eb853aeaf3c@group-76068DDC8CFF: ConfigurationManager, init=-1: peers:[193d77cf-0768-416f-bba4-4eb853aeaf3c|rpc:10.1.0.144:15041|admin:10.1.0.144:15040|client:10.1.0.144:15039|dataStream:10.1.0.144:15042|priority:1|startupRole:FOLLOWER]|listeners:[], old=null, confs=<EMPTY_MAP>
2023-09-25 17:56:30,015 [193d77cf-0768-416f-bba4-4eb853aeaf3c-groupManagement] INFO  server.RaftServerConfigKeys (ConfUtils.java:logGet(46)) - raft.server.storage.dir = [/home/runner/work/ozone/ozone/hadoop-ozone/integration-test/target/test-dir/MiniOzoneClusterImpl-932dec38-ee06-46f6-8792-0cf7b891b204/datanode-3/data/ratis] (custom)
2023-09-25 17:56:30,025 [193d77cf-0768-416f-bba4-4eb853aeaf3c-groupManagement] INFO  server.RaftServerConfigKeys (ConfUtils.java:logGet(46)) - raft.server.log.corruption.policy = EXCEPTION (default)
2023-09-25 17:56:30,026 [193d77cf-0768-416f-bba4-4eb853aeaf3c-groupManagement] INFO  server.RaftServerConfigKeys (ConfUtils.java:logGet(46)) - raft.server.storage.free-space.min = 0MB (=0) (default)
2023-09-25 17:56:30,026 [193d77cf-0768-416f-bba4-4eb853aeaf3c-groupManagement] INFO  server.RaftServerConfigKeys (ConfUtils.java:logGet(46)) - raft.server.notification.no-leader.timeout = 300s (custom)
2023-09-25 17:56:30,026 [193d77cf-0768-416f-bba4-4eb853aeaf3c-groupManagement] INFO  server.RaftServerConfigKeys (ConfUtils.java:logGet(46)) - raft.server.read.timeout = 10s (default)
2023-09-25 17:56:30,026 [193d77cf-0768-416f-bba4-4eb853aeaf3c-groupManagement] INFO  server.RaftServerConfigKeys (ConfUtils.java:logGet(46)) - raft.server.retrycache.expirytime = 600000ms (custom)
2023-09-25 17:56:30,026 [193d77cf-0768-416f-bba4-4eb853aeaf3c-groupManagement] INFO  server.RaftServerConfigKeys (ConfUtils.java:logGet(46)) - raft.server.retrycache.statistics.expirytime = 100μs (default)
2023-09-25 17:56:30,026 [193d77cf-0768-416f-bba4-4eb853aeaf3c-groupManagement] INFO  server.RaftServerConfigKeys (ConfUtils.java:logGet(46)) - raft.server.read.option = DEFAULT (default)
2023-09-25 17:56:30,033 [193d77cf-0768-416f-bba4-4eb853aeaf3c-groupManagement] INFO  server.RaftServerConfigKeys (ConfUtils.java:logGet(46)) - raft.server.rpc.request.timeout = 60s (custom)
2023-09-25 17:56:30,033 [193d77cf-0768-416f-bba4-4eb853aeaf3c-groupManagement] INFO  server.RaftServerConfigKeys (ConfUtils.java:logGet(46)) - raft.server.log.appender.install.snapshot.enabled = false (custom)
2023-09-25 17:56:30,033 [193d77cf-0768-416f-bba4-4eb853aeaf3c-groupManagement] INFO  server.RaftServerConfigKeys (ConfUtils.java:logGet(46)) - raft.server.threadpool.server.cached = true (default)
2023-09-25 17:56:30,033 [193d77cf-0768-416f-bba4-4eb853aeaf3c-groupManagement] INFO  server.RaftServerConfigKeys (ConfUtils.java:logGet(46)) - raft.server.threadpool.server.size = 0 (default)
2023-09-25 17:56:30,033 [193d77cf-0768-416f-bba4-4eb853aeaf3c-groupManagement] INFO  server.RaftServerConfigKeys (ConfUtils.java:logGet(46)) - raft.server.threadpool.client.cached = true (default)
2023-09-25 17:56:30,033 [193d77cf-0768-416f-bba4-4eb853aeaf3c-groupManagement] INFO  server.RaftServerConfigKeys (ConfUtils.java:logGet(46)) - raft.server.threadpool.client.size = 0 (default)
2023-09-25 17:56:30,034 [193d77cf-0768-416f-bba4-4eb853aeaf3c-groupManagement] INFO  storage.RaftStorageDirectory (RaftStorageDirectoryImpl.java:analyzeStorage(137)) - The storage directory /home/runner/work/ozone/ozone/hadoop-ozone/integration-test/target/test-dir/MiniOzoneClusterImpl-932dec38-ee06-46f6-8792-0cf7b891b204/datanode-3/data/ratis/7f2bf33e-c0c0-42c2-8d2a-76068ddc8cff does not exist. Creating ...
2023-09-25 17:56:30,035 [193d77cf-0768-416f-bba4-4eb853aeaf3c-groupManagement] INFO  storage.RaftStorageDirectory (RaftStorageDirectoryImpl.java:tryLock(231)) - Lock on /home/runner/work/ozone/ozone/hadoop-ozone/integration-test/target/test-dir/MiniOzoneClusterImpl-932dec38-ee06-46f6-8792-0cf7b891b204/datanode-3/data/ratis/7f2bf33e-c0c0-42c2-8d2a-76068ddc8cff/in_use.lock acquired by nodename 19424@fv-az249-861
2023-09-25 17:56:30,037 [193d77cf-0768-416f-bba4-4eb853aeaf3c-groupManagement] INFO  storage.RaftStorage (RaftStorageImpl.java:format(96)) - Storage directory /home/runner/work/ozone/ozone/hadoop-ozone/integration-test/target/test-dir/MiniOzoneClusterImpl-932dec38-ee06-46f6-8792-0cf7b891b204/datanode-3/data/ratis/7f2bf33e-c0c0-42c2-8d2a-76068ddc8cff has been successfully formatted.
2023-09-25 17:56:30,047 [193d77cf-0768-416f-bba4-4eb853aeaf3c-groupManagement] INFO  ratis.ContainerStateMachine (ContainerStateMachine.java:loadSnapshot(262)) - group-76068DDC8CFF: The snapshot info is null. Setting the last applied indexto:(t:0, i:~)
2023-09-25 17:56:30,047 [193d77cf-0768-416f-bba4-4eb853aeaf3c-groupManagement] INFO  server.RaftServerConfigKeys (ConfUtils.java:logGet(46)) - raft.server.log.use.memory = false (default)
2023-09-25 17:56:30,047 [193d77cf-0768-416f-bba4-4eb853aeaf3c-groupManagement] INFO  server.RaftServerConfigKeys (ConfUtils.java:logGet(46)) - raft.server.log.purge.gap = 1000000 (custom)
2023-09-25 17:56:30,047 [193d77cf-0768-416f-bba4-4eb853aeaf3c-groupManagement] INFO  server.RaftServerConfigKeys (ConfUtils.java:logGet(46)) - raft.server.log.appender.buffer.byte-limit = 33554432 (custom)
2023-09-25 17:56:30,048 [193d77cf-0768-416f-bba4-4eb853aeaf3c-groupManagement] INFO  server.RaftServerConfigKeys (ConfUtils.java:logGet(46)) - raft.server.log.statemachine.data.read.timeout = 1000ms (default)
2023-09-25 17:56:30,048 [193d77cf-0768-416f-bba4-4eb853aeaf3c-groupManagement] INFO  server.RaftServerConfigKeys (ConfUtils.java:logGet(46)) - raft.server.log.purge.preservation.log.num = 0 (default)
2023-09-25 17:56:30,048 [193d77cf-0768-416f-bba4-4eb853aeaf3c-groupManagement] INFO  server.RaftServerConfigKeys (ConfUtils.java:logGet(46)) - raft.server.log.segment.size.max = 1048576 (custom)
2023-09-25 17:56:30,048 [193d77cf-0768-416f-bba4-4eb853aeaf3c-groupManagement] INFO  server.RaftServerConfigKeys (ConfUtils.java:logGet(46)) - raft.server.log.segment.cache.num.max = 2 (custom)
2023-09-25 17:56:30,049 [193d77cf-0768-416f-bba4-4eb853aeaf3c-groupManagement] INFO  server.RaftServerConfigKeys (ConfUtils.java:logGet(46)) - raft.server.log.segment.cache.size.max = 200MB (=209715200) (default)
2023-09-25 17:56:30,049 [193d77cf-0768-416f-bba4-4eb853aeaf3c-groupManagement] INFO  server.RaftServerConfigKeys (ConfUtils.java:logGet(46)) - raft.server.log.appender.buffer.byte-limit = 33554432 (custom)
2023-09-25 17:56:30,049 [193d77cf-0768-416f-bba4-4eb853aeaf3c-groupManagement] INFO  segmented.SegmentedRaftLogWorker (SegmentedRaftLogWorker.java:<init>(188)) - new 193d77cf-0768-416f-bba4-4eb853aeaf3c@group-76068DDC8CFF-SegmentedRaftLogWorker for RaftStorageImpl:Storage Directory /home/runner/work/ozone/ozone/hadoop-ozone/integration-test/target/test-dir/MiniOzoneClusterImpl-932dec38-ee06-46f6-8792-0cf7b891b204/datanode-3/data/ratis/7f2bf33e-c0c0-42c2-8d2a-76068ddc8cff
2023-09-25 17:56:30,049 [193d77cf-0768-416f-bba4-4eb853aeaf3c-groupManagement] INFO  server.RaftServerConfigKeys (ConfUtils.java:logGet(46)) - raft.server.log.queue.byte-limit = 4294967296 (custom)
2023-09-25 17:56:30,049 [193d77cf-0768-416f-bba4-4eb853aeaf3c-groupManagement] INFO  server.RaftServerConfigKeys (ConfUtils.java:logGet(46)) - raft.server.log.queue.element-limit = 1024 (custom)
2023-09-25 17:56:30,049 [193d77cf-0768-416f-bba4-4eb853aeaf3c-groupManagement] INFO  server.RaftServerConfigKeys (ConfUtils.java:logGet(46)) - raft.server.log.segment.size.max = 1048576 (custom)
2023-09-25 17:56:30,049 [193d77cf-0768-416f-bba4-4eb853aeaf3c-groupManagement] INFO  server.RaftServerConfigKeys (ConfUtils.java:logGet(46)) - raft.server.log.preallocated.size = 16384 (custom)
2023-09-25 17:56:30,049 [193d77cf-0768-416f-bba4-4eb853aeaf3c-groupManagement] INFO  server.RaftServerConfigKeys (ConfUtils.java:logGet(46)) - raft.server.log.force.sync.num = 128 (default)
2023-09-25 17:56:30,049 [193d77cf-0768-416f-bba4-4eb853aeaf3c-groupManagement] INFO  server.RaftServerConfigKeys (ConfUtils.java:logGet(46)) - raft.server.log.statemachine.data.sync = true (default)
2023-09-25 17:56:30,050 [193d77cf-0768-416f-bba4-4eb853aeaf3c-groupManagement] INFO  server.RaftServerConfigKeys (ConfUtils.java:logGet(46)) - raft.server.log.statemachine.data.sync.timeout = 10s (default)
2023-09-25 17:56:30,050 [193d77cf-0768-416f-bba4-4eb853aeaf3c-groupManagement] INFO  server.RaftServerConfigKeys (ConfUtils.java:logGet(46)) - raft.server.log.statemachine.data.sync.timeout.retry = -1 (default)
2023-09-25 17:56:30,055 [193d77cf-0768-416f-bba4-4eb853aeaf3c-groupManagement] INFO  server.RaftServerConfigKeys (ConfUtils.java:logGet(46)) - raft.server.log.write.buffer.size = 1048576 (custom)
2023-09-25 17:56:30,056 [193d77cf-0768-416f-bba4-4eb853aeaf3c-groupManagement] INFO  server.RaftServerConfigKeys (ConfUtils.java:logGet(46)) - raft.server.log.appender.buffer.byte-limit = 33554432 (custom)
2023-09-25 17:56:30,070 [EventQueue-PipelineReportForPipelineReportHandler] INFO  pipeline.PipelineReportHandler (PipelineReportHandler.java:processPipelineReport(136)) - Opened pipeline PipelineID=7f2bf33e-c0c0-42c2-8d2a-76068ddc8cff
2023-09-25 17:56:30,070 [EventQueue-OpenPipelineForHealthyPipelineSafeModeRule] INFO  safemode.SCMSafeModeManager (HealthyPipelineSafeModeRule.java:process(137)) - SCM in safe mode. Healthy pipelines reported count is 0, required healthy pipeline reported count is 1
2023-09-25 17:56:30,076 [193d77cf-0768-416f-bba4-4eb853aeaf3c-groupManagement] INFO  server.RaftServerConfigKeys (ConfUtils.java:logGet(46)) - raft.server.log.unsafe-flush.enabled = false (default)
2023-09-25 17:56:30,076 [193d77cf-0768-416f-bba4-4eb853aeaf3c-groupManagement] INFO  server.RaftServerConfigKeys (ConfUtils.java:logGet(46)) - raft.server.log.async-flush.enabled = false (default)
2023-09-25 17:56:30,076 [193d77cf-0768-416f-bba4-4eb853aeaf3c-groupManagement] INFO  server.RaftServerConfigKeys (ConfUtils.java:logGet(46)) - raft.server.log.statemachine.data.caching.enabled = true (custom)
2023-09-25 17:56:30,076 [193d77cf-0768-416f-bba4-4eb853aeaf3c-groupManagement] INFO  segmented.SegmentedRaftLogWorker (SegmentedRaftLogWorker.java:lambda$new$0(135)) - 193d77cf-0768-416f-bba4-4eb853aeaf3c@group-76068DDC8CFF-SegmentedRaftLogWorker: flushIndex: setUnconditionally 0 -> -1
2023-09-25 17:56:30,076 [193d77cf-0768-416f-bba4-4eb853aeaf3c-groupManagement] INFO  segmented.SegmentedRaftLogWorker (SegmentedRaftLogWorker.java:lambda$new$0(135)) - 193d77cf-0768-416f-bba4-4eb853aeaf3c@group-76068DDC8CFF-SegmentedRaftLogWorker: safeCacheEvictIndex: setUnconditionally 0 -> -1
2023-09-25 17:56:30,088 [193d77cf-0768-416f-bba4-4eb853aeaf3c-groupManagement] INFO  server.RaftServer$Division (RaftServerImpl.java:start(342)) - 193d77cf-0768-416f-bba4-4eb853aeaf3c@group-76068DDC8CFF: start as a follower, conf=-1: peers:[193d77cf-0768-416f-bba4-4eb853aeaf3c|rpc:10.1.0.144:15041|admin:10.1.0.144:15040|client:10.1.0.144:15039|dataStream:10.1.0.144:15042|priority:1|startupRole:FOLLOWER]|listeners:[], old=null
2023-09-25 17:56:30,089 [193d77cf-0768-416f-bba4-4eb853aeaf3c-groupManagement] INFO  server.RaftServer$Division (RaftServerImpl.java:setRole(329)) - 193d77cf-0768-416f-bba4-4eb853aeaf3c@group-76068DDC8CFF: changes role from      null to FOLLOWER at term 0 for startAsFollower
2023-09-25 17:56:30,089 [193d77cf-0768-416f-bba4-4eb853aeaf3c-groupManagement] INFO  impl.RoleInfo (RoleInfo.java:updateAndGet(139)) - 193d77cf-0768-416f-bba4-4eb853aeaf3c: start 193d77cf-0768-416f-bba4-4eb853aeaf3c@group-76068DDC8CFF-FollowerState
2023-09-25 17:56:30,089 [193d77cf-0768-416f-bba4-4eb853aeaf3c-groupManagement] INFO  util.JmxRegister (JmxRegister.java:tryRegister(44)) - Successfully registered JMX Bean with object name Ratis:service=RaftServer,group=group-76068DDC8CFF,id=193d77cf-0768-416f-bba4-4eb853aeaf3c
2023-09-25 17:56:30,089 [193d77cf-0768-416f-bba4-4eb853aeaf3c-groupManagement] INFO  server.RaftServerConfigKeys (ConfUtils.java:logGet(46)) - raft.server.snapshot.auto.trigger.enabled = true (custom)
2023-09-25 17:56:30,089 [193d77cf-0768-416f-bba4-4eb853aeaf3c-groupManagement] INFO  server.RaftServerConfigKeys (ConfUtils.java:logGet(46)) - raft.server.snapshot.auto.trigger.threshold = 10000 (custom)
2023-09-25 17:56:30,089 [193d77cf-0768-416f-bba4-4eb853aeaf3c-groupManagement] INFO  server.RaftServerConfigKeys (ConfUtils.java:logGet(46)) - raft.server.snapshot.retention.file.num = 5 (custom)
2023-09-25 17:56:30,089 [193d77cf-0768-416f-bba4-4eb853aeaf3c-groupManagement] INFO  server.RaftServerConfigKeys (ConfUtils.java:logGet(46)) - raft.server.log.purge.upto.snapshot.index = false (default)
2023-09-25 17:56:30,094 [193d77cf-0768-416f-bba4-4eb853aeaf3c@group-76068DDC8CFF-FollowerState] INFO  server.RaftServerConfigKeys (ConfUtils.java:logFallback(53)) - raft.server.rpc.first-election.timeout.min = 5s (fallback to raft.server.rpc.timeout.min)
2023-09-25 17:56:30,094 [193d77cf-0768-416f-bba4-4eb853aeaf3c@group-76068DDC8CFF-FollowerState] INFO  server.RaftServerConfigKeys (ConfUtils.java:logFallback(53)) - raft.server.rpc.first-election.timeout.max = 5200ms (fallback to raft.server.rpc.timeout.max)
2023-09-25 17:56:30,115 [PipelineCommandHandlerThread-0] INFO  commandhandler.CreatePipelineCommandHandler (CreatePipelineCommandHandler.java:lambda$handle$2(124)) - Created Pipeline RATIS THREE PipelineID=0d845f41-15a5-4737-b45c-1a0bcd27afbc.
2023-09-25 17:56:30,115 [PipelineCommandHandlerThread-0] INFO  commandhandler.CreatePipelineCommandHandler (CreatePipelineCommandHandler.java:lambda$handle$2(124)) - Created Pipeline RATIS THREE PipelineID=0d845f41-15a5-4737-b45c-1a0bcd27afbc.
2023-09-25 17:56:30,116 [PipelineCommandHandlerThread-0] INFO  ratis.XceiverServerRatis (XceiverServerRatis.java:addGroup(804)) - Created group PipelineID=7f2bf33e-c0c0-42c2-8d2a-76068ddc8cff
2023-09-25 17:56:30,119 [PipelineCommandHandlerThread-0] INFO  commandhandler.CreatePipelineCommandHandler (CreatePipelineCommandHandler.java:lambda$handle$2(124)) - Created Pipeline RATIS ONE PipelineID=7f2bf33e-c0c0-42c2-8d2a-76068ddc8cff.
2023-09-25 17:56:30,170 [PipelineCommandHandlerThread-0] INFO  commandhandler.CreatePipelineCommandHandler (CreatePipelineCommandHandler.java:lambda$handle$2(124)) - Created Pipeline RATIS THREE PipelineID=0d845f41-15a5-4737-b45c-1a0bcd27afbc.
2023-09-25 17:56:30,321 [main] INFO  ozone.MiniOzoneClusterImpl (MiniOzoneClusterImpl.java:lambda$waitForClusterToBeReady$0(229)) - Nodes are ready. Got 5 of 5 DN Heartbeats.
2023-09-25 17:56:30,321 [main] INFO  ozone.MiniOzoneClusterImpl (MiniOzoneClusterImpl.java:lambda$waitForClusterToBeReady$0(232)) - Waiting for cluster to exit safe mode
2023-09-25 17:56:30,321 [main] INFO  ozone.MiniOzoneClusterImpl (MiniOzoneClusterImpl.java:lambda$waitForClusterToBeReady$0(234)) - SCM became leader
2023-09-25 17:56:30,329 [PipelineCommandHandlerThread-0] INFO  server.RaftServer (RaftServerProxy.java:addNew(98)) - 547bcca7-662f-4506-ab3e-0bdf08a2cfda: addNew group-1248E2258E1A:[547bcca7-662f-4506-ab3e-0bdf08a2cfda|rpc:10.1.0.144:15050|admin:10.1.0.144:15049|client:10.1.0.144:15048|dataStream:10.1.0.144:15051|priority:1|startupRole:FOLLOWER] returns group-1248E2258E1A:java.util.concurrent.CompletableFuture@5e3b7b01[Not completed]
2023-09-25 17:56:30,331 [547bcca7-662f-4506-ab3e-0bdf08a2cfda-groupManagement] INFO  server.RaftServer$Division (RaftServerImpl.java:<init>(198)) - 547bcca7-662f-4506-ab3e-0bdf08a2cfda: new RaftServerImpl for group-1248E2258E1A:[547bcca7-662f-4506-ab3e-0bdf08a2cfda|rpc:10.1.0.144:15050|admin:10.1.0.144:15049|client:10.1.0.144:15048|dataStream:10.1.0.144:15051|priority:1|startupRole:FOLLOWER] with ContainerStateMachine:uninitialized
2023-09-25 17:56:30,332 [547bcca7-662f-4506-ab3e-0bdf08a2cfda-groupManagement] INFO  server.RaftServerConfigKeys (ConfUtils.java:logGet(46)) - raft.server.rpc.timeout.min = 5s (custom)
2023-09-25 17:56:30,332 [547bcca7-662f-4506-ab3e-0bdf08a2cfda-groupManagement] INFO  server.RaftServerConfigKeys (ConfUtils.java:logGet(46)) - raft.server.rpc.timeout.max = 5200ms (custom)
2023-09-25 17:56:30,332 [547bcca7-662f-4506-ab3e-0bdf08a2cfda-groupManagement] INFO  server.RaftServerConfigKeys (ConfUtils.java:logGet(46)) - raft.server.rpc.sleep.time = 25ms (default)
2023-09-25 17:56:30,332 [547bcca7-662f-4506-ab3e-0bdf08a2cfda-groupManagement] INFO  server.RaftServerConfigKeys (ConfUtils.java:logGet(46)) - raft.server.rpc.slowness.timeout = 300s (custom)
2023-09-25 17:56:30,332 [547bcca7-662f-4506-ab3e-0bdf08a2cfda-groupManagement] INFO  server.RaftServerConfigKeys (ConfUtils.java:logGet(46)) - raft.server.leaderelection.leader.step-down.wait-time = 10s (default)
2023-09-25 17:56:30,332 [547bcca7-662f-4506-ab3e-0bdf08a2cfda-groupManagement] INFO  server.RaftServerConfigKeys (ConfUtils.java:logGet(46)) - raft.server.sleep.deviation.threshold = 300ms (default)
2023-09-25 17:56:30,332 [547bcca7-662f-4506-ab3e-0bdf08a2cfda-groupManagement] INFO  server.RaftServer$Division (ServerState.java:<init>(120)) - 547bcca7-662f-4506-ab3e-0bdf08a2cfda@group-1248E2258E1A: ConfigurationManager, init=-1: peers:[547bcca7-662f-4506-ab3e-0bdf08a2cfda|rpc:10.1.0.144:15050|admin:10.1.0.144:15049|client:10.1.0.144:15048|dataStream:10.1.0.144:15051|priority:1|startupRole:FOLLOWER]|listeners:[], old=null, confs=<EMPTY_MAP>
2023-09-25 17:56:30,332 [547bcca7-662f-4506-ab3e-0bdf08a2cfda-groupManagement] INFO  server.RaftServerConfigKeys (ConfUtils.java:logGet(46)) - raft.server.storage.dir = [/home/runner/work/ozone/ozone/hadoop-ozone/integration-test/target/test-dir/MiniOzoneClusterImpl-932dec38-ee06-46f6-8792-0cf7b891b204/datanode-4/data/ratis] (custom)
2023-09-25 17:56:30,333 [547bcca7-662f-4506-ab3e-0bdf08a2cfda-groupManagement] INFO  server.RaftServerConfigKeys (ConfUtils.java:logGet(46)) - raft.server.log.corruption.policy = EXCEPTION (default)
2023-09-25 17:56:30,333 [547bcca7-662f-4506-ab3e-0bdf08a2cfda-groupManagement] INFO  server.RaftServerConfigKeys (ConfUtils.java:logGet(46)) - raft.server.storage.free-space.min = 0MB (=0) (default)
2023-09-25 17:56:30,333 [547bcca7-662f-4506-ab3e-0bdf08a2cfda-groupManagement] INFO  server.RaftServerConfigKeys (ConfUtils.java:logGet(46)) - raft.server.notification.no-leader.timeout = 300s (custom)
2023-09-25 17:56:30,333 [547bcca7-662f-4506-ab3e-0bdf08a2cfda-groupManagement] INFO  server.RaftServerConfigKeys (ConfUtils.java:logGet(46)) - raft.server.read.timeout = 10s (default)
2023-09-25 17:56:30,333 [547bcca7-662f-4506-ab3e-0bdf08a2cfda-groupManagement] INFO  server.RaftServerConfigKeys (ConfUtils.java:logGet(46)) - raft.server.retrycache.expirytime = 600000ms (custom)
2023-09-25 17:56:30,333 [547bcca7-662f-4506-ab3e-0bdf08a2cfda-groupManagement] INFO  server.RaftServerConfigKeys (ConfUtils.java:logGet(46)) - raft.server.retrycache.statistics.expirytime = 100μs (default)
2023-09-25 17:56:30,333 [547bcca7-662f-4506-ab3e-0bdf08a2cfda-groupManagement] INFO  server.RaftServerConfigKeys (ConfUtils.java:logGet(46)) - raft.server.read.option = DEFAULT (default)
2023-09-25 17:56:30,335 [547bcca7-662f-4506-ab3e-0bdf08a2cfda-groupManagement] INFO  server.RaftServerConfigKeys (ConfUtils.java:logGet(46)) - raft.server.rpc.request.timeout = 60s (custom)
2023-09-25 17:56:30,335 [547bcca7-662f-4506-ab3e-0bdf08a2cfda-groupManagement] INFO  server.RaftServerConfigKeys (ConfUtils.java:logGet(46)) - raft.server.log.appender.install.snapshot.enabled = false (custom)
2023-09-25 17:56:30,335 [547bcca7-662f-4506-ab3e-0bdf08a2cfda-groupManagement] INFO  server.RaftServerConfigKeys (ConfUtils.java:logGet(46)) - raft.server.threadpool.server.cached = true (default)
2023-09-25 17:56:30,335 [547bcca7-662f-4506-ab3e-0bdf08a2cfda-groupManagement] INFO  server.RaftServerConfigKeys (ConfUtils.java:logGet(46)) - raft.server.threadpool.server.size = 0 (default)
2023-09-25 17:56:30,335 [547bcca7-662f-4506-ab3e-0bdf08a2cfda-groupManagement] INFO  server.RaftServerConfigKeys (ConfUtils.java:logGet(46)) - raft.server.threadpool.client.cached = true (default)
2023-09-25 17:56:30,335 [547bcca7-662f-4506-ab3e-0bdf08a2cfda-groupManagement] INFO  server.RaftServerConfigKeys (ConfUtils.java:logGet(46)) - raft.server.threadpool.client.size = 0 (default)
2023-09-25 17:56:30,336 [547bcca7-662f-4506-ab3e-0bdf08a2cfda-groupManagement] INFO  storage.RaftStorageDirectory (RaftStorageDirectoryImpl.java:analyzeStorage(137)) - The storage directory /home/runner/work/ozone/ozone/hadoop-ozone/integration-test/target/test-dir/MiniOzoneClusterImpl-932dec38-ee06-46f6-8792-0cf7b891b204/datanode-4/data/ratis/b66b5463-9ee7-4a1e-9b38-1248e2258e1a does not exist. Creating ...
2023-09-25 17:56:30,338 [547bcca7-662f-4506-ab3e-0bdf08a2cfda-groupManagement] INFO  storage.RaftStorageDirectory (RaftStorageDirectoryImpl.java:tryLock(231)) - Lock on /home/runner/work/ozone/ozone/hadoop-ozone/integration-test/target/test-dir/MiniOzoneClusterImpl-932dec38-ee06-46f6-8792-0cf7b891b204/datanode-4/data/ratis/b66b5463-9ee7-4a1e-9b38-1248e2258e1a/in_use.lock acquired by nodename 19424@fv-az249-861
2023-09-25 17:56:30,339 [547bcca7-662f-4506-ab3e-0bdf08a2cfda-groupManagement] INFO  storage.RaftStorage (RaftStorageImpl.java:format(96)) - Storage directory /home/runner/work/ozone/ozone/hadoop-ozone/integration-test/target/test-dir/MiniOzoneClusterImpl-932dec38-ee06-46f6-8792-0cf7b891b204/datanode-4/data/ratis/b66b5463-9ee7-4a1e-9b38-1248e2258e1a has been successfully formatted.
2023-09-25 17:56:30,340 [547bcca7-662f-4506-ab3e-0bdf08a2cfda-groupManagement] INFO  ratis.ContainerStateMachine (ContainerStateMachine.java:loadSnapshot(262)) - group-1248E2258E1A: The snapshot info is null. Setting the last applied indexto:(t:0, i:~)
2023-09-25 17:56:30,340 [547bcca7-662f-4506-ab3e-0bdf08a2cfda-groupManagement] INFO  server.RaftServerConfigKeys (ConfUtils.java:logGet(46)) - raft.server.log.use.memory = false (default)
2023-09-25 17:56:30,341 [547bcca7-662f-4506-ab3e-0bdf08a2cfda-groupManagement] INFO  server.RaftServerConfigKeys (ConfUtils.java:logGet(46)) - raft.server.log.purge.gap = 1000000 (custom)
2023-09-25 17:56:30,341 [547bcca7-662f-4506-ab3e-0bdf08a2cfda-groupManagement] INFO  server.RaftServerConfigKeys (ConfUtils.java:logGet(46)) - raft.server.log.appender.buffer.byte-limit = 33554432 (custom)
2023-09-25 17:56:30,341 [547bcca7-662f-4506-ab3e-0bdf08a2cfda-groupManagement] INFO  server.RaftServerConfigKeys (ConfUtils.java:logGet(46)) - raft.server.log.statemachine.data.read.timeout = 1000ms (default)
2023-09-25 17:56:30,341 [547bcca7-662f-4506-ab3e-0bdf08a2cfda-groupManagement] INFO  server.RaftServerConfigKeys (ConfUtils.java:logGet(46)) - raft.server.log.purge.preservation.log.num = 0 (default)
2023-09-25 17:56:30,341 [547bcca7-662f-4506-ab3e-0bdf08a2cfda-groupManagement] INFO  server.RaftServerConfigKeys (ConfUtils.java:logGet(46)) - raft.server.log.segment.size.max = 1048576 (custom)
2023-09-25 17:56:30,342 [547bcca7-662f-4506-ab3e-0bdf08a2cfda-groupManagement] INFO  server.RaftServerConfigKeys (ConfUtils.java:logGet(46)) - raft.server.log.segment.cache.num.max = 2 (custom)
2023-09-25 17:56:30,342 [547bcca7-662f-4506-ab3e-0bdf08a2cfda-groupManagement] INFO  server.RaftServerConfigKeys (ConfUtils.java:logGet(46)) - raft.server.log.segment.cache.size.max = 200MB (=209715200) (default)
2023-09-25 17:56:30,342 [547bcca7-662f-4506-ab3e-0bdf08a2cfda-groupManagement] INFO  server.RaftServerConfigKeys (ConfUtils.java:logGet(46)) - raft.server.log.appender.buffer.byte-limit = 33554432 (custom)
2023-09-25 17:56:30,342 [547bcca7-662f-4506-ab3e-0bdf08a2cfda-groupManagement] INFO  segmented.SegmentedRaftLogWorker (SegmentedRaftLogWorker.java:<init>(188)) - new 547bcca7-662f-4506-ab3e-0bdf08a2cfda@group-1248E2258E1A-SegmentedRaftLogWorker for RaftStorageImpl:Storage Directory /home/runner/work/ozone/ozone/hadoop-ozone/integration-test/target/test-dir/MiniOzoneClusterImpl-932dec38-ee06-46f6-8792-0cf7b891b204/datanode-4/data/ratis/b66b5463-9ee7-4a1e-9b38-1248e2258e1a
2023-09-25 17:56:30,343 [547bcca7-662f-4506-ab3e-0bdf08a2cfda-groupManagement] INFO  server.RaftServerConfigKeys (ConfUtils.java:logGet(46)) - raft.server.log.queue.byte-limit = 4294967296 (custom)
2023-09-25 17:56:30,343 [547bcca7-662f-4506-ab3e-0bdf08a2cfda-groupManagement] INFO  server.RaftServerConfigKeys (ConfUtils.java:logGet(46)) - raft.server.log.queue.element-limit = 1024 (custom)
2023-09-25 17:56:30,343 [547bcca7-662f-4506-ab3e-0bdf08a2cfda-groupManagement] INFO  server.RaftServerConfigKeys (ConfUtils.java:logGet(46)) - raft.server.log.segment.size.max = 1048576 (custom)
2023-09-25 17:56:30,343 [547bcca7-662f-4506-ab3e-0bdf08a2cfda-groupManagement] INFO  server.RaftServerConfigKeys (ConfUtils.java:logGet(46)) - raft.server.log.preallocated.size = 16384 (custom)
2023-09-25 17:56:30,343 [547bcca7-662f-4506-ab3e-0bdf08a2cfda-groupManagement] INFO  server.RaftServerConfigKeys (ConfUtils.java:logGet(46)) - raft.server.log.force.sync.num = 128 (default)
2023-09-25 17:56:30,343 [547bcca7-662f-4506-ab3e-0bdf08a2cfda-groupManagement] INFO  server.RaftServerConfigKeys (ConfUtils.java:logGet(46)) - raft.server.log.statemachine.data.sync = true (default)
2023-09-25 17:56:30,343 [547bcca7-662f-4506-ab3e-0bdf08a2cfda-groupManagement] INFO  server.RaftServerConfigKeys (ConfUtils.java:logGet(46)) - raft.server.log.statemachine.data.sync.timeout = 10s (default)
2023-09-25 17:56:30,343 [547bcca7-662f-4506-ab3e-0bdf08a2cfda-groupManagement] INFO  server.RaftServerConfigKeys (ConfUtils.java:logGet(46)) - raft.server.log.statemachine.data.sync.timeout.retry = -1 (default)
2023-09-25 17:56:30,344 [547bcca7-662f-4506-ab3e-0bdf08a2cfda-groupManagement] INFO  server.RaftServerConfigKeys (ConfUtils.java:logGet(46)) - raft.server.log.write.buffer.size = 1048576 (custom)
2023-09-25 17:56:30,345 [EventQueue-PipelineReportForPipelineReportHandler] INFO  pipeline.PipelineReportHandler (PipelineReportHandler.java:processPipelineReport(136)) - Opened pipeline PipelineID=b66b5463-9ee7-4a1e-9b38-1248e2258e1a
2023-09-25 17:56:30,345 [EventQueue-OpenPipelineForHealthyPipelineSafeModeRule] INFO  safemode.SCMSafeModeManager (HealthyPipelineSafeModeRule.java:process(137)) - SCM in safe mode. Healthy pipelines reported count is 0, required healthy pipeline reported count is 1
2023-09-25 17:56:30,345 [547bcca7-662f-4506-ab3e-0bdf08a2cfda-groupManagement] INFO  server.RaftServerConfigKeys (ConfUtils.java:logGet(46)) - raft.server.log.appender.buffer.byte-limit = 33554432 (custom)
2023-09-25 17:56:30,351 [547bcca7-662f-4506-ab3e-0bdf08a2cfda-groupManagement] INFO  server.RaftServerConfigKeys (ConfUtils.java:logGet(46)) - raft.server.log.unsafe-flush.enabled = false (default)
2023-09-25 17:56:30,351 [547bcca7-662f-4506-ab3e-0bdf08a2cfda-groupManagement] INFO  server.RaftServerConfigKeys (ConfUtils.java:logGet(46)) - raft.server.log.async-flush.enabled = false (default)
2023-09-25 17:56:30,351 [547bcca7-662f-4506-ab3e-0bdf08a2cfda-groupManagement] INFO  server.RaftServerConfigKeys (ConfUtils.java:logGet(46)) - raft.server.log.statemachine.data.caching.enabled = true (custom)
2023-09-25 17:56:30,352 [547bcca7-662f-4506-ab3e-0bdf08a2cfda-groupManagement] INFO  segmented.SegmentedRaftLogWorker (SegmentedRaftLogWorker.java:lambda$new$0(135)) - 547bcca7-662f-4506-ab3e-0bdf08a2cfda@group-1248E2258E1A-SegmentedRaftLogWorker: flushIndex: setUnconditionally 0 -> -1
2023-09-25 17:56:30,352 [547bcca7-662f-4506-ab3e-0bdf08a2cfda-groupManagement] INFO  segmented.SegmentedRaftLogWorker (SegmentedRaftLogWorker.java:lambda$new$0(135)) - 547bcca7-662f-4506-ab3e-0bdf08a2cfda@group-1248E2258E1A-SegmentedRaftLogWorker: safeCacheEvictIndex: setUnconditionally 0 -> -1
2023-09-25 17:56:30,352 [547bcca7-662f-4506-ab3e-0bdf08a2cfda-groupManagement] INFO  server.RaftServer$Division (RaftServerImpl.java:start(342)) - 547bcca7-662f-4506-ab3e-0bdf08a2cfda@group-1248E2258E1A: start as a follower, conf=-1: peers:[547bcca7-662f-4506-ab3e-0bdf08a2cfda|rpc:10.1.0.144:15050|admin:10.1.0.144:15049|client:10.1.0.144:15048|dataStream:10.1.0.144:15051|priority:1|startupRole:FOLLOWER]|listeners:[], old=null
2023-09-25 17:56:30,352 [547bcca7-662f-4506-ab3e-0bdf08a2cfda-groupManagement] INFO  server.RaftServer$Division (RaftServerImpl.java:setRole(329)) - 547bcca7-662f-4506-ab3e-0bdf08a2cfda@group-1248E2258E1A: changes role from      null to FOLLOWER at term 0 for startAsFollower
2023-09-25 17:56:30,352 [547bcca7-662f-4506-ab3e-0bdf08a2cfda-groupManagement] INFO  impl.RoleInfo (RoleInfo.java:updateAndGet(139)) - 547bcca7-662f-4506-ab3e-0bdf08a2cfda: start 547bcca7-662f-4506-ab3e-0bdf08a2cfda@group-1248E2258E1A-FollowerState
2023-09-25 17:56:30,353 [547bcca7-662f-4506-ab3e-0bdf08a2cfda-groupManagement] INFO  util.JmxRegister (JmxRegister.java:tryRegister(44)) - Successfully registered JMX Bean with object name Ratis:service=RaftServer,group=group-1248E2258E1A,id=547bcca7-662f-4506-ab3e-0bdf08a2cfda
2023-09-25 17:56:30,353 [547bcca7-662f-4506-ab3e-0bdf08a2cfda@group-1248E2258E1A-FollowerState] INFO  server.RaftServerConfigKeys (ConfUtils.java:logFallback(53)) - raft.server.rpc.first-election.timeout.min = 5s (fallback to raft.server.rpc.timeout.min)
2023-09-25 17:56:30,353 [547bcca7-662f-4506-ab3e-0bdf08a2cfda-groupManagement] INFO  server.RaftServerConfigKeys (ConfUtils.java:logGet(46)) - raft.server.snapshot.auto.trigger.enabled = true (custom)
2023-09-25 17:56:30,353 [547bcca7-662f-4506-ab3e-0bdf08a2cfda@group-1248E2258E1A-FollowerState] INFO  server.RaftServerConfigKeys (ConfUtils.java:logFallback(53)) - raft.server.rpc.first-election.timeout.max = 5200ms (fallback to raft.server.rpc.timeout.max)
2023-09-25 17:56:30,353 [547bcca7-662f-4506-ab3e-0bdf08a2cfda-groupManagement] INFO  server.RaftServerConfigKeys (ConfUtils.java:logGet(46)) - raft.server.snapshot.auto.trigger.threshold = 10000 (custom)
2023-09-25 17:56:30,353 [547bcca7-662f-4506-ab3e-0bdf08a2cfda-groupManagement] INFO  server.RaftServerConfigKeys (ConfUtils.java:logGet(46)) - raft.server.snapshot.retention.file.num = 5 (custom)
2023-09-25 17:56:30,353 [547bcca7-662f-4506-ab3e-0bdf08a2cfda-groupManagement] INFO  server.RaftServerConfigKeys (ConfUtils.java:logGet(46)) - raft.server.log.purge.upto.snapshot.index = false (default)
2023-09-25 17:56:30,354 [PipelineCommandHandlerThread-0] INFO  ratis.XceiverServerRatis (XceiverServerRatis.java:addGroup(804)) - Created group PipelineID=b66b5463-9ee7-4a1e-9b38-1248e2258e1a
2023-09-25 17:56:30,354 [PipelineCommandHandlerThread-0] INFO  commandhandler.CreatePipelineCommandHandler (CreatePipelineCommandHandler.java:lambda$handle$2(124)) - Created Pipeline RATIS ONE PipelineID=b66b5463-9ee7-4a1e-9b38-1248e2258e1a.
2023-09-25 17:56:31,321 [main] INFO  ozone.MiniOzoneClusterImpl (MiniOzoneClusterImpl.java:lambda$waitForClusterToBeReady$0(229)) - Nodes are ready. Got 5 of 5 DN Heartbeats.
2023-09-25 17:56:31,322 [main] INFO  ozone.MiniOzoneClusterImpl (MiniOzoneClusterImpl.java:lambda$waitForClusterToBeReady$0(232)) - Waiting for cluster to exit safe mode
2023-09-25 17:56:31,322 [main] INFO  ozone.MiniOzoneClusterImpl (MiniOzoneClusterImpl.java:lambda$waitForClusterToBeReady$0(234)) - SCM became leader
2023-09-25 17:56:32,322 [main] INFO  ozone.MiniOzoneClusterImpl (MiniOzoneClusterImpl.java:lambda$waitForClusterToBeReady$0(229)) - Nodes are ready. Got 5 of 5 DN Heartbeats.
2023-09-25 17:56:32,322 [main] INFO  ozone.MiniOzoneClusterImpl (MiniOzoneClusterImpl.java:lambda$waitForClusterToBeReady$0(232)) - Waiting for cluster to exit safe mode
2023-09-25 17:56:32,322 [main] INFO  ozone.MiniOzoneClusterImpl (MiniOzoneClusterImpl.java:lambda$waitForClusterToBeReady$0(234)) - SCM became leader
2023-09-25 17:56:33,323 [main] INFO  ozone.MiniOzoneClusterImpl (MiniOzoneClusterImpl.java:lambda$waitForClusterToBeReady$0(229)) - Nodes are ready. Got 5 of 5 DN Heartbeats.
2023-09-25 17:56:33,323 [main] INFO  ozone.MiniOzoneClusterImpl (MiniOzoneClusterImpl.java:lambda$waitForClusterToBeReady$0(232)) - Waiting for cluster to exit safe mode
2023-09-25 17:56:33,323 [main] INFO  ozone.MiniOzoneClusterImpl (MiniOzoneClusterImpl.java:lambda$waitForClusterToBeReady$0(234)) - SCM became leader
2023-09-25 17:56:33,719 [7c2da756-7def-47bc-b4fd-fb4319f4a659@group-4CC3274D98F4-FollowerState] INFO  impl.FollowerState (FollowerState.java:run(143)) - 7c2da756-7def-47bc-b4fd-fb4319f4a659@group-4CC3274D98F4-FollowerState: change to CANDIDATE, lastRpcElapsedTime:5057651419ns, electionTimeout:5051ms
2023-09-25 17:56:33,720 [7c2da756-7def-47bc-b4fd-fb4319f4a659@group-4CC3274D98F4-FollowerState] INFO  impl.RoleInfo (RoleInfo.java:shutdownFollowerState(110)) - 7c2da756-7def-47bc-b4fd-fb4319f4a659: shutdown 7c2da756-7def-47bc-b4fd-fb4319f4a659@group-4CC3274D98F4-FollowerState
2023-09-25 17:56:33,720 [7c2da756-7def-47bc-b4fd-fb4319f4a659@group-4CC3274D98F4-FollowerState] INFO  server.RaftServer$Division (RaftServerImpl.java:setRole(329)) - 7c2da756-7def-47bc-b4fd-fb4319f4a659@group-4CC3274D98F4: changes role from  FOLLOWER to CANDIDATE at term 0 for changeToCandidate
2023-09-25 17:56:33,721 [7c2da756-7def-47bc-b4fd-fb4319f4a659@group-4CC3274D98F4-FollowerState] INFO  server.RaftServerConfigKeys (ConfUtils.java:logGet(46)) - raft.server.leaderelection.pre-vote = true (default)
2023-09-25 17:56:33,721 [7c2da756-7def-47bc-b4fd-fb4319f4a659@group-4CC3274D98F4-FollowerState] INFO  impl.RoleInfo (RoleInfo.java:updateAndGet(139)) - 7c2da756-7def-47bc-b4fd-fb4319f4a659: start 7c2da756-7def-47bc-b4fd-fb4319f4a659@group-4CC3274D98F4-LeaderElection2
2023-09-25 17:56:33,725 [7c2da756-7def-47bc-b4fd-fb4319f4a659@group-4CC3274D98F4-LeaderElection2] INFO  impl.LeaderElection (LeaderElection.java:askForVotes(321)) - 7c2da756-7def-47bc-b4fd-fb4319f4a659@group-4CC3274D98F4-LeaderElection2 PRE_VOTE round 0: submit vote requests at term 0 for -1: peers:[7c2da756-7def-47bc-b4fd-fb4319f4a659|rpc:10.1.0.144:15014|admin:10.1.0.144:15013|client:10.1.0.144:15012|dataStream:10.1.0.144:15015|priority:1|startupRole:FOLLOWER]|listeners:[], old=null
2023-09-25 17:56:33,725 [7c2da756-7def-47bc-b4fd-fb4319f4a659@group-4CC3274D98F4-LeaderElection2] INFO  impl.LeaderElection (LeaderElection.java:askForVotes(323)) - 7c2da756-7def-47bc-b4fd-fb4319f4a659@group-4CC3274D98F4-LeaderElection2 PRE_VOTE round 0: result PASSED (term=0)
2023-09-25 17:56:33,726 [7c2da756-7def-47bc-b4fd-fb4319f4a659@group-4CC3274D98F4-LeaderElection2] INFO  impl.LeaderElection (LeaderElection.java:askForVotes(321)) - 7c2da756-7def-47bc-b4fd-fb4319f4a659@group-4CC3274D98F4-LeaderElection2 ELECTION round 0: submit vote requests at term 1 for -1: peers:[7c2da756-7def-47bc-b4fd-fb4319f4a659|rpc:10.1.0.144:15014|admin:10.1.0.144:15013|client:10.1.0.144:15012|dataStream:10.1.0.144:15015|priority:1|startupRole:FOLLOWER]|listeners:[], old=null
2023-09-25 17:56:33,727 [7c2da756-7def-47bc-b4fd-fb4319f4a659@group-4CC3274D98F4-LeaderElection2] INFO  impl.LeaderElection (LeaderElection.java:askForVotes(323)) - 7c2da756-7def-47bc-b4fd-fb4319f4a659@group-4CC3274D98F4-LeaderElection2 ELECTION round 0: result PASSED (term=1)
2023-09-25 17:56:33,727 [7c2da756-7def-47bc-b4fd-fb4319f4a659@group-4CC3274D98F4-LeaderElection2] INFO  impl.RoleInfo (RoleInfo.java:shutdownLeaderElection(130)) - 7c2da756-7def-47bc-b4fd-fb4319f4a659: shutdown 7c2da756-7def-47bc-b4fd-fb4319f4a659@group-4CC3274D98F4-LeaderElection2
2023-09-25 17:56:33,727 [7c2da756-7def-47bc-b4fd-fb4319f4a659@group-4CC3274D98F4-LeaderElection2] INFO  server.RaftServer$Division (RaftServerImpl.java:setRole(329)) - 7c2da756-7def-47bc-b4fd-fb4319f4a659@group-4CC3274D98F4: changes role from CANDIDATE to LEADER at term 1 for changeToLeader
2023-09-25 17:56:33,727 [7c2da756-7def-47bc-b4fd-fb4319f4a659@group-4CC3274D98F4-LeaderElection2] INFO  ratis.XceiverServerRatis (XceiverServerRatis.java:handleLeaderChangedNotification(902)) - Leader change notification received for group: group-4CC3274D98F4 with new leaderId: 7c2da756-7def-47bc-b4fd-fb4319f4a659
2023-09-25 17:56:33,727 [7c2da756-7def-47bc-b4fd-fb4319f4a659@group-4CC3274D98F4-LeaderElection2] INFO  server.RaftServer$Division (ServerState.java:setLeader(317)) - 7c2da756-7def-47bc-b4fd-fb4319f4a659@group-4CC3274D98F4: change Leader from null to 7c2da756-7def-47bc-b4fd-fb4319f4a659 at term 1 for becomeLeader, leader elected after 5095ms
2023-09-25 17:56:33,727 [7c2da756-7def-47bc-b4fd-fb4319f4a659@group-4CC3274D98F4-LeaderElection2] INFO  server.RaftServerConfigKeys (ConfUtils.java:logGet(46)) - raft.server.staging.catchup.gap = 1000 (default)
2023-09-25 17:56:33,728 [7c2da756-7def-47bc-b4fd-fb4319f4a659@group-4CC3274D98F4-LeaderElection2] INFO  server.RaftServerConfigKeys (ConfUtils.java:logGet(46)) - raft.server.write.element-limit = 1024 (custom)
2023-09-25 17:56:33,728 [7c2da756-7def-47bc-b4fd-fb4319f4a659@group-4CC3274D98F4-LeaderElection2] INFO  server.RaftServerConfigKeys (ConfUtils.java:logGet(46)) - raft.server.write.byte-limit = 1024 M (=1073741824) (custom)
2023-09-25 17:56:33,728 [7c2da756-7def-47bc-b4fd-fb4319f4a659@group-4CC3274D98F4-LeaderElection2] INFO  server.RaftServerConfigKeys (ConfUtils.java:logGet(46)) - raft.server.watch.timeout = 180s (custom)
2023-09-25 17:56:33,728 [7c2da756-7def-47bc-b4fd-fb4319f4a659@group-4CC3274D98F4-LeaderElection2] INFO  server.RaftServerConfigKeys (ConfUtils.java:logGet(46)) - raft.server.watch.timeout.denomination = 1s (default)
2023-09-25 17:56:33,728 [7c2da756-7def-47bc-b4fd-fb4319f4a659@group-4CC3274D98F4-LeaderElection2] INFO  server.RaftServerConfigKeys (ConfUtils.java:logGet(46)) - raft.server.watch.element-limit = 65536 (default)
2023-09-25 17:56:33,728 [7c2da756-7def-47bc-b4fd-fb4319f4a659@group-4CC3274D98F4-LeaderElection2] INFO  server.RaftServerConfigKeys (ConfUtils.java:logGet(46)) - raft.server.write.element-limit = 1024 (custom)
2023-09-25 17:56:33,729 [7c2da756-7def-47bc-b4fd-fb4319f4a659@group-4CC3274D98F4-LeaderElection2] INFO  server.RaftServerConfigKeys (ConfUtils.java:logGet(46)) - raft.server.write.follower.gap.ratio.max = -1.0 (default)
2023-09-25 17:56:33,729 [7c2da756-7def-47bc-b4fd-fb4319f4a659@group-4CC3274D98F4-LeaderElection2] INFO  impl.RoleInfo (RoleInfo.java:updateAndGet(139)) - 7c2da756-7def-47bc-b4fd-fb4319f4a659: start 7c2da756-7def-47bc-b4fd-fb4319f4a659@group-4CC3274D98F4-LeaderStateImpl
2023-09-25 17:56:33,729 [7c2da756-7def-47bc-b4fd-fb4319f4a659@group-4CC3274D98F4-LeaderElection2] INFO  segmented.SegmentedRaftLogWorker (SegmentedRaftLogWorker.java:startLogSegment(447)) - 7c2da756-7def-47bc-b4fd-fb4319f4a659@group-4CC3274D98F4-SegmentedRaftLogWorker: Starting segment from index:0
2023-09-25 17:56:33,730 [EventQueue-OpenPipelineForHealthyPipelineSafeModeRule] INFO  safemode.SCMSafeModeManager (HealthyPipelineSafeModeRule.java:process(137)) - SCM in safe mode. Healthy pipelines reported count is 0, required healthy pipeline reported count is 1
2023-09-25 17:56:33,731 [7c2da756-7def-47bc-b4fd-fb4319f4a659@group-4CC3274D98F4-SegmentedRaftLogWorker] INFO  segmented.SegmentedRaftLogWorker (SegmentedRaftLogWorker.java:execute(651)) - 7c2da756-7def-47bc-b4fd-fb4319f4a659@group-4CC3274D98F4-SegmentedRaftLogWorker: created new log segment /home/runner/work/ozone/ozone/hadoop-ozone/integration-test/target/test-dir/MiniOzoneClusterImpl-932dec38-ee06-46f6-8792-0cf7b891b204/datanode-0/data/ratis/10d67b8e-6bdb-4f60-bc73-4cc3274d98f4/current/log_inprogress_0
2023-09-25 17:56:33,733 [7c2da756-7def-47bc-b4fd-fb4319f4a659@group-4CC3274D98F4-LeaderElection2] INFO  server.RaftServer$Division (ServerState.java:setRaftConf(434)) - 7c2da756-7def-47bc-b4fd-fb4319f4a659@group-4CC3274D98F4: set configuration 0: peers:[7c2da756-7def-47bc-b4fd-fb4319f4a659|rpc:10.1.0.144:15014|admin:10.1.0.144:15013|client:10.1.0.144:15012|dataStream:10.1.0.144:15015|priority:1|startupRole:FOLLOWER]|listeners:[], old=null
2023-09-25 17:56:33,858 [7c2da756-7def-47bc-b4fd-fb4319f4a659@group-EF424F680CA8-FollowerState] INFO  impl.FollowerState (FollowerState.java:run(143)) - 7c2da756-7def-47bc-b4fd-fb4319f4a659@group-EF424F680CA8-FollowerState: change to CANDIDATE, lastRpcElapsedTime:5130578501ns, electionTimeout:5107ms
2023-09-25 17:56:33,859 [7c2da756-7def-47bc-b4fd-fb4319f4a659@group-EF424F680CA8-FollowerState] INFO  impl.RoleInfo (RoleInfo.java:shutdownFollowerState(110)) - 7c2da756-7def-47bc-b4fd-fb4319f4a659: shutdown 7c2da756-7def-47bc-b4fd-fb4319f4a659@group-EF424F680CA8-FollowerState
2023-09-25 17:56:33,859 [7c2da756-7def-47bc-b4fd-fb4319f4a659@group-EF424F680CA8-FollowerState] INFO  server.RaftServer$Division (RaftServerImpl.java:setRole(329)) - 7c2da756-7def-47bc-b4fd-fb4319f4a659@group-EF424F680CA8: changes role from  FOLLOWER to CANDIDATE at term 0 for changeToCandidate
2023-09-25 17:56:33,860 [7c2da756-7def-47bc-b4fd-fb4319f4a659@group-EF424F680CA8-FollowerState] INFO  server.RaftServerConfigKeys (ConfUtils.java:logGet(46)) - raft.server.leaderelection.pre-vote = true (default)
2023-09-25 17:56:33,860 [7c2da756-7def-47bc-b4fd-fb4319f4a659@group-EF424F680CA8-FollowerState] INFO  impl.RoleInfo (RoleInfo.java:updateAndGet(139)) - 7c2da756-7def-47bc-b4fd-fb4319f4a659: start 7c2da756-7def-47bc-b4fd-fb4319f4a659@group-EF424F680CA8-LeaderElection3
2023-09-25 17:56:33,862 [7c2da756-7def-47bc-b4fd-fb4319f4a659@group-EF424F680CA8-LeaderElection3] INFO  impl.LeaderElection (LeaderElection.java:askForVotes(321)) - 7c2da756-7def-47bc-b4fd-fb4319f4a659@group-EF424F680CA8-LeaderElection3 PRE_VOTE round 0: submit vote requests at term 0 for -1: peers:[07de5ce2-8a0b-4f06-859c-06527793f6e4|rpc:10.1.0.144:15023|admin:10.1.0.144:15022|client:10.1.0.144:15021|dataStream:10.1.0.144:15024|priority:0|startupRole:FOLLOWER, 7c2da756-7def-47bc-b4fd-fb4319f4a659|rpc:10.1.0.144:15014|admin:10.1.0.144:15013|client:10.1.0.144:15012|dataStream:10.1.0.144:15015|priority:0|startupRole:FOLLOWER, 1be5c5f2-a8c9-4995-9125-aff50ea2da2d|rpc:10.1.0.144:15032|admin:10.1.0.144:15031|client:10.1.0.144:15030|dataStream:10.1.0.144:15033|priority:1|startupRole:FOLLOWER]|listeners:[], old=null
2023-09-25 17:56:33,870 [7c2da756-7def-47bc-b4fd-fb4319f4a659@group-EF424F680CA8-LeaderElection3] INFO  server.RaftServerConfigKeys (ConfUtils.java:logFallback(53)) - raft.server.rpc.first-election.timeout.min = 5s (fallback to raft.server.rpc.timeout.min)
2023-09-25 17:56:33,873 [7c2da756-7def-47bc-b4fd-fb4319f4a659@group-EF424F680CA8-LeaderElection3-1] INFO  server.GrpcServerProtocolClient (GrpcServerProtocolClient.java:<init>(65)) - Build channel for 07de5ce2-8a0b-4f06-859c-06527793f6e4
2023-09-25 17:56:33,873 [7c2da756-7def-47bc-b4fd-fb4319f4a659@group-EF424F680CA8-LeaderElection3] INFO  server.RaftServerConfigKeys (ConfUtils.java:logFallback(53)) - raft.server.rpc.first-election.timeout.max = 5200ms (fallback to raft.server.rpc.timeout.max)
2023-09-25 17:56:33,873 [7c2da756-7def-47bc-b4fd-fb4319f4a659@group-EF424F680CA8-LeaderElection3-2] INFO  server.GrpcServerProtocolClient (GrpcServerProtocolClient.java:<init>(65)) - Build channel for 1be5c5f2-a8c9-4995-9125-aff50ea2da2d
2023-09-25 17:56:33,912 [grpc-default-executor-2] INFO  server.RaftServer$Division (RaftServerImpl.java:requestVote(1302)) - 07de5ce2-8a0b-4f06-859c-06527793f6e4@group-EF424F680CA8: receive requestVote(PRE_VOTE, 7c2da756-7def-47bc-b4fd-fb4319f4a659, group-EF424F680CA8, 0, (t:0, i:0))
2023-09-25 17:56:33,915 [grpc-default-executor-2] INFO  impl.VoteContext (VoteContext.java:log(49)) - 07de5ce2-8a0b-4f06-859c-06527793f6e4@group-EF424F680CA8-FOLLOWER: accept PRE_VOTE from 7c2da756-7def-47bc-b4fd-fb4319f4a659: our priority 0 <= candidate's priority 0
2023-09-25 17:56:33,920 [grpc-default-executor-1] INFO  server.RaftServer$Division (RaftServerImpl.java:requestVote(1302)) - 1be5c5f2-a8c9-4995-9125-aff50ea2da2d@group-EF424F680CA8: receive requestVote(PRE_VOTE, 7c2da756-7def-47bc-b4fd-fb4319f4a659, group-EF424F680CA8, 0, (t:0, i:0))
2023-09-25 17:56:33,920 [grpc-default-executor-1] INFO  impl.VoteContext (VoteContext.java:log(49)) - 1be5c5f2-a8c9-4995-9125-aff50ea2da2d@group-EF424F680CA8-FOLLOWER: reject PRE_VOTE from 7c2da756-7def-47bc-b4fd-fb4319f4a659: our priority 1 > candidate's priority 0
2023-09-25 17:56:33,922 [grpc-default-executor-1] INFO  server.RaftServer$Division (RaftServerImpl.java:requestVote(1335)) - 1be5c5f2-a8c9-4995-9125-aff50ea2da2d@group-EF424F680CA8 replies to PRE_VOTE vote request: 7c2da756-7def-47bc-b4fd-fb4319f4a659<-1be5c5f2-a8c9-4995-9125-aff50ea2da2d#0:FAIL-t0. Peer's state: 1be5c5f2-a8c9-4995-9125-aff50ea2da2d@group-EF424F680CA8:t0, leader=null, voted=, raftlog=Memoized:1be5c5f2-a8c9-4995-9125-aff50ea2da2d@group-EF424F680CA8-SegmentedRaftLog:OPENED:c-1, conf=-1: peers:[07de5ce2-8a0b-4f06-859c-06527793f6e4|rpc:10.1.0.144:15023|admin:10.1.0.144:15022|client:10.1.0.144:15021|dataStream:10.1.0.144:15024|priority:0|startupRole:FOLLOWER, 7c2da756-7def-47bc-b4fd-fb4319f4a659|rpc:10.1.0.144:15014|admin:10.1.0.144:15013|client:10.1.0.144:15012|dataStream:10.1.0.144:15015|priority:0|startupRole:FOLLOWER, 1be5c5f2-a8c9-4995-9125-aff50ea2da2d|rpc:10.1.0.144:15032|admin:10.1.0.144:15031|client:10.1.0.144:15030|dataStream:10.1.0.144:15033|priority:1|startupRole:FOLLOWER]|listeners:[], old=null
2023-09-25 17:56:33,922 [grpc-default-executor-2] INFO  server.RaftServer$Division (RaftServerImpl.java:requestVote(1335)) - 07de5ce2-8a0b-4f06-859c-06527793f6e4@group-EF424F680CA8 replies to PRE_VOTE vote request: 7c2da756-7def-47bc-b4fd-fb4319f4a659<-07de5ce2-8a0b-4f06-859c-06527793f6e4#0:OK-t0. Peer's state: 07de5ce2-8a0b-4f06-859c-06527793f6e4@group-EF424F680CA8:t0, leader=null, voted=, raftlog=Memoized:07de5ce2-8a0b-4f06-859c-06527793f6e4@group-EF424F680CA8-SegmentedRaftLog:OPENED:c-1, conf=-1: peers:[07de5ce2-8a0b-4f06-859c-06527793f6e4|rpc:10.1.0.144:15023|admin:10.1.0.144:15022|client:10.1.0.144:15021|dataStream:10.1.0.144:15024|priority:0|startupRole:FOLLOWER, 7c2da756-7def-47bc-b4fd-fb4319f4a659|rpc:10.1.0.144:15014|admin:10.1.0.144:15013|client:10.1.0.144:15012|dataStream:10.1.0.144:15015|priority:0|startupRole:FOLLOWER, 1be5c5f2-a8c9-4995-9125-aff50ea2da2d|rpc:10.1.0.144:15032|admin:10.1.0.144:15031|client:10.1.0.144:15030|dataStream:10.1.0.144:15033|priority:1|startupRole:FOLLOWER]|listeners:[], old=null
2023-09-25 17:56:33,927 [7c2da756-7def-47bc-b4fd-fb4319f4a659@group-EF424F680CA8-LeaderElection3] INFO  impl.LeaderElection (LeaderElection.java:logAndReturn(90)) - 7c2da756-7def-47bc-b4fd-fb4319f4a659@group-EF424F680CA8-LeaderElection3: PRE_VOTE REJECTED received 1 response(s) and 0 exception(s):
2023-09-25 17:56:33,928 [7c2da756-7def-47bc-b4fd-fb4319f4a659@group-EF424F680CA8-LeaderElection3] INFO  impl.LeaderElection (LeaderElection.java:logAndReturn(94)) -   Response 0: 7c2da756-7def-47bc-b4fd-fb4319f4a659<-1be5c5f2-a8c9-4995-9125-aff50ea2da2d#0:FAIL-t0
2023-09-25 17:56:33,928 [7c2da756-7def-47bc-b4fd-fb4319f4a659@group-EF424F680CA8-LeaderElection3] INFO  impl.LeaderElection (LeaderElection.java:askForVotes(323)) - 7c2da756-7def-47bc-b4fd-fb4319f4a659@group-EF424F680CA8-LeaderElection3 PRE_VOTE round 0: result REJECTED
2023-09-25 17:56:33,930 [7c2da756-7def-47bc-b4fd-fb4319f4a659@group-EF424F680CA8-LeaderElection3] INFO  server.RaftServer$Division (RaftServerImpl.java:setRole(329)) - 7c2da756-7def-47bc-b4fd-fb4319f4a659@group-EF424F680CA8: changes role from CANDIDATE to FOLLOWER at term 0 for REJECTED
2023-09-25 17:56:33,930 [7c2da756-7def-47bc-b4fd-fb4319f4a659@group-EF424F680CA8-LeaderElection3] INFO  impl.RoleInfo (RoleInfo.java:shutdownLeaderElection(130)) - 7c2da756-7def-47bc-b4fd-fb4319f4a659: shutdown 7c2da756-7def-47bc-b4fd-fb4319f4a659@group-EF424F680CA8-LeaderElection3
2023-09-25 17:56:33,930 [7c2da756-7def-47bc-b4fd-fb4319f4a659@group-EF424F680CA8-LeaderElection3] INFO  impl.RoleInfo (RoleInfo.java:updateAndGet(139)) - 7c2da756-7def-47bc-b4fd-fb4319f4a659: start 7c2da756-7def-47bc-b4fd-fb4319f4a659@group-EF424F680CA8-FollowerState
2023-09-25 17:56:34,301 [07de5ce2-8a0b-4f06-859c-06527793f6e4@group-6A512494A955-FollowerState] INFO  impl.FollowerState (FollowerState.java:run(143)) - 07de5ce2-8a0b-4f06-859c-06527793f6e4@group-6A512494A955-FollowerState: change to CANDIDATE, lastRpcElapsedTime:5086830655ns, electionTimeout:5071ms
2023-09-25 17:56:34,303 [07de5ce2-8a0b-4f06-859c-06527793f6e4@group-6A512494A955-FollowerState] INFO  impl.RoleInfo (RoleInfo.java:shutdownFollowerState(110)) - 07de5ce2-8a0b-4f06-859c-06527793f6e4: shutdown 07de5ce2-8a0b-4f06-859c-06527793f6e4@group-6A512494A955-FollowerState
2023-09-25 17:56:34,303 [07de5ce2-8a0b-4f06-859c-06527793f6e4@group-6A512494A955-FollowerState] INFO  server.RaftServer$Division (RaftServerImpl.java:setRole(329)) - 07de5ce2-8a0b-4f06-859c-06527793f6e4@group-6A512494A955: changes role from  FOLLOWER to CANDIDATE at term 0 for changeToCandidate
2023-09-25 17:56:34,304 [07de5ce2-8a0b-4f06-859c-06527793f6e4@group-6A512494A955-FollowerState] INFO  server.RaftServerConfigKeys (ConfUtils.java:logGet(46)) - raft.server.leaderelection.pre-vote = true (default)
2023-09-25 17:56:34,304 [07de5ce2-8a0b-4f06-859c-06527793f6e4@group-6A512494A955-FollowerState] INFO  impl.RoleInfo (RoleInfo.java:updateAndGet(139)) - 07de5ce2-8a0b-4f06-859c-06527793f6e4: start 07de5ce2-8a0b-4f06-859c-06527793f6e4@group-6A512494A955-LeaderElection4
2023-09-25 17:56:34,311 [07de5ce2-8a0b-4f06-859c-06527793f6e4@group-6A512494A955-LeaderElection4] INFO  impl.LeaderElection (LeaderElection.java:askForVotes(321)) - 07de5ce2-8a0b-4f06-859c-06527793f6e4@group-6A512494A955-LeaderElection4 PRE_VOTE round 0: submit vote requests at term 0 for -1: peers:[07de5ce2-8a0b-4f06-859c-06527793f6e4|rpc:10.1.0.144:15023|admin:10.1.0.144:15022|client:10.1.0.144:15021|dataStream:10.1.0.144:15024|priority:1|startupRole:FOLLOWER]|listeners:[], old=null
2023-09-25 17:56:34,311 [07de5ce2-8a0b-4f06-859c-06527793f6e4@group-6A512494A955-LeaderElection4] INFO  impl.LeaderElection (LeaderElection.java:askForVotes(323)) - 07de5ce2-8a0b-4f06-859c-06527793f6e4@group-6A512494A955-LeaderElection4 PRE_VOTE round 0: result PASSED (term=0)
2023-09-25 17:56:34,313 [07de5ce2-8a0b-4f06-859c-06527793f6e4@group-6A512494A955-LeaderElection4] INFO  impl.LeaderElection (LeaderElection.java:askForVotes(321)) - 07de5ce2-8a0b-4f06-859c-06527793f6e4@group-6A512494A955-LeaderElection4 ELECTION round 0: submit vote requests at term 1 for -1: peers:[07de5ce2-8a0b-4f06-859c-06527793f6e4|rpc:10.1.0.144:15023|admin:10.1.0.144:15022|client:10.1.0.144:15021|dataStream:10.1.0.144:15024|priority:1|startupRole:FOLLOWER]|listeners:[], old=null
2023-09-25 17:56:34,313 [07de5ce2-8a0b-4f06-859c-06527793f6e4@group-6A512494A955-LeaderElection4] INFO  impl.LeaderElection (LeaderElection.java:askForVotes(323)) - 07de5ce2-8a0b-4f06-859c-06527793f6e4@group-6A512494A955-LeaderElection4 ELECTION round 0: result PASSED (term=1)
2023-09-25 17:56:34,313 [07de5ce2-8a0b-4f06-859c-06527793f6e4@group-6A512494A955-LeaderElection4] INFO  impl.RoleInfo (RoleInfo.java:shutdownLeaderElection(130)) - 07de5ce2-8a0b-4f06-859c-06527793f6e4: shutdown 07de5ce2-8a0b-4f06-859c-06527793f6e4@group-6A512494A955-LeaderElection4
2023-09-25 17:56:34,313 [07de5ce2-8a0b-4f06-859c-06527793f6e4@group-6A512494A955-LeaderElection4] INFO  server.RaftServer$Division (RaftServerImpl.java:setRole(329)) - 07de5ce2-8a0b-4f06-859c-06527793f6e4@group-6A512494A955: changes role from CANDIDATE to LEADER at term 1 for changeToLeader
2023-09-25 17:56:34,314 [07de5ce2-8a0b-4f06-859c-06527793f6e4@group-6A512494A955-LeaderElection4] INFO  ratis.XceiverServerRatis (XceiverServerRatis.java:handleLeaderChangedNotification(902)) - Leader change notification received for group: group-6A512494A955 with new leaderId: 07de5ce2-8a0b-4f06-859c-06527793f6e4
2023-09-25 17:56:34,315 [07de5ce2-8a0b-4f06-859c-06527793f6e4@group-6A512494A955-LeaderElection4] INFO  server.RaftServer$Division (ServerState.java:setLeader(317)) - 07de5ce2-8a0b-4f06-859c-06527793f6e4@group-6A512494A955: change Leader from null to 07de5ce2-8a0b-4f06-859c-06527793f6e4 at term 1 for becomeLeader, leader elected after 5150ms
2023-09-25 17:56:34,315 [07de5ce2-8a0b-4f06-859c-06527793f6e4@group-6A512494A955-LeaderElection4] INFO  server.RaftServerConfigKeys (ConfUtils.java:logGet(46)) - raft.server.staging.catchup.gap = 1000 (default)
2023-09-25 17:56:34,319 [EventQueue-OpenPipelineForHealthyPipelineSafeModeRule] INFO  safemode.SCMSafeModeManager (HealthyPipelineSafeModeRule.java:process(137)) - SCM in safe mode. Healthy pipelines reported count is 0, required healthy pipeline reported count is 1
2023-09-25 17:56:34,319 [07de5ce2-8a0b-4f06-859c-06527793f6e4@group-6A512494A955-LeaderElection4] INFO  server.RaftServerConfigKeys (ConfUtils.java:logGet(46)) - raft.server.write.element-limit = 1024 (custom)
2023-09-25 17:56:34,320 [07de5ce2-8a0b-4f06-859c-06527793f6e4@group-6A512494A955-LeaderElection4] INFO  server.RaftServerConfigKeys (ConfUtils.java:logGet(46)) - raft.server.write.byte-limit = 1024 M (=1073741824) (custom)
2023-09-25 17:56:34,320 [07de5ce2-8a0b-4f06-859c-06527793f6e4@group-6A512494A955-LeaderElection4] INFO  server.RaftServerConfigKeys (ConfUtils.java:logGet(46)) - raft.server.watch.timeout = 180s (custom)
2023-09-25 17:56:34,321 [07de5ce2-8a0b-4f06-859c-06527793f6e4@group-6A512494A955-LeaderElection4] INFO  server.RaftServerConfigKeys (ConfUtils.java:logGet(46)) - raft.server.watch.timeout.denomination = 1s (default)
2023-09-25 17:56:34,321 [07de5ce2-8a0b-4f06-859c-06527793f6e4@group-6A512494A955-LeaderElection4] INFO  server.RaftServerConfigKeys (ConfUtils.java:logGet(46)) - raft.server.watch.element-limit = 65536 (default)
2023-09-25 17:56:34,321 [07de5ce2-8a0b-4f06-859c-06527793f6e4@group-6A512494A955-LeaderElection4] INFO  server.RaftServerConfigKeys (ConfUtils.java:logGet(46)) - raft.server.write.element-limit = 1024 (custom)
2023-09-25 17:56:34,322 [07de5ce2-8a0b-4f06-859c-06527793f6e4@group-6A512494A955-LeaderElection4] INFO  server.RaftServerConfigKeys (ConfUtils.java:logGet(46)) - raft.server.write.follower.gap.ratio.max = -1.0 (default)
2023-09-25 17:56:34,322 [07de5ce2-8a0b-4f06-859c-06527793f6e4@group-6A512494A955-LeaderElection4] INFO  impl.RoleInfo (RoleInfo.java:updateAndGet(139)) - 07de5ce2-8a0b-4f06-859c-06527793f6e4: start 07de5ce2-8a0b-4f06-859c-06527793f6e4@group-6A512494A955-LeaderStateImpl
2023-09-25 17:56:34,322 [07de5ce2-8a0b-4f06-859c-06527793f6e4@group-6A512494A955-LeaderElection4] INFO  segmented.SegmentedRaftLogWorker (SegmentedRaftLogWorker.java:startLogSegment(447)) - 07de5ce2-8a0b-4f06-859c-06527793f6e4@group-6A512494A955-SegmentedRaftLogWorker: Starting segment from index:0
2023-09-25 17:56:34,323 [main] INFO  ozone.MiniOzoneClusterImpl (MiniOzoneClusterImpl.java:lambda$waitForClusterToBeReady$0(229)) - Nodes are ready. Got 5 of 5 DN Heartbeats.
2023-09-25 17:56:34,323 [main] INFO  ozone.MiniOzoneClusterImpl (MiniOzoneClusterImpl.java:lambda$waitForClusterToBeReady$0(232)) - Waiting for cluster to exit safe mode
2023-09-25 17:56:34,324 [main] INFO  ozone.MiniOzoneClusterImpl (MiniOzoneClusterImpl.java:lambda$waitForClusterToBeReady$0(234)) - SCM became leader
2023-09-25 17:56:34,323 [07de5ce2-8a0b-4f06-859c-06527793f6e4@group-6A512494A955-SegmentedRaftLogWorker] INFO  segmented.SegmentedRaftLogWorker (SegmentedRaftLogWorker.java:execute(651)) - 07de5ce2-8a0b-4f06-859c-06527793f6e4@group-6A512494A955-SegmentedRaftLogWorker: created new log segment /home/runner/work/ozone/ozone/hadoop-ozone/integration-test/target/test-dir/MiniOzoneClusterImpl-932dec38-ee06-46f6-8792-0cf7b891b204/datanode-1/data/ratis/5c16de99-9ba6-4efa-828d-6a512494a955/current/log_inprogress_0
2023-09-25 17:56:34,328 [07de5ce2-8a0b-4f06-859c-06527793f6e4@group-6A512494A955-LeaderElection4] INFO  server.RaftServer$Division (ServerState.java:setRaftConf(434)) - 07de5ce2-8a0b-4f06-859c-06527793f6e4@group-6A512494A955: set configuration 0: peers:[07de5ce2-8a0b-4f06-859c-06527793f6e4|rpc:10.1.0.144:15023|admin:10.1.0.144:15022|client:10.1.0.144:15021|dataStream:10.1.0.144:15024|priority:1|startupRole:FOLLOWER]|listeners:[], old=null
2023-09-25 17:56:34,369 [07de5ce2-8a0b-4f06-859c-06527793f6e4@group-EF424F680CA8-FollowerState] INFO  server.RaftServerConfigKeys (ConfUtils.java:logFallback(53)) - raft.server.rpc.first-election.timeout.min = 5s (fallback to raft.server.rpc.timeout.min)
2023-09-25 17:56:34,369 [07de5ce2-8a0b-4f06-859c-06527793f6e4@group-EF424F680CA8-FollowerState] INFO  server.RaftServerConfigKeys (ConfUtils.java:logFallback(53)) - raft.server.rpc.first-election.timeout.max = 5200ms (fallback to raft.server.rpc.timeout.max)
2023-09-25 17:56:34,458 [1be5c5f2-a8c9-4995-9125-aff50ea2da2d@group-EF424F680CA8-FollowerState] INFO  impl.FollowerState (FollowerState.java:run(143)) - 1be5c5f2-a8c9-4995-9125-aff50ea2da2d@group-EF424F680CA8-FollowerState: change to CANDIDATE, lastRpcElapsedTime:5086408351ns, electionTimeout:5082ms
2023-09-25 17:56:34,458 [1be5c5f2-a8c9-4995-9125-aff50ea2da2d@group-EF424F680CA8-FollowerState] INFO  impl.RoleInfo (RoleInfo.java:shutdownFollowerState(110)) - 1be5c5f2-a8c9-4995-9125-aff50ea2da2d: shutdown 1be5c5f2-a8c9-4995-9125-aff50ea2da2d@group-EF424F680CA8-FollowerState
2023-09-25 17:56:34,458 [1be5c5f2-a8c9-4995-9125-aff50ea2da2d@group-EF424F680CA8-FollowerState] INFO  server.RaftServer$Division (RaftServerImpl.java:setRole(329)) - 1be5c5f2-a8c9-4995-9125-aff50ea2da2d@group-EF424F680CA8: changes role from  FOLLOWER to CANDIDATE at term 0 for changeToCandidate
2023-09-25 17:56:34,459 [1be5c5f2-a8c9-4995-9125-aff50ea2da2d@group-EF424F680CA8-FollowerState] INFO  server.RaftServerConfigKeys (ConfUtils.java:logGet(46)) - raft.server.leaderelection.pre-vote = true (default)
2023-09-25 17:56:34,459 [1be5c5f2-a8c9-4995-9125-aff50ea2da2d@group-EF424F680CA8-FollowerState] INFO  impl.RoleInfo (RoleInfo.java:updateAndGet(139)) - 1be5c5f2-a8c9-4995-9125-aff50ea2da2d: start 1be5c5f2-a8c9-4995-9125-aff50ea2da2d@group-EF424F680CA8-LeaderElection5
2023-09-25 17:56:34,460 [1be5c5f2-a8c9-4995-9125-aff50ea2da2d@group-EF424F680CA8-LeaderElection5] INFO  impl.LeaderElection (LeaderElection.java:askForVotes(321)) - 1be5c5f2-a8c9-4995-9125-aff50ea2da2d@group-EF424F680CA8-LeaderElection5 PRE_VOTE round 0: submit vote requests at term 0 for -1: peers:[07de5ce2-8a0b-4f06-859c-06527793f6e4|rpc:10.1.0.144:15023|admin:10.1.0.144:15022|client:10.1.0.144:15021|dataStream:10.1.0.144:15024|priority:0|startupRole:FOLLOWER, 7c2da756-7def-47bc-b4fd-fb4319f4a659|rpc:10.1.0.144:15014|admin:10.1.0.144:15013|client:10.1.0.144:15012|dataStream:10.1.0.144:15015|priority:0|startupRole:FOLLOWER, 1be5c5f2-a8c9-4995-9125-aff50ea2da2d|rpc:10.1.0.144:15032|admin:10.1.0.144:15031|client:10.1.0.144:15030|dataStream:10.1.0.144:15033|priority:1|startupRole:FOLLOWER]|listeners:[], old=null
2023-09-25 17:56:34,461 [1be5c5f2-a8c9-4995-9125-aff50ea2da2d@group-EF424F680CA8-LeaderElection5-1] INFO  server.GrpcServerProtocolClient (GrpcServerProtocolClient.java:<init>(65)) - Build channel for 07de5ce2-8a0b-4f06-859c-06527793f6e4
2023-09-25 17:56:34,464 [1be5c5f2-a8c9-4995-9125-aff50ea2da2d@group-EF424F680CA8-LeaderElection5] INFO  server.RaftServerConfigKeys (ConfUtils.java:logFallback(53)) - raft.server.rpc.first-election.timeout.min = 5s (fallback to raft.server.rpc.timeout.min)
2023-09-25 17:56:34,465 [1be5c5f2-a8c9-4995-9125-aff50ea2da2d@group-EF424F680CA8-LeaderElection5] INFO  server.RaftServerConfigKeys (ConfUtils.java:logFallback(53)) - raft.server.rpc.first-election.timeout.max = 5200ms (fallback to raft.server.rpc.timeout.max)
2023-09-25 17:56:34,464 [1be5c5f2-a8c9-4995-9125-aff50ea2da2d@group-EF424F680CA8-LeaderElection5-2] INFO  server.GrpcServerProtocolClient (GrpcServerProtocolClient.java:<init>(65)) - Build channel for 7c2da756-7def-47bc-b4fd-fb4319f4a659
2023-09-25 17:56:34,482 [grpc-default-executor-1] INFO  server.RaftServer$Division (RaftServerImpl.java:requestVote(1302)) - 07de5ce2-8a0b-4f06-859c-06527793f6e4@group-EF424F680CA8: receive requestVote(PRE_VOTE, 1be5c5f2-a8c9-4995-9125-aff50ea2da2d, group-EF424F680CA8, 0, (t:0, i:0))
2023-09-25 17:56:34,483 [grpc-default-executor-1] INFO  impl.VoteContext (VoteContext.java:log(49)) - 07de5ce2-8a0b-4f06-859c-06527793f6e4@group-EF424F680CA8-FOLLOWER: accept PRE_VOTE from 1be5c5f2-a8c9-4995-9125-aff50ea2da2d: our priority 0 <= candidate's priority 1
2023-09-25 17:56:34,483 [grpc-default-executor-1] INFO  server.RaftServer$Division (RaftServerImpl.java:requestVote(1335)) - 07de5ce2-8a0b-4f06-859c-06527793f6e4@group-EF424F680CA8 replies to PRE_VOTE vote request: 1be5c5f2-a8c9-4995-9125-aff50ea2da2d<-07de5ce2-8a0b-4f06-859c-06527793f6e4#0:OK-t0. Peer's state: 07de5ce2-8a0b-4f06-859c-06527793f6e4@group-EF424F680CA8:t0, leader=null, voted=, raftlog=Memoized:07de5ce2-8a0b-4f06-859c-06527793f6e4@group-EF424F680CA8-SegmentedRaftLog:OPENED:c-1, conf=-1: peers:[07de5ce2-8a0b-4f06-859c-06527793f6e4|rpc:10.1.0.144:15023|admin:10.1.0.144:15022|client:10.1.0.144:15021|dataStream:10.1.0.144:15024|priority:0|startupRole:FOLLOWER, 7c2da756-7def-47bc-b4fd-fb4319f4a659|rpc:10.1.0.144:15014|admin:10.1.0.144:15013|client:10.1.0.144:15012|dataStream:10.1.0.144:15015|priority:0|startupRole:FOLLOWER, 1be5c5f2-a8c9-4995-9125-aff50ea2da2d|rpc:10.1.0.144:15032|admin:10.1.0.144:15031|client:10.1.0.144:15030|dataStream:10.1.0.144:15033|priority:1|startupRole:FOLLOWER]|listeners:[], old=null
2023-09-25 17:56:34,486 [1be5c5f2-a8c9-4995-9125-aff50ea2da2d@group-EF424F680CA8-LeaderElection5] INFO  impl.LeaderElection (LeaderElection.java:logAndReturn(90)) - 1be5c5f2-a8c9-4995-9125-aff50ea2da2d@group-EF424F680CA8-LeaderElection5: PRE_VOTE PASSED received 1 response(s) and 0 exception(s):
2023-09-25 17:56:34,486 [1be5c5f2-a8c9-4995-9125-aff50ea2da2d@group-EF424F680CA8-LeaderElection5] INFO  impl.LeaderElection (LeaderElection.java:logAndReturn(94)) -   Response 0: 1be5c5f2-a8c9-4995-9125-aff50ea2da2d<-07de5ce2-8a0b-4f06-859c-06527793f6e4#0:OK-t0
2023-09-25 17:56:34,486 [1be5c5f2-a8c9-4995-9125-aff50ea2da2d@group-EF424F680CA8-LeaderElection5] INFO  impl.LeaderElection (LeaderElection.java:askForVotes(323)) - 1be5c5f2-a8c9-4995-9125-aff50ea2da2d@group-EF424F680CA8-LeaderElection5 PRE_VOTE round 0: result PASSED
2023-09-25 17:56:34,487 [1be5c5f2-a8c9-4995-9125-aff50ea2da2d@group-EF424F680CA8-LeaderElection5] INFO  impl.LeaderElection (LeaderElection.java:askForVotes(321)) - 1be5c5f2-a8c9-4995-9125-aff50ea2da2d@group-EF424F680CA8-LeaderElection5 ELECTION round 0: submit vote requests at term 1 for -1: peers:[07de5ce2-8a0b-4f06-859c-06527793f6e4|rpc:10.1.0.144:15023|admin:10.1.0.144:15022|client:10.1.0.144:15021|dataStream:10.1.0.144:15024|priority:0|startupRole:FOLLOWER, 7c2da756-7def-47bc-b4fd-fb4319f4a659|rpc:10.1.0.144:15014|admin:10.1.0.144:15013|client:10.1.0.144:15012|dataStream:10.1.0.144:15015|priority:0|startupRole:FOLLOWER, 1be5c5f2-a8c9-4995-9125-aff50ea2da2d|rpc:10.1.0.144:15032|admin:10.1.0.144:15031|client:10.1.0.144:15030|dataStream:10.1.0.144:15033|priority:1|startupRole:FOLLOWER]|listeners:[], old=null
2023-09-25 17:56:34,488 [1be5c5f2-a8c9-4995-9125-aff50ea2da2d@group-EF424F680CA8-LeaderElection5] INFO  server.RaftServerConfigKeys (ConfUtils.java:logFallback(53)) - raft.server.rpc.first-election.timeout.min = 5s (fallback to raft.server.rpc.timeout.min)
2023-09-25 17:56:34,488 [1be5c5f2-a8c9-4995-9125-aff50ea2da2d@group-EF424F680CA8-LeaderElection5] INFO  server.RaftServerConfigKeys (ConfUtils.java:logFallback(53)) - raft.server.rpc.first-election.timeout.max = 5200ms (fallback to raft.server.rpc.timeout.max)
2023-09-25 17:56:34,495 [grpc-default-executor-1] INFO  server.RaftServer$Division (RaftServerImpl.java:requestVote(1302)) - 7c2da756-7def-47bc-b4fd-fb4319f4a659@group-EF424F680CA8: receive requestVote(PRE_VOTE, 1be5c5f2-a8c9-4995-9125-aff50ea2da2d, group-EF424F680CA8, 0, (t:0, i:0))
2023-09-25 17:56:34,496 [grpc-default-executor-1] INFO  impl.VoteContext (VoteContext.java:log(49)) - 7c2da756-7def-47bc-b4fd-fb4319f4a659@group-EF424F680CA8-FOLLOWER: accept PRE_VOTE from 1be5c5f2-a8c9-4995-9125-aff50ea2da2d: our priority 0 <= candidate's priority 1
2023-09-25 17:56:34,496 [grpc-default-executor-1] INFO  server.RaftServer$Division (RaftServerImpl.java:requestVote(1335)) - 7c2da756-7def-47bc-b4fd-fb4319f4a659@group-EF424F680CA8 replies to PRE_VOTE vote request: 1be5c5f2-a8c9-4995-9125-aff50ea2da2d<-7c2da756-7def-47bc-b4fd-fb4319f4a659#0:OK-t0. Peer's state: 7c2da756-7def-47bc-b4fd-fb4319f4a659@group-EF424F680CA8:t0, leader=null, voted=, raftlog=Memoized:7c2da756-7def-47bc-b4fd-fb4319f4a659@group-EF424F680CA8-SegmentedRaftLog:OPENED:c-1, conf=-1: peers:[07de5ce2-8a0b-4f06-859c-06527793f6e4|rpc:10.1.0.144:15023|admin:10.1.0.144:15022|client:10.1.0.144:15021|dataStream:10.1.0.144:15024|priority:0|startupRole:FOLLOWER, 7c2da756-7def-47bc-b4fd-fb4319f4a659|rpc:10.1.0.144:15014|admin:10.1.0.144:15013|client:10.1.0.144:15012|dataStream:10.1.0.144:15015|priority:0|startupRole:FOLLOWER, 1be5c5f2-a8c9-4995-9125-aff50ea2da2d|rpc:10.1.0.144:15032|admin:10.1.0.144:15031|client:10.1.0.144:15030|dataStream:10.1.0.144:15033|priority:1|startupRole:FOLLOWER]|listeners:[], old=null
2023-09-25 17:56:34,501 [grpc-default-executor-1] INFO  server.RaftServer$Division (RaftServerImpl.java:requestVote(1302)) - 07de5ce2-8a0b-4f06-859c-06527793f6e4@group-EF424F680CA8: receive requestVote(ELECTION, 1be5c5f2-a8c9-4995-9125-aff50ea2da2d, group-EF424F680CA8, 1, (t:0, i:0))
2023-09-25 17:56:34,501 [grpc-default-executor-1] INFO  impl.VoteContext (VoteContext.java:log(49)) - 07de5ce2-8a0b-4f06-859c-06527793f6e4@group-EF424F680CA8-FOLLOWER: accept ELECTION from 1be5c5f2-a8c9-4995-9125-aff50ea2da2d: our priority 0 <= candidate's priority 1
2023-09-25 17:56:34,501 [grpc-default-executor-1] INFO  server.RaftServer$Division (RaftServerImpl.java:setRole(329)) - 07de5ce2-8a0b-4f06-859c-06527793f6e4@group-EF424F680CA8: changes role from  FOLLOWER to FOLLOWER at term 1 for candidate:1be5c5f2-a8c9-4995-9125-aff50ea2da2d
2023-09-25 17:56:34,501 [grpc-default-executor-1] INFO  impl.RoleInfo (RoleInfo.java:shutdownFollowerState(110)) - 07de5ce2-8a0b-4f06-859c-06527793f6e4: shutdown 07de5ce2-8a0b-4f06-859c-06527793f6e4@group-EF424F680CA8-FollowerState
2023-09-25 17:56:34,501 [07de5ce2-8a0b-4f06-859c-06527793f6e4@group-EF424F680CA8-FollowerState] INFO  impl.FollowerState (FollowerState.java:run(152)) - 07de5ce2-8a0b-4f06-859c-06527793f6e4@group-EF424F680CA8-FollowerState was interrupted
2023-09-25 17:56:34,503 [grpc-default-executor-2] INFO  server.RaftServer$Division (RaftServerImpl.java:requestVote(1302)) - 7c2da756-7def-47bc-b4fd-fb4319f4a659@group-EF424F680CA8: receive requestVote(ELECTION, 1be5c5f2-a8c9-4995-9125-aff50ea2da2d, group-EF424F680CA8, 1, (t:0, i:0))
2023-09-25 17:56:34,503 [grpc-default-executor-2] INFO  impl.VoteContext (VoteContext.java:log(49)) - 7c2da756-7def-47bc-b4fd-fb4319f4a659@group-EF424F680CA8-FOLLOWER: accept ELECTION from 1be5c5f2-a8c9-4995-9125-aff50ea2da2d: our priority 0 <= candidate's priority 1
2023-09-25 17:56:34,503 [grpc-default-executor-2] INFO  server.RaftServer$Division (RaftServerImpl.java:setRole(329)) - 7c2da756-7def-47bc-b4fd-fb4319f4a659@group-EF424F680CA8: changes role from  FOLLOWER to FOLLOWER at term 1 for candidate:1be5c5f2-a8c9-4995-9125-aff50ea2da2d
2023-09-25 17:56:34,502 [grpc-default-executor-1] INFO  impl.RoleInfo (RoleInfo.java:updateAndGet(139)) - 07de5ce2-8a0b-4f06-859c-06527793f6e4: start 07de5ce2-8a0b-4f06-859c-06527793f6e4@group-EF424F680CA8-FollowerState
2023-09-25 17:56:34,503 [grpc-default-executor-2] INFO  impl.RoleInfo (RoleInfo.java:shutdownFollowerState(110)) - 7c2da756-7def-47bc-b4fd-fb4319f4a659: shutdown 7c2da756-7def-47bc-b4fd-fb4319f4a659@group-EF424F680CA8-FollowerState
2023-09-25 17:56:34,504 [grpc-default-executor-2] INFO  impl.RoleInfo (RoleInfo.java:updateAndGet(139)) - 7c2da756-7def-47bc-b4fd-fb4319f4a659: start 7c2da756-7def-47bc-b4fd-fb4319f4a659@group-EF424F680CA8-FollowerState
2023-09-25 17:56:34,504 [7c2da756-7def-47bc-b4fd-fb4319f4a659@group-EF424F680CA8-FollowerState] INFO  impl.FollowerState (FollowerState.java:run(152)) - 7c2da756-7def-47bc-b4fd-fb4319f4a659@group-EF424F680CA8-FollowerState was interrupted
2023-09-25 17:56:34,505 [grpc-default-executor-1] INFO  server.RaftServer$Division (RaftServerImpl.java:requestVote(1335)) - 07de5ce2-8a0b-4f06-859c-06527793f6e4@group-EF424F680CA8 replies to ELECTION vote request: 1be5c5f2-a8c9-4995-9125-aff50ea2da2d<-07de5ce2-8a0b-4f06-859c-06527793f6e4#0:OK-t1. Peer's state: 07de5ce2-8a0b-4f06-859c-06527793f6e4@group-EF424F680CA8:t1, leader=null, voted=1be5c5f2-a8c9-4995-9125-aff50ea2da2d, raftlog=Memoized:07de5ce2-8a0b-4f06-859c-06527793f6e4@group-EF424F680CA8-SegmentedRaftLog:OPENED:c-1, conf=-1: peers:[07de5ce2-8a0b-4f06-859c-06527793f6e4|rpc:10.1.0.144:15023|admin:10.1.0.144:15022|client:10.1.0.144:15021|dataStream:10.1.0.144:15024|priority:0|startupRole:FOLLOWER, 7c2da756-7def-47bc-b4fd-fb4319f4a659|rpc:10.1.0.144:15014|admin:10.1.0.144:15013|client:10.1.0.144:15012|dataStream:10.1.0.144:15015|priority:0|startupRole:FOLLOWER, 1be5c5f2-a8c9-4995-9125-aff50ea2da2d|rpc:10.1.0.144:15032|admin:10.1.0.144:15031|client:10.1.0.144:15030|dataStream:10.1.0.144:15033|priority:1|startupRole:FOLLOWER]|listeners:[], old=null
2023-09-25 17:56:34,512 [1be5c5f2-a8c9-4995-9125-aff50ea2da2d@group-EF424F680CA8-LeaderElection5] INFO  impl.LeaderElection (LeaderElection.java:logAndReturn(90)) - 1be5c5f2-a8c9-4995-9125-aff50ea2da2d@group-EF424F680CA8-LeaderElection5: ELECTION PASSED received 1 response(s) and 0 exception(s):
2023-09-25 17:56:34,512 [1be5c5f2-a8c9-4995-9125-aff50ea2da2d@group-EF424F680CA8-LeaderElection5] INFO  impl.LeaderElection (LeaderElection.java:logAndReturn(94)) -   Response 0: 1be5c5f2-a8c9-4995-9125-aff50ea2da2d<-07de5ce2-8a0b-4f06-859c-06527793f6e4#0:OK-t1
2023-09-25 17:56:34,512 [1be5c5f2-a8c9-4995-9125-aff50ea2da2d@group-EF424F680CA8-LeaderElection5] INFO  impl.LeaderElection (LeaderElection.java:askForVotes(323)) - 1be5c5f2-a8c9-4995-9125-aff50ea2da2d@group-EF424F680CA8-LeaderElection5 ELECTION round 0: result PASSED
2023-09-25 17:56:34,512 [1be5c5f2-a8c9-4995-9125-aff50ea2da2d@group-EF424F680CA8-LeaderElection5] INFO  impl.RoleInfo (RoleInfo.java:shutdownLeaderElection(130)) - 1be5c5f2-a8c9-4995-9125-aff50ea2da2d: shutdown 1be5c5f2-a8c9-4995-9125-aff50ea2da2d@group-EF424F680CA8-LeaderElection5
2023-09-25 17:56:34,512 [1be5c5f2-a8c9-4995-9125-aff50ea2da2d@group-EF424F680CA8-LeaderElection5] INFO  server.RaftServer$Division (RaftServerImpl.java:setRole(329)) - 1be5c5f2-a8c9-4995-9125-aff50ea2da2d@group-EF424F680CA8: changes role from CANDIDATE to LEADER at term 1 for changeToLeader
2023-09-25 17:56:34,513 [1be5c5f2-a8c9-4995-9125-aff50ea2da2d@group-EF424F680CA8-LeaderElection5] INFO  ratis.XceiverServerRatis (XceiverServerRatis.java:handleLeaderChangedNotification(902)) - Leader change notification received for group: group-EF424F680CA8 with new leaderId: 1be5c5f2-a8c9-4995-9125-aff50ea2da2d
2023-09-25 17:56:34,513 [1be5c5f2-a8c9-4995-9125-aff50ea2da2d@group-EF424F680CA8-LeaderElection5] INFO  server.RaftServer$Division (ServerState.java:setLeader(317)) - 1be5c5f2-a8c9-4995-9125-aff50ea2da2d@group-EF424F680CA8: change Leader from null to 1be5c5f2-a8c9-4995-9125-aff50ea2da2d at term 1 for becomeLeader, leader elected after 5185ms
2023-09-25 17:56:34,513 [1be5c5f2-a8c9-4995-9125-aff50ea2da2d@group-EF424F680CA8-LeaderElection5] INFO  server.RaftServerConfigKeys (ConfUtils.java:logGet(46)) - raft.server.staging.catchup.gap = 1000 (default)
2023-09-25 17:56:34,513 [1be5c5f2-a8c9-4995-9125-aff50ea2da2d@group-EF424F680CA8-LeaderElection5] INFO  server.RaftServerConfigKeys (ConfUtils.java:logGet(46)) - raft.server.write.element-limit = 1024 (custom)
2023-09-25 17:56:34,513 [1be5c5f2-a8c9-4995-9125-aff50ea2da2d@group-EF424F680CA8-LeaderElection5] INFO  server.RaftServerConfigKeys (ConfUtils.java:logGet(46)) - raft.server.write.byte-limit = 1024 M (=1073741824) (custom)
2023-09-25 17:56:34,513 [1be5c5f2-a8c9-4995-9125-aff50ea2da2d@group-EF424F680CA8-LeaderElection5] INFO  server.RaftServerConfigKeys (ConfUtils.java:logGet(46)) - raft.server.watch.timeout = 180s (custom)
2023-09-25 17:56:34,513 [1be5c5f2-a8c9-4995-9125-aff50ea2da2d@group-EF424F680CA8-LeaderElection5] INFO  server.RaftServerConfigKeys (ConfUtils.java:logGet(46)) - raft.server.watch.timeout.denomination = 1s (default)
2023-09-25 17:56:34,513 [1be5c5f2-a8c9-4995-9125-aff50ea2da2d@group-EF424F680CA8-LeaderElection5] INFO  server.RaftServerConfigKeys (ConfUtils.java:logGet(46)) - raft.server.watch.element-limit = 65536 (default)
2023-09-25 17:56:34,514 [1be5c5f2-a8c9-4995-9125-aff50ea2da2d@group-EF424F680CA8-LeaderElection5] INFO  server.RaftServerConfigKeys (ConfUtils.java:logGet(46)) - raft.server.write.element-limit = 1024 (custom)
2023-09-25 17:56:34,514 [1be5c5f2-a8c9-4995-9125-aff50ea2da2d@group-EF424F680CA8-LeaderElection5] INFO  server.RaftServerConfigKeys (ConfUtils.java:logGet(46)) - raft.server.write.follower.gap.ratio.max = -1.0 (default)
2023-09-25 17:56:34,515 [grpc-default-executor-2] INFO  server.RaftServer$Division (RaftServerImpl.java:requestVote(1335)) - 7c2da756-7def-47bc-b4fd-fb4319f4a659@group-EF424F680CA8 replies to ELECTION vote request: 1be5c5f2-a8c9-4995-9125-aff50ea2da2d<-7c2da756-7def-47bc-b4fd-fb4319f4a659#0:OK-t1. Peer's state: 7c2da756-7def-47bc-b4fd-fb4319f4a659@group-EF424F680CA8:t1, leader=null, voted=1be5c5f2-a8c9-4995-9125-aff50ea2da2d, raftlog=Memoized:7c2da756-7def-47bc-b4fd-fb4319f4a659@group-EF424F680CA8-SegmentedRaftLog:OPENED:c-1, conf=-1: peers:[07de5ce2-8a0b-4f06-859c-06527793f6e4|rpc:10.1.0.144:15023|admin:10.1.0.144:15022|client:10.1.0.144:15021|dataStream:10.1.0.144:15024|priority:0|startupRole:FOLLOWER, 7c2da756-7def-47bc-b4fd-fb4319f4a659|rpc:10.1.0.144:15014|admin:10.1.0.144:15013|client:10.1.0.144:15012|dataStream:10.1.0.144:15015|priority:0|startupRole:FOLLOWER, 1be5c5f2-a8c9-4995-9125-aff50ea2da2d|rpc:10.1.0.144:15032|admin:10.1.0.144:15031|client:10.1.0.144:15030|dataStream:10.1.0.144:15033|priority:1|startupRole:FOLLOWER]|listeners:[], old=null
2023-09-25 17:56:34,516 [EventQueue-PipelineReportForPipelineReportHandler] INFO  pipeline.PipelineReportHandler (PipelineReportHandler.java:processPipelineReport(136)) - Opened pipeline PipelineID=79b2f7d3-4602-417a-837e-ef424f680ca8
2023-09-25 17:56:34,527 [EventQueue-OpenPipelineForHealthyPipelineSafeModeRule] INFO  safemode.SCMSafeModeManager (HealthyPipelineSafeModeRule.java:process(137)) - SCM in safe mode. Healthy pipelines reported count is 1, required healthy pipeline reported count is 1
2023-09-25 17:56:34,529 [EventQueue-OpenPipelineForHealthyPipelineSafeModeRule] INFO  safemode.SCMSafeModeManager (SCMSafeModeManager.java:validateSafeModeExitRules(200)) - HealthyPipelineSafeModeRule rule is successfully validated
2023-09-25 17:56:34,529 [EventQueue-OpenPipelineForHealthyPipelineSafeModeRule] INFO  safemode.SCMSafeModeManager (SCMSafeModeManager.java:validateSafeModeExitRules(215)) - ScmSafeModeManager, all rules are successfully validated
2023-09-25 17:56:34,529 [EventQueue-OpenPipelineForHealthyPipelineSafeModeRule] INFO  safemode.SCMSafeModeManager (SCMSafeModeManager.java:exitSafeMode(244)) - SCM exiting safe mode.
2023-09-25 17:56:34,529 [EventQueue-OpenPipelineForHealthyPipelineSafeModeRule] INFO  ha.SCMContext (SCMContext.java:updateSafeModeStatus(228)) - Update SafeModeStatus from SafeModeStatus{safeModeStatus=true, preCheckPassed=true} to SafeModeStatus{safeModeStatus=false, preCheckPassed=true}.
2023-09-25 17:56:34,529 [EventQueue-OpenPipelineForHealthyPipelineSafeModeRule] INFO  pipeline.BackgroundPipelineCreator (BackgroundPipelineCreator.java:notifyStatusChanged(255)) - Service BackgroundPipelineCreator transitions to RUNNING.
2023-09-25 17:56:34,529 [EventQueue-OpenPipelineForHealthyPipelineSafeModeRule] INFO  BackgroundPipelineScrubber (BackgroundSCMService.java:notifyStatusChanged(82)) - Service BackgroundPipelineScrubber transitions to RUNNING.
2023-09-25 17:56:34,529 [EventQueue-OpenPipelineForHealthyPipelineSafeModeRule] INFO  ExpiredContainerReplicaOpScrubber (BackgroundSCMService.java:notifyStatusChanged(82)) - Service ExpiredContainerReplicaOpScrubber transitions to RUNNING.
2023-09-25 17:56:34,529 [EventQueue-OpenPipelineForHealthyPipelineSafeModeRule] INFO  replication.ReplicationManager (ReplicationManager.java:notifyStatusChanged(1370)) - Service ReplicationManager transitions to RUNNING.
2023-09-25 17:56:34,539 [1be5c5f2-a8c9-4995-9125-aff50ea2da2d@group-EF424F680CA8-LeaderElection5] INFO  server.RaftServerConfigKeys (ConfUtils.java:logGet(46)) - raft.server.log.appender.snapshot.chunk.size.max = 16MB (=16777216) (default)
2023-09-25 17:56:34,539 [1be5c5f2-a8c9-4995-9125-aff50ea2da2d@group-EF424F680CA8-LeaderElection5] INFO  server.RaftServerConfigKeys (ConfUtils.java:logGet(46)) - raft.server.log.appender.buffer.byte-limit = 33554432 (custom)
2023-09-25 17:56:34,540 [1be5c5f2-a8c9-4995-9125-aff50ea2da2d@group-EF424F680CA8-LeaderElection5] INFO  server.RaftServerConfigKeys (ConfUtils.java:logGet(46)) - raft.server.log.appender.buffer.element-limit = 1 (custom)
2023-09-25 17:56:34,542 [1be5c5f2-a8c9-4995-9125-aff50ea2da2d@group-EF424F680CA8-LeaderElection5] INFO  server.RaftServerConfigKeys (ConfUtils.java:logGet(46)) - raft.server.log.appender.wait-time.min = 10ms (default)
2023-09-25 17:56:34,542 [EventQueue-OpenPipelineForHealthyPipelineSafeModeRule] WARN  balancer.ContainerBalancer (ContainerBalancer.java:shouldRun(134)) - Could not find persisted configuration for ContainerBalancer when checking if ContainerBalancer should run. ContainerBalancer should not run now.
2023-09-25 17:56:34,543 [1be5c5f2-a8c9-4995-9125-aff50ea2da2d@group-EF424F680CA8-LeaderElection5] INFO  grpc.GrpcConfigKeys (ConfUtils.java:logGet(46)) - raft.grpc.server.leader.outstanding.appends.max = 128 (default)
2023-09-25 17:56:34,543 [1be5c5f2-a8c9-4995-9125-aff50ea2da2d@group-EF424F680CA8-LeaderElection5] INFO  server.RaftServerConfigKeys (ConfUtils.java:logGet(46)) - raft.server.rpc.request.timeout = 60s (custom)
2023-09-25 17:56:34,544 [1be5c5f2-a8c9-4995-9125-aff50ea2da2d@group-EF424F680CA8-LeaderElection5] INFO  grpc.GrpcConfigKeys (ConfUtils.java:logGet(46)) - raft.grpc.server.install_snapshot.request.element-limit = 8 (default)
2023-09-25 17:56:34,544 [1be5c5f2-a8c9-4995-9125-aff50ea2da2d@group-EF424F680CA8-LeaderElection5] INFO  grpc.GrpcConfigKeys (ConfUtils.java:logGet(46)) - raft.grpc.server.install_snapshot.request.timeout = 3000ms (default)
2023-09-25 17:56:34,544 [1be5c5f2-a8c9-4995-9125-aff50ea2da2d@group-EF424F680CA8-LeaderElection5] INFO  server.RaftServerConfigKeys (ConfUtils.java:logGet(46)) - raft.server.log.appender.install.snapshot.enabled = false (custom)
2023-09-25 17:56:34,545 [1be5c5f2-a8c9-4995-9125-aff50ea2da2d@group-EF424F680CA8-LeaderElection5] INFO  grpc.GrpcConfigKeys (ConfUtils.java:logGet(46)) - raft.grpc.server.heartbeat.channel = true (default)
2023-09-25 17:56:34,547 [1be5c5f2-a8c9-4995-9125-aff50ea2da2d@group-EF424F680CA8-LeaderElection5] INFO  server.RaftServerConfigKeys (ConfUtils.java:logGet(46)) - raft.server.log.appender.snapshot.chunk.size.max = 16MB (=16777216) (default)
2023-09-25 17:56:34,547 [1be5c5f2-a8c9-4995-9125-aff50ea2da2d@group-EF424F680CA8-LeaderElection5] INFO  server.RaftServerConfigKeys (ConfUtils.java:logGet(46)) - raft.server.log.appender.buffer.byte-limit = 33554432 (custom)
2023-09-25 17:56:34,547 [1be5c5f2-a8c9-4995-9125-aff50ea2da2d@group-EF424F680CA8-LeaderElection5] INFO  server.RaftServerConfigKeys (ConfUtils.java:logGet(46)) - raft.server.log.appender.buffer.element-limit = 1 (custom)
2023-09-25 17:56:34,547 [1be5c5f2-a8c9-4995-9125-aff50ea2da2d@group-EF424F680CA8-LeaderElection5] INFO  server.RaftServerConfigKeys (ConfUtils.java:logGet(46)) - raft.server.log.appender.wait-time.min = 10ms (default)
2023-09-25 17:56:34,548 [1be5c5f2-a8c9-4995-9125-aff50ea2da2d@group-EF424F680CA8-LeaderElection5] INFO  grpc.GrpcConfigKeys (ConfUtils.java:logGet(46)) - raft.grpc.server.leader.outstanding.appends.max = 128 (default)
2023-09-25 17:56:34,548 [1be5c5f2-a8c9-4995-9125-aff50ea2da2d@group-EF424F680CA8-LeaderElection5] INFO  server.RaftServerConfigKeys (ConfUtils.java:logGet(46)) - raft.server.rpc.request.timeout = 60s (custom)
2023-09-25 17:56:34,548 [1be5c5f2-a8c9-4995-9125-aff50ea2da2d@group-EF424F680CA8-LeaderElection5] INFO  grpc.GrpcConfigKeys (ConfUtils.java:logGet(46)) - raft.grpc.server.install_snapshot.request.element-limit = 8 (default)
2023-09-25 17:56:34,548 [1be5c5f2-a8c9-4995-9125-aff50ea2da2d@group-EF424F680CA8-LeaderElection5] INFO  grpc.GrpcConfigKeys (ConfUtils.java:logGet(46)) - raft.grpc.server.install_snapshot.request.timeout = 3000ms (default)
2023-09-25 17:56:34,548 [1be5c5f2-a8c9-4995-9125-aff50ea2da2d@group-EF424F680CA8-LeaderElection5] INFO  server.RaftServerConfigKeys (ConfUtils.java:logGet(46)) - raft.server.log.appender.install.snapshot.enabled = false (custom)
2023-09-25 17:56:34,549 [1be5c5f2-a8c9-4995-9125-aff50ea2da2d@group-EF424F680CA8-LeaderElection5] INFO  grpc.GrpcConfigKeys (ConfUtils.java:logGet(46)) - raft.grpc.server.heartbeat.channel = true (default)
2023-09-25 17:56:34,550 [1be5c5f2-a8c9-4995-9125-aff50ea2da2d@group-EF424F680CA8-LeaderElection5] INFO  impl.RoleInfo (RoleInfo.java:updateAndGet(139)) - 1be5c5f2-a8c9-4995-9125-aff50ea2da2d: start 1be5c5f2-a8c9-4995-9125-aff50ea2da2d@group-EF424F680CA8-LeaderStateImpl
2023-09-25 17:56:34,551 [1be5c5f2-a8c9-4995-9125-aff50ea2da2d@group-EF424F680CA8-LeaderElection5] INFO  segmented.SegmentedRaftLogWorker (SegmentedRaftLogWorker.java:startLogSegment(447)) - 1be5c5f2-a8c9-4995-9125-aff50ea2da2d@group-EF424F680CA8-SegmentedRaftLogWorker: Starting segment from index:0
2023-09-25 17:56:34,553 [1be5c5f2-a8c9-4995-9125-aff50ea2da2d@group-EF424F680CA8-SegmentedRaftLogWorker] INFO  segmented.SegmentedRaftLogWorker (SegmentedRaftLogWorker.java:execute(651)) - 1be5c5f2-a8c9-4995-9125-aff50ea2da2d@group-EF424F680CA8-SegmentedRaftLogWorker: created new log segment /home/runner/work/ozone/ozone/hadoop-ozone/integration-test/target/test-dir/MiniOzoneClusterImpl-932dec38-ee06-46f6-8792-0cf7b891b204/datanode-2/data/ratis/79b2f7d3-4602-417a-837e-ef424f680ca8/current/log_inprogress_0
2023-09-25 17:56:34,558 [1be5c5f2-a8c9-4995-9125-aff50ea2da2d@group-EF424F680CA8-LeaderElection5] INFO  server.RaftServer$Division (ServerState.java:setRaftConf(434)) - 1be5c5f2-a8c9-4995-9125-aff50ea2da2d@group-EF424F680CA8: set configuration 0: peers:[07de5ce2-8a0b-4f06-859c-06527793f6e4|rpc:10.1.0.144:15023|admin:10.1.0.144:15022|client:10.1.0.144:15021|dataStream:10.1.0.144:15024|priority:0|startupRole:FOLLOWER, 7c2da756-7def-47bc-b4fd-fb4319f4a659|rpc:10.1.0.144:15014|admin:10.1.0.144:15013|client:10.1.0.144:15012|dataStream:10.1.0.144:15015|priority:0|startupRole:FOLLOWER, 1be5c5f2-a8c9-4995-9125-aff50ea2da2d|rpc:10.1.0.144:15032|admin:10.1.0.144:15031|client:10.1.0.144:15030|dataStream:10.1.0.144:15033|priority:1|startupRole:FOLLOWER]|listeners:[], old=null
2023-09-25 17:56:34,618 [07de5ce2-8a0b-4f06-859c-06527793f6e4-server-thread1] INFO  ratis.XceiverServerRatis (XceiverServerRatis.java:handleLeaderChangedNotification(902)) - Leader change notification received for group: group-EF424F680CA8 with new leaderId: 1be5c5f2-a8c9-4995-9125-aff50ea2da2d
2023-09-25 17:56:34,618 [07de5ce2-8a0b-4f06-859c-06527793f6e4-server-thread1] INFO  server.RaftServer$Division (ServerState.java:setLeader(317)) - 07de5ce2-8a0b-4f06-859c-06527793f6e4@group-EF424F680CA8: change Leader from null to 1be5c5f2-a8c9-4995-9125-aff50ea2da2d at term 1 for appendEntries, leader elected after 5385ms
2023-09-25 17:56:34,629 [7c2da756-7def-47bc-b4fd-fb4319f4a659-server-thread1] INFO  ratis.XceiverServerRatis (XceiverServerRatis.java:handleLeaderChangedNotification(902)) - Leader change notification received for group: group-EF424F680CA8 with new leaderId: 1be5c5f2-a8c9-4995-9125-aff50ea2da2d
2023-09-25 17:56:34,633 [7c2da756-7def-47bc-b4fd-fb4319f4a659-server-thread1] INFO  server.RaftServer$Division (ServerState.java:setLeader(317)) - 7c2da756-7def-47bc-b4fd-fb4319f4a659@group-EF424F680CA8: change Leader from null to 1be5c5f2-a8c9-4995-9125-aff50ea2da2d at term 1 for appendEntries, leader elected after 5952ms
2023-09-25 17:56:34,632 [07de5ce2-8a0b-4f06-859c-06527793f6e4-server-thread1] INFO  server.RaftServer$Division (ServerState.java:setRaftConf(434)) - 07de5ce2-8a0b-4f06-859c-06527793f6e4@group-EF424F680CA8: set configuration 0: peers:[07de5ce2-8a0b-4f06-859c-06527793f6e4|rpc:10.1.0.144:15023|admin:10.1.0.144:15022|client:10.1.0.144:15021|dataStream:10.1.0.144:15024|priority:0|startupRole:FOLLOWER, 7c2da756-7def-47bc-b4fd-fb4319f4a659|rpc:10.1.0.144:15014|admin:10.1.0.144:15013|client:10.1.0.144:15012|dataStream:10.1.0.144:15015|priority:0|startupRole:FOLLOWER, 1be5c5f2-a8c9-4995-9125-aff50ea2da2d|rpc:10.1.0.144:15032|admin:10.1.0.144:15031|client:10.1.0.144:15030|dataStream:10.1.0.144:15033|priority:1|startupRole:FOLLOWER]|listeners:[], old=null
2023-09-25 17:56:34,634 [07de5ce2-8a0b-4f06-859c-06527793f6e4-server-thread1] INFO  segmented.SegmentedRaftLogWorker (SegmentedRaftLogWorker.java:startLogSegment(447)) - 07de5ce2-8a0b-4f06-859c-06527793f6e4@group-EF424F680CA8-SegmentedRaftLogWorker: Starting segment from index:0
2023-09-25 17:56:34,634 [7c2da756-7def-47bc-b4fd-fb4319f4a659-server-thread1] INFO  server.RaftServer$Division (ServerState.java:setRaftConf(434)) - 7c2da756-7def-47bc-b4fd-fb4319f4a659@group-EF424F680CA8: set configuration 0: peers:[07de5ce2-8a0b-4f06-859c-06527793f6e4|rpc:10.1.0.144:15023|admin:10.1.0.144:15022|client:10.1.0.144:15021|dataStream:10.1.0.144:15024|priority:0|startupRole:FOLLOWER, 7c2da756-7def-47bc-b4fd-fb4319f4a659|rpc:10.1.0.144:15014|admin:10.1.0.144:15013|client:10.1.0.144:15012|dataStream:10.1.0.144:15015|priority:0|startupRole:FOLLOWER, 1be5c5f2-a8c9-4995-9125-aff50ea2da2d|rpc:10.1.0.144:15032|admin:10.1.0.144:15031|client:10.1.0.144:15030|dataStream:10.1.0.144:15033|priority:1|startupRole:FOLLOWER]|listeners:[], old=null
2023-09-25 17:56:34,636 [07de5ce2-8a0b-4f06-859c-06527793f6e4@group-EF424F680CA8-SegmentedRaftLogWorker] INFO  segmented.SegmentedRaftLogWorker (SegmentedRaftLogWorker.java:execute(651)) - 07de5ce2-8a0b-4f06-859c-06527793f6e4@group-EF424F680CA8-SegmentedRaftLogWorker: created new log segment /home/runner/work/ozone/ozone/hadoop-ozone/integration-test/target/test-dir/MiniOzoneClusterImpl-932dec38-ee06-46f6-8792-0cf7b891b204/datanode-1/data/ratis/79b2f7d3-4602-417a-837e-ef424f680ca8/current/log_inprogress_0
2023-09-25 17:56:34,637 [7c2da756-7def-47bc-b4fd-fb4319f4a659-server-thread1] INFO  segmented.SegmentedRaftLogWorker (SegmentedRaftLogWorker.java:startLogSegment(447)) - 7c2da756-7def-47bc-b4fd-fb4319f4a659@group-EF424F680CA8-SegmentedRaftLogWorker: Starting segment from index:0
2023-09-25 17:56:34,654 [7c2da756-7def-47bc-b4fd-fb4319f4a659@group-EF424F680CA8-SegmentedRaftLogWorker] INFO  segmented.SegmentedRaftLogWorker (SegmentedRaftLogWorker.java:execute(651)) - 7c2da756-7def-47bc-b4fd-fb4319f4a659@group-EF424F680CA8-SegmentedRaftLogWorker: created new log segment /home/runner/work/ozone/ozone/hadoop-ozone/integration-test/target/test-dir/MiniOzoneClusterImpl-932dec38-ee06-46f6-8792-0cf7b891b204/datanode-0/data/ratis/79b2f7d3-4602-417a-837e-ef424f680ca8/current/log_inprogress_0
2023-09-25 17:56:34,923 [7c2da756-7def-47bc-b4fd-fb4319f4a659@group-1A0BCD27AFBC-FollowerState] INFO  impl.FollowerState (FollowerState.java:run(143)) - 7c2da756-7def-47bc-b4fd-fb4319f4a659@group-1A0BCD27AFBC-FollowerState: change to CANDIDATE, lastRpcElapsedTime:5042176199ns, electionTimeout:5039ms
2023-09-25 17:56:34,924 [7c2da756-7def-47bc-b4fd-fb4319f4a659@group-1A0BCD27AFBC-FollowerState] INFO  impl.RoleInfo (RoleInfo.java:shutdownFollowerState(110)) - 7c2da756-7def-47bc-b4fd-fb4319f4a659: shutdown 7c2da756-7def-47bc-b4fd-fb4319f4a659@group-1A0BCD27AFBC-FollowerState
2023-09-25 17:56:34,924 [7c2da756-7def-47bc-b4fd-fb4319f4a659@group-1A0BCD27AFBC-FollowerState] INFO  server.RaftServer$Division (RaftServerImpl.java:setRole(329)) - 7c2da756-7def-47bc-b4fd-fb4319f4a659@group-1A0BCD27AFBC: changes role from  FOLLOWER to CANDIDATE at term 0 for changeToCandidate
2023-09-25 17:56:34,925 [7c2da756-7def-47bc-b4fd-fb4319f4a659@group-1A0BCD27AFBC-FollowerState] INFO  server.RaftServerConfigKeys (ConfUtils.java:logGet(46)) - raft.server.leaderelection.pre-vote = true (default)
2023-09-25 17:56:34,925 [7c2da756-7def-47bc-b4fd-fb4319f4a659@group-1A0BCD27AFBC-FollowerState] INFO  impl.RoleInfo (RoleInfo.java:updateAndGet(139)) - 7c2da756-7def-47bc-b4fd-fb4319f4a659: start 7c2da756-7def-47bc-b4fd-fb4319f4a659@group-1A0BCD27AFBC-LeaderElection6
2023-09-25 17:56:34,928 [7c2da756-7def-47bc-b4fd-fb4319f4a659@group-1A0BCD27AFBC-LeaderElection6] INFO  impl.LeaderElection (LeaderElection.java:askForVotes(321)) - 7c2da756-7def-47bc-b4fd-fb4319f4a659@group-1A0BCD27AFBC-LeaderElection6 PRE_VOTE round 0: submit vote requests at term 0 for -1: peers:[07de5ce2-8a0b-4f06-859c-06527793f6e4|rpc:10.1.0.144:15023|admin:10.1.0.144:15022|client:10.1.0.144:15021|dataStream:10.1.0.144:15024|priority:1|startupRole:FOLLOWER, 7c2da756-7def-47bc-b4fd-fb4319f4a659|rpc:10.1.0.144:15014|admin:10.1.0.144:15013|client:10.1.0.144:15012|dataStream:10.1.0.144:15015|priority:0|startupRole:FOLLOWER, 1be5c5f2-a8c9-4995-9125-aff50ea2da2d|rpc:10.1.0.144:15032|admin:10.1.0.144:15031|client:10.1.0.144:15030|dataStream:10.1.0.144:15033|priority:0|startupRole:FOLLOWER]|listeners:[], old=null
2023-09-25 17:56:34,929 [7c2da756-7def-47bc-b4fd-fb4319f4a659@group-1A0BCD27AFBC-LeaderElection6] INFO  server.RaftServerConfigKeys (ConfUtils.java:logFallback(53)) - raft.server.rpc.first-election.timeout.min = 5s (fallback to raft.server.rpc.timeout.min)
2023-09-25 17:56:34,929 [7c2da756-7def-47bc-b4fd-fb4319f4a659@group-1A0BCD27AFBC-LeaderElection6] INFO  server.RaftServerConfigKeys (ConfUtils.java:logFallback(53)) - raft.server.rpc.first-election.timeout.max = 5200ms (fallback to raft.server.rpc.timeout.max)
2023-09-25 17:56:34,931 [07de5ce2-8a0b-4f06-859c-06527793f6e4@group-1A0BCD27AFBC-FollowerState] INFO  impl.FollowerState (FollowerState.java:run(143)) - 07de5ce2-8a0b-4f06-859c-06527793f6e4@group-1A0BCD27AFBC-FollowerState: change to CANDIDATE, lastRpcElapsedTime:5044220816ns, electionTimeout:5031ms
2023-09-25 17:56:34,932 [07de5ce2-8a0b-4f06-859c-06527793f6e4@group-1A0BCD27AFBC-FollowerState] INFO  impl.RoleInfo (RoleInfo.java:shutdownFollowerState(110)) - 07de5ce2-8a0b-4f06-859c-06527793f6e4: shutdown 07de5ce2-8a0b-4f06-859c-06527793f6e4@group-1A0BCD27AFBC-FollowerState
2023-09-25 17:56:34,932 [07de5ce2-8a0b-4f06-859c-06527793f6e4@group-1A0BCD27AFBC-FollowerState] INFO  server.RaftServer$Division (RaftServerImpl.java:setRole(329)) - 07de5ce2-8a0b-4f06-859c-06527793f6e4@group-1A0BCD27AFBC: changes role from  FOLLOWER to CANDIDATE at term 0 for changeToCandidate
2023-09-25 17:56:34,933 [07de5ce2-8a0b-4f06-859c-06527793f6e4@group-1A0BCD27AFBC-FollowerState] INFO  server.RaftServerConfigKeys (ConfUtils.java:logGet(46)) - raft.server.leaderelection.pre-vote = true (default)
2023-09-25 17:56:34,933 [07de5ce2-8a0b-4f06-859c-06527793f6e4@group-1A0BCD27AFBC-FollowerState] INFO  impl.RoleInfo (RoleInfo.java:updateAndGet(139)) - 07de5ce2-8a0b-4f06-859c-06527793f6e4: start 07de5ce2-8a0b-4f06-859c-06527793f6e4@group-1A0BCD27AFBC-LeaderElection7
2023-09-25 17:56:34,936 [grpc-default-executor-1] INFO  server.RaftServer$Division (RaftServerImpl.java:requestVote(1302)) - 07de5ce2-8a0b-4f06-859c-06527793f6e4@group-1A0BCD27AFBC: receive requestVote(PRE_VOTE, 7c2da756-7def-47bc-b4fd-fb4319f4a659, group-1A0BCD27AFBC, 0, (t:0, i:0))
2023-09-25 17:56:34,939 [grpc-default-executor-1] INFO  impl.VoteContext (VoteContext.java:log(49)) - 07de5ce2-8a0b-4f06-859c-06527793f6e4@group-1A0BCD27AFBC-CANDIDATE: reject PRE_VOTE from 7c2da756-7def-47bc-b4fd-fb4319f4a659: our priority 1 > candidate's priority 0
2023-09-25 17:56:34,940 [grpc-default-executor-1] INFO  server.RaftServer$Division (RaftServerImpl.java:requestVote(1335)) - 07de5ce2-8a0b-4f06-859c-06527793f6e4@group-1A0BCD27AFBC replies to PRE_VOTE vote request: 7c2da756-7def-47bc-b4fd-fb4319f4a659<-07de5ce2-8a0b-4f06-859c-06527793f6e4#0:FAIL-t0. Peer's state: 07de5ce2-8a0b-4f06-859c-06527793f6e4@group-1A0BCD27AFBC:t0, leader=null, voted=, raftlog=Memoized:07de5ce2-8a0b-4f06-859c-06527793f6e4@group-1A0BCD27AFBC-SegmentedRaftLog:OPENED:c-1, conf=-1: peers:[07de5ce2-8a0b-4f06-859c-06527793f6e4|rpc:10.1.0.144:15023|admin:10.1.0.144:15022|client:10.1.0.144:15021|dataStream:10.1.0.144:15024|priority:1|startupRole:FOLLOWER, 7c2da756-7def-47bc-b4fd-fb4319f4a659|rpc:10.1.0.144:15014|admin:10.1.0.144:15013|client:10.1.0.144:15012|dataStream:10.1.0.144:15015|priority:0|startupRole:FOLLOWER, 1be5c5f2-a8c9-4995-9125-aff50ea2da2d|rpc:10.1.0.144:15032|admin:10.1.0.144:15031|client:10.1.0.144:15030|dataStream:10.1.0.144:15033|priority:0|startupRole:FOLLOWER]|listeners:[], old=null
2023-09-25 17:56:34,942 [07de5ce2-8a0b-4f06-859c-06527793f6e4@group-1A0BCD27AFBC-LeaderElection7] INFO  impl.LeaderElection (LeaderElection.java:askForVotes(321)) - 07de5ce2-8a0b-4f06-859c-06527793f6e4@group-1A0BCD27AFBC-LeaderElection7 PRE_VOTE round 0: submit vote requests at term 0 for -1: peers:[07de5ce2-8a0b-4f06-859c-06527793f6e4|rpc:10.1.0.144:15023|admin:10.1.0.144:15022|client:10.1.0.144:15021|dataStream:10.1.0.144:15024|priority:1|startupRole:FOLLOWER, 7c2da756-7def-47bc-b4fd-fb4319f4a659|rpc:10.1.0.144:15014|admin:10.1.0.144:15013|client:10.1.0.144:15012|dataStream:10.1.0.144:15015|priority:0|startupRole:FOLLOWER, 1be5c5f2-a8c9-4995-9125-aff50ea2da2d|rpc:10.1.0.144:15032|admin:10.1.0.144:15031|client:10.1.0.144:15030|dataStream:10.1.0.144:15033|priority:0|startupRole:FOLLOWER]|listeners:[], old=null
2023-09-25 17:56:34,943 [07de5ce2-8a0b-4f06-859c-06527793f6e4@group-1A0BCD27AFBC-LeaderElection7-1] INFO  server.GrpcServerProtocolClient (GrpcServerProtocolClient.java:<init>(65)) - Build channel for 7c2da756-7def-47bc-b4fd-fb4319f4a659
2023-09-25 17:56:34,943 [1be5c5f2-a8c9-4995-9125-aff50ea2da2d@group-7CD5F040EB7A-FollowerState] INFO  impl.FollowerState (FollowerState.java:run(143)) - 1be5c5f2-a8c9-4995-9125-aff50ea2da2d@group-7CD5F040EB7A-FollowerState: change to CANDIDATE, lastRpcElapsedTime:5043444409ns, electionTimeout:5034ms
2023-09-25 17:56:34,943 [07de5ce2-8a0b-4f06-859c-06527793f6e4@group-1A0BCD27AFBC-LeaderElection7] INFO  server.RaftServerConfigKeys (ConfUtils.java:logFallback(53)) - raft.server.rpc.first-election.timeout.min = 5s (fallback to raft.server.rpc.timeout.min)
2023-09-25 17:56:34,948 [1be5c5f2-a8c9-4995-9125-aff50ea2da2d@group-7CD5F040EB7A-FollowerState] INFO  impl.RoleInfo (RoleInfo.java:shutdownFollowerState(110)) - 1be5c5f2-a8c9-4995-9125-aff50ea2da2d: shutdown 1be5c5f2-a8c9-4995-9125-aff50ea2da2d@group-7CD5F040EB7A-FollowerState
2023-09-25 17:56:34,948 [07de5ce2-8a0b-4f06-859c-06527793f6e4@group-1A0BCD27AFBC-LeaderElection7] INFO  server.RaftServerConfigKeys (ConfUtils.java:logFallback(53)) - raft.server.rpc.first-election.timeout.max = 5200ms (fallback to raft.server.rpc.timeout.max)
2023-09-25 17:56:34,948 [1be5c5f2-a8c9-4995-9125-aff50ea2da2d@group-7CD5F040EB7A-FollowerState] INFO  server.RaftServer$Division (RaftServerImpl.java:setRole(329)) - 1be5c5f2-a8c9-4995-9125-aff50ea2da2d@group-7CD5F040EB7A: changes role from  FOLLOWER to CANDIDATE at term 0 for changeToCandidate
2023-09-25 17:56:34,949 [07de5ce2-8a0b-4f06-859c-06527793f6e4@group-1A0BCD27AFBC-LeaderElection7-2] INFO  server.GrpcServerProtocolClient (GrpcServerProtocolClient.java:<init>(65)) - Build channel for 1be5c5f2-a8c9-4995-9125-aff50ea2da2d
2023-09-25 17:56:34,954 [grpc-default-executor-1] INFO  server.RaftServer$Division (RaftServerImpl.java:requestVote(1302)) - 1be5c5f2-a8c9-4995-9125-aff50ea2da2d@group-1A0BCD27AFBC: receive requestVote(PRE_VOTE, 7c2da756-7def-47bc-b4fd-fb4319f4a659, group-1A0BCD27AFBC, 0, (t:0, i:0))
2023-09-25 17:56:34,955 [grpc-default-executor-1] INFO  impl.VoteContext (VoteContext.java:log(49)) - 1be5c5f2-a8c9-4995-9125-aff50ea2da2d@group-1A0BCD27AFBC-FOLLOWER: accept PRE_VOTE from 7c2da756-7def-47bc-b4fd-fb4319f4a659: our priority 0 <= candidate's priority 0
2023-09-25 17:56:34,956 [grpc-default-executor-1] INFO  server.RaftServer$Division (RaftServerImpl.java:requestVote(1335)) - 1be5c5f2-a8c9-4995-9125-aff50ea2da2d@group-1A0BCD27AFBC replies to PRE_VOTE vote request: 7c2da756-7def-47bc-b4fd-fb4319f4a659<-1be5c5f2-a8c9-4995-9125-aff50ea2da2d#0:OK-t0. Peer's state: 1be5c5f2-a8c9-4995-9125-aff50ea2da2d@group-1A0BCD27AFBC:t0, leader=null, voted=, raftlog=Memoized:1be5c5f2-a8c9-4995-9125-aff50ea2da2d@group-1A0BCD27AFBC-SegmentedRaftLog:OPENED:c-1, conf=-1: peers:[07de5ce2-8a0b-4f06-859c-06527793f6e4|rpc:10.1.0.144:15023|admin:10.1.0.144:15022|client:10.1.0.144:15021|dataStream:10.1.0.144:15024|priority:1|startupRole:FOLLOWER, 7c2da756-7def-47bc-b4fd-fb4319f4a659|rpc:10.1.0.144:15014|admin:10.1.0.144:15013|client:10.1.0.144:15012|dataStream:10.1.0.144:15015|priority:0|startupRole:FOLLOWER, 1be5c5f2-a8c9-4995-9125-aff50ea2da2d|rpc:10.1.0.144:15032|admin:10.1.0.144:15031|client:10.1.0.144:15030|dataStream:10.1.0.144:15033|priority:0|startupRole:FOLLOWER]|listeners:[], old=null
2023-09-25 17:56:34,949 [1be5c5f2-a8c9-4995-9125-aff50ea2da2d@group-7CD5F040EB7A-FollowerState] INFO  server.RaftServerConfigKeys (ConfUtils.java:logGet(46)) - raft.server.leaderelection.pre-vote = true (default)
2023-09-25 17:56:34,956 [1be5c5f2-a8c9-4995-9125-aff50ea2da2d@group-7CD5F040EB7A-FollowerState] INFO  impl.RoleInfo (RoleInfo.java:updateAndGet(139)) - 1be5c5f2-a8c9-4995-9125-aff50ea2da2d: start 1be5c5f2-a8c9-4995-9125-aff50ea2da2d@group-7CD5F040EB7A-LeaderElection8
2023-09-25 17:56:34,958 [7c2da756-7def-47bc-b4fd-fb4319f4a659@group-1A0BCD27AFBC-LeaderElection6] INFO  impl.LeaderElection (LeaderElection.java:logAndReturn(90)) - 7c2da756-7def-47bc-b4fd-fb4319f4a659@group-1A0BCD27AFBC-LeaderElection6: PRE_VOTE REJECTED received 1 response(s) and 0 exception(s):
2023-09-25 17:56:34,961 [1be5c5f2-a8c9-4995-9125-aff50ea2da2d@group-7CD5F040EB7A-LeaderElection8] INFO  impl.LeaderElection (LeaderElection.java:askForVotes(321)) - 1be5c5f2-a8c9-4995-9125-aff50ea2da2d@group-7CD5F040EB7A-LeaderElection8 PRE_VOTE round 0: submit vote requests at term 0 for -1: peers:[1be5c5f2-a8c9-4995-9125-aff50ea2da2d|rpc:10.1.0.144:15032|admin:10.1.0.144:15031|client:10.1.0.144:15030|dataStream:10.1.0.144:15033|priority:1|startupRole:FOLLOWER]|listeners:[], old=null
2023-09-25 17:56:34,961 [7c2da756-7def-47bc-b4fd-fb4319f4a659@group-1A0BCD27AFBC-LeaderElection6] INFO  impl.LeaderElection (LeaderElection.java:logAndReturn(94)) -   Response 0: 7c2da756-7def-47bc-b4fd-fb4319f4a659<-07de5ce2-8a0b-4f06-859c-06527793f6e4#0:FAIL-t0
2023-09-25 17:56:34,961 [7c2da756-7def-47bc-b4fd-fb4319f4a659@group-1A0BCD27AFBC-LeaderElection6] INFO  impl.LeaderElection (LeaderElection.java:askForVotes(323)) - 7c2da756-7def-47bc-b4fd-fb4319f4a659@group-1A0BCD27AFBC-LeaderElection6 PRE_VOTE round 0: result REJECTED
2023-09-25 17:56:34,961 [7c2da756-7def-47bc-b4fd-fb4319f4a659@group-1A0BCD27AFBC-LeaderElection6] INFO  server.RaftServer$Division (RaftServerImpl.java:setRole(329)) - 7c2da756-7def-47bc-b4fd-fb4319f4a659@group-1A0BCD27AFBC: changes role from CANDIDATE to FOLLOWER at term 0 for REJECTED
2023-09-25 17:56:34,961 [7c2da756-7def-47bc-b4fd-fb4319f4a659@group-1A0BCD27AFBC-LeaderElection6] INFO  impl.RoleInfo (RoleInfo.java:shutdownLeaderElection(130)) - 7c2da756-7def-47bc-b4fd-fb4319f4a659: shutdown 7c2da756-7def-47bc-b4fd-fb4319f4a659@group-1A0BCD27AFBC-LeaderElection6
2023-09-25 17:56:34,961 [7c2da756-7def-47bc-b4fd-fb4319f4a659@group-1A0BCD27AFBC-LeaderElection6] INFO  impl.RoleInfo (RoleInfo.java:updateAndGet(139)) - 7c2da756-7def-47bc-b4fd-fb4319f4a659: start 7c2da756-7def-47bc-b4fd-fb4319f4a659@group-1A0BCD27AFBC-FollowerState
2023-09-25 17:56:34,961 [1be5c5f2-a8c9-4995-9125-aff50ea2da2d@group-7CD5F040EB7A-LeaderElection8] INFO  impl.LeaderElection (LeaderElection.java:askForVotes(323)) - 1be5c5f2-a8c9-4995-9125-aff50ea2da2d@group-7CD5F040EB7A-LeaderElection8 PRE_VOTE round 0: result PASSED (term=0)
2023-09-25 17:56:34,963 [1be5c5f2-a8c9-4995-9125-aff50ea2da2d@group-7CD5F040EB7A-LeaderElection8] INFO  impl.LeaderElection (LeaderElection.java:askForVotes(321)) - 1be5c5f2-a8c9-4995-9125-aff50ea2da2d@group-7CD5F040EB7A-LeaderElection8 ELECTION round 0: submit vote requests at term 1 for -1: peers:[1be5c5f2-a8c9-4995-9125-aff50ea2da2d|rpc:10.1.0.144:15032|admin:10.1.0.144:15031|client:10.1.0.144:15030|dataStream:10.1.0.144:15033|priority:1|startupRole:FOLLOWER]|listeners:[], old=null
2023-09-25 17:56:34,963 [1be5c5f2-a8c9-4995-9125-aff50ea2da2d@group-7CD5F040EB7A-LeaderElection8] INFO  impl.LeaderElection (LeaderElection.java:askForVotes(323)) - 1be5c5f2-a8c9-4995-9125-aff50ea2da2d@group-7CD5F040EB7A-LeaderElection8 ELECTION round 0: result PASSED (term=1)
2023-09-25 17:56:34,964 [1be5c5f2-a8c9-4995-9125-aff50ea2da2d@group-7CD5F040EB7A-LeaderElection8] INFO  impl.RoleInfo (RoleInfo.java:shutdownLeaderElection(130)) - 1be5c5f2-a8c9-4995-9125-aff50ea2da2d: shutdown 1be5c5f2-a8c9-4995-9125-aff50ea2da2d@group-7CD5F040EB7A-LeaderElection8
2023-09-25 17:56:34,964 [1be5c5f2-a8c9-4995-9125-aff50ea2da2d@group-7CD5F040EB7A-LeaderElection8] INFO  server.RaftServer$Division (RaftServerImpl.java:setRole(329)) - 1be5c5f2-a8c9-4995-9125-aff50ea2da2d@group-7CD5F040EB7A: changes role from CANDIDATE to LEADER at term 1 for changeToLeader
2023-09-25 17:56:34,964 [1be5c5f2-a8c9-4995-9125-aff50ea2da2d@group-7CD5F040EB7A-LeaderElection8] INFO  ratis.XceiverServerRatis (XceiverServerRatis.java:handleLeaderChangedNotification(902)) - Leader change notification received for group: group-7CD5F040EB7A with new leaderId: 1be5c5f2-a8c9-4995-9125-aff50ea2da2d
2023-09-25 17:56:34,976 [1be5c5f2-a8c9-4995-9125-aff50ea2da2d@group-7CD5F040EB7A-LeaderElection8] INFO  server.RaftServer$Division (ServerState.java:setLeader(317)) - 1be5c5f2-a8c9-4995-9125-aff50ea2da2d@group-7CD5F040EB7A: change Leader from null to 1be5c5f2-a8c9-4995-9125-aff50ea2da2d at term 1 for becomeLeader, leader elected after 5391ms
2023-09-25 17:56:34,977 [grpc-default-executor-1] INFO  server.RaftServer$Division (RaftServerImpl.java:requestVote(1302)) - 7c2da756-7def-47bc-b4fd-fb4319f4a659@group-1A0BCD27AFBC: receive requestVote(PRE_VOTE, 07de5ce2-8a0b-4f06-859c-06527793f6e4, group-1A0BCD27AFBC, 0, (t:0, i:0))
2023-09-25 17:56:34,977 [grpc-default-executor-1] INFO  impl.VoteContext (VoteContext.java:log(49)) - 7c2da756-7def-47bc-b4fd-fb4319f4a659@group-1A0BCD27AFBC-FOLLOWER: accept PRE_VOTE from 07de5ce2-8a0b-4f06-859c-06527793f6e4: our priority 0 <= candidate's priority 1
2023-09-25 17:56:34,977 [grpc-default-executor-1] INFO  server.RaftServer$Division (RaftServerImpl.java:requestVote(1335)) - 7c2da756-7def-47bc-b4fd-fb4319f4a659@group-1A0BCD27AFBC replies to PRE_VOTE vote request: 07de5ce2-8a0b-4f06-859c-06527793f6e4<-7c2da756-7def-47bc-b4fd-fb4319f4a659#0:OK-t0. Peer's state: 7c2da756-7def-47bc-b4fd-fb4319f4a659@group-1A0BCD27AFBC:t0, leader=null, voted=, raftlog=Memoized:7c2da756-7def-47bc-b4fd-fb4319f4a659@group-1A0BCD27AFBC-SegmentedRaftLog:OPENED:c-1, conf=-1: peers:[07de5ce2-8a0b-4f06-859c-06527793f6e4|rpc:10.1.0.144:15023|admin:10.1.0.144:15022|client:10.1.0.144:15021|dataStream:10.1.0.144:15024|priority:1|startupRole:FOLLOWER, 7c2da756-7def-47bc-b4fd-fb4319f4a659|rpc:10.1.0.144:15014|admin:10.1.0.144:15013|client:10.1.0.144:15012|dataStream:10.1.0.144:15015|priority:0|startupRole:FOLLOWER, 1be5c5f2-a8c9-4995-9125-aff50ea2da2d|rpc:10.1.0.144:15032|admin:10.1.0.144:15031|client:10.1.0.144:15030|dataStream:10.1.0.144:15033|priority:0|startupRole:FOLLOWER]|listeners:[], old=null
2023-09-25 17:56:34,979 [1be5c5f2-a8c9-4995-9125-aff50ea2da2d@group-7CD5F040EB7A-LeaderElection8] INFO  server.RaftServerConfigKeys (ConfUtils.java:logGet(46)) - raft.server.staging.catchup.gap = 1000 (default)
2023-09-25 17:56:34,979 [07de5ce2-8a0b-4f06-859c-06527793f6e4@group-1A0BCD27AFBC-LeaderElection7] INFO  impl.LeaderElection (LeaderElection.java:logAndReturn(90)) - 07de5ce2-8a0b-4f06-859c-06527793f6e4@group-1A0BCD27AFBC-LeaderElection7: PRE_VOTE PASSED received 1 response(s) and 0 exception(s):
2023-09-25 17:56:34,980 [07de5ce2-8a0b-4f06-859c-06527793f6e4@group-1A0BCD27AFBC-LeaderElection7] INFO  impl.LeaderElection (LeaderElection.java:logAndReturn(94)) -   Response 0: 07de5ce2-8a0b-4f06-859c-06527793f6e4<-7c2da756-7def-47bc-b4fd-fb4319f4a659#0:OK-t0
2023-09-25 17:56:34,980 [07de5ce2-8a0b-4f06-859c-06527793f6e4@group-1A0BCD27AFBC-LeaderElection7] INFO  impl.LeaderElection (LeaderElection.java:askForVotes(323)) - 07de5ce2-8a0b-4f06-859c-06527793f6e4@group-1A0BCD27AFBC-LeaderElection7 PRE_VOTE round 0: result PASSED
2023-09-25 17:56:34,980 [1be5c5f2-a8c9-4995-9125-aff50ea2da2d@group-7CD5F040EB7A-LeaderElection8] INFO  server.RaftServerConfigKeys (ConfUtils.java:logGet(46)) - raft.server.write.element-limit = 1024 (custom)
2023-09-25 17:56:34,980 [1be5c5f2-a8c9-4995-9125-aff50ea2da2d@group-7CD5F040EB7A-LeaderElection8] INFO  server.RaftServerConfigKeys (ConfUtils.java:logGet(46)) - raft.server.write.byte-limit = 1024 M (=1073741824) (custom)
2023-09-25 17:56:34,981 [1be5c5f2-a8c9-4995-9125-aff50ea2da2d@group-7CD5F040EB7A-LeaderElection8] INFO  server.RaftServerConfigKeys (ConfUtils.java:logGet(46)) - raft.server.watch.timeout = 180s (custom)
2023-09-25 17:56:34,981 [1be5c5f2-a8c9-4995-9125-aff50ea2da2d@group-7CD5F040EB7A-LeaderElection8] INFO  server.RaftServerConfigKeys (ConfUtils.java:logGet(46)) - raft.server.watch.timeout.denomination = 1s (default)
2023-09-25 17:56:34,981 [1be5c5f2-a8c9-4995-9125-aff50ea2da2d@group-7CD5F040EB7A-LeaderElection8] INFO  server.RaftServerConfigKeys (ConfUtils.java:logGet(46)) - raft.server.watch.element-limit = 65536 (default)
2023-09-25 17:56:34,984 [07de5ce2-8a0b-4f06-859c-06527793f6e4@group-1A0BCD27AFBC-LeaderElection7] INFO  impl.LeaderElection (LeaderElection.java:askForVotes(321)) - 07de5ce2-8a0b-4f06-859c-06527793f6e4@group-1A0BCD27AFBC-LeaderElection7 ELECTION round 0: submit vote requests at term 1 for -1: peers:[07de5ce2-8a0b-4f06-859c-06527793f6e4|rpc:10.1.0.144:15023|admin:10.1.0.144:15022|client:10.1.0.144:15021|dataStream:10.1.0.144:15024|priority:1|startupRole:FOLLOWER, 7c2da756-7def-47bc-b4fd-fb4319f4a659|rpc:10.1.0.144:15014|admin:10.1.0.144:15013|client:10.1.0.144:15012|dataStream:10.1.0.144:15015|priority:0|startupRole:FOLLOWER, 1be5c5f2-a8c9-4995-9125-aff50ea2da2d|rpc:10.1.0.144:15032|admin:10.1.0.144:15031|client:10.1.0.144:15030|dataStream:10.1.0.144:15033|priority:0|startupRole:FOLLOWER]|listeners:[], old=null
2023-09-25 17:56:34,985 [1be5c5f2-a8c9-4995-9125-aff50ea2da2d@group-7CD5F040EB7A-LeaderElection8] INFO  server.RaftServerConfigKeys (ConfUtils.java:logGet(46)) - raft.server.write.element-limit = 1024 (custom)
2023-09-25 17:56:34,985 [1be5c5f2-a8c9-4995-9125-aff50ea2da2d@group-7CD5F040EB7A-LeaderElection8] INFO  server.RaftServerConfigKeys (ConfUtils.java:logGet(46)) - raft.server.write.follower.gap.ratio.max = -1.0 (default)
2023-09-25 17:56:34,985 [1be5c5f2-a8c9-4995-9125-aff50ea2da2d@group-7CD5F040EB7A-LeaderElection8] INFO  impl.RoleInfo (RoleInfo.java:updateAndGet(139)) - 1be5c5f2-a8c9-4995-9125-aff50ea2da2d: start 1be5c5f2-a8c9-4995-9125-aff50ea2da2d@group-7CD5F040EB7A-LeaderStateImpl
2023-09-25 17:56:34,986 [1be5c5f2-a8c9-4995-9125-aff50ea2da2d@group-7CD5F040EB7A-LeaderElection8] INFO  segmented.SegmentedRaftLogWorker (SegmentedRaftLogWorker.java:startLogSegment(447)) - 1be5c5f2-a8c9-4995-9125-aff50ea2da2d@group-7CD5F040EB7A-SegmentedRaftLogWorker: Starting segment from index:0
2023-09-25 17:56:34,993 [07de5ce2-8a0b-4f06-859c-06527793f6e4@group-1A0BCD27AFBC-LeaderElection7] INFO  server.RaftServerConfigKeys (ConfUtils.java:logFallback(53)) - raft.server.rpc.first-election.timeout.min = 5s (fallback to raft.server.rpc.timeout.min)
2023-09-25 17:56:35,000 [07de5ce2-8a0b-4f06-859c-06527793f6e4@group-1A0BCD27AFBC-LeaderElection7] INFO  server.RaftServerConfigKeys (ConfUtils.java:logFallback(53)) - raft.server.rpc.first-election.timeout.max = 5200ms (fallback to raft.server.rpc.timeout.max)
2023-09-25 17:56:35,001 [grpc-default-executor-1] INFO  server.RaftServer$Division (RaftServerImpl.java:requestVote(1302)) - 7c2da756-7def-47bc-b4fd-fb4319f4a659@group-1A0BCD27AFBC: receive requestVote(ELECTION, 07de5ce2-8a0b-4f06-859c-06527793f6e4, group-1A0BCD27AFBC, 1, (t:0, i:0))
2023-09-25 17:56:35,001 [grpc-default-executor-1] INFO  impl.VoteContext (VoteContext.java:log(49)) - 7c2da756-7def-47bc-b4fd-fb4319f4a659@group-1A0BCD27AFBC-FOLLOWER: accept ELECTION from 07de5ce2-8a0b-4f06-859c-06527793f6e4: our priority 0 <= candidate's priority 1
2023-09-25 17:56:35,001 [grpc-default-executor-1] INFO  server.RaftServer$Division (RaftServerImpl.java:setRole(329)) - 7c2da756-7def-47bc-b4fd-fb4319f4a659@group-1A0BCD27AFBC: changes role from  FOLLOWER to FOLLOWER at term 1 for candidate:07de5ce2-8a0b-4f06-859c-06527793f6e4
2023-09-25 17:56:35,001 [grpc-default-executor-1] INFO  impl.RoleInfo (RoleInfo.java:shutdownFollowerState(110)) - 7c2da756-7def-47bc-b4fd-fb4319f4a659: shutdown 7c2da756-7def-47bc-b4fd-fb4319f4a659@group-1A0BCD27AFBC-FollowerState
2023-09-25 17:56:35,000 [grpc-default-executor-0] INFO  server.RaftServer$Division (RaftServerImpl.java:requestVote(1302)) - 1be5c5f2-a8c9-4995-9125-aff50ea2da2d@group-1A0BCD27AFBC: receive requestVote(PRE_VOTE, 07de5ce2-8a0b-4f06-859c-06527793f6e4, group-1A0BCD27AFBC, 0, (t:0, i:0))
2023-09-25 17:56:35,003 [grpc-default-executor-1] INFO  impl.RoleInfo (RoleInfo.java:updateAndGet(139)) - 7c2da756-7def-47bc-b4fd-fb4319f4a659: start 7c2da756-7def-47bc-b4fd-fb4319f4a659@group-1A0BCD27AFBC-FollowerState
2023-09-25 17:56:35,003 [grpc-default-executor-0] INFO  impl.VoteContext (VoteContext.java:log(49)) - 1be5c5f2-a8c9-4995-9125-aff50ea2da2d@group-1A0BCD27AFBC-FOLLOWER: accept PRE_VOTE from 07de5ce2-8a0b-4f06-859c-06527793f6e4: our priority 0 <= candidate's priority 1
2023-09-25 17:56:35,003 [1be5c5f2-a8c9-4995-9125-aff50ea2da2d@group-7CD5F040EB7A-LeaderElection8] INFO  server.RaftServer$Division (ServerState.java:setRaftConf(434)) - 1be5c5f2-a8c9-4995-9125-aff50ea2da2d@group-7CD5F040EB7A: set configuration 0: peers:[1be5c5f2-a8c9-4995-9125-aff50ea2da2d|rpc:10.1.0.144:15032|admin:10.1.0.144:15031|client:10.1.0.144:15030|dataStream:10.1.0.144:15033|priority:1|startupRole:FOLLOWER]|listeners:[], old=null
2023-09-25 17:56:35,003 [grpc-default-executor-0] INFO  server.RaftServer$Division (RaftServerImpl.java:requestVote(1335)) - 1be5c5f2-a8c9-4995-9125-aff50ea2da2d@group-1A0BCD27AFBC replies to PRE_VOTE vote request: 07de5ce2-8a0b-4f06-859c-06527793f6e4<-1be5c5f2-a8c9-4995-9125-aff50ea2da2d#0:OK-t0. Peer's state: 1be5c5f2-a8c9-4995-9125-aff50ea2da2d@group-1A0BCD27AFBC:t0, leader=null, voted=, raftlog=Memoized:1be5c5f2-a8c9-4995-9125-aff50ea2da2d@group-1A0BCD27AFBC-SegmentedRaftLog:OPENED:c-1, conf=-1: peers:[07de5ce2-8a0b-4f06-859c-06527793f6e4|rpc:10.1.0.144:15023|admin:10.1.0.144:15022|client:10.1.0.144:15021|dataStream:10.1.0.144:15024|priority:1|startupRole:FOLLOWER, 7c2da756-7def-47bc-b4fd-fb4319f4a659|rpc:10.1.0.144:15014|admin:10.1.0.144:15013|client:10.1.0.144:15012|dataStream:10.1.0.144:15015|priority:0|startupRole:FOLLOWER, 1be5c5f2-a8c9-4995-9125-aff50ea2da2d|rpc:10.1.0.144:15032|admin:10.1.0.144:15031|client:10.1.0.144:15030|dataStream:10.1.0.144:15033|priority:0|startupRole:FOLLOWER]|listeners:[], old=null
2023-09-25 17:56:35,004 [7c2da756-7def-47bc-b4fd-fb4319f4a659@group-1A0BCD27AFBC-FollowerState] INFO  impl.FollowerState (FollowerState.java:run(152)) - 7c2da756-7def-47bc-b4fd-fb4319f4a659@group-1A0BCD27AFBC-FollowerState was interrupted
2023-09-25 17:56:35,008 [grpc-default-executor-1] INFO  server.RaftServer$Division (RaftServerImpl.java:requestVote(1335)) - 7c2da756-7def-47bc-b4fd-fb4319f4a659@group-1A0BCD27AFBC replies to ELECTION vote request: 07de5ce2-8a0b-4f06-859c-06527793f6e4<-7c2da756-7def-47bc-b4fd-fb4319f4a659#0:OK-t1. Peer's state: 7c2da756-7def-47bc-b4fd-fb4319f4a659@group-1A0BCD27AFBC:t1, leader=null, voted=07de5ce2-8a0b-4f06-859c-06527793f6e4, raftlog=Memoized:7c2da756-7def-47bc-b4fd-fb4319f4a659@group-1A0BCD27AFBC-SegmentedRaftLog:OPENED:c-1, conf=-1: peers:[07de5ce2-8a0b-4f06-859c-06527793f6e4|rpc:10.1.0.144:15023|admin:10.1.0.144:15022|client:10.1.0.144:15021|dataStream:10.1.0.144:15024|priority:1|startupRole:FOLLOWER, 7c2da756-7def-47bc-b4fd-fb4319f4a659|rpc:10.1.0.144:15014|admin:10.1.0.144:15013|client:10.1.0.144:15012|dataStream:10.1.0.144:15015|priority:0|startupRole:FOLLOWER, 1be5c5f2-a8c9-4995-9125-aff50ea2da2d|rpc:10.1.0.144:15032|admin:10.1.0.144:15031|client:10.1.0.144:15030|dataStream:10.1.0.144:15033|priority:0|startupRole:FOLLOWER]|listeners:[], old=null
2023-09-25 17:56:35,010 [1be5c5f2-a8c9-4995-9125-aff50ea2da2d@group-7CD5F040EB7A-SegmentedRaftLogWorker] INFO  segmented.SegmentedRaftLogWorker (SegmentedRaftLogWorker.java:execute(651)) - 1be5c5f2-a8c9-4995-9125-aff50ea2da2d@group-7CD5F040EB7A-SegmentedRaftLogWorker: created new log segment /home/runner/work/ozone/ozone/hadoop-ozone/integration-test/target/test-dir/MiniOzoneClusterImpl-932dec38-ee06-46f6-8792-0cf7b891b204/datanode-2/data/ratis/db4f282f-3a11-44e6-860f-7cd5f040eb7a/current/log_inprogress_0
2023-09-25 17:56:35,012 [07de5ce2-8a0b-4f06-859c-06527793f6e4@group-1A0BCD27AFBC-LeaderElection7] INFO  impl.LeaderElection (LeaderElection.java:logAndReturn(90)) - 07de5ce2-8a0b-4f06-859c-06527793f6e4@group-1A0BCD27AFBC-LeaderElection7: ELECTION PASSED received 1 response(s) and 0 exception(s):
2023-09-25 17:56:35,016 [07de5ce2-8a0b-4f06-859c-06527793f6e4@group-1A0BCD27AFBC-LeaderElection7] INFO  impl.LeaderElection (LeaderElection.java:logAndReturn(94)) -   Response 0: 07de5ce2-8a0b-4f06-859c-06527793f6e4<-7c2da756-7def-47bc-b4fd-fb4319f4a659#0:OK-t1
2023-09-25 17:56:35,016 [07de5ce2-8a0b-4f06-859c-06527793f6e4@group-1A0BCD27AFBC-LeaderElection7] INFO  impl.LeaderElection (LeaderElection.java:askForVotes(323)) - 07de5ce2-8a0b-4f06-859c-06527793f6e4@group-1A0BCD27AFBC-LeaderElection7 ELECTION round 0: result PASSED
2023-09-25 17:56:35,016 [07de5ce2-8a0b-4f06-859c-06527793f6e4@group-1A0BCD27AFBC-LeaderElection7] INFO  impl.RoleInfo (RoleInfo.java:shutdownLeaderElection(130)) - 07de5ce2-8a0b-4f06-859c-06527793f6e4: shutdown 07de5ce2-8a0b-4f06-859c-06527793f6e4@group-1A0BCD27AFBC-LeaderElection7
2023-09-25 17:56:35,016 [07de5ce2-8a0b-4f06-859c-06527793f6e4@group-1A0BCD27AFBC-LeaderElection7] INFO  server.RaftServer$Division (RaftServerImpl.java:setRole(329)) - 07de5ce2-8a0b-4f06-859c-06527793f6e4@group-1A0BCD27AFBC: changes role from CANDIDATE to LEADER at term 1 for changeToLeader
2023-09-25 17:56:35,016 [07de5ce2-8a0b-4f06-859c-06527793f6e4@group-1A0BCD27AFBC-LeaderElection7] INFO  ratis.XceiverServerRatis (XceiverServerRatis.java:handleLeaderChangedNotification(902)) - Leader change notification received for group: group-1A0BCD27AFBC with new leaderId: 07de5ce2-8a0b-4f06-859c-06527793f6e4
2023-09-25 17:56:35,016 [07de5ce2-8a0b-4f06-859c-06527793f6e4@group-1A0BCD27AFBC-LeaderElection7] INFO  server.RaftServer$Division (ServerState.java:setLeader(317)) - 07de5ce2-8a0b-4f06-859c-06527793f6e4@group-1A0BCD27AFBC: change Leader from null to 07de5ce2-8a0b-4f06-859c-06527793f6e4 at term 1 for becomeLeader, leader elected after 5451ms
2023-09-25 17:56:35,016 [07de5ce2-8a0b-4f06-859c-06527793f6e4@group-1A0BCD27AFBC-LeaderElection7] INFO  server.RaftServerConfigKeys (ConfUtils.java:logGet(46)) - raft.server.staging.catchup.gap = 1000 (default)
2023-09-25 17:56:35,017 [07de5ce2-8a0b-4f06-859c-06527793f6e4@group-1A0BCD27AFBC-LeaderElection7] INFO  server.RaftServerConfigKeys (ConfUtils.java:logGet(46)) - raft.server.write.element-limit = 1024 (custom)
2023-09-25 17:56:35,017 [07de5ce2-8a0b-4f06-859c-06527793f6e4@group-1A0BCD27AFBC-LeaderElection7] INFO  server.RaftServerConfigKeys (ConfUtils.java:logGet(46)) - raft.server.write.byte-limit = 1024 M (=1073741824) (custom)
2023-09-25 17:56:35,017 [07de5ce2-8a0b-4f06-859c-06527793f6e4@group-1A0BCD27AFBC-LeaderElection7] INFO  server.RaftServerConfigKeys (ConfUtils.java:logGet(46)) - raft.server.watch.timeout = 180s (custom)
2023-09-25 17:56:35,017 [07de5ce2-8a0b-4f06-859c-06527793f6e4@group-1A0BCD27AFBC-LeaderElection7] INFO  server.RaftServerConfigKeys (ConfUtils.java:logGet(46)) - raft.server.watch.timeout.denomination = 1s (default)
2023-09-25 17:56:35,017 [07de5ce2-8a0b-4f06-859c-06527793f6e4@group-1A0BCD27AFBC-LeaderElection7] INFO  server.RaftServerConfigKeys (ConfUtils.java:logGet(46)) - raft.server.watch.element-limit = 65536 (default)
2023-09-25 17:56:35,017 [07de5ce2-8a0b-4f06-859c-06527793f6e4@group-1A0BCD27AFBC-LeaderElection7] INFO  server.RaftServerConfigKeys (ConfUtils.java:logGet(46)) - raft.server.write.element-limit = 1024 (custom)
2023-09-25 17:56:35,017 [07de5ce2-8a0b-4f06-859c-06527793f6e4@group-1A0BCD27AFBC-LeaderElection7] INFO  server.RaftServerConfigKeys (ConfUtils.java:logGet(46)) - raft.server.write.follower.gap.ratio.max = -1.0 (default)
2023-09-25 17:56:35,018 [07de5ce2-8a0b-4f06-859c-06527793f6e4@group-1A0BCD27AFBC-LeaderElection7] INFO  server.RaftServerConfigKeys (ConfUtils.java:logGet(46)) - raft.server.log.appender.snapshot.chunk.size.max = 16MB (=16777216) (default)
2023-09-25 17:56:35,018 [07de5ce2-8a0b-4f06-859c-06527793f6e4@group-1A0BCD27AFBC-LeaderElection7] INFO  server.RaftServerConfigKeys (ConfUtils.java:logGet(46)) - raft.server.log.appender.buffer.byte-limit = 33554432 (custom)
2023-09-25 17:56:35,018 [07de5ce2-8a0b-4f06-859c-06527793f6e4@group-1A0BCD27AFBC-LeaderElection7] INFO  server.RaftServerConfigKeys (ConfUtils.java:logGet(46)) - raft.server.log.appender.buffer.element-limit = 1 (custom)
2023-09-25 17:56:35,018 [07de5ce2-8a0b-4f06-859c-06527793f6e4@group-1A0BCD27AFBC-LeaderElection7] INFO  server.RaftServerConfigKeys (ConfUtils.java:logGet(46)) - raft.server.log.appender.wait-time.min = 10ms (default)
2023-09-25 17:56:35,021 [EventQueue-PipelineReportForPipelineReportHandler] INFO  pipeline.PipelineReportHandler (PipelineReportHandler.java:processPipelineReport(136)) - Opened pipeline PipelineID=0d845f41-15a5-4737-b45c-1a0bcd27afbc
2023-09-25 17:56:35,018 [07de5ce2-8a0b-4f06-859c-06527793f6e4@group-1A0BCD27AFBC-LeaderElection7] INFO  grpc.GrpcConfigKeys (ConfUtils.java:logGet(46)) - raft.grpc.server.leader.outstanding.appends.max = 128 (default)
2023-09-25 17:56:35,023 [07de5ce2-8a0b-4f06-859c-06527793f6e4@group-1A0BCD27AFBC-LeaderElection7] INFO  server.RaftServerConfigKeys (ConfUtils.java:logGet(46)) - raft.server.rpc.request.timeout = 60s (custom)
2023-09-25 17:56:35,023 [grpc-default-executor-1] INFO  server.RaftServer$Division (RaftServerImpl.java:requestVote(1302)) - 1be5c5f2-a8c9-4995-9125-aff50ea2da2d@group-1A0BCD27AFBC: receive requestVote(ELECTION, 07de5ce2-8a0b-4f06-859c-06527793f6e4, group-1A0BCD27AFBC, 1, (t:0, i:0))
2023-09-25 17:56:35,023 [07de5ce2-8a0b-4f06-859c-06527793f6e4@group-1A0BCD27AFBC-LeaderElection7] INFO  grpc.GrpcConfigKeys (ConfUtils.java:logGet(46)) - raft.grpc.server.install_snapshot.request.element-limit = 8 (default)
2023-09-25 17:56:35,023 [grpc-default-executor-1] INFO  impl.VoteContext (VoteContext.java:log(49)) - 1be5c5f2-a8c9-4995-9125-aff50ea2da2d@group-1A0BCD27AFBC-FOLLOWER: accept ELECTION from 07de5ce2-8a0b-4f06-859c-06527793f6e4: our priority 0 <= candidate's priority 1
2023-09-25 17:56:35,023 [07de5ce2-8a0b-4f06-859c-06527793f6e4@group-1A0BCD27AFBC-LeaderElection7] INFO  grpc.GrpcConfigKeys (ConfUtils.java:logGet(46)) - raft.grpc.server.install_snapshot.request.timeout = 3000ms (default)
2023-09-25 17:56:35,023 [grpc-default-executor-1] INFO  server.RaftServer$Division (RaftServerImpl.java:setRole(329)) - 1be5c5f2-a8c9-4995-9125-aff50ea2da2d@group-1A0BCD27AFBC: changes role from  FOLLOWER to FOLLOWER at term 1 for candidate:07de5ce2-8a0b-4f06-859c-06527793f6e4
2023-09-25 17:56:35,023 [07de5ce2-8a0b-4f06-859c-06527793f6e4@group-1A0BCD27AFBC-LeaderElection7] INFO  server.RaftServerConfigKeys (ConfUtils.java:logGet(46)) - raft.server.log.appender.install.snapshot.enabled = false (custom)
2023-09-25 17:56:35,023 [grpc-default-executor-1] INFO  impl.RoleInfo (RoleInfo.java:shutdownFollowerState(110)) - 1be5c5f2-a8c9-4995-9125-aff50ea2da2d: shutdown 1be5c5f2-a8c9-4995-9125-aff50ea2da2d@group-1A0BCD27AFBC-FollowerState
2023-09-25 17:56:35,023 [07de5ce2-8a0b-4f06-859c-06527793f6e4@group-1A0BCD27AFBC-LeaderElection7] INFO  grpc.GrpcConfigKeys (ConfUtils.java:logGet(46)) - raft.grpc.server.heartbeat.channel = true (default)
2023-09-25 17:56:35,024 [1be5c5f2-a8c9-4995-9125-aff50ea2da2d@group-1A0BCD27AFBC-FollowerState] INFO  impl.FollowerState (FollowerState.java:run(152)) - 1be5c5f2-a8c9-4995-9125-aff50ea2da2d@group-1A0BCD27AFBC-FollowerState was interrupted
2023-09-25 17:56:35,025 [07de5ce2-8a0b-4f06-859c-06527793f6e4@group-1A0BCD27AFBC-LeaderElection7] INFO  server.RaftServerConfigKeys (ConfUtils.java:logGet(46)) - raft.server.log.appender.snapshot.chunk.size.max = 16MB (=16777216) (default)
2023-09-25 17:56:35,025 [07de5ce2-8a0b-4f06-859c-06527793f6e4@group-1A0BCD27AFBC-LeaderElection7] INFO  server.RaftServerConfigKeys (ConfUtils.java:logGet(46)) - raft.server.log.appender.buffer.byte-limit = 33554432 (custom)
2023-09-25 17:56:35,025 [07de5ce2-8a0b-4f06-859c-06527793f6e4@group-1A0BCD27AFBC-LeaderElection7] INFO  server.RaftServerConfigKeys (ConfUtils.java:logGet(46)) - raft.server.log.appender.buffer.element-limit = 1 (custom)
2023-09-25 17:56:35,025 [07de5ce2-8a0b-4f06-859c-06527793f6e4@group-1A0BCD27AFBC-LeaderElection7] INFO  server.RaftServerConfigKeys (ConfUtils.java:logGet(46)) - raft.server.log.appender.wait-time.min = 10ms (default)
2023-09-25 17:56:35,025 [07de5ce2-8a0b-4f06-859c-06527793f6e4@group-1A0BCD27AFBC-LeaderElection7] INFO  grpc.GrpcConfigKeys (ConfUtils.java:logGet(46)) - raft.grpc.server.leader.outstanding.appends.max = 128 (default)
2023-09-25 17:56:35,025 [07de5ce2-8a0b-4f06-859c-06527793f6e4@group-1A0BCD27AFBC-LeaderElection7] INFO  server.RaftServerConfigKeys (ConfUtils.java:logGet(46)) - raft.server.rpc.request.timeout = 60s (custom)
2023-09-25 17:56:35,025 [07de5ce2-8a0b-4f06-859c-06527793f6e4@group-1A0BCD27AFBC-LeaderElection7] INFO  grpc.GrpcConfigKeys (ConfUtils.java:logGet(46)) - raft.grpc.server.install_snapshot.request.element-limit = 8 (default)
2023-09-25 17:56:35,025 [07de5ce2-8a0b-4f06-859c-06527793f6e4@group-1A0BCD27AFBC-LeaderElection7] INFO  grpc.GrpcConfigKeys (ConfUtils.java:logGet(46)) - raft.grpc.server.install_snapshot.request.timeout = 3000ms (default)
2023-09-25 17:56:35,025 [07de5ce2-8a0b-4f06-859c-06527793f6e4@group-1A0BCD27AFBC-LeaderElection7] INFO  server.RaftServerConfigKeys (ConfUtils.java:logGet(46)) - raft.server.log.appender.install.snapshot.enabled = false (custom)
2023-09-25 17:56:35,025 [07de5ce2-8a0b-4f06-859c-06527793f6e4@group-1A0BCD27AFBC-LeaderElection7] INFO  grpc.GrpcConfigKeys (ConfUtils.java:logGet(46)) - raft.grpc.server.heartbeat.channel = true (default)
2023-09-25 17:56:35,026 [07de5ce2-8a0b-4f06-859c-06527793f6e4@group-1A0BCD27AFBC-LeaderElection7] INFO  impl.RoleInfo (RoleInfo.java:updateAndGet(139)) - 07de5ce2-8a0b-4f06-859c-06527793f6e4: start 07de5ce2-8a0b-4f06-859c-06527793f6e4@group-1A0BCD27AFBC-LeaderStateImpl
2023-09-25 17:56:35,026 [07de5ce2-8a0b-4f06-859c-06527793f6e4@group-1A0BCD27AFBC-LeaderElection7] INFO  segmented.SegmentedRaftLogWorker (SegmentedRaftLogWorker.java:startLogSegment(447)) - 07de5ce2-8a0b-4f06-859c-06527793f6e4@group-1A0BCD27AFBC-SegmentedRaftLogWorker: Starting segment from index:0
2023-09-25 17:56:35,028 [07de5ce2-8a0b-4f06-859c-06527793f6e4@group-1A0BCD27AFBC-SegmentedRaftLogWorker] INFO  segmented.SegmentedRaftLogWorker (SegmentedRaftLogWorker.java:execute(651)) - 07de5ce2-8a0b-4f06-859c-06527793f6e4@group-1A0BCD27AFBC-SegmentedRaftLogWorker: created new log segment /home/runner/work/ozone/ozone/hadoop-ozone/integration-test/target/test-dir/MiniOzoneClusterImpl-932dec38-ee06-46f6-8792-0cf7b891b204/datanode-1/data/ratis/0d845f41-15a5-4737-b45c-1a0bcd27afbc/current/log_inprogress_0
2023-09-25 17:56:35,031 [grpc-default-executor-1] INFO  impl.RoleInfo (RoleInfo.java:updateAndGet(139)) - 1be5c5f2-a8c9-4995-9125-aff50ea2da2d: start 1be5c5f2-a8c9-4995-9125-aff50ea2da2d@group-1A0BCD27AFBC-FollowerState
2023-09-25 17:56:35,031 [07de5ce2-8a0b-4f06-859c-06527793f6e4@group-1A0BCD27AFBC-LeaderElection7] INFO  server.RaftServer$Division (ServerState.java:setRaftConf(434)) - 07de5ce2-8a0b-4f06-859c-06527793f6e4@group-1A0BCD27AFBC: set configuration 0: peers:[07de5ce2-8a0b-4f06-859c-06527793f6e4|rpc:10.1.0.144:15023|admin:10.1.0.144:15022|client:10.1.0.144:15021|dataStream:10.1.0.144:15024|priority:1|startupRole:FOLLOWER, 7c2da756-7def-47bc-b4fd-fb4319f4a659|rpc:10.1.0.144:15014|admin:10.1.0.144:15013|client:10.1.0.144:15012|dataStream:10.1.0.144:15015|priority:0|startupRole:FOLLOWER, 1be5c5f2-a8c9-4995-9125-aff50ea2da2d|rpc:10.1.0.144:15032|admin:10.1.0.144:15031|client:10.1.0.144:15030|dataStream:10.1.0.144:15033|priority:0|startupRole:FOLLOWER]|listeners:[], old=null
2023-09-25 17:56:35,035 [grpc-default-executor-1] INFO  server.RaftServer$Division (RaftServerImpl.java:requestVote(1335)) - 1be5c5f2-a8c9-4995-9125-aff50ea2da2d@group-1A0BCD27AFBC replies to ELECTION vote request: 07de5ce2-8a0b-4f06-859c-06527793f6e4<-1be5c5f2-a8c9-4995-9125-aff50ea2da2d#0:OK-t1. Peer's state: 1be5c5f2-a8c9-4995-9125-aff50ea2da2d@group-1A0BCD27AFBC:t1, leader=null, voted=07de5ce2-8a0b-4f06-859c-06527793f6e4, raftlog=Memoized:1be5c5f2-a8c9-4995-9125-aff50ea2da2d@group-1A0BCD27AFBC-SegmentedRaftLog:OPENED:c-1, conf=-1: peers:[07de5ce2-8a0b-4f06-859c-06527793f6e4|rpc:10.1.0.144:15023|admin:10.1.0.144:15022|client:10.1.0.144:15021|dataStream:10.1.0.144:15024|priority:1|startupRole:FOLLOWER, 7c2da756-7def-47bc-b4fd-fb4319f4a659|rpc:10.1.0.144:15014|admin:10.1.0.144:15013|client:10.1.0.144:15012|dataStream:10.1.0.144:15015|priority:0|startupRole:FOLLOWER, 1be5c5f2-a8c9-4995-9125-aff50ea2da2d|rpc:10.1.0.144:15032|admin:10.1.0.144:15031|client:10.1.0.144:15030|dataStream:10.1.0.144:15033|priority:0|startupRole:FOLLOWER]|listeners:[], old=null
2023-09-25 17:56:35,046 [7c2da756-7def-47bc-b4fd-fb4319f4a659-server-thread1] INFO  ratis.XceiverServerRatis (XceiverServerRatis.java:handleLeaderChangedNotification(902)) - Leader change notification received for group: group-1A0BCD27AFBC with new leaderId: 07de5ce2-8a0b-4f06-859c-06527793f6e4
2023-09-25 17:56:35,047 [7c2da756-7def-47bc-b4fd-fb4319f4a659-server-thread1] INFO  server.RaftServer$Division (ServerState.java:setLeader(317)) - 7c2da756-7def-47bc-b4fd-fb4319f4a659@group-1A0BCD27AFBC: change Leader from null to 07de5ce2-8a0b-4f06-859c-06527793f6e4 at term 1 for appendEntries, leader elected after 5517ms
2023-09-25 17:56:35,071 [7c2da756-7def-47bc-b4fd-fb4319f4a659-server-thread2] INFO  server.RaftServer$Division (ServerState.java:setRaftConf(434)) - 7c2da756-7def-47bc-b4fd-fb4319f4a659@group-1A0BCD27AFBC: set configuration 0: peers:[07de5ce2-8a0b-4f06-859c-06527793f6e4|rpc:10.1.0.144:15023|admin:10.1.0.144:15022|client:10.1.0.144:15021|dataStream:10.1.0.144:15024|priority:1|startupRole:FOLLOWER, 7c2da756-7def-47bc-b4fd-fb4319f4a659|rpc:10.1.0.144:15014|admin:10.1.0.144:15013|client:10.1.0.144:15012|dataStream:10.1.0.144:15015|priority:0|startupRole:FOLLOWER, 1be5c5f2-a8c9-4995-9125-aff50ea2da2d|rpc:10.1.0.144:15032|admin:10.1.0.144:15031|client:10.1.0.144:15030|dataStream:10.1.0.144:15033|priority:0|startupRole:FOLLOWER]|listeners:[], old=null
2023-09-25 17:56:35,071 [7c2da756-7def-47bc-b4fd-fb4319f4a659-server-thread2] INFO  segmented.SegmentedRaftLogWorker (SegmentedRaftLogWorker.java:startLogSegment(447)) - 7c2da756-7def-47bc-b4fd-fb4319f4a659@group-1A0BCD27AFBC-SegmentedRaftLogWorker: Starting segment from index:0
2023-09-25 17:56:35,077 [7c2da756-7def-47bc-b4fd-fb4319f4a659@group-1A0BCD27AFBC-SegmentedRaftLogWorker] INFO  segmented.SegmentedRaftLogWorker (SegmentedRaftLogWorker.java:execute(651)) - 7c2da756-7def-47bc-b4fd-fb4319f4a659@group-1A0BCD27AFBC-SegmentedRaftLogWorker: created new log segment /home/runner/work/ozone/ozone/hadoop-ozone/integration-test/target/test-dir/MiniOzoneClusterImpl-932dec38-ee06-46f6-8792-0cf7b891b204/datanode-0/data/ratis/0d845f41-15a5-4737-b45c-1a0bcd27afbc/current/log_inprogress_0
2023-09-25 17:56:35,082 [1be5c5f2-a8c9-4995-9125-aff50ea2da2d-server-thread1] INFO  ratis.XceiverServerRatis (XceiverServerRatis.java:handleLeaderChangedNotification(902)) - Leader change notification received for group: group-1A0BCD27AFBC with new leaderId: 07de5ce2-8a0b-4f06-859c-06527793f6e4
2023-09-25 17:56:35,082 [1be5c5f2-a8c9-4995-9125-aff50ea2da2d-server-thread1] INFO  server.RaftServer$Division (ServerState.java:setLeader(317)) - 1be5c5f2-a8c9-4995-9125-aff50ea2da2d@group-1A0BCD27AFBC: change Leader from null to 07de5ce2-8a0b-4f06-859c-06527793f6e4 at term 1 for appendEntries, leader elected after 5169ms
2023-09-25 17:56:35,092 [1be5c5f2-a8c9-4995-9125-aff50ea2da2d-server-thread2] INFO  server.RaftServer$Division (ServerState.java:setRaftConf(434)) - 1be5c5f2-a8c9-4995-9125-aff50ea2da2d@group-1A0BCD27AFBC: set configuration 0: peers:[07de5ce2-8a0b-4f06-859c-06527793f6e4|rpc:10.1.0.144:15023|admin:10.1.0.144:15022|client:10.1.0.144:15021|dataStream:10.1.0.144:15024|priority:1|startupRole:FOLLOWER, 7c2da756-7def-47bc-b4fd-fb4319f4a659|rpc:10.1.0.144:15014|admin:10.1.0.144:15013|client:10.1.0.144:15012|dataStream:10.1.0.144:15015|priority:0|startupRole:FOLLOWER, 1be5c5f2-a8c9-4995-9125-aff50ea2da2d|rpc:10.1.0.144:15032|admin:10.1.0.144:15031|client:10.1.0.144:15030|dataStream:10.1.0.144:15033|priority:0|startupRole:FOLLOWER]|listeners:[], old=null
2023-09-25 17:56:35,092 [1be5c5f2-a8c9-4995-9125-aff50ea2da2d-server-thread2] INFO  segmented.SegmentedRaftLogWorker (SegmentedRaftLogWorker.java:startLogSegment(447)) - 1be5c5f2-a8c9-4995-9125-aff50ea2da2d@group-1A0BCD27AFBC-SegmentedRaftLogWorker: Starting segment from index:0
2023-09-25 17:56:35,096 [1be5c5f2-a8c9-4995-9125-aff50ea2da2d@group-1A0BCD27AFBC-SegmentedRaftLogWorker] INFO  segmented.SegmentedRaftLogWorker (SegmentedRaftLogWorker.java:execute(651)) - 1be5c5f2-a8c9-4995-9125-aff50ea2da2d@group-1A0BCD27AFBC-SegmentedRaftLogWorker: created new log segment /home/runner/work/ozone/ozone/hadoop-ozone/integration-test/target/test-dir/MiniOzoneClusterImpl-932dec38-ee06-46f6-8792-0cf7b891b204/datanode-2/data/ratis/0d845f41-15a5-4737-b45c-1a0bcd27afbc/current/log_inprogress_0
2023-09-25 17:56:35,254 [193d77cf-0768-416f-bba4-4eb853aeaf3c@group-76068DDC8CFF-FollowerState] INFO  impl.FollowerState (FollowerState.java:run(143)) - 193d77cf-0768-416f-bba4-4eb853aeaf3c@group-76068DDC8CFF-FollowerState: change to CANDIDATE, lastRpcElapsedTime:5165759184ns, electionTimeout:5160ms
2023-09-25 17:56:35,255 [193d77cf-0768-416f-bba4-4eb853aeaf3c@group-76068DDC8CFF-FollowerState] INFO  impl.RoleInfo (RoleInfo.java:shutdownFollowerState(110)) - 193d77cf-0768-416f-bba4-4eb853aeaf3c: shutdown 193d77cf-0768-416f-bba4-4eb853aeaf3c@group-76068DDC8CFF-FollowerState
2023-09-25 17:56:35,255 [193d77cf-0768-416f-bba4-4eb853aeaf3c@group-76068DDC8CFF-FollowerState] INFO  server.RaftServer$Division (RaftServerImpl.java:setRole(329)) - 193d77cf-0768-416f-bba4-4eb853aeaf3c@group-76068DDC8CFF: changes role from  FOLLOWER to CANDIDATE at term 0 for changeToCandidate
2023-09-25 17:56:35,257 [193d77cf-0768-416f-bba4-4eb853aeaf3c@group-76068DDC8CFF-FollowerState] INFO  server.RaftServerConfigKeys (ConfUtils.java:logGet(46)) - raft.server.leaderelection.pre-vote = true (default)
2023-09-25 17:56:35,257 [193d77cf-0768-416f-bba4-4eb853aeaf3c@group-76068DDC8CFF-FollowerState] INFO  impl.RoleInfo (RoleInfo.java:updateAndGet(139)) - 193d77cf-0768-416f-bba4-4eb853aeaf3c: start 193d77cf-0768-416f-bba4-4eb853aeaf3c@group-76068DDC8CFF-LeaderElection9
2023-09-25 17:56:35,260 [193d77cf-0768-416f-bba4-4eb853aeaf3c@group-76068DDC8CFF-LeaderElection9] INFO  impl.LeaderElection (LeaderElection.java:askForVotes(321)) - 193d77cf-0768-416f-bba4-4eb853aeaf3c@group-76068DDC8CFF-LeaderElection9 PRE_VOTE round 0: submit vote requests at term 0 for -1: peers:[193d77cf-0768-416f-bba4-4eb853aeaf3c|rpc:10.1.0.144:15041|admin:10.1.0.144:15040|client:10.1.0.144:15039|dataStream:10.1.0.144:15042|priority:1|startupRole:FOLLOWER]|listeners:[], old=null
2023-09-25 17:56:35,260 [193d77cf-0768-416f-bba4-4eb853aeaf3c@group-76068DDC8CFF-LeaderElection9] INFO  impl.LeaderElection (LeaderElection.java:askForVotes(323)) - 193d77cf-0768-416f-bba4-4eb853aeaf3c@group-76068DDC8CFF-LeaderElection9 PRE_VOTE round 0: result PASSED (term=0)
2023-09-25 17:56:35,262 [193d77cf-0768-416f-bba4-4eb853aeaf3c@group-76068DDC8CFF-LeaderElection9] INFO  impl.LeaderElection (LeaderElection.java:askForVotes(321)) - 193d77cf-0768-416f-bba4-4eb853aeaf3c@group-76068DDC8CFF-LeaderElection9 ELECTION round 0: submit vote requests at term 1 for -1: peers:[193d77cf-0768-416f-bba4-4eb853aeaf3c|rpc:10.1.0.144:15041|admin:10.1.0.144:15040|client:10.1.0.144:15039|dataStream:10.1.0.144:15042|priority:1|startupRole:FOLLOWER]|listeners:[], old=null
2023-09-25 17:56:35,262 [193d77cf-0768-416f-bba4-4eb853aeaf3c@group-76068DDC8CFF-LeaderElection9] INFO  impl.LeaderElection (LeaderElection.java:askForVotes(323)) - 193d77cf-0768-416f-bba4-4eb853aeaf3c@group-76068DDC8CFF-LeaderElection9 ELECTION round 0: result PASSED (term=1)
2023-09-25 17:56:35,262 [193d77cf-0768-416f-bba4-4eb853aeaf3c@group-76068DDC8CFF-LeaderElection9] INFO  impl.RoleInfo (RoleInfo.java:shutdownLeaderElection(130)) - 193d77cf-0768-416f-bba4-4eb853aeaf3c: shutdown 193d77cf-0768-416f-bba4-4eb853aeaf3c@group-76068DDC8CFF-LeaderElection9
2023-09-25 17:56:35,262 [193d77cf-0768-416f-bba4-4eb853aeaf3c@group-76068DDC8CFF-LeaderElection9] INFO  server.RaftServer$Division (RaftServerImpl.java:setRole(329)) - 193d77cf-0768-416f-bba4-4eb853aeaf3c@group-76068DDC8CFF: changes role from CANDIDATE to LEADER at term 1 for changeToLeader
2023-09-25 17:56:35,262 [193d77cf-0768-416f-bba4-4eb853aeaf3c@group-76068DDC8CFF-LeaderElection9] INFO  ratis.XceiverServerRatis (XceiverServerRatis.java:handleLeaderChangedNotification(902)) - Leader change notification received for group: group-76068DDC8CFF with new leaderId: 193d77cf-0768-416f-bba4-4eb853aeaf3c
2023-09-25 17:56:35,263 [193d77cf-0768-416f-bba4-4eb853aeaf3c@group-76068DDC8CFF-LeaderElection9] INFO  server.RaftServer$Division (ServerState.java:setLeader(317)) - 193d77cf-0768-416f-bba4-4eb853aeaf3c@group-76068DDC8CFF: change Leader from null to 193d77cf-0768-416f-bba4-4eb853aeaf3c at term 1 for becomeLeader, leader elected after 5236ms
2023-09-25 17:56:35,263 [193d77cf-0768-416f-bba4-4eb853aeaf3c@group-76068DDC8CFF-LeaderElection9] INFO  server.RaftServerConfigKeys (ConfUtils.java:logGet(46)) - raft.server.staging.catchup.gap = 1000 (default)
2023-09-25 17:56:35,263 [193d77cf-0768-416f-bba4-4eb853aeaf3c@group-76068DDC8CFF-LeaderElection9] INFO  server.RaftServerConfigKeys (ConfUtils.java:logGet(46)) - raft.server.write.element-limit = 1024 (custom)
2023-09-25 17:56:35,263 [193d77cf-0768-416f-bba4-4eb853aeaf3c@group-76068DDC8CFF-LeaderElection9] INFO  server.RaftServerConfigKeys (ConfUtils.java:logGet(46)) - raft.server.write.byte-limit = 1024 M (=1073741824) (custom)
2023-09-25 17:56:35,263 [193d77cf-0768-416f-bba4-4eb853aeaf3c@group-76068DDC8CFF-LeaderElection9] INFO  server.RaftServerConfigKeys (ConfUtils.java:logGet(46)) - raft.server.watch.timeout = 180s (custom)
2023-09-25 17:56:35,265 [193d77cf-0768-416f-bba4-4eb853aeaf3c@group-76068DDC8CFF-LeaderElection9] INFO  server.RaftServerConfigKeys (ConfUtils.java:logGet(46)) - raft.server.watch.timeout.denomination = 1s (default)
2023-09-25 17:56:35,266 [193d77cf-0768-416f-bba4-4eb853aeaf3c@group-76068DDC8CFF-LeaderElection9] INFO  server.RaftServerConfigKeys (ConfUtils.java:logGet(46)) - raft.server.watch.element-limit = 65536 (default)
2023-09-25 17:56:35,266 [193d77cf-0768-416f-bba4-4eb853aeaf3c@group-76068DDC8CFF-LeaderElection9] INFO  server.RaftServerConfigKeys (ConfUtils.java:logGet(46)) - raft.server.write.element-limit = 1024 (custom)
2023-09-25 17:56:35,266 [193d77cf-0768-416f-bba4-4eb853aeaf3c@group-76068DDC8CFF-LeaderElection9] INFO  server.RaftServerConfigKeys (ConfUtils.java:logGet(46)) - raft.server.write.follower.gap.ratio.max = -1.0 (default)
2023-09-25 17:56:35,266 [193d77cf-0768-416f-bba4-4eb853aeaf3c@group-76068DDC8CFF-LeaderElection9] INFO  impl.RoleInfo (RoleInfo.java:updateAndGet(139)) - 193d77cf-0768-416f-bba4-4eb853aeaf3c: start 193d77cf-0768-416f-bba4-4eb853aeaf3c@group-76068DDC8CFF-LeaderStateImpl
2023-09-25 17:56:35,266 [193d77cf-0768-416f-bba4-4eb853aeaf3c@group-76068DDC8CFF-LeaderElection9] INFO  segmented.SegmentedRaftLogWorker (SegmentedRaftLogWorker.java:startLogSegment(447)) - 193d77cf-0768-416f-bba4-4eb853aeaf3c@group-76068DDC8CFF-SegmentedRaftLogWorker: Starting segment from index:0
2023-09-25 17:56:35,268 [193d77cf-0768-416f-bba4-4eb853aeaf3c@group-76068DDC8CFF-LeaderElection9] INFO  server.RaftServer$Division (ServerState.java:setRaftConf(434)) - 193d77cf-0768-416f-bba4-4eb853aeaf3c@group-76068DDC8CFF: set configuration 0: peers:[193d77cf-0768-416f-bba4-4eb853aeaf3c|rpc:10.1.0.144:15041|admin:10.1.0.144:15040|client:10.1.0.144:15039|dataStream:10.1.0.144:15042|priority:1|startupRole:FOLLOWER]|listeners:[], old=null
2023-09-25 17:56:35,268 [193d77cf-0768-416f-bba4-4eb853aeaf3c@group-76068DDC8CFF-SegmentedRaftLogWorker] INFO  segmented.SegmentedRaftLogWorker (SegmentedRaftLogWorker.java:execute(651)) - 193d77cf-0768-416f-bba4-4eb853aeaf3c@group-76068DDC8CFF-SegmentedRaftLogWorker: created new log segment /home/runner/work/ozone/ozone/hadoop-ozone/integration-test/target/test-dir/MiniOzoneClusterImpl-932dec38-ee06-46f6-8792-0cf7b891b204/datanode-3/data/ratis/7f2bf33e-c0c0-42c2-8d2a-76068ddc8cff/current/log_inprogress_0
2023-09-25 17:56:35,324 [main] INFO  ozone.MiniOzoneClusterImpl (MiniOzoneClusterImpl.java:lambda$waitForClusterToBeReady$0(229)) - Nodes are ready. Got 5 of 5 DN Heartbeats.
2023-09-25 17:56:35,324 [main] INFO  ozone.MiniOzoneClusterImpl (MiniOzoneClusterImpl.java:lambda$waitForClusterToBeReady$0(232)) - Cluster exits safe mode
2023-09-25 17:56:35,324 [main] INFO  ozone.MiniOzoneClusterImpl (MiniOzoneClusterImpl.java:lambda$waitForClusterToBeReady$0(234)) - SCM became leader
2023-09-25 17:56:35,415 [547bcca7-662f-4506-ab3e-0bdf08a2cfda@group-1248E2258E1A-FollowerState] INFO  impl.FollowerState (FollowerState.java:run(143)) - 547bcca7-662f-4506-ab3e-0bdf08a2cfda@group-1248E2258E1A-FollowerState: change to CANDIDATE, lastRpcElapsedTime:5062977765ns, electionTimeout:5062ms
2023-09-25 17:56:35,415 [547bcca7-662f-4506-ab3e-0bdf08a2cfda@group-1248E2258E1A-FollowerState] INFO  impl.RoleInfo (RoleInfo.java:shutdownFollowerState(110)) - 547bcca7-662f-4506-ab3e-0bdf08a2cfda: shutdown 547bcca7-662f-4506-ab3e-0bdf08a2cfda@group-1248E2258E1A-FollowerState
2023-09-25 17:56:35,415 [547bcca7-662f-4506-ab3e-0bdf08a2cfda@group-1248E2258E1A-FollowerState] INFO  server.RaftServer$Division (RaftServerImpl.java:setRole(329)) - 547bcca7-662f-4506-ab3e-0bdf08a2cfda@group-1248E2258E1A: changes role from  FOLLOWER to CANDIDATE at term 0 for changeToCandidate
2023-09-25 17:56:35,417 [547bcca7-662f-4506-ab3e-0bdf08a2cfda@group-1248E2258E1A-FollowerState] INFO  server.RaftServerConfigKeys (ConfUtils.java:logGet(46)) - raft.server.leaderelection.pre-vote = true (default)
2023-09-25 17:56:35,417 [547bcca7-662f-4506-ab3e-0bdf08a2cfda@group-1248E2258E1A-FollowerState] INFO  impl.RoleInfo (RoleInfo.java:updateAndGet(139)) - 547bcca7-662f-4506-ab3e-0bdf08a2cfda: start 547bcca7-662f-4506-ab3e-0bdf08a2cfda@group-1248E2258E1A-LeaderElection10
2023-09-25 17:56:35,435 [547bcca7-662f-4506-ab3e-0bdf08a2cfda@group-1248E2258E1A-LeaderElection10] INFO  impl.LeaderElection (LeaderElection.java:askForVotes(321)) - 547bcca7-662f-4506-ab3e-0bdf08a2cfda@group-1248E2258E1A-LeaderElection10 PRE_VOTE round 0: submit vote requests at term 0 for -1: peers:[547bcca7-662f-4506-ab3e-0bdf08a2cfda|rpc:10.1.0.144:15050|admin:10.1.0.144:15049|client:10.1.0.144:15048|dataStream:10.1.0.144:15051|priority:1|startupRole:FOLLOWER]|listeners:[], old=null
2023-09-25 17:56:35,435 [547bcca7-662f-4506-ab3e-0bdf08a2cfda@group-1248E2258E1A-LeaderElection10] INFO  impl.LeaderElection (LeaderElection.java:askForVotes(323)) - 547bcca7-662f-4506-ab3e-0bdf08a2cfda@group-1248E2258E1A-LeaderElection10 PRE_VOTE round 0: result PASSED (term=0)
2023-09-25 17:56:35,444 [547bcca7-662f-4506-ab3e-0bdf08a2cfda@group-1248E2258E1A-LeaderElection10] INFO  impl.LeaderElection (LeaderElection.java:askForVotes(321)) - 547bcca7-662f-4506-ab3e-0bdf08a2cfda@group-1248E2258E1A-LeaderElection10 ELECTION round 0: submit vote requests at term 1 for -1: peers:[547bcca7-662f-4506-ab3e-0bdf08a2cfda|rpc:10.1.0.144:15050|admin:10.1.0.144:15049|client:10.1.0.144:15048|dataStream:10.1.0.144:15051|priority:1|startupRole:FOLLOWER]|listeners:[], old=null
2023-09-25 17:56:35,444 [547bcca7-662f-4506-ab3e-0bdf08a2cfda@group-1248E2258E1A-LeaderElection10] INFO  impl.LeaderElection (LeaderElection.java:askForVotes(323)) - 547bcca7-662f-4506-ab3e-0bdf08a2cfda@group-1248E2258E1A-LeaderElection10 ELECTION round 0: result PASSED (term=1)
2023-09-25 17:56:35,444 [547bcca7-662f-4506-ab3e-0bdf08a2cfda@group-1248E2258E1A-LeaderElection10] INFO  impl.RoleInfo (RoleInfo.java:shutdownLeaderElection(130)) - 547bcca7-662f-4506-ab3e-0bdf08a2cfda: shutdown 547bcca7-662f-4506-ab3e-0bdf08a2cfda@group-1248E2258E1A-LeaderElection10
2023-09-25 17:56:35,444 [547bcca7-662f-4506-ab3e-0bdf08a2cfda@group-1248E2258E1A-LeaderElection10] INFO  server.RaftServer$Division (RaftServerImpl.java:setRole(329)) - 547bcca7-662f-4506-ab3e-0bdf08a2cfda@group-1248E2258E1A: changes role from CANDIDATE to LEADER at term 1 for changeToLeader
2023-09-25 17:56:35,444 [547bcca7-662f-4506-ab3e-0bdf08a2cfda@group-1248E2258E1A-LeaderElection10] INFO  ratis.XceiverServerRatis (XceiverServerRatis.java:handleLeaderChangedNotification(902)) - Leader change notification received for group: group-1248E2258E1A with new leaderId: 547bcca7-662f-4506-ab3e-0bdf08a2cfda
2023-09-25 17:56:35,444 [547bcca7-662f-4506-ab3e-0bdf08a2cfda@group-1248E2258E1A-LeaderElection10] INFO  server.RaftServer$Division (ServerState.java:setLeader(317)) - 547bcca7-662f-4506-ab3e-0bdf08a2cfda@group-1248E2258E1A: change Leader from null to 547bcca7-662f-4506-ab3e-0bdf08a2cfda at term 1 for becomeLeader, leader elected after 5111ms
2023-09-25 17:56:35,444 [547bcca7-662f-4506-ab3e-0bdf08a2cfda@group-1248E2258E1A-LeaderElection10] INFO  server.RaftServerConfigKeys (ConfUtils.java:logGet(46)) - raft.server.staging.catchup.gap = 1000 (default)
2023-09-25 17:56:35,444 [547bcca7-662f-4506-ab3e-0bdf08a2cfda@group-1248E2258E1A-LeaderElection10] INFO  server.RaftServerConfigKeys (ConfUtils.java:logGet(46)) - raft.server.write.element-limit = 1024 (custom)
2023-09-25 17:56:35,445 [547bcca7-662f-4506-ab3e-0bdf08a2cfda@group-1248E2258E1A-LeaderElection10] INFO  server.RaftServerConfigKeys (ConfUtils.java:logGet(46)) - raft.server.write.byte-limit = 1024 M (=1073741824) (custom)
2023-09-25 17:56:35,445 [547bcca7-662f-4506-ab3e-0bdf08a2cfda@group-1248E2258E1A-LeaderElection10] INFO  server.RaftServerConfigKeys (ConfUtils.java:logGet(46)) - raft.server.watch.timeout = 180s (custom)
2023-09-25 17:56:35,445 [547bcca7-662f-4506-ab3e-0bdf08a2cfda@group-1248E2258E1A-LeaderElection10] INFO  server.RaftServerConfigKeys (ConfUtils.java:logGet(46)) - raft.server.watch.timeout.denomination = 1s (default)
2023-09-25 17:56:35,445 [547bcca7-662f-4506-ab3e-0bdf08a2cfda@group-1248E2258E1A-LeaderElection10] INFO  server.RaftServerConfigKeys (ConfUtils.java:logGet(46)) - raft.server.watch.element-limit = 65536 (default)
2023-09-25 17:56:35,445 [547bcca7-662f-4506-ab3e-0bdf08a2cfda@group-1248E2258E1A-LeaderElection10] INFO  server.RaftServerConfigKeys (ConfUtils.java:logGet(46)) - raft.server.write.element-limit = 1024 (custom)
2023-09-25 17:56:35,445 [547bcca7-662f-4506-ab3e-0bdf08a2cfda@group-1248E2258E1A-LeaderElection10] INFO  server.RaftServerConfigKeys (ConfUtils.java:logGet(46)) - raft.server.write.follower.gap.ratio.max = -1.0 (default)
2023-09-25 17:56:35,445 [547bcca7-662f-4506-ab3e-0bdf08a2cfda@group-1248E2258E1A-LeaderElection10] INFO  impl.RoleInfo (RoleInfo.java:updateAndGet(139)) - 547bcca7-662f-4506-ab3e-0bdf08a2cfda: start 547bcca7-662f-4506-ab3e-0bdf08a2cfda@group-1248E2258E1A-LeaderStateImpl
2023-09-25 17:56:35,446 [547bcca7-662f-4506-ab3e-0bdf08a2cfda@group-1248E2258E1A-LeaderElection10] INFO  segmented.SegmentedRaftLogWorker (SegmentedRaftLogWorker.java:startLogSegment(447)) - 547bcca7-662f-4506-ab3e-0bdf08a2cfda@group-1248E2258E1A-SegmentedRaftLogWorker: Starting segment from index:0
2023-09-25 17:56:35,450 [547bcca7-662f-4506-ab3e-0bdf08a2cfda@group-1248E2258E1A-SegmentedRaftLogWorker] INFO  segmented.SegmentedRaftLogWorker (SegmentedRaftLogWorker.java:execute(651)) - 547bcca7-662f-4506-ab3e-0bdf08a2cfda@group-1248E2258E1A-SegmentedRaftLogWorker: created new log segment /home/runner/work/ozone/ozone/hadoop-ozone/integration-test/target/test-dir/MiniOzoneClusterImpl-932dec38-ee06-46f6-8792-0cf7b891b204/datanode-4/data/ratis/b66b5463-9ee7-4a1e-9b38-1248e2258e1a/current/log_inprogress_0
2023-09-25 17:56:35,475 [547bcca7-662f-4506-ab3e-0bdf08a2cfda@group-1248E2258E1A-LeaderElection10] INFO  server.RaftServer$Division (ServerState.java:setRaftConf(434)) - 547bcca7-662f-4506-ab3e-0bdf08a2cfda@group-1248E2258E1A: set configuration 0: peers:[547bcca7-662f-4506-ab3e-0bdf08a2cfda|rpc:10.1.0.144:15050|admin:10.1.0.144:15049|client:10.1.0.144:15048|dataStream:10.1.0.144:15051|priority:1|startupRole:FOLLOWER]|listeners:[], old=null
2023-09-25 17:56:36,191 [Time-limited test] INFO  rpc.RpcClient (RpcClient.java:createVolume(461)) - Creating Volume: volume95234, with user92337 as owner and space quota set to -1 bytes, counts quota set to -1
2023-09-25 17:56:36,241 [OM StateMachine ApplyTransaction Thread - 0] INFO  volume.OMVolumeCreateRequest (OMVolumeCreateRequest.java:validateAndUpdateCache(196)) - created volume:volume95234 for user:user92337
2023-09-25 17:56:36,271 [Time-limited test] INFO  rpc.RpcClient (RpcClient.java:createBucket(688)) - Creating Bucket: volume95234/bucket72752, with bucket layout FILE_SYSTEM_OPTIMIZED, runner as owner, Versioning false, Storage Type set to DISK and Encryption set to false, Replication Type set to server-side default replication type, Namespace Quota set to -1, Space Quota set to -1 
2023-09-25 17:56:36,290 [OM StateMachine ApplyTransaction Thread - 0] INFO  bucket.OMBucketCreateRequest (OMBucketCreateRequest.java:validateAndUpdateCache(270)) - created bucket: bucket72752 of layout FILE_SYSTEM_OPTIMIZED in volume: volume95234
2023-09-25 17:56:36,395 [Time-limited test] INFO  ozone.TestRootedOzoneFileSystemWithFSO (TestRootedOzoneFileSystemWithFSO.java:testRenameDir(168)) - Created dir /volume95234/bucket72752/dir1/sub_dir1
2023-09-25 17:56:36,395 [Time-limited test] INFO  ozone.TestRootedOzoneFileSystemWithFSO (TestRootedOzoneFileSystemWithFSO.java:testRenameDir(169)) - Will move /volume95234/bucket72752/dir1 to /volume95234/bucket72752/dir1.renamed
]]></system-out>
  </testcase>
  <testcase name="testRenameDir" classname="TestRootedOzoneFileSystemWithFSO" time="0.053">
    <system-out><![CDATA[2023-09-25 17:58:10,066 [main] INFO  ozone.MiniOzoneClusterImpl (MiniOzoneClusterImpl.java:shutdown(448)) - Shutting down the Mini Ozone Cluster
2023-09-25 17:58:10,067 [main] INFO  ozone.MiniOzoneClusterImpl (MiniOzoneClusterImpl.java:stop(465)) - Stopping the Mini Ozone Cluster
2023-09-25 17:58:10,067 [main] INFO  ozone.MiniOzoneClusterImpl (MiniOzoneClusterImpl.java:stopOM(556)) - Stopping the OzoneManager
2023-09-25 17:58:10,067 [main] INFO  om.OzoneManager (OzoneManager.java:stop(2207)) - om1[localhost:15004]: Stopping Ozone Manager
2023-09-25 17:58:10,067 [main] INFO  ipc.Server (Server.java:stop(3523)) - Stopping server on 15004
2023-09-25 17:58:10,083 [IPC Server listener on 15004] INFO  ipc.Server (Server.java:run(1434)) - Stopping IPC Server listener on 15004
2023-09-25 17:58:10,094 [IPC Server Responder] INFO  ipc.Server (Server.java:run(1567)) - Stopping IPC Server Responder
2023-09-25 17:58:10,107 [main] INFO  server.RaftServer (RaftServerProxy.java:lambda$close$6(416)) - om1: close
2023-09-25 17:58:10,112 [main] INFO  server.GrpcService (GrpcService.java:closeImpl(311)) - om1: shutdown server GrpcServerProtocolService now
2023-09-25 17:58:10,114 [om1-impl-thread2] INFO  server.RaftServer$Division (RaftServerImpl.java:lambda$close$4(466)) - om1@group-C5BA1605619E: shutdown
2023-09-25 17:58:10,114 [om1-impl-thread2] INFO  util.JmxRegister (JmxRegister.java:unregister(73)) - Successfully un-registered JMX Bean with object name Ratis:service=RaftServer,group=group-C5BA1605619E,id=om1
2023-09-25 17:58:10,114 [om1-impl-thread2] INFO  impl.RoleInfo (RoleInfo.java:shutdownLeaderState(93)) - om1: shutdown om1@group-C5BA1605619E-LeaderStateImpl
2023-09-25 17:58:10,114 [om1-impl-thread2] INFO  impl.PendingRequests (PendingRequests.java:sendNotLeaderResponses(289)) - om1@group-C5BA1605619E-PendingRequests: sendNotLeaderResponses
2023-09-25 17:58:10,129 [main] INFO  server.GrpcService (GrpcService.java:closeImpl(320)) - om1: shutdown server GrpcServerProtocolService successfully
2023-09-25 17:58:10,130 [om1-impl-thread2] INFO  impl.StateMachineUpdater (StateMachineUpdater.java:stopAndJoin(155)) - om1@group-C5BA1605619E-StateMachineUpdater: set stopIndex = 41048
2023-09-25 17:58:10,131 [om1@group-C5BA1605619E-StateMachineUpdater] INFO  ratis.OzoneManagerStateMachine (OzoneManagerStateMachine.java:takeSnapshot(480)) - Current Snapshot Index (t:1, i:41048)
2023-09-25 17:58:10,226 [om1@group-C5BA1605619E-StateMachineUpdater] INFO  impl.StateMachineUpdater (StateMachineUpdater.java:takeSnapshot(291)) - om1@group-C5BA1605619E-StateMachineUpdater: Took a snapshot at index 41048
2023-09-25 17:58:10,227 [om1@group-C5BA1605619E-StateMachineUpdater] INFO  impl.StateMachineUpdater (StateMachineUpdater.java:lambda$new$0(97)) - om1@group-C5BA1605619E-StateMachineUpdater: snapshotIndex: updateIncreasingly -1 -> 41048
2023-09-25 17:58:10,227 [om1@group-C5BA1605619E-StateMachineUpdater] INFO  ratis.OzoneManagerStateMachine (OzoneManagerStateMachine.java:close(534)) - StateMachine has shutdown. Shutdown OzoneManager if not already shutdown.
2023-09-25 17:58:10,227 [om1@group-C5BA1605619E-StateMachineUpdater] INFO  ratis.OzoneManagerDoubleBuffer (OzoneManagerDoubleBuffer.java:stopDaemon(551)) - Stopping OMDoubleBuffer flush thread
2023-09-25 17:58:10,228 [OMDoubleBufferFlushThread] INFO  ratis.OzoneManagerDoubleBuffer (OzoneManagerDoubleBuffer.java:canFlush(638)) - OMDoubleBuffer flush thread OMDoubleBufferFlushThread is interrupted and will exit.
2023-09-25 17:58:10,231 [om1-impl-thread2] INFO  server.RaftServer$Division (ServerState.java:close(472)) - om1@group-C5BA1605619E: closes. applyIndex: 41048
2023-09-25 17:58:11,044 [om1-impl-thread2] INFO  segmented.SegmentedRaftLogWorker (SegmentedRaftLogWorker.java:close(252)) - om1@group-C5BA1605619E-SegmentedRaftLogWorker close()
2023-09-25 17:58:11,047 [JvmPauseMonitor1] INFO  util.JvmPauseMonitor (JvmPauseMonitor.java:run(109)) - JvmPauseMonitor-om1: Stopped
2023-09-25 17:58:11,047 [main] INFO  ratis.OzoneManagerStateMachine (OzoneManagerStateMachine.java:close(534)) - StateMachine has shutdown. Shutdown OzoneManager if not already shutdown.
2023-09-25 17:58:11,047 [main] INFO  ratis.OzoneManagerDoubleBuffer (OzoneManagerDoubleBuffer.java:stopDaemon(560)) - OMDoubleBuffer flush thread is not running.
2023-09-25 17:58:11,048 [main] INFO  utils.BackgroundService (BackgroundService.java:shutdown(141)) - Shutting down service KeyDeletingService
2023-09-25 17:58:11,049 [main] INFO  utils.BackgroundService (BackgroundService.java:shutdown(141)) - Shutting down service KeyDeletingService
2023-09-25 17:58:11,049 [main] INFO  utils.BackgroundService (BackgroundService.java:shutdown(141)) - Shutting down service OpenKeyCleanupService
2023-09-25 17:58:11,049 [main] INFO  utils.BackgroundService (BackgroundService.java:shutdown(141)) - Shutting down service SstFilteringService
2023-09-25 17:58:11,049 [main] INFO  utils.BackgroundService (BackgroundService.java:shutdown(141)) - Shutting down service SnapshotDeletingService
2023-09-25 17:58:11,052 [main] INFO  handler.ContextHandler (ContextHandler.java:doStop(1159)) - Stopped o.e.j.w.WebAppContext@5931a306{ozoneManager,/,null,STOPPED}{file:/home/runner/work/ozone/ozone/hadoop-ozone/integration-test/target/test-classes/webapps/ozoneManager}
2023-09-25 17:58:11,056 [main] INFO  server.AbstractConnector (AbstractConnector.java:doStop(383)) - Stopped ServerConnector@289faf63{HTTP/1.1, (http/1.1)}{0.0.0.0:15005}
2023-09-25 17:58:11,056 [main] INFO  server.session (HouseKeeper.java:stopScavenging(149)) - node0 Stopped scavenging
2023-09-25 17:58:11,057 [main] INFO  handler.ContextHandler (ContextHandler.java:doStop(1159)) - Stopped o.e.j.s.ServletContextHandler@f20f100{static,/static,file:///home/runner/work/ozone/ozone/hadoop-ozone/integration-test/target/test-classes/webapps/static,STOPPED}
2023-09-25 17:58:11,057 [main] INFO  handler.ContextHandler (ContextHandler.java:doStop(1159)) - Stopped o.e.j.s.ServletContextHandler@6c54c79b{logs,/logs,file:///home/runner/work/ozone/ozone/hadoop-ozone/integration-test/target/log,STOPPED}
2023-09-25 17:58:11,061 [main] INFO  rocksdiff.RocksDBCheckpointDiffer (RocksDBCheckpointDiffer.java:close(343)) - Shutting down CompactionDagPruningService.
2023-09-25 17:58:11,061 [Trash Emptier] ERROR om.TrashPolicyOzone (TrashPolicyOzone.java:run(354)) - Error attempting to shutdown
java.lang.InterruptedException
	at java.util.concurrent.locks.AbstractQueuedSynchronizer$ConditionObject.awaitNanos(AbstractQueuedSynchronizer.java:2067)
	at java.util.concurrent.ThreadPoolExecutor.awaitTermination(ThreadPoolExecutor.java:1475)
	at org.apache.hadoop.ozone.om.TrashPolicyOzone$Emptier.run(TrashPolicyOzone.java:352)
	at java.lang.Thread.run(Thread.java:750)
2023-09-25 17:58:11,068 [main] INFO  snapshot.SnapshotDiffManager (SnapshotDiffManager.java:closeExecutorService(1718)) - Shutting down executorService: 'SnapDiffExecutor'
2023-09-25 17:58:11,069 [main] INFO  snapshot.SnapshotDiffManager (SnapshotDiffManager.java:closeExecutorService(1718)) - Shutting down executorService: 'SstDumpToolExecutor'
2023-09-25 17:58:11,096 [main] INFO  utils.BackgroundService (BackgroundService.java:shutdown(141)) - Shutting down service SnapshotDiffCleanupService
2023-09-25 17:58:11,099 [main] INFO  ozone.MiniOzoneClusterImpl (MiniOzoneClusterImpl.java:stopDatanodes(533)) - Stopping the HddsDatanodes
2023-09-25 17:58:11,113 [ForkJoinPool.commonPool-worker-1] INFO  ozoneimpl.OzoneContainer (OzoneContainer.java:stop(451)) - Attempting to stop container services.
2023-09-25 17:58:11,113 [main] INFO  ozoneimpl.OzoneContainer (OzoneContainer.java:stop(451)) - Attempting to stop container services.
2023-09-25 17:58:11,117 [main] INFO  server.RaftServer (RaftServerProxy.java:lambda$close$6(416)) - 1be5c5f2-a8c9-4995-9125-aff50ea2da2d: close
2023-09-25 17:58:11,118 [1be5c5f2-a8c9-4995-9125-aff50ea2da2d-impl-thread2] INFO  server.RaftServer$Division (RaftServerImpl.java:lambda$close$4(466)) - 1be5c5f2-a8c9-4995-9125-aff50ea2da2d@group-EF424F680CA8: shutdown
2023-09-25 17:58:11,118 [1be5c5f2-a8c9-4995-9125-aff50ea2da2d-impl-thread2] INFO  util.JmxRegister (JmxRegister.java:unregister(73)) - Successfully un-registered JMX Bean with object name Ratis:service=RaftServer,group=group-EF424F680CA8,id=1be5c5f2-a8c9-4995-9125-aff50ea2da2d
2023-09-25 17:58:11,118 [1be5c5f2-a8c9-4995-9125-aff50ea2da2d-impl-thread2] INFO  impl.RoleInfo (RoleInfo.java:shutdownLeaderState(93)) - 1be5c5f2-a8c9-4995-9125-aff50ea2da2d: shutdown 1be5c5f2-a8c9-4995-9125-aff50ea2da2d@group-EF424F680CA8-LeaderStateImpl
2023-09-25 17:58:11,118 [1be5c5f2-a8c9-4995-9125-aff50ea2da2d-impl-thread3] INFO  server.RaftServer$Division (RaftServerImpl.java:lambda$close$4(466)) - 1be5c5f2-a8c9-4995-9125-aff50ea2da2d@group-7CD5F040EB7A: shutdown
2023-09-25 17:58:11,119 [1be5c5f2-a8c9-4995-9125-aff50ea2da2d-impl-thread3] INFO  util.JmxRegister (JmxRegister.java:unregister(73)) - Successfully un-registered JMX Bean with object name Ratis:service=RaftServer,group=group-7CD5F040EB7A,id=1be5c5f2-a8c9-4995-9125-aff50ea2da2d
2023-09-25 17:58:11,119 [1be5c5f2-a8c9-4995-9125-aff50ea2da2d-impl-thread3] INFO  impl.RoleInfo (RoleInfo.java:shutdownLeaderState(93)) - 1be5c5f2-a8c9-4995-9125-aff50ea2da2d: shutdown 1be5c5f2-a8c9-4995-9125-aff50ea2da2d@group-7CD5F040EB7A-LeaderStateImpl
2023-09-25 17:58:11,121 [main] INFO  server.GrpcService (GrpcService.java:closeImpl(311)) - 1be5c5f2-a8c9-4995-9125-aff50ea2da2d: shutdown server org.apache.ratis.grpc.server.GrpcClientProtocolService now
2023-09-25 17:58:11,121 [1be5c5f2-a8c9-4995-9125-aff50ea2da2d-impl-thread4] INFO  server.RaftServer$Division (RaftServerImpl.java:lambda$close$4(466)) - 1be5c5f2-a8c9-4995-9125-aff50ea2da2d@group-1A0BCD27AFBC: shutdown
2023-09-25 17:58:11,121 [1be5c5f2-a8c9-4995-9125-aff50ea2da2d-impl-thread4] INFO  util.JmxRegister (JmxRegister.java:unregister(73)) - Successfully un-registered JMX Bean with object name Ratis:service=RaftServer,group=group-1A0BCD27AFBC,id=1be5c5f2-a8c9-4995-9125-aff50ea2da2d
2023-09-25 17:58:11,121 [1be5c5f2-a8c9-4995-9125-aff50ea2da2d-impl-thread4] INFO  impl.RoleInfo (RoleInfo.java:shutdownFollowerState(110)) - 1be5c5f2-a8c9-4995-9125-aff50ea2da2d: shutdown 1be5c5f2-a8c9-4995-9125-aff50ea2da2d@group-1A0BCD27AFBC-FollowerState
2023-09-25 17:58:11,122 [1be5c5f2-a8c9-4995-9125-aff50ea2da2d@group-1A0BCD27AFBC-StateMachineUpdater] INFO  ratis.ContainerStateMachine (ContainerStateMachine.java:takeSnapshot(330)) - group-1A0BCD27AFBC: Taking a snapshot at:(t:1, i:50) file /home/runner/work/ozone/ozone/hadoop-ozone/integration-test/target/test-dir/MiniOzoneClusterImpl-932dec38-ee06-46f6-8792-0cf7b891b204/datanode-2/data/ratis/0d845f41-15a5-4737-b45c-1a0bcd27afbc/sm/snapshot.1_50
2023-09-25 17:58:11,123 [1be5c5f2-a8c9-4995-9125-aff50ea2da2d@group-1A0BCD27AFBC-FollowerState] INFO  impl.FollowerState (FollowerState.java:run(152)) - 1be5c5f2-a8c9-4995-9125-aff50ea2da2d@group-1A0BCD27AFBC-FollowerState was interrupted
2023-09-25 17:58:11,128 [1be5c5f2-a8c9-4995-9125-aff50ea2da2d-impl-thread4] INFO  impl.StateMachineUpdater (StateMachineUpdater.java:stopAndJoin(155)) - 1be5c5f2-a8c9-4995-9125-aff50ea2da2d@group-1A0BCD27AFBC-StateMachineUpdater: set stopIndex = 50
2023-09-25 17:58:11,130 [grpc-default-executor-5] WARN  server.GrpcClientProtocolService (LogUtils.java:warn(122)) - 0-OrderedRequestStreamObserver0: onError: org.apache.ratis.thirdparty.io.grpc.StatusRuntimeException: CANCELLED: client cancelled
2023-09-25 17:58:11,145 [ForkJoinPool.commonPool-worker-1] INFO  server.RaftServer (RaftServerProxy.java:lambda$close$6(416)) - 07de5ce2-8a0b-4f06-859c-06527793f6e4: close
2023-09-25 17:58:11,145 [1be5c5f2-a8c9-4995-9125-aff50ea2da2d@group-EF424F680CA8->07de5ce2-8a0b-4f06-859c-06527793f6e4-GrpcLogAppender-LogAppenderDaemon] WARN  server.GrpcLogAppender (GrpcLogAppender.java:mayWait(199)) - 1be5c5f2-a8c9-4995-9125-aff50ea2da2d@group-EF424F680CA8->07de5ce2-8a0b-4f06-859c-06527793f6e4-GrpcLogAppender: Wait interrupted by java.lang.InterruptedException
2023-09-25 17:58:11,119 [1be5c5f2-a8c9-4995-9125-aff50ea2da2d-impl-thread3] INFO  impl.PendingRequests (PendingRequests.java:sendNotLeaderResponses(289)) - 1be5c5f2-a8c9-4995-9125-aff50ea2da2d@group-7CD5F040EB7A-PendingRequests: sendNotLeaderResponses
2023-09-25 17:58:11,146 [1be5c5f2-a8c9-4995-9125-aff50ea2da2d-impl-thread3] INFO  impl.StateMachineUpdater (StateMachineUpdater.java:stopAndJoin(155)) - 1be5c5f2-a8c9-4995-9125-aff50ea2da2d@group-7CD5F040EB7A-StateMachineUpdater: set stopIndex = 0
2023-09-25 17:58:11,146 [07de5ce2-8a0b-4f06-859c-06527793f6e4-impl-thread2] INFO  server.RaftServer$Division (RaftServerImpl.java:lambda$close$4(466)) - 07de5ce2-8a0b-4f06-859c-06527793f6e4@group-EF424F680CA8: shutdown
2023-09-25 17:58:11,147 [07de5ce2-8a0b-4f06-859c-06527793f6e4-impl-thread2] INFO  util.JmxRegister (JmxRegister.java:unregister(73)) - Successfully un-registered JMX Bean with object name Ratis:service=RaftServer,group=group-EF424F680CA8,id=07de5ce2-8a0b-4f06-859c-06527793f6e4
2023-09-25 17:58:11,147 [07de5ce2-8a0b-4f06-859c-06527793f6e4-impl-thread2] INFO  impl.RoleInfo (RoleInfo.java:shutdownFollowerState(110)) - 07de5ce2-8a0b-4f06-859c-06527793f6e4: shutdown 07de5ce2-8a0b-4f06-859c-06527793f6e4@group-EF424F680CA8-FollowerState
2023-09-25 17:58:11,147 [1be5c5f2-a8c9-4995-9125-aff50ea2da2d@group-7CD5F040EB7A-StateMachineUpdater] INFO  ratis.ContainerStateMachine (ContainerStateMachine.java:takeSnapshot(330)) - group-7CD5F040EB7A: Taking a snapshot at:(t:1, i:0) file /home/runner/work/ozone/ozone/hadoop-ozone/integration-test/target/test-dir/MiniOzoneClusterImpl-932dec38-ee06-46f6-8792-0cf7b891b204/datanode-2/data/ratis/db4f282f-3a11-44e6-860f-7cd5f040eb7a/sm/snapshot.1_0
2023-09-25 17:58:11,147 [07de5ce2-8a0b-4f06-859c-06527793f6e4-impl-thread3] INFO  server.RaftServer$Division (RaftServerImpl.java:lambda$close$4(466)) - 07de5ce2-8a0b-4f06-859c-06527793f6e4@group-1A0BCD27AFBC: shutdown
2023-09-25 17:58:11,147 [07de5ce2-8a0b-4f06-859c-06527793f6e4-impl-thread3] INFO  util.JmxRegister (JmxRegister.java:unregister(73)) - Successfully un-registered JMX Bean with object name Ratis:service=RaftServer,group=group-1A0BCD27AFBC,id=07de5ce2-8a0b-4f06-859c-06527793f6e4
2023-09-25 17:58:11,147 [07de5ce2-8a0b-4f06-859c-06527793f6e4-impl-thread3] INFO  impl.RoleInfo (RoleInfo.java:shutdownLeaderState(93)) - 07de5ce2-8a0b-4f06-859c-06527793f6e4: shutdown 07de5ce2-8a0b-4f06-859c-06527793f6e4@group-1A0BCD27AFBC-LeaderStateImpl
2023-09-25 17:58:11,151 [grpc-default-executor-5] INFO  server.GrpcServerProtocolService (GrpcServerProtocolService.java:onCompleted(155)) - 07de5ce2-8a0b-4f06-859c-06527793f6e4: Completed APPEND_ENTRIES, lastRequest: null
2023-09-25 17:58:11,151 [Thread-1598] INFO  server.GrpcServerProtocolClient (GrpcServerProtocolClient.java:close(103)) - 07de5ce2-8a0b-4f06-859c-06527793f6e4 Close channels
2023-09-25 17:58:11,151 [ForkJoinPool.commonPool-worker-1] INFO  server.GrpcService (GrpcService.java:closeImpl(311)) - 07de5ce2-8a0b-4f06-859c-06527793f6e4: shutdown server org.apache.ratis.grpc.server.GrpcClientProtocolService now
2023-09-25 17:58:11,151 [07de5ce2-8a0b-4f06-859c-06527793f6e4-impl-thread4] INFO  server.RaftServer$Division (RaftServerImpl.java:lambda$close$4(466)) - 07de5ce2-8a0b-4f06-859c-06527793f6e4@group-6A512494A955: shutdown
2023-09-25 17:58:11,152 [07de5ce2-8a0b-4f06-859c-06527793f6e4-impl-thread4] INFO  util.JmxRegister (JmxRegister.java:unregister(73)) - Successfully un-registered JMX Bean with object name Ratis:service=RaftServer,group=group-6A512494A955,id=07de5ce2-8a0b-4f06-859c-06527793f6e4
2023-09-25 17:58:11,152 [07de5ce2-8a0b-4f06-859c-06527793f6e4-impl-thread4] INFO  impl.RoleInfo (RoleInfo.java:shutdownLeaderState(93)) - 07de5ce2-8a0b-4f06-859c-06527793f6e4: shutdown 07de5ce2-8a0b-4f06-859c-06527793f6e4@group-6A512494A955-LeaderStateImpl
2023-09-25 17:58:11,152 [07de5ce2-8a0b-4f06-859c-06527793f6e4-impl-thread4] INFO  impl.PendingRequests (PendingRequests.java:sendNotLeaderResponses(289)) - 07de5ce2-8a0b-4f06-859c-06527793f6e4@group-6A512494A955-PendingRequests: sendNotLeaderResponses
2023-09-25 17:58:11,152 [07de5ce2-8a0b-4f06-859c-06527793f6e4-impl-thread4] INFO  impl.StateMachineUpdater (StateMachineUpdater.java:stopAndJoin(155)) - 07de5ce2-8a0b-4f06-859c-06527793f6e4@group-6A512494A955-StateMachineUpdater: set stopIndex = 0
2023-09-25 17:58:11,152 [07de5ce2-8a0b-4f06-859c-06527793f6e4@group-6A512494A955-StateMachineUpdater] INFO  ratis.ContainerStateMachine (ContainerStateMachine.java:takeSnapshot(330)) - group-6A512494A955: Taking a snapshot at:(t:1, i:0) file /home/runner/work/ozone/ozone/hadoop-ozone/integration-test/target/test-dir/MiniOzoneClusterImpl-932dec38-ee06-46f6-8792-0cf7b891b204/datanode-1/data/ratis/5c16de99-9ba6-4efa-828d-6a512494a955/sm/snapshot.1_0
2023-09-25 17:58:11,156 [grpc-default-executor-5] INFO  server.GrpcServerProtocolService (GrpcServerProtocolService.java:lambda$onCompleted$5(157)) - 07de5ce2-8a0b-4f06-859c-06527793f6e4: Completed APPEND_ENTRIES, lastReply: serverReply {
  requestorId: "1be5c5f2-a8c9-4995-9125-aff50ea2da2d"
  replyId: "07de5ce2-8a0b-4f06-859c-06527793f6e4"
  raftGroupId {
    id: "y\262\367\323F\002Az\203~\357BOh\f\250"
  }
  callId: 78
  success: true
}
term: 1
nextIndex: 24
followerCommit: 23
matchIndex: 18446744073709551615
isHearbeat: true

2023-09-25 17:58:11,156 [Thread-1599] INFO  server.GrpcServerProtocolClient (GrpcServerProtocolClient.java:close(103)) - 7c2da756-7def-47bc-b4fd-fb4319f4a659 Close channels
2023-09-25 17:58:11,157 [1be5c5f2-a8c9-4995-9125-aff50ea2da2d-impl-thread2] INFO  impl.PendingRequests (PendingRequests.java:sendNotLeaderResponses(289)) - 1be5c5f2-a8c9-4995-9125-aff50ea2da2d@group-EF424F680CA8-PendingRequests: sendNotLeaderResponses
2023-09-25 17:58:11,153 [grpc-default-executor-2] WARN  server.GrpcClientProtocolService (LogUtils.java:warn(122)) - 6-OrderedRequestStreamObserver6: onError: org.apache.ratis.thirdparty.io.grpc.StatusRuntimeException: CANCELLED: client cancelled
2023-09-25 17:58:11,154 [grpc-default-executor-4] WARN  server.GrpcClientProtocolService (LogUtils.java:warn(122)) - 7-UnorderedRequestStreamObserver7: onError: org.apache.ratis.thirdparty.io.grpc.StatusRuntimeException: CANCELLED: client cancelled
2023-09-25 17:58:11,164 [07de5ce2-8a0b-4f06-859c-06527793f6e4-impl-thread3] INFO  impl.PendingRequests (PendingRequests.java:sendNotLeaderResponses(289)) - 07de5ce2-8a0b-4f06-859c-06527793f6e4@group-1A0BCD27AFBC-PendingRequests: sendNotLeaderResponses
2023-09-25 17:58:11,164 [07de5ce2-8a0b-4f06-859c-06527793f6e4@group-1A0BCD27AFBC->1be5c5f2-a8c9-4995-9125-aff50ea2da2d-GrpcLogAppender-LogAppenderDaemon] WARN  server.GrpcLogAppender (GrpcLogAppender.java:mayWait(199)) - 07de5ce2-8a0b-4f06-859c-06527793f6e4@group-1A0BCD27AFBC->1be5c5f2-a8c9-4995-9125-aff50ea2da2d-GrpcLogAppender: Wait interrupted by java.lang.InterruptedException
2023-09-25 17:58:11,164 [07de5ce2-8a0b-4f06-859c-06527793f6e4-impl-thread2] INFO  impl.StateMachineUpdater (StateMachineUpdater.java:stopAndJoin(155)) - 07de5ce2-8a0b-4f06-859c-06527793f6e4@group-EF424F680CA8-StateMachineUpdater: set stopIndex = 23
2023-09-25 17:58:11,164 [07de5ce2-8a0b-4f06-859c-06527793f6e4@group-EF424F680CA8-FollowerState] INFO  impl.FollowerState (FollowerState.java:run(152)) - 07de5ce2-8a0b-4f06-859c-06527793f6e4@group-EF424F680CA8-FollowerState was interrupted
2023-09-25 17:58:11,164 [07de5ce2-8a0b-4f06-859c-06527793f6e4@group-1A0BCD27AFBC->7c2da756-7def-47bc-b4fd-fb4319f4a659-GrpcLogAppender-LogAppenderDaemon] WARN  server.GrpcLogAppender (GrpcLogAppender.java:mayWait(199)) - 07de5ce2-8a0b-4f06-859c-06527793f6e4@group-1A0BCD27AFBC->7c2da756-7def-47bc-b4fd-fb4319f4a659-GrpcLogAppender: Wait interrupted by java.lang.InterruptedException
2023-09-25 17:58:11,165 [07de5ce2-8a0b-4f06-859c-06527793f6e4@group-EF424F680CA8-StateMachineUpdater] INFO  ratis.ContainerStateMachine (ContainerStateMachine.java:takeSnapshot(330)) - group-EF424F680CA8: Taking a snapshot at:(t:1, i:23) file /home/runner/work/ozone/ozone/hadoop-ozone/integration-test/target/test-dir/MiniOzoneClusterImpl-932dec38-ee06-46f6-8792-0cf7b891b204/datanode-1/data/ratis/79b2f7d3-4602-417a-837e-ef424f680ca8/sm/snapshot.1_23
2023-09-25 17:58:11,154 [grpc-default-executor-1] INFO  server.GrpcServerProtocolService (GrpcServerProtocolService.java:onCompleted(155)) - 07de5ce2-8a0b-4f06-859c-06527793f6e4: Completed APPEND_ENTRIES, lastRequest: 1be5c5f2-a8c9-4995-9125-aff50ea2da2d->07de5ce2-8a0b-4f06-859c-06527793f6e4#52-t1,previous=(t:1, i:22),leaderCommit=22,initializing? true,entries: size=1, first=(t:1, i:23), METADATAENTRY(c:21)
2023-09-25 17:58:11,167 [grpc-default-executor-1] INFO  server.GrpcServerProtocolService (GrpcServerProtocolService.java:lambda$onCompleted$5(157)) - 07de5ce2-8a0b-4f06-859c-06527793f6e4: Completed APPEND_ENTRIES, lastReply: null
2023-09-25 17:58:11,169 [Thread-1605] INFO  server.GrpcServerProtocolClient (GrpcServerProtocolClient.java:close(103)) - 7c2da756-7def-47bc-b4fd-fb4319f4a659 Close channels
2023-09-25 17:58:11,170 [Thread-1606] INFO  server.GrpcServerProtocolClient (GrpcServerProtocolClient.java:close(103)) - 1be5c5f2-a8c9-4995-9125-aff50ea2da2d Close channels
2023-09-25 17:58:11,171 [1be5c5f2-a8c9-4995-9125-aff50ea2da2d-impl-thread2] INFO  impl.StateMachineUpdater (StateMachineUpdater.java:stopAndJoin(155)) - 1be5c5f2-a8c9-4995-9125-aff50ea2da2d@group-EF424F680CA8-StateMachineUpdater: set stopIndex = 23
2023-09-25 17:58:11,157 [1be5c5f2-a8c9-4995-9125-aff50ea2da2d@group-EF424F680CA8->7c2da756-7def-47bc-b4fd-fb4319f4a659-GrpcLogAppender-LogAppenderDaemon] WARN  server.GrpcLogAppender (GrpcLogAppender.java:mayWait(199)) - 1be5c5f2-a8c9-4995-9125-aff50ea2da2d@group-EF424F680CA8->7c2da756-7def-47bc-b4fd-fb4319f4a659-GrpcLogAppender: Wait interrupted by java.lang.InterruptedException
2023-09-25 17:58:11,171 [1be5c5f2-a8c9-4995-9125-aff50ea2da2d@group-EF424F680CA8-StateMachineUpdater] INFO  ratis.ContainerStateMachine (ContainerStateMachine.java:takeSnapshot(330)) - group-EF424F680CA8: Taking a snapshot at:(t:1, i:23) file /home/runner/work/ozone/ozone/hadoop-ozone/integration-test/target/test-dir/MiniOzoneClusterImpl-932dec38-ee06-46f6-8792-0cf7b891b204/datanode-2/data/ratis/79b2f7d3-4602-417a-837e-ef424f680ca8/sm/snapshot.1_23
2023-09-25 17:58:11,172 [grpc-default-executor-8] WARN  server.GrpcClientProtocolService (LogUtils.java:warn(122)) - 11-UnorderedRequestStreamObserver11: onError: org.apache.ratis.thirdparty.io.grpc.StatusRuntimeException: CANCELLED: client cancelled
2023-09-25 17:58:11,158 [grpc-default-executor-7] WARN  server.GrpcClientProtocolService (LogUtils.java:warn(122)) - 10-OrderedRequestStreamObserver10: onError: org.apache.ratis.thirdparty.io.grpc.StatusRuntimeException: CANCELLED: client cancelled
2023-09-25 17:58:11,187 [07de5ce2-8a0b-4f06-859c-06527793f6e4-impl-thread3] INFO  impl.StateMachineUpdater (StateMachineUpdater.java:stopAndJoin(155)) - 07de5ce2-8a0b-4f06-859c-06527793f6e4@group-1A0BCD27AFBC-StateMachineUpdater: set stopIndex = 52
2023-09-25 17:58:11,182 [grpc-default-executor-0] INFO  server.GrpcServerProtocolService (GrpcServerProtocolService.java:onCompleted(155)) - 1be5c5f2-a8c9-4995-9125-aff50ea2da2d: Completed APPEND_ENTRIES, lastRequest: 07de5ce2-8a0b-4f06-859c-06527793f6e4->1be5c5f2-a8c9-4995-9125-aff50ea2da2d#121-t1,previous=(t:1, i:51),leaderCommit=50,initializing? true,entries: size=1, first=(t:1, i:52), METADATAENTRY(c:50)
2023-09-25 17:58:11,188 [grpc-default-executor-0] INFO  server.GrpcServerProtocolService (GrpcServerProtocolService.java:lambda$onCompleted$5(157)) - 1be5c5f2-a8c9-4995-9125-aff50ea2da2d: Completed APPEND_ENTRIES, lastReply: null
2023-09-25 17:58:11,182 [grpc-default-executor-8] INFO  server.GrpcServerProtocolService (GrpcServerProtocolService.java:onCompleted(155)) - 1be5c5f2-a8c9-4995-9125-aff50ea2da2d: Completed APPEND_ENTRIES, lastRequest: null
2023-09-25 17:58:11,189 [07de5ce2-8a0b-4f06-859c-06527793f6e4@group-1A0BCD27AFBC-StateMachineUpdater] INFO  ratis.ContainerStateMachine (ContainerStateMachine.java:takeSnapshot(330)) - group-1A0BCD27AFBC: Taking a snapshot at:(t:1, i:52) file /home/runner/work/ozone/ozone/hadoop-ozone/integration-test/target/test-dir/MiniOzoneClusterImpl-932dec38-ee06-46f6-8792-0cf7b891b204/datanode-1/data/ratis/0d845f41-15a5-4737-b45c-1a0bcd27afbc/sm/snapshot.1_52
2023-09-25 17:58:11,182 [grpc-default-executor-1] INFO  server.GrpcLogAppender (GrpcLogAppender.java:onCompleted(428)) - 1be5c5f2-a8c9-4995-9125-aff50ea2da2d@group-EF424F680CA8->07de5ce2-8a0b-4f06-859c-06527793f6e4-AppendLogResponseHandler: follower responses appendEntries COMPLETED
2023-09-25 17:58:11,181 [grpc-default-executor-6] INFO  server.GrpcLogAppender (GrpcLogAppender.java:onCompleted(428)) - 1be5c5f2-a8c9-4995-9125-aff50ea2da2d@group-EF424F680CA8->07de5ce2-8a0b-4f06-859c-06527793f6e4-AppendLogResponseHandler: follower responses appendEntries COMPLETED
2023-09-25 17:58:11,181 [grpc-default-executor-5] INFO  server.GrpcServerProtocolService (GrpcServerProtocolService.java:onCompleted(155)) - 7c2da756-7def-47bc-b4fd-fb4319f4a659: Completed APPEND_ENTRIES, lastRequest: 07de5ce2-8a0b-4f06-859c-06527793f6e4->7c2da756-7def-47bc-b4fd-fb4319f4a659#113-t1,previous=(t:1, i:51),leaderCommit=51,initializing? true,entries: size=1, first=(t:1, i:52), METADATAENTRY(c:50)
2023-09-25 17:58:11,189 [grpc-default-executor-5] INFO  server.GrpcServerProtocolService (GrpcServerProtocolService.java:lambda$onCompleted$5(157)) - 7c2da756-7def-47bc-b4fd-fb4319f4a659: Completed APPEND_ENTRIES, lastReply: null
2023-09-25 17:58:11,189 [grpc-default-executor-1] WARN  server.GrpcLogAppender (GrpcLogAppender.java:resetClient(137)) - 1be5c5f2-a8c9-4995-9125-aff50ea2da2d@group-EF424F680CA8->07de5ce2-8a0b-4f06-859c-06527793f6e4-GrpcLogAppender: Failed to getClient for 07de5ce2-8a0b-4f06-859c-06527793f6e4
org.apache.ratis.protocol.exceptions.AlreadyClosedException: 1be5c5f2-a8c9-4995-9125-aff50ea2da2d is already CLOSED
	at org.apache.ratis.util.PeerProxyMap$PeerAndProxy.getProxy(PeerProxyMap.java:61)
	at org.apache.ratis.util.PeerProxyMap.getProxy(PeerProxyMap.java:115)
	at org.apache.ratis.grpc.server.GrpcLogAppender.getClient(GrpcLogAppender.java:112)
	at org.apache.ratis.grpc.server.GrpcLogAppender.resetClient(GrpcLogAppender.java:117)
	at org.apache.ratis.grpc.server.GrpcLogAppender.access$500(GrpcLogAppender.java:56)
	at org.apache.ratis.grpc.server.GrpcLogAppender$AppendLogResponseHandler.onCompleted(GrpcLogAppender.java:429)
	at org.apache.ratis.thirdparty.io.grpc.stub.ClientCalls$StreamObserverToCallListenerAdapter.onClose(ClientCalls.java:485)
	at org.apache.ratis.thirdparty.io.grpc.internal.ClientCallImpl.closeObserver(ClientCallImpl.java:563)
	at org.apache.ratis.thirdparty.io.grpc.internal.ClientCallImpl.access$300(ClientCallImpl.java:70)
	at org.apache.ratis.thirdparty.io.grpc.internal.ClientCallImpl$ClientStreamListenerImpl$1StreamClosed.runInternal(ClientCallImpl.java:744)
	at org.apache.ratis.thirdparty.io.grpc.internal.ClientCallImpl$ClientStreamListenerImpl$1StreamClosed.runInContext(ClientCallImpl.java:723)
	at org.apache.ratis.thirdparty.io.grpc.internal.ContextRunnable.run(ContextRunnable.java:37)
	at org.apache.ratis.thirdparty.io.grpc.internal.SerializingExecutor.run(SerializingExecutor.java:133)
	at java.util.concurrent.ThreadPoolExecutor.runWorker(ThreadPoolExecutor.java:1149)
	at java.util.concurrent.ThreadPoolExecutor$Worker.run(ThreadPoolExecutor.java:624)
	at java.lang.Thread.run(Thread.java:750)
2023-09-25 17:58:11,181 [grpc-default-executor-4] INFO  server.GrpcServerProtocolService (GrpcServerProtocolService.java:onCompleted(155)) - 7c2da756-7def-47bc-b4fd-fb4319f4a659: Completed APPEND_ENTRIES, lastRequest: null
2023-09-25 17:58:11,190 [grpc-default-executor-5] INFO  server.GrpcLogAppender (GrpcLogAppender.java:onCompleted(428)) - 07de5ce2-8a0b-4f06-859c-06527793f6e4@group-1A0BCD27AFBC->1be5c5f2-a8c9-4995-9125-aff50ea2da2d-AppendLogResponseHandler: follower responses appendEntries COMPLETED
2023-09-25 17:58:11,190 [grpc-default-executor-5] WARN  server.GrpcLogAppender (GrpcLogAppender.java:resetClient(137)) - 07de5ce2-8a0b-4f06-859c-06527793f6e4@group-1A0BCD27AFBC->1be5c5f2-a8c9-4995-9125-aff50ea2da2d-GrpcLogAppender: Failed to getClient for 1be5c5f2-a8c9-4995-9125-aff50ea2da2d
org.apache.ratis.protocol.exceptions.AlreadyClosedException: 07de5ce2-8a0b-4f06-859c-06527793f6e4 is already CLOSED
	at org.apache.ratis.util.PeerProxyMap$PeerAndProxy.getProxy(PeerProxyMap.java:61)
	at org.apache.ratis.util.PeerProxyMap.getProxy(PeerProxyMap.java:115)
	at org.apache.ratis.grpc.server.GrpcLogAppender.getClient(GrpcLogAppender.java:112)
	at org.apache.ratis.grpc.server.GrpcLogAppender.resetClient(GrpcLogAppender.java:117)
	at org.apache.ratis.grpc.server.GrpcLogAppender.access$500(GrpcLogAppender.java:56)
	at org.apache.ratis.grpc.server.GrpcLogAppender$AppendLogResponseHandler.onCompleted(GrpcLogAppender.java:429)
	at org.apache.ratis.thirdparty.io.grpc.stub.ClientCalls$StreamObserverToCallListenerAdapter.onClose(ClientCalls.java:485)
	at org.apache.ratis.thirdparty.io.grpc.internal.ClientCallImpl.closeObserver(ClientCallImpl.java:563)
	at org.apache.ratis.thirdparty.io.grpc.internal.ClientCallImpl.access$300(ClientCallImpl.java:70)
	at org.apache.ratis.thirdparty.io.grpc.internal.ClientCallImpl$ClientStreamListenerImpl$1StreamClosed.runInternal(ClientCallImpl.java:744)
	at org.apache.ratis.thirdparty.io.grpc.internal.ClientCallImpl$ClientStreamListenerImpl$1StreamClosed.runInContext(ClientCallImpl.java:723)
	at org.apache.ratis.thirdparty.io.grpc.internal.ContextRunnable.run(ContextRunnable.java:37)
	at org.apache.ratis.thirdparty.io.grpc.internal.SerializingExecutor.run(SerializingExecutor.java:133)
	at java.util.concurrent.ThreadPoolExecutor.runWorker(ThreadPoolExecutor.java:1149)
	at java.util.concurrent.ThreadPoolExecutor$Worker.run(ThreadPoolExecutor.java:624)
	at java.lang.Thread.run(Thread.java:750)
2023-09-25 17:58:11,190 [grpc-default-executor-6] WARN  server.GrpcLogAppender (GrpcLogAppender.java:resetClient(137)) - 1be5c5f2-a8c9-4995-9125-aff50ea2da2d@group-EF424F680CA8->07de5ce2-8a0b-4f06-859c-06527793f6e4-GrpcLogAppender: Failed to getClient for 07de5ce2-8a0b-4f06-859c-06527793f6e4
org.apache.ratis.protocol.exceptions.AlreadyClosedException: 1be5c5f2-a8c9-4995-9125-aff50ea2da2d is already CLOSED
	at org.apache.ratis.util.PeerProxyMap$PeerAndProxy.getProxy(PeerProxyMap.java:61)
	at org.apache.ratis.util.PeerProxyMap.getProxy(PeerProxyMap.java:115)
	at org.apache.ratis.grpc.server.GrpcLogAppender.getClient(GrpcLogAppender.java:112)
	at org.apache.ratis.grpc.server.GrpcLogAppender.resetClient(GrpcLogAppender.java:117)
	at org.apache.ratis.grpc.server.GrpcLogAppender.access$500(GrpcLogAppender.java:56)
	at org.apache.ratis.grpc.server.GrpcLogAppender$AppendLogResponseHandler.onCompleted(GrpcLogAppender.java:429)
	at org.apache.ratis.thirdparty.io.grpc.stub.ClientCalls$StreamObserverToCallListenerAdapter.onClose(ClientCalls.java:485)
	at org.apache.ratis.thirdparty.io.grpc.internal.ClientCallImpl.closeObserver(ClientCallImpl.java:563)
	at org.apache.ratis.thirdparty.io.grpc.internal.ClientCallImpl.access$300(ClientCallImpl.java:70)
	at org.apache.ratis.thirdparty.io.grpc.internal.ClientCallImpl$ClientStreamListenerImpl$1StreamClosed.runInternal(ClientCallImpl.java:744)
	at org.apache.ratis.thirdparty.io.grpc.internal.ClientCallImpl$ClientStreamListenerImpl$1StreamClosed.runInContext(ClientCallImpl.java:723)
	at org.apache.ratis.thirdparty.io.grpc.internal.ContextRunnable.run(ContextRunnable.java:37)
	at org.apache.ratis.thirdparty.io.grpc.internal.SerializingExecutor.run(SerializingExecutor.java:133)
	at java.util.concurrent.ThreadPoolExecutor.runWorker(ThreadPoolExecutor.java:1149)
	at java.util.concurrent.ThreadPoolExecutor$Worker.run(ThreadPoolExecutor.java:624)
	at java.lang.Thread.run(Thread.java:750)
2023-09-25 17:58:11,189 [grpc-default-executor-8] INFO  server.GrpcServerProtocolService (GrpcServerProtocolService.java:lambda$onCompleted$5(157)) - 1be5c5f2-a8c9-4995-9125-aff50ea2da2d: Completed APPEND_ENTRIES, lastReply: serverReply {
  requestorId: "07de5ce2-8a0b-4f06-859c-06527793f6e4"
  replyId: "1be5c5f2-a8c9-4995-9125-aff50ea2da2d"
  raftGroupId {
    id: "\r\204_A\025\245G7\264\\\032\v\315\'\257\274"
  }
  callId: 117
  success: true
}
term: 1
nextIndex: 49
followerCommit: 48
matchIndex: 18446744073709551615
isHearbeat: true

2023-09-25 17:58:11,190 [grpc-default-executor-4] INFO  server.GrpcServerProtocolService (GrpcServerProtocolService.java:lambda$onCompleted$5(157)) - 7c2da756-7def-47bc-b4fd-fb4319f4a659: Completed APPEND_ENTRIES, lastReply: serverReply {
  requestorId: "1be5c5f2-a8c9-4995-9125-aff50ea2da2d"
  replyId: "7c2da756-7def-47bc-b4fd-fb4319f4a659"
  raftGroupId {
    id: "y\262\367\323F\002Az\203~\357BOh\f\250"
  }
  callId: 76
  success: true
}
term: 1
nextIndex: 24
followerCommit: 23
matchIndex: 18446744073709551615
isHearbeat: true

2023-09-25 17:58:11,196 [grpc-default-executor-10] INFO  server.GrpcServerProtocolService (GrpcServerProtocolService.java:onCompleted(155)) - 7c2da756-7def-47bc-b4fd-fb4319f4a659: Completed APPEND_ENTRIES, lastRequest: 1be5c5f2-a8c9-4995-9125-aff50ea2da2d->7c2da756-7def-47bc-b4fd-fb4319f4a659#51-t1,previous=(t:1, i:22),leaderCommit=22,initializing? true,entries: size=1, first=(t:1, i:23), METADATAENTRY(c:21)
2023-09-25 17:58:11,196 [grpc-default-executor-10] INFO  server.GrpcServerProtocolService (GrpcServerProtocolService.java:lambda$onCompleted$5(157)) - 7c2da756-7def-47bc-b4fd-fb4319f4a659: Completed APPEND_ENTRIES, lastReply: null
2023-09-25 17:58:11,197 [grpc-default-executor-11] INFO  server.GrpcServerProtocolService (GrpcServerProtocolService.java:onCompleted(155)) - 7c2da756-7def-47bc-b4fd-fb4319f4a659: Completed APPEND_ENTRIES, lastRequest: null
2023-09-25 17:58:11,205 [grpc-default-executor-2] INFO  server.GrpcLogAppender (GrpcLogAppender.java:onCompleted(428)) - 1be5c5f2-a8c9-4995-9125-aff50ea2da2d@group-EF424F680CA8->7c2da756-7def-47bc-b4fd-fb4319f4a659-AppendLogResponseHandler: follower responses appendEntries COMPLETED
2023-09-25 17:58:11,205 [grpc-default-executor-2] WARN  server.GrpcLogAppender (GrpcLogAppender.java:resetClient(137)) - 1be5c5f2-a8c9-4995-9125-aff50ea2da2d@group-EF424F680CA8->7c2da756-7def-47bc-b4fd-fb4319f4a659-GrpcLogAppender: Failed to getClient for 7c2da756-7def-47bc-b4fd-fb4319f4a659
org.apache.ratis.protocol.exceptions.AlreadyClosedException: 1be5c5f2-a8c9-4995-9125-aff50ea2da2d is already CLOSED
	at org.apache.ratis.util.PeerProxyMap$PeerAndProxy.getProxy(PeerProxyMap.java:61)
	at org.apache.ratis.util.PeerProxyMap.getProxy(PeerProxyMap.java:115)
	at org.apache.ratis.grpc.server.GrpcLogAppender.getClient(GrpcLogAppender.java:112)
	at org.apache.ratis.grpc.server.GrpcLogAppender.resetClient(GrpcLogAppender.java:117)
	at org.apache.ratis.grpc.server.GrpcLogAppender.access$500(GrpcLogAppender.java:56)
	at org.apache.ratis.grpc.server.GrpcLogAppender$AppendLogResponseHandler.onCompleted(GrpcLogAppender.java:429)
	at org.apache.ratis.thirdparty.io.grpc.stub.ClientCalls$StreamObserverToCallListenerAdapter.onClose(ClientCalls.java:485)
	at org.apache.ratis.thirdparty.io.grpc.internal.DelayedClientCall$DelayedListener$3.run(DelayedClientCall.java:471)
	at org.apache.ratis.thirdparty.io.grpc.internal.DelayedClientCall$DelayedListener.delayOrExecute(DelayedClientCall.java:435)
	at org.apache.ratis.thirdparty.io.grpc.internal.DelayedClientCall$DelayedListener.onClose(DelayedClientCall.java:468)
	at org.apache.ratis.thirdparty.io.grpc.internal.ClientCallImpl.closeObserver(ClientCallImpl.java:563)
	at org.apache.ratis.thirdparty.io.grpc.internal.ClientCallImpl.access$300(ClientCallImpl.java:70)
	at org.apache.ratis.thirdparty.io.grpc.internal.ClientCallImpl$ClientStreamListenerImpl$1StreamClosed.runInternal(ClientCallImpl.java:744)
	at org.apache.ratis.thirdparty.io.grpc.internal.ClientCallImpl$ClientStreamListenerImpl$1StreamClosed.runInContext(ClientCallImpl.java:723)
	at org.apache.ratis.thirdparty.io.grpc.internal.ContextRunnable.run(ContextRunnable.java:37)
	at org.apache.ratis.thirdparty.io.grpc.internal.SerializingExecutor.run(SerializingExecutor.java:133)
	at java.util.concurrent.ThreadPoolExecutor.runWorker(ThreadPoolExecutor.java:1149)
	at java.util.concurrent.ThreadPoolExecutor$Worker.run(ThreadPoolExecutor.java:624)
	at java.lang.Thread.run(Thread.java:750)
2023-09-25 17:58:11,204 [main] INFO  server.GrpcService (GrpcService.java:closeImpl(320)) - 1be5c5f2-a8c9-4995-9125-aff50ea2da2d: shutdown server org.apache.ratis.grpc.server.GrpcClientProtocolService successfully
2023-09-25 17:58:11,206 [main] INFO  server.GrpcService (GrpcService.java:closeImpl(311)) - 1be5c5f2-a8c9-4995-9125-aff50ea2da2d: shutdown server GrpcServerProtocolService now
2023-09-25 17:58:11,203 [grpc-default-executor-9] INFO  server.GrpcLogAppender (GrpcLogAppender.java:onCompleted(428)) - 07de5ce2-8a0b-4f06-859c-06527793f6e4@group-1A0BCD27AFBC->7c2da756-7def-47bc-b4fd-fb4319f4a659-AppendLogResponseHandler: follower responses appendEntries COMPLETED
2023-09-25 17:58:11,202 [grpc-default-executor-8] INFO  server.GrpcLogAppender (GrpcLogAppender.java:onCompleted(428)) - 07de5ce2-8a0b-4f06-859c-06527793f6e4@group-1A0BCD27AFBC->1be5c5f2-a8c9-4995-9125-aff50ea2da2d-AppendLogResponseHandler: follower responses appendEntries COMPLETED
2023-09-25 17:58:11,207 [grpc-default-executor-8] WARN  server.GrpcLogAppender (GrpcLogAppender.java:resetClient(137)) - 07de5ce2-8a0b-4f06-859c-06527793f6e4@group-1A0BCD27AFBC->1be5c5f2-a8c9-4995-9125-aff50ea2da2d-GrpcLogAppender: Failed to getClient for 1be5c5f2-a8c9-4995-9125-aff50ea2da2d
org.apache.ratis.protocol.exceptions.AlreadyClosedException: 07de5ce2-8a0b-4f06-859c-06527793f6e4 is already CLOSED
	at org.apache.ratis.util.PeerProxyMap$PeerAndProxy.getProxy(PeerProxyMap.java:61)
	at org.apache.ratis.util.PeerProxyMap.getProxy(PeerProxyMap.java:115)
	at org.apache.ratis.grpc.server.GrpcLogAppender.getClient(GrpcLogAppender.java:112)
	at org.apache.ratis.grpc.server.GrpcLogAppender.resetClient(GrpcLogAppender.java:117)
	at org.apache.ratis.grpc.server.GrpcLogAppender.access$500(GrpcLogAppender.java:56)
	at org.apache.ratis.grpc.server.GrpcLogAppender$AppendLogResponseHandler.onCompleted(GrpcLogAppender.java:429)
	at org.apache.ratis.thirdparty.io.grpc.stub.ClientCalls$StreamObserverToCallListenerAdapter.onClose(ClientCalls.java:485)
	at org.apache.ratis.thirdparty.io.grpc.internal.ClientCallImpl.closeObserver(ClientCallImpl.java:563)
	at org.apache.ratis.thirdparty.io.grpc.internal.ClientCallImpl.access$300(ClientCallImpl.java:70)
	at org.apache.ratis.thirdparty.io.grpc.internal.ClientCallImpl$ClientStreamListenerImpl$1StreamClosed.runInternal(ClientCallImpl.java:744)
	at org.apache.ratis.thirdparty.io.grpc.internal.ClientCallImpl$ClientStreamListenerImpl$1StreamClosed.runInContext(ClientCallImpl.java:723)
	at org.apache.ratis.thirdparty.io.grpc.internal.ContextRunnable.run(ContextRunnable.java:37)
	at org.apache.ratis.thirdparty.io.grpc.internal.SerializingExecutor.run(SerializingExecutor.java:133)
	at java.util.concurrent.ThreadPoolExecutor.runWorker(ThreadPoolExecutor.java:1149)
	at java.util.concurrent.ThreadPoolExecutor$Worker.run(ThreadPoolExecutor.java:624)
	at java.lang.Thread.run(Thread.java:750)
2023-09-25 17:58:11,201 [ForkJoinPool.commonPool-worker-0] INFO  ozoneimpl.OzoneContainer (OzoneContainer.java:stop(451)) - Attempting to stop container services.
2023-09-25 17:58:11,197 [grpc-default-executor-4] INFO  server.GrpcLogAppender (GrpcLogAppender.java:onCompleted(428)) - 1be5c5f2-a8c9-4995-9125-aff50ea2da2d@group-EF424F680CA8->7c2da756-7def-47bc-b4fd-fb4319f4a659-AppendLogResponseHandler: follower responses appendEntries COMPLETED
2023-09-25 17:58:11,207 [grpc-default-executor-4] WARN  server.GrpcLogAppender (GrpcLogAppender.java:resetClient(137)) - 1be5c5f2-a8c9-4995-9125-aff50ea2da2d@group-EF424F680CA8->7c2da756-7def-47bc-b4fd-fb4319f4a659-GrpcLogAppender: Failed to getClient for 7c2da756-7def-47bc-b4fd-fb4319f4a659
org.apache.ratis.protocol.exceptions.AlreadyClosedException: 1be5c5f2-a8c9-4995-9125-aff50ea2da2d is already CLOSED
	at org.apache.ratis.util.PeerProxyMap$PeerAndProxy.getProxy(PeerProxyMap.java:61)
	at org.apache.ratis.util.PeerProxyMap.getProxy(PeerProxyMap.java:115)
	at org.apache.ratis.grpc.server.GrpcLogAppender.getClient(GrpcLogAppender.java:112)
	at org.apache.ratis.grpc.server.GrpcLogAppender.resetClient(GrpcLogAppender.java:117)
	at org.apache.ratis.grpc.server.GrpcLogAppender.access$500(GrpcLogAppender.java:56)
	at org.apache.ratis.grpc.server.GrpcLogAppender$AppendLogResponseHandler.onCompleted(GrpcLogAppender.java:429)
	at org.apache.ratis.thirdparty.io.grpc.stub.ClientCalls$StreamObserverToCallListenerAdapter.onClose(ClientCalls.java:485)
	at org.apache.ratis.thirdparty.io.grpc.internal.ClientCallImpl.closeObserver(ClientCallImpl.java:563)
	at org.apache.ratis.thirdparty.io.grpc.internal.ClientCallImpl.access$300(ClientCallImpl.java:70)
	at org.apache.ratis.thirdparty.io.grpc.internal.ClientCallImpl$ClientStreamListenerImpl$1StreamClosed.runInternal(ClientCallImpl.java:744)
	at org.apache.ratis.thirdparty.io.grpc.internal.ClientCallImpl$ClientStreamListenerImpl$1StreamClosed.runInContext(ClientCallImpl.java:723)
	at org.apache.ratis.thirdparty.io.grpc.internal.ContextRunnable.run(ContextRunnable.java:37)
	at org.apache.ratis.thirdparty.io.grpc.internal.SerializingExecutor.run(SerializingExecutor.java:133)
	at java.util.concurrent.ThreadPoolExecutor.runWorker(ThreadPoolExecutor.java:1149)
	at java.util.concurrent.ThreadPoolExecutor$Worker.run(ThreadPoolExecutor.java:624)
	at java.lang.Thread.run(Thread.java:750)
2023-09-25 17:58:11,209 [grpc-default-executor-11] INFO  server.GrpcServerProtocolService (GrpcServerProtocolService.java:lambda$onCompleted$5(157)) - 7c2da756-7def-47bc-b4fd-fb4319f4a659: Completed APPEND_ENTRIES, lastReply: serverReply {
  requestorId: "07de5ce2-8a0b-4f06-859c-06527793f6e4"
  replyId: "7c2da756-7def-47bc-b4fd-fb4319f4a659"
  raftGroupId {
    id: "\r\204_A\025\245G7\264\\\032\v\315\'\257\274"
  }
  callId: 109
  success: true
}
term: 1
nextIndex: 49
followerCommit: 48
matchIndex: 18446744073709551615
isHearbeat: true

2023-09-25 17:58:11,214 [grpc-default-executor-9] WARN  server.GrpcLogAppender (GrpcLogAppender.java:resetClient(137)) - 07de5ce2-8a0b-4f06-859c-06527793f6e4@group-1A0BCD27AFBC->7c2da756-7def-47bc-b4fd-fb4319f4a659-GrpcLogAppender: Failed to getClient for 7c2da756-7def-47bc-b4fd-fb4319f4a659
org.apache.ratis.protocol.exceptions.AlreadyClosedException: 07de5ce2-8a0b-4f06-859c-06527793f6e4 is already CLOSED
	at org.apache.ratis.util.PeerProxyMap$PeerAndProxy.getProxy(PeerProxyMap.java:61)
	at org.apache.ratis.util.PeerProxyMap.getProxy(PeerProxyMap.java:115)
	at org.apache.ratis.grpc.server.GrpcLogAppender.getClient(GrpcLogAppender.java:112)
	at org.apache.ratis.grpc.server.GrpcLogAppender.resetClient(GrpcLogAppender.java:117)
	at org.apache.ratis.grpc.server.GrpcLogAppender.access$500(GrpcLogAppender.java:56)
	at org.apache.ratis.grpc.server.GrpcLogAppender$AppendLogResponseHandler.onCompleted(GrpcLogAppender.java:429)
	at org.apache.ratis.thirdparty.io.grpc.stub.ClientCalls$StreamObserverToCallListenerAdapter.onClose(ClientCalls.java:485)
	at org.apache.ratis.thirdparty.io.grpc.internal.ClientCallImpl.closeObserver(ClientCallImpl.java:563)
	at org.apache.ratis.thirdparty.io.grpc.internal.ClientCallImpl.access$300(ClientCallImpl.java:70)
	at org.apache.ratis.thirdparty.io.grpc.internal.ClientCallImpl$ClientStreamListenerImpl$1StreamClosed.runInternal(ClientCallImpl.java:744)
	at org.apache.ratis.thirdparty.io.grpc.internal.ClientCallImpl$ClientStreamListenerImpl$1StreamClosed.runInContext(ClientCallImpl.java:723)
	at org.apache.ratis.thirdparty.io.grpc.internal.ContextRunnable.run(ContextRunnable.java:37)
	at org.apache.ratis.thirdparty.io.grpc.internal.SerializingExecutor.run(SerializingExecutor.java:133)
	at java.util.concurrent.ThreadPoolExecutor.runWorker(ThreadPoolExecutor.java:1149)
	at java.util.concurrent.ThreadPoolExecutor$Worker.run(ThreadPoolExecutor.java:624)
	at java.lang.Thread.run(Thread.java:750)
2023-09-25 17:58:11,214 [grpc-default-executor-4] INFO  server.GrpcLogAppender (GrpcLogAppender.java:onCompleted(428)) - 07de5ce2-8a0b-4f06-859c-06527793f6e4@group-1A0BCD27AFBC->7c2da756-7def-47bc-b4fd-fb4319f4a659-AppendLogResponseHandler: follower responses appendEntries COMPLETED
2023-09-25 17:58:11,214 [grpc-default-executor-4] WARN  server.GrpcLogAppender (GrpcLogAppender.java:resetClient(137)) - 07de5ce2-8a0b-4f06-859c-06527793f6e4@group-1A0BCD27AFBC->7c2da756-7def-47bc-b4fd-fb4319f4a659-GrpcLogAppender: Failed to getClient for 7c2da756-7def-47bc-b4fd-fb4319f4a659
org.apache.ratis.protocol.exceptions.AlreadyClosedException: 07de5ce2-8a0b-4f06-859c-06527793f6e4 is already CLOSED
	at org.apache.ratis.util.PeerProxyMap$PeerAndProxy.getProxy(PeerProxyMap.java:61)
	at org.apache.ratis.util.PeerProxyMap.getProxy(PeerProxyMap.java:115)
	at org.apache.ratis.grpc.server.GrpcLogAppender.getClient(GrpcLogAppender.java:112)
	at org.apache.ratis.grpc.server.GrpcLogAppender.resetClient(GrpcLogAppender.java:117)
	at org.apache.ratis.grpc.server.GrpcLogAppender.access$500(GrpcLogAppender.java:56)
	at org.apache.ratis.grpc.server.GrpcLogAppender$AppendLogResponseHandler.onCompleted(GrpcLogAppender.java:429)
	at org.apache.ratis.thirdparty.io.grpc.stub.ClientCalls$StreamObserverToCallListenerAdapter.onClose(ClientCalls.java:485)
	at org.apache.ratis.thirdparty.io.grpc.internal.DelayedClientCall$DelayedListener$3.run(DelayedClientCall.java:471)
	at org.apache.ratis.thirdparty.io.grpc.internal.DelayedClientCall$DelayedListener.delayOrExecute(DelayedClientCall.java:435)
	at org.apache.ratis.thirdparty.io.grpc.internal.DelayedClientCall$DelayedListener.onClose(DelayedClientCall.java:468)
	at org.apache.ratis.thirdparty.io.grpc.internal.ClientCallImpl.closeObserver(ClientCallImpl.java:563)
	at org.apache.ratis.thirdparty.io.grpc.internal.ClientCallImpl.access$300(ClientCallImpl.java:70)
	at org.apache.ratis.thirdparty.io.grpc.internal.ClientCallImpl$ClientStreamListenerImpl$1StreamClosed.runInternal(ClientCallImpl.java:744)
	at org.apache.ratis.thirdparty.io.grpc.internal.ClientCallImpl$ClientStreamListenerImpl$1StreamClosed.runInContext(ClientCallImpl.java:723)
	at org.apache.ratis.thirdparty.io.grpc.internal.ContextRunnable.run(ContextRunnable.java:37)
	at org.apache.ratis.thirdparty.io.grpc.internal.SerializingExecutor.run(SerializingExecutor.java:133)
	at java.util.concurrent.ThreadPoolExecutor.runWorker(ThreadPoolExecutor.java:1149)
	at java.util.concurrent.ThreadPoolExecutor$Worker.run(ThreadPoolExecutor.java:624)
	at java.lang.Thread.run(Thread.java:750)
2023-09-25 17:58:11,215 [ForkJoinPool.commonPool-worker-0] INFO  server.RaftServer (RaftServerProxy.java:lambda$close$6(416)) - 547bcca7-662f-4506-ab3e-0bdf08a2cfda: close
2023-09-25 17:58:11,216 [ForkJoinPool.commonPool-worker-0] INFO  server.GrpcService (GrpcService.java:closeImpl(311)) - 547bcca7-662f-4506-ab3e-0bdf08a2cfda: shutdown server org.apache.ratis.grpc.server.GrpcClientProtocolService now
2023-09-25 17:58:11,217 [main] INFO  server.GrpcService (GrpcService.java:closeImpl(320)) - 1be5c5f2-a8c9-4995-9125-aff50ea2da2d: shutdown server GrpcServerProtocolService successfully
2023-09-25 17:58:11,218 [main] INFO  server.GrpcService (GrpcService.java:closeImpl(311)) - 1be5c5f2-a8c9-4995-9125-aff50ea2da2d: shutdown server org.apache.ratis.grpc.server.GrpcAdminProtocolService now
2023-09-25 17:58:11,219 [547bcca7-662f-4506-ab3e-0bdf08a2cfda-impl-thread2] INFO  server.RaftServer$Division (RaftServerImpl.java:lambda$close$4(466)) - 547bcca7-662f-4506-ab3e-0bdf08a2cfda@group-1248E2258E1A: shutdown
2023-09-25 17:58:11,219 [07de5ce2-8a0b-4f06-859c-06527793f6e4@group-6A512494A955-StateMachineUpdater] INFO  ratis.ContainerStateMachine (ContainerStateMachine.java:takeSnapshot(341)) - group-6A512494A955: Finished taking a snapshot at:(t:1, i:0) file:/home/runner/work/ozone/ozone/hadoop-ozone/integration-test/target/test-dir/MiniOzoneClusterImpl-932dec38-ee06-46f6-8792-0cf7b891b204/datanode-1/data/ratis/5c16de99-9ba6-4efa-828d-6a512494a955/sm/snapshot.1_0 took: 67 ms
2023-09-25 17:58:11,221 [1be5c5f2-a8c9-4995-9125-aff50ea2da2d@group-7CD5F040EB7A-StateMachineUpdater] INFO  ratis.ContainerStateMachine (ContainerStateMachine.java:takeSnapshot(341)) - group-7CD5F040EB7A: Finished taking a snapshot at:(t:1, i:0) file:/home/runner/work/ozone/ozone/hadoop-ozone/integration-test/target/test-dir/MiniOzoneClusterImpl-932dec38-ee06-46f6-8792-0cf7b891b204/datanode-2/data/ratis/db4f282f-3a11-44e6-860f-7cd5f040eb7a/sm/snapshot.1_0 took: 75 ms
2023-09-25 17:58:11,222 [07de5ce2-8a0b-4f06-859c-06527793f6e4@group-1A0BCD27AFBC-StateMachineUpdater] INFO  ratis.ContainerStateMachine (ContainerStateMachine.java:takeSnapshot(341)) - group-1A0BCD27AFBC: Finished taking a snapshot at:(t:1, i:52) file:/home/runner/work/ozone/ozone/hadoop-ozone/integration-test/target/test-dir/MiniOzoneClusterImpl-932dec38-ee06-46f6-8792-0cf7b891b204/datanode-1/data/ratis/0d845f41-15a5-4737-b45c-1a0bcd27afbc/sm/snapshot.1_52 took: 34 ms
2023-09-25 17:58:11,222 [07de5ce2-8a0b-4f06-859c-06527793f6e4@group-1A0BCD27AFBC-StateMachineUpdater] INFO  impl.StateMachineUpdater (StateMachineUpdater.java:takeSnapshot(291)) - 07de5ce2-8a0b-4f06-859c-06527793f6e4@group-1A0BCD27AFBC-StateMachineUpdater: Took a snapshot at index 52
2023-09-25 17:58:11,222 [07de5ce2-8a0b-4f06-859c-06527793f6e4@group-1A0BCD27AFBC-StateMachineUpdater] INFO  impl.StateMachineUpdater (StateMachineUpdater.java:lambda$new$0(97)) - 07de5ce2-8a0b-4f06-859c-06527793f6e4@group-1A0BCD27AFBC-StateMachineUpdater: snapshotIndex: updateIncreasingly -1 -> 52
2023-09-25 17:58:11,223 [ForkJoinPool.commonPool-worker-1] INFO  server.GrpcService (GrpcService.java:closeImpl(320)) - 07de5ce2-8a0b-4f06-859c-06527793f6e4: shutdown server org.apache.ratis.grpc.server.GrpcClientProtocolService successfully
2023-09-25 17:58:11,223 [ForkJoinPool.commonPool-worker-1] INFO  server.GrpcService (GrpcService.java:closeImpl(311)) - 07de5ce2-8a0b-4f06-859c-06527793f6e4: shutdown server GrpcServerProtocolService now
2023-09-25 17:58:11,224 [1be5c5f2-a8c9-4995-9125-aff50ea2da2d@group-7CD5F040EB7A-StateMachineUpdater] INFO  impl.StateMachineUpdater (StateMachineUpdater.java:takeSnapshot(291)) - 1be5c5f2-a8c9-4995-9125-aff50ea2da2d@group-7CD5F040EB7A-StateMachineUpdater: Took a snapshot at index 0
2023-09-25 17:58:11,224 [1be5c5f2-a8c9-4995-9125-aff50ea2da2d@group-7CD5F040EB7A-StateMachineUpdater] INFO  impl.StateMachineUpdater (StateMachineUpdater.java:lambda$new$0(97)) - 1be5c5f2-a8c9-4995-9125-aff50ea2da2d@group-7CD5F040EB7A-StateMachineUpdater: snapshotIndex: updateIncreasingly -1 -> 0
2023-09-25 17:58:11,224 [07de5ce2-8a0b-4f06-859c-06527793f6e4@group-6A512494A955-StateMachineUpdater] INFO  impl.StateMachineUpdater (StateMachineUpdater.java:takeSnapshot(291)) - 07de5ce2-8a0b-4f06-859c-06527793f6e4@group-6A512494A955-StateMachineUpdater: Took a snapshot at index 0
2023-09-25 17:58:11,224 [07de5ce2-8a0b-4f06-859c-06527793f6e4@group-6A512494A955-StateMachineUpdater] INFO  impl.StateMachineUpdater (StateMachineUpdater.java:lambda$new$0(97)) - 07de5ce2-8a0b-4f06-859c-06527793f6e4@group-6A512494A955-StateMachineUpdater: snapshotIndex: updateIncreasingly -1 -> 0
2023-09-25 17:58:11,224 [07de5ce2-8a0b-4f06-859c-06527793f6e4@group-EF424F680CA8-StateMachineUpdater] INFO  ratis.ContainerStateMachine (ContainerStateMachine.java:takeSnapshot(341)) - group-EF424F680CA8: Finished taking a snapshot at:(t:1, i:23) file:/home/runner/work/ozone/ozone/hadoop-ozone/integration-test/target/test-dir/MiniOzoneClusterImpl-932dec38-ee06-46f6-8792-0cf7b891b204/datanode-1/data/ratis/79b2f7d3-4602-417a-837e-ef424f680ca8/sm/snapshot.1_23 took: 60 ms
2023-09-25 17:58:11,224 [1be5c5f2-a8c9-4995-9125-aff50ea2da2d@group-EF424F680CA8-StateMachineUpdater] INFO  ratis.ContainerStateMachine (ContainerStateMachine.java:takeSnapshot(341)) - group-EF424F680CA8: Finished taking a snapshot at:(t:1, i:23) file:/home/runner/work/ozone/ozone/hadoop-ozone/integration-test/target/test-dir/MiniOzoneClusterImpl-932dec38-ee06-46f6-8792-0cf7b891b204/datanode-2/data/ratis/79b2f7d3-4602-417a-837e-ef424f680ca8/sm/snapshot.1_23 took: 53 ms
2023-09-25 17:58:11,224 [07de5ce2-8a0b-4f06-859c-06527793f6e4@group-EF424F680CA8-StateMachineUpdater] INFO  impl.StateMachineUpdater (StateMachineUpdater.java:takeSnapshot(291)) - 07de5ce2-8a0b-4f06-859c-06527793f6e4@group-EF424F680CA8-StateMachineUpdater: Took a snapshot at index 23
2023-09-25 17:58:11,224 [1be5c5f2-a8c9-4995-9125-aff50ea2da2d@group-EF424F680CA8-StateMachineUpdater] INFO  impl.StateMachineUpdater (StateMachineUpdater.java:takeSnapshot(291)) - 1be5c5f2-a8c9-4995-9125-aff50ea2da2d@group-EF424F680CA8-StateMachineUpdater: Took a snapshot at index 23
2023-09-25 17:58:11,224 [1be5c5f2-a8c9-4995-9125-aff50ea2da2d@group-EF424F680CA8-StateMachineUpdater] INFO  impl.StateMachineUpdater (StateMachineUpdater.java:lambda$new$0(97)) - 1be5c5f2-a8c9-4995-9125-aff50ea2da2d@group-EF424F680CA8-StateMachineUpdater: snapshotIndex: updateIncreasingly -1 -> 23
2023-09-25 17:58:11,224 [07de5ce2-8a0b-4f06-859c-06527793f6e4@group-EF424F680CA8-StateMachineUpdater] INFO  impl.StateMachineUpdater (StateMachineUpdater.java:lambda$new$0(97)) - 07de5ce2-8a0b-4f06-859c-06527793f6e4@group-EF424F680CA8-StateMachineUpdater: snapshotIndex: updateIncreasingly -1 -> 23
2023-09-25 17:58:11,224 [547bcca7-662f-4506-ab3e-0bdf08a2cfda-impl-thread2] INFO  util.JmxRegister (JmxRegister.java:unregister(73)) - Successfully un-registered JMX Bean with object name Ratis:service=RaftServer,group=group-1248E2258E1A,id=547bcca7-662f-4506-ab3e-0bdf08a2cfda
2023-09-25 17:58:11,224 [547bcca7-662f-4506-ab3e-0bdf08a2cfda-impl-thread2] INFO  impl.RoleInfo (RoleInfo.java:shutdownLeaderState(93)) - 547bcca7-662f-4506-ab3e-0bdf08a2cfda: shutdown 547bcca7-662f-4506-ab3e-0bdf08a2cfda@group-1248E2258E1A-LeaderStateImpl
2023-09-25 17:58:11,225 [547bcca7-662f-4506-ab3e-0bdf08a2cfda-impl-thread2] INFO  impl.PendingRequests (PendingRequests.java:sendNotLeaderResponses(289)) - 547bcca7-662f-4506-ab3e-0bdf08a2cfda@group-1248E2258E1A-PendingRequests: sendNotLeaderResponses
2023-09-25 17:58:11,225 [547bcca7-662f-4506-ab3e-0bdf08a2cfda@group-1248E2258E1A-StateMachineUpdater] INFO  ratis.ContainerStateMachine (ContainerStateMachine.java:takeSnapshot(330)) - group-1248E2258E1A: Taking a snapshot at:(t:1, i:0) file /home/runner/work/ozone/ozone/hadoop-ozone/integration-test/target/test-dir/MiniOzoneClusterImpl-932dec38-ee06-46f6-8792-0cf7b891b204/datanode-4/data/ratis/b66b5463-9ee7-4a1e-9b38-1248e2258e1a/sm/snapshot.1_0
2023-09-25 17:58:11,225 [1be5c5f2-a8c9-4995-9125-aff50ea2da2d@group-1A0BCD27AFBC-StateMachineUpdater] INFO  ratis.ContainerStateMachine (ContainerStateMachine.java:takeSnapshot(341)) - group-1A0BCD27AFBC: Finished taking a snapshot at:(t:1, i:50) file:/home/runner/work/ozone/ozone/hadoop-ozone/integration-test/target/test-dir/MiniOzoneClusterImpl-932dec38-ee06-46f6-8792-0cf7b891b204/datanode-2/data/ratis/0d845f41-15a5-4737-b45c-1a0bcd27afbc/sm/snapshot.1_50 took: 104 ms
2023-09-25 17:58:11,225 [547bcca7-662f-4506-ab3e-0bdf08a2cfda-impl-thread2] INFO  impl.StateMachineUpdater (StateMachineUpdater.java:stopAndJoin(155)) - 547bcca7-662f-4506-ab3e-0bdf08a2cfda@group-1248E2258E1A-StateMachineUpdater: set stopIndex = 0
2023-09-25 17:58:11,225 [1be5c5f2-a8c9-4995-9125-aff50ea2da2d@group-1A0BCD27AFBC-StateMachineUpdater] INFO  impl.StateMachineUpdater (StateMachineUpdater.java:takeSnapshot(291)) - 1be5c5f2-a8c9-4995-9125-aff50ea2da2d@group-1A0BCD27AFBC-StateMachineUpdater: Took a snapshot at index 50
2023-09-25 17:58:11,226 [1be5c5f2-a8c9-4995-9125-aff50ea2da2d@group-1A0BCD27AFBC-StateMachineUpdater] INFO  impl.StateMachineUpdater (StateMachineUpdater.java:lambda$new$0(97)) - 1be5c5f2-a8c9-4995-9125-aff50ea2da2d@group-1A0BCD27AFBC-StateMachineUpdater: snapshotIndex: updateIncreasingly -1 -> 50
2023-09-25 17:58:11,231 [1be5c5f2-a8c9-4995-9125-aff50ea2da2d-impl-thread3] INFO  server.RaftServer$Division (ServerState.java:close(472)) - 1be5c5f2-a8c9-4995-9125-aff50ea2da2d@group-7CD5F040EB7A: closes. applyIndex: 0
2023-09-25 17:58:11,231 [07de5ce2-8a0b-4f06-859c-06527793f6e4-impl-thread4] INFO  server.RaftServer$Division (ServerState.java:close(472)) - 07de5ce2-8a0b-4f06-859c-06527793f6e4@group-6A512494A955: closes. applyIndex: 0
2023-09-25 17:58:11,232 [07de5ce2-8a0b-4f06-859c-06527793f6e4-impl-thread2] INFO  server.RaftServer$Division (ServerState.java:close(472)) - 07de5ce2-8a0b-4f06-859c-06527793f6e4@group-EF424F680CA8: closes. applyIndex: 23
2023-09-25 17:58:11,233 [07de5ce2-8a0b-4f06-859c-06527793f6e4-impl-thread3] INFO  server.RaftServer$Division (ServerState.java:close(472)) - 07de5ce2-8a0b-4f06-859c-06527793f6e4@group-1A0BCD27AFBC: closes. applyIndex: 52
2023-09-25 17:58:11,234 [1be5c5f2-a8c9-4995-9125-aff50ea2da2d-impl-thread2] INFO  server.RaftServer$Division (ServerState.java:close(472)) - 1be5c5f2-a8c9-4995-9125-aff50ea2da2d@group-EF424F680CA8: closes. applyIndex: 23
2023-09-25 17:58:11,234 [547bcca7-662f-4506-ab3e-0bdf08a2cfda@group-1248E2258E1A-StateMachineUpdater] INFO  ratis.ContainerStateMachine (ContainerStateMachine.java:takeSnapshot(341)) - group-1248E2258E1A: Finished taking a snapshot at:(t:1, i:0) file:/home/runner/work/ozone/ozone/hadoop-ozone/integration-test/target/test-dir/MiniOzoneClusterImpl-932dec38-ee06-46f6-8792-0cf7b891b204/datanode-4/data/ratis/b66b5463-9ee7-4a1e-9b38-1248e2258e1a/sm/snapshot.1_0 took: 9 ms
2023-09-25 17:58:11,235 [547bcca7-662f-4506-ab3e-0bdf08a2cfda@group-1248E2258E1A-StateMachineUpdater] INFO  impl.StateMachineUpdater (StateMachineUpdater.java:takeSnapshot(291)) - 547bcca7-662f-4506-ab3e-0bdf08a2cfda@group-1248E2258E1A-StateMachineUpdater: Took a snapshot at index 0
2023-09-25 17:58:11,235 [547bcca7-662f-4506-ab3e-0bdf08a2cfda@group-1248E2258E1A-StateMachineUpdater] INFO  impl.StateMachineUpdater (StateMachineUpdater.java:lambda$new$0(97)) - 547bcca7-662f-4506-ab3e-0bdf08a2cfda@group-1248E2258E1A-StateMachineUpdater: snapshotIndex: updateIncreasingly -1 -> 0
2023-09-25 17:58:11,235 [547bcca7-662f-4506-ab3e-0bdf08a2cfda-impl-thread2] INFO  server.RaftServer$Division (ServerState.java:close(472)) - 547bcca7-662f-4506-ab3e-0bdf08a2cfda@group-1248E2258E1A: closes. applyIndex: 0
2023-09-25 17:58:11,235 [1be5c5f2-a8c9-4995-9125-aff50ea2da2d-impl-thread4] INFO  server.RaftServer$Division (ServerState.java:close(472)) - 1be5c5f2-a8c9-4995-9125-aff50ea2da2d@group-1A0BCD27AFBC: closes. applyIndex: 50
2023-09-25 17:58:11,240 [main] INFO  server.GrpcService (GrpcService.java:closeImpl(320)) - 1be5c5f2-a8c9-4995-9125-aff50ea2da2d: shutdown server org.apache.ratis.grpc.server.GrpcAdminProtocolService successfully
2023-09-25 17:58:11,241 [ForkJoinPool.commonPool-worker-0] INFO  server.GrpcService (GrpcService.java:closeImpl(320)) - 547bcca7-662f-4506-ab3e-0bdf08a2cfda: shutdown server org.apache.ratis.grpc.server.GrpcClientProtocolService successfully
2023-09-25 17:58:11,241 [ForkJoinPool.commonPool-worker-0] INFO  server.GrpcService (GrpcService.java:closeImpl(311)) - 547bcca7-662f-4506-ab3e-0bdf08a2cfda: shutdown server GrpcServerProtocolService now
2023-09-25 17:58:11,248 [1be5c5f2-a8c9-4995-9125-aff50ea2da2d-NettyServerStreamRpc-bossGroup--thread1] INFO  logging.LoggingHandler (AbstractInternalLogger.java:log(148)) - [id: 0x8f4990c0, L:/0:0:0:0:0:0:0:0:15033] CLOSE
2023-09-25 17:58:11,248 [1be5c5f2-a8c9-4995-9125-aff50ea2da2d-NettyServerStreamRpc-bossGroup--thread1] INFO  logging.LoggingHandler (AbstractInternalLogger.java:log(148)) - [id: 0x8f4990c0, L:/0:0:0:0:0:0:0:0:15033] INACTIVE
2023-09-25 17:58:11,249 [1be5c5f2-a8c9-4995-9125-aff50ea2da2d-NettyServerStreamRpc-bossGroup--thread1] INFO  logging.LoggingHandler (AbstractInternalLogger.java:log(148)) - [id: 0x8f4990c0, L:/0:0:0:0:0:0:0:0:15033] UNREGISTERED
2023-09-25 17:58:11,249 [ForkJoinPool.commonPool-worker-0] INFO  server.GrpcService (GrpcService.java:closeImpl(320)) - 547bcca7-662f-4506-ab3e-0bdf08a2cfda: shutdown server GrpcServerProtocolService successfully
2023-09-25 17:58:11,249 [ForkJoinPool.commonPool-worker-0] INFO  server.GrpcService (GrpcService.java:closeImpl(311)) - 547bcca7-662f-4506-ab3e-0bdf08a2cfda: shutdown server org.apache.ratis.grpc.server.GrpcAdminProtocolService now
2023-09-25 17:58:11,252 [ForkJoinPool.commonPool-worker-1] INFO  server.GrpcService (GrpcService.java:closeImpl(320)) - 07de5ce2-8a0b-4f06-859c-06527793f6e4: shutdown server GrpcServerProtocolService successfully
2023-09-25 17:58:11,252 [ForkJoinPool.commonPool-worker-1] INFO  server.GrpcService (GrpcService.java:closeImpl(311)) - 07de5ce2-8a0b-4f06-859c-06527793f6e4: shutdown server org.apache.ratis.grpc.server.GrpcAdminProtocolService now
2023-09-25 17:58:11,262 [ForkJoinPool.commonPool-worker-0] INFO  server.GrpcService (GrpcService.java:closeImpl(320)) - 547bcca7-662f-4506-ab3e-0bdf08a2cfda: shutdown server org.apache.ratis.grpc.server.GrpcAdminProtocolService successfully
2023-09-25 17:58:11,263 [547bcca7-662f-4506-ab3e-0bdf08a2cfda-NettyServerStreamRpc-bossGroup--thread1] INFO  logging.LoggingHandler (AbstractInternalLogger.java:log(148)) - [id: 0x9591abf9, L:/0:0:0:0:0:0:0:0:15051] CLOSE
2023-09-25 17:58:11,263 [547bcca7-662f-4506-ab3e-0bdf08a2cfda-NettyServerStreamRpc-bossGroup--thread1] INFO  logging.LoggingHandler (AbstractInternalLogger.java:log(148)) - [id: 0x9591abf9, L:/0:0:0:0:0:0:0:0:15051] INACTIVE
2023-09-25 17:58:11,263 [547bcca7-662f-4506-ab3e-0bdf08a2cfda-NettyServerStreamRpc-bossGroup--thread1] INFO  logging.LoggingHandler (AbstractInternalLogger.java:log(148)) - [id: 0x9591abf9, L:/0:0:0:0:0:0:0:0:15051] UNREGISTERED
2023-09-25 17:58:11,267 [ForkJoinPool.commonPool-worker-2] INFO  ozoneimpl.OzoneContainer (OzoneContainer.java:stop(451)) - Attempting to stop container services.
2023-09-25 17:58:11,268 [ForkJoinPool.commonPool-worker-2] INFO  server.RaftServer (RaftServerProxy.java:lambda$close$6(416)) - 193d77cf-0768-416f-bba4-4eb853aeaf3c: close
2023-09-25 17:58:11,268 [ForkJoinPool.commonPool-worker-2] INFO  server.GrpcService (GrpcService.java:closeImpl(311)) - 193d77cf-0768-416f-bba4-4eb853aeaf3c: shutdown server org.apache.ratis.grpc.server.GrpcClientProtocolService now
2023-09-25 17:58:11,269 [193d77cf-0768-416f-bba4-4eb853aeaf3c-impl-thread2] INFO  server.RaftServer$Division (RaftServerImpl.java:lambda$close$4(466)) - 193d77cf-0768-416f-bba4-4eb853aeaf3c@group-76068DDC8CFF: shutdown
2023-09-25 17:58:11,278 [193d77cf-0768-416f-bba4-4eb853aeaf3c-impl-thread2] INFO  util.JmxRegister (JmxRegister.java:unregister(73)) - Successfully un-registered JMX Bean with object name Ratis:service=RaftServer,group=group-76068DDC8CFF,id=193d77cf-0768-416f-bba4-4eb853aeaf3c
2023-09-25 17:58:11,278 [193d77cf-0768-416f-bba4-4eb853aeaf3c-impl-thread2] INFO  impl.RoleInfo (RoleInfo.java:shutdownLeaderState(93)) - 193d77cf-0768-416f-bba4-4eb853aeaf3c: shutdown 193d77cf-0768-416f-bba4-4eb853aeaf3c@group-76068DDC8CFF-LeaderStateImpl
2023-09-25 17:58:11,278 [193d77cf-0768-416f-bba4-4eb853aeaf3c-impl-thread2] INFO  impl.PendingRequests (PendingRequests.java:sendNotLeaderResponses(289)) - 193d77cf-0768-416f-bba4-4eb853aeaf3c@group-76068DDC8CFF-PendingRequests: sendNotLeaderResponses
2023-09-25 17:58:11,278 [193d77cf-0768-416f-bba4-4eb853aeaf3c-impl-thread2] INFO  impl.StateMachineUpdater (StateMachineUpdater.java:stopAndJoin(155)) - 193d77cf-0768-416f-bba4-4eb853aeaf3c@group-76068DDC8CFF-StateMachineUpdater: set stopIndex = 0
2023-09-25 17:58:11,279 [193d77cf-0768-416f-bba4-4eb853aeaf3c@group-76068DDC8CFF-StateMachineUpdater] INFO  ratis.ContainerStateMachine (ContainerStateMachine.java:takeSnapshot(330)) - group-76068DDC8CFF: Taking a snapshot at:(t:1, i:0) file /home/runner/work/ozone/ozone/hadoop-ozone/integration-test/target/test-dir/MiniOzoneClusterImpl-932dec38-ee06-46f6-8792-0cf7b891b204/datanode-3/data/ratis/7f2bf33e-c0c0-42c2-8d2a-76068ddc8cff/sm/snapshot.1_0
2023-09-25 17:58:11,280 [193d77cf-0768-416f-bba4-4eb853aeaf3c@group-76068DDC8CFF-StateMachineUpdater] INFO  ratis.ContainerStateMachine (ContainerStateMachine.java:takeSnapshot(341)) - group-76068DDC8CFF: Finished taking a snapshot at:(t:1, i:0) file:/home/runner/work/ozone/ozone/hadoop-ozone/integration-test/target/test-dir/MiniOzoneClusterImpl-932dec38-ee06-46f6-8792-0cf7b891b204/datanode-3/data/ratis/7f2bf33e-c0c0-42c2-8d2a-76068ddc8cff/sm/snapshot.1_0 took: 1 ms
2023-09-25 17:58:11,280 [193d77cf-0768-416f-bba4-4eb853aeaf3c@group-76068DDC8CFF-StateMachineUpdater] INFO  impl.StateMachineUpdater (StateMachineUpdater.java:takeSnapshot(291)) - 193d77cf-0768-416f-bba4-4eb853aeaf3c@group-76068DDC8CFF-StateMachineUpdater: Took a snapshot at index 0
2023-09-25 17:58:11,280 [193d77cf-0768-416f-bba4-4eb853aeaf3c@group-76068DDC8CFF-StateMachineUpdater] INFO  impl.StateMachineUpdater (StateMachineUpdater.java:lambda$new$0(97)) - 193d77cf-0768-416f-bba4-4eb853aeaf3c@group-76068DDC8CFF-StateMachineUpdater: snapshotIndex: updateIncreasingly -1 -> 0
2023-09-25 17:58:11,280 [193d77cf-0768-416f-bba4-4eb853aeaf3c-impl-thread2] INFO  server.RaftServer$Division (ServerState.java:close(472)) - 193d77cf-0768-416f-bba4-4eb853aeaf3c@group-76068DDC8CFF: closes. applyIndex: 0
2023-09-25 17:58:11,280 [ForkJoinPool.commonPool-worker-2] INFO  server.GrpcService (GrpcService.java:closeImpl(320)) - 193d77cf-0768-416f-bba4-4eb853aeaf3c: shutdown server org.apache.ratis.grpc.server.GrpcClientProtocolService successfully
2023-09-25 17:58:11,280 [ForkJoinPool.commonPool-worker-2] INFO  server.GrpcService (GrpcService.java:closeImpl(311)) - 193d77cf-0768-416f-bba4-4eb853aeaf3c: shutdown server GrpcServerProtocolService now
2023-09-25 17:58:11,288 [ForkJoinPool.commonPool-worker-1] INFO  server.GrpcService (GrpcService.java:closeImpl(320)) - 07de5ce2-8a0b-4f06-859c-06527793f6e4: shutdown server org.apache.ratis.grpc.server.GrpcAdminProtocolService successfully
2023-09-25 17:58:11,289 [07de5ce2-8a0b-4f06-859c-06527793f6e4-NettyServerStreamRpc-bossGroup--thread1] INFO  logging.LoggingHandler (AbstractInternalLogger.java:log(148)) - [id: 0x60da14e6, L:/0:0:0:0:0:0:0:0:15024] CLOSE
2023-09-25 17:58:11,295 [07de5ce2-8a0b-4f06-859c-06527793f6e4-NettyServerStreamRpc-bossGroup--thread1] INFO  logging.LoggingHandler (AbstractInternalLogger.java:log(148)) - [id: 0x60da14e6, L:/0:0:0:0:0:0:0:0:15024] INACTIVE
2023-09-25 17:58:11,295 [07de5ce2-8a0b-4f06-859c-06527793f6e4-NettyServerStreamRpc-bossGroup--thread1] INFO  logging.LoggingHandler (AbstractInternalLogger.java:log(148)) - [id: 0x60da14e6, L:/0:0:0:0:0:0:0:0:15024] UNREGISTERED
2023-09-25 17:58:11,307 [ForkJoinPool.commonPool-worker-2] INFO  server.GrpcService (GrpcService.java:closeImpl(320)) - 193d77cf-0768-416f-bba4-4eb853aeaf3c: shutdown server GrpcServerProtocolService successfully
2023-09-25 17:58:11,308 [ForkJoinPool.commonPool-worker-2] INFO  server.GrpcService (GrpcService.java:closeImpl(311)) - 193d77cf-0768-416f-bba4-4eb853aeaf3c: shutdown server org.apache.ratis.grpc.server.GrpcAdminProtocolService now
2023-09-25 17:58:11,313 [ForkJoinPool.commonPool-worker-3] INFO  ozoneimpl.OzoneContainer (OzoneContainer.java:stop(451)) - Attempting to stop container services.
2023-09-25 17:58:11,323 [ForkJoinPool.commonPool-worker-2] INFO  server.GrpcService (GrpcService.java:closeImpl(320)) - 193d77cf-0768-416f-bba4-4eb853aeaf3c: shutdown server org.apache.ratis.grpc.server.GrpcAdminProtocolService successfully
2023-09-25 17:58:11,323 [ForkJoinPool.commonPool-worker-3] INFO  server.RaftServer (RaftServerProxy.java:lambda$close$6(416)) - 7c2da756-7def-47bc-b4fd-fb4319f4a659: close
2023-09-25 17:58:11,323 [193d77cf-0768-416f-bba4-4eb853aeaf3c-NettyServerStreamRpc-bossGroup--thread1] INFO  logging.LoggingHandler (AbstractInternalLogger.java:log(148)) - [id: 0x917a6707, L:/0:0:0:0:0:0:0:0:15042] CLOSE
2023-09-25 17:58:11,324 [193d77cf-0768-416f-bba4-4eb853aeaf3c-NettyServerStreamRpc-bossGroup--thread1] INFO  logging.LoggingHandler (AbstractInternalLogger.java:log(148)) - [id: 0x917a6707, L:/0:0:0:0:0:0:0:0:15042] INACTIVE
2023-09-25 17:58:11,324 [193d77cf-0768-416f-bba4-4eb853aeaf3c-NettyServerStreamRpc-bossGroup--thread1] INFO  logging.LoggingHandler (AbstractInternalLogger.java:log(148)) - [id: 0x917a6707, L:/0:0:0:0:0:0:0:0:15042] UNREGISTERED
2023-09-25 17:58:11,324 [7c2da756-7def-47bc-b4fd-fb4319f4a659-impl-thread2] INFO  server.RaftServer$Division (RaftServerImpl.java:lambda$close$4(466)) - 7c2da756-7def-47bc-b4fd-fb4319f4a659@group-EF424F680CA8: shutdown
2023-09-25 17:58:11,324 [7c2da756-7def-47bc-b4fd-fb4319f4a659-impl-thread2] INFO  util.JmxRegister (JmxRegister.java:unregister(73)) - Successfully un-registered JMX Bean with object name Ratis:service=RaftServer,group=group-EF424F680CA8,id=7c2da756-7def-47bc-b4fd-fb4319f4a659
2023-09-25 17:58:11,324 [7c2da756-7def-47bc-b4fd-fb4319f4a659-impl-thread2] INFO  impl.RoleInfo (RoleInfo.java:shutdownFollowerState(110)) - 7c2da756-7def-47bc-b4fd-fb4319f4a659: shutdown 7c2da756-7def-47bc-b4fd-fb4319f4a659@group-EF424F680CA8-FollowerState
2023-09-25 17:58:11,324 [7c2da756-7def-47bc-b4fd-fb4319f4a659-impl-thread3] INFO  server.RaftServer$Division (RaftServerImpl.java:lambda$close$4(466)) - 7c2da756-7def-47bc-b4fd-fb4319f4a659@group-4CC3274D98F4: shutdown
2023-09-25 17:58:11,325 [7c2da756-7def-47bc-b4fd-fb4319f4a659-impl-thread3] INFO  util.JmxRegister (JmxRegister.java:unregister(73)) - Successfully un-registered JMX Bean with object name Ratis:service=RaftServer,group=group-4CC3274D98F4,id=7c2da756-7def-47bc-b4fd-fb4319f4a659
2023-09-25 17:58:11,325 [7c2da756-7def-47bc-b4fd-fb4319f4a659-impl-thread3] INFO  impl.RoleInfo (RoleInfo.java:shutdownLeaderState(93)) - 7c2da756-7def-47bc-b4fd-fb4319f4a659: shutdown 7c2da756-7def-47bc-b4fd-fb4319f4a659@group-4CC3274D98F4-LeaderStateImpl
2023-09-25 17:58:11,325 [7c2da756-7def-47bc-b4fd-fb4319f4a659-impl-thread3] INFO  impl.PendingRequests (PendingRequests.java:sendNotLeaderResponses(289)) - 7c2da756-7def-47bc-b4fd-fb4319f4a659@group-4CC3274D98F4-PendingRequests: sendNotLeaderResponses
2023-09-25 17:58:11,326 [7c2da756-7def-47bc-b4fd-fb4319f4a659@group-4CC3274D98F4-StateMachineUpdater] INFO  ratis.ContainerStateMachine (ContainerStateMachine.java:takeSnapshot(330)) - group-4CC3274D98F4: Taking a snapshot at:(t:1, i:0) file /home/runner/work/ozone/ozone/hadoop-ozone/integration-test/target/test-dir/MiniOzoneClusterImpl-932dec38-ee06-46f6-8792-0cf7b891b204/datanode-0/data/ratis/10d67b8e-6bdb-4f60-bc73-4cc3274d98f4/sm/snapshot.1_0
2023-09-25 17:58:11,326 [7c2da756-7def-47bc-b4fd-fb4319f4a659-impl-thread3] INFO  impl.StateMachineUpdater (StateMachineUpdater.java:stopAndJoin(155)) - 7c2da756-7def-47bc-b4fd-fb4319f4a659@group-4CC3274D98F4-StateMachineUpdater: set stopIndex = 0
2023-09-25 17:58:11,326 [ForkJoinPool.commonPool-worker-3] INFO  server.GrpcService (GrpcService.java:closeImpl(311)) - 7c2da756-7def-47bc-b4fd-fb4319f4a659: shutdown server org.apache.ratis.grpc.server.GrpcClientProtocolService now
2023-09-25 17:58:11,326 [7c2da756-7def-47bc-b4fd-fb4319f4a659@group-4CC3274D98F4-StateMachineUpdater] INFO  ratis.ContainerStateMachine (ContainerStateMachine.java:takeSnapshot(341)) - group-4CC3274D98F4: Finished taking a snapshot at:(t:1, i:0) file:/home/runner/work/ozone/ozone/hadoop-ozone/integration-test/target/test-dir/MiniOzoneClusterImpl-932dec38-ee06-46f6-8792-0cf7b891b204/datanode-0/data/ratis/10d67b8e-6bdb-4f60-bc73-4cc3274d98f4/sm/snapshot.1_0 took: 1 ms
2023-09-25 17:58:11,327 [7c2da756-7def-47bc-b4fd-fb4319f4a659@group-4CC3274D98F4-StateMachineUpdater] INFO  impl.StateMachineUpdater (StateMachineUpdater.java:takeSnapshot(291)) - 7c2da756-7def-47bc-b4fd-fb4319f4a659@group-4CC3274D98F4-StateMachineUpdater: Took a snapshot at index 0
2023-09-25 17:58:11,327 [7c2da756-7def-47bc-b4fd-fb4319f4a659@group-4CC3274D98F4-StateMachineUpdater] INFO  impl.StateMachineUpdater (StateMachineUpdater.java:lambda$new$0(97)) - 7c2da756-7def-47bc-b4fd-fb4319f4a659@group-4CC3274D98F4-StateMachineUpdater: snapshotIndex: updateIncreasingly -1 -> 0
2023-09-25 17:58:11,327 [7c2da756-7def-47bc-b4fd-fb4319f4a659-impl-thread2] INFO  impl.StateMachineUpdater (StateMachineUpdater.java:stopAndJoin(155)) - 7c2da756-7def-47bc-b4fd-fb4319f4a659@group-EF424F680CA8-StateMachineUpdater: set stopIndex = 23
2023-09-25 17:58:11,328 [7c2da756-7def-47bc-b4fd-fb4319f4a659@group-EF424F680CA8-FollowerState] INFO  impl.FollowerState (FollowerState.java:run(152)) - 7c2da756-7def-47bc-b4fd-fb4319f4a659@group-EF424F680CA8-FollowerState was interrupted
2023-09-25 17:58:11,328 [7c2da756-7def-47bc-b4fd-fb4319f4a659@group-EF424F680CA8-StateMachineUpdater] INFO  ratis.ContainerStateMachine (ContainerStateMachine.java:takeSnapshot(330)) - group-EF424F680CA8: Taking a snapshot at:(t:1, i:23) file /home/runner/work/ozone/ozone/hadoop-ozone/integration-test/target/test-dir/MiniOzoneClusterImpl-932dec38-ee06-46f6-8792-0cf7b891b204/datanode-0/data/ratis/79b2f7d3-4602-417a-837e-ef424f680ca8/sm/snapshot.1_23
2023-09-25 17:58:11,328 [7c2da756-7def-47bc-b4fd-fb4319f4a659-impl-thread3] INFO  server.RaftServer$Division (ServerState.java:close(472)) - 7c2da756-7def-47bc-b4fd-fb4319f4a659@group-4CC3274D98F4: closes. applyIndex: 0
2023-09-25 17:58:11,329 [7c2da756-7def-47bc-b4fd-fb4319f4a659-impl-thread4] INFO  server.RaftServer$Division (RaftServerImpl.java:lambda$close$4(466)) - 7c2da756-7def-47bc-b4fd-fb4319f4a659@group-1A0BCD27AFBC: shutdown
2023-09-25 17:58:11,329 [7c2da756-7def-47bc-b4fd-fb4319f4a659-impl-thread4] INFO  util.JmxRegister (JmxRegister.java:unregister(73)) - Successfully un-registered JMX Bean with object name Ratis:service=RaftServer,group=group-1A0BCD27AFBC,id=7c2da756-7def-47bc-b4fd-fb4319f4a659
2023-09-25 17:58:11,329 [7c2da756-7def-47bc-b4fd-fb4319f4a659-impl-thread4] INFO  impl.RoleInfo (RoleInfo.java:shutdownFollowerState(110)) - 7c2da756-7def-47bc-b4fd-fb4319f4a659: shutdown 7c2da756-7def-47bc-b4fd-fb4319f4a659@group-1A0BCD27AFBC-FollowerState
2023-09-25 17:58:11,329 [7c2da756-7def-47bc-b4fd-fb4319f4a659@group-EF424F680CA8-StateMachineUpdater] INFO  ratis.ContainerStateMachine (ContainerStateMachine.java:takeSnapshot(341)) - group-EF424F680CA8: Finished taking a snapshot at:(t:1, i:23) file:/home/runner/work/ozone/ozone/hadoop-ozone/integration-test/target/test-dir/MiniOzoneClusterImpl-932dec38-ee06-46f6-8792-0cf7b891b204/datanode-0/data/ratis/79b2f7d3-4602-417a-837e-ef424f680ca8/sm/snapshot.1_23 took: 1 ms
2023-09-25 17:58:11,330 [7c2da756-7def-47bc-b4fd-fb4319f4a659@group-EF424F680CA8-StateMachineUpdater] INFO  impl.StateMachineUpdater (StateMachineUpdater.java:takeSnapshot(291)) - 7c2da756-7def-47bc-b4fd-fb4319f4a659@group-EF424F680CA8-StateMachineUpdater: Took a snapshot at index 23
2023-09-25 17:58:11,330 [7c2da756-7def-47bc-b4fd-fb4319f4a659@group-EF424F680CA8-StateMachineUpdater] INFO  impl.StateMachineUpdater (StateMachineUpdater.java:lambda$new$0(97)) - 7c2da756-7def-47bc-b4fd-fb4319f4a659@group-EF424F680CA8-StateMachineUpdater: snapshotIndex: updateIncreasingly -1 -> 23
2023-09-25 17:58:11,335 [7c2da756-7def-47bc-b4fd-fb4319f4a659-impl-thread2] INFO  server.RaftServer$Division (ServerState.java:close(472)) - 7c2da756-7def-47bc-b4fd-fb4319f4a659@group-EF424F680CA8: closes. applyIndex: 23
2023-09-25 17:58:11,335 [7c2da756-7def-47bc-b4fd-fb4319f4a659@group-1A0BCD27AFBC-FollowerState] INFO  impl.FollowerState (FollowerState.java:run(152)) - 7c2da756-7def-47bc-b4fd-fb4319f4a659@group-1A0BCD27AFBC-FollowerState was interrupted
2023-09-25 17:58:11,336 [7c2da756-7def-47bc-b4fd-fb4319f4a659@group-1A0BCD27AFBC-StateMachineUpdater] INFO  ratis.ContainerStateMachine (ContainerStateMachine.java:takeSnapshot(330)) - group-1A0BCD27AFBC: Taking a snapshot at:(t:1, i:51) file /home/runner/work/ozone/ozone/hadoop-ozone/integration-test/target/test-dir/MiniOzoneClusterImpl-932dec38-ee06-46f6-8792-0cf7b891b204/datanode-0/data/ratis/0d845f41-15a5-4737-b45c-1a0bcd27afbc/sm/snapshot.1_51
2023-09-25 17:58:11,336 [7c2da756-7def-47bc-b4fd-fb4319f4a659-impl-thread4] INFO  impl.StateMachineUpdater (StateMachineUpdater.java:stopAndJoin(155)) - 7c2da756-7def-47bc-b4fd-fb4319f4a659@group-1A0BCD27AFBC-StateMachineUpdater: set stopIndex = 51
2023-09-25 17:58:11,337 [Thread-1665] INFO  server.GrpcServerProtocolClient (GrpcServerProtocolClient.java:close(103)) - 07de5ce2-8a0b-4f06-859c-06527793f6e4 Close channels
2023-09-25 17:58:11,349 [7c2da756-7def-47bc-b4fd-fb4319f4a659@group-1A0BCD27AFBC-StateMachineUpdater] INFO  ratis.ContainerStateMachine (ContainerStateMachine.java:takeSnapshot(341)) - group-1A0BCD27AFBC: Finished taking a snapshot at:(t:1, i:51) file:/home/runner/work/ozone/ozone/hadoop-ozone/integration-test/target/test-dir/MiniOzoneClusterImpl-932dec38-ee06-46f6-8792-0cf7b891b204/datanode-0/data/ratis/0d845f41-15a5-4737-b45c-1a0bcd27afbc/sm/snapshot.1_51 took: 13 ms
2023-09-25 17:58:11,350 [7c2da756-7def-47bc-b4fd-fb4319f4a659@group-1A0BCD27AFBC-StateMachineUpdater] INFO  impl.StateMachineUpdater (StateMachineUpdater.java:takeSnapshot(291)) - 7c2da756-7def-47bc-b4fd-fb4319f4a659@group-1A0BCD27AFBC-StateMachineUpdater: Took a snapshot at index 51
2023-09-25 17:58:11,350 [7c2da756-7def-47bc-b4fd-fb4319f4a659@group-1A0BCD27AFBC-StateMachineUpdater] INFO  impl.StateMachineUpdater (StateMachineUpdater.java:lambda$new$0(97)) - 7c2da756-7def-47bc-b4fd-fb4319f4a659@group-1A0BCD27AFBC-StateMachineUpdater: snapshotIndex: updateIncreasingly -1 -> 51
2023-09-25 17:58:11,351 [7c2da756-7def-47bc-b4fd-fb4319f4a659-impl-thread4] INFO  server.RaftServer$Division (ServerState.java:close(472)) - 7c2da756-7def-47bc-b4fd-fb4319f4a659@group-1A0BCD27AFBC: closes. applyIndex: 51
2023-09-25 17:58:11,352 [Thread-1675] INFO  server.GrpcServerProtocolClient (GrpcServerProtocolClient.java:close(103)) - 1be5c5f2-a8c9-4995-9125-aff50ea2da2d Close channels
2023-09-25 17:58:11,357 [ForkJoinPool.commonPool-worker-3] INFO  server.GrpcService (GrpcService.java:closeImpl(320)) - 7c2da756-7def-47bc-b4fd-fb4319f4a659: shutdown server org.apache.ratis.grpc.server.GrpcClientProtocolService successfully
2023-09-25 17:58:11,358 [ForkJoinPool.commonPool-worker-3] INFO  server.GrpcService (GrpcService.java:closeImpl(311)) - 7c2da756-7def-47bc-b4fd-fb4319f4a659: shutdown server GrpcServerProtocolService now
2023-09-25 17:58:11,369 [ForkJoinPool.commonPool-worker-3] INFO  server.GrpcService (GrpcService.java:closeImpl(320)) - 7c2da756-7def-47bc-b4fd-fb4319f4a659: shutdown server GrpcServerProtocolService successfully
2023-09-25 17:58:11,369 [ForkJoinPool.commonPool-worker-3] INFO  server.GrpcService (GrpcService.java:closeImpl(311)) - 7c2da756-7def-47bc-b4fd-fb4319f4a659: shutdown server org.apache.ratis.grpc.server.GrpcAdminProtocolService now
2023-09-25 17:58:11,375 [ForkJoinPool.commonPool-worker-3] INFO  server.GrpcService (GrpcService.java:closeImpl(320)) - 7c2da756-7def-47bc-b4fd-fb4319f4a659: shutdown server org.apache.ratis.grpc.server.GrpcAdminProtocolService successfully
2023-09-25 17:58:11,378 [7c2da756-7def-47bc-b4fd-fb4319f4a659-NettyServerStreamRpc-bossGroup--thread1] INFO  logging.LoggingHandler (AbstractInternalLogger.java:log(148)) - [id: 0xe2b893e8, L:/0:0:0:0:0:0:0:0:15015] CLOSE
2023-09-25 17:58:11,378 [7c2da756-7def-47bc-b4fd-fb4319f4a659-NettyServerStreamRpc-bossGroup--thread1] INFO  logging.LoggingHandler (AbstractInternalLogger.java:log(148)) - [id: 0xe2b893e8, L:/0:0:0:0:0:0:0:0:15015] INACTIVE
2023-09-25 17:58:11,379 [7c2da756-7def-47bc-b4fd-fb4319f4a659-NettyServerStreamRpc-bossGroup--thread1] INFO  logging.LoggingHandler (AbstractInternalLogger.java:log(148)) - [id: 0xe2b893e8, L:/0:0:0:0:0:0:0:0:15015] UNREGISTERED
2023-09-25 17:58:11,421 [193d77cf-0768-416f-bba4-4eb853aeaf3c-impl-thread2] INFO  segmented.SegmentedRaftLogWorker (SegmentedRaftLogWorker.java:close(252)) - 193d77cf-0768-416f-bba4-4eb853aeaf3c@group-76068DDC8CFF-SegmentedRaftLogWorker close()
2023-09-25 17:58:11,426 [JvmPauseMonitor5] INFO  util.JvmPauseMonitor (JvmPauseMonitor.java:run(109)) - JvmPauseMonitor-193d77cf-0768-416f-bba4-4eb853aeaf3c: Stopped
2023-09-25 17:58:11,427 [1be5c5f2-a8c9-4995-9125-aff50ea2da2d-impl-thread3] INFO  segmented.SegmentedRaftLogWorker (SegmentedRaftLogWorker.java:close(252)) - 1be5c5f2-a8c9-4995-9125-aff50ea2da2d@group-7CD5F040EB7A-SegmentedRaftLogWorker close()
2023-09-25 17:58:11,461 [07de5ce2-8a0b-4f06-859c-06527793f6e4-impl-thread4] INFO  segmented.SegmentedRaftLogWorker (SegmentedRaftLogWorker.java:close(252)) - 07de5ce2-8a0b-4f06-859c-06527793f6e4@group-6A512494A955-SegmentedRaftLogWorker close()
2023-09-25 17:58:11,461 [7c2da756-7def-47bc-b4fd-fb4319f4a659-impl-thread3] INFO  segmented.SegmentedRaftLogWorker (SegmentedRaftLogWorker.java:close(252)) - 7c2da756-7def-47bc-b4fd-fb4319f4a659@group-4CC3274D98F4-SegmentedRaftLogWorker close()
2023-09-25 17:58:11,527 [547bcca7-662f-4506-ab3e-0bdf08a2cfda-impl-thread2] INFO  segmented.SegmentedRaftLogWorker (SegmentedRaftLogWorker.java:close(252)) - 547bcca7-662f-4506-ab3e-0bdf08a2cfda@group-1248E2258E1A-SegmentedRaftLogWorker close()
2023-09-25 17:58:11,527 [JvmPauseMonitor6] INFO  util.JvmPauseMonitor (JvmPauseMonitor.java:run(109)) - JvmPauseMonitor-547bcca7-662f-4506-ab3e-0bdf08a2cfda: Stopped
2023-09-25 17:58:11,649 [07de5ce2-8a0b-4f06-859c-06527793f6e4-impl-thread2] INFO  segmented.SegmentedRaftLogWorker (SegmentedRaftLogWorker.java:close(252)) - 07de5ce2-8a0b-4f06-859c-06527793f6e4@group-EF424F680CA8-SegmentedRaftLogWorker close()
2023-09-25 17:58:11,651 [7c2da756-7def-47bc-b4fd-fb4319f4a659-impl-thread2] INFO  segmented.SegmentedRaftLogWorker (SegmentedRaftLogWorker.java:close(252)) - 7c2da756-7def-47bc-b4fd-fb4319f4a659@group-EF424F680CA8-SegmentedRaftLogWorker close()
2023-09-25 17:58:11,649 [1be5c5f2-a8c9-4995-9125-aff50ea2da2d-impl-thread2] INFO  segmented.SegmentedRaftLogWorker (SegmentedRaftLogWorker.java:close(252)) - 1be5c5f2-a8c9-4995-9125-aff50ea2da2d@group-EF424F680CA8-SegmentedRaftLogWorker close()
2023-09-25 17:58:11,978 [07de5ce2-8a0b-4f06-859c-06527793f6e4-impl-thread3] INFO  segmented.SegmentedRaftLogWorker (SegmentedRaftLogWorker.java:close(252)) - 07de5ce2-8a0b-4f06-859c-06527793f6e4@group-1A0BCD27AFBC-SegmentedRaftLogWorker close()
2023-09-25 17:58:11,981 [JvmPauseMonitor3] INFO  util.JvmPauseMonitor (JvmPauseMonitor.java:run(109)) - JvmPauseMonitor-07de5ce2-8a0b-4f06-859c-06527793f6e4: Stopped
2023-09-25 17:58:11,993 [1be5c5f2-a8c9-4995-9125-aff50ea2da2d-impl-thread4] INFO  segmented.SegmentedRaftLogWorker (SegmentedRaftLogWorker.java:close(252)) - 1be5c5f2-a8c9-4995-9125-aff50ea2da2d@group-1A0BCD27AFBC-SegmentedRaftLogWorker close()
2023-09-25 17:58:11,996 [JvmPauseMonitor4] INFO  util.JvmPauseMonitor (JvmPauseMonitor.java:run(109)) - JvmPauseMonitor-1be5c5f2-a8c9-4995-9125-aff50ea2da2d: Stopped
2023-09-25 17:58:11,999 [7c2da756-7def-47bc-b4fd-fb4319f4a659-impl-thread4] INFO  segmented.SegmentedRaftLogWorker (SegmentedRaftLogWorker.java:close(252)) - 7c2da756-7def-47bc-b4fd-fb4319f4a659@group-1A0BCD27AFBC-SegmentedRaftLogWorker close()
2023-09-25 17:58:12,000 [JvmPauseMonitor2] INFO  util.JvmPauseMonitor (JvmPauseMonitor.java:run(109)) - JvmPauseMonitor-7c2da756-7def-47bc-b4fd-fb4319f4a659: Stopped
2023-09-25 17:58:13,453 [ForkJoinPool.commonPool-worker-2] INFO  utils.DatanodeStoreCache (DatanodeStoreCache.java:shutdownCache(110)) - Skip clearing cache in mini cluster mode. Entries left: [/home/runner/work/ozone/ozone/hadoop-ozone/integration-test/target/test-dir/MiniOzoneClusterImpl-932dec38-ee06-46f6-8792-0cf7b891b204/datanode-0/data-0/containers/hdds/932dec38-ee06-46f6-8792-0cf7b891b204/DS-6f91f37f-276e-41f0-88ea-37f573e851b3/container.db, /home/runner/work/ozone/ozone/hadoop-ozone/integration-test/target/test-dir/MiniOzoneClusterImpl-932dec38-ee06-46f6-8792-0cf7b891b204/datanode-1/data-0/containers/hdds/932dec38-ee06-46f6-8792-0cf7b891b204/DS-eacc89f9-828a-4c61-85a3-850bde3de534/container.db, /home/runner/work/ozone/ozone/hadoop-ozone/integration-test/target/test-dir/MiniOzoneClusterImpl-932dec38-ee06-46f6-8792-0cf7b891b204/datanode-2/data-0/containers/hdds/932dec38-ee06-46f6-8792-0cf7b891b204/DS-2c7e6064-1f76-4d58-9677-b56a72c17d7f/container.db, /home/runner/work/ozone/ozone/hadoop-ozone/integration-test/target/test-dir/MiniOzoneClusterImpl-932dec38-ee06-46f6-8792-0cf7b891b204/datanode-3/data-0/containers/hdds/932dec38-ee06-46f6-8792-0cf7b891b204/DS-3286160d-8827-43aa-abc9-4420e187b01f/container.db, /home/runner/work/ozone/ozone/hadoop-ozone/integration-test/target/test-dir/MiniOzoneClusterImpl-932dec38-ee06-46f6-8792-0cf7b891b204/datanode-4/data-0/containers/hdds/932dec38-ee06-46f6-8792-0cf7b891b204/DS-6ec6aa3e-7963-4126-a9fe-3fbe0634e13c/container.db]
2023-09-25 17:58:13,458 [ForkJoinPool.commonPool-worker-2] INFO  utils.DatanodeStoreCache (DatanodeStoreCache.java:removeDB(104)) - Removed db /home/runner/work/ozone/ozone/hadoop-ozone/integration-test/target/test-dir/MiniOzoneClusterImpl-932dec38-ee06-46f6-8792-0cf7b891b204/datanode-3/data-0/containers/hdds/932dec38-ee06-46f6-8792-0cf7b891b204/DS-3286160d-8827-43aa-abc9-4420e187b01f/container.db from cache
2023-09-25 17:58:13,458 [ForkJoinPool.commonPool-worker-2] INFO  volume.HddsVolume (HddsVolume.java:closeDbStore(453)) - SchemaV3 db is stopped at /home/runner/work/ozone/ozone/hadoop-ozone/integration-test/target/test-dir/MiniOzoneClusterImpl-932dec38-ee06-46f6-8792-0cf7b891b204/datanode-3/data-0/containers/hdds/932dec38-ee06-46f6-8792-0cf7b891b204/DS-3286160d-8827-43aa-abc9-4420e187b01f/container.db for volume DS-3286160d-8827-43aa-abc9-4420e187b01f
2023-09-25 17:58:13,459 [ForkJoinPool.commonPool-worker-2] INFO  utils.BackgroundService (BackgroundService.java:shutdown(141)) - Shutting down service BlockDeletingService
2023-09-25 17:58:13,461 [ForkJoinPool.commonPool-worker-2] INFO  utils.BackgroundService (BackgroundService.java:shutdown(141)) - Shutting down service StaleRecoveringContainerScrubbingService
2023-09-25 17:58:13,462 [ForkJoinPool.commonPool-worker-2] INFO  statemachine.DatanodeStateMachine (DatanodeStateMachine.java:stopDaemon(621)) - Ozone container server stopped.
2023-09-25 17:58:13,479 [ForkJoinPool.commonPool-worker-2] INFO  handler.ContextHandler (ContextHandler.java:doStop(1159)) - Stopped o.e.j.w.WebAppContext@25b4d4f7{hddsDatanode,/,null,STOPPED}{jar:file:/home/runner/.m2/repository/org/apache/ozone/hdds-container-service/1.4.0-SNAPSHOT/hdds-container-service-1.4.0-SNAPSHOT.jar!/webapps/hddsDatanode}
2023-09-25 17:58:13,480 [ForkJoinPool.commonPool-worker-2] INFO  server.AbstractConnector (AbstractConnector.java:doStop(383)) - Stopped ServerConnector@14e486d7{HTTP/1.1, (http/1.1)}{0.0.0.0:15036}
2023-09-25 17:58:13,481 [ForkJoinPool.commonPool-worker-2] INFO  server.session (HouseKeeper.java:stopScavenging(149)) - node0 Stopped scavenging
2023-09-25 17:58:13,482 [ForkJoinPool.commonPool-worker-2] INFO  handler.ContextHandler (ContextHandler.java:doStop(1159)) - Stopped o.e.j.s.ServletContextHandler@63d09641{static,/static,jar:file:/home/runner/.m2/repository/org/apache/ozone/hdds-container-service/1.4.0-SNAPSHOT/hdds-container-service-1.4.0-SNAPSHOT.jar!/webapps/static,STOPPED}
2023-09-25 17:58:13,483 [ForkJoinPool.commonPool-worker-2] INFO  handler.ContextHandler (ContextHandler.java:doStop(1159)) - Stopped o.e.j.s.ServletContextHandler@4718af96{logs,/logs,file:///home/runner/work/ozone/ozone/hadoop-ozone/integration-test/target/log,STOPPED}
2023-09-25 17:58:13,484 [ForkJoinPool.commonPool-worker-2] INFO  ozone.HddsDatanodeClientProtocolServer (HddsDatanodeClientProtocolServer.java:stop(78)) - Stopping the RPC server for Client Protocol
2023-09-25 17:58:13,485 [ForkJoinPool.commonPool-worker-2] INFO  ipc.Server (Server.java:stop(3523)) - Stopping server on 15037
2023-09-25 17:58:13,486 [IPC Server listener on 15037] INFO  ipc.Server (Server.java:run(1434)) - Stopping IPC Server listener on 15037
2023-09-25 17:58:13,486 [IPC Server Responder] INFO  ipc.Server (Server.java:run(1567)) - Stopping IPC Server Responder
2023-09-25 17:58:13,536 [ForkJoinPool.commonPool-worker-0] INFO  utils.DatanodeStoreCache (DatanodeStoreCache.java:shutdownCache(110)) - Skip clearing cache in mini cluster mode. Entries left: [/home/runner/work/ozone/ozone/hadoop-ozone/integration-test/target/test-dir/MiniOzoneClusterImpl-932dec38-ee06-46f6-8792-0cf7b891b204/datanode-0/data-0/containers/hdds/932dec38-ee06-46f6-8792-0cf7b891b204/DS-6f91f37f-276e-41f0-88ea-37f573e851b3/container.db, /home/runner/work/ozone/ozone/hadoop-ozone/integration-test/target/test-dir/MiniOzoneClusterImpl-932dec38-ee06-46f6-8792-0cf7b891b204/datanode-1/data-0/containers/hdds/932dec38-ee06-46f6-8792-0cf7b891b204/DS-eacc89f9-828a-4c61-85a3-850bde3de534/container.db, /home/runner/work/ozone/ozone/hadoop-ozone/integration-test/target/test-dir/MiniOzoneClusterImpl-932dec38-ee06-46f6-8792-0cf7b891b204/datanode-2/data-0/containers/hdds/932dec38-ee06-46f6-8792-0cf7b891b204/DS-2c7e6064-1f76-4d58-9677-b56a72c17d7f/container.db, /home/runner/work/ozone/ozone/hadoop-ozone/integration-test/target/test-dir/MiniOzoneClusterImpl-932dec38-ee06-46f6-8792-0cf7b891b204/datanode-4/data-0/containers/hdds/932dec38-ee06-46f6-8792-0cf7b891b204/DS-6ec6aa3e-7963-4126-a9fe-3fbe0634e13c/container.db]
2023-09-25 17:58:13,538 [ForkJoinPool.commonPool-worker-0] INFO  utils.DatanodeStoreCache (DatanodeStoreCache.java:removeDB(104)) - Removed db /home/runner/work/ozone/ozone/hadoop-ozone/integration-test/target/test-dir/MiniOzoneClusterImpl-932dec38-ee06-46f6-8792-0cf7b891b204/datanode-4/data-0/containers/hdds/932dec38-ee06-46f6-8792-0cf7b891b204/DS-6ec6aa3e-7963-4126-a9fe-3fbe0634e13c/container.db from cache
2023-09-25 17:58:13,538 [ForkJoinPool.commonPool-worker-0] INFO  volume.HddsVolume (HddsVolume.java:closeDbStore(453)) - SchemaV3 db is stopped at /home/runner/work/ozone/ozone/hadoop-ozone/integration-test/target/test-dir/MiniOzoneClusterImpl-932dec38-ee06-46f6-8792-0cf7b891b204/datanode-4/data-0/containers/hdds/932dec38-ee06-46f6-8792-0cf7b891b204/DS-6ec6aa3e-7963-4126-a9fe-3fbe0634e13c/container.db for volume DS-6ec6aa3e-7963-4126-a9fe-3fbe0634e13c
2023-09-25 17:58:13,539 [ForkJoinPool.commonPool-worker-0] INFO  utils.BackgroundService (BackgroundService.java:shutdown(141)) - Shutting down service BlockDeletingService
2023-09-25 17:58:13,540 [ForkJoinPool.commonPool-worker-0] INFO  utils.BackgroundService (BackgroundService.java:shutdown(141)) - Shutting down service StaleRecoveringContainerScrubbingService
2023-09-25 17:58:13,541 [ForkJoinPool.commonPool-worker-0] INFO  statemachine.DatanodeStateMachine (DatanodeStateMachine.java:stopDaemon(621)) - Ozone container server stopped.
2023-09-25 17:58:13,561 [ForkJoinPool.commonPool-worker-0] INFO  handler.ContextHandler (ContextHandler.java:doStop(1159)) - Stopped o.e.j.w.WebAppContext@32369404{hddsDatanode,/,null,STOPPED}{jar:file:/home/runner/.m2/repository/org/apache/ozone/hdds-container-service/1.4.0-SNAPSHOT/hdds-container-service-1.4.0-SNAPSHOT.jar!/webapps/hddsDatanode}
2023-09-25 17:58:13,561 [ForkJoinPool.commonPool-worker-0] INFO  server.AbstractConnector (AbstractConnector.java:doStop(383)) - Stopped ServerConnector@4b63e04c{HTTP/1.1, (http/1.1)}{0.0.0.0:15045}
2023-09-25 17:58:13,561 [ForkJoinPool.commonPool-worker-0] INFO  server.session (HouseKeeper.java:stopScavenging(149)) - node0 Stopped scavenging
2023-09-25 17:58:13,562 [ForkJoinPool.commonPool-worker-0] INFO  handler.ContextHandler (ContextHandler.java:doStop(1159)) - Stopped o.e.j.s.ServletContextHandler@465308b5{static,/static,jar:file:/home/runner/.m2/repository/org/apache/ozone/hdds-container-service/1.4.0-SNAPSHOT/hdds-container-service-1.4.0-SNAPSHOT.jar!/webapps/static,STOPPED}
2023-09-25 17:58:13,564 [ForkJoinPool.commonPool-worker-0] INFO  handler.ContextHandler (ContextHandler.java:doStop(1159)) - Stopped o.e.j.s.ServletContextHandler@50867236{logs,/logs,file:///home/runner/work/ozone/ozone/hadoop-ozone/integration-test/target/log,STOPPED}
2023-09-25 17:58:13,565 [ForkJoinPool.commonPool-worker-0] INFO  ozone.HddsDatanodeClientProtocolServer (HddsDatanodeClientProtocolServer.java:stop(78)) - Stopping the RPC server for Client Protocol
2023-09-25 17:58:13,566 [ForkJoinPool.commonPool-worker-0] INFO  ipc.Server (Server.java:stop(3523)) - Stopping server on 15046
2023-09-25 17:58:13,567 [IPC Server listener on 15046] INFO  ipc.Server (Server.java:run(1434)) - Stopping IPC Server listener on 15046
2023-09-25 17:58:13,567 [IPC Server Responder] INFO  ipc.Server (Server.java:run(1567)) - Stopping IPC Server Responder
2023-09-25 17:58:13,994 [ForkJoinPool.commonPool-worker-1] INFO  utils.DatanodeStoreCache (DatanodeStoreCache.java:shutdownCache(110)) - Skip clearing cache in mini cluster mode. Entries left: [/home/runner/work/ozone/ozone/hadoop-ozone/integration-test/target/test-dir/MiniOzoneClusterImpl-932dec38-ee06-46f6-8792-0cf7b891b204/datanode-0/data-0/containers/hdds/932dec38-ee06-46f6-8792-0cf7b891b204/DS-6f91f37f-276e-41f0-88ea-37f573e851b3/container.db, /home/runner/work/ozone/ozone/hadoop-ozone/integration-test/target/test-dir/MiniOzoneClusterImpl-932dec38-ee06-46f6-8792-0cf7b891b204/datanode-1/data-0/containers/hdds/932dec38-ee06-46f6-8792-0cf7b891b204/DS-eacc89f9-828a-4c61-85a3-850bde3de534/container.db, /home/runner/work/ozone/ozone/hadoop-ozone/integration-test/target/test-dir/MiniOzoneClusterImpl-932dec38-ee06-46f6-8792-0cf7b891b204/datanode-2/data-0/containers/hdds/932dec38-ee06-46f6-8792-0cf7b891b204/DS-2c7e6064-1f76-4d58-9677-b56a72c17d7f/container.db]
2023-09-25 17:58:13,997 [ForkJoinPool.commonPool-worker-1] INFO  utils.DatanodeStoreCache (DatanodeStoreCache.java:removeDB(104)) - Removed db /home/runner/work/ozone/ozone/hadoop-ozone/integration-test/target/test-dir/MiniOzoneClusterImpl-932dec38-ee06-46f6-8792-0cf7b891b204/datanode-1/data-0/containers/hdds/932dec38-ee06-46f6-8792-0cf7b891b204/DS-eacc89f9-828a-4c61-85a3-850bde3de534/container.db from cache
2023-09-25 17:58:13,997 [ForkJoinPool.commonPool-worker-1] INFO  volume.HddsVolume (HddsVolume.java:closeDbStore(453)) - SchemaV3 db is stopped at /home/runner/work/ozone/ozone/hadoop-ozone/integration-test/target/test-dir/MiniOzoneClusterImpl-932dec38-ee06-46f6-8792-0cf7b891b204/datanode-1/data-0/containers/hdds/932dec38-ee06-46f6-8792-0cf7b891b204/DS-eacc89f9-828a-4c61-85a3-850bde3de534/container.db for volume DS-eacc89f9-828a-4c61-85a3-850bde3de534
2023-09-25 17:58:13,998 [ForkJoinPool.commonPool-worker-1] INFO  utils.BackgroundService (BackgroundService.java:shutdown(141)) - Shutting down service BlockDeletingService
2023-09-25 17:58:13,999 [ForkJoinPool.commonPool-worker-1] INFO  utils.BackgroundService (BackgroundService.java:shutdown(141)) - Shutting down service StaleRecoveringContainerScrubbingService
2023-09-25 17:58:14,000 [ForkJoinPool.commonPool-worker-1] INFO  statemachine.DatanodeStateMachine (DatanodeStateMachine.java:stopDaemon(621)) - Ozone container server stopped.
2023-09-25 17:58:14,005 [main] INFO  utils.DatanodeStoreCache (DatanodeStoreCache.java:shutdownCache(110)) - Skip clearing cache in mini cluster mode. Entries left: [/home/runner/work/ozone/ozone/hadoop-ozone/integration-test/target/test-dir/MiniOzoneClusterImpl-932dec38-ee06-46f6-8792-0cf7b891b204/datanode-0/data-0/containers/hdds/932dec38-ee06-46f6-8792-0cf7b891b204/DS-6f91f37f-276e-41f0-88ea-37f573e851b3/container.db, /home/runner/work/ozone/ozone/hadoop-ozone/integration-test/target/test-dir/MiniOzoneClusterImpl-932dec38-ee06-46f6-8792-0cf7b891b204/datanode-2/data-0/containers/hdds/932dec38-ee06-46f6-8792-0cf7b891b204/DS-2c7e6064-1f76-4d58-9677-b56a72c17d7f/container.db]
2023-09-25 17:58:14,006 [main] INFO  utils.DatanodeStoreCache (DatanodeStoreCache.java:removeDB(104)) - Removed db /home/runner/work/ozone/ozone/hadoop-ozone/integration-test/target/test-dir/MiniOzoneClusterImpl-932dec38-ee06-46f6-8792-0cf7b891b204/datanode-2/data-0/containers/hdds/932dec38-ee06-46f6-8792-0cf7b891b204/DS-2c7e6064-1f76-4d58-9677-b56a72c17d7f/container.db from cache
2023-09-25 17:58:14,007 [main] INFO  volume.HddsVolume (HddsVolume.java:closeDbStore(453)) - SchemaV3 db is stopped at /home/runner/work/ozone/ozone/hadoop-ozone/integration-test/target/test-dir/MiniOzoneClusterImpl-932dec38-ee06-46f6-8792-0cf7b891b204/datanode-2/data-0/containers/hdds/932dec38-ee06-46f6-8792-0cf7b891b204/DS-2c7e6064-1f76-4d58-9677-b56a72c17d7f/container.db for volume DS-2c7e6064-1f76-4d58-9677-b56a72c17d7f
2023-09-25 17:58:14,007 [ForkJoinPool.commonPool-worker-3] INFO  utils.DatanodeStoreCache (DatanodeStoreCache.java:shutdownCache(110)) - Skip clearing cache in mini cluster mode. Entries left: [/home/runner/work/ozone/ozone/hadoop-ozone/integration-test/target/test-dir/MiniOzoneClusterImpl-932dec38-ee06-46f6-8792-0cf7b891b204/datanode-0/data-0/containers/hdds/932dec38-ee06-46f6-8792-0cf7b891b204/DS-6f91f37f-276e-41f0-88ea-37f573e851b3/container.db]
2023-09-25 17:58:14,008 [main] INFO  utils.BackgroundService (BackgroundService.java:shutdown(141)) - Shutting down service BlockDeletingService
2023-09-25 17:58:14,009 [main] INFO  utils.BackgroundService (BackgroundService.java:shutdown(141)) - Shutting down service StaleRecoveringContainerScrubbingService
2023-09-25 17:58:14,010 [ForkJoinPool.commonPool-worker-3] INFO  utils.DatanodeStoreCache (DatanodeStoreCache.java:removeDB(104)) - Removed db /home/runner/work/ozone/ozone/hadoop-ozone/integration-test/target/test-dir/MiniOzoneClusterImpl-932dec38-ee06-46f6-8792-0cf7b891b204/datanode-0/data-0/containers/hdds/932dec38-ee06-46f6-8792-0cf7b891b204/DS-6f91f37f-276e-41f0-88ea-37f573e851b3/container.db from cache
2023-09-25 17:58:14,010 [ForkJoinPool.commonPool-worker-3] INFO  volume.HddsVolume (HddsVolume.java:closeDbStore(453)) - SchemaV3 db is stopped at /home/runner/work/ozone/ozone/hadoop-ozone/integration-test/target/test-dir/MiniOzoneClusterImpl-932dec38-ee06-46f6-8792-0cf7b891b204/datanode-0/data-0/containers/hdds/932dec38-ee06-46f6-8792-0cf7b891b204/DS-6f91f37f-276e-41f0-88ea-37f573e851b3/container.db for volume DS-6f91f37f-276e-41f0-88ea-37f573e851b3
2023-09-25 17:58:14,010 [main] INFO  statemachine.DatanodeStateMachine (DatanodeStateMachine.java:stopDaemon(621)) - Ozone container server stopped.
2023-09-25 17:58:14,015 [ForkJoinPool.commonPool-worker-3] INFO  utils.BackgroundService (BackgroundService.java:shutdown(141)) - Shutting down service BlockDeletingService
2023-09-25 17:58:14,016 [ForkJoinPool.commonPool-worker-3] INFO  utils.BackgroundService (BackgroundService.java:shutdown(141)) - Shutting down service StaleRecoveringContainerScrubbingService
2023-09-25 17:58:14,017 [ForkJoinPool.commonPool-worker-3] INFO  statemachine.DatanodeStateMachine (DatanodeStateMachine.java:stopDaemon(621)) - Ozone container server stopped.
2023-09-25 17:58:14,032 [ForkJoinPool.commonPool-worker-3] INFO  handler.ContextHandler (ContextHandler.java:doStop(1159)) - Stopped o.e.j.w.WebAppContext@6ee8afd0{hddsDatanode,/,null,STOPPED}{jar:file:/home/runner/.m2/repository/org/apache/ozone/hdds-container-service/1.4.0-SNAPSHOT/hdds-container-service-1.4.0-SNAPSHOT.jar!/webapps/hddsDatanode}
2023-09-25 17:58:14,033 [ForkJoinPool.commonPool-worker-1] INFO  handler.ContextHandler (ContextHandler.java:doStop(1159)) - Stopped o.e.j.w.WebAppContext@37aeaef9{hddsDatanode,/,null,STOPPED}{jar:file:/home/runner/.m2/repository/org/apache/ozone/hdds-container-service/1.4.0-SNAPSHOT/hdds-container-service-1.4.0-SNAPSHOT.jar!/webapps/hddsDatanode}
2023-09-25 17:58:14,034 [ForkJoinPool.commonPool-worker-1] INFO  server.AbstractConnector (AbstractConnector.java:doStop(383)) - Stopped ServerConnector@75b8328d{HTTP/1.1, (http/1.1)}{0.0.0.0:15018}
2023-09-25 17:58:14,034 [ForkJoinPool.commonPool-worker-1] INFO  server.session (HouseKeeper.java:stopScavenging(149)) - node0 Stopped scavenging
2023-09-25 17:58:14,037 [ForkJoinPool.commonPool-worker-3] INFO  server.AbstractConnector (AbstractConnector.java:doStop(383)) - Stopped ServerConnector@5d16941b{HTTP/1.1, (http/1.1)}{0.0.0.0:15009}
2023-09-25 17:58:14,037 [ForkJoinPool.commonPool-worker-3] INFO  server.session (HouseKeeper.java:stopScavenging(149)) - node0 Stopped scavenging
2023-09-25 17:58:14,039 [ForkJoinPool.commonPool-worker-1] INFO  handler.ContextHandler (ContextHandler.java:doStop(1159)) - Stopped o.e.j.s.ServletContextHandler@168611e6{static,/static,jar:file:/home/runner/.m2/repository/org/apache/ozone/hdds-container-service/1.4.0-SNAPSHOT/hdds-container-service-1.4.0-SNAPSHOT.jar!/webapps/static,STOPPED}
2023-09-25 17:58:14,040 [ForkJoinPool.commonPool-worker-1] INFO  handler.ContextHandler (ContextHandler.java:doStop(1159)) - Stopped o.e.j.s.ServletContextHandler@4ab81988{logs,/logs,file:///home/runner/work/ozone/ozone/hadoop-ozone/integration-test/target/log,STOPPED}
2023-09-25 17:58:14,043 [ForkJoinPool.commonPool-worker-3] INFO  handler.ContextHandler (ContextHandler.java:doStop(1159)) - Stopped o.e.j.s.ServletContextHandler@15c98765{static,/static,jar:file:/home/runner/.m2/repository/org/apache/ozone/hdds-container-service/1.4.0-SNAPSHOT/hdds-container-service-1.4.0-SNAPSHOT.jar!/webapps/static,STOPPED}
2023-09-25 17:58:14,043 [main] INFO  handler.ContextHandler (ContextHandler.java:doStop(1159)) - Stopped o.e.j.w.WebAppContext@3d2a90af{hddsDatanode,/,null,STOPPED}{jar:file:/home/runner/.m2/repository/org/apache/ozone/hdds-container-service/1.4.0-SNAPSHOT/hdds-container-service-1.4.0-SNAPSHOT.jar!/webapps/hddsDatanode}
2023-09-25 17:58:14,044 [ForkJoinPool.commonPool-worker-3] INFO  handler.ContextHandler (ContextHandler.java:doStop(1159)) - Stopped o.e.j.s.ServletContextHandler@41fb7c4a{logs,/logs,file:///home/runner/work/ozone/ozone/hadoop-ozone/integration-test/target/log,STOPPED}
2023-09-25 17:58:14,045 [ForkJoinPool.commonPool-worker-3] INFO  ozone.HddsDatanodeClientProtocolServer (HddsDatanodeClientProtocolServer.java:stop(78)) - Stopping the RPC server for Client Protocol
2023-09-25 17:58:14,055 [ForkJoinPool.commonPool-worker-3] INFO  ipc.Server (Server.java:stop(3523)) - Stopping server on 15010
2023-09-25 17:58:14,055 [ForkJoinPool.commonPool-worker-1] INFO  ozone.HddsDatanodeClientProtocolServer (HddsDatanodeClientProtocolServer.java:stop(78)) - Stopping the RPC server for Client Protocol
2023-09-25 17:58:14,058 [main] INFO  server.AbstractConnector (AbstractConnector.java:doStop(383)) - Stopped ServerConnector@3fd8e5a4{HTTP/1.1, (http/1.1)}{0.0.0.0:15027}
2023-09-25 17:58:14,058 [main] INFO  server.session (HouseKeeper.java:stopScavenging(149)) - node0 Stopped scavenging
2023-09-25 17:58:14,058 [main] INFO  handler.ContextHandler (ContextHandler.java:doStop(1159)) - Stopped o.e.j.s.ServletContextHandler@57f16a00{static,/static,jar:file:/home/runner/.m2/repository/org/apache/ozone/hdds-container-service/1.4.0-SNAPSHOT/hdds-container-service-1.4.0-SNAPSHOT.jar!/webapps/static,STOPPED}
2023-09-25 17:58:14,058 [main] INFO  handler.ContextHandler (ContextHandler.java:doStop(1159)) - Stopped o.e.j.s.ServletContextHandler@3d8e94e0{logs,/logs,file:///home/runner/work/ozone/ozone/hadoop-ozone/integration-test/target/log,STOPPED}
2023-09-25 17:58:14,059 [IPC Server listener on 15010] INFO  ipc.Server (Server.java:run(1434)) - Stopping IPC Server listener on 15010
2023-09-25 17:58:14,059 [ForkJoinPool.commonPool-worker-1] INFO  ipc.Server (Server.java:stop(3523)) - Stopping server on 15019
2023-09-25 17:58:14,062 [main] INFO  ozone.HddsDatanodeClientProtocolServer (HddsDatanodeClientProtocolServer.java:stop(78)) - Stopping the RPC server for Client Protocol
2023-09-25 17:58:14,062 [IPC Server Responder] INFO  ipc.Server (Server.java:run(1567)) - Stopping IPC Server Responder
2023-09-25 17:58:14,062 [main] INFO  ipc.Server (Server.java:stop(3523)) - Stopping server on 15028
2023-09-25 17:58:14,065 [IPC Server listener on 15019] INFO  ipc.Server (Server.java:run(1434)) - Stopping IPC Server listener on 15019
2023-09-25 17:58:14,065 [IPC Server Responder] INFO  ipc.Server (Server.java:run(1567)) - Stopping IPC Server Responder
2023-09-25 17:58:14,072 [IPC Server listener on 15028] INFO  ipc.Server (Server.java:run(1434)) - Stopping IPC Server listener on 15028
2023-09-25 17:58:14,072 [IPC Server Responder] INFO  ipc.Server (Server.java:run(1567)) - Stopping IPC Server Responder
2023-09-25 17:58:14,073 [main] INFO  ozone.MiniOzoneClusterImpl (MiniOzoneClusterImpl.java:stopSCM(548)) - Stopping the StorageContainerManager
2023-09-25 17:58:14,073 [main] INFO  server.StorageContainerManager (StorageContainerManager.java:stop(1591)) - Container Balancer is not running.
2023-09-25 17:58:14,073 [main] INFO  server.StorageContainerManager (StorageContainerManager.java:stopReplicationManager(1724)) - Stopping Replication Manager Service.
2023-09-25 17:58:14,073 [main] INFO  replication.ReplicationManager (ReplicationManager.java:stop(323)) - Stopping Replication Monitor Thread.
2023-09-25 17:58:14,074 [Over Replicated Processor] WARN  replication.UnhealthyReplicationProcessor (UnhealthyReplicationProcessor.java:run(180)) - Over Replicated Processor interrupted. Exiting...
2023-09-25 17:58:14,074 [Under Replicated Processor] WARN  replication.UnhealthyReplicationProcessor (UnhealthyReplicationProcessor.java:run(180)) - Under Replicated Processor interrupted. Exiting...
2023-09-25 17:58:14,074 [main] INFO  server.StorageContainerManager (StorageContainerManager.java:stop(1600)) - Stopping the Datanode Admin Monitor.
2023-09-25 17:58:14,074 [ReplicationMonitor] INFO  replication.ReplicationManager (ReplicationManager.java:run(921)) - Replication Monitor Thread is stopped
2023-09-25 17:58:14,075 [main] INFO  server.StorageContainerManager (StorageContainerManager.java:stop(1607)) - Stopping datanode service RPC server
2023-09-25 17:58:14,075 [main] INFO  server.SCMDatanodeProtocolServer (SCMDatanodeProtocolServer.java:stop(424)) - Stopping the RPC server for DataNodes
2023-09-25 17:58:14,075 [main] INFO  ipc.Server (Server.java:stop(3523)) - Stopping server on 15002
2023-09-25 17:58:14,077 [IPC Server Responder] INFO  ipc.Server (Server.java:run(1567)) - Stopping IPC Server Responder
2023-09-25 17:58:14,078 [IPC Server listener on 15002] INFO  ipc.Server (Server.java:run(1434)) - Stopping IPC Server listener on 15002
2023-09-25 17:58:14,107 [SCM Heartbeat Processing Thread - 0] WARN  node.NodeStateManager (NodeStateManager.java:scheduleNextHealthCheck(874)) - Current Thread is interrupted, shutting down HB processing thread for Node Manager.
2023-09-25 17:58:14,108 [main] INFO  server.StorageContainerManager (StorageContainerManager.java:stop(1615)) - Stopping block service RPC server
2023-09-25 17:58:14,108 [main] INFO  server.SCMBlockProtocolServer (SCMBlockProtocolServer.java:stop(163)) - Stopping the RPC server for Block Protocol
2023-09-25 17:58:14,108 [main] INFO  ipc.Server (Server.java:stop(3523)) - Stopping server on 15001
2023-09-25 17:58:14,109 [IPC Server Responder] INFO  ipc.Server (Server.java:run(1567)) - Stopping IPC Server Responder
2023-09-25 17:58:14,109 [main] INFO  server.StorageContainerManager (StorageContainerManager.java:stop(1622)) - Stopping the StorageContainerLocationProtocol RPC server
2023-09-25 17:58:14,110 [main] INFO  server.SCMClientProtocolServer (SCMClientProtocolServer.java:stop(210)) - Stopping the RPC server for Client Protocol
2023-09-25 17:58:14,110 [main] INFO  ipc.Server (Server.java:stop(3523)) - Stopping server on 15000
2023-09-25 17:58:14,112 [IPC Server listener on 15000] INFO  ipc.Server (Server.java:run(1434)) - Stopping IPC Server listener on 15000
2023-09-25 17:58:14,112 [IPC Server listener on 15001] INFO  ipc.Server (Server.java:run(1434)) - Stopping IPC Server listener on 15001
2023-09-25 17:58:14,114 [IPC Server Responder] INFO  ipc.Server (Server.java:run(1567)) - Stopping IPC Server Responder
2023-09-25 17:58:14,115 [main] INFO  server.StorageContainerManager (StorageContainerManager.java:stop(1629)) - Stopping Storage Container Manager HTTP server.
2023-09-25 17:58:14,116 [main] INFO  handler.ContextHandler (ContextHandler.java:doStop(1159)) - Stopped o.e.j.w.WebAppContext@79864d6{scm,/,null,STOPPED}{file:/home/runner/work/ozone/ozone/hadoop-ozone/integration-test/target/test-classes/webapps/scm}
2023-09-25 17:58:14,119 [main] INFO  server.AbstractConnector (AbstractConnector.java:doStop(383)) - Stopped ServerConnector@21a14c45{HTTP/1.1, (http/1.1)}{0.0.0.0:15003}
2023-09-25 17:58:14,119 [main] INFO  server.session (HouseKeeper.java:stopScavenging(149)) - node0 Stopped scavenging
2023-09-25 17:58:14,119 [main] INFO  handler.ContextHandler (ContextHandler.java:doStop(1159)) - Stopped o.e.j.s.ServletContextHandler@70a984c5{static,/static,file:///home/runner/work/ozone/ozone/hadoop-ozone/integration-test/target/test-classes/webapps/static,STOPPED}
2023-09-25 17:58:14,120 [main] INFO  handler.ContextHandler (ContextHandler.java:doStop(1159)) - Stopped o.e.j.s.ServletContextHandler@77fa2dcc{logs,/logs,file:///home/runner/work/ozone/ozone/hadoop-ozone/integration-test/target/log,STOPPED}
2023-09-25 17:58:14,121 [main] INFO  server.StorageContainerManager (StorageContainerManager.java:stop(1637)) - Stopping SCM LayoutVersionManager Service.
2023-09-25 17:58:14,121 [main] INFO  server.StorageContainerManager (StorageContainerManager.java:stop(1649)) - Stopping Block Manager Service.
2023-09-25 17:58:14,121 [main] INFO  utils.BackgroundService (BackgroundService.java:shutdown(141)) - Shutting down service SCMBlockDeletingService
2023-09-25 17:58:14,121 [main] INFO  utils.BackgroundService (BackgroundService.java:shutdown(141)) - Shutting down service SCMBlockDeletingService
2023-09-25 17:58:14,122 [main] INFO  server.StorageContainerManager (StorageContainerManager.java:stop(1669)) - Stopping SCM Event Queue.
2023-09-25 17:58:14,123 [JvmPauseMonitor0] INFO  util.JvmPauseMonitor (JvmPauseMonitor.java:run(109)) - JvmPauseMonitor-50c6b267-a86a-4f90-b084-fbafedf135d2: Stopped
2023-09-25 17:58:14,124 [main] INFO  server.StorageContainerManager (StorageContainerManager.java:stop(1680)) - Stopping SCM HA services.
2023-09-25 17:58:14,124 [main] INFO  pipeline.BackgroundPipelineCreator (BackgroundPipelineCreator.java:stop(149)) - Stopping RatisPipelineUtilsThread.
2023-09-25 17:58:14,124 [RatisPipelineUtilsThread - 0] WARN  pipeline.BackgroundPipelineCreator (BackgroundPipelineCreator.java:run(180)) - RatisPipelineUtilsThread is interrupted.
2023-09-25 17:58:14,125 [BackgroundPipelineScrubberThread] WARN  BackgroundPipelineScrubber (BackgroundSCMService.java:run(115)) - BackgroundPipelineScrubber is interrupted, exit
2023-09-25 17:58:14,125 [main] INFO  BackgroundPipelineScrubber (BackgroundSCMService.java:stop(131)) - Stopping BackgroundPipelineScrubber Service.
2023-09-25 17:58:14,126 [main] INFO  impl.MetricsSystemImpl (MetricsSystemImpl.java:stop(210)) - Stopping XceiverClientMetrics metrics system...
2023-09-25 17:58:14,128 [prometheus] INFO  impl.MetricsSinkAdapter (MetricsSinkAdapter.java:publishMetricsFromQueue(141)) - prometheus thread interrupted.
2023-09-25 17:58:14,129 [main] INFO  impl.MetricsSystemImpl (MetricsSystemImpl.java:stop(216)) - XceiverClientMetrics metrics system stopped.
2023-09-25 17:58:14,130 [main] WARN  pipeline.BackgroundPipelineCreator (BackgroundPipelineCreator.java:stop(145)) - RatisPipelineUtilsThread is not running, just ignore.
2023-09-25 17:58:14,130 [main] INFO  BackgroundPipelineScrubber (BackgroundSCMService.java:stop(126)) - BackgroundPipelineScrubber Service is not running, skip stop.
2023-09-25 17:58:14,130 [main] INFO  ExpiredContainerReplicaOpScrubber (BackgroundSCMService.java:stop(131)) - Stopping ExpiredContainerReplicaOpScrubber Service.
2023-09-25 17:58:14,130 [ExpiredContainerReplicaOpScrubberThread] WARN  ExpiredContainerReplicaOpScrubber (BackgroundSCMService.java:run(115)) - ExpiredContainerReplicaOpScrubber is interrupted, exit
2023-09-25 17:58:14,130 [main] INFO  utils.BackgroundService (BackgroundService.java:shutdown(141)) - Shutting down service SCMBlockDeletingService
2023-09-25 17:58:14,131 [main] INFO  replication.ReplicationManager (ReplicationManager.java:stop(333)) - Replication Monitor Thread is not running.
2023-09-25 17:58:14,132 [main] WARN  balancer.ContainerBalancer (ContainerBalancer.java:stop(326)) - Cannot stop Container Balancer because it's not running or stopping
2023-09-25 17:58:14,132 [Lease Manager-LeaseManager#LeaseMonitor] WARN  lease.LeaseManager (LeaseManager.java:run(287)) - Lease manager is interrupted. Shutting down...
java.lang.InterruptedException
	at java.util.concurrent.locks.AbstractQueuedSynchronizer.doAcquireSharedNanos(AbstractQueuedSynchronizer.java:1039)
	at java.util.concurrent.locks.AbstractQueuedSynchronizer.tryAcquireSharedNanos(AbstractQueuedSynchronizer.java:1328)
	at java.util.concurrent.Semaphore.tryAcquire(Semaphore.java:409)
	at org.apache.hadoop.ozone.lease.LeaseManager$LeaseMonitor.run(LeaseManager.java:285)
	at java.lang.Thread.run(Thread.java:750)
2023-09-25 17:58:14,132 [main] INFO  server.StorageContainerManager (StorageContainerManager.java:stop(1715)) - Stopping SCM MetadataStore.
2023-09-25 17:58:14,261 [main] INFO  db.CodecTestUtil (CodecTestUtil.java:gc(47)) - gc 0
2023-09-25 17:58:14,993 [main] WARN  server.ServerUtils (ServerUtils.java:getScmDbDir(155)) - ozone.scm.db.dirs is not configured. We recommend adding this setting. Falling back to ozone.metadata.dirs instead.
2023-09-25 17:58:14,998 [main] WARN  server.ServerUtils (ServerUtils.java:getScmDbDir(155)) - ozone.scm.db.dirs is not configured. We recommend adding this setting. Falling back to ozone.metadata.dirs instead.
2023-09-25 17:58:14,998 [main] INFO  ha.SCMHANodeDetails (SCMHANodeDetails.java:loadSCMHAConfig(210)) - ServiceID for StorageContainerManager is null
2023-09-25 17:58:14,999 [main] INFO  ha.SCMHANodeDetails (SCMHANodeDetails.java:loadSCMHAConfig(215)) - ozone.scm.default.service.id is not defined, falling back to ozone.scm.service.ids to find serviceID for StorageContainerManager if it is HA enabled cluster
2023-09-25 17:58:14,999 [main] WARN  utils.HAUtils (HAUtils.java:getMetaDir(339)) - ozone.scm.db.dirs is not configured. We recommend adding this setting. Falling back to ozone.metadata.dirs instead.
2023-09-25 17:58:15,000 [main] WARN  db.DBStoreBuilder (DBStoreBuilder.java:applyDBDefinition(166)) - ozone.scm.db.dirs is not configured. We recommend adding this setting. Falling back to ozone.metadata.dirs instead.
2023-09-25 17:58:15,128 [main] INFO  net.NodeSchemaLoader (NodeSchemaLoader.java:loadSchemaFromFile(129)) - Loading schema from [jar:file:/home/runner/.m2/repository/org/apache/ozone/hdds-common/1.4.0-SNAPSHOT/hdds-common-1.4.0-SNAPSHOT.jar!/network-topology-default.xml]
2023-09-25 17:58:15,128 [main] INFO  net.NodeSchemaLoader (NodeSchemaLoader.java:loadSchema(176)) - Loading network topology layer schema file
2023-09-25 17:58:15,131 [main] INFO  upgrade.AbstractLayoutVersionManager (AbstractLayoutVersionManager.java:init(83)) - Initializing Layout version manager with metadata layout = HADOOP_PRC_PORTS_IN_DATANODEDETAILS (version = 7), software layout = HADOOP_PRC_PORTS_IN_DATANODEDETAILS (version = 7)
2023-09-25 17:58:15,133 [main] INFO  ha.SequenceIdGenerator (SequenceIdGenerator.java:upgradeToSequenceId(365)) - upgrade localId to 111677748019200000
2023-09-25 17:58:15,134 [main] INFO  ha.SequenceIdGenerator (SequenceIdGenerator.java:upgradeToSequenceId(375)) - upgrade delTxnId to 0
2023-09-25 17:58:15,134 [main] INFO  ha.SequenceIdGenerator (SequenceIdGenerator.java:upgradeToSequenceId(392)) - upgrade containerId to 0
2023-09-25 17:58:15,135 [main] INFO  ha.SequenceIdGenerator (SequenceIdGenerator.java:upgradeToSequenceId(428)) - upgrade rootCertificateId to 1
2023-09-25 17:58:15,135 [main] INFO  ha.SequenceIdGenerator (SequenceIdGenerator.java:<init>(236)) - Init the HA SequenceIdGenerator.
2023-09-25 17:58:15,136 [main] WARN  server.ServerUtils (ServerUtils.java:sanitizeUserArgs(80)) - ozone.scm.stale.node.interval value = 300000 is larger than max = 100000 based on the key value of ozone.scm.heartbeat.thread.interval, reset to the max value 100000.
2023-09-25 17:58:15,136 [main] WARN  server.ServerUtils (ServerUtils.java:sanitizeUserArgs(80)) - ozone.scm.stale.node.interval value = 300000 is larger than max = 100000 based on the key value of ozone.scm.heartbeat.thread.interval, reset to the max value 100000.
2023-09-25 17:58:15,136 [main] INFO  node.SCMNodeManager (SCMNodeManager.java:<init>(157)) - Entering startup safe mode.
2023-09-25 17:58:15,139 [main] INFO  algorithms.ContainerPlacementPolicyFactory (ContainerPlacementPolicyFactory.java:getPolicyInternal(86)) - Create container placement policy of type org.apache.hadoop.hdds.scm.container.placement.algorithms.SCMContainerPlacementRackAware
2023-09-25 17:58:15,140 [main] INFO  algorithms.ContainerPlacementPolicyFactory (ContainerPlacementPolicyFactory.java:getPolicyInternal(86)) - Create container placement policy of type org.apache.hadoop.hdds.scm.container.placement.algorithms.SCMContainerPlacementRackScatter
2023-09-25 17:58:15,140 [main] INFO  pipeline.PipelineStateManagerImpl (PipelineStateManagerImpl.java:initialize(78)) - No pipeline exists in current db
2023-09-25 17:58:15,140 [main] INFO  algorithms.LeaderChoosePolicyFactory (LeaderChoosePolicyFactory.java:getPolicy(57)) - Create leader choose policy of type org.apache.hadoop.hdds.scm.pipeline.leader.choose.algorithms.MinLeaderCountChoosePolicy
2023-09-25 17:58:15,140 [main] INFO  algorithms.ContainerPlacementPolicyFactory (ContainerPlacementPolicyFactory.java:getPolicyInternal(86)) - Create container placement policy of type org.apache.hadoop.hdds.scm.container.placement.algorithms.SCMContainerPlacementRackScatter
2023-09-25 17:58:15,141 [main] INFO  ha.SCMServiceManager (SCMServiceManager.java:register(42)) - Registering service BackgroundPipelineCreator.
2023-09-25 17:58:15,141 [main] INFO  pipeline.BackgroundPipelineCreator (BackgroundPipelineCreator.java:start(124)) - Starting RatisPipelineUtilsThread.
2023-09-25 17:58:15,142 [main] INFO  BackgroundPipelineScrubber (BackgroundSCMService.java:start(68)) - Starting BackgroundPipelineScrubber Service.
2023-09-25 17:58:15,142 [main] INFO  ha.SCMServiceManager (SCMServiceManager.java:register(42)) - Registering service BackgroundPipelineScrubber.
2023-09-25 17:58:15,143 [main] INFO  ExpiredContainerReplicaOpScrubber (BackgroundSCMService.java:start(68)) - Starting ExpiredContainerReplicaOpScrubber Service.
2023-09-25 17:58:15,143 [main] INFO  ha.SCMServiceManager (SCMServiceManager.java:register(42)) - Registering service ExpiredContainerReplicaOpScrubber.
2023-09-25 17:58:15,144 [main] INFO  algorithms.PipelineChoosePolicyFactory (PipelineChoosePolicyFactory.java:createPipelineChoosePolicyFromClass(78)) - Create pipeline choose policy of type org.apache.hadoop.hdds.scm.pipeline.choose.algorithms.RandomPipelineChoosePolicy
2023-09-25 17:58:15,144 [main] INFO  algorithms.PipelineChoosePolicyFactory (PipelineChoosePolicyFactory.java:createPipelineChoosePolicyFromClass(78)) - Create pipeline choose policy of type org.apache.hadoop.hdds.scm.pipeline.choose.algorithms.RandomPipelineChoosePolicy
2023-09-25 17:58:15,144 [main] INFO  ha.SCMServiceManager (SCMServiceManager.java:register(42)) - Registering service SCMBlockDeletingService.
2023-09-25 17:58:15,145 [main] INFO  replication.ReplicationManager (ReplicationManager.java:start(291)) - Starting Replication Monitor Thread.
2023-09-25 17:58:15,146 [main] INFO  ha.SCMServiceManager (SCMServiceManager.java:register(42)) - Registering service ReplicationManager.
2023-09-25 17:58:15,146 [main] INFO  safemode.ContainerSafeModeRule (ContainerSafeModeRule.java:<init>(90)) - containers with one replica threshold count 0
2023-09-25 17:58:15,147 [main] INFO  safemode.HealthyPipelineSafeModeRule (HealthyPipelineSafeModeRule.java:initializeRule(169)) - Total pipeline count is 0, healthy pipeline threshold count is 1
2023-09-25 17:58:15,147 [main] INFO  safemode.OneReplicaPipelineSafeModeRule (OneReplicaPipelineSafeModeRule.java:initializeRule(180)) - Total pipeline count is 0, pipeline's with at least one datanode reported threshold count is 0
2023-09-25 17:58:15,149 [main] INFO  server.StorageContainerManager (StorageContainerManager.java:<init>(425)) - SCM start with adminUsers: [runner]
2023-09-25 17:58:15,150 [main] INFO  ipc.CallQueueManager (CallQueueManager.java:<init>(90)) - Using callQueue: class java.util.concurrent.LinkedBlockingQueue, queueCapacity: 2000, scheduler: class org.apache.hadoop.ipc.DefaultRpcScheduler, ipcBackoff: false.
2023-09-25 17:58:15,150 [main] INFO  ipc.Server (Server.java:<init>(1287)) - Listener at 0.0.0.0:15055
2023-09-25 17:58:15,155 [Socket Reader #1 for port 15055] INFO  ipc.Server (Server.java:run(1323)) - Starting Socket Reader #1 for port 15055
2023-09-25 17:58:15,155 [ReplicationMonitor] INFO  replication.ReplicationManager (ReplicationManager.java:processAll(365)) - Replication Manager is not ready to run until 3000ms after safemode exit
2023-09-25 17:58:15,156 [main] INFO  ipc.CallQueueManager (CallQueueManager.java:<init>(90)) - Using callQueue: class java.util.concurrent.LinkedBlockingQueue, queueCapacity: 2000, scheduler: class org.apache.hadoop.ipc.DefaultRpcScheduler, ipcBackoff: false.
2023-09-25 17:58:15,157 [main] INFO  ipc.Server (Server.java:<init>(1287)) - Listener at 0.0.0.0:15054
2023-09-25 17:58:15,157 [Socket Reader #1 for port 15054] INFO  ipc.Server (Server.java:run(1323)) - Starting Socket Reader #1 for port 15054
2023-09-25 17:58:15,159 [main] INFO  ipc.CallQueueManager (CallQueueManager.java:<init>(90)) - Using callQueue: class java.util.concurrent.LinkedBlockingQueue, queueCapacity: 2000, scheduler: class org.apache.hadoop.ipc.DefaultRpcScheduler, ipcBackoff: false.
2023-09-25 17:58:15,159 [main] INFO  ipc.Server (Server.java:<init>(1287)) - Listener at 0.0.0.0:15053
2023-09-25 17:58:15,160 [Socket Reader #1 for port 15053] INFO  ipc.Server (Server.java:run(1323)) - Starting Socket Reader #1 for port 15053
2023-09-25 17:58:15,166 [main] INFO  ha.SCMServiceManager (SCMServiceManager.java:register(42)) - Registering service ContainerBalancer.
2023-09-25 17:58:15,166 [main] INFO  server.StorageContainerManager (StorageContainerManager.java:<init>(438)) - 
Container Balancer status:
Key                            Value
Running                        false
Container Balancer Configuration values:
Key                                                Value
Threshold                                          10
Max Datanodes to Involve per Iteration(percent)    20
Max Size to Move per Iteration                     500GB
Max Size Entering Target per Iteration             26GB
Max Size Leaving Source per Iteration              26GB
Number of Iterations                               10
Time Limit for Single Container's Movement         65min
Time Limit for Single Container's Replication      50min
Interval between each Iteration                    70min
Whether to Enable Network Topology                 false
Whether to Trigger Refresh Datanode Usage Info     false
Container IDs to Exclude from Balancing            None
Datanodes Specified to be Balanced                 None
Datanodes Excluded from Balancing                  None

2023-09-25 17:58:15,166 [main] INFO  ha.SCMContext (SCMContext.java:updateSafeModeStatus(228)) - Update SafeModeStatus from SafeModeStatus{safeModeStatus=true, preCheckPassed=false} to SafeModeStatus{safeModeStatus=true, preCheckPassed=false}.
2023-09-25 17:58:15,175 [main] INFO  server.StorageContainerManager (StorageContainerManager.java:start(1483)) - StorageContainerLocationProtocol RPC server is listening at /0.0.0.0:15053
2023-09-25 17:58:15,177 [main] WARN  impl.MetricsConfig (MetricsConfig.java:loadFirst(136)) - Cannot locate configuration: tried hadoop-metrics2-storagecontainermanager.properties,hadoop-metrics2.properties
2023-09-25 17:58:15,179 [main] INFO  impl.MetricsSystemImpl (MetricsSystemImpl.java:startTimer(378)) - Scheduled Metric snapshot period at 10 second(s).
2023-09-25 17:58:15,179 [main] INFO  impl.MetricsSystemImpl (MetricsSystemImpl.java:start(191)) - StorageContainerManager metrics system started
2023-09-25 17:58:15,185 [main] INFO  impl.MetricsSinkAdapter (MetricsSinkAdapter.java:start(204)) - Sink prometheus started
2023-09-25 17:58:15,190 [main] INFO  impl.MetricsSystemImpl (MetricsSystemImpl.java:registerSink(305)) - Registered sink prometheus
2023-09-25 17:58:15,237 [main] INFO  server.SCMClientProtocolServer (SCMClientProtocolServer.java:start(201)) - RPC server for Client  is listening at /0.0.0.0:15053
2023-09-25 17:58:15,239 [IPC Server Responder] INFO  ipc.Server (Server.java:run(1562)) - IPC Server Responder: starting
2023-09-25 17:58:15,241 [IPC Server listener on 15053] INFO  ipc.Server (Server.java:run(1402)) - IPC Server listener on 15053: starting
2023-09-25 17:58:15,246 [main] INFO  server.StorageContainerManager (StorageContainerManager.java:start(1496)) - ScmBlockLocationProtocol RPC server is listening at /0.0.0.0:15054
2023-09-25 17:58:15,246 [main] INFO  server.SCMBlockProtocolServer (SCMBlockProtocolServer.java:start(154)) - RPC server for Block Protocol is listening at /0.0.0.0:15054
2023-09-25 17:58:15,246 [IPC Server Responder] INFO  ipc.Server (Server.java:run(1562)) - IPC Server Responder: starting
2023-09-25 17:58:15,251 [IPC Server listener on 15054] INFO  ipc.Server (Server.java:run(1402)) - IPC Server listener on 15054: starting
2023-09-25 17:58:15,253 [main] INFO  server.SCMDatanodeProtocolServer (SCMDatanodeProtocolServer.java:start(193)) - ScmDatanodeProtocol RPC server for DataNodes is listening at /0.0.0.0:15055
2023-09-25 17:58:15,254 [IPC Server Responder] INFO  ipc.Server (Server.java:run(1562)) - IPC Server Responder: starting
2023-09-25 17:58:15,259 [IPC Server listener on 15055] INFO  ipc.Server (Server.java:run(1402)) - IPC Server listener on 15055: starting
2023-09-25 17:58:15,260 [JvmPauseMonitor7] INFO  util.JvmPauseMonitor (JvmPauseMonitor.java:run(103)) - JvmPauseMonitor-d5702389-9086-4446-8088-3e4b6e850466: Started
2023-09-25 17:58:15,262 [main] INFO  http.BaseHttpServer (BaseHttpServer.java:newHttpServer2BuilderForOzone(223)) - Starting Web-server for scm at: http://0.0.0.0:15056
2023-09-25 17:58:15,263 [main] INFO  http.BaseHttpServer (BaseHttpServer.java:<init>(110)) - Hadoop Security Enabled: false Ozone Security Enabled: false Ozone HTTP Security Enabled: false 
2023-09-25 17:58:15,264 [main] WARN  server.AuthenticationFilter (AuthenticationFilter.java:constructSecretProvider(240)) - Unable to initialize FileSignerSecretProvider, falling back to use random secrets. Reason: Could not read signature secret file: /home/runner/hadoop-http-auth-signature-secret
2023-09-25 17:58:15,265 [main] INFO  http.HttpRequestLog (HttpRequestLog.java:getRequestLog(86)) - Http request log for http.requests.scm is not defined
2023-09-25 17:58:15,270 [main] INFO  http.HttpServer2 (HttpServer2.java:addGlobalFilter(1031)) - Added global filter 'safety' (class=org.apache.hadoop.hdds.server.http.HttpServer2$QuotingInputFilter)
2023-09-25 17:58:15,271 [main] INFO  http.HttpServer2 (HttpServer2.java:addFilter(1007)) - Added filter static_user_filter (class=org.apache.hadoop.http.lib.StaticUserWebFilter$StaticUserFilter) to context scm
2023-09-25 17:58:15,271 [main] INFO  http.HttpServer2 (HttpServer2.java:addFilter(1015)) - Added filter static_user_filter (class=org.apache.hadoop.http.lib.StaticUserWebFilter$StaticUserFilter) to context static
2023-09-25 17:58:15,271 [main] INFO  http.HttpServer2 (HttpServer2.java:addFilter(1015)) - Added filter static_user_filter (class=org.apache.hadoop.http.lib.StaticUserWebFilter$StaticUserFilter) to context logs
2023-09-25 17:58:15,273 [main] INFO  http.BaseHttpServer (BaseHttpServer.java:<init>(189)) - HTTP server of scm uses base directory /home/runner/work/ozone/ozone/hadoop-ozone/integration-test/target/test-dir/MiniOzoneClusterImpl-943d6ebb-9f51-4477-b660-6e407d8e3762/ozone-meta/webserver
2023-09-25 17:58:15,273 [main] INFO  http.HttpServer2 (HttpServer2.java:bindListener(1231)) - Jetty bound to port 15056
2023-09-25 17:58:15,273 [main] INFO  server.Server (Server.java:doStart(375)) - jetty-9.4.52.v20230823; built: 2023-08-23T19:29:37.669Z; git: abdcda73818a1a2c705da276edb0bf6581e7997e; jvm 1.8.0_382-b05
2023-09-25 17:58:15,276 [main] INFO  server.session (DefaultSessionIdManager.java:doStart(334)) - DefaultSessionIdManager workerName=node0
2023-09-25 17:58:15,276 [main] INFO  server.session (DefaultSessionIdManager.java:doStart(339)) - No SessionScavenger set, using defaults
2023-09-25 17:58:15,276 [main] INFO  server.session (HouseKeeper.java:startScavenging(132)) - node0 Scavenging every 660000ms
2023-09-25 17:58:15,277 [main] INFO  handler.ContextHandler (ContextHandler.java:doStart(921)) - Started o.e.j.s.ServletContextHandler@b2240cf{logs,/logs,file:///home/runner/work/ozone/ozone/hadoop-ozone/integration-test/target/log,AVAILABLE}
2023-09-25 17:58:15,278 [main] INFO  handler.ContextHandler (ContextHandler.java:doStart(921)) - Started o.e.j.s.ServletContextHandler@54849f4c{static,/static,file:///home/runner/work/ozone/ozone/hadoop-ozone/integration-test/target/test-classes/webapps/static,AVAILABLE}
2023-09-25 17:58:15,286 [main] INFO  handler.ContextHandler (ContextHandler.java:doStart(921)) - Started o.e.j.w.WebAppContext@2bbb1040{scm,/,file:///home/runner/work/ozone/ozone/hadoop-ozone/integration-test/target/test-classes/webapps/scm/,AVAILABLE}{file:/home/runner/work/ozone/ozone/hadoop-ozone/integration-test/target/test-classes/webapps/scm}
2023-09-25 17:58:15,294 [main] INFO  server.AbstractConnector (AbstractConnector.java:doStart(333)) - Started ServerConnector@3fbab9d8{HTTP/1.1, (http/1.1)}{0.0.0.0:15056}
2023-09-25 17:58:15,294 [main] INFO  server.Server (Server.java:doStart(415)) - Started @124763ms
2023-09-25 17:58:15,294 [main] WARN  impl.MetricsSystemImpl (MetricsSystemImpl.java:register(279)) - Sink prometheus already exists!
2023-09-25 17:58:15,296 [main] INFO  http.BaseHttpServer (BaseHttpServer.java:updateConnectorAddress(354)) - HTTP server of scm listening at http://0.0.0.0:15056
2023-09-25 17:58:15,297 [main] WARN  server.ServerUtils (ServerUtils.java:getDBPath(311)) - ozone.om.db.dirs is not configured. We recommend adding this setting. Falling back to ozone.metadata.dirs instead.
2023-09-25 17:58:15,302 [main] INFO  ha.OMHANodeDetails (OMHANodeDetails.java:loadOMHAConfig(115)) - ozone.om.internal.service.id is not defined, falling back to ozone.om.service.ids to find serviceID for OzoneManager if it is HA enabled cluster
2023-09-25 17:58:15,302 [main] INFO  ha.OMHANodeDetails (OMHANodeDetails.java:loadOMHAConfig(226)) - Configuration does not have ozone.om.address set. Falling back to the default OM address /127.0.0.1:15057
2023-09-25 17:58:15,302 [main] INFO  ha.OMHANodeDetails (OMHANodeDetails.java:getOMNodeDetailsForNonHA(254)) - OM Service ID is not set. Setting it to the default ID: omServiceIdDefault
2023-09-25 17:58:15,302 [main] INFO  ha.OMHANodeDetails (OMHANodeDetails.java:getOMNodeDetailsForNonHA(261)) - OM Node ID is not set. Setting it to the default ID: om1
2023-09-25 17:58:15,302 [main] WARN  server.ServerUtils (ServerUtils.java:getDBPath(311)) - ozone.om.db.dirs is not configured. We recommend adding this setting. Falling back to ozone.metadata.dirs instead.
2023-09-25 17:58:15,304 [main] INFO  upgrade.AbstractLayoutVersionManager (AbstractLayoutVersionManager.java:init(83)) - Initializing Layout version manager with metadata layout = QUOTA (version = 6), software layout = QUOTA (version = 6)
2023-09-25 17:58:15,412 [main] INFO  reflections.Reflections (Reflections.java:scan(232)) - Reflections took 106 ms to scan 2 urls, producing 188 keys and 516 values [using 2 cores]
2023-09-25 17:58:15,412 [main] INFO  upgrade.OMLayoutVersionManager (OMLayoutVersionManager.java:lambda$0(115)) - Skipping Upgrade Action QuotaRepairUpgradeAction since it has been finalized.
2023-09-25 17:58:15,412 [main] INFO  upgrade.OMLayoutVersionManager (OMLayoutVersionManager.java:lambda$0(115)) - Skipping Upgrade Action MockOmUpgradeAction since it has been finalized.
2023-09-25 17:58:15,413 [main] WARN  server.ServerUtils (ServerUtils.java:getDBPath(311)) - ozone.om.db.dirs is not configured. We recommend adding this setting. Falling back to ozone.metadata.dirs instead.
2023-09-25 17:58:15,414 [main] INFO  proxy.SCMBlockLocationFailoverProxyProvider (SCMBlockLocationFailoverProxyProvider.java:<init>(114)) - Created block location fail-over proxy with 1 nodes: [nodeId=scmNodeId,nodeAddress=/0.0.0.0:15054]
2023-09-25 17:58:15,419 [main] INFO  proxy.SCMBlockLocationFailoverProxyProvider (SCMBlockLocationFailoverProxyProvider.java:<init>(114)) - Created block location fail-over proxy with 1 nodes: [nodeId=scmNodeId,nodeAddress=/0.0.0.0:15054]
2023-09-25 17:58:15,434 [main] INFO  om.OzoneManager (OzoneManager.java:<init>(665)) - OM start with adminUsers: [runner]
2023-09-25 17:58:15,436 [main] WARN  server.ServerUtils (ServerUtils.java:getDBPath(311)) - ozone.om.db.dirs is not configured. We recommend adding this setting. Falling back to ozone.metadata.dirs instead.
2023-09-25 17:58:15,437 [main] INFO  helpers.OmKeyInfo (OmKeyInfo.java:getCodec(71)) - OmKeyInfo.getCodec ignorePipeline = true
2023-09-25 17:58:15,679 [main] INFO  om.OzoneManager (OzoneManager.java:instantiateServices(794)) - S3 Multi-Tenancy is disabled
2023-09-25 17:58:15,680 [main] INFO  om.OmSnapshotManager (OmSnapshotManager.java:<init>(174)) - Ozone filesystem snapshot feature is enabled.
2023-09-25 17:58:15,680 [main] WARN  server.ServerUtils (ServerUtils.java:getDBPath(311)) - ozone.om.snapshot.diff.db.dir is not configured. We recommend adding this setting. Falling back to ozone.metadata.dirs instead.
2023-09-25 17:58:15,707 [main] INFO  snapshot.SnapshotDiffManager (SnapshotDiffManager.java:closeExecutorService(1718)) - Shutting down executorService: 'SstDumpToolExecutor'
2023-09-25 17:58:15,709 [main] INFO  om.OzoneManager (OzoneManager.java:addS3GVolumeToDB(4305)) - Created Volume s3v With Owner runner required for S3Gateway operations.
2023-09-25 17:58:15,709 [main] INFO  om.OzoneManager (OzoneManager.java:getRpcServer(1196)) - Creating RPC Server
2023-09-25 17:58:16,152 [main] INFO  reflections.Reflections (Reflections.java:scan(232)) - Reflections took 441 ms to scan 20 urls, producing 71 keys and 6029 values [using 2 cores]
2023-09-25 17:58:16,154 [main] INFO  ipc.CallQueueManager (CallQueueManager.java:<init>(90)) - Using callQueue: class java.util.concurrent.LinkedBlockingQueue, queueCapacity: 2000, scheduler: class org.apache.hadoop.ipc.DefaultRpcScheduler, ipcBackoff: false.
2023-09-25 17:58:16,154 [main] INFO  ipc.Server (Server.java:<init>(1287)) - Listener at 127.0.0.1:15057
2023-09-25 17:58:16,163 [Socket Reader #1 for port 15057] INFO  ipc.Server (Server.java:run(1323)) - Starting Socket Reader #1 for port 15057
2023-09-25 17:58:16,197 [main] INFO  impl.MetricsSystemImpl (MetricsSystemImpl.java:init(158)) - OzoneManager metrics system started (again)
2023-09-25 17:58:16,209 [main] INFO  om.OzoneManager (OzoneManager.java:start(1633)) - OzoneManager RPC server is listening at localhost/127.0.0.1:15057
2023-09-25 17:58:16,210 [main] INFO  om.OzoneManager (OzoneManager.java:start(1649)) - Version File has different layout version (6) than OM DB (null). That is expected if this OM has never been finalized to a newer layout version.
2023-09-25 17:58:16,227 [main] INFO  http.BaseHttpServer (BaseHttpServer.java:newHttpServer2BuilderForOzone(223)) - Starting Web-server for ozoneManager at: http://0.0.0.0:15058
2023-09-25 17:58:16,227 [main] INFO  http.BaseHttpServer (BaseHttpServer.java:<init>(110)) - Hadoop Security Enabled: false Ozone Security Enabled: false Ozone HTTP Security Enabled: false 
2023-09-25 17:58:16,228 [main] WARN  server.AuthenticationFilter (AuthenticationFilter.java:constructSecretProvider(240)) - Unable to initialize FileSignerSecretProvider, falling back to use random secrets. Reason: Could not read signature secret file: /home/runner/hadoop-http-auth-signature-secret
2023-09-25 17:58:16,233 [main] INFO  http.HttpRequestLog (HttpRequestLog.java:getRequestLog(86)) - Http request log for http.requests.ozoneManager is not defined
2023-09-25 17:58:16,238 [main] INFO  http.HttpServer2 (HttpServer2.java:addGlobalFilter(1031)) - Added global filter 'safety' (class=org.apache.hadoop.hdds.server.http.HttpServer2$QuotingInputFilter)
2023-09-25 17:58:16,238 [main] INFO  http.HttpServer2 (HttpServer2.java:addFilter(1007)) - Added filter static_user_filter (class=org.apache.hadoop.http.lib.StaticUserWebFilter$StaticUserFilter) to context ozoneManager
2023-09-25 17:58:16,238 [main] INFO  http.HttpServer2 (HttpServer2.java:addFilter(1015)) - Added filter static_user_filter (class=org.apache.hadoop.http.lib.StaticUserWebFilter$StaticUserFilter) to context static
2023-09-25 17:58:16,239 [main] INFO  http.HttpServer2 (HttpServer2.java:addFilter(1015)) - Added filter static_user_filter (class=org.apache.hadoop.http.lib.StaticUserWebFilter$StaticUserFilter) to context logs
2023-09-25 17:58:16,239 [main] INFO  http.BaseHttpServer (BaseHttpServer.java:<init>(189)) - HTTP server of ozoneManager uses base directory /home/runner/work/ozone/ozone/hadoop-ozone/integration-test/target/test-dir/MiniOzoneClusterImpl-943d6ebb-9f51-4477-b660-6e407d8e3762/ozone-meta/webserver
2023-09-25 17:58:16,240 [main] INFO  http.HttpServer2 (HttpServer2.java:bindListener(1231)) - Jetty bound to port 15058
2023-09-25 17:58:16,241 [main] INFO  server.Server (Server.java:doStart(375)) - jetty-9.4.52.v20230823; built: 2023-08-23T19:29:37.669Z; git: abdcda73818a1a2c705da276edb0bf6581e7997e; jvm 1.8.0_382-b05
2023-09-25 17:58:16,244 [main] INFO  server.session (DefaultSessionIdManager.java:doStart(334)) - DefaultSessionIdManager workerName=node0
2023-09-25 17:58:16,244 [main] INFO  server.session (DefaultSessionIdManager.java:doStart(339)) - No SessionScavenger set, using defaults
2023-09-25 17:58:16,244 [main] INFO  server.session (HouseKeeper.java:startScavenging(132)) - node0 Scavenging every 660000ms
2023-09-25 17:58:16,249 [main] INFO  handler.ContextHandler (ContextHandler.java:doStart(921)) - Started o.e.j.s.ServletContextHandler@4ef955e5{logs,/logs,file:///home/runner/work/ozone/ozone/hadoop-ozone/integration-test/target/log,AVAILABLE}
2023-09-25 17:58:16,249 [main] INFO  handler.ContextHandler (ContextHandler.java:doStart(921)) - Started o.e.j.s.ServletContextHandler@6817304{static,/static,file:///home/runner/work/ozone/ozone/hadoop-ozone/integration-test/target/test-classes/webapps/static,AVAILABLE}
2023-09-25 17:58:16,253 [main] INFO  handler.ContextHandler (ContextHandler.java:doStart(921)) - Started o.e.j.w.WebAppContext@1e88664d{ozoneManager,/,file:///home/runner/work/ozone/ozone/hadoop-ozone/integration-test/target/test-classes/webapps/ozoneManager/,AVAILABLE}{file:/home/runner/work/ozone/ozone/hadoop-ozone/integration-test/target/test-classes/webapps/ozoneManager}
2023-09-25 17:58:16,254 [main] INFO  server.AbstractConnector (AbstractConnector.java:doStart(333)) - Started ServerConnector@6984476d{HTTP/1.1, (http/1.1)}{0.0.0.0:15058}
2023-09-25 17:58:16,254 [main] INFO  server.Server (Server.java:doStart(415)) - Started @125723ms
2023-09-25 17:58:16,255 [main] WARN  impl.MetricsSystemImpl (MetricsSystemImpl.java:register(279)) - Sink prometheus already exists!
2023-09-25 17:58:16,255 [main] INFO  http.BaseHttpServer (BaseHttpServer.java:updateConnectorAddress(354)) - HTTP server of ozoneManager listening at http://0.0.0.0:15058
2023-09-25 17:58:16,256 [IPC Server Responder] INFO  ipc.Server (Server.java:run(1562)) - IPC Server Responder: starting
2023-09-25 17:58:16,263 [IPC Server listener on 15057] INFO  ipc.Server (Server.java:run(1402)) - IPC Server listener on 15057: starting
2023-09-25 17:58:16,265 [main] INFO  om.TrashPolicyOzone (TrashPolicyOzone.java:<init>(281)) - Ozone Manager trash configuration: Deletion interval = 0 minutes, Emptier interval = 0 minutes.
2023-09-25 17:58:16,275 [JvmPauseMonitor8] INFO  util.JvmPauseMonitor (JvmPauseMonitor.java:run(103)) - JvmPauseMonitor-8c8bd423-fc0f-467b-aab2-d5e42165c8a9: Started
2023-09-25 17:58:16,305 [main] INFO  impl.MetricsSystemImpl (MetricsSystemImpl.java:init(158)) - HddsDatanode metrics system started (again)
2023-09-25 17:58:16,319 [main] INFO  ozone.HddsDatanodeService (HddsDatanodeService.java:start(237)) - HddsDatanodeService host:fv-az249-861 ip:10.1.0.144
2023-09-25 17:58:16,345 [main] INFO  upgrade.AbstractLayoutVersionManager (AbstractLayoutVersionManager.java:init(83)) - Initializing Layout version manager with metadata layout = HADOOP_PRC_PORTS_IN_DATANODEDETAILS (version = 7), software layout = HADOOP_PRC_PORTS_IN_DATANODEDETAILS (version = 7)
2023-09-25 17:58:16,349 [main] INFO  statemachine.DatanodeStateMachine (DatanodeStateMachine.java:getEndPointTaskThreadPoolSize(283)) - Datanode State Machine Task Thread Pool size 2
2023-09-25 17:58:16,353 [main] INFO  volume.HddsVolume (HddsVolume.java:<init>(126)) - Creating HddsVolume: /home/runner/work/ozone/ozone/hadoop-ozone/integration-test/target/test-dir/MiniOzoneClusterImpl-943d6ebb-9f51-4477-b660-6e407d8e3762/datanode-0/data-0/containers/hdds of storage type : DISK capacity : 9223372036854775807
2023-09-25 17:58:16,353 [main] INFO  volume.MutableVolumeSet (MutableVolumeSet.java:initializeVolumeSet(173)) - Added Volume : /home/runner/work/ozone/ozone/hadoop-ozone/integration-test/target/test-dir/MiniOzoneClusterImpl-943d6ebb-9f51-4477-b660-6e407d8e3762/datanode-0/data-0/containers/hdds to VolumeSet
2023-09-25 17:58:16,354 [main] INFO  volume.MutableVolumeSet (MutableVolumeSet.java:initializeVolumeSet(173)) - Added Volume : /home/runner/work/ozone/ozone/hadoop-ozone/integration-test/target/test-dir/MiniOzoneClusterImpl-943d6ebb-9f51-4477-b660-6e407d8e3762/datanode-0/data/ratis to VolumeSet
2023-09-25 17:58:16,360 [Thread-1866] INFO  ozoneimpl.ContainerReader (ContainerReader.java:readVolume(177)) - Finish verifying containers on volume /home/runner/work/ozone/ozone/hadoop-ozone/integration-test/target/test-dir/MiniOzoneClusterImpl-943d6ebb-9f51-4477-b660-6e407d8e3762/datanode-0/data-0/containers/hdds
2023-09-25 17:58:16,360 [main] INFO  ozoneimpl.OzoneContainer (OzoneContainer.java:buildContainerSet(314)) - Build ContainerSet costs 0s
2023-09-25 17:58:16,366 [main] INFO  server.RaftServer (ConfUtils.java:logGet(46)) - raft.rpc.type = GRPC (default)
2023-09-25 17:58:16,367 [main] INFO  grpc.GrpcConfigKeys (ConfUtils.java:logFallback(53)) - raft.grpc.admin.host = null (fallback to raft.grpc.server.host)
2023-09-25 17:58:16,368 [main] INFO  grpc.GrpcConfigKeys (ConfUtils.java:logGet(46)) - raft.grpc.admin.port = 15066 (custom)
2023-09-25 17:58:16,368 [main] INFO  grpc.GrpcConfigKeys (ConfUtils.java:logFallback(53)) - raft.grpc.client.host = null (fallback to raft.grpc.server.host)
2023-09-25 17:58:16,368 [main] INFO  grpc.GrpcConfigKeys (ConfUtils.java:logGet(46)) - raft.grpc.client.port = 15065 (custom)
2023-09-25 17:58:16,369 [main] INFO  grpc.GrpcConfigKeys (ConfUtils.java:logGet(46)) - raft.grpc.server.host = null (default)
2023-09-25 17:58:16,369 [main] INFO  grpc.GrpcConfigKeys (ConfUtils.java:logGet(46)) - raft.grpc.server.port = 15067 (custom)
2023-09-25 17:58:16,369 [main] INFO  server.GrpcService (ConfUtils.java:logGet(46)) - raft.grpc.message.size.max = 32MB (=33554432) (custom)
2023-09-25 17:58:16,369 [main] INFO  server.RaftServerConfigKeys (ConfUtils.java:logGet(46)) - raft.server.log.appender.buffer.byte-limit = 33554432 (custom)
2023-09-25 17:58:16,369 [main] INFO  server.GrpcService (ConfUtils.java:logGet(46)) - raft.grpc.flow.control.window = 5MB (=5242880) (custom)
2023-09-25 17:58:16,370 [main] INFO  server.RaftServerConfigKeys (ConfUtils.java:logGet(46)) - raft.server.rpc.request.timeout = 60s (custom)
2023-09-25 17:58:16,370 [main] INFO  grpc.GrpcConfigKeys (ConfUtils.java:logGet(46)) - raft.grpc.server.heartbeat.channel = true (default)
2023-09-25 17:58:16,370 [main] INFO  grpc.GrpcConfigKeys (ConfUtils.java:logGet(46)) - raft.grpc.server.async.request.thread.pool.cached = true (default)
2023-09-25 17:58:16,370 [main] INFO  grpc.GrpcConfigKeys (ConfUtils.java:logGet(46)) - raft.grpc.server.async.request.thread.pool.size = 32 (default)
2023-09-25 17:58:16,374 [main] INFO  impl.DataStreamServerImpl (ConfUtils.java:logGet(46)) - raft.datastream.type = NETTY (custom)
2023-09-25 17:58:16,374 [main] INFO  server.RaftServerConfigKeys (ConfUtils.java:logGet(46)) - raft.server.data-stream.async.request.thread.pool.cached = false (default)
2023-09-25 17:58:16,374 [main] INFO  server.RaftServerConfigKeys (ConfUtils.java:logGet(46)) - raft.server.data-stream.async.request.thread.pool.size = 20 (custom)
2023-09-25 17:58:16,375 [main] INFO  server.RaftServerConfigKeys (ConfUtils.java:logGet(46)) - raft.server.data-stream.async.write.thread.pool.size = 16 (default)
2023-09-25 17:58:16,375 [main] INFO  server.RaftServerConfigKeys (ConfUtils.java:logGet(46)) - raft.server.data-stream.client.pool.size = 10 (default)
2023-09-25 17:58:16,375 [main] INFO  netty.NettyConfigKeys$DataStream (ConfUtils.java:logGet(46)) - raft.netty.dataStream.server.use-epoll = false (default)
2023-09-25 17:58:16,375 [main] INFO  netty.NettyConfigKeys$DataStream (ConfUtils.java:logGet(46)) - raft.netty.dataStream.server.boss-group.size = 0 (default)
2023-09-25 17:58:16,376 [main] INFO  netty.NettyConfigKeys$DataStream (ConfUtils.java:logGet(46)) - raft.netty.dataStream.server.worker-group.size = 0 (default)
2023-09-25 17:58:16,376 [main] INFO  netty.NettyConfigKeys$DataStream (ConfUtils.java:logGet(46)) - raft.netty.dataStream.server.tls.conf = null (default)
2023-09-25 17:58:16,377 [main] INFO  netty.NettyConfigKeys$DataStream (ConfUtils.java:logGet(46)) - raft.netty.dataStream.host = null (default)
2023-09-25 17:58:16,377 [main] INFO  netty.NettyConfigKeys$DataStream (ConfUtils.java:logGet(46)) - raft.netty.dataStream.port = 15068 (custom)
2023-09-25 17:58:16,377 [main] INFO  server.RaftServerConfigKeys (ConfUtils.java:logGet(46)) - raft.server.threadpool.proxy.cached = true (default)
2023-09-25 17:58:16,377 [main] INFO  server.RaftServerConfigKeys (ConfUtils.java:logGet(46)) - raft.server.threadpool.proxy.size = 0 (default)
2023-09-25 17:58:16,378 [main] INFO  server.RaftServerConfigKeys (ConfUtils.java:logGet(46)) - raft.server.rpc.slowness.timeout = 300s (custom)
2023-09-25 17:58:16,378 [main] INFO  server.RaftServerConfigKeys (ConfUtils.java:logGet(46)) - raft.server.leaderelection.leader.step-down.wait-time = 10s (default)
2023-09-25 17:58:16,378 [main] INFO  server.RaftServerConfigKeys (ConfUtils.java:logGet(46)) - raft.server.storage.dir = [/home/runner/work/ozone/ozone/hadoop-ozone/integration-test/target/test-dir/MiniOzoneClusterImpl-943d6ebb-9f51-4477-b660-6e407d8e3762/datanode-0/data/ratis] (custom)
2023-09-25 17:58:16,379 [75134425-efac-405c-8d5e-f2090f4ad075-impl-thread1] INFO  server.RaftServer (RaftServerProxy.java:initGroupDir(258)) - 75134425-efac-405c-8d5e-f2090f4ad075: found a subdirectory /home/runner/work/ozone/ozone/hadoop-ozone/integration-test/target/test-dir/MiniOzoneClusterImpl-943d6ebb-9f51-4477-b660-6e407d8e3762/datanode-0/data/ratis/tmp
2023-09-25 17:58:16,379 [75134425-efac-405c-8d5e-f2090f4ad075-impl-thread1] INFO  server.RaftServer (RaftServerProxy.java:initGroupDir(263)) - 75134425-efac-405c-8d5e-f2090f4ad075: The directory /home/runner/work/ozone/ozone/hadoop-ozone/integration-test/target/test-dir/MiniOzoneClusterImpl-943d6ebb-9f51-4477-b660-6e407d8e3762/datanode-0/data/ratis/tmp is not a group directory; ignoring it. 
2023-09-25 17:58:16,379 [main] INFO  replication.ReplicationServer (ReplicationServer.java:<init>(83)) - Initializing replication server with thread count = 10 queue length = 4096
2023-09-25 17:58:16,380 [75134425-efac-405c-8d5e-f2090f4ad075-NettyServerStreamRpc-bossGroup--thread1] INFO  logging.LoggingHandler (AbstractInternalLogger.java:log(148)) - [id: 0x8ac643bd] REGISTERED
2023-09-25 17:58:16,380 [75134425-efac-405c-8d5e-f2090f4ad075-NettyServerStreamRpc-bossGroup--thread1] INFO  logging.LoggingHandler (AbstractInternalLogger.java:log(148)) - [id: 0x8ac643bd] BIND: 0.0.0.0/0.0.0.0:15068
2023-09-25 17:58:16,380 [main] INFO  server.XceiverServerGrpc (XceiverServerGrpc.java:<init>(132)) - GrpcServer channel type EpollServerSocketChannel
2023-09-25 17:58:16,381 [75134425-efac-405c-8d5e-f2090f4ad075-NettyServerStreamRpc-bossGroup--thread1] INFO  logging.LoggingHandler (AbstractInternalLogger.java:log(148)) - [id: 0x8ac643bd, L:/0:0:0:0:0:0:0:0:15068] ACTIVE
2023-09-25 17:58:16,382 [main] INFO  replication.ReplicationSupervisor (ReplicationSupervisor.java:build(155)) - Initializing replication supervisor with thread count = 10
2023-09-25 17:58:16,382 [main] INFO  replication.ReplicationSupervisor (ReplicationSupervisor.java:nodeStateUpdated(307)) - Node state updated to IN_SERVICE, scaling executor pool size to 10
2023-09-25 17:58:16,387 [main] INFO  http.BaseHttpServer (BaseHttpServer.java:newHttpServer2BuilderForOzone(223)) - Starting Web-server for hddsDatanode at: http://0.0.0.0:15062
2023-09-25 17:58:16,387 [main] INFO  http.BaseHttpServer (BaseHttpServer.java:<init>(110)) - Hadoop Security Enabled: false Ozone Security Enabled: false Ozone HTTP Security Enabled: false 
2023-09-25 17:58:16,388 [main] WARN  server.AuthenticationFilter (AuthenticationFilter.java:constructSecretProvider(240)) - Unable to initialize FileSignerSecretProvider, falling back to use random secrets. Reason: Could not read signature secret file: /home/runner/hadoop-http-auth-signature-secret
2023-09-25 17:58:16,389 [main] INFO  http.HttpRequestLog (HttpRequestLog.java:getRequestLog(86)) - Http request log for http.requests.hddsDatanode is not defined
2023-09-25 17:58:16,390 [main] INFO  http.HttpServer2 (HttpServer2.java:addGlobalFilter(1031)) - Added global filter 'safety' (class=org.apache.hadoop.hdds.server.http.HttpServer2$QuotingInputFilter)
2023-09-25 17:58:16,391 [main] INFO  http.HttpServer2 (HttpServer2.java:addFilter(1007)) - Added filter static_user_filter (class=org.apache.hadoop.http.lib.StaticUserWebFilter$StaticUserFilter) to context hddsDatanode
2023-09-25 17:58:16,391 [main] INFO  http.HttpServer2 (HttpServer2.java:addFilter(1015)) - Added filter static_user_filter (class=org.apache.hadoop.http.lib.StaticUserWebFilter$StaticUserFilter) to context static
2023-09-25 17:58:16,391 [main] INFO  http.HttpServer2 (HttpServer2.java:addFilter(1015)) - Added filter static_user_filter (class=org.apache.hadoop.http.lib.StaticUserWebFilter$StaticUserFilter) to context logs
2023-09-25 17:58:16,392 [main] INFO  http.BaseHttpServer (BaseHttpServer.java:<init>(189)) - HTTP server of hddsDatanode uses base directory /home/runner/work/ozone/ozone/hadoop-ozone/integration-test/target/test-dir/MiniOzoneClusterImpl-943d6ebb-9f51-4477-b660-6e407d8e3762/datanode-0/meta/webserver
2023-09-25 17:58:16,392 [main] INFO  http.HttpServer2 (HttpServer2.java:bindListener(1231)) - Jetty bound to port 15062
2023-09-25 17:58:16,392 [main] INFO  server.Server (Server.java:doStart(375)) - jetty-9.4.52.v20230823; built: 2023-08-23T19:29:37.669Z; git: abdcda73818a1a2c705da276edb0bf6581e7997e; jvm 1.8.0_382-b05
2023-09-25 17:58:16,394 [main] INFO  server.session (DefaultSessionIdManager.java:doStart(334)) - DefaultSessionIdManager workerName=node0
2023-09-25 17:58:16,394 [main] INFO  server.session (DefaultSessionIdManager.java:doStart(339)) - No SessionScavenger set, using defaults
2023-09-25 17:58:16,395 [main] INFO  server.session (HouseKeeper.java:startScavenging(132)) - node0 Scavenging every 600000ms
2023-09-25 17:58:16,395 [main] INFO  handler.ContextHandler (ContextHandler.java:doStart(921)) - Started o.e.j.s.ServletContextHandler@5818794a{logs,/logs,file:///home/runner/work/ozone/ozone/hadoop-ozone/integration-test/target/log,AVAILABLE}
2023-09-25 17:58:16,396 [main] INFO  handler.ContextHandler (ContextHandler.java:doStart(921)) - Started o.e.j.s.ServletContextHandler@21f67596{static,/static,jar:file:/home/runner/.m2/repository/org/apache/ozone/hdds-container-service/1.4.0-SNAPSHOT/hdds-container-service-1.4.0-SNAPSHOT.jar!/webapps/static,AVAILABLE}
2023-09-25 17:58:16,627 [main] INFO  handler.ContextHandler (ContextHandler.java:doStart(921)) - Started o.e.j.w.WebAppContext@50d6c88{hddsDatanode,/,file:///home/runner/work/ozone/ozone/hadoop-ozone/integration-test/target/test-dir/MiniOzoneClusterImpl-943d6ebb-9f51-4477-b660-6e407d8e3762/datanode-0/meta/webserver/jetty-0_0_0_0-15062-hdds-container-service-1_4_0-SNAPSHOT_jar-_-any-5143135919756803193/webapp/,AVAILABLE}{jar:file:/home/runner/.m2/repository/org/apache/ozone/hdds-container-service/1.4.0-SNAPSHOT/hdds-container-service-1.4.0-SNAPSHOT.jar!/webapps/hddsDatanode}
2023-09-25 17:58:16,629 [main] INFO  server.AbstractConnector (AbstractConnector.java:doStart(333)) - Started ServerConnector@4115249{HTTP/1.1, (http/1.1)}{0.0.0.0:15062}
2023-09-25 17:58:16,629 [main] INFO  server.Server (Server.java:doStart(415)) - Started @126098ms
2023-09-25 17:58:16,629 [main] WARN  impl.MetricsSystemImpl (MetricsSystemImpl.java:register(279)) - Sink prometheus already exists!
2023-09-25 17:58:16,630 [main] INFO  http.BaseHttpServer (BaseHttpServer.java:updateConnectorAddress(354)) - HTTP server of hddsDatanode listening at http://0.0.0.0:15062
2023-09-25 17:58:16,631 [main] INFO  ipc.CallQueueManager (CallQueueManager.java:<init>(90)) - Using callQueue: class java.util.concurrent.LinkedBlockingQueue, queueCapacity: 100, scheduler: class org.apache.hadoop.ipc.DefaultRpcScheduler, ipcBackoff: false.
2023-09-25 17:58:16,631 [main] INFO  ipc.Server (Server.java:<init>(1287)) - Listener at 0.0.0.0:15063
2023-09-25 17:58:16,632 [Socket Reader #1 for port 15063] INFO  ipc.Server (Server.java:run(1323)) - Starting Socket Reader #1 for port 15063
2023-09-25 17:58:16,635 [main] INFO  ozone.HddsDatanodeService (HddsDatanodeService.java:start(315)) - Datanode start with admins: [runner]
2023-09-25 17:58:16,636 [main] INFO  ozone.HddsDatanodeClientProtocolServer (HddsDatanodeClientProtocolServer.java:start(72)) - RPC server for Client /0.0.0.0:15063
2023-09-25 17:58:16,636 [IPC Server Responder] INFO  ipc.Server (Server.java:run(1562)) - IPC Server Responder: starting
2023-09-25 17:58:16,636 [IPC Server listener on 15063] INFO  ipc.Server (Server.java:run(1402)) - IPC Server listener on 15063: starting
2023-09-25 17:58:16,636 [Datanode State Machine Daemon Thread] INFO  statemachine.DatanodeStateMachine (DatanodeStateMachine.java:lambda$startDaemon$0(539)) - Ozone container server started.
2023-09-25 17:58:16,637 [main] WARN  impl.MetricRegistriesImpl (MetricRegistriesImpl.java:addReporterRegistration(111)) - New reporters are added after registries were created. Some metrics will be missing from the reporter. Please add reporter before adding any new registry.
2023-09-25 17:58:16,637 [main] WARN  impl.MetricRegistriesImpl (MetricRegistriesImpl.java:addReporterRegistration(111)) - New reporters are added after registries were created. Some metrics will be missing from the reporter. Please add reporter before adding any new registry.
2023-09-25 17:58:16,637 [main] INFO  impl.MetricsSystemImpl (MetricsSystemImpl.java:init(158)) - HddsDatanode metrics system started (again)
2023-09-25 17:58:16,661 [main] INFO  ozone.HddsDatanodeService (HddsDatanodeService.java:start(237)) - HddsDatanodeService host:fv-az249-861 ip:10.1.0.144
2023-09-25 17:58:16,666 [Datanode State Machine Task Thread - 0] INFO  datanode.InitDatanodeState (InitDatanodeState.java:persistContainerDatanodeDetails(138)) - DatanodeDetails is persisted to /home/runner/work/ozone/ozone/hadoop-ozone/integration-test/target/test-dir/MiniOzoneClusterImpl-943d6ebb-9f51-4477-b660-6e407d8e3762/datanode-0/meta/datanode.id
2023-09-25 17:58:16,691 [main] INFO  upgrade.AbstractLayoutVersionManager (AbstractLayoutVersionManager.java:init(83)) - Initializing Layout version manager with metadata layout = HADOOP_PRC_PORTS_IN_DATANODEDETAILS (version = 7), software layout = HADOOP_PRC_PORTS_IN_DATANODEDETAILS (version = 7)
2023-09-25 17:58:16,692 [main] INFO  statemachine.DatanodeStateMachine (DatanodeStateMachine.java:getEndPointTaskThreadPoolSize(283)) - Datanode State Machine Task Thread Pool size 2
2023-09-25 17:58:16,695 [main] INFO  volume.HddsVolume (HddsVolume.java:<init>(126)) - Creating HddsVolume: /home/runner/work/ozone/ozone/hadoop-ozone/integration-test/target/test-dir/MiniOzoneClusterImpl-943d6ebb-9f51-4477-b660-6e407d8e3762/datanode-1/data-0/containers/hdds of storage type : DISK capacity : 9223372036854775807
2023-09-25 17:58:16,695 [main] INFO  volume.MutableVolumeSet (MutableVolumeSet.java:initializeVolumeSet(173)) - Added Volume : /home/runner/work/ozone/ozone/hadoop-ozone/integration-test/target/test-dir/MiniOzoneClusterImpl-943d6ebb-9f51-4477-b660-6e407d8e3762/datanode-1/data-0/containers/hdds to VolumeSet
2023-09-25 17:58:16,696 [main] INFO  volume.MutableVolumeSet (MutableVolumeSet.java:initializeVolumeSet(173)) - Added Volume : /home/runner/work/ozone/ozone/hadoop-ozone/integration-test/target/test-dir/MiniOzoneClusterImpl-943d6ebb-9f51-4477-b660-6e407d8e3762/datanode-1/data/ratis to VolumeSet
2023-09-25 17:58:16,699 [Thread-1883] INFO  ozoneimpl.ContainerReader (ContainerReader.java:readVolume(177)) - Finish verifying containers on volume /home/runner/work/ozone/ozone/hadoop-ozone/integration-test/target/test-dir/MiniOzoneClusterImpl-943d6ebb-9f51-4477-b660-6e407d8e3762/datanode-1/data-0/containers/hdds
2023-09-25 17:58:16,699 [main] INFO  ozoneimpl.OzoneContainer (OzoneContainer.java:buildContainerSet(314)) - Build ContainerSet costs 0s
2023-09-25 17:58:16,702 [main] INFO  server.RaftServer (ConfUtils.java:logGet(46)) - raft.rpc.type = GRPC (default)
2023-09-25 17:58:16,702 [main] INFO  grpc.GrpcConfigKeys (ConfUtils.java:logFallback(53)) - raft.grpc.admin.host = null (fallback to raft.grpc.server.host)
2023-09-25 17:58:16,702 [main] INFO  grpc.GrpcConfigKeys (ConfUtils.java:logGet(46)) - raft.grpc.admin.port = 15075 (custom)
2023-09-25 17:58:16,702 [main] INFO  grpc.GrpcConfigKeys (ConfUtils.java:logFallback(53)) - raft.grpc.client.host = null (fallback to raft.grpc.server.host)
2023-09-25 17:58:16,703 [main] INFO  grpc.GrpcConfigKeys (ConfUtils.java:logGet(46)) - raft.grpc.client.port = 15074 (custom)
2023-09-25 17:58:16,703 [main] INFO  grpc.GrpcConfigKeys (ConfUtils.java:logGet(46)) - raft.grpc.server.host = null (default)
2023-09-25 17:58:16,703 [main] INFO  grpc.GrpcConfigKeys (ConfUtils.java:logGet(46)) - raft.grpc.server.port = 15076 (custom)
2023-09-25 17:58:16,703 [main] INFO  server.GrpcService (ConfUtils.java:logGet(46)) - raft.grpc.message.size.max = 32MB (=33554432) (custom)
2023-09-25 17:58:16,703 [main] INFO  server.RaftServerConfigKeys (ConfUtils.java:logGet(46)) - raft.server.log.appender.buffer.byte-limit = 33554432 (custom)
2023-09-25 17:58:16,704 [main] INFO  server.GrpcService (ConfUtils.java:logGet(46)) - raft.grpc.flow.control.window = 5MB (=5242880) (custom)
2023-09-25 17:58:16,704 [main] INFO  server.RaftServerConfigKeys (ConfUtils.java:logGet(46)) - raft.server.rpc.request.timeout = 60s (custom)
2023-09-25 17:58:16,704 [main] INFO  grpc.GrpcConfigKeys (ConfUtils.java:logGet(46)) - raft.grpc.server.heartbeat.channel = true (default)
2023-09-25 17:58:16,704 [main] INFO  grpc.GrpcConfigKeys (ConfUtils.java:logGet(46)) - raft.grpc.server.async.request.thread.pool.cached = true (default)
2023-09-25 17:58:16,704 [main] INFO  grpc.GrpcConfigKeys (ConfUtils.java:logGet(46)) - raft.grpc.server.async.request.thread.pool.size = 32 (default)
2023-09-25 17:58:16,707 [main] INFO  impl.DataStreamServerImpl (ConfUtils.java:logGet(46)) - raft.datastream.type = NETTY (custom)
2023-09-25 17:58:16,707 [main] INFO  server.RaftServerConfigKeys (ConfUtils.java:logGet(46)) - raft.server.data-stream.async.request.thread.pool.cached = false (default)
2023-09-25 17:58:16,707 [main] INFO  server.RaftServerConfigKeys (ConfUtils.java:logGet(46)) - raft.server.data-stream.async.request.thread.pool.size = 20 (custom)
2023-09-25 17:58:16,708 [main] INFO  server.RaftServerConfigKeys (ConfUtils.java:logGet(46)) - raft.server.data-stream.async.write.thread.pool.size = 16 (default)
2023-09-25 17:58:16,708 [main] INFO  server.RaftServerConfigKeys (ConfUtils.java:logGet(46)) - raft.server.data-stream.client.pool.size = 10 (default)
2023-09-25 17:58:16,708 [main] INFO  netty.NettyConfigKeys$DataStream (ConfUtils.java:logGet(46)) - raft.netty.dataStream.server.use-epoll = false (default)
2023-09-25 17:58:16,708 [main] INFO  netty.NettyConfigKeys$DataStream (ConfUtils.java:logGet(46)) - raft.netty.dataStream.server.boss-group.size = 0 (default)
2023-09-25 17:58:16,709 [main] INFO  netty.NettyConfigKeys$DataStream (ConfUtils.java:logGet(46)) - raft.netty.dataStream.server.worker-group.size = 0 (default)
2023-09-25 17:58:16,709 [main] INFO  netty.NettyConfigKeys$DataStream (ConfUtils.java:logGet(46)) - raft.netty.dataStream.server.tls.conf = null (default)
2023-09-25 17:58:16,709 [main] INFO  netty.NettyConfigKeys$DataStream (ConfUtils.java:logGet(46)) - raft.netty.dataStream.host = null (default)
2023-09-25 17:58:16,709 [main] INFO  netty.NettyConfigKeys$DataStream (ConfUtils.java:logGet(46)) - raft.netty.dataStream.port = 15077 (custom)
2023-09-25 17:58:16,710 [main] INFO  server.RaftServerConfigKeys (ConfUtils.java:logGet(46)) - raft.server.threadpool.proxy.cached = true (default)
2023-09-25 17:58:16,710 [main] INFO  server.RaftServerConfigKeys (ConfUtils.java:logGet(46)) - raft.server.threadpool.proxy.size = 0 (default)
2023-09-25 17:58:16,710 [main] INFO  server.RaftServerConfigKeys (ConfUtils.java:logGet(46)) - raft.server.rpc.slowness.timeout = 300s (custom)
2023-09-25 17:58:16,710 [main] INFO  server.RaftServerConfigKeys (ConfUtils.java:logGet(46)) - raft.server.leaderelection.leader.step-down.wait-time = 10s (default)
2023-09-25 17:58:16,711 [main] INFO  server.RaftServerConfigKeys (ConfUtils.java:logGet(46)) - raft.server.storage.dir = [/home/runner/work/ozone/ozone/hadoop-ozone/integration-test/target/test-dir/MiniOzoneClusterImpl-943d6ebb-9f51-4477-b660-6e407d8e3762/datanode-1/data/ratis] (custom)
2023-09-25 17:58:16,711 [a644417b-dd47-4d87-a60a-40004e0b267c-impl-thread1] INFO  server.RaftServer (RaftServerProxy.java:initGroupDir(258)) - a644417b-dd47-4d87-a60a-40004e0b267c: found a subdirectory /home/runner/work/ozone/ozone/hadoop-ozone/integration-test/target/test-dir/MiniOzoneClusterImpl-943d6ebb-9f51-4477-b660-6e407d8e3762/datanode-1/data/ratis/tmp
2023-09-25 17:58:16,711 [a644417b-dd47-4d87-a60a-40004e0b267c-impl-thread1] INFO  server.RaftServer (RaftServerProxy.java:initGroupDir(263)) - a644417b-dd47-4d87-a60a-40004e0b267c: The directory /home/runner/work/ozone/ozone/hadoop-ozone/integration-test/target/test-dir/MiniOzoneClusterImpl-943d6ebb-9f51-4477-b660-6e407d8e3762/datanode-1/data/ratis/tmp is not a group directory; ignoring it. 
2023-09-25 17:58:16,711 [main] INFO  replication.ReplicationServer (ReplicationServer.java:<init>(83)) - Initializing replication server with thread count = 10 queue length = 4096
2023-09-25 17:58:16,712 [main] INFO  server.XceiverServerGrpc (XceiverServerGrpc.java:<init>(132)) - GrpcServer channel type EpollServerSocketChannel
2023-09-25 17:58:16,714 [a644417b-dd47-4d87-a60a-40004e0b267c-NettyServerStreamRpc-bossGroup--thread1] INFO  logging.LoggingHandler (AbstractInternalLogger.java:log(148)) - [id: 0xa27a3466] REGISTERED
2023-09-25 17:58:16,714 [a644417b-dd47-4d87-a60a-40004e0b267c-NettyServerStreamRpc-bossGroup--thread1] INFO  logging.LoggingHandler (AbstractInternalLogger.java:log(148)) - [id: 0xa27a3466] BIND: 0.0.0.0/0.0.0.0:15077
2023-09-25 17:58:16,715 [a644417b-dd47-4d87-a60a-40004e0b267c-NettyServerStreamRpc-bossGroup--thread1] INFO  logging.LoggingHandler (AbstractInternalLogger.java:log(148)) - [id: 0xa27a3466, L:/0:0:0:0:0:0:0:0:15077] ACTIVE
2023-09-25 17:58:16,716 [main] INFO  replication.ReplicationSupervisor (ReplicationSupervisor.java:build(155)) - Initializing replication supervisor with thread count = 10
2023-09-25 17:58:16,716 [main] INFO  replication.ReplicationSupervisor (ReplicationSupervisor.java:nodeStateUpdated(307)) - Node state updated to IN_SERVICE, scaling executor pool size to 10
2023-09-25 17:58:16,723 [main] INFO  http.BaseHttpServer (BaseHttpServer.java:newHttpServer2BuilderForOzone(223)) - Starting Web-server for hddsDatanode at: http://0.0.0.0:15071
2023-09-25 17:58:16,723 [main] INFO  http.BaseHttpServer (BaseHttpServer.java:<init>(110)) - Hadoop Security Enabled: false Ozone Security Enabled: false Ozone HTTP Security Enabled: false 
2023-09-25 17:58:16,724 [main] WARN  server.AuthenticationFilter (AuthenticationFilter.java:constructSecretProvider(240)) - Unable to initialize FileSignerSecretProvider, falling back to use random secrets. Reason: Could not read signature secret file: /home/runner/hadoop-http-auth-signature-secret
2023-09-25 17:58:16,725 [main] INFO  http.HttpRequestLog (HttpRequestLog.java:getRequestLog(86)) - Http request log for http.requests.hddsDatanode is not defined
2023-09-25 17:58:16,727 [main] INFO  http.HttpServer2 (HttpServer2.java:addGlobalFilter(1031)) - Added global filter 'safety' (class=org.apache.hadoop.hdds.server.http.HttpServer2$QuotingInputFilter)
2023-09-25 17:58:16,728 [main] INFO  http.HttpServer2 (HttpServer2.java:addFilter(1007)) - Added filter static_user_filter (class=org.apache.hadoop.http.lib.StaticUserWebFilter$StaticUserFilter) to context hddsDatanode
2023-09-25 17:58:16,728 [main] INFO  http.HttpServer2 (HttpServer2.java:addFilter(1015)) - Added filter static_user_filter (class=org.apache.hadoop.http.lib.StaticUserWebFilter$StaticUserFilter) to context static
2023-09-25 17:58:16,728 [main] INFO  http.HttpServer2 (HttpServer2.java:addFilter(1015)) - Added filter static_user_filter (class=org.apache.hadoop.http.lib.StaticUserWebFilter$StaticUserFilter) to context logs
2023-09-25 17:58:16,729 [main] INFO  http.BaseHttpServer (BaseHttpServer.java:<init>(189)) - HTTP server of hddsDatanode uses base directory /home/runner/work/ozone/ozone/hadoop-ozone/integration-test/target/test-dir/MiniOzoneClusterImpl-943d6ebb-9f51-4477-b660-6e407d8e3762/datanode-1/meta/webserver
2023-09-25 17:58:16,729 [main] INFO  http.HttpServer2 (HttpServer2.java:bindListener(1231)) - Jetty bound to port 15071
2023-09-25 17:58:16,729 [main] INFO  server.Server (Server.java:doStart(375)) - jetty-9.4.52.v20230823; built: 2023-08-23T19:29:37.669Z; git: abdcda73818a1a2c705da276edb0bf6581e7997e; jvm 1.8.0_382-b05
2023-09-25 17:58:16,732 [main] INFO  server.session (DefaultSessionIdManager.java:doStart(334)) - DefaultSessionIdManager workerName=node0
2023-09-25 17:58:16,732 [main] INFO  server.session (DefaultSessionIdManager.java:doStart(339)) - No SessionScavenger set, using defaults
2023-09-25 17:58:16,732 [main] INFO  server.session (HouseKeeper.java:startScavenging(132)) - node0 Scavenging every 660000ms
2023-09-25 17:58:16,733 [main] INFO  handler.ContextHandler (ContextHandler.java:doStart(921)) - Started o.e.j.s.ServletContextHandler@3f2adeb7{logs,/logs,file:///home/runner/work/ozone/ozone/hadoop-ozone/integration-test/target/log,AVAILABLE}
2023-09-25 17:58:16,734 [main] INFO  handler.ContextHandler (ContextHandler.java:doStart(921)) - Started o.e.j.s.ServletContextHandler@1df468bf{static,/static,jar:file:/home/runner/.m2/repository/org/apache/ozone/hdds-container-service/1.4.0-SNAPSHOT/hdds-container-service-1.4.0-SNAPSHOT.jar!/webapps/static,AVAILABLE}
2023-09-25 17:58:16,964 [main] INFO  handler.ContextHandler (ContextHandler.java:doStart(921)) - Started o.e.j.w.WebAppContext@343960d9{hddsDatanode,/,file:///home/runner/work/ozone/ozone/hadoop-ozone/integration-test/target/test-dir/MiniOzoneClusterImpl-943d6ebb-9f51-4477-b660-6e407d8e3762/datanode-1/meta/webserver/jetty-0_0_0_0-15071-hdds-container-service-1_4_0-SNAPSHOT_jar-_-any-5802296725424046687/webapp/,AVAILABLE}{jar:file:/home/runner/.m2/repository/org/apache/ozone/hdds-container-service/1.4.0-SNAPSHOT/hdds-container-service-1.4.0-SNAPSHOT.jar!/webapps/hddsDatanode}
2023-09-25 17:58:16,966 [main] INFO  server.AbstractConnector (AbstractConnector.java:doStart(333)) - Started ServerConnector@79ce971e{HTTP/1.1, (http/1.1)}{0.0.0.0:15071}
2023-09-25 17:58:16,966 [main] INFO  server.Server (Server.java:doStart(415)) - Started @126435ms
2023-09-25 17:58:16,966 [main] WARN  impl.MetricsSystemImpl (MetricsSystemImpl.java:register(279)) - Sink prometheus already exists!
2023-09-25 17:58:16,967 [main] INFO  http.BaseHttpServer (BaseHttpServer.java:updateConnectorAddress(354)) - HTTP server of hddsDatanode listening at http://0.0.0.0:15071
2023-09-25 17:58:16,968 [main] INFO  ipc.CallQueueManager (CallQueueManager.java:<init>(90)) - Using callQueue: class java.util.concurrent.LinkedBlockingQueue, queueCapacity: 100, scheduler: class org.apache.hadoop.ipc.DefaultRpcScheduler, ipcBackoff: false.
2023-09-25 17:58:16,968 [main] INFO  ipc.Server (Server.java:<init>(1287)) - Listener at 0.0.0.0:15072
2023-09-25 17:58:16,969 [Socket Reader #1 for port 15072] INFO  ipc.Server (Server.java:run(1323)) - Starting Socket Reader #1 for port 15072
2023-09-25 17:58:16,971 [main] INFO  ozone.HddsDatanodeService (HddsDatanodeService.java:start(315)) - Datanode start with admins: [runner]
2023-09-25 17:58:16,971 [main] INFO  ozone.HddsDatanodeClientProtocolServer (HddsDatanodeClientProtocolServer.java:start(72)) - RPC server for Client /0.0.0.0:15072
2023-09-25 17:58:16,972 [IPC Server Responder] INFO  ipc.Server (Server.java:run(1562)) - IPC Server Responder: starting
2023-09-25 17:58:16,972 [Datanode State Machine Daemon Thread] INFO  statemachine.DatanodeStateMachine (DatanodeStateMachine.java:lambda$startDaemon$0(539)) - Ozone container server started.
2023-09-25 17:58:16,972 [main] WARN  impl.MetricRegistriesImpl (MetricRegistriesImpl.java:addReporterRegistration(111)) - New reporters are added after registries were created. Some metrics will be missing from the reporter. Please add reporter before adding any new registry.
2023-09-25 17:58:16,973 [main] WARN  impl.MetricRegistriesImpl (MetricRegistriesImpl.java:addReporterRegistration(111)) - New reporters are added after registries were created. Some metrics will be missing from the reporter. Please add reporter before adding any new registry.
2023-09-25 17:58:16,973 [main] INFO  impl.MetricsSystemImpl (MetricsSystemImpl.java:init(158)) - HddsDatanode metrics system started (again)
2023-09-25 17:58:16,988 [IPC Server listener on 15072] INFO  ipc.Server (Server.java:run(1402)) - IPC Server listener on 15072: starting
2023-09-25 17:58:16,991 [main] INFO  ozone.HddsDatanodeService (HddsDatanodeService.java:start(237)) - HddsDatanodeService host:fv-az249-861 ip:10.1.0.144
2023-09-25 17:58:17,001 [Datanode State Machine Task Thread - 0] INFO  datanode.InitDatanodeState (InitDatanodeState.java:persistContainerDatanodeDetails(138)) - DatanodeDetails is persisted to /home/runner/work/ozone/ozone/hadoop-ozone/integration-test/target/test-dir/MiniOzoneClusterImpl-943d6ebb-9f51-4477-b660-6e407d8e3762/datanode-1/meta/datanode.id
2023-09-25 17:58:17,018 [main] INFO  upgrade.AbstractLayoutVersionManager (AbstractLayoutVersionManager.java:init(83)) - Initializing Layout version manager with metadata layout = HADOOP_PRC_PORTS_IN_DATANODEDETAILS (version = 7), software layout = HADOOP_PRC_PORTS_IN_DATANODEDETAILS (version = 7)
2023-09-25 17:58:17,019 [main] INFO  statemachine.DatanodeStateMachine (DatanodeStateMachine.java:getEndPointTaskThreadPoolSize(283)) - Datanode State Machine Task Thread Pool size 2
2023-09-25 17:58:17,021 [main] INFO  volume.HddsVolume (HddsVolume.java:<init>(126)) - Creating HddsVolume: /home/runner/work/ozone/ozone/hadoop-ozone/integration-test/target/test-dir/MiniOzoneClusterImpl-943d6ebb-9f51-4477-b660-6e407d8e3762/datanode-2/data-0/containers/hdds of storage type : DISK capacity : 9223372036854775807
2023-09-25 17:58:17,021 [main] INFO  volume.MutableVolumeSet (MutableVolumeSet.java:initializeVolumeSet(173)) - Added Volume : /home/runner/work/ozone/ozone/hadoop-ozone/integration-test/target/test-dir/MiniOzoneClusterImpl-943d6ebb-9f51-4477-b660-6e407d8e3762/datanode-2/data-0/containers/hdds to VolumeSet
2023-09-25 17:58:17,022 [main] INFO  volume.MutableVolumeSet (MutableVolumeSet.java:initializeVolumeSet(173)) - Added Volume : /home/runner/work/ozone/ozone/hadoop-ozone/integration-test/target/test-dir/MiniOzoneClusterImpl-943d6ebb-9f51-4477-b660-6e407d8e3762/datanode-2/data/ratis to VolumeSet
2023-09-25 17:58:17,023 [Thread-1900] INFO  ozoneimpl.ContainerReader (ContainerReader.java:readVolume(177)) - Finish verifying containers on volume /home/runner/work/ozone/ozone/hadoop-ozone/integration-test/target/test-dir/MiniOzoneClusterImpl-943d6ebb-9f51-4477-b660-6e407d8e3762/datanode-2/data-0/containers/hdds
2023-09-25 17:58:17,023 [main] INFO  ozoneimpl.OzoneContainer (OzoneContainer.java:buildContainerSet(314)) - Build ContainerSet costs 0s
2023-09-25 17:58:17,026 [main] INFO  server.RaftServer (ConfUtils.java:logGet(46)) - raft.rpc.type = GRPC (default)
2023-09-25 17:58:17,026 [main] INFO  grpc.GrpcConfigKeys (ConfUtils.java:logFallback(53)) - raft.grpc.admin.host = null (fallback to raft.grpc.server.host)
2023-09-25 17:58:17,026 [main] INFO  grpc.GrpcConfigKeys (ConfUtils.java:logGet(46)) - raft.grpc.admin.port = 15084 (custom)
2023-09-25 17:58:17,026 [main] INFO  grpc.GrpcConfigKeys (ConfUtils.java:logFallback(53)) - raft.grpc.client.host = null (fallback to raft.grpc.server.host)
2023-09-25 17:58:17,027 [main] INFO  grpc.GrpcConfigKeys (ConfUtils.java:logGet(46)) - raft.grpc.client.port = 15083 (custom)
2023-09-25 17:58:17,027 [main] INFO  grpc.GrpcConfigKeys (ConfUtils.java:logGet(46)) - raft.grpc.server.host = null (default)
2023-09-25 17:58:17,027 [main] INFO  grpc.GrpcConfigKeys (ConfUtils.java:logGet(46)) - raft.grpc.server.port = 15085 (custom)
2023-09-25 17:58:17,027 [main] INFO  server.GrpcService (ConfUtils.java:logGet(46)) - raft.grpc.message.size.max = 32MB (=33554432) (custom)
2023-09-25 17:58:17,027 [main] INFO  server.RaftServerConfigKeys (ConfUtils.java:logGet(46)) - raft.server.log.appender.buffer.byte-limit = 33554432 (custom)
2023-09-25 17:58:17,027 [main] INFO  server.GrpcService (ConfUtils.java:logGet(46)) - raft.grpc.flow.control.window = 5MB (=5242880) (custom)
2023-09-25 17:58:17,028 [main] INFO  server.RaftServerConfigKeys (ConfUtils.java:logGet(46)) - raft.server.rpc.request.timeout = 60s (custom)
2023-09-25 17:58:17,028 [main] INFO  grpc.GrpcConfigKeys (ConfUtils.java:logGet(46)) - raft.grpc.server.heartbeat.channel = true (default)
2023-09-25 17:58:17,028 [main] INFO  grpc.GrpcConfigKeys (ConfUtils.java:logGet(46)) - raft.grpc.server.async.request.thread.pool.cached = true (default)
2023-09-25 17:58:17,028 [main] INFO  grpc.GrpcConfigKeys (ConfUtils.java:logGet(46)) - raft.grpc.server.async.request.thread.pool.size = 32 (default)
2023-09-25 17:58:17,031 [main] INFO  impl.DataStreamServerImpl (ConfUtils.java:logGet(46)) - raft.datastream.type = NETTY (custom)
2023-09-25 17:58:17,031 [main] INFO  server.RaftServerConfigKeys (ConfUtils.java:logGet(46)) - raft.server.data-stream.async.request.thread.pool.cached = false (default)
2023-09-25 17:58:17,031 [main] INFO  server.RaftServerConfigKeys (ConfUtils.java:logGet(46)) - raft.server.data-stream.async.request.thread.pool.size = 20 (custom)
2023-09-25 17:58:17,032 [main] INFO  server.RaftServerConfigKeys (ConfUtils.java:logGet(46)) - raft.server.data-stream.async.write.thread.pool.size = 16 (default)
2023-09-25 17:58:17,032 [main] INFO  server.RaftServerConfigKeys (ConfUtils.java:logGet(46)) - raft.server.data-stream.client.pool.size = 10 (default)
2023-09-25 17:58:17,032 [main] INFO  netty.NettyConfigKeys$DataStream (ConfUtils.java:logGet(46)) - raft.netty.dataStream.server.use-epoll = false (default)
2023-09-25 17:58:17,032 [main] INFO  netty.NettyConfigKeys$DataStream (ConfUtils.java:logGet(46)) - raft.netty.dataStream.server.boss-group.size = 0 (default)
2023-09-25 17:58:17,033 [main] INFO  netty.NettyConfigKeys$DataStream (ConfUtils.java:logGet(46)) - raft.netty.dataStream.server.worker-group.size = 0 (default)
2023-09-25 17:58:17,033 [main] INFO  netty.NettyConfigKeys$DataStream (ConfUtils.java:logGet(46)) - raft.netty.dataStream.server.tls.conf = null (default)
2023-09-25 17:58:17,033 [main] INFO  netty.NettyConfigKeys$DataStream (ConfUtils.java:logGet(46)) - raft.netty.dataStream.host = null (default)
2023-09-25 17:58:17,033 [main] INFO  netty.NettyConfigKeys$DataStream (ConfUtils.java:logGet(46)) - raft.netty.dataStream.port = 15086 (custom)
2023-09-25 17:58:17,034 [main] INFO  server.RaftServerConfigKeys (ConfUtils.java:logGet(46)) - raft.server.threadpool.proxy.cached = true (default)
2023-09-25 17:58:17,034 [main] INFO  server.RaftServerConfigKeys (ConfUtils.java:logGet(46)) - raft.server.threadpool.proxy.size = 0 (default)
2023-09-25 17:58:17,034 [main] INFO  server.RaftServerConfigKeys (ConfUtils.java:logGet(46)) - raft.server.rpc.slowness.timeout = 300s (custom)
2023-09-25 17:58:17,034 [main] INFO  server.RaftServerConfigKeys (ConfUtils.java:logGet(46)) - raft.server.leaderelection.leader.step-down.wait-time = 10s (default)
2023-09-25 17:58:17,034 [main] INFO  server.RaftServerConfigKeys (ConfUtils.java:logGet(46)) - raft.server.storage.dir = [/home/runner/work/ozone/ozone/hadoop-ozone/integration-test/target/test-dir/MiniOzoneClusterImpl-943d6ebb-9f51-4477-b660-6e407d8e3762/datanode-2/data/ratis] (custom)
2023-09-25 17:58:17,035 [8558cc9e-2498-48a0-8a6c-35e11e299077-NettyServerStreamRpc-bossGroup--thread1] INFO  logging.LoggingHandler (AbstractInternalLogger.java:log(148)) - [id: 0x755ad41c] REGISTERED
2023-09-25 17:58:17,035 [8558cc9e-2498-48a0-8a6c-35e11e299077-NettyServerStreamRpc-bossGroup--thread1] INFO  logging.LoggingHandler (AbstractInternalLogger.java:log(148)) - [id: 0x755ad41c] BIND: 0.0.0.0/0.0.0.0:15086
2023-09-25 17:58:17,036 [8558cc9e-2498-48a0-8a6c-35e11e299077-NettyServerStreamRpc-bossGroup--thread1] INFO  logging.LoggingHandler (AbstractInternalLogger.java:log(148)) - [id: 0x755ad41c, L:/0:0:0:0:0:0:0:0:15086] ACTIVE
2023-09-25 17:58:17,039 [8558cc9e-2498-48a0-8a6c-35e11e299077-impl-thread1] INFO  server.RaftServer (RaftServerProxy.java:initGroupDir(258)) - 8558cc9e-2498-48a0-8a6c-35e11e299077: found a subdirectory /home/runner/work/ozone/ozone/hadoop-ozone/integration-test/target/test-dir/MiniOzoneClusterImpl-943d6ebb-9f51-4477-b660-6e407d8e3762/datanode-2/data/ratis/tmp
2023-09-25 17:58:17,039 [8558cc9e-2498-48a0-8a6c-35e11e299077-impl-thread1] INFO  server.RaftServer (RaftServerProxy.java:initGroupDir(263)) - 8558cc9e-2498-48a0-8a6c-35e11e299077: The directory /home/runner/work/ozone/ozone/hadoop-ozone/integration-test/target/test-dir/MiniOzoneClusterImpl-943d6ebb-9f51-4477-b660-6e407d8e3762/datanode-2/data/ratis/tmp is not a group directory; ignoring it. 
2023-09-25 17:58:17,040 [main] INFO  replication.ReplicationServer (ReplicationServer.java:<init>(83)) - Initializing replication server with thread count = 10 queue length = 4096
2023-09-25 17:58:17,041 [main] INFO  server.XceiverServerGrpc (XceiverServerGrpc.java:<init>(132)) - GrpcServer channel type EpollServerSocketChannel
2023-09-25 17:58:17,042 [main] INFO  replication.ReplicationSupervisor (ReplicationSupervisor.java:build(155)) - Initializing replication supervisor with thread count = 10
2023-09-25 17:58:17,042 [main] INFO  replication.ReplicationSupervisor (ReplicationSupervisor.java:nodeStateUpdated(307)) - Node state updated to IN_SERVICE, scaling executor pool size to 10
2023-09-25 17:58:17,045 [main] INFO  http.BaseHttpServer (BaseHttpServer.java:newHttpServer2BuilderForOzone(223)) - Starting Web-server for hddsDatanode at: http://0.0.0.0:15080
2023-09-25 17:58:17,045 [main] INFO  http.BaseHttpServer (BaseHttpServer.java:<init>(110)) - Hadoop Security Enabled: false Ozone Security Enabled: false Ozone HTTP Security Enabled: false 
2023-09-25 17:58:17,046 [main] WARN  server.AuthenticationFilter (AuthenticationFilter.java:constructSecretProvider(240)) - Unable to initialize FileSignerSecretProvider, falling back to use random secrets. Reason: Could not read signature secret file: /home/runner/hadoop-http-auth-signature-secret
2023-09-25 17:58:17,047 [main] INFO  http.HttpRequestLog (HttpRequestLog.java:getRequestLog(86)) - Http request log for http.requests.hddsDatanode is not defined
2023-09-25 17:58:17,049 [main] INFO  http.HttpServer2 (HttpServer2.java:addGlobalFilter(1031)) - Added global filter 'safety' (class=org.apache.hadoop.hdds.server.http.HttpServer2$QuotingInputFilter)
2023-09-25 17:58:17,050 [main] INFO  http.HttpServer2 (HttpServer2.java:addFilter(1007)) - Added filter static_user_filter (class=org.apache.hadoop.http.lib.StaticUserWebFilter$StaticUserFilter) to context hddsDatanode
2023-09-25 17:58:17,050 [main] INFO  http.HttpServer2 (HttpServer2.java:addFilter(1015)) - Added filter static_user_filter (class=org.apache.hadoop.http.lib.StaticUserWebFilter$StaticUserFilter) to context static
2023-09-25 17:58:17,050 [main] INFO  http.HttpServer2 (HttpServer2.java:addFilter(1015)) - Added filter static_user_filter (class=org.apache.hadoop.http.lib.StaticUserWebFilter$StaticUserFilter) to context logs
2023-09-25 17:58:17,051 [main] INFO  http.BaseHttpServer (BaseHttpServer.java:<init>(189)) - HTTP server of hddsDatanode uses base directory /home/runner/work/ozone/ozone/hadoop-ozone/integration-test/target/test-dir/MiniOzoneClusterImpl-943d6ebb-9f51-4477-b660-6e407d8e3762/datanode-2/meta/webserver
2023-09-25 17:58:17,051 [main] INFO  http.HttpServer2 (HttpServer2.java:bindListener(1231)) - Jetty bound to port 15080
2023-09-25 17:58:17,051 [main] INFO  server.Server (Server.java:doStart(375)) - jetty-9.4.52.v20230823; built: 2023-08-23T19:29:37.669Z; git: abdcda73818a1a2c705da276edb0bf6581e7997e; jvm 1.8.0_382-b05
2023-09-25 17:58:17,053 [main] INFO  server.session (DefaultSessionIdManager.java:doStart(334)) - DefaultSessionIdManager workerName=node0
2023-09-25 17:58:17,053 [main] INFO  server.session (DefaultSessionIdManager.java:doStart(339)) - No SessionScavenger set, using defaults
2023-09-25 17:58:17,054 [main] INFO  server.session (HouseKeeper.java:startScavenging(132)) - node0 Scavenging every 660000ms
2023-09-25 17:58:17,054 [main] INFO  handler.ContextHandler (ContextHandler.java:doStart(921)) - Started o.e.j.s.ServletContextHandler@6721ccca{logs,/logs,file:///home/runner/work/ozone/ozone/hadoop-ozone/integration-test/target/log,AVAILABLE}
2023-09-25 17:58:17,055 [main] INFO  handler.ContextHandler (ContextHandler.java:doStart(921)) - Started o.e.j.s.ServletContextHandler@32f2c3d3{static,/static,jar:file:/home/runner/.m2/repository/org/apache/ozone/hdds-container-service/1.4.0-SNAPSHOT/hdds-container-service-1.4.0-SNAPSHOT.jar!/webapps/static,AVAILABLE}
2023-09-25 17:58:17,286 [main] INFO  handler.ContextHandler (ContextHandler.java:doStart(921)) - Started o.e.j.w.WebAppContext@28723bdb{hddsDatanode,/,file:///home/runner/work/ozone/ozone/hadoop-ozone/integration-test/target/test-dir/MiniOzoneClusterImpl-943d6ebb-9f51-4477-b660-6e407d8e3762/datanode-2/meta/webserver/jetty-0_0_0_0-15080-hdds-container-service-1_4_0-SNAPSHOT_jar-_-any-5433418560127498688/webapp/,AVAILABLE}{jar:file:/home/runner/.m2/repository/org/apache/ozone/hdds-container-service/1.4.0-SNAPSHOT/hdds-container-service-1.4.0-SNAPSHOT.jar!/webapps/hddsDatanode}
2023-09-25 17:58:17,287 [main] INFO  server.AbstractConnector (AbstractConnector.java:doStart(333)) - Started ServerConnector@38372782{HTTP/1.1, (http/1.1)}{0.0.0.0:15080}
2023-09-25 17:58:17,288 [main] INFO  server.Server (Server.java:doStart(415)) - Started @126757ms
2023-09-25 17:58:17,288 [main] WARN  impl.MetricsSystemImpl (MetricsSystemImpl.java:register(279)) - Sink prometheus already exists!
2023-09-25 17:58:17,288 [main] INFO  http.BaseHttpServer (BaseHttpServer.java:updateConnectorAddress(354)) - HTTP server of hddsDatanode listening at http://0.0.0.0:15080
2023-09-25 17:58:17,290 [main] INFO  ipc.CallQueueManager (CallQueueManager.java:<init>(90)) - Using callQueue: class java.util.concurrent.LinkedBlockingQueue, queueCapacity: 100, scheduler: class org.apache.hadoop.ipc.DefaultRpcScheduler, ipcBackoff: false.
2023-09-25 17:58:17,290 [main] INFO  ipc.Server (Server.java:<init>(1287)) - Listener at 0.0.0.0:15081
2023-09-25 17:58:17,291 [Socket Reader #1 for port 15081] INFO  ipc.Server (Server.java:run(1323)) - Starting Socket Reader #1 for port 15081
2023-09-25 17:58:17,298 [main] INFO  ozone.HddsDatanodeService (HddsDatanodeService.java:start(315)) - Datanode start with admins: [runner]
2023-09-25 17:58:17,298 [main] INFO  ozone.HddsDatanodeClientProtocolServer (HddsDatanodeClientProtocolServer.java:start(72)) - RPC server for Client /0.0.0.0:15081
2023-09-25 17:58:17,298 [IPC Server Responder] INFO  ipc.Server (Server.java:run(1562)) - IPC Server Responder: starting
2023-09-25 17:58:17,298 [Datanode State Machine Daemon Thread] INFO  statemachine.DatanodeStateMachine (DatanodeStateMachine.java:lambda$startDaemon$0(539)) - Ozone container server started.
2023-09-25 17:58:17,299 [main] WARN  impl.MetricRegistriesImpl (MetricRegistriesImpl.java:addReporterRegistration(111)) - New reporters are added after registries were created. Some metrics will be missing from the reporter. Please add reporter before adding any new registry.
2023-09-25 17:58:17,299 [main] WARN  impl.MetricRegistriesImpl (MetricRegistriesImpl.java:addReporterRegistration(111)) - New reporters are added after registries were created. Some metrics will be missing from the reporter. Please add reporter before adding any new registry.
2023-09-25 17:58:17,299 [main] INFO  impl.MetricsSystemImpl (MetricsSystemImpl.java:init(158)) - HddsDatanode metrics system started (again)
2023-09-25 17:58:17,311 [IPC Server listener on 15081] INFO  ipc.Server (Server.java:run(1402)) - IPC Server listener on 15081: starting
2023-09-25 17:58:17,335 [Datanode State Machine Task Thread - 0] INFO  datanode.InitDatanodeState (InitDatanodeState.java:persistContainerDatanodeDetails(138)) - DatanodeDetails is persisted to /home/runner/work/ozone/ozone/hadoop-ozone/integration-test/target/test-dir/MiniOzoneClusterImpl-943d6ebb-9f51-4477-b660-6e407d8e3762/datanode-2/meta/datanode.id
2023-09-25 17:58:17,347 [main] INFO  ozone.HddsDatanodeService (HddsDatanodeService.java:start(237)) - HddsDatanodeService host:fv-az249-861 ip:10.1.0.144
2023-09-25 17:58:17,382 [main] INFO  upgrade.AbstractLayoutVersionManager (AbstractLayoutVersionManager.java:init(83)) - Initializing Layout version manager with metadata layout = HADOOP_PRC_PORTS_IN_DATANODEDETAILS (version = 7), software layout = HADOOP_PRC_PORTS_IN_DATANODEDETAILS (version = 7)
2023-09-25 17:58:17,383 [main] INFO  statemachine.DatanodeStateMachine (DatanodeStateMachine.java:getEndPointTaskThreadPoolSize(283)) - Datanode State Machine Task Thread Pool size 2
2023-09-25 17:58:17,385 [main] INFO  volume.HddsVolume (HddsVolume.java:<init>(126)) - Creating HddsVolume: /home/runner/work/ozone/ozone/hadoop-ozone/integration-test/target/test-dir/MiniOzoneClusterImpl-943d6ebb-9f51-4477-b660-6e407d8e3762/datanode-3/data-0/containers/hdds of storage type : DISK capacity : 9223372036854775807
2023-09-25 17:58:17,386 [main] INFO  volume.MutableVolumeSet (MutableVolumeSet.java:initializeVolumeSet(173)) - Added Volume : /home/runner/work/ozone/ozone/hadoop-ozone/integration-test/target/test-dir/MiniOzoneClusterImpl-943d6ebb-9f51-4477-b660-6e407d8e3762/datanode-3/data-0/containers/hdds to VolumeSet
2023-09-25 17:58:17,386 [main] INFO  volume.MutableVolumeSet (MutableVolumeSet.java:initializeVolumeSet(173)) - Added Volume : /home/runner/work/ozone/ozone/hadoop-ozone/integration-test/target/test-dir/MiniOzoneClusterImpl-943d6ebb-9f51-4477-b660-6e407d8e3762/datanode-3/data/ratis to VolumeSet
2023-09-25 17:58:17,392 [Thread-1917] INFO  ozoneimpl.ContainerReader (ContainerReader.java:readVolume(177)) - Finish verifying containers on volume /home/runner/work/ozone/ozone/hadoop-ozone/integration-test/target/test-dir/MiniOzoneClusterImpl-943d6ebb-9f51-4477-b660-6e407d8e3762/datanode-3/data-0/containers/hdds
2023-09-25 17:58:17,392 [main] INFO  ozoneimpl.OzoneContainer (OzoneContainer.java:buildContainerSet(314)) - Build ContainerSet costs 0s
2023-09-25 17:58:17,394 [main] INFO  server.RaftServer (ConfUtils.java:logGet(46)) - raft.rpc.type = GRPC (default)
2023-09-25 17:58:17,395 [main] INFO  grpc.GrpcConfigKeys (ConfUtils.java:logFallback(53)) - raft.grpc.admin.host = null (fallback to raft.grpc.server.host)
2023-09-25 17:58:17,395 [main] INFO  grpc.GrpcConfigKeys (ConfUtils.java:logGet(46)) - raft.grpc.admin.port = 15093 (custom)
2023-09-25 17:58:17,395 [main] INFO  grpc.GrpcConfigKeys (ConfUtils.java:logFallback(53)) - raft.grpc.client.host = null (fallback to raft.grpc.server.host)
2023-09-25 17:58:17,395 [main] INFO  grpc.GrpcConfigKeys (ConfUtils.java:logGet(46)) - raft.grpc.client.port = 15092 (custom)
2023-09-25 17:58:17,395 [main] INFO  grpc.GrpcConfigKeys (ConfUtils.java:logGet(46)) - raft.grpc.server.host = null (default)
2023-09-25 17:58:17,395 [main] INFO  grpc.GrpcConfigKeys (ConfUtils.java:logGet(46)) - raft.grpc.server.port = 15094 (custom)
2023-09-25 17:58:17,396 [main] INFO  server.GrpcService (ConfUtils.java:logGet(46)) - raft.grpc.message.size.max = 32MB (=33554432) (custom)
2023-09-25 17:58:17,396 [main] INFO  server.RaftServerConfigKeys (ConfUtils.java:logGet(46)) - raft.server.log.appender.buffer.byte-limit = 33554432 (custom)
2023-09-25 17:58:17,396 [main] INFO  server.GrpcService (ConfUtils.java:logGet(46)) - raft.grpc.flow.control.window = 5MB (=5242880) (custom)
2023-09-25 17:58:17,396 [main] INFO  server.RaftServerConfigKeys (ConfUtils.java:logGet(46)) - raft.server.rpc.request.timeout = 60s (custom)
2023-09-25 17:58:17,396 [main] INFO  grpc.GrpcConfigKeys (ConfUtils.java:logGet(46)) - raft.grpc.server.heartbeat.channel = true (default)
2023-09-25 17:58:17,396 [main] INFO  grpc.GrpcConfigKeys (ConfUtils.java:logGet(46)) - raft.grpc.server.async.request.thread.pool.cached = true (default)
2023-09-25 17:58:17,397 [main] INFO  grpc.GrpcConfigKeys (ConfUtils.java:logGet(46)) - raft.grpc.server.async.request.thread.pool.size = 32 (default)
2023-09-25 17:58:17,400 [main] INFO  impl.DataStreamServerImpl (ConfUtils.java:logGet(46)) - raft.datastream.type = NETTY (custom)
2023-09-25 17:58:17,400 [main] INFO  server.RaftServerConfigKeys (ConfUtils.java:logGet(46)) - raft.server.data-stream.async.request.thread.pool.cached = false (default)
2023-09-25 17:58:17,400 [main] INFO  server.RaftServerConfigKeys (ConfUtils.java:logGet(46)) - raft.server.data-stream.async.request.thread.pool.size = 20 (custom)
2023-09-25 17:58:17,401 [main] INFO  server.RaftServerConfigKeys (ConfUtils.java:logGet(46)) - raft.server.data-stream.async.write.thread.pool.size = 16 (default)
2023-09-25 17:58:17,401 [main] INFO  server.RaftServerConfigKeys (ConfUtils.java:logGet(46)) - raft.server.data-stream.client.pool.size = 10 (default)
2023-09-25 17:58:17,401 [main] INFO  netty.NettyConfigKeys$DataStream (ConfUtils.java:logGet(46)) - raft.netty.dataStream.server.use-epoll = false (default)
2023-09-25 17:58:17,401 [main] INFO  netty.NettyConfigKeys$DataStream (ConfUtils.java:logGet(46)) - raft.netty.dataStream.server.boss-group.size = 0 (default)
2023-09-25 17:58:17,402 [main] INFO  netty.NettyConfigKeys$DataStream (ConfUtils.java:logGet(46)) - raft.netty.dataStream.server.worker-group.size = 0 (default)
2023-09-25 17:58:17,403 [main] INFO  netty.NettyConfigKeys$DataStream (ConfUtils.java:logGet(46)) - raft.netty.dataStream.server.tls.conf = null (default)
2023-09-25 17:58:17,403 [main] INFO  netty.NettyConfigKeys$DataStream (ConfUtils.java:logGet(46)) - raft.netty.dataStream.host = null (default)
2023-09-25 17:58:17,403 [main] INFO  netty.NettyConfigKeys$DataStream (ConfUtils.java:logGet(46)) - raft.netty.dataStream.port = 15095 (custom)
2023-09-25 17:58:17,404 [main] INFO  server.RaftServerConfigKeys (ConfUtils.java:logGet(46)) - raft.server.threadpool.proxy.cached = true (default)
2023-09-25 17:58:17,404 [main] INFO  server.RaftServerConfigKeys (ConfUtils.java:logGet(46)) - raft.server.threadpool.proxy.size = 0 (default)
2023-09-25 17:58:17,404 [main] INFO  server.RaftServerConfigKeys (ConfUtils.java:logGet(46)) - raft.server.rpc.slowness.timeout = 300s (custom)
2023-09-25 17:58:17,404 [e996d841-287d-4937-b6a3-35b5511a6c1e-NettyServerStreamRpc-bossGroup--thread1] INFO  logging.LoggingHandler (AbstractInternalLogger.java:log(148)) - [id: 0x039fd8e3] REGISTERED
2023-09-25 17:58:17,404 [main] INFO  server.RaftServerConfigKeys (ConfUtils.java:logGet(46)) - raft.server.leaderelection.leader.step-down.wait-time = 10s (default)
2023-09-25 17:58:17,404 [e996d841-287d-4937-b6a3-35b5511a6c1e-NettyServerStreamRpc-bossGroup--thread1] INFO  logging.LoggingHandler (AbstractInternalLogger.java:log(148)) - [id: 0x039fd8e3] BIND: 0.0.0.0/0.0.0.0:15095
2023-09-25 17:58:17,405 [main] INFO  server.RaftServerConfigKeys (ConfUtils.java:logGet(46)) - raft.server.storage.dir = [/home/runner/work/ozone/ozone/hadoop-ozone/integration-test/target/test-dir/MiniOzoneClusterImpl-943d6ebb-9f51-4477-b660-6e407d8e3762/datanode-3/data/ratis] (custom)
2023-09-25 17:58:17,405 [e996d841-287d-4937-b6a3-35b5511a6c1e-NettyServerStreamRpc-bossGroup--thread1] INFO  logging.LoggingHandler (AbstractInternalLogger.java:log(148)) - [id: 0x039fd8e3, L:/0:0:0:0:0:0:0:0:15095] ACTIVE
2023-09-25 17:58:17,405 [e996d841-287d-4937-b6a3-35b5511a6c1e-impl-thread1] INFO  server.RaftServer (RaftServerProxy.java:initGroupDir(258)) - e996d841-287d-4937-b6a3-35b5511a6c1e: found a subdirectory /home/runner/work/ozone/ozone/hadoop-ozone/integration-test/target/test-dir/MiniOzoneClusterImpl-943d6ebb-9f51-4477-b660-6e407d8e3762/datanode-3/data/ratis/tmp
2023-09-25 17:58:17,405 [e996d841-287d-4937-b6a3-35b5511a6c1e-impl-thread1] INFO  server.RaftServer (RaftServerProxy.java:initGroupDir(263)) - e996d841-287d-4937-b6a3-35b5511a6c1e: The directory /home/runner/work/ozone/ozone/hadoop-ozone/integration-test/target/test-dir/MiniOzoneClusterImpl-943d6ebb-9f51-4477-b660-6e407d8e3762/datanode-3/data/ratis/tmp is not a group directory; ignoring it. 
2023-09-25 17:58:17,405 [main] INFO  replication.ReplicationServer (ReplicationServer.java:<init>(83)) - Initializing replication server with thread count = 10 queue length = 4096
2023-09-25 17:58:17,406 [main] INFO  server.XceiverServerGrpc (XceiverServerGrpc.java:<init>(132)) - GrpcServer channel type EpollServerSocketChannel
2023-09-25 17:58:17,408 [main] INFO  replication.ReplicationSupervisor (ReplicationSupervisor.java:build(155)) - Initializing replication supervisor with thread count = 10
2023-09-25 17:58:17,408 [main] INFO  replication.ReplicationSupervisor (ReplicationSupervisor.java:nodeStateUpdated(307)) - Node state updated to IN_SERVICE, scaling executor pool size to 10
2023-09-25 17:58:17,412 [main] INFO  http.BaseHttpServer (BaseHttpServer.java:newHttpServer2BuilderForOzone(223)) - Starting Web-server for hddsDatanode at: http://0.0.0.0:15089
2023-09-25 17:58:17,412 [main] INFO  http.BaseHttpServer (BaseHttpServer.java:<init>(110)) - Hadoop Security Enabled: false Ozone Security Enabled: false Ozone HTTP Security Enabled: false 
2023-09-25 17:58:17,415 [main] WARN  server.AuthenticationFilter (AuthenticationFilter.java:constructSecretProvider(240)) - Unable to initialize FileSignerSecretProvider, falling back to use random secrets. Reason: Could not read signature secret file: /home/runner/hadoop-http-auth-signature-secret
2023-09-25 17:58:17,415 [main] INFO  http.HttpRequestLog (HttpRequestLog.java:getRequestLog(86)) - Http request log for http.requests.hddsDatanode is not defined
2023-09-25 17:58:17,417 [main] INFO  http.HttpServer2 (HttpServer2.java:addGlobalFilter(1031)) - Added global filter 'safety' (class=org.apache.hadoop.hdds.server.http.HttpServer2$QuotingInputFilter)
2023-09-25 17:58:17,418 [main] INFO  http.HttpServer2 (HttpServer2.java:addFilter(1007)) - Added filter static_user_filter (class=org.apache.hadoop.http.lib.StaticUserWebFilter$StaticUserFilter) to context hddsDatanode
2023-09-25 17:58:17,418 [main] INFO  http.HttpServer2 (HttpServer2.java:addFilter(1015)) - Added filter static_user_filter (class=org.apache.hadoop.http.lib.StaticUserWebFilter$StaticUserFilter) to context logs
2023-09-25 17:58:17,418 [main] INFO  http.HttpServer2 (HttpServer2.java:addFilter(1015)) - Added filter static_user_filter (class=org.apache.hadoop.http.lib.StaticUserWebFilter$StaticUserFilter) to context static
2023-09-25 17:58:17,419 [main] INFO  http.BaseHttpServer (BaseHttpServer.java:<init>(189)) - HTTP server of hddsDatanode uses base directory /home/runner/work/ozone/ozone/hadoop-ozone/integration-test/target/test-dir/MiniOzoneClusterImpl-943d6ebb-9f51-4477-b660-6e407d8e3762/datanode-3/meta/webserver
2023-09-25 17:58:17,419 [main] INFO  http.HttpServer2 (HttpServer2.java:bindListener(1231)) - Jetty bound to port 15089
2023-09-25 17:58:17,419 [main] INFO  server.Server (Server.java:doStart(375)) - jetty-9.4.52.v20230823; built: 2023-08-23T19:29:37.669Z; git: abdcda73818a1a2c705da276edb0bf6581e7997e; jvm 1.8.0_382-b05
2023-09-25 17:58:17,432 [main] INFO  server.session (DefaultSessionIdManager.java:doStart(334)) - DefaultSessionIdManager workerName=node0
2023-09-25 17:58:17,433 [main] INFO  server.session (DefaultSessionIdManager.java:doStart(339)) - No SessionScavenger set, using defaults
2023-09-25 17:58:17,433 [main] INFO  server.session (HouseKeeper.java:startScavenging(132)) - node0 Scavenging every 600000ms
2023-09-25 17:58:17,434 [main] INFO  handler.ContextHandler (ContextHandler.java:doStart(921)) - Started o.e.j.s.ServletContextHandler@70df1944{logs,/logs,file:///home/runner/work/ozone/ozone/hadoop-ozone/integration-test/target/log,AVAILABLE}
2023-09-25 17:58:17,434 [main] INFO  handler.ContextHandler (ContextHandler.java:doStart(921)) - Started o.e.j.s.ServletContextHandler@48b36b5d{static,/static,jar:file:/home/runner/.m2/repository/org/apache/ozone/hdds-container-service/1.4.0-SNAPSHOT/hdds-container-service-1.4.0-SNAPSHOT.jar!/webapps/static,AVAILABLE}
2023-09-25 17:58:17,678 [main] INFO  handler.ContextHandler (ContextHandler.java:doStart(921)) - Started o.e.j.w.WebAppContext@85eca4e{hddsDatanode,/,file:///home/runner/work/ozone/ozone/hadoop-ozone/integration-test/target/test-dir/MiniOzoneClusterImpl-943d6ebb-9f51-4477-b660-6e407d8e3762/datanode-3/meta/webserver/jetty-0_0_0_0-15089-hdds-container-service-1_4_0-SNAPSHOT_jar-_-any-3354087606537318322/webapp/,AVAILABLE}{jar:file:/home/runner/.m2/repository/org/apache/ozone/hdds-container-service/1.4.0-SNAPSHOT/hdds-container-service-1.4.0-SNAPSHOT.jar!/webapps/hddsDatanode}
2023-09-25 17:58:17,680 [main] INFO  server.AbstractConnector (AbstractConnector.java:doStart(333)) - Started ServerConnector@1563b6d3{HTTP/1.1, (http/1.1)}{0.0.0.0:15089}
2023-09-25 17:58:17,680 [main] INFO  server.Server (Server.java:doStart(415)) - Started @127149ms
2023-09-25 17:58:17,680 [main] WARN  impl.MetricsSystemImpl (MetricsSystemImpl.java:register(279)) - Sink prometheus already exists!
2023-09-25 17:58:17,681 [main] INFO  http.BaseHttpServer (BaseHttpServer.java:updateConnectorAddress(354)) - HTTP server of hddsDatanode listening at http://0.0.0.0:15089
2023-09-25 17:58:17,681 [main] INFO  ipc.CallQueueManager (CallQueueManager.java:<init>(90)) - Using callQueue: class java.util.concurrent.LinkedBlockingQueue, queueCapacity: 100, scheduler: class org.apache.hadoop.ipc.DefaultRpcScheduler, ipcBackoff: false.
2023-09-25 17:58:17,681 [main] INFO  ipc.Server (Server.java:<init>(1287)) - Listener at 0.0.0.0:15090
2023-09-25 17:58:17,683 [Socket Reader #1 for port 15090] INFO  ipc.Server (Server.java:run(1323)) - Starting Socket Reader #1 for port 15090
2023-09-25 17:58:17,691 [main] INFO  ozone.HddsDatanodeService (HddsDatanodeService.java:start(315)) - Datanode start with admins: [runner]
2023-09-25 17:58:17,691 [main] INFO  ozone.HddsDatanodeClientProtocolServer (HddsDatanodeClientProtocolServer.java:start(72)) - RPC server for Client /0.0.0.0:15090
2023-09-25 17:58:17,695 [IPC Server Responder] INFO  ipc.Server (Server.java:run(1562)) - IPC Server Responder: starting
2023-09-25 17:58:17,699 [IPC Server listener on 15090] INFO  ipc.Server (Server.java:run(1402)) - IPC Server listener on 15090: starting
2023-09-25 17:58:17,711 [main] WARN  impl.MetricRegistriesImpl (MetricRegistriesImpl.java:addReporterRegistration(111)) - New reporters are added after registries were created. Some metrics will be missing from the reporter. Please add reporter before adding any new registry.
2023-09-25 17:58:17,711 [main] WARN  impl.MetricRegistriesImpl (MetricRegistriesImpl.java:addReporterRegistration(111)) - New reporters are added after registries were created. Some metrics will be missing from the reporter. Please add reporter before adding any new registry.
2023-09-25 17:58:17,712 [main] INFO  impl.MetricsSystemImpl (MetricsSystemImpl.java:init(158)) - HddsDatanode metrics system started (again)
2023-09-25 17:58:17,723 [Datanode State Machine Daemon Thread] INFO  statemachine.DatanodeStateMachine (DatanodeStateMachine.java:lambda$startDaemon$0(539)) - Ozone container server started.
2023-09-25 17:58:17,737 [main] INFO  ozone.HddsDatanodeService (HddsDatanodeService.java:start(237)) - HddsDatanodeService host:fv-az249-861 ip:10.1.0.144
2023-09-25 17:58:17,744 [Datanode State Machine Task Thread - 0] INFO  datanode.InitDatanodeState (InitDatanodeState.java:persistContainerDatanodeDetails(138)) - DatanodeDetails is persisted to /home/runner/work/ozone/ozone/hadoop-ozone/integration-test/target/test-dir/MiniOzoneClusterImpl-943d6ebb-9f51-4477-b660-6e407d8e3762/datanode-3/meta/datanode.id
2023-09-25 17:58:17,772 [main] INFO  upgrade.AbstractLayoutVersionManager (AbstractLayoutVersionManager.java:init(83)) - Initializing Layout version manager with metadata layout = HADOOP_PRC_PORTS_IN_DATANODEDETAILS (version = 7), software layout = HADOOP_PRC_PORTS_IN_DATANODEDETAILS (version = 7)
2023-09-25 17:58:17,772 [main] INFO  statemachine.DatanodeStateMachine (DatanodeStateMachine.java:getEndPointTaskThreadPoolSize(283)) - Datanode State Machine Task Thread Pool size 2
2023-09-25 17:58:17,774 [main] INFO  volume.HddsVolume (HddsVolume.java:<init>(126)) - Creating HddsVolume: /home/runner/work/ozone/ozone/hadoop-ozone/integration-test/target/test-dir/MiniOzoneClusterImpl-943d6ebb-9f51-4477-b660-6e407d8e3762/datanode-4/data-0/containers/hdds of storage type : DISK capacity : 9223372036854775807
2023-09-25 17:58:17,774 [main] INFO  volume.MutableVolumeSet (MutableVolumeSet.java:initializeVolumeSet(173)) - Added Volume : /home/runner/work/ozone/ozone/hadoop-ozone/integration-test/target/test-dir/MiniOzoneClusterImpl-943d6ebb-9f51-4477-b660-6e407d8e3762/datanode-4/data-0/containers/hdds to VolumeSet
2023-09-25 17:58:17,777 [main] INFO  volume.MutableVolumeSet (MutableVolumeSet.java:initializeVolumeSet(173)) - Added Volume : /home/runner/work/ozone/ozone/hadoop-ozone/integration-test/target/test-dir/MiniOzoneClusterImpl-943d6ebb-9f51-4477-b660-6e407d8e3762/datanode-4/data/ratis to VolumeSet
2023-09-25 17:58:17,777 [Thread-1934] INFO  ozoneimpl.ContainerReader (ContainerReader.java:readVolume(177)) - Finish verifying containers on volume /home/runner/work/ozone/ozone/hadoop-ozone/integration-test/target/test-dir/MiniOzoneClusterImpl-943d6ebb-9f51-4477-b660-6e407d8e3762/datanode-4/data-0/containers/hdds
2023-09-25 17:58:17,777 [main] INFO  ozoneimpl.OzoneContainer (OzoneContainer.java:buildContainerSet(314)) - Build ContainerSet costs 0s
2023-09-25 17:58:17,782 [main] INFO  server.RaftServer (ConfUtils.java:logGet(46)) - raft.rpc.type = GRPC (default)
2023-09-25 17:58:17,782 [main] INFO  grpc.GrpcConfigKeys (ConfUtils.java:logFallback(53)) - raft.grpc.admin.host = null (fallback to raft.grpc.server.host)
2023-09-25 17:58:17,782 [main] INFO  grpc.GrpcConfigKeys (ConfUtils.java:logGet(46)) - raft.grpc.admin.port = 15102 (custom)
2023-09-25 17:58:17,782 [main] INFO  grpc.GrpcConfigKeys (ConfUtils.java:logFallback(53)) - raft.grpc.client.host = null (fallback to raft.grpc.server.host)
2023-09-25 17:58:17,783 [main] INFO  grpc.GrpcConfigKeys (ConfUtils.java:logGet(46)) - raft.grpc.client.port = 15101 (custom)
2023-09-25 17:58:17,783 [main] INFO  grpc.GrpcConfigKeys (ConfUtils.java:logGet(46)) - raft.grpc.server.host = null (default)
2023-09-25 17:58:17,783 [main] INFO  grpc.GrpcConfigKeys (ConfUtils.java:logGet(46)) - raft.grpc.server.port = 15103 (custom)
2023-09-25 17:58:17,783 [main] INFO  server.GrpcService (ConfUtils.java:logGet(46)) - raft.grpc.message.size.max = 32MB (=33554432) (custom)
2023-09-25 17:58:17,783 [main] INFO  server.RaftServerConfigKeys (ConfUtils.java:logGet(46)) - raft.server.log.appender.buffer.byte-limit = 33554432 (custom)
2023-09-25 17:58:17,783 [main] INFO  server.GrpcService (ConfUtils.java:logGet(46)) - raft.grpc.flow.control.window = 5MB (=5242880) (custom)
2023-09-25 17:58:17,783 [main] INFO  server.RaftServerConfigKeys (ConfUtils.java:logGet(46)) - raft.server.rpc.request.timeout = 60s (custom)
2023-09-25 17:58:17,784 [main] INFO  grpc.GrpcConfigKeys (ConfUtils.java:logGet(46)) - raft.grpc.server.heartbeat.channel = true (default)
2023-09-25 17:58:17,784 [main] INFO  grpc.GrpcConfigKeys (ConfUtils.java:logGet(46)) - raft.grpc.server.async.request.thread.pool.cached = true (default)
2023-09-25 17:58:17,784 [main] INFO  grpc.GrpcConfigKeys (ConfUtils.java:logGet(46)) - raft.grpc.server.async.request.thread.pool.size = 32 (default)
2023-09-25 17:58:17,788 [main] INFO  impl.DataStreamServerImpl (ConfUtils.java:logGet(46)) - raft.datastream.type = NETTY (custom)
2023-09-25 17:58:17,789 [main] INFO  server.RaftServerConfigKeys (ConfUtils.java:logGet(46)) - raft.server.data-stream.async.request.thread.pool.cached = false (default)
2023-09-25 17:58:17,789 [main] INFO  server.RaftServerConfigKeys (ConfUtils.java:logGet(46)) - raft.server.data-stream.async.request.thread.pool.size = 20 (custom)
2023-09-25 17:58:17,789 [main] INFO  server.RaftServerConfigKeys (ConfUtils.java:logGet(46)) - raft.server.data-stream.async.write.thread.pool.size = 16 (default)
2023-09-25 17:58:17,789 [main] INFO  server.RaftServerConfigKeys (ConfUtils.java:logGet(46)) - raft.server.data-stream.client.pool.size = 10 (default)
2023-09-25 17:58:17,789 [main] INFO  netty.NettyConfigKeys$DataStream (ConfUtils.java:logGet(46)) - raft.netty.dataStream.server.use-epoll = false (default)
2023-09-25 17:58:17,790 [main] INFO  netty.NettyConfigKeys$DataStream (ConfUtils.java:logGet(46)) - raft.netty.dataStream.server.boss-group.size = 0 (default)
2023-09-25 17:58:17,790 [main] INFO  netty.NettyConfigKeys$DataStream (ConfUtils.java:logGet(46)) - raft.netty.dataStream.server.worker-group.size = 0 (default)
2023-09-25 17:58:17,791 [main] INFO  netty.NettyConfigKeys$DataStream (ConfUtils.java:logGet(46)) - raft.netty.dataStream.server.tls.conf = null (default)
2023-09-25 17:58:17,791 [main] INFO  netty.NettyConfigKeys$DataStream (ConfUtils.java:logGet(46)) - raft.netty.dataStream.host = null (default)
2023-09-25 17:58:17,791 [main] INFO  netty.NettyConfigKeys$DataStream (ConfUtils.java:logGet(46)) - raft.netty.dataStream.port = 15104 (custom)
2023-09-25 17:58:17,792 [main] INFO  server.RaftServerConfigKeys (ConfUtils.java:logGet(46)) - raft.server.threadpool.proxy.cached = true (default)
2023-09-25 17:58:17,792 [main] INFO  server.RaftServerConfigKeys (ConfUtils.java:logGet(46)) - raft.server.threadpool.proxy.size = 0 (default)
2023-09-25 17:58:17,792 [main] INFO  server.RaftServerConfigKeys (ConfUtils.java:logGet(46)) - raft.server.rpc.slowness.timeout = 300s (custom)
2023-09-25 17:58:17,792 [main] INFO  server.RaftServerConfigKeys (ConfUtils.java:logGet(46)) - raft.server.leaderelection.leader.step-down.wait-time = 10s (default)
2023-09-25 17:58:17,793 [main] INFO  server.RaftServerConfigKeys (ConfUtils.java:logGet(46)) - raft.server.storage.dir = [/home/runner/work/ozone/ozone/hadoop-ozone/integration-test/target/test-dir/MiniOzoneClusterImpl-943d6ebb-9f51-4477-b660-6e407d8e3762/datanode-4/data/ratis] (custom)
2023-09-25 17:58:17,793 [4cd7b50a-b530-4fcc-bddc-ce049f20e72b-NettyServerStreamRpc-bossGroup--thread1] INFO  logging.LoggingHandler (AbstractInternalLogger.java:log(148)) - [id: 0x85b54959] REGISTERED
2023-09-25 17:58:17,793 [4cd7b50a-b530-4fcc-bddc-ce049f20e72b-NettyServerStreamRpc-bossGroup--thread1] INFO  logging.LoggingHandler (AbstractInternalLogger.java:log(148)) - [id: 0x85b54959] BIND: 0.0.0.0/0.0.0.0:15104
2023-09-25 17:58:17,793 [4cd7b50a-b530-4fcc-bddc-ce049f20e72b-NettyServerStreamRpc-bossGroup--thread1] INFO  logging.LoggingHandler (AbstractInternalLogger.java:log(148)) - [id: 0x85b54959, L:/0:0:0:0:0:0:0:0:15104] ACTIVE
2023-09-25 17:58:17,795 [4cd7b50a-b530-4fcc-bddc-ce049f20e72b-impl-thread1] INFO  server.RaftServer (RaftServerProxy.java:initGroupDir(258)) - 4cd7b50a-b530-4fcc-bddc-ce049f20e72b: found a subdirectory /home/runner/work/ozone/ozone/hadoop-ozone/integration-test/target/test-dir/MiniOzoneClusterImpl-943d6ebb-9f51-4477-b660-6e407d8e3762/datanode-4/data/ratis/tmp
2023-09-25 17:58:17,795 [4cd7b50a-b530-4fcc-bddc-ce049f20e72b-impl-thread1] INFO  server.RaftServer (RaftServerProxy.java:initGroupDir(263)) - 4cd7b50a-b530-4fcc-bddc-ce049f20e72b: The directory /home/runner/work/ozone/ozone/hadoop-ozone/integration-test/target/test-dir/MiniOzoneClusterImpl-943d6ebb-9f51-4477-b660-6e407d8e3762/datanode-4/data/ratis/tmp is not a group directory; ignoring it. 
2023-09-25 17:58:17,795 [main] INFO  replication.ReplicationServer (ReplicationServer.java:<init>(83)) - Initializing replication server with thread count = 10 queue length = 4096
2023-09-25 17:58:17,797 [main] INFO  server.XceiverServerGrpc (XceiverServerGrpc.java:<init>(132)) - GrpcServer channel type EpollServerSocketChannel
2023-09-25 17:58:17,798 [main] INFO  replication.ReplicationSupervisor (ReplicationSupervisor.java:build(155)) - Initializing replication supervisor with thread count = 10
2023-09-25 17:58:17,799 [main] INFO  replication.ReplicationSupervisor (ReplicationSupervisor.java:nodeStateUpdated(307)) - Node state updated to IN_SERVICE, scaling executor pool size to 10
2023-09-25 17:58:17,805 [main] INFO  http.BaseHttpServer (BaseHttpServer.java:newHttpServer2BuilderForOzone(223)) - Starting Web-server for hddsDatanode at: http://0.0.0.0:15098
2023-09-25 17:58:17,805 [main] INFO  http.BaseHttpServer (BaseHttpServer.java:<init>(110)) - Hadoop Security Enabled: false Ozone Security Enabled: false Ozone HTTP Security Enabled: false 
2023-09-25 17:58:17,806 [main] WARN  server.AuthenticationFilter (AuthenticationFilter.java:constructSecretProvider(240)) - Unable to initialize FileSignerSecretProvider, falling back to use random secrets. Reason: Could not read signature secret file: /home/runner/hadoop-http-auth-signature-secret
2023-09-25 17:58:17,807 [main] INFO  http.HttpRequestLog (HttpRequestLog.java:getRequestLog(86)) - Http request log for http.requests.hddsDatanode is not defined
2023-09-25 17:58:17,808 [main] INFO  http.HttpServer2 (HttpServer2.java:addGlobalFilter(1031)) - Added global filter 'safety' (class=org.apache.hadoop.hdds.server.http.HttpServer2$QuotingInputFilter)
2023-09-25 17:58:17,809 [main] INFO  http.HttpServer2 (HttpServer2.java:addFilter(1007)) - Added filter static_user_filter (class=org.apache.hadoop.http.lib.StaticUserWebFilter$StaticUserFilter) to context hddsDatanode
2023-09-25 17:58:17,809 [main] INFO  http.HttpServer2 (HttpServer2.java:addFilter(1015)) - Added filter static_user_filter (class=org.apache.hadoop.http.lib.StaticUserWebFilter$StaticUserFilter) to context logs
2023-09-25 17:58:17,809 [main] INFO  http.HttpServer2 (HttpServer2.java:addFilter(1015)) - Added filter static_user_filter (class=org.apache.hadoop.http.lib.StaticUserWebFilter$StaticUserFilter) to context static
2023-09-25 17:58:17,809 [main] INFO  http.BaseHttpServer (BaseHttpServer.java:<init>(189)) - HTTP server of hddsDatanode uses base directory /home/runner/work/ozone/ozone/hadoop-ozone/integration-test/target/test-dir/MiniOzoneClusterImpl-943d6ebb-9f51-4477-b660-6e407d8e3762/datanode-4/meta/webserver
2023-09-25 17:58:17,810 [main] INFO  http.HttpServer2 (HttpServer2.java:bindListener(1231)) - Jetty bound to port 15098
2023-09-25 17:58:17,810 [main] INFO  server.Server (Server.java:doStart(375)) - jetty-9.4.52.v20230823; built: 2023-08-23T19:29:37.669Z; git: abdcda73818a1a2c705da276edb0bf6581e7997e; jvm 1.8.0_382-b05
2023-09-25 17:58:17,843 [main] INFO  server.session (DefaultSessionIdManager.java:doStart(334)) - DefaultSessionIdManager workerName=node0
2023-09-25 17:58:17,843 [main] INFO  server.session (DefaultSessionIdManager.java:doStart(339)) - No SessionScavenger set, using defaults
2023-09-25 17:58:17,844 [main] INFO  server.session (HouseKeeper.java:startScavenging(132)) - node0 Scavenging every 660000ms
2023-09-25 17:58:17,848 [main] INFO  handler.ContextHandler (ContextHandler.java:doStart(921)) - Started o.e.j.s.ServletContextHandler@1fa3f72{logs,/logs,file:///home/runner/work/ozone/ozone/hadoop-ozone/integration-test/target/log,AVAILABLE}
2023-09-25 17:58:17,849 [main] INFO  handler.ContextHandler (ContextHandler.java:doStart(921)) - Started o.e.j.s.ServletContextHandler@49029e1d{static,/static,jar:file:/home/runner/.m2/repository/org/apache/ozone/hdds-container-service/1.4.0-SNAPSHOT/hdds-container-service-1.4.0-SNAPSHOT.jar!/webapps/static,AVAILABLE}
2023-09-25 17:58:18,077 [main] INFO  handler.ContextHandler (ContextHandler.java:doStart(921)) - Started o.e.j.w.WebAppContext@50bbad5c{hddsDatanode,/,file:///home/runner/work/ozone/ozone/hadoop-ozone/integration-test/target/test-dir/MiniOzoneClusterImpl-943d6ebb-9f51-4477-b660-6e407d8e3762/datanode-4/meta/webserver/jetty-0_0_0_0-15098-hdds-container-service-1_4_0-SNAPSHOT_jar-_-any-4745345307786705911/webapp/,AVAILABLE}{jar:file:/home/runner/.m2/repository/org/apache/ozone/hdds-container-service/1.4.0-SNAPSHOT/hdds-container-service-1.4.0-SNAPSHOT.jar!/webapps/hddsDatanode}
2023-09-25 17:58:18,079 [main] INFO  server.AbstractConnector (AbstractConnector.java:doStart(333)) - Started ServerConnector@7ca6dbbd{HTTP/1.1, (http/1.1)}{0.0.0.0:15098}
2023-09-25 17:58:18,080 [main] INFO  server.Server (Server.java:doStart(415)) - Started @127549ms
2023-09-25 17:58:18,080 [main] WARN  impl.MetricsSystemImpl (MetricsSystemImpl.java:register(279)) - Sink prometheus already exists!
2023-09-25 17:58:18,080 [main] INFO  http.BaseHttpServer (BaseHttpServer.java:updateConnectorAddress(354)) - HTTP server of hddsDatanode listening at http://0.0.0.0:15098
2023-09-25 17:58:18,081 [main] INFO  ipc.CallQueueManager (CallQueueManager.java:<init>(90)) - Using callQueue: class java.util.concurrent.LinkedBlockingQueue, queueCapacity: 100, scheduler: class org.apache.hadoop.ipc.DefaultRpcScheduler, ipcBackoff: false.
2023-09-25 17:58:18,081 [main] INFO  ipc.Server (Server.java:<init>(1287)) - Listener at 0.0.0.0:15099
2023-09-25 17:58:18,083 [Socket Reader #1 for port 15099] INFO  ipc.Server (Server.java:run(1323)) - Starting Socket Reader #1 for port 15099
2023-09-25 17:58:18,088 [main] INFO  ozone.HddsDatanodeService (HddsDatanodeService.java:start(315)) - Datanode start with admins: [runner]
2023-09-25 17:58:18,089 [main] INFO  ozone.HddsDatanodeClientProtocolServer (HddsDatanodeClientProtocolServer.java:start(72)) - RPC server for Client /0.0.0.0:15099
2023-09-25 17:58:18,089 [IPC Server Responder] INFO  ipc.Server (Server.java:run(1562)) - IPC Server Responder: starting
2023-09-25 17:58:18,089 [IPC Server listener on 15099] INFO  ipc.Server (Server.java:run(1402)) - IPC Server listener on 15099: starting
2023-09-25 17:58:18,090 [Datanode State Machine Daemon Thread] INFO  statemachine.DatanodeStateMachine (DatanodeStateMachine.java:lambda$startDaemon$0(539)) - Ozone container server started.
2023-09-25 17:58:18,090 [main] INFO  ozone.MiniOzoneClusterImpl (MiniOzoneClusterImpl.java:lambda$waitForClusterToBeReady$0(229)) - Waiting for nodes to be ready. Got 0 of 5 DN Heartbeats.
2023-09-25 17:58:18,090 [main] INFO  ozone.MiniOzoneClusterImpl (MiniOzoneClusterImpl.java:lambda$waitForClusterToBeReady$0(232)) - Waiting for cluster to exit safe mode
2023-09-25 17:58:18,090 [main] INFO  ozone.MiniOzoneClusterImpl (MiniOzoneClusterImpl.java:lambda$waitForClusterToBeReady$0(234)) - SCM became leader
2023-09-25 17:58:18,096 [Datanode State Machine Task Thread - 0] INFO  datanode.InitDatanodeState (InitDatanodeState.java:persistContainerDatanodeDetails(138)) - DatanodeDetails is persisted to /home/runner/work/ozone/ozone/hadoop-ozone/integration-test/target/test-dir/MiniOzoneClusterImpl-943d6ebb-9f51-4477-b660-6e407d8e3762/datanode-4/meta/datanode.id
2023-09-25 17:58:18,719 [EndpointStateMachine task thread for /0.0.0.0:15055 - 0 ] INFO  utils.DatanodeStoreCache (DatanodeStoreCache.java:addDB(66)) - Added db /home/runner/work/ozone/ozone/hadoop-ozone/integration-test/target/test-dir/MiniOzoneClusterImpl-943d6ebb-9f51-4477-b660-6e407d8e3762/datanode-0/data-0/containers/hdds/943d6ebb-9f51-4477-b660-6e407d8e3762/DS-8c8a3834-7f50-4f53-aacb-18b94bf7b148/container.db to cache
2023-09-25 17:58:18,719 [EndpointStateMachine task thread for /0.0.0.0:15055 - 0 ] INFO  volume.HddsVolume (HddsVolume.java:createDbStore(422)) - SchemaV3 db is created and loaded at /home/runner/work/ozone/ozone/hadoop-ozone/integration-test/target/test-dir/MiniOzoneClusterImpl-943d6ebb-9f51-4477-b660-6e407d8e3762/datanode-0/data-0/containers/hdds/943d6ebb-9f51-4477-b660-6e407d8e3762/DS-8c8a3834-7f50-4f53-aacb-18b94bf7b148/container.db for volume DS-8c8a3834-7f50-4f53-aacb-18b94bf7b148
2023-09-25 17:58:18,720 [EndpointStateMachine task thread for /0.0.0.0:15055 - 0 ] INFO  volume.ThrottledAsyncChecker (ThrottledAsyncChecker.java:schedule(141)) - Scheduling a check for /home/runner/work/ozone/ozone/hadoop-ozone/integration-test/target/test-dir/MiniOzoneClusterImpl-943d6ebb-9f51-4477-b660-6e407d8e3762/datanode-0/data-0/containers/hdds
2023-09-25 17:58:18,720 [EndpointStateMachine task thread for /0.0.0.0:15055 - 0 ] INFO  volume.StorageVolumeChecker (StorageVolumeChecker.java:checkAllVolumes(213)) - Scheduled health check for volume /home/runner/work/ozone/ozone/hadoop-ozone/integration-test/target/test-dir/MiniOzoneClusterImpl-943d6ebb-9f51-4477-b660-6e407d8e3762/datanode-0/data-0/containers/hdds
2023-09-25 17:58:18,723 [EndpointStateMachine task thread for /0.0.0.0:15055 - 0 ] INFO  volume.ThrottledAsyncChecker (ThrottledAsyncChecker.java:schedule(141)) - Scheduling a check for /home/runner/work/ozone/ozone/hadoop-ozone/integration-test/target/test-dir/MiniOzoneClusterImpl-943d6ebb-9f51-4477-b660-6e407d8e3762/datanode-0/data/ratis
2023-09-25 17:58:18,723 [EndpointStateMachine task thread for /0.0.0.0:15055 - 0 ] INFO  volume.StorageVolumeChecker (StorageVolumeChecker.java:checkAllVolumes(213)) - Scheduled health check for volume /home/runner/work/ozone/ozone/hadoop-ozone/integration-test/target/test-dir/MiniOzoneClusterImpl-943d6ebb-9f51-4477-b660-6e407d8e3762/datanode-0/data/ratis
2023-09-25 17:58:18,724 [EndpointStateMachine task thread for /0.0.0.0:15055 - 0 ] INFO  ozoneimpl.OzoneContainer (OzoneContainer.java:start(429)) - Attempting to start container services.
2023-09-25 17:58:18,724 [EndpointStateMachine task thread for /0.0.0.0:15055 - 0 ] INFO  ozoneimpl.OzoneContainer (OzoneContainer.java:startContainerScrub(325)) - Scheduled background container scanners and the on-demand container scanner have been disabled.
2023-09-25 17:58:18,727 [EndpointStateMachine task thread for /0.0.0.0:15055 - 0 ] INFO  replication.ReplicationServer (ReplicationServer.java:start(134)) - ReplicationServer is started using port 15069
2023-09-25 17:58:18,728 [EndpointStateMachine task thread for /0.0.0.0:15055 - 0 ] INFO  ratis.XceiverServerRatis (XceiverServerRatis.java:start(517)) - Starting XceiverServerRatis 75134425-efac-405c-8d5e-f2090f4ad075
2023-09-25 17:58:18,734 [EndpointStateMachine task thread for /0.0.0.0:15055 - 0 ] INFO  server.RaftServer (RaftServerProxy.java:startImpl(400)) - 75134425-efac-405c-8d5e-f2090f4ad075: start RPC server
2023-09-25 17:58:18,743 [EndpointStateMachine task thread for /0.0.0.0:15055 - 0 ] INFO  server.GrpcService (GrpcService.java:startImpl(302)) - 75134425-efac-405c-8d5e-f2090f4ad075: GrpcService started, listening on 15065
2023-09-25 17:58:18,751 [EndpointStateMachine task thread for /0.0.0.0:15055 - 0 ] INFO  server.GrpcService (GrpcService.java:startImpl(302)) - 75134425-efac-405c-8d5e-f2090f4ad075: GrpcService started, listening on 15067
2023-09-25 17:58:18,752 [EndpointStateMachine task thread for /0.0.0.0:15055 - 0 ] INFO  server.GrpcService (GrpcService.java:startImpl(302)) - 75134425-efac-405c-8d5e-f2090f4ad075: GrpcService started, listening on 15066
2023-09-25 17:58:18,753 [EndpointStateMachine task thread for /0.0.0.0:15055 - 0 ] INFO  ratis.XceiverServerRatis (XceiverServerRatis.java:getRealPort(543)) - XceiverServerRatis 75134425-efac-405c-8d5e-f2090f4ad075 is started using port 15065 for RATIS
2023-09-25 17:58:18,753 [EndpointStateMachine task thread for /0.0.0.0:15055 - 0 ] INFO  ratis.XceiverServerRatis (XceiverServerRatis.java:getRealPort(543)) - XceiverServerRatis 75134425-efac-405c-8d5e-f2090f4ad075 is started using port 15066 for RATIS_ADMIN
2023-09-25 17:58:18,753 [EndpointStateMachine task thread for /0.0.0.0:15055 - 0 ] INFO  ratis.XceiverServerRatis (XceiverServerRatis.java:getRealPort(543)) - XceiverServerRatis 75134425-efac-405c-8d5e-f2090f4ad075 is started using port 15067 for RATIS_SERVER
2023-09-25 17:58:18,753 [EndpointStateMachine task thread for /0.0.0.0:15055 - 0 ] INFO  ratis.XceiverServerRatis (XceiverServerRatis.java:getRealPort(543)) - XceiverServerRatis 75134425-efac-405c-8d5e-f2090f4ad075 is started using port 15068 for RATIS_DATASTREAM
2023-09-25 17:58:18,753 [JvmPauseMonitor9] INFO  util.JvmPauseMonitor (JvmPauseMonitor.java:run(103)) - JvmPauseMonitor-75134425-efac-405c-8d5e-f2090f4ad075: Started
2023-09-25 17:58:18,757 [BlockDeletingService#0] INFO  interfaces.ContainerDeletionChoosingPolicyTemplate (ContainerDeletionChoosingPolicyTemplate.java:chooseContainerForBlockDeletion(85)) - Chosen 0/5000 blocks from 0 candidate containers.
2023-09-25 17:58:19,043 [EndpointStateMachine task thread for /0.0.0.0:15055 - 0 ] INFO  utils.DatanodeStoreCache (DatanodeStoreCache.java:addDB(66)) - Added db /home/runner/work/ozone/ozone/hadoop-ozone/integration-test/target/test-dir/MiniOzoneClusterImpl-943d6ebb-9f51-4477-b660-6e407d8e3762/datanode-1/data-0/containers/hdds/943d6ebb-9f51-4477-b660-6e407d8e3762/DS-8cf067ee-c070-4b91-acf6-0eff11a7f931/container.db to cache
2023-09-25 17:58:19,043 [EndpointStateMachine task thread for /0.0.0.0:15055 - 0 ] INFO  volume.HddsVolume (HddsVolume.java:createDbStore(422)) - SchemaV3 db is created and loaded at /home/runner/work/ozone/ozone/hadoop-ozone/integration-test/target/test-dir/MiniOzoneClusterImpl-943d6ebb-9f51-4477-b660-6e407d8e3762/datanode-1/data-0/containers/hdds/943d6ebb-9f51-4477-b660-6e407d8e3762/DS-8cf067ee-c070-4b91-acf6-0eff11a7f931/container.db for volume DS-8cf067ee-c070-4b91-acf6-0eff11a7f931
2023-09-25 17:58:19,044 [EndpointStateMachine task thread for /0.0.0.0:15055 - 0 ] INFO  volume.ThrottledAsyncChecker (ThrottledAsyncChecker.java:schedule(141)) - Scheduling a check for /home/runner/work/ozone/ozone/hadoop-ozone/integration-test/target/test-dir/MiniOzoneClusterImpl-943d6ebb-9f51-4477-b660-6e407d8e3762/datanode-1/data-0/containers/hdds
2023-09-25 17:58:19,045 [EndpointStateMachine task thread for /0.0.0.0:15055 - 0 ] INFO  volume.StorageVolumeChecker (StorageVolumeChecker.java:checkAllVolumes(213)) - Scheduled health check for volume /home/runner/work/ozone/ozone/hadoop-ozone/integration-test/target/test-dir/MiniOzoneClusterImpl-943d6ebb-9f51-4477-b660-6e407d8e3762/datanode-1/data-0/containers/hdds
2023-09-25 17:58:19,048 [EndpointStateMachine task thread for /0.0.0.0:15055 - 0 ] INFO  volume.ThrottledAsyncChecker (ThrottledAsyncChecker.java:schedule(141)) - Scheduling a check for /home/runner/work/ozone/ozone/hadoop-ozone/integration-test/target/test-dir/MiniOzoneClusterImpl-943d6ebb-9f51-4477-b660-6e407d8e3762/datanode-1/data/ratis
2023-09-25 17:58:19,049 [EndpointStateMachine task thread for /0.0.0.0:15055 - 0 ] INFO  volume.StorageVolumeChecker (StorageVolumeChecker.java:checkAllVolumes(213)) - Scheduled health check for volume /home/runner/work/ozone/ozone/hadoop-ozone/integration-test/target/test-dir/MiniOzoneClusterImpl-943d6ebb-9f51-4477-b660-6e407d8e3762/datanode-1/data/ratis
2023-09-25 17:58:19,050 [EndpointStateMachine task thread for /0.0.0.0:15055 - 0 ] INFO  ozoneimpl.OzoneContainer (OzoneContainer.java:start(429)) - Attempting to start container services.
2023-09-25 17:58:19,050 [EndpointStateMachine task thread for /0.0.0.0:15055 - 0 ] INFO  ozoneimpl.OzoneContainer (OzoneContainer.java:startContainerScrub(325)) - Scheduled background container scanners and the on-demand container scanner have been disabled.
2023-09-25 17:58:19,051 [EndpointStateMachine task thread for /0.0.0.0:15055 - 0 ] INFO  replication.ReplicationServer (ReplicationServer.java:start(134)) - ReplicationServer is started using port 15078
2023-09-25 17:58:19,051 [EndpointStateMachine task thread for /0.0.0.0:15055 - 0 ] INFO  ratis.XceiverServerRatis (XceiverServerRatis.java:start(517)) - Starting XceiverServerRatis a644417b-dd47-4d87-a60a-40004e0b267c
2023-09-25 17:58:19,052 [EndpointStateMachine task thread for /0.0.0.0:15055 - 0 ] INFO  server.RaftServer (RaftServerProxy.java:startImpl(400)) - a644417b-dd47-4d87-a60a-40004e0b267c: start RPC server
2023-09-25 17:58:19,054 [EndpointStateMachine task thread for /0.0.0.0:15055 - 0 ] INFO  server.GrpcService (GrpcService.java:startImpl(302)) - a644417b-dd47-4d87-a60a-40004e0b267c: GrpcService started, listening on 15074
2023-09-25 17:58:19,054 [EndpointStateMachine task thread for /0.0.0.0:15055 - 0 ] INFO  server.GrpcService (GrpcService.java:startImpl(302)) - a644417b-dd47-4d87-a60a-40004e0b267c: GrpcService started, listening on 15076
2023-09-25 17:58:19,056 [EndpointStateMachine task thread for /0.0.0.0:15055 - 0 ] INFO  server.GrpcService (GrpcService.java:startImpl(302)) - a644417b-dd47-4d87-a60a-40004e0b267c: GrpcService started, listening on 15075
2023-09-25 17:58:19,056 [EndpointStateMachine task thread for /0.0.0.0:15055 - 0 ] INFO  ratis.XceiverServerRatis (XceiverServerRatis.java:getRealPort(543)) - XceiverServerRatis a644417b-dd47-4d87-a60a-40004e0b267c is started using port 15074 for RATIS
2023-09-25 17:58:19,056 [EndpointStateMachine task thread for /0.0.0.0:15055 - 0 ] INFO  ratis.XceiverServerRatis (XceiverServerRatis.java:getRealPort(543)) - XceiverServerRatis a644417b-dd47-4d87-a60a-40004e0b267c is started using port 15075 for RATIS_ADMIN
2023-09-25 17:58:19,056 [JvmPauseMonitor10] INFO  util.JvmPauseMonitor (JvmPauseMonitor.java:run(103)) - JvmPauseMonitor-a644417b-dd47-4d87-a60a-40004e0b267c: Started
2023-09-25 17:58:19,056 [EndpointStateMachine task thread for /0.0.0.0:15055 - 0 ] INFO  ratis.XceiverServerRatis (XceiverServerRatis.java:getRealPort(543)) - XceiverServerRatis a644417b-dd47-4d87-a60a-40004e0b267c is started using port 15076 for RATIS_SERVER
2023-09-25 17:58:19,057 [EndpointStateMachine task thread for /0.0.0.0:15055 - 0 ] INFO  ratis.XceiverServerRatis (XceiverServerRatis.java:getRealPort(543)) - XceiverServerRatis a644417b-dd47-4d87-a60a-40004e0b267c is started using port 15077 for RATIS_DATASTREAM
2023-09-25 17:58:19,068 [BlockDeletingService#0] INFO  interfaces.ContainerDeletionChoosingPolicyTemplate (ContainerDeletionChoosingPolicyTemplate.java:chooseContainerForBlockDeletion(85)) - Chosen 0/5000 blocks from 0 candidate containers.
2023-09-25 17:58:19,090 [main] INFO  ozone.MiniOzoneClusterImpl (MiniOzoneClusterImpl.java:lambda$waitForClusterToBeReady$0(229)) - Waiting for nodes to be ready. Got 0 of 5 DN Heartbeats.
2023-09-25 17:58:19,091 [main] INFO  ozone.MiniOzoneClusterImpl (MiniOzoneClusterImpl.java:lambda$waitForClusterToBeReady$0(232)) - Waiting for cluster to exit safe mode
2023-09-25 17:58:19,091 [main] INFO  ozone.MiniOzoneClusterImpl (MiniOzoneClusterImpl.java:lambda$waitForClusterToBeReady$0(234)) - SCM became leader
2023-09-25 17:58:19,361 [EndpointStateMachine task thread for /0.0.0.0:15055 - 0 ] INFO  utils.DatanodeStoreCache (DatanodeStoreCache.java:addDB(66)) - Added db /home/runner/work/ozone/ozone/hadoop-ozone/integration-test/target/test-dir/MiniOzoneClusterImpl-943d6ebb-9f51-4477-b660-6e407d8e3762/datanode-2/data-0/containers/hdds/943d6ebb-9f51-4477-b660-6e407d8e3762/DS-ed162394-1206-4630-af85-ec25f074f951/container.db to cache
2023-09-25 17:58:19,361 [EndpointStateMachine task thread for /0.0.0.0:15055 - 0 ] INFO  volume.HddsVolume (HddsVolume.java:createDbStore(422)) - SchemaV3 db is created and loaded at /home/runner/work/ozone/ozone/hadoop-ozone/integration-test/target/test-dir/MiniOzoneClusterImpl-943d6ebb-9f51-4477-b660-6e407d8e3762/datanode-2/data-0/containers/hdds/943d6ebb-9f51-4477-b660-6e407d8e3762/DS-ed162394-1206-4630-af85-ec25f074f951/container.db for volume DS-ed162394-1206-4630-af85-ec25f074f951
2023-09-25 17:58:19,367 [EndpointStateMachine task thread for /0.0.0.0:15055 - 0 ] INFO  volume.ThrottledAsyncChecker (ThrottledAsyncChecker.java:schedule(141)) - Scheduling a check for /home/runner/work/ozone/ozone/hadoop-ozone/integration-test/target/test-dir/MiniOzoneClusterImpl-943d6ebb-9f51-4477-b660-6e407d8e3762/datanode-2/data-0/containers/hdds
2023-09-25 17:58:19,371 [EndpointStateMachine task thread for /0.0.0.0:15055 - 0 ] INFO  volume.StorageVolumeChecker (StorageVolumeChecker.java:checkAllVolumes(213)) - Scheduled health check for volume /home/runner/work/ozone/ozone/hadoop-ozone/integration-test/target/test-dir/MiniOzoneClusterImpl-943d6ebb-9f51-4477-b660-6e407d8e3762/datanode-2/data-0/containers/hdds
2023-09-25 17:58:19,376 [EndpointStateMachine task thread for /0.0.0.0:15055 - 0 ] INFO  volume.ThrottledAsyncChecker (ThrottledAsyncChecker.java:schedule(141)) - Scheduling a check for /home/runner/work/ozone/ozone/hadoop-ozone/integration-test/target/test-dir/MiniOzoneClusterImpl-943d6ebb-9f51-4477-b660-6e407d8e3762/datanode-2/data/ratis
2023-09-25 17:58:19,376 [EndpointStateMachine task thread for /0.0.0.0:15055 - 0 ] INFO  volume.StorageVolumeChecker (StorageVolumeChecker.java:checkAllVolumes(213)) - Scheduled health check for volume /home/runner/work/ozone/ozone/hadoop-ozone/integration-test/target/test-dir/MiniOzoneClusterImpl-943d6ebb-9f51-4477-b660-6e407d8e3762/datanode-2/data/ratis
2023-09-25 17:58:19,378 [EndpointStateMachine task thread for /0.0.0.0:15055 - 0 ] INFO  ozoneimpl.OzoneContainer (OzoneContainer.java:start(429)) - Attempting to start container services.
2023-09-25 17:58:19,378 [EndpointStateMachine task thread for /0.0.0.0:15055 - 0 ] INFO  ozoneimpl.OzoneContainer (OzoneContainer.java:startContainerScrub(325)) - Scheduled background container scanners and the on-demand container scanner have been disabled.
2023-09-25 17:58:19,379 [EndpointStateMachine task thread for /0.0.0.0:15055 - 0 ] INFO  replication.ReplicationServer (ReplicationServer.java:start(134)) - ReplicationServer is started using port 15087
2023-09-25 17:58:19,380 [EndpointStateMachine task thread for /0.0.0.0:15055 - 0 ] INFO  ratis.XceiverServerRatis (XceiverServerRatis.java:start(517)) - Starting XceiverServerRatis 8558cc9e-2498-48a0-8a6c-35e11e299077
2023-09-25 17:58:19,393 [EndpointStateMachine task thread for /0.0.0.0:15055 - 0 ] INFO  server.RaftServer (RaftServerProxy.java:startImpl(400)) - 8558cc9e-2498-48a0-8a6c-35e11e299077: start RPC server
2023-09-25 17:58:19,399 [EndpointStateMachine task thread for /0.0.0.0:15055 - 0 ] INFO  server.GrpcService (GrpcService.java:startImpl(302)) - 8558cc9e-2498-48a0-8a6c-35e11e299077: GrpcService started, listening on 15083
2023-09-25 17:58:19,407 [EndpointStateMachine task thread for /0.0.0.0:15055 - 0 ] INFO  server.GrpcService (GrpcService.java:startImpl(302)) - 8558cc9e-2498-48a0-8a6c-35e11e299077: GrpcService started, listening on 15085
2023-09-25 17:58:19,408 [EndpointStateMachine task thread for /0.0.0.0:15055 - 0 ] INFO  server.GrpcService (GrpcService.java:startImpl(302)) - 8558cc9e-2498-48a0-8a6c-35e11e299077: GrpcService started, listening on 15084
2023-09-25 17:58:19,409 [EndpointStateMachine task thread for /0.0.0.0:15055 - 0 ] INFO  ratis.XceiverServerRatis (XceiverServerRatis.java:getRealPort(543)) - XceiverServerRatis 8558cc9e-2498-48a0-8a6c-35e11e299077 is started using port 15083 for RATIS
2023-09-25 17:58:19,409 [EndpointStateMachine task thread for /0.0.0.0:15055 - 0 ] INFO  ratis.XceiverServerRatis (XceiverServerRatis.java:getRealPort(543)) - XceiverServerRatis 8558cc9e-2498-48a0-8a6c-35e11e299077 is started using port 15084 for RATIS_ADMIN
2023-09-25 17:58:19,409 [EndpointStateMachine task thread for /0.0.0.0:15055 - 0 ] INFO  ratis.XceiverServerRatis (XceiverServerRatis.java:getRealPort(543)) - XceiverServerRatis 8558cc9e-2498-48a0-8a6c-35e11e299077 is started using port 15085 for RATIS_SERVER
2023-09-25 17:58:19,409 [EndpointStateMachine task thread for /0.0.0.0:15055 - 0 ] INFO  ratis.XceiverServerRatis (XceiverServerRatis.java:getRealPort(543)) - XceiverServerRatis 8558cc9e-2498-48a0-8a6c-35e11e299077 is started using port 15086 for RATIS_DATASTREAM
2023-09-25 17:58:19,409 [JvmPauseMonitor11] INFO  util.JvmPauseMonitor (JvmPauseMonitor.java:run(103)) - JvmPauseMonitor-8558cc9e-2498-48a0-8a6c-35e11e299077: Started
2023-09-25 17:58:19,437 [BlockDeletingService#0] INFO  interfaces.ContainerDeletionChoosingPolicyTemplate (ContainerDeletionChoosingPolicyTemplate.java:chooseContainerForBlockDeletion(85)) - Chosen 0/5000 blocks from 0 candidate containers.
2023-09-25 17:58:19,778 [EndpointStateMachine task thread for /0.0.0.0:15055 - 0 ] INFO  utils.DatanodeStoreCache (DatanodeStoreCache.java:addDB(66)) - Added db /home/runner/work/ozone/ozone/hadoop-ozone/integration-test/target/test-dir/MiniOzoneClusterImpl-943d6ebb-9f51-4477-b660-6e407d8e3762/datanode-3/data-0/containers/hdds/943d6ebb-9f51-4477-b660-6e407d8e3762/DS-e7f67b78-606c-4b01-ae95-d6dc45e680f5/container.db to cache
2023-09-25 17:58:19,779 [EndpointStateMachine task thread for /0.0.0.0:15055 - 0 ] INFO  volume.HddsVolume (HddsVolume.java:createDbStore(422)) - SchemaV3 db is created and loaded at /home/runner/work/ozone/ozone/hadoop-ozone/integration-test/target/test-dir/MiniOzoneClusterImpl-943d6ebb-9f51-4477-b660-6e407d8e3762/datanode-3/data-0/containers/hdds/943d6ebb-9f51-4477-b660-6e407d8e3762/DS-e7f67b78-606c-4b01-ae95-d6dc45e680f5/container.db for volume DS-e7f67b78-606c-4b01-ae95-d6dc45e680f5
2023-09-25 17:58:19,787 [EndpointStateMachine task thread for /0.0.0.0:15055 - 0 ] INFO  volume.ThrottledAsyncChecker (ThrottledAsyncChecker.java:schedule(141)) - Scheduling a check for /home/runner/work/ozone/ozone/hadoop-ozone/integration-test/target/test-dir/MiniOzoneClusterImpl-943d6ebb-9f51-4477-b660-6e407d8e3762/datanode-3/data-0/containers/hdds
2023-09-25 17:58:19,795 [EndpointStateMachine task thread for /0.0.0.0:15055 - 0 ] INFO  volume.StorageVolumeChecker (StorageVolumeChecker.java:checkAllVolumes(213)) - Scheduled health check for volume /home/runner/work/ozone/ozone/hadoop-ozone/integration-test/target/test-dir/MiniOzoneClusterImpl-943d6ebb-9f51-4477-b660-6e407d8e3762/datanode-3/data-0/containers/hdds
2023-09-25 17:58:19,796 [EndpointStateMachine task thread for /0.0.0.0:15055 - 0 ] INFO  volume.ThrottledAsyncChecker (ThrottledAsyncChecker.java:schedule(141)) - Scheduling a check for /home/runner/work/ozone/ozone/hadoop-ozone/integration-test/target/test-dir/MiniOzoneClusterImpl-943d6ebb-9f51-4477-b660-6e407d8e3762/datanode-3/data/ratis
2023-09-25 17:58:19,796 [EndpointStateMachine task thread for /0.0.0.0:15055 - 0 ] INFO  volume.StorageVolumeChecker (StorageVolumeChecker.java:checkAllVolumes(213)) - Scheduled health check for volume /home/runner/work/ozone/ozone/hadoop-ozone/integration-test/target/test-dir/MiniOzoneClusterImpl-943d6ebb-9f51-4477-b660-6e407d8e3762/datanode-3/data/ratis
2023-09-25 17:58:19,798 [EndpointStateMachine task thread for /0.0.0.0:15055 - 0 ] INFO  ozoneimpl.OzoneContainer (OzoneContainer.java:start(429)) - Attempting to start container services.
2023-09-25 17:58:19,798 [EndpointStateMachine task thread for /0.0.0.0:15055 - 0 ] INFO  ozoneimpl.OzoneContainer (OzoneContainer.java:startContainerScrub(325)) - Scheduled background container scanners and the on-demand container scanner have been disabled.
2023-09-25 17:58:19,799 [EndpointStateMachine task thread for /0.0.0.0:15055 - 0 ] INFO  replication.ReplicationServer (ReplicationServer.java:start(134)) - ReplicationServer is started using port 15096
2023-09-25 17:58:19,799 [EndpointStateMachine task thread for /0.0.0.0:15055 - 0 ] INFO  ratis.XceiverServerRatis (XceiverServerRatis.java:start(517)) - Starting XceiverServerRatis e996d841-287d-4937-b6a3-35b5511a6c1e
2023-09-25 17:58:19,815 [EndpointStateMachine task thread for /0.0.0.0:15055 - 0 ] INFO  server.RaftServer (RaftServerProxy.java:startImpl(400)) - e996d841-287d-4937-b6a3-35b5511a6c1e: start RPC server
2023-09-25 17:58:19,823 [EndpointStateMachine task thread for /0.0.0.0:15055 - 0 ] INFO  server.GrpcService (GrpcService.java:startImpl(302)) - e996d841-287d-4937-b6a3-35b5511a6c1e: GrpcService started, listening on 15092
2023-09-25 17:58:19,828 [EndpointStateMachine task thread for /0.0.0.0:15055 - 0 ] INFO  server.GrpcService (GrpcService.java:startImpl(302)) - e996d841-287d-4937-b6a3-35b5511a6c1e: GrpcService started, listening on 15094
2023-09-25 17:58:19,834 [EndpointStateMachine task thread for /0.0.0.0:15055 - 0 ] INFO  server.GrpcService (GrpcService.java:startImpl(302)) - e996d841-287d-4937-b6a3-35b5511a6c1e: GrpcService started, listening on 15093
2023-09-25 17:58:19,835 [EndpointStateMachine task thread for /0.0.0.0:15055 - 0 ] INFO  ratis.XceiverServerRatis (XceiverServerRatis.java:getRealPort(543)) - XceiverServerRatis e996d841-287d-4937-b6a3-35b5511a6c1e is started using port 15092 for RATIS
2023-09-25 17:58:19,835 [EndpointStateMachine task thread for /0.0.0.0:15055 - 0 ] INFO  ratis.XceiverServerRatis (XceiverServerRatis.java:getRealPort(543)) - XceiverServerRatis e996d841-287d-4937-b6a3-35b5511a6c1e is started using port 15093 for RATIS_ADMIN
2023-09-25 17:58:19,835 [EndpointStateMachine task thread for /0.0.0.0:15055 - 0 ] INFO  ratis.XceiverServerRatis (XceiverServerRatis.java:getRealPort(543)) - XceiverServerRatis e996d841-287d-4937-b6a3-35b5511a6c1e is started using port 15094 for RATIS_SERVER
2023-09-25 17:58:19,835 [EndpointStateMachine task thread for /0.0.0.0:15055 - 0 ] INFO  ratis.XceiverServerRatis (XceiverServerRatis.java:getRealPort(543)) - XceiverServerRatis e996d841-287d-4937-b6a3-35b5511a6c1e is started using port 15095 for RATIS_DATASTREAM
2023-09-25 17:58:19,835 [JvmPauseMonitor12] INFO  util.JvmPauseMonitor (JvmPauseMonitor.java:run(103)) - JvmPauseMonitor-e996d841-287d-4937-b6a3-35b5511a6c1e: Started
2023-09-25 17:58:19,851 [BlockDeletingService#0] INFO  interfaces.ContainerDeletionChoosingPolicyTemplate (ContainerDeletionChoosingPolicyTemplate.java:chooseContainerForBlockDeletion(85)) - Chosen 0/5000 blocks from 0 candidate containers.
2023-09-25 17:58:20,091 [main] INFO  ozone.MiniOzoneClusterImpl (MiniOzoneClusterImpl.java:lambda$waitForClusterToBeReady$0(229)) - Waiting for nodes to be ready. Got 0 of 5 DN Heartbeats.
2023-09-25 17:58:20,091 [main] INFO  ozone.MiniOzoneClusterImpl (MiniOzoneClusterImpl.java:lambda$waitForClusterToBeReady$0(232)) - Waiting for cluster to exit safe mode
2023-09-25 17:58:20,091 [main] INFO  ozone.MiniOzoneClusterImpl (MiniOzoneClusterImpl.java:lambda$waitForClusterToBeReady$0(234)) - SCM became leader
2023-09-25 17:58:20,131 [EndpointStateMachine task thread for /0.0.0.0:15055 - 0 ] INFO  utils.DatanodeStoreCache (DatanodeStoreCache.java:addDB(66)) - Added db /home/runner/work/ozone/ozone/hadoop-ozone/integration-test/target/test-dir/MiniOzoneClusterImpl-943d6ebb-9f51-4477-b660-6e407d8e3762/datanode-4/data-0/containers/hdds/943d6ebb-9f51-4477-b660-6e407d8e3762/DS-e4f8c10a-89b3-4f4d-a9ff-437705b9e687/container.db to cache
2023-09-25 17:58:20,131 [EndpointStateMachine task thread for /0.0.0.0:15055 - 0 ] INFO  volume.HddsVolume (HddsVolume.java:createDbStore(422)) - SchemaV3 db is created and loaded at /home/runner/work/ozone/ozone/hadoop-ozone/integration-test/target/test-dir/MiniOzoneClusterImpl-943d6ebb-9f51-4477-b660-6e407d8e3762/datanode-4/data-0/containers/hdds/943d6ebb-9f51-4477-b660-6e407d8e3762/DS-e4f8c10a-89b3-4f4d-a9ff-437705b9e687/container.db for volume DS-e4f8c10a-89b3-4f4d-a9ff-437705b9e687
2023-09-25 17:58:20,132 [EndpointStateMachine task thread for /0.0.0.0:15055 - 0 ] INFO  volume.ThrottledAsyncChecker (ThrottledAsyncChecker.java:schedule(141)) - Scheduling a check for /home/runner/work/ozone/ozone/hadoop-ozone/integration-test/target/test-dir/MiniOzoneClusterImpl-943d6ebb-9f51-4477-b660-6e407d8e3762/datanode-4/data-0/containers/hdds
2023-09-25 17:58:20,135 [EndpointStateMachine task thread for /0.0.0.0:15055 - 0 ] INFO  volume.StorageVolumeChecker (StorageVolumeChecker.java:checkAllVolumes(213)) - Scheduled health check for volume /home/runner/work/ozone/ozone/hadoop-ozone/integration-test/target/test-dir/MiniOzoneClusterImpl-943d6ebb-9f51-4477-b660-6e407d8e3762/datanode-4/data-0/containers/hdds
2023-09-25 17:58:20,139 [EndpointStateMachine task thread for /0.0.0.0:15055 - 0 ] INFO  volume.ThrottledAsyncChecker (ThrottledAsyncChecker.java:schedule(141)) - Scheduling a check for /home/runner/work/ozone/ozone/hadoop-ozone/integration-test/target/test-dir/MiniOzoneClusterImpl-943d6ebb-9f51-4477-b660-6e407d8e3762/datanode-4/data/ratis
2023-09-25 17:58:20,139 [EndpointStateMachine task thread for /0.0.0.0:15055 - 0 ] INFO  volume.StorageVolumeChecker (StorageVolumeChecker.java:checkAllVolumes(213)) - Scheduled health check for volume /home/runner/work/ozone/ozone/hadoop-ozone/integration-test/target/test-dir/MiniOzoneClusterImpl-943d6ebb-9f51-4477-b660-6e407d8e3762/datanode-4/data/ratis
2023-09-25 17:58:20,140 [EndpointStateMachine task thread for /0.0.0.0:15055 - 0 ] INFO  ozoneimpl.OzoneContainer (OzoneContainer.java:start(429)) - Attempting to start container services.
2023-09-25 17:58:20,141 [EndpointStateMachine task thread for /0.0.0.0:15055 - 0 ] INFO  ozoneimpl.OzoneContainer (OzoneContainer.java:startContainerScrub(325)) - Scheduled background container scanners and the on-demand container scanner have been disabled.
2023-09-25 17:58:20,142 [EndpointStateMachine task thread for /0.0.0.0:15055 - 0 ] INFO  replication.ReplicationServer (ReplicationServer.java:start(134)) - ReplicationServer is started using port 15105
2023-09-25 17:58:20,142 [EndpointStateMachine task thread for /0.0.0.0:15055 - 0 ] INFO  ratis.XceiverServerRatis (XceiverServerRatis.java:start(517)) - Starting XceiverServerRatis 4cd7b50a-b530-4fcc-bddc-ce049f20e72b
2023-09-25 17:58:20,142 [EndpointStateMachine task thread for /0.0.0.0:15055 - 0 ] INFO  server.RaftServer (RaftServerProxy.java:startImpl(400)) - 4cd7b50a-b530-4fcc-bddc-ce049f20e72b: start RPC server
2023-09-25 17:58:20,147 [EndpointStateMachine task thread for /0.0.0.0:15055 - 0 ] INFO  server.GrpcService (GrpcService.java:startImpl(302)) - 4cd7b50a-b530-4fcc-bddc-ce049f20e72b: GrpcService started, listening on 15101
2023-09-25 17:58:20,148 [EndpointStateMachine task thread for /0.0.0.0:15055 - 0 ] INFO  server.GrpcService (GrpcService.java:startImpl(302)) - 4cd7b50a-b530-4fcc-bddc-ce049f20e72b: GrpcService started, listening on 15103
2023-09-25 17:58:20,149 [EndpointStateMachine task thread for /0.0.0.0:15055 - 0 ] INFO  server.GrpcService (GrpcService.java:startImpl(302)) - 4cd7b50a-b530-4fcc-bddc-ce049f20e72b: GrpcService started, listening on 15102
2023-09-25 17:58:20,150 [EndpointStateMachine task thread for /0.0.0.0:15055 - 0 ] INFO  ratis.XceiverServerRatis (XceiverServerRatis.java:getRealPort(543)) - XceiverServerRatis 4cd7b50a-b530-4fcc-bddc-ce049f20e72b is started using port 15101 for RATIS
2023-09-25 17:58:20,150 [EndpointStateMachine task thread for /0.0.0.0:15055 - 0 ] INFO  ratis.XceiverServerRatis (XceiverServerRatis.java:getRealPort(543)) - XceiverServerRatis 4cd7b50a-b530-4fcc-bddc-ce049f20e72b is started using port 15102 for RATIS_ADMIN
2023-09-25 17:58:20,150 [EndpointStateMachine task thread for /0.0.0.0:15055 - 0 ] INFO  ratis.XceiverServerRatis (XceiverServerRatis.java:getRealPort(543)) - XceiverServerRatis 4cd7b50a-b530-4fcc-bddc-ce049f20e72b is started using port 15103 for RATIS_SERVER
2023-09-25 17:58:20,150 [EndpointStateMachine task thread for /0.0.0.0:15055 - 0 ] INFO  ratis.XceiverServerRatis (XceiverServerRatis.java:getRealPort(543)) - XceiverServerRatis 4cd7b50a-b530-4fcc-bddc-ce049f20e72b is started using port 15104 for RATIS_DATASTREAM
2023-09-25 17:58:20,150 [JvmPauseMonitor13] INFO  util.JvmPauseMonitor (JvmPauseMonitor.java:run(103)) - JvmPauseMonitor-4cd7b50a-b530-4fcc-bddc-ce049f20e72b: Started
2023-09-25 17:58:20,156 [BlockDeletingService#0] INFO  interfaces.ContainerDeletionChoosingPolicyTemplate (ContainerDeletionChoosingPolicyTemplate.java:chooseContainerForBlockDeletion(85)) - Chosen 0/5000 blocks from 0 candidate containers.
2023-09-25 17:58:20,663 [IPC Server handler 1 on default port 15055] INFO  net.NetworkTopologyImpl (NetworkTopologyImpl.java:add(112)) - Added a new node: /default-rack/75134425-efac-405c-8d5e-f2090f4ad075
2023-09-25 17:58:20,664 [IPC Server handler 1 on default port 15055] INFO  node.SCMNodeManager (SCMNodeManager.java:register(405)) - Registered Data node : 75134425-efac-405c-8d5e-f2090f4ad075{ip: 10.1.0.144, host: fv-az249-861, ports: [HTTP=15062, CLIENT_RPC=15063, REPLICATION=15069, RATIS=15065, RATIS_ADMIN=15066, RATIS_SERVER=15067, RATIS_DATASTREAM=15068, STANDALONE=15064], networkLocation: /default-rack, certSerialId: null, persistedOpState: null, persistedOpStateExpiryEpochSec: 0}
2023-09-25 17:58:20,666 [EventQueue-NodeRegistrationContainerReportForContainerSafeModeRule] INFO  safemode.SCMSafeModeManager (SCMSafeModeManager.java:validateSafeModeExitRules(200)) - ContainerSafeModeRule rule is successfully validated
2023-09-25 17:58:20,680 [EventQueue-NewNodeForNewNodeHandler] INFO  pipeline.BackgroundPipelineCreator (BackgroundPipelineCreator.java:notifyEventTriggered(277)) - trigger a one-shot run on RatisPipelineUtilsThread.
2023-09-25 17:58:20,680 [RatisPipelineUtilsThread - 0] INFO  pipeline.RatisPipelineProvider (RatisPipelineProvider.java:lambda$create$0(206)) - Sending CreatePipelineCommand for pipeline:PipelineID=1ea90750-da0b-45a3-857b-38837ff94a01 to datanode:75134425-efac-405c-8d5e-f2090f4ad075
2023-09-25 17:58:20,682 [RatisPipelineUtilsThread - 0] INFO  pipeline.BackgroundPipelineCreator (BackgroundPipelineCreator.java:createPipelines(233)) - Created new pipeline Pipeline[ Id: 1ea90750-da0b-45a3-857b-38837ff94a01, Nodes: 75134425-efac-405c-8d5e-f2090f4ad075(fv-az249-861/10.1.0.144), ReplicationConfig: RATIS/ONE, State:ALLOCATED, leaderId:, CreationTimestamp2023-09-25T17:58:20.680Z[Etc/UTC]]
2023-09-25 17:58:20,683 [EventQueue-PipelineReportForOneReplicaPipelineSafeModeRule] INFO  safemode.SCMSafeModeManager (SCMSafeModeManager.java:validateSafeModeExitRules(200)) - AtleastOneDatanodeReportedRule rule is successfully validated
2023-09-25 17:58:20,684 [EventQueue-NodeRegistrationContainerReportForDataNodeSafeModeRule] INFO  safemode.SCMSafeModeManager (DataNodeSafeModeRule.java:process(71)) - SCM in safe mode. 1 DataNodes registered, 3 required.
2023-09-25 17:58:20,996 [IPC Server handler 16 on default port 15055] INFO  net.NetworkTopologyImpl (NetworkTopologyImpl.java:add(112)) - Added a new node: /default-rack/a644417b-dd47-4d87-a60a-40004e0b267c
2023-09-25 17:58:20,996 [IPC Server handler 16 on default port 15055] INFO  node.SCMNodeManager (SCMNodeManager.java:register(405)) - Registered Data node : a644417b-dd47-4d87-a60a-40004e0b267c{ip: 10.1.0.144, host: fv-az249-861, ports: [HTTP=15071, CLIENT_RPC=15072, REPLICATION=15078, RATIS=15074, RATIS_ADMIN=15075, RATIS_SERVER=15076, RATIS_DATASTREAM=15077, STANDALONE=15073], networkLocation: /default-rack, certSerialId: null, persistedOpState: null, persistedOpStateExpiryEpochSec: 0}
2023-09-25 17:58:20,998 [EventQueue-NewNodeForNewNodeHandler] INFO  pipeline.BackgroundPipelineCreator (BackgroundPipelineCreator.java:notifyEventTriggered(277)) - trigger a one-shot run on RatisPipelineUtilsThread.
2023-09-25 17:58:20,998 [EventQueue-NodeRegistrationContainerReportForDataNodeSafeModeRule] INFO  safemode.SCMSafeModeManager (DataNodeSafeModeRule.java:process(71)) - SCM in safe mode. 2 DataNodes registered, 3 required.
2023-09-25 17:58:20,999 [RatisPipelineUtilsThread - 0] INFO  pipeline.RatisPipelineProvider (RatisPipelineProvider.java:lambda$create$0(206)) - Sending CreatePipelineCommand for pipeline:PipelineID=bdeb7767-0024-4ab0-922f-ec2a289280fe to datanode:a644417b-dd47-4d87-a60a-40004e0b267c
2023-09-25 17:58:20,999 [RatisPipelineUtilsThread - 0] INFO  pipeline.BackgroundPipelineCreator (BackgroundPipelineCreator.java:createPipelines(233)) - Created new pipeline Pipeline[ Id: bdeb7767-0024-4ab0-922f-ec2a289280fe, Nodes: a644417b-dd47-4d87-a60a-40004e0b267c(fv-az249-861/10.1.0.144), ReplicationConfig: RATIS/ONE, State:ALLOCATED, leaderId:, CreationTimestamp2023-09-25T17:58:20.999Z[Etc/UTC]]
2023-09-25 17:58:21,092 [main] INFO  ozone.MiniOzoneClusterImpl (MiniOzoneClusterImpl.java:lambda$waitForClusterToBeReady$0(229)) - Waiting for nodes to be ready. Got 2 of 5 DN Heartbeats.
2023-09-25 17:58:21,092 [main] INFO  ozone.MiniOzoneClusterImpl (MiniOzoneClusterImpl.java:lambda$waitForClusterToBeReady$0(232)) - Waiting for cluster to exit safe mode
2023-09-25 17:58:21,092 [main] INFO  ozone.MiniOzoneClusterImpl (MiniOzoneClusterImpl.java:lambda$waitForClusterToBeReady$0(234)) - SCM became leader
2023-09-25 17:58:21,319 [IPC Server handler 0 on default port 15055] INFO  net.NetworkTopologyImpl (NetworkTopologyImpl.java:add(112)) - Added a new node: /default-rack/8558cc9e-2498-48a0-8a6c-35e11e299077
2023-09-25 17:58:21,320 [IPC Server handler 0 on default port 15055] INFO  node.SCMNodeManager (SCMNodeManager.java:register(405)) - Registered Data node : 8558cc9e-2498-48a0-8a6c-35e11e299077{ip: 10.1.0.144, host: fv-az249-861, ports: [HTTP=15080, CLIENT_RPC=15081, REPLICATION=15087, RATIS=15083, RATIS_ADMIN=15084, RATIS_SERVER=15085, RATIS_DATASTREAM=15086, STANDALONE=15082], networkLocation: /default-rack, certSerialId: null, persistedOpState: null, persistedOpStateExpiryEpochSec: 0}
2023-09-25 17:58:21,320 [EventQueue-NewNodeForNewNodeHandler] INFO  pipeline.BackgroundPipelineCreator (BackgroundPipelineCreator.java:notifyEventTriggered(277)) - trigger a one-shot run on RatisPipelineUtilsThread.
2023-09-25 17:58:21,322 [EventQueue-NodeRegistrationContainerReportForDataNodeSafeModeRule] INFO  safemode.SCMSafeModeManager (DataNodeSafeModeRule.java:process(71)) - SCM in safe mode. 3 DataNodes registered, 3 required.
2023-09-25 17:58:21,322 [EventQueue-NodeRegistrationContainerReportForDataNodeSafeModeRule] INFO  safemode.SCMSafeModeManager (SCMSafeModeManager.java:validateSafeModeExitRules(200)) - DataNodeSafeModeRule rule is successfully validated
2023-09-25 17:58:21,322 [EventQueue-NodeRegistrationContainerReportForDataNodeSafeModeRule] INFO  safemode.SCMSafeModeManager (SCMSafeModeManager.java:completePreCheck(229)) - All SCM safe mode pre check rules have passed
2023-09-25 17:58:21,322 [EventQueue-NodeRegistrationContainerReportForDataNodeSafeModeRule] INFO  ha.SCMContext (SCMContext.java:updateSafeModeStatus(228)) - Update SafeModeStatus from SafeModeStatus{safeModeStatus=true, preCheckPassed=false} to SafeModeStatus{safeModeStatus=true, preCheckPassed=true}.
2023-09-25 17:58:21,322 [EventQueue-NodeRegistrationContainerReportForDataNodeSafeModeRule] INFO  pipeline.BackgroundPipelineCreator (BackgroundPipelineCreator.java:notifyEventTriggered(277)) - trigger a one-shot run on RatisPipelineUtilsThread.
2023-09-25 17:58:21,323 [RatisPipelineUtilsThread - 0] INFO  pipeline.RatisPipelineProvider (RatisPipelineProvider.java:lambda$create$0(206)) - Sending CreatePipelineCommand for pipeline:PipelineID=e260415f-81f3-4941-b368-f8ec447a9252 to datanode:8558cc9e-2498-48a0-8a6c-35e11e299077
2023-09-25 17:58:21,323 [RatisPipelineUtilsThread - 0] INFO  pipeline.BackgroundPipelineCreator (BackgroundPipelineCreator.java:createPipelines(233)) - Created new pipeline Pipeline[ Id: e260415f-81f3-4941-b368-f8ec447a9252, Nodes: 8558cc9e-2498-48a0-8a6c-35e11e299077(fv-az249-861/10.1.0.144), ReplicationConfig: RATIS/ONE, State:ALLOCATED, leaderId:, CreationTimestamp2023-09-25T17:58:21.323Z[Etc/UTC]]
2023-09-25 17:58:21,324 [RatisPipelineUtilsThread - 0] INFO  pipeline.RatisPipelineProvider (RatisPipelineProvider.java:lambda$create$0(206)) - Sending CreatePipelineCommand for pipeline:PipelineID=79ff3b36-6127-434c-ab9d-4f6e12dad237 to datanode:a644417b-dd47-4d87-a60a-40004e0b267c
2023-09-25 17:58:21,324 [RatisPipelineUtilsThread - 0] INFO  pipeline.RatisPipelineProvider (RatisPipelineProvider.java:lambda$create$0(206)) - Sending CreatePipelineCommand for pipeline:PipelineID=79ff3b36-6127-434c-ab9d-4f6e12dad237 to datanode:8558cc9e-2498-48a0-8a6c-35e11e299077
2023-09-25 17:58:21,325 [RatisPipelineUtilsThread - 0] INFO  pipeline.RatisPipelineProvider (RatisPipelineProvider.java:lambda$create$0(206)) - Sending CreatePipelineCommand for pipeline:PipelineID=79ff3b36-6127-434c-ab9d-4f6e12dad237 to datanode:75134425-efac-405c-8d5e-f2090f4ad075
2023-09-25 17:58:21,325 [RatisPipelineUtilsThread - 0] INFO  pipeline.BackgroundPipelineCreator (BackgroundPipelineCreator.java:createPipelines(233)) - Created new pipeline Pipeline[ Id: 79ff3b36-6127-434c-ab9d-4f6e12dad237, Nodes: a644417b-dd47-4d87-a60a-40004e0b267c(fv-az249-861/10.1.0.144)8558cc9e-2498-48a0-8a6c-35e11e299077(fv-az249-861/10.1.0.144)75134425-efac-405c-8d5e-f2090f4ad075(fv-az249-861/10.1.0.144), ReplicationConfig: RATIS/THREE, State:ALLOCATED, leaderId:, CreationTimestamp2023-09-25T17:58:21.324Z[Etc/UTC]]
2023-09-25 17:58:21,326 [RatisPipelineUtilsThread - 0] INFO  pipeline.RatisPipelineProvider (RatisPipelineProvider.java:lambda$create$0(206)) - Sending CreatePipelineCommand for pipeline:PipelineID=fb54c0c3-2a5e-4ae7-9cfd-95e18541596a to datanode:8558cc9e-2498-48a0-8a6c-35e11e299077
2023-09-25 17:58:21,326 [RatisPipelineUtilsThread - 0] INFO  pipeline.RatisPipelineProvider (RatisPipelineProvider.java:lambda$create$0(206)) - Sending CreatePipelineCommand for pipeline:PipelineID=fb54c0c3-2a5e-4ae7-9cfd-95e18541596a to datanode:a644417b-dd47-4d87-a60a-40004e0b267c
2023-09-25 17:58:21,326 [RatisPipelineUtilsThread - 0] INFO  pipeline.RatisPipelineProvider (RatisPipelineProvider.java:lambda$create$0(206)) - Sending CreatePipelineCommand for pipeline:PipelineID=fb54c0c3-2a5e-4ae7-9cfd-95e18541596a to datanode:75134425-efac-405c-8d5e-f2090f4ad075
2023-09-25 17:58:21,327 [RatisPipelineUtilsThread - 0] INFO  pipeline.PipelineManagerImpl (PipelineManagerImpl.java:recordMetricsForPipeline(895)) - Pipeline: PipelineID=fb54c0c3-2a5e-4ae7-9cfd-95e18541596a contains same datanodes as previous pipelines: PipelineID=79ff3b36-6127-434c-ab9d-4f6e12dad237 nodeIds: 8558cc9e-2498-48a0-8a6c-35e11e299077, a644417b-dd47-4d87-a60a-40004e0b267c, 75134425-efac-405c-8d5e-f2090f4ad075
2023-09-25 17:58:21,327 [RatisPipelineUtilsThread - 0] INFO  pipeline.BackgroundPipelineCreator (BackgroundPipelineCreator.java:createPipelines(233)) - Created new pipeline Pipeline[ Id: fb54c0c3-2a5e-4ae7-9cfd-95e18541596a, Nodes: 8558cc9e-2498-48a0-8a6c-35e11e299077(fv-az249-861/10.1.0.144)a644417b-dd47-4d87-a60a-40004e0b267c(fv-az249-861/10.1.0.144)75134425-efac-405c-8d5e-f2090f4ad075(fv-az249-861/10.1.0.144), ReplicationConfig: RATIS/THREE, State:ALLOCATED, leaderId:, CreationTimestamp2023-09-25T17:58:21.326Z[Etc/UTC]]
2023-09-25 17:58:21,733 [IPC Server handler 16 on default port 15055] INFO  net.NetworkTopologyImpl (NetworkTopologyImpl.java:add(112)) - Added a new node: /default-rack/e996d841-287d-4937-b6a3-35b5511a6c1e
2023-09-25 17:58:21,733 [IPC Server handler 16 on default port 15055] INFO  node.SCMNodeManager (SCMNodeManager.java:register(405)) - Registered Data node : e996d841-287d-4937-b6a3-35b5511a6c1e{ip: 10.1.0.144, host: fv-az249-861, ports: [HTTP=15089, CLIENT_RPC=15090, REPLICATION=15096, RATIS=15092, RATIS_ADMIN=15093, RATIS_SERVER=15094, RATIS_DATASTREAM=15095, STANDALONE=15091], networkLocation: /default-rack, certSerialId: null, persistedOpState: null, persistedOpStateExpiryEpochSec: 0}
2023-09-25 17:58:21,735 [EventQueue-NewNodeForNewNodeHandler] INFO  pipeline.BackgroundPipelineCreator (BackgroundPipelineCreator.java:notifyEventTriggered(277)) - trigger a one-shot run on RatisPipelineUtilsThread.
2023-09-25 17:58:21,735 [RatisPipelineUtilsThread - 0] INFO  pipeline.RatisPipelineProvider (RatisPipelineProvider.java:lambda$create$0(206)) - Sending CreatePipelineCommand for pipeline:PipelineID=9a23e40e-adb7-457a-8977-cbc248230f26 to datanode:e996d841-287d-4937-b6a3-35b5511a6c1e
2023-09-25 17:58:21,736 [RatisPipelineUtilsThread - 0] INFO  pipeline.BackgroundPipelineCreator (BackgroundPipelineCreator.java:createPipelines(233)) - Created new pipeline Pipeline[ Id: 9a23e40e-adb7-457a-8977-cbc248230f26, Nodes: e996d841-287d-4937-b6a3-35b5511a6c1e(fv-az249-861/10.1.0.144), ReplicationConfig: RATIS/ONE, State:ALLOCATED, leaderId:, CreationTimestamp2023-09-25T17:58:21.735Z[Etc/UTC]]
2023-09-25 17:58:22,092 [main] INFO  ozone.MiniOzoneClusterImpl (MiniOzoneClusterImpl.java:lambda$waitForClusterToBeReady$0(229)) - Waiting for nodes to be ready. Got 4 of 5 DN Heartbeats.
2023-09-25 17:58:22,093 [main] INFO  ozone.MiniOzoneClusterImpl (MiniOzoneClusterImpl.java:lambda$waitForClusterToBeReady$0(232)) - Waiting for cluster to exit safe mode
2023-09-25 17:58:22,093 [main] INFO  ozone.MiniOzoneClusterImpl (MiniOzoneClusterImpl.java:lambda$waitForClusterToBeReady$0(234)) - SCM became leader
2023-09-25 17:58:22,095 [IPC Server handler 17 on default port 15055] INFO  net.NetworkTopologyImpl (NetworkTopologyImpl.java:add(112)) - Added a new node: /default-rack/4cd7b50a-b530-4fcc-bddc-ce049f20e72b
2023-09-25 17:58:22,095 [IPC Server handler 17 on default port 15055] INFO  node.SCMNodeManager (SCMNodeManager.java:register(405)) - Registered Data node : 4cd7b50a-b530-4fcc-bddc-ce049f20e72b{ip: 10.1.0.144, host: fv-az249-861, ports: [HTTP=15098, CLIENT_RPC=15099, REPLICATION=15105, RATIS=15101, RATIS_ADMIN=15102, RATIS_SERVER=15103, RATIS_DATASTREAM=15104, STANDALONE=15100], networkLocation: /default-rack, certSerialId: null, persistedOpState: null, persistedOpStateExpiryEpochSec: 0}
2023-09-25 17:58:22,096 [EventQueue-NewNodeForNewNodeHandler] INFO  pipeline.BackgroundPipelineCreator (BackgroundPipelineCreator.java:notifyEventTriggered(277)) - trigger a one-shot run on RatisPipelineUtilsThread.
2023-09-25 17:58:22,096 [RatisPipelineUtilsThread - 0] INFO  pipeline.RatisPipelineProvider (RatisPipelineProvider.java:lambda$create$0(206)) - Sending CreatePipelineCommand for pipeline:PipelineID=36521b71-bd0e-496e-ae82-75c38d5ddacb to datanode:4cd7b50a-b530-4fcc-bddc-ce049f20e72b
2023-09-25 17:58:22,097 [RatisPipelineUtilsThread - 0] INFO  pipeline.BackgroundPipelineCreator (BackgroundPipelineCreator.java:createPipelines(233)) - Created new pipeline Pipeline[ Id: 36521b71-bd0e-496e-ae82-75c38d5ddacb, Nodes: 4cd7b50a-b530-4fcc-bddc-ce049f20e72b(fv-az249-861/10.1.0.144), ReplicationConfig: RATIS/ONE, State:ALLOCATED, leaderId:, CreationTimestamp2023-09-25T17:58:22.096Z[Etc/UTC]]
2023-09-25 17:58:23,093 [main] INFO  ozone.MiniOzoneClusterImpl (MiniOzoneClusterImpl.java:lambda$waitForClusterToBeReady$0(229)) - Nodes are ready. Got 5 of 5 DN Heartbeats.
2023-09-25 17:58:23,093 [main] INFO  ozone.MiniOzoneClusterImpl (MiniOzoneClusterImpl.java:lambda$waitForClusterToBeReady$0(232)) - Waiting for cluster to exit safe mode
2023-09-25 17:58:23,093 [main] INFO  ozone.MiniOzoneClusterImpl (MiniOzoneClusterImpl.java:lambda$waitForClusterToBeReady$0(234)) - SCM became leader
2023-09-25 17:58:23,664 [PipelineCommandHandlerThread-0] INFO  server.RaftServer (RaftServerProxy.java:addNew(98)) - 75134425-efac-405c-8d5e-f2090f4ad075: addNew group-38837FF94A01:[75134425-efac-405c-8d5e-f2090f4ad075|rpc:10.1.0.144:15067|admin:10.1.0.144:15066|client:10.1.0.144:15065|dataStream:10.1.0.144:15068|priority:1|startupRole:FOLLOWER] returns group-38837FF94A01:java.util.concurrent.CompletableFuture@6cc32862[Not completed]
2023-09-25 17:58:23,665 [75134425-efac-405c-8d5e-f2090f4ad075-groupManagement] INFO  server.RaftServer$Division (RaftServerImpl.java:<init>(198)) - 75134425-efac-405c-8d5e-f2090f4ad075: new RaftServerImpl for group-38837FF94A01:[75134425-efac-405c-8d5e-f2090f4ad075|rpc:10.1.0.144:15067|admin:10.1.0.144:15066|client:10.1.0.144:15065|dataStream:10.1.0.144:15068|priority:1|startupRole:FOLLOWER] with ContainerStateMachine:uninitialized
2023-09-25 17:58:23,665 [75134425-efac-405c-8d5e-f2090f4ad075-groupManagement] INFO  server.RaftServerConfigKeys (ConfUtils.java:logGet(46)) - raft.server.rpc.timeout.min = 5s (custom)
2023-09-25 17:58:23,665 [75134425-efac-405c-8d5e-f2090f4ad075-groupManagement] INFO  server.RaftServerConfigKeys (ConfUtils.java:logGet(46)) - raft.server.rpc.timeout.max = 5200ms (custom)
2023-09-25 17:58:23,665 [75134425-efac-405c-8d5e-f2090f4ad075-groupManagement] INFO  server.RaftServerConfigKeys (ConfUtils.java:logGet(46)) - raft.server.rpc.sleep.time = 25ms (default)
2023-09-25 17:58:23,665 [75134425-efac-405c-8d5e-f2090f4ad075-groupManagement] INFO  server.RaftServerConfigKeys (ConfUtils.java:logGet(46)) - raft.server.rpc.slowness.timeout = 300s (custom)
2023-09-25 17:58:23,665 [75134425-efac-405c-8d5e-f2090f4ad075-groupManagement] INFO  server.RaftServerConfigKeys (ConfUtils.java:logGet(46)) - raft.server.leaderelection.leader.step-down.wait-time = 10s (default)
2023-09-25 17:58:23,665 [75134425-efac-405c-8d5e-f2090f4ad075-groupManagement] INFO  server.RaftServerConfigKeys (ConfUtils.java:logGet(46)) - raft.server.sleep.deviation.threshold = 300ms (default)
2023-09-25 17:58:23,665 [75134425-efac-405c-8d5e-f2090f4ad075-groupManagement] INFO  server.RaftServer$Division (ServerState.java:<init>(120)) - 75134425-efac-405c-8d5e-f2090f4ad075@group-38837FF94A01: ConfigurationManager, init=-1: peers:[75134425-efac-405c-8d5e-f2090f4ad075|rpc:10.1.0.144:15067|admin:10.1.0.144:15066|client:10.1.0.144:15065|dataStream:10.1.0.144:15068|priority:1|startupRole:FOLLOWER]|listeners:[], old=null, confs=<EMPTY_MAP>
2023-09-25 17:58:23,666 [75134425-efac-405c-8d5e-f2090f4ad075-groupManagement] INFO  server.RaftServerConfigKeys (ConfUtils.java:logGet(46)) - raft.server.storage.dir = [/home/runner/work/ozone/ozone/hadoop-ozone/integration-test/target/test-dir/MiniOzoneClusterImpl-943d6ebb-9f51-4477-b660-6e407d8e3762/datanode-0/data/ratis] (custom)
2023-09-25 17:58:23,666 [75134425-efac-405c-8d5e-f2090f4ad075-groupManagement] INFO  server.RaftServerConfigKeys (ConfUtils.java:logGet(46)) - raft.server.log.corruption.policy = EXCEPTION (default)
2023-09-25 17:58:23,666 [75134425-efac-405c-8d5e-f2090f4ad075-groupManagement] INFO  server.RaftServerConfigKeys (ConfUtils.java:logGet(46)) - raft.server.storage.free-space.min = 0MB (=0) (default)
2023-09-25 17:58:23,666 [75134425-efac-405c-8d5e-f2090f4ad075-groupManagement] INFO  server.RaftServerConfigKeys (ConfUtils.java:logGet(46)) - raft.server.notification.no-leader.timeout = 300s (custom)
2023-09-25 17:58:23,666 [75134425-efac-405c-8d5e-f2090f4ad075-groupManagement] INFO  server.RaftServerConfigKeys (ConfUtils.java:logGet(46)) - raft.server.read.timeout = 10s (default)
2023-09-25 17:58:23,666 [75134425-efac-405c-8d5e-f2090f4ad075-groupManagement] INFO  server.RaftServerConfigKeys (ConfUtils.java:logGet(46)) - raft.server.retrycache.expirytime = 600000ms (custom)
2023-09-25 17:58:23,666 [75134425-efac-405c-8d5e-f2090f4ad075-groupManagement] INFO  server.RaftServerConfigKeys (ConfUtils.java:logGet(46)) - raft.server.retrycache.statistics.expirytime = 100μs (default)
2023-09-25 17:58:23,666 [75134425-efac-405c-8d5e-f2090f4ad075-groupManagement] INFO  server.RaftServerConfigKeys (ConfUtils.java:logGet(46)) - raft.server.read.option = DEFAULT (default)
2023-09-25 17:58:23,667 [75134425-efac-405c-8d5e-f2090f4ad075-groupManagement] INFO  server.RaftServerConfigKeys (ConfUtils.java:logGet(46)) - raft.server.rpc.request.timeout = 60s (custom)
2023-09-25 17:58:23,667 [75134425-efac-405c-8d5e-f2090f4ad075-groupManagement] INFO  server.RaftServerConfigKeys (ConfUtils.java:logGet(46)) - raft.server.log.appender.install.snapshot.enabled = false (custom)
2023-09-25 17:58:23,668 [75134425-efac-405c-8d5e-f2090f4ad075-groupManagement] INFO  server.RaftServerConfigKeys (ConfUtils.java:logGet(46)) - raft.server.threadpool.server.cached = true (default)
2023-09-25 17:58:23,668 [75134425-efac-405c-8d5e-f2090f4ad075-groupManagement] INFO  server.RaftServerConfigKeys (ConfUtils.java:logGet(46)) - raft.server.threadpool.server.size = 0 (default)
2023-09-25 17:58:23,668 [75134425-efac-405c-8d5e-f2090f4ad075-groupManagement] INFO  server.RaftServerConfigKeys (ConfUtils.java:logGet(46)) - raft.server.threadpool.client.cached = true (default)
2023-09-25 17:58:23,668 [75134425-efac-405c-8d5e-f2090f4ad075-groupManagement] INFO  server.RaftServerConfigKeys (ConfUtils.java:logGet(46)) - raft.server.threadpool.client.size = 0 (default)
2023-09-25 17:58:23,668 [75134425-efac-405c-8d5e-f2090f4ad075-groupManagement] INFO  storage.RaftStorageDirectory (RaftStorageDirectoryImpl.java:analyzeStorage(137)) - The storage directory /home/runner/work/ozone/ozone/hadoop-ozone/integration-test/target/test-dir/MiniOzoneClusterImpl-943d6ebb-9f51-4477-b660-6e407d8e3762/datanode-0/data/ratis/1ea90750-da0b-45a3-857b-38837ff94a01 does not exist. Creating ...
2023-09-25 17:58:23,669 [75134425-efac-405c-8d5e-f2090f4ad075-groupManagement] INFO  storage.RaftStorageDirectory (RaftStorageDirectoryImpl.java:tryLock(231)) - Lock on /home/runner/work/ozone/ozone/hadoop-ozone/integration-test/target/test-dir/MiniOzoneClusterImpl-943d6ebb-9f51-4477-b660-6e407d8e3762/datanode-0/data/ratis/1ea90750-da0b-45a3-857b-38837ff94a01/in_use.lock acquired by nodename 19424@fv-az249-861
2023-09-25 17:58:23,671 [75134425-efac-405c-8d5e-f2090f4ad075-groupManagement] INFO  storage.RaftStorage (RaftStorageImpl.java:format(96)) - Storage directory /home/runner/work/ozone/ozone/hadoop-ozone/integration-test/target/test-dir/MiniOzoneClusterImpl-943d6ebb-9f51-4477-b660-6e407d8e3762/datanode-0/data/ratis/1ea90750-da0b-45a3-857b-38837ff94a01 has been successfully formatted.
2023-09-25 17:58:23,672 [75134425-efac-405c-8d5e-f2090f4ad075-groupManagement] INFO  ratis.ContainerStateMachine (ContainerStateMachine.java:loadSnapshot(262)) - group-38837FF94A01: The snapshot info is null. Setting the last applied indexto:(t:0, i:~)
2023-09-25 17:58:23,673 [75134425-efac-405c-8d5e-f2090f4ad075-groupManagement] INFO  server.RaftServerConfigKeys (ConfUtils.java:logGet(46)) - raft.server.log.use.memory = false (default)
2023-09-25 17:58:23,673 [75134425-efac-405c-8d5e-f2090f4ad075-groupManagement] INFO  server.RaftServerConfigKeys (ConfUtils.java:logGet(46)) - raft.server.log.purge.gap = 1000000 (custom)
2023-09-25 17:58:23,673 [75134425-efac-405c-8d5e-f2090f4ad075-groupManagement] INFO  server.RaftServerConfigKeys (ConfUtils.java:logGet(46)) - raft.server.log.appender.buffer.byte-limit = 33554432 (custom)
2023-09-25 17:58:23,673 [75134425-efac-405c-8d5e-f2090f4ad075-groupManagement] INFO  server.RaftServerConfigKeys (ConfUtils.java:logGet(46)) - raft.server.log.statemachine.data.read.timeout = 1000ms (default)
2023-09-25 17:58:23,674 [EventQueue-PipelineReportForPipelineReportHandler] INFO  pipeline.PipelineReportHandler (PipelineReportHandler.java:processPipelineReport(136)) - Opened pipeline PipelineID=1ea90750-da0b-45a3-857b-38837ff94a01
2023-09-25 17:58:23,683 [75134425-efac-405c-8d5e-f2090f4ad075-groupManagement] INFO  server.RaftServerConfigKeys (ConfUtils.java:logGet(46)) - raft.server.log.purge.preservation.log.num = 0 (default)
2023-09-25 17:58:23,684 [75134425-efac-405c-8d5e-f2090f4ad075-groupManagement] INFO  server.RaftServerConfigKeys (ConfUtils.java:logGet(46)) - raft.server.log.segment.size.max = 1048576 (custom)
2023-09-25 17:58:23,685 [EventQueue-OpenPipelineForHealthyPipelineSafeModeRule] INFO  safemode.SCMSafeModeManager (HealthyPipelineSafeModeRule.java:process(137)) - SCM in safe mode. Healthy pipelines reported count is 0, required healthy pipeline reported count is 1
2023-09-25 17:58:23,685 [75134425-efac-405c-8d5e-f2090f4ad075-groupManagement] INFO  server.RaftServerConfigKeys (ConfUtils.java:logGet(46)) - raft.server.log.segment.cache.num.max = 2 (custom)
2023-09-25 17:58:23,685 [75134425-efac-405c-8d5e-f2090f4ad075-groupManagement] INFO  server.RaftServerConfigKeys (ConfUtils.java:logGet(46)) - raft.server.log.segment.cache.size.max = 200MB (=209715200) (default)
2023-09-25 17:58:23,685 [75134425-efac-405c-8d5e-f2090f4ad075-groupManagement] INFO  server.RaftServerConfigKeys (ConfUtils.java:logGet(46)) - raft.server.log.appender.buffer.byte-limit = 33554432 (custom)
2023-09-25 17:58:23,685 [75134425-efac-405c-8d5e-f2090f4ad075-groupManagement] INFO  segmented.SegmentedRaftLogWorker (SegmentedRaftLogWorker.java:<init>(188)) - new 75134425-efac-405c-8d5e-f2090f4ad075@group-38837FF94A01-SegmentedRaftLogWorker for RaftStorageImpl:Storage Directory /home/runner/work/ozone/ozone/hadoop-ozone/integration-test/target/test-dir/MiniOzoneClusterImpl-943d6ebb-9f51-4477-b660-6e407d8e3762/datanode-0/data/ratis/1ea90750-da0b-45a3-857b-38837ff94a01
2023-09-25 17:58:23,685 [75134425-efac-405c-8d5e-f2090f4ad075-groupManagement] INFO  server.RaftServerConfigKeys (ConfUtils.java:logGet(46)) - raft.server.log.queue.byte-limit = 4294967296 (custom)
2023-09-25 17:58:23,685 [75134425-efac-405c-8d5e-f2090f4ad075-groupManagement] INFO  server.RaftServerConfigKeys (ConfUtils.java:logGet(46)) - raft.server.log.queue.element-limit = 1024 (custom)
2023-09-25 17:58:23,685 [75134425-efac-405c-8d5e-f2090f4ad075-groupManagement] INFO  server.RaftServerConfigKeys (ConfUtils.java:logGet(46)) - raft.server.log.segment.size.max = 1048576 (custom)
2023-09-25 17:58:23,685 [75134425-efac-405c-8d5e-f2090f4ad075-groupManagement] INFO  server.RaftServerConfigKeys (ConfUtils.java:logGet(46)) - raft.server.log.preallocated.size = 16384 (custom)
2023-09-25 17:58:23,685 [75134425-efac-405c-8d5e-f2090f4ad075-groupManagement] INFO  server.RaftServerConfigKeys (ConfUtils.java:logGet(46)) - raft.server.log.force.sync.num = 128 (default)
2023-09-25 17:58:23,685 [75134425-efac-405c-8d5e-f2090f4ad075-groupManagement] INFO  server.RaftServerConfigKeys (ConfUtils.java:logGet(46)) - raft.server.log.statemachine.data.sync = true (default)
2023-09-25 17:58:23,685 [75134425-efac-405c-8d5e-f2090f4ad075-groupManagement] INFO  server.RaftServerConfigKeys (ConfUtils.java:logGet(46)) - raft.server.log.statemachine.data.sync.timeout = 10s (default)
2023-09-25 17:58:23,686 [75134425-efac-405c-8d5e-f2090f4ad075-groupManagement] INFO  server.RaftServerConfigKeys (ConfUtils.java:logGet(46)) - raft.server.log.statemachine.data.sync.timeout.retry = -1 (default)
2023-09-25 17:58:23,686 [75134425-efac-405c-8d5e-f2090f4ad075-groupManagement] INFO  server.RaftServerConfigKeys (ConfUtils.java:logGet(46)) - raft.server.log.write.buffer.size = 1048576 (custom)
2023-09-25 17:58:23,687 [75134425-efac-405c-8d5e-f2090f4ad075-groupManagement] INFO  server.RaftServerConfigKeys (ConfUtils.java:logGet(46)) - raft.server.log.appender.buffer.byte-limit = 33554432 (custom)
2023-09-25 17:58:23,693 [75134425-efac-405c-8d5e-f2090f4ad075-groupManagement] INFO  server.RaftServerConfigKeys (ConfUtils.java:logGet(46)) - raft.server.log.unsafe-flush.enabled = false (default)
2023-09-25 17:58:23,693 [75134425-efac-405c-8d5e-f2090f4ad075-groupManagement] INFO  server.RaftServerConfigKeys (ConfUtils.java:logGet(46)) - raft.server.log.async-flush.enabled = false (default)
2023-09-25 17:58:23,693 [75134425-efac-405c-8d5e-f2090f4ad075-groupManagement] INFO  server.RaftServerConfigKeys (ConfUtils.java:logGet(46)) - raft.server.log.statemachine.data.caching.enabled = true (custom)
2023-09-25 17:58:23,694 [75134425-efac-405c-8d5e-f2090f4ad075-groupManagement] INFO  segmented.SegmentedRaftLogWorker (SegmentedRaftLogWorker.java:lambda$new$0(135)) - 75134425-efac-405c-8d5e-f2090f4ad075@group-38837FF94A01-SegmentedRaftLogWorker: flushIndex: setUnconditionally 0 -> -1
2023-09-25 17:58:23,694 [75134425-efac-405c-8d5e-f2090f4ad075-groupManagement] INFO  segmented.SegmentedRaftLogWorker (SegmentedRaftLogWorker.java:lambda$new$0(135)) - 75134425-efac-405c-8d5e-f2090f4ad075@group-38837FF94A01-SegmentedRaftLogWorker: safeCacheEvictIndex: setUnconditionally 0 -> -1
2023-09-25 17:58:23,695 [75134425-efac-405c-8d5e-f2090f4ad075-groupManagement] INFO  server.RaftServer$Division (RaftServerImpl.java:start(342)) - 75134425-efac-405c-8d5e-f2090f4ad075@group-38837FF94A01: start as a follower, conf=-1: peers:[75134425-efac-405c-8d5e-f2090f4ad075|rpc:10.1.0.144:15067|admin:10.1.0.144:15066|client:10.1.0.144:15065|dataStream:10.1.0.144:15068|priority:1|startupRole:FOLLOWER]|listeners:[], old=null
2023-09-25 17:58:23,695 [75134425-efac-405c-8d5e-f2090f4ad075-groupManagement] INFO  server.RaftServer$Division (RaftServerImpl.java:setRole(329)) - 75134425-efac-405c-8d5e-f2090f4ad075@group-38837FF94A01: changes role from      null to FOLLOWER at term 0 for startAsFollower
2023-09-25 17:58:23,695 [75134425-efac-405c-8d5e-f2090f4ad075-groupManagement] INFO  impl.RoleInfo (RoleInfo.java:updateAndGet(139)) - 75134425-efac-405c-8d5e-f2090f4ad075: start 75134425-efac-405c-8d5e-f2090f4ad075@group-38837FF94A01-FollowerState
2023-09-25 17:58:23,699 [75134425-efac-405c-8d5e-f2090f4ad075-groupManagement] INFO  util.JmxRegister (JmxRegister.java:tryRegister(44)) - Successfully registered JMX Bean with object name Ratis:service=RaftServer,group=group-38837FF94A01,id=75134425-efac-405c-8d5e-f2090f4ad075
2023-09-25 17:58:23,700 [75134425-efac-405c-8d5e-f2090f4ad075-groupManagement] INFO  server.RaftServerConfigKeys (ConfUtils.java:logGet(46)) - raft.server.snapshot.auto.trigger.enabled = true (custom)
2023-09-25 17:58:23,700 [75134425-efac-405c-8d5e-f2090f4ad075-groupManagement] INFO  server.RaftServerConfigKeys (ConfUtils.java:logGet(46)) - raft.server.snapshot.auto.trigger.threshold = 10000 (custom)
2023-09-25 17:58:23,700 [75134425-efac-405c-8d5e-f2090f4ad075-groupManagement] INFO  server.RaftServerConfigKeys (ConfUtils.java:logGet(46)) - raft.server.snapshot.retention.file.num = 5 (custom)
2023-09-25 17:58:23,700 [75134425-efac-405c-8d5e-f2090f4ad075-groupManagement] INFO  server.RaftServerConfigKeys (ConfUtils.java:logGet(46)) - raft.server.log.purge.upto.snapshot.index = false (default)
2023-09-25 17:58:23,700 [75134425-efac-405c-8d5e-f2090f4ad075@group-38837FF94A01-FollowerState] INFO  server.RaftServerConfigKeys (ConfUtils.java:logFallback(53)) - raft.server.rpc.first-election.timeout.min = 5s (fallback to raft.server.rpc.timeout.min)
2023-09-25 17:58:23,700 [75134425-efac-405c-8d5e-f2090f4ad075@group-38837FF94A01-FollowerState] INFO  server.RaftServerConfigKeys (ConfUtils.java:logFallback(53)) - raft.server.rpc.first-election.timeout.max = 5200ms (fallback to raft.server.rpc.timeout.max)
2023-09-25 17:58:23,703 [PipelineCommandHandlerThread-0] INFO  ratis.XceiverServerRatis (XceiverServerRatis.java:addGroup(804)) - Created group PipelineID=1ea90750-da0b-45a3-857b-38837ff94a01
2023-09-25 17:58:23,703 [PipelineCommandHandlerThread-0] INFO  commandhandler.CreatePipelineCommandHandler (CreatePipelineCommandHandler.java:lambda$handle$2(124)) - Created Pipeline RATIS ONE PipelineID=1ea90750-da0b-45a3-857b-38837ff94a01.
2023-09-25 17:58:23,703 [PipelineCommandHandlerThread-0] INFO  server.RaftServer (RaftServerProxy.java:addNew(98)) - 75134425-efac-405c-8d5e-f2090f4ad075: addNew group-4F6E12DAD237:[75134425-efac-405c-8d5e-f2090f4ad075|rpc:10.1.0.144:15067|admin:10.1.0.144:15066|client:10.1.0.144:15065|dataStream:10.1.0.144:15068|priority:0|startupRole:FOLLOWER, a644417b-dd47-4d87-a60a-40004e0b267c|rpc:10.1.0.144:15076|admin:10.1.0.144:15075|client:10.1.0.144:15074|dataStream:10.1.0.144:15077|priority:1|startupRole:FOLLOWER, 8558cc9e-2498-48a0-8a6c-35e11e299077|rpc:10.1.0.144:15085|admin:10.1.0.144:15084|client:10.1.0.144:15083|dataStream:10.1.0.144:15086|priority:0|startupRole:FOLLOWER] returns group-4F6E12DAD237:java.util.concurrent.CompletableFuture@68fca122[Not completed]
2023-09-25 17:58:23,704 [75134425-efac-405c-8d5e-f2090f4ad075-groupManagement] INFO  server.RaftServer$Division (RaftServerImpl.java:<init>(198)) - 75134425-efac-405c-8d5e-f2090f4ad075: new RaftServerImpl for group-4F6E12DAD237:[75134425-efac-405c-8d5e-f2090f4ad075|rpc:10.1.0.144:15067|admin:10.1.0.144:15066|client:10.1.0.144:15065|dataStream:10.1.0.144:15068|priority:0|startupRole:FOLLOWER, a644417b-dd47-4d87-a60a-40004e0b267c|rpc:10.1.0.144:15076|admin:10.1.0.144:15075|client:10.1.0.144:15074|dataStream:10.1.0.144:15077|priority:1|startupRole:FOLLOWER, 8558cc9e-2498-48a0-8a6c-35e11e299077|rpc:10.1.0.144:15085|admin:10.1.0.144:15084|client:10.1.0.144:15083|dataStream:10.1.0.144:15086|priority:0|startupRole:FOLLOWER] with ContainerStateMachine:uninitialized
2023-09-25 17:58:23,704 [75134425-efac-405c-8d5e-f2090f4ad075-groupManagement] INFO  server.RaftServerConfigKeys (ConfUtils.java:logGet(46)) - raft.server.rpc.timeout.min = 5s (custom)
2023-09-25 17:58:23,704 [75134425-efac-405c-8d5e-f2090f4ad075-groupManagement] INFO  server.RaftServerConfigKeys (ConfUtils.java:logGet(46)) - raft.server.rpc.timeout.max = 5200ms (custom)
2023-09-25 17:58:23,704 [75134425-efac-405c-8d5e-f2090f4ad075-groupManagement] INFO  server.RaftServerConfigKeys (ConfUtils.java:logGet(46)) - raft.server.rpc.sleep.time = 25ms (default)
2023-09-25 17:58:23,704 [75134425-efac-405c-8d5e-f2090f4ad075-groupManagement] INFO  server.RaftServerConfigKeys (ConfUtils.java:logGet(46)) - raft.server.rpc.slowness.timeout = 300s (custom)
2023-09-25 17:58:23,704 [75134425-efac-405c-8d5e-f2090f4ad075-groupManagement] INFO  server.RaftServerConfigKeys (ConfUtils.java:logGet(46)) - raft.server.leaderelection.leader.step-down.wait-time = 10s (default)
2023-09-25 17:58:23,704 [75134425-efac-405c-8d5e-f2090f4ad075-groupManagement] INFO  server.RaftServerConfigKeys (ConfUtils.java:logGet(46)) - raft.server.sleep.deviation.threshold = 300ms (default)
2023-09-25 17:58:23,705 [75134425-efac-405c-8d5e-f2090f4ad075-groupManagement] INFO  server.RaftServer$Division (ServerState.java:<init>(120)) - 75134425-efac-405c-8d5e-f2090f4ad075@group-4F6E12DAD237: ConfigurationManager, init=-1: peers:[75134425-efac-405c-8d5e-f2090f4ad075|rpc:10.1.0.144:15067|admin:10.1.0.144:15066|client:10.1.0.144:15065|dataStream:10.1.0.144:15068|priority:0|startupRole:FOLLOWER, a644417b-dd47-4d87-a60a-40004e0b267c|rpc:10.1.0.144:15076|admin:10.1.0.144:15075|client:10.1.0.144:15074|dataStream:10.1.0.144:15077|priority:1|startupRole:FOLLOWER, 8558cc9e-2498-48a0-8a6c-35e11e299077|rpc:10.1.0.144:15085|admin:10.1.0.144:15084|client:10.1.0.144:15083|dataStream:10.1.0.144:15086|priority:0|startupRole:FOLLOWER]|listeners:[], old=null, confs=<EMPTY_MAP>
2023-09-25 17:58:23,705 [75134425-efac-405c-8d5e-f2090f4ad075-groupManagement] INFO  server.RaftServerConfigKeys (ConfUtils.java:logGet(46)) - raft.server.storage.dir = [/home/runner/work/ozone/ozone/hadoop-ozone/integration-test/target/test-dir/MiniOzoneClusterImpl-943d6ebb-9f51-4477-b660-6e407d8e3762/datanode-0/data/ratis] (custom)
2023-09-25 17:58:23,705 [75134425-efac-405c-8d5e-f2090f4ad075-groupManagement] INFO  server.RaftServerConfigKeys (ConfUtils.java:logGet(46)) - raft.server.log.corruption.policy = EXCEPTION (default)
2023-09-25 17:58:23,705 [75134425-efac-405c-8d5e-f2090f4ad075-groupManagement] INFO  server.RaftServerConfigKeys (ConfUtils.java:logGet(46)) - raft.server.storage.free-space.min = 0MB (=0) (default)
2023-09-25 17:58:23,705 [75134425-efac-405c-8d5e-f2090f4ad075-groupManagement] INFO  server.RaftServerConfigKeys (ConfUtils.java:logGet(46)) - raft.server.notification.no-leader.timeout = 300s (custom)
2023-09-25 17:58:23,705 [75134425-efac-405c-8d5e-f2090f4ad075-groupManagement] INFO  server.RaftServerConfigKeys (ConfUtils.java:logGet(46)) - raft.server.read.timeout = 10s (default)
2023-09-25 17:58:23,705 [75134425-efac-405c-8d5e-f2090f4ad075-groupManagement] INFO  server.RaftServerConfigKeys (ConfUtils.java:logGet(46)) - raft.server.retrycache.expirytime = 600000ms (custom)
2023-09-25 17:58:23,705 [75134425-efac-405c-8d5e-f2090f4ad075-groupManagement] INFO  server.RaftServerConfigKeys (ConfUtils.java:logGet(46)) - raft.server.retrycache.statistics.expirytime = 100μs (default)
2023-09-25 17:58:23,705 [75134425-efac-405c-8d5e-f2090f4ad075-groupManagement] INFO  server.RaftServerConfigKeys (ConfUtils.java:logGet(46)) - raft.server.read.option = DEFAULT (default)
2023-09-25 17:58:23,706 [75134425-efac-405c-8d5e-f2090f4ad075-groupManagement] INFO  server.RaftServerConfigKeys (ConfUtils.java:logGet(46)) - raft.server.rpc.request.timeout = 60s (custom)
2023-09-25 17:58:23,706 [75134425-efac-405c-8d5e-f2090f4ad075-groupManagement] INFO  server.RaftServerConfigKeys (ConfUtils.java:logGet(46)) - raft.server.log.appender.install.snapshot.enabled = false (custom)
2023-09-25 17:58:23,706 [75134425-efac-405c-8d5e-f2090f4ad075-groupManagement] INFO  server.RaftServerConfigKeys (ConfUtils.java:logGet(46)) - raft.server.threadpool.server.cached = true (default)
2023-09-25 17:58:23,706 [75134425-efac-405c-8d5e-f2090f4ad075-groupManagement] INFO  server.RaftServerConfigKeys (ConfUtils.java:logGet(46)) - raft.server.threadpool.server.size = 0 (default)
2023-09-25 17:58:23,706 [75134425-efac-405c-8d5e-f2090f4ad075-groupManagement] INFO  server.RaftServerConfigKeys (ConfUtils.java:logGet(46)) - raft.server.threadpool.client.cached = true (default)
2023-09-25 17:58:23,706 [75134425-efac-405c-8d5e-f2090f4ad075-groupManagement] INFO  server.RaftServerConfigKeys (ConfUtils.java:logGet(46)) - raft.server.threadpool.client.size = 0 (default)
2023-09-25 17:58:23,707 [75134425-efac-405c-8d5e-f2090f4ad075-groupManagement] INFO  storage.RaftStorageDirectory (RaftStorageDirectoryImpl.java:analyzeStorage(137)) - The storage directory /home/runner/work/ozone/ozone/hadoop-ozone/integration-test/target/test-dir/MiniOzoneClusterImpl-943d6ebb-9f51-4477-b660-6e407d8e3762/datanode-0/data/ratis/79ff3b36-6127-434c-ab9d-4f6e12dad237 does not exist. Creating ...
2023-09-25 17:58:23,708 [75134425-efac-405c-8d5e-f2090f4ad075-groupManagement] INFO  storage.RaftStorageDirectory (RaftStorageDirectoryImpl.java:tryLock(231)) - Lock on /home/runner/work/ozone/ozone/hadoop-ozone/integration-test/target/test-dir/MiniOzoneClusterImpl-943d6ebb-9f51-4477-b660-6e407d8e3762/datanode-0/data/ratis/79ff3b36-6127-434c-ab9d-4f6e12dad237/in_use.lock acquired by nodename 19424@fv-az249-861
2023-09-25 17:58:23,709 [75134425-efac-405c-8d5e-f2090f4ad075-groupManagement] INFO  storage.RaftStorage (RaftStorageImpl.java:format(96)) - Storage directory /home/runner/work/ozone/ozone/hadoop-ozone/integration-test/target/test-dir/MiniOzoneClusterImpl-943d6ebb-9f51-4477-b660-6e407d8e3762/datanode-0/data/ratis/79ff3b36-6127-434c-ab9d-4f6e12dad237 has been successfully formatted.
2023-09-25 17:58:23,710 [75134425-efac-405c-8d5e-f2090f4ad075-groupManagement] INFO  ratis.ContainerStateMachine (ContainerStateMachine.java:loadSnapshot(262)) - group-4F6E12DAD237: The snapshot info is null. Setting the last applied indexto:(t:0, i:~)
2023-09-25 17:58:23,710 [75134425-efac-405c-8d5e-f2090f4ad075-groupManagement] INFO  server.RaftServerConfigKeys (ConfUtils.java:logGet(46)) - raft.server.log.use.memory = false (default)
2023-09-25 17:58:23,711 [EventQueue-OpenPipelineForHealthyPipelineSafeModeRule] INFO  safemode.SCMSafeModeManager (HealthyPipelineSafeModeRule.java:process(137)) - SCM in safe mode. Healthy pipelines reported count is 0, required healthy pipeline reported count is 1
2023-09-25 17:58:23,712 [75134425-efac-405c-8d5e-f2090f4ad075-groupManagement] INFO  server.RaftServerConfigKeys (ConfUtils.java:logGet(46)) - raft.server.log.purge.gap = 1000000 (custom)
2023-09-25 17:58:23,712 [75134425-efac-405c-8d5e-f2090f4ad075-groupManagement] INFO  server.RaftServerConfigKeys (ConfUtils.java:logGet(46)) - raft.server.log.appender.buffer.byte-limit = 33554432 (custom)
2023-09-25 17:58:23,712 [75134425-efac-405c-8d5e-f2090f4ad075-groupManagement] INFO  server.RaftServerConfigKeys (ConfUtils.java:logGet(46)) - raft.server.log.statemachine.data.read.timeout = 1000ms (default)
2023-09-25 17:58:23,712 [75134425-efac-405c-8d5e-f2090f4ad075-groupManagement] INFO  server.RaftServerConfigKeys (ConfUtils.java:logGet(46)) - raft.server.log.purge.preservation.log.num = 0 (default)
2023-09-25 17:58:23,712 [75134425-efac-405c-8d5e-f2090f4ad075-groupManagement] INFO  server.RaftServerConfigKeys (ConfUtils.java:logGet(46)) - raft.server.log.segment.size.max = 1048576 (custom)
2023-09-25 17:58:23,713 [75134425-efac-405c-8d5e-f2090f4ad075-groupManagement] INFO  server.RaftServerConfigKeys (ConfUtils.java:logGet(46)) - raft.server.log.segment.cache.num.max = 2 (custom)
2023-09-25 17:58:23,713 [75134425-efac-405c-8d5e-f2090f4ad075-groupManagement] INFO  server.RaftServerConfigKeys (ConfUtils.java:logGet(46)) - raft.server.log.segment.cache.size.max = 200MB (=209715200) (default)
2023-09-25 17:58:23,713 [75134425-efac-405c-8d5e-f2090f4ad075-groupManagement] INFO  server.RaftServerConfigKeys (ConfUtils.java:logGet(46)) - raft.server.log.appender.buffer.byte-limit = 33554432 (custom)
2023-09-25 17:58:23,713 [75134425-efac-405c-8d5e-f2090f4ad075-groupManagement] INFO  segmented.SegmentedRaftLogWorker (SegmentedRaftLogWorker.java:<init>(188)) - new 75134425-efac-405c-8d5e-f2090f4ad075@group-4F6E12DAD237-SegmentedRaftLogWorker for RaftStorageImpl:Storage Directory /home/runner/work/ozone/ozone/hadoop-ozone/integration-test/target/test-dir/MiniOzoneClusterImpl-943d6ebb-9f51-4477-b660-6e407d8e3762/datanode-0/data/ratis/79ff3b36-6127-434c-ab9d-4f6e12dad237
2023-09-25 17:58:23,713 [75134425-efac-405c-8d5e-f2090f4ad075-groupManagement] INFO  server.RaftServerConfigKeys (ConfUtils.java:logGet(46)) - raft.server.log.queue.byte-limit = 4294967296 (custom)
2023-09-25 17:58:23,713 [75134425-efac-405c-8d5e-f2090f4ad075-groupManagement] INFO  server.RaftServerConfigKeys (ConfUtils.java:logGet(46)) - raft.server.log.queue.element-limit = 1024 (custom)
2023-09-25 17:58:23,713 [75134425-efac-405c-8d5e-f2090f4ad075-groupManagement] INFO  server.RaftServerConfigKeys (ConfUtils.java:logGet(46)) - raft.server.log.segment.size.max = 1048576 (custom)
2023-09-25 17:58:23,713 [75134425-efac-405c-8d5e-f2090f4ad075-groupManagement] INFO  server.RaftServerConfigKeys (ConfUtils.java:logGet(46)) - raft.server.log.preallocated.size = 16384 (custom)
2023-09-25 17:58:23,713 [75134425-efac-405c-8d5e-f2090f4ad075-groupManagement] INFO  server.RaftServerConfigKeys (ConfUtils.java:logGet(46)) - raft.server.log.force.sync.num = 128 (default)
2023-09-25 17:58:23,713 [75134425-efac-405c-8d5e-f2090f4ad075-groupManagement] INFO  server.RaftServerConfigKeys (ConfUtils.java:logGet(46)) - raft.server.log.statemachine.data.sync = true (default)
2023-09-25 17:58:23,714 [75134425-efac-405c-8d5e-f2090f4ad075-groupManagement] INFO  server.RaftServerConfigKeys (ConfUtils.java:logGet(46)) - raft.server.log.statemachine.data.sync.timeout = 10s (default)
2023-09-25 17:58:23,714 [75134425-efac-405c-8d5e-f2090f4ad075-groupManagement] INFO  server.RaftServerConfigKeys (ConfUtils.java:logGet(46)) - raft.server.log.statemachine.data.sync.timeout.retry = -1 (default)
2023-09-25 17:58:23,714 [75134425-efac-405c-8d5e-f2090f4ad075-groupManagement] INFO  server.RaftServerConfigKeys (ConfUtils.java:logGet(46)) - raft.server.log.write.buffer.size = 1048576 (custom)
2023-09-25 17:58:23,714 [75134425-efac-405c-8d5e-f2090f4ad075-groupManagement] INFO  server.RaftServerConfigKeys (ConfUtils.java:logGet(46)) - raft.server.log.appender.buffer.byte-limit = 33554432 (custom)
2023-09-25 17:58:23,721 [75134425-efac-405c-8d5e-f2090f4ad075-groupManagement] INFO  server.RaftServerConfigKeys (ConfUtils.java:logGet(46)) - raft.server.log.unsafe-flush.enabled = false (default)
2023-09-25 17:58:23,721 [75134425-efac-405c-8d5e-f2090f4ad075-groupManagement] INFO  server.RaftServerConfigKeys (ConfUtils.java:logGet(46)) - raft.server.log.async-flush.enabled = false (default)
2023-09-25 17:58:23,721 [75134425-efac-405c-8d5e-f2090f4ad075-groupManagement] INFO  server.RaftServerConfigKeys (ConfUtils.java:logGet(46)) - raft.server.log.statemachine.data.caching.enabled = true (custom)
2023-09-25 17:58:23,721 [75134425-efac-405c-8d5e-f2090f4ad075-groupManagement] INFO  segmented.SegmentedRaftLogWorker (SegmentedRaftLogWorker.java:lambda$new$0(135)) - 75134425-efac-405c-8d5e-f2090f4ad075@group-4F6E12DAD237-SegmentedRaftLogWorker: flushIndex: setUnconditionally 0 -> -1
2023-09-25 17:58:23,721 [75134425-efac-405c-8d5e-f2090f4ad075-groupManagement] INFO  segmented.SegmentedRaftLogWorker (SegmentedRaftLogWorker.java:lambda$new$0(135)) - 75134425-efac-405c-8d5e-f2090f4ad075@group-4F6E12DAD237-SegmentedRaftLogWorker: safeCacheEvictIndex: setUnconditionally 0 -> -1
2023-09-25 17:58:23,721 [75134425-efac-405c-8d5e-f2090f4ad075-groupManagement] INFO  server.RaftServer$Division (RaftServerImpl.java:start(342)) - 75134425-efac-405c-8d5e-f2090f4ad075@group-4F6E12DAD237: start as a follower, conf=-1: peers:[75134425-efac-405c-8d5e-f2090f4ad075|rpc:10.1.0.144:15067|admin:10.1.0.144:15066|client:10.1.0.144:15065|dataStream:10.1.0.144:15068|priority:0|startupRole:FOLLOWER, a644417b-dd47-4d87-a60a-40004e0b267c|rpc:10.1.0.144:15076|admin:10.1.0.144:15075|client:10.1.0.144:15074|dataStream:10.1.0.144:15077|priority:1|startupRole:FOLLOWER, 8558cc9e-2498-48a0-8a6c-35e11e299077|rpc:10.1.0.144:15085|admin:10.1.0.144:15084|client:10.1.0.144:15083|dataStream:10.1.0.144:15086|priority:0|startupRole:FOLLOWER]|listeners:[], old=null
2023-09-25 17:58:23,721 [75134425-efac-405c-8d5e-f2090f4ad075-groupManagement] INFO  server.RaftServer$Division (RaftServerImpl.java:setRole(329)) - 75134425-efac-405c-8d5e-f2090f4ad075@group-4F6E12DAD237: changes role from      null to FOLLOWER at term 0 for startAsFollower
2023-09-25 17:58:23,721 [75134425-efac-405c-8d5e-f2090f4ad075-groupManagement] INFO  impl.RoleInfo (RoleInfo.java:updateAndGet(139)) - 75134425-efac-405c-8d5e-f2090f4ad075: start 75134425-efac-405c-8d5e-f2090f4ad075@group-4F6E12DAD237-FollowerState
2023-09-25 17:58:23,723 [75134425-efac-405c-8d5e-f2090f4ad075-groupManagement] INFO  util.JmxRegister (JmxRegister.java:tryRegister(44)) - Successfully registered JMX Bean with object name Ratis:service=RaftServer,group=group-4F6E12DAD237,id=75134425-efac-405c-8d5e-f2090f4ad075
2023-09-25 17:58:23,723 [75134425-efac-405c-8d5e-f2090f4ad075-groupManagement] INFO  server.RaftServerConfigKeys (ConfUtils.java:logGet(46)) - raft.server.snapshot.auto.trigger.enabled = true (custom)
2023-09-25 17:58:23,723 [75134425-efac-405c-8d5e-f2090f4ad075-groupManagement] INFO  server.RaftServerConfigKeys (ConfUtils.java:logGet(46)) - raft.server.snapshot.auto.trigger.threshold = 10000 (custom)
2023-09-25 17:58:23,723 [75134425-efac-405c-8d5e-f2090f4ad075-groupManagement] INFO  server.RaftServerConfigKeys (ConfUtils.java:logGet(46)) - raft.server.snapshot.retention.file.num = 5 (custom)
2023-09-25 17:58:23,723 [75134425-efac-405c-8d5e-f2090f4ad075-groupManagement] INFO  server.RaftServerConfigKeys (ConfUtils.java:logGet(46)) - raft.server.log.purge.upto.snapshot.index = false (default)
2023-09-25 17:58:23,724 [75134425-efac-405c-8d5e-f2090f4ad075@group-4F6E12DAD237-FollowerState] INFO  server.RaftServerConfigKeys (ConfUtils.java:logFallback(53)) - raft.server.rpc.first-election.timeout.min = 5s (fallback to raft.server.rpc.timeout.min)
2023-09-25 17:58:23,724 [75134425-efac-405c-8d5e-f2090f4ad075@group-4F6E12DAD237-FollowerState] INFO  server.RaftServerConfigKeys (ConfUtils.java:logFallback(53)) - raft.server.rpc.first-election.timeout.max = 5200ms (fallback to raft.server.rpc.timeout.max)
2023-09-25 17:58:23,727 [PipelineCommandHandlerThread-0] INFO  ratis.XceiverServerRatis (XceiverServerRatis.java:addGroup(804)) - Created group PipelineID=79ff3b36-6127-434c-ab9d-4f6e12dad237
2023-09-25 17:58:23,743 [grpc-default-executor-4] INFO  server.RaftServer (RaftServerProxy.java:addNew(98)) - a644417b-dd47-4d87-a60a-40004e0b267c: addNew group-4F6E12DAD237:[75134425-efac-405c-8d5e-f2090f4ad075|rpc:10.1.0.144:15067|admin:10.1.0.144:15066|client:10.1.0.144:15065|dataStream:10.1.0.144:15068|priority:0|startupRole:FOLLOWER, a644417b-dd47-4d87-a60a-40004e0b267c|rpc:10.1.0.144:15076|admin:10.1.0.144:15075|client:10.1.0.144:15074|dataStream:10.1.0.144:15077|priority:1|startupRole:FOLLOWER, 8558cc9e-2498-48a0-8a6c-35e11e299077|rpc:10.1.0.144:15085|admin:10.1.0.144:15084|client:10.1.0.144:15083|dataStream:10.1.0.144:15086|priority:0|startupRole:FOLLOWER] returns group-4F6E12DAD237:java.util.concurrent.CompletableFuture@47d04f90[Not completed]
2023-09-25 17:58:23,744 [a644417b-dd47-4d87-a60a-40004e0b267c-groupManagement] INFO  server.RaftServer$Division (RaftServerImpl.java:<init>(198)) - a644417b-dd47-4d87-a60a-40004e0b267c: new RaftServerImpl for group-4F6E12DAD237:[75134425-efac-405c-8d5e-f2090f4ad075|rpc:10.1.0.144:15067|admin:10.1.0.144:15066|client:10.1.0.144:15065|dataStream:10.1.0.144:15068|priority:0|startupRole:FOLLOWER, a644417b-dd47-4d87-a60a-40004e0b267c|rpc:10.1.0.144:15076|admin:10.1.0.144:15075|client:10.1.0.144:15074|dataStream:10.1.0.144:15077|priority:1|startupRole:FOLLOWER, 8558cc9e-2498-48a0-8a6c-35e11e299077|rpc:10.1.0.144:15085|admin:10.1.0.144:15084|client:10.1.0.144:15083|dataStream:10.1.0.144:15086|priority:0|startupRole:FOLLOWER] with ContainerStateMachine:uninitialized
2023-09-25 17:58:23,744 [a644417b-dd47-4d87-a60a-40004e0b267c-groupManagement] INFO  server.RaftServerConfigKeys (ConfUtils.java:logGet(46)) - raft.server.rpc.timeout.min = 5s (custom)
2023-09-25 17:58:23,745 [a644417b-dd47-4d87-a60a-40004e0b267c-groupManagement] INFO  server.RaftServerConfigKeys (ConfUtils.java:logGet(46)) - raft.server.rpc.timeout.max = 5200ms (custom)
2023-09-25 17:58:23,745 [a644417b-dd47-4d87-a60a-40004e0b267c-groupManagement] INFO  server.RaftServerConfigKeys (ConfUtils.java:logGet(46)) - raft.server.rpc.sleep.time = 25ms (default)
2023-09-25 17:58:23,745 [a644417b-dd47-4d87-a60a-40004e0b267c-groupManagement] INFO  server.RaftServerConfigKeys (ConfUtils.java:logGet(46)) - raft.server.rpc.slowness.timeout = 300s (custom)
2023-09-25 17:58:23,745 [a644417b-dd47-4d87-a60a-40004e0b267c-groupManagement] INFO  server.RaftServerConfigKeys (ConfUtils.java:logGet(46)) - raft.server.leaderelection.leader.step-down.wait-time = 10s (default)
2023-09-25 17:58:23,745 [a644417b-dd47-4d87-a60a-40004e0b267c-groupManagement] INFO  server.RaftServerConfigKeys (ConfUtils.java:logGet(46)) - raft.server.sleep.deviation.threshold = 300ms (default)
2023-09-25 17:58:23,745 [a644417b-dd47-4d87-a60a-40004e0b267c-groupManagement] INFO  server.RaftServer$Division (ServerState.java:<init>(120)) - a644417b-dd47-4d87-a60a-40004e0b267c@group-4F6E12DAD237: ConfigurationManager, init=-1: peers:[75134425-efac-405c-8d5e-f2090f4ad075|rpc:10.1.0.144:15067|admin:10.1.0.144:15066|client:10.1.0.144:15065|dataStream:10.1.0.144:15068|priority:0|startupRole:FOLLOWER, a644417b-dd47-4d87-a60a-40004e0b267c|rpc:10.1.0.144:15076|admin:10.1.0.144:15075|client:10.1.0.144:15074|dataStream:10.1.0.144:15077|priority:1|startupRole:FOLLOWER, 8558cc9e-2498-48a0-8a6c-35e11e299077|rpc:10.1.0.144:15085|admin:10.1.0.144:15084|client:10.1.0.144:15083|dataStream:10.1.0.144:15086|priority:0|startupRole:FOLLOWER]|listeners:[], old=null, confs=<EMPTY_MAP>
2023-09-25 17:58:23,745 [a644417b-dd47-4d87-a60a-40004e0b267c-groupManagement] INFO  server.RaftServerConfigKeys (ConfUtils.java:logGet(46)) - raft.server.storage.dir = [/home/runner/work/ozone/ozone/hadoop-ozone/integration-test/target/test-dir/MiniOzoneClusterImpl-943d6ebb-9f51-4477-b660-6e407d8e3762/datanode-1/data/ratis] (custom)
2023-09-25 17:58:23,745 [a644417b-dd47-4d87-a60a-40004e0b267c-groupManagement] INFO  server.RaftServerConfigKeys (ConfUtils.java:logGet(46)) - raft.server.log.corruption.policy = EXCEPTION (default)
2023-09-25 17:58:23,745 [a644417b-dd47-4d87-a60a-40004e0b267c-groupManagement] INFO  server.RaftServerConfigKeys (ConfUtils.java:logGet(46)) - raft.server.storage.free-space.min = 0MB (=0) (default)
2023-09-25 17:58:23,746 [a644417b-dd47-4d87-a60a-40004e0b267c-groupManagement] INFO  server.RaftServerConfigKeys (ConfUtils.java:logGet(46)) - raft.server.notification.no-leader.timeout = 300s (custom)
2023-09-25 17:58:23,746 [a644417b-dd47-4d87-a60a-40004e0b267c-groupManagement] INFO  server.RaftServerConfigKeys (ConfUtils.java:logGet(46)) - raft.server.read.timeout = 10s (default)
2023-09-25 17:58:23,746 [a644417b-dd47-4d87-a60a-40004e0b267c-groupManagement] INFO  server.RaftServerConfigKeys (ConfUtils.java:logGet(46)) - raft.server.retrycache.expirytime = 600000ms (custom)
2023-09-25 17:58:23,746 [a644417b-dd47-4d87-a60a-40004e0b267c-groupManagement] INFO  server.RaftServerConfigKeys (ConfUtils.java:logGet(46)) - raft.server.retrycache.statistics.expirytime = 100μs (default)
2023-09-25 17:58:23,746 [a644417b-dd47-4d87-a60a-40004e0b267c-groupManagement] INFO  server.RaftServerConfigKeys (ConfUtils.java:logGet(46)) - raft.server.read.option = DEFAULT (default)
2023-09-25 17:58:23,747 [a644417b-dd47-4d87-a60a-40004e0b267c-groupManagement] INFO  server.RaftServerConfigKeys (ConfUtils.java:logGet(46)) - raft.server.rpc.request.timeout = 60s (custom)
2023-09-25 17:58:23,747 [a644417b-dd47-4d87-a60a-40004e0b267c-groupManagement] INFO  server.RaftServerConfigKeys (ConfUtils.java:logGet(46)) - raft.server.log.appender.install.snapshot.enabled = false (custom)
2023-09-25 17:58:23,747 [a644417b-dd47-4d87-a60a-40004e0b267c-groupManagement] INFO  server.RaftServerConfigKeys (ConfUtils.java:logGet(46)) - raft.server.threadpool.server.cached = true (default)
2023-09-25 17:58:23,747 [a644417b-dd47-4d87-a60a-40004e0b267c-groupManagement] INFO  server.RaftServerConfigKeys (ConfUtils.java:logGet(46)) - raft.server.threadpool.server.size = 0 (default)
2023-09-25 17:58:23,747 [a644417b-dd47-4d87-a60a-40004e0b267c-groupManagement] INFO  server.RaftServerConfigKeys (ConfUtils.java:logGet(46)) - raft.server.threadpool.client.cached = true (default)
2023-09-25 17:58:23,747 [a644417b-dd47-4d87-a60a-40004e0b267c-groupManagement] INFO  server.RaftServerConfigKeys (ConfUtils.java:logGet(46)) - raft.server.threadpool.client.size = 0 (default)
2023-09-25 17:58:23,747 [a644417b-dd47-4d87-a60a-40004e0b267c-groupManagement] INFO  storage.RaftStorageDirectory (RaftStorageDirectoryImpl.java:analyzeStorage(137)) - The storage directory /home/runner/work/ozone/ozone/hadoop-ozone/integration-test/target/test-dir/MiniOzoneClusterImpl-943d6ebb-9f51-4477-b660-6e407d8e3762/datanode-1/data/ratis/79ff3b36-6127-434c-ab9d-4f6e12dad237 does not exist. Creating ...
2023-09-25 17:58:23,749 [a644417b-dd47-4d87-a60a-40004e0b267c-groupManagement] INFO  storage.RaftStorageDirectory (RaftStorageDirectoryImpl.java:tryLock(231)) - Lock on /home/runner/work/ozone/ozone/hadoop-ozone/integration-test/target/test-dir/MiniOzoneClusterImpl-943d6ebb-9f51-4477-b660-6e407d8e3762/datanode-1/data/ratis/79ff3b36-6127-434c-ab9d-4f6e12dad237/in_use.lock acquired by nodename 19424@fv-az249-861
2023-09-25 17:58:23,750 [a644417b-dd47-4d87-a60a-40004e0b267c-groupManagement] INFO  storage.RaftStorage (RaftStorageImpl.java:format(96)) - Storage directory /home/runner/work/ozone/ozone/hadoop-ozone/integration-test/target/test-dir/MiniOzoneClusterImpl-943d6ebb-9f51-4477-b660-6e407d8e3762/datanode-1/data/ratis/79ff3b36-6127-434c-ab9d-4f6e12dad237 has been successfully formatted.
2023-09-25 17:58:23,752 [a644417b-dd47-4d87-a60a-40004e0b267c-groupManagement] INFO  ratis.ContainerStateMachine (ContainerStateMachine.java:loadSnapshot(262)) - group-4F6E12DAD237: The snapshot info is null. Setting the last applied indexto:(t:0, i:~)
2023-09-25 17:58:23,752 [a644417b-dd47-4d87-a60a-40004e0b267c-groupManagement] INFO  server.RaftServerConfigKeys (ConfUtils.java:logGet(46)) - raft.server.log.use.memory = false (default)
2023-09-25 17:58:23,752 [a644417b-dd47-4d87-a60a-40004e0b267c-groupManagement] INFO  server.RaftServerConfigKeys (ConfUtils.java:logGet(46)) - raft.server.log.purge.gap = 1000000 (custom)
2023-09-25 17:58:23,752 [a644417b-dd47-4d87-a60a-40004e0b267c-groupManagement] INFO  server.RaftServerConfigKeys (ConfUtils.java:logGet(46)) - raft.server.log.appender.buffer.byte-limit = 33554432 (custom)
2023-09-25 17:58:23,752 [a644417b-dd47-4d87-a60a-40004e0b267c-groupManagement] INFO  server.RaftServerConfigKeys (ConfUtils.java:logGet(46)) - raft.server.log.statemachine.data.read.timeout = 1000ms (default)
2023-09-25 17:58:23,753 [a644417b-dd47-4d87-a60a-40004e0b267c-groupManagement] INFO  server.RaftServerConfigKeys (ConfUtils.java:logGet(46)) - raft.server.log.purge.preservation.log.num = 0 (default)
2023-09-25 17:58:23,753 [a644417b-dd47-4d87-a60a-40004e0b267c-groupManagement] INFO  server.RaftServerConfigKeys (ConfUtils.java:logGet(46)) - raft.server.log.segment.size.max = 1048576 (custom)
2023-09-25 17:58:23,754 [a644417b-dd47-4d87-a60a-40004e0b267c-groupManagement] INFO  server.RaftServerConfigKeys (ConfUtils.java:logGet(46)) - raft.server.log.segment.cache.num.max = 2 (custom)
2023-09-25 17:58:23,754 [a644417b-dd47-4d87-a60a-40004e0b267c-groupManagement] INFO  server.RaftServerConfigKeys (ConfUtils.java:logGet(46)) - raft.server.log.segment.cache.size.max = 200MB (=209715200) (default)
2023-09-25 17:58:23,755 [a644417b-dd47-4d87-a60a-40004e0b267c-groupManagement] INFO  server.RaftServerConfigKeys (ConfUtils.java:logGet(46)) - raft.server.log.appender.buffer.byte-limit = 33554432 (custom)
2023-09-25 17:58:23,755 [a644417b-dd47-4d87-a60a-40004e0b267c-groupManagement] INFO  segmented.SegmentedRaftLogWorker (SegmentedRaftLogWorker.java:<init>(188)) - new a644417b-dd47-4d87-a60a-40004e0b267c@group-4F6E12DAD237-SegmentedRaftLogWorker for RaftStorageImpl:Storage Directory /home/runner/work/ozone/ozone/hadoop-ozone/integration-test/target/test-dir/MiniOzoneClusterImpl-943d6ebb-9f51-4477-b660-6e407d8e3762/datanode-1/data/ratis/79ff3b36-6127-434c-ab9d-4f6e12dad237
2023-09-25 17:58:23,755 [a644417b-dd47-4d87-a60a-40004e0b267c-groupManagement] INFO  server.RaftServerConfigKeys (ConfUtils.java:logGet(46)) - raft.server.log.queue.byte-limit = 4294967296 (custom)
2023-09-25 17:58:23,755 [a644417b-dd47-4d87-a60a-40004e0b267c-groupManagement] INFO  server.RaftServerConfigKeys (ConfUtils.java:logGet(46)) - raft.server.log.queue.element-limit = 1024 (custom)
2023-09-25 17:58:23,755 [a644417b-dd47-4d87-a60a-40004e0b267c-groupManagement] INFO  server.RaftServerConfigKeys (ConfUtils.java:logGet(46)) - raft.server.log.segment.size.max = 1048576 (custom)
2023-09-25 17:58:23,755 [a644417b-dd47-4d87-a60a-40004e0b267c-groupManagement] INFO  server.RaftServerConfigKeys (ConfUtils.java:logGet(46)) - raft.server.log.preallocated.size = 16384 (custom)
2023-09-25 17:58:23,755 [a644417b-dd47-4d87-a60a-40004e0b267c-groupManagement] INFO  server.RaftServerConfigKeys (ConfUtils.java:logGet(46)) - raft.server.log.force.sync.num = 128 (default)
2023-09-25 17:58:23,755 [a644417b-dd47-4d87-a60a-40004e0b267c-groupManagement] INFO  server.RaftServerConfigKeys (ConfUtils.java:logGet(46)) - raft.server.log.statemachine.data.sync = true (default)
2023-09-25 17:58:23,755 [a644417b-dd47-4d87-a60a-40004e0b267c-groupManagement] INFO  server.RaftServerConfigKeys (ConfUtils.java:logGet(46)) - raft.server.log.statemachine.data.sync.timeout = 10s (default)
2023-09-25 17:58:23,755 [a644417b-dd47-4d87-a60a-40004e0b267c-groupManagement] INFO  server.RaftServerConfigKeys (ConfUtils.java:logGet(46)) - raft.server.log.statemachine.data.sync.timeout.retry = -1 (default)
2023-09-25 17:58:23,757 [a644417b-dd47-4d87-a60a-40004e0b267c-groupManagement] INFO  server.RaftServerConfigKeys (ConfUtils.java:logGet(46)) - raft.server.log.write.buffer.size = 1048576 (custom)
2023-09-25 17:58:23,759 [a644417b-dd47-4d87-a60a-40004e0b267c-groupManagement] INFO  server.RaftServerConfigKeys (ConfUtils.java:logGet(46)) - raft.server.log.appender.buffer.byte-limit = 33554432 (custom)
2023-09-25 17:58:23,768 [a644417b-dd47-4d87-a60a-40004e0b267c-groupManagement] INFO  server.RaftServerConfigKeys (ConfUtils.java:logGet(46)) - raft.server.log.unsafe-flush.enabled = false (default)
2023-09-25 17:58:23,768 [a644417b-dd47-4d87-a60a-40004e0b267c-groupManagement] INFO  server.RaftServerConfigKeys (ConfUtils.java:logGet(46)) - raft.server.log.async-flush.enabled = false (default)
2023-09-25 17:58:23,768 [a644417b-dd47-4d87-a60a-40004e0b267c-groupManagement] INFO  server.RaftServerConfigKeys (ConfUtils.java:logGet(46)) - raft.server.log.statemachine.data.caching.enabled = true (custom)
2023-09-25 17:58:23,769 [a644417b-dd47-4d87-a60a-40004e0b267c-groupManagement] INFO  segmented.SegmentedRaftLogWorker (SegmentedRaftLogWorker.java:lambda$new$0(135)) - a644417b-dd47-4d87-a60a-40004e0b267c@group-4F6E12DAD237-SegmentedRaftLogWorker: flushIndex: setUnconditionally 0 -> -1
2023-09-25 17:58:23,769 [a644417b-dd47-4d87-a60a-40004e0b267c-groupManagement] INFO  segmented.SegmentedRaftLogWorker (SegmentedRaftLogWorker.java:lambda$new$0(135)) - a644417b-dd47-4d87-a60a-40004e0b267c@group-4F6E12DAD237-SegmentedRaftLogWorker: safeCacheEvictIndex: setUnconditionally 0 -> -1
2023-09-25 17:58:23,769 [a644417b-dd47-4d87-a60a-40004e0b267c-groupManagement] INFO  server.RaftServer$Division (RaftServerImpl.java:start(342)) - a644417b-dd47-4d87-a60a-40004e0b267c@group-4F6E12DAD237: start as a follower, conf=-1: peers:[75134425-efac-405c-8d5e-f2090f4ad075|rpc:10.1.0.144:15067|admin:10.1.0.144:15066|client:10.1.0.144:15065|dataStream:10.1.0.144:15068|priority:0|startupRole:FOLLOWER, a644417b-dd47-4d87-a60a-40004e0b267c|rpc:10.1.0.144:15076|admin:10.1.0.144:15075|client:10.1.0.144:15074|dataStream:10.1.0.144:15077|priority:1|startupRole:FOLLOWER, 8558cc9e-2498-48a0-8a6c-35e11e299077|rpc:10.1.0.144:15085|admin:10.1.0.144:15084|client:10.1.0.144:15083|dataStream:10.1.0.144:15086|priority:0|startupRole:FOLLOWER]|listeners:[], old=null
2023-09-25 17:58:23,769 [a644417b-dd47-4d87-a60a-40004e0b267c-groupManagement] INFO  server.RaftServer$Division (RaftServerImpl.java:setRole(329)) - a644417b-dd47-4d87-a60a-40004e0b267c@group-4F6E12DAD237: changes role from      null to FOLLOWER at term 0 for startAsFollower
2023-09-25 17:58:23,769 [a644417b-dd47-4d87-a60a-40004e0b267c-groupManagement] INFO  impl.RoleInfo (RoleInfo.java:updateAndGet(139)) - a644417b-dd47-4d87-a60a-40004e0b267c: start a644417b-dd47-4d87-a60a-40004e0b267c@group-4F6E12DAD237-FollowerState
2023-09-25 17:58:23,771 [a644417b-dd47-4d87-a60a-40004e0b267c-groupManagement] INFO  util.JmxRegister (JmxRegister.java:tryRegister(44)) - Successfully registered JMX Bean with object name Ratis:service=RaftServer,group=group-4F6E12DAD237,id=a644417b-dd47-4d87-a60a-40004e0b267c
2023-09-25 17:58:23,771 [a644417b-dd47-4d87-a60a-40004e0b267c-groupManagement] INFO  server.RaftServerConfigKeys (ConfUtils.java:logGet(46)) - raft.server.snapshot.auto.trigger.enabled = true (custom)
2023-09-25 17:58:23,771 [a644417b-dd47-4d87-a60a-40004e0b267c-groupManagement] INFO  server.RaftServerConfigKeys (ConfUtils.java:logGet(46)) - raft.server.snapshot.auto.trigger.threshold = 10000 (custom)
2023-09-25 17:58:23,771 [a644417b-dd47-4d87-a60a-40004e0b267c-groupManagement] INFO  server.RaftServerConfigKeys (ConfUtils.java:logGet(46)) - raft.server.snapshot.retention.file.num = 5 (custom)
2023-09-25 17:58:23,771 [a644417b-dd47-4d87-a60a-40004e0b267c-groupManagement] INFO  server.RaftServerConfigKeys (ConfUtils.java:logGet(46)) - raft.server.log.purge.upto.snapshot.index = false (default)
2023-09-25 17:58:23,773 [a644417b-dd47-4d87-a60a-40004e0b267c@group-4F6E12DAD237-FollowerState] INFO  server.RaftServerConfigKeys (ConfUtils.java:logFallback(53)) - raft.server.rpc.first-election.timeout.min = 5s (fallback to raft.server.rpc.timeout.min)
2023-09-25 17:58:23,775 [a644417b-dd47-4d87-a60a-40004e0b267c@group-4F6E12DAD237-FollowerState] INFO  server.RaftServerConfigKeys (ConfUtils.java:logFallback(53)) - raft.server.rpc.first-election.timeout.max = 5200ms (fallback to raft.server.rpc.timeout.max)
2023-09-25 17:58:23,811 [grpc-default-executor-4] INFO  server.RaftServer (RaftServerProxy.java:addNew(98)) - 8558cc9e-2498-48a0-8a6c-35e11e299077: addNew group-4F6E12DAD237:[75134425-efac-405c-8d5e-f2090f4ad075|rpc:10.1.0.144:15067|admin:10.1.0.144:15066|client:10.1.0.144:15065|dataStream:10.1.0.144:15068|priority:0|startupRole:FOLLOWER, a644417b-dd47-4d87-a60a-40004e0b267c|rpc:10.1.0.144:15076|admin:10.1.0.144:15075|client:10.1.0.144:15074|dataStream:10.1.0.144:15077|priority:1|startupRole:FOLLOWER, 8558cc9e-2498-48a0-8a6c-35e11e299077|rpc:10.1.0.144:15085|admin:10.1.0.144:15084|client:10.1.0.144:15083|dataStream:10.1.0.144:15086|priority:0|startupRole:FOLLOWER] returns group-4F6E12DAD237:java.util.concurrent.CompletableFuture@2d9aff2f[Not completed]
2023-09-25 17:58:23,814 [8558cc9e-2498-48a0-8a6c-35e11e299077-groupManagement] INFO  server.RaftServer$Division (RaftServerImpl.java:<init>(198)) - 8558cc9e-2498-48a0-8a6c-35e11e299077: new RaftServerImpl for group-4F6E12DAD237:[75134425-efac-405c-8d5e-f2090f4ad075|rpc:10.1.0.144:15067|admin:10.1.0.144:15066|client:10.1.0.144:15065|dataStream:10.1.0.144:15068|priority:0|startupRole:FOLLOWER, a644417b-dd47-4d87-a60a-40004e0b267c|rpc:10.1.0.144:15076|admin:10.1.0.144:15075|client:10.1.0.144:15074|dataStream:10.1.0.144:15077|priority:1|startupRole:FOLLOWER, 8558cc9e-2498-48a0-8a6c-35e11e299077|rpc:10.1.0.144:15085|admin:10.1.0.144:15084|client:10.1.0.144:15083|dataStream:10.1.0.144:15086|priority:0|startupRole:FOLLOWER] with ContainerStateMachine:uninitialized
2023-09-25 17:58:23,814 [8558cc9e-2498-48a0-8a6c-35e11e299077-groupManagement] INFO  server.RaftServerConfigKeys (ConfUtils.java:logGet(46)) - raft.server.rpc.timeout.min = 5s (custom)
2023-09-25 17:58:23,814 [8558cc9e-2498-48a0-8a6c-35e11e299077-groupManagement] INFO  server.RaftServerConfigKeys (ConfUtils.java:logGet(46)) - raft.server.rpc.timeout.max = 5200ms (custom)
2023-09-25 17:58:23,815 [8558cc9e-2498-48a0-8a6c-35e11e299077-groupManagement] INFO  server.RaftServerConfigKeys (ConfUtils.java:logGet(46)) - raft.server.rpc.sleep.time = 25ms (default)
2023-09-25 17:58:23,815 [8558cc9e-2498-48a0-8a6c-35e11e299077-groupManagement] INFO  server.RaftServerConfigKeys (ConfUtils.java:logGet(46)) - raft.server.rpc.slowness.timeout = 300s (custom)
2023-09-25 17:58:23,815 [8558cc9e-2498-48a0-8a6c-35e11e299077-groupManagement] INFO  server.RaftServerConfigKeys (ConfUtils.java:logGet(46)) - raft.server.leaderelection.leader.step-down.wait-time = 10s (default)
2023-09-25 17:58:23,815 [8558cc9e-2498-48a0-8a6c-35e11e299077-groupManagement] INFO  server.RaftServerConfigKeys (ConfUtils.java:logGet(46)) - raft.server.sleep.deviation.threshold = 300ms (default)
2023-09-25 17:58:23,815 [8558cc9e-2498-48a0-8a6c-35e11e299077-groupManagement] INFO  server.RaftServer$Division (ServerState.java:<init>(120)) - 8558cc9e-2498-48a0-8a6c-35e11e299077@group-4F6E12DAD237: ConfigurationManager, init=-1: peers:[75134425-efac-405c-8d5e-f2090f4ad075|rpc:10.1.0.144:15067|admin:10.1.0.144:15066|client:10.1.0.144:15065|dataStream:10.1.0.144:15068|priority:0|startupRole:FOLLOWER, a644417b-dd47-4d87-a60a-40004e0b267c|rpc:10.1.0.144:15076|admin:10.1.0.144:15075|client:10.1.0.144:15074|dataStream:10.1.0.144:15077|priority:1|startupRole:FOLLOWER, 8558cc9e-2498-48a0-8a6c-35e11e299077|rpc:10.1.0.144:15085|admin:10.1.0.144:15084|client:10.1.0.144:15083|dataStream:10.1.0.144:15086|priority:0|startupRole:FOLLOWER]|listeners:[], old=null, confs=<EMPTY_MAP>
2023-09-25 17:58:23,815 [8558cc9e-2498-48a0-8a6c-35e11e299077-groupManagement] INFO  server.RaftServerConfigKeys (ConfUtils.java:logGet(46)) - raft.server.storage.dir = [/home/runner/work/ozone/ozone/hadoop-ozone/integration-test/target/test-dir/MiniOzoneClusterImpl-943d6ebb-9f51-4477-b660-6e407d8e3762/datanode-2/data/ratis] (custom)
2023-09-25 17:58:23,816 [8558cc9e-2498-48a0-8a6c-35e11e299077-groupManagement] INFO  server.RaftServerConfigKeys (ConfUtils.java:logGet(46)) - raft.server.log.corruption.policy = EXCEPTION (default)
2023-09-25 17:58:23,817 [8558cc9e-2498-48a0-8a6c-35e11e299077-groupManagement] INFO  server.RaftServerConfigKeys (ConfUtils.java:logGet(46)) - raft.server.storage.free-space.min = 0MB (=0) (default)
2023-09-25 17:58:23,817 [8558cc9e-2498-48a0-8a6c-35e11e299077-groupManagement] INFO  server.RaftServerConfigKeys (ConfUtils.java:logGet(46)) - raft.server.notification.no-leader.timeout = 300s (custom)
2023-09-25 17:58:23,817 [8558cc9e-2498-48a0-8a6c-35e11e299077-groupManagement] INFO  server.RaftServerConfigKeys (ConfUtils.java:logGet(46)) - raft.server.read.timeout = 10s (default)
2023-09-25 17:58:23,818 [8558cc9e-2498-48a0-8a6c-35e11e299077-groupManagement] INFO  server.RaftServerConfigKeys (ConfUtils.java:logGet(46)) - raft.server.retrycache.expirytime = 600000ms (custom)
2023-09-25 17:58:23,818 [8558cc9e-2498-48a0-8a6c-35e11e299077-groupManagement] INFO  server.RaftServerConfigKeys (ConfUtils.java:logGet(46)) - raft.server.retrycache.statistics.expirytime = 100μs (default)
2023-09-25 17:58:23,818 [8558cc9e-2498-48a0-8a6c-35e11e299077-groupManagement] INFO  server.RaftServerConfigKeys (ConfUtils.java:logGet(46)) - raft.server.read.option = DEFAULT (default)
2023-09-25 17:58:23,819 [8558cc9e-2498-48a0-8a6c-35e11e299077-groupManagement] INFO  server.RaftServerConfigKeys (ConfUtils.java:logGet(46)) - raft.server.rpc.request.timeout = 60s (custom)
2023-09-25 17:58:23,819 [8558cc9e-2498-48a0-8a6c-35e11e299077-groupManagement] INFO  server.RaftServerConfigKeys (ConfUtils.java:logGet(46)) - raft.server.log.appender.install.snapshot.enabled = false (custom)
2023-09-25 17:58:23,819 [8558cc9e-2498-48a0-8a6c-35e11e299077-groupManagement] INFO  server.RaftServerConfigKeys (ConfUtils.java:logGet(46)) - raft.server.threadpool.server.cached = true (default)
2023-09-25 17:58:23,819 [8558cc9e-2498-48a0-8a6c-35e11e299077-groupManagement] INFO  server.RaftServerConfigKeys (ConfUtils.java:logGet(46)) - raft.server.threadpool.server.size = 0 (default)
2023-09-25 17:58:23,819 [8558cc9e-2498-48a0-8a6c-35e11e299077-groupManagement] INFO  server.RaftServerConfigKeys (ConfUtils.java:logGet(46)) - raft.server.threadpool.client.cached = true (default)
2023-09-25 17:58:23,819 [8558cc9e-2498-48a0-8a6c-35e11e299077-groupManagement] INFO  server.RaftServerConfigKeys (ConfUtils.java:logGet(46)) - raft.server.threadpool.client.size = 0 (default)
2023-09-25 17:58:23,819 [8558cc9e-2498-48a0-8a6c-35e11e299077-groupManagement] INFO  storage.RaftStorageDirectory (RaftStorageDirectoryImpl.java:analyzeStorage(137)) - The storage directory /home/runner/work/ozone/ozone/hadoop-ozone/integration-test/target/test-dir/MiniOzoneClusterImpl-943d6ebb-9f51-4477-b660-6e407d8e3762/datanode-2/data/ratis/79ff3b36-6127-434c-ab9d-4f6e12dad237 does not exist. Creating ...
2023-09-25 17:58:23,820 [8558cc9e-2498-48a0-8a6c-35e11e299077-groupManagement] INFO  storage.RaftStorageDirectory (RaftStorageDirectoryImpl.java:tryLock(231)) - Lock on /home/runner/work/ozone/ozone/hadoop-ozone/integration-test/target/test-dir/MiniOzoneClusterImpl-943d6ebb-9f51-4477-b660-6e407d8e3762/datanode-2/data/ratis/79ff3b36-6127-434c-ab9d-4f6e12dad237/in_use.lock acquired by nodename 19424@fv-az249-861
2023-09-25 17:58:23,823 [8558cc9e-2498-48a0-8a6c-35e11e299077-groupManagement] INFO  storage.RaftStorage (RaftStorageImpl.java:format(96)) - Storage directory /home/runner/work/ozone/ozone/hadoop-ozone/integration-test/target/test-dir/MiniOzoneClusterImpl-943d6ebb-9f51-4477-b660-6e407d8e3762/datanode-2/data/ratis/79ff3b36-6127-434c-ab9d-4f6e12dad237 has been successfully formatted.
2023-09-25 17:58:23,826 [8558cc9e-2498-48a0-8a6c-35e11e299077-groupManagement] INFO  ratis.ContainerStateMachine (ContainerStateMachine.java:loadSnapshot(262)) - group-4F6E12DAD237: The snapshot info is null. Setting the last applied indexto:(t:0, i:~)
2023-09-25 17:58:23,826 [8558cc9e-2498-48a0-8a6c-35e11e299077-groupManagement] INFO  server.RaftServerConfigKeys (ConfUtils.java:logGet(46)) - raft.server.log.use.memory = false (default)
2023-09-25 17:58:23,826 [8558cc9e-2498-48a0-8a6c-35e11e299077-groupManagement] INFO  server.RaftServerConfigKeys (ConfUtils.java:logGet(46)) - raft.server.log.purge.gap = 1000000 (custom)
2023-09-25 17:58:23,826 [8558cc9e-2498-48a0-8a6c-35e11e299077-groupManagement] INFO  server.RaftServerConfigKeys (ConfUtils.java:logGet(46)) - raft.server.log.appender.buffer.byte-limit = 33554432 (custom)
2023-09-25 17:58:23,826 [8558cc9e-2498-48a0-8a6c-35e11e299077-groupManagement] INFO  server.RaftServerConfigKeys (ConfUtils.java:logGet(46)) - raft.server.log.statemachine.data.read.timeout = 1000ms (default)
2023-09-25 17:58:23,826 [8558cc9e-2498-48a0-8a6c-35e11e299077-groupManagement] INFO  server.RaftServerConfigKeys (ConfUtils.java:logGet(46)) - raft.server.log.purge.preservation.log.num = 0 (default)
2023-09-25 17:58:23,827 [8558cc9e-2498-48a0-8a6c-35e11e299077-groupManagement] INFO  server.RaftServerConfigKeys (ConfUtils.java:logGet(46)) - raft.server.log.segment.size.max = 1048576 (custom)
2023-09-25 17:58:23,827 [8558cc9e-2498-48a0-8a6c-35e11e299077-groupManagement] INFO  server.RaftServerConfigKeys (ConfUtils.java:logGet(46)) - raft.server.log.segment.cache.num.max = 2 (custom)
2023-09-25 17:58:23,827 [8558cc9e-2498-48a0-8a6c-35e11e299077-groupManagement] INFO  server.RaftServerConfigKeys (ConfUtils.java:logGet(46)) - raft.server.log.segment.cache.size.max = 200MB (=209715200) (default)
2023-09-25 17:58:23,827 [8558cc9e-2498-48a0-8a6c-35e11e299077-groupManagement] INFO  server.RaftServerConfigKeys (ConfUtils.java:logGet(46)) - raft.server.log.appender.buffer.byte-limit = 33554432 (custom)
2023-09-25 17:58:23,827 [8558cc9e-2498-48a0-8a6c-35e11e299077-groupManagement] INFO  segmented.SegmentedRaftLogWorker (SegmentedRaftLogWorker.java:<init>(188)) - new 8558cc9e-2498-48a0-8a6c-35e11e299077@group-4F6E12DAD237-SegmentedRaftLogWorker for RaftStorageImpl:Storage Directory /home/runner/work/ozone/ozone/hadoop-ozone/integration-test/target/test-dir/MiniOzoneClusterImpl-943d6ebb-9f51-4477-b660-6e407d8e3762/datanode-2/data/ratis/79ff3b36-6127-434c-ab9d-4f6e12dad237
2023-09-25 17:58:23,827 [8558cc9e-2498-48a0-8a6c-35e11e299077-groupManagement] INFO  server.RaftServerConfigKeys (ConfUtils.java:logGet(46)) - raft.server.log.queue.byte-limit = 4294967296 (custom)
2023-09-25 17:58:23,827 [8558cc9e-2498-48a0-8a6c-35e11e299077-groupManagement] INFO  server.RaftServerConfigKeys (ConfUtils.java:logGet(46)) - raft.server.log.queue.element-limit = 1024 (custom)
2023-09-25 17:58:23,827 [8558cc9e-2498-48a0-8a6c-35e11e299077-groupManagement] INFO  server.RaftServerConfigKeys (ConfUtils.java:logGet(46)) - raft.server.log.segment.size.max = 1048576 (custom)
2023-09-25 17:58:23,828 [8558cc9e-2498-48a0-8a6c-35e11e299077-groupManagement] INFO  server.RaftServerConfigKeys (ConfUtils.java:logGet(46)) - raft.server.log.preallocated.size = 16384 (custom)
2023-09-25 17:58:23,828 [8558cc9e-2498-48a0-8a6c-35e11e299077-groupManagement] INFO  server.RaftServerConfigKeys (ConfUtils.java:logGet(46)) - raft.server.log.force.sync.num = 128 (default)
2023-09-25 17:58:23,828 [8558cc9e-2498-48a0-8a6c-35e11e299077-groupManagement] INFO  server.RaftServerConfigKeys (ConfUtils.java:logGet(46)) - raft.server.log.statemachine.data.sync = true (default)
2023-09-25 17:58:23,828 [8558cc9e-2498-48a0-8a6c-35e11e299077-groupManagement] INFO  server.RaftServerConfigKeys (ConfUtils.java:logGet(46)) - raft.server.log.statemachine.data.sync.timeout = 10s (default)
2023-09-25 17:58:23,828 [8558cc9e-2498-48a0-8a6c-35e11e299077-groupManagement] INFO  server.RaftServerConfigKeys (ConfUtils.java:logGet(46)) - raft.server.log.statemachine.data.sync.timeout.retry = -1 (default)
2023-09-25 17:58:23,829 [8558cc9e-2498-48a0-8a6c-35e11e299077-groupManagement] INFO  server.RaftServerConfigKeys (ConfUtils.java:logGet(46)) - raft.server.log.write.buffer.size = 1048576 (custom)
2023-09-25 17:58:23,829 [8558cc9e-2498-48a0-8a6c-35e11e299077-groupManagement] INFO  server.RaftServerConfigKeys (ConfUtils.java:logGet(46)) - raft.server.log.appender.buffer.byte-limit = 33554432 (custom)
2023-09-25 17:58:23,836 [8558cc9e-2498-48a0-8a6c-35e11e299077-groupManagement] INFO  server.RaftServerConfigKeys (ConfUtils.java:logGet(46)) - raft.server.log.unsafe-flush.enabled = false (default)
2023-09-25 17:58:23,836 [8558cc9e-2498-48a0-8a6c-35e11e299077-groupManagement] INFO  server.RaftServerConfigKeys (ConfUtils.java:logGet(46)) - raft.server.log.async-flush.enabled = false (default)
2023-09-25 17:58:23,837 [8558cc9e-2498-48a0-8a6c-35e11e299077-groupManagement] INFO  server.RaftServerConfigKeys (ConfUtils.java:logGet(46)) - raft.server.log.statemachine.data.caching.enabled = true (custom)
2023-09-25 17:58:23,837 [8558cc9e-2498-48a0-8a6c-35e11e299077-groupManagement] INFO  segmented.SegmentedRaftLogWorker (SegmentedRaftLogWorker.java:lambda$new$0(135)) - 8558cc9e-2498-48a0-8a6c-35e11e299077@group-4F6E12DAD237-SegmentedRaftLogWorker: flushIndex: setUnconditionally 0 -> -1
2023-09-25 17:58:23,837 [8558cc9e-2498-48a0-8a6c-35e11e299077-groupManagement] INFO  segmented.SegmentedRaftLogWorker (SegmentedRaftLogWorker.java:lambda$new$0(135)) - 8558cc9e-2498-48a0-8a6c-35e11e299077@group-4F6E12DAD237-SegmentedRaftLogWorker: safeCacheEvictIndex: setUnconditionally 0 -> -1
2023-09-25 17:58:23,837 [8558cc9e-2498-48a0-8a6c-35e11e299077-groupManagement] INFO  server.RaftServer$Division (RaftServerImpl.java:start(342)) - 8558cc9e-2498-48a0-8a6c-35e11e299077@group-4F6E12DAD237: start as a follower, conf=-1: peers:[75134425-efac-405c-8d5e-f2090f4ad075|rpc:10.1.0.144:15067|admin:10.1.0.144:15066|client:10.1.0.144:15065|dataStream:10.1.0.144:15068|priority:0|startupRole:FOLLOWER, a644417b-dd47-4d87-a60a-40004e0b267c|rpc:10.1.0.144:15076|admin:10.1.0.144:15075|client:10.1.0.144:15074|dataStream:10.1.0.144:15077|priority:1|startupRole:FOLLOWER, 8558cc9e-2498-48a0-8a6c-35e11e299077|rpc:10.1.0.144:15085|admin:10.1.0.144:15084|client:10.1.0.144:15083|dataStream:10.1.0.144:15086|priority:0|startupRole:FOLLOWER]|listeners:[], old=null
2023-09-25 17:58:23,837 [8558cc9e-2498-48a0-8a6c-35e11e299077-groupManagement] INFO  server.RaftServer$Division (RaftServerImpl.java:setRole(329)) - 8558cc9e-2498-48a0-8a6c-35e11e299077@group-4F6E12DAD237: changes role from      null to FOLLOWER at term 0 for startAsFollower
2023-09-25 17:58:23,837 [8558cc9e-2498-48a0-8a6c-35e11e299077-groupManagement] INFO  impl.RoleInfo (RoleInfo.java:updateAndGet(139)) - 8558cc9e-2498-48a0-8a6c-35e11e299077: start 8558cc9e-2498-48a0-8a6c-35e11e299077@group-4F6E12DAD237-FollowerState
2023-09-25 17:58:23,838 [8558cc9e-2498-48a0-8a6c-35e11e299077@group-4F6E12DAD237-FollowerState] INFO  server.RaftServerConfigKeys (ConfUtils.java:logFallback(53)) - raft.server.rpc.first-election.timeout.min = 5s (fallback to raft.server.rpc.timeout.min)
2023-09-25 17:58:23,838 [8558cc9e-2498-48a0-8a6c-35e11e299077-groupManagement] INFO  util.JmxRegister (JmxRegister.java:tryRegister(44)) - Successfully registered JMX Bean with object name Ratis:service=RaftServer,group=group-4F6E12DAD237,id=8558cc9e-2498-48a0-8a6c-35e11e299077
2023-09-25 17:58:23,838 [8558cc9e-2498-48a0-8a6c-35e11e299077@group-4F6E12DAD237-FollowerState] INFO  server.RaftServerConfigKeys (ConfUtils.java:logFallback(53)) - raft.server.rpc.first-election.timeout.max = 5200ms (fallback to raft.server.rpc.timeout.max)
2023-09-25 17:58:23,838 [8558cc9e-2498-48a0-8a6c-35e11e299077-groupManagement] INFO  server.RaftServerConfigKeys (ConfUtils.java:logGet(46)) - raft.server.snapshot.auto.trigger.enabled = true (custom)
2023-09-25 17:58:23,838 [8558cc9e-2498-48a0-8a6c-35e11e299077-groupManagement] INFO  server.RaftServerConfigKeys (ConfUtils.java:logGet(46)) - raft.server.snapshot.auto.trigger.threshold = 10000 (custom)
2023-09-25 17:58:23,838 [8558cc9e-2498-48a0-8a6c-35e11e299077-groupManagement] INFO  server.RaftServerConfigKeys (ConfUtils.java:logGet(46)) - raft.server.snapshot.retention.file.num = 5 (custom)
2023-09-25 17:58:23,838 [8558cc9e-2498-48a0-8a6c-35e11e299077-groupManagement] INFO  server.RaftServerConfigKeys (ConfUtils.java:logGet(46)) - raft.server.log.purge.upto.snapshot.index = false (default)
2023-09-25 17:58:23,846 [PipelineCommandHandlerThread-0] INFO  commandhandler.CreatePipelineCommandHandler (CreatePipelineCommandHandler.java:lambda$handle$2(124)) - Created Pipeline RATIS THREE PipelineID=79ff3b36-6127-434c-ab9d-4f6e12dad237.
2023-09-25 17:58:23,846 [PipelineCommandHandlerThread-0] INFO  server.RaftServer (RaftServerProxy.java:addNew(98)) - 75134425-efac-405c-8d5e-f2090f4ad075: addNew group-95E18541596A:[75134425-efac-405c-8d5e-f2090f4ad075|rpc:10.1.0.144:15067|admin:10.1.0.144:15066|client:10.1.0.144:15065|dataStream:10.1.0.144:15068|priority:0|startupRole:FOLLOWER, a644417b-dd47-4d87-a60a-40004e0b267c|rpc:10.1.0.144:15076|admin:10.1.0.144:15075|client:10.1.0.144:15074|dataStream:10.1.0.144:15077|priority:0|startupRole:FOLLOWER, 8558cc9e-2498-48a0-8a6c-35e11e299077|rpc:10.1.0.144:15085|admin:10.1.0.144:15084|client:10.1.0.144:15083|dataStream:10.1.0.144:15086|priority:1|startupRole:FOLLOWER] returns group-95E18541596A:java.util.concurrent.CompletableFuture@690e2ac4[Not completed]
2023-09-25 17:58:23,847 [75134425-efac-405c-8d5e-f2090f4ad075-groupManagement] INFO  server.RaftServer$Division (RaftServerImpl.java:<init>(198)) - 75134425-efac-405c-8d5e-f2090f4ad075: new RaftServerImpl for group-95E18541596A:[75134425-efac-405c-8d5e-f2090f4ad075|rpc:10.1.0.144:15067|admin:10.1.0.144:15066|client:10.1.0.144:15065|dataStream:10.1.0.144:15068|priority:0|startupRole:FOLLOWER, a644417b-dd47-4d87-a60a-40004e0b267c|rpc:10.1.0.144:15076|admin:10.1.0.144:15075|client:10.1.0.144:15074|dataStream:10.1.0.144:15077|priority:0|startupRole:FOLLOWER, 8558cc9e-2498-48a0-8a6c-35e11e299077|rpc:10.1.0.144:15085|admin:10.1.0.144:15084|client:10.1.0.144:15083|dataStream:10.1.0.144:15086|priority:1|startupRole:FOLLOWER] with ContainerStateMachine:uninitialized
2023-09-25 17:58:23,847 [75134425-efac-405c-8d5e-f2090f4ad075-groupManagement] INFO  server.RaftServerConfigKeys (ConfUtils.java:logGet(46)) - raft.server.rpc.timeout.min = 5s (custom)
2023-09-25 17:58:23,847 [75134425-efac-405c-8d5e-f2090f4ad075-groupManagement] INFO  server.RaftServerConfigKeys (ConfUtils.java:logGet(46)) - raft.server.rpc.timeout.max = 5200ms (custom)
2023-09-25 17:58:23,847 [75134425-efac-405c-8d5e-f2090f4ad075-groupManagement] INFO  server.RaftServerConfigKeys (ConfUtils.java:logGet(46)) - raft.server.rpc.sleep.time = 25ms (default)
2023-09-25 17:58:23,847 [75134425-efac-405c-8d5e-f2090f4ad075-groupManagement] INFO  server.RaftServerConfigKeys (ConfUtils.java:logGet(46)) - raft.server.rpc.slowness.timeout = 300s (custom)
2023-09-25 17:58:23,847 [75134425-efac-405c-8d5e-f2090f4ad075-groupManagement] INFO  server.RaftServerConfigKeys (ConfUtils.java:logGet(46)) - raft.server.leaderelection.leader.step-down.wait-time = 10s (default)
2023-09-25 17:58:23,847 [75134425-efac-405c-8d5e-f2090f4ad075-groupManagement] INFO  server.RaftServerConfigKeys (ConfUtils.java:logGet(46)) - raft.server.sleep.deviation.threshold = 300ms (default)
2023-09-25 17:58:23,848 [75134425-efac-405c-8d5e-f2090f4ad075-groupManagement] INFO  server.RaftServer$Division (ServerState.java:<init>(120)) - 75134425-efac-405c-8d5e-f2090f4ad075@group-95E18541596A: ConfigurationManager, init=-1: peers:[75134425-efac-405c-8d5e-f2090f4ad075|rpc:10.1.0.144:15067|admin:10.1.0.144:15066|client:10.1.0.144:15065|dataStream:10.1.0.144:15068|priority:0|startupRole:FOLLOWER, a644417b-dd47-4d87-a60a-40004e0b267c|rpc:10.1.0.144:15076|admin:10.1.0.144:15075|client:10.1.0.144:15074|dataStream:10.1.0.144:15077|priority:0|startupRole:FOLLOWER, 8558cc9e-2498-48a0-8a6c-35e11e299077|rpc:10.1.0.144:15085|admin:10.1.0.144:15084|client:10.1.0.144:15083|dataStream:10.1.0.144:15086|priority:1|startupRole:FOLLOWER]|listeners:[], old=null, confs=<EMPTY_MAP>
2023-09-25 17:58:23,848 [75134425-efac-405c-8d5e-f2090f4ad075-groupManagement] INFO  server.RaftServerConfigKeys (ConfUtils.java:logGet(46)) - raft.server.storage.dir = [/home/runner/work/ozone/ozone/hadoop-ozone/integration-test/target/test-dir/MiniOzoneClusterImpl-943d6ebb-9f51-4477-b660-6e407d8e3762/datanode-0/data/ratis] (custom)
2023-09-25 17:58:23,848 [75134425-efac-405c-8d5e-f2090f4ad075-groupManagement] INFO  server.RaftServerConfigKeys (ConfUtils.java:logGet(46)) - raft.server.log.corruption.policy = EXCEPTION (default)
2023-09-25 17:58:23,848 [75134425-efac-405c-8d5e-f2090f4ad075-groupManagement] INFO  server.RaftServerConfigKeys (ConfUtils.java:logGet(46)) - raft.server.storage.free-space.min = 0MB (=0) (default)
2023-09-25 17:58:23,848 [75134425-efac-405c-8d5e-f2090f4ad075-groupManagement] INFO  server.RaftServerConfigKeys (ConfUtils.java:logGet(46)) - raft.server.notification.no-leader.timeout = 300s (custom)
2023-09-25 17:58:23,848 [75134425-efac-405c-8d5e-f2090f4ad075-groupManagement] INFO  server.RaftServerConfigKeys (ConfUtils.java:logGet(46)) - raft.server.read.timeout = 10s (default)
2023-09-25 17:58:23,848 [75134425-efac-405c-8d5e-f2090f4ad075-groupManagement] INFO  server.RaftServerConfigKeys (ConfUtils.java:logGet(46)) - raft.server.retrycache.expirytime = 600000ms (custom)
2023-09-25 17:58:23,848 [75134425-efac-405c-8d5e-f2090f4ad075-groupManagement] INFO  server.RaftServerConfigKeys (ConfUtils.java:logGet(46)) - raft.server.retrycache.statistics.expirytime = 100μs (default)
2023-09-25 17:58:23,848 [75134425-efac-405c-8d5e-f2090f4ad075-groupManagement] INFO  server.RaftServerConfigKeys (ConfUtils.java:logGet(46)) - raft.server.read.option = DEFAULT (default)
2023-09-25 17:58:23,849 [75134425-efac-405c-8d5e-f2090f4ad075-groupManagement] INFO  server.RaftServerConfigKeys (ConfUtils.java:logGet(46)) - raft.server.rpc.request.timeout = 60s (custom)
2023-09-25 17:58:23,849 [75134425-efac-405c-8d5e-f2090f4ad075-groupManagement] INFO  server.RaftServerConfigKeys (ConfUtils.java:logGet(46)) - raft.server.log.appender.install.snapshot.enabled = false (custom)
2023-09-25 17:58:23,849 [75134425-efac-405c-8d5e-f2090f4ad075-groupManagement] INFO  server.RaftServerConfigKeys (ConfUtils.java:logGet(46)) - raft.server.threadpool.server.cached = true (default)
2023-09-25 17:58:23,849 [75134425-efac-405c-8d5e-f2090f4ad075-groupManagement] INFO  server.RaftServerConfigKeys (ConfUtils.java:logGet(46)) - raft.server.threadpool.server.size = 0 (default)
2023-09-25 17:58:23,850 [75134425-efac-405c-8d5e-f2090f4ad075-groupManagement] INFO  server.RaftServerConfigKeys (ConfUtils.java:logGet(46)) - raft.server.threadpool.client.cached = true (default)
2023-09-25 17:58:23,850 [75134425-efac-405c-8d5e-f2090f4ad075-groupManagement] INFO  server.RaftServerConfigKeys (ConfUtils.java:logGet(46)) - raft.server.threadpool.client.size = 0 (default)
2023-09-25 17:58:23,851 [75134425-efac-405c-8d5e-f2090f4ad075-groupManagement] INFO  storage.RaftStorageDirectory (RaftStorageDirectoryImpl.java:analyzeStorage(137)) - The storage directory /home/runner/work/ozone/ozone/hadoop-ozone/integration-test/target/test-dir/MiniOzoneClusterImpl-943d6ebb-9f51-4477-b660-6e407d8e3762/datanode-0/data/ratis/fb54c0c3-2a5e-4ae7-9cfd-95e18541596a does not exist. Creating ...
2023-09-25 17:58:23,852 [75134425-efac-405c-8d5e-f2090f4ad075-groupManagement] INFO  storage.RaftStorageDirectory (RaftStorageDirectoryImpl.java:tryLock(231)) - Lock on /home/runner/work/ozone/ozone/hadoop-ozone/integration-test/target/test-dir/MiniOzoneClusterImpl-943d6ebb-9f51-4477-b660-6e407d8e3762/datanode-0/data/ratis/fb54c0c3-2a5e-4ae7-9cfd-95e18541596a/in_use.lock acquired by nodename 19424@fv-az249-861
2023-09-25 17:58:23,854 [75134425-efac-405c-8d5e-f2090f4ad075-groupManagement] INFO  storage.RaftStorage (RaftStorageImpl.java:format(96)) - Storage directory /home/runner/work/ozone/ozone/hadoop-ozone/integration-test/target/test-dir/MiniOzoneClusterImpl-943d6ebb-9f51-4477-b660-6e407d8e3762/datanode-0/data/ratis/fb54c0c3-2a5e-4ae7-9cfd-95e18541596a has been successfully formatted.
2023-09-25 17:58:23,854 [75134425-efac-405c-8d5e-f2090f4ad075-groupManagement] INFO  ratis.ContainerStateMachine (ContainerStateMachine.java:loadSnapshot(262)) - group-95E18541596A: The snapshot info is null. Setting the last applied indexto:(t:0, i:~)
2023-09-25 17:58:23,854 [75134425-efac-405c-8d5e-f2090f4ad075-groupManagement] INFO  server.RaftServerConfigKeys (ConfUtils.java:logGet(46)) - raft.server.log.use.memory = false (default)
2023-09-25 17:58:23,854 [75134425-efac-405c-8d5e-f2090f4ad075-groupManagement] INFO  server.RaftServerConfigKeys (ConfUtils.java:logGet(46)) - raft.server.log.purge.gap = 1000000 (custom)
2023-09-25 17:58:23,854 [75134425-efac-405c-8d5e-f2090f4ad075-groupManagement] INFO  server.RaftServerConfigKeys (ConfUtils.java:logGet(46)) - raft.server.log.appender.buffer.byte-limit = 33554432 (custom)
2023-09-25 17:58:23,854 [75134425-efac-405c-8d5e-f2090f4ad075-groupManagement] INFO  server.RaftServerConfigKeys (ConfUtils.java:logGet(46)) - raft.server.log.statemachine.data.read.timeout = 1000ms (default)
2023-09-25 17:58:23,855 [75134425-efac-405c-8d5e-f2090f4ad075-groupManagement] INFO  server.RaftServerConfigKeys (ConfUtils.java:logGet(46)) - raft.server.log.purge.preservation.log.num = 0 (default)
2023-09-25 17:58:23,855 [75134425-efac-405c-8d5e-f2090f4ad075-groupManagement] INFO  server.RaftServerConfigKeys (ConfUtils.java:logGet(46)) - raft.server.log.segment.size.max = 1048576 (custom)
2023-09-25 17:58:23,855 [75134425-efac-405c-8d5e-f2090f4ad075-groupManagement] INFO  server.RaftServerConfigKeys (ConfUtils.java:logGet(46)) - raft.server.log.segment.cache.num.max = 2 (custom)
2023-09-25 17:58:23,855 [75134425-efac-405c-8d5e-f2090f4ad075-groupManagement] INFO  server.RaftServerConfigKeys (ConfUtils.java:logGet(46)) - raft.server.log.segment.cache.size.max = 200MB (=209715200) (default)
2023-09-25 17:58:23,855 [75134425-efac-405c-8d5e-f2090f4ad075-groupManagement] INFO  server.RaftServerConfigKeys (ConfUtils.java:logGet(46)) - raft.server.log.appender.buffer.byte-limit = 33554432 (custom)
2023-09-25 17:58:23,855 [EventQueue-OpenPipelineForHealthyPipelineSafeModeRule] INFO  safemode.SCMSafeModeManager (HealthyPipelineSafeModeRule.java:process(137)) - SCM in safe mode. Healthy pipelines reported count is 0, required healthy pipeline reported count is 1
2023-09-25 17:58:23,855 [75134425-efac-405c-8d5e-f2090f4ad075-groupManagement] INFO  segmented.SegmentedRaftLogWorker (SegmentedRaftLogWorker.java:<init>(188)) - new 75134425-efac-405c-8d5e-f2090f4ad075@group-95E18541596A-SegmentedRaftLogWorker for RaftStorageImpl:Storage Directory /home/runner/work/ozone/ozone/hadoop-ozone/integration-test/target/test-dir/MiniOzoneClusterImpl-943d6ebb-9f51-4477-b660-6e407d8e3762/datanode-0/data/ratis/fb54c0c3-2a5e-4ae7-9cfd-95e18541596a
2023-09-25 17:58:23,856 [75134425-efac-405c-8d5e-f2090f4ad075-groupManagement] INFO  server.RaftServerConfigKeys (ConfUtils.java:logGet(46)) - raft.server.log.queue.byte-limit = 4294967296 (custom)
2023-09-25 17:58:23,856 [75134425-efac-405c-8d5e-f2090f4ad075-groupManagement] INFO  server.RaftServerConfigKeys (ConfUtils.java:logGet(46)) - raft.server.log.queue.element-limit = 1024 (custom)
2023-09-25 17:58:23,856 [75134425-efac-405c-8d5e-f2090f4ad075-groupManagement] INFO  server.RaftServerConfigKeys (ConfUtils.java:logGet(46)) - raft.server.log.segment.size.max = 1048576 (custom)
2023-09-25 17:58:23,856 [75134425-efac-405c-8d5e-f2090f4ad075-groupManagement] INFO  server.RaftServerConfigKeys (ConfUtils.java:logGet(46)) - raft.server.log.preallocated.size = 16384 (custom)
2023-09-25 17:58:23,856 [75134425-efac-405c-8d5e-f2090f4ad075-groupManagement] INFO  server.RaftServerConfigKeys (ConfUtils.java:logGet(46)) - raft.server.log.force.sync.num = 128 (default)
2023-09-25 17:58:23,856 [75134425-efac-405c-8d5e-f2090f4ad075-groupManagement] INFO  server.RaftServerConfigKeys (ConfUtils.java:logGet(46)) - raft.server.log.statemachine.data.sync = true (default)
2023-09-25 17:58:23,856 [75134425-efac-405c-8d5e-f2090f4ad075-groupManagement] INFO  server.RaftServerConfigKeys (ConfUtils.java:logGet(46)) - raft.server.log.statemachine.data.sync.timeout = 10s (default)
2023-09-25 17:58:23,856 [75134425-efac-405c-8d5e-f2090f4ad075-groupManagement] INFO  server.RaftServerConfigKeys (ConfUtils.java:logGet(46)) - raft.server.log.statemachine.data.sync.timeout.retry = -1 (default)
2023-09-25 17:58:23,859 [75134425-efac-405c-8d5e-f2090f4ad075-groupManagement] INFO  server.RaftServerConfigKeys (ConfUtils.java:logGet(46)) - raft.server.log.write.buffer.size = 1048576 (custom)
2023-09-25 17:58:23,859 [75134425-efac-405c-8d5e-f2090f4ad075-groupManagement] INFO  server.RaftServerConfigKeys (ConfUtils.java:logGet(46)) - raft.server.log.appender.buffer.byte-limit = 33554432 (custom)
2023-09-25 17:58:23,866 [75134425-efac-405c-8d5e-f2090f4ad075-groupManagement] INFO  server.RaftServerConfigKeys (ConfUtils.java:logGet(46)) - raft.server.log.unsafe-flush.enabled = false (default)
2023-09-25 17:58:23,866 [75134425-efac-405c-8d5e-f2090f4ad075-groupManagement] INFO  server.RaftServerConfigKeys (ConfUtils.java:logGet(46)) - raft.server.log.async-flush.enabled = false (default)
2023-09-25 17:58:23,866 [75134425-efac-405c-8d5e-f2090f4ad075-groupManagement] INFO  server.RaftServerConfigKeys (ConfUtils.java:logGet(46)) - raft.server.log.statemachine.data.caching.enabled = true (custom)
2023-09-25 17:58:23,866 [75134425-efac-405c-8d5e-f2090f4ad075-groupManagement] INFO  segmented.SegmentedRaftLogWorker (SegmentedRaftLogWorker.java:lambda$new$0(135)) - 75134425-efac-405c-8d5e-f2090f4ad075@group-95E18541596A-SegmentedRaftLogWorker: flushIndex: setUnconditionally 0 -> -1
2023-09-25 17:58:23,866 [75134425-efac-405c-8d5e-f2090f4ad075-groupManagement] INFO  segmented.SegmentedRaftLogWorker (SegmentedRaftLogWorker.java:lambda$new$0(135)) - 75134425-efac-405c-8d5e-f2090f4ad075@group-95E18541596A-SegmentedRaftLogWorker: safeCacheEvictIndex: setUnconditionally 0 -> -1
2023-09-25 17:58:23,866 [75134425-efac-405c-8d5e-f2090f4ad075-groupManagement] INFO  server.RaftServer$Division (RaftServerImpl.java:start(342)) - 75134425-efac-405c-8d5e-f2090f4ad075@group-95E18541596A: start as a follower, conf=-1: peers:[75134425-efac-405c-8d5e-f2090f4ad075|rpc:10.1.0.144:15067|admin:10.1.0.144:15066|client:10.1.0.144:15065|dataStream:10.1.0.144:15068|priority:0|startupRole:FOLLOWER, a644417b-dd47-4d87-a60a-40004e0b267c|rpc:10.1.0.144:15076|admin:10.1.0.144:15075|client:10.1.0.144:15074|dataStream:10.1.0.144:15077|priority:0|startupRole:FOLLOWER, 8558cc9e-2498-48a0-8a6c-35e11e299077|rpc:10.1.0.144:15085|admin:10.1.0.144:15084|client:10.1.0.144:15083|dataStream:10.1.0.144:15086|priority:1|startupRole:FOLLOWER]|listeners:[], old=null
2023-09-25 17:58:23,866 [75134425-efac-405c-8d5e-f2090f4ad075-groupManagement] INFO  server.RaftServer$Division (RaftServerImpl.java:setRole(329)) - 75134425-efac-405c-8d5e-f2090f4ad075@group-95E18541596A: changes role from      null to FOLLOWER at term 0 for startAsFollower
2023-09-25 17:58:23,867 [75134425-efac-405c-8d5e-f2090f4ad075-groupManagement] INFO  impl.RoleInfo (RoleInfo.java:updateAndGet(139)) - 75134425-efac-405c-8d5e-f2090f4ad075: start 75134425-efac-405c-8d5e-f2090f4ad075@group-95E18541596A-FollowerState
2023-09-25 17:58:23,867 [75134425-efac-405c-8d5e-f2090f4ad075@group-95E18541596A-FollowerState] INFO  server.RaftServerConfigKeys (ConfUtils.java:logFallback(53)) - raft.server.rpc.first-election.timeout.min = 5s (fallback to raft.server.rpc.timeout.min)
2023-09-25 17:58:23,867 [75134425-efac-405c-8d5e-f2090f4ad075-groupManagement] INFO  util.JmxRegister (JmxRegister.java:tryRegister(44)) - Successfully registered JMX Bean with object name Ratis:service=RaftServer,group=group-95E18541596A,id=75134425-efac-405c-8d5e-f2090f4ad075
2023-09-25 17:58:23,867 [75134425-efac-405c-8d5e-f2090f4ad075@group-95E18541596A-FollowerState] INFO  server.RaftServerConfigKeys (ConfUtils.java:logFallback(53)) - raft.server.rpc.first-election.timeout.max = 5200ms (fallback to raft.server.rpc.timeout.max)
2023-09-25 17:58:23,867 [75134425-efac-405c-8d5e-f2090f4ad075-groupManagement] INFO  server.RaftServerConfigKeys (ConfUtils.java:logGet(46)) - raft.server.snapshot.auto.trigger.enabled = true (custom)
2023-09-25 17:58:23,867 [75134425-efac-405c-8d5e-f2090f4ad075-groupManagement] INFO  server.RaftServerConfigKeys (ConfUtils.java:logGet(46)) - raft.server.snapshot.auto.trigger.threshold = 10000 (custom)
2023-09-25 17:58:23,867 [75134425-efac-405c-8d5e-f2090f4ad075-groupManagement] INFO  server.RaftServerConfigKeys (ConfUtils.java:logGet(46)) - raft.server.snapshot.retention.file.num = 5 (custom)
2023-09-25 17:58:23,867 [75134425-efac-405c-8d5e-f2090f4ad075-groupManagement] INFO  server.RaftServerConfigKeys (ConfUtils.java:logGet(46)) - raft.server.log.purge.upto.snapshot.index = false (default)
2023-09-25 17:58:23,868 [PipelineCommandHandlerThread-0] INFO  ratis.XceiverServerRatis (XceiverServerRatis.java:addGroup(804)) - Created group PipelineID=fb54c0c3-2a5e-4ae7-9cfd-95e18541596a
2023-09-25 17:58:23,880 [grpc-default-executor-4] INFO  server.RaftServer (RaftServerProxy.java:addNew(98)) - 8558cc9e-2498-48a0-8a6c-35e11e299077: addNew group-95E18541596A:[75134425-efac-405c-8d5e-f2090f4ad075|rpc:10.1.0.144:15067|admin:10.1.0.144:15066|client:10.1.0.144:15065|dataStream:10.1.0.144:15068|priority:0|startupRole:FOLLOWER, a644417b-dd47-4d87-a60a-40004e0b267c|rpc:10.1.0.144:15076|admin:10.1.0.144:15075|client:10.1.0.144:15074|dataStream:10.1.0.144:15077|priority:0|startupRole:FOLLOWER, 8558cc9e-2498-48a0-8a6c-35e11e299077|rpc:10.1.0.144:15085|admin:10.1.0.144:15084|client:10.1.0.144:15083|dataStream:10.1.0.144:15086|priority:1|startupRole:FOLLOWER] returns group-95E18541596A:java.util.concurrent.CompletableFuture@19d71a2a[Not completed]
2023-09-25 17:58:23,881 [8558cc9e-2498-48a0-8a6c-35e11e299077-groupManagement] INFO  server.RaftServer$Division (RaftServerImpl.java:<init>(198)) - 8558cc9e-2498-48a0-8a6c-35e11e299077: new RaftServerImpl for group-95E18541596A:[75134425-efac-405c-8d5e-f2090f4ad075|rpc:10.1.0.144:15067|admin:10.1.0.144:15066|client:10.1.0.144:15065|dataStream:10.1.0.144:15068|priority:0|startupRole:FOLLOWER, a644417b-dd47-4d87-a60a-40004e0b267c|rpc:10.1.0.144:15076|admin:10.1.0.144:15075|client:10.1.0.144:15074|dataStream:10.1.0.144:15077|priority:0|startupRole:FOLLOWER, 8558cc9e-2498-48a0-8a6c-35e11e299077|rpc:10.1.0.144:15085|admin:10.1.0.144:15084|client:10.1.0.144:15083|dataStream:10.1.0.144:15086|priority:1|startupRole:FOLLOWER] with ContainerStateMachine:uninitialized
2023-09-25 17:58:23,881 [8558cc9e-2498-48a0-8a6c-35e11e299077-groupManagement] INFO  server.RaftServerConfigKeys (ConfUtils.java:logGet(46)) - raft.server.rpc.timeout.min = 5s (custom)
2023-09-25 17:58:23,881 [8558cc9e-2498-48a0-8a6c-35e11e299077-groupManagement] INFO  server.RaftServerConfigKeys (ConfUtils.java:logGet(46)) - raft.server.rpc.timeout.max = 5200ms (custom)
2023-09-25 17:58:23,881 [8558cc9e-2498-48a0-8a6c-35e11e299077-groupManagement] INFO  server.RaftServerConfigKeys (ConfUtils.java:logGet(46)) - raft.server.rpc.sleep.time = 25ms (default)
2023-09-25 17:58:23,881 [8558cc9e-2498-48a0-8a6c-35e11e299077-groupManagement] INFO  server.RaftServerConfigKeys (ConfUtils.java:logGet(46)) - raft.server.rpc.slowness.timeout = 300s (custom)
2023-09-25 17:58:23,881 [8558cc9e-2498-48a0-8a6c-35e11e299077-groupManagement] INFO  server.RaftServerConfigKeys (ConfUtils.java:logGet(46)) - raft.server.leaderelection.leader.step-down.wait-time = 10s (default)
2023-09-25 17:58:23,881 [8558cc9e-2498-48a0-8a6c-35e11e299077-groupManagement] INFO  server.RaftServerConfigKeys (ConfUtils.java:logGet(46)) - raft.server.sleep.deviation.threshold = 300ms (default)
2023-09-25 17:58:23,881 [8558cc9e-2498-48a0-8a6c-35e11e299077-groupManagement] INFO  server.RaftServer$Division (ServerState.java:<init>(120)) - 8558cc9e-2498-48a0-8a6c-35e11e299077@group-95E18541596A: ConfigurationManager, init=-1: peers:[75134425-efac-405c-8d5e-f2090f4ad075|rpc:10.1.0.144:15067|admin:10.1.0.144:15066|client:10.1.0.144:15065|dataStream:10.1.0.144:15068|priority:0|startupRole:FOLLOWER, a644417b-dd47-4d87-a60a-40004e0b267c|rpc:10.1.0.144:15076|admin:10.1.0.144:15075|client:10.1.0.144:15074|dataStream:10.1.0.144:15077|priority:0|startupRole:FOLLOWER, 8558cc9e-2498-48a0-8a6c-35e11e299077|rpc:10.1.0.144:15085|admin:10.1.0.144:15084|client:10.1.0.144:15083|dataStream:10.1.0.144:15086|priority:1|startupRole:FOLLOWER]|listeners:[], old=null, confs=<EMPTY_MAP>
2023-09-25 17:58:23,881 [8558cc9e-2498-48a0-8a6c-35e11e299077-groupManagement] INFO  server.RaftServerConfigKeys (ConfUtils.java:logGet(46)) - raft.server.storage.dir = [/home/runner/work/ozone/ozone/hadoop-ozone/integration-test/target/test-dir/MiniOzoneClusterImpl-943d6ebb-9f51-4477-b660-6e407d8e3762/datanode-2/data/ratis] (custom)
2023-09-25 17:58:23,882 [8558cc9e-2498-48a0-8a6c-35e11e299077-groupManagement] INFO  server.RaftServerConfigKeys (ConfUtils.java:logGet(46)) - raft.server.log.corruption.policy = EXCEPTION (default)
2023-09-25 17:58:23,882 [8558cc9e-2498-48a0-8a6c-35e11e299077-groupManagement] INFO  server.RaftServerConfigKeys (ConfUtils.java:logGet(46)) - raft.server.storage.free-space.min = 0MB (=0) (default)
2023-09-25 17:58:23,882 [8558cc9e-2498-48a0-8a6c-35e11e299077-groupManagement] INFO  server.RaftServerConfigKeys (ConfUtils.java:logGet(46)) - raft.server.notification.no-leader.timeout = 300s (custom)
2023-09-25 17:58:23,882 [8558cc9e-2498-48a0-8a6c-35e11e299077-groupManagement] INFO  server.RaftServerConfigKeys (ConfUtils.java:logGet(46)) - raft.server.read.timeout = 10s (default)
2023-09-25 17:58:23,882 [8558cc9e-2498-48a0-8a6c-35e11e299077-groupManagement] INFO  server.RaftServerConfigKeys (ConfUtils.java:logGet(46)) - raft.server.retrycache.expirytime = 600000ms (custom)
2023-09-25 17:58:23,882 [8558cc9e-2498-48a0-8a6c-35e11e299077-groupManagement] INFO  server.RaftServerConfigKeys (ConfUtils.java:logGet(46)) - raft.server.retrycache.statistics.expirytime = 100μs (default)
2023-09-25 17:58:23,882 [8558cc9e-2498-48a0-8a6c-35e11e299077-groupManagement] INFO  server.RaftServerConfigKeys (ConfUtils.java:logGet(46)) - raft.server.read.option = DEFAULT (default)
2023-09-25 17:58:23,883 [8558cc9e-2498-48a0-8a6c-35e11e299077-groupManagement] INFO  server.RaftServerConfigKeys (ConfUtils.java:logGet(46)) - raft.server.rpc.request.timeout = 60s (custom)
2023-09-25 17:58:23,883 [8558cc9e-2498-48a0-8a6c-35e11e299077-groupManagement] INFO  server.RaftServerConfigKeys (ConfUtils.java:logGet(46)) - raft.server.log.appender.install.snapshot.enabled = false (custom)
2023-09-25 17:58:23,883 [8558cc9e-2498-48a0-8a6c-35e11e299077-groupManagement] INFO  server.RaftServerConfigKeys (ConfUtils.java:logGet(46)) - raft.server.threadpool.server.cached = true (default)
2023-09-25 17:58:23,883 [8558cc9e-2498-48a0-8a6c-35e11e299077-groupManagement] INFO  server.RaftServerConfigKeys (ConfUtils.java:logGet(46)) - raft.server.threadpool.server.size = 0 (default)
2023-09-25 17:58:23,883 [8558cc9e-2498-48a0-8a6c-35e11e299077-groupManagement] INFO  server.RaftServerConfigKeys (ConfUtils.java:logGet(46)) - raft.server.threadpool.client.cached = true (default)
2023-09-25 17:58:23,883 [8558cc9e-2498-48a0-8a6c-35e11e299077-groupManagement] INFO  server.RaftServerConfigKeys (ConfUtils.java:logGet(46)) - raft.server.threadpool.client.size = 0 (default)
2023-09-25 17:58:23,883 [8558cc9e-2498-48a0-8a6c-35e11e299077-groupManagement] INFO  storage.RaftStorageDirectory (RaftStorageDirectoryImpl.java:analyzeStorage(137)) - The storage directory /home/runner/work/ozone/ozone/hadoop-ozone/integration-test/target/test-dir/MiniOzoneClusterImpl-943d6ebb-9f51-4477-b660-6e407d8e3762/datanode-2/data/ratis/fb54c0c3-2a5e-4ae7-9cfd-95e18541596a does not exist. Creating ...
2023-09-25 17:58:23,885 [8558cc9e-2498-48a0-8a6c-35e11e299077-groupManagement] INFO  storage.RaftStorageDirectory (RaftStorageDirectoryImpl.java:tryLock(231)) - Lock on /home/runner/work/ozone/ozone/hadoop-ozone/integration-test/target/test-dir/MiniOzoneClusterImpl-943d6ebb-9f51-4477-b660-6e407d8e3762/datanode-2/data/ratis/fb54c0c3-2a5e-4ae7-9cfd-95e18541596a/in_use.lock acquired by nodename 19424@fv-az249-861
2023-09-25 17:58:23,886 [8558cc9e-2498-48a0-8a6c-35e11e299077-groupManagement] INFO  storage.RaftStorage (RaftStorageImpl.java:format(96)) - Storage directory /home/runner/work/ozone/ozone/hadoop-ozone/integration-test/target/test-dir/MiniOzoneClusterImpl-943d6ebb-9f51-4477-b660-6e407d8e3762/datanode-2/data/ratis/fb54c0c3-2a5e-4ae7-9cfd-95e18541596a has been successfully formatted.
2023-09-25 17:58:23,887 [8558cc9e-2498-48a0-8a6c-35e11e299077-groupManagement] INFO  ratis.ContainerStateMachine (ContainerStateMachine.java:loadSnapshot(262)) - group-95E18541596A: The snapshot info is null. Setting the last applied indexto:(t:0, i:~)
2023-09-25 17:58:23,887 [8558cc9e-2498-48a0-8a6c-35e11e299077-groupManagement] INFO  server.RaftServerConfigKeys (ConfUtils.java:logGet(46)) - raft.server.log.use.memory = false (default)
2023-09-25 17:58:23,887 [8558cc9e-2498-48a0-8a6c-35e11e299077-groupManagement] INFO  server.RaftServerConfigKeys (ConfUtils.java:logGet(46)) - raft.server.log.purge.gap = 1000000 (custom)
2023-09-25 17:58:23,887 [8558cc9e-2498-48a0-8a6c-35e11e299077-groupManagement] INFO  server.RaftServerConfigKeys (ConfUtils.java:logGet(46)) - raft.server.log.appender.buffer.byte-limit = 33554432 (custom)
2023-09-25 17:58:23,887 [8558cc9e-2498-48a0-8a6c-35e11e299077-groupManagement] INFO  server.RaftServerConfigKeys (ConfUtils.java:logGet(46)) - raft.server.log.statemachine.data.read.timeout = 1000ms (default)
2023-09-25 17:58:23,887 [8558cc9e-2498-48a0-8a6c-35e11e299077-groupManagement] INFO  server.RaftServerConfigKeys (ConfUtils.java:logGet(46)) - raft.server.log.purge.preservation.log.num = 0 (default)
2023-09-25 17:58:23,888 [8558cc9e-2498-48a0-8a6c-35e11e299077-groupManagement] INFO  server.RaftServerConfigKeys (ConfUtils.java:logGet(46)) - raft.server.log.segment.size.max = 1048576 (custom)
2023-09-25 17:58:23,888 [8558cc9e-2498-48a0-8a6c-35e11e299077-groupManagement] INFO  server.RaftServerConfigKeys (ConfUtils.java:logGet(46)) - raft.server.log.segment.cache.num.max = 2 (custom)
2023-09-25 17:58:23,888 [8558cc9e-2498-48a0-8a6c-35e11e299077-groupManagement] INFO  server.RaftServerConfigKeys (ConfUtils.java:logGet(46)) - raft.server.log.segment.cache.size.max = 200MB (=209715200) (default)
2023-09-25 17:58:23,888 [8558cc9e-2498-48a0-8a6c-35e11e299077-groupManagement] INFO  server.RaftServerConfigKeys (ConfUtils.java:logGet(46)) - raft.server.log.appender.buffer.byte-limit = 33554432 (custom)
2023-09-25 17:58:23,888 [8558cc9e-2498-48a0-8a6c-35e11e299077-groupManagement] INFO  segmented.SegmentedRaftLogWorker (SegmentedRaftLogWorker.java:<init>(188)) - new 8558cc9e-2498-48a0-8a6c-35e11e299077@group-95E18541596A-SegmentedRaftLogWorker for RaftStorageImpl:Storage Directory /home/runner/work/ozone/ozone/hadoop-ozone/integration-test/target/test-dir/MiniOzoneClusterImpl-943d6ebb-9f51-4477-b660-6e407d8e3762/datanode-2/data/ratis/fb54c0c3-2a5e-4ae7-9cfd-95e18541596a
2023-09-25 17:58:23,888 [8558cc9e-2498-48a0-8a6c-35e11e299077-groupManagement] INFO  server.RaftServerConfigKeys (ConfUtils.java:logGet(46)) - raft.server.log.queue.byte-limit = 4294967296 (custom)
2023-09-25 17:58:23,888 [8558cc9e-2498-48a0-8a6c-35e11e299077-groupManagement] INFO  server.RaftServerConfigKeys (ConfUtils.java:logGet(46)) - raft.server.log.queue.element-limit = 1024 (custom)
2023-09-25 17:58:23,889 [8558cc9e-2498-48a0-8a6c-35e11e299077-groupManagement] INFO  server.RaftServerConfigKeys (ConfUtils.java:logGet(46)) - raft.server.log.segment.size.max = 1048576 (custom)
2023-09-25 17:58:23,889 [8558cc9e-2498-48a0-8a6c-35e11e299077-groupManagement] INFO  server.RaftServerConfigKeys (ConfUtils.java:logGet(46)) - raft.server.log.preallocated.size = 16384 (custom)
2023-09-25 17:58:23,889 [8558cc9e-2498-48a0-8a6c-35e11e299077-groupManagement] INFO  server.RaftServerConfigKeys (ConfUtils.java:logGet(46)) - raft.server.log.force.sync.num = 128 (default)
2023-09-25 17:58:23,889 [8558cc9e-2498-48a0-8a6c-35e11e299077-groupManagement] INFO  server.RaftServerConfigKeys (ConfUtils.java:logGet(46)) - raft.server.log.statemachine.data.sync = true (default)
2023-09-25 17:58:23,889 [8558cc9e-2498-48a0-8a6c-35e11e299077-groupManagement] INFO  server.RaftServerConfigKeys (ConfUtils.java:logGet(46)) - raft.server.log.statemachine.data.sync.timeout = 10s (default)
2023-09-25 17:58:23,889 [8558cc9e-2498-48a0-8a6c-35e11e299077-groupManagement] INFO  server.RaftServerConfigKeys (ConfUtils.java:logGet(46)) - raft.server.log.statemachine.data.sync.timeout.retry = -1 (default)
2023-09-25 17:58:23,890 [8558cc9e-2498-48a0-8a6c-35e11e299077-groupManagement] INFO  server.RaftServerConfigKeys (ConfUtils.java:logGet(46)) - raft.server.log.write.buffer.size = 1048576 (custom)
2023-09-25 17:58:23,890 [8558cc9e-2498-48a0-8a6c-35e11e299077-groupManagement] INFO  server.RaftServerConfigKeys (ConfUtils.java:logGet(46)) - raft.server.log.appender.buffer.byte-limit = 33554432 (custom)
2023-09-25 17:58:23,897 [8558cc9e-2498-48a0-8a6c-35e11e299077-groupManagement] INFO  server.RaftServerConfigKeys (ConfUtils.java:logGet(46)) - raft.server.log.unsafe-flush.enabled = false (default)
2023-09-25 17:58:23,897 [8558cc9e-2498-48a0-8a6c-35e11e299077-groupManagement] INFO  server.RaftServerConfigKeys (ConfUtils.java:logGet(46)) - raft.server.log.async-flush.enabled = false (default)
2023-09-25 17:58:23,897 [8558cc9e-2498-48a0-8a6c-35e11e299077-groupManagement] INFO  server.RaftServerConfigKeys (ConfUtils.java:logGet(46)) - raft.server.log.statemachine.data.caching.enabled = true (custom)
2023-09-25 17:58:23,897 [8558cc9e-2498-48a0-8a6c-35e11e299077-groupManagement] INFO  segmented.SegmentedRaftLogWorker (SegmentedRaftLogWorker.java:lambda$new$0(135)) - 8558cc9e-2498-48a0-8a6c-35e11e299077@group-95E18541596A-SegmentedRaftLogWorker: flushIndex: setUnconditionally 0 -> -1
2023-09-25 17:58:23,898 [8558cc9e-2498-48a0-8a6c-35e11e299077-groupManagement] INFO  segmented.SegmentedRaftLogWorker (SegmentedRaftLogWorker.java:lambda$new$0(135)) - 8558cc9e-2498-48a0-8a6c-35e11e299077@group-95E18541596A-SegmentedRaftLogWorker: safeCacheEvictIndex: setUnconditionally 0 -> -1
2023-09-25 17:58:23,898 [8558cc9e-2498-48a0-8a6c-35e11e299077-groupManagement] INFO  server.RaftServer$Division (RaftServerImpl.java:start(342)) - 8558cc9e-2498-48a0-8a6c-35e11e299077@group-95E18541596A: start as a follower, conf=-1: peers:[75134425-efac-405c-8d5e-f2090f4ad075|rpc:10.1.0.144:15067|admin:10.1.0.144:15066|client:10.1.0.144:15065|dataStream:10.1.0.144:15068|priority:0|startupRole:FOLLOWER, a644417b-dd47-4d87-a60a-40004e0b267c|rpc:10.1.0.144:15076|admin:10.1.0.144:15075|client:10.1.0.144:15074|dataStream:10.1.0.144:15077|priority:0|startupRole:FOLLOWER, 8558cc9e-2498-48a0-8a6c-35e11e299077|rpc:10.1.0.144:15085|admin:10.1.0.144:15084|client:10.1.0.144:15083|dataStream:10.1.0.144:15086|priority:1|startupRole:FOLLOWER]|listeners:[], old=null
2023-09-25 17:58:23,898 [8558cc9e-2498-48a0-8a6c-35e11e299077-groupManagement] INFO  server.RaftServer$Division (RaftServerImpl.java:setRole(329)) - 8558cc9e-2498-48a0-8a6c-35e11e299077@group-95E18541596A: changes role from      null to FOLLOWER at term 0 for startAsFollower
2023-09-25 17:58:23,898 [8558cc9e-2498-48a0-8a6c-35e11e299077-groupManagement] INFO  impl.RoleInfo (RoleInfo.java:updateAndGet(139)) - 8558cc9e-2498-48a0-8a6c-35e11e299077: start 8558cc9e-2498-48a0-8a6c-35e11e299077@group-95E18541596A-FollowerState
2023-09-25 17:58:23,898 [8558cc9e-2498-48a0-8a6c-35e11e299077-groupManagement] INFO  util.JmxRegister (JmxRegister.java:tryRegister(44)) - Successfully registered JMX Bean with object name Ratis:service=RaftServer,group=group-95E18541596A,id=8558cc9e-2498-48a0-8a6c-35e11e299077
2023-09-25 17:58:23,898 [8558cc9e-2498-48a0-8a6c-35e11e299077-groupManagement] INFO  server.RaftServerConfigKeys (ConfUtils.java:logGet(46)) - raft.server.snapshot.auto.trigger.enabled = true (custom)
2023-09-25 17:58:23,899 [8558cc9e-2498-48a0-8a6c-35e11e299077-groupManagement] INFO  server.RaftServerConfigKeys (ConfUtils.java:logGet(46)) - raft.server.snapshot.auto.trigger.threshold = 10000 (custom)
2023-09-25 17:58:23,899 [8558cc9e-2498-48a0-8a6c-35e11e299077-groupManagement] INFO  server.RaftServerConfigKeys (ConfUtils.java:logGet(46)) - raft.server.snapshot.retention.file.num = 5 (custom)
2023-09-25 17:58:23,899 [8558cc9e-2498-48a0-8a6c-35e11e299077-groupManagement] INFO  server.RaftServerConfigKeys (ConfUtils.java:logGet(46)) - raft.server.log.purge.upto.snapshot.index = false (default)
2023-09-25 17:58:23,899 [8558cc9e-2498-48a0-8a6c-35e11e299077@group-95E18541596A-FollowerState] INFO  server.RaftServerConfigKeys (ConfUtils.java:logFallback(53)) - raft.server.rpc.first-election.timeout.min = 5s (fallback to raft.server.rpc.timeout.min)
2023-09-25 17:58:23,899 [8558cc9e-2498-48a0-8a6c-35e11e299077@group-95E18541596A-FollowerState] INFO  server.RaftServerConfigKeys (ConfUtils.java:logFallback(53)) - raft.server.rpc.first-election.timeout.max = 5200ms (fallback to raft.server.rpc.timeout.max)
2023-09-25 17:58:23,934 [grpc-default-executor-4] INFO  server.RaftServer (RaftServerProxy.java:addNew(98)) - a644417b-dd47-4d87-a60a-40004e0b267c: addNew group-95E18541596A:[75134425-efac-405c-8d5e-f2090f4ad075|rpc:10.1.0.144:15067|admin:10.1.0.144:15066|client:10.1.0.144:15065|dataStream:10.1.0.144:15068|priority:0|startupRole:FOLLOWER, a644417b-dd47-4d87-a60a-40004e0b267c|rpc:10.1.0.144:15076|admin:10.1.0.144:15075|client:10.1.0.144:15074|dataStream:10.1.0.144:15077|priority:0|startupRole:FOLLOWER, 8558cc9e-2498-48a0-8a6c-35e11e299077|rpc:10.1.0.144:15085|admin:10.1.0.144:15084|client:10.1.0.144:15083|dataStream:10.1.0.144:15086|priority:1|startupRole:FOLLOWER] returns group-95E18541596A:java.util.concurrent.CompletableFuture@421ddd61[Not completed]
2023-09-25 17:58:23,935 [a644417b-dd47-4d87-a60a-40004e0b267c-groupManagement] INFO  server.RaftServer$Division (RaftServerImpl.java:<init>(198)) - a644417b-dd47-4d87-a60a-40004e0b267c: new RaftServerImpl for group-95E18541596A:[75134425-efac-405c-8d5e-f2090f4ad075|rpc:10.1.0.144:15067|admin:10.1.0.144:15066|client:10.1.0.144:15065|dataStream:10.1.0.144:15068|priority:0|startupRole:FOLLOWER, a644417b-dd47-4d87-a60a-40004e0b267c|rpc:10.1.0.144:15076|admin:10.1.0.144:15075|client:10.1.0.144:15074|dataStream:10.1.0.144:15077|priority:0|startupRole:FOLLOWER, 8558cc9e-2498-48a0-8a6c-35e11e299077|rpc:10.1.0.144:15085|admin:10.1.0.144:15084|client:10.1.0.144:15083|dataStream:10.1.0.144:15086|priority:1|startupRole:FOLLOWER] with ContainerStateMachine:uninitialized
2023-09-25 17:58:23,935 [a644417b-dd47-4d87-a60a-40004e0b267c-groupManagement] INFO  server.RaftServerConfigKeys (ConfUtils.java:logGet(46)) - raft.server.rpc.timeout.min = 5s (custom)
2023-09-25 17:58:23,935 [a644417b-dd47-4d87-a60a-40004e0b267c-groupManagement] INFO  server.RaftServerConfigKeys (ConfUtils.java:logGet(46)) - raft.server.rpc.timeout.max = 5200ms (custom)
2023-09-25 17:58:23,935 [a644417b-dd47-4d87-a60a-40004e0b267c-groupManagement] INFO  server.RaftServerConfigKeys (ConfUtils.java:logGet(46)) - raft.server.rpc.sleep.time = 25ms (default)
2023-09-25 17:58:23,935 [a644417b-dd47-4d87-a60a-40004e0b267c-groupManagement] INFO  server.RaftServerConfigKeys (ConfUtils.java:logGet(46)) - raft.server.rpc.slowness.timeout = 300s (custom)
2023-09-25 17:58:23,935 [a644417b-dd47-4d87-a60a-40004e0b267c-groupManagement] INFO  server.RaftServerConfigKeys (ConfUtils.java:logGet(46)) - raft.server.leaderelection.leader.step-down.wait-time = 10s (default)
2023-09-25 17:58:23,935 [a644417b-dd47-4d87-a60a-40004e0b267c-groupManagement] INFO  server.RaftServerConfigKeys (ConfUtils.java:logGet(46)) - raft.server.sleep.deviation.threshold = 300ms (default)
2023-09-25 17:58:23,936 [a644417b-dd47-4d87-a60a-40004e0b267c-groupManagement] INFO  server.RaftServer$Division (ServerState.java:<init>(120)) - a644417b-dd47-4d87-a60a-40004e0b267c@group-95E18541596A: ConfigurationManager, init=-1: peers:[75134425-efac-405c-8d5e-f2090f4ad075|rpc:10.1.0.144:15067|admin:10.1.0.144:15066|client:10.1.0.144:15065|dataStream:10.1.0.144:15068|priority:0|startupRole:FOLLOWER, a644417b-dd47-4d87-a60a-40004e0b267c|rpc:10.1.0.144:15076|admin:10.1.0.144:15075|client:10.1.0.144:15074|dataStream:10.1.0.144:15077|priority:0|startupRole:FOLLOWER, 8558cc9e-2498-48a0-8a6c-35e11e299077|rpc:10.1.0.144:15085|admin:10.1.0.144:15084|client:10.1.0.144:15083|dataStream:10.1.0.144:15086|priority:1|startupRole:FOLLOWER]|listeners:[], old=null, confs=<EMPTY_MAP>
2023-09-25 17:58:23,936 [a644417b-dd47-4d87-a60a-40004e0b267c-groupManagement] INFO  server.RaftServerConfigKeys (ConfUtils.java:logGet(46)) - raft.server.storage.dir = [/home/runner/work/ozone/ozone/hadoop-ozone/integration-test/target/test-dir/MiniOzoneClusterImpl-943d6ebb-9f51-4477-b660-6e407d8e3762/datanode-1/data/ratis] (custom)
2023-09-25 17:58:23,936 [a644417b-dd47-4d87-a60a-40004e0b267c-groupManagement] INFO  server.RaftServerConfigKeys (ConfUtils.java:logGet(46)) - raft.server.log.corruption.policy = EXCEPTION (default)
2023-09-25 17:58:23,936 [a644417b-dd47-4d87-a60a-40004e0b267c-groupManagement] INFO  server.RaftServerConfigKeys (ConfUtils.java:logGet(46)) - raft.server.storage.free-space.min = 0MB (=0) (default)
2023-09-25 17:58:23,936 [a644417b-dd47-4d87-a60a-40004e0b267c-groupManagement] INFO  server.RaftServerConfigKeys (ConfUtils.java:logGet(46)) - raft.server.notification.no-leader.timeout = 300s (custom)
2023-09-25 17:58:23,936 [a644417b-dd47-4d87-a60a-40004e0b267c-groupManagement] INFO  server.RaftServerConfigKeys (ConfUtils.java:logGet(46)) - raft.server.read.timeout = 10s (default)
2023-09-25 17:58:23,936 [a644417b-dd47-4d87-a60a-40004e0b267c-groupManagement] INFO  server.RaftServerConfigKeys (ConfUtils.java:logGet(46)) - raft.server.retrycache.expirytime = 600000ms (custom)
2023-09-25 17:58:23,936 [a644417b-dd47-4d87-a60a-40004e0b267c-groupManagement] INFO  server.RaftServerConfigKeys (ConfUtils.java:logGet(46)) - raft.server.retrycache.statistics.expirytime = 100μs (default)
2023-09-25 17:58:23,937 [a644417b-dd47-4d87-a60a-40004e0b267c-groupManagement] INFO  server.RaftServerConfigKeys (ConfUtils.java:logGet(46)) - raft.server.read.option = DEFAULT (default)
2023-09-25 17:58:23,938 [a644417b-dd47-4d87-a60a-40004e0b267c-groupManagement] INFO  server.RaftServerConfigKeys (ConfUtils.java:logGet(46)) - raft.server.rpc.request.timeout = 60s (custom)
2023-09-25 17:58:23,939 [a644417b-dd47-4d87-a60a-40004e0b267c-groupManagement] INFO  server.RaftServerConfigKeys (ConfUtils.java:logGet(46)) - raft.server.log.appender.install.snapshot.enabled = false (custom)
2023-09-25 17:58:23,939 [a644417b-dd47-4d87-a60a-40004e0b267c-groupManagement] INFO  server.RaftServerConfigKeys (ConfUtils.java:logGet(46)) - raft.server.threadpool.server.cached = true (default)
2023-09-25 17:58:23,939 [a644417b-dd47-4d87-a60a-40004e0b267c-groupManagement] INFO  server.RaftServerConfigKeys (ConfUtils.java:logGet(46)) - raft.server.threadpool.server.size = 0 (default)
2023-09-25 17:58:23,939 [a644417b-dd47-4d87-a60a-40004e0b267c-groupManagement] INFO  server.RaftServerConfigKeys (ConfUtils.java:logGet(46)) - raft.server.threadpool.client.cached = true (default)
2023-09-25 17:58:23,939 [a644417b-dd47-4d87-a60a-40004e0b267c-groupManagement] INFO  server.RaftServerConfigKeys (ConfUtils.java:logGet(46)) - raft.server.threadpool.client.size = 0 (default)
2023-09-25 17:58:23,939 [a644417b-dd47-4d87-a60a-40004e0b267c-groupManagement] INFO  storage.RaftStorageDirectory (RaftStorageDirectoryImpl.java:analyzeStorage(137)) - The storage directory /home/runner/work/ozone/ozone/hadoop-ozone/integration-test/target/test-dir/MiniOzoneClusterImpl-943d6ebb-9f51-4477-b660-6e407d8e3762/datanode-1/data/ratis/fb54c0c3-2a5e-4ae7-9cfd-95e18541596a does not exist. Creating ...
2023-09-25 17:58:23,941 [a644417b-dd47-4d87-a60a-40004e0b267c-groupManagement] INFO  storage.RaftStorageDirectory (RaftStorageDirectoryImpl.java:tryLock(231)) - Lock on /home/runner/work/ozone/ozone/hadoop-ozone/integration-test/target/test-dir/MiniOzoneClusterImpl-943d6ebb-9f51-4477-b660-6e407d8e3762/datanode-1/data/ratis/fb54c0c3-2a5e-4ae7-9cfd-95e18541596a/in_use.lock acquired by nodename 19424@fv-az249-861
2023-09-25 17:58:23,943 [a644417b-dd47-4d87-a60a-40004e0b267c-groupManagement] INFO  storage.RaftStorage (RaftStorageImpl.java:format(96)) - Storage directory /home/runner/work/ozone/ozone/hadoop-ozone/integration-test/target/test-dir/MiniOzoneClusterImpl-943d6ebb-9f51-4477-b660-6e407d8e3762/datanode-1/data/ratis/fb54c0c3-2a5e-4ae7-9cfd-95e18541596a has been successfully formatted.
2023-09-25 17:58:23,943 [a644417b-dd47-4d87-a60a-40004e0b267c-groupManagement] INFO  ratis.ContainerStateMachine (ContainerStateMachine.java:loadSnapshot(262)) - group-95E18541596A: The snapshot info is null. Setting the last applied indexto:(t:0, i:~)
2023-09-25 17:58:23,943 [a644417b-dd47-4d87-a60a-40004e0b267c-groupManagement] INFO  server.RaftServerConfigKeys (ConfUtils.java:logGet(46)) - raft.server.log.use.memory = false (default)
2023-09-25 17:58:23,943 [a644417b-dd47-4d87-a60a-40004e0b267c-groupManagement] INFO  server.RaftServerConfigKeys (ConfUtils.java:logGet(46)) - raft.server.log.purge.gap = 1000000 (custom)
2023-09-25 17:58:23,944 [a644417b-dd47-4d87-a60a-40004e0b267c-groupManagement] INFO  server.RaftServerConfigKeys (ConfUtils.java:logGet(46)) - raft.server.log.appender.buffer.byte-limit = 33554432 (custom)
2023-09-25 17:58:23,944 [a644417b-dd47-4d87-a60a-40004e0b267c-groupManagement] INFO  server.RaftServerConfigKeys (ConfUtils.java:logGet(46)) - raft.server.log.statemachine.data.read.timeout = 1000ms (default)
2023-09-25 17:58:23,944 [a644417b-dd47-4d87-a60a-40004e0b267c-groupManagement] INFO  server.RaftServerConfigKeys (ConfUtils.java:logGet(46)) - raft.server.log.purge.preservation.log.num = 0 (default)
2023-09-25 17:58:23,944 [a644417b-dd47-4d87-a60a-40004e0b267c-groupManagement] INFO  server.RaftServerConfigKeys (ConfUtils.java:logGet(46)) - raft.server.log.segment.size.max = 1048576 (custom)
2023-09-25 17:58:23,945 [a644417b-dd47-4d87-a60a-40004e0b267c-groupManagement] INFO  server.RaftServerConfigKeys (ConfUtils.java:logGet(46)) - raft.server.log.segment.cache.num.max = 2 (custom)
2023-09-25 17:58:23,945 [a644417b-dd47-4d87-a60a-40004e0b267c-groupManagement] INFO  server.RaftServerConfigKeys (ConfUtils.java:logGet(46)) - raft.server.log.segment.cache.size.max = 200MB (=209715200) (default)
2023-09-25 17:58:23,945 [a644417b-dd47-4d87-a60a-40004e0b267c-groupManagement] INFO  server.RaftServerConfigKeys (ConfUtils.java:logGet(46)) - raft.server.log.appender.buffer.byte-limit = 33554432 (custom)
2023-09-25 17:58:23,945 [a644417b-dd47-4d87-a60a-40004e0b267c-groupManagement] INFO  segmented.SegmentedRaftLogWorker (SegmentedRaftLogWorker.java:<init>(188)) - new a644417b-dd47-4d87-a60a-40004e0b267c@group-95E18541596A-SegmentedRaftLogWorker for RaftStorageImpl:Storage Directory /home/runner/work/ozone/ozone/hadoop-ozone/integration-test/target/test-dir/MiniOzoneClusterImpl-943d6ebb-9f51-4477-b660-6e407d8e3762/datanode-1/data/ratis/fb54c0c3-2a5e-4ae7-9cfd-95e18541596a
2023-09-25 17:58:23,945 [a644417b-dd47-4d87-a60a-40004e0b267c-groupManagement] INFO  server.RaftServerConfigKeys (ConfUtils.java:logGet(46)) - raft.server.log.queue.byte-limit = 4294967296 (custom)
2023-09-25 17:58:23,945 [a644417b-dd47-4d87-a60a-40004e0b267c-groupManagement] INFO  server.RaftServerConfigKeys (ConfUtils.java:logGet(46)) - raft.server.log.queue.element-limit = 1024 (custom)
2023-09-25 17:58:23,945 [a644417b-dd47-4d87-a60a-40004e0b267c-groupManagement] INFO  server.RaftServerConfigKeys (ConfUtils.java:logGet(46)) - raft.server.log.segment.size.max = 1048576 (custom)
2023-09-25 17:58:23,945 [a644417b-dd47-4d87-a60a-40004e0b267c-groupManagement] INFO  server.RaftServerConfigKeys (ConfUtils.java:logGet(46)) - raft.server.log.preallocated.size = 16384 (custom)
2023-09-25 17:58:23,945 [a644417b-dd47-4d87-a60a-40004e0b267c-groupManagement] INFO  server.RaftServerConfigKeys (ConfUtils.java:logGet(46)) - raft.server.log.force.sync.num = 128 (default)
2023-09-25 17:58:23,945 [a644417b-dd47-4d87-a60a-40004e0b267c-groupManagement] INFO  server.RaftServerConfigKeys (ConfUtils.java:logGet(46)) - raft.server.log.statemachine.data.sync = true (default)
2023-09-25 17:58:23,945 [a644417b-dd47-4d87-a60a-40004e0b267c-groupManagement] INFO  server.RaftServerConfigKeys (ConfUtils.java:logGet(46)) - raft.server.log.statemachine.data.sync.timeout = 10s (default)
2023-09-25 17:58:23,945 [a644417b-dd47-4d87-a60a-40004e0b267c-groupManagement] INFO  server.RaftServerConfigKeys (ConfUtils.java:logGet(46)) - raft.server.log.statemachine.data.sync.timeout.retry = -1 (default)
2023-09-25 17:58:23,948 [a644417b-dd47-4d87-a60a-40004e0b267c-groupManagement] INFO  server.RaftServerConfigKeys (ConfUtils.java:logGet(46)) - raft.server.log.write.buffer.size = 1048576 (custom)
2023-09-25 17:58:23,948 [a644417b-dd47-4d87-a60a-40004e0b267c-groupManagement] INFO  server.RaftServerConfigKeys (ConfUtils.java:logGet(46)) - raft.server.log.appender.buffer.byte-limit = 33554432 (custom)
2023-09-25 17:58:23,957 [a644417b-dd47-4d87-a60a-40004e0b267c-groupManagement] INFO  server.RaftServerConfigKeys (ConfUtils.java:logGet(46)) - raft.server.log.unsafe-flush.enabled = false (default)
2023-09-25 17:58:23,958 [a644417b-dd47-4d87-a60a-40004e0b267c-groupManagement] INFO  server.RaftServerConfigKeys (ConfUtils.java:logGet(46)) - raft.server.log.async-flush.enabled = false (default)
2023-09-25 17:58:23,958 [a644417b-dd47-4d87-a60a-40004e0b267c-groupManagement] INFO  server.RaftServerConfigKeys (ConfUtils.java:logGet(46)) - raft.server.log.statemachine.data.caching.enabled = true (custom)
2023-09-25 17:58:23,958 [a644417b-dd47-4d87-a60a-40004e0b267c-groupManagement] INFO  segmented.SegmentedRaftLogWorker (SegmentedRaftLogWorker.java:lambda$new$0(135)) - a644417b-dd47-4d87-a60a-40004e0b267c@group-95E18541596A-SegmentedRaftLogWorker: flushIndex: setUnconditionally 0 -> -1
2023-09-25 17:58:23,958 [a644417b-dd47-4d87-a60a-40004e0b267c-groupManagement] INFO  segmented.SegmentedRaftLogWorker (SegmentedRaftLogWorker.java:lambda$new$0(135)) - a644417b-dd47-4d87-a60a-40004e0b267c@group-95E18541596A-SegmentedRaftLogWorker: safeCacheEvictIndex: setUnconditionally 0 -> -1
2023-09-25 17:58:23,958 [a644417b-dd47-4d87-a60a-40004e0b267c-groupManagement] INFO  server.RaftServer$Division (RaftServerImpl.java:start(342)) - a644417b-dd47-4d87-a60a-40004e0b267c@group-95E18541596A: start as a follower, conf=-1: peers:[75134425-efac-405c-8d5e-f2090f4ad075|rpc:10.1.0.144:15067|admin:10.1.0.144:15066|client:10.1.0.144:15065|dataStream:10.1.0.144:15068|priority:0|startupRole:FOLLOWER, a644417b-dd47-4d87-a60a-40004e0b267c|rpc:10.1.0.144:15076|admin:10.1.0.144:15075|client:10.1.0.144:15074|dataStream:10.1.0.144:15077|priority:0|startupRole:FOLLOWER, 8558cc9e-2498-48a0-8a6c-35e11e299077|rpc:10.1.0.144:15085|admin:10.1.0.144:15084|client:10.1.0.144:15083|dataStream:10.1.0.144:15086|priority:1|startupRole:FOLLOWER]|listeners:[], old=null
2023-09-25 17:58:23,959 [a644417b-dd47-4d87-a60a-40004e0b267c-groupManagement] INFO  server.RaftServer$Division (RaftServerImpl.java:setRole(329)) - a644417b-dd47-4d87-a60a-40004e0b267c@group-95E18541596A: changes role from      null to FOLLOWER at term 0 for startAsFollower
2023-09-25 17:58:23,959 [a644417b-dd47-4d87-a60a-40004e0b267c-groupManagement] INFO  impl.RoleInfo (RoleInfo.java:updateAndGet(139)) - a644417b-dd47-4d87-a60a-40004e0b267c: start a644417b-dd47-4d87-a60a-40004e0b267c@group-95E18541596A-FollowerState
2023-09-25 17:58:23,959 [a644417b-dd47-4d87-a60a-40004e0b267c-groupManagement] INFO  util.JmxRegister (JmxRegister.java:tryRegister(44)) - Successfully registered JMX Bean with object name Ratis:service=RaftServer,group=group-95E18541596A,id=a644417b-dd47-4d87-a60a-40004e0b267c
2023-09-25 17:58:23,959 [a644417b-dd47-4d87-a60a-40004e0b267c-groupManagement] INFO  server.RaftServerConfigKeys (ConfUtils.java:logGet(46)) - raft.server.snapshot.auto.trigger.enabled = true (custom)
2023-09-25 17:58:23,959 [a644417b-dd47-4d87-a60a-40004e0b267c-groupManagement] INFO  server.RaftServerConfigKeys (ConfUtils.java:logGet(46)) - raft.server.snapshot.auto.trigger.threshold = 10000 (custom)
2023-09-25 17:58:23,959 [a644417b-dd47-4d87-a60a-40004e0b267c-groupManagement] INFO  server.RaftServerConfigKeys (ConfUtils.java:logGet(46)) - raft.server.snapshot.retention.file.num = 5 (custom)
2023-09-25 17:58:23,959 [a644417b-dd47-4d87-a60a-40004e0b267c-groupManagement] INFO  server.RaftServerConfigKeys (ConfUtils.java:logGet(46)) - raft.server.log.purge.upto.snapshot.index = false (default)
2023-09-25 17:58:23,962 [a644417b-dd47-4d87-a60a-40004e0b267c@group-95E18541596A-FollowerState] INFO  server.RaftServerConfigKeys (ConfUtils.java:logFallback(53)) - raft.server.rpc.first-election.timeout.min = 5s (fallback to raft.server.rpc.timeout.min)
2023-09-25 17:58:23,962 [a644417b-dd47-4d87-a60a-40004e0b267c@group-95E18541596A-FollowerState] INFO  server.RaftServerConfigKeys (ConfUtils.java:logFallback(53)) - raft.server.rpc.first-election.timeout.max = 5200ms (fallback to raft.server.rpc.timeout.max)
2023-09-25 17:58:23,974 [PipelineCommandHandlerThread-0] INFO  commandhandler.CreatePipelineCommandHandler (CreatePipelineCommandHandler.java:lambda$handle$2(124)) - Created Pipeline RATIS THREE PipelineID=fb54c0c3-2a5e-4ae7-9cfd-95e18541596a.
2023-09-25 17:58:23,995 [PipelineCommandHandlerThread-0] INFO  server.RaftServer (RaftServerProxy.java:addNew(98)) - a644417b-dd47-4d87-a60a-40004e0b267c: addNew group-EC2A289280FE:[a644417b-dd47-4d87-a60a-40004e0b267c|rpc:10.1.0.144:15076|admin:10.1.0.144:15075|client:10.1.0.144:15074|dataStream:10.1.0.144:15077|priority:1|startupRole:FOLLOWER] returns group-EC2A289280FE:java.util.concurrent.CompletableFuture@5674c010[Not completed]
2023-09-25 17:58:23,997 [a644417b-dd47-4d87-a60a-40004e0b267c-groupManagement] INFO  server.RaftServer$Division (RaftServerImpl.java:<init>(198)) - a644417b-dd47-4d87-a60a-40004e0b267c: new RaftServerImpl for group-EC2A289280FE:[a644417b-dd47-4d87-a60a-40004e0b267c|rpc:10.1.0.144:15076|admin:10.1.0.144:15075|client:10.1.0.144:15074|dataStream:10.1.0.144:15077|priority:1|startupRole:FOLLOWER] with ContainerStateMachine:uninitialized
2023-09-25 17:58:23,997 [a644417b-dd47-4d87-a60a-40004e0b267c-groupManagement] INFO  server.RaftServerConfigKeys (ConfUtils.java:logGet(46)) - raft.server.rpc.timeout.min = 5s (custom)
2023-09-25 17:58:23,997 [a644417b-dd47-4d87-a60a-40004e0b267c-groupManagement] INFO  server.RaftServerConfigKeys (ConfUtils.java:logGet(46)) - raft.server.rpc.timeout.max = 5200ms (custom)
2023-09-25 17:58:23,997 [a644417b-dd47-4d87-a60a-40004e0b267c-groupManagement] INFO  server.RaftServerConfigKeys (ConfUtils.java:logGet(46)) - raft.server.rpc.sleep.time = 25ms (default)
2023-09-25 17:58:23,998 [a644417b-dd47-4d87-a60a-40004e0b267c-groupManagement] INFO  server.RaftServerConfigKeys (ConfUtils.java:logGet(46)) - raft.server.rpc.slowness.timeout = 300s (custom)
2023-09-25 17:58:23,998 [a644417b-dd47-4d87-a60a-40004e0b267c-groupManagement] INFO  server.RaftServerConfigKeys (ConfUtils.java:logGet(46)) - raft.server.leaderelection.leader.step-down.wait-time = 10s (default)
2023-09-25 17:58:23,998 [a644417b-dd47-4d87-a60a-40004e0b267c-groupManagement] INFO  server.RaftServerConfigKeys (ConfUtils.java:logGet(46)) - raft.server.sleep.deviation.threshold = 300ms (default)
2023-09-25 17:58:23,998 [a644417b-dd47-4d87-a60a-40004e0b267c-groupManagement] INFO  server.RaftServer$Division (ServerState.java:<init>(120)) - a644417b-dd47-4d87-a60a-40004e0b267c@group-EC2A289280FE: ConfigurationManager, init=-1: peers:[a644417b-dd47-4d87-a60a-40004e0b267c|rpc:10.1.0.144:15076|admin:10.1.0.144:15075|client:10.1.0.144:15074|dataStream:10.1.0.144:15077|priority:1|startupRole:FOLLOWER]|listeners:[], old=null, confs=<EMPTY_MAP>
2023-09-25 17:58:23,998 [a644417b-dd47-4d87-a60a-40004e0b267c-groupManagement] INFO  server.RaftServerConfigKeys (ConfUtils.java:logGet(46)) - raft.server.storage.dir = [/home/runner/work/ozone/ozone/hadoop-ozone/integration-test/target/test-dir/MiniOzoneClusterImpl-943d6ebb-9f51-4477-b660-6e407d8e3762/datanode-1/data/ratis] (custom)
2023-09-25 17:58:23,998 [a644417b-dd47-4d87-a60a-40004e0b267c-groupManagement] INFO  server.RaftServerConfigKeys (ConfUtils.java:logGet(46)) - raft.server.log.corruption.policy = EXCEPTION (default)
2023-09-25 17:58:23,998 [a644417b-dd47-4d87-a60a-40004e0b267c-groupManagement] INFO  server.RaftServerConfigKeys (ConfUtils.java:logGet(46)) - raft.server.storage.free-space.min = 0MB (=0) (default)
2023-09-25 17:58:23,998 [a644417b-dd47-4d87-a60a-40004e0b267c-groupManagement] INFO  server.RaftServerConfigKeys (ConfUtils.java:logGet(46)) - raft.server.notification.no-leader.timeout = 300s (custom)
2023-09-25 17:58:23,999 [a644417b-dd47-4d87-a60a-40004e0b267c-groupManagement] INFO  server.RaftServerConfigKeys (ConfUtils.java:logGet(46)) - raft.server.read.timeout = 10s (default)
2023-09-25 17:58:23,999 [a644417b-dd47-4d87-a60a-40004e0b267c-groupManagement] INFO  server.RaftServerConfigKeys (ConfUtils.java:logGet(46)) - raft.server.retrycache.expirytime = 600000ms (custom)
2023-09-25 17:58:23,999 [a644417b-dd47-4d87-a60a-40004e0b267c-groupManagement] INFO  server.RaftServerConfigKeys (ConfUtils.java:logGet(46)) - raft.server.retrycache.statistics.expirytime = 100μs (default)
2023-09-25 17:58:24,000 [a644417b-dd47-4d87-a60a-40004e0b267c-groupManagement] INFO  server.RaftServerConfigKeys (ConfUtils.java:logGet(46)) - raft.server.read.option = DEFAULT (default)
2023-09-25 17:58:24,002 [a644417b-dd47-4d87-a60a-40004e0b267c-groupManagement] INFO  server.RaftServerConfigKeys (ConfUtils.java:logGet(46)) - raft.server.rpc.request.timeout = 60s (custom)
2023-09-25 17:58:24,002 [a644417b-dd47-4d87-a60a-40004e0b267c-groupManagement] INFO  server.RaftServerConfigKeys (ConfUtils.java:logGet(46)) - raft.server.log.appender.install.snapshot.enabled = false (custom)
2023-09-25 17:58:24,002 [a644417b-dd47-4d87-a60a-40004e0b267c-groupManagement] INFO  server.RaftServerConfigKeys (ConfUtils.java:logGet(46)) - raft.server.threadpool.server.cached = true (default)
2023-09-25 17:58:24,002 [a644417b-dd47-4d87-a60a-40004e0b267c-groupManagement] INFO  server.RaftServerConfigKeys (ConfUtils.java:logGet(46)) - raft.server.threadpool.server.size = 0 (default)
2023-09-25 17:58:24,002 [a644417b-dd47-4d87-a60a-40004e0b267c-groupManagement] INFO  server.RaftServerConfigKeys (ConfUtils.java:logGet(46)) - raft.server.threadpool.client.cached = true (default)
2023-09-25 17:58:24,002 [a644417b-dd47-4d87-a60a-40004e0b267c-groupManagement] INFO  server.RaftServerConfigKeys (ConfUtils.java:logGet(46)) - raft.server.threadpool.client.size = 0 (default)
2023-09-25 17:58:24,002 [a644417b-dd47-4d87-a60a-40004e0b267c-groupManagement] INFO  storage.RaftStorageDirectory (RaftStorageDirectoryImpl.java:analyzeStorage(137)) - The storage directory /home/runner/work/ozone/ozone/hadoop-ozone/integration-test/target/test-dir/MiniOzoneClusterImpl-943d6ebb-9f51-4477-b660-6e407d8e3762/datanode-1/data/ratis/bdeb7767-0024-4ab0-922f-ec2a289280fe does not exist. Creating ...
2023-09-25 17:58:24,004 [a644417b-dd47-4d87-a60a-40004e0b267c-groupManagement] INFO  storage.RaftStorageDirectory (RaftStorageDirectoryImpl.java:tryLock(231)) - Lock on /home/runner/work/ozone/ozone/hadoop-ozone/integration-test/target/test-dir/MiniOzoneClusterImpl-943d6ebb-9f51-4477-b660-6e407d8e3762/datanode-1/data/ratis/bdeb7767-0024-4ab0-922f-ec2a289280fe/in_use.lock acquired by nodename 19424@fv-az249-861
2023-09-25 17:58:24,005 [a644417b-dd47-4d87-a60a-40004e0b267c-groupManagement] INFO  storage.RaftStorage (RaftStorageImpl.java:format(96)) - Storage directory /home/runner/work/ozone/ozone/hadoop-ozone/integration-test/target/test-dir/MiniOzoneClusterImpl-943d6ebb-9f51-4477-b660-6e407d8e3762/datanode-1/data/ratis/bdeb7767-0024-4ab0-922f-ec2a289280fe has been successfully formatted.
2023-09-25 17:58:24,006 [a644417b-dd47-4d87-a60a-40004e0b267c-groupManagement] INFO  ratis.ContainerStateMachine (ContainerStateMachine.java:loadSnapshot(262)) - group-EC2A289280FE: The snapshot info is null. Setting the last applied indexto:(t:0, i:~)
2023-09-25 17:58:24,006 [a644417b-dd47-4d87-a60a-40004e0b267c-groupManagement] INFO  server.RaftServerConfigKeys (ConfUtils.java:logGet(46)) - raft.server.log.use.memory = false (default)
2023-09-25 17:58:24,006 [a644417b-dd47-4d87-a60a-40004e0b267c-groupManagement] INFO  server.RaftServerConfigKeys (ConfUtils.java:logGet(46)) - raft.server.log.purge.gap = 1000000 (custom)
2023-09-25 17:58:24,006 [a644417b-dd47-4d87-a60a-40004e0b267c-groupManagement] INFO  server.RaftServerConfigKeys (ConfUtils.java:logGet(46)) - raft.server.log.appender.buffer.byte-limit = 33554432 (custom)
2023-09-25 17:58:24,006 [a644417b-dd47-4d87-a60a-40004e0b267c-groupManagement] INFO  server.RaftServerConfigKeys (ConfUtils.java:logGet(46)) - raft.server.log.statemachine.data.read.timeout = 1000ms (default)
2023-09-25 17:58:24,007 [a644417b-dd47-4d87-a60a-40004e0b267c-groupManagement] INFO  server.RaftServerConfigKeys (ConfUtils.java:logGet(46)) - raft.server.log.purge.preservation.log.num = 0 (default)
2023-09-25 17:58:24,007 [a644417b-dd47-4d87-a60a-40004e0b267c-groupManagement] INFO  server.RaftServerConfigKeys (ConfUtils.java:logGet(46)) - raft.server.log.segment.size.max = 1048576 (custom)
2023-09-25 17:58:24,008 [EventQueue-PipelineReportForPipelineReportHandler] INFO  pipeline.PipelineReportHandler (PipelineReportHandler.java:processPipelineReport(136)) - Opened pipeline PipelineID=bdeb7767-0024-4ab0-922f-ec2a289280fe
2023-09-25 17:58:24,008 [EventQueue-OpenPipelineForHealthyPipelineSafeModeRule] INFO  safemode.SCMSafeModeManager (HealthyPipelineSafeModeRule.java:process(137)) - SCM in safe mode. Healthy pipelines reported count is 0, required healthy pipeline reported count is 1
2023-09-25 17:58:24,008 [a644417b-dd47-4d87-a60a-40004e0b267c-groupManagement] INFO  server.RaftServerConfigKeys (ConfUtils.java:logGet(46)) - raft.server.log.segment.cache.num.max = 2 (custom)
2023-09-25 17:58:24,008 [a644417b-dd47-4d87-a60a-40004e0b267c-groupManagement] INFO  server.RaftServerConfigKeys (ConfUtils.java:logGet(46)) - raft.server.log.segment.cache.size.max = 200MB (=209715200) (default)
2023-09-25 17:58:24,008 [a644417b-dd47-4d87-a60a-40004e0b267c-groupManagement] INFO  server.RaftServerConfigKeys (ConfUtils.java:logGet(46)) - raft.server.log.appender.buffer.byte-limit = 33554432 (custom)
2023-09-25 17:58:24,008 [a644417b-dd47-4d87-a60a-40004e0b267c-groupManagement] INFO  segmented.SegmentedRaftLogWorker (SegmentedRaftLogWorker.java:<init>(188)) - new a644417b-dd47-4d87-a60a-40004e0b267c@group-EC2A289280FE-SegmentedRaftLogWorker for RaftStorageImpl:Storage Directory /home/runner/work/ozone/ozone/hadoop-ozone/integration-test/target/test-dir/MiniOzoneClusterImpl-943d6ebb-9f51-4477-b660-6e407d8e3762/datanode-1/data/ratis/bdeb7767-0024-4ab0-922f-ec2a289280fe
2023-09-25 17:58:24,008 [a644417b-dd47-4d87-a60a-40004e0b267c-groupManagement] INFO  server.RaftServerConfigKeys (ConfUtils.java:logGet(46)) - raft.server.log.queue.byte-limit = 4294967296 (custom)
2023-09-25 17:58:24,008 [a644417b-dd47-4d87-a60a-40004e0b267c-groupManagement] INFO  server.RaftServerConfigKeys (ConfUtils.java:logGet(46)) - raft.server.log.queue.element-limit = 1024 (custom)
2023-09-25 17:58:24,008 [a644417b-dd47-4d87-a60a-40004e0b267c-groupManagement] INFO  server.RaftServerConfigKeys (ConfUtils.java:logGet(46)) - raft.server.log.segment.size.max = 1048576 (custom)
2023-09-25 17:58:24,008 [a644417b-dd47-4d87-a60a-40004e0b267c-groupManagement] INFO  server.RaftServerConfigKeys (ConfUtils.java:logGet(46)) - raft.server.log.preallocated.size = 16384 (custom)
2023-09-25 17:58:24,008 [a644417b-dd47-4d87-a60a-40004e0b267c-groupManagement] INFO  server.RaftServerConfigKeys (ConfUtils.java:logGet(46)) - raft.server.log.force.sync.num = 128 (default)
2023-09-25 17:58:24,009 [a644417b-dd47-4d87-a60a-40004e0b267c-groupManagement] INFO  server.RaftServerConfigKeys (ConfUtils.java:logGet(46)) - raft.server.log.statemachine.data.sync = true (default)
2023-09-25 17:58:24,009 [a644417b-dd47-4d87-a60a-40004e0b267c-groupManagement] INFO  server.RaftServerConfigKeys (ConfUtils.java:logGet(46)) - raft.server.log.statemachine.data.sync.timeout = 10s (default)
2023-09-25 17:58:24,009 [a644417b-dd47-4d87-a60a-40004e0b267c-groupManagement] INFO  server.RaftServerConfigKeys (ConfUtils.java:logGet(46)) - raft.server.log.statemachine.data.sync.timeout.retry = -1 (default)
2023-09-25 17:58:24,009 [a644417b-dd47-4d87-a60a-40004e0b267c-groupManagement] INFO  server.RaftServerConfigKeys (ConfUtils.java:logGet(46)) - raft.server.log.write.buffer.size = 1048576 (custom)
2023-09-25 17:58:24,010 [a644417b-dd47-4d87-a60a-40004e0b267c-groupManagement] INFO  server.RaftServerConfigKeys (ConfUtils.java:logGet(46)) - raft.server.log.appender.buffer.byte-limit = 33554432 (custom)
2023-09-25 17:58:24,107 [main] INFO  ozone.MiniOzoneClusterImpl (MiniOzoneClusterImpl.java:lambda$waitForClusterToBeReady$0(229)) - Nodes are ready. Got 5 of 5 DN Heartbeats.
2023-09-25 17:58:24,107 [main] INFO  ozone.MiniOzoneClusterImpl (MiniOzoneClusterImpl.java:lambda$waitForClusterToBeReady$0(232)) - Waiting for cluster to exit safe mode
2023-09-25 17:58:24,107 [main] INFO  ozone.MiniOzoneClusterImpl (MiniOzoneClusterImpl.java:lambda$waitForClusterToBeReady$0(234)) - SCM became leader
2023-09-25 17:58:24,119 [a644417b-dd47-4d87-a60a-40004e0b267c-groupManagement] INFO  server.RaftServerConfigKeys (ConfUtils.java:logGet(46)) - raft.server.log.unsafe-flush.enabled = false (default)
2023-09-25 17:58:24,119 [a644417b-dd47-4d87-a60a-40004e0b267c-groupManagement] INFO  server.RaftServerConfigKeys (ConfUtils.java:logGet(46)) - raft.server.log.async-flush.enabled = false (default)
2023-09-25 17:58:24,119 [a644417b-dd47-4d87-a60a-40004e0b267c-groupManagement] INFO  server.RaftServerConfigKeys (ConfUtils.java:logGet(46)) - raft.server.log.statemachine.data.caching.enabled = true (custom)
2023-09-25 17:58:24,127 [a644417b-dd47-4d87-a60a-40004e0b267c-groupManagement] INFO  segmented.SegmentedRaftLogWorker (SegmentedRaftLogWorker.java:lambda$new$0(135)) - a644417b-dd47-4d87-a60a-40004e0b267c@group-EC2A289280FE-SegmentedRaftLogWorker: flushIndex: setUnconditionally 0 -> -1
2023-09-25 17:58:24,127 [a644417b-dd47-4d87-a60a-40004e0b267c-groupManagement] INFO  segmented.SegmentedRaftLogWorker (SegmentedRaftLogWorker.java:lambda$new$0(135)) - a644417b-dd47-4d87-a60a-40004e0b267c@group-EC2A289280FE-SegmentedRaftLogWorker: safeCacheEvictIndex: setUnconditionally 0 -> -1
2023-09-25 17:58:24,131 [a644417b-dd47-4d87-a60a-40004e0b267c-groupManagement] INFO  server.RaftServer$Division (RaftServerImpl.java:start(342)) - a644417b-dd47-4d87-a60a-40004e0b267c@group-EC2A289280FE: start as a follower, conf=-1: peers:[a644417b-dd47-4d87-a60a-40004e0b267c|rpc:10.1.0.144:15076|admin:10.1.0.144:15075|client:10.1.0.144:15074|dataStream:10.1.0.144:15077|priority:1|startupRole:FOLLOWER]|listeners:[], old=null
2023-09-25 17:58:24,131 [a644417b-dd47-4d87-a60a-40004e0b267c-groupManagement] INFO  server.RaftServer$Division (RaftServerImpl.java:setRole(329)) - a644417b-dd47-4d87-a60a-40004e0b267c@group-EC2A289280FE: changes role from      null to FOLLOWER at term 0 for startAsFollower
2023-09-25 17:58:24,131 [a644417b-dd47-4d87-a60a-40004e0b267c-groupManagement] INFO  impl.RoleInfo (RoleInfo.java:updateAndGet(139)) - a644417b-dd47-4d87-a60a-40004e0b267c: start a644417b-dd47-4d87-a60a-40004e0b267c@group-EC2A289280FE-FollowerState
2023-09-25 17:58:24,138 [a644417b-dd47-4d87-a60a-40004e0b267c-groupManagement] INFO  util.JmxRegister (JmxRegister.java:tryRegister(44)) - Successfully registered JMX Bean with object name Ratis:service=RaftServer,group=group-EC2A289280FE,id=a644417b-dd47-4d87-a60a-40004e0b267c
2023-09-25 17:58:24,138 [a644417b-dd47-4d87-a60a-40004e0b267c@group-EC2A289280FE-FollowerState] INFO  server.RaftServerConfigKeys (ConfUtils.java:logFallback(53)) - raft.server.rpc.first-election.timeout.min = 5s (fallback to raft.server.rpc.timeout.min)
2023-09-25 17:58:24,138 [a644417b-dd47-4d87-a60a-40004e0b267c-groupManagement] INFO  server.RaftServerConfigKeys (ConfUtils.java:logGet(46)) - raft.server.snapshot.auto.trigger.enabled = true (custom)
2023-09-25 17:58:24,138 [a644417b-dd47-4d87-a60a-40004e0b267c@group-EC2A289280FE-FollowerState] INFO  server.RaftServerConfigKeys (ConfUtils.java:logFallback(53)) - raft.server.rpc.first-election.timeout.max = 5200ms (fallback to raft.server.rpc.timeout.max)
2023-09-25 17:58:24,138 [a644417b-dd47-4d87-a60a-40004e0b267c-groupManagement] INFO  server.RaftServerConfigKeys (ConfUtils.java:logGet(46)) - raft.server.snapshot.auto.trigger.threshold = 10000 (custom)
2023-09-25 17:58:24,138 [a644417b-dd47-4d87-a60a-40004e0b267c-groupManagement] INFO  server.RaftServerConfigKeys (ConfUtils.java:logGet(46)) - raft.server.snapshot.retention.file.num = 5 (custom)
2023-09-25 17:58:24,139 [a644417b-dd47-4d87-a60a-40004e0b267c-groupManagement] INFO  server.RaftServerConfigKeys (ConfUtils.java:logGet(46)) - raft.server.log.purge.upto.snapshot.index = false (default)
2023-09-25 17:58:24,139 [PipelineCommandHandlerThread-0] INFO  ratis.XceiverServerRatis (XceiverServerRatis.java:addGroup(804)) - Created group PipelineID=bdeb7767-0024-4ab0-922f-ec2a289280fe
2023-09-25 17:58:24,139 [PipelineCommandHandlerThread-0] INFO  commandhandler.CreatePipelineCommandHandler (CreatePipelineCommandHandler.java:lambda$handle$2(124)) - Created Pipeline RATIS ONE PipelineID=bdeb7767-0024-4ab0-922f-ec2a289280fe.
2023-09-25 17:58:24,319 [PipelineCommandHandlerThread-0] INFO  server.RaftServer (RaftServerProxy.java:addNew(98)) - 8558cc9e-2498-48a0-8a6c-35e11e299077: addNew group-F8EC447A9252:[8558cc9e-2498-48a0-8a6c-35e11e299077|rpc:10.1.0.144:15085|admin:10.1.0.144:15084|client:10.1.0.144:15083|dataStream:10.1.0.144:15086|priority:1|startupRole:FOLLOWER] returns group-F8EC447A9252:java.util.concurrent.CompletableFuture@2f7102fa[Not completed]
2023-09-25 17:58:24,320 [8558cc9e-2498-48a0-8a6c-35e11e299077-groupManagement] INFO  server.RaftServer$Division (RaftServerImpl.java:<init>(198)) - 8558cc9e-2498-48a0-8a6c-35e11e299077: new RaftServerImpl for group-F8EC447A9252:[8558cc9e-2498-48a0-8a6c-35e11e299077|rpc:10.1.0.144:15085|admin:10.1.0.144:15084|client:10.1.0.144:15083|dataStream:10.1.0.144:15086|priority:1|startupRole:FOLLOWER] with ContainerStateMachine:uninitialized
2023-09-25 17:58:24,320 [8558cc9e-2498-48a0-8a6c-35e11e299077-groupManagement] INFO  server.RaftServerConfigKeys (ConfUtils.java:logGet(46)) - raft.server.rpc.timeout.min = 5s (custom)
2023-09-25 17:58:24,320 [8558cc9e-2498-48a0-8a6c-35e11e299077-groupManagement] INFO  server.RaftServerConfigKeys (ConfUtils.java:logGet(46)) - raft.server.rpc.timeout.max = 5200ms (custom)
2023-09-25 17:58:24,320 [8558cc9e-2498-48a0-8a6c-35e11e299077-groupManagement] INFO  server.RaftServerConfigKeys (ConfUtils.java:logGet(46)) - raft.server.rpc.sleep.time = 25ms (default)
2023-09-25 17:58:24,320 [8558cc9e-2498-48a0-8a6c-35e11e299077-groupManagement] INFO  server.RaftServerConfigKeys (ConfUtils.java:logGet(46)) - raft.server.rpc.slowness.timeout = 300s (custom)
2023-09-25 17:58:24,320 [8558cc9e-2498-48a0-8a6c-35e11e299077-groupManagement] INFO  server.RaftServerConfigKeys (ConfUtils.java:logGet(46)) - raft.server.leaderelection.leader.step-down.wait-time = 10s (default)
2023-09-25 17:58:24,320 [8558cc9e-2498-48a0-8a6c-35e11e299077-groupManagement] INFO  server.RaftServerConfigKeys (ConfUtils.java:logGet(46)) - raft.server.sleep.deviation.threshold = 300ms (default)
2023-09-25 17:58:24,320 [8558cc9e-2498-48a0-8a6c-35e11e299077-groupManagement] INFO  server.RaftServer$Division (ServerState.java:<init>(120)) - 8558cc9e-2498-48a0-8a6c-35e11e299077@group-F8EC447A9252: ConfigurationManager, init=-1: peers:[8558cc9e-2498-48a0-8a6c-35e11e299077|rpc:10.1.0.144:15085|admin:10.1.0.144:15084|client:10.1.0.144:15083|dataStream:10.1.0.144:15086|priority:1|startupRole:FOLLOWER]|listeners:[], old=null, confs=<EMPTY_MAP>
2023-09-25 17:58:24,321 [8558cc9e-2498-48a0-8a6c-35e11e299077-groupManagement] INFO  server.RaftServerConfigKeys (ConfUtils.java:logGet(46)) - raft.server.storage.dir = [/home/runner/work/ozone/ozone/hadoop-ozone/integration-test/target/test-dir/MiniOzoneClusterImpl-943d6ebb-9f51-4477-b660-6e407d8e3762/datanode-2/data/ratis] (custom)
2023-09-25 17:58:24,321 [8558cc9e-2498-48a0-8a6c-35e11e299077-groupManagement] INFO  server.RaftServerConfigKeys (ConfUtils.java:logGet(46)) - raft.server.log.corruption.policy = EXCEPTION (default)
2023-09-25 17:58:24,321 [8558cc9e-2498-48a0-8a6c-35e11e299077-groupManagement] INFO  server.RaftServerConfigKeys (ConfUtils.java:logGet(46)) - raft.server.storage.free-space.min = 0MB (=0) (default)
2023-09-25 17:58:24,321 [8558cc9e-2498-48a0-8a6c-35e11e299077-groupManagement] INFO  server.RaftServerConfigKeys (ConfUtils.java:logGet(46)) - raft.server.notification.no-leader.timeout = 300s (custom)
2023-09-25 17:58:24,321 [8558cc9e-2498-48a0-8a6c-35e11e299077-groupManagement] INFO  server.RaftServerConfigKeys (ConfUtils.java:logGet(46)) - raft.server.read.timeout = 10s (default)
2023-09-25 17:58:24,321 [8558cc9e-2498-48a0-8a6c-35e11e299077-groupManagement] INFO  server.RaftServerConfigKeys (ConfUtils.java:logGet(46)) - raft.server.retrycache.expirytime = 600000ms (custom)
2023-09-25 17:58:24,321 [8558cc9e-2498-48a0-8a6c-35e11e299077-groupManagement] INFO  server.RaftServerConfigKeys (ConfUtils.java:logGet(46)) - raft.server.retrycache.statistics.expirytime = 100μs (default)
2023-09-25 17:58:24,321 [8558cc9e-2498-48a0-8a6c-35e11e299077-groupManagement] INFO  server.RaftServerConfigKeys (ConfUtils.java:logGet(46)) - raft.server.read.option = DEFAULT (default)
2023-09-25 17:58:24,322 [8558cc9e-2498-48a0-8a6c-35e11e299077-groupManagement] INFO  server.RaftServerConfigKeys (ConfUtils.java:logGet(46)) - raft.server.rpc.request.timeout = 60s (custom)
2023-09-25 17:58:24,322 [8558cc9e-2498-48a0-8a6c-35e11e299077-groupManagement] INFO  server.RaftServerConfigKeys (ConfUtils.java:logGet(46)) - raft.server.log.appender.install.snapshot.enabled = false (custom)
2023-09-25 17:58:24,322 [8558cc9e-2498-48a0-8a6c-35e11e299077-groupManagement] INFO  server.RaftServerConfigKeys (ConfUtils.java:logGet(46)) - raft.server.threadpool.server.cached = true (default)
2023-09-25 17:58:24,322 [8558cc9e-2498-48a0-8a6c-35e11e299077-groupManagement] INFO  server.RaftServerConfigKeys (ConfUtils.java:logGet(46)) - raft.server.threadpool.server.size = 0 (default)
2023-09-25 17:58:24,322 [8558cc9e-2498-48a0-8a6c-35e11e299077-groupManagement] INFO  server.RaftServerConfigKeys (ConfUtils.java:logGet(46)) - raft.server.threadpool.client.cached = true (default)
2023-09-25 17:58:24,322 [8558cc9e-2498-48a0-8a6c-35e11e299077-groupManagement] INFO  server.RaftServerConfigKeys (ConfUtils.java:logGet(46)) - raft.server.threadpool.client.size = 0 (default)
2023-09-25 17:58:24,323 [8558cc9e-2498-48a0-8a6c-35e11e299077-groupManagement] INFO  storage.RaftStorageDirectory (RaftStorageDirectoryImpl.java:analyzeStorage(137)) - The storage directory /home/runner/work/ozone/ozone/hadoop-ozone/integration-test/target/test-dir/MiniOzoneClusterImpl-943d6ebb-9f51-4477-b660-6e407d8e3762/datanode-2/data/ratis/e260415f-81f3-4941-b368-f8ec447a9252 does not exist. Creating ...
2023-09-25 17:58:24,326 [8558cc9e-2498-48a0-8a6c-35e11e299077-groupManagement] INFO  storage.RaftStorageDirectory (RaftStorageDirectoryImpl.java:tryLock(231)) - Lock on /home/runner/work/ozone/ozone/hadoop-ozone/integration-test/target/test-dir/MiniOzoneClusterImpl-943d6ebb-9f51-4477-b660-6e407d8e3762/datanode-2/data/ratis/e260415f-81f3-4941-b368-f8ec447a9252/in_use.lock acquired by nodename 19424@fv-az249-861
2023-09-25 17:58:24,327 [8558cc9e-2498-48a0-8a6c-35e11e299077-groupManagement] INFO  storage.RaftStorage (RaftStorageImpl.java:format(96)) - Storage directory /home/runner/work/ozone/ozone/hadoop-ozone/integration-test/target/test-dir/MiniOzoneClusterImpl-943d6ebb-9f51-4477-b660-6e407d8e3762/datanode-2/data/ratis/e260415f-81f3-4941-b368-f8ec447a9252 has been successfully formatted.
2023-09-25 17:58:24,328 [8558cc9e-2498-48a0-8a6c-35e11e299077-groupManagement] INFO  ratis.ContainerStateMachine (ContainerStateMachine.java:loadSnapshot(262)) - group-F8EC447A9252: The snapshot info is null. Setting the last applied indexto:(t:0, i:~)
2023-09-25 17:58:24,328 [8558cc9e-2498-48a0-8a6c-35e11e299077-groupManagement] INFO  server.RaftServerConfigKeys (ConfUtils.java:logGet(46)) - raft.server.log.use.memory = false (default)
2023-09-25 17:58:24,328 [8558cc9e-2498-48a0-8a6c-35e11e299077-groupManagement] INFO  server.RaftServerConfigKeys (ConfUtils.java:logGet(46)) - raft.server.log.purge.gap = 1000000 (custom)
2023-09-25 17:58:24,328 [8558cc9e-2498-48a0-8a6c-35e11e299077-groupManagement] INFO  server.RaftServerConfigKeys (ConfUtils.java:logGet(46)) - raft.server.log.appender.buffer.byte-limit = 33554432 (custom)
2023-09-25 17:58:24,329 [8558cc9e-2498-48a0-8a6c-35e11e299077-groupManagement] INFO  server.RaftServerConfigKeys (ConfUtils.java:logGet(46)) - raft.server.log.statemachine.data.read.timeout = 1000ms (default)
2023-09-25 17:58:24,329 [8558cc9e-2498-48a0-8a6c-35e11e299077-groupManagement] INFO  server.RaftServerConfigKeys (ConfUtils.java:logGet(46)) - raft.server.log.purge.preservation.log.num = 0 (default)
2023-09-25 17:58:24,329 [8558cc9e-2498-48a0-8a6c-35e11e299077-groupManagement] INFO  server.RaftServerConfigKeys (ConfUtils.java:logGet(46)) - raft.server.log.segment.size.max = 1048576 (custom)
2023-09-25 17:58:24,329 [EventQueue-PipelineReportForPipelineReportHandler] INFO  pipeline.PipelineReportHandler (PipelineReportHandler.java:processPipelineReport(136)) - Opened pipeline PipelineID=e260415f-81f3-4941-b368-f8ec447a9252
2023-09-25 17:58:24,329 [8558cc9e-2498-48a0-8a6c-35e11e299077-groupManagement] INFO  server.RaftServerConfigKeys (ConfUtils.java:logGet(46)) - raft.server.log.segment.cache.num.max = 2 (custom)
2023-09-25 17:58:24,329 [EventQueue-OpenPipelineForHealthyPipelineSafeModeRule] INFO  safemode.SCMSafeModeManager (HealthyPipelineSafeModeRule.java:process(137)) - SCM in safe mode. Healthy pipelines reported count is 0, required healthy pipeline reported count is 1
2023-09-25 17:58:24,329 [8558cc9e-2498-48a0-8a6c-35e11e299077-groupManagement] INFO  server.RaftServerConfigKeys (ConfUtils.java:logGet(46)) - raft.server.log.segment.cache.size.max = 200MB (=209715200) (default)
2023-09-25 17:58:24,329 [8558cc9e-2498-48a0-8a6c-35e11e299077-groupManagement] INFO  server.RaftServerConfigKeys (ConfUtils.java:logGet(46)) - raft.server.log.appender.buffer.byte-limit = 33554432 (custom)
2023-09-25 17:58:24,329 [8558cc9e-2498-48a0-8a6c-35e11e299077-groupManagement] INFO  segmented.SegmentedRaftLogWorker (SegmentedRaftLogWorker.java:<init>(188)) - new 8558cc9e-2498-48a0-8a6c-35e11e299077@group-F8EC447A9252-SegmentedRaftLogWorker for RaftStorageImpl:Storage Directory /home/runner/work/ozone/ozone/hadoop-ozone/integration-test/target/test-dir/MiniOzoneClusterImpl-943d6ebb-9f51-4477-b660-6e407d8e3762/datanode-2/data/ratis/e260415f-81f3-4941-b368-f8ec447a9252
2023-09-25 17:58:24,329 [8558cc9e-2498-48a0-8a6c-35e11e299077-groupManagement] INFO  server.RaftServerConfigKeys (ConfUtils.java:logGet(46)) - raft.server.log.queue.byte-limit = 4294967296 (custom)
2023-09-25 17:58:24,329 [8558cc9e-2498-48a0-8a6c-35e11e299077-groupManagement] INFO  server.RaftServerConfigKeys (ConfUtils.java:logGet(46)) - raft.server.log.queue.element-limit = 1024 (custom)
2023-09-25 17:58:24,330 [8558cc9e-2498-48a0-8a6c-35e11e299077-groupManagement] INFO  server.RaftServerConfigKeys (ConfUtils.java:logGet(46)) - raft.server.log.segment.size.max = 1048576 (custom)
2023-09-25 17:58:24,330 [8558cc9e-2498-48a0-8a6c-35e11e299077-groupManagement] INFO  server.RaftServerConfigKeys (ConfUtils.java:logGet(46)) - raft.server.log.preallocated.size = 16384 (custom)
2023-09-25 17:58:24,330 [8558cc9e-2498-48a0-8a6c-35e11e299077-groupManagement] INFO  server.RaftServerConfigKeys (ConfUtils.java:logGet(46)) - raft.server.log.force.sync.num = 128 (default)
2023-09-25 17:58:24,330 [8558cc9e-2498-48a0-8a6c-35e11e299077-groupManagement] INFO  server.RaftServerConfigKeys (ConfUtils.java:logGet(46)) - raft.server.log.statemachine.data.sync = true (default)
2023-09-25 17:58:24,330 [8558cc9e-2498-48a0-8a6c-35e11e299077-groupManagement] INFO  server.RaftServerConfigKeys (ConfUtils.java:logGet(46)) - raft.server.log.statemachine.data.sync.timeout = 10s (default)
2023-09-25 17:58:24,330 [8558cc9e-2498-48a0-8a6c-35e11e299077-groupManagement] INFO  server.RaftServerConfigKeys (ConfUtils.java:logGet(46)) - raft.server.log.statemachine.data.sync.timeout.retry = -1 (default)
2023-09-25 17:58:24,330 [8558cc9e-2498-48a0-8a6c-35e11e299077-groupManagement] INFO  server.RaftServerConfigKeys (ConfUtils.java:logGet(46)) - raft.server.log.write.buffer.size = 1048576 (custom)
2023-09-25 17:58:24,332 [8558cc9e-2498-48a0-8a6c-35e11e299077-groupManagement] INFO  server.RaftServerConfigKeys (ConfUtils.java:logGet(46)) - raft.server.log.appender.buffer.byte-limit = 33554432 (custom)
2023-09-25 17:58:24,339 [8558cc9e-2498-48a0-8a6c-35e11e299077-groupManagement] INFO  server.RaftServerConfigKeys (ConfUtils.java:logGet(46)) - raft.server.log.unsafe-flush.enabled = false (default)
2023-09-25 17:58:24,339 [8558cc9e-2498-48a0-8a6c-35e11e299077-groupManagement] INFO  server.RaftServerConfigKeys (ConfUtils.java:logGet(46)) - raft.server.log.async-flush.enabled = false (default)
2023-09-25 17:58:24,339 [8558cc9e-2498-48a0-8a6c-35e11e299077-groupManagement] INFO  server.RaftServerConfigKeys (ConfUtils.java:logGet(46)) - raft.server.log.statemachine.data.caching.enabled = true (custom)
2023-09-25 17:58:24,339 [8558cc9e-2498-48a0-8a6c-35e11e299077-groupManagement] INFO  segmented.SegmentedRaftLogWorker (SegmentedRaftLogWorker.java:lambda$new$0(135)) - 8558cc9e-2498-48a0-8a6c-35e11e299077@group-F8EC447A9252-SegmentedRaftLogWorker: flushIndex: setUnconditionally 0 -> -1
2023-09-25 17:58:24,339 [8558cc9e-2498-48a0-8a6c-35e11e299077-groupManagement] INFO  segmented.SegmentedRaftLogWorker (SegmentedRaftLogWorker.java:lambda$new$0(135)) - 8558cc9e-2498-48a0-8a6c-35e11e299077@group-F8EC447A9252-SegmentedRaftLogWorker: safeCacheEvictIndex: setUnconditionally 0 -> -1
2023-09-25 17:58:24,340 [8558cc9e-2498-48a0-8a6c-35e11e299077-groupManagement] INFO  server.RaftServer$Division (RaftServerImpl.java:start(342)) - 8558cc9e-2498-48a0-8a6c-35e11e299077@group-F8EC447A9252: start as a follower, conf=-1: peers:[8558cc9e-2498-48a0-8a6c-35e11e299077|rpc:10.1.0.144:15085|admin:10.1.0.144:15084|client:10.1.0.144:15083|dataStream:10.1.0.144:15086|priority:1|startupRole:FOLLOWER]|listeners:[], old=null
2023-09-25 17:58:24,340 [8558cc9e-2498-48a0-8a6c-35e11e299077-groupManagement] INFO  server.RaftServer$Division (RaftServerImpl.java:setRole(329)) - 8558cc9e-2498-48a0-8a6c-35e11e299077@group-F8EC447A9252: changes role from      null to FOLLOWER at term 0 for startAsFollower
2023-09-25 17:58:24,340 [8558cc9e-2498-48a0-8a6c-35e11e299077-groupManagement] INFO  impl.RoleInfo (RoleInfo.java:updateAndGet(139)) - 8558cc9e-2498-48a0-8a6c-35e11e299077: start 8558cc9e-2498-48a0-8a6c-35e11e299077@group-F8EC447A9252-FollowerState
2023-09-25 17:58:24,340 [8558cc9e-2498-48a0-8a6c-35e11e299077-groupManagement] INFO  util.JmxRegister (JmxRegister.java:tryRegister(44)) - Successfully registered JMX Bean with object name Ratis:service=RaftServer,group=group-F8EC447A9252,id=8558cc9e-2498-48a0-8a6c-35e11e299077
2023-09-25 17:58:24,340 [8558cc9e-2498-48a0-8a6c-35e11e299077-groupManagement] INFO  server.RaftServerConfigKeys (ConfUtils.java:logGet(46)) - raft.server.snapshot.auto.trigger.enabled = true (custom)
2023-09-25 17:58:24,340 [8558cc9e-2498-48a0-8a6c-35e11e299077-groupManagement] INFO  server.RaftServerConfigKeys (ConfUtils.java:logGet(46)) - raft.server.snapshot.auto.trigger.threshold = 10000 (custom)
2023-09-25 17:58:24,340 [8558cc9e-2498-48a0-8a6c-35e11e299077-groupManagement] INFO  server.RaftServerConfigKeys (ConfUtils.java:logGet(46)) - raft.server.snapshot.retention.file.num = 5 (custom)
2023-09-25 17:58:24,341 [8558cc9e-2498-48a0-8a6c-35e11e299077-groupManagement] INFO  server.RaftServerConfigKeys (ConfUtils.java:logGet(46)) - raft.server.log.purge.upto.snapshot.index = false (default)
2023-09-25 17:58:24,341 [8558cc9e-2498-48a0-8a6c-35e11e299077@group-F8EC447A9252-FollowerState] INFO  server.RaftServerConfigKeys (ConfUtils.java:logFallback(53)) - raft.server.rpc.first-election.timeout.min = 5s (fallback to raft.server.rpc.timeout.min)
2023-09-25 17:58:24,341 [8558cc9e-2498-48a0-8a6c-35e11e299077@group-F8EC447A9252-FollowerState] INFO  server.RaftServerConfigKeys (ConfUtils.java:logFallback(53)) - raft.server.rpc.first-election.timeout.max = 5200ms (fallback to raft.server.rpc.timeout.max)
2023-09-25 17:58:24,341 [PipelineCommandHandlerThread-0] INFO  ratis.XceiverServerRatis (XceiverServerRatis.java:addGroup(804)) - Created group PipelineID=e260415f-81f3-4941-b368-f8ec447a9252
2023-09-25 17:58:24,341 [PipelineCommandHandlerThread-0] INFO  commandhandler.CreatePipelineCommandHandler (CreatePipelineCommandHandler.java:lambda$handle$2(124)) - Created Pipeline RATIS ONE PipelineID=e260415f-81f3-4941-b368-f8ec447a9252.
2023-09-25 17:58:24,733 [PipelineCommandHandlerThread-0] INFO  server.RaftServer (RaftServerProxy.java:addNew(98)) - e996d841-287d-4937-b6a3-35b5511a6c1e: addNew group-CBC248230F26:[e996d841-287d-4937-b6a3-35b5511a6c1e|rpc:10.1.0.144:15094|admin:10.1.0.144:15093|client:10.1.0.144:15092|dataStream:10.1.0.144:15095|priority:1|startupRole:FOLLOWER] returns group-CBC248230F26:java.util.concurrent.CompletableFuture@7eb1353b[Not completed]
2023-09-25 17:58:24,738 [e996d841-287d-4937-b6a3-35b5511a6c1e-groupManagement] INFO  server.RaftServer$Division (RaftServerImpl.java:<init>(198)) - e996d841-287d-4937-b6a3-35b5511a6c1e: new RaftServerImpl for group-CBC248230F26:[e996d841-287d-4937-b6a3-35b5511a6c1e|rpc:10.1.0.144:15094|admin:10.1.0.144:15093|client:10.1.0.144:15092|dataStream:10.1.0.144:15095|priority:1|startupRole:FOLLOWER] with ContainerStateMachine:uninitialized
2023-09-25 17:58:24,740 [e996d841-287d-4937-b6a3-35b5511a6c1e-groupManagement] INFO  server.RaftServerConfigKeys (ConfUtils.java:logGet(46)) - raft.server.rpc.timeout.min = 5s (custom)
2023-09-25 17:58:24,740 [e996d841-287d-4937-b6a3-35b5511a6c1e-groupManagement] INFO  server.RaftServerConfigKeys (ConfUtils.java:logGet(46)) - raft.server.rpc.timeout.max = 5200ms (custom)
2023-09-25 17:58:24,740 [e996d841-287d-4937-b6a3-35b5511a6c1e-groupManagement] INFO  server.RaftServerConfigKeys (ConfUtils.java:logGet(46)) - raft.server.rpc.sleep.time = 25ms (default)
2023-09-25 17:58:24,740 [e996d841-287d-4937-b6a3-35b5511a6c1e-groupManagement] INFO  server.RaftServerConfigKeys (ConfUtils.java:logGet(46)) - raft.server.rpc.slowness.timeout = 300s (custom)
2023-09-25 17:58:24,740 [e996d841-287d-4937-b6a3-35b5511a6c1e-groupManagement] INFO  server.RaftServerConfigKeys (ConfUtils.java:logGet(46)) - raft.server.leaderelection.leader.step-down.wait-time = 10s (default)
2023-09-25 17:58:24,741 [e996d841-287d-4937-b6a3-35b5511a6c1e-groupManagement] INFO  server.RaftServerConfigKeys (ConfUtils.java:logGet(46)) - raft.server.sleep.deviation.threshold = 300ms (default)
2023-09-25 17:58:24,741 [e996d841-287d-4937-b6a3-35b5511a6c1e-groupManagement] INFO  server.RaftServer$Division (ServerState.java:<init>(120)) - e996d841-287d-4937-b6a3-35b5511a6c1e@group-CBC248230F26: ConfigurationManager, init=-1: peers:[e996d841-287d-4937-b6a3-35b5511a6c1e|rpc:10.1.0.144:15094|admin:10.1.0.144:15093|client:10.1.0.144:15092|dataStream:10.1.0.144:15095|priority:1|startupRole:FOLLOWER]|listeners:[], old=null, confs=<EMPTY_MAP>
2023-09-25 17:58:24,741 [e996d841-287d-4937-b6a3-35b5511a6c1e-groupManagement] INFO  server.RaftServerConfigKeys (ConfUtils.java:logGet(46)) - raft.server.storage.dir = [/home/runner/work/ozone/ozone/hadoop-ozone/integration-test/target/test-dir/MiniOzoneClusterImpl-943d6ebb-9f51-4477-b660-6e407d8e3762/datanode-3/data/ratis] (custom)
2023-09-25 17:58:24,741 [e996d841-287d-4937-b6a3-35b5511a6c1e-groupManagement] INFO  server.RaftServerConfigKeys (ConfUtils.java:logGet(46)) - raft.server.log.corruption.policy = EXCEPTION (default)
2023-09-25 17:58:24,741 [e996d841-287d-4937-b6a3-35b5511a6c1e-groupManagement] INFO  server.RaftServerConfigKeys (ConfUtils.java:logGet(46)) - raft.server.storage.free-space.min = 0MB (=0) (default)
2023-09-25 17:58:24,741 [e996d841-287d-4937-b6a3-35b5511a6c1e-groupManagement] INFO  server.RaftServerConfigKeys (ConfUtils.java:logGet(46)) - raft.server.notification.no-leader.timeout = 300s (custom)
2023-09-25 17:58:24,741 [e996d841-287d-4937-b6a3-35b5511a6c1e-groupManagement] INFO  server.RaftServerConfigKeys (ConfUtils.java:logGet(46)) - raft.server.read.timeout = 10s (default)
2023-09-25 17:58:24,741 [e996d841-287d-4937-b6a3-35b5511a6c1e-groupManagement] INFO  server.RaftServerConfigKeys (ConfUtils.java:logGet(46)) - raft.server.retrycache.expirytime = 600000ms (custom)
2023-09-25 17:58:24,741 [e996d841-287d-4937-b6a3-35b5511a6c1e-groupManagement] INFO  server.RaftServerConfigKeys (ConfUtils.java:logGet(46)) - raft.server.retrycache.statistics.expirytime = 100μs (default)
2023-09-25 17:58:24,742 [e996d841-287d-4937-b6a3-35b5511a6c1e-groupManagement] INFO  server.RaftServerConfigKeys (ConfUtils.java:logGet(46)) - raft.server.read.option = DEFAULT (default)
2023-09-25 17:58:24,743 [e996d841-287d-4937-b6a3-35b5511a6c1e-groupManagement] INFO  server.RaftServerConfigKeys (ConfUtils.java:logGet(46)) - raft.server.rpc.request.timeout = 60s (custom)
2023-09-25 17:58:24,743 [e996d841-287d-4937-b6a3-35b5511a6c1e-groupManagement] INFO  server.RaftServerConfigKeys (ConfUtils.java:logGet(46)) - raft.server.log.appender.install.snapshot.enabled = false (custom)
2023-09-25 17:58:24,743 [e996d841-287d-4937-b6a3-35b5511a6c1e-groupManagement] INFO  server.RaftServerConfigKeys (ConfUtils.java:logGet(46)) - raft.server.threadpool.server.cached = true (default)
2023-09-25 17:58:24,743 [e996d841-287d-4937-b6a3-35b5511a6c1e-groupManagement] INFO  server.RaftServerConfigKeys (ConfUtils.java:logGet(46)) - raft.server.threadpool.server.size = 0 (default)
2023-09-25 17:58:24,743 [e996d841-287d-4937-b6a3-35b5511a6c1e-groupManagement] INFO  server.RaftServerConfigKeys (ConfUtils.java:logGet(46)) - raft.server.threadpool.client.cached = true (default)
2023-09-25 17:58:24,743 [e996d841-287d-4937-b6a3-35b5511a6c1e-groupManagement] INFO  server.RaftServerConfigKeys (ConfUtils.java:logGet(46)) - raft.server.threadpool.client.size = 0 (default)
2023-09-25 17:58:24,744 [e996d841-287d-4937-b6a3-35b5511a6c1e-groupManagement] INFO  storage.RaftStorageDirectory (RaftStorageDirectoryImpl.java:analyzeStorage(137)) - The storage directory /home/runner/work/ozone/ozone/hadoop-ozone/integration-test/target/test-dir/MiniOzoneClusterImpl-943d6ebb-9f51-4477-b660-6e407d8e3762/datanode-3/data/ratis/9a23e40e-adb7-457a-8977-cbc248230f26 does not exist. Creating ...
2023-09-25 17:58:24,745 [e996d841-287d-4937-b6a3-35b5511a6c1e-groupManagement] INFO  storage.RaftStorageDirectory (RaftStorageDirectoryImpl.java:tryLock(231)) - Lock on /home/runner/work/ozone/ozone/hadoop-ozone/integration-test/target/test-dir/MiniOzoneClusterImpl-943d6ebb-9f51-4477-b660-6e407d8e3762/datanode-3/data/ratis/9a23e40e-adb7-457a-8977-cbc248230f26/in_use.lock acquired by nodename 19424@fv-az249-861
2023-09-25 17:58:24,747 [e996d841-287d-4937-b6a3-35b5511a6c1e-groupManagement] INFO  storage.RaftStorage (RaftStorageImpl.java:format(96)) - Storage directory /home/runner/work/ozone/ozone/hadoop-ozone/integration-test/target/test-dir/MiniOzoneClusterImpl-943d6ebb-9f51-4477-b660-6e407d8e3762/datanode-3/data/ratis/9a23e40e-adb7-457a-8977-cbc248230f26 has been successfully formatted.
2023-09-25 17:58:24,749 [e996d841-287d-4937-b6a3-35b5511a6c1e-groupManagement] INFO  ratis.ContainerStateMachine (ContainerStateMachine.java:loadSnapshot(262)) - group-CBC248230F26: The snapshot info is null. Setting the last applied indexto:(t:0, i:~)
2023-09-25 17:58:24,750 [e996d841-287d-4937-b6a3-35b5511a6c1e-groupManagement] INFO  server.RaftServerConfigKeys (ConfUtils.java:logGet(46)) - raft.server.log.use.memory = false (default)
2023-09-25 17:58:24,750 [e996d841-287d-4937-b6a3-35b5511a6c1e-groupManagement] INFO  server.RaftServerConfigKeys (ConfUtils.java:logGet(46)) - raft.server.log.purge.gap = 1000000 (custom)
2023-09-25 17:58:24,750 [e996d841-287d-4937-b6a3-35b5511a6c1e-groupManagement] INFO  server.RaftServerConfigKeys (ConfUtils.java:logGet(46)) - raft.server.log.appender.buffer.byte-limit = 33554432 (custom)
2023-09-25 17:58:24,750 [e996d841-287d-4937-b6a3-35b5511a6c1e-groupManagement] INFO  server.RaftServerConfigKeys (ConfUtils.java:logGet(46)) - raft.server.log.statemachine.data.read.timeout = 1000ms (default)
2023-09-25 17:58:24,750 [e996d841-287d-4937-b6a3-35b5511a6c1e-groupManagement] INFO  server.RaftServerConfigKeys (ConfUtils.java:logGet(46)) - raft.server.log.purge.preservation.log.num = 0 (default)
2023-09-25 17:58:24,751 [EventQueue-PipelineReportForPipelineReportHandler] INFO  pipeline.PipelineReportHandler (PipelineReportHandler.java:processPipelineReport(136)) - Opened pipeline PipelineID=9a23e40e-adb7-457a-8977-cbc248230f26
2023-09-25 17:58:24,751 [EventQueue-OpenPipelineForHealthyPipelineSafeModeRule] INFO  safemode.SCMSafeModeManager (HealthyPipelineSafeModeRule.java:process(137)) - SCM in safe mode. Healthy pipelines reported count is 0, required healthy pipeline reported count is 1
2023-09-25 17:58:24,751 [e996d841-287d-4937-b6a3-35b5511a6c1e-groupManagement] INFO  server.RaftServerConfigKeys (ConfUtils.java:logGet(46)) - raft.server.log.segment.size.max = 1048576 (custom)
2023-09-25 17:58:24,752 [e996d841-287d-4937-b6a3-35b5511a6c1e-groupManagement] INFO  server.RaftServerConfigKeys (ConfUtils.java:logGet(46)) - raft.server.log.segment.cache.num.max = 2 (custom)
2023-09-25 17:58:24,753 [e996d841-287d-4937-b6a3-35b5511a6c1e-groupManagement] INFO  server.RaftServerConfigKeys (ConfUtils.java:logGet(46)) - raft.server.log.segment.cache.size.max = 200MB (=209715200) (default)
2023-09-25 17:58:24,754 [e996d841-287d-4937-b6a3-35b5511a6c1e-groupManagement] INFO  server.RaftServerConfigKeys (ConfUtils.java:logGet(46)) - raft.server.log.appender.buffer.byte-limit = 33554432 (custom)
2023-09-25 17:58:24,754 [e996d841-287d-4937-b6a3-35b5511a6c1e-groupManagement] INFO  segmented.SegmentedRaftLogWorker (SegmentedRaftLogWorker.java:<init>(188)) - new e996d841-287d-4937-b6a3-35b5511a6c1e@group-CBC248230F26-SegmentedRaftLogWorker for RaftStorageImpl:Storage Directory /home/runner/work/ozone/ozone/hadoop-ozone/integration-test/target/test-dir/MiniOzoneClusterImpl-943d6ebb-9f51-4477-b660-6e407d8e3762/datanode-3/data/ratis/9a23e40e-adb7-457a-8977-cbc248230f26
2023-09-25 17:58:24,754 [e996d841-287d-4937-b6a3-35b5511a6c1e-groupManagement] INFO  server.RaftServerConfigKeys (ConfUtils.java:logGet(46)) - raft.server.log.queue.byte-limit = 4294967296 (custom)
2023-09-25 17:58:24,754 [e996d841-287d-4937-b6a3-35b5511a6c1e-groupManagement] INFO  server.RaftServerConfigKeys (ConfUtils.java:logGet(46)) - raft.server.log.queue.element-limit = 1024 (custom)
2023-09-25 17:58:24,754 [e996d841-287d-4937-b6a3-35b5511a6c1e-groupManagement] INFO  server.RaftServerConfigKeys (ConfUtils.java:logGet(46)) - raft.server.log.segment.size.max = 1048576 (custom)
2023-09-25 17:58:24,754 [e996d841-287d-4937-b6a3-35b5511a6c1e-groupManagement] INFO  server.RaftServerConfigKeys (ConfUtils.java:logGet(46)) - raft.server.log.preallocated.size = 16384 (custom)
2023-09-25 17:58:24,754 [e996d841-287d-4937-b6a3-35b5511a6c1e-groupManagement] INFO  server.RaftServerConfigKeys (ConfUtils.java:logGet(46)) - raft.server.log.force.sync.num = 128 (default)
2023-09-25 17:58:24,754 [e996d841-287d-4937-b6a3-35b5511a6c1e-groupManagement] INFO  server.RaftServerConfigKeys (ConfUtils.java:logGet(46)) - raft.server.log.statemachine.data.sync = true (default)
2023-09-25 17:58:24,754 [e996d841-287d-4937-b6a3-35b5511a6c1e-groupManagement] INFO  server.RaftServerConfigKeys (ConfUtils.java:logGet(46)) - raft.server.log.statemachine.data.sync.timeout = 10s (default)
2023-09-25 17:58:24,754 [e996d841-287d-4937-b6a3-35b5511a6c1e-groupManagement] INFO  server.RaftServerConfigKeys (ConfUtils.java:logGet(46)) - raft.server.log.statemachine.data.sync.timeout.retry = -1 (default)
2023-09-25 17:58:24,755 [e996d841-287d-4937-b6a3-35b5511a6c1e-groupManagement] INFO  server.RaftServerConfigKeys (ConfUtils.java:logGet(46)) - raft.server.log.write.buffer.size = 1048576 (custom)
2023-09-25 17:58:24,756 [e996d841-287d-4937-b6a3-35b5511a6c1e-groupManagement] INFO  server.RaftServerConfigKeys (ConfUtils.java:logGet(46)) - raft.server.log.appender.buffer.byte-limit = 33554432 (custom)
2023-09-25 17:58:24,764 [e996d841-287d-4937-b6a3-35b5511a6c1e-groupManagement] INFO  server.RaftServerConfigKeys (ConfUtils.java:logGet(46)) - raft.server.log.unsafe-flush.enabled = false (default)
2023-09-25 17:58:24,764 [e996d841-287d-4937-b6a3-35b5511a6c1e-groupManagement] INFO  server.RaftServerConfigKeys (ConfUtils.java:logGet(46)) - raft.server.log.async-flush.enabled = false (default)
2023-09-25 17:58:24,764 [e996d841-287d-4937-b6a3-35b5511a6c1e-groupManagement] INFO  server.RaftServerConfigKeys (ConfUtils.java:logGet(46)) - raft.server.log.statemachine.data.caching.enabled = true (custom)
2023-09-25 17:58:24,764 [e996d841-287d-4937-b6a3-35b5511a6c1e-groupManagement] INFO  segmented.SegmentedRaftLogWorker (SegmentedRaftLogWorker.java:lambda$new$0(135)) - e996d841-287d-4937-b6a3-35b5511a6c1e@group-CBC248230F26-SegmentedRaftLogWorker: flushIndex: setUnconditionally 0 -> -1
2023-09-25 17:58:24,764 [e996d841-287d-4937-b6a3-35b5511a6c1e-groupManagement] INFO  segmented.SegmentedRaftLogWorker (SegmentedRaftLogWorker.java:lambda$new$0(135)) - e996d841-287d-4937-b6a3-35b5511a6c1e@group-CBC248230F26-SegmentedRaftLogWorker: safeCacheEvictIndex: setUnconditionally 0 -> -1
2023-09-25 17:58:24,765 [e996d841-287d-4937-b6a3-35b5511a6c1e-groupManagement] INFO  server.RaftServer$Division (RaftServerImpl.java:start(342)) - e996d841-287d-4937-b6a3-35b5511a6c1e@group-CBC248230F26: start as a follower, conf=-1: peers:[e996d841-287d-4937-b6a3-35b5511a6c1e|rpc:10.1.0.144:15094|admin:10.1.0.144:15093|client:10.1.0.144:15092|dataStream:10.1.0.144:15095|priority:1|startupRole:FOLLOWER]|listeners:[], old=null
2023-09-25 17:58:24,765 [e996d841-287d-4937-b6a3-35b5511a6c1e-groupManagement] INFO  server.RaftServer$Division (RaftServerImpl.java:setRole(329)) - e996d841-287d-4937-b6a3-35b5511a6c1e@group-CBC248230F26: changes role from      null to FOLLOWER at term 0 for startAsFollower
2023-09-25 17:58:24,765 [e996d841-287d-4937-b6a3-35b5511a6c1e-groupManagement] INFO  impl.RoleInfo (RoleInfo.java:updateAndGet(139)) - e996d841-287d-4937-b6a3-35b5511a6c1e: start e996d841-287d-4937-b6a3-35b5511a6c1e@group-CBC248230F26-FollowerState
2023-09-25 17:58:24,765 [e996d841-287d-4937-b6a3-35b5511a6c1e@group-CBC248230F26-FollowerState] INFO  server.RaftServerConfigKeys (ConfUtils.java:logFallback(53)) - raft.server.rpc.first-election.timeout.min = 5s (fallback to raft.server.rpc.timeout.min)
2023-09-25 17:58:24,765 [e996d841-287d-4937-b6a3-35b5511a6c1e-groupManagement] INFO  util.JmxRegister (JmxRegister.java:tryRegister(44)) - Successfully registered JMX Bean with object name Ratis:service=RaftServer,group=group-CBC248230F26,id=e996d841-287d-4937-b6a3-35b5511a6c1e
2023-09-25 17:58:24,766 [e996d841-287d-4937-b6a3-35b5511a6c1e-groupManagement] INFO  server.RaftServerConfigKeys (ConfUtils.java:logGet(46)) - raft.server.snapshot.auto.trigger.enabled = true (custom)
2023-09-25 17:58:24,766 [e996d841-287d-4937-b6a3-35b5511a6c1e-groupManagement] INFO  server.RaftServerConfigKeys (ConfUtils.java:logGet(46)) - raft.server.snapshot.auto.trigger.threshold = 10000 (custom)
2023-09-25 17:58:24,766 [e996d841-287d-4937-b6a3-35b5511a6c1e-groupManagement] INFO  server.RaftServerConfigKeys (ConfUtils.java:logGet(46)) - raft.server.snapshot.retention.file.num = 5 (custom)
2023-09-25 17:58:24,766 [e996d841-287d-4937-b6a3-35b5511a6c1e-groupManagement] INFO  server.RaftServerConfigKeys (ConfUtils.java:logGet(46)) - raft.server.log.purge.upto.snapshot.index = false (default)
2023-09-25 17:58:24,766 [PipelineCommandHandlerThread-0] INFO  ratis.XceiverServerRatis (XceiverServerRatis.java:addGroup(804)) - Created group PipelineID=9a23e40e-adb7-457a-8977-cbc248230f26
2023-09-25 17:58:24,766 [PipelineCommandHandlerThread-0] INFO  commandhandler.CreatePipelineCommandHandler (CreatePipelineCommandHandler.java:lambda$handle$2(124)) - Created Pipeline RATIS ONE PipelineID=9a23e40e-adb7-457a-8977-cbc248230f26.
2023-09-25 17:58:24,767 [e996d841-287d-4937-b6a3-35b5511a6c1e@group-CBC248230F26-FollowerState] INFO  server.RaftServerConfigKeys (ConfUtils.java:logFallback(53)) - raft.server.rpc.first-election.timeout.max = 5200ms (fallback to raft.server.rpc.timeout.max)
2023-09-25 17:58:25,095 [PipelineCommandHandlerThread-0] INFO  server.RaftServer (RaftServerProxy.java:addNew(98)) - 4cd7b50a-b530-4fcc-bddc-ce049f20e72b: addNew group-75C38D5DDACB:[4cd7b50a-b530-4fcc-bddc-ce049f20e72b|rpc:10.1.0.144:15103|admin:10.1.0.144:15102|client:10.1.0.144:15101|dataStream:10.1.0.144:15104|priority:1|startupRole:FOLLOWER] returns group-75C38D5DDACB:java.util.concurrent.CompletableFuture@2dac247f[Not completed]
2023-09-25 17:58:25,096 [4cd7b50a-b530-4fcc-bddc-ce049f20e72b-groupManagement] INFO  server.RaftServer$Division (RaftServerImpl.java:<init>(198)) - 4cd7b50a-b530-4fcc-bddc-ce049f20e72b: new RaftServerImpl for group-75C38D5DDACB:[4cd7b50a-b530-4fcc-bddc-ce049f20e72b|rpc:10.1.0.144:15103|admin:10.1.0.144:15102|client:10.1.0.144:15101|dataStream:10.1.0.144:15104|priority:1|startupRole:FOLLOWER] with ContainerStateMachine:uninitialized
2023-09-25 17:58:25,096 [4cd7b50a-b530-4fcc-bddc-ce049f20e72b-groupManagement] INFO  server.RaftServerConfigKeys (ConfUtils.java:logGet(46)) - raft.server.rpc.timeout.min = 5s (custom)
2023-09-25 17:58:25,096 [4cd7b50a-b530-4fcc-bddc-ce049f20e72b-groupManagement] INFO  server.RaftServerConfigKeys (ConfUtils.java:logGet(46)) - raft.server.rpc.timeout.max = 5200ms (custom)
2023-09-25 17:58:25,096 [4cd7b50a-b530-4fcc-bddc-ce049f20e72b-groupManagement] INFO  server.RaftServerConfigKeys (ConfUtils.java:logGet(46)) - raft.server.rpc.sleep.time = 25ms (default)
2023-09-25 17:58:25,097 [4cd7b50a-b530-4fcc-bddc-ce049f20e72b-groupManagement] INFO  server.RaftServerConfigKeys (ConfUtils.java:logGet(46)) - raft.server.rpc.slowness.timeout = 300s (custom)
2023-09-25 17:58:25,097 [4cd7b50a-b530-4fcc-bddc-ce049f20e72b-groupManagement] INFO  server.RaftServerConfigKeys (ConfUtils.java:logGet(46)) - raft.server.leaderelection.leader.step-down.wait-time = 10s (default)
2023-09-25 17:58:25,097 [4cd7b50a-b530-4fcc-bddc-ce049f20e72b-groupManagement] INFO  server.RaftServerConfigKeys (ConfUtils.java:logGet(46)) - raft.server.sleep.deviation.threshold = 300ms (default)
2023-09-25 17:58:25,097 [4cd7b50a-b530-4fcc-bddc-ce049f20e72b-groupManagement] INFO  server.RaftServer$Division (ServerState.java:<init>(120)) - 4cd7b50a-b530-4fcc-bddc-ce049f20e72b@group-75C38D5DDACB: ConfigurationManager, init=-1: peers:[4cd7b50a-b530-4fcc-bddc-ce049f20e72b|rpc:10.1.0.144:15103|admin:10.1.0.144:15102|client:10.1.0.144:15101|dataStream:10.1.0.144:15104|priority:1|startupRole:FOLLOWER]|listeners:[], old=null, confs=<EMPTY_MAP>
2023-09-25 17:58:25,097 [4cd7b50a-b530-4fcc-bddc-ce049f20e72b-groupManagement] INFO  server.RaftServerConfigKeys (ConfUtils.java:logGet(46)) - raft.server.storage.dir = [/home/runner/work/ozone/ozone/hadoop-ozone/integration-test/target/test-dir/MiniOzoneClusterImpl-943d6ebb-9f51-4477-b660-6e407d8e3762/datanode-4/data/ratis] (custom)
2023-09-25 17:58:25,097 [4cd7b50a-b530-4fcc-bddc-ce049f20e72b-groupManagement] INFO  server.RaftServerConfigKeys (ConfUtils.java:logGet(46)) - raft.server.log.corruption.policy = EXCEPTION (default)
2023-09-25 17:58:25,097 [4cd7b50a-b530-4fcc-bddc-ce049f20e72b-groupManagement] INFO  server.RaftServerConfigKeys (ConfUtils.java:logGet(46)) - raft.server.storage.free-space.min = 0MB (=0) (default)
2023-09-25 17:58:25,097 [4cd7b50a-b530-4fcc-bddc-ce049f20e72b-groupManagement] INFO  server.RaftServerConfigKeys (ConfUtils.java:logGet(46)) - raft.server.notification.no-leader.timeout = 300s (custom)
2023-09-25 17:58:25,097 [4cd7b50a-b530-4fcc-bddc-ce049f20e72b-groupManagement] INFO  server.RaftServerConfigKeys (ConfUtils.java:logGet(46)) - raft.server.read.timeout = 10s (default)
2023-09-25 17:58:25,097 [4cd7b50a-b530-4fcc-bddc-ce049f20e72b-groupManagement] INFO  server.RaftServerConfigKeys (ConfUtils.java:logGet(46)) - raft.server.retrycache.expirytime = 600000ms (custom)
2023-09-25 17:58:25,098 [4cd7b50a-b530-4fcc-bddc-ce049f20e72b-groupManagement] INFO  server.RaftServerConfigKeys (ConfUtils.java:logGet(46)) - raft.server.retrycache.statistics.expirytime = 100μs (default)
2023-09-25 17:58:25,098 [4cd7b50a-b530-4fcc-bddc-ce049f20e72b-groupManagement] INFO  server.RaftServerConfigKeys (ConfUtils.java:logGet(46)) - raft.server.read.option = DEFAULT (default)
2023-09-25 17:58:25,098 [4cd7b50a-b530-4fcc-bddc-ce049f20e72b-groupManagement] INFO  server.RaftServerConfigKeys (ConfUtils.java:logGet(46)) - raft.server.rpc.request.timeout = 60s (custom)
2023-09-25 17:58:25,099 [4cd7b50a-b530-4fcc-bddc-ce049f20e72b-groupManagement] INFO  server.RaftServerConfigKeys (ConfUtils.java:logGet(46)) - raft.server.log.appender.install.snapshot.enabled = false (custom)
2023-09-25 17:58:25,099 [4cd7b50a-b530-4fcc-bddc-ce049f20e72b-groupManagement] INFO  server.RaftServerConfigKeys (ConfUtils.java:logGet(46)) - raft.server.threadpool.server.cached = true (default)
2023-09-25 17:58:25,099 [4cd7b50a-b530-4fcc-bddc-ce049f20e72b-groupManagement] INFO  server.RaftServerConfigKeys (ConfUtils.java:logGet(46)) - raft.server.threadpool.server.size = 0 (default)
2023-09-25 17:58:25,099 [4cd7b50a-b530-4fcc-bddc-ce049f20e72b-groupManagement] INFO  server.RaftServerConfigKeys (ConfUtils.java:logGet(46)) - raft.server.threadpool.client.cached = true (default)
2023-09-25 17:58:25,099 [4cd7b50a-b530-4fcc-bddc-ce049f20e72b-groupManagement] INFO  server.RaftServerConfigKeys (ConfUtils.java:logGet(46)) - raft.server.threadpool.client.size = 0 (default)
2023-09-25 17:58:25,099 [4cd7b50a-b530-4fcc-bddc-ce049f20e72b-groupManagement] INFO  storage.RaftStorageDirectory (RaftStorageDirectoryImpl.java:analyzeStorage(137)) - The storage directory /home/runner/work/ozone/ozone/hadoop-ozone/integration-test/target/test-dir/MiniOzoneClusterImpl-943d6ebb-9f51-4477-b660-6e407d8e3762/datanode-4/data/ratis/36521b71-bd0e-496e-ae82-75c38d5ddacb does not exist. Creating ...
2023-09-25 17:58:25,100 [4cd7b50a-b530-4fcc-bddc-ce049f20e72b-groupManagement] INFO  storage.RaftStorageDirectory (RaftStorageDirectoryImpl.java:tryLock(231)) - Lock on /home/runner/work/ozone/ozone/hadoop-ozone/integration-test/target/test-dir/MiniOzoneClusterImpl-943d6ebb-9f51-4477-b660-6e407d8e3762/datanode-4/data/ratis/36521b71-bd0e-496e-ae82-75c38d5ddacb/in_use.lock acquired by nodename 19424@fv-az249-861
2023-09-25 17:58:25,102 [4cd7b50a-b530-4fcc-bddc-ce049f20e72b-groupManagement] INFO  storage.RaftStorage (RaftStorageImpl.java:format(96)) - Storage directory /home/runner/work/ozone/ozone/hadoop-ozone/integration-test/target/test-dir/MiniOzoneClusterImpl-943d6ebb-9f51-4477-b660-6e407d8e3762/datanode-4/data/ratis/36521b71-bd0e-496e-ae82-75c38d5ddacb has been successfully formatted.
2023-09-25 17:58:25,104 [4cd7b50a-b530-4fcc-bddc-ce049f20e72b-groupManagement] INFO  ratis.ContainerStateMachine (ContainerStateMachine.java:loadSnapshot(262)) - group-75C38D5DDACB: The snapshot info is null. Setting the last applied indexto:(t:0, i:~)
2023-09-25 17:58:25,105 [EventQueue-PipelineReportForPipelineReportHandler] INFO  pipeline.PipelineReportHandler (PipelineReportHandler.java:processPipelineReport(136)) - Opened pipeline PipelineID=36521b71-bd0e-496e-ae82-75c38d5ddacb
2023-09-25 17:58:25,105 [4cd7b50a-b530-4fcc-bddc-ce049f20e72b-groupManagement] INFO  server.RaftServerConfigKeys (ConfUtils.java:logGet(46)) - raft.server.log.use.memory = false (default)
2023-09-25 17:58:25,105 [EventQueue-OpenPipelineForHealthyPipelineSafeModeRule] INFO  safemode.SCMSafeModeManager (HealthyPipelineSafeModeRule.java:process(137)) - SCM in safe mode. Healthy pipelines reported count is 0, required healthy pipeline reported count is 1
2023-09-25 17:58:25,105 [4cd7b50a-b530-4fcc-bddc-ce049f20e72b-groupManagement] INFO  server.RaftServerConfigKeys (ConfUtils.java:logGet(46)) - raft.server.log.purge.gap = 1000000 (custom)
2023-09-25 17:58:25,105 [4cd7b50a-b530-4fcc-bddc-ce049f20e72b-groupManagement] INFO  server.RaftServerConfigKeys (ConfUtils.java:logGet(46)) - raft.server.log.appender.buffer.byte-limit = 33554432 (custom)
2023-09-25 17:58:25,105 [4cd7b50a-b530-4fcc-bddc-ce049f20e72b-groupManagement] INFO  server.RaftServerConfigKeys (ConfUtils.java:logGet(46)) - raft.server.log.statemachine.data.read.timeout = 1000ms (default)
2023-09-25 17:58:25,106 [4cd7b50a-b530-4fcc-bddc-ce049f20e72b-groupManagement] INFO  server.RaftServerConfigKeys (ConfUtils.java:logGet(46)) - raft.server.log.purge.preservation.log.num = 0 (default)
2023-09-25 17:58:25,106 [4cd7b50a-b530-4fcc-bddc-ce049f20e72b-groupManagement] INFO  server.RaftServerConfigKeys (ConfUtils.java:logGet(46)) - raft.server.log.segment.size.max = 1048576 (custom)
2023-09-25 17:58:25,106 [4cd7b50a-b530-4fcc-bddc-ce049f20e72b-groupManagement] INFO  server.RaftServerConfigKeys (ConfUtils.java:logGet(46)) - raft.server.log.segment.cache.num.max = 2 (custom)
2023-09-25 17:58:25,106 [4cd7b50a-b530-4fcc-bddc-ce049f20e72b-groupManagement] INFO  server.RaftServerConfigKeys (ConfUtils.java:logGet(46)) - raft.server.log.segment.cache.size.max = 200MB (=209715200) (default)
2023-09-25 17:58:25,106 [4cd7b50a-b530-4fcc-bddc-ce049f20e72b-groupManagement] INFO  server.RaftServerConfigKeys (ConfUtils.java:logGet(46)) - raft.server.log.appender.buffer.byte-limit = 33554432 (custom)
2023-09-25 17:58:25,106 [4cd7b50a-b530-4fcc-bddc-ce049f20e72b-groupManagement] INFO  segmented.SegmentedRaftLogWorker (SegmentedRaftLogWorker.java:<init>(188)) - new 4cd7b50a-b530-4fcc-bddc-ce049f20e72b@group-75C38D5DDACB-SegmentedRaftLogWorker for RaftStorageImpl:Storage Directory /home/runner/work/ozone/ozone/hadoop-ozone/integration-test/target/test-dir/MiniOzoneClusterImpl-943d6ebb-9f51-4477-b660-6e407d8e3762/datanode-4/data/ratis/36521b71-bd0e-496e-ae82-75c38d5ddacb
2023-09-25 17:58:25,106 [4cd7b50a-b530-4fcc-bddc-ce049f20e72b-groupManagement] INFO  server.RaftServerConfigKeys (ConfUtils.java:logGet(46)) - raft.server.log.queue.byte-limit = 4294967296 (custom)
2023-09-25 17:58:25,106 [4cd7b50a-b530-4fcc-bddc-ce049f20e72b-groupManagement] INFO  server.RaftServerConfigKeys (ConfUtils.java:logGet(46)) - raft.server.log.queue.element-limit = 1024 (custom)
2023-09-25 17:58:25,106 [4cd7b50a-b530-4fcc-bddc-ce049f20e72b-groupManagement] INFO  server.RaftServerConfigKeys (ConfUtils.java:logGet(46)) - raft.server.log.segment.size.max = 1048576 (custom)
2023-09-25 17:58:25,107 [4cd7b50a-b530-4fcc-bddc-ce049f20e72b-groupManagement] INFO  server.RaftServerConfigKeys (ConfUtils.java:logGet(46)) - raft.server.log.preallocated.size = 16384 (custom)
2023-09-25 17:58:25,107 [4cd7b50a-b530-4fcc-bddc-ce049f20e72b-groupManagement] INFO  server.RaftServerConfigKeys (ConfUtils.java:logGet(46)) - raft.server.log.force.sync.num = 128 (default)
2023-09-25 17:58:25,107 [4cd7b50a-b530-4fcc-bddc-ce049f20e72b-groupManagement] INFO  server.RaftServerConfigKeys (ConfUtils.java:logGet(46)) - raft.server.log.statemachine.data.sync = true (default)
2023-09-25 17:58:25,107 [4cd7b50a-b530-4fcc-bddc-ce049f20e72b-groupManagement] INFO  server.RaftServerConfigKeys (ConfUtils.java:logGet(46)) - raft.server.log.statemachine.data.sync.timeout = 10s (default)
2023-09-25 17:58:25,107 [4cd7b50a-b530-4fcc-bddc-ce049f20e72b-groupManagement] INFO  server.RaftServerConfigKeys (ConfUtils.java:logGet(46)) - raft.server.log.statemachine.data.sync.timeout.retry = -1 (default)
2023-09-25 17:58:25,107 [main] INFO  ozone.MiniOzoneClusterImpl (MiniOzoneClusterImpl.java:lambda$waitForClusterToBeReady$0(229)) - Nodes are ready. Got 5 of 5 DN Heartbeats.
2023-09-25 17:58:25,107 [main] INFO  ozone.MiniOzoneClusterImpl (MiniOzoneClusterImpl.java:lambda$waitForClusterToBeReady$0(232)) - Waiting for cluster to exit safe mode
2023-09-25 17:58:25,107 [main] INFO  ozone.MiniOzoneClusterImpl (MiniOzoneClusterImpl.java:lambda$waitForClusterToBeReady$0(234)) - SCM became leader
2023-09-25 17:58:25,108 [4cd7b50a-b530-4fcc-bddc-ce049f20e72b-groupManagement] INFO  server.RaftServerConfigKeys (ConfUtils.java:logGet(46)) - raft.server.log.write.buffer.size = 1048576 (custom)
2023-09-25 17:58:25,109 [4cd7b50a-b530-4fcc-bddc-ce049f20e72b-groupManagement] INFO  server.RaftServerConfigKeys (ConfUtils.java:logGet(46)) - raft.server.log.appender.buffer.byte-limit = 33554432 (custom)
2023-09-25 17:58:25,116 [4cd7b50a-b530-4fcc-bddc-ce049f20e72b-groupManagement] INFO  server.RaftServerConfigKeys (ConfUtils.java:logGet(46)) - raft.server.log.unsafe-flush.enabled = false (default)
2023-09-25 17:58:25,116 [4cd7b50a-b530-4fcc-bddc-ce049f20e72b-groupManagement] INFO  server.RaftServerConfigKeys (ConfUtils.java:logGet(46)) - raft.server.log.async-flush.enabled = false (default)
2023-09-25 17:58:25,116 [4cd7b50a-b530-4fcc-bddc-ce049f20e72b-groupManagement] INFO  server.RaftServerConfigKeys (ConfUtils.java:logGet(46)) - raft.server.log.statemachine.data.caching.enabled = true (custom)
2023-09-25 17:58:25,116 [4cd7b50a-b530-4fcc-bddc-ce049f20e72b-groupManagement] INFO  segmented.SegmentedRaftLogWorker (SegmentedRaftLogWorker.java:lambda$new$0(135)) - 4cd7b50a-b530-4fcc-bddc-ce049f20e72b@group-75C38D5DDACB-SegmentedRaftLogWorker: flushIndex: setUnconditionally 0 -> -1
2023-09-25 17:58:25,116 [4cd7b50a-b530-4fcc-bddc-ce049f20e72b-groupManagement] INFO  segmented.SegmentedRaftLogWorker (SegmentedRaftLogWorker.java:lambda$new$0(135)) - 4cd7b50a-b530-4fcc-bddc-ce049f20e72b@group-75C38D5DDACB-SegmentedRaftLogWorker: safeCacheEvictIndex: setUnconditionally 0 -> -1
2023-09-25 17:58:25,116 [4cd7b50a-b530-4fcc-bddc-ce049f20e72b-groupManagement] INFO  server.RaftServer$Division (RaftServerImpl.java:start(342)) - 4cd7b50a-b530-4fcc-bddc-ce049f20e72b@group-75C38D5DDACB: start as a follower, conf=-1: peers:[4cd7b50a-b530-4fcc-bddc-ce049f20e72b|rpc:10.1.0.144:15103|admin:10.1.0.144:15102|client:10.1.0.144:15101|dataStream:10.1.0.144:15104|priority:1|startupRole:FOLLOWER]|listeners:[], old=null
2023-09-25 17:58:25,117 [4cd7b50a-b530-4fcc-bddc-ce049f20e72b-groupManagement] INFO  server.RaftServer$Division (RaftServerImpl.java:setRole(329)) - 4cd7b50a-b530-4fcc-bddc-ce049f20e72b@group-75C38D5DDACB: changes role from      null to FOLLOWER at term 0 for startAsFollower
2023-09-25 17:58:25,117 [4cd7b50a-b530-4fcc-bddc-ce049f20e72b-groupManagement] INFO  impl.RoleInfo (RoleInfo.java:updateAndGet(139)) - 4cd7b50a-b530-4fcc-bddc-ce049f20e72b: start 4cd7b50a-b530-4fcc-bddc-ce049f20e72b@group-75C38D5DDACB-FollowerState
2023-09-25 17:58:25,119 [4cd7b50a-b530-4fcc-bddc-ce049f20e72b-groupManagement] INFO  util.JmxRegister (JmxRegister.java:tryRegister(44)) - Successfully registered JMX Bean with object name Ratis:service=RaftServer,group=group-75C38D5DDACB,id=4cd7b50a-b530-4fcc-bddc-ce049f20e72b
2023-09-25 17:58:25,119 [4cd7b50a-b530-4fcc-bddc-ce049f20e72b-groupManagement] INFO  server.RaftServerConfigKeys (ConfUtils.java:logGet(46)) - raft.server.snapshot.auto.trigger.enabled = true (custom)
2023-09-25 17:58:25,119 [4cd7b50a-b530-4fcc-bddc-ce049f20e72b-groupManagement] INFO  server.RaftServerConfigKeys (ConfUtils.java:logGet(46)) - raft.server.snapshot.auto.trigger.threshold = 10000 (custom)
2023-09-25 17:58:25,119 [4cd7b50a-b530-4fcc-bddc-ce049f20e72b-groupManagement] INFO  server.RaftServerConfigKeys (ConfUtils.java:logGet(46)) - raft.server.snapshot.retention.file.num = 5 (custom)
2023-09-25 17:58:25,119 [4cd7b50a-b530-4fcc-bddc-ce049f20e72b-groupManagement] INFO  server.RaftServerConfigKeys (ConfUtils.java:logGet(46)) - raft.server.log.purge.upto.snapshot.index = false (default)
2023-09-25 17:58:25,120 [4cd7b50a-b530-4fcc-bddc-ce049f20e72b@group-75C38D5DDACB-FollowerState] INFO  server.RaftServerConfigKeys (ConfUtils.java:logFallback(53)) - raft.server.rpc.first-election.timeout.min = 5s (fallback to raft.server.rpc.timeout.min)
2023-09-25 17:58:25,120 [4cd7b50a-b530-4fcc-bddc-ce049f20e72b@group-75C38D5DDACB-FollowerState] INFO  server.RaftServerConfigKeys (ConfUtils.java:logFallback(53)) - raft.server.rpc.first-election.timeout.max = 5200ms (fallback to raft.server.rpc.timeout.max)
2023-09-25 17:58:25,123 [PipelineCommandHandlerThread-0] INFO  ratis.XceiverServerRatis (XceiverServerRatis.java:addGroup(804)) - Created group PipelineID=36521b71-bd0e-496e-ae82-75c38d5ddacb
2023-09-25 17:58:25,123 [PipelineCommandHandlerThread-0] INFO  commandhandler.CreatePipelineCommandHandler (CreatePipelineCommandHandler.java:lambda$handle$2(124)) - Created Pipeline RATIS ONE PipelineID=36521b71-bd0e-496e-ae82-75c38d5ddacb.
2023-09-25 17:58:26,108 [main] INFO  ozone.MiniOzoneClusterImpl (MiniOzoneClusterImpl.java:lambda$waitForClusterToBeReady$0(229)) - Nodes are ready. Got 5 of 5 DN Heartbeats.
2023-09-25 17:58:26,108 [main] INFO  ozone.MiniOzoneClusterImpl (MiniOzoneClusterImpl.java:lambda$waitForClusterToBeReady$0(232)) - Waiting for cluster to exit safe mode
2023-09-25 17:58:26,108 [main] INFO  ozone.MiniOzoneClusterImpl (MiniOzoneClusterImpl.java:lambda$waitForClusterToBeReady$0(234)) - SCM became leader
2023-09-25 17:58:27,108 [main] INFO  ozone.MiniOzoneClusterImpl (MiniOzoneClusterImpl.java:lambda$waitForClusterToBeReady$0(229)) - Nodes are ready. Got 5 of 5 DN Heartbeats.
2023-09-25 17:58:27,109 [main] INFO  ozone.MiniOzoneClusterImpl (MiniOzoneClusterImpl.java:lambda$waitForClusterToBeReady$0(232)) - Waiting for cluster to exit safe mode
2023-09-25 17:58:27,109 [main] INFO  ozone.MiniOzoneClusterImpl (MiniOzoneClusterImpl.java:lambda$waitForClusterToBeReady$0(234)) - SCM became leader
2023-09-25 17:58:28,109 [main] INFO  ozone.MiniOzoneClusterImpl (MiniOzoneClusterImpl.java:lambda$waitForClusterToBeReady$0(229)) - Nodes are ready. Got 5 of 5 DN Heartbeats.
2023-09-25 17:58:28,109 [main] INFO  ozone.MiniOzoneClusterImpl (MiniOzoneClusterImpl.java:lambda$waitForClusterToBeReady$0(232)) - Waiting for cluster to exit safe mode
2023-09-25 17:58:28,109 [main] INFO  ozone.MiniOzoneClusterImpl (MiniOzoneClusterImpl.java:lambda$waitForClusterToBeReady$0(234)) - SCM became leader
2023-09-25 17:58:28,729 [75134425-efac-405c-8d5e-f2090f4ad075@group-4F6E12DAD237-FollowerState] INFO  impl.FollowerState (FollowerState.java:run(143)) - 75134425-efac-405c-8d5e-f2090f4ad075@group-4F6E12DAD237-FollowerState: change to CANDIDATE, lastRpcElapsedTime:5007843600ns, electionTimeout:5005ms
2023-09-25 17:58:28,730 [75134425-efac-405c-8d5e-f2090f4ad075@group-4F6E12DAD237-FollowerState] INFO  impl.RoleInfo (RoleInfo.java:shutdownFollowerState(110)) - 75134425-efac-405c-8d5e-f2090f4ad075: shutdown 75134425-efac-405c-8d5e-f2090f4ad075@group-4F6E12DAD237-FollowerState
2023-09-25 17:58:28,730 [75134425-efac-405c-8d5e-f2090f4ad075@group-4F6E12DAD237-FollowerState] INFO  server.RaftServer$Division (RaftServerImpl.java:setRole(329)) - 75134425-efac-405c-8d5e-f2090f4ad075@group-4F6E12DAD237: changes role from  FOLLOWER to CANDIDATE at term 0 for changeToCandidate
2023-09-25 17:58:28,731 [75134425-efac-405c-8d5e-f2090f4ad075@group-4F6E12DAD237-FollowerState] INFO  server.RaftServerConfigKeys (ConfUtils.java:logGet(46)) - raft.server.leaderelection.pre-vote = true (default)
2023-09-25 17:58:28,731 [75134425-efac-405c-8d5e-f2090f4ad075@group-4F6E12DAD237-FollowerState] INFO  impl.RoleInfo (RoleInfo.java:updateAndGet(139)) - 75134425-efac-405c-8d5e-f2090f4ad075: start 75134425-efac-405c-8d5e-f2090f4ad075@group-4F6E12DAD237-LeaderElection11
2023-09-25 17:58:28,734 [75134425-efac-405c-8d5e-f2090f4ad075@group-4F6E12DAD237-LeaderElection11] INFO  impl.LeaderElection (LeaderElection.java:askForVotes(321)) - 75134425-efac-405c-8d5e-f2090f4ad075@group-4F6E12DAD237-LeaderElection11 PRE_VOTE round 0: submit vote requests at term 0 for -1: peers:[75134425-efac-405c-8d5e-f2090f4ad075|rpc:10.1.0.144:15067|admin:10.1.0.144:15066|client:10.1.0.144:15065|dataStream:10.1.0.144:15068|priority:0|startupRole:FOLLOWER, a644417b-dd47-4d87-a60a-40004e0b267c|rpc:10.1.0.144:15076|admin:10.1.0.144:15075|client:10.1.0.144:15074|dataStream:10.1.0.144:15077|priority:1|startupRole:FOLLOWER, 8558cc9e-2498-48a0-8a6c-35e11e299077|rpc:10.1.0.144:15085|admin:10.1.0.144:15084|client:10.1.0.144:15083|dataStream:10.1.0.144:15086|priority:0|startupRole:FOLLOWER]|listeners:[], old=null
2023-09-25 17:58:28,734 [75134425-efac-405c-8d5e-f2090f4ad075@group-4F6E12DAD237-LeaderElection11] INFO  server.RaftServerConfigKeys (ConfUtils.java:logFallback(53)) - raft.server.rpc.first-election.timeout.min = 5s (fallback to raft.server.rpc.timeout.min)
2023-09-25 17:58:28,734 [75134425-efac-405c-8d5e-f2090f4ad075@group-4F6E12DAD237-LeaderElection11-1] INFO  server.GrpcServerProtocolClient (GrpcServerProtocolClient.java:<init>(65)) - Build channel for a644417b-dd47-4d87-a60a-40004e0b267c
2023-09-25 17:58:28,735 [75134425-efac-405c-8d5e-f2090f4ad075@group-4F6E12DAD237-LeaderElection11] INFO  server.RaftServerConfigKeys (ConfUtils.java:logFallback(53)) - raft.server.rpc.first-election.timeout.max = 5200ms (fallback to raft.server.rpc.timeout.max)
2023-09-25 17:58:28,735 [75134425-efac-405c-8d5e-f2090f4ad075@group-4F6E12DAD237-LeaderElection11-2] INFO  server.GrpcServerProtocolClient (GrpcServerProtocolClient.java:<init>(65)) - Build channel for 8558cc9e-2498-48a0-8a6c-35e11e299077
2023-09-25 17:58:28,747 [grpc-default-executor-4] INFO  server.RaftServer$Division (RaftServerImpl.java:requestVote(1302)) - 8558cc9e-2498-48a0-8a6c-35e11e299077@group-4F6E12DAD237: receive requestVote(PRE_VOTE, 75134425-efac-405c-8d5e-f2090f4ad075, group-4F6E12DAD237, 0, (t:0, i:0))
2023-09-25 17:58:28,747 [grpc-default-executor-4] INFO  impl.VoteContext (VoteContext.java:log(49)) - 8558cc9e-2498-48a0-8a6c-35e11e299077@group-4F6E12DAD237-FOLLOWER: accept PRE_VOTE from 75134425-efac-405c-8d5e-f2090f4ad075: our priority 0 <= candidate's priority 0
2023-09-25 17:58:28,747 [grpc-default-executor-4] INFO  server.RaftServer$Division (RaftServerImpl.java:requestVote(1335)) - 8558cc9e-2498-48a0-8a6c-35e11e299077@group-4F6E12DAD237 replies to PRE_VOTE vote request: 75134425-efac-405c-8d5e-f2090f4ad075<-8558cc9e-2498-48a0-8a6c-35e11e299077#0:OK-t0. Peer's state: 8558cc9e-2498-48a0-8a6c-35e11e299077@group-4F6E12DAD237:t0, leader=null, voted=, raftlog=Memoized:8558cc9e-2498-48a0-8a6c-35e11e299077@group-4F6E12DAD237-SegmentedRaftLog:OPENED:c-1, conf=-1: peers:[75134425-efac-405c-8d5e-f2090f4ad075|rpc:10.1.0.144:15067|admin:10.1.0.144:15066|client:10.1.0.144:15065|dataStream:10.1.0.144:15068|priority:0|startupRole:FOLLOWER, a644417b-dd47-4d87-a60a-40004e0b267c|rpc:10.1.0.144:15076|admin:10.1.0.144:15075|client:10.1.0.144:15074|dataStream:10.1.0.144:15077|priority:1|startupRole:FOLLOWER, 8558cc9e-2498-48a0-8a6c-35e11e299077|rpc:10.1.0.144:15085|admin:10.1.0.144:15084|client:10.1.0.144:15083|dataStream:10.1.0.144:15086|priority:0|startupRole:FOLLOWER]|listeners:[], old=null
2023-09-25 17:58:28,750 [75134425-efac-405c-8d5e-f2090f4ad075@group-38837FF94A01-FollowerState] INFO  impl.FollowerState (FollowerState.java:run(143)) - 75134425-efac-405c-8d5e-f2090f4ad075@group-38837FF94A01-FollowerState: change to CANDIDATE, lastRpcElapsedTime:5054575663ns, electionTimeout:5049ms
2023-09-25 17:58:28,750 [75134425-efac-405c-8d5e-f2090f4ad075@group-38837FF94A01-FollowerState] INFO  impl.RoleInfo (RoleInfo.java:shutdownFollowerState(110)) - 75134425-efac-405c-8d5e-f2090f4ad075: shutdown 75134425-efac-405c-8d5e-f2090f4ad075@group-38837FF94A01-FollowerState
2023-09-25 17:58:28,750 [75134425-efac-405c-8d5e-f2090f4ad075@group-38837FF94A01-FollowerState] INFO  server.RaftServer$Division (RaftServerImpl.java:setRole(329)) - 75134425-efac-405c-8d5e-f2090f4ad075@group-38837FF94A01: changes role from  FOLLOWER to CANDIDATE at term 0 for changeToCandidate
2023-09-25 17:58:28,750 [75134425-efac-405c-8d5e-f2090f4ad075@group-38837FF94A01-FollowerState] INFO  server.RaftServerConfigKeys (ConfUtils.java:logGet(46)) - raft.server.leaderelection.pre-vote = true (default)
2023-09-25 17:58:28,750 [75134425-efac-405c-8d5e-f2090f4ad075@group-38837FF94A01-FollowerState] INFO  impl.RoleInfo (RoleInfo.java:updateAndGet(139)) - 75134425-efac-405c-8d5e-f2090f4ad075: start 75134425-efac-405c-8d5e-f2090f4ad075@group-38837FF94A01-LeaderElection12
2023-09-25 17:58:28,762 [grpc-default-executor-4] INFO  server.RaftServer$Division (RaftServerImpl.java:requestVote(1302)) - a644417b-dd47-4d87-a60a-40004e0b267c@group-4F6E12DAD237: receive requestVote(PRE_VOTE, 75134425-efac-405c-8d5e-f2090f4ad075, group-4F6E12DAD237, 0, (t:0, i:0))
2023-09-25 17:58:28,762 [grpc-default-executor-4] INFO  impl.VoteContext (VoteContext.java:log(49)) - a644417b-dd47-4d87-a60a-40004e0b267c@group-4F6E12DAD237-FOLLOWER: reject PRE_VOTE from 75134425-efac-405c-8d5e-f2090f4ad075: our priority 1 > candidate's priority 0
2023-09-25 17:58:28,762 [grpc-default-executor-4] INFO  server.RaftServer$Division (RaftServerImpl.java:requestVote(1335)) - a644417b-dd47-4d87-a60a-40004e0b267c@group-4F6E12DAD237 replies to PRE_VOTE vote request: 75134425-efac-405c-8d5e-f2090f4ad075<-a644417b-dd47-4d87-a60a-40004e0b267c#0:FAIL-t0. Peer's state: a644417b-dd47-4d87-a60a-40004e0b267c@group-4F6E12DAD237:t0, leader=null, voted=, raftlog=Memoized:a644417b-dd47-4d87-a60a-40004e0b267c@group-4F6E12DAD237-SegmentedRaftLog:OPENED:c-1, conf=-1: peers:[75134425-efac-405c-8d5e-f2090f4ad075|rpc:10.1.0.144:15067|admin:10.1.0.144:15066|client:10.1.0.144:15065|dataStream:10.1.0.144:15068|priority:0|startupRole:FOLLOWER, a644417b-dd47-4d87-a60a-40004e0b267c|rpc:10.1.0.144:15076|admin:10.1.0.144:15075|client:10.1.0.144:15074|dataStream:10.1.0.144:15077|priority:1|startupRole:FOLLOWER, 8558cc9e-2498-48a0-8a6c-35e11e299077|rpc:10.1.0.144:15085|admin:10.1.0.144:15084|client:10.1.0.144:15083|dataStream:10.1.0.144:15086|priority:0|startupRole:FOLLOWER]|listeners:[], old=null
2023-09-25 17:58:28,763 [75134425-efac-405c-8d5e-f2090f4ad075@group-38837FF94A01-LeaderElection12] INFO  impl.LeaderElection (LeaderElection.java:askForVotes(321)) - 75134425-efac-405c-8d5e-f2090f4ad075@group-38837FF94A01-LeaderElection12 PRE_VOTE round 0: submit vote requests at term 0 for -1: peers:[75134425-efac-405c-8d5e-f2090f4ad075|rpc:10.1.0.144:15067|admin:10.1.0.144:15066|client:10.1.0.144:15065|dataStream:10.1.0.144:15068|priority:1|startupRole:FOLLOWER]|listeners:[], old=null
2023-09-25 17:58:28,763 [75134425-efac-405c-8d5e-f2090f4ad075@group-38837FF94A01-LeaderElection12] INFO  impl.LeaderElection (LeaderElection.java:askForVotes(323)) - 75134425-efac-405c-8d5e-f2090f4ad075@group-38837FF94A01-LeaderElection12 PRE_VOTE round 0: result PASSED (term=0)
2023-09-25 17:58:28,764 [75134425-efac-405c-8d5e-f2090f4ad075@group-4F6E12DAD237-LeaderElection11] INFO  impl.LeaderElection (LeaderElection.java:logAndReturn(90)) - 75134425-efac-405c-8d5e-f2090f4ad075@group-4F6E12DAD237-LeaderElection11: PRE_VOTE REJECTED received 2 response(s) and 0 exception(s):
2023-09-25 17:58:28,764 [75134425-efac-405c-8d5e-f2090f4ad075@group-4F6E12DAD237-LeaderElection11] INFO  impl.LeaderElection (LeaderElection.java:logAndReturn(94)) -   Response 0: 75134425-efac-405c-8d5e-f2090f4ad075<-a644417b-dd47-4d87-a60a-40004e0b267c#0:FAIL-t0
2023-09-25 17:58:28,764 [75134425-efac-405c-8d5e-f2090f4ad075@group-4F6E12DAD237-LeaderElection11] INFO  impl.LeaderElection (LeaderElection.java:logAndReturn(94)) -   Response 1: 75134425-efac-405c-8d5e-f2090f4ad075<-8558cc9e-2498-48a0-8a6c-35e11e299077#0:OK-t0
2023-09-25 17:58:28,764 [75134425-efac-405c-8d5e-f2090f4ad075@group-4F6E12DAD237-LeaderElection11] INFO  impl.LeaderElection (LeaderElection.java:askForVotes(323)) - 75134425-efac-405c-8d5e-f2090f4ad075@group-4F6E12DAD237-LeaderElection11 PRE_VOTE round 0: result REJECTED
2023-09-25 17:58:28,764 [75134425-efac-405c-8d5e-f2090f4ad075@group-4F6E12DAD237-LeaderElection11] INFO  server.RaftServer$Division (RaftServerImpl.java:setRole(329)) - 75134425-efac-405c-8d5e-f2090f4ad075@group-4F6E12DAD237: changes role from CANDIDATE to FOLLOWER at term 0 for REJECTED
2023-09-25 17:58:28,767 [75134425-efac-405c-8d5e-f2090f4ad075@group-4F6E12DAD237-LeaderElection11] INFO  impl.RoleInfo (RoleInfo.java:shutdownLeaderElection(130)) - 75134425-efac-405c-8d5e-f2090f4ad075: shutdown 75134425-efac-405c-8d5e-f2090f4ad075@group-4F6E12DAD237-LeaderElection11
2023-09-25 17:58:28,767 [75134425-efac-405c-8d5e-f2090f4ad075@group-4F6E12DAD237-LeaderElection11] INFO  impl.RoleInfo (RoleInfo.java:updateAndGet(139)) - 75134425-efac-405c-8d5e-f2090f4ad075: start 75134425-efac-405c-8d5e-f2090f4ad075@group-4F6E12DAD237-FollowerState
2023-09-25 17:58:28,768 [75134425-efac-405c-8d5e-f2090f4ad075@group-38837FF94A01-LeaderElection12] INFO  impl.LeaderElection (LeaderElection.java:askForVotes(321)) - 75134425-efac-405c-8d5e-f2090f4ad075@group-38837FF94A01-LeaderElection12 ELECTION round 0: submit vote requests at term 1 for -1: peers:[75134425-efac-405c-8d5e-f2090f4ad075|rpc:10.1.0.144:15067|admin:10.1.0.144:15066|client:10.1.0.144:15065|dataStream:10.1.0.144:15068|priority:1|startupRole:FOLLOWER]|listeners:[], old=null
2023-09-25 17:58:28,768 [75134425-efac-405c-8d5e-f2090f4ad075@group-38837FF94A01-LeaderElection12] INFO  impl.LeaderElection (LeaderElection.java:askForVotes(323)) - 75134425-efac-405c-8d5e-f2090f4ad075@group-38837FF94A01-LeaderElection12 ELECTION round 0: result PASSED (term=1)
2023-09-25 17:58:28,768 [75134425-efac-405c-8d5e-f2090f4ad075@group-38837FF94A01-LeaderElection12] INFO  impl.RoleInfo (RoleInfo.java:shutdownLeaderElection(130)) - 75134425-efac-405c-8d5e-f2090f4ad075: shutdown 75134425-efac-405c-8d5e-f2090f4ad075@group-38837FF94A01-LeaderElection12
2023-09-25 17:58:28,768 [75134425-efac-405c-8d5e-f2090f4ad075@group-38837FF94A01-LeaderElection12] INFO  server.RaftServer$Division (RaftServerImpl.java:setRole(329)) - 75134425-efac-405c-8d5e-f2090f4ad075@group-38837FF94A01: changes role from CANDIDATE to LEADER at term 1 for changeToLeader
2023-09-25 17:58:28,768 [75134425-efac-405c-8d5e-f2090f4ad075@group-38837FF94A01-LeaderElection12] INFO  ratis.XceiverServerRatis (XceiverServerRatis.java:handleLeaderChangedNotification(902)) - Leader change notification received for group: group-38837FF94A01 with new leaderId: 75134425-efac-405c-8d5e-f2090f4ad075
2023-09-25 17:58:28,769 [75134425-efac-405c-8d5e-f2090f4ad075@group-38837FF94A01-LeaderElection12] INFO  server.RaftServer$Division (ServerState.java:setLeader(317)) - 75134425-efac-405c-8d5e-f2090f4ad075@group-38837FF94A01: change Leader from null to 75134425-efac-405c-8d5e-f2090f4ad075 at term 1 for becomeLeader, leader elected after 5102ms
2023-09-25 17:58:28,769 [75134425-efac-405c-8d5e-f2090f4ad075@group-38837FF94A01-LeaderElection12] INFO  server.RaftServerConfigKeys (ConfUtils.java:logGet(46)) - raft.server.staging.catchup.gap = 1000 (default)
2023-09-25 17:58:28,770 [EventQueue-OpenPipelineForHealthyPipelineSafeModeRule] INFO  safemode.SCMSafeModeManager (HealthyPipelineSafeModeRule.java:process(137)) - SCM in safe mode. Healthy pipelines reported count is 0, required healthy pipeline reported count is 1
2023-09-25 17:58:28,770 [75134425-efac-405c-8d5e-f2090f4ad075@group-38837FF94A01-LeaderElection12] INFO  server.RaftServerConfigKeys (ConfUtils.java:logGet(46)) - raft.server.write.element-limit = 1024 (custom)
2023-09-25 17:58:28,770 [75134425-efac-405c-8d5e-f2090f4ad075@group-38837FF94A01-LeaderElection12] INFO  server.RaftServerConfigKeys (ConfUtils.java:logGet(46)) - raft.server.write.byte-limit = 1024 M (=1073741824) (custom)
2023-09-25 17:58:28,771 [75134425-efac-405c-8d5e-f2090f4ad075@group-38837FF94A01-LeaderElection12] INFO  server.RaftServerConfigKeys (ConfUtils.java:logGet(46)) - raft.server.watch.timeout = 180s (custom)
2023-09-25 17:58:28,771 [75134425-efac-405c-8d5e-f2090f4ad075@group-38837FF94A01-LeaderElection12] INFO  server.RaftServerConfigKeys (ConfUtils.java:logGet(46)) - raft.server.watch.timeout.denomination = 1s (default)
2023-09-25 17:58:28,771 [75134425-efac-405c-8d5e-f2090f4ad075@group-38837FF94A01-LeaderElection12] INFO  server.RaftServerConfigKeys (ConfUtils.java:logGet(46)) - raft.server.watch.element-limit = 65536 (default)
2023-09-25 17:58:28,771 [75134425-efac-405c-8d5e-f2090f4ad075@group-38837FF94A01-LeaderElection12] INFO  server.RaftServerConfigKeys (ConfUtils.java:logGet(46)) - raft.server.write.element-limit = 1024 (custom)
2023-09-25 17:58:28,771 [75134425-efac-405c-8d5e-f2090f4ad075@group-38837FF94A01-LeaderElection12] INFO  server.RaftServerConfigKeys (ConfUtils.java:logGet(46)) - raft.server.write.follower.gap.ratio.max = -1.0 (default)
2023-09-25 17:58:28,771 [75134425-efac-405c-8d5e-f2090f4ad075@group-38837FF94A01-LeaderElection12] INFO  impl.RoleInfo (RoleInfo.java:updateAndGet(139)) - 75134425-efac-405c-8d5e-f2090f4ad075: start 75134425-efac-405c-8d5e-f2090f4ad075@group-38837FF94A01-LeaderStateImpl
2023-09-25 17:58:28,772 [75134425-efac-405c-8d5e-f2090f4ad075@group-38837FF94A01-LeaderElection12] INFO  segmented.SegmentedRaftLogWorker (SegmentedRaftLogWorker.java:startLogSegment(447)) - 75134425-efac-405c-8d5e-f2090f4ad075@group-38837FF94A01-SegmentedRaftLogWorker: Starting segment from index:0
2023-09-25 17:58:28,773 [75134425-efac-405c-8d5e-f2090f4ad075@group-38837FF94A01-SegmentedRaftLogWorker] INFO  segmented.SegmentedRaftLogWorker (SegmentedRaftLogWorker.java:execute(651)) - 75134425-efac-405c-8d5e-f2090f4ad075@group-38837FF94A01-SegmentedRaftLogWorker: created new log segment /home/runner/work/ozone/ozone/hadoop-ozone/integration-test/target/test-dir/MiniOzoneClusterImpl-943d6ebb-9f51-4477-b660-6e407d8e3762/datanode-0/data/ratis/1ea90750-da0b-45a3-857b-38837ff94a01/current/log_inprogress_0
2023-09-25 17:58:28,782 [75134425-efac-405c-8d5e-f2090f4ad075@group-38837FF94A01-LeaderElection12] INFO  server.RaftServer$Division (ServerState.java:setRaftConf(434)) - 75134425-efac-405c-8d5e-f2090f4ad075@group-38837FF94A01: set configuration 0: peers:[75134425-efac-405c-8d5e-f2090f4ad075|rpc:10.1.0.144:15067|admin:10.1.0.144:15066|client:10.1.0.144:15065|dataStream:10.1.0.144:15068|priority:1|startupRole:FOLLOWER]|listeners:[], old=null
2023-09-25 17:58:28,803 [a644417b-dd47-4d87-a60a-40004e0b267c@group-4F6E12DAD237-FollowerState] INFO  impl.FollowerState (FollowerState.java:run(143)) - a644417b-dd47-4d87-a60a-40004e0b267c@group-4F6E12DAD237-FollowerState: change to CANDIDATE, lastRpcElapsedTime:5033949403ns, electionTimeout:5027ms
2023-09-25 17:58:28,803 [a644417b-dd47-4d87-a60a-40004e0b267c@group-4F6E12DAD237-FollowerState] INFO  impl.RoleInfo (RoleInfo.java:shutdownFollowerState(110)) - a644417b-dd47-4d87-a60a-40004e0b267c: shutdown a644417b-dd47-4d87-a60a-40004e0b267c@group-4F6E12DAD237-FollowerState
2023-09-25 17:58:28,803 [a644417b-dd47-4d87-a60a-40004e0b267c@group-4F6E12DAD237-FollowerState] INFO  server.RaftServer$Division (RaftServerImpl.java:setRole(329)) - a644417b-dd47-4d87-a60a-40004e0b267c@group-4F6E12DAD237: changes role from  FOLLOWER to CANDIDATE at term 0 for changeToCandidate
2023-09-25 17:58:28,804 [a644417b-dd47-4d87-a60a-40004e0b267c@group-4F6E12DAD237-FollowerState] INFO  server.RaftServerConfigKeys (ConfUtils.java:logGet(46)) - raft.server.leaderelection.pre-vote = true (default)
2023-09-25 17:58:28,804 [a644417b-dd47-4d87-a60a-40004e0b267c@group-4F6E12DAD237-FollowerState] INFO  impl.RoleInfo (RoleInfo.java:updateAndGet(139)) - a644417b-dd47-4d87-a60a-40004e0b267c: start a644417b-dd47-4d87-a60a-40004e0b267c@group-4F6E12DAD237-LeaderElection13
2023-09-25 17:58:28,805 [a644417b-dd47-4d87-a60a-40004e0b267c@group-4F6E12DAD237-LeaderElection13] INFO  impl.LeaderElection (LeaderElection.java:askForVotes(321)) - a644417b-dd47-4d87-a60a-40004e0b267c@group-4F6E12DAD237-LeaderElection13 PRE_VOTE round 0: submit vote requests at term 0 for -1: peers:[75134425-efac-405c-8d5e-f2090f4ad075|rpc:10.1.0.144:15067|admin:10.1.0.144:15066|client:10.1.0.144:15065|dataStream:10.1.0.144:15068|priority:0|startupRole:FOLLOWER, a644417b-dd47-4d87-a60a-40004e0b267c|rpc:10.1.0.144:15076|admin:10.1.0.144:15075|client:10.1.0.144:15074|dataStream:10.1.0.144:15077|priority:1|startupRole:FOLLOWER, 8558cc9e-2498-48a0-8a6c-35e11e299077|rpc:10.1.0.144:15085|admin:10.1.0.144:15084|client:10.1.0.144:15083|dataStream:10.1.0.144:15086|priority:0|startupRole:FOLLOWER]|listeners:[], old=null
2023-09-25 17:58:28,805 [a644417b-dd47-4d87-a60a-40004e0b267c@group-4F6E12DAD237-LeaderElection13-1] INFO  server.GrpcServerProtocolClient (GrpcServerProtocolClient.java:<init>(65)) - Build channel for 75134425-efac-405c-8d5e-f2090f4ad075
2023-09-25 17:58:28,806 [a644417b-dd47-4d87-a60a-40004e0b267c@group-4F6E12DAD237-LeaderElection13] INFO  server.RaftServerConfigKeys (ConfUtils.java:logFallback(53)) - raft.server.rpc.first-election.timeout.min = 5s (fallback to raft.server.rpc.timeout.min)
2023-09-25 17:58:28,806 [a644417b-dd47-4d87-a60a-40004e0b267c@group-4F6E12DAD237-LeaderElection13] INFO  server.RaftServerConfigKeys (ConfUtils.java:logFallback(53)) - raft.server.rpc.first-election.timeout.max = 5200ms (fallback to raft.server.rpc.timeout.max)
2023-09-25 17:58:28,806 [a644417b-dd47-4d87-a60a-40004e0b267c@group-4F6E12DAD237-LeaderElection13-2] INFO  server.GrpcServerProtocolClient (GrpcServerProtocolClient.java:<init>(65)) - Build channel for 8558cc9e-2498-48a0-8a6c-35e11e299077
2023-09-25 17:58:28,823 [grpc-default-executor-4] INFO  server.RaftServer$Division (RaftServerImpl.java:requestVote(1302)) - 8558cc9e-2498-48a0-8a6c-35e11e299077@group-4F6E12DAD237: receive requestVote(PRE_VOTE, a644417b-dd47-4d87-a60a-40004e0b267c, group-4F6E12DAD237, 0, (t:0, i:0))
2023-09-25 17:58:28,824 [grpc-default-executor-4] INFO  impl.VoteContext (VoteContext.java:log(49)) - 8558cc9e-2498-48a0-8a6c-35e11e299077@group-4F6E12DAD237-FOLLOWER: accept PRE_VOTE from a644417b-dd47-4d87-a60a-40004e0b267c: our priority 0 <= candidate's priority 1
2023-09-25 17:58:28,824 [grpc-default-executor-4] INFO  server.RaftServer$Division (RaftServerImpl.java:requestVote(1335)) - 8558cc9e-2498-48a0-8a6c-35e11e299077@group-4F6E12DAD237 replies to PRE_VOTE vote request: a644417b-dd47-4d87-a60a-40004e0b267c<-8558cc9e-2498-48a0-8a6c-35e11e299077#0:OK-t0. Peer's state: 8558cc9e-2498-48a0-8a6c-35e11e299077@group-4F6E12DAD237:t0, leader=null, voted=, raftlog=Memoized:8558cc9e-2498-48a0-8a6c-35e11e299077@group-4F6E12DAD237-SegmentedRaftLog:OPENED:c-1, conf=-1: peers:[75134425-efac-405c-8d5e-f2090f4ad075|rpc:10.1.0.144:15067|admin:10.1.0.144:15066|client:10.1.0.144:15065|dataStream:10.1.0.144:15068|priority:0|startupRole:FOLLOWER, a644417b-dd47-4d87-a60a-40004e0b267c|rpc:10.1.0.144:15076|admin:10.1.0.144:15075|client:10.1.0.144:15074|dataStream:10.1.0.144:15077|priority:1|startupRole:FOLLOWER, 8558cc9e-2498-48a0-8a6c-35e11e299077|rpc:10.1.0.144:15085|admin:10.1.0.144:15084|client:10.1.0.144:15083|dataStream:10.1.0.144:15086|priority:0|startupRole:FOLLOWER]|listeners:[], old=null
2023-09-25 17:58:28,827 [grpc-default-executor-9] INFO  server.RaftServer$Division (RaftServerImpl.java:requestVote(1302)) - 75134425-efac-405c-8d5e-f2090f4ad075@group-4F6E12DAD237: receive requestVote(PRE_VOTE, a644417b-dd47-4d87-a60a-40004e0b267c, group-4F6E12DAD237, 0, (t:0, i:0))
2023-09-25 17:58:28,827 [grpc-default-executor-9] INFO  impl.VoteContext (VoteContext.java:log(49)) - 75134425-efac-405c-8d5e-f2090f4ad075@group-4F6E12DAD237-FOLLOWER: accept PRE_VOTE from a644417b-dd47-4d87-a60a-40004e0b267c: our priority 0 <= candidate's priority 1
2023-09-25 17:58:28,827 [grpc-default-executor-9] INFO  server.RaftServer$Division (RaftServerImpl.java:requestVote(1335)) - 75134425-efac-405c-8d5e-f2090f4ad075@group-4F6E12DAD237 replies to PRE_VOTE vote request: a644417b-dd47-4d87-a60a-40004e0b267c<-75134425-efac-405c-8d5e-f2090f4ad075#0:OK-t0. Peer's state: 75134425-efac-405c-8d5e-f2090f4ad075@group-4F6E12DAD237:t0, leader=null, voted=, raftlog=Memoized:75134425-efac-405c-8d5e-f2090f4ad075@group-4F6E12DAD237-SegmentedRaftLog:OPENED:c-1, conf=-1: peers:[75134425-efac-405c-8d5e-f2090f4ad075|rpc:10.1.0.144:15067|admin:10.1.0.144:15066|client:10.1.0.144:15065|dataStream:10.1.0.144:15068|priority:0|startupRole:FOLLOWER, a644417b-dd47-4d87-a60a-40004e0b267c|rpc:10.1.0.144:15076|admin:10.1.0.144:15075|client:10.1.0.144:15074|dataStream:10.1.0.144:15077|priority:1|startupRole:FOLLOWER, 8558cc9e-2498-48a0-8a6c-35e11e299077|rpc:10.1.0.144:15085|admin:10.1.0.144:15084|client:10.1.0.144:15083|dataStream:10.1.0.144:15086|priority:0|startupRole:FOLLOWER]|listeners:[], old=null
2023-09-25 17:58:28,828 [a644417b-dd47-4d87-a60a-40004e0b267c@group-4F6E12DAD237-LeaderElection13] INFO  impl.LeaderElection (LeaderElection.java:logAndReturn(90)) - a644417b-dd47-4d87-a60a-40004e0b267c@group-4F6E12DAD237-LeaderElection13: PRE_VOTE PASSED received 1 response(s) and 0 exception(s):
2023-09-25 17:58:28,828 [a644417b-dd47-4d87-a60a-40004e0b267c@group-4F6E12DAD237-LeaderElection13] INFO  impl.LeaderElection (LeaderElection.java:logAndReturn(94)) -   Response 0: a644417b-dd47-4d87-a60a-40004e0b267c<-8558cc9e-2498-48a0-8a6c-35e11e299077#0:OK-t0
2023-09-25 17:58:28,828 [a644417b-dd47-4d87-a60a-40004e0b267c@group-4F6E12DAD237-LeaderElection13] INFO  impl.LeaderElection (LeaderElection.java:askForVotes(323)) - a644417b-dd47-4d87-a60a-40004e0b267c@group-4F6E12DAD237-LeaderElection13 PRE_VOTE round 0: result PASSED
2023-09-25 17:58:28,829 [a644417b-dd47-4d87-a60a-40004e0b267c@group-4F6E12DAD237-LeaderElection13] INFO  impl.LeaderElection (LeaderElection.java:askForVotes(321)) - a644417b-dd47-4d87-a60a-40004e0b267c@group-4F6E12DAD237-LeaderElection13 ELECTION round 0: submit vote requests at term 1 for -1: peers:[75134425-efac-405c-8d5e-f2090f4ad075|rpc:10.1.0.144:15067|admin:10.1.0.144:15066|client:10.1.0.144:15065|dataStream:10.1.0.144:15068|priority:0|startupRole:FOLLOWER, a644417b-dd47-4d87-a60a-40004e0b267c|rpc:10.1.0.144:15076|admin:10.1.0.144:15075|client:10.1.0.144:15074|dataStream:10.1.0.144:15077|priority:1|startupRole:FOLLOWER, 8558cc9e-2498-48a0-8a6c-35e11e299077|rpc:10.1.0.144:15085|admin:10.1.0.144:15084|client:10.1.0.144:15083|dataStream:10.1.0.144:15086|priority:0|startupRole:FOLLOWER]|listeners:[], old=null
2023-09-25 17:58:28,833 [a644417b-dd47-4d87-a60a-40004e0b267c@group-4F6E12DAD237-LeaderElection13] INFO  server.RaftServerConfigKeys (ConfUtils.java:logFallback(53)) - raft.server.rpc.first-election.timeout.min = 5s (fallback to raft.server.rpc.timeout.min)
2023-09-25 17:58:28,833 [a644417b-dd47-4d87-a60a-40004e0b267c@group-4F6E12DAD237-LeaderElection13] INFO  server.RaftServerConfigKeys (ConfUtils.java:logFallback(53)) - raft.server.rpc.first-election.timeout.max = 5200ms (fallback to raft.server.rpc.timeout.max)
2023-09-25 17:58:28,843 [grpc-default-executor-4] INFO  server.RaftServer$Division (RaftServerImpl.java:requestVote(1302)) - 8558cc9e-2498-48a0-8a6c-35e11e299077@group-4F6E12DAD237: receive requestVote(ELECTION, a644417b-dd47-4d87-a60a-40004e0b267c, group-4F6E12DAD237, 1, (t:0, i:0))
2023-09-25 17:58:28,844 [grpc-default-executor-4] INFO  impl.VoteContext (VoteContext.java:log(49)) - 8558cc9e-2498-48a0-8a6c-35e11e299077@group-4F6E12DAD237-FOLLOWER: accept ELECTION from a644417b-dd47-4d87-a60a-40004e0b267c: our priority 0 <= candidate's priority 1
2023-09-25 17:58:28,844 [grpc-default-executor-4] INFO  server.RaftServer$Division (RaftServerImpl.java:setRole(329)) - 8558cc9e-2498-48a0-8a6c-35e11e299077@group-4F6E12DAD237: changes role from  FOLLOWER to FOLLOWER at term 1 for candidate:a644417b-dd47-4d87-a60a-40004e0b267c
2023-09-25 17:58:28,844 [grpc-default-executor-4] INFO  impl.RoleInfo (RoleInfo.java:shutdownFollowerState(110)) - 8558cc9e-2498-48a0-8a6c-35e11e299077: shutdown 8558cc9e-2498-48a0-8a6c-35e11e299077@group-4F6E12DAD237-FollowerState
2023-09-25 17:58:28,844 [grpc-default-executor-4] INFO  impl.RoleInfo (RoleInfo.java:updateAndGet(139)) - 8558cc9e-2498-48a0-8a6c-35e11e299077: start 8558cc9e-2498-48a0-8a6c-35e11e299077@group-4F6E12DAD237-FollowerState
2023-09-25 17:58:28,844 [8558cc9e-2498-48a0-8a6c-35e11e299077@group-4F6E12DAD237-FollowerState] INFO  impl.FollowerState (FollowerState.java:run(152)) - 8558cc9e-2498-48a0-8a6c-35e11e299077@group-4F6E12DAD237-FollowerState was interrupted
2023-09-25 17:58:28,844 [grpc-default-executor-9] INFO  server.RaftServer$Division (RaftServerImpl.java:requestVote(1302)) - 75134425-efac-405c-8d5e-f2090f4ad075@group-4F6E12DAD237: receive requestVote(ELECTION, a644417b-dd47-4d87-a60a-40004e0b267c, group-4F6E12DAD237, 1, (t:0, i:0))
2023-09-25 17:58:28,844 [grpc-default-executor-9] INFO  impl.VoteContext (VoteContext.java:log(49)) - 75134425-efac-405c-8d5e-f2090f4ad075@group-4F6E12DAD237-FOLLOWER: accept ELECTION from a644417b-dd47-4d87-a60a-40004e0b267c: our priority 0 <= candidate's priority 1
2023-09-25 17:58:28,844 [grpc-default-executor-9] INFO  server.RaftServer$Division (RaftServerImpl.java:setRole(329)) - 75134425-efac-405c-8d5e-f2090f4ad075@group-4F6E12DAD237: changes role from  FOLLOWER to FOLLOWER at term 1 for candidate:a644417b-dd47-4d87-a60a-40004e0b267c
2023-09-25 17:58:28,844 [grpc-default-executor-9] INFO  impl.RoleInfo (RoleInfo.java:shutdownFollowerState(110)) - 75134425-efac-405c-8d5e-f2090f4ad075: shutdown 75134425-efac-405c-8d5e-f2090f4ad075@group-4F6E12DAD237-FollowerState
2023-09-25 17:58:28,845 [grpc-default-executor-9] INFO  impl.RoleInfo (RoleInfo.java:updateAndGet(139)) - 75134425-efac-405c-8d5e-f2090f4ad075: start 75134425-efac-405c-8d5e-f2090f4ad075@group-4F6E12DAD237-FollowerState
2023-09-25 17:58:28,845 [75134425-efac-405c-8d5e-f2090f4ad075@group-4F6E12DAD237-FollowerState] INFO  impl.FollowerState (FollowerState.java:run(152)) - 75134425-efac-405c-8d5e-f2090f4ad075@group-4F6E12DAD237-FollowerState was interrupted
2023-09-25 17:58:28,846 [grpc-default-executor-4] INFO  server.RaftServer$Division (RaftServerImpl.java:requestVote(1335)) - 8558cc9e-2498-48a0-8a6c-35e11e299077@group-4F6E12DAD237 replies to ELECTION vote request: a644417b-dd47-4d87-a60a-40004e0b267c<-8558cc9e-2498-48a0-8a6c-35e11e299077#0:OK-t1. Peer's state: 8558cc9e-2498-48a0-8a6c-35e11e299077@group-4F6E12DAD237:t1, leader=null, voted=a644417b-dd47-4d87-a60a-40004e0b267c, raftlog=Memoized:8558cc9e-2498-48a0-8a6c-35e11e299077@group-4F6E12DAD237-SegmentedRaftLog:OPENED:c-1, conf=-1: peers:[75134425-efac-405c-8d5e-f2090f4ad075|rpc:10.1.0.144:15067|admin:10.1.0.144:15066|client:10.1.0.144:15065|dataStream:10.1.0.144:15068|priority:0|startupRole:FOLLOWER, a644417b-dd47-4d87-a60a-40004e0b267c|rpc:10.1.0.144:15076|admin:10.1.0.144:15075|client:10.1.0.144:15074|dataStream:10.1.0.144:15077|priority:1|startupRole:FOLLOWER, 8558cc9e-2498-48a0-8a6c-35e11e299077|rpc:10.1.0.144:15085|admin:10.1.0.144:15084|client:10.1.0.144:15083|dataStream:10.1.0.144:15086|priority:0|startupRole:FOLLOWER]|listeners:[], old=null
2023-09-25 17:58:28,853 [grpc-default-executor-9] INFO  server.RaftServer$Division (RaftServerImpl.java:requestVote(1335)) - 75134425-efac-405c-8d5e-f2090f4ad075@group-4F6E12DAD237 replies to ELECTION vote request: a644417b-dd47-4d87-a60a-40004e0b267c<-75134425-efac-405c-8d5e-f2090f4ad075#0:OK-t1. Peer's state: 75134425-efac-405c-8d5e-f2090f4ad075@group-4F6E12DAD237:t1, leader=null, voted=a644417b-dd47-4d87-a60a-40004e0b267c, raftlog=Memoized:75134425-efac-405c-8d5e-f2090f4ad075@group-4F6E12DAD237-SegmentedRaftLog:OPENED:c-1, conf=-1: peers:[75134425-efac-405c-8d5e-f2090f4ad075|rpc:10.1.0.144:15067|admin:10.1.0.144:15066|client:10.1.0.144:15065|dataStream:10.1.0.144:15068|priority:0|startupRole:FOLLOWER, a644417b-dd47-4d87-a60a-40004e0b267c|rpc:10.1.0.144:15076|admin:10.1.0.144:15075|client:10.1.0.144:15074|dataStream:10.1.0.144:15077|priority:1|startupRole:FOLLOWER, 8558cc9e-2498-48a0-8a6c-35e11e299077|rpc:10.1.0.144:15085|admin:10.1.0.144:15084|client:10.1.0.144:15083|dataStream:10.1.0.144:15086|priority:0|startupRole:FOLLOWER]|listeners:[], old=null
2023-09-25 17:58:28,853 [a644417b-dd47-4d87-a60a-40004e0b267c@group-4F6E12DAD237-LeaderElection13] INFO  impl.LeaderElection (LeaderElection.java:logAndReturn(90)) - a644417b-dd47-4d87-a60a-40004e0b267c@group-4F6E12DAD237-LeaderElection13: ELECTION PASSED received 1 response(s) and 0 exception(s):
2023-09-25 17:58:28,853 [a644417b-dd47-4d87-a60a-40004e0b267c@group-4F6E12DAD237-LeaderElection13] INFO  impl.LeaderElection (LeaderElection.java:logAndReturn(94)) -   Response 0: a644417b-dd47-4d87-a60a-40004e0b267c<-8558cc9e-2498-48a0-8a6c-35e11e299077#0:OK-t1
2023-09-25 17:58:28,853 [a644417b-dd47-4d87-a60a-40004e0b267c@group-4F6E12DAD237-LeaderElection13] INFO  impl.LeaderElection (LeaderElection.java:askForVotes(323)) - a644417b-dd47-4d87-a60a-40004e0b267c@group-4F6E12DAD237-LeaderElection13 ELECTION round 0: result PASSED
2023-09-25 17:58:28,853 [a644417b-dd47-4d87-a60a-40004e0b267c@group-4F6E12DAD237-LeaderElection13] INFO  impl.RoleInfo (RoleInfo.java:shutdownLeaderElection(130)) - a644417b-dd47-4d87-a60a-40004e0b267c: shutdown a644417b-dd47-4d87-a60a-40004e0b267c@group-4F6E12DAD237-LeaderElection13
2023-09-25 17:58:28,853 [a644417b-dd47-4d87-a60a-40004e0b267c@group-4F6E12DAD237-LeaderElection13] INFO  server.RaftServer$Division (RaftServerImpl.java:setRole(329)) - a644417b-dd47-4d87-a60a-40004e0b267c@group-4F6E12DAD237: changes role from CANDIDATE to LEADER at term 1 for changeToLeader
2023-09-25 17:58:28,853 [a644417b-dd47-4d87-a60a-40004e0b267c@group-4F6E12DAD237-LeaderElection13] INFO  ratis.XceiverServerRatis (XceiverServerRatis.java:handleLeaderChangedNotification(902)) - Leader change notification received for group: group-4F6E12DAD237 with new leaderId: a644417b-dd47-4d87-a60a-40004e0b267c
2023-09-25 17:58:28,854 [a644417b-dd47-4d87-a60a-40004e0b267c@group-4F6E12DAD237-LeaderElection13] INFO  server.RaftServer$Division (ServerState.java:setLeader(317)) - a644417b-dd47-4d87-a60a-40004e0b267c@group-4F6E12DAD237: change Leader from null to a644417b-dd47-4d87-a60a-40004e0b267c at term 1 for becomeLeader, leader elected after 5107ms
2023-09-25 17:58:28,854 [a644417b-dd47-4d87-a60a-40004e0b267c@group-4F6E12DAD237-LeaderElection13] INFO  server.RaftServerConfigKeys (ConfUtils.java:logGet(46)) - raft.server.staging.catchup.gap = 1000 (default)
2023-09-25 17:58:28,854 [a644417b-dd47-4d87-a60a-40004e0b267c@group-4F6E12DAD237-LeaderElection13] INFO  server.RaftServerConfigKeys (ConfUtils.java:logGet(46)) - raft.server.write.element-limit = 1024 (custom)
2023-09-25 17:58:28,854 [a644417b-dd47-4d87-a60a-40004e0b267c@group-4F6E12DAD237-LeaderElection13] INFO  server.RaftServerConfigKeys (ConfUtils.java:logGet(46)) - raft.server.write.byte-limit = 1024 M (=1073741824) (custom)
2023-09-25 17:58:28,854 [a644417b-dd47-4d87-a60a-40004e0b267c@group-4F6E12DAD237-LeaderElection13] INFO  server.RaftServerConfigKeys (ConfUtils.java:logGet(46)) - raft.server.watch.timeout = 180s (custom)
2023-09-25 17:58:28,855 [a644417b-dd47-4d87-a60a-40004e0b267c@group-4F6E12DAD237-LeaderElection13] INFO  server.RaftServerConfigKeys (ConfUtils.java:logGet(46)) - raft.server.watch.timeout.denomination = 1s (default)
2023-09-25 17:58:28,855 [a644417b-dd47-4d87-a60a-40004e0b267c@group-4F6E12DAD237-LeaderElection13] INFO  server.RaftServerConfigKeys (ConfUtils.java:logGet(46)) - raft.server.watch.element-limit = 65536 (default)
2023-09-25 17:58:28,860 [a644417b-dd47-4d87-a60a-40004e0b267c@group-4F6E12DAD237-LeaderElection13] INFO  server.RaftServerConfigKeys (ConfUtils.java:logGet(46)) - raft.server.write.element-limit = 1024 (custom)
2023-09-25 17:58:28,860 [a644417b-dd47-4d87-a60a-40004e0b267c@group-4F6E12DAD237-LeaderElection13] INFO  server.RaftServerConfigKeys (ConfUtils.java:logGet(46)) - raft.server.write.follower.gap.ratio.max = -1.0 (default)
2023-09-25 17:58:28,861 [a644417b-dd47-4d87-a60a-40004e0b267c@group-4F6E12DAD237-LeaderElection13] INFO  server.RaftServerConfigKeys (ConfUtils.java:logGet(46)) - raft.server.log.appender.snapshot.chunk.size.max = 16MB (=16777216) (default)
2023-09-25 17:58:28,861 [a644417b-dd47-4d87-a60a-40004e0b267c@group-4F6E12DAD237-LeaderElection13] INFO  server.RaftServerConfigKeys (ConfUtils.java:logGet(46)) - raft.server.log.appender.buffer.byte-limit = 33554432 (custom)
2023-09-25 17:58:28,861 [a644417b-dd47-4d87-a60a-40004e0b267c@group-4F6E12DAD237-LeaderElection13] INFO  server.RaftServerConfigKeys (ConfUtils.java:logGet(46)) - raft.server.log.appender.buffer.element-limit = 1 (custom)
2023-09-25 17:58:28,861 [a644417b-dd47-4d87-a60a-40004e0b267c@group-4F6E12DAD237-LeaderElection13] INFO  server.RaftServerConfigKeys (ConfUtils.java:logGet(46)) - raft.server.log.appender.wait-time.min = 10ms (default)
2023-09-25 17:58:28,861 [a644417b-dd47-4d87-a60a-40004e0b267c@group-4F6E12DAD237-LeaderElection13] INFO  grpc.GrpcConfigKeys (ConfUtils.java:logGet(46)) - raft.grpc.server.leader.outstanding.appends.max = 128 (default)
2023-09-25 17:58:28,861 [a644417b-dd47-4d87-a60a-40004e0b267c@group-4F6E12DAD237-LeaderElection13] INFO  server.RaftServerConfigKeys (ConfUtils.java:logGet(46)) - raft.server.rpc.request.timeout = 60s (custom)
2023-09-25 17:58:28,861 [a644417b-dd47-4d87-a60a-40004e0b267c@group-4F6E12DAD237-LeaderElection13] INFO  grpc.GrpcConfigKeys (ConfUtils.java:logGet(46)) - raft.grpc.server.install_snapshot.request.element-limit = 8 (default)
2023-09-25 17:58:28,861 [a644417b-dd47-4d87-a60a-40004e0b267c@group-4F6E12DAD237-LeaderElection13] INFO  grpc.GrpcConfigKeys (ConfUtils.java:logGet(46)) - raft.grpc.server.install_snapshot.request.timeout = 3000ms (default)
2023-09-25 17:58:28,861 [a644417b-dd47-4d87-a60a-40004e0b267c@group-4F6E12DAD237-LeaderElection13] INFO  server.RaftServerConfigKeys (ConfUtils.java:logGet(46)) - raft.server.log.appender.install.snapshot.enabled = false (custom)
2023-09-25 17:58:28,861 [a644417b-dd47-4d87-a60a-40004e0b267c@group-4F6E12DAD237-LeaderElection13] INFO  grpc.GrpcConfigKeys (ConfUtils.java:logGet(46)) - raft.grpc.server.heartbeat.channel = true (default)
2023-09-25 17:58:28,864 [EventQueue-PipelineReportForPipelineReportHandler] INFO  pipeline.PipelineReportHandler (PipelineReportHandler.java:processPipelineReport(136)) - Opened pipeline PipelineID=79ff3b36-6127-434c-ab9d-4f6e12dad237
2023-09-25 17:58:28,864 [EventQueue-OpenPipelineForHealthyPipelineSafeModeRule] INFO  safemode.SCMSafeModeManager (HealthyPipelineSafeModeRule.java:process(137)) - SCM in safe mode. Healthy pipelines reported count is 0, required healthy pipeline reported count is 1
2023-09-25 17:58:28,864 [EventQueue-OpenPipelineForHealthyPipelineSafeModeRule] INFO  safemode.SCMSafeModeManager (HealthyPipelineSafeModeRule.java:process(137)) - SCM in safe mode. Healthy pipelines reported count is 1, required healthy pipeline reported count is 1
2023-09-25 17:58:28,864 [EventQueue-OpenPipelineForHealthyPipelineSafeModeRule] INFO  safemode.SCMSafeModeManager (SCMSafeModeManager.java:validateSafeModeExitRules(200)) - HealthyPipelineSafeModeRule rule is successfully validated
2023-09-25 17:58:28,864 [EventQueue-OpenPipelineForHealthyPipelineSafeModeRule] INFO  safemode.SCMSafeModeManager (SCMSafeModeManager.java:validateSafeModeExitRules(215)) - ScmSafeModeManager, all rules are successfully validated
2023-09-25 17:58:28,864 [EventQueue-OpenPipelineForHealthyPipelineSafeModeRule] INFO  safemode.SCMSafeModeManager (SCMSafeModeManager.java:exitSafeMode(244)) - SCM exiting safe mode.
2023-09-25 17:58:28,864 [EventQueue-OpenPipelineForHealthyPipelineSafeModeRule] INFO  ha.SCMContext (SCMContext.java:updateSafeModeStatus(228)) - Update SafeModeStatus from SafeModeStatus{safeModeStatus=true, preCheckPassed=true} to SafeModeStatus{safeModeStatus=false, preCheckPassed=true}.
2023-09-25 17:58:28,864 [EventQueue-OpenPipelineForHealthyPipelineSafeModeRule] INFO  pipeline.BackgroundPipelineCreator (BackgroundPipelineCreator.java:notifyStatusChanged(255)) - Service BackgroundPipelineCreator transitions to RUNNING.
2023-09-25 17:58:28,864 [EventQueue-OpenPipelineForHealthyPipelineSafeModeRule] INFO  BackgroundPipelineScrubber (BackgroundSCMService.java:notifyStatusChanged(82)) - Service BackgroundPipelineScrubber transitions to RUNNING.
2023-09-25 17:58:28,864 [EventQueue-OpenPipelineForHealthyPipelineSafeModeRule] INFO  ExpiredContainerReplicaOpScrubber (BackgroundSCMService.java:notifyStatusChanged(82)) - Service ExpiredContainerReplicaOpScrubber transitions to RUNNING.
2023-09-25 17:58:28,864 [EventQueue-OpenPipelineForHealthyPipelineSafeModeRule] INFO  replication.ReplicationManager (ReplicationManager.java:notifyStatusChanged(1370)) - Service ReplicationManager transitions to RUNNING.
2023-09-25 17:58:28,865 [EventQueue-OpenPipelineForHealthyPipelineSafeModeRule] WARN  balancer.ContainerBalancer (ContainerBalancer.java:shouldRun(134)) - Could not find persisted configuration for ContainerBalancer when checking if ContainerBalancer should run. ContainerBalancer should not run now.
2023-09-25 17:58:28,868 [a644417b-dd47-4d87-a60a-40004e0b267c@group-4F6E12DAD237-LeaderElection13] INFO  server.RaftServerConfigKeys (ConfUtils.java:logGet(46)) - raft.server.log.appender.snapshot.chunk.size.max = 16MB (=16777216) (default)
2023-09-25 17:58:28,868 [a644417b-dd47-4d87-a60a-40004e0b267c@group-4F6E12DAD237-LeaderElection13] INFO  server.RaftServerConfigKeys (ConfUtils.java:logGet(46)) - raft.server.log.appender.buffer.byte-limit = 33554432 (custom)
2023-09-25 17:58:28,868 [a644417b-dd47-4d87-a60a-40004e0b267c@group-4F6E12DAD237-LeaderElection13] INFO  server.RaftServerConfigKeys (ConfUtils.java:logGet(46)) - raft.server.log.appender.buffer.element-limit = 1 (custom)
2023-09-25 17:58:28,868 [a644417b-dd47-4d87-a60a-40004e0b267c@group-4F6E12DAD237-LeaderElection13] INFO  server.RaftServerConfigKeys (ConfUtils.java:logGet(46)) - raft.server.log.appender.wait-time.min = 10ms (default)
2023-09-25 17:58:28,868 [a644417b-dd47-4d87-a60a-40004e0b267c@group-4F6E12DAD237-LeaderElection13] INFO  grpc.GrpcConfigKeys (ConfUtils.java:logGet(46)) - raft.grpc.server.leader.outstanding.appends.max = 128 (default)
2023-09-25 17:58:28,868 [a644417b-dd47-4d87-a60a-40004e0b267c@group-4F6E12DAD237-LeaderElection13] INFO  server.RaftServerConfigKeys (ConfUtils.java:logGet(46)) - raft.server.rpc.request.timeout = 60s (custom)
2023-09-25 17:58:28,868 [a644417b-dd47-4d87-a60a-40004e0b267c@group-4F6E12DAD237-LeaderElection13] INFO  grpc.GrpcConfigKeys (ConfUtils.java:logGet(46)) - raft.grpc.server.install_snapshot.request.element-limit = 8 (default)
2023-09-25 17:58:28,868 [a644417b-dd47-4d87-a60a-40004e0b267c@group-4F6E12DAD237-LeaderElection13] INFO  grpc.GrpcConfigKeys (ConfUtils.java:logGet(46)) - raft.grpc.server.install_snapshot.request.timeout = 3000ms (default)
2023-09-25 17:58:28,868 [a644417b-dd47-4d87-a60a-40004e0b267c@group-4F6E12DAD237-LeaderElection13] INFO  server.RaftServerConfigKeys (ConfUtils.java:logGet(46)) - raft.server.log.appender.install.snapshot.enabled = false (custom)
2023-09-25 17:58:28,868 [a644417b-dd47-4d87-a60a-40004e0b267c@group-4F6E12DAD237-LeaderElection13] INFO  grpc.GrpcConfigKeys (ConfUtils.java:logGet(46)) - raft.grpc.server.heartbeat.channel = true (default)
2023-09-25 17:58:28,869 [a644417b-dd47-4d87-a60a-40004e0b267c@group-4F6E12DAD237-LeaderElection13] INFO  impl.RoleInfo (RoleInfo.java:updateAndGet(139)) - a644417b-dd47-4d87-a60a-40004e0b267c: start a644417b-dd47-4d87-a60a-40004e0b267c@group-4F6E12DAD237-LeaderStateImpl
2023-09-25 17:58:28,869 [a644417b-dd47-4d87-a60a-40004e0b267c@group-4F6E12DAD237-LeaderElection13] INFO  segmented.SegmentedRaftLogWorker (SegmentedRaftLogWorker.java:startLogSegment(447)) - a644417b-dd47-4d87-a60a-40004e0b267c@group-4F6E12DAD237-SegmentedRaftLogWorker: Starting segment from index:0
2023-09-25 17:58:28,871 [a644417b-dd47-4d87-a60a-40004e0b267c@group-4F6E12DAD237-SegmentedRaftLogWorker] INFO  segmented.SegmentedRaftLogWorker (SegmentedRaftLogWorker.java:execute(651)) - a644417b-dd47-4d87-a60a-40004e0b267c@group-4F6E12DAD237-SegmentedRaftLogWorker: created new log segment /home/runner/work/ozone/ozone/hadoop-ozone/integration-test/target/test-dir/MiniOzoneClusterImpl-943d6ebb-9f51-4477-b660-6e407d8e3762/datanode-1/data/ratis/79ff3b36-6127-434c-ab9d-4f6e12dad237/current/log_inprogress_0
2023-09-25 17:58:28,881 [a644417b-dd47-4d87-a60a-40004e0b267c@group-4F6E12DAD237-LeaderElection13] INFO  server.RaftServer$Division (ServerState.java:setRaftConf(434)) - a644417b-dd47-4d87-a60a-40004e0b267c@group-4F6E12DAD237: set configuration 0: peers:[75134425-efac-405c-8d5e-f2090f4ad075|rpc:10.1.0.144:15067|admin:10.1.0.144:15066|client:10.1.0.144:15065|dataStream:10.1.0.144:15068|priority:0|startupRole:FOLLOWER, a644417b-dd47-4d87-a60a-40004e0b267c|rpc:10.1.0.144:15076|admin:10.1.0.144:15075|client:10.1.0.144:15074|dataStream:10.1.0.144:15077|priority:1|startupRole:FOLLOWER, 8558cc9e-2498-48a0-8a6c-35e11e299077|rpc:10.1.0.144:15085|admin:10.1.0.144:15084|client:10.1.0.144:15083|dataStream:10.1.0.144:15086|priority:0|startupRole:FOLLOWER]|listeners:[], old=null
2023-09-25 17:58:28,896 [75134425-efac-405c-8d5e-f2090f4ad075-server-thread1] INFO  ratis.XceiverServerRatis (XceiverServerRatis.java:handleLeaderChangedNotification(902)) - Leader change notification received for group: group-4F6E12DAD237 with new leaderId: a644417b-dd47-4d87-a60a-40004e0b267c
2023-09-25 17:58:28,896 [75134425-efac-405c-8d5e-f2090f4ad075-server-thread1] INFO  server.RaftServer$Division (ServerState.java:setLeader(317)) - 75134425-efac-405c-8d5e-f2090f4ad075@group-4F6E12DAD237: change Leader from null to a644417b-dd47-4d87-a60a-40004e0b267c at term 1 for appendEntries, leader elected after 5190ms
2023-09-25 17:58:28,900 [8558cc9e-2498-48a0-8a6c-35e11e299077-server-thread1] INFO  ratis.XceiverServerRatis (XceiverServerRatis.java:handleLeaderChangedNotification(902)) - Leader change notification received for group: group-4F6E12DAD237 with new leaderId: a644417b-dd47-4d87-a60a-40004e0b267c
2023-09-25 17:58:28,900 [8558cc9e-2498-48a0-8a6c-35e11e299077-server-thread1] INFO  server.RaftServer$Division (ServerState.java:setLeader(317)) - 8558cc9e-2498-48a0-8a6c-35e11e299077@group-4F6E12DAD237: change Leader from null to a644417b-dd47-4d87-a60a-40004e0b267c at term 1 for appendEntries, leader elected after 5082ms
2023-09-25 17:58:28,906 [8558cc9e-2498-48a0-8a6c-35e11e299077@group-95E18541596A-FollowerState] INFO  impl.FollowerState (FollowerState.java:run(143)) - 8558cc9e-2498-48a0-8a6c-35e11e299077@group-95E18541596A-FollowerState: change to CANDIDATE, lastRpcElapsedTime:5008365503ns, electionTimeout:5007ms
2023-09-25 17:58:28,907 [8558cc9e-2498-48a0-8a6c-35e11e299077@group-95E18541596A-FollowerState] INFO  impl.RoleInfo (RoleInfo.java:shutdownFollowerState(110)) - 8558cc9e-2498-48a0-8a6c-35e11e299077: shutdown 8558cc9e-2498-48a0-8a6c-35e11e299077@group-95E18541596A-FollowerState
2023-09-25 17:58:28,907 [8558cc9e-2498-48a0-8a6c-35e11e299077@group-95E18541596A-FollowerState] INFO  server.RaftServer$Division (RaftServerImpl.java:setRole(329)) - 8558cc9e-2498-48a0-8a6c-35e11e299077@group-95E18541596A: changes role from  FOLLOWER to CANDIDATE at term 0 for changeToCandidate
2023-09-25 17:58:28,928 [8558cc9e-2498-48a0-8a6c-35e11e299077@group-95E18541596A-FollowerState] INFO  server.RaftServerConfigKeys (ConfUtils.java:logGet(46)) - raft.server.leaderelection.pre-vote = true (default)
2023-09-25 17:58:28,928 [8558cc9e-2498-48a0-8a6c-35e11e299077@group-95E18541596A-FollowerState] INFO  impl.RoleInfo (RoleInfo.java:updateAndGet(139)) - 8558cc9e-2498-48a0-8a6c-35e11e299077: start 8558cc9e-2498-48a0-8a6c-35e11e299077@group-95E18541596A-LeaderElection14
2023-09-25 17:58:28,928 [75134425-efac-405c-8d5e-f2090f4ad075@group-95E18541596A-FollowerState] INFO  impl.FollowerState (FollowerState.java:run(143)) - 75134425-efac-405c-8d5e-f2090f4ad075@group-95E18541596A-FollowerState: change to CANDIDATE, lastRpcElapsedTime:5061507918ns, electionTimeout:5050ms
2023-09-25 17:58:28,928 [75134425-efac-405c-8d5e-f2090f4ad075@group-95E18541596A-FollowerState] INFO  impl.RoleInfo (RoleInfo.java:shutdownFollowerState(110)) - 75134425-efac-405c-8d5e-f2090f4ad075: shutdown 75134425-efac-405c-8d5e-f2090f4ad075@group-95E18541596A-FollowerState
2023-09-25 17:58:28,928 [75134425-efac-405c-8d5e-f2090f4ad075@group-95E18541596A-FollowerState] INFO  server.RaftServer$Division (RaftServerImpl.java:setRole(329)) - 75134425-efac-405c-8d5e-f2090f4ad075@group-95E18541596A: changes role from  FOLLOWER to CANDIDATE at term 0 for changeToCandidate
2023-09-25 17:58:28,928 [75134425-efac-405c-8d5e-f2090f4ad075@group-95E18541596A-FollowerState] INFO  server.RaftServerConfigKeys (ConfUtils.java:logGet(46)) - raft.server.leaderelection.pre-vote = true (default)
2023-09-25 17:58:28,928 [75134425-efac-405c-8d5e-f2090f4ad075@group-95E18541596A-FollowerState] INFO  impl.RoleInfo (RoleInfo.java:updateAndGet(139)) - 75134425-efac-405c-8d5e-f2090f4ad075: start 75134425-efac-405c-8d5e-f2090f4ad075@group-95E18541596A-LeaderElection15
2023-09-25 17:58:28,932 [8558cc9e-2498-48a0-8a6c-35e11e299077-server-thread3] INFO  server.RaftServer$Division (ServerState.java:setRaftConf(434)) - 8558cc9e-2498-48a0-8a6c-35e11e299077@group-4F6E12DAD237: set configuration 0: peers:[75134425-efac-405c-8d5e-f2090f4ad075|rpc:10.1.0.144:15067|admin:10.1.0.144:15066|client:10.1.0.144:15065|dataStream:10.1.0.144:15068|priority:0|startupRole:FOLLOWER, a644417b-dd47-4d87-a60a-40004e0b267c|rpc:10.1.0.144:15076|admin:10.1.0.144:15075|client:10.1.0.144:15074|dataStream:10.1.0.144:15077|priority:1|startupRole:FOLLOWER, 8558cc9e-2498-48a0-8a6c-35e11e299077|rpc:10.1.0.144:15085|admin:10.1.0.144:15084|client:10.1.0.144:15083|dataStream:10.1.0.144:15086|priority:0|startupRole:FOLLOWER]|listeners:[], old=null
2023-09-25 17:58:28,932 [75134425-efac-405c-8d5e-f2090f4ad075-server-thread3] INFO  server.RaftServer$Division (ServerState.java:setRaftConf(434)) - 75134425-efac-405c-8d5e-f2090f4ad075@group-4F6E12DAD237: set configuration 0: peers:[75134425-efac-405c-8d5e-f2090f4ad075|rpc:10.1.0.144:15067|admin:10.1.0.144:15066|client:10.1.0.144:15065|dataStream:10.1.0.144:15068|priority:0|startupRole:FOLLOWER, a644417b-dd47-4d87-a60a-40004e0b267c|rpc:10.1.0.144:15076|admin:10.1.0.144:15075|client:10.1.0.144:15074|dataStream:10.1.0.144:15077|priority:1|startupRole:FOLLOWER, 8558cc9e-2498-48a0-8a6c-35e11e299077|rpc:10.1.0.144:15085|admin:10.1.0.144:15084|client:10.1.0.144:15083|dataStream:10.1.0.144:15086|priority:0|startupRole:FOLLOWER]|listeners:[], old=null
2023-09-25 17:58:28,933 [8558cc9e-2498-48a0-8a6c-35e11e299077@group-95E18541596A-LeaderElection14] INFO  impl.LeaderElection (LeaderElection.java:askForVotes(321)) - 8558cc9e-2498-48a0-8a6c-35e11e299077@group-95E18541596A-LeaderElection14 PRE_VOTE round 0: submit vote requests at term 0 for -1: peers:[75134425-efac-405c-8d5e-f2090f4ad075|rpc:10.1.0.144:15067|admin:10.1.0.144:15066|client:10.1.0.144:15065|dataStream:10.1.0.144:15068|priority:0|startupRole:FOLLOWER, a644417b-dd47-4d87-a60a-40004e0b267c|rpc:10.1.0.144:15076|admin:10.1.0.144:15075|client:10.1.0.144:15074|dataStream:10.1.0.144:15077|priority:0|startupRole:FOLLOWER, 8558cc9e-2498-48a0-8a6c-35e11e299077|rpc:10.1.0.144:15085|admin:10.1.0.144:15084|client:10.1.0.144:15083|dataStream:10.1.0.144:15086|priority:1|startupRole:FOLLOWER]|listeners:[], old=null
2023-09-25 17:58:28,933 [75134425-efac-405c-8d5e-f2090f4ad075-server-thread3] INFO  segmented.SegmentedRaftLogWorker (SegmentedRaftLogWorker.java:startLogSegment(447)) - 75134425-efac-405c-8d5e-f2090f4ad075@group-4F6E12DAD237-SegmentedRaftLogWorker: Starting segment from index:0
2023-09-25 17:58:28,934 [8558cc9e-2498-48a0-8a6c-35e11e299077@group-95E18541596A-LeaderElection14-1] INFO  server.GrpcServerProtocolClient (GrpcServerProtocolClient.java:<init>(65)) - Build channel for 75134425-efac-405c-8d5e-f2090f4ad075
2023-09-25 17:58:28,933 [8558cc9e-2498-48a0-8a6c-35e11e299077-server-thread3] INFO  segmented.SegmentedRaftLogWorker (SegmentedRaftLogWorker.java:startLogSegment(447)) - 8558cc9e-2498-48a0-8a6c-35e11e299077@group-4F6E12DAD237-SegmentedRaftLogWorker: Starting segment from index:0
2023-09-25 17:58:28,935 [75134425-efac-405c-8d5e-f2090f4ad075@group-4F6E12DAD237-SegmentedRaftLogWorker] INFO  segmented.SegmentedRaftLogWorker (SegmentedRaftLogWorker.java:execute(651)) - 75134425-efac-405c-8d5e-f2090f4ad075@group-4F6E12DAD237-SegmentedRaftLogWorker: created new log segment /home/runner/work/ozone/ozone/hadoop-ozone/integration-test/target/test-dir/MiniOzoneClusterImpl-943d6ebb-9f51-4477-b660-6e407d8e3762/datanode-0/data/ratis/79ff3b36-6127-434c-ab9d-4f6e12dad237/current/log_inprogress_0
2023-09-25 17:58:28,935 [8558cc9e-2498-48a0-8a6c-35e11e299077@group-95E18541596A-LeaderElection14] INFO  server.RaftServerConfigKeys (ConfUtils.java:logFallback(53)) - raft.server.rpc.first-election.timeout.min = 5s (fallback to raft.server.rpc.timeout.min)
2023-09-25 17:58:28,935 [8558cc9e-2498-48a0-8a6c-35e11e299077@group-95E18541596A-LeaderElection14] INFO  server.RaftServerConfigKeys (ConfUtils.java:logFallback(53)) - raft.server.rpc.first-election.timeout.max = 5200ms (fallback to raft.server.rpc.timeout.max)
2023-09-25 17:58:28,941 [75134425-efac-405c-8d5e-f2090f4ad075@group-95E18541596A-LeaderElection15] INFO  impl.LeaderElection (LeaderElection.java:askForVotes(321)) - 75134425-efac-405c-8d5e-f2090f4ad075@group-95E18541596A-LeaderElection15 PRE_VOTE round 0: submit vote requests at term 0 for -1: peers:[75134425-efac-405c-8d5e-f2090f4ad075|rpc:10.1.0.144:15067|admin:10.1.0.144:15066|client:10.1.0.144:15065|dataStream:10.1.0.144:15068|priority:0|startupRole:FOLLOWER, a644417b-dd47-4d87-a60a-40004e0b267c|rpc:10.1.0.144:15076|admin:10.1.0.144:15075|client:10.1.0.144:15074|dataStream:10.1.0.144:15077|priority:0|startupRole:FOLLOWER, 8558cc9e-2498-48a0-8a6c-35e11e299077|rpc:10.1.0.144:15085|admin:10.1.0.144:15084|client:10.1.0.144:15083|dataStream:10.1.0.144:15086|priority:1|startupRole:FOLLOWER]|listeners:[], old=null
2023-09-25 17:58:28,942 [8558cc9e-2498-48a0-8a6c-35e11e299077@group-4F6E12DAD237-SegmentedRaftLogWorker] INFO  segmented.SegmentedRaftLogWorker (SegmentedRaftLogWorker.java:execute(651)) - 8558cc9e-2498-48a0-8a6c-35e11e299077@group-4F6E12DAD237-SegmentedRaftLogWorker: created new log segment /home/runner/work/ozone/ozone/hadoop-ozone/integration-test/target/test-dir/MiniOzoneClusterImpl-943d6ebb-9f51-4477-b660-6e407d8e3762/datanode-2/data/ratis/79ff3b36-6127-434c-ab9d-4f6e12dad237/current/log_inprogress_0
2023-09-25 17:58:28,944 [75134425-efac-405c-8d5e-f2090f4ad075@group-95E18541596A-LeaderElection15] INFO  server.RaftServerConfigKeys (ConfUtils.java:logFallback(53)) - raft.server.rpc.first-election.timeout.min = 5s (fallback to raft.server.rpc.timeout.min)
2023-09-25 17:58:28,944 [75134425-efac-405c-8d5e-f2090f4ad075@group-95E18541596A-LeaderElection15] INFO  server.RaftServerConfigKeys (ConfUtils.java:logFallback(53)) - raft.server.rpc.first-election.timeout.max = 5200ms (fallback to raft.server.rpc.timeout.max)
2023-09-25 17:58:28,953 [8558cc9e-2498-48a0-8a6c-35e11e299077@group-95E18541596A-LeaderElection14-2] INFO  server.GrpcServerProtocolClient (GrpcServerProtocolClient.java:<init>(65)) - Build channel for a644417b-dd47-4d87-a60a-40004e0b267c
2023-09-25 17:58:28,955 [grpc-default-executor-11] INFO  server.RaftServer$Division (RaftServerImpl.java:requestVote(1302)) - a644417b-dd47-4d87-a60a-40004e0b267c@group-95E18541596A: receive requestVote(PRE_VOTE, 75134425-efac-405c-8d5e-f2090f4ad075, group-95E18541596A, 0, (t:0, i:0))
2023-09-25 17:58:28,955 [grpc-default-executor-11] INFO  impl.VoteContext (VoteContext.java:log(49)) - a644417b-dd47-4d87-a60a-40004e0b267c@group-95E18541596A-FOLLOWER: accept PRE_VOTE from 75134425-efac-405c-8d5e-f2090f4ad075: our priority 0 <= candidate's priority 0
2023-09-25 17:58:28,955 [grpc-default-executor-11] INFO  server.RaftServer$Division (RaftServerImpl.java:requestVote(1335)) - a644417b-dd47-4d87-a60a-40004e0b267c@group-95E18541596A replies to PRE_VOTE vote request: 75134425-efac-405c-8d5e-f2090f4ad075<-a644417b-dd47-4d87-a60a-40004e0b267c#0:OK-t0. Peer's state: a644417b-dd47-4d87-a60a-40004e0b267c@group-95E18541596A:t0, leader=null, voted=, raftlog=Memoized:a644417b-dd47-4d87-a60a-40004e0b267c@group-95E18541596A-SegmentedRaftLog:OPENED:c-1, conf=-1: peers:[75134425-efac-405c-8d5e-f2090f4ad075|rpc:10.1.0.144:15067|admin:10.1.0.144:15066|client:10.1.0.144:15065|dataStream:10.1.0.144:15068|priority:0|startupRole:FOLLOWER, a644417b-dd47-4d87-a60a-40004e0b267c|rpc:10.1.0.144:15076|admin:10.1.0.144:15075|client:10.1.0.144:15074|dataStream:10.1.0.144:15077|priority:0|startupRole:FOLLOWER, 8558cc9e-2498-48a0-8a6c-35e11e299077|rpc:10.1.0.144:15085|admin:10.1.0.144:15084|client:10.1.0.144:15083|dataStream:10.1.0.144:15086|priority:1|startupRole:FOLLOWER]|listeners:[], old=null
2023-09-25 17:58:28,958 [grpc-default-executor-9] INFO  server.RaftServer$Division (RaftServerImpl.java:requestVote(1302)) - 8558cc9e-2498-48a0-8a6c-35e11e299077@group-95E18541596A: receive requestVote(PRE_VOTE, 75134425-efac-405c-8d5e-f2090f4ad075, group-95E18541596A, 0, (t:0, i:0))
2023-09-25 17:58:28,958 [grpc-default-executor-9] INFO  impl.VoteContext (VoteContext.java:log(49)) - 8558cc9e-2498-48a0-8a6c-35e11e299077@group-95E18541596A-CANDIDATE: reject PRE_VOTE from 75134425-efac-405c-8d5e-f2090f4ad075: our priority 1 > candidate's priority 0
2023-09-25 17:58:28,958 [grpc-default-executor-9] INFO  server.RaftServer$Division (RaftServerImpl.java:requestVote(1335)) - 8558cc9e-2498-48a0-8a6c-35e11e299077@group-95E18541596A replies to PRE_VOTE vote request: 75134425-efac-405c-8d5e-f2090f4ad075<-8558cc9e-2498-48a0-8a6c-35e11e299077#0:FAIL-t0. Peer's state: 8558cc9e-2498-48a0-8a6c-35e11e299077@group-95E18541596A:t0, leader=null, voted=, raftlog=Memoized:8558cc9e-2498-48a0-8a6c-35e11e299077@group-95E18541596A-SegmentedRaftLog:OPENED:c-1, conf=-1: peers:[75134425-efac-405c-8d5e-f2090f4ad075|rpc:10.1.0.144:15067|admin:10.1.0.144:15066|client:10.1.0.144:15065|dataStream:10.1.0.144:15068|priority:0|startupRole:FOLLOWER, a644417b-dd47-4d87-a60a-40004e0b267c|rpc:10.1.0.144:15076|admin:10.1.0.144:15075|client:10.1.0.144:15074|dataStream:10.1.0.144:15077|priority:0|startupRole:FOLLOWER, 8558cc9e-2498-48a0-8a6c-35e11e299077|rpc:10.1.0.144:15085|admin:10.1.0.144:15084|client:10.1.0.144:15083|dataStream:10.1.0.144:15086|priority:1|startupRole:FOLLOWER]|listeners:[], old=null
2023-09-25 17:58:28,959 [75134425-efac-405c-8d5e-f2090f4ad075@group-95E18541596A-LeaderElection15] INFO  impl.LeaderElection (LeaderElection.java:logAndReturn(90)) - 75134425-efac-405c-8d5e-f2090f4ad075@group-95E18541596A-LeaderElection15: PRE_VOTE REJECTED received 1 response(s) and 0 exception(s):
2023-09-25 17:58:28,959 [75134425-efac-405c-8d5e-f2090f4ad075@group-95E18541596A-LeaderElection15] INFO  impl.LeaderElection (LeaderElection.java:logAndReturn(94)) -   Response 0: 75134425-efac-405c-8d5e-f2090f4ad075<-8558cc9e-2498-48a0-8a6c-35e11e299077#0:FAIL-t0
2023-09-25 17:58:28,959 [75134425-efac-405c-8d5e-f2090f4ad075@group-95E18541596A-LeaderElection15] INFO  impl.LeaderElection (LeaderElection.java:askForVotes(323)) - 75134425-efac-405c-8d5e-f2090f4ad075@group-95E18541596A-LeaderElection15 PRE_VOTE round 0: result REJECTED
2023-09-25 17:58:28,959 [75134425-efac-405c-8d5e-f2090f4ad075@group-95E18541596A-LeaderElection15] INFO  server.RaftServer$Division (RaftServerImpl.java:setRole(329)) - 75134425-efac-405c-8d5e-f2090f4ad075@group-95E18541596A: changes role from CANDIDATE to FOLLOWER at term 0 for REJECTED
2023-09-25 17:58:28,959 [75134425-efac-405c-8d5e-f2090f4ad075@group-95E18541596A-LeaderElection15] INFO  impl.RoleInfo (RoleInfo.java:shutdownLeaderElection(130)) - 75134425-efac-405c-8d5e-f2090f4ad075: shutdown 75134425-efac-405c-8d5e-f2090f4ad075@group-95E18541596A-LeaderElection15
2023-09-25 17:58:28,959 [75134425-efac-405c-8d5e-f2090f4ad075@group-95E18541596A-LeaderElection15] INFO  impl.RoleInfo (RoleInfo.java:updateAndGet(139)) - 75134425-efac-405c-8d5e-f2090f4ad075: start 75134425-efac-405c-8d5e-f2090f4ad075@group-95E18541596A-FollowerState
2023-09-25 17:58:28,976 [grpc-default-executor-4] INFO  server.RaftServer$Division (RaftServerImpl.java:requestVote(1302)) - 75134425-efac-405c-8d5e-f2090f4ad075@group-95E18541596A: receive requestVote(PRE_VOTE, 8558cc9e-2498-48a0-8a6c-35e11e299077, group-95E18541596A, 0, (t:0, i:0))
2023-09-25 17:58:28,976 [grpc-default-executor-4] INFO  impl.VoteContext (VoteContext.java:log(49)) - 75134425-efac-405c-8d5e-f2090f4ad075@group-95E18541596A-FOLLOWER: accept PRE_VOTE from 8558cc9e-2498-48a0-8a6c-35e11e299077: our priority 0 <= candidate's priority 1
2023-09-25 17:58:28,976 [grpc-default-executor-4] INFO  server.RaftServer$Division (RaftServerImpl.java:requestVote(1335)) - 75134425-efac-405c-8d5e-f2090f4ad075@group-95E18541596A replies to PRE_VOTE vote request: 8558cc9e-2498-48a0-8a6c-35e11e299077<-75134425-efac-405c-8d5e-f2090f4ad075#0:OK-t0. Peer's state: 75134425-efac-405c-8d5e-f2090f4ad075@group-95E18541596A:t0, leader=null, voted=, raftlog=Memoized:75134425-efac-405c-8d5e-f2090f4ad075@group-95E18541596A-SegmentedRaftLog:OPENED:c-1, conf=-1: peers:[75134425-efac-405c-8d5e-f2090f4ad075|rpc:10.1.0.144:15067|admin:10.1.0.144:15066|client:10.1.0.144:15065|dataStream:10.1.0.144:15068|priority:0|startupRole:FOLLOWER, a644417b-dd47-4d87-a60a-40004e0b267c|rpc:10.1.0.144:15076|admin:10.1.0.144:15075|client:10.1.0.144:15074|dataStream:10.1.0.144:15077|priority:0|startupRole:FOLLOWER, 8558cc9e-2498-48a0-8a6c-35e11e299077|rpc:10.1.0.144:15085|admin:10.1.0.144:15084|client:10.1.0.144:15083|dataStream:10.1.0.144:15086|priority:1|startupRole:FOLLOWER]|listeners:[], old=null
2023-09-25 17:58:28,979 [8558cc9e-2498-48a0-8a6c-35e11e299077@group-95E18541596A-LeaderElection14] INFO  impl.LeaderElection (LeaderElection.java:logAndReturn(90)) - 8558cc9e-2498-48a0-8a6c-35e11e299077@group-95E18541596A-LeaderElection14: PRE_VOTE PASSED received 1 response(s) and 0 exception(s):
2023-09-25 17:58:28,979 [8558cc9e-2498-48a0-8a6c-35e11e299077@group-95E18541596A-LeaderElection14] INFO  impl.LeaderElection (LeaderElection.java:logAndReturn(94)) -   Response 0: 8558cc9e-2498-48a0-8a6c-35e11e299077<-75134425-efac-405c-8d5e-f2090f4ad075#0:OK-t0
2023-09-25 17:58:28,979 [8558cc9e-2498-48a0-8a6c-35e11e299077@group-95E18541596A-LeaderElection14] INFO  impl.LeaderElection (LeaderElection.java:askForVotes(323)) - 8558cc9e-2498-48a0-8a6c-35e11e299077@group-95E18541596A-LeaderElection14 PRE_VOTE round 0: result PASSED
2023-09-25 17:58:28,982 [8558cc9e-2498-48a0-8a6c-35e11e299077@group-95E18541596A-LeaderElection14] INFO  impl.LeaderElection (LeaderElection.java:askForVotes(321)) - 8558cc9e-2498-48a0-8a6c-35e11e299077@group-95E18541596A-LeaderElection14 ELECTION round 0: submit vote requests at term 1 for -1: peers:[75134425-efac-405c-8d5e-f2090f4ad075|rpc:10.1.0.144:15067|admin:10.1.0.144:15066|client:10.1.0.144:15065|dataStream:10.1.0.144:15068|priority:0|startupRole:FOLLOWER, a644417b-dd47-4d87-a60a-40004e0b267c|rpc:10.1.0.144:15076|admin:10.1.0.144:15075|client:10.1.0.144:15074|dataStream:10.1.0.144:15077|priority:0|startupRole:FOLLOWER, 8558cc9e-2498-48a0-8a6c-35e11e299077|rpc:10.1.0.144:15085|admin:10.1.0.144:15084|client:10.1.0.144:15083|dataStream:10.1.0.144:15086|priority:1|startupRole:FOLLOWER]|listeners:[], old=null
2023-09-25 17:58:28,991 [8558cc9e-2498-48a0-8a6c-35e11e299077@group-95E18541596A-LeaderElection14] INFO  server.RaftServerConfigKeys (ConfUtils.java:logFallback(53)) - raft.server.rpc.first-election.timeout.min = 5s (fallback to raft.server.rpc.timeout.min)
2023-09-25 17:58:28,991 [8558cc9e-2498-48a0-8a6c-35e11e299077@group-95E18541596A-LeaderElection14] INFO  server.RaftServerConfigKeys (ConfUtils.java:logFallback(53)) - raft.server.rpc.first-election.timeout.max = 5200ms (fallback to raft.server.rpc.timeout.max)
2023-09-25 17:58:28,994 [grpc-default-executor-4] INFO  server.RaftServer$Division (RaftServerImpl.java:requestVote(1302)) - a644417b-dd47-4d87-a60a-40004e0b267c@group-95E18541596A: receive requestVote(PRE_VOTE, 8558cc9e-2498-48a0-8a6c-35e11e299077, group-95E18541596A, 0, (t:0, i:0))
2023-09-25 17:58:28,994 [grpc-default-executor-8] INFO  server.RaftServer$Division (RaftServerImpl.java:requestVote(1302)) - a644417b-dd47-4d87-a60a-40004e0b267c@group-95E18541596A: receive requestVote(ELECTION, 8558cc9e-2498-48a0-8a6c-35e11e299077, group-95E18541596A, 1, (t:0, i:0))
2023-09-25 17:58:28,994 [grpc-default-executor-9] INFO  server.RaftServer$Division (RaftServerImpl.java:requestVote(1302)) - 75134425-efac-405c-8d5e-f2090f4ad075@group-95E18541596A: receive requestVote(ELECTION, 8558cc9e-2498-48a0-8a6c-35e11e299077, group-95E18541596A, 1, (t:0, i:0))
2023-09-25 17:58:28,994 [grpc-default-executor-9] INFO  impl.VoteContext (VoteContext.java:log(49)) - 75134425-efac-405c-8d5e-f2090f4ad075@group-95E18541596A-FOLLOWER: accept ELECTION from 8558cc9e-2498-48a0-8a6c-35e11e299077: our priority 0 <= candidate's priority 1
2023-09-25 17:58:28,995 [grpc-default-executor-9] INFO  server.RaftServer$Division (RaftServerImpl.java:setRole(329)) - 75134425-efac-405c-8d5e-f2090f4ad075@group-95E18541596A: changes role from  FOLLOWER to FOLLOWER at term 1 for candidate:8558cc9e-2498-48a0-8a6c-35e11e299077
2023-09-25 17:58:28,995 [grpc-default-executor-9] INFO  impl.RoleInfo (RoleInfo.java:shutdownFollowerState(110)) - 75134425-efac-405c-8d5e-f2090f4ad075: shutdown 75134425-efac-405c-8d5e-f2090f4ad075@group-95E18541596A-FollowerState
2023-09-25 17:58:28,995 [grpc-default-executor-9] INFO  impl.RoleInfo (RoleInfo.java:updateAndGet(139)) - 75134425-efac-405c-8d5e-f2090f4ad075: start 75134425-efac-405c-8d5e-f2090f4ad075@group-95E18541596A-FollowerState
2023-09-25 17:58:28,995 [75134425-efac-405c-8d5e-f2090f4ad075@group-95E18541596A-FollowerState] INFO  impl.FollowerState (FollowerState.java:run(152)) - 75134425-efac-405c-8d5e-f2090f4ad075@group-95E18541596A-FollowerState was interrupted
2023-09-25 17:58:28,999 [grpc-default-executor-4] INFO  impl.VoteContext (VoteContext.java:log(49)) - a644417b-dd47-4d87-a60a-40004e0b267c@group-95E18541596A-FOLLOWER: accept PRE_VOTE from 8558cc9e-2498-48a0-8a6c-35e11e299077: our priority 0 <= candidate's priority 1
2023-09-25 17:58:28,999 [grpc-default-executor-4] INFO  server.RaftServer$Division (RaftServerImpl.java:requestVote(1335)) - a644417b-dd47-4d87-a60a-40004e0b267c@group-95E18541596A replies to PRE_VOTE vote request: 8558cc9e-2498-48a0-8a6c-35e11e299077<-a644417b-dd47-4d87-a60a-40004e0b267c#0:OK-t0. Peer's state: a644417b-dd47-4d87-a60a-40004e0b267c@group-95E18541596A:t0, leader=null, voted=, raftlog=Memoized:a644417b-dd47-4d87-a60a-40004e0b267c@group-95E18541596A-SegmentedRaftLog:OPENED:c-1, conf=-1: peers:[75134425-efac-405c-8d5e-f2090f4ad075|rpc:10.1.0.144:15067|admin:10.1.0.144:15066|client:10.1.0.144:15065|dataStream:10.1.0.144:15068|priority:0|startupRole:FOLLOWER, a644417b-dd47-4d87-a60a-40004e0b267c|rpc:10.1.0.144:15076|admin:10.1.0.144:15075|client:10.1.0.144:15074|dataStream:10.1.0.144:15077|priority:0|startupRole:FOLLOWER, 8558cc9e-2498-48a0-8a6c-35e11e299077|rpc:10.1.0.144:15085|admin:10.1.0.144:15084|client:10.1.0.144:15083|dataStream:10.1.0.144:15086|priority:1|startupRole:FOLLOWER]|listeners:[], old=null
2023-09-25 17:58:28,999 [grpc-default-executor-8] INFO  impl.VoteContext (VoteContext.java:log(49)) - a644417b-dd47-4d87-a60a-40004e0b267c@group-95E18541596A-FOLLOWER: accept ELECTION from 8558cc9e-2498-48a0-8a6c-35e11e299077: our priority 0 <= candidate's priority 1
2023-09-25 17:58:28,999 [grpc-default-executor-8] INFO  server.RaftServer$Division (RaftServerImpl.java:setRole(329)) - a644417b-dd47-4d87-a60a-40004e0b267c@group-95E18541596A: changes role from  FOLLOWER to FOLLOWER at term 1 for candidate:8558cc9e-2498-48a0-8a6c-35e11e299077
2023-09-25 17:58:28,999 [grpc-default-executor-8] INFO  impl.RoleInfo (RoleInfo.java:shutdownFollowerState(110)) - a644417b-dd47-4d87-a60a-40004e0b267c: shutdown a644417b-dd47-4d87-a60a-40004e0b267c@group-95E18541596A-FollowerState
2023-09-25 17:58:28,999 [grpc-default-executor-8] INFO  impl.RoleInfo (RoleInfo.java:updateAndGet(139)) - a644417b-dd47-4d87-a60a-40004e0b267c: start a644417b-dd47-4d87-a60a-40004e0b267c@group-95E18541596A-FollowerState
2023-09-25 17:58:29,000 [a644417b-dd47-4d87-a60a-40004e0b267c@group-95E18541596A-FollowerState] INFO  impl.FollowerState (FollowerState.java:run(152)) - a644417b-dd47-4d87-a60a-40004e0b267c@group-95E18541596A-FollowerState was interrupted
2023-09-25 17:58:29,001 [grpc-default-executor-9] INFO  server.RaftServer$Division (RaftServerImpl.java:requestVote(1335)) - 75134425-efac-405c-8d5e-f2090f4ad075@group-95E18541596A replies to ELECTION vote request: 8558cc9e-2498-48a0-8a6c-35e11e299077<-75134425-efac-405c-8d5e-f2090f4ad075#0:OK-t1. Peer's state: 75134425-efac-405c-8d5e-f2090f4ad075@group-95E18541596A:t1, leader=null, voted=8558cc9e-2498-48a0-8a6c-35e11e299077, raftlog=Memoized:75134425-efac-405c-8d5e-f2090f4ad075@group-95E18541596A-SegmentedRaftLog:OPENED:c-1, conf=-1: peers:[75134425-efac-405c-8d5e-f2090f4ad075|rpc:10.1.0.144:15067|admin:10.1.0.144:15066|client:10.1.0.144:15065|dataStream:10.1.0.144:15068|priority:0|startupRole:FOLLOWER, a644417b-dd47-4d87-a60a-40004e0b267c|rpc:10.1.0.144:15076|admin:10.1.0.144:15075|client:10.1.0.144:15074|dataStream:10.1.0.144:15077|priority:0|startupRole:FOLLOWER, 8558cc9e-2498-48a0-8a6c-35e11e299077|rpc:10.1.0.144:15085|admin:10.1.0.144:15084|client:10.1.0.144:15083|dataStream:10.1.0.144:15086|priority:1|startupRole:FOLLOWER]|listeners:[], old=null
2023-09-25 17:58:29,004 [8558cc9e-2498-48a0-8a6c-35e11e299077@group-95E18541596A-LeaderElection14] INFO  impl.LeaderElection (LeaderElection.java:logAndReturn(90)) - 8558cc9e-2498-48a0-8a6c-35e11e299077@group-95E18541596A-LeaderElection14: ELECTION PASSED received 1 response(s) and 0 exception(s):
2023-09-25 17:58:29,004 [8558cc9e-2498-48a0-8a6c-35e11e299077@group-95E18541596A-LeaderElection14] INFO  impl.LeaderElection (LeaderElection.java:logAndReturn(94)) -   Response 0: 8558cc9e-2498-48a0-8a6c-35e11e299077<-75134425-efac-405c-8d5e-f2090f4ad075#0:OK-t1
2023-09-25 17:58:29,004 [8558cc9e-2498-48a0-8a6c-35e11e299077@group-95E18541596A-LeaderElection14] INFO  impl.LeaderElection (LeaderElection.java:askForVotes(323)) - 8558cc9e-2498-48a0-8a6c-35e11e299077@group-95E18541596A-LeaderElection14 ELECTION round 0: result PASSED
2023-09-25 17:58:29,004 [8558cc9e-2498-48a0-8a6c-35e11e299077@group-95E18541596A-LeaderElection14] INFO  impl.RoleInfo (RoleInfo.java:shutdownLeaderElection(130)) - 8558cc9e-2498-48a0-8a6c-35e11e299077: shutdown 8558cc9e-2498-48a0-8a6c-35e11e299077@group-95E18541596A-LeaderElection14
2023-09-25 17:58:29,005 [8558cc9e-2498-48a0-8a6c-35e11e299077@group-95E18541596A-LeaderElection14] INFO  server.RaftServer$Division (RaftServerImpl.java:setRole(329)) - 8558cc9e-2498-48a0-8a6c-35e11e299077@group-95E18541596A: changes role from CANDIDATE to LEADER at term 1 for changeToLeader
2023-09-25 17:58:29,005 [8558cc9e-2498-48a0-8a6c-35e11e299077@group-95E18541596A-LeaderElection14] INFO  ratis.XceiverServerRatis (XceiverServerRatis.java:handleLeaderChangedNotification(902)) - Leader change notification received for group: group-95E18541596A with new leaderId: 8558cc9e-2498-48a0-8a6c-35e11e299077
2023-09-25 17:58:29,005 [8558cc9e-2498-48a0-8a6c-35e11e299077@group-95E18541596A-LeaderElection14] INFO  server.RaftServer$Division (ServerState.java:setLeader(317)) - 8558cc9e-2498-48a0-8a6c-35e11e299077@group-95E18541596A: change Leader from null to 8558cc9e-2498-48a0-8a6c-35e11e299077 at term 1 for becomeLeader, leader elected after 5123ms
2023-09-25 17:58:29,005 [8558cc9e-2498-48a0-8a6c-35e11e299077@group-95E18541596A-LeaderElection14] INFO  server.RaftServerConfigKeys (ConfUtils.java:logGet(46)) - raft.server.staging.catchup.gap = 1000 (default)
2023-09-25 17:58:29,006 [8558cc9e-2498-48a0-8a6c-35e11e299077@group-95E18541596A-LeaderElection14] INFO  server.RaftServerConfigKeys (ConfUtils.java:logGet(46)) - raft.server.write.element-limit = 1024 (custom)
2023-09-25 17:58:29,006 [8558cc9e-2498-48a0-8a6c-35e11e299077@group-95E18541596A-LeaderElection14] INFO  server.RaftServerConfigKeys (ConfUtils.java:logGet(46)) - raft.server.write.byte-limit = 1024 M (=1073741824) (custom)
2023-09-25 17:58:29,006 [8558cc9e-2498-48a0-8a6c-35e11e299077@group-95E18541596A-LeaderElection14] INFO  server.RaftServerConfigKeys (ConfUtils.java:logGet(46)) - raft.server.watch.timeout = 180s (custom)
2023-09-25 17:58:29,006 [8558cc9e-2498-48a0-8a6c-35e11e299077@group-95E18541596A-LeaderElection14] INFO  server.RaftServerConfigKeys (ConfUtils.java:logGet(46)) - raft.server.watch.timeout.denomination = 1s (default)
2023-09-25 17:58:29,006 [8558cc9e-2498-48a0-8a6c-35e11e299077@group-95E18541596A-LeaderElection14] INFO  server.RaftServerConfigKeys (ConfUtils.java:logGet(46)) - raft.server.watch.element-limit = 65536 (default)
2023-09-25 17:58:29,006 [8558cc9e-2498-48a0-8a6c-35e11e299077@group-95E18541596A-LeaderElection14] INFO  server.RaftServerConfigKeys (ConfUtils.java:logGet(46)) - raft.server.write.element-limit = 1024 (custom)
2023-09-25 17:58:29,006 [8558cc9e-2498-48a0-8a6c-35e11e299077@group-95E18541596A-LeaderElection14] INFO  server.RaftServerConfigKeys (ConfUtils.java:logGet(46)) - raft.server.write.follower.gap.ratio.max = -1.0 (default)
2023-09-25 17:58:29,007 [8558cc9e-2498-48a0-8a6c-35e11e299077@group-95E18541596A-LeaderElection14] INFO  server.RaftServerConfigKeys (ConfUtils.java:logGet(46)) - raft.server.log.appender.snapshot.chunk.size.max = 16MB (=16777216) (default)
2023-09-25 17:58:29,007 [8558cc9e-2498-48a0-8a6c-35e11e299077@group-95E18541596A-LeaderElection14] INFO  server.RaftServerConfigKeys (ConfUtils.java:logGet(46)) - raft.server.log.appender.buffer.byte-limit = 33554432 (custom)
2023-09-25 17:58:29,007 [8558cc9e-2498-48a0-8a6c-35e11e299077@group-95E18541596A-LeaderElection14] INFO  server.RaftServerConfigKeys (ConfUtils.java:logGet(46)) - raft.server.log.appender.buffer.element-limit = 1 (custom)
2023-09-25 17:58:29,007 [8558cc9e-2498-48a0-8a6c-35e11e299077@group-95E18541596A-LeaderElection14] INFO  server.RaftServerConfigKeys (ConfUtils.java:logGet(46)) - raft.server.log.appender.wait-time.min = 10ms (default)
2023-09-25 17:58:29,007 [8558cc9e-2498-48a0-8a6c-35e11e299077@group-95E18541596A-LeaderElection14] INFO  grpc.GrpcConfigKeys (ConfUtils.java:logGet(46)) - raft.grpc.server.leader.outstanding.appends.max = 128 (default)
2023-09-25 17:58:29,007 [8558cc9e-2498-48a0-8a6c-35e11e299077@group-95E18541596A-LeaderElection14] INFO  server.RaftServerConfigKeys (ConfUtils.java:logGet(46)) - raft.server.rpc.request.timeout = 60s (custom)
2023-09-25 17:58:29,008 [8558cc9e-2498-48a0-8a6c-35e11e299077@group-95E18541596A-LeaderElection14] INFO  grpc.GrpcConfigKeys (ConfUtils.java:logGet(46)) - raft.grpc.server.install_snapshot.request.element-limit = 8 (default)
2023-09-25 17:58:29,008 [8558cc9e-2498-48a0-8a6c-35e11e299077@group-95E18541596A-LeaderElection14] INFO  grpc.GrpcConfigKeys (ConfUtils.java:logGet(46)) - raft.grpc.server.install_snapshot.request.timeout = 3000ms (default)
2023-09-25 17:58:29,008 [8558cc9e-2498-48a0-8a6c-35e11e299077@group-95E18541596A-LeaderElection14] INFO  server.RaftServerConfigKeys (ConfUtils.java:logGet(46)) - raft.server.log.appender.install.snapshot.enabled = false (custom)
2023-09-25 17:58:29,008 [8558cc9e-2498-48a0-8a6c-35e11e299077@group-95E18541596A-LeaderElection14] INFO  grpc.GrpcConfigKeys (ConfUtils.java:logGet(46)) - raft.grpc.server.heartbeat.channel = true (default)
2023-09-25 17:58:29,009 [EventQueue-PipelineReportForPipelineReportHandler] INFO  pipeline.PipelineReportHandler (PipelineReportHandler.java:processPipelineReport(136)) - Opened pipeline PipelineID=fb54c0c3-2a5e-4ae7-9cfd-95e18541596a
2023-09-25 17:58:29,008 [grpc-default-executor-8] INFO  server.RaftServer$Division (RaftServerImpl.java:requestVote(1335)) - a644417b-dd47-4d87-a60a-40004e0b267c@group-95E18541596A replies to ELECTION vote request: 8558cc9e-2498-48a0-8a6c-35e11e299077<-a644417b-dd47-4d87-a60a-40004e0b267c#0:OK-t1. Peer's state: a644417b-dd47-4d87-a60a-40004e0b267c@group-95E18541596A:t1, leader=null, voted=8558cc9e-2498-48a0-8a6c-35e11e299077, raftlog=Memoized:a644417b-dd47-4d87-a60a-40004e0b267c@group-95E18541596A-SegmentedRaftLog:OPENED:c-1, conf=-1: peers:[75134425-efac-405c-8d5e-f2090f4ad075|rpc:10.1.0.144:15067|admin:10.1.0.144:15066|client:10.1.0.144:15065|dataStream:10.1.0.144:15068|priority:0|startupRole:FOLLOWER, a644417b-dd47-4d87-a60a-40004e0b267c|rpc:10.1.0.144:15076|admin:10.1.0.144:15075|client:10.1.0.144:15074|dataStream:10.1.0.144:15077|priority:0|startupRole:FOLLOWER, 8558cc9e-2498-48a0-8a6c-35e11e299077|rpc:10.1.0.144:15085|admin:10.1.0.144:15084|client:10.1.0.144:15083|dataStream:10.1.0.144:15086|priority:1|startupRole:FOLLOWER]|listeners:[], old=null
2023-09-25 17:58:29,011 [8558cc9e-2498-48a0-8a6c-35e11e299077@group-95E18541596A-LeaderElection14] INFO  server.RaftServerConfigKeys (ConfUtils.java:logGet(46)) - raft.server.log.appender.snapshot.chunk.size.max = 16MB (=16777216) (default)
2023-09-25 17:58:29,011 [8558cc9e-2498-48a0-8a6c-35e11e299077@group-95E18541596A-LeaderElection14] INFO  server.RaftServerConfigKeys (ConfUtils.java:logGet(46)) - raft.server.log.appender.buffer.byte-limit = 33554432 (custom)
2023-09-25 17:58:29,011 [8558cc9e-2498-48a0-8a6c-35e11e299077@group-95E18541596A-LeaderElection14] INFO  server.RaftServerConfigKeys (ConfUtils.java:logGet(46)) - raft.server.log.appender.buffer.element-limit = 1 (custom)
2023-09-25 17:58:29,011 [8558cc9e-2498-48a0-8a6c-35e11e299077@group-95E18541596A-LeaderElection14] INFO  server.RaftServerConfigKeys (ConfUtils.java:logGet(46)) - raft.server.log.appender.wait-time.min = 10ms (default)
2023-09-25 17:58:29,012 [8558cc9e-2498-48a0-8a6c-35e11e299077@group-95E18541596A-LeaderElection14] INFO  grpc.GrpcConfigKeys (ConfUtils.java:logGet(46)) - raft.grpc.server.leader.outstanding.appends.max = 128 (default)
2023-09-25 17:58:29,012 [8558cc9e-2498-48a0-8a6c-35e11e299077@group-95E18541596A-LeaderElection14] INFO  server.RaftServerConfigKeys (ConfUtils.java:logGet(46)) - raft.server.rpc.request.timeout = 60s (custom)
2023-09-25 17:58:29,012 [8558cc9e-2498-48a0-8a6c-35e11e299077@group-95E18541596A-LeaderElection14] INFO  grpc.GrpcConfigKeys (ConfUtils.java:logGet(46)) - raft.grpc.server.install_snapshot.request.element-limit = 8 (default)
2023-09-25 17:58:29,014 [8558cc9e-2498-48a0-8a6c-35e11e299077@group-95E18541596A-LeaderElection14] INFO  grpc.GrpcConfigKeys (ConfUtils.java:logGet(46)) - raft.grpc.server.install_snapshot.request.timeout = 3000ms (default)
2023-09-25 17:58:29,015 [8558cc9e-2498-48a0-8a6c-35e11e299077@group-95E18541596A-LeaderElection14] INFO  server.RaftServerConfigKeys (ConfUtils.java:logGet(46)) - raft.server.log.appender.install.snapshot.enabled = false (custom)
2023-09-25 17:58:29,015 [8558cc9e-2498-48a0-8a6c-35e11e299077@group-95E18541596A-LeaderElection14] INFO  grpc.GrpcConfigKeys (ConfUtils.java:logGet(46)) - raft.grpc.server.heartbeat.channel = true (default)
2023-09-25 17:58:29,015 [8558cc9e-2498-48a0-8a6c-35e11e299077@group-95E18541596A-LeaderElection14] INFO  impl.RoleInfo (RoleInfo.java:updateAndGet(139)) - 8558cc9e-2498-48a0-8a6c-35e11e299077: start 8558cc9e-2498-48a0-8a6c-35e11e299077@group-95E18541596A-LeaderStateImpl
2023-09-25 17:58:29,016 [8558cc9e-2498-48a0-8a6c-35e11e299077@group-95E18541596A-LeaderElection14] INFO  segmented.SegmentedRaftLogWorker (SegmentedRaftLogWorker.java:startLogSegment(447)) - 8558cc9e-2498-48a0-8a6c-35e11e299077@group-95E18541596A-SegmentedRaftLogWorker: Starting segment from index:0
2023-09-25 17:58:29,020 [8558cc9e-2498-48a0-8a6c-35e11e299077@group-95E18541596A-SegmentedRaftLogWorker] INFO  segmented.SegmentedRaftLogWorker (SegmentedRaftLogWorker.java:execute(651)) - 8558cc9e-2498-48a0-8a6c-35e11e299077@group-95E18541596A-SegmentedRaftLogWorker: created new log segment /home/runner/work/ozone/ozone/hadoop-ozone/integration-test/target/test-dir/MiniOzoneClusterImpl-943d6ebb-9f51-4477-b660-6e407d8e3762/datanode-2/data/ratis/fb54c0c3-2a5e-4ae7-9cfd-95e18541596a/current/log_inprogress_0
2023-09-25 17:58:29,028 [8558cc9e-2498-48a0-8a6c-35e11e299077@group-95E18541596A-LeaderElection14] INFO  server.RaftServer$Division (ServerState.java:setRaftConf(434)) - 8558cc9e-2498-48a0-8a6c-35e11e299077@group-95E18541596A: set configuration 0: peers:[75134425-efac-405c-8d5e-f2090f4ad075|rpc:10.1.0.144:15067|admin:10.1.0.144:15066|client:10.1.0.144:15065|dataStream:10.1.0.144:15068|priority:0|startupRole:FOLLOWER, a644417b-dd47-4d87-a60a-40004e0b267c|rpc:10.1.0.144:15076|admin:10.1.0.144:15075|client:10.1.0.144:15074|dataStream:10.1.0.144:15077|priority:0|startupRole:FOLLOWER, 8558cc9e-2498-48a0-8a6c-35e11e299077|rpc:10.1.0.144:15085|admin:10.1.0.144:15084|client:10.1.0.144:15083|dataStream:10.1.0.144:15086|priority:1|startupRole:FOLLOWER]|listeners:[], old=null
2023-09-25 17:58:29,041 [a644417b-dd47-4d87-a60a-40004e0b267c-server-thread1] INFO  ratis.XceiverServerRatis (XceiverServerRatis.java:handleLeaderChangedNotification(902)) - Leader change notification received for group: group-95E18541596A with new leaderId: 8558cc9e-2498-48a0-8a6c-35e11e299077
2023-09-25 17:58:29,041 [a644417b-dd47-4d87-a60a-40004e0b267c-server-thread1] INFO  server.RaftServer$Division (ServerState.java:setLeader(317)) - a644417b-dd47-4d87-a60a-40004e0b267c@group-95E18541596A: change Leader from null to 8558cc9e-2498-48a0-8a6c-35e11e299077 at term 1 for appendEntries, leader elected after 5105ms
2023-09-25 17:58:29,042 [75134425-efac-405c-8d5e-f2090f4ad075-server-thread1] INFO  ratis.XceiverServerRatis (XceiverServerRatis.java:handleLeaderChangedNotification(902)) - Leader change notification received for group: group-95E18541596A with new leaderId: 8558cc9e-2498-48a0-8a6c-35e11e299077
2023-09-25 17:58:29,042 [75134425-efac-405c-8d5e-f2090f4ad075-server-thread1] INFO  server.RaftServer$Division (ServerState.java:setLeader(317)) - 75134425-efac-405c-8d5e-f2090f4ad075@group-95E18541596A: change Leader from null to 8558cc9e-2498-48a0-8a6c-35e11e299077 at term 1 for appendEntries, leader elected after 5193ms
2023-09-25 17:58:29,058 [a644417b-dd47-4d87-a60a-40004e0b267c-server-thread1] INFO  server.RaftServer$Division (ServerState.java:setRaftConf(434)) - a644417b-dd47-4d87-a60a-40004e0b267c@group-95E18541596A: set configuration 0: peers:[75134425-efac-405c-8d5e-f2090f4ad075|rpc:10.1.0.144:15067|admin:10.1.0.144:15066|client:10.1.0.144:15065|dataStream:10.1.0.144:15068|priority:0|startupRole:FOLLOWER, a644417b-dd47-4d87-a60a-40004e0b267c|rpc:10.1.0.144:15076|admin:10.1.0.144:15075|client:10.1.0.144:15074|dataStream:10.1.0.144:15077|priority:0|startupRole:FOLLOWER, 8558cc9e-2498-48a0-8a6c-35e11e299077|rpc:10.1.0.144:15085|admin:10.1.0.144:15084|client:10.1.0.144:15083|dataStream:10.1.0.144:15086|priority:1|startupRole:FOLLOWER]|listeners:[], old=null
2023-09-25 17:58:29,059 [a644417b-dd47-4d87-a60a-40004e0b267c-server-thread1] INFO  segmented.SegmentedRaftLogWorker (SegmentedRaftLogWorker.java:startLogSegment(447)) - a644417b-dd47-4d87-a60a-40004e0b267c@group-95E18541596A-SegmentedRaftLogWorker: Starting segment from index:0
2023-09-25 17:58:29,070 [a644417b-dd47-4d87-a60a-40004e0b267c@group-95E18541596A-SegmentedRaftLogWorker] INFO  segmented.SegmentedRaftLogWorker (SegmentedRaftLogWorker.java:execute(651)) - a644417b-dd47-4d87-a60a-40004e0b267c@group-95E18541596A-SegmentedRaftLogWorker: created new log segment /home/runner/work/ozone/ozone/hadoop-ozone/integration-test/target/test-dir/MiniOzoneClusterImpl-943d6ebb-9f51-4477-b660-6e407d8e3762/datanode-1/data/ratis/fb54c0c3-2a5e-4ae7-9cfd-95e18541596a/current/log_inprogress_0
2023-09-25 17:58:29,074 [75134425-efac-405c-8d5e-f2090f4ad075-server-thread3] INFO  server.RaftServer$Division (ServerState.java:setRaftConf(434)) - 75134425-efac-405c-8d5e-f2090f4ad075@group-95E18541596A: set configuration 0: peers:[75134425-efac-405c-8d5e-f2090f4ad075|rpc:10.1.0.144:15067|admin:10.1.0.144:15066|client:10.1.0.144:15065|dataStream:10.1.0.144:15068|priority:0|startupRole:FOLLOWER, a644417b-dd47-4d87-a60a-40004e0b267c|rpc:10.1.0.144:15076|admin:10.1.0.144:15075|client:10.1.0.144:15074|dataStream:10.1.0.144:15077|priority:0|startupRole:FOLLOWER, 8558cc9e-2498-48a0-8a6c-35e11e299077|rpc:10.1.0.144:15085|admin:10.1.0.144:15084|client:10.1.0.144:15083|dataStream:10.1.0.144:15086|priority:1|startupRole:FOLLOWER]|listeners:[], old=null
2023-09-25 17:58:29,076 [75134425-efac-405c-8d5e-f2090f4ad075-server-thread3] INFO  segmented.SegmentedRaftLogWorker (SegmentedRaftLogWorker.java:startLogSegment(447)) - 75134425-efac-405c-8d5e-f2090f4ad075@group-95E18541596A-SegmentedRaftLogWorker: Starting segment from index:0
2023-09-25 17:58:29,077 [75134425-efac-405c-8d5e-f2090f4ad075@group-95E18541596A-SegmentedRaftLogWorker] INFO  segmented.SegmentedRaftLogWorker (SegmentedRaftLogWorker.java:execute(651)) - 75134425-efac-405c-8d5e-f2090f4ad075@group-95E18541596A-SegmentedRaftLogWorker: created new log segment /home/runner/work/ozone/ozone/hadoop-ozone/integration-test/target/test-dir/MiniOzoneClusterImpl-943d6ebb-9f51-4477-b660-6e407d8e3762/datanode-0/data/ratis/fb54c0c3-2a5e-4ae7-9cfd-95e18541596a/current/log_inprogress_0
2023-09-25 17:58:29,109 [main] INFO  ozone.MiniOzoneClusterImpl (MiniOzoneClusterImpl.java:lambda$waitForClusterToBeReady$0(229)) - Nodes are ready. Got 5 of 5 DN Heartbeats.
2023-09-25 17:58:29,110 [main] INFO  ozone.MiniOzoneClusterImpl (MiniOzoneClusterImpl.java:lambda$waitForClusterToBeReady$0(232)) - Cluster exits safe mode
2023-09-25 17:58:29,110 [main] INFO  ozone.MiniOzoneClusterImpl (MiniOzoneClusterImpl.java:lambda$waitForClusterToBeReady$0(234)) - SCM became leader
2023-09-25 17:58:29,167 [Time-limited test] INFO  rpc.RpcClient (RpcClient.java:createVolume(461)) - Creating Volume: volume32680, with user36368 as owner and space quota set to -1 bytes, counts quota set to -1
2023-09-25 17:58:29,169 [IPC Server handler 3 on default port 15057] INFO  volume.OMVolumeCreateRequest (OMVolumeCreateRequest.java:validateAndUpdateCache(196)) - created volume:volume32680 for user:user36368
2023-09-25 17:58:29,172 [Time-limited test] INFO  rpc.RpcClient (RpcClient.java:createBucket(688)) - Creating Bucket: volume32680/bucket78464, with bucket layout FILE_SYSTEM_OPTIMIZED, runner as owner, Versioning false, Storage Type set to DISK and Encryption set to false, Replication Type set to server-side default replication type, Namespace Quota set to -1, Space Quota set to -1 
2023-09-25 17:58:29,173 [IPC Server handler 5 on default port 15057] INFO  bucket.OMBucketCreateRequest (OMBucketCreateRequest.java:validateAndUpdateCache(270)) - created bucket: bucket78464 of layout FILE_SYSTEM_OPTIMIZED in volume: volume32680
2023-09-25 17:58:29,180 [Time-limited test] INFO  ozone.TestRootedOzoneFileSystemWithFSO (TestRootedOzoneFileSystemWithFSO.java:testRenameDir(168)) - Created dir /volume32680/bucket78464/dir1/sub_dir1
2023-09-25 17:58:29,180 [Time-limited test] INFO  ozone.TestRootedOzoneFileSystemWithFSO (TestRootedOzoneFileSystemWithFSO.java:testRenameDir(169)) - Will move /volume32680/bucket78464/dir1 to /volume32680/bucket78464/dir1.renamed
]]></system-out>
  </testcase>
  <testcase name="testTempMount" classname="TestRootedOzoneFileSystemWithFSO" time="0">
    <skipped message="HDDS-2939"/>
  </testcase>
  <testcase name="testTempMount" classname="TestRootedOzoneFileSystemWithFSO" time="0">
    <skipped message="HDDS-2939"/>
  </testcase>
  <testcase name="testDeleteVolumeAndBucket" classname="TestRootedOzoneFileSystemWithFSO" time="1.475">
    <system-out><![CDATA[2023-09-25 17:56:36,665 [Time-limited test] INFO  rpc.RpcClient (RpcClient.java:createVolume(461)) - Creating Volume: volume28652, with user57556 as owner and space quota set to -1 bytes, counts quota set to -1
2023-09-25 17:56:36,672 [OM StateMachine ApplyTransaction Thread - 0] INFO  volume.OMVolumeCreateRequest (OMVolumeCreateRequest.java:validateAndUpdateCache(196)) - created volume:volume28652 for user:user57556
2023-09-25 17:56:36,681 [Time-limited test] INFO  rpc.RpcClient (RpcClient.java:createBucket(688)) - Creating Bucket: volume28652/bucket22649, with bucket layout FILE_SYSTEM_OPTIMIZED, runner as owner, Versioning false, Storage Type set to DISK and Encryption set to false, Replication Type set to server-side default replication type, Namespace Quota set to -1, Space Quota set to -1 
2023-09-25 17:56:36,685 [OM StateMachine ApplyTransaction Thread - 0] INFO  bucket.OMBucketCreateRequest (OMBucketCreateRequest.java:validateAndUpdateCache(270)) - created bucket: bucket22649 of layout FILE_SYSTEM_OPTIMIZED in volume: volume28652
17:56:36.700 [IPC Server handler 18 on default port 15004] ERROR OMAudit - user=runner | ip=127.0.0.1 | op=READ_BUCKET {volume=volume-78462, bucket=bucket3} | ret=FAILURE
org.apache.hadoop.ozone.om.exceptions.OMException: Volume not found when getting bucket info
	at org.apache.hadoop.ozone.om.BucketManagerImpl.getBucketInfo(BucketManagerImpl.java:81) ~[ozone-manager-1.4.0-SNAPSHOT.jar:?]
	at org.apache.hadoop.ozone.om.OzoneManager.getBucketInfo(OzoneManager.java:2795) ~[ozone-manager-1.4.0-SNAPSHOT.jar:?]
	at org.apache.hadoop.ozone.protocolPB.OzoneManagerRequestHandler.infoBucket(OzoneManagerRequestHandler.java:545) ~[ozone-manager-1.4.0-SNAPSHOT.jar:?]
	at org.apache.hadoop.ozone.protocolPB.OzoneManagerRequestHandler.handleReadRequest(OzoneManagerRequestHandler.java:200) ~[ozone-manager-1.4.0-SNAPSHOT.jar:?]
	at org.apache.hadoop.ozone.protocolPB.OzoneManagerProtocolServerSideTranslatorPB.submitReadRequestToOM(OzoneManagerProtocolServerSideTranslatorPB.java:225) ~[ozone-manager-1.4.0-SNAPSHOT.jar:?]
	at org.apache.hadoop.ozone.protocolPB.OzoneManagerProtocolServerSideTranslatorPB.processRequest(OzoneManagerProtocolServerSideTranslatorPB.java:179) ~[ozone-manager-1.4.0-SNAPSHOT.jar:?]
	at org.apache.hadoop.hdds.server.OzoneProtocolMessageDispatcher.processRequest(OzoneProtocolMessageDispatcher.java:87) [hdds-server-framework-1.4.0-SNAPSHOT.jar:?]
	at org.apache.hadoop.ozone.protocolPB.OzoneManagerProtocolServerSideTranslatorPB.submitRequest(OzoneManagerProtocolServerSideTranslatorPB.java:148) [ozone-manager-1.4.0-SNAPSHOT.jar:?]
	at org.apache.hadoop.ozone.protocol.proto.OzoneManagerProtocolProtos$OzoneManagerService$2.callBlockingMethod(OzoneManagerProtocolProtos.java) [ozone-interface-client-1.4.0-SNAPSHOT.jar:?]
	at org.apache.hadoop.ipc.ProtobufRpcEngine$Server.processCall(ProtobufRpcEngine.java:484) [hadoop-common-3.3.6.jar:?]
	at org.apache.hadoop.ipc.ProtobufRpcEngine2$Server$ProtoBufRpcInvoker.call(ProtobufRpcEngine2.java:595) [hadoop-common-3.3.6.jar:?]
	at org.apache.hadoop.ipc.ProtobufRpcEngine2$Server$ProtoBufRpcInvoker.call(ProtobufRpcEngine2.java:573) [hadoop-common-3.3.6.jar:?]
	at org.apache.hadoop.ipc.RPC$Server.call(RPC.java:1227) [hadoop-common-3.3.6.jar:?]
	at org.apache.hadoop.ipc.Server$RpcCall.run(Server.java:1094) [hadoop-common-3.3.6.jar:?]
	at org.apache.hadoop.ipc.Server$RpcCall.run(Server.java:1017) [hadoop-common-3.3.6.jar:?]
	at java.security.AccessController.doPrivileged(Native Method) ~[?:1.8.0_382]
	at javax.security.auth.Subject.doAs(Subject.java:422) [?:1.8.0_382]
	at org.apache.hadoop.security.UserGroupInformation.doAs(UserGroupInformation.java:1899) [hadoop-common-3.3.6.jar:?]
	at org.apache.hadoop.ipc.Server$Handler.run(Server.java:3048) [hadoop-common-3.3.6.jar:?]
2023-09-25 17:56:36,714 [Time-limited test] INFO  rpc.RpcClient (RpcClient.java:createVolume(461)) - Creating Volume: volume-78462, with runner as owner and space quota set to -1 bytes, counts quota set to -1
2023-09-25 17:56:36,719 [OM StateMachine ApplyTransaction Thread - 0] INFO  volume.OMVolumeCreateRequest (OMVolumeCreateRequest.java:validateAndUpdateCache(196)) - created volume:volume-78462 for user:runner
2023-09-25 17:56:36,724 [Time-limited test] INFO  rpc.RpcClient (RpcClient.java:createBucket(688)) - Creating Bucket: volume-78462/bucket3, with bucket layout FILE_SYSTEM_OPTIMIZED, runner as owner, Versioning false, Storage Type set to DISK and Encryption set to false, Replication Type set to server-side default replication type, Namespace Quota set to -1, Space Quota set to -1 
2023-09-25 17:56:36,729 [OM StateMachine ApplyTransaction Thread - 0] INFO  bucket.OMBucketCreateRequest (OMBucketCreateRequest.java:validateAndUpdateCache(270)) - created bucket: bucket3 of layout FILE_SYSTEM_OPTIMIZED in volume: volume-78462
2023-09-25 17:56:36,778 [IPC Server handler 1 on default port 15001] INFO  ha.SequenceIdGenerator (SequenceIdGenerator.java:getNextId(140)) - Allocate a batch for containerId, change lastId from 0 to 1000.
2023-09-25 17:56:36,792 [IPC Server handler 1 on default port 15001] WARN  ha.SequenceIdGenerator (SequenceIdGenerator.java:allocateBatch(253)) - Failed to allocate a batch for localId, expected lastId is 0, actual lastId is 111677748019200000.
2023-09-25 17:56:36,792 [IPC Server handler 1 on default port 15001] INFO  ha.SequenceIdGenerator (SequenceIdGenerator.java:getNextId(140)) - Allocate a batch for localId, change lastId from 111677748019200000 to 111677748019201000.
2023-09-25 17:56:36,868 [Time-limited test] INFO  impl.MetricsSystemImpl (MetricsSystemImpl.java:init(158)) - XceiverClientMetrics metrics system started (again)
2023-09-25 17:56:36,868 [Time-limited test] INFO  lib.Interns (Interns.java:removeEldestEntry(50)) - Metrics intern cache overflow at 2011 for MetricsSystem={MetricsSystem=MetricsInfoImpl{name=MetricsSystem, description=MetricsSystem}, MetricsSystem record=MetricsInfoImpl{name=MetricsSystem, description=MetricsSystem record}}
]]></system-out>
  </testcase>
  <testcase name="testDeleteVolumeAndBucket" classname="TestRootedOzoneFileSystemWithFSO" time="0.615">
    <system-out><![CDATA[2023-09-25 17:58:29,222 [Time-limited test] INFO  rpc.RpcClient (RpcClient.java:createVolume(461)) - Creating Volume: volume77076, with user12258 as owner and space quota set to -1 bytes, counts quota set to -1
2023-09-25 17:58:29,223 [IPC Server handler 14 on default port 15057] INFO  volume.OMVolumeCreateRequest (OMVolumeCreateRequest.java:validateAndUpdateCache(196)) - created volume:volume77076 for user:user12258
2023-09-25 17:58:29,226 [Time-limited test] INFO  rpc.RpcClient (RpcClient.java:createBucket(688)) - Creating Bucket: volume77076/bucket85431, with bucket layout FILE_SYSTEM_OPTIMIZED, runner as owner, Versioning false, Storage Type set to DISK and Encryption set to false, Replication Type set to server-side default replication type, Namespace Quota set to -1, Space Quota set to -1 
2023-09-25 17:58:29,227 [IPC Server handler 17 on default port 15057] INFO  bucket.OMBucketCreateRequest (OMBucketCreateRequest.java:validateAndUpdateCache(270)) - created bucket: bucket85431 of layout FILE_SYSTEM_OPTIMIZED in volume: volume77076
17:58:29.231 [IPC Server handler 19 on default port 15057] ERROR OMAudit - user=runner | ip=127.0.0.1 | op=READ_BUCKET {volume=volume-73833, bucket=bucket3} | ret=FAILURE
org.apache.hadoop.ozone.om.exceptions.OMException: Volume not found when getting bucket info
	at org.apache.hadoop.ozone.om.BucketManagerImpl.getBucketInfo(BucketManagerImpl.java:81) ~[ozone-manager-1.4.0-SNAPSHOT.jar:?]
	at org.apache.hadoop.ozone.om.OzoneManager.getBucketInfo(OzoneManager.java:2795) ~[ozone-manager-1.4.0-SNAPSHOT.jar:?]
	at org.apache.hadoop.ozone.protocolPB.OzoneManagerRequestHandler.infoBucket(OzoneManagerRequestHandler.java:545) ~[ozone-manager-1.4.0-SNAPSHOT.jar:?]
	at org.apache.hadoop.ozone.protocolPB.OzoneManagerRequestHandler.handleReadRequest(OzoneManagerRequestHandler.java:200) ~[ozone-manager-1.4.0-SNAPSHOT.jar:?]
	at org.apache.hadoop.ozone.protocolPB.OzoneManagerProtocolServerSideTranslatorPB.submitRequestDirectlyToOM(OzoneManagerProtocolServerSideTranslatorPB.java:274) ~[ozone-manager-1.4.0-SNAPSHOT.jar:?]
	at org.apache.hadoop.ozone.protocolPB.OzoneManagerProtocolServerSideTranslatorPB.processRequest(OzoneManagerProtocolServerSideTranslatorPB.java:175) ~[ozone-manager-1.4.0-SNAPSHOT.jar:?]
	at org.apache.hadoop.hdds.server.OzoneProtocolMessageDispatcher.processRequest(OzoneProtocolMessageDispatcher.java:87) [hdds-server-framework-1.4.0-SNAPSHOT.jar:?]
	at org.apache.hadoop.ozone.protocolPB.OzoneManagerProtocolServerSideTranslatorPB.submitRequest(OzoneManagerProtocolServerSideTranslatorPB.java:148) [ozone-manager-1.4.0-SNAPSHOT.jar:?]
	at org.apache.hadoop.ozone.protocol.proto.OzoneManagerProtocolProtos$OzoneManagerService$2.callBlockingMethod(OzoneManagerProtocolProtos.java) [ozone-interface-client-1.4.0-SNAPSHOT.jar:?]
	at org.apache.hadoop.ipc.ProtobufRpcEngine$Server.processCall(ProtobufRpcEngine.java:484) [hadoop-common-3.3.6.jar:?]
	at org.apache.hadoop.ipc.ProtobufRpcEngine2$Server$ProtoBufRpcInvoker.call(ProtobufRpcEngine2.java:595) [hadoop-common-3.3.6.jar:?]
	at org.apache.hadoop.ipc.ProtobufRpcEngine2$Server$ProtoBufRpcInvoker.call(ProtobufRpcEngine2.java:573) [hadoop-common-3.3.6.jar:?]
	at org.apache.hadoop.ipc.RPC$Server.call(RPC.java:1227) [hadoop-common-3.3.6.jar:?]
	at org.apache.hadoop.ipc.Server$RpcCall.run(Server.java:1094) [hadoop-common-3.3.6.jar:?]
	at org.apache.hadoop.ipc.Server$RpcCall.run(Server.java:1017) [hadoop-common-3.3.6.jar:?]
	at java.security.AccessController.doPrivileged(Native Method) ~[?:1.8.0_382]
	at javax.security.auth.Subject.doAs(Subject.java:422) [?:1.8.0_382]
	at org.apache.hadoop.security.UserGroupInformation.doAs(UserGroupInformation.java:1899) [hadoop-common-3.3.6.jar:?]
	at org.apache.hadoop.ipc.Server$Handler.run(Server.java:3048) [hadoop-common-3.3.6.jar:?]
2023-09-25 17:58:29,232 [Time-limited test] INFO  rpc.RpcClient (RpcClient.java:createVolume(461)) - Creating Volume: volume-73833, with runner as owner and space quota set to -1 bytes, counts quota set to -1
2023-09-25 17:58:29,235 [IPC Server handler 1 on default port 15057] INFO  volume.OMVolumeCreateRequest (OMVolumeCreateRequest.java:validateAndUpdateCache(196)) - created volume:volume-73833 for user:runner
2023-09-25 17:58:29,237 [Time-limited test] INFO  rpc.RpcClient (RpcClient.java:createBucket(688)) - Creating Bucket: volume-73833/bucket3, with bucket layout FILE_SYSTEM_OPTIMIZED, runner as owner, Versioning false, Storage Type set to DISK and Encryption set to false, Replication Type set to server-side default replication type, Namespace Quota set to -1, Space Quota set to -1 
2023-09-25 17:58:29,237 [IPC Server handler 2 on default port 15057] INFO  bucket.OMBucketCreateRequest (OMBucketCreateRequest.java:validateAndUpdateCache(270)) - created bucket: bucket3 of layout FILE_SYSTEM_OPTIMIZED in volume: volume-73833
2023-09-25 17:58:29,261 [a644417b-dd47-4d87-a60a-40004e0b267c@group-EC2A289280FE-FollowerState] INFO  impl.FollowerState (FollowerState.java:run(143)) - a644417b-dd47-4d87-a60a-40004e0b267c@group-EC2A289280FE-FollowerState: change to CANDIDATE, lastRpcElapsedTime:5130021942ns, electionTimeout:5114ms
2023-09-25 17:58:29,261 [a644417b-dd47-4d87-a60a-40004e0b267c@group-EC2A289280FE-FollowerState] INFO  impl.RoleInfo (RoleInfo.java:shutdownFollowerState(110)) - a644417b-dd47-4d87-a60a-40004e0b267c: shutdown a644417b-dd47-4d87-a60a-40004e0b267c@group-EC2A289280FE-FollowerState
2023-09-25 17:58:29,261 [a644417b-dd47-4d87-a60a-40004e0b267c@group-EC2A289280FE-FollowerState] INFO  server.RaftServer$Division (RaftServerImpl.java:setRole(329)) - a644417b-dd47-4d87-a60a-40004e0b267c@group-EC2A289280FE: changes role from  FOLLOWER to CANDIDATE at term 0 for changeToCandidate
2023-09-25 17:58:29,262 [a644417b-dd47-4d87-a60a-40004e0b267c@group-EC2A289280FE-FollowerState] INFO  server.RaftServerConfigKeys (ConfUtils.java:logGet(46)) - raft.server.leaderelection.pre-vote = true (default)
2023-09-25 17:58:29,262 [a644417b-dd47-4d87-a60a-40004e0b267c@group-EC2A289280FE-FollowerState] INFO  impl.RoleInfo (RoleInfo.java:updateAndGet(139)) - a644417b-dd47-4d87-a60a-40004e0b267c: start a644417b-dd47-4d87-a60a-40004e0b267c@group-EC2A289280FE-LeaderElection16
2023-09-25 17:58:29,269 [IPC Server handler 0 on default port 15054] INFO  ha.SequenceIdGenerator (SequenceIdGenerator.java:getNextId(140)) - Allocate a batch for containerId, change lastId from 0 to 1000.
2023-09-25 17:58:29,274 [IPC Server handler 0 on default port 15054] WARN  ha.SequenceIdGenerator (SequenceIdGenerator.java:allocateBatch(253)) - Failed to allocate a batch for localId, expected lastId is 0, actual lastId is 111677748019200000.
2023-09-25 17:58:29,275 [IPC Server handler 0 on default port 15054] INFO  ha.SequenceIdGenerator (SequenceIdGenerator.java:getNextId(140)) - Allocate a batch for localId, change lastId from 111677748019200000 to 111677748019201000.
2023-09-25 17:58:29,276 [a644417b-dd47-4d87-a60a-40004e0b267c@group-EC2A289280FE-LeaderElection16] INFO  impl.LeaderElection (LeaderElection.java:askForVotes(321)) - a644417b-dd47-4d87-a60a-40004e0b267c@group-EC2A289280FE-LeaderElection16 PRE_VOTE round 0: submit vote requests at term 0 for -1: peers:[a644417b-dd47-4d87-a60a-40004e0b267c|rpc:10.1.0.144:15076|admin:10.1.0.144:15075|client:10.1.0.144:15074|dataStream:10.1.0.144:15077|priority:1|startupRole:FOLLOWER]|listeners:[], old=null
2023-09-25 17:58:29,276 [a644417b-dd47-4d87-a60a-40004e0b267c@group-EC2A289280FE-LeaderElection16] INFO  impl.LeaderElection (LeaderElection.java:askForVotes(323)) - a644417b-dd47-4d87-a60a-40004e0b267c@group-EC2A289280FE-LeaderElection16 PRE_VOTE round 0: result PASSED (term=0)
2023-09-25 17:58:29,290 [a644417b-dd47-4d87-a60a-40004e0b267c@group-EC2A289280FE-LeaderElection16] INFO  impl.LeaderElection (LeaderElection.java:askForVotes(321)) - a644417b-dd47-4d87-a60a-40004e0b267c@group-EC2A289280FE-LeaderElection16 ELECTION round 0: submit vote requests at term 1 for -1: peers:[a644417b-dd47-4d87-a60a-40004e0b267c|rpc:10.1.0.144:15076|admin:10.1.0.144:15075|client:10.1.0.144:15074|dataStream:10.1.0.144:15077|priority:1|startupRole:FOLLOWER]|listeners:[], old=null
2023-09-25 17:58:29,290 [a644417b-dd47-4d87-a60a-40004e0b267c@group-EC2A289280FE-LeaderElection16] INFO  impl.LeaderElection (LeaderElection.java:askForVotes(323)) - a644417b-dd47-4d87-a60a-40004e0b267c@group-EC2A289280FE-LeaderElection16 ELECTION round 0: result PASSED (term=1)
2023-09-25 17:58:29,290 [a644417b-dd47-4d87-a60a-40004e0b267c@group-EC2A289280FE-LeaderElection16] INFO  impl.RoleInfo (RoleInfo.java:shutdownLeaderElection(130)) - a644417b-dd47-4d87-a60a-40004e0b267c: shutdown a644417b-dd47-4d87-a60a-40004e0b267c@group-EC2A289280FE-LeaderElection16
2023-09-25 17:58:29,290 [a644417b-dd47-4d87-a60a-40004e0b267c@group-EC2A289280FE-LeaderElection16] INFO  server.RaftServer$Division (RaftServerImpl.java:setRole(329)) - a644417b-dd47-4d87-a60a-40004e0b267c@group-EC2A289280FE: changes role from CANDIDATE to LEADER at term 1 for changeToLeader
2023-09-25 17:58:29,290 [a644417b-dd47-4d87-a60a-40004e0b267c@group-EC2A289280FE-LeaderElection16] INFO  ratis.XceiverServerRatis (XceiverServerRatis.java:handleLeaderChangedNotification(902)) - Leader change notification received for group: group-EC2A289280FE with new leaderId: a644417b-dd47-4d87-a60a-40004e0b267c
2023-09-25 17:58:29,291 [a644417b-dd47-4d87-a60a-40004e0b267c@group-EC2A289280FE-LeaderElection16] INFO  server.RaftServer$Division (ServerState.java:setLeader(317)) - a644417b-dd47-4d87-a60a-40004e0b267c@group-EC2A289280FE: change Leader from null to a644417b-dd47-4d87-a60a-40004e0b267c at term 1 for becomeLeader, leader elected after 5291ms
2023-09-25 17:58:29,292 [a644417b-dd47-4d87-a60a-40004e0b267c@group-EC2A289280FE-LeaderElection16] INFO  server.RaftServerConfigKeys (ConfUtils.java:logGet(46)) - raft.server.staging.catchup.gap = 1000 (default)
2023-09-25 17:58:29,293 [a644417b-dd47-4d87-a60a-40004e0b267c@group-EC2A289280FE-LeaderElection16] INFO  server.RaftServerConfigKeys (ConfUtils.java:logGet(46)) - raft.server.write.element-limit = 1024 (custom)
2023-09-25 17:58:29,293 [a644417b-dd47-4d87-a60a-40004e0b267c@group-EC2A289280FE-LeaderElection16] INFO  server.RaftServerConfigKeys (ConfUtils.java:logGet(46)) - raft.server.write.byte-limit = 1024 M (=1073741824) (custom)
2023-09-25 17:58:29,293 [a644417b-dd47-4d87-a60a-40004e0b267c@group-EC2A289280FE-LeaderElection16] INFO  server.RaftServerConfigKeys (ConfUtils.java:logGet(46)) - raft.server.watch.timeout = 180s (custom)
2023-09-25 17:58:29,298 [a644417b-dd47-4d87-a60a-40004e0b267c@group-EC2A289280FE-LeaderElection16] INFO  server.RaftServerConfigKeys (ConfUtils.java:logGet(46)) - raft.server.watch.timeout.denomination = 1s (default)
2023-09-25 17:58:29,298 [a644417b-dd47-4d87-a60a-40004e0b267c@group-EC2A289280FE-LeaderElection16] INFO  server.RaftServerConfigKeys (ConfUtils.java:logGet(46)) - raft.server.watch.element-limit = 65536 (default)
2023-09-25 17:58:29,298 [a644417b-dd47-4d87-a60a-40004e0b267c@group-EC2A289280FE-LeaderElection16] INFO  server.RaftServerConfigKeys (ConfUtils.java:logGet(46)) - raft.server.write.element-limit = 1024 (custom)
2023-09-25 17:58:29,298 [a644417b-dd47-4d87-a60a-40004e0b267c@group-EC2A289280FE-LeaderElection16] INFO  server.RaftServerConfigKeys (ConfUtils.java:logGet(46)) - raft.server.write.follower.gap.ratio.max = -1.0 (default)
2023-09-25 17:58:29,298 [a644417b-dd47-4d87-a60a-40004e0b267c@group-EC2A289280FE-LeaderElection16] INFO  impl.RoleInfo (RoleInfo.java:updateAndGet(139)) - a644417b-dd47-4d87-a60a-40004e0b267c: start a644417b-dd47-4d87-a60a-40004e0b267c@group-EC2A289280FE-LeaderStateImpl
2023-09-25 17:58:29,303 [a644417b-dd47-4d87-a60a-40004e0b267c@group-EC2A289280FE-LeaderElection16] INFO  segmented.SegmentedRaftLogWorker (SegmentedRaftLogWorker.java:startLogSegment(447)) - a644417b-dd47-4d87-a60a-40004e0b267c@group-EC2A289280FE-SegmentedRaftLogWorker: Starting segment from index:0
2023-09-25 17:58:29,305 [a644417b-dd47-4d87-a60a-40004e0b267c@group-EC2A289280FE-SegmentedRaftLogWorker] INFO  segmented.SegmentedRaftLogWorker (SegmentedRaftLogWorker.java:execute(651)) - a644417b-dd47-4d87-a60a-40004e0b267c@group-EC2A289280FE-SegmentedRaftLogWorker: created new log segment /home/runner/work/ozone/ozone/hadoop-ozone/integration-test/target/test-dir/MiniOzoneClusterImpl-943d6ebb-9f51-4477-b660-6e407d8e3762/datanode-1/data/ratis/bdeb7767-0024-4ab0-922f-ec2a289280fe/current/log_inprogress_0
2023-09-25 17:58:29,322 [a644417b-dd47-4d87-a60a-40004e0b267c@group-EC2A289280FE-LeaderElection16] INFO  server.RaftServer$Division (ServerState.java:setRaftConf(434)) - a644417b-dd47-4d87-a60a-40004e0b267c@group-EC2A289280FE: set configuration 0: peers:[a644417b-dd47-4d87-a60a-40004e0b267c|rpc:10.1.0.144:15076|admin:10.1.0.144:15075|client:10.1.0.144:15074|dataStream:10.1.0.144:15077|priority:1|startupRole:FOLLOWER]|listeners:[], old=null
2023-09-25 17:58:29,450 [8558cc9e-2498-48a0-8a6c-35e11e299077@group-F8EC447A9252-FollowerState] INFO  impl.FollowerState (FollowerState.java:run(143)) - 8558cc9e-2498-48a0-8a6c-35e11e299077@group-F8EC447A9252-FollowerState: change to CANDIDATE, lastRpcElapsedTime:5110463581ns, electionTimeout:5109ms
2023-09-25 17:58:29,450 [8558cc9e-2498-48a0-8a6c-35e11e299077@group-F8EC447A9252-FollowerState] INFO  impl.RoleInfo (RoleInfo.java:shutdownFollowerState(110)) - 8558cc9e-2498-48a0-8a6c-35e11e299077: shutdown 8558cc9e-2498-48a0-8a6c-35e11e299077@group-F8EC447A9252-FollowerState
2023-09-25 17:58:29,451 [8558cc9e-2498-48a0-8a6c-35e11e299077@group-F8EC447A9252-FollowerState] INFO  server.RaftServer$Division (RaftServerImpl.java:setRole(329)) - 8558cc9e-2498-48a0-8a6c-35e11e299077@group-F8EC447A9252: changes role from  FOLLOWER to CANDIDATE at term 0 for changeToCandidate
2023-09-25 17:58:29,451 [8558cc9e-2498-48a0-8a6c-35e11e299077@group-F8EC447A9252-FollowerState] INFO  server.RaftServerConfigKeys (ConfUtils.java:logGet(46)) - raft.server.leaderelection.pre-vote = true (default)
2023-09-25 17:58:29,451 [8558cc9e-2498-48a0-8a6c-35e11e299077@group-F8EC447A9252-FollowerState] INFO  impl.RoleInfo (RoleInfo.java:updateAndGet(139)) - 8558cc9e-2498-48a0-8a6c-35e11e299077: start 8558cc9e-2498-48a0-8a6c-35e11e299077@group-F8EC447A9252-LeaderElection17
2023-09-25 17:58:29,463 [8558cc9e-2498-48a0-8a6c-35e11e299077@group-F8EC447A9252-LeaderElection17] INFO  impl.LeaderElection (LeaderElection.java:askForVotes(321)) - 8558cc9e-2498-48a0-8a6c-35e11e299077@group-F8EC447A9252-LeaderElection17 PRE_VOTE round 0: submit vote requests at term 0 for -1: peers:[8558cc9e-2498-48a0-8a6c-35e11e299077|rpc:10.1.0.144:15085|admin:10.1.0.144:15084|client:10.1.0.144:15083|dataStream:10.1.0.144:15086|priority:1|startupRole:FOLLOWER]|listeners:[], old=null
2023-09-25 17:58:29,463 [8558cc9e-2498-48a0-8a6c-35e11e299077@group-F8EC447A9252-LeaderElection17] INFO  impl.LeaderElection (LeaderElection.java:askForVotes(323)) - 8558cc9e-2498-48a0-8a6c-35e11e299077@group-F8EC447A9252-LeaderElection17 PRE_VOTE round 0: result PASSED (term=0)
2023-09-25 17:58:29,465 [8558cc9e-2498-48a0-8a6c-35e11e299077@group-F8EC447A9252-LeaderElection17] INFO  impl.LeaderElection (LeaderElection.java:askForVotes(321)) - 8558cc9e-2498-48a0-8a6c-35e11e299077@group-F8EC447A9252-LeaderElection17 ELECTION round 0: submit vote requests at term 1 for -1: peers:[8558cc9e-2498-48a0-8a6c-35e11e299077|rpc:10.1.0.144:15085|admin:10.1.0.144:15084|client:10.1.0.144:15083|dataStream:10.1.0.144:15086|priority:1|startupRole:FOLLOWER]|listeners:[], old=null
2023-09-25 17:58:29,465 [8558cc9e-2498-48a0-8a6c-35e11e299077@group-F8EC447A9252-LeaderElection17] INFO  impl.LeaderElection (LeaderElection.java:askForVotes(323)) - 8558cc9e-2498-48a0-8a6c-35e11e299077@group-F8EC447A9252-LeaderElection17 ELECTION round 0: result PASSED (term=1)
2023-09-25 17:58:29,465 [8558cc9e-2498-48a0-8a6c-35e11e299077@group-F8EC447A9252-LeaderElection17] INFO  impl.RoleInfo (RoleInfo.java:shutdownLeaderElection(130)) - 8558cc9e-2498-48a0-8a6c-35e11e299077: shutdown 8558cc9e-2498-48a0-8a6c-35e11e299077@group-F8EC447A9252-LeaderElection17
2023-09-25 17:58:29,465 [8558cc9e-2498-48a0-8a6c-35e11e299077@group-F8EC447A9252-LeaderElection17] INFO  server.RaftServer$Division (RaftServerImpl.java:setRole(329)) - 8558cc9e-2498-48a0-8a6c-35e11e299077@group-F8EC447A9252: changes role from CANDIDATE to LEADER at term 1 for changeToLeader
2023-09-25 17:58:29,465 [8558cc9e-2498-48a0-8a6c-35e11e299077@group-F8EC447A9252-LeaderElection17] INFO  ratis.XceiverServerRatis (XceiverServerRatis.java:handleLeaderChangedNotification(902)) - Leader change notification received for group: group-F8EC447A9252 with new leaderId: 8558cc9e-2498-48a0-8a6c-35e11e299077
2023-09-25 17:58:29,466 [8558cc9e-2498-48a0-8a6c-35e11e299077@group-F8EC447A9252-LeaderElection17] INFO  server.RaftServer$Division (ServerState.java:setLeader(317)) - 8558cc9e-2498-48a0-8a6c-35e11e299077@group-F8EC447A9252: change Leader from null to 8558cc9e-2498-48a0-8a6c-35e11e299077 at term 1 for becomeLeader, leader elected after 5143ms
2023-09-25 17:58:29,466 [8558cc9e-2498-48a0-8a6c-35e11e299077@group-F8EC447A9252-LeaderElection17] INFO  server.RaftServerConfigKeys (ConfUtils.java:logGet(46)) - raft.server.staging.catchup.gap = 1000 (default)
2023-09-25 17:58:29,467 [8558cc9e-2498-48a0-8a6c-35e11e299077@group-F8EC447A9252-LeaderElection17] INFO  server.RaftServerConfigKeys (ConfUtils.java:logGet(46)) - raft.server.write.element-limit = 1024 (custom)
2023-09-25 17:58:29,477 [8558cc9e-2498-48a0-8a6c-35e11e299077@group-F8EC447A9252-LeaderElection17] INFO  server.RaftServerConfigKeys (ConfUtils.java:logGet(46)) - raft.server.write.byte-limit = 1024 M (=1073741824) (custom)
2023-09-25 17:58:29,477 [8558cc9e-2498-48a0-8a6c-35e11e299077@group-F8EC447A9252-LeaderElection17] INFO  server.RaftServerConfigKeys (ConfUtils.java:logGet(46)) - raft.server.watch.timeout = 180s (custom)
2023-09-25 17:58:29,477 [8558cc9e-2498-48a0-8a6c-35e11e299077@group-F8EC447A9252-LeaderElection17] INFO  server.RaftServerConfigKeys (ConfUtils.java:logGet(46)) - raft.server.watch.timeout.denomination = 1s (default)
2023-09-25 17:58:29,477 [8558cc9e-2498-48a0-8a6c-35e11e299077@group-F8EC447A9252-LeaderElection17] INFO  server.RaftServerConfigKeys (ConfUtils.java:logGet(46)) - raft.server.watch.element-limit = 65536 (default)
2023-09-25 17:58:29,477 [8558cc9e-2498-48a0-8a6c-35e11e299077@group-F8EC447A9252-LeaderElection17] INFO  server.RaftServerConfigKeys (ConfUtils.java:logGet(46)) - raft.server.write.element-limit = 1024 (custom)
2023-09-25 17:58:29,478 [8558cc9e-2498-48a0-8a6c-35e11e299077@group-F8EC447A9252-LeaderElection17] INFO  server.RaftServerConfigKeys (ConfUtils.java:logGet(46)) - raft.server.write.follower.gap.ratio.max = -1.0 (default)
2023-09-25 17:58:29,478 [8558cc9e-2498-48a0-8a6c-35e11e299077@group-F8EC447A9252-LeaderElection17] INFO  impl.RoleInfo (RoleInfo.java:updateAndGet(139)) - 8558cc9e-2498-48a0-8a6c-35e11e299077: start 8558cc9e-2498-48a0-8a6c-35e11e299077@group-F8EC447A9252-LeaderStateImpl
2023-09-25 17:58:29,478 [8558cc9e-2498-48a0-8a6c-35e11e299077@group-F8EC447A9252-LeaderElection17] INFO  segmented.SegmentedRaftLogWorker (SegmentedRaftLogWorker.java:startLogSegment(447)) - 8558cc9e-2498-48a0-8a6c-35e11e299077@group-F8EC447A9252-SegmentedRaftLogWorker: Starting segment from index:0
2023-09-25 17:58:29,479 [8558cc9e-2498-48a0-8a6c-35e11e299077@group-F8EC447A9252-LeaderElection17] INFO  server.RaftServer$Division (ServerState.java:setRaftConf(434)) - 8558cc9e-2498-48a0-8a6c-35e11e299077@group-F8EC447A9252: set configuration 0: peers:[8558cc9e-2498-48a0-8a6c-35e11e299077|rpc:10.1.0.144:15085|admin:10.1.0.144:15084|client:10.1.0.144:15083|dataStream:10.1.0.144:15086|priority:1|startupRole:FOLLOWER]|listeners:[], old=null
2023-09-25 17:58:29,480 [8558cc9e-2498-48a0-8a6c-35e11e299077@group-F8EC447A9252-SegmentedRaftLogWorker] INFO  segmented.SegmentedRaftLogWorker (SegmentedRaftLogWorker.java:execute(651)) - 8558cc9e-2498-48a0-8a6c-35e11e299077@group-F8EC447A9252-SegmentedRaftLogWorker: created new log segment /home/runner/work/ozone/ozone/hadoop-ozone/integration-test/target/test-dir/MiniOzoneClusterImpl-943d6ebb-9f51-4477-b660-6e407d8e3762/datanode-2/data/ratis/e260415f-81f3-4941-b368-f8ec447a9252/current/log_inprogress_0
]]></system-out>
  </testcase>
  <testcase name="testRenameDirToItsOwnSubDir" classname="TestRootedOzoneFileSystemWithFSO" time="0.091">
    <system-out><![CDATA[2023-09-25 17:56:38,136 [Time-limited test] INFO  rpc.RpcClient (RpcClient.java:createVolume(461)) - Creating Volume: volume54828, with user12432 as owner and space quota set to -1 bytes, counts quota set to -1
2023-09-25 17:56:38,145 [OM StateMachine ApplyTransaction Thread - 0] INFO  volume.OMVolumeCreateRequest (OMVolumeCreateRequest.java:validateAndUpdateCache(196)) - created volume:volume54828 for user:user12432
2023-09-25 17:56:38,147 [Time-limited test] INFO  rpc.RpcClient (RpcClient.java:createBucket(688)) - Creating Bucket: volume54828/bucket58190, with bucket layout FILE_SYSTEM_OPTIMIZED, runner as owner, Versioning false, Storage Type set to DISK and Encryption set to false, Replication Type set to server-side default replication type, Namespace Quota set to -1, Space Quota set to -1 
2023-09-25 17:56:38,151 [OM StateMachine ApplyTransaction Thread - 0] INFO  bucket.OMBucketCreateRequest (OMBucketCreateRequest.java:validateAndUpdateCache(270)) - created bucket: bucket58190 of layout FILE_SYSTEM_OPTIMIZED in volume: volume54828
2023-09-25 17:56:38,159 [Time-limited test] INFO  ozone.TestRootedOzoneFileSystemWithFSO (TestRootedOzoneFileSystemWithFSO.java:testRenameDirToItsOwnSubDir(193)) - Created dir1 /volume54828/bucket58190/root/dir1/sub_dir1
2023-09-25 17:56:38,159 [Time-limited test] INFO  ozone.TestRootedOzoneFileSystemWithFSO (TestRootedOzoneFileSystemWithFSO.java:testRenameDirToItsOwnSubDir(194)) - Rename op-> source:/volume54828/bucket58190/root to destin:/volume54828/bucket58190/root/dir1/sub_dir1
17:56:38.166 [OM StateMachine ApplyTransaction Thread - 0] ERROR OMAudit - user=runner | ip=127.0.0.1 | op=RENAME_KEY {volume=volume54828, bucket=bucket58190, dataSize=0, replicationType=NONE, replicationFactor=ZERO, srcKey=root, dstKey=root/dir1/sub_dir1} | ret=FAILURE
org.apache.hadoop.ozone.om.exceptions.OMException: Cannot rename a directory to its own subdirectory
	at org.apache.hadoop.ozone.om.request.file.OMFileRequest.verifyToDirIsASubDirOfFromDirectory(OMFileRequest.java:783) ~[ozone-manager-1.4.0-SNAPSHOT.jar:?]
	at org.apache.hadoop.ozone.om.request.key.OMKeyRenameRequestWithFSO.validateAndUpdateCache(OMKeyRenameRequestWithFSO.java:159) ~[ozone-manager-1.4.0-SNAPSHOT.jar:?]
	at org.apache.hadoop.ozone.protocolPB.OzoneManagerRequestHandler.handleWriteRequest(OzoneManagerRequestHandler.java:373) ~[ozone-manager-1.4.0-SNAPSHOT.jar:?]
	at org.apache.hadoop.ozone.om.ratis.OzoneManagerStateMachine.runCommand(OzoneManagerStateMachine.java:568) ~[ozone-manager-1.4.0-SNAPSHOT.jar:?]
	at org.apache.hadoop.ozone.om.ratis.OzoneManagerStateMachine.lambda$1(OzoneManagerStateMachine.java:359) ~[ozone-manager-1.4.0-SNAPSHOT.jar:?]
	at java.util.concurrent.CompletableFuture$AsyncSupply.run(CompletableFuture.java:1604) [?:1.8.0_382]
	at java.util.concurrent.ThreadPoolExecutor.runWorker(ThreadPoolExecutor.java:1149) [?:1.8.0_382]
	at java.util.concurrent.ThreadPoolExecutor$Worker.run(ThreadPoolExecutor.java:624) [?:1.8.0_382]
	at java.lang.Thread.run(Thread.java:750) [?:1.8.0_382]
2023-09-25 17:56:38,167 [OM StateMachine ApplyTransaction Thread - 0] ERROR key.OMKeyRenameRequestWithFSO (OMKeyRenameRequestWithFSO.java:validateAndUpdateCache(250)) - Rename key failed for volume:volume54828 bucket:bucket58190 fromKey:root toKey:root/dir1/sub_dir1. Exception: Cannot rename a directory to its own subdirectory.
2023-09-25 17:56:38,168 [Time-limited test] ERROR ozone.BasicRootedOzoneFileSystem (BasicRootedOzoneFileSystem.java:renameFSO(486)) - rename key failed: Cannot rename a directory to its own subdirectory. source:volume54828/bucket58190/root, destin:volume54828/bucket58190/root/dir1/sub_dir1
]]></system-out>
  </testcase>
  <testcase name="testRenameDirToItsOwnSubDir" classname="TestRootedOzoneFileSystemWithFSO" time="0.041">
    <system-out><![CDATA[2023-09-25 17:58:29,836 [Time-limited test] INFO  rpc.RpcClient (RpcClient.java:createVolume(461)) - Creating Volume: volume02467, with user14197 as owner and space quota set to -1 bytes, counts quota set to -1
2023-09-25 17:58:29,838 [IPC Server handler 4 on default port 15057] INFO  volume.OMVolumeCreateRequest (OMVolumeCreateRequest.java:validateAndUpdateCache(196)) - created volume:volume02467 for user:user14197
2023-09-25 17:58:29,840 [Time-limited test] INFO  rpc.RpcClient (RpcClient.java:createBucket(688)) - Creating Bucket: volume02467/bucket24144, with bucket layout FILE_SYSTEM_OPTIMIZED, runner as owner, Versioning false, Storage Type set to DISK and Encryption set to false, Replication Type set to server-side default replication type, Namespace Quota set to -1, Space Quota set to -1 
2023-09-25 17:58:29,840 [IPC Server handler 3 on default port 15057] INFO  bucket.OMBucketCreateRequest (OMBucketCreateRequest.java:validateAndUpdateCache(270)) - created bucket: bucket24144 of layout FILE_SYSTEM_OPTIMIZED in volume: volume02467
2023-09-25 17:58:29,844 [Time-limited test] INFO  ozone.TestRootedOzoneFileSystemWithFSO (TestRootedOzoneFileSystemWithFSO.java:testRenameDirToItsOwnSubDir(193)) - Created dir1 /volume02467/bucket24144/root/dir1/sub_dir1
2023-09-25 17:58:29,844 [Time-limited test] INFO  ozone.TestRootedOzoneFileSystemWithFSO (TestRootedOzoneFileSystemWithFSO.java:testRenameDirToItsOwnSubDir(194)) - Rename op-> source:/volume02467/bucket24144/root to destin:/volume02467/bucket24144/root/dir1/sub_dir1
17:58:29.846 [IPC Server handler 7 on default port 15057] ERROR OMAudit - user=runner | ip=127.0.0.1 | op=RENAME_KEY {volume=volume02467, bucket=bucket24144, dataSize=0, replicationType=NONE, replicationFactor=ZERO, srcKey=root, dstKey=root/dir1/sub_dir1} | ret=FAILURE
org.apache.hadoop.ozone.om.exceptions.OMException: Cannot rename a directory to its own subdirectory
	at org.apache.hadoop.ozone.om.request.file.OMFileRequest.verifyToDirIsASubDirOfFromDirectory(OMFileRequest.java:783) ~[ozone-manager-1.4.0-SNAPSHOT.jar:?]
	at org.apache.hadoop.ozone.om.request.key.OMKeyRenameRequestWithFSO.validateAndUpdateCache(OMKeyRenameRequestWithFSO.java:159) ~[ozone-manager-1.4.0-SNAPSHOT.jar:?]
	at org.apache.hadoop.ozone.protocolPB.OzoneManagerRequestHandler.handleWriteRequest(OzoneManagerRequestHandler.java:373) ~[ozone-manager-1.4.0-SNAPSHOT.jar:?]
	at org.apache.hadoop.ozone.protocolPB.OzoneManagerProtocolServerSideTranslatorPB.submitRequestDirectlyToOM(OzoneManagerProtocolServerSideTranslatorPB.java:280) ~[ozone-manager-1.4.0-SNAPSHOT.jar:?]
	at org.apache.hadoop.ozone.protocolPB.OzoneManagerProtocolServerSideTranslatorPB.processRequest(OzoneManagerProtocolServerSideTranslatorPB.java:175) ~[ozone-manager-1.4.0-SNAPSHOT.jar:?]
	at org.apache.hadoop.hdds.server.OzoneProtocolMessageDispatcher.processRequest(OzoneProtocolMessageDispatcher.java:87) [hdds-server-framework-1.4.0-SNAPSHOT.jar:?]
	at org.apache.hadoop.ozone.protocolPB.OzoneManagerProtocolServerSideTranslatorPB.submitRequest(OzoneManagerProtocolServerSideTranslatorPB.java:148) [ozone-manager-1.4.0-SNAPSHOT.jar:?]
	at org.apache.hadoop.ozone.protocol.proto.OzoneManagerProtocolProtos$OzoneManagerService$2.callBlockingMethod(OzoneManagerProtocolProtos.java) [ozone-interface-client-1.4.0-SNAPSHOT.jar:?]
	at org.apache.hadoop.ipc.ProtobufRpcEngine$Server.processCall(ProtobufRpcEngine.java:484) [hadoop-common-3.3.6.jar:?]
	at org.apache.hadoop.ipc.ProtobufRpcEngine2$Server$ProtoBufRpcInvoker.call(ProtobufRpcEngine2.java:595) [hadoop-common-3.3.6.jar:?]
	at org.apache.hadoop.ipc.ProtobufRpcEngine2$Server$ProtoBufRpcInvoker.call(ProtobufRpcEngine2.java:573) [hadoop-common-3.3.6.jar:?]
	at org.apache.hadoop.ipc.RPC$Server.call(RPC.java:1227) [hadoop-common-3.3.6.jar:?]
	at org.apache.hadoop.ipc.Server$RpcCall.run(Server.java:1094) [hadoop-common-3.3.6.jar:?]
	at org.apache.hadoop.ipc.Server$RpcCall.run(Server.java:1017) [hadoop-common-3.3.6.jar:?]
	at java.security.AccessController.doPrivileged(Native Method) ~[?:1.8.0_382]
	at javax.security.auth.Subject.doAs(Subject.java:422) [?:1.8.0_382]
	at org.apache.hadoop.security.UserGroupInformation.doAs(UserGroupInformation.java:1899) [hadoop-common-3.3.6.jar:?]
	at org.apache.hadoop.ipc.Server$Handler.run(Server.java:3048) [hadoop-common-3.3.6.jar:?]
2023-09-25 17:58:29,846 [IPC Server handler 7 on default port 15057] ERROR key.OMKeyRenameRequestWithFSO (OMKeyRenameRequestWithFSO.java:validateAndUpdateCache(250)) - Rename key failed for volume:volume02467 bucket:bucket24144 fromKey:root toKey:root/dir1/sub_dir1. Exception: Cannot rename a directory to its own subdirectory.
2023-09-25 17:58:29,847 [Time-limited test] ERROR ozone.BasicRootedOzoneFileSystem (BasicRootedOzoneFileSystem.java:renameFSO(486)) - rename key failed: Cannot rename a directory to its own subdirectory. source:volume02467/bucket24144/root, destin:volume02467/bucket24144/root/dir1/sub_dir1
]]></system-out>
  </testcase>
  <testcase name="testKeyRenameToBucketLevel" classname="TestRootedOzoneFileSystemWithFSO" time="0.113">
    <system-out><![CDATA[2023-09-25 17:56:38,234 [Time-limited test] INFO  rpc.RpcClient (RpcClient.java:createVolume(461)) - Creating Volume: volume72163, with user51180 as owner and space quota set to -1 bytes, counts quota set to -1
2023-09-25 17:56:38,241 [OM StateMachine ApplyTransaction Thread - 0] INFO  volume.OMVolumeCreateRequest (OMVolumeCreateRequest.java:validateAndUpdateCache(196)) - created volume:volume72163 for user:user51180
2023-09-25 17:56:38,246 [Time-limited test] INFO  rpc.RpcClient (RpcClient.java:createBucket(688)) - Creating Bucket: volume72163/bucket06819, with bucket layout FILE_SYSTEM_OPTIMIZED, runner as owner, Versioning false, Storage Type set to DISK and Encryption set to false, Replication Type set to server-side default replication type, Namespace Quota set to -1, Space Quota set to -1 
2023-09-25 17:56:38,249 [OM StateMachine ApplyTransaction Thread - 0] INFO  bucket.OMBucketCreateRequest (OMBucketCreateRequest.java:validateAndUpdateCache(270)) - created bucket: bucket06819 of layout FILE_SYSTEM_OPTIMIZED in volume: volume72163
2023-09-25 17:56:38,260 [Time-limited test] INFO  ozone.TestRootedOzoneFileSystemWithFSO (TestRootedOzoneFileSystemWithFSO.java:testKeyRenameToBucketLevel(152)) - Will move /volume72163/bucket06819/dir1/key1 to /volume72163/bucket06819
17:56:38.315 [IPC Server handler 9 on default port 15004] ERROR OMAudit - user=runner | ip=127.0.0.1 | op=READ_BUCKET {volume=volume72163, bucket=bucket06819} | ret=FAILURE
org.apache.hadoop.ozone.om.exceptions.OMException: Bucket not found
	at org.apache.hadoop.ozone.om.BucketManagerImpl.getBucketInfo(BucketManagerImpl.java:85) ~[ozone-manager-1.4.0-SNAPSHOT.jar:?]
	at org.apache.hadoop.ozone.om.OzoneManager.getBucketInfo(OzoneManager.java:2795) ~[ozone-manager-1.4.0-SNAPSHOT.jar:?]
	at org.apache.hadoop.ozone.protocolPB.OzoneManagerRequestHandler.infoBucket(OzoneManagerRequestHandler.java:545) ~[ozone-manager-1.4.0-SNAPSHOT.jar:?]
	at org.apache.hadoop.ozone.protocolPB.OzoneManagerRequestHandler.handleReadRequest(OzoneManagerRequestHandler.java:200) ~[ozone-manager-1.4.0-SNAPSHOT.jar:?]
	at org.apache.hadoop.ozone.protocolPB.OzoneManagerProtocolServerSideTranslatorPB.submitReadRequestToOM(OzoneManagerProtocolServerSideTranslatorPB.java:225) ~[ozone-manager-1.4.0-SNAPSHOT.jar:?]
	at org.apache.hadoop.ozone.protocolPB.OzoneManagerProtocolServerSideTranslatorPB.processRequest(OzoneManagerProtocolServerSideTranslatorPB.java:179) ~[ozone-manager-1.4.0-SNAPSHOT.jar:?]
	at org.apache.hadoop.hdds.server.OzoneProtocolMessageDispatcher.processRequest(OzoneProtocolMessageDispatcher.java:87) [hdds-server-framework-1.4.0-SNAPSHOT.jar:?]
	at org.apache.hadoop.ozone.protocolPB.OzoneManagerProtocolServerSideTranslatorPB.submitRequest(OzoneManagerProtocolServerSideTranslatorPB.java:148) [ozone-manager-1.4.0-SNAPSHOT.jar:?]
	at org.apache.hadoop.ozone.protocol.proto.OzoneManagerProtocolProtos$OzoneManagerService$2.callBlockingMethod(OzoneManagerProtocolProtos.java) [ozone-interface-client-1.4.0-SNAPSHOT.jar:?]
	at org.apache.hadoop.ipc.ProtobufRpcEngine$Server.processCall(ProtobufRpcEngine.java:484) [hadoop-common-3.3.6.jar:?]
	at org.apache.hadoop.ipc.ProtobufRpcEngine2$Server$ProtoBufRpcInvoker.call(ProtobufRpcEngine2.java:595) [hadoop-common-3.3.6.jar:?]
	at org.apache.hadoop.ipc.ProtobufRpcEngine2$Server$ProtoBufRpcInvoker.call(ProtobufRpcEngine2.java:573) [hadoop-common-3.3.6.jar:?]
	at org.apache.hadoop.ipc.RPC$Server.call(RPC.java:1227) [hadoop-common-3.3.6.jar:?]
	at org.apache.hadoop.ipc.Server$RpcCall.run(Server.java:1094) [hadoop-common-3.3.6.jar:?]
	at org.apache.hadoop.ipc.Server$RpcCall.run(Server.java:1017) [hadoop-common-3.3.6.jar:?]
	at java.security.AccessController.doPrivileged(Native Method) ~[?:1.8.0_382]
	at javax.security.auth.Subject.doAs(Subject.java:422) [?:1.8.0_382]
	at org.apache.hadoop.security.UserGroupInformation.doAs(UserGroupInformation.java:1899) [hadoop-common-3.3.6.jar:?]
	at org.apache.hadoop.ipc.Server$Handler.run(Server.java:3048) [hadoop-common-3.3.6.jar:?]
17:56:38.320 [IPC Server handler 8 on default port 15004] ERROR OMAudit - user=runner | ip=127.0.0.1 | op=READ_BUCKET {volume=volume72163, bucket=bucket06819} | ret=FAILURE
org.apache.hadoop.ozone.om.exceptions.OMException: Bucket not found
	at org.apache.hadoop.ozone.om.BucketManagerImpl.getBucketInfo(BucketManagerImpl.java:85) ~[ozone-manager-1.4.0-SNAPSHOT.jar:?]
	at org.apache.hadoop.ozone.om.OzoneManager.getBucketInfo(OzoneManager.java:2795) ~[ozone-manager-1.4.0-SNAPSHOT.jar:?]
	at org.apache.hadoop.ozone.protocolPB.OzoneManagerRequestHandler.infoBucket(OzoneManagerRequestHandler.java:545) ~[ozone-manager-1.4.0-SNAPSHOT.jar:?]
	at org.apache.hadoop.ozone.protocolPB.OzoneManagerRequestHandler.handleReadRequest(OzoneManagerRequestHandler.java:200) ~[ozone-manager-1.4.0-SNAPSHOT.jar:?]
	at org.apache.hadoop.ozone.protocolPB.OzoneManagerProtocolServerSideTranslatorPB.submitReadRequestToOM(OzoneManagerProtocolServerSideTranslatorPB.java:225) ~[ozone-manager-1.4.0-SNAPSHOT.jar:?]
	at org.apache.hadoop.ozone.protocolPB.OzoneManagerProtocolServerSideTranslatorPB.processRequest(OzoneManagerProtocolServerSideTranslatorPB.java:179) ~[ozone-manager-1.4.0-SNAPSHOT.jar:?]
	at org.apache.hadoop.hdds.server.OzoneProtocolMessageDispatcher.processRequest(OzoneProtocolMessageDispatcher.java:87) [hdds-server-framework-1.4.0-SNAPSHOT.jar:?]
	at org.apache.hadoop.ozone.protocolPB.OzoneManagerProtocolServerSideTranslatorPB.submitRequest(OzoneManagerProtocolServerSideTranslatorPB.java:148) [ozone-manager-1.4.0-SNAPSHOT.jar:?]
	at org.apache.hadoop.ozone.protocol.proto.OzoneManagerProtocolProtos$OzoneManagerService$2.callBlockingMethod(OzoneManagerProtocolProtos.java) [ozone-interface-client-1.4.0-SNAPSHOT.jar:?]
	at org.apache.hadoop.ipc.ProtobufRpcEngine$Server.processCall(ProtobufRpcEngine.java:484) [hadoop-common-3.3.6.jar:?]
	at org.apache.hadoop.ipc.ProtobufRpcEngine2$Server$ProtoBufRpcInvoker.call(ProtobufRpcEngine2.java:595) [hadoop-common-3.3.6.jar:?]
	at org.apache.hadoop.ipc.ProtobufRpcEngine2$Server$ProtoBufRpcInvoker.call(ProtobufRpcEngine2.java:573) [hadoop-common-3.3.6.jar:?]
	at org.apache.hadoop.ipc.RPC$Server.call(RPC.java:1227) [hadoop-common-3.3.6.jar:?]
	at org.apache.hadoop.ipc.Server$RpcCall.run(Server.java:1094) [hadoop-common-3.3.6.jar:?]
	at org.apache.hadoop.ipc.Server$RpcCall.run(Server.java:1017) [hadoop-common-3.3.6.jar:?]
	at java.security.AccessController.doPrivileged(Native Method) ~[?:1.8.0_382]
	at javax.security.auth.Subject.doAs(Subject.java:422) [?:1.8.0_382]
	at org.apache.hadoop.security.UserGroupInformation.doAs(UserGroupInformation.java:1899) [hadoop-common-3.3.6.jar:?]
	at org.apache.hadoop.ipc.Server$Handler.run(Server.java:3048) [hadoop-common-3.3.6.jar:?]
2023-09-25 17:56:38,322 [Time-limited test] ERROR ozone.BasicRootedOzoneFileSystem (BasicRootedOzoneFileSystem.java:isLinkBucket(780)) - Exception while getting bucket link information, considered it as false
BUCKET_NOT_FOUND org.apache.hadoop.ozone.om.exceptions.OMException: Bucket not found
	at org.apache.hadoop.ozone.om.protocolPB.OzoneManagerProtocolClientSideTranslatorPB.handleError(OzoneManagerProtocolClientSideTranslatorPB.java:729)
	at org.apache.hadoop.ozone.om.protocolPB.OzoneManagerProtocolClientSideTranslatorPB.getBucketInfo(OzoneManagerProtocolClientSideTranslatorPB.java:578)
	at org.apache.hadoop.ozone.client.rpc.RpcClient.getBucketDetails(RpcClient.java:1243)
	at org.apache.hadoop.fs.ozone.BasicRootedOzoneClientAdapterImpl.getBucket(BasicRootedOzoneClientAdapterImpl.java:274)
	at org.apache.hadoop.fs.ozone.BasicRootedOzoneClientAdapterImpl.getBucket(BasicRootedOzoneClientAdapterImpl.java:248)
	at org.apache.hadoop.fs.ozone.BasicRootedOzoneFileSystem.isLinkBucket(BasicRootedOzoneFileSystem.java:775)
	at org.apache.hadoop.fs.ozone.BasicRootedOzoneFileSystem.deleteBucket(BasicRootedOzoneFileSystem.java:742)
	at org.apache.hadoop.fs.ozone.BasicRootedOzoneFileSystem.delete(BasicRootedOzoneFileSystem.java:696)
	at org.apache.hadoop.fs.ozone.TestRootedOzoneFileSystem.cleanup(TestRootedOzoneFileSystem.java:201)
	at sun.reflect.NativeMethodAccessorImpl.invoke0(Native Method)
	at sun.reflect.NativeMethodAccessorImpl.invoke(NativeMethodAccessorImpl.java:62)
	at sun.reflect.DelegatingMethodAccessorImpl.invoke(DelegatingMethodAccessorImpl.java:43)
	at java.lang.reflect.Method.invoke(Method.java:498)
	at org.junit.runners.model.FrameworkMethod$1.runReflectiveCall(FrameworkMethod.java:59)
	at org.junit.internal.runners.model.ReflectiveCallable.run(ReflectiveCallable.java:12)
	at org.junit.runners.model.FrameworkMethod.invokeExplosively(FrameworkMethod.java:56)
	at org.junit.internal.runners.statements.RunAfters.invokeMethod(RunAfters.java:46)
	at org.junit.internal.runners.statements.RunAfters.evaluate(RunAfters.java:33)
	at org.junit.internal.runners.statements.FailOnTimeout$CallableStatement.call(FailOnTimeout.java:288)
	at org.junit.internal.runners.statements.FailOnTimeout$CallableStatement.call(FailOnTimeout.java:282)
	at java.util.concurrent.FutureTask.run(FutureTask.java:266)
	at java.lang.Thread.run(Thread.java:750)
2023-09-25 17:56:38,325 [Time-limited test] WARN  ozone.BasicRootedOzoneFileSystem (BasicRootedOzoneFileSystem.java:deleteBucket(746)) - delete: Path does not exist: /volume72163/bucket06819
]]></system-out>
  </testcase>
  <testcase name="testKeyRenameToBucketLevel" classname="TestRootedOzoneFileSystemWithFSO" time="0.05">
    <system-out><![CDATA[2023-09-25 17:58:29,878 [Time-limited test] INFO  rpc.RpcClient (RpcClient.java:createVolume(461)) - Creating Volume: volume71418, with user77474 as owner and space quota set to -1 bytes, counts quota set to -1
2023-09-25 17:58:29,879 [IPC Server handler 7 on default port 15057] INFO  volume.OMVolumeCreateRequest (OMVolumeCreateRequest.java:validateAndUpdateCache(196)) - created volume:volume71418 for user:user77474
2023-09-25 17:58:29,881 [Time-limited test] INFO  rpc.RpcClient (RpcClient.java:createBucket(688)) - Creating Bucket: volume71418/bucket91909, with bucket layout FILE_SYSTEM_OPTIMIZED, runner as owner, Versioning false, Storage Type set to DISK and Encryption set to false, Replication Type set to server-side default replication type, Namespace Quota set to -1, Space Quota set to -1 
2023-09-25 17:58:29,887 [IPC Server handler 10 on default port 15057] INFO  bucket.OMBucketCreateRequest (OMBucketCreateRequest.java:validateAndUpdateCache(270)) - created bucket: bucket91909 of layout FILE_SYSTEM_OPTIMIZED in volume: volume71418
2023-09-25 17:58:29,890 [Time-limited test] INFO  ozone.TestRootedOzoneFileSystemWithFSO (TestRootedOzoneFileSystemWithFSO.java:testKeyRenameToBucketLevel(152)) - Will move /volume71418/bucket91909/dir1/key1 to /volume71418/bucket91909
17:58:29.908 [IPC Server handler 12 on default port 15057] ERROR OMAudit - user=runner | ip=127.0.0.1 | op=READ_BUCKET {volume=volume71418, bucket=bucket91909} | ret=FAILURE
org.apache.hadoop.ozone.om.exceptions.OMException: Bucket not found
	at org.apache.hadoop.ozone.om.BucketManagerImpl.getBucketInfo(BucketManagerImpl.java:85) ~[ozone-manager-1.4.0-SNAPSHOT.jar:?]
	at org.apache.hadoop.ozone.om.OzoneManager.getBucketInfo(OzoneManager.java:2795) ~[ozone-manager-1.4.0-SNAPSHOT.jar:?]
	at org.apache.hadoop.ozone.protocolPB.OzoneManagerRequestHandler.infoBucket(OzoneManagerRequestHandler.java:545) ~[ozone-manager-1.4.0-SNAPSHOT.jar:?]
	at org.apache.hadoop.ozone.protocolPB.OzoneManagerRequestHandler.handleReadRequest(OzoneManagerRequestHandler.java:200) ~[ozone-manager-1.4.0-SNAPSHOT.jar:?]
	at org.apache.hadoop.ozone.protocolPB.OzoneManagerProtocolServerSideTranslatorPB.submitRequestDirectlyToOM(OzoneManagerProtocolServerSideTranslatorPB.java:274) ~[ozone-manager-1.4.0-SNAPSHOT.jar:?]
	at org.apache.hadoop.ozone.protocolPB.OzoneManagerProtocolServerSideTranslatorPB.processRequest(OzoneManagerProtocolServerSideTranslatorPB.java:175) ~[ozone-manager-1.4.0-SNAPSHOT.jar:?]
	at org.apache.hadoop.hdds.server.OzoneProtocolMessageDispatcher.processRequest(OzoneProtocolMessageDispatcher.java:87) [hdds-server-framework-1.4.0-SNAPSHOT.jar:?]
	at org.apache.hadoop.ozone.protocolPB.OzoneManagerProtocolServerSideTranslatorPB.submitRequest(OzoneManagerProtocolServerSideTranslatorPB.java:148) [ozone-manager-1.4.0-SNAPSHOT.jar:?]
	at org.apache.hadoop.ozone.protocol.proto.OzoneManagerProtocolProtos$OzoneManagerService$2.callBlockingMethod(OzoneManagerProtocolProtos.java) [ozone-interface-client-1.4.0-SNAPSHOT.jar:?]
	at org.apache.hadoop.ipc.ProtobufRpcEngine$Server.processCall(ProtobufRpcEngine.java:484) [hadoop-common-3.3.6.jar:?]
	at org.apache.hadoop.ipc.ProtobufRpcEngine2$Server$ProtoBufRpcInvoker.call(ProtobufRpcEngine2.java:595) [hadoop-common-3.3.6.jar:?]
	at org.apache.hadoop.ipc.ProtobufRpcEngine2$Server$ProtoBufRpcInvoker.call(ProtobufRpcEngine2.java:573) [hadoop-common-3.3.6.jar:?]
	at org.apache.hadoop.ipc.RPC$Server.call(RPC.java:1227) [hadoop-common-3.3.6.jar:?]
	at org.apache.hadoop.ipc.Server$RpcCall.run(Server.java:1094) [hadoop-common-3.3.6.jar:?]
	at org.apache.hadoop.ipc.Server$RpcCall.run(Server.java:1017) [hadoop-common-3.3.6.jar:?]
	at java.security.AccessController.doPrivileged(Native Method) ~[?:1.8.0_382]
	at javax.security.auth.Subject.doAs(Subject.java:422) [?:1.8.0_382]
	at org.apache.hadoop.security.UserGroupInformation.doAs(UserGroupInformation.java:1899) [hadoop-common-3.3.6.jar:?]
	at org.apache.hadoop.ipc.Server$Handler.run(Server.java:3048) [hadoop-common-3.3.6.jar:?]
17:58:29.910 [IPC Server handler 13 on default port 15057] ERROR OMAudit - user=runner | ip=127.0.0.1 | op=READ_BUCKET {volume=volume71418, bucket=bucket91909} | ret=FAILURE
org.apache.hadoop.ozone.om.exceptions.OMException: Bucket not found
	at org.apache.hadoop.ozone.om.BucketManagerImpl.getBucketInfo(BucketManagerImpl.java:85) ~[ozone-manager-1.4.0-SNAPSHOT.jar:?]
	at org.apache.hadoop.ozone.om.OzoneManager.getBucketInfo(OzoneManager.java:2795) ~[ozone-manager-1.4.0-SNAPSHOT.jar:?]
	at org.apache.hadoop.ozone.protocolPB.OzoneManagerRequestHandler.infoBucket(OzoneManagerRequestHandler.java:545) ~[ozone-manager-1.4.0-SNAPSHOT.jar:?]
	at org.apache.hadoop.ozone.protocolPB.OzoneManagerRequestHandler.handleReadRequest(OzoneManagerRequestHandler.java:200) ~[ozone-manager-1.4.0-SNAPSHOT.jar:?]
	at org.apache.hadoop.ozone.protocolPB.OzoneManagerProtocolServerSideTranslatorPB.submitRequestDirectlyToOM(OzoneManagerProtocolServerSideTranslatorPB.java:274) ~[ozone-manager-1.4.0-SNAPSHOT.jar:?]
	at org.apache.hadoop.ozone.protocolPB.OzoneManagerProtocolServerSideTranslatorPB.processRequest(OzoneManagerProtocolServerSideTranslatorPB.java:175) ~[ozone-manager-1.4.0-SNAPSHOT.jar:?]
	at org.apache.hadoop.hdds.server.OzoneProtocolMessageDispatcher.processRequest(OzoneProtocolMessageDispatcher.java:87) [hdds-server-framework-1.4.0-SNAPSHOT.jar:?]
	at org.apache.hadoop.ozone.protocolPB.OzoneManagerProtocolServerSideTranslatorPB.submitRequest(OzoneManagerProtocolServerSideTranslatorPB.java:148) [ozone-manager-1.4.0-SNAPSHOT.jar:?]
	at org.apache.hadoop.ozone.protocol.proto.OzoneManagerProtocolProtos$OzoneManagerService$2.callBlockingMethod(OzoneManagerProtocolProtos.java) [ozone-interface-client-1.4.0-SNAPSHOT.jar:?]
	at org.apache.hadoop.ipc.ProtobufRpcEngine$Server.processCall(ProtobufRpcEngine.java:484) [hadoop-common-3.3.6.jar:?]
	at org.apache.hadoop.ipc.ProtobufRpcEngine2$Server$ProtoBufRpcInvoker.call(ProtobufRpcEngine2.java:595) [hadoop-common-3.3.6.jar:?]
	at org.apache.hadoop.ipc.ProtobufRpcEngine2$Server$ProtoBufRpcInvoker.call(ProtobufRpcEngine2.java:573) [hadoop-common-3.3.6.jar:?]
	at org.apache.hadoop.ipc.RPC$Server.call(RPC.java:1227) [hadoop-common-3.3.6.jar:?]
	at org.apache.hadoop.ipc.Server$RpcCall.run(Server.java:1094) [hadoop-common-3.3.6.jar:?]
	at org.apache.hadoop.ipc.Server$RpcCall.run(Server.java:1017) [hadoop-common-3.3.6.jar:?]
	at java.security.AccessController.doPrivileged(Native Method) ~[?:1.8.0_382]
	at javax.security.auth.Subject.doAs(Subject.java:422) [?:1.8.0_382]
	at org.apache.hadoop.security.UserGroupInformation.doAs(UserGroupInformation.java:1899) [hadoop-common-3.3.6.jar:?]
	at org.apache.hadoop.ipc.Server$Handler.run(Server.java:3048) [hadoop-common-3.3.6.jar:?]
2023-09-25 17:58:29,910 [Time-limited test] ERROR ozone.BasicRootedOzoneFileSystem (BasicRootedOzoneFileSystem.java:isLinkBucket(780)) - Exception while getting bucket link information, considered it as false
BUCKET_NOT_FOUND org.apache.hadoop.ozone.om.exceptions.OMException: Bucket not found
	at org.apache.hadoop.ozone.om.protocolPB.OzoneManagerProtocolClientSideTranslatorPB.handleError(OzoneManagerProtocolClientSideTranslatorPB.java:729)
	at org.apache.hadoop.ozone.om.protocolPB.OzoneManagerProtocolClientSideTranslatorPB.getBucketInfo(OzoneManagerProtocolClientSideTranslatorPB.java:578)
	at org.apache.hadoop.ozone.client.rpc.RpcClient.getBucketDetails(RpcClient.java:1243)
	at org.apache.hadoop.fs.ozone.BasicRootedOzoneClientAdapterImpl.getBucket(BasicRootedOzoneClientAdapterImpl.java:274)
	at org.apache.hadoop.fs.ozone.BasicRootedOzoneClientAdapterImpl.getBucket(BasicRootedOzoneClientAdapterImpl.java:248)
	at org.apache.hadoop.fs.ozone.BasicRootedOzoneFileSystem.isLinkBucket(BasicRootedOzoneFileSystem.java:775)
	at org.apache.hadoop.fs.ozone.BasicRootedOzoneFileSystem.deleteBucket(BasicRootedOzoneFileSystem.java:742)
	at org.apache.hadoop.fs.ozone.BasicRootedOzoneFileSystem.delete(BasicRootedOzoneFileSystem.java:696)
	at org.apache.hadoop.fs.ozone.TestRootedOzoneFileSystem.cleanup(TestRootedOzoneFileSystem.java:201)
	at sun.reflect.GeneratedMethodAccessor66.invoke(Unknown Source)
	at sun.reflect.DelegatingMethodAccessorImpl.invoke(DelegatingMethodAccessorImpl.java:43)
	at java.lang.reflect.Method.invoke(Method.java:498)
	at org.junit.runners.model.FrameworkMethod$1.runReflectiveCall(FrameworkMethod.java:59)
	at org.junit.internal.runners.model.ReflectiveCallable.run(ReflectiveCallable.java:12)
	at org.junit.runners.model.FrameworkMethod.invokeExplosively(FrameworkMethod.java:56)
	at org.junit.internal.runners.statements.RunAfters.invokeMethod(RunAfters.java:46)
	at org.junit.internal.runners.statements.RunAfters.evaluate(RunAfters.java:33)
	at org.junit.internal.runners.statements.FailOnTimeout$CallableStatement.call(FailOnTimeout.java:288)
	at org.junit.internal.runners.statements.FailOnTimeout$CallableStatement.call(FailOnTimeout.java:282)
	at java.util.concurrent.FutureTask.run(FutureTask.java:266)
	at java.lang.Thread.run(Thread.java:750)
2023-09-25 17:58:29,911 [Time-limited test] WARN  ozone.BasicRootedOzoneFileSystem (BasicRootedOzoneFileSystem.java:deleteBucket(746)) - delete: Path does not exist: /volume71418/bucket91909
]]></system-out>
  </testcase>
  <testcase name="testLeaseRecoverable" classname="TestRootedOzoneFileSystemWithFSO" time="0.169">
    <system-out><![CDATA[2023-09-25 17:56:38,347 [Time-limited test] INFO  rpc.RpcClient (RpcClient.java:createVolume(461)) - Creating Volume: volume63590, with user40085 as owner and space quota set to -1 bytes, counts quota set to -1
2023-09-25 17:56:38,351 [OM StateMachine ApplyTransaction Thread - 0] INFO  volume.OMVolumeCreateRequest (OMVolumeCreateRequest.java:validateAndUpdateCache(196)) - created volume:volume63590 for user:user40085
2023-09-25 17:56:38,354 [Time-limited test] INFO  rpc.RpcClient (RpcClient.java:createBucket(688)) - Creating Bucket: volume63590/bucket24881, with bucket layout FILE_SYSTEM_OPTIMIZED, runner as owner, Versioning false, Storage Type set to DISK and Encryption set to false, Replication Type set to server-side default replication type, Namespace Quota set to -1, Space Quota set to -1 
2023-09-25 17:56:38,357 [OM StateMachine ApplyTransaction Thread - 0] INFO  bucket.OMBucketCreateRequest (OMBucketCreateRequest.java:validateAndUpdateCache(270)) - created bucket: bucket24881 of layout FILE_SYSTEM_OPTIMIZED in volume: volume63590
17:56:38.381 [IPC Server handler 5 on default port 15004] ERROR OMAudit - user=runner | ip=127.0.0.1 | op=GET_FILE_STATUS {volume=volume63590, bucket=bucket24881, key=dir1/key1, dataSize=0, replicationConfig=null} | ret=FAILURE
org.apache.hadoop.ozone.om.exceptions.OMException: Unable to get file status: volume: volume63590 bucket: bucket24881 key: dir1/key1
	at org.apache.hadoop.ozone.om.KeyManagerImpl.getOzoneFileStatusFSO(KeyManagerImpl.java:1327) ~[ozone-manager-1.4.0-SNAPSHOT.jar:?]
	at org.apache.hadoop.ozone.om.KeyManagerImpl.getFileStatus(KeyManagerImpl.java:1111) ~[ozone-manager-1.4.0-SNAPSHOT.jar:?]
	at org.apache.hadoop.ozone.om.OmMetadataReader.getFileStatus(OmMetadataReader.java:262) ~[ozone-manager-1.4.0-SNAPSHOT.jar:?]
	at org.apache.hadoop.ozone.om.OzoneManager.getFileStatus(OzoneManager.java:3533) ~[ozone-manager-1.4.0-SNAPSHOT.jar:?]
	at org.apache.hadoop.ozone.protocolPB.OzoneManagerRequestHandler.getOzoneFileStatus(OzoneManagerRequestHandler.java:971) ~[ozone-manager-1.4.0-SNAPSHOT.jar:?]
	at org.apache.hadoop.ozone.protocolPB.OzoneManagerRequestHandler.handleReadRequest(OzoneManagerRequestHandler.java:250) ~[ozone-manager-1.4.0-SNAPSHOT.jar:?]
	at org.apache.hadoop.ozone.protocolPB.OzoneManagerProtocolServerSideTranslatorPB.submitReadRequestToOM(OzoneManagerProtocolServerSideTranslatorPB.java:225) ~[ozone-manager-1.4.0-SNAPSHOT.jar:?]
	at org.apache.hadoop.ozone.protocolPB.OzoneManagerProtocolServerSideTranslatorPB.processRequest(OzoneManagerProtocolServerSideTranslatorPB.java:179) ~[ozone-manager-1.4.0-SNAPSHOT.jar:?]
	at org.apache.hadoop.hdds.server.OzoneProtocolMessageDispatcher.processRequest(OzoneProtocolMessageDispatcher.java:87) [hdds-server-framework-1.4.0-SNAPSHOT.jar:?]
	at org.apache.hadoop.ozone.protocolPB.OzoneManagerProtocolServerSideTranslatorPB.submitRequest(OzoneManagerProtocolServerSideTranslatorPB.java:148) [ozone-manager-1.4.0-SNAPSHOT.jar:?]
	at org.apache.hadoop.ozone.protocol.proto.OzoneManagerProtocolProtos$OzoneManagerService$2.callBlockingMethod(OzoneManagerProtocolProtos.java) [ozone-interface-client-1.4.0-SNAPSHOT.jar:?]
	at org.apache.hadoop.ipc.ProtobufRpcEngine$Server.processCall(ProtobufRpcEngine.java:484) [hadoop-common-3.3.6.jar:?]
	at org.apache.hadoop.ipc.ProtobufRpcEngine2$Server$ProtoBufRpcInvoker.call(ProtobufRpcEngine2.java:595) [hadoop-common-3.3.6.jar:?]
	at org.apache.hadoop.ipc.ProtobufRpcEngine2$Server$ProtoBufRpcInvoker.call(ProtobufRpcEngine2.java:573) [hadoop-common-3.3.6.jar:?]
	at org.apache.hadoop.ipc.RPC$Server.call(RPC.java:1227) [hadoop-common-3.3.6.jar:?]
	at org.apache.hadoop.ipc.Server$RpcCall.run(Server.java:1094) [hadoop-common-3.3.6.jar:?]
	at org.apache.hadoop.ipc.Server$RpcCall.run(Server.java:1017) [hadoop-common-3.3.6.jar:?]
	at java.security.AccessController.doPrivileged(Native Method) ~[?:1.8.0_382]
	at javax.security.auth.Subject.doAs(Subject.java:422) [?:1.8.0_382]
	at org.apache.hadoop.security.UserGroupInformation.doAs(UserGroupInformation.java:1899) [hadoop-common-3.3.6.jar:?]
	at org.apache.hadoop.ipc.Server$Handler.run(Server.java:3048) [hadoop-common-3.3.6.jar:?]
]]></system-out>
  </testcase>
  <testcase name="testLeaseRecoverable" classname="TestRootedOzoneFileSystemWithFSO" time="0.106">
    <system-out><![CDATA[2023-09-25 17:58:29,931 [e996d841-287d-4937-b6a3-35b5511a6c1e@group-CBC248230F26-FollowerState] INFO  impl.FollowerState (FollowerState.java:run(143)) - e996d841-287d-4937-b6a3-35b5511a6c1e@group-CBC248230F26-FollowerState: change to CANDIDATE, lastRpcElapsedTime:5165999090ns, electionTimeout:5164ms
2023-09-25 17:58:29,931 [e996d841-287d-4937-b6a3-35b5511a6c1e@group-CBC248230F26-FollowerState] INFO  impl.RoleInfo (RoleInfo.java:shutdownFollowerState(110)) - e996d841-287d-4937-b6a3-35b5511a6c1e: shutdown e996d841-287d-4937-b6a3-35b5511a6c1e@group-CBC248230F26-FollowerState
2023-09-25 17:58:29,931 [e996d841-287d-4937-b6a3-35b5511a6c1e@group-CBC248230F26-FollowerState] INFO  server.RaftServer$Division (RaftServerImpl.java:setRole(329)) - e996d841-287d-4937-b6a3-35b5511a6c1e@group-CBC248230F26: changes role from  FOLLOWER to CANDIDATE at term 0 for changeToCandidate
2023-09-25 17:58:29,931 [e996d841-287d-4937-b6a3-35b5511a6c1e@group-CBC248230F26-FollowerState] INFO  server.RaftServerConfigKeys (ConfUtils.java:logGet(46)) - raft.server.leaderelection.pre-vote = true (default)
2023-09-25 17:58:29,931 [e996d841-287d-4937-b6a3-35b5511a6c1e@group-CBC248230F26-FollowerState] INFO  impl.RoleInfo (RoleInfo.java:updateAndGet(139)) - e996d841-287d-4937-b6a3-35b5511a6c1e: start e996d841-287d-4937-b6a3-35b5511a6c1e@group-CBC248230F26-LeaderElection18
2023-09-25 17:58:29,936 [e996d841-287d-4937-b6a3-35b5511a6c1e@group-CBC248230F26-LeaderElection18] INFO  impl.LeaderElection (LeaderElection.java:askForVotes(321)) - e996d841-287d-4937-b6a3-35b5511a6c1e@group-CBC248230F26-LeaderElection18 PRE_VOTE round 0: submit vote requests at term 0 for -1: peers:[e996d841-287d-4937-b6a3-35b5511a6c1e|rpc:10.1.0.144:15094|admin:10.1.0.144:15093|client:10.1.0.144:15092|dataStream:10.1.0.144:15095|priority:1|startupRole:FOLLOWER]|listeners:[], old=null
2023-09-25 17:58:29,936 [e996d841-287d-4937-b6a3-35b5511a6c1e@group-CBC248230F26-LeaderElection18] INFO  impl.LeaderElection (LeaderElection.java:askForVotes(323)) - e996d841-287d-4937-b6a3-35b5511a6c1e@group-CBC248230F26-LeaderElection18 PRE_VOTE round 0: result PASSED (term=0)
2023-09-25 17:58:29,936 [Time-limited test] INFO  rpc.RpcClient (RpcClient.java:createVolume(461)) - Creating Volume: volume29645, with user24410 as owner and space quota set to -1 bytes, counts quota set to -1
2023-09-25 17:58:29,937 [IPC Server handler 17 on default port 15057] INFO  volume.OMVolumeCreateRequest (OMVolumeCreateRequest.java:validateAndUpdateCache(196)) - created volume:volume29645 for user:user24410
2023-09-25 17:58:29,939 [Time-limited test] INFO  rpc.RpcClient (RpcClient.java:createBucket(688)) - Creating Bucket: volume29645/bucket77288, with bucket layout FILE_SYSTEM_OPTIMIZED, runner as owner, Versioning false, Storage Type set to DISK and Encryption set to false, Replication Type set to server-side default replication type, Namespace Quota set to -1, Space Quota set to -1 
2023-09-25 17:58:29,939 [e996d841-287d-4937-b6a3-35b5511a6c1e@group-CBC248230F26-LeaderElection18] INFO  impl.LeaderElection (LeaderElection.java:askForVotes(321)) - e996d841-287d-4937-b6a3-35b5511a6c1e@group-CBC248230F26-LeaderElection18 ELECTION round 0: submit vote requests at term 1 for -1: peers:[e996d841-287d-4937-b6a3-35b5511a6c1e|rpc:10.1.0.144:15094|admin:10.1.0.144:15093|client:10.1.0.144:15092|dataStream:10.1.0.144:15095|priority:1|startupRole:FOLLOWER]|listeners:[], old=null
2023-09-25 17:58:29,939 [e996d841-287d-4937-b6a3-35b5511a6c1e@group-CBC248230F26-LeaderElection18] INFO  impl.LeaderElection (LeaderElection.java:askForVotes(323)) - e996d841-287d-4937-b6a3-35b5511a6c1e@group-CBC248230F26-LeaderElection18 ELECTION round 0: result PASSED (term=1)
2023-09-25 17:58:29,939 [e996d841-287d-4937-b6a3-35b5511a6c1e@group-CBC248230F26-LeaderElection18] INFO  impl.RoleInfo (RoleInfo.java:shutdownLeaderElection(130)) - e996d841-287d-4937-b6a3-35b5511a6c1e: shutdown e996d841-287d-4937-b6a3-35b5511a6c1e@group-CBC248230F26-LeaderElection18
2023-09-25 17:58:29,939 [e996d841-287d-4937-b6a3-35b5511a6c1e@group-CBC248230F26-LeaderElection18] INFO  server.RaftServer$Division (RaftServerImpl.java:setRole(329)) - e996d841-287d-4937-b6a3-35b5511a6c1e@group-CBC248230F26: changes role from CANDIDATE to LEADER at term 1 for changeToLeader
2023-09-25 17:58:29,939 [e996d841-287d-4937-b6a3-35b5511a6c1e@group-CBC248230F26-LeaderElection18] INFO  ratis.XceiverServerRatis (XceiverServerRatis.java:handleLeaderChangedNotification(902)) - Leader change notification received for group: group-CBC248230F26 with new leaderId: e996d841-287d-4937-b6a3-35b5511a6c1e
2023-09-25 17:58:29,939 [IPC Server handler 18 on default port 15057] INFO  bucket.OMBucketCreateRequest (OMBucketCreateRequest.java:validateAndUpdateCache(270)) - created bucket: bucket77288 of layout FILE_SYSTEM_OPTIMIZED in volume: volume29645
2023-09-25 17:58:29,940 [e996d841-287d-4937-b6a3-35b5511a6c1e@group-CBC248230F26-LeaderElection18] INFO  server.RaftServer$Division (ServerState.java:setLeader(317)) - e996d841-287d-4937-b6a3-35b5511a6c1e@group-CBC248230F26: change Leader from null to e996d841-287d-4937-b6a3-35b5511a6c1e at term 1 for becomeLeader, leader elected after 5198ms
2023-09-25 17:58:29,940 [e996d841-287d-4937-b6a3-35b5511a6c1e@group-CBC248230F26-LeaderElection18] INFO  server.RaftServerConfigKeys (ConfUtils.java:logGet(46)) - raft.server.staging.catchup.gap = 1000 (default)
2023-09-25 17:58:29,941 [e996d841-287d-4937-b6a3-35b5511a6c1e@group-CBC248230F26-LeaderElection18] INFO  server.RaftServerConfigKeys (ConfUtils.java:logGet(46)) - raft.server.write.element-limit = 1024 (custom)
2023-09-25 17:58:29,941 [e996d841-287d-4937-b6a3-35b5511a6c1e@group-CBC248230F26-LeaderElection18] INFO  server.RaftServerConfigKeys (ConfUtils.java:logGet(46)) - raft.server.write.byte-limit = 1024 M (=1073741824) (custom)
2023-09-25 17:58:29,941 [e996d841-287d-4937-b6a3-35b5511a6c1e@group-CBC248230F26-LeaderElection18] INFO  server.RaftServerConfigKeys (ConfUtils.java:logGet(46)) - raft.server.watch.timeout = 180s (custom)
2023-09-25 17:58:29,941 [e996d841-287d-4937-b6a3-35b5511a6c1e@group-CBC248230F26-LeaderElection18] INFO  server.RaftServerConfigKeys (ConfUtils.java:logGet(46)) - raft.server.watch.timeout.denomination = 1s (default)
2023-09-25 17:58:29,943 [e996d841-287d-4937-b6a3-35b5511a6c1e@group-CBC248230F26-LeaderElection18] INFO  server.RaftServerConfigKeys (ConfUtils.java:logGet(46)) - raft.server.watch.element-limit = 65536 (default)
2023-09-25 17:58:29,943 [e996d841-287d-4937-b6a3-35b5511a6c1e@group-CBC248230F26-LeaderElection18] INFO  server.RaftServerConfigKeys (ConfUtils.java:logGet(46)) - raft.server.write.element-limit = 1024 (custom)
2023-09-25 17:58:29,943 [e996d841-287d-4937-b6a3-35b5511a6c1e@group-CBC248230F26-LeaderElection18] INFO  server.RaftServerConfigKeys (ConfUtils.java:logGet(46)) - raft.server.write.follower.gap.ratio.max = -1.0 (default)
2023-09-25 17:58:29,943 [e996d841-287d-4937-b6a3-35b5511a6c1e@group-CBC248230F26-LeaderElection18] INFO  impl.RoleInfo (RoleInfo.java:updateAndGet(139)) - e996d841-287d-4937-b6a3-35b5511a6c1e: start e996d841-287d-4937-b6a3-35b5511a6c1e@group-CBC248230F26-LeaderStateImpl
2023-09-25 17:58:29,943 [e996d841-287d-4937-b6a3-35b5511a6c1e@group-CBC248230F26-LeaderElection18] INFO  segmented.SegmentedRaftLogWorker (SegmentedRaftLogWorker.java:startLogSegment(447)) - e996d841-287d-4937-b6a3-35b5511a6c1e@group-CBC248230F26-SegmentedRaftLogWorker: Starting segment from index:0
2023-09-25 17:58:29,946 [e996d841-287d-4937-b6a3-35b5511a6c1e@group-CBC248230F26-SegmentedRaftLogWorker] INFO  segmented.SegmentedRaftLogWorker (SegmentedRaftLogWorker.java:execute(651)) - e996d841-287d-4937-b6a3-35b5511a6c1e@group-CBC248230F26-SegmentedRaftLogWorker: created new log segment /home/runner/work/ozone/ozone/hadoop-ozone/integration-test/target/test-dir/MiniOzoneClusterImpl-943d6ebb-9f51-4477-b660-6e407d8e3762/datanode-3/data/ratis/9a23e40e-adb7-457a-8977-cbc248230f26/current/log_inprogress_0
17:58:29.947 [IPC Server handler 3 on default port 15057] ERROR OMAudit - user=runner | ip=127.0.0.1 | op=GET_FILE_STATUS {volume=volume29645, bucket=bucket77288, key=dir1/key1, dataSize=0, replicationConfig=null} | ret=FAILURE
org.apache.hadoop.ozone.om.exceptions.OMException: Unable to get file status: volume: volume29645 bucket: bucket77288 key: dir1/key1
	at org.apache.hadoop.ozone.om.KeyManagerImpl.getOzoneFileStatusFSO(KeyManagerImpl.java:1327) ~[ozone-manager-1.4.0-SNAPSHOT.jar:?]
	at org.apache.hadoop.ozone.om.KeyManagerImpl.getFileStatus(KeyManagerImpl.java:1111) ~[ozone-manager-1.4.0-SNAPSHOT.jar:?]
	at org.apache.hadoop.ozone.om.OmMetadataReader.getFileStatus(OmMetadataReader.java:262) ~[ozone-manager-1.4.0-SNAPSHOT.jar:?]
	at org.apache.hadoop.ozone.om.OzoneManager.getFileStatus(OzoneManager.java:3533) ~[ozone-manager-1.4.0-SNAPSHOT.jar:?]
	at org.apache.hadoop.ozone.protocolPB.OzoneManagerRequestHandler.getOzoneFileStatus(OzoneManagerRequestHandler.java:971) ~[ozone-manager-1.4.0-SNAPSHOT.jar:?]
	at org.apache.hadoop.ozone.protocolPB.OzoneManagerRequestHandler.handleReadRequest(OzoneManagerRequestHandler.java:250) ~[ozone-manager-1.4.0-SNAPSHOT.jar:?]
	at org.apache.hadoop.ozone.protocolPB.OzoneManagerProtocolServerSideTranslatorPB.submitRequestDirectlyToOM(OzoneManagerProtocolServerSideTranslatorPB.java:274) ~[ozone-manager-1.4.0-SNAPSHOT.jar:?]
	at org.apache.hadoop.ozone.protocolPB.OzoneManagerProtocolServerSideTranslatorPB.processRequest(OzoneManagerProtocolServerSideTranslatorPB.java:175) ~[ozone-manager-1.4.0-SNAPSHOT.jar:?]
	at org.apache.hadoop.hdds.server.OzoneProtocolMessageDispatcher.processRequest(OzoneProtocolMessageDispatcher.java:87) [hdds-server-framework-1.4.0-SNAPSHOT.jar:?]
	at org.apache.hadoop.ozone.protocolPB.OzoneManagerProtocolServerSideTranslatorPB.submitRequest(OzoneManagerProtocolServerSideTranslatorPB.java:148) [ozone-manager-1.4.0-SNAPSHOT.jar:?]
	at org.apache.hadoop.ozone.protocol.proto.OzoneManagerProtocolProtos$OzoneManagerService$2.callBlockingMethod(OzoneManagerProtocolProtos.java) [ozone-interface-client-1.4.0-SNAPSHOT.jar:?]
	at org.apache.hadoop.ipc.ProtobufRpcEngine$Server.processCall(ProtobufRpcEngine.java:484) [hadoop-common-3.3.6.jar:?]
	at org.apache.hadoop.ipc.ProtobufRpcEngine2$Server$ProtoBufRpcInvoker.call(ProtobufRpcEngine2.java:595) [hadoop-common-3.3.6.jar:?]
	at org.apache.hadoop.ipc.ProtobufRpcEngine2$Server$ProtoBufRpcInvoker.call(ProtobufRpcEngine2.java:573) [hadoop-common-3.3.6.jar:?]
	at org.apache.hadoop.ipc.RPC$Server.call(RPC.java:1227) [hadoop-common-3.3.6.jar:?]
	at org.apache.hadoop.ipc.Server$RpcCall.run(Server.java:1094) [hadoop-common-3.3.6.jar:?]
	at org.apache.hadoop.ipc.Server$RpcCall.run(Server.java:1017) [hadoop-common-3.3.6.jar:?]
	at java.security.AccessController.doPrivileged(Native Method) ~[?:1.8.0_382]
	at javax.security.auth.Subject.doAs(Subject.java:422) [?:1.8.0_382]
	at org.apache.hadoop.security.UserGroupInformation.doAs(UserGroupInformation.java:1899) [hadoop-common-3.3.6.jar:?]
	at org.apache.hadoop.ipc.Server$Handler.run(Server.java:3048) [hadoop-common-3.3.6.jar:?]
2023-09-25 17:58:29,951 [e996d841-287d-4937-b6a3-35b5511a6c1e@group-CBC248230F26-LeaderElection18] INFO  server.RaftServer$Division (ServerState.java:setRaftConf(434)) - e996d841-287d-4937-b6a3-35b5511a6c1e@group-CBC248230F26: set configuration 0: peers:[e996d841-287d-4937-b6a3-35b5511a6c1e|rpc:10.1.0.144:15094|admin:10.1.0.144:15093|client:10.1.0.144:15092|dataStream:10.1.0.144:15095|priority:1|startupRole:FOLLOWER]|listeners:[], old=null
]]></system-out>
  </testcase>
  <testcase name="testOzoneFsServiceLoader" classname="TestRootedOzoneFileSystemWithFSO" time="0">
    <skipped message="HDDS-2939"/>
  </testcase>
  <testcase name="testOzoneFsServiceLoader" classname="TestRootedOzoneFileSystemWithFSO" time="0">
    <skipped message="HDDS-2939"/>
  </testcase>
  <testcase name="testRenameDestinationParentDoesntExist" classname="TestRootedOzoneFileSystemWithFSO" time="0.118">
    <system-out><![CDATA[2023-09-25 17:56:38,516 [Time-limited test] INFO  rpc.RpcClient (RpcClient.java:createVolume(461)) - Creating Volume: volume65624, with user31208 as owner and space quota set to -1 bytes, counts quota set to -1
2023-09-25 17:56:38,520 [OM StateMachine ApplyTransaction Thread - 0] INFO  volume.OMVolumeCreateRequest (OMVolumeCreateRequest.java:validateAndUpdateCache(196)) - created volume:volume65624 for user:user31208
2023-09-25 17:56:38,523 [Time-limited test] INFO  rpc.RpcClient (RpcClient.java:createBucket(688)) - Creating Bucket: volume65624/bucket68013, with bucket layout FILE_SYSTEM_OPTIMIZED, runner as owner, Versioning false, Storage Type set to DISK and Encryption set to false, Replication Type set to server-side default replication type, Namespace Quota set to -1, Space Quota set to -1 
2023-09-25 17:56:38,526 [OM StateMachine ApplyTransaction Thread - 0] INFO  bucket.OMBucketCreateRequest (OMBucketCreateRequest.java:validateAndUpdateCache(270)) - created bucket: bucket68013 of layout FILE_SYSTEM_OPTIMIZED in volume: volume65624
17:56:38.545 [OM StateMachine ApplyTransaction Thread - 0] ERROR OMAudit - user=runner | ip=127.0.0.1 | op=RENAME_KEY {volume=volume65624, bucket=bucket68013, dataSize=0, replicationType=NONE, replicationFactor=ZERO, srcKey=root_dir/dir1/dir2, dstKey=root_dir/b/c} | ret=FAILURE
org.apache.hadoop.ozone.om.exceptions.OMException: Failed to get parent dir root_dir/b/c, root_dir/b doesn't exist
	at org.apache.hadoop.ozone.om.request.file.OMFileRequest.getKeyParentDir(OMFileRequest.java:822) ~[ozone-manager-1.4.0-SNAPSHOT.jar:?]
	at org.apache.hadoop.ozone.om.request.key.OMKeyRenameRequestWithFSO.validateAndUpdateCache(OMKeyRenameRequestWithFSO.java:216) ~[ozone-manager-1.4.0-SNAPSHOT.jar:?]
	at org.apache.hadoop.ozone.protocolPB.OzoneManagerRequestHandler.handleWriteRequest(OzoneManagerRequestHandler.java:373) ~[ozone-manager-1.4.0-SNAPSHOT.jar:?]
	at org.apache.hadoop.ozone.om.ratis.OzoneManagerStateMachine.runCommand(OzoneManagerStateMachine.java:568) ~[ozone-manager-1.4.0-SNAPSHOT.jar:?]
	at org.apache.hadoop.ozone.om.ratis.OzoneManagerStateMachine.lambda$1(OzoneManagerStateMachine.java:359) ~[ozone-manager-1.4.0-SNAPSHOT.jar:?]
	at java.util.concurrent.CompletableFuture$AsyncSupply.run(CompletableFuture.java:1604) [?:1.8.0_382]
	at java.util.concurrent.ThreadPoolExecutor.runWorker(ThreadPoolExecutor.java:1149) [?:1.8.0_382]
	at java.util.concurrent.ThreadPoolExecutor$Worker.run(ThreadPoolExecutor.java:624) [?:1.8.0_382]
	at java.lang.Thread.run(Thread.java:750) [?:1.8.0_382]
2023-09-25 17:56:38,545 [OM StateMachine ApplyTransaction Thread - 0] ERROR key.OMKeyRenameRequestWithFSO (OMKeyRenameRequestWithFSO.java:validateAndUpdateCache(250)) - Rename key failed for volume:volume65624 bucket:bucket68013 fromKey:root_dir/dir1/dir2 toKey:root_dir/b/c. Exception: Failed to get parent dir root_dir/b/c, root_dir/b doesn't exist.
2023-09-25 17:56:38,546 [Time-limited test] ERROR ozone.BasicRootedOzoneFileSystem (BasicRootedOzoneFileSystem.java:renameFSO(486)) - rename key failed: Failed to get parent dir root_dir/b/c, root_dir/b doesn't exist. source:volume65624/bucket68013/root_dir/dir1/dir2, destin:volume65624/bucket68013/root_dir/b/c
17:56:38.579 [OM StateMachine ApplyTransaction Thread - 0] ERROR OMAudit - user=runner | ip=127.0.0.1 | op=RENAME_KEY {volume=volume65624, bucket=bucket68013, dataSize=0, replicationType=NONE, replicationFactor=ZERO, srcKey=root_dir/dir1/dir2, dstKey=root_dir/file1/c} | ret=FAILURE
org.apache.hadoop.ozone.om.exceptions.OMException: Failed to get parent dir root_dir/file1/c, root_dir/file1 is a file
	at org.apache.hadoop.ozone.om.request.file.OMFileRequest.getKeyParentDir(OMFileRequest.java:827) ~[ozone-manager-1.4.0-SNAPSHOT.jar:?]
	at org.apache.hadoop.ozone.om.request.key.OMKeyRenameRequestWithFSO.validateAndUpdateCache(OMKeyRenameRequestWithFSO.java:216) ~[ozone-manager-1.4.0-SNAPSHOT.jar:?]
	at org.apache.hadoop.ozone.protocolPB.OzoneManagerRequestHandler.handleWriteRequest(OzoneManagerRequestHandler.java:373) ~[ozone-manager-1.4.0-SNAPSHOT.jar:?]
	at org.apache.hadoop.ozone.om.ratis.OzoneManagerStateMachine.runCommand(OzoneManagerStateMachine.java:568) ~[ozone-manager-1.4.0-SNAPSHOT.jar:?]
	at org.apache.hadoop.ozone.om.ratis.OzoneManagerStateMachine.lambda$1(OzoneManagerStateMachine.java:359) ~[ozone-manager-1.4.0-SNAPSHOT.jar:?]
	at java.util.concurrent.CompletableFuture$AsyncSupply.run(CompletableFuture.java:1604) [?:1.8.0_382]
	at java.util.concurrent.ThreadPoolExecutor.runWorker(ThreadPoolExecutor.java:1149) [?:1.8.0_382]
	at java.util.concurrent.ThreadPoolExecutor$Worker.run(ThreadPoolExecutor.java:624) [?:1.8.0_382]
	at java.lang.Thread.run(Thread.java:750) [?:1.8.0_382]
2023-09-25 17:56:38,579 [OM StateMachine ApplyTransaction Thread - 0] ERROR key.OMKeyRenameRequestWithFSO (OMKeyRenameRequestWithFSO.java:validateAndUpdateCache(250)) - Rename key failed for volume:volume65624 bucket:bucket68013 fromKey:root_dir/dir1/dir2 toKey:root_dir/file1/c. Exception: Failed to get parent dir root_dir/file1/c, root_dir/file1 is a file.
2023-09-25 17:56:38,580 [Time-limited test] ERROR ozone.BasicRootedOzoneFileSystem (BasicRootedOzoneFileSystem.java:renameFSO(486)) - rename key failed: Failed to get parent dir root_dir/file1/c, root_dir/file1 is a file. source:volume65624/bucket68013/root_dir/dir1/dir2, destin:volume65624/bucket68013/root_dir/file1/c
]]></system-out>
  </testcase>
  <testcase name="testRenameDestinationParentDoesntExist" classname="TestRootedOzoneFileSystemWithFSO" time="0.05">
    <system-out><![CDATA[2023-09-25 17:58:30,036 [Time-limited test] INFO  rpc.RpcClient (RpcClient.java:createVolume(461)) - Creating Volume: volume75580, with user77618 as owner and space quota set to -1 bytes, counts quota set to -1
2023-09-25 17:58:30,038 [IPC Server handler 7 on default port 15057] INFO  volume.OMVolumeCreateRequest (OMVolumeCreateRequest.java:validateAndUpdateCache(196)) - created volume:volume75580 for user:user77618
2023-09-25 17:58:30,039 [Time-limited test] INFO  rpc.RpcClient (RpcClient.java:createBucket(688)) - Creating Bucket: volume75580/bucket65019, with bucket layout FILE_SYSTEM_OPTIMIZED, runner as owner, Versioning false, Storage Type set to DISK and Encryption set to false, Replication Type set to server-side default replication type, Namespace Quota set to -1, Space Quota set to -1 
2023-09-25 17:58:30,039 [IPC Server handler 10 on default port 15057] INFO  bucket.OMBucketCreateRequest (OMBucketCreateRequest.java:validateAndUpdateCache(270)) - created bucket: bucket65019 of layout FILE_SYSTEM_OPTIMIZED in volume: volume75580
17:58:30.045 [IPC Server handler 16 on default port 15057] ERROR OMAudit - user=runner | ip=127.0.0.1 | op=RENAME_KEY {volume=volume75580, bucket=bucket65019, dataSize=0, replicationType=NONE, replicationFactor=ZERO, srcKey=root_dir/dir1/dir2, dstKey=root_dir/b/c} | ret=FAILURE
org.apache.hadoop.ozone.om.exceptions.OMException: Failed to get parent dir root_dir/b/c, root_dir/b doesn't exist
	at org.apache.hadoop.ozone.om.request.file.OMFileRequest.getKeyParentDir(OMFileRequest.java:822) ~[ozone-manager-1.4.0-SNAPSHOT.jar:?]
	at org.apache.hadoop.ozone.om.request.key.OMKeyRenameRequestWithFSO.validateAndUpdateCache(OMKeyRenameRequestWithFSO.java:216) ~[ozone-manager-1.4.0-SNAPSHOT.jar:?]
	at org.apache.hadoop.ozone.protocolPB.OzoneManagerRequestHandler.handleWriteRequest(OzoneManagerRequestHandler.java:373) ~[ozone-manager-1.4.0-SNAPSHOT.jar:?]
	at org.apache.hadoop.ozone.protocolPB.OzoneManagerProtocolServerSideTranslatorPB.submitRequestDirectlyToOM(OzoneManagerProtocolServerSideTranslatorPB.java:280) ~[ozone-manager-1.4.0-SNAPSHOT.jar:?]
	at org.apache.hadoop.ozone.protocolPB.OzoneManagerProtocolServerSideTranslatorPB.processRequest(OzoneManagerProtocolServerSideTranslatorPB.java:175) ~[ozone-manager-1.4.0-SNAPSHOT.jar:?]
	at org.apache.hadoop.hdds.server.OzoneProtocolMessageDispatcher.processRequest(OzoneProtocolMessageDispatcher.java:87) [hdds-server-framework-1.4.0-SNAPSHOT.jar:?]
	at org.apache.hadoop.ozone.protocolPB.OzoneManagerProtocolServerSideTranslatorPB.submitRequest(OzoneManagerProtocolServerSideTranslatorPB.java:148) [ozone-manager-1.4.0-SNAPSHOT.jar:?]
	at org.apache.hadoop.ozone.protocol.proto.OzoneManagerProtocolProtos$OzoneManagerService$2.callBlockingMethod(OzoneManagerProtocolProtos.java) [ozone-interface-client-1.4.0-SNAPSHOT.jar:?]
	at org.apache.hadoop.ipc.ProtobufRpcEngine$Server.processCall(ProtobufRpcEngine.java:484) [hadoop-common-3.3.6.jar:?]
	at org.apache.hadoop.ipc.ProtobufRpcEngine2$Server$ProtoBufRpcInvoker.call(ProtobufRpcEngine2.java:595) [hadoop-common-3.3.6.jar:?]
	at org.apache.hadoop.ipc.ProtobufRpcEngine2$Server$ProtoBufRpcInvoker.call(ProtobufRpcEngine2.java:573) [hadoop-common-3.3.6.jar:?]
	at org.apache.hadoop.ipc.RPC$Server.call(RPC.java:1227) [hadoop-common-3.3.6.jar:?]
	at org.apache.hadoop.ipc.Server$RpcCall.run(Server.java:1094) [hadoop-common-3.3.6.jar:?]
	at org.apache.hadoop.ipc.Server$RpcCall.run(Server.java:1017) [hadoop-common-3.3.6.jar:?]
	at java.security.AccessController.doPrivileged(Native Method) ~[?:1.8.0_382]
	at javax.security.auth.Subject.doAs(Subject.java:422) [?:1.8.0_382]
	at org.apache.hadoop.security.UserGroupInformation.doAs(UserGroupInformation.java:1899) [hadoop-common-3.3.6.jar:?]
	at org.apache.hadoop.ipc.Server$Handler.run(Server.java:3048) [hadoop-common-3.3.6.jar:?]
2023-09-25 17:58:30,046 [IPC Server handler 16 on default port 15057] ERROR key.OMKeyRenameRequestWithFSO (OMKeyRenameRequestWithFSO.java:validateAndUpdateCache(250)) - Rename key failed for volume:volume75580 bucket:bucket65019 fromKey:root_dir/dir1/dir2 toKey:root_dir/b/c. Exception: Failed to get parent dir root_dir/b/c, root_dir/b doesn't exist.
2023-09-25 17:58:30,048 [Time-limited test] ERROR ozone.BasicRootedOzoneFileSystem (BasicRootedOzoneFileSystem.java:renameFSO(486)) - rename key failed: Failed to get parent dir root_dir/b/c, root_dir/b doesn't exist. source:volume75580/bucket65019/root_dir/dir1/dir2, destin:volume75580/bucket65019/root_dir/b/c
17:58:30.057 [IPC Server handler 1 on default port 15057] ERROR OMAudit - user=runner | ip=127.0.0.1 | op=RENAME_KEY {volume=volume75580, bucket=bucket65019, dataSize=0, replicationType=NONE, replicationFactor=ZERO, srcKey=root_dir/dir1/dir2, dstKey=root_dir/file1/c} | ret=FAILURE
org.apache.hadoop.ozone.om.exceptions.OMException: Failed to get parent dir root_dir/file1/c, root_dir/file1 is a file
	at org.apache.hadoop.ozone.om.request.file.OMFileRequest.getKeyParentDir(OMFileRequest.java:827) ~[ozone-manager-1.4.0-SNAPSHOT.jar:?]
	at org.apache.hadoop.ozone.om.request.key.OMKeyRenameRequestWithFSO.validateAndUpdateCache(OMKeyRenameRequestWithFSO.java:216) ~[ozone-manager-1.4.0-SNAPSHOT.jar:?]
	at org.apache.hadoop.ozone.protocolPB.OzoneManagerRequestHandler.handleWriteRequest(OzoneManagerRequestHandler.java:373) ~[ozone-manager-1.4.0-SNAPSHOT.jar:?]
	at org.apache.hadoop.ozone.protocolPB.OzoneManagerProtocolServerSideTranslatorPB.submitRequestDirectlyToOM(OzoneManagerProtocolServerSideTranslatorPB.java:280) ~[ozone-manager-1.4.0-SNAPSHOT.jar:?]
	at org.apache.hadoop.ozone.protocolPB.OzoneManagerProtocolServerSideTranslatorPB.processRequest(OzoneManagerProtocolServerSideTranslatorPB.java:175) ~[ozone-manager-1.4.0-SNAPSHOT.jar:?]
	at org.apache.hadoop.hdds.server.OzoneProtocolMessageDispatcher.processRequest(OzoneProtocolMessageDispatcher.java:87) [hdds-server-framework-1.4.0-SNAPSHOT.jar:?]
	at org.apache.hadoop.ozone.protocolPB.OzoneManagerProtocolServerSideTranslatorPB.submitRequest(OzoneManagerProtocolServerSideTranslatorPB.java:148) [ozone-manager-1.4.0-SNAPSHOT.jar:?]
	at org.apache.hadoop.ozone.protocol.proto.OzoneManagerProtocolProtos$OzoneManagerService$2.callBlockingMethod(OzoneManagerProtocolProtos.java) [ozone-interface-client-1.4.0-SNAPSHOT.jar:?]
	at org.apache.hadoop.ipc.ProtobufRpcEngine$Server.processCall(ProtobufRpcEngine.java:484) [hadoop-common-3.3.6.jar:?]
	at org.apache.hadoop.ipc.ProtobufRpcEngine2$Server$ProtoBufRpcInvoker.call(ProtobufRpcEngine2.java:595) [hadoop-common-3.3.6.jar:?]
	at org.apache.hadoop.ipc.ProtobufRpcEngine2$Server$ProtoBufRpcInvoker.call(ProtobufRpcEngine2.java:573) [hadoop-common-3.3.6.jar:?]
	at org.apache.hadoop.ipc.RPC$Server.call(RPC.java:1227) [hadoop-common-3.3.6.jar:?]
	at org.apache.hadoop.ipc.Server$RpcCall.run(Server.java:1094) [hadoop-common-3.3.6.jar:?]
	at org.apache.hadoop.ipc.Server$RpcCall.run(Server.java:1017) [hadoop-common-3.3.6.jar:?]
	at java.security.AccessController.doPrivileged(Native Method) ~[?:1.8.0_382]
	at javax.security.auth.Subject.doAs(Subject.java:422) [?:1.8.0_382]
	at org.apache.hadoop.security.UserGroupInformation.doAs(UserGroupInformation.java:1899) [hadoop-common-3.3.6.jar:?]
	at org.apache.hadoop.ipc.Server$Handler.run(Server.java:3048) [hadoop-common-3.3.6.jar:?]
2023-09-25 17:58:30,057 [IPC Server handler 1 on default port 15057] ERROR key.OMKeyRenameRequestWithFSO (OMKeyRenameRequestWithFSO.java:validateAndUpdateCache(250)) - Rename key failed for volume:volume75580 bucket:bucket65019 fromKey:root_dir/dir1/dir2 toKey:root_dir/file1/c. Exception: Failed to get parent dir root_dir/file1/c, root_dir/file1 is a file.
2023-09-25 17:58:30,057 [Time-limited test] ERROR ozone.BasicRootedOzoneFileSystem (BasicRootedOzoneFileSystem.java:renameFSO(486)) - rename key failed: Failed to get parent dir root_dir/file1/c, root_dir/file1 is a file. source:volume75580/bucket65019/root_dir/dir1/dir2, destin:volume75580/bucket65019/root_dir/file1/c
]]></system-out>
  </testcase>
  <testcase name="testCreateWithInvalidPaths" classname="TestRootedOzoneFileSystemWithFSO" time="0">
    <skipped message="HDDS-2939"/>
  </testcase>
  <testcase name="testCreateWithInvalidPaths" classname="TestRootedOzoneFileSystemWithFSO" time="0">
    <skipped message="HDDS-2939"/>
  </testcase>
  <testcase name="testListStatusFSO" classname="TestRootedOzoneFileSystemWithFSO" time="18.476">
    <system-out><![CDATA[2023-09-25 17:56:38,640 [Time-limited test] INFO  rpc.RpcClient (RpcClient.java:createVolume(461)) - Creating Volume: volume88804, with user69097 as owner and space quota set to -1 bytes, counts quota set to -1
2023-09-25 17:56:38,644 [OM StateMachine ApplyTransaction Thread - 0] INFO  volume.OMVolumeCreateRequest (OMVolumeCreateRequest.java:validateAndUpdateCache(196)) - created volume:volume88804 for user:user69097
2023-09-25 17:56:38,647 [Time-limited test] INFO  rpc.RpcClient (RpcClient.java:createBucket(688)) - Creating Bucket: volume88804/bucket28129, with bucket layout FILE_SYSTEM_OPTIMIZED, runner as owner, Versioning false, Storage Type set to DISK and Encryption set to false, Replication Type set to server-side default replication type, Namespace Quota set to -1, Space Quota set to -1 
2023-09-25 17:56:38,650 [OM StateMachine ApplyTransaction Thread - 0] INFO  bucket.OMBucketCreateRequest (OMBucketCreateRequest.java:validateAndUpdateCache(270)) - created bucket: bucket28129 of layout FILE_SYSTEM_OPTIMIZED in volume: volume88804
2023-09-25 17:56:53,411 [JvmPauseMonitor1] WARN  util.JvmPauseMonitor (JvmPauseMonitor.java:detectPause(124)) - JvmPauseMonitor-om1: Detected pause in JVM or host machine approximately 0.298s with 0.774s GC time.
GC pool 'PS MarkSweep' had collection(s): count=1 time=625ms
GC pool 'PS Scavenge' had collection(s): count=1 time=149ms
2023-09-25 17:56:53,412 [JvmPauseMonitor5] WARN  util.JvmPauseMonitor (JvmPauseMonitor.java:detectPause(124)) - JvmPauseMonitor-193d77cf-0768-416f-bba4-4eb853aeaf3c: Detected pause in JVM or host machine approximately 0.354s with 0.774s GC time.
GC pool 'PS MarkSweep' had collection(s): count=1 time=625ms
GC pool 'PS Scavenge' had collection(s): count=1 time=149ms
2023-09-25 17:56:53,413 [JvmPauseMonitor0] WARN  util.JvmPauseMonitor (JvmPauseMonitor.java:detectPause(124)) - JvmPauseMonitor-50c6b267-a86a-4f90-b084-fbafedf135d2: Detected pause in JVM or host machine approximately 0.471s with 0.774s GC time.
GC pool 'PS MarkSweep' had collection(s): count=1 time=625ms
GC pool 'PS Scavenge' had collection(s): count=1 time=149ms
2023-09-25 17:56:53,415 [JvmPauseMonitor6] WARN  util.JvmPauseMonitor (JvmPauseMonitor.java:detectPause(124)) - JvmPauseMonitor-547bcca7-662f-4506-ab3e-0bdf08a2cfda: Detected pause in JVM or host machine approximately 0.492s with 0.774s GC time.
GC pool 'PS MarkSweep' had collection(s): count=1 time=625ms
GC pool 'PS Scavenge' had collection(s): count=1 time=149ms
2023-09-25 17:56:53,415 [JvmPauseMonitor4] WARN  util.JvmPauseMonitor (JvmPauseMonitor.java:detectPause(124)) - JvmPauseMonitor-1be5c5f2-a8c9-4995-9125-aff50ea2da2d: Detected pause in JVM or host machine approximately 0.524s with 0.774s GC time.
GC pool 'PS MarkSweep' had collection(s): count=1 time=625ms
GC pool 'PS Scavenge' had collection(s): count=1 time=149ms
2023-09-25 17:56:53,415 [JvmPauseMonitor3] WARN  util.JvmPauseMonitor (JvmPauseMonitor.java:detectPause(124)) - JvmPauseMonitor-07de5ce2-8a0b-4f06-859c-06527793f6e4: Detected pause in JVM or host machine approximately 0.533s with 0.774s GC time.
GC pool 'PS MarkSweep' had collection(s): count=1 time=625ms
GC pool 'PS Scavenge' had collection(s): count=1 time=149ms
2023-09-25 17:56:53,415 [JvmPauseMonitor2] WARN  util.JvmPauseMonitor (JvmPauseMonitor.java:detectPause(124)) - JvmPauseMonitor-7c2da756-7def-47bc-b4fd-fb4319f4a659: Detected pause in JVM or host machine approximately 0.535s with 0.774s GC time.
GC pool 'PS MarkSweep' had collection(s): count=1 time=625ms
GC pool 'PS Scavenge' had collection(s): count=1 time=149ms
2023-09-25 17:56:54,489 [IPC Server handler 2 on default port 15001] INFO  ha.SequenceIdGenerator (SequenceIdGenerator.java:getNextId(140)) - Allocate a batch for localId, change lastId from 111677748019201000 to 111677748019202000.
]]></system-out>
  </testcase>
  <testcase name="testListStatusFSO" classname="TestRootedOzoneFileSystemWithFSO" time="8.85">
    <system-out><![CDATA[2023-09-25 17:58:30,098 [Time-limited test] INFO  rpc.RpcClient (RpcClient.java:createVolume(461)) - Creating Volume: volume50926, with user52939 as owner and space quota set to -1 bytes, counts quota set to -1
2023-09-25 17:58:30,099 [IPC Server handler 18 on default port 15057] INFO  volume.OMVolumeCreateRequest (OMVolumeCreateRequest.java:validateAndUpdateCache(196)) - created volume:volume50926 for user:user52939
2023-09-25 17:58:30,101 [Time-limited test] INFO  rpc.RpcClient (RpcClient.java:createBucket(688)) - Creating Bucket: volume50926/bucket26729, with bucket layout FILE_SYSTEM_OPTIMIZED, runner as owner, Versioning false, Storage Type set to DISK and Encryption set to false, Replication Type set to server-side default replication type, Namespace Quota set to -1, Space Quota set to -1 
2023-09-25 17:58:30,101 [IPC Server handler 19 on default port 15057] INFO  bucket.OMBucketCreateRequest (OMBucketCreateRequest.java:validateAndUpdateCache(270)) - created bucket: bucket26729 of layout FILE_SYSTEM_OPTIMIZED in volume: volume50926
2023-09-25 17:58:30,154 [4cd7b50a-b530-4fcc-bddc-ce049f20e72b@group-75C38D5DDACB-FollowerState] INFO  impl.FollowerState (FollowerState.java:run(143)) - 4cd7b50a-b530-4fcc-bddc-ce049f20e72b@group-75C38D5DDACB-FollowerState: change to CANDIDATE, lastRpcElapsedTime:5037027274ns, electionTimeout:5033ms
2023-09-25 17:58:30,154 [4cd7b50a-b530-4fcc-bddc-ce049f20e72b@group-75C38D5DDACB-FollowerState] INFO  impl.RoleInfo (RoleInfo.java:shutdownFollowerState(110)) - 4cd7b50a-b530-4fcc-bddc-ce049f20e72b: shutdown 4cd7b50a-b530-4fcc-bddc-ce049f20e72b@group-75C38D5DDACB-FollowerState
2023-09-25 17:58:30,154 [4cd7b50a-b530-4fcc-bddc-ce049f20e72b@group-75C38D5DDACB-FollowerState] INFO  server.RaftServer$Division (RaftServerImpl.java:setRole(329)) - 4cd7b50a-b530-4fcc-bddc-ce049f20e72b@group-75C38D5DDACB: changes role from  FOLLOWER to CANDIDATE at term 0 for changeToCandidate
2023-09-25 17:58:30,154 [4cd7b50a-b530-4fcc-bddc-ce049f20e72b@group-75C38D5DDACB-FollowerState] INFO  server.RaftServerConfigKeys (ConfUtils.java:logGet(46)) - raft.server.leaderelection.pre-vote = true (default)
2023-09-25 17:58:30,154 [4cd7b50a-b530-4fcc-bddc-ce049f20e72b@group-75C38D5DDACB-FollowerState] INFO  impl.RoleInfo (RoleInfo.java:updateAndGet(139)) - 4cd7b50a-b530-4fcc-bddc-ce049f20e72b: start 4cd7b50a-b530-4fcc-bddc-ce049f20e72b@group-75C38D5DDACB-LeaderElection19
2023-09-25 17:58:30,165 [4cd7b50a-b530-4fcc-bddc-ce049f20e72b@group-75C38D5DDACB-LeaderElection19] INFO  impl.LeaderElection (LeaderElection.java:askForVotes(321)) - 4cd7b50a-b530-4fcc-bddc-ce049f20e72b@group-75C38D5DDACB-LeaderElection19 PRE_VOTE round 0: submit vote requests at term 0 for -1: peers:[4cd7b50a-b530-4fcc-bddc-ce049f20e72b|rpc:10.1.0.144:15103|admin:10.1.0.144:15102|client:10.1.0.144:15101|dataStream:10.1.0.144:15104|priority:1|startupRole:FOLLOWER]|listeners:[], old=null
2023-09-25 17:58:30,165 [4cd7b50a-b530-4fcc-bddc-ce049f20e72b@group-75C38D5DDACB-LeaderElection19] INFO  impl.LeaderElection (LeaderElection.java:askForVotes(323)) - 4cd7b50a-b530-4fcc-bddc-ce049f20e72b@group-75C38D5DDACB-LeaderElection19 PRE_VOTE round 0: result PASSED (term=0)
2023-09-25 17:58:30,168 [4cd7b50a-b530-4fcc-bddc-ce049f20e72b@group-75C38D5DDACB-LeaderElection19] INFO  impl.LeaderElection (LeaderElection.java:askForVotes(321)) - 4cd7b50a-b530-4fcc-bddc-ce049f20e72b@group-75C38D5DDACB-LeaderElection19 ELECTION round 0: submit vote requests at term 1 for -1: peers:[4cd7b50a-b530-4fcc-bddc-ce049f20e72b|rpc:10.1.0.144:15103|admin:10.1.0.144:15102|client:10.1.0.144:15101|dataStream:10.1.0.144:15104|priority:1|startupRole:FOLLOWER]|listeners:[], old=null
2023-09-25 17:58:30,168 [4cd7b50a-b530-4fcc-bddc-ce049f20e72b@group-75C38D5DDACB-LeaderElection19] INFO  impl.LeaderElection (LeaderElection.java:askForVotes(323)) - 4cd7b50a-b530-4fcc-bddc-ce049f20e72b@group-75C38D5DDACB-LeaderElection19 ELECTION round 0: result PASSED (term=1)
2023-09-25 17:58:30,173 [4cd7b50a-b530-4fcc-bddc-ce049f20e72b@group-75C38D5DDACB-LeaderElection19] INFO  impl.RoleInfo (RoleInfo.java:shutdownLeaderElection(130)) - 4cd7b50a-b530-4fcc-bddc-ce049f20e72b: shutdown 4cd7b50a-b530-4fcc-bddc-ce049f20e72b@group-75C38D5DDACB-LeaderElection19
2023-09-25 17:58:30,173 [4cd7b50a-b530-4fcc-bddc-ce049f20e72b@group-75C38D5DDACB-LeaderElection19] INFO  server.RaftServer$Division (RaftServerImpl.java:setRole(329)) - 4cd7b50a-b530-4fcc-bddc-ce049f20e72b@group-75C38D5DDACB: changes role from CANDIDATE to LEADER at term 1 for changeToLeader
2023-09-25 17:58:30,173 [4cd7b50a-b530-4fcc-bddc-ce049f20e72b@group-75C38D5DDACB-LeaderElection19] INFO  ratis.XceiverServerRatis (XceiverServerRatis.java:handleLeaderChangedNotification(902)) - Leader change notification received for group: group-75C38D5DDACB with new leaderId: 4cd7b50a-b530-4fcc-bddc-ce049f20e72b
2023-09-25 17:58:30,173 [4cd7b50a-b530-4fcc-bddc-ce049f20e72b@group-75C38D5DDACB-LeaderElection19] INFO  server.RaftServer$Division (ServerState.java:setLeader(317)) - 4cd7b50a-b530-4fcc-bddc-ce049f20e72b@group-75C38D5DDACB: change Leader from null to 4cd7b50a-b530-4fcc-bddc-ce049f20e72b at term 1 for becomeLeader, leader elected after 5075ms
2023-09-25 17:58:30,173 [4cd7b50a-b530-4fcc-bddc-ce049f20e72b@group-75C38D5DDACB-LeaderElection19] INFO  server.RaftServerConfigKeys (ConfUtils.java:logGet(46)) - raft.server.staging.catchup.gap = 1000 (default)
2023-09-25 17:58:30,174 [4cd7b50a-b530-4fcc-bddc-ce049f20e72b@group-75C38D5DDACB-LeaderElection19] INFO  server.RaftServerConfigKeys (ConfUtils.java:logGet(46)) - raft.server.write.element-limit = 1024 (custom)
2023-09-25 17:58:30,174 [4cd7b50a-b530-4fcc-bddc-ce049f20e72b@group-75C38D5DDACB-LeaderElection19] INFO  server.RaftServerConfigKeys (ConfUtils.java:logGet(46)) - raft.server.write.byte-limit = 1024 M (=1073741824) (custom)
2023-09-25 17:58:30,174 [4cd7b50a-b530-4fcc-bddc-ce049f20e72b@group-75C38D5DDACB-LeaderElection19] INFO  server.RaftServerConfigKeys (ConfUtils.java:logGet(46)) - raft.server.watch.timeout = 180s (custom)
2023-09-25 17:58:30,174 [4cd7b50a-b530-4fcc-bddc-ce049f20e72b@group-75C38D5DDACB-LeaderElection19] INFO  server.RaftServerConfigKeys (ConfUtils.java:logGet(46)) - raft.server.watch.timeout.denomination = 1s (default)
2023-09-25 17:58:30,174 [4cd7b50a-b530-4fcc-bddc-ce049f20e72b@group-75C38D5DDACB-LeaderElection19] INFO  server.RaftServerConfigKeys (ConfUtils.java:logGet(46)) - raft.server.watch.element-limit = 65536 (default)
2023-09-25 17:58:30,178 [4cd7b50a-b530-4fcc-bddc-ce049f20e72b@group-75C38D5DDACB-LeaderElection19] INFO  server.RaftServerConfigKeys (ConfUtils.java:logGet(46)) - raft.server.write.element-limit = 1024 (custom)
2023-09-25 17:58:30,182 [4cd7b50a-b530-4fcc-bddc-ce049f20e72b@group-75C38D5DDACB-LeaderElection19] INFO  server.RaftServerConfigKeys (ConfUtils.java:logGet(46)) - raft.server.write.follower.gap.ratio.max = -1.0 (default)
2023-09-25 17:58:30,182 [4cd7b50a-b530-4fcc-bddc-ce049f20e72b@group-75C38D5DDACB-LeaderElection19] INFO  impl.RoleInfo (RoleInfo.java:updateAndGet(139)) - 4cd7b50a-b530-4fcc-bddc-ce049f20e72b: start 4cd7b50a-b530-4fcc-bddc-ce049f20e72b@group-75C38D5DDACB-LeaderStateImpl
2023-09-25 17:58:30,197 [4cd7b50a-b530-4fcc-bddc-ce049f20e72b@group-75C38D5DDACB-LeaderElection19] INFO  segmented.SegmentedRaftLogWorker (SegmentedRaftLogWorker.java:startLogSegment(447)) - 4cd7b50a-b530-4fcc-bddc-ce049f20e72b@group-75C38D5DDACB-SegmentedRaftLogWorker: Starting segment from index:0
2023-09-25 17:58:30,197 [4cd7b50a-b530-4fcc-bddc-ce049f20e72b@group-75C38D5DDACB-LeaderElection19] INFO  server.RaftServer$Division (ServerState.java:setRaftConf(434)) - 4cd7b50a-b530-4fcc-bddc-ce049f20e72b@group-75C38D5DDACB: set configuration 0: peers:[4cd7b50a-b530-4fcc-bddc-ce049f20e72b|rpc:10.1.0.144:15103|admin:10.1.0.144:15102|client:10.1.0.144:15101|dataStream:10.1.0.144:15104|priority:1|startupRole:FOLLOWER]|listeners:[], old=null
2023-09-25 17:58:30,214 [4cd7b50a-b530-4fcc-bddc-ce049f20e72b@group-75C38D5DDACB-SegmentedRaftLogWorker] INFO  segmented.SegmentedRaftLogWorker (SegmentedRaftLogWorker.java:execute(651)) - 4cd7b50a-b530-4fcc-bddc-ce049f20e72b@group-75C38D5DDACB-SegmentedRaftLogWorker: created new log segment /home/runner/work/ozone/ozone/hadoop-ozone/integration-test/target/test-dir/MiniOzoneClusterImpl-943d6ebb-9f51-4477-b660-6e407d8e3762/datanode-4/data/ratis/36521b71-bd0e-496e-ae82-75c38d5ddacb/current/log_inprogress_0
2023-09-25 17:58:37,062 [JvmPauseMonitor11] WARN  util.JvmPauseMonitor (JvmPauseMonitor.java:detectPause(124)) - JvmPauseMonitor-8558cc9e-2498-48a0-8a6c-35e11e299077: Detected pause in JVM or host machine approximately 0.131s with 0.140s GC time.
GC pool 'PS Scavenge' had collection(s): count=1 time=140ms
2023-09-25 17:58:37,479 [IPC Server handler 0 on default port 15054] INFO  ha.SequenceIdGenerator (SequenceIdGenerator.java:getNextId(140)) - Allocate a batch for localId, change lastId from 111677748019201000 to 111677748019202000.
]]></system-out>
  </testcase>
  <testcase name="testDeleteEmptyVolume" classname="TestRootedOzoneFileSystemWithFSO" time="0">
    <skipped message="HDDS-2939"/>
  </testcase>
  <testcase name="testDeleteEmptyVolume" classname="TestRootedOzoneFileSystemWithFSO" time="0">
    <skipped message="HDDS-2939"/>
  </testcase>
  <testcase name="testMkdirNonExistentVolume" classname="TestRootedOzoneFileSystemWithFSO" time="0">
    <skipped message="HDDS-2939"/>
  </testcase>
  <testcase name="testMkdirNonExistentVolume" classname="TestRootedOzoneFileSystemWithFSO" time="0">
    <skipped message="HDDS-2939"/>
  </testcase>
  <testcase name="testRenameFile" classname="TestRootedOzoneFileSystemWithFSO" time="0.086">
    <system-out><![CDATA[2023-09-25 17:56:57,116 [Time-limited test] INFO  rpc.RpcClient (RpcClient.java:createVolume(461)) - Creating Volume: volume12983, with user08286 as owner and space quota set to -1 bytes, counts quota set to -1
2023-09-25 17:56:57,135 [OM StateMachine ApplyTransaction Thread - 0] INFO  volume.OMVolumeCreateRequest (OMVolumeCreateRequest.java:validateAndUpdateCache(196)) - created volume:volume12983 for user:user08286
2023-09-25 17:56:57,140 [Time-limited test] INFO  rpc.RpcClient (RpcClient.java:createBucket(688)) - Creating Bucket: volume12983/bucket14278, with bucket layout FILE_SYSTEM_OPTIMIZED, runner as owner, Versioning false, Storage Type set to DISK and Encryption set to false, Replication Type set to server-side default replication type, Namespace Quota set to -1, Space Quota set to -1 
2023-09-25 17:56:57,142 [OM StateMachine ApplyTransaction Thread - 0] INFO  bucket.OMBucketCreateRequest (OMBucketCreateRequest.java:validateAndUpdateCache(270)) - created bucket: bucket14278 of layout FILE_SYSTEM_OPTIMIZED in volume: volume12983
]]></system-out>
  </testcase>
  <testcase name="testRenameFile" classname="TestRootedOzoneFileSystemWithFSO" time="0.044">
    <system-out><![CDATA[2023-09-25 17:58:38,938 [Time-limited test] INFO  rpc.RpcClient (RpcClient.java:createVolume(461)) - Creating Volume: volume44210, with user42010 as owner and space quota set to -1 bytes, counts quota set to -1
2023-09-25 17:58:38,939 [IPC Server handler 2 on default port 15057] INFO  volume.OMVolumeCreateRequest (OMVolumeCreateRequest.java:validateAndUpdateCache(196)) - created volume:volume44210 for user:user42010
2023-09-25 17:58:38,940 [Time-limited test] INFO  rpc.RpcClient (RpcClient.java:createBucket(688)) - Creating Bucket: volume44210/bucket65918, with bucket layout FILE_SYSTEM_OPTIMIZED, runner as owner, Versioning false, Storage Type set to DISK and Encryption set to false, Replication Type set to server-side default replication type, Namespace Quota set to -1, Space Quota set to -1 
2023-09-25 17:58:38,940 [IPC Server handler 3 on default port 15057] INFO  bucket.OMBucketCreateRequest (OMBucketCreateRequest.java:validateAndUpdateCache(270)) - created bucket: bucket65918 of layout FILE_SYSTEM_OPTIMIZED in volume: volume44210
]]></system-out>
  </testcase>
  <testcase name="testListStatusRootAndVolumeRecursive" classname="TestRootedOzoneFileSystemWithFSO" time="0.055">
    <system-out><![CDATA[2023-09-25 17:56:57,208 [Time-limited test] INFO  rpc.RpcClient (RpcClient.java:createVolume(461)) - Creating Volume: volume92004, with user50943 as owner and space quota set to -1 bytes, counts quota set to -1
2023-09-25 17:56:57,212 [OM StateMachine ApplyTransaction Thread - 0] INFO  volume.OMVolumeCreateRequest (OMVolumeCreateRequest.java:validateAndUpdateCache(196)) - created volume:volume92004 for user:user50943
2023-09-25 17:56:57,219 [Time-limited test] INFO  rpc.RpcClient (RpcClient.java:createBucket(688)) - Creating Bucket: volume92004/bucket60068, with bucket layout FILE_SYSTEM_OPTIMIZED, runner as owner, Versioning false, Storage Type set to DISK and Encryption set to false, Replication Type set to server-side default replication type, Namespace Quota set to -1, Space Quota set to -1 
2023-09-25 17:56:57,221 [OM StateMachine ApplyTransaction Thread - 0] INFO  bucket.OMBucketCreateRequest (OMBucketCreateRequest.java:validateAndUpdateCache(270)) - created bucket: bucket60068 of layout FILE_SYSTEM_OPTIMIZED in volume: volume92004
]]></system-out>
  </testcase>
  <testcase name="testListStatusRootAndVolumeRecursive" classname="TestRootedOzoneFileSystemWithFSO" time="0.024">
    <system-out><![CDATA[2023-09-25 17:58:38,978 [Time-limited test] INFO  rpc.RpcClient (RpcClient.java:createVolume(461)) - Creating Volume: volume54671, with user81790 as owner and space quota set to -1 bytes, counts quota set to -1
2023-09-25 17:58:38,978 [IPC Server handler 17 on default port 15057] INFO  volume.OMVolumeCreateRequest (OMVolumeCreateRequest.java:validateAndUpdateCache(196)) - created volume:volume54671 for user:user81790
2023-09-25 17:58:38,979 [Time-limited test] INFO  rpc.RpcClient (RpcClient.java:createBucket(688)) - Creating Bucket: volume54671/bucket60492, with bucket layout FILE_SYSTEM_OPTIMIZED, runner as owner, Versioning false, Storage Type set to DISK and Encryption set to false, Replication Type set to server-side default replication type, Namespace Quota set to -1, Space Quota set to -1 
2023-09-25 17:58:38,980 [IPC Server handler 15 on default port 15057] INFO  bucket.OMBucketCreateRequest (OMBucketCreateRequest.java:validateAndUpdateCache(270)) - created bucket: bucket60492 of layout FILE_SYSTEM_OPTIMIZED in volume: volume54671
]]></system-out>
  </testcase>
  <testcase name="testListStatusIteratorOnSubDirs" classname="TestRootedOzoneFileSystemWithFSO" time="0.095">
    <system-out><![CDATA[2023-09-25 17:56:57,273 [Time-limited test] INFO  rpc.RpcClient (RpcClient.java:createVolume(461)) - Creating Volume: volume80744, with user56869 as owner and space quota set to -1 bytes, counts quota set to -1
2023-09-25 17:56:57,277 [OM StateMachine ApplyTransaction Thread - 0] INFO  volume.OMVolumeCreateRequest (OMVolumeCreateRequest.java:validateAndUpdateCache(196)) - created volume:volume80744 for user:user56869
2023-09-25 17:56:57,279 [Time-limited test] INFO  rpc.RpcClient (RpcClient.java:createBucket(688)) - Creating Bucket: volume80744/bucket90579, with bucket layout FILE_SYSTEM_OPTIMIZED, runner as owner, Versioning false, Storage Type set to DISK and Encryption set to false, Replication Type set to server-side default replication type, Namespace Quota set to -1, Space Quota set to -1 
2023-09-25 17:56:57,281 [OM StateMachine ApplyTransaction Thread - 0] INFO  bucket.OMBucketCreateRequest (OMBucketCreateRequest.java:validateAndUpdateCache(270)) - created bucket: bucket90579 of layout FILE_SYSTEM_OPTIMIZED in volume: volume80744
]]></system-out>
  </testcase>
  <testcase name="testListStatusIteratorOnSubDirs" classname="TestRootedOzoneFileSystemWithFSO" time="0.048">
    <system-out><![CDATA[2023-09-25 17:58:39,006 [Time-limited test] INFO  rpc.RpcClient (RpcClient.java:createVolume(461)) - Creating Volume: volume22997, with user01382 as owner and space quota set to -1 bytes, counts quota set to -1
2023-09-25 17:58:39,006 [IPC Server handler 13 on default port 15057] INFO  volume.OMVolumeCreateRequest (OMVolumeCreateRequest.java:validateAndUpdateCache(196)) - created volume:volume22997 for user:user01382
2023-09-25 17:58:39,007 [Time-limited test] INFO  rpc.RpcClient (RpcClient.java:createBucket(688)) - Creating Bucket: volume22997/bucket41988, with bucket layout FILE_SYSTEM_OPTIMIZED, runner as owner, Versioning false, Storage Type set to DISK and Encryption set to false, Replication Type set to server-side default replication type, Namespace Quota set to -1, Space Quota set to -1 
2023-09-25 17:58:39,008 [IPC Server handler 17 on default port 15057] INFO  bucket.OMBucketCreateRequest (OMBucketCreateRequest.java:validateAndUpdateCache(270)) - created bucket: bucket41988 of layout FILE_SYSTEM_OPTIMIZED in volume: volume22997
]]></system-out>
  </testcase>
  <testcase name="testSymlinkList" classname="TestRootedOzoneFileSystemWithFSO" time="0.396">
    <system-out><![CDATA[2023-09-25 17:56:57,359 [Time-limited test] INFO  rpc.RpcClient (RpcClient.java:createVolume(461)) - Creating Volume: volume85601, with user93168 as owner and space quota set to -1 bytes, counts quota set to -1
2023-09-25 17:56:57,362 [OM StateMachine ApplyTransaction Thread - 0] INFO  volume.OMVolumeCreateRequest (OMVolumeCreateRequest.java:validateAndUpdateCache(196)) - created volume:volume85601 for user:user93168
2023-09-25 17:56:57,364 [Time-limited test] INFO  rpc.RpcClient (RpcClient.java:createBucket(688)) - Creating Bucket: volume85601/bucket32727, with bucket layout FILE_SYSTEM_OPTIMIZED, runner as owner, Versioning false, Storage Type set to DISK and Encryption set to false, Replication Type set to server-side default replication type, Namespace Quota set to -1, Space Quota set to -1 
2023-09-25 17:56:57,366 [OM StateMachine ApplyTransaction Thread - 0] INFO  bucket.OMBucketCreateRequest (OMBucketCreateRequest.java:validateAndUpdateCache(270)) - created bucket: bucket32727 of layout FILE_SYSTEM_OPTIMIZED in volume: volume85601
2023-09-25 17:56:57,376 [Time-limited test] INFO  rpc.RpcClient (RpcClient.java:createVolume(461)) - Creating Volume: volume-11867, with runner as owner and space quota set to -1 bytes, counts quota set to -1
2023-09-25 17:56:57,378 [OM StateMachine ApplyTransaction Thread - 0] INFO  volume.OMVolumeCreateRequest (OMVolumeCreateRequest.java:validateAndUpdateCache(196)) - created volume:volume-11867 for user:runner
17:56:57.381 [IPC Server handler 16 on default port 15004] ERROR OMAudit - user=runner | ip=127.0.0.1 | op=READ_BUCKET {volume=volume-11867, bucket=bucket} | ret=FAILURE
org.apache.hadoop.ozone.om.exceptions.OMException: Bucket not found
	at org.apache.hadoop.ozone.om.BucketManagerImpl.getBucketInfo(BucketManagerImpl.java:85) ~[ozone-manager-1.4.0-SNAPSHOT.jar:?]
	at org.apache.hadoop.ozone.om.OzoneManager.getBucketInfo(OzoneManager.java:2795) ~[ozone-manager-1.4.0-SNAPSHOT.jar:?]
	at org.apache.hadoop.ozone.protocolPB.OzoneManagerRequestHandler.infoBucket(OzoneManagerRequestHandler.java:545) ~[ozone-manager-1.4.0-SNAPSHOT.jar:?]
	at org.apache.hadoop.ozone.protocolPB.OzoneManagerRequestHandler.handleReadRequest(OzoneManagerRequestHandler.java:200) ~[ozone-manager-1.4.0-SNAPSHOT.jar:?]
	at org.apache.hadoop.ozone.protocolPB.OzoneManagerProtocolServerSideTranslatorPB.submitReadRequestToOM(OzoneManagerProtocolServerSideTranslatorPB.java:225) ~[ozone-manager-1.4.0-SNAPSHOT.jar:?]
	at org.apache.hadoop.ozone.protocolPB.OzoneManagerProtocolServerSideTranslatorPB.processRequest(OzoneManagerProtocolServerSideTranslatorPB.java:179) ~[ozone-manager-1.4.0-SNAPSHOT.jar:?]
	at org.apache.hadoop.hdds.server.OzoneProtocolMessageDispatcher.processRequest(OzoneProtocolMessageDispatcher.java:87) [hdds-server-framework-1.4.0-SNAPSHOT.jar:?]
	at org.apache.hadoop.ozone.protocolPB.OzoneManagerProtocolServerSideTranslatorPB.submitRequest(OzoneManagerProtocolServerSideTranslatorPB.java:148) [ozone-manager-1.4.0-SNAPSHOT.jar:?]
	at org.apache.hadoop.ozone.protocol.proto.OzoneManagerProtocolProtos$OzoneManagerService$2.callBlockingMethod(OzoneManagerProtocolProtos.java) [ozone-interface-client-1.4.0-SNAPSHOT.jar:?]
	at org.apache.hadoop.ipc.ProtobufRpcEngine$Server.processCall(ProtobufRpcEngine.java:484) [hadoop-common-3.3.6.jar:?]
	at org.apache.hadoop.ipc.ProtobufRpcEngine2$Server$ProtoBufRpcInvoker.call(ProtobufRpcEngine2.java:595) [hadoop-common-3.3.6.jar:?]
	at org.apache.hadoop.ipc.ProtobufRpcEngine2$Server$ProtoBufRpcInvoker.call(ProtobufRpcEngine2.java:573) [hadoop-common-3.3.6.jar:?]
	at org.apache.hadoop.ipc.RPC$Server.call(RPC.java:1227) [hadoop-common-3.3.6.jar:?]
	at org.apache.hadoop.ipc.Server$RpcCall.run(Server.java:1094) [hadoop-common-3.3.6.jar:?]
	at org.apache.hadoop.ipc.Server$RpcCall.run(Server.java:1017) [hadoop-common-3.3.6.jar:?]
	at java.security.AccessController.doPrivileged(Native Method) ~[?:1.8.0_382]
	at javax.security.auth.Subject.doAs(Subject.java:422) [?:1.8.0_382]
	at org.apache.hadoop.security.UserGroupInformation.doAs(UserGroupInformation.java:1899) [hadoop-common-3.3.6.jar:?]
	at org.apache.hadoop.ipc.Server$Handler.run(Server.java:3048) [hadoop-common-3.3.6.jar:?]
2023-09-25 17:56:57,383 [Time-limited test] INFO  rpc.RpcClient (RpcClient.java:createBucket(688)) - Creating Bucket: volume-11867/bucket, with bucket layout FILE_SYSTEM_OPTIMIZED, runner as owner, Versioning false, Storage Type set to DISK and Encryption set to false, Replication Type set to server-side default replication type, Namespace Quota set to -1, Space Quota set to -1 
2023-09-25 17:56:57,385 [OM StateMachine ApplyTransaction Thread - 0] INFO  bucket.OMBucketCreateRequest (OMBucketCreateRequest.java:validateAndUpdateCache(270)) - created bucket: bucket of layout FILE_SYSTEM_OPTIMIZED in volume: volume-11867
2023-09-25 17:56:57,387 [Time-limited test] INFO  rpc.RpcClient (RpcClient.java:createVolume(461)) - Creating Volume: volume-74338, with runner as owner and space quota set to -1 bytes, counts quota set to -1
2023-09-25 17:56:57,388 [OM StateMachine ApplyTransaction Thread - 0] INFO  volume.OMVolumeCreateRequest (OMVolumeCreateRequest.java:validateAndUpdateCache(196)) - created volume:volume-74338 for user:runner
2023-09-25 17:56:57,390 [Time-limited test] INFO  rpc.RpcClient (RpcClient.java:createBucket(688)) - Creating Bucket: volume-74338/bucket, with server-side default bucket layout, runner as owner, Versioning false, Storage Type set to DISK and Encryption set to false, Replication Type set to server-side default replication type, Namespace Quota set to -1, Space Quota set to -1 
2023-09-25 17:56:57,392 [OM StateMachine ApplyTransaction Thread - 0] INFO  bucket.OMBucketCreateRequest (OMBucketCreateRequest.java:validateAndUpdateCache(270)) - created bucket: bucket of layout FILE_SYSTEM_OPTIMIZED in volume: volume-74338
Found 1 items
drwxrwxrwx   - runner docker          0 2023-09-25 17:56 ofs://localhost:15004/volume-74338/bucket
2023-09-25 17:56:57,637 [IPC Server handler 15 on default port 15001] WARN  node.SCMNodeManager (SCMNodeManager.java:getNodesByAddress(1373)) - Cannot find node for address 127.0.0.1
drwxrwxrwx   - runner runner          0 2023-09-25 17:56 ofs://localhost:15004/volume-74338/bucket/object-dir
-rw-rw-rw-   3 runner runner          1 2023-09-25 17:56 ofs://localhost:15004/volume-74338/bucket/object-dir/object-name1
]]></system-out>
  </testcase>
  <testcase name="testSymlinkList" classname="TestRootedOzoneFileSystemWithFSO" time="0.164">
    <system-out><![CDATA[2023-09-25 17:58:39,055 [Time-limited test] INFO  rpc.RpcClient (RpcClient.java:createVolume(461)) - Creating Volume: volume69308, with user46506 as owner and space quota set to -1 bytes, counts quota set to -1
2023-09-25 17:58:39,055 [IPC Server handler 12 on default port 15057] INFO  volume.OMVolumeCreateRequest (OMVolumeCreateRequest.java:validateAndUpdateCache(196)) - created volume:volume69308 for user:user46506
2023-09-25 17:58:39,056 [Time-limited test] INFO  rpc.RpcClient (RpcClient.java:createBucket(688)) - Creating Bucket: volume69308/bucket93947, with bucket layout FILE_SYSTEM_OPTIMIZED, runner as owner, Versioning false, Storage Type set to DISK and Encryption set to false, Replication Type set to server-side default replication type, Namespace Quota set to -1, Space Quota set to -1 
2023-09-25 17:58:39,057 [IPC Server handler 14 on default port 15057] INFO  bucket.OMBucketCreateRequest (OMBucketCreateRequest.java:validateAndUpdateCache(270)) - created bucket: bucket93947 of layout FILE_SYSTEM_OPTIMIZED in volume: volume69308
2023-09-25 17:58:39,058 [Time-limited test] INFO  rpc.RpcClient (RpcClient.java:createVolume(461)) - Creating Volume: volume-13144, with runner as owner and space quota set to -1 bytes, counts quota set to -1
2023-09-25 17:58:39,059 [IPC Server handler 16 on default port 15057] INFO  volume.OMVolumeCreateRequest (OMVolumeCreateRequest.java:validateAndUpdateCache(196)) - created volume:volume-13144 for user:runner
17:58:39.060 [IPC Server handler 1 on default port 15057] ERROR OMAudit - user=runner | ip=127.0.0.1 | op=READ_BUCKET {volume=volume-13144, bucket=bucket} | ret=FAILURE
org.apache.hadoop.ozone.om.exceptions.OMException: Bucket not found
	at org.apache.hadoop.ozone.om.BucketManagerImpl.getBucketInfo(BucketManagerImpl.java:85) ~[ozone-manager-1.4.0-SNAPSHOT.jar:?]
	at org.apache.hadoop.ozone.om.OzoneManager.getBucketInfo(OzoneManager.java:2795) ~[ozone-manager-1.4.0-SNAPSHOT.jar:?]
	at org.apache.hadoop.ozone.protocolPB.OzoneManagerRequestHandler.infoBucket(OzoneManagerRequestHandler.java:545) ~[ozone-manager-1.4.0-SNAPSHOT.jar:?]
	at org.apache.hadoop.ozone.protocolPB.OzoneManagerRequestHandler.handleReadRequest(OzoneManagerRequestHandler.java:200) ~[ozone-manager-1.4.0-SNAPSHOT.jar:?]
	at org.apache.hadoop.ozone.protocolPB.OzoneManagerProtocolServerSideTranslatorPB.submitRequestDirectlyToOM(OzoneManagerProtocolServerSideTranslatorPB.java:274) ~[ozone-manager-1.4.0-SNAPSHOT.jar:?]
	at org.apache.hadoop.ozone.protocolPB.OzoneManagerProtocolServerSideTranslatorPB.processRequest(OzoneManagerProtocolServerSideTranslatorPB.java:175) ~[ozone-manager-1.4.0-SNAPSHOT.jar:?]
	at org.apache.hadoop.hdds.server.OzoneProtocolMessageDispatcher.processRequest(OzoneProtocolMessageDispatcher.java:87) [hdds-server-framework-1.4.0-SNAPSHOT.jar:?]
	at org.apache.hadoop.ozone.protocolPB.OzoneManagerProtocolServerSideTranslatorPB.submitRequest(OzoneManagerProtocolServerSideTranslatorPB.java:148) [ozone-manager-1.4.0-SNAPSHOT.jar:?]
	at org.apache.hadoop.ozone.protocol.proto.OzoneManagerProtocolProtos$OzoneManagerService$2.callBlockingMethod(OzoneManagerProtocolProtos.java) [ozone-interface-client-1.4.0-SNAPSHOT.jar:?]
	at org.apache.hadoop.ipc.ProtobufRpcEngine$Server.processCall(ProtobufRpcEngine.java:484) [hadoop-common-3.3.6.jar:?]
	at org.apache.hadoop.ipc.ProtobufRpcEngine2$Server$ProtoBufRpcInvoker.call(ProtobufRpcEngine2.java:595) [hadoop-common-3.3.6.jar:?]
	at org.apache.hadoop.ipc.ProtobufRpcEngine2$Server$ProtoBufRpcInvoker.call(ProtobufRpcEngine2.java:573) [hadoop-common-3.3.6.jar:?]
	at org.apache.hadoop.ipc.RPC$Server.call(RPC.java:1227) [hadoop-common-3.3.6.jar:?]
	at org.apache.hadoop.ipc.Server$RpcCall.run(Server.java:1094) [hadoop-common-3.3.6.jar:?]
	at org.apache.hadoop.ipc.Server$RpcCall.run(Server.java:1017) [hadoop-common-3.3.6.jar:?]
	at java.security.AccessController.doPrivileged(Native Method) ~[?:1.8.0_382]
	at javax.security.auth.Subject.doAs(Subject.java:422) [?:1.8.0_382]
	at org.apache.hadoop.security.UserGroupInformation.doAs(UserGroupInformation.java:1899) [hadoop-common-3.3.6.jar:?]
	at org.apache.hadoop.ipc.Server$Handler.run(Server.java:3048) [hadoop-common-3.3.6.jar:?]
2023-09-25 17:58:39,061 [Time-limited test] INFO  rpc.RpcClient (RpcClient.java:createBucket(688)) - Creating Bucket: volume-13144/bucket, with bucket layout FILE_SYSTEM_OPTIMIZED, runner as owner, Versioning false, Storage Type set to DISK and Encryption set to false, Replication Type set to server-side default replication type, Namespace Quota set to -1, Space Quota set to -1 
2023-09-25 17:58:39,062 [IPC Server handler 4 on default port 15057] INFO  bucket.OMBucketCreateRequest (OMBucketCreateRequest.java:validateAndUpdateCache(270)) - created bucket: bucket of layout FILE_SYSTEM_OPTIMIZED in volume: volume-13144
2023-09-25 17:58:39,064 [Time-limited test] INFO  rpc.RpcClient (RpcClient.java:createVolume(461)) - Creating Volume: volume-44729, with runner as owner and space quota set to -1 bytes, counts quota set to -1
2023-09-25 17:58:39,065 [IPC Server handler 6 on default port 15057] INFO  volume.OMVolumeCreateRequest (OMVolumeCreateRequest.java:validateAndUpdateCache(196)) - created volume:volume-44729 for user:runner
2023-09-25 17:58:39,066 [Time-limited test] INFO  rpc.RpcClient (RpcClient.java:createBucket(688)) - Creating Bucket: volume-44729/bucket, with server-side default bucket layout, runner as owner, Versioning false, Storage Type set to DISK and Encryption set to false, Replication Type set to server-side default replication type, Namespace Quota set to -1, Space Quota set to -1 
2023-09-25 17:58:39,068 [IPC Server handler 8 on default port 15057] INFO  bucket.OMBucketCreateRequest (OMBucketCreateRequest.java:validateAndUpdateCache(270)) - created bucket: bucket of layout FILE_SYSTEM_OPTIMIZED in volume: volume-44729
Found 1 items
drwxrwxrwx   - runner docker          0 2023-09-25 17:58 ofs://localhost:15057/volume-44729/bucket
2023-09-25 17:58:39,154 [IPC Server handler 12 on default port 15054] WARN  node.SCMNodeManager (SCMNodeManager.java:getNodesByAddress(1373)) - Cannot find node for address 127.0.0.1
drwxrwxrwx   - runner runner          0 2023-09-25 17:58 ofs://localhost:15057/volume-44729/bucket/object-dir
-rw-rw-rw-   3 runner runner          1 2023-09-25 17:58 ofs://localhost:15057/volume-44729/bucket/object-dir/object-name1
]]></system-out>
  </testcase>
  <testcase name="testListStatusIteratorWithPathNotFound" classname="TestRootedOzoneFileSystemWithFSO" time="0.05">
    <system-out><![CDATA[2023-09-25 17:56:57,756 [Time-limited test] INFO  rpc.RpcClient (RpcClient.java:createVolume(461)) - Creating Volume: volume91244, with user94135 as owner and space quota set to -1 bytes, counts quota set to -1
2023-09-25 17:56:57,758 [OM StateMachine ApplyTransaction Thread - 0] INFO  volume.OMVolumeCreateRequest (OMVolumeCreateRequest.java:validateAndUpdateCache(196)) - created volume:volume91244 for user:user94135
2023-09-25 17:56:57,760 [Time-limited test] INFO  rpc.RpcClient (RpcClient.java:createBucket(688)) - Creating Bucket: volume91244/bucket60743, with bucket layout FILE_SYSTEM_OPTIMIZED, runner as owner, Versioning false, Storage Type set to DISK and Encryption set to false, Replication Type set to server-side default replication type, Namespace Quota set to -1, Space Quota set to -1 
2023-09-25 17:56:57,761 [OM StateMachine ApplyTransaction Thread - 0] INFO  bucket.OMBucketCreateRequest (OMBucketCreateRequest.java:validateAndUpdateCache(270)) - created bucket: bucket60743 of layout FILE_SYSTEM_OPTIMIZED in volume: volume91244
17:56:57.763 [IPC Server handler 17 on default port 15004] ERROR OMAudit - user=runner | ip=127.0.0.1 | op=READ_BUCKET {volume=test, bucket=test1} | ret=FAILURE
org.apache.hadoop.ozone.om.exceptions.OMException: Volume not found when getting bucket info
	at org.apache.hadoop.ozone.om.BucketManagerImpl.getBucketInfo(BucketManagerImpl.java:81) ~[ozone-manager-1.4.0-SNAPSHOT.jar:?]
	at org.apache.hadoop.ozone.om.OzoneManager.getBucketInfo(OzoneManager.java:2795) ~[ozone-manager-1.4.0-SNAPSHOT.jar:?]
	at org.apache.hadoop.ozone.protocolPB.OzoneManagerRequestHandler.infoBucket(OzoneManagerRequestHandler.java:545) ~[ozone-manager-1.4.0-SNAPSHOT.jar:?]
	at org.apache.hadoop.ozone.protocolPB.OzoneManagerRequestHandler.handleReadRequest(OzoneManagerRequestHandler.java:200) ~[ozone-manager-1.4.0-SNAPSHOT.jar:?]
	at org.apache.hadoop.ozone.protocolPB.OzoneManagerProtocolServerSideTranslatorPB.submitReadRequestToOM(OzoneManagerProtocolServerSideTranslatorPB.java:225) ~[ozone-manager-1.4.0-SNAPSHOT.jar:?]
	at org.apache.hadoop.ozone.protocolPB.OzoneManagerProtocolServerSideTranslatorPB.processRequest(OzoneManagerProtocolServerSideTranslatorPB.java:179) ~[ozone-manager-1.4.0-SNAPSHOT.jar:?]
	at org.apache.hadoop.hdds.server.OzoneProtocolMessageDispatcher.processRequest(OzoneProtocolMessageDispatcher.java:87) [hdds-server-framework-1.4.0-SNAPSHOT.jar:?]
	at org.apache.hadoop.ozone.protocolPB.OzoneManagerProtocolServerSideTranslatorPB.submitRequest(OzoneManagerProtocolServerSideTranslatorPB.java:148) [ozone-manager-1.4.0-SNAPSHOT.jar:?]
	at org.apache.hadoop.ozone.protocol.proto.OzoneManagerProtocolProtos$OzoneManagerService$2.callBlockingMethod(OzoneManagerProtocolProtos.java) [ozone-interface-client-1.4.0-SNAPSHOT.jar:?]
	at org.apache.hadoop.ipc.ProtobufRpcEngine$Server.processCall(ProtobufRpcEngine.java:484) [hadoop-common-3.3.6.jar:?]
	at org.apache.hadoop.ipc.ProtobufRpcEngine2$Server$ProtoBufRpcInvoker.call(ProtobufRpcEngine2.java:595) [hadoop-common-3.3.6.jar:?]
	at org.apache.hadoop.ipc.ProtobufRpcEngine2$Server$ProtoBufRpcInvoker.call(ProtobufRpcEngine2.java:573) [hadoop-common-3.3.6.jar:?]
	at org.apache.hadoop.ipc.RPC$Server.call(RPC.java:1227) [hadoop-common-3.3.6.jar:?]
	at org.apache.hadoop.ipc.Server$RpcCall.run(Server.java:1094) [hadoop-common-3.3.6.jar:?]
	at org.apache.hadoop.ipc.Server$RpcCall.run(Server.java:1017) [hadoop-common-3.3.6.jar:?]
	at java.security.AccessController.doPrivileged(Native Method) ~[?:1.8.0_382]
	at javax.security.auth.Subject.doAs(Subject.java:422) [?:1.8.0_382]
	at org.apache.hadoop.security.UserGroupInformation.doAs(UserGroupInformation.java:1899) [hadoop-common-3.3.6.jar:?]
	at org.apache.hadoop.ipc.Server$Handler.run(Server.java:3048) [hadoop-common-3.3.6.jar:?]
]]></system-out>
  </testcase>
  <testcase name="testListStatusIteratorWithPathNotFound" classname="TestRootedOzoneFileSystemWithFSO" time="0.052">
    <system-out><![CDATA[2023-09-25 17:58:39,237 [Time-limited test] INFO  rpc.RpcClient (RpcClient.java:createVolume(461)) - Creating Volume: volume10304, with user07623 as owner and space quota set to -1 bytes, counts quota set to -1
2023-09-25 17:58:39,238 [IPC Server handler 13 on default port 15057] INFO  volume.OMVolumeCreateRequest (OMVolumeCreateRequest.java:validateAndUpdateCache(196)) - created volume:volume10304 for user:user07623
2023-09-25 17:58:39,240 [Time-limited test] INFO  rpc.RpcClient (RpcClient.java:createBucket(688)) - Creating Bucket: volume10304/bucket15160, with bucket layout FILE_SYSTEM_OPTIMIZED, runner as owner, Versioning false, Storage Type set to DISK and Encryption set to false, Replication Type set to server-side default replication type, Namespace Quota set to -1, Space Quota set to -1 
2023-09-25 17:58:39,240 [IPC Server handler 17 on default port 15057] INFO  bucket.OMBucketCreateRequest (OMBucketCreateRequest.java:validateAndUpdateCache(270)) - created bucket: bucket15160 of layout FILE_SYSTEM_OPTIMIZED in volume: volume10304
17:58:39.242 [IPC Server handler 15 on default port 15057] ERROR OMAudit - user=runner | ip=127.0.0.1 | op=READ_BUCKET {volume=test, bucket=test1} | ret=FAILURE
org.apache.hadoop.ozone.om.exceptions.OMException: Volume not found when getting bucket info
	at org.apache.hadoop.ozone.om.BucketManagerImpl.getBucketInfo(BucketManagerImpl.java:81) ~[ozone-manager-1.4.0-SNAPSHOT.jar:?]
	at org.apache.hadoop.ozone.om.OzoneManager.getBucketInfo(OzoneManager.java:2795) ~[ozone-manager-1.4.0-SNAPSHOT.jar:?]
	at org.apache.hadoop.ozone.protocolPB.OzoneManagerRequestHandler.infoBucket(OzoneManagerRequestHandler.java:545) ~[ozone-manager-1.4.0-SNAPSHOT.jar:?]
	at org.apache.hadoop.ozone.protocolPB.OzoneManagerRequestHandler.handleReadRequest(OzoneManagerRequestHandler.java:200) ~[ozone-manager-1.4.0-SNAPSHOT.jar:?]
	at org.apache.hadoop.ozone.protocolPB.OzoneManagerProtocolServerSideTranslatorPB.submitRequestDirectlyToOM(OzoneManagerProtocolServerSideTranslatorPB.java:274) ~[ozone-manager-1.4.0-SNAPSHOT.jar:?]
	at org.apache.hadoop.ozone.protocolPB.OzoneManagerProtocolServerSideTranslatorPB.processRequest(OzoneManagerProtocolServerSideTranslatorPB.java:175) ~[ozone-manager-1.4.0-SNAPSHOT.jar:?]
	at org.apache.hadoop.hdds.server.OzoneProtocolMessageDispatcher.processRequest(OzoneProtocolMessageDispatcher.java:87) [hdds-server-framework-1.4.0-SNAPSHOT.jar:?]
	at org.apache.hadoop.ozone.protocolPB.OzoneManagerProtocolServerSideTranslatorPB.submitRequest(OzoneManagerProtocolServerSideTranslatorPB.java:148) [ozone-manager-1.4.0-SNAPSHOT.jar:?]
	at org.apache.hadoop.ozone.protocol.proto.OzoneManagerProtocolProtos$OzoneManagerService$2.callBlockingMethod(OzoneManagerProtocolProtos.java) [ozone-interface-client-1.4.0-SNAPSHOT.jar:?]
	at org.apache.hadoop.ipc.ProtobufRpcEngine$Server.processCall(ProtobufRpcEngine.java:484) [hadoop-common-3.3.6.jar:?]
	at org.apache.hadoop.ipc.ProtobufRpcEngine2$Server$ProtoBufRpcInvoker.call(ProtobufRpcEngine2.java:595) [hadoop-common-3.3.6.jar:?]
	at org.apache.hadoop.ipc.ProtobufRpcEngine2$Server$ProtoBufRpcInvoker.call(ProtobufRpcEngine2.java:573) [hadoop-common-3.3.6.jar:?]
	at org.apache.hadoop.ipc.RPC$Server.call(RPC.java:1227) [hadoop-common-3.3.6.jar:?]
	at org.apache.hadoop.ipc.Server$RpcCall.run(Server.java:1094) [hadoop-common-3.3.6.jar:?]
	at org.apache.hadoop.ipc.Server$RpcCall.run(Server.java:1017) [hadoop-common-3.3.6.jar:?]
	at java.security.AccessController.doPrivileged(Native Method) ~[?:1.8.0_382]
	at javax.security.auth.Subject.doAs(Subject.java:422) [?:1.8.0_382]
	at org.apache.hadoop.security.UserGroupInformation.doAs(UserGroupInformation.java:1899) [hadoop-common-3.3.6.jar:?]
	at org.apache.hadoop.ipc.Server$Handler.run(Server.java:3048) [hadoop-common-3.3.6.jar:?]
]]></system-out>
  </testcase>
  <testcase name="testListStatusRootAndVolumeNonRecursive" classname="TestRootedOzoneFileSystemWithFSO" time="0.317">
    <system-out><![CDATA[2023-09-25 17:56:57,795 [Time-limited test] INFO  rpc.RpcClient (RpcClient.java:createVolume(461)) - Creating Volume: volume47820, with user78234 as owner and space quota set to -1 bytes, counts quota set to -1
2023-09-25 17:56:57,798 [OM StateMachine ApplyTransaction Thread - 0] INFO  volume.OMVolumeCreateRequest (OMVolumeCreateRequest.java:validateAndUpdateCache(196)) - created volume:volume47820 for user:user78234
2023-09-25 17:56:57,801 [Time-limited test] INFO  rpc.RpcClient (RpcClient.java:createBucket(688)) - Creating Bucket: volume47820/bucket48406, with bucket layout FILE_SYSTEM_OPTIMIZED, runner as owner, Versioning false, Storage Type set to DISK and Encryption set to false, Replication Type set to server-side default replication type, Namespace Quota set to -1, Space Quota set to -1 
2023-09-25 17:56:57,802 [OM StateMachine ApplyTransaction Thread - 0] INFO  bucket.OMBucketCreateRequest (OMBucketCreateRequest.java:validateAndUpdateCache(270)) - created bucket: bucket48406 of layout FILE_SYSTEM_OPTIMIZED in volume: volume47820
17:56:57.806 [IPC Server handler 17 on default port 15004] ERROR OMAudit - user=runner | ip=127.0.0.1 | op=READ_BUCKET {volume=volume-05523, bucket=bucket-73657} | ret=FAILURE
org.apache.hadoop.ozone.om.exceptions.OMException: Volume not found when getting bucket info
	at org.apache.hadoop.ozone.om.BucketManagerImpl.getBucketInfo(BucketManagerImpl.java:81) ~[ozone-manager-1.4.0-SNAPSHOT.jar:?]
	at org.apache.hadoop.ozone.om.OzoneManager.getBucketInfo(OzoneManager.java:2795) ~[ozone-manager-1.4.0-SNAPSHOT.jar:?]
	at org.apache.hadoop.ozone.protocolPB.OzoneManagerRequestHandler.infoBucket(OzoneManagerRequestHandler.java:545) ~[ozone-manager-1.4.0-SNAPSHOT.jar:?]
	at org.apache.hadoop.ozone.protocolPB.OzoneManagerRequestHandler.handleReadRequest(OzoneManagerRequestHandler.java:200) ~[ozone-manager-1.4.0-SNAPSHOT.jar:?]
	at org.apache.hadoop.ozone.protocolPB.OzoneManagerProtocolServerSideTranslatorPB.submitReadRequestToOM(OzoneManagerProtocolServerSideTranslatorPB.java:225) ~[ozone-manager-1.4.0-SNAPSHOT.jar:?]
	at org.apache.hadoop.ozone.protocolPB.OzoneManagerProtocolServerSideTranslatorPB.processRequest(OzoneManagerProtocolServerSideTranslatorPB.java:179) ~[ozone-manager-1.4.0-SNAPSHOT.jar:?]
	at org.apache.hadoop.hdds.server.OzoneProtocolMessageDispatcher.processRequest(OzoneProtocolMessageDispatcher.java:87) [hdds-server-framework-1.4.0-SNAPSHOT.jar:?]
	at org.apache.hadoop.ozone.protocolPB.OzoneManagerProtocolServerSideTranslatorPB.submitRequest(OzoneManagerProtocolServerSideTranslatorPB.java:148) [ozone-manager-1.4.0-SNAPSHOT.jar:?]
	at org.apache.hadoop.ozone.protocol.proto.OzoneManagerProtocolProtos$OzoneManagerService$2.callBlockingMethod(OzoneManagerProtocolProtos.java) [ozone-interface-client-1.4.0-SNAPSHOT.jar:?]
	at org.apache.hadoop.ipc.ProtobufRpcEngine$Server.processCall(ProtobufRpcEngine.java:484) [hadoop-common-3.3.6.jar:?]
	at org.apache.hadoop.ipc.ProtobufRpcEngine2$Server$ProtoBufRpcInvoker.call(ProtobufRpcEngine2.java:595) [hadoop-common-3.3.6.jar:?]
	at org.apache.hadoop.ipc.ProtobufRpcEngine2$Server$ProtoBufRpcInvoker.call(ProtobufRpcEngine2.java:573) [hadoop-common-3.3.6.jar:?]
	at org.apache.hadoop.ipc.RPC$Server.call(RPC.java:1227) [hadoop-common-3.3.6.jar:?]
	at org.apache.hadoop.ipc.Server$RpcCall.run(Server.java:1094) [hadoop-common-3.3.6.jar:?]
	at org.apache.hadoop.ipc.Server$RpcCall.run(Server.java:1017) [hadoop-common-3.3.6.jar:?]
	at java.security.AccessController.doPrivileged(Native Method) ~[?:1.8.0_382]
	at javax.security.auth.Subject.doAs(Subject.java:422) [?:1.8.0_382]
	at org.apache.hadoop.security.UserGroupInformation.doAs(UserGroupInformation.java:1899) [hadoop-common-3.3.6.jar:?]
	at org.apache.hadoop.ipc.Server$Handler.run(Server.java:3048) [hadoop-common-3.3.6.jar:?]
2023-09-25 17:56:57,806 [Time-limited test] INFO  rpc.RpcClient (RpcClient.java:createVolume(461)) - Creating Volume: volume-05523, with runner as owner and space quota set to -1 bytes, counts quota set to -1
2023-09-25 17:56:57,808 [OM StateMachine ApplyTransaction Thread - 0] INFO  volume.OMVolumeCreateRequest (OMVolumeCreateRequest.java:validateAndUpdateCache(196)) - created volume:volume-05523 for user:runner
2023-09-25 17:56:57,809 [Time-limited test] INFO  rpc.RpcClient (RpcClient.java:createBucket(688)) - Creating Bucket: volume-05523/bucket-73657, with bucket layout FILE_SYSTEM_OPTIMIZED, runner as owner, Versioning false, Storage Type set to DISK and Encryption set to false, Replication Type set to server-side default replication type, Namespace Quota set to -1, Space Quota set to -1 
2023-09-25 17:56:57,811 [OM StateMachine ApplyTransaction Thread - 0] INFO  bucket.OMBucketCreateRequest (OMBucketCreateRequest.java:validateAndUpdateCache(270)) - created bucket: bucket-73657 of layout FILE_SYSTEM_OPTIMIZED in volume: volume-05523
17:56:57.916 [IPC Server handler 10 on default port 15004] ERROR OMAudit - user=runner | ip=127.0.0.1 | op=READ_BUCKET {volume=volume-85102, bucket=bucket-84271} | ret=FAILURE
org.apache.hadoop.ozone.om.exceptions.OMException: Volume not found when getting bucket info
	at org.apache.hadoop.ozone.om.BucketManagerImpl.getBucketInfo(BucketManagerImpl.java:81) ~[ozone-manager-1.4.0-SNAPSHOT.jar:?]
	at org.apache.hadoop.ozone.om.OzoneManager.getBucketInfo(OzoneManager.java:2795) ~[ozone-manager-1.4.0-SNAPSHOT.jar:?]
	at org.apache.hadoop.ozone.protocolPB.OzoneManagerRequestHandler.infoBucket(OzoneManagerRequestHandler.java:545) ~[ozone-manager-1.4.0-SNAPSHOT.jar:?]
	at org.apache.hadoop.ozone.protocolPB.OzoneManagerRequestHandler.handleReadRequest(OzoneManagerRequestHandler.java:200) ~[ozone-manager-1.4.0-SNAPSHOT.jar:?]
	at org.apache.hadoop.ozone.protocolPB.OzoneManagerProtocolServerSideTranslatorPB.submitReadRequestToOM(OzoneManagerProtocolServerSideTranslatorPB.java:225) ~[ozone-manager-1.4.0-SNAPSHOT.jar:?]
	at org.apache.hadoop.ozone.protocolPB.OzoneManagerProtocolServerSideTranslatorPB.processRequest(OzoneManagerProtocolServerSideTranslatorPB.java:179) ~[ozone-manager-1.4.0-SNAPSHOT.jar:?]
	at org.apache.hadoop.hdds.server.OzoneProtocolMessageDispatcher.processRequest(OzoneProtocolMessageDispatcher.java:87) [hdds-server-framework-1.4.0-SNAPSHOT.jar:?]
	at org.apache.hadoop.ozone.protocolPB.OzoneManagerProtocolServerSideTranslatorPB.submitRequest(OzoneManagerProtocolServerSideTranslatorPB.java:148) [ozone-manager-1.4.0-SNAPSHOT.jar:?]
	at org.apache.hadoop.ozone.protocol.proto.OzoneManagerProtocolProtos$OzoneManagerService$2.callBlockingMethod(OzoneManagerProtocolProtos.java) [ozone-interface-client-1.4.0-SNAPSHOT.jar:?]
	at org.apache.hadoop.ipc.ProtobufRpcEngine$Server.processCall(ProtobufRpcEngine.java:484) [hadoop-common-3.3.6.jar:?]
	at org.apache.hadoop.ipc.ProtobufRpcEngine2$Server$ProtoBufRpcInvoker.call(ProtobufRpcEngine2.java:595) [hadoop-common-3.3.6.jar:?]
	at org.apache.hadoop.ipc.ProtobufRpcEngine2$Server$ProtoBufRpcInvoker.call(ProtobufRpcEngine2.java:573) [hadoop-common-3.3.6.jar:?]
	at org.apache.hadoop.ipc.RPC$Server.call(RPC.java:1227) [hadoop-common-3.3.6.jar:?]
	at org.apache.hadoop.ipc.Server$RpcCall.run(Server.java:1094) [hadoop-common-3.3.6.jar:?]
	at org.apache.hadoop.ipc.Server$RpcCall.run(Server.java:1017) [hadoop-common-3.3.6.jar:?]
	at java.security.AccessController.doPrivileged(Native Method) ~[?:1.8.0_382]
	at javax.security.auth.Subject.doAs(Subject.java:422) [?:1.8.0_382]
	at org.apache.hadoop.security.UserGroupInformation.doAs(UserGroupInformation.java:1899) [hadoop-common-3.3.6.jar:?]
	at org.apache.hadoop.ipc.Server$Handler.run(Server.java:3048) [hadoop-common-3.3.6.jar:?]
2023-09-25 17:56:57,917 [Time-limited test] INFO  rpc.RpcClient (RpcClient.java:createVolume(461)) - Creating Volume: volume-85102, with runner as owner and space quota set to -1 bytes, counts quota set to -1
2023-09-25 17:56:57,918 [OM StateMachine ApplyTransaction Thread - 0] INFO  volume.OMVolumeCreateRequest (OMVolumeCreateRequest.java:validateAndUpdateCache(196)) - created volume:volume-85102 for user:runner
2023-09-25 17:56:57,919 [Time-limited test] INFO  rpc.RpcClient (RpcClient.java:createBucket(688)) - Creating Bucket: volume-85102/bucket-84271, with bucket layout FILE_SYSTEM_OPTIMIZED, runner as owner, Versioning false, Storage Type set to DISK and Encryption set to false, Replication Type set to server-side default replication type, Namespace Quota set to -1, Space Quota set to -1 
2023-09-25 17:56:57,921 [OM StateMachine ApplyTransaction Thread - 0] INFO  bucket.OMBucketCreateRequest (OMBucketCreateRequest.java:validateAndUpdateCache(270)) - created bucket: bucket-84271 of layout FILE_SYSTEM_OPTIMIZED in volume: volume-85102
]]></system-out>
  </testcase>
  <testcase name="testListStatusRootAndVolumeNonRecursive" classname="TestRootedOzoneFileSystemWithFSO" time="0.174">
    <system-out><![CDATA[2023-09-25 17:58:39,270 [Time-limited test] INFO  rpc.RpcClient (RpcClient.java:createVolume(461)) - Creating Volume: volume88399, with user64147 as owner and space quota set to -1 bytes, counts quota set to -1
2023-09-25 17:58:39,271 [IPC Server handler 12 on default port 15057] INFO  volume.OMVolumeCreateRequest (OMVolumeCreateRequest.java:validateAndUpdateCache(196)) - created volume:volume88399 for user:user64147
2023-09-25 17:58:39,272 [Time-limited test] INFO  rpc.RpcClient (RpcClient.java:createBucket(688)) - Creating Bucket: volume88399/bucket12268, with bucket layout FILE_SYSTEM_OPTIMIZED, runner as owner, Versioning false, Storage Type set to DISK and Encryption set to false, Replication Type set to server-side default replication type, Namespace Quota set to -1, Space Quota set to -1 
2023-09-25 17:58:39,273 [IPC Server handler 14 on default port 15057] INFO  bucket.OMBucketCreateRequest (OMBucketCreateRequest.java:validateAndUpdateCache(270)) - created bucket: bucket12268 of layout FILE_SYSTEM_OPTIMIZED in volume: volume88399
17:58:39.275 [IPC Server handler 15 on default port 15057] ERROR OMAudit - user=runner | ip=127.0.0.1 | op=READ_BUCKET {volume=volume-13191, bucket=bucket-75890} | ret=FAILURE
org.apache.hadoop.ozone.om.exceptions.OMException: Volume not found when getting bucket info
	at org.apache.hadoop.ozone.om.BucketManagerImpl.getBucketInfo(BucketManagerImpl.java:81) ~[ozone-manager-1.4.0-SNAPSHOT.jar:?]
	at org.apache.hadoop.ozone.om.OzoneManager.getBucketInfo(OzoneManager.java:2795) ~[ozone-manager-1.4.0-SNAPSHOT.jar:?]
	at org.apache.hadoop.ozone.protocolPB.OzoneManagerRequestHandler.infoBucket(OzoneManagerRequestHandler.java:545) ~[ozone-manager-1.4.0-SNAPSHOT.jar:?]
	at org.apache.hadoop.ozone.protocolPB.OzoneManagerRequestHandler.handleReadRequest(OzoneManagerRequestHandler.java:200) ~[ozone-manager-1.4.0-SNAPSHOT.jar:?]
	at org.apache.hadoop.ozone.protocolPB.OzoneManagerProtocolServerSideTranslatorPB.submitRequestDirectlyToOM(OzoneManagerProtocolServerSideTranslatorPB.java:274) ~[ozone-manager-1.4.0-SNAPSHOT.jar:?]
	at org.apache.hadoop.ozone.protocolPB.OzoneManagerProtocolServerSideTranslatorPB.processRequest(OzoneManagerProtocolServerSideTranslatorPB.java:175) ~[ozone-manager-1.4.0-SNAPSHOT.jar:?]
	at org.apache.hadoop.hdds.server.OzoneProtocolMessageDispatcher.processRequest(OzoneProtocolMessageDispatcher.java:87) [hdds-server-framework-1.4.0-SNAPSHOT.jar:?]
	at org.apache.hadoop.ozone.protocolPB.OzoneManagerProtocolServerSideTranslatorPB.submitRequest(OzoneManagerProtocolServerSideTranslatorPB.java:148) [ozone-manager-1.4.0-SNAPSHOT.jar:?]
	at org.apache.hadoop.ozone.protocol.proto.OzoneManagerProtocolProtos$OzoneManagerService$2.callBlockingMethod(OzoneManagerProtocolProtos.java) [ozone-interface-client-1.4.0-SNAPSHOT.jar:?]
	at org.apache.hadoop.ipc.ProtobufRpcEngine$Server.processCall(ProtobufRpcEngine.java:484) [hadoop-common-3.3.6.jar:?]
	at org.apache.hadoop.ipc.ProtobufRpcEngine2$Server$ProtoBufRpcInvoker.call(ProtobufRpcEngine2.java:595) [hadoop-common-3.3.6.jar:?]
	at org.apache.hadoop.ipc.ProtobufRpcEngine2$Server$ProtoBufRpcInvoker.call(ProtobufRpcEngine2.java:573) [hadoop-common-3.3.6.jar:?]
	at org.apache.hadoop.ipc.RPC$Server.call(RPC.java:1227) [hadoop-common-3.3.6.jar:?]
	at org.apache.hadoop.ipc.Server$RpcCall.run(Server.java:1094) [hadoop-common-3.3.6.jar:?]
	at org.apache.hadoop.ipc.Server$RpcCall.run(Server.java:1017) [hadoop-common-3.3.6.jar:?]
	at java.security.AccessController.doPrivileged(Native Method) ~[?:1.8.0_382]
	at javax.security.auth.Subject.doAs(Subject.java:422) [?:1.8.0_382]
	at org.apache.hadoop.security.UserGroupInformation.doAs(UserGroupInformation.java:1899) [hadoop-common-3.3.6.jar:?]
	at org.apache.hadoop.ipc.Server$Handler.run(Server.java:3048) [hadoop-common-3.3.6.jar:?]
2023-09-25 17:58:39,276 [Time-limited test] INFO  rpc.RpcClient (RpcClient.java:createVolume(461)) - Creating Volume: volume-13191, with runner as owner and space quota set to -1 bytes, counts quota set to -1
2023-09-25 17:58:39,276 [IPC Server handler 16 on default port 15057] INFO  volume.OMVolumeCreateRequest (OMVolumeCreateRequest.java:validateAndUpdateCache(196)) - created volume:volume-13191 for user:runner
2023-09-25 17:58:39,277 [Time-limited test] INFO  rpc.RpcClient (RpcClient.java:createBucket(688)) - Creating Bucket: volume-13191/bucket-75890, with bucket layout FILE_SYSTEM_OPTIMIZED, runner as owner, Versioning false, Storage Type set to DISK and Encryption set to false, Replication Type set to server-side default replication type, Namespace Quota set to -1, Space Quota set to -1 
2023-09-25 17:58:39,278 [IPC Server handler 1 on default port 15057] INFO  bucket.OMBucketCreateRequest (OMBucketCreateRequest.java:validateAndUpdateCache(270)) - created bucket: bucket-75890 of layout FILE_SYSTEM_OPTIMIZED in volume: volume-13191
17:58:39.338 [IPC Server handler 5 on default port 15057] ERROR OMAudit - user=runner | ip=127.0.0.1 | op=READ_BUCKET {volume=volume-17850, bucket=bucket-61608} | ret=FAILURE
org.apache.hadoop.ozone.om.exceptions.OMException: Volume not found when getting bucket info
	at org.apache.hadoop.ozone.om.BucketManagerImpl.getBucketInfo(BucketManagerImpl.java:81) ~[ozone-manager-1.4.0-SNAPSHOT.jar:?]
	at org.apache.hadoop.ozone.om.OzoneManager.getBucketInfo(OzoneManager.java:2795) ~[ozone-manager-1.4.0-SNAPSHOT.jar:?]
	at org.apache.hadoop.ozone.protocolPB.OzoneManagerRequestHandler.infoBucket(OzoneManagerRequestHandler.java:545) ~[ozone-manager-1.4.0-SNAPSHOT.jar:?]
	at org.apache.hadoop.ozone.protocolPB.OzoneManagerRequestHandler.handleReadRequest(OzoneManagerRequestHandler.java:200) ~[ozone-manager-1.4.0-SNAPSHOT.jar:?]
	at org.apache.hadoop.ozone.protocolPB.OzoneManagerProtocolServerSideTranslatorPB.submitRequestDirectlyToOM(OzoneManagerProtocolServerSideTranslatorPB.java:274) ~[ozone-manager-1.4.0-SNAPSHOT.jar:?]
	at org.apache.hadoop.ozone.protocolPB.OzoneManagerProtocolServerSideTranslatorPB.processRequest(OzoneManagerProtocolServerSideTranslatorPB.java:175) ~[ozone-manager-1.4.0-SNAPSHOT.jar:?]
	at org.apache.hadoop.hdds.server.OzoneProtocolMessageDispatcher.processRequest(OzoneProtocolMessageDispatcher.java:87) [hdds-server-framework-1.4.0-SNAPSHOT.jar:?]
	at org.apache.hadoop.ozone.protocolPB.OzoneManagerProtocolServerSideTranslatorPB.submitRequest(OzoneManagerProtocolServerSideTranslatorPB.java:148) [ozone-manager-1.4.0-SNAPSHOT.jar:?]
	at org.apache.hadoop.ozone.protocol.proto.OzoneManagerProtocolProtos$OzoneManagerService$2.callBlockingMethod(OzoneManagerProtocolProtos.java) [ozone-interface-client-1.4.0-SNAPSHOT.jar:?]
	at org.apache.hadoop.ipc.ProtobufRpcEngine$Server.processCall(ProtobufRpcEngine.java:484) [hadoop-common-3.3.6.jar:?]
	at org.apache.hadoop.ipc.ProtobufRpcEngine2$Server$ProtoBufRpcInvoker.call(ProtobufRpcEngine2.java:595) [hadoop-common-3.3.6.jar:?]
	at org.apache.hadoop.ipc.ProtobufRpcEngine2$Server$ProtoBufRpcInvoker.call(ProtobufRpcEngine2.java:573) [hadoop-common-3.3.6.jar:?]
	at org.apache.hadoop.ipc.RPC$Server.call(RPC.java:1227) [hadoop-common-3.3.6.jar:?]
	at org.apache.hadoop.ipc.Server$RpcCall.run(Server.java:1094) [hadoop-common-3.3.6.jar:?]
	at org.apache.hadoop.ipc.Server$RpcCall.run(Server.java:1017) [hadoop-common-3.3.6.jar:?]
	at java.security.AccessController.doPrivileged(Native Method) ~[?:1.8.0_382]
	at javax.security.auth.Subject.doAs(Subject.java:422) [?:1.8.0_382]
	at org.apache.hadoop.security.UserGroupInformation.doAs(UserGroupInformation.java:1899) [hadoop-common-3.3.6.jar:?]
	at org.apache.hadoop.ipc.Server$Handler.run(Server.java:3048) [hadoop-common-3.3.6.jar:?]
2023-09-25 17:58:39,339 [Time-limited test] INFO  rpc.RpcClient (RpcClient.java:createVolume(461)) - Creating Volume: volume-17850, with runner as owner and space quota set to -1 bytes, counts quota set to -1
2023-09-25 17:58:39,340 [IPC Server handler 12 on default port 15057] INFO  volume.OMVolumeCreateRequest (OMVolumeCreateRequest.java:validateAndUpdateCache(196)) - created volume:volume-17850 for user:runner
2023-09-25 17:58:39,341 [Time-limited test] INFO  rpc.RpcClient (RpcClient.java:createBucket(688)) - Creating Bucket: volume-17850/bucket-61608, with bucket layout FILE_SYSTEM_OPTIMIZED, runner as owner, Versioning false, Storage Type set to DISK and Encryption set to false, Replication Type set to server-side default replication type, Namespace Quota set to -1, Space Quota set to -1 
2023-09-25 17:58:39,341 [IPC Server handler 14 on default port 15057] INFO  bucket.OMBucketCreateRequest (OMBucketCreateRequest.java:validateAndUpdateCache(270)) - created bucket: bucket-61608 of layout FILE_SYSTEM_OPTIMIZED in volume: volume-17850
]]></system-out>
  </testcase>
  <testcase name="testDeleteBucketLink" classname="TestRootedOzoneFileSystemWithFSO" time="0.099">
    <system-out><![CDATA[2023-09-25 17:56:58,114 [Time-limited test] INFO  rpc.RpcClient (RpcClient.java:createVolume(461)) - Creating Volume: volume38595, with user28359 as owner and space quota set to -1 bytes, counts quota set to -1
2023-09-25 17:56:58,118 [OM StateMachine ApplyTransaction Thread - 0] INFO  volume.OMVolumeCreateRequest (OMVolumeCreateRequest.java:validateAndUpdateCache(196)) - created volume:volume38595 for user:user28359
2023-09-25 17:56:58,120 [Time-limited test] INFO  rpc.RpcClient (RpcClient.java:createBucket(688)) - Creating Bucket: volume38595/bucket78549, with bucket layout FILE_SYSTEM_OPTIMIZED, runner as owner, Versioning false, Storage Type set to DISK and Encryption set to false, Replication Type set to server-side default replication type, Namespace Quota set to -1, Space Quota set to -1 
2023-09-25 17:56:58,122 [OM StateMachine ApplyTransaction Thread - 0] INFO  bucket.OMBucketCreateRequest (OMBucketCreateRequest.java:validateAndUpdateCache(270)) - created bucket: bucket78549 of layout FILE_SYSTEM_OPTIMIZED in volume: volume38595
17:56:58.124 [IPC Server handler 15 on default port 15004] ERROR OMAudit - user=runner | ip=127.0.0.1 | op=READ_BUCKET {volume=volume-48890, bucket=bucket} | ret=FAILURE
org.apache.hadoop.ozone.om.exceptions.OMException: Volume not found when getting bucket info
	at org.apache.hadoop.ozone.om.BucketManagerImpl.getBucketInfo(BucketManagerImpl.java:81) ~[ozone-manager-1.4.0-SNAPSHOT.jar:?]
	at org.apache.hadoop.ozone.om.OzoneManager.getBucketInfo(OzoneManager.java:2795) ~[ozone-manager-1.4.0-SNAPSHOT.jar:?]
	at org.apache.hadoop.ozone.protocolPB.OzoneManagerRequestHandler.infoBucket(OzoneManagerRequestHandler.java:545) ~[ozone-manager-1.4.0-SNAPSHOT.jar:?]
	at org.apache.hadoop.ozone.protocolPB.OzoneManagerRequestHandler.handleReadRequest(OzoneManagerRequestHandler.java:200) ~[ozone-manager-1.4.0-SNAPSHOT.jar:?]
	at org.apache.hadoop.ozone.protocolPB.OzoneManagerProtocolServerSideTranslatorPB.submitReadRequestToOM(OzoneManagerProtocolServerSideTranslatorPB.java:225) ~[ozone-manager-1.4.0-SNAPSHOT.jar:?]
	at org.apache.hadoop.ozone.protocolPB.OzoneManagerProtocolServerSideTranslatorPB.processRequest(OzoneManagerProtocolServerSideTranslatorPB.java:179) ~[ozone-manager-1.4.0-SNAPSHOT.jar:?]
	at org.apache.hadoop.hdds.server.OzoneProtocolMessageDispatcher.processRequest(OzoneProtocolMessageDispatcher.java:87) [hdds-server-framework-1.4.0-SNAPSHOT.jar:?]
	at org.apache.hadoop.ozone.protocolPB.OzoneManagerProtocolServerSideTranslatorPB.submitRequest(OzoneManagerProtocolServerSideTranslatorPB.java:148) [ozone-manager-1.4.0-SNAPSHOT.jar:?]
	at org.apache.hadoop.ozone.protocol.proto.OzoneManagerProtocolProtos$OzoneManagerService$2.callBlockingMethod(OzoneManagerProtocolProtos.java) [ozone-interface-client-1.4.0-SNAPSHOT.jar:?]
	at org.apache.hadoop.ipc.ProtobufRpcEngine$Server.processCall(ProtobufRpcEngine.java:484) [hadoop-common-3.3.6.jar:?]
	at org.apache.hadoop.ipc.ProtobufRpcEngine2$Server$ProtoBufRpcInvoker.call(ProtobufRpcEngine2.java:595) [hadoop-common-3.3.6.jar:?]
	at org.apache.hadoop.ipc.ProtobufRpcEngine2$Server$ProtoBufRpcInvoker.call(ProtobufRpcEngine2.java:573) [hadoop-common-3.3.6.jar:?]
	at org.apache.hadoop.ipc.RPC$Server.call(RPC.java:1227) [hadoop-common-3.3.6.jar:?]
	at org.apache.hadoop.ipc.Server$RpcCall.run(Server.java:1094) [hadoop-common-3.3.6.jar:?]
	at org.apache.hadoop.ipc.Server$RpcCall.run(Server.java:1017) [hadoop-common-3.3.6.jar:?]
	at java.security.AccessController.doPrivileged(Native Method) ~[?:1.8.0_382]
	at javax.security.auth.Subject.doAs(Subject.java:422) [?:1.8.0_382]
	at org.apache.hadoop.security.UserGroupInformation.doAs(UserGroupInformation.java:1899) [hadoop-common-3.3.6.jar:?]
	at org.apache.hadoop.ipc.Server$Handler.run(Server.java:3048) [hadoop-common-3.3.6.jar:?]
2023-09-25 17:56:58,125 [Time-limited test] INFO  rpc.RpcClient (RpcClient.java:createVolume(461)) - Creating Volume: volume-48890, with runner as owner and space quota set to -1 bytes, counts quota set to -1
2023-09-25 17:56:58,127 [OM StateMachine ApplyTransaction Thread - 0] INFO  volume.OMVolumeCreateRequest (OMVolumeCreateRequest.java:validateAndUpdateCache(196)) - created volume:volume-48890 for user:runner
2023-09-25 17:56:58,128 [Time-limited test] INFO  rpc.RpcClient (RpcClient.java:createBucket(688)) - Creating Bucket: volume-48890/bucket, with bucket layout FILE_SYSTEM_OPTIMIZED, runner as owner, Versioning false, Storage Type set to DISK and Encryption set to false, Replication Type set to server-side default replication type, Namespace Quota set to -1, Space Quota set to -1 
2023-09-25 17:56:58,130 [OM StateMachine ApplyTransaction Thread - 0] INFO  bucket.OMBucketCreateRequest (OMBucketCreateRequest.java:validateAndUpdateCache(270)) - created bucket: bucket of layout FILE_SYSTEM_OPTIMIZED in volume: volume-48890
2023-09-25 17:56:58,138 [Time-limited test] INFO  rpc.RpcClient (RpcClient.java:createVolume(461)) - Creating Volume: volume-39779, with runner as owner and space quota set to -1 bytes, counts quota set to -1
2023-09-25 17:56:58,139 [OM StateMachine ApplyTransaction Thread - 0] INFO  volume.OMVolumeCreateRequest (OMVolumeCreateRequest.java:validateAndUpdateCache(196)) - created volume:volume-39779 for user:runner
2023-09-25 17:56:58,141 [Time-limited test] INFO  rpc.RpcClient (RpcClient.java:createBucket(688)) - Creating Bucket: volume-39779/link, with server-side default bucket layout, runner as owner, Versioning false, Storage Type set to DISK and Encryption set to false, Replication Type set to server-side default replication type, Namespace Quota set to -1, Space Quota set to -1 
2023-09-25 17:56:58,143 [OM StateMachine ApplyTransaction Thread - 0] INFO  bucket.OMBucketCreateRequest (OMBucketCreateRequest.java:validateAndUpdateCache(270)) - created bucket: link of layout FILE_SYSTEM_OPTIMIZED in volume: volume-39779
17:56:58.149 [OM StateMachine ApplyTransaction Thread - 0] ERROR OMAudit - user=runner | ip=127.0.0.1 | op=DELETE_VOLUME {volume=volume-39779} | ret=FAILURE
org.apache.hadoop.ozone.om.exceptions.OMException: null
	at org.apache.hadoop.ozone.om.request.volume.OMVolumeDeleteRequest.validateAndUpdateCache(OMVolumeDeleteRequest.java:121) ~[ozone-manager-1.4.0-SNAPSHOT.jar:?]
	at org.apache.hadoop.ozone.protocolPB.OzoneManagerRequestHandler.handleWriteRequest(OzoneManagerRequestHandler.java:373) ~[ozone-manager-1.4.0-SNAPSHOT.jar:?]
	at org.apache.hadoop.ozone.om.ratis.OzoneManagerStateMachine.runCommand(OzoneManagerStateMachine.java:568) ~[ozone-manager-1.4.0-SNAPSHOT.jar:?]
	at org.apache.hadoop.ozone.om.ratis.OzoneManagerStateMachine.lambda$1(OzoneManagerStateMachine.java:359) ~[ozone-manager-1.4.0-SNAPSHOT.jar:?]
	at java.util.concurrent.CompletableFuture$AsyncSupply.run(CompletableFuture.java:1604) [?:1.8.0_382]
	at java.util.concurrent.ThreadPoolExecutor.runWorker(ThreadPoolExecutor.java:1149) [?:1.8.0_382]
	at java.util.concurrent.ThreadPoolExecutor$Worker.run(ThreadPoolExecutor.java:624) [?:1.8.0_382]
	at java.lang.Thread.run(Thread.java:750) [?:1.8.0_382]
2023-09-25 17:56:58,150 [OM StateMachine ApplyTransaction Thread - 0] ERROR volume.OMVolumeDeleteRequest (OMVolumeDeleteRequest.java:validateAndUpdateCache(168)) - Volume deletion failed for user:runner volume:volume-39779
VOLUME_NOT_EMPTY org.apache.hadoop.ozone.om.exceptions.OMException
	at org.apache.hadoop.ozone.om.request.volume.OMVolumeDeleteRequest.validateAndUpdateCache(OMVolumeDeleteRequest.java:121)
	at org.apache.hadoop.ozone.protocolPB.OzoneManagerRequestHandler.handleWriteRequest(OzoneManagerRequestHandler.java:373)
	at org.apache.hadoop.ozone.om.ratis.OzoneManagerStateMachine.runCommand(OzoneManagerStateMachine.java:568)
	at org.apache.hadoop.ozone.om.ratis.OzoneManagerStateMachine.lambda$1(OzoneManagerStateMachine.java:359)
	at java.util.concurrent.CompletableFuture$AsyncSupply.run(CompletableFuture.java:1604)
	at java.util.concurrent.ThreadPoolExecutor.runWorker(ThreadPoolExecutor.java:1149)
	at java.util.concurrent.ThreadPoolExecutor$Worker.run(ThreadPoolExecutor.java:624)
	at java.lang.Thread.run(Thread.java:750)
17:56:58.164 [IPC Server handler 7 on default port 15004] ERROR OMAudit - user=runner | ip=127.0.0.1 | op=READ_BUCKET {volume=volume-39779, bucket=link} | ret=FAILURE
org.apache.hadoop.ozone.om.exceptions.OMException: Volume not found when getting bucket info
	at org.apache.hadoop.ozone.om.BucketManagerImpl.getBucketInfo(BucketManagerImpl.java:81) ~[ozone-manager-1.4.0-SNAPSHOT.jar:?]
	at org.apache.hadoop.ozone.om.OzoneManager.getBucketInfo(OzoneManager.java:2795) ~[ozone-manager-1.4.0-SNAPSHOT.jar:?]
	at org.apache.hadoop.ozone.protocolPB.OzoneManagerRequestHandler.infoBucket(OzoneManagerRequestHandler.java:545) ~[ozone-manager-1.4.0-SNAPSHOT.jar:?]
	at org.apache.hadoop.ozone.protocolPB.OzoneManagerRequestHandler.handleReadRequest(OzoneManagerRequestHandler.java:200) ~[ozone-manager-1.4.0-SNAPSHOT.jar:?]
	at org.apache.hadoop.ozone.protocolPB.OzoneManagerProtocolServerSideTranslatorPB.submitReadRequestToOM(OzoneManagerProtocolServerSideTranslatorPB.java:225) ~[ozone-manager-1.4.0-SNAPSHOT.jar:?]
	at org.apache.hadoop.ozone.protocolPB.OzoneManagerProtocolServerSideTranslatorPB.processRequest(OzoneManagerProtocolServerSideTranslatorPB.java:179) ~[ozone-manager-1.4.0-SNAPSHOT.jar:?]
	at org.apache.hadoop.hdds.server.OzoneProtocolMessageDispatcher.processRequest(OzoneProtocolMessageDispatcher.java:87) [hdds-server-framework-1.4.0-SNAPSHOT.jar:?]
	at org.apache.hadoop.ozone.protocolPB.OzoneManagerProtocolServerSideTranslatorPB.submitRequest(OzoneManagerProtocolServerSideTranslatorPB.java:148) [ozone-manager-1.4.0-SNAPSHOT.jar:?]
	at org.apache.hadoop.ozone.protocol.proto.OzoneManagerProtocolProtos$OzoneManagerService$2.callBlockingMethod(OzoneManagerProtocolProtos.java) [ozone-interface-client-1.4.0-SNAPSHOT.jar:?]
	at org.apache.hadoop.ipc.ProtobufRpcEngine$Server.processCall(ProtobufRpcEngine.java:484) [hadoop-common-3.3.6.jar:?]
	at org.apache.hadoop.ipc.ProtobufRpcEngine2$Server$ProtoBufRpcInvoker.call(ProtobufRpcEngine2.java:595) [hadoop-common-3.3.6.jar:?]
	at org.apache.hadoop.ipc.ProtobufRpcEngine2$Server$ProtoBufRpcInvoker.call(ProtobufRpcEngine2.java:573) [hadoop-common-3.3.6.jar:?]
	at org.apache.hadoop.ipc.RPC$Server.call(RPC.java:1227) [hadoop-common-3.3.6.jar:?]
	at org.apache.hadoop.ipc.Server$RpcCall.run(Server.java:1094) [hadoop-common-3.3.6.jar:?]
	at org.apache.hadoop.ipc.Server$RpcCall.run(Server.java:1017) [hadoop-common-3.3.6.jar:?]
	at java.security.AccessController.doPrivileged(Native Method) ~[?:1.8.0_382]
	at javax.security.auth.Subject.doAs(Subject.java:422) [?:1.8.0_382]
	at org.apache.hadoop.security.UserGroupInformation.doAs(UserGroupInformation.java:1899) [hadoop-common-3.3.6.jar:?]
	at org.apache.hadoop.ipc.Server$Handler.run(Server.java:3048) [hadoop-common-3.3.6.jar:?]
]]></system-out>
  </testcase>
  <testcase name="testDeleteBucketLink" classname="TestRootedOzoneFileSystemWithFSO" time="0.068">
    <system-out><![CDATA[2023-09-25 17:58:39,450 [Time-limited test] INFO  rpc.RpcClient (RpcClient.java:createVolume(461)) - Creating Volume: volume29549, with user09532 as owner and space quota set to -1 bytes, counts quota set to -1
2023-09-25 17:58:39,451 [IPC Server handler 5 on default port 15057] INFO  volume.OMVolumeCreateRequest (OMVolumeCreateRequest.java:validateAndUpdateCache(196)) - created volume:volume29549 for user:user09532
2023-09-25 17:58:39,453 [Time-limited test] INFO  rpc.RpcClient (RpcClient.java:createBucket(688)) - Creating Bucket: volume29549/bucket40897, with bucket layout FILE_SYSTEM_OPTIMIZED, runner as owner, Versioning false, Storage Type set to DISK and Encryption set to false, Replication Type set to server-side default replication type, Namespace Quota set to -1, Space Quota set to -1 
2023-09-25 17:58:39,453 [IPC Server handler 13 on default port 15057] INFO  bucket.OMBucketCreateRequest (OMBucketCreateRequest.java:validateAndUpdateCache(270)) - created bucket: bucket40897 of layout FILE_SYSTEM_OPTIMIZED in volume: volume29549
17:58:39.455 [IPC Server handler 18 on default port 15057] ERROR OMAudit - user=runner | ip=127.0.0.1 | op=READ_BUCKET {volume=volume-14948, bucket=bucket} | ret=FAILURE
org.apache.hadoop.ozone.om.exceptions.OMException: Volume not found when getting bucket info
	at org.apache.hadoop.ozone.om.BucketManagerImpl.getBucketInfo(BucketManagerImpl.java:81) ~[ozone-manager-1.4.0-SNAPSHOT.jar:?]
	at org.apache.hadoop.ozone.om.OzoneManager.getBucketInfo(OzoneManager.java:2795) ~[ozone-manager-1.4.0-SNAPSHOT.jar:?]
	at org.apache.hadoop.ozone.protocolPB.OzoneManagerRequestHandler.infoBucket(OzoneManagerRequestHandler.java:545) ~[ozone-manager-1.4.0-SNAPSHOT.jar:?]
	at org.apache.hadoop.ozone.protocolPB.OzoneManagerRequestHandler.handleReadRequest(OzoneManagerRequestHandler.java:200) ~[ozone-manager-1.4.0-SNAPSHOT.jar:?]
	at org.apache.hadoop.ozone.protocolPB.OzoneManagerProtocolServerSideTranslatorPB.submitRequestDirectlyToOM(OzoneManagerProtocolServerSideTranslatorPB.java:274) ~[ozone-manager-1.4.0-SNAPSHOT.jar:?]
	at org.apache.hadoop.ozone.protocolPB.OzoneManagerProtocolServerSideTranslatorPB.processRequest(OzoneManagerProtocolServerSideTranslatorPB.java:175) ~[ozone-manager-1.4.0-SNAPSHOT.jar:?]
	at org.apache.hadoop.hdds.server.OzoneProtocolMessageDispatcher.processRequest(OzoneProtocolMessageDispatcher.java:87) [hdds-server-framework-1.4.0-SNAPSHOT.jar:?]
	at org.apache.hadoop.ozone.protocolPB.OzoneManagerProtocolServerSideTranslatorPB.submitRequest(OzoneManagerProtocolServerSideTranslatorPB.java:148) [ozone-manager-1.4.0-SNAPSHOT.jar:?]
	at org.apache.hadoop.ozone.protocol.proto.OzoneManagerProtocolProtos$OzoneManagerService$2.callBlockingMethod(OzoneManagerProtocolProtos.java) [ozone-interface-client-1.4.0-SNAPSHOT.jar:?]
	at org.apache.hadoop.ipc.ProtobufRpcEngine$Server.processCall(ProtobufRpcEngine.java:484) [hadoop-common-3.3.6.jar:?]
	at org.apache.hadoop.ipc.ProtobufRpcEngine2$Server$ProtoBufRpcInvoker.call(ProtobufRpcEngine2.java:595) [hadoop-common-3.3.6.jar:?]
	at org.apache.hadoop.ipc.ProtobufRpcEngine2$Server$ProtoBufRpcInvoker.call(ProtobufRpcEngine2.java:573) [hadoop-common-3.3.6.jar:?]
	at org.apache.hadoop.ipc.RPC$Server.call(RPC.java:1227) [hadoop-common-3.3.6.jar:?]
	at org.apache.hadoop.ipc.Server$RpcCall.run(Server.java:1094) [hadoop-common-3.3.6.jar:?]
	at org.apache.hadoop.ipc.Server$RpcCall.run(Server.java:1017) [hadoop-common-3.3.6.jar:?]
	at java.security.AccessController.doPrivileged(Native Method) ~[?:1.8.0_382]
	at javax.security.auth.Subject.doAs(Subject.java:422) [?:1.8.0_382]
	at org.apache.hadoop.security.UserGroupInformation.doAs(UserGroupInformation.java:1899) [hadoop-common-3.3.6.jar:?]
	at org.apache.hadoop.ipc.Server$Handler.run(Server.java:3048) [hadoop-common-3.3.6.jar:?]
2023-09-25 17:58:39,456 [Time-limited test] INFO  rpc.RpcClient (RpcClient.java:createVolume(461)) - Creating Volume: volume-14948, with runner as owner and space quota set to -1 bytes, counts quota set to -1
2023-09-25 17:58:39,456 [IPC Server handler 15 on default port 15057] INFO  volume.OMVolumeCreateRequest (OMVolumeCreateRequest.java:validateAndUpdateCache(196)) - created volume:volume-14948 for user:runner
2023-09-25 17:58:39,458 [Time-limited test] INFO  rpc.RpcClient (RpcClient.java:createBucket(688)) - Creating Bucket: volume-14948/bucket, with bucket layout FILE_SYSTEM_OPTIMIZED, runner as owner, Versioning false, Storage Type set to DISK and Encryption set to false, Replication Type set to server-side default replication type, Namespace Quota set to -1, Space Quota set to -1 
2023-09-25 17:58:39,458 [IPC Server handler 19 on default port 15057] INFO  bucket.OMBucketCreateRequest (OMBucketCreateRequest.java:validateAndUpdateCache(270)) - created bucket: bucket of layout FILE_SYSTEM_OPTIMIZED in volume: volume-14948
2023-09-25 17:58:39,462 [Time-limited test] INFO  rpc.RpcClient (RpcClient.java:createVolume(461)) - Creating Volume: volume-87221, with runner as owner and space quota set to -1 bytes, counts quota set to -1
2023-09-25 17:58:39,462 [IPC Server handler 6 on default port 15057] INFO  volume.OMVolumeCreateRequest (OMVolumeCreateRequest.java:validateAndUpdateCache(196)) - created volume:volume-87221 for user:runner
2023-09-25 17:58:39,464 [Time-limited test] INFO  rpc.RpcClient (RpcClient.java:createBucket(688)) - Creating Bucket: volume-87221/link, with server-side default bucket layout, runner as owner, Versioning false, Storage Type set to DISK and Encryption set to false, Replication Type set to server-side default replication type, Namespace Quota set to -1, Space Quota set to -1 
2023-09-25 17:58:39,464 [IPC Server handler 7 on default port 15057] INFO  bucket.OMBucketCreateRequest (OMBucketCreateRequest.java:validateAndUpdateCache(270)) - created bucket: link of layout FILE_SYSTEM_OPTIMIZED in volume: volume-87221
17:58:39.469 [IPC Server handler 13 on default port 15057] ERROR OMAudit - user=runner | ip=127.0.0.1 | op=DELETE_VOLUME {volume=volume-87221} | ret=FAILURE
org.apache.hadoop.ozone.om.exceptions.OMException: null
	at org.apache.hadoop.ozone.om.request.volume.OMVolumeDeleteRequest.validateAndUpdateCache(OMVolumeDeleteRequest.java:121) ~[ozone-manager-1.4.0-SNAPSHOT.jar:?]
	at org.apache.hadoop.ozone.protocolPB.OzoneManagerRequestHandler.handleWriteRequest(OzoneManagerRequestHandler.java:373) ~[ozone-manager-1.4.0-SNAPSHOT.jar:?]
	at org.apache.hadoop.ozone.protocolPB.OzoneManagerProtocolServerSideTranslatorPB.submitRequestDirectlyToOM(OzoneManagerProtocolServerSideTranslatorPB.java:280) ~[ozone-manager-1.4.0-SNAPSHOT.jar:?]
	at org.apache.hadoop.ozone.protocolPB.OzoneManagerProtocolServerSideTranslatorPB.processRequest(OzoneManagerProtocolServerSideTranslatorPB.java:175) ~[ozone-manager-1.4.0-SNAPSHOT.jar:?]
	at org.apache.hadoop.hdds.server.OzoneProtocolMessageDispatcher.processRequest(OzoneProtocolMessageDispatcher.java:87) [hdds-server-framework-1.4.0-SNAPSHOT.jar:?]
	at org.apache.hadoop.ozone.protocolPB.OzoneManagerProtocolServerSideTranslatorPB.submitRequest(OzoneManagerProtocolServerSideTranslatorPB.java:148) [ozone-manager-1.4.0-SNAPSHOT.jar:?]
	at org.apache.hadoop.ozone.protocol.proto.OzoneManagerProtocolProtos$OzoneManagerService$2.callBlockingMethod(OzoneManagerProtocolProtos.java) [ozone-interface-client-1.4.0-SNAPSHOT.jar:?]
	at org.apache.hadoop.ipc.ProtobufRpcEngine$Server.processCall(ProtobufRpcEngine.java:484) [hadoop-common-3.3.6.jar:?]
	at org.apache.hadoop.ipc.ProtobufRpcEngine2$Server$ProtoBufRpcInvoker.call(ProtobufRpcEngine2.java:595) [hadoop-common-3.3.6.jar:?]
	at org.apache.hadoop.ipc.ProtobufRpcEngine2$Server$ProtoBufRpcInvoker.call(ProtobufRpcEngine2.java:573) [hadoop-common-3.3.6.jar:?]
	at org.apache.hadoop.ipc.RPC$Server.call(RPC.java:1227) [hadoop-common-3.3.6.jar:?]
	at org.apache.hadoop.ipc.Server$RpcCall.run(Server.java:1094) [hadoop-common-3.3.6.jar:?]
	at org.apache.hadoop.ipc.Server$RpcCall.run(Server.java:1017) [hadoop-common-3.3.6.jar:?]
	at java.security.AccessController.doPrivileged(Native Method) ~[?:1.8.0_382]
	at javax.security.auth.Subject.doAs(Subject.java:422) [?:1.8.0_382]
	at org.apache.hadoop.security.UserGroupInformation.doAs(UserGroupInformation.java:1899) [hadoop-common-3.3.6.jar:?]
	at org.apache.hadoop.ipc.Server$Handler.run(Server.java:3048) [hadoop-common-3.3.6.jar:?]
2023-09-25 17:58:39,470 [IPC Server handler 13 on default port 15057] ERROR volume.OMVolumeDeleteRequest (OMVolumeDeleteRequest.java:validateAndUpdateCache(168)) - Volume deletion failed for user:runner volume:volume-87221
VOLUME_NOT_EMPTY org.apache.hadoop.ozone.om.exceptions.OMException
	at org.apache.hadoop.ozone.om.request.volume.OMVolumeDeleteRequest.validateAndUpdateCache(OMVolumeDeleteRequest.java:121)
	at org.apache.hadoop.ozone.protocolPB.OzoneManagerRequestHandler.handleWriteRequest(OzoneManagerRequestHandler.java:373)
	at org.apache.hadoop.ozone.protocolPB.OzoneManagerProtocolServerSideTranslatorPB.submitRequestDirectlyToOM(OzoneManagerProtocolServerSideTranslatorPB.java:280)
	at org.apache.hadoop.ozone.protocolPB.OzoneManagerProtocolServerSideTranslatorPB.processRequest(OzoneManagerProtocolServerSideTranslatorPB.java:175)
	at org.apache.hadoop.hdds.server.OzoneProtocolMessageDispatcher.processRequest(OzoneProtocolMessageDispatcher.java:87)
	at org.apache.hadoop.ozone.protocolPB.OzoneManagerProtocolServerSideTranslatorPB.submitRequest(OzoneManagerProtocolServerSideTranslatorPB.java:148)
	at org.apache.hadoop.ozone.protocol.proto.OzoneManagerProtocolProtos$OzoneManagerService$2.callBlockingMethod(OzoneManagerProtocolProtos.java)
	at org.apache.hadoop.ipc.ProtobufRpcEngine$Server.processCall(ProtobufRpcEngine.java:484)
	at org.apache.hadoop.ipc.ProtobufRpcEngine2$Server$ProtoBufRpcInvoker.call(ProtobufRpcEngine2.java:595)
	at org.apache.hadoop.ipc.ProtobufRpcEngine2$Server$ProtoBufRpcInvoker.call(ProtobufRpcEngine2.java:573)
	at org.apache.hadoop.ipc.RPC$Server.call(RPC.java:1227)
	at org.apache.hadoop.ipc.Server$RpcCall.run(Server.java:1094)
	at org.apache.hadoop.ipc.Server$RpcCall.run(Server.java:1017)
	at java.security.AccessController.doPrivileged(Native Method)
	at javax.security.auth.Subject.doAs(Subject.java:422)
	at org.apache.hadoop.security.UserGroupInformation.doAs(UserGroupInformation.java:1899)
	at org.apache.hadoop.ipc.Server$Handler.run(Server.java:3048)
17:58:39.477 [IPC Server handler 7 on default port 15057] ERROR OMAudit - user=runner | ip=127.0.0.1 | op=READ_BUCKET {volume=volume-87221, bucket=link} | ret=FAILURE
org.apache.hadoop.ozone.om.exceptions.OMException: Volume not found when getting bucket info
	at org.apache.hadoop.ozone.om.BucketManagerImpl.getBucketInfo(BucketManagerImpl.java:81) ~[ozone-manager-1.4.0-SNAPSHOT.jar:?]
	at org.apache.hadoop.ozone.om.OzoneManager.getBucketInfo(OzoneManager.java:2795) ~[ozone-manager-1.4.0-SNAPSHOT.jar:?]
	at org.apache.hadoop.ozone.protocolPB.OzoneManagerRequestHandler.infoBucket(OzoneManagerRequestHandler.java:545) ~[ozone-manager-1.4.0-SNAPSHOT.jar:?]
	at org.apache.hadoop.ozone.protocolPB.OzoneManagerRequestHandler.handleReadRequest(OzoneManagerRequestHandler.java:200) ~[ozone-manager-1.4.0-SNAPSHOT.jar:?]
	at org.apache.hadoop.ozone.protocolPB.OzoneManagerProtocolServerSideTranslatorPB.submitRequestDirectlyToOM(OzoneManagerProtocolServerSideTranslatorPB.java:274) ~[ozone-manager-1.4.0-SNAPSHOT.jar:?]
	at org.apache.hadoop.ozone.protocolPB.OzoneManagerProtocolServerSideTranslatorPB.processRequest(OzoneManagerProtocolServerSideTranslatorPB.java:175) ~[ozone-manager-1.4.0-SNAPSHOT.jar:?]
	at org.apache.hadoop.hdds.server.OzoneProtocolMessageDispatcher.processRequest(OzoneProtocolMessageDispatcher.java:87) [hdds-server-framework-1.4.0-SNAPSHOT.jar:?]
	at org.apache.hadoop.ozone.protocolPB.OzoneManagerProtocolServerSideTranslatorPB.submitRequest(OzoneManagerProtocolServerSideTranslatorPB.java:148) [ozone-manager-1.4.0-SNAPSHOT.jar:?]
	at org.apache.hadoop.ozone.protocol.proto.OzoneManagerProtocolProtos$OzoneManagerService$2.callBlockingMethod(OzoneManagerProtocolProtos.java) [ozone-interface-client-1.4.0-SNAPSHOT.jar:?]
	at org.apache.hadoop.ipc.ProtobufRpcEngine$Server.processCall(ProtobufRpcEngine.java:484) [hadoop-common-3.3.6.jar:?]
	at org.apache.hadoop.ipc.ProtobufRpcEngine2$Server$ProtoBufRpcInvoker.call(ProtobufRpcEngine2.java:595) [hadoop-common-3.3.6.jar:?]
	at org.apache.hadoop.ipc.ProtobufRpcEngine2$Server$ProtoBufRpcInvoker.call(ProtobufRpcEngine2.java:573) [hadoop-common-3.3.6.jar:?]
	at org.apache.hadoop.ipc.RPC$Server.call(RPC.java:1227) [hadoop-common-3.3.6.jar:?]
	at org.apache.hadoop.ipc.Server$RpcCall.run(Server.java:1094) [hadoop-common-3.3.6.jar:?]
	at org.apache.hadoop.ipc.Server$RpcCall.run(Server.java:1017) [hadoop-common-3.3.6.jar:?]
	at java.security.AccessController.doPrivileged(Native Method) ~[?:1.8.0_382]
	at javax.security.auth.Subject.doAs(Subject.java:422) [?:1.8.0_382]
	at org.apache.hadoop.security.UserGroupInformation.doAs(UserGroupInformation.java:1899) [hadoop-common-3.3.6.jar:?]
	at org.apache.hadoop.ipc.Server$Handler.run(Server.java:3048) [hadoop-common-3.3.6.jar:?]
]]></system-out>
  </testcase>
  <testcase name="testBucketDefaultsShouldNotBeInheritedToFileForNonEC" classname="TestRootedOzoneFileSystemWithFSO" time="0.139">
    <system-out><![CDATA[2023-09-25 17:56:58,216 [Time-limited test] INFO  rpc.RpcClient (RpcClient.java:createVolume(461)) - Creating Volume: volume44156, with user55955 as owner and space quota set to -1 bytes, counts quota set to -1
2023-09-25 17:56:58,218 [OM StateMachine ApplyTransaction Thread - 0] INFO  volume.OMVolumeCreateRequest (OMVolumeCreateRequest.java:validateAndUpdateCache(196)) - created volume:volume44156 for user:user55955
2023-09-25 17:56:58,220 [Time-limited test] INFO  rpc.RpcClient (RpcClient.java:createBucket(688)) - Creating Bucket: volume44156/bucket03731, with bucket layout FILE_SYSTEM_OPTIMIZED, runner as owner, Versioning false, Storage Type set to DISK and Encryption set to false, Replication Type set to server-side default replication type, Namespace Quota set to -1, Space Quota set to -1 
2023-09-25 17:56:58,222 [OM StateMachine ApplyTransaction Thread - 0] INFO  bucket.OMBucketCreateRequest (OMBucketCreateRequest.java:validateAndUpdateCache(270)) - created bucket: bucket03731 of layout FILE_SYSTEM_OPTIMIZED in volume: volume44156
2023-09-25 17:56:58,252 [Time-limited test] INFO  rpc.RpcClient (RpcClient.java:createVolume(461)) - Creating Volume: d3cd1d53-5352-4a63-83e3-0635902e1dec, with user19524 as owner and space quota set to -1 bytes, counts quota set to -1
2023-09-25 17:56:58,255 [OM StateMachine ApplyTransaction Thread - 0] INFO  volume.OMVolumeCreateRequest (OMVolumeCreateRequest.java:validateAndUpdateCache(196)) - created volume:d3cd1d53-5352-4a63-83e3-0635902e1dec for user:user19524
2023-09-25 17:56:58,257 [Time-limited test] INFO  rpc.RpcClient (RpcClient.java:createBucket(688)) - Creating Bucket: d3cd1d53-5352-4a63-83e3-0635902e1dec/68f472f7-29a8-4ac1-9844-a36852264564, with bucket layout LEGACY, runner as owner, Versioning false, Storage Type set to DISK and Encryption set to false, Replication Type set to STAND_ALONE, Namespace Quota set to -1, Space Quota set to -1 
2023-09-25 17:56:58,262 [OM StateMachine ApplyTransaction Thread - 0] INFO  bucket.OMBucketCreateRequest (OMBucketCreateRequest.java:validateAndUpdateCache(270)) - created bucket: 68f472f7-29a8-4ac1-9844-a36852264564 of layout LEGACY in volume: d3cd1d53-5352-4a63-83e3-0635902e1dec
2023-09-25 17:56:58,320 [IPC Server handler 12 on default port 15001] WARN  node.SCMNodeManager (SCMNodeManager.java:getNodesByAddress(1373)) - Cannot find node for address 127.0.0.1
]]></system-out>
  </testcase>
  <testcase name="testBucketDefaultsShouldNotBeInheritedToFileForNonEC" classname="TestRootedOzoneFileSystemWithFSO" time="0.085">
    <system-out><![CDATA[2023-09-25 17:58:39,507 [Time-limited test] INFO  rpc.RpcClient (RpcClient.java:createVolume(461)) - Creating Volume: volume83695, with user05414 as owner and space quota set to -1 bytes, counts quota set to -1
2023-09-25 17:58:39,508 [IPC Server handler 16 on default port 15057] INFO  volume.OMVolumeCreateRequest (OMVolumeCreateRequest.java:validateAndUpdateCache(196)) - created volume:volume83695 for user:user05414
2023-09-25 17:58:39,509 [Time-limited test] INFO  rpc.RpcClient (RpcClient.java:createBucket(688)) - Creating Bucket: volume83695/bucket65766, with bucket layout FILE_SYSTEM_OPTIMIZED, runner as owner, Versioning false, Storage Type set to DISK and Encryption set to false, Replication Type set to server-side default replication type, Namespace Quota set to -1, Space Quota set to -1 
2023-09-25 17:58:39,509 [IPC Server handler 1 on default port 15057] INFO  bucket.OMBucketCreateRequest (OMBucketCreateRequest.java:validateAndUpdateCache(270)) - created bucket: bucket65766 of layout FILE_SYSTEM_OPTIMIZED in volume: volume83695
2023-09-25 17:58:39,520 [Time-limited test] INFO  rpc.RpcClient (RpcClient.java:createVolume(461)) - Creating Volume: f8139b91-c5a0-449e-86b7-b51e8733c695, with user85692 as owner and space quota set to -1 bytes, counts quota set to -1
2023-09-25 17:58:39,521 [IPC Server handler 4 on default port 15057] INFO  volume.OMVolumeCreateRequest (OMVolumeCreateRequest.java:validateAndUpdateCache(196)) - created volume:f8139b91-c5a0-449e-86b7-b51e8733c695 for user:user85692
2023-09-25 17:58:39,523 [Time-limited test] INFO  rpc.RpcClient (RpcClient.java:createBucket(688)) - Creating Bucket: f8139b91-c5a0-449e-86b7-b51e8733c695/50cd8f89-b684-4f83-9b98-ff20b3faca08, with bucket layout LEGACY, runner as owner, Versioning false, Storage Type set to DISK and Encryption set to false, Replication Type set to STAND_ALONE, Namespace Quota set to -1, Space Quota set to -1 
2023-09-25 17:58:39,524 [IPC Server handler 0 on default port 15057] INFO  bucket.OMBucketCreateRequest (OMBucketCreateRequest.java:validateAndUpdateCache(270)) - created bucket: 50cd8f89-b684-4f83-9b98-ff20b3faca08 of layout LEGACY in volume: f8139b91-c5a0-449e-86b7-b51e8733c695
2023-09-25 17:58:39,573 [IPC Server handler 8 on default port 15054] WARN  node.SCMNodeManager (SCMNodeManager.java:getNodesByAddress(1373)) - Cannot find node for address 127.0.0.1
]]></system-out>
  </testcase>
  <testcase name="testTrash" classname="TestRootedOzoneFileSystemWithFSO" time="5.3">
    <system-out><![CDATA[2023-09-25 17:56:58,356 [Time-limited test] INFO  rpc.RpcClient (RpcClient.java:createVolume(461)) - Creating Volume: volume68690, with user24866 as owner and space quota set to -1 bytes, counts quota set to -1
2023-09-25 17:56:58,359 [OM StateMachine ApplyTransaction Thread - 0] INFO  volume.OMVolumeCreateRequest (OMVolumeCreateRequest.java:validateAndUpdateCache(196)) - created volume:volume68690 for user:user24866
2023-09-25 17:56:58,362 [Time-limited test] INFO  rpc.RpcClient (RpcClient.java:createBucket(688)) - Creating Bucket: volume68690/bucket83601, with bucket layout FILE_SYSTEM_OPTIMIZED, runner as owner, Versioning false, Storage Type set to DISK and Encryption set to false, Replication Type set to server-side default replication type, Namespace Quota set to -1, Space Quota set to -1 
2023-09-25 17:56:58,366 [OM StateMachine ApplyTransaction Thread - 0] INFO  bucket.OMBucketCreateRequest (OMBucketCreateRequest.java:validateAndUpdateCache(270)) - created bucket: bucket83601 of layout FILE_SYSTEM_OPTIMIZED in volume: volume68690
2023-09-25 17:56:58,459 [Time-limited test] INFO  rpc.RpcClient (RpcClient.java:createVolume(461)) - Creating Volume: volume17462, with user57528 as owner and space quota set to -1 bytes, counts quota set to -1
2023-09-25 17:56:58,461 [OM StateMachine ApplyTransaction Thread - 0] INFO  volume.OMVolumeCreateRequest (OMVolumeCreateRequest.java:validateAndUpdateCache(196)) - created volume:volume17462 for user:user57528
2023-09-25 17:56:58,465 [Time-limited test] INFO  rpc.RpcClient (RpcClient.java:createBucket(688)) - Creating Bucket: volume17462/bucket10490, with bucket layout FILE_SYSTEM_OPTIMIZED, runner as owner, Versioning false, Storage Type set to DISK and Encryption set to false, Replication Type set to server-side default replication type, Namespace Quota set to -1, Space Quota set to -1 
2023-09-25 17:56:58,467 [OM StateMachine ApplyTransaction Thread - 0] INFO  bucket.OMBucketCreateRequest (OMBucketCreateRequest.java:validateAndUpdateCache(270)) - created bucket: bucket10490 of layout FILE_SYSTEM_OPTIMIZED in volume: volume17462
17:56:58.544 [IPC Server handler 13 on default port 15004] ERROR OMAudit - user=runner | ip=127.0.0.1 | op=GET_FILE_STATUS {volume=volume68690, bucket=bucket83601, key=.Trash/runner/Current/keyToBeDeleted, dataSize=0, replicationConfig=null} | ret=FAILURE
org.apache.hadoop.ozone.om.exceptions.OMException: Unable to get file status: volume: volume68690 bucket: bucket83601 key: .Trash/runner/Current/keyToBeDeleted
	at org.apache.hadoop.ozone.om.KeyManagerImpl.getOzoneFileStatusFSO(KeyManagerImpl.java:1327) ~[ozone-manager-1.4.0-SNAPSHOT.jar:?]
	at org.apache.hadoop.ozone.om.KeyManagerImpl.getFileStatus(KeyManagerImpl.java:1111) ~[ozone-manager-1.4.0-SNAPSHOT.jar:?]
	at org.apache.hadoop.ozone.om.OmMetadataReader.getFileStatus(OmMetadataReader.java:262) ~[ozone-manager-1.4.0-SNAPSHOT.jar:?]
	at org.apache.hadoop.ozone.om.OzoneManager.getFileStatus(OzoneManager.java:3533) ~[ozone-manager-1.4.0-SNAPSHOT.jar:?]
	at org.apache.hadoop.ozone.protocolPB.OzoneManagerRequestHandler.getOzoneFileStatus(OzoneManagerRequestHandler.java:971) ~[ozone-manager-1.4.0-SNAPSHOT.jar:?]
	at org.apache.hadoop.ozone.protocolPB.OzoneManagerRequestHandler.handleReadRequest(OzoneManagerRequestHandler.java:250) ~[ozone-manager-1.4.0-SNAPSHOT.jar:?]
	at org.apache.hadoop.ozone.protocolPB.OzoneManagerProtocolServerSideTranslatorPB.submitReadRequestToOM(OzoneManagerProtocolServerSideTranslatorPB.java:225) ~[ozone-manager-1.4.0-SNAPSHOT.jar:?]
	at org.apache.hadoop.ozone.protocolPB.OzoneManagerProtocolServerSideTranslatorPB.processRequest(OzoneManagerProtocolServerSideTranslatorPB.java:179) ~[ozone-manager-1.4.0-SNAPSHOT.jar:?]
	at org.apache.hadoop.hdds.server.OzoneProtocolMessageDispatcher.processRequest(OzoneProtocolMessageDispatcher.java:87) [hdds-server-framework-1.4.0-SNAPSHOT.jar:?]
	at org.apache.hadoop.ozone.protocolPB.OzoneManagerProtocolServerSideTranslatorPB.submitRequest(OzoneManagerProtocolServerSideTranslatorPB.java:148) [ozone-manager-1.4.0-SNAPSHOT.jar:?]
	at org.apache.hadoop.ozone.protocol.proto.OzoneManagerProtocolProtos$OzoneManagerService$2.callBlockingMethod(OzoneManagerProtocolProtos.java) [ozone-interface-client-1.4.0-SNAPSHOT.jar:?]
	at org.apache.hadoop.ipc.ProtobufRpcEngine$Server.processCall(ProtobufRpcEngine.java:484) [hadoop-common-3.3.6.jar:?]
	at org.apache.hadoop.ipc.ProtobufRpcEngine2$Server$ProtoBufRpcInvoker.call(ProtobufRpcEngine2.java:595) [hadoop-common-3.3.6.jar:?]
	at org.apache.hadoop.ipc.ProtobufRpcEngine2$Server$ProtoBufRpcInvoker.call(ProtobufRpcEngine2.java:573) [hadoop-common-3.3.6.jar:?]
	at org.apache.hadoop.ipc.RPC$Server.call(RPC.java:1227) [hadoop-common-3.3.6.jar:?]
	at org.apache.hadoop.ipc.Server$RpcCall.run(Server.java:1094) [hadoop-common-3.3.6.jar:?]
	at org.apache.hadoop.ipc.Server$RpcCall.run(Server.java:1017) [hadoop-common-3.3.6.jar:?]
	at java.security.AccessController.doPrivileged(Native Method) ~[?:1.8.0_382]
	at javax.security.auth.Subject.doAs(Subject.java:422) [?:1.8.0_382]
	at org.apache.hadoop.security.UserGroupInformation.doAs(UserGroupInformation.java:1899) [hadoop-common-3.3.6.jar:?]
	at org.apache.hadoop.ipc.Server$Handler.run(Server.java:3048) [hadoop-common-3.3.6.jar:?]
2023-09-25 17:56:58,549 [Time-limited test] INFO  om.TrashPolicyOzone (TrashPolicyOzone.java:moveToTrash(213)) - Moved: '/volume68690/bucket83601/keyToBeDeleted' to trash at: ofs://localhost:15004/volume68690/bucket83601/.Trash/runner/Current/keyToBeDeleted
17:56:58.560 [IPC Server handler 8 on default port 15004] ERROR OMAudit - user=runner | ip=127.0.0.1 | op=GET_FILE_STATUS {volume=volume17462, bucket=bucket10490, key=.Trash/runner/Current/keyToBeDeleted1, dataSize=0, replicationConfig=null} | ret=FAILURE
org.apache.hadoop.ozone.om.exceptions.OMException: Unable to get file status: volume: volume17462 bucket: bucket10490 key: .Trash/runner/Current/keyToBeDeleted1
	at org.apache.hadoop.ozone.om.KeyManagerImpl.getOzoneFileStatusFSO(KeyManagerImpl.java:1327) ~[ozone-manager-1.4.0-SNAPSHOT.jar:?]
	at org.apache.hadoop.ozone.om.KeyManagerImpl.getFileStatus(KeyManagerImpl.java:1111) ~[ozone-manager-1.4.0-SNAPSHOT.jar:?]
	at org.apache.hadoop.ozone.om.OmMetadataReader.getFileStatus(OmMetadataReader.java:262) ~[ozone-manager-1.4.0-SNAPSHOT.jar:?]
	at org.apache.hadoop.ozone.om.OzoneManager.getFileStatus(OzoneManager.java:3533) ~[ozone-manager-1.4.0-SNAPSHOT.jar:?]
	at org.apache.hadoop.ozone.protocolPB.OzoneManagerRequestHandler.getOzoneFileStatus(OzoneManagerRequestHandler.java:971) ~[ozone-manager-1.4.0-SNAPSHOT.jar:?]
	at org.apache.hadoop.ozone.protocolPB.OzoneManagerRequestHandler.handleReadRequest(OzoneManagerRequestHandler.java:250) ~[ozone-manager-1.4.0-SNAPSHOT.jar:?]
	at org.apache.hadoop.ozone.protocolPB.OzoneManagerProtocolServerSideTranslatorPB.submitReadRequestToOM(OzoneManagerProtocolServerSideTranslatorPB.java:225) ~[ozone-manager-1.4.0-SNAPSHOT.jar:?]
	at org.apache.hadoop.ozone.protocolPB.OzoneManagerProtocolServerSideTranslatorPB.processRequest(OzoneManagerProtocolServerSideTranslatorPB.java:179) ~[ozone-manager-1.4.0-SNAPSHOT.jar:?]
	at org.apache.hadoop.hdds.server.OzoneProtocolMessageDispatcher.processRequest(OzoneProtocolMessageDispatcher.java:87) [hdds-server-framework-1.4.0-SNAPSHOT.jar:?]
	at org.apache.hadoop.ozone.protocolPB.OzoneManagerProtocolServerSideTranslatorPB.submitRequest(OzoneManagerProtocolServerSideTranslatorPB.java:148) [ozone-manager-1.4.0-SNAPSHOT.jar:?]
	at org.apache.hadoop.ozone.protocol.proto.OzoneManagerProtocolProtos$OzoneManagerService$2.callBlockingMethod(OzoneManagerProtocolProtos.java) [ozone-interface-client-1.4.0-SNAPSHOT.jar:?]
	at org.apache.hadoop.ipc.ProtobufRpcEngine$Server.processCall(ProtobufRpcEngine.java:484) [hadoop-common-3.3.6.jar:?]
	at org.apache.hadoop.ipc.ProtobufRpcEngine2$Server$ProtoBufRpcInvoker.call(ProtobufRpcEngine2.java:595) [hadoop-common-3.3.6.jar:?]
	at org.apache.hadoop.ipc.ProtobufRpcEngine2$Server$ProtoBufRpcInvoker.call(ProtobufRpcEngine2.java:573) [hadoop-common-3.3.6.jar:?]
	at org.apache.hadoop.ipc.RPC$Server.call(RPC.java:1227) [hadoop-common-3.3.6.jar:?]
	at org.apache.hadoop.ipc.Server$RpcCall.run(Server.java:1094) [hadoop-common-3.3.6.jar:?]
	at org.apache.hadoop.ipc.Server$RpcCall.run(Server.java:1017) [hadoop-common-3.3.6.jar:?]
	at java.security.AccessController.doPrivileged(Native Method) ~[?:1.8.0_382]
	at javax.security.auth.Subject.doAs(Subject.java:422) [?:1.8.0_382]
	at org.apache.hadoop.security.UserGroupInformation.doAs(UserGroupInformation.java:1899) [hadoop-common-3.3.6.jar:?]
	at org.apache.hadoop.ipc.Server$Handler.run(Server.java:3048) [hadoop-common-3.3.6.jar:?]
2023-09-25 17:56:58,565 [Time-limited test] INFO  om.TrashPolicyOzone (TrashPolicyOzone.java:moveToTrash(213)) - Moved: '/volume17462/bucket10490/keyToBeDeleted1' to trash at: ofs://localhost:15004/volume17462/bucket10490/.Trash/runner/Current/keyToBeDeleted1
17:57:00.579 [IPC Server handler 5 on default port 15004] ERROR OMAudit - user=runner | ip=127.0.0.1 | op=GET_FILE_STATUS {volume=volume68690, bucket=bucket83601, key=.Trash/runner/Current/keyToBeDeleted, dataSize=0, replicationConfig=null} | ret=FAILURE
org.apache.hadoop.ozone.om.exceptions.OMException: Unable to get file status: volume: volume68690 bucket: bucket83601 key: .Trash/runner/Current/keyToBeDeleted
	at org.apache.hadoop.ozone.om.KeyManagerImpl.getOzoneFileStatusFSO(KeyManagerImpl.java:1327) ~[ozone-manager-1.4.0-SNAPSHOT.jar:?]
	at org.apache.hadoop.ozone.om.KeyManagerImpl.getFileStatus(KeyManagerImpl.java:1111) ~[ozone-manager-1.4.0-SNAPSHOT.jar:?]
	at org.apache.hadoop.ozone.om.OmMetadataReader.getFileStatus(OmMetadataReader.java:262) ~[ozone-manager-1.4.0-SNAPSHOT.jar:?]
	at org.apache.hadoop.ozone.om.OzoneManager.getFileStatus(OzoneManager.java:3533) ~[ozone-manager-1.4.0-SNAPSHOT.jar:?]
	at org.apache.hadoop.ozone.protocolPB.OzoneManagerRequestHandler.getOzoneFileStatus(OzoneManagerRequestHandler.java:971) ~[ozone-manager-1.4.0-SNAPSHOT.jar:?]
	at org.apache.hadoop.ozone.protocolPB.OzoneManagerRequestHandler.handleReadRequest(OzoneManagerRequestHandler.java:250) ~[ozone-manager-1.4.0-SNAPSHOT.jar:?]
	at org.apache.hadoop.ozone.protocolPB.OzoneManagerProtocolServerSideTranslatorPB.submitReadRequestToOM(OzoneManagerProtocolServerSideTranslatorPB.java:225) ~[ozone-manager-1.4.0-SNAPSHOT.jar:?]
	at org.apache.hadoop.ozone.protocolPB.OzoneManagerProtocolServerSideTranslatorPB.processRequest(OzoneManagerProtocolServerSideTranslatorPB.java:179) ~[ozone-manager-1.4.0-SNAPSHOT.jar:?]
	at org.apache.hadoop.hdds.server.OzoneProtocolMessageDispatcher.processRequest(OzoneProtocolMessageDispatcher.java:87) [hdds-server-framework-1.4.0-SNAPSHOT.jar:?]
	at org.apache.hadoop.ozone.protocolPB.OzoneManagerProtocolServerSideTranslatorPB.submitRequest(OzoneManagerProtocolServerSideTranslatorPB.java:148) [ozone-manager-1.4.0-SNAPSHOT.jar:?]
	at org.apache.hadoop.ozone.protocol.proto.OzoneManagerProtocolProtos$OzoneManagerService$2.callBlockingMethod(OzoneManagerProtocolProtos.java) [ozone-interface-client-1.4.0-SNAPSHOT.jar:?]
	at org.apache.hadoop.ipc.ProtobufRpcEngine$Server.processCall(ProtobufRpcEngine.java:484) [hadoop-common-3.3.6.jar:?]
	at org.apache.hadoop.ipc.ProtobufRpcEngine2$Server$ProtoBufRpcInvoker.call(ProtobufRpcEngine2.java:595) [hadoop-common-3.3.6.jar:?]
	at org.apache.hadoop.ipc.ProtobufRpcEngine2$Server$ProtoBufRpcInvoker.call(ProtobufRpcEngine2.java:573) [hadoop-common-3.3.6.jar:?]
	at org.apache.hadoop.ipc.RPC$Server.call(RPC.java:1227) [hadoop-common-3.3.6.jar:?]
	at org.apache.hadoop.ipc.Server$RpcCall.run(Server.java:1094) [hadoop-common-3.3.6.jar:?]
	at org.apache.hadoop.ipc.Server$RpcCall.run(Server.java:1017) [hadoop-common-3.3.6.jar:?]
	at java.security.AccessController.doPrivileged(Native Method) ~[?:1.8.0_382]
	at javax.security.auth.Subject.doAs(Subject.java:422) [?:1.8.0_382]
	at org.apache.hadoop.security.UserGroupInformation.doAs(UserGroupInformation.java:1899) [hadoop-common-3.3.6.jar:?]
	at org.apache.hadoop.ipc.Server$Handler.run(Server.java:3048) [hadoop-common-3.3.6.jar:?]
17:57:00.583 [IPC Server handler 13 on default port 15004] ERROR OMAudit - user=runner | ip=127.0.0.1 | op=GET_FILE_STATUS {volume=volume68690, bucket=bucket83601, key=.Trash/runner/Current/keyToBeDeleted1, dataSize=0, replicationConfig=null} | ret=FAILURE
org.apache.hadoop.ozone.om.exceptions.OMException: Unable to get file status: volume: volume68690 bucket: bucket83601 key: .Trash/runner/Current/keyToBeDeleted1
	at org.apache.hadoop.ozone.om.KeyManagerImpl.getOzoneFileStatusFSO(KeyManagerImpl.java:1327) ~[ozone-manager-1.4.0-SNAPSHOT.jar:?]
	at org.apache.hadoop.ozone.om.KeyManagerImpl.getFileStatus(KeyManagerImpl.java:1111) ~[ozone-manager-1.4.0-SNAPSHOT.jar:?]
	at org.apache.hadoop.ozone.om.OmMetadataReader.getFileStatus(OmMetadataReader.java:262) ~[ozone-manager-1.4.0-SNAPSHOT.jar:?]
	at org.apache.hadoop.ozone.om.OzoneManager.getFileStatus(OzoneManager.java:3533) ~[ozone-manager-1.4.0-SNAPSHOT.jar:?]
	at org.apache.hadoop.ozone.protocolPB.OzoneManagerRequestHandler.getOzoneFileStatus(OzoneManagerRequestHandler.java:971) ~[ozone-manager-1.4.0-SNAPSHOT.jar:?]
	at org.apache.hadoop.ozone.protocolPB.OzoneManagerRequestHandler.handleReadRequest(OzoneManagerRequestHandler.java:250) ~[ozone-manager-1.4.0-SNAPSHOT.jar:?]
	at org.apache.hadoop.ozone.protocolPB.OzoneManagerProtocolServerSideTranslatorPB.submitReadRequestToOM(OzoneManagerProtocolServerSideTranslatorPB.java:225) ~[ozone-manager-1.4.0-SNAPSHOT.jar:?]
	at org.apache.hadoop.ozone.protocolPB.OzoneManagerProtocolServerSideTranslatorPB.processRequest(OzoneManagerProtocolServerSideTranslatorPB.java:179) ~[ozone-manager-1.4.0-SNAPSHOT.jar:?]
	at org.apache.hadoop.hdds.server.OzoneProtocolMessageDispatcher.processRequest(OzoneProtocolMessageDispatcher.java:87) [hdds-server-framework-1.4.0-SNAPSHOT.jar:?]
	at org.apache.hadoop.ozone.protocolPB.OzoneManagerProtocolServerSideTranslatorPB.submitRequest(OzoneManagerProtocolServerSideTranslatorPB.java:148) [ozone-manager-1.4.0-SNAPSHOT.jar:?]
	at org.apache.hadoop.ozone.protocol.proto.OzoneManagerProtocolProtos$OzoneManagerService$2.callBlockingMethod(OzoneManagerProtocolProtos.java) [ozone-interface-client-1.4.0-SNAPSHOT.jar:?]
	at org.apache.hadoop.ipc.ProtobufRpcEngine$Server.processCall(ProtobufRpcEngine.java:484) [hadoop-common-3.3.6.jar:?]
	at org.apache.hadoop.ipc.ProtobufRpcEngine2$Server$ProtoBufRpcInvoker.call(ProtobufRpcEngine2.java:595) [hadoop-common-3.3.6.jar:?]
	at org.apache.hadoop.ipc.ProtobufRpcEngine2$Server$ProtoBufRpcInvoker.call(ProtobufRpcEngine2.java:573) [hadoop-common-3.3.6.jar:?]
	at org.apache.hadoop.ipc.RPC$Server.call(RPC.java:1227) [hadoop-common-3.3.6.jar:?]
	at org.apache.hadoop.ipc.Server$RpcCall.run(Server.java:1094) [hadoop-common-3.3.6.jar:?]
	at org.apache.hadoop.ipc.Server$RpcCall.run(Server.java:1017) [hadoop-common-3.3.6.jar:?]
	at java.security.AccessController.doPrivileged(Native Method) ~[?:1.8.0_382]
	at javax.security.auth.Subject.doAs(Subject.java:422) [?:1.8.0_382]
	at org.apache.hadoop.security.UserGroupInformation.doAs(UserGroupInformation.java:1899) [hadoop-common-3.3.6.jar:?]
	at org.apache.hadoop.ipc.Server$Handler.run(Server.java:3048) [hadoop-common-3.3.6.jar:?]
]]></system-out>
  </testcase>
  <testcase name="testTrash" classname="TestRootedOzoneFileSystemWithFSO" time="4.192">
    <system-out><![CDATA[2023-09-25 17:58:39,598 [Time-limited test] INFO  rpc.RpcClient (RpcClient.java:createVolume(461)) - Creating Volume: volume61499, with user69971 as owner and space quota set to -1 bytes, counts quota set to -1
2023-09-25 17:58:39,599 [IPC Server handler 6 on default port 15057] INFO  volume.OMVolumeCreateRequest (OMVolumeCreateRequest.java:validateAndUpdateCache(196)) - created volume:volume61499 for user:user69971
2023-09-25 17:58:39,600 [Time-limited test] INFO  rpc.RpcClient (RpcClient.java:createBucket(688)) - Creating Bucket: volume61499/bucket61874, with bucket layout FILE_SYSTEM_OPTIMIZED, runner as owner, Versioning false, Storage Type set to DISK and Encryption set to false, Replication Type set to server-side default replication type, Namespace Quota set to -1, Space Quota set to -1 
2023-09-25 17:58:39,600 [IPC Server handler 7 on default port 15057] INFO  bucket.OMBucketCreateRequest (OMBucketCreateRequest.java:validateAndUpdateCache(270)) - created bucket: bucket61874 of layout FILE_SYSTEM_OPTIMIZED in volume: volume61499
2023-09-25 17:58:39,662 [Time-limited test] INFO  rpc.RpcClient (RpcClient.java:createVolume(461)) - Creating Volume: volume50120, with user55995 as owner and space quota set to -1 bytes, counts quota set to -1
2023-09-25 17:58:39,662 [IPC Server handler 12 on default port 15057] INFO  volume.OMVolumeCreateRequest (OMVolumeCreateRequest.java:validateAndUpdateCache(196)) - created volume:volume50120 for user:user55995
2023-09-25 17:58:39,663 [Time-limited test] INFO  rpc.RpcClient (RpcClient.java:createBucket(688)) - Creating Bucket: volume50120/bucket21958, with bucket layout FILE_SYSTEM_OPTIMIZED, runner as owner, Versioning false, Storage Type set to DISK and Encryption set to false, Replication Type set to server-side default replication type, Namespace Quota set to -1, Space Quota set to -1 
2023-09-25 17:58:39,664 [IPC Server handler 14 on default port 15057] INFO  bucket.OMBucketCreateRequest (OMBucketCreateRequest.java:validateAndUpdateCache(270)) - created bucket: bucket21958 of layout FILE_SYSTEM_OPTIMIZED in volume: volume50120
17:58:39.720 [IPC Server handler 0 on default port 15057] ERROR OMAudit - user=runner | ip=127.0.0.1 | op=GET_FILE_STATUS {volume=volume61499, bucket=bucket61874, key=.Trash/runner/Current/keyToBeDeleted, dataSize=0, replicationConfig=null} | ret=FAILURE
org.apache.hadoop.ozone.om.exceptions.OMException: Unable to get file status: volume: volume61499 bucket: bucket61874 key: .Trash/runner/Current/keyToBeDeleted
	at org.apache.hadoop.ozone.om.KeyManagerImpl.getOzoneFileStatusFSO(KeyManagerImpl.java:1327) ~[ozone-manager-1.4.0-SNAPSHOT.jar:?]
	at org.apache.hadoop.ozone.om.KeyManagerImpl.getFileStatus(KeyManagerImpl.java:1111) ~[ozone-manager-1.4.0-SNAPSHOT.jar:?]
	at org.apache.hadoop.ozone.om.OmMetadataReader.getFileStatus(OmMetadataReader.java:262) ~[ozone-manager-1.4.0-SNAPSHOT.jar:?]
	at org.apache.hadoop.ozone.om.OzoneManager.getFileStatus(OzoneManager.java:3533) ~[ozone-manager-1.4.0-SNAPSHOT.jar:?]
	at org.apache.hadoop.ozone.protocolPB.OzoneManagerRequestHandler.getOzoneFileStatus(OzoneManagerRequestHandler.java:971) ~[ozone-manager-1.4.0-SNAPSHOT.jar:?]
	at org.apache.hadoop.ozone.protocolPB.OzoneManagerRequestHandler.handleReadRequest(OzoneManagerRequestHandler.java:250) ~[ozone-manager-1.4.0-SNAPSHOT.jar:?]
	at org.apache.hadoop.ozone.protocolPB.OzoneManagerProtocolServerSideTranslatorPB.submitRequestDirectlyToOM(OzoneManagerProtocolServerSideTranslatorPB.java:274) ~[ozone-manager-1.4.0-SNAPSHOT.jar:?]
	at org.apache.hadoop.ozone.protocolPB.OzoneManagerProtocolServerSideTranslatorPB.processRequest(OzoneManagerProtocolServerSideTranslatorPB.java:175) ~[ozone-manager-1.4.0-SNAPSHOT.jar:?]
	at org.apache.hadoop.hdds.server.OzoneProtocolMessageDispatcher.processRequest(OzoneProtocolMessageDispatcher.java:87) [hdds-server-framework-1.4.0-SNAPSHOT.jar:?]
	at org.apache.hadoop.ozone.protocolPB.OzoneManagerProtocolServerSideTranslatorPB.submitRequest(OzoneManagerProtocolServerSideTranslatorPB.java:148) [ozone-manager-1.4.0-SNAPSHOT.jar:?]
	at org.apache.hadoop.ozone.protocol.proto.OzoneManagerProtocolProtos$OzoneManagerService$2.callBlockingMethod(OzoneManagerProtocolProtos.java) [ozone-interface-client-1.4.0-SNAPSHOT.jar:?]
	at org.apache.hadoop.ipc.ProtobufRpcEngine$Server.processCall(ProtobufRpcEngine.java:484) [hadoop-common-3.3.6.jar:?]
	at org.apache.hadoop.ipc.ProtobufRpcEngine2$Server$ProtoBufRpcInvoker.call(ProtobufRpcEngine2.java:595) [hadoop-common-3.3.6.jar:?]
	at org.apache.hadoop.ipc.ProtobufRpcEngine2$Server$ProtoBufRpcInvoker.call(ProtobufRpcEngine2.java:573) [hadoop-common-3.3.6.jar:?]
	at org.apache.hadoop.ipc.RPC$Server.call(RPC.java:1227) [hadoop-common-3.3.6.jar:?]
	at org.apache.hadoop.ipc.Server$RpcCall.run(Server.java:1094) [hadoop-common-3.3.6.jar:?]
	at org.apache.hadoop.ipc.Server$RpcCall.run(Server.java:1017) [hadoop-common-3.3.6.jar:?]
	at java.security.AccessController.doPrivileged(Native Method) ~[?:1.8.0_382]
	at javax.security.auth.Subject.doAs(Subject.java:422) [?:1.8.0_382]
	at org.apache.hadoop.security.UserGroupInformation.doAs(UserGroupInformation.java:1899) [hadoop-common-3.3.6.jar:?]
	at org.apache.hadoop.ipc.Server$Handler.run(Server.java:3048) [hadoop-common-3.3.6.jar:?]
2023-09-25 17:58:39,723 [Time-limited test] INFO  om.TrashPolicyOzone (TrashPolicyOzone.java:moveToTrash(213)) - Moved: '/volume61499/bucket61874/keyToBeDeleted' to trash at: ofs://localhost:15057/volume61499/bucket61874/.Trash/runner/Current/keyToBeDeleted
17:58:39.729 [IPC Server handler 12 on default port 15057] ERROR OMAudit - user=runner | ip=127.0.0.1 | op=GET_FILE_STATUS {volume=volume50120, bucket=bucket21958, key=.Trash/runner/Current/keyToBeDeleted1, dataSize=0, replicationConfig=null} | ret=FAILURE
org.apache.hadoop.ozone.om.exceptions.OMException: Unable to get file status: volume: volume50120 bucket: bucket21958 key: .Trash/runner/Current/keyToBeDeleted1
	at org.apache.hadoop.ozone.om.KeyManagerImpl.getOzoneFileStatusFSO(KeyManagerImpl.java:1327) ~[ozone-manager-1.4.0-SNAPSHOT.jar:?]
	at org.apache.hadoop.ozone.om.KeyManagerImpl.getFileStatus(KeyManagerImpl.java:1111) ~[ozone-manager-1.4.0-SNAPSHOT.jar:?]
	at org.apache.hadoop.ozone.om.OmMetadataReader.getFileStatus(OmMetadataReader.java:262) ~[ozone-manager-1.4.0-SNAPSHOT.jar:?]
	at org.apache.hadoop.ozone.om.OzoneManager.getFileStatus(OzoneManager.java:3533) ~[ozone-manager-1.4.0-SNAPSHOT.jar:?]
	at org.apache.hadoop.ozone.protocolPB.OzoneManagerRequestHandler.getOzoneFileStatus(OzoneManagerRequestHandler.java:971) ~[ozone-manager-1.4.0-SNAPSHOT.jar:?]
	at org.apache.hadoop.ozone.protocolPB.OzoneManagerRequestHandler.handleReadRequest(OzoneManagerRequestHandler.java:250) ~[ozone-manager-1.4.0-SNAPSHOT.jar:?]
	at org.apache.hadoop.ozone.protocolPB.OzoneManagerProtocolServerSideTranslatorPB.submitRequestDirectlyToOM(OzoneManagerProtocolServerSideTranslatorPB.java:274) ~[ozone-manager-1.4.0-SNAPSHOT.jar:?]
	at org.apache.hadoop.ozone.protocolPB.OzoneManagerProtocolServerSideTranslatorPB.processRequest(OzoneManagerProtocolServerSideTranslatorPB.java:175) ~[ozone-manager-1.4.0-SNAPSHOT.jar:?]
	at org.apache.hadoop.hdds.server.OzoneProtocolMessageDispatcher.processRequest(OzoneProtocolMessageDispatcher.java:87) [hdds-server-framework-1.4.0-SNAPSHOT.jar:?]
	at org.apache.hadoop.ozone.protocolPB.OzoneManagerProtocolServerSideTranslatorPB.submitRequest(OzoneManagerProtocolServerSideTranslatorPB.java:148) [ozone-manager-1.4.0-SNAPSHOT.jar:?]
	at org.apache.hadoop.ozone.protocol.proto.OzoneManagerProtocolProtos$OzoneManagerService$2.callBlockingMethod(OzoneManagerProtocolProtos.java) [ozone-interface-client-1.4.0-SNAPSHOT.jar:?]
	at org.apache.hadoop.ipc.ProtobufRpcEngine$Server.processCall(ProtobufRpcEngine.java:484) [hadoop-common-3.3.6.jar:?]
	at org.apache.hadoop.ipc.ProtobufRpcEngine2$Server$ProtoBufRpcInvoker.call(ProtobufRpcEngine2.java:595) [hadoop-common-3.3.6.jar:?]
	at org.apache.hadoop.ipc.ProtobufRpcEngine2$Server$ProtoBufRpcInvoker.call(ProtobufRpcEngine2.java:573) [hadoop-common-3.3.6.jar:?]
	at org.apache.hadoop.ipc.RPC$Server.call(RPC.java:1227) [hadoop-common-3.3.6.jar:?]
	at org.apache.hadoop.ipc.Server$RpcCall.run(Server.java:1094) [hadoop-common-3.3.6.jar:?]
	at org.apache.hadoop.ipc.Server$RpcCall.run(Server.java:1017) [hadoop-common-3.3.6.jar:?]
	at java.security.AccessController.doPrivileged(Native Method) ~[?:1.8.0_382]
	at javax.security.auth.Subject.doAs(Subject.java:422) [?:1.8.0_382]
	at org.apache.hadoop.security.UserGroupInformation.doAs(UserGroupInformation.java:1899) [hadoop-common-3.3.6.jar:?]
	at org.apache.hadoop.ipc.Server$Handler.run(Server.java:3048) [hadoop-common-3.3.6.jar:?]
2023-09-25 17:58:39,732 [Time-limited test] INFO  om.TrashPolicyOzone (TrashPolicyOzone.java:moveToTrash(213)) - Moved: '/volume50120/bucket21958/keyToBeDeleted1' to trash at: ofs://localhost:15057/volume50120/bucket21958/.Trash/runner/Current/keyToBeDeleted1
17:58:40.739 [IPC Server handler 1 on default port 15057] ERROR OMAudit - user=runner | ip=127.0.0.1 | op=GET_FILE_STATUS {volume=volume61499, bucket=bucket61874, key=.Trash/runner/Current/keyToBeDeleted, dataSize=0, replicationConfig=null} | ret=FAILURE
org.apache.hadoop.ozone.om.exceptions.OMException: Unable to get file status: volume: volume61499 bucket: bucket61874 key: .Trash/runner/Current/keyToBeDeleted
	at org.apache.hadoop.ozone.om.KeyManagerImpl.getOzoneFileStatusFSO(KeyManagerImpl.java:1327) ~[ozone-manager-1.4.0-SNAPSHOT.jar:?]
	at org.apache.hadoop.ozone.om.KeyManagerImpl.getFileStatus(KeyManagerImpl.java:1111) ~[ozone-manager-1.4.0-SNAPSHOT.jar:?]
	at org.apache.hadoop.ozone.om.OmMetadataReader.getFileStatus(OmMetadataReader.java:262) ~[ozone-manager-1.4.0-SNAPSHOT.jar:?]
	at org.apache.hadoop.ozone.om.OzoneManager.getFileStatus(OzoneManager.java:3533) ~[ozone-manager-1.4.0-SNAPSHOT.jar:?]
	at org.apache.hadoop.ozone.protocolPB.OzoneManagerRequestHandler.getOzoneFileStatus(OzoneManagerRequestHandler.java:971) ~[ozone-manager-1.4.0-SNAPSHOT.jar:?]
	at org.apache.hadoop.ozone.protocolPB.OzoneManagerRequestHandler.handleReadRequest(OzoneManagerRequestHandler.java:250) ~[ozone-manager-1.4.0-SNAPSHOT.jar:?]
	at org.apache.hadoop.ozone.protocolPB.OzoneManagerProtocolServerSideTranslatorPB.submitRequestDirectlyToOM(OzoneManagerProtocolServerSideTranslatorPB.java:274) ~[ozone-manager-1.4.0-SNAPSHOT.jar:?]
	at org.apache.hadoop.ozone.protocolPB.OzoneManagerProtocolServerSideTranslatorPB.processRequest(OzoneManagerProtocolServerSideTranslatorPB.java:175) ~[ozone-manager-1.4.0-SNAPSHOT.jar:?]
	at org.apache.hadoop.hdds.server.OzoneProtocolMessageDispatcher.processRequest(OzoneProtocolMessageDispatcher.java:87) [hdds-server-framework-1.4.0-SNAPSHOT.jar:?]
	at org.apache.hadoop.ozone.protocolPB.OzoneManagerProtocolServerSideTranslatorPB.submitRequest(OzoneManagerProtocolServerSideTranslatorPB.java:148) [ozone-manager-1.4.0-SNAPSHOT.jar:?]
	at org.apache.hadoop.ozone.protocol.proto.OzoneManagerProtocolProtos$OzoneManagerService$2.callBlockingMethod(OzoneManagerProtocolProtos.java) [ozone-interface-client-1.4.0-SNAPSHOT.jar:?]
	at org.apache.hadoop.ipc.ProtobufRpcEngine$Server.processCall(ProtobufRpcEngine.java:484) [hadoop-common-3.3.6.jar:?]
	at org.apache.hadoop.ipc.ProtobufRpcEngine2$Server$ProtoBufRpcInvoker.call(ProtobufRpcEngine2.java:595) [hadoop-common-3.3.6.jar:?]
	at org.apache.hadoop.ipc.ProtobufRpcEngine2$Server$ProtoBufRpcInvoker.call(ProtobufRpcEngine2.java:573) [hadoop-common-3.3.6.jar:?]
	at org.apache.hadoop.ipc.RPC$Server.call(RPC.java:1227) [hadoop-common-3.3.6.jar:?]
	at org.apache.hadoop.ipc.Server$RpcCall.run(Server.java:1094) [hadoop-common-3.3.6.jar:?]
	at org.apache.hadoop.ipc.Server$RpcCall.run(Server.java:1017) [hadoop-common-3.3.6.jar:?]
	at java.security.AccessController.doPrivileged(Native Method) ~[?:1.8.0_382]
	at javax.security.auth.Subject.doAs(Subject.java:422) [?:1.8.0_382]
	at org.apache.hadoop.security.UserGroupInformation.doAs(UserGroupInformation.java:1899) [hadoop-common-3.3.6.jar:?]
	at org.apache.hadoop.ipc.Server$Handler.run(Server.java:3048) [hadoop-common-3.3.6.jar:?]
17:58:40.741 [IPC Server handler 4 on default port 15057] ERROR OMAudit - user=runner | ip=127.0.0.1 | op=GET_FILE_STATUS {volume=volume61499, bucket=bucket61874, key=.Trash/runner/Current/keyToBeDeleted1, dataSize=0, replicationConfig=null} | ret=FAILURE
org.apache.hadoop.ozone.om.exceptions.OMException: Unable to get file status: volume: volume61499 bucket: bucket61874 key: .Trash/runner/Current/keyToBeDeleted1
	at org.apache.hadoop.ozone.om.KeyManagerImpl.getOzoneFileStatusFSO(KeyManagerImpl.java:1327) ~[ozone-manager-1.4.0-SNAPSHOT.jar:?]
	at org.apache.hadoop.ozone.om.KeyManagerImpl.getFileStatus(KeyManagerImpl.java:1111) ~[ozone-manager-1.4.0-SNAPSHOT.jar:?]
	at org.apache.hadoop.ozone.om.OmMetadataReader.getFileStatus(OmMetadataReader.java:262) ~[ozone-manager-1.4.0-SNAPSHOT.jar:?]
	at org.apache.hadoop.ozone.om.OzoneManager.getFileStatus(OzoneManager.java:3533) ~[ozone-manager-1.4.0-SNAPSHOT.jar:?]
	at org.apache.hadoop.ozone.protocolPB.OzoneManagerRequestHandler.getOzoneFileStatus(OzoneManagerRequestHandler.java:971) ~[ozone-manager-1.4.0-SNAPSHOT.jar:?]
	at org.apache.hadoop.ozone.protocolPB.OzoneManagerRequestHandler.handleReadRequest(OzoneManagerRequestHandler.java:250) ~[ozone-manager-1.4.0-SNAPSHOT.jar:?]
	at org.apache.hadoop.ozone.protocolPB.OzoneManagerProtocolServerSideTranslatorPB.submitRequestDirectlyToOM(OzoneManagerProtocolServerSideTranslatorPB.java:274) ~[ozone-manager-1.4.0-SNAPSHOT.jar:?]
	at org.apache.hadoop.ozone.protocolPB.OzoneManagerProtocolServerSideTranslatorPB.processRequest(OzoneManagerProtocolServerSideTranslatorPB.java:175) ~[ozone-manager-1.4.0-SNAPSHOT.jar:?]
	at org.apache.hadoop.hdds.server.OzoneProtocolMessageDispatcher.processRequest(OzoneProtocolMessageDispatcher.java:87) [hdds-server-framework-1.4.0-SNAPSHOT.jar:?]
	at org.apache.hadoop.ozone.protocolPB.OzoneManagerProtocolServerSideTranslatorPB.submitRequest(OzoneManagerProtocolServerSideTranslatorPB.java:148) [ozone-manager-1.4.0-SNAPSHOT.jar:?]
	at org.apache.hadoop.ozone.protocol.proto.OzoneManagerProtocolProtos$OzoneManagerService$2.callBlockingMethod(OzoneManagerProtocolProtos.java) [ozone-interface-client-1.4.0-SNAPSHOT.jar:?]
	at org.apache.hadoop.ipc.ProtobufRpcEngine$Server.processCall(ProtobufRpcEngine.java:484) [hadoop-common-3.3.6.jar:?]
	at org.apache.hadoop.ipc.ProtobufRpcEngine2$Server$ProtoBufRpcInvoker.call(ProtobufRpcEngine2.java:595) [hadoop-common-3.3.6.jar:?]
	at org.apache.hadoop.ipc.ProtobufRpcEngine2$Server$ProtoBufRpcInvoker.call(ProtobufRpcEngine2.java:573) [hadoop-common-3.3.6.jar:?]
	at org.apache.hadoop.ipc.RPC$Server.call(RPC.java:1227) [hadoop-common-3.3.6.jar:?]
	at org.apache.hadoop.ipc.Server$RpcCall.run(Server.java:1094) [hadoop-common-3.3.6.jar:?]
	at org.apache.hadoop.ipc.Server$RpcCall.run(Server.java:1017) [hadoop-common-3.3.6.jar:?]
	at java.security.AccessController.doPrivileged(Native Method) ~[?:1.8.0_382]
	at javax.security.auth.Subject.doAs(Subject.java:422) [?:1.8.0_382]
	at org.apache.hadoop.security.UserGroupInformation.doAs(UserGroupInformation.java:1899) [hadoop-common-3.3.6.jar:?]
	at org.apache.hadoop.ipc.Server$Handler.run(Server.java:3048) [hadoop-common-3.3.6.jar:?]
]]></system-out>
  </testcase>
  <testcase name="testCreateAndCheckRatisFileDiskUsage" classname="TestRootedOzoneFileSystemWithFSO" time="0.153">
    <system-out><![CDATA[2023-09-25 17:57:03,666 [Time-limited test] INFO  rpc.RpcClient (RpcClient.java:createVolume(461)) - Creating Volume: volume31011, with user13135 as owner and space quota set to -1 bytes, counts quota set to -1
2023-09-25 17:57:03,670 [OM StateMachine ApplyTransaction Thread - 0] INFO  volume.OMVolumeCreateRequest (OMVolumeCreateRequest.java:validateAndUpdateCache(196)) - created volume:volume31011 for user:user13135
2023-09-25 17:57:03,672 [Time-limited test] INFO  rpc.RpcClient (RpcClient.java:createBucket(688)) - Creating Bucket: volume31011/bucket59615, with bucket layout FILE_SYSTEM_OPTIMIZED, runner as owner, Versioning false, Storage Type set to DISK and Encryption set to false, Replication Type set to server-side default replication type, Namespace Quota set to -1, Space Quota set to -1 
2023-09-25 17:57:03,673 [OM StateMachine ApplyTransaction Thread - 0] INFO  bucket.OMBucketCreateRequest (OMBucketCreateRequest.java:validateAndUpdateCache(270)) - created bucket: bucket59615 of layout FILE_SYSTEM_OPTIMIZED in volume: volume31011
]]></system-out>
  </testcase>
  <testcase name="testCreateAndCheckRatisFileDiskUsage" classname="TestRootedOzoneFileSystemWithFSO" time="0.118">
    <system-out><![CDATA[2023-09-25 17:58:43,806 [Time-limited test] INFO  rpc.RpcClient (RpcClient.java:createVolume(461)) - Creating Volume: volume14041, with user91319 as owner and space quota set to -1 bytes, counts quota set to -1
2023-09-25 17:58:43,807 [IPC Server handler 15 on default port 15057] INFO  volume.OMVolumeCreateRequest (OMVolumeCreateRequest.java:validateAndUpdateCache(196)) - created volume:volume14041 for user:user91319
2023-09-25 17:58:43,808 [Time-limited test] INFO  rpc.RpcClient (RpcClient.java:createBucket(688)) - Creating Bucket: volume14041/bucket55412, with bucket layout FILE_SYSTEM_OPTIMIZED, runner as owner, Versioning false, Storage Type set to DISK and Encryption set to false, Replication Type set to server-side default replication type, Namespace Quota set to -1, Space Quota set to -1 
2023-09-25 17:58:43,809 [IPC Server handler 19 on default port 15057] INFO  bucket.OMBucketCreateRequest (OMBucketCreateRequest.java:validateAndUpdateCache(270)) - created bucket: bucket55412 of layout FILE_SYSTEM_OPTIMIZED in volume: volume14041
]]></system-out>
  </testcase>
  <testcase name="testGetFileStatusRoot" classname="TestRootedOzoneFileSystemWithFSO" time="0.042">
    <system-out><![CDATA[2023-09-25 17:57:03,807 [Time-limited test] INFO  rpc.RpcClient (RpcClient.java:createVolume(461)) - Creating Volume: volume06448, with user03460 as owner and space quota set to -1 bytes, counts quota set to -1
2023-09-25 17:57:03,812 [OM StateMachine ApplyTransaction Thread - 0] INFO  volume.OMVolumeCreateRequest (OMVolumeCreateRequest.java:validateAndUpdateCache(196)) - created volume:volume06448 for user:user03460
2023-09-25 17:57:03,813 [Time-limited test] INFO  rpc.RpcClient (RpcClient.java:createBucket(688)) - Creating Bucket: volume06448/bucket93127, with bucket layout FILE_SYSTEM_OPTIMIZED, runner as owner, Versioning false, Storage Type set to DISK and Encryption set to false, Replication Type set to server-side default replication type, Namespace Quota set to -1, Space Quota set to -1 
2023-09-25 17:57:03,815 [OM StateMachine ApplyTransaction Thread - 0] INFO  bucket.OMBucketCreateRequest (OMBucketCreateRequest.java:validateAndUpdateCache(270)) - created bucket: bucket93127 of layout FILE_SYSTEM_OPTIMIZED in volume: volume06448
]]></system-out>
  </testcase>
  <testcase name="testGetFileStatusRoot" classname="TestRootedOzoneFileSystemWithFSO" time="0.024">
    <system-out><![CDATA[2023-09-25 17:58:43,906 [Time-limited test] INFO  rpc.RpcClient (RpcClient.java:createVolume(461)) - Creating Volume: volume22814, with user63696 as owner and space quota set to -1 bytes, counts quota set to -1
2023-09-25 17:58:43,907 [IPC Server handler 7 on default port 15057] INFO  volume.OMVolumeCreateRequest (OMVolumeCreateRequest.java:validateAndUpdateCache(196)) - created volume:volume22814 for user:user63696
2023-09-25 17:58:43,908 [Time-limited test] INFO  rpc.RpcClient (RpcClient.java:createBucket(688)) - Creating Bucket: volume22814/bucket24527, with bucket layout FILE_SYSTEM_OPTIMIZED, runner as owner, Versioning false, Storage Type set to DISK and Encryption set to false, Replication Type set to server-side default replication type, Namespace Quota set to -1, Space Quota set to -1 
2023-09-25 17:58:43,909 [IPC Server handler 11 on default port 15057] INFO  bucket.OMBucketCreateRequest (OMBucketCreateRequest.java:validateAndUpdateCache(270)) - created bucket: bucket24527 of layout FILE_SYSTEM_OPTIMIZED in volume: volume22814
]]></system-out>
  </testcase>
  <testcase name="testGetFileStatus" classname="TestRootedOzoneFileSystemWithFSO" time="0.048">
    <system-out><![CDATA[2023-09-25 17:57:03,851 [Time-limited test] INFO  rpc.RpcClient (RpcClient.java:createVolume(461)) - Creating Volume: volume95472, with user46871 as owner and space quota set to -1 bytes, counts quota set to -1
2023-09-25 17:57:03,853 [OM StateMachine ApplyTransaction Thread - 0] INFO  volume.OMVolumeCreateRequest (OMVolumeCreateRequest.java:validateAndUpdateCache(196)) - created volume:volume95472 for user:user46871
2023-09-25 17:57:03,855 [Time-limited test] INFO  rpc.RpcClient (RpcClient.java:createBucket(688)) - Creating Bucket: volume95472/bucket72993, with bucket layout FILE_SYSTEM_OPTIMIZED, runner as owner, Versioning false, Storage Type set to DISK and Encryption set to false, Replication Type set to server-side default replication type, Namespace Quota set to -1, Space Quota set to -1 
2023-09-25 17:57:03,856 [OM StateMachine ApplyTransaction Thread - 0] INFO  bucket.OMBucketCreateRequest (OMBucketCreateRequest.java:validateAndUpdateCache(270)) - created bucket: bucket72993 of layout FILE_SYSTEM_OPTIMIZED in volume: volume95472
2023-09-25 17:57:03,859 [Time-limited test] INFO  rpc.RpcClient (RpcClient.java:createVolume(461)) - Creating Volume: volume-83126, with runner as owner and space quota set to -1 bytes, counts quota set to -1
2023-09-25 17:57:03,861 [OM StateMachine ApplyTransaction Thread - 0] INFO  volume.OMVolumeCreateRequest (OMVolumeCreateRequest.java:validateAndUpdateCache(196)) - created volume:volume-83126 for user:runner
]]></system-out>
  </testcase>
  <testcase name="testGetFileStatus" classname="TestRootedOzoneFileSystemWithFSO" time="0.027">
    <system-out><![CDATA[2023-09-25 17:58:43,930 [Time-limited test] INFO  rpc.RpcClient (RpcClient.java:createVolume(461)) - Creating Volume: volume41933, with user99863 as owner and space quota set to -1 bytes, counts quota set to -1
2023-09-25 17:58:43,930 [IPC Server handler 6 on default port 15057] INFO  volume.OMVolumeCreateRequest (OMVolumeCreateRequest.java:validateAndUpdateCache(196)) - created volume:volume41933 for user:user99863
2023-09-25 17:58:43,932 [Time-limited test] INFO  rpc.RpcClient (RpcClient.java:createBucket(688)) - Creating Bucket: volume41933/bucket99482, with bucket layout FILE_SYSTEM_OPTIMIZED, runner as owner, Versioning false, Storage Type set to DISK and Encryption set to false, Replication Type set to server-side default replication type, Namespace Quota set to -1, Space Quota set to -1 
2023-09-25 17:58:43,933 [IPC Server handler 7 on default port 15057] INFO  bucket.OMBucketCreateRequest (OMBucketCreateRequest.java:validateAndUpdateCache(270)) - created bucket: bucket99482 of layout FILE_SYSTEM_OPTIMIZED in volume: volume41933
2023-09-25 17:58:43,934 [Time-limited test] INFO  rpc.RpcClient (RpcClient.java:createVolume(461)) - Creating Volume: volume-48429, with runner as owner and space quota set to -1 bytes, counts quota set to -1
2023-09-25 17:58:43,934 [IPC Server handler 10 on default port 15057] INFO  volume.OMVolumeCreateRequest (OMVolumeCreateRequest.java:validateAndUpdateCache(196)) - created volume:volume-48429 for user:runner
]]></system-out>
  </testcase>
  <testcase name="testListStatusRootAndVolumeContinuation" classname="TestRootedOzoneFileSystemWithFSO" time="0">
    <skipped type="org.junit.AssumptionViolatedException"><![CDATA[org.junit.AssumptionViolatedException: FS Path is enabled. Skipping this test as it is not tuned for FS Path yet
	at org.junit.Assume.assumeTrue(Assume.java:68)
	at org.apache.hadoop.fs.ozone.TestRootedOzoneFileSystem.testListStatusRootAndVolumeContinuation(TestRootedOzoneFileSystem.java:1197)
	at sun.reflect.NativeMethodAccessorImpl.invoke0(Native Method)
	at sun.reflect.NativeMethodAccessorImpl.invoke(NativeMethodAccessorImpl.java:62)
	at sun.reflect.DelegatingMethodAccessorImpl.invoke(DelegatingMethodAccessorImpl.java:43)
	at java.lang.reflect.Method.invoke(Method.java:498)
	at org.junit.runners.model.FrameworkMethod$1.runReflectiveCall(FrameworkMethod.java:59)
	at org.junit.internal.runners.model.ReflectiveCallable.run(ReflectiveCallable.java:12)
	at org.junit.runners.model.FrameworkMethod.invokeExplosively(FrameworkMethod.java:56)
	at org.junit.internal.runners.statements.InvokeMethod.evaluate(InvokeMethod.java:17)
	at org.junit.internal.runners.statements.RunBefores.evaluate(RunBefores.java:26)
	at org.junit.internal.runners.statements.RunAfters.evaluate(RunAfters.java:27)
	at org.junit.internal.runners.statements.FailOnTimeout$CallableStatement.call(FailOnTimeout.java:288)
	at org.junit.internal.runners.statements.FailOnTimeout$CallableStatement.call(FailOnTimeout.java:282)
	at java.util.concurrent.FutureTask.run(FutureTask.java:266)
	at java.lang.Thread.run(Thread.java:750)
]]></skipped>
    <system-out><![CDATA[2023-09-25 17:57:03,900 [Time-limited test] INFO  rpc.RpcClient (RpcClient.java:createVolume(461)) - Creating Volume: volume39321, with user25753 as owner and space quota set to -1 bytes, counts quota set to -1
2023-09-25 17:57:03,902 [OM StateMachine ApplyTransaction Thread - 0] INFO  volume.OMVolumeCreateRequest (OMVolumeCreateRequest.java:validateAndUpdateCache(196)) - created volume:volume39321 for user:user25753
2023-09-25 17:57:03,903 [Time-limited test] INFO  rpc.RpcClient (RpcClient.java:createBucket(688)) - Creating Bucket: volume39321/bucket72189, with bucket layout FILE_SYSTEM_OPTIMIZED, runner as owner, Versioning false, Storage Type set to DISK and Encryption set to false, Replication Type set to server-side default replication type, Namespace Quota set to -1, Space Quota set to -1 
2023-09-25 17:57:03,905 [OM StateMachine ApplyTransaction Thread - 0] INFO  bucket.OMBucketCreateRequest (OMBucketCreateRequest.java:validateAndUpdateCache(270)) - created bucket: bucket72189 of layout FILE_SYSTEM_OPTIMIZED in volume: volume39321
]]></system-out>
  </testcase>
  <testcase name="testListStatusRootAndVolumeContinuation" classname="TestRootedOzoneFileSystemWithFSO" time="0">
    <skipped type="org.junit.AssumptionViolatedException"><![CDATA[org.junit.AssumptionViolatedException: FS Path is enabled. Skipping this test as it is not tuned for FS Path yet
	at org.junit.Assume.assumeTrue(Assume.java:68)
	at org.apache.hadoop.fs.ozone.TestRootedOzoneFileSystem.testListStatusRootAndVolumeContinuation(TestRootedOzoneFileSystem.java:1197)
	at sun.reflect.NativeMethodAccessorImpl.invoke0(Native Method)
	at sun.reflect.NativeMethodAccessorImpl.invoke(NativeMethodAccessorImpl.java:62)
	at sun.reflect.DelegatingMethodAccessorImpl.invoke(DelegatingMethodAccessorImpl.java:43)
	at java.lang.reflect.Method.invoke(Method.java:498)
	at org.junit.runners.model.FrameworkMethod$1.runReflectiveCall(FrameworkMethod.java:59)
	at org.junit.internal.runners.model.ReflectiveCallable.run(ReflectiveCallable.java:12)
	at org.junit.runners.model.FrameworkMethod.invokeExplosively(FrameworkMethod.java:56)
	at org.junit.internal.runners.statements.InvokeMethod.evaluate(InvokeMethod.java:17)
	at org.junit.internal.runners.statements.RunBefores.evaluate(RunBefores.java:26)
	at org.junit.internal.runners.statements.RunAfters.evaluate(RunAfters.java:27)
	at org.junit.internal.runners.statements.FailOnTimeout$CallableStatement.call(FailOnTimeout.java:288)
	at org.junit.internal.runners.statements.FailOnTimeout$CallableStatement.call(FailOnTimeout.java:282)
	at java.util.concurrent.FutureTask.run(FutureTask.java:266)
	at java.lang.Thread.run(Thread.java:750)
]]></skipped>
    <system-out><![CDATA[2023-09-25 17:58:43,957 [Time-limited test] INFO  rpc.RpcClient (RpcClient.java:createVolume(461)) - Creating Volume: volume50505, with user18608 as owner and space quota set to -1 bytes, counts quota set to -1
2023-09-25 17:58:43,958 [IPC Server handler 7 on default port 15057] INFO  volume.OMVolumeCreateRequest (OMVolumeCreateRequest.java:validateAndUpdateCache(196)) - created volume:volume50505 for user:user18608
2023-09-25 17:58:43,959 [Time-limited test] INFO  rpc.RpcClient (RpcClient.java:createBucket(688)) - Creating Bucket: volume50505/bucket28514, with bucket layout FILE_SYSTEM_OPTIMIZED, runner as owner, Versioning false, Storage Type set to DISK and Encryption set to false, Replication Type set to server-side default replication type, Namespace Quota set to -1, Space Quota set to -1 
2023-09-25 17:58:43,960 [IPC Server handler 11 on default port 15057] INFO  bucket.OMBucketCreateRequest (OMBucketCreateRequest.java:validateAndUpdateCache(270)) - created bucket: bucket28514 of layout FILE_SYSTEM_OPTIMIZED in volume: volume50505
]]></system-out>
  </testcase>
  <testcase name="testDeleteVolumeBucketAndKey" classname="TestRootedOzoneFileSystemWithFSO" time="0.1">
    <system-out><![CDATA[2023-09-25 17:57:03,973 [Time-limited test] INFO  rpc.RpcClient (RpcClient.java:createVolume(461)) - Creating Volume: volume48623, with user30340 as owner and space quota set to -1 bytes, counts quota set to -1
2023-09-25 17:57:03,975 [OM StateMachine ApplyTransaction Thread - 0] INFO  volume.OMVolumeCreateRequest (OMVolumeCreateRequest.java:validateAndUpdateCache(196)) - created volume:volume48623 for user:user30340
2023-09-25 17:57:03,977 [Time-limited test] INFO  rpc.RpcClient (RpcClient.java:createBucket(688)) - Creating Bucket: volume48623/bucket44808, with bucket layout FILE_SYSTEM_OPTIMIZED, runner as owner, Versioning false, Storage Type set to DISK and Encryption set to false, Replication Type set to server-side default replication type, Namespace Quota set to -1, Space Quota set to -1 
2023-09-25 17:57:03,978 [OM StateMachine ApplyTransaction Thread - 0] INFO  bucket.OMBucketCreateRequest (OMBucketCreateRequest.java:validateAndUpdateCache(270)) - created bucket: bucket44808 of layout FILE_SYSTEM_OPTIMIZED in volume: volume48623
17:57:03.981 [IPC Server handler 8 on default port 15004] ERROR OMAudit - user=runner | ip=127.0.0.1 | op=READ_BUCKET {volume=volume-53721, bucket=bucket3} | ret=FAILURE
org.apache.hadoop.ozone.om.exceptions.OMException: Volume not found when getting bucket info
	at org.apache.hadoop.ozone.om.BucketManagerImpl.getBucketInfo(BucketManagerImpl.java:81) ~[ozone-manager-1.4.0-SNAPSHOT.jar:?]
	at org.apache.hadoop.ozone.om.OzoneManager.getBucketInfo(OzoneManager.java:2795) ~[ozone-manager-1.4.0-SNAPSHOT.jar:?]
	at org.apache.hadoop.ozone.protocolPB.OzoneManagerRequestHandler.infoBucket(OzoneManagerRequestHandler.java:545) ~[ozone-manager-1.4.0-SNAPSHOT.jar:?]
	at org.apache.hadoop.ozone.protocolPB.OzoneManagerRequestHandler.handleReadRequest(OzoneManagerRequestHandler.java:200) ~[ozone-manager-1.4.0-SNAPSHOT.jar:?]
	at org.apache.hadoop.ozone.protocolPB.OzoneManagerProtocolServerSideTranslatorPB.submitReadRequestToOM(OzoneManagerProtocolServerSideTranslatorPB.java:225) ~[ozone-manager-1.4.0-SNAPSHOT.jar:?]
	at org.apache.hadoop.ozone.protocolPB.OzoneManagerProtocolServerSideTranslatorPB.processRequest(OzoneManagerProtocolServerSideTranslatorPB.java:179) ~[ozone-manager-1.4.0-SNAPSHOT.jar:?]
	at org.apache.hadoop.hdds.server.OzoneProtocolMessageDispatcher.processRequest(OzoneProtocolMessageDispatcher.java:87) [hdds-server-framework-1.4.0-SNAPSHOT.jar:?]
	at org.apache.hadoop.ozone.protocolPB.OzoneManagerProtocolServerSideTranslatorPB.submitRequest(OzoneManagerProtocolServerSideTranslatorPB.java:148) [ozone-manager-1.4.0-SNAPSHOT.jar:?]
	at org.apache.hadoop.ozone.protocol.proto.OzoneManagerProtocolProtos$OzoneManagerService$2.callBlockingMethod(OzoneManagerProtocolProtos.java) [ozone-interface-client-1.4.0-SNAPSHOT.jar:?]
	at org.apache.hadoop.ipc.ProtobufRpcEngine$Server.processCall(ProtobufRpcEngine.java:484) [hadoop-common-3.3.6.jar:?]
	at org.apache.hadoop.ipc.ProtobufRpcEngine2$Server$ProtoBufRpcInvoker.call(ProtobufRpcEngine2.java:595) [hadoop-common-3.3.6.jar:?]
	at org.apache.hadoop.ipc.ProtobufRpcEngine2$Server$ProtoBufRpcInvoker.call(ProtobufRpcEngine2.java:573) [hadoop-common-3.3.6.jar:?]
	at org.apache.hadoop.ipc.RPC$Server.call(RPC.java:1227) [hadoop-common-3.3.6.jar:?]
	at org.apache.hadoop.ipc.Server$RpcCall.run(Server.java:1094) [hadoop-common-3.3.6.jar:?]
	at org.apache.hadoop.ipc.Server$RpcCall.run(Server.java:1017) [hadoop-common-3.3.6.jar:?]
	at java.security.AccessController.doPrivileged(Native Method) ~[?:1.8.0_382]
	at javax.security.auth.Subject.doAs(Subject.java:422) [?:1.8.0_382]
	at org.apache.hadoop.security.UserGroupInformation.doAs(UserGroupInformation.java:1899) [hadoop-common-3.3.6.jar:?]
	at org.apache.hadoop.ipc.Server$Handler.run(Server.java:3048) [hadoop-common-3.3.6.jar:?]
2023-09-25 17:57:03,982 [Time-limited test] INFO  rpc.RpcClient (RpcClient.java:createVolume(461)) - Creating Volume: volume-53721, with runner as owner and space quota set to -1 bytes, counts quota set to -1
2023-09-25 17:57:03,983 [OM StateMachine ApplyTransaction Thread - 0] INFO  volume.OMVolumeCreateRequest (OMVolumeCreateRequest.java:validateAndUpdateCache(196)) - created volume:volume-53721 for user:runner
2023-09-25 17:57:03,986 [Time-limited test] INFO  rpc.RpcClient (RpcClient.java:createBucket(688)) - Creating Bucket: volume-53721/bucket3, with bucket layout FILE_SYSTEM_OPTIMIZED, runner as owner, Versioning false, Storage Type set to DISK and Encryption set to false, Replication Type set to server-side default replication type, Namespace Quota set to -1, Space Quota set to -1 
2023-09-25 17:57:03,988 [OM StateMachine ApplyTransaction Thread - 0] INFO  bucket.OMBucketCreateRequest (OMBucketCreateRequest.java:validateAndUpdateCache(270)) - created bucket: bucket3 of layout FILE_SYSTEM_OPTIMIZED in volume: volume-53721
17:57:03.994 [OM StateMachine ApplyTransaction Thread - 0] ERROR OMAudit - user=runner | ip=127.0.0.1 | op=DELETE_VOLUME {volume=volume-53721} | ret=FAILURE
org.apache.hadoop.ozone.om.exceptions.OMException: null
	at org.apache.hadoop.ozone.om.request.volume.OMVolumeDeleteRequest.validateAndUpdateCache(OMVolumeDeleteRequest.java:121) ~[ozone-manager-1.4.0-SNAPSHOT.jar:?]
	at org.apache.hadoop.ozone.protocolPB.OzoneManagerRequestHandler.handleWriteRequest(OzoneManagerRequestHandler.java:373) ~[ozone-manager-1.4.0-SNAPSHOT.jar:?]
	at org.apache.hadoop.ozone.om.ratis.OzoneManagerStateMachine.runCommand(OzoneManagerStateMachine.java:568) ~[ozone-manager-1.4.0-SNAPSHOT.jar:?]
	at org.apache.hadoop.ozone.om.ratis.OzoneManagerStateMachine.lambda$1(OzoneManagerStateMachine.java:359) ~[ozone-manager-1.4.0-SNAPSHOT.jar:?]
	at java.util.concurrent.CompletableFuture$AsyncSupply.run(CompletableFuture.java:1604) [?:1.8.0_382]
	at java.util.concurrent.ThreadPoolExecutor.runWorker(ThreadPoolExecutor.java:1149) [?:1.8.0_382]
	at java.util.concurrent.ThreadPoolExecutor$Worker.run(ThreadPoolExecutor.java:624) [?:1.8.0_382]
	at java.lang.Thread.run(Thread.java:750) [?:1.8.0_382]
2023-09-25 17:57:03,994 [OM StateMachine ApplyTransaction Thread - 0] ERROR volume.OMVolumeDeleteRequest (OMVolumeDeleteRequest.java:validateAndUpdateCache(168)) - Volume deletion failed for user:runner volume:volume-53721
VOLUME_NOT_EMPTY org.apache.hadoop.ozone.om.exceptions.OMException
	at org.apache.hadoop.ozone.om.request.volume.OMVolumeDeleteRequest.validateAndUpdateCache(OMVolumeDeleteRequest.java:121)
	at org.apache.hadoop.ozone.protocolPB.OzoneManagerRequestHandler.handleWriteRequest(OzoneManagerRequestHandler.java:373)
	at org.apache.hadoop.ozone.om.ratis.OzoneManagerStateMachine.runCommand(OzoneManagerStateMachine.java:568)
	at org.apache.hadoop.ozone.om.ratis.OzoneManagerStateMachine.lambda$1(OzoneManagerStateMachine.java:359)
	at java.util.concurrent.CompletableFuture$AsyncSupply.run(CompletableFuture.java:1604)
	at java.util.concurrent.ThreadPoolExecutor.runWorker(ThreadPoolExecutor.java:1149)
	at java.util.concurrent.ThreadPoolExecutor$Worker.run(ThreadPoolExecutor.java:624)
	at java.lang.Thread.run(Thread.java:750)
17:57:04.024 [IPC Server handler 4 on default port 15004] ERROR OMAudit - user=runner | ip=127.0.0.1 | op=READ_VOLUME {volume=volume-53721} | ret=FAILURE
org.apache.hadoop.ozone.om.exceptions.OMException: Volume volume-53721 is not found
	at org.apache.hadoop.ozone.om.VolumeManagerImpl.getVolumeInfo(VolumeManagerImpl.java:61) ~[ozone-manager-1.4.0-SNAPSHOT.jar:?]
	at org.apache.hadoop.ozone.om.OzoneManager.getVolumeInfo(OzoneManager.java:2613) ~[ozone-manager-1.4.0-SNAPSHOT.jar:?]
	at org.apache.hadoop.ozone.protocolPB.OzoneManagerRequestHandler.infoVolume(OzoneManagerRequestHandler.java:471) ~[ozone-manager-1.4.0-SNAPSHOT.jar:?]
	at org.apache.hadoop.ozone.protocolPB.OzoneManagerRequestHandler.handleReadRequest(OzoneManagerRequestHandler.java:190) ~[ozone-manager-1.4.0-SNAPSHOT.jar:?]
	at org.apache.hadoop.ozone.protocolPB.OzoneManagerProtocolServerSideTranslatorPB.submitReadRequestToOM(OzoneManagerProtocolServerSideTranslatorPB.java:225) ~[ozone-manager-1.4.0-SNAPSHOT.jar:?]
	at org.apache.hadoop.ozone.protocolPB.OzoneManagerProtocolServerSideTranslatorPB.processRequest(OzoneManagerProtocolServerSideTranslatorPB.java:179) ~[ozone-manager-1.4.0-SNAPSHOT.jar:?]
	at org.apache.hadoop.hdds.server.OzoneProtocolMessageDispatcher.processRequest(OzoneProtocolMessageDispatcher.java:87) [hdds-server-framework-1.4.0-SNAPSHOT.jar:?]
	at org.apache.hadoop.ozone.protocolPB.OzoneManagerProtocolServerSideTranslatorPB.submitRequest(OzoneManagerProtocolServerSideTranslatorPB.java:148) [ozone-manager-1.4.0-SNAPSHOT.jar:?]
	at org.apache.hadoop.ozone.protocol.proto.OzoneManagerProtocolProtos$OzoneManagerService$2.callBlockingMethod(OzoneManagerProtocolProtos.java) [ozone-interface-client-1.4.0-SNAPSHOT.jar:?]
	at org.apache.hadoop.ipc.ProtobufRpcEngine$Server.processCall(ProtobufRpcEngine.java:484) [hadoop-common-3.3.6.jar:?]
	at org.apache.hadoop.ipc.ProtobufRpcEngine2$Server$ProtoBufRpcInvoker.call(ProtobufRpcEngine2.java:595) [hadoop-common-3.3.6.jar:?]
	at org.apache.hadoop.ipc.ProtobufRpcEngine2$Server$ProtoBufRpcInvoker.call(ProtobufRpcEngine2.java:573) [hadoop-common-3.3.6.jar:?]
	at org.apache.hadoop.ipc.RPC$Server.call(RPC.java:1227) [hadoop-common-3.3.6.jar:?]
	at org.apache.hadoop.ipc.Server$RpcCall.run(Server.java:1094) [hadoop-common-3.3.6.jar:?]
	at org.apache.hadoop.ipc.Server$RpcCall.run(Server.java:1017) [hadoop-common-3.3.6.jar:?]
	at java.security.AccessController.doPrivileged(Native Method) ~[?:1.8.0_382]
	at javax.security.auth.Subject.doAs(Subject.java:422) [?:1.8.0_382]
	at org.apache.hadoop.security.UserGroupInformation.doAs(UserGroupInformation.java:1899) [hadoop-common-3.3.6.jar:?]
	at org.apache.hadoop.ipc.Server$Handler.run(Server.java:3048) [hadoop-common-3.3.6.jar:?]
]]></system-out>
  </testcase>
  <testcase name="testDeleteVolumeBucketAndKey" classname="TestRootedOzoneFileSystemWithFSO" time="0.051">
    <system-out><![CDATA[2023-09-25 17:58:43,983 [Time-limited test] INFO  rpc.RpcClient (RpcClient.java:createVolume(461)) - Creating Volume: volume04665, with user84442 as owner and space quota set to -1 bytes, counts quota set to -1
2023-09-25 17:58:43,984 [IPC Server handler 6 on default port 15057] INFO  volume.OMVolumeCreateRequest (OMVolumeCreateRequest.java:validateAndUpdateCache(196)) - created volume:volume04665 for user:user84442
2023-09-25 17:58:43,985 [Time-limited test] INFO  rpc.RpcClient (RpcClient.java:createBucket(688)) - Creating Bucket: volume04665/bucket79043, with bucket layout FILE_SYSTEM_OPTIMIZED, runner as owner, Versioning false, Storage Type set to DISK and Encryption set to false, Replication Type set to server-side default replication type, Namespace Quota set to -1, Space Quota set to -1 
2023-09-25 17:58:43,985 [IPC Server handler 7 on default port 15057] INFO  bucket.OMBucketCreateRequest (OMBucketCreateRequest.java:validateAndUpdateCache(270)) - created bucket: bucket79043 of layout FILE_SYSTEM_OPTIMIZED in volume: volume04665
17:58:43.987 [IPC Server handler 10 on default port 15057] ERROR OMAudit - user=runner | ip=127.0.0.1 | op=READ_BUCKET {volume=volume-81814, bucket=bucket3} | ret=FAILURE
org.apache.hadoop.ozone.om.exceptions.OMException: Volume not found when getting bucket info
	at org.apache.hadoop.ozone.om.BucketManagerImpl.getBucketInfo(BucketManagerImpl.java:81) ~[ozone-manager-1.4.0-SNAPSHOT.jar:?]
	at org.apache.hadoop.ozone.om.OzoneManager.getBucketInfo(OzoneManager.java:2795) ~[ozone-manager-1.4.0-SNAPSHOT.jar:?]
	at org.apache.hadoop.ozone.protocolPB.OzoneManagerRequestHandler.infoBucket(OzoneManagerRequestHandler.java:545) ~[ozone-manager-1.4.0-SNAPSHOT.jar:?]
	at org.apache.hadoop.ozone.protocolPB.OzoneManagerRequestHandler.handleReadRequest(OzoneManagerRequestHandler.java:200) ~[ozone-manager-1.4.0-SNAPSHOT.jar:?]
	at org.apache.hadoop.ozone.protocolPB.OzoneManagerProtocolServerSideTranslatorPB.submitRequestDirectlyToOM(OzoneManagerProtocolServerSideTranslatorPB.java:274) ~[ozone-manager-1.4.0-SNAPSHOT.jar:?]
	at org.apache.hadoop.ozone.protocolPB.OzoneManagerProtocolServerSideTranslatorPB.processRequest(OzoneManagerProtocolServerSideTranslatorPB.java:175) ~[ozone-manager-1.4.0-SNAPSHOT.jar:?]
	at org.apache.hadoop.hdds.server.OzoneProtocolMessageDispatcher.processRequest(OzoneProtocolMessageDispatcher.java:87) [hdds-server-framework-1.4.0-SNAPSHOT.jar:?]
	at org.apache.hadoop.ozone.protocolPB.OzoneManagerProtocolServerSideTranslatorPB.submitRequest(OzoneManagerProtocolServerSideTranslatorPB.java:148) [ozone-manager-1.4.0-SNAPSHOT.jar:?]
	at org.apache.hadoop.ozone.protocol.proto.OzoneManagerProtocolProtos$OzoneManagerService$2.callBlockingMethod(OzoneManagerProtocolProtos.java) [ozone-interface-client-1.4.0-SNAPSHOT.jar:?]
	at org.apache.hadoop.ipc.ProtobufRpcEngine$Server.processCall(ProtobufRpcEngine.java:484) [hadoop-common-3.3.6.jar:?]
	at org.apache.hadoop.ipc.ProtobufRpcEngine2$Server$ProtoBufRpcInvoker.call(ProtobufRpcEngine2.java:595) [hadoop-common-3.3.6.jar:?]
	at org.apache.hadoop.ipc.ProtobufRpcEngine2$Server$ProtoBufRpcInvoker.call(ProtobufRpcEngine2.java:573) [hadoop-common-3.3.6.jar:?]
	at org.apache.hadoop.ipc.RPC$Server.call(RPC.java:1227) [hadoop-common-3.3.6.jar:?]
	at org.apache.hadoop.ipc.Server$RpcCall.run(Server.java:1094) [hadoop-common-3.3.6.jar:?]
	at org.apache.hadoop.ipc.Server$RpcCall.run(Server.java:1017) [hadoop-common-3.3.6.jar:?]
	at java.security.AccessController.doPrivileged(Native Method) ~[?:1.8.0_382]
	at javax.security.auth.Subject.doAs(Subject.java:422) [?:1.8.0_382]
	at org.apache.hadoop.security.UserGroupInformation.doAs(UserGroupInformation.java:1899) [hadoop-common-3.3.6.jar:?]
	at org.apache.hadoop.ipc.Server$Handler.run(Server.java:3048) [hadoop-common-3.3.6.jar:?]
2023-09-25 17:58:43,988 [Time-limited test] INFO  rpc.RpcClient (RpcClient.java:createVolume(461)) - Creating Volume: volume-81814, with runner as owner and space quota set to -1 bytes, counts quota set to -1
2023-09-25 17:58:43,988 [IPC Server handler 5 on default port 15057] INFO  volume.OMVolumeCreateRequest (OMVolumeCreateRequest.java:validateAndUpdateCache(196)) - created volume:volume-81814 for user:runner
2023-09-25 17:58:43,989 [Time-limited test] INFO  rpc.RpcClient (RpcClient.java:createBucket(688)) - Creating Bucket: volume-81814/bucket3, with bucket layout FILE_SYSTEM_OPTIMIZED, runner as owner, Versioning false, Storage Type set to DISK and Encryption set to false, Replication Type set to server-side default replication type, Namespace Quota set to -1, Space Quota set to -1 
2023-09-25 17:58:43,991 [IPC Server handler 13 on default port 15057] INFO  bucket.OMBucketCreateRequest (OMBucketCreateRequest.java:validateAndUpdateCache(270)) - created bucket: bucket3 of layout FILE_SYSTEM_OPTIMIZED in volume: volume-81814
17:58:43.994 [IPC Server handler 15 on default port 15057] ERROR OMAudit - user=runner | ip=127.0.0.1 | op=DELETE_VOLUME {volume=volume-81814} | ret=FAILURE
org.apache.hadoop.ozone.om.exceptions.OMException: null
	at org.apache.hadoop.ozone.om.request.volume.OMVolumeDeleteRequest.validateAndUpdateCache(OMVolumeDeleteRequest.java:121) ~[ozone-manager-1.4.0-SNAPSHOT.jar:?]
	at org.apache.hadoop.ozone.protocolPB.OzoneManagerRequestHandler.handleWriteRequest(OzoneManagerRequestHandler.java:373) ~[ozone-manager-1.4.0-SNAPSHOT.jar:?]
	at org.apache.hadoop.ozone.protocolPB.OzoneManagerProtocolServerSideTranslatorPB.submitRequestDirectlyToOM(OzoneManagerProtocolServerSideTranslatorPB.java:280) ~[ozone-manager-1.4.0-SNAPSHOT.jar:?]
	at org.apache.hadoop.ozone.protocolPB.OzoneManagerProtocolServerSideTranslatorPB.processRequest(OzoneManagerProtocolServerSideTranslatorPB.java:175) ~[ozone-manager-1.4.0-SNAPSHOT.jar:?]
	at org.apache.hadoop.hdds.server.OzoneProtocolMessageDispatcher.processRequest(OzoneProtocolMessageDispatcher.java:87) [hdds-server-framework-1.4.0-SNAPSHOT.jar:?]
	at org.apache.hadoop.ozone.protocolPB.OzoneManagerProtocolServerSideTranslatorPB.submitRequest(OzoneManagerProtocolServerSideTranslatorPB.java:148) [ozone-manager-1.4.0-SNAPSHOT.jar:?]
	at org.apache.hadoop.ozone.protocol.proto.OzoneManagerProtocolProtos$OzoneManagerService$2.callBlockingMethod(OzoneManagerProtocolProtos.java) [ozone-interface-client-1.4.0-SNAPSHOT.jar:?]
	at org.apache.hadoop.ipc.ProtobufRpcEngine$Server.processCall(ProtobufRpcEngine.java:484) [hadoop-common-3.3.6.jar:?]
	at org.apache.hadoop.ipc.ProtobufRpcEngine2$Server$ProtoBufRpcInvoker.call(ProtobufRpcEngine2.java:595) [hadoop-common-3.3.6.jar:?]
	at org.apache.hadoop.ipc.ProtobufRpcEngine2$Server$ProtoBufRpcInvoker.call(ProtobufRpcEngine2.java:573) [hadoop-common-3.3.6.jar:?]
	at org.apache.hadoop.ipc.RPC$Server.call(RPC.java:1227) [hadoop-common-3.3.6.jar:?]
	at org.apache.hadoop.ipc.Server$RpcCall.run(Server.java:1094) [hadoop-common-3.3.6.jar:?]
	at org.apache.hadoop.ipc.Server$RpcCall.run(Server.java:1017) [hadoop-common-3.3.6.jar:?]
	at java.security.AccessController.doPrivileged(Native Method) ~[?:1.8.0_382]
	at javax.security.auth.Subject.doAs(Subject.java:422) [?:1.8.0_382]
	at org.apache.hadoop.security.UserGroupInformation.doAs(UserGroupInformation.java:1899) [hadoop-common-3.3.6.jar:?]
	at org.apache.hadoop.ipc.Server$Handler.run(Server.java:3048) [hadoop-common-3.3.6.jar:?]
2023-09-25 17:58:43,994 [IPC Server handler 15 on default port 15057] ERROR volume.OMVolumeDeleteRequest (OMVolumeDeleteRequest.java:validateAndUpdateCache(168)) - Volume deletion failed for user:runner volume:volume-81814
VOLUME_NOT_EMPTY org.apache.hadoop.ozone.om.exceptions.OMException
	at org.apache.hadoop.ozone.om.request.volume.OMVolumeDeleteRequest.validateAndUpdateCache(OMVolumeDeleteRequest.java:121)
	at org.apache.hadoop.ozone.protocolPB.OzoneManagerRequestHandler.handleWriteRequest(OzoneManagerRequestHandler.java:373)
	at org.apache.hadoop.ozone.protocolPB.OzoneManagerProtocolServerSideTranslatorPB.submitRequestDirectlyToOM(OzoneManagerProtocolServerSideTranslatorPB.java:280)
	at org.apache.hadoop.ozone.protocolPB.OzoneManagerProtocolServerSideTranslatorPB.processRequest(OzoneManagerProtocolServerSideTranslatorPB.java:175)
	at org.apache.hadoop.hdds.server.OzoneProtocolMessageDispatcher.processRequest(OzoneProtocolMessageDispatcher.java:87)
	at org.apache.hadoop.ozone.protocolPB.OzoneManagerProtocolServerSideTranslatorPB.submitRequest(OzoneManagerProtocolServerSideTranslatorPB.java:148)
	at org.apache.hadoop.ozone.protocol.proto.OzoneManagerProtocolProtos$OzoneManagerService$2.callBlockingMethod(OzoneManagerProtocolProtos.java)
	at org.apache.hadoop.ipc.ProtobufRpcEngine$Server.processCall(ProtobufRpcEngine.java:484)
	at org.apache.hadoop.ipc.ProtobufRpcEngine2$Server$ProtoBufRpcInvoker.call(ProtobufRpcEngine2.java:595)
	at org.apache.hadoop.ipc.ProtobufRpcEngine2$Server$ProtoBufRpcInvoker.call(ProtobufRpcEngine2.java:573)
	at org.apache.hadoop.ipc.RPC$Server.call(RPC.java:1227)
	at org.apache.hadoop.ipc.Server$RpcCall.run(Server.java:1094)
	at org.apache.hadoop.ipc.Server$RpcCall.run(Server.java:1017)
	at java.security.AccessController.doPrivileged(Native Method)
	at javax.security.auth.Subject.doAs(Subject.java:422)
	at org.apache.hadoop.security.UserGroupInformation.doAs(UserGroupInformation.java:1899)
	at org.apache.hadoop.ipc.Server$Handler.run(Server.java:3048)
17:58:44.014 [IPC Server handler 7 on default port 15057] ERROR OMAudit - user=runner | ip=127.0.0.1 | op=READ_VOLUME {volume=volume-81814} | ret=FAILURE
org.apache.hadoop.ozone.om.exceptions.OMException: Volume volume-81814 is not found
	at org.apache.hadoop.ozone.om.VolumeManagerImpl.getVolumeInfo(VolumeManagerImpl.java:61) ~[ozone-manager-1.4.0-SNAPSHOT.jar:?]
	at org.apache.hadoop.ozone.om.OzoneManager.getVolumeInfo(OzoneManager.java:2613) ~[ozone-manager-1.4.0-SNAPSHOT.jar:?]
	at org.apache.hadoop.ozone.protocolPB.OzoneManagerRequestHandler.infoVolume(OzoneManagerRequestHandler.java:471) ~[ozone-manager-1.4.0-SNAPSHOT.jar:?]
	at org.apache.hadoop.ozone.protocolPB.OzoneManagerRequestHandler.handleReadRequest(OzoneManagerRequestHandler.java:190) ~[ozone-manager-1.4.0-SNAPSHOT.jar:?]
	at org.apache.hadoop.ozone.protocolPB.OzoneManagerProtocolServerSideTranslatorPB.submitRequestDirectlyToOM(OzoneManagerProtocolServerSideTranslatorPB.java:274) ~[ozone-manager-1.4.0-SNAPSHOT.jar:?]
	at org.apache.hadoop.ozone.protocolPB.OzoneManagerProtocolServerSideTranslatorPB.processRequest(OzoneManagerProtocolServerSideTranslatorPB.java:175) ~[ozone-manager-1.4.0-SNAPSHOT.jar:?]
	at org.apache.hadoop.hdds.server.OzoneProtocolMessageDispatcher.processRequest(OzoneProtocolMessageDispatcher.java:87) [hdds-server-framework-1.4.0-SNAPSHOT.jar:?]
	at org.apache.hadoop.ozone.protocolPB.OzoneManagerProtocolServerSideTranslatorPB.submitRequest(OzoneManagerProtocolServerSideTranslatorPB.java:148) [ozone-manager-1.4.0-SNAPSHOT.jar:?]
	at org.apache.hadoop.ozone.protocol.proto.OzoneManagerProtocolProtos$OzoneManagerService$2.callBlockingMethod(OzoneManagerProtocolProtos.java) [ozone-interface-client-1.4.0-SNAPSHOT.jar:?]
	at org.apache.hadoop.ipc.ProtobufRpcEngine$Server.processCall(ProtobufRpcEngine.java:484) [hadoop-common-3.3.6.jar:?]
	at org.apache.hadoop.ipc.ProtobufRpcEngine2$Server$ProtoBufRpcInvoker.call(ProtobufRpcEngine2.java:595) [hadoop-common-3.3.6.jar:?]
	at org.apache.hadoop.ipc.ProtobufRpcEngine2$Server$ProtoBufRpcInvoker.call(ProtobufRpcEngine2.java:573) [hadoop-common-3.3.6.jar:?]
	at org.apache.hadoop.ipc.RPC$Server.call(RPC.java:1227) [hadoop-common-3.3.6.jar:?]
	at org.apache.hadoop.ipc.Server$RpcCall.run(Server.java:1094) [hadoop-common-3.3.6.jar:?]
	at org.apache.hadoop.ipc.Server$RpcCall.run(Server.java:1017) [hadoop-common-3.3.6.jar:?]
	at java.security.AccessController.doPrivileged(Native Method) ~[?:1.8.0_382]
	at javax.security.auth.Subject.doAs(Subject.java:422) [?:1.8.0_382]
	at org.apache.hadoop.security.UserGroupInformation.doAs(UserGroupInformation.java:1899) [hadoop-common-3.3.6.jar:?]
	at org.apache.hadoop.ipc.Server$Handler.run(Server.java:3048) [hadoop-common-3.3.6.jar:?]
]]></system-out>
  </testcase>
  <testcase name="testRenameToParentDir" classname="TestRootedOzoneFileSystemWithFSO" time="0.084">
    <system-out><![CDATA[2023-09-25 17:57:04,054 [Time-limited test] INFO  rpc.RpcClient (RpcClient.java:createVolume(461)) - Creating Volume: volume73966, with user23101 as owner and space quota set to -1 bytes, counts quota set to -1
2023-09-25 17:57:04,057 [OM StateMachine ApplyTransaction Thread - 0] INFO  volume.OMVolumeCreateRequest (OMVolumeCreateRequest.java:validateAndUpdateCache(196)) - created volume:volume73966 for user:user23101
2023-09-25 17:57:04,058 [Time-limited test] INFO  rpc.RpcClient (RpcClient.java:createBucket(688)) - Creating Bucket: volume73966/bucket93734, with bucket layout FILE_SYSTEM_OPTIMIZED, runner as owner, Versioning false, Storage Type set to DISK and Encryption set to false, Replication Type set to server-side default replication type, Namespace Quota set to -1, Space Quota set to -1 
2023-09-25 17:57:04,060 [OM StateMachine ApplyTransaction Thread - 0] INFO  bucket.OMBucketCreateRequest (OMBucketCreateRequest.java:validateAndUpdateCache(270)) - created bucket: bucket93734 of layout FILE_SYSTEM_OPTIMIZED in volume: volume73966
17:57:04.092 [IPC Server handler 5 on default port 15004] ERROR OMAudit - user=runner | ip=127.0.0.1 | op=GET_FILE_STATUS {volume=volume73966, bucket=bucket93734, key=root_dir/dir1/file2, dataSize=0, replicationConfig=null} | ret=FAILURE
org.apache.hadoop.ozone.om.exceptions.OMException: Unable to get file status: volume: volume73966 bucket: bucket93734 key: root_dir/dir1/file2
	at org.apache.hadoop.ozone.om.KeyManagerImpl.getOzoneFileStatusFSO(KeyManagerImpl.java:1327) ~[ozone-manager-1.4.0-SNAPSHOT.jar:?]
	at org.apache.hadoop.ozone.om.KeyManagerImpl.getFileStatus(KeyManagerImpl.java:1111) ~[ozone-manager-1.4.0-SNAPSHOT.jar:?]
	at org.apache.hadoop.ozone.om.OmMetadataReader.getFileStatus(OmMetadataReader.java:262) ~[ozone-manager-1.4.0-SNAPSHOT.jar:?]
	at org.apache.hadoop.ozone.om.OzoneManager.getFileStatus(OzoneManager.java:3533) ~[ozone-manager-1.4.0-SNAPSHOT.jar:?]
	at org.apache.hadoop.ozone.protocolPB.OzoneManagerRequestHandler.getOzoneFileStatus(OzoneManagerRequestHandler.java:971) ~[ozone-manager-1.4.0-SNAPSHOT.jar:?]
	at org.apache.hadoop.ozone.protocolPB.OzoneManagerRequestHandler.handleReadRequest(OzoneManagerRequestHandler.java:250) ~[ozone-manager-1.4.0-SNAPSHOT.jar:?]
	at org.apache.hadoop.ozone.protocolPB.OzoneManagerProtocolServerSideTranslatorPB.submitReadRequestToOM(OzoneManagerProtocolServerSideTranslatorPB.java:225) ~[ozone-manager-1.4.0-SNAPSHOT.jar:?]
	at org.apache.hadoop.ozone.protocolPB.OzoneManagerProtocolServerSideTranslatorPB.processRequest(OzoneManagerProtocolServerSideTranslatorPB.java:179) ~[ozone-manager-1.4.0-SNAPSHOT.jar:?]
	at org.apache.hadoop.hdds.server.OzoneProtocolMessageDispatcher.processRequest(OzoneProtocolMessageDispatcher.java:87) [hdds-server-framework-1.4.0-SNAPSHOT.jar:?]
	at org.apache.hadoop.ozone.protocolPB.OzoneManagerProtocolServerSideTranslatorPB.submitRequest(OzoneManagerProtocolServerSideTranslatorPB.java:148) [ozone-manager-1.4.0-SNAPSHOT.jar:?]
	at org.apache.hadoop.ozone.protocol.proto.OzoneManagerProtocolProtos$OzoneManagerService$2.callBlockingMethod(OzoneManagerProtocolProtos.java) [ozone-interface-client-1.4.0-SNAPSHOT.jar:?]
	at org.apache.hadoop.ipc.ProtobufRpcEngine$Server.processCall(ProtobufRpcEngine.java:484) [hadoop-common-3.3.6.jar:?]
	at org.apache.hadoop.ipc.ProtobufRpcEngine2$Server$ProtoBufRpcInvoker.call(ProtobufRpcEngine2.java:595) [hadoop-common-3.3.6.jar:?]
	at org.apache.hadoop.ipc.ProtobufRpcEngine2$Server$ProtoBufRpcInvoker.call(ProtobufRpcEngine2.java:573) [hadoop-common-3.3.6.jar:?]
	at org.apache.hadoop.ipc.RPC$Server.call(RPC.java:1227) [hadoop-common-3.3.6.jar:?]
	at org.apache.hadoop.ipc.Server$RpcCall.run(Server.java:1094) [hadoop-common-3.3.6.jar:?]
	at org.apache.hadoop.ipc.Server$RpcCall.run(Server.java:1017) [hadoop-common-3.3.6.jar:?]
	at java.security.AccessController.doPrivileged(Native Method) ~[?:1.8.0_382]
	at javax.security.auth.Subject.doAs(Subject.java:422) [?:1.8.0_382]
	at org.apache.hadoop.security.UserGroupInformation.doAs(UserGroupInformation.java:1899) [hadoop-common-3.3.6.jar:?]
	at org.apache.hadoop.ipc.Server$Handler.run(Server.java:3048) [hadoop-common-3.3.6.jar:?]
2023-09-25 17:57:04,093 [Time-limited test] WARN  ozone.BasicRootedOzoneFileSystem (BasicRootedOzoneFileSystem.java:delete(704)) - delete: Path does not exist: /volume73966/bucket93734/root_dir/dir1/file2
17:57:04.095 [IPC Server handler 13 on default port 15004] ERROR OMAudit - user=runner | ip=127.0.0.1 | op=GET_FILE_STATUS {volume=volume73966, bucket=bucket93734, key=root_dir/dir1/dir2, dataSize=0, replicationConfig=null} | ret=FAILURE
org.apache.hadoop.ozone.om.exceptions.OMException: Unable to get file status: volume: volume73966 bucket: bucket93734 key: root_dir/dir1/dir2
	at org.apache.hadoop.ozone.om.KeyManagerImpl.getOzoneFileStatusFSO(KeyManagerImpl.java:1327) ~[ozone-manager-1.4.0-SNAPSHOT.jar:?]
	at org.apache.hadoop.ozone.om.KeyManagerImpl.getFileStatus(KeyManagerImpl.java:1111) ~[ozone-manager-1.4.0-SNAPSHOT.jar:?]
	at org.apache.hadoop.ozone.om.OmMetadataReader.getFileStatus(OmMetadataReader.java:262) ~[ozone-manager-1.4.0-SNAPSHOT.jar:?]
	at org.apache.hadoop.ozone.om.OzoneManager.getFileStatus(OzoneManager.java:3533) ~[ozone-manager-1.4.0-SNAPSHOT.jar:?]
	at org.apache.hadoop.ozone.protocolPB.OzoneManagerRequestHandler.getOzoneFileStatus(OzoneManagerRequestHandler.java:971) ~[ozone-manager-1.4.0-SNAPSHOT.jar:?]
	at org.apache.hadoop.ozone.protocolPB.OzoneManagerRequestHandler.handleReadRequest(OzoneManagerRequestHandler.java:250) ~[ozone-manager-1.4.0-SNAPSHOT.jar:?]
	at org.apache.hadoop.ozone.protocolPB.OzoneManagerProtocolServerSideTranslatorPB.submitReadRequestToOM(OzoneManagerProtocolServerSideTranslatorPB.java:225) ~[ozone-manager-1.4.0-SNAPSHOT.jar:?]
	at org.apache.hadoop.ozone.protocolPB.OzoneManagerProtocolServerSideTranslatorPB.processRequest(OzoneManagerProtocolServerSideTranslatorPB.java:179) ~[ozone-manager-1.4.0-SNAPSHOT.jar:?]
	at org.apache.hadoop.hdds.server.OzoneProtocolMessageDispatcher.processRequest(OzoneProtocolMessageDispatcher.java:87) [hdds-server-framework-1.4.0-SNAPSHOT.jar:?]
	at org.apache.hadoop.ozone.protocolPB.OzoneManagerProtocolServerSideTranslatorPB.submitRequest(OzoneManagerProtocolServerSideTranslatorPB.java:148) [ozone-manager-1.4.0-SNAPSHOT.jar:?]
	at org.apache.hadoop.ozone.protocol.proto.OzoneManagerProtocolProtos$OzoneManagerService$2.callBlockingMethod(OzoneManagerProtocolProtos.java) [ozone-interface-client-1.4.0-SNAPSHOT.jar:?]
	at org.apache.hadoop.ipc.ProtobufRpcEngine$Server.processCall(ProtobufRpcEngine.java:484) [hadoop-common-3.3.6.jar:?]
	at org.apache.hadoop.ipc.ProtobufRpcEngine2$Server$ProtoBufRpcInvoker.call(ProtobufRpcEngine2.java:595) [hadoop-common-3.3.6.jar:?]
	at org.apache.hadoop.ipc.ProtobufRpcEngine2$Server$ProtoBufRpcInvoker.call(ProtobufRpcEngine2.java:573) [hadoop-common-3.3.6.jar:?]
	at org.apache.hadoop.ipc.RPC$Server.call(RPC.java:1227) [hadoop-common-3.3.6.jar:?]
	at org.apache.hadoop.ipc.Server$RpcCall.run(Server.java:1094) [hadoop-common-3.3.6.jar:?]
	at org.apache.hadoop.ipc.Server$RpcCall.run(Server.java:1017) [hadoop-common-3.3.6.jar:?]
	at java.security.AccessController.doPrivileged(Native Method) ~[?:1.8.0_382]
	at javax.security.auth.Subject.doAs(Subject.java:422) [?:1.8.0_382]
	at org.apache.hadoop.security.UserGroupInformation.doAs(UserGroupInformation.java:1899) [hadoop-common-3.3.6.jar:?]
	at org.apache.hadoop.ipc.Server$Handler.run(Server.java:3048) [hadoop-common-3.3.6.jar:?]
2023-09-25 17:57:04,098 [Time-limited test] WARN  ozone.BasicRootedOzoneFileSystem (BasicRootedOzoneFileSystem.java:delete(704)) - delete: Path does not exist: /volume73966/bucket93734/root_dir/dir1/dir2
]]></system-out>
  </testcase>
  <testcase name="testRenameToParentDir" classname="TestRootedOzoneFileSystemWithFSO" time="0.055">
    <system-out><![CDATA[2023-09-25 17:58:44,034 [Time-limited test] INFO  rpc.RpcClient (RpcClient.java:createVolume(461)) - Creating Volume: volume81527, with user64964 as owner and space quota set to -1 bytes, counts quota set to -1
2023-09-25 17:58:44,035 [IPC Server handler 4 on default port 15057] INFO  volume.OMVolumeCreateRequest (OMVolumeCreateRequest.java:validateAndUpdateCache(196)) - created volume:volume81527 for user:user64964
2023-09-25 17:58:44,036 [Time-limited test] INFO  rpc.RpcClient (RpcClient.java:createBucket(688)) - Creating Bucket: volume81527/bucket63394, with bucket layout FILE_SYSTEM_OPTIMIZED, runner as owner, Versioning false, Storage Type set to DISK and Encryption set to false, Replication Type set to server-side default replication type, Namespace Quota set to -1, Space Quota set to -1 
2023-09-25 17:58:44,037 [IPC Server handler 0 on default port 15057] INFO  bucket.OMBucketCreateRequest (OMBucketCreateRequest.java:validateAndUpdateCache(270)) - created bucket: bucket63394 of layout FILE_SYSTEM_OPTIMIZED in volume: volume81527
17:58:44.061 [IPC Server handler 1 on default port 15057] ERROR OMAudit - user=runner | ip=127.0.0.1 | op=GET_FILE_STATUS {volume=volume81527, bucket=bucket63394, key=root_dir/dir1/file2, dataSize=0, replicationConfig=null} | ret=FAILURE
org.apache.hadoop.ozone.om.exceptions.OMException: Unable to get file status: volume: volume81527 bucket: bucket63394 key: root_dir/dir1/file2
	at org.apache.hadoop.ozone.om.KeyManagerImpl.getOzoneFileStatusFSO(KeyManagerImpl.java:1327) ~[ozone-manager-1.4.0-SNAPSHOT.jar:?]
	at org.apache.hadoop.ozone.om.KeyManagerImpl.getFileStatus(KeyManagerImpl.java:1111) ~[ozone-manager-1.4.0-SNAPSHOT.jar:?]
	at org.apache.hadoop.ozone.om.OmMetadataReader.getFileStatus(OmMetadataReader.java:262) ~[ozone-manager-1.4.0-SNAPSHOT.jar:?]
	at org.apache.hadoop.ozone.om.OzoneManager.getFileStatus(OzoneManager.java:3533) ~[ozone-manager-1.4.0-SNAPSHOT.jar:?]
	at org.apache.hadoop.ozone.protocolPB.OzoneManagerRequestHandler.getOzoneFileStatus(OzoneManagerRequestHandler.java:971) ~[ozone-manager-1.4.0-SNAPSHOT.jar:?]
	at org.apache.hadoop.ozone.protocolPB.OzoneManagerRequestHandler.handleReadRequest(OzoneManagerRequestHandler.java:250) ~[ozone-manager-1.4.0-SNAPSHOT.jar:?]
	at org.apache.hadoop.ozone.protocolPB.OzoneManagerProtocolServerSideTranslatorPB.submitRequestDirectlyToOM(OzoneManagerProtocolServerSideTranslatorPB.java:274) ~[ozone-manager-1.4.0-SNAPSHOT.jar:?]
	at org.apache.hadoop.ozone.protocolPB.OzoneManagerProtocolServerSideTranslatorPB.processRequest(OzoneManagerProtocolServerSideTranslatorPB.java:175) ~[ozone-manager-1.4.0-SNAPSHOT.jar:?]
	at org.apache.hadoop.hdds.server.OzoneProtocolMessageDispatcher.processRequest(OzoneProtocolMessageDispatcher.java:87) [hdds-server-framework-1.4.0-SNAPSHOT.jar:?]
	at org.apache.hadoop.ozone.protocolPB.OzoneManagerProtocolServerSideTranslatorPB.submitRequest(OzoneManagerProtocolServerSideTranslatorPB.java:148) [ozone-manager-1.4.0-SNAPSHOT.jar:?]
	at org.apache.hadoop.ozone.protocol.proto.OzoneManagerProtocolProtos$OzoneManagerService$2.callBlockingMethod(OzoneManagerProtocolProtos.java) [ozone-interface-client-1.4.0-SNAPSHOT.jar:?]
	at org.apache.hadoop.ipc.ProtobufRpcEngine$Server.processCall(ProtobufRpcEngine.java:484) [hadoop-common-3.3.6.jar:?]
	at org.apache.hadoop.ipc.ProtobufRpcEngine2$Server$ProtoBufRpcInvoker.call(ProtobufRpcEngine2.java:595) [hadoop-common-3.3.6.jar:?]
	at org.apache.hadoop.ipc.ProtobufRpcEngine2$Server$ProtoBufRpcInvoker.call(ProtobufRpcEngine2.java:573) [hadoop-common-3.3.6.jar:?]
	at org.apache.hadoop.ipc.RPC$Server.call(RPC.java:1227) [hadoop-common-3.3.6.jar:?]
	at org.apache.hadoop.ipc.Server$RpcCall.run(Server.java:1094) [hadoop-common-3.3.6.jar:?]
	at org.apache.hadoop.ipc.Server$RpcCall.run(Server.java:1017) [hadoop-common-3.3.6.jar:?]
	at java.security.AccessController.doPrivileged(Native Method) ~[?:1.8.0_382]
	at javax.security.auth.Subject.doAs(Subject.java:422) [?:1.8.0_382]
	at org.apache.hadoop.security.UserGroupInformation.doAs(UserGroupInformation.java:1899) [hadoop-common-3.3.6.jar:?]
	at org.apache.hadoop.ipc.Server$Handler.run(Server.java:3048) [hadoop-common-3.3.6.jar:?]
2023-09-25 17:58:44,062 [Time-limited test] WARN  ozone.BasicRootedOzoneFileSystem (BasicRootedOzoneFileSystem.java:delete(704)) - delete: Path does not exist: /volume81527/bucket63394/root_dir/dir1/file2
17:58:44.064 [IPC Server handler 4 on default port 15057] ERROR OMAudit - user=runner | ip=127.0.0.1 | op=GET_FILE_STATUS {volume=volume81527, bucket=bucket63394, key=root_dir/dir1/dir2, dataSize=0, replicationConfig=null} | ret=FAILURE
org.apache.hadoop.ozone.om.exceptions.OMException: Unable to get file status: volume: volume81527 bucket: bucket63394 key: root_dir/dir1/dir2
	at org.apache.hadoop.ozone.om.KeyManagerImpl.getOzoneFileStatusFSO(KeyManagerImpl.java:1327) ~[ozone-manager-1.4.0-SNAPSHOT.jar:?]
	at org.apache.hadoop.ozone.om.KeyManagerImpl.getFileStatus(KeyManagerImpl.java:1111) ~[ozone-manager-1.4.0-SNAPSHOT.jar:?]
	at org.apache.hadoop.ozone.om.OmMetadataReader.getFileStatus(OmMetadataReader.java:262) ~[ozone-manager-1.4.0-SNAPSHOT.jar:?]
	at org.apache.hadoop.ozone.om.OzoneManager.getFileStatus(OzoneManager.java:3533) ~[ozone-manager-1.4.0-SNAPSHOT.jar:?]
	at org.apache.hadoop.ozone.protocolPB.OzoneManagerRequestHandler.getOzoneFileStatus(OzoneManagerRequestHandler.java:971) ~[ozone-manager-1.4.0-SNAPSHOT.jar:?]
	at org.apache.hadoop.ozone.protocolPB.OzoneManagerRequestHandler.handleReadRequest(OzoneManagerRequestHandler.java:250) ~[ozone-manager-1.4.0-SNAPSHOT.jar:?]
	at org.apache.hadoop.ozone.protocolPB.OzoneManagerProtocolServerSideTranslatorPB.submitRequestDirectlyToOM(OzoneManagerProtocolServerSideTranslatorPB.java:274) ~[ozone-manager-1.4.0-SNAPSHOT.jar:?]
	at org.apache.hadoop.ozone.protocolPB.OzoneManagerProtocolServerSideTranslatorPB.processRequest(OzoneManagerProtocolServerSideTranslatorPB.java:175) ~[ozone-manager-1.4.0-SNAPSHOT.jar:?]
	at org.apache.hadoop.hdds.server.OzoneProtocolMessageDispatcher.processRequest(OzoneProtocolMessageDispatcher.java:87) [hdds-server-framework-1.4.0-SNAPSHOT.jar:?]
	at org.apache.hadoop.ozone.protocolPB.OzoneManagerProtocolServerSideTranslatorPB.submitRequest(OzoneManagerProtocolServerSideTranslatorPB.java:148) [ozone-manager-1.4.0-SNAPSHOT.jar:?]
	at org.apache.hadoop.ozone.protocol.proto.OzoneManagerProtocolProtos$OzoneManagerService$2.callBlockingMethod(OzoneManagerProtocolProtos.java) [ozone-interface-client-1.4.0-SNAPSHOT.jar:?]
	at org.apache.hadoop.ipc.ProtobufRpcEngine$Server.processCall(ProtobufRpcEngine.java:484) [hadoop-common-3.3.6.jar:?]
	at org.apache.hadoop.ipc.ProtobufRpcEngine2$Server$ProtoBufRpcInvoker.call(ProtobufRpcEngine2.java:595) [hadoop-common-3.3.6.jar:?]
	at org.apache.hadoop.ipc.ProtobufRpcEngine2$Server$ProtoBufRpcInvoker.call(ProtobufRpcEngine2.java:573) [hadoop-common-3.3.6.jar:?]
	at org.apache.hadoop.ipc.RPC$Server.call(RPC.java:1227) [hadoop-common-3.3.6.jar:?]
	at org.apache.hadoop.ipc.Server$RpcCall.run(Server.java:1094) [hadoop-common-3.3.6.jar:?]
	at org.apache.hadoop.ipc.Server$RpcCall.run(Server.java:1017) [hadoop-common-3.3.6.jar:?]
	at java.security.AccessController.doPrivileged(Native Method) ~[?:1.8.0_382]
	at javax.security.auth.Subject.doAs(Subject.java:422) [?:1.8.0_382]
	at org.apache.hadoop.security.UserGroupInformation.doAs(UserGroupInformation.java:1899) [hadoop-common-3.3.6.jar:?]
	at org.apache.hadoop.ipc.Server$Handler.run(Server.java:3048) [hadoop-common-3.3.6.jar:?]
2023-09-25 17:58:44,064 [Time-limited test] WARN  ozone.BasicRootedOzoneFileSystem (BasicRootedOzoneFileSystem.java:delete(704)) - delete: Path does not exist: /volume81527/bucket63394/root_dir/dir1/dir2
]]></system-out>
  </testcase>
  <testcase name="testMkdirNonExistentVolumeBucket" classname="TestRootedOzoneFileSystemWithFSO" time="0.062">
    <system-out><![CDATA[2023-09-25 17:57:04,138 [Time-limited test] INFO  rpc.RpcClient (RpcClient.java:createVolume(461)) - Creating Volume: volume49102, with user43317 as owner and space quota set to -1 bytes, counts quota set to -1
2023-09-25 17:57:04,141 [OM StateMachine ApplyTransaction Thread - 0] INFO  volume.OMVolumeCreateRequest (OMVolumeCreateRequest.java:validateAndUpdateCache(196)) - created volume:volume49102 for user:user43317
2023-09-25 17:57:04,143 [Time-limited test] INFO  rpc.RpcClient (RpcClient.java:createBucket(688)) - Creating Bucket: volume49102/bucket36921, with bucket layout FILE_SYSTEM_OPTIMIZED, runner as owner, Versioning false, Storage Type set to DISK and Encryption set to false, Replication Type set to server-side default replication type, Namespace Quota set to -1, Space Quota set to -1 
2023-09-25 17:57:04,145 [OM StateMachine ApplyTransaction Thread - 0] INFO  bucket.OMBucketCreateRequest (OMBucketCreateRequest.java:validateAndUpdateCache(270)) - created bucket: bucket36921 of layout FILE_SYSTEM_OPTIMIZED in volume: volume49102
17:57:04.148 [IPC Server handler 4 on default port 15004] ERROR OMAudit - user=runner | ip=127.0.0.1 | op=READ_BUCKET {volume=volume-90300, bucket=bucket-93223} | ret=FAILURE
org.apache.hadoop.ozone.om.exceptions.OMException: Volume not found when getting bucket info
	at org.apache.hadoop.ozone.om.BucketManagerImpl.getBucketInfo(BucketManagerImpl.java:81) ~[ozone-manager-1.4.0-SNAPSHOT.jar:?]
	at org.apache.hadoop.ozone.om.OzoneManager.getBucketInfo(OzoneManager.java:2795) ~[ozone-manager-1.4.0-SNAPSHOT.jar:?]
	at org.apache.hadoop.ozone.protocolPB.OzoneManagerRequestHandler.infoBucket(OzoneManagerRequestHandler.java:545) ~[ozone-manager-1.4.0-SNAPSHOT.jar:?]
	at org.apache.hadoop.ozone.protocolPB.OzoneManagerRequestHandler.handleReadRequest(OzoneManagerRequestHandler.java:200) ~[ozone-manager-1.4.0-SNAPSHOT.jar:?]
	at org.apache.hadoop.ozone.protocolPB.OzoneManagerProtocolServerSideTranslatorPB.submitReadRequestToOM(OzoneManagerProtocolServerSideTranslatorPB.java:225) ~[ozone-manager-1.4.0-SNAPSHOT.jar:?]
	at org.apache.hadoop.ozone.protocolPB.OzoneManagerProtocolServerSideTranslatorPB.processRequest(OzoneManagerProtocolServerSideTranslatorPB.java:179) ~[ozone-manager-1.4.0-SNAPSHOT.jar:?]
	at org.apache.hadoop.hdds.server.OzoneProtocolMessageDispatcher.processRequest(OzoneProtocolMessageDispatcher.java:87) [hdds-server-framework-1.4.0-SNAPSHOT.jar:?]
	at org.apache.hadoop.ozone.protocolPB.OzoneManagerProtocolServerSideTranslatorPB.submitRequest(OzoneManagerProtocolServerSideTranslatorPB.java:148) [ozone-manager-1.4.0-SNAPSHOT.jar:?]
	at org.apache.hadoop.ozone.protocol.proto.OzoneManagerProtocolProtos$OzoneManagerService$2.callBlockingMethod(OzoneManagerProtocolProtos.java) [ozone-interface-client-1.4.0-SNAPSHOT.jar:?]
	at org.apache.hadoop.ipc.ProtobufRpcEngine$Server.processCall(ProtobufRpcEngine.java:484) [hadoop-common-3.3.6.jar:?]
	at org.apache.hadoop.ipc.ProtobufRpcEngine2$Server$ProtoBufRpcInvoker.call(ProtobufRpcEngine2.java:595) [hadoop-common-3.3.6.jar:?]
	at org.apache.hadoop.ipc.ProtobufRpcEngine2$Server$ProtoBufRpcInvoker.call(ProtobufRpcEngine2.java:573) [hadoop-common-3.3.6.jar:?]
	at org.apache.hadoop.ipc.RPC$Server.call(RPC.java:1227) [hadoop-common-3.3.6.jar:?]
	at org.apache.hadoop.ipc.Server$RpcCall.run(Server.java:1094) [hadoop-common-3.3.6.jar:?]
	at org.apache.hadoop.ipc.Server$RpcCall.run(Server.java:1017) [hadoop-common-3.3.6.jar:?]
	at java.security.AccessController.doPrivileged(Native Method) ~[?:1.8.0_382]
	at javax.security.auth.Subject.doAs(Subject.java:422) [?:1.8.0_382]
	at org.apache.hadoop.security.UserGroupInformation.doAs(UserGroupInformation.java:1899) [hadoop-common-3.3.6.jar:?]
	at org.apache.hadoop.ipc.Server$Handler.run(Server.java:3048) [hadoop-common-3.3.6.jar:?]
2023-09-25 17:57:04,149 [Time-limited test] INFO  rpc.RpcClient (RpcClient.java:createVolume(461)) - Creating Volume: volume-90300, with runner as owner and space quota set to -1 bytes, counts quota set to -1
2023-09-25 17:57:04,151 [OM StateMachine ApplyTransaction Thread - 0] INFO  volume.OMVolumeCreateRequest (OMVolumeCreateRequest.java:validateAndUpdateCache(196)) - created volume:volume-90300 for user:runner
2023-09-25 17:57:04,152 [Time-limited test] INFO  rpc.RpcClient (RpcClient.java:createBucket(688)) - Creating Bucket: volume-90300/bucket-93223, with bucket layout FILE_SYSTEM_OPTIMIZED, runner as owner, Versioning false, Storage Type set to DISK and Encryption set to false, Replication Type set to server-side default replication type, Namespace Quota set to -1, Space Quota set to -1 
2023-09-25 17:57:04,154 [OM StateMachine ApplyTransaction Thread - 0] INFO  bucket.OMBucketCreateRequest (OMBucketCreateRequest.java:validateAndUpdateCache(270)) - created bucket: bucket-93223 of layout FILE_SYSTEM_OPTIMIZED in volume: volume-90300
]]></system-out>
  </testcase>
  <testcase name="testMkdirNonExistentVolumeBucket" classname="TestRootedOzoneFileSystemWithFSO" time="0.041">
    <system-out><![CDATA[2023-09-25 17:58:44,096 [Time-limited test] INFO  rpc.RpcClient (RpcClient.java:createVolume(461)) - Creating Volume: volume63247, with user76654 as owner and space quota set to -1 bytes, counts quota set to -1
2023-09-25 17:58:44,097 [IPC Server handler 4 on default port 15057] INFO  volume.OMVolumeCreateRequest (OMVolumeCreateRequest.java:validateAndUpdateCache(196)) - created volume:volume63247 for user:user76654
2023-09-25 17:58:44,098 [Time-limited test] INFO  rpc.RpcClient (RpcClient.java:createBucket(688)) - Creating Bucket: volume63247/bucket17301, with bucket layout FILE_SYSTEM_OPTIMIZED, runner as owner, Versioning false, Storage Type set to DISK and Encryption set to false, Replication Type set to server-side default replication type, Namespace Quota set to -1, Space Quota set to -1 
2023-09-25 17:58:44,099 [IPC Server handler 0 on default port 15057] INFO  bucket.OMBucketCreateRequest (OMBucketCreateRequest.java:validateAndUpdateCache(270)) - created bucket: bucket17301 of layout FILE_SYSTEM_OPTIMIZED in volume: volume63247
17:58:44.100 [IPC Server handler 7 on default port 15057] ERROR OMAudit - user=runner | ip=127.0.0.1 | op=READ_BUCKET {volume=volume-90809, bucket=bucket-65860} | ret=FAILURE
org.apache.hadoop.ozone.om.exceptions.OMException: Volume not found when getting bucket info
	at org.apache.hadoop.ozone.om.BucketManagerImpl.getBucketInfo(BucketManagerImpl.java:81) ~[ozone-manager-1.4.0-SNAPSHOT.jar:?]
	at org.apache.hadoop.ozone.om.OzoneManager.getBucketInfo(OzoneManager.java:2795) ~[ozone-manager-1.4.0-SNAPSHOT.jar:?]
	at org.apache.hadoop.ozone.protocolPB.OzoneManagerRequestHandler.infoBucket(OzoneManagerRequestHandler.java:545) ~[ozone-manager-1.4.0-SNAPSHOT.jar:?]
	at org.apache.hadoop.ozone.protocolPB.OzoneManagerRequestHandler.handleReadRequest(OzoneManagerRequestHandler.java:200) ~[ozone-manager-1.4.0-SNAPSHOT.jar:?]
	at org.apache.hadoop.ozone.protocolPB.OzoneManagerProtocolServerSideTranslatorPB.submitRequestDirectlyToOM(OzoneManagerProtocolServerSideTranslatorPB.java:274) ~[ozone-manager-1.4.0-SNAPSHOT.jar:?]
	at org.apache.hadoop.ozone.protocolPB.OzoneManagerProtocolServerSideTranslatorPB.processRequest(OzoneManagerProtocolServerSideTranslatorPB.java:175) ~[ozone-manager-1.4.0-SNAPSHOT.jar:?]
	at org.apache.hadoop.hdds.server.OzoneProtocolMessageDispatcher.processRequest(OzoneProtocolMessageDispatcher.java:87) [hdds-server-framework-1.4.0-SNAPSHOT.jar:?]
	at org.apache.hadoop.ozone.protocolPB.OzoneManagerProtocolServerSideTranslatorPB.submitRequest(OzoneManagerProtocolServerSideTranslatorPB.java:148) [ozone-manager-1.4.0-SNAPSHOT.jar:?]
	at org.apache.hadoop.ozone.protocol.proto.OzoneManagerProtocolProtos$OzoneManagerService$2.callBlockingMethod(OzoneManagerProtocolProtos.java) [ozone-interface-client-1.4.0-SNAPSHOT.jar:?]
	at org.apache.hadoop.ipc.ProtobufRpcEngine$Server.processCall(ProtobufRpcEngine.java:484) [hadoop-common-3.3.6.jar:?]
	at org.apache.hadoop.ipc.ProtobufRpcEngine2$Server$ProtoBufRpcInvoker.call(ProtobufRpcEngine2.java:595) [hadoop-common-3.3.6.jar:?]
	at org.apache.hadoop.ipc.ProtobufRpcEngine2$Server$ProtoBufRpcInvoker.call(ProtobufRpcEngine2.java:573) [hadoop-common-3.3.6.jar:?]
	at org.apache.hadoop.ipc.RPC$Server.call(RPC.java:1227) [hadoop-common-3.3.6.jar:?]
	at org.apache.hadoop.ipc.Server$RpcCall.run(Server.java:1094) [hadoop-common-3.3.6.jar:?]
	at org.apache.hadoop.ipc.Server$RpcCall.run(Server.java:1017) [hadoop-common-3.3.6.jar:?]
	at java.security.AccessController.doPrivileged(Native Method) ~[?:1.8.0_382]
	at javax.security.auth.Subject.doAs(Subject.java:422) [?:1.8.0_382]
	at org.apache.hadoop.security.UserGroupInformation.doAs(UserGroupInformation.java:1899) [hadoop-common-3.3.6.jar:?]
	at org.apache.hadoop.ipc.Server$Handler.run(Server.java:3048) [hadoop-common-3.3.6.jar:?]
2023-09-25 17:58:44,101 [Time-limited test] INFO  rpc.RpcClient (RpcClient.java:createVolume(461)) - Creating Volume: volume-90809, with runner as owner and space quota set to -1 bytes, counts quota set to -1
2023-09-25 17:58:44,103 [IPC Server handler 8 on default port 15057] INFO  volume.OMVolumeCreateRequest (OMVolumeCreateRequest.java:validateAndUpdateCache(196)) - created volume:volume-90809 for user:runner
2023-09-25 17:58:44,105 [Time-limited test] INFO  rpc.RpcClient (RpcClient.java:createBucket(688)) - Creating Bucket: volume-90809/bucket-65860, with bucket layout FILE_SYSTEM_OPTIMIZED, runner as owner, Versioning false, Storage Type set to DISK and Encryption set to false, Replication Type set to server-side default replication type, Namespace Quota set to -1, Space Quota set to -1 
2023-09-25 17:58:44,105 [IPC Server handler 10 on default port 15057] INFO  bucket.OMBucketCreateRequest (OMBucketCreateRequest.java:validateAndUpdateCache(270)) - created bucket: bucket-65860 of layout FILE_SYSTEM_OPTIMIZED in volume: volume-90809
]]></system-out>
  </testcase>
  <testcase name="testFailToDeleteRoot" classname="TestRootedOzoneFileSystemWithFSO" time="0.05">
    <system-out><![CDATA[2023-09-25 17:57:04,209 [Time-limited test] INFO  rpc.RpcClient (RpcClient.java:createVolume(461)) - Creating Volume: volume56726, with user52156 as owner and space quota set to -1 bytes, counts quota set to -1
2023-09-25 17:57:04,212 [OM StateMachine ApplyTransaction Thread - 0] INFO  volume.OMVolumeCreateRequest (OMVolumeCreateRequest.java:validateAndUpdateCache(196)) - created volume:volume56726 for user:user52156
2023-09-25 17:57:04,214 [Time-limited test] INFO  rpc.RpcClient (RpcClient.java:createBucket(688)) - Creating Bucket: volume56726/bucket89631, with bucket layout FILE_SYSTEM_OPTIMIZED, runner as owner, Versioning false, Storage Type set to DISK and Encryption set to false, Replication Type set to server-side default replication type, Namespace Quota set to -1, Space Quota set to -1 
2023-09-25 17:57:04,216 [OM StateMachine ApplyTransaction Thread - 0] INFO  bucket.OMBucketCreateRequest (OMBucketCreateRequest.java:validateAndUpdateCache(270)) - created bucket: bucket89631 of layout FILE_SYSTEM_OPTIMIZED in volume: volume56726
2023-09-25 17:57:04,218 [Time-limited test] WARN  ozone.BasicRootedOzoneFileSystem (BasicRootedOzoneFileSystem.java:delete(677)) - delete: OFS does not support rm root. To wipe the cluster, please re-init OM instead.
2023-09-25 17:57:04,218 [Time-limited test] WARN  ozone.BasicRootedOzoneFileSystem (BasicRootedOzoneFileSystem.java:delete(677)) - delete: OFS does not support rm root. To wipe the cluster, please re-init OM instead.
]]></system-out>
  </testcase>
  <testcase name="testFailToDeleteRoot" classname="TestRootedOzoneFileSystemWithFSO" time="0.029">
    <system-out><![CDATA[2023-09-25 17:58:44,138 [Time-limited test] INFO  rpc.RpcClient (RpcClient.java:createVolume(461)) - Creating Volume: volume03628, with user76371 as owner and space quota set to -1 bytes, counts quota set to -1
2023-09-25 17:58:44,138 [IPC Server handler 10 on default port 15057] INFO  volume.OMVolumeCreateRequest (OMVolumeCreateRequest.java:validateAndUpdateCache(196)) - created volume:volume03628 for user:user76371
2023-09-25 17:58:44,139 [Time-limited test] INFO  rpc.RpcClient (RpcClient.java:createBucket(688)) - Creating Bucket: volume03628/bucket15558, with bucket layout FILE_SYSTEM_OPTIMIZED, runner as owner, Versioning false, Storage Type set to DISK and Encryption set to false, Replication Type set to server-side default replication type, Namespace Quota set to -1, Space Quota set to -1 
2023-09-25 17:58:44,140 [IPC Server handler 12 on default port 15057] INFO  bucket.OMBucketCreateRequest (OMBucketCreateRequest.java:validateAndUpdateCache(270)) - created bucket: bucket15558 of layout FILE_SYSTEM_OPTIMIZED in volume: volume03628
2023-09-25 17:58:44,141 [Time-limited test] WARN  ozone.BasicRootedOzoneFileSystem (BasicRootedOzoneFileSystem.java:delete(677)) - delete: OFS does not support rm root. To wipe the cluster, please re-init OM instead.
2023-09-25 17:58:44,141 [Time-limited test] WARN  ozone.BasicRootedOzoneFileSystem (BasicRootedOzoneFileSystem.java:delete(677)) - delete: OFS does not support rm root. To wipe the cluster, please re-init OM instead.
]]></system-out>
  </testcase>
  <testcase name="testListStatusOnSubDirs" classname="TestRootedOzoneFileSystemWithFSO" time="0.081">
    <system-out><![CDATA[2023-09-25 17:57:04,259 [Time-limited test] INFO  rpc.RpcClient (RpcClient.java:createVolume(461)) - Creating Volume: volume32126, with user47863 as owner and space quota set to -1 bytes, counts quota set to -1
2023-09-25 17:57:04,261 [OM StateMachine ApplyTransaction Thread - 0] INFO  volume.OMVolumeCreateRequest (OMVolumeCreateRequest.java:validateAndUpdateCache(196)) - created volume:volume32126 for user:user47863
2023-09-25 17:57:04,263 [Time-limited test] INFO  rpc.RpcClient (RpcClient.java:createBucket(688)) - Creating Bucket: volume32126/bucket21234, with bucket layout FILE_SYSTEM_OPTIMIZED, runner as owner, Versioning false, Storage Type set to DISK and Encryption set to false, Replication Type set to server-side default replication type, Namespace Quota set to -1, Space Quota set to -1 
2023-09-25 17:57:04,265 [OM StateMachine ApplyTransaction Thread - 0] INFO  bucket.OMBucketCreateRequest (OMBucketCreateRequest.java:validateAndUpdateCache(270)) - created bucket: bucket21234 of layout FILE_SYSTEM_OPTIMIZED in volume: volume32126
]]></system-out>
  </testcase>
  <testcase name="testListStatusOnSubDirs" classname="TestRootedOzoneFileSystemWithFSO" time="0.042">
    <system-out><![CDATA[2023-09-25 17:58:44,161 [Time-limited test] INFO  rpc.RpcClient (RpcClient.java:createVolume(461)) - Creating Volume: volume70196, with user26878 as owner and space quota set to -1 bytes, counts quota set to -1
2023-09-25 17:58:44,161 [IPC Server handler 8 on default port 15057] INFO  volume.OMVolumeCreateRequest (OMVolumeCreateRequest.java:validateAndUpdateCache(196)) - created volume:volume70196 for user:user26878
2023-09-25 17:58:44,163 [Time-limited test] INFO  rpc.RpcClient (RpcClient.java:createBucket(688)) - Creating Bucket: volume70196/bucket69993, with bucket layout FILE_SYSTEM_OPTIMIZED, runner as owner, Versioning false, Storage Type set to DISK and Encryption set to false, Replication Type set to server-side default replication type, Namespace Quota set to -1, Space Quota set to -1 
2023-09-25 17:58:44,163 [IPC Server handler 10 on default port 15057] INFO  bucket.OMBucketCreateRequest (OMBucketCreateRequest.java:validateAndUpdateCache(270)) - created bucket: bucket69993 of layout FILE_SYSTEM_OPTIMIZED in volume: volume70196
]]></system-out>
  </testcase>
  <testcase name="testListStatus" classname="TestRootedOzoneFileSystemWithFSO" time="0.083">
    <system-out><![CDATA[2023-09-25 17:57:04,337 [Time-limited test] INFO  rpc.RpcClient (RpcClient.java:createVolume(461)) - Creating Volume: volume88216, with user56046 as owner and space quota set to -1 bytes, counts quota set to -1
2023-09-25 17:57:04,340 [OM StateMachine ApplyTransaction Thread - 0] INFO  volume.OMVolumeCreateRequest (OMVolumeCreateRequest.java:validateAndUpdateCache(196)) - created volume:volume88216 for user:user56046
2023-09-25 17:57:04,341 [Time-limited test] INFO  rpc.RpcClient (RpcClient.java:createBucket(688)) - Creating Bucket: volume88216/bucket69108, with bucket layout FILE_SYSTEM_OPTIMIZED, runner as owner, Versioning false, Storage Type set to DISK and Encryption set to false, Replication Type set to server-side default replication type, Namespace Quota set to -1, Space Quota set to -1 
2023-09-25 17:57:04,343 [OM StateMachine ApplyTransaction Thread - 0] INFO  bucket.OMBucketCreateRequest (OMBucketCreateRequest.java:validateAndUpdateCache(270)) - created bucket: bucket69108 of layout FILE_SYSTEM_OPTIMIZED in volume: volume88216
]]></system-out>
  </testcase>
  <testcase name="testListStatus" classname="TestRootedOzoneFileSystemWithFSO" time="0.056">
    <system-out><![CDATA[2023-09-25 17:58:44,202 [Time-limited test] INFO  rpc.RpcClient (RpcClient.java:createVolume(461)) - Creating Volume: volume61679, with user73988 as owner and space quota set to -1 bytes, counts quota set to -1
2023-09-25 17:58:44,203 [IPC Server handler 7 on default port 15057] INFO  volume.OMVolumeCreateRequest (OMVolumeCreateRequest.java:validateAndUpdateCache(196)) - created volume:volume61679 for user:user73988
2023-09-25 17:58:44,204 [Time-limited test] INFO  rpc.RpcClient (RpcClient.java:createBucket(688)) - Creating Bucket: volume61679/bucket40885, with bucket layout FILE_SYSTEM_OPTIMIZED, runner as owner, Versioning false, Storage Type set to DISK and Encryption set to false, Replication Type set to server-side default replication type, Namespace Quota set to -1, Space Quota set to -1 
2023-09-25 17:58:44,204 [IPC Server handler 11 on default port 15057] INFO  bucket.OMBucketCreateRequest (OMBucketCreateRequest.java:validateAndUpdateCache(270)) - created bucket: bucket40885 of layout FILE_SYSTEM_OPTIMIZED in volume: volume61679
]]></system-out>
  </testcase>
  <testcase name="testGetTrashRoots" classname="TestRootedOzoneFileSystemWithFSO" time="0.617">
    <system-out><![CDATA[2023-09-25 17:57:04,419 [Time-limited test] INFO  rpc.RpcClient (RpcClient.java:createVolume(461)) - Creating Volume: volume68816, with user58108 as owner and space quota set to -1 bytes, counts quota set to -1
2023-09-25 17:57:04,421 [OM StateMachine ApplyTransaction Thread - 0] INFO  volume.OMVolumeCreateRequest (OMVolumeCreateRequest.java:validateAndUpdateCache(196)) - created volume:volume68816 for user:user58108
2023-09-25 17:57:04,422 [Time-limited test] INFO  rpc.RpcClient (RpcClient.java:createBucket(688)) - Creating Bucket: volume68816/bucket45441, with bucket layout FILE_SYSTEM_OPTIMIZED, runner as owner, Versioning false, Storage Type set to DISK and Encryption set to false, Replication Type set to server-side default replication type, Namespace Quota set to -1, Space Quota set to -1 
2023-09-25 17:57:04,424 [OM StateMachine ApplyTransaction Thread - 0] INFO  bucket.OMBucketCreateRequest (OMBucketCreateRequest.java:validateAndUpdateCache(270)) - created bucket: bucket45441 of layout FILE_SYSTEM_OPTIMIZED in volume: volume68816
17:57:04.439 [IPC Server handler 5 on default port 15004] ERROR OMAudit - user=runner | ip=127.0.0.1 | op=GET_FILE_STATUS {volume=volume68816, bucket=bucket45441, key=.Trash/runner, dataSize=0, replicationConfig=null} | ret=FAILURE
org.apache.hadoop.ozone.om.exceptions.OMException: Unable to get file status: volume: volume68816 bucket: bucket45441 key: .Trash/runner
	at org.apache.hadoop.ozone.om.KeyManagerImpl.getOzoneFileStatusFSO(KeyManagerImpl.java:1327) ~[ozone-manager-1.4.0-SNAPSHOT.jar:?]
	at org.apache.hadoop.ozone.om.KeyManagerImpl.getFileStatus(KeyManagerImpl.java:1111) ~[ozone-manager-1.4.0-SNAPSHOT.jar:?]
	at org.apache.hadoop.ozone.om.OmMetadataReader.getFileStatus(OmMetadataReader.java:262) ~[ozone-manager-1.4.0-SNAPSHOT.jar:?]
	at org.apache.hadoop.ozone.om.OzoneManager.getFileStatus(OzoneManager.java:3533) ~[ozone-manager-1.4.0-SNAPSHOT.jar:?]
	at org.apache.hadoop.ozone.protocolPB.OzoneManagerRequestHandler.getOzoneFileStatus(OzoneManagerRequestHandler.java:971) ~[ozone-manager-1.4.0-SNAPSHOT.jar:?]
	at org.apache.hadoop.ozone.protocolPB.OzoneManagerRequestHandler.handleReadRequest(OzoneManagerRequestHandler.java:250) ~[ozone-manager-1.4.0-SNAPSHOT.jar:?]
	at org.apache.hadoop.ozone.protocolPB.OzoneManagerProtocolServerSideTranslatorPB.submitReadRequestToOM(OzoneManagerProtocolServerSideTranslatorPB.java:225) ~[ozone-manager-1.4.0-SNAPSHOT.jar:?]
	at org.apache.hadoop.ozone.protocolPB.OzoneManagerProtocolServerSideTranslatorPB.processRequest(OzoneManagerProtocolServerSideTranslatorPB.java:179) ~[ozone-manager-1.4.0-SNAPSHOT.jar:?]
	at org.apache.hadoop.hdds.server.OzoneProtocolMessageDispatcher.processRequest(OzoneProtocolMessageDispatcher.java:87) [hdds-server-framework-1.4.0-SNAPSHOT.jar:?]
	at org.apache.hadoop.ozone.protocolPB.OzoneManagerProtocolServerSideTranslatorPB.submitRequest(OzoneManagerProtocolServerSideTranslatorPB.java:148) [ozone-manager-1.4.0-SNAPSHOT.jar:?]
	at org.apache.hadoop.ozone.protocol.proto.OzoneManagerProtocolProtos$OzoneManagerService$2.callBlockingMethod(OzoneManagerProtocolProtos.java) [ozone-interface-client-1.4.0-SNAPSHOT.jar:?]
	at org.apache.hadoop.ipc.ProtobufRpcEngine$Server.processCall(ProtobufRpcEngine.java:484) [hadoop-common-3.3.6.jar:?]
	at org.apache.hadoop.ipc.ProtobufRpcEngine2$Server$ProtoBufRpcInvoker.call(ProtobufRpcEngine2.java:595) [hadoop-common-3.3.6.jar:?]
	at org.apache.hadoop.ipc.ProtobufRpcEngine2$Server$ProtoBufRpcInvoker.call(ProtobufRpcEngine2.java:573) [hadoop-common-3.3.6.jar:?]
	at org.apache.hadoop.ipc.RPC$Server.call(RPC.java:1227) [hadoop-common-3.3.6.jar:?]
	at org.apache.hadoop.ipc.Server$RpcCall.run(Server.java:1094) [hadoop-common-3.3.6.jar:?]
	at org.apache.hadoop.ipc.Server$RpcCall.run(Server.java:1017) [hadoop-common-3.3.6.jar:?]
	at java.security.AccessController.doPrivileged(Native Method) ~[?:1.8.0_382]
	at javax.security.auth.Subject.doAs(Subject.java:422) [?:1.8.0_382]
	at org.apache.hadoop.security.UserGroupInformation.doAs(UserGroupInformation.java:1899) [hadoop-common-3.3.6.jar:?]
	at org.apache.hadoop.ipc.Server$Handler.run(Server.java:3048) [hadoop-common-3.3.6.jar:?]
17:57:04.444 [IPC Server handler 3 on default port 15004] ERROR OMAudit - user=runner | ip=127.0.0.1 | op=GET_FILE_STATUS {volume=d3cd1d53-5352-4a63-83e3-0635902e1dec, bucket=68f472f7-29a8-4ac1-9844-a36852264564, key=.Trash, dataSize=0, replicationConfig=null} | ret=FAILURE
org.apache.hadoop.ozone.om.exceptions.OMException: Unable to get file status: volume: d3cd1d53-5352-4a63-83e3-0635902e1dec bucket: 68f472f7-29a8-4ac1-9844-a36852264564 key: .Trash
	at org.apache.hadoop.ozone.om.KeyManagerImpl.getOzoneFileStatus(KeyManagerImpl.java:1195) ~[ozone-manager-1.4.0-SNAPSHOT.jar:?]
	at org.apache.hadoop.ozone.om.KeyManagerImpl.getFileStatus(KeyManagerImpl.java:1113) ~[ozone-manager-1.4.0-SNAPSHOT.jar:?]
	at org.apache.hadoop.ozone.om.OmMetadataReader.getFileStatus(OmMetadataReader.java:262) ~[ozone-manager-1.4.0-SNAPSHOT.jar:?]
	at org.apache.hadoop.ozone.om.OzoneManager.getFileStatus(OzoneManager.java:3533) ~[ozone-manager-1.4.0-SNAPSHOT.jar:?]
	at org.apache.hadoop.ozone.protocolPB.OzoneManagerRequestHandler.getOzoneFileStatus(OzoneManagerRequestHandler.java:971) ~[ozone-manager-1.4.0-SNAPSHOT.jar:?]
	at org.apache.hadoop.ozone.protocolPB.OzoneManagerRequestHandler.handleReadRequest(OzoneManagerRequestHandler.java:250) ~[ozone-manager-1.4.0-SNAPSHOT.jar:?]
	at org.apache.hadoop.ozone.protocolPB.OzoneManagerProtocolServerSideTranslatorPB.submitReadRequestToOM(OzoneManagerProtocolServerSideTranslatorPB.java:225) ~[ozone-manager-1.4.0-SNAPSHOT.jar:?]
	at org.apache.hadoop.ozone.protocolPB.OzoneManagerProtocolServerSideTranslatorPB.processRequest(OzoneManagerProtocolServerSideTranslatorPB.java:179) ~[ozone-manager-1.4.0-SNAPSHOT.jar:?]
	at org.apache.hadoop.hdds.server.OzoneProtocolMessageDispatcher.processRequest(OzoneProtocolMessageDispatcher.java:87) [hdds-server-framework-1.4.0-SNAPSHOT.jar:?]
	at org.apache.hadoop.ozone.protocolPB.OzoneManagerProtocolServerSideTranslatorPB.submitRequest(OzoneManagerProtocolServerSideTranslatorPB.java:148) [ozone-manager-1.4.0-SNAPSHOT.jar:?]
	at org.apache.hadoop.ozone.protocol.proto.OzoneManagerProtocolProtos$OzoneManagerService$2.callBlockingMethod(OzoneManagerProtocolProtos.java) [ozone-interface-client-1.4.0-SNAPSHOT.jar:?]
	at org.apache.hadoop.ipc.ProtobufRpcEngine$Server.processCall(ProtobufRpcEngine.java:484) [hadoop-common-3.3.6.jar:?]
	at org.apache.hadoop.ipc.ProtobufRpcEngine2$Server$ProtoBufRpcInvoker.call(ProtobufRpcEngine2.java:595) [hadoop-common-3.3.6.jar:?]
	at org.apache.hadoop.ipc.ProtobufRpcEngine2$Server$ProtoBufRpcInvoker.call(ProtobufRpcEngine2.java:573) [hadoop-common-3.3.6.jar:?]
	at org.apache.hadoop.ipc.RPC$Server.call(RPC.java:1227) [hadoop-common-3.3.6.jar:?]
	at org.apache.hadoop.ipc.Server$RpcCall.run(Server.java:1094) [hadoop-common-3.3.6.jar:?]
	at org.apache.hadoop.ipc.Server$RpcCall.run(Server.java:1017) [hadoop-common-3.3.6.jar:?]
	at java.security.AccessController.doPrivileged(Native Method) ~[?:1.8.0_382]
	at javax.security.auth.Subject.doAs(Subject.java:422) [?:1.8.0_382]
	at org.apache.hadoop.security.UserGroupInformation.doAs(UserGroupInformation.java:1899) [hadoop-common-3.3.6.jar:?]
	at org.apache.hadoop.ipc.Server$Handler.run(Server.java:3048) [hadoop-common-3.3.6.jar:?]
17:57:04.448 [IPC Server handler 11 on default port 15004] ERROR OMAudit - user=runner | ip=127.0.0.1 | op=GET_FILE_STATUS {volume=volume17462, bucket=bucket10490, key=.Trash, dataSize=0, replicationConfig=null} | ret=FAILURE
org.apache.hadoop.ozone.om.exceptions.OMException: Unable to get file status: volume: volume17462 bucket: bucket10490 key: .Trash
	at org.apache.hadoop.ozone.om.KeyManagerImpl.getOzoneFileStatusFSO(KeyManagerImpl.java:1327) ~[ozone-manager-1.4.0-SNAPSHOT.jar:?]
	at org.apache.hadoop.ozone.om.KeyManagerImpl.getFileStatus(KeyManagerImpl.java:1111) ~[ozone-manager-1.4.0-SNAPSHOT.jar:?]
	at org.apache.hadoop.ozone.om.OmMetadataReader.getFileStatus(OmMetadataReader.java:262) ~[ozone-manager-1.4.0-SNAPSHOT.jar:?]
	at org.apache.hadoop.ozone.om.OzoneManager.getFileStatus(OzoneManager.java:3533) ~[ozone-manager-1.4.0-SNAPSHOT.jar:?]
	at org.apache.hadoop.ozone.protocolPB.OzoneManagerRequestHandler.getOzoneFileStatus(OzoneManagerRequestHandler.java:971) ~[ozone-manager-1.4.0-SNAPSHOT.jar:?]
	at org.apache.hadoop.ozone.protocolPB.OzoneManagerRequestHandler.handleReadRequest(OzoneManagerRequestHandler.java:250) ~[ozone-manager-1.4.0-SNAPSHOT.jar:?]
	at org.apache.hadoop.ozone.protocolPB.OzoneManagerProtocolServerSideTranslatorPB.submitReadRequestToOM(OzoneManagerProtocolServerSideTranslatorPB.java:225) ~[ozone-manager-1.4.0-SNAPSHOT.jar:?]
	at org.apache.hadoop.ozone.protocolPB.OzoneManagerProtocolServerSideTranslatorPB.processRequest(OzoneManagerProtocolServerSideTranslatorPB.java:179) ~[ozone-manager-1.4.0-SNAPSHOT.jar:?]
	at org.apache.hadoop.hdds.server.OzoneProtocolMessageDispatcher.processRequest(OzoneProtocolMessageDispatcher.java:87) [hdds-server-framework-1.4.0-SNAPSHOT.jar:?]
	at org.apache.hadoop.ozone.protocolPB.OzoneManagerProtocolServerSideTranslatorPB.submitRequest(OzoneManagerProtocolServerSideTranslatorPB.java:148) [ozone-manager-1.4.0-SNAPSHOT.jar:?]
	at org.apache.hadoop.ozone.protocol.proto.OzoneManagerProtocolProtos$OzoneManagerService$2.callBlockingMethod(OzoneManagerProtocolProtos.java) [ozone-interface-client-1.4.0-SNAPSHOT.jar:?]
	at org.apache.hadoop.ipc.ProtobufRpcEngine$Server.processCall(ProtobufRpcEngine.java:484) [hadoop-common-3.3.6.jar:?]
	at org.apache.hadoop.ipc.ProtobufRpcEngine2$Server$ProtoBufRpcInvoker.call(ProtobufRpcEngine2.java:595) [hadoop-common-3.3.6.jar:?]
	at org.apache.hadoop.ipc.ProtobufRpcEngine2$Server$ProtoBufRpcInvoker.call(ProtobufRpcEngine2.java:573) [hadoop-common-3.3.6.jar:?]
	at org.apache.hadoop.ipc.RPC$Server.call(RPC.java:1227) [hadoop-common-3.3.6.jar:?]
	at org.apache.hadoop.ipc.Server$RpcCall.run(Server.java:1094) [hadoop-common-3.3.6.jar:?]
	at org.apache.hadoop.ipc.Server$RpcCall.run(Server.java:1017) [hadoop-common-3.3.6.jar:?]
	at java.security.AccessController.doPrivileged(Native Method) ~[?:1.8.0_382]
	at javax.security.auth.Subject.doAs(Subject.java:422) [?:1.8.0_382]
	at org.apache.hadoop.security.UserGroupInformation.doAs(UserGroupInformation.java:1899) [hadoop-common-3.3.6.jar:?]
	at org.apache.hadoop.ipc.Server$Handler.run(Server.java:3048) [hadoop-common-3.3.6.jar:?]
17:57:04.451 [IPC Server handler 17 on default port 15004] ERROR OMAudit - user=runner | ip=127.0.0.1 | op=GET_FILE_STATUS {volume=volume68816, bucket=bucket45441, key=.Trash, dataSize=0, replicationConfig=null} | ret=FAILURE
org.apache.hadoop.ozone.om.exceptions.OMException: Unable to get file status: volume: volume68816 bucket: bucket45441 key: .Trash
	at org.apache.hadoop.ozone.om.KeyManagerImpl.getOzoneFileStatusFSO(KeyManagerImpl.java:1327) ~[ozone-manager-1.4.0-SNAPSHOT.jar:?]
	at org.apache.hadoop.ozone.om.KeyManagerImpl.getFileStatus(KeyManagerImpl.java:1111) ~[ozone-manager-1.4.0-SNAPSHOT.jar:?]
	at org.apache.hadoop.ozone.om.OmMetadataReader.getFileStatus(OmMetadataReader.java:262) ~[ozone-manager-1.4.0-SNAPSHOT.jar:?]
	at org.apache.hadoop.ozone.om.OzoneManager.getFileStatus(OzoneManager.java:3533) ~[ozone-manager-1.4.0-SNAPSHOT.jar:?]
	at org.apache.hadoop.ozone.protocolPB.OzoneManagerRequestHandler.getOzoneFileStatus(OzoneManagerRequestHandler.java:971) ~[ozone-manager-1.4.0-SNAPSHOT.jar:?]
	at org.apache.hadoop.ozone.protocolPB.OzoneManagerRequestHandler.handleReadRequest(OzoneManagerRequestHandler.java:250) ~[ozone-manager-1.4.0-SNAPSHOT.jar:?]
	at org.apache.hadoop.ozone.protocolPB.OzoneManagerProtocolServerSideTranslatorPB.submitReadRequestToOM(OzoneManagerProtocolServerSideTranslatorPB.java:225) ~[ozone-manager-1.4.0-SNAPSHOT.jar:?]
	at org.apache.hadoop.ozone.protocolPB.OzoneManagerProtocolServerSideTranslatorPB.processRequest(OzoneManagerProtocolServerSideTranslatorPB.java:179) ~[ozone-manager-1.4.0-SNAPSHOT.jar:?]
	at org.apache.hadoop.hdds.server.OzoneProtocolMessageDispatcher.processRequest(OzoneProtocolMessageDispatcher.java:87) [hdds-server-framework-1.4.0-SNAPSHOT.jar:?]
	at org.apache.hadoop.ozone.protocolPB.OzoneManagerProtocolServerSideTranslatorPB.submitRequest(OzoneManagerProtocolServerSideTranslatorPB.java:148) [ozone-manager-1.4.0-SNAPSHOT.jar:?]
	at org.apache.hadoop.ozone.protocol.proto.OzoneManagerProtocolProtos$OzoneManagerService$2.callBlockingMethod(OzoneManagerProtocolProtos.java) [ozone-interface-client-1.4.0-SNAPSHOT.jar:?]
	at org.apache.hadoop.ipc.ProtobufRpcEngine$Server.processCall(ProtobufRpcEngine.java:484) [hadoop-common-3.3.6.jar:?]
	at org.apache.hadoop.ipc.ProtobufRpcEngine2$Server$ProtoBufRpcInvoker.call(ProtobufRpcEngine2.java:595) [hadoop-common-3.3.6.jar:?]
	at org.apache.hadoop.ipc.ProtobufRpcEngine2$Server$ProtoBufRpcInvoker.call(ProtobufRpcEngine2.java:573) [hadoop-common-3.3.6.jar:?]
	at org.apache.hadoop.ipc.RPC$Server.call(RPC.java:1227) [hadoop-common-3.3.6.jar:?]
	at org.apache.hadoop.ipc.Server$RpcCall.run(Server.java:1094) [hadoop-common-3.3.6.jar:?]
	at org.apache.hadoop.ipc.Server$RpcCall.run(Server.java:1017) [hadoop-common-3.3.6.jar:?]
	at java.security.AccessController.doPrivileged(Native Method) ~[?:1.8.0_382]
	at javax.security.auth.Subject.doAs(Subject.java:422) [?:1.8.0_382]
	at org.apache.hadoop.security.UserGroupInformation.doAs(UserGroupInformation.java:1899) [hadoop-common-3.3.6.jar:?]
	at org.apache.hadoop.ipc.Server$Handler.run(Server.java:3048) [hadoop-common-3.3.6.jar:?]
17:57:04.468 [IPC Server handler 15 on default port 15004] ERROR OMAudit - user=runner | ip=127.0.0.1 | op=GET_FILE_STATUS {volume=d3cd1d53-5352-4a63-83e3-0635902e1dec, bucket=68f472f7-29a8-4ac1-9844-a36852264564, key=.Trash, dataSize=0, replicationConfig=null} | ret=FAILURE
org.apache.hadoop.ozone.om.exceptions.OMException: Unable to get file status: volume: d3cd1d53-5352-4a63-83e3-0635902e1dec bucket: 68f472f7-29a8-4ac1-9844-a36852264564 key: .Trash
	at org.apache.hadoop.ozone.om.KeyManagerImpl.getOzoneFileStatus(KeyManagerImpl.java:1195) ~[ozone-manager-1.4.0-SNAPSHOT.jar:?]
	at org.apache.hadoop.ozone.om.KeyManagerImpl.getFileStatus(KeyManagerImpl.java:1113) ~[ozone-manager-1.4.0-SNAPSHOT.jar:?]
	at org.apache.hadoop.ozone.om.OmMetadataReader.getFileStatus(OmMetadataReader.java:262) ~[ozone-manager-1.4.0-SNAPSHOT.jar:?]
	at org.apache.hadoop.ozone.om.OzoneManager.getFileStatus(OzoneManager.java:3533) ~[ozone-manager-1.4.0-SNAPSHOT.jar:?]
	at org.apache.hadoop.ozone.protocolPB.OzoneManagerRequestHandler.getOzoneFileStatus(OzoneManagerRequestHandler.java:971) ~[ozone-manager-1.4.0-SNAPSHOT.jar:?]
	at org.apache.hadoop.ozone.protocolPB.OzoneManagerRequestHandler.handleReadRequest(OzoneManagerRequestHandler.java:250) ~[ozone-manager-1.4.0-SNAPSHOT.jar:?]
	at org.apache.hadoop.ozone.protocolPB.OzoneManagerProtocolServerSideTranslatorPB.submitReadRequestToOM(OzoneManagerProtocolServerSideTranslatorPB.java:225) ~[ozone-manager-1.4.0-SNAPSHOT.jar:?]
	at org.apache.hadoop.ozone.protocolPB.OzoneManagerProtocolServerSideTranslatorPB.processRequest(OzoneManagerProtocolServerSideTranslatorPB.java:179) ~[ozone-manager-1.4.0-SNAPSHOT.jar:?]
	at org.apache.hadoop.hdds.server.OzoneProtocolMessageDispatcher.processRequest(OzoneProtocolMessageDispatcher.java:87) [hdds-server-framework-1.4.0-SNAPSHOT.jar:?]
	at org.apache.hadoop.ozone.protocolPB.OzoneManagerProtocolServerSideTranslatorPB.submitRequest(OzoneManagerProtocolServerSideTranslatorPB.java:148) [ozone-manager-1.4.0-SNAPSHOT.jar:?]
	at org.apache.hadoop.ozone.protocol.proto.OzoneManagerProtocolProtos$OzoneManagerService$2.callBlockingMethod(OzoneManagerProtocolProtos.java) [ozone-interface-client-1.4.0-SNAPSHOT.jar:?]
	at org.apache.hadoop.ipc.ProtobufRpcEngine$Server.processCall(ProtobufRpcEngine.java:484) [hadoop-common-3.3.6.jar:?]
	at org.apache.hadoop.ipc.ProtobufRpcEngine2$Server$ProtoBufRpcInvoker.call(ProtobufRpcEngine2.java:595) [hadoop-common-3.3.6.jar:?]
	at org.apache.hadoop.ipc.ProtobufRpcEngine2$Server$ProtoBufRpcInvoker.call(ProtobufRpcEngine2.java:573) [hadoop-common-3.3.6.jar:?]
	at org.apache.hadoop.ipc.RPC$Server.call(RPC.java:1227) [hadoop-common-3.3.6.jar:?]
	at org.apache.hadoop.ipc.Server$RpcCall.run(Server.java:1094) [hadoop-common-3.3.6.jar:?]
	at org.apache.hadoop.ipc.Server$RpcCall.run(Server.java:1017) [hadoop-common-3.3.6.jar:?]
	at java.security.AccessController.doPrivileged(Native Method) ~[?:1.8.0_382]
	at javax.security.auth.Subject.doAs(Subject.java:422) [?:1.8.0_382]
	at org.apache.hadoop.security.UserGroupInformation.doAs(UserGroupInformation.java:1899) [hadoop-common-3.3.6.jar:?]
	at org.apache.hadoop.ipc.Server$Handler.run(Server.java:3048) [hadoop-common-3.3.6.jar:?]
17:57:04.474 [IPC Server handler 14 on default port 15004] ERROR OMAudit - user=runner | ip=127.0.0.1 | op=GET_FILE_STATUS {volume=volume17462, bucket=bucket10490, key=.Trash, dataSize=0, replicationConfig=null} | ret=FAILURE
org.apache.hadoop.ozone.om.exceptions.OMException: Unable to get file status: volume: volume17462 bucket: bucket10490 key: .Trash
	at org.apache.hadoop.ozone.om.KeyManagerImpl.getOzoneFileStatusFSO(KeyManagerImpl.java:1327) ~[ozone-manager-1.4.0-SNAPSHOT.jar:?]
	at org.apache.hadoop.ozone.om.KeyManagerImpl.getFileStatus(KeyManagerImpl.java:1111) ~[ozone-manager-1.4.0-SNAPSHOT.jar:?]
	at org.apache.hadoop.ozone.om.OmMetadataReader.getFileStatus(OmMetadataReader.java:262) ~[ozone-manager-1.4.0-SNAPSHOT.jar:?]
	at org.apache.hadoop.ozone.om.OzoneManager.getFileStatus(OzoneManager.java:3533) ~[ozone-manager-1.4.0-SNAPSHOT.jar:?]
	at org.apache.hadoop.ozone.protocolPB.OzoneManagerRequestHandler.getOzoneFileStatus(OzoneManagerRequestHandler.java:971) ~[ozone-manager-1.4.0-SNAPSHOT.jar:?]
	at org.apache.hadoop.ozone.protocolPB.OzoneManagerRequestHandler.handleReadRequest(OzoneManagerRequestHandler.java:250) ~[ozone-manager-1.4.0-SNAPSHOT.jar:?]
	at org.apache.hadoop.ozone.protocolPB.OzoneManagerProtocolServerSideTranslatorPB.submitReadRequestToOM(OzoneManagerProtocolServerSideTranslatorPB.java:225) ~[ozone-manager-1.4.0-SNAPSHOT.jar:?]
	at org.apache.hadoop.ozone.protocolPB.OzoneManagerProtocolServerSideTranslatorPB.processRequest(OzoneManagerProtocolServerSideTranslatorPB.java:179) ~[ozone-manager-1.4.0-SNAPSHOT.jar:?]
	at org.apache.hadoop.hdds.server.OzoneProtocolMessageDispatcher.processRequest(OzoneProtocolMessageDispatcher.java:87) [hdds-server-framework-1.4.0-SNAPSHOT.jar:?]
	at org.apache.hadoop.ozone.protocolPB.OzoneManagerProtocolServerSideTranslatorPB.submitRequest(OzoneManagerProtocolServerSideTranslatorPB.java:148) [ozone-manager-1.4.0-SNAPSHOT.jar:?]
	at org.apache.hadoop.ozone.protocol.proto.OzoneManagerProtocolProtos$OzoneManagerService$2.callBlockingMethod(OzoneManagerProtocolProtos.java) [ozone-interface-client-1.4.0-SNAPSHOT.jar:?]
	at org.apache.hadoop.ipc.ProtobufRpcEngine$Server.processCall(ProtobufRpcEngine.java:484) [hadoop-common-3.3.6.jar:?]
	at org.apache.hadoop.ipc.ProtobufRpcEngine2$Server$ProtoBufRpcInvoker.call(ProtobufRpcEngine2.java:595) [hadoop-common-3.3.6.jar:?]
	at org.apache.hadoop.ipc.ProtobufRpcEngine2$Server$ProtoBufRpcInvoker.call(ProtobufRpcEngine2.java:573) [hadoop-common-3.3.6.jar:?]
	at org.apache.hadoop.ipc.RPC$Server.call(RPC.java:1227) [hadoop-common-3.3.6.jar:?]
	at org.apache.hadoop.ipc.Server$RpcCall.run(Server.java:1094) [hadoop-common-3.3.6.jar:?]
	at org.apache.hadoop.ipc.Server$RpcCall.run(Server.java:1017) [hadoop-common-3.3.6.jar:?]
	at java.security.AccessController.doPrivileged(Native Method) ~[?:1.8.0_382]
	at javax.security.auth.Subject.doAs(Subject.java:422) [?:1.8.0_382]
	at org.apache.hadoop.security.UserGroupInformation.doAs(UserGroupInformation.java:1899) [hadoop-common-3.3.6.jar:?]
	at org.apache.hadoop.ipc.Server$Handler.run(Server.java:3048) [hadoop-common-3.3.6.jar:?]
17:57:04.499 [IPC Server handler 3 on default port 15004] ERROR OMAudit - user=runner | ip=127.0.0.1 | op=GET_FILE_STATUS {volume=d3cd1d53-5352-4a63-83e3-0635902e1dec, bucket=68f472f7-29a8-4ac1-9844-a36852264564, key=.Trash, dataSize=0, replicationConfig=null} | ret=FAILURE
org.apache.hadoop.ozone.om.exceptions.OMException: Unable to get file status: volume: d3cd1d53-5352-4a63-83e3-0635902e1dec bucket: 68f472f7-29a8-4ac1-9844-a36852264564 key: .Trash
	at org.apache.hadoop.ozone.om.KeyManagerImpl.getOzoneFileStatus(KeyManagerImpl.java:1195) ~[ozone-manager-1.4.0-SNAPSHOT.jar:?]
	at org.apache.hadoop.ozone.om.KeyManagerImpl.getFileStatus(KeyManagerImpl.java:1113) ~[ozone-manager-1.4.0-SNAPSHOT.jar:?]
	at org.apache.hadoop.ozone.om.OmMetadataReader.getFileStatus(OmMetadataReader.java:262) ~[ozone-manager-1.4.0-SNAPSHOT.jar:?]
	at org.apache.hadoop.ozone.om.OzoneManager.getFileStatus(OzoneManager.java:3533) ~[ozone-manager-1.4.0-SNAPSHOT.jar:?]
	at org.apache.hadoop.ozone.protocolPB.OzoneManagerRequestHandler.getOzoneFileStatus(OzoneManagerRequestHandler.java:971) ~[ozone-manager-1.4.0-SNAPSHOT.jar:?]
	at org.apache.hadoop.ozone.protocolPB.OzoneManagerRequestHandler.handleReadRequest(OzoneManagerRequestHandler.java:250) ~[ozone-manager-1.4.0-SNAPSHOT.jar:?]
	at org.apache.hadoop.ozone.protocolPB.OzoneManagerProtocolServerSideTranslatorPB.submitReadRequestToOM(OzoneManagerProtocolServerSideTranslatorPB.java:225) ~[ozone-manager-1.4.0-SNAPSHOT.jar:?]
	at org.apache.hadoop.ozone.protocolPB.OzoneManagerProtocolServerSideTranslatorPB.processRequest(OzoneManagerProtocolServerSideTranslatorPB.java:179) ~[ozone-manager-1.4.0-SNAPSHOT.jar:?]
	at org.apache.hadoop.hdds.server.OzoneProtocolMessageDispatcher.processRequest(OzoneProtocolMessageDispatcher.java:87) [hdds-server-framework-1.4.0-SNAPSHOT.jar:?]
	at org.apache.hadoop.ozone.protocolPB.OzoneManagerProtocolServerSideTranslatorPB.submitRequest(OzoneManagerProtocolServerSideTranslatorPB.java:148) [ozone-manager-1.4.0-SNAPSHOT.jar:?]
	at org.apache.hadoop.ozone.protocol.proto.OzoneManagerProtocolProtos$OzoneManagerService$2.callBlockingMethod(OzoneManagerProtocolProtos.java) [ozone-interface-client-1.4.0-SNAPSHOT.jar:?]
	at org.apache.hadoop.ipc.ProtobufRpcEngine$Server.processCall(ProtobufRpcEngine.java:484) [hadoop-common-3.3.6.jar:?]
	at org.apache.hadoop.ipc.ProtobufRpcEngine2$Server$ProtoBufRpcInvoker.call(ProtobufRpcEngine2.java:595) [hadoop-common-3.3.6.jar:?]
	at org.apache.hadoop.ipc.ProtobufRpcEngine2$Server$ProtoBufRpcInvoker.call(ProtobufRpcEngine2.java:573) [hadoop-common-3.3.6.jar:?]
	at org.apache.hadoop.ipc.RPC$Server.call(RPC.java:1227) [hadoop-common-3.3.6.jar:?]
	at org.apache.hadoop.ipc.Server$RpcCall.run(Server.java:1094) [hadoop-common-3.3.6.jar:?]
	at org.apache.hadoop.ipc.Server$RpcCall.run(Server.java:1017) [hadoop-common-3.3.6.jar:?]
	at java.security.AccessController.doPrivileged(Native Method) ~[?:1.8.0_382]
	at javax.security.auth.Subject.doAs(Subject.java:422) [?:1.8.0_382]
	at org.apache.hadoop.security.UserGroupInformation.doAs(UserGroupInformation.java:1899) [hadoop-common-3.3.6.jar:?]
	at org.apache.hadoop.ipc.Server$Handler.run(Server.java:3048) [hadoop-common-3.3.6.jar:?]
17:57:04.508 [IPC Server handler 11 on default port 15004] ERROR OMAudit - user=runner | ip=127.0.0.1 | op=GET_FILE_STATUS {volume=volume17462, bucket=bucket10490, key=.Trash, dataSize=0, replicationConfig=null} | ret=FAILURE
org.apache.hadoop.ozone.om.exceptions.OMException: Unable to get file status: volume: volume17462 bucket: bucket10490 key: .Trash
	at org.apache.hadoop.ozone.om.KeyManagerImpl.getOzoneFileStatusFSO(KeyManagerImpl.java:1327) ~[ozone-manager-1.4.0-SNAPSHOT.jar:?]
	at org.apache.hadoop.ozone.om.KeyManagerImpl.getFileStatus(KeyManagerImpl.java:1111) ~[ozone-manager-1.4.0-SNAPSHOT.jar:?]
	at org.apache.hadoop.ozone.om.OmMetadataReader.getFileStatus(OmMetadataReader.java:262) ~[ozone-manager-1.4.0-SNAPSHOT.jar:?]
	at org.apache.hadoop.ozone.om.OzoneManager.getFileStatus(OzoneManager.java:3533) ~[ozone-manager-1.4.0-SNAPSHOT.jar:?]
	at org.apache.hadoop.ozone.protocolPB.OzoneManagerRequestHandler.getOzoneFileStatus(OzoneManagerRequestHandler.java:971) ~[ozone-manager-1.4.0-SNAPSHOT.jar:?]
	at org.apache.hadoop.ozone.protocolPB.OzoneManagerRequestHandler.handleReadRequest(OzoneManagerRequestHandler.java:250) ~[ozone-manager-1.4.0-SNAPSHOT.jar:?]
	at org.apache.hadoop.ozone.protocolPB.OzoneManagerProtocolServerSideTranslatorPB.submitReadRequestToOM(OzoneManagerProtocolServerSideTranslatorPB.java:225) ~[ozone-manager-1.4.0-SNAPSHOT.jar:?]
	at org.apache.hadoop.ozone.protocolPB.OzoneManagerProtocolServerSideTranslatorPB.processRequest(OzoneManagerProtocolServerSideTranslatorPB.java:179) ~[ozone-manager-1.4.0-SNAPSHOT.jar:?]
	at org.apache.hadoop.hdds.server.OzoneProtocolMessageDispatcher.processRequest(OzoneProtocolMessageDispatcher.java:87) [hdds-server-framework-1.4.0-SNAPSHOT.jar:?]
	at org.apache.hadoop.ozone.protocolPB.OzoneManagerProtocolServerSideTranslatorPB.submitRequest(OzoneManagerProtocolServerSideTranslatorPB.java:148) [ozone-manager-1.4.0-SNAPSHOT.jar:?]
	at org.apache.hadoop.ozone.protocol.proto.OzoneManagerProtocolProtos$OzoneManagerService$2.callBlockingMethod(OzoneManagerProtocolProtos.java) [ozone-interface-client-1.4.0-SNAPSHOT.jar:?]
	at org.apache.hadoop.ipc.ProtobufRpcEngine$Server.processCall(ProtobufRpcEngine.java:484) [hadoop-common-3.3.6.jar:?]
	at org.apache.hadoop.ipc.ProtobufRpcEngine2$Server$ProtoBufRpcInvoker.call(ProtobufRpcEngine2.java:595) [hadoop-common-3.3.6.jar:?]
	at org.apache.hadoop.ipc.ProtobufRpcEngine2$Server$ProtoBufRpcInvoker.call(ProtobufRpcEngine2.java:573) [hadoop-common-3.3.6.jar:?]
	at org.apache.hadoop.ipc.RPC$Server.call(RPC.java:1227) [hadoop-common-3.3.6.jar:?]
	at org.apache.hadoop.ipc.Server$RpcCall.run(Server.java:1094) [hadoop-common-3.3.6.jar:?]
	at org.apache.hadoop.ipc.Server$RpcCall.run(Server.java:1017) [hadoop-common-3.3.6.jar:?]
	at java.security.AccessController.doPrivileged(Native Method) ~[?:1.8.0_382]
	at javax.security.auth.Subject.doAs(Subject.java:422) [?:1.8.0_382]
	at org.apache.hadoop.security.UserGroupInformation.doAs(UserGroupInformation.java:1899) [hadoop-common-3.3.6.jar:?]
	at org.apache.hadoop.ipc.Server$Handler.run(Server.java:3048) [hadoop-common-3.3.6.jar:?]
2023-09-25 17:57:04,519 [Time-limited test] INFO  rpc.RpcClient (RpcClient.java:createBucket(688)) - Creating Bucket: volume68816/trashroottest2, with bucket layout FILE_SYSTEM_OPTIMIZED, runner as owner, Versioning false, Storage Type set to DISK and Encryption set to false, Replication Type set to server-side default replication type, Namespace Quota set to -1, Space Quota set to -1 
2023-09-25 17:57:04,521 [OM StateMachine ApplyTransaction Thread - 0] INFO  bucket.OMBucketCreateRequest (OMBucketCreateRequest.java:validateAndUpdateCache(270)) - created bucket: trashroottest2 of layout FILE_SYSTEM_OPTIMIZED in volume: volume68816
17:57:04.590 [IPC Server handler 3 on default port 15004] ERROR OMAudit - user=runner | ip=127.0.0.1 | op=GET_FILE_STATUS {volume=d3cd1d53-5352-4a63-83e3-0635902e1dec, bucket=68f472f7-29a8-4ac1-9844-a36852264564, key=.Trash, dataSize=0, replicationConfig=null} | ret=FAILURE
org.apache.hadoop.ozone.om.exceptions.OMException: Unable to get file status: volume: d3cd1d53-5352-4a63-83e3-0635902e1dec bucket: 68f472f7-29a8-4ac1-9844-a36852264564 key: .Trash
	at org.apache.hadoop.ozone.om.KeyManagerImpl.getOzoneFileStatus(KeyManagerImpl.java:1195) ~[ozone-manager-1.4.0-SNAPSHOT.jar:?]
	at org.apache.hadoop.ozone.om.KeyManagerImpl.getFileStatus(KeyManagerImpl.java:1113) ~[ozone-manager-1.4.0-SNAPSHOT.jar:?]
	at org.apache.hadoop.ozone.om.OmMetadataReader.getFileStatus(OmMetadataReader.java:262) ~[ozone-manager-1.4.0-SNAPSHOT.jar:?]
	at org.apache.hadoop.ozone.om.OzoneManager.getFileStatus(OzoneManager.java:3533) ~[ozone-manager-1.4.0-SNAPSHOT.jar:?]
	at org.apache.hadoop.ozone.protocolPB.OzoneManagerRequestHandler.getOzoneFileStatus(OzoneManagerRequestHandler.java:971) ~[ozone-manager-1.4.0-SNAPSHOT.jar:?]
	at org.apache.hadoop.ozone.protocolPB.OzoneManagerRequestHandler.handleReadRequest(OzoneManagerRequestHandler.java:250) ~[ozone-manager-1.4.0-SNAPSHOT.jar:?]
	at org.apache.hadoop.ozone.protocolPB.OzoneManagerProtocolServerSideTranslatorPB.submitReadRequestToOM(OzoneManagerProtocolServerSideTranslatorPB.java:225) ~[ozone-manager-1.4.0-SNAPSHOT.jar:?]
	at org.apache.hadoop.ozone.protocolPB.OzoneManagerProtocolServerSideTranslatorPB.processRequest(OzoneManagerProtocolServerSideTranslatorPB.java:179) ~[ozone-manager-1.4.0-SNAPSHOT.jar:?]
	at org.apache.hadoop.hdds.server.OzoneProtocolMessageDispatcher.processRequest(OzoneProtocolMessageDispatcher.java:87) [hdds-server-framework-1.4.0-SNAPSHOT.jar:?]
	at org.apache.hadoop.ozone.protocolPB.OzoneManagerProtocolServerSideTranslatorPB.submitRequest(OzoneManagerProtocolServerSideTranslatorPB.java:148) [ozone-manager-1.4.0-SNAPSHOT.jar:?]
	at org.apache.hadoop.ozone.protocol.proto.OzoneManagerProtocolProtos$OzoneManagerService$2.callBlockingMethod(OzoneManagerProtocolProtos.java) [ozone-interface-client-1.4.0-SNAPSHOT.jar:?]
	at org.apache.hadoop.ipc.ProtobufRpcEngine$Server.processCall(ProtobufRpcEngine.java:484) [hadoop-common-3.3.6.jar:?]
	at org.apache.hadoop.ipc.ProtobufRpcEngine2$Server$ProtoBufRpcInvoker.call(ProtobufRpcEngine2.java:595) [hadoop-common-3.3.6.jar:?]
	at org.apache.hadoop.ipc.ProtobufRpcEngine2$Server$ProtoBufRpcInvoker.call(ProtobufRpcEngine2.java:573) [hadoop-common-3.3.6.jar:?]
	at org.apache.hadoop.ipc.RPC$Server.call(RPC.java:1227) [hadoop-common-3.3.6.jar:?]
	at org.apache.hadoop.ipc.Server$RpcCall.run(Server.java:1094) [hadoop-common-3.3.6.jar:?]
	at org.apache.hadoop.ipc.Server$RpcCall.run(Server.java:1017) [hadoop-common-3.3.6.jar:?]
	at java.security.AccessController.doPrivileged(Native Method) ~[?:1.8.0_382]
	at javax.security.auth.Subject.doAs(Subject.java:422) [?:1.8.0_382]
	at org.apache.hadoop.security.UserGroupInformation.doAs(UserGroupInformation.java:1899) [hadoop-common-3.3.6.jar:?]
	at org.apache.hadoop.ipc.Server$Handler.run(Server.java:3048) [hadoop-common-3.3.6.jar:?]
17:57:04.594 [IPC Server handler 11 on default port 15004] ERROR OMAudit - user=runner | ip=127.0.0.1 | op=GET_FILE_STATUS {volume=volume17462, bucket=bucket10490, key=.Trash, dataSize=0, replicationConfig=null} | ret=FAILURE
org.apache.hadoop.ozone.om.exceptions.OMException: Unable to get file status: volume: volume17462 bucket: bucket10490 key: .Trash
	at org.apache.hadoop.ozone.om.KeyManagerImpl.getOzoneFileStatusFSO(KeyManagerImpl.java:1327) ~[ozone-manager-1.4.0-SNAPSHOT.jar:?]
	at org.apache.hadoop.ozone.om.KeyManagerImpl.getFileStatus(KeyManagerImpl.java:1111) ~[ozone-manager-1.4.0-SNAPSHOT.jar:?]
	at org.apache.hadoop.ozone.om.OmMetadataReader.getFileStatus(OmMetadataReader.java:262) ~[ozone-manager-1.4.0-SNAPSHOT.jar:?]
	at org.apache.hadoop.ozone.om.OzoneManager.getFileStatus(OzoneManager.java:3533) ~[ozone-manager-1.4.0-SNAPSHOT.jar:?]
	at org.apache.hadoop.ozone.protocolPB.OzoneManagerRequestHandler.getOzoneFileStatus(OzoneManagerRequestHandler.java:971) ~[ozone-manager-1.4.0-SNAPSHOT.jar:?]
	at org.apache.hadoop.ozone.protocolPB.OzoneManagerRequestHandler.handleReadRequest(OzoneManagerRequestHandler.java:250) ~[ozone-manager-1.4.0-SNAPSHOT.jar:?]
	at org.apache.hadoop.ozone.protocolPB.OzoneManagerProtocolServerSideTranslatorPB.submitReadRequestToOM(OzoneManagerProtocolServerSideTranslatorPB.java:225) ~[ozone-manager-1.4.0-SNAPSHOT.jar:?]
	at org.apache.hadoop.ozone.protocolPB.OzoneManagerProtocolServerSideTranslatorPB.processRequest(OzoneManagerProtocolServerSideTranslatorPB.java:179) ~[ozone-manager-1.4.0-SNAPSHOT.jar:?]
	at org.apache.hadoop.hdds.server.OzoneProtocolMessageDispatcher.processRequest(OzoneProtocolMessageDispatcher.java:87) [hdds-server-framework-1.4.0-SNAPSHOT.jar:?]
	at org.apache.hadoop.ozone.protocolPB.OzoneManagerProtocolServerSideTranslatorPB.submitRequest(OzoneManagerProtocolServerSideTranslatorPB.java:148) [ozone-manager-1.4.0-SNAPSHOT.jar:?]
	at org.apache.hadoop.ozone.protocol.proto.OzoneManagerProtocolProtos$OzoneManagerService$2.callBlockingMethod(OzoneManagerProtocolProtos.java) [ozone-interface-client-1.4.0-SNAPSHOT.jar:?]
	at org.apache.hadoop.ipc.ProtobufRpcEngine$Server.processCall(ProtobufRpcEngine.java:484) [hadoop-common-3.3.6.jar:?]
	at org.apache.hadoop.ipc.ProtobufRpcEngine2$Server$ProtoBufRpcInvoker.call(ProtobufRpcEngine2.java:595) [hadoop-common-3.3.6.jar:?]
	at org.apache.hadoop.ipc.ProtobufRpcEngine2$Server$ProtoBufRpcInvoker.call(ProtobufRpcEngine2.java:573) [hadoop-common-3.3.6.jar:?]
	at org.apache.hadoop.ipc.RPC$Server.call(RPC.java:1227) [hadoop-common-3.3.6.jar:?]
	at org.apache.hadoop.ipc.Server$RpcCall.run(Server.java:1094) [hadoop-common-3.3.6.jar:?]
	at org.apache.hadoop.ipc.Server$RpcCall.run(Server.java:1017) [hadoop-common-3.3.6.jar:?]
	at java.security.AccessController.doPrivileged(Native Method) ~[?:1.8.0_382]
	at javax.security.auth.Subject.doAs(Subject.java:422) [?:1.8.0_382]
	at org.apache.hadoop.security.UserGroupInformation.doAs(UserGroupInformation.java:1899) [hadoop-common-3.3.6.jar:?]
	at org.apache.hadoop.ipc.Server$Handler.run(Server.java:3048) [hadoop-common-3.3.6.jar:?]
17:57:04.642 [IPC Server handler 16 on default port 15004] ERROR OMAudit - user=runner | ip=127.0.0.1 | op=GET_FILE_STATUS {volume=d3cd1d53-5352-4a63-83e3-0635902e1dec, bucket=68f472f7-29a8-4ac1-9844-a36852264564, key=.Trash, dataSize=0, replicationConfig=null} | ret=FAILURE
org.apache.hadoop.ozone.om.exceptions.OMException: Unable to get file status: volume: d3cd1d53-5352-4a63-83e3-0635902e1dec bucket: 68f472f7-29a8-4ac1-9844-a36852264564 key: .Trash
	at org.apache.hadoop.ozone.om.KeyManagerImpl.getOzoneFileStatus(KeyManagerImpl.java:1195) ~[ozone-manager-1.4.0-SNAPSHOT.jar:?]
	at org.apache.hadoop.ozone.om.KeyManagerImpl.getFileStatus(KeyManagerImpl.java:1113) ~[ozone-manager-1.4.0-SNAPSHOT.jar:?]
	at org.apache.hadoop.ozone.om.OmMetadataReader.getFileStatus(OmMetadataReader.java:262) ~[ozone-manager-1.4.0-SNAPSHOT.jar:?]
	at org.apache.hadoop.ozone.om.OzoneManager.getFileStatus(OzoneManager.java:3533) ~[ozone-manager-1.4.0-SNAPSHOT.jar:?]
	at org.apache.hadoop.ozone.protocolPB.OzoneManagerRequestHandler.getOzoneFileStatus(OzoneManagerRequestHandler.java:971) ~[ozone-manager-1.4.0-SNAPSHOT.jar:?]
	at org.apache.hadoop.ozone.protocolPB.OzoneManagerRequestHandler.handleReadRequest(OzoneManagerRequestHandler.java:250) ~[ozone-manager-1.4.0-SNAPSHOT.jar:?]
	at org.apache.hadoop.ozone.protocolPB.OzoneManagerProtocolServerSideTranslatorPB.submitReadRequestToOM(OzoneManagerProtocolServerSideTranslatorPB.java:225) ~[ozone-manager-1.4.0-SNAPSHOT.jar:?]
	at org.apache.hadoop.ozone.protocolPB.OzoneManagerProtocolServerSideTranslatorPB.processRequest(OzoneManagerProtocolServerSideTranslatorPB.java:179) ~[ozone-manager-1.4.0-SNAPSHOT.jar:?]
	at org.apache.hadoop.hdds.server.OzoneProtocolMessageDispatcher.processRequest(OzoneProtocolMessageDispatcher.java:87) [hdds-server-framework-1.4.0-SNAPSHOT.jar:?]
	at org.apache.hadoop.ozone.protocolPB.OzoneManagerProtocolServerSideTranslatorPB.submitRequest(OzoneManagerProtocolServerSideTranslatorPB.java:148) [ozone-manager-1.4.0-SNAPSHOT.jar:?]
	at org.apache.hadoop.ozone.protocol.proto.OzoneManagerProtocolProtos$OzoneManagerService$2.callBlockingMethod(OzoneManagerProtocolProtos.java) [ozone-interface-client-1.4.0-SNAPSHOT.jar:?]
	at org.apache.hadoop.ipc.ProtobufRpcEngine$Server.processCall(ProtobufRpcEngine.java:484) [hadoop-common-3.3.6.jar:?]
	at org.apache.hadoop.ipc.ProtobufRpcEngine2$Server$ProtoBufRpcInvoker.call(ProtobufRpcEngine2.java:595) [hadoop-common-3.3.6.jar:?]
	at org.apache.hadoop.ipc.ProtobufRpcEngine2$Server$ProtoBufRpcInvoker.call(ProtobufRpcEngine2.java:573) [hadoop-common-3.3.6.jar:?]
	at org.apache.hadoop.ipc.RPC$Server.call(RPC.java:1227) [hadoop-common-3.3.6.jar:?]
	at org.apache.hadoop.ipc.Server$RpcCall.run(Server.java:1094) [hadoop-common-3.3.6.jar:?]
	at org.apache.hadoop.ipc.Server$RpcCall.run(Server.java:1017) [hadoop-common-3.3.6.jar:?]
	at java.security.AccessController.doPrivileged(Native Method) ~[?:1.8.0_382]
	at javax.security.auth.Subject.doAs(Subject.java:422) [?:1.8.0_382]
	at org.apache.hadoop.security.UserGroupInformation.doAs(UserGroupInformation.java:1899) [hadoop-common-3.3.6.jar:?]
	at org.apache.hadoop.ipc.Server$Handler.run(Server.java:3048) [hadoop-common-3.3.6.jar:?]
17:57:04.647 [IPC Server handler 1 on default port 15004] ERROR OMAudit - user=runner | ip=127.0.0.1 | op=GET_FILE_STATUS {volume=volume17462, bucket=bucket10490, key=.Trash, dataSize=0, replicationConfig=null} | ret=FAILURE
org.apache.hadoop.ozone.om.exceptions.OMException: Unable to get file status: volume: volume17462 bucket: bucket10490 key: .Trash
	at org.apache.hadoop.ozone.om.KeyManagerImpl.getOzoneFileStatusFSO(KeyManagerImpl.java:1327) ~[ozone-manager-1.4.0-SNAPSHOT.jar:?]
	at org.apache.hadoop.ozone.om.KeyManagerImpl.getFileStatus(KeyManagerImpl.java:1111) ~[ozone-manager-1.4.0-SNAPSHOT.jar:?]
	at org.apache.hadoop.ozone.om.OmMetadataReader.getFileStatus(OmMetadataReader.java:262) ~[ozone-manager-1.4.0-SNAPSHOT.jar:?]
	at org.apache.hadoop.ozone.om.OzoneManager.getFileStatus(OzoneManager.java:3533) ~[ozone-manager-1.4.0-SNAPSHOT.jar:?]
	at org.apache.hadoop.ozone.protocolPB.OzoneManagerRequestHandler.getOzoneFileStatus(OzoneManagerRequestHandler.java:971) ~[ozone-manager-1.4.0-SNAPSHOT.jar:?]
	at org.apache.hadoop.ozone.protocolPB.OzoneManagerRequestHandler.handleReadRequest(OzoneManagerRequestHandler.java:250) ~[ozone-manager-1.4.0-SNAPSHOT.jar:?]
	at org.apache.hadoop.ozone.protocolPB.OzoneManagerProtocolServerSideTranslatorPB.submitReadRequestToOM(OzoneManagerProtocolServerSideTranslatorPB.java:225) ~[ozone-manager-1.4.0-SNAPSHOT.jar:?]
	at org.apache.hadoop.ozone.protocolPB.OzoneManagerProtocolServerSideTranslatorPB.processRequest(OzoneManagerProtocolServerSideTranslatorPB.java:179) ~[ozone-manager-1.4.0-SNAPSHOT.jar:?]
	at org.apache.hadoop.hdds.server.OzoneProtocolMessageDispatcher.processRequest(OzoneProtocolMessageDispatcher.java:87) [hdds-server-framework-1.4.0-SNAPSHOT.jar:?]
	at org.apache.hadoop.ozone.protocolPB.OzoneManagerProtocolServerSideTranslatorPB.submitRequest(OzoneManagerProtocolServerSideTranslatorPB.java:148) [ozone-manager-1.4.0-SNAPSHOT.jar:?]
	at org.apache.hadoop.ozone.protocol.proto.OzoneManagerProtocolProtos$OzoneManagerService$2.callBlockingMethod(OzoneManagerProtocolProtos.java) [ozone-interface-client-1.4.0-SNAPSHOT.jar:?]
	at org.apache.hadoop.ipc.ProtobufRpcEngine$Server.processCall(ProtobufRpcEngine.java:484) [hadoop-common-3.3.6.jar:?]
	at org.apache.hadoop.ipc.ProtobufRpcEngine2$Server$ProtoBufRpcInvoker.call(ProtobufRpcEngine2.java:595) [hadoop-common-3.3.6.jar:?]
	at org.apache.hadoop.ipc.ProtobufRpcEngine2$Server$ProtoBufRpcInvoker.call(ProtobufRpcEngine2.java:573) [hadoop-common-3.3.6.jar:?]
	at org.apache.hadoop.ipc.RPC$Server.call(RPC.java:1227) [hadoop-common-3.3.6.jar:?]
	at org.apache.hadoop.ipc.Server$RpcCall.run(Server.java:1094) [hadoop-common-3.3.6.jar:?]
	at org.apache.hadoop.ipc.Server$RpcCall.run(Server.java:1017) [hadoop-common-3.3.6.jar:?]
	at java.security.AccessController.doPrivileged(Native Method) ~[?:1.8.0_382]
	at javax.security.auth.Subject.doAs(Subject.java:422) [?:1.8.0_382]
	at org.apache.hadoop.security.UserGroupInformation.doAs(UserGroupInformation.java:1899) [hadoop-common-3.3.6.jar:?]
	at org.apache.hadoop.ipc.Server$Handler.run(Server.java:3048) [hadoop-common-3.3.6.jar:?]
2023-09-25 17:57:04,680 [Time-limited test] INFO  rpc.RpcClient (RpcClient.java:createVolume(461)) - Creating Volume: volume98723, with user73872 as owner and space quota set to -1 bytes, counts quota set to -1
2023-09-25 17:57:04,685 [OM StateMachine ApplyTransaction Thread - 0] INFO  volume.OMVolumeCreateRequest (OMVolumeCreateRequest.java:validateAndUpdateCache(196)) - created volume:volume98723 for user:user73872
2023-09-25 17:57:04,686 [Time-limited test] INFO  rpc.RpcClient (RpcClient.java:createBucket(688)) - Creating Bucket: volume98723/bucket03581, with bucket layout FILE_SYSTEM_OPTIMIZED, runner as owner, Versioning false, Storage Type set to DISK and Encryption set to false, Replication Type set to server-side default replication type, Namespace Quota set to -1, Space Quota set to -1 
2023-09-25 17:57:04,688 [OM StateMachine ApplyTransaction Thread - 0] INFO  bucket.OMBucketCreateRequest (OMBucketCreateRequest.java:validateAndUpdateCache(270)) - created bucket: bucket03581 of layout FILE_SYSTEM_OPTIMIZED in volume: volume98723
17:57:04.727 [IPC Server handler 16 on default port 15004] ERROR OMAudit - user=runner | ip=127.0.0.1 | op=GET_FILE_STATUS {volume=d3cd1d53-5352-4a63-83e3-0635902e1dec, bucket=68f472f7-29a8-4ac1-9844-a36852264564, key=.Trash, dataSize=0, replicationConfig=null} | ret=FAILURE
org.apache.hadoop.ozone.om.exceptions.OMException: Unable to get file status: volume: d3cd1d53-5352-4a63-83e3-0635902e1dec bucket: 68f472f7-29a8-4ac1-9844-a36852264564 key: .Trash
	at org.apache.hadoop.ozone.om.KeyManagerImpl.getOzoneFileStatus(KeyManagerImpl.java:1195) ~[ozone-manager-1.4.0-SNAPSHOT.jar:?]
	at org.apache.hadoop.ozone.om.KeyManagerImpl.getFileStatus(KeyManagerImpl.java:1113) ~[ozone-manager-1.4.0-SNAPSHOT.jar:?]
	at org.apache.hadoop.ozone.om.OmMetadataReader.getFileStatus(OmMetadataReader.java:262) ~[ozone-manager-1.4.0-SNAPSHOT.jar:?]
	at org.apache.hadoop.ozone.om.OzoneManager.getFileStatus(OzoneManager.java:3533) ~[ozone-manager-1.4.0-SNAPSHOT.jar:?]
	at org.apache.hadoop.ozone.protocolPB.OzoneManagerRequestHandler.getOzoneFileStatus(OzoneManagerRequestHandler.java:971) ~[ozone-manager-1.4.0-SNAPSHOT.jar:?]
	at org.apache.hadoop.ozone.protocolPB.OzoneManagerRequestHandler.handleReadRequest(OzoneManagerRequestHandler.java:250) ~[ozone-manager-1.4.0-SNAPSHOT.jar:?]
	at org.apache.hadoop.ozone.protocolPB.OzoneManagerProtocolServerSideTranslatorPB.submitReadRequestToOM(OzoneManagerProtocolServerSideTranslatorPB.java:225) ~[ozone-manager-1.4.0-SNAPSHOT.jar:?]
	at org.apache.hadoop.ozone.protocolPB.OzoneManagerProtocolServerSideTranslatorPB.processRequest(OzoneManagerProtocolServerSideTranslatorPB.java:179) ~[ozone-manager-1.4.0-SNAPSHOT.jar:?]
	at org.apache.hadoop.hdds.server.OzoneProtocolMessageDispatcher.processRequest(OzoneProtocolMessageDispatcher.java:87) [hdds-server-framework-1.4.0-SNAPSHOT.jar:?]
	at org.apache.hadoop.ozone.protocolPB.OzoneManagerProtocolServerSideTranslatorPB.submitRequest(OzoneManagerProtocolServerSideTranslatorPB.java:148) [ozone-manager-1.4.0-SNAPSHOT.jar:?]
	at org.apache.hadoop.ozone.protocol.proto.OzoneManagerProtocolProtos$OzoneManagerService$2.callBlockingMethod(OzoneManagerProtocolProtos.java) [ozone-interface-client-1.4.0-SNAPSHOT.jar:?]
	at org.apache.hadoop.ipc.ProtobufRpcEngine$Server.processCall(ProtobufRpcEngine.java:484) [hadoop-common-3.3.6.jar:?]
	at org.apache.hadoop.ipc.ProtobufRpcEngine2$Server$ProtoBufRpcInvoker.call(ProtobufRpcEngine2.java:595) [hadoop-common-3.3.6.jar:?]
	at org.apache.hadoop.ipc.ProtobufRpcEngine2$Server$ProtoBufRpcInvoker.call(ProtobufRpcEngine2.java:573) [hadoop-common-3.3.6.jar:?]
	at org.apache.hadoop.ipc.RPC$Server.call(RPC.java:1227) [hadoop-common-3.3.6.jar:?]
	at org.apache.hadoop.ipc.Server$RpcCall.run(Server.java:1094) [hadoop-common-3.3.6.jar:?]
	at org.apache.hadoop.ipc.Server$RpcCall.run(Server.java:1017) [hadoop-common-3.3.6.jar:?]
	at java.security.AccessController.doPrivileged(Native Method) ~[?:1.8.0_382]
	at javax.security.auth.Subject.doAs(Subject.java:422) [?:1.8.0_382]
	at org.apache.hadoop.security.UserGroupInformation.doAs(UserGroupInformation.java:1899) [hadoop-common-3.3.6.jar:?]
	at org.apache.hadoop.ipc.Server$Handler.run(Server.java:3048) [hadoop-common-3.3.6.jar:?]
17:57:04.731 [IPC Server handler 1 on default port 15004] ERROR OMAudit - user=runner | ip=127.0.0.1 | op=GET_FILE_STATUS {volume=volume17462, bucket=bucket10490, key=.Trash, dataSize=0, replicationConfig=null} | ret=FAILURE
org.apache.hadoop.ozone.om.exceptions.OMException: Unable to get file status: volume: volume17462 bucket: bucket10490 key: .Trash
	at org.apache.hadoop.ozone.om.KeyManagerImpl.getOzoneFileStatusFSO(KeyManagerImpl.java:1327) ~[ozone-manager-1.4.0-SNAPSHOT.jar:?]
	at org.apache.hadoop.ozone.om.KeyManagerImpl.getFileStatus(KeyManagerImpl.java:1111) ~[ozone-manager-1.4.0-SNAPSHOT.jar:?]
	at org.apache.hadoop.ozone.om.OmMetadataReader.getFileStatus(OmMetadataReader.java:262) ~[ozone-manager-1.4.0-SNAPSHOT.jar:?]
	at org.apache.hadoop.ozone.om.OzoneManager.getFileStatus(OzoneManager.java:3533) ~[ozone-manager-1.4.0-SNAPSHOT.jar:?]
	at org.apache.hadoop.ozone.protocolPB.OzoneManagerRequestHandler.getOzoneFileStatus(OzoneManagerRequestHandler.java:971) ~[ozone-manager-1.4.0-SNAPSHOT.jar:?]
	at org.apache.hadoop.ozone.protocolPB.OzoneManagerRequestHandler.handleReadRequest(OzoneManagerRequestHandler.java:250) ~[ozone-manager-1.4.0-SNAPSHOT.jar:?]
	at org.apache.hadoop.ozone.protocolPB.OzoneManagerProtocolServerSideTranslatorPB.submitReadRequestToOM(OzoneManagerProtocolServerSideTranslatorPB.java:225) ~[ozone-manager-1.4.0-SNAPSHOT.jar:?]
	at org.apache.hadoop.ozone.protocolPB.OzoneManagerProtocolServerSideTranslatorPB.processRequest(OzoneManagerProtocolServerSideTranslatorPB.java:179) ~[ozone-manager-1.4.0-SNAPSHOT.jar:?]
	at org.apache.hadoop.hdds.server.OzoneProtocolMessageDispatcher.processRequest(OzoneProtocolMessageDispatcher.java:87) [hdds-server-framework-1.4.0-SNAPSHOT.jar:?]
	at org.apache.hadoop.ozone.protocolPB.OzoneManagerProtocolServerSideTranslatorPB.submitRequest(OzoneManagerProtocolServerSideTranslatorPB.java:148) [ozone-manager-1.4.0-SNAPSHOT.jar:?]
	at org.apache.hadoop.ozone.protocol.proto.OzoneManagerProtocolProtos$OzoneManagerService$2.callBlockingMethod(OzoneManagerProtocolProtos.java) [ozone-interface-client-1.4.0-SNAPSHOT.jar:?]
	at org.apache.hadoop.ipc.ProtobufRpcEngine$Server.processCall(ProtobufRpcEngine.java:484) [hadoop-common-3.3.6.jar:?]
	at org.apache.hadoop.ipc.ProtobufRpcEngine2$Server$ProtoBufRpcInvoker.call(ProtobufRpcEngine2.java:595) [hadoop-common-3.3.6.jar:?]
	at org.apache.hadoop.ipc.ProtobufRpcEngine2$Server$ProtoBufRpcInvoker.call(ProtobufRpcEngine2.java:573) [hadoop-common-3.3.6.jar:?]
	at org.apache.hadoop.ipc.RPC$Server.call(RPC.java:1227) [hadoop-common-3.3.6.jar:?]
	at org.apache.hadoop.ipc.Server$RpcCall.run(Server.java:1094) [hadoop-common-3.3.6.jar:?]
	at org.apache.hadoop.ipc.Server$RpcCall.run(Server.java:1017) [hadoop-common-3.3.6.jar:?]
	at java.security.AccessController.doPrivileged(Native Method) ~[?:1.8.0_382]
	at javax.security.auth.Subject.doAs(Subject.java:422) [?:1.8.0_382]
	at org.apache.hadoop.security.UserGroupInformation.doAs(UserGroupInformation.java:1899) [hadoop-common-3.3.6.jar:?]
	at org.apache.hadoop.ipc.Server$Handler.run(Server.java:3048) [hadoop-common-3.3.6.jar:?]
17:57:04.781 [IPC Server handler 5 on default port 15004] ERROR OMAudit - user=runner | ip=127.0.0.1 | op=GET_FILE_STATUS {volume=d3cd1d53-5352-4a63-83e3-0635902e1dec, bucket=68f472f7-29a8-4ac1-9844-a36852264564, key=.Trash, dataSize=0, replicationConfig=null} | ret=FAILURE
org.apache.hadoop.ozone.om.exceptions.OMException: Unable to get file status: volume: d3cd1d53-5352-4a63-83e3-0635902e1dec bucket: 68f472f7-29a8-4ac1-9844-a36852264564 key: .Trash
	at org.apache.hadoop.ozone.om.KeyManagerImpl.getOzoneFileStatus(KeyManagerImpl.java:1195) ~[ozone-manager-1.4.0-SNAPSHOT.jar:?]
	at org.apache.hadoop.ozone.om.KeyManagerImpl.getFileStatus(KeyManagerImpl.java:1113) ~[ozone-manager-1.4.0-SNAPSHOT.jar:?]
	at org.apache.hadoop.ozone.om.OmMetadataReader.getFileStatus(OmMetadataReader.java:262) ~[ozone-manager-1.4.0-SNAPSHOT.jar:?]
	at org.apache.hadoop.ozone.om.OzoneManager.getFileStatus(OzoneManager.java:3533) ~[ozone-manager-1.4.0-SNAPSHOT.jar:?]
	at org.apache.hadoop.ozone.protocolPB.OzoneManagerRequestHandler.getOzoneFileStatus(OzoneManagerRequestHandler.java:971) ~[ozone-manager-1.4.0-SNAPSHOT.jar:?]
	at org.apache.hadoop.ozone.protocolPB.OzoneManagerRequestHandler.handleReadRequest(OzoneManagerRequestHandler.java:250) ~[ozone-manager-1.4.0-SNAPSHOT.jar:?]
	at org.apache.hadoop.ozone.protocolPB.OzoneManagerProtocolServerSideTranslatorPB.submitReadRequestToOM(OzoneManagerProtocolServerSideTranslatorPB.java:225) ~[ozone-manager-1.4.0-SNAPSHOT.jar:?]
	at org.apache.hadoop.ozone.protocolPB.OzoneManagerProtocolServerSideTranslatorPB.processRequest(OzoneManagerProtocolServerSideTranslatorPB.java:179) ~[ozone-manager-1.4.0-SNAPSHOT.jar:?]
	at org.apache.hadoop.hdds.server.OzoneProtocolMessageDispatcher.processRequest(OzoneProtocolMessageDispatcher.java:87) [hdds-server-framework-1.4.0-SNAPSHOT.jar:?]
	at org.apache.hadoop.ozone.protocolPB.OzoneManagerProtocolServerSideTranslatorPB.submitRequest(OzoneManagerProtocolServerSideTranslatorPB.java:148) [ozone-manager-1.4.0-SNAPSHOT.jar:?]
	at org.apache.hadoop.ozone.protocol.proto.OzoneManagerProtocolProtos$OzoneManagerService$2.callBlockingMethod(OzoneManagerProtocolProtos.java) [ozone-interface-client-1.4.0-SNAPSHOT.jar:?]
	at org.apache.hadoop.ipc.ProtobufRpcEngine$Server.processCall(ProtobufRpcEngine.java:484) [hadoop-common-3.3.6.jar:?]
	at org.apache.hadoop.ipc.ProtobufRpcEngine2$Server$ProtoBufRpcInvoker.call(ProtobufRpcEngine2.java:595) [hadoop-common-3.3.6.jar:?]
	at org.apache.hadoop.ipc.ProtobufRpcEngine2$Server$ProtoBufRpcInvoker.call(ProtobufRpcEngine2.java:573) [hadoop-common-3.3.6.jar:?]
	at org.apache.hadoop.ipc.RPC$Server.call(RPC.java:1227) [hadoop-common-3.3.6.jar:?]
	at org.apache.hadoop.ipc.Server$RpcCall.run(Server.java:1094) [hadoop-common-3.3.6.jar:?]
	at org.apache.hadoop.ipc.Server$RpcCall.run(Server.java:1017) [hadoop-common-3.3.6.jar:?]
	at java.security.AccessController.doPrivileged(Native Method) ~[?:1.8.0_382]
	at javax.security.auth.Subject.doAs(Subject.java:422) [?:1.8.0_382]
	at org.apache.hadoop.security.UserGroupInformation.doAs(UserGroupInformation.java:1899) [hadoop-common-3.3.6.jar:?]
	at org.apache.hadoop.ipc.Server$Handler.run(Server.java:3048) [hadoop-common-3.3.6.jar:?]
17:57:04.787 [IPC Server handler 7 on default port 15004] ERROR OMAudit - user=runner | ip=127.0.0.1 | op=GET_FILE_STATUS {volume=volume17462, bucket=bucket10490, key=.Trash, dataSize=0, replicationConfig=null} | ret=FAILURE
org.apache.hadoop.ozone.om.exceptions.OMException: Unable to get file status: volume: volume17462 bucket: bucket10490 key: .Trash
	at org.apache.hadoop.ozone.om.KeyManagerImpl.getOzoneFileStatusFSO(KeyManagerImpl.java:1327) ~[ozone-manager-1.4.0-SNAPSHOT.jar:?]
	at org.apache.hadoop.ozone.om.KeyManagerImpl.getFileStatus(KeyManagerImpl.java:1111) ~[ozone-manager-1.4.0-SNAPSHOT.jar:?]
	at org.apache.hadoop.ozone.om.OmMetadataReader.getFileStatus(OmMetadataReader.java:262) ~[ozone-manager-1.4.0-SNAPSHOT.jar:?]
	at org.apache.hadoop.ozone.om.OzoneManager.getFileStatus(OzoneManager.java:3533) ~[ozone-manager-1.4.0-SNAPSHOT.jar:?]
	at org.apache.hadoop.ozone.protocolPB.OzoneManagerRequestHandler.getOzoneFileStatus(OzoneManagerRequestHandler.java:971) ~[ozone-manager-1.4.0-SNAPSHOT.jar:?]
	at org.apache.hadoop.ozone.protocolPB.OzoneManagerRequestHandler.handleReadRequest(OzoneManagerRequestHandler.java:250) ~[ozone-manager-1.4.0-SNAPSHOT.jar:?]
	at org.apache.hadoop.ozone.protocolPB.OzoneManagerProtocolServerSideTranslatorPB.submitReadRequestToOM(OzoneManagerProtocolServerSideTranslatorPB.java:225) ~[ozone-manager-1.4.0-SNAPSHOT.jar:?]
	at org.apache.hadoop.ozone.protocolPB.OzoneManagerProtocolServerSideTranslatorPB.processRequest(OzoneManagerProtocolServerSideTranslatorPB.java:179) ~[ozone-manager-1.4.0-SNAPSHOT.jar:?]
	at org.apache.hadoop.hdds.server.OzoneProtocolMessageDispatcher.processRequest(OzoneProtocolMessageDispatcher.java:87) [hdds-server-framework-1.4.0-SNAPSHOT.jar:?]
	at org.apache.hadoop.ozone.protocolPB.OzoneManagerProtocolServerSideTranslatorPB.submitRequest(OzoneManagerProtocolServerSideTranslatorPB.java:148) [ozone-manager-1.4.0-SNAPSHOT.jar:?]
	at org.apache.hadoop.ozone.protocol.proto.OzoneManagerProtocolProtos$OzoneManagerService$2.callBlockingMethod(OzoneManagerProtocolProtos.java) [ozone-interface-client-1.4.0-SNAPSHOT.jar:?]
	at org.apache.hadoop.ipc.ProtobufRpcEngine$Server.processCall(ProtobufRpcEngine.java:484) [hadoop-common-3.3.6.jar:?]
	at org.apache.hadoop.ipc.ProtobufRpcEngine2$Server$ProtoBufRpcInvoker.call(ProtobufRpcEngine2.java:595) [hadoop-common-3.3.6.jar:?]
	at org.apache.hadoop.ipc.ProtobufRpcEngine2$Server$ProtoBufRpcInvoker.call(ProtobufRpcEngine2.java:573) [hadoop-common-3.3.6.jar:?]
	at org.apache.hadoop.ipc.RPC$Server.call(RPC.java:1227) [hadoop-common-3.3.6.jar:?]
	at org.apache.hadoop.ipc.Server$RpcCall.run(Server.java:1094) [hadoop-common-3.3.6.jar:?]
	at org.apache.hadoop.ipc.Server$RpcCall.run(Server.java:1017) [hadoop-common-3.3.6.jar:?]
	at java.security.AccessController.doPrivileged(Native Method) ~[?:1.8.0_382]
	at javax.security.auth.Subject.doAs(Subject.java:422) [?:1.8.0_382]
	at org.apache.hadoop.security.UserGroupInformation.doAs(UserGroupInformation.java:1899) [hadoop-common-3.3.6.jar:?]
	at org.apache.hadoop.ipc.Server$Handler.run(Server.java:3048) [hadoop-common-3.3.6.jar:?]
17:57:04.821 [IPC Server handler 1 on default port 15004] ERROR OMAudit - user=runner | ip=127.0.0.1 | op=GET_FILE_STATUS {volume=volume98723, bucket=bucket03581, key=.Trash/runner, dataSize=0, replicationConfig=null} | ret=FAILURE
org.apache.hadoop.ozone.om.exceptions.OMException: Unable to get file status: volume: volume98723 bucket: bucket03581 key: .Trash/runner
	at org.apache.hadoop.ozone.om.KeyManagerImpl.getOzoneFileStatusFSO(KeyManagerImpl.java:1327) ~[ozone-manager-1.4.0-SNAPSHOT.jar:?]
	at org.apache.hadoop.ozone.om.KeyManagerImpl.getFileStatus(KeyManagerImpl.java:1111) ~[ozone-manager-1.4.0-SNAPSHOT.jar:?]
	at org.apache.hadoop.ozone.om.OmMetadataReader.getFileStatus(OmMetadataReader.java:262) ~[ozone-manager-1.4.0-SNAPSHOT.jar:?]
	at org.apache.hadoop.ozone.om.OzoneManager.getFileStatus(OzoneManager.java:3533) ~[ozone-manager-1.4.0-SNAPSHOT.jar:?]
	at org.apache.hadoop.ozone.protocolPB.OzoneManagerRequestHandler.getOzoneFileStatus(OzoneManagerRequestHandler.java:971) ~[ozone-manager-1.4.0-SNAPSHOT.jar:?]
	at org.apache.hadoop.ozone.protocolPB.OzoneManagerRequestHandler.handleReadRequest(OzoneManagerRequestHandler.java:250) ~[ozone-manager-1.4.0-SNAPSHOT.jar:?]
	at org.apache.hadoop.ozone.protocolPB.OzoneManagerProtocolServerSideTranslatorPB.submitReadRequestToOM(OzoneManagerProtocolServerSideTranslatorPB.java:225) ~[ozone-manager-1.4.0-SNAPSHOT.jar:?]
	at org.apache.hadoop.ozone.protocolPB.OzoneManagerProtocolServerSideTranslatorPB.processRequest(OzoneManagerProtocolServerSideTranslatorPB.java:179) ~[ozone-manager-1.4.0-SNAPSHOT.jar:?]
	at org.apache.hadoop.hdds.server.OzoneProtocolMessageDispatcher.processRequest(OzoneProtocolMessageDispatcher.java:87) [hdds-server-framework-1.4.0-SNAPSHOT.jar:?]
	at org.apache.hadoop.ozone.protocolPB.OzoneManagerProtocolServerSideTranslatorPB.submitRequest(OzoneManagerProtocolServerSideTranslatorPB.java:148) [ozone-manager-1.4.0-SNAPSHOT.jar:?]
	at org.apache.hadoop.ozone.protocol.proto.OzoneManagerProtocolProtos$OzoneManagerService$2.callBlockingMethod(OzoneManagerProtocolProtos.java) [ozone-interface-client-1.4.0-SNAPSHOT.jar:?]
	at org.apache.hadoop.ipc.ProtobufRpcEngine$Server.processCall(ProtobufRpcEngine.java:484) [hadoop-common-3.3.6.jar:?]
	at org.apache.hadoop.ipc.ProtobufRpcEngine2$Server$ProtoBufRpcInvoker.call(ProtobufRpcEngine2.java:595) [hadoop-common-3.3.6.jar:?]
	at org.apache.hadoop.ipc.ProtobufRpcEngine2$Server$ProtoBufRpcInvoker.call(ProtobufRpcEngine2.java:573) [hadoop-common-3.3.6.jar:?]
	at org.apache.hadoop.ipc.RPC$Server.call(RPC.java:1227) [hadoop-common-3.3.6.jar:?]
	at org.apache.hadoop.ipc.Server$RpcCall.run(Server.java:1094) [hadoop-common-3.3.6.jar:?]
	at org.apache.hadoop.ipc.Server$RpcCall.run(Server.java:1017) [hadoop-common-3.3.6.jar:?]
	at java.security.AccessController.doPrivileged(Native Method) ~[?:1.8.0_382]
	at javax.security.auth.Subject.doAs(Subject.java:422) [?:1.8.0_382]
	at org.apache.hadoop.security.UserGroupInformation.doAs(UserGroupInformation.java:1899) [hadoop-common-3.3.6.jar:?]
	at org.apache.hadoop.ipc.Server$Handler.run(Server.java:3048) [hadoop-common-3.3.6.jar:?]
17:57:04.838 [IPC Server handler 1 on default port 15004] ERROR OMAudit - user=runner | ip=127.0.0.1 | op=GET_FILE_STATUS {volume=d3cd1d53-5352-4a63-83e3-0635902e1dec, bucket=68f472f7-29a8-4ac1-9844-a36852264564, key=.Trash, dataSize=0, replicationConfig=null} | ret=FAILURE
org.apache.hadoop.ozone.om.exceptions.OMException: Unable to get file status: volume: d3cd1d53-5352-4a63-83e3-0635902e1dec bucket: 68f472f7-29a8-4ac1-9844-a36852264564 key: .Trash
	at org.apache.hadoop.ozone.om.KeyManagerImpl.getOzoneFileStatus(KeyManagerImpl.java:1195) ~[ozone-manager-1.4.0-SNAPSHOT.jar:?]
	at org.apache.hadoop.ozone.om.KeyManagerImpl.getFileStatus(KeyManagerImpl.java:1113) ~[ozone-manager-1.4.0-SNAPSHOT.jar:?]
	at org.apache.hadoop.ozone.om.OmMetadataReader.getFileStatus(OmMetadataReader.java:262) ~[ozone-manager-1.4.0-SNAPSHOT.jar:?]
	at org.apache.hadoop.ozone.om.OzoneManager.getFileStatus(OzoneManager.java:3533) ~[ozone-manager-1.4.0-SNAPSHOT.jar:?]
	at org.apache.hadoop.ozone.protocolPB.OzoneManagerRequestHandler.getOzoneFileStatus(OzoneManagerRequestHandler.java:971) ~[ozone-manager-1.4.0-SNAPSHOT.jar:?]
	at org.apache.hadoop.ozone.protocolPB.OzoneManagerRequestHandler.handleReadRequest(OzoneManagerRequestHandler.java:250) ~[ozone-manager-1.4.0-SNAPSHOT.jar:?]
	at org.apache.hadoop.ozone.protocolPB.OzoneManagerProtocolServerSideTranslatorPB.submitReadRequestToOM(OzoneManagerProtocolServerSideTranslatorPB.java:225) ~[ozone-manager-1.4.0-SNAPSHOT.jar:?]
	at org.apache.hadoop.ozone.protocolPB.OzoneManagerProtocolServerSideTranslatorPB.processRequest(OzoneManagerProtocolServerSideTranslatorPB.java:179) ~[ozone-manager-1.4.0-SNAPSHOT.jar:?]
	at org.apache.hadoop.hdds.server.OzoneProtocolMessageDispatcher.processRequest(OzoneProtocolMessageDispatcher.java:87) [hdds-server-framework-1.4.0-SNAPSHOT.jar:?]
	at org.apache.hadoop.ozone.protocolPB.OzoneManagerProtocolServerSideTranslatorPB.submitRequest(OzoneManagerProtocolServerSideTranslatorPB.java:148) [ozone-manager-1.4.0-SNAPSHOT.jar:?]
	at org.apache.hadoop.ozone.protocol.proto.OzoneManagerProtocolProtos$OzoneManagerService$2.callBlockingMethod(OzoneManagerProtocolProtos.java) [ozone-interface-client-1.4.0-SNAPSHOT.jar:?]
	at org.apache.hadoop.ipc.ProtobufRpcEngine$Server.processCall(ProtobufRpcEngine.java:484) [hadoop-common-3.3.6.jar:?]
	at org.apache.hadoop.ipc.ProtobufRpcEngine2$Server$ProtoBufRpcInvoker.call(ProtobufRpcEngine2.java:595) [hadoop-common-3.3.6.jar:?]
	at org.apache.hadoop.ipc.ProtobufRpcEngine2$Server$ProtoBufRpcInvoker.call(ProtobufRpcEngine2.java:573) [hadoop-common-3.3.6.jar:?]
	at org.apache.hadoop.ipc.RPC$Server.call(RPC.java:1227) [hadoop-common-3.3.6.jar:?]
	at org.apache.hadoop.ipc.Server$RpcCall.run(Server.java:1094) [hadoop-common-3.3.6.jar:?]
	at org.apache.hadoop.ipc.Server$RpcCall.run(Server.java:1017) [hadoop-common-3.3.6.jar:?]
	at java.security.AccessController.doPrivileged(Native Method) ~[?:1.8.0_382]
	at javax.security.auth.Subject.doAs(Subject.java:422) [?:1.8.0_382]
	at org.apache.hadoop.security.UserGroupInformation.doAs(UserGroupInformation.java:1899) [hadoop-common-3.3.6.jar:?]
	at org.apache.hadoop.ipc.Server$Handler.run(Server.java:3048) [hadoop-common-3.3.6.jar:?]
17:57:04.844 [IPC Server handler 6 on default port 15004] ERROR OMAudit - user=runner | ip=127.0.0.1 | op=GET_FILE_STATUS {volume=volume17462, bucket=bucket10490, key=.Trash, dataSize=0, replicationConfig=null} | ret=FAILURE
org.apache.hadoop.ozone.om.exceptions.OMException: Unable to get file status: volume: volume17462 bucket: bucket10490 key: .Trash
	at org.apache.hadoop.ozone.om.KeyManagerImpl.getOzoneFileStatusFSO(KeyManagerImpl.java:1327) ~[ozone-manager-1.4.0-SNAPSHOT.jar:?]
	at org.apache.hadoop.ozone.om.KeyManagerImpl.getFileStatus(KeyManagerImpl.java:1111) ~[ozone-manager-1.4.0-SNAPSHOT.jar:?]
	at org.apache.hadoop.ozone.om.OmMetadataReader.getFileStatus(OmMetadataReader.java:262) ~[ozone-manager-1.4.0-SNAPSHOT.jar:?]
	at org.apache.hadoop.ozone.om.OzoneManager.getFileStatus(OzoneManager.java:3533) ~[ozone-manager-1.4.0-SNAPSHOT.jar:?]
	at org.apache.hadoop.ozone.protocolPB.OzoneManagerRequestHandler.getOzoneFileStatus(OzoneManagerRequestHandler.java:971) ~[ozone-manager-1.4.0-SNAPSHOT.jar:?]
	at org.apache.hadoop.ozone.protocolPB.OzoneManagerRequestHandler.handleReadRequest(OzoneManagerRequestHandler.java:250) ~[ozone-manager-1.4.0-SNAPSHOT.jar:?]
	at org.apache.hadoop.ozone.protocolPB.OzoneManagerProtocolServerSideTranslatorPB.submitReadRequestToOM(OzoneManagerProtocolServerSideTranslatorPB.java:225) ~[ozone-manager-1.4.0-SNAPSHOT.jar:?]
	at org.apache.hadoop.ozone.protocolPB.OzoneManagerProtocolServerSideTranslatorPB.processRequest(OzoneManagerProtocolServerSideTranslatorPB.java:179) ~[ozone-manager-1.4.0-SNAPSHOT.jar:?]
	at org.apache.hadoop.hdds.server.OzoneProtocolMessageDispatcher.processRequest(OzoneProtocolMessageDispatcher.java:87) [hdds-server-framework-1.4.0-SNAPSHOT.jar:?]
	at org.apache.hadoop.ozone.protocolPB.OzoneManagerProtocolServerSideTranslatorPB.submitRequest(OzoneManagerProtocolServerSideTranslatorPB.java:148) [ozone-manager-1.4.0-SNAPSHOT.jar:?]
	at org.apache.hadoop.ozone.protocol.proto.OzoneManagerProtocolProtos$OzoneManagerService$2.callBlockingMethod(OzoneManagerProtocolProtos.java) [ozone-interface-client-1.4.0-SNAPSHOT.jar:?]
	at org.apache.hadoop.ipc.ProtobufRpcEngine$Server.processCall(ProtobufRpcEngine.java:484) [hadoop-common-3.3.6.jar:?]
	at org.apache.hadoop.ipc.ProtobufRpcEngine2$Server$ProtoBufRpcInvoker.call(ProtobufRpcEngine2.java:595) [hadoop-common-3.3.6.jar:?]
	at org.apache.hadoop.ipc.ProtobufRpcEngine2$Server$ProtoBufRpcInvoker.call(ProtobufRpcEngine2.java:573) [hadoop-common-3.3.6.jar:?]
	at org.apache.hadoop.ipc.RPC$Server.call(RPC.java:1227) [hadoop-common-3.3.6.jar:?]
	at org.apache.hadoop.ipc.Server$RpcCall.run(Server.java:1094) [hadoop-common-3.3.6.jar:?]
	at org.apache.hadoop.ipc.Server$RpcCall.run(Server.java:1017) [hadoop-common-3.3.6.jar:?]
	at java.security.AccessController.doPrivileged(Native Method) ~[?:1.8.0_382]
	at javax.security.auth.Subject.doAs(Subject.java:422) [?:1.8.0_382]
	at org.apache.hadoop.security.UserGroupInformation.doAs(UserGroupInformation.java:1899) [hadoop-common-3.3.6.jar:?]
	at org.apache.hadoop.ipc.Server$Handler.run(Server.java:3048) [hadoop-common-3.3.6.jar:?]
17:57:04.861 [IPC Server handler 6 on default port 15004] ERROR OMAudit - user=runner | ip=127.0.0.1 | op=GET_FILE_STATUS {volume=volume98723, bucket=bucket03581, key=.Trash, dataSize=0, replicationConfig=null} | ret=FAILURE
org.apache.hadoop.ozone.om.exceptions.OMException: Unable to get file status: volume: volume98723 bucket: bucket03581 key: .Trash
	at org.apache.hadoop.ozone.om.KeyManagerImpl.getOzoneFileStatusFSO(KeyManagerImpl.java:1327) ~[ozone-manager-1.4.0-SNAPSHOT.jar:?]
	at org.apache.hadoop.ozone.om.KeyManagerImpl.getFileStatus(KeyManagerImpl.java:1111) ~[ozone-manager-1.4.0-SNAPSHOT.jar:?]
	at org.apache.hadoop.ozone.om.OmMetadataReader.getFileStatus(OmMetadataReader.java:262) ~[ozone-manager-1.4.0-SNAPSHOT.jar:?]
	at org.apache.hadoop.ozone.om.OzoneManager.getFileStatus(OzoneManager.java:3533) ~[ozone-manager-1.4.0-SNAPSHOT.jar:?]
	at org.apache.hadoop.ozone.protocolPB.OzoneManagerRequestHandler.getOzoneFileStatus(OzoneManagerRequestHandler.java:971) ~[ozone-manager-1.4.0-SNAPSHOT.jar:?]
	at org.apache.hadoop.ozone.protocolPB.OzoneManagerRequestHandler.handleReadRequest(OzoneManagerRequestHandler.java:250) ~[ozone-manager-1.4.0-SNAPSHOT.jar:?]
	at org.apache.hadoop.ozone.protocolPB.OzoneManagerProtocolServerSideTranslatorPB.submitReadRequestToOM(OzoneManagerProtocolServerSideTranslatorPB.java:225) ~[ozone-manager-1.4.0-SNAPSHOT.jar:?]
	at org.apache.hadoop.ozone.protocolPB.OzoneManagerProtocolServerSideTranslatorPB.processRequest(OzoneManagerProtocolServerSideTranslatorPB.java:179) ~[ozone-manager-1.4.0-SNAPSHOT.jar:?]
	at org.apache.hadoop.hdds.server.OzoneProtocolMessageDispatcher.processRequest(OzoneProtocolMessageDispatcher.java:87) [hdds-server-framework-1.4.0-SNAPSHOT.jar:?]
	at org.apache.hadoop.ozone.protocolPB.OzoneManagerProtocolServerSideTranslatorPB.submitRequest(OzoneManagerProtocolServerSideTranslatorPB.java:148) [ozone-manager-1.4.0-SNAPSHOT.jar:?]
	at org.apache.hadoop.ozone.protocol.proto.OzoneManagerProtocolProtos$OzoneManagerService$2.callBlockingMethod(OzoneManagerProtocolProtos.java) [ozone-interface-client-1.4.0-SNAPSHOT.jar:?]
	at org.apache.hadoop.ipc.ProtobufRpcEngine$Server.processCall(ProtobufRpcEngine.java:484) [hadoop-common-3.3.6.jar:?]
	at org.apache.hadoop.ipc.ProtobufRpcEngine2$Server$ProtoBufRpcInvoker.call(ProtobufRpcEngine2.java:595) [hadoop-common-3.3.6.jar:?]
	at org.apache.hadoop.ipc.ProtobufRpcEngine2$Server$ProtoBufRpcInvoker.call(ProtobufRpcEngine2.java:573) [hadoop-common-3.3.6.jar:?]
	at org.apache.hadoop.ipc.RPC$Server.call(RPC.java:1227) [hadoop-common-3.3.6.jar:?]
	at org.apache.hadoop.ipc.Server$RpcCall.run(Server.java:1094) [hadoop-common-3.3.6.jar:?]
	at org.apache.hadoop.ipc.Server$RpcCall.run(Server.java:1017) [hadoop-common-3.3.6.jar:?]
	at java.security.AccessController.doPrivileged(Native Method) ~[?:1.8.0_382]
	at javax.security.auth.Subject.doAs(Subject.java:422) [?:1.8.0_382]
	at org.apache.hadoop.security.UserGroupInformation.doAs(UserGroupInformation.java:1899) [hadoop-common-3.3.6.jar:?]
	at org.apache.hadoop.ipc.Server$Handler.run(Server.java:3048) [hadoop-common-3.3.6.jar:?]
17:57:04.872 [IPC Server handler 5 on default port 15004] ERROR OMAudit - user=runner | ip=127.0.0.1 | op=GET_FILE_STATUS {volume=volume98723, bucket=bucket03581, key=.Trash/runner, dataSize=0, replicationConfig=null} | ret=FAILURE
org.apache.hadoop.ozone.om.exceptions.OMException: Unable to get file status: volume: volume98723 bucket: bucket03581 key: .Trash/runner
	at org.apache.hadoop.ozone.om.KeyManagerImpl.getOzoneFileStatusFSO(KeyManagerImpl.java:1327) ~[ozone-manager-1.4.0-SNAPSHOT.jar:?]
	at org.apache.hadoop.ozone.om.KeyManagerImpl.getFileStatus(KeyManagerImpl.java:1111) ~[ozone-manager-1.4.0-SNAPSHOT.jar:?]
	at org.apache.hadoop.ozone.om.OmMetadataReader.getFileStatus(OmMetadataReader.java:262) ~[ozone-manager-1.4.0-SNAPSHOT.jar:?]
	at org.apache.hadoop.ozone.om.OzoneManager.getFileStatus(OzoneManager.java:3533) ~[ozone-manager-1.4.0-SNAPSHOT.jar:?]
	at org.apache.hadoop.ozone.protocolPB.OzoneManagerRequestHandler.getOzoneFileStatus(OzoneManagerRequestHandler.java:971) ~[ozone-manager-1.4.0-SNAPSHOT.jar:?]
	at org.apache.hadoop.ozone.protocolPB.OzoneManagerRequestHandler.handleReadRequest(OzoneManagerRequestHandler.java:250) ~[ozone-manager-1.4.0-SNAPSHOT.jar:?]
	at org.apache.hadoop.ozone.protocolPB.OzoneManagerProtocolServerSideTranslatorPB.submitReadRequestToOM(OzoneManagerProtocolServerSideTranslatorPB.java:225) ~[ozone-manager-1.4.0-SNAPSHOT.jar:?]
	at org.apache.hadoop.ozone.protocolPB.OzoneManagerProtocolServerSideTranslatorPB.processRequest(OzoneManagerProtocolServerSideTranslatorPB.java:179) ~[ozone-manager-1.4.0-SNAPSHOT.jar:?]
	at org.apache.hadoop.hdds.server.OzoneProtocolMessageDispatcher.processRequest(OzoneProtocolMessageDispatcher.java:87) [hdds-server-framework-1.4.0-SNAPSHOT.jar:?]
	at org.apache.hadoop.ozone.protocolPB.OzoneManagerProtocolServerSideTranslatorPB.submitRequest(OzoneManagerProtocolServerSideTranslatorPB.java:148) [ozone-manager-1.4.0-SNAPSHOT.jar:?]
	at org.apache.hadoop.ozone.protocol.proto.OzoneManagerProtocolProtos$OzoneManagerService$2.callBlockingMethod(OzoneManagerProtocolProtos.java) [ozone-interface-client-1.4.0-SNAPSHOT.jar:?]
	at org.apache.hadoop.ipc.ProtobufRpcEngine$Server.processCall(ProtobufRpcEngine.java:484) [hadoop-common-3.3.6.jar:?]
	at org.apache.hadoop.ipc.ProtobufRpcEngine2$Server$ProtoBufRpcInvoker.call(ProtobufRpcEngine2.java:595) [hadoop-common-3.3.6.jar:?]
	at org.apache.hadoop.ipc.ProtobufRpcEngine2$Server$ProtoBufRpcInvoker.call(ProtobufRpcEngine2.java:573) [hadoop-common-3.3.6.jar:?]
	at org.apache.hadoop.ipc.RPC$Server.call(RPC.java:1227) [hadoop-common-3.3.6.jar:?]
	at org.apache.hadoop.ipc.Server$RpcCall.run(Server.java:1094) [hadoop-common-3.3.6.jar:?]
	at org.apache.hadoop.ipc.Server$RpcCall.run(Server.java:1017) [hadoop-common-3.3.6.jar:?]
	at java.security.AccessController.doPrivileged(Native Method) ~[?:1.8.0_382]
	at javax.security.auth.Subject.doAs(Subject.java:422) [?:1.8.0_382]
	at org.apache.hadoop.security.UserGroupInformation.doAs(UserGroupInformation.java:1899) [hadoop-common-3.3.6.jar:?]
	at org.apache.hadoop.ipc.Server$Handler.run(Server.java:3048) [hadoop-common-3.3.6.jar:?]
17:57:04.881 [IPC Server handler 8 on default port 15004] ERROR OMAudit - user=runner | ip=127.0.0.1 | op=GET_FILE_STATUS {volume=volume68816, bucket=trashroottest2, key=.Trash/runner, dataSize=0, replicationConfig=null} | ret=FAILURE
org.apache.hadoop.ozone.om.exceptions.OMException: Unable to get file status: volume: volume68816 bucket: trashroottest2 key: .Trash/runner
	at org.apache.hadoop.ozone.om.KeyManagerImpl.getOzoneFileStatusFSO(KeyManagerImpl.java:1327) ~[ozone-manager-1.4.0-SNAPSHOT.jar:?]
	at org.apache.hadoop.ozone.om.KeyManagerImpl.getFileStatus(KeyManagerImpl.java:1111) ~[ozone-manager-1.4.0-SNAPSHOT.jar:?]
	at org.apache.hadoop.ozone.om.OmMetadataReader.getFileStatus(OmMetadataReader.java:262) ~[ozone-manager-1.4.0-SNAPSHOT.jar:?]
	at org.apache.hadoop.ozone.om.OzoneManager.getFileStatus(OzoneManager.java:3533) ~[ozone-manager-1.4.0-SNAPSHOT.jar:?]
	at org.apache.hadoop.ozone.protocolPB.OzoneManagerRequestHandler.getOzoneFileStatus(OzoneManagerRequestHandler.java:971) ~[ozone-manager-1.4.0-SNAPSHOT.jar:?]
	at org.apache.hadoop.ozone.protocolPB.OzoneManagerRequestHandler.handleReadRequest(OzoneManagerRequestHandler.java:250) ~[ozone-manager-1.4.0-SNAPSHOT.jar:?]
	at org.apache.hadoop.ozone.protocolPB.OzoneManagerProtocolServerSideTranslatorPB.submitReadRequestToOM(OzoneManagerProtocolServerSideTranslatorPB.java:225) ~[ozone-manager-1.4.0-SNAPSHOT.jar:?]
	at org.apache.hadoop.ozone.protocolPB.OzoneManagerProtocolServerSideTranslatorPB.processRequest(OzoneManagerProtocolServerSideTranslatorPB.java:179) ~[ozone-manager-1.4.0-SNAPSHOT.jar:?]
	at org.apache.hadoop.hdds.server.OzoneProtocolMessageDispatcher.processRequest(OzoneProtocolMessageDispatcher.java:87) [hdds-server-framework-1.4.0-SNAPSHOT.jar:?]
	at org.apache.hadoop.ozone.protocolPB.OzoneManagerProtocolServerSideTranslatorPB.submitRequest(OzoneManagerProtocolServerSideTranslatorPB.java:148) [ozone-manager-1.4.0-SNAPSHOT.jar:?]
	at org.apache.hadoop.ozone.protocol.proto.OzoneManagerProtocolProtos$OzoneManagerService$2.callBlockingMethod(OzoneManagerProtocolProtos.java) [ozone-interface-client-1.4.0-SNAPSHOT.jar:?]
	at org.apache.hadoop.ipc.ProtobufRpcEngine$Server.processCall(ProtobufRpcEngine.java:484) [hadoop-common-3.3.6.jar:?]
	at org.apache.hadoop.ipc.ProtobufRpcEngine2$Server$ProtoBufRpcInvoker.call(ProtobufRpcEngine2.java:595) [hadoop-common-3.3.6.jar:?]
	at org.apache.hadoop.ipc.ProtobufRpcEngine2$Server$ProtoBufRpcInvoker.call(ProtobufRpcEngine2.java:573) [hadoop-common-3.3.6.jar:?]
	at org.apache.hadoop.ipc.RPC$Server.call(RPC.java:1227) [hadoop-common-3.3.6.jar:?]
	at org.apache.hadoop.ipc.Server$RpcCall.run(Server.java:1094) [hadoop-common-3.3.6.jar:?]
	at org.apache.hadoop.ipc.Server$RpcCall.run(Server.java:1017) [hadoop-common-3.3.6.jar:?]
	at java.security.AccessController.doPrivileged(Native Method) ~[?:1.8.0_382]
	at javax.security.auth.Subject.doAs(Subject.java:422) [?:1.8.0_382]
	at org.apache.hadoop.security.UserGroupInformation.doAs(UserGroupInformation.java:1899) [hadoop-common-3.3.6.jar:?]
	at org.apache.hadoop.ipc.Server$Handler.run(Server.java:3048) [hadoop-common-3.3.6.jar:?]
17:57:04.885 [IPC Server handler 19 on default port 15004] ERROR OMAudit - user=runner | ip=127.0.0.1 | op=GET_FILE_STATUS {volume=d3cd1d53-5352-4a63-83e3-0635902e1dec, bucket=68f472f7-29a8-4ac1-9844-a36852264564, key=.Trash, dataSize=0, replicationConfig=null} | ret=FAILURE
org.apache.hadoop.ozone.om.exceptions.OMException: Unable to get file status: volume: d3cd1d53-5352-4a63-83e3-0635902e1dec bucket: 68f472f7-29a8-4ac1-9844-a36852264564 key: .Trash
	at org.apache.hadoop.ozone.om.KeyManagerImpl.getOzoneFileStatus(KeyManagerImpl.java:1195) ~[ozone-manager-1.4.0-SNAPSHOT.jar:?]
	at org.apache.hadoop.ozone.om.KeyManagerImpl.getFileStatus(KeyManagerImpl.java:1113) ~[ozone-manager-1.4.0-SNAPSHOT.jar:?]
	at org.apache.hadoop.ozone.om.OmMetadataReader.getFileStatus(OmMetadataReader.java:262) ~[ozone-manager-1.4.0-SNAPSHOT.jar:?]
	at org.apache.hadoop.ozone.om.OzoneManager.getFileStatus(OzoneManager.java:3533) ~[ozone-manager-1.4.0-SNAPSHOT.jar:?]
	at org.apache.hadoop.ozone.protocolPB.OzoneManagerRequestHandler.getOzoneFileStatus(OzoneManagerRequestHandler.java:971) ~[ozone-manager-1.4.0-SNAPSHOT.jar:?]
	at org.apache.hadoop.ozone.protocolPB.OzoneManagerRequestHandler.handleReadRequest(OzoneManagerRequestHandler.java:250) ~[ozone-manager-1.4.0-SNAPSHOT.jar:?]
	at org.apache.hadoop.ozone.protocolPB.OzoneManagerProtocolServerSideTranslatorPB.submitReadRequestToOM(OzoneManagerProtocolServerSideTranslatorPB.java:225) ~[ozone-manager-1.4.0-SNAPSHOT.jar:?]
	at org.apache.hadoop.ozone.protocolPB.OzoneManagerProtocolServerSideTranslatorPB.processRequest(OzoneManagerProtocolServerSideTranslatorPB.java:179) ~[ozone-manager-1.4.0-SNAPSHOT.jar:?]
	at org.apache.hadoop.hdds.server.OzoneProtocolMessageDispatcher.processRequest(OzoneProtocolMessageDispatcher.java:87) [hdds-server-framework-1.4.0-SNAPSHOT.jar:?]
	at org.apache.hadoop.ozone.protocolPB.OzoneManagerProtocolServerSideTranslatorPB.submitRequest(OzoneManagerProtocolServerSideTranslatorPB.java:148) [ozone-manager-1.4.0-SNAPSHOT.jar:?]
	at org.apache.hadoop.ozone.protocol.proto.OzoneManagerProtocolProtos$OzoneManagerService$2.callBlockingMethod(OzoneManagerProtocolProtos.java) [ozone-interface-client-1.4.0-SNAPSHOT.jar:?]
	at org.apache.hadoop.ipc.ProtobufRpcEngine$Server.processCall(ProtobufRpcEngine.java:484) [hadoop-common-3.3.6.jar:?]
	at org.apache.hadoop.ipc.ProtobufRpcEngine2$Server$ProtoBufRpcInvoker.call(ProtobufRpcEngine2.java:595) [hadoop-common-3.3.6.jar:?]
	at org.apache.hadoop.ipc.ProtobufRpcEngine2$Server$ProtoBufRpcInvoker.call(ProtobufRpcEngine2.java:573) [hadoop-common-3.3.6.jar:?]
	at org.apache.hadoop.ipc.RPC$Server.call(RPC.java:1227) [hadoop-common-3.3.6.jar:?]
	at org.apache.hadoop.ipc.Server$RpcCall.run(Server.java:1094) [hadoop-common-3.3.6.jar:?]
	at org.apache.hadoop.ipc.Server$RpcCall.run(Server.java:1017) [hadoop-common-3.3.6.jar:?]
	at java.security.AccessController.doPrivileged(Native Method) ~[?:1.8.0_382]
	at javax.security.auth.Subject.doAs(Subject.java:422) [?:1.8.0_382]
	at org.apache.hadoop.security.UserGroupInformation.doAs(UserGroupInformation.java:1899) [hadoop-common-3.3.6.jar:?]
	at org.apache.hadoop.ipc.Server$Handler.run(Server.java:3048) [hadoop-common-3.3.6.jar:?]
17:57:04.889 [IPC Server handler 0 on default port 15004] ERROR OMAudit - user=runner | ip=127.0.0.1 | op=GET_FILE_STATUS {volume=volume17462, bucket=bucket10490, key=.Trash, dataSize=0, replicationConfig=null} | ret=FAILURE
org.apache.hadoop.ozone.om.exceptions.OMException: Unable to get file status: volume: volume17462 bucket: bucket10490 key: .Trash
	at org.apache.hadoop.ozone.om.KeyManagerImpl.getOzoneFileStatusFSO(KeyManagerImpl.java:1327) ~[ozone-manager-1.4.0-SNAPSHOT.jar:?]
	at org.apache.hadoop.ozone.om.KeyManagerImpl.getFileStatus(KeyManagerImpl.java:1111) ~[ozone-manager-1.4.0-SNAPSHOT.jar:?]
	at org.apache.hadoop.ozone.om.OmMetadataReader.getFileStatus(OmMetadataReader.java:262) ~[ozone-manager-1.4.0-SNAPSHOT.jar:?]
	at org.apache.hadoop.ozone.om.OzoneManager.getFileStatus(OzoneManager.java:3533) ~[ozone-manager-1.4.0-SNAPSHOT.jar:?]
	at org.apache.hadoop.ozone.protocolPB.OzoneManagerRequestHandler.getOzoneFileStatus(OzoneManagerRequestHandler.java:971) ~[ozone-manager-1.4.0-SNAPSHOT.jar:?]
	at org.apache.hadoop.ozone.protocolPB.OzoneManagerRequestHandler.handleReadRequest(OzoneManagerRequestHandler.java:250) ~[ozone-manager-1.4.0-SNAPSHOT.jar:?]
	at org.apache.hadoop.ozone.protocolPB.OzoneManagerProtocolServerSideTranslatorPB.submitReadRequestToOM(OzoneManagerProtocolServerSideTranslatorPB.java:225) ~[ozone-manager-1.4.0-SNAPSHOT.jar:?]
	at org.apache.hadoop.ozone.protocolPB.OzoneManagerProtocolServerSideTranslatorPB.processRequest(OzoneManagerProtocolServerSideTranslatorPB.java:179) ~[ozone-manager-1.4.0-SNAPSHOT.jar:?]
	at org.apache.hadoop.hdds.server.OzoneProtocolMessageDispatcher.processRequest(OzoneProtocolMessageDispatcher.java:87) [hdds-server-framework-1.4.0-SNAPSHOT.jar:?]
	at org.apache.hadoop.ozone.protocolPB.OzoneManagerProtocolServerSideTranslatorPB.submitRequest(OzoneManagerProtocolServerSideTranslatorPB.java:148) [ozone-manager-1.4.0-SNAPSHOT.jar:?]
	at org.apache.hadoop.ozone.protocol.proto.OzoneManagerProtocolProtos$OzoneManagerService$2.callBlockingMethod(OzoneManagerProtocolProtos.java) [ozone-interface-client-1.4.0-SNAPSHOT.jar:?]
	at org.apache.hadoop.ipc.ProtobufRpcEngine$Server.processCall(ProtobufRpcEngine.java:484) [hadoop-common-3.3.6.jar:?]
	at org.apache.hadoop.ipc.ProtobufRpcEngine2$Server$ProtoBufRpcInvoker.call(ProtobufRpcEngine2.java:595) [hadoop-common-3.3.6.jar:?]
	at org.apache.hadoop.ipc.ProtobufRpcEngine2$Server$ProtoBufRpcInvoker.call(ProtobufRpcEngine2.java:573) [hadoop-common-3.3.6.jar:?]
	at org.apache.hadoop.ipc.RPC$Server.call(RPC.java:1227) [hadoop-common-3.3.6.jar:?]
	at org.apache.hadoop.ipc.Server$RpcCall.run(Server.java:1094) [hadoop-common-3.3.6.jar:?]
	at org.apache.hadoop.ipc.Server$RpcCall.run(Server.java:1017) [hadoop-common-3.3.6.jar:?]
	at java.security.AccessController.doPrivileged(Native Method) ~[?:1.8.0_382]
	at javax.security.auth.Subject.doAs(Subject.java:422) [?:1.8.0_382]
	at org.apache.hadoop.security.UserGroupInformation.doAs(UserGroupInformation.java:1899) [hadoop-common-3.3.6.jar:?]
	at org.apache.hadoop.ipc.Server$Handler.run(Server.java:3048) [hadoop-common-3.3.6.jar:?]
17:57:04.899 [IPC Server handler 12 on default port 15004] ERROR OMAudit - user=runner | ip=127.0.0.1 | op=GET_FILE_STATUS {volume=volume68816, bucket=trashroottest2, key=.Trash, dataSize=0, replicationConfig=null} | ret=FAILURE
org.apache.hadoop.ozone.om.exceptions.OMException: Unable to get file status: volume: volume68816 bucket: trashroottest2 key: .Trash
	at org.apache.hadoop.ozone.om.KeyManagerImpl.getOzoneFileStatusFSO(KeyManagerImpl.java:1327) ~[ozone-manager-1.4.0-SNAPSHOT.jar:?]
	at org.apache.hadoop.ozone.om.KeyManagerImpl.getFileStatus(KeyManagerImpl.java:1111) ~[ozone-manager-1.4.0-SNAPSHOT.jar:?]
	at org.apache.hadoop.ozone.om.OmMetadataReader.getFileStatus(OmMetadataReader.java:262) ~[ozone-manager-1.4.0-SNAPSHOT.jar:?]
	at org.apache.hadoop.ozone.om.OzoneManager.getFileStatus(OzoneManager.java:3533) ~[ozone-manager-1.4.0-SNAPSHOT.jar:?]
	at org.apache.hadoop.ozone.protocolPB.OzoneManagerRequestHandler.getOzoneFileStatus(OzoneManagerRequestHandler.java:971) ~[ozone-manager-1.4.0-SNAPSHOT.jar:?]
	at org.apache.hadoop.ozone.protocolPB.OzoneManagerRequestHandler.handleReadRequest(OzoneManagerRequestHandler.java:250) ~[ozone-manager-1.4.0-SNAPSHOT.jar:?]
	at org.apache.hadoop.ozone.protocolPB.OzoneManagerProtocolServerSideTranslatorPB.submitReadRequestToOM(OzoneManagerProtocolServerSideTranslatorPB.java:225) ~[ozone-manager-1.4.0-SNAPSHOT.jar:?]
	at org.apache.hadoop.ozone.protocolPB.OzoneManagerProtocolServerSideTranslatorPB.processRequest(OzoneManagerProtocolServerSideTranslatorPB.java:179) ~[ozone-manager-1.4.0-SNAPSHOT.jar:?]
	at org.apache.hadoop.hdds.server.OzoneProtocolMessageDispatcher.processRequest(OzoneProtocolMessageDispatcher.java:87) [hdds-server-framework-1.4.0-SNAPSHOT.jar:?]
	at org.apache.hadoop.ozone.protocolPB.OzoneManagerProtocolServerSideTranslatorPB.submitRequest(OzoneManagerProtocolServerSideTranslatorPB.java:148) [ozone-manager-1.4.0-SNAPSHOT.jar:?]
	at org.apache.hadoop.ozone.protocol.proto.OzoneManagerProtocolProtos$OzoneManagerService$2.callBlockingMethod(OzoneManagerProtocolProtos.java) [ozone-interface-client-1.4.0-SNAPSHOT.jar:?]
	at org.apache.hadoop.ipc.ProtobufRpcEngine$Server.processCall(ProtobufRpcEngine.java:484) [hadoop-common-3.3.6.jar:?]
	at org.apache.hadoop.ipc.ProtobufRpcEngine2$Server$ProtoBufRpcInvoker.call(ProtobufRpcEngine2.java:595) [hadoop-common-3.3.6.jar:?]
	at org.apache.hadoop.ipc.ProtobufRpcEngine2$Server$ProtoBufRpcInvoker.call(ProtobufRpcEngine2.java:573) [hadoop-common-3.3.6.jar:?]
	at org.apache.hadoop.ipc.RPC$Server.call(RPC.java:1227) [hadoop-common-3.3.6.jar:?]
	at org.apache.hadoop.ipc.Server$RpcCall.run(Server.java:1094) [hadoop-common-3.3.6.jar:?]
	at org.apache.hadoop.ipc.Server$RpcCall.run(Server.java:1017) [hadoop-common-3.3.6.jar:?]
	at java.security.AccessController.doPrivileged(Native Method) ~[?:1.8.0_382]
	at javax.security.auth.Subject.doAs(Subject.java:422) [?:1.8.0_382]
	at org.apache.hadoop.security.UserGroupInformation.doAs(UserGroupInformation.java:1899) [hadoop-common-3.3.6.jar:?]
	at org.apache.hadoop.ipc.Server$Handler.run(Server.java:3048) [hadoop-common-3.3.6.jar:?]
17:57:04.902 [IPC Server handler 18 on default port 15004] ERROR OMAudit - user=runner | ip=127.0.0.1 | op=GET_FILE_STATUS {volume=volume98723, bucket=bucket03581, key=.Trash, dataSize=0, replicationConfig=null} | ret=FAILURE
org.apache.hadoop.ozone.om.exceptions.OMException: Unable to get file status: volume: volume98723 bucket: bucket03581 key: .Trash
	at org.apache.hadoop.ozone.om.KeyManagerImpl.getOzoneFileStatusFSO(KeyManagerImpl.java:1327) ~[ozone-manager-1.4.0-SNAPSHOT.jar:?]
	at org.apache.hadoop.ozone.om.KeyManagerImpl.getFileStatus(KeyManagerImpl.java:1111) ~[ozone-manager-1.4.0-SNAPSHOT.jar:?]
	at org.apache.hadoop.ozone.om.OmMetadataReader.getFileStatus(OmMetadataReader.java:262) ~[ozone-manager-1.4.0-SNAPSHOT.jar:?]
	at org.apache.hadoop.ozone.om.OzoneManager.getFileStatus(OzoneManager.java:3533) ~[ozone-manager-1.4.0-SNAPSHOT.jar:?]
	at org.apache.hadoop.ozone.protocolPB.OzoneManagerRequestHandler.getOzoneFileStatus(OzoneManagerRequestHandler.java:971) ~[ozone-manager-1.4.0-SNAPSHOT.jar:?]
	at org.apache.hadoop.ozone.protocolPB.OzoneManagerRequestHandler.handleReadRequest(OzoneManagerRequestHandler.java:250) ~[ozone-manager-1.4.0-SNAPSHOT.jar:?]
	at org.apache.hadoop.ozone.protocolPB.OzoneManagerProtocolServerSideTranslatorPB.submitReadRequestToOM(OzoneManagerProtocolServerSideTranslatorPB.java:225) ~[ozone-manager-1.4.0-SNAPSHOT.jar:?]
	at org.apache.hadoop.ozone.protocolPB.OzoneManagerProtocolServerSideTranslatorPB.processRequest(OzoneManagerProtocolServerSideTranslatorPB.java:179) ~[ozone-manager-1.4.0-SNAPSHOT.jar:?]
	at org.apache.hadoop.hdds.server.OzoneProtocolMessageDispatcher.processRequest(OzoneProtocolMessageDispatcher.java:87) [hdds-server-framework-1.4.0-SNAPSHOT.jar:?]
	at org.apache.hadoop.ozone.protocolPB.OzoneManagerProtocolServerSideTranslatorPB.submitRequest(OzoneManagerProtocolServerSideTranslatorPB.java:148) [ozone-manager-1.4.0-SNAPSHOT.jar:?]
	at org.apache.hadoop.ozone.protocol.proto.OzoneManagerProtocolProtos$OzoneManagerService$2.callBlockingMethod(OzoneManagerProtocolProtos.java) [ozone-interface-client-1.4.0-SNAPSHOT.jar:?]
	at org.apache.hadoop.ipc.ProtobufRpcEngine$Server.processCall(ProtobufRpcEngine.java:484) [hadoop-common-3.3.6.jar:?]
	at org.apache.hadoop.ipc.ProtobufRpcEngine2$Server$ProtoBufRpcInvoker.call(ProtobufRpcEngine2.java:595) [hadoop-common-3.3.6.jar:?]
	at org.apache.hadoop.ipc.ProtobufRpcEngine2$Server$ProtoBufRpcInvoker.call(ProtobufRpcEngine2.java:573) [hadoop-common-3.3.6.jar:?]
	at org.apache.hadoop.ipc.RPC$Server.call(RPC.java:1227) [hadoop-common-3.3.6.jar:?]
	at org.apache.hadoop.ipc.Server$RpcCall.run(Server.java:1094) [hadoop-common-3.3.6.jar:?]
	at org.apache.hadoop.ipc.Server$RpcCall.run(Server.java:1017) [hadoop-common-3.3.6.jar:?]
	at java.security.AccessController.doPrivileged(Native Method) ~[?:1.8.0_382]
	at javax.security.auth.Subject.doAs(Subject.java:422) [?:1.8.0_382]
	at org.apache.hadoop.security.UserGroupInformation.doAs(UserGroupInformation.java:1899) [hadoop-common-3.3.6.jar:?]
	at org.apache.hadoop.ipc.Server$Handler.run(Server.java:3048) [hadoop-common-3.3.6.jar:?]
17:57:04.914 [IPC Server handler 10 on default port 15004] ERROR OMAudit - user=runner | ip=127.0.0.1 | op=GET_FILE_STATUS {volume=volume98723, bucket=bucket03581, key=.Trash/runner, dataSize=0, replicationConfig=null} | ret=FAILURE
org.apache.hadoop.ozone.om.exceptions.OMException: Unable to get file status: volume: volume98723 bucket: bucket03581 key: .Trash/runner
	at org.apache.hadoop.ozone.om.KeyManagerImpl.getOzoneFileStatusFSO(KeyManagerImpl.java:1327) ~[ozone-manager-1.4.0-SNAPSHOT.jar:?]
	at org.apache.hadoop.ozone.om.KeyManagerImpl.getFileStatus(KeyManagerImpl.java:1111) ~[ozone-manager-1.4.0-SNAPSHOT.jar:?]
	at org.apache.hadoop.ozone.om.OmMetadataReader.getFileStatus(OmMetadataReader.java:262) ~[ozone-manager-1.4.0-SNAPSHOT.jar:?]
	at org.apache.hadoop.ozone.om.OzoneManager.getFileStatus(OzoneManager.java:3533) ~[ozone-manager-1.4.0-SNAPSHOT.jar:?]
	at org.apache.hadoop.ozone.protocolPB.OzoneManagerRequestHandler.getOzoneFileStatus(OzoneManagerRequestHandler.java:971) ~[ozone-manager-1.4.0-SNAPSHOT.jar:?]
	at org.apache.hadoop.ozone.protocolPB.OzoneManagerRequestHandler.handleReadRequest(OzoneManagerRequestHandler.java:250) ~[ozone-manager-1.4.0-SNAPSHOT.jar:?]
	at org.apache.hadoop.ozone.protocolPB.OzoneManagerProtocolServerSideTranslatorPB.submitReadRequestToOM(OzoneManagerProtocolServerSideTranslatorPB.java:225) ~[ozone-manager-1.4.0-SNAPSHOT.jar:?]
	at org.apache.hadoop.ozone.protocolPB.OzoneManagerProtocolServerSideTranslatorPB.processRequest(OzoneManagerProtocolServerSideTranslatorPB.java:179) ~[ozone-manager-1.4.0-SNAPSHOT.jar:?]
	at org.apache.hadoop.hdds.server.OzoneProtocolMessageDispatcher.processRequest(OzoneProtocolMessageDispatcher.java:87) [hdds-server-framework-1.4.0-SNAPSHOT.jar:?]
	at org.apache.hadoop.ozone.protocolPB.OzoneManagerProtocolServerSideTranslatorPB.submitRequest(OzoneManagerProtocolServerSideTranslatorPB.java:148) [ozone-manager-1.4.0-SNAPSHOT.jar:?]
	at org.apache.hadoop.ozone.protocol.proto.OzoneManagerProtocolProtos$OzoneManagerService$2.callBlockingMethod(OzoneManagerProtocolProtos.java) [ozone-interface-client-1.4.0-SNAPSHOT.jar:?]
	at org.apache.hadoop.ipc.ProtobufRpcEngine$Server.processCall(ProtobufRpcEngine.java:484) [hadoop-common-3.3.6.jar:?]
	at org.apache.hadoop.ipc.ProtobufRpcEngine2$Server$ProtoBufRpcInvoker.call(ProtobufRpcEngine2.java:595) [hadoop-common-3.3.6.jar:?]
	at org.apache.hadoop.ipc.ProtobufRpcEngine2$Server$ProtoBufRpcInvoker.call(ProtobufRpcEngine2.java:573) [hadoop-common-3.3.6.jar:?]
	at org.apache.hadoop.ipc.RPC$Server.call(RPC.java:1227) [hadoop-common-3.3.6.jar:?]
	at org.apache.hadoop.ipc.Server$RpcCall.run(Server.java:1094) [hadoop-common-3.3.6.jar:?]
	at org.apache.hadoop.ipc.Server$RpcCall.run(Server.java:1017) [hadoop-common-3.3.6.jar:?]
	at java.security.AccessController.doPrivileged(Native Method) ~[?:1.8.0_382]
	at javax.security.auth.Subject.doAs(Subject.java:422) [?:1.8.0_382]
	at org.apache.hadoop.security.UserGroupInformation.doAs(UserGroupInformation.java:1899) [hadoop-common-3.3.6.jar:?]
	at org.apache.hadoop.ipc.Server$Handler.run(Server.java:3048) [hadoop-common-3.3.6.jar:?]
17:57:04.922 [IPC Server handler 14 on default port 15004] ERROR OMAudit - user=runner | ip=127.0.0.1 | op=GET_FILE_STATUS {volume=volume68816, bucket=trashroottest2, key=.Trash/runner, dataSize=0, replicationConfig=null} | ret=FAILURE
org.apache.hadoop.ozone.om.exceptions.OMException: Unable to get file status: volume: volume68816 bucket: trashroottest2 key: .Trash/runner
	at org.apache.hadoop.ozone.om.KeyManagerImpl.getOzoneFileStatusFSO(KeyManagerImpl.java:1327) ~[ozone-manager-1.4.0-SNAPSHOT.jar:?]
	at org.apache.hadoop.ozone.om.KeyManagerImpl.getFileStatus(KeyManagerImpl.java:1111) ~[ozone-manager-1.4.0-SNAPSHOT.jar:?]
	at org.apache.hadoop.ozone.om.OmMetadataReader.getFileStatus(OmMetadataReader.java:262) ~[ozone-manager-1.4.0-SNAPSHOT.jar:?]
	at org.apache.hadoop.ozone.om.OzoneManager.getFileStatus(OzoneManager.java:3533) ~[ozone-manager-1.4.0-SNAPSHOT.jar:?]
	at org.apache.hadoop.ozone.protocolPB.OzoneManagerRequestHandler.getOzoneFileStatus(OzoneManagerRequestHandler.java:971) ~[ozone-manager-1.4.0-SNAPSHOT.jar:?]
	at org.apache.hadoop.ozone.protocolPB.OzoneManagerRequestHandler.handleReadRequest(OzoneManagerRequestHandler.java:250) ~[ozone-manager-1.4.0-SNAPSHOT.jar:?]
	at org.apache.hadoop.ozone.protocolPB.OzoneManagerProtocolServerSideTranslatorPB.submitReadRequestToOM(OzoneManagerProtocolServerSideTranslatorPB.java:225) ~[ozone-manager-1.4.0-SNAPSHOT.jar:?]
	at org.apache.hadoop.ozone.protocolPB.OzoneManagerProtocolServerSideTranslatorPB.processRequest(OzoneManagerProtocolServerSideTranslatorPB.java:179) ~[ozone-manager-1.4.0-SNAPSHOT.jar:?]
	at org.apache.hadoop.hdds.server.OzoneProtocolMessageDispatcher.processRequest(OzoneProtocolMessageDispatcher.java:87) [hdds-server-framework-1.4.0-SNAPSHOT.jar:?]
	at org.apache.hadoop.ozone.protocolPB.OzoneManagerProtocolServerSideTranslatorPB.submitRequest(OzoneManagerProtocolServerSideTranslatorPB.java:148) [ozone-manager-1.4.0-SNAPSHOT.jar:?]
	at org.apache.hadoop.ozone.protocol.proto.OzoneManagerProtocolProtos$OzoneManagerService$2.callBlockingMethod(OzoneManagerProtocolProtos.java) [ozone-interface-client-1.4.0-SNAPSHOT.jar:?]
	at org.apache.hadoop.ipc.ProtobufRpcEngine$Server.processCall(ProtobufRpcEngine.java:484) [hadoop-common-3.3.6.jar:?]
	at org.apache.hadoop.ipc.ProtobufRpcEngine2$Server$ProtoBufRpcInvoker.call(ProtobufRpcEngine2.java:595) [hadoop-common-3.3.6.jar:?]
	at org.apache.hadoop.ipc.ProtobufRpcEngine2$Server$ProtoBufRpcInvoker.call(ProtobufRpcEngine2.java:573) [hadoop-common-3.3.6.jar:?]
	at org.apache.hadoop.ipc.RPC$Server.call(RPC.java:1227) [hadoop-common-3.3.6.jar:?]
	at org.apache.hadoop.ipc.Server$RpcCall.run(Server.java:1094) [hadoop-common-3.3.6.jar:?]
	at org.apache.hadoop.ipc.Server$RpcCall.run(Server.java:1017) [hadoop-common-3.3.6.jar:?]
	at java.security.AccessController.doPrivileged(Native Method) ~[?:1.8.0_382]
	at javax.security.auth.Subject.doAs(Subject.java:422) [?:1.8.0_382]
	at org.apache.hadoop.security.UserGroupInformation.doAs(UserGroupInformation.java:1899) [hadoop-common-3.3.6.jar:?]
	at org.apache.hadoop.ipc.Server$Handler.run(Server.java:3048) [hadoop-common-3.3.6.jar:?]
17:57:04.927 [IPC Server handler 7 on default port 15004] ERROR OMAudit - user=runner | ip=127.0.0.1 | op=GET_FILE_STATUS {volume=d3cd1d53-5352-4a63-83e3-0635902e1dec, bucket=68f472f7-29a8-4ac1-9844-a36852264564, key=.Trash, dataSize=0, replicationConfig=null} | ret=FAILURE
org.apache.hadoop.ozone.om.exceptions.OMException: Unable to get file status: volume: d3cd1d53-5352-4a63-83e3-0635902e1dec bucket: 68f472f7-29a8-4ac1-9844-a36852264564 key: .Trash
	at org.apache.hadoop.ozone.om.KeyManagerImpl.getOzoneFileStatus(KeyManagerImpl.java:1195) ~[ozone-manager-1.4.0-SNAPSHOT.jar:?]
	at org.apache.hadoop.ozone.om.KeyManagerImpl.getFileStatus(KeyManagerImpl.java:1113) ~[ozone-manager-1.4.0-SNAPSHOT.jar:?]
	at org.apache.hadoop.ozone.om.OmMetadataReader.getFileStatus(OmMetadataReader.java:262) ~[ozone-manager-1.4.0-SNAPSHOT.jar:?]
	at org.apache.hadoop.ozone.om.OzoneManager.getFileStatus(OzoneManager.java:3533) ~[ozone-manager-1.4.0-SNAPSHOT.jar:?]
	at org.apache.hadoop.ozone.protocolPB.OzoneManagerRequestHandler.getOzoneFileStatus(OzoneManagerRequestHandler.java:971) ~[ozone-manager-1.4.0-SNAPSHOT.jar:?]
	at org.apache.hadoop.ozone.protocolPB.OzoneManagerRequestHandler.handleReadRequest(OzoneManagerRequestHandler.java:250) ~[ozone-manager-1.4.0-SNAPSHOT.jar:?]
	at org.apache.hadoop.ozone.protocolPB.OzoneManagerProtocolServerSideTranslatorPB.submitReadRequestToOM(OzoneManagerProtocolServerSideTranslatorPB.java:225) ~[ozone-manager-1.4.0-SNAPSHOT.jar:?]
	at org.apache.hadoop.ozone.protocolPB.OzoneManagerProtocolServerSideTranslatorPB.processRequest(OzoneManagerProtocolServerSideTranslatorPB.java:179) ~[ozone-manager-1.4.0-SNAPSHOT.jar:?]
	at org.apache.hadoop.hdds.server.OzoneProtocolMessageDispatcher.processRequest(OzoneProtocolMessageDispatcher.java:87) [hdds-server-framework-1.4.0-SNAPSHOT.jar:?]
	at org.apache.hadoop.ozone.protocolPB.OzoneManagerProtocolServerSideTranslatorPB.submitRequest(OzoneManagerProtocolServerSideTranslatorPB.java:148) [ozone-manager-1.4.0-SNAPSHOT.jar:?]
	at org.apache.hadoop.ozone.protocol.proto.OzoneManagerProtocolProtos$OzoneManagerService$2.callBlockingMethod(OzoneManagerProtocolProtos.java) [ozone-interface-client-1.4.0-SNAPSHOT.jar:?]
	at org.apache.hadoop.ipc.ProtobufRpcEngine$Server.processCall(ProtobufRpcEngine.java:484) [hadoop-common-3.3.6.jar:?]
	at org.apache.hadoop.ipc.ProtobufRpcEngine2$Server$ProtoBufRpcInvoker.call(ProtobufRpcEngine2.java:595) [hadoop-common-3.3.6.jar:?]
	at org.apache.hadoop.ipc.ProtobufRpcEngine2$Server$ProtoBufRpcInvoker.call(ProtobufRpcEngine2.java:573) [hadoop-common-3.3.6.jar:?]
	at org.apache.hadoop.ipc.RPC$Server.call(RPC.java:1227) [hadoop-common-3.3.6.jar:?]
	at org.apache.hadoop.ipc.Server$RpcCall.run(Server.java:1094) [hadoop-common-3.3.6.jar:?]
	at org.apache.hadoop.ipc.Server$RpcCall.run(Server.java:1017) [hadoop-common-3.3.6.jar:?]
	at java.security.AccessController.doPrivileged(Native Method) ~[?:1.8.0_382]
	at javax.security.auth.Subject.doAs(Subject.java:422) [?:1.8.0_382]
	at org.apache.hadoop.security.UserGroupInformation.doAs(UserGroupInformation.java:1899) [hadoop-common-3.3.6.jar:?]
	at org.apache.hadoop.ipc.Server$Handler.run(Server.java:3048) [hadoop-common-3.3.6.jar:?]
17:57:04.931 [IPC Server handler 8 on default port 15004] ERROR OMAudit - user=runner | ip=127.0.0.1 | op=GET_FILE_STATUS {volume=volume17462, bucket=bucket10490, key=.Trash, dataSize=0, replicationConfig=null} | ret=FAILURE
org.apache.hadoop.ozone.om.exceptions.OMException: Unable to get file status: volume: volume17462 bucket: bucket10490 key: .Trash
	at org.apache.hadoop.ozone.om.KeyManagerImpl.getOzoneFileStatusFSO(KeyManagerImpl.java:1327) ~[ozone-manager-1.4.0-SNAPSHOT.jar:?]
	at org.apache.hadoop.ozone.om.KeyManagerImpl.getFileStatus(KeyManagerImpl.java:1111) ~[ozone-manager-1.4.0-SNAPSHOT.jar:?]
	at org.apache.hadoop.ozone.om.OmMetadataReader.getFileStatus(OmMetadataReader.java:262) ~[ozone-manager-1.4.0-SNAPSHOT.jar:?]
	at org.apache.hadoop.ozone.om.OzoneManager.getFileStatus(OzoneManager.java:3533) ~[ozone-manager-1.4.0-SNAPSHOT.jar:?]
	at org.apache.hadoop.ozone.protocolPB.OzoneManagerRequestHandler.getOzoneFileStatus(OzoneManagerRequestHandler.java:971) ~[ozone-manager-1.4.0-SNAPSHOT.jar:?]
	at org.apache.hadoop.ozone.protocolPB.OzoneManagerRequestHandler.handleReadRequest(OzoneManagerRequestHandler.java:250) ~[ozone-manager-1.4.0-SNAPSHOT.jar:?]
	at org.apache.hadoop.ozone.protocolPB.OzoneManagerProtocolServerSideTranslatorPB.submitReadRequestToOM(OzoneManagerProtocolServerSideTranslatorPB.java:225) ~[ozone-manager-1.4.0-SNAPSHOT.jar:?]
	at org.apache.hadoop.ozone.protocolPB.OzoneManagerProtocolServerSideTranslatorPB.processRequest(OzoneManagerProtocolServerSideTranslatorPB.java:179) ~[ozone-manager-1.4.0-SNAPSHOT.jar:?]
	at org.apache.hadoop.hdds.server.OzoneProtocolMessageDispatcher.processRequest(OzoneProtocolMessageDispatcher.java:87) [hdds-server-framework-1.4.0-SNAPSHOT.jar:?]
	at org.apache.hadoop.ozone.protocolPB.OzoneManagerProtocolServerSideTranslatorPB.submitRequest(OzoneManagerProtocolServerSideTranslatorPB.java:148) [ozone-manager-1.4.0-SNAPSHOT.jar:?]
	at org.apache.hadoop.ozone.protocol.proto.OzoneManagerProtocolProtos$OzoneManagerService$2.callBlockingMethod(OzoneManagerProtocolProtos.java) [ozone-interface-client-1.4.0-SNAPSHOT.jar:?]
	at org.apache.hadoop.ipc.ProtobufRpcEngine$Server.processCall(ProtobufRpcEngine.java:484) [hadoop-common-3.3.6.jar:?]
	at org.apache.hadoop.ipc.ProtobufRpcEngine2$Server$ProtoBufRpcInvoker.call(ProtobufRpcEngine2.java:595) [hadoop-common-3.3.6.jar:?]
	at org.apache.hadoop.ipc.ProtobufRpcEngine2$Server$ProtoBufRpcInvoker.call(ProtobufRpcEngine2.java:573) [hadoop-common-3.3.6.jar:?]
	at org.apache.hadoop.ipc.RPC$Server.call(RPC.java:1227) [hadoop-common-3.3.6.jar:?]
	at org.apache.hadoop.ipc.Server$RpcCall.run(Server.java:1094) [hadoop-common-3.3.6.jar:?]
	at org.apache.hadoop.ipc.Server$RpcCall.run(Server.java:1017) [hadoop-common-3.3.6.jar:?]
	at java.security.AccessController.doPrivileged(Native Method) ~[?:1.8.0_382]
	at javax.security.auth.Subject.doAs(Subject.java:422) [?:1.8.0_382]
	at org.apache.hadoop.security.UserGroupInformation.doAs(UserGroupInformation.java:1899) [hadoop-common-3.3.6.jar:?]
	at org.apache.hadoop.ipc.Server$Handler.run(Server.java:3048) [hadoop-common-3.3.6.jar:?]
17:57:04.942 [IPC Server handler 5 on default port 15004] ERROR OMAudit - user=runner | ip=127.0.0.1 | op=GET_FILE_STATUS {volume=volume68816, bucket=trashroottest2, key=.Trash, dataSize=0, replicationConfig=null} | ret=FAILURE
org.apache.hadoop.ozone.om.exceptions.OMException: Unable to get file status: volume: volume68816 bucket: trashroottest2 key: .Trash
	at org.apache.hadoop.ozone.om.KeyManagerImpl.getOzoneFileStatusFSO(KeyManagerImpl.java:1327) ~[ozone-manager-1.4.0-SNAPSHOT.jar:?]
	at org.apache.hadoop.ozone.om.KeyManagerImpl.getFileStatus(KeyManagerImpl.java:1111) ~[ozone-manager-1.4.0-SNAPSHOT.jar:?]
	at org.apache.hadoop.ozone.om.OmMetadataReader.getFileStatus(OmMetadataReader.java:262) ~[ozone-manager-1.4.0-SNAPSHOT.jar:?]
	at org.apache.hadoop.ozone.om.OzoneManager.getFileStatus(OzoneManager.java:3533) ~[ozone-manager-1.4.0-SNAPSHOT.jar:?]
	at org.apache.hadoop.ozone.protocolPB.OzoneManagerRequestHandler.getOzoneFileStatus(OzoneManagerRequestHandler.java:971) ~[ozone-manager-1.4.0-SNAPSHOT.jar:?]
	at org.apache.hadoop.ozone.protocolPB.OzoneManagerRequestHandler.handleReadRequest(OzoneManagerRequestHandler.java:250) ~[ozone-manager-1.4.0-SNAPSHOT.jar:?]
	at org.apache.hadoop.ozone.protocolPB.OzoneManagerProtocolServerSideTranslatorPB.submitReadRequestToOM(OzoneManagerProtocolServerSideTranslatorPB.java:225) ~[ozone-manager-1.4.0-SNAPSHOT.jar:?]
	at org.apache.hadoop.ozone.protocolPB.OzoneManagerProtocolServerSideTranslatorPB.processRequest(OzoneManagerProtocolServerSideTranslatorPB.java:179) ~[ozone-manager-1.4.0-SNAPSHOT.jar:?]
	at org.apache.hadoop.hdds.server.OzoneProtocolMessageDispatcher.processRequest(OzoneProtocolMessageDispatcher.java:87) [hdds-server-framework-1.4.0-SNAPSHOT.jar:?]
	at org.apache.hadoop.ozone.protocolPB.OzoneManagerProtocolServerSideTranslatorPB.submitRequest(OzoneManagerProtocolServerSideTranslatorPB.java:148) [ozone-manager-1.4.0-SNAPSHOT.jar:?]
	at org.apache.hadoop.ozone.protocol.proto.OzoneManagerProtocolProtos$OzoneManagerService$2.callBlockingMethod(OzoneManagerProtocolProtos.java) [ozone-interface-client-1.4.0-SNAPSHOT.jar:?]
	at org.apache.hadoop.ipc.ProtobufRpcEngine$Server.processCall(ProtobufRpcEngine.java:484) [hadoop-common-3.3.6.jar:?]
	at org.apache.hadoop.ipc.ProtobufRpcEngine2$Server$ProtoBufRpcInvoker.call(ProtobufRpcEngine2.java:595) [hadoop-common-3.3.6.jar:?]
	at org.apache.hadoop.ipc.ProtobufRpcEngine2$Server$ProtoBufRpcInvoker.call(ProtobufRpcEngine2.java:573) [hadoop-common-3.3.6.jar:?]
	at org.apache.hadoop.ipc.RPC$Server.call(RPC.java:1227) [hadoop-common-3.3.6.jar:?]
	at org.apache.hadoop.ipc.Server$RpcCall.run(Server.java:1094) [hadoop-common-3.3.6.jar:?]
	at org.apache.hadoop.ipc.Server$RpcCall.run(Server.java:1017) [hadoop-common-3.3.6.jar:?]
	at java.security.AccessController.doPrivileged(Native Method) ~[?:1.8.0_382]
	at javax.security.auth.Subject.doAs(Subject.java:422) [?:1.8.0_382]
	at org.apache.hadoop.security.UserGroupInformation.doAs(UserGroupInformation.java:1899) [hadoop-common-3.3.6.jar:?]
	at org.apache.hadoop.ipc.Server$Handler.run(Server.java:3048) [hadoop-common-3.3.6.jar:?]
17:57:04.945 [IPC Server handler 2 on default port 15004] ERROR OMAudit - user=runner | ip=127.0.0.1 | op=GET_FILE_STATUS {volume=volume98723, bucket=bucket03581, key=.Trash, dataSize=0, replicationConfig=null} | ret=FAILURE
org.apache.hadoop.ozone.om.exceptions.OMException: Unable to get file status: volume: volume98723 bucket: bucket03581 key: .Trash
	at org.apache.hadoop.ozone.om.KeyManagerImpl.getOzoneFileStatusFSO(KeyManagerImpl.java:1327) ~[ozone-manager-1.4.0-SNAPSHOT.jar:?]
	at org.apache.hadoop.ozone.om.KeyManagerImpl.getFileStatus(KeyManagerImpl.java:1111) ~[ozone-manager-1.4.0-SNAPSHOT.jar:?]
	at org.apache.hadoop.ozone.om.OmMetadataReader.getFileStatus(OmMetadataReader.java:262) ~[ozone-manager-1.4.0-SNAPSHOT.jar:?]
	at org.apache.hadoop.ozone.om.OzoneManager.getFileStatus(OzoneManager.java:3533) ~[ozone-manager-1.4.0-SNAPSHOT.jar:?]
	at org.apache.hadoop.ozone.protocolPB.OzoneManagerRequestHandler.getOzoneFileStatus(OzoneManagerRequestHandler.java:971) ~[ozone-manager-1.4.0-SNAPSHOT.jar:?]
	at org.apache.hadoop.ozone.protocolPB.OzoneManagerRequestHandler.handleReadRequest(OzoneManagerRequestHandler.java:250) ~[ozone-manager-1.4.0-SNAPSHOT.jar:?]
	at org.apache.hadoop.ozone.protocolPB.OzoneManagerProtocolServerSideTranslatorPB.submitReadRequestToOM(OzoneManagerProtocolServerSideTranslatorPB.java:225) ~[ozone-manager-1.4.0-SNAPSHOT.jar:?]
	at org.apache.hadoop.ozone.protocolPB.OzoneManagerProtocolServerSideTranslatorPB.processRequest(OzoneManagerProtocolServerSideTranslatorPB.java:179) ~[ozone-manager-1.4.0-SNAPSHOT.jar:?]
	at org.apache.hadoop.hdds.server.OzoneProtocolMessageDispatcher.processRequest(OzoneProtocolMessageDispatcher.java:87) [hdds-server-framework-1.4.0-SNAPSHOT.jar:?]
	at org.apache.hadoop.ozone.protocolPB.OzoneManagerProtocolServerSideTranslatorPB.submitRequest(OzoneManagerProtocolServerSideTranslatorPB.java:148) [ozone-manager-1.4.0-SNAPSHOT.jar:?]
	at org.apache.hadoop.ozone.protocol.proto.OzoneManagerProtocolProtos$OzoneManagerService$2.callBlockingMethod(OzoneManagerProtocolProtos.java) [ozone-interface-client-1.4.0-SNAPSHOT.jar:?]
	at org.apache.hadoop.ipc.ProtobufRpcEngine$Server.processCall(ProtobufRpcEngine.java:484) [hadoop-common-3.3.6.jar:?]
	at org.apache.hadoop.ipc.ProtobufRpcEngine2$Server$ProtoBufRpcInvoker.call(ProtobufRpcEngine2.java:595) [hadoop-common-3.3.6.jar:?]
	at org.apache.hadoop.ipc.ProtobufRpcEngine2$Server$ProtoBufRpcInvoker.call(ProtobufRpcEngine2.java:573) [hadoop-common-3.3.6.jar:?]
	at org.apache.hadoop.ipc.RPC$Server.call(RPC.java:1227) [hadoop-common-3.3.6.jar:?]
	at org.apache.hadoop.ipc.Server$RpcCall.run(Server.java:1094) [hadoop-common-3.3.6.jar:?]
	at org.apache.hadoop.ipc.Server$RpcCall.run(Server.java:1017) [hadoop-common-3.3.6.jar:?]
	at java.security.AccessController.doPrivileged(Native Method) ~[?:1.8.0_382]
	at javax.security.auth.Subject.doAs(Subject.java:422) [?:1.8.0_382]
	at org.apache.hadoop.security.UserGroupInformation.doAs(UserGroupInformation.java:1899) [hadoop-common-3.3.6.jar:?]
	at org.apache.hadoop.ipc.Server$Handler.run(Server.java:3048) [hadoop-common-3.3.6.jar:?]
17:57:04.968 [IPC Server handler 14 on default port 15004] ERROR OMAudit - user=runner | ip=127.0.0.1 | op=GET_FILE_STATUS {volume=volume68816, bucket=bucket45441, key=.Trash/runner, dataSize=0, replicationConfig=null} | ret=FAILURE
org.apache.hadoop.ozone.om.exceptions.OMException: Unable to get file status: volume: volume68816 bucket: bucket45441 key: .Trash/runner
	at org.apache.hadoop.ozone.om.KeyManagerImpl.getOzoneFileStatusFSO(KeyManagerImpl.java:1327) ~[ozone-manager-1.4.0-SNAPSHOT.jar:?]
	at org.apache.hadoop.ozone.om.KeyManagerImpl.getFileStatus(KeyManagerImpl.java:1111) ~[ozone-manager-1.4.0-SNAPSHOT.jar:?]
	at org.apache.hadoop.ozone.om.OmMetadataReader.getFileStatus(OmMetadataReader.java:262) ~[ozone-manager-1.4.0-SNAPSHOT.jar:?]
	at org.apache.hadoop.ozone.om.OzoneManager.getFileStatus(OzoneManager.java:3533) ~[ozone-manager-1.4.0-SNAPSHOT.jar:?]
	at org.apache.hadoop.ozone.protocolPB.OzoneManagerRequestHandler.getOzoneFileStatus(OzoneManagerRequestHandler.java:971) ~[ozone-manager-1.4.0-SNAPSHOT.jar:?]
	at org.apache.hadoop.ozone.protocolPB.OzoneManagerRequestHandler.handleReadRequest(OzoneManagerRequestHandler.java:250) ~[ozone-manager-1.4.0-SNAPSHOT.jar:?]
	at org.apache.hadoop.ozone.protocolPB.OzoneManagerProtocolServerSideTranslatorPB.submitReadRequestToOM(OzoneManagerProtocolServerSideTranslatorPB.java:225) ~[ozone-manager-1.4.0-SNAPSHOT.jar:?]
	at org.apache.hadoop.ozone.protocolPB.OzoneManagerProtocolServerSideTranslatorPB.processRequest(OzoneManagerProtocolServerSideTranslatorPB.java:179) ~[ozone-manager-1.4.0-SNAPSHOT.jar:?]
	at org.apache.hadoop.hdds.server.OzoneProtocolMessageDispatcher.processRequest(OzoneProtocolMessageDispatcher.java:87) [hdds-server-framework-1.4.0-SNAPSHOT.jar:?]
	at org.apache.hadoop.ozone.protocolPB.OzoneManagerProtocolServerSideTranslatorPB.submitRequest(OzoneManagerProtocolServerSideTranslatorPB.java:148) [ozone-manager-1.4.0-SNAPSHOT.jar:?]
	at org.apache.hadoop.ozone.protocol.proto.OzoneManagerProtocolProtos$OzoneManagerService$2.callBlockingMethod(OzoneManagerProtocolProtos.java) [ozone-interface-client-1.4.0-SNAPSHOT.jar:?]
	at org.apache.hadoop.ipc.ProtobufRpcEngine$Server.processCall(ProtobufRpcEngine.java:484) [hadoop-common-3.3.6.jar:?]
	at org.apache.hadoop.ipc.ProtobufRpcEngine2$Server$ProtoBufRpcInvoker.call(ProtobufRpcEngine2.java:595) [hadoop-common-3.3.6.jar:?]
	at org.apache.hadoop.ipc.ProtobufRpcEngine2$Server$ProtoBufRpcInvoker.call(ProtobufRpcEngine2.java:573) [hadoop-common-3.3.6.jar:?]
	at org.apache.hadoop.ipc.RPC$Server.call(RPC.java:1227) [hadoop-common-3.3.6.jar:?]
	at org.apache.hadoop.ipc.Server$RpcCall.run(Server.java:1094) [hadoop-common-3.3.6.jar:?]
	at org.apache.hadoop.ipc.Server$RpcCall.run(Server.java:1017) [hadoop-common-3.3.6.jar:?]
	at java.security.AccessController.doPrivileged(Native Method) ~[?:1.8.0_382]
	at javax.security.auth.Subject.doAs(Subject.java:422) [?:1.8.0_382]
	at org.apache.hadoop.security.UserGroupInformation.doAs(UserGroupInformation.java:1899) [hadoop-common-3.3.6.jar:?]
	at org.apache.hadoop.ipc.Server$Handler.run(Server.java:3048) [hadoop-common-3.3.6.jar:?]
17:57:04.975 [IPC Server handler 7 on default port 15004] ERROR OMAudit - user=runner | ip=127.0.0.1 | op=GET_FILE_STATUS {volume=d3cd1d53-5352-4a63-83e3-0635902e1dec, bucket=68f472f7-29a8-4ac1-9844-a36852264564, key=.Trash, dataSize=0, replicationConfig=null} | ret=FAILURE
org.apache.hadoop.ozone.om.exceptions.OMException: Unable to get file status: volume: d3cd1d53-5352-4a63-83e3-0635902e1dec bucket: 68f472f7-29a8-4ac1-9844-a36852264564 key: .Trash
	at org.apache.hadoop.ozone.om.KeyManagerImpl.getOzoneFileStatus(KeyManagerImpl.java:1195) ~[ozone-manager-1.4.0-SNAPSHOT.jar:?]
	at org.apache.hadoop.ozone.om.KeyManagerImpl.getFileStatus(KeyManagerImpl.java:1113) ~[ozone-manager-1.4.0-SNAPSHOT.jar:?]
	at org.apache.hadoop.ozone.om.OmMetadataReader.getFileStatus(OmMetadataReader.java:262) ~[ozone-manager-1.4.0-SNAPSHOT.jar:?]
	at org.apache.hadoop.ozone.om.OzoneManager.getFileStatus(OzoneManager.java:3533) ~[ozone-manager-1.4.0-SNAPSHOT.jar:?]
	at org.apache.hadoop.ozone.protocolPB.OzoneManagerRequestHandler.getOzoneFileStatus(OzoneManagerRequestHandler.java:971) ~[ozone-manager-1.4.0-SNAPSHOT.jar:?]
	at org.apache.hadoop.ozone.protocolPB.OzoneManagerRequestHandler.handleReadRequest(OzoneManagerRequestHandler.java:250) ~[ozone-manager-1.4.0-SNAPSHOT.jar:?]
	at org.apache.hadoop.ozone.protocolPB.OzoneManagerProtocolServerSideTranslatorPB.submitReadRequestToOM(OzoneManagerProtocolServerSideTranslatorPB.java:225) ~[ozone-manager-1.4.0-SNAPSHOT.jar:?]
	at org.apache.hadoop.ozone.protocolPB.OzoneManagerProtocolServerSideTranslatorPB.processRequest(OzoneManagerProtocolServerSideTranslatorPB.java:179) ~[ozone-manager-1.4.0-SNAPSHOT.jar:?]
	at org.apache.hadoop.hdds.server.OzoneProtocolMessageDispatcher.processRequest(OzoneProtocolMessageDispatcher.java:87) [hdds-server-framework-1.4.0-SNAPSHOT.jar:?]
	at org.apache.hadoop.ozone.protocolPB.OzoneManagerProtocolServerSideTranslatorPB.submitRequest(OzoneManagerProtocolServerSideTranslatorPB.java:148) [ozone-manager-1.4.0-SNAPSHOT.jar:?]
	at org.apache.hadoop.ozone.protocol.proto.OzoneManagerProtocolProtos$OzoneManagerService$2.callBlockingMethod(OzoneManagerProtocolProtos.java) [ozone-interface-client-1.4.0-SNAPSHOT.jar:?]
	at org.apache.hadoop.ipc.ProtobufRpcEngine$Server.processCall(ProtobufRpcEngine.java:484) [hadoop-common-3.3.6.jar:?]
	at org.apache.hadoop.ipc.ProtobufRpcEngine2$Server$ProtoBufRpcInvoker.call(ProtobufRpcEngine2.java:595) [hadoop-common-3.3.6.jar:?]
	at org.apache.hadoop.ipc.ProtobufRpcEngine2$Server$ProtoBufRpcInvoker.call(ProtobufRpcEngine2.java:573) [hadoop-common-3.3.6.jar:?]
	at org.apache.hadoop.ipc.RPC$Server.call(RPC.java:1227) [hadoop-common-3.3.6.jar:?]
	at org.apache.hadoop.ipc.Server$RpcCall.run(Server.java:1094) [hadoop-common-3.3.6.jar:?]
	at org.apache.hadoop.ipc.Server$RpcCall.run(Server.java:1017) [hadoop-common-3.3.6.jar:?]
	at java.security.AccessController.doPrivileged(Native Method) ~[?:1.8.0_382]
	at javax.security.auth.Subject.doAs(Subject.java:422) [?:1.8.0_382]
	at org.apache.hadoop.security.UserGroupInformation.doAs(UserGroupInformation.java:1899) [hadoop-common-3.3.6.jar:?]
	at org.apache.hadoop.ipc.Server$Handler.run(Server.java:3048) [hadoop-common-3.3.6.jar:?]
17:57:04.987 [IPC Server handler 8 on default port 15004] ERROR OMAudit - user=runner | ip=127.0.0.1 | op=GET_FILE_STATUS {volume=volume17462, bucket=bucket10490, key=.Trash, dataSize=0, replicationConfig=null} | ret=FAILURE
org.apache.hadoop.ozone.om.exceptions.OMException: Unable to get file status: volume: volume17462 bucket: bucket10490 key: .Trash
	at org.apache.hadoop.ozone.om.KeyManagerImpl.getOzoneFileStatusFSO(KeyManagerImpl.java:1327) ~[ozone-manager-1.4.0-SNAPSHOT.jar:?]
	at org.apache.hadoop.ozone.om.KeyManagerImpl.getFileStatus(KeyManagerImpl.java:1111) ~[ozone-manager-1.4.0-SNAPSHOT.jar:?]
	at org.apache.hadoop.ozone.om.OmMetadataReader.getFileStatus(OmMetadataReader.java:262) ~[ozone-manager-1.4.0-SNAPSHOT.jar:?]
	at org.apache.hadoop.ozone.om.OzoneManager.getFileStatus(OzoneManager.java:3533) ~[ozone-manager-1.4.0-SNAPSHOT.jar:?]
	at org.apache.hadoop.ozone.protocolPB.OzoneManagerRequestHandler.getOzoneFileStatus(OzoneManagerRequestHandler.java:971) ~[ozone-manager-1.4.0-SNAPSHOT.jar:?]
	at org.apache.hadoop.ozone.protocolPB.OzoneManagerRequestHandler.handleReadRequest(OzoneManagerRequestHandler.java:250) ~[ozone-manager-1.4.0-SNAPSHOT.jar:?]
	at org.apache.hadoop.ozone.protocolPB.OzoneManagerProtocolServerSideTranslatorPB.submitReadRequestToOM(OzoneManagerProtocolServerSideTranslatorPB.java:225) ~[ozone-manager-1.4.0-SNAPSHOT.jar:?]
	at org.apache.hadoop.ozone.protocolPB.OzoneManagerProtocolServerSideTranslatorPB.processRequest(OzoneManagerProtocolServerSideTranslatorPB.java:179) ~[ozone-manager-1.4.0-SNAPSHOT.jar:?]
	at org.apache.hadoop.hdds.server.OzoneProtocolMessageDispatcher.processRequest(OzoneProtocolMessageDispatcher.java:87) [hdds-server-framework-1.4.0-SNAPSHOT.jar:?]
	at org.apache.hadoop.ozone.protocolPB.OzoneManagerProtocolServerSideTranslatorPB.submitRequest(OzoneManagerProtocolServerSideTranslatorPB.java:148) [ozone-manager-1.4.0-SNAPSHOT.jar:?]
	at org.apache.hadoop.ozone.protocol.proto.OzoneManagerProtocolProtos$OzoneManagerService$2.callBlockingMethod(OzoneManagerProtocolProtos.java) [ozone-interface-client-1.4.0-SNAPSHOT.jar:?]
	at org.apache.hadoop.ipc.ProtobufRpcEngine$Server.processCall(ProtobufRpcEngine.java:484) [hadoop-common-3.3.6.jar:?]
	at org.apache.hadoop.ipc.ProtobufRpcEngine2$Server$ProtoBufRpcInvoker.call(ProtobufRpcEngine2.java:595) [hadoop-common-3.3.6.jar:?]
	at org.apache.hadoop.ipc.ProtobufRpcEngine2$Server$ProtoBufRpcInvoker.call(ProtobufRpcEngine2.java:573) [hadoop-common-3.3.6.jar:?]
	at org.apache.hadoop.ipc.RPC$Server.call(RPC.java:1227) [hadoop-common-3.3.6.jar:?]
	at org.apache.hadoop.ipc.Server$RpcCall.run(Server.java:1094) [hadoop-common-3.3.6.jar:?]
	at org.apache.hadoop.ipc.Server$RpcCall.run(Server.java:1017) [hadoop-common-3.3.6.jar:?]
	at java.security.AccessController.doPrivileged(Native Method) ~[?:1.8.0_382]
	at javax.security.auth.Subject.doAs(Subject.java:422) [?:1.8.0_382]
	at org.apache.hadoop.security.UserGroupInformation.doAs(UserGroupInformation.java:1899) [hadoop-common-3.3.6.jar:?]
	at org.apache.hadoop.ipc.Server$Handler.run(Server.java:3048) [hadoop-common-3.3.6.jar:?]
]]></system-out>
  </testcase>
  <testcase name="testGetTrashRoots" classname="TestRootedOzoneFileSystemWithFSO" time="0.433">
    <system-out><![CDATA[2023-09-25 17:58:44,264 [Time-limited test] INFO  rpc.RpcClient (RpcClient.java:createVolume(461)) - Creating Volume: volume04078, with user53364 as owner and space quota set to -1 bytes, counts quota set to -1
2023-09-25 17:58:44,265 [IPC Server handler 10 on default port 15057] INFO  volume.OMVolumeCreateRequest (OMVolumeCreateRequest.java:validateAndUpdateCache(196)) - created volume:volume04078 for user:user53364
2023-09-25 17:58:44,266 [Time-limited test] INFO  rpc.RpcClient (RpcClient.java:createBucket(688)) - Creating Bucket: volume04078/bucket00316, with bucket layout FILE_SYSTEM_OPTIMIZED, runner as owner, Versioning false, Storage Type set to DISK and Encryption set to false, Replication Type set to server-side default replication type, Namespace Quota set to -1, Space Quota set to -1 
2023-09-25 17:58:44,267 [IPC Server handler 12 on default port 15057] INFO  bucket.OMBucketCreateRequest (OMBucketCreateRequest.java:validateAndUpdateCache(270)) - created bucket: bucket00316 of layout FILE_SYSTEM_OPTIMIZED in volume: volume04078
17:58:44.275 [IPC Server handler 1 on default port 15057] ERROR OMAudit - user=runner | ip=127.0.0.1 | op=GET_FILE_STATUS {volume=volume04078, bucket=bucket00316, key=.Trash/runner, dataSize=0, replicationConfig=null} | ret=FAILURE
org.apache.hadoop.ozone.om.exceptions.OMException: Unable to get file status: volume: volume04078 bucket: bucket00316 key: .Trash/runner
	at org.apache.hadoop.ozone.om.KeyManagerImpl.getOzoneFileStatusFSO(KeyManagerImpl.java:1327) ~[ozone-manager-1.4.0-SNAPSHOT.jar:?]
	at org.apache.hadoop.ozone.om.KeyManagerImpl.getFileStatus(KeyManagerImpl.java:1111) ~[ozone-manager-1.4.0-SNAPSHOT.jar:?]
	at org.apache.hadoop.ozone.om.OmMetadataReader.getFileStatus(OmMetadataReader.java:262) ~[ozone-manager-1.4.0-SNAPSHOT.jar:?]
	at org.apache.hadoop.ozone.om.OzoneManager.getFileStatus(OzoneManager.java:3533) ~[ozone-manager-1.4.0-SNAPSHOT.jar:?]
	at org.apache.hadoop.ozone.protocolPB.OzoneManagerRequestHandler.getOzoneFileStatus(OzoneManagerRequestHandler.java:971) ~[ozone-manager-1.4.0-SNAPSHOT.jar:?]
	at org.apache.hadoop.ozone.protocolPB.OzoneManagerRequestHandler.handleReadRequest(OzoneManagerRequestHandler.java:250) ~[ozone-manager-1.4.0-SNAPSHOT.jar:?]
	at org.apache.hadoop.ozone.protocolPB.OzoneManagerProtocolServerSideTranslatorPB.submitRequestDirectlyToOM(OzoneManagerProtocolServerSideTranslatorPB.java:274) ~[ozone-manager-1.4.0-SNAPSHOT.jar:?]
	at org.apache.hadoop.ozone.protocolPB.OzoneManagerProtocolServerSideTranslatorPB.processRequest(OzoneManagerProtocolServerSideTranslatorPB.java:175) ~[ozone-manager-1.4.0-SNAPSHOT.jar:?]
	at org.apache.hadoop.hdds.server.OzoneProtocolMessageDispatcher.processRequest(OzoneProtocolMessageDispatcher.java:87) [hdds-server-framework-1.4.0-SNAPSHOT.jar:?]
	at org.apache.hadoop.ozone.protocolPB.OzoneManagerProtocolServerSideTranslatorPB.submitRequest(OzoneManagerProtocolServerSideTranslatorPB.java:148) [ozone-manager-1.4.0-SNAPSHOT.jar:?]
	at org.apache.hadoop.ozone.protocol.proto.OzoneManagerProtocolProtos$OzoneManagerService$2.callBlockingMethod(OzoneManagerProtocolProtos.java) [ozone-interface-client-1.4.0-SNAPSHOT.jar:?]
	at org.apache.hadoop.ipc.ProtobufRpcEngine$Server.processCall(ProtobufRpcEngine.java:484) [hadoop-common-3.3.6.jar:?]
	at org.apache.hadoop.ipc.ProtobufRpcEngine2$Server$ProtoBufRpcInvoker.call(ProtobufRpcEngine2.java:595) [hadoop-common-3.3.6.jar:?]
	at org.apache.hadoop.ipc.ProtobufRpcEngine2$Server$ProtoBufRpcInvoker.call(ProtobufRpcEngine2.java:573) [hadoop-common-3.3.6.jar:?]
	at org.apache.hadoop.ipc.RPC$Server.call(RPC.java:1227) [hadoop-common-3.3.6.jar:?]
	at org.apache.hadoop.ipc.Server$RpcCall.run(Server.java:1094) [hadoop-common-3.3.6.jar:?]
	at org.apache.hadoop.ipc.Server$RpcCall.run(Server.java:1017) [hadoop-common-3.3.6.jar:?]
	at java.security.AccessController.doPrivileged(Native Method) ~[?:1.8.0_382]
	at javax.security.auth.Subject.doAs(Subject.java:422) [?:1.8.0_382]
	at org.apache.hadoop.security.UserGroupInformation.doAs(UserGroupInformation.java:1899) [hadoop-common-3.3.6.jar:?]
	at org.apache.hadoop.ipc.Server$Handler.run(Server.java:3048) [hadoop-common-3.3.6.jar:?]
17:58:44.280 [IPC Server handler 9 on default port 15057] ERROR OMAudit - user=runner | ip=127.0.0.1 | op=GET_FILE_STATUS {volume=f8139b91-c5a0-449e-86b7-b51e8733c695, bucket=50cd8f89-b684-4f83-9b98-ff20b3faca08, key=.Trash, dataSize=0, replicationConfig=null} | ret=FAILURE
org.apache.hadoop.ozone.om.exceptions.OMException: Unable to get file status: volume: f8139b91-c5a0-449e-86b7-b51e8733c695 bucket: 50cd8f89-b684-4f83-9b98-ff20b3faca08 key: .Trash
	at org.apache.hadoop.ozone.om.KeyManagerImpl.getOzoneFileStatus(KeyManagerImpl.java:1195) ~[ozone-manager-1.4.0-SNAPSHOT.jar:?]
	at org.apache.hadoop.ozone.om.KeyManagerImpl.getFileStatus(KeyManagerImpl.java:1113) ~[ozone-manager-1.4.0-SNAPSHOT.jar:?]
	at org.apache.hadoop.ozone.om.OmMetadataReader.getFileStatus(OmMetadataReader.java:262) ~[ozone-manager-1.4.0-SNAPSHOT.jar:?]
	at org.apache.hadoop.ozone.om.OzoneManager.getFileStatus(OzoneManager.java:3533) ~[ozone-manager-1.4.0-SNAPSHOT.jar:?]
	at org.apache.hadoop.ozone.protocolPB.OzoneManagerRequestHandler.getOzoneFileStatus(OzoneManagerRequestHandler.java:971) ~[ozone-manager-1.4.0-SNAPSHOT.jar:?]
	at org.apache.hadoop.ozone.protocolPB.OzoneManagerRequestHandler.handleReadRequest(OzoneManagerRequestHandler.java:250) ~[ozone-manager-1.4.0-SNAPSHOT.jar:?]
	at org.apache.hadoop.ozone.protocolPB.OzoneManagerProtocolServerSideTranslatorPB.submitRequestDirectlyToOM(OzoneManagerProtocolServerSideTranslatorPB.java:274) ~[ozone-manager-1.4.0-SNAPSHOT.jar:?]
	at org.apache.hadoop.ozone.protocolPB.OzoneManagerProtocolServerSideTranslatorPB.processRequest(OzoneManagerProtocolServerSideTranslatorPB.java:175) ~[ozone-manager-1.4.0-SNAPSHOT.jar:?]
	at org.apache.hadoop.hdds.server.OzoneProtocolMessageDispatcher.processRequest(OzoneProtocolMessageDispatcher.java:87) [hdds-server-framework-1.4.0-SNAPSHOT.jar:?]
	at org.apache.hadoop.ozone.protocolPB.OzoneManagerProtocolServerSideTranslatorPB.submitRequest(OzoneManagerProtocolServerSideTranslatorPB.java:148) [ozone-manager-1.4.0-SNAPSHOT.jar:?]
	at org.apache.hadoop.ozone.protocol.proto.OzoneManagerProtocolProtos$OzoneManagerService$2.callBlockingMethod(OzoneManagerProtocolProtos.java) [ozone-interface-client-1.4.0-SNAPSHOT.jar:?]
	at org.apache.hadoop.ipc.ProtobufRpcEngine$Server.processCall(ProtobufRpcEngine.java:484) [hadoop-common-3.3.6.jar:?]
	at org.apache.hadoop.ipc.ProtobufRpcEngine2$Server$ProtoBufRpcInvoker.call(ProtobufRpcEngine2.java:595) [hadoop-common-3.3.6.jar:?]
	at org.apache.hadoop.ipc.ProtobufRpcEngine2$Server$ProtoBufRpcInvoker.call(ProtobufRpcEngine2.java:573) [hadoop-common-3.3.6.jar:?]
	at org.apache.hadoop.ipc.RPC$Server.call(RPC.java:1227) [hadoop-common-3.3.6.jar:?]
	at org.apache.hadoop.ipc.Server$RpcCall.run(Server.java:1094) [hadoop-common-3.3.6.jar:?]
	at org.apache.hadoop.ipc.Server$RpcCall.run(Server.java:1017) [hadoop-common-3.3.6.jar:?]
	at java.security.AccessController.doPrivileged(Native Method) ~[?:1.8.0_382]
	at javax.security.auth.Subject.doAs(Subject.java:422) [?:1.8.0_382]
	at org.apache.hadoop.security.UserGroupInformation.doAs(UserGroupInformation.java:1899) [hadoop-common-3.3.6.jar:?]
	at org.apache.hadoop.ipc.Server$Handler.run(Server.java:3048) [hadoop-common-3.3.6.jar:?]
17:58:44.284 [IPC Server handler 5 on default port 15057] ERROR OMAudit - user=runner | ip=127.0.0.1 | op=GET_FILE_STATUS {volume=volume04078, bucket=bucket00316, key=.Trash, dataSize=0, replicationConfig=null} | ret=FAILURE
org.apache.hadoop.ozone.om.exceptions.OMException: Unable to get file status: volume: volume04078 bucket: bucket00316 key: .Trash
	at org.apache.hadoop.ozone.om.KeyManagerImpl.getOzoneFileStatusFSO(KeyManagerImpl.java:1327) ~[ozone-manager-1.4.0-SNAPSHOT.jar:?]
	at org.apache.hadoop.ozone.om.KeyManagerImpl.getFileStatus(KeyManagerImpl.java:1111) ~[ozone-manager-1.4.0-SNAPSHOT.jar:?]
	at org.apache.hadoop.ozone.om.OmMetadataReader.getFileStatus(OmMetadataReader.java:262) ~[ozone-manager-1.4.0-SNAPSHOT.jar:?]
	at org.apache.hadoop.ozone.om.OzoneManager.getFileStatus(OzoneManager.java:3533) ~[ozone-manager-1.4.0-SNAPSHOT.jar:?]
	at org.apache.hadoop.ozone.protocolPB.OzoneManagerRequestHandler.getOzoneFileStatus(OzoneManagerRequestHandler.java:971) ~[ozone-manager-1.4.0-SNAPSHOT.jar:?]
	at org.apache.hadoop.ozone.protocolPB.OzoneManagerRequestHandler.handleReadRequest(OzoneManagerRequestHandler.java:250) ~[ozone-manager-1.4.0-SNAPSHOT.jar:?]
	at org.apache.hadoop.ozone.protocolPB.OzoneManagerProtocolServerSideTranslatorPB.submitRequestDirectlyToOM(OzoneManagerProtocolServerSideTranslatorPB.java:274) ~[ozone-manager-1.4.0-SNAPSHOT.jar:?]
	at org.apache.hadoop.ozone.protocolPB.OzoneManagerProtocolServerSideTranslatorPB.processRequest(OzoneManagerProtocolServerSideTranslatorPB.java:175) ~[ozone-manager-1.4.0-SNAPSHOT.jar:?]
	at org.apache.hadoop.hdds.server.OzoneProtocolMessageDispatcher.processRequest(OzoneProtocolMessageDispatcher.java:87) [hdds-server-framework-1.4.0-SNAPSHOT.jar:?]
	at org.apache.hadoop.ozone.protocolPB.OzoneManagerProtocolServerSideTranslatorPB.submitRequest(OzoneManagerProtocolServerSideTranslatorPB.java:148) [ozone-manager-1.4.0-SNAPSHOT.jar:?]
	at org.apache.hadoop.ozone.protocol.proto.OzoneManagerProtocolProtos$OzoneManagerService$2.callBlockingMethod(OzoneManagerProtocolProtos.java) [ozone-interface-client-1.4.0-SNAPSHOT.jar:?]
	at org.apache.hadoop.ipc.ProtobufRpcEngine$Server.processCall(ProtobufRpcEngine.java:484) [hadoop-common-3.3.6.jar:?]
	at org.apache.hadoop.ipc.ProtobufRpcEngine2$Server$ProtoBufRpcInvoker.call(ProtobufRpcEngine2.java:595) [hadoop-common-3.3.6.jar:?]
	at org.apache.hadoop.ipc.ProtobufRpcEngine2$Server$ProtoBufRpcInvoker.call(ProtobufRpcEngine2.java:573) [hadoop-common-3.3.6.jar:?]
	at org.apache.hadoop.ipc.RPC$Server.call(RPC.java:1227) [hadoop-common-3.3.6.jar:?]
	at org.apache.hadoop.ipc.Server$RpcCall.run(Server.java:1094) [hadoop-common-3.3.6.jar:?]
	at org.apache.hadoop.ipc.Server$RpcCall.run(Server.java:1017) [hadoop-common-3.3.6.jar:?]
	at java.security.AccessController.doPrivileged(Native Method) ~[?:1.8.0_382]
	at javax.security.auth.Subject.doAs(Subject.java:422) [?:1.8.0_382]
	at org.apache.hadoop.security.UserGroupInformation.doAs(UserGroupInformation.java:1899) [hadoop-common-3.3.6.jar:?]
	at org.apache.hadoop.ipc.Server$Handler.run(Server.java:3048) [hadoop-common-3.3.6.jar:?]
17:58:44.286 [IPC Server handler 17 on default port 15057] ERROR OMAudit - user=runner | ip=127.0.0.1 | op=GET_FILE_STATUS {volume=volume50120, bucket=bucket21958, key=.Trash, dataSize=0, replicationConfig=null} | ret=FAILURE
org.apache.hadoop.ozone.om.exceptions.OMException: Unable to get file status: volume: volume50120 bucket: bucket21958 key: .Trash
	at org.apache.hadoop.ozone.om.KeyManagerImpl.getOzoneFileStatusFSO(KeyManagerImpl.java:1327) ~[ozone-manager-1.4.0-SNAPSHOT.jar:?]
	at org.apache.hadoop.ozone.om.KeyManagerImpl.getFileStatus(KeyManagerImpl.java:1111) ~[ozone-manager-1.4.0-SNAPSHOT.jar:?]
	at org.apache.hadoop.ozone.om.OmMetadataReader.getFileStatus(OmMetadataReader.java:262) ~[ozone-manager-1.4.0-SNAPSHOT.jar:?]
	at org.apache.hadoop.ozone.om.OzoneManager.getFileStatus(OzoneManager.java:3533) ~[ozone-manager-1.4.0-SNAPSHOT.jar:?]
	at org.apache.hadoop.ozone.protocolPB.OzoneManagerRequestHandler.getOzoneFileStatus(OzoneManagerRequestHandler.java:971) ~[ozone-manager-1.4.0-SNAPSHOT.jar:?]
	at org.apache.hadoop.ozone.protocolPB.OzoneManagerRequestHandler.handleReadRequest(OzoneManagerRequestHandler.java:250) ~[ozone-manager-1.4.0-SNAPSHOT.jar:?]
	at org.apache.hadoop.ozone.protocolPB.OzoneManagerProtocolServerSideTranslatorPB.submitRequestDirectlyToOM(OzoneManagerProtocolServerSideTranslatorPB.java:274) ~[ozone-manager-1.4.0-SNAPSHOT.jar:?]
	at org.apache.hadoop.ozone.protocolPB.OzoneManagerProtocolServerSideTranslatorPB.processRequest(OzoneManagerProtocolServerSideTranslatorPB.java:175) ~[ozone-manager-1.4.0-SNAPSHOT.jar:?]
	at org.apache.hadoop.hdds.server.OzoneProtocolMessageDispatcher.processRequest(OzoneProtocolMessageDispatcher.java:87) [hdds-server-framework-1.4.0-SNAPSHOT.jar:?]
	at org.apache.hadoop.ozone.protocolPB.OzoneManagerProtocolServerSideTranslatorPB.submitRequest(OzoneManagerProtocolServerSideTranslatorPB.java:148) [ozone-manager-1.4.0-SNAPSHOT.jar:?]
	at org.apache.hadoop.ozone.protocol.proto.OzoneManagerProtocolProtos$OzoneManagerService$2.callBlockingMethod(OzoneManagerProtocolProtos.java) [ozone-interface-client-1.4.0-SNAPSHOT.jar:?]
	at org.apache.hadoop.ipc.ProtobufRpcEngine$Server.processCall(ProtobufRpcEngine.java:484) [hadoop-common-3.3.6.jar:?]
	at org.apache.hadoop.ipc.ProtobufRpcEngine2$Server$ProtoBufRpcInvoker.call(ProtobufRpcEngine2.java:595) [hadoop-common-3.3.6.jar:?]
	at org.apache.hadoop.ipc.ProtobufRpcEngine2$Server$ProtoBufRpcInvoker.call(ProtobufRpcEngine2.java:573) [hadoop-common-3.3.6.jar:?]
	at org.apache.hadoop.ipc.RPC$Server.call(RPC.java:1227) [hadoop-common-3.3.6.jar:?]
	at org.apache.hadoop.ipc.Server$RpcCall.run(Server.java:1094) [hadoop-common-3.3.6.jar:?]
	at org.apache.hadoop.ipc.Server$RpcCall.run(Server.java:1017) [hadoop-common-3.3.6.jar:?]
	at java.security.AccessController.doPrivileged(Native Method) ~[?:1.8.0_382]
	at javax.security.auth.Subject.doAs(Subject.java:422) [?:1.8.0_382]
	at org.apache.hadoop.security.UserGroupInformation.doAs(UserGroupInformation.java:1899) [hadoop-common-3.3.6.jar:?]
	at org.apache.hadoop.ipc.Server$Handler.run(Server.java:3048) [hadoop-common-3.3.6.jar:?]
17:58:44.297 [IPC Server handler 14 on default port 15057] ERROR OMAudit - user=runner | ip=127.0.0.1 | op=GET_FILE_STATUS {volume=f8139b91-c5a0-449e-86b7-b51e8733c695, bucket=50cd8f89-b684-4f83-9b98-ff20b3faca08, key=.Trash, dataSize=0, replicationConfig=null} | ret=FAILURE
org.apache.hadoop.ozone.om.exceptions.OMException: Unable to get file status: volume: f8139b91-c5a0-449e-86b7-b51e8733c695 bucket: 50cd8f89-b684-4f83-9b98-ff20b3faca08 key: .Trash
	at org.apache.hadoop.ozone.om.KeyManagerImpl.getOzoneFileStatus(KeyManagerImpl.java:1195) ~[ozone-manager-1.4.0-SNAPSHOT.jar:?]
	at org.apache.hadoop.ozone.om.KeyManagerImpl.getFileStatus(KeyManagerImpl.java:1113) ~[ozone-manager-1.4.0-SNAPSHOT.jar:?]
	at org.apache.hadoop.ozone.om.OmMetadataReader.getFileStatus(OmMetadataReader.java:262) ~[ozone-manager-1.4.0-SNAPSHOT.jar:?]
	at org.apache.hadoop.ozone.om.OzoneManager.getFileStatus(OzoneManager.java:3533) ~[ozone-manager-1.4.0-SNAPSHOT.jar:?]
	at org.apache.hadoop.ozone.protocolPB.OzoneManagerRequestHandler.getOzoneFileStatus(OzoneManagerRequestHandler.java:971) ~[ozone-manager-1.4.0-SNAPSHOT.jar:?]
	at org.apache.hadoop.ozone.protocolPB.OzoneManagerRequestHandler.handleReadRequest(OzoneManagerRequestHandler.java:250) ~[ozone-manager-1.4.0-SNAPSHOT.jar:?]
	at org.apache.hadoop.ozone.protocolPB.OzoneManagerProtocolServerSideTranslatorPB.submitRequestDirectlyToOM(OzoneManagerProtocolServerSideTranslatorPB.java:274) ~[ozone-manager-1.4.0-SNAPSHOT.jar:?]
	at org.apache.hadoop.ozone.protocolPB.OzoneManagerProtocolServerSideTranslatorPB.processRequest(OzoneManagerProtocolServerSideTranslatorPB.java:175) ~[ozone-manager-1.4.0-SNAPSHOT.jar:?]
	at org.apache.hadoop.hdds.server.OzoneProtocolMessageDispatcher.processRequest(OzoneProtocolMessageDispatcher.java:87) [hdds-server-framework-1.4.0-SNAPSHOT.jar:?]
	at org.apache.hadoop.ozone.protocolPB.OzoneManagerProtocolServerSideTranslatorPB.submitRequest(OzoneManagerProtocolServerSideTranslatorPB.java:148) [ozone-manager-1.4.0-SNAPSHOT.jar:?]
	at org.apache.hadoop.ozone.protocol.proto.OzoneManagerProtocolProtos$OzoneManagerService$2.callBlockingMethod(OzoneManagerProtocolProtos.java) [ozone-interface-client-1.4.0-SNAPSHOT.jar:?]
	at org.apache.hadoop.ipc.ProtobufRpcEngine$Server.processCall(ProtobufRpcEngine.java:484) [hadoop-common-3.3.6.jar:?]
	at org.apache.hadoop.ipc.ProtobufRpcEngine2$Server$ProtoBufRpcInvoker.call(ProtobufRpcEngine2.java:595) [hadoop-common-3.3.6.jar:?]
	at org.apache.hadoop.ipc.ProtobufRpcEngine2$Server$ProtoBufRpcInvoker.call(ProtobufRpcEngine2.java:573) [hadoop-common-3.3.6.jar:?]
	at org.apache.hadoop.ipc.RPC$Server.call(RPC.java:1227) [hadoop-common-3.3.6.jar:?]
	at org.apache.hadoop.ipc.Server$RpcCall.run(Server.java:1094) [hadoop-common-3.3.6.jar:?]
	at org.apache.hadoop.ipc.Server$RpcCall.run(Server.java:1017) [hadoop-common-3.3.6.jar:?]
	at java.security.AccessController.doPrivileged(Native Method) ~[?:1.8.0_382]
	at javax.security.auth.Subject.doAs(Subject.java:422) [?:1.8.0_382]
	at org.apache.hadoop.security.UserGroupInformation.doAs(UserGroupInformation.java:1899) [hadoop-common-3.3.6.jar:?]
	at org.apache.hadoop.ipc.Server$Handler.run(Server.java:3048) [hadoop-common-3.3.6.jar:?]
17:58:44.304 [IPC Server handler 7 on default port 15057] ERROR OMAudit - user=runner | ip=127.0.0.1 | op=GET_FILE_STATUS {volume=volume50120, bucket=bucket21958, key=.Trash, dataSize=0, replicationConfig=null} | ret=FAILURE
org.apache.hadoop.ozone.om.exceptions.OMException: Unable to get file status: volume: volume50120 bucket: bucket21958 key: .Trash
	at org.apache.hadoop.ozone.om.KeyManagerImpl.getOzoneFileStatusFSO(KeyManagerImpl.java:1327) ~[ozone-manager-1.4.0-SNAPSHOT.jar:?]
	at org.apache.hadoop.ozone.om.KeyManagerImpl.getFileStatus(KeyManagerImpl.java:1111) ~[ozone-manager-1.4.0-SNAPSHOT.jar:?]
	at org.apache.hadoop.ozone.om.OmMetadataReader.getFileStatus(OmMetadataReader.java:262) ~[ozone-manager-1.4.0-SNAPSHOT.jar:?]
	at org.apache.hadoop.ozone.om.OzoneManager.getFileStatus(OzoneManager.java:3533) ~[ozone-manager-1.4.0-SNAPSHOT.jar:?]
	at org.apache.hadoop.ozone.protocolPB.OzoneManagerRequestHandler.getOzoneFileStatus(OzoneManagerRequestHandler.java:971) ~[ozone-manager-1.4.0-SNAPSHOT.jar:?]
	at org.apache.hadoop.ozone.protocolPB.OzoneManagerRequestHandler.handleReadRequest(OzoneManagerRequestHandler.java:250) ~[ozone-manager-1.4.0-SNAPSHOT.jar:?]
	at org.apache.hadoop.ozone.protocolPB.OzoneManagerProtocolServerSideTranslatorPB.submitRequestDirectlyToOM(OzoneManagerProtocolServerSideTranslatorPB.java:274) ~[ozone-manager-1.4.0-SNAPSHOT.jar:?]
	at org.apache.hadoop.ozone.protocolPB.OzoneManagerProtocolServerSideTranslatorPB.processRequest(OzoneManagerProtocolServerSideTranslatorPB.java:175) ~[ozone-manager-1.4.0-SNAPSHOT.jar:?]
	at org.apache.hadoop.hdds.server.OzoneProtocolMessageDispatcher.processRequest(OzoneProtocolMessageDispatcher.java:87) [hdds-server-framework-1.4.0-SNAPSHOT.jar:?]
	at org.apache.hadoop.ozone.protocolPB.OzoneManagerProtocolServerSideTranslatorPB.submitRequest(OzoneManagerProtocolServerSideTranslatorPB.java:148) [ozone-manager-1.4.0-SNAPSHOT.jar:?]
	at org.apache.hadoop.ozone.protocol.proto.OzoneManagerProtocolProtos$OzoneManagerService$2.callBlockingMethod(OzoneManagerProtocolProtos.java) [ozone-interface-client-1.4.0-SNAPSHOT.jar:?]
	at org.apache.hadoop.ipc.ProtobufRpcEngine$Server.processCall(ProtobufRpcEngine.java:484) [hadoop-common-3.3.6.jar:?]
	at org.apache.hadoop.ipc.ProtobufRpcEngine2$Server$ProtoBufRpcInvoker.call(ProtobufRpcEngine2.java:595) [hadoop-common-3.3.6.jar:?]
	at org.apache.hadoop.ipc.ProtobufRpcEngine2$Server$ProtoBufRpcInvoker.call(ProtobufRpcEngine2.java:573) [hadoop-common-3.3.6.jar:?]
	at org.apache.hadoop.ipc.RPC$Server.call(RPC.java:1227) [hadoop-common-3.3.6.jar:?]
	at org.apache.hadoop.ipc.Server$RpcCall.run(Server.java:1094) [hadoop-common-3.3.6.jar:?]
	at org.apache.hadoop.ipc.Server$RpcCall.run(Server.java:1017) [hadoop-common-3.3.6.jar:?]
	at java.security.AccessController.doPrivileged(Native Method) ~[?:1.8.0_382]
	at javax.security.auth.Subject.doAs(Subject.java:422) [?:1.8.0_382]
	at org.apache.hadoop.security.UserGroupInformation.doAs(UserGroupInformation.java:1899) [hadoop-common-3.3.6.jar:?]
	at org.apache.hadoop.ipc.Server$Handler.run(Server.java:3048) [hadoop-common-3.3.6.jar:?]
17:58:44.314 [IPC Server handler 9 on default port 15057] ERROR OMAudit - user=runner | ip=127.0.0.1 | op=GET_FILE_STATUS {volume=f8139b91-c5a0-449e-86b7-b51e8733c695, bucket=50cd8f89-b684-4f83-9b98-ff20b3faca08, key=.Trash, dataSize=0, replicationConfig=null} | ret=FAILURE
org.apache.hadoop.ozone.om.exceptions.OMException: Unable to get file status: volume: f8139b91-c5a0-449e-86b7-b51e8733c695 bucket: 50cd8f89-b684-4f83-9b98-ff20b3faca08 key: .Trash
	at org.apache.hadoop.ozone.om.KeyManagerImpl.getOzoneFileStatus(KeyManagerImpl.java:1195) ~[ozone-manager-1.4.0-SNAPSHOT.jar:?]
	at org.apache.hadoop.ozone.om.KeyManagerImpl.getFileStatus(KeyManagerImpl.java:1113) ~[ozone-manager-1.4.0-SNAPSHOT.jar:?]
	at org.apache.hadoop.ozone.om.OmMetadataReader.getFileStatus(OmMetadataReader.java:262) ~[ozone-manager-1.4.0-SNAPSHOT.jar:?]
	at org.apache.hadoop.ozone.om.OzoneManager.getFileStatus(OzoneManager.java:3533) ~[ozone-manager-1.4.0-SNAPSHOT.jar:?]
	at org.apache.hadoop.ozone.protocolPB.OzoneManagerRequestHandler.getOzoneFileStatus(OzoneManagerRequestHandler.java:971) ~[ozone-manager-1.4.0-SNAPSHOT.jar:?]
	at org.apache.hadoop.ozone.protocolPB.OzoneManagerRequestHandler.handleReadRequest(OzoneManagerRequestHandler.java:250) ~[ozone-manager-1.4.0-SNAPSHOT.jar:?]
	at org.apache.hadoop.ozone.protocolPB.OzoneManagerProtocolServerSideTranslatorPB.submitRequestDirectlyToOM(OzoneManagerProtocolServerSideTranslatorPB.java:274) ~[ozone-manager-1.4.0-SNAPSHOT.jar:?]
	at org.apache.hadoop.ozone.protocolPB.OzoneManagerProtocolServerSideTranslatorPB.processRequest(OzoneManagerProtocolServerSideTranslatorPB.java:175) ~[ozone-manager-1.4.0-SNAPSHOT.jar:?]
	at org.apache.hadoop.hdds.server.OzoneProtocolMessageDispatcher.processRequest(OzoneProtocolMessageDispatcher.java:87) [hdds-server-framework-1.4.0-SNAPSHOT.jar:?]
	at org.apache.hadoop.ozone.protocolPB.OzoneManagerProtocolServerSideTranslatorPB.submitRequest(OzoneManagerProtocolServerSideTranslatorPB.java:148) [ozone-manager-1.4.0-SNAPSHOT.jar:?]
	at org.apache.hadoop.ozone.protocol.proto.OzoneManagerProtocolProtos$OzoneManagerService$2.callBlockingMethod(OzoneManagerProtocolProtos.java) [ozone-interface-client-1.4.0-SNAPSHOT.jar:?]
	at org.apache.hadoop.ipc.ProtobufRpcEngine$Server.processCall(ProtobufRpcEngine.java:484) [hadoop-common-3.3.6.jar:?]
	at org.apache.hadoop.ipc.ProtobufRpcEngine2$Server$ProtoBufRpcInvoker.call(ProtobufRpcEngine2.java:595) [hadoop-common-3.3.6.jar:?]
	at org.apache.hadoop.ipc.ProtobufRpcEngine2$Server$ProtoBufRpcInvoker.call(ProtobufRpcEngine2.java:573) [hadoop-common-3.3.6.jar:?]
	at org.apache.hadoop.ipc.RPC$Server.call(RPC.java:1227) [hadoop-common-3.3.6.jar:?]
	at org.apache.hadoop.ipc.Server$RpcCall.run(Server.java:1094) [hadoop-common-3.3.6.jar:?]
	at org.apache.hadoop.ipc.Server$RpcCall.run(Server.java:1017) [hadoop-common-3.3.6.jar:?]
	at java.security.AccessController.doPrivileged(Native Method) ~[?:1.8.0_382]
	at javax.security.auth.Subject.doAs(Subject.java:422) [?:1.8.0_382]
	at org.apache.hadoop.security.UserGroupInformation.doAs(UserGroupInformation.java:1899) [hadoop-common-3.3.6.jar:?]
	at org.apache.hadoop.ipc.Server$Handler.run(Server.java:3048) [hadoop-common-3.3.6.jar:?]
17:58:44.325 [IPC Server handler 2 on default port 15057] ERROR OMAudit - user=runner | ip=127.0.0.1 | op=GET_FILE_STATUS {volume=volume50120, bucket=bucket21958, key=.Trash, dataSize=0, replicationConfig=null} | ret=FAILURE
org.apache.hadoop.ozone.om.exceptions.OMException: Unable to get file status: volume: volume50120 bucket: bucket21958 key: .Trash
	at org.apache.hadoop.ozone.om.KeyManagerImpl.getOzoneFileStatusFSO(KeyManagerImpl.java:1327) ~[ozone-manager-1.4.0-SNAPSHOT.jar:?]
	at org.apache.hadoop.ozone.om.KeyManagerImpl.getFileStatus(KeyManagerImpl.java:1111) ~[ozone-manager-1.4.0-SNAPSHOT.jar:?]
	at org.apache.hadoop.ozone.om.OmMetadataReader.getFileStatus(OmMetadataReader.java:262) ~[ozone-manager-1.4.0-SNAPSHOT.jar:?]
	at org.apache.hadoop.ozone.om.OzoneManager.getFileStatus(OzoneManager.java:3533) ~[ozone-manager-1.4.0-SNAPSHOT.jar:?]
	at org.apache.hadoop.ozone.protocolPB.OzoneManagerRequestHandler.getOzoneFileStatus(OzoneManagerRequestHandler.java:971) ~[ozone-manager-1.4.0-SNAPSHOT.jar:?]
	at org.apache.hadoop.ozone.protocolPB.OzoneManagerRequestHandler.handleReadRequest(OzoneManagerRequestHandler.java:250) ~[ozone-manager-1.4.0-SNAPSHOT.jar:?]
	at org.apache.hadoop.ozone.protocolPB.OzoneManagerProtocolServerSideTranslatorPB.submitRequestDirectlyToOM(OzoneManagerProtocolServerSideTranslatorPB.java:274) ~[ozone-manager-1.4.0-SNAPSHOT.jar:?]
	at org.apache.hadoop.ozone.protocolPB.OzoneManagerProtocolServerSideTranslatorPB.processRequest(OzoneManagerProtocolServerSideTranslatorPB.java:175) ~[ozone-manager-1.4.0-SNAPSHOT.jar:?]
	at org.apache.hadoop.hdds.server.OzoneProtocolMessageDispatcher.processRequest(OzoneProtocolMessageDispatcher.java:87) [hdds-server-framework-1.4.0-SNAPSHOT.jar:?]
	at org.apache.hadoop.ozone.protocolPB.OzoneManagerProtocolServerSideTranslatorPB.submitRequest(OzoneManagerProtocolServerSideTranslatorPB.java:148) [ozone-manager-1.4.0-SNAPSHOT.jar:?]
	at org.apache.hadoop.ozone.protocol.proto.OzoneManagerProtocolProtos$OzoneManagerService$2.callBlockingMethod(OzoneManagerProtocolProtos.java) [ozone-interface-client-1.4.0-SNAPSHOT.jar:?]
	at org.apache.hadoop.ipc.ProtobufRpcEngine$Server.processCall(ProtobufRpcEngine.java:484) [hadoop-common-3.3.6.jar:?]
	at org.apache.hadoop.ipc.ProtobufRpcEngine2$Server$ProtoBufRpcInvoker.call(ProtobufRpcEngine2.java:595) [hadoop-common-3.3.6.jar:?]
	at org.apache.hadoop.ipc.ProtobufRpcEngine2$Server$ProtoBufRpcInvoker.call(ProtobufRpcEngine2.java:573) [hadoop-common-3.3.6.jar:?]
	at org.apache.hadoop.ipc.RPC$Server.call(RPC.java:1227) [hadoop-common-3.3.6.jar:?]
	at org.apache.hadoop.ipc.Server$RpcCall.run(Server.java:1094) [hadoop-common-3.3.6.jar:?]
	at org.apache.hadoop.ipc.Server$RpcCall.run(Server.java:1017) [hadoop-common-3.3.6.jar:?]
	at java.security.AccessController.doPrivileged(Native Method) ~[?:1.8.0_382]
	at javax.security.auth.Subject.doAs(Subject.java:422) [?:1.8.0_382]
	at org.apache.hadoop.security.UserGroupInformation.doAs(UserGroupInformation.java:1899) [hadoop-common-3.3.6.jar:?]
	at org.apache.hadoop.ipc.Server$Handler.run(Server.java:3048) [hadoop-common-3.3.6.jar:?]
2023-09-25 17:58:44,327 [Time-limited test] INFO  rpc.RpcClient (RpcClient.java:createBucket(688)) - Creating Bucket: volume04078/trashroottest2, with bucket layout FILE_SYSTEM_OPTIMIZED, runner as owner, Versioning false, Storage Type set to DISK and Encryption set to false, Replication Type set to server-side default replication type, Namespace Quota set to -1, Space Quota set to -1 
2023-09-25 17:58:44,328 [IPC Server handler 0 on default port 15057] INFO  bucket.OMBucketCreateRequest (OMBucketCreateRequest.java:validateAndUpdateCache(270)) - created bucket: trashroottest2 of layout FILE_SYSTEM_OPTIMIZED in volume: volume04078
17:58:44.384 [IPC Server handler 9 on default port 15057] ERROR OMAudit - user=runner | ip=127.0.0.1 | op=GET_FILE_STATUS {volume=f8139b91-c5a0-449e-86b7-b51e8733c695, bucket=50cd8f89-b684-4f83-9b98-ff20b3faca08, key=.Trash, dataSize=0, replicationConfig=null} | ret=FAILURE
org.apache.hadoop.ozone.om.exceptions.OMException: Unable to get file status: volume: f8139b91-c5a0-449e-86b7-b51e8733c695 bucket: 50cd8f89-b684-4f83-9b98-ff20b3faca08 key: .Trash
	at org.apache.hadoop.ozone.om.KeyManagerImpl.getOzoneFileStatus(KeyManagerImpl.java:1195) ~[ozone-manager-1.4.0-SNAPSHOT.jar:?]
	at org.apache.hadoop.ozone.om.KeyManagerImpl.getFileStatus(KeyManagerImpl.java:1113) ~[ozone-manager-1.4.0-SNAPSHOT.jar:?]
	at org.apache.hadoop.ozone.om.OmMetadataReader.getFileStatus(OmMetadataReader.java:262) ~[ozone-manager-1.4.0-SNAPSHOT.jar:?]
	at org.apache.hadoop.ozone.om.OzoneManager.getFileStatus(OzoneManager.java:3533) ~[ozone-manager-1.4.0-SNAPSHOT.jar:?]
	at org.apache.hadoop.ozone.protocolPB.OzoneManagerRequestHandler.getOzoneFileStatus(OzoneManagerRequestHandler.java:971) ~[ozone-manager-1.4.0-SNAPSHOT.jar:?]
	at org.apache.hadoop.ozone.protocolPB.OzoneManagerRequestHandler.handleReadRequest(OzoneManagerRequestHandler.java:250) ~[ozone-manager-1.4.0-SNAPSHOT.jar:?]
	at org.apache.hadoop.ozone.protocolPB.OzoneManagerProtocolServerSideTranslatorPB.submitRequestDirectlyToOM(OzoneManagerProtocolServerSideTranslatorPB.java:274) ~[ozone-manager-1.4.0-SNAPSHOT.jar:?]
	at org.apache.hadoop.ozone.protocolPB.OzoneManagerProtocolServerSideTranslatorPB.processRequest(OzoneManagerProtocolServerSideTranslatorPB.java:175) ~[ozone-manager-1.4.0-SNAPSHOT.jar:?]
	at org.apache.hadoop.hdds.server.OzoneProtocolMessageDispatcher.processRequest(OzoneProtocolMessageDispatcher.java:87) [hdds-server-framework-1.4.0-SNAPSHOT.jar:?]
	at org.apache.hadoop.ozone.protocolPB.OzoneManagerProtocolServerSideTranslatorPB.submitRequest(OzoneManagerProtocolServerSideTranslatorPB.java:148) [ozone-manager-1.4.0-SNAPSHOT.jar:?]
	at org.apache.hadoop.ozone.protocol.proto.OzoneManagerProtocolProtos$OzoneManagerService$2.callBlockingMethod(OzoneManagerProtocolProtos.java) [ozone-interface-client-1.4.0-SNAPSHOT.jar:?]
	at org.apache.hadoop.ipc.ProtobufRpcEngine$Server.processCall(ProtobufRpcEngine.java:484) [hadoop-common-3.3.6.jar:?]
	at org.apache.hadoop.ipc.ProtobufRpcEngine2$Server$ProtoBufRpcInvoker.call(ProtobufRpcEngine2.java:595) [hadoop-common-3.3.6.jar:?]
	at org.apache.hadoop.ipc.ProtobufRpcEngine2$Server$ProtoBufRpcInvoker.call(ProtobufRpcEngine2.java:573) [hadoop-common-3.3.6.jar:?]
	at org.apache.hadoop.ipc.RPC$Server.call(RPC.java:1227) [hadoop-common-3.3.6.jar:?]
	at org.apache.hadoop.ipc.Server$RpcCall.run(Server.java:1094) [hadoop-common-3.3.6.jar:?]
	at org.apache.hadoop.ipc.Server$RpcCall.run(Server.java:1017) [hadoop-common-3.3.6.jar:?]
	at java.security.AccessController.doPrivileged(Native Method) ~[?:1.8.0_382]
	at javax.security.auth.Subject.doAs(Subject.java:422) [?:1.8.0_382]
	at org.apache.hadoop.security.UserGroupInformation.doAs(UserGroupInformation.java:1899) [hadoop-common-3.3.6.jar:?]
	at org.apache.hadoop.ipc.Server$Handler.run(Server.java:3048) [hadoop-common-3.3.6.jar:?]
17:58:44.398 [IPC Server handler 7 on default port 15057] ERROR OMAudit - user=runner | ip=127.0.0.1 | op=GET_FILE_STATUS {volume=volume50120, bucket=bucket21958, key=.Trash, dataSize=0, replicationConfig=null} | ret=FAILURE
org.apache.hadoop.ozone.om.exceptions.OMException: Unable to get file status: volume: volume50120 bucket: bucket21958 key: .Trash
	at org.apache.hadoop.ozone.om.KeyManagerImpl.getOzoneFileStatusFSO(KeyManagerImpl.java:1327) ~[ozone-manager-1.4.0-SNAPSHOT.jar:?]
	at org.apache.hadoop.ozone.om.KeyManagerImpl.getFileStatus(KeyManagerImpl.java:1111) ~[ozone-manager-1.4.0-SNAPSHOT.jar:?]
	at org.apache.hadoop.ozone.om.OmMetadataReader.getFileStatus(OmMetadataReader.java:262) ~[ozone-manager-1.4.0-SNAPSHOT.jar:?]
	at org.apache.hadoop.ozone.om.OzoneManager.getFileStatus(OzoneManager.java:3533) ~[ozone-manager-1.4.0-SNAPSHOT.jar:?]
	at org.apache.hadoop.ozone.protocolPB.OzoneManagerRequestHandler.getOzoneFileStatus(OzoneManagerRequestHandler.java:971) ~[ozone-manager-1.4.0-SNAPSHOT.jar:?]
	at org.apache.hadoop.ozone.protocolPB.OzoneManagerRequestHandler.handleReadRequest(OzoneManagerRequestHandler.java:250) ~[ozone-manager-1.4.0-SNAPSHOT.jar:?]
	at org.apache.hadoop.ozone.protocolPB.OzoneManagerProtocolServerSideTranslatorPB.submitRequestDirectlyToOM(OzoneManagerProtocolServerSideTranslatorPB.java:274) ~[ozone-manager-1.4.0-SNAPSHOT.jar:?]
	at org.apache.hadoop.ozone.protocolPB.OzoneManagerProtocolServerSideTranslatorPB.processRequest(OzoneManagerProtocolServerSideTranslatorPB.java:175) ~[ozone-manager-1.4.0-SNAPSHOT.jar:?]
	at org.apache.hadoop.hdds.server.OzoneProtocolMessageDispatcher.processRequest(OzoneProtocolMessageDispatcher.java:87) [hdds-server-framework-1.4.0-SNAPSHOT.jar:?]
	at org.apache.hadoop.ozone.protocolPB.OzoneManagerProtocolServerSideTranslatorPB.submitRequest(OzoneManagerProtocolServerSideTranslatorPB.java:148) [ozone-manager-1.4.0-SNAPSHOT.jar:?]
	at org.apache.hadoop.ozone.protocol.proto.OzoneManagerProtocolProtos$OzoneManagerService$2.callBlockingMethod(OzoneManagerProtocolProtos.java) [ozone-interface-client-1.4.0-SNAPSHOT.jar:?]
	at org.apache.hadoop.ipc.ProtobufRpcEngine$Server.processCall(ProtobufRpcEngine.java:484) [hadoop-common-3.3.6.jar:?]
	at org.apache.hadoop.ipc.ProtobufRpcEngine2$Server$ProtoBufRpcInvoker.call(ProtobufRpcEngine2.java:595) [hadoop-common-3.3.6.jar:?]
	at org.apache.hadoop.ipc.ProtobufRpcEngine2$Server$ProtoBufRpcInvoker.call(ProtobufRpcEngine2.java:573) [hadoop-common-3.3.6.jar:?]
	at org.apache.hadoop.ipc.RPC$Server.call(RPC.java:1227) [hadoop-common-3.3.6.jar:?]
	at org.apache.hadoop.ipc.Server$RpcCall.run(Server.java:1094) [hadoop-common-3.3.6.jar:?]
	at org.apache.hadoop.ipc.Server$RpcCall.run(Server.java:1017) [hadoop-common-3.3.6.jar:?]
	at java.security.AccessController.doPrivileged(Native Method) ~[?:1.8.0_382]
	at javax.security.auth.Subject.doAs(Subject.java:422) [?:1.8.0_382]
	at org.apache.hadoop.security.UserGroupInformation.doAs(UserGroupInformation.java:1899) [hadoop-common-3.3.6.jar:?]
	at org.apache.hadoop.ipc.Server$Handler.run(Server.java:3048) [hadoop-common-3.3.6.jar:?]
17:58:44.416 [IPC Server handler 16 on default port 15057] ERROR OMAudit - user=runner | ip=127.0.0.1 | op=GET_FILE_STATUS {volume=f8139b91-c5a0-449e-86b7-b51e8733c695, bucket=50cd8f89-b684-4f83-9b98-ff20b3faca08, key=.Trash, dataSize=0, replicationConfig=null} | ret=FAILURE
org.apache.hadoop.ozone.om.exceptions.OMException: Unable to get file status: volume: f8139b91-c5a0-449e-86b7-b51e8733c695 bucket: 50cd8f89-b684-4f83-9b98-ff20b3faca08 key: .Trash
	at org.apache.hadoop.ozone.om.KeyManagerImpl.getOzoneFileStatus(KeyManagerImpl.java:1195) ~[ozone-manager-1.4.0-SNAPSHOT.jar:?]
	at org.apache.hadoop.ozone.om.KeyManagerImpl.getFileStatus(KeyManagerImpl.java:1113) ~[ozone-manager-1.4.0-SNAPSHOT.jar:?]
	at org.apache.hadoop.ozone.om.OmMetadataReader.getFileStatus(OmMetadataReader.java:262) ~[ozone-manager-1.4.0-SNAPSHOT.jar:?]
	at org.apache.hadoop.ozone.om.OzoneManager.getFileStatus(OzoneManager.java:3533) ~[ozone-manager-1.4.0-SNAPSHOT.jar:?]
	at org.apache.hadoop.ozone.protocolPB.OzoneManagerRequestHandler.getOzoneFileStatus(OzoneManagerRequestHandler.java:971) ~[ozone-manager-1.4.0-SNAPSHOT.jar:?]
	at org.apache.hadoop.ozone.protocolPB.OzoneManagerRequestHandler.handleReadRequest(OzoneManagerRequestHandler.java:250) ~[ozone-manager-1.4.0-SNAPSHOT.jar:?]
	at org.apache.hadoop.ozone.protocolPB.OzoneManagerProtocolServerSideTranslatorPB.submitRequestDirectlyToOM(OzoneManagerProtocolServerSideTranslatorPB.java:274) ~[ozone-manager-1.4.0-SNAPSHOT.jar:?]
	at org.apache.hadoop.ozone.protocolPB.OzoneManagerProtocolServerSideTranslatorPB.processRequest(OzoneManagerProtocolServerSideTranslatorPB.java:175) ~[ozone-manager-1.4.0-SNAPSHOT.jar:?]
	at org.apache.hadoop.hdds.server.OzoneProtocolMessageDispatcher.processRequest(OzoneProtocolMessageDispatcher.java:87) [hdds-server-framework-1.4.0-SNAPSHOT.jar:?]
	at org.apache.hadoop.ozone.protocolPB.OzoneManagerProtocolServerSideTranslatorPB.submitRequest(OzoneManagerProtocolServerSideTranslatorPB.java:148) [ozone-manager-1.4.0-SNAPSHOT.jar:?]
	at org.apache.hadoop.ozone.protocol.proto.OzoneManagerProtocolProtos$OzoneManagerService$2.callBlockingMethod(OzoneManagerProtocolProtos.java) [ozone-interface-client-1.4.0-SNAPSHOT.jar:?]
	at org.apache.hadoop.ipc.ProtobufRpcEngine$Server.processCall(ProtobufRpcEngine.java:484) [hadoop-common-3.3.6.jar:?]
	at org.apache.hadoop.ipc.ProtobufRpcEngine2$Server$ProtoBufRpcInvoker.call(ProtobufRpcEngine2.java:595) [hadoop-common-3.3.6.jar:?]
	at org.apache.hadoop.ipc.ProtobufRpcEngine2$Server$ProtoBufRpcInvoker.call(ProtobufRpcEngine2.java:573) [hadoop-common-3.3.6.jar:?]
	at org.apache.hadoop.ipc.RPC$Server.call(RPC.java:1227) [hadoop-common-3.3.6.jar:?]
	at org.apache.hadoop.ipc.Server$RpcCall.run(Server.java:1094) [hadoop-common-3.3.6.jar:?]
	at org.apache.hadoop.ipc.Server$RpcCall.run(Server.java:1017) [hadoop-common-3.3.6.jar:?]
	at java.security.AccessController.doPrivileged(Native Method) ~[?:1.8.0_382]
	at javax.security.auth.Subject.doAs(Subject.java:422) [?:1.8.0_382]
	at org.apache.hadoop.security.UserGroupInformation.doAs(UserGroupInformation.java:1899) [hadoop-common-3.3.6.jar:?]
	at org.apache.hadoop.ipc.Server$Handler.run(Server.java:3048) [hadoop-common-3.3.6.jar:?]
17:58:44.428 [IPC Server handler 19 on default port 15057] ERROR OMAudit - user=runner | ip=127.0.0.1 | op=GET_FILE_STATUS {volume=volume50120, bucket=bucket21958, key=.Trash, dataSize=0, replicationConfig=null} | ret=FAILURE
org.apache.hadoop.ozone.om.exceptions.OMException: Unable to get file status: volume: volume50120 bucket: bucket21958 key: .Trash
	at org.apache.hadoop.ozone.om.KeyManagerImpl.getOzoneFileStatusFSO(KeyManagerImpl.java:1327) ~[ozone-manager-1.4.0-SNAPSHOT.jar:?]
	at org.apache.hadoop.ozone.om.KeyManagerImpl.getFileStatus(KeyManagerImpl.java:1111) ~[ozone-manager-1.4.0-SNAPSHOT.jar:?]
	at org.apache.hadoop.ozone.om.OmMetadataReader.getFileStatus(OmMetadataReader.java:262) ~[ozone-manager-1.4.0-SNAPSHOT.jar:?]
	at org.apache.hadoop.ozone.om.OzoneManager.getFileStatus(OzoneManager.java:3533) ~[ozone-manager-1.4.0-SNAPSHOT.jar:?]
	at org.apache.hadoop.ozone.protocolPB.OzoneManagerRequestHandler.getOzoneFileStatus(OzoneManagerRequestHandler.java:971) ~[ozone-manager-1.4.0-SNAPSHOT.jar:?]
	at org.apache.hadoop.ozone.protocolPB.OzoneManagerRequestHandler.handleReadRequest(OzoneManagerRequestHandler.java:250) ~[ozone-manager-1.4.0-SNAPSHOT.jar:?]
	at org.apache.hadoop.ozone.protocolPB.OzoneManagerProtocolServerSideTranslatorPB.submitRequestDirectlyToOM(OzoneManagerProtocolServerSideTranslatorPB.java:274) ~[ozone-manager-1.4.0-SNAPSHOT.jar:?]
	at org.apache.hadoop.ozone.protocolPB.OzoneManagerProtocolServerSideTranslatorPB.processRequest(OzoneManagerProtocolServerSideTranslatorPB.java:175) ~[ozone-manager-1.4.0-SNAPSHOT.jar:?]
	at org.apache.hadoop.hdds.server.OzoneProtocolMessageDispatcher.processRequest(OzoneProtocolMessageDispatcher.java:87) [hdds-server-framework-1.4.0-SNAPSHOT.jar:?]
	at org.apache.hadoop.ozone.protocolPB.OzoneManagerProtocolServerSideTranslatorPB.submitRequest(OzoneManagerProtocolServerSideTranslatorPB.java:148) [ozone-manager-1.4.0-SNAPSHOT.jar:?]
	at org.apache.hadoop.ozone.protocol.proto.OzoneManagerProtocolProtos$OzoneManagerService$2.callBlockingMethod(OzoneManagerProtocolProtos.java) [ozone-interface-client-1.4.0-SNAPSHOT.jar:?]
	at org.apache.hadoop.ipc.ProtobufRpcEngine$Server.processCall(ProtobufRpcEngine.java:484) [hadoop-common-3.3.6.jar:?]
	at org.apache.hadoop.ipc.ProtobufRpcEngine2$Server$ProtoBufRpcInvoker.call(ProtobufRpcEngine2.java:595) [hadoop-common-3.3.6.jar:?]
	at org.apache.hadoop.ipc.ProtobufRpcEngine2$Server$ProtoBufRpcInvoker.call(ProtobufRpcEngine2.java:573) [hadoop-common-3.3.6.jar:?]
	at org.apache.hadoop.ipc.RPC$Server.call(RPC.java:1227) [hadoop-common-3.3.6.jar:?]
	at org.apache.hadoop.ipc.Server$RpcCall.run(Server.java:1094) [hadoop-common-3.3.6.jar:?]
	at org.apache.hadoop.ipc.Server$RpcCall.run(Server.java:1017) [hadoop-common-3.3.6.jar:?]
	at java.security.AccessController.doPrivileged(Native Method) ~[?:1.8.0_382]
	at javax.security.auth.Subject.doAs(Subject.java:422) [?:1.8.0_382]
	at org.apache.hadoop.security.UserGroupInformation.doAs(UserGroupInformation.java:1899) [hadoop-common-3.3.6.jar:?]
	at org.apache.hadoop.ipc.Server$Handler.run(Server.java:3048) [hadoop-common-3.3.6.jar:?]
2023-09-25 17:58:44,450 [Time-limited test] INFO  rpc.RpcClient (RpcClient.java:createVolume(461)) - Creating Volume: volume01561, with user29750 as owner and space quota set to -1 bytes, counts quota set to -1
2023-09-25 17:58:44,451 [IPC Server handler 4 on default port 15057] INFO  volume.OMVolumeCreateRequest (OMVolumeCreateRequest.java:validateAndUpdateCache(196)) - created volume:volume01561 for user:user29750
2023-09-25 17:58:44,452 [Time-limited test] INFO  rpc.RpcClient (RpcClient.java:createBucket(688)) - Creating Bucket: volume01561/bucket20633, with bucket layout FILE_SYSTEM_OPTIMIZED, runner as owner, Versioning false, Storage Type set to DISK and Encryption set to false, Replication Type set to server-side default replication type, Namespace Quota set to -1, Space Quota set to -1 
2023-09-25 17:58:44,453 [IPC Server handler 0 on default port 15057] INFO  bucket.OMBucketCreateRequest (OMBucketCreateRequest.java:validateAndUpdateCache(270)) - created bucket: bucket20633 of layout FILE_SYSTEM_OPTIMIZED in volume: volume01561
17:58:44.474 [IPC Server handler 16 on default port 15057] ERROR OMAudit - user=runner | ip=127.0.0.1 | op=GET_FILE_STATUS {volume=f8139b91-c5a0-449e-86b7-b51e8733c695, bucket=50cd8f89-b684-4f83-9b98-ff20b3faca08, key=.Trash, dataSize=0, replicationConfig=null} | ret=FAILURE
org.apache.hadoop.ozone.om.exceptions.OMException: Unable to get file status: volume: f8139b91-c5a0-449e-86b7-b51e8733c695 bucket: 50cd8f89-b684-4f83-9b98-ff20b3faca08 key: .Trash
	at org.apache.hadoop.ozone.om.KeyManagerImpl.getOzoneFileStatus(KeyManagerImpl.java:1195) ~[ozone-manager-1.4.0-SNAPSHOT.jar:?]
	at org.apache.hadoop.ozone.om.KeyManagerImpl.getFileStatus(KeyManagerImpl.java:1113) ~[ozone-manager-1.4.0-SNAPSHOT.jar:?]
	at org.apache.hadoop.ozone.om.OmMetadataReader.getFileStatus(OmMetadataReader.java:262) ~[ozone-manager-1.4.0-SNAPSHOT.jar:?]
	at org.apache.hadoop.ozone.om.OzoneManager.getFileStatus(OzoneManager.java:3533) ~[ozone-manager-1.4.0-SNAPSHOT.jar:?]
	at org.apache.hadoop.ozone.protocolPB.OzoneManagerRequestHandler.getOzoneFileStatus(OzoneManagerRequestHandler.java:971) ~[ozone-manager-1.4.0-SNAPSHOT.jar:?]
	at org.apache.hadoop.ozone.protocolPB.OzoneManagerRequestHandler.handleReadRequest(OzoneManagerRequestHandler.java:250) ~[ozone-manager-1.4.0-SNAPSHOT.jar:?]
	at org.apache.hadoop.ozone.protocolPB.OzoneManagerProtocolServerSideTranslatorPB.submitRequestDirectlyToOM(OzoneManagerProtocolServerSideTranslatorPB.java:274) ~[ozone-manager-1.4.0-SNAPSHOT.jar:?]
	at org.apache.hadoop.ozone.protocolPB.OzoneManagerProtocolServerSideTranslatorPB.processRequest(OzoneManagerProtocolServerSideTranslatorPB.java:175) ~[ozone-manager-1.4.0-SNAPSHOT.jar:?]
	at org.apache.hadoop.hdds.server.OzoneProtocolMessageDispatcher.processRequest(OzoneProtocolMessageDispatcher.java:87) [hdds-server-framework-1.4.0-SNAPSHOT.jar:?]
	at org.apache.hadoop.ozone.protocolPB.OzoneManagerProtocolServerSideTranslatorPB.submitRequest(OzoneManagerProtocolServerSideTranslatorPB.java:148) [ozone-manager-1.4.0-SNAPSHOT.jar:?]
	at org.apache.hadoop.ozone.protocol.proto.OzoneManagerProtocolProtos$OzoneManagerService$2.callBlockingMethod(OzoneManagerProtocolProtos.java) [ozone-interface-client-1.4.0-SNAPSHOT.jar:?]
	at org.apache.hadoop.ipc.ProtobufRpcEngine$Server.processCall(ProtobufRpcEngine.java:484) [hadoop-common-3.3.6.jar:?]
	at org.apache.hadoop.ipc.ProtobufRpcEngine2$Server$ProtoBufRpcInvoker.call(ProtobufRpcEngine2.java:595) [hadoop-common-3.3.6.jar:?]
	at org.apache.hadoop.ipc.ProtobufRpcEngine2$Server$ProtoBufRpcInvoker.call(ProtobufRpcEngine2.java:573) [hadoop-common-3.3.6.jar:?]
	at org.apache.hadoop.ipc.RPC$Server.call(RPC.java:1227) [hadoop-common-3.3.6.jar:?]
	at org.apache.hadoop.ipc.Server$RpcCall.run(Server.java:1094) [hadoop-common-3.3.6.jar:?]
	at org.apache.hadoop.ipc.Server$RpcCall.run(Server.java:1017) [hadoop-common-3.3.6.jar:?]
	at java.security.AccessController.doPrivileged(Native Method) ~[?:1.8.0_382]
	at javax.security.auth.Subject.doAs(Subject.java:422) [?:1.8.0_382]
	at org.apache.hadoop.security.UserGroupInformation.doAs(UserGroupInformation.java:1899) [hadoop-common-3.3.6.jar:?]
	at org.apache.hadoop.ipc.Server$Handler.run(Server.java:3048) [hadoop-common-3.3.6.jar:?]
17:58:44.492 [IPC Server handler 7 on default port 15057] ERROR OMAudit - user=runner | ip=127.0.0.1 | op=GET_FILE_STATUS {volume=volume50120, bucket=bucket21958, key=.Trash, dataSize=0, replicationConfig=null} | ret=FAILURE
org.apache.hadoop.ozone.om.exceptions.OMException: Unable to get file status: volume: volume50120 bucket: bucket21958 key: .Trash
	at org.apache.hadoop.ozone.om.KeyManagerImpl.getOzoneFileStatusFSO(KeyManagerImpl.java:1327) ~[ozone-manager-1.4.0-SNAPSHOT.jar:?]
	at org.apache.hadoop.ozone.om.KeyManagerImpl.getFileStatus(KeyManagerImpl.java:1111) ~[ozone-manager-1.4.0-SNAPSHOT.jar:?]
	at org.apache.hadoop.ozone.om.OmMetadataReader.getFileStatus(OmMetadataReader.java:262) ~[ozone-manager-1.4.0-SNAPSHOT.jar:?]
	at org.apache.hadoop.ozone.om.OzoneManager.getFileStatus(OzoneManager.java:3533) ~[ozone-manager-1.4.0-SNAPSHOT.jar:?]
	at org.apache.hadoop.ozone.protocolPB.OzoneManagerRequestHandler.getOzoneFileStatus(OzoneManagerRequestHandler.java:971) ~[ozone-manager-1.4.0-SNAPSHOT.jar:?]
	at org.apache.hadoop.ozone.protocolPB.OzoneManagerRequestHandler.handleReadRequest(OzoneManagerRequestHandler.java:250) ~[ozone-manager-1.4.0-SNAPSHOT.jar:?]
	at org.apache.hadoop.ozone.protocolPB.OzoneManagerProtocolServerSideTranslatorPB.submitRequestDirectlyToOM(OzoneManagerProtocolServerSideTranslatorPB.java:274) ~[ozone-manager-1.4.0-SNAPSHOT.jar:?]
	at org.apache.hadoop.ozone.protocolPB.OzoneManagerProtocolServerSideTranslatorPB.processRequest(OzoneManagerProtocolServerSideTranslatorPB.java:175) ~[ozone-manager-1.4.0-SNAPSHOT.jar:?]
	at org.apache.hadoop.hdds.server.OzoneProtocolMessageDispatcher.processRequest(OzoneProtocolMessageDispatcher.java:87) [hdds-server-framework-1.4.0-SNAPSHOT.jar:?]
	at org.apache.hadoop.ozone.protocolPB.OzoneManagerProtocolServerSideTranslatorPB.submitRequest(OzoneManagerProtocolServerSideTranslatorPB.java:148) [ozone-manager-1.4.0-SNAPSHOT.jar:?]
	at org.apache.hadoop.ozone.protocol.proto.OzoneManagerProtocolProtos$OzoneManagerService$2.callBlockingMethod(OzoneManagerProtocolProtos.java) [ozone-interface-client-1.4.0-SNAPSHOT.jar:?]
	at org.apache.hadoop.ipc.ProtobufRpcEngine$Server.processCall(ProtobufRpcEngine.java:484) [hadoop-common-3.3.6.jar:?]
	at org.apache.hadoop.ipc.ProtobufRpcEngine2$Server$ProtoBufRpcInvoker.call(ProtobufRpcEngine2.java:595) [hadoop-common-3.3.6.jar:?]
	at org.apache.hadoop.ipc.ProtobufRpcEngine2$Server$ProtoBufRpcInvoker.call(ProtobufRpcEngine2.java:573) [hadoop-common-3.3.6.jar:?]
	at org.apache.hadoop.ipc.RPC$Server.call(RPC.java:1227) [hadoop-common-3.3.6.jar:?]
	at org.apache.hadoop.ipc.Server$RpcCall.run(Server.java:1094) [hadoop-common-3.3.6.jar:?]
	at org.apache.hadoop.ipc.Server$RpcCall.run(Server.java:1017) [hadoop-common-3.3.6.jar:?]
	at java.security.AccessController.doPrivileged(Native Method) ~[?:1.8.0_382]
	at javax.security.auth.Subject.doAs(Subject.java:422) [?:1.8.0_382]
	at org.apache.hadoop.security.UserGroupInformation.doAs(UserGroupInformation.java:1899) [hadoop-common-3.3.6.jar:?]
	at org.apache.hadoop.ipc.Server$Handler.run(Server.java:3048) [hadoop-common-3.3.6.jar:?]
17:58:44.513 [IPC Server handler 1 on default port 15057] ERROR OMAudit - user=runner | ip=127.0.0.1 | op=GET_FILE_STATUS {volume=f8139b91-c5a0-449e-86b7-b51e8733c695, bucket=50cd8f89-b684-4f83-9b98-ff20b3faca08, key=.Trash, dataSize=0, replicationConfig=null} | ret=FAILURE
org.apache.hadoop.ozone.om.exceptions.OMException: Unable to get file status: volume: f8139b91-c5a0-449e-86b7-b51e8733c695 bucket: 50cd8f89-b684-4f83-9b98-ff20b3faca08 key: .Trash
	at org.apache.hadoop.ozone.om.KeyManagerImpl.getOzoneFileStatus(KeyManagerImpl.java:1195) ~[ozone-manager-1.4.0-SNAPSHOT.jar:?]
	at org.apache.hadoop.ozone.om.KeyManagerImpl.getFileStatus(KeyManagerImpl.java:1113) ~[ozone-manager-1.4.0-SNAPSHOT.jar:?]
	at org.apache.hadoop.ozone.om.OmMetadataReader.getFileStatus(OmMetadataReader.java:262) ~[ozone-manager-1.4.0-SNAPSHOT.jar:?]
	at org.apache.hadoop.ozone.om.OzoneManager.getFileStatus(OzoneManager.java:3533) ~[ozone-manager-1.4.0-SNAPSHOT.jar:?]
	at org.apache.hadoop.ozone.protocolPB.OzoneManagerRequestHandler.getOzoneFileStatus(OzoneManagerRequestHandler.java:971) ~[ozone-manager-1.4.0-SNAPSHOT.jar:?]
	at org.apache.hadoop.ozone.protocolPB.OzoneManagerRequestHandler.handleReadRequest(OzoneManagerRequestHandler.java:250) ~[ozone-manager-1.4.0-SNAPSHOT.jar:?]
	at org.apache.hadoop.ozone.protocolPB.OzoneManagerProtocolServerSideTranslatorPB.submitRequestDirectlyToOM(OzoneManagerProtocolServerSideTranslatorPB.java:274) ~[ozone-manager-1.4.0-SNAPSHOT.jar:?]
	at org.apache.hadoop.ozone.protocolPB.OzoneManagerProtocolServerSideTranslatorPB.processRequest(OzoneManagerProtocolServerSideTranslatorPB.java:175) ~[ozone-manager-1.4.0-SNAPSHOT.jar:?]
	at org.apache.hadoop.hdds.server.OzoneProtocolMessageDispatcher.processRequest(OzoneProtocolMessageDispatcher.java:87) [hdds-server-framework-1.4.0-SNAPSHOT.jar:?]
	at org.apache.hadoop.ozone.protocolPB.OzoneManagerProtocolServerSideTranslatorPB.submitRequest(OzoneManagerProtocolServerSideTranslatorPB.java:148) [ozone-manager-1.4.0-SNAPSHOT.jar:?]
	at org.apache.hadoop.ozone.protocol.proto.OzoneManagerProtocolProtos$OzoneManagerService$2.callBlockingMethod(OzoneManagerProtocolProtos.java) [ozone-interface-client-1.4.0-SNAPSHOT.jar:?]
	at org.apache.hadoop.ipc.ProtobufRpcEngine$Server.processCall(ProtobufRpcEngine.java:484) [hadoop-common-3.3.6.jar:?]
	at org.apache.hadoop.ipc.ProtobufRpcEngine2$Server$ProtoBufRpcInvoker.call(ProtobufRpcEngine2.java:595) [hadoop-common-3.3.6.jar:?]
	at org.apache.hadoop.ipc.ProtobufRpcEngine2$Server$ProtoBufRpcInvoker.call(ProtobufRpcEngine2.java:573) [hadoop-common-3.3.6.jar:?]
	at org.apache.hadoop.ipc.RPC$Server.call(RPC.java:1227) [hadoop-common-3.3.6.jar:?]
	at org.apache.hadoop.ipc.Server$RpcCall.run(Server.java:1094) [hadoop-common-3.3.6.jar:?]
	at org.apache.hadoop.ipc.Server$RpcCall.run(Server.java:1017) [hadoop-common-3.3.6.jar:?]
	at java.security.AccessController.doPrivileged(Native Method) ~[?:1.8.0_382]
	at javax.security.auth.Subject.doAs(Subject.java:422) [?:1.8.0_382]
	at org.apache.hadoop.security.UserGroupInformation.doAs(UserGroupInformation.java:1899) [hadoop-common-3.3.6.jar:?]
	at org.apache.hadoop.ipc.Server$Handler.run(Server.java:3048) [hadoop-common-3.3.6.jar:?]
17:58:44.533 [IPC Server handler 5 on default port 15057] ERROR OMAudit - user=runner | ip=127.0.0.1 | op=GET_FILE_STATUS {volume=volume50120, bucket=bucket21958, key=.Trash, dataSize=0, replicationConfig=null} | ret=FAILURE
org.apache.hadoop.ozone.om.exceptions.OMException: Unable to get file status: volume: volume50120 bucket: bucket21958 key: .Trash
	at org.apache.hadoop.ozone.om.KeyManagerImpl.getOzoneFileStatusFSO(KeyManagerImpl.java:1327) ~[ozone-manager-1.4.0-SNAPSHOT.jar:?]
	at org.apache.hadoop.ozone.om.KeyManagerImpl.getFileStatus(KeyManagerImpl.java:1111) ~[ozone-manager-1.4.0-SNAPSHOT.jar:?]
	at org.apache.hadoop.ozone.om.OmMetadataReader.getFileStatus(OmMetadataReader.java:262) ~[ozone-manager-1.4.0-SNAPSHOT.jar:?]
	at org.apache.hadoop.ozone.om.OzoneManager.getFileStatus(OzoneManager.java:3533) ~[ozone-manager-1.4.0-SNAPSHOT.jar:?]
	at org.apache.hadoop.ozone.protocolPB.OzoneManagerRequestHandler.getOzoneFileStatus(OzoneManagerRequestHandler.java:971) ~[ozone-manager-1.4.0-SNAPSHOT.jar:?]
	at org.apache.hadoop.ozone.protocolPB.OzoneManagerRequestHandler.handleReadRequest(OzoneManagerRequestHandler.java:250) ~[ozone-manager-1.4.0-SNAPSHOT.jar:?]
	at org.apache.hadoop.ozone.protocolPB.OzoneManagerProtocolServerSideTranslatorPB.submitRequestDirectlyToOM(OzoneManagerProtocolServerSideTranslatorPB.java:274) ~[ozone-manager-1.4.0-SNAPSHOT.jar:?]
	at org.apache.hadoop.ozone.protocolPB.OzoneManagerProtocolServerSideTranslatorPB.processRequest(OzoneManagerProtocolServerSideTranslatorPB.java:175) ~[ozone-manager-1.4.0-SNAPSHOT.jar:?]
	at org.apache.hadoop.hdds.server.OzoneProtocolMessageDispatcher.processRequest(OzoneProtocolMessageDispatcher.java:87) [hdds-server-framework-1.4.0-SNAPSHOT.jar:?]
	at org.apache.hadoop.ozone.protocolPB.OzoneManagerProtocolServerSideTranslatorPB.submitRequest(OzoneManagerProtocolServerSideTranslatorPB.java:148) [ozone-manager-1.4.0-SNAPSHOT.jar:?]
	at org.apache.hadoop.ozone.protocol.proto.OzoneManagerProtocolProtos$OzoneManagerService$2.callBlockingMethod(OzoneManagerProtocolProtos.java) [ozone-interface-client-1.4.0-SNAPSHOT.jar:?]
	at org.apache.hadoop.ipc.ProtobufRpcEngine$Server.processCall(ProtobufRpcEngine.java:484) [hadoop-common-3.3.6.jar:?]
	at org.apache.hadoop.ipc.ProtobufRpcEngine2$Server$ProtoBufRpcInvoker.call(ProtobufRpcEngine2.java:595) [hadoop-common-3.3.6.jar:?]
	at org.apache.hadoop.ipc.ProtobufRpcEngine2$Server$ProtoBufRpcInvoker.call(ProtobufRpcEngine2.java:573) [hadoop-common-3.3.6.jar:?]
	at org.apache.hadoop.ipc.RPC$Server.call(RPC.java:1227) [hadoop-common-3.3.6.jar:?]
	at org.apache.hadoop.ipc.Server$RpcCall.run(Server.java:1094) [hadoop-common-3.3.6.jar:?]
	at org.apache.hadoop.ipc.Server$RpcCall.run(Server.java:1017) [hadoop-common-3.3.6.jar:?]
	at java.security.AccessController.doPrivileged(Native Method) ~[?:1.8.0_382]
	at javax.security.auth.Subject.doAs(Subject.java:422) [?:1.8.0_382]
	at org.apache.hadoop.security.UserGroupInformation.doAs(UserGroupInformation.java:1899) [hadoop-common-3.3.6.jar:?]
	at org.apache.hadoop.ipc.Server$Handler.run(Server.java:3048) [hadoop-common-3.3.6.jar:?]
17:58:44.545 [IPC Server handler 4 on default port 15057] ERROR OMAudit - user=runner | ip=127.0.0.1 | op=GET_FILE_STATUS {volume=volume01561, bucket=bucket20633, key=.Trash/runner, dataSize=0, replicationConfig=null} | ret=FAILURE
org.apache.hadoop.ozone.om.exceptions.OMException: Unable to get file status: volume: volume01561 bucket: bucket20633 key: .Trash/runner
	at org.apache.hadoop.ozone.om.KeyManagerImpl.getOzoneFileStatusFSO(KeyManagerImpl.java:1327) ~[ozone-manager-1.4.0-SNAPSHOT.jar:?]
	at org.apache.hadoop.ozone.om.KeyManagerImpl.getFileStatus(KeyManagerImpl.java:1111) ~[ozone-manager-1.4.0-SNAPSHOT.jar:?]
	at org.apache.hadoop.ozone.om.OmMetadataReader.getFileStatus(OmMetadataReader.java:262) ~[ozone-manager-1.4.0-SNAPSHOT.jar:?]
	at org.apache.hadoop.ozone.om.OzoneManager.getFileStatus(OzoneManager.java:3533) ~[ozone-manager-1.4.0-SNAPSHOT.jar:?]
	at org.apache.hadoop.ozone.protocolPB.OzoneManagerRequestHandler.getOzoneFileStatus(OzoneManagerRequestHandler.java:971) ~[ozone-manager-1.4.0-SNAPSHOT.jar:?]
	at org.apache.hadoop.ozone.protocolPB.OzoneManagerRequestHandler.handleReadRequest(OzoneManagerRequestHandler.java:250) ~[ozone-manager-1.4.0-SNAPSHOT.jar:?]
	at org.apache.hadoop.ozone.protocolPB.OzoneManagerProtocolServerSideTranslatorPB.submitRequestDirectlyToOM(OzoneManagerProtocolServerSideTranslatorPB.java:274) ~[ozone-manager-1.4.0-SNAPSHOT.jar:?]
	at org.apache.hadoop.ozone.protocolPB.OzoneManagerProtocolServerSideTranslatorPB.processRequest(OzoneManagerProtocolServerSideTranslatorPB.java:175) ~[ozone-manager-1.4.0-SNAPSHOT.jar:?]
	at org.apache.hadoop.hdds.server.OzoneProtocolMessageDispatcher.processRequest(OzoneProtocolMessageDispatcher.java:87) [hdds-server-framework-1.4.0-SNAPSHOT.jar:?]
	at org.apache.hadoop.ozone.protocolPB.OzoneManagerProtocolServerSideTranslatorPB.submitRequest(OzoneManagerProtocolServerSideTranslatorPB.java:148) [ozone-manager-1.4.0-SNAPSHOT.jar:?]
	at org.apache.hadoop.ozone.protocol.proto.OzoneManagerProtocolProtos$OzoneManagerService$2.callBlockingMethod(OzoneManagerProtocolProtos.java) [ozone-interface-client-1.4.0-SNAPSHOT.jar:?]
	at org.apache.hadoop.ipc.ProtobufRpcEngine$Server.processCall(ProtobufRpcEngine.java:484) [hadoop-common-3.3.6.jar:?]
	at org.apache.hadoop.ipc.ProtobufRpcEngine2$Server$ProtoBufRpcInvoker.call(ProtobufRpcEngine2.java:595) [hadoop-common-3.3.6.jar:?]
	at org.apache.hadoop.ipc.ProtobufRpcEngine2$Server$ProtoBufRpcInvoker.call(ProtobufRpcEngine2.java:573) [hadoop-common-3.3.6.jar:?]
	at org.apache.hadoop.ipc.RPC$Server.call(RPC.java:1227) [hadoop-common-3.3.6.jar:?]
	at org.apache.hadoop.ipc.Server$RpcCall.run(Server.java:1094) [hadoop-common-3.3.6.jar:?]
	at org.apache.hadoop.ipc.Server$RpcCall.run(Server.java:1017) [hadoop-common-3.3.6.jar:?]
	at java.security.AccessController.doPrivileged(Native Method) ~[?:1.8.0_382]
	at javax.security.auth.Subject.doAs(Subject.java:422) [?:1.8.0_382]
	at org.apache.hadoop.security.UserGroupInformation.doAs(UserGroupInformation.java:1899) [hadoop-common-3.3.6.jar:?]
	at org.apache.hadoop.ipc.Server$Handler.run(Server.java:3048) [hadoop-common-3.3.6.jar:?]
17:58:44.557 [IPC Server handler 3 on default port 15057] ERROR OMAudit - user=runner | ip=127.0.0.1 | op=GET_FILE_STATUS {volume=f8139b91-c5a0-449e-86b7-b51e8733c695, bucket=50cd8f89-b684-4f83-9b98-ff20b3faca08, key=.Trash, dataSize=0, replicationConfig=null} | ret=FAILURE
org.apache.hadoop.ozone.om.exceptions.OMException: Unable to get file status: volume: f8139b91-c5a0-449e-86b7-b51e8733c695 bucket: 50cd8f89-b684-4f83-9b98-ff20b3faca08 key: .Trash
	at org.apache.hadoop.ozone.om.KeyManagerImpl.getOzoneFileStatus(KeyManagerImpl.java:1195) ~[ozone-manager-1.4.0-SNAPSHOT.jar:?]
	at org.apache.hadoop.ozone.om.KeyManagerImpl.getFileStatus(KeyManagerImpl.java:1113) ~[ozone-manager-1.4.0-SNAPSHOT.jar:?]
	at org.apache.hadoop.ozone.om.OmMetadataReader.getFileStatus(OmMetadataReader.java:262) ~[ozone-manager-1.4.0-SNAPSHOT.jar:?]
	at org.apache.hadoop.ozone.om.OzoneManager.getFileStatus(OzoneManager.java:3533) ~[ozone-manager-1.4.0-SNAPSHOT.jar:?]
	at org.apache.hadoop.ozone.protocolPB.OzoneManagerRequestHandler.getOzoneFileStatus(OzoneManagerRequestHandler.java:971) ~[ozone-manager-1.4.0-SNAPSHOT.jar:?]
	at org.apache.hadoop.ozone.protocolPB.OzoneManagerRequestHandler.handleReadRequest(OzoneManagerRequestHandler.java:250) ~[ozone-manager-1.4.0-SNAPSHOT.jar:?]
	at org.apache.hadoop.ozone.protocolPB.OzoneManagerProtocolServerSideTranslatorPB.submitRequestDirectlyToOM(OzoneManagerProtocolServerSideTranslatorPB.java:274) ~[ozone-manager-1.4.0-SNAPSHOT.jar:?]
	at org.apache.hadoop.ozone.protocolPB.OzoneManagerProtocolServerSideTranslatorPB.processRequest(OzoneManagerProtocolServerSideTranslatorPB.java:175) ~[ozone-manager-1.4.0-SNAPSHOT.jar:?]
	at org.apache.hadoop.hdds.server.OzoneProtocolMessageDispatcher.processRequest(OzoneProtocolMessageDispatcher.java:87) [hdds-server-framework-1.4.0-SNAPSHOT.jar:?]
	at org.apache.hadoop.ozone.protocolPB.OzoneManagerProtocolServerSideTranslatorPB.submitRequest(OzoneManagerProtocolServerSideTranslatorPB.java:148) [ozone-manager-1.4.0-SNAPSHOT.jar:?]
	at org.apache.hadoop.ozone.protocol.proto.OzoneManagerProtocolProtos$OzoneManagerService$2.callBlockingMethod(OzoneManagerProtocolProtos.java) [ozone-interface-client-1.4.0-SNAPSHOT.jar:?]
	at org.apache.hadoop.ipc.ProtobufRpcEngine$Server.processCall(ProtobufRpcEngine.java:484) [hadoop-common-3.3.6.jar:?]
	at org.apache.hadoop.ipc.ProtobufRpcEngine2$Server$ProtoBufRpcInvoker.call(ProtobufRpcEngine2.java:595) [hadoop-common-3.3.6.jar:?]
	at org.apache.hadoop.ipc.ProtobufRpcEngine2$Server$ProtoBufRpcInvoker.call(ProtobufRpcEngine2.java:573) [hadoop-common-3.3.6.jar:?]
	at org.apache.hadoop.ipc.RPC$Server.call(RPC.java:1227) [hadoop-common-3.3.6.jar:?]
	at org.apache.hadoop.ipc.Server$RpcCall.run(Server.java:1094) [hadoop-common-3.3.6.jar:?]
	at org.apache.hadoop.ipc.Server$RpcCall.run(Server.java:1017) [hadoop-common-3.3.6.jar:?]
	at java.security.AccessController.doPrivileged(Native Method) ~[?:1.8.0_382]
	at javax.security.auth.Subject.doAs(Subject.java:422) [?:1.8.0_382]
	at org.apache.hadoop.security.UserGroupInformation.doAs(UserGroupInformation.java:1899) [hadoop-common-3.3.6.jar:?]
	at org.apache.hadoop.ipc.Server$Handler.run(Server.java:3048) [hadoop-common-3.3.6.jar:?]
17:58:44.559 [IPC Server handler 8 on default port 15057] ERROR OMAudit - user=runner | ip=127.0.0.1 | op=GET_FILE_STATUS {volume=volume01561, bucket=bucket20633, key=.Trash, dataSize=0, replicationConfig=null} | ret=FAILURE
org.apache.hadoop.ozone.om.exceptions.OMException: Unable to get file status: volume: volume01561 bucket: bucket20633 key: .Trash
	at org.apache.hadoop.ozone.om.KeyManagerImpl.getOzoneFileStatusFSO(KeyManagerImpl.java:1327) ~[ozone-manager-1.4.0-SNAPSHOT.jar:?]
	at org.apache.hadoop.ozone.om.KeyManagerImpl.getFileStatus(KeyManagerImpl.java:1111) ~[ozone-manager-1.4.0-SNAPSHOT.jar:?]
	at org.apache.hadoop.ozone.om.OmMetadataReader.getFileStatus(OmMetadataReader.java:262) ~[ozone-manager-1.4.0-SNAPSHOT.jar:?]
	at org.apache.hadoop.ozone.om.OzoneManager.getFileStatus(OzoneManager.java:3533) ~[ozone-manager-1.4.0-SNAPSHOT.jar:?]
	at org.apache.hadoop.ozone.protocolPB.OzoneManagerRequestHandler.getOzoneFileStatus(OzoneManagerRequestHandler.java:971) ~[ozone-manager-1.4.0-SNAPSHOT.jar:?]
	at org.apache.hadoop.ozone.protocolPB.OzoneManagerRequestHandler.handleReadRequest(OzoneManagerRequestHandler.java:250) ~[ozone-manager-1.4.0-SNAPSHOT.jar:?]
	at org.apache.hadoop.ozone.protocolPB.OzoneManagerProtocolServerSideTranslatorPB.submitRequestDirectlyToOM(OzoneManagerProtocolServerSideTranslatorPB.java:274) ~[ozone-manager-1.4.0-SNAPSHOT.jar:?]
	at org.apache.hadoop.ozone.protocolPB.OzoneManagerProtocolServerSideTranslatorPB.processRequest(OzoneManagerProtocolServerSideTranslatorPB.java:175) ~[ozone-manager-1.4.0-SNAPSHOT.jar:?]
	at org.apache.hadoop.hdds.server.OzoneProtocolMessageDispatcher.processRequest(OzoneProtocolMessageDispatcher.java:87) [hdds-server-framework-1.4.0-SNAPSHOT.jar:?]
	at org.apache.hadoop.ozone.protocolPB.OzoneManagerProtocolServerSideTranslatorPB.submitRequest(OzoneManagerProtocolServerSideTranslatorPB.java:148) [ozone-manager-1.4.0-SNAPSHOT.jar:?]
	at org.apache.hadoop.ozone.protocol.proto.OzoneManagerProtocolProtos$OzoneManagerService$2.callBlockingMethod(OzoneManagerProtocolProtos.java) [ozone-interface-client-1.4.0-SNAPSHOT.jar:?]
	at org.apache.hadoop.ipc.ProtobufRpcEngine$Server.processCall(ProtobufRpcEngine.java:484) [hadoop-common-3.3.6.jar:?]
	at org.apache.hadoop.ipc.ProtobufRpcEngine2$Server$ProtoBufRpcInvoker.call(ProtobufRpcEngine2.java:595) [hadoop-common-3.3.6.jar:?]
	at org.apache.hadoop.ipc.ProtobufRpcEngine2$Server$ProtoBufRpcInvoker.call(ProtobufRpcEngine2.java:573) [hadoop-common-3.3.6.jar:?]
	at org.apache.hadoop.ipc.RPC$Server.call(RPC.java:1227) [hadoop-common-3.3.6.jar:?]
	at org.apache.hadoop.ipc.Server$RpcCall.run(Server.java:1094) [hadoop-common-3.3.6.jar:?]
	at org.apache.hadoop.ipc.Server$RpcCall.run(Server.java:1017) [hadoop-common-3.3.6.jar:?]
	at java.security.AccessController.doPrivileged(Native Method) ~[?:1.8.0_382]
	at javax.security.auth.Subject.doAs(Subject.java:422) [?:1.8.0_382]
	at org.apache.hadoop.security.UserGroupInformation.doAs(UserGroupInformation.java:1899) [hadoop-common-3.3.6.jar:?]
	at org.apache.hadoop.ipc.Server$Handler.run(Server.java:3048) [hadoop-common-3.3.6.jar:?]
17:58:44.571 [IPC Server handler 8 on default port 15057] ERROR OMAudit - user=runner | ip=127.0.0.1 | op=GET_FILE_STATUS {volume=volume50120, bucket=bucket21958, key=.Trash, dataSize=0, replicationConfig=null} | ret=FAILURE
org.apache.hadoop.ozone.om.exceptions.OMException: Unable to get file status: volume: volume50120 bucket: bucket21958 key: .Trash
	at org.apache.hadoop.ozone.om.KeyManagerImpl.getOzoneFileStatusFSO(KeyManagerImpl.java:1327) ~[ozone-manager-1.4.0-SNAPSHOT.jar:?]
	at org.apache.hadoop.ozone.om.KeyManagerImpl.getFileStatus(KeyManagerImpl.java:1111) ~[ozone-manager-1.4.0-SNAPSHOT.jar:?]
	at org.apache.hadoop.ozone.om.OmMetadataReader.getFileStatus(OmMetadataReader.java:262) ~[ozone-manager-1.4.0-SNAPSHOT.jar:?]
	at org.apache.hadoop.ozone.om.OzoneManager.getFileStatus(OzoneManager.java:3533) ~[ozone-manager-1.4.0-SNAPSHOT.jar:?]
	at org.apache.hadoop.ozone.protocolPB.OzoneManagerRequestHandler.getOzoneFileStatus(OzoneManagerRequestHandler.java:971) ~[ozone-manager-1.4.0-SNAPSHOT.jar:?]
	at org.apache.hadoop.ozone.protocolPB.OzoneManagerRequestHandler.handleReadRequest(OzoneManagerRequestHandler.java:250) ~[ozone-manager-1.4.0-SNAPSHOT.jar:?]
	at org.apache.hadoop.ozone.protocolPB.OzoneManagerProtocolServerSideTranslatorPB.submitRequestDirectlyToOM(OzoneManagerProtocolServerSideTranslatorPB.java:274) ~[ozone-manager-1.4.0-SNAPSHOT.jar:?]
	at org.apache.hadoop.ozone.protocolPB.OzoneManagerProtocolServerSideTranslatorPB.processRequest(OzoneManagerProtocolServerSideTranslatorPB.java:175) ~[ozone-manager-1.4.0-SNAPSHOT.jar:?]
	at org.apache.hadoop.hdds.server.OzoneProtocolMessageDispatcher.processRequest(OzoneProtocolMessageDispatcher.java:87) [hdds-server-framework-1.4.0-SNAPSHOT.jar:?]
	at org.apache.hadoop.ozone.protocolPB.OzoneManagerProtocolServerSideTranslatorPB.submitRequest(OzoneManagerProtocolServerSideTranslatorPB.java:148) [ozone-manager-1.4.0-SNAPSHOT.jar:?]
	at org.apache.hadoop.ozone.protocol.proto.OzoneManagerProtocolProtos$OzoneManagerService$2.callBlockingMethod(OzoneManagerProtocolProtos.java) [ozone-interface-client-1.4.0-SNAPSHOT.jar:?]
	at org.apache.hadoop.ipc.ProtobufRpcEngine$Server.processCall(ProtobufRpcEngine.java:484) [hadoop-common-3.3.6.jar:?]
	at org.apache.hadoop.ipc.ProtobufRpcEngine2$Server$ProtoBufRpcInvoker.call(ProtobufRpcEngine2.java:595) [hadoop-common-3.3.6.jar:?]
	at org.apache.hadoop.ipc.ProtobufRpcEngine2$Server$ProtoBufRpcInvoker.call(ProtobufRpcEngine2.java:573) [hadoop-common-3.3.6.jar:?]
	at org.apache.hadoop.ipc.RPC$Server.call(RPC.java:1227) [hadoop-common-3.3.6.jar:?]
	at org.apache.hadoop.ipc.Server$RpcCall.run(Server.java:1094) [hadoop-common-3.3.6.jar:?]
	at org.apache.hadoop.ipc.Server$RpcCall.run(Server.java:1017) [hadoop-common-3.3.6.jar:?]
	at java.security.AccessController.doPrivileged(Native Method) ~[?:1.8.0_382]
	at javax.security.auth.Subject.doAs(Subject.java:422) [?:1.8.0_382]
	at org.apache.hadoop.security.UserGroupInformation.doAs(UserGroupInformation.java:1899) [hadoop-common-3.3.6.jar:?]
	at org.apache.hadoop.ipc.Server$Handler.run(Server.java:3048) [hadoop-common-3.3.6.jar:?]
17:58:44.580 [IPC Server handler 19 on default port 15057] ERROR OMAudit - user=runner | ip=127.0.0.1 | op=GET_FILE_STATUS {volume=volume01561, bucket=bucket20633, key=.Trash/runner, dataSize=0, replicationConfig=null} | ret=FAILURE
org.apache.hadoop.ozone.om.exceptions.OMException: Unable to get file status: volume: volume01561 bucket: bucket20633 key: .Trash/runner
	at org.apache.hadoop.ozone.om.KeyManagerImpl.getOzoneFileStatusFSO(KeyManagerImpl.java:1327) ~[ozone-manager-1.4.0-SNAPSHOT.jar:?]
	at org.apache.hadoop.ozone.om.KeyManagerImpl.getFileStatus(KeyManagerImpl.java:1111) ~[ozone-manager-1.4.0-SNAPSHOT.jar:?]
	at org.apache.hadoop.ozone.om.OmMetadataReader.getFileStatus(OmMetadataReader.java:262) ~[ozone-manager-1.4.0-SNAPSHOT.jar:?]
	at org.apache.hadoop.ozone.om.OzoneManager.getFileStatus(OzoneManager.java:3533) ~[ozone-manager-1.4.0-SNAPSHOT.jar:?]
	at org.apache.hadoop.ozone.protocolPB.OzoneManagerRequestHandler.getOzoneFileStatus(OzoneManagerRequestHandler.java:971) ~[ozone-manager-1.4.0-SNAPSHOT.jar:?]
	at org.apache.hadoop.ozone.protocolPB.OzoneManagerRequestHandler.handleReadRequest(OzoneManagerRequestHandler.java:250) ~[ozone-manager-1.4.0-SNAPSHOT.jar:?]
	at org.apache.hadoop.ozone.protocolPB.OzoneManagerProtocolServerSideTranslatorPB.submitRequestDirectlyToOM(OzoneManagerProtocolServerSideTranslatorPB.java:274) ~[ozone-manager-1.4.0-SNAPSHOT.jar:?]
	at org.apache.hadoop.ozone.protocolPB.OzoneManagerProtocolServerSideTranslatorPB.processRequest(OzoneManagerProtocolServerSideTranslatorPB.java:175) ~[ozone-manager-1.4.0-SNAPSHOT.jar:?]
	at org.apache.hadoop.hdds.server.OzoneProtocolMessageDispatcher.processRequest(OzoneProtocolMessageDispatcher.java:87) [hdds-server-framework-1.4.0-SNAPSHOT.jar:?]
	at org.apache.hadoop.ozone.protocolPB.OzoneManagerProtocolServerSideTranslatorPB.submitRequest(OzoneManagerProtocolServerSideTranslatorPB.java:148) [ozone-manager-1.4.0-SNAPSHOT.jar:?]
	at org.apache.hadoop.ozone.protocol.proto.OzoneManagerProtocolProtos$OzoneManagerService$2.callBlockingMethod(OzoneManagerProtocolProtos.java) [ozone-interface-client-1.4.0-SNAPSHOT.jar:?]
	at org.apache.hadoop.ipc.ProtobufRpcEngine$Server.processCall(ProtobufRpcEngine.java:484) [hadoop-common-3.3.6.jar:?]
	at org.apache.hadoop.ipc.ProtobufRpcEngine2$Server$ProtoBufRpcInvoker.call(ProtobufRpcEngine2.java:595) [hadoop-common-3.3.6.jar:?]
	at org.apache.hadoop.ipc.ProtobufRpcEngine2$Server$ProtoBufRpcInvoker.call(ProtobufRpcEngine2.java:573) [hadoop-common-3.3.6.jar:?]
	at org.apache.hadoop.ipc.RPC$Server.call(RPC.java:1227) [hadoop-common-3.3.6.jar:?]
	at org.apache.hadoop.ipc.Server$RpcCall.run(Server.java:1094) [hadoop-common-3.3.6.jar:?]
	at org.apache.hadoop.ipc.Server$RpcCall.run(Server.java:1017) [hadoop-common-3.3.6.jar:?]
	at java.security.AccessController.doPrivileged(Native Method) ~[?:1.8.0_382]
	at javax.security.auth.Subject.doAs(Subject.java:422) [?:1.8.0_382]
	at org.apache.hadoop.security.UserGroupInformation.doAs(UserGroupInformation.java:1899) [hadoop-common-3.3.6.jar:?]
	at org.apache.hadoop.ipc.Server$Handler.run(Server.java:3048) [hadoop-common-3.3.6.jar:?]
17:58:44.588 [IPC Server handler 10 on default port 15057] ERROR OMAudit - user=runner | ip=127.0.0.1 | op=GET_FILE_STATUS {volume=volume04078, bucket=trashroottest2, key=.Trash/runner, dataSize=0, replicationConfig=null} | ret=FAILURE
org.apache.hadoop.ozone.om.exceptions.OMException: Unable to get file status: volume: volume04078 bucket: trashroottest2 key: .Trash/runner
	at org.apache.hadoop.ozone.om.KeyManagerImpl.getOzoneFileStatusFSO(KeyManagerImpl.java:1327) ~[ozone-manager-1.4.0-SNAPSHOT.jar:?]
	at org.apache.hadoop.ozone.om.KeyManagerImpl.getFileStatus(KeyManagerImpl.java:1111) ~[ozone-manager-1.4.0-SNAPSHOT.jar:?]
	at org.apache.hadoop.ozone.om.OmMetadataReader.getFileStatus(OmMetadataReader.java:262) ~[ozone-manager-1.4.0-SNAPSHOT.jar:?]
	at org.apache.hadoop.ozone.om.OzoneManager.getFileStatus(OzoneManager.java:3533) ~[ozone-manager-1.4.0-SNAPSHOT.jar:?]
	at org.apache.hadoop.ozone.protocolPB.OzoneManagerRequestHandler.getOzoneFileStatus(OzoneManagerRequestHandler.java:971) ~[ozone-manager-1.4.0-SNAPSHOT.jar:?]
	at org.apache.hadoop.ozone.protocolPB.OzoneManagerRequestHandler.handleReadRequest(OzoneManagerRequestHandler.java:250) ~[ozone-manager-1.4.0-SNAPSHOT.jar:?]
	at org.apache.hadoop.ozone.protocolPB.OzoneManagerProtocolServerSideTranslatorPB.submitRequestDirectlyToOM(OzoneManagerProtocolServerSideTranslatorPB.java:274) ~[ozone-manager-1.4.0-SNAPSHOT.jar:?]
	at org.apache.hadoop.ozone.protocolPB.OzoneManagerProtocolServerSideTranslatorPB.processRequest(OzoneManagerProtocolServerSideTranslatorPB.java:175) ~[ozone-manager-1.4.0-SNAPSHOT.jar:?]
	at org.apache.hadoop.hdds.server.OzoneProtocolMessageDispatcher.processRequest(OzoneProtocolMessageDispatcher.java:87) [hdds-server-framework-1.4.0-SNAPSHOT.jar:?]
	at org.apache.hadoop.ozone.protocolPB.OzoneManagerProtocolServerSideTranslatorPB.submitRequest(OzoneManagerProtocolServerSideTranslatorPB.java:148) [ozone-manager-1.4.0-SNAPSHOT.jar:?]
	at org.apache.hadoop.ozone.protocol.proto.OzoneManagerProtocolProtos$OzoneManagerService$2.callBlockingMethod(OzoneManagerProtocolProtos.java) [ozone-interface-client-1.4.0-SNAPSHOT.jar:?]
	at org.apache.hadoop.ipc.ProtobufRpcEngine$Server.processCall(ProtobufRpcEngine.java:484) [hadoop-common-3.3.6.jar:?]
	at org.apache.hadoop.ipc.ProtobufRpcEngine2$Server$ProtoBufRpcInvoker.call(ProtobufRpcEngine2.java:595) [hadoop-common-3.3.6.jar:?]
	at org.apache.hadoop.ipc.ProtobufRpcEngine2$Server$ProtoBufRpcInvoker.call(ProtobufRpcEngine2.java:573) [hadoop-common-3.3.6.jar:?]
	at org.apache.hadoop.ipc.RPC$Server.call(RPC.java:1227) [hadoop-common-3.3.6.jar:?]
	at org.apache.hadoop.ipc.Server$RpcCall.run(Server.java:1094) [hadoop-common-3.3.6.jar:?]
	at org.apache.hadoop.ipc.Server$RpcCall.run(Server.java:1017) [hadoop-common-3.3.6.jar:?]
	at java.security.AccessController.doPrivileged(Native Method) ~[?:1.8.0_382]
	at javax.security.auth.Subject.doAs(Subject.java:422) [?:1.8.0_382]
	at org.apache.hadoop.security.UserGroupInformation.doAs(UserGroupInformation.java:1899) [hadoop-common-3.3.6.jar:?]
	at org.apache.hadoop.ipc.Server$Handler.run(Server.java:3048) [hadoop-common-3.3.6.jar:?]
17:58:44.591 [IPC Server handler 18 on default port 15057] ERROR OMAudit - user=runner | ip=127.0.0.1 | op=GET_FILE_STATUS {volume=f8139b91-c5a0-449e-86b7-b51e8733c695, bucket=50cd8f89-b684-4f83-9b98-ff20b3faca08, key=.Trash, dataSize=0, replicationConfig=null} | ret=FAILURE
org.apache.hadoop.ozone.om.exceptions.OMException: Unable to get file status: volume: f8139b91-c5a0-449e-86b7-b51e8733c695 bucket: 50cd8f89-b684-4f83-9b98-ff20b3faca08 key: .Trash
	at org.apache.hadoop.ozone.om.KeyManagerImpl.getOzoneFileStatus(KeyManagerImpl.java:1195) ~[ozone-manager-1.4.0-SNAPSHOT.jar:?]
	at org.apache.hadoop.ozone.om.KeyManagerImpl.getFileStatus(KeyManagerImpl.java:1113) ~[ozone-manager-1.4.0-SNAPSHOT.jar:?]
	at org.apache.hadoop.ozone.om.OmMetadataReader.getFileStatus(OmMetadataReader.java:262) ~[ozone-manager-1.4.0-SNAPSHOT.jar:?]
	at org.apache.hadoop.ozone.om.OzoneManager.getFileStatus(OzoneManager.java:3533) ~[ozone-manager-1.4.0-SNAPSHOT.jar:?]
	at org.apache.hadoop.ozone.protocolPB.OzoneManagerRequestHandler.getOzoneFileStatus(OzoneManagerRequestHandler.java:971) ~[ozone-manager-1.4.0-SNAPSHOT.jar:?]
	at org.apache.hadoop.ozone.protocolPB.OzoneManagerRequestHandler.handleReadRequest(OzoneManagerRequestHandler.java:250) ~[ozone-manager-1.4.0-SNAPSHOT.jar:?]
	at org.apache.hadoop.ozone.protocolPB.OzoneManagerProtocolServerSideTranslatorPB.submitRequestDirectlyToOM(OzoneManagerProtocolServerSideTranslatorPB.java:274) ~[ozone-manager-1.4.0-SNAPSHOT.jar:?]
	at org.apache.hadoop.ozone.protocolPB.OzoneManagerProtocolServerSideTranslatorPB.processRequest(OzoneManagerProtocolServerSideTranslatorPB.java:175) ~[ozone-manager-1.4.0-SNAPSHOT.jar:?]
	at org.apache.hadoop.hdds.server.OzoneProtocolMessageDispatcher.processRequest(OzoneProtocolMessageDispatcher.java:87) [hdds-server-framework-1.4.0-SNAPSHOT.jar:?]
	at org.apache.hadoop.ozone.protocolPB.OzoneManagerProtocolServerSideTranslatorPB.submitRequest(OzoneManagerProtocolServerSideTranslatorPB.java:148) [ozone-manager-1.4.0-SNAPSHOT.jar:?]
	at org.apache.hadoop.ozone.protocol.proto.OzoneManagerProtocolProtos$OzoneManagerService$2.callBlockingMethod(OzoneManagerProtocolProtos.java) [ozone-interface-client-1.4.0-SNAPSHOT.jar:?]
	at org.apache.hadoop.ipc.ProtobufRpcEngine$Server.processCall(ProtobufRpcEngine.java:484) [hadoop-common-3.3.6.jar:?]
	at org.apache.hadoop.ipc.ProtobufRpcEngine2$Server$ProtoBufRpcInvoker.call(ProtobufRpcEngine2.java:595) [hadoop-common-3.3.6.jar:?]
	at org.apache.hadoop.ipc.ProtobufRpcEngine2$Server$ProtoBufRpcInvoker.call(ProtobufRpcEngine2.java:573) [hadoop-common-3.3.6.jar:?]
	at org.apache.hadoop.ipc.RPC$Server.call(RPC.java:1227) [hadoop-common-3.3.6.jar:?]
	at org.apache.hadoop.ipc.Server$RpcCall.run(Server.java:1094) [hadoop-common-3.3.6.jar:?]
	at org.apache.hadoop.ipc.Server$RpcCall.run(Server.java:1017) [hadoop-common-3.3.6.jar:?]
	at java.security.AccessController.doPrivileged(Native Method) ~[?:1.8.0_382]
	at javax.security.auth.Subject.doAs(Subject.java:422) [?:1.8.0_382]
	at org.apache.hadoop.security.UserGroupInformation.doAs(UserGroupInformation.java:1899) [hadoop-common-3.3.6.jar:?]
	at org.apache.hadoop.ipc.Server$Handler.run(Server.java:3048) [hadoop-common-3.3.6.jar:?]
17:58:44.595 [IPC Server handler 2 on default port 15057] ERROR OMAudit - user=runner | ip=127.0.0.1 | op=GET_FILE_STATUS {volume=volume01561, bucket=bucket20633, key=.Trash, dataSize=0, replicationConfig=null} | ret=FAILURE
org.apache.hadoop.ozone.om.exceptions.OMException: Unable to get file status: volume: volume01561 bucket: bucket20633 key: .Trash
	at org.apache.hadoop.ozone.om.KeyManagerImpl.getOzoneFileStatusFSO(KeyManagerImpl.java:1327) ~[ozone-manager-1.4.0-SNAPSHOT.jar:?]
	at org.apache.hadoop.ozone.om.KeyManagerImpl.getFileStatus(KeyManagerImpl.java:1111) ~[ozone-manager-1.4.0-SNAPSHOT.jar:?]
	at org.apache.hadoop.ozone.om.OmMetadataReader.getFileStatus(OmMetadataReader.java:262) ~[ozone-manager-1.4.0-SNAPSHOT.jar:?]
	at org.apache.hadoop.ozone.om.OzoneManager.getFileStatus(OzoneManager.java:3533) ~[ozone-manager-1.4.0-SNAPSHOT.jar:?]
	at org.apache.hadoop.ozone.protocolPB.OzoneManagerRequestHandler.getOzoneFileStatus(OzoneManagerRequestHandler.java:971) ~[ozone-manager-1.4.0-SNAPSHOT.jar:?]
	at org.apache.hadoop.ozone.protocolPB.OzoneManagerRequestHandler.handleReadRequest(OzoneManagerRequestHandler.java:250) ~[ozone-manager-1.4.0-SNAPSHOT.jar:?]
	at org.apache.hadoop.ozone.protocolPB.OzoneManagerProtocolServerSideTranslatorPB.submitRequestDirectlyToOM(OzoneManagerProtocolServerSideTranslatorPB.java:274) ~[ozone-manager-1.4.0-SNAPSHOT.jar:?]
	at org.apache.hadoop.ozone.protocolPB.OzoneManagerProtocolServerSideTranslatorPB.processRequest(OzoneManagerProtocolServerSideTranslatorPB.java:175) ~[ozone-manager-1.4.0-SNAPSHOT.jar:?]
	at org.apache.hadoop.hdds.server.OzoneProtocolMessageDispatcher.processRequest(OzoneProtocolMessageDispatcher.java:87) [hdds-server-framework-1.4.0-SNAPSHOT.jar:?]
	at org.apache.hadoop.ozone.protocolPB.OzoneManagerProtocolServerSideTranslatorPB.submitRequest(OzoneManagerProtocolServerSideTranslatorPB.java:148) [ozone-manager-1.4.0-SNAPSHOT.jar:?]
	at org.apache.hadoop.ozone.protocol.proto.OzoneManagerProtocolProtos$OzoneManagerService$2.callBlockingMethod(OzoneManagerProtocolProtos.java) [ozone-interface-client-1.4.0-SNAPSHOT.jar:?]
	at org.apache.hadoop.ipc.ProtobufRpcEngine$Server.processCall(ProtobufRpcEngine.java:484) [hadoop-common-3.3.6.jar:?]
	at org.apache.hadoop.ipc.ProtobufRpcEngine2$Server$ProtoBufRpcInvoker.call(ProtobufRpcEngine2.java:595) [hadoop-common-3.3.6.jar:?]
	at org.apache.hadoop.ipc.ProtobufRpcEngine2$Server$ProtoBufRpcInvoker.call(ProtobufRpcEngine2.java:573) [hadoop-common-3.3.6.jar:?]
	at org.apache.hadoop.ipc.RPC$Server.call(RPC.java:1227) [hadoop-common-3.3.6.jar:?]
	at org.apache.hadoop.ipc.Server$RpcCall.run(Server.java:1094) [hadoop-common-3.3.6.jar:?]
	at org.apache.hadoop.ipc.Server$RpcCall.run(Server.java:1017) [hadoop-common-3.3.6.jar:?]
	at java.security.AccessController.doPrivileged(Native Method) ~[?:1.8.0_382]
	at javax.security.auth.Subject.doAs(Subject.java:422) [?:1.8.0_382]
	at org.apache.hadoop.security.UserGroupInformation.doAs(UserGroupInformation.java:1899) [hadoop-common-3.3.6.jar:?]
	at org.apache.hadoop.ipc.Server$Handler.run(Server.java:3048) [hadoop-common-3.3.6.jar:?]
17:58:44.604 [IPC Server handler 13 on default port 15057] ERROR OMAudit - user=runner | ip=127.0.0.1 | op=GET_FILE_STATUS {volume=volume04078, bucket=trashroottest2, key=.Trash, dataSize=0, replicationConfig=null} | ret=FAILURE
org.apache.hadoop.ozone.om.exceptions.OMException: Unable to get file status: volume: volume04078 bucket: trashroottest2 key: .Trash
	at org.apache.hadoop.ozone.om.KeyManagerImpl.getOzoneFileStatusFSO(KeyManagerImpl.java:1327) ~[ozone-manager-1.4.0-SNAPSHOT.jar:?]
	at org.apache.hadoop.ozone.om.KeyManagerImpl.getFileStatus(KeyManagerImpl.java:1111) ~[ozone-manager-1.4.0-SNAPSHOT.jar:?]
	at org.apache.hadoop.ozone.om.OmMetadataReader.getFileStatus(OmMetadataReader.java:262) ~[ozone-manager-1.4.0-SNAPSHOT.jar:?]
	at org.apache.hadoop.ozone.om.OzoneManager.getFileStatus(OzoneManager.java:3533) ~[ozone-manager-1.4.0-SNAPSHOT.jar:?]
	at org.apache.hadoop.ozone.protocolPB.OzoneManagerRequestHandler.getOzoneFileStatus(OzoneManagerRequestHandler.java:971) ~[ozone-manager-1.4.0-SNAPSHOT.jar:?]
	at org.apache.hadoop.ozone.protocolPB.OzoneManagerRequestHandler.handleReadRequest(OzoneManagerRequestHandler.java:250) ~[ozone-manager-1.4.0-SNAPSHOT.jar:?]
	at org.apache.hadoop.ozone.protocolPB.OzoneManagerProtocolServerSideTranslatorPB.submitRequestDirectlyToOM(OzoneManagerProtocolServerSideTranslatorPB.java:274) ~[ozone-manager-1.4.0-SNAPSHOT.jar:?]
	at org.apache.hadoop.ozone.protocolPB.OzoneManagerProtocolServerSideTranslatorPB.processRequest(OzoneManagerProtocolServerSideTranslatorPB.java:175) ~[ozone-manager-1.4.0-SNAPSHOT.jar:?]
	at org.apache.hadoop.hdds.server.OzoneProtocolMessageDispatcher.processRequest(OzoneProtocolMessageDispatcher.java:87) [hdds-server-framework-1.4.0-SNAPSHOT.jar:?]
	at org.apache.hadoop.ozone.protocolPB.OzoneManagerProtocolServerSideTranslatorPB.submitRequest(OzoneManagerProtocolServerSideTranslatorPB.java:148) [ozone-manager-1.4.0-SNAPSHOT.jar:?]
	at org.apache.hadoop.ozone.protocol.proto.OzoneManagerProtocolProtos$OzoneManagerService$2.callBlockingMethod(OzoneManagerProtocolProtos.java) [ozone-interface-client-1.4.0-SNAPSHOT.jar:?]
	at org.apache.hadoop.ipc.ProtobufRpcEngine$Server.processCall(ProtobufRpcEngine.java:484) [hadoop-common-3.3.6.jar:?]
	at org.apache.hadoop.ipc.ProtobufRpcEngine2$Server$ProtoBufRpcInvoker.call(ProtobufRpcEngine2.java:595) [hadoop-common-3.3.6.jar:?]
	at org.apache.hadoop.ipc.ProtobufRpcEngine2$Server$ProtoBufRpcInvoker.call(ProtobufRpcEngine2.java:573) [hadoop-common-3.3.6.jar:?]
	at org.apache.hadoop.ipc.RPC$Server.call(RPC.java:1227) [hadoop-common-3.3.6.jar:?]
	at org.apache.hadoop.ipc.Server$RpcCall.run(Server.java:1094) [hadoop-common-3.3.6.jar:?]
	at org.apache.hadoop.ipc.Server$RpcCall.run(Server.java:1017) [hadoop-common-3.3.6.jar:?]
	at java.security.AccessController.doPrivileged(Native Method) ~[?:1.8.0_382]
	at javax.security.auth.Subject.doAs(Subject.java:422) [?:1.8.0_382]
	at org.apache.hadoop.security.UserGroupInformation.doAs(UserGroupInformation.java:1899) [hadoop-common-3.3.6.jar:?]
	at org.apache.hadoop.ipc.Server$Handler.run(Server.java:3048) [hadoop-common-3.3.6.jar:?]
17:58:44.609 [IPC Server handler 15 on default port 15057] ERROR OMAudit - user=runner | ip=127.0.0.1 | op=GET_FILE_STATUS {volume=volume50120, bucket=bucket21958, key=.Trash, dataSize=0, replicationConfig=null} | ret=FAILURE
org.apache.hadoop.ozone.om.exceptions.OMException: Unable to get file status: volume: volume50120 bucket: bucket21958 key: .Trash
	at org.apache.hadoop.ozone.om.KeyManagerImpl.getOzoneFileStatusFSO(KeyManagerImpl.java:1327) ~[ozone-manager-1.4.0-SNAPSHOT.jar:?]
	at org.apache.hadoop.ozone.om.KeyManagerImpl.getFileStatus(KeyManagerImpl.java:1111) ~[ozone-manager-1.4.0-SNAPSHOT.jar:?]
	at org.apache.hadoop.ozone.om.OmMetadataReader.getFileStatus(OmMetadataReader.java:262) ~[ozone-manager-1.4.0-SNAPSHOT.jar:?]
	at org.apache.hadoop.ozone.om.OzoneManager.getFileStatus(OzoneManager.java:3533) ~[ozone-manager-1.4.0-SNAPSHOT.jar:?]
	at org.apache.hadoop.ozone.protocolPB.OzoneManagerRequestHandler.getOzoneFileStatus(OzoneManagerRequestHandler.java:971) ~[ozone-manager-1.4.0-SNAPSHOT.jar:?]
	at org.apache.hadoop.ozone.protocolPB.OzoneManagerRequestHandler.handleReadRequest(OzoneManagerRequestHandler.java:250) ~[ozone-manager-1.4.0-SNAPSHOT.jar:?]
	at org.apache.hadoop.ozone.protocolPB.OzoneManagerProtocolServerSideTranslatorPB.submitRequestDirectlyToOM(OzoneManagerProtocolServerSideTranslatorPB.java:274) ~[ozone-manager-1.4.0-SNAPSHOT.jar:?]
	at org.apache.hadoop.ozone.protocolPB.OzoneManagerProtocolServerSideTranslatorPB.processRequest(OzoneManagerProtocolServerSideTranslatorPB.java:175) ~[ozone-manager-1.4.0-SNAPSHOT.jar:?]
	at org.apache.hadoop.hdds.server.OzoneProtocolMessageDispatcher.processRequest(OzoneProtocolMessageDispatcher.java:87) [hdds-server-framework-1.4.0-SNAPSHOT.jar:?]
	at org.apache.hadoop.ozone.protocolPB.OzoneManagerProtocolServerSideTranslatorPB.submitRequest(OzoneManagerProtocolServerSideTranslatorPB.java:148) [ozone-manager-1.4.0-SNAPSHOT.jar:?]
	at org.apache.hadoop.ozone.protocol.proto.OzoneManagerProtocolProtos$OzoneManagerService$2.callBlockingMethod(OzoneManagerProtocolProtos.java) [ozone-interface-client-1.4.0-SNAPSHOT.jar:?]
	at org.apache.hadoop.ipc.ProtobufRpcEngine$Server.processCall(ProtobufRpcEngine.java:484) [hadoop-common-3.3.6.jar:?]
	at org.apache.hadoop.ipc.ProtobufRpcEngine2$Server$ProtoBufRpcInvoker.call(ProtobufRpcEngine2.java:595) [hadoop-common-3.3.6.jar:?]
	at org.apache.hadoop.ipc.ProtobufRpcEngine2$Server$ProtoBufRpcInvoker.call(ProtobufRpcEngine2.java:573) [hadoop-common-3.3.6.jar:?]
	at org.apache.hadoop.ipc.RPC$Server.call(RPC.java:1227) [hadoop-common-3.3.6.jar:?]
	at org.apache.hadoop.ipc.Server$RpcCall.run(Server.java:1094) [hadoop-common-3.3.6.jar:?]
	at org.apache.hadoop.ipc.Server$RpcCall.run(Server.java:1017) [hadoop-common-3.3.6.jar:?]
	at java.security.AccessController.doPrivileged(Native Method) ~[?:1.8.0_382]
	at javax.security.auth.Subject.doAs(Subject.java:422) [?:1.8.0_382]
	at org.apache.hadoop.security.UserGroupInformation.doAs(UserGroupInformation.java:1899) [hadoop-common-3.3.6.jar:?]
	at org.apache.hadoop.ipc.Server$Handler.run(Server.java:3048) [hadoop-common-3.3.6.jar:?]
17:58:44.616 [IPC Server handler 8 on default port 15057] ERROR OMAudit - user=runner | ip=127.0.0.1 | op=GET_FILE_STATUS {volume=volume01561, bucket=bucket20633, key=.Trash/runner, dataSize=0, replicationConfig=null} | ret=FAILURE
org.apache.hadoop.ozone.om.exceptions.OMException: Unable to get file status: volume: volume01561 bucket: bucket20633 key: .Trash/runner
	at org.apache.hadoop.ozone.om.KeyManagerImpl.getOzoneFileStatusFSO(KeyManagerImpl.java:1327) ~[ozone-manager-1.4.0-SNAPSHOT.jar:?]
	at org.apache.hadoop.ozone.om.KeyManagerImpl.getFileStatus(KeyManagerImpl.java:1111) ~[ozone-manager-1.4.0-SNAPSHOT.jar:?]
	at org.apache.hadoop.ozone.om.OmMetadataReader.getFileStatus(OmMetadataReader.java:262) ~[ozone-manager-1.4.0-SNAPSHOT.jar:?]
	at org.apache.hadoop.ozone.om.OzoneManager.getFileStatus(OzoneManager.java:3533) ~[ozone-manager-1.4.0-SNAPSHOT.jar:?]
	at org.apache.hadoop.ozone.protocolPB.OzoneManagerRequestHandler.getOzoneFileStatus(OzoneManagerRequestHandler.java:971) ~[ozone-manager-1.4.0-SNAPSHOT.jar:?]
	at org.apache.hadoop.ozone.protocolPB.OzoneManagerRequestHandler.handleReadRequest(OzoneManagerRequestHandler.java:250) ~[ozone-manager-1.4.0-SNAPSHOT.jar:?]
	at org.apache.hadoop.ozone.protocolPB.OzoneManagerProtocolServerSideTranslatorPB.submitRequestDirectlyToOM(OzoneManagerProtocolServerSideTranslatorPB.java:274) ~[ozone-manager-1.4.0-SNAPSHOT.jar:?]
	at org.apache.hadoop.ozone.protocolPB.OzoneManagerProtocolServerSideTranslatorPB.processRequest(OzoneManagerProtocolServerSideTranslatorPB.java:175) ~[ozone-manager-1.4.0-SNAPSHOT.jar:?]
	at org.apache.hadoop.hdds.server.OzoneProtocolMessageDispatcher.processRequest(OzoneProtocolMessageDispatcher.java:87) [hdds-server-framework-1.4.0-SNAPSHOT.jar:?]
	at org.apache.hadoop.ozone.protocolPB.OzoneManagerProtocolServerSideTranslatorPB.submitRequest(OzoneManagerProtocolServerSideTranslatorPB.java:148) [ozone-manager-1.4.0-SNAPSHOT.jar:?]
	at org.apache.hadoop.ozone.protocol.proto.OzoneManagerProtocolProtos$OzoneManagerService$2.callBlockingMethod(OzoneManagerProtocolProtos.java) [ozone-interface-client-1.4.0-SNAPSHOT.jar:?]
	at org.apache.hadoop.ipc.ProtobufRpcEngine$Server.processCall(ProtobufRpcEngine.java:484) [hadoop-common-3.3.6.jar:?]
	at org.apache.hadoop.ipc.ProtobufRpcEngine2$Server$ProtoBufRpcInvoker.call(ProtobufRpcEngine2.java:595) [hadoop-common-3.3.6.jar:?]
	at org.apache.hadoop.ipc.ProtobufRpcEngine2$Server$ProtoBufRpcInvoker.call(ProtobufRpcEngine2.java:573) [hadoop-common-3.3.6.jar:?]
	at org.apache.hadoop.ipc.RPC$Server.call(RPC.java:1227) [hadoop-common-3.3.6.jar:?]
	at org.apache.hadoop.ipc.Server$RpcCall.run(Server.java:1094) [hadoop-common-3.3.6.jar:?]
	at org.apache.hadoop.ipc.Server$RpcCall.run(Server.java:1017) [hadoop-common-3.3.6.jar:?]
	at java.security.AccessController.doPrivileged(Native Method) ~[?:1.8.0_382]
	at javax.security.auth.Subject.doAs(Subject.java:422) [?:1.8.0_382]
	at org.apache.hadoop.security.UserGroupInformation.doAs(UserGroupInformation.java:1899) [hadoop-common-3.3.6.jar:?]
	at org.apache.hadoop.ipc.Server$Handler.run(Server.java:3048) [hadoop-common-3.3.6.jar:?]
17:58:44.621 [IPC Server handler 19 on default port 15057] ERROR OMAudit - user=runner | ip=127.0.0.1 | op=GET_FILE_STATUS {volume=volume04078, bucket=trashroottest2, key=.Trash/runner, dataSize=0, replicationConfig=null} | ret=FAILURE
org.apache.hadoop.ozone.om.exceptions.OMException: Unable to get file status: volume: volume04078 bucket: trashroottest2 key: .Trash/runner
	at org.apache.hadoop.ozone.om.KeyManagerImpl.getOzoneFileStatusFSO(KeyManagerImpl.java:1327) ~[ozone-manager-1.4.0-SNAPSHOT.jar:?]
	at org.apache.hadoop.ozone.om.KeyManagerImpl.getFileStatus(KeyManagerImpl.java:1111) ~[ozone-manager-1.4.0-SNAPSHOT.jar:?]
	at org.apache.hadoop.ozone.om.OmMetadataReader.getFileStatus(OmMetadataReader.java:262) ~[ozone-manager-1.4.0-SNAPSHOT.jar:?]
	at org.apache.hadoop.ozone.om.OzoneManager.getFileStatus(OzoneManager.java:3533) ~[ozone-manager-1.4.0-SNAPSHOT.jar:?]
	at org.apache.hadoop.ozone.protocolPB.OzoneManagerRequestHandler.getOzoneFileStatus(OzoneManagerRequestHandler.java:971) ~[ozone-manager-1.4.0-SNAPSHOT.jar:?]
	at org.apache.hadoop.ozone.protocolPB.OzoneManagerRequestHandler.handleReadRequest(OzoneManagerRequestHandler.java:250) ~[ozone-manager-1.4.0-SNAPSHOT.jar:?]
	at org.apache.hadoop.ozone.protocolPB.OzoneManagerProtocolServerSideTranslatorPB.submitRequestDirectlyToOM(OzoneManagerProtocolServerSideTranslatorPB.java:274) ~[ozone-manager-1.4.0-SNAPSHOT.jar:?]
	at org.apache.hadoop.ozone.protocolPB.OzoneManagerProtocolServerSideTranslatorPB.processRequest(OzoneManagerProtocolServerSideTranslatorPB.java:175) ~[ozone-manager-1.4.0-SNAPSHOT.jar:?]
	at org.apache.hadoop.hdds.server.OzoneProtocolMessageDispatcher.processRequest(OzoneProtocolMessageDispatcher.java:87) [hdds-server-framework-1.4.0-SNAPSHOT.jar:?]
	at org.apache.hadoop.ozone.protocolPB.OzoneManagerProtocolServerSideTranslatorPB.submitRequest(OzoneManagerProtocolServerSideTranslatorPB.java:148) [ozone-manager-1.4.0-SNAPSHOT.jar:?]
	at org.apache.hadoop.ozone.protocol.proto.OzoneManagerProtocolProtos$OzoneManagerService$2.callBlockingMethod(OzoneManagerProtocolProtos.java) [ozone-interface-client-1.4.0-SNAPSHOT.jar:?]
	at org.apache.hadoop.ipc.ProtobufRpcEngine$Server.processCall(ProtobufRpcEngine.java:484) [hadoop-common-3.3.6.jar:?]
	at org.apache.hadoop.ipc.ProtobufRpcEngine2$Server$ProtoBufRpcInvoker.call(ProtobufRpcEngine2.java:595) [hadoop-common-3.3.6.jar:?]
	at org.apache.hadoop.ipc.ProtobufRpcEngine2$Server$ProtoBufRpcInvoker.call(ProtobufRpcEngine2.java:573) [hadoop-common-3.3.6.jar:?]
	at org.apache.hadoop.ipc.RPC$Server.call(RPC.java:1227) [hadoop-common-3.3.6.jar:?]
	at org.apache.hadoop.ipc.Server$RpcCall.run(Server.java:1094) [hadoop-common-3.3.6.jar:?]
	at org.apache.hadoop.ipc.Server$RpcCall.run(Server.java:1017) [hadoop-common-3.3.6.jar:?]
	at java.security.AccessController.doPrivileged(Native Method) ~[?:1.8.0_382]
	at javax.security.auth.Subject.doAs(Subject.java:422) [?:1.8.0_382]
	at org.apache.hadoop.security.UserGroupInformation.doAs(UserGroupInformation.java:1899) [hadoop-common-3.3.6.jar:?]
	at org.apache.hadoop.ipc.Server$Handler.run(Server.java:3048) [hadoop-common-3.3.6.jar:?]
17:58:44.626 [IPC Server handler 6 on default port 15057] ERROR OMAudit - user=runner | ip=127.0.0.1 | op=GET_FILE_STATUS {volume=f8139b91-c5a0-449e-86b7-b51e8733c695, bucket=50cd8f89-b684-4f83-9b98-ff20b3faca08, key=.Trash, dataSize=0, replicationConfig=null} | ret=FAILURE
org.apache.hadoop.ozone.om.exceptions.OMException: Unable to get file status: volume: f8139b91-c5a0-449e-86b7-b51e8733c695 bucket: 50cd8f89-b684-4f83-9b98-ff20b3faca08 key: .Trash
	at org.apache.hadoop.ozone.om.KeyManagerImpl.getOzoneFileStatus(KeyManagerImpl.java:1195) ~[ozone-manager-1.4.0-SNAPSHOT.jar:?]
	at org.apache.hadoop.ozone.om.KeyManagerImpl.getFileStatus(KeyManagerImpl.java:1113) ~[ozone-manager-1.4.0-SNAPSHOT.jar:?]
	at org.apache.hadoop.ozone.om.OmMetadataReader.getFileStatus(OmMetadataReader.java:262) ~[ozone-manager-1.4.0-SNAPSHOT.jar:?]
	at org.apache.hadoop.ozone.om.OzoneManager.getFileStatus(OzoneManager.java:3533) ~[ozone-manager-1.4.0-SNAPSHOT.jar:?]
	at org.apache.hadoop.ozone.protocolPB.OzoneManagerRequestHandler.getOzoneFileStatus(OzoneManagerRequestHandler.java:971) ~[ozone-manager-1.4.0-SNAPSHOT.jar:?]
	at org.apache.hadoop.ozone.protocolPB.OzoneManagerRequestHandler.handleReadRequest(OzoneManagerRequestHandler.java:250) ~[ozone-manager-1.4.0-SNAPSHOT.jar:?]
	at org.apache.hadoop.ozone.protocolPB.OzoneManagerProtocolServerSideTranslatorPB.submitRequestDirectlyToOM(OzoneManagerProtocolServerSideTranslatorPB.java:274) ~[ozone-manager-1.4.0-SNAPSHOT.jar:?]
	at org.apache.hadoop.ozone.protocolPB.OzoneManagerProtocolServerSideTranslatorPB.processRequest(OzoneManagerProtocolServerSideTranslatorPB.java:175) ~[ozone-manager-1.4.0-SNAPSHOT.jar:?]
	at org.apache.hadoop.hdds.server.OzoneProtocolMessageDispatcher.processRequest(OzoneProtocolMessageDispatcher.java:87) [hdds-server-framework-1.4.0-SNAPSHOT.jar:?]
	at org.apache.hadoop.ozone.protocolPB.OzoneManagerProtocolServerSideTranslatorPB.submitRequest(OzoneManagerProtocolServerSideTranslatorPB.java:148) [ozone-manager-1.4.0-SNAPSHOT.jar:?]
	at org.apache.hadoop.ozone.protocol.proto.OzoneManagerProtocolProtos$OzoneManagerService$2.callBlockingMethod(OzoneManagerProtocolProtos.java) [ozone-interface-client-1.4.0-SNAPSHOT.jar:?]
	at org.apache.hadoop.ipc.ProtobufRpcEngine$Server.processCall(ProtobufRpcEngine.java:484) [hadoop-common-3.3.6.jar:?]
	at org.apache.hadoop.ipc.ProtobufRpcEngine2$Server$ProtoBufRpcInvoker.call(ProtobufRpcEngine2.java:595) [hadoop-common-3.3.6.jar:?]
	at org.apache.hadoop.ipc.ProtobufRpcEngine2$Server$ProtoBufRpcInvoker.call(ProtobufRpcEngine2.java:573) [hadoop-common-3.3.6.jar:?]
	at org.apache.hadoop.ipc.RPC$Server.call(RPC.java:1227) [hadoop-common-3.3.6.jar:?]
	at org.apache.hadoop.ipc.Server$RpcCall.run(Server.java:1094) [hadoop-common-3.3.6.jar:?]
	at org.apache.hadoop.ipc.Server$RpcCall.run(Server.java:1017) [hadoop-common-3.3.6.jar:?]
	at java.security.AccessController.doPrivileged(Native Method) ~[?:1.8.0_382]
	at javax.security.auth.Subject.doAs(Subject.java:422) [?:1.8.0_382]
	at org.apache.hadoop.security.UserGroupInformation.doAs(UserGroupInformation.java:1899) [hadoop-common-3.3.6.jar:?]
	at org.apache.hadoop.ipc.Server$Handler.run(Server.java:3048) [hadoop-common-3.3.6.jar:?]
17:58:44.633 [IPC Server handler 10 on default port 15057] ERROR OMAudit - user=runner | ip=127.0.0.1 | op=GET_FILE_STATUS {volume=volume01561, bucket=bucket20633, key=.Trash, dataSize=0, replicationConfig=null} | ret=FAILURE
org.apache.hadoop.ozone.om.exceptions.OMException: Unable to get file status: volume: volume01561 bucket: bucket20633 key: .Trash
	at org.apache.hadoop.ozone.om.KeyManagerImpl.getOzoneFileStatusFSO(KeyManagerImpl.java:1327) ~[ozone-manager-1.4.0-SNAPSHOT.jar:?]
	at org.apache.hadoop.ozone.om.KeyManagerImpl.getFileStatus(KeyManagerImpl.java:1111) ~[ozone-manager-1.4.0-SNAPSHOT.jar:?]
	at org.apache.hadoop.ozone.om.OmMetadataReader.getFileStatus(OmMetadataReader.java:262) ~[ozone-manager-1.4.0-SNAPSHOT.jar:?]
	at org.apache.hadoop.ozone.om.OzoneManager.getFileStatus(OzoneManager.java:3533) ~[ozone-manager-1.4.0-SNAPSHOT.jar:?]
	at org.apache.hadoop.ozone.protocolPB.OzoneManagerRequestHandler.getOzoneFileStatus(OzoneManagerRequestHandler.java:971) ~[ozone-manager-1.4.0-SNAPSHOT.jar:?]
	at org.apache.hadoop.ozone.protocolPB.OzoneManagerRequestHandler.handleReadRequest(OzoneManagerRequestHandler.java:250) ~[ozone-manager-1.4.0-SNAPSHOT.jar:?]
	at org.apache.hadoop.ozone.protocolPB.OzoneManagerProtocolServerSideTranslatorPB.submitRequestDirectlyToOM(OzoneManagerProtocolServerSideTranslatorPB.java:274) ~[ozone-manager-1.4.0-SNAPSHOT.jar:?]
	at org.apache.hadoop.ozone.protocolPB.OzoneManagerProtocolServerSideTranslatorPB.processRequest(OzoneManagerProtocolServerSideTranslatorPB.java:175) ~[ozone-manager-1.4.0-SNAPSHOT.jar:?]
	at org.apache.hadoop.hdds.server.OzoneProtocolMessageDispatcher.processRequest(OzoneProtocolMessageDispatcher.java:87) [hdds-server-framework-1.4.0-SNAPSHOT.jar:?]
	at org.apache.hadoop.ozone.protocolPB.OzoneManagerProtocolServerSideTranslatorPB.submitRequest(OzoneManagerProtocolServerSideTranslatorPB.java:148) [ozone-manager-1.4.0-SNAPSHOT.jar:?]
	at org.apache.hadoop.ozone.protocol.proto.OzoneManagerProtocolProtos$OzoneManagerService$2.callBlockingMethod(OzoneManagerProtocolProtos.java) [ozone-interface-client-1.4.0-SNAPSHOT.jar:?]
	at org.apache.hadoop.ipc.ProtobufRpcEngine$Server.processCall(ProtobufRpcEngine.java:484) [hadoop-common-3.3.6.jar:?]
	at org.apache.hadoop.ipc.ProtobufRpcEngine2$Server$ProtoBufRpcInvoker.call(ProtobufRpcEngine2.java:595) [hadoop-common-3.3.6.jar:?]
	at org.apache.hadoop.ipc.ProtobufRpcEngine2$Server$ProtoBufRpcInvoker.call(ProtobufRpcEngine2.java:573) [hadoop-common-3.3.6.jar:?]
	at org.apache.hadoop.ipc.RPC$Server.call(RPC.java:1227) [hadoop-common-3.3.6.jar:?]
	at org.apache.hadoop.ipc.Server$RpcCall.run(Server.java:1094) [hadoop-common-3.3.6.jar:?]
	at org.apache.hadoop.ipc.Server$RpcCall.run(Server.java:1017) [hadoop-common-3.3.6.jar:?]
	at java.security.AccessController.doPrivileged(Native Method) ~[?:1.8.0_382]
	at javax.security.auth.Subject.doAs(Subject.java:422) [?:1.8.0_382]
	at org.apache.hadoop.security.UserGroupInformation.doAs(UserGroupInformation.java:1899) [hadoop-common-3.3.6.jar:?]
	at org.apache.hadoop.ipc.Server$Handler.run(Server.java:3048) [hadoop-common-3.3.6.jar:?]
17:58:44.642 [IPC Server handler 1 on default port 15057] ERROR OMAudit - user=runner | ip=127.0.0.1 | op=GET_FILE_STATUS {volume=volume04078, bucket=trashroottest2, key=.Trash, dataSize=0, replicationConfig=null} | ret=FAILURE
org.apache.hadoop.ozone.om.exceptions.OMException: Unable to get file status: volume: volume04078 bucket: trashroottest2 key: .Trash
	at org.apache.hadoop.ozone.om.KeyManagerImpl.getOzoneFileStatusFSO(KeyManagerImpl.java:1327) ~[ozone-manager-1.4.0-SNAPSHOT.jar:?]
	at org.apache.hadoop.ozone.om.KeyManagerImpl.getFileStatus(KeyManagerImpl.java:1111) ~[ozone-manager-1.4.0-SNAPSHOT.jar:?]
	at org.apache.hadoop.ozone.om.OmMetadataReader.getFileStatus(OmMetadataReader.java:262) ~[ozone-manager-1.4.0-SNAPSHOT.jar:?]
	at org.apache.hadoop.ozone.om.OzoneManager.getFileStatus(OzoneManager.java:3533) ~[ozone-manager-1.4.0-SNAPSHOT.jar:?]
	at org.apache.hadoop.ozone.protocolPB.OzoneManagerRequestHandler.getOzoneFileStatus(OzoneManagerRequestHandler.java:971) ~[ozone-manager-1.4.0-SNAPSHOT.jar:?]
	at org.apache.hadoop.ozone.protocolPB.OzoneManagerRequestHandler.handleReadRequest(OzoneManagerRequestHandler.java:250) ~[ozone-manager-1.4.0-SNAPSHOT.jar:?]
	at org.apache.hadoop.ozone.protocolPB.OzoneManagerProtocolServerSideTranslatorPB.submitRequestDirectlyToOM(OzoneManagerProtocolServerSideTranslatorPB.java:274) ~[ozone-manager-1.4.0-SNAPSHOT.jar:?]
	at org.apache.hadoop.ozone.protocolPB.OzoneManagerProtocolServerSideTranslatorPB.processRequest(OzoneManagerProtocolServerSideTranslatorPB.java:175) ~[ozone-manager-1.4.0-SNAPSHOT.jar:?]
	at org.apache.hadoop.hdds.server.OzoneProtocolMessageDispatcher.processRequest(OzoneProtocolMessageDispatcher.java:87) [hdds-server-framework-1.4.0-SNAPSHOT.jar:?]
	at org.apache.hadoop.ozone.protocolPB.OzoneManagerProtocolServerSideTranslatorPB.submitRequest(OzoneManagerProtocolServerSideTranslatorPB.java:148) [ozone-manager-1.4.0-SNAPSHOT.jar:?]
	at org.apache.hadoop.ozone.protocol.proto.OzoneManagerProtocolProtos$OzoneManagerService$2.callBlockingMethod(OzoneManagerProtocolProtos.java) [ozone-interface-client-1.4.0-SNAPSHOT.jar:?]
	at org.apache.hadoop.ipc.ProtobufRpcEngine$Server.processCall(ProtobufRpcEngine.java:484) [hadoop-common-3.3.6.jar:?]
	at org.apache.hadoop.ipc.ProtobufRpcEngine2$Server$ProtoBufRpcInvoker.call(ProtobufRpcEngine2.java:595) [hadoop-common-3.3.6.jar:?]
	at org.apache.hadoop.ipc.ProtobufRpcEngine2$Server$ProtoBufRpcInvoker.call(ProtobufRpcEngine2.java:573) [hadoop-common-3.3.6.jar:?]
	at org.apache.hadoop.ipc.RPC$Server.call(RPC.java:1227) [hadoop-common-3.3.6.jar:?]
	at org.apache.hadoop.ipc.Server$RpcCall.run(Server.java:1094) [hadoop-common-3.3.6.jar:?]
	at org.apache.hadoop.ipc.Server$RpcCall.run(Server.java:1017) [hadoop-common-3.3.6.jar:?]
	at java.security.AccessController.doPrivileged(Native Method) ~[?:1.8.0_382]
	at javax.security.auth.Subject.doAs(Subject.java:422) [?:1.8.0_382]
	at org.apache.hadoop.security.UserGroupInformation.doAs(UserGroupInformation.java:1899) [hadoop-common-3.3.6.jar:?]
	at org.apache.hadoop.ipc.Server$Handler.run(Server.java:3048) [hadoop-common-3.3.6.jar:?]
17:58:44.644 [IPC Server handler 0 on default port 15057] ERROR OMAudit - user=runner | ip=127.0.0.1 | op=GET_FILE_STATUS {volume=volume50120, bucket=bucket21958, key=.Trash, dataSize=0, replicationConfig=null} | ret=FAILURE
org.apache.hadoop.ozone.om.exceptions.OMException: Unable to get file status: volume: volume50120 bucket: bucket21958 key: .Trash
	at org.apache.hadoop.ozone.om.KeyManagerImpl.getOzoneFileStatusFSO(KeyManagerImpl.java:1327) ~[ozone-manager-1.4.0-SNAPSHOT.jar:?]
	at org.apache.hadoop.ozone.om.KeyManagerImpl.getFileStatus(KeyManagerImpl.java:1111) ~[ozone-manager-1.4.0-SNAPSHOT.jar:?]
	at org.apache.hadoop.ozone.om.OmMetadataReader.getFileStatus(OmMetadataReader.java:262) ~[ozone-manager-1.4.0-SNAPSHOT.jar:?]
	at org.apache.hadoop.ozone.om.OzoneManager.getFileStatus(OzoneManager.java:3533) ~[ozone-manager-1.4.0-SNAPSHOT.jar:?]
	at org.apache.hadoop.ozone.protocolPB.OzoneManagerRequestHandler.getOzoneFileStatus(OzoneManagerRequestHandler.java:971) ~[ozone-manager-1.4.0-SNAPSHOT.jar:?]
	at org.apache.hadoop.ozone.protocolPB.OzoneManagerRequestHandler.handleReadRequest(OzoneManagerRequestHandler.java:250) ~[ozone-manager-1.4.0-SNAPSHOT.jar:?]
	at org.apache.hadoop.ozone.protocolPB.OzoneManagerProtocolServerSideTranslatorPB.submitRequestDirectlyToOM(OzoneManagerProtocolServerSideTranslatorPB.java:274) ~[ozone-manager-1.4.0-SNAPSHOT.jar:?]
	at org.apache.hadoop.ozone.protocolPB.OzoneManagerProtocolServerSideTranslatorPB.processRequest(OzoneManagerProtocolServerSideTranslatorPB.java:175) ~[ozone-manager-1.4.0-SNAPSHOT.jar:?]
	at org.apache.hadoop.hdds.server.OzoneProtocolMessageDispatcher.processRequest(OzoneProtocolMessageDispatcher.java:87) [hdds-server-framework-1.4.0-SNAPSHOT.jar:?]
	at org.apache.hadoop.ozone.protocolPB.OzoneManagerProtocolServerSideTranslatorPB.submitRequest(OzoneManagerProtocolServerSideTranslatorPB.java:148) [ozone-manager-1.4.0-SNAPSHOT.jar:?]
	at org.apache.hadoop.ozone.protocol.proto.OzoneManagerProtocolProtos$OzoneManagerService$2.callBlockingMethod(OzoneManagerProtocolProtos.java) [ozone-interface-client-1.4.0-SNAPSHOT.jar:?]
	at org.apache.hadoop.ipc.ProtobufRpcEngine$Server.processCall(ProtobufRpcEngine.java:484) [hadoop-common-3.3.6.jar:?]
	at org.apache.hadoop.ipc.ProtobufRpcEngine2$Server$ProtoBufRpcInvoker.call(ProtobufRpcEngine2.java:595) [hadoop-common-3.3.6.jar:?]
	at org.apache.hadoop.ipc.ProtobufRpcEngine2$Server$ProtoBufRpcInvoker.call(ProtobufRpcEngine2.java:573) [hadoop-common-3.3.6.jar:?]
	at org.apache.hadoop.ipc.RPC$Server.call(RPC.java:1227) [hadoop-common-3.3.6.jar:?]
	at org.apache.hadoop.ipc.Server$RpcCall.run(Server.java:1094) [hadoop-common-3.3.6.jar:?]
	at org.apache.hadoop.ipc.Server$RpcCall.run(Server.java:1017) [hadoop-common-3.3.6.jar:?]
	at java.security.AccessController.doPrivileged(Native Method) ~[?:1.8.0_382]
	at javax.security.auth.Subject.doAs(Subject.java:422) [?:1.8.0_382]
	at org.apache.hadoop.security.UserGroupInformation.doAs(UserGroupInformation.java:1899) [hadoop-common-3.3.6.jar:?]
	at org.apache.hadoop.ipc.Server$Handler.run(Server.java:3048) [hadoop-common-3.3.6.jar:?]
17:58:44.655 [IPC Server handler 19 on default port 15057] ERROR OMAudit - user=runner | ip=127.0.0.1 | op=GET_FILE_STATUS {volume=volume04078, bucket=bucket00316, key=.Trash/runner, dataSize=0, replicationConfig=null} | ret=FAILURE
org.apache.hadoop.ozone.om.exceptions.OMException: Unable to get file status: volume: volume04078 bucket: bucket00316 key: .Trash/runner
	at org.apache.hadoop.ozone.om.KeyManagerImpl.getOzoneFileStatusFSO(KeyManagerImpl.java:1327) ~[ozone-manager-1.4.0-SNAPSHOT.jar:?]
	at org.apache.hadoop.ozone.om.KeyManagerImpl.getFileStatus(KeyManagerImpl.java:1111) ~[ozone-manager-1.4.0-SNAPSHOT.jar:?]
	at org.apache.hadoop.ozone.om.OmMetadataReader.getFileStatus(OmMetadataReader.java:262) ~[ozone-manager-1.4.0-SNAPSHOT.jar:?]
	at org.apache.hadoop.ozone.om.OzoneManager.getFileStatus(OzoneManager.java:3533) ~[ozone-manager-1.4.0-SNAPSHOT.jar:?]
	at org.apache.hadoop.ozone.protocolPB.OzoneManagerRequestHandler.getOzoneFileStatus(OzoneManagerRequestHandler.java:971) ~[ozone-manager-1.4.0-SNAPSHOT.jar:?]
	at org.apache.hadoop.ozone.protocolPB.OzoneManagerRequestHandler.handleReadRequest(OzoneManagerRequestHandler.java:250) ~[ozone-manager-1.4.0-SNAPSHOT.jar:?]
	at org.apache.hadoop.ozone.protocolPB.OzoneManagerProtocolServerSideTranslatorPB.submitRequestDirectlyToOM(OzoneManagerProtocolServerSideTranslatorPB.java:274) ~[ozone-manager-1.4.0-SNAPSHOT.jar:?]
	at org.apache.hadoop.ozone.protocolPB.OzoneManagerProtocolServerSideTranslatorPB.processRequest(OzoneManagerProtocolServerSideTranslatorPB.java:175) ~[ozone-manager-1.4.0-SNAPSHOT.jar:?]
	at org.apache.hadoop.hdds.server.OzoneProtocolMessageDispatcher.processRequest(OzoneProtocolMessageDispatcher.java:87) [hdds-server-framework-1.4.0-SNAPSHOT.jar:?]
	at org.apache.hadoop.ozone.protocolPB.OzoneManagerProtocolServerSideTranslatorPB.submitRequest(OzoneManagerProtocolServerSideTranslatorPB.java:148) [ozone-manager-1.4.0-SNAPSHOT.jar:?]
	at org.apache.hadoop.ozone.protocol.proto.OzoneManagerProtocolProtos$OzoneManagerService$2.callBlockingMethod(OzoneManagerProtocolProtos.java) [ozone-interface-client-1.4.0-SNAPSHOT.jar:?]
	at org.apache.hadoop.ipc.ProtobufRpcEngine$Server.processCall(ProtobufRpcEngine.java:484) [hadoop-common-3.3.6.jar:?]
	at org.apache.hadoop.ipc.ProtobufRpcEngine2$Server$ProtoBufRpcInvoker.call(ProtobufRpcEngine2.java:595) [hadoop-common-3.3.6.jar:?]
	at org.apache.hadoop.ipc.ProtobufRpcEngine2$Server$ProtoBufRpcInvoker.call(ProtobufRpcEngine2.java:573) [hadoop-common-3.3.6.jar:?]
	at org.apache.hadoop.ipc.RPC$Server.call(RPC.java:1227) [hadoop-common-3.3.6.jar:?]
	at org.apache.hadoop.ipc.Server$RpcCall.run(Server.java:1094) [hadoop-common-3.3.6.jar:?]
	at org.apache.hadoop.ipc.Server$RpcCall.run(Server.java:1017) [hadoop-common-3.3.6.jar:?]
	at java.security.AccessController.doPrivileged(Native Method) ~[?:1.8.0_382]
	at javax.security.auth.Subject.doAs(Subject.java:422) [?:1.8.0_382]
	at org.apache.hadoop.security.UserGroupInformation.doAs(UserGroupInformation.java:1899) [hadoop-common-3.3.6.jar:?]
	at org.apache.hadoop.ipc.Server$Handler.run(Server.java:3048) [hadoop-common-3.3.6.jar:?]
17:58:44.659 [IPC Server handler 6 on default port 15057] ERROR OMAudit - user=runner | ip=127.0.0.1 | op=GET_FILE_STATUS {volume=f8139b91-c5a0-449e-86b7-b51e8733c695, bucket=50cd8f89-b684-4f83-9b98-ff20b3faca08, key=.Trash, dataSize=0, replicationConfig=null} | ret=FAILURE
org.apache.hadoop.ozone.om.exceptions.OMException: Unable to get file status: volume: f8139b91-c5a0-449e-86b7-b51e8733c695 bucket: 50cd8f89-b684-4f83-9b98-ff20b3faca08 key: .Trash
	at org.apache.hadoop.ozone.om.KeyManagerImpl.getOzoneFileStatus(KeyManagerImpl.java:1195) ~[ozone-manager-1.4.0-SNAPSHOT.jar:?]
	at org.apache.hadoop.ozone.om.KeyManagerImpl.getFileStatus(KeyManagerImpl.java:1113) ~[ozone-manager-1.4.0-SNAPSHOT.jar:?]
	at org.apache.hadoop.ozone.om.OmMetadataReader.getFileStatus(OmMetadataReader.java:262) ~[ozone-manager-1.4.0-SNAPSHOT.jar:?]
	at org.apache.hadoop.ozone.om.OzoneManager.getFileStatus(OzoneManager.java:3533) ~[ozone-manager-1.4.0-SNAPSHOT.jar:?]
	at org.apache.hadoop.ozone.protocolPB.OzoneManagerRequestHandler.getOzoneFileStatus(OzoneManagerRequestHandler.java:971) ~[ozone-manager-1.4.0-SNAPSHOT.jar:?]
	at org.apache.hadoop.ozone.protocolPB.OzoneManagerRequestHandler.handleReadRequest(OzoneManagerRequestHandler.java:250) ~[ozone-manager-1.4.0-SNAPSHOT.jar:?]
	at org.apache.hadoop.ozone.protocolPB.OzoneManagerProtocolServerSideTranslatorPB.submitRequestDirectlyToOM(OzoneManagerProtocolServerSideTranslatorPB.java:274) ~[ozone-manager-1.4.0-SNAPSHOT.jar:?]
	at org.apache.hadoop.ozone.protocolPB.OzoneManagerProtocolServerSideTranslatorPB.processRequest(OzoneManagerProtocolServerSideTranslatorPB.java:175) ~[ozone-manager-1.4.0-SNAPSHOT.jar:?]
	at org.apache.hadoop.hdds.server.OzoneProtocolMessageDispatcher.processRequest(OzoneProtocolMessageDispatcher.java:87) [hdds-server-framework-1.4.0-SNAPSHOT.jar:?]
	at org.apache.hadoop.ozone.protocolPB.OzoneManagerProtocolServerSideTranslatorPB.submitRequest(OzoneManagerProtocolServerSideTranslatorPB.java:148) [ozone-manager-1.4.0-SNAPSHOT.jar:?]
	at org.apache.hadoop.ozone.protocol.proto.OzoneManagerProtocolProtos$OzoneManagerService$2.callBlockingMethod(OzoneManagerProtocolProtos.java) [ozone-interface-client-1.4.0-SNAPSHOT.jar:?]
	at org.apache.hadoop.ipc.ProtobufRpcEngine$Server.processCall(ProtobufRpcEngine.java:484) [hadoop-common-3.3.6.jar:?]
	at org.apache.hadoop.ipc.ProtobufRpcEngine2$Server$ProtoBufRpcInvoker.call(ProtobufRpcEngine2.java:595) [hadoop-common-3.3.6.jar:?]
	at org.apache.hadoop.ipc.ProtobufRpcEngine2$Server$ProtoBufRpcInvoker.call(ProtobufRpcEngine2.java:573) [hadoop-common-3.3.6.jar:?]
	at org.apache.hadoop.ipc.RPC$Server.call(RPC.java:1227) [hadoop-common-3.3.6.jar:?]
	at org.apache.hadoop.ipc.Server$RpcCall.run(Server.java:1094) [hadoop-common-3.3.6.jar:?]
	at org.apache.hadoop.ipc.Server$RpcCall.run(Server.java:1017) [hadoop-common-3.3.6.jar:?]
	at java.security.AccessController.doPrivileged(Native Method) ~[?:1.8.0_382]
	at javax.security.auth.Subject.doAs(Subject.java:422) [?:1.8.0_382]
	at org.apache.hadoop.security.UserGroupInformation.doAs(UserGroupInformation.java:1899) [hadoop-common-3.3.6.jar:?]
	at org.apache.hadoop.ipc.Server$Handler.run(Server.java:3048) [hadoop-common-3.3.6.jar:?]
17:58:44.664 [IPC Server handler 18 on default port 15057] ERROR OMAudit - user=runner | ip=127.0.0.1 | op=GET_FILE_STATUS {volume=volume50120, bucket=bucket21958, key=.Trash, dataSize=0, replicationConfig=null} | ret=FAILURE
org.apache.hadoop.ozone.om.exceptions.OMException: Unable to get file status: volume: volume50120 bucket: bucket21958 key: .Trash
	at org.apache.hadoop.ozone.om.KeyManagerImpl.getOzoneFileStatusFSO(KeyManagerImpl.java:1327) ~[ozone-manager-1.4.0-SNAPSHOT.jar:?]
	at org.apache.hadoop.ozone.om.KeyManagerImpl.getFileStatus(KeyManagerImpl.java:1111) ~[ozone-manager-1.4.0-SNAPSHOT.jar:?]
	at org.apache.hadoop.ozone.om.OmMetadataReader.getFileStatus(OmMetadataReader.java:262) ~[ozone-manager-1.4.0-SNAPSHOT.jar:?]
	at org.apache.hadoop.ozone.om.OzoneManager.getFileStatus(OzoneManager.java:3533) ~[ozone-manager-1.4.0-SNAPSHOT.jar:?]
	at org.apache.hadoop.ozone.protocolPB.OzoneManagerRequestHandler.getOzoneFileStatus(OzoneManagerRequestHandler.java:971) ~[ozone-manager-1.4.0-SNAPSHOT.jar:?]
	at org.apache.hadoop.ozone.protocolPB.OzoneManagerRequestHandler.handleReadRequest(OzoneManagerRequestHandler.java:250) ~[ozone-manager-1.4.0-SNAPSHOT.jar:?]
	at org.apache.hadoop.ozone.protocolPB.OzoneManagerProtocolServerSideTranslatorPB.submitRequestDirectlyToOM(OzoneManagerProtocolServerSideTranslatorPB.java:274) ~[ozone-manager-1.4.0-SNAPSHOT.jar:?]
	at org.apache.hadoop.ozone.protocolPB.OzoneManagerProtocolServerSideTranslatorPB.processRequest(OzoneManagerProtocolServerSideTranslatorPB.java:175) ~[ozone-manager-1.4.0-SNAPSHOT.jar:?]
	at org.apache.hadoop.hdds.server.OzoneProtocolMessageDispatcher.processRequest(OzoneProtocolMessageDispatcher.java:87) [hdds-server-framework-1.4.0-SNAPSHOT.jar:?]
	at org.apache.hadoop.ozone.protocolPB.OzoneManagerProtocolServerSideTranslatorPB.submitRequest(OzoneManagerProtocolServerSideTranslatorPB.java:148) [ozone-manager-1.4.0-SNAPSHOT.jar:?]
	at org.apache.hadoop.ozone.protocol.proto.OzoneManagerProtocolProtos$OzoneManagerService$2.callBlockingMethod(OzoneManagerProtocolProtos.java) [ozone-interface-client-1.4.0-SNAPSHOT.jar:?]
	at org.apache.hadoop.ipc.ProtobufRpcEngine$Server.processCall(ProtobufRpcEngine.java:484) [hadoop-common-3.3.6.jar:?]
	at org.apache.hadoop.ipc.ProtobufRpcEngine2$Server$ProtoBufRpcInvoker.call(ProtobufRpcEngine2.java:595) [hadoop-common-3.3.6.jar:?]
	at org.apache.hadoop.ipc.ProtobufRpcEngine2$Server$ProtoBufRpcInvoker.call(ProtobufRpcEngine2.java:573) [hadoop-common-3.3.6.jar:?]
	at org.apache.hadoop.ipc.RPC$Server.call(RPC.java:1227) [hadoop-common-3.3.6.jar:?]
	at org.apache.hadoop.ipc.Server$RpcCall.run(Server.java:1094) [hadoop-common-3.3.6.jar:?]
	at org.apache.hadoop.ipc.Server$RpcCall.run(Server.java:1017) [hadoop-common-3.3.6.jar:?]
	at java.security.AccessController.doPrivileged(Native Method) ~[?:1.8.0_382]
	at javax.security.auth.Subject.doAs(Subject.java:422) [?:1.8.0_382]
	at org.apache.hadoop.security.UserGroupInformation.doAs(UserGroupInformation.java:1899) [hadoop-common-3.3.6.jar:?]
	at org.apache.hadoop.ipc.Server$Handler.run(Server.java:3048) [hadoop-common-3.3.6.jar:?]
]]></system-out>
  </testcase>
  <testcase name="testCreateDoesNotAddParentDirKeys" classname="TestRootedOzoneFileSystemWithFSO" time="0.069">
    <system-out><![CDATA[2023-09-25 17:57:05,041 [Time-limited test] INFO  rpc.RpcClient (RpcClient.java:createVolume(461)) - Creating Volume: volume78814, with user85490 as owner and space quota set to -1 bytes, counts quota set to -1
2023-09-25 17:57:05,043 [OM StateMachine ApplyTransaction Thread - 0] INFO  volume.OMVolumeCreateRequest (OMVolumeCreateRequest.java:validateAndUpdateCache(196)) - created volume:volume78814 for user:user85490
2023-09-25 17:57:05,045 [Time-limited test] INFO  rpc.RpcClient (RpcClient.java:createBucket(688)) - Creating Bucket: volume78814/bucket78594, with bucket layout FILE_SYSTEM_OPTIMIZED, runner as owner, Versioning false, Storage Type set to DISK and Encryption set to false, Replication Type set to server-side default replication type, Namespace Quota set to -1, Space Quota set to -1 
2023-09-25 17:57:05,047 [OM StateMachine ApplyTransaction Thread - 0] INFO  bucket.OMBucketCreateRequest (OMBucketCreateRequest.java:validateAndUpdateCache(270)) - created bucket: bucket78594 of layout FILE_SYSTEM_OPTIMIZED in volume: volume78814
]]></system-out>
  </testcase>
  <testcase name="testCreateDoesNotAddParentDirKeys" classname="TestRootedOzoneFileSystemWithFSO" time="0.04">
    <system-out><![CDATA[2023-09-25 17:58:44,692 [Time-limited test] INFO  rpc.RpcClient (RpcClient.java:createVolume(461)) - Creating Volume: volume40430, with user71417 as owner and space quota set to -1 bytes, counts quota set to -1
2023-09-25 17:58:44,693 [IPC Server handler 19 on default port 15057] INFO  volume.OMVolumeCreateRequest (OMVolumeCreateRequest.java:validateAndUpdateCache(196)) - created volume:volume40430 for user:user71417
2023-09-25 17:58:44,694 [Time-limited test] INFO  rpc.RpcClient (RpcClient.java:createBucket(688)) - Creating Bucket: volume40430/bucket36854, with bucket layout FILE_SYSTEM_OPTIMIZED, runner as owner, Versioning false, Storage Type set to DISK and Encryption set to false, Replication Type set to server-side default replication type, Namespace Quota set to -1, Space Quota set to -1 
2023-09-25 17:58:44,694 [IPC Server handler 2 on default port 15057] INFO  bucket.OMBucketCreateRequest (OMBucketCreateRequest.java:validateAndUpdateCache(270)) - created bucket: bucket36854 of layout FILE_SYSTEM_OPTIMIZED in volume: volume40430
]]></system-out>
  </testcase>
  <testcase name="testSharedTmpDir" classname="TestRootedOzoneFileSystemWithFSO" time="0.19">
    <system-out><![CDATA[2023-09-25 17:57:05,105 [Time-limited test] INFO  rpc.RpcClient (RpcClient.java:createVolume(461)) - Creating Volume: volume13983, with user96868 as owner and space quota set to -1 bytes, counts quota set to -1
2023-09-25 17:57:05,108 [OM StateMachine ApplyTransaction Thread - 0] INFO  volume.OMVolumeCreateRequest (OMVolumeCreateRequest.java:validateAndUpdateCache(196)) - created volume:volume13983 for user:user96868
2023-09-25 17:57:05,110 [Time-limited test] INFO  rpc.RpcClient (RpcClient.java:createBucket(688)) - Creating Bucket: volume13983/bucket07659, with bucket layout FILE_SYSTEM_OPTIMIZED, runner as owner, Versioning false, Storage Type set to DISK and Encryption set to false, Replication Type set to server-side default replication type, Namespace Quota set to -1, Space Quota set to -1 
2023-09-25 17:57:05,111 [OM StateMachine ApplyTransaction Thread - 0] INFO  bucket.OMBucketCreateRequest (OMBucketCreateRequest.java:validateAndUpdateCache(270)) - created bucket: bucket07659 of layout FILE_SYSTEM_OPTIMIZED in volume: volume13983
2023-09-25 17:57:05,128 [Time-limited test] INFO  rpc.RpcClient (RpcClient.java:createVolume(461)) - Creating Volume: tmp, with admin as owner and space quota set to 9223372036854775807 bytes, counts quota set to 1000
2023-09-25 17:57:05,130 [OM StateMachine ApplyTransaction Thread - 0] INFO  volume.OMVolumeCreateRequest (OMVolumeCreateRequest.java:validateAndUpdateCache(196)) - created volume:tmp for user:admin
17:57:05.133 [IPC Server handler 0 on default port 15004] ERROR OMAudit - user=runner | ip=127.0.0.1 | op=READ_BUCKET {volume=tmp, bucket=4bad0b8dd3074cd43f641c2ac22a3571} | ret=FAILURE
org.apache.hadoop.ozone.om.exceptions.OMException: Bucket not found
	at org.apache.hadoop.ozone.om.BucketManagerImpl.getBucketInfo(BucketManagerImpl.java:85) ~[ozone-manager-1.4.0-SNAPSHOT.jar:?]
	at org.apache.hadoop.ozone.om.OzoneManager.getBucketInfo(OzoneManager.java:2795) ~[ozone-manager-1.4.0-SNAPSHOT.jar:?]
	at org.apache.hadoop.ozone.protocolPB.OzoneManagerRequestHandler.infoBucket(OzoneManagerRequestHandler.java:545) ~[ozone-manager-1.4.0-SNAPSHOT.jar:?]
	at org.apache.hadoop.ozone.protocolPB.OzoneManagerRequestHandler.handleReadRequest(OzoneManagerRequestHandler.java:200) ~[ozone-manager-1.4.0-SNAPSHOT.jar:?]
	at org.apache.hadoop.ozone.protocolPB.OzoneManagerProtocolServerSideTranslatorPB.submitReadRequestToOM(OzoneManagerProtocolServerSideTranslatorPB.java:225) ~[ozone-manager-1.4.0-SNAPSHOT.jar:?]
	at org.apache.hadoop.ozone.protocolPB.OzoneManagerProtocolServerSideTranslatorPB.processRequest(OzoneManagerProtocolServerSideTranslatorPB.java:179) ~[ozone-manager-1.4.0-SNAPSHOT.jar:?]
	at org.apache.hadoop.hdds.server.OzoneProtocolMessageDispatcher.processRequest(OzoneProtocolMessageDispatcher.java:87) [hdds-server-framework-1.4.0-SNAPSHOT.jar:?]
	at org.apache.hadoop.ozone.protocolPB.OzoneManagerProtocolServerSideTranslatorPB.submitRequest(OzoneManagerProtocolServerSideTranslatorPB.java:148) [ozone-manager-1.4.0-SNAPSHOT.jar:?]
	at org.apache.hadoop.ozone.protocol.proto.OzoneManagerProtocolProtos$OzoneManagerService$2.callBlockingMethod(OzoneManagerProtocolProtos.java) [ozone-interface-client-1.4.0-SNAPSHOT.jar:?]
	at org.apache.hadoop.ipc.ProtobufRpcEngine$Server.processCall(ProtobufRpcEngine.java:484) [hadoop-common-3.3.6.jar:?]
	at org.apache.hadoop.ipc.ProtobufRpcEngine2$Server$ProtoBufRpcInvoker.call(ProtobufRpcEngine2.java:595) [hadoop-common-3.3.6.jar:?]
	at org.apache.hadoop.ipc.ProtobufRpcEngine2$Server$ProtoBufRpcInvoker.call(ProtobufRpcEngine2.java:573) [hadoop-common-3.3.6.jar:?]
	at org.apache.hadoop.ipc.RPC$Server.call(RPC.java:1227) [hadoop-common-3.3.6.jar:?]
	at org.apache.hadoop.ipc.Server$RpcCall.run(Server.java:1094) [hadoop-common-3.3.6.jar:?]
	at org.apache.hadoop.ipc.Server$RpcCall.run(Server.java:1017) [hadoop-common-3.3.6.jar:?]
	at java.security.AccessController.doPrivileged(Native Method) ~[?:1.8.0_382]
	at javax.security.auth.Subject.doAs(Subject.java:422) [?:1.8.0_382]
	at org.apache.hadoop.security.UserGroupInformation.doAs(UserGroupInformation.java:1899) [hadoop-common-3.3.6.jar:?]
	at org.apache.hadoop.ipc.Server$Handler.run(Server.java:3048) [hadoop-common-3.3.6.jar:?]
2023-09-25 17:57:05,134 [Time-limited test] INFO  rpc.RpcClient (RpcClient.java:createBucket(688)) - Creating Bucket: tmp/tmp, with server-side default bucket layout, admin as owner, Versioning false, Storage Type set to DISK and Encryption set to false, Replication Type set to server-side default replication type, Namespace Quota set to 1000, Space Quota set to 9223372036854775807 
2023-09-25 17:57:05,136 [OM StateMachine ApplyTransaction Thread - 0] INFO  bucket.OMBucketCreateRequest (OMBucketCreateRequest.java:validateAndUpdateCache(270)) - created bucket: tmp of layout FILE_SYSTEM_OPTIMIZED in volume: tmp
17:57:05.255 [IPC Server handler 8 on default port 15004] ERROR OMAudit - user=runner | ip=127.0.0.1 | op=READ_BUCKET {volume=tmp, bucket=tmp} | ret=FAILURE
org.apache.hadoop.ozone.om.exceptions.OMException: Bucket not found
	at org.apache.hadoop.ozone.om.BucketManagerImpl.getBucketInfo(BucketManagerImpl.java:85) ~[ozone-manager-1.4.0-SNAPSHOT.jar:?]
	at org.apache.hadoop.ozone.om.OzoneManager.getBucketInfo(OzoneManager.java:2795) ~[ozone-manager-1.4.0-SNAPSHOT.jar:?]
	at org.apache.hadoop.ozone.protocolPB.OzoneManagerRequestHandler.infoBucket(OzoneManagerRequestHandler.java:545) ~[ozone-manager-1.4.0-SNAPSHOT.jar:?]
	at org.apache.hadoop.ozone.protocolPB.OzoneManagerRequestHandler.handleReadRequest(OzoneManagerRequestHandler.java:200) ~[ozone-manager-1.4.0-SNAPSHOT.jar:?]
	at org.apache.hadoop.ozone.protocolPB.OzoneManagerProtocolServerSideTranslatorPB.submitReadRequestToOM(OzoneManagerProtocolServerSideTranslatorPB.java:225) ~[ozone-manager-1.4.0-SNAPSHOT.jar:?]
	at org.apache.hadoop.ozone.protocolPB.OzoneManagerProtocolServerSideTranslatorPB.processRequest(OzoneManagerProtocolServerSideTranslatorPB.java:179) ~[ozone-manager-1.4.0-SNAPSHOT.jar:?]
	at org.apache.hadoop.hdds.server.OzoneProtocolMessageDispatcher.processRequest(OzoneProtocolMessageDispatcher.java:87) [hdds-server-framework-1.4.0-SNAPSHOT.jar:?]
	at org.apache.hadoop.ozone.protocolPB.OzoneManagerProtocolServerSideTranslatorPB.submitRequest(OzoneManagerProtocolServerSideTranslatorPB.java:148) [ozone-manager-1.4.0-SNAPSHOT.jar:?]
	at org.apache.hadoop.ozone.protocol.proto.OzoneManagerProtocolProtos$OzoneManagerService$2.callBlockingMethod(OzoneManagerProtocolProtos.java) [ozone-interface-client-1.4.0-SNAPSHOT.jar:?]
	at org.apache.hadoop.ipc.ProtobufRpcEngine$Server.processCall(ProtobufRpcEngine.java:484) [hadoop-common-3.3.6.jar:?]
	at org.apache.hadoop.ipc.ProtobufRpcEngine2$Server$ProtoBufRpcInvoker.call(ProtobufRpcEngine2.java:595) [hadoop-common-3.3.6.jar:?]
	at org.apache.hadoop.ipc.ProtobufRpcEngine2$Server$ProtoBufRpcInvoker.call(ProtobufRpcEngine2.java:573) [hadoop-common-3.3.6.jar:?]
	at org.apache.hadoop.ipc.RPC$Server.call(RPC.java:1227) [hadoop-common-3.3.6.jar:?]
	at org.apache.hadoop.ipc.Server$RpcCall.run(Server.java:1094) [hadoop-common-3.3.6.jar:?]
	at org.apache.hadoop.ipc.Server$RpcCall.run(Server.java:1017) [hadoop-common-3.3.6.jar:?]
	at java.security.AccessController.doPrivileged(Native Method) ~[?:1.8.0_382]
	at javax.security.auth.Subject.doAs(Subject.java:422) [?:1.8.0_382]
	at org.apache.hadoop.security.UserGroupInformation.doAs(UserGroupInformation.java:1899) [hadoop-common-3.3.6.jar:?]
	at org.apache.hadoop.ipc.Server$Handler.run(Server.java:3048) [hadoop-common-3.3.6.jar:?]
17:57:05.257 [IPC Server handler 11 on default port 15004] ERROR OMAudit - user=runner | ip=127.0.0.1 | op=READ_BUCKET {volume=tmp, bucket=tmp} | ret=FAILURE
org.apache.hadoop.ozone.om.exceptions.OMException: Bucket not found
	at org.apache.hadoop.ozone.om.BucketManagerImpl.getBucketInfo(BucketManagerImpl.java:85) ~[ozone-manager-1.4.0-SNAPSHOT.jar:?]
	at org.apache.hadoop.ozone.om.OzoneManager.getBucketInfo(OzoneManager.java:2795) ~[ozone-manager-1.4.0-SNAPSHOT.jar:?]
	at org.apache.hadoop.ozone.protocolPB.OzoneManagerRequestHandler.infoBucket(OzoneManagerRequestHandler.java:545) ~[ozone-manager-1.4.0-SNAPSHOT.jar:?]
	at org.apache.hadoop.ozone.protocolPB.OzoneManagerRequestHandler.handleReadRequest(OzoneManagerRequestHandler.java:200) ~[ozone-manager-1.4.0-SNAPSHOT.jar:?]
	at org.apache.hadoop.ozone.protocolPB.OzoneManagerProtocolServerSideTranslatorPB.submitReadRequestToOM(OzoneManagerProtocolServerSideTranslatorPB.java:225) ~[ozone-manager-1.4.0-SNAPSHOT.jar:?]
	at org.apache.hadoop.ozone.protocolPB.OzoneManagerProtocolServerSideTranslatorPB.processRequest(OzoneManagerProtocolServerSideTranslatorPB.java:179) ~[ozone-manager-1.4.0-SNAPSHOT.jar:?]
	at org.apache.hadoop.hdds.server.OzoneProtocolMessageDispatcher.processRequest(OzoneProtocolMessageDispatcher.java:87) [hdds-server-framework-1.4.0-SNAPSHOT.jar:?]
	at org.apache.hadoop.ozone.protocolPB.OzoneManagerProtocolServerSideTranslatorPB.submitRequest(OzoneManagerProtocolServerSideTranslatorPB.java:148) [ozone-manager-1.4.0-SNAPSHOT.jar:?]
	at org.apache.hadoop.ozone.protocol.proto.OzoneManagerProtocolProtos$OzoneManagerService$2.callBlockingMethod(OzoneManagerProtocolProtos.java) [ozone-interface-client-1.4.0-SNAPSHOT.jar:?]
	at org.apache.hadoop.ipc.ProtobufRpcEngine$Server.processCall(ProtobufRpcEngine.java:484) [hadoop-common-3.3.6.jar:?]
	at org.apache.hadoop.ipc.ProtobufRpcEngine2$Server$ProtoBufRpcInvoker.call(ProtobufRpcEngine2.java:595) [hadoop-common-3.3.6.jar:?]
	at org.apache.hadoop.ipc.ProtobufRpcEngine2$Server$ProtoBufRpcInvoker.call(ProtobufRpcEngine2.java:573) [hadoop-common-3.3.6.jar:?]
	at org.apache.hadoop.ipc.RPC$Server.call(RPC.java:1227) [hadoop-common-3.3.6.jar:?]
	at org.apache.hadoop.ipc.Server$RpcCall.run(Server.java:1094) [hadoop-common-3.3.6.jar:?]
	at org.apache.hadoop.ipc.Server$RpcCall.run(Server.java:1017) [hadoop-common-3.3.6.jar:?]
	at java.security.AccessController.doPrivileged(Native Method) ~[?:1.8.0_382]
	at javax.security.auth.Subject.doAs(Subject.java:422) [?:1.8.0_382]
	at org.apache.hadoop.security.UserGroupInformation.doAs(UserGroupInformation.java:1899) [hadoop-common-3.3.6.jar:?]
	at org.apache.hadoop.ipc.Server$Handler.run(Server.java:3048) [hadoop-common-3.3.6.jar:?]
2023-09-25 17:57:05,258 [Time-limited test] ERROR ozone.BasicRootedOzoneFileSystem (BasicRootedOzoneFileSystem.java:isLinkBucket(780)) - Exception while getting bucket link information, considered it as false
BUCKET_NOT_FOUND org.apache.hadoop.ozone.om.exceptions.OMException: Bucket not found
	at org.apache.hadoop.ozone.om.protocolPB.OzoneManagerProtocolClientSideTranslatorPB.handleError(OzoneManagerProtocolClientSideTranslatorPB.java:729)
	at org.apache.hadoop.ozone.om.protocolPB.OzoneManagerProtocolClientSideTranslatorPB.getBucketInfo(OzoneManagerProtocolClientSideTranslatorPB.java:578)
	at org.apache.hadoop.ozone.client.rpc.RpcClient.getBucketDetails(RpcClient.java:1243)
	at org.apache.hadoop.fs.ozone.BasicRootedOzoneClientAdapterImpl.getBucket(BasicRootedOzoneClientAdapterImpl.java:274)
	at org.apache.hadoop.fs.ozone.BasicRootedOzoneClientAdapterImpl.getBucket(BasicRootedOzoneClientAdapterImpl.java:248)
	at org.apache.hadoop.fs.ozone.BasicRootedOzoneFileSystem.isLinkBucket(BasicRootedOzoneFileSystem.java:775)
	at org.apache.hadoop.fs.ozone.BasicRootedOzoneFileSystem.deleteBucket(BasicRootedOzoneFileSystem.java:742)
	at org.apache.hadoop.fs.ozone.BasicRootedOzoneFileSystem.delete(BasicRootedOzoneFileSystem.java:696)
	at org.apache.hadoop.fs.ozone.TestRootedOzoneFileSystem.testSharedTmpDir(TestRootedOzoneFileSystem.java:1354)
	at sun.reflect.NativeMethodAccessorImpl.invoke0(Native Method)
	at sun.reflect.NativeMethodAccessorImpl.invoke(NativeMethodAccessorImpl.java:62)
	at sun.reflect.DelegatingMethodAccessorImpl.invoke(DelegatingMethodAccessorImpl.java:43)
	at java.lang.reflect.Method.invoke(Method.java:498)
	at org.junit.runners.model.FrameworkMethod$1.runReflectiveCall(FrameworkMethod.java:59)
	at org.junit.internal.runners.model.ReflectiveCallable.run(ReflectiveCallable.java:12)
	at org.junit.runners.model.FrameworkMethod.invokeExplosively(FrameworkMethod.java:56)
	at org.junit.internal.runners.statements.InvokeMethod.evaluate(InvokeMethod.java:17)
	at org.junit.internal.runners.statements.RunBefores.evaluate(RunBefores.java:26)
	at org.junit.internal.runners.statements.RunAfters.evaluate(RunAfters.java:27)
	at org.junit.internal.runners.statements.FailOnTimeout$CallableStatement.call(FailOnTimeout.java:288)
	at org.junit.internal.runners.statements.FailOnTimeout$CallableStatement.call(FailOnTimeout.java:282)
	at java.util.concurrent.FutureTask.run(FutureTask.java:266)
	at java.lang.Thread.run(Thread.java:750)
2023-09-25 17:57:05,259 [Time-limited test] WARN  ozone.BasicRootedOzoneFileSystem (BasicRootedOzoneFileSystem.java:deleteBucket(746)) - delete: Path does not exist: /tmp
]]></system-out>
  </testcase>
  <testcase name="testSharedTmpDir" classname="TestRootedOzoneFileSystemWithFSO" time="0.149">
    <system-out><![CDATA[2023-09-25 17:58:44,732 [Time-limited test] INFO  rpc.RpcClient (RpcClient.java:createVolume(461)) - Creating Volume: volume08333, with user36362 as owner and space quota set to -1 bytes, counts quota set to -1
2023-09-25 17:58:44,732 [IPC Server handler 17 on default port 15057] INFO  volume.OMVolumeCreateRequest (OMVolumeCreateRequest.java:validateAndUpdateCache(196)) - created volume:volume08333 for user:user36362
2023-09-25 17:58:44,733 [Time-limited test] INFO  rpc.RpcClient (RpcClient.java:createBucket(688)) - Creating Bucket: volume08333/bucket34836, with bucket layout FILE_SYSTEM_OPTIMIZED, runner as owner, Versioning false, Storage Type set to DISK and Encryption set to false, Replication Type set to server-side default replication type, Namespace Quota set to -1, Space Quota set to -1 
2023-09-25 17:58:44,734 [IPC Server handler 15 on default port 15057] INFO  bucket.OMBucketCreateRequest (OMBucketCreateRequest.java:validateAndUpdateCache(270)) - created bucket: bucket34836 of layout FILE_SYSTEM_OPTIMIZED in volume: volume08333
2023-09-25 17:58:44,746 [Time-limited test] INFO  rpc.RpcClient (RpcClient.java:createVolume(461)) - Creating Volume: tmp, with admin as owner and space quota set to 9223372036854775807 bytes, counts quota set to 1000
2023-09-25 17:58:44,746 [IPC Server handler 19 on default port 15057] INFO  volume.OMVolumeCreateRequest (OMVolumeCreateRequest.java:validateAndUpdateCache(196)) - created volume:tmp for user:admin
17:58:44.749 [IPC Server handler 2 on default port 15057] ERROR OMAudit - user=runner | ip=127.0.0.1 | op=READ_BUCKET {volume=tmp, bucket=4bad0b8dd3074cd43f641c2ac22a3571} | ret=FAILURE
org.apache.hadoop.ozone.om.exceptions.OMException: Bucket not found
	at org.apache.hadoop.ozone.om.BucketManagerImpl.getBucketInfo(BucketManagerImpl.java:85) ~[ozone-manager-1.4.0-SNAPSHOT.jar:?]
	at org.apache.hadoop.ozone.om.OzoneManager.getBucketInfo(OzoneManager.java:2795) ~[ozone-manager-1.4.0-SNAPSHOT.jar:?]
	at org.apache.hadoop.ozone.protocolPB.OzoneManagerRequestHandler.infoBucket(OzoneManagerRequestHandler.java:545) ~[ozone-manager-1.4.0-SNAPSHOT.jar:?]
	at org.apache.hadoop.ozone.protocolPB.OzoneManagerRequestHandler.handleReadRequest(OzoneManagerRequestHandler.java:200) ~[ozone-manager-1.4.0-SNAPSHOT.jar:?]
	at org.apache.hadoop.ozone.protocolPB.OzoneManagerProtocolServerSideTranslatorPB.submitRequestDirectlyToOM(OzoneManagerProtocolServerSideTranslatorPB.java:274) ~[ozone-manager-1.4.0-SNAPSHOT.jar:?]
	at org.apache.hadoop.ozone.protocolPB.OzoneManagerProtocolServerSideTranslatorPB.processRequest(OzoneManagerProtocolServerSideTranslatorPB.java:175) ~[ozone-manager-1.4.0-SNAPSHOT.jar:?]
	at org.apache.hadoop.hdds.server.OzoneProtocolMessageDispatcher.processRequest(OzoneProtocolMessageDispatcher.java:87) [hdds-server-framework-1.4.0-SNAPSHOT.jar:?]
	at org.apache.hadoop.ozone.protocolPB.OzoneManagerProtocolServerSideTranslatorPB.submitRequest(OzoneManagerProtocolServerSideTranslatorPB.java:148) [ozone-manager-1.4.0-SNAPSHOT.jar:?]
	at org.apache.hadoop.ozone.protocol.proto.OzoneManagerProtocolProtos$OzoneManagerService$2.callBlockingMethod(OzoneManagerProtocolProtos.java) [ozone-interface-client-1.4.0-SNAPSHOT.jar:?]
	at org.apache.hadoop.ipc.ProtobufRpcEngine$Server.processCall(ProtobufRpcEngine.java:484) [hadoop-common-3.3.6.jar:?]
	at org.apache.hadoop.ipc.ProtobufRpcEngine2$Server$ProtoBufRpcInvoker.call(ProtobufRpcEngine2.java:595) [hadoop-common-3.3.6.jar:?]
	at org.apache.hadoop.ipc.ProtobufRpcEngine2$Server$ProtoBufRpcInvoker.call(ProtobufRpcEngine2.java:573) [hadoop-common-3.3.6.jar:?]
	at org.apache.hadoop.ipc.RPC$Server.call(RPC.java:1227) [hadoop-common-3.3.6.jar:?]
	at org.apache.hadoop.ipc.Server$RpcCall.run(Server.java:1094) [hadoop-common-3.3.6.jar:?]
	at org.apache.hadoop.ipc.Server$RpcCall.run(Server.java:1017) [hadoop-common-3.3.6.jar:?]
	at java.security.AccessController.doPrivileged(Native Method) ~[?:1.8.0_382]
	at javax.security.auth.Subject.doAs(Subject.java:422) [?:1.8.0_382]
	at org.apache.hadoop.security.UserGroupInformation.doAs(UserGroupInformation.java:1899) [hadoop-common-3.3.6.jar:?]
	at org.apache.hadoop.ipc.Server$Handler.run(Server.java:3048) [hadoop-common-3.3.6.jar:?]
2023-09-25 17:58:44,749 [Time-limited test] INFO  rpc.RpcClient (RpcClient.java:createBucket(688)) - Creating Bucket: tmp/tmp, with server-side default bucket layout, admin as owner, Versioning false, Storage Type set to DISK and Encryption set to false, Replication Type set to server-side default replication type, Namespace Quota set to 1000, Space Quota set to 9223372036854775807 
2023-09-25 17:58:44,750 [IPC Server handler 4 on default port 15057] INFO  bucket.OMBucketCreateRequest (OMBucketCreateRequest.java:validateAndUpdateCache(270)) - created bucket: tmp of layout FILE_SYSTEM_OPTIMIZED in volume: tmp
17:58:44.858 [IPC Server handler 10 on default port 15057] ERROR OMAudit - user=runner | ip=127.0.0.1 | op=READ_BUCKET {volume=tmp, bucket=tmp} | ret=FAILURE
org.apache.hadoop.ozone.om.exceptions.OMException: Bucket not found
	at org.apache.hadoop.ozone.om.BucketManagerImpl.getBucketInfo(BucketManagerImpl.java:85) ~[ozone-manager-1.4.0-SNAPSHOT.jar:?]
	at org.apache.hadoop.ozone.om.OzoneManager.getBucketInfo(OzoneManager.java:2795) ~[ozone-manager-1.4.0-SNAPSHOT.jar:?]
	at org.apache.hadoop.ozone.protocolPB.OzoneManagerRequestHandler.infoBucket(OzoneManagerRequestHandler.java:545) ~[ozone-manager-1.4.0-SNAPSHOT.jar:?]
	at org.apache.hadoop.ozone.protocolPB.OzoneManagerRequestHandler.handleReadRequest(OzoneManagerRequestHandler.java:200) ~[ozone-manager-1.4.0-SNAPSHOT.jar:?]
	at org.apache.hadoop.ozone.protocolPB.OzoneManagerProtocolServerSideTranslatorPB.submitRequestDirectlyToOM(OzoneManagerProtocolServerSideTranslatorPB.java:274) ~[ozone-manager-1.4.0-SNAPSHOT.jar:?]
	at org.apache.hadoop.ozone.protocolPB.OzoneManagerProtocolServerSideTranslatorPB.processRequest(OzoneManagerProtocolServerSideTranslatorPB.java:175) ~[ozone-manager-1.4.0-SNAPSHOT.jar:?]
	at org.apache.hadoop.hdds.server.OzoneProtocolMessageDispatcher.processRequest(OzoneProtocolMessageDispatcher.java:87) [hdds-server-framework-1.4.0-SNAPSHOT.jar:?]
	at org.apache.hadoop.ozone.protocolPB.OzoneManagerProtocolServerSideTranslatorPB.submitRequest(OzoneManagerProtocolServerSideTranslatorPB.java:148) [ozone-manager-1.4.0-SNAPSHOT.jar:?]
	at org.apache.hadoop.ozone.protocol.proto.OzoneManagerProtocolProtos$OzoneManagerService$2.callBlockingMethod(OzoneManagerProtocolProtos.java) [ozone-interface-client-1.4.0-SNAPSHOT.jar:?]
	at org.apache.hadoop.ipc.ProtobufRpcEngine$Server.processCall(ProtobufRpcEngine.java:484) [hadoop-common-3.3.6.jar:?]
	at org.apache.hadoop.ipc.ProtobufRpcEngine2$Server$ProtoBufRpcInvoker.call(ProtobufRpcEngine2.java:595) [hadoop-common-3.3.6.jar:?]
	at org.apache.hadoop.ipc.ProtobufRpcEngine2$Server$ProtoBufRpcInvoker.call(ProtobufRpcEngine2.java:573) [hadoop-common-3.3.6.jar:?]
	at org.apache.hadoop.ipc.RPC$Server.call(RPC.java:1227) [hadoop-common-3.3.6.jar:?]
	at org.apache.hadoop.ipc.Server$RpcCall.run(Server.java:1094) [hadoop-common-3.3.6.jar:?]
	at org.apache.hadoop.ipc.Server$RpcCall.run(Server.java:1017) [hadoop-common-3.3.6.jar:?]
	at java.security.AccessController.doPrivileged(Native Method) ~[?:1.8.0_382]
	at javax.security.auth.Subject.doAs(Subject.java:422) [?:1.8.0_382]
	at org.apache.hadoop.security.UserGroupInformation.doAs(UserGroupInformation.java:1899) [hadoop-common-3.3.6.jar:?]
	at org.apache.hadoop.ipc.Server$Handler.run(Server.java:3048) [hadoop-common-3.3.6.jar:?]
17:58:44.858 [IPC Server handler 5 on default port 15057] ERROR OMAudit - user=runner | ip=127.0.0.1 | op=READ_BUCKET {volume=tmp, bucket=tmp} | ret=FAILURE
org.apache.hadoop.ozone.om.exceptions.OMException: Bucket not found
	at org.apache.hadoop.ozone.om.BucketManagerImpl.getBucketInfo(BucketManagerImpl.java:85) ~[ozone-manager-1.4.0-SNAPSHOT.jar:?]
	at org.apache.hadoop.ozone.om.OzoneManager.getBucketInfo(OzoneManager.java:2795) ~[ozone-manager-1.4.0-SNAPSHOT.jar:?]
	at org.apache.hadoop.ozone.protocolPB.OzoneManagerRequestHandler.infoBucket(OzoneManagerRequestHandler.java:545) ~[ozone-manager-1.4.0-SNAPSHOT.jar:?]
	at org.apache.hadoop.ozone.protocolPB.OzoneManagerRequestHandler.handleReadRequest(OzoneManagerRequestHandler.java:200) ~[ozone-manager-1.4.0-SNAPSHOT.jar:?]
	at org.apache.hadoop.ozone.protocolPB.OzoneManagerProtocolServerSideTranslatorPB.submitRequestDirectlyToOM(OzoneManagerProtocolServerSideTranslatorPB.java:274) ~[ozone-manager-1.4.0-SNAPSHOT.jar:?]
	at org.apache.hadoop.ozone.protocolPB.OzoneManagerProtocolServerSideTranslatorPB.processRequest(OzoneManagerProtocolServerSideTranslatorPB.java:175) ~[ozone-manager-1.4.0-SNAPSHOT.jar:?]
	at org.apache.hadoop.hdds.server.OzoneProtocolMessageDispatcher.processRequest(OzoneProtocolMessageDispatcher.java:87) [hdds-server-framework-1.4.0-SNAPSHOT.jar:?]
	at org.apache.hadoop.ozone.protocolPB.OzoneManagerProtocolServerSideTranslatorPB.submitRequest(OzoneManagerProtocolServerSideTranslatorPB.java:148) [ozone-manager-1.4.0-SNAPSHOT.jar:?]
	at org.apache.hadoop.ozone.protocol.proto.OzoneManagerProtocolProtos$OzoneManagerService$2.callBlockingMethod(OzoneManagerProtocolProtos.java) [ozone-interface-client-1.4.0-SNAPSHOT.jar:?]
	at org.apache.hadoop.ipc.ProtobufRpcEngine$Server.processCall(ProtobufRpcEngine.java:484) [hadoop-common-3.3.6.jar:?]
	at org.apache.hadoop.ipc.ProtobufRpcEngine2$Server$ProtoBufRpcInvoker.call(ProtobufRpcEngine2.java:595) [hadoop-common-3.3.6.jar:?]
	at org.apache.hadoop.ipc.ProtobufRpcEngine2$Server$ProtoBufRpcInvoker.call(ProtobufRpcEngine2.java:573) [hadoop-common-3.3.6.jar:?]
	at org.apache.hadoop.ipc.RPC$Server.call(RPC.java:1227) [hadoop-common-3.3.6.jar:?]
	at org.apache.hadoop.ipc.Server$RpcCall.run(Server.java:1094) [hadoop-common-3.3.6.jar:?]
	at org.apache.hadoop.ipc.Server$RpcCall.run(Server.java:1017) [hadoop-common-3.3.6.jar:?]
	at java.security.AccessController.doPrivileged(Native Method) ~[?:1.8.0_382]
	at javax.security.auth.Subject.doAs(Subject.java:422) [?:1.8.0_382]
	at org.apache.hadoop.security.UserGroupInformation.doAs(UserGroupInformation.java:1899) [hadoop-common-3.3.6.jar:?]
	at org.apache.hadoop.ipc.Server$Handler.run(Server.java:3048) [hadoop-common-3.3.6.jar:?]
2023-09-25 17:58:44,859 [Time-limited test] ERROR ozone.BasicRootedOzoneFileSystem (BasicRootedOzoneFileSystem.java:isLinkBucket(780)) - Exception while getting bucket link information, considered it as false
BUCKET_NOT_FOUND org.apache.hadoop.ozone.om.exceptions.OMException: Bucket not found
	at org.apache.hadoop.ozone.om.protocolPB.OzoneManagerProtocolClientSideTranslatorPB.handleError(OzoneManagerProtocolClientSideTranslatorPB.java:729)
	at org.apache.hadoop.ozone.om.protocolPB.OzoneManagerProtocolClientSideTranslatorPB.getBucketInfo(OzoneManagerProtocolClientSideTranslatorPB.java:578)
	at org.apache.hadoop.ozone.client.rpc.RpcClient.getBucketDetails(RpcClient.java:1243)
	at org.apache.hadoop.fs.ozone.BasicRootedOzoneClientAdapterImpl.getBucket(BasicRootedOzoneClientAdapterImpl.java:274)
	at org.apache.hadoop.fs.ozone.BasicRootedOzoneClientAdapterImpl.getBucket(BasicRootedOzoneClientAdapterImpl.java:248)
	at org.apache.hadoop.fs.ozone.BasicRootedOzoneFileSystem.isLinkBucket(BasicRootedOzoneFileSystem.java:775)
	at org.apache.hadoop.fs.ozone.BasicRootedOzoneFileSystem.deleteBucket(BasicRootedOzoneFileSystem.java:742)
	at org.apache.hadoop.fs.ozone.BasicRootedOzoneFileSystem.delete(BasicRootedOzoneFileSystem.java:696)
	at org.apache.hadoop.fs.ozone.TestRootedOzoneFileSystem.testSharedTmpDir(TestRootedOzoneFileSystem.java:1354)
	at sun.reflect.NativeMethodAccessorImpl.invoke0(Native Method)
	at sun.reflect.NativeMethodAccessorImpl.invoke(NativeMethodAccessorImpl.java:62)
	at sun.reflect.DelegatingMethodAccessorImpl.invoke(DelegatingMethodAccessorImpl.java:43)
	at java.lang.reflect.Method.invoke(Method.java:498)
	at org.junit.runners.model.FrameworkMethod$1.runReflectiveCall(FrameworkMethod.java:59)
	at org.junit.internal.runners.model.ReflectiveCallable.run(ReflectiveCallable.java:12)
	at org.junit.runners.model.FrameworkMethod.invokeExplosively(FrameworkMethod.java:56)
	at org.junit.internal.runners.statements.InvokeMethod.evaluate(InvokeMethod.java:17)
	at org.junit.internal.runners.statements.RunBefores.evaluate(RunBefores.java:26)
	at org.junit.internal.runners.statements.RunAfters.evaluate(RunAfters.java:27)
	at org.junit.internal.runners.statements.FailOnTimeout$CallableStatement.call(FailOnTimeout.java:288)
	at org.junit.internal.runners.statements.FailOnTimeout$CallableStatement.call(FailOnTimeout.java:282)
	at java.util.concurrent.FutureTask.run(FutureTask.java:266)
	at java.lang.Thread.run(Thread.java:750)
2023-09-25 17:58:44,859 [Time-limited test] WARN  ozone.BasicRootedOzoneFileSystem (BasicRootedOzoneFileSystem.java:deleteBucket(746)) - delete: Path does not exist: /tmp
]]></system-out>
  </testcase>
  <testcase name="testSnapshotDiff" classname="TestRootedOzoneFileSystemWithFSO" time="5.668">
    <system-out><![CDATA[2023-09-25 17:57:05,298 [Time-limited test] INFO  rpc.RpcClient (RpcClient.java:createVolume(461)) - Creating Volume: volume82466, with user09544 as owner and space quota set to -1 bytes, counts quota set to -1
2023-09-25 17:57:05,300 [OM StateMachine ApplyTransaction Thread - 0] INFO  volume.OMVolumeCreateRequest (OMVolumeCreateRequest.java:validateAndUpdateCache(196)) - created volume:volume82466 for user:user09544
2023-09-25 17:57:05,302 [Time-limited test] INFO  rpc.RpcClient (RpcClient.java:createBucket(688)) - Creating Bucket: volume82466/bucket49418, with bucket layout FILE_SYSTEM_OPTIMIZED, runner as owner, Versioning false, Storage Type set to DISK and Encryption set to false, Replication Type set to server-side default replication type, Namespace Quota set to -1, Space Quota set to -1 
2023-09-25 17:57:05,304 [OM StateMachine ApplyTransaction Thread - 0] INFO  bucket.OMBucketCreateRequest (OMBucketCreateRequest.java:validateAndUpdateCache(270)) - created bucket: bucket49418 of layout FILE_SYSTEM_OPTIMIZED in volume: volume82466
2023-09-25 17:57:05,325 [Time-limited test] INFO  rpc.RpcClient (RpcClient.java:createVolume(461)) - Creating Volume: volume10543, with user12358 as owner and space quota set to -1 bytes, counts quota set to -1
2023-09-25 17:57:05,327 [OM StateMachine ApplyTransaction Thread - 0] INFO  volume.OMVolumeCreateRequest (OMVolumeCreateRequest.java:validateAndUpdateCache(196)) - created volume:volume10543 for user:user12358
2023-09-25 17:57:05,329 [Time-limited test] INFO  rpc.RpcClient (RpcClient.java:createBucket(688)) - Creating Bucket: volume10543/bucket70683, with bucket layout FILE_SYSTEM_OPTIMIZED, runner as owner, Versioning false, Storage Type set to DISK and Encryption set to false, Replication Type set to server-side default replication type, Namespace Quota set to -1, Space Quota set to -1 
2023-09-25 17:57:05,331 [OM StateMachine ApplyTransaction Thread - 0] INFO  bucket.OMBucketCreateRequest (OMBucketCreateRequest.java:validateAndUpdateCache(270)) - created bucket: bucket70683 of layout FILE_SYSTEM_OPTIMIZED in volume: volume10543
2023-09-25 17:57:05,373 [OM StateMachine ApplyTransaction Thread - 0] WARN  snapshot.OMSnapshotCreateRequest (OMSnapshotCreateRequest.java:estimateBucketDataSize(333)) - DefaultReplicationConfig is not correctly set in OmBucketInfo for volume 'volume10543' bucket 'bucket70683'. Falling back to config default 'RATIS/THREE'
2023-09-25 17:57:05,383 [OM StateMachine ApplyTransaction Thread - 0] INFO  snapshot.OMSnapshotCreateRequest (OMSnapshotCreateRequest.java:validateAndUpdateCache(215)) - Created snapshot: 's20230925-175705.348' with snapshotId: 'e200cb8d-e58d-4a13-91a9-cf5392078711' under path 'volume10543/bucket70683'
2023-09-25 17:57:05,455 [OMDoubleBufferFlushThread] INFO  db.RDBCheckpointManager (RDBCheckpointManager.java:createCheckpoint(89)) - Created checkpoint in rocksDB at /home/runner/work/ozone/ozone/hadoop-ozone/integration-test/target/test-dir/MiniOzoneClusterImpl-932dec38-ee06-46f6-8792-0cf7b891b204/ozone-meta/db.snapshots/checkpointState/om.db-e200cb8d-e58d-4a13-91a9-cf5392078711 in 69 milliseconds
2023-09-25 17:57:05,487 [OM StateMachine ApplyTransaction Thread - 0] WARN  snapshot.OMSnapshotCreateRequest (OMSnapshotCreateRequest.java:estimateBucketDataSize(333)) - DefaultReplicationConfig is not correctly set in OmBucketInfo for volume 'volume10543' bucket 'bucket70683'. Falling back to config default 'RATIS/THREE'
2023-09-25 17:57:05,487 [OM StateMachine ApplyTransaction Thread - 0] INFO  snapshot.OMSnapshotCreateRequest (OMSnapshotCreateRequest.java:validateAndUpdateCache(215)) - Created snapshot: 's20230925-175705.420' with snapshotId: '371eda3f-af6a-4c8e-bbaa-755a100a8075' under path 'volume10543/bucket70683'
2023-09-25 17:57:05,505 [OMDoubleBufferFlushThread] INFO  db.RDBCheckpointUtils (RDBCheckpointUtils.java:waitForCheckpointDirectoryExist(60)) - Waited for 48 milliseconds for checkpoint directory /home/runner/work/ozone/ozone/hadoop-ozone/integration-test/target/test-dir/MiniOzoneClusterImpl-932dec38-ee06-46f6-8792-0cf7b891b204/ozone-meta/db.snapshots/checkpointState/om.db-e200cb8d-e58d-4a13-91a9-cf5392078711 availability.
2023-09-25 17:57:05,603 [IPC Server handler 1 on default port 15004] INFO  snapshot.SnapshotDiffManager (SnapshotDiffManager.java:submitSnapDiffJob(732)) - Submitting snap diff report generation request for volume: volume10543, bucket: bucket70683, fromSnapshot: s20230925-175705.348 and toSnapshot: s20230925-175705.420
2023-09-25 17:57:05,610 [OMDoubleBufferFlushThread] WARN  om.OmSnapshotManager (OmSnapshotManager.java:findEndKeyGivenPrefix(591)) - Took 103311595 ns to find endKey. Caller is deleteKeysFromDelKeyTableInSnapshotScope
2023-09-25 17:57:05,613 [OMDoubleBufferFlushThread] WARN  om.OmSnapshotManager (OmSnapshotManager.java:findEndKeyGivenPrefix(591)) - Took 930507 ns to find endKey. Caller is deleteKeysFromDelDirTableInSnapshotScope
2023-09-25 17:57:05,618 [OMDoubleBufferFlushThread] INFO  om.OmSnapshotManager (OmSnapshotManager.java:createOmSnapshotCheckpoint(461)) - Created checkpoint : /home/runner/work/ozone/ozone/hadoop-ozone/integration-test/target/test-dir/MiniOzoneClusterImpl-932dec38-ee06-46f6-8792-0cf7b891b204/ozone-meta/db.snapshots/checkpointState/om.db-e200cb8d-e58d-4a13-91a9-cf5392078711 for snapshot s20230925-175705.348
2023-09-25 17:57:05,618 [snapshot-diff-job-thread-id-0] INFO  snapshot.SnapshotDiffManager (SnapshotDiffManager.java:generateSnapshotDiffReport(835)) - Started snap diff report generation for volume: 'volume10543', bucket: 'bucket70683', fromSnapshot: 's20230925-175705.348', toSnapshot: 's20230925-175705.420'
2023-09-25 17:57:05,624 [snapshot-diff-job-thread-id-0] INFO  snapshot.SnapshotCache (SnapshotCache.java:lambda$1(170)) - Loading snapshot. Table key: /volume10543/bucket70683/s20230925-175705.348
2023-09-25 17:57:05,632 [snapshot-diff-job-thread-id-0] WARN  server.ServerUtils (ServerUtils.java:getDBPath(311)) - ozone.om.db.dirs is not configured. We recommend adding this setting. Falling back to ozone.metadata.dirs instead.
2023-09-25 17:57:05,643 [snapshot-diff-job-thread-id-0] INFO  db.RDBCheckpointUtils (RDBCheckpointUtils.java:waitForCheckpointDirectoryExist(60)) - Waited for 11 milliseconds for checkpoint directory /home/runner/work/ozone/ozone/hadoop-ozone/integration-test/target/test-dir/MiniOzoneClusterImpl-932dec38-ee06-46f6-8792-0cf7b891b204/ozone-meta/db.snapshots/checkpointState/om.db-e200cb8d-e58d-4a13-91a9-cf5392078711 availability.
2023-09-25 17:57:05,645 [snapshot-diff-job-thread-id-0] INFO  helpers.OmKeyInfo (OmKeyInfo.java:getCodec(71)) - OmKeyInfo.getCodec ignorePipeline = true
2023-09-25 17:57:05,683 [OMDoubleBufferFlushThread] INFO  db.RDBCheckpointManager (RDBCheckpointManager.java:createCheckpoint(89)) - Created checkpoint in rocksDB at /home/runner/work/ozone/ozone/hadoop-ozone/integration-test/target/test-dir/MiniOzoneClusterImpl-932dec38-ee06-46f6-8792-0cf7b891b204/ozone-meta/db.snapshots/checkpointState/om.db-371eda3f-af6a-4c8e-bbaa-755a100a8075 in 44 milliseconds
2023-09-25 17:57:05,684 [OMDoubleBufferFlushThread] INFO  db.RDBCheckpointUtils (RDBCheckpointUtils.java:waitForCheckpointDirectoryExist(60)) - Waited for 1 milliseconds for checkpoint directory /home/runner/work/ozone/ozone/hadoop-ozone/integration-test/target/test-dir/MiniOzoneClusterImpl-932dec38-ee06-46f6-8792-0cf7b891b204/ozone-meta/db.snapshots/checkpointState/om.db-371eda3f-af6a-4c8e-bbaa-755a100a8075 availability.
2023-09-25 17:57:05,719 [OMDoubleBufferFlushThread] WARN  om.OmSnapshotManager (OmSnapshotManager.java:findEndKeyGivenPrefix(591)) - Took 32527350 ns to find endKey. Caller is deleteKeysFromDelKeyTableInSnapshotScope
2023-09-25 17:57:05,721 [OMDoubleBufferFlushThread] WARN  om.OmSnapshotManager (OmSnapshotManager.java:findEndKeyGivenPrefix(591)) - Took 495804 ns to find endKey. Caller is deleteKeysFromDelDirTableInSnapshotScope
2023-09-25 17:57:05,721 [OMDoubleBufferFlushThread] INFO  om.OmSnapshotManager (OmSnapshotManager.java:createOmSnapshotCheckpoint(461)) - Created checkpoint : /home/runner/work/ozone/ozone/hadoop-ozone/integration-test/target/test-dir/MiniOzoneClusterImpl-932dec38-ee06-46f6-8792-0cf7b891b204/ozone-meta/db.snapshots/checkpointState/om.db-371eda3f-af6a-4c8e-bbaa-755a100a8075 for snapshot s20230925-175705.420
2023-09-25 17:57:05,722 [OMDoubleBufferFlushThread] WARN  rocksdiff.RocksDBCheckpointDiffer (RocksDBCheckpointDiffer.java:setCurrentCompactionLog(326)) - Compaction log exists: /home/runner/work/ozone/ozone/hadoop-ozone/integration-test/target/test-dir/MiniOzoneClusterImpl-932dec38-ee06-46f6-8792-0cf7b891b204/ozone-meta/db.snapshots/diffState/compaction-log/0000000000000015386.log. Will append
2023-09-25 17:57:05,819 [snapshot-diff-job-thread-id-0] INFO  audit.AuditLogger (AuditLogger.java:refreshDebugCmdSet(126)) - Refresh DebugCmdSet for OMAudit to [].
2023-09-25 17:57:05,822 [snapshot-diff-job-thread-id-0] INFO  snapshot.SnapshotCache (SnapshotCache.java:lambda$1(170)) - Loading snapshot. Table key: /volume10543/bucket70683/s20230925-175705.420
2023-09-25 17:57:05,822 [snapshot-diff-job-thread-id-0] WARN  server.ServerUtils (ServerUtils.java:getDBPath(311)) - ozone.om.db.dirs is not configured. We recommend adding this setting. Falling back to ozone.metadata.dirs instead.
2023-09-25 17:57:05,824 [snapshot-diff-job-thread-id-0] INFO  helpers.OmKeyInfo (OmKeyInfo.java:getCodec(71)) - OmKeyInfo.getCodec ignorePipeline = true
2023-09-25 17:57:05,920 [snapshot-diff-job-thread-id-0] INFO  snapshot.SnapshotDiffManager (SnapshotDiffManager.java:generateDiffReport(1304)) - Starting diff report generation for jobId: 52605848-a4ee-44e6-8f1e-523620139b51.
2023-09-25 17:57:06,740 [OM StateMachine ApplyTransaction Thread - 0] WARN  snapshot.OMSnapshotCreateRequest (OMSnapshotCreateRequest.java:estimateBucketDataSize(333)) - DefaultReplicationConfig is not correctly set in OmBucketInfo for volume 'volume10543' bucket 'bucket70683'. Falling back to config default 'RATIS/THREE'
2023-09-25 17:57:06,740 [OM StateMachine ApplyTransaction Thread - 0] INFO  snapshot.OMSnapshotCreateRequest (OMSnapshotCreateRequest.java:validateAndUpdateCache(215)) - Created snapshot: 's20230925-175706.719' with snapshotId: '437aa3b7-f3df-4213-9027-5b460f14801b' under path 'volume10543/bucket70683'
2023-09-25 17:57:06,745 [IPC Server handler 19 on default port 15004] INFO  snapshot.SnapshotDiffManager (SnapshotDiffManager.java:submitSnapDiffJob(732)) - Submitting snap diff report generation request for volume: volume10543, bucket: bucket70683, fromSnapshot: s20230925-175705.420 and toSnapshot: s20230925-175706.719
2023-09-25 17:57:06,749 [snapshot-diff-job-thread-id-1] INFO  snapshot.SnapshotDiffManager (SnapshotDiffManager.java:generateSnapshotDiffReport(835)) - Started snap diff report generation for volume: 'volume10543', bucket: 'bucket70683', fromSnapshot: 's20230925-175705.420', toSnapshot: 's20230925-175706.719'
2023-09-25 17:57:06,752 [snapshot-diff-job-thread-id-1] INFO  snapshot.SnapshotCache (SnapshotCache.java:lambda$1(170)) - Loading snapshot. Table key: /volume10543/bucket70683/s20230925-175705.420
2023-09-25 17:57:06,754 [snapshot-diff-job-thread-id-1] INFO  snapshot.SnapshotCache (SnapshotCache.java:lambda$1(170)) - Loading snapshot. Table key: /volume10543/bucket70683/s20230925-175706.719
2023-09-25 17:57:06,754 [snapshot-diff-job-thread-id-1] WARN  server.ServerUtils (ServerUtils.java:getDBPath(311)) - ozone.om.db.dirs is not configured. We recommend adding this setting. Falling back to ozone.metadata.dirs instead.
2023-09-25 17:57:06,863 [OMDoubleBufferFlushThread] INFO  db.RDBCheckpointManager (RDBCheckpointManager.java:createCheckpoint(89)) - Created checkpoint in rocksDB at /home/runner/work/ozone/ozone/hadoop-ozone/integration-test/target/test-dir/MiniOzoneClusterImpl-932dec38-ee06-46f6-8792-0cf7b891b204/ozone-meta/db.snapshots/checkpointState/om.db-437aa3b7-f3df-4213-9027-5b460f14801b in 121 milliseconds
2023-09-25 17:57:06,869 [OMDoubleBufferFlushThread] INFO  db.RDBCheckpointUtils (RDBCheckpointUtils.java:waitForCheckpointDirectoryExist(60)) - Waited for 6 milliseconds for checkpoint directory /home/runner/work/ozone/ozone/hadoop-ozone/integration-test/target/test-dir/MiniOzoneClusterImpl-932dec38-ee06-46f6-8792-0cf7b891b204/ozone-meta/db.snapshots/checkpointState/om.db-437aa3b7-f3df-4213-9027-5b460f14801b availability.
2023-09-25 17:57:06,921 [OMDoubleBufferFlushThread] WARN  om.OmSnapshotManager (OmSnapshotManager.java:findEndKeyGivenPrefix(591)) - Took 51674598 ns to find endKey. Caller is deleteKeysFromDelKeyTableInSnapshotScope
2023-09-25 17:57:06,923 [OMDoubleBufferFlushThread] WARN  om.OmSnapshotManager (OmSnapshotManager.java:findEndKeyGivenPrefix(591)) - Took 733606 ns to find endKey. Caller is deleteKeysFromDelDirTableInSnapshotScope
2023-09-25 17:57:06,924 [OMDoubleBufferFlushThread] INFO  om.OmSnapshotManager (OmSnapshotManager.java:createOmSnapshotCheckpoint(461)) - Created checkpoint : /home/runner/work/ozone/ozone/hadoop-ozone/integration-test/target/test-dir/MiniOzoneClusterImpl-932dec38-ee06-46f6-8792-0cf7b891b204/ozone-meta/db.snapshots/checkpointState/om.db-437aa3b7-f3df-4213-9027-5b460f14801b for snapshot s20230925-175706.719
2023-09-25 17:57:06,960 [snapshot-diff-job-thread-id-1] INFO  db.RDBCheckpointUtils (RDBCheckpointUtils.java:waitForCheckpointDirectoryExist(60)) - Waited for 205 milliseconds for checkpoint directory /home/runner/work/ozone/ozone/hadoop-ozone/integration-test/target/test-dir/MiniOzoneClusterImpl-932dec38-ee06-46f6-8792-0cf7b891b204/ozone-meta/db.snapshots/checkpointState/om.db-437aa3b7-f3df-4213-9027-5b460f14801b availability.
2023-09-25 17:57:06,961 [snapshot-diff-job-thread-id-1] INFO  helpers.OmKeyInfo (OmKeyInfo.java:getCodec(71)) - OmKeyInfo.getCodec ignorePipeline = true
2023-09-25 17:57:07,043 [snapshot-diff-job-thread-id-1] INFO  snapshot.SnapshotDiffManager (SnapshotDiffManager.java:generateDiffReport(1304)) - Starting diff report generation for jobId: e0b63ffc-f6f0-425f-b037-e0100dd3d62c.
2023-09-25 17:57:07,780 [OM StateMachine ApplyTransaction Thread - 0] WARN  snapshot.OMSnapshotCreateRequest (OMSnapshotCreateRequest.java:estimateBucketDataSize(333)) - DefaultReplicationConfig is not correctly set in OmBucketInfo for volume 'volume10543' bucket 'bucket70683'. Falling back to config default 'RATIS/THREE'
2023-09-25 17:57:07,783 [OM StateMachine ApplyTransaction Thread - 0] INFO  snapshot.OMSnapshotCreateRequest (OMSnapshotCreateRequest.java:validateAndUpdateCache(215)) - Created snapshot: 'tempd9b9e8ea-9d12-4916-a563-deac6556c595s20230925-175707.761' with snapshotId: '503dce32-986d-4ac0-be96-23aaec3d8397' under path 'volume10543/bucket70683'
2023-09-25 17:57:07,786 [IPC Server handler 13 on default port 15004] INFO  snapshot.SnapshotDiffManager (SnapshotDiffManager.java:submitSnapDiffJob(732)) - Submitting snap diff report generation request for volume: volume10543, bucket: bucket70683, fromSnapshot: s20230925-175706.719 and toSnapshot: tempd9b9e8ea-9d12-4916-a563-deac6556c595s20230925-175707.761
2023-09-25 17:57:07,788 [snapshot-diff-job-thread-id-2] INFO  snapshot.SnapshotDiffManager (SnapshotDiffManager.java:generateSnapshotDiffReport(835)) - Started snap diff report generation for volume: 'volume10543', bucket: 'bucket70683', fromSnapshot: 's20230925-175706.719', toSnapshot: 'tempd9b9e8ea-9d12-4916-a563-deac6556c595s20230925-175707.761'
2023-09-25 17:57:07,789 [snapshot-diff-job-thread-id-2] INFO  snapshot.SnapshotCache (SnapshotCache.java:lambda$1(170)) - Loading snapshot. Table key: /volume10543/bucket70683/s20230925-175706.719
2023-09-25 17:57:07,789 [snapshot-diff-job-thread-id-2] INFO  snapshot.SnapshotCache (SnapshotCache.java:lambda$1(170)) - Loading snapshot. Table key: /volume10543/bucket70683/tempd9b9e8ea-9d12-4916-a563-deac6556c595s20230925-175707.761
2023-09-25 17:57:07,789 [snapshot-diff-job-thread-id-2] WARN  server.ServerUtils (ServerUtils.java:getDBPath(311)) - ozone.om.db.dirs is not configured. We recommend adding this setting. Falling back to ozone.metadata.dirs instead.
2023-09-25 17:57:07,818 [Thread-855] INFO  rocksdiff.RocksDBCheckpointDiffer (RocksDBCheckpointDiffer.java:onCompactionCompleted(544)) - Skipped the compaction entry. Compaction input files: [/home/runner/work/ozone/ozone/hadoop-ozone/integration-test/target/test-dir/MiniOzoneClusterImpl-932dec38-ee06-46f6-8792-0cf7b891b204/ozone-meta/om.db/000083.sst, /home/runner/work/ozone/ozone/hadoop-ozone/integration-test/target/test-dir/MiniOzoneClusterImpl-932dec38-ee06-46f6-8792-0cf7b891b204/ozone-meta/om.db/000074.sst, /home/runner/work/ozone/ozone/hadoop-ozone/integration-test/target/test-dir/MiniOzoneClusterImpl-932dec38-ee06-46f6-8792-0cf7b891b204/ozone-meta/om.db/000066.sst, /home/runner/work/ozone/ozone/hadoop-ozone/integration-test/target/test-dir/MiniOzoneClusterImpl-932dec38-ee06-46f6-8792-0cf7b891b204/ozone-meta/om.db/000054.sst] and output files: [/home/runner/work/ozone/ozone/hadoop-ozone/integration-test/target/test-dir/MiniOzoneClusterImpl-932dec38-ee06-46f6-8792-0cf7b891b204/ozone-meta/om.db/000083.sst, /home/runner/work/ozone/ozone/hadoop-ozone/integration-test/target/test-dir/MiniOzoneClusterImpl-932dec38-ee06-46f6-8792-0cf7b891b204/ozone-meta/om.db/000074.sst, /home/runner/work/ozone/ozone/hadoop-ozone/integration-test/target/test-dir/MiniOzoneClusterImpl-932dec38-ee06-46f6-8792-0cf7b891b204/ozone-meta/om.db/000066.sst, /home/runner/work/ozone/ozone/hadoop-ozone/integration-test/target/test-dir/MiniOzoneClusterImpl-932dec38-ee06-46f6-8792-0cf7b891b204/ozone-meta/om.db/000054.sst] are same.
2023-09-25 17:57:07,826 [OMDoubleBufferFlushThread] INFO  db.RDBCheckpointManager (RDBCheckpointManager.java:createCheckpoint(89)) - Created checkpoint in rocksDB at /home/runner/work/ozone/ozone/hadoop-ozone/integration-test/target/test-dir/MiniOzoneClusterImpl-932dec38-ee06-46f6-8792-0cf7b891b204/ozone-meta/db.snapshots/checkpointState/om.db-503dce32-986d-4ac0-be96-23aaec3d8397 in 38 milliseconds
2023-09-25 17:57:07,828 [OMDoubleBufferFlushThread] INFO  db.RDBCheckpointUtils (RDBCheckpointUtils.java:waitForCheckpointDirectoryExist(60)) - Waited for 2 milliseconds for checkpoint directory /home/runner/work/ozone/ozone/hadoop-ozone/integration-test/target/test-dir/MiniOzoneClusterImpl-932dec38-ee06-46f6-8792-0cf7b891b204/ozone-meta/db.snapshots/checkpointState/om.db-503dce32-986d-4ac0-be96-23aaec3d8397 availability.
2023-09-25 17:57:07,829 [Thread-893] INFO  rocksdiff.RocksDBCheckpointDiffer (RocksDBCheckpointDiffer.java:onCompactionCompleted(544)) - Skipped the compaction entry. Compaction input files: [/home/runner/work/ozone/ozone/hadoop-ozone/integration-test/target/test-dir/MiniOzoneClusterImpl-932dec38-ee06-46f6-8792-0cf7b891b204/ozone-meta/om.db/000086.sst, /home/runner/work/ozone/ozone/hadoop-ozone/integration-test/target/test-dir/MiniOzoneClusterImpl-932dec38-ee06-46f6-8792-0cf7b891b204/ozone-meta/om.db/000077.sst, /home/runner/work/ozone/ozone/hadoop-ozone/integration-test/target/test-dir/MiniOzoneClusterImpl-932dec38-ee06-46f6-8792-0cf7b891b204/ozone-meta/om.db/000069.sst, /home/runner/work/ozone/ozone/hadoop-ozone/integration-test/target/test-dir/MiniOzoneClusterImpl-932dec38-ee06-46f6-8792-0cf7b891b204/ozone-meta/om.db/000057.sst] and output files: [/home/runner/work/ozone/ozone/hadoop-ozone/integration-test/target/test-dir/MiniOzoneClusterImpl-932dec38-ee06-46f6-8792-0cf7b891b204/ozone-meta/om.db/000086.sst, /home/runner/work/ozone/ozone/hadoop-ozone/integration-test/target/test-dir/MiniOzoneClusterImpl-932dec38-ee06-46f6-8792-0cf7b891b204/ozone-meta/om.db/000077.sst, /home/runner/work/ozone/ozone/hadoop-ozone/integration-test/target/test-dir/MiniOzoneClusterImpl-932dec38-ee06-46f6-8792-0cf7b891b204/ozone-meta/om.db/000069.sst, /home/runner/work/ozone/ozone/hadoop-ozone/integration-test/target/test-dir/MiniOzoneClusterImpl-932dec38-ee06-46f6-8792-0cf7b891b204/ozone-meta/om.db/000057.sst] are same.
2023-09-25 17:57:07,831 [Thread-897] INFO  rocksdiff.RocksDBCheckpointDiffer (RocksDBCheckpointDiffer.java:onCompactionCompleted(544)) - Skipped the compaction entry. Compaction input files: [/home/runner/work/ozone/ozone/hadoop-ozone/integration-test/target/test-dir/MiniOzoneClusterImpl-932dec38-ee06-46f6-8792-0cf7b891b204/ozone-meta/om.db/000087.sst, /home/runner/work/ozone/ozone/hadoop-ozone/integration-test/target/test-dir/MiniOzoneClusterImpl-932dec38-ee06-46f6-8792-0cf7b891b204/ozone-meta/om.db/000078.sst, /home/runner/work/ozone/ozone/hadoop-ozone/integration-test/target/test-dir/MiniOzoneClusterImpl-932dec38-ee06-46f6-8792-0cf7b891b204/ozone-meta/om.db/000070.sst, /home/runner/work/ozone/ozone/hadoop-ozone/integration-test/target/test-dir/MiniOzoneClusterImpl-932dec38-ee06-46f6-8792-0cf7b891b204/ozone-meta/om.db/000060.sst] and output files: [/home/runner/work/ozone/ozone/hadoop-ozone/integration-test/target/test-dir/MiniOzoneClusterImpl-932dec38-ee06-46f6-8792-0cf7b891b204/ozone-meta/om.db/000087.sst, /home/runner/work/ozone/ozone/hadoop-ozone/integration-test/target/test-dir/MiniOzoneClusterImpl-932dec38-ee06-46f6-8792-0cf7b891b204/ozone-meta/om.db/000078.sst, /home/runner/work/ozone/ozone/hadoop-ozone/integration-test/target/test-dir/MiniOzoneClusterImpl-932dec38-ee06-46f6-8792-0cf7b891b204/ozone-meta/om.db/000070.sst, /home/runner/work/ozone/ozone/hadoop-ozone/integration-test/target/test-dir/MiniOzoneClusterImpl-932dec38-ee06-46f6-8792-0cf7b891b204/ozone-meta/om.db/000060.sst] are same.
2023-09-25 17:57:07,867 [OMDoubleBufferFlushThread] WARN  om.OmSnapshotManager (OmSnapshotManager.java:findEndKeyGivenPrefix(591)) - Took 37667490 ns to find endKey. Caller is deleteKeysFromDelKeyTableInSnapshotScope
2023-09-25 17:57:07,868 [OMDoubleBufferFlushThread] WARN  om.OmSnapshotManager (OmSnapshotManager.java:findEndKeyGivenPrefix(591)) - Took 659105 ns to find endKey. Caller is deleteKeysFromDelDirTableInSnapshotScope
2023-09-25 17:57:07,869 [OMDoubleBufferFlushThread] INFO  om.OmSnapshotManager (OmSnapshotManager.java:createOmSnapshotCheckpoint(461)) - Created checkpoint : /home/runner/work/ozone/ozone/hadoop-ozone/integration-test/target/test-dir/MiniOzoneClusterImpl-932dec38-ee06-46f6-8792-0cf7b891b204/ozone-meta/db.snapshots/checkpointState/om.db-503dce32-986d-4ac0-be96-23aaec3d8397 for snapshot tempd9b9e8ea-9d12-4916-a563-deac6556c595s20230925-175707.761
2023-09-25 17:57:07,892 [snapshot-diff-job-thread-id-2] INFO  db.RDBCheckpointUtils (RDBCheckpointUtils.java:waitForCheckpointDirectoryExist(60)) - Waited for 103 milliseconds for checkpoint directory /home/runner/work/ozone/ozone/hadoop-ozone/integration-test/target/test-dir/MiniOzoneClusterImpl-932dec38-ee06-46f6-8792-0cf7b891b204/ozone-meta/db.snapshots/checkpointState/om.db-503dce32-986d-4ac0-be96-23aaec3d8397 availability.
2023-09-25 17:57:07,892 [snapshot-diff-job-thread-id-2] INFO  helpers.OmKeyInfo (OmKeyInfo.java:getCodec(71)) - OmKeyInfo.getCodec ignorePipeline = true
2023-09-25 17:57:07,984 [snapshot-diff-job-thread-id-2] INFO  snapshot.SnapshotDiffManager (SnapshotDiffManager.java:generateDiffReport(1304)) - Starting diff report generation for jobId: 8e9479b1-c123-43e5-b5b8-dccb374be224.
2023-09-25 17:57:08,804 [OM StateMachine ApplyTransaction Thread - 0] INFO  snapshot.OMSnapshotDeleteRequest (OMSnapshotDeleteRequest.java:validateAndUpdateCache(225)) - Deleted snapshot 'tempd9b9e8ea-9d12-4916-a563-deac6556c595s20230925-175707.761' under path 'volume10543/bucket70683'
2023-09-25 17:57:08,829 [OM StateMachine ApplyTransaction Thread - 0] WARN  snapshot.OMSnapshotCreateRequest (OMSnapshotCreateRequest.java:estimateBucketDataSize(333)) - DefaultReplicationConfig is not correctly set in OmBucketInfo for volume 'volume10543' bucket 'bucket70683'. Falling back to config default 'RATIS/THREE'
2023-09-25 17:57:08,829 [OM StateMachine ApplyTransaction Thread - 0] INFO  snapshot.OMSnapshotCreateRequest (OMSnapshotCreateRequest.java:validateAndUpdateCache(215)) - Created snapshot: 'tempa8a7717f-09a6-490b-bb65-78ec6e9bb289s20230925-175708.807' with snapshotId: '93241534-aa3e-4e6f-b325-cbf148ec3d89' under path 'volume10543/bucket70683'
2023-09-25 17:57:08,833 [IPC Server handler 3 on default port 15004] INFO  snapshot.SnapshotDiffManager (SnapshotDiffManager.java:submitSnapDiffJob(732)) - Submitting snap diff report generation request for volume: volume10543, bucket: bucket70683, fromSnapshot: tempa8a7717f-09a6-490b-bb65-78ec6e9bb289s20230925-175708.807 and toSnapshot: s20230925-175706.719
2023-09-25 17:57:08,836 [snapshot-diff-job-thread-id-3] INFO  snapshot.SnapshotDiffManager (SnapshotDiffManager.java:generateSnapshotDiffReport(835)) - Started snap diff report generation for volume: 'volume10543', bucket: 'bucket70683', fromSnapshot: 'tempa8a7717f-09a6-490b-bb65-78ec6e9bb289s20230925-175708.807', toSnapshot: 's20230925-175706.719'
2023-09-25 17:57:08,836 [snapshot-diff-job-thread-id-3] INFO  snapshot.SnapshotCache (SnapshotCache.java:lambda$1(170)) - Loading snapshot. Table key: /volume10543/bucket70683/tempa8a7717f-09a6-490b-bb65-78ec6e9bb289s20230925-175708.807
2023-09-25 17:57:08,836 [snapshot-diff-job-thread-id-3] WARN  server.ServerUtils (ServerUtils.java:getDBPath(311)) - ozone.om.db.dirs is not configured. We recommend adding this setting. Falling back to ozone.metadata.dirs instead.
2023-09-25 17:57:08,844 [Thread-943] INFO  rocksdiff.RocksDBCheckpointDiffer (RocksDBCheckpointDiffer.java:onCompactionCompleted(544)) - Skipped the compaction entry. Compaction input files: [/home/runner/work/ozone/ozone/hadoop-ozone/integration-test/target/test-dir/MiniOzoneClusterImpl-932dec38-ee06-46f6-8792-0cf7b891b204/ozone-meta/om.db/000068.sst] and output files: [/home/runner/work/ozone/ozone/hadoop-ozone/integration-test/target/test-dir/MiniOzoneClusterImpl-932dec38-ee06-46f6-8792-0cf7b891b204/ozone-meta/om.db/000068.sst] are same.
2023-09-25 17:57:08,853 [OMDoubleBufferFlushThread] INFO  db.RDBCheckpointManager (RDBCheckpointManager.java:createCheckpoint(89)) - Created checkpoint in rocksDB at /home/runner/work/ozone/ozone/hadoop-ozone/integration-test/target/test-dir/MiniOzoneClusterImpl-932dec38-ee06-46f6-8792-0cf7b891b204/ozone-meta/db.snapshots/checkpointState/om.db-93241534-aa3e-4e6f-b325-cbf148ec3d89 in 22 milliseconds
2023-09-25 17:57:08,853 [OMDoubleBufferFlushThread] INFO  db.RDBCheckpointUtils (RDBCheckpointUtils.java:waitForCheckpointDirectoryExist(60)) - Waited for 0 milliseconds for checkpoint directory /home/runner/work/ozone/ozone/hadoop-ozone/integration-test/target/test-dir/MiniOzoneClusterImpl-932dec38-ee06-46f6-8792-0cf7b891b204/ozone-meta/db.snapshots/checkpointState/om.db-93241534-aa3e-4e6f-b325-cbf148ec3d89 availability.
2023-09-25 17:57:08,890 [OMDoubleBufferFlushThread] WARN  om.OmSnapshotManager (OmSnapshotManager.java:findEndKeyGivenPrefix(591)) - Took 36350880 ns to find endKey. Caller is deleteKeysFromDelKeyTableInSnapshotScope
2023-09-25 17:57:08,892 [OMDoubleBufferFlushThread] WARN  om.OmSnapshotManager (OmSnapshotManager.java:findEndKeyGivenPrefix(591)) - Took 509204 ns to find endKey. Caller is deleteKeysFromDelDirTableInSnapshotScope
2023-09-25 17:57:08,892 [OMDoubleBufferFlushThread] INFO  om.OmSnapshotManager (OmSnapshotManager.java:createOmSnapshotCheckpoint(461)) - Created checkpoint : /home/runner/work/ozone/ozone/hadoop-ozone/integration-test/target/test-dir/MiniOzoneClusterImpl-932dec38-ee06-46f6-8792-0cf7b891b204/ozone-meta/db.snapshots/checkpointState/om.db-93241534-aa3e-4e6f-b325-cbf148ec3d89 for snapshot tempa8a7717f-09a6-490b-bb65-78ec6e9bb289s20230925-175708.807
2023-09-25 17:57:08,939 [snapshot-diff-job-thread-id-3] INFO  db.RDBCheckpointUtils (RDBCheckpointUtils.java:waitForCheckpointDirectoryExist(60)) - Waited for 102 milliseconds for checkpoint directory /home/runner/work/ozone/ozone/hadoop-ozone/integration-test/target/test-dir/MiniOzoneClusterImpl-932dec38-ee06-46f6-8792-0cf7b891b204/ozone-meta/db.snapshots/checkpointState/om.db-93241534-aa3e-4e6f-b325-cbf148ec3d89 availability.
2023-09-25 17:57:08,940 [snapshot-diff-job-thread-id-3] INFO  helpers.OmKeyInfo (OmKeyInfo.java:getCodec(71)) - OmKeyInfo.getCodec ignorePipeline = true
2023-09-25 17:57:08,976 [snapshot-diff-job-thread-id-3] INFO  snapshot.SnapshotCache (SnapshotCache.java:lambda$1(170)) - Loading snapshot. Table key: /volume10543/bucket70683/s20230925-175706.719
2023-09-25 17:57:08,996 [snapshot-diff-job-thread-id-3] WARN  snapshot.SnapshotDiffManager (SnapshotDiffManager.java:getDeltaFiles(1228)) - RocksDBCheckpointDiffer is not available, falling back to slow path
2023-09-25 17:57:09,008 [snapshot-diff-job-thread-id-3] WARN  snapshot.SnapshotDiffManager (SnapshotDiffManager.java:getDeltaFiles(1228)) - RocksDBCheckpointDiffer is not available, falling back to slow path
2023-09-25 17:57:09,016 [snapshot-diff-job-thread-id-3] INFO  snapshot.SnapshotDiffManager (SnapshotDiffManager.java:generateDiffReport(1304)) - Starting diff report generation for jobId: 8e5988da-4853-45a1-9b7d-61f21ff4dd3f.
2023-09-25 17:57:09,845 [OM StateMachine ApplyTransaction Thread - 0] INFO  snapshot.OMSnapshotDeleteRequest (OMSnapshotDeleteRequest.java:validateAndUpdateCache(225)) - Deleted snapshot 'tempa8a7717f-09a6-490b-bb65-78ec6e9bb289s20230925-175708.807' under path 'volume10543/bucket70683'
2023-09-25 17:57:09,875 [OM StateMachine ApplyTransaction Thread - 0] WARN  snapshot.OMSnapshotCreateRequest (OMSnapshotCreateRequest.java:estimateBucketDataSize(333)) - DefaultReplicationConfig is not correctly set in OmBucketInfo for volume 'volume10543' bucket 'bucket70683'. Falling back to config default 'RATIS/THREE'
2023-09-25 17:57:09,876 [OM StateMachine ApplyTransaction Thread - 0] INFO  snapshot.OMSnapshotCreateRequest (OMSnapshotCreateRequest.java:validateAndUpdateCache(215)) - Created snapshot: 'temp5597d7ef-4370-4835-aefc-36a289c8031fs20230925-175709.846' with snapshotId: 'f514b36e-34b8-4f1a-9ed2-0f3de75250ef' under path 'volume10543/bucket70683'
2023-09-25 17:57:09,891 [Thread-995] INFO  rocksdiff.RocksDBCheckpointDiffer (RocksDBCheckpointDiffer.java:onCompactionCompleted(544)) - Skipped the compaction entry. Compaction input files: [/home/runner/work/ozone/ozone/hadoop-ozone/integration-test/target/test-dir/MiniOzoneClusterImpl-932dec38-ee06-46f6-8792-0cf7b891b204/ozone-meta/om.db/000076.sst, /home/runner/work/ozone/ozone/hadoop-ozone/integration-test/target/test-dir/MiniOzoneClusterImpl-932dec38-ee06-46f6-8792-0cf7b891b204/ozone-meta/om.db/000085.sst, /home/runner/work/ozone/ozone/hadoop-ozone/integration-test/target/test-dir/MiniOzoneClusterImpl-932dec38-ee06-46f6-8792-0cf7b891b204/ozone-meta/om.db/000093.sst] and output files: [/home/runner/work/ozone/ozone/hadoop-ozone/integration-test/target/test-dir/MiniOzoneClusterImpl-932dec38-ee06-46f6-8792-0cf7b891b204/ozone-meta/om.db/000076.sst, /home/runner/work/ozone/ozone/hadoop-ozone/integration-test/target/test-dir/MiniOzoneClusterImpl-932dec38-ee06-46f6-8792-0cf7b891b204/ozone-meta/om.db/000085.sst, /home/runner/work/ozone/ozone/hadoop-ozone/integration-test/target/test-dir/MiniOzoneClusterImpl-932dec38-ee06-46f6-8792-0cf7b891b204/ozone-meta/om.db/000093.sst] are same.
2023-09-25 17:57:09,900 [OMDoubleBufferFlushThread] INFO  db.RDBCheckpointManager (RDBCheckpointManager.java:createCheckpoint(89)) - Created checkpoint in rocksDB at /home/runner/work/ozone/ozone/hadoop-ozone/integration-test/target/test-dir/MiniOzoneClusterImpl-932dec38-ee06-46f6-8792-0cf7b891b204/ozone-meta/db.snapshots/checkpointState/om.db-f514b36e-34b8-4f1a-9ed2-0f3de75250ef in 22 milliseconds
2023-09-25 17:57:09,903 [OMDoubleBufferFlushThread] INFO  db.RDBCheckpointUtils (RDBCheckpointUtils.java:waitForCheckpointDirectoryExist(60)) - Waited for 2 milliseconds for checkpoint directory /home/runner/work/ozone/ozone/hadoop-ozone/integration-test/target/test-dir/MiniOzoneClusterImpl-932dec38-ee06-46f6-8792-0cf7b891b204/ozone-meta/db.snapshots/checkpointState/om.db-f514b36e-34b8-4f1a-9ed2-0f3de75250ef availability.
2023-09-25 17:57:09,906 [OM StateMachine ApplyTransaction Thread - 0] WARN  snapshot.OMSnapshotCreateRequest (OMSnapshotCreateRequest.java:estimateBucketDataSize(333)) - DefaultReplicationConfig is not correctly set in OmBucketInfo for volume 'volume10543' bucket 'bucket70683'. Falling back to config default 'RATIS/THREE'
2023-09-25 17:57:09,907 [OM StateMachine ApplyTransaction Thread - 0] INFO  snapshot.OMSnapshotCreateRequest (OMSnapshotCreateRequest.java:validateAndUpdateCache(215)) - Created snapshot: 'tempf58b859d-a4b9-4e6e-a6eb-777ebb14995ds20230925-175709.877' with snapshotId: 'a6ff5c4a-30be-4bce-9ba0-4044fede36b6' under path 'volume10543/bucket70683'
2023-09-25 17:57:09,911 [IPC Server handler 11 on default port 15004] INFO  snapshot.SnapshotDiffManager (SnapshotDiffManager.java:submitSnapDiffJob(732)) - Submitting snap diff report generation request for volume: volume10543, bucket: bucket70683, fromSnapshot: tempf58b859d-a4b9-4e6e-a6eb-777ebb14995ds20230925-175709.877 and toSnapshot: temp5597d7ef-4370-4835-aefc-36a289c8031fs20230925-175709.846
2023-09-25 17:57:09,915 [snapshot-diff-job-thread-id-4] INFO  snapshot.SnapshotDiffManager (SnapshotDiffManager.java:generateSnapshotDiffReport(835)) - Started snap diff report generation for volume: 'volume10543', bucket: 'bucket70683', fromSnapshot: 'tempf58b859d-a4b9-4e6e-a6eb-777ebb14995ds20230925-175709.877', toSnapshot: 'temp5597d7ef-4370-4835-aefc-36a289c8031fs20230925-175709.846'
2023-09-25 17:57:09,916 [snapshot-diff-job-thread-id-4] INFO  snapshot.SnapshotCache (SnapshotCache.java:lambda$1(170)) - Loading snapshot. Table key: /volume10543/bucket70683/tempf58b859d-a4b9-4e6e-a6eb-777ebb14995ds20230925-175709.877
2023-09-25 17:57:09,916 [snapshot-diff-job-thread-id-4] WARN  server.ServerUtils (ServerUtils.java:getDBPath(311)) - ozone.om.db.dirs is not configured. We recommend adding this setting. Falling back to ozone.metadata.dirs instead.
2023-09-25 17:57:09,938 [OMDoubleBufferFlushThread] WARN  om.OmSnapshotManager (OmSnapshotManager.java:findEndKeyGivenPrefix(591)) - Took 33925164 ns to find endKey. Caller is deleteKeysFromDelKeyTableInSnapshotScope
2023-09-25 17:57:09,940 [OMDoubleBufferFlushThread] WARN  om.OmSnapshotManager (OmSnapshotManager.java:findEndKeyGivenPrefix(591)) - Took 326102 ns to find endKey. Caller is deleteKeysFromDelDirTableInSnapshotScope
2023-09-25 17:57:09,940 [OMDoubleBufferFlushThread] INFO  om.OmSnapshotManager (OmSnapshotManager.java:createOmSnapshotCheckpoint(461)) - Created checkpoint : /home/runner/work/ozone/ozone/hadoop-ozone/integration-test/target/test-dir/MiniOzoneClusterImpl-932dec38-ee06-46f6-8792-0cf7b891b204/ozone-meta/db.snapshots/checkpointState/om.db-f514b36e-34b8-4f1a-9ed2-0f3de75250ef for snapshot temp5597d7ef-4370-4835-aefc-36a289c8031fs20230925-175709.846
2023-09-25 17:57:09,961 [OMDoubleBufferFlushThread] INFO  db.RDBCheckpointManager (RDBCheckpointManager.java:createCheckpoint(89)) - Created checkpoint in rocksDB at /home/runner/work/ozone/ozone/hadoop-ozone/integration-test/target/test-dir/MiniOzoneClusterImpl-932dec38-ee06-46f6-8792-0cf7b891b204/ozone-meta/db.snapshots/checkpointState/om.db-a6ff5c4a-30be-4bce-9ba0-4044fede36b6 in 18 milliseconds
2023-09-25 17:57:09,961 [OMDoubleBufferFlushThread] INFO  db.RDBCheckpointUtils (RDBCheckpointUtils.java:waitForCheckpointDirectoryExist(60)) - Waited for 0 milliseconds for checkpoint directory /home/runner/work/ozone/ozone/hadoop-ozone/integration-test/target/test-dir/MiniOzoneClusterImpl-932dec38-ee06-46f6-8792-0cf7b891b204/ozone-meta/db.snapshots/checkpointState/om.db-a6ff5c4a-30be-4bce-9ba0-4044fede36b6 availability.
2023-09-25 17:57:09,989 [OMDoubleBufferFlushThread] WARN  om.OmSnapshotManager (OmSnapshotManager.java:findEndKeyGivenPrefix(591)) - Took 27321313 ns to find endKey. Caller is deleteKeysFromDelKeyTableInSnapshotScope
2023-09-25 17:57:09,991 [OMDoubleBufferFlushThread] WARN  om.OmSnapshotManager (OmSnapshotManager.java:findEndKeyGivenPrefix(591)) - Took 338102 ns to find endKey. Caller is deleteKeysFromDelDirTableInSnapshotScope
2023-09-25 17:57:09,992 [OMDoubleBufferFlushThread] INFO  om.OmSnapshotManager (OmSnapshotManager.java:createOmSnapshotCheckpoint(461)) - Created checkpoint : /home/runner/work/ozone/ozone/hadoop-ozone/integration-test/target/test-dir/MiniOzoneClusterImpl-932dec38-ee06-46f6-8792-0cf7b891b204/ozone-meta/db.snapshots/checkpointState/om.db-a6ff5c4a-30be-4bce-9ba0-4044fede36b6 for snapshot tempf58b859d-a4b9-4e6e-a6eb-777ebb14995ds20230925-175709.877
2023-09-25 17:57:09,992 [OMDoubleBufferFlushThread] WARN  rocksdiff.RocksDBCheckpointDiffer (RocksDBCheckpointDiffer.java:setCurrentCompactionLog(326)) - Compaction log exists: /home/runner/work/ozone/ozone/hadoop-ozone/integration-test/target/test-dir/MiniOzoneClusterImpl-932dec38-ee06-46f6-8792-0cf7b891b204/ozone-meta/db.snapshots/diffState/compaction-log/0000000000000015516.log. Will append
2023-09-25 17:57:10,021 [snapshot-diff-job-thread-id-4] INFO  db.RDBCheckpointUtils (RDBCheckpointUtils.java:waitForCheckpointDirectoryExist(60)) - Waited for 105 milliseconds for checkpoint directory /home/runner/work/ozone/ozone/hadoop-ozone/integration-test/target/test-dir/MiniOzoneClusterImpl-932dec38-ee06-46f6-8792-0cf7b891b204/ozone-meta/db.snapshots/checkpointState/om.db-a6ff5c4a-30be-4bce-9ba0-4044fede36b6 availability.
2023-09-25 17:57:10,022 [snapshot-diff-job-thread-id-4] INFO  helpers.OmKeyInfo (OmKeyInfo.java:getCodec(71)) - OmKeyInfo.getCodec ignorePipeline = true
2023-09-25 17:57:10,079 [snapshot-diff-job-thread-id-4] INFO  snapshot.SnapshotCache (SnapshotCache.java:lambda$1(170)) - Loading snapshot. Table key: /volume10543/bucket70683/temp5597d7ef-4370-4835-aefc-36a289c8031fs20230925-175709.846
2023-09-25 17:57:10,079 [snapshot-diff-job-thread-id-4] WARN  server.ServerUtils (ServerUtils.java:getDBPath(311)) - ozone.om.db.dirs is not configured. We recommend adding this setting. Falling back to ozone.metadata.dirs instead.
2023-09-25 17:57:10,079 [snapshot-diff-job-thread-id-4] INFO  helpers.OmKeyInfo (OmKeyInfo.java:getCodec(71)) - OmKeyInfo.getCodec ignorePipeline = true
2023-09-25 17:57:10,143 [snapshot-diff-job-thread-id-4] WARN  snapshot.SnapshotDiffManager (SnapshotDiffManager.java:getDeltaFiles(1228)) - RocksDBCheckpointDiffer is not available, falling back to slow path
2023-09-25 17:57:10,156 [snapshot-diff-job-thread-id-4] WARN  snapshot.SnapshotDiffManager (SnapshotDiffManager.java:getDeltaFiles(1228)) - RocksDBCheckpointDiffer is not available, falling back to slow path
2023-09-25 17:57:10,160 [snapshot-diff-job-thread-id-4] INFO  snapshot.SnapshotDiffManager (SnapshotDiffManager.java:generateDiffReport(1304)) - Starting diff report generation for jobId: 61b14ef8-151e-48e6-a59c-2f1d25070c71.
2023-09-25 17:57:10,925 [OM StateMachine ApplyTransaction Thread - 0] INFO  snapshot.OMSnapshotDeleteRequest (OMSnapshotDeleteRequest.java:validateAndUpdateCache(225)) - Deleted snapshot 'temp5597d7ef-4370-4835-aefc-36a289c8031fs20230925-175709.846' under path 'volume10543/bucket70683'
2023-09-25 17:57:10,927 [OM StateMachine ApplyTransaction Thread - 0] INFO  snapshot.OMSnapshotDeleteRequest (OMSnapshotDeleteRequest.java:validateAndUpdateCache(225)) - Deleted snapshot 'tempf58b859d-a4b9-4e6e-a6eb-777ebb14995ds20230925-175709.877' under path 'volume10543/bucket70683'
]]></system-out>
  </testcase>
  <testcase name="testSnapshotDiff" classname="TestRootedOzoneFileSystemWithFSO" time="5.815">
    <system-out><![CDATA[2023-09-25 17:58:44,887 [Time-limited test] INFO  rpc.RpcClient (RpcClient.java:createVolume(461)) - Creating Volume: volume95287, with user83513 as owner and space quota set to -1 bytes, counts quota set to -1
2023-09-25 17:58:44,888 [IPC Server handler 7 on default port 15057] INFO  volume.OMVolumeCreateRequest (OMVolumeCreateRequest.java:validateAndUpdateCache(196)) - created volume:volume95287 for user:user83513
2023-09-25 17:58:44,889 [Time-limited test] INFO  rpc.RpcClient (RpcClient.java:createBucket(688)) - Creating Bucket: volume95287/bucket54915, with bucket layout FILE_SYSTEM_OPTIMIZED, runner as owner, Versioning false, Storage Type set to DISK and Encryption set to false, Replication Type set to server-side default replication type, Namespace Quota set to -1, Space Quota set to -1 
2023-09-25 17:58:44,890 [IPC Server handler 11 on default port 15057] INFO  bucket.OMBucketCreateRequest (OMBucketCreateRequest.java:validateAndUpdateCache(270)) - created bucket: bucket54915 of layout FILE_SYSTEM_OPTIMIZED in volume: volume95287
2023-09-25 17:58:44,906 [Time-limited test] INFO  rpc.RpcClient (RpcClient.java:createVolume(461)) - Creating Volume: volume38723, with user91472 as owner and space quota set to -1 bytes, counts quota set to -1
2023-09-25 17:58:44,907 [IPC Server handler 5 on default port 15057] INFO  volume.OMVolumeCreateRequest (OMVolumeCreateRequest.java:validateAndUpdateCache(196)) - created volume:volume38723 for user:user91472
2023-09-25 17:58:44,908 [Time-limited test] INFO  rpc.RpcClient (RpcClient.java:createBucket(688)) - Creating Bucket: volume38723/bucket65448, with bucket layout FILE_SYSTEM_OPTIMIZED, runner as owner, Versioning false, Storage Type set to DISK and Encryption set to false, Replication Type set to server-side default replication type, Namespace Quota set to -1, Space Quota set to -1 
2023-09-25 17:58:44,908 [IPC Server handler 13 on default port 15057] INFO  bucket.OMBucketCreateRequest (OMBucketCreateRequest.java:validateAndUpdateCache(270)) - created bucket: bucket65448 of layout FILE_SYSTEM_OPTIMIZED in volume: volume38723
2023-09-25 17:58:44,929 [IPC Server handler 17 on default port 15057] WARN  snapshot.OMSnapshotCreateRequest (OMSnapshotCreateRequest.java:estimateBucketDataSize(333)) - DefaultReplicationConfig is not correctly set in OmBucketInfo for volume 'volume38723' bucket 'bucket65448'. Falling back to config default 'RATIS/THREE'
2023-09-25 17:58:44,931 [IPC Server handler 17 on default port 15057] INFO  snapshot.OMSnapshotCreateRequest (OMSnapshotCreateRequest.java:validateAndUpdateCache(215)) - Created snapshot: 's20230925-175844.910' with snapshotId: 'e785f697-65f0-4775-b8d8-29bddb4093a7' under path 'volume38723/bucket65448'
2023-09-25 17:58:44,991 [OMDoubleBufferFlushThread] INFO  db.RDBCheckpointManager (RDBCheckpointManager.java:createCheckpoint(89)) - Created checkpoint in rocksDB at /home/runner/work/ozone/ozone/hadoop-ozone/integration-test/target/test-dir/MiniOzoneClusterImpl-943d6ebb-9f51-4477-b660-6e407d8e3762/ozone-meta/db.snapshots/checkpointState/om.db-e785f697-65f0-4775-b8d8-29bddb4093a7 in 53 milliseconds
2023-09-25 17:58:44,991 [OMDoubleBufferFlushThread] INFO  db.RDBCheckpointUtils (RDBCheckpointUtils.java:waitForCheckpointDirectoryExist(60)) - Waited for 0 milliseconds for checkpoint directory /home/runner/work/ozone/ozone/hadoop-ozone/integration-test/target/test-dir/MiniOzoneClusterImpl-943d6ebb-9f51-4477-b660-6e407d8e3762/ozone-meta/db.snapshots/checkpointState/om.db-e785f697-65f0-4775-b8d8-29bddb4093a7 availability.
2023-09-25 17:58:45,008 [OMDoubleBufferFlushThread] WARN  om.OmSnapshotManager (OmSnapshotManager.java:findEndKeyGivenPrefix(591)) - Took 16037224 ns to find endKey. Caller is deleteKeysFromDelKeyTableInSnapshotScope
2023-09-25 17:58:45,011 [OMDoubleBufferFlushThread] INFO  om.OmSnapshotManager (OmSnapshotManager.java:createOmSnapshotCheckpoint(461)) - Created checkpoint : /home/runner/work/ozone/ozone/hadoop-ozone/integration-test/target/test-dir/MiniOzoneClusterImpl-943d6ebb-9f51-4477-b660-6e407d8e3762/ozone-meta/db.snapshots/checkpointState/om.db-e785f697-65f0-4775-b8d8-29bddb4093a7 for snapshot s20230925-175844.910
2023-09-25 17:58:45,041 [IPC Server handler 4 on default port 15057] WARN  snapshot.OMSnapshotCreateRequest (OMSnapshotCreateRequest.java:estimateBucketDataSize(333)) - DefaultReplicationConfig is not correctly set in OmBucketInfo for volume 'volume38723' bucket 'bucket65448'. Falling back to config default 'RATIS/THREE'
2023-09-25 17:58:45,044 [IPC Server handler 4 on default port 15057] INFO  snapshot.OMSnapshotCreateRequest (OMSnapshotCreateRequest.java:validateAndUpdateCache(215)) - Created snapshot: 's20230925-175845.022' with snapshotId: 'c5db74f0-8071-48ee-891a-3b597152c00d' under path 'volume38723/bucket65448'
2023-09-25 17:58:45,072 [OMDoubleBufferFlushThread] INFO  db.RDBCheckpointManager (RDBCheckpointManager.java:createCheckpoint(89)) - Created checkpoint in rocksDB at /home/runner/work/ozone/ozone/hadoop-ozone/integration-test/target/test-dir/MiniOzoneClusterImpl-943d6ebb-9f51-4477-b660-6e407d8e3762/ozone-meta/db.snapshots/checkpointState/om.db-c5db74f0-8071-48ee-891a-3b597152c00d in 28 milliseconds
2023-09-25 17:58:45,073 [OMDoubleBufferFlushThread] INFO  db.RDBCheckpointUtils (RDBCheckpointUtils.java:waitForCheckpointDirectoryExist(60)) - Waited for 1 milliseconds for checkpoint directory /home/runner/work/ozone/ozone/hadoop-ozone/integration-test/target/test-dir/MiniOzoneClusterImpl-943d6ebb-9f51-4477-b660-6e407d8e3762/ozone-meta/db.snapshots/checkpointState/om.db-c5db74f0-8071-48ee-891a-3b597152c00d availability.
2023-09-25 17:58:45,091 [OMDoubleBufferFlushThread] WARN  om.OmSnapshotManager (OmSnapshotManager.java:findEndKeyGivenPrefix(591)) - Took 16936830 ns to find endKey. Caller is deleteKeysFromDelKeyTableInSnapshotScope
2023-09-25 17:58:45,092 [OMDoubleBufferFlushThread] INFO  om.OmSnapshotManager (OmSnapshotManager.java:createOmSnapshotCheckpoint(461)) - Created checkpoint : /home/runner/work/ozone/ozone/hadoop-ozone/integration-test/target/test-dir/MiniOzoneClusterImpl-943d6ebb-9f51-4477-b660-6e407d8e3762/ozone-meta/db.snapshots/checkpointState/om.db-c5db74f0-8071-48ee-891a-3b597152c00d for snapshot s20230925-175845.022
2023-09-25 17:58:45,099 [IPC Server handler 3 on default port 15057] INFO  snapshot.SnapshotDiffManager (SnapshotDiffManager.java:submitSnapDiffJob(732)) - Submitting snap diff report generation request for volume: volume38723, bucket: bucket65448, fromSnapshot: s20230925-175844.910 and toSnapshot: s20230925-175845.022
2023-09-25 17:58:45,102 [snapshot-diff-job-thread-id-0] INFO  snapshot.SnapshotDiffManager (SnapshotDiffManager.java:generateSnapshotDiffReport(835)) - Started snap diff report generation for volume: 'volume38723', bucket: 'bucket65448', fromSnapshot: 's20230925-175844.910', toSnapshot: 's20230925-175845.022'
2023-09-25 17:58:45,103 [snapshot-diff-job-thread-id-0] INFO  snapshot.SnapshotCache (SnapshotCache.java:lambda$1(170)) - Loading snapshot. Table key: /volume38723/bucket65448/s20230925-175844.910
2023-09-25 17:58:45,103 [snapshot-diff-job-thread-id-0] WARN  server.ServerUtils (ServerUtils.java:getDBPath(311)) - ozone.om.db.dirs is not configured. We recommend adding this setting. Falling back to ozone.metadata.dirs instead.
2023-09-25 17:58:45,103 [snapshot-diff-job-thread-id-0] INFO  helpers.OmKeyInfo (OmKeyInfo.java:getCodec(71)) - OmKeyInfo.getCodec ignorePipeline = true
2023-09-25 17:58:45,159 [snapshot-diff-job-thread-id-0] INFO  snapshot.SnapshotCache (SnapshotCache.java:lambda$1(170)) - Loading snapshot. Table key: /volume38723/bucket65448/s20230925-175845.022
2023-09-25 17:58:45,159 [snapshot-diff-job-thread-id-0] WARN  server.ServerUtils (ServerUtils.java:getDBPath(311)) - ozone.om.db.dirs is not configured. We recommend adding this setting. Falling back to ozone.metadata.dirs instead.
2023-09-25 17:58:45,160 [snapshot-diff-job-thread-id-0] INFO  helpers.OmKeyInfo (OmKeyInfo.java:getCodec(71)) - OmKeyInfo.getCodec ignorePipeline = true
2023-09-25 17:58:45,276 [snapshot-diff-job-thread-id-0] INFO  snapshot.SnapshotDiffManager (SnapshotDiffManager.java:generateDiffReport(1304)) - Starting diff report generation for jobId: 8cc43ec7-2b41-4028-9140-2b1aaf4fd41e.
2023-09-25 17:58:46,175 [IPC Server handler 17 on default port 15057] WARN  snapshot.OMSnapshotCreateRequest (OMSnapshotCreateRequest.java:estimateBucketDataSize(333)) - DefaultReplicationConfig is not correctly set in OmBucketInfo for volume 'volume38723' bucket 'bucket65448'. Falling back to config default 'RATIS/THREE'
2023-09-25 17:58:46,176 [IPC Server handler 17 on default port 15057] INFO  snapshot.OMSnapshotCreateRequest (OMSnapshotCreateRequest.java:validateAndUpdateCache(215)) - Created snapshot: 's20230925-175846.157' with snapshotId: '2d585ac6-597f-4a55-b30a-c1ac3f32e828' under path 'volume38723/bucket65448'
2023-09-25 17:58:46,207 [OMDoubleBufferFlushThread] INFO  db.RDBCheckpointManager (RDBCheckpointManager.java:createCheckpoint(89)) - Created checkpoint in rocksDB at /home/runner/work/ozone/ozone/hadoop-ozone/integration-test/target/test-dir/MiniOzoneClusterImpl-943d6ebb-9f51-4477-b660-6e407d8e3762/ozone-meta/db.snapshots/checkpointState/om.db-2d585ac6-597f-4a55-b30a-c1ac3f32e828 in 30 milliseconds
2023-09-25 17:58:46,208 [OMDoubleBufferFlushThread] INFO  db.RDBCheckpointUtils (RDBCheckpointUtils.java:waitForCheckpointDirectoryExist(60)) - Waited for 1 milliseconds for checkpoint directory /home/runner/work/ozone/ozone/hadoop-ozone/integration-test/target/test-dir/MiniOzoneClusterImpl-943d6ebb-9f51-4477-b660-6e407d8e3762/ozone-meta/db.snapshots/checkpointState/om.db-2d585ac6-597f-4a55-b30a-c1ac3f32e828 availability.
2023-09-25 17:58:46,221 [OMDoubleBufferFlushThread] WARN  om.OmSnapshotManager (OmSnapshotManager.java:findEndKeyGivenPrefix(591)) - Took 12483299 ns to find endKey. Caller is deleteKeysFromDelKeyTableInSnapshotScope
2023-09-25 17:58:46,222 [OMDoubleBufferFlushThread] INFO  om.OmSnapshotManager (OmSnapshotManager.java:createOmSnapshotCheckpoint(461)) - Created checkpoint : /home/runner/work/ozone/ozone/hadoop-ozone/integration-test/target/test-dir/MiniOzoneClusterImpl-943d6ebb-9f51-4477-b660-6e407d8e3762/ozone-meta/db.snapshots/checkpointState/om.db-2d585ac6-597f-4a55-b30a-c1ac3f32e828 for snapshot s20230925-175846.157
2023-09-25 17:58:46,226 [IPC Server handler 18 on default port 15057] INFO  snapshot.SnapshotDiffManager (SnapshotDiffManager.java:submitSnapDiffJob(732)) - Submitting snap diff report generation request for volume: volume38723, bucket: bucket65448, fromSnapshot: s20230925-175845.022 and toSnapshot: s20230925-175846.157
2023-09-25 17:58:46,228 [snapshot-diff-job-thread-id-1] INFO  snapshot.SnapshotDiffManager (SnapshotDiffManager.java:generateSnapshotDiffReport(835)) - Started snap diff report generation for volume: 'volume38723', bucket: 'bucket65448', fromSnapshot: 's20230925-175845.022', toSnapshot: 's20230925-175846.157'
2023-09-25 17:58:46,229 [snapshot-diff-job-thread-id-1] INFO  snapshot.SnapshotCache (SnapshotCache.java:lambda$1(170)) - Loading snapshot. Table key: /volume38723/bucket65448/s20230925-175845.022
2023-09-25 17:58:46,238 [snapshot-diff-job-thread-id-1] INFO  snapshot.SnapshotCache (SnapshotCache.java:lambda$1(170)) - Loading snapshot. Table key: /volume38723/bucket65448/s20230925-175846.157
2023-09-25 17:58:46,238 [snapshot-diff-job-thread-id-1] WARN  server.ServerUtils (ServerUtils.java:getDBPath(311)) - ozone.om.db.dirs is not configured. We recommend adding this setting. Falling back to ozone.metadata.dirs instead.
2023-09-25 17:58:46,239 [snapshot-diff-job-thread-id-1] INFO  helpers.OmKeyInfo (OmKeyInfo.java:getCodec(71)) - OmKeyInfo.getCodec ignorePipeline = true
2023-09-25 17:58:46,305 [snapshot-diff-job-thread-id-1] INFO  snapshot.SnapshotDiffManager (SnapshotDiffManager.java:generateDiffReport(1304)) - Starting diff report generation for jobId: 20ac00a8-e68c-411b-8e56-6fe25e172af9.
2023-09-25 17:58:47,265 [IPC Server handler 2 on default port 15057] WARN  snapshot.OMSnapshotCreateRequest (OMSnapshotCreateRequest.java:estimateBucketDataSize(333)) - DefaultReplicationConfig is not correctly set in OmBucketInfo for volume 'volume38723' bucket 'bucket65448'. Falling back to config default 'RATIS/THREE'
2023-09-25 17:58:47,266 [IPC Server handler 2 on default port 15057] INFO  snapshot.OMSnapshotCreateRequest (OMSnapshotCreateRequest.java:validateAndUpdateCache(215)) - Created snapshot: 'temp28e91e8c-5f1a-461d-9899-6dd68d6edf85s20230925-175847.247' with snapshotId: '2cfec006-06a9-4b20-8572-fda7af13c4ff' under path 'volume38723/bucket65448'
2023-09-25 17:58:47,272 [Thread-2444] INFO  rocksdiff.RocksDBCheckpointDiffer (RocksDBCheckpointDiffer.java:onCompactionCompleted(544)) - Skipped the compaction entry. Compaction input files: [/home/runner/work/ozone/ozone/hadoop-ozone/integration-test/target/test-dir/MiniOzoneClusterImpl-943d6ebb-9f51-4477-b660-6e407d8e3762/ozone-meta/om.db/000054.sst] and output files: [/home/runner/work/ozone/ozone/hadoop-ozone/integration-test/target/test-dir/MiniOzoneClusterImpl-943d6ebb-9f51-4477-b660-6e407d8e3762/ozone-meta/om.db/000054.sst] are same.
2023-09-25 17:58:47,287 [Thread-2504] INFO  rocksdiff.RocksDBCheckpointDiffer (RocksDBCheckpointDiffer.java:onCompactionCompleted(544)) - Skipped the compaction entry. Compaction input files: [/home/runner/work/ozone/ozone/hadoop-ozone/integration-test/target/test-dir/MiniOzoneClusterImpl-943d6ebb-9f51-4477-b660-6e407d8e3762/ozone-meta/om.db/000083.sst, /home/runner/work/ozone/ozone/hadoop-ozone/integration-test/target/test-dir/MiniOzoneClusterImpl-943d6ebb-9f51-4477-b660-6e407d8e3762/ozone-meta/om.db/000075.sst, /home/runner/work/ozone/ozone/hadoop-ozone/integration-test/target/test-dir/MiniOzoneClusterImpl-943d6ebb-9f51-4477-b660-6e407d8e3762/ozone-meta/om.db/000068.sst, /home/runner/work/ozone/ozone/hadoop-ozone/integration-test/target/test-dir/MiniOzoneClusterImpl-943d6ebb-9f51-4477-b660-6e407d8e3762/ozone-meta/om.db/000057.sst] and output files: [/home/runner/work/ozone/ozone/hadoop-ozone/integration-test/target/test-dir/MiniOzoneClusterImpl-943d6ebb-9f51-4477-b660-6e407d8e3762/ozone-meta/om.db/000083.sst, /home/runner/work/ozone/ozone/hadoop-ozone/integration-test/target/test-dir/MiniOzoneClusterImpl-943d6ebb-9f51-4477-b660-6e407d8e3762/ozone-meta/om.db/000075.sst, /home/runner/work/ozone/ozone/hadoop-ozone/integration-test/target/test-dir/MiniOzoneClusterImpl-943d6ebb-9f51-4477-b660-6e407d8e3762/ozone-meta/om.db/000068.sst, /home/runner/work/ozone/ozone/hadoop-ozone/integration-test/target/test-dir/MiniOzoneClusterImpl-943d6ebb-9f51-4477-b660-6e407d8e3762/ozone-meta/om.db/000057.sst] are same.
2023-09-25 17:58:47,291 [Thread-2520] INFO  rocksdiff.RocksDBCheckpointDiffer (RocksDBCheckpointDiffer.java:onCompactionCompleted(544)) - Skipped the compaction entry. Compaction input files: [/home/runner/work/ozone/ozone/hadoop-ozone/integration-test/target/test-dir/MiniOzoneClusterImpl-943d6ebb-9f51-4477-b660-6e407d8e3762/ozone-meta/om.db/000060.sst] and output files: [/home/runner/work/ozone/ozone/hadoop-ozone/integration-test/target/test-dir/MiniOzoneClusterImpl-943d6ebb-9f51-4477-b660-6e407d8e3762/ozone-meta/om.db/000060.sst] are same.
2023-09-25 17:58:47,297 [OMDoubleBufferFlushThread] INFO  db.RDBCheckpointManager (RDBCheckpointManager.java:createCheckpoint(89)) - Created checkpoint in rocksDB at /home/runner/work/ozone/ozone/hadoop-ozone/integration-test/target/test-dir/MiniOzoneClusterImpl-943d6ebb-9f51-4477-b660-6e407d8e3762/ozone-meta/db.snapshots/checkpointState/om.db-2cfec006-06a9-4b20-8572-fda7af13c4ff in 30 milliseconds
2023-09-25 17:58:47,298 [OMDoubleBufferFlushThread] INFO  db.RDBCheckpointUtils (RDBCheckpointUtils.java:waitForCheckpointDirectoryExist(60)) - Waited for 1 milliseconds for checkpoint directory /home/runner/work/ozone/ozone/hadoop-ozone/integration-test/target/test-dir/MiniOzoneClusterImpl-943d6ebb-9f51-4477-b660-6e407d8e3762/ozone-meta/db.snapshots/checkpointState/om.db-2cfec006-06a9-4b20-8572-fda7af13c4ff availability.
2023-09-25 17:58:47,317 [OMDoubleBufferFlushThread] WARN  om.OmSnapshotManager (OmSnapshotManager.java:findEndKeyGivenPrefix(591)) - Took 17540057 ns to find endKey. Caller is deleteKeysFromDelKeyTableInSnapshotScope
2023-09-25 17:58:47,319 [OMDoubleBufferFlushThread] INFO  om.OmSnapshotManager (OmSnapshotManager.java:createOmSnapshotCheckpoint(461)) - Created checkpoint : /home/runner/work/ozone/ozone/hadoop-ozone/integration-test/target/test-dir/MiniOzoneClusterImpl-943d6ebb-9f51-4477-b660-6e407d8e3762/ozone-meta/db.snapshots/checkpointState/om.db-2cfec006-06a9-4b20-8572-fda7af13c4ff for snapshot temp28e91e8c-5f1a-461d-9899-6dd68d6edf85s20230925-175847.247
2023-09-25 17:58:47,325 [IPC Server handler 4 on default port 15057] INFO  snapshot.SnapshotDiffManager (SnapshotDiffManager.java:submitSnapDiffJob(732)) - Submitting snap diff report generation request for volume: volume38723, bucket: bucket65448, fromSnapshot: s20230925-175846.157 and toSnapshot: temp28e91e8c-5f1a-461d-9899-6dd68d6edf85s20230925-175847.247
2023-09-25 17:58:47,328 [snapshot-diff-job-thread-id-2] INFO  snapshot.SnapshotDiffManager (SnapshotDiffManager.java:generateSnapshotDiffReport(835)) - Started snap diff report generation for volume: 'volume38723', bucket: 'bucket65448', fromSnapshot: 's20230925-175846.157', toSnapshot: 'temp28e91e8c-5f1a-461d-9899-6dd68d6edf85s20230925-175847.247'
2023-09-25 17:58:47,329 [snapshot-diff-job-thread-id-2] INFO  snapshot.SnapshotCache (SnapshotCache.java:lambda$1(170)) - Loading snapshot. Table key: /volume38723/bucket65448/s20230925-175846.157
2023-09-25 17:58:47,329 [snapshot-diff-job-thread-id-2] INFO  snapshot.SnapshotCache (SnapshotCache.java:lambda$1(170)) - Loading snapshot. Table key: /volume38723/bucket65448/temp28e91e8c-5f1a-461d-9899-6dd68d6edf85s20230925-175847.247
2023-09-25 17:58:47,329 [snapshot-diff-job-thread-id-2] WARN  server.ServerUtils (ServerUtils.java:getDBPath(311)) - ozone.om.db.dirs is not configured. We recommend adding this setting. Falling back to ozone.metadata.dirs instead.
2023-09-25 17:58:47,330 [snapshot-diff-job-thread-id-2] INFO  helpers.OmKeyInfo (OmKeyInfo.java:getCodec(71)) - OmKeyInfo.getCodec ignorePipeline = true
2023-09-25 17:58:47,394 [snapshot-diff-job-thread-id-2] INFO  snapshot.SnapshotDiffManager (SnapshotDiffManager.java:generateDiffReport(1304)) - Starting diff report generation for jobId: e63a7dde-b81e-4f1e-b1ea-c368fdc6c7e0.
2023-09-25 17:58:48,334 [IPC Server handler 0 on default port 15057] INFO  snapshot.OMSnapshotDeleteRequest (OMSnapshotDeleteRequest.java:validateAndUpdateCache(225)) - Deleted snapshot 'temp28e91e8c-5f1a-461d-9899-6dd68d6edf85s20230925-175847.247' under path 'volume38723/bucket65448'
2023-09-25 17:58:48,355 [IPC Server handler 6 on default port 15057] WARN  snapshot.OMSnapshotCreateRequest (OMSnapshotCreateRequest.java:estimateBucketDataSize(333)) - DefaultReplicationConfig is not correctly set in OmBucketInfo for volume 'volume38723' bucket 'bucket65448'. Falling back to config default 'RATIS/THREE'
2023-09-25 17:58:48,355 [IPC Server handler 6 on default port 15057] INFO  snapshot.OMSnapshotCreateRequest (OMSnapshotCreateRequest.java:validateAndUpdateCache(215)) - Created snapshot: 'tempee26f99d-d309-4fd2-89a2-104b123ce1ccs20230925-175848.335' with snapshotId: 'b42af8ed-b6a0-4a09-802a-d1c75d40035c' under path 'volume38723/bucket65448'
2023-09-25 17:58:48,484 [Thread-2560] INFO  rocksdiff.RocksDBCheckpointDiffer (RocksDBCheckpointDiffer.java:onCompactionCompleted(544)) - Skipped the compaction entry. Compaction input files: [/home/runner/work/ozone/ozone/hadoop-ozone/integration-test/target/test-dir/MiniOzoneClusterImpl-943d6ebb-9f51-4477-b660-6e407d8e3762/ozone-meta/om.db/000067.sst] and output files: [/home/runner/work/ozone/ozone/hadoop-ozone/integration-test/target/test-dir/MiniOzoneClusterImpl-943d6ebb-9f51-4477-b660-6e407d8e3762/ozone-meta/om.db/000067.sst] are same.
2023-09-25 17:58:48,520 [OMDoubleBufferFlushThread] INFO  db.RDBCheckpointManager (RDBCheckpointManager.java:createCheckpoint(89)) - Created checkpoint in rocksDB at /home/runner/work/ozone/ozone/hadoop-ozone/integration-test/target/test-dir/MiniOzoneClusterImpl-943d6ebb-9f51-4477-b660-6e407d8e3762/ozone-meta/db.snapshots/checkpointState/om.db-b42af8ed-b6a0-4a09-802a-d1c75d40035c in 159 milliseconds
2023-09-25 17:58:48,521 [OMDoubleBufferFlushThread] INFO  db.RDBCheckpointUtils (RDBCheckpointUtils.java:waitForCheckpointDirectoryExist(60)) - Waited for 1 milliseconds for checkpoint directory /home/runner/work/ozone/ozone/hadoop-ozone/integration-test/target/test-dir/MiniOzoneClusterImpl-943d6ebb-9f51-4477-b660-6e407d8e3762/ozone-meta/db.snapshots/checkpointState/om.db-b42af8ed-b6a0-4a09-802a-d1c75d40035c availability.
2023-09-25 17:58:48,540 [OMDoubleBufferFlushThread] WARN  om.OmSnapshotManager (OmSnapshotManager.java:findEndKeyGivenPrefix(591)) - Took 18222542 ns to find endKey. Caller is deleteKeysFromDelKeyTableInSnapshotScope
2023-09-25 17:58:48,541 [OMDoubleBufferFlushThread] INFO  om.OmSnapshotManager (OmSnapshotManager.java:createOmSnapshotCheckpoint(461)) - Created checkpoint : /home/runner/work/ozone/ozone/hadoop-ozone/integration-test/target/test-dir/MiniOzoneClusterImpl-943d6ebb-9f51-4477-b660-6e407d8e3762/ozone-meta/db.snapshots/checkpointState/om.db-b42af8ed-b6a0-4a09-802a-d1c75d40035c for snapshot tempee26f99d-d309-4fd2-89a2-104b123ce1ccs20230925-175848.335
2023-09-25 17:58:48,545 [IPC Server handler 9 on default port 15057] INFO  snapshot.SnapshotDiffManager (SnapshotDiffManager.java:submitSnapDiffJob(732)) - Submitting snap diff report generation request for volume: volume38723, bucket: bucket65448, fromSnapshot: tempee26f99d-d309-4fd2-89a2-104b123ce1ccs20230925-175848.335 and toSnapshot: s20230925-175846.157
2023-09-25 17:58:48,546 [snapshot-diff-job-thread-id-3] INFO  snapshot.SnapshotDiffManager (SnapshotDiffManager.java:generateSnapshotDiffReport(835)) - Started snap diff report generation for volume: 'volume38723', bucket: 'bucket65448', fromSnapshot: 'tempee26f99d-d309-4fd2-89a2-104b123ce1ccs20230925-175848.335', toSnapshot: 's20230925-175846.157'
2023-09-25 17:58:48,547 [snapshot-diff-job-thread-id-3] INFO  snapshot.SnapshotCache (SnapshotCache.java:lambda$1(170)) - Loading snapshot. Table key: /volume38723/bucket65448/tempee26f99d-d309-4fd2-89a2-104b123ce1ccs20230925-175848.335
2023-09-25 17:58:48,547 [snapshot-diff-job-thread-id-3] WARN  server.ServerUtils (ServerUtils.java:getDBPath(311)) - ozone.om.db.dirs is not configured. We recommend adding this setting. Falling back to ozone.metadata.dirs instead.
2023-09-25 17:58:48,548 [snapshot-diff-job-thread-id-3] INFO  helpers.OmKeyInfo (OmKeyInfo.java:getCodec(71)) - OmKeyInfo.getCodec ignorePipeline = true
2023-09-25 17:58:48,588 [snapshot-diff-job-thread-id-3] INFO  snapshot.SnapshotCache (SnapshotCache.java:lambda$1(170)) - Loading snapshot. Table key: /volume38723/bucket65448/s20230925-175846.157
2023-09-25 17:58:48,609 [snapshot-diff-job-thread-id-3] WARN  snapshot.SnapshotDiffManager (SnapshotDiffManager.java:getDeltaFiles(1228)) - RocksDBCheckpointDiffer is not available, falling back to slow path
2023-09-25 17:58:48,622 [snapshot-diff-job-thread-id-3] WARN  snapshot.SnapshotDiffManager (SnapshotDiffManager.java:getDeltaFiles(1228)) - RocksDBCheckpointDiffer is not available, falling back to slow path
2023-09-25 17:58:48,626 [snapshot-diff-job-thread-id-3] INFO  snapshot.SnapshotDiffManager (SnapshotDiffManager.java:generateDiffReport(1304)) - Starting diff report generation for jobId: 5245449e-0984-47e9-9fdf-53ac41fb29e4.
2023-09-25 17:58:49,552 [IPC Server handler 8 on default port 15057] INFO  snapshot.OMSnapshotDeleteRequest (OMSnapshotDeleteRequest.java:validateAndUpdateCache(225)) - Deleted snapshot 'tempee26f99d-d309-4fd2-89a2-104b123ce1ccs20230925-175848.335' under path 'volume38723/bucket65448'
2023-09-25 17:58:49,573 [IPC Server handler 11 on default port 15057] WARN  snapshot.OMSnapshotCreateRequest (OMSnapshotCreateRequest.java:estimateBucketDataSize(333)) - DefaultReplicationConfig is not correctly set in OmBucketInfo for volume 'volume38723' bucket 'bucket65448'. Falling back to config default 'RATIS/THREE'
2023-09-25 17:58:49,573 [IPC Server handler 11 on default port 15057] INFO  snapshot.OMSnapshotCreateRequest (OMSnapshotCreateRequest.java:validateAndUpdateCache(215)) - Created snapshot: 'temp0ceee9a0-c2c0-4561-bf4f-4d7cdefccb68s20230925-175849.555' with snapshotId: '2f7a3c39-2057-4bf7-9024-aa03022aa190' under path 'volume38723/bucket65448'
2023-09-25 17:58:49,584 [Thread-2600] INFO  rocksdiff.RocksDBCheckpointDiffer (RocksDBCheckpointDiffer.java:onCompactionCompleted(544)) - Skipped the compaction entry. Compaction input files: [/home/runner/work/ozone/ozone/hadoop-ozone/integration-test/target/test-dir/MiniOzoneClusterImpl-943d6ebb-9f51-4477-b660-6e407d8e3762/ozone-meta/om.db/000074.sst, /home/runner/work/ozone/ozone/hadoop-ozone/integration-test/target/test-dir/MiniOzoneClusterImpl-943d6ebb-9f51-4477-b660-6e407d8e3762/ozone-meta/om.db/000082.sst, /home/runner/work/ozone/ozone/hadoop-ozone/integration-test/target/test-dir/MiniOzoneClusterImpl-943d6ebb-9f51-4477-b660-6e407d8e3762/ozone-meta/om.db/000088.sst, /home/runner/work/ozone/ozone/hadoop-ozone/integration-test/target/test-dir/MiniOzoneClusterImpl-943d6ebb-9f51-4477-b660-6e407d8e3762/ozone-meta/om.db/000092.sst] and output files: [/home/runner/work/ozone/ozone/hadoop-ozone/integration-test/target/test-dir/MiniOzoneClusterImpl-943d6ebb-9f51-4477-b660-6e407d8e3762/ozone-meta/om.db/000074.sst, /home/runner/work/ozone/ozone/hadoop-ozone/integration-test/target/test-dir/MiniOzoneClusterImpl-943d6ebb-9f51-4477-b660-6e407d8e3762/ozone-meta/om.db/000082.sst, /home/runner/work/ozone/ozone/hadoop-ozone/integration-test/target/test-dir/MiniOzoneClusterImpl-943d6ebb-9f51-4477-b660-6e407d8e3762/ozone-meta/om.db/000088.sst, /home/runner/work/ozone/ozone/hadoop-ozone/integration-test/target/test-dir/MiniOzoneClusterImpl-943d6ebb-9f51-4477-b660-6e407d8e3762/ozone-meta/om.db/000092.sst] are same.
2023-09-25 17:58:49,592 [OMDoubleBufferFlushThread] INFO  db.RDBCheckpointManager (RDBCheckpointManager.java:createCheckpoint(89)) - Created checkpoint in rocksDB at /home/runner/work/ozone/ozone/hadoop-ozone/integration-test/target/test-dir/MiniOzoneClusterImpl-943d6ebb-9f51-4477-b660-6e407d8e3762/ozone-meta/db.snapshots/checkpointState/om.db-2f7a3c39-2057-4bf7-9024-aa03022aa190 in 16 milliseconds
2023-09-25 17:58:49,593 [OMDoubleBufferFlushThread] INFO  db.RDBCheckpointUtils (RDBCheckpointUtils.java:waitForCheckpointDirectoryExist(60)) - Waited for 1 milliseconds for checkpoint directory /home/runner/work/ozone/ozone/hadoop-ozone/integration-test/target/test-dir/MiniOzoneClusterImpl-943d6ebb-9f51-4477-b660-6e407d8e3762/ozone-meta/db.snapshots/checkpointState/om.db-2f7a3c39-2057-4bf7-9024-aa03022aa190 availability.
2023-09-25 17:58:49,606 [OMDoubleBufferFlushThread] WARN  om.OmSnapshotManager (OmSnapshotManager.java:findEndKeyGivenPrefix(591)) - Took 12949201 ns to find endKey. Caller is deleteKeysFromDelKeyTableInSnapshotScope
2023-09-25 17:58:49,607 [OMDoubleBufferFlushThread] INFO  om.OmSnapshotManager (OmSnapshotManager.java:createOmSnapshotCheckpoint(461)) - Created checkpoint : /home/runner/work/ozone/ozone/hadoop-ozone/integration-test/target/test-dir/MiniOzoneClusterImpl-943d6ebb-9f51-4477-b660-6e407d8e3762/ozone-meta/db.snapshots/checkpointState/om.db-2f7a3c39-2057-4bf7-9024-aa03022aa190 for snapshot temp0ceee9a0-c2c0-4561-bf4f-4d7cdefccb68s20230925-175849.555
2023-09-25 17:58:49,627 [IPC Server handler 10 on default port 15057] WARN  snapshot.OMSnapshotCreateRequest (OMSnapshotCreateRequest.java:estimateBucketDataSize(333)) - DefaultReplicationConfig is not correctly set in OmBucketInfo for volume 'volume38723' bucket 'bucket65448'. Falling back to config default 'RATIS/THREE'
2023-09-25 17:58:49,627 [IPC Server handler 10 on default port 15057] INFO  snapshot.OMSnapshotCreateRequest (OMSnapshotCreateRequest.java:validateAndUpdateCache(215)) - Created snapshot: 'temp8cd3e012-c777-4b15-87aa-c9e2b0b14a7cs20230925-175849.608' with snapshotId: '7fd63f98-6702-46c2-a246-460f8421ad04' under path 'volume38723/bucket65448'
2023-09-25 17:58:49,644 [OMDoubleBufferFlushThread] INFO  db.RDBCheckpointManager (RDBCheckpointManager.java:createCheckpoint(89)) - Created checkpoint in rocksDB at /home/runner/work/ozone/ozone/hadoop-ozone/integration-test/target/test-dir/MiniOzoneClusterImpl-943d6ebb-9f51-4477-b660-6e407d8e3762/ozone-meta/db.snapshots/checkpointState/om.db-7fd63f98-6702-46c2-a246-460f8421ad04 in 15 milliseconds
2023-09-25 17:58:49,644 [OMDoubleBufferFlushThread] INFO  db.RDBCheckpointUtils (RDBCheckpointUtils.java:waitForCheckpointDirectoryExist(60)) - Waited for 0 milliseconds for checkpoint directory /home/runner/work/ozone/ozone/hadoop-ozone/integration-test/target/test-dir/MiniOzoneClusterImpl-943d6ebb-9f51-4477-b660-6e407d8e3762/ozone-meta/db.snapshots/checkpointState/om.db-7fd63f98-6702-46c2-a246-460f8421ad04 availability.
2023-09-25 17:58:49,658 [OMDoubleBufferFlushThread] WARN  om.OmSnapshotManager (OmSnapshotManager.java:findEndKeyGivenPrefix(591)) - Took 12746298 ns to find endKey. Caller is deleteKeysFromDelKeyTableInSnapshotScope
2023-09-25 17:58:49,658 [OMDoubleBufferFlushThread] INFO  om.OmSnapshotManager (OmSnapshotManager.java:createOmSnapshotCheckpoint(461)) - Created checkpoint : /home/runner/work/ozone/ozone/hadoop-ozone/integration-test/target/test-dir/MiniOzoneClusterImpl-943d6ebb-9f51-4477-b660-6e407d8e3762/ozone-meta/db.snapshots/checkpointState/om.db-7fd63f98-6702-46c2-a246-460f8421ad04 for snapshot temp8cd3e012-c777-4b15-87aa-c9e2b0b14a7cs20230925-175849.608
2023-09-25 17:58:49,662 [IPC Server handler 5 on default port 15057] INFO  snapshot.SnapshotDiffManager (SnapshotDiffManager.java:submitSnapDiffJob(732)) - Submitting snap diff report generation request for volume: volume38723, bucket: bucket65448, fromSnapshot: temp8cd3e012-c777-4b15-87aa-c9e2b0b14a7cs20230925-175849.608 and toSnapshot: temp0ceee9a0-c2c0-4561-bf4f-4d7cdefccb68s20230925-175849.555
2023-09-25 17:58:49,662 [snapshot-diff-job-thread-id-4] INFO  snapshot.SnapshotDiffManager (SnapshotDiffManager.java:generateSnapshotDiffReport(835)) - Started snap diff report generation for volume: 'volume38723', bucket: 'bucket65448', fromSnapshot: 'temp8cd3e012-c777-4b15-87aa-c9e2b0b14a7cs20230925-175849.608', toSnapshot: 'temp0ceee9a0-c2c0-4561-bf4f-4d7cdefccb68s20230925-175849.555'
2023-09-25 17:58:49,667 [snapshot-diff-job-thread-id-4] INFO  snapshot.SnapshotCache (SnapshotCache.java:lambda$1(170)) - Loading snapshot. Table key: /volume38723/bucket65448/temp8cd3e012-c777-4b15-87aa-c9e2b0b14a7cs20230925-175849.608
2023-09-25 17:58:49,667 [snapshot-diff-job-thread-id-4] WARN  server.ServerUtils (ServerUtils.java:getDBPath(311)) - ozone.om.db.dirs is not configured. We recommend adding this setting. Falling back to ozone.metadata.dirs instead.
2023-09-25 17:58:49,668 [snapshot-diff-job-thread-id-4] INFO  helpers.OmKeyInfo (OmKeyInfo.java:getCodec(71)) - OmKeyInfo.getCodec ignorePipeline = true
2023-09-25 17:58:49,702 [snapshot-diff-job-thread-id-4] INFO  snapshot.SnapshotCache (SnapshotCache.java:lambda$1(170)) - Loading snapshot. Table key: /volume38723/bucket65448/temp0ceee9a0-c2c0-4561-bf4f-4d7cdefccb68s20230925-175849.555
2023-09-25 17:58:49,702 [snapshot-diff-job-thread-id-4] WARN  server.ServerUtils (ServerUtils.java:getDBPath(311)) - ozone.om.db.dirs is not configured. We recommend adding this setting. Falling back to ozone.metadata.dirs instead.
2023-09-25 17:58:49,703 [snapshot-diff-job-thread-id-4] INFO  helpers.OmKeyInfo (OmKeyInfo.java:getCodec(71)) - OmKeyInfo.getCodec ignorePipeline = true
2023-09-25 17:58:49,761 [snapshot-diff-job-thread-id-4] WARN  snapshot.SnapshotDiffManager (SnapshotDiffManager.java:getDeltaFiles(1228)) - RocksDBCheckpointDiffer is not available, falling back to slow path
2023-09-25 17:58:49,770 [snapshot-diff-job-thread-id-4] WARN  snapshot.SnapshotDiffManager (SnapshotDiffManager.java:getDeltaFiles(1228)) - RocksDBCheckpointDiffer is not available, falling back to slow path
2023-09-25 17:58:49,772 [snapshot-diff-job-thread-id-4] INFO  snapshot.SnapshotDiffManager (SnapshotDiffManager.java:generateDiffReport(1304)) - Starting diff report generation for jobId: 4f760544-871f-4547-830e-803ebe8cea50.
2023-09-25 17:58:50,673 [IPC Server handler 13 on default port 15057] INFO  snapshot.OMSnapshotDeleteRequest (OMSnapshotDeleteRequest.java:validateAndUpdateCache(225)) - Deleted snapshot 'temp0ceee9a0-c2c0-4561-bf4f-4d7cdefccb68s20230925-175849.555' under path 'volume38723/bucket65448'
2023-09-25 17:58:50,674 [IPC Server handler 14 on default port 15057] INFO  snapshot.OMSnapshotDeleteRequest (OMSnapshotDeleteRequest.java:validateAndUpdateCache(225)) - Deleted snapshot 'temp8cd3e012-c777-4b15-87aa-c9e2b0b14a7cs20230925-175849.608' under path 'volume38723/bucket65448'
]]></system-out>
  </testcase>
  <testcase name="testSnapshotRead" classname="TestRootedOzoneFileSystemWithFSO" time="0.511">
    <system-out><![CDATA[2023-09-25 17:57:10,983 [Time-limited test] INFO  rpc.RpcClient (RpcClient.java:createVolume(461)) - Creating Volume: volume73948, with user40141 as owner and space quota set to -1 bytes, counts quota set to -1
2023-09-25 17:57:10,986 [OM StateMachine ApplyTransaction Thread - 0] INFO  volume.OMVolumeCreateRequest (OMVolumeCreateRequest.java:validateAndUpdateCache(196)) - created volume:volume73948 for user:user40141
2023-09-25 17:57:10,988 [Time-limited test] INFO  rpc.RpcClient (RpcClient.java:createBucket(688)) - Creating Bucket: volume73948/bucket93378, with bucket layout FILE_SYSTEM_OPTIMIZED, runner as owner, Versioning false, Storage Type set to DISK and Encryption set to false, Replication Type set to server-side default replication type, Namespace Quota set to -1, Space Quota set to -1 
2023-09-25 17:57:10,989 [OM StateMachine ApplyTransaction Thread - 0] INFO  bucket.OMBucketCreateRequest (OMBucketCreateRequest.java:validateAndUpdateCache(270)) - created bucket: bucket93378 of layout FILE_SYSTEM_OPTIMIZED in volume: volume73948
2023-09-25 17:57:11,005 [Time-limited test] INFO  rpc.RpcClient (RpcClient.java:createVolume(461)) - Creating Volume: volume67921, with user23876 as owner and space quota set to -1 bytes, counts quota set to -1
2023-09-25 17:57:11,007 [OM StateMachine ApplyTransaction Thread - 0] INFO  volume.OMVolumeCreateRequest (OMVolumeCreateRequest.java:validateAndUpdateCache(196)) - created volume:volume67921 for user:user23876
2023-09-25 17:57:11,009 [Time-limited test] INFO  rpc.RpcClient (RpcClient.java:createBucket(688)) - Creating Bucket: volume67921/bucket73363, with bucket layout FILE_SYSTEM_OPTIMIZED, runner as owner, Versioning false, Storage Type set to DISK and Encryption set to false, Replication Type set to server-side default replication type, Namespace Quota set to -1, Space Quota set to -1 
2023-09-25 17:57:11,010 [OM StateMachine ApplyTransaction Thread - 0] INFO  bucket.OMBucketCreateRequest (OMBucketCreateRequest.java:validateAndUpdateCache(270)) - created bucket: bucket73363 of layout FILE_SYSTEM_OPTIMIZED in volume: volume67921
2023-09-25 17:57:11,040 [Time-limited test] INFO  rpc.RpcClient (RpcClient.java:createVolume(461)) - Creating Volume: volume37334, with user67821 as owner and space quota set to -1 bytes, counts quota set to -1
2023-09-25 17:57:11,042 [OM StateMachine ApplyTransaction Thread - 0] INFO  volume.OMVolumeCreateRequest (OMVolumeCreateRequest.java:validateAndUpdateCache(196)) - created volume:volume37334 for user:user67821
2023-09-25 17:57:11,044 [Time-limited test] INFO  rpc.RpcClient (RpcClient.java:createBucket(688)) - Creating Bucket: volume37334/bucket06692, with bucket layout FILE_SYSTEM_OPTIMIZED, runner as owner, Versioning false, Storage Type set to DISK and Encryption set to false, Replication Type set to server-side default replication type, Namespace Quota set to -1, Space Quota set to -1 
2023-09-25 17:57:11,045 [OM StateMachine ApplyTransaction Thread - 0] INFO  bucket.OMBucketCreateRequest (OMBucketCreateRequest.java:validateAndUpdateCache(270)) - created bucket: bucket06692 of layout FILE_SYSTEM_OPTIMIZED in volume: volume37334
2023-09-25 17:57:11,074 [OM StateMachine ApplyTransaction Thread - 0] WARN  snapshot.OMSnapshotCreateRequest (OMSnapshotCreateRequest.java:estimateBucketDataSize(333)) - DefaultReplicationConfig is not correctly set in OmBucketInfo for volume 'volume67921' bucket 'bucket73363'. Falling back to config default 'RATIS/THREE'
2023-09-25 17:57:11,075 [OM StateMachine ApplyTransaction Thread - 0] INFO  snapshot.OMSnapshotCreateRequest (OMSnapshotCreateRequest.java:validateAndUpdateCache(215)) - Created snapshot: 'snap1' with snapshotId: '30c26adf-789e-4568-b984-30125ea2bebd' under path 'volume67921/bucket73363'
2023-09-25 17:57:11,131 [OM StateMachine ApplyTransaction Thread - 0] WARN  snapshot.OMSnapshotCreateRequest (OMSnapshotCreateRequest.java:estimateBucketDataSize(333)) - DefaultReplicationConfig is not correctly set in OmBucketInfo for volume 'volume37334' bucket 'bucket06692'. Falling back to config default 'RATIS/THREE'
2023-09-25 17:57:11,131 [OM StateMachine ApplyTransaction Thread - 0] INFO  snapshot.OMSnapshotCreateRequest (OMSnapshotCreateRequest.java:validateAndUpdateCache(215)) - Created snapshot: 'snap1' with snapshotId: '98b03e4f-68bc-40ee-b3d8-db6d767be5f4' under path 'volume37334/bucket06692'
2023-09-25 17:57:11,137 [OMDoubleBufferFlushThread] INFO  db.RDBCheckpointManager (RDBCheckpointManager.java:createCheckpoint(89)) - Created checkpoint in rocksDB at /home/runner/work/ozone/ozone/hadoop-ozone/integration-test/target/test-dir/MiniOzoneClusterImpl-932dec38-ee06-46f6-8792-0cf7b891b204/ozone-meta/db.snapshots/checkpointState/om.db-30c26adf-789e-4568-b984-30125ea2bebd in 61 milliseconds
2023-09-25 17:57:11,147 [OMDoubleBufferFlushThread] INFO  db.RDBCheckpointUtils (RDBCheckpointUtils.java:waitForCheckpointDirectoryExist(60)) - Waited for 10 milliseconds for checkpoint directory /home/runner/work/ozone/ozone/hadoop-ozone/integration-test/target/test-dir/MiniOzoneClusterImpl-932dec38-ee06-46f6-8792-0cf7b891b204/ozone-meta/db.snapshots/checkpointState/om.db-30c26adf-789e-4568-b984-30125ea2bebd availability.
2023-09-25 17:57:11,176 [OM StateMachine ApplyTransaction Thread - 0] WARN  snapshot.OMSnapshotCreateRequest (OMSnapshotCreateRequest.java:estimateBucketDataSize(333)) - DefaultReplicationConfig is not correctly set in OmBucketInfo for volume 'volume67921' bucket 'bucket73363'. Falling back to config default 'RATIS/THREE'
2023-09-25 17:57:11,177 [OM StateMachine ApplyTransaction Thread - 0] INFO  snapshot.OMSnapshotCreateRequest (OMSnapshotCreateRequest.java:validateAndUpdateCache(215)) - Created snapshot: 'snap2' with snapshotId: '3e51f57c-f8cc-4253-a4aa-123cabb478ae' under path 'volume67921/bucket73363'
2023-09-25 17:57:11,179 [IPC Server handler 17 on default port 15004] INFO  snapshot.SnapshotCache (SnapshotCache.java:lambda$1(170)) - Loading snapshot. Table key: /volume67921/bucket73363/snap1
2023-09-25 17:57:11,179 [IPC Server handler 17 on default port 15004] WARN  server.ServerUtils (ServerUtils.java:getDBPath(311)) - ozone.om.db.dirs is not configured. We recommend adding this setting. Falling back to ozone.metadata.dirs instead.
2023-09-25 17:57:11,180 [IPC Server handler 17 on default port 15004] INFO  db.RDBCheckpointUtils (RDBCheckpointUtils.java:waitForCheckpointDirectoryExist(60)) - Waited for 1 milliseconds for checkpoint directory /home/runner/work/ozone/ozone/hadoop-ozone/integration-test/target/test-dir/MiniOzoneClusterImpl-932dec38-ee06-46f6-8792-0cf7b891b204/ozone-meta/db.snapshots/checkpointState/om.db-30c26adf-789e-4568-b984-30125ea2bebd availability.
2023-09-25 17:57:11,180 [IPC Server handler 17 on default port 15004] INFO  helpers.OmKeyInfo (OmKeyInfo.java:getCodec(71)) - OmKeyInfo.getCodec ignorePipeline = true
2023-09-25 17:57:11,187 [OMDoubleBufferFlushThread] WARN  om.OmSnapshotManager (OmSnapshotManager.java:findEndKeyGivenPrefix(591)) - Took 38886302 ns to find endKey. Caller is deleteKeysFromDelKeyTableInSnapshotScope
2023-09-25 17:57:11,189 [OMDoubleBufferFlushThread] WARN  om.OmSnapshotManager (OmSnapshotManager.java:findEndKeyGivenPrefix(591)) - Took 288402 ns to find endKey. Caller is deleteKeysFromDelDirTableInSnapshotScope
2023-09-25 17:57:11,189 [OMDoubleBufferFlushThread] INFO  om.OmSnapshotManager (OmSnapshotManager.java:createOmSnapshotCheckpoint(461)) - Created checkpoint : /home/runner/work/ozone/ozone/hadoop-ozone/integration-test/target/test-dir/MiniOzoneClusterImpl-932dec38-ee06-46f6-8792-0cf7b891b204/ozone-meta/db.snapshots/checkpointState/om.db-30c26adf-789e-4568-b984-30125ea2bebd for snapshot snap1
2023-09-25 17:57:11,206 [Thread-1278] INFO  rocksdiff.RocksDBCheckpointDiffer (RocksDBCheckpointDiffer.java:onCompactionCompleted(544)) - Skipped the compaction entry. Compaction input files: [/home/runner/work/ozone/ozone/hadoop-ozone/integration-test/target/test-dir/MiniOzoneClusterImpl-932dec38-ee06-46f6-8792-0cf7b891b204/ozone-meta/om.db/000103.sst, /home/runner/work/ozone/ozone/hadoop-ozone/integration-test/target/test-dir/MiniOzoneClusterImpl-932dec38-ee06-46f6-8792-0cf7b891b204/ozone-meta/om.db/000098.sst] and output files: [/home/runner/work/ozone/ozone/hadoop-ozone/integration-test/target/test-dir/MiniOzoneClusterImpl-932dec38-ee06-46f6-8792-0cf7b891b204/ozone-meta/om.db/000103.sst, /home/runner/work/ozone/ozone/hadoop-ozone/integration-test/target/test-dir/MiniOzoneClusterImpl-932dec38-ee06-46f6-8792-0cf7b891b204/ozone-meta/om.db/000098.sst] are same.
2023-09-25 17:57:11,216 [OMDoubleBufferFlushThread] INFO  db.RDBCheckpointManager (RDBCheckpointManager.java:createCheckpoint(89)) - Created checkpoint in rocksDB at /home/runner/work/ozone/ozone/hadoop-ozone/integration-test/target/test-dir/MiniOzoneClusterImpl-932dec38-ee06-46f6-8792-0cf7b891b204/ozone-meta/db.snapshots/checkpointState/om.db-98b03e4f-68bc-40ee-b3d8-db6d767be5f4 in 22 milliseconds
2023-09-25 17:57:11,216 [OMDoubleBufferFlushThread] INFO  db.RDBCheckpointUtils (RDBCheckpointUtils.java:waitForCheckpointDirectoryExist(60)) - Waited for 0 milliseconds for checkpoint directory /home/runner/work/ozone/ozone/hadoop-ozone/integration-test/target/test-dir/MiniOzoneClusterImpl-932dec38-ee06-46f6-8792-0cf7b891b204/ozone-meta/db.snapshots/checkpointState/om.db-98b03e4f-68bc-40ee-b3d8-db6d767be5f4 availability.
2023-09-25 17:57:11,236 [OMDoubleBufferFlushThread] WARN  om.OmSnapshotManager (OmSnapshotManager.java:findEndKeyGivenPrefix(591)) - Took 19079748 ns to find endKey. Caller is deleteKeysFromDelKeyTableInSnapshotScope
2023-09-25 17:57:11,238 [OMDoubleBufferFlushThread] WARN  om.OmSnapshotManager (OmSnapshotManager.java:findEndKeyGivenPrefix(591)) - Took 280402 ns to find endKey. Caller is deleteKeysFromDelDirTableInSnapshotScope
2023-09-25 17:57:11,238 [OMDoubleBufferFlushThread] INFO  om.OmSnapshotManager (OmSnapshotManager.java:createOmSnapshotCheckpoint(461)) - Created checkpoint : /home/runner/work/ozone/ozone/hadoop-ozone/integration-test/target/test-dir/MiniOzoneClusterImpl-932dec38-ee06-46f6-8792-0cf7b891b204/ozone-meta/db.snapshots/checkpointState/om.db-98b03e4f-68bc-40ee-b3d8-db6d767be5f4 for snapshot snap1
2023-09-25 17:57:11,238 [OMDoubleBufferFlushThread] WARN  rocksdiff.RocksDBCheckpointDiffer (RocksDBCheckpointDiffer.java:setCurrentCompactionLog(326)) - Compaction log exists: /home/runner/work/ozone/ozone/hadoop-ozone/integration-test/target/test-dir/MiniOzoneClusterImpl-932dec38-ee06-46f6-8792-0cf7b891b204/ozone-meta/db.snapshots/diffState/compaction-log/0000000000000015572.log. Will append
2023-09-25 17:57:11,281 [OMDoubleBufferFlushThread] INFO  db.RDBCheckpointManager (RDBCheckpointManager.java:createCheckpoint(89)) - Created checkpoint in rocksDB at /home/runner/work/ozone/ozone/hadoop-ozone/integration-test/target/test-dir/MiniOzoneClusterImpl-932dec38-ee06-46f6-8792-0cf7b891b204/ozone-meta/db.snapshots/checkpointState/om.db-3e51f57c-f8cc-4253-a4aa-123cabb478ae in 38 milliseconds
2023-09-25 17:57:11,287 [OMDoubleBufferFlushThread] INFO  db.RDBCheckpointUtils (RDBCheckpointUtils.java:waitForCheckpointDirectoryExist(60)) - Waited for 6 milliseconds for checkpoint directory /home/runner/work/ozone/ozone/hadoop-ozone/integration-test/target/test-dir/MiniOzoneClusterImpl-932dec38-ee06-46f6-8792-0cf7b891b204/ozone-meta/db.snapshots/checkpointState/om.db-3e51f57c-f8cc-4253-a4aa-123cabb478ae availability.
2023-09-25 17:57:11,291 [IPC Server handler 18 on default port 15004] INFO  snapshot.SnapshotCache (SnapshotCache.java:lambda$1(170)) - Loading snapshot. Table key: /volume37334/bucket06692/snap1
2023-09-25 17:57:11,292 [IPC Server handler 18 on default port 15004] WARN  server.ServerUtils (ServerUtils.java:getDBPath(311)) - ozone.om.db.dirs is not configured. We recommend adding this setting. Falling back to ozone.metadata.dirs instead.
2023-09-25 17:57:11,292 [IPC Server handler 18 on default port 15004] INFO  helpers.OmKeyInfo (OmKeyInfo.java:getCodec(71)) - OmKeyInfo.getCodec ignorePipeline = true
2023-09-25 17:57:11,311 [OMDoubleBufferFlushThread] WARN  om.OmSnapshotManager (OmSnapshotManager.java:findEndKeyGivenPrefix(591)) - Took 23960986 ns to find endKey. Caller is deleteKeysFromDelKeyTableInSnapshotScope
2023-09-25 17:57:11,313 [OMDoubleBufferFlushThread] WARN  om.OmSnapshotManager (OmSnapshotManager.java:findEndKeyGivenPrefix(591)) - Took 220002 ns to find endKey. Caller is deleteKeysFromDelDirTableInSnapshotScope
2023-09-25 17:57:11,313 [OMDoubleBufferFlushThread] INFO  om.OmSnapshotManager (OmSnapshotManager.java:createOmSnapshotCheckpoint(461)) - Created checkpoint : /home/runner/work/ozone/ozone/hadoop-ozone/integration-test/target/test-dir/MiniOzoneClusterImpl-932dec38-ee06-46f6-8792-0cf7b891b204/ozone-meta/db.snapshots/checkpointState/om.db-3e51f57c-f8cc-4253-a4aa-123cabb478ae for snapshot snap2
2023-09-25 17:57:11,313 [OMDoubleBufferFlushThread] WARN  rocksdiff.RocksDBCheckpointDiffer (RocksDBCheckpointDiffer.java:setCurrentCompactionLog(326)) - Compaction log exists: /home/runner/work/ozone/ozone/hadoop-ozone/integration-test/target/test-dir/MiniOzoneClusterImpl-932dec38-ee06-46f6-8792-0cf7b891b204/ozone-meta/db.snapshots/diffState/compaction-log/0000000000000015572.log. Will append
2023-09-25 17:57:11,374 [IPC Server handler 14 on default port 15004] INFO  snapshot.SnapshotCache (SnapshotCache.java:lambda$1(170)) - Loading snapshot. Table key: /volume67921/bucket73363/snap2
2023-09-25 17:57:11,374 [IPC Server handler 14 on default port 15004] WARN  server.ServerUtils (ServerUtils.java:getDBPath(311)) - ozone.om.db.dirs is not configured. We recommend adding this setting. Falling back to ozone.metadata.dirs instead.
2023-09-25 17:57:11,375 [IPC Server handler 14 on default port 15004] INFO  helpers.OmKeyInfo (OmKeyInfo.java:getCodec(71)) - OmKeyInfo.getCodec ignorePipeline = true
]]></system-out>
  </testcase>
  <testcase name="testSnapshotRead" classname="TestRootedOzoneFileSystemWithFSO" time="0.405">
    <system-out><![CDATA[2023-09-25 17:58:50,697 [Time-limited test] INFO  rpc.RpcClient (RpcClient.java:createVolume(461)) - Creating Volume: volume74522, with user89938 as owner and space quota set to -1 bytes, counts quota set to -1
2023-09-25 17:58:50,698 [IPC Server handler 11 on default port 15057] INFO  volume.OMVolumeCreateRequest (OMVolumeCreateRequest.java:validateAndUpdateCache(196)) - created volume:volume74522 for user:user89938
2023-09-25 17:58:50,699 [Time-limited test] INFO  rpc.RpcClient (RpcClient.java:createBucket(688)) - Creating Bucket: volume74522/bucket20996, with bucket layout FILE_SYSTEM_OPTIMIZED, runner as owner, Versioning false, Storage Type set to DISK and Encryption set to false, Replication Type set to server-side default replication type, Namespace Quota set to -1, Space Quota set to -1 
2023-09-25 17:58:50,699 [IPC Server handler 5 on default port 15057] INFO  bucket.OMBucketCreateRequest (OMBucketCreateRequest.java:validateAndUpdateCache(270)) - created bucket: bucket20996 of layout FILE_SYSTEM_OPTIMIZED in volume: volume74522
2023-09-25 17:58:50,710 [Time-limited test] INFO  rpc.RpcClient (RpcClient.java:createVolume(461)) - Creating Volume: volume01035, with user89324 as owner and space quota set to -1 bytes, counts quota set to -1
2023-09-25 17:58:50,711 [IPC Server handler 13 on default port 15057] INFO  volume.OMVolumeCreateRequest (OMVolumeCreateRequest.java:validateAndUpdateCache(196)) - created volume:volume01035 for user:user89324
2023-09-25 17:58:50,712 [Time-limited test] INFO  rpc.RpcClient (RpcClient.java:createBucket(688)) - Creating Bucket: volume01035/bucket81002, with bucket layout FILE_SYSTEM_OPTIMIZED, runner as owner, Versioning false, Storage Type set to DISK and Encryption set to false, Replication Type set to server-side default replication type, Namespace Quota set to -1, Space Quota set to -1 
2023-09-25 17:58:50,712 [IPC Server handler 17 on default port 15057] INFO  bucket.OMBucketCreateRequest (OMBucketCreateRequest.java:validateAndUpdateCache(270)) - created bucket: bucket81002 of layout FILE_SYSTEM_OPTIMIZED in volume: volume01035
2023-09-25 17:58:50,734 [Time-limited test] INFO  rpc.RpcClient (RpcClient.java:createVolume(461)) - Creating Volume: volume29922, with user10841 as owner and space quota set to -1 bytes, counts quota set to -1
2023-09-25 17:58:50,735 [IPC Server handler 3 on default port 15057] INFO  volume.OMVolumeCreateRequest (OMVolumeCreateRequest.java:validateAndUpdateCache(196)) - created volume:volume29922 for user:user10841
2023-09-25 17:58:50,736 [Time-limited test] INFO  rpc.RpcClient (RpcClient.java:createBucket(688)) - Creating Bucket: volume29922/bucket33292, with bucket layout FILE_SYSTEM_OPTIMIZED, runner as owner, Versioning false, Storage Type set to DISK and Encryption set to false, Replication Type set to server-side default replication type, Namespace Quota set to -1, Space Quota set to -1 
2023-09-25 17:58:50,736 [IPC Server handler 6 on default port 15057] INFO  bucket.OMBucketCreateRequest (OMBucketCreateRequest.java:validateAndUpdateCache(270)) - created bucket: bucket33292 of layout FILE_SYSTEM_OPTIMIZED in volume: volume29922
2023-09-25 17:58:50,758 [IPC Server handler 8 on default port 15057] WARN  snapshot.OMSnapshotCreateRequest (OMSnapshotCreateRequest.java:estimateBucketDataSize(333)) - DefaultReplicationConfig is not correctly set in OmBucketInfo for volume 'volume01035' bucket 'bucket81002'. Falling back to config default 'RATIS/THREE'
2023-09-25 17:58:50,759 [IPC Server handler 8 on default port 15057] INFO  snapshot.OMSnapshotCreateRequest (OMSnapshotCreateRequest.java:validateAndUpdateCache(215)) - Created snapshot: 'snap1' with snapshotId: '27692519-83d8-4567-af03-ae557200827f' under path 'volume01035/bucket81002'
2023-09-25 17:58:50,769 [Thread-2679] INFO  rocksdiff.RocksDBCheckpointDiffer (RocksDBCheckpointDiffer.java:onCompactionCompleted(544)) - Skipped the compaction entry. Compaction input files: [/home/runner/work/ozone/ozone/hadoop-ozone/integration-test/target/test-dir/MiniOzoneClusterImpl-943d6ebb-9f51-4477-b660-6e407d8e3762/ozone-meta/om.db/000065.sst, /home/runner/work/ozone/ozone/hadoop-ozone/integration-test/target/test-dir/MiniOzoneClusterImpl-943d6ebb-9f51-4477-b660-6e407d8e3762/ozone-meta/om.db/000072.sst] and output files: [/home/runner/work/ozone/ozone/hadoop-ozone/integration-test/target/test-dir/MiniOzoneClusterImpl-943d6ebb-9f51-4477-b660-6e407d8e3762/ozone-meta/om.db/000065.sst, /home/runner/work/ozone/ozone/hadoop-ozone/integration-test/target/test-dir/MiniOzoneClusterImpl-943d6ebb-9f51-4477-b660-6e407d8e3762/ozone-meta/om.db/000072.sst] are same.
2023-09-25 17:58:50,793 [Thread-2781] INFO  rocksdiff.RocksDBCheckpointDiffer (RocksDBCheckpointDiffer.java:onCompactionCompleted(544)) - Skipped the compaction entry. Compaction input files: [/home/runner/work/ozone/ozone/hadoop-ozone/integration-test/target/test-dir/MiniOzoneClusterImpl-943d6ebb-9f51-4477-b660-6e407d8e3762/ozone-meta/om.db/000069.sst, /home/runner/work/ozone/ozone/hadoop-ozone/integration-test/target/test-dir/MiniOzoneClusterImpl-943d6ebb-9f51-4477-b660-6e407d8e3762/ozone-meta/om.db/000076.sst] and output files: [/home/runner/work/ozone/ozone/hadoop-ozone/integration-test/target/test-dir/MiniOzoneClusterImpl-943d6ebb-9f51-4477-b660-6e407d8e3762/ozone-meta/om.db/000069.sst, /home/runner/work/ozone/ozone/hadoop-ozone/integration-test/target/test-dir/MiniOzoneClusterImpl-943d6ebb-9f51-4477-b660-6e407d8e3762/ozone-meta/om.db/000076.sst] are same.
2023-09-25 17:58:50,799 [OMDoubleBufferFlushThread] INFO  db.RDBCheckpointManager (RDBCheckpointManager.java:createCheckpoint(89)) - Created checkpoint in rocksDB at /home/runner/work/ozone/ozone/hadoop-ozone/integration-test/target/test-dir/MiniOzoneClusterImpl-943d6ebb-9f51-4477-b660-6e407d8e3762/ozone-meta/db.snapshots/checkpointState/om.db-27692519-83d8-4567-af03-ae557200827f in 37 milliseconds
2023-09-25 17:58:50,799 [OMDoubleBufferFlushThread] INFO  db.RDBCheckpointUtils (RDBCheckpointUtils.java:waitForCheckpointDirectoryExist(60)) - Waited for 0 milliseconds for checkpoint directory /home/runner/work/ozone/ozone/hadoop-ozone/integration-test/target/test-dir/MiniOzoneClusterImpl-943d6ebb-9f51-4477-b660-6e407d8e3762/ozone-meta/db.snapshots/checkpointState/om.db-27692519-83d8-4567-af03-ae557200827f availability.
2023-09-25 17:58:50,814 [OMDoubleBufferFlushThread] WARN  om.OmSnapshotManager (OmSnapshotManager.java:findEndKeyGivenPrefix(591)) - Took 13515305 ns to find endKey. Caller is deleteKeysFromDelKeyTableInSnapshotScope
2023-09-25 17:58:50,815 [OMDoubleBufferFlushThread] INFO  om.OmSnapshotManager (OmSnapshotManager.java:createOmSnapshotCheckpoint(461)) - Created checkpoint : /home/runner/work/ozone/ozone/hadoop-ozone/integration-test/target/test-dir/MiniOzoneClusterImpl-943d6ebb-9f51-4477-b660-6e407d8e3762/ozone-meta/db.snapshots/checkpointState/om.db-27692519-83d8-4567-af03-ae557200827f for snapshot snap1
2023-09-25 17:58:50,835 [IPC Server handler 11 on default port 15057] WARN  snapshot.OMSnapshotCreateRequest (OMSnapshotCreateRequest.java:estimateBucketDataSize(333)) - DefaultReplicationConfig is not correctly set in OmBucketInfo for volume 'volume29922' bucket 'bucket33292'. Falling back to config default 'RATIS/THREE'
2023-09-25 17:58:50,835 [IPC Server handler 11 on default port 15057] INFO  snapshot.OMSnapshotCreateRequest (OMSnapshotCreateRequest.java:validateAndUpdateCache(215)) - Created snapshot: 'snap1' with snapshotId: 'a09454ae-a3b9-4a12-9f51-837af562e07d' under path 'volume29922/bucket33292'
2023-09-25 17:58:50,852 [OMDoubleBufferFlushThread] INFO  db.RDBCheckpointManager (RDBCheckpointManager.java:createCheckpoint(89)) - Created checkpoint in rocksDB at /home/runner/work/ozone/ozone/hadoop-ozone/integration-test/target/test-dir/MiniOzoneClusterImpl-943d6ebb-9f51-4477-b660-6e407d8e3762/ozone-meta/db.snapshots/checkpointState/om.db-a09454ae-a3b9-4a12-9f51-837af562e07d in 15 milliseconds
2023-09-25 17:58:50,853 [OMDoubleBufferFlushThread] INFO  db.RDBCheckpointUtils (RDBCheckpointUtils.java:waitForCheckpointDirectoryExist(60)) - Waited for 1 milliseconds for checkpoint directory /home/runner/work/ozone/ozone/hadoop-ozone/integration-test/target/test-dir/MiniOzoneClusterImpl-943d6ebb-9f51-4477-b660-6e407d8e3762/ozone-meta/db.snapshots/checkpointState/om.db-a09454ae-a3b9-4a12-9f51-837af562e07d availability.
2023-09-25 17:58:50,867 [OMDoubleBufferFlushThread] WARN  om.OmSnapshotManager (OmSnapshotManager.java:findEndKeyGivenPrefix(591)) - Took 13337604 ns to find endKey. Caller is deleteKeysFromDelKeyTableInSnapshotScope
2023-09-25 17:58:50,868 [OMDoubleBufferFlushThread] INFO  om.OmSnapshotManager (OmSnapshotManager.java:createOmSnapshotCheckpoint(461)) - Created checkpoint : /home/runner/work/ozone/ozone/hadoop-ozone/integration-test/target/test-dir/MiniOzoneClusterImpl-943d6ebb-9f51-4477-b660-6e407d8e3762/ozone-meta/db.snapshots/checkpointState/om.db-a09454ae-a3b9-4a12-9f51-837af562e07d for snapshot snap1
2023-09-25 17:58:50,894 [IPC Server handler 13 on default port 15057] WARN  snapshot.OMSnapshotCreateRequest (OMSnapshotCreateRequest.java:estimateBucketDataSize(333)) - DefaultReplicationConfig is not correctly set in OmBucketInfo for volume 'volume01035' bucket 'bucket81002'. Falling back to config default 'RATIS/THREE'
2023-09-25 17:58:50,894 [IPC Server handler 13 on default port 15057] INFO  snapshot.OMSnapshotCreateRequest (OMSnapshotCreateRequest.java:validateAndUpdateCache(215)) - Created snapshot: 'snap2' with snapshotId: 'e7feb4ca-c4a9-4b3b-b1b0-c2d6fada5486' under path 'volume01035/bucket81002'
2023-09-25 17:58:50,910 [Thread-2879] INFO  rocksdiff.RocksDBCheckpointDiffer (RocksDBCheckpointDiffer.java:onCompactionCompleted(544)) - Skipped the compaction entry. Compaction input files: [/home/runner/work/ozone/ozone/hadoop-ozone/integration-test/target/test-dir/MiniOzoneClusterImpl-943d6ebb-9f51-4477-b660-6e407d8e3762/ozone-meta/om.db/000096.sst] and output files: [/home/runner/work/ozone/ozone/hadoop-ozone/integration-test/target/test-dir/MiniOzoneClusterImpl-943d6ebb-9f51-4477-b660-6e407d8e3762/ozone-meta/om.db/000096.sst] are same.
2023-09-25 17:58:50,927 [OMDoubleBufferFlushThread] INFO  db.RDBCheckpointManager (RDBCheckpointManager.java:createCheckpoint(89)) - Created checkpoint in rocksDB at /home/runner/work/ozone/ozone/hadoop-ozone/integration-test/target/test-dir/MiniOzoneClusterImpl-943d6ebb-9f51-4477-b660-6e407d8e3762/ozone-meta/db.snapshots/checkpointState/om.db-e7feb4ca-c4a9-4b3b-b1b0-c2d6fada5486 in 31 milliseconds
2023-09-25 17:58:50,927 [OMDoubleBufferFlushThread] INFO  db.RDBCheckpointUtils (RDBCheckpointUtils.java:waitForCheckpointDirectoryExist(60)) - Waited for 0 milliseconds for checkpoint directory /home/runner/work/ozone/ozone/hadoop-ozone/integration-test/target/test-dir/MiniOzoneClusterImpl-943d6ebb-9f51-4477-b660-6e407d8e3762/ozone-meta/db.snapshots/checkpointState/om.db-e7feb4ca-c4a9-4b3b-b1b0-c2d6fada5486 availability.
2023-09-25 17:58:50,941 [OMDoubleBufferFlushThread] WARN  om.OmSnapshotManager (OmSnapshotManager.java:findEndKeyGivenPrefix(591)) - Took 12489997 ns to find endKey. Caller is deleteKeysFromDelKeyTableInSnapshotScope
2023-09-25 17:58:50,941 [OMDoubleBufferFlushThread] INFO  om.OmSnapshotManager (OmSnapshotManager.java:createOmSnapshotCheckpoint(461)) - Created checkpoint : /home/runner/work/ozone/ozone/hadoop-ozone/integration-test/target/test-dir/MiniOzoneClusterImpl-943d6ebb-9f51-4477-b660-6e407d8e3762/ozone-meta/db.snapshots/checkpointState/om.db-e7feb4ca-c4a9-4b3b-b1b0-c2d6fada5486 for snapshot snap2
2023-09-25 17:58:50,944 [IPC Server handler 17 on default port 15057] INFO  snapshot.SnapshotCache (SnapshotCache.java:lambda$1(170)) - Loading snapshot. Table key: /volume01035/bucket81002/snap1
2023-09-25 17:58:50,944 [IPC Server handler 17 on default port 15057] WARN  server.ServerUtils (ServerUtils.java:getDBPath(311)) - ozone.om.db.dirs is not configured. We recommend adding this setting. Falling back to ozone.metadata.dirs instead.
2023-09-25 17:58:50,944 [IPC Server handler 17 on default port 15057] INFO  helpers.OmKeyInfo (OmKeyInfo.java:getCodec(71)) - OmKeyInfo.getCodec ignorePipeline = true
2023-09-25 17:58:50,985 [IPC Server handler 15 on default port 15057] INFO  snapshot.SnapshotCache (SnapshotCache.java:lambda$1(170)) - Loading snapshot. Table key: /volume29922/bucket33292/snap1
2023-09-25 17:58:50,986 [IPC Server handler 15 on default port 15057] WARN  server.ServerUtils (ServerUtils.java:getDBPath(311)) - ozone.om.db.dirs is not configured. We recommend adding this setting. Falling back to ozone.metadata.dirs instead.
2023-09-25 17:58:50,986 [IPC Server handler 15 on default port 15057] INFO  helpers.OmKeyInfo (OmKeyInfo.java:getCodec(71)) - OmKeyInfo.getCodec ignorePipeline = true
2023-09-25 17:58:51,037 [IPC Server handler 19 on default port 15057] INFO  snapshot.SnapshotCache (SnapshotCache.java:lambda$1(170)) - Loading snapshot. Table key: /volume01035/bucket81002/snap2
2023-09-25 17:58:51,038 [IPC Server handler 19 on default port 15057] WARN  server.ServerUtils (ServerUtils.java:getDBPath(311)) - ozone.om.db.dirs is not configured. We recommend adding this setting. Falling back to ozone.metadata.dirs instead.
2023-09-25 17:58:51,038 [IPC Server handler 19 on default port 15057] INFO  helpers.OmKeyInfo (OmKeyInfo.java:getCodec(71)) - OmKeyInfo.getCodec ignorePipeline = true
]]></system-out>
  </testcase>
  <testcase name="testUnbuffer" classname="TestRootedOzoneFileSystemWithFSO" time="0.147">
    <system-out><![CDATA[2023-09-25 17:57:11,484 [Time-limited test] INFO  rpc.RpcClient (RpcClient.java:createVolume(461)) - Creating Volume: volume10428, with user12108 as owner and space quota set to -1 bytes, counts quota set to -1
2023-09-25 17:57:11,486 [OM StateMachine ApplyTransaction Thread - 0] INFO  volume.OMVolumeCreateRequest (OMVolumeCreateRequest.java:validateAndUpdateCache(196)) - created volume:volume10428 for user:user12108
2023-09-25 17:57:11,487 [Time-limited test] INFO  rpc.RpcClient (RpcClient.java:createBucket(688)) - Creating Bucket: volume10428/bucket94492, with bucket layout FILE_SYSTEM_OPTIMIZED, runner as owner, Versioning false, Storage Type set to DISK and Encryption set to false, Replication Type set to server-side default replication type, Namespace Quota set to -1, Space Quota set to -1 
2023-09-25 17:57:11,489 [OM StateMachine ApplyTransaction Thread - 0] INFO  bucket.OMBucketCreateRequest (OMBucketCreateRequest.java:validateAndUpdateCache(270)) - created bucket: bucket94492 of layout FILE_SYSTEM_OPTIMIZED in volume: volume10428
2023-09-25 17:57:11,569 [IPC Server handler 4 on default port 15001] WARN  node.SCMNodeManager (SCMNodeManager.java:getNodesByAddress(1373)) - Cannot find node for address 127.0.0.1
]]></system-out>
  </testcase>
  <testcase name="testUnbuffer" classname="TestRootedOzoneFileSystemWithFSO" time="0.098">
    <system-out><![CDATA[2023-09-25 17:58:51,105 [Time-limited test] INFO  rpc.RpcClient (RpcClient.java:createVolume(461)) - Creating Volume: volume05424, with user85504 as owner and space quota set to -1 bytes, counts quota set to -1
2023-09-25 17:58:51,106 [IPC Server handler 14 on default port 15057] INFO  volume.OMVolumeCreateRequest (OMVolumeCreateRequest.java:validateAndUpdateCache(196)) - created volume:volume05424 for user:user85504
2023-09-25 17:58:51,107 [Time-limited test] INFO  rpc.RpcClient (RpcClient.java:createBucket(688)) - Creating Bucket: volume05424/bucket40161, with bucket layout FILE_SYSTEM_OPTIMIZED, runner as owner, Versioning false, Storage Type set to DISK and Encryption set to false, Replication Type set to server-side default replication type, Namespace Quota set to -1, Space Quota set to -1 
2023-09-25 17:58:51,107 [IPC Server handler 18 on default port 15057] INFO  bucket.OMBucketCreateRequest (OMBucketCreateRequest.java:validateAndUpdateCache(270)) - created bucket: bucket40161 of layout FILE_SYSTEM_OPTIMIZED in volume: volume05424
2023-09-25 17:58:51,177 [IPC Server handler 17 on default port 15054] WARN  node.SCMNodeManager (SCMNodeManager.java:getNodesByAddress(1373)) - Cannot find node for address 127.0.0.1
]]></system-out>
  </testcase>
  <testcase name="testDeleteCreatesFakeParentDir" classname="TestRootedOzoneFileSystemWithFSO" time="0">
    <skipped type="org.junit.AssumptionViolatedException"><![CDATA[org.junit.AssumptionViolatedException: FS Path is enabled. Skipping this test as it is not tuned for FS Path yet
	at org.junit.Assume.assumeTrue(Assume.java:68)
	at org.apache.hadoop.fs.ozone.TestRootedOzoneFileSystem.testDeleteCreatesFakeParentDir(TestRootedOzoneFileSystem.java:386)
	at sun.reflect.NativeMethodAccessorImpl.invoke0(Native Method)
	at sun.reflect.NativeMethodAccessorImpl.invoke(NativeMethodAccessorImpl.java:62)
	at sun.reflect.DelegatingMethodAccessorImpl.invoke(DelegatingMethodAccessorImpl.java:43)
	at java.lang.reflect.Method.invoke(Method.java:498)
	at org.junit.runners.model.FrameworkMethod$1.runReflectiveCall(FrameworkMethod.java:59)
	at org.junit.internal.runners.model.ReflectiveCallable.run(ReflectiveCallable.java:12)
	at org.junit.runners.model.FrameworkMethod.invokeExplosively(FrameworkMethod.java:56)
	at org.junit.internal.runners.statements.InvokeMethod.evaluate(InvokeMethod.java:17)
	at org.junit.internal.runners.statements.RunBefores.evaluate(RunBefores.java:26)
	at org.junit.internal.runners.statements.RunAfters.evaluate(RunAfters.java:27)
	at org.junit.internal.runners.statements.FailOnTimeout$CallableStatement.call(FailOnTimeout.java:288)
	at org.junit.internal.runners.statements.FailOnTimeout$CallableStatement.call(FailOnTimeout.java:282)
	at java.util.concurrent.FutureTask.run(FutureTask.java:266)
	at java.lang.Thread.run(Thread.java:750)
]]></skipped>
    <system-out><![CDATA[2023-09-25 17:57:11,627 [Time-limited test] INFO  rpc.RpcClient (RpcClient.java:createVolume(461)) - Creating Volume: volume17082, with user37419 as owner and space quota set to -1 bytes, counts quota set to -1
2023-09-25 17:57:11,630 [OM StateMachine ApplyTransaction Thread - 0] INFO  volume.OMVolumeCreateRequest (OMVolumeCreateRequest.java:validateAndUpdateCache(196)) - created volume:volume17082 for user:user37419
2023-09-25 17:57:11,631 [Time-limited test] INFO  rpc.RpcClient (RpcClient.java:createBucket(688)) - Creating Bucket: volume17082/bucket03562, with bucket layout FILE_SYSTEM_OPTIMIZED, runner as owner, Versioning false, Storage Type set to DISK and Encryption set to false, Replication Type set to server-side default replication type, Namespace Quota set to -1, Space Quota set to -1 
2023-09-25 17:57:11,633 [OM StateMachine ApplyTransaction Thread - 0] INFO  bucket.OMBucketCreateRequest (OMBucketCreateRequest.java:validateAndUpdateCache(270)) - created bucket: bucket03562 of layout FILE_SYSTEM_OPTIMIZED in volume: volume17082
]]></system-out>
  </testcase>
  <testcase name="testDeleteCreatesFakeParentDir" classname="TestRootedOzoneFileSystemWithFSO" time="0">
    <skipped type="org.junit.AssumptionViolatedException"><![CDATA[org.junit.AssumptionViolatedException: FS Path is enabled. Skipping this test as it is not tuned for FS Path yet
	at org.junit.Assume.assumeTrue(Assume.java:68)
	at org.apache.hadoop.fs.ozone.TestRootedOzoneFileSystem.testDeleteCreatesFakeParentDir(TestRootedOzoneFileSystem.java:386)
	at sun.reflect.NativeMethodAccessorImpl.invoke0(Native Method)
	at sun.reflect.NativeMethodAccessorImpl.invoke(NativeMethodAccessorImpl.java:62)
	at sun.reflect.DelegatingMethodAccessorImpl.invoke(DelegatingMethodAccessorImpl.java:43)
	at java.lang.reflect.Method.invoke(Method.java:498)
	at org.junit.runners.model.FrameworkMethod$1.runReflectiveCall(FrameworkMethod.java:59)
	at org.junit.internal.runners.model.ReflectiveCallable.run(ReflectiveCallable.java:12)
	at org.junit.runners.model.FrameworkMethod.invokeExplosively(FrameworkMethod.java:56)
	at org.junit.internal.runners.statements.InvokeMethod.evaluate(InvokeMethod.java:17)
	at org.junit.internal.runners.statements.RunBefores.evaluate(RunBefores.java:26)
	at org.junit.internal.runners.statements.RunAfters.evaluate(RunAfters.java:27)
	at org.junit.internal.runners.statements.FailOnTimeout$CallableStatement.call(FailOnTimeout.java:288)
	at org.junit.internal.runners.statements.FailOnTimeout$CallableStatement.call(FailOnTimeout.java:282)
	at java.util.concurrent.FutureTask.run(FutureTask.java:266)
	at java.lang.Thread.run(Thread.java:750)
]]></skipped>
    <system-out><![CDATA[2023-09-25 17:58:51,210 [Time-limited test] INFO  rpc.RpcClient (RpcClient.java:createVolume(461)) - Creating Volume: volume26456, with user68206 as owner and space quota set to -1 bytes, counts quota set to -1
2023-09-25 17:58:51,211 [IPC Server handler 19 on default port 15057] INFO  volume.OMVolumeCreateRequest (OMVolumeCreateRequest.java:validateAndUpdateCache(196)) - created volume:volume26456 for user:user68206
2023-09-25 17:58:51,212 [Time-limited test] INFO  rpc.RpcClient (RpcClient.java:createBucket(688)) - Creating Bucket: volume26456/bucket90310, with bucket layout FILE_SYSTEM_OPTIMIZED, runner as owner, Versioning false, Storage Type set to DISK and Encryption set to false, Replication Type set to server-side default replication type, Namespace Quota set to -1, Space Quota set to -1 
2023-09-25 17:58:51,213 [IPC Server handler 2 on default port 15057] INFO  bucket.OMBucketCreateRequest (OMBucketCreateRequest.java:validateAndUpdateCache(270)) - created bucket: bucket90310 of layout FILE_SYSTEM_OPTIMIZED in volume: volume26456
]]></system-out>
  </testcase>
  <testcase name="testNonExplicitlyCreatedPathExistsAfterItsLeafsWereRemoved" classname="TestRootedOzoneFileSystemWithFSO" time="0.071">
    <system-out><![CDATA[2023-09-25 17:57:11,670 [Time-limited test] INFO  rpc.RpcClient (RpcClient.java:createVolume(461)) - Creating Volume: volume02967, with user26421 as owner and space quota set to -1 bytes, counts quota set to -1
2023-09-25 17:57:11,673 [OM StateMachine ApplyTransaction Thread - 0] INFO  volume.OMVolumeCreateRequest (OMVolumeCreateRequest.java:validateAndUpdateCache(196)) - created volume:volume02967 for user:user26421
2023-09-25 17:57:11,675 [Time-limited test] INFO  rpc.RpcClient (RpcClient.java:createBucket(688)) - Creating Bucket: volume02967/bucket66104, with bucket layout FILE_SYSTEM_OPTIMIZED, runner as owner, Versioning false, Storage Type set to DISK and Encryption set to false, Replication Type set to server-side default replication type, Namespace Quota set to -1, Space Quota set to -1 
2023-09-25 17:57:11,676 [OM StateMachine ApplyTransaction Thread - 0] INFO  bucket.OMBucketCreateRequest (OMBucketCreateRequest.java:validateAndUpdateCache(270)) - created bucket: bucket66104 of layout FILE_SYSTEM_OPTIMIZED in volume: volume02967
]]></system-out>
  </testcase>
  <testcase name="testNonExplicitlyCreatedPathExistsAfterItsLeafsWereRemoved" classname="TestRootedOzoneFileSystemWithFSO" time="0.048">
    <system-out><![CDATA[2023-09-25 17:58:51,244 [Time-limited test] INFO  rpc.RpcClient (RpcClient.java:createVolume(461)) - Creating Volume: volume86200, with user71451 as owner and space quota set to -1 bytes, counts quota set to -1
2023-09-25 17:58:51,245 [IPC Server handler 15 on default port 15057] INFO  volume.OMVolumeCreateRequest (OMVolumeCreateRequest.java:validateAndUpdateCache(196)) - created volume:volume86200 for user:user71451
2023-09-25 17:58:51,246 [Time-limited test] INFO  rpc.RpcClient (RpcClient.java:createBucket(688)) - Creating Bucket: volume86200/bucket88350, with bucket layout FILE_SYSTEM_OPTIMIZED, runner as owner, Versioning false, Storage Type set to DISK and Encryption set to false, Replication Type set to server-side default replication type, Namespace Quota set to -1, Space Quota set to -1 
2023-09-25 17:58:51,247 [IPC Server handler 19 on default port 15057] INFO  bucket.OMBucketCreateRequest (OMBucketCreateRequest.java:validateAndUpdateCache(270)) - created bucket: bucket88350 of layout FILE_SYSTEM_OPTIMIZED in volume: volume86200
]]></system-out>
  </testcase>
  <testcase name="testFileDelete" classname="TestRootedOzoneFileSystemWithFSO" time="0.204">
    <system-out><![CDATA[2023-09-25 17:57:11,735 [Time-limited test] INFO  rpc.RpcClient (RpcClient.java:createVolume(461)) - Creating Volume: volume72894, with user08221 as owner and space quota set to -1 bytes, counts quota set to -1
2023-09-25 17:57:11,737 [OM StateMachine ApplyTransaction Thread - 0] INFO  volume.OMVolumeCreateRequest (OMVolumeCreateRequest.java:validateAndUpdateCache(196)) - created volume:volume72894 for user:user08221
2023-09-25 17:57:11,739 [Time-limited test] INFO  rpc.RpcClient (RpcClient.java:createBucket(688)) - Creating Bucket: volume72894/bucket38354, with bucket layout FILE_SYSTEM_OPTIMIZED, runner as owner, Versioning false, Storage Type set to DISK and Encryption set to false, Replication Type set to server-side default replication type, Namespace Quota set to -1, Space Quota set to -1 
2023-09-25 17:57:11,740 [OM StateMachine ApplyTransaction Thread - 0] INFO  bucket.OMBucketCreateRequest (OMBucketCreateRequest.java:validateAndUpdateCache(270)) - created bucket: bucket38354 of layout FILE_SYSTEM_OPTIMIZED in volume: volume72894
17:57:11.870 [IPC Server handler 13 on default port 15004] ERROR OMAudit - user=runner | ip=127.0.0.1 | op=GET_FILE_STATUS {volume=volume72894, bucket=bucket38354, key=testBatchDelete, dataSize=0, replicationConfig=null} | ret=FAILURE
org.apache.hadoop.ozone.om.exceptions.OMException: Unable to get file status: volume: volume72894 bucket: bucket38354 key: testBatchDelete
	at org.apache.hadoop.ozone.om.KeyManagerImpl.getOzoneFileStatusFSO(KeyManagerImpl.java:1327) ~[ozone-manager-1.4.0-SNAPSHOT.jar:?]
	at org.apache.hadoop.ozone.om.KeyManagerImpl.getFileStatus(KeyManagerImpl.java:1111) ~[ozone-manager-1.4.0-SNAPSHOT.jar:?]
	at org.apache.hadoop.ozone.om.OmMetadataReader.getFileStatus(OmMetadataReader.java:262) ~[ozone-manager-1.4.0-SNAPSHOT.jar:?]
	at org.apache.hadoop.ozone.om.OzoneManager.getFileStatus(OzoneManager.java:3533) ~[ozone-manager-1.4.0-SNAPSHOT.jar:?]
	at org.apache.hadoop.ozone.protocolPB.OzoneManagerRequestHandler.getOzoneFileStatus(OzoneManagerRequestHandler.java:971) ~[ozone-manager-1.4.0-SNAPSHOT.jar:?]
	at org.apache.hadoop.ozone.protocolPB.OzoneManagerRequestHandler.handleReadRequest(OzoneManagerRequestHandler.java:250) ~[ozone-manager-1.4.0-SNAPSHOT.jar:?]
	at org.apache.hadoop.ozone.protocolPB.OzoneManagerProtocolServerSideTranslatorPB.submitReadRequestToOM(OzoneManagerProtocolServerSideTranslatorPB.java:225) ~[ozone-manager-1.4.0-SNAPSHOT.jar:?]
	at org.apache.hadoop.ozone.protocolPB.OzoneManagerProtocolServerSideTranslatorPB.processRequest(OzoneManagerProtocolServerSideTranslatorPB.java:179) ~[ozone-manager-1.4.0-SNAPSHOT.jar:?]
	at org.apache.hadoop.hdds.server.OzoneProtocolMessageDispatcher.processRequest(OzoneProtocolMessageDispatcher.java:87) [hdds-server-framework-1.4.0-SNAPSHOT.jar:?]
	at org.apache.hadoop.ozone.protocolPB.OzoneManagerProtocolServerSideTranslatorPB.submitRequest(OzoneManagerProtocolServerSideTranslatorPB.java:148) [ozone-manager-1.4.0-SNAPSHOT.jar:?]
	at org.apache.hadoop.ozone.protocol.proto.OzoneManagerProtocolProtos$OzoneManagerService$2.callBlockingMethod(OzoneManagerProtocolProtos.java) [ozone-interface-client-1.4.0-SNAPSHOT.jar:?]
	at org.apache.hadoop.ipc.ProtobufRpcEngine$Server.processCall(ProtobufRpcEngine.java:484) [hadoop-common-3.3.6.jar:?]
	at org.apache.hadoop.ipc.ProtobufRpcEngine2$Server$ProtoBufRpcInvoker.call(ProtobufRpcEngine2.java:595) [hadoop-common-3.3.6.jar:?]
	at org.apache.hadoop.ipc.ProtobufRpcEngine2$Server$ProtoBufRpcInvoker.call(ProtobufRpcEngine2.java:573) [hadoop-common-3.3.6.jar:?]
	at org.apache.hadoop.ipc.RPC$Server.call(RPC.java:1227) [hadoop-common-3.3.6.jar:?]
	at org.apache.hadoop.ipc.Server$RpcCall.run(Server.java:1094) [hadoop-common-3.3.6.jar:?]
	at org.apache.hadoop.ipc.Server$RpcCall.run(Server.java:1017) [hadoop-common-3.3.6.jar:?]
	at java.security.AccessController.doPrivileged(Native Method) ~[?:1.8.0_382]
	at javax.security.auth.Subject.doAs(Subject.java:422) [?:1.8.0_382]
	at org.apache.hadoop.security.UserGroupInformation.doAs(UserGroupInformation.java:1899) [hadoop-common-3.3.6.jar:?]
	at org.apache.hadoop.ipc.Server$Handler.run(Server.java:3048) [hadoop-common-3.3.6.jar:?]
17:57:11.872 [IPC Server handler 2 on default port 15004] ERROR OMAudit - user=runner | ip=127.0.0.1 | op=GET_FILE_STATUS {volume=volume72894, bucket=bucket38354, key=testBatchDelete/parent/child0, dataSize=0, replicationConfig=null} | ret=FAILURE
org.apache.hadoop.ozone.om.exceptions.OMException: Unable to get file status: volume: volume72894 bucket: bucket38354 key: testBatchDelete/parent/child0
	at org.apache.hadoop.ozone.om.KeyManagerImpl.getOzoneFileStatusFSO(KeyManagerImpl.java:1327) ~[ozone-manager-1.4.0-SNAPSHOT.jar:?]
	at org.apache.hadoop.ozone.om.KeyManagerImpl.getFileStatus(KeyManagerImpl.java:1111) ~[ozone-manager-1.4.0-SNAPSHOT.jar:?]
	at org.apache.hadoop.ozone.om.OmMetadataReader.getFileStatus(OmMetadataReader.java:262) ~[ozone-manager-1.4.0-SNAPSHOT.jar:?]
	at org.apache.hadoop.ozone.om.OzoneManager.getFileStatus(OzoneManager.java:3533) ~[ozone-manager-1.4.0-SNAPSHOT.jar:?]
	at org.apache.hadoop.ozone.protocolPB.OzoneManagerRequestHandler.getOzoneFileStatus(OzoneManagerRequestHandler.java:971) ~[ozone-manager-1.4.0-SNAPSHOT.jar:?]
	at org.apache.hadoop.ozone.protocolPB.OzoneManagerRequestHandler.handleReadRequest(OzoneManagerRequestHandler.java:250) ~[ozone-manager-1.4.0-SNAPSHOT.jar:?]
	at org.apache.hadoop.ozone.protocolPB.OzoneManagerProtocolServerSideTranslatorPB.submitReadRequestToOM(OzoneManagerProtocolServerSideTranslatorPB.java:225) ~[ozone-manager-1.4.0-SNAPSHOT.jar:?]
	at org.apache.hadoop.ozone.protocolPB.OzoneManagerProtocolServerSideTranslatorPB.processRequest(OzoneManagerProtocolServerSideTranslatorPB.java:179) ~[ozone-manager-1.4.0-SNAPSHOT.jar:?]
	at org.apache.hadoop.hdds.server.OzoneProtocolMessageDispatcher.processRequest(OzoneProtocolMessageDispatcher.java:87) [hdds-server-framework-1.4.0-SNAPSHOT.jar:?]
	at org.apache.hadoop.ozone.protocolPB.OzoneManagerProtocolServerSideTranslatorPB.submitRequest(OzoneManagerProtocolServerSideTranslatorPB.java:148) [ozone-manager-1.4.0-SNAPSHOT.jar:?]
	at org.apache.hadoop.ozone.protocol.proto.OzoneManagerProtocolProtos$OzoneManagerService$2.callBlockingMethod(OzoneManagerProtocolProtos.java) [ozone-interface-client-1.4.0-SNAPSHOT.jar:?]
	at org.apache.hadoop.ipc.ProtobufRpcEngine$Server.processCall(ProtobufRpcEngine.java:484) [hadoop-common-3.3.6.jar:?]
	at org.apache.hadoop.ipc.ProtobufRpcEngine2$Server$ProtoBufRpcInvoker.call(ProtobufRpcEngine2.java:595) [hadoop-common-3.3.6.jar:?]
	at org.apache.hadoop.ipc.ProtobufRpcEngine2$Server$ProtoBufRpcInvoker.call(ProtobufRpcEngine2.java:573) [hadoop-common-3.3.6.jar:?]
	at org.apache.hadoop.ipc.RPC$Server.call(RPC.java:1227) [hadoop-common-3.3.6.jar:?]
	at org.apache.hadoop.ipc.Server$RpcCall.run(Server.java:1094) [hadoop-common-3.3.6.jar:?]
	at org.apache.hadoop.ipc.Server$RpcCall.run(Server.java:1017) [hadoop-common-3.3.6.jar:?]
	at java.security.AccessController.doPrivileged(Native Method) ~[?:1.8.0_382]
	at javax.security.auth.Subject.doAs(Subject.java:422) [?:1.8.0_382]
	at org.apache.hadoop.security.UserGroupInformation.doAs(UserGroupInformation.java:1899) [hadoop-common-3.3.6.jar:?]
	at org.apache.hadoop.ipc.Server$Handler.run(Server.java:3048) [hadoop-common-3.3.6.jar:?]
17:57:11.874 [IPC Server handler 7 on default port 15004] ERROR OMAudit - user=runner | ip=127.0.0.1 | op=GET_FILE_STATUS {volume=volume72894, bucket=bucket38354, key=testBatchDelete/parent/childFolder/child0, dataSize=0, replicationConfig=null} | ret=FAILURE
org.apache.hadoop.ozone.om.exceptions.OMException: Unable to get file status: volume: volume72894 bucket: bucket38354 key: testBatchDelete/parent/childFolder/child0
	at org.apache.hadoop.ozone.om.KeyManagerImpl.getOzoneFileStatusFSO(KeyManagerImpl.java:1327) ~[ozone-manager-1.4.0-SNAPSHOT.jar:?]
	at org.apache.hadoop.ozone.om.KeyManagerImpl.getFileStatus(KeyManagerImpl.java:1111) ~[ozone-manager-1.4.0-SNAPSHOT.jar:?]
	at org.apache.hadoop.ozone.om.OmMetadataReader.getFileStatus(OmMetadataReader.java:262) ~[ozone-manager-1.4.0-SNAPSHOT.jar:?]
	at org.apache.hadoop.ozone.om.OzoneManager.getFileStatus(OzoneManager.java:3533) ~[ozone-manager-1.4.0-SNAPSHOT.jar:?]
	at org.apache.hadoop.ozone.protocolPB.OzoneManagerRequestHandler.getOzoneFileStatus(OzoneManagerRequestHandler.java:971) ~[ozone-manager-1.4.0-SNAPSHOT.jar:?]
	at org.apache.hadoop.ozone.protocolPB.OzoneManagerRequestHandler.handleReadRequest(OzoneManagerRequestHandler.java:250) ~[ozone-manager-1.4.0-SNAPSHOT.jar:?]
	at org.apache.hadoop.ozone.protocolPB.OzoneManagerProtocolServerSideTranslatorPB.submitReadRequestToOM(OzoneManagerProtocolServerSideTranslatorPB.java:225) ~[ozone-manager-1.4.0-SNAPSHOT.jar:?]
	at org.apache.hadoop.ozone.protocolPB.OzoneManagerProtocolServerSideTranslatorPB.processRequest(OzoneManagerProtocolServerSideTranslatorPB.java:179) ~[ozone-manager-1.4.0-SNAPSHOT.jar:?]
	at org.apache.hadoop.hdds.server.OzoneProtocolMessageDispatcher.processRequest(OzoneProtocolMessageDispatcher.java:87) [hdds-server-framework-1.4.0-SNAPSHOT.jar:?]
	at org.apache.hadoop.ozone.protocolPB.OzoneManagerProtocolServerSideTranslatorPB.submitRequest(OzoneManagerProtocolServerSideTranslatorPB.java:148) [ozone-manager-1.4.0-SNAPSHOT.jar:?]
	at org.apache.hadoop.ozone.protocol.proto.OzoneManagerProtocolProtos$OzoneManagerService$2.callBlockingMethod(OzoneManagerProtocolProtos.java) [ozone-interface-client-1.4.0-SNAPSHOT.jar:?]
	at org.apache.hadoop.ipc.ProtobufRpcEngine$Server.processCall(ProtobufRpcEngine.java:484) [hadoop-common-3.3.6.jar:?]
	at org.apache.hadoop.ipc.ProtobufRpcEngine2$Server$ProtoBufRpcInvoker.call(ProtobufRpcEngine2.java:595) [hadoop-common-3.3.6.jar:?]
	at org.apache.hadoop.ipc.ProtobufRpcEngine2$Server$ProtoBufRpcInvoker.call(ProtobufRpcEngine2.java:573) [hadoop-common-3.3.6.jar:?]
	at org.apache.hadoop.ipc.RPC$Server.call(RPC.java:1227) [hadoop-common-3.3.6.jar:?]
	at org.apache.hadoop.ipc.Server$RpcCall.run(Server.java:1094) [hadoop-common-3.3.6.jar:?]
	at org.apache.hadoop.ipc.Server$RpcCall.run(Server.java:1017) [hadoop-common-3.3.6.jar:?]
	at java.security.AccessController.doPrivileged(Native Method) ~[?:1.8.0_382]
	at javax.security.auth.Subject.doAs(Subject.java:422) [?:1.8.0_382]
	at org.apache.hadoop.security.UserGroupInformation.doAs(UserGroupInformation.java:1899) [hadoop-common-3.3.6.jar:?]
	at org.apache.hadoop.ipc.Server$Handler.run(Server.java:3048) [hadoop-common-3.3.6.jar:?]
17:57:11.876 [IPC Server handler 4 on default port 15004] ERROR OMAudit - user=runner | ip=127.0.0.1 | op=GET_FILE_STATUS {volume=volume72894, bucket=bucket38354, key=testBatchDelete/parent/child1, dataSize=0, replicationConfig=null} | ret=FAILURE
org.apache.hadoop.ozone.om.exceptions.OMException: Unable to get file status: volume: volume72894 bucket: bucket38354 key: testBatchDelete/parent/child1
	at org.apache.hadoop.ozone.om.KeyManagerImpl.getOzoneFileStatusFSO(KeyManagerImpl.java:1327) ~[ozone-manager-1.4.0-SNAPSHOT.jar:?]
	at org.apache.hadoop.ozone.om.KeyManagerImpl.getFileStatus(KeyManagerImpl.java:1111) ~[ozone-manager-1.4.0-SNAPSHOT.jar:?]
	at org.apache.hadoop.ozone.om.OmMetadataReader.getFileStatus(OmMetadataReader.java:262) ~[ozone-manager-1.4.0-SNAPSHOT.jar:?]
	at org.apache.hadoop.ozone.om.OzoneManager.getFileStatus(OzoneManager.java:3533) ~[ozone-manager-1.4.0-SNAPSHOT.jar:?]
	at org.apache.hadoop.ozone.protocolPB.OzoneManagerRequestHandler.getOzoneFileStatus(OzoneManagerRequestHandler.java:971) ~[ozone-manager-1.4.0-SNAPSHOT.jar:?]
	at org.apache.hadoop.ozone.protocolPB.OzoneManagerRequestHandler.handleReadRequest(OzoneManagerRequestHandler.java:250) ~[ozone-manager-1.4.0-SNAPSHOT.jar:?]
	at org.apache.hadoop.ozone.protocolPB.OzoneManagerProtocolServerSideTranslatorPB.submitReadRequestToOM(OzoneManagerProtocolServerSideTranslatorPB.java:225) ~[ozone-manager-1.4.0-SNAPSHOT.jar:?]
	at org.apache.hadoop.ozone.protocolPB.OzoneManagerProtocolServerSideTranslatorPB.processRequest(OzoneManagerProtocolServerSideTranslatorPB.java:179) ~[ozone-manager-1.4.0-SNAPSHOT.jar:?]
	at org.apache.hadoop.hdds.server.OzoneProtocolMessageDispatcher.processRequest(OzoneProtocolMessageDispatcher.java:87) [hdds-server-framework-1.4.0-SNAPSHOT.jar:?]
	at org.apache.hadoop.ozone.protocolPB.OzoneManagerProtocolServerSideTranslatorPB.submitRequest(OzoneManagerProtocolServerSideTranslatorPB.java:148) [ozone-manager-1.4.0-SNAPSHOT.jar:?]
	at org.apache.hadoop.ozone.protocol.proto.OzoneManagerProtocolProtos$OzoneManagerService$2.callBlockingMethod(OzoneManagerProtocolProtos.java) [ozone-interface-client-1.4.0-SNAPSHOT.jar:?]
	at org.apache.hadoop.ipc.ProtobufRpcEngine$Server.processCall(ProtobufRpcEngine.java:484) [hadoop-common-3.3.6.jar:?]
	at org.apache.hadoop.ipc.ProtobufRpcEngine2$Server$ProtoBufRpcInvoker.call(ProtobufRpcEngine2.java:595) [hadoop-common-3.3.6.jar:?]
	at org.apache.hadoop.ipc.ProtobufRpcEngine2$Server$ProtoBufRpcInvoker.call(ProtobufRpcEngine2.java:573) [hadoop-common-3.3.6.jar:?]
	at org.apache.hadoop.ipc.RPC$Server.call(RPC.java:1227) [hadoop-common-3.3.6.jar:?]
	at org.apache.hadoop.ipc.Server$RpcCall.run(Server.java:1094) [hadoop-common-3.3.6.jar:?]
	at org.apache.hadoop.ipc.Server$RpcCall.run(Server.java:1017) [hadoop-common-3.3.6.jar:?]
	at java.security.AccessController.doPrivileged(Native Method) ~[?:1.8.0_382]
	at javax.security.auth.Subject.doAs(Subject.java:422) [?:1.8.0_382]
	at org.apache.hadoop.security.UserGroupInformation.doAs(UserGroupInformation.java:1899) [hadoop-common-3.3.6.jar:?]
	at org.apache.hadoop.ipc.Server$Handler.run(Server.java:3048) [hadoop-common-3.3.6.jar:?]
17:57:11.878 [IPC Server handler 10 on default port 15004] ERROR OMAudit - user=runner | ip=127.0.0.1 | op=GET_FILE_STATUS {volume=volume72894, bucket=bucket38354, key=testBatchDelete/parent/childFolder/child1, dataSize=0, replicationConfig=null} | ret=FAILURE
org.apache.hadoop.ozone.om.exceptions.OMException: Unable to get file status: volume: volume72894 bucket: bucket38354 key: testBatchDelete/parent/childFolder/child1
	at org.apache.hadoop.ozone.om.KeyManagerImpl.getOzoneFileStatusFSO(KeyManagerImpl.java:1327) ~[ozone-manager-1.4.0-SNAPSHOT.jar:?]
	at org.apache.hadoop.ozone.om.KeyManagerImpl.getFileStatus(KeyManagerImpl.java:1111) ~[ozone-manager-1.4.0-SNAPSHOT.jar:?]
	at org.apache.hadoop.ozone.om.OmMetadataReader.getFileStatus(OmMetadataReader.java:262) ~[ozone-manager-1.4.0-SNAPSHOT.jar:?]
	at org.apache.hadoop.ozone.om.OzoneManager.getFileStatus(OzoneManager.java:3533) ~[ozone-manager-1.4.0-SNAPSHOT.jar:?]
	at org.apache.hadoop.ozone.protocolPB.OzoneManagerRequestHandler.getOzoneFileStatus(OzoneManagerRequestHandler.java:971) ~[ozone-manager-1.4.0-SNAPSHOT.jar:?]
	at org.apache.hadoop.ozone.protocolPB.OzoneManagerRequestHandler.handleReadRequest(OzoneManagerRequestHandler.java:250) ~[ozone-manager-1.4.0-SNAPSHOT.jar:?]
	at org.apache.hadoop.ozone.protocolPB.OzoneManagerProtocolServerSideTranslatorPB.submitReadRequestToOM(OzoneManagerProtocolServerSideTranslatorPB.java:225) ~[ozone-manager-1.4.0-SNAPSHOT.jar:?]
	at org.apache.hadoop.ozone.protocolPB.OzoneManagerProtocolServerSideTranslatorPB.processRequest(OzoneManagerProtocolServerSideTranslatorPB.java:179) ~[ozone-manager-1.4.0-SNAPSHOT.jar:?]
	at org.apache.hadoop.hdds.server.OzoneProtocolMessageDispatcher.processRequest(OzoneProtocolMessageDispatcher.java:87) [hdds-server-framework-1.4.0-SNAPSHOT.jar:?]
	at org.apache.hadoop.ozone.protocolPB.OzoneManagerProtocolServerSideTranslatorPB.submitRequest(OzoneManagerProtocolServerSideTranslatorPB.java:148) [ozone-manager-1.4.0-SNAPSHOT.jar:?]
	at org.apache.hadoop.ozone.protocol.proto.OzoneManagerProtocolProtos$OzoneManagerService$2.callBlockingMethod(OzoneManagerProtocolProtos.java) [ozone-interface-client-1.4.0-SNAPSHOT.jar:?]
	at org.apache.hadoop.ipc.ProtobufRpcEngine$Server.processCall(ProtobufRpcEngine.java:484) [hadoop-common-3.3.6.jar:?]
	at org.apache.hadoop.ipc.ProtobufRpcEngine2$Server$ProtoBufRpcInvoker.call(ProtobufRpcEngine2.java:595) [hadoop-common-3.3.6.jar:?]
	at org.apache.hadoop.ipc.ProtobufRpcEngine2$Server$ProtoBufRpcInvoker.call(ProtobufRpcEngine2.java:573) [hadoop-common-3.3.6.jar:?]
	at org.apache.hadoop.ipc.RPC$Server.call(RPC.java:1227) [hadoop-common-3.3.6.jar:?]
	at org.apache.hadoop.ipc.Server$RpcCall.run(Server.java:1094) [hadoop-common-3.3.6.jar:?]
	at org.apache.hadoop.ipc.Server$RpcCall.run(Server.java:1017) [hadoop-common-3.3.6.jar:?]
	at java.security.AccessController.doPrivileged(Native Method) ~[?:1.8.0_382]
	at javax.security.auth.Subject.doAs(Subject.java:422) [?:1.8.0_382]
	at org.apache.hadoop.security.UserGroupInformation.doAs(UserGroupInformation.java:1899) [hadoop-common-3.3.6.jar:?]
	at org.apache.hadoop.ipc.Server$Handler.run(Server.java:3048) [hadoop-common-3.3.6.jar:?]
17:57:11.879 [IPC Server handler 11 on default port 15004] ERROR OMAudit - user=runner | ip=127.0.0.1 | op=GET_FILE_STATUS {volume=volume72894, bucket=bucket38354, key=testBatchDelete/parent/child2, dataSize=0, replicationConfig=null} | ret=FAILURE
org.apache.hadoop.ozone.om.exceptions.OMException: Unable to get file status: volume: volume72894 bucket: bucket38354 key: testBatchDelete/parent/child2
	at org.apache.hadoop.ozone.om.KeyManagerImpl.getOzoneFileStatusFSO(KeyManagerImpl.java:1327) ~[ozone-manager-1.4.0-SNAPSHOT.jar:?]
	at org.apache.hadoop.ozone.om.KeyManagerImpl.getFileStatus(KeyManagerImpl.java:1111) ~[ozone-manager-1.4.0-SNAPSHOT.jar:?]
	at org.apache.hadoop.ozone.om.OmMetadataReader.getFileStatus(OmMetadataReader.java:262) ~[ozone-manager-1.4.0-SNAPSHOT.jar:?]
	at org.apache.hadoop.ozone.om.OzoneManager.getFileStatus(OzoneManager.java:3533) ~[ozone-manager-1.4.0-SNAPSHOT.jar:?]
	at org.apache.hadoop.ozone.protocolPB.OzoneManagerRequestHandler.getOzoneFileStatus(OzoneManagerRequestHandler.java:971) ~[ozone-manager-1.4.0-SNAPSHOT.jar:?]
	at org.apache.hadoop.ozone.protocolPB.OzoneManagerRequestHandler.handleReadRequest(OzoneManagerRequestHandler.java:250) ~[ozone-manager-1.4.0-SNAPSHOT.jar:?]
	at org.apache.hadoop.ozone.protocolPB.OzoneManagerProtocolServerSideTranslatorPB.submitReadRequestToOM(OzoneManagerProtocolServerSideTranslatorPB.java:225) ~[ozone-manager-1.4.0-SNAPSHOT.jar:?]
	at org.apache.hadoop.ozone.protocolPB.OzoneManagerProtocolServerSideTranslatorPB.processRequest(OzoneManagerProtocolServerSideTranslatorPB.java:179) ~[ozone-manager-1.4.0-SNAPSHOT.jar:?]
	at org.apache.hadoop.hdds.server.OzoneProtocolMessageDispatcher.processRequest(OzoneProtocolMessageDispatcher.java:87) [hdds-server-framework-1.4.0-SNAPSHOT.jar:?]
	at org.apache.hadoop.ozone.protocolPB.OzoneManagerProtocolServerSideTranslatorPB.submitRequest(OzoneManagerProtocolServerSideTranslatorPB.java:148) [ozone-manager-1.4.0-SNAPSHOT.jar:?]
	at org.apache.hadoop.ozone.protocol.proto.OzoneManagerProtocolProtos$OzoneManagerService$2.callBlockingMethod(OzoneManagerProtocolProtos.java) [ozone-interface-client-1.4.0-SNAPSHOT.jar:?]
	at org.apache.hadoop.ipc.ProtobufRpcEngine$Server.processCall(ProtobufRpcEngine.java:484) [hadoop-common-3.3.6.jar:?]
	at org.apache.hadoop.ipc.ProtobufRpcEngine2$Server$ProtoBufRpcInvoker.call(ProtobufRpcEngine2.java:595) [hadoop-common-3.3.6.jar:?]
	at org.apache.hadoop.ipc.ProtobufRpcEngine2$Server$ProtoBufRpcInvoker.call(ProtobufRpcEngine2.java:573) [hadoop-common-3.3.6.jar:?]
	at org.apache.hadoop.ipc.RPC$Server.call(RPC.java:1227) [hadoop-common-3.3.6.jar:?]
	at org.apache.hadoop.ipc.Server$RpcCall.run(Server.java:1094) [hadoop-common-3.3.6.jar:?]
	at org.apache.hadoop.ipc.Server$RpcCall.run(Server.java:1017) [hadoop-common-3.3.6.jar:?]
	at java.security.AccessController.doPrivileged(Native Method) ~[?:1.8.0_382]
	at javax.security.auth.Subject.doAs(Subject.java:422) [?:1.8.0_382]
	at org.apache.hadoop.security.UserGroupInformation.doAs(UserGroupInformation.java:1899) [hadoop-common-3.3.6.jar:?]
	at org.apache.hadoop.ipc.Server$Handler.run(Server.java:3048) [hadoop-common-3.3.6.jar:?]
17:57:11.884 [IPC Server handler 12 on default port 15004] ERROR OMAudit - user=runner | ip=127.0.0.1 | op=GET_FILE_STATUS {volume=volume72894, bucket=bucket38354, key=testBatchDelete/parent/childFolder/child2, dataSize=0, replicationConfig=null} | ret=FAILURE
org.apache.hadoop.ozone.om.exceptions.OMException: Unable to get file status: volume: volume72894 bucket: bucket38354 key: testBatchDelete/parent/childFolder/child2
	at org.apache.hadoop.ozone.om.KeyManagerImpl.getOzoneFileStatusFSO(KeyManagerImpl.java:1327) ~[ozone-manager-1.4.0-SNAPSHOT.jar:?]
	at org.apache.hadoop.ozone.om.KeyManagerImpl.getFileStatus(KeyManagerImpl.java:1111) ~[ozone-manager-1.4.0-SNAPSHOT.jar:?]
	at org.apache.hadoop.ozone.om.OmMetadataReader.getFileStatus(OmMetadataReader.java:262) ~[ozone-manager-1.4.0-SNAPSHOT.jar:?]
	at org.apache.hadoop.ozone.om.OzoneManager.getFileStatus(OzoneManager.java:3533) ~[ozone-manager-1.4.0-SNAPSHOT.jar:?]
	at org.apache.hadoop.ozone.protocolPB.OzoneManagerRequestHandler.getOzoneFileStatus(OzoneManagerRequestHandler.java:971) ~[ozone-manager-1.4.0-SNAPSHOT.jar:?]
	at org.apache.hadoop.ozone.protocolPB.OzoneManagerRequestHandler.handleReadRequest(OzoneManagerRequestHandler.java:250) ~[ozone-manager-1.4.0-SNAPSHOT.jar:?]
	at org.apache.hadoop.ozone.protocolPB.OzoneManagerProtocolServerSideTranslatorPB.submitReadRequestToOM(OzoneManagerProtocolServerSideTranslatorPB.java:225) ~[ozone-manager-1.4.0-SNAPSHOT.jar:?]
	at org.apache.hadoop.ozone.protocolPB.OzoneManagerProtocolServerSideTranslatorPB.processRequest(OzoneManagerProtocolServerSideTranslatorPB.java:179) ~[ozone-manager-1.4.0-SNAPSHOT.jar:?]
	at org.apache.hadoop.hdds.server.OzoneProtocolMessageDispatcher.processRequest(OzoneProtocolMessageDispatcher.java:87) [hdds-server-framework-1.4.0-SNAPSHOT.jar:?]
	at org.apache.hadoop.ozone.protocolPB.OzoneManagerProtocolServerSideTranslatorPB.submitRequest(OzoneManagerProtocolServerSideTranslatorPB.java:148) [ozone-manager-1.4.0-SNAPSHOT.jar:?]
	at org.apache.hadoop.ozone.protocol.proto.OzoneManagerProtocolProtos$OzoneManagerService$2.callBlockingMethod(OzoneManagerProtocolProtos.java) [ozone-interface-client-1.4.0-SNAPSHOT.jar:?]
	at org.apache.hadoop.ipc.ProtobufRpcEngine$Server.processCall(ProtobufRpcEngine.java:484) [hadoop-common-3.3.6.jar:?]
	at org.apache.hadoop.ipc.ProtobufRpcEngine2$Server$ProtoBufRpcInvoker.call(ProtobufRpcEngine2.java:595) [hadoop-common-3.3.6.jar:?]
	at org.apache.hadoop.ipc.ProtobufRpcEngine2$Server$ProtoBufRpcInvoker.call(ProtobufRpcEngine2.java:573) [hadoop-common-3.3.6.jar:?]
	at org.apache.hadoop.ipc.RPC$Server.call(RPC.java:1227) [hadoop-common-3.3.6.jar:?]
	at org.apache.hadoop.ipc.Server$RpcCall.run(Server.java:1094) [hadoop-common-3.3.6.jar:?]
	at org.apache.hadoop.ipc.Server$RpcCall.run(Server.java:1017) [hadoop-common-3.3.6.jar:?]
	at java.security.AccessController.doPrivileged(Native Method) ~[?:1.8.0_382]
	at javax.security.auth.Subject.doAs(Subject.java:422) [?:1.8.0_382]
	at org.apache.hadoop.security.UserGroupInformation.doAs(UserGroupInformation.java:1899) [hadoop-common-3.3.6.jar:?]
	at org.apache.hadoop.ipc.Server$Handler.run(Server.java:3048) [hadoop-common-3.3.6.jar:?]
17:57:11.885 [IPC Server handler 19 on default port 15004] ERROR OMAudit - user=runner | ip=127.0.0.1 | op=GET_FILE_STATUS {volume=volume72894, bucket=bucket38354, key=testBatchDelete/parent/child3, dataSize=0, replicationConfig=null} | ret=FAILURE
org.apache.hadoop.ozone.om.exceptions.OMException: Unable to get file status: volume: volume72894 bucket: bucket38354 key: testBatchDelete/parent/child3
	at org.apache.hadoop.ozone.om.KeyManagerImpl.getOzoneFileStatusFSO(KeyManagerImpl.java:1327) ~[ozone-manager-1.4.0-SNAPSHOT.jar:?]
	at org.apache.hadoop.ozone.om.KeyManagerImpl.getFileStatus(KeyManagerImpl.java:1111) ~[ozone-manager-1.4.0-SNAPSHOT.jar:?]
	at org.apache.hadoop.ozone.om.OmMetadataReader.getFileStatus(OmMetadataReader.java:262) ~[ozone-manager-1.4.0-SNAPSHOT.jar:?]
	at org.apache.hadoop.ozone.om.OzoneManager.getFileStatus(OzoneManager.java:3533) ~[ozone-manager-1.4.0-SNAPSHOT.jar:?]
	at org.apache.hadoop.ozone.protocolPB.OzoneManagerRequestHandler.getOzoneFileStatus(OzoneManagerRequestHandler.java:971) ~[ozone-manager-1.4.0-SNAPSHOT.jar:?]
	at org.apache.hadoop.ozone.protocolPB.OzoneManagerRequestHandler.handleReadRequest(OzoneManagerRequestHandler.java:250) ~[ozone-manager-1.4.0-SNAPSHOT.jar:?]
	at org.apache.hadoop.ozone.protocolPB.OzoneManagerProtocolServerSideTranslatorPB.submitReadRequestToOM(OzoneManagerProtocolServerSideTranslatorPB.java:225) ~[ozone-manager-1.4.0-SNAPSHOT.jar:?]
	at org.apache.hadoop.ozone.protocolPB.OzoneManagerProtocolServerSideTranslatorPB.processRequest(OzoneManagerProtocolServerSideTranslatorPB.java:179) ~[ozone-manager-1.4.0-SNAPSHOT.jar:?]
	at org.apache.hadoop.hdds.server.OzoneProtocolMessageDispatcher.processRequest(OzoneProtocolMessageDispatcher.java:87) [hdds-server-framework-1.4.0-SNAPSHOT.jar:?]
	at org.apache.hadoop.ozone.protocolPB.OzoneManagerProtocolServerSideTranslatorPB.submitRequest(OzoneManagerProtocolServerSideTranslatorPB.java:148) [ozone-manager-1.4.0-SNAPSHOT.jar:?]
	at org.apache.hadoop.ozone.protocol.proto.OzoneManagerProtocolProtos$OzoneManagerService$2.callBlockingMethod(OzoneManagerProtocolProtos.java) [ozone-interface-client-1.4.0-SNAPSHOT.jar:?]
	at org.apache.hadoop.ipc.ProtobufRpcEngine$Server.processCall(ProtobufRpcEngine.java:484) [hadoop-common-3.3.6.jar:?]
	at org.apache.hadoop.ipc.ProtobufRpcEngine2$Server$ProtoBufRpcInvoker.call(ProtobufRpcEngine2.java:595) [hadoop-common-3.3.6.jar:?]
	at org.apache.hadoop.ipc.ProtobufRpcEngine2$Server$ProtoBufRpcInvoker.call(ProtobufRpcEngine2.java:573) [hadoop-common-3.3.6.jar:?]
	at org.apache.hadoop.ipc.RPC$Server.call(RPC.java:1227) [hadoop-common-3.3.6.jar:?]
	at org.apache.hadoop.ipc.Server$RpcCall.run(Server.java:1094) [hadoop-common-3.3.6.jar:?]
	at org.apache.hadoop.ipc.Server$RpcCall.run(Server.java:1017) [hadoop-common-3.3.6.jar:?]
	at java.security.AccessController.doPrivileged(Native Method) ~[?:1.8.0_382]
	at javax.security.auth.Subject.doAs(Subject.java:422) [?:1.8.0_382]
	at org.apache.hadoop.security.UserGroupInformation.doAs(UserGroupInformation.java:1899) [hadoop-common-3.3.6.jar:?]
	at org.apache.hadoop.ipc.Server$Handler.run(Server.java:3048) [hadoop-common-3.3.6.jar:?]
17:57:11.887 [IPC Server handler 18 on default port 15004] ERROR OMAudit - user=runner | ip=127.0.0.1 | op=GET_FILE_STATUS {volume=volume72894, bucket=bucket38354, key=testBatchDelete/parent/childFolder/child3, dataSize=0, replicationConfig=null} | ret=FAILURE
org.apache.hadoop.ozone.om.exceptions.OMException: Unable to get file status: volume: volume72894 bucket: bucket38354 key: testBatchDelete/parent/childFolder/child3
	at org.apache.hadoop.ozone.om.KeyManagerImpl.getOzoneFileStatusFSO(KeyManagerImpl.java:1327) ~[ozone-manager-1.4.0-SNAPSHOT.jar:?]
	at org.apache.hadoop.ozone.om.KeyManagerImpl.getFileStatus(KeyManagerImpl.java:1111) ~[ozone-manager-1.4.0-SNAPSHOT.jar:?]
	at org.apache.hadoop.ozone.om.OmMetadataReader.getFileStatus(OmMetadataReader.java:262) ~[ozone-manager-1.4.0-SNAPSHOT.jar:?]
	at org.apache.hadoop.ozone.om.OzoneManager.getFileStatus(OzoneManager.java:3533) ~[ozone-manager-1.4.0-SNAPSHOT.jar:?]
	at org.apache.hadoop.ozone.protocolPB.OzoneManagerRequestHandler.getOzoneFileStatus(OzoneManagerRequestHandler.java:971) ~[ozone-manager-1.4.0-SNAPSHOT.jar:?]
	at org.apache.hadoop.ozone.protocolPB.OzoneManagerRequestHandler.handleReadRequest(OzoneManagerRequestHandler.java:250) ~[ozone-manager-1.4.0-SNAPSHOT.jar:?]
	at org.apache.hadoop.ozone.protocolPB.OzoneManagerProtocolServerSideTranslatorPB.submitReadRequestToOM(OzoneManagerProtocolServerSideTranslatorPB.java:225) ~[ozone-manager-1.4.0-SNAPSHOT.jar:?]
	at org.apache.hadoop.ozone.protocolPB.OzoneManagerProtocolServerSideTranslatorPB.processRequest(OzoneManagerProtocolServerSideTranslatorPB.java:179) ~[ozone-manager-1.4.0-SNAPSHOT.jar:?]
	at org.apache.hadoop.hdds.server.OzoneProtocolMessageDispatcher.processRequest(OzoneProtocolMessageDispatcher.java:87) [hdds-server-framework-1.4.0-SNAPSHOT.jar:?]
	at org.apache.hadoop.ozone.protocolPB.OzoneManagerProtocolServerSideTranslatorPB.submitRequest(OzoneManagerProtocolServerSideTranslatorPB.java:148) [ozone-manager-1.4.0-SNAPSHOT.jar:?]
	at org.apache.hadoop.ozone.protocol.proto.OzoneManagerProtocolProtos$OzoneManagerService$2.callBlockingMethod(OzoneManagerProtocolProtos.java) [ozone-interface-client-1.4.0-SNAPSHOT.jar:?]
	at org.apache.hadoop.ipc.ProtobufRpcEngine$Server.processCall(ProtobufRpcEngine.java:484) [hadoop-common-3.3.6.jar:?]
	at org.apache.hadoop.ipc.ProtobufRpcEngine2$Server$ProtoBufRpcInvoker.call(ProtobufRpcEngine2.java:595) [hadoop-common-3.3.6.jar:?]
	at org.apache.hadoop.ipc.ProtobufRpcEngine2$Server$ProtoBufRpcInvoker.call(ProtobufRpcEngine2.java:573) [hadoop-common-3.3.6.jar:?]
	at org.apache.hadoop.ipc.RPC$Server.call(RPC.java:1227) [hadoop-common-3.3.6.jar:?]
	at org.apache.hadoop.ipc.Server$RpcCall.run(Server.java:1094) [hadoop-common-3.3.6.jar:?]
	at org.apache.hadoop.ipc.Server$RpcCall.run(Server.java:1017) [hadoop-common-3.3.6.jar:?]
	at java.security.AccessController.doPrivileged(Native Method) ~[?:1.8.0_382]
	at javax.security.auth.Subject.doAs(Subject.java:422) [?:1.8.0_382]
	at org.apache.hadoop.security.UserGroupInformation.doAs(UserGroupInformation.java:1899) [hadoop-common-3.3.6.jar:?]
	at org.apache.hadoop.ipc.Server$Handler.run(Server.java:3048) [hadoop-common-3.3.6.jar:?]
17:57:11.889 [IPC Server handler 5 on default port 15004] ERROR OMAudit - user=runner | ip=127.0.0.1 | op=GET_FILE_STATUS {volume=volume72894, bucket=bucket38354, key=testBatchDelete/parent/child4, dataSize=0, replicationConfig=null} | ret=FAILURE
org.apache.hadoop.ozone.om.exceptions.OMException: Unable to get file status: volume: volume72894 bucket: bucket38354 key: testBatchDelete/parent/child4
	at org.apache.hadoop.ozone.om.KeyManagerImpl.getOzoneFileStatusFSO(KeyManagerImpl.java:1327) ~[ozone-manager-1.4.0-SNAPSHOT.jar:?]
	at org.apache.hadoop.ozone.om.KeyManagerImpl.getFileStatus(KeyManagerImpl.java:1111) ~[ozone-manager-1.4.0-SNAPSHOT.jar:?]
	at org.apache.hadoop.ozone.om.OmMetadataReader.getFileStatus(OmMetadataReader.java:262) ~[ozone-manager-1.4.0-SNAPSHOT.jar:?]
	at org.apache.hadoop.ozone.om.OzoneManager.getFileStatus(OzoneManager.java:3533) ~[ozone-manager-1.4.0-SNAPSHOT.jar:?]
	at org.apache.hadoop.ozone.protocolPB.OzoneManagerRequestHandler.getOzoneFileStatus(OzoneManagerRequestHandler.java:971) ~[ozone-manager-1.4.0-SNAPSHOT.jar:?]
	at org.apache.hadoop.ozone.protocolPB.OzoneManagerRequestHandler.handleReadRequest(OzoneManagerRequestHandler.java:250) ~[ozone-manager-1.4.0-SNAPSHOT.jar:?]
	at org.apache.hadoop.ozone.protocolPB.OzoneManagerProtocolServerSideTranslatorPB.submitReadRequestToOM(OzoneManagerProtocolServerSideTranslatorPB.java:225) ~[ozone-manager-1.4.0-SNAPSHOT.jar:?]
	at org.apache.hadoop.ozone.protocolPB.OzoneManagerProtocolServerSideTranslatorPB.processRequest(OzoneManagerProtocolServerSideTranslatorPB.java:179) ~[ozone-manager-1.4.0-SNAPSHOT.jar:?]
	at org.apache.hadoop.hdds.server.OzoneProtocolMessageDispatcher.processRequest(OzoneProtocolMessageDispatcher.java:87) [hdds-server-framework-1.4.0-SNAPSHOT.jar:?]
	at org.apache.hadoop.ozone.protocolPB.OzoneManagerProtocolServerSideTranslatorPB.submitRequest(OzoneManagerProtocolServerSideTranslatorPB.java:148) [ozone-manager-1.4.0-SNAPSHOT.jar:?]
	at org.apache.hadoop.ozone.protocol.proto.OzoneManagerProtocolProtos$OzoneManagerService$2.callBlockingMethod(OzoneManagerProtocolProtos.java) [ozone-interface-client-1.4.0-SNAPSHOT.jar:?]
	at org.apache.hadoop.ipc.ProtobufRpcEngine$Server.processCall(ProtobufRpcEngine.java:484) [hadoop-common-3.3.6.jar:?]
	at org.apache.hadoop.ipc.ProtobufRpcEngine2$Server$ProtoBufRpcInvoker.call(ProtobufRpcEngine2.java:595) [hadoop-common-3.3.6.jar:?]
	at org.apache.hadoop.ipc.ProtobufRpcEngine2$Server$ProtoBufRpcInvoker.call(ProtobufRpcEngine2.java:573) [hadoop-common-3.3.6.jar:?]
	at org.apache.hadoop.ipc.RPC$Server.call(RPC.java:1227) [hadoop-common-3.3.6.jar:?]
	at org.apache.hadoop.ipc.Server$RpcCall.run(Server.java:1094) [hadoop-common-3.3.6.jar:?]
	at org.apache.hadoop.ipc.Server$RpcCall.run(Server.java:1017) [hadoop-common-3.3.6.jar:?]
	at java.security.AccessController.doPrivileged(Native Method) ~[?:1.8.0_382]
	at javax.security.auth.Subject.doAs(Subject.java:422) [?:1.8.0_382]
	at org.apache.hadoop.security.UserGroupInformation.doAs(UserGroupInformation.java:1899) [hadoop-common-3.3.6.jar:?]
	at org.apache.hadoop.ipc.Server$Handler.run(Server.java:3048) [hadoop-common-3.3.6.jar:?]
17:57:11.890 [IPC Server handler 13 on default port 15004] ERROR OMAudit - user=runner | ip=127.0.0.1 | op=GET_FILE_STATUS {volume=volume72894, bucket=bucket38354, key=testBatchDelete/parent/childFolder/child4, dataSize=0, replicationConfig=null} | ret=FAILURE
org.apache.hadoop.ozone.om.exceptions.OMException: Unable to get file status: volume: volume72894 bucket: bucket38354 key: testBatchDelete/parent/childFolder/child4
	at org.apache.hadoop.ozone.om.KeyManagerImpl.getOzoneFileStatusFSO(KeyManagerImpl.java:1327) ~[ozone-manager-1.4.0-SNAPSHOT.jar:?]
	at org.apache.hadoop.ozone.om.KeyManagerImpl.getFileStatus(KeyManagerImpl.java:1111) ~[ozone-manager-1.4.0-SNAPSHOT.jar:?]
	at org.apache.hadoop.ozone.om.OmMetadataReader.getFileStatus(OmMetadataReader.java:262) ~[ozone-manager-1.4.0-SNAPSHOT.jar:?]
	at org.apache.hadoop.ozone.om.OzoneManager.getFileStatus(OzoneManager.java:3533) ~[ozone-manager-1.4.0-SNAPSHOT.jar:?]
	at org.apache.hadoop.ozone.protocolPB.OzoneManagerRequestHandler.getOzoneFileStatus(OzoneManagerRequestHandler.java:971) ~[ozone-manager-1.4.0-SNAPSHOT.jar:?]
	at org.apache.hadoop.ozone.protocolPB.OzoneManagerRequestHandler.handleReadRequest(OzoneManagerRequestHandler.java:250) ~[ozone-manager-1.4.0-SNAPSHOT.jar:?]
	at org.apache.hadoop.ozone.protocolPB.OzoneManagerProtocolServerSideTranslatorPB.submitReadRequestToOM(OzoneManagerProtocolServerSideTranslatorPB.java:225) ~[ozone-manager-1.4.0-SNAPSHOT.jar:?]
	at org.apache.hadoop.ozone.protocolPB.OzoneManagerProtocolServerSideTranslatorPB.processRequest(OzoneManagerProtocolServerSideTranslatorPB.java:179) ~[ozone-manager-1.4.0-SNAPSHOT.jar:?]
	at org.apache.hadoop.hdds.server.OzoneProtocolMessageDispatcher.processRequest(OzoneProtocolMessageDispatcher.java:87) [hdds-server-framework-1.4.0-SNAPSHOT.jar:?]
	at org.apache.hadoop.ozone.protocolPB.OzoneManagerProtocolServerSideTranslatorPB.submitRequest(OzoneManagerProtocolServerSideTranslatorPB.java:148) [ozone-manager-1.4.0-SNAPSHOT.jar:?]
	at org.apache.hadoop.ozone.protocol.proto.OzoneManagerProtocolProtos$OzoneManagerService$2.callBlockingMethod(OzoneManagerProtocolProtos.java) [ozone-interface-client-1.4.0-SNAPSHOT.jar:?]
	at org.apache.hadoop.ipc.ProtobufRpcEngine$Server.processCall(ProtobufRpcEngine.java:484) [hadoop-common-3.3.6.jar:?]
	at org.apache.hadoop.ipc.ProtobufRpcEngine2$Server$ProtoBufRpcInvoker.call(ProtobufRpcEngine2.java:595) [hadoop-common-3.3.6.jar:?]
	at org.apache.hadoop.ipc.ProtobufRpcEngine2$Server$ProtoBufRpcInvoker.call(ProtobufRpcEngine2.java:573) [hadoop-common-3.3.6.jar:?]
	at org.apache.hadoop.ipc.RPC$Server.call(RPC.java:1227) [hadoop-common-3.3.6.jar:?]
	at org.apache.hadoop.ipc.Server$RpcCall.run(Server.java:1094) [hadoop-common-3.3.6.jar:?]
	at org.apache.hadoop.ipc.Server$RpcCall.run(Server.java:1017) [hadoop-common-3.3.6.jar:?]
	at java.security.AccessController.doPrivileged(Native Method) ~[?:1.8.0_382]
	at javax.security.auth.Subject.doAs(Subject.java:422) [?:1.8.0_382]
	at org.apache.hadoop.security.UserGroupInformation.doAs(UserGroupInformation.java:1899) [hadoop-common-3.3.6.jar:?]
	at org.apache.hadoop.ipc.Server$Handler.run(Server.java:3048) [hadoop-common-3.3.6.jar:?]
17:57:11.892 [IPC Server handler 2 on default port 15004] ERROR OMAudit - user=runner | ip=127.0.0.1 | op=GET_FILE_STATUS {volume=volume72894, bucket=bucket38354, key=testBatchDelete/parent/child5, dataSize=0, replicationConfig=null} | ret=FAILURE
org.apache.hadoop.ozone.om.exceptions.OMException: Unable to get file status: volume: volume72894 bucket: bucket38354 key: testBatchDelete/parent/child5
	at org.apache.hadoop.ozone.om.KeyManagerImpl.getOzoneFileStatusFSO(KeyManagerImpl.java:1327) ~[ozone-manager-1.4.0-SNAPSHOT.jar:?]
	at org.apache.hadoop.ozone.om.KeyManagerImpl.getFileStatus(KeyManagerImpl.java:1111) ~[ozone-manager-1.4.0-SNAPSHOT.jar:?]
	at org.apache.hadoop.ozone.om.OmMetadataReader.getFileStatus(OmMetadataReader.java:262) ~[ozone-manager-1.4.0-SNAPSHOT.jar:?]
	at org.apache.hadoop.ozone.om.OzoneManager.getFileStatus(OzoneManager.java:3533) ~[ozone-manager-1.4.0-SNAPSHOT.jar:?]
	at org.apache.hadoop.ozone.protocolPB.OzoneManagerRequestHandler.getOzoneFileStatus(OzoneManagerRequestHandler.java:971) ~[ozone-manager-1.4.0-SNAPSHOT.jar:?]
	at org.apache.hadoop.ozone.protocolPB.OzoneManagerRequestHandler.handleReadRequest(OzoneManagerRequestHandler.java:250) ~[ozone-manager-1.4.0-SNAPSHOT.jar:?]
	at org.apache.hadoop.ozone.protocolPB.OzoneManagerProtocolServerSideTranslatorPB.submitReadRequestToOM(OzoneManagerProtocolServerSideTranslatorPB.java:225) ~[ozone-manager-1.4.0-SNAPSHOT.jar:?]
	at org.apache.hadoop.ozone.protocolPB.OzoneManagerProtocolServerSideTranslatorPB.processRequest(OzoneManagerProtocolServerSideTranslatorPB.java:179) ~[ozone-manager-1.4.0-SNAPSHOT.jar:?]
	at org.apache.hadoop.hdds.server.OzoneProtocolMessageDispatcher.processRequest(OzoneProtocolMessageDispatcher.java:87) [hdds-server-framework-1.4.0-SNAPSHOT.jar:?]
	at org.apache.hadoop.ozone.protocolPB.OzoneManagerProtocolServerSideTranslatorPB.submitRequest(OzoneManagerProtocolServerSideTranslatorPB.java:148) [ozone-manager-1.4.0-SNAPSHOT.jar:?]
	at org.apache.hadoop.ozone.protocol.proto.OzoneManagerProtocolProtos$OzoneManagerService$2.callBlockingMethod(OzoneManagerProtocolProtos.java) [ozone-interface-client-1.4.0-SNAPSHOT.jar:?]
	at org.apache.hadoop.ipc.ProtobufRpcEngine$Server.processCall(ProtobufRpcEngine.java:484) [hadoop-common-3.3.6.jar:?]
	at org.apache.hadoop.ipc.ProtobufRpcEngine2$Server$ProtoBufRpcInvoker.call(ProtobufRpcEngine2.java:595) [hadoop-common-3.3.6.jar:?]
	at org.apache.hadoop.ipc.ProtobufRpcEngine2$Server$ProtoBufRpcInvoker.call(ProtobufRpcEngine2.java:573) [hadoop-common-3.3.6.jar:?]
	at org.apache.hadoop.ipc.RPC$Server.call(RPC.java:1227) [hadoop-common-3.3.6.jar:?]
	at org.apache.hadoop.ipc.Server$RpcCall.run(Server.java:1094) [hadoop-common-3.3.6.jar:?]
	at org.apache.hadoop.ipc.Server$RpcCall.run(Server.java:1017) [hadoop-common-3.3.6.jar:?]
	at java.security.AccessController.doPrivileged(Native Method) ~[?:1.8.0_382]
	at javax.security.auth.Subject.doAs(Subject.java:422) [?:1.8.0_382]
	at org.apache.hadoop.security.UserGroupInformation.doAs(UserGroupInformation.java:1899) [hadoop-common-3.3.6.jar:?]
	at org.apache.hadoop.ipc.Server$Handler.run(Server.java:3048) [hadoop-common-3.3.6.jar:?]
17:57:11.894 [IPC Server handler 7 on default port 15004] ERROR OMAudit - user=runner | ip=127.0.0.1 | op=GET_FILE_STATUS {volume=volume72894, bucket=bucket38354, key=testBatchDelete/parent/childFolder/child5, dataSize=0, replicationConfig=null} | ret=FAILURE
org.apache.hadoop.ozone.om.exceptions.OMException: Unable to get file status: volume: volume72894 bucket: bucket38354 key: testBatchDelete/parent/childFolder/child5
	at org.apache.hadoop.ozone.om.KeyManagerImpl.getOzoneFileStatusFSO(KeyManagerImpl.java:1327) ~[ozone-manager-1.4.0-SNAPSHOT.jar:?]
	at org.apache.hadoop.ozone.om.KeyManagerImpl.getFileStatus(KeyManagerImpl.java:1111) ~[ozone-manager-1.4.0-SNAPSHOT.jar:?]
	at org.apache.hadoop.ozone.om.OmMetadataReader.getFileStatus(OmMetadataReader.java:262) ~[ozone-manager-1.4.0-SNAPSHOT.jar:?]
	at org.apache.hadoop.ozone.om.OzoneManager.getFileStatus(OzoneManager.java:3533) ~[ozone-manager-1.4.0-SNAPSHOT.jar:?]
	at org.apache.hadoop.ozone.protocolPB.OzoneManagerRequestHandler.getOzoneFileStatus(OzoneManagerRequestHandler.java:971) ~[ozone-manager-1.4.0-SNAPSHOT.jar:?]
	at org.apache.hadoop.ozone.protocolPB.OzoneManagerRequestHandler.handleReadRequest(OzoneManagerRequestHandler.java:250) ~[ozone-manager-1.4.0-SNAPSHOT.jar:?]
	at org.apache.hadoop.ozone.protocolPB.OzoneManagerProtocolServerSideTranslatorPB.submitReadRequestToOM(OzoneManagerProtocolServerSideTranslatorPB.java:225) ~[ozone-manager-1.4.0-SNAPSHOT.jar:?]
	at org.apache.hadoop.ozone.protocolPB.OzoneManagerProtocolServerSideTranslatorPB.processRequest(OzoneManagerProtocolServerSideTranslatorPB.java:179) ~[ozone-manager-1.4.0-SNAPSHOT.jar:?]
	at org.apache.hadoop.hdds.server.OzoneProtocolMessageDispatcher.processRequest(OzoneProtocolMessageDispatcher.java:87) [hdds-server-framework-1.4.0-SNAPSHOT.jar:?]
	at org.apache.hadoop.ozone.protocolPB.OzoneManagerProtocolServerSideTranslatorPB.submitRequest(OzoneManagerProtocolServerSideTranslatorPB.java:148) [ozone-manager-1.4.0-SNAPSHOT.jar:?]
	at org.apache.hadoop.ozone.protocol.proto.OzoneManagerProtocolProtos$OzoneManagerService$2.callBlockingMethod(OzoneManagerProtocolProtos.java) [ozone-interface-client-1.4.0-SNAPSHOT.jar:?]
	at org.apache.hadoop.ipc.ProtobufRpcEngine$Server.processCall(ProtobufRpcEngine.java:484) [hadoop-common-3.3.6.jar:?]
	at org.apache.hadoop.ipc.ProtobufRpcEngine2$Server$ProtoBufRpcInvoker.call(ProtobufRpcEngine2.java:595) [hadoop-common-3.3.6.jar:?]
	at org.apache.hadoop.ipc.ProtobufRpcEngine2$Server$ProtoBufRpcInvoker.call(ProtobufRpcEngine2.java:573) [hadoop-common-3.3.6.jar:?]
	at org.apache.hadoop.ipc.RPC$Server.call(RPC.java:1227) [hadoop-common-3.3.6.jar:?]
	at org.apache.hadoop.ipc.Server$RpcCall.run(Server.java:1094) [hadoop-common-3.3.6.jar:?]
	at org.apache.hadoop.ipc.Server$RpcCall.run(Server.java:1017) [hadoop-common-3.3.6.jar:?]
	at java.security.AccessController.doPrivileged(Native Method) ~[?:1.8.0_382]
	at javax.security.auth.Subject.doAs(Subject.java:422) [?:1.8.0_382]
	at org.apache.hadoop.security.UserGroupInformation.doAs(UserGroupInformation.java:1899) [hadoop-common-3.3.6.jar:?]
	at org.apache.hadoop.ipc.Server$Handler.run(Server.java:3048) [hadoop-common-3.3.6.jar:?]
17:57:11.896 [IPC Server handler 4 on default port 15004] ERROR OMAudit - user=runner | ip=127.0.0.1 | op=GET_FILE_STATUS {volume=volume72894, bucket=bucket38354, key=testBatchDelete/parent/child6, dataSize=0, replicationConfig=null} | ret=FAILURE
org.apache.hadoop.ozone.om.exceptions.OMException: Unable to get file status: volume: volume72894 bucket: bucket38354 key: testBatchDelete/parent/child6
	at org.apache.hadoop.ozone.om.KeyManagerImpl.getOzoneFileStatusFSO(KeyManagerImpl.java:1327) ~[ozone-manager-1.4.0-SNAPSHOT.jar:?]
	at org.apache.hadoop.ozone.om.KeyManagerImpl.getFileStatus(KeyManagerImpl.java:1111) ~[ozone-manager-1.4.0-SNAPSHOT.jar:?]
	at org.apache.hadoop.ozone.om.OmMetadataReader.getFileStatus(OmMetadataReader.java:262) ~[ozone-manager-1.4.0-SNAPSHOT.jar:?]
	at org.apache.hadoop.ozone.om.OzoneManager.getFileStatus(OzoneManager.java:3533) ~[ozone-manager-1.4.0-SNAPSHOT.jar:?]
	at org.apache.hadoop.ozone.protocolPB.OzoneManagerRequestHandler.getOzoneFileStatus(OzoneManagerRequestHandler.java:971) ~[ozone-manager-1.4.0-SNAPSHOT.jar:?]
	at org.apache.hadoop.ozone.protocolPB.OzoneManagerRequestHandler.handleReadRequest(OzoneManagerRequestHandler.java:250) ~[ozone-manager-1.4.0-SNAPSHOT.jar:?]
	at org.apache.hadoop.ozone.protocolPB.OzoneManagerProtocolServerSideTranslatorPB.submitReadRequestToOM(OzoneManagerProtocolServerSideTranslatorPB.java:225) ~[ozone-manager-1.4.0-SNAPSHOT.jar:?]
	at org.apache.hadoop.ozone.protocolPB.OzoneManagerProtocolServerSideTranslatorPB.processRequest(OzoneManagerProtocolServerSideTranslatorPB.java:179) ~[ozone-manager-1.4.0-SNAPSHOT.jar:?]
	at org.apache.hadoop.hdds.server.OzoneProtocolMessageDispatcher.processRequest(OzoneProtocolMessageDispatcher.java:87) [hdds-server-framework-1.4.0-SNAPSHOT.jar:?]
	at org.apache.hadoop.ozone.protocolPB.OzoneManagerProtocolServerSideTranslatorPB.submitRequest(OzoneManagerProtocolServerSideTranslatorPB.java:148) [ozone-manager-1.4.0-SNAPSHOT.jar:?]
	at org.apache.hadoop.ozone.protocol.proto.OzoneManagerProtocolProtos$OzoneManagerService$2.callBlockingMethod(OzoneManagerProtocolProtos.java) [ozone-interface-client-1.4.0-SNAPSHOT.jar:?]
	at org.apache.hadoop.ipc.ProtobufRpcEngine$Server.processCall(ProtobufRpcEngine.java:484) [hadoop-common-3.3.6.jar:?]
	at org.apache.hadoop.ipc.ProtobufRpcEngine2$Server$ProtoBufRpcInvoker.call(ProtobufRpcEngine2.java:595) [hadoop-common-3.3.6.jar:?]
	at org.apache.hadoop.ipc.ProtobufRpcEngine2$Server$ProtoBufRpcInvoker.call(ProtobufRpcEngine2.java:573) [hadoop-common-3.3.6.jar:?]
	at org.apache.hadoop.ipc.RPC$Server.call(RPC.java:1227) [hadoop-common-3.3.6.jar:?]
	at org.apache.hadoop.ipc.Server$RpcCall.run(Server.java:1094) [hadoop-common-3.3.6.jar:?]
	at org.apache.hadoop.ipc.Server$RpcCall.run(Server.java:1017) [hadoop-common-3.3.6.jar:?]
	at java.security.AccessController.doPrivileged(Native Method) ~[?:1.8.0_382]
	at javax.security.auth.Subject.doAs(Subject.java:422) [?:1.8.0_382]
	at org.apache.hadoop.security.UserGroupInformation.doAs(UserGroupInformation.java:1899) [hadoop-common-3.3.6.jar:?]
	at org.apache.hadoop.ipc.Server$Handler.run(Server.java:3048) [hadoop-common-3.3.6.jar:?]
17:57:11.902 [IPC Server handler 10 on default port 15004] ERROR OMAudit - user=runner | ip=127.0.0.1 | op=GET_FILE_STATUS {volume=volume72894, bucket=bucket38354, key=testBatchDelete/parent/childFolder/child6, dataSize=0, replicationConfig=null} | ret=FAILURE
org.apache.hadoop.ozone.om.exceptions.OMException: Unable to get file status: volume: volume72894 bucket: bucket38354 key: testBatchDelete/parent/childFolder/child6
	at org.apache.hadoop.ozone.om.KeyManagerImpl.getOzoneFileStatusFSO(KeyManagerImpl.java:1327) ~[ozone-manager-1.4.0-SNAPSHOT.jar:?]
	at org.apache.hadoop.ozone.om.KeyManagerImpl.getFileStatus(KeyManagerImpl.java:1111) ~[ozone-manager-1.4.0-SNAPSHOT.jar:?]
	at org.apache.hadoop.ozone.om.OmMetadataReader.getFileStatus(OmMetadataReader.java:262) ~[ozone-manager-1.4.0-SNAPSHOT.jar:?]
	at org.apache.hadoop.ozone.om.OzoneManager.getFileStatus(OzoneManager.java:3533) ~[ozone-manager-1.4.0-SNAPSHOT.jar:?]
	at org.apache.hadoop.ozone.protocolPB.OzoneManagerRequestHandler.getOzoneFileStatus(OzoneManagerRequestHandler.java:971) ~[ozone-manager-1.4.0-SNAPSHOT.jar:?]
	at org.apache.hadoop.ozone.protocolPB.OzoneManagerRequestHandler.handleReadRequest(OzoneManagerRequestHandler.java:250) ~[ozone-manager-1.4.0-SNAPSHOT.jar:?]
	at org.apache.hadoop.ozone.protocolPB.OzoneManagerProtocolServerSideTranslatorPB.submitReadRequestToOM(OzoneManagerProtocolServerSideTranslatorPB.java:225) ~[ozone-manager-1.4.0-SNAPSHOT.jar:?]
	at org.apache.hadoop.ozone.protocolPB.OzoneManagerProtocolServerSideTranslatorPB.processRequest(OzoneManagerProtocolServerSideTranslatorPB.java:179) ~[ozone-manager-1.4.0-SNAPSHOT.jar:?]
	at org.apache.hadoop.hdds.server.OzoneProtocolMessageDispatcher.processRequest(OzoneProtocolMessageDispatcher.java:87) [hdds-server-framework-1.4.0-SNAPSHOT.jar:?]
	at org.apache.hadoop.ozone.protocolPB.OzoneManagerProtocolServerSideTranslatorPB.submitRequest(OzoneManagerProtocolServerSideTranslatorPB.java:148) [ozone-manager-1.4.0-SNAPSHOT.jar:?]
	at org.apache.hadoop.ozone.protocol.proto.OzoneManagerProtocolProtos$OzoneManagerService$2.callBlockingMethod(OzoneManagerProtocolProtos.java) [ozone-interface-client-1.4.0-SNAPSHOT.jar:?]
	at org.apache.hadoop.ipc.ProtobufRpcEngine$Server.processCall(ProtobufRpcEngine.java:484) [hadoop-common-3.3.6.jar:?]
	at org.apache.hadoop.ipc.ProtobufRpcEngine2$Server$ProtoBufRpcInvoker.call(ProtobufRpcEngine2.java:595) [hadoop-common-3.3.6.jar:?]
	at org.apache.hadoop.ipc.ProtobufRpcEngine2$Server$ProtoBufRpcInvoker.call(ProtobufRpcEngine2.java:573) [hadoop-common-3.3.6.jar:?]
	at org.apache.hadoop.ipc.RPC$Server.call(RPC.java:1227) [hadoop-common-3.3.6.jar:?]
	at org.apache.hadoop.ipc.Server$RpcCall.run(Server.java:1094) [hadoop-common-3.3.6.jar:?]
	at org.apache.hadoop.ipc.Server$RpcCall.run(Server.java:1017) [hadoop-common-3.3.6.jar:?]
	at java.security.AccessController.doPrivileged(Native Method) ~[?:1.8.0_382]
	at javax.security.auth.Subject.doAs(Subject.java:422) [?:1.8.0_382]
	at org.apache.hadoop.security.UserGroupInformation.doAs(UserGroupInformation.java:1899) [hadoop-common-3.3.6.jar:?]
	at org.apache.hadoop.ipc.Server$Handler.run(Server.java:3048) [hadoop-common-3.3.6.jar:?]
17:57:11.905 [IPC Server handler 11 on default port 15004] ERROR OMAudit - user=runner | ip=127.0.0.1 | op=GET_FILE_STATUS {volume=volume72894, bucket=bucket38354, key=testBatchDelete/parent/child7, dataSize=0, replicationConfig=null} | ret=FAILURE
org.apache.hadoop.ozone.om.exceptions.OMException: Unable to get file status: volume: volume72894 bucket: bucket38354 key: testBatchDelete/parent/child7
	at org.apache.hadoop.ozone.om.KeyManagerImpl.getOzoneFileStatusFSO(KeyManagerImpl.java:1327) ~[ozone-manager-1.4.0-SNAPSHOT.jar:?]
	at org.apache.hadoop.ozone.om.KeyManagerImpl.getFileStatus(KeyManagerImpl.java:1111) ~[ozone-manager-1.4.0-SNAPSHOT.jar:?]
	at org.apache.hadoop.ozone.om.OmMetadataReader.getFileStatus(OmMetadataReader.java:262) ~[ozone-manager-1.4.0-SNAPSHOT.jar:?]
	at org.apache.hadoop.ozone.om.OzoneManager.getFileStatus(OzoneManager.java:3533) ~[ozone-manager-1.4.0-SNAPSHOT.jar:?]
	at org.apache.hadoop.ozone.protocolPB.OzoneManagerRequestHandler.getOzoneFileStatus(OzoneManagerRequestHandler.java:971) ~[ozone-manager-1.4.0-SNAPSHOT.jar:?]
	at org.apache.hadoop.ozone.protocolPB.OzoneManagerRequestHandler.handleReadRequest(OzoneManagerRequestHandler.java:250) ~[ozone-manager-1.4.0-SNAPSHOT.jar:?]
	at org.apache.hadoop.ozone.protocolPB.OzoneManagerProtocolServerSideTranslatorPB.submitReadRequestToOM(OzoneManagerProtocolServerSideTranslatorPB.java:225) ~[ozone-manager-1.4.0-SNAPSHOT.jar:?]
	at org.apache.hadoop.ozone.protocolPB.OzoneManagerProtocolServerSideTranslatorPB.processRequest(OzoneManagerProtocolServerSideTranslatorPB.java:179) ~[ozone-manager-1.4.0-SNAPSHOT.jar:?]
	at org.apache.hadoop.hdds.server.OzoneProtocolMessageDispatcher.processRequest(OzoneProtocolMessageDispatcher.java:87) [hdds-server-framework-1.4.0-SNAPSHOT.jar:?]
	at org.apache.hadoop.ozone.protocolPB.OzoneManagerProtocolServerSideTranslatorPB.submitRequest(OzoneManagerProtocolServerSideTranslatorPB.java:148) [ozone-manager-1.4.0-SNAPSHOT.jar:?]
	at org.apache.hadoop.ozone.protocol.proto.OzoneManagerProtocolProtos$OzoneManagerService$2.callBlockingMethod(OzoneManagerProtocolProtos.java) [ozone-interface-client-1.4.0-SNAPSHOT.jar:?]
	at org.apache.hadoop.ipc.ProtobufRpcEngine$Server.processCall(ProtobufRpcEngine.java:484) [hadoop-common-3.3.6.jar:?]
	at org.apache.hadoop.ipc.ProtobufRpcEngine2$Server$ProtoBufRpcInvoker.call(ProtobufRpcEngine2.java:595) [hadoop-common-3.3.6.jar:?]
	at org.apache.hadoop.ipc.ProtobufRpcEngine2$Server$ProtoBufRpcInvoker.call(ProtobufRpcEngine2.java:573) [hadoop-common-3.3.6.jar:?]
	at org.apache.hadoop.ipc.RPC$Server.call(RPC.java:1227) [hadoop-common-3.3.6.jar:?]
	at org.apache.hadoop.ipc.Server$RpcCall.run(Server.java:1094) [hadoop-common-3.3.6.jar:?]
	at org.apache.hadoop.ipc.Server$RpcCall.run(Server.java:1017) [hadoop-common-3.3.6.jar:?]
	at java.security.AccessController.doPrivileged(Native Method) ~[?:1.8.0_382]
	at javax.security.auth.Subject.doAs(Subject.java:422) [?:1.8.0_382]
	at org.apache.hadoop.security.UserGroupInformation.doAs(UserGroupInformation.java:1899) [hadoop-common-3.3.6.jar:?]
	at org.apache.hadoop.ipc.Server$Handler.run(Server.java:3048) [hadoop-common-3.3.6.jar:?]
17:57:11.906 [IPC Server handler 12 on default port 15004] ERROR OMAudit - user=runner | ip=127.0.0.1 | op=GET_FILE_STATUS {volume=volume72894, bucket=bucket38354, key=testBatchDelete/parent/childFolder/child7, dataSize=0, replicationConfig=null} | ret=FAILURE
org.apache.hadoop.ozone.om.exceptions.OMException: Unable to get file status: volume: volume72894 bucket: bucket38354 key: testBatchDelete/parent/childFolder/child7
	at org.apache.hadoop.ozone.om.KeyManagerImpl.getOzoneFileStatusFSO(KeyManagerImpl.java:1327) ~[ozone-manager-1.4.0-SNAPSHOT.jar:?]
	at org.apache.hadoop.ozone.om.KeyManagerImpl.getFileStatus(KeyManagerImpl.java:1111) ~[ozone-manager-1.4.0-SNAPSHOT.jar:?]
	at org.apache.hadoop.ozone.om.OmMetadataReader.getFileStatus(OmMetadataReader.java:262) ~[ozone-manager-1.4.0-SNAPSHOT.jar:?]
	at org.apache.hadoop.ozone.om.OzoneManager.getFileStatus(OzoneManager.java:3533) ~[ozone-manager-1.4.0-SNAPSHOT.jar:?]
	at org.apache.hadoop.ozone.protocolPB.OzoneManagerRequestHandler.getOzoneFileStatus(OzoneManagerRequestHandler.java:971) ~[ozone-manager-1.4.0-SNAPSHOT.jar:?]
	at org.apache.hadoop.ozone.protocolPB.OzoneManagerRequestHandler.handleReadRequest(OzoneManagerRequestHandler.java:250) ~[ozone-manager-1.4.0-SNAPSHOT.jar:?]
	at org.apache.hadoop.ozone.protocolPB.OzoneManagerProtocolServerSideTranslatorPB.submitReadRequestToOM(OzoneManagerProtocolServerSideTranslatorPB.java:225) ~[ozone-manager-1.4.0-SNAPSHOT.jar:?]
	at org.apache.hadoop.ozone.protocolPB.OzoneManagerProtocolServerSideTranslatorPB.processRequest(OzoneManagerProtocolServerSideTranslatorPB.java:179) ~[ozone-manager-1.4.0-SNAPSHOT.jar:?]
	at org.apache.hadoop.hdds.server.OzoneProtocolMessageDispatcher.processRequest(OzoneProtocolMessageDispatcher.java:87) [hdds-server-framework-1.4.0-SNAPSHOT.jar:?]
	at org.apache.hadoop.ozone.protocolPB.OzoneManagerProtocolServerSideTranslatorPB.submitRequest(OzoneManagerProtocolServerSideTranslatorPB.java:148) [ozone-manager-1.4.0-SNAPSHOT.jar:?]
	at org.apache.hadoop.ozone.protocol.proto.OzoneManagerProtocolProtos$OzoneManagerService$2.callBlockingMethod(OzoneManagerProtocolProtos.java) [ozone-interface-client-1.4.0-SNAPSHOT.jar:?]
	at org.apache.hadoop.ipc.ProtobufRpcEngine$Server.processCall(ProtobufRpcEngine.java:484) [hadoop-common-3.3.6.jar:?]
	at org.apache.hadoop.ipc.ProtobufRpcEngine2$Server$ProtoBufRpcInvoker.call(ProtobufRpcEngine2.java:595) [hadoop-common-3.3.6.jar:?]
	at org.apache.hadoop.ipc.ProtobufRpcEngine2$Server$ProtoBufRpcInvoker.call(ProtobufRpcEngine2.java:573) [hadoop-common-3.3.6.jar:?]
	at org.apache.hadoop.ipc.RPC$Server.call(RPC.java:1227) [hadoop-common-3.3.6.jar:?]
	at org.apache.hadoop.ipc.Server$RpcCall.run(Server.java:1094) [hadoop-common-3.3.6.jar:?]
	at org.apache.hadoop.ipc.Server$RpcCall.run(Server.java:1017) [hadoop-common-3.3.6.jar:?]
	at java.security.AccessController.doPrivileged(Native Method) ~[?:1.8.0_382]
	at javax.security.auth.Subject.doAs(Subject.java:422) [?:1.8.0_382]
	at org.apache.hadoop.security.UserGroupInformation.doAs(UserGroupInformation.java:1899) [hadoop-common-3.3.6.jar:?]
	at org.apache.hadoop.ipc.Server$Handler.run(Server.java:3048) [hadoop-common-3.3.6.jar:?]
17:57:11.908 [IPC Server handler 19 on default port 15004] ERROR OMAudit - user=runner | ip=127.0.0.1 | op=GET_FILE_STATUS {volume=volume72894, bucket=bucket38354, key=testBatchDelete/parent, dataSize=0, replicationConfig=null} | ret=FAILURE
org.apache.hadoop.ozone.om.exceptions.OMException: Unable to get file status: volume: volume72894 bucket: bucket38354 key: testBatchDelete/parent
	at org.apache.hadoop.ozone.om.KeyManagerImpl.getOzoneFileStatusFSO(KeyManagerImpl.java:1327) ~[ozone-manager-1.4.0-SNAPSHOT.jar:?]
	at org.apache.hadoop.ozone.om.KeyManagerImpl.getFileStatus(KeyManagerImpl.java:1111) ~[ozone-manager-1.4.0-SNAPSHOT.jar:?]
	at org.apache.hadoop.ozone.om.OmMetadataReader.getFileStatus(OmMetadataReader.java:262) ~[ozone-manager-1.4.0-SNAPSHOT.jar:?]
	at org.apache.hadoop.ozone.om.OzoneManager.getFileStatus(OzoneManager.java:3533) ~[ozone-manager-1.4.0-SNAPSHOT.jar:?]
	at org.apache.hadoop.ozone.protocolPB.OzoneManagerRequestHandler.getOzoneFileStatus(OzoneManagerRequestHandler.java:971) ~[ozone-manager-1.4.0-SNAPSHOT.jar:?]
	at org.apache.hadoop.ozone.protocolPB.OzoneManagerRequestHandler.handleReadRequest(OzoneManagerRequestHandler.java:250) ~[ozone-manager-1.4.0-SNAPSHOT.jar:?]
	at org.apache.hadoop.ozone.protocolPB.OzoneManagerProtocolServerSideTranslatorPB.submitReadRequestToOM(OzoneManagerProtocolServerSideTranslatorPB.java:225) ~[ozone-manager-1.4.0-SNAPSHOT.jar:?]
	at org.apache.hadoop.ozone.protocolPB.OzoneManagerProtocolServerSideTranslatorPB.processRequest(OzoneManagerProtocolServerSideTranslatorPB.java:179) ~[ozone-manager-1.4.0-SNAPSHOT.jar:?]
	at org.apache.hadoop.hdds.server.OzoneProtocolMessageDispatcher.processRequest(OzoneProtocolMessageDispatcher.java:87) [hdds-server-framework-1.4.0-SNAPSHOT.jar:?]
	at org.apache.hadoop.ozone.protocolPB.OzoneManagerProtocolServerSideTranslatorPB.submitRequest(OzoneManagerProtocolServerSideTranslatorPB.java:148) [ozone-manager-1.4.0-SNAPSHOT.jar:?]
	at org.apache.hadoop.ozone.protocol.proto.OzoneManagerProtocolProtos$OzoneManagerService$2.callBlockingMethod(OzoneManagerProtocolProtos.java) [ozone-interface-client-1.4.0-SNAPSHOT.jar:?]
	at org.apache.hadoop.ipc.ProtobufRpcEngine$Server.processCall(ProtobufRpcEngine.java:484) [hadoop-common-3.3.6.jar:?]
	at org.apache.hadoop.ipc.ProtobufRpcEngine2$Server$ProtoBufRpcInvoker.call(ProtobufRpcEngine2.java:595) [hadoop-common-3.3.6.jar:?]
	at org.apache.hadoop.ipc.ProtobufRpcEngine2$Server$ProtoBufRpcInvoker.call(ProtobufRpcEngine2.java:573) [hadoop-common-3.3.6.jar:?]
	at org.apache.hadoop.ipc.RPC$Server.call(RPC.java:1227) [hadoop-common-3.3.6.jar:?]
	at org.apache.hadoop.ipc.Server$RpcCall.run(Server.java:1094) [hadoop-common-3.3.6.jar:?]
	at org.apache.hadoop.ipc.Server$RpcCall.run(Server.java:1017) [hadoop-common-3.3.6.jar:?]
	at java.security.AccessController.doPrivileged(Native Method) ~[?:1.8.0_382]
	at javax.security.auth.Subject.doAs(Subject.java:422) [?:1.8.0_382]
	at org.apache.hadoop.security.UserGroupInformation.doAs(UserGroupInformation.java:1899) [hadoop-common-3.3.6.jar:?]
	at org.apache.hadoop.ipc.Server$Handler.run(Server.java:3048) [hadoop-common-3.3.6.jar:?]
2023-09-25 17:57:11,909 [Time-limited test] WARN  ozone.BasicRootedOzoneFileSystem (BasicRootedOzoneFileSystem.java:delete(704)) - delete: Path does not exist: /volume72894/bucket38354/testBatchDelete/parent
]]></system-out>
  </testcase>
  <testcase name="testFileDelete" classname="TestRootedOzoneFileSystemWithFSO" time="0.139">
    <system-out><![CDATA[2023-09-25 17:58:51,285 [Time-limited test] INFO  rpc.RpcClient (RpcClient.java:createVolume(461)) - Creating Volume: volume83038, with user84174 as owner and space quota set to -1 bytes, counts quota set to -1
2023-09-25 17:58:51,286 [IPC Server handler 15 on default port 15057] INFO  volume.OMVolumeCreateRequest (OMVolumeCreateRequest.java:validateAndUpdateCache(196)) - created volume:volume83038 for user:user84174
2023-09-25 17:58:51,287 [Time-limited test] INFO  rpc.RpcClient (RpcClient.java:createBucket(688)) - Creating Bucket: volume83038/bucket49737, with bucket layout FILE_SYSTEM_OPTIMIZED, runner as owner, Versioning false, Storage Type set to DISK and Encryption set to false, Replication Type set to server-side default replication type, Namespace Quota set to -1, Space Quota set to -1 
2023-09-25 17:58:51,287 [IPC Server handler 19 on default port 15057] INFO  bucket.OMBucketCreateRequest (OMBucketCreateRequest.java:validateAndUpdateCache(270)) - created bucket: bucket49737 of layout FILE_SYSTEM_OPTIMIZED in volume: volume83038
17:58:51.376 [IPC Server handler 2 on default port 15057] ERROR OMAudit - user=runner | ip=127.0.0.1 | op=GET_FILE_STATUS {volume=volume83038, bucket=bucket49737, key=testBatchDelete, dataSize=0, replicationConfig=null} | ret=FAILURE
org.apache.hadoop.ozone.om.exceptions.OMException: Unable to get file status: volume: volume83038 bucket: bucket49737 key: testBatchDelete
	at org.apache.hadoop.ozone.om.KeyManagerImpl.getOzoneFileStatusFSO(KeyManagerImpl.java:1327) ~[ozone-manager-1.4.0-SNAPSHOT.jar:?]
	at org.apache.hadoop.ozone.om.KeyManagerImpl.getFileStatus(KeyManagerImpl.java:1111) ~[ozone-manager-1.4.0-SNAPSHOT.jar:?]
	at org.apache.hadoop.ozone.om.OmMetadataReader.getFileStatus(OmMetadataReader.java:262) ~[ozone-manager-1.4.0-SNAPSHOT.jar:?]
	at org.apache.hadoop.ozone.om.OzoneManager.getFileStatus(OzoneManager.java:3533) ~[ozone-manager-1.4.0-SNAPSHOT.jar:?]
	at org.apache.hadoop.ozone.protocolPB.OzoneManagerRequestHandler.getOzoneFileStatus(OzoneManagerRequestHandler.java:971) ~[ozone-manager-1.4.0-SNAPSHOT.jar:?]
	at org.apache.hadoop.ozone.protocolPB.OzoneManagerRequestHandler.handleReadRequest(OzoneManagerRequestHandler.java:250) ~[ozone-manager-1.4.0-SNAPSHOT.jar:?]
	at org.apache.hadoop.ozone.protocolPB.OzoneManagerProtocolServerSideTranslatorPB.submitRequestDirectlyToOM(OzoneManagerProtocolServerSideTranslatorPB.java:274) ~[ozone-manager-1.4.0-SNAPSHOT.jar:?]
	at org.apache.hadoop.ozone.protocolPB.OzoneManagerProtocolServerSideTranslatorPB.processRequest(OzoneManagerProtocolServerSideTranslatorPB.java:175) ~[ozone-manager-1.4.0-SNAPSHOT.jar:?]
	at org.apache.hadoop.hdds.server.OzoneProtocolMessageDispatcher.processRequest(OzoneProtocolMessageDispatcher.java:87) [hdds-server-framework-1.4.0-SNAPSHOT.jar:?]
	at org.apache.hadoop.ozone.protocolPB.OzoneManagerProtocolServerSideTranslatorPB.submitRequest(OzoneManagerProtocolServerSideTranslatorPB.java:148) [ozone-manager-1.4.0-SNAPSHOT.jar:?]
	at org.apache.hadoop.ozone.protocol.proto.OzoneManagerProtocolProtos$OzoneManagerService$2.callBlockingMethod(OzoneManagerProtocolProtos.java) [ozone-interface-client-1.4.0-SNAPSHOT.jar:?]
	at org.apache.hadoop.ipc.ProtobufRpcEngine$Server.processCall(ProtobufRpcEngine.java:484) [hadoop-common-3.3.6.jar:?]
	at org.apache.hadoop.ipc.ProtobufRpcEngine2$Server$ProtoBufRpcInvoker.call(ProtobufRpcEngine2.java:595) [hadoop-common-3.3.6.jar:?]
	at org.apache.hadoop.ipc.ProtobufRpcEngine2$Server$ProtoBufRpcInvoker.call(ProtobufRpcEngine2.java:573) [hadoop-common-3.3.6.jar:?]
	at org.apache.hadoop.ipc.RPC$Server.call(RPC.java:1227) [hadoop-common-3.3.6.jar:?]
	at org.apache.hadoop.ipc.Server$RpcCall.run(Server.java:1094) [hadoop-common-3.3.6.jar:?]
	at org.apache.hadoop.ipc.Server$RpcCall.run(Server.java:1017) [hadoop-common-3.3.6.jar:?]
	at java.security.AccessController.doPrivileged(Native Method) ~[?:1.8.0_382]
	at javax.security.auth.Subject.doAs(Subject.java:422) [?:1.8.0_382]
	at org.apache.hadoop.security.UserGroupInformation.doAs(UserGroupInformation.java:1899) [hadoop-common-3.3.6.jar:?]
	at org.apache.hadoop.ipc.Server$Handler.run(Server.java:3048) [hadoop-common-3.3.6.jar:?]
17:58:51.377 [IPC Server handler 3 on default port 15057] ERROR OMAudit - user=runner | ip=127.0.0.1 | op=GET_FILE_STATUS {volume=volume83038, bucket=bucket49737, key=testBatchDelete/parent/child0, dataSize=0, replicationConfig=null} | ret=FAILURE
org.apache.hadoop.ozone.om.exceptions.OMException: Unable to get file status: volume: volume83038 bucket: bucket49737 key: testBatchDelete/parent/child0
	at org.apache.hadoop.ozone.om.KeyManagerImpl.getOzoneFileStatusFSO(KeyManagerImpl.java:1327) ~[ozone-manager-1.4.0-SNAPSHOT.jar:?]
	at org.apache.hadoop.ozone.om.KeyManagerImpl.getFileStatus(KeyManagerImpl.java:1111) ~[ozone-manager-1.4.0-SNAPSHOT.jar:?]
	at org.apache.hadoop.ozone.om.OmMetadataReader.getFileStatus(OmMetadataReader.java:262) ~[ozone-manager-1.4.0-SNAPSHOT.jar:?]
	at org.apache.hadoop.ozone.om.OzoneManager.getFileStatus(OzoneManager.java:3533) ~[ozone-manager-1.4.0-SNAPSHOT.jar:?]
	at org.apache.hadoop.ozone.protocolPB.OzoneManagerRequestHandler.getOzoneFileStatus(OzoneManagerRequestHandler.java:971) ~[ozone-manager-1.4.0-SNAPSHOT.jar:?]
	at org.apache.hadoop.ozone.protocolPB.OzoneManagerRequestHandler.handleReadRequest(OzoneManagerRequestHandler.java:250) ~[ozone-manager-1.4.0-SNAPSHOT.jar:?]
	at org.apache.hadoop.ozone.protocolPB.OzoneManagerProtocolServerSideTranslatorPB.submitRequestDirectlyToOM(OzoneManagerProtocolServerSideTranslatorPB.java:274) ~[ozone-manager-1.4.0-SNAPSHOT.jar:?]
	at org.apache.hadoop.ozone.protocolPB.OzoneManagerProtocolServerSideTranslatorPB.processRequest(OzoneManagerProtocolServerSideTranslatorPB.java:175) ~[ozone-manager-1.4.0-SNAPSHOT.jar:?]
	at org.apache.hadoop.hdds.server.OzoneProtocolMessageDispatcher.processRequest(OzoneProtocolMessageDispatcher.java:87) [hdds-server-framework-1.4.0-SNAPSHOT.jar:?]
	at org.apache.hadoop.ozone.protocolPB.OzoneManagerProtocolServerSideTranslatorPB.submitRequest(OzoneManagerProtocolServerSideTranslatorPB.java:148) [ozone-manager-1.4.0-SNAPSHOT.jar:?]
	at org.apache.hadoop.ozone.protocol.proto.OzoneManagerProtocolProtos$OzoneManagerService$2.callBlockingMethod(OzoneManagerProtocolProtos.java) [ozone-interface-client-1.4.0-SNAPSHOT.jar:?]
	at org.apache.hadoop.ipc.ProtobufRpcEngine$Server.processCall(ProtobufRpcEngine.java:484) [hadoop-common-3.3.6.jar:?]
	at org.apache.hadoop.ipc.ProtobufRpcEngine2$Server$ProtoBufRpcInvoker.call(ProtobufRpcEngine2.java:595) [hadoop-common-3.3.6.jar:?]
	at org.apache.hadoop.ipc.ProtobufRpcEngine2$Server$ProtoBufRpcInvoker.call(ProtobufRpcEngine2.java:573) [hadoop-common-3.3.6.jar:?]
	at org.apache.hadoop.ipc.RPC$Server.call(RPC.java:1227) [hadoop-common-3.3.6.jar:?]
	at org.apache.hadoop.ipc.Server$RpcCall.run(Server.java:1094) [hadoop-common-3.3.6.jar:?]
	at org.apache.hadoop.ipc.Server$RpcCall.run(Server.java:1017) [hadoop-common-3.3.6.jar:?]
	at java.security.AccessController.doPrivileged(Native Method) ~[?:1.8.0_382]
	at javax.security.auth.Subject.doAs(Subject.java:422) [?:1.8.0_382]
	at org.apache.hadoop.security.UserGroupInformation.doAs(UserGroupInformation.java:1899) [hadoop-common-3.3.6.jar:?]
	at org.apache.hadoop.ipc.Server$Handler.run(Server.java:3048) [hadoop-common-3.3.6.jar:?]
17:58:51.379 [IPC Server handler 6 on default port 15057] ERROR OMAudit - user=runner | ip=127.0.0.1 | op=GET_FILE_STATUS {volume=volume83038, bucket=bucket49737, key=testBatchDelete/parent/childFolder/child0, dataSize=0, replicationConfig=null} | ret=FAILURE
org.apache.hadoop.ozone.om.exceptions.OMException: Unable to get file status: volume: volume83038 bucket: bucket49737 key: testBatchDelete/parent/childFolder/child0
	at org.apache.hadoop.ozone.om.KeyManagerImpl.getOzoneFileStatusFSO(KeyManagerImpl.java:1327) ~[ozone-manager-1.4.0-SNAPSHOT.jar:?]
	at org.apache.hadoop.ozone.om.KeyManagerImpl.getFileStatus(KeyManagerImpl.java:1111) ~[ozone-manager-1.4.0-SNAPSHOT.jar:?]
	at org.apache.hadoop.ozone.om.OmMetadataReader.getFileStatus(OmMetadataReader.java:262) ~[ozone-manager-1.4.0-SNAPSHOT.jar:?]
	at org.apache.hadoop.ozone.om.OzoneManager.getFileStatus(OzoneManager.java:3533) ~[ozone-manager-1.4.0-SNAPSHOT.jar:?]
	at org.apache.hadoop.ozone.protocolPB.OzoneManagerRequestHandler.getOzoneFileStatus(OzoneManagerRequestHandler.java:971) ~[ozone-manager-1.4.0-SNAPSHOT.jar:?]
	at org.apache.hadoop.ozone.protocolPB.OzoneManagerRequestHandler.handleReadRequest(OzoneManagerRequestHandler.java:250) ~[ozone-manager-1.4.0-SNAPSHOT.jar:?]
	at org.apache.hadoop.ozone.protocolPB.OzoneManagerProtocolServerSideTranslatorPB.submitRequestDirectlyToOM(OzoneManagerProtocolServerSideTranslatorPB.java:274) ~[ozone-manager-1.4.0-SNAPSHOT.jar:?]
	at org.apache.hadoop.ozone.protocolPB.OzoneManagerProtocolServerSideTranslatorPB.processRequest(OzoneManagerProtocolServerSideTranslatorPB.java:175) ~[ozone-manager-1.4.0-SNAPSHOT.jar:?]
	at org.apache.hadoop.hdds.server.OzoneProtocolMessageDispatcher.processRequest(OzoneProtocolMessageDispatcher.java:87) [hdds-server-framework-1.4.0-SNAPSHOT.jar:?]
	at org.apache.hadoop.ozone.protocolPB.OzoneManagerProtocolServerSideTranslatorPB.submitRequest(OzoneManagerProtocolServerSideTranslatorPB.java:148) [ozone-manager-1.4.0-SNAPSHOT.jar:?]
	at org.apache.hadoop.ozone.protocol.proto.OzoneManagerProtocolProtos$OzoneManagerService$2.callBlockingMethod(OzoneManagerProtocolProtos.java) [ozone-interface-client-1.4.0-SNAPSHOT.jar:?]
	at org.apache.hadoop.ipc.ProtobufRpcEngine$Server.processCall(ProtobufRpcEngine.java:484) [hadoop-common-3.3.6.jar:?]
	at org.apache.hadoop.ipc.ProtobufRpcEngine2$Server$ProtoBufRpcInvoker.call(ProtobufRpcEngine2.java:595) [hadoop-common-3.3.6.jar:?]
	at org.apache.hadoop.ipc.ProtobufRpcEngine2$Server$ProtoBufRpcInvoker.call(ProtobufRpcEngine2.java:573) [hadoop-common-3.3.6.jar:?]
	at org.apache.hadoop.ipc.RPC$Server.call(RPC.java:1227) [hadoop-common-3.3.6.jar:?]
	at org.apache.hadoop.ipc.Server$RpcCall.run(Server.java:1094) [hadoop-common-3.3.6.jar:?]
	at org.apache.hadoop.ipc.Server$RpcCall.run(Server.java:1017) [hadoop-common-3.3.6.jar:?]
	at java.security.AccessController.doPrivileged(Native Method) ~[?:1.8.0_382]
	at javax.security.auth.Subject.doAs(Subject.java:422) [?:1.8.0_382]
	at org.apache.hadoop.security.UserGroupInformation.doAs(UserGroupInformation.java:1899) [hadoop-common-3.3.6.jar:?]
	at org.apache.hadoop.ipc.Server$Handler.run(Server.java:3048) [hadoop-common-3.3.6.jar:?]
17:58:51.380 [IPC Server handler 7 on default port 15057] ERROR OMAudit - user=runner | ip=127.0.0.1 | op=GET_FILE_STATUS {volume=volume83038, bucket=bucket49737, key=testBatchDelete/parent/child1, dataSize=0, replicationConfig=null} | ret=FAILURE
org.apache.hadoop.ozone.om.exceptions.OMException: Unable to get file status: volume: volume83038 bucket: bucket49737 key: testBatchDelete/parent/child1
	at org.apache.hadoop.ozone.om.KeyManagerImpl.getOzoneFileStatusFSO(KeyManagerImpl.java:1327) ~[ozone-manager-1.4.0-SNAPSHOT.jar:?]
	at org.apache.hadoop.ozone.om.KeyManagerImpl.getFileStatus(KeyManagerImpl.java:1111) ~[ozone-manager-1.4.0-SNAPSHOT.jar:?]
	at org.apache.hadoop.ozone.om.OmMetadataReader.getFileStatus(OmMetadataReader.java:262) ~[ozone-manager-1.4.0-SNAPSHOT.jar:?]
	at org.apache.hadoop.ozone.om.OzoneManager.getFileStatus(OzoneManager.java:3533) ~[ozone-manager-1.4.0-SNAPSHOT.jar:?]
	at org.apache.hadoop.ozone.protocolPB.OzoneManagerRequestHandler.getOzoneFileStatus(OzoneManagerRequestHandler.java:971) ~[ozone-manager-1.4.0-SNAPSHOT.jar:?]
	at org.apache.hadoop.ozone.protocolPB.OzoneManagerRequestHandler.handleReadRequest(OzoneManagerRequestHandler.java:250) ~[ozone-manager-1.4.0-SNAPSHOT.jar:?]
	at org.apache.hadoop.ozone.protocolPB.OzoneManagerProtocolServerSideTranslatorPB.submitRequestDirectlyToOM(OzoneManagerProtocolServerSideTranslatorPB.java:274) ~[ozone-manager-1.4.0-SNAPSHOT.jar:?]
	at org.apache.hadoop.ozone.protocolPB.OzoneManagerProtocolServerSideTranslatorPB.processRequest(OzoneManagerProtocolServerSideTranslatorPB.java:175) ~[ozone-manager-1.4.0-SNAPSHOT.jar:?]
	at org.apache.hadoop.hdds.server.OzoneProtocolMessageDispatcher.processRequest(OzoneProtocolMessageDispatcher.java:87) [hdds-server-framework-1.4.0-SNAPSHOT.jar:?]
	at org.apache.hadoop.ozone.protocolPB.OzoneManagerProtocolServerSideTranslatorPB.submitRequest(OzoneManagerProtocolServerSideTranslatorPB.java:148) [ozone-manager-1.4.0-SNAPSHOT.jar:?]
	at org.apache.hadoop.ozone.protocol.proto.OzoneManagerProtocolProtos$OzoneManagerService$2.callBlockingMethod(OzoneManagerProtocolProtos.java) [ozone-interface-client-1.4.0-SNAPSHOT.jar:?]
	at org.apache.hadoop.ipc.ProtobufRpcEngine$Server.processCall(ProtobufRpcEngine.java:484) [hadoop-common-3.3.6.jar:?]
	at org.apache.hadoop.ipc.ProtobufRpcEngine2$Server$ProtoBufRpcInvoker.call(ProtobufRpcEngine2.java:595) [hadoop-common-3.3.6.jar:?]
	at org.apache.hadoop.ipc.ProtobufRpcEngine2$Server$ProtoBufRpcInvoker.call(ProtobufRpcEngine2.java:573) [hadoop-common-3.3.6.jar:?]
	at org.apache.hadoop.ipc.RPC$Server.call(RPC.java:1227) [hadoop-common-3.3.6.jar:?]
	at org.apache.hadoop.ipc.Server$RpcCall.run(Server.java:1094) [hadoop-common-3.3.6.jar:?]
	at org.apache.hadoop.ipc.Server$RpcCall.run(Server.java:1017) [hadoop-common-3.3.6.jar:?]
	at java.security.AccessController.doPrivileged(Native Method) ~[?:1.8.0_382]
	at javax.security.auth.Subject.doAs(Subject.java:422) [?:1.8.0_382]
	at org.apache.hadoop.security.UserGroupInformation.doAs(UserGroupInformation.java:1899) [hadoop-common-3.3.6.jar:?]
	at org.apache.hadoop.ipc.Server$Handler.run(Server.java:3048) [hadoop-common-3.3.6.jar:?]
17:58:51.382 [IPC Server handler 11 on default port 15057] ERROR OMAudit - user=runner | ip=127.0.0.1 | op=GET_FILE_STATUS {volume=volume83038, bucket=bucket49737, key=testBatchDelete/parent/childFolder/child1, dataSize=0, replicationConfig=null} | ret=FAILURE
org.apache.hadoop.ozone.om.exceptions.OMException: Unable to get file status: volume: volume83038 bucket: bucket49737 key: testBatchDelete/parent/childFolder/child1
	at org.apache.hadoop.ozone.om.KeyManagerImpl.getOzoneFileStatusFSO(KeyManagerImpl.java:1327) ~[ozone-manager-1.4.0-SNAPSHOT.jar:?]
	at org.apache.hadoop.ozone.om.KeyManagerImpl.getFileStatus(KeyManagerImpl.java:1111) ~[ozone-manager-1.4.0-SNAPSHOT.jar:?]
	at org.apache.hadoop.ozone.om.OmMetadataReader.getFileStatus(OmMetadataReader.java:262) ~[ozone-manager-1.4.0-SNAPSHOT.jar:?]
	at org.apache.hadoop.ozone.om.OzoneManager.getFileStatus(OzoneManager.java:3533) ~[ozone-manager-1.4.0-SNAPSHOT.jar:?]
	at org.apache.hadoop.ozone.protocolPB.OzoneManagerRequestHandler.getOzoneFileStatus(OzoneManagerRequestHandler.java:971) ~[ozone-manager-1.4.0-SNAPSHOT.jar:?]
	at org.apache.hadoop.ozone.protocolPB.OzoneManagerRequestHandler.handleReadRequest(OzoneManagerRequestHandler.java:250) ~[ozone-manager-1.4.0-SNAPSHOT.jar:?]
	at org.apache.hadoop.ozone.protocolPB.OzoneManagerProtocolServerSideTranslatorPB.submitRequestDirectlyToOM(OzoneManagerProtocolServerSideTranslatorPB.java:274) ~[ozone-manager-1.4.0-SNAPSHOT.jar:?]
	at org.apache.hadoop.ozone.protocolPB.OzoneManagerProtocolServerSideTranslatorPB.processRequest(OzoneManagerProtocolServerSideTranslatorPB.java:175) ~[ozone-manager-1.4.0-SNAPSHOT.jar:?]
	at org.apache.hadoop.hdds.server.OzoneProtocolMessageDispatcher.processRequest(OzoneProtocolMessageDispatcher.java:87) [hdds-server-framework-1.4.0-SNAPSHOT.jar:?]
	at org.apache.hadoop.ozone.protocolPB.OzoneManagerProtocolServerSideTranslatorPB.submitRequest(OzoneManagerProtocolServerSideTranslatorPB.java:148) [ozone-manager-1.4.0-SNAPSHOT.jar:?]
	at org.apache.hadoop.ozone.protocol.proto.OzoneManagerProtocolProtos$OzoneManagerService$2.callBlockingMethod(OzoneManagerProtocolProtos.java) [ozone-interface-client-1.4.0-SNAPSHOT.jar:?]
	at org.apache.hadoop.ipc.ProtobufRpcEngine$Server.processCall(ProtobufRpcEngine.java:484) [hadoop-common-3.3.6.jar:?]
	at org.apache.hadoop.ipc.ProtobufRpcEngine2$Server$ProtoBufRpcInvoker.call(ProtobufRpcEngine2.java:595) [hadoop-common-3.3.6.jar:?]
	at org.apache.hadoop.ipc.ProtobufRpcEngine2$Server$ProtoBufRpcInvoker.call(ProtobufRpcEngine2.java:573) [hadoop-common-3.3.6.jar:?]
	at org.apache.hadoop.ipc.RPC$Server.call(RPC.java:1227) [hadoop-common-3.3.6.jar:?]
	at org.apache.hadoop.ipc.Server$RpcCall.run(Server.java:1094) [hadoop-common-3.3.6.jar:?]
	at org.apache.hadoop.ipc.Server$RpcCall.run(Server.java:1017) [hadoop-common-3.3.6.jar:?]
	at java.security.AccessController.doPrivileged(Native Method) ~[?:1.8.0_382]
	at javax.security.auth.Subject.doAs(Subject.java:422) [?:1.8.0_382]
	at org.apache.hadoop.security.UserGroupInformation.doAs(UserGroupInformation.java:1899) [hadoop-common-3.3.6.jar:?]
	at org.apache.hadoop.ipc.Server$Handler.run(Server.java:3048) [hadoop-common-3.3.6.jar:?]
17:58:51.383 [IPC Server handler 5 on default port 15057] ERROR OMAudit - user=runner | ip=127.0.0.1 | op=GET_FILE_STATUS {volume=volume83038, bucket=bucket49737, key=testBatchDelete/parent/child2, dataSize=0, replicationConfig=null} | ret=FAILURE
org.apache.hadoop.ozone.om.exceptions.OMException: Unable to get file status: volume: volume83038 bucket: bucket49737 key: testBatchDelete/parent/child2
	at org.apache.hadoop.ozone.om.KeyManagerImpl.getOzoneFileStatusFSO(KeyManagerImpl.java:1327) ~[ozone-manager-1.4.0-SNAPSHOT.jar:?]
	at org.apache.hadoop.ozone.om.KeyManagerImpl.getFileStatus(KeyManagerImpl.java:1111) ~[ozone-manager-1.4.0-SNAPSHOT.jar:?]
	at org.apache.hadoop.ozone.om.OmMetadataReader.getFileStatus(OmMetadataReader.java:262) ~[ozone-manager-1.4.0-SNAPSHOT.jar:?]
	at org.apache.hadoop.ozone.om.OzoneManager.getFileStatus(OzoneManager.java:3533) ~[ozone-manager-1.4.0-SNAPSHOT.jar:?]
	at org.apache.hadoop.ozone.protocolPB.OzoneManagerRequestHandler.getOzoneFileStatus(OzoneManagerRequestHandler.java:971) ~[ozone-manager-1.4.0-SNAPSHOT.jar:?]
	at org.apache.hadoop.ozone.protocolPB.OzoneManagerRequestHandler.handleReadRequest(OzoneManagerRequestHandler.java:250) ~[ozone-manager-1.4.0-SNAPSHOT.jar:?]
	at org.apache.hadoop.ozone.protocolPB.OzoneManagerProtocolServerSideTranslatorPB.submitRequestDirectlyToOM(OzoneManagerProtocolServerSideTranslatorPB.java:274) ~[ozone-manager-1.4.0-SNAPSHOT.jar:?]
	at org.apache.hadoop.ozone.protocolPB.OzoneManagerProtocolServerSideTranslatorPB.processRequest(OzoneManagerProtocolServerSideTranslatorPB.java:175) ~[ozone-manager-1.4.0-SNAPSHOT.jar:?]
	at org.apache.hadoop.hdds.server.OzoneProtocolMessageDispatcher.processRequest(OzoneProtocolMessageDispatcher.java:87) [hdds-server-framework-1.4.0-SNAPSHOT.jar:?]
	at org.apache.hadoop.ozone.protocolPB.OzoneManagerProtocolServerSideTranslatorPB.submitRequest(OzoneManagerProtocolServerSideTranslatorPB.java:148) [ozone-manager-1.4.0-SNAPSHOT.jar:?]
	at org.apache.hadoop.ozone.protocol.proto.OzoneManagerProtocolProtos$OzoneManagerService$2.callBlockingMethod(OzoneManagerProtocolProtos.java) [ozone-interface-client-1.4.0-SNAPSHOT.jar:?]
	at org.apache.hadoop.ipc.ProtobufRpcEngine$Server.processCall(ProtobufRpcEngine.java:484) [hadoop-common-3.3.6.jar:?]
	at org.apache.hadoop.ipc.ProtobufRpcEngine2$Server$ProtoBufRpcInvoker.call(ProtobufRpcEngine2.java:595) [hadoop-common-3.3.6.jar:?]
	at org.apache.hadoop.ipc.ProtobufRpcEngine2$Server$ProtoBufRpcInvoker.call(ProtobufRpcEngine2.java:573) [hadoop-common-3.3.6.jar:?]
	at org.apache.hadoop.ipc.RPC$Server.call(RPC.java:1227) [hadoop-common-3.3.6.jar:?]
	at org.apache.hadoop.ipc.Server$RpcCall.run(Server.java:1094) [hadoop-common-3.3.6.jar:?]
	at org.apache.hadoop.ipc.Server$RpcCall.run(Server.java:1017) [hadoop-common-3.3.6.jar:?]
	at java.security.AccessController.doPrivileged(Native Method) ~[?:1.8.0_382]
	at javax.security.auth.Subject.doAs(Subject.java:422) [?:1.8.0_382]
	at org.apache.hadoop.security.UserGroupInformation.doAs(UserGroupInformation.java:1899) [hadoop-common-3.3.6.jar:?]
	at org.apache.hadoop.ipc.Server$Handler.run(Server.java:3048) [hadoop-common-3.3.6.jar:?]
17:58:51.385 [IPC Server handler 13 on default port 15057] ERROR OMAudit - user=runner | ip=127.0.0.1 | op=GET_FILE_STATUS {volume=volume83038, bucket=bucket49737, key=testBatchDelete/parent/childFolder/child2, dataSize=0, replicationConfig=null} | ret=FAILURE
org.apache.hadoop.ozone.om.exceptions.OMException: Unable to get file status: volume: volume83038 bucket: bucket49737 key: testBatchDelete/parent/childFolder/child2
	at org.apache.hadoop.ozone.om.KeyManagerImpl.getOzoneFileStatusFSO(KeyManagerImpl.java:1327) ~[ozone-manager-1.4.0-SNAPSHOT.jar:?]
	at org.apache.hadoop.ozone.om.KeyManagerImpl.getFileStatus(KeyManagerImpl.java:1111) ~[ozone-manager-1.4.0-SNAPSHOT.jar:?]
	at org.apache.hadoop.ozone.om.OmMetadataReader.getFileStatus(OmMetadataReader.java:262) ~[ozone-manager-1.4.0-SNAPSHOT.jar:?]
	at org.apache.hadoop.ozone.om.OzoneManager.getFileStatus(OzoneManager.java:3533) ~[ozone-manager-1.4.0-SNAPSHOT.jar:?]
	at org.apache.hadoop.ozone.protocolPB.OzoneManagerRequestHandler.getOzoneFileStatus(OzoneManagerRequestHandler.java:971) ~[ozone-manager-1.4.0-SNAPSHOT.jar:?]
	at org.apache.hadoop.ozone.protocolPB.OzoneManagerRequestHandler.handleReadRequest(OzoneManagerRequestHandler.java:250) ~[ozone-manager-1.4.0-SNAPSHOT.jar:?]
	at org.apache.hadoop.ozone.protocolPB.OzoneManagerProtocolServerSideTranslatorPB.submitRequestDirectlyToOM(OzoneManagerProtocolServerSideTranslatorPB.java:274) ~[ozone-manager-1.4.0-SNAPSHOT.jar:?]
	at org.apache.hadoop.ozone.protocolPB.OzoneManagerProtocolServerSideTranslatorPB.processRequest(OzoneManagerProtocolServerSideTranslatorPB.java:175) ~[ozone-manager-1.4.0-SNAPSHOT.jar:?]
	at org.apache.hadoop.hdds.server.OzoneProtocolMessageDispatcher.processRequest(OzoneProtocolMessageDispatcher.java:87) [hdds-server-framework-1.4.0-SNAPSHOT.jar:?]
	at org.apache.hadoop.ozone.protocolPB.OzoneManagerProtocolServerSideTranslatorPB.submitRequest(OzoneManagerProtocolServerSideTranslatorPB.java:148) [ozone-manager-1.4.0-SNAPSHOT.jar:?]
	at org.apache.hadoop.ozone.protocol.proto.OzoneManagerProtocolProtos$OzoneManagerService$2.callBlockingMethod(OzoneManagerProtocolProtos.java) [ozone-interface-client-1.4.0-SNAPSHOT.jar:?]
	at org.apache.hadoop.ipc.ProtobufRpcEngine$Server.processCall(ProtobufRpcEngine.java:484) [hadoop-common-3.3.6.jar:?]
	at org.apache.hadoop.ipc.ProtobufRpcEngine2$Server$ProtoBufRpcInvoker.call(ProtobufRpcEngine2.java:595) [hadoop-common-3.3.6.jar:?]
	at org.apache.hadoop.ipc.ProtobufRpcEngine2$Server$ProtoBufRpcInvoker.call(ProtobufRpcEngine2.java:573) [hadoop-common-3.3.6.jar:?]
	at org.apache.hadoop.ipc.RPC$Server.call(RPC.java:1227) [hadoop-common-3.3.6.jar:?]
	at org.apache.hadoop.ipc.Server$RpcCall.run(Server.java:1094) [hadoop-common-3.3.6.jar:?]
	at org.apache.hadoop.ipc.Server$RpcCall.run(Server.java:1017) [hadoop-common-3.3.6.jar:?]
	at java.security.AccessController.doPrivileged(Native Method) ~[?:1.8.0_382]
	at javax.security.auth.Subject.doAs(Subject.java:422) [?:1.8.0_382]
	at org.apache.hadoop.security.UserGroupInformation.doAs(UserGroupInformation.java:1899) [hadoop-common-3.3.6.jar:?]
	at org.apache.hadoop.ipc.Server$Handler.run(Server.java:3048) [hadoop-common-3.3.6.jar:?]
17:58:51.386 [IPC Server handler 17 on default port 15057] ERROR OMAudit - user=runner | ip=127.0.0.1 | op=GET_FILE_STATUS {volume=volume83038, bucket=bucket49737, key=testBatchDelete/parent/child3, dataSize=0, replicationConfig=null} | ret=FAILURE
org.apache.hadoop.ozone.om.exceptions.OMException: Unable to get file status: volume: volume83038 bucket: bucket49737 key: testBatchDelete/parent/child3
	at org.apache.hadoop.ozone.om.KeyManagerImpl.getOzoneFileStatusFSO(KeyManagerImpl.java:1327) ~[ozone-manager-1.4.0-SNAPSHOT.jar:?]
	at org.apache.hadoop.ozone.om.KeyManagerImpl.getFileStatus(KeyManagerImpl.java:1111) ~[ozone-manager-1.4.0-SNAPSHOT.jar:?]
	at org.apache.hadoop.ozone.om.OmMetadataReader.getFileStatus(OmMetadataReader.java:262) ~[ozone-manager-1.4.0-SNAPSHOT.jar:?]
	at org.apache.hadoop.ozone.om.OzoneManager.getFileStatus(OzoneManager.java:3533) ~[ozone-manager-1.4.0-SNAPSHOT.jar:?]
	at org.apache.hadoop.ozone.protocolPB.OzoneManagerRequestHandler.getOzoneFileStatus(OzoneManagerRequestHandler.java:971) ~[ozone-manager-1.4.0-SNAPSHOT.jar:?]
	at org.apache.hadoop.ozone.protocolPB.OzoneManagerRequestHandler.handleReadRequest(OzoneManagerRequestHandler.java:250) ~[ozone-manager-1.4.0-SNAPSHOT.jar:?]
	at org.apache.hadoop.ozone.protocolPB.OzoneManagerProtocolServerSideTranslatorPB.submitRequestDirectlyToOM(OzoneManagerProtocolServerSideTranslatorPB.java:274) ~[ozone-manager-1.4.0-SNAPSHOT.jar:?]
	at org.apache.hadoop.ozone.protocolPB.OzoneManagerProtocolServerSideTranslatorPB.processRequest(OzoneManagerProtocolServerSideTranslatorPB.java:175) ~[ozone-manager-1.4.0-SNAPSHOT.jar:?]
	at org.apache.hadoop.hdds.server.OzoneProtocolMessageDispatcher.processRequest(OzoneProtocolMessageDispatcher.java:87) [hdds-server-framework-1.4.0-SNAPSHOT.jar:?]
	at org.apache.hadoop.ozone.protocolPB.OzoneManagerProtocolServerSideTranslatorPB.submitRequest(OzoneManagerProtocolServerSideTranslatorPB.java:148) [ozone-manager-1.4.0-SNAPSHOT.jar:?]
	at org.apache.hadoop.ozone.protocol.proto.OzoneManagerProtocolProtos$OzoneManagerService$2.callBlockingMethod(OzoneManagerProtocolProtos.java) [ozone-interface-client-1.4.0-SNAPSHOT.jar:?]
	at org.apache.hadoop.ipc.ProtobufRpcEngine$Server.processCall(ProtobufRpcEngine.java:484) [hadoop-common-3.3.6.jar:?]
	at org.apache.hadoop.ipc.ProtobufRpcEngine2$Server$ProtoBufRpcInvoker.call(ProtobufRpcEngine2.java:595) [hadoop-common-3.3.6.jar:?]
	at org.apache.hadoop.ipc.ProtobufRpcEngine2$Server$ProtoBufRpcInvoker.call(ProtobufRpcEngine2.java:573) [hadoop-common-3.3.6.jar:?]
	at org.apache.hadoop.ipc.RPC$Server.call(RPC.java:1227) [hadoop-common-3.3.6.jar:?]
	at org.apache.hadoop.ipc.Server$RpcCall.run(Server.java:1094) [hadoop-common-3.3.6.jar:?]
	at org.apache.hadoop.ipc.Server$RpcCall.run(Server.java:1017) [hadoop-common-3.3.6.jar:?]
	at java.security.AccessController.doPrivileged(Native Method) ~[?:1.8.0_382]
	at javax.security.auth.Subject.doAs(Subject.java:422) [?:1.8.0_382]
	at org.apache.hadoop.security.UserGroupInformation.doAs(UserGroupInformation.java:1899) [hadoop-common-3.3.6.jar:?]
	at org.apache.hadoop.ipc.Server$Handler.run(Server.java:3048) [hadoop-common-3.3.6.jar:?]
17:58:51.387 [IPC Server handler 15 on default port 15057] ERROR OMAudit - user=runner | ip=127.0.0.1 | op=GET_FILE_STATUS {volume=volume83038, bucket=bucket49737, key=testBatchDelete/parent/childFolder/child3, dataSize=0, replicationConfig=null} | ret=FAILURE
org.apache.hadoop.ozone.om.exceptions.OMException: Unable to get file status: volume: volume83038 bucket: bucket49737 key: testBatchDelete/parent/childFolder/child3
	at org.apache.hadoop.ozone.om.KeyManagerImpl.getOzoneFileStatusFSO(KeyManagerImpl.java:1327) ~[ozone-manager-1.4.0-SNAPSHOT.jar:?]
	at org.apache.hadoop.ozone.om.KeyManagerImpl.getFileStatus(KeyManagerImpl.java:1111) ~[ozone-manager-1.4.0-SNAPSHOT.jar:?]
	at org.apache.hadoop.ozone.om.OmMetadataReader.getFileStatus(OmMetadataReader.java:262) ~[ozone-manager-1.4.0-SNAPSHOT.jar:?]
	at org.apache.hadoop.ozone.om.OzoneManager.getFileStatus(OzoneManager.java:3533) ~[ozone-manager-1.4.0-SNAPSHOT.jar:?]
	at org.apache.hadoop.ozone.protocolPB.OzoneManagerRequestHandler.getOzoneFileStatus(OzoneManagerRequestHandler.java:971) ~[ozone-manager-1.4.0-SNAPSHOT.jar:?]
	at org.apache.hadoop.ozone.protocolPB.OzoneManagerRequestHandler.handleReadRequest(OzoneManagerRequestHandler.java:250) ~[ozone-manager-1.4.0-SNAPSHOT.jar:?]
	at org.apache.hadoop.ozone.protocolPB.OzoneManagerProtocolServerSideTranslatorPB.submitRequestDirectlyToOM(OzoneManagerProtocolServerSideTranslatorPB.java:274) ~[ozone-manager-1.4.0-SNAPSHOT.jar:?]
	at org.apache.hadoop.ozone.protocolPB.OzoneManagerProtocolServerSideTranslatorPB.processRequest(OzoneManagerProtocolServerSideTranslatorPB.java:175) ~[ozone-manager-1.4.0-SNAPSHOT.jar:?]
	at org.apache.hadoop.hdds.server.OzoneProtocolMessageDispatcher.processRequest(OzoneProtocolMessageDispatcher.java:87) [hdds-server-framework-1.4.0-SNAPSHOT.jar:?]
	at org.apache.hadoop.ozone.protocolPB.OzoneManagerProtocolServerSideTranslatorPB.submitRequest(OzoneManagerProtocolServerSideTranslatorPB.java:148) [ozone-manager-1.4.0-SNAPSHOT.jar:?]
	at org.apache.hadoop.ozone.protocol.proto.OzoneManagerProtocolProtos$OzoneManagerService$2.callBlockingMethod(OzoneManagerProtocolProtos.java) [ozone-interface-client-1.4.0-SNAPSHOT.jar:?]
	at org.apache.hadoop.ipc.ProtobufRpcEngine$Server.processCall(ProtobufRpcEngine.java:484) [hadoop-common-3.3.6.jar:?]
	at org.apache.hadoop.ipc.ProtobufRpcEngine2$Server$ProtoBufRpcInvoker.call(ProtobufRpcEngine2.java:595) [hadoop-common-3.3.6.jar:?]
	at org.apache.hadoop.ipc.ProtobufRpcEngine2$Server$ProtoBufRpcInvoker.call(ProtobufRpcEngine2.java:573) [hadoop-common-3.3.6.jar:?]
	at org.apache.hadoop.ipc.RPC$Server.call(RPC.java:1227) [hadoop-common-3.3.6.jar:?]
	at org.apache.hadoop.ipc.Server$RpcCall.run(Server.java:1094) [hadoop-common-3.3.6.jar:?]
	at org.apache.hadoop.ipc.Server$RpcCall.run(Server.java:1017) [hadoop-common-3.3.6.jar:?]
	at java.security.AccessController.doPrivileged(Native Method) ~[?:1.8.0_382]
	at javax.security.auth.Subject.doAs(Subject.java:422) [?:1.8.0_382]
	at org.apache.hadoop.security.UserGroupInformation.doAs(UserGroupInformation.java:1899) [hadoop-common-3.3.6.jar:?]
	at org.apache.hadoop.ipc.Server$Handler.run(Server.java:3048) [hadoop-common-3.3.6.jar:?]
17:58:51.389 [IPC Server handler 19 on default port 15057] ERROR OMAudit - user=runner | ip=127.0.0.1 | op=GET_FILE_STATUS {volume=volume83038, bucket=bucket49737, key=testBatchDelete/parent/child4, dataSize=0, replicationConfig=null} | ret=FAILURE
org.apache.hadoop.ozone.om.exceptions.OMException: Unable to get file status: volume: volume83038 bucket: bucket49737 key: testBatchDelete/parent/child4
	at org.apache.hadoop.ozone.om.KeyManagerImpl.getOzoneFileStatusFSO(KeyManagerImpl.java:1327) ~[ozone-manager-1.4.0-SNAPSHOT.jar:?]
	at org.apache.hadoop.ozone.om.KeyManagerImpl.getFileStatus(KeyManagerImpl.java:1111) ~[ozone-manager-1.4.0-SNAPSHOT.jar:?]
	at org.apache.hadoop.ozone.om.OmMetadataReader.getFileStatus(OmMetadataReader.java:262) ~[ozone-manager-1.4.0-SNAPSHOT.jar:?]
	at org.apache.hadoop.ozone.om.OzoneManager.getFileStatus(OzoneManager.java:3533) ~[ozone-manager-1.4.0-SNAPSHOT.jar:?]
	at org.apache.hadoop.ozone.protocolPB.OzoneManagerRequestHandler.getOzoneFileStatus(OzoneManagerRequestHandler.java:971) ~[ozone-manager-1.4.0-SNAPSHOT.jar:?]
	at org.apache.hadoop.ozone.protocolPB.OzoneManagerRequestHandler.handleReadRequest(OzoneManagerRequestHandler.java:250) ~[ozone-manager-1.4.0-SNAPSHOT.jar:?]
	at org.apache.hadoop.ozone.protocolPB.OzoneManagerProtocolServerSideTranslatorPB.submitRequestDirectlyToOM(OzoneManagerProtocolServerSideTranslatorPB.java:274) ~[ozone-manager-1.4.0-SNAPSHOT.jar:?]
	at org.apache.hadoop.ozone.protocolPB.OzoneManagerProtocolServerSideTranslatorPB.processRequest(OzoneManagerProtocolServerSideTranslatorPB.java:175) ~[ozone-manager-1.4.0-SNAPSHOT.jar:?]
	at org.apache.hadoop.hdds.server.OzoneProtocolMessageDispatcher.processRequest(OzoneProtocolMessageDispatcher.java:87) [hdds-server-framework-1.4.0-SNAPSHOT.jar:?]
	at org.apache.hadoop.ozone.protocolPB.OzoneManagerProtocolServerSideTranslatorPB.submitRequest(OzoneManagerProtocolServerSideTranslatorPB.java:148) [ozone-manager-1.4.0-SNAPSHOT.jar:?]
	at org.apache.hadoop.ozone.protocol.proto.OzoneManagerProtocolProtos$OzoneManagerService$2.callBlockingMethod(OzoneManagerProtocolProtos.java) [ozone-interface-client-1.4.0-SNAPSHOT.jar:?]
	at org.apache.hadoop.ipc.ProtobufRpcEngine$Server.processCall(ProtobufRpcEngine.java:484) [hadoop-common-3.3.6.jar:?]
	at org.apache.hadoop.ipc.ProtobufRpcEngine2$Server$ProtoBufRpcInvoker.call(ProtobufRpcEngine2.java:595) [hadoop-common-3.3.6.jar:?]
	at org.apache.hadoop.ipc.ProtobufRpcEngine2$Server$ProtoBufRpcInvoker.call(ProtobufRpcEngine2.java:573) [hadoop-common-3.3.6.jar:?]
	at org.apache.hadoop.ipc.RPC$Server.call(RPC.java:1227) [hadoop-common-3.3.6.jar:?]
	at org.apache.hadoop.ipc.Server$RpcCall.run(Server.java:1094) [hadoop-common-3.3.6.jar:?]
	at org.apache.hadoop.ipc.Server$RpcCall.run(Server.java:1017) [hadoop-common-3.3.6.jar:?]
	at java.security.AccessController.doPrivileged(Native Method) ~[?:1.8.0_382]
	at javax.security.auth.Subject.doAs(Subject.java:422) [?:1.8.0_382]
	at org.apache.hadoop.security.UserGroupInformation.doAs(UserGroupInformation.java:1899) [hadoop-common-3.3.6.jar:?]
	at org.apache.hadoop.ipc.Server$Handler.run(Server.java:3048) [hadoop-common-3.3.6.jar:?]
17:58:51.390 [IPC Server handler 2 on default port 15057] ERROR OMAudit - user=runner | ip=127.0.0.1 | op=GET_FILE_STATUS {volume=volume83038, bucket=bucket49737, key=testBatchDelete/parent/childFolder/child4, dataSize=0, replicationConfig=null} | ret=FAILURE
org.apache.hadoop.ozone.om.exceptions.OMException: Unable to get file status: volume: volume83038 bucket: bucket49737 key: testBatchDelete/parent/childFolder/child4
	at org.apache.hadoop.ozone.om.KeyManagerImpl.getOzoneFileStatusFSO(KeyManagerImpl.java:1327) ~[ozone-manager-1.4.0-SNAPSHOT.jar:?]
	at org.apache.hadoop.ozone.om.KeyManagerImpl.getFileStatus(KeyManagerImpl.java:1111) ~[ozone-manager-1.4.0-SNAPSHOT.jar:?]
	at org.apache.hadoop.ozone.om.OmMetadataReader.getFileStatus(OmMetadataReader.java:262) ~[ozone-manager-1.4.0-SNAPSHOT.jar:?]
	at org.apache.hadoop.ozone.om.OzoneManager.getFileStatus(OzoneManager.java:3533) ~[ozone-manager-1.4.0-SNAPSHOT.jar:?]
	at org.apache.hadoop.ozone.protocolPB.OzoneManagerRequestHandler.getOzoneFileStatus(OzoneManagerRequestHandler.java:971) ~[ozone-manager-1.4.0-SNAPSHOT.jar:?]
	at org.apache.hadoop.ozone.protocolPB.OzoneManagerRequestHandler.handleReadRequest(OzoneManagerRequestHandler.java:250) ~[ozone-manager-1.4.0-SNAPSHOT.jar:?]
	at org.apache.hadoop.ozone.protocolPB.OzoneManagerProtocolServerSideTranslatorPB.submitRequestDirectlyToOM(OzoneManagerProtocolServerSideTranslatorPB.java:274) ~[ozone-manager-1.4.0-SNAPSHOT.jar:?]
	at org.apache.hadoop.ozone.protocolPB.OzoneManagerProtocolServerSideTranslatorPB.processRequest(OzoneManagerProtocolServerSideTranslatorPB.java:175) ~[ozone-manager-1.4.0-SNAPSHOT.jar:?]
	at org.apache.hadoop.hdds.server.OzoneProtocolMessageDispatcher.processRequest(OzoneProtocolMessageDispatcher.java:87) [hdds-server-framework-1.4.0-SNAPSHOT.jar:?]
	at org.apache.hadoop.ozone.protocolPB.OzoneManagerProtocolServerSideTranslatorPB.submitRequest(OzoneManagerProtocolServerSideTranslatorPB.java:148) [ozone-manager-1.4.0-SNAPSHOT.jar:?]
	at org.apache.hadoop.ozone.protocol.proto.OzoneManagerProtocolProtos$OzoneManagerService$2.callBlockingMethod(OzoneManagerProtocolProtos.java) [ozone-interface-client-1.4.0-SNAPSHOT.jar:?]
	at org.apache.hadoop.ipc.ProtobufRpcEngine$Server.processCall(ProtobufRpcEngine.java:484) [hadoop-common-3.3.6.jar:?]
	at org.apache.hadoop.ipc.ProtobufRpcEngine2$Server$ProtoBufRpcInvoker.call(ProtobufRpcEngine2.java:595) [hadoop-common-3.3.6.jar:?]
	at org.apache.hadoop.ipc.ProtobufRpcEngine2$Server$ProtoBufRpcInvoker.call(ProtobufRpcEngine2.java:573) [hadoop-common-3.3.6.jar:?]
	at org.apache.hadoop.ipc.RPC$Server.call(RPC.java:1227) [hadoop-common-3.3.6.jar:?]
	at org.apache.hadoop.ipc.Server$RpcCall.run(Server.java:1094) [hadoop-common-3.3.6.jar:?]
	at org.apache.hadoop.ipc.Server$RpcCall.run(Server.java:1017) [hadoop-common-3.3.6.jar:?]
	at java.security.AccessController.doPrivileged(Native Method) ~[?:1.8.0_382]
	at javax.security.auth.Subject.doAs(Subject.java:422) [?:1.8.0_382]
	at org.apache.hadoop.security.UserGroupInformation.doAs(UserGroupInformation.java:1899) [hadoop-common-3.3.6.jar:?]
	at org.apache.hadoop.ipc.Server$Handler.run(Server.java:3048) [hadoop-common-3.3.6.jar:?]
17:58:51.392 [IPC Server handler 3 on default port 15057] ERROR OMAudit - user=runner | ip=127.0.0.1 | op=GET_FILE_STATUS {volume=volume83038, bucket=bucket49737, key=testBatchDelete/parent/child5, dataSize=0, replicationConfig=null} | ret=FAILURE
org.apache.hadoop.ozone.om.exceptions.OMException: Unable to get file status: volume: volume83038 bucket: bucket49737 key: testBatchDelete/parent/child5
	at org.apache.hadoop.ozone.om.KeyManagerImpl.getOzoneFileStatusFSO(KeyManagerImpl.java:1327) ~[ozone-manager-1.4.0-SNAPSHOT.jar:?]
	at org.apache.hadoop.ozone.om.KeyManagerImpl.getFileStatus(KeyManagerImpl.java:1111) ~[ozone-manager-1.4.0-SNAPSHOT.jar:?]
	at org.apache.hadoop.ozone.om.OmMetadataReader.getFileStatus(OmMetadataReader.java:262) ~[ozone-manager-1.4.0-SNAPSHOT.jar:?]
	at org.apache.hadoop.ozone.om.OzoneManager.getFileStatus(OzoneManager.java:3533) ~[ozone-manager-1.4.0-SNAPSHOT.jar:?]
	at org.apache.hadoop.ozone.protocolPB.OzoneManagerRequestHandler.getOzoneFileStatus(OzoneManagerRequestHandler.java:971) ~[ozone-manager-1.4.0-SNAPSHOT.jar:?]
	at org.apache.hadoop.ozone.protocolPB.OzoneManagerRequestHandler.handleReadRequest(OzoneManagerRequestHandler.java:250) ~[ozone-manager-1.4.0-SNAPSHOT.jar:?]
	at org.apache.hadoop.ozone.protocolPB.OzoneManagerProtocolServerSideTranslatorPB.submitRequestDirectlyToOM(OzoneManagerProtocolServerSideTranslatorPB.java:274) ~[ozone-manager-1.4.0-SNAPSHOT.jar:?]
	at org.apache.hadoop.ozone.protocolPB.OzoneManagerProtocolServerSideTranslatorPB.processRequest(OzoneManagerProtocolServerSideTranslatorPB.java:175) ~[ozone-manager-1.4.0-SNAPSHOT.jar:?]
	at org.apache.hadoop.hdds.server.OzoneProtocolMessageDispatcher.processRequest(OzoneProtocolMessageDispatcher.java:87) [hdds-server-framework-1.4.0-SNAPSHOT.jar:?]
	at org.apache.hadoop.ozone.protocolPB.OzoneManagerProtocolServerSideTranslatorPB.submitRequest(OzoneManagerProtocolServerSideTranslatorPB.java:148) [ozone-manager-1.4.0-SNAPSHOT.jar:?]
	at org.apache.hadoop.ozone.protocol.proto.OzoneManagerProtocolProtos$OzoneManagerService$2.callBlockingMethod(OzoneManagerProtocolProtos.java) [ozone-interface-client-1.4.0-SNAPSHOT.jar:?]
	at org.apache.hadoop.ipc.ProtobufRpcEngine$Server.processCall(ProtobufRpcEngine.java:484) [hadoop-common-3.3.6.jar:?]
	at org.apache.hadoop.ipc.ProtobufRpcEngine2$Server$ProtoBufRpcInvoker.call(ProtobufRpcEngine2.java:595) [hadoop-common-3.3.6.jar:?]
	at org.apache.hadoop.ipc.ProtobufRpcEngine2$Server$ProtoBufRpcInvoker.call(ProtobufRpcEngine2.java:573) [hadoop-common-3.3.6.jar:?]
	at org.apache.hadoop.ipc.RPC$Server.call(RPC.java:1227) [hadoop-common-3.3.6.jar:?]
	at org.apache.hadoop.ipc.Server$RpcCall.run(Server.java:1094) [hadoop-common-3.3.6.jar:?]
	at org.apache.hadoop.ipc.Server$RpcCall.run(Server.java:1017) [hadoop-common-3.3.6.jar:?]
	at java.security.AccessController.doPrivileged(Native Method) ~[?:1.8.0_382]
	at javax.security.auth.Subject.doAs(Subject.java:422) [?:1.8.0_382]
	at org.apache.hadoop.security.UserGroupInformation.doAs(UserGroupInformation.java:1899) [hadoop-common-3.3.6.jar:?]
	at org.apache.hadoop.ipc.Server$Handler.run(Server.java:3048) [hadoop-common-3.3.6.jar:?]
17:58:51.393 [IPC Server handler 6 on default port 15057] ERROR OMAudit - user=runner | ip=127.0.0.1 | op=GET_FILE_STATUS {volume=volume83038, bucket=bucket49737, key=testBatchDelete/parent/childFolder/child5, dataSize=0, replicationConfig=null} | ret=FAILURE
org.apache.hadoop.ozone.om.exceptions.OMException: Unable to get file status: volume: volume83038 bucket: bucket49737 key: testBatchDelete/parent/childFolder/child5
	at org.apache.hadoop.ozone.om.KeyManagerImpl.getOzoneFileStatusFSO(KeyManagerImpl.java:1327) ~[ozone-manager-1.4.0-SNAPSHOT.jar:?]
	at org.apache.hadoop.ozone.om.KeyManagerImpl.getFileStatus(KeyManagerImpl.java:1111) ~[ozone-manager-1.4.0-SNAPSHOT.jar:?]
	at org.apache.hadoop.ozone.om.OmMetadataReader.getFileStatus(OmMetadataReader.java:262) ~[ozone-manager-1.4.0-SNAPSHOT.jar:?]
	at org.apache.hadoop.ozone.om.OzoneManager.getFileStatus(OzoneManager.java:3533) ~[ozone-manager-1.4.0-SNAPSHOT.jar:?]
	at org.apache.hadoop.ozone.protocolPB.OzoneManagerRequestHandler.getOzoneFileStatus(OzoneManagerRequestHandler.java:971) ~[ozone-manager-1.4.0-SNAPSHOT.jar:?]
	at org.apache.hadoop.ozone.protocolPB.OzoneManagerRequestHandler.handleReadRequest(OzoneManagerRequestHandler.java:250) ~[ozone-manager-1.4.0-SNAPSHOT.jar:?]
	at org.apache.hadoop.ozone.protocolPB.OzoneManagerProtocolServerSideTranslatorPB.submitRequestDirectlyToOM(OzoneManagerProtocolServerSideTranslatorPB.java:274) ~[ozone-manager-1.4.0-SNAPSHOT.jar:?]
	at org.apache.hadoop.ozone.protocolPB.OzoneManagerProtocolServerSideTranslatorPB.processRequest(OzoneManagerProtocolServerSideTranslatorPB.java:175) ~[ozone-manager-1.4.0-SNAPSHOT.jar:?]
	at org.apache.hadoop.hdds.server.OzoneProtocolMessageDispatcher.processRequest(OzoneProtocolMessageDispatcher.java:87) [hdds-server-framework-1.4.0-SNAPSHOT.jar:?]
	at org.apache.hadoop.ozone.protocolPB.OzoneManagerProtocolServerSideTranslatorPB.submitRequest(OzoneManagerProtocolServerSideTranslatorPB.java:148) [ozone-manager-1.4.0-SNAPSHOT.jar:?]
	at org.apache.hadoop.ozone.protocol.proto.OzoneManagerProtocolProtos$OzoneManagerService$2.callBlockingMethod(OzoneManagerProtocolProtos.java) [ozone-interface-client-1.4.0-SNAPSHOT.jar:?]
	at org.apache.hadoop.ipc.ProtobufRpcEngine$Server.processCall(ProtobufRpcEngine.java:484) [hadoop-common-3.3.6.jar:?]
	at org.apache.hadoop.ipc.ProtobufRpcEngine2$Server$ProtoBufRpcInvoker.call(ProtobufRpcEngine2.java:595) [hadoop-common-3.3.6.jar:?]
	at org.apache.hadoop.ipc.ProtobufRpcEngine2$Server$ProtoBufRpcInvoker.call(ProtobufRpcEngine2.java:573) [hadoop-common-3.3.6.jar:?]
	at org.apache.hadoop.ipc.RPC$Server.call(RPC.java:1227) [hadoop-common-3.3.6.jar:?]
	at org.apache.hadoop.ipc.Server$RpcCall.run(Server.java:1094) [hadoop-common-3.3.6.jar:?]
	at org.apache.hadoop.ipc.Server$RpcCall.run(Server.java:1017) [hadoop-common-3.3.6.jar:?]
	at java.security.AccessController.doPrivileged(Native Method) ~[?:1.8.0_382]
	at javax.security.auth.Subject.doAs(Subject.java:422) [?:1.8.0_382]
	at org.apache.hadoop.security.UserGroupInformation.doAs(UserGroupInformation.java:1899) [hadoop-common-3.3.6.jar:?]
	at org.apache.hadoop.ipc.Server$Handler.run(Server.java:3048) [hadoop-common-3.3.6.jar:?]
17:58:51.395 [IPC Server handler 7 on default port 15057] ERROR OMAudit - user=runner | ip=127.0.0.1 | op=GET_FILE_STATUS {volume=volume83038, bucket=bucket49737, key=testBatchDelete/parent/child6, dataSize=0, replicationConfig=null} | ret=FAILURE
org.apache.hadoop.ozone.om.exceptions.OMException: Unable to get file status: volume: volume83038 bucket: bucket49737 key: testBatchDelete/parent/child6
	at org.apache.hadoop.ozone.om.KeyManagerImpl.getOzoneFileStatusFSO(KeyManagerImpl.java:1327) ~[ozone-manager-1.4.0-SNAPSHOT.jar:?]
	at org.apache.hadoop.ozone.om.KeyManagerImpl.getFileStatus(KeyManagerImpl.java:1111) ~[ozone-manager-1.4.0-SNAPSHOT.jar:?]
	at org.apache.hadoop.ozone.om.OmMetadataReader.getFileStatus(OmMetadataReader.java:262) ~[ozone-manager-1.4.0-SNAPSHOT.jar:?]
	at org.apache.hadoop.ozone.om.OzoneManager.getFileStatus(OzoneManager.java:3533) ~[ozone-manager-1.4.0-SNAPSHOT.jar:?]
	at org.apache.hadoop.ozone.protocolPB.OzoneManagerRequestHandler.getOzoneFileStatus(OzoneManagerRequestHandler.java:971) ~[ozone-manager-1.4.0-SNAPSHOT.jar:?]
	at org.apache.hadoop.ozone.protocolPB.OzoneManagerRequestHandler.handleReadRequest(OzoneManagerRequestHandler.java:250) ~[ozone-manager-1.4.0-SNAPSHOT.jar:?]
	at org.apache.hadoop.ozone.protocolPB.OzoneManagerProtocolServerSideTranslatorPB.submitRequestDirectlyToOM(OzoneManagerProtocolServerSideTranslatorPB.java:274) ~[ozone-manager-1.4.0-SNAPSHOT.jar:?]
	at org.apache.hadoop.ozone.protocolPB.OzoneManagerProtocolServerSideTranslatorPB.processRequest(OzoneManagerProtocolServerSideTranslatorPB.java:175) ~[ozone-manager-1.4.0-SNAPSHOT.jar:?]
	at org.apache.hadoop.hdds.server.OzoneProtocolMessageDispatcher.processRequest(OzoneProtocolMessageDispatcher.java:87) [hdds-server-framework-1.4.0-SNAPSHOT.jar:?]
	at org.apache.hadoop.ozone.protocolPB.OzoneManagerProtocolServerSideTranslatorPB.submitRequest(OzoneManagerProtocolServerSideTranslatorPB.java:148) [ozone-manager-1.4.0-SNAPSHOT.jar:?]
	at org.apache.hadoop.ozone.protocol.proto.OzoneManagerProtocolProtos$OzoneManagerService$2.callBlockingMethod(OzoneManagerProtocolProtos.java) [ozone-interface-client-1.4.0-SNAPSHOT.jar:?]
	at org.apache.hadoop.ipc.ProtobufRpcEngine$Server.processCall(ProtobufRpcEngine.java:484) [hadoop-common-3.3.6.jar:?]
	at org.apache.hadoop.ipc.ProtobufRpcEngine2$Server$ProtoBufRpcInvoker.call(ProtobufRpcEngine2.java:595) [hadoop-common-3.3.6.jar:?]
	at org.apache.hadoop.ipc.ProtobufRpcEngine2$Server$ProtoBufRpcInvoker.call(ProtobufRpcEngine2.java:573) [hadoop-common-3.3.6.jar:?]
	at org.apache.hadoop.ipc.RPC$Server.call(RPC.java:1227) [hadoop-common-3.3.6.jar:?]
	at org.apache.hadoop.ipc.Server$RpcCall.run(Server.java:1094) [hadoop-common-3.3.6.jar:?]
	at org.apache.hadoop.ipc.Server$RpcCall.run(Server.java:1017) [hadoop-common-3.3.6.jar:?]
	at java.security.AccessController.doPrivileged(Native Method) ~[?:1.8.0_382]
	at javax.security.auth.Subject.doAs(Subject.java:422) [?:1.8.0_382]
	at org.apache.hadoop.security.UserGroupInformation.doAs(UserGroupInformation.java:1899) [hadoop-common-3.3.6.jar:?]
	at org.apache.hadoop.ipc.Server$Handler.run(Server.java:3048) [hadoop-common-3.3.6.jar:?]
17:58:51.396 [IPC Server handler 11 on default port 15057] ERROR OMAudit - user=runner | ip=127.0.0.1 | op=GET_FILE_STATUS {volume=volume83038, bucket=bucket49737, key=testBatchDelete/parent/childFolder/child6, dataSize=0, replicationConfig=null} | ret=FAILURE
org.apache.hadoop.ozone.om.exceptions.OMException: Unable to get file status: volume: volume83038 bucket: bucket49737 key: testBatchDelete/parent/childFolder/child6
	at org.apache.hadoop.ozone.om.KeyManagerImpl.getOzoneFileStatusFSO(KeyManagerImpl.java:1327) ~[ozone-manager-1.4.0-SNAPSHOT.jar:?]
	at org.apache.hadoop.ozone.om.KeyManagerImpl.getFileStatus(KeyManagerImpl.java:1111) ~[ozone-manager-1.4.0-SNAPSHOT.jar:?]
	at org.apache.hadoop.ozone.om.OmMetadataReader.getFileStatus(OmMetadataReader.java:262) ~[ozone-manager-1.4.0-SNAPSHOT.jar:?]
	at org.apache.hadoop.ozone.om.OzoneManager.getFileStatus(OzoneManager.java:3533) ~[ozone-manager-1.4.0-SNAPSHOT.jar:?]
	at org.apache.hadoop.ozone.protocolPB.OzoneManagerRequestHandler.getOzoneFileStatus(OzoneManagerRequestHandler.java:971) ~[ozone-manager-1.4.0-SNAPSHOT.jar:?]
	at org.apache.hadoop.ozone.protocolPB.OzoneManagerRequestHandler.handleReadRequest(OzoneManagerRequestHandler.java:250) ~[ozone-manager-1.4.0-SNAPSHOT.jar:?]
	at org.apache.hadoop.ozone.protocolPB.OzoneManagerProtocolServerSideTranslatorPB.submitRequestDirectlyToOM(OzoneManagerProtocolServerSideTranslatorPB.java:274) ~[ozone-manager-1.4.0-SNAPSHOT.jar:?]
	at org.apache.hadoop.ozone.protocolPB.OzoneManagerProtocolServerSideTranslatorPB.processRequest(OzoneManagerProtocolServerSideTranslatorPB.java:175) ~[ozone-manager-1.4.0-SNAPSHOT.jar:?]
	at org.apache.hadoop.hdds.server.OzoneProtocolMessageDispatcher.processRequest(OzoneProtocolMessageDispatcher.java:87) [hdds-server-framework-1.4.0-SNAPSHOT.jar:?]
	at org.apache.hadoop.ozone.protocolPB.OzoneManagerProtocolServerSideTranslatorPB.submitRequest(OzoneManagerProtocolServerSideTranslatorPB.java:148) [ozone-manager-1.4.0-SNAPSHOT.jar:?]
	at org.apache.hadoop.ozone.protocol.proto.OzoneManagerProtocolProtos$OzoneManagerService$2.callBlockingMethod(OzoneManagerProtocolProtos.java) [ozone-interface-client-1.4.0-SNAPSHOT.jar:?]
	at org.apache.hadoop.ipc.ProtobufRpcEngine$Server.processCall(ProtobufRpcEngine.java:484) [hadoop-common-3.3.6.jar:?]
	at org.apache.hadoop.ipc.ProtobufRpcEngine2$Server$ProtoBufRpcInvoker.call(ProtobufRpcEngine2.java:595) [hadoop-common-3.3.6.jar:?]
	at org.apache.hadoop.ipc.ProtobufRpcEngine2$Server$ProtoBufRpcInvoker.call(ProtobufRpcEngine2.java:573) [hadoop-common-3.3.6.jar:?]
	at org.apache.hadoop.ipc.RPC$Server.call(RPC.java:1227) [hadoop-common-3.3.6.jar:?]
	at org.apache.hadoop.ipc.Server$RpcCall.run(Server.java:1094) [hadoop-common-3.3.6.jar:?]
	at org.apache.hadoop.ipc.Server$RpcCall.run(Server.java:1017) [hadoop-common-3.3.6.jar:?]
	at java.security.AccessController.doPrivileged(Native Method) ~[?:1.8.0_382]
	at javax.security.auth.Subject.doAs(Subject.java:422) [?:1.8.0_382]
	at org.apache.hadoop.security.UserGroupInformation.doAs(UserGroupInformation.java:1899) [hadoop-common-3.3.6.jar:?]
	at org.apache.hadoop.ipc.Server$Handler.run(Server.java:3048) [hadoop-common-3.3.6.jar:?]
17:58:51.399 [IPC Server handler 5 on default port 15057] ERROR OMAudit - user=runner | ip=127.0.0.1 | op=GET_FILE_STATUS {volume=volume83038, bucket=bucket49737, key=testBatchDelete/parent/child7, dataSize=0, replicationConfig=null} | ret=FAILURE
org.apache.hadoop.ozone.om.exceptions.OMException: Unable to get file status: volume: volume83038 bucket: bucket49737 key: testBatchDelete/parent/child7
	at org.apache.hadoop.ozone.om.KeyManagerImpl.getOzoneFileStatusFSO(KeyManagerImpl.java:1327) ~[ozone-manager-1.4.0-SNAPSHOT.jar:?]
	at org.apache.hadoop.ozone.om.KeyManagerImpl.getFileStatus(KeyManagerImpl.java:1111) ~[ozone-manager-1.4.0-SNAPSHOT.jar:?]
	at org.apache.hadoop.ozone.om.OmMetadataReader.getFileStatus(OmMetadataReader.java:262) ~[ozone-manager-1.4.0-SNAPSHOT.jar:?]
	at org.apache.hadoop.ozone.om.OzoneManager.getFileStatus(OzoneManager.java:3533) ~[ozone-manager-1.4.0-SNAPSHOT.jar:?]
	at org.apache.hadoop.ozone.protocolPB.OzoneManagerRequestHandler.getOzoneFileStatus(OzoneManagerRequestHandler.java:971) ~[ozone-manager-1.4.0-SNAPSHOT.jar:?]
	at org.apache.hadoop.ozone.protocolPB.OzoneManagerRequestHandler.handleReadRequest(OzoneManagerRequestHandler.java:250) ~[ozone-manager-1.4.0-SNAPSHOT.jar:?]
	at org.apache.hadoop.ozone.protocolPB.OzoneManagerProtocolServerSideTranslatorPB.submitRequestDirectlyToOM(OzoneManagerProtocolServerSideTranslatorPB.java:274) ~[ozone-manager-1.4.0-SNAPSHOT.jar:?]
	at org.apache.hadoop.ozone.protocolPB.OzoneManagerProtocolServerSideTranslatorPB.processRequest(OzoneManagerProtocolServerSideTranslatorPB.java:175) ~[ozone-manager-1.4.0-SNAPSHOT.jar:?]
	at org.apache.hadoop.hdds.server.OzoneProtocolMessageDispatcher.processRequest(OzoneProtocolMessageDispatcher.java:87) [hdds-server-framework-1.4.0-SNAPSHOT.jar:?]
	at org.apache.hadoop.ozone.protocolPB.OzoneManagerProtocolServerSideTranslatorPB.submitRequest(OzoneManagerProtocolServerSideTranslatorPB.java:148) [ozone-manager-1.4.0-SNAPSHOT.jar:?]
	at org.apache.hadoop.ozone.protocol.proto.OzoneManagerProtocolProtos$OzoneManagerService$2.callBlockingMethod(OzoneManagerProtocolProtos.java) [ozone-interface-client-1.4.0-SNAPSHOT.jar:?]
	at org.apache.hadoop.ipc.ProtobufRpcEngine$Server.processCall(ProtobufRpcEngine.java:484) [hadoop-common-3.3.6.jar:?]
	at org.apache.hadoop.ipc.ProtobufRpcEngine2$Server$ProtoBufRpcInvoker.call(ProtobufRpcEngine2.java:595) [hadoop-common-3.3.6.jar:?]
	at org.apache.hadoop.ipc.ProtobufRpcEngine2$Server$ProtoBufRpcInvoker.call(ProtobufRpcEngine2.java:573) [hadoop-common-3.3.6.jar:?]
	at org.apache.hadoop.ipc.RPC$Server.call(RPC.java:1227) [hadoop-common-3.3.6.jar:?]
	at org.apache.hadoop.ipc.Server$RpcCall.run(Server.java:1094) [hadoop-common-3.3.6.jar:?]
	at org.apache.hadoop.ipc.Server$RpcCall.run(Server.java:1017) [hadoop-common-3.3.6.jar:?]
	at java.security.AccessController.doPrivileged(Native Method) ~[?:1.8.0_382]
	at javax.security.auth.Subject.doAs(Subject.java:422) [?:1.8.0_382]
	at org.apache.hadoop.security.UserGroupInformation.doAs(UserGroupInformation.java:1899) [hadoop-common-3.3.6.jar:?]
	at org.apache.hadoop.ipc.Server$Handler.run(Server.java:3048) [hadoop-common-3.3.6.jar:?]
17:58:51.401 [IPC Server handler 13 on default port 15057] ERROR OMAudit - user=runner | ip=127.0.0.1 | op=GET_FILE_STATUS {volume=volume83038, bucket=bucket49737, key=testBatchDelete/parent/childFolder/child7, dataSize=0, replicationConfig=null} | ret=FAILURE
org.apache.hadoop.ozone.om.exceptions.OMException: Unable to get file status: volume: volume83038 bucket: bucket49737 key: testBatchDelete/parent/childFolder/child7
	at org.apache.hadoop.ozone.om.KeyManagerImpl.getOzoneFileStatusFSO(KeyManagerImpl.java:1327) ~[ozone-manager-1.4.0-SNAPSHOT.jar:?]
	at org.apache.hadoop.ozone.om.KeyManagerImpl.getFileStatus(KeyManagerImpl.java:1111) ~[ozone-manager-1.4.0-SNAPSHOT.jar:?]
	at org.apache.hadoop.ozone.om.OmMetadataReader.getFileStatus(OmMetadataReader.java:262) ~[ozone-manager-1.4.0-SNAPSHOT.jar:?]
	at org.apache.hadoop.ozone.om.OzoneManager.getFileStatus(OzoneManager.java:3533) ~[ozone-manager-1.4.0-SNAPSHOT.jar:?]
	at org.apache.hadoop.ozone.protocolPB.OzoneManagerRequestHandler.getOzoneFileStatus(OzoneManagerRequestHandler.java:971) ~[ozone-manager-1.4.0-SNAPSHOT.jar:?]
	at org.apache.hadoop.ozone.protocolPB.OzoneManagerRequestHandler.handleReadRequest(OzoneManagerRequestHandler.java:250) ~[ozone-manager-1.4.0-SNAPSHOT.jar:?]
	at org.apache.hadoop.ozone.protocolPB.OzoneManagerProtocolServerSideTranslatorPB.submitRequestDirectlyToOM(OzoneManagerProtocolServerSideTranslatorPB.java:274) ~[ozone-manager-1.4.0-SNAPSHOT.jar:?]
	at org.apache.hadoop.ozone.protocolPB.OzoneManagerProtocolServerSideTranslatorPB.processRequest(OzoneManagerProtocolServerSideTranslatorPB.java:175) ~[ozone-manager-1.4.0-SNAPSHOT.jar:?]
	at org.apache.hadoop.hdds.server.OzoneProtocolMessageDispatcher.processRequest(OzoneProtocolMessageDispatcher.java:87) [hdds-server-framework-1.4.0-SNAPSHOT.jar:?]
	at org.apache.hadoop.ozone.protocolPB.OzoneManagerProtocolServerSideTranslatorPB.submitRequest(OzoneManagerProtocolServerSideTranslatorPB.java:148) [ozone-manager-1.4.0-SNAPSHOT.jar:?]
	at org.apache.hadoop.ozone.protocol.proto.OzoneManagerProtocolProtos$OzoneManagerService$2.callBlockingMethod(OzoneManagerProtocolProtos.java) [ozone-interface-client-1.4.0-SNAPSHOT.jar:?]
	at org.apache.hadoop.ipc.ProtobufRpcEngine$Server.processCall(ProtobufRpcEngine.java:484) [hadoop-common-3.3.6.jar:?]
	at org.apache.hadoop.ipc.ProtobufRpcEngine2$Server$ProtoBufRpcInvoker.call(ProtobufRpcEngine2.java:595) [hadoop-common-3.3.6.jar:?]
	at org.apache.hadoop.ipc.ProtobufRpcEngine2$Server$ProtoBufRpcInvoker.call(ProtobufRpcEngine2.java:573) [hadoop-common-3.3.6.jar:?]
	at org.apache.hadoop.ipc.RPC$Server.call(RPC.java:1227) [hadoop-common-3.3.6.jar:?]
	at org.apache.hadoop.ipc.Server$RpcCall.run(Server.java:1094) [hadoop-common-3.3.6.jar:?]
	at org.apache.hadoop.ipc.Server$RpcCall.run(Server.java:1017) [hadoop-common-3.3.6.jar:?]
	at java.security.AccessController.doPrivileged(Native Method) ~[?:1.8.0_382]
	at javax.security.auth.Subject.doAs(Subject.java:422) [?:1.8.0_382]
	at org.apache.hadoop.security.UserGroupInformation.doAs(UserGroupInformation.java:1899) [hadoop-common-3.3.6.jar:?]
	at org.apache.hadoop.ipc.Server$Handler.run(Server.java:3048) [hadoop-common-3.3.6.jar:?]
17:58:51.402 [IPC Server handler 17 on default port 15057] ERROR OMAudit - user=runner | ip=127.0.0.1 | op=GET_FILE_STATUS {volume=volume83038, bucket=bucket49737, key=testBatchDelete/parent, dataSize=0, replicationConfig=null} | ret=FAILURE
org.apache.hadoop.ozone.om.exceptions.OMException: Unable to get file status: volume: volume83038 bucket: bucket49737 key: testBatchDelete/parent
	at org.apache.hadoop.ozone.om.KeyManagerImpl.getOzoneFileStatusFSO(KeyManagerImpl.java:1327) ~[ozone-manager-1.4.0-SNAPSHOT.jar:?]
	at org.apache.hadoop.ozone.om.KeyManagerImpl.getFileStatus(KeyManagerImpl.java:1111) ~[ozone-manager-1.4.0-SNAPSHOT.jar:?]
	at org.apache.hadoop.ozone.om.OmMetadataReader.getFileStatus(OmMetadataReader.java:262) ~[ozone-manager-1.4.0-SNAPSHOT.jar:?]
	at org.apache.hadoop.ozone.om.OzoneManager.getFileStatus(OzoneManager.java:3533) ~[ozone-manager-1.4.0-SNAPSHOT.jar:?]
	at org.apache.hadoop.ozone.protocolPB.OzoneManagerRequestHandler.getOzoneFileStatus(OzoneManagerRequestHandler.java:971) ~[ozone-manager-1.4.0-SNAPSHOT.jar:?]
	at org.apache.hadoop.ozone.protocolPB.OzoneManagerRequestHandler.handleReadRequest(OzoneManagerRequestHandler.java:250) ~[ozone-manager-1.4.0-SNAPSHOT.jar:?]
	at org.apache.hadoop.ozone.protocolPB.OzoneManagerProtocolServerSideTranslatorPB.submitRequestDirectlyToOM(OzoneManagerProtocolServerSideTranslatorPB.java:274) ~[ozone-manager-1.4.0-SNAPSHOT.jar:?]
	at org.apache.hadoop.ozone.protocolPB.OzoneManagerProtocolServerSideTranslatorPB.processRequest(OzoneManagerProtocolServerSideTranslatorPB.java:175) ~[ozone-manager-1.4.0-SNAPSHOT.jar:?]
	at org.apache.hadoop.hdds.server.OzoneProtocolMessageDispatcher.processRequest(OzoneProtocolMessageDispatcher.java:87) [hdds-server-framework-1.4.0-SNAPSHOT.jar:?]
	at org.apache.hadoop.ozone.protocolPB.OzoneManagerProtocolServerSideTranslatorPB.submitRequest(OzoneManagerProtocolServerSideTranslatorPB.java:148) [ozone-manager-1.4.0-SNAPSHOT.jar:?]
	at org.apache.hadoop.ozone.protocol.proto.OzoneManagerProtocolProtos$OzoneManagerService$2.callBlockingMethod(OzoneManagerProtocolProtos.java) [ozone-interface-client-1.4.0-SNAPSHOT.jar:?]
	at org.apache.hadoop.ipc.ProtobufRpcEngine$Server.processCall(ProtobufRpcEngine.java:484) [hadoop-common-3.3.6.jar:?]
	at org.apache.hadoop.ipc.ProtobufRpcEngine2$Server$ProtoBufRpcInvoker.call(ProtobufRpcEngine2.java:595) [hadoop-common-3.3.6.jar:?]
	at org.apache.hadoop.ipc.ProtobufRpcEngine2$Server$ProtoBufRpcInvoker.call(ProtobufRpcEngine2.java:573) [hadoop-common-3.3.6.jar:?]
	at org.apache.hadoop.ipc.RPC$Server.call(RPC.java:1227) [hadoop-common-3.3.6.jar:?]
	at org.apache.hadoop.ipc.Server$RpcCall.run(Server.java:1094) [hadoop-common-3.3.6.jar:?]
	at org.apache.hadoop.ipc.Server$RpcCall.run(Server.java:1017) [hadoop-common-3.3.6.jar:?]
	at java.security.AccessController.doPrivileged(Native Method) ~[?:1.8.0_382]
	at javax.security.auth.Subject.doAs(Subject.java:422) [?:1.8.0_382]
	at org.apache.hadoop.security.UserGroupInformation.doAs(UserGroupInformation.java:1899) [hadoop-common-3.3.6.jar:?]
	at org.apache.hadoop.ipc.Server$Handler.run(Server.java:3048) [hadoop-common-3.3.6.jar:?]
2023-09-25 17:58:51,402 [Time-limited test] WARN  ozone.BasicRootedOzoneFileSystem (BasicRootedOzoneFileSystem.java:delete(704)) - delete: Path does not exist: /volume83038/bucket49737/testBatchDelete/parent
]]></system-out>
  </testcase>
  <testcase name="testListStatusIteratorOnPageSize" classname="TestRootedOzoneFileSystemWithFSO" time="47.013">
    <system-out><![CDATA[2023-09-25 17:57:11,939 [Time-limited test] INFO  rpc.RpcClient (RpcClient.java:createVolume(461)) - Creating Volume: volume96886, with user28897 as owner and space quota set to -1 bytes, counts quota set to -1
2023-09-25 17:57:11,942 [OM StateMachine ApplyTransaction Thread - 0] INFO  volume.OMVolumeCreateRequest (OMVolumeCreateRequest.java:validateAndUpdateCache(196)) - created volume:volume96886 for user:user28897
2023-09-25 17:57:11,943 [Time-limited test] INFO  rpc.RpcClient (RpcClient.java:createBucket(688)) - Creating Bucket: volume96886/bucket66124, with bucket layout FILE_SYSTEM_OPTIMIZED, runner as owner, Versioning false, Storage Type set to DISK and Encryption set to false, Replication Type set to server-side default replication type, Namespace Quota set to -1, Space Quota set to -1 
2023-09-25 17:57:11,945 [OM StateMachine ApplyTransaction Thread - 0] INFO  bucket.OMBucketCreateRequest (OMBucketCreateRequest.java:validateAndUpdateCache(270)) - created bucket: bucket66124 of layout FILE_SYSTEM_OPTIMIZED in volume: volume96886
2023-09-25 17:57:20,109 [SstFilteringService#0] INFO  snapshot.SnapshotCache (SnapshotCache.java:lambda$1(170)) - Loading snapshot. Table key: /volume10543/bucket70683/s20230925-175705.348
2023-09-25 17:57:20,112 [SstFilteringService#0] INFO  snapshot.SnapshotCache (SnapshotCache.java:lambda$1(170)) - Loading snapshot. Table key: /volume10543/bucket70683/s20230925-175705.420
2023-09-25 17:57:20,371 [IPC Server handler 13 on default port 15001] INFO  ha.SequenceIdGenerator (SequenceIdGenerator.java:getNextId(140)) - Allocate a batch for delTxnId, change lastId from 0 to 1000.
2023-09-25 17:57:20,747 [KeyDeletingService#0] INFO  snapshot.SnapshotCache (SnapshotCache.java:lambda$1(170)) - Loading snapshot. Table key: /volume10543/bucket70683/s20230925-175705.348
2023-09-25 17:57:20,748 [KeyDeletingService#0] INFO  snapshot.SnapshotCache (SnapshotCache.java:lambda$1(170)) - Loading snapshot. Table key: /volume10543/bucket70683/s20230925-175705.420
2023-09-25 17:57:20,749 [KeyDeletingService#0] INFO  snapshot.SnapshotCache (SnapshotCache.java:lambda$1(170)) - Loading snapshot. Table key: /volume10543/bucket70683/s20230925-175705.348
2023-09-25 17:57:20,755 [KeyDeletingService#0] INFO  snapshot.SnapshotCache (SnapshotCache.java:lambda$1(170)) - Loading snapshot. Table key: /volume10543/bucket70683/s20230925-175706.719
2023-09-25 17:57:20,756 [KeyDeletingService#0] INFO  snapshot.SnapshotCache (SnapshotCache.java:lambda$1(170)) - Loading snapshot. Table key: /volume10543/bucket70683/s20230925-175705.420
2023-09-25 17:57:20,777 [KeyDeletingService#0] INFO  snapshot.SnapshotCache (SnapshotCache.java:lambda$1(170)) - Loading snapshot. Table key: /volume37334/bucket06692/snap1
2023-09-25 17:57:20,780 [KeyDeletingService#0] INFO  snapshot.SnapshotCache (SnapshotCache.java:lambda$1(170)) - Loading snapshot. Table key: /volume67921/bucket73363/snap1
2023-09-25 17:57:20,791 [KeyDeletingService#0] INFO  snapshot.SnapshotCache (SnapshotCache.java:lambda$1(170)) - Loading snapshot. Table key: /volume67921/bucket73363/snap2
2023-09-25 17:57:20,792 [KeyDeletingService#0] INFO  snapshot.SnapshotCache (SnapshotCache.java:lambda$1(170)) - Loading snapshot. Table key: /volume67921/bucket73363/snap1
2023-09-25 17:57:22,070 [KeyDeletingService#0] INFO  utils.BackgroundService (AbstractKeyDeletingService.java:optimizeDirDeletesAndSubmitRequest(445)) - Number of dirs deleted: 1036, Number of sub-dir deleted: 23, Number of sub-files moved: 1231 to DeletedTable, Number of sub-dirs moved 0 to DeletedDirectoryTable, iteration elapsed: 1973ms, totalRunCount: 1
2023-09-25 17:57:23,807 [BlockDeletingService#0] INFO  interfaces.ContainerDeletionChoosingPolicyTemplate (ContainerDeletionChoosingPolicyTemplate.java:chooseContainerForBlockDeletion(85)) - Chosen 0/5000 blocks from 0 candidate containers.
2023-09-25 17:57:24,256 [BlockDeletingService#0] INFO  interfaces.ContainerDeletionChoosingPolicyTemplate (ContainerDeletionChoosingPolicyTemplate.java:chooseContainerForBlockDeletion(85)) - Chosen 0/5000 blocks from 0 candidate containers.
2023-09-25 17:57:24,623 [BlockDeletingService#0] INFO  interfaces.ContainerDeletionChoosingPolicyTemplate (ContainerDeletionChoosingPolicyTemplate.java:chooseContainerForBlockDeletion(85)) - Chosen 0/5000 blocks from 0 candidate containers.
2023-09-25 17:57:25,060 [BlockDeletingService#0] INFO  interfaces.ContainerDeletionChoosingPolicyTemplate (ContainerDeletionChoosingPolicyTemplate.java:chooseContainerForBlockDeletion(85)) - Chosen 0/5000 blocks from 0 candidate containers.
2023-09-25 17:57:25,400 [BlockDeletingService#0] INFO  interfaces.ContainerDeletionChoosingPolicyTemplate (ContainerDeletionChoosingPolicyTemplate.java:chooseContainerForBlockDeletion(85)) - Chosen 0/5000 blocks from 0 candidate containers.
2023-09-25 17:57:46,182 [om1-client-thread2] INFO  segmented.SegmentedRaftLogWorker (SegmentedRaftLogWorker.java:rollLogSegment(452)) - om1@group-C5BA1605619E-SegmentedRaftLogWorker: Rolling segment log-0_27038 to index:27038
2023-09-25 17:57:46,184 [om1@group-C5BA1605619E-SegmentedRaftLogWorker] INFO  segmented.SegmentedRaftLogWorker (SegmentedRaftLogWorker.java:execute(608)) - om1@group-C5BA1605619E-SegmentedRaftLogWorker: Rolled log segment from /home/runner/work/ozone/ozone/hadoop-ozone/integration-test/target/test-dir/MiniOzoneClusterImpl-932dec38-ee06-46f6-8792-0cf7b891b204/ozone-meta/ratis/bf265839-605b-3f16-9796-c5ba1605619e/current/log_inprogress_0 to /home/runner/work/ozone/ozone/hadoop-ozone/integration-test/target/test-dir/MiniOzoneClusterImpl-932dec38-ee06-46f6-8792-0cf7b891b204/ozone-meta/ratis/bf265839-605b-3f16-9796-c5ba1605619e/current/log_0-27038
2023-09-25 17:57:46,196 [om1@group-C5BA1605619E-SegmentedRaftLogWorker] INFO  segmented.SegmentedRaftLogWorker (SegmentedRaftLogWorker.java:execute(651)) - om1@group-C5BA1605619E-SegmentedRaftLogWorker: created new log segment /home/runner/work/ozone/ozone/hadoop-ozone/integration-test/target/test-dir/MiniOzoneClusterImpl-932dec38-ee06-46f6-8792-0cf7b891b204/ozone-meta/ratis/bf265839-605b-3f16-9796-c5ba1605619e/current/log_inprogress_27039
]]></system-out>
  </testcase>
  <testcase name="testListStatusIteratorOnPageSize" classname="TestRootedOzoneFileSystemWithFSO" time="34.524">
    <system-out><![CDATA[2023-09-25 17:58:51,427 [Time-limited test] INFO  rpc.RpcClient (RpcClient.java:createVolume(461)) - Creating Volume: volume61971, with user49766 as owner and space quota set to -1 bytes, counts quota set to -1
2023-09-25 17:58:51,428 [IPC Server handler 10 on default port 15057] INFO  volume.OMVolumeCreateRequest (OMVolumeCreateRequest.java:validateAndUpdateCache(196)) - created volume:volume61971 for user:user49766
2023-09-25 17:58:51,429 [Time-limited test] INFO  rpc.RpcClient (RpcClient.java:createBucket(688)) - Creating Bucket: volume61971/bucket43699, with bucket layout FILE_SYSTEM_OPTIMIZED, runner as owner, Versioning false, Storage Type set to DISK and Encryption set to false, Replication Type set to server-side default replication type, Namespace Quota set to -1, Space Quota set to -1 
2023-09-25 17:58:51,430 [IPC Server handler 12 on default port 15057] INFO  bucket.OMBucketCreateRequest (OMBucketCreateRequest.java:validateAndUpdateCache(270)) - created bucket: bucket43699 of layout FILE_SYSTEM_OPTIMIZED in volume: volume61971
2023-09-25 17:58:54,750 [JvmPauseMonitor10] WARN  util.JvmPauseMonitor (JvmPauseMonitor.java:detectPause(124)) - JvmPauseMonitor-a644417b-dd47-4d87-a60a-40004e0b267c: Detected pause in JVM or host machine approximately 0.128s with 0.255s GC time.
GC pool 'PS Scavenge' had collection(s): count=1 time=255ms
2023-09-25 17:58:54,753 [JvmPauseMonitor11] WARN  util.JvmPauseMonitor (JvmPauseMonitor.java:detectPause(124)) - JvmPauseMonitor-8558cc9e-2498-48a0-8a6c-35e11e299077: Detected pause in JVM or host machine approximately 0.184s with 0.255s GC time.
GC pool 'PS Scavenge' had collection(s): count=1 time=255ms
2023-09-25 17:59:16,231 [SstFilteringService#0] INFO  snapshot.SnapshotCache (SnapshotCache.java:lambda$1(170)) - Loading snapshot. Table key: /volume01035/bucket81002/snap1
2023-09-25 17:59:16,232 [SstFilteringService#0] INFO  db.RocksDatabase (RocksDatabase.java:deleteFilesNotMatchingPrefix(989)) - Deleting sst file /000060.sst corresponding to column family fileTable from db: /home/runner/work/ozone/ozone/hadoop-ozone/integration-test/target/test-dir/MiniOzoneClusterImpl-943d6ebb-9f51-4477-b660-6e407d8e3762/ozone-meta/db.snapshots/checkpointState/om.db-27692519-83d8-4567-af03-ae557200827f
2023-09-25 17:59:16,241 [SstFilteringService#0] INFO  managed.ManagedRocksObjectUtils (ManagedRocksObjectUtils.java:waitForFileDelete(95)) - Waited for 7 milliseconds for file /home/runner/work/ozone/ozone/hadoop-ozone/integration-test/target/test-dir/MiniOzoneClusterImpl-943d6ebb-9f51-4477-b660-6e407d8e3762/ozone-meta/db.snapshots/checkpointState/om.db-27692519-83d8-4567-af03-ae557200827f/000060.sst deletion.
2023-09-25 17:59:16,242 [SstFilteringService#0] INFO  db.RocksDatabase (RocksDatabase.java:deleteFilesNotMatchingPrefix(989)) - Deleting sst file /000069.sst corresponding to column family fileTable from db: /home/runner/work/ozone/ozone/hadoop-ozone/integration-test/target/test-dir/MiniOzoneClusterImpl-943d6ebb-9f51-4477-b660-6e407d8e3762/ozone-meta/db.snapshots/checkpointState/om.db-27692519-83d8-4567-af03-ae557200827f
2023-09-25 17:59:16,249 [SstFilteringService#0] INFO  managed.ManagedRocksObjectUtils (ManagedRocksObjectUtils.java:waitForFileDelete(95)) - Waited for 6 milliseconds for file /home/runner/work/ozone/ozone/hadoop-ozone/integration-test/target/test-dir/MiniOzoneClusterImpl-943d6ebb-9f51-4477-b660-6e407d8e3762/ozone-meta/db.snapshots/checkpointState/om.db-27692519-83d8-4567-af03-ae557200827f/000069.sst deletion.
2023-09-25 17:59:16,249 [SstFilteringService#0] INFO  db.RocksDatabase (RocksDatabase.java:deleteFilesNotMatchingPrefix(989)) - Deleting sst file /000076.sst corresponding to column family fileTable from db: /home/runner/work/ozone/ozone/hadoop-ozone/integration-test/target/test-dir/MiniOzoneClusterImpl-943d6ebb-9f51-4477-b660-6e407d8e3762/ozone-meta/db.snapshots/checkpointState/om.db-27692519-83d8-4567-af03-ae557200827f
2023-09-25 17:59:16,258 [SstFilteringService#0] INFO  managed.ManagedRocksObjectUtils (ManagedRocksObjectUtils.java:waitForFileDelete(95)) - Waited for 7 milliseconds for file /home/runner/work/ozone/ozone/hadoop-ozone/integration-test/target/test-dir/MiniOzoneClusterImpl-943d6ebb-9f51-4477-b660-6e407d8e3762/ozone-meta/db.snapshots/checkpointState/om.db-27692519-83d8-4567-af03-ae557200827f/000076.sst deletion.
2023-09-25 17:59:16,262 [SstFilteringService#0] INFO  snapshot.SnapshotCache (SnapshotCache.java:lambda$1(170)) - Loading snapshot. Table key: /volume01035/bucket81002/snap2
2023-09-25 17:59:16,264 [SstFilteringService#0] INFO  db.RocksDatabase (RocksDatabase.java:deleteFilesNotMatchingPrefix(989)) - Deleting sst file /000060.sst corresponding to column family fileTable from db: /home/runner/work/ozone/ozone/hadoop-ozone/integration-test/target/test-dir/MiniOzoneClusterImpl-943d6ebb-9f51-4477-b660-6e407d8e3762/ozone-meta/db.snapshots/checkpointState/om.db-e7feb4ca-c4a9-4b3b-b1b0-c2d6fada5486
2023-09-25 17:59:16,273 [SstFilteringService#0] INFO  managed.ManagedRocksObjectUtils (ManagedRocksObjectUtils.java:waitForFileDelete(95)) - Waited for 8 milliseconds for file /home/runner/work/ozone/ozone/hadoop-ozone/integration-test/target/test-dir/MiniOzoneClusterImpl-943d6ebb-9f51-4477-b660-6e407d8e3762/ozone-meta/db.snapshots/checkpointState/om.db-e7feb4ca-c4a9-4b3b-b1b0-c2d6fada5486/000060.sst deletion.
2023-09-25 17:59:16,273 [SstFilteringService#0] INFO  db.RocksDatabase (RocksDatabase.java:deleteFilesNotMatchingPrefix(989)) - Deleting sst file /000069.sst corresponding to column family fileTable from db: /home/runner/work/ozone/ozone/hadoop-ozone/integration-test/target/test-dir/MiniOzoneClusterImpl-943d6ebb-9f51-4477-b660-6e407d8e3762/ozone-meta/db.snapshots/checkpointState/om.db-e7feb4ca-c4a9-4b3b-b1b0-c2d6fada5486
2023-09-25 17:59:16,280 [SstFilteringService#0] INFO  managed.ManagedRocksObjectUtils (ManagedRocksObjectUtils.java:waitForFileDelete(95)) - Waited for 6 milliseconds for file /home/runner/work/ozone/ozone/hadoop-ozone/integration-test/target/test-dir/MiniOzoneClusterImpl-943d6ebb-9f51-4477-b660-6e407d8e3762/ozone-meta/db.snapshots/checkpointState/om.db-e7feb4ca-c4a9-4b3b-b1b0-c2d6fada5486/000069.sst deletion.
2023-09-25 17:59:16,280 [SstFilteringService#0] INFO  db.RocksDatabase (RocksDatabase.java:deleteFilesNotMatchingPrefix(989)) - Deleting sst file /000076.sst corresponding to column family fileTable from db: /home/runner/work/ozone/ozone/hadoop-ozone/integration-test/target/test-dir/MiniOzoneClusterImpl-943d6ebb-9f51-4477-b660-6e407d8e3762/ozone-meta/db.snapshots/checkpointState/om.db-e7feb4ca-c4a9-4b3b-b1b0-c2d6fada5486
2023-09-25 17:59:16,286 [SstFilteringService#0] INFO  managed.ManagedRocksObjectUtils (ManagedRocksObjectUtils.java:waitForFileDelete(95)) - Waited for 5 milliseconds for file /home/runner/work/ozone/ozone/hadoop-ozone/integration-test/target/test-dir/MiniOzoneClusterImpl-943d6ebb-9f51-4477-b660-6e407d8e3762/ozone-meta/db.snapshots/checkpointState/om.db-e7feb4ca-c4a9-4b3b-b1b0-c2d6fada5486/000076.sst deletion.
2023-09-25 17:59:16,408 [IPC Server handler 5 on default port 15054] INFO  ha.SequenceIdGenerator (SequenceIdGenerator.java:getNextId(140)) - Allocate a batch for delTxnId, change lastId from 0 to 1000.
2023-09-25 17:59:16,648 [KeyDeletingService#0] INFO  snapshot.SnapshotCache (SnapshotCache.java:lambda$1(170)) - Loading snapshot. Table key: /volume01035/bucket81002/snap1
2023-09-25 17:59:16,657 [KeyDeletingService#0] INFO  snapshot.SnapshotCache (SnapshotCache.java:lambda$1(170)) - Loading snapshot. Table key: /volume01035/bucket81002/snap2
2023-09-25 17:59:16,659 [KeyDeletingService#0] INFO  snapshot.SnapshotCache (SnapshotCache.java:lambda$1(170)) - Loading snapshot. Table key: /volume01035/bucket81002/snap1
2023-09-25 17:59:16,664 [KeyDeletingService#0] INFO  snapshot.SnapshotCache (SnapshotCache.java:lambda$1(170)) - Loading snapshot. Table key: /volume29922/bucket33292/snap1
2023-09-25 17:59:16,665 [KeyDeletingService#0] INFO  snapshot.SnapshotCache (SnapshotCache.java:lambda$1(170)) - Loading snapshot. Table key: /volume38723/bucket65448/s20230925-175844.910
2023-09-25 17:59:16,666 [KeyDeletingService#0] INFO  snapshot.SnapshotCache (SnapshotCache.java:lambda$1(170)) - Loading snapshot. Table key: /volume38723/bucket65448/s20230925-175845.022
2023-09-25 17:59:16,666 [KeyDeletingService#0] INFO  snapshot.SnapshotCache (SnapshotCache.java:lambda$1(170)) - Loading snapshot. Table key: /volume38723/bucket65448/s20230925-175844.910
2023-09-25 17:59:16,673 [KeyDeletingService#0] INFO  snapshot.SnapshotCache (SnapshotCache.java:lambda$1(170)) - Loading snapshot. Table key: /volume38723/bucket65448/s20230925-175846.157
2023-09-25 17:59:16,674 [KeyDeletingService#0] INFO  snapshot.SnapshotCache (SnapshotCache.java:lambda$1(170)) - Loading snapshot. Table key: /volume38723/bucket65448/s20230925-175845.022
2023-09-25 17:59:18,758 [BlockDeletingService#0] INFO  interfaces.ContainerDeletionChoosingPolicyTemplate (ContainerDeletionChoosingPolicyTemplate.java:chooseContainerForBlockDeletion(85)) - Chosen 0/5000 blocks from 0 candidate containers.
2023-09-25 17:59:19,068 [BlockDeletingService#0] INFO  interfaces.ContainerDeletionChoosingPolicyTemplate (ContainerDeletionChoosingPolicyTemplate.java:chooseContainerForBlockDeletion(85)) - Chosen 0/5000 blocks from 0 candidate containers.
2023-09-25 17:59:19,437 [BlockDeletingService#0] INFO  interfaces.ContainerDeletionChoosingPolicyTemplate (ContainerDeletionChoosingPolicyTemplate.java:chooseContainerForBlockDeletion(85)) - Chosen 0/5000 blocks from 0 candidate containers.
2023-09-25 17:59:19,853 [BlockDeletingService#0] INFO  interfaces.ContainerDeletionChoosingPolicyTemplate (ContainerDeletionChoosingPolicyTemplate.java:chooseContainerForBlockDeletion(85)) - Chosen 0/5000 blocks from 0 candidate containers.
2023-09-25 17:59:20,156 [BlockDeletingService#0] INFO  interfaces.ContainerDeletionChoosingPolicyTemplate (ContainerDeletionChoosingPolicyTemplate.java:chooseContainerForBlockDeletion(85)) - Chosen 0/5000 blocks from 0 candidate containers.
2023-09-25 17:59:20,519 [JvmPauseMonitor12] WARN  util.JvmPauseMonitor (JvmPauseMonitor.java:detectPause(124)) - JvmPauseMonitor-e996d841-287d-4937-b6a3-35b5511a6c1e: Detected pause in JVM or host machine approximately 0.160s with 0.160s GC time.
GC pool 'PS Scavenge' had collection(s): count=1 time=160ms
2023-09-25 17:59:21,568 [KeyDeletingService#0] INFO  utils.BackgroundService (AbstractKeyDeletingService.java:optimizeDirDeletesAndSubmitRequest(445)) - Number of dirs deleted: 4649, Number of sub-dir deleted: 31, Number of sub-files moved: 1238 to DeletedTable, Number of sub-dirs moved 0 to DeletedDirectoryTable, iteration elapsed: 5353ms, totalRunCount: 2
]]></system-out>
  </testcase>
  <testcase name="testMkdirOnNonExistentVolumeBucketDir" classname="TestRootedOzoneFileSystemWithFSO" time="0">
    <skipped type="org.junit.AssumptionViolatedException"><![CDATA[org.junit.AssumptionViolatedException: FS Path is enabled. Skipping this test as it is not tuned for FS Path yet
	at org.junit.Assume.assumeTrue(Assume.java:68)
	at org.apache.hadoop.fs.ozone.TestRootedOzoneFileSystem.testMkdirOnNonExistentVolumeBucketDir(TestRootedOzoneFileSystem.java:706)
	at sun.reflect.NativeMethodAccessorImpl.invoke0(Native Method)
	at sun.reflect.NativeMethodAccessorImpl.invoke(NativeMethodAccessorImpl.java:62)
	at sun.reflect.DelegatingMethodAccessorImpl.invoke(DelegatingMethodAccessorImpl.java:43)
	at java.lang.reflect.Method.invoke(Method.java:498)
	at org.junit.runners.model.FrameworkMethod$1.runReflectiveCall(FrameworkMethod.java:59)
	at org.junit.internal.runners.model.ReflectiveCallable.run(ReflectiveCallable.java:12)
	at org.junit.runners.model.FrameworkMethod.invokeExplosively(FrameworkMethod.java:56)
	at org.junit.internal.runners.statements.InvokeMethod.evaluate(InvokeMethod.java:17)
	at org.junit.internal.runners.statements.RunBefores.evaluate(RunBefores.java:26)
	at org.junit.internal.runners.statements.RunAfters.evaluate(RunAfters.java:27)
	at org.junit.internal.runners.statements.FailOnTimeout$CallableStatement.call(FailOnTimeout.java:288)
	at org.junit.internal.runners.statements.FailOnTimeout$CallableStatement.call(FailOnTimeout.java:282)
	at java.util.concurrent.FutureTask.run(FutureTask.java:266)
	at java.lang.Thread.run(Thread.java:750)
]]></skipped>
    <system-out><![CDATA[2023-09-25 17:57:58,962 [Time-limited test] INFO  rpc.RpcClient (RpcClient.java:createVolume(461)) - Creating Volume: volume61825, with user96663 as owner and space quota set to -1 bytes, counts quota set to -1
2023-09-25 17:57:58,972 [OM StateMachine ApplyTransaction Thread - 0] INFO  volume.OMVolumeCreateRequest (OMVolumeCreateRequest.java:validateAndUpdateCache(196)) - created volume:volume61825 for user:user96663
2023-09-25 17:57:58,974 [Time-limited test] INFO  rpc.RpcClient (RpcClient.java:createBucket(688)) - Creating Bucket: volume61825/bucket82840, with bucket layout FILE_SYSTEM_OPTIMIZED, runner as owner, Versioning false, Storage Type set to DISK and Encryption set to false, Replication Type set to server-side default replication type, Namespace Quota set to -1, Space Quota set to -1 
2023-09-25 17:57:58,977 [OM StateMachine ApplyTransaction Thread - 0] INFO  bucket.OMBucketCreateRequest (OMBucketCreateRequest.java:validateAndUpdateCache(270)) - created bucket: bucket82840 of layout FILE_SYSTEM_OPTIMIZED in volume: volume61825
]]></system-out>
  </testcase>
  <testcase name="testMkdirOnNonExistentVolumeBucketDir" classname="TestRootedOzoneFileSystemWithFSO" time="0">
    <skipped type="org.junit.AssumptionViolatedException"><![CDATA[org.junit.AssumptionViolatedException: FS Path is enabled. Skipping this test as it is not tuned for FS Path yet
	at org.junit.Assume.assumeTrue(Assume.java:68)
	at org.apache.hadoop.fs.ozone.TestRootedOzoneFileSystem.testMkdirOnNonExistentVolumeBucketDir(TestRootedOzoneFileSystem.java:706)
	at sun.reflect.NativeMethodAccessorImpl.invoke0(Native Method)
	at sun.reflect.NativeMethodAccessorImpl.invoke(NativeMethodAccessorImpl.java:62)
	at sun.reflect.DelegatingMethodAccessorImpl.invoke(DelegatingMethodAccessorImpl.java:43)
	at java.lang.reflect.Method.invoke(Method.java:498)
	at org.junit.runners.model.FrameworkMethod$1.runReflectiveCall(FrameworkMethod.java:59)
	at org.junit.internal.runners.model.ReflectiveCallable.run(ReflectiveCallable.java:12)
	at org.junit.runners.model.FrameworkMethod.invokeExplosively(FrameworkMethod.java:56)
	at org.junit.internal.runners.statements.InvokeMethod.evaluate(InvokeMethod.java:17)
	at org.junit.internal.runners.statements.RunBefores.evaluate(RunBefores.java:26)
	at org.junit.internal.runners.statements.RunAfters.evaluate(RunAfters.java:27)
	at org.junit.internal.runners.statements.FailOnTimeout$CallableStatement.call(FailOnTimeout.java:288)
	at org.junit.internal.runners.statements.FailOnTimeout$CallableStatement.call(FailOnTimeout.java:282)
	at java.util.concurrent.FutureTask.run(FutureTask.java:266)
	at java.lang.Thread.run(Thread.java:750)
]]></skipped>
    <system-out><![CDATA[2023-09-25 17:59:25,949 [Time-limited test] INFO  rpc.RpcClient (RpcClient.java:createVolume(461)) - Creating Volume: volume82144, with user99557 as owner and space quota set to -1 bytes, counts quota set to -1
2023-09-25 17:59:25,956 [IPC Server handler 11 on default port 15057] INFO  volume.OMVolumeCreateRequest (OMVolumeCreateRequest.java:validateAndUpdateCache(196)) - created volume:volume82144 for user:user99557
2023-09-25 17:59:25,961 [Time-limited test] INFO  rpc.RpcClient (RpcClient.java:createBucket(688)) - Creating Bucket: volume82144/bucket21425, with bucket layout FILE_SYSTEM_OPTIMIZED, runner as owner, Versioning false, Storage Type set to DISK and Encryption set to false, Replication Type set to server-side default replication type, Namespace Quota set to -1, Space Quota set to -1 
2023-09-25 17:59:25,965 [IPC Server handler 17 on default port 15057] INFO  bucket.OMBucketCreateRequest (OMBucketCreateRequest.java:validateAndUpdateCache(270)) - created bucket: bucket21425 of layout FILE_SYSTEM_OPTIMIZED in volume: volume82144
]]></system-out>
  </testcase>
  <testcase name="testListStatusIteratorInBucket" classname="TestRootedOzoneFileSystemWithFSO" time="0.054">
    <system-out><![CDATA[2023-09-25 17:57:59,011 [Time-limited test] INFO  rpc.RpcClient (RpcClient.java:createVolume(461)) - Creating Volume: volume60267, with user96186 as owner and space quota set to -1 bytes, counts quota set to -1
2023-09-25 17:57:59,012 [OM StateMachine ApplyTransaction Thread - 0] INFO  volume.OMVolumeCreateRequest (OMVolumeCreateRequest.java:validateAndUpdateCache(196)) - created volume:volume60267 for user:user96186
2023-09-25 17:57:59,013 [Time-limited test] INFO  rpc.RpcClient (RpcClient.java:createBucket(688)) - Creating Bucket: volume60267/bucket81647, with bucket layout FILE_SYSTEM_OPTIMIZED, runner as owner, Versioning false, Storage Type set to DISK and Encryption set to false, Replication Type set to server-side default replication type, Namespace Quota set to -1, Space Quota set to -1 
2023-09-25 17:57:59,016 [OM StateMachine ApplyTransaction Thread - 0] INFO  bucket.OMBucketCreateRequest (OMBucketCreateRequest.java:validateAndUpdateCache(270)) - created bucket: bucket81647 of layout FILE_SYSTEM_OPTIMIZED in volume: volume60267
]]></system-out>
  </testcase>
  <testcase name="testListStatusIteratorInBucket" classname="TestRootedOzoneFileSystemWithFSO" time="0.037">
    <system-out><![CDATA[2023-09-25 17:59:25,989 [Time-limited test] INFO  rpc.RpcClient (RpcClient.java:createVolume(461)) - Creating Volume: volume12461, with user46865 as owner and space quota set to -1 bytes, counts quota set to -1
2023-09-25 17:59:25,989 [IPC Server handler 10 on default port 15057] INFO  volume.OMVolumeCreateRequest (OMVolumeCreateRequest.java:validateAndUpdateCache(196)) - created volume:volume12461 for user:user46865
2023-09-25 17:59:25,990 [Time-limited test] INFO  rpc.RpcClient (RpcClient.java:createBucket(688)) - Creating Bucket: volume12461/bucket29145, with bucket layout FILE_SYSTEM_OPTIMIZED, runner as owner, Versioning false, Storage Type set to DISK and Encryption set to false, Replication Type set to server-side default replication type, Namespace Quota set to -1, Space Quota set to -1 
2023-09-25 17:59:25,991 [IPC Server handler 11 on default port 15057] INFO  bucket.OMBucketCreateRequest (OMBucketCreateRequest.java:validateAndUpdateCache(270)) - created bucket: bucket29145 of layout FILE_SYSTEM_OPTIMIZED in volume: volume12461
]]></system-out>
  </testcase>
  <testcase name="testSymlinkPosixDelete" classname="TestRootedOzoneFileSystemWithFSO" time="0.24">
    <system-out><![CDATA[2023-09-25 17:57:59,084 [Time-limited test] INFO  rpc.RpcClient (RpcClient.java:createVolume(461)) - Creating Volume: volume41984, with user45232 as owner and space quota set to -1 bytes, counts quota set to -1
2023-09-25 17:57:59,088 [OM StateMachine ApplyTransaction Thread - 0] INFO  volume.OMVolumeCreateRequest (OMVolumeCreateRequest.java:validateAndUpdateCache(196)) - created volume:volume41984 for user:user45232
2023-09-25 17:57:59,089 [Time-limited test] INFO  rpc.RpcClient (RpcClient.java:createBucket(688)) - Creating Bucket: volume41984/bucket93074, with bucket layout FILE_SYSTEM_OPTIMIZED, runner as owner, Versioning false, Storage Type set to DISK and Encryption set to false, Replication Type set to server-side default replication type, Namespace Quota set to -1, Space Quota set to -1 
2023-09-25 17:57:59,091 [OM StateMachine ApplyTransaction Thread - 0] INFO  bucket.OMBucketCreateRequest (OMBucketCreateRequest.java:validateAndUpdateCache(270)) - created bucket: bucket93074 of layout FILE_SYSTEM_OPTIMIZED in volume: volume41984
2023-09-25 17:57:59,093 [Time-limited test] INFO  rpc.RpcClient (RpcClient.java:createVolume(461)) - Creating Volume: volume-31109, with runner as owner and space quota set to -1 bytes, counts quota set to -1
2023-09-25 17:57:59,094 [OM StateMachine ApplyTransaction Thread - 0] INFO  volume.OMVolumeCreateRequest (OMVolumeCreateRequest.java:validateAndUpdateCache(196)) - created volume:volume-31109 for user:runner
17:57:59.095 [IPC Server handler 8 on default port 15004] ERROR OMAudit - user=runner | ip=127.0.0.1 | op=READ_BUCKET {volume=volume-31109, bucket=bucket} | ret=FAILURE
org.apache.hadoop.ozone.om.exceptions.OMException: Bucket not found
	at org.apache.hadoop.ozone.om.BucketManagerImpl.getBucketInfo(BucketManagerImpl.java:85) ~[ozone-manager-1.4.0-SNAPSHOT.jar:?]
	at org.apache.hadoop.ozone.om.OzoneManager.getBucketInfo(OzoneManager.java:2795) ~[ozone-manager-1.4.0-SNAPSHOT.jar:?]
	at org.apache.hadoop.ozone.protocolPB.OzoneManagerRequestHandler.infoBucket(OzoneManagerRequestHandler.java:545) ~[ozone-manager-1.4.0-SNAPSHOT.jar:?]
	at org.apache.hadoop.ozone.protocolPB.OzoneManagerRequestHandler.handleReadRequest(OzoneManagerRequestHandler.java:200) ~[ozone-manager-1.4.0-SNAPSHOT.jar:?]
	at org.apache.hadoop.ozone.protocolPB.OzoneManagerProtocolServerSideTranslatorPB.submitReadRequestToOM(OzoneManagerProtocolServerSideTranslatorPB.java:225) ~[ozone-manager-1.4.0-SNAPSHOT.jar:?]
	at org.apache.hadoop.ozone.protocolPB.OzoneManagerProtocolServerSideTranslatorPB.processRequest(OzoneManagerProtocolServerSideTranslatorPB.java:179) ~[ozone-manager-1.4.0-SNAPSHOT.jar:?]
	at org.apache.hadoop.hdds.server.OzoneProtocolMessageDispatcher.processRequest(OzoneProtocolMessageDispatcher.java:87) [hdds-server-framework-1.4.0-SNAPSHOT.jar:?]
	at org.apache.hadoop.ozone.protocolPB.OzoneManagerProtocolServerSideTranslatorPB.submitRequest(OzoneManagerProtocolServerSideTranslatorPB.java:148) [ozone-manager-1.4.0-SNAPSHOT.jar:?]
	at org.apache.hadoop.ozone.protocol.proto.OzoneManagerProtocolProtos$OzoneManagerService$2.callBlockingMethod(OzoneManagerProtocolProtos.java) [ozone-interface-client-1.4.0-SNAPSHOT.jar:?]
	at org.apache.hadoop.ipc.ProtobufRpcEngine$Server.processCall(ProtobufRpcEngine.java:484) [hadoop-common-3.3.6.jar:?]
	at org.apache.hadoop.ipc.ProtobufRpcEngine2$Server$ProtoBufRpcInvoker.call(ProtobufRpcEngine2.java:595) [hadoop-common-3.3.6.jar:?]
	at org.apache.hadoop.ipc.ProtobufRpcEngine2$Server$ProtoBufRpcInvoker.call(ProtobufRpcEngine2.java:573) [hadoop-common-3.3.6.jar:?]
	at org.apache.hadoop.ipc.RPC$Server.call(RPC.java:1227) [hadoop-common-3.3.6.jar:?]
	at org.apache.hadoop.ipc.Server$RpcCall.run(Server.java:1094) [hadoop-common-3.3.6.jar:?]
	at org.apache.hadoop.ipc.Server$RpcCall.run(Server.java:1017) [hadoop-common-3.3.6.jar:?]
	at java.security.AccessController.doPrivileged(Native Method) ~[?:1.8.0_382]
	at javax.security.auth.Subject.doAs(Subject.java:422) [?:1.8.0_382]
	at org.apache.hadoop.security.UserGroupInformation.doAs(UserGroupInformation.java:1899) [hadoop-common-3.3.6.jar:?]
	at org.apache.hadoop.ipc.Server$Handler.run(Server.java:3048) [hadoop-common-3.3.6.jar:?]
2023-09-25 17:57:59,096 [Time-limited test] INFO  rpc.RpcClient (RpcClient.java:createBucket(688)) - Creating Bucket: volume-31109/bucket, with bucket layout FILE_SYSTEM_OPTIMIZED, runner as owner, Versioning false, Storage Type set to DISK and Encryption set to false, Replication Type set to server-side default replication type, Namespace Quota set to -1, Space Quota set to -1 
2023-09-25 17:57:59,098 [OM StateMachine ApplyTransaction Thread - 0] INFO  bucket.OMBucketCreateRequest (OMBucketCreateRequest.java:validateAndUpdateCache(270)) - created bucket: bucket of layout FILE_SYSTEM_OPTIMIZED in volume: volume-31109
2023-09-25 17:57:59,100 [Time-limited test] INFO  rpc.RpcClient (RpcClient.java:createVolume(461)) - Creating Volume: volume-19364, with runner as owner and space quota set to -1 bytes, counts quota set to -1
2023-09-25 17:57:59,101 [OM StateMachine ApplyTransaction Thread - 0] INFO  volume.OMVolumeCreateRequest (OMVolumeCreateRequest.java:validateAndUpdateCache(196)) - created volume:volume-19364 for user:runner
2023-09-25 17:57:59,104 [Time-limited test] INFO  rpc.RpcClient (RpcClient.java:createBucket(688)) - Creating Bucket: volume-19364/bucket, with server-side default bucket layout, runner as owner, Versioning false, Storage Type set to DISK and Encryption set to false, Replication Type set to server-side default replication type, Namespace Quota set to -1, Space Quota set to -1 
2023-09-25 17:57:59,106 [OM StateMachine ApplyTransaction Thread - 0] INFO  bucket.OMBucketCreateRequest (OMBucketCreateRequest.java:validateAndUpdateCache(270)) - created bucket: bucket of layout FILE_SYSTEM_OPTIMIZED in volume: volume-19364
2023-09-25 17:57:59,201 [IPC Server handler 3 on default port 15001] WARN  node.SCMNodeManager (SCMNodeManager.java:getNodesByAddress(1373)) - Cannot find node for address 127.0.0.1
Deleted ofs://localhost:15004/volume-19364/bucket
17:57:59.219 [IPC Server handler 10 on default port 15004] ERROR OMAudit - user=runner | ip=127.0.0.1 | op=READ_BUCKET {volume=volume-19364, bucket=bucket} | ret=FAILURE
org.apache.hadoop.ozone.om.exceptions.OMException: Bucket not found
	at org.apache.hadoop.ozone.om.BucketManagerImpl.getBucketInfo(BucketManagerImpl.java:85) ~[ozone-manager-1.4.0-SNAPSHOT.jar:?]
	at org.apache.hadoop.ozone.om.OzoneManager.getBucketInfo(OzoneManager.java:2795) ~[ozone-manager-1.4.0-SNAPSHOT.jar:?]
	at org.apache.hadoop.ozone.protocolPB.OzoneManagerRequestHandler.infoBucket(OzoneManagerRequestHandler.java:545) ~[ozone-manager-1.4.0-SNAPSHOT.jar:?]
	at org.apache.hadoop.ozone.protocolPB.OzoneManagerRequestHandler.handleReadRequest(OzoneManagerRequestHandler.java:200) ~[ozone-manager-1.4.0-SNAPSHOT.jar:?]
	at org.apache.hadoop.ozone.protocolPB.OzoneManagerProtocolServerSideTranslatorPB.submitReadRequestToOM(OzoneManagerProtocolServerSideTranslatorPB.java:225) ~[ozone-manager-1.4.0-SNAPSHOT.jar:?]
	at org.apache.hadoop.ozone.protocolPB.OzoneManagerProtocolServerSideTranslatorPB.processRequest(OzoneManagerProtocolServerSideTranslatorPB.java:179) ~[ozone-manager-1.4.0-SNAPSHOT.jar:?]
	at org.apache.hadoop.hdds.server.OzoneProtocolMessageDispatcher.processRequest(OzoneProtocolMessageDispatcher.java:87) [hdds-server-framework-1.4.0-SNAPSHOT.jar:?]
	at org.apache.hadoop.ozone.protocolPB.OzoneManagerProtocolServerSideTranslatorPB.submitRequest(OzoneManagerProtocolServerSideTranslatorPB.java:148) [ozone-manager-1.4.0-SNAPSHOT.jar:?]
	at org.apache.hadoop.ozone.protocol.proto.OzoneManagerProtocolProtos$OzoneManagerService$2.callBlockingMethod(OzoneManagerProtocolProtos.java) [ozone-interface-client-1.4.0-SNAPSHOT.jar:?]
	at org.apache.hadoop.ipc.ProtobufRpcEngine$Server.processCall(ProtobufRpcEngine.java:484) [hadoop-common-3.3.6.jar:?]
	at org.apache.hadoop.ipc.ProtobufRpcEngine2$Server$ProtoBufRpcInvoker.call(ProtobufRpcEngine2.java:595) [hadoop-common-3.3.6.jar:?]
	at org.apache.hadoop.ipc.ProtobufRpcEngine2$Server$ProtoBufRpcInvoker.call(ProtobufRpcEngine2.java:573) [hadoop-common-3.3.6.jar:?]
	at org.apache.hadoop.ipc.RPC$Server.call(RPC.java:1227) [hadoop-common-3.3.6.jar:?]
	at org.apache.hadoop.ipc.Server$RpcCall.run(Server.java:1094) [hadoop-common-3.3.6.jar:?]
	at org.apache.hadoop.ipc.Server$RpcCall.run(Server.java:1017) [hadoop-common-3.3.6.jar:?]
	at java.security.AccessController.doPrivileged(Native Method) ~[?:1.8.0_382]
	at javax.security.auth.Subject.doAs(Subject.java:422) [?:1.8.0_382]
	at org.apache.hadoop.security.UserGroupInformation.doAs(UserGroupInformation.java:1899) [hadoop-common-3.3.6.jar:?]
	at org.apache.hadoop.ipc.Server$Handler.run(Server.java:3048) [hadoop-common-3.3.6.jar:?]
2023-09-25 17:57:59,223 [IPC Server handler 5 on default port 15001] WARN  node.SCMNodeManager (SCMNodeManager.java:getNodesByAddress(1373)) - Cannot find node for address 127.0.0.1
2023-09-25 17:57:59,224 [Time-limited test] INFO  rpc.RpcClient (RpcClient.java:createBucket(688)) - Creating Bucket: volume-19364/bucket, with server-side default bucket layout, runner as owner, Versioning false, Storage Type set to DISK and Encryption set to false, Replication Type set to server-side default replication type, Namespace Quota set to -1, Space Quota set to -1 
2023-09-25 17:57:59,226 [OM StateMachine ApplyTransaction Thread - 0] INFO  bucket.OMBucketCreateRequest (OMBucketCreateRequest.java:validateAndUpdateCache(270)) - created bucket: bucket of layout FILE_SYSTEM_OPTIMIZED in volume: volume-19364
Deleted ofs://localhost:15004/volume-19364/bucket/
17:57:59.253 [IPC Server handler 5 on default port 15004] ERROR OMAudit - user=runner | ip=127.0.0.1 | op=READ_KEY {volume=volume-31109, bucket=bucket, key=object-dir/object-name1, dataSize=0, replicationConfig=null} | ret=FAILURE
org.apache.hadoop.ozone.om.exceptions.OMException: Key:object-dir/object-name1 not found
	at org.apache.hadoop.ozone.om.KeyManagerImpl.readKeyInfo(KeyManagerImpl.java:427) ~[ozone-manager-1.4.0-SNAPSHOT.jar:?]
	at org.apache.hadoop.ozone.om.KeyManagerImpl.lambda$9(KeyManagerImpl.java:1949) ~[ozone-manager-1.4.0-SNAPSHOT.jar:?]
	at org.apache.hadoop.util.MetricUtil.captureLatencyNs(MetricUtil.java:39) ~[hdds-common-1.4.0-SNAPSHOT.jar:?]
	at org.apache.hadoop.ozone.om.KeyManagerImpl.getKeyInfo(KeyManagerImpl.java:1947) ~[ozone-manager-1.4.0-SNAPSHOT.jar:?]
	at org.apache.hadoop.ozone.om.OmMetadataReader.getKeyInfo(OmMetadataReader.java:185) ~[ozone-manager-1.4.0-SNAPSHOT.jar:?]
	at org.apache.hadoop.ozone.om.OzoneManager.getKeyInfo(OzoneManager.java:2830) ~[ozone-manager-1.4.0-SNAPSHOT.jar:?]
	at org.apache.hadoop.ozone.protocolPB.OzoneManagerRequestHandler.getKeyInfo(OzoneManagerRequestHandler.java:585) ~[ozone-manager-1.4.0-SNAPSHOT.jar:?]
	at org.apache.hadoop.ozone.protocolPB.OzoneManagerRequestHandler.handleReadRequest(OzoneManagerRequestHandler.java:304) ~[ozone-manager-1.4.0-SNAPSHOT.jar:?]
	at org.apache.hadoop.ozone.protocolPB.OzoneManagerProtocolServerSideTranslatorPB.submitReadRequestToOM(OzoneManagerProtocolServerSideTranslatorPB.java:225) ~[ozone-manager-1.4.0-SNAPSHOT.jar:?]
	at org.apache.hadoop.ozone.protocolPB.OzoneManagerProtocolServerSideTranslatorPB.processRequest(OzoneManagerProtocolServerSideTranslatorPB.java:179) ~[ozone-manager-1.4.0-SNAPSHOT.jar:?]
	at org.apache.hadoop.hdds.server.OzoneProtocolMessageDispatcher.processRequest(OzoneProtocolMessageDispatcher.java:87) [hdds-server-framework-1.4.0-SNAPSHOT.jar:?]
	at org.apache.hadoop.ozone.protocolPB.OzoneManagerProtocolServerSideTranslatorPB.submitRequest(OzoneManagerProtocolServerSideTranslatorPB.java:148) [ozone-manager-1.4.0-SNAPSHOT.jar:?]
	at org.apache.hadoop.ozone.protocol.proto.OzoneManagerProtocolProtos$OzoneManagerService$2.callBlockingMethod(OzoneManagerProtocolProtos.java) [ozone-interface-client-1.4.0-SNAPSHOT.jar:?]
	at org.apache.hadoop.ipc.ProtobufRpcEngine$Server.processCall(ProtobufRpcEngine.java:484) [hadoop-common-3.3.6.jar:?]
	at org.apache.hadoop.ipc.ProtobufRpcEngine2$Server$ProtoBufRpcInvoker.call(ProtobufRpcEngine2.java:595) [hadoop-common-3.3.6.jar:?]
	at org.apache.hadoop.ipc.ProtobufRpcEngine2$Server$ProtoBufRpcInvoker.call(ProtobufRpcEngine2.java:573) [hadoop-common-3.3.6.jar:?]
	at org.apache.hadoop.ipc.RPC$Server.call(RPC.java:1227) [hadoop-common-3.3.6.jar:?]
	at org.apache.hadoop.ipc.Server$RpcCall.run(Server.java:1094) [hadoop-common-3.3.6.jar:?]
	at org.apache.hadoop.ipc.Server$RpcCall.run(Server.java:1017) [hadoop-common-3.3.6.jar:?]
	at java.security.AccessController.doPrivileged(Native Method) ~[?:1.8.0_382]
	at javax.security.auth.Subject.doAs(Subject.java:422) [?:1.8.0_382]
	at org.apache.hadoop.security.UserGroupInformation.doAs(UserGroupInformation.java:1899) [hadoop-common-3.3.6.jar:?]
	at org.apache.hadoop.ipc.Server$Handler.run(Server.java:3048) [hadoop-common-3.3.6.jar:?]
Deleted ofs://localhost:15004/volume-19364/bucket
17:57:59.264 [IPC Server handler 5 on default port 15004] ERROR OMAudit - user=runner | ip=127.0.0.1 | op=READ_BUCKET {volume=volume-19364, bucket=bucket} | ret=FAILURE
org.apache.hadoop.ozone.om.exceptions.OMException: Bucket not found
	at org.apache.hadoop.ozone.om.BucketManagerImpl.getBucketInfo(BucketManagerImpl.java:85) ~[ozone-manager-1.4.0-SNAPSHOT.jar:?]
	at org.apache.hadoop.ozone.om.OzoneManager.getBucketInfo(OzoneManager.java:2795) ~[ozone-manager-1.4.0-SNAPSHOT.jar:?]
	at org.apache.hadoop.ozone.protocolPB.OzoneManagerRequestHandler.infoBucket(OzoneManagerRequestHandler.java:545) ~[ozone-manager-1.4.0-SNAPSHOT.jar:?]
	at org.apache.hadoop.ozone.protocolPB.OzoneManagerRequestHandler.handleReadRequest(OzoneManagerRequestHandler.java:200) ~[ozone-manager-1.4.0-SNAPSHOT.jar:?]
	at org.apache.hadoop.ozone.protocolPB.OzoneManagerProtocolServerSideTranslatorPB.submitReadRequestToOM(OzoneManagerProtocolServerSideTranslatorPB.java:225) ~[ozone-manager-1.4.0-SNAPSHOT.jar:?]
	at org.apache.hadoop.ozone.protocolPB.OzoneManagerProtocolServerSideTranslatorPB.processRequest(OzoneManagerProtocolServerSideTranslatorPB.java:179) ~[ozone-manager-1.4.0-SNAPSHOT.jar:?]
	at org.apache.hadoop.hdds.server.OzoneProtocolMessageDispatcher.processRequest(OzoneProtocolMessageDispatcher.java:87) [hdds-server-framework-1.4.0-SNAPSHOT.jar:?]
	at org.apache.hadoop.ozone.protocolPB.OzoneManagerProtocolServerSideTranslatorPB.submitRequest(OzoneManagerProtocolServerSideTranslatorPB.java:148) [ozone-manager-1.4.0-SNAPSHOT.jar:?]
	at org.apache.hadoop.ozone.protocol.proto.OzoneManagerProtocolProtos$OzoneManagerService$2.callBlockingMethod(OzoneManagerProtocolProtos.java) [ozone-interface-client-1.4.0-SNAPSHOT.jar:?]
	at org.apache.hadoop.ipc.ProtobufRpcEngine$Server.processCall(ProtobufRpcEngine.java:484) [hadoop-common-3.3.6.jar:?]
	at org.apache.hadoop.ipc.ProtobufRpcEngine2$Server$ProtoBufRpcInvoker.call(ProtobufRpcEngine2.java:595) [hadoop-common-3.3.6.jar:?]
	at org.apache.hadoop.ipc.ProtobufRpcEngine2$Server$ProtoBufRpcInvoker.call(ProtobufRpcEngine2.java:573) [hadoop-common-3.3.6.jar:?]
	at org.apache.hadoop.ipc.RPC$Server.call(RPC.java:1227) [hadoop-common-3.3.6.jar:?]
	at org.apache.hadoop.ipc.Server$RpcCall.run(Server.java:1094) [hadoop-common-3.3.6.jar:?]
	at org.apache.hadoop.ipc.Server$RpcCall.run(Server.java:1017) [hadoop-common-3.3.6.jar:?]
	at java.security.AccessController.doPrivileged(Native Method) ~[?:1.8.0_382]
	at javax.security.auth.Subject.doAs(Subject.java:422) [?:1.8.0_382]
	at org.apache.hadoop.security.UserGroupInformation.doAs(UserGroupInformation.java:1899) [hadoop-common-3.3.6.jar:?]
	at org.apache.hadoop.ipc.Server$Handler.run(Server.java:3048) [hadoop-common-3.3.6.jar:?]
17:57:59.266 [IPC Server handler 1 on default port 15004] ERROR OMAudit - user=runner | ip=127.0.0.1 | op=READ_BUCKET {volume=volume-19364, bucket=bucket} | ret=FAILURE
org.apache.hadoop.ozone.om.exceptions.OMException: Bucket not found
	at org.apache.hadoop.ozone.om.BucketManagerImpl.getBucketInfo(BucketManagerImpl.java:85) ~[ozone-manager-1.4.0-SNAPSHOT.jar:?]
	at org.apache.hadoop.ozone.om.OzoneManager.getBucketInfo(OzoneManager.java:2795) ~[ozone-manager-1.4.0-SNAPSHOT.jar:?]
	at org.apache.hadoop.ozone.protocolPB.OzoneManagerRequestHandler.infoBucket(OzoneManagerRequestHandler.java:545) ~[ozone-manager-1.4.0-SNAPSHOT.jar:?]
	at org.apache.hadoop.ozone.protocolPB.OzoneManagerRequestHandler.handleReadRequest(OzoneManagerRequestHandler.java:200) ~[ozone-manager-1.4.0-SNAPSHOT.jar:?]
	at org.apache.hadoop.ozone.protocolPB.OzoneManagerProtocolServerSideTranslatorPB.submitReadRequestToOM(OzoneManagerProtocolServerSideTranslatorPB.java:225) ~[ozone-manager-1.4.0-SNAPSHOT.jar:?]
	at org.apache.hadoop.ozone.protocolPB.OzoneManagerProtocolServerSideTranslatorPB.processRequest(OzoneManagerProtocolServerSideTranslatorPB.java:179) ~[ozone-manager-1.4.0-SNAPSHOT.jar:?]
	at org.apache.hadoop.hdds.server.OzoneProtocolMessageDispatcher.processRequest(OzoneProtocolMessageDispatcher.java:87) [hdds-server-framework-1.4.0-SNAPSHOT.jar:?]
	at org.apache.hadoop.ozone.protocolPB.OzoneManagerProtocolServerSideTranslatorPB.submitRequest(OzoneManagerProtocolServerSideTranslatorPB.java:148) [ozone-manager-1.4.0-SNAPSHOT.jar:?]
	at org.apache.hadoop.ozone.protocol.proto.OzoneManagerProtocolProtos$OzoneManagerService$2.callBlockingMethod(OzoneManagerProtocolProtos.java) [ozone-interface-client-1.4.0-SNAPSHOT.jar:?]
	at org.apache.hadoop.ipc.ProtobufRpcEngine$Server.processCall(ProtobufRpcEngine.java:484) [hadoop-common-3.3.6.jar:?]
	at org.apache.hadoop.ipc.ProtobufRpcEngine2$Server$ProtoBufRpcInvoker.call(ProtobufRpcEngine2.java:595) [hadoop-common-3.3.6.jar:?]
	at org.apache.hadoop.ipc.ProtobufRpcEngine2$Server$ProtoBufRpcInvoker.call(ProtobufRpcEngine2.java:573) [hadoop-common-3.3.6.jar:?]
	at org.apache.hadoop.ipc.RPC$Server.call(RPC.java:1227) [hadoop-common-3.3.6.jar:?]
	at org.apache.hadoop.ipc.Server$RpcCall.run(Server.java:1094) [hadoop-common-3.3.6.jar:?]
	at org.apache.hadoop.ipc.Server$RpcCall.run(Server.java:1017) [hadoop-common-3.3.6.jar:?]
	at java.security.AccessController.doPrivileged(Native Method) ~[?:1.8.0_382]
	at javax.security.auth.Subject.doAs(Subject.java:422) [?:1.8.0_382]
	at org.apache.hadoop.security.UserGroupInformation.doAs(UserGroupInformation.java:1899) [hadoop-common-3.3.6.jar:?]
	at org.apache.hadoop.ipc.Server$Handler.run(Server.java:3048) [hadoop-common-3.3.6.jar:?]
17:57:59.267 [IPC Server handler 2 on default port 15004] ERROR OMAudit - user=runner | ip=127.0.0.1 | op=READ_BUCKET {volume=volume-19364, bucket=bucket} | ret=FAILURE
org.apache.hadoop.ozone.om.exceptions.OMException: Bucket not found
	at org.apache.hadoop.ozone.om.BucketManagerImpl.getBucketInfo(BucketManagerImpl.java:85) ~[ozone-manager-1.4.0-SNAPSHOT.jar:?]
	at org.apache.hadoop.ozone.om.OzoneManager.getBucketInfo(OzoneManager.java:2795) ~[ozone-manager-1.4.0-SNAPSHOT.jar:?]
	at org.apache.hadoop.ozone.protocolPB.OzoneManagerRequestHandler.infoBucket(OzoneManagerRequestHandler.java:545) ~[ozone-manager-1.4.0-SNAPSHOT.jar:?]
	at org.apache.hadoop.ozone.protocolPB.OzoneManagerRequestHandler.handleReadRequest(OzoneManagerRequestHandler.java:200) ~[ozone-manager-1.4.0-SNAPSHOT.jar:?]
	at org.apache.hadoop.ozone.protocolPB.OzoneManagerProtocolServerSideTranslatorPB.submitReadRequestToOM(OzoneManagerProtocolServerSideTranslatorPB.java:225) ~[ozone-manager-1.4.0-SNAPSHOT.jar:?]
	at org.apache.hadoop.ozone.protocolPB.OzoneManagerProtocolServerSideTranslatorPB.processRequest(OzoneManagerProtocolServerSideTranslatorPB.java:179) ~[ozone-manager-1.4.0-SNAPSHOT.jar:?]
	at org.apache.hadoop.hdds.server.OzoneProtocolMessageDispatcher.processRequest(OzoneProtocolMessageDispatcher.java:87) [hdds-server-framework-1.4.0-SNAPSHOT.jar:?]
	at org.apache.hadoop.ozone.protocolPB.OzoneManagerProtocolServerSideTranslatorPB.submitRequest(OzoneManagerProtocolServerSideTranslatorPB.java:148) [ozone-manager-1.4.0-SNAPSHOT.jar:?]
	at org.apache.hadoop.ozone.protocol.proto.OzoneManagerProtocolProtos$OzoneManagerService$2.callBlockingMethod(OzoneManagerProtocolProtos.java) [ozone-interface-client-1.4.0-SNAPSHOT.jar:?]
	at org.apache.hadoop.ipc.ProtobufRpcEngine$Server.processCall(ProtobufRpcEngine.java:484) [hadoop-common-3.3.6.jar:?]
	at org.apache.hadoop.ipc.ProtobufRpcEngine2$Server$ProtoBufRpcInvoker.call(ProtobufRpcEngine2.java:595) [hadoop-common-3.3.6.jar:?]
	at org.apache.hadoop.ipc.ProtobufRpcEngine2$Server$ProtoBufRpcInvoker.call(ProtobufRpcEngine2.java:573) [hadoop-common-3.3.6.jar:?]
	at org.apache.hadoop.ipc.RPC$Server.call(RPC.java:1227) [hadoop-common-3.3.6.jar:?]
	at org.apache.hadoop.ipc.Server$RpcCall.run(Server.java:1094) [hadoop-common-3.3.6.jar:?]
	at org.apache.hadoop.ipc.Server$RpcCall.run(Server.java:1017) [hadoop-common-3.3.6.jar:?]
	at java.security.AccessController.doPrivileged(Native Method) ~[?:1.8.0_382]
	at javax.security.auth.Subject.doAs(Subject.java:422) [?:1.8.0_382]
	at org.apache.hadoop.security.UserGroupInformation.doAs(UserGroupInformation.java:1899) [hadoop-common-3.3.6.jar:?]
	at org.apache.hadoop.ipc.Server$Handler.run(Server.java:3048) [hadoop-common-3.3.6.jar:?]
2023-09-25 17:57:59,267 [Time-limited test] ERROR ozone.BasicRootedOzoneFileSystem (BasicRootedOzoneFileSystem.java:isLinkBucket(780)) - Exception while getting bucket link information, considered it as false
BUCKET_NOT_FOUND org.apache.hadoop.ozone.om.exceptions.OMException: Bucket not found
	at org.apache.hadoop.ozone.om.protocolPB.OzoneManagerProtocolClientSideTranslatorPB.handleError(OzoneManagerProtocolClientSideTranslatorPB.java:729)
	at org.apache.hadoop.ozone.om.protocolPB.OzoneManagerProtocolClientSideTranslatorPB.getBucketInfo(OzoneManagerProtocolClientSideTranslatorPB.java:578)
	at org.apache.hadoop.ozone.client.rpc.RpcClient.getBucketDetails(RpcClient.java:1243)
	at org.apache.hadoop.fs.ozone.BasicRootedOzoneClientAdapterImpl.getBucket(BasicRootedOzoneClientAdapterImpl.java:274)
	at org.apache.hadoop.fs.ozone.BasicRootedOzoneClientAdapterImpl.getBucket(BasicRootedOzoneClientAdapterImpl.java:248)
	at org.apache.hadoop.fs.ozone.BasicRootedOzoneFileSystem.isLinkBucket(BasicRootedOzoneFileSystem.java:775)
	at org.apache.hadoop.fs.ozone.BasicRootedOzoneFileSystem.deleteBucket(BasicRootedOzoneFileSystem.java:742)
	at org.apache.hadoop.fs.ozone.BasicRootedOzoneFileSystem.delete(BasicRootedOzoneFileSystem.java:696)
	at org.apache.hadoop.fs.FileSystem.delete(FileSystem.java:1763)
	at org.apache.hadoop.fs.ozone.TestRootedOzoneFileSystem.testSymlinkPosixDelete(TestRootedOzoneFileSystem.java:1703)
	at sun.reflect.NativeMethodAccessorImpl.invoke0(Native Method)
	at sun.reflect.NativeMethodAccessorImpl.invoke(NativeMethodAccessorImpl.java:62)
	at sun.reflect.DelegatingMethodAccessorImpl.invoke(DelegatingMethodAccessorImpl.java:43)
	at java.lang.reflect.Method.invoke(Method.java:498)
	at org.junit.runners.model.FrameworkMethod$1.runReflectiveCall(FrameworkMethod.java:59)
	at org.junit.internal.runners.model.ReflectiveCallable.run(ReflectiveCallable.java:12)
	at org.junit.runners.model.FrameworkMethod.invokeExplosively(FrameworkMethod.java:56)
	at org.junit.internal.runners.statements.InvokeMethod.evaluate(InvokeMethod.java:17)
	at org.junit.internal.runners.statements.RunBefores.evaluate(RunBefores.java:26)
	at org.junit.internal.runners.statements.RunAfters.evaluate(RunAfters.java:27)
	at org.junit.internal.runners.statements.FailOnTimeout$CallableStatement.call(FailOnTimeout.java:288)
	at org.junit.internal.runners.statements.FailOnTimeout$CallableStatement.call(FailOnTimeout.java:282)
	at java.util.concurrent.FutureTask.run(FutureTask.java:266)
	at java.lang.Thread.run(Thread.java:750)
2023-09-25 17:57:59,268 [Time-limited test] WARN  ozone.BasicRootedOzoneFileSystem (BasicRootedOzoneFileSystem.java:deleteBucket(746)) - delete: Path does not exist: /volume-19364/bucket
]]></system-out>
  </testcase>
  <testcase name="testSymlinkPosixDelete" classname="TestRootedOzoneFileSystemWithFSO" time="0.189">
    <system-out><![CDATA[2023-09-25 17:59:26,026 [Time-limited test] INFO  rpc.RpcClient (RpcClient.java:createVolume(461)) - Creating Volume: volume29691, with user05172 as owner and space quota set to -1 bytes, counts quota set to -1
2023-09-25 17:59:26,026 [IPC Server handler 0 on default port 15057] INFO  volume.OMVolumeCreateRequest (OMVolumeCreateRequest.java:validateAndUpdateCache(196)) - created volume:volume29691 for user:user05172
2023-09-25 17:59:26,027 [Time-limited test] INFO  rpc.RpcClient (RpcClient.java:createBucket(688)) - Creating Bucket: volume29691/bucket13662, with bucket layout FILE_SYSTEM_OPTIMIZED, runner as owner, Versioning false, Storage Type set to DISK and Encryption set to false, Replication Type set to server-side default replication type, Namespace Quota set to -1, Space Quota set to -1 
2023-09-25 17:59:26,028 [IPC Server handler 9 on default port 15057] INFO  bucket.OMBucketCreateRequest (OMBucketCreateRequest.java:validateAndUpdateCache(270)) - created bucket: bucket13662 of layout FILE_SYSTEM_OPTIMIZED in volume: volume29691
2023-09-25 17:59:26,030 [Time-limited test] INFO  rpc.RpcClient (RpcClient.java:createVolume(461)) - Creating Volume: volume-86589, with runner as owner and space quota set to -1 bytes, counts quota set to -1
2023-09-25 17:59:26,031 [IPC Server handler 10 on default port 15057] INFO  volume.OMVolumeCreateRequest (OMVolumeCreateRequest.java:validateAndUpdateCache(196)) - created volume:volume-86589 for user:runner
17:59:26.033 [IPC Server handler 11 on default port 15057] ERROR OMAudit - user=runner | ip=127.0.0.1 | op=READ_BUCKET {volume=volume-86589, bucket=bucket} | ret=FAILURE
org.apache.hadoop.ozone.om.exceptions.OMException: Bucket not found
	at org.apache.hadoop.ozone.om.BucketManagerImpl.getBucketInfo(BucketManagerImpl.java:85) ~[ozone-manager-1.4.0-SNAPSHOT.jar:?]
	at org.apache.hadoop.ozone.om.OzoneManager.getBucketInfo(OzoneManager.java:2795) ~[ozone-manager-1.4.0-SNAPSHOT.jar:?]
	at org.apache.hadoop.ozone.protocolPB.OzoneManagerRequestHandler.infoBucket(OzoneManagerRequestHandler.java:545) ~[ozone-manager-1.4.0-SNAPSHOT.jar:?]
	at org.apache.hadoop.ozone.protocolPB.OzoneManagerRequestHandler.handleReadRequest(OzoneManagerRequestHandler.java:200) ~[ozone-manager-1.4.0-SNAPSHOT.jar:?]
	at org.apache.hadoop.ozone.protocolPB.OzoneManagerProtocolServerSideTranslatorPB.submitRequestDirectlyToOM(OzoneManagerProtocolServerSideTranslatorPB.java:274) ~[ozone-manager-1.4.0-SNAPSHOT.jar:?]
	at org.apache.hadoop.ozone.protocolPB.OzoneManagerProtocolServerSideTranslatorPB.processRequest(OzoneManagerProtocolServerSideTranslatorPB.java:175) ~[ozone-manager-1.4.0-SNAPSHOT.jar:?]
	at org.apache.hadoop.hdds.server.OzoneProtocolMessageDispatcher.processRequest(OzoneProtocolMessageDispatcher.java:87) [hdds-server-framework-1.4.0-SNAPSHOT.jar:?]
	at org.apache.hadoop.ozone.protocolPB.OzoneManagerProtocolServerSideTranslatorPB.submitRequest(OzoneManagerProtocolServerSideTranslatorPB.java:148) [ozone-manager-1.4.0-SNAPSHOT.jar:?]
	at org.apache.hadoop.ozone.protocol.proto.OzoneManagerProtocolProtos$OzoneManagerService$2.callBlockingMethod(OzoneManagerProtocolProtos.java) [ozone-interface-client-1.4.0-SNAPSHOT.jar:?]
	at org.apache.hadoop.ipc.ProtobufRpcEngine$Server.processCall(ProtobufRpcEngine.java:484) [hadoop-common-3.3.6.jar:?]
	at org.apache.hadoop.ipc.ProtobufRpcEngine2$Server$ProtoBufRpcInvoker.call(ProtobufRpcEngine2.java:595) [hadoop-common-3.3.6.jar:?]
	at org.apache.hadoop.ipc.ProtobufRpcEngine2$Server$ProtoBufRpcInvoker.call(ProtobufRpcEngine2.java:573) [hadoop-common-3.3.6.jar:?]
	at org.apache.hadoop.ipc.RPC$Server.call(RPC.java:1227) [hadoop-common-3.3.6.jar:?]
	at org.apache.hadoop.ipc.Server$RpcCall.run(Server.java:1094) [hadoop-common-3.3.6.jar:?]
	at org.apache.hadoop.ipc.Server$RpcCall.run(Server.java:1017) [hadoop-common-3.3.6.jar:?]
	at java.security.AccessController.doPrivileged(Native Method) ~[?:1.8.0_382]
	at javax.security.auth.Subject.doAs(Subject.java:422) [?:1.8.0_382]
	at org.apache.hadoop.security.UserGroupInformation.doAs(UserGroupInformation.java:1899) [hadoop-common-3.3.6.jar:?]
	at org.apache.hadoop.ipc.Server$Handler.run(Server.java:3048) [hadoop-common-3.3.6.jar:?]
2023-09-25 17:59:26,034 [Time-limited test] INFO  rpc.RpcClient (RpcClient.java:createBucket(688)) - Creating Bucket: volume-86589/bucket, with bucket layout FILE_SYSTEM_OPTIMIZED, runner as owner, Versioning false, Storage Type set to DISK and Encryption set to false, Replication Type set to server-side default replication type, Namespace Quota set to -1, Space Quota set to -1 
2023-09-25 17:59:26,035 [IPC Server handler 17 on default port 15057] INFO  bucket.OMBucketCreateRequest (OMBucketCreateRequest.java:validateAndUpdateCache(270)) - created bucket: bucket of layout FILE_SYSTEM_OPTIMIZED in volume: volume-86589
2023-09-25 17:59:26,036 [Time-limited test] INFO  rpc.RpcClient (RpcClient.java:createVolume(461)) - Creating Volume: volume-92080, with runner as owner and space quota set to -1 bytes, counts quota set to -1
2023-09-25 17:59:26,037 [IPC Server handler 13 on default port 15057] INFO  volume.OMVolumeCreateRequest (OMVolumeCreateRequest.java:validateAndUpdateCache(196)) - created volume:volume-92080 for user:runner
2023-09-25 17:59:26,038 [Time-limited test] INFO  rpc.RpcClient (RpcClient.java:createBucket(688)) - Creating Bucket: volume-92080/bucket, with server-side default bucket layout, runner as owner, Versioning false, Storage Type set to DISK and Encryption set to false, Replication Type set to server-side default replication type, Namespace Quota set to -1, Space Quota set to -1 
2023-09-25 17:59:26,040 [IPC Server handler 19 on default port 15057] INFO  bucket.OMBucketCreateRequest (OMBucketCreateRequest.java:validateAndUpdateCache(270)) - created bucket: bucket of layout FILE_SYSTEM_OPTIMIZED in volume: volume-92080
2023-09-25 17:59:26,122 [IPC Server handler 19 on default port 15054] WARN  node.SCMNodeManager (SCMNodeManager.java:getNodesByAddress(1373)) - Cannot find node for address 127.0.0.1
Deleted ofs://localhost:15057/volume-92080/bucket
17:59:26.134 [IPC Server handler 5 on default port 15057] ERROR OMAudit - user=runner | ip=127.0.0.1 | op=READ_BUCKET {volume=volume-92080, bucket=bucket} | ret=FAILURE
org.apache.hadoop.ozone.om.exceptions.OMException: Bucket not found
	at org.apache.hadoop.ozone.om.BucketManagerImpl.getBucketInfo(BucketManagerImpl.java:85) ~[ozone-manager-1.4.0-SNAPSHOT.jar:?]
	at org.apache.hadoop.ozone.om.OzoneManager.getBucketInfo(OzoneManager.java:2795) ~[ozone-manager-1.4.0-SNAPSHOT.jar:?]
	at org.apache.hadoop.ozone.protocolPB.OzoneManagerRequestHandler.infoBucket(OzoneManagerRequestHandler.java:545) ~[ozone-manager-1.4.0-SNAPSHOT.jar:?]
	at org.apache.hadoop.ozone.protocolPB.OzoneManagerRequestHandler.handleReadRequest(OzoneManagerRequestHandler.java:200) ~[ozone-manager-1.4.0-SNAPSHOT.jar:?]
	at org.apache.hadoop.ozone.protocolPB.OzoneManagerProtocolServerSideTranslatorPB.submitRequestDirectlyToOM(OzoneManagerProtocolServerSideTranslatorPB.java:274) ~[ozone-manager-1.4.0-SNAPSHOT.jar:?]
	at org.apache.hadoop.ozone.protocolPB.OzoneManagerProtocolServerSideTranslatorPB.processRequest(OzoneManagerProtocolServerSideTranslatorPB.java:175) ~[ozone-manager-1.4.0-SNAPSHOT.jar:?]
	at org.apache.hadoop.hdds.server.OzoneProtocolMessageDispatcher.processRequest(OzoneProtocolMessageDispatcher.java:87) [hdds-server-framework-1.4.0-SNAPSHOT.jar:?]
	at org.apache.hadoop.ozone.protocolPB.OzoneManagerProtocolServerSideTranslatorPB.submitRequest(OzoneManagerProtocolServerSideTranslatorPB.java:148) [ozone-manager-1.4.0-SNAPSHOT.jar:?]
	at org.apache.hadoop.ozone.protocol.proto.OzoneManagerProtocolProtos$OzoneManagerService$2.callBlockingMethod(OzoneManagerProtocolProtos.java) [ozone-interface-client-1.4.0-SNAPSHOT.jar:?]
	at org.apache.hadoop.ipc.ProtobufRpcEngine$Server.processCall(ProtobufRpcEngine.java:484) [hadoop-common-3.3.6.jar:?]
	at org.apache.hadoop.ipc.ProtobufRpcEngine2$Server$ProtoBufRpcInvoker.call(ProtobufRpcEngine2.java:595) [hadoop-common-3.3.6.jar:?]
	at org.apache.hadoop.ipc.ProtobufRpcEngine2$Server$ProtoBufRpcInvoker.call(ProtobufRpcEngine2.java:573) [hadoop-common-3.3.6.jar:?]
	at org.apache.hadoop.ipc.RPC$Server.call(RPC.java:1227) [hadoop-common-3.3.6.jar:?]
	at org.apache.hadoop.ipc.Server$RpcCall.run(Server.java:1094) [hadoop-common-3.3.6.jar:?]
	at org.apache.hadoop.ipc.Server$RpcCall.run(Server.java:1017) [hadoop-common-3.3.6.jar:?]
	at java.security.AccessController.doPrivileged(Native Method) ~[?:1.8.0_382]
	at javax.security.auth.Subject.doAs(Subject.java:422) [?:1.8.0_382]
	at org.apache.hadoop.security.UserGroupInformation.doAs(UserGroupInformation.java:1899) [hadoop-common-3.3.6.jar:?]
	at org.apache.hadoop.ipc.Server$Handler.run(Server.java:3048) [hadoop-common-3.3.6.jar:?]
2023-09-25 17:59:26,137 [IPC Server handler 18 on default port 15054] WARN  node.SCMNodeManager (SCMNodeManager.java:getNodesByAddress(1373)) - Cannot find node for address 127.0.0.1
2023-09-25 17:59:26,139 [Time-limited test] INFO  rpc.RpcClient (RpcClient.java:createBucket(688)) - Creating Bucket: volume-92080/bucket, with server-side default bucket layout, runner as owner, Versioning false, Storage Type set to DISK and Encryption set to false, Replication Type set to server-side default replication type, Namespace Quota set to -1, Space Quota set to -1 
2023-09-25 17:59:26,139 [IPC Server handler 18 on default port 15057] INFO  bucket.OMBucketCreateRequest (OMBucketCreateRequest.java:validateAndUpdateCache(270)) - created bucket: bucket of layout FILE_SYSTEM_OPTIMIZED in volume: volume-92080
Deleted ofs://localhost:15057/volume-92080/bucket/
17:59:26.166 [IPC Server handler 19 on default port 15057] ERROR OMAudit - user=runner | ip=127.0.0.1 | op=READ_KEY {volume=volume-86589, bucket=bucket, key=object-dir/object-name1, dataSize=0, replicationConfig=null} | ret=FAILURE
org.apache.hadoop.ozone.om.exceptions.OMException: Key:object-dir/object-name1 not found
	at org.apache.hadoop.ozone.om.KeyManagerImpl.readKeyInfo(KeyManagerImpl.java:427) ~[ozone-manager-1.4.0-SNAPSHOT.jar:?]
	at org.apache.hadoop.ozone.om.KeyManagerImpl.lambda$9(KeyManagerImpl.java:1949) ~[ozone-manager-1.4.0-SNAPSHOT.jar:?]
	at org.apache.hadoop.util.MetricUtil.captureLatencyNs(MetricUtil.java:39) ~[hdds-common-1.4.0-SNAPSHOT.jar:?]
	at org.apache.hadoop.ozone.om.KeyManagerImpl.getKeyInfo(KeyManagerImpl.java:1947) ~[ozone-manager-1.4.0-SNAPSHOT.jar:?]
	at org.apache.hadoop.ozone.om.OmMetadataReader.getKeyInfo(OmMetadataReader.java:185) ~[ozone-manager-1.4.0-SNAPSHOT.jar:?]
	at org.apache.hadoop.ozone.om.OzoneManager.getKeyInfo(OzoneManager.java:2830) ~[ozone-manager-1.4.0-SNAPSHOT.jar:?]
	at org.apache.hadoop.ozone.protocolPB.OzoneManagerRequestHandler.getKeyInfo(OzoneManagerRequestHandler.java:585) ~[ozone-manager-1.4.0-SNAPSHOT.jar:?]
	at org.apache.hadoop.ozone.protocolPB.OzoneManagerRequestHandler.handleReadRequest(OzoneManagerRequestHandler.java:304) ~[ozone-manager-1.4.0-SNAPSHOT.jar:?]
	at org.apache.hadoop.ozone.protocolPB.OzoneManagerProtocolServerSideTranslatorPB.submitRequestDirectlyToOM(OzoneManagerProtocolServerSideTranslatorPB.java:274) ~[ozone-manager-1.4.0-SNAPSHOT.jar:?]
	at org.apache.hadoop.ozone.protocolPB.OzoneManagerProtocolServerSideTranslatorPB.processRequest(OzoneManagerProtocolServerSideTranslatorPB.java:175) ~[ozone-manager-1.4.0-SNAPSHOT.jar:?]
	at org.apache.hadoop.hdds.server.OzoneProtocolMessageDispatcher.processRequest(OzoneProtocolMessageDispatcher.java:87) [hdds-server-framework-1.4.0-SNAPSHOT.jar:?]
	at org.apache.hadoop.ozone.protocolPB.OzoneManagerProtocolServerSideTranslatorPB.submitRequest(OzoneManagerProtocolServerSideTranslatorPB.java:148) [ozone-manager-1.4.0-SNAPSHOT.jar:?]
	at org.apache.hadoop.ozone.protocol.proto.OzoneManagerProtocolProtos$OzoneManagerService$2.callBlockingMethod(OzoneManagerProtocolProtos.java) [ozone-interface-client-1.4.0-SNAPSHOT.jar:?]
	at org.apache.hadoop.ipc.ProtobufRpcEngine$Server.processCall(ProtobufRpcEngine.java:484) [hadoop-common-3.3.6.jar:?]
	at org.apache.hadoop.ipc.ProtobufRpcEngine2$Server$ProtoBufRpcInvoker.call(ProtobufRpcEngine2.java:595) [hadoop-common-3.3.6.jar:?]
	at org.apache.hadoop.ipc.ProtobufRpcEngine2$Server$ProtoBufRpcInvoker.call(ProtobufRpcEngine2.java:573) [hadoop-common-3.3.6.jar:?]
	at org.apache.hadoop.ipc.RPC$Server.call(RPC.java:1227) [hadoop-common-3.3.6.jar:?]
	at org.apache.hadoop.ipc.Server$RpcCall.run(Server.java:1094) [hadoop-common-3.3.6.jar:?]
	at org.apache.hadoop.ipc.Server$RpcCall.run(Server.java:1017) [hadoop-common-3.3.6.jar:?]
	at java.security.AccessController.doPrivileged(Native Method) ~[?:1.8.0_382]
	at javax.security.auth.Subject.doAs(Subject.java:422) [?:1.8.0_382]
	at org.apache.hadoop.security.UserGroupInformation.doAs(UserGroupInformation.java:1899) [hadoop-common-3.3.6.jar:?]
	at org.apache.hadoop.ipc.Server$Handler.run(Server.java:3048) [hadoop-common-3.3.6.jar:?]
Deleted ofs://localhost:15057/volume-92080/bucket
17:59:26.181 [IPC Server handler 19 on default port 15057] ERROR OMAudit - user=runner | ip=127.0.0.1 | op=READ_BUCKET {volume=volume-92080, bucket=bucket} | ret=FAILURE
org.apache.hadoop.ozone.om.exceptions.OMException: Bucket not found
	at org.apache.hadoop.ozone.om.BucketManagerImpl.getBucketInfo(BucketManagerImpl.java:85) ~[ozone-manager-1.4.0-SNAPSHOT.jar:?]
	at org.apache.hadoop.ozone.om.OzoneManager.getBucketInfo(OzoneManager.java:2795) ~[ozone-manager-1.4.0-SNAPSHOT.jar:?]
	at org.apache.hadoop.ozone.protocolPB.OzoneManagerRequestHandler.infoBucket(OzoneManagerRequestHandler.java:545) ~[ozone-manager-1.4.0-SNAPSHOT.jar:?]
	at org.apache.hadoop.ozone.protocolPB.OzoneManagerRequestHandler.handleReadRequest(OzoneManagerRequestHandler.java:200) ~[ozone-manager-1.4.0-SNAPSHOT.jar:?]
	at org.apache.hadoop.ozone.protocolPB.OzoneManagerProtocolServerSideTranslatorPB.submitRequestDirectlyToOM(OzoneManagerProtocolServerSideTranslatorPB.java:274) ~[ozone-manager-1.4.0-SNAPSHOT.jar:?]
	at org.apache.hadoop.ozone.protocolPB.OzoneManagerProtocolServerSideTranslatorPB.processRequest(OzoneManagerProtocolServerSideTranslatorPB.java:175) ~[ozone-manager-1.4.0-SNAPSHOT.jar:?]
	at org.apache.hadoop.hdds.server.OzoneProtocolMessageDispatcher.processRequest(OzoneProtocolMessageDispatcher.java:87) [hdds-server-framework-1.4.0-SNAPSHOT.jar:?]
	at org.apache.hadoop.ozone.protocolPB.OzoneManagerProtocolServerSideTranslatorPB.submitRequest(OzoneManagerProtocolServerSideTranslatorPB.java:148) [ozone-manager-1.4.0-SNAPSHOT.jar:?]
	at org.apache.hadoop.ozone.protocol.proto.OzoneManagerProtocolProtos$OzoneManagerService$2.callBlockingMethod(OzoneManagerProtocolProtos.java) [ozone-interface-client-1.4.0-SNAPSHOT.jar:?]
	at org.apache.hadoop.ipc.ProtobufRpcEngine$Server.processCall(ProtobufRpcEngine.java:484) [hadoop-common-3.3.6.jar:?]
	at org.apache.hadoop.ipc.ProtobufRpcEngine2$Server$ProtoBufRpcInvoker.call(ProtobufRpcEngine2.java:595) [hadoop-common-3.3.6.jar:?]
	at org.apache.hadoop.ipc.ProtobufRpcEngine2$Server$ProtoBufRpcInvoker.call(ProtobufRpcEngine2.java:573) [hadoop-common-3.3.6.jar:?]
	at org.apache.hadoop.ipc.RPC$Server.call(RPC.java:1227) [hadoop-common-3.3.6.jar:?]
	at org.apache.hadoop.ipc.Server$RpcCall.run(Server.java:1094) [hadoop-common-3.3.6.jar:?]
	at org.apache.hadoop.ipc.Server$RpcCall.run(Server.java:1017) [hadoop-common-3.3.6.jar:?]
	at java.security.AccessController.doPrivileged(Native Method) ~[?:1.8.0_382]
	at javax.security.auth.Subject.doAs(Subject.java:422) [?:1.8.0_382]
	at org.apache.hadoop.security.UserGroupInformation.doAs(UserGroupInformation.java:1899) [hadoop-common-3.3.6.jar:?]
	at org.apache.hadoop.ipc.Server$Handler.run(Server.java:3048) [hadoop-common-3.3.6.jar:?]
17:59:26.183 [IPC Server handler 4 on default port 15057] ERROR OMAudit - user=runner | ip=127.0.0.1 | op=READ_BUCKET {volume=volume-92080, bucket=bucket} | ret=FAILURE
org.apache.hadoop.ozone.om.exceptions.OMException: Bucket not found
	at org.apache.hadoop.ozone.om.BucketManagerImpl.getBucketInfo(BucketManagerImpl.java:85) ~[ozone-manager-1.4.0-SNAPSHOT.jar:?]
	at org.apache.hadoop.ozone.om.OzoneManager.getBucketInfo(OzoneManager.java:2795) ~[ozone-manager-1.4.0-SNAPSHOT.jar:?]
	at org.apache.hadoop.ozone.protocolPB.OzoneManagerRequestHandler.infoBucket(OzoneManagerRequestHandler.java:545) ~[ozone-manager-1.4.0-SNAPSHOT.jar:?]
	at org.apache.hadoop.ozone.protocolPB.OzoneManagerRequestHandler.handleReadRequest(OzoneManagerRequestHandler.java:200) ~[ozone-manager-1.4.0-SNAPSHOT.jar:?]
	at org.apache.hadoop.ozone.protocolPB.OzoneManagerProtocolServerSideTranslatorPB.submitRequestDirectlyToOM(OzoneManagerProtocolServerSideTranslatorPB.java:274) ~[ozone-manager-1.4.0-SNAPSHOT.jar:?]
	at org.apache.hadoop.ozone.protocolPB.OzoneManagerProtocolServerSideTranslatorPB.processRequest(OzoneManagerProtocolServerSideTranslatorPB.java:175) ~[ozone-manager-1.4.0-SNAPSHOT.jar:?]
	at org.apache.hadoop.hdds.server.OzoneProtocolMessageDispatcher.processRequest(OzoneProtocolMessageDispatcher.java:87) [hdds-server-framework-1.4.0-SNAPSHOT.jar:?]
	at org.apache.hadoop.ozone.protocolPB.OzoneManagerProtocolServerSideTranslatorPB.submitRequest(OzoneManagerProtocolServerSideTranslatorPB.java:148) [ozone-manager-1.4.0-SNAPSHOT.jar:?]
	at org.apache.hadoop.ozone.protocol.proto.OzoneManagerProtocolProtos$OzoneManagerService$2.callBlockingMethod(OzoneManagerProtocolProtos.java) [ozone-interface-client-1.4.0-SNAPSHOT.jar:?]
	at org.apache.hadoop.ipc.ProtobufRpcEngine$Server.processCall(ProtobufRpcEngine.java:484) [hadoop-common-3.3.6.jar:?]
	at org.apache.hadoop.ipc.ProtobufRpcEngine2$Server$ProtoBufRpcInvoker.call(ProtobufRpcEngine2.java:595) [hadoop-common-3.3.6.jar:?]
	at org.apache.hadoop.ipc.ProtobufRpcEngine2$Server$ProtoBufRpcInvoker.call(ProtobufRpcEngine2.java:573) [hadoop-common-3.3.6.jar:?]
	at org.apache.hadoop.ipc.RPC$Server.call(RPC.java:1227) [hadoop-common-3.3.6.jar:?]
	at org.apache.hadoop.ipc.Server$RpcCall.run(Server.java:1094) [hadoop-common-3.3.6.jar:?]
	at org.apache.hadoop.ipc.Server$RpcCall.run(Server.java:1017) [hadoop-common-3.3.6.jar:?]
	at java.security.AccessController.doPrivileged(Native Method) ~[?:1.8.0_382]
	at javax.security.auth.Subject.doAs(Subject.java:422) [?:1.8.0_382]
	at org.apache.hadoop.security.UserGroupInformation.doAs(UserGroupInformation.java:1899) [hadoop-common-3.3.6.jar:?]
	at org.apache.hadoop.ipc.Server$Handler.run(Server.java:3048) [hadoop-common-3.3.6.jar:?]
17:59:26.184 [IPC Server handler 0 on default port 15057] ERROR OMAudit - user=runner | ip=127.0.0.1 | op=READ_BUCKET {volume=volume-92080, bucket=bucket} | ret=FAILURE
org.apache.hadoop.ozone.om.exceptions.OMException: Bucket not found
	at org.apache.hadoop.ozone.om.BucketManagerImpl.getBucketInfo(BucketManagerImpl.java:85) ~[ozone-manager-1.4.0-SNAPSHOT.jar:?]
	at org.apache.hadoop.ozone.om.OzoneManager.getBucketInfo(OzoneManager.java:2795) ~[ozone-manager-1.4.0-SNAPSHOT.jar:?]
	at org.apache.hadoop.ozone.protocolPB.OzoneManagerRequestHandler.infoBucket(OzoneManagerRequestHandler.java:545) ~[ozone-manager-1.4.0-SNAPSHOT.jar:?]
	at org.apache.hadoop.ozone.protocolPB.OzoneManagerRequestHandler.handleReadRequest(OzoneManagerRequestHandler.java:200) ~[ozone-manager-1.4.0-SNAPSHOT.jar:?]
	at org.apache.hadoop.ozone.protocolPB.OzoneManagerProtocolServerSideTranslatorPB.submitRequestDirectlyToOM(OzoneManagerProtocolServerSideTranslatorPB.java:274) ~[ozone-manager-1.4.0-SNAPSHOT.jar:?]
	at org.apache.hadoop.ozone.protocolPB.OzoneManagerProtocolServerSideTranslatorPB.processRequest(OzoneManagerProtocolServerSideTranslatorPB.java:175) ~[ozone-manager-1.4.0-SNAPSHOT.jar:?]
	at org.apache.hadoop.hdds.server.OzoneProtocolMessageDispatcher.processRequest(OzoneProtocolMessageDispatcher.java:87) [hdds-server-framework-1.4.0-SNAPSHOT.jar:?]
	at org.apache.hadoop.ozone.protocolPB.OzoneManagerProtocolServerSideTranslatorPB.submitRequest(OzoneManagerProtocolServerSideTranslatorPB.java:148) [ozone-manager-1.4.0-SNAPSHOT.jar:?]
	at org.apache.hadoop.ozone.protocol.proto.OzoneManagerProtocolProtos$OzoneManagerService$2.callBlockingMethod(OzoneManagerProtocolProtos.java) [ozone-interface-client-1.4.0-SNAPSHOT.jar:?]
	at org.apache.hadoop.ipc.ProtobufRpcEngine$Server.processCall(ProtobufRpcEngine.java:484) [hadoop-common-3.3.6.jar:?]
	at org.apache.hadoop.ipc.ProtobufRpcEngine2$Server$ProtoBufRpcInvoker.call(ProtobufRpcEngine2.java:595) [hadoop-common-3.3.6.jar:?]
	at org.apache.hadoop.ipc.ProtobufRpcEngine2$Server$ProtoBufRpcInvoker.call(ProtobufRpcEngine2.java:573) [hadoop-common-3.3.6.jar:?]
	at org.apache.hadoop.ipc.RPC$Server.call(RPC.java:1227) [hadoop-common-3.3.6.jar:?]
	at org.apache.hadoop.ipc.Server$RpcCall.run(Server.java:1094) [hadoop-common-3.3.6.jar:?]
	at org.apache.hadoop.ipc.Server$RpcCall.run(Server.java:1017) [hadoop-common-3.3.6.jar:?]
	at java.security.AccessController.doPrivileged(Native Method) ~[?:1.8.0_382]
	at javax.security.auth.Subject.doAs(Subject.java:422) [?:1.8.0_382]
	at org.apache.hadoop.security.UserGroupInformation.doAs(UserGroupInformation.java:1899) [hadoop-common-3.3.6.jar:?]
	at org.apache.hadoop.ipc.Server$Handler.run(Server.java:3048) [hadoop-common-3.3.6.jar:?]
2023-09-25 17:59:26,184 [Time-limited test] ERROR ozone.BasicRootedOzoneFileSystem (BasicRootedOzoneFileSystem.java:isLinkBucket(780)) - Exception while getting bucket link information, considered it as false
BUCKET_NOT_FOUND org.apache.hadoop.ozone.om.exceptions.OMException: Bucket not found
	at org.apache.hadoop.ozone.om.protocolPB.OzoneManagerProtocolClientSideTranslatorPB.handleError(OzoneManagerProtocolClientSideTranslatorPB.java:729)
	at org.apache.hadoop.ozone.om.protocolPB.OzoneManagerProtocolClientSideTranslatorPB.getBucketInfo(OzoneManagerProtocolClientSideTranslatorPB.java:578)
	at org.apache.hadoop.ozone.client.rpc.RpcClient.getBucketDetails(RpcClient.java:1243)
	at org.apache.hadoop.fs.ozone.BasicRootedOzoneClientAdapterImpl.getBucket(BasicRootedOzoneClientAdapterImpl.java:274)
	at org.apache.hadoop.fs.ozone.BasicRootedOzoneClientAdapterImpl.getBucket(BasicRootedOzoneClientAdapterImpl.java:248)
	at org.apache.hadoop.fs.ozone.BasicRootedOzoneFileSystem.isLinkBucket(BasicRootedOzoneFileSystem.java:775)
	at org.apache.hadoop.fs.ozone.BasicRootedOzoneFileSystem.deleteBucket(BasicRootedOzoneFileSystem.java:742)
	at org.apache.hadoop.fs.ozone.BasicRootedOzoneFileSystem.delete(BasicRootedOzoneFileSystem.java:696)
	at org.apache.hadoop.fs.FileSystem.delete(FileSystem.java:1763)
	at org.apache.hadoop.fs.ozone.TestRootedOzoneFileSystem.testSymlinkPosixDelete(TestRootedOzoneFileSystem.java:1703)
	at sun.reflect.NativeMethodAccessorImpl.invoke0(Native Method)
	at sun.reflect.NativeMethodAccessorImpl.invoke(NativeMethodAccessorImpl.java:62)
	at sun.reflect.DelegatingMethodAccessorImpl.invoke(DelegatingMethodAccessorImpl.java:43)
	at java.lang.reflect.Method.invoke(Method.java:498)
	at org.junit.runners.model.FrameworkMethod$1.runReflectiveCall(FrameworkMethod.java:59)
	at org.junit.internal.runners.model.ReflectiveCallable.run(ReflectiveCallable.java:12)
	at org.junit.runners.model.FrameworkMethod.invokeExplosively(FrameworkMethod.java:56)
	at org.junit.internal.runners.statements.InvokeMethod.evaluate(InvokeMethod.java:17)
	at org.junit.internal.runners.statements.RunBefores.evaluate(RunBefores.java:26)
	at org.junit.internal.runners.statements.RunAfters.evaluate(RunAfters.java:27)
	at org.junit.internal.runners.statements.FailOnTimeout$CallableStatement.call(FailOnTimeout.java:288)
	at org.junit.internal.runners.statements.FailOnTimeout$CallableStatement.call(FailOnTimeout.java:282)
	at java.util.concurrent.FutureTask.run(FutureTask.java:266)
	at java.lang.Thread.run(Thread.java:750)
2023-09-25 17:59:26,185 [Time-limited test] WARN  ozone.BasicRootedOzoneFileSystem (BasicRootedOzoneFileSystem.java:deleteBucket(746)) - delete: Path does not exist: /volume-92080/bucket
]]></system-out>
  </testcase>
  <testcase name="testCreateAndCheckECFileDiskUsage" classname="TestRootedOzoneFileSystemWithFSO" time="0.381">
    <system-out><![CDATA[2023-09-25 17:57:59,313 [Time-limited test] INFO  rpc.RpcClient (RpcClient.java:createVolume(461)) - Creating Volume: volume18782, with user73815 as owner and space quota set to -1 bytes, counts quota set to -1
2023-09-25 17:57:59,315 [OM StateMachine ApplyTransaction Thread - 0] INFO  volume.OMVolumeCreateRequest (OMVolumeCreateRequest.java:validateAndUpdateCache(196)) - created volume:volume18782 for user:user73815
2023-09-25 17:57:59,316 [Time-limited test] INFO  rpc.RpcClient (RpcClient.java:createBucket(688)) - Creating Bucket: volume18782/bucket96544, with bucket layout FILE_SYSTEM_OPTIMIZED, runner as owner, Versioning false, Storage Type set to DISK and Encryption set to false, Replication Type set to server-side default replication type, Namespace Quota set to -1, Space Quota set to -1 
2023-09-25 17:57:59,318 [OM StateMachine ApplyTransaction Thread - 0] INFO  bucket.OMBucketCreateRequest (OMBucketCreateRequest.java:validateAndUpdateCache(270)) - created bucket: bucket96544 of layout FILE_SYSTEM_OPTIMIZED in volume: volume18782
2023-09-25 17:57:59,330 [IPC Server handler 18 on default port 15001] INFO  algorithms.SCMContainerPlacementRackScatter (SCMContainerPlacementRackScatter.java:chooseDatanodesInternal(370)) - Chosen nodes: [547bcca7-662f-4506-ab3e-0bdf08a2cfda(fv-az249-861/10.1.0.144), 1be5c5f2-a8c9-4995-9125-aff50ea2da2d(fv-az249-861/10.1.0.144), 193d77cf-0768-416f-bba4-4eb853aeaf3c(fv-az249-861/10.1.0.144), 7c2da756-7def-47bc-b4fd-fb4319f4a659(fv-az249-861/10.1.0.144), 07de5ce2-8a0b-4f06-859c-06527793f6e4(fv-az249-861/10.1.0.144)]. isPolicySatisfied: true.
2023-09-25 17:57:59,333 [IPC Server handler 18 on default port 15001] INFO  pipeline.WritableECContainerProvider (WritableECContainerProvider.java:allocateContainer(211)) - Created and opened new pipeline Pipeline[ Id: da8b1d0f-e7ab-4329-aca2-78d483175564, Nodes: 547bcca7-662f-4506-ab3e-0bdf08a2cfda(fv-az249-861/10.1.0.144)1be5c5f2-a8c9-4995-9125-aff50ea2da2d(fv-az249-861/10.1.0.144)193d77cf-0768-416f-bba4-4eb853aeaf3c(fv-az249-861/10.1.0.144)7c2da756-7def-47bc-b4fd-fb4319f4a659(fv-az249-861/10.1.0.144)07de5ce2-8a0b-4f06-859c-06527793f6e4(fv-az249-861/10.1.0.144), ReplicationConfig: EC{rs-3-2-1024k}, State:ALLOCATED, leaderId:, CreationTimestamp2023-09-25T17:57:59.330Z[Etc/UTC]]
2023-09-25 17:57:59,391 [Time-limited test] WARN  erasurecode.ErasureCodeNative (ErasureCodeNative.java:<clinit>(55)) - ISA-L support is not available in your platform... using builtin-java codec where applicable
]]></system-out>
  </testcase>
  <testcase name="testCreateAndCheckECFileDiskUsage" classname="TestRootedOzoneFileSystemWithFSO" time="0.221">
    <system-out><![CDATA[2023-09-25 17:59:26,218 [Time-limited test] INFO  rpc.RpcClient (RpcClient.java:createVolume(461)) - Creating Volume: volume79663, with user51335 as owner and space quota set to -1 bytes, counts quota set to -1
2023-09-25 17:59:26,220 [IPC Server handler 14 on default port 15057] INFO  volume.OMVolumeCreateRequest (OMVolumeCreateRequest.java:validateAndUpdateCache(196)) - created volume:volume79663 for user:user51335
2023-09-25 17:59:26,224 [Time-limited test] INFO  rpc.RpcClient (RpcClient.java:createBucket(688)) - Creating Bucket: volume79663/bucket85175, with bucket layout FILE_SYSTEM_OPTIMIZED, runner as owner, Versioning false, Storage Type set to DISK and Encryption set to false, Replication Type set to server-side default replication type, Namespace Quota set to -1, Space Quota set to -1 
2023-09-25 17:59:26,224 [IPC Server handler 13 on default port 15057] INFO  bucket.OMBucketCreateRequest (OMBucketCreateRequest.java:validateAndUpdateCache(270)) - created bucket: bucket85175 of layout FILE_SYSTEM_OPTIMIZED in volume: volume79663
2023-09-25 17:59:26,233 [IPC Server handler 2 on default port 15054] INFO  algorithms.SCMContainerPlacementRackScatter (SCMContainerPlacementRackScatter.java:chooseDatanodesInternal(370)) - Chosen nodes: [a644417b-dd47-4d87-a60a-40004e0b267c(fv-az249-861/10.1.0.144), 75134425-efac-405c-8d5e-f2090f4ad075(fv-az249-861/10.1.0.144), 8558cc9e-2498-48a0-8a6c-35e11e299077(fv-az249-861/10.1.0.144), 4cd7b50a-b530-4fcc-bddc-ce049f20e72b(fv-az249-861/10.1.0.144), e996d841-287d-4937-b6a3-35b5511a6c1e(fv-az249-861/10.1.0.144)]. isPolicySatisfied: true.
2023-09-25 17:59:26,238 [IPC Server handler 2 on default port 15054] INFO  pipeline.WritableECContainerProvider (WritableECContainerProvider.java:allocateContainer(211)) - Created and opened new pipeline Pipeline[ Id: bd250117-d0da-4a09-bb66-de07f99863a0, Nodes: a644417b-dd47-4d87-a60a-40004e0b267c(fv-az249-861/10.1.0.144)75134425-efac-405c-8d5e-f2090f4ad075(fv-az249-861/10.1.0.144)8558cc9e-2498-48a0-8a6c-35e11e299077(fv-az249-861/10.1.0.144)4cd7b50a-b530-4fcc-bddc-ce049f20e72b(fv-az249-861/10.1.0.144)e996d841-287d-4937-b6a3-35b5511a6c1e(fv-az249-861/10.1.0.144), ReplicationConfig: EC{rs-3-2-1024k}, State:ALLOCATED, leaderId:, CreationTimestamp2023-09-25T17:59:26.233Z[Etc/UTC]]
]]></system-out>
  </testcase>
  <testcase name="testListStatusIteratorWithDir" classname="TestRootedOzoneFileSystemWithFSO" time="0.073">
    <system-out><![CDATA[2023-09-25 17:57:59,690 [Time-limited test] INFO  rpc.RpcClient (RpcClient.java:createVolume(461)) - Creating Volume: volume59478, with user19946 as owner and space quota set to -1 bytes, counts quota set to -1
2023-09-25 17:57:59,692 [OM StateMachine ApplyTransaction Thread - 0] INFO  volume.OMVolumeCreateRequest (OMVolumeCreateRequest.java:validateAndUpdateCache(196)) - created volume:volume59478 for user:user19946
2023-09-25 17:57:59,693 [Time-limited test] INFO  rpc.RpcClient (RpcClient.java:createBucket(688)) - Creating Bucket: volume59478/bucket24226, with bucket layout FILE_SYSTEM_OPTIMIZED, runner as owner, Versioning false, Storage Type set to DISK and Encryption set to false, Replication Type set to server-side default replication type, Namespace Quota set to -1, Space Quota set to -1 
2023-09-25 17:57:59,694 [OM StateMachine ApplyTransaction Thread - 0] INFO  bucket.OMBucketCreateRequest (OMBucketCreateRequest.java:validateAndUpdateCache(270)) - created bucket: bucket24226 of layout FILE_SYSTEM_OPTIMIZED in volume: volume59478
]]></system-out>
  </testcase>
  <testcase name="testListStatusIteratorWithDir" classname="TestRootedOzoneFileSystemWithFSO" time="0.056">
    <system-out><![CDATA[2023-09-25 17:59:26,439 [Time-limited test] INFO  rpc.RpcClient (RpcClient.java:createVolume(461)) - Creating Volume: volume56470, with user82907 as owner and space quota set to -1 bytes, counts quota set to -1
2023-09-25 17:59:26,440 [IPC Server handler 6 on default port 15057] INFO  volume.OMVolumeCreateRequest (OMVolumeCreateRequest.java:validateAndUpdateCache(196)) - created volume:volume56470 for user:user82907
2023-09-25 17:59:26,441 [Time-limited test] INFO  rpc.RpcClient (RpcClient.java:createBucket(688)) - Creating Bucket: volume56470/bucket04047, with bucket layout FILE_SYSTEM_OPTIMIZED, runner as owner, Versioning false, Storage Type set to DISK and Encryption set to false, Replication Type set to server-side default replication type, Namespace Quota set to -1, Space Quota set to -1 
2023-09-25 17:59:26,441 [IPC Server handler 7 on default port 15057] INFO  bucket.OMBucketCreateRequest (OMBucketCreateRequest.java:validateAndUpdateCache(270)) - created bucket: bucket04047 of layout FILE_SYSTEM_OPTIMIZED in volume: volume56470
]]></system-out>
  </testcase>
  <testcase name="testListStatusOnLargeDirectory" classname="TestRootedOzoneFileSystemWithFSO" time="9.404">
    <system-out><![CDATA[2023-09-25 17:57:59,761 [Time-limited test] INFO  rpc.RpcClient (RpcClient.java:createVolume(461)) - Creating Volume: volume59282, with user73905 as owner and space quota set to -1 bytes, counts quota set to -1
2023-09-25 17:57:59,762 [OM StateMachine ApplyTransaction Thread - 0] INFO  volume.OMVolumeCreateRequest (OMVolumeCreateRequest.java:validateAndUpdateCache(196)) - created volume:volume59282 for user:user73905
2023-09-25 17:57:59,763 [Time-limited test] INFO  rpc.RpcClient (RpcClient.java:createBucket(688)) - Creating Bucket: volume59282/bucket60709, with bucket layout FILE_SYSTEM_OPTIMIZED, runner as owner, Versioning false, Storage Type set to DISK and Encryption set to false, Replication Type set to server-side default replication type, Namespace Quota set to -1, Space Quota set to -1 
2023-09-25 17:57:59,767 [OM StateMachine ApplyTransaction Thread - 0] INFO  bucket.OMBucketCreateRequest (OMBucketCreateRequest.java:validateAndUpdateCache(270)) - created bucket: bucket60709 of layout FILE_SYSTEM_OPTIMIZED in volume: volume59282
]]></system-out>
  </testcase>
  <testcase name="testListStatusOnLargeDirectory" classname="TestRootedOzoneFileSystemWithFSO" time="8.593">
    <system-out><![CDATA[2023-09-25 17:59:26,494 [Time-limited test] INFO  rpc.RpcClient (RpcClient.java:createVolume(461)) - Creating Volume: volume48641, with user74403 as owner and space quota set to -1 bytes, counts quota set to -1
2023-09-25 17:59:26,495 [IPC Server handler 3 on default port 15057] INFO  volume.OMVolumeCreateRequest (OMVolumeCreateRequest.java:validateAndUpdateCache(196)) - created volume:volume48641 for user:user74403
2023-09-25 17:59:26,496 [Time-limited test] INFO  rpc.RpcClient (RpcClient.java:createBucket(688)) - Creating Bucket: volume48641/bucket04477, with bucket layout FILE_SYSTEM_OPTIMIZED, runner as owner, Versioning false, Storage Type set to DISK and Encryption set to false, Replication Type set to server-side default replication type, Namespace Quota set to -1, Space Quota set to -1 
2023-09-25 17:59:26,496 [IPC Server handler 10 on default port 15057] INFO  bucket.OMBucketCreateRequest (OMBucketCreateRequest.java:validateAndUpdateCache(270)) - created bucket: bucket04477 of layout FILE_SYSTEM_OPTIMIZED in volume: volume48641
2023-09-25 17:59:32,734 [JvmPauseMonitor12] WARN  util.JvmPauseMonitor (JvmPauseMonitor.java:detectPause(124)) - JvmPauseMonitor-e996d841-287d-4937-b6a3-35b5511a6c1e: Detected pause in JVM or host machine approximately 0.712s with 1.035s GC time.
GC pool 'PS MarkSweep' had collection(s): count=1 time=835ms
GC pool 'PS Scavenge' had collection(s): count=1 time=200ms
2023-09-25 17:59:32,734 [JvmPauseMonitor8] WARN  util.JvmPauseMonitor (JvmPauseMonitor.java:detectPause(124)) - JvmPauseMonitor-8c8bd423-fc0f-467b-aab2-d5e42165c8a9: Detected pause in JVM or host machine approximately 0.934s with 1.035s GC time.
GC pool 'PS MarkSweep' had collection(s): count=1 time=835ms
GC pool 'PS Scavenge' had collection(s): count=1 time=200ms
2023-09-25 17:59:32,734 [JvmPauseMonitor7] WARN  util.JvmPauseMonitor (JvmPauseMonitor.java:detectPause(124)) - JvmPauseMonitor-d5702389-9086-4446-8088-3e4b6e850466: Detected pause in JVM or host machine approximately 0.937s with 1.035s GC time.
GC pool 'PS MarkSweep' had collection(s): count=1 time=835ms
GC pool 'PS Scavenge' had collection(s): count=1 time=200ms
2023-09-25 17:59:32,735 [JvmPauseMonitor9] WARN  util.JvmPauseMonitor (JvmPauseMonitor.java:detectPause(124)) - JvmPauseMonitor-75134425-efac-405c-8d5e-f2090f4ad075: Detected pause in JVM or host machine approximately 0.942s with 1.035s GC time.
GC pool 'PS MarkSweep' had collection(s): count=1 time=835ms
GC pool 'PS Scavenge' had collection(s): count=1 time=200ms
2023-09-25 17:59:32,735 [JvmPauseMonitor11] WARN  util.JvmPauseMonitor (JvmPauseMonitor.java:detectPause(124)) - JvmPauseMonitor-8558cc9e-2498-48a0-8a6c-35e11e299077: Detected pause in JVM or host machine approximately 0.969s with 1.035s GC time.
GC pool 'PS MarkSweep' had collection(s): count=1 time=835ms
GC pool 'PS Scavenge' had collection(s): count=1 time=200ms
2023-09-25 17:59:32,736 [JvmPauseMonitor10] WARN  util.JvmPauseMonitor (JvmPauseMonitor.java:detectPause(124)) - JvmPauseMonitor-a644417b-dd47-4d87-a60a-40004e0b267c: Detected pause in JVM or host machine approximately 0.975s with 1.035s GC time.
GC pool 'PS MarkSweep' had collection(s): count=1 time=835ms
GC pool 'PS Scavenge' had collection(s): count=1 time=200ms
2023-09-25 17:59:32,739 [JvmPauseMonitor13] WARN  util.JvmPauseMonitor (JvmPauseMonitor.java:detectPause(124)) - JvmPauseMonitor-4cd7b50a-b530-4fcc-bddc-ce049f20e72b: Detected pause in JVM or host machine approximately 0.991s with 1.035s GC time.
GC pool 'PS MarkSweep' had collection(s): count=1 time=835ms
GC pool 'PS Scavenge' had collection(s): count=1 time=200ms
]]></system-out>
  </testcase>
  <testcase name="testFileSystemDeclaresCapability" classname="TestRootedOzoneFileSystemWithFSO" time="0.039">
    <system-out><![CDATA[2023-09-25 17:58:09,169 [Time-limited test] INFO  rpc.RpcClient (RpcClient.java:createVolume(461)) - Creating Volume: volume57323, with user23732 as owner and space quota set to -1 bytes, counts quota set to -1
2023-09-25 17:58:09,170 [OM StateMachine ApplyTransaction Thread - 0] INFO  volume.OMVolumeCreateRequest (OMVolumeCreateRequest.java:validateAndUpdateCache(196)) - created volume:volume57323 for user:user23732
2023-09-25 17:58:09,171 [Time-limited test] INFO  rpc.RpcClient (RpcClient.java:createBucket(688)) - Creating Bucket: volume57323/bucket21781, with bucket layout FILE_SYSTEM_OPTIMIZED, runner as owner, Versioning false, Storage Type set to DISK and Encryption set to false, Replication Type set to server-side default replication type, Namespace Quota set to -1, Space Quota set to -1 
2023-09-25 17:58:09,173 [OM StateMachine ApplyTransaction Thread - 0] INFO  bucket.OMBucketCreateRequest (OMBucketCreateRequest.java:validateAndUpdateCache(270)) - created bucket: bucket21781 of layout FILE_SYSTEM_OPTIMIZED in volume: volume57323
]]></system-out>
  </testcase>
  <testcase name="testFileSystemDeclaresCapability" classname="TestRootedOzoneFileSystemWithFSO" time="0.029">
    <system-out><![CDATA[2023-09-25 17:59:35,091 [Time-limited test] INFO  rpc.RpcClient (RpcClient.java:createVolume(461)) - Creating Volume: volume45857, with user16487 as owner and space quota set to -1 bytes, counts quota set to -1
2023-09-25 17:59:35,092 [IPC Server handler 0 on default port 15057] INFO  volume.OMVolumeCreateRequest (OMVolumeCreateRequest.java:validateAndUpdateCache(196)) - created volume:volume45857 for user:user16487
2023-09-25 17:59:35,093 [Time-limited test] INFO  rpc.RpcClient (RpcClient.java:createBucket(688)) - Creating Bucket: volume45857/bucket01963, with bucket layout FILE_SYSTEM_OPTIMIZED, runner as owner, Versioning false, Storage Type set to DISK and Encryption set to false, Replication Type set to server-side default replication type, Namespace Quota set to -1, Space Quota set to -1 
2023-09-25 17:59:35,093 [IPC Server handler 1 on default port 15057] INFO  bucket.OMBucketCreateRequest (OMBucketCreateRequest.java:validateAndUpdateCache(270)) - created bucket: bucket01963 of layout FILE_SYSTEM_OPTIMIZED in volume: volume45857
]]></system-out>
  </testcase>
  <testcase name="testRenameToDifferentBucket" classname="TestRootedOzoneFileSystemWithFSO" time="0.046">
    <system-out><![CDATA[2023-09-25 17:58:09,203 [Time-limited test] INFO  rpc.RpcClient (RpcClient.java:createVolume(461)) - Creating Volume: volume51807, with user64526 as owner and space quota set to -1 bytes, counts quota set to -1
2023-09-25 17:58:09,206 [OM StateMachine ApplyTransaction Thread - 0] INFO  volume.OMVolumeCreateRequest (OMVolumeCreateRequest.java:validateAndUpdateCache(196)) - created volume:volume51807 for user:user64526
2023-09-25 17:58:09,207 [Time-limited test] INFO  rpc.RpcClient (RpcClient.java:createBucket(688)) - Creating Bucket: volume51807/bucket54447, with bucket layout FILE_SYSTEM_OPTIMIZED, runner as owner, Versioning false, Storage Type set to DISK and Encryption set to false, Replication Type set to server-side default replication type, Namespace Quota set to -1, Space Quota set to -1 
2023-09-25 17:58:09,209 [OM StateMachine ApplyTransaction Thread - 0] INFO  bucket.OMBucketCreateRequest (OMBucketCreateRequest.java:validateAndUpdateCache(270)) - created bucket: bucket54447 of layout FILE_SYSTEM_OPTIMIZED in volume: volume51807
]]></system-out>
  </testcase>
  <testcase name="testRenameToDifferentBucket" classname="TestRootedOzoneFileSystemWithFSO" time="0.034">
    <system-out><![CDATA[2023-09-25 17:59:35,115 [Time-limited test] INFO  rpc.RpcClient (RpcClient.java:createVolume(461)) - Creating Volume: volume64234, with user07345 as owner and space quota set to -1 bytes, counts quota set to -1
2023-09-25 17:59:35,115 [IPC Server handler 9 on default port 15057] INFO  volume.OMVolumeCreateRequest (OMVolumeCreateRequest.java:validateAndUpdateCache(196)) - created volume:volume64234 for user:user07345
2023-09-25 17:59:35,116 [Time-limited test] INFO  rpc.RpcClient (RpcClient.java:createBucket(688)) - Creating Bucket: volume64234/bucket44286, with bucket layout FILE_SYSTEM_OPTIMIZED, runner as owner, Versioning false, Storage Type set to DISK and Encryption set to false, Replication Type set to server-side default replication type, Namespace Quota set to -1, Space Quota set to -1 
2023-09-25 17:59:35,117 [IPC Server handler 0 on default port 15057] INFO  bucket.OMBucketCreateRequest (OMBucketCreateRequest.java:validateAndUpdateCache(270)) - created bucket: bucket44286 of layout FILE_SYSTEM_OPTIMIZED in volume: volume64234
]]></system-out>
  </testcase>
  <testcase name="testBucketDefaultsShouldBeInheritedToFileForEC" classname="TestRootedOzoneFileSystemWithFSO" time="0.292">
    <system-out><![CDATA[2023-09-25 17:58:09,253 [Time-limited test] INFO  rpc.RpcClient (RpcClient.java:createVolume(461)) - Creating Volume: volume62420, with user06410 as owner and space quota set to -1 bytes, counts quota set to -1
2023-09-25 17:58:09,255 [OM StateMachine ApplyTransaction Thread - 0] INFO  volume.OMVolumeCreateRequest (OMVolumeCreateRequest.java:validateAndUpdateCache(196)) - created volume:volume62420 for user:user06410
2023-09-25 17:58:09,257 [Time-limited test] INFO  rpc.RpcClient (RpcClient.java:createBucket(688)) - Creating Bucket: volume62420/bucket56574, with bucket layout FILE_SYSTEM_OPTIMIZED, runner as owner, Versioning false, Storage Type set to DISK and Encryption set to false, Replication Type set to server-side default replication type, Namespace Quota set to -1, Space Quota set to -1 
2023-09-25 17:58:09,258 [OM StateMachine ApplyTransaction Thread - 0] INFO  bucket.OMBucketCreateRequest (OMBucketCreateRequest.java:validateAndUpdateCache(270)) - created bucket: bucket56574 of layout FILE_SYSTEM_OPTIMIZED in volume: volume62420
2023-09-25 17:58:09,289 [Time-limited test] INFO  rpc.RpcClient (RpcClient.java:createVolume(461)) - Creating Volume: 8438f863-3e3a-4091-9f2f-2bb6694512bc, with user40237 as owner and space quota set to -1 bytes, counts quota set to -1
2023-09-25 17:58:09,291 [OM StateMachine ApplyTransaction Thread - 0] INFO  volume.OMVolumeCreateRequest (OMVolumeCreateRequest.java:validateAndUpdateCache(196)) - created volume:8438f863-3e3a-4091-9f2f-2bb6694512bc for user:user40237
2023-09-25 17:58:09,292 [Time-limited test] INFO  rpc.RpcClient (RpcClient.java:createBucket(688)) - Creating Bucket: 8438f863-3e3a-4091-9f2f-2bb6694512bc/e9fec917-dc76-49b7-813c-2e7f3be57bcf, with bucket layout LEGACY, runner as owner, Versioning false, Storage Type set to DISK and Encryption set to false, Replication Type set to EC, Namespace Quota set to -1, Space Quota set to -1 
2023-09-25 17:58:09,293 [OM StateMachine ApplyTransaction Thread - 0] INFO  bucket.OMBucketCreateRequest (OMBucketCreateRequest.java:validateAndUpdateCache(270)) - created bucket: e9fec917-dc76-49b7-813c-2e7f3be57bcf of layout LEGACY in volume: 8438f863-3e3a-4091-9f2f-2bb6694512bc
2023-09-25 17:58:09,297 [IPC Server handler 18 on default port 15001] INFO  algorithms.SCMContainerPlacementRackScatter (SCMContainerPlacementRackScatter.java:chooseDatanodesInternal(370)) - Chosen nodes: [1be5c5f2-a8c9-4995-9125-aff50ea2da2d(fv-az249-861/10.1.0.144), 193d77cf-0768-416f-bba4-4eb853aeaf3c(fv-az249-861/10.1.0.144), 07de5ce2-8a0b-4f06-859c-06527793f6e4(fv-az249-861/10.1.0.144), 547bcca7-662f-4506-ab3e-0bdf08a2cfda(fv-az249-861/10.1.0.144), 7c2da756-7def-47bc-b4fd-fb4319f4a659(fv-az249-861/10.1.0.144)]. isPolicySatisfied: true.
2023-09-25 17:58:09,298 [IPC Server handler 18 on default port 15001] INFO  pipeline.WritableECContainerProvider (WritableECContainerProvider.java:allocateContainer(211)) - Created and opened new pipeline Pipeline[ Id: 1dcad31f-fa17-4153-8dc6-90137b3d31f9, Nodes: 1be5c5f2-a8c9-4995-9125-aff50ea2da2d(fv-az249-861/10.1.0.144)193d77cf-0768-416f-bba4-4eb853aeaf3c(fv-az249-861/10.1.0.144)07de5ce2-8a0b-4f06-859c-06527793f6e4(fv-az249-861/10.1.0.144)547bcca7-662f-4506-ab3e-0bdf08a2cfda(fv-az249-861/10.1.0.144)7c2da756-7def-47bc-b4fd-fb4319f4a659(fv-az249-861/10.1.0.144), ReplicationConfig: EC{rs-3-2-1024k}, State:ALLOCATED, leaderId:, CreationTimestamp2023-09-25T17:58:09.297Z[Etc/UTC]]
2023-09-25 17:58:09,517 [IPC Server handler 9 on default port 15001] WARN  node.SCMNodeManager (SCMNodeManager.java:getNodesByAddress(1373)) - Cannot find node for address 127.0.0.1
]]></system-out>
  </testcase>
  <testcase name="testBucketDefaultsShouldBeInheritedToFileForEC" classname="TestRootedOzoneFileSystemWithFSO" time="0.318">
    <system-out><![CDATA[2023-09-25 17:59:35,165 [Time-limited test] INFO  rpc.RpcClient (RpcClient.java:createVolume(461)) - Creating Volume: volume29797, with user89304 as owner and space quota set to -1 bytes, counts quota set to -1
2023-09-25 17:59:35,166 [IPC Server handler 12 on default port 15057] INFO  volume.OMVolumeCreateRequest (OMVolumeCreateRequest.java:validateAndUpdateCache(196)) - created volume:volume29797 for user:user89304
2023-09-25 17:59:35,167 [Time-limited test] INFO  rpc.RpcClient (RpcClient.java:createBucket(688)) - Creating Bucket: volume29797/bucket37752, with bucket layout FILE_SYSTEM_OPTIMIZED, runner as owner, Versioning false, Storage Type set to DISK and Encryption set to false, Replication Type set to server-side default replication type, Namespace Quota set to -1, Space Quota set to -1 
2023-09-25 17:59:35,167 [IPC Server handler 8 on default port 15057] INFO  bucket.OMBucketCreateRequest (OMBucketCreateRequest.java:validateAndUpdateCache(270)) - created bucket: bucket37752 of layout FILE_SYSTEM_OPTIMIZED in volume: volume29797
2023-09-25 17:59:35,178 [Time-limited test] INFO  rpc.RpcClient (RpcClient.java:createVolume(461)) - Creating Volume: d42c635c-6e51-4705-818d-e5d7dfa6c92d, with user66266 as owner and space quota set to -1 bytes, counts quota set to -1
2023-09-25 17:59:35,180 [IPC Server handler 5 on default port 15057] INFO  volume.OMVolumeCreateRequest (OMVolumeCreateRequest.java:validateAndUpdateCache(196)) - created volume:d42c635c-6e51-4705-818d-e5d7dfa6c92d for user:user66266
2023-09-25 17:59:35,184 [Time-limited test] INFO  rpc.RpcClient (RpcClient.java:createBucket(688)) - Creating Bucket: d42c635c-6e51-4705-818d-e5d7dfa6c92d/754cd862-afae-4f59-9711-d0d8d1b61899, with bucket layout LEGACY, runner as owner, Versioning false, Storage Type set to DISK and Encryption set to false, Replication Type set to EC, Namespace Quota set to -1, Space Quota set to -1 
2023-09-25 17:59:35,184 [IPC Server handler 9 on default port 15057] INFO  bucket.OMBucketCreateRequest (OMBucketCreateRequest.java:validateAndUpdateCache(270)) - created bucket: 754cd862-afae-4f59-9711-d0d8d1b61899 of layout LEGACY in volume: d42c635c-6e51-4705-818d-e5d7dfa6c92d
2023-09-25 17:59:35,189 [IPC Server handler 0 on default port 15054] INFO  algorithms.SCMContainerPlacementRackScatter (SCMContainerPlacementRackScatter.java:chooseDatanodesInternal(370)) - Chosen nodes: [8558cc9e-2498-48a0-8a6c-35e11e299077(fv-az249-861/10.1.0.144), 75134425-efac-405c-8d5e-f2090f4ad075(fv-az249-861/10.1.0.144), a644417b-dd47-4d87-a60a-40004e0b267c(fv-az249-861/10.1.0.144), 4cd7b50a-b530-4fcc-bddc-ce049f20e72b(fv-az249-861/10.1.0.144), e996d841-287d-4937-b6a3-35b5511a6c1e(fv-az249-861/10.1.0.144)]. isPolicySatisfied: true.
2023-09-25 17:59:35,191 [IPC Server handler 0 on default port 15054] INFO  pipeline.WritableECContainerProvider (WritableECContainerProvider.java:allocateContainer(211)) - Created and opened new pipeline Pipeline[ Id: 9c68666f-ec3d-4f8d-8bd0-a260789cbb9d, Nodes: 8558cc9e-2498-48a0-8a6c-35e11e299077(fv-az249-861/10.1.0.144)75134425-efac-405c-8d5e-f2090f4ad075(fv-az249-861/10.1.0.144)a644417b-dd47-4d87-a60a-40004e0b267c(fv-az249-861/10.1.0.144)4cd7b50a-b530-4fcc-bddc-ce049f20e72b(fv-az249-861/10.1.0.144)e996d841-287d-4937-b6a3-35b5511a6c1e(fv-az249-861/10.1.0.144), ReplicationConfig: EC{rs-3-2-1024k}, State:ALLOCATED, leaderId:, CreationTimestamp2023-09-25T17:59:35.190Z[Etc/UTC]]
2023-09-25 17:59:35,447 [IPC Server handler 4 on default port 15054] WARN  node.SCMNodeManager (SCMNodeManager.java:getNodesByAddress(1373)) - Cannot find node for address 127.0.0.1
]]></system-out>
  </testcase>
  <testcase name="testListStatusInBucket" classname="TestRootedOzoneFileSystemWithFSO" time="0.045">
    <system-out><![CDATA[2023-09-25 17:58:09,542 [Time-limited test] INFO  rpc.RpcClient (RpcClient.java:createVolume(461)) - Creating Volume: volume53147, with user02578 as owner and space quota set to -1 bytes, counts quota set to -1
2023-09-25 17:58:09,544 [OM StateMachine ApplyTransaction Thread - 0] INFO  volume.OMVolumeCreateRequest (OMVolumeCreateRequest.java:validateAndUpdateCache(196)) - created volume:volume53147 for user:user02578
2023-09-25 17:58:09,547 [Time-limited test] INFO  rpc.RpcClient (RpcClient.java:createBucket(688)) - Creating Bucket: volume53147/bucket63704, with bucket layout FILE_SYSTEM_OPTIMIZED, runner as owner, Versioning false, Storage Type set to DISK and Encryption set to false, Replication Type set to server-side default replication type, Namespace Quota set to -1, Space Quota set to -1 
2023-09-25 17:58:09,548 [OM StateMachine ApplyTransaction Thread - 0] INFO  bucket.OMBucketCreateRequest (OMBucketCreateRequest.java:validateAndUpdateCache(270)) - created bucket: bucket63704 of layout FILE_SYSTEM_OPTIMIZED in volume: volume53147
]]></system-out>
  </testcase>
  <testcase name="testListStatusInBucket" classname="TestRootedOzoneFileSystemWithFSO" time="0.032">
    <system-out><![CDATA[2023-09-25 17:59:35,467 [Time-limited test] INFO  rpc.RpcClient (RpcClient.java:createVolume(461)) - Creating Volume: volume07052, with user65550 as owner and space quota set to -1 bytes, counts quota set to -1
2023-09-25 17:59:35,468 [IPC Server handler 6 on default port 15057] INFO  volume.OMVolumeCreateRequest (OMVolumeCreateRequest.java:validateAndUpdateCache(196)) - created volume:volume07052 for user:user65550
2023-09-25 17:59:35,468 [Time-limited test] INFO  rpc.RpcClient (RpcClient.java:createBucket(688)) - Creating Bucket: volume07052/bucket06975, with bucket layout FILE_SYSTEM_OPTIMIZED, runner as owner, Versioning false, Storage Type set to DISK and Encryption set to false, Replication Type set to server-side default replication type, Namespace Quota set to -1, Space Quota set to -1 
2023-09-25 17:59:35,469 [IPC Server handler 3 on default port 15057] INFO  bucket.OMBucketCreateRequest (OMBucketCreateRequest.java:validateAndUpdateCache(270)) - created bucket: bucket06975 of layout FILE_SYSTEM_OPTIMIZED in volume: volume07052
]]></system-out>
  </testcase>
  <testcase name="testRenameFileToDir" classname="TestRootedOzoneFileSystemWithFSO" time="0.056">
    <system-out><![CDATA[2023-09-25 17:58:09,587 [Time-limited test] INFO  rpc.RpcClient (RpcClient.java:createVolume(461)) - Creating Volume: volume87962, with user31553 as owner and space quota set to -1 bytes, counts quota set to -1
2023-09-25 17:58:09,588 [OM StateMachine ApplyTransaction Thread - 0] INFO  volume.OMVolumeCreateRequest (OMVolumeCreateRequest.java:validateAndUpdateCache(196)) - created volume:volume87962 for user:user31553
2023-09-25 17:58:09,589 [Time-limited test] INFO  rpc.RpcClient (RpcClient.java:createBucket(688)) - Creating Bucket: volume87962/bucket27948, with bucket layout FILE_SYSTEM_OPTIMIZED, runner as owner, Versioning false, Storage Type set to DISK and Encryption set to false, Replication Type set to server-side default replication type, Namespace Quota set to -1, Space Quota set to -1 
2023-09-25 17:58:09,590 [OM StateMachine ApplyTransaction Thread - 0] INFO  bucket.OMBucketCreateRequest (OMBucketCreateRequest.java:validateAndUpdateCache(270)) - created bucket: bucket27948 of layout FILE_SYSTEM_OPTIMIZED in volume: volume87962
17:58:09.626 [IPC Server handler 2 on default port 15004] ERROR OMAudit - user=runner | ip=127.0.0.1 | op=READ_BUCKET {volume=volume87962, bucket=bucket27948} | ret=FAILURE
org.apache.hadoop.ozone.om.exceptions.OMException: Bucket not found
	at org.apache.hadoop.ozone.om.BucketManagerImpl.getBucketInfo(BucketManagerImpl.java:85) ~[ozone-manager-1.4.0-SNAPSHOT.jar:?]
	at org.apache.hadoop.ozone.om.OzoneManager.getBucketInfo(OzoneManager.java:2795) ~[ozone-manager-1.4.0-SNAPSHOT.jar:?]
	at org.apache.hadoop.ozone.protocolPB.OzoneManagerRequestHandler.infoBucket(OzoneManagerRequestHandler.java:545) ~[ozone-manager-1.4.0-SNAPSHOT.jar:?]
	at org.apache.hadoop.ozone.protocolPB.OzoneManagerRequestHandler.handleReadRequest(OzoneManagerRequestHandler.java:200) ~[ozone-manager-1.4.0-SNAPSHOT.jar:?]
	at org.apache.hadoop.ozone.protocolPB.OzoneManagerProtocolServerSideTranslatorPB.submitReadRequestToOM(OzoneManagerProtocolServerSideTranslatorPB.java:225) ~[ozone-manager-1.4.0-SNAPSHOT.jar:?]
	at org.apache.hadoop.ozone.protocolPB.OzoneManagerProtocolServerSideTranslatorPB.processRequest(OzoneManagerProtocolServerSideTranslatorPB.java:179) ~[ozone-manager-1.4.0-SNAPSHOT.jar:?]
	at org.apache.hadoop.hdds.server.OzoneProtocolMessageDispatcher.processRequest(OzoneProtocolMessageDispatcher.java:87) [hdds-server-framework-1.4.0-SNAPSHOT.jar:?]
	at org.apache.hadoop.ozone.protocolPB.OzoneManagerProtocolServerSideTranslatorPB.submitRequest(OzoneManagerProtocolServerSideTranslatorPB.java:148) [ozone-manager-1.4.0-SNAPSHOT.jar:?]
	at org.apache.hadoop.ozone.protocol.proto.OzoneManagerProtocolProtos$OzoneManagerService$2.callBlockingMethod(OzoneManagerProtocolProtos.java) [ozone-interface-client-1.4.0-SNAPSHOT.jar:?]
	at org.apache.hadoop.ipc.ProtobufRpcEngine$Server.processCall(ProtobufRpcEngine.java:484) [hadoop-common-3.3.6.jar:?]
	at org.apache.hadoop.ipc.ProtobufRpcEngine2$Server$ProtoBufRpcInvoker.call(ProtobufRpcEngine2.java:595) [hadoop-common-3.3.6.jar:?]
	at org.apache.hadoop.ipc.ProtobufRpcEngine2$Server$ProtoBufRpcInvoker.call(ProtobufRpcEngine2.java:573) [hadoop-common-3.3.6.jar:?]
	at org.apache.hadoop.ipc.RPC$Server.call(RPC.java:1227) [hadoop-common-3.3.6.jar:?]
	at org.apache.hadoop.ipc.Server$RpcCall.run(Server.java:1094) [hadoop-common-3.3.6.jar:?]
	at org.apache.hadoop.ipc.Server$RpcCall.run(Server.java:1017) [hadoop-common-3.3.6.jar:?]
	at java.security.AccessController.doPrivileged(Native Method) ~[?:1.8.0_382]
	at javax.security.auth.Subject.doAs(Subject.java:422) [?:1.8.0_382]
	at org.apache.hadoop.security.UserGroupInformation.doAs(UserGroupInformation.java:1899) [hadoop-common-3.3.6.jar:?]
	at org.apache.hadoop.ipc.Server$Handler.run(Server.java:3048) [hadoop-common-3.3.6.jar:?]
17:58:09.627 [IPC Server handler 14 on default port 15004] ERROR OMAudit - user=runner | ip=127.0.0.1 | op=READ_BUCKET {volume=volume87962, bucket=bucket27948} | ret=FAILURE
org.apache.hadoop.ozone.om.exceptions.OMException: Bucket not found
	at org.apache.hadoop.ozone.om.BucketManagerImpl.getBucketInfo(BucketManagerImpl.java:85) ~[ozone-manager-1.4.0-SNAPSHOT.jar:?]
	at org.apache.hadoop.ozone.om.OzoneManager.getBucketInfo(OzoneManager.java:2795) ~[ozone-manager-1.4.0-SNAPSHOT.jar:?]
	at org.apache.hadoop.ozone.protocolPB.OzoneManagerRequestHandler.infoBucket(OzoneManagerRequestHandler.java:545) ~[ozone-manager-1.4.0-SNAPSHOT.jar:?]
	at org.apache.hadoop.ozone.protocolPB.OzoneManagerRequestHandler.handleReadRequest(OzoneManagerRequestHandler.java:200) ~[ozone-manager-1.4.0-SNAPSHOT.jar:?]
	at org.apache.hadoop.ozone.protocolPB.OzoneManagerProtocolServerSideTranslatorPB.submitReadRequestToOM(OzoneManagerProtocolServerSideTranslatorPB.java:225) ~[ozone-manager-1.4.0-SNAPSHOT.jar:?]
	at org.apache.hadoop.ozone.protocolPB.OzoneManagerProtocolServerSideTranslatorPB.processRequest(OzoneManagerProtocolServerSideTranslatorPB.java:179) ~[ozone-manager-1.4.0-SNAPSHOT.jar:?]
	at org.apache.hadoop.hdds.server.OzoneProtocolMessageDispatcher.processRequest(OzoneProtocolMessageDispatcher.java:87) [hdds-server-framework-1.4.0-SNAPSHOT.jar:?]
	at org.apache.hadoop.ozone.protocolPB.OzoneManagerProtocolServerSideTranslatorPB.submitRequest(OzoneManagerProtocolServerSideTranslatorPB.java:148) [ozone-manager-1.4.0-SNAPSHOT.jar:?]
	at org.apache.hadoop.ozone.protocol.proto.OzoneManagerProtocolProtos$OzoneManagerService$2.callBlockingMethod(OzoneManagerProtocolProtos.java) [ozone-interface-client-1.4.0-SNAPSHOT.jar:?]
	at org.apache.hadoop.ipc.ProtobufRpcEngine$Server.processCall(ProtobufRpcEngine.java:484) [hadoop-common-3.3.6.jar:?]
	at org.apache.hadoop.ipc.ProtobufRpcEngine2$Server$ProtoBufRpcInvoker.call(ProtobufRpcEngine2.java:595) [hadoop-common-3.3.6.jar:?]
	at org.apache.hadoop.ipc.ProtobufRpcEngine2$Server$ProtoBufRpcInvoker.call(ProtobufRpcEngine2.java:573) [hadoop-common-3.3.6.jar:?]
	at org.apache.hadoop.ipc.RPC$Server.call(RPC.java:1227) [hadoop-common-3.3.6.jar:?]
	at org.apache.hadoop.ipc.Server$RpcCall.run(Server.java:1094) [hadoop-common-3.3.6.jar:?]
	at org.apache.hadoop.ipc.Server$RpcCall.run(Server.java:1017) [hadoop-common-3.3.6.jar:?]
	at java.security.AccessController.doPrivileged(Native Method) ~[?:1.8.0_382]
	at javax.security.auth.Subject.doAs(Subject.java:422) [?:1.8.0_382]
	at org.apache.hadoop.security.UserGroupInformation.doAs(UserGroupInformation.java:1899) [hadoop-common-3.3.6.jar:?]
	at org.apache.hadoop.ipc.Server$Handler.run(Server.java:3048) [hadoop-common-3.3.6.jar:?]
2023-09-25 17:58:09,628 [Time-limited test] ERROR ozone.BasicRootedOzoneFileSystem (BasicRootedOzoneFileSystem.java:isLinkBucket(780)) - Exception while getting bucket link information, considered it as false
BUCKET_NOT_FOUND org.apache.hadoop.ozone.om.exceptions.OMException: Bucket not found
	at org.apache.hadoop.ozone.om.protocolPB.OzoneManagerProtocolClientSideTranslatorPB.handleError(OzoneManagerProtocolClientSideTranslatorPB.java:729)
	at org.apache.hadoop.ozone.om.protocolPB.OzoneManagerProtocolClientSideTranslatorPB.getBucketInfo(OzoneManagerProtocolClientSideTranslatorPB.java:578)
	at org.apache.hadoop.ozone.client.rpc.RpcClient.getBucketDetails(RpcClient.java:1243)
	at org.apache.hadoop.fs.ozone.BasicRootedOzoneClientAdapterImpl.getBucket(BasicRootedOzoneClientAdapterImpl.java:274)
	at org.apache.hadoop.fs.ozone.BasicRootedOzoneClientAdapterImpl.getBucket(BasicRootedOzoneClientAdapterImpl.java:248)
	at org.apache.hadoop.fs.ozone.BasicRootedOzoneFileSystem.isLinkBucket(BasicRootedOzoneFileSystem.java:775)
	at org.apache.hadoop.fs.ozone.BasicRootedOzoneFileSystem.deleteBucket(BasicRootedOzoneFileSystem.java:742)
	at org.apache.hadoop.fs.ozone.BasicRootedOzoneFileSystem.delete(BasicRootedOzoneFileSystem.java:696)
	at org.apache.hadoop.fs.ozone.TestRootedOzoneFileSystem.cleanup(TestRootedOzoneFileSystem.java:201)
	at sun.reflect.GeneratedMethodAccessor66.invoke(Unknown Source)
	at sun.reflect.DelegatingMethodAccessorImpl.invoke(DelegatingMethodAccessorImpl.java:43)
	at java.lang.reflect.Method.invoke(Method.java:498)
	at org.junit.runners.model.FrameworkMethod$1.runReflectiveCall(FrameworkMethod.java:59)
	at org.junit.internal.runners.model.ReflectiveCallable.run(ReflectiveCallable.java:12)
	at org.junit.runners.model.FrameworkMethod.invokeExplosively(FrameworkMethod.java:56)
	at org.junit.internal.runners.statements.RunAfters.invokeMethod(RunAfters.java:46)
	at org.junit.internal.runners.statements.RunAfters.evaluate(RunAfters.java:33)
	at org.junit.internal.runners.statements.FailOnTimeout$CallableStatement.call(FailOnTimeout.java:288)
	at org.junit.internal.runners.statements.FailOnTimeout$CallableStatement.call(FailOnTimeout.java:282)
	at java.util.concurrent.FutureTask.run(FutureTask.java:266)
	at java.lang.Thread.run(Thread.java:750)
2023-09-25 17:58:09,628 [Time-limited test] WARN  ozone.BasicRootedOzoneFileSystem (BasicRootedOzoneFileSystem.java:deleteBucket(746)) - delete: Path does not exist: /volume87962/bucket27948
]]></system-out>
  </testcase>
  <testcase name="testRenameFileToDir" classname="TestRootedOzoneFileSystemWithFSO" time="0.036">
    <system-out><![CDATA[2023-09-25 17:59:35,497 [Time-limited test] INFO  rpc.RpcClient (RpcClient.java:createVolume(461)) - Creating Volume: volume78357, with user62761 as owner and space quota set to -1 bytes, counts quota set to -1
2023-09-25 17:59:35,497 [IPC Server handler 11 on default port 15057] INFO  volume.OMVolumeCreateRequest (OMVolumeCreateRequest.java:validateAndUpdateCache(196)) - created volume:volume78357 for user:user62761
2023-09-25 17:59:35,498 [Time-limited test] INFO  rpc.RpcClient (RpcClient.java:createBucket(688)) - Creating Bucket: volume78357/bucket18259, with bucket layout FILE_SYSTEM_OPTIMIZED, runner as owner, Versioning false, Storage Type set to DISK and Encryption set to false, Replication Type set to server-side default replication type, Namespace Quota set to -1, Space Quota set to -1 
2023-09-25 17:59:35,498 [IPC Server handler 10 on default port 15057] INFO  bucket.OMBucketCreateRequest (OMBucketCreateRequest.java:validateAndUpdateCache(270)) - created bucket: bucket18259 of layout FILE_SYSTEM_OPTIMIZED in volume: volume78357
17:59:35.518 [IPC Server handler 1 on default port 15057] ERROR OMAudit - user=runner | ip=127.0.0.1 | op=READ_BUCKET {volume=volume78357, bucket=bucket18259} | ret=FAILURE
org.apache.hadoop.ozone.om.exceptions.OMException: Bucket not found
	at org.apache.hadoop.ozone.om.BucketManagerImpl.getBucketInfo(BucketManagerImpl.java:85) ~[ozone-manager-1.4.0-SNAPSHOT.jar:?]
	at org.apache.hadoop.ozone.om.OzoneManager.getBucketInfo(OzoneManager.java:2795) ~[ozone-manager-1.4.0-SNAPSHOT.jar:?]
	at org.apache.hadoop.ozone.protocolPB.OzoneManagerRequestHandler.infoBucket(OzoneManagerRequestHandler.java:545) ~[ozone-manager-1.4.0-SNAPSHOT.jar:?]
	at org.apache.hadoop.ozone.protocolPB.OzoneManagerRequestHandler.handleReadRequest(OzoneManagerRequestHandler.java:200) ~[ozone-manager-1.4.0-SNAPSHOT.jar:?]
	at org.apache.hadoop.ozone.protocolPB.OzoneManagerProtocolServerSideTranslatorPB.submitRequestDirectlyToOM(OzoneManagerProtocolServerSideTranslatorPB.java:274) ~[ozone-manager-1.4.0-SNAPSHOT.jar:?]
	at org.apache.hadoop.ozone.protocolPB.OzoneManagerProtocolServerSideTranslatorPB.processRequest(OzoneManagerProtocolServerSideTranslatorPB.java:175) ~[ozone-manager-1.4.0-SNAPSHOT.jar:?]
	at org.apache.hadoop.hdds.server.OzoneProtocolMessageDispatcher.processRequest(OzoneProtocolMessageDispatcher.java:87) [hdds-server-framework-1.4.0-SNAPSHOT.jar:?]
	at org.apache.hadoop.ozone.protocolPB.OzoneManagerProtocolServerSideTranslatorPB.submitRequest(OzoneManagerProtocolServerSideTranslatorPB.java:148) [ozone-manager-1.4.0-SNAPSHOT.jar:?]
	at org.apache.hadoop.ozone.protocol.proto.OzoneManagerProtocolProtos$OzoneManagerService$2.callBlockingMethod(OzoneManagerProtocolProtos.java) [ozone-interface-client-1.4.0-SNAPSHOT.jar:?]
	at org.apache.hadoop.ipc.ProtobufRpcEngine$Server.processCall(ProtobufRpcEngine.java:484) [hadoop-common-3.3.6.jar:?]
	at org.apache.hadoop.ipc.ProtobufRpcEngine2$Server$ProtoBufRpcInvoker.call(ProtobufRpcEngine2.java:595) [hadoop-common-3.3.6.jar:?]
	at org.apache.hadoop.ipc.ProtobufRpcEngine2$Server$ProtoBufRpcInvoker.call(ProtobufRpcEngine2.java:573) [hadoop-common-3.3.6.jar:?]
	at org.apache.hadoop.ipc.RPC$Server.call(RPC.java:1227) [hadoop-common-3.3.6.jar:?]
	at org.apache.hadoop.ipc.Server$RpcCall.run(Server.java:1094) [hadoop-common-3.3.6.jar:?]
	at org.apache.hadoop.ipc.Server$RpcCall.run(Server.java:1017) [hadoop-common-3.3.6.jar:?]
	at java.security.AccessController.doPrivileged(Native Method) ~[?:1.8.0_382]
	at javax.security.auth.Subject.doAs(Subject.java:422) [?:1.8.0_382]
	at org.apache.hadoop.security.UserGroupInformation.doAs(UserGroupInformation.java:1899) [hadoop-common-3.3.6.jar:?]
	at org.apache.hadoop.ipc.Server$Handler.run(Server.java:3048) [hadoop-common-3.3.6.jar:?]
17:59:35.520 [IPC Server handler 19 on default port 15057] ERROR OMAudit - user=runner | ip=127.0.0.1 | op=READ_BUCKET {volume=volume78357, bucket=bucket18259} | ret=FAILURE
org.apache.hadoop.ozone.om.exceptions.OMException: Bucket not found
	at org.apache.hadoop.ozone.om.BucketManagerImpl.getBucketInfo(BucketManagerImpl.java:85) ~[ozone-manager-1.4.0-SNAPSHOT.jar:?]
	at org.apache.hadoop.ozone.om.OzoneManager.getBucketInfo(OzoneManager.java:2795) ~[ozone-manager-1.4.0-SNAPSHOT.jar:?]
	at org.apache.hadoop.ozone.protocolPB.OzoneManagerRequestHandler.infoBucket(OzoneManagerRequestHandler.java:545) ~[ozone-manager-1.4.0-SNAPSHOT.jar:?]
	at org.apache.hadoop.ozone.protocolPB.OzoneManagerRequestHandler.handleReadRequest(OzoneManagerRequestHandler.java:200) ~[ozone-manager-1.4.0-SNAPSHOT.jar:?]
	at org.apache.hadoop.ozone.protocolPB.OzoneManagerProtocolServerSideTranslatorPB.submitRequestDirectlyToOM(OzoneManagerProtocolServerSideTranslatorPB.java:274) ~[ozone-manager-1.4.0-SNAPSHOT.jar:?]
	at org.apache.hadoop.ozone.protocolPB.OzoneManagerProtocolServerSideTranslatorPB.processRequest(OzoneManagerProtocolServerSideTranslatorPB.java:175) ~[ozone-manager-1.4.0-SNAPSHOT.jar:?]
	at org.apache.hadoop.hdds.server.OzoneProtocolMessageDispatcher.processRequest(OzoneProtocolMessageDispatcher.java:87) [hdds-server-framework-1.4.0-SNAPSHOT.jar:?]
	at org.apache.hadoop.ozone.protocolPB.OzoneManagerProtocolServerSideTranslatorPB.submitRequest(OzoneManagerProtocolServerSideTranslatorPB.java:148) [ozone-manager-1.4.0-SNAPSHOT.jar:?]
	at org.apache.hadoop.ozone.protocol.proto.OzoneManagerProtocolProtos$OzoneManagerService$2.callBlockingMethod(OzoneManagerProtocolProtos.java) [ozone-interface-client-1.4.0-SNAPSHOT.jar:?]
	at org.apache.hadoop.ipc.ProtobufRpcEngine$Server.processCall(ProtobufRpcEngine.java:484) [hadoop-common-3.3.6.jar:?]
	at org.apache.hadoop.ipc.ProtobufRpcEngine2$Server$ProtoBufRpcInvoker.call(ProtobufRpcEngine2.java:595) [hadoop-common-3.3.6.jar:?]
	at org.apache.hadoop.ipc.ProtobufRpcEngine2$Server$ProtoBufRpcInvoker.call(ProtobufRpcEngine2.java:573) [hadoop-common-3.3.6.jar:?]
	at org.apache.hadoop.ipc.RPC$Server.call(RPC.java:1227) [hadoop-common-3.3.6.jar:?]
	at org.apache.hadoop.ipc.Server$RpcCall.run(Server.java:1094) [hadoop-common-3.3.6.jar:?]
	at org.apache.hadoop.ipc.Server$RpcCall.run(Server.java:1017) [hadoop-common-3.3.6.jar:?]
	at java.security.AccessController.doPrivileged(Native Method) ~[?:1.8.0_382]
	at javax.security.auth.Subject.doAs(Subject.java:422) [?:1.8.0_382]
	at org.apache.hadoop.security.UserGroupInformation.doAs(UserGroupInformation.java:1899) [hadoop-common-3.3.6.jar:?]
	at org.apache.hadoop.ipc.Server$Handler.run(Server.java:3048) [hadoop-common-3.3.6.jar:?]
2023-09-25 17:59:35,520 [Time-limited test] ERROR ozone.BasicRootedOzoneFileSystem (BasicRootedOzoneFileSystem.java:isLinkBucket(780)) - Exception while getting bucket link information, considered it as false
BUCKET_NOT_FOUND org.apache.hadoop.ozone.om.exceptions.OMException: Bucket not found
	at org.apache.hadoop.ozone.om.protocolPB.OzoneManagerProtocolClientSideTranslatorPB.handleError(OzoneManagerProtocolClientSideTranslatorPB.java:729)
	at org.apache.hadoop.ozone.om.protocolPB.OzoneManagerProtocolClientSideTranslatorPB.getBucketInfo(OzoneManagerProtocolClientSideTranslatorPB.java:578)
	at org.apache.hadoop.ozone.client.rpc.RpcClient.getBucketDetails(RpcClient.java:1243)
	at org.apache.hadoop.fs.ozone.BasicRootedOzoneClientAdapterImpl.getBucket(BasicRootedOzoneClientAdapterImpl.java:274)
	at org.apache.hadoop.fs.ozone.BasicRootedOzoneClientAdapterImpl.getBucket(BasicRootedOzoneClientAdapterImpl.java:248)
	at org.apache.hadoop.fs.ozone.BasicRootedOzoneFileSystem.isLinkBucket(BasicRootedOzoneFileSystem.java:775)
	at org.apache.hadoop.fs.ozone.BasicRootedOzoneFileSystem.deleteBucket(BasicRootedOzoneFileSystem.java:742)
	at org.apache.hadoop.fs.ozone.BasicRootedOzoneFileSystem.delete(BasicRootedOzoneFileSystem.java:696)
	at org.apache.hadoop.fs.ozone.TestRootedOzoneFileSystem.cleanup(TestRootedOzoneFileSystem.java:201)
	at sun.reflect.GeneratedMethodAccessor66.invoke(Unknown Source)
	at sun.reflect.DelegatingMethodAccessorImpl.invoke(DelegatingMethodAccessorImpl.java:43)
	at java.lang.reflect.Method.invoke(Method.java:498)
	at org.junit.runners.model.FrameworkMethod$1.runReflectiveCall(FrameworkMethod.java:59)
	at org.junit.internal.runners.model.ReflectiveCallable.run(ReflectiveCallable.java:12)
	at org.junit.runners.model.FrameworkMethod.invokeExplosively(FrameworkMethod.java:56)
	at org.junit.internal.runners.statements.RunAfters.invokeMethod(RunAfters.java:46)
	at org.junit.internal.runners.statements.RunAfters.evaluate(RunAfters.java:33)
	at org.junit.internal.runners.statements.FailOnTimeout$CallableStatement.call(FailOnTimeout.java:288)
	at org.junit.internal.runners.statements.FailOnTimeout$CallableStatement.call(FailOnTimeout.java:282)
	at java.util.concurrent.FutureTask.run(FutureTask.java:266)
	at java.lang.Thread.run(Thread.java:750)
2023-09-25 17:59:35,520 [Time-limited test] WARN  ozone.BasicRootedOzoneFileSystem (BasicRootedOzoneFileSystem.java:deleteBucket(746)) - delete: Path does not exist: /volume78357/bucket18259
]]></system-out>
  </testcase>
  <testcase name="testListStatusWithIntermediateDirWithECEnabled" classname="TestRootedOzoneFileSystemWithFSO" time="0.243">
    <system-out><![CDATA[2023-09-25 17:58:09,661 [Time-limited test] INFO  rpc.RpcClient (RpcClient.java:createVolume(461)) - Creating Volume: volume78049, with user59030 as owner and space quota set to -1 bytes, counts quota set to -1
2023-09-25 17:58:09,663 [OM StateMachine ApplyTransaction Thread - 0] INFO  volume.OMVolumeCreateRequest (OMVolumeCreateRequest.java:validateAndUpdateCache(196)) - created volume:volume78049 for user:user59030
2023-09-25 17:58:09,665 [Time-limited test] INFO  rpc.RpcClient (RpcClient.java:createBucket(688)) - Creating Bucket: volume78049/bucket23569, with bucket layout FILE_SYSTEM_OPTIMIZED, runner as owner, Versioning false, Storage Type set to DISK and Encryption set to false, Replication Type set to server-side default replication type, Namespace Quota set to -1, Space Quota set to -1 
2023-09-25 17:58:09,666 [OM StateMachine ApplyTransaction Thread - 0] INFO  bucket.OMBucketCreateRequest (OMBucketCreateRequest.java:validateAndUpdateCache(270)) - created bucket: bucket23569 of layout FILE_SYSTEM_OPTIMIZED in volume: volume78049
2023-09-25 17:58:09,670 [IPC Server handler 17 on default port 15001] INFO  algorithms.SCMContainerPlacementRackScatter (SCMContainerPlacementRackScatter.java:chooseDatanodesInternal(370)) - Chosen nodes: [07de5ce2-8a0b-4f06-859c-06527793f6e4(fv-az249-861/10.1.0.144), 7c2da756-7def-47bc-b4fd-fb4319f4a659(fv-az249-861/10.1.0.144), 1be5c5f2-a8c9-4995-9125-aff50ea2da2d(fv-az249-861/10.1.0.144), 193d77cf-0768-416f-bba4-4eb853aeaf3c(fv-az249-861/10.1.0.144), 547bcca7-662f-4506-ab3e-0bdf08a2cfda(fv-az249-861/10.1.0.144)]. isPolicySatisfied: true.
2023-09-25 17:58:09,672 [IPC Server handler 17 on default port 15001] INFO  pipeline.WritableECContainerProvider (WritableECContainerProvider.java:allocateContainer(211)) - Created and opened new pipeline Pipeline[ Id: aba473bd-57e6-459d-8e1c-18d8b1757410, Nodes: 07de5ce2-8a0b-4f06-859c-06527793f6e4(fv-az249-861/10.1.0.144)7c2da756-7def-47bc-b4fd-fb4319f4a659(fv-az249-861/10.1.0.144)1be5c5f2-a8c9-4995-9125-aff50ea2da2d(fv-az249-861/10.1.0.144)193d77cf-0768-416f-bba4-4eb853aeaf3c(fv-az249-861/10.1.0.144)547bcca7-662f-4506-ab3e-0bdf08a2cfda(fv-az249-861/10.1.0.144), ReplicationConfig: EC{rs-3-2-1024k}, State:ALLOCATED, leaderId:, CreationTimestamp2023-09-25T17:58:09.670Z[Etc/UTC]]
]]></system-out>
  </testcase>
  <testcase name="testListStatusWithIntermediateDirWithECEnabled" classname="TestRootedOzoneFileSystemWithFSO" time="0.178">
    <system-out><![CDATA[2023-09-25 17:59:35,535 [Time-limited test] INFO  rpc.RpcClient (RpcClient.java:createVolume(461)) - Creating Volume: volume33573, with user45758 as owner and space quota set to -1 bytes, counts quota set to -1
2023-09-25 17:59:35,536 [IPC Server handler 13 on default port 15057] INFO  volume.OMVolumeCreateRequest (OMVolumeCreateRequest.java:validateAndUpdateCache(196)) - created volume:volume33573 for user:user45758
2023-09-25 17:59:35,537 [Time-limited test] INFO  rpc.RpcClient (RpcClient.java:createBucket(688)) - Creating Bucket: volume33573/bucket31513, with bucket layout FILE_SYSTEM_OPTIMIZED, runner as owner, Versioning false, Storage Type set to DISK and Encryption set to false, Replication Type set to server-side default replication type, Namespace Quota set to -1, Space Quota set to -1 
2023-09-25 17:59:35,537 [IPC Server handler 18 on default port 15057] INFO  bucket.OMBucketCreateRequest (OMBucketCreateRequest.java:validateAndUpdateCache(270)) - created bucket: bucket31513 of layout FILE_SYSTEM_OPTIMIZED in volume: volume33573
2023-09-25 17:59:35,540 [IPC Server handler 6 on default port 15054] INFO  algorithms.SCMContainerPlacementRackScatter (SCMContainerPlacementRackScatter.java:chooseDatanodesInternal(370)) - Chosen nodes: [8558cc9e-2498-48a0-8a6c-35e11e299077(fv-az249-861/10.1.0.144), e996d841-287d-4937-b6a3-35b5511a6c1e(fv-az249-861/10.1.0.144), 75134425-efac-405c-8d5e-f2090f4ad075(fv-az249-861/10.1.0.144), 4cd7b50a-b530-4fcc-bddc-ce049f20e72b(fv-az249-861/10.1.0.144), a644417b-dd47-4d87-a60a-40004e0b267c(fv-az249-861/10.1.0.144)]. isPolicySatisfied: true.
2023-09-25 17:59:35,541 [IPC Server handler 6 on default port 15054] INFO  pipeline.WritableECContainerProvider (WritableECContainerProvider.java:allocateContainer(211)) - Created and opened new pipeline Pipeline[ Id: ae05ea8f-491c-434c-8203-8d87a899f903, Nodes: 8558cc9e-2498-48a0-8a6c-35e11e299077(fv-az249-861/10.1.0.144)e996d841-287d-4937-b6a3-35b5511a6c1e(fv-az249-861/10.1.0.144)75134425-efac-405c-8d5e-f2090f4ad075(fv-az249-861/10.1.0.144)4cd7b50a-b530-4fcc-bddc-ce049f20e72b(fv-az249-861/10.1.0.144)a644417b-dd47-4d87-a60a-40004e0b267c(fv-az249-861/10.1.0.144), ReplicationConfig: EC{rs-3-2-1024k}, State:ALLOCATED, leaderId:, CreationTimestamp2023-09-25T17:59:35.540Z[Etc/UTC]]
]]></system-out>
  </testcase>
  <testcase name="testSetTimes" classname="TestRootedOzoneFileSystemWithFSO" time="0.169">
    <system-out><![CDATA[2023-09-25 17:58:09,902 [Time-limited test] INFO  rpc.RpcClient (RpcClient.java:createVolume(461)) - Creating Volume: volume41439, with user91701 as owner and space quota set to -1 bytes, counts quota set to -1
2023-09-25 17:58:09,903 [OM StateMachine ApplyTransaction Thread - 0] INFO  volume.OMVolumeCreateRequest (OMVolumeCreateRequest.java:validateAndUpdateCache(196)) - created volume:volume41439 for user:user91701
2023-09-25 17:58:09,905 [Time-limited test] INFO  rpc.RpcClient (RpcClient.java:createBucket(688)) - Creating Bucket: volume41439/bucket03535, with bucket layout FILE_SYSTEM_OPTIMIZED, runner as owner, Versioning false, Storage Type set to DISK and Encryption set to false, Replication Type set to server-side default replication type, Namespace Quota set to -1, Space Quota set to -1 
2023-09-25 17:58:09,906 [OM StateMachine ApplyTransaction Thread - 0] INFO  bucket.OMBucketCreateRequest (OMBucketCreateRequest.java:validateAndUpdateCache(270)) - created bucket: bucket03535 of layout FILE_SYSTEM_OPTIMIZED in volume: volume41439
2023-09-25 17:58:09,924 [Time-limited test] INFO  rpc.RpcClient (RpcClient.java:createVolume(461)) - Creating Volume: volume25950, with user44035 as owner and space quota set to -1 bytes, counts quota set to -1
2023-09-25 17:58:09,926 [OM StateMachine ApplyTransaction Thread - 0] INFO  volume.OMVolumeCreateRequest (OMVolumeCreateRequest.java:validateAndUpdateCache(196)) - created volume:volume25950 for user:user44035
2023-09-25 17:58:09,927 [Time-limited test] INFO  rpc.RpcClient (RpcClient.java:createBucket(688)) - Creating Bucket: volume25950/bucket64154, with bucket layout FILE_SYSTEM_OPTIMIZED, runner as owner, Versioning false, Storage Type set to DISK and Encryption set to false, Replication Type set to server-side default replication type, Namespace Quota set to -1, Space Quota set to -1 
2023-09-25 17:58:09,928 [OM StateMachine ApplyTransaction Thread - 0] INFO  bucket.OMBucketCreateRequest (OMBucketCreateRequest.java:validateAndUpdateCache(270)) - created bucket: bucket64154 of layout FILE_SYSTEM_OPTIMIZED in volume: volume25950
]]></system-out>
  </testcase>
  <testcase name="testSetTimes" classname="TestRootedOzoneFileSystemWithFSO" time="0.112">
    <system-out><![CDATA[2023-09-25 17:59:35,716 [Time-limited test] INFO  rpc.RpcClient (RpcClient.java:createVolume(461)) - Creating Volume: volume60128, with user67297 as owner and space quota set to -1 bytes, counts quota set to -1
2023-09-25 17:59:35,717 [IPC Server handler 7 on default port 15057] INFO  volume.OMVolumeCreateRequest (OMVolumeCreateRequest.java:validateAndUpdateCache(196)) - created volume:volume60128 for user:user67297
2023-09-25 17:59:35,718 [Time-limited test] INFO  rpc.RpcClient (RpcClient.java:createBucket(688)) - Creating Bucket: volume60128/bucket80891, with bucket layout FILE_SYSTEM_OPTIMIZED, runner as owner, Versioning false, Storage Type set to DISK and Encryption set to false, Replication Type set to server-side default replication type, Namespace Quota set to -1, Space Quota set to -1 
2023-09-25 17:59:35,718 [IPC Server handler 6 on default port 15057] INFO  bucket.OMBucketCreateRequest (OMBucketCreateRequest.java:validateAndUpdateCache(270)) - created bucket: bucket80891 of layout FILE_SYSTEM_OPTIMIZED in volume: volume60128
2023-09-25 17:59:35,732 [Time-limited test] INFO  rpc.RpcClient (RpcClient.java:createVolume(461)) - Creating Volume: volume55614, with user62412 as owner and space quota set to -1 bytes, counts quota set to -1
2023-09-25 17:59:35,732 [IPC Server handler 3 on default port 15057] INFO  volume.OMVolumeCreateRequest (OMVolumeCreateRequest.java:validateAndUpdateCache(196)) - created volume:volume55614 for user:user62412
2023-09-25 17:59:35,733 [Time-limited test] INFO  rpc.RpcClient (RpcClient.java:createBucket(688)) - Creating Bucket: volume55614/bucket31170, with bucket layout FILE_SYSTEM_OPTIMIZED, runner as owner, Versioning false, Storage Type set to DISK and Encryption set to false, Replication Type set to server-side default replication type, Namespace Quota set to -1, Space Quota set to -1 
2023-09-25 17:59:35,736 [IPC Server handler 19 on default port 15057] INFO  bucket.OMBucketCreateRequest (OMBucketCreateRequest.java:validateAndUpdateCache(270)) - created bucket: bucket31170 of layout FILE_SYSTEM_OPTIMIZED in volume: volume55614
]]></system-out>
  </testcase>
</testsuite>