<?xml version="1.0" encoding="UTF-8"?>
<testsuite xmlns:xsi="http://www.w3.org/2001/XMLSchema-instance" xsi:noNamespaceSchemaLocation="https://maven.apache.org/surefire/maven-surefire-plugin/xsd/surefire-test-report-3.0.xsd" version="3.0" name="org.apache.hadoop.fs.ozone.TestOzoneFSWithObjectStoreCreate" time="28.316" tests="6" errors="0" skipped="0" failures="1">
  <properties>
    <property name="awt.toolkit" value="sun.awt.X11.XToolkit"/>
    <property name="file.encoding.pkg" value="sun.io"/>
    <property name="java.specification.version" value="1.8"/>
    <property name="sun.cpu.isalist" value=""/>
    <property name="sun.jnu.encoding" value="UTF-8"/>
    <property name="java.class.path" value="/home/runner/work/ozone/ozone/hadoop-ozone/integration-test/target/test-classes:/home/runner/work/ozone/ozone/hadoop-ozone/integration-test/target/classes:/home/runner/.m2/repository/org/apache/ozone/ozone-common/1.4.0-SNAPSHOT/ozone-common-1.4.0-SNAPSHOT.jar:/home/runner/.m2/repository/io/grpc/grpc-netty/1.51.1/grpc-netty-1.51.1.jar:/home/runner/.m2/repository/io/grpc/grpc-core/1.51.1/grpc-core-1.51.1.jar:/home/runner/.m2/repository/com/google/android/annotations/4.1.1.4/annotations-4.1.1.4.jar:/home/runner/.m2/repository/org/codehaus/mojo/animal-sniffer-annotations/1.21/animal-sniffer-annotations-1.21.jar:/home/runner/.m2/repository/com/google/errorprone/error_prone_annotations/2.2.0/error_prone_annotations-2.2.0.jar:/home/runner/.m2/repository/io/perfmark/perfmark-api/0.25.0/perfmark-api-0.25.0.jar:/home/runner/.m2/repository/io/netty/netty-codec-http2/4.1.94.Final/netty-codec-http2-4.1.94.Final.jar:/home/runner/.m2/repository/io/netty/netty-common/4.1.94.Final/netty-common-4.1.94.Final.jar:/home/runner/.m2/repository/io/netty/netty-buffer/4.1.94.Final/netty-buffer-4.1.94.Final.jar:/home/runner/.m2/repository/io/netty/netty-codec-http/4.1.94.Final/netty-codec-http-4.1.94.Final.jar:/home/runner/.m2/repository/io/netty/netty-handler-proxy/4.1.94.Final/netty-handler-proxy-4.1.94.Final.jar:/home/runner/.m2/repository/io/netty/netty-codec-socks/4.1.94.Final/netty-codec-socks-4.1.94.Final.jar:/home/runner/.m2/repository/io/netty/netty-tcnative-boringssl-static/2.0.61.Final/netty-tcnative-boringssl-static-2.0.61.Final.jar:/home/runner/.m2/repository/io/netty/netty-tcnative-classes/2.0.61.Final/netty-tcnative-classes-2.0.61.Final.jar:/home/runner/.m2/repository/io/netty/netty-tcnative-boringssl-static/2.0.61.Final/netty-tcnative-boringssl-static-2.0.61.Final-linux-x86_64.jar:/home/runner/.m2/repository/io/netty/netty-tcnative-boringssl-static/2.0.61.Final/netty-tcnative-boringssl-static-2.0.61.Final-linux-aarch_64.jar:/home/runner/.m2/repository/io/netty/netty-tcnative-boringssl-static/2.0.61.Final/netty-tcnative-boringssl-static-2.0.61.Final-osx-x86_64.jar:/home/runner/.m2/repository/io/netty/netty-tcnative-boringssl-static/2.0.61.Final/netty-tcnative-boringssl-static-2.0.61.Final-osx-aarch_64.jar:/home/runner/.m2/repository/io/netty/netty-tcnative-boringssl-static/2.0.61.Final/netty-tcnative-boringssl-static-2.0.61.Final-windows-x86_64.jar:/home/runner/.m2/repository/org/apache/commons/commons-compress/1.21/commons-compress-1.21.jar:/home/runner/.m2/repository/org/apache/ozone/hdds-common/1.4.0-SNAPSHOT/hdds-common-1.4.0-SNAPSHOT.jar:/home/runner/.m2/repository/org/apache/ozone/hdds-client/1.4.0-SNAPSHOT/hdds-client-1.4.0-SNAPSHOT.jar:/home/runner/.m2/repository/org/apache/ozone/ozone-interface-client/1.4.0-SNAPSHOT/ozone-interface-client-1.4.0-SNAPSHOT.jar:/home/runner/.m2/repository/org/apache/hadoop/hadoop-hdfs-client/3.3.6/hadoop-hdfs-client-3.3.6.jar:/home/runner/.m2/repository/com/squareup/okhttp3/okhttp/4.9.3/okhttp-4.9.3.jar:/home/runner/.m2/repository/com/squareup/okio/okio/3.4.0/okio-3.4.0.jar:/home/runner/.m2/repository/com/squareup/okio/okio-jvm/3.4.0/okio-jvm-3.4.0.jar:/home/runner/.m2/repository/org/jetbrains/kotlin/kotlin-stdlib-jdk8/1.8.0/kotlin-stdlib-jdk8-1.8.0.jar:/home/runner/.m2/repository/org/jetbrains/kotlin/kotlin-stdlib-jdk7/1.8.0/kotlin-stdlib-jdk7-1.8.0.jar:/home/runner/.m2/repository/org/jetbrains/kotlin/kotlin-stdlib-common/1.6.21/kotlin-stdlib-common-1.6.21.jar:/home/runner/.m2/repository/org/apache/ozone/hdds-test-utils/1.4.0-SNAPSHOT/hdds-test-utils-1.4.0-SNAPSHOT.jar:/home/runner/.m2/repository/com/google/guava/guava/32.0.0-jre/guava-32.0.0-jre.jar:/home/runner/.m2/repository/com/google/guava/failureaccess/1.0.1/failureaccess-1.0.1.jar:/home/runner/.m2/repository/com/google/guava/listenablefuture/9999.0-empty-to-avoid-conflict-with-guava/listenablefuture-9999.0-empty-to-avoid-conflict-with-guava.jar:/home/runner/.m2/repository/com/google/code/findbugs/jsr305/3.0.0/jsr305-3.0.0.jar:/home/runner/.m2/repository/org/checkerframework/checker-qual/3.33.0/checker-qual-3.33.0.jar:/home/runner/.m2/repository/com/google/j2objc/j2objc-annotations/2.8/j2objc-annotations-2.8.jar:/home/runner/.m2/repository/commons-io/commons-io/2.11.0/commons-io-2.11.0.jar:/home/runner/.m2/repository/commons-logging/commons-logging/1.2/commons-logging-1.2.jar:/home/runner/.m2/repository/ch/qos/reload4j/reload4j/1.2.22/reload4j-1.2.22.jar:/home/runner/.m2/repository/org/slf4j/slf4j-api/1.7.36/slf4j-api-1.7.36.jar:/home/runner/.m2/repository/org/apache/logging/log4j/log4j-api/2.17.1/log4j-api-2.17.1.jar:/home/runner/.m2/repository/org/apache/ozone/hdds-server-scm/1.4.0-SNAPSHOT/hdds-server-scm-1.4.0-SNAPSHOT.jar:/home/runner/.m2/repository/org/apache/ozone/hdds-container-service/1.4.0-SNAPSHOT/hdds-container-service-1.4.0-SNAPSHOT.jar:/home/runner/.m2/repository/org/apache/ozone/hdds-hadoop-dependency-server/1.4.0-SNAPSHOT/hdds-hadoop-dependency-server-1.4.0-SNAPSHOT.jar:/home/runner/.m2/repository/org/apache/hadoop/hadoop-hdfs/3.3.6/hadoop-hdfs-3.3.6.jar:/home/runner/.m2/repository/commons-daemon/commons-daemon/1.0.13/commons-daemon-1.0.13.jar:/home/runner/.m2/repository/org/apache/ozone/hdds-server-framework/1.4.0-SNAPSHOT/hdds-server-framework-1.4.0-SNAPSHOT.jar:/home/runner/.m2/repository/io/dropwizard/metrics/metrics-core/3.2.4/metrics-core-3.2.4.jar:/home/runner/.m2/repository/org/apache/commons/commons-text/1.10.0/commons-text-1.10.0.jar:/home/runner/.m2/repository/org/bouncycastle/bcprov-jdk15on/1.67/bcprov-jdk15on-1.67.jar:/home/runner/.m2/repository/com/google/protobuf/protobuf-java/2.5.0/protobuf-java-2.5.0.jar:/home/runner/.m2/repository/org/apache/ozone/hdds-server-framework/1.4.0-SNAPSHOT/hdds-server-framework-1.4.0-SNAPSHOT-tests.jar:/home/runner/.m2/repository/org/apache/ozone/hdds-interface-server/1.4.0-SNAPSHOT/hdds-interface-server-1.4.0-SNAPSHOT.jar:/home/runner/.m2/repository/org/apache/ozone/hdds-interface-admin/1.4.0-SNAPSHOT/hdds-interface-admin-1.4.0-SNAPSHOT.jar:/home/runner/.m2/repository/org/apache/ozone/hdds-managed-rocksdb/1.4.0-SNAPSHOT/hdds-managed-rocksdb-1.4.0-SNAPSHOT.jar:/home/runner/.m2/repository/org/rocksdb/rocksdbjni/7.7.3/rocksdbjni-7.7.3.jar:/home/runner/.m2/repository/org/slf4j/slf4j-reload4j/1.7.36/slf4j-reload4j-1.7.36.jar:/home/runner/.m2/repository/org/apache/commons/commons-configuration2/2.1.1/commons-configuration2-2.1.1.jar:/home/runner/.m2/repository/commons-fileupload/commons-fileupload/1.5/commons-fileupload-1.5.jar:/home/runner/.m2/repository/org/apache/logging/log4j/log4j-core/2.17.1/log4j-core-2.17.1.jar:/home/runner/.m2/repository/com/lmax/disruptor/3.4.2/disruptor-3.4.2.jar:/home/runner/.m2/repository/org/eclipse/jetty/jetty-util/9.4.51.v20230217/jetty-util-9.4.51.v20230217.jar:/home/runner/.m2/repository/org/eclipse/jetty/jetty-server/9.4.51.v20230217/jetty-server-9.4.51.v20230217.jar:/home/runner/.m2/repository/org/eclipse/jetty/jetty-http/9.4.51.v20230217/jetty-http-9.4.51.v20230217.jar:/home/runner/.m2/repository/org/eclipse/jetty/jetty-io/9.4.51.v20230217/jetty-io-9.4.51.v20230217.jar:/home/runner/.m2/repository/org/eclipse/jetty/jetty-servlet/9.4.51.v20230217/jetty-servlet-9.4.51.v20230217.jar:/home/runner/.m2/repository/org/eclipse/jetty/jetty-security/9.4.51.v20230217/jetty-security-9.4.51.v20230217.jar:/home/runner/.m2/repository/org/eclipse/jetty/jetty-util-ajax/9.4.51.v20230217/jetty-util-ajax-9.4.51.v20230217.jar:/home/runner/.m2/repository/org/eclipse/jetty/jetty-webapp/9.4.51.v20230217/jetty-webapp-9.4.51.v20230217.jar:/home/runner/.m2/repository/org/eclipse/jetty/jetty-xml/9.4.51.v20230217/jetty-xml-9.4.51.v20230217.jar:/home/runner/.m2/repository/org/apache/ratis/ratis-server/2.5.1/ratis-server-2.5.1.jar:/home/runner/.m2/repository/org/apache/ratis/ratis-thirdparty-misc/1.0.4/ratis-thirdparty-misc-1.0.4.jar:/home/runner/.m2/repository/org/apache/ratis/ratis-proto/2.5.1/ratis-proto-2.5.1.jar:/home/runner/.m2/repository/org/apache/ratis/ratis-common/2.5.1/ratis-common-2.5.1.jar:/home/runner/.m2/repository/org/apache/ratis/ratis-client/2.5.1/ratis-client-2.5.1.jar:/home/runner/.m2/repository/org/apache/ratis/ratis-server-api/2.5.1/ratis-server-api-2.5.1.jar:/home/runner/.m2/repository/org/apache/ratis/ratis-metrics/2.5.1/ratis-metrics-2.5.1.jar:/home/runner/.m2/repository/io/prometheus/simpleclient_dropwizard/0.7.0/simpleclient_dropwizard-0.7.0.jar:/home/runner/.m2/repository/io/prometheus/simpleclient/0.7.0/simpleclient-0.7.0.jar:/home/runner/.m2/repository/io/prometheus/simpleclient_common/0.7.0/simpleclient_common-0.7.0.jar:/home/runner/.m2/repository/com/fasterxml/jackson/datatype/jackson-datatype-jsr310/2.13.4/jackson-datatype-jsr310-2.13.4.jar:/home/runner/.m2/repository/com/fasterxml/jackson/core/jackson-core/2.13.4/jackson-core-2.13.4.jar:/home/runner/.m2/repository/com/github/spotbugs/spotbugs-annotations/3.1.12/spotbugs-annotations-3.1.12.jar:/home/runner/.m2/repository/org/apache/ozone/rocksdb-checkpoint-differ/1.4.0-SNAPSHOT/rocksdb-checkpoint-differ-1.4.0-SNAPSHOT.jar:/home/runner/.m2/repository/org/jgrapht/jgrapht-core/1.0.1/jgrapht-core-1.0.1.jar:/home/runner/.m2/repository/org/jgrapht/jgrapht-ext/1.0.1/jgrapht-ext-1.0.1.jar:/home/runner/.m2/repository/org/tinyjee/jgraphx/jgraphx/2.0.0.1/jgraphx-2.0.0.1.jar:/home/runner/.m2/repository/jgraph/jgraph/5.13.0.0/jgraph-5.13.0.0.jar:/home/runner/.m2/repository/org/antlr/antlr4-runtime/4.5.3/antlr4-runtime-4.5.3.jar:/home/runner/.m2/repository/org/awaitility/awaitility/4.2.0/awaitility-4.2.0.jar:/home/runner/.m2/repository/org/hamcrest/hamcrest/2.1/hamcrest-2.1.jar:/home/runner/.m2/repository/org/apache/ozone/ozone-manager/1.4.0-SNAPSHOT/ozone-manager-1.4.0-SNAPSHOT.jar:/home/runner/.m2/repository/org/aspectj/aspectjrt/1.9.7/aspectjrt-1.9.7.jar:/home/runner/.m2/repository/org/aspectj/aspectjweaver/1.9.7/aspectjweaver-1.9.7.jar:/home/runner/.m2/repository/org/apache/ozone/hdds-interface-client/1.4.0-SNAPSHOT/hdds-interface-client-1.4.0-SNAPSHOT.jar:/home/runner/.m2/repository/org/apache/hadoop/thirdparty/hadoop-shaded-protobuf_3_7/1.1.1/hadoop-shaded-protobuf_3_7-1.1.1.jar:/home/runner/.m2/repository/org/apache/ozone/ozone-interface-storage/1.4.0-SNAPSHOT/ozone-interface-storage-1.4.0-SNAPSHOT.jar:/home/runner/.m2/repository/org/reflections/reflections/0.9.11/reflections-0.9.11.jar:/home/runner/.m2/repository/com/sun/jersey/jersey-client/1.19/jersey-client-1.19.jar:/home/runner/.m2/repository/org/codehaus/jackson/jackson-core-asl/1.9.13/jackson-core-asl-1.9.13.jar:/home/runner/.m2/repository/org/codehaus/jackson/jackson-mapper-asl/1.9.13/jackson-mapper-asl-1.9.13.jar:/home/runner/.m2/repository/org/codehaus/jackson/jackson-jaxrs/1.9.13/jackson-jaxrs-1.9.13.jar:/home/runner/.m2/repository/org/apache/ranger/ranger-intg/2.3.0/ranger-intg-2.3.0.jar:/home/runner/.m2/repository/org/apache/ranger/ranger-plugins-common/2.3.0/ranger-plugins-common-2.3.0.jar:/home/runner/.m2/repository/commons-lang/commons-lang/2.6/commons-lang-2.6.jar:/home/runner/.m2/repository/org/apache/ranger/ranger-plugins-cred/2.3.0/ranger-plugins-cred-2.3.0.jar:/home/runner/.m2/repository/org/apache/ranger/ranger-plugins-audit/2.3.0/ranger-plugins-audit-2.3.0.jar:/home/runner/.m2/repository/org/eclipse/jetty/jetty-client/9.4.51.v20230217/jetty-client-9.4.51.v20230217.jar:/home/runner/.m2/repository/org/apache/httpcomponents/httpmime/4.5.6/httpmime-4.5.6.jar:/home/runner/.m2/repository/org/apache/httpcomponents/httpcore-nio/4.4.13/httpcore-nio-4.4.13.jar:/home/runner/.m2/repository/org/apache/httpcomponents/httpasyncclient/4.1.3/httpasyncclient-4.1.3.jar:/home/runner/.m2/repository/com/carrotsearch/hppc/0.8.0/hppc-0.8.0.jar:/home/runner/.m2/repository/org/apache/orc/orc-core/1.5.8/orc-core-1.5.8.jar:/home/runner/.m2/repository/net/java/dev/jna/jna/5.2.0/jna-5.2.0.jar:/home/runner/.m2/repository/net/java/dev/jna/jna-platform/5.2.0/jna-platform-5.2.0.jar:/home/runner/.m2/repository/com/kstruct/gethostname4j/0.0.2/gethostname4j-0.0.2.jar:/home/runner/.m2/repository/org/apache/ranger/ranger-plugin-classloader/2.3.0/ranger-plugin-classloader-2.3.0.jar:/home/runner/.m2/repository/org/apache/ozone/hdds-rocks-native/1.4.0-SNAPSHOT/hdds-rocks-native-1.4.0-SNAPSHOT.jar:/home/runner/.m2/repository/org/apache/hadoop/hadoop-minikdc/3.3.6/hadoop-minikdc-3.3.6.jar:/home/runner/.m2/repository/org/apache/kerby/kerb-simplekdc/1.0.1/kerb-simplekdc-1.0.1.jar:/home/runner/.m2/repository/org/apache/kerby/kerb-client/1.0.1/kerb-client-1.0.1.jar:/home/runner/.m2/repository/org/apache/kerby/kerby-config/1.0.1/kerby-config-1.0.1.jar:/home/runner/.m2/repository/org/apache/kerby/kerb-common/1.0.1/kerb-common-1.0.1.jar:/home/runner/.m2/repository/org/apache/kerby/kerb-crypto/1.0.1/kerb-crypto-1.0.1.jar:/home/runner/.m2/repository/org/apache/kerby/kerb-util/1.0.1/kerb-util-1.0.1.jar:/home/runner/.m2/repository/org/apache/kerby/token-provider/1.0.1/token-provider-1.0.1.jar:/home/runner/.m2/repository/org/apache/kerby/kerb-admin/1.0.1/kerb-admin-1.0.1.jar:/home/runner/.m2/repository/org/apache/kerby/kerb-server/1.0.1/kerb-server-1.0.1.jar:/home/runner/.m2/repository/org/apache/kerby/kerb-identity/1.0.1/kerb-identity-1.0.1.jar:/home/runner/.m2/repository/org/apache/kerby/kerby-xdr/1.0.1/kerby-xdr-1.0.1.jar:/home/runner/.m2/repository/org/apache/ozone/ozone-s3gateway/1.4.0-SNAPSHOT/ozone-s3gateway-1.4.0-SNAPSHOT.jar:/home/runner/.m2/repository/org/javassist/javassist/3.21.0-GA/javassist-3.21.0-GA.jar:/home/runner/.m2/repository/org/jboss/weld/servlet/weld-servlet-shaded/3.1.9.Final/weld-servlet-shaded-3.1.9.Final.jar:/home/runner/.m2/repository/org/glassfish/jersey/containers/jersey-container-servlet-core/2.34/jersey-container-servlet-core-2.34.jar:/home/runner/.m2/repository/org/glassfish/hk2/external/jakarta.inject/2.6.1/jakarta.inject-2.6.1.jar:/home/runner/.m2/repository/org/glassfish/jersey/core/jersey-common/2.34/jersey-common-2.34.jar:/home/runner/.m2/repository/jakarta/ws/rs/jakarta.ws.rs-api/2.1.6/jakarta.ws.rs-api-2.1.6.jar:/home/runner/.m2/repository/org/glassfish/jersey/ext/cdi/jersey-cdi1x/2.34/jersey-cdi1x-2.34.jar:/home/runner/.m2/repository/org/glassfish/jersey/inject/jersey-hk2/2.34/jersey-hk2-2.34.jar:/home/runner/.m2/repository/org/glassfish/hk2/hk2-locator/2.6.1/hk2-locator-2.6.1.jar:/home/runner/.m2/repository/org/glassfish/jersey/media/jersey-media-jaxb/2.34/jersey-media-jaxb-2.34.jar:/home/runner/.m2/repository/org/glassfish/hk2/osgi-resource-locator/1.0.3/osgi-resource-locator-1.0.3.jar:/home/runner/.m2/repository/org/glassfish/hk2/hk2-api/2.5.0/hk2-api-2.5.0.jar:/home/runner/.m2/repository/org/glassfish/hk2/hk2-utils/2.5.0/hk2-utils-2.5.0.jar:/home/runner/.m2/repository/org/glassfish/hk2/external/aopalliance-repackaged/2.5.0/aopalliance-repackaged-2.5.0.jar:/home/runner/.m2/repository/com/fasterxml/jackson/dataformat/jackson-dataformat-xml/2.13.4/jackson-dataformat-xml-2.13.4.jar:/home/runner/.m2/repository/org/codehaus/woodstox/stax2-api/4.2.1/stax2-api-4.2.1.jar:/home/runner/.m2/repository/com/fasterxml/woodstox/woodstox-core/5.4.0/woodstox-core-5.4.0.jar:/home/runner/.m2/repository/com/fasterxml/jackson/module/jackson-module-jaxb-annotations/2.13.4/jackson-module-jaxb-annotations-2.13.4.jar:/home/runner/.m2/repository/jakarta/xml/bind/jakarta.xml.bind-api/2.3.3/jakarta.xml.bind-api-2.3.3.jar:/home/runner/.m2/repository/jakarta/activation/jakarta.activation-api/1.2.2/jakarta.activation-api-1.2.2.jar:/home/runner/.m2/repository/javax/enterprise/cdi-api/2.0/cdi-api-2.0.jar:/home/runner/.m2/repository/javax/el/javax.el-api/3.0.0/javax.el-api-3.0.0.jar:/home/runner/.m2/repository/javax/interceptor/javax.interceptor-api/1.2/javax.interceptor-api-1.2.jar:/home/runner/.m2/repository/javax/inject/javax.inject/1/javax.inject-1.jar:/home/runner/.m2/repository/javax/xml/bind/jaxb-api/2.3.0/jaxb-api-2.3.0.jar:/home/runner/.m2/repository/org/glassfish/jaxb/jaxb-runtime/2.3.0.1/jaxb-runtime-2.3.0.1.jar:/home/runner/.m2/repository/org/glassfish/jaxb/jaxb-core/2.3.0.1/jaxb-core-2.3.0.1.jar:/home/runner/.m2/repository/org/glassfish/jaxb/txw2/2.3.0.1/txw2-2.3.0.1.jar:/home/runner/.m2/repository/com/sun/istack/istack-commons-runtime/3.0.5/istack-commons-runtime-3.0.5.jar:/home/runner/.m2/repository/org/jvnet/staxex/stax-ex/1.7.8/stax-ex-1.7.8.jar:/home/runner/.m2/repository/com/sun/xml/fastinfoset/FastInfoset/1.2.13/FastInfoset-1.2.13.jar:/home/runner/.m2/repository/javax/activation/activation/1.1.1/activation-1.1.1.jar:/home/runner/.m2/repository/io/grpc/grpc-protobuf/1.51.1/grpc-protobuf-1.51.1.jar:/home/runner/.m2/repository/com/google/api/grpc/proto-google-common-protos/2.9.0/proto-google-common-protos-2.9.0.jar:/home/runner/.m2/repository/io/grpc/grpc-protobuf-lite/1.51.1/grpc-protobuf-lite-1.51.1.jar:/home/runner/.m2/repository/io/grpc/grpc-stub/1.51.1/grpc-stub-1.51.1.jar:/home/runner/.m2/repository/io/netty/netty-transport/4.1.94.Final/netty-transport-4.1.94.Final.jar:/home/runner/.m2/repository/io/netty/netty-resolver/4.1.94.Final/netty-resolver-4.1.94.Final.jar:/home/runner/.m2/repository/org/apache/ozone/ozone-csi/1.4.0-SNAPSHOT/ozone-csi-1.4.0-SNAPSHOT.jar:/home/runner/.m2/repository/com/google/protobuf/protobuf-java-util/3.19.6/protobuf-java-util-3.19.6.jar:/home/runner/.m2/repository/com/google/code/gson/gson/2.9.0/gson-2.9.0.jar:/home/runner/.m2/repository/org/apache/ozone/hdds-config/1.4.0-SNAPSHOT/hdds-config-1.4.0-SNAPSHOT.jar:/home/runner/.m2/repository/io/netty/netty-transport-native-epoll/4.1.94.Final/netty-transport-native-epoll-4.1.94.Final-linux-x86_64.jar:/home/runner/.m2/repository/io/netty/netty-transport-classes-epoll/4.1.94.Final/netty-transport-classes-epoll-4.1.94.Final.jar:/home/runner/.m2/repository/io/netty/netty-transport-native-unix-common/4.1.94.Final/netty-transport-native-unix-common-4.1.94.Final.jar:/home/runner/.m2/repository/org/apache/ozone/ozone-recon/1.4.0-SNAPSHOT/ozone-recon-1.4.0-SNAPSHOT.jar:/home/runner/.m2/repository/org/apache/ozone/ozone-reconcodegen/1.4.0-SNAPSHOT/ozone-reconcodegen-1.4.0-SNAPSHOT.jar:/home/runner/.m2/repository/com/google/inject/guice/5.1.0/guice-5.1.0.jar:/home/runner/.m2/repository/aopalliance/aopalliance/1.0/aopalliance-1.0.jar:/home/runner/.m2/repository/com/google/inject/extensions/guice-assistedinject/5.1.0/guice-assistedinject-5.1.0.jar:/home/runner/.m2/repository/com/google/inject/extensions/guice-servlet/5.1.0/guice-servlet-5.1.0.jar:/home/runner/.m2/repository/org/glassfish/jersey/containers/jersey-container-servlet/2.34/jersey-container-servlet-2.34.jar:/home/runner/.m2/repository/org/glassfish/hk2/guice-bridge/2.5.0/guice-bridge-2.5.0.jar:/home/runner/.m2/repository/org/glassfish/jersey/core/jersey-server/2.34/jersey-server-2.34.jar:/home/runner/.m2/repository/org/glassfish/jersey/core/jersey-client/2.34/jersey-client-2.34.jar:/home/runner/.m2/repository/jakarta/annotation/jakarta.annotation-api/1.3.5/jakarta.annotation-api-1.3.5.jar:/home/runner/.m2/repository/jakarta/validation/jakarta.validation-api/2.0.2/jakarta.validation-api-2.0.2.jar:/home/runner/.m2/repository/org/glassfish/jersey/media/jersey-media-json-jackson/2.34/jersey-media-json-jackson-2.34.jar:/home/runner/.m2/repository/org/glassfish/jersey/ext/jersey-entity-filtering/2.34/jersey-entity-filtering-2.34.jar:/home/runner/.m2/repository/org/jooq/jooq/3.11.10/jooq-3.11.10.jar:/home/runner/.m2/repository/org/jooq/jooq-meta/3.11.10/jooq-meta-3.11.10.jar:/home/runner/.m2/repository/org/jooq/jooq-codegen/3.11.10/jooq-codegen-3.11.10.jar:/home/runner/.m2/repository/com/jolbox/bonecp/0.8.0.RELEASE/bonecp-0.8.0.RELEASE.jar:/home/runner/.m2/repository/org/apache/derby/derby/10.14.2.0/derby-10.14.2.0.jar:/home/runner/.m2/repository/org/xerial/sqlite-jdbc/3.41.2.2/sqlite-jdbc-3.41.2.2.jar:/home/runner/.m2/repository/org/springframework/spring-jdbc/5.3.27/spring-jdbc-5.3.27.jar:/home/runner/.m2/repository/org/springframework/spring-beans/5.3.27/spring-beans-5.3.27.jar:/home/runner/.m2/repository/org/springframework/spring-core/5.3.27/spring-core-5.3.27.jar:/home/runner/.m2/repository/org/springframework/spring-tx/5.3.27/spring-tx-5.3.27.jar:/home/runner/.m2/repository/org/apache/ozone/ozone-client/1.4.0-SNAPSHOT/ozone-client-1.4.0-SNAPSHOT.jar:/home/runner/.m2/repository/org/apache/ozone/hdds-erasurecode/1.4.0-SNAPSHOT/hdds-erasurecode-1.4.0-SNAPSHOT.jar:/home/runner/.m2/repository/org/apache/ozone/ozone-filesystem/1.4.0-SNAPSHOT/ozone-filesystem-1.4.0-SNAPSHOT.jar:/home/runner/.m2/repository/org/apache/ozone/ozone-filesystem-common/1.4.0-SNAPSHOT/ozone-filesystem-common-1.4.0-SNAPSHOT.jar:/home/runner/.m2/repository/org/apache/ozone/ozone-tools/1.4.0-SNAPSHOT/ozone-tools-1.4.0-SNAPSHOT.jar:/home/runner/.m2/repository/com/amazonaws/aws-java-sdk-core/1.12.261/aws-java-sdk-core-1.12.261.jar:/home/runner/.m2/repository/org/apache/httpcomponents/httpclient/4.5.13/httpclient-4.5.13.jar:/home/runner/.m2/repository/org/apache/httpcomponents/httpcore/4.4.13/httpcore-4.4.13.jar:/home/runner/.m2/repository/software/amazon/ion/ion-java/1.0.2/ion-java-1.0.2.jar:/home/runner/.m2/repository/com/fasterxml/jackson/dataformat/jackson-dataformat-cbor/2.13.4/jackson-dataformat-cbor-2.13.4.jar:/home/runner/.m2/repository/joda-time/joda-time/2.10.6/joda-time-2.10.6.jar:/home/runner/.m2/repository/com/amazonaws/aws-java-sdk-s3/1.12.261/aws-java-sdk-s3-1.12.261.jar:/home/runner/.m2/repository/com/amazonaws/aws-java-sdk-kms/1.12.261/aws-java-sdk-kms-1.12.261.jar:/home/runner/.m2/repository/com/amazonaws/jmespath-java/1.12.261/jmespath-java-1.12.261.jar:/home/runner/.m2/repository/org/kohsuke/metainf-services/metainf-services/1.8/metainf-services-1.8.jar:/home/runner/.m2/repository/org/apache/ozone/hdds-tools/1.4.0-SNAPSHOT/hdds-tools-1.4.0-SNAPSHOT.jar:/home/runner/.m2/repository/org/apache/ratis/ratis-tools/2.5.1/ratis-tools-2.5.1.jar:/home/runner/.m2/repository/commons-cli/commons-cli/1.2/commons-cli-1.2.jar:/home/runner/.m2/repository/org/apache/commons/commons-lang3/3.7/commons-lang3-3.7.jar:/home/runner/.m2/repository/org/apache/ozone/ozone-manager/1.4.0-SNAPSHOT/ozone-manager-1.4.0-SNAPSHOT-tests.jar:/home/runner/.m2/repository/org/apache/ozone/hdds-common/1.4.0-SNAPSHOT/hdds-common-1.4.0-SNAPSHOT-tests.jar:/home/runner/.m2/repository/org/apache/ozone/hdds-hadoop-dependency-client/1.4.0-SNAPSHOT/hdds-hadoop-dependency-client-1.4.0-SNAPSHOT.jar:/home/runner/.m2/repository/info/picocli/picocli/4.6.1/picocli-4.6.1.jar:/home/runner/.m2/repository/com/fasterxml/jackson/core/jackson-annotations/2.13.4/jackson-annotations-2.13.4.jar:/home/runner/.m2/repository/org/apache/ozone/hdds-annotation-processing/1.4.0-SNAPSHOT/hdds-annotation-processing-1.4.0-SNAPSHOT.jar:/home/runner/.m2/repository/javax/annotation/javax.annotation-api/1.2/javax.annotation-api-1.2.jar:/home/runner/.m2/repository/org/apache/ratis/ratis-netty/2.5.1/ratis-netty-2.5.1.jar:/home/runner/.m2/repository/org/apache/ratis/ratis-grpc/2.5.1/ratis-grpc-2.5.1.jar:/home/runner/.m2/repository/org/apache/commons/commons-pool2/2.6.0/commons-pool2-2.6.0.jar:/home/runner/.m2/repository/org/bouncycastle/bcpkix-jdk15on/1.67/bcpkix-jdk15on-1.67.jar:/home/runner/.m2/repository/commons-validator/commons-validator/1.6/commons-validator-1.6.jar:/home/runner/.m2/repository/commons-beanutils/commons-beanutils/1.9.4/commons-beanutils-1.9.4.jar:/home/runner/.m2/repository/commons-digester/commons-digester/1.8.1/commons-digester-1.8.1.jar:/home/runner/.m2/repository/commons-collections/commons-collections/3.2.2/commons-collections-3.2.2.jar:/home/runner/.m2/repository/io/jaegertracing/jaeger-client/1.6.0/jaeger-client-1.6.0.jar:/home/runner/.m2/repository/io/jaegertracing/jaeger-thrift/1.6.0/jaeger-thrift-1.6.0.jar:/home/runner/.m2/repository/org/apache/thrift/libthrift/0.14.1/libthrift-0.14.1.jar:/home/runner/.m2/repository/io/jaegertracing/jaeger-core/1.6.0/jaeger-core-1.6.0.jar:/home/runner/.m2/repository/io/jaegertracing/jaeger-tracerresolver/1.6.0/jaeger-tracerresolver-1.6.0.jar:/home/runner/.m2/repository/io/opentracing/contrib/opentracing-tracerresolver/0.1.8/opentracing-tracerresolver-0.1.8.jar:/home/runner/.m2/repository/org/jetbrains/kotlin/kotlin-stdlib/1.6.21/kotlin-stdlib-1.6.21.jar:/home/runner/.m2/repository/org/jetbrains/annotations/13.0/annotations-13.0.jar:/home/runner/.m2/repository/io/opentracing/opentracing-util/0.33.0/opentracing-util-0.33.0.jar:/home/runner/.m2/repository/io/opentracing/opentracing-api/0.33.0/opentracing-api-0.33.0.jar:/home/runner/.m2/repository/io/opentracing/opentracing-noop/0.33.0/opentracing-noop-0.33.0.jar:/home/runner/.m2/repository/org/yaml/snakeyaml/2.0/snakeyaml-2.0.jar:/home/runner/.m2/repository/io/grpc/grpc-api/1.51.1/grpc-api-1.51.1.jar:/home/runner/.m2/repository/io/grpc/grpc-context/1.51.1/grpc-context-1.51.1.jar:/home/runner/.m2/repository/junit/junit/4.13.1/junit-4.13.1.jar:/home/runner/.m2/repository/org/hamcrest/hamcrest-core/1.3/hamcrest-core-1.3.jar:/home/runner/.m2/repository/org/junit/jupiter/junit-jupiter-api/5.8.2/junit-jupiter-api-5.8.2.jar:/home/runner/.m2/repository/org/opentest4j/opentest4j/1.2.0/opentest4j-1.2.0.jar:/home/runner/.m2/repository/org/junit/platform/junit-platform-commons/1.8.2/junit-platform-commons-1.8.2.jar:/home/runner/.m2/repository/org/apiguardian/apiguardian-api/1.1.2/apiguardian-api-1.1.2.jar:/home/runner/.m2/repository/org/junit/jupiter/junit-jupiter-params/5.8.2/junit-jupiter-params-5.8.2.jar:/home/runner/.m2/repository/org/junit/jupiter/junit-jupiter-migrationsupport/5.8.2/junit-jupiter-migrationsupport-5.8.2.jar:/home/runner/.m2/repository/org/junit/jupiter/junit-jupiter-engine/5.8.2/junit-jupiter-engine-5.8.2.jar:/home/runner/.m2/repository/org/junit/platform/junit-platform-engine/1.8.2/junit-platform-engine-1.8.2.jar:/home/runner/.m2/repository/org/junit/vintage/junit-vintage-engine/5.8.2/junit-vintage-engine-5.8.2.jar:/home/runner/.m2/repository/org/junit/platform/junit-platform-launcher/1.8.2/junit-platform-launcher-1.8.2.jar:/home/runner/.m2/repository/org/mockito/mockito-core/3.5.9/mockito-core-3.5.9.jar:/home/runner/.m2/repository/net/bytebuddy/byte-buddy/1.10.13/byte-buddy-1.10.13.jar:/home/runner/.m2/repository/net/bytebuddy/byte-buddy-agent/1.10.13/byte-buddy-agent-1.10.13.jar:/home/runner/.m2/repository/org/objenesis/objenesis/1.0/objenesis-1.0.jar:/home/runner/.m2/repository/org/apache/hadoop/hadoop-kms/3.3.6/hadoop-kms-3.3.6.jar:/home/runner/.m2/repository/org/apache/hadoop/hadoop-auth/3.3.6/hadoop-auth-3.3.6.jar:/home/runner/.m2/repository/com/nimbusds/nimbus-jose-jwt/9.8.1/nimbus-jose-jwt-9.8.1.jar:/home/runner/.m2/repository/com/github/stephenc/jcip/jcip-annotations/1.0-1/jcip-annotations-1.0-1.jar:/home/runner/.m2/repository/org/apache/zookeeper/zookeeper/3.5.6/zookeeper-3.5.6.jar:/home/runner/.m2/repository/org/apache/zookeeper/zookeeper-jute/3.5.6/zookeeper-jute-3.5.6.jar:/home/runner/.m2/repository/org/apache/yetus/audience-annotations/0.5.0/audience-annotations-0.5.0.jar:/home/runner/.m2/repository/org/apache/curator/curator-framework/4.2.0/curator-framework-4.2.0.jar:/home/runner/.m2/repository/org/apache/hadoop/thirdparty/hadoop-shaded-guava/1.1.1/hadoop-shaded-guava-1.1.1.jar:/home/runner/.m2/repository/com/sun/jersey/jersey-core/1.19/jersey-core-1.19.jar:/home/runner/.m2/repository/javax/ws/rs/jsr311-api/1.1.1/jsr311-api-1.1.1.jar:/home/runner/.m2/repository/com/sun/jersey/jersey-server/1.19/jersey-server-1.19.jar:/home/runner/.m2/repository/javax/servlet/javax.servlet-api/3.1.0/javax.servlet-api-3.1.0.jar:/home/runner/.m2/repository/org/apache/hadoop/hadoop-common/3.3.6/hadoop-common-3.3.6.jar:/home/runner/.m2/repository/org/apache/commons/commons-math3/3.1.1/commons-math3-3.1.1.jar:/home/runner/.m2/repository/commons-net/commons-net/3.9.0/commons-net-3.9.0.jar:/home/runner/.m2/repository/com/sun/jersey/jersey-servlet/1.19/jersey-servlet-1.19.jar:/home/runner/.m2/repository/com/github/pjfanning/jersey-json/1.20/jersey-json-1.20.jar:/home/runner/.m2/repository/org/codehaus/jettison/jettison/1.1/jettison-1.1.jar:/home/runner/.m2/repository/com/sun/xml/bind/jaxb-impl/2.2.3-1/jaxb-impl-2.2.3-1.jar:/home/runner/.m2/repository/com/google/re2j/re2j/1.1/re2j-1.1.jar:/home/runner/.m2/repository/com/jcraft/jsch/0.1.54/jsch-0.1.54.jar:/home/runner/.m2/repository/org/apache/curator/curator-client/4.2.0/curator-client-4.2.0.jar:/home/runner/.m2/repository/org/apache/curator/curator-recipes/5.2.0/curator-recipes-5.2.0.jar:/home/runner/.m2/repository/org/apache/kerby/kerb-core/1.0.1/kerb-core-1.0.1.jar:/home/runner/.m2/repository/org/apache/kerby/kerby-pkix/1.0.1/kerby-pkix-1.0.1.jar:/home/runner/.m2/repository/org/apache/kerby/kerby-asn1/1.0.1/kerby-asn1-1.0.1.jar:/home/runner/.m2/repository/org/apache/kerby/kerby-util/1.0.1/kerby-util-1.0.1.jar:/home/runner/.m2/repository/dnsjava/dnsjava/2.1.7/dnsjava-2.1.7.jar:/home/runner/.m2/repository/org/xerial/snappy/snappy-java/1.1.8.2/snappy-java-1.1.8.2.jar:/home/runner/.m2/repository/com/fasterxml/jackson/core/jackson-databind/2.13.4.2/jackson-databind-2.13.4.2.jar:/home/runner/.m2/repository/org/apache/hadoop/hadoop-kms/3.3.6/hadoop-kms-3.3.6-tests.jar:/home/runner/.m2/repository/org/apache/ozone/hdds-server-scm/1.4.0-SNAPSHOT/hdds-server-scm-1.4.0-SNAPSHOT-tests.jar:/home/runner/.m2/repository/org/apache/ozone/hdds-container-service/1.4.0-SNAPSHOT/hdds-container-service-1.4.0-SNAPSHOT-tests.jar:/home/runner/.m2/repository/com/github/luben/zstd-jni/1.5.2-5/zstd-jni-1.5.2-5.jar:/home/runner/.m2/repository/commons-codec/commons-codec/1.15/commons-codec-1.15.jar:/home/runner/.m2/repository/io/netty/netty-codec/4.1.94.Final/netty-codec-4.1.94.Final.jar:/home/runner/.m2/repository/io/netty/netty-handler/4.1.94.Final/netty-handler-4.1.94.Final.jar:/home/runner/.m2/repository/org/apache/ozone/hdds-hadoop-dependency-test/1.4.0-SNAPSHOT/hdds-hadoop-dependency-test-1.4.0-SNAPSHOT.jar:/home/runner/.m2/repository/org/apache/hadoop/hadoop-common/3.3.6/hadoop-common-3.3.6-tests.jar:/home/runner/.m2/repository/org/apache/hadoop/hadoop-hdfs/3.3.6/hadoop-hdfs-3.3.6-tests.jar:/home/runner/.m2/repository/org/assertj/assertj-core/3.12.2/assertj-core-3.12.2.jar:/home/runner/.m2/repository/org/apache/hadoop/hadoop-distcp/3.3.6/hadoop-distcp-3.3.6.jar:/home/runner/.m2/repository/org/apache/hadoop/hadoop-mapreduce-client-jobclient/3.3.6/hadoop-mapreduce-client-jobclient-3.3.6.jar:/home/runner/.m2/repository/org/apache/hadoop/hadoop-mapreduce-client-common/3.3.6/hadoop-mapreduce-client-common-3.3.6.jar:/home/runner/.m2/repository/org/apache/hadoop/hadoop-yarn-common/3.3.6/hadoop-yarn-common-3.3.6.jar:/home/runner/.m2/repository/org/apache/hadoop/hadoop-yarn-api/3.3.6/hadoop-yarn-api-3.3.6.jar:/home/runner/.m2/repository/com/sun/jersey/contribs/jersey-guice/1.19/jersey-guice-1.19.jar:/home/runner/.m2/repository/com/fasterxml/jackson/jaxrs/jackson-jaxrs-json-provider/2.13.4/jackson-jaxrs-json-provider-2.13.4.jar:/home/runner/.m2/repository/com/fasterxml/jackson/jaxrs/jackson-jaxrs-base/2.13.4/jackson-jaxrs-base-2.13.4.jar:/home/runner/.m2/repository/org/apache/hadoop/hadoop-yarn-client/3.3.6/hadoop-yarn-client-3.3.6.jar:/home/runner/.m2/repository/org/eclipse/jetty/websocket/websocket-client/9.4.51.v20230217/websocket-client-9.4.51.v20230217.jar:/home/runner/.m2/repository/org/eclipse/jetty/websocket/websocket-common/9.4.51.v20230217/websocket-common-9.4.51.v20230217.jar:/home/runner/.m2/repository/org/eclipse/jetty/websocket/websocket-api/9.4.51.v20230217/websocket-api-9.4.51.v20230217.jar:/home/runner/.m2/repository/org/jline/jline/3.9.0/jline-3.9.0.jar:/home/runner/.m2/repository/org/apache/hadoop/hadoop-mapreduce-client-core/3.3.6/hadoop-mapreduce-client-core-3.3.6.jar:/home/runner/.m2/repository/org/apache/avro/avro/1.7.7/avro-1.7.7.jar:/home/runner/.m2/repository/com/thoughtworks/paranamer/paranamer/2.3/paranamer-2.3.jar:/home/runner/.m2/repository/org/apache/hadoop/hadoop-annotations/3.3.6/hadoop-annotations-3.3.6.jar:/usr/lib/jvm/temurin-8-jdk-amd64/jre/../lib/tools.jar:/home/runner/.m2/repository/io/netty/netty/3.10.6.Final/netty-3.10.6.Final.jar:/home/runner/.m2/repository/org/apache/hadoop/hadoop-distcp/3.3.6/hadoop-distcp-3.3.6-tests.jar:/home/runner/.m2/repository/org/slf4j/jul-to-slf4j/1.7.36/jul-to-slf4j-1.7.36.jar:"/>
    <property name="java.vm.vendor" value="Temurin"/>
    <property name="sun.arch.data.model" value="64"/>
    <property name="test.build.dir" value="/home/runner/work/ozone/ozone/hadoop-ozone/integration-test/target/test-dir"/>
    <property name="test.cache.data" value=""/>
    <property name="java.vendor.url" value="https://adoptium.net/"/>
    <property name="user.timezone" value="Etc/UTC"/>
    <property name="java.vm.specification.version" value="1.8"/>
    <property name="os.name" value="Linux"/>
    <property name="test.build.data" value="/home/runner/work/ozone/ozone/hadoop-ozone/integration-test/target/test-dir"/>
    <property name="sun.java.launcher" value="SUN_STANDARD"/>
    <property name="sun.boot.library.path" value="/usr/lib/jvm/temurin-8-jdk-amd64/jre/lib/amd64"/>
    <property name="sun.java.command" value="/home/runner/work/ozone/ozone/hadoop-ozone/integration-test/target/surefire/surefirebooter113141698993779991.jar /home/runner/work/ozone/ozone/hadoop-ozone/integration-test/target/surefire 2023-07-28T02-55-13_233-jvmRun1 surefire4660970457310924099tmp surefire_168872439288029818136tmp"/>
    <property name="native.lib.tmp.dir" value="/tmp"/>
    <property name="surefire.test.class.path" value="/home/runner/work/ozone/ozone/hadoop-ozone/integration-test/target/test-classes:/home/runner/work/ozone/ozone/hadoop-ozone/integration-test/target/classes:/home/runner/.m2/repository/org/apache/ozone/ozone-common/1.4.0-SNAPSHOT/ozone-common-1.4.0-SNAPSHOT.jar:/home/runner/.m2/repository/io/grpc/grpc-netty/1.51.1/grpc-netty-1.51.1.jar:/home/runner/.m2/repository/io/grpc/grpc-core/1.51.1/grpc-core-1.51.1.jar:/home/runner/.m2/repository/com/google/android/annotations/4.1.1.4/annotations-4.1.1.4.jar:/home/runner/.m2/repository/org/codehaus/mojo/animal-sniffer-annotations/1.21/animal-sniffer-annotations-1.21.jar:/home/runner/.m2/repository/com/google/errorprone/error_prone_annotations/2.2.0/error_prone_annotations-2.2.0.jar:/home/runner/.m2/repository/io/perfmark/perfmark-api/0.25.0/perfmark-api-0.25.0.jar:/home/runner/.m2/repository/io/netty/netty-codec-http2/4.1.94.Final/netty-codec-http2-4.1.94.Final.jar:/home/runner/.m2/repository/io/netty/netty-common/4.1.94.Final/netty-common-4.1.94.Final.jar:/home/runner/.m2/repository/io/netty/netty-buffer/4.1.94.Final/netty-buffer-4.1.94.Final.jar:/home/runner/.m2/repository/io/netty/netty-codec-http/4.1.94.Final/netty-codec-http-4.1.94.Final.jar:/home/runner/.m2/repository/io/netty/netty-handler-proxy/4.1.94.Final/netty-handler-proxy-4.1.94.Final.jar:/home/runner/.m2/repository/io/netty/netty-codec-socks/4.1.94.Final/netty-codec-socks-4.1.94.Final.jar:/home/runner/.m2/repository/io/netty/netty-tcnative-boringssl-static/2.0.61.Final/netty-tcnative-boringssl-static-2.0.61.Final.jar:/home/runner/.m2/repository/io/netty/netty-tcnative-classes/2.0.61.Final/netty-tcnative-classes-2.0.61.Final.jar:/home/runner/.m2/repository/io/netty/netty-tcnative-boringssl-static/2.0.61.Final/netty-tcnative-boringssl-static-2.0.61.Final-linux-x86_64.jar:/home/runner/.m2/repository/io/netty/netty-tcnative-boringssl-static/2.0.61.Final/netty-tcnative-boringssl-static-2.0.61.Final-linux-aarch_64.jar:/home/runner/.m2/repository/io/netty/netty-tcnative-boringssl-static/2.0.61.Final/netty-tcnative-boringssl-static-2.0.61.Final-osx-x86_64.jar:/home/runner/.m2/repository/io/netty/netty-tcnative-boringssl-static/2.0.61.Final/netty-tcnative-boringssl-static-2.0.61.Final-osx-aarch_64.jar:/home/runner/.m2/repository/io/netty/netty-tcnative-boringssl-static/2.0.61.Final/netty-tcnative-boringssl-static-2.0.61.Final-windows-x86_64.jar:/home/runner/.m2/repository/org/apache/commons/commons-compress/1.21/commons-compress-1.21.jar:/home/runner/.m2/repository/org/apache/ozone/hdds-common/1.4.0-SNAPSHOT/hdds-common-1.4.0-SNAPSHOT.jar:/home/runner/.m2/repository/org/apache/ozone/hdds-client/1.4.0-SNAPSHOT/hdds-client-1.4.0-SNAPSHOT.jar:/home/runner/.m2/repository/org/apache/ozone/ozone-interface-client/1.4.0-SNAPSHOT/ozone-interface-client-1.4.0-SNAPSHOT.jar:/home/runner/.m2/repository/org/apache/hadoop/hadoop-hdfs-client/3.3.6/hadoop-hdfs-client-3.3.6.jar:/home/runner/.m2/repository/com/squareup/okhttp3/okhttp/4.9.3/okhttp-4.9.3.jar:/home/runner/.m2/repository/com/squareup/okio/okio/3.4.0/okio-3.4.0.jar:/home/runner/.m2/repository/com/squareup/okio/okio-jvm/3.4.0/okio-jvm-3.4.0.jar:/home/runner/.m2/repository/org/jetbrains/kotlin/kotlin-stdlib-jdk8/1.8.0/kotlin-stdlib-jdk8-1.8.0.jar:/home/runner/.m2/repository/org/jetbrains/kotlin/kotlin-stdlib-jdk7/1.8.0/kotlin-stdlib-jdk7-1.8.0.jar:/home/runner/.m2/repository/org/jetbrains/kotlin/kotlin-stdlib-common/1.6.21/kotlin-stdlib-common-1.6.21.jar:/home/runner/.m2/repository/org/apache/ozone/hdds-test-utils/1.4.0-SNAPSHOT/hdds-test-utils-1.4.0-SNAPSHOT.jar:/home/runner/.m2/repository/com/google/guava/guava/32.0.0-jre/guava-32.0.0-jre.jar:/home/runner/.m2/repository/com/google/guava/failureaccess/1.0.1/failureaccess-1.0.1.jar:/home/runner/.m2/repository/com/google/guava/listenablefuture/9999.0-empty-to-avoid-conflict-with-guava/listenablefuture-9999.0-empty-to-avoid-conflict-with-guava.jar:/home/runner/.m2/repository/com/google/code/findbugs/jsr305/3.0.0/jsr305-3.0.0.jar:/home/runner/.m2/repository/org/checkerframework/checker-qual/3.33.0/checker-qual-3.33.0.jar:/home/runner/.m2/repository/com/google/j2objc/j2objc-annotations/2.8/j2objc-annotations-2.8.jar:/home/runner/.m2/repository/commons-io/commons-io/2.11.0/commons-io-2.11.0.jar:/home/runner/.m2/repository/commons-logging/commons-logging/1.2/commons-logging-1.2.jar:/home/runner/.m2/repository/ch/qos/reload4j/reload4j/1.2.22/reload4j-1.2.22.jar:/home/runner/.m2/repository/org/slf4j/slf4j-api/1.7.36/slf4j-api-1.7.36.jar:/home/runner/.m2/repository/org/apache/logging/log4j/log4j-api/2.17.1/log4j-api-2.17.1.jar:/home/runner/.m2/repository/org/apache/ozone/hdds-server-scm/1.4.0-SNAPSHOT/hdds-server-scm-1.4.0-SNAPSHOT.jar:/home/runner/.m2/repository/org/apache/ozone/hdds-container-service/1.4.0-SNAPSHOT/hdds-container-service-1.4.0-SNAPSHOT.jar:/home/runner/.m2/repository/org/apache/ozone/hdds-hadoop-dependency-server/1.4.0-SNAPSHOT/hdds-hadoop-dependency-server-1.4.0-SNAPSHOT.jar:/home/runner/.m2/repository/org/apache/hadoop/hadoop-hdfs/3.3.6/hadoop-hdfs-3.3.6.jar:/home/runner/.m2/repository/commons-daemon/commons-daemon/1.0.13/commons-daemon-1.0.13.jar:/home/runner/.m2/repository/org/apache/ozone/hdds-server-framework/1.4.0-SNAPSHOT/hdds-server-framework-1.4.0-SNAPSHOT.jar:/home/runner/.m2/repository/io/dropwizard/metrics/metrics-core/3.2.4/metrics-core-3.2.4.jar:/home/runner/.m2/repository/org/apache/commons/commons-text/1.10.0/commons-text-1.10.0.jar:/home/runner/.m2/repository/org/bouncycastle/bcprov-jdk15on/1.67/bcprov-jdk15on-1.67.jar:/home/runner/.m2/repository/com/google/protobuf/protobuf-java/2.5.0/protobuf-java-2.5.0.jar:/home/runner/.m2/repository/org/apache/ozone/hdds-server-framework/1.4.0-SNAPSHOT/hdds-server-framework-1.4.0-SNAPSHOT-tests.jar:/home/runner/.m2/repository/org/apache/ozone/hdds-interface-server/1.4.0-SNAPSHOT/hdds-interface-server-1.4.0-SNAPSHOT.jar:/home/runner/.m2/repository/org/apache/ozone/hdds-interface-admin/1.4.0-SNAPSHOT/hdds-interface-admin-1.4.0-SNAPSHOT.jar:/home/runner/.m2/repository/org/apache/ozone/hdds-managed-rocksdb/1.4.0-SNAPSHOT/hdds-managed-rocksdb-1.4.0-SNAPSHOT.jar:/home/runner/.m2/repository/org/rocksdb/rocksdbjni/7.7.3/rocksdbjni-7.7.3.jar:/home/runner/.m2/repository/org/slf4j/slf4j-reload4j/1.7.36/slf4j-reload4j-1.7.36.jar:/home/runner/.m2/repository/org/apache/commons/commons-configuration2/2.1.1/commons-configuration2-2.1.1.jar:/home/runner/.m2/repository/commons-fileupload/commons-fileupload/1.5/commons-fileupload-1.5.jar:/home/runner/.m2/repository/org/apache/logging/log4j/log4j-core/2.17.1/log4j-core-2.17.1.jar:/home/runner/.m2/repository/com/lmax/disruptor/3.4.2/disruptor-3.4.2.jar:/home/runner/.m2/repository/org/eclipse/jetty/jetty-util/9.4.51.v20230217/jetty-util-9.4.51.v20230217.jar:/home/runner/.m2/repository/org/eclipse/jetty/jetty-server/9.4.51.v20230217/jetty-server-9.4.51.v20230217.jar:/home/runner/.m2/repository/org/eclipse/jetty/jetty-http/9.4.51.v20230217/jetty-http-9.4.51.v20230217.jar:/home/runner/.m2/repository/org/eclipse/jetty/jetty-io/9.4.51.v20230217/jetty-io-9.4.51.v20230217.jar:/home/runner/.m2/repository/org/eclipse/jetty/jetty-servlet/9.4.51.v20230217/jetty-servlet-9.4.51.v20230217.jar:/home/runner/.m2/repository/org/eclipse/jetty/jetty-security/9.4.51.v20230217/jetty-security-9.4.51.v20230217.jar:/home/runner/.m2/repository/org/eclipse/jetty/jetty-util-ajax/9.4.51.v20230217/jetty-util-ajax-9.4.51.v20230217.jar:/home/runner/.m2/repository/org/eclipse/jetty/jetty-webapp/9.4.51.v20230217/jetty-webapp-9.4.51.v20230217.jar:/home/runner/.m2/repository/org/eclipse/jetty/jetty-xml/9.4.51.v20230217/jetty-xml-9.4.51.v20230217.jar:/home/runner/.m2/repository/org/apache/ratis/ratis-server/2.5.1/ratis-server-2.5.1.jar:/home/runner/.m2/repository/org/apache/ratis/ratis-thirdparty-misc/1.0.4/ratis-thirdparty-misc-1.0.4.jar:/home/runner/.m2/repository/org/apache/ratis/ratis-proto/2.5.1/ratis-proto-2.5.1.jar:/home/runner/.m2/repository/org/apache/ratis/ratis-common/2.5.1/ratis-common-2.5.1.jar:/home/runner/.m2/repository/org/apache/ratis/ratis-client/2.5.1/ratis-client-2.5.1.jar:/home/runner/.m2/repository/org/apache/ratis/ratis-server-api/2.5.1/ratis-server-api-2.5.1.jar:/home/runner/.m2/repository/org/apache/ratis/ratis-metrics/2.5.1/ratis-metrics-2.5.1.jar:/home/runner/.m2/repository/io/prometheus/simpleclient_dropwizard/0.7.0/simpleclient_dropwizard-0.7.0.jar:/home/runner/.m2/repository/io/prometheus/simpleclient/0.7.0/simpleclient-0.7.0.jar:/home/runner/.m2/repository/io/prometheus/simpleclient_common/0.7.0/simpleclient_common-0.7.0.jar:/home/runner/.m2/repository/com/fasterxml/jackson/datatype/jackson-datatype-jsr310/2.13.4/jackson-datatype-jsr310-2.13.4.jar:/home/runner/.m2/repository/com/fasterxml/jackson/core/jackson-core/2.13.4/jackson-core-2.13.4.jar:/home/runner/.m2/repository/com/github/spotbugs/spotbugs-annotations/3.1.12/spotbugs-annotations-3.1.12.jar:/home/runner/.m2/repository/org/apache/ozone/rocksdb-checkpoint-differ/1.4.0-SNAPSHOT/rocksdb-checkpoint-differ-1.4.0-SNAPSHOT.jar:/home/runner/.m2/repository/org/jgrapht/jgrapht-core/1.0.1/jgrapht-core-1.0.1.jar:/home/runner/.m2/repository/org/jgrapht/jgrapht-ext/1.0.1/jgrapht-ext-1.0.1.jar:/home/runner/.m2/repository/org/tinyjee/jgraphx/jgraphx/2.0.0.1/jgraphx-2.0.0.1.jar:/home/runner/.m2/repository/jgraph/jgraph/5.13.0.0/jgraph-5.13.0.0.jar:/home/runner/.m2/repository/org/antlr/antlr4-runtime/4.5.3/antlr4-runtime-4.5.3.jar:/home/runner/.m2/repository/org/awaitility/awaitility/4.2.0/awaitility-4.2.0.jar:/home/runner/.m2/repository/org/hamcrest/hamcrest/2.1/hamcrest-2.1.jar:/home/runner/.m2/repository/org/apache/ozone/ozone-manager/1.4.0-SNAPSHOT/ozone-manager-1.4.0-SNAPSHOT.jar:/home/runner/.m2/repository/org/aspectj/aspectjrt/1.9.7/aspectjrt-1.9.7.jar:/home/runner/.m2/repository/org/aspectj/aspectjweaver/1.9.7/aspectjweaver-1.9.7.jar:/home/runner/.m2/repository/org/apache/ozone/hdds-interface-client/1.4.0-SNAPSHOT/hdds-interface-client-1.4.0-SNAPSHOT.jar:/home/runner/.m2/repository/org/apache/hadoop/thirdparty/hadoop-shaded-protobuf_3_7/1.1.1/hadoop-shaded-protobuf_3_7-1.1.1.jar:/home/runner/.m2/repository/org/apache/ozone/ozone-interface-storage/1.4.0-SNAPSHOT/ozone-interface-storage-1.4.0-SNAPSHOT.jar:/home/runner/.m2/repository/org/reflections/reflections/0.9.11/reflections-0.9.11.jar:/home/runner/.m2/repository/com/sun/jersey/jersey-client/1.19/jersey-client-1.19.jar:/home/runner/.m2/repository/org/codehaus/jackson/jackson-core-asl/1.9.13/jackson-core-asl-1.9.13.jar:/home/runner/.m2/repository/org/codehaus/jackson/jackson-mapper-asl/1.9.13/jackson-mapper-asl-1.9.13.jar:/home/runner/.m2/repository/org/codehaus/jackson/jackson-jaxrs/1.9.13/jackson-jaxrs-1.9.13.jar:/home/runner/.m2/repository/org/apache/ranger/ranger-intg/2.3.0/ranger-intg-2.3.0.jar:/home/runner/.m2/repository/org/apache/ranger/ranger-plugins-common/2.3.0/ranger-plugins-common-2.3.0.jar:/home/runner/.m2/repository/commons-lang/commons-lang/2.6/commons-lang-2.6.jar:/home/runner/.m2/repository/org/apache/ranger/ranger-plugins-cred/2.3.0/ranger-plugins-cred-2.3.0.jar:/home/runner/.m2/repository/org/apache/ranger/ranger-plugins-audit/2.3.0/ranger-plugins-audit-2.3.0.jar:/home/runner/.m2/repository/org/eclipse/jetty/jetty-client/9.4.51.v20230217/jetty-client-9.4.51.v20230217.jar:/home/runner/.m2/repository/org/apache/httpcomponents/httpmime/4.5.6/httpmime-4.5.6.jar:/home/runner/.m2/repository/org/apache/httpcomponents/httpcore-nio/4.4.13/httpcore-nio-4.4.13.jar:/home/runner/.m2/repository/org/apache/httpcomponents/httpasyncclient/4.1.3/httpasyncclient-4.1.3.jar:/home/runner/.m2/repository/com/carrotsearch/hppc/0.8.0/hppc-0.8.0.jar:/home/runner/.m2/repository/org/apache/orc/orc-core/1.5.8/orc-core-1.5.8.jar:/home/runner/.m2/repository/net/java/dev/jna/jna/5.2.0/jna-5.2.0.jar:/home/runner/.m2/repository/net/java/dev/jna/jna-platform/5.2.0/jna-platform-5.2.0.jar:/home/runner/.m2/repository/com/kstruct/gethostname4j/0.0.2/gethostname4j-0.0.2.jar:/home/runner/.m2/repository/org/apache/ranger/ranger-plugin-classloader/2.3.0/ranger-plugin-classloader-2.3.0.jar:/home/runner/.m2/repository/org/apache/ozone/hdds-rocks-native/1.4.0-SNAPSHOT/hdds-rocks-native-1.4.0-SNAPSHOT.jar:/home/runner/.m2/repository/org/apache/hadoop/hadoop-minikdc/3.3.6/hadoop-minikdc-3.3.6.jar:/home/runner/.m2/repository/org/apache/kerby/kerb-simplekdc/1.0.1/kerb-simplekdc-1.0.1.jar:/home/runner/.m2/repository/org/apache/kerby/kerb-client/1.0.1/kerb-client-1.0.1.jar:/home/runner/.m2/repository/org/apache/kerby/kerby-config/1.0.1/kerby-config-1.0.1.jar:/home/runner/.m2/repository/org/apache/kerby/kerb-common/1.0.1/kerb-common-1.0.1.jar:/home/runner/.m2/repository/org/apache/kerby/kerb-crypto/1.0.1/kerb-crypto-1.0.1.jar:/home/runner/.m2/repository/org/apache/kerby/kerb-util/1.0.1/kerb-util-1.0.1.jar:/home/runner/.m2/repository/org/apache/kerby/token-provider/1.0.1/token-provider-1.0.1.jar:/home/runner/.m2/repository/org/apache/kerby/kerb-admin/1.0.1/kerb-admin-1.0.1.jar:/home/runner/.m2/repository/org/apache/kerby/kerb-server/1.0.1/kerb-server-1.0.1.jar:/home/runner/.m2/repository/org/apache/kerby/kerb-identity/1.0.1/kerb-identity-1.0.1.jar:/home/runner/.m2/repository/org/apache/kerby/kerby-xdr/1.0.1/kerby-xdr-1.0.1.jar:/home/runner/.m2/repository/org/apache/ozone/ozone-s3gateway/1.4.0-SNAPSHOT/ozone-s3gateway-1.4.0-SNAPSHOT.jar:/home/runner/.m2/repository/org/javassist/javassist/3.21.0-GA/javassist-3.21.0-GA.jar:/home/runner/.m2/repository/org/jboss/weld/servlet/weld-servlet-shaded/3.1.9.Final/weld-servlet-shaded-3.1.9.Final.jar:/home/runner/.m2/repository/org/glassfish/jersey/containers/jersey-container-servlet-core/2.34/jersey-container-servlet-core-2.34.jar:/home/runner/.m2/repository/org/glassfish/hk2/external/jakarta.inject/2.6.1/jakarta.inject-2.6.1.jar:/home/runner/.m2/repository/org/glassfish/jersey/core/jersey-common/2.34/jersey-common-2.34.jar:/home/runner/.m2/repository/jakarta/ws/rs/jakarta.ws.rs-api/2.1.6/jakarta.ws.rs-api-2.1.6.jar:/home/runner/.m2/repository/org/glassfish/jersey/ext/cdi/jersey-cdi1x/2.34/jersey-cdi1x-2.34.jar:/home/runner/.m2/repository/org/glassfish/jersey/inject/jersey-hk2/2.34/jersey-hk2-2.34.jar:/home/runner/.m2/repository/org/glassfish/hk2/hk2-locator/2.6.1/hk2-locator-2.6.1.jar:/home/runner/.m2/repository/org/glassfish/jersey/media/jersey-media-jaxb/2.34/jersey-media-jaxb-2.34.jar:/home/runner/.m2/repository/org/glassfish/hk2/osgi-resource-locator/1.0.3/osgi-resource-locator-1.0.3.jar:/home/runner/.m2/repository/org/glassfish/hk2/hk2-api/2.5.0/hk2-api-2.5.0.jar:/home/runner/.m2/repository/org/glassfish/hk2/hk2-utils/2.5.0/hk2-utils-2.5.0.jar:/home/runner/.m2/repository/org/glassfish/hk2/external/aopalliance-repackaged/2.5.0/aopalliance-repackaged-2.5.0.jar:/home/runner/.m2/repository/com/fasterxml/jackson/dataformat/jackson-dataformat-xml/2.13.4/jackson-dataformat-xml-2.13.4.jar:/home/runner/.m2/repository/org/codehaus/woodstox/stax2-api/4.2.1/stax2-api-4.2.1.jar:/home/runner/.m2/repository/com/fasterxml/woodstox/woodstox-core/5.4.0/woodstox-core-5.4.0.jar:/home/runner/.m2/repository/com/fasterxml/jackson/module/jackson-module-jaxb-annotations/2.13.4/jackson-module-jaxb-annotations-2.13.4.jar:/home/runner/.m2/repository/jakarta/xml/bind/jakarta.xml.bind-api/2.3.3/jakarta.xml.bind-api-2.3.3.jar:/home/runner/.m2/repository/jakarta/activation/jakarta.activation-api/1.2.2/jakarta.activation-api-1.2.2.jar:/home/runner/.m2/repository/javax/enterprise/cdi-api/2.0/cdi-api-2.0.jar:/home/runner/.m2/repository/javax/el/javax.el-api/3.0.0/javax.el-api-3.0.0.jar:/home/runner/.m2/repository/javax/interceptor/javax.interceptor-api/1.2/javax.interceptor-api-1.2.jar:/home/runner/.m2/repository/javax/inject/javax.inject/1/javax.inject-1.jar:/home/runner/.m2/repository/javax/xml/bind/jaxb-api/2.3.0/jaxb-api-2.3.0.jar:/home/runner/.m2/repository/org/glassfish/jaxb/jaxb-runtime/2.3.0.1/jaxb-runtime-2.3.0.1.jar:/home/runner/.m2/repository/org/glassfish/jaxb/jaxb-core/2.3.0.1/jaxb-core-2.3.0.1.jar:/home/runner/.m2/repository/org/glassfish/jaxb/txw2/2.3.0.1/txw2-2.3.0.1.jar:/home/runner/.m2/repository/com/sun/istack/istack-commons-runtime/3.0.5/istack-commons-runtime-3.0.5.jar:/home/runner/.m2/repository/org/jvnet/staxex/stax-ex/1.7.8/stax-ex-1.7.8.jar:/home/runner/.m2/repository/com/sun/xml/fastinfoset/FastInfoset/1.2.13/FastInfoset-1.2.13.jar:/home/runner/.m2/repository/javax/activation/activation/1.1.1/activation-1.1.1.jar:/home/runner/.m2/repository/io/grpc/grpc-protobuf/1.51.1/grpc-protobuf-1.51.1.jar:/home/runner/.m2/repository/com/google/api/grpc/proto-google-common-protos/2.9.0/proto-google-common-protos-2.9.0.jar:/home/runner/.m2/repository/io/grpc/grpc-protobuf-lite/1.51.1/grpc-protobuf-lite-1.51.1.jar:/home/runner/.m2/repository/io/grpc/grpc-stub/1.51.1/grpc-stub-1.51.1.jar:/home/runner/.m2/repository/io/netty/netty-transport/4.1.94.Final/netty-transport-4.1.94.Final.jar:/home/runner/.m2/repository/io/netty/netty-resolver/4.1.94.Final/netty-resolver-4.1.94.Final.jar:/home/runner/.m2/repository/org/apache/ozone/ozone-csi/1.4.0-SNAPSHOT/ozone-csi-1.4.0-SNAPSHOT.jar:/home/runner/.m2/repository/com/google/protobuf/protobuf-java-util/3.19.6/protobuf-java-util-3.19.6.jar:/home/runner/.m2/repository/com/google/code/gson/gson/2.9.0/gson-2.9.0.jar:/home/runner/.m2/repository/org/apache/ozone/hdds-config/1.4.0-SNAPSHOT/hdds-config-1.4.0-SNAPSHOT.jar:/home/runner/.m2/repository/io/netty/netty-transport-native-epoll/4.1.94.Final/netty-transport-native-epoll-4.1.94.Final-linux-x86_64.jar:/home/runner/.m2/repository/io/netty/netty-transport-classes-epoll/4.1.94.Final/netty-transport-classes-epoll-4.1.94.Final.jar:/home/runner/.m2/repository/io/netty/netty-transport-native-unix-common/4.1.94.Final/netty-transport-native-unix-common-4.1.94.Final.jar:/home/runner/.m2/repository/org/apache/ozone/ozone-recon/1.4.0-SNAPSHOT/ozone-recon-1.4.0-SNAPSHOT.jar:/home/runner/.m2/repository/org/apache/ozone/ozone-reconcodegen/1.4.0-SNAPSHOT/ozone-reconcodegen-1.4.0-SNAPSHOT.jar:/home/runner/.m2/repository/com/google/inject/guice/5.1.0/guice-5.1.0.jar:/home/runner/.m2/repository/aopalliance/aopalliance/1.0/aopalliance-1.0.jar:/home/runner/.m2/repository/com/google/inject/extensions/guice-assistedinject/5.1.0/guice-assistedinject-5.1.0.jar:/home/runner/.m2/repository/com/google/inject/extensions/guice-servlet/5.1.0/guice-servlet-5.1.0.jar:/home/runner/.m2/repository/org/glassfish/jersey/containers/jersey-container-servlet/2.34/jersey-container-servlet-2.34.jar:/home/runner/.m2/repository/org/glassfish/hk2/guice-bridge/2.5.0/guice-bridge-2.5.0.jar:/home/runner/.m2/repository/org/glassfish/jersey/core/jersey-server/2.34/jersey-server-2.34.jar:/home/runner/.m2/repository/org/glassfish/jersey/core/jersey-client/2.34/jersey-client-2.34.jar:/home/runner/.m2/repository/jakarta/annotation/jakarta.annotation-api/1.3.5/jakarta.annotation-api-1.3.5.jar:/home/runner/.m2/repository/jakarta/validation/jakarta.validation-api/2.0.2/jakarta.validation-api-2.0.2.jar:/home/runner/.m2/repository/org/glassfish/jersey/media/jersey-media-json-jackson/2.34/jersey-media-json-jackson-2.34.jar:/home/runner/.m2/repository/org/glassfish/jersey/ext/jersey-entity-filtering/2.34/jersey-entity-filtering-2.34.jar:/home/runner/.m2/repository/org/jooq/jooq/3.11.10/jooq-3.11.10.jar:/home/runner/.m2/repository/org/jooq/jooq-meta/3.11.10/jooq-meta-3.11.10.jar:/home/runner/.m2/repository/org/jooq/jooq-codegen/3.11.10/jooq-codegen-3.11.10.jar:/home/runner/.m2/repository/com/jolbox/bonecp/0.8.0.RELEASE/bonecp-0.8.0.RELEASE.jar:/home/runner/.m2/repository/org/apache/derby/derby/10.14.2.0/derby-10.14.2.0.jar:/home/runner/.m2/repository/org/xerial/sqlite-jdbc/3.41.2.2/sqlite-jdbc-3.41.2.2.jar:/home/runner/.m2/repository/org/springframework/spring-jdbc/5.3.27/spring-jdbc-5.3.27.jar:/home/runner/.m2/repository/org/springframework/spring-beans/5.3.27/spring-beans-5.3.27.jar:/home/runner/.m2/repository/org/springframework/spring-core/5.3.27/spring-core-5.3.27.jar:/home/runner/.m2/repository/org/springframework/spring-tx/5.3.27/spring-tx-5.3.27.jar:/home/runner/.m2/repository/org/apache/ozone/ozone-client/1.4.0-SNAPSHOT/ozone-client-1.4.0-SNAPSHOT.jar:/home/runner/.m2/repository/org/apache/ozone/hdds-erasurecode/1.4.0-SNAPSHOT/hdds-erasurecode-1.4.0-SNAPSHOT.jar:/home/runner/.m2/repository/org/apache/ozone/ozone-filesystem/1.4.0-SNAPSHOT/ozone-filesystem-1.4.0-SNAPSHOT.jar:/home/runner/.m2/repository/org/apache/ozone/ozone-filesystem-common/1.4.0-SNAPSHOT/ozone-filesystem-common-1.4.0-SNAPSHOT.jar:/home/runner/.m2/repository/org/apache/ozone/ozone-tools/1.4.0-SNAPSHOT/ozone-tools-1.4.0-SNAPSHOT.jar:/home/runner/.m2/repository/com/amazonaws/aws-java-sdk-core/1.12.261/aws-java-sdk-core-1.12.261.jar:/home/runner/.m2/repository/org/apache/httpcomponents/httpclient/4.5.13/httpclient-4.5.13.jar:/home/runner/.m2/repository/org/apache/httpcomponents/httpcore/4.4.13/httpcore-4.4.13.jar:/home/runner/.m2/repository/software/amazon/ion/ion-java/1.0.2/ion-java-1.0.2.jar:/home/runner/.m2/repository/com/fasterxml/jackson/dataformat/jackson-dataformat-cbor/2.13.4/jackson-dataformat-cbor-2.13.4.jar:/home/runner/.m2/repository/joda-time/joda-time/2.10.6/joda-time-2.10.6.jar:/home/runner/.m2/repository/com/amazonaws/aws-java-sdk-s3/1.12.261/aws-java-sdk-s3-1.12.261.jar:/home/runner/.m2/repository/com/amazonaws/aws-java-sdk-kms/1.12.261/aws-java-sdk-kms-1.12.261.jar:/home/runner/.m2/repository/com/amazonaws/jmespath-java/1.12.261/jmespath-java-1.12.261.jar:/home/runner/.m2/repository/org/kohsuke/metainf-services/metainf-services/1.8/metainf-services-1.8.jar:/home/runner/.m2/repository/org/apache/ozone/hdds-tools/1.4.0-SNAPSHOT/hdds-tools-1.4.0-SNAPSHOT.jar:/home/runner/.m2/repository/org/apache/ratis/ratis-tools/2.5.1/ratis-tools-2.5.1.jar:/home/runner/.m2/repository/commons-cli/commons-cli/1.2/commons-cli-1.2.jar:/home/runner/.m2/repository/org/apache/commons/commons-lang3/3.7/commons-lang3-3.7.jar:/home/runner/.m2/repository/org/apache/ozone/ozone-manager/1.4.0-SNAPSHOT/ozone-manager-1.4.0-SNAPSHOT-tests.jar:/home/runner/.m2/repository/org/apache/ozone/hdds-common/1.4.0-SNAPSHOT/hdds-common-1.4.0-SNAPSHOT-tests.jar:/home/runner/.m2/repository/org/apache/ozone/hdds-hadoop-dependency-client/1.4.0-SNAPSHOT/hdds-hadoop-dependency-client-1.4.0-SNAPSHOT.jar:/home/runner/.m2/repository/info/picocli/picocli/4.6.1/picocli-4.6.1.jar:/home/runner/.m2/repository/com/fasterxml/jackson/core/jackson-annotations/2.13.4/jackson-annotations-2.13.4.jar:/home/runner/.m2/repository/org/apache/ozone/hdds-annotation-processing/1.4.0-SNAPSHOT/hdds-annotation-processing-1.4.0-SNAPSHOT.jar:/home/runner/.m2/repository/javax/annotation/javax.annotation-api/1.2/javax.annotation-api-1.2.jar:/home/runner/.m2/repository/org/apache/ratis/ratis-netty/2.5.1/ratis-netty-2.5.1.jar:/home/runner/.m2/repository/org/apache/ratis/ratis-grpc/2.5.1/ratis-grpc-2.5.1.jar:/home/runner/.m2/repository/org/apache/commons/commons-pool2/2.6.0/commons-pool2-2.6.0.jar:/home/runner/.m2/repository/org/bouncycastle/bcpkix-jdk15on/1.67/bcpkix-jdk15on-1.67.jar:/home/runner/.m2/repository/commons-validator/commons-validator/1.6/commons-validator-1.6.jar:/home/runner/.m2/repository/commons-beanutils/commons-beanutils/1.9.4/commons-beanutils-1.9.4.jar:/home/runner/.m2/repository/commons-digester/commons-digester/1.8.1/commons-digester-1.8.1.jar:/home/runner/.m2/repository/commons-collections/commons-collections/3.2.2/commons-collections-3.2.2.jar:/home/runner/.m2/repository/io/jaegertracing/jaeger-client/1.6.0/jaeger-client-1.6.0.jar:/home/runner/.m2/repository/io/jaegertracing/jaeger-thrift/1.6.0/jaeger-thrift-1.6.0.jar:/home/runner/.m2/repository/org/apache/thrift/libthrift/0.14.1/libthrift-0.14.1.jar:/home/runner/.m2/repository/io/jaegertracing/jaeger-core/1.6.0/jaeger-core-1.6.0.jar:/home/runner/.m2/repository/io/jaegertracing/jaeger-tracerresolver/1.6.0/jaeger-tracerresolver-1.6.0.jar:/home/runner/.m2/repository/io/opentracing/contrib/opentracing-tracerresolver/0.1.8/opentracing-tracerresolver-0.1.8.jar:/home/runner/.m2/repository/org/jetbrains/kotlin/kotlin-stdlib/1.6.21/kotlin-stdlib-1.6.21.jar:/home/runner/.m2/repository/org/jetbrains/annotations/13.0/annotations-13.0.jar:/home/runner/.m2/repository/io/opentracing/opentracing-util/0.33.0/opentracing-util-0.33.0.jar:/home/runner/.m2/repository/io/opentracing/opentracing-api/0.33.0/opentracing-api-0.33.0.jar:/home/runner/.m2/repository/io/opentracing/opentracing-noop/0.33.0/opentracing-noop-0.33.0.jar:/home/runner/.m2/repository/org/yaml/snakeyaml/2.0/snakeyaml-2.0.jar:/home/runner/.m2/repository/io/grpc/grpc-api/1.51.1/grpc-api-1.51.1.jar:/home/runner/.m2/repository/io/grpc/grpc-context/1.51.1/grpc-context-1.51.1.jar:/home/runner/.m2/repository/junit/junit/4.13.1/junit-4.13.1.jar:/home/runner/.m2/repository/org/hamcrest/hamcrest-core/1.3/hamcrest-core-1.3.jar:/home/runner/.m2/repository/org/junit/jupiter/junit-jupiter-api/5.8.2/junit-jupiter-api-5.8.2.jar:/home/runner/.m2/repository/org/opentest4j/opentest4j/1.2.0/opentest4j-1.2.0.jar:/home/runner/.m2/repository/org/junit/platform/junit-platform-commons/1.8.2/junit-platform-commons-1.8.2.jar:/home/runner/.m2/repository/org/apiguardian/apiguardian-api/1.1.2/apiguardian-api-1.1.2.jar:/home/runner/.m2/repository/org/junit/jupiter/junit-jupiter-params/5.8.2/junit-jupiter-params-5.8.2.jar:/home/runner/.m2/repository/org/junit/jupiter/junit-jupiter-migrationsupport/5.8.2/junit-jupiter-migrationsupport-5.8.2.jar:/home/runner/.m2/repository/org/junit/jupiter/junit-jupiter-engine/5.8.2/junit-jupiter-engine-5.8.2.jar:/home/runner/.m2/repository/org/junit/platform/junit-platform-engine/1.8.2/junit-platform-engine-1.8.2.jar:/home/runner/.m2/repository/org/junit/vintage/junit-vintage-engine/5.8.2/junit-vintage-engine-5.8.2.jar:/home/runner/.m2/repository/org/junit/platform/junit-platform-launcher/1.8.2/junit-platform-launcher-1.8.2.jar:/home/runner/.m2/repository/org/mockito/mockito-core/3.5.9/mockito-core-3.5.9.jar:/home/runner/.m2/repository/net/bytebuddy/byte-buddy/1.10.13/byte-buddy-1.10.13.jar:/home/runner/.m2/repository/net/bytebuddy/byte-buddy-agent/1.10.13/byte-buddy-agent-1.10.13.jar:/home/runner/.m2/repository/org/objenesis/objenesis/1.0/objenesis-1.0.jar:/home/runner/.m2/repository/org/apache/hadoop/hadoop-kms/3.3.6/hadoop-kms-3.3.6.jar:/home/runner/.m2/repository/org/apache/hadoop/hadoop-auth/3.3.6/hadoop-auth-3.3.6.jar:/home/runner/.m2/repository/com/nimbusds/nimbus-jose-jwt/9.8.1/nimbus-jose-jwt-9.8.1.jar:/home/runner/.m2/repository/com/github/stephenc/jcip/jcip-annotations/1.0-1/jcip-annotations-1.0-1.jar:/home/runner/.m2/repository/org/apache/zookeeper/zookeeper/3.5.6/zookeeper-3.5.6.jar:/home/runner/.m2/repository/org/apache/zookeeper/zookeeper-jute/3.5.6/zookeeper-jute-3.5.6.jar:/home/runner/.m2/repository/org/apache/yetus/audience-annotations/0.5.0/audience-annotations-0.5.0.jar:/home/runner/.m2/repository/org/apache/curator/curator-framework/4.2.0/curator-framework-4.2.0.jar:/home/runner/.m2/repository/org/apache/hadoop/thirdparty/hadoop-shaded-guava/1.1.1/hadoop-shaded-guava-1.1.1.jar:/home/runner/.m2/repository/com/sun/jersey/jersey-core/1.19/jersey-core-1.19.jar:/home/runner/.m2/repository/javax/ws/rs/jsr311-api/1.1.1/jsr311-api-1.1.1.jar:/home/runner/.m2/repository/com/sun/jersey/jersey-server/1.19/jersey-server-1.19.jar:/home/runner/.m2/repository/javax/servlet/javax.servlet-api/3.1.0/javax.servlet-api-3.1.0.jar:/home/runner/.m2/repository/org/apache/hadoop/hadoop-common/3.3.6/hadoop-common-3.3.6.jar:/home/runner/.m2/repository/org/apache/commons/commons-math3/3.1.1/commons-math3-3.1.1.jar:/home/runner/.m2/repository/commons-net/commons-net/3.9.0/commons-net-3.9.0.jar:/home/runner/.m2/repository/com/sun/jersey/jersey-servlet/1.19/jersey-servlet-1.19.jar:/home/runner/.m2/repository/com/github/pjfanning/jersey-json/1.20/jersey-json-1.20.jar:/home/runner/.m2/repository/org/codehaus/jettison/jettison/1.1/jettison-1.1.jar:/home/runner/.m2/repository/com/sun/xml/bind/jaxb-impl/2.2.3-1/jaxb-impl-2.2.3-1.jar:/home/runner/.m2/repository/com/google/re2j/re2j/1.1/re2j-1.1.jar:/home/runner/.m2/repository/com/jcraft/jsch/0.1.54/jsch-0.1.54.jar:/home/runner/.m2/repository/org/apache/curator/curator-client/4.2.0/curator-client-4.2.0.jar:/home/runner/.m2/repository/org/apache/curator/curator-recipes/5.2.0/curator-recipes-5.2.0.jar:/home/runner/.m2/repository/org/apache/kerby/kerb-core/1.0.1/kerb-core-1.0.1.jar:/home/runner/.m2/repository/org/apache/kerby/kerby-pkix/1.0.1/kerby-pkix-1.0.1.jar:/home/runner/.m2/repository/org/apache/kerby/kerby-asn1/1.0.1/kerby-asn1-1.0.1.jar:/home/runner/.m2/repository/org/apache/kerby/kerby-util/1.0.1/kerby-util-1.0.1.jar:/home/runner/.m2/repository/dnsjava/dnsjava/2.1.7/dnsjava-2.1.7.jar:/home/runner/.m2/repository/org/xerial/snappy/snappy-java/1.1.8.2/snappy-java-1.1.8.2.jar:/home/runner/.m2/repository/com/fasterxml/jackson/core/jackson-databind/2.13.4.2/jackson-databind-2.13.4.2.jar:/home/runner/.m2/repository/org/apache/hadoop/hadoop-kms/3.3.6/hadoop-kms-3.3.6-tests.jar:/home/runner/.m2/repository/org/apache/ozone/hdds-server-scm/1.4.0-SNAPSHOT/hdds-server-scm-1.4.0-SNAPSHOT-tests.jar:/home/runner/.m2/repository/org/apache/ozone/hdds-container-service/1.4.0-SNAPSHOT/hdds-container-service-1.4.0-SNAPSHOT-tests.jar:/home/runner/.m2/repository/com/github/luben/zstd-jni/1.5.2-5/zstd-jni-1.5.2-5.jar:/home/runner/.m2/repository/commons-codec/commons-codec/1.15/commons-codec-1.15.jar:/home/runner/.m2/repository/io/netty/netty-codec/4.1.94.Final/netty-codec-4.1.94.Final.jar:/home/runner/.m2/repository/io/netty/netty-handler/4.1.94.Final/netty-handler-4.1.94.Final.jar:/home/runner/.m2/repository/org/apache/ozone/hdds-hadoop-dependency-test/1.4.0-SNAPSHOT/hdds-hadoop-dependency-test-1.4.0-SNAPSHOT.jar:/home/runner/.m2/repository/org/apache/hadoop/hadoop-common/3.3.6/hadoop-common-3.3.6-tests.jar:/home/runner/.m2/repository/org/apache/hadoop/hadoop-hdfs/3.3.6/hadoop-hdfs-3.3.6-tests.jar:/home/runner/.m2/repository/org/assertj/assertj-core/3.12.2/assertj-core-3.12.2.jar:/home/runner/.m2/repository/org/apache/hadoop/hadoop-distcp/3.3.6/hadoop-distcp-3.3.6.jar:/home/runner/.m2/repository/org/apache/hadoop/hadoop-mapreduce-client-jobclient/3.3.6/hadoop-mapreduce-client-jobclient-3.3.6.jar:/home/runner/.m2/repository/org/apache/hadoop/hadoop-mapreduce-client-common/3.3.6/hadoop-mapreduce-client-common-3.3.6.jar:/home/runner/.m2/repository/org/apache/hadoop/hadoop-yarn-common/3.3.6/hadoop-yarn-common-3.3.6.jar:/home/runner/.m2/repository/org/apache/hadoop/hadoop-yarn-api/3.3.6/hadoop-yarn-api-3.3.6.jar:/home/runner/.m2/repository/com/sun/jersey/contribs/jersey-guice/1.19/jersey-guice-1.19.jar:/home/runner/.m2/repository/com/fasterxml/jackson/jaxrs/jackson-jaxrs-json-provider/2.13.4/jackson-jaxrs-json-provider-2.13.4.jar:/home/runner/.m2/repository/com/fasterxml/jackson/jaxrs/jackson-jaxrs-base/2.13.4/jackson-jaxrs-base-2.13.4.jar:/home/runner/.m2/repository/org/apache/hadoop/hadoop-yarn-client/3.3.6/hadoop-yarn-client-3.3.6.jar:/home/runner/.m2/repository/org/eclipse/jetty/websocket/websocket-client/9.4.51.v20230217/websocket-client-9.4.51.v20230217.jar:/home/runner/.m2/repository/org/eclipse/jetty/websocket/websocket-common/9.4.51.v20230217/websocket-common-9.4.51.v20230217.jar:/home/runner/.m2/repository/org/eclipse/jetty/websocket/websocket-api/9.4.51.v20230217/websocket-api-9.4.51.v20230217.jar:/home/runner/.m2/repository/org/jline/jline/3.9.0/jline-3.9.0.jar:/home/runner/.m2/repository/org/apache/hadoop/hadoop-mapreduce-client-core/3.3.6/hadoop-mapreduce-client-core-3.3.6.jar:/home/runner/.m2/repository/org/apache/avro/avro/1.7.7/avro-1.7.7.jar:/home/runner/.m2/repository/com/thoughtworks/paranamer/paranamer/2.3/paranamer-2.3.jar:/home/runner/.m2/repository/org/apache/hadoop/hadoop-annotations/3.3.6/hadoop-annotations-3.3.6.jar:/usr/lib/jvm/temurin-8-jdk-amd64/jre/../lib/tools.jar:/home/runner/.m2/repository/io/netty/netty/3.10.6.Final/netty-3.10.6.Final.jar:/home/runner/.m2/repository/org/apache/hadoop/hadoop-distcp/3.3.6/hadoop-distcp-3.3.6-tests.jar:/home/runner/.m2/repository/org/slf4j/jul-to-slf4j/1.7.36/jul-to-slf4j-1.7.36.jar:"/>
    <property name="sun.cpu.endian" value="little"/>
    <property name="user.home" value="/home/runner"/>
    <property name="user.language" value="en"/>
    <property name="java.specification.vendor" value="Oracle Corporation"/>
    <property name="java.home" value="/usr/lib/jvm/temurin-8-jdk-amd64/jre"/>
    <property name="java.security.krb5.conf" value="/home/runner/work/ozone/ozone/hadoop-ozone/integration-test/target/test-classes/krb5.conf"/>
    <property name="basedir" value="/home/runner/work/ozone/ozone/hadoop-ozone/integration-test"/>
    <property name="file.separator" value="/"/>
    <property name="line.separator" value="&#10;"/>
    <property name="java.vm.specification.vendor" value="Oracle Corporation"/>
    <property name="java.specification.name" value="Java Platform API Specification"/>
    <property name="java.awt.graphicsenv" value="sun.awt.X11GraphicsEnvironment"/>
    <property name="skip.installnpx" value="true"/>
    <property name="surefire.real.class.path" value="/home/runner/work/ozone/ozone/hadoop-ozone/integration-test/target/surefire/surefirebooter113141698993779991.jar:/home/runner/.m2/repository/org/jacoco/org.jacoco.agent/0.8.5/org.jacoco.agent-0.8.5-runtime.jar"/>
    <property name="hadoop.log.dir" value="/home/runner/work/ozone/ozone/hadoop-ozone/integration-test/target/log"/>
    <property name="sun.boot.class.path" value="/usr/lib/jvm/temurin-8-jdk-amd64/jre/lib/resources.jar:/usr/lib/jvm/temurin-8-jdk-amd64/jre/lib/rt.jar:/usr/lib/jvm/temurin-8-jdk-amd64/jre/lib/sunrsasign.jar:/usr/lib/jvm/temurin-8-jdk-amd64/jre/lib/jsse.jar:/usr/lib/jvm/temurin-8-jdk-amd64/jre/lib/jce.jar:/usr/lib/jvm/temurin-8-jdk-amd64/jre/lib/charsets.jar:/usr/lib/jvm/temurin-8-jdk-amd64/jre/lib/jfr.jar:/usr/lib/jvm/temurin-8-jdk-amd64/jre/classes"/>
    <property name="sun.management.compiler" value="HotSpot 64-Bit Tiered Compilers"/>
    <property name="skip.npx" value="true"/>
    <property name="java.runtime.version" value="1.8.0_372-b07"/>
    <property name="java.net.preferIPv4Stack" value="true"/>
    <property name="user.name" value="runner"/>
    <property name="path.separator" value=":"/>
    <property name="java.security.egd" value="file:///dev/urandom"/>
    <property name="os.version" value="5.15.0-1041-azure"/>
    <property name="java.endorsed.dirs" value="/usr/lib/jvm/temurin-8-jdk-amd64/jre/lib/endorsed"/>
    <property name="java.runtime.name" value="OpenJDK Runtime Environment"/>
    <property name="file.encoding" value="UTF-8"/>
    <property name="java.vm.name" value="OpenJDK 64-Bit Server VM"/>
    <property name="test.build.webapps" value=""/>
    <property name="localRepository" value="/home/runner/.m2/repository"/>
    <property name="jetty.git.hash" value="b45c405e4544384de066f814ed42ae3dceacdd49"/>
    <property name="java.vendor.url.bug" value="https://github.com/adoptium/adoptium-support/issues"/>
    <property name="java.io.tmpdir" value="/tmp"/>
    <property name="require.test.libhadoop" value=""/>
    <property name="java.version" value="1.8.0_372"/>
    <property name="user.dir" value="/home/runner/work/ozone/ozone/hadoop-ozone/integration-test"/>
    <property name="os.arch" value="amd64"/>
    <property name="java.vm.specification.name" value="Java Virtual Machine Specification"/>
    <property name="test.build.classes" value="/home/runner/work/ozone/ozone/hadoop-ozone/integration-test/target/test-classes"/>
    <property name="java.awt.printerjob" value="sun.print.PSPrinterJob"/>
    <property name="sun.os.patch.level" value="unknown"/>
    <property name="org.apache.ratis.thirdparty.io.netty.allocator.useCacheForAllThreads" value="false"/>
    <property name="hadoop.tmp.dir" value="/home/runner/work/ozone/ozone/hadoop-ozone/integration-test/target/tmp"/>
    <property name="java.library.path" value="/usr/java/packages/lib/amd64:/usr/lib64:/lib64:/lib:/usr/lib"/>
    <property name="java.vm.info" value="mixed mode"/>
    <property name="java.vendor" value="Temurin"/>
    <property name="java.vm.version" value="25.372-b07"/>
    <property name="java.specification.maintenance.version" value="4"/>
    <property name="java.ext.dirs" value="/usr/lib/jvm/temurin-8-jdk-amd64/jre/lib/ext:/usr/java/packages/lib/ext"/>
    <property name="sun.io.unicode.encoding" value="UnicodeLittle"/>
    <property name="java.class.version" value="52.0"/>
  </properties>
  <testcase name="testObjectStoreCreateWithO3fs" classname="org.apache.hadoop.fs.ozone.TestOzoneFSWithObjectStoreCreate" time="1.862">
    <failure type="java.lang.AssertionError"><![CDATA[java.lang.AssertionError: testObjectStoreCreateWithO3fs failed for Path/dir1
	at org.junit.Assert.fail(Assert.java:89)
	at org.apache.hadoop.fs.ozone.TestOzoneFSWithObjectStoreCreate.checkPath(TestOzoneFSWithObjectStoreCreate.java:465)
	at org.apache.hadoop.fs.ozone.TestOzoneFSWithObjectStoreCreate.testObjectStoreCreateWithO3fs(TestOzoneFSWithObjectStoreCreate.java:237)
	at sun.reflect.NativeMethodAccessorImpl.invoke0(Native Method)
	at sun.reflect.NativeMethodAccessorImpl.invoke(NativeMethodAccessorImpl.java:62)
	at sun.reflect.DelegatingMethodAccessorImpl.invoke(DelegatingMethodAccessorImpl.java:43)
	at java.lang.reflect.Method.invoke(Method.java:498)
	at org.junit.runners.model.FrameworkMethod$1.runReflectiveCall(FrameworkMethod.java:59)
	at org.junit.internal.runners.model.ReflectiveCallable.run(ReflectiveCallable.java:12)
	at org.junit.runners.model.FrameworkMethod.invokeExplosively(FrameworkMethod.java:56)
	at org.junit.internal.runners.statements.InvokeMethod.evaluate(InvokeMethod.java:17)
	at org.junit.internal.runners.statements.RunBefores.evaluate(RunBefores.java:26)
	at org.junit.internal.runners.statements.RunAfters.evaluate(RunAfters.java:27)
	at org.junit.internal.runners.statements.FailOnTimeout$CallableStatement.call(FailOnTimeout.java:288)
	at org.junit.internal.runners.statements.FailOnTimeout$CallableStatement.call(FailOnTimeout.java:282)
	at java.util.concurrent.FutureTask.run(FutureTask.java:266)
	at java.lang.Thread.run(Thread.java:750)
]]></failure>
    <system-out><![CDATA[2023-07-28 03:22:11,367 [main] WARN  server.ServerUtils (ServerUtils.java:getScmDbDir(155)) - ozone.scm.db.dirs is not configured. We recommend adding this setting. Falling back to ozone.metadata.dirs instead.
2023-07-28 03:22:11,555 [main] INFO  reflections.Reflections (Reflections.java:scan(232)) - Reflections took 125 ms to scan 7 urls, producing 160 keys and 378 values 
2023-07-28 03:22:11,681 [main] WARN  server.ServerUtils (ServerUtils.java:getScmDbDir(155)) - ozone.scm.db.dirs is not configured. We recommend adding this setting. Falling back to ozone.metadata.dirs instead.
2023-07-28 03:22:11,685 [main] INFO  ha.SCMHANodeDetails (SCMHANodeDetails.java:loadSCMHAConfig(210)) - ServiceID for StorageContainerManager is null
2023-07-28 03:22:11,693 [main] WARN  ha.SCMHANodeDetails (SCMHANodeDetails.java:validateSCMHAConfig(183)) - Invalid config ozone.scm.ratis.enable. The config was not specified, but the default value true conflicts with the expected config value false. Falling back to the expected value. Current State of SCM: SCM is running in Non-HA without Ratis Ratis SCM -> Non Ratis SCM or Non HA SCM -> HA SCM is not supported
2023-07-28 03:22:11,693 [main] INFO  ha.SCMHANodeDetails (SCMHANodeDetails.java:loadSCMHAConfig(215)) - ozone.scm.default.service.id is not defined, falling back to ozone.scm.service.ids to find serviceID for StorageContainerManager if it is HA enabled cluster
2023-07-28 03:22:12,313 [main] WARN  utils.HAUtils (HAUtils.java:getMetaDir(339)) - ozone.scm.db.dirs is not configured. We recommend adding this setting. Falling back to ozone.metadata.dirs instead.
2023-07-28 03:22:12,446 [main] WARN  db.DBStoreBuilder (DBStoreBuilder.java:applyDBDefinition(166)) - ozone.scm.db.dirs is not configured. We recommend adding this setting. Falling back to ozone.metadata.dirs instead.
2023-07-28 03:22:12,650 [main] INFO  net.NodeSchemaLoader (NodeSchemaLoader.java:loadSchemaFromFile(129)) - Loading schema from [jar:file:/home/runner/.m2/repository/org/apache/ozone/hdds-common/1.4.0-SNAPSHOT/hdds-common-1.4.0-SNAPSHOT.jar!/network-topology-default.xml]
2023-07-28 03:22:12,652 [main] INFO  net.NodeSchemaLoader (NodeSchemaLoader.java:loadSchema(176)) - Loading network topology layer schema file
2023-07-28 03:22:12,692 [main] INFO  metrics.MetricRegistries (MetricRegistriesLoader.java:load(64)) - Loaded MetricRegistries class org.apache.ratis.metrics.impl.MetricRegistriesImpl
2023-07-28 03:22:12,706 [main] INFO  upgrade.AbstractLayoutVersionManager (AbstractLayoutVersionManager.java:init(83)) - Initializing Layout version manager with metadata layout = HADOOP_PRC_PORTS_IN_DATANODEDETAILS (version = 7), software layout = HADOOP_PRC_PORTS_IN_DATANODEDETAILS (version = 7)
2023-07-28 03:22:12,871 [main] INFO  ha.SequenceIdGenerator (SequenceIdGenerator.java:upgradeToSequenceId(365)) - upgrade localId to 111677748019200000
2023-07-28 03:22:12,872 [main] INFO  ha.SequenceIdGenerator (SequenceIdGenerator.java:upgradeToSequenceId(375)) - upgrade delTxnId to 0
2023-07-28 03:22:12,890 [main] INFO  ha.SequenceIdGenerator (SequenceIdGenerator.java:upgradeToSequenceId(392)) - upgrade containerId to 0
2023-07-28 03:22:12,893 [main] INFO  ha.SequenceIdGenerator (SequenceIdGenerator.java:upgradeToSequenceId(428)) - upgrade rootCertificateId to 1
2023-07-28 03:22:12,895 [main] INFO  ha.SequenceIdGenerator (SequenceIdGenerator.java:<init>(236)) - Init the HA SequenceIdGenerator.
2023-07-28 03:22:12,946 [main] WARN  server.ServerUtils (ServerUtils.java:sanitizeUserArgs(80)) - ozone.scm.stale.node.interval value = 300000 is larger than max = 100000 based on the key value of ozone.scm.heartbeat.thread.interval, reset to the max value 100000.
2023-07-28 03:22:12,946 [main] WARN  server.ServerUtils (ServerUtils.java:sanitizeUserArgs(80)) - ozone.scm.stale.node.interval value = 300000 is larger than max = 100000 based on the key value of ozone.scm.heartbeat.thread.interval, reset to the max value 100000.
2023-07-28 03:22:12,952 [main] INFO  node.SCMNodeManager (SCMNodeManager.java:<init>(157)) - Entering startup safe mode.
2023-07-28 03:22:12,968 [main] INFO  algorithms.ContainerPlacementPolicyFactory (ContainerPlacementPolicyFactory.java:getPolicyInternal(86)) - Create container placement policy of type org.apache.hadoop.hdds.scm.container.placement.algorithms.SCMContainerPlacementRackAware
2023-07-28 03:22:12,971 [main] INFO  algorithms.ContainerPlacementPolicyFactory (ContainerPlacementPolicyFactory.java:getPolicyInternal(86)) - Create container placement policy of type org.apache.hadoop.hdds.scm.container.placement.algorithms.SCMContainerPlacementRackScatter
2023-07-28 03:22:12,979 [main] INFO  pipeline.PipelineStateManagerImpl (PipelineStateManagerImpl.java:initialize(78)) - No pipeline exists in current db
2023-07-28 03:22:12,992 [main] INFO  algorithms.LeaderChoosePolicyFactory (LeaderChoosePolicyFactory.java:getPolicy(57)) - Create leader choose policy of type org.apache.hadoop.hdds.scm.pipeline.leader.choose.algorithms.MinLeaderCountChoosePolicy
2023-07-28 03:22:12,993 [main] INFO  algorithms.ContainerPlacementPolicyFactory (ContainerPlacementPolicyFactory.java:getPolicyInternal(86)) - Create container placement policy of type org.apache.hadoop.hdds.scm.container.placement.algorithms.SCMContainerPlacementRackScatter
2023-07-28 03:22:12,998 [main] INFO  ha.SCMServiceManager (SCMServiceManager.java:register(42)) - Registering service BackgroundPipelineCreator.
2023-07-28 03:22:12,998 [main] INFO  pipeline.BackgroundPipelineCreator (BackgroundPipelineCreator.java:start(124)) - Starting RatisPipelineUtilsThread.
2023-07-28 03:22:13,001 [main] INFO  BackgroundPipelineScrubber (BackgroundSCMService.java:start(68)) - Starting BackgroundPipelineScrubber Service.
2023-07-28 03:22:13,005 [main] INFO  ha.SCMServiceManager (SCMServiceManager.java:register(42)) - Registering service BackgroundPipelineScrubber.
2023-07-28 03:22:13,011 [main] INFO  ExpiredContainerReplicaOpScrubber (BackgroundSCMService.java:start(68)) - Starting ExpiredContainerReplicaOpScrubber Service.
2023-07-28 03:22:13,013 [main] INFO  ha.SCMServiceManager (SCMServiceManager.java:register(42)) - Registering service ExpiredContainerReplicaOpScrubber.
2023-07-28 03:22:13,035 [main] INFO  algorithms.PipelineChoosePolicyFactory (PipelineChoosePolicyFactory.java:createPipelineChoosePolicyFromClass(78)) - Create pipeline choose policy of type org.apache.hadoop.hdds.scm.pipeline.choose.algorithms.RandomPipelineChoosePolicy
2023-07-28 03:22:13,035 [main] INFO  algorithms.PipelineChoosePolicyFactory (PipelineChoosePolicyFactory.java:createPipelineChoosePolicyFromClass(78)) - Create pipeline choose policy of type org.apache.hadoop.hdds.scm.pipeline.choose.algorithms.RandomPipelineChoosePolicy
2023-07-28 03:22:13,057 [main] INFO  ha.SCMServiceManager (SCMServiceManager.java:register(42)) - Registering service SCMBlockDeletingService.
2023-07-28 03:22:13,116 [main] INFO  replication.ReplicationManager (ReplicationManager.java:start(287)) - Starting Replication Monitor Thread.
2023-07-28 03:22:13,121 [main] INFO  ha.SCMServiceManager (SCMServiceManager.java:register(42)) - Registering service ReplicationManager.
2023-07-28 03:22:13,129 [ReplicationMonitor] INFO  replication.ReplicationManager (ReplicationManager.java:processAll(361)) - Replication Manager is not ready to run until 3000ms after safemode exit
2023-07-28 03:22:13,133 [main] INFO  safemode.ContainerSafeModeRule (ContainerSafeModeRule.java:<init>(89)) - containers with one replica threshold count 0
2023-07-28 03:22:13,136 [main] INFO  safemode.HealthyPipelineSafeModeRule (HealthyPipelineSafeModeRule.java:initializeRule(169)) - Total pipeline count is 0, healthy pipeline threshold count is 1
2023-07-28 03:22:13,138 [main] INFO  safemode.OneReplicaPipelineSafeModeRule (OneReplicaPipelineSafeModeRule.java:initializeRule(180)) - Total pipeline count is 0, pipeline's with at least one datanode reported threshold count is 0
2023-07-28 03:22:13,179 [main] INFO  server.StorageContainerManager (StorageContainerManager.java:<init>(424)) - SCM start with adminUsers: [runner]
2023-07-28 03:22:13,504 [main] INFO  audit.AuditLogger (AuditLogger.java:refreshDebugCmdSet(126)) - Refresh DebugCmdSet for SCMAudit to [].
2023-07-28 03:22:13,541 [main] INFO  ipc.CallQueueManager (CallQueueManager.java:<init>(90)) - Using callQueue: class java.util.concurrent.LinkedBlockingQueue, queueCapacity: 2000, scheduler: class org.apache.hadoop.ipc.DefaultRpcScheduler, ipcBackoff: false.
2023-07-28 03:22:13,576 [main] INFO  ipc.Server (Server.java:<init>(1287)) - Listener at 0.0.0.0:15002
2023-07-28 03:22:13,578 [Socket Reader #1 for port 15002] INFO  ipc.Server (Server.java:run(1323)) - Starting Socket Reader #1 for port 15002
2023-07-28 03:22:13,632 [main] INFO  audit.AuditLogger (AuditLogger.java:refreshDebugCmdSet(126)) - Refresh DebugCmdSet for SCMAudit to [].
2023-07-28 03:22:13,637 [main] INFO  ipc.CallQueueManager (CallQueueManager.java:<init>(90)) - Using callQueue: class java.util.concurrent.LinkedBlockingQueue, queueCapacity: 2000, scheduler: class org.apache.hadoop.ipc.DefaultRpcScheduler, ipcBackoff: false.
2023-07-28 03:22:13,637 [main] INFO  ipc.Server (Server.java:<init>(1287)) - Listener at 0.0.0.0:15001
2023-07-28 03:22:13,638 [Socket Reader #1 for port 15001] INFO  ipc.Server (Server.java:run(1323)) - Starting Socket Reader #1 for port 15001
2023-07-28 03:22:13,680 [main] INFO  audit.AuditLogger (AuditLogger.java:refreshDebugCmdSet(126)) - Refresh DebugCmdSet for SCMAudit to [].
2023-07-28 03:22:13,690 [main] INFO  ipc.CallQueueManager (CallQueueManager.java:<init>(90)) - Using callQueue: class java.util.concurrent.LinkedBlockingQueue, queueCapacity: 2000, scheduler: class org.apache.hadoop.ipc.DefaultRpcScheduler, ipcBackoff: false.
2023-07-28 03:22:13,691 [main] INFO  ipc.Server (Server.java:<init>(1287)) - Listener at 0.0.0.0:15000
2023-07-28 03:22:13,694 [Socket Reader #1 for port 15000] INFO  ipc.Server (Server.java:run(1323)) - Starting Socket Reader #1 for port 15000
2023-07-28 03:22:13,760 [main] INFO  ha.SCMServiceManager (SCMServiceManager.java:register(42)) - Registering service ContainerBalancer.
2023-07-28 03:22:13,763 [main] INFO  server.StorageContainerManager (StorageContainerManager.java:<init>(437)) - 
Container Balancer status:
Key                            Value
Running                        false
Container Balancer Configuration values:
Key                                                Value
Threshold                                          10
Max Datanodes to Involve per Iteration(percent)    20
Max Size to Move per Iteration                     500GB
Max Size Entering Target per Iteration             26GB
Max Size Leaving Source per Iteration              26GB

2023-07-28 03:22:13,763 [main] INFO  ha.SCMContext (SCMContext.java:updateSafeModeStatus(228)) - Update SafeModeStatus from SafeModeStatus{safeModeStatus=true, preCheckPassed=false} to SafeModeStatus{safeModeStatus=true, preCheckPassed=false}.
2023-07-28 03:22:13,766 [main] INFO  server.StorageContainerManager (StorageContainerManager.java:start(1491)) - StorageContainerLocationProtocol RPC server is listening at /0.0.0.0:15000
2023-07-28 03:22:13,842 [main] WARN  impl.MetricsConfig (MetricsConfig.java:loadFirst(136)) - Cannot locate configuration: tried hadoop-metrics2-storagecontainermanager.properties,hadoop-metrics2.properties
2023-07-28 03:22:13,858 [main] INFO  impl.MetricsSystemImpl (MetricsSystemImpl.java:startTimer(378)) - Scheduled Metric snapshot period at 10 second(s).
2023-07-28 03:22:13,858 [main] INFO  impl.MetricsSystemImpl (MetricsSystemImpl.java:start(191)) - StorageContainerManager metrics system started
2023-07-28 03:22:14,127 [main] INFO  server.SCMClientProtocolServer (SCMClientProtocolServer.java:start(200)) - RPC server for Client  is listening at /0.0.0.0:15000
2023-07-28 03:22:14,129 [IPC Server Responder] INFO  ipc.Server (Server.java:run(1562)) - IPC Server Responder: starting
2023-07-28 03:22:14,130 [IPC Server listener on 15000] INFO  ipc.Server (Server.java:run(1402)) - IPC Server listener on 15000: starting
2023-07-28 03:22:14,140 [main] INFO  server.StorageContainerManager (StorageContainerManager.java:start(1504)) - ScmBlockLocationProtocol RPC server is listening at /0.0.0.0:15001
2023-07-28 03:22:14,140 [main] INFO  server.SCMBlockProtocolServer (SCMBlockProtocolServer.java:start(152)) - RPC server for Block Protocol is listening at /0.0.0.0:15001
2023-07-28 03:22:14,142 [IPC Server Responder] INFO  ipc.Server (Server.java:run(1562)) - IPC Server Responder: starting
2023-07-28 03:22:14,142 [IPC Server listener on 15001] INFO  ipc.Server (Server.java:run(1402)) - IPC Server listener on 15001: starting
2023-07-28 03:22:14,148 [main] INFO  server.SCMDatanodeProtocolServer (SCMDatanodeProtocolServer.java:start(193)) - ScmDatanodeProtocol RPC server for DataNodes is listening at /0.0.0.0:15002
2023-07-28 03:22:14,160 [IPC Server Responder] INFO  ipc.Server (Server.java:run(1562)) - IPC Server Responder: starting
2023-07-28 03:22:14,160 [IPC Server listener on 15002] INFO  ipc.Server (Server.java:run(1402)) - IPC Server listener on 15002: starting
2023-07-28 03:22:14,184 [JvmPauseMonitor0] INFO  util.JvmPauseMonitor (JvmPauseMonitor.java:run(103)) - JvmPauseMonitor-ee2c46a1-bfb4-4d3b-8b43-6249f0e0159e: Started
2023-07-28 03:22:14,198 [main] INFO  http.BaseHttpServer (BaseHttpServer.java:newHttpServer2BuilderForOzone(224)) - Starting Web-server for scm at: http://0.0.0.0:15003
2023-07-28 03:22:14,198 [main] INFO  http.BaseHttpServer (BaseHttpServer.java:<init>(111)) - Hadoop Security Enabled: false Ozone Security Enabled: false Ozone HTTP Security Enabled: false 
2023-07-28 03:22:14,226 [main] INFO  util.log (Log.java:initialized(170)) - Logging initialized @4258ms to org.eclipse.jetty.util.log.Slf4jLog
2023-07-28 03:22:14,320 [main] WARN  server.AuthenticationFilter (AuthenticationFilter.java:constructSecretProvider(240)) - Unable to initialize FileSignerSecretProvider, falling back to use random secrets. Reason: Could not read signature secret file: /home/runner/hadoop-http-auth-signature-secret
2023-07-28 03:22:14,326 [main] INFO  http.HttpRequestLog (HttpRequestLog.java:getRequestLog(86)) - Http request log for http.requests.scm is not defined
2023-07-28 03:22:14,331 [main] INFO  http.HttpServer2 (HttpServer2.java:addGlobalFilter(1031)) - Added global filter 'safety' (class=org.apache.hadoop.hdds.server.http.HttpServer2$QuotingInputFilter)
2023-07-28 03:22:14,334 [main] INFO  http.HttpServer2 (HttpServer2.java:addFilter(1007)) - Added filter static_user_filter (class=org.apache.hadoop.http.lib.StaticUserWebFilter$StaticUserFilter) to context scm
2023-07-28 03:22:14,334 [main] INFO  http.HttpServer2 (HttpServer2.java:addFilter(1015)) - Added filter static_user_filter (class=org.apache.hadoop.http.lib.StaticUserWebFilter$StaticUserFilter) to context logs
2023-07-28 03:22:14,334 [main] INFO  http.HttpServer2 (HttpServer2.java:addFilter(1015)) - Added filter static_user_filter (class=org.apache.hadoop.http.lib.StaticUserWebFilter$StaticUserFilter) to context static
2023-07-28 03:22:14,366 [main] INFO  http.BaseHttpServer (BaseHttpServer.java:<init>(190)) - HTTP server of scm uses base directory /home/runner/work/ozone/ozone/hadoop-ozone/integration-test/target/test-dir/MiniOzoneClusterImpl-5d941c1b-c8eb-4358-ab64-bf73cd3544cf/ozone-meta/webserver
2023-07-28 03:22:14,367 [main] INFO  http.HttpServer2 (HttpServer2.java:bindListener(1250)) - Jetty bound to port 15003
2023-07-28 03:22:14,368 [main] INFO  server.Server (Server.java:doStart(375)) - jetty-9.4.51.v20230217; built: 2023-02-17T08:19:37.309Z; git: b45c405e4544384de066f814ed42ae3dceacdd49; jvm 1.8.0_372-b07
2023-07-28 03:22:14,398 [main] INFO  server.session (DefaultSessionIdManager.java:doStart(334)) - DefaultSessionIdManager workerName=node0
2023-07-28 03:22:14,398 [main] INFO  server.session (DefaultSessionIdManager.java:doStart(339)) - No SessionScavenger set, using defaults
2023-07-28 03:22:14,399 [main] INFO  server.session (HouseKeeper.java:startScavenging(132)) - node0 Scavenging every 600000ms
2023-07-28 03:22:14,411 [main] INFO  handler.ContextHandler (ContextHandler.java:doStart(921)) - Started o.e.j.s.ServletContextHandler@71c2cb26{logs,/logs,file:///home/runner/work/ozone/ozone/hadoop-ozone/integration-test/target/log,AVAILABLE}
2023-07-28 03:22:14,412 [main] INFO  handler.ContextHandler (ContextHandler.java:doStart(921)) - Started o.e.j.s.ServletContextHandler@668ea404{static,/static,file:///home/runner/work/ozone/ozone/hadoop-ozone/integration-test/target/test-classes/webapps/static,AVAILABLE}
2023-07-28 03:22:14,448 [main] INFO  handler.ContextHandler (ContextHandler.java:doStart(921)) - Started o.e.j.w.WebAppContext@51179fad{scm,/,file:///home/runner/work/ozone/ozone/hadoop-ozone/integration-test/target/test-classes/webapps/scm/,AVAILABLE}{file:/home/runner/work/ozone/ozone/hadoop-ozone/integration-test/target/test-classes/webapps/scm}
2023-07-28 03:22:14,456 [main] INFO  server.AbstractConnector (AbstractConnector.java:doStart(333)) - Started ServerConnector@264c9994{HTTP/1.1, (http/1.1)}{0.0.0.0:15003}
2023-07-28 03:22:14,456 [main] INFO  server.Server (Server.java:doStart(415)) - Started @4488ms
2023-07-28 03:22:14,458 [main] INFO  impl.MetricsSinkAdapter (MetricsSinkAdapter.java:start(204)) - Sink prometheus started
2023-07-28 03:22:14,458 [main] INFO  impl.MetricsSystemImpl (MetricsSystemImpl.java:registerSink(305)) - Registered sink prometheus
2023-07-28 03:22:14,460 [main] INFO  http.BaseHttpServer (BaseHttpServer.java:updateConnectorAddress(344)) - HTTP server of scm listening at http://0.0.0.0:15003
2023-07-28 03:22:14,463 [main] WARN  server.ServerUtils (ServerUtils.java:getDBPath(311)) - ozone.om.db.dirs is not configured. We recommend adding this setting. Falling back to ozone.metadata.dirs instead.
2023-07-28 03:22:14,521 [main] INFO  audit.AuditLogger (AuditLogger.java:refreshDebugCmdSet(126)) - Refresh DebugCmdSet for OMAudit to [].
2023-07-28 03:22:14,596 [main] INFO  ha.OMHANodeDetails (OMHANodeDetails.java:loadOMHAConfig(115)) - ozone.om.internal.service.id is not defined, falling back to ozone.om.service.ids to find serviceID for OzoneManager if it is HA enabled cluster
2023-07-28 03:22:14,600 [main] INFO  ha.OMHANodeDetails (OMHANodeDetails.java:loadOMHAConfig(226)) - Configuration does not have ozone.om.address set. Falling back to the default OM address /127.0.0.1:15004
2023-07-28 03:22:14,600 [main] INFO  ha.OMHANodeDetails (OMHANodeDetails.java:getOMNodeDetailsForNonHA(254)) - OM Service ID is not set. Setting it to the default ID: omServiceIdDefault
2023-07-28 03:22:14,600 [main] INFO  ha.OMHANodeDetails (OMHANodeDetails.java:getOMNodeDetailsForNonHA(261)) - OM Node ID is not set. Setting it to the default ID: om1
2023-07-28 03:22:14,604 [main] WARN  server.ServerUtils (ServerUtils.java:getDBPath(311)) - ozone.om.db.dirs is not configured. We recommend adding this setting. Falling back to ozone.metadata.dirs instead.
2023-07-28 03:22:14,610 [main] INFO  upgrade.AbstractLayoutVersionManager (AbstractLayoutVersionManager.java:init(83)) - Initializing Layout version manager with metadata layout = QUOTA (version = 6), software layout = QUOTA (version = 6)
2023-07-28 03:22:14,728 [main] INFO  reflections.Reflections (Reflections.java:scan(232)) - Reflections took 115 ms to scan 2 urls, producing 188 keys and 512 values [using 2 cores]
2023-07-28 03:22:14,732 [main] INFO  upgrade.OMLayoutVersionManager (OMLayoutVersionManager.java:lambda$0(115)) - Skipping Upgrade Action QuotaRepairUpgradeAction since it has been finalized.
2023-07-28 03:22:14,734 [main] INFO  upgrade.OMLayoutVersionManager (OMLayoutVersionManager.java:lambda$0(115)) - Skipping Upgrade Action MockOmUpgradeAction since it has been finalized.
2023-07-28 03:22:14,736 [main] WARN  server.ServerUtils (ServerUtils.java:getDBPath(311)) - ozone.om.db.dirs is not configured. We recommend adding this setting. Falling back to ozone.metadata.dirs instead.
2023-07-28 03:22:14,927 [main] INFO  proxy.SCMBlockLocationFailoverProxyProvider (SCMBlockLocationFailoverProxyProvider.java:<init>(114)) - Created block location fail-over proxy with 1 nodes: [nodeId=scmNodeId,nodeAddress=/0.0.0.0:15001]
2023-07-28 03:22:14,961 [main] INFO  proxy.SCMBlockLocationFailoverProxyProvider (SCMBlockLocationFailoverProxyProvider.java:<init>(114)) - Created block location fail-over proxy with 1 nodes: [nodeId=scmNodeId,nodeAddress=/0.0.0.0:15001]
2023-07-28 03:22:15,198 [main] INFO  om.OzoneManager (OzoneManager.java:<init>(662)) - OM start with adminUsers: [runner]
2023-07-28 03:22:15,226 [main] WARN  server.ServerUtils (ServerUtils.java:getDBPath(311)) - ozone.om.db.dirs is not configured. We recommend adding this setting. Falling back to ozone.metadata.dirs instead.
2023-07-28 03:22:15,255 [main] INFO  helpers.OmKeyInfo (OmKeyInfo.java:getCodec(71)) - OmKeyInfo.getCodec ignorePipeline = true
2023-07-28 03:22:15,551 [main] INFO  om.OzoneManager (OzoneManager.java:instantiateServices(791)) - S3 Multi-Tenancy is disabled
2023-07-28 03:22:15,586 [main] INFO  om.OmSnapshotManager (OmSnapshotManager.java:<init>(175)) - Ozone filesystem snapshot feature is enabled.
2023-07-28 03:22:15,596 [main] WARN  server.ServerUtils (ServerUtils.java:getDBPath(311)) - ozone.om.snapshot.diff.db.dir is not configured. We recommend adding this setting. Falling back to ozone.metadata.dirs instead.
2023-07-28 03:22:15,639 [main] INFO  utils.NativeLibraryLoader (NativeLibraryLoader.java:loadLibrary(105)) - Loading Library: ozone_rocksdb_tools
2023-07-28 03:22:15,641 [main] INFO  snapshot.SnapshotDiffManager (SnapshotDiffManager.java:closeExecutorService(1720)) - Shutting down executorService: 'SstDumpToolExecutor'
2023-07-28 03:22:15,717 [main] INFO  om.OzoneManager (OzoneManager.java:addS3GVolumeToDB(4287)) - Created Volume s3v With Owner runner required for S3Gateway operations.
2023-07-28 03:22:15,780 [main] WARN  server.ServerUtils (ServerUtils.java:getDefaultRatisDirectory(323)) - Storage directory for Ratis is not configured. It is a good idea to map this to an SSD disk. Falling back to ozone.metadata.dirs
2023-07-28 03:22:15,781 [main] WARN  utils.OzoneManagerRatisUtils (OzoneManagerRatisUtils.java:getOMRatisSnapshotDirectory(461)) - ozone.om.ratis.snapshot.dir is not configured. Falling back to ozone.metadata.dirs config
2023-07-28 03:22:15,795 [main] WARN  server.ServerUtils (ServerUtils.java:getDefaultRatisDirectory(323)) - Storage directory for Ratis is not configured. It is a good idea to map this to an SSD disk. Falling back to ozone.metadata.dirs
2023-07-28 03:22:15,836 [main] INFO  ratis.OzoneManagerRatisServer (OzoneManagerRatisServer.java:<init>(163)) - Instantiating OM Ratis server with groupID: omServiceIdDefault and peers: localhost:15007
2023-07-28 03:22:15,846 [main] INFO  ratis.OzoneManagerStateMachine (OzoneManagerStateMachine.java:loadSnapshotInfoFromDB(687)) - LastAppliedIndex is set from TransactionInfo from OM DB as (t:0, i:~)
2023-07-28 03:22:15,936 [main] INFO  server.RaftServer (ConfUtils.java:logGet(46)) - raft.rpc.type = GRPC (default)
2023-07-28 03:22:15,946 [main] INFO  grpc.GrpcConfigKeys (ConfUtils.java:logFallback(53)) - raft.grpc.admin.host = null (fallback to raft.grpc.server.host)
2023-07-28 03:22:15,948 [main] INFO  grpc.GrpcConfigKeys (ConfUtils.java:logFallback(53)) - raft.grpc.admin.port = 15007 (fallback to raft.grpc.server.port)
2023-07-28 03:22:15,948 [main] INFO  grpc.GrpcConfigKeys (ConfUtils.java:logFallback(53)) - raft.grpc.client.host = null (fallback to raft.grpc.server.host)
2023-07-28 03:22:15,949 [main] INFO  grpc.GrpcConfigKeys (ConfUtils.java:logFallback(53)) - raft.grpc.client.port = 15007 (fallback to raft.grpc.server.port)
2023-07-28 03:22:15,950 [main] INFO  grpc.GrpcConfigKeys (ConfUtils.java:logGet(46)) - raft.grpc.server.host = null (default)
2023-07-28 03:22:15,951 [main] INFO  grpc.GrpcConfigKeys (ConfUtils.java:logGet(46)) - raft.grpc.server.port = 15007 (custom)
2023-07-28 03:22:15,951 [main] INFO  server.GrpcService (ConfUtils.java:logGet(46)) - raft.grpc.message.size.max = 33554432 (custom)
2023-07-28 03:22:15,953 [main] INFO  server.RaftServerConfigKeys (ConfUtils.java:logGet(46)) - raft.server.log.appender.buffer.byte-limit = 33554432 (custom)
2023-07-28 03:22:15,953 [main] INFO  server.GrpcService (ConfUtils.java:logGet(46)) - raft.grpc.flow.control.window = 1MB (=1048576) (default)
2023-07-28 03:22:15,956 [main] INFO  server.RaftServerConfigKeys (ConfUtils.java:logGet(46)) - raft.server.rpc.request.timeout = 3000ms (default)
2023-07-28 03:22:15,969 [main] INFO  grpc.GrpcConfigKeys (ConfUtils.java:logGet(46)) - raft.grpc.server.heartbeat.channel = true (default)
2023-07-28 03:22:15,973 [main] INFO  grpc.GrpcConfigKeys (ConfUtils.java:logGet(46)) - raft.grpc.server.async.request.thread.pool.cached = true (default)
2023-07-28 03:22:15,974 [main] INFO  grpc.GrpcConfigKeys (ConfUtils.java:logGet(46)) - raft.grpc.server.async.request.thread.pool.size = 32 (default)
2023-07-28 03:22:16,190 [main] INFO  impl.DataStreamServerImpl (ConfUtils.java:logGet(46)) - raft.datastream.type = DISABLED (default)
2023-07-28 03:22:16,193 [main] INFO  server.RaftServerConfigKeys (ConfUtils.java:logGet(46)) - raft.server.threadpool.proxy.cached = true (default)
2023-07-28 03:22:16,193 [main] INFO  server.RaftServerConfigKeys (ConfUtils.java:logGet(46)) - raft.server.threadpool.proxy.size = 0 (default)
2023-07-28 03:22:16,193 [main] INFO  server.RaftServerConfigKeys (ConfUtils.java:logGet(46)) - raft.server.rpc.slowness.timeout = 120s (custom)
2023-07-28 03:22:16,194 [main] INFO  server.RaftServerConfigKeys (ConfUtils.java:logGet(46)) - raft.server.leaderelection.leader.step-down.wait-time = 10s (default)
2023-07-28 03:22:16,197 [main] INFO  server.RaftServerConfigKeys (ConfUtils.java:logGet(46)) - raft.server.storage.dir = [/home/runner/work/ozone/ozone/hadoop-ozone/integration-test/target/test-dir/MiniOzoneClusterImpl-5d941c1b-c8eb-4358-ab64-bf73cd3544cf/ozone-meta/ratis] (custom)
2023-07-28 03:22:16,209 [main] INFO  server.RaftServer (RaftServerProxy.java:addNew(98)) - om1: addNew group-C5BA1605619E:[om1|rpc:localhost:15007|priority:0|startupRole:FOLLOWER] returns group-C5BA1605619E:java.util.concurrent.CompletableFuture@5275b8c2[Not completed]
2023-07-28 03:22:16,210 [main] INFO  om.OzoneManager (OzoneManager.java:initializeRatisServer(2128)) - OzoneManager Ratis server initialized at port 15007
2023-07-28 03:22:16,212 [main] INFO  om.OzoneManager (OzoneManager.java:getRpcServer(1193)) - Creating RPC Server
2023-07-28 03:22:16,240 [om1-groupManagement] INFO  server.RaftServer$Division (RaftServerImpl.java:<init>(198)) - om1: new RaftServerImpl for group-C5BA1605619E:[om1|rpc:localhost:15007|priority:0|startupRole:FOLLOWER] with OzoneManagerStateMachine:uninitialized
2023-07-28 03:22:16,241 [om1-groupManagement] INFO  server.RaftServerConfigKeys (ConfUtils.java:logGet(46)) - raft.server.rpc.timeout.min = 1s (custom)
2023-07-28 03:22:16,242 [om1-groupManagement] INFO  server.RaftServerConfigKeys (ConfUtils.java:logGet(46)) - raft.server.rpc.timeout.max = 1200ms (custom)
2023-07-28 03:22:16,242 [om1-groupManagement] INFO  server.RaftServerConfigKeys (ConfUtils.java:logGet(46)) - raft.server.rpc.sleep.time = 25ms (default)
2023-07-28 03:22:16,242 [om1-groupManagement] INFO  server.RaftServerConfigKeys (ConfUtils.java:logGet(46)) - raft.server.rpc.slowness.timeout = 120s (custom)
2023-07-28 03:22:16,243 [om1-groupManagement] INFO  server.RaftServerConfigKeys (ConfUtils.java:logGet(46)) - raft.server.leaderelection.leader.step-down.wait-time = 10s (default)
2023-07-28 03:22:16,243 [om1-groupManagement] INFO  server.RaftServerConfigKeys (ConfUtils.java:logGet(46)) - raft.server.sleep.deviation.threshold = 300ms (default)
2023-07-28 03:22:16,250 [om1-groupManagement] INFO  server.RaftServer$Division (ServerState.java:<init>(120)) - om1@group-C5BA1605619E: ConfigurationManager, init=-1: peers:[om1|rpc:localhost:15007|priority:0|startupRole:FOLLOWER]|listeners:[], old=null, confs=<EMPTY_MAP>
2023-07-28 03:22:16,251 [om1-groupManagement] INFO  server.RaftServerConfigKeys (ConfUtils.java:logGet(46)) - raft.server.storage.dir = [/home/runner/work/ozone/ozone/hadoop-ozone/integration-test/target/test-dir/MiniOzoneClusterImpl-5d941c1b-c8eb-4358-ab64-bf73cd3544cf/ozone-meta/ratis] (custom)
2023-07-28 03:22:16,398 [om1-groupManagement] INFO  server.RaftServerConfigKeys (ConfUtils.java:logGet(46)) - raft.server.log.corruption.policy = EXCEPTION (default)
2023-07-28 03:22:16,399 [om1-groupManagement] INFO  server.RaftServerConfigKeys (ConfUtils.java:logGet(46)) - raft.server.storage.free-space.min = 0MB (=0) (default)
2023-07-28 03:22:16,406 [om1-groupManagement] INFO  server.RaftServerConfigKeys (ConfUtils.java:logGet(46)) - raft.server.notification.no-leader.timeout = 120s (custom)
2023-07-28 03:22:16,411 [om1-groupManagement] INFO  server.RaftServerConfigKeys (ConfUtils.java:logGet(46)) - raft.server.read.timeout = 10s (default)
2023-07-28 03:22:16,415 [om1-groupManagement] INFO  server.RaftServerConfigKeys (ConfUtils.java:logGet(46)) - raft.server.retrycache.expirytime = 300s (custom)
2023-07-28 03:22:16,415 [om1-groupManagement] INFO  server.RaftServerConfigKeys (ConfUtils.java:logGet(46)) - raft.server.retrycache.statistics.expirytime = 100μs (default)
2023-07-28 03:22:16,469 [om1-groupManagement] INFO  server.RaftServerConfigKeys (ConfUtils.java:logGet(46)) - raft.server.read.option = DEFAULT (default)
2023-07-28 03:22:16,530 [om1-groupManagement] INFO  server.RaftServerConfigKeys (ConfUtils.java:logGet(46)) - raft.server.rpc.request.timeout = 3000ms (default)
2023-07-28 03:22:16,537 [om1-groupManagement] INFO  server.RaftServerConfigKeys (ConfUtils.java:logGet(46)) - raft.server.log.appender.install.snapshot.enabled = false (custom)
2023-07-28 03:22:16,538 [om1-groupManagement] INFO  server.RaftServerConfigKeys (ConfUtils.java:logGet(46)) - raft.server.threadpool.server.cached = true (default)
2023-07-28 03:22:16,538 [om1-groupManagement] INFO  server.RaftServerConfigKeys (ConfUtils.java:logGet(46)) - raft.server.threadpool.server.size = 0 (default)
2023-07-28 03:22:16,540 [om1-groupManagement] INFO  server.RaftServerConfigKeys (ConfUtils.java:logGet(46)) - raft.server.threadpool.client.cached = true (default)
2023-07-28 03:22:16,540 [om1-groupManagement] INFO  server.RaftServerConfigKeys (ConfUtils.java:logGet(46)) - raft.server.threadpool.client.size = 0 (default)
2023-07-28 03:22:17,125 [main] INFO  reflections.Reflections (Reflections.java:scan(232)) - Reflections took 692 ms to scan 19 urls, producing 70 keys and 5592 values [using 2 cores]
2023-07-28 03:22:17,319 [main] INFO  ipc.CallQueueManager (CallQueueManager.java:<init>(90)) - Using callQueue: class java.util.concurrent.LinkedBlockingQueue, queueCapacity: 2000, scheduler: class org.apache.hadoop.ipc.DefaultRpcScheduler, ipcBackoff: false.
2023-07-28 03:22:17,320 [main] INFO  ipc.Server (Server.java:<init>(1287)) - Listener at 127.0.0.1:15004
2023-07-28 03:22:17,320 [Socket Reader #1 for port 15004] INFO  ipc.Server (Server.java:run(1323)) - Starting Socket Reader #1 for port 15004
2023-07-28 03:22:17,361 [main] INFO  impl.MetricsSystemImpl (MetricsSystemImpl.java:init(158)) - OzoneManager metrics system started (again)
2023-07-28 03:22:17,375 [main] INFO  om.OzoneManager (OzoneManager.java:start(1613)) - OzoneManager RPC server is listening at localhost/127.0.0.1:15004
2023-07-28 03:22:17,375 [main] INFO  ratis.OzoneManagerRatisServer (OzoneManagerRatisServer.java:start(558)) - Starting OzoneManagerRatisServer om1 at port 15007
2023-07-28 03:22:17,378 [om1-impl-thread1] INFO  storage.RaftStorageDirectory (RaftStorageDirectoryImpl.java:analyzeStorage(137)) - The storage directory /home/runner/work/ozone/ozone/hadoop-ozone/integration-test/target/test-dir/MiniOzoneClusterImpl-5d941c1b-c8eb-4358-ab64-bf73cd3544cf/ozone-meta/ratis/bf265839-605b-3f16-9796-c5ba1605619e does not exist. Creating ...
2023-07-28 03:22:17,382 [om1-impl-thread1] INFO  storage.RaftStorageDirectory (RaftStorageDirectoryImpl.java:tryLock(231)) - Lock on /home/runner/work/ozone/ozone/hadoop-ozone/integration-test/target/test-dir/MiniOzoneClusterImpl-5d941c1b-c8eb-4358-ab64-bf73cd3544cf/ozone-meta/ratis/bf265839-605b-3f16-9796-c5ba1605619e/in_use.lock acquired by nodename 57223@fv-az589-978
2023-07-28 03:22:17,388 [om1-impl-thread1] INFO  storage.RaftStorage (RaftStorageImpl.java:format(96)) - Storage directory /home/runner/work/ozone/ozone/hadoop-ozone/integration-test/target/test-dir/MiniOzoneClusterImpl-5d941c1b-c8eb-4358-ab64-bf73cd3544cf/ozone-meta/ratis/bf265839-605b-3f16-9796-c5ba1605619e has been successfully formatted.
2023-07-28 03:22:17,391 [om1-impl-thread1] INFO  server.RaftServerConfigKeys (ConfUtils.java:logGet(46)) - raft.server.log.use.memory = false (default)
2023-07-28 03:22:17,398 [om1-impl-thread1] INFO  server.RaftServerConfigKeys (ConfUtils.java:logGet(46)) - raft.server.log.purge.gap = 1000000 (custom)
2023-07-28 03:22:17,399 [om1-impl-thread1] INFO  server.RaftServerConfigKeys (ConfUtils.java:logGet(46)) - raft.server.log.appender.buffer.byte-limit = 33554432 (custom)
2023-07-28 03:22:17,400 [om1-impl-thread1] INFO  server.RaftServerConfigKeys (ConfUtils.java:logGet(46)) - raft.server.log.statemachine.data.read.timeout = 1000ms (default)
2023-07-28 03:22:17,401 [om1-impl-thread1] INFO  server.RaftServerConfigKeys (ConfUtils.java:logGet(46)) - raft.server.log.purge.preservation.log.num = 0 (default)
2023-07-28 03:22:17,403 [om1-impl-thread1] INFO  server.RaftServerConfigKeys (ConfUtils.java:logGet(46)) - raft.server.log.segment.size.max = 4194304 (custom)
2023-07-28 03:22:17,408 [om1-impl-thread1] INFO  server.RaftServerConfigKeys (ConfUtils.java:logGet(46)) - raft.server.log.segment.cache.num.max = 2 (custom)
2023-07-28 03:22:17,409 [om1-impl-thread1] INFO  server.RaftServerConfigKeys (ConfUtils.java:logGet(46)) - raft.server.log.segment.cache.size.max = 200MB (=209715200) (default)
2023-07-28 03:22:17,409 [om1-impl-thread1] INFO  server.RaftServerConfigKeys (ConfUtils.java:logGet(46)) - raft.server.log.appender.buffer.byte-limit = 33554432 (custom)
2023-07-28 03:22:17,414 [om1-impl-thread1] INFO  segmented.SegmentedRaftLogWorker (SegmentedRaftLogWorker.java:<init>(188)) - new om1@group-C5BA1605619E-SegmentedRaftLogWorker for RaftStorageImpl:Storage Directory /home/runner/work/ozone/ozone/hadoop-ozone/integration-test/target/test-dir/MiniOzoneClusterImpl-5d941c1b-c8eb-4358-ab64-bf73cd3544cf/ozone-meta/ratis/bf265839-605b-3f16-9796-c5ba1605619e
2023-07-28 03:22:17,415 [om1-impl-thread1] INFO  server.RaftServerConfigKeys (ConfUtils.java:logGet(46)) - raft.server.log.queue.byte-limit = 64MB (=67108864) (default)
2023-07-28 03:22:17,415 [om1-impl-thread1] INFO  server.RaftServerConfigKeys (ConfUtils.java:logGet(46)) - raft.server.log.queue.element-limit = 4096 (default)
2023-07-28 03:22:17,416 [om1-impl-thread1] INFO  server.RaftServerConfigKeys (ConfUtils.java:logGet(46)) - raft.server.log.segment.size.max = 4194304 (custom)
2023-07-28 03:22:17,416 [om1-impl-thread1] INFO  server.RaftServerConfigKeys (ConfUtils.java:logGet(46)) - raft.server.log.preallocated.size = 4194304 (custom)
2023-07-28 03:22:17,417 [om1-impl-thread1] INFO  server.RaftServerConfigKeys (ConfUtils.java:logGet(46)) - raft.server.log.force.sync.num = 128 (default)
2023-07-28 03:22:17,417 [om1-impl-thread1] INFO  server.RaftServerConfigKeys (ConfUtils.java:logGet(46)) - raft.server.log.statemachine.data.sync = true (default)
2023-07-28 03:22:17,417 [om1-impl-thread1] INFO  server.RaftServerConfigKeys (ConfUtils.java:logGet(46)) - raft.server.log.statemachine.data.sync.timeout = 10s (default)
2023-07-28 03:22:17,418 [om1-impl-thread1] INFO  server.RaftServerConfigKeys (ConfUtils.java:logGet(46)) - raft.server.log.statemachine.data.sync.timeout.retry = -1 (default)
2023-07-28 03:22:17,427 [om1-impl-thread1] INFO  server.RaftServerConfigKeys (ConfUtils.java:logGet(46)) - raft.server.log.write.buffer.size = 64KB (=65536) (default)
2023-07-28 03:22:17,427 [om1-impl-thread1] INFO  server.RaftServerConfigKeys (ConfUtils.java:logGet(46)) - raft.server.log.appender.buffer.byte-limit = 33554432 (custom)
2023-07-28 03:22:17,433 [om1-impl-thread1] INFO  server.RaftServerConfigKeys (ConfUtils.java:logGet(46)) - raft.server.log.unsafe-flush.enabled = false (default)
2023-07-28 03:22:17,433 [om1-impl-thread1] INFO  server.RaftServerConfigKeys (ConfUtils.java:logGet(46)) - raft.server.log.async-flush.enabled = false (default)
2023-07-28 03:22:17,434 [om1-impl-thread1] INFO  server.RaftServerConfigKeys (ConfUtils.java:logGet(46)) - raft.server.log.statemachine.data.caching.enabled = false (default)
2023-07-28 03:22:17,439 [om1-impl-thread1] INFO  segmented.SegmentedRaftLogWorker (SegmentedRaftLogWorker.java:lambda$new$0(135)) - om1@group-C5BA1605619E-SegmentedRaftLogWorker: flushIndex: setUnconditionally 0 -> -1
2023-07-28 03:22:17,439 [om1-impl-thread1] INFO  segmented.SegmentedRaftLogWorker (SegmentedRaftLogWorker.java:lambda$new$0(135)) - om1@group-C5BA1605619E-SegmentedRaftLogWorker: safeCacheEvictIndex: setUnconditionally 0 -> -1
2023-07-28 03:22:17,441 [om1-impl-thread1] INFO  server.RaftServer$Division (RaftServerImpl.java:start(342)) - om1@group-C5BA1605619E: start as a follower, conf=-1: peers:[om1|rpc:localhost:15007|priority:0|startupRole:FOLLOWER]|listeners:[], old=null
2023-07-28 03:22:17,445 [om1-impl-thread1] INFO  server.RaftServer$Division (RaftServerImpl.java:setRole(329)) - om1@group-C5BA1605619E: changes role from      null to FOLLOWER at term 0 for startAsFollower
2023-07-28 03:22:17,448 [om1-impl-thread1] INFO  impl.RoleInfo (RoleInfo.java:updateAndGet(139)) - om1: start om1@group-C5BA1605619E-FollowerState
2023-07-28 03:22:17,449 [om1-impl-thread1] INFO  util.JmxRegister (JmxRegister.java:tryRegister(44)) - Successfully registered JMX Bean with object name Ratis:service=RaftServer,group=group-C5BA1605619E,id=om1
2023-07-28 03:22:17,451 [om1-impl-thread1] INFO  server.RaftServerConfigKeys (ConfUtils.java:logGet(46)) - raft.server.snapshot.auto.trigger.enabled = true (custom)
2023-07-28 03:22:17,451 [om1-impl-thread1] INFO  server.RaftServerConfigKeys (ConfUtils.java:logGet(46)) - raft.server.snapshot.auto.trigger.threshold = 400000 (default)
2023-07-28 03:22:17,452 [om1-impl-thread1] INFO  server.RaftServerConfigKeys (ConfUtils.java:logGet(46)) - raft.server.snapshot.retention.file.num = -1 (default)
2023-07-28 03:22:17,452 [om1-impl-thread1] INFO  server.RaftServerConfigKeys (ConfUtils.java:logGet(46)) - raft.server.log.purge.upto.snapshot.index = true (custom)
2023-07-28 03:22:17,455 [om1@group-C5BA1605619E-FollowerState] INFO  server.RaftServerConfigKeys (ConfUtils.java:logFallback(53)) - raft.server.rpc.first-election.timeout.min = 1s (fallback to raft.server.rpc.timeout.min)
2023-07-28 03:22:17,455 [om1@group-C5BA1605619E-FollowerState] INFO  server.RaftServerConfigKeys (ConfUtils.java:logFallback(53)) - raft.server.rpc.first-election.timeout.max = 1200ms (fallback to raft.server.rpc.timeout.max)
2023-07-28 03:22:17,455 [main] INFO  server.RaftServer (RaftServerProxy.java:startImpl(400)) - om1: start RPC server
2023-07-28 03:22:17,507 [main] INFO  server.GrpcService (GrpcService.java:startImpl(302)) - om1: GrpcService started, listening on 15007
2023-07-28 03:22:17,508 [main] INFO  om.OzoneManager (OzoneManager.java:start(1629)) - Version File has different layout version (6) than OM DB (null). That is expected if this OM has never been finalized to a newer layout version.
2023-07-28 03:22:17,512 [JvmPauseMonitor1] INFO  util.JvmPauseMonitor (JvmPauseMonitor.java:run(103)) - JvmPauseMonitor-om1: Started
2023-07-28 03:22:17,536 [main] INFO  http.BaseHttpServer (BaseHttpServer.java:newHttpServer2BuilderForOzone(224)) - Starting Web-server for ozoneManager at: http://0.0.0.0:15005
2023-07-28 03:22:17,536 [main] INFO  http.BaseHttpServer (BaseHttpServer.java:<init>(111)) - Hadoop Security Enabled: false Ozone Security Enabled: false Ozone HTTP Security Enabled: false 
2023-07-28 03:22:17,538 [main] WARN  server.AuthenticationFilter (AuthenticationFilter.java:constructSecretProvider(240)) - Unable to initialize FileSignerSecretProvider, falling back to use random secrets. Reason: Could not read signature secret file: /home/runner/hadoop-http-auth-signature-secret
2023-07-28 03:22:17,543 [main] INFO  http.HttpRequestLog (HttpRequestLog.java:getRequestLog(86)) - Http request log for http.requests.ozoneManager is not defined
2023-07-28 03:22:17,545 [main] INFO  http.HttpServer2 (HttpServer2.java:addGlobalFilter(1031)) - Added global filter 'safety' (class=org.apache.hadoop.hdds.server.http.HttpServer2$QuotingInputFilter)
2023-07-28 03:22:17,546 [main] INFO  http.HttpServer2 (HttpServer2.java:addFilter(1007)) - Added filter static_user_filter (class=org.apache.hadoop.http.lib.StaticUserWebFilter$StaticUserFilter) to context ozoneManager
2023-07-28 03:22:17,546 [main] INFO  http.HttpServer2 (HttpServer2.java:addFilter(1015)) - Added filter static_user_filter (class=org.apache.hadoop.http.lib.StaticUserWebFilter$StaticUserFilter) to context logs
2023-07-28 03:22:17,546 [main] INFO  http.HttpServer2 (HttpServer2.java:addFilter(1015)) - Added filter static_user_filter (class=org.apache.hadoop.http.lib.StaticUserWebFilter$StaticUserFilter) to context static
2023-07-28 03:22:17,547 [main] INFO  http.BaseHttpServer (BaseHttpServer.java:<init>(190)) - HTTP server of ozoneManager uses base directory /home/runner/work/ozone/ozone/hadoop-ozone/integration-test/target/test-dir/MiniOzoneClusterImpl-5d941c1b-c8eb-4358-ab64-bf73cd3544cf/ozone-meta/webserver
2023-07-28 03:22:17,550 [main] INFO  http.HttpServer2 (HttpServer2.java:bindListener(1250)) - Jetty bound to port 15005
2023-07-28 03:22:17,550 [main] INFO  server.Server (Server.java:doStart(375)) - jetty-9.4.51.v20230217; built: 2023-02-17T08:19:37.309Z; git: b45c405e4544384de066f814ed42ae3dceacdd49; jvm 1.8.0_372-b07
2023-07-28 03:22:17,552 [main] INFO  server.session (DefaultSessionIdManager.java:doStart(334)) - DefaultSessionIdManager workerName=node0
2023-07-28 03:22:17,552 [main] INFO  server.session (DefaultSessionIdManager.java:doStart(339)) - No SessionScavenger set, using defaults
2023-07-28 03:22:17,553 [main] INFO  server.session (HouseKeeper.java:startScavenging(132)) - node0 Scavenging every 600000ms
2023-07-28 03:22:17,553 [main] INFO  handler.ContextHandler (ContextHandler.java:doStart(921)) - Started o.e.j.s.ServletContextHandler@3e5b2c9a{logs,/logs,file:///home/runner/work/ozone/ozone/hadoop-ozone/integration-test/target/log,AVAILABLE}
2023-07-28 03:22:17,554 [main] INFO  handler.ContextHandler (ContextHandler.java:doStart(921)) - Started o.e.j.s.ServletContextHandler@31c1d078{static,/static,file:///home/runner/work/ozone/ozone/hadoop-ozone/integration-test/target/test-classes/webapps/static,AVAILABLE}
2023-07-28 03:22:17,558 [main] INFO  handler.ContextHandler (ContextHandler.java:doStart(921)) - Started o.e.j.w.WebAppContext@630780c0{ozoneManager,/,file:///home/runner/work/ozone/ozone/hadoop-ozone/integration-test/target/test-classes/webapps/ozoneManager/,AVAILABLE}{file:/home/runner/work/ozone/ozone/hadoop-ozone/integration-test/target/test-classes/webapps/ozoneManager}
2023-07-28 03:22:17,559 [main] INFO  server.AbstractConnector (AbstractConnector.java:doStart(333)) - Started ServerConnector@64a17bcc{HTTP/1.1, (http/1.1)}{0.0.0.0:15005}
2023-07-28 03:22:17,559 [main] INFO  server.Server (Server.java:doStart(415)) - Started @7591ms
2023-07-28 03:22:17,559 [main] WARN  impl.MetricsSystemImpl (MetricsSystemImpl.java:register(279)) - Sink prometheus already exists!
2023-07-28 03:22:17,560 [main] INFO  http.BaseHttpServer (BaseHttpServer.java:updateConnectorAddress(344)) - HTTP server of ozoneManager listening at http://0.0.0.0:15005
2023-07-28 03:22:17,560 [IPC Server Responder] INFO  ipc.Server (Server.java:run(1562)) - IPC Server Responder: starting
2023-07-28 03:22:17,561 [IPC Server listener on 15004] INFO  ipc.Server (Server.java:run(1402)) - IPC Server listener on 15004: starting
2023-07-28 03:22:17,568 [main] INFO  om.OzoneManager (OzoneManager.java:startTrashEmptier(2081)) - Trash Interval set to 0. Files deleted won't move to trash
2023-07-28 03:22:17,752 [main] WARN  impl.MetricRegistriesImpl (MetricRegistriesImpl.java:addReporterRegistration(111)) - New reporters are added after registries were created. Some metrics will be missing from the reporter. Please add reporter before adding any new registry.
2023-07-28 03:22:17,752 [main] WARN  impl.MetricRegistriesImpl (MetricRegistriesImpl.java:addReporterRegistration(111)) - New reporters are added after registries were created. Some metrics will be missing from the reporter. Please add reporter before adding any new registry.
2023-07-28 03:22:17,752 [main] INFO  impl.MetricsSystemImpl (MetricsSystemImpl.java:init(158)) - HddsDatanode metrics system started (again)
2023-07-28 03:22:17,777 [main] INFO  ozone.HddsDatanodeService (HddsDatanodeService.java:start(237)) - HddsDatanodeService host:fv-az589-978.uboosrsz5isuzmpcyqq3lvnebe.bx.internal.cloudapp.net ip:10.1.0.5
2023-07-28 03:22:17,819 [main] INFO  upgrade.AbstractLayoutVersionManager (AbstractLayoutVersionManager.java:init(83)) - Initializing Layout version manager with metadata layout = HADOOP_PRC_PORTS_IN_DATANODEDETAILS (version = 7), software layout = HADOOP_PRC_PORTS_IN_DATANODEDETAILS (version = 7)
2023-07-28 03:22:17,823 [main] INFO  statemachine.DatanodeStateMachine (DatanodeStateMachine.java:getEndPointTaskThreadPoolSize(282)) - Datanode State Machine Task Thread Pool size 2
2023-07-28 03:22:17,897 [main] INFO  volume.HddsVolume (HddsVolume.java:<init>(126)) - Creating HddsVolume: /home/runner/work/ozone/ozone/hadoop-ozone/integration-test/target/test-dir/MiniOzoneClusterImpl-5d941c1b-c8eb-4358-ab64-bf73cd3544cf/datanode-0/data-0/containers/hdds of storage type : DISK capacity : 9223372036854775807
2023-07-28 03:22:17,899 [main] INFO  volume.MutableVolumeSet (MutableVolumeSet.java:initializeVolumeSet(173)) - Added Volume : /home/runner/work/ozone/ozone/hadoop-ozone/integration-test/target/test-dir/MiniOzoneClusterImpl-5d941c1b-c8eb-4358-ab64-bf73cd3544cf/datanode-0/data-0/containers/hdds to VolumeSet
2023-07-28 03:22:17,905 [main] INFO  volume.MutableVolumeSet (MutableVolumeSet.java:initializeVolumeSet(173)) - Added Volume : /home/runner/work/ozone/ozone/hadoop-ozone/integration-test/target/test-dir/MiniOzoneClusterImpl-5d941c1b-c8eb-4358-ab64-bf73cd3544cf/datanode-0/data/ratis to VolumeSet
2023-07-28 03:22:17,921 [Thread-139] INFO  ozoneimpl.ContainerReader (ContainerReader.java:readVolume(177)) - Finish verifying containers on volume /home/runner/work/ozone/ozone/hadoop-ozone/integration-test/target/test-dir/MiniOzoneClusterImpl-5d941c1b-c8eb-4358-ab64-bf73cd3544cf/datanode-0/data-0/containers/hdds
2023-07-28 03:22:17,922 [main] INFO  ozoneimpl.OzoneContainer (OzoneContainer.java:buildContainerSet(316)) - Build ContainerSet costs 0s
2023-07-28 03:22:17,971 [main] INFO  audit.AuditLogger (AuditLogger.java:refreshDebugCmdSet(126)) - Refresh DebugCmdSet for DNAudit to [].
2023-07-28 03:22:18,000 [main] INFO  server.RaftServer (ConfUtils.java:logGet(46)) - raft.rpc.type = GRPC (default)
2023-07-28 03:22:18,001 [main] INFO  grpc.GrpcConfigKeys (ConfUtils.java:logFallback(53)) - raft.grpc.admin.host = null (fallback to raft.grpc.server.host)
2023-07-28 03:22:18,002 [main] INFO  grpc.GrpcConfigKeys (ConfUtils.java:logGet(46)) - raft.grpc.admin.port = 15013 (custom)
2023-07-28 03:22:18,002 [main] INFO  grpc.GrpcConfigKeys (ConfUtils.java:logFallback(53)) - raft.grpc.client.host = null (fallback to raft.grpc.server.host)
2023-07-28 03:22:18,002 [main] INFO  grpc.GrpcConfigKeys (ConfUtils.java:logGet(46)) - raft.grpc.client.port = 15012 (custom)
2023-07-28 03:22:18,002 [main] INFO  grpc.GrpcConfigKeys (ConfUtils.java:logGet(46)) - raft.grpc.server.host = null (default)
2023-07-28 03:22:18,002 [main] INFO  grpc.GrpcConfigKeys (ConfUtils.java:logGet(46)) - raft.grpc.server.port = 15014 (custom)
2023-07-28 03:22:18,002 [main] INFO  server.GrpcService (ConfUtils.java:logGet(46)) - raft.grpc.message.size.max = 32MB (=33554432) (custom)
2023-07-28 03:22:18,002 [main] INFO  server.RaftServerConfigKeys (ConfUtils.java:logGet(46)) - raft.server.log.appender.buffer.byte-limit = 33554432 (custom)
2023-07-28 03:22:18,002 [main] INFO  server.GrpcService (ConfUtils.java:logGet(46)) - raft.grpc.flow.control.window = 5MB (=5242880) (custom)
2023-07-28 03:22:18,003 [main] INFO  server.RaftServerConfigKeys (ConfUtils.java:logGet(46)) - raft.server.rpc.request.timeout = 60s (custom)
2023-07-28 03:22:18,003 [main] INFO  grpc.GrpcConfigKeys (ConfUtils.java:logGet(46)) - raft.grpc.server.heartbeat.channel = true (default)
2023-07-28 03:22:18,003 [main] INFO  grpc.GrpcConfigKeys (ConfUtils.java:logGet(46)) - raft.grpc.server.async.request.thread.pool.cached = true (default)
2023-07-28 03:22:18,003 [main] INFO  grpc.GrpcConfigKeys (ConfUtils.java:logGet(46)) - raft.grpc.server.async.request.thread.pool.size = 32 (default)
2023-07-28 03:22:18,006 [main] INFO  impl.DataStreamServerImpl (ConfUtils.java:logGet(46)) - raft.datastream.type = NETTY (custom)
2023-07-28 03:22:18,016 [main] INFO  server.RaftServerConfigKeys (ConfUtils.java:logGet(46)) - raft.server.data-stream.async.request.thread.pool.cached = false (default)
2023-07-28 03:22:18,016 [main] INFO  server.RaftServerConfigKeys (ConfUtils.java:logGet(46)) - raft.server.data-stream.async.request.thread.pool.size = 20 (custom)
2023-07-28 03:22:18,017 [main] INFO  server.RaftServerConfigKeys (ConfUtils.java:logGet(46)) - raft.server.data-stream.async.write.thread.pool.size = 16 (default)
2023-07-28 03:22:18,018 [main] INFO  server.RaftServerConfigKeys (ConfUtils.java:logGet(46)) - raft.server.data-stream.client.pool.size = 10 (default)
2023-07-28 03:22:18,021 [main] INFO  netty.NettyConfigKeys$DataStream (ConfUtils.java:logGet(46)) - raft.netty.dataStream.server.use-epoll = false (default)
2023-07-28 03:22:18,021 [main] INFO  netty.NettyConfigKeys$DataStream (ConfUtils.java:logGet(46)) - raft.netty.dataStream.server.boss-group.size = 0 (default)
2023-07-28 03:22:18,028 [main] INFO  netty.NettyConfigKeys$DataStream (ConfUtils.java:logGet(46)) - raft.netty.dataStream.server.worker-group.size = 0 (default)
2023-07-28 03:22:18,029 [main] INFO  netty.NettyConfigKeys$DataStream (ConfUtils.java:logGet(46)) - raft.netty.dataStream.server.tls.conf = null (default)
2023-07-28 03:22:18,030 [main] INFO  netty.NettyConfigKeys$DataStream (ConfUtils.java:logGet(46)) - raft.netty.dataStream.host = null (default)
2023-07-28 03:22:18,031 [main] INFO  netty.NettyConfigKeys$DataStream (ConfUtils.java:logGet(46)) - raft.netty.dataStream.port = 15015 (custom)
2023-07-28 03:22:18,053 [main] INFO  server.RaftServerConfigKeys (ConfUtils.java:logGet(46)) - raft.server.threadpool.proxy.cached = true (default)
2023-07-28 03:22:18,053 [main] INFO  server.RaftServerConfigKeys (ConfUtils.java:logGet(46)) - raft.server.threadpool.proxy.size = 0 (default)
2023-07-28 03:22:18,054 [main] INFO  server.RaftServerConfigKeys (ConfUtils.java:logGet(46)) - raft.server.rpc.slowness.timeout = 300s (custom)
2023-07-28 03:22:18,054 [main] INFO  server.RaftServerConfigKeys (ConfUtils.java:logGet(46)) - raft.server.leaderelection.leader.step-down.wait-time = 10s (default)
2023-07-28 03:22:18,054 [main] INFO  server.RaftServerConfigKeys (ConfUtils.java:logGet(46)) - raft.server.storage.dir = [/home/runner/work/ozone/ozone/hadoop-ozone/integration-test/target/test-dir/MiniOzoneClusterImpl-5d941c1b-c8eb-4358-ab64-bf73cd3544cf/datanode-0/data/ratis] (custom)
2023-07-28 03:22:18,054 [e04aa943-cde2-4456-a19a-42c119af903b-impl-thread1] INFO  server.RaftServer (RaftServerProxy.java:initGroupDir(258)) - e04aa943-cde2-4456-a19a-42c119af903b: found a subdirectory /home/runner/work/ozone/ozone/hadoop-ozone/integration-test/target/test-dir/MiniOzoneClusterImpl-5d941c1b-c8eb-4358-ab64-bf73cd3544cf/datanode-0/data/ratis/tmp
2023-07-28 03:22:18,055 [e04aa943-cde2-4456-a19a-42c119af903b-impl-thread1] INFO  server.RaftServer (RaftServerProxy.java:initGroupDir(263)) - e04aa943-cde2-4456-a19a-42c119af903b: The directory /home/runner/work/ozone/ozone/hadoop-ozone/integration-test/target/test-dir/MiniOzoneClusterImpl-5d941c1b-c8eb-4358-ab64-bf73cd3544cf/datanode-0/data/ratis/tmp is not a group directory; ignoring it. 
2023-07-28 03:22:18,066 [e04aa943-cde2-4456-a19a-42c119af903b-NettyServerStreamRpc-bossGroup--thread1] INFO  logging.LoggingHandler (AbstractInternalLogger.java:log(148)) - [id: 0x28359249] REGISTERED
2023-07-28 03:22:18,066 [e04aa943-cde2-4456-a19a-42c119af903b-NettyServerStreamRpc-bossGroup--thread1] INFO  logging.LoggingHandler (AbstractInternalLogger.java:log(148)) - [id: 0x28359249] BIND: 0.0.0.0/0.0.0.0:15015
2023-07-28 03:22:18,067 [e04aa943-cde2-4456-a19a-42c119af903b-NettyServerStreamRpc-bossGroup--thread1] INFO  logging.LoggingHandler (AbstractInternalLogger.java:log(148)) - [id: 0x28359249, L:/0:0:0:0:0:0:0:0:15015] ACTIVE
2023-07-28 03:22:18,077 [main] INFO  server.XceiverServerGrpc (XceiverServerGrpc.java:<init>(132)) - GrpcServer channel type EpollServerSocketChannel
2023-07-28 03:22:18,113 [main] INFO  replication.ReplicationSupervisor (ReplicationSupervisor.java:nodeStateUpdated(305)) - Node state updated to IN_SERVICE, scaling executor pool size to 10
2023-07-28 03:22:18,164 [main] INFO  http.BaseHttpServer (BaseHttpServer.java:newHttpServer2BuilderForOzone(224)) - Starting Web-server for hddsDatanode at: http://0.0.0.0:15009
2023-07-28 03:22:18,164 [main] INFO  http.BaseHttpServer (BaseHttpServer.java:<init>(111)) - Hadoop Security Enabled: false Ozone Security Enabled: false Ozone HTTP Security Enabled: false 
2023-07-28 03:22:18,166 [main] WARN  server.AuthenticationFilter (AuthenticationFilter.java:constructSecretProvider(240)) - Unable to initialize FileSignerSecretProvider, falling back to use random secrets. Reason: Could not read signature secret file: /home/runner/hadoop-http-auth-signature-secret
2023-07-28 03:22:18,167 [main] INFO  http.HttpRequestLog (HttpRequestLog.java:getRequestLog(86)) - Http request log for http.requests.hddsDatanode is not defined
2023-07-28 03:22:18,168 [main] INFO  http.HttpServer2 (HttpServer2.java:addGlobalFilter(1031)) - Added global filter 'safety' (class=org.apache.hadoop.hdds.server.http.HttpServer2$QuotingInputFilter)
2023-07-28 03:22:18,169 [main] INFO  http.HttpServer2 (HttpServer2.java:addFilter(1007)) - Added filter static_user_filter (class=org.apache.hadoop.http.lib.StaticUserWebFilter$StaticUserFilter) to context hddsDatanode
2023-07-28 03:22:18,170 [main] INFO  http.HttpServer2 (HttpServer2.java:addFilter(1015)) - Added filter static_user_filter (class=org.apache.hadoop.http.lib.StaticUserWebFilter$StaticUserFilter) to context static
2023-07-28 03:22:18,170 [main] INFO  http.HttpServer2 (HttpServer2.java:addFilter(1015)) - Added filter static_user_filter (class=org.apache.hadoop.http.lib.StaticUserWebFilter$StaticUserFilter) to context logs
2023-07-28 03:22:18,171 [main] INFO  http.BaseHttpServer (BaseHttpServer.java:<init>(190)) - HTTP server of hddsDatanode uses base directory /home/runner/work/ozone/ozone/hadoop-ozone/integration-test/target/test-dir/MiniOzoneClusterImpl-5d941c1b-c8eb-4358-ab64-bf73cd3544cf/datanode-0/meta/webserver
2023-07-28 03:22:18,171 [main] INFO  http.HttpServer2 (HttpServer2.java:bindListener(1250)) - Jetty bound to port 15009
2023-07-28 03:22:18,171 [main] INFO  server.Server (Server.java:doStart(375)) - jetty-9.4.51.v20230217; built: 2023-02-17T08:19:37.309Z; git: b45c405e4544384de066f814ed42ae3dceacdd49; jvm 1.8.0_372-b07
2023-07-28 03:22:18,179 [main] INFO  server.session (DefaultSessionIdManager.java:doStart(334)) - DefaultSessionIdManager workerName=node0
2023-07-28 03:22:18,179 [main] INFO  server.session (DefaultSessionIdManager.java:doStart(339)) - No SessionScavenger set, using defaults
2023-07-28 03:22:18,179 [main] INFO  server.session (HouseKeeper.java:startScavenging(132)) - node0 Scavenging every 600000ms
2023-07-28 03:22:18,180 [main] INFO  handler.ContextHandler (ContextHandler.java:doStart(921)) - Started o.e.j.s.ServletContextHandler@713b9379{logs,/logs,file:///home/runner/work/ozone/ozone/hadoop-ozone/integration-test/target/log,AVAILABLE}
2023-07-28 03:22:18,181 [main] INFO  handler.ContextHandler (ContextHandler.java:doStart(921)) - Started o.e.j.s.ServletContextHandler@6d3a662a{static,/static,jar:file:/home/runner/.m2/repository/org/apache/ozone/hdds-container-service/1.4.0-SNAPSHOT/hdds-container-service-1.4.0-SNAPSHOT.jar!/webapps/static,AVAILABLE}
2023-07-28 03:22:18,399 [main] INFO  handler.ContextHandler (ContextHandler.java:doStart(921)) - Started o.e.j.w.WebAppContext@4009d97f{hddsDatanode,/,file:///home/runner/work/ozone/ozone/hadoop-ozone/integration-test/target/test-dir/MiniOzoneClusterImpl-5d941c1b-c8eb-4358-ab64-bf73cd3544cf/datanode-0/meta/webserver/jetty-0_0_0_0-15009-hdds-container-service-1_4_0-SNAPSHOT_jar-_-any-8247586452166222537/webapp/,AVAILABLE}{jar:file:/home/runner/.m2/repository/org/apache/ozone/hdds-container-service/1.4.0-SNAPSHOT/hdds-container-service-1.4.0-SNAPSHOT.jar!/webapps/hddsDatanode}
2023-07-28 03:22:18,400 [main] INFO  server.AbstractConnector (AbstractConnector.java:doStart(333)) - Started ServerConnector@719b8c4e{HTTP/1.1, (http/1.1)}{0.0.0.0:15009}
2023-07-28 03:22:18,401 [main] INFO  server.Server (Server.java:doStart(415)) - Started @8433ms
2023-07-28 03:22:18,401 [main] WARN  impl.MetricsSystemImpl (MetricsSystemImpl.java:register(279)) - Sink prometheus already exists!
2023-07-28 03:22:18,401 [main] INFO  http.BaseHttpServer (BaseHttpServer.java:updateConnectorAddress(344)) - HTTP server of hddsDatanode listening at http://0.0.0.0:15009
2023-07-28 03:22:18,405 [main] INFO  ipc.CallQueueManager (CallQueueManager.java:<init>(90)) - Using callQueue: class java.util.concurrent.LinkedBlockingQueue, queueCapacity: 100, scheduler: class org.apache.hadoop.ipc.DefaultRpcScheduler, ipcBackoff: false.
2023-07-28 03:22:18,406 [main] INFO  ipc.Server (Server.java:<init>(1287)) - Listener at 0.0.0.0:15010
2023-07-28 03:22:18,406 [Socket Reader #1 for port 15010] INFO  ipc.Server (Server.java:run(1323)) - Starting Socket Reader #1 for port 15010
2023-07-28 03:22:18,409 [main] INFO  ozone.HddsDatanodeService (HddsDatanodeService.java:start(315)) - Datanode start with admins: [runner]
2023-07-28 03:22:18,409 [main] INFO  ozone.HddsDatanodeClientProtocolServer (HddsDatanodeClientProtocolServer.java:start(72)) - RPC server for Client /0.0.0.0:15010
2023-07-28 03:22:18,409 [IPC Server Responder] INFO  ipc.Server (Server.java:run(1562)) - IPC Server Responder: starting
2023-07-28 03:22:18,412 [main] WARN  impl.MetricRegistriesImpl (MetricRegistriesImpl.java:addReporterRegistration(111)) - New reporters are added after registries were created. Some metrics will be missing from the reporter. Please add reporter before adding any new registry.
2023-07-28 03:22:18,412 [main] WARN  impl.MetricRegistriesImpl (MetricRegistriesImpl.java:addReporterRegistration(111)) - New reporters are added after registries were created. Some metrics will be missing from the reporter. Please add reporter before adding any new registry.
2023-07-28 03:22:18,412 [main] INFO  impl.MetricsSystemImpl (MetricsSystemImpl.java:init(158)) - HddsDatanode metrics system started (again)
2023-07-28 03:22:18,415 [IPC Server listener on 15010] INFO  ipc.Server (Server.java:run(1402)) - IPC Server listener on 15010: starting
2023-07-28 03:22:18,415 [Datanode State Machine Daemon Thread] INFO  statemachine.DatanodeStateMachine (DatanodeStateMachine.java:lambda$startDaemon$0(538)) - Ozone container server started.
2023-07-28 03:22:18,427 [main] INFO  ozone.HddsDatanodeService (HddsDatanodeService.java:start(237)) - HddsDatanodeService host:fv-az589-978.uboosrsz5isuzmpcyqq3lvnebe.bx.internal.cloudapp.net ip:10.1.0.5
2023-07-28 03:22:18,452 [main] INFO  upgrade.AbstractLayoutVersionManager (AbstractLayoutVersionManager.java:init(83)) - Initializing Layout version manager with metadata layout = HADOOP_PRC_PORTS_IN_DATANODEDETAILS (version = 7), software layout = HADOOP_PRC_PORTS_IN_DATANODEDETAILS (version = 7)
2023-07-28 03:22:18,452 [main] INFO  statemachine.DatanodeStateMachine (DatanodeStateMachine.java:getEndPointTaskThreadPoolSize(282)) - Datanode State Machine Task Thread Pool size 2
2023-07-28 03:22:18,456 [main] INFO  volume.HddsVolume (HddsVolume.java:<init>(126)) - Creating HddsVolume: /home/runner/work/ozone/ozone/hadoop-ozone/integration-test/target/test-dir/MiniOzoneClusterImpl-5d941c1b-c8eb-4358-ab64-bf73cd3544cf/datanode-1/data-0/containers/hdds of storage type : DISK capacity : 9223372036854775807
2023-07-28 03:22:18,456 [main] INFO  volume.MutableVolumeSet (MutableVolumeSet.java:initializeVolumeSet(173)) - Added Volume : /home/runner/work/ozone/ozone/hadoop-ozone/integration-test/target/test-dir/MiniOzoneClusterImpl-5d941c1b-c8eb-4358-ab64-bf73cd3544cf/datanode-1/data-0/containers/hdds to VolumeSet
2023-07-28 03:22:18,457 [main] INFO  volume.MutableVolumeSet (MutableVolumeSet.java:initializeVolumeSet(173)) - Added Volume : /home/runner/work/ozone/ozone/hadoop-ozone/integration-test/target/test-dir/MiniOzoneClusterImpl-5d941c1b-c8eb-4358-ab64-bf73cd3544cf/datanode-1/data/ratis to VolumeSet
2023-07-28 03:22:18,458 [Thread-156] INFO  ozoneimpl.ContainerReader (ContainerReader.java:readVolume(177)) - Finish verifying containers on volume /home/runner/work/ozone/ozone/hadoop-ozone/integration-test/target/test-dir/MiniOzoneClusterImpl-5d941c1b-c8eb-4358-ab64-bf73cd3544cf/datanode-1/data-0/containers/hdds
2023-07-28 03:22:18,459 [main] INFO  ozoneimpl.OzoneContainer (OzoneContainer.java:buildContainerSet(316)) - Build ContainerSet costs 0s
2023-07-28 03:22:18,463 [main] INFO  server.RaftServer (ConfUtils.java:logGet(46)) - raft.rpc.type = GRPC (default)
2023-07-28 03:22:18,463 [main] INFO  grpc.GrpcConfigKeys (ConfUtils.java:logFallback(53)) - raft.grpc.admin.host = null (fallback to raft.grpc.server.host)
2023-07-28 03:22:18,463 [main] INFO  grpc.GrpcConfigKeys (ConfUtils.java:logGet(46)) - raft.grpc.admin.port = 15022 (custom)
2023-07-28 03:22:18,463 [main] INFO  grpc.GrpcConfigKeys (ConfUtils.java:logFallback(53)) - raft.grpc.client.host = null (fallback to raft.grpc.server.host)
2023-07-28 03:22:18,463 [main] INFO  grpc.GrpcConfigKeys (ConfUtils.java:logGet(46)) - raft.grpc.client.port = 15021 (custom)
2023-07-28 03:22:18,463 [main] INFO  grpc.GrpcConfigKeys (ConfUtils.java:logGet(46)) - raft.grpc.server.host = null (default)
2023-07-28 03:22:18,464 [main] INFO  grpc.GrpcConfigKeys (ConfUtils.java:logGet(46)) - raft.grpc.server.port = 15023 (custom)
2023-07-28 03:22:18,464 [main] INFO  server.GrpcService (ConfUtils.java:logGet(46)) - raft.grpc.message.size.max = 32MB (=33554432) (custom)
2023-07-28 03:22:18,464 [main] INFO  server.RaftServerConfigKeys (ConfUtils.java:logGet(46)) - raft.server.log.appender.buffer.byte-limit = 33554432 (custom)
2023-07-28 03:22:18,464 [main] INFO  server.GrpcService (ConfUtils.java:logGet(46)) - raft.grpc.flow.control.window = 5MB (=5242880) (custom)
2023-07-28 03:22:18,464 [main] INFO  server.RaftServerConfigKeys (ConfUtils.java:logGet(46)) - raft.server.rpc.request.timeout = 60s (custom)
2023-07-28 03:22:18,464 [main] INFO  grpc.GrpcConfigKeys (ConfUtils.java:logGet(46)) - raft.grpc.server.heartbeat.channel = true (default)
2023-07-28 03:22:18,464 [main] INFO  grpc.GrpcConfigKeys (ConfUtils.java:logGet(46)) - raft.grpc.server.async.request.thread.pool.cached = true (default)
2023-07-28 03:22:18,464 [main] INFO  grpc.GrpcConfigKeys (ConfUtils.java:logGet(46)) - raft.grpc.server.async.request.thread.pool.size = 32 (default)
2023-07-28 03:22:18,468 [main] INFO  impl.DataStreamServerImpl (ConfUtils.java:logGet(46)) - raft.datastream.type = NETTY (custom)
2023-07-28 03:22:18,468 [main] INFO  server.RaftServerConfigKeys (ConfUtils.java:logGet(46)) - raft.server.data-stream.async.request.thread.pool.cached = false (default)
2023-07-28 03:22:18,468 [main] INFO  server.RaftServerConfigKeys (ConfUtils.java:logGet(46)) - raft.server.data-stream.async.request.thread.pool.size = 20 (custom)
2023-07-28 03:22:18,468 [main] INFO  server.RaftServerConfigKeys (ConfUtils.java:logGet(46)) - raft.server.data-stream.async.write.thread.pool.size = 16 (default)
2023-07-28 03:22:18,469 [main] INFO  server.RaftServerConfigKeys (ConfUtils.java:logGet(46)) - raft.server.data-stream.client.pool.size = 10 (default)
2023-07-28 03:22:18,469 [main] INFO  netty.NettyConfigKeys$DataStream (ConfUtils.java:logGet(46)) - raft.netty.dataStream.server.use-epoll = false (default)
2023-07-28 03:22:18,469 [main] INFO  netty.NettyConfigKeys$DataStream (ConfUtils.java:logGet(46)) - raft.netty.dataStream.server.boss-group.size = 0 (default)
2023-07-28 03:22:18,469 [main] INFO  netty.NettyConfigKeys$DataStream (ConfUtils.java:logGet(46)) - raft.netty.dataStream.server.worker-group.size = 0 (default)
2023-07-28 03:22:18,470 [main] INFO  netty.NettyConfigKeys$DataStream (ConfUtils.java:logGet(46)) - raft.netty.dataStream.server.tls.conf = null (default)
2023-07-28 03:22:18,470 [main] INFO  netty.NettyConfigKeys$DataStream (ConfUtils.java:logGet(46)) - raft.netty.dataStream.host = null (default)
2023-07-28 03:22:18,470 [main] INFO  netty.NettyConfigKeys$DataStream (ConfUtils.java:logGet(46)) - raft.netty.dataStream.port = 15024 (custom)
2023-07-28 03:22:18,471 [main] INFO  server.RaftServerConfigKeys (ConfUtils.java:logGet(46)) - raft.server.threadpool.proxy.cached = true (default)
2023-07-28 03:22:18,471 [main] INFO  server.RaftServerConfigKeys (ConfUtils.java:logGet(46)) - raft.server.threadpool.proxy.size = 0 (default)
2023-07-28 03:22:18,471 [main] INFO  server.RaftServerConfigKeys (ConfUtils.java:logGet(46)) - raft.server.rpc.slowness.timeout = 300s (custom)
2023-07-28 03:22:18,471 [main] INFO  server.RaftServerConfigKeys (ConfUtils.java:logGet(46)) - raft.server.leaderelection.leader.step-down.wait-time = 10s (default)
2023-07-28 03:22:18,471 [main] INFO  server.RaftServerConfigKeys (ConfUtils.java:logGet(46)) - raft.server.storage.dir = [/home/runner/work/ozone/ozone/hadoop-ozone/integration-test/target/test-dir/MiniOzoneClusterImpl-5d941c1b-c8eb-4358-ab64-bf73cd3544cf/datanode-1/data/ratis] (custom)
2023-07-28 03:22:18,475 [2b789b44-0f91-485a-b48f-c9199eaf29b8-NettyServerStreamRpc-bossGroup--thread1] INFO  logging.LoggingHandler (AbstractInternalLogger.java:log(148)) - [id: 0xa9857d7a] REGISTERED
2023-07-28 03:22:18,475 [2b789b44-0f91-485a-b48f-c9199eaf29b8-NettyServerStreamRpc-bossGroup--thread1] INFO  logging.LoggingHandler (AbstractInternalLogger.java:log(148)) - [id: 0xa9857d7a] BIND: 0.0.0.0/0.0.0.0:15024
2023-07-28 03:22:18,475 [2b789b44-0f91-485a-b48f-c9199eaf29b8-NettyServerStreamRpc-bossGroup--thread1] INFO  logging.LoggingHandler (AbstractInternalLogger.java:log(148)) - [id: 0xa9857d7a, L:/0:0:0:0:0:0:0:0:15024] ACTIVE
2023-07-28 03:22:18,477 [2b789b44-0f91-485a-b48f-c9199eaf29b8-impl-thread1] INFO  server.RaftServer (RaftServerProxy.java:initGroupDir(258)) - 2b789b44-0f91-485a-b48f-c9199eaf29b8: found a subdirectory /home/runner/work/ozone/ozone/hadoop-ozone/integration-test/target/test-dir/MiniOzoneClusterImpl-5d941c1b-c8eb-4358-ab64-bf73cd3544cf/datanode-1/data/ratis/tmp
2023-07-28 03:22:18,477 [2b789b44-0f91-485a-b48f-c9199eaf29b8-impl-thread1] INFO  server.RaftServer (RaftServerProxy.java:initGroupDir(263)) - 2b789b44-0f91-485a-b48f-c9199eaf29b8: The directory /home/runner/work/ozone/ozone/hadoop-ozone/integration-test/target/test-dir/MiniOzoneClusterImpl-5d941c1b-c8eb-4358-ab64-bf73cd3544cf/datanode-1/data/ratis/tmp is not a group directory; ignoring it. 
2023-07-28 03:22:18,480 [main] INFO  server.XceiverServerGrpc (XceiverServerGrpc.java:<init>(132)) - GrpcServer channel type EpollServerSocketChannel
2023-07-28 03:22:18,483 [main] INFO  replication.ReplicationSupervisor (ReplicationSupervisor.java:nodeStateUpdated(305)) - Node state updated to IN_SERVICE, scaling executor pool size to 10
2023-07-28 03:22:18,490 [main] INFO  http.BaseHttpServer (BaseHttpServer.java:newHttpServer2BuilderForOzone(224)) - Starting Web-server for hddsDatanode at: http://0.0.0.0:15018
2023-07-28 03:22:18,490 [main] INFO  http.BaseHttpServer (BaseHttpServer.java:<init>(111)) - Hadoop Security Enabled: false Ozone Security Enabled: false Ozone HTTP Security Enabled: false 
2023-07-28 03:22:18,492 [main] WARN  server.AuthenticationFilter (AuthenticationFilter.java:constructSecretProvider(240)) - Unable to initialize FileSignerSecretProvider, falling back to use random secrets. Reason: Could not read signature secret file: /home/runner/hadoop-http-auth-signature-secret
2023-07-28 03:22:18,497 [main] INFO  http.HttpRequestLog (HttpRequestLog.java:getRequestLog(86)) - Http request log for http.requests.hddsDatanode is not defined
2023-07-28 03:22:18,499 [main] INFO  http.HttpServer2 (HttpServer2.java:addGlobalFilter(1031)) - Added global filter 'safety' (class=org.apache.hadoop.hdds.server.http.HttpServer2$QuotingInputFilter)
2023-07-28 03:22:18,500 [main] INFO  http.HttpServer2 (HttpServer2.java:addFilter(1007)) - Added filter static_user_filter (class=org.apache.hadoop.http.lib.StaticUserWebFilter$StaticUserFilter) to context hddsDatanode
2023-07-28 03:22:18,500 [main] INFO  http.HttpServer2 (HttpServer2.java:addFilter(1015)) - Added filter static_user_filter (class=org.apache.hadoop.http.lib.StaticUserWebFilter$StaticUserFilter) to context logs
2023-07-28 03:22:18,500 [main] INFO  http.HttpServer2 (HttpServer2.java:addFilter(1015)) - Added filter static_user_filter (class=org.apache.hadoop.http.lib.StaticUserWebFilter$StaticUserFilter) to context static
2023-07-28 03:22:18,505 [main] INFO  http.BaseHttpServer (BaseHttpServer.java:<init>(190)) - HTTP server of hddsDatanode uses base directory /home/runner/work/ozone/ozone/hadoop-ozone/integration-test/target/test-dir/MiniOzoneClusterImpl-5d941c1b-c8eb-4358-ab64-bf73cd3544cf/datanode-1/meta/webserver
2023-07-28 03:22:18,510 [main] INFO  http.HttpServer2 (HttpServer2.java:bindListener(1250)) - Jetty bound to port 15018
2023-07-28 03:22:18,510 [main] INFO  server.Server (Server.java:doStart(375)) - jetty-9.4.51.v20230217; built: 2023-02-17T08:19:37.309Z; git: b45c405e4544384de066f814ed42ae3dceacdd49; jvm 1.8.0_372-b07
2023-07-28 03:22:18,533 [main] INFO  server.session (DefaultSessionIdManager.java:doStart(334)) - DefaultSessionIdManager workerName=node0
2023-07-28 03:22:18,533 [main] INFO  server.session (DefaultSessionIdManager.java:doStart(339)) - No SessionScavenger set, using defaults
2023-07-28 03:22:18,533 [main] INFO  server.session (HouseKeeper.java:startScavenging(132)) - node0 Scavenging every 600000ms
2023-07-28 03:22:18,534 [main] INFO  handler.ContextHandler (ContextHandler.java:doStart(921)) - Started o.e.j.s.ServletContextHandler@412c7b5e{logs,/logs,file:///home/runner/work/ozone/ozone/hadoop-ozone/integration-test/target/log,AVAILABLE}
2023-07-28 03:22:18,535 [main] INFO  handler.ContextHandler (ContextHandler.java:doStart(921)) - Started o.e.j.s.ServletContextHandler@5dcd0fe{static,/static,jar:file:/home/runner/.m2/repository/org/apache/ozone/hdds-container-service/1.4.0-SNAPSHOT/hdds-container-service-1.4.0-SNAPSHOT.jar!/webapps/static,AVAILABLE}
2023-07-28 03:22:18,597 [Datanode State Machine Task Thread - 0] INFO  datanode.InitDatanodeState (InitDatanodeState.java:persistContainerDatanodeDetails(138)) - DatanodeDetails is persisted to /home/runner/work/ozone/ozone/hadoop-ozone/integration-test/target/test-dir/MiniOzoneClusterImpl-5d941c1b-c8eb-4358-ab64-bf73cd3544cf/datanode-0/meta/datanode.id
2023-07-28 03:22:18,642 [om1@group-C5BA1605619E-FollowerState] INFO  impl.FollowerState (FollowerState.java:run(143)) - om1@group-C5BA1605619E-FollowerState: change to CANDIDATE, lastRpcElapsedTime:1194025154ns, electionTimeout:1185ms
2023-07-28 03:22:18,643 [om1@group-C5BA1605619E-FollowerState] INFO  impl.RoleInfo (RoleInfo.java:shutdownFollowerState(110)) - om1: shutdown om1@group-C5BA1605619E-FollowerState
2023-07-28 03:22:18,646 [om1@group-C5BA1605619E-FollowerState] INFO  server.RaftServer$Division (RaftServerImpl.java:setRole(329)) - om1@group-C5BA1605619E: changes role from  FOLLOWER to CANDIDATE at term 0 for changeToCandidate
2023-07-28 03:22:18,648 [om1@group-C5BA1605619E-FollowerState] INFO  server.RaftServerConfigKeys (ConfUtils.java:logGet(46)) - raft.server.leaderelection.pre-vote = true (default)
2023-07-28 03:22:18,649 [om1@group-C5BA1605619E-FollowerState] INFO  impl.RoleInfo (RoleInfo.java:updateAndGet(139)) - om1: start om1@group-C5BA1605619E-LeaderElection1
2023-07-28 03:22:18,653 [om1@group-C5BA1605619E-LeaderElection1] INFO  impl.LeaderElection (LeaderElection.java:askForVotes(321)) - om1@group-C5BA1605619E-LeaderElection1 PRE_VOTE round 0: submit vote requests at term 0 for -1: peers:[om1|rpc:localhost:15007|priority:0|startupRole:FOLLOWER]|listeners:[], old=null
2023-07-28 03:22:18,654 [om1@group-C5BA1605619E-LeaderElection1] INFO  impl.LeaderElection (LeaderElection.java:askForVotes(323)) - om1@group-C5BA1605619E-LeaderElection1 PRE_VOTE round 0: result PASSED (term=0)
2023-07-28 03:22:18,657 [om1@group-C5BA1605619E-LeaderElection1] INFO  impl.LeaderElection (LeaderElection.java:askForVotes(321)) - om1@group-C5BA1605619E-LeaderElection1 ELECTION round 0: submit vote requests at term 1 for -1: peers:[om1|rpc:localhost:15007|priority:0|startupRole:FOLLOWER]|listeners:[], old=null
2023-07-28 03:22:18,657 [om1@group-C5BA1605619E-LeaderElection1] INFO  impl.LeaderElection (LeaderElection.java:askForVotes(323)) - om1@group-C5BA1605619E-LeaderElection1 ELECTION round 0: result PASSED (term=1)
2023-07-28 03:22:18,657 [om1@group-C5BA1605619E-LeaderElection1] INFO  impl.RoleInfo (RoleInfo.java:shutdownLeaderElection(130)) - om1: shutdown om1@group-C5BA1605619E-LeaderElection1
2023-07-28 03:22:18,657 [om1@group-C5BA1605619E-LeaderElection1] INFO  server.RaftServer$Division (RaftServerImpl.java:setRole(329)) - om1@group-C5BA1605619E: changes role from CANDIDATE to LEADER at term 1 for changeToLeader
2023-07-28 03:22:18,662 [om1@group-C5BA1605619E-LeaderElection1] INFO  server.RaftServer$Division (ServerState.java:setLeader(317)) - om1@group-C5BA1605619E: change Leader from null to om1 at term 1 for becomeLeader, leader elected after 2251ms
2023-07-28 03:22:18,677 [om1@group-C5BA1605619E-LeaderElection1] INFO  server.RaftServerConfigKeys (ConfUtils.java:logGet(46)) - raft.server.staging.catchup.gap = 1000 (default)
2023-07-28 03:22:18,688 [om1@group-C5BA1605619E-LeaderElection1] INFO  server.RaftServerConfigKeys (ConfUtils.java:logGet(46)) - raft.server.write.element-limit = 4096 (default)
2023-07-28 03:22:18,690 [om1@group-C5BA1605619E-LeaderElection1] INFO  server.RaftServerConfigKeys (ConfUtils.java:logGet(46)) - raft.server.write.byte-limit = 64MB (=67108864) (default)
2023-07-28 03:22:18,697 [om1@group-C5BA1605619E-LeaderElection1] INFO  server.RaftServerConfigKeys (ConfUtils.java:logGet(46)) - raft.server.watch.timeout = 10s (default)
2023-07-28 03:22:18,698 [om1@group-C5BA1605619E-LeaderElection1] INFO  server.RaftServerConfigKeys (ConfUtils.java:logGet(46)) - raft.server.watch.timeout.denomination = 1s (default)
2023-07-28 03:22:18,699 [om1@group-C5BA1605619E-LeaderElection1] INFO  server.RaftServerConfigKeys (ConfUtils.java:logGet(46)) - raft.server.watch.element-limit = 65536 (default)
2023-07-28 03:22:18,710 [om1@group-C5BA1605619E-LeaderElection1] INFO  server.RaftServerConfigKeys (ConfUtils.java:logGet(46)) - raft.server.write.element-limit = 4096 (default)
2023-07-28 03:22:18,714 [om1@group-C5BA1605619E-LeaderElection1] INFO  server.RaftServerConfigKeys (ConfUtils.java:logGet(46)) - raft.server.write.follower.gap.ratio.max = -1.0 (default)
2023-07-28 03:22:18,718 [om1@group-C5BA1605619E-LeaderElection1] INFO  impl.RoleInfo (RoleInfo.java:updateAndGet(139)) - om1: start om1@group-C5BA1605619E-LeaderStateImpl
2023-07-28 03:22:18,768 [om1@group-C5BA1605619E-LeaderElection1] INFO  segmented.SegmentedRaftLogWorker (SegmentedRaftLogWorker.java:startLogSegment(447)) - om1@group-C5BA1605619E-SegmentedRaftLogWorker: Starting segment from index:0
2023-07-28 03:22:18,828 [om1@group-C5BA1605619E-LeaderElection1] INFO  server.RaftServer$Division (ServerState.java:setRaftConf(434)) - om1@group-C5BA1605619E: set configuration 0: peers:[om1|rpc:localhost:15007|admin:|client:|dataStream:|priority:0|startupRole:FOLLOWER]|listeners:[], old=null
2023-07-28 03:22:18,892 [main] INFO  handler.ContextHandler (ContextHandler.java:doStart(921)) - Started o.e.j.w.WebAppContext@49099d93{hddsDatanode,/,file:///home/runner/work/ozone/ozone/hadoop-ozone/integration-test/target/test-dir/MiniOzoneClusterImpl-5d941c1b-c8eb-4358-ab64-bf73cd3544cf/datanode-1/meta/webserver/jetty-0_0_0_0-15018-hdds-container-service-1_4_0-SNAPSHOT_jar-_-any-4765440029577082247/webapp/,AVAILABLE}{jar:file:/home/runner/.m2/repository/org/apache/ozone/hdds-container-service/1.4.0-SNAPSHOT/hdds-container-service-1.4.0-SNAPSHOT.jar!/webapps/hddsDatanode}
2023-07-28 03:22:18,894 [main] INFO  server.AbstractConnector (AbstractConnector.java:doStart(333)) - Started ServerConnector@2085c9bb{HTTP/1.1, (http/1.1)}{0.0.0.0:15018}
2023-07-28 03:22:18,894 [main] INFO  server.Server (Server.java:doStart(415)) - Started @8926ms
2023-07-28 03:22:18,894 [main] WARN  impl.MetricsSystemImpl (MetricsSystemImpl.java:register(279)) - Sink prometheus already exists!
2023-07-28 03:22:18,895 [main] INFO  http.BaseHttpServer (BaseHttpServer.java:updateConnectorAddress(344)) - HTTP server of hddsDatanode listening at http://0.0.0.0:15018
2023-07-28 03:22:18,895 [main] INFO  ipc.CallQueueManager (CallQueueManager.java:<init>(90)) - Using callQueue: class java.util.concurrent.LinkedBlockingQueue, queueCapacity: 100, scheduler: class org.apache.hadoop.ipc.DefaultRpcScheduler, ipcBackoff: false.
2023-07-28 03:22:18,896 [main] INFO  ipc.Server (Server.java:<init>(1287)) - Listener at 0.0.0.0:15019
2023-07-28 03:22:18,896 [Socket Reader #1 for port 15019] INFO  ipc.Server (Server.java:run(1323)) - Starting Socket Reader #1 for port 15019
2023-07-28 03:22:18,898 [main] INFO  ozone.HddsDatanodeService (HddsDatanodeService.java:start(315)) - Datanode start with admins: [runner]
2023-07-28 03:22:18,901 [main] INFO  ozone.HddsDatanodeClientProtocolServer (HddsDatanodeClientProtocolServer.java:start(72)) - RPC server for Client /0.0.0.0:15019
2023-07-28 03:22:18,905 [IPC Server Responder] INFO  ipc.Server (Server.java:run(1562)) - IPC Server Responder: starting
2023-07-28 03:22:18,906 [IPC Server listener on 15019] INFO  ipc.Server (Server.java:run(1402)) - IPC Server listener on 15019: starting
2023-07-28 03:22:18,909 [main] WARN  impl.MetricRegistriesImpl (MetricRegistriesImpl.java:addReporterRegistration(111)) - New reporters are added after registries were created. Some metrics will be missing from the reporter. Please add reporter before adding any new registry.
2023-07-28 03:22:18,909 [main] WARN  impl.MetricRegistriesImpl (MetricRegistriesImpl.java:addReporterRegistration(111)) - New reporters are added after registries were created. Some metrics will be missing from the reporter. Please add reporter before adding any new registry.
2023-07-28 03:22:18,909 [main] INFO  impl.MetricsSystemImpl (MetricsSystemImpl.java:init(158)) - HddsDatanode metrics system started (again)
2023-07-28 03:22:18,913 [om1@group-C5BA1605619E-SegmentedRaftLogWorker] INFO  segmented.SegmentedRaftLogWorker (SegmentedRaftLogWorker.java:execute(651)) - om1@group-C5BA1605619E-SegmentedRaftLogWorker: created new log segment /home/runner/work/ozone/ozone/hadoop-ozone/integration-test/target/test-dir/MiniOzoneClusterImpl-5d941c1b-c8eb-4358-ab64-bf73cd3544cf/ozone-meta/ratis/bf265839-605b-3f16-9796-c5ba1605619e/current/log_inprogress_0
2023-07-28 03:22:18,929 [Datanode State Machine Daemon Thread] INFO  statemachine.DatanodeStateMachine (DatanodeStateMachine.java:lambda$startDaemon$0(538)) - Ozone container server started.
2023-07-28 03:22:18,942 [main] INFO  ozone.HddsDatanodeService (HddsDatanodeService.java:start(237)) - HddsDatanodeService host:fv-az589-978.uboosrsz5isuzmpcyqq3lvnebe.bx.internal.cloudapp.net ip:10.1.0.5
2023-07-28 03:22:18,962 [Datanode State Machine Task Thread - 0] INFO  datanode.InitDatanodeState (InitDatanodeState.java:persistContainerDatanodeDetails(138)) - DatanodeDetails is persisted to /home/runner/work/ozone/ozone/hadoop-ozone/integration-test/target/test-dir/MiniOzoneClusterImpl-5d941c1b-c8eb-4358-ab64-bf73cd3544cf/datanode-1/meta/datanode.id
2023-07-28 03:22:18,974 [main] INFO  upgrade.AbstractLayoutVersionManager (AbstractLayoutVersionManager.java:init(83)) - Initializing Layout version manager with metadata layout = HADOOP_PRC_PORTS_IN_DATANODEDETAILS (version = 7), software layout = HADOOP_PRC_PORTS_IN_DATANODEDETAILS (version = 7)
2023-07-28 03:22:18,975 [main] INFO  statemachine.DatanodeStateMachine (DatanodeStateMachine.java:getEndPointTaskThreadPoolSize(282)) - Datanode State Machine Task Thread Pool size 2
2023-07-28 03:22:18,977 [main] INFO  volume.HddsVolume (HddsVolume.java:<init>(126)) - Creating HddsVolume: /home/runner/work/ozone/ozone/hadoop-ozone/integration-test/target/test-dir/MiniOzoneClusterImpl-5d941c1b-c8eb-4358-ab64-bf73cd3544cf/datanode-2/data-0/containers/hdds of storage type : DISK capacity : 9223372036854775807
2023-07-28 03:22:18,977 [main] INFO  volume.MutableVolumeSet (MutableVolumeSet.java:initializeVolumeSet(173)) - Added Volume : /home/runner/work/ozone/ozone/hadoop-ozone/integration-test/target/test-dir/MiniOzoneClusterImpl-5d941c1b-c8eb-4358-ab64-bf73cd3544cf/datanode-2/data-0/containers/hdds to VolumeSet
2023-07-28 03:22:18,979 [main] INFO  volume.MutableVolumeSet (MutableVolumeSet.java:initializeVolumeSet(173)) - Added Volume : /home/runner/work/ozone/ozone/hadoop-ozone/integration-test/target/test-dir/MiniOzoneClusterImpl-5d941c1b-c8eb-4358-ab64-bf73cd3544cf/datanode-2/data/ratis to VolumeSet
2023-07-28 03:22:18,979 [Thread-175] INFO  ozoneimpl.ContainerReader (ContainerReader.java:readVolume(177)) - Finish verifying containers on volume /home/runner/work/ozone/ozone/hadoop-ozone/integration-test/target/test-dir/MiniOzoneClusterImpl-5d941c1b-c8eb-4358-ab64-bf73cd3544cf/datanode-2/data-0/containers/hdds
2023-07-28 03:22:18,979 [main] INFO  ozoneimpl.OzoneContainer (OzoneContainer.java:buildContainerSet(316)) - Build ContainerSet costs 0s
2023-07-28 03:22:18,983 [main] INFO  server.RaftServer (ConfUtils.java:logGet(46)) - raft.rpc.type = GRPC (default)
2023-07-28 03:22:18,983 [main] INFO  grpc.GrpcConfigKeys (ConfUtils.java:logFallback(53)) - raft.grpc.admin.host = null (fallback to raft.grpc.server.host)
2023-07-28 03:22:18,983 [main] INFO  grpc.GrpcConfigKeys (ConfUtils.java:logGet(46)) - raft.grpc.admin.port = 15031 (custom)
2023-07-28 03:22:18,983 [main] INFO  grpc.GrpcConfigKeys (ConfUtils.java:logFallback(53)) - raft.grpc.client.host = null (fallback to raft.grpc.server.host)
2023-07-28 03:22:18,983 [main] INFO  grpc.GrpcConfigKeys (ConfUtils.java:logGet(46)) - raft.grpc.client.port = 15030 (custom)
2023-07-28 03:22:18,983 [main] INFO  grpc.GrpcConfigKeys (ConfUtils.java:logGet(46)) - raft.grpc.server.host = null (default)
2023-07-28 03:22:18,983 [main] INFO  grpc.GrpcConfigKeys (ConfUtils.java:logGet(46)) - raft.grpc.server.port = 15032 (custom)
2023-07-28 03:22:18,983 [main] INFO  server.GrpcService (ConfUtils.java:logGet(46)) - raft.grpc.message.size.max = 32MB (=33554432) (custom)
2023-07-28 03:22:18,983 [main] INFO  server.RaftServerConfigKeys (ConfUtils.java:logGet(46)) - raft.server.log.appender.buffer.byte-limit = 33554432 (custom)
2023-07-28 03:22:18,984 [main] INFO  server.GrpcService (ConfUtils.java:logGet(46)) - raft.grpc.flow.control.window = 5MB (=5242880) (custom)
2023-07-28 03:22:18,984 [main] INFO  server.RaftServerConfigKeys (ConfUtils.java:logGet(46)) - raft.server.rpc.request.timeout = 60s (custom)
2023-07-28 03:22:18,984 [main] INFO  grpc.GrpcConfigKeys (ConfUtils.java:logGet(46)) - raft.grpc.server.heartbeat.channel = true (default)
2023-07-28 03:22:18,984 [main] INFO  grpc.GrpcConfigKeys (ConfUtils.java:logGet(46)) - raft.grpc.server.async.request.thread.pool.cached = true (default)
2023-07-28 03:22:18,984 [main] INFO  grpc.GrpcConfigKeys (ConfUtils.java:logGet(46)) - raft.grpc.server.async.request.thread.pool.size = 32 (default)
2023-07-28 03:22:18,987 [main] INFO  impl.DataStreamServerImpl (ConfUtils.java:logGet(46)) - raft.datastream.type = NETTY (custom)
2023-07-28 03:22:18,987 [main] INFO  server.RaftServerConfigKeys (ConfUtils.java:logGet(46)) - raft.server.data-stream.async.request.thread.pool.cached = false (default)
2023-07-28 03:22:18,988 [main] INFO  server.RaftServerConfigKeys (ConfUtils.java:logGet(46)) - raft.server.data-stream.async.request.thread.pool.size = 20 (custom)
2023-07-28 03:22:18,988 [main] INFO  server.RaftServerConfigKeys (ConfUtils.java:logGet(46)) - raft.server.data-stream.async.write.thread.pool.size = 16 (default)
2023-07-28 03:22:18,988 [main] INFO  server.RaftServerConfigKeys (ConfUtils.java:logGet(46)) - raft.server.data-stream.client.pool.size = 10 (default)
2023-07-28 03:22:18,988 [main] INFO  netty.NettyConfigKeys$DataStream (ConfUtils.java:logGet(46)) - raft.netty.dataStream.server.use-epoll = false (default)
2023-07-28 03:22:18,988 [main] INFO  netty.NettyConfigKeys$DataStream (ConfUtils.java:logGet(46)) - raft.netty.dataStream.server.boss-group.size = 0 (default)
2023-07-28 03:22:18,988 [main] INFO  netty.NettyConfigKeys$DataStream (ConfUtils.java:logGet(46)) - raft.netty.dataStream.server.worker-group.size = 0 (default)
2023-07-28 03:22:18,989 [main] INFO  netty.NettyConfigKeys$DataStream (ConfUtils.java:logGet(46)) - raft.netty.dataStream.server.tls.conf = null (default)
2023-07-28 03:22:18,989 [main] INFO  netty.NettyConfigKeys$DataStream (ConfUtils.java:logGet(46)) - raft.netty.dataStream.host = null (default)
2023-07-28 03:22:18,989 [main] INFO  netty.NettyConfigKeys$DataStream (ConfUtils.java:logGet(46)) - raft.netty.dataStream.port = 15033 (custom)
2023-07-28 03:22:18,989 [main] INFO  server.RaftServerConfigKeys (ConfUtils.java:logGet(46)) - raft.server.threadpool.proxy.cached = true (default)
2023-07-28 03:22:18,990 [main] INFO  server.RaftServerConfigKeys (ConfUtils.java:logGet(46)) - raft.server.threadpool.proxy.size = 0 (default)
2023-07-28 03:22:18,990 [main] INFO  server.RaftServerConfigKeys (ConfUtils.java:logGet(46)) - raft.server.rpc.slowness.timeout = 300s (custom)
2023-07-28 03:22:18,990 [main] INFO  server.RaftServerConfigKeys (ConfUtils.java:logGet(46)) - raft.server.leaderelection.leader.step-down.wait-time = 10s (default)
2023-07-28 03:22:18,990 [main] INFO  server.RaftServerConfigKeys (ConfUtils.java:logGet(46)) - raft.server.storage.dir = [/home/runner/work/ozone/ozone/hadoop-ozone/integration-test/target/test-dir/MiniOzoneClusterImpl-5d941c1b-c8eb-4358-ab64-bf73cd3544cf/datanode-2/data/ratis] (custom)
2023-07-28 03:22:18,992 [f4ca73dd-6b78-4056-9520-157df6408f3a-NettyServerStreamRpc-bossGroup--thread1] INFO  logging.LoggingHandler (AbstractInternalLogger.java:log(148)) - [id: 0x83a06bcf] REGISTERED
2023-07-28 03:22:18,992 [f4ca73dd-6b78-4056-9520-157df6408f3a-NettyServerStreamRpc-bossGroup--thread1] INFO  logging.LoggingHandler (AbstractInternalLogger.java:log(148)) - [id: 0x83a06bcf] BIND: 0.0.0.0/0.0.0.0:15033
2023-07-28 03:22:18,993 [f4ca73dd-6b78-4056-9520-157df6408f3a-NettyServerStreamRpc-bossGroup--thread1] INFO  logging.LoggingHandler (AbstractInternalLogger.java:log(148)) - [id: 0x83a06bcf, L:/0:0:0:0:0:0:0:0:15033] ACTIVE
2023-07-28 03:22:18,993 [f4ca73dd-6b78-4056-9520-157df6408f3a-impl-thread1] INFO  server.RaftServer (RaftServerProxy.java:initGroupDir(258)) - f4ca73dd-6b78-4056-9520-157df6408f3a: found a subdirectory /home/runner/work/ozone/ozone/hadoop-ozone/integration-test/target/test-dir/MiniOzoneClusterImpl-5d941c1b-c8eb-4358-ab64-bf73cd3544cf/datanode-2/data/ratis/tmp
2023-07-28 03:22:18,993 [f4ca73dd-6b78-4056-9520-157df6408f3a-impl-thread1] INFO  server.RaftServer (RaftServerProxy.java:initGroupDir(263)) - f4ca73dd-6b78-4056-9520-157df6408f3a: The directory /home/runner/work/ozone/ozone/hadoop-ozone/integration-test/target/test-dir/MiniOzoneClusterImpl-5d941c1b-c8eb-4358-ab64-bf73cd3544cf/datanode-2/data/ratis/tmp is not a group directory; ignoring it. 
2023-07-28 03:22:18,994 [main] INFO  server.XceiverServerGrpc (XceiverServerGrpc.java:<init>(132)) - GrpcServer channel type EpollServerSocketChannel
2023-07-28 03:22:18,997 [main] INFO  replication.ReplicationSupervisor (ReplicationSupervisor.java:nodeStateUpdated(305)) - Node state updated to IN_SERVICE, scaling executor pool size to 10
2023-07-28 03:22:18,999 [main] INFO  http.BaseHttpServer (BaseHttpServer.java:newHttpServer2BuilderForOzone(224)) - Starting Web-server for hddsDatanode at: http://0.0.0.0:15027
2023-07-28 03:22:19,000 [main] INFO  http.BaseHttpServer (BaseHttpServer.java:<init>(111)) - Hadoop Security Enabled: false Ozone Security Enabled: false Ozone HTTP Security Enabled: false 
2023-07-28 03:22:19,001 [main] WARN  server.AuthenticationFilter (AuthenticationFilter.java:constructSecretProvider(240)) - Unable to initialize FileSignerSecretProvider, falling back to use random secrets. Reason: Could not read signature secret file: /home/runner/hadoop-http-auth-signature-secret
2023-07-28 03:22:19,009 [main] INFO  http.HttpRequestLog (HttpRequestLog.java:getRequestLog(86)) - Http request log for http.requests.hddsDatanode is not defined
2023-07-28 03:22:19,011 [main] INFO  http.HttpServer2 (HttpServer2.java:addGlobalFilter(1031)) - Added global filter 'safety' (class=org.apache.hadoop.hdds.server.http.HttpServer2$QuotingInputFilter)
2023-07-28 03:22:19,012 [main] INFO  http.HttpServer2 (HttpServer2.java:addFilter(1007)) - Added filter static_user_filter (class=org.apache.hadoop.http.lib.StaticUserWebFilter$StaticUserFilter) to context hddsDatanode
2023-07-28 03:22:19,012 [main] INFO  http.HttpServer2 (HttpServer2.java:addFilter(1015)) - Added filter static_user_filter (class=org.apache.hadoop.http.lib.StaticUserWebFilter$StaticUserFilter) to context static
2023-07-28 03:22:19,012 [main] INFO  http.HttpServer2 (HttpServer2.java:addFilter(1015)) - Added filter static_user_filter (class=org.apache.hadoop.http.lib.StaticUserWebFilter$StaticUserFilter) to context logs
2023-07-28 03:22:19,013 [main] INFO  http.BaseHttpServer (BaseHttpServer.java:<init>(190)) - HTTP server of hddsDatanode uses base directory /home/runner/work/ozone/ozone/hadoop-ozone/integration-test/target/test-dir/MiniOzoneClusterImpl-5d941c1b-c8eb-4358-ab64-bf73cd3544cf/datanode-2/meta/webserver
2023-07-28 03:22:19,013 [main] INFO  http.HttpServer2 (HttpServer2.java:bindListener(1250)) - Jetty bound to port 15027
2023-07-28 03:22:19,014 [main] INFO  server.Server (Server.java:doStart(375)) - jetty-9.4.51.v20230217; built: 2023-02-17T08:19:37.309Z; git: b45c405e4544384de066f814ed42ae3dceacdd49; jvm 1.8.0_372-b07
2023-07-28 03:22:19,019 [main] INFO  server.session (DefaultSessionIdManager.java:doStart(334)) - DefaultSessionIdManager workerName=node0
2023-07-28 03:22:19,019 [main] INFO  server.session (DefaultSessionIdManager.java:doStart(339)) - No SessionScavenger set, using defaults
2023-07-28 03:22:19,019 [main] INFO  server.session (HouseKeeper.java:startScavenging(132)) - node0 Scavenging every 600000ms
2023-07-28 03:22:19,020 [main] INFO  handler.ContextHandler (ContextHandler.java:doStart(921)) - Started o.e.j.s.ServletContextHandler@59bc3a80{logs,/logs,file:///home/runner/work/ozone/ozone/hadoop-ozone/integration-test/target/log,AVAILABLE}
2023-07-28 03:22:19,021 [main] INFO  handler.ContextHandler (ContextHandler.java:doStart(921)) - Started o.e.j.s.ServletContextHandler@251f9216{static,/static,jar:file:/home/runner/.m2/repository/org/apache/ozone/hdds-container-service/1.4.0-SNAPSHOT/hdds-container-service-1.4.0-SNAPSHOT.jar!/webapps/static,AVAILABLE}
2023-07-28 03:22:19,099 [om1@group-C5BA1605619E-StateMachineUpdater] INFO  ratis.OzoneManagerStateMachine (OzoneManagerStateMachine.java:notifyConfigurationChanged(202)) - Received Configuration change notification from Ratis. New Peer list:
[id: "om1"
address: "localhost:15007"
startupRole: FOLLOWER
]
2023-07-28 03:22:19,224 [main] INFO  handler.ContextHandler (ContextHandler.java:doStart(921)) - Started o.e.j.w.WebAppContext@4e22e204{hddsDatanode,/,file:///home/runner/work/ozone/ozone/hadoop-ozone/integration-test/target/test-dir/MiniOzoneClusterImpl-5d941c1b-c8eb-4358-ab64-bf73cd3544cf/datanode-2/meta/webserver/jetty-0_0_0_0-15027-hdds-container-service-1_4_0-SNAPSHOT_jar-_-any-6362478694018293389/webapp/,AVAILABLE}{jar:file:/home/runner/.m2/repository/org/apache/ozone/hdds-container-service/1.4.0-SNAPSHOT/hdds-container-service-1.4.0-SNAPSHOT.jar!/webapps/hddsDatanode}
2023-07-28 03:22:19,225 [main] INFO  server.AbstractConnector (AbstractConnector.java:doStart(333)) - Started ServerConnector@3feb5c83{HTTP/1.1, (http/1.1)}{0.0.0.0:15027}
2023-07-28 03:22:19,225 [main] INFO  server.Server (Server.java:doStart(415)) - Started @9257ms
2023-07-28 03:22:19,226 [main] WARN  impl.MetricsSystemImpl (MetricsSystemImpl.java:register(279)) - Sink prometheus already exists!
2023-07-28 03:22:19,227 [main] INFO  http.BaseHttpServer (BaseHttpServer.java:updateConnectorAddress(344)) - HTTP server of hddsDatanode listening at http://0.0.0.0:15027
2023-07-28 03:22:19,227 [main] INFO  ipc.CallQueueManager (CallQueueManager.java:<init>(90)) - Using callQueue: class java.util.concurrent.LinkedBlockingQueue, queueCapacity: 100, scheduler: class org.apache.hadoop.ipc.DefaultRpcScheduler, ipcBackoff: false.
2023-07-28 03:22:19,227 [main] INFO  ipc.Server (Server.java:<init>(1287)) - Listener at 0.0.0.0:15028
2023-07-28 03:22:19,229 [Socket Reader #1 for port 15028] INFO  ipc.Server (Server.java:run(1323)) - Starting Socket Reader #1 for port 15028
2023-07-28 03:22:19,231 [main] INFO  ozone.HddsDatanodeService (HddsDatanodeService.java:start(315)) - Datanode start with admins: [runner]
2023-07-28 03:22:19,236 [main] INFO  ozone.HddsDatanodeClientProtocolServer (HddsDatanodeClientProtocolServer.java:start(72)) - RPC server for Client /0.0.0.0:15028
2023-07-28 03:22:19,236 [IPC Server Responder] INFO  ipc.Server (Server.java:run(1562)) - IPC Server Responder: starting
2023-07-28 03:22:19,237 [IPC Server listener on 15028] INFO  ipc.Server (Server.java:run(1402)) - IPC Server listener on 15028: starting
2023-07-28 03:22:19,241 [main] INFO  ozone.MiniOzoneClusterImpl (MiniOzoneClusterImpl.java:lambda$waitForClusterToBeReady$0(224)) - Waiting for nodes to be ready. Got 0 of 3 DN Heartbeats.
2023-07-28 03:22:19,241 [main] INFO  ozone.MiniOzoneClusterImpl (MiniOzoneClusterImpl.java:lambda$waitForClusterToBeReady$0(227)) - Waiting for cluster to exit safe mode
2023-07-28 03:22:19,241 [main] INFO  ozone.MiniOzoneClusterImpl (MiniOzoneClusterImpl.java:lambda$waitForClusterToBeReady$0(229)) - SCM became leader
2023-07-28 03:22:19,242 [Datanode State Machine Daemon Thread] INFO  statemachine.DatanodeStateMachine (DatanodeStateMachine.java:lambda$startDaemon$0(538)) - Ozone container server started.
2023-07-28 03:22:19,252 [Datanode State Machine Task Thread - 0] INFO  datanode.InitDatanodeState (InitDatanodeState.java:persistContainerDatanodeDetails(138)) - DatanodeDetails is persisted to /home/runner/work/ozone/ozone/hadoop-ozone/integration-test/target/test-dir/MiniOzoneClusterImpl-5d941c1b-c8eb-4358-ab64-bf73cd3544cf/datanode-2/meta/datanode.id
2023-07-28 03:22:20,241 [main] INFO  ozone.MiniOzoneClusterImpl (MiniOzoneClusterImpl.java:lambda$waitForClusterToBeReady$0(224)) - Waiting for nodes to be ready. Got 0 of 3 DN Heartbeats.
2023-07-28 03:22:20,241 [main] INFO  ozone.MiniOzoneClusterImpl (MiniOzoneClusterImpl.java:lambda$waitForClusterToBeReady$0(227)) - Waiting for cluster to exit safe mode
2023-07-28 03:22:20,242 [main] INFO  ozone.MiniOzoneClusterImpl (MiniOzoneClusterImpl.java:lambda$waitForClusterToBeReady$0(229)) - SCM became leader
2023-07-28 03:22:20,561 [EndpointStateMachine task thread for /0.0.0.0:15002 - 0 ] INFO  utils.DatanodeStoreCache (DatanodeStoreCache.java:addDB(66)) - Added db /home/runner/work/ozone/ozone/hadoop-ozone/integration-test/target/test-dir/MiniOzoneClusterImpl-5d941c1b-c8eb-4358-ab64-bf73cd3544cf/datanode-0/data-0/containers/hdds/5d941c1b-c8eb-4358-ab64-bf73cd3544cf/DS-17074e29-ec88-446e-83a0-d96f94d78376/container.db to cache
2023-07-28 03:22:20,562 [EndpointStateMachine task thread for /0.0.0.0:15002 - 0 ] INFO  volume.HddsVolume (HddsVolume.java:createDbStore(422)) - SchemaV3 db is created and loaded at /home/runner/work/ozone/ozone/hadoop-ozone/integration-test/target/test-dir/MiniOzoneClusterImpl-5d941c1b-c8eb-4358-ab64-bf73cd3544cf/datanode-0/data-0/containers/hdds/5d941c1b-c8eb-4358-ab64-bf73cd3544cf/DS-17074e29-ec88-446e-83a0-d96f94d78376/container.db for volume DS-17074e29-ec88-446e-83a0-d96f94d78376
2023-07-28 03:22:20,564 [EndpointStateMachine task thread for /0.0.0.0:15002 - 0 ] INFO  volume.ThrottledAsyncChecker (ThrottledAsyncChecker.java:schedule(141)) - Scheduling a check for /home/runner/work/ozone/ozone/hadoop-ozone/integration-test/target/test-dir/MiniOzoneClusterImpl-5d941c1b-c8eb-4358-ab64-bf73cd3544cf/datanode-0/data-0/containers/hdds
2023-07-28 03:22:20,595 [EndpointStateMachine task thread for /0.0.0.0:15002 - 0 ] INFO  volume.StorageVolumeChecker (StorageVolumeChecker.java:checkAllVolumes(213)) - Scheduled health check for volume /home/runner/work/ozone/ozone/hadoop-ozone/integration-test/target/test-dir/MiniOzoneClusterImpl-5d941c1b-c8eb-4358-ab64-bf73cd3544cf/datanode-0/data-0/containers/hdds
2023-07-28 03:22:20,598 [EndpointStateMachine task thread for /0.0.0.0:15002 - 0 ] INFO  volume.ThrottledAsyncChecker (ThrottledAsyncChecker.java:schedule(141)) - Scheduling a check for /home/runner/work/ozone/ozone/hadoop-ozone/integration-test/target/test-dir/MiniOzoneClusterImpl-5d941c1b-c8eb-4358-ab64-bf73cd3544cf/datanode-0/data/ratis
2023-07-28 03:22:20,599 [EndpointStateMachine task thread for /0.0.0.0:15002 - 0 ] INFO  volume.StorageVolumeChecker (StorageVolumeChecker.java:checkAllVolumes(213)) - Scheduled health check for volume /home/runner/work/ozone/ozone/hadoop-ozone/integration-test/target/test-dir/MiniOzoneClusterImpl-5d941c1b-c8eb-4358-ab64-bf73cd3544cf/datanode-0/data/ratis
2023-07-28 03:22:20,609 [EndpointStateMachine task thread for /0.0.0.0:15002 - 0 ] INFO  ozoneimpl.OzoneContainer (OzoneContainer.java:start(431)) - Attempting to start container services.
2023-07-28 03:22:20,615 [EndpointStateMachine task thread for /0.0.0.0:15002 - 0 ] INFO  ozoneimpl.OzoneContainer (OzoneContainer.java:startContainerScrub(327)) - Scheduled background container scanners and the on-demand container scanner have been disabled.
2023-07-28 03:22:20,620 [EndpointStateMachine task thread for /0.0.0.0:15002 - 0 ] INFO  replication.ReplicationServer (ReplicationServer.java:start(128)) - ReplicationServer is started using port 15016
2023-07-28 03:22:20,620 [EndpointStateMachine task thread for /0.0.0.0:15002 - 0 ] INFO  ratis.XceiverServerRatis (XceiverServerRatis.java:start(517)) - Starting XceiverServerRatis e04aa943-cde2-4456-a19a-42c119af903b
2023-07-28 03:22:20,622 [EndpointStateMachine task thread for /0.0.0.0:15002 - 0 ] INFO  server.RaftServer (RaftServerProxy.java:startImpl(400)) - e04aa943-cde2-4456-a19a-42c119af903b: start RPC server
2023-07-28 03:22:20,632 [EndpointStateMachine task thread for /0.0.0.0:15002 - 0 ] INFO  server.GrpcService (GrpcService.java:startImpl(302)) - e04aa943-cde2-4456-a19a-42c119af903b: GrpcService started, listening on 15012
2023-07-28 03:22:20,634 [EndpointStateMachine task thread for /0.0.0.0:15002 - 0 ] INFO  server.GrpcService (GrpcService.java:startImpl(302)) - e04aa943-cde2-4456-a19a-42c119af903b: GrpcService started, listening on 15014
2023-07-28 03:22:20,635 [EndpointStateMachine task thread for /0.0.0.0:15002 - 0 ] INFO  server.GrpcService (GrpcService.java:startImpl(302)) - e04aa943-cde2-4456-a19a-42c119af903b: GrpcService started, listening on 15013
2023-07-28 03:22:20,635 [EndpointStateMachine task thread for /0.0.0.0:15002 - 0 ] INFO  ratis.XceiverServerRatis (XceiverServerRatis.java:getRealPort(543)) - XceiverServerRatis e04aa943-cde2-4456-a19a-42c119af903b is started using port 15012 for RATIS
2023-07-28 03:22:20,636 [EndpointStateMachine task thread for /0.0.0.0:15002 - 0 ] INFO  ratis.XceiverServerRatis (XceiverServerRatis.java:getRealPort(543)) - XceiverServerRatis e04aa943-cde2-4456-a19a-42c119af903b is started using port 15013 for RATIS_ADMIN
2023-07-28 03:22:20,636 [EndpointStateMachine task thread for /0.0.0.0:15002 - 0 ] INFO  ratis.XceiverServerRatis (XceiverServerRatis.java:getRealPort(543)) - XceiverServerRatis e04aa943-cde2-4456-a19a-42c119af903b is started using port 15014 for RATIS_SERVER
2023-07-28 03:22:20,636 [EndpointStateMachine task thread for /0.0.0.0:15002 - 0 ] INFO  ratis.XceiverServerRatis (XceiverServerRatis.java:getRealPort(543)) - XceiverServerRatis e04aa943-cde2-4456-a19a-42c119af903b is started using port 15015 for RATIS_DATASTREAM
2023-07-28 03:22:20,636 [JvmPauseMonitor2] INFO  util.JvmPauseMonitor (JvmPauseMonitor.java:run(103)) - JvmPauseMonitor-e04aa943-cde2-4456-a19a-42c119af903b: Started
2023-07-28 03:22:20,651 [BlockDeletingService#0] INFO  interfaces.ContainerDeletionChoosingPolicyTemplate (ContainerDeletionChoosingPolicyTemplate.java:chooseContainerForBlockDeletion(83)) - Chosen 0/5000 blocks from 0 candidate containers.
2023-07-28 03:22:20,982 [EndpointStateMachine task thread for /0.0.0.0:15002 - 0 ] INFO  utils.DatanodeStoreCache (DatanodeStoreCache.java:addDB(66)) - Added db /home/runner/work/ozone/ozone/hadoop-ozone/integration-test/target/test-dir/MiniOzoneClusterImpl-5d941c1b-c8eb-4358-ab64-bf73cd3544cf/datanode-1/data-0/containers/hdds/5d941c1b-c8eb-4358-ab64-bf73cd3544cf/DS-1d01c657-7a7a-428b-88a1-2dd436f6206a/container.db to cache
2023-07-28 03:22:20,983 [EndpointStateMachine task thread for /0.0.0.0:15002 - 0 ] INFO  volume.HddsVolume (HddsVolume.java:createDbStore(422)) - SchemaV3 db is created and loaded at /home/runner/work/ozone/ozone/hadoop-ozone/integration-test/target/test-dir/MiniOzoneClusterImpl-5d941c1b-c8eb-4358-ab64-bf73cd3544cf/datanode-1/data-0/containers/hdds/5d941c1b-c8eb-4358-ab64-bf73cd3544cf/DS-1d01c657-7a7a-428b-88a1-2dd436f6206a/container.db for volume DS-1d01c657-7a7a-428b-88a1-2dd436f6206a
2023-07-28 03:22:20,986 [EndpointStateMachine task thread for /0.0.0.0:15002 - 0 ] INFO  volume.ThrottledAsyncChecker (ThrottledAsyncChecker.java:schedule(141)) - Scheduling a check for /home/runner/work/ozone/ozone/hadoop-ozone/integration-test/target/test-dir/MiniOzoneClusterImpl-5d941c1b-c8eb-4358-ab64-bf73cd3544cf/datanode-1/data-0/containers/hdds
2023-07-28 03:22:20,990 [EndpointStateMachine task thread for /0.0.0.0:15002 - 0 ] INFO  volume.StorageVolumeChecker (StorageVolumeChecker.java:checkAllVolumes(213)) - Scheduled health check for volume /home/runner/work/ozone/ozone/hadoop-ozone/integration-test/target/test-dir/MiniOzoneClusterImpl-5d941c1b-c8eb-4358-ab64-bf73cd3544cf/datanode-1/data-0/containers/hdds
2023-07-28 03:22:20,995 [EndpointStateMachine task thread for /0.0.0.0:15002 - 0 ] INFO  volume.ThrottledAsyncChecker (ThrottledAsyncChecker.java:schedule(141)) - Scheduling a check for /home/runner/work/ozone/ozone/hadoop-ozone/integration-test/target/test-dir/MiniOzoneClusterImpl-5d941c1b-c8eb-4358-ab64-bf73cd3544cf/datanode-1/data/ratis
2023-07-28 03:22:20,995 [EndpointStateMachine task thread for /0.0.0.0:15002 - 0 ] INFO  volume.StorageVolumeChecker (StorageVolumeChecker.java:checkAllVolumes(213)) - Scheduled health check for volume /home/runner/work/ozone/ozone/hadoop-ozone/integration-test/target/test-dir/MiniOzoneClusterImpl-5d941c1b-c8eb-4358-ab64-bf73cd3544cf/datanode-1/data/ratis
2023-07-28 03:22:20,996 [EndpointStateMachine task thread for /0.0.0.0:15002 - 0 ] INFO  ozoneimpl.OzoneContainer (OzoneContainer.java:start(431)) - Attempting to start container services.
2023-07-28 03:22:20,996 [EndpointStateMachine task thread for /0.0.0.0:15002 - 0 ] INFO  ozoneimpl.OzoneContainer (OzoneContainer.java:startContainerScrub(327)) - Scheduled background container scanners and the on-demand container scanner have been disabled.
2023-07-28 03:22:20,998 [EndpointStateMachine task thread for /0.0.0.0:15002 - 0 ] INFO  replication.ReplicationServer (ReplicationServer.java:start(128)) - ReplicationServer is started using port 15025
2023-07-28 03:22:20,998 [EndpointStateMachine task thread for /0.0.0.0:15002 - 0 ] INFO  ratis.XceiverServerRatis (XceiverServerRatis.java:start(517)) - Starting XceiverServerRatis 2b789b44-0f91-485a-b48f-c9199eaf29b8
2023-07-28 03:22:20,999 [EndpointStateMachine task thread for /0.0.0.0:15002 - 0 ] INFO  server.RaftServer (RaftServerProxy.java:startImpl(400)) - 2b789b44-0f91-485a-b48f-c9199eaf29b8: start RPC server
2023-07-28 03:22:21,000 [EndpointStateMachine task thread for /0.0.0.0:15002 - 0 ] INFO  server.GrpcService (GrpcService.java:startImpl(302)) - 2b789b44-0f91-485a-b48f-c9199eaf29b8: GrpcService started, listening on 15021
2023-07-28 03:22:21,002 [EndpointStateMachine task thread for /0.0.0.0:15002 - 0 ] INFO  server.GrpcService (GrpcService.java:startImpl(302)) - 2b789b44-0f91-485a-b48f-c9199eaf29b8: GrpcService started, listening on 15023
2023-07-28 03:22:21,005 [EndpointStateMachine task thread for /0.0.0.0:15002 - 0 ] INFO  server.GrpcService (GrpcService.java:startImpl(302)) - 2b789b44-0f91-485a-b48f-c9199eaf29b8: GrpcService started, listening on 15022
2023-07-28 03:22:21,005 [EndpointStateMachine task thread for /0.0.0.0:15002 - 0 ] INFO  ratis.XceiverServerRatis (XceiverServerRatis.java:getRealPort(543)) - XceiverServerRatis 2b789b44-0f91-485a-b48f-c9199eaf29b8 is started using port 15021 for RATIS
2023-07-28 03:22:21,005 [EndpointStateMachine task thread for /0.0.0.0:15002 - 0 ] INFO  ratis.XceiverServerRatis (XceiverServerRatis.java:getRealPort(543)) - XceiverServerRatis 2b789b44-0f91-485a-b48f-c9199eaf29b8 is started using port 15022 for RATIS_ADMIN
2023-07-28 03:22:21,005 [JvmPauseMonitor3] INFO  util.JvmPauseMonitor (JvmPauseMonitor.java:run(103)) - JvmPauseMonitor-2b789b44-0f91-485a-b48f-c9199eaf29b8: Started
2023-07-28 03:22:21,005 [EndpointStateMachine task thread for /0.0.0.0:15002 - 0 ] INFO  ratis.XceiverServerRatis (XceiverServerRatis.java:getRealPort(543)) - XceiverServerRatis 2b789b44-0f91-485a-b48f-c9199eaf29b8 is started using port 15023 for RATIS_SERVER
2023-07-28 03:22:21,012 [EndpointStateMachine task thread for /0.0.0.0:15002 - 0 ] INFO  ratis.XceiverServerRatis (XceiverServerRatis.java:getRealPort(543)) - XceiverServerRatis 2b789b44-0f91-485a-b48f-c9199eaf29b8 is started using port 15024 for RATIS_DATASTREAM
2023-07-28 03:22:21,021 [BlockDeletingService#0] INFO  interfaces.ContainerDeletionChoosingPolicyTemplate (ContainerDeletionChoosingPolicyTemplate.java:chooseContainerForBlockDeletion(83)) - Chosen 0/5000 blocks from 0 candidate containers.
2023-07-28 03:22:21,242 [main] INFO  ozone.MiniOzoneClusterImpl (MiniOzoneClusterImpl.java:lambda$waitForClusterToBeReady$0(224)) - Waiting for nodes to be ready. Got 0 of 3 DN Heartbeats.
2023-07-28 03:22:21,242 [main] INFO  ozone.MiniOzoneClusterImpl (MiniOzoneClusterImpl.java:lambda$waitForClusterToBeReady$0(227)) - Waiting for cluster to exit safe mode
2023-07-28 03:22:21,242 [main] INFO  ozone.MiniOzoneClusterImpl (MiniOzoneClusterImpl.java:lambda$waitForClusterToBeReady$0(229)) - SCM became leader
2023-07-28 03:22:21,290 [EndpointStateMachine task thread for /0.0.0.0:15002 - 0 ] INFO  utils.DatanodeStoreCache (DatanodeStoreCache.java:addDB(66)) - Added db /home/runner/work/ozone/ozone/hadoop-ozone/integration-test/target/test-dir/MiniOzoneClusterImpl-5d941c1b-c8eb-4358-ab64-bf73cd3544cf/datanode-2/data-0/containers/hdds/5d941c1b-c8eb-4358-ab64-bf73cd3544cf/DS-a42e0705-47c8-4b77-8bc6-ccdc3e2fbb44/container.db to cache
2023-07-28 03:22:21,290 [EndpointStateMachine task thread for /0.0.0.0:15002 - 0 ] INFO  volume.HddsVolume (HddsVolume.java:createDbStore(422)) - SchemaV3 db is created and loaded at /home/runner/work/ozone/ozone/hadoop-ozone/integration-test/target/test-dir/MiniOzoneClusterImpl-5d941c1b-c8eb-4358-ab64-bf73cd3544cf/datanode-2/data-0/containers/hdds/5d941c1b-c8eb-4358-ab64-bf73cd3544cf/DS-a42e0705-47c8-4b77-8bc6-ccdc3e2fbb44/container.db for volume DS-a42e0705-47c8-4b77-8bc6-ccdc3e2fbb44
2023-07-28 03:22:21,293 [EndpointStateMachine task thread for /0.0.0.0:15002 - 0 ] INFO  volume.ThrottledAsyncChecker (ThrottledAsyncChecker.java:schedule(141)) - Scheduling a check for /home/runner/work/ozone/ozone/hadoop-ozone/integration-test/target/test-dir/MiniOzoneClusterImpl-5d941c1b-c8eb-4358-ab64-bf73cd3544cf/datanode-2/data-0/containers/hdds
2023-07-28 03:22:21,293 [EndpointStateMachine task thread for /0.0.0.0:15002 - 0 ] INFO  volume.StorageVolumeChecker (StorageVolumeChecker.java:checkAllVolumes(213)) - Scheduled health check for volume /home/runner/work/ozone/ozone/hadoop-ozone/integration-test/target/test-dir/MiniOzoneClusterImpl-5d941c1b-c8eb-4358-ab64-bf73cd3544cf/datanode-2/data-0/containers/hdds
2023-07-28 03:22:21,296 [EndpointStateMachine task thread for /0.0.0.0:15002 - 0 ] INFO  volume.ThrottledAsyncChecker (ThrottledAsyncChecker.java:schedule(141)) - Scheduling a check for /home/runner/work/ozone/ozone/hadoop-ozone/integration-test/target/test-dir/MiniOzoneClusterImpl-5d941c1b-c8eb-4358-ab64-bf73cd3544cf/datanode-2/data/ratis
2023-07-28 03:22:21,299 [EndpointStateMachine task thread for /0.0.0.0:15002 - 0 ] INFO  volume.StorageVolumeChecker (StorageVolumeChecker.java:checkAllVolumes(213)) - Scheduled health check for volume /home/runner/work/ozone/ozone/hadoop-ozone/integration-test/target/test-dir/MiniOzoneClusterImpl-5d941c1b-c8eb-4358-ab64-bf73cd3544cf/datanode-2/data/ratis
2023-07-28 03:22:21,300 [EndpointStateMachine task thread for /0.0.0.0:15002 - 0 ] INFO  ozoneimpl.OzoneContainer (OzoneContainer.java:start(431)) - Attempting to start container services.
2023-07-28 03:22:21,301 [EndpointStateMachine task thread for /0.0.0.0:15002 - 0 ] INFO  ozoneimpl.OzoneContainer (OzoneContainer.java:startContainerScrub(327)) - Scheduled background container scanners and the on-demand container scanner have been disabled.
2023-07-28 03:22:21,302 [EndpointStateMachine task thread for /0.0.0.0:15002 - 0 ] INFO  replication.ReplicationServer (ReplicationServer.java:start(128)) - ReplicationServer is started using port 15034
2023-07-28 03:22:21,302 [EndpointStateMachine task thread for /0.0.0.0:15002 - 0 ] INFO  ratis.XceiverServerRatis (XceiverServerRatis.java:start(517)) - Starting XceiverServerRatis f4ca73dd-6b78-4056-9520-157df6408f3a
2023-07-28 03:22:21,303 [EndpointStateMachine task thread for /0.0.0.0:15002 - 0 ] INFO  server.RaftServer (RaftServerProxy.java:startImpl(400)) - f4ca73dd-6b78-4056-9520-157df6408f3a: start RPC server
2023-07-28 03:22:21,306 [EndpointStateMachine task thread for /0.0.0.0:15002 - 0 ] INFO  server.GrpcService (GrpcService.java:startImpl(302)) - f4ca73dd-6b78-4056-9520-157df6408f3a: GrpcService started, listening on 15030
2023-07-28 03:22:21,307 [EndpointStateMachine task thread for /0.0.0.0:15002 - 0 ] INFO  server.GrpcService (GrpcService.java:startImpl(302)) - f4ca73dd-6b78-4056-9520-157df6408f3a: GrpcService started, listening on 15032
2023-07-28 03:22:21,309 [EndpointStateMachine task thread for /0.0.0.0:15002 - 0 ] INFO  server.GrpcService (GrpcService.java:startImpl(302)) - f4ca73dd-6b78-4056-9520-157df6408f3a: GrpcService started, listening on 15031
2023-07-28 03:22:21,309 [EndpointStateMachine task thread for /0.0.0.0:15002 - 0 ] INFO  ratis.XceiverServerRatis (XceiverServerRatis.java:getRealPort(543)) - XceiverServerRatis f4ca73dd-6b78-4056-9520-157df6408f3a is started using port 15030 for RATIS
2023-07-28 03:22:21,309 [JvmPauseMonitor4] INFO  util.JvmPauseMonitor (JvmPauseMonitor.java:run(103)) - JvmPauseMonitor-f4ca73dd-6b78-4056-9520-157df6408f3a: Started
2023-07-28 03:22:21,309 [EndpointStateMachine task thread for /0.0.0.0:15002 - 0 ] INFO  ratis.XceiverServerRatis (XceiverServerRatis.java:getRealPort(543)) - XceiverServerRatis f4ca73dd-6b78-4056-9520-157df6408f3a is started using port 15031 for RATIS_ADMIN
2023-07-28 03:22:21,310 [EndpointStateMachine task thread for /0.0.0.0:15002 - 0 ] INFO  ratis.XceiverServerRatis (XceiverServerRatis.java:getRealPort(543)) - XceiverServerRatis f4ca73dd-6b78-4056-9520-157df6408f3a is started using port 15032 for RATIS_SERVER
2023-07-28 03:22:21,310 [EndpointStateMachine task thread for /0.0.0.0:15002 - 0 ] INFO  ratis.XceiverServerRatis (XceiverServerRatis.java:getRealPort(543)) - XceiverServerRatis f4ca73dd-6b78-4056-9520-157df6408f3a is started using port 15033 for RATIS_DATASTREAM
2023-07-28 03:22:21,318 [BlockDeletingService#0] INFO  interfaces.ContainerDeletionChoosingPolicyTemplate (ContainerDeletionChoosingPolicyTemplate.java:chooseContainerForBlockDeletion(83)) - Chosen 0/5000 blocks from 0 candidate containers.
2023-07-28 03:22:22,242 [main] INFO  ozone.MiniOzoneClusterImpl (MiniOzoneClusterImpl.java:lambda$waitForClusterToBeReady$0(224)) - Waiting for nodes to be ready. Got 0 of 3 DN Heartbeats.
2023-07-28 03:22:22,243 [main] INFO  ozone.MiniOzoneClusterImpl (MiniOzoneClusterImpl.java:lambda$waitForClusterToBeReady$0(227)) - Waiting for cluster to exit safe mode
2023-07-28 03:22:22,243 [main] INFO  ozone.MiniOzoneClusterImpl (MiniOzoneClusterImpl.java:lambda$waitForClusterToBeReady$0(229)) - SCM became leader
2023-07-28 03:22:22,472 [IPC Server handler 1 on default port 15002] INFO  net.NetworkTopologyImpl (NetworkTopologyImpl.java:add(112)) - Added a new node: /default-rack/e04aa943-cde2-4456-a19a-42c119af903b
2023-07-28 03:22:22,475 [IPC Server handler 1 on default port 15002] INFO  node.SCMNodeManager (SCMNodeManager.java:register(405)) - Registered Data node : e04aa943-cde2-4456-a19a-42c119af903b{ip: 10.1.0.5, host: fv-az589-978.uboosrsz5isuzmpcyqq3lvnebe.bx.internal.cloudapp.net, ports: [HTTP=15009, CLIENT_RPC=15010, REPLICATION=15016, RATIS=15012, RATIS_ADMIN=15013, RATIS_SERVER=15014, RATIS_DATASTREAM=15015, STANDALONE=15011], networkLocation: /default-rack, certSerialId: null, persistedOpState: null, persistedOpStateExpiryEpochSec: 0}
2023-07-28 03:22:22,480 [EventQueue-NewNodeForNewNodeHandler] INFO  pipeline.BackgroundPipelineCreator (BackgroundPipelineCreator.java:notifyEventTriggered(277)) - trigger a one-shot run on RatisPipelineUtilsThread.
2023-07-28 03:22:22,481 [EventQueue-NodeRegistrationContainerReportForContainerSafeModeRule] INFO  safemode.SCMSafeModeManager (SCMSafeModeManager.java:validateSafeModeExitRules(200)) - ContainerSafeModeRule rule is successfully validated
2023-07-28 03:22:22,493 [EventQueue-NodeRegistrationContainerReportForDataNodeSafeModeRule] INFO  safemode.SCMSafeModeManager (DataNodeSafeModeRule.java:process(71)) - SCM in safe mode. 1 DataNodes registered, 3 required.
2023-07-28 03:22:22,497 [RatisPipelineUtilsThread - 0] INFO  pipeline.RatisPipelineProvider (RatisPipelineProvider.java:lambda$create$0(206)) - Sending CreatePipelineCommand for pipeline:PipelineID=53509e73-10a2-4499-912c-b3cbedcbcae8 to datanode:e04aa943-cde2-4456-a19a-42c119af903b
2023-07-28 03:22:22,497 [EventQueue-PipelineReportForOneReplicaPipelineSafeModeRule] INFO  safemode.SCMSafeModeManager (SCMSafeModeManager.java:validateSafeModeExitRules(200)) - AtleastOneDatanodeReportedRule rule is successfully validated
2023-07-28 03:22:22,520 [RatisPipelineUtilsThread - 0] INFO  pipeline.BackgroundPipelineCreator (BackgroundPipelineCreator.java:createPipelines(233)) - Created new pipeline Pipeline[ Id: 53509e73-10a2-4499-912c-b3cbedcbcae8, Nodes: e04aa943-cde2-4456-a19a-42c119af903b(fv-az589-978.uboosrsz5isuzmpcyqq3lvnebe.bx.internal.cloudapp.net/10.1.0.5), ReplicationConfig: RATIS/ONE, State:ALLOCATED, leaderId:, CreationTimestamp2023-07-28T03:22:22.495Z[Etc/UTC]]
2023-07-28 03:22:22,951 [IPC Server handler 2 on default port 15002] INFO  net.NetworkTopologyImpl (NetworkTopologyImpl.java:add(112)) - Added a new node: /default-rack/2b789b44-0f91-485a-b48f-c9199eaf29b8
2023-07-28 03:22:22,952 [IPC Server handler 2 on default port 15002] INFO  node.SCMNodeManager (SCMNodeManager.java:register(405)) - Registered Data node : 2b789b44-0f91-485a-b48f-c9199eaf29b8{ip: 10.1.0.5, host: fv-az589-978.uboosrsz5isuzmpcyqq3lvnebe.bx.internal.cloudapp.net, ports: [HTTP=15018, CLIENT_RPC=15019, REPLICATION=15025, RATIS=15021, RATIS_ADMIN=15022, RATIS_SERVER=15023, RATIS_DATASTREAM=15024, STANDALONE=15020], networkLocation: /default-rack, certSerialId: null, persistedOpState: null, persistedOpStateExpiryEpochSec: 0}
2023-07-28 03:22:22,952 [EventQueue-NodeRegistrationContainerReportForDataNodeSafeModeRule] INFO  safemode.SCMSafeModeManager (DataNodeSafeModeRule.java:process(71)) - SCM in safe mode. 2 DataNodes registered, 3 required.
2023-07-28 03:22:22,953 [EventQueue-NewNodeForNewNodeHandler] INFO  pipeline.BackgroundPipelineCreator (BackgroundPipelineCreator.java:notifyEventTriggered(277)) - trigger a one-shot run on RatisPipelineUtilsThread.
2023-07-28 03:22:22,954 [RatisPipelineUtilsThread - 0] INFO  pipeline.RatisPipelineProvider (RatisPipelineProvider.java:lambda$create$0(206)) - Sending CreatePipelineCommand for pipeline:PipelineID=9f4b865f-49a1-4e1c-95e1-965240a2ca3e to datanode:2b789b44-0f91-485a-b48f-c9199eaf29b8
2023-07-28 03:22:22,956 [RatisPipelineUtilsThread - 0] INFO  pipeline.BackgroundPipelineCreator (BackgroundPipelineCreator.java:createPipelines(233)) - Created new pipeline Pipeline[ Id: 9f4b865f-49a1-4e1c-95e1-965240a2ca3e, Nodes: 2b789b44-0f91-485a-b48f-c9199eaf29b8(fv-az589-978.uboosrsz5isuzmpcyqq3lvnebe.bx.internal.cloudapp.net/10.1.0.5), ReplicationConfig: RATIS/ONE, State:ALLOCATED, leaderId:, CreationTimestamp2023-07-28T03:22:22.954Z[Etc/UTC]]
2023-07-28 03:22:23,243 [main] INFO  ozone.MiniOzoneClusterImpl (MiniOzoneClusterImpl.java:lambda$waitForClusterToBeReady$0(224)) - Waiting for nodes to be ready. Got 2 of 3 DN Heartbeats.
2023-07-28 03:22:23,243 [main] INFO  ozone.MiniOzoneClusterImpl (MiniOzoneClusterImpl.java:lambda$waitForClusterToBeReady$0(227)) - Waiting for cluster to exit safe mode
2023-07-28 03:22:23,243 [main] INFO  ozone.MiniOzoneClusterImpl (MiniOzoneClusterImpl.java:lambda$waitForClusterToBeReady$0(229)) - SCM became leader
2023-07-28 03:22:23,252 [IPC Server handler 0 on default port 15002] INFO  net.NetworkTopologyImpl (NetworkTopologyImpl.java:add(112)) - Added a new node: /default-rack/f4ca73dd-6b78-4056-9520-157df6408f3a
2023-07-28 03:22:23,252 [IPC Server handler 0 on default port 15002] INFO  node.SCMNodeManager (SCMNodeManager.java:register(405)) - Registered Data node : f4ca73dd-6b78-4056-9520-157df6408f3a{ip: 10.1.0.5, host: fv-az589-978.uboosrsz5isuzmpcyqq3lvnebe.bx.internal.cloudapp.net, ports: [HTTP=15027, CLIENT_RPC=15028, REPLICATION=15034, RATIS=15030, RATIS_ADMIN=15031, RATIS_SERVER=15032, RATIS_DATASTREAM=15033, STANDALONE=15029], networkLocation: /default-rack, certSerialId: null, persistedOpState: null, persistedOpStateExpiryEpochSec: 0}
2023-07-28 03:22:23,252 [EventQueue-NodeRegistrationContainerReportForDataNodeSafeModeRule] INFO  safemode.SCMSafeModeManager (DataNodeSafeModeRule.java:process(71)) - SCM in safe mode. 3 DataNodes registered, 3 required.
2023-07-28 03:22:23,252 [EventQueue-NodeRegistrationContainerReportForDataNodeSafeModeRule] INFO  safemode.SCMSafeModeManager (SCMSafeModeManager.java:validateSafeModeExitRules(200)) - DataNodeSafeModeRule rule is successfully validated
2023-07-28 03:22:23,252 [EventQueue-NodeRegistrationContainerReportForDataNodeSafeModeRule] INFO  safemode.SCMSafeModeManager (SCMSafeModeManager.java:completePreCheck(229)) - All SCM safe mode pre check rules have passed
2023-07-28 03:22:23,253 [EventQueue-NodeRegistrationContainerReportForDataNodeSafeModeRule] INFO  ha.SCMContext (SCMContext.java:updateSafeModeStatus(228)) - Update SafeModeStatus from SafeModeStatus{safeModeStatus=true, preCheckPassed=false} to SafeModeStatus{safeModeStatus=true, preCheckPassed=true}.
2023-07-28 03:22:23,253 [EventQueue-NodeRegistrationContainerReportForDataNodeSafeModeRule] INFO  pipeline.BackgroundPipelineCreator (BackgroundPipelineCreator.java:notifyEventTriggered(277)) - trigger a one-shot run on RatisPipelineUtilsThread.
2023-07-28 03:22:23,253 [EventQueue-NewNodeForNewNodeHandler] INFO  pipeline.BackgroundPipelineCreator (BackgroundPipelineCreator.java:notifyEventTriggered(277)) - trigger a one-shot run on RatisPipelineUtilsThread.
2023-07-28 03:22:23,253 [RatisPipelineUtilsThread - 0] INFO  pipeline.RatisPipelineProvider (RatisPipelineProvider.java:lambda$create$0(206)) - Sending CreatePipelineCommand for pipeline:PipelineID=4aabad07-50ee-49ec-89c4-a22d2855d194 to datanode:f4ca73dd-6b78-4056-9520-157df6408f3a
2023-07-28 03:22:23,255 [RatisPipelineUtilsThread - 0] INFO  pipeline.BackgroundPipelineCreator (BackgroundPipelineCreator.java:createPipelines(233)) - Created new pipeline Pipeline[ Id: 4aabad07-50ee-49ec-89c4-a22d2855d194, Nodes: f4ca73dd-6b78-4056-9520-157df6408f3a(fv-az589-978.uboosrsz5isuzmpcyqq3lvnebe.bx.internal.cloudapp.net/10.1.0.5), ReplicationConfig: RATIS/ONE, State:ALLOCATED, leaderId:, CreationTimestamp2023-07-28T03:22:23.253Z[Etc/UTC]]
2023-07-28 03:22:23,260 [RatisPipelineUtilsThread - 0] INFO  pipeline.RatisPipelineProvider (RatisPipelineProvider.java:lambda$create$0(206)) - Sending CreatePipelineCommand for pipeline:PipelineID=3f6201dd-4cb5-4189-b630-1c6025d5d53b to datanode:f4ca73dd-6b78-4056-9520-157df6408f3a
2023-07-28 03:22:23,260 [RatisPipelineUtilsThread - 0] INFO  pipeline.RatisPipelineProvider (RatisPipelineProvider.java:lambda$create$0(206)) - Sending CreatePipelineCommand for pipeline:PipelineID=3f6201dd-4cb5-4189-b630-1c6025d5d53b to datanode:2b789b44-0f91-485a-b48f-c9199eaf29b8
2023-07-28 03:22:23,260 [RatisPipelineUtilsThread - 0] INFO  pipeline.RatisPipelineProvider (RatisPipelineProvider.java:lambda$create$0(206)) - Sending CreatePipelineCommand for pipeline:PipelineID=3f6201dd-4cb5-4189-b630-1c6025d5d53b to datanode:e04aa943-cde2-4456-a19a-42c119af903b
2023-07-28 03:22:23,262 [RatisPipelineUtilsThread - 0] INFO  pipeline.BackgroundPipelineCreator (BackgroundPipelineCreator.java:createPipelines(233)) - Created new pipeline Pipeline[ Id: 3f6201dd-4cb5-4189-b630-1c6025d5d53b, Nodes: f4ca73dd-6b78-4056-9520-157df6408f3a(fv-az589-978.uboosrsz5isuzmpcyqq3lvnebe.bx.internal.cloudapp.net/10.1.0.5)2b789b44-0f91-485a-b48f-c9199eaf29b8(fv-az589-978.uboosrsz5isuzmpcyqq3lvnebe.bx.internal.cloudapp.net/10.1.0.5)e04aa943-cde2-4456-a19a-42c119af903b(fv-az589-978.uboosrsz5isuzmpcyqq3lvnebe.bx.internal.cloudapp.net/10.1.0.5), ReplicationConfig: RATIS/THREE, State:ALLOCATED, leaderId:, CreationTimestamp2023-07-28T03:22:23.260Z[Etc/UTC]]
2023-07-28 03:22:23,263 [RatisPipelineUtilsThread - 0] INFO  pipeline.RatisPipelineProvider (RatisPipelineProvider.java:lambda$create$0(206)) - Sending CreatePipelineCommand for pipeline:PipelineID=7c057bca-95e1-4939-b0a5-47480eaafcfc to datanode:f4ca73dd-6b78-4056-9520-157df6408f3a
2023-07-28 03:22:23,263 [RatisPipelineUtilsThread - 0] INFO  pipeline.RatisPipelineProvider (RatisPipelineProvider.java:lambda$create$0(206)) - Sending CreatePipelineCommand for pipeline:PipelineID=7c057bca-95e1-4939-b0a5-47480eaafcfc to datanode:2b789b44-0f91-485a-b48f-c9199eaf29b8
2023-07-28 03:22:23,263 [RatisPipelineUtilsThread - 0] INFO  pipeline.RatisPipelineProvider (RatisPipelineProvider.java:lambda$create$0(206)) - Sending CreatePipelineCommand for pipeline:PipelineID=7c057bca-95e1-4939-b0a5-47480eaafcfc to datanode:e04aa943-cde2-4456-a19a-42c119af903b
2023-07-28 03:22:23,265 [RatisPipelineUtilsThread - 0] INFO  pipeline.PipelineManagerImpl (PipelineManagerImpl.java:recordMetricsForPipeline(895)) - Pipeline: PipelineID=7c057bca-95e1-4939-b0a5-47480eaafcfc contains same datanodes as previous pipelines: PipelineID=3f6201dd-4cb5-4189-b630-1c6025d5d53b nodeIds: f4ca73dd-6b78-4056-9520-157df6408f3a, 2b789b44-0f91-485a-b48f-c9199eaf29b8, e04aa943-cde2-4456-a19a-42c119af903b
2023-07-28 03:22:23,265 [RatisPipelineUtilsThread - 0] INFO  pipeline.BackgroundPipelineCreator (BackgroundPipelineCreator.java:createPipelines(233)) - Created new pipeline Pipeline[ Id: 7c057bca-95e1-4939-b0a5-47480eaafcfc, Nodes: f4ca73dd-6b78-4056-9520-157df6408f3a(fv-az589-978.uboosrsz5isuzmpcyqq3lvnebe.bx.internal.cloudapp.net/10.1.0.5)2b789b44-0f91-485a-b48f-c9199eaf29b8(fv-az589-978.uboosrsz5isuzmpcyqq3lvnebe.bx.internal.cloudapp.net/10.1.0.5)e04aa943-cde2-4456-a19a-42c119af903b(fv-az589-978.uboosrsz5isuzmpcyqq3lvnebe.bx.internal.cloudapp.net/10.1.0.5), ReplicationConfig: RATIS/THREE, State:ALLOCATED, leaderId:, CreationTimestamp2023-07-28T03:22:23.263Z[Etc/UTC]]
2023-07-28 03:22:23,265 [RatisPipelineUtilsThread - 0] WARN  pipeline.PipelinePlacementPolicy (PipelinePlacementPolicy.java:filterViableNodes(166)) - Pipeline creation failed due to no sufficient healthy datanodes. Required 3. Found 0. Excluded 3.
2023-07-28 03:22:23,266 [RatisPipelineUtilsThread - 0] WARN  pipeline.PipelinePlacementPolicy (PipelinePlacementPolicy.java:filterViableNodes(166)) - Pipeline creation failed due to no sufficient healthy datanodes. Required 3. Found 0. Excluded 3.
2023-07-28 03:22:24,244 [main] INFO  ozone.MiniOzoneClusterImpl (MiniOzoneClusterImpl.java:lambda$waitForClusterToBeReady$0(224)) - Nodes are ready. Got 3 of 3 DN Heartbeats.
2023-07-28 03:22:24,244 [main] INFO  ozone.MiniOzoneClusterImpl (MiniOzoneClusterImpl.java:lambda$waitForClusterToBeReady$0(227)) - Waiting for cluster to exit safe mode
2023-07-28 03:22:24,245 [main] INFO  ozone.MiniOzoneClusterImpl (MiniOzoneClusterImpl.java:lambda$waitForClusterToBeReady$0(229)) - SCM became leader
2023-07-28 03:22:25,245 [main] INFO  ozone.MiniOzoneClusterImpl (MiniOzoneClusterImpl.java:lambda$waitForClusterToBeReady$0(224)) - Nodes are ready. Got 3 of 3 DN Heartbeats.
2023-07-28 03:22:25,246 [main] INFO  ozone.MiniOzoneClusterImpl (MiniOzoneClusterImpl.java:lambda$waitForClusterToBeReady$0(227)) - Waiting for cluster to exit safe mode
2023-07-28 03:22:25,247 [main] INFO  ozone.MiniOzoneClusterImpl (MiniOzoneClusterImpl.java:lambda$waitForClusterToBeReady$0(229)) - SCM became leader
2023-07-28 03:22:25,471 [PipelineCommandHandlerThread-0] INFO  server.RaftServer (RaftServerProxy.java:addNew(98)) - e04aa943-cde2-4456-a19a-42c119af903b: addNew group-B3CBEDCBCAE8:[e04aa943-cde2-4456-a19a-42c119af903b|rpc:10.1.0.5:15014|admin:10.1.0.5:15013|client:10.1.0.5:15012|dataStream:10.1.0.5:15015|priority:1|startupRole:FOLLOWER] returns group-B3CBEDCBCAE8:java.util.concurrent.CompletableFuture@536ac417[Not completed]
2023-07-28 03:22:25,484 [e04aa943-cde2-4456-a19a-42c119af903b-groupManagement] INFO  server.RaftServer$Division (RaftServerImpl.java:<init>(198)) - e04aa943-cde2-4456-a19a-42c119af903b: new RaftServerImpl for group-B3CBEDCBCAE8:[e04aa943-cde2-4456-a19a-42c119af903b|rpc:10.1.0.5:15014|admin:10.1.0.5:15013|client:10.1.0.5:15012|dataStream:10.1.0.5:15015|priority:1|startupRole:FOLLOWER] with ContainerStateMachine:uninitialized
2023-07-28 03:22:25,485 [e04aa943-cde2-4456-a19a-42c119af903b-groupManagement] INFO  server.RaftServerConfigKeys (ConfUtils.java:logGet(46)) - raft.server.rpc.timeout.min = 5s (custom)
2023-07-28 03:22:25,485 [e04aa943-cde2-4456-a19a-42c119af903b-groupManagement] INFO  server.RaftServerConfigKeys (ConfUtils.java:logGet(46)) - raft.server.rpc.timeout.max = 5200ms (custom)
2023-07-28 03:22:25,485 [e04aa943-cde2-4456-a19a-42c119af903b-groupManagement] INFO  server.RaftServerConfigKeys (ConfUtils.java:logGet(46)) - raft.server.rpc.sleep.time = 25ms (default)
2023-07-28 03:22:25,485 [e04aa943-cde2-4456-a19a-42c119af903b-groupManagement] INFO  server.RaftServerConfigKeys (ConfUtils.java:logGet(46)) - raft.server.rpc.slowness.timeout = 300s (custom)
2023-07-28 03:22:25,485 [e04aa943-cde2-4456-a19a-42c119af903b-groupManagement] INFO  server.RaftServerConfigKeys (ConfUtils.java:logGet(46)) - raft.server.leaderelection.leader.step-down.wait-time = 10s (default)
2023-07-28 03:22:25,485 [e04aa943-cde2-4456-a19a-42c119af903b-groupManagement] INFO  server.RaftServerConfigKeys (ConfUtils.java:logGet(46)) - raft.server.sleep.deviation.threshold = 300ms (default)
2023-07-28 03:22:25,485 [e04aa943-cde2-4456-a19a-42c119af903b-groupManagement] INFO  server.RaftServer$Division (ServerState.java:<init>(120)) - e04aa943-cde2-4456-a19a-42c119af903b@group-B3CBEDCBCAE8: ConfigurationManager, init=-1: peers:[e04aa943-cde2-4456-a19a-42c119af903b|rpc:10.1.0.5:15014|admin:10.1.0.5:15013|client:10.1.0.5:15012|dataStream:10.1.0.5:15015|priority:1|startupRole:FOLLOWER]|listeners:[], old=null, confs=<EMPTY_MAP>
2023-07-28 03:22:25,485 [e04aa943-cde2-4456-a19a-42c119af903b-groupManagement] INFO  server.RaftServerConfigKeys (ConfUtils.java:logGet(46)) - raft.server.storage.dir = [/home/runner/work/ozone/ozone/hadoop-ozone/integration-test/target/test-dir/MiniOzoneClusterImpl-5d941c1b-c8eb-4358-ab64-bf73cd3544cf/datanode-0/data/ratis] (custom)
2023-07-28 03:22:25,485 [e04aa943-cde2-4456-a19a-42c119af903b-groupManagement] INFO  server.RaftServerConfigKeys (ConfUtils.java:logGet(46)) - raft.server.log.corruption.policy = EXCEPTION (default)
2023-07-28 03:22:25,485 [e04aa943-cde2-4456-a19a-42c119af903b-groupManagement] INFO  server.RaftServerConfigKeys (ConfUtils.java:logGet(46)) - raft.server.storage.free-space.min = 0MB (=0) (default)
2023-07-28 03:22:25,486 [e04aa943-cde2-4456-a19a-42c119af903b-groupManagement] INFO  server.RaftServerConfigKeys (ConfUtils.java:logGet(46)) - raft.server.notification.no-leader.timeout = 300s (custom)
2023-07-28 03:22:25,486 [e04aa943-cde2-4456-a19a-42c119af903b-groupManagement] INFO  server.RaftServerConfigKeys (ConfUtils.java:logGet(46)) - raft.server.read.timeout = 10s (default)
2023-07-28 03:22:25,486 [e04aa943-cde2-4456-a19a-42c119af903b-groupManagement] INFO  server.RaftServerConfigKeys (ConfUtils.java:logGet(46)) - raft.server.retrycache.expirytime = 600000ms (custom)
2023-07-28 03:22:25,486 [e04aa943-cde2-4456-a19a-42c119af903b-groupManagement] INFO  server.RaftServerConfigKeys (ConfUtils.java:logGet(46)) - raft.server.retrycache.statistics.expirytime = 100μs (default)
2023-07-28 03:22:25,486 [e04aa943-cde2-4456-a19a-42c119af903b-groupManagement] INFO  server.RaftServerConfigKeys (ConfUtils.java:logGet(46)) - raft.server.read.option = DEFAULT (default)
2023-07-28 03:22:25,489 [e04aa943-cde2-4456-a19a-42c119af903b-groupManagement] INFO  server.RaftServerConfigKeys (ConfUtils.java:logGet(46)) - raft.server.rpc.request.timeout = 60s (custom)
2023-07-28 03:22:25,489 [e04aa943-cde2-4456-a19a-42c119af903b-groupManagement] INFO  server.RaftServerConfigKeys (ConfUtils.java:logGet(46)) - raft.server.log.appender.install.snapshot.enabled = false (custom)
2023-07-28 03:22:25,489 [e04aa943-cde2-4456-a19a-42c119af903b-groupManagement] INFO  server.RaftServerConfigKeys (ConfUtils.java:logGet(46)) - raft.server.threadpool.server.cached = true (default)
2023-07-28 03:22:25,489 [e04aa943-cde2-4456-a19a-42c119af903b-groupManagement] INFO  server.RaftServerConfigKeys (ConfUtils.java:logGet(46)) - raft.server.threadpool.server.size = 0 (default)
2023-07-28 03:22:25,489 [e04aa943-cde2-4456-a19a-42c119af903b-groupManagement] INFO  server.RaftServerConfigKeys (ConfUtils.java:logGet(46)) - raft.server.threadpool.client.cached = true (default)
2023-07-28 03:22:25,489 [e04aa943-cde2-4456-a19a-42c119af903b-groupManagement] INFO  server.RaftServerConfigKeys (ConfUtils.java:logGet(46)) - raft.server.threadpool.client.size = 0 (default)
2023-07-28 03:22:25,489 [e04aa943-cde2-4456-a19a-42c119af903b-groupManagement] INFO  storage.RaftStorageDirectory (RaftStorageDirectoryImpl.java:analyzeStorage(137)) - The storage directory /home/runner/work/ozone/ozone/hadoop-ozone/integration-test/target/test-dir/MiniOzoneClusterImpl-5d941c1b-c8eb-4358-ab64-bf73cd3544cf/datanode-0/data/ratis/53509e73-10a2-4499-912c-b3cbedcbcae8 does not exist. Creating ...
2023-07-28 03:22:25,492 [e04aa943-cde2-4456-a19a-42c119af903b-groupManagement] INFO  storage.RaftStorageDirectory (RaftStorageDirectoryImpl.java:tryLock(231)) - Lock on /home/runner/work/ozone/ozone/hadoop-ozone/integration-test/target/test-dir/MiniOzoneClusterImpl-5d941c1b-c8eb-4358-ab64-bf73cd3544cf/datanode-0/data/ratis/53509e73-10a2-4499-912c-b3cbedcbcae8/in_use.lock acquired by nodename 57223@fv-az589-978
2023-07-28 03:22:25,493 [e04aa943-cde2-4456-a19a-42c119af903b-groupManagement] INFO  storage.RaftStorage (RaftStorageImpl.java:format(96)) - Storage directory /home/runner/work/ozone/ozone/hadoop-ozone/integration-test/target/test-dir/MiniOzoneClusterImpl-5d941c1b-c8eb-4358-ab64-bf73cd3544cf/datanode-0/data/ratis/53509e73-10a2-4499-912c-b3cbedcbcae8 has been successfully formatted.
2023-07-28 03:22:25,501 [e04aa943-cde2-4456-a19a-42c119af903b-groupManagement] INFO  ratis.ContainerStateMachine (ContainerStateMachine.java:loadSnapshot(262)) - group-B3CBEDCBCAE8: The snapshot info is null. Setting the last applied indexto:(t:0, i:~)
2023-07-28 03:22:25,501 [e04aa943-cde2-4456-a19a-42c119af903b-groupManagement] INFO  server.RaftServerConfigKeys (ConfUtils.java:logGet(46)) - raft.server.log.use.memory = false (default)
2023-07-28 03:22:25,502 [e04aa943-cde2-4456-a19a-42c119af903b-groupManagement] INFO  server.RaftServerConfigKeys (ConfUtils.java:logGet(46)) - raft.server.log.purge.gap = 1000000 (custom)
2023-07-28 03:22:25,502 [e04aa943-cde2-4456-a19a-42c119af903b-groupManagement] INFO  server.RaftServerConfigKeys (ConfUtils.java:logGet(46)) - raft.server.log.appender.buffer.byte-limit = 33554432 (custom)
2023-07-28 03:22:25,502 [e04aa943-cde2-4456-a19a-42c119af903b-groupManagement] INFO  server.RaftServerConfigKeys (ConfUtils.java:logGet(46)) - raft.server.log.statemachine.data.read.timeout = 1000ms (default)
2023-07-28 03:22:25,502 [e04aa943-cde2-4456-a19a-42c119af903b-groupManagement] INFO  server.RaftServerConfigKeys (ConfUtils.java:logGet(46)) - raft.server.log.purge.preservation.log.num = 0 (default)
2023-07-28 03:22:25,502 [e04aa943-cde2-4456-a19a-42c119af903b-groupManagement] INFO  server.RaftServerConfigKeys (ConfUtils.java:logGet(46)) - raft.server.log.segment.size.max = 1048576 (custom)
2023-07-28 03:22:25,503 [e04aa943-cde2-4456-a19a-42c119af903b-groupManagement] INFO  server.RaftServerConfigKeys (ConfUtils.java:logGet(46)) - raft.server.log.segment.cache.num.max = 2 (custom)
2023-07-28 03:22:25,503 [e04aa943-cde2-4456-a19a-42c119af903b-groupManagement] INFO  server.RaftServerConfigKeys (ConfUtils.java:logGet(46)) - raft.server.log.segment.cache.size.max = 200MB (=209715200) (default)
2023-07-28 03:22:25,503 [e04aa943-cde2-4456-a19a-42c119af903b-groupManagement] INFO  server.RaftServerConfigKeys (ConfUtils.java:logGet(46)) - raft.server.log.appender.buffer.byte-limit = 33554432 (custom)
2023-07-28 03:22:25,503 [e04aa943-cde2-4456-a19a-42c119af903b-groupManagement] INFO  segmented.SegmentedRaftLogWorker (SegmentedRaftLogWorker.java:<init>(188)) - new e04aa943-cde2-4456-a19a-42c119af903b@group-B3CBEDCBCAE8-SegmentedRaftLogWorker for RaftStorageImpl:Storage Directory /home/runner/work/ozone/ozone/hadoop-ozone/integration-test/target/test-dir/MiniOzoneClusterImpl-5d941c1b-c8eb-4358-ab64-bf73cd3544cf/datanode-0/data/ratis/53509e73-10a2-4499-912c-b3cbedcbcae8
2023-07-28 03:22:25,503 [e04aa943-cde2-4456-a19a-42c119af903b-groupManagement] INFO  server.RaftServerConfigKeys (ConfUtils.java:logGet(46)) - raft.server.log.queue.byte-limit = 4294967296 (custom)
2023-07-28 03:22:25,503 [e04aa943-cde2-4456-a19a-42c119af903b-groupManagement] INFO  server.RaftServerConfigKeys (ConfUtils.java:logGet(46)) - raft.server.log.queue.element-limit = 1024 (custom)
2023-07-28 03:22:25,503 [e04aa943-cde2-4456-a19a-42c119af903b-groupManagement] INFO  server.RaftServerConfigKeys (ConfUtils.java:logGet(46)) - raft.server.log.segment.size.max = 1048576 (custom)
2023-07-28 03:22:25,503 [e04aa943-cde2-4456-a19a-42c119af903b-groupManagement] INFO  server.RaftServerConfigKeys (ConfUtils.java:logGet(46)) - raft.server.log.preallocated.size = 16384 (custom)
2023-07-28 03:22:25,503 [e04aa943-cde2-4456-a19a-42c119af903b-groupManagement] INFO  server.RaftServerConfigKeys (ConfUtils.java:logGet(46)) - raft.server.log.force.sync.num = 128 (default)
2023-07-28 03:22:25,503 [e04aa943-cde2-4456-a19a-42c119af903b-groupManagement] INFO  server.RaftServerConfigKeys (ConfUtils.java:logGet(46)) - raft.server.log.statemachine.data.sync = true (default)
2023-07-28 03:22:25,503 [e04aa943-cde2-4456-a19a-42c119af903b-groupManagement] INFO  server.RaftServerConfigKeys (ConfUtils.java:logGet(46)) - raft.server.log.statemachine.data.sync.timeout = 10s (default)
2023-07-28 03:22:25,503 [e04aa943-cde2-4456-a19a-42c119af903b-groupManagement] INFO  server.RaftServerConfigKeys (ConfUtils.java:logGet(46)) - raft.server.log.statemachine.data.sync.timeout.retry = -1 (default)
2023-07-28 03:22:25,505 [e04aa943-cde2-4456-a19a-42c119af903b-groupManagement] INFO  server.RaftServerConfigKeys (ConfUtils.java:logGet(46)) - raft.server.log.write.buffer.size = 1048576 (custom)
2023-07-28 03:22:25,506 [e04aa943-cde2-4456-a19a-42c119af903b-groupManagement] INFO  server.RaftServerConfigKeys (ConfUtils.java:logGet(46)) - raft.server.log.appender.buffer.byte-limit = 33554432 (custom)
2023-07-28 03:22:25,511 [e04aa943-cde2-4456-a19a-42c119af903b-groupManagement] INFO  server.RaftServerConfigKeys (ConfUtils.java:logGet(46)) - raft.server.log.unsafe-flush.enabled = false (default)
2023-07-28 03:22:25,511 [e04aa943-cde2-4456-a19a-42c119af903b-groupManagement] INFO  server.RaftServerConfigKeys (ConfUtils.java:logGet(46)) - raft.server.log.async-flush.enabled = false (default)
2023-07-28 03:22:25,511 [e04aa943-cde2-4456-a19a-42c119af903b-groupManagement] INFO  server.RaftServerConfigKeys (ConfUtils.java:logGet(46)) - raft.server.log.statemachine.data.caching.enabled = true (custom)
2023-07-28 03:22:25,511 [e04aa943-cde2-4456-a19a-42c119af903b-groupManagement] INFO  segmented.SegmentedRaftLogWorker (SegmentedRaftLogWorker.java:lambda$new$0(135)) - e04aa943-cde2-4456-a19a-42c119af903b@group-B3CBEDCBCAE8-SegmentedRaftLogWorker: flushIndex: setUnconditionally 0 -> -1
2023-07-28 03:22:25,511 [e04aa943-cde2-4456-a19a-42c119af903b-groupManagement] INFO  segmented.SegmentedRaftLogWorker (SegmentedRaftLogWorker.java:lambda$new$0(135)) - e04aa943-cde2-4456-a19a-42c119af903b@group-B3CBEDCBCAE8-SegmentedRaftLogWorker: safeCacheEvictIndex: setUnconditionally 0 -> -1
2023-07-28 03:22:25,517 [EventQueue-PipelineReportForPipelineReportHandler] INFO  pipeline.PipelineReportHandler (PipelineReportHandler.java:processPipelineReport(136)) - Opened pipeline PipelineID=53509e73-10a2-4499-912c-b3cbedcbcae8
2023-07-28 03:22:25,519 [e04aa943-cde2-4456-a19a-42c119af903b-groupManagement] INFO  server.RaftServer$Division (RaftServerImpl.java:start(342)) - e04aa943-cde2-4456-a19a-42c119af903b@group-B3CBEDCBCAE8: start as a follower, conf=-1: peers:[e04aa943-cde2-4456-a19a-42c119af903b|rpc:10.1.0.5:15014|admin:10.1.0.5:15013|client:10.1.0.5:15012|dataStream:10.1.0.5:15015|priority:1|startupRole:FOLLOWER]|listeners:[], old=null
2023-07-28 03:22:25,519 [e04aa943-cde2-4456-a19a-42c119af903b-groupManagement] INFO  server.RaftServer$Division (RaftServerImpl.java:setRole(329)) - e04aa943-cde2-4456-a19a-42c119af903b@group-B3CBEDCBCAE8: changes role from      null to FOLLOWER at term 0 for startAsFollower
2023-07-28 03:22:25,519 [EventQueue-OpenPipelineForHealthyPipelineSafeModeRule] INFO  safemode.SCMSafeModeManager (HealthyPipelineSafeModeRule.java:process(137)) - SCM in safe mode. Healthy pipelines reported count is 0, required healthy pipeline reported count is 1
2023-07-28 03:22:25,519 [e04aa943-cde2-4456-a19a-42c119af903b-groupManagement] INFO  impl.RoleInfo (RoleInfo.java:updateAndGet(139)) - e04aa943-cde2-4456-a19a-42c119af903b: start e04aa943-cde2-4456-a19a-42c119af903b@group-B3CBEDCBCAE8-FollowerState
2023-07-28 03:22:25,520 [e04aa943-cde2-4456-a19a-42c119af903b-groupManagement] INFO  util.JmxRegister (JmxRegister.java:tryRegister(44)) - Successfully registered JMX Bean with object name Ratis:service=RaftServer,group=group-B3CBEDCBCAE8,id=e04aa943-cde2-4456-a19a-42c119af903b
2023-07-28 03:22:25,520 [e04aa943-cde2-4456-a19a-42c119af903b-groupManagement] INFO  server.RaftServerConfigKeys (ConfUtils.java:logGet(46)) - raft.server.snapshot.auto.trigger.enabled = true (custom)
2023-07-28 03:22:25,520 [e04aa943-cde2-4456-a19a-42c119af903b-groupManagement] INFO  server.RaftServerConfigKeys (ConfUtils.java:logGet(46)) - raft.server.snapshot.auto.trigger.threshold = 10000 (custom)
2023-07-28 03:22:25,520 [e04aa943-cde2-4456-a19a-42c119af903b-groupManagement] INFO  server.RaftServerConfigKeys (ConfUtils.java:logGet(46)) - raft.server.snapshot.retention.file.num = 5 (custom)
2023-07-28 03:22:25,520 [e04aa943-cde2-4456-a19a-42c119af903b-groupManagement] INFO  server.RaftServerConfigKeys (ConfUtils.java:logGet(46)) - raft.server.log.purge.upto.snapshot.index = false (default)
2023-07-28 03:22:25,521 [e04aa943-cde2-4456-a19a-42c119af903b@group-B3CBEDCBCAE8-FollowerState] INFO  server.RaftServerConfigKeys (ConfUtils.java:logFallback(53)) - raft.server.rpc.first-election.timeout.min = 5s (fallback to raft.server.rpc.timeout.min)
2023-07-28 03:22:25,521 [e04aa943-cde2-4456-a19a-42c119af903b@group-B3CBEDCBCAE8-FollowerState] INFO  server.RaftServerConfigKeys (ConfUtils.java:logFallback(53)) - raft.server.rpc.first-election.timeout.max = 5200ms (fallback to raft.server.rpc.timeout.max)
2023-07-28 03:22:25,527 [PipelineCommandHandlerThread-0] INFO  ratis.XceiverServerRatis (XceiverServerRatis.java:addGroup(804)) - Created group PipelineID=53509e73-10a2-4499-912c-b3cbedcbcae8
2023-07-28 03:22:25,528 [PipelineCommandHandlerThread-0] INFO  commandhandler.CreatePipelineCommandHandler (CreatePipelineCommandHandler.java:lambda$handle$2(124)) - Created Pipeline RATIS ONE PipelineID=53509e73-10a2-4499-912c-b3cbedcbcae8.
2023-07-28 03:22:25,529 [PipelineCommandHandlerThread-0] INFO  server.RaftServer (RaftServerProxy.java:addNew(98)) - e04aa943-cde2-4456-a19a-42c119af903b: addNew group-1C6025D5D53B:[2b789b44-0f91-485a-b48f-c9199eaf29b8|rpc:10.1.0.5:15023|admin:10.1.0.5:15022|client:10.1.0.5:15021|dataStream:10.1.0.5:15024|priority:0|startupRole:FOLLOWER, f4ca73dd-6b78-4056-9520-157df6408f3a|rpc:10.1.0.5:15032|admin:10.1.0.5:15031|client:10.1.0.5:15030|dataStream:10.1.0.5:15033|priority:0|startupRole:FOLLOWER, e04aa943-cde2-4456-a19a-42c119af903b|rpc:10.1.0.5:15014|admin:10.1.0.5:15013|client:10.1.0.5:15012|dataStream:10.1.0.5:15015|priority:1|startupRole:FOLLOWER] returns group-1C6025D5D53B:java.util.concurrent.CompletableFuture@1b06a1c9[Not completed]
2023-07-28 03:22:25,531 [e04aa943-cde2-4456-a19a-42c119af903b-groupManagement] INFO  server.RaftServer$Division (RaftServerImpl.java:<init>(198)) - e04aa943-cde2-4456-a19a-42c119af903b: new RaftServerImpl for group-1C6025D5D53B:[2b789b44-0f91-485a-b48f-c9199eaf29b8|rpc:10.1.0.5:15023|admin:10.1.0.5:15022|client:10.1.0.5:15021|dataStream:10.1.0.5:15024|priority:0|startupRole:FOLLOWER, f4ca73dd-6b78-4056-9520-157df6408f3a|rpc:10.1.0.5:15032|admin:10.1.0.5:15031|client:10.1.0.5:15030|dataStream:10.1.0.5:15033|priority:0|startupRole:FOLLOWER, e04aa943-cde2-4456-a19a-42c119af903b|rpc:10.1.0.5:15014|admin:10.1.0.5:15013|client:10.1.0.5:15012|dataStream:10.1.0.5:15015|priority:1|startupRole:FOLLOWER] with ContainerStateMachine:uninitialized
2023-07-28 03:22:25,531 [e04aa943-cde2-4456-a19a-42c119af903b-groupManagement] INFO  server.RaftServerConfigKeys (ConfUtils.java:logGet(46)) - raft.server.rpc.timeout.min = 5s (custom)
2023-07-28 03:22:25,531 [e04aa943-cde2-4456-a19a-42c119af903b-groupManagement] INFO  server.RaftServerConfigKeys (ConfUtils.java:logGet(46)) - raft.server.rpc.timeout.max = 5200ms (custom)
2023-07-28 03:22:25,531 [e04aa943-cde2-4456-a19a-42c119af903b-groupManagement] INFO  server.RaftServerConfigKeys (ConfUtils.java:logGet(46)) - raft.server.rpc.sleep.time = 25ms (default)
2023-07-28 03:22:25,531 [e04aa943-cde2-4456-a19a-42c119af903b-groupManagement] INFO  server.RaftServerConfigKeys (ConfUtils.java:logGet(46)) - raft.server.rpc.slowness.timeout = 300s (custom)
2023-07-28 03:22:25,531 [e04aa943-cde2-4456-a19a-42c119af903b-groupManagement] INFO  server.RaftServerConfigKeys (ConfUtils.java:logGet(46)) - raft.server.leaderelection.leader.step-down.wait-time = 10s (default)
2023-07-28 03:22:25,531 [e04aa943-cde2-4456-a19a-42c119af903b-groupManagement] INFO  server.RaftServerConfigKeys (ConfUtils.java:logGet(46)) - raft.server.sleep.deviation.threshold = 300ms (default)
2023-07-28 03:22:25,531 [e04aa943-cde2-4456-a19a-42c119af903b-groupManagement] INFO  server.RaftServer$Division (ServerState.java:<init>(120)) - e04aa943-cde2-4456-a19a-42c119af903b@group-1C6025D5D53B: ConfigurationManager, init=-1: peers:[2b789b44-0f91-485a-b48f-c9199eaf29b8|rpc:10.1.0.5:15023|admin:10.1.0.5:15022|client:10.1.0.5:15021|dataStream:10.1.0.5:15024|priority:0|startupRole:FOLLOWER, f4ca73dd-6b78-4056-9520-157df6408f3a|rpc:10.1.0.5:15032|admin:10.1.0.5:15031|client:10.1.0.5:15030|dataStream:10.1.0.5:15033|priority:0|startupRole:FOLLOWER, e04aa943-cde2-4456-a19a-42c119af903b|rpc:10.1.0.5:15014|admin:10.1.0.5:15013|client:10.1.0.5:15012|dataStream:10.1.0.5:15015|priority:1|startupRole:FOLLOWER]|listeners:[], old=null, confs=<EMPTY_MAP>
2023-07-28 03:22:25,531 [e04aa943-cde2-4456-a19a-42c119af903b-groupManagement] INFO  server.RaftServerConfigKeys (ConfUtils.java:logGet(46)) - raft.server.storage.dir = [/home/runner/work/ozone/ozone/hadoop-ozone/integration-test/target/test-dir/MiniOzoneClusterImpl-5d941c1b-c8eb-4358-ab64-bf73cd3544cf/datanode-0/data/ratis] (custom)
2023-07-28 03:22:25,532 [e04aa943-cde2-4456-a19a-42c119af903b-groupManagement] INFO  server.RaftServerConfigKeys (ConfUtils.java:logGet(46)) - raft.server.log.corruption.policy = EXCEPTION (default)
2023-07-28 03:22:25,532 [e04aa943-cde2-4456-a19a-42c119af903b-groupManagement] INFO  server.RaftServerConfigKeys (ConfUtils.java:logGet(46)) - raft.server.storage.free-space.min = 0MB (=0) (default)
2023-07-28 03:22:25,532 [e04aa943-cde2-4456-a19a-42c119af903b-groupManagement] INFO  server.RaftServerConfigKeys (ConfUtils.java:logGet(46)) - raft.server.notification.no-leader.timeout = 300s (custom)
2023-07-28 03:22:25,532 [e04aa943-cde2-4456-a19a-42c119af903b-groupManagement] INFO  server.RaftServerConfigKeys (ConfUtils.java:logGet(46)) - raft.server.read.timeout = 10s (default)
2023-07-28 03:22:25,532 [e04aa943-cde2-4456-a19a-42c119af903b-groupManagement] INFO  server.RaftServerConfigKeys (ConfUtils.java:logGet(46)) - raft.server.retrycache.expirytime = 600000ms (custom)
2023-07-28 03:22:25,532 [e04aa943-cde2-4456-a19a-42c119af903b-groupManagement] INFO  server.RaftServerConfigKeys (ConfUtils.java:logGet(46)) - raft.server.retrycache.statistics.expirytime = 100μs (default)
2023-07-28 03:22:25,532 [e04aa943-cde2-4456-a19a-42c119af903b-groupManagement] INFO  server.RaftServerConfigKeys (ConfUtils.java:logGet(46)) - raft.server.read.option = DEFAULT (default)
2023-07-28 03:22:25,534 [e04aa943-cde2-4456-a19a-42c119af903b-groupManagement] INFO  server.RaftServerConfigKeys (ConfUtils.java:logGet(46)) - raft.server.rpc.request.timeout = 60s (custom)
2023-07-28 03:22:25,534 [e04aa943-cde2-4456-a19a-42c119af903b-groupManagement] INFO  server.RaftServerConfigKeys (ConfUtils.java:logGet(46)) - raft.server.log.appender.install.snapshot.enabled = false (custom)
2023-07-28 03:22:25,534 [e04aa943-cde2-4456-a19a-42c119af903b-groupManagement] INFO  server.RaftServerConfigKeys (ConfUtils.java:logGet(46)) - raft.server.threadpool.server.cached = true (default)
2023-07-28 03:22:25,534 [e04aa943-cde2-4456-a19a-42c119af903b-groupManagement] INFO  server.RaftServerConfigKeys (ConfUtils.java:logGet(46)) - raft.server.threadpool.server.size = 0 (default)
2023-07-28 03:22:25,534 [e04aa943-cde2-4456-a19a-42c119af903b-groupManagement] INFO  server.RaftServerConfigKeys (ConfUtils.java:logGet(46)) - raft.server.threadpool.client.cached = true (default)
2023-07-28 03:22:25,534 [e04aa943-cde2-4456-a19a-42c119af903b-groupManagement] INFO  server.RaftServerConfigKeys (ConfUtils.java:logGet(46)) - raft.server.threadpool.client.size = 0 (default)
2023-07-28 03:22:25,534 [e04aa943-cde2-4456-a19a-42c119af903b-groupManagement] INFO  storage.RaftStorageDirectory (RaftStorageDirectoryImpl.java:analyzeStorage(137)) - The storage directory /home/runner/work/ozone/ozone/hadoop-ozone/integration-test/target/test-dir/MiniOzoneClusterImpl-5d941c1b-c8eb-4358-ab64-bf73cd3544cf/datanode-0/data/ratis/3f6201dd-4cb5-4189-b630-1c6025d5d53b does not exist. Creating ...
2023-07-28 03:22:25,535 [e04aa943-cde2-4456-a19a-42c119af903b-groupManagement] INFO  storage.RaftStorageDirectory (RaftStorageDirectoryImpl.java:tryLock(231)) - Lock on /home/runner/work/ozone/ozone/hadoop-ozone/integration-test/target/test-dir/MiniOzoneClusterImpl-5d941c1b-c8eb-4358-ab64-bf73cd3544cf/datanode-0/data/ratis/3f6201dd-4cb5-4189-b630-1c6025d5d53b/in_use.lock acquired by nodename 57223@fv-az589-978
2023-07-28 03:22:25,536 [e04aa943-cde2-4456-a19a-42c119af903b-groupManagement] INFO  storage.RaftStorage (RaftStorageImpl.java:format(96)) - Storage directory /home/runner/work/ozone/ozone/hadoop-ozone/integration-test/target/test-dir/MiniOzoneClusterImpl-5d941c1b-c8eb-4358-ab64-bf73cd3544cf/datanode-0/data/ratis/3f6201dd-4cb5-4189-b630-1c6025d5d53b has been successfully formatted.
2023-07-28 03:22:25,539 [e04aa943-cde2-4456-a19a-42c119af903b-groupManagement] INFO  ratis.ContainerStateMachine (ContainerStateMachine.java:loadSnapshot(262)) - group-1C6025D5D53B: The snapshot info is null. Setting the last applied indexto:(t:0, i:~)
2023-07-28 03:22:25,539 [e04aa943-cde2-4456-a19a-42c119af903b-groupManagement] INFO  server.RaftServerConfigKeys (ConfUtils.java:logGet(46)) - raft.server.log.use.memory = false (default)
2023-07-28 03:22:25,539 [e04aa943-cde2-4456-a19a-42c119af903b-groupManagement] INFO  server.RaftServerConfigKeys (ConfUtils.java:logGet(46)) - raft.server.log.purge.gap = 1000000 (custom)
2023-07-28 03:22:25,539 [e04aa943-cde2-4456-a19a-42c119af903b-groupManagement] INFO  server.RaftServerConfigKeys (ConfUtils.java:logGet(46)) - raft.server.log.appender.buffer.byte-limit = 33554432 (custom)
2023-07-28 03:22:25,539 [e04aa943-cde2-4456-a19a-42c119af903b-groupManagement] INFO  server.RaftServerConfigKeys (ConfUtils.java:logGet(46)) - raft.server.log.statemachine.data.read.timeout = 1000ms (default)
2023-07-28 03:22:25,539 [EventQueue-OpenPipelineForHealthyPipelineSafeModeRule] INFO  safemode.SCMSafeModeManager (HealthyPipelineSafeModeRule.java:process(137)) - SCM in safe mode. Healthy pipelines reported count is 0, required healthy pipeline reported count is 1
2023-07-28 03:22:25,545 [e04aa943-cde2-4456-a19a-42c119af903b-groupManagement] INFO  server.RaftServerConfigKeys (ConfUtils.java:logGet(46)) - raft.server.log.purge.preservation.log.num = 0 (default)
2023-07-28 03:22:25,546 [e04aa943-cde2-4456-a19a-42c119af903b-groupManagement] INFO  server.RaftServerConfigKeys (ConfUtils.java:logGet(46)) - raft.server.log.segment.size.max = 1048576 (custom)
2023-07-28 03:22:25,546 [e04aa943-cde2-4456-a19a-42c119af903b-groupManagement] INFO  server.RaftServerConfigKeys (ConfUtils.java:logGet(46)) - raft.server.log.segment.cache.num.max = 2 (custom)
2023-07-28 03:22:25,546 [e04aa943-cde2-4456-a19a-42c119af903b-groupManagement] INFO  server.RaftServerConfigKeys (ConfUtils.java:logGet(46)) - raft.server.log.segment.cache.size.max = 200MB (=209715200) (default)
2023-07-28 03:22:25,546 [e04aa943-cde2-4456-a19a-42c119af903b-groupManagement] INFO  server.RaftServerConfigKeys (ConfUtils.java:logGet(46)) - raft.server.log.appender.buffer.byte-limit = 33554432 (custom)
2023-07-28 03:22:25,547 [e04aa943-cde2-4456-a19a-42c119af903b-groupManagement] INFO  segmented.SegmentedRaftLogWorker (SegmentedRaftLogWorker.java:<init>(188)) - new e04aa943-cde2-4456-a19a-42c119af903b@group-1C6025D5D53B-SegmentedRaftLogWorker for RaftStorageImpl:Storage Directory /home/runner/work/ozone/ozone/hadoop-ozone/integration-test/target/test-dir/MiniOzoneClusterImpl-5d941c1b-c8eb-4358-ab64-bf73cd3544cf/datanode-0/data/ratis/3f6201dd-4cb5-4189-b630-1c6025d5d53b
2023-07-28 03:22:25,547 [e04aa943-cde2-4456-a19a-42c119af903b-groupManagement] INFO  server.RaftServerConfigKeys (ConfUtils.java:logGet(46)) - raft.server.log.queue.byte-limit = 4294967296 (custom)
2023-07-28 03:22:25,547 [e04aa943-cde2-4456-a19a-42c119af903b-groupManagement] INFO  server.RaftServerConfigKeys (ConfUtils.java:logGet(46)) - raft.server.log.queue.element-limit = 1024 (custom)
2023-07-28 03:22:25,547 [e04aa943-cde2-4456-a19a-42c119af903b-groupManagement] INFO  server.RaftServerConfigKeys (ConfUtils.java:logGet(46)) - raft.server.log.segment.size.max = 1048576 (custom)
2023-07-28 03:22:25,547 [e04aa943-cde2-4456-a19a-42c119af903b-groupManagement] INFO  server.RaftServerConfigKeys (ConfUtils.java:logGet(46)) - raft.server.log.preallocated.size = 16384 (custom)
2023-07-28 03:22:25,547 [e04aa943-cde2-4456-a19a-42c119af903b-groupManagement] INFO  server.RaftServerConfigKeys (ConfUtils.java:logGet(46)) - raft.server.log.force.sync.num = 128 (default)
2023-07-28 03:22:25,547 [e04aa943-cde2-4456-a19a-42c119af903b-groupManagement] INFO  server.RaftServerConfigKeys (ConfUtils.java:logGet(46)) - raft.server.log.statemachine.data.sync = true (default)
2023-07-28 03:22:25,547 [e04aa943-cde2-4456-a19a-42c119af903b-groupManagement] INFO  server.RaftServerConfigKeys (ConfUtils.java:logGet(46)) - raft.server.log.statemachine.data.sync.timeout = 10s (default)
2023-07-28 03:22:25,547 [e04aa943-cde2-4456-a19a-42c119af903b-groupManagement] INFO  server.RaftServerConfigKeys (ConfUtils.java:logGet(46)) - raft.server.log.statemachine.data.sync.timeout.retry = -1 (default)
2023-07-28 03:22:25,548 [e04aa943-cde2-4456-a19a-42c119af903b-groupManagement] INFO  server.RaftServerConfigKeys (ConfUtils.java:logGet(46)) - raft.server.log.write.buffer.size = 1048576 (custom)
2023-07-28 03:22:25,549 [e04aa943-cde2-4456-a19a-42c119af903b-groupManagement] INFO  server.RaftServerConfigKeys (ConfUtils.java:logGet(46)) - raft.server.log.appender.buffer.byte-limit = 33554432 (custom)
2023-07-28 03:22:25,554 [e04aa943-cde2-4456-a19a-42c119af903b-groupManagement] INFO  server.RaftServerConfigKeys (ConfUtils.java:logGet(46)) - raft.server.log.unsafe-flush.enabled = false (default)
2023-07-28 03:22:25,554 [e04aa943-cde2-4456-a19a-42c119af903b-groupManagement] INFO  server.RaftServerConfigKeys (ConfUtils.java:logGet(46)) - raft.server.log.async-flush.enabled = false (default)
2023-07-28 03:22:25,554 [e04aa943-cde2-4456-a19a-42c119af903b-groupManagement] INFO  server.RaftServerConfigKeys (ConfUtils.java:logGet(46)) - raft.server.log.statemachine.data.caching.enabled = true (custom)
2023-07-28 03:22:25,554 [e04aa943-cde2-4456-a19a-42c119af903b-groupManagement] INFO  segmented.SegmentedRaftLogWorker (SegmentedRaftLogWorker.java:lambda$new$0(135)) - e04aa943-cde2-4456-a19a-42c119af903b@group-1C6025D5D53B-SegmentedRaftLogWorker: flushIndex: setUnconditionally 0 -> -1
2023-07-28 03:22:25,554 [e04aa943-cde2-4456-a19a-42c119af903b-groupManagement] INFO  segmented.SegmentedRaftLogWorker (SegmentedRaftLogWorker.java:lambda$new$0(135)) - e04aa943-cde2-4456-a19a-42c119af903b@group-1C6025D5D53B-SegmentedRaftLogWorker: safeCacheEvictIndex: setUnconditionally 0 -> -1
2023-07-28 03:22:25,555 [e04aa943-cde2-4456-a19a-42c119af903b-groupManagement] INFO  server.RaftServer$Division (RaftServerImpl.java:start(342)) - e04aa943-cde2-4456-a19a-42c119af903b@group-1C6025D5D53B: start as a follower, conf=-1: peers:[2b789b44-0f91-485a-b48f-c9199eaf29b8|rpc:10.1.0.5:15023|admin:10.1.0.5:15022|client:10.1.0.5:15021|dataStream:10.1.0.5:15024|priority:0|startupRole:FOLLOWER, f4ca73dd-6b78-4056-9520-157df6408f3a|rpc:10.1.0.5:15032|admin:10.1.0.5:15031|client:10.1.0.5:15030|dataStream:10.1.0.5:15033|priority:0|startupRole:FOLLOWER, e04aa943-cde2-4456-a19a-42c119af903b|rpc:10.1.0.5:15014|admin:10.1.0.5:15013|client:10.1.0.5:15012|dataStream:10.1.0.5:15015|priority:1|startupRole:FOLLOWER]|listeners:[], old=null
2023-07-28 03:22:25,555 [e04aa943-cde2-4456-a19a-42c119af903b-groupManagement] INFO  server.RaftServer$Division (RaftServerImpl.java:setRole(329)) - e04aa943-cde2-4456-a19a-42c119af903b@group-1C6025D5D53B: changes role from      null to FOLLOWER at term 0 for startAsFollower
2023-07-28 03:22:25,555 [e04aa943-cde2-4456-a19a-42c119af903b-groupManagement] INFO  impl.RoleInfo (RoleInfo.java:updateAndGet(139)) - e04aa943-cde2-4456-a19a-42c119af903b: start e04aa943-cde2-4456-a19a-42c119af903b@group-1C6025D5D53B-FollowerState
2023-07-28 03:22:25,555 [e04aa943-cde2-4456-a19a-42c119af903b-groupManagement] INFO  util.JmxRegister (JmxRegister.java:tryRegister(44)) - Successfully registered JMX Bean with object name Ratis:service=RaftServer,group=group-1C6025D5D53B,id=e04aa943-cde2-4456-a19a-42c119af903b
2023-07-28 03:22:25,555 [e04aa943-cde2-4456-a19a-42c119af903b-groupManagement] INFO  server.RaftServerConfigKeys (ConfUtils.java:logGet(46)) - raft.server.snapshot.auto.trigger.enabled = true (custom)
2023-07-28 03:22:25,555 [e04aa943-cde2-4456-a19a-42c119af903b-groupManagement] INFO  server.RaftServerConfigKeys (ConfUtils.java:logGet(46)) - raft.server.snapshot.auto.trigger.threshold = 10000 (custom)
2023-07-28 03:22:25,555 [e04aa943-cde2-4456-a19a-42c119af903b-groupManagement] INFO  server.RaftServerConfigKeys (ConfUtils.java:logGet(46)) - raft.server.snapshot.retention.file.num = 5 (custom)
2023-07-28 03:22:25,555 [e04aa943-cde2-4456-a19a-42c119af903b-groupManagement] INFO  server.RaftServerConfigKeys (ConfUtils.java:logGet(46)) - raft.server.log.purge.upto.snapshot.index = false (default)
2023-07-28 03:22:25,556 [e04aa943-cde2-4456-a19a-42c119af903b@group-1C6025D5D53B-FollowerState] INFO  server.RaftServerConfigKeys (ConfUtils.java:logFallback(53)) - raft.server.rpc.first-election.timeout.min = 5s (fallback to raft.server.rpc.timeout.min)
2023-07-28 03:22:25,557 [PipelineCommandHandlerThread-0] INFO  ratis.XceiverServerRatis (XceiverServerRatis.java:addGroup(804)) - Created group PipelineID=3f6201dd-4cb5-4189-b630-1c6025d5d53b
2023-07-28 03:22:25,557 [e04aa943-cde2-4456-a19a-42c119af903b@group-1C6025D5D53B-FollowerState] INFO  server.RaftServerConfigKeys (ConfUtils.java:logFallback(53)) - raft.server.rpc.first-election.timeout.max = 5200ms (fallback to raft.server.rpc.timeout.max)
2023-07-28 03:22:25,906 [grpc-default-executor-0] INFO  server.RaftServer (RaftServerProxy.java:addNew(98)) - f4ca73dd-6b78-4056-9520-157df6408f3a: addNew group-1C6025D5D53B:[2b789b44-0f91-485a-b48f-c9199eaf29b8|rpc:10.1.0.5:15023|admin:10.1.0.5:15022|client:10.1.0.5:15021|dataStream:10.1.0.5:15024|priority:0|startupRole:FOLLOWER, f4ca73dd-6b78-4056-9520-157df6408f3a|rpc:10.1.0.5:15032|admin:10.1.0.5:15031|client:10.1.0.5:15030|dataStream:10.1.0.5:15033|priority:0|startupRole:FOLLOWER, e04aa943-cde2-4456-a19a-42c119af903b|rpc:10.1.0.5:15014|admin:10.1.0.5:15013|client:10.1.0.5:15012|dataStream:10.1.0.5:15015|priority:1|startupRole:FOLLOWER] returns group-1C6025D5D53B:java.util.concurrent.CompletableFuture@52a217d3[Not completed]
2023-07-28 03:22:25,908 [f4ca73dd-6b78-4056-9520-157df6408f3a-groupManagement] INFO  server.RaftServer$Division (RaftServerImpl.java:<init>(198)) - f4ca73dd-6b78-4056-9520-157df6408f3a: new RaftServerImpl for group-1C6025D5D53B:[2b789b44-0f91-485a-b48f-c9199eaf29b8|rpc:10.1.0.5:15023|admin:10.1.0.5:15022|client:10.1.0.5:15021|dataStream:10.1.0.5:15024|priority:0|startupRole:FOLLOWER, f4ca73dd-6b78-4056-9520-157df6408f3a|rpc:10.1.0.5:15032|admin:10.1.0.5:15031|client:10.1.0.5:15030|dataStream:10.1.0.5:15033|priority:0|startupRole:FOLLOWER, e04aa943-cde2-4456-a19a-42c119af903b|rpc:10.1.0.5:15014|admin:10.1.0.5:15013|client:10.1.0.5:15012|dataStream:10.1.0.5:15015|priority:1|startupRole:FOLLOWER] with ContainerStateMachine:uninitialized
2023-07-28 03:22:25,908 [f4ca73dd-6b78-4056-9520-157df6408f3a-groupManagement] INFO  server.RaftServerConfigKeys (ConfUtils.java:logGet(46)) - raft.server.rpc.timeout.min = 5s (custom)
2023-07-28 03:22:25,908 [f4ca73dd-6b78-4056-9520-157df6408f3a-groupManagement] INFO  server.RaftServerConfigKeys (ConfUtils.java:logGet(46)) - raft.server.rpc.timeout.max = 5200ms (custom)
2023-07-28 03:22:25,908 [f4ca73dd-6b78-4056-9520-157df6408f3a-groupManagement] INFO  server.RaftServerConfigKeys (ConfUtils.java:logGet(46)) - raft.server.rpc.sleep.time = 25ms (default)
2023-07-28 03:22:25,908 [f4ca73dd-6b78-4056-9520-157df6408f3a-groupManagement] INFO  server.RaftServerConfigKeys (ConfUtils.java:logGet(46)) - raft.server.rpc.slowness.timeout = 300s (custom)
2023-07-28 03:22:25,908 [f4ca73dd-6b78-4056-9520-157df6408f3a-groupManagement] INFO  server.RaftServerConfigKeys (ConfUtils.java:logGet(46)) - raft.server.leaderelection.leader.step-down.wait-time = 10s (default)
2023-07-28 03:22:25,908 [f4ca73dd-6b78-4056-9520-157df6408f3a-groupManagement] INFO  server.RaftServerConfigKeys (ConfUtils.java:logGet(46)) - raft.server.sleep.deviation.threshold = 300ms (default)
2023-07-28 03:22:25,908 [f4ca73dd-6b78-4056-9520-157df6408f3a-groupManagement] INFO  server.RaftServer$Division (ServerState.java:<init>(120)) - f4ca73dd-6b78-4056-9520-157df6408f3a@group-1C6025D5D53B: ConfigurationManager, init=-1: peers:[2b789b44-0f91-485a-b48f-c9199eaf29b8|rpc:10.1.0.5:15023|admin:10.1.0.5:15022|client:10.1.0.5:15021|dataStream:10.1.0.5:15024|priority:0|startupRole:FOLLOWER, f4ca73dd-6b78-4056-9520-157df6408f3a|rpc:10.1.0.5:15032|admin:10.1.0.5:15031|client:10.1.0.5:15030|dataStream:10.1.0.5:15033|priority:0|startupRole:FOLLOWER, e04aa943-cde2-4456-a19a-42c119af903b|rpc:10.1.0.5:15014|admin:10.1.0.5:15013|client:10.1.0.5:15012|dataStream:10.1.0.5:15015|priority:1|startupRole:FOLLOWER]|listeners:[], old=null, confs=<EMPTY_MAP>
2023-07-28 03:22:25,908 [f4ca73dd-6b78-4056-9520-157df6408f3a-groupManagement] INFO  server.RaftServerConfigKeys (ConfUtils.java:logGet(46)) - raft.server.storage.dir = [/home/runner/work/ozone/ozone/hadoop-ozone/integration-test/target/test-dir/MiniOzoneClusterImpl-5d941c1b-c8eb-4358-ab64-bf73cd3544cf/datanode-2/data/ratis] (custom)
2023-07-28 03:22:25,909 [f4ca73dd-6b78-4056-9520-157df6408f3a-groupManagement] INFO  server.RaftServerConfigKeys (ConfUtils.java:logGet(46)) - raft.server.log.corruption.policy = EXCEPTION (default)
2023-07-28 03:22:25,909 [f4ca73dd-6b78-4056-9520-157df6408f3a-groupManagement] INFO  server.RaftServerConfigKeys (ConfUtils.java:logGet(46)) - raft.server.storage.free-space.min = 0MB (=0) (default)
2023-07-28 03:22:25,909 [f4ca73dd-6b78-4056-9520-157df6408f3a-groupManagement] INFO  server.RaftServerConfigKeys (ConfUtils.java:logGet(46)) - raft.server.notification.no-leader.timeout = 300s (custom)
2023-07-28 03:22:25,909 [f4ca73dd-6b78-4056-9520-157df6408f3a-groupManagement] INFO  server.RaftServerConfigKeys (ConfUtils.java:logGet(46)) - raft.server.read.timeout = 10s (default)
2023-07-28 03:22:25,909 [f4ca73dd-6b78-4056-9520-157df6408f3a-groupManagement] INFO  server.RaftServerConfigKeys (ConfUtils.java:logGet(46)) - raft.server.retrycache.expirytime = 600000ms (custom)
2023-07-28 03:22:25,909 [f4ca73dd-6b78-4056-9520-157df6408f3a-groupManagement] INFO  server.RaftServerConfigKeys (ConfUtils.java:logGet(46)) - raft.server.retrycache.statistics.expirytime = 100μs (default)
2023-07-28 03:22:25,909 [f4ca73dd-6b78-4056-9520-157df6408f3a-groupManagement] INFO  server.RaftServerConfigKeys (ConfUtils.java:logGet(46)) - raft.server.read.option = DEFAULT (default)
2023-07-28 03:22:25,914 [f4ca73dd-6b78-4056-9520-157df6408f3a-groupManagement] INFO  server.RaftServerConfigKeys (ConfUtils.java:logGet(46)) - raft.server.rpc.request.timeout = 60s (custom)
2023-07-28 03:22:25,914 [f4ca73dd-6b78-4056-9520-157df6408f3a-groupManagement] INFO  server.RaftServerConfigKeys (ConfUtils.java:logGet(46)) - raft.server.log.appender.install.snapshot.enabled = false (custom)
2023-07-28 03:22:25,914 [f4ca73dd-6b78-4056-9520-157df6408f3a-groupManagement] INFO  server.RaftServerConfigKeys (ConfUtils.java:logGet(46)) - raft.server.threadpool.server.cached = true (default)
2023-07-28 03:22:25,914 [f4ca73dd-6b78-4056-9520-157df6408f3a-groupManagement] INFO  server.RaftServerConfigKeys (ConfUtils.java:logGet(46)) - raft.server.threadpool.server.size = 0 (default)
2023-07-28 03:22:25,914 [f4ca73dd-6b78-4056-9520-157df6408f3a-groupManagement] INFO  server.RaftServerConfigKeys (ConfUtils.java:logGet(46)) - raft.server.threadpool.client.cached = true (default)
2023-07-28 03:22:25,914 [f4ca73dd-6b78-4056-9520-157df6408f3a-groupManagement] INFO  server.RaftServerConfigKeys (ConfUtils.java:logGet(46)) - raft.server.threadpool.client.size = 0 (default)
2023-07-28 03:22:25,914 [f4ca73dd-6b78-4056-9520-157df6408f3a-groupManagement] INFO  storage.RaftStorageDirectory (RaftStorageDirectoryImpl.java:analyzeStorage(137)) - The storage directory /home/runner/work/ozone/ozone/hadoop-ozone/integration-test/target/test-dir/MiniOzoneClusterImpl-5d941c1b-c8eb-4358-ab64-bf73cd3544cf/datanode-2/data/ratis/3f6201dd-4cb5-4189-b630-1c6025d5d53b does not exist. Creating ...
2023-07-28 03:22:25,917 [f4ca73dd-6b78-4056-9520-157df6408f3a-groupManagement] INFO  storage.RaftStorageDirectory (RaftStorageDirectoryImpl.java:tryLock(231)) - Lock on /home/runner/work/ozone/ozone/hadoop-ozone/integration-test/target/test-dir/MiniOzoneClusterImpl-5d941c1b-c8eb-4358-ab64-bf73cd3544cf/datanode-2/data/ratis/3f6201dd-4cb5-4189-b630-1c6025d5d53b/in_use.lock acquired by nodename 57223@fv-az589-978
2023-07-28 03:22:25,918 [f4ca73dd-6b78-4056-9520-157df6408f3a-groupManagement] INFO  storage.RaftStorage (RaftStorageImpl.java:format(96)) - Storage directory /home/runner/work/ozone/ozone/hadoop-ozone/integration-test/target/test-dir/MiniOzoneClusterImpl-5d941c1b-c8eb-4358-ab64-bf73cd3544cf/datanode-2/data/ratis/3f6201dd-4cb5-4189-b630-1c6025d5d53b has been successfully formatted.
2023-07-28 03:22:25,920 [f4ca73dd-6b78-4056-9520-157df6408f3a-groupManagement] INFO  ratis.ContainerStateMachine (ContainerStateMachine.java:loadSnapshot(262)) - group-1C6025D5D53B: The snapshot info is null. Setting the last applied indexto:(t:0, i:~)
2023-07-28 03:22:25,921 [f4ca73dd-6b78-4056-9520-157df6408f3a-groupManagement] INFO  server.RaftServerConfigKeys (ConfUtils.java:logGet(46)) - raft.server.log.use.memory = false (default)
2023-07-28 03:22:25,921 [f4ca73dd-6b78-4056-9520-157df6408f3a-groupManagement] INFO  server.RaftServerConfigKeys (ConfUtils.java:logGet(46)) - raft.server.log.purge.gap = 1000000 (custom)
2023-07-28 03:22:25,921 [f4ca73dd-6b78-4056-9520-157df6408f3a-groupManagement] INFO  server.RaftServerConfigKeys (ConfUtils.java:logGet(46)) - raft.server.log.appender.buffer.byte-limit = 33554432 (custom)
2023-07-28 03:22:25,921 [f4ca73dd-6b78-4056-9520-157df6408f3a-groupManagement] INFO  server.RaftServerConfigKeys (ConfUtils.java:logGet(46)) - raft.server.log.statemachine.data.read.timeout = 1000ms (default)
2023-07-28 03:22:25,921 [f4ca73dd-6b78-4056-9520-157df6408f3a-groupManagement] INFO  server.RaftServerConfigKeys (ConfUtils.java:logGet(46)) - raft.server.log.purge.preservation.log.num = 0 (default)
2023-07-28 03:22:25,923 [f4ca73dd-6b78-4056-9520-157df6408f3a-groupManagement] INFO  server.RaftServerConfigKeys (ConfUtils.java:logGet(46)) - raft.server.log.segment.size.max = 1048576 (custom)
2023-07-28 03:22:25,924 [f4ca73dd-6b78-4056-9520-157df6408f3a-groupManagement] INFO  server.RaftServerConfigKeys (ConfUtils.java:logGet(46)) - raft.server.log.segment.cache.num.max = 2 (custom)
2023-07-28 03:22:25,924 [f4ca73dd-6b78-4056-9520-157df6408f3a-groupManagement] INFO  server.RaftServerConfigKeys (ConfUtils.java:logGet(46)) - raft.server.log.segment.cache.size.max = 200MB (=209715200) (default)
2023-07-28 03:22:25,924 [f4ca73dd-6b78-4056-9520-157df6408f3a-groupManagement] INFO  server.RaftServerConfigKeys (ConfUtils.java:logGet(46)) - raft.server.log.appender.buffer.byte-limit = 33554432 (custom)
2023-07-28 03:22:25,924 [f4ca73dd-6b78-4056-9520-157df6408f3a-groupManagement] INFO  segmented.SegmentedRaftLogWorker (SegmentedRaftLogWorker.java:<init>(188)) - new f4ca73dd-6b78-4056-9520-157df6408f3a@group-1C6025D5D53B-SegmentedRaftLogWorker for RaftStorageImpl:Storage Directory /home/runner/work/ozone/ozone/hadoop-ozone/integration-test/target/test-dir/MiniOzoneClusterImpl-5d941c1b-c8eb-4358-ab64-bf73cd3544cf/datanode-2/data/ratis/3f6201dd-4cb5-4189-b630-1c6025d5d53b
2023-07-28 03:22:25,924 [f4ca73dd-6b78-4056-9520-157df6408f3a-groupManagement] INFO  server.RaftServerConfigKeys (ConfUtils.java:logGet(46)) - raft.server.log.queue.byte-limit = 4294967296 (custom)
2023-07-28 03:22:25,925 [f4ca73dd-6b78-4056-9520-157df6408f3a-groupManagement] INFO  server.RaftServerConfigKeys (ConfUtils.java:logGet(46)) - raft.server.log.queue.element-limit = 1024 (custom)
2023-07-28 03:22:25,925 [f4ca73dd-6b78-4056-9520-157df6408f3a-groupManagement] INFO  server.RaftServerConfigKeys (ConfUtils.java:logGet(46)) - raft.server.log.segment.size.max = 1048576 (custom)
2023-07-28 03:22:25,925 [f4ca73dd-6b78-4056-9520-157df6408f3a-groupManagement] INFO  server.RaftServerConfigKeys (ConfUtils.java:logGet(46)) - raft.server.log.preallocated.size = 16384 (custom)
2023-07-28 03:22:25,928 [f4ca73dd-6b78-4056-9520-157df6408f3a-groupManagement] INFO  server.RaftServerConfigKeys (ConfUtils.java:logGet(46)) - raft.server.log.force.sync.num = 128 (default)
2023-07-28 03:22:25,928 [f4ca73dd-6b78-4056-9520-157df6408f3a-groupManagement] INFO  server.RaftServerConfigKeys (ConfUtils.java:logGet(46)) - raft.server.log.statemachine.data.sync = true (default)
2023-07-28 03:22:25,928 [f4ca73dd-6b78-4056-9520-157df6408f3a-groupManagement] INFO  server.RaftServerConfigKeys (ConfUtils.java:logGet(46)) - raft.server.log.statemachine.data.sync.timeout = 10s (default)
2023-07-28 03:22:25,928 [f4ca73dd-6b78-4056-9520-157df6408f3a-groupManagement] INFO  server.RaftServerConfigKeys (ConfUtils.java:logGet(46)) - raft.server.log.statemachine.data.sync.timeout.retry = -1 (default)
2023-07-28 03:22:25,929 [f4ca73dd-6b78-4056-9520-157df6408f3a-groupManagement] INFO  server.RaftServerConfigKeys (ConfUtils.java:logGet(46)) - raft.server.log.write.buffer.size = 1048576 (custom)
2023-07-28 03:22:25,930 [f4ca73dd-6b78-4056-9520-157df6408f3a-groupManagement] INFO  server.RaftServerConfigKeys (ConfUtils.java:logGet(46)) - raft.server.log.appender.buffer.byte-limit = 33554432 (custom)
2023-07-28 03:22:25,935 [f4ca73dd-6b78-4056-9520-157df6408f3a-groupManagement] INFO  server.RaftServerConfigKeys (ConfUtils.java:logGet(46)) - raft.server.log.unsafe-flush.enabled = false (default)
2023-07-28 03:22:25,935 [f4ca73dd-6b78-4056-9520-157df6408f3a-groupManagement] INFO  server.RaftServerConfigKeys (ConfUtils.java:logGet(46)) - raft.server.log.async-flush.enabled = false (default)
2023-07-28 03:22:25,935 [f4ca73dd-6b78-4056-9520-157df6408f3a-groupManagement] INFO  server.RaftServerConfigKeys (ConfUtils.java:logGet(46)) - raft.server.log.statemachine.data.caching.enabled = true (custom)
2023-07-28 03:22:25,935 [f4ca73dd-6b78-4056-9520-157df6408f3a-groupManagement] INFO  segmented.SegmentedRaftLogWorker (SegmentedRaftLogWorker.java:lambda$new$0(135)) - f4ca73dd-6b78-4056-9520-157df6408f3a@group-1C6025D5D53B-SegmentedRaftLogWorker: flushIndex: setUnconditionally 0 -> -1
2023-07-28 03:22:25,935 [f4ca73dd-6b78-4056-9520-157df6408f3a-groupManagement] INFO  segmented.SegmentedRaftLogWorker (SegmentedRaftLogWorker.java:lambda$new$0(135)) - f4ca73dd-6b78-4056-9520-157df6408f3a@group-1C6025D5D53B-SegmentedRaftLogWorker: safeCacheEvictIndex: setUnconditionally 0 -> -1
2023-07-28 03:22:25,936 [f4ca73dd-6b78-4056-9520-157df6408f3a-groupManagement] INFO  server.RaftServer$Division (RaftServerImpl.java:start(342)) - f4ca73dd-6b78-4056-9520-157df6408f3a@group-1C6025D5D53B: start as a follower, conf=-1: peers:[2b789b44-0f91-485a-b48f-c9199eaf29b8|rpc:10.1.0.5:15023|admin:10.1.0.5:15022|client:10.1.0.5:15021|dataStream:10.1.0.5:15024|priority:0|startupRole:FOLLOWER, f4ca73dd-6b78-4056-9520-157df6408f3a|rpc:10.1.0.5:15032|admin:10.1.0.5:15031|client:10.1.0.5:15030|dataStream:10.1.0.5:15033|priority:0|startupRole:FOLLOWER, e04aa943-cde2-4456-a19a-42c119af903b|rpc:10.1.0.5:15014|admin:10.1.0.5:15013|client:10.1.0.5:15012|dataStream:10.1.0.5:15015|priority:1|startupRole:FOLLOWER]|listeners:[], old=null
2023-07-28 03:22:25,936 [f4ca73dd-6b78-4056-9520-157df6408f3a-groupManagement] INFO  server.RaftServer$Division (RaftServerImpl.java:setRole(329)) - f4ca73dd-6b78-4056-9520-157df6408f3a@group-1C6025D5D53B: changes role from      null to FOLLOWER at term 0 for startAsFollower
2023-07-28 03:22:25,936 [f4ca73dd-6b78-4056-9520-157df6408f3a-groupManagement] INFO  impl.RoleInfo (RoleInfo.java:updateAndGet(139)) - f4ca73dd-6b78-4056-9520-157df6408f3a: start f4ca73dd-6b78-4056-9520-157df6408f3a@group-1C6025D5D53B-FollowerState
2023-07-28 03:22:25,936 [f4ca73dd-6b78-4056-9520-157df6408f3a@group-1C6025D5D53B-FollowerState] INFO  server.RaftServerConfigKeys (ConfUtils.java:logFallback(53)) - raft.server.rpc.first-election.timeout.min = 5s (fallback to raft.server.rpc.timeout.min)
2023-07-28 03:22:25,936 [f4ca73dd-6b78-4056-9520-157df6408f3a-groupManagement] INFO  util.JmxRegister (JmxRegister.java:tryRegister(44)) - Successfully registered JMX Bean with object name Ratis:service=RaftServer,group=group-1C6025D5D53B,id=f4ca73dd-6b78-4056-9520-157df6408f3a
2023-07-28 03:22:25,938 [f4ca73dd-6b78-4056-9520-157df6408f3a-groupManagement] INFO  server.RaftServerConfigKeys (ConfUtils.java:logGet(46)) - raft.server.snapshot.auto.trigger.enabled = true (custom)
2023-07-28 03:22:25,938 [f4ca73dd-6b78-4056-9520-157df6408f3a-groupManagement] INFO  server.RaftServerConfigKeys (ConfUtils.java:logGet(46)) - raft.server.snapshot.auto.trigger.threshold = 10000 (custom)
2023-07-28 03:22:25,938 [f4ca73dd-6b78-4056-9520-157df6408f3a-groupManagement] INFO  server.RaftServerConfigKeys (ConfUtils.java:logGet(46)) - raft.server.snapshot.retention.file.num = 5 (custom)
2023-07-28 03:22:25,938 [f4ca73dd-6b78-4056-9520-157df6408f3a-groupManagement] INFO  server.RaftServerConfigKeys (ConfUtils.java:logGet(46)) - raft.server.log.purge.upto.snapshot.index = false (default)
2023-07-28 03:22:25,939 [f4ca73dd-6b78-4056-9520-157df6408f3a@group-1C6025D5D53B-FollowerState] INFO  server.RaftServerConfigKeys (ConfUtils.java:logFallback(53)) - raft.server.rpc.first-election.timeout.max = 5200ms (fallback to raft.server.rpc.timeout.max)
2023-07-28 03:22:25,962 [PipelineCommandHandlerThread-0] INFO  server.RaftServer (RaftServerProxy.java:addNew(98)) - 2b789b44-0f91-485a-b48f-c9199eaf29b8: addNew group-965240A2CA3E:[2b789b44-0f91-485a-b48f-c9199eaf29b8|rpc:10.1.0.5:15023|admin:10.1.0.5:15022|client:10.1.0.5:15021|dataStream:10.1.0.5:15024|priority:1|startupRole:FOLLOWER] returns group-965240A2CA3E:java.util.concurrent.CompletableFuture@5d4c715f[Not completed]
2023-07-28 03:22:25,983 [2b789b44-0f91-485a-b48f-c9199eaf29b8-groupManagement] INFO  server.RaftServer$Division (RaftServerImpl.java:<init>(198)) - 2b789b44-0f91-485a-b48f-c9199eaf29b8: new RaftServerImpl for group-965240A2CA3E:[2b789b44-0f91-485a-b48f-c9199eaf29b8|rpc:10.1.0.5:15023|admin:10.1.0.5:15022|client:10.1.0.5:15021|dataStream:10.1.0.5:15024|priority:1|startupRole:FOLLOWER] with ContainerStateMachine:uninitialized
2023-07-28 03:22:25,983 [2b789b44-0f91-485a-b48f-c9199eaf29b8-groupManagement] INFO  server.RaftServerConfigKeys (ConfUtils.java:logGet(46)) - raft.server.rpc.timeout.min = 5s (custom)
2023-07-28 03:22:25,983 [2b789b44-0f91-485a-b48f-c9199eaf29b8-groupManagement] INFO  server.RaftServerConfigKeys (ConfUtils.java:logGet(46)) - raft.server.rpc.timeout.max = 5200ms (custom)
2023-07-28 03:22:25,983 [2b789b44-0f91-485a-b48f-c9199eaf29b8-groupManagement] INFO  server.RaftServerConfigKeys (ConfUtils.java:logGet(46)) - raft.server.rpc.sleep.time = 25ms (default)
2023-07-28 03:22:25,983 [2b789b44-0f91-485a-b48f-c9199eaf29b8-groupManagement] INFO  server.RaftServerConfigKeys (ConfUtils.java:logGet(46)) - raft.server.rpc.slowness.timeout = 300s (custom)
2023-07-28 03:22:25,983 [2b789b44-0f91-485a-b48f-c9199eaf29b8-groupManagement] INFO  server.RaftServerConfigKeys (ConfUtils.java:logGet(46)) - raft.server.leaderelection.leader.step-down.wait-time = 10s (default)
2023-07-28 03:22:25,983 [2b789b44-0f91-485a-b48f-c9199eaf29b8-groupManagement] INFO  server.RaftServerConfigKeys (ConfUtils.java:logGet(46)) - raft.server.sleep.deviation.threshold = 300ms (default)
2023-07-28 03:22:25,983 [2b789b44-0f91-485a-b48f-c9199eaf29b8-groupManagement] INFO  server.RaftServer$Division (ServerState.java:<init>(120)) - 2b789b44-0f91-485a-b48f-c9199eaf29b8@group-965240A2CA3E: ConfigurationManager, init=-1: peers:[2b789b44-0f91-485a-b48f-c9199eaf29b8|rpc:10.1.0.5:15023|admin:10.1.0.5:15022|client:10.1.0.5:15021|dataStream:10.1.0.5:15024|priority:1|startupRole:FOLLOWER]|listeners:[], old=null, confs=<EMPTY_MAP>
2023-07-28 03:22:25,983 [2b789b44-0f91-485a-b48f-c9199eaf29b8-groupManagement] INFO  server.RaftServerConfigKeys (ConfUtils.java:logGet(46)) - raft.server.storage.dir = [/home/runner/work/ozone/ozone/hadoop-ozone/integration-test/target/test-dir/MiniOzoneClusterImpl-5d941c1b-c8eb-4358-ab64-bf73cd3544cf/datanode-1/data/ratis] (custom)
2023-07-28 03:22:25,983 [2b789b44-0f91-485a-b48f-c9199eaf29b8-groupManagement] INFO  server.RaftServerConfigKeys (ConfUtils.java:logGet(46)) - raft.server.log.corruption.policy = EXCEPTION (default)
2023-07-28 03:22:25,984 [2b789b44-0f91-485a-b48f-c9199eaf29b8-groupManagement] INFO  server.RaftServerConfigKeys (ConfUtils.java:logGet(46)) - raft.server.storage.free-space.min = 0MB (=0) (default)
2023-07-28 03:22:25,984 [2b789b44-0f91-485a-b48f-c9199eaf29b8-groupManagement] INFO  server.RaftServerConfigKeys (ConfUtils.java:logGet(46)) - raft.server.notification.no-leader.timeout = 300s (custom)
2023-07-28 03:22:25,984 [2b789b44-0f91-485a-b48f-c9199eaf29b8-groupManagement] INFO  server.RaftServerConfigKeys (ConfUtils.java:logGet(46)) - raft.server.read.timeout = 10s (default)
2023-07-28 03:22:25,984 [2b789b44-0f91-485a-b48f-c9199eaf29b8-groupManagement] INFO  server.RaftServerConfigKeys (ConfUtils.java:logGet(46)) - raft.server.retrycache.expirytime = 600000ms (custom)
2023-07-28 03:22:25,984 [2b789b44-0f91-485a-b48f-c9199eaf29b8-groupManagement] INFO  server.RaftServerConfigKeys (ConfUtils.java:logGet(46)) - raft.server.retrycache.statistics.expirytime = 100μs (default)
2023-07-28 03:22:25,984 [2b789b44-0f91-485a-b48f-c9199eaf29b8-groupManagement] INFO  server.RaftServerConfigKeys (ConfUtils.java:logGet(46)) - raft.server.read.option = DEFAULT (default)
2023-07-28 03:22:25,985 [2b789b44-0f91-485a-b48f-c9199eaf29b8-groupManagement] INFO  server.RaftServerConfigKeys (ConfUtils.java:logGet(46)) - raft.server.rpc.request.timeout = 60s (custom)
2023-07-28 03:22:25,985 [2b789b44-0f91-485a-b48f-c9199eaf29b8-groupManagement] INFO  server.RaftServerConfigKeys (ConfUtils.java:logGet(46)) - raft.server.log.appender.install.snapshot.enabled = false (custom)
2023-07-28 03:22:25,985 [2b789b44-0f91-485a-b48f-c9199eaf29b8-groupManagement] INFO  server.RaftServerConfigKeys (ConfUtils.java:logGet(46)) - raft.server.threadpool.server.cached = true (default)
2023-07-28 03:22:25,985 [2b789b44-0f91-485a-b48f-c9199eaf29b8-groupManagement] INFO  server.RaftServerConfigKeys (ConfUtils.java:logGet(46)) - raft.server.threadpool.server.size = 0 (default)
2023-07-28 03:22:25,985 [2b789b44-0f91-485a-b48f-c9199eaf29b8-groupManagement] INFO  server.RaftServerConfigKeys (ConfUtils.java:logGet(46)) - raft.server.threadpool.client.cached = true (default)
2023-07-28 03:22:25,985 [2b789b44-0f91-485a-b48f-c9199eaf29b8-groupManagement] INFO  server.RaftServerConfigKeys (ConfUtils.java:logGet(46)) - raft.server.threadpool.client.size = 0 (default)
2023-07-28 03:22:25,986 [2b789b44-0f91-485a-b48f-c9199eaf29b8-groupManagement] INFO  storage.RaftStorageDirectory (RaftStorageDirectoryImpl.java:analyzeStorage(137)) - The storage directory /home/runner/work/ozone/ozone/hadoop-ozone/integration-test/target/test-dir/MiniOzoneClusterImpl-5d941c1b-c8eb-4358-ab64-bf73cd3544cf/datanode-1/data/ratis/9f4b865f-49a1-4e1c-95e1-965240a2ca3e does not exist. Creating ...
2023-07-28 03:22:25,987 [2b789b44-0f91-485a-b48f-c9199eaf29b8-groupManagement] INFO  storage.RaftStorageDirectory (RaftStorageDirectoryImpl.java:tryLock(231)) - Lock on /home/runner/work/ozone/ozone/hadoop-ozone/integration-test/target/test-dir/MiniOzoneClusterImpl-5d941c1b-c8eb-4358-ab64-bf73cd3544cf/datanode-1/data/ratis/9f4b865f-49a1-4e1c-95e1-965240a2ca3e/in_use.lock acquired by nodename 57223@fv-az589-978
2023-07-28 03:22:25,988 [2b789b44-0f91-485a-b48f-c9199eaf29b8-groupManagement] INFO  storage.RaftStorage (RaftStorageImpl.java:format(96)) - Storage directory /home/runner/work/ozone/ozone/hadoop-ozone/integration-test/target/test-dir/MiniOzoneClusterImpl-5d941c1b-c8eb-4358-ab64-bf73cd3544cf/datanode-1/data/ratis/9f4b865f-49a1-4e1c-95e1-965240a2ca3e has been successfully formatted.
2023-07-28 03:22:25,994 [2b789b44-0f91-485a-b48f-c9199eaf29b8-groupManagement] INFO  ratis.ContainerStateMachine (ContainerStateMachine.java:loadSnapshot(262)) - group-965240A2CA3E: The snapshot info is null. Setting the last applied indexto:(t:0, i:~)
2023-07-28 03:22:25,994 [2b789b44-0f91-485a-b48f-c9199eaf29b8-groupManagement] INFO  server.RaftServerConfigKeys (ConfUtils.java:logGet(46)) - raft.server.log.use.memory = false (default)
2023-07-28 03:22:25,994 [2b789b44-0f91-485a-b48f-c9199eaf29b8-groupManagement] INFO  server.RaftServerConfigKeys (ConfUtils.java:logGet(46)) - raft.server.log.purge.gap = 1000000 (custom)
2023-07-28 03:22:25,994 [2b789b44-0f91-485a-b48f-c9199eaf29b8-groupManagement] INFO  server.RaftServerConfigKeys (ConfUtils.java:logGet(46)) - raft.server.log.appender.buffer.byte-limit = 33554432 (custom)
2023-07-28 03:22:25,994 [2b789b44-0f91-485a-b48f-c9199eaf29b8-groupManagement] INFO  server.RaftServerConfigKeys (ConfUtils.java:logGet(46)) - raft.server.log.statemachine.data.read.timeout = 1000ms (default)
2023-07-28 03:22:25,994 [2b789b44-0f91-485a-b48f-c9199eaf29b8-groupManagement] INFO  server.RaftServerConfigKeys (ConfUtils.java:logGet(46)) - raft.server.log.purge.preservation.log.num = 0 (default)
2023-07-28 03:22:25,994 [2b789b44-0f91-485a-b48f-c9199eaf29b8-groupManagement] INFO  server.RaftServerConfigKeys (ConfUtils.java:logGet(46)) - raft.server.log.segment.size.max = 1048576 (custom)
2023-07-28 03:22:25,995 [2b789b44-0f91-485a-b48f-c9199eaf29b8-groupManagement] INFO  server.RaftServerConfigKeys (ConfUtils.java:logGet(46)) - raft.server.log.segment.cache.num.max = 2 (custom)
2023-07-28 03:22:25,995 [2b789b44-0f91-485a-b48f-c9199eaf29b8-groupManagement] INFO  server.RaftServerConfigKeys (ConfUtils.java:logGet(46)) - raft.server.log.segment.cache.size.max = 200MB (=209715200) (default)
2023-07-28 03:22:25,995 [2b789b44-0f91-485a-b48f-c9199eaf29b8-groupManagement] INFO  server.RaftServerConfigKeys (ConfUtils.java:logGet(46)) - raft.server.log.appender.buffer.byte-limit = 33554432 (custom)
2023-07-28 03:22:25,995 [2b789b44-0f91-485a-b48f-c9199eaf29b8-groupManagement] INFO  segmented.SegmentedRaftLogWorker (SegmentedRaftLogWorker.java:<init>(188)) - new 2b789b44-0f91-485a-b48f-c9199eaf29b8@group-965240A2CA3E-SegmentedRaftLogWorker for RaftStorageImpl:Storage Directory /home/runner/work/ozone/ozone/hadoop-ozone/integration-test/target/test-dir/MiniOzoneClusterImpl-5d941c1b-c8eb-4358-ab64-bf73cd3544cf/datanode-1/data/ratis/9f4b865f-49a1-4e1c-95e1-965240a2ca3e
2023-07-28 03:22:25,995 [2b789b44-0f91-485a-b48f-c9199eaf29b8-groupManagement] INFO  server.RaftServerConfigKeys (ConfUtils.java:logGet(46)) - raft.server.log.queue.byte-limit = 4294967296 (custom)
2023-07-28 03:22:25,995 [2b789b44-0f91-485a-b48f-c9199eaf29b8-groupManagement] INFO  server.RaftServerConfigKeys (ConfUtils.java:logGet(46)) - raft.server.log.queue.element-limit = 1024 (custom)
2023-07-28 03:22:25,995 [2b789b44-0f91-485a-b48f-c9199eaf29b8-groupManagement] INFO  server.RaftServerConfigKeys (ConfUtils.java:logGet(46)) - raft.server.log.segment.size.max = 1048576 (custom)
2023-07-28 03:22:25,995 [2b789b44-0f91-485a-b48f-c9199eaf29b8-groupManagement] INFO  server.RaftServerConfigKeys (ConfUtils.java:logGet(46)) - raft.server.log.preallocated.size = 16384 (custom)
2023-07-28 03:22:25,995 [2b789b44-0f91-485a-b48f-c9199eaf29b8-groupManagement] INFO  server.RaftServerConfigKeys (ConfUtils.java:logGet(46)) - raft.server.log.force.sync.num = 128 (default)
2023-07-28 03:22:25,995 [2b789b44-0f91-485a-b48f-c9199eaf29b8-groupManagement] INFO  server.RaftServerConfigKeys (ConfUtils.java:logGet(46)) - raft.server.log.statemachine.data.sync = true (default)
2023-07-28 03:22:25,995 [2b789b44-0f91-485a-b48f-c9199eaf29b8-groupManagement] INFO  server.RaftServerConfigKeys (ConfUtils.java:logGet(46)) - raft.server.log.statemachine.data.sync.timeout = 10s (default)
2023-07-28 03:22:25,995 [2b789b44-0f91-485a-b48f-c9199eaf29b8-groupManagement] INFO  server.RaftServerConfigKeys (ConfUtils.java:logGet(46)) - raft.server.log.statemachine.data.sync.timeout.retry = -1 (default)
2023-07-28 03:22:25,996 [2b789b44-0f91-485a-b48f-c9199eaf29b8-groupManagement] INFO  server.RaftServerConfigKeys (ConfUtils.java:logGet(46)) - raft.server.log.write.buffer.size = 1048576 (custom)
2023-07-28 03:22:26,005 [2b789b44-0f91-485a-b48f-c9199eaf29b8-groupManagement] INFO  server.RaftServerConfigKeys (ConfUtils.java:logGet(46)) - raft.server.log.appender.buffer.byte-limit = 33554432 (custom)
2023-07-28 03:22:26,011 [2b789b44-0f91-485a-b48f-c9199eaf29b8-groupManagement] INFO  server.RaftServerConfigKeys (ConfUtils.java:logGet(46)) - raft.server.log.unsafe-flush.enabled = false (default)
2023-07-28 03:22:26,011 [2b789b44-0f91-485a-b48f-c9199eaf29b8-groupManagement] INFO  server.RaftServerConfigKeys (ConfUtils.java:logGet(46)) - raft.server.log.async-flush.enabled = false (default)
2023-07-28 03:22:26,011 [2b789b44-0f91-485a-b48f-c9199eaf29b8-groupManagement] INFO  server.RaftServerConfigKeys (ConfUtils.java:logGet(46)) - raft.server.log.statemachine.data.caching.enabled = true (custom)
2023-07-28 03:22:26,011 [2b789b44-0f91-485a-b48f-c9199eaf29b8-groupManagement] INFO  segmented.SegmentedRaftLogWorker (SegmentedRaftLogWorker.java:lambda$new$0(135)) - 2b789b44-0f91-485a-b48f-c9199eaf29b8@group-965240A2CA3E-SegmentedRaftLogWorker: flushIndex: setUnconditionally 0 -> -1
2023-07-28 03:22:26,011 [2b789b44-0f91-485a-b48f-c9199eaf29b8-groupManagement] INFO  segmented.SegmentedRaftLogWorker (SegmentedRaftLogWorker.java:lambda$new$0(135)) - 2b789b44-0f91-485a-b48f-c9199eaf29b8@group-965240A2CA3E-SegmentedRaftLogWorker: safeCacheEvictIndex: setUnconditionally 0 -> -1
2023-07-28 03:22:26,011 [2b789b44-0f91-485a-b48f-c9199eaf29b8-groupManagement] INFO  server.RaftServer$Division (RaftServerImpl.java:start(342)) - 2b789b44-0f91-485a-b48f-c9199eaf29b8@group-965240A2CA3E: start as a follower, conf=-1: peers:[2b789b44-0f91-485a-b48f-c9199eaf29b8|rpc:10.1.0.5:15023|admin:10.1.0.5:15022|client:10.1.0.5:15021|dataStream:10.1.0.5:15024|priority:1|startupRole:FOLLOWER]|listeners:[], old=null
2023-07-28 03:22:26,012 [2b789b44-0f91-485a-b48f-c9199eaf29b8-groupManagement] INFO  server.RaftServer$Division (RaftServerImpl.java:setRole(329)) - 2b789b44-0f91-485a-b48f-c9199eaf29b8@group-965240A2CA3E: changes role from      null to FOLLOWER at term 0 for startAsFollower
2023-07-28 03:22:26,012 [2b789b44-0f91-485a-b48f-c9199eaf29b8-groupManagement] INFO  impl.RoleInfo (RoleInfo.java:updateAndGet(139)) - 2b789b44-0f91-485a-b48f-c9199eaf29b8: start 2b789b44-0f91-485a-b48f-c9199eaf29b8@group-965240A2CA3E-FollowerState
2023-07-28 03:22:26,014 [EventQueue-PipelineReportForPipelineReportHandler] INFO  pipeline.PipelineReportHandler (PipelineReportHandler.java:processPipelineReport(136)) - Opened pipeline PipelineID=9f4b865f-49a1-4e1c-95e1-965240a2ca3e
2023-07-28 03:22:26,014 [EventQueue-OpenPipelineForHealthyPipelineSafeModeRule] INFO  safemode.SCMSafeModeManager (HealthyPipelineSafeModeRule.java:process(137)) - SCM in safe mode. Healthy pipelines reported count is 0, required healthy pipeline reported count is 1
2023-07-28 03:22:26,014 [2b789b44-0f91-485a-b48f-c9199eaf29b8-groupManagement] INFO  util.JmxRegister (JmxRegister.java:tryRegister(44)) - Successfully registered JMX Bean with object name Ratis:service=RaftServer,group=group-965240A2CA3E,id=2b789b44-0f91-485a-b48f-c9199eaf29b8
2023-07-28 03:22:26,014 [2b789b44-0f91-485a-b48f-c9199eaf29b8-groupManagement] INFO  server.RaftServerConfigKeys (ConfUtils.java:logGet(46)) - raft.server.snapshot.auto.trigger.enabled = true (custom)
2023-07-28 03:22:26,014 [2b789b44-0f91-485a-b48f-c9199eaf29b8-groupManagement] INFO  server.RaftServerConfigKeys (ConfUtils.java:logGet(46)) - raft.server.snapshot.auto.trigger.threshold = 10000 (custom)
2023-07-28 03:22:26,015 [2b789b44-0f91-485a-b48f-c9199eaf29b8-groupManagement] INFO  server.RaftServerConfigKeys (ConfUtils.java:logGet(46)) - raft.server.snapshot.retention.file.num = 5 (custom)
2023-07-28 03:22:26,015 [2b789b44-0f91-485a-b48f-c9199eaf29b8-groupManagement] INFO  server.RaftServerConfigKeys (ConfUtils.java:logGet(46)) - raft.server.log.purge.upto.snapshot.index = false (default)
2023-07-28 03:22:26,015 [2b789b44-0f91-485a-b48f-c9199eaf29b8@group-965240A2CA3E-FollowerState] INFO  server.RaftServerConfigKeys (ConfUtils.java:logFallback(53)) - raft.server.rpc.first-election.timeout.min = 5s (fallback to raft.server.rpc.timeout.min)
2023-07-28 03:22:26,016 [2b789b44-0f91-485a-b48f-c9199eaf29b8@group-965240A2CA3E-FollowerState] INFO  server.RaftServerConfigKeys (ConfUtils.java:logFallback(53)) - raft.server.rpc.first-election.timeout.max = 5200ms (fallback to raft.server.rpc.timeout.max)
2023-07-28 03:22:26,017 [PipelineCommandHandlerThread-0] INFO  ratis.XceiverServerRatis (XceiverServerRatis.java:addGroup(804)) - Created group PipelineID=9f4b865f-49a1-4e1c-95e1-965240a2ca3e
2023-07-28 03:22:26,017 [PipelineCommandHandlerThread-0] INFO  commandhandler.CreatePipelineCommandHandler (CreatePipelineCommandHandler.java:lambda$handle$2(124)) - Created Pipeline RATIS ONE PipelineID=9f4b865f-49a1-4e1c-95e1-965240a2ca3e.
2023-07-28 03:22:26,018 [PipelineCommandHandlerThread-0] INFO  server.RaftServer (RaftServerProxy.java:addNew(98)) - 2b789b44-0f91-485a-b48f-c9199eaf29b8: addNew group-1C6025D5D53B:[2b789b44-0f91-485a-b48f-c9199eaf29b8|rpc:10.1.0.5:15023|admin:10.1.0.5:15022|client:10.1.0.5:15021|dataStream:10.1.0.5:15024|priority:0|startupRole:FOLLOWER, f4ca73dd-6b78-4056-9520-157df6408f3a|rpc:10.1.0.5:15032|admin:10.1.0.5:15031|client:10.1.0.5:15030|dataStream:10.1.0.5:15033|priority:0|startupRole:FOLLOWER, e04aa943-cde2-4456-a19a-42c119af903b|rpc:10.1.0.5:15014|admin:10.1.0.5:15013|client:10.1.0.5:15012|dataStream:10.1.0.5:15015|priority:1|startupRole:FOLLOWER] returns group-1C6025D5D53B:java.util.concurrent.CompletableFuture@5973ee2e[Not completed]
2023-07-28 03:22:26,019 [2b789b44-0f91-485a-b48f-c9199eaf29b8-groupManagement] INFO  server.RaftServer$Division (RaftServerImpl.java:<init>(198)) - 2b789b44-0f91-485a-b48f-c9199eaf29b8: new RaftServerImpl for group-1C6025D5D53B:[2b789b44-0f91-485a-b48f-c9199eaf29b8|rpc:10.1.0.5:15023|admin:10.1.0.5:15022|client:10.1.0.5:15021|dataStream:10.1.0.5:15024|priority:0|startupRole:FOLLOWER, f4ca73dd-6b78-4056-9520-157df6408f3a|rpc:10.1.0.5:15032|admin:10.1.0.5:15031|client:10.1.0.5:15030|dataStream:10.1.0.5:15033|priority:0|startupRole:FOLLOWER, e04aa943-cde2-4456-a19a-42c119af903b|rpc:10.1.0.5:15014|admin:10.1.0.5:15013|client:10.1.0.5:15012|dataStream:10.1.0.5:15015|priority:1|startupRole:FOLLOWER] with ContainerStateMachine:uninitialized
2023-07-28 03:22:26,020 [2b789b44-0f91-485a-b48f-c9199eaf29b8-groupManagement] INFO  server.RaftServerConfigKeys (ConfUtils.java:logGet(46)) - raft.server.rpc.timeout.min = 5s (custom)
2023-07-28 03:22:26,020 [2b789b44-0f91-485a-b48f-c9199eaf29b8-groupManagement] INFO  server.RaftServerConfigKeys (ConfUtils.java:logGet(46)) - raft.server.rpc.timeout.max = 5200ms (custom)
2023-07-28 03:22:26,020 [2b789b44-0f91-485a-b48f-c9199eaf29b8-groupManagement] INFO  server.RaftServerConfigKeys (ConfUtils.java:logGet(46)) - raft.server.rpc.sleep.time = 25ms (default)
2023-07-28 03:22:26,020 [2b789b44-0f91-485a-b48f-c9199eaf29b8-groupManagement] INFO  server.RaftServerConfigKeys (ConfUtils.java:logGet(46)) - raft.server.rpc.slowness.timeout = 300s (custom)
2023-07-28 03:22:26,020 [2b789b44-0f91-485a-b48f-c9199eaf29b8-groupManagement] INFO  server.RaftServerConfigKeys (ConfUtils.java:logGet(46)) - raft.server.leaderelection.leader.step-down.wait-time = 10s (default)
2023-07-28 03:22:26,020 [2b789b44-0f91-485a-b48f-c9199eaf29b8-groupManagement] INFO  server.RaftServerConfigKeys (ConfUtils.java:logGet(46)) - raft.server.sleep.deviation.threshold = 300ms (default)
2023-07-28 03:22:26,020 [2b789b44-0f91-485a-b48f-c9199eaf29b8-groupManagement] INFO  server.RaftServer$Division (ServerState.java:<init>(120)) - 2b789b44-0f91-485a-b48f-c9199eaf29b8@group-1C6025D5D53B: ConfigurationManager, init=-1: peers:[2b789b44-0f91-485a-b48f-c9199eaf29b8|rpc:10.1.0.5:15023|admin:10.1.0.5:15022|client:10.1.0.5:15021|dataStream:10.1.0.5:15024|priority:0|startupRole:FOLLOWER, f4ca73dd-6b78-4056-9520-157df6408f3a|rpc:10.1.0.5:15032|admin:10.1.0.5:15031|client:10.1.0.5:15030|dataStream:10.1.0.5:15033|priority:0|startupRole:FOLLOWER, e04aa943-cde2-4456-a19a-42c119af903b|rpc:10.1.0.5:15014|admin:10.1.0.5:15013|client:10.1.0.5:15012|dataStream:10.1.0.5:15015|priority:1|startupRole:FOLLOWER]|listeners:[], old=null, confs=<EMPTY_MAP>
2023-07-28 03:22:26,020 [2b789b44-0f91-485a-b48f-c9199eaf29b8-groupManagement] INFO  server.RaftServerConfigKeys (ConfUtils.java:logGet(46)) - raft.server.storage.dir = [/home/runner/work/ozone/ozone/hadoop-ozone/integration-test/target/test-dir/MiniOzoneClusterImpl-5d941c1b-c8eb-4358-ab64-bf73cd3544cf/datanode-1/data/ratis] (custom)
2023-07-28 03:22:26,020 [2b789b44-0f91-485a-b48f-c9199eaf29b8-groupManagement] INFO  server.RaftServerConfigKeys (ConfUtils.java:logGet(46)) - raft.server.log.corruption.policy = EXCEPTION (default)
2023-07-28 03:22:26,020 [2b789b44-0f91-485a-b48f-c9199eaf29b8-groupManagement] INFO  server.RaftServerConfigKeys (ConfUtils.java:logGet(46)) - raft.server.storage.free-space.min = 0MB (=0) (default)
2023-07-28 03:22:26,020 [2b789b44-0f91-485a-b48f-c9199eaf29b8-groupManagement] INFO  server.RaftServerConfigKeys (ConfUtils.java:logGet(46)) - raft.server.notification.no-leader.timeout = 300s (custom)
2023-07-28 03:22:26,020 [2b789b44-0f91-485a-b48f-c9199eaf29b8-groupManagement] INFO  server.RaftServerConfigKeys (ConfUtils.java:logGet(46)) - raft.server.read.timeout = 10s (default)
2023-07-28 03:22:26,021 [2b789b44-0f91-485a-b48f-c9199eaf29b8-groupManagement] INFO  server.RaftServerConfigKeys (ConfUtils.java:logGet(46)) - raft.server.retrycache.expirytime = 600000ms (custom)
2023-07-28 03:22:26,021 [2b789b44-0f91-485a-b48f-c9199eaf29b8-groupManagement] INFO  server.RaftServerConfigKeys (ConfUtils.java:logGet(46)) - raft.server.retrycache.statistics.expirytime = 100μs (default)
2023-07-28 03:22:26,021 [2b789b44-0f91-485a-b48f-c9199eaf29b8-groupManagement] INFO  server.RaftServerConfigKeys (ConfUtils.java:logGet(46)) - raft.server.read.option = DEFAULT (default)
2023-07-28 03:22:26,022 [2b789b44-0f91-485a-b48f-c9199eaf29b8-groupManagement] INFO  server.RaftServerConfigKeys (ConfUtils.java:logGet(46)) - raft.server.rpc.request.timeout = 60s (custom)
2023-07-28 03:22:26,022 [2b789b44-0f91-485a-b48f-c9199eaf29b8-groupManagement] INFO  server.RaftServerConfigKeys (ConfUtils.java:logGet(46)) - raft.server.log.appender.install.snapshot.enabled = false (custom)
2023-07-28 03:22:26,022 [2b789b44-0f91-485a-b48f-c9199eaf29b8-groupManagement] INFO  server.RaftServerConfigKeys (ConfUtils.java:logGet(46)) - raft.server.threadpool.server.cached = true (default)
2023-07-28 03:22:26,022 [2b789b44-0f91-485a-b48f-c9199eaf29b8-groupManagement] INFO  server.RaftServerConfigKeys (ConfUtils.java:logGet(46)) - raft.server.threadpool.server.size = 0 (default)
2023-07-28 03:22:26,022 [2b789b44-0f91-485a-b48f-c9199eaf29b8-groupManagement] INFO  server.RaftServerConfigKeys (ConfUtils.java:logGet(46)) - raft.server.threadpool.client.cached = true (default)
2023-07-28 03:22:26,022 [2b789b44-0f91-485a-b48f-c9199eaf29b8-groupManagement] INFO  server.RaftServerConfigKeys (ConfUtils.java:logGet(46)) - raft.server.threadpool.client.size = 0 (default)
2023-07-28 03:22:26,022 [2b789b44-0f91-485a-b48f-c9199eaf29b8-groupManagement] INFO  storage.RaftStorageDirectory (RaftStorageDirectoryImpl.java:analyzeStorage(137)) - The storage directory /home/runner/work/ozone/ozone/hadoop-ozone/integration-test/target/test-dir/MiniOzoneClusterImpl-5d941c1b-c8eb-4358-ab64-bf73cd3544cf/datanode-1/data/ratis/3f6201dd-4cb5-4189-b630-1c6025d5d53b does not exist. Creating ...
2023-07-28 03:22:26,024 [2b789b44-0f91-485a-b48f-c9199eaf29b8-groupManagement] INFO  storage.RaftStorageDirectory (RaftStorageDirectoryImpl.java:tryLock(231)) - Lock on /home/runner/work/ozone/ozone/hadoop-ozone/integration-test/target/test-dir/MiniOzoneClusterImpl-5d941c1b-c8eb-4358-ab64-bf73cd3544cf/datanode-1/data/ratis/3f6201dd-4cb5-4189-b630-1c6025d5d53b/in_use.lock acquired by nodename 57223@fv-az589-978
2023-07-28 03:22:26,027 [2b789b44-0f91-485a-b48f-c9199eaf29b8-groupManagement] INFO  storage.RaftStorage (RaftStorageImpl.java:format(96)) - Storage directory /home/runner/work/ozone/ozone/hadoop-ozone/integration-test/target/test-dir/MiniOzoneClusterImpl-5d941c1b-c8eb-4358-ab64-bf73cd3544cf/datanode-1/data/ratis/3f6201dd-4cb5-4189-b630-1c6025d5d53b has been successfully formatted.
2023-07-28 03:22:26,028 [2b789b44-0f91-485a-b48f-c9199eaf29b8-groupManagement] INFO  ratis.ContainerStateMachine (ContainerStateMachine.java:loadSnapshot(262)) - group-1C6025D5D53B: The snapshot info is null. Setting the last applied indexto:(t:0, i:~)
2023-07-28 03:22:26,028 [2b789b44-0f91-485a-b48f-c9199eaf29b8-groupManagement] INFO  server.RaftServerConfigKeys (ConfUtils.java:logGet(46)) - raft.server.log.use.memory = false (default)
2023-07-28 03:22:26,028 [2b789b44-0f91-485a-b48f-c9199eaf29b8-groupManagement] INFO  server.RaftServerConfigKeys (ConfUtils.java:logGet(46)) - raft.server.log.purge.gap = 1000000 (custom)
2023-07-28 03:22:26,028 [2b789b44-0f91-485a-b48f-c9199eaf29b8-groupManagement] INFO  server.RaftServerConfigKeys (ConfUtils.java:logGet(46)) - raft.server.log.appender.buffer.byte-limit = 33554432 (custom)
2023-07-28 03:22:26,028 [2b789b44-0f91-485a-b48f-c9199eaf29b8-groupManagement] INFO  server.RaftServerConfigKeys (ConfUtils.java:logGet(46)) - raft.server.log.statemachine.data.read.timeout = 1000ms (default)
2023-07-28 03:22:26,028 [2b789b44-0f91-485a-b48f-c9199eaf29b8-groupManagement] INFO  server.RaftServerConfigKeys (ConfUtils.java:logGet(46)) - raft.server.log.purge.preservation.log.num = 0 (default)
2023-07-28 03:22:26,028 [2b789b44-0f91-485a-b48f-c9199eaf29b8-groupManagement] INFO  server.RaftServerConfigKeys (ConfUtils.java:logGet(46)) - raft.server.log.segment.size.max = 1048576 (custom)
2023-07-28 03:22:26,029 [2b789b44-0f91-485a-b48f-c9199eaf29b8-groupManagement] INFO  server.RaftServerConfigKeys (ConfUtils.java:logGet(46)) - raft.server.log.segment.cache.num.max = 2 (custom)
2023-07-28 03:22:26,029 [2b789b44-0f91-485a-b48f-c9199eaf29b8-groupManagement] INFO  server.RaftServerConfigKeys (ConfUtils.java:logGet(46)) - raft.server.log.segment.cache.size.max = 200MB (=209715200) (default)
2023-07-28 03:22:26,029 [2b789b44-0f91-485a-b48f-c9199eaf29b8-groupManagement] INFO  server.RaftServerConfigKeys (ConfUtils.java:logGet(46)) - raft.server.log.appender.buffer.byte-limit = 33554432 (custom)
2023-07-28 03:22:26,029 [2b789b44-0f91-485a-b48f-c9199eaf29b8-groupManagement] INFO  segmented.SegmentedRaftLogWorker (SegmentedRaftLogWorker.java:<init>(188)) - new 2b789b44-0f91-485a-b48f-c9199eaf29b8@group-1C6025D5D53B-SegmentedRaftLogWorker for RaftStorageImpl:Storage Directory /home/runner/work/ozone/ozone/hadoop-ozone/integration-test/target/test-dir/MiniOzoneClusterImpl-5d941c1b-c8eb-4358-ab64-bf73cd3544cf/datanode-1/data/ratis/3f6201dd-4cb5-4189-b630-1c6025d5d53b
2023-07-28 03:22:26,029 [2b789b44-0f91-485a-b48f-c9199eaf29b8-groupManagement] INFO  server.RaftServerConfigKeys (ConfUtils.java:logGet(46)) - raft.server.log.queue.byte-limit = 4294967296 (custom)
2023-07-28 03:22:26,029 [2b789b44-0f91-485a-b48f-c9199eaf29b8-groupManagement] INFO  server.RaftServerConfigKeys (ConfUtils.java:logGet(46)) - raft.server.log.queue.element-limit = 1024 (custom)
2023-07-28 03:22:26,029 [2b789b44-0f91-485a-b48f-c9199eaf29b8-groupManagement] INFO  server.RaftServerConfigKeys (ConfUtils.java:logGet(46)) - raft.server.log.segment.size.max = 1048576 (custom)
2023-07-28 03:22:26,029 [2b789b44-0f91-485a-b48f-c9199eaf29b8-groupManagement] INFO  server.RaftServerConfigKeys (ConfUtils.java:logGet(46)) - raft.server.log.preallocated.size = 16384 (custom)
2023-07-28 03:22:26,029 [2b789b44-0f91-485a-b48f-c9199eaf29b8-groupManagement] INFO  server.RaftServerConfigKeys (ConfUtils.java:logGet(46)) - raft.server.log.force.sync.num = 128 (default)
2023-07-28 03:22:26,029 [2b789b44-0f91-485a-b48f-c9199eaf29b8-groupManagement] INFO  server.RaftServerConfigKeys (ConfUtils.java:logGet(46)) - raft.server.log.statemachine.data.sync = true (default)
2023-07-28 03:22:26,029 [2b789b44-0f91-485a-b48f-c9199eaf29b8-groupManagement] INFO  server.RaftServerConfigKeys (ConfUtils.java:logGet(46)) - raft.server.log.statemachine.data.sync.timeout = 10s (default)
2023-07-28 03:22:26,029 [2b789b44-0f91-485a-b48f-c9199eaf29b8-groupManagement] INFO  server.RaftServerConfigKeys (ConfUtils.java:logGet(46)) - raft.server.log.statemachine.data.sync.timeout.retry = -1 (default)
2023-07-28 03:22:26,030 [2b789b44-0f91-485a-b48f-c9199eaf29b8-groupManagement] INFO  server.RaftServerConfigKeys (ConfUtils.java:logGet(46)) - raft.server.log.write.buffer.size = 1048576 (custom)
2023-07-28 03:22:26,031 [2b789b44-0f91-485a-b48f-c9199eaf29b8-groupManagement] INFO  server.RaftServerConfigKeys (ConfUtils.java:logGet(46)) - raft.server.log.appender.buffer.byte-limit = 33554432 (custom)
2023-07-28 03:22:26,039 [EventQueue-OpenPipelineForHealthyPipelineSafeModeRule] INFO  safemode.SCMSafeModeManager (HealthyPipelineSafeModeRule.java:process(137)) - SCM in safe mode. Healthy pipelines reported count is 0, required healthy pipeline reported count is 1
2023-07-28 03:22:26,039 [2b789b44-0f91-485a-b48f-c9199eaf29b8-groupManagement] INFO  server.RaftServerConfigKeys (ConfUtils.java:logGet(46)) - raft.server.log.unsafe-flush.enabled = false (default)
2023-07-28 03:22:26,040 [2b789b44-0f91-485a-b48f-c9199eaf29b8-groupManagement] INFO  server.RaftServerConfigKeys (ConfUtils.java:logGet(46)) - raft.server.log.async-flush.enabled = false (default)
2023-07-28 03:22:26,040 [2b789b44-0f91-485a-b48f-c9199eaf29b8-groupManagement] INFO  server.RaftServerConfigKeys (ConfUtils.java:logGet(46)) - raft.server.log.statemachine.data.caching.enabled = true (custom)
2023-07-28 03:22:26,040 [2b789b44-0f91-485a-b48f-c9199eaf29b8-groupManagement] INFO  segmented.SegmentedRaftLogWorker (SegmentedRaftLogWorker.java:lambda$new$0(135)) - 2b789b44-0f91-485a-b48f-c9199eaf29b8@group-1C6025D5D53B-SegmentedRaftLogWorker: flushIndex: setUnconditionally 0 -> -1
2023-07-28 03:22:26,040 [2b789b44-0f91-485a-b48f-c9199eaf29b8-groupManagement] INFO  segmented.SegmentedRaftLogWorker (SegmentedRaftLogWorker.java:lambda$new$0(135)) - 2b789b44-0f91-485a-b48f-c9199eaf29b8@group-1C6025D5D53B-SegmentedRaftLogWorker: safeCacheEvictIndex: setUnconditionally 0 -> -1
2023-07-28 03:22:26,040 [2b789b44-0f91-485a-b48f-c9199eaf29b8-groupManagement] INFO  server.RaftServer$Division (RaftServerImpl.java:start(342)) - 2b789b44-0f91-485a-b48f-c9199eaf29b8@group-1C6025D5D53B: start as a follower, conf=-1: peers:[2b789b44-0f91-485a-b48f-c9199eaf29b8|rpc:10.1.0.5:15023|admin:10.1.0.5:15022|client:10.1.0.5:15021|dataStream:10.1.0.5:15024|priority:0|startupRole:FOLLOWER, f4ca73dd-6b78-4056-9520-157df6408f3a|rpc:10.1.0.5:15032|admin:10.1.0.5:15031|client:10.1.0.5:15030|dataStream:10.1.0.5:15033|priority:0|startupRole:FOLLOWER, e04aa943-cde2-4456-a19a-42c119af903b|rpc:10.1.0.5:15014|admin:10.1.0.5:15013|client:10.1.0.5:15012|dataStream:10.1.0.5:15015|priority:1|startupRole:FOLLOWER]|listeners:[], old=null
2023-07-28 03:22:26,040 [2b789b44-0f91-485a-b48f-c9199eaf29b8-groupManagement] INFO  server.RaftServer$Division (RaftServerImpl.java:setRole(329)) - 2b789b44-0f91-485a-b48f-c9199eaf29b8@group-1C6025D5D53B: changes role from      null to FOLLOWER at term 0 for startAsFollower
2023-07-28 03:22:26,040 [2b789b44-0f91-485a-b48f-c9199eaf29b8-groupManagement] INFO  impl.RoleInfo (RoleInfo.java:updateAndGet(139)) - 2b789b44-0f91-485a-b48f-c9199eaf29b8: start 2b789b44-0f91-485a-b48f-c9199eaf29b8@group-1C6025D5D53B-FollowerState
2023-07-28 03:22:26,041 [2b789b44-0f91-485a-b48f-c9199eaf29b8-groupManagement] INFO  util.JmxRegister (JmxRegister.java:tryRegister(44)) - Successfully registered JMX Bean with object name Ratis:service=RaftServer,group=group-1C6025D5D53B,id=2b789b44-0f91-485a-b48f-c9199eaf29b8
2023-07-28 03:22:26,041 [2b789b44-0f91-485a-b48f-c9199eaf29b8-groupManagement] INFO  server.RaftServerConfigKeys (ConfUtils.java:logGet(46)) - raft.server.snapshot.auto.trigger.enabled = true (custom)
2023-07-28 03:22:26,041 [2b789b44-0f91-485a-b48f-c9199eaf29b8-groupManagement] INFO  server.RaftServerConfigKeys (ConfUtils.java:logGet(46)) - raft.server.snapshot.auto.trigger.threshold = 10000 (custom)
2023-07-28 03:22:26,041 [2b789b44-0f91-485a-b48f-c9199eaf29b8-groupManagement] INFO  server.RaftServerConfigKeys (ConfUtils.java:logGet(46)) - raft.server.snapshot.retention.file.num = 5 (custom)
2023-07-28 03:22:26,041 [2b789b44-0f91-485a-b48f-c9199eaf29b8-groupManagement] INFO  server.RaftServerConfigKeys (ConfUtils.java:logGet(46)) - raft.server.log.purge.upto.snapshot.index = false (default)
2023-07-28 03:22:26,042 [2b789b44-0f91-485a-b48f-c9199eaf29b8@group-1C6025D5D53B-FollowerState] INFO  server.RaftServerConfigKeys (ConfUtils.java:logFallback(53)) - raft.server.rpc.first-election.timeout.min = 5s (fallback to raft.server.rpc.timeout.min)
2023-07-28 03:22:26,042 [PipelineCommandHandlerThread-0] INFO  ratis.XceiverServerRatis (XceiverServerRatis.java:addGroup(804)) - Created group PipelineID=3f6201dd-4cb5-4189-b630-1c6025d5d53b
2023-07-28 03:22:26,049 [2b789b44-0f91-485a-b48f-c9199eaf29b8@group-1C6025D5D53B-FollowerState] INFO  server.RaftServerConfigKeys (ConfUtils.java:logFallback(53)) - raft.server.rpc.first-election.timeout.max = 5200ms (fallback to raft.server.rpc.timeout.max)
2023-07-28 03:22:26,130 [PipelineCommandHandlerThread-0] INFO  commandhandler.CreatePipelineCommandHandler (CreatePipelineCommandHandler.java:lambda$handle$2(124)) - Created Pipeline RATIS THREE PipelineID=3f6201dd-4cb5-4189-b630-1c6025d5d53b.
2023-07-28 03:22:26,130 [PipelineCommandHandlerThread-0] INFO  server.RaftServer (RaftServerProxy.java:addNew(98)) - e04aa943-cde2-4456-a19a-42c119af903b: addNew group-47480EAAFCFC:[2b789b44-0f91-485a-b48f-c9199eaf29b8|rpc:10.1.0.5:15023|admin:10.1.0.5:15022|client:10.1.0.5:15021|dataStream:10.1.0.5:15024|priority:1|startupRole:FOLLOWER, f4ca73dd-6b78-4056-9520-157df6408f3a|rpc:10.1.0.5:15032|admin:10.1.0.5:15031|client:10.1.0.5:15030|dataStream:10.1.0.5:15033|priority:0|startupRole:FOLLOWER, e04aa943-cde2-4456-a19a-42c119af903b|rpc:10.1.0.5:15014|admin:10.1.0.5:15013|client:10.1.0.5:15012|dataStream:10.1.0.5:15015|priority:0|startupRole:FOLLOWER] returns group-47480EAAFCFC:java.util.concurrent.CompletableFuture@72be8496[Not completed]
2023-07-28 03:22:26,131 [e04aa943-cde2-4456-a19a-42c119af903b-groupManagement] INFO  server.RaftServer$Division (RaftServerImpl.java:<init>(198)) - e04aa943-cde2-4456-a19a-42c119af903b: new RaftServerImpl for group-47480EAAFCFC:[2b789b44-0f91-485a-b48f-c9199eaf29b8|rpc:10.1.0.5:15023|admin:10.1.0.5:15022|client:10.1.0.5:15021|dataStream:10.1.0.5:15024|priority:1|startupRole:FOLLOWER, f4ca73dd-6b78-4056-9520-157df6408f3a|rpc:10.1.0.5:15032|admin:10.1.0.5:15031|client:10.1.0.5:15030|dataStream:10.1.0.5:15033|priority:0|startupRole:FOLLOWER, e04aa943-cde2-4456-a19a-42c119af903b|rpc:10.1.0.5:15014|admin:10.1.0.5:15013|client:10.1.0.5:15012|dataStream:10.1.0.5:15015|priority:0|startupRole:FOLLOWER] with ContainerStateMachine:uninitialized
2023-07-28 03:22:26,132 [e04aa943-cde2-4456-a19a-42c119af903b-groupManagement] INFO  server.RaftServerConfigKeys (ConfUtils.java:logGet(46)) - raft.server.rpc.timeout.min = 5s (custom)
2023-07-28 03:22:26,132 [e04aa943-cde2-4456-a19a-42c119af903b-groupManagement] INFO  server.RaftServerConfigKeys (ConfUtils.java:logGet(46)) - raft.server.rpc.timeout.max = 5200ms (custom)
2023-07-28 03:22:26,132 [e04aa943-cde2-4456-a19a-42c119af903b-groupManagement] INFO  server.RaftServerConfigKeys (ConfUtils.java:logGet(46)) - raft.server.rpc.sleep.time = 25ms (default)
2023-07-28 03:22:26,132 [e04aa943-cde2-4456-a19a-42c119af903b-groupManagement] INFO  server.RaftServerConfigKeys (ConfUtils.java:logGet(46)) - raft.server.rpc.slowness.timeout = 300s (custom)
2023-07-28 03:22:26,132 [e04aa943-cde2-4456-a19a-42c119af903b-groupManagement] INFO  server.RaftServerConfigKeys (ConfUtils.java:logGet(46)) - raft.server.leaderelection.leader.step-down.wait-time = 10s (default)
2023-07-28 03:22:26,132 [e04aa943-cde2-4456-a19a-42c119af903b-groupManagement] INFO  server.RaftServerConfigKeys (ConfUtils.java:logGet(46)) - raft.server.sleep.deviation.threshold = 300ms (default)
2023-07-28 03:22:26,132 [e04aa943-cde2-4456-a19a-42c119af903b-groupManagement] INFO  server.RaftServer$Division (ServerState.java:<init>(120)) - e04aa943-cde2-4456-a19a-42c119af903b@group-47480EAAFCFC: ConfigurationManager, init=-1: peers:[2b789b44-0f91-485a-b48f-c9199eaf29b8|rpc:10.1.0.5:15023|admin:10.1.0.5:15022|client:10.1.0.5:15021|dataStream:10.1.0.5:15024|priority:1|startupRole:FOLLOWER, f4ca73dd-6b78-4056-9520-157df6408f3a|rpc:10.1.0.5:15032|admin:10.1.0.5:15031|client:10.1.0.5:15030|dataStream:10.1.0.5:15033|priority:0|startupRole:FOLLOWER, e04aa943-cde2-4456-a19a-42c119af903b|rpc:10.1.0.5:15014|admin:10.1.0.5:15013|client:10.1.0.5:15012|dataStream:10.1.0.5:15015|priority:0|startupRole:FOLLOWER]|listeners:[], old=null, confs=<EMPTY_MAP>
2023-07-28 03:22:26,132 [e04aa943-cde2-4456-a19a-42c119af903b-groupManagement] INFO  server.RaftServerConfigKeys (ConfUtils.java:logGet(46)) - raft.server.storage.dir = [/home/runner/work/ozone/ozone/hadoop-ozone/integration-test/target/test-dir/MiniOzoneClusterImpl-5d941c1b-c8eb-4358-ab64-bf73cd3544cf/datanode-0/data/ratis] (custom)
2023-07-28 03:22:26,132 [e04aa943-cde2-4456-a19a-42c119af903b-groupManagement] INFO  server.RaftServerConfigKeys (ConfUtils.java:logGet(46)) - raft.server.log.corruption.policy = EXCEPTION (default)
2023-07-28 03:22:26,132 [e04aa943-cde2-4456-a19a-42c119af903b-groupManagement] INFO  server.RaftServerConfigKeys (ConfUtils.java:logGet(46)) - raft.server.storage.free-space.min = 0MB (=0) (default)
2023-07-28 03:22:26,132 [e04aa943-cde2-4456-a19a-42c119af903b-groupManagement] INFO  server.RaftServerConfigKeys (ConfUtils.java:logGet(46)) - raft.server.notification.no-leader.timeout = 300s (custom)
2023-07-28 03:22:26,133 [e04aa943-cde2-4456-a19a-42c119af903b-groupManagement] INFO  server.RaftServerConfigKeys (ConfUtils.java:logGet(46)) - raft.server.read.timeout = 10s (default)
2023-07-28 03:22:26,133 [e04aa943-cde2-4456-a19a-42c119af903b-groupManagement] INFO  server.RaftServerConfigKeys (ConfUtils.java:logGet(46)) - raft.server.retrycache.expirytime = 600000ms (custom)
2023-07-28 03:22:26,133 [e04aa943-cde2-4456-a19a-42c119af903b-groupManagement] INFO  server.RaftServerConfigKeys (ConfUtils.java:logGet(46)) - raft.server.retrycache.statistics.expirytime = 100μs (default)
2023-07-28 03:22:26,133 [e04aa943-cde2-4456-a19a-42c119af903b-groupManagement] INFO  server.RaftServerConfigKeys (ConfUtils.java:logGet(46)) - raft.server.read.option = DEFAULT (default)
2023-07-28 03:22:26,134 [e04aa943-cde2-4456-a19a-42c119af903b-groupManagement] INFO  server.RaftServerConfigKeys (ConfUtils.java:logGet(46)) - raft.server.rpc.request.timeout = 60s (custom)
2023-07-28 03:22:26,134 [e04aa943-cde2-4456-a19a-42c119af903b-groupManagement] INFO  server.RaftServerConfigKeys (ConfUtils.java:logGet(46)) - raft.server.log.appender.install.snapshot.enabled = false (custom)
2023-07-28 03:22:26,134 [e04aa943-cde2-4456-a19a-42c119af903b-groupManagement] INFO  server.RaftServerConfigKeys (ConfUtils.java:logGet(46)) - raft.server.threadpool.server.cached = true (default)
2023-07-28 03:22:26,134 [e04aa943-cde2-4456-a19a-42c119af903b-groupManagement] INFO  server.RaftServerConfigKeys (ConfUtils.java:logGet(46)) - raft.server.threadpool.server.size = 0 (default)
2023-07-28 03:22:26,134 [e04aa943-cde2-4456-a19a-42c119af903b-groupManagement] INFO  server.RaftServerConfigKeys (ConfUtils.java:logGet(46)) - raft.server.threadpool.client.cached = true (default)
2023-07-28 03:22:26,134 [e04aa943-cde2-4456-a19a-42c119af903b-groupManagement] INFO  server.RaftServerConfigKeys (ConfUtils.java:logGet(46)) - raft.server.threadpool.client.size = 0 (default)
2023-07-28 03:22:26,134 [e04aa943-cde2-4456-a19a-42c119af903b-groupManagement] INFO  storage.RaftStorageDirectory (RaftStorageDirectoryImpl.java:analyzeStorage(137)) - The storage directory /home/runner/work/ozone/ozone/hadoop-ozone/integration-test/target/test-dir/MiniOzoneClusterImpl-5d941c1b-c8eb-4358-ab64-bf73cd3544cf/datanode-0/data/ratis/7c057bca-95e1-4939-b0a5-47480eaafcfc does not exist. Creating ...
2023-07-28 03:22:26,135 [e04aa943-cde2-4456-a19a-42c119af903b-groupManagement] INFO  storage.RaftStorageDirectory (RaftStorageDirectoryImpl.java:tryLock(231)) - Lock on /home/runner/work/ozone/ozone/hadoop-ozone/integration-test/target/test-dir/MiniOzoneClusterImpl-5d941c1b-c8eb-4358-ab64-bf73cd3544cf/datanode-0/data/ratis/7c057bca-95e1-4939-b0a5-47480eaafcfc/in_use.lock acquired by nodename 57223@fv-az589-978
2023-07-28 03:22:26,136 [e04aa943-cde2-4456-a19a-42c119af903b-groupManagement] INFO  storage.RaftStorage (RaftStorageImpl.java:format(96)) - Storage directory /home/runner/work/ozone/ozone/hadoop-ozone/integration-test/target/test-dir/MiniOzoneClusterImpl-5d941c1b-c8eb-4358-ab64-bf73cd3544cf/datanode-0/data/ratis/7c057bca-95e1-4939-b0a5-47480eaafcfc has been successfully formatted.
2023-07-28 03:22:26,137 [e04aa943-cde2-4456-a19a-42c119af903b-groupManagement] INFO  ratis.ContainerStateMachine (ContainerStateMachine.java:loadSnapshot(262)) - group-47480EAAFCFC: The snapshot info is null. Setting the last applied indexto:(t:0, i:~)
2023-07-28 03:22:26,137 [e04aa943-cde2-4456-a19a-42c119af903b-groupManagement] INFO  server.RaftServerConfigKeys (ConfUtils.java:logGet(46)) - raft.server.log.use.memory = false (default)
2023-07-28 03:22:26,137 [e04aa943-cde2-4456-a19a-42c119af903b-groupManagement] INFO  server.RaftServerConfigKeys (ConfUtils.java:logGet(46)) - raft.server.log.purge.gap = 1000000 (custom)
2023-07-28 03:22:26,137 [e04aa943-cde2-4456-a19a-42c119af903b-groupManagement] INFO  server.RaftServerConfigKeys (ConfUtils.java:logGet(46)) - raft.server.log.appender.buffer.byte-limit = 33554432 (custom)
2023-07-28 03:22:26,137 [e04aa943-cde2-4456-a19a-42c119af903b-groupManagement] INFO  server.RaftServerConfigKeys (ConfUtils.java:logGet(46)) - raft.server.log.statemachine.data.read.timeout = 1000ms (default)
2023-07-28 03:22:26,137 [e04aa943-cde2-4456-a19a-42c119af903b-groupManagement] INFO  server.RaftServerConfigKeys (ConfUtils.java:logGet(46)) - raft.server.log.purge.preservation.log.num = 0 (default)
2023-07-28 03:22:26,138 [e04aa943-cde2-4456-a19a-42c119af903b-groupManagement] INFO  server.RaftServerConfigKeys (ConfUtils.java:logGet(46)) - raft.server.log.segment.size.max = 1048576 (custom)
2023-07-28 03:22:26,138 [e04aa943-cde2-4456-a19a-42c119af903b-groupManagement] INFO  server.RaftServerConfigKeys (ConfUtils.java:logGet(46)) - raft.server.log.segment.cache.num.max = 2 (custom)
2023-07-28 03:22:26,138 [e04aa943-cde2-4456-a19a-42c119af903b-groupManagement] INFO  server.RaftServerConfigKeys (ConfUtils.java:logGet(46)) - raft.server.log.segment.cache.size.max = 200MB (=209715200) (default)
2023-07-28 03:22:26,138 [e04aa943-cde2-4456-a19a-42c119af903b-groupManagement] INFO  server.RaftServerConfigKeys (ConfUtils.java:logGet(46)) - raft.server.log.appender.buffer.byte-limit = 33554432 (custom)
2023-07-28 03:22:26,138 [e04aa943-cde2-4456-a19a-42c119af903b-groupManagement] INFO  segmented.SegmentedRaftLogWorker (SegmentedRaftLogWorker.java:<init>(188)) - new e04aa943-cde2-4456-a19a-42c119af903b@group-47480EAAFCFC-SegmentedRaftLogWorker for RaftStorageImpl:Storage Directory /home/runner/work/ozone/ozone/hadoop-ozone/integration-test/target/test-dir/MiniOzoneClusterImpl-5d941c1b-c8eb-4358-ab64-bf73cd3544cf/datanode-0/data/ratis/7c057bca-95e1-4939-b0a5-47480eaafcfc
2023-07-28 03:22:26,140 [e04aa943-cde2-4456-a19a-42c119af903b-groupManagement] INFO  server.RaftServerConfigKeys (ConfUtils.java:logGet(46)) - raft.server.log.queue.byte-limit = 4294967296 (custom)
2023-07-28 03:22:26,140 [e04aa943-cde2-4456-a19a-42c119af903b-groupManagement] INFO  server.RaftServerConfigKeys (ConfUtils.java:logGet(46)) - raft.server.log.queue.element-limit = 1024 (custom)
2023-07-28 03:22:26,140 [e04aa943-cde2-4456-a19a-42c119af903b-groupManagement] INFO  server.RaftServerConfigKeys (ConfUtils.java:logGet(46)) - raft.server.log.segment.size.max = 1048576 (custom)
2023-07-28 03:22:26,140 [e04aa943-cde2-4456-a19a-42c119af903b-groupManagement] INFO  server.RaftServerConfigKeys (ConfUtils.java:logGet(46)) - raft.server.log.preallocated.size = 16384 (custom)
2023-07-28 03:22:26,140 [e04aa943-cde2-4456-a19a-42c119af903b-groupManagement] INFO  server.RaftServerConfigKeys (ConfUtils.java:logGet(46)) - raft.server.log.force.sync.num = 128 (default)
2023-07-28 03:22:26,140 [e04aa943-cde2-4456-a19a-42c119af903b-groupManagement] INFO  server.RaftServerConfigKeys (ConfUtils.java:logGet(46)) - raft.server.log.statemachine.data.sync = true (default)
2023-07-28 03:22:26,140 [e04aa943-cde2-4456-a19a-42c119af903b-groupManagement] INFO  server.RaftServerConfigKeys (ConfUtils.java:logGet(46)) - raft.server.log.statemachine.data.sync.timeout = 10s (default)
2023-07-28 03:22:26,140 [e04aa943-cde2-4456-a19a-42c119af903b-groupManagement] INFO  server.RaftServerConfigKeys (ConfUtils.java:logGet(46)) - raft.server.log.statemachine.data.sync.timeout.retry = -1 (default)
2023-07-28 03:22:26,144 [e04aa943-cde2-4456-a19a-42c119af903b-groupManagement] INFO  server.RaftServerConfigKeys (ConfUtils.java:logGet(46)) - raft.server.log.write.buffer.size = 1048576 (custom)
2023-07-28 03:22:26,145 [EventQueue-OpenPipelineForHealthyPipelineSafeModeRule] INFO  safemode.SCMSafeModeManager (HealthyPipelineSafeModeRule.java:process(137)) - SCM in safe mode. Healthy pipelines reported count is 0, required healthy pipeline reported count is 1
2023-07-28 03:22:26,146 [e04aa943-cde2-4456-a19a-42c119af903b-groupManagement] INFO  server.RaftServerConfigKeys (ConfUtils.java:logGet(46)) - raft.server.log.appender.buffer.byte-limit = 33554432 (custom)
2023-07-28 03:22:26,157 [e04aa943-cde2-4456-a19a-42c119af903b-groupManagement] INFO  server.RaftServerConfigKeys (ConfUtils.java:logGet(46)) - raft.server.log.unsafe-flush.enabled = false (default)
2023-07-28 03:22:26,157 [e04aa943-cde2-4456-a19a-42c119af903b-groupManagement] INFO  server.RaftServerConfigKeys (ConfUtils.java:logGet(46)) - raft.server.log.async-flush.enabled = false (default)
2023-07-28 03:22:26,157 [e04aa943-cde2-4456-a19a-42c119af903b-groupManagement] INFO  server.RaftServerConfigKeys (ConfUtils.java:logGet(46)) - raft.server.log.statemachine.data.caching.enabled = true (custom)
2023-07-28 03:22:26,158 [e04aa943-cde2-4456-a19a-42c119af903b-groupManagement] INFO  segmented.SegmentedRaftLogWorker (SegmentedRaftLogWorker.java:lambda$new$0(135)) - e04aa943-cde2-4456-a19a-42c119af903b@group-47480EAAFCFC-SegmentedRaftLogWorker: flushIndex: setUnconditionally 0 -> -1
2023-07-28 03:22:26,158 [e04aa943-cde2-4456-a19a-42c119af903b-groupManagement] INFO  segmented.SegmentedRaftLogWorker (SegmentedRaftLogWorker.java:lambda$new$0(135)) - e04aa943-cde2-4456-a19a-42c119af903b@group-47480EAAFCFC-SegmentedRaftLogWorker: safeCacheEvictIndex: setUnconditionally 0 -> -1
2023-07-28 03:22:26,159 [e04aa943-cde2-4456-a19a-42c119af903b-groupManagement] INFO  server.RaftServer$Division (RaftServerImpl.java:start(342)) - e04aa943-cde2-4456-a19a-42c119af903b@group-47480EAAFCFC: start as a follower, conf=-1: peers:[2b789b44-0f91-485a-b48f-c9199eaf29b8|rpc:10.1.0.5:15023|admin:10.1.0.5:15022|client:10.1.0.5:15021|dataStream:10.1.0.5:15024|priority:1|startupRole:FOLLOWER, f4ca73dd-6b78-4056-9520-157df6408f3a|rpc:10.1.0.5:15032|admin:10.1.0.5:15031|client:10.1.0.5:15030|dataStream:10.1.0.5:15033|priority:0|startupRole:FOLLOWER, e04aa943-cde2-4456-a19a-42c119af903b|rpc:10.1.0.5:15014|admin:10.1.0.5:15013|client:10.1.0.5:15012|dataStream:10.1.0.5:15015|priority:0|startupRole:FOLLOWER]|listeners:[], old=null
2023-07-28 03:22:26,159 [e04aa943-cde2-4456-a19a-42c119af903b-groupManagement] INFO  server.RaftServer$Division (RaftServerImpl.java:setRole(329)) - e04aa943-cde2-4456-a19a-42c119af903b@group-47480EAAFCFC: changes role from      null to FOLLOWER at term 0 for startAsFollower
2023-07-28 03:22:26,159 [e04aa943-cde2-4456-a19a-42c119af903b-groupManagement] INFO  impl.RoleInfo (RoleInfo.java:updateAndGet(139)) - e04aa943-cde2-4456-a19a-42c119af903b: start e04aa943-cde2-4456-a19a-42c119af903b@group-47480EAAFCFC-FollowerState
2023-07-28 03:22:26,159 [e04aa943-cde2-4456-a19a-42c119af903b-groupManagement] INFO  util.JmxRegister (JmxRegister.java:tryRegister(44)) - Successfully registered JMX Bean with object name Ratis:service=RaftServer,group=group-47480EAAFCFC,id=e04aa943-cde2-4456-a19a-42c119af903b
2023-07-28 03:22:26,159 [e04aa943-cde2-4456-a19a-42c119af903b-groupManagement] INFO  server.RaftServerConfigKeys (ConfUtils.java:logGet(46)) - raft.server.snapshot.auto.trigger.enabled = true (custom)
2023-07-28 03:22:26,159 [e04aa943-cde2-4456-a19a-42c119af903b-groupManagement] INFO  server.RaftServerConfigKeys (ConfUtils.java:logGet(46)) - raft.server.snapshot.auto.trigger.threshold = 10000 (custom)
2023-07-28 03:22:26,159 [e04aa943-cde2-4456-a19a-42c119af903b-groupManagement] INFO  server.RaftServerConfigKeys (ConfUtils.java:logGet(46)) - raft.server.snapshot.retention.file.num = 5 (custom)
2023-07-28 03:22:26,159 [e04aa943-cde2-4456-a19a-42c119af903b-groupManagement] INFO  server.RaftServerConfigKeys (ConfUtils.java:logGet(46)) - raft.server.log.purge.upto.snapshot.index = false (default)
2023-07-28 03:22:26,160 [e04aa943-cde2-4456-a19a-42c119af903b@group-47480EAAFCFC-FollowerState] INFO  server.RaftServerConfigKeys (ConfUtils.java:logFallback(53)) - raft.server.rpc.first-election.timeout.min = 5s (fallback to raft.server.rpc.timeout.min)
2023-07-28 03:22:26,160 [PipelineCommandHandlerThread-0] INFO  ratis.XceiverServerRatis (XceiverServerRatis.java:addGroup(804)) - Created group PipelineID=7c057bca-95e1-4939-b0a5-47480eaafcfc
2023-07-28 03:22:26,170 [e04aa943-cde2-4456-a19a-42c119af903b@group-47480EAAFCFC-FollowerState] INFO  server.RaftServerConfigKeys (ConfUtils.java:logFallback(53)) - raft.server.rpc.first-election.timeout.max = 5200ms (fallback to raft.server.rpc.timeout.max)
2023-07-28 03:22:26,194 [PipelineCommandHandlerThread-0] INFO  commandhandler.CreatePipelineCommandHandler (CreatePipelineCommandHandler.java:lambda$handle$2(124)) - Created Pipeline RATIS THREE PipelineID=3f6201dd-4cb5-4189-b630-1c6025d5d53b.
2023-07-28 03:22:26,195 [PipelineCommandHandlerThread-0] INFO  server.RaftServer (RaftServerProxy.java:addNew(98)) - 2b789b44-0f91-485a-b48f-c9199eaf29b8: addNew group-47480EAAFCFC:[2b789b44-0f91-485a-b48f-c9199eaf29b8|rpc:10.1.0.5:15023|admin:10.1.0.5:15022|client:10.1.0.5:15021|dataStream:10.1.0.5:15024|priority:1|startupRole:FOLLOWER, f4ca73dd-6b78-4056-9520-157df6408f3a|rpc:10.1.0.5:15032|admin:10.1.0.5:15031|client:10.1.0.5:15030|dataStream:10.1.0.5:15033|priority:0|startupRole:FOLLOWER, e04aa943-cde2-4456-a19a-42c119af903b|rpc:10.1.0.5:15014|admin:10.1.0.5:15013|client:10.1.0.5:15012|dataStream:10.1.0.5:15015|priority:0|startupRole:FOLLOWER] returns group-47480EAAFCFC:java.util.concurrent.CompletableFuture@4f153fa7[Not completed]
2023-07-28 03:22:26,197 [2b789b44-0f91-485a-b48f-c9199eaf29b8-groupManagement] INFO  server.RaftServer$Division (RaftServerImpl.java:<init>(198)) - 2b789b44-0f91-485a-b48f-c9199eaf29b8: new RaftServerImpl for group-47480EAAFCFC:[2b789b44-0f91-485a-b48f-c9199eaf29b8|rpc:10.1.0.5:15023|admin:10.1.0.5:15022|client:10.1.0.5:15021|dataStream:10.1.0.5:15024|priority:1|startupRole:FOLLOWER, f4ca73dd-6b78-4056-9520-157df6408f3a|rpc:10.1.0.5:15032|admin:10.1.0.5:15031|client:10.1.0.5:15030|dataStream:10.1.0.5:15033|priority:0|startupRole:FOLLOWER, e04aa943-cde2-4456-a19a-42c119af903b|rpc:10.1.0.5:15014|admin:10.1.0.5:15013|client:10.1.0.5:15012|dataStream:10.1.0.5:15015|priority:0|startupRole:FOLLOWER] with ContainerStateMachine:uninitialized
2023-07-28 03:22:26,197 [2b789b44-0f91-485a-b48f-c9199eaf29b8-groupManagement] INFO  server.RaftServerConfigKeys (ConfUtils.java:logGet(46)) - raft.server.rpc.timeout.min = 5s (custom)
2023-07-28 03:22:26,197 [2b789b44-0f91-485a-b48f-c9199eaf29b8-groupManagement] INFO  server.RaftServerConfigKeys (ConfUtils.java:logGet(46)) - raft.server.rpc.timeout.max = 5200ms (custom)
2023-07-28 03:22:26,197 [2b789b44-0f91-485a-b48f-c9199eaf29b8-groupManagement] INFO  server.RaftServerConfigKeys (ConfUtils.java:logGet(46)) - raft.server.rpc.sleep.time = 25ms (default)
2023-07-28 03:22:26,197 [2b789b44-0f91-485a-b48f-c9199eaf29b8-groupManagement] INFO  server.RaftServerConfigKeys (ConfUtils.java:logGet(46)) - raft.server.rpc.slowness.timeout = 300s (custom)
2023-07-28 03:22:26,197 [2b789b44-0f91-485a-b48f-c9199eaf29b8-groupManagement] INFO  server.RaftServerConfigKeys (ConfUtils.java:logGet(46)) - raft.server.leaderelection.leader.step-down.wait-time = 10s (default)
2023-07-28 03:22:26,197 [2b789b44-0f91-485a-b48f-c9199eaf29b8-groupManagement] INFO  server.RaftServerConfigKeys (ConfUtils.java:logGet(46)) - raft.server.sleep.deviation.threshold = 300ms (default)
2023-07-28 03:22:26,197 [2b789b44-0f91-485a-b48f-c9199eaf29b8-groupManagement] INFO  server.RaftServer$Division (ServerState.java:<init>(120)) - 2b789b44-0f91-485a-b48f-c9199eaf29b8@group-47480EAAFCFC: ConfigurationManager, init=-1: peers:[2b789b44-0f91-485a-b48f-c9199eaf29b8|rpc:10.1.0.5:15023|admin:10.1.0.5:15022|client:10.1.0.5:15021|dataStream:10.1.0.5:15024|priority:1|startupRole:FOLLOWER, f4ca73dd-6b78-4056-9520-157df6408f3a|rpc:10.1.0.5:15032|admin:10.1.0.5:15031|client:10.1.0.5:15030|dataStream:10.1.0.5:15033|priority:0|startupRole:FOLLOWER, e04aa943-cde2-4456-a19a-42c119af903b|rpc:10.1.0.5:15014|admin:10.1.0.5:15013|client:10.1.0.5:15012|dataStream:10.1.0.5:15015|priority:0|startupRole:FOLLOWER]|listeners:[], old=null, confs=<EMPTY_MAP>
2023-07-28 03:22:26,197 [2b789b44-0f91-485a-b48f-c9199eaf29b8-groupManagement] INFO  server.RaftServerConfigKeys (ConfUtils.java:logGet(46)) - raft.server.storage.dir = [/home/runner/work/ozone/ozone/hadoop-ozone/integration-test/target/test-dir/MiniOzoneClusterImpl-5d941c1b-c8eb-4358-ab64-bf73cd3544cf/datanode-1/data/ratis] (custom)
2023-07-28 03:22:26,198 [2b789b44-0f91-485a-b48f-c9199eaf29b8-groupManagement] INFO  server.RaftServerConfigKeys (ConfUtils.java:logGet(46)) - raft.server.log.corruption.policy = EXCEPTION (default)
2023-07-28 03:22:26,198 [2b789b44-0f91-485a-b48f-c9199eaf29b8-groupManagement] INFO  server.RaftServerConfigKeys (ConfUtils.java:logGet(46)) - raft.server.storage.free-space.min = 0MB (=0) (default)
2023-07-28 03:22:26,198 [2b789b44-0f91-485a-b48f-c9199eaf29b8-groupManagement] INFO  server.RaftServerConfigKeys (ConfUtils.java:logGet(46)) - raft.server.notification.no-leader.timeout = 300s (custom)
2023-07-28 03:22:26,198 [2b789b44-0f91-485a-b48f-c9199eaf29b8-groupManagement] INFO  server.RaftServerConfigKeys (ConfUtils.java:logGet(46)) - raft.server.read.timeout = 10s (default)
2023-07-28 03:22:26,198 [2b789b44-0f91-485a-b48f-c9199eaf29b8-groupManagement] INFO  server.RaftServerConfigKeys (ConfUtils.java:logGet(46)) - raft.server.retrycache.expirytime = 600000ms (custom)
2023-07-28 03:22:26,198 [2b789b44-0f91-485a-b48f-c9199eaf29b8-groupManagement] INFO  server.RaftServerConfigKeys (ConfUtils.java:logGet(46)) - raft.server.retrycache.statistics.expirytime = 100μs (default)
2023-07-28 03:22:26,198 [2b789b44-0f91-485a-b48f-c9199eaf29b8-groupManagement] INFO  server.RaftServerConfigKeys (ConfUtils.java:logGet(46)) - raft.server.read.option = DEFAULT (default)
2023-07-28 03:22:26,199 [2b789b44-0f91-485a-b48f-c9199eaf29b8-groupManagement] INFO  server.RaftServerConfigKeys (ConfUtils.java:logGet(46)) - raft.server.rpc.request.timeout = 60s (custom)
2023-07-28 03:22:26,199 [2b789b44-0f91-485a-b48f-c9199eaf29b8-groupManagement] INFO  server.RaftServerConfigKeys (ConfUtils.java:logGet(46)) - raft.server.log.appender.install.snapshot.enabled = false (custom)
2023-07-28 03:22:26,199 [2b789b44-0f91-485a-b48f-c9199eaf29b8-groupManagement] INFO  server.RaftServerConfigKeys (ConfUtils.java:logGet(46)) - raft.server.threadpool.server.cached = true (default)
2023-07-28 03:22:26,199 [2b789b44-0f91-485a-b48f-c9199eaf29b8-groupManagement] INFO  server.RaftServerConfigKeys (ConfUtils.java:logGet(46)) - raft.server.threadpool.server.size = 0 (default)
2023-07-28 03:22:26,199 [2b789b44-0f91-485a-b48f-c9199eaf29b8-groupManagement] INFO  server.RaftServerConfigKeys (ConfUtils.java:logGet(46)) - raft.server.threadpool.client.cached = true (default)
2023-07-28 03:22:26,199 [2b789b44-0f91-485a-b48f-c9199eaf29b8-groupManagement] INFO  server.RaftServerConfigKeys (ConfUtils.java:logGet(46)) - raft.server.threadpool.client.size = 0 (default)
2023-07-28 03:22:26,200 [2b789b44-0f91-485a-b48f-c9199eaf29b8-groupManagement] INFO  storage.RaftStorageDirectory (RaftStorageDirectoryImpl.java:analyzeStorage(137)) - The storage directory /home/runner/work/ozone/ozone/hadoop-ozone/integration-test/target/test-dir/MiniOzoneClusterImpl-5d941c1b-c8eb-4358-ab64-bf73cd3544cf/datanode-1/data/ratis/7c057bca-95e1-4939-b0a5-47480eaafcfc does not exist. Creating ...
2023-07-28 03:22:26,202 [2b789b44-0f91-485a-b48f-c9199eaf29b8-groupManagement] INFO  storage.RaftStorageDirectory (RaftStorageDirectoryImpl.java:tryLock(231)) - Lock on /home/runner/work/ozone/ozone/hadoop-ozone/integration-test/target/test-dir/MiniOzoneClusterImpl-5d941c1b-c8eb-4358-ab64-bf73cd3544cf/datanode-1/data/ratis/7c057bca-95e1-4939-b0a5-47480eaafcfc/in_use.lock acquired by nodename 57223@fv-az589-978
2023-07-28 03:22:26,203 [2b789b44-0f91-485a-b48f-c9199eaf29b8-groupManagement] INFO  storage.RaftStorage (RaftStorageImpl.java:format(96)) - Storage directory /home/runner/work/ozone/ozone/hadoop-ozone/integration-test/target/test-dir/MiniOzoneClusterImpl-5d941c1b-c8eb-4358-ab64-bf73cd3544cf/datanode-1/data/ratis/7c057bca-95e1-4939-b0a5-47480eaafcfc has been successfully formatted.
2023-07-28 03:22:26,206 [2b789b44-0f91-485a-b48f-c9199eaf29b8-groupManagement] INFO  ratis.ContainerStateMachine (ContainerStateMachine.java:loadSnapshot(262)) - group-47480EAAFCFC: The snapshot info is null. Setting the last applied indexto:(t:0, i:~)
2023-07-28 03:22:26,206 [2b789b44-0f91-485a-b48f-c9199eaf29b8-groupManagement] INFO  server.RaftServerConfigKeys (ConfUtils.java:logGet(46)) - raft.server.log.use.memory = false (default)
2023-07-28 03:22:26,206 [2b789b44-0f91-485a-b48f-c9199eaf29b8-groupManagement] INFO  server.RaftServerConfigKeys (ConfUtils.java:logGet(46)) - raft.server.log.purge.gap = 1000000 (custom)
2023-07-28 03:22:26,206 [2b789b44-0f91-485a-b48f-c9199eaf29b8-groupManagement] INFO  server.RaftServerConfigKeys (ConfUtils.java:logGet(46)) - raft.server.log.appender.buffer.byte-limit = 33554432 (custom)
2023-07-28 03:22:26,206 [2b789b44-0f91-485a-b48f-c9199eaf29b8-groupManagement] INFO  server.RaftServerConfigKeys (ConfUtils.java:logGet(46)) - raft.server.log.statemachine.data.read.timeout = 1000ms (default)
2023-07-28 03:22:26,206 [EventQueue-OpenPipelineForHealthyPipelineSafeModeRule] INFO  safemode.SCMSafeModeManager (HealthyPipelineSafeModeRule.java:process(137)) - SCM in safe mode. Healthy pipelines reported count is 0, required healthy pipeline reported count is 1
2023-07-28 03:22:26,216 [2b789b44-0f91-485a-b48f-c9199eaf29b8-groupManagement] INFO  server.RaftServerConfigKeys (ConfUtils.java:logGet(46)) - raft.server.log.purge.preservation.log.num = 0 (default)
2023-07-28 03:22:26,216 [grpc-default-executor-1] INFO  server.RaftServer (RaftServerProxy.java:addNew(98)) - f4ca73dd-6b78-4056-9520-157df6408f3a: addNew group-47480EAAFCFC:[2b789b44-0f91-485a-b48f-c9199eaf29b8|rpc:10.1.0.5:15023|admin:10.1.0.5:15022|client:10.1.0.5:15021|dataStream:10.1.0.5:15024|priority:1|startupRole:FOLLOWER, f4ca73dd-6b78-4056-9520-157df6408f3a|rpc:10.1.0.5:15032|admin:10.1.0.5:15031|client:10.1.0.5:15030|dataStream:10.1.0.5:15033|priority:0|startupRole:FOLLOWER, e04aa943-cde2-4456-a19a-42c119af903b|rpc:10.1.0.5:15014|admin:10.1.0.5:15013|client:10.1.0.5:15012|dataStream:10.1.0.5:15015|priority:0|startupRole:FOLLOWER] returns group-47480EAAFCFC:java.util.concurrent.CompletableFuture@7bc34294[Not completed]
2023-07-28 03:22:26,217 [2b789b44-0f91-485a-b48f-c9199eaf29b8-groupManagement] INFO  server.RaftServerConfigKeys (ConfUtils.java:logGet(46)) - raft.server.log.segment.size.max = 1048576 (custom)
2023-07-28 03:22:26,218 [f4ca73dd-6b78-4056-9520-157df6408f3a-groupManagement] INFO  server.RaftServer$Division (RaftServerImpl.java:<init>(198)) - f4ca73dd-6b78-4056-9520-157df6408f3a: new RaftServerImpl for group-47480EAAFCFC:[2b789b44-0f91-485a-b48f-c9199eaf29b8|rpc:10.1.0.5:15023|admin:10.1.0.5:15022|client:10.1.0.5:15021|dataStream:10.1.0.5:15024|priority:1|startupRole:FOLLOWER, f4ca73dd-6b78-4056-9520-157df6408f3a|rpc:10.1.0.5:15032|admin:10.1.0.5:15031|client:10.1.0.5:15030|dataStream:10.1.0.5:15033|priority:0|startupRole:FOLLOWER, e04aa943-cde2-4456-a19a-42c119af903b|rpc:10.1.0.5:15014|admin:10.1.0.5:15013|client:10.1.0.5:15012|dataStream:10.1.0.5:15015|priority:0|startupRole:FOLLOWER] with ContainerStateMachine:uninitialized
2023-07-28 03:22:26,222 [f4ca73dd-6b78-4056-9520-157df6408f3a-groupManagement] INFO  server.RaftServerConfigKeys (ConfUtils.java:logGet(46)) - raft.server.rpc.timeout.min = 5s (custom)
2023-07-28 03:22:26,222 [f4ca73dd-6b78-4056-9520-157df6408f3a-groupManagement] INFO  server.RaftServerConfigKeys (ConfUtils.java:logGet(46)) - raft.server.rpc.timeout.max = 5200ms (custom)
2023-07-28 03:22:26,222 [f4ca73dd-6b78-4056-9520-157df6408f3a-groupManagement] INFO  server.RaftServerConfigKeys (ConfUtils.java:logGet(46)) - raft.server.rpc.sleep.time = 25ms (default)
2023-07-28 03:22:26,222 [f4ca73dd-6b78-4056-9520-157df6408f3a-groupManagement] INFO  server.RaftServerConfigKeys (ConfUtils.java:logGet(46)) - raft.server.rpc.slowness.timeout = 300s (custom)
2023-07-28 03:22:26,222 [f4ca73dd-6b78-4056-9520-157df6408f3a-groupManagement] INFO  server.RaftServerConfigKeys (ConfUtils.java:logGet(46)) - raft.server.leaderelection.leader.step-down.wait-time = 10s (default)
2023-07-28 03:22:26,222 [f4ca73dd-6b78-4056-9520-157df6408f3a-groupManagement] INFO  server.RaftServerConfigKeys (ConfUtils.java:logGet(46)) - raft.server.sleep.deviation.threshold = 300ms (default)
2023-07-28 03:22:26,222 [f4ca73dd-6b78-4056-9520-157df6408f3a-groupManagement] INFO  server.RaftServer$Division (ServerState.java:<init>(120)) - f4ca73dd-6b78-4056-9520-157df6408f3a@group-47480EAAFCFC: ConfigurationManager, init=-1: peers:[2b789b44-0f91-485a-b48f-c9199eaf29b8|rpc:10.1.0.5:15023|admin:10.1.0.5:15022|client:10.1.0.5:15021|dataStream:10.1.0.5:15024|priority:1|startupRole:FOLLOWER, f4ca73dd-6b78-4056-9520-157df6408f3a|rpc:10.1.0.5:15032|admin:10.1.0.5:15031|client:10.1.0.5:15030|dataStream:10.1.0.5:15033|priority:0|startupRole:FOLLOWER, e04aa943-cde2-4456-a19a-42c119af903b|rpc:10.1.0.5:15014|admin:10.1.0.5:15013|client:10.1.0.5:15012|dataStream:10.1.0.5:15015|priority:0|startupRole:FOLLOWER]|listeners:[], old=null, confs=<EMPTY_MAP>
2023-07-28 03:22:26,222 [f4ca73dd-6b78-4056-9520-157df6408f3a-groupManagement] INFO  server.RaftServerConfigKeys (ConfUtils.java:logGet(46)) - raft.server.storage.dir = [/home/runner/work/ozone/ozone/hadoop-ozone/integration-test/target/test-dir/MiniOzoneClusterImpl-5d941c1b-c8eb-4358-ab64-bf73cd3544cf/datanode-2/data/ratis] (custom)
2023-07-28 03:22:26,222 [f4ca73dd-6b78-4056-9520-157df6408f3a-groupManagement] INFO  server.RaftServerConfigKeys (ConfUtils.java:logGet(46)) - raft.server.log.corruption.policy = EXCEPTION (default)
2023-07-28 03:22:26,222 [f4ca73dd-6b78-4056-9520-157df6408f3a-groupManagement] INFO  server.RaftServerConfigKeys (ConfUtils.java:logGet(46)) - raft.server.storage.free-space.min = 0MB (=0) (default)
2023-07-28 03:22:26,223 [f4ca73dd-6b78-4056-9520-157df6408f3a-groupManagement] INFO  server.RaftServerConfigKeys (ConfUtils.java:logGet(46)) - raft.server.notification.no-leader.timeout = 300s (custom)
2023-07-28 03:22:26,223 [f4ca73dd-6b78-4056-9520-157df6408f3a-groupManagement] INFO  server.RaftServerConfigKeys (ConfUtils.java:logGet(46)) - raft.server.read.timeout = 10s (default)
2023-07-28 03:22:26,223 [f4ca73dd-6b78-4056-9520-157df6408f3a-groupManagement] INFO  server.RaftServerConfigKeys (ConfUtils.java:logGet(46)) - raft.server.retrycache.expirytime = 600000ms (custom)
2023-07-28 03:22:26,223 [f4ca73dd-6b78-4056-9520-157df6408f3a-groupManagement] INFO  server.RaftServerConfigKeys (ConfUtils.java:logGet(46)) - raft.server.retrycache.statistics.expirytime = 100μs (default)
2023-07-28 03:22:26,223 [f4ca73dd-6b78-4056-9520-157df6408f3a-groupManagement] INFO  server.RaftServerConfigKeys (ConfUtils.java:logGet(46)) - raft.server.read.option = DEFAULT (default)
2023-07-28 03:22:26,224 [f4ca73dd-6b78-4056-9520-157df6408f3a-groupManagement] INFO  server.RaftServerConfigKeys (ConfUtils.java:logGet(46)) - raft.server.rpc.request.timeout = 60s (custom)
2023-07-28 03:22:26,224 [f4ca73dd-6b78-4056-9520-157df6408f3a-groupManagement] INFO  server.RaftServerConfigKeys (ConfUtils.java:logGet(46)) - raft.server.log.appender.install.snapshot.enabled = false (custom)
2023-07-28 03:22:26,224 [f4ca73dd-6b78-4056-9520-157df6408f3a-groupManagement] INFO  server.RaftServerConfigKeys (ConfUtils.java:logGet(46)) - raft.server.threadpool.server.cached = true (default)
2023-07-28 03:22:26,224 [f4ca73dd-6b78-4056-9520-157df6408f3a-groupManagement] INFO  server.RaftServerConfigKeys (ConfUtils.java:logGet(46)) - raft.server.threadpool.server.size = 0 (default)
2023-07-28 03:22:26,224 [f4ca73dd-6b78-4056-9520-157df6408f3a-groupManagement] INFO  server.RaftServerConfigKeys (ConfUtils.java:logGet(46)) - raft.server.threadpool.client.cached = true (default)
2023-07-28 03:22:26,224 [f4ca73dd-6b78-4056-9520-157df6408f3a-groupManagement] INFO  server.RaftServerConfigKeys (ConfUtils.java:logGet(46)) - raft.server.threadpool.client.size = 0 (default)
2023-07-28 03:22:26,225 [f4ca73dd-6b78-4056-9520-157df6408f3a-groupManagement] INFO  storage.RaftStorageDirectory (RaftStorageDirectoryImpl.java:analyzeStorage(137)) - The storage directory /home/runner/work/ozone/ozone/hadoop-ozone/integration-test/target/test-dir/MiniOzoneClusterImpl-5d941c1b-c8eb-4358-ab64-bf73cd3544cf/datanode-2/data/ratis/7c057bca-95e1-4939-b0a5-47480eaafcfc does not exist. Creating ...
2023-07-28 03:22:26,225 [2b789b44-0f91-485a-b48f-c9199eaf29b8-groupManagement] INFO  server.RaftServerConfigKeys (ConfUtils.java:logGet(46)) - raft.server.log.segment.cache.num.max = 2 (custom)
2023-07-28 03:22:26,226 [f4ca73dd-6b78-4056-9520-157df6408f3a-groupManagement] INFO  storage.RaftStorageDirectory (RaftStorageDirectoryImpl.java:tryLock(231)) - Lock on /home/runner/work/ozone/ozone/hadoop-ozone/integration-test/target/test-dir/MiniOzoneClusterImpl-5d941c1b-c8eb-4358-ab64-bf73cd3544cf/datanode-2/data/ratis/7c057bca-95e1-4939-b0a5-47480eaafcfc/in_use.lock acquired by nodename 57223@fv-az589-978
2023-07-28 03:22:26,226 [2b789b44-0f91-485a-b48f-c9199eaf29b8-groupManagement] INFO  server.RaftServerConfigKeys (ConfUtils.java:logGet(46)) - raft.server.log.segment.cache.size.max = 200MB (=209715200) (default)
2023-07-28 03:22:26,227 [2b789b44-0f91-485a-b48f-c9199eaf29b8-groupManagement] INFO  server.RaftServerConfigKeys (ConfUtils.java:logGet(46)) - raft.server.log.appender.buffer.byte-limit = 33554432 (custom)
2023-07-28 03:22:26,227 [2b789b44-0f91-485a-b48f-c9199eaf29b8-groupManagement] INFO  segmented.SegmentedRaftLogWorker (SegmentedRaftLogWorker.java:<init>(188)) - new 2b789b44-0f91-485a-b48f-c9199eaf29b8@group-47480EAAFCFC-SegmentedRaftLogWorker for RaftStorageImpl:Storage Directory /home/runner/work/ozone/ozone/hadoop-ozone/integration-test/target/test-dir/MiniOzoneClusterImpl-5d941c1b-c8eb-4358-ab64-bf73cd3544cf/datanode-1/data/ratis/7c057bca-95e1-4939-b0a5-47480eaafcfc
2023-07-28 03:22:26,227 [2b789b44-0f91-485a-b48f-c9199eaf29b8-groupManagement] INFO  server.RaftServerConfigKeys (ConfUtils.java:logGet(46)) - raft.server.log.queue.byte-limit = 4294967296 (custom)
2023-07-28 03:22:26,227 [2b789b44-0f91-485a-b48f-c9199eaf29b8-groupManagement] INFO  server.RaftServerConfigKeys (ConfUtils.java:logGet(46)) - raft.server.log.queue.element-limit = 1024 (custom)
2023-07-28 03:22:26,227 [2b789b44-0f91-485a-b48f-c9199eaf29b8-groupManagement] INFO  server.RaftServerConfigKeys (ConfUtils.java:logGet(46)) - raft.server.log.segment.size.max = 1048576 (custom)
2023-07-28 03:22:26,227 [2b789b44-0f91-485a-b48f-c9199eaf29b8-groupManagement] INFO  server.RaftServerConfigKeys (ConfUtils.java:logGet(46)) - raft.server.log.preallocated.size = 16384 (custom)
2023-07-28 03:22:26,227 [2b789b44-0f91-485a-b48f-c9199eaf29b8-groupManagement] INFO  server.RaftServerConfigKeys (ConfUtils.java:logGet(46)) - raft.server.log.force.sync.num = 128 (default)
2023-07-28 03:22:26,227 [2b789b44-0f91-485a-b48f-c9199eaf29b8-groupManagement] INFO  server.RaftServerConfigKeys (ConfUtils.java:logGet(46)) - raft.server.log.statemachine.data.sync = true (default)
2023-07-28 03:22:26,228 [2b789b44-0f91-485a-b48f-c9199eaf29b8-groupManagement] INFO  server.RaftServerConfigKeys (ConfUtils.java:logGet(46)) - raft.server.log.statemachine.data.sync.timeout = 10s (default)
2023-07-28 03:22:26,228 [2b789b44-0f91-485a-b48f-c9199eaf29b8-groupManagement] INFO  server.RaftServerConfigKeys (ConfUtils.java:logGet(46)) - raft.server.log.statemachine.data.sync.timeout.retry = -1 (default)
2023-07-28 03:22:26,227 [f4ca73dd-6b78-4056-9520-157df6408f3a-groupManagement] INFO  storage.RaftStorage (RaftStorageImpl.java:format(96)) - Storage directory /home/runner/work/ozone/ozone/hadoop-ozone/integration-test/target/test-dir/MiniOzoneClusterImpl-5d941c1b-c8eb-4358-ab64-bf73cd3544cf/datanode-2/data/ratis/7c057bca-95e1-4939-b0a5-47480eaafcfc has been successfully formatted.
2023-07-28 03:22:26,229 [f4ca73dd-6b78-4056-9520-157df6408f3a-groupManagement] INFO  ratis.ContainerStateMachine (ContainerStateMachine.java:loadSnapshot(262)) - group-47480EAAFCFC: The snapshot info is null. Setting the last applied indexto:(t:0, i:~)
2023-07-28 03:22:26,229 [f4ca73dd-6b78-4056-9520-157df6408f3a-groupManagement] INFO  server.RaftServerConfigKeys (ConfUtils.java:logGet(46)) - raft.server.log.use.memory = false (default)
2023-07-28 03:22:26,232 [2b789b44-0f91-485a-b48f-c9199eaf29b8-groupManagement] INFO  server.RaftServerConfigKeys (ConfUtils.java:logGet(46)) - raft.server.log.write.buffer.size = 1048576 (custom)
2023-07-28 03:22:26,233 [2b789b44-0f91-485a-b48f-c9199eaf29b8-groupManagement] INFO  server.RaftServerConfigKeys (ConfUtils.java:logGet(46)) - raft.server.log.appender.buffer.byte-limit = 33554432 (custom)
2023-07-28 03:22:26,234 [f4ca73dd-6b78-4056-9520-157df6408f3a-groupManagement] INFO  server.RaftServerConfigKeys (ConfUtils.java:logGet(46)) - raft.server.log.purge.gap = 1000000 (custom)
2023-07-28 03:22:26,234 [f4ca73dd-6b78-4056-9520-157df6408f3a-groupManagement] INFO  server.RaftServerConfigKeys (ConfUtils.java:logGet(46)) - raft.server.log.appender.buffer.byte-limit = 33554432 (custom)
2023-07-28 03:22:26,234 [f4ca73dd-6b78-4056-9520-157df6408f3a-groupManagement] INFO  server.RaftServerConfigKeys (ConfUtils.java:logGet(46)) - raft.server.log.statemachine.data.read.timeout = 1000ms (default)
2023-07-28 03:22:26,234 [f4ca73dd-6b78-4056-9520-157df6408f3a-groupManagement] INFO  server.RaftServerConfigKeys (ConfUtils.java:logGet(46)) - raft.server.log.purge.preservation.log.num = 0 (default)
2023-07-28 03:22:26,234 [f4ca73dd-6b78-4056-9520-157df6408f3a-groupManagement] INFO  server.RaftServerConfigKeys (ConfUtils.java:logGet(46)) - raft.server.log.segment.size.max = 1048576 (custom)
2023-07-28 03:22:26,235 [f4ca73dd-6b78-4056-9520-157df6408f3a-groupManagement] INFO  server.RaftServerConfigKeys (ConfUtils.java:logGet(46)) - raft.server.log.segment.cache.num.max = 2 (custom)
2023-07-28 03:22:26,235 [f4ca73dd-6b78-4056-9520-157df6408f3a-groupManagement] INFO  server.RaftServerConfigKeys (ConfUtils.java:logGet(46)) - raft.server.log.segment.cache.size.max = 200MB (=209715200) (default)
2023-07-28 03:22:26,235 [f4ca73dd-6b78-4056-9520-157df6408f3a-groupManagement] INFO  server.RaftServerConfigKeys (ConfUtils.java:logGet(46)) - raft.server.log.appender.buffer.byte-limit = 33554432 (custom)
2023-07-28 03:22:26,235 [f4ca73dd-6b78-4056-9520-157df6408f3a-groupManagement] INFO  segmented.SegmentedRaftLogWorker (SegmentedRaftLogWorker.java:<init>(188)) - new f4ca73dd-6b78-4056-9520-157df6408f3a@group-47480EAAFCFC-SegmentedRaftLogWorker for RaftStorageImpl:Storage Directory /home/runner/work/ozone/ozone/hadoop-ozone/integration-test/target/test-dir/MiniOzoneClusterImpl-5d941c1b-c8eb-4358-ab64-bf73cd3544cf/datanode-2/data/ratis/7c057bca-95e1-4939-b0a5-47480eaafcfc
2023-07-28 03:22:26,237 [f4ca73dd-6b78-4056-9520-157df6408f3a-groupManagement] INFO  server.RaftServerConfigKeys (ConfUtils.java:logGet(46)) - raft.server.log.queue.byte-limit = 4294967296 (custom)
2023-07-28 03:22:26,237 [f4ca73dd-6b78-4056-9520-157df6408f3a-groupManagement] INFO  server.RaftServerConfigKeys (ConfUtils.java:logGet(46)) - raft.server.log.queue.element-limit = 1024 (custom)
2023-07-28 03:22:26,237 [f4ca73dd-6b78-4056-9520-157df6408f3a-groupManagement] INFO  server.RaftServerConfigKeys (ConfUtils.java:logGet(46)) - raft.server.log.segment.size.max = 1048576 (custom)
2023-07-28 03:22:26,237 [f4ca73dd-6b78-4056-9520-157df6408f3a-groupManagement] INFO  server.RaftServerConfigKeys (ConfUtils.java:logGet(46)) - raft.server.log.preallocated.size = 16384 (custom)
2023-07-28 03:22:26,237 [f4ca73dd-6b78-4056-9520-157df6408f3a-groupManagement] INFO  server.RaftServerConfigKeys (ConfUtils.java:logGet(46)) - raft.server.log.force.sync.num = 128 (default)
2023-07-28 03:22:26,237 [f4ca73dd-6b78-4056-9520-157df6408f3a-groupManagement] INFO  server.RaftServerConfigKeys (ConfUtils.java:logGet(46)) - raft.server.log.statemachine.data.sync = true (default)
2023-07-28 03:22:26,237 [f4ca73dd-6b78-4056-9520-157df6408f3a-groupManagement] INFO  server.RaftServerConfigKeys (ConfUtils.java:logGet(46)) - raft.server.log.statemachine.data.sync.timeout = 10s (default)
2023-07-28 03:22:26,237 [f4ca73dd-6b78-4056-9520-157df6408f3a-groupManagement] INFO  server.RaftServerConfigKeys (ConfUtils.java:logGet(46)) - raft.server.log.statemachine.data.sync.timeout.retry = -1 (default)
2023-07-28 03:22:26,455 [JvmPauseMonitor4] WARN  util.JvmPauseMonitor (JvmPauseMonitor.java:detectPause(124)) - JvmPauseMonitor-f4ca73dd-6b78-4056-9520-157df6408f3a: Detected pause in JVM or host machine approximately 0.141s with 0.214s GC time.
GC pool 'PS MarkSweep' had collection(s): count=1 time=150ms
GC pool 'PS Scavenge' had collection(s): count=1 time=64ms
2023-07-28 03:22:26,457 [main] INFO  ozone.MiniOzoneClusterImpl (MiniOzoneClusterImpl.java:lambda$waitForClusterToBeReady$0(224)) - Nodes are ready. Got 3 of 3 DN Heartbeats.
2023-07-28 03:22:26,457 [main] INFO  ozone.MiniOzoneClusterImpl (MiniOzoneClusterImpl.java:lambda$waitForClusterToBeReady$0(227)) - Waiting for cluster to exit safe mode
2023-07-28 03:22:26,457 [main] INFO  ozone.MiniOzoneClusterImpl (MiniOzoneClusterImpl.java:lambda$waitForClusterToBeReady$0(229)) - SCM became leader
2023-07-28 03:22:26,459 [2b789b44-0f91-485a-b48f-c9199eaf29b8-groupManagement] INFO  server.RaftServerConfigKeys (ConfUtils.java:logGet(46)) - raft.server.log.unsafe-flush.enabled = false (default)
2023-07-28 03:22:26,459 [2b789b44-0f91-485a-b48f-c9199eaf29b8-groupManagement] INFO  server.RaftServerConfigKeys (ConfUtils.java:logGet(46)) - raft.server.log.async-flush.enabled = false (default)
2023-07-28 03:22:26,459 [2b789b44-0f91-485a-b48f-c9199eaf29b8-groupManagement] INFO  server.RaftServerConfigKeys (ConfUtils.java:logGet(46)) - raft.server.log.statemachine.data.caching.enabled = true (custom)
2023-07-28 03:22:26,459 [2b789b44-0f91-485a-b48f-c9199eaf29b8-groupManagement] INFO  segmented.SegmentedRaftLogWorker (SegmentedRaftLogWorker.java:lambda$new$0(135)) - 2b789b44-0f91-485a-b48f-c9199eaf29b8@group-47480EAAFCFC-SegmentedRaftLogWorker: flushIndex: setUnconditionally 0 -> -1
2023-07-28 03:22:26,460 [2b789b44-0f91-485a-b48f-c9199eaf29b8-groupManagement] INFO  segmented.SegmentedRaftLogWorker (SegmentedRaftLogWorker.java:lambda$new$0(135)) - 2b789b44-0f91-485a-b48f-c9199eaf29b8@group-47480EAAFCFC-SegmentedRaftLogWorker: safeCacheEvictIndex: setUnconditionally 0 -> -1
2023-07-28 03:22:26,460 [2b789b44-0f91-485a-b48f-c9199eaf29b8-groupManagement] INFO  server.RaftServer$Division (RaftServerImpl.java:start(342)) - 2b789b44-0f91-485a-b48f-c9199eaf29b8@group-47480EAAFCFC: start as a follower, conf=-1: peers:[2b789b44-0f91-485a-b48f-c9199eaf29b8|rpc:10.1.0.5:15023|admin:10.1.0.5:15022|client:10.1.0.5:15021|dataStream:10.1.0.5:15024|priority:1|startupRole:FOLLOWER, f4ca73dd-6b78-4056-9520-157df6408f3a|rpc:10.1.0.5:15032|admin:10.1.0.5:15031|client:10.1.0.5:15030|dataStream:10.1.0.5:15033|priority:0|startupRole:FOLLOWER, e04aa943-cde2-4456-a19a-42c119af903b|rpc:10.1.0.5:15014|admin:10.1.0.5:15013|client:10.1.0.5:15012|dataStream:10.1.0.5:15015|priority:0|startupRole:FOLLOWER]|listeners:[], old=null
2023-07-28 03:22:26,460 [2b789b44-0f91-485a-b48f-c9199eaf29b8-groupManagement] INFO  server.RaftServer$Division (RaftServerImpl.java:setRole(329)) - 2b789b44-0f91-485a-b48f-c9199eaf29b8@group-47480EAAFCFC: changes role from      null to FOLLOWER at term 0 for startAsFollower
2023-07-28 03:22:26,460 [2b789b44-0f91-485a-b48f-c9199eaf29b8-groupManagement] INFO  impl.RoleInfo (RoleInfo.java:updateAndGet(139)) - 2b789b44-0f91-485a-b48f-c9199eaf29b8: start 2b789b44-0f91-485a-b48f-c9199eaf29b8@group-47480EAAFCFC-FollowerState
2023-07-28 03:22:26,460 [2b789b44-0f91-485a-b48f-c9199eaf29b8-groupManagement] INFO  util.JmxRegister (JmxRegister.java:tryRegister(44)) - Successfully registered JMX Bean with object name Ratis:service=RaftServer,group=group-47480EAAFCFC,id=2b789b44-0f91-485a-b48f-c9199eaf29b8
2023-07-28 03:22:26,460 [2b789b44-0f91-485a-b48f-c9199eaf29b8-groupManagement] INFO  server.RaftServerConfigKeys (ConfUtils.java:logGet(46)) - raft.server.snapshot.auto.trigger.enabled = true (custom)
2023-07-28 03:22:26,461 [2b789b44-0f91-485a-b48f-c9199eaf29b8-groupManagement] INFO  server.RaftServerConfigKeys (ConfUtils.java:logGet(46)) - raft.server.snapshot.auto.trigger.threshold = 10000 (custom)
2023-07-28 03:22:26,461 [2b789b44-0f91-485a-b48f-c9199eaf29b8-groupManagement] INFO  server.RaftServerConfigKeys (ConfUtils.java:logGet(46)) - raft.server.snapshot.retention.file.num = 5 (custom)
2023-07-28 03:22:26,461 [2b789b44-0f91-485a-b48f-c9199eaf29b8-groupManagement] INFO  server.RaftServerConfigKeys (ConfUtils.java:logGet(46)) - raft.server.log.purge.upto.snapshot.index = false (default)
2023-07-28 03:22:26,461 [2b789b44-0f91-485a-b48f-c9199eaf29b8@group-47480EAAFCFC-FollowerState] INFO  server.RaftServerConfigKeys (ConfUtils.java:logFallback(53)) - raft.server.rpc.first-election.timeout.min = 5s (fallback to raft.server.rpc.timeout.min)
2023-07-28 03:22:26,466 [2b789b44-0f91-485a-b48f-c9199eaf29b8@group-47480EAAFCFC-FollowerState] INFO  server.RaftServerConfigKeys (ConfUtils.java:logFallback(53)) - raft.server.rpc.first-election.timeout.max = 5200ms (fallback to raft.server.rpc.timeout.max)
2023-07-28 03:22:26,466 [f4ca73dd-6b78-4056-9520-157df6408f3a-groupManagement] INFO  server.RaftServerConfigKeys (ConfUtils.java:logGet(46)) - raft.server.log.write.buffer.size = 1048576 (custom)
2023-07-28 03:22:26,466 [PipelineCommandHandlerThread-0] INFO  server.RaftServer (RaftServerProxy.java:addNew(98)) - f4ca73dd-6b78-4056-9520-157df6408f3a: addNew group-A22D2855D194:[f4ca73dd-6b78-4056-9520-157df6408f3a|rpc:10.1.0.5:15032|admin:10.1.0.5:15031|client:10.1.0.5:15030|dataStream:10.1.0.5:15033|priority:1|startupRole:FOLLOWER] returns group-A22D2855D194:java.util.concurrent.CompletableFuture@57295473[Not completed]
2023-07-28 03:22:26,463 [PipelineCommandHandlerThread-0] INFO  ratis.XceiverServerRatis (XceiverServerRatis.java:addGroup(804)) - Created group PipelineID=7c057bca-95e1-4939-b0a5-47480eaafcfc
2023-07-28 03:22:26,473 [f4ca73dd-6b78-4056-9520-157df6408f3a-groupManagement] INFO  server.RaftServerConfigKeys (ConfUtils.java:logGet(46)) - raft.server.log.appender.buffer.byte-limit = 33554432 (custom)
2023-07-28 03:22:26,480 [f4ca73dd-6b78-4056-9520-157df6408f3a-groupManagement] INFO  server.RaftServerConfigKeys (ConfUtils.java:logGet(46)) - raft.server.log.unsafe-flush.enabled = false (default)
2023-07-28 03:22:26,480 [f4ca73dd-6b78-4056-9520-157df6408f3a-groupManagement] INFO  server.RaftServerConfigKeys (ConfUtils.java:logGet(46)) - raft.server.log.async-flush.enabled = false (default)
2023-07-28 03:22:26,480 [f4ca73dd-6b78-4056-9520-157df6408f3a-groupManagement] INFO  server.RaftServerConfigKeys (ConfUtils.java:logGet(46)) - raft.server.log.statemachine.data.caching.enabled = true (custom)
2023-07-28 03:22:26,481 [f4ca73dd-6b78-4056-9520-157df6408f3a-groupManagement] INFO  segmented.SegmentedRaftLogWorker (SegmentedRaftLogWorker.java:lambda$new$0(135)) - f4ca73dd-6b78-4056-9520-157df6408f3a@group-47480EAAFCFC-SegmentedRaftLogWorker: flushIndex: setUnconditionally 0 -> -1
2023-07-28 03:22:26,481 [f4ca73dd-6b78-4056-9520-157df6408f3a-groupManagement] INFO  segmented.SegmentedRaftLogWorker (SegmentedRaftLogWorker.java:lambda$new$0(135)) - f4ca73dd-6b78-4056-9520-157df6408f3a@group-47480EAAFCFC-SegmentedRaftLogWorker: safeCacheEvictIndex: setUnconditionally 0 -> -1
2023-07-28 03:22:26,481 [f4ca73dd-6b78-4056-9520-157df6408f3a-groupManagement] INFO  server.RaftServer$Division (RaftServerImpl.java:start(342)) - f4ca73dd-6b78-4056-9520-157df6408f3a@group-47480EAAFCFC: start as a follower, conf=-1: peers:[2b789b44-0f91-485a-b48f-c9199eaf29b8|rpc:10.1.0.5:15023|admin:10.1.0.5:15022|client:10.1.0.5:15021|dataStream:10.1.0.5:15024|priority:1|startupRole:FOLLOWER, f4ca73dd-6b78-4056-9520-157df6408f3a|rpc:10.1.0.5:15032|admin:10.1.0.5:15031|client:10.1.0.5:15030|dataStream:10.1.0.5:15033|priority:0|startupRole:FOLLOWER, e04aa943-cde2-4456-a19a-42c119af903b|rpc:10.1.0.5:15014|admin:10.1.0.5:15013|client:10.1.0.5:15012|dataStream:10.1.0.5:15015|priority:0|startupRole:FOLLOWER]|listeners:[], old=null
2023-07-28 03:22:26,481 [f4ca73dd-6b78-4056-9520-157df6408f3a-groupManagement] INFO  server.RaftServer$Division (RaftServerImpl.java:setRole(329)) - f4ca73dd-6b78-4056-9520-157df6408f3a@group-47480EAAFCFC: changes role from      null to FOLLOWER at term 0 for startAsFollower
2023-07-28 03:22:26,481 [f4ca73dd-6b78-4056-9520-157df6408f3a-groupManagement] INFO  impl.RoleInfo (RoleInfo.java:updateAndGet(139)) - f4ca73dd-6b78-4056-9520-157df6408f3a: start f4ca73dd-6b78-4056-9520-157df6408f3a@group-47480EAAFCFC-FollowerState
2023-07-28 03:22:26,484 [f4ca73dd-6b78-4056-9520-157df6408f3a-groupManagement] INFO  util.JmxRegister (JmxRegister.java:tryRegister(44)) - Successfully registered JMX Bean with object name Ratis:service=RaftServer,group=group-47480EAAFCFC,id=f4ca73dd-6b78-4056-9520-157df6408f3a
2023-07-28 03:22:26,484 [f4ca73dd-6b78-4056-9520-157df6408f3a-groupManagement] INFO  server.RaftServerConfigKeys (ConfUtils.java:logGet(46)) - raft.server.snapshot.auto.trigger.enabled = true (custom)
2023-07-28 03:22:26,484 [f4ca73dd-6b78-4056-9520-157df6408f3a-groupManagement] INFO  server.RaftServerConfigKeys (ConfUtils.java:logGet(46)) - raft.server.snapshot.auto.trigger.threshold = 10000 (custom)
2023-07-28 03:22:26,484 [f4ca73dd-6b78-4056-9520-157df6408f3a-groupManagement] INFO  server.RaftServerConfigKeys (ConfUtils.java:logGet(46)) - raft.server.snapshot.retention.file.num = 5 (custom)
2023-07-28 03:22:26,484 [f4ca73dd-6b78-4056-9520-157df6408f3a-groupManagement] INFO  server.RaftServerConfigKeys (ConfUtils.java:logGet(46)) - raft.server.log.purge.upto.snapshot.index = false (default)
2023-07-28 03:22:26,484 [f4ca73dd-6b78-4056-9520-157df6408f3a@group-47480EAAFCFC-FollowerState] INFO  server.RaftServerConfigKeys (ConfUtils.java:logFallback(53)) - raft.server.rpc.first-election.timeout.min = 5s (fallback to raft.server.rpc.timeout.min)
2023-07-28 03:22:26,493 [f4ca73dd-6b78-4056-9520-157df6408f3a@group-47480EAAFCFC-FollowerState] INFO  server.RaftServerConfigKeys (ConfUtils.java:logFallback(53)) - raft.server.rpc.first-election.timeout.max = 5200ms (fallback to raft.server.rpc.timeout.max)
2023-07-28 03:22:26,493 [f4ca73dd-6b78-4056-9520-157df6408f3a-groupManagement] INFO  server.RaftServer$Division (RaftServerImpl.java:<init>(198)) - f4ca73dd-6b78-4056-9520-157df6408f3a: new RaftServerImpl for group-A22D2855D194:[f4ca73dd-6b78-4056-9520-157df6408f3a|rpc:10.1.0.5:15032|admin:10.1.0.5:15031|client:10.1.0.5:15030|dataStream:10.1.0.5:15033|priority:1|startupRole:FOLLOWER] with ContainerStateMachine:uninitialized
2023-07-28 03:22:26,496 [f4ca73dd-6b78-4056-9520-157df6408f3a-groupManagement] INFO  server.RaftServerConfigKeys (ConfUtils.java:logGet(46)) - raft.server.rpc.timeout.min = 5s (custom)
2023-07-28 03:22:26,496 [f4ca73dd-6b78-4056-9520-157df6408f3a-groupManagement] INFO  server.RaftServerConfigKeys (ConfUtils.java:logGet(46)) - raft.server.rpc.timeout.max = 5200ms (custom)
2023-07-28 03:22:26,496 [f4ca73dd-6b78-4056-9520-157df6408f3a-groupManagement] INFO  server.RaftServerConfigKeys (ConfUtils.java:logGet(46)) - raft.server.rpc.sleep.time = 25ms (default)
2023-07-28 03:22:26,496 [f4ca73dd-6b78-4056-9520-157df6408f3a-groupManagement] INFO  server.RaftServerConfigKeys (ConfUtils.java:logGet(46)) - raft.server.rpc.slowness.timeout = 300s (custom)
2023-07-28 03:22:26,496 [f4ca73dd-6b78-4056-9520-157df6408f3a-groupManagement] INFO  server.RaftServerConfigKeys (ConfUtils.java:logGet(46)) - raft.server.leaderelection.leader.step-down.wait-time = 10s (default)
2023-07-28 03:22:26,496 [f4ca73dd-6b78-4056-9520-157df6408f3a-groupManagement] INFO  server.RaftServerConfigKeys (ConfUtils.java:logGet(46)) - raft.server.sleep.deviation.threshold = 300ms (default)
2023-07-28 03:22:26,496 [f4ca73dd-6b78-4056-9520-157df6408f3a-groupManagement] INFO  server.RaftServer$Division (ServerState.java:<init>(120)) - f4ca73dd-6b78-4056-9520-157df6408f3a@group-A22D2855D194: ConfigurationManager, init=-1: peers:[f4ca73dd-6b78-4056-9520-157df6408f3a|rpc:10.1.0.5:15032|admin:10.1.0.5:15031|client:10.1.0.5:15030|dataStream:10.1.0.5:15033|priority:1|startupRole:FOLLOWER]|listeners:[], old=null, confs=<EMPTY_MAP>
2023-07-28 03:22:26,496 [f4ca73dd-6b78-4056-9520-157df6408f3a-groupManagement] INFO  server.RaftServerConfigKeys (ConfUtils.java:logGet(46)) - raft.server.storage.dir = [/home/runner/work/ozone/ozone/hadoop-ozone/integration-test/target/test-dir/MiniOzoneClusterImpl-5d941c1b-c8eb-4358-ab64-bf73cd3544cf/datanode-2/data/ratis] (custom)
2023-07-28 03:22:26,496 [f4ca73dd-6b78-4056-9520-157df6408f3a-groupManagement] INFO  server.RaftServerConfigKeys (ConfUtils.java:logGet(46)) - raft.server.log.corruption.policy = EXCEPTION (default)
2023-07-28 03:22:26,496 [f4ca73dd-6b78-4056-9520-157df6408f3a-groupManagement] INFO  server.RaftServerConfigKeys (ConfUtils.java:logGet(46)) - raft.server.storage.free-space.min = 0MB (=0) (default)
2023-07-28 03:22:26,496 [f4ca73dd-6b78-4056-9520-157df6408f3a-groupManagement] INFO  server.RaftServerConfigKeys (ConfUtils.java:logGet(46)) - raft.server.notification.no-leader.timeout = 300s (custom)
2023-07-28 03:22:26,496 [f4ca73dd-6b78-4056-9520-157df6408f3a-groupManagement] INFO  server.RaftServerConfigKeys (ConfUtils.java:logGet(46)) - raft.server.read.timeout = 10s (default)
2023-07-28 03:22:26,497 [f4ca73dd-6b78-4056-9520-157df6408f3a-groupManagement] INFO  server.RaftServerConfigKeys (ConfUtils.java:logGet(46)) - raft.server.retrycache.expirytime = 600000ms (custom)
2023-07-28 03:22:26,497 [f4ca73dd-6b78-4056-9520-157df6408f3a-groupManagement] INFO  server.RaftServerConfigKeys (ConfUtils.java:logGet(46)) - raft.server.retrycache.statistics.expirytime = 100μs (default)
2023-07-28 03:22:26,497 [f4ca73dd-6b78-4056-9520-157df6408f3a-groupManagement] INFO  server.RaftServerConfigKeys (ConfUtils.java:logGet(46)) - raft.server.read.option = DEFAULT (default)
2023-07-28 03:22:26,498 [f4ca73dd-6b78-4056-9520-157df6408f3a-groupManagement] INFO  server.RaftServerConfigKeys (ConfUtils.java:logGet(46)) - raft.server.rpc.request.timeout = 60s (custom)
2023-07-28 03:22:26,498 [f4ca73dd-6b78-4056-9520-157df6408f3a-groupManagement] INFO  server.RaftServerConfigKeys (ConfUtils.java:logGet(46)) - raft.server.log.appender.install.snapshot.enabled = false (custom)
2023-07-28 03:22:26,498 [f4ca73dd-6b78-4056-9520-157df6408f3a-groupManagement] INFO  server.RaftServerConfigKeys (ConfUtils.java:logGet(46)) - raft.server.threadpool.server.cached = true (default)
2023-07-28 03:22:26,498 [f4ca73dd-6b78-4056-9520-157df6408f3a-groupManagement] INFO  server.RaftServerConfigKeys (ConfUtils.java:logGet(46)) - raft.server.threadpool.server.size = 0 (default)
2023-07-28 03:22:26,498 [f4ca73dd-6b78-4056-9520-157df6408f3a-groupManagement] INFO  server.RaftServerConfigKeys (ConfUtils.java:logGet(46)) - raft.server.threadpool.client.cached = true (default)
2023-07-28 03:22:26,498 [f4ca73dd-6b78-4056-9520-157df6408f3a-groupManagement] INFO  server.RaftServerConfigKeys (ConfUtils.java:logGet(46)) - raft.server.threadpool.client.size = 0 (default)
2023-07-28 03:22:26,499 [f4ca73dd-6b78-4056-9520-157df6408f3a-groupManagement] INFO  storage.RaftStorageDirectory (RaftStorageDirectoryImpl.java:analyzeStorage(137)) - The storage directory /home/runner/work/ozone/ozone/hadoop-ozone/integration-test/target/test-dir/MiniOzoneClusterImpl-5d941c1b-c8eb-4358-ab64-bf73cd3544cf/datanode-2/data/ratis/4aabad07-50ee-49ec-89c4-a22d2855d194 does not exist. Creating ...
2023-07-28 03:22:26,501 [f4ca73dd-6b78-4056-9520-157df6408f3a-groupManagement] INFO  storage.RaftStorageDirectory (RaftStorageDirectoryImpl.java:tryLock(231)) - Lock on /home/runner/work/ozone/ozone/hadoop-ozone/integration-test/target/test-dir/MiniOzoneClusterImpl-5d941c1b-c8eb-4358-ab64-bf73cd3544cf/datanode-2/data/ratis/4aabad07-50ee-49ec-89c4-a22d2855d194/in_use.lock acquired by nodename 57223@fv-az589-978
2023-07-28 03:22:26,503 [f4ca73dd-6b78-4056-9520-157df6408f3a-groupManagement] INFO  storage.RaftStorage (RaftStorageImpl.java:format(96)) - Storage directory /home/runner/work/ozone/ozone/hadoop-ozone/integration-test/target/test-dir/MiniOzoneClusterImpl-5d941c1b-c8eb-4358-ab64-bf73cd3544cf/datanode-2/data/ratis/4aabad07-50ee-49ec-89c4-a22d2855d194 has been successfully formatted.
2023-07-28 03:22:26,503 [f4ca73dd-6b78-4056-9520-157df6408f3a-groupManagement] INFO  ratis.ContainerStateMachine (ContainerStateMachine.java:loadSnapshot(262)) - group-A22D2855D194: The snapshot info is null. Setting the last applied indexto:(t:0, i:~)
2023-07-28 03:22:26,503 [f4ca73dd-6b78-4056-9520-157df6408f3a-groupManagement] INFO  server.RaftServerConfigKeys (ConfUtils.java:logGet(46)) - raft.server.log.use.memory = false (default)
2023-07-28 03:22:26,504 [f4ca73dd-6b78-4056-9520-157df6408f3a-groupManagement] INFO  server.RaftServerConfigKeys (ConfUtils.java:logGet(46)) - raft.server.log.purge.gap = 1000000 (custom)
2023-07-28 03:22:26,504 [f4ca73dd-6b78-4056-9520-157df6408f3a-groupManagement] INFO  server.RaftServerConfigKeys (ConfUtils.java:logGet(46)) - raft.server.log.appender.buffer.byte-limit = 33554432 (custom)
2023-07-28 03:22:26,504 [f4ca73dd-6b78-4056-9520-157df6408f3a-groupManagement] INFO  server.RaftServerConfigKeys (ConfUtils.java:logGet(46)) - raft.server.log.statemachine.data.read.timeout = 1000ms (default)
2023-07-28 03:22:26,504 [f4ca73dd-6b78-4056-9520-157df6408f3a-groupManagement] INFO  server.RaftServerConfigKeys (ConfUtils.java:logGet(46)) - raft.server.log.purge.preservation.log.num = 0 (default)
2023-07-28 03:22:26,504 [f4ca73dd-6b78-4056-9520-157df6408f3a-groupManagement] INFO  server.RaftServerConfigKeys (ConfUtils.java:logGet(46)) - raft.server.log.segment.size.max = 1048576 (custom)
2023-07-28 03:22:26,504 [f4ca73dd-6b78-4056-9520-157df6408f3a-groupManagement] INFO  server.RaftServerConfigKeys (ConfUtils.java:logGet(46)) - raft.server.log.segment.cache.num.max = 2 (custom)
2023-07-28 03:22:26,504 [f4ca73dd-6b78-4056-9520-157df6408f3a-groupManagement] INFO  server.RaftServerConfigKeys (ConfUtils.java:logGet(46)) - raft.server.log.segment.cache.size.max = 200MB (=209715200) (default)
2023-07-28 03:22:26,504 [f4ca73dd-6b78-4056-9520-157df6408f3a-groupManagement] INFO  server.RaftServerConfigKeys (ConfUtils.java:logGet(46)) - raft.server.log.appender.buffer.byte-limit = 33554432 (custom)
2023-07-28 03:22:26,504 [f4ca73dd-6b78-4056-9520-157df6408f3a-groupManagement] INFO  segmented.SegmentedRaftLogWorker (SegmentedRaftLogWorker.java:<init>(188)) - new f4ca73dd-6b78-4056-9520-157df6408f3a@group-A22D2855D194-SegmentedRaftLogWorker for RaftStorageImpl:Storage Directory /home/runner/work/ozone/ozone/hadoop-ozone/integration-test/target/test-dir/MiniOzoneClusterImpl-5d941c1b-c8eb-4358-ab64-bf73cd3544cf/datanode-2/data/ratis/4aabad07-50ee-49ec-89c4-a22d2855d194
2023-07-28 03:22:26,505 [f4ca73dd-6b78-4056-9520-157df6408f3a-groupManagement] INFO  server.RaftServerConfigKeys (ConfUtils.java:logGet(46)) - raft.server.log.queue.byte-limit = 4294967296 (custom)
2023-07-28 03:22:26,505 [f4ca73dd-6b78-4056-9520-157df6408f3a-groupManagement] INFO  server.RaftServerConfigKeys (ConfUtils.java:logGet(46)) - raft.server.log.queue.element-limit = 1024 (custom)
2023-07-28 03:22:26,505 [f4ca73dd-6b78-4056-9520-157df6408f3a-groupManagement] INFO  server.RaftServerConfigKeys (ConfUtils.java:logGet(46)) - raft.server.log.segment.size.max = 1048576 (custom)
2023-07-28 03:22:26,505 [f4ca73dd-6b78-4056-9520-157df6408f3a-groupManagement] INFO  server.RaftServerConfigKeys (ConfUtils.java:logGet(46)) - raft.server.log.preallocated.size = 16384 (custom)
2023-07-28 03:22:26,505 [f4ca73dd-6b78-4056-9520-157df6408f3a-groupManagement] INFO  server.RaftServerConfigKeys (ConfUtils.java:logGet(46)) - raft.server.log.force.sync.num = 128 (default)
2023-07-28 03:22:26,505 [f4ca73dd-6b78-4056-9520-157df6408f3a-groupManagement] INFO  server.RaftServerConfigKeys (ConfUtils.java:logGet(46)) - raft.server.log.statemachine.data.sync = true (default)
2023-07-28 03:22:26,510 [EventQueue-PipelineReportForPipelineReportHandler] INFO  pipeline.PipelineReportHandler (PipelineReportHandler.java:processPipelineReport(136)) - Opened pipeline PipelineID=4aabad07-50ee-49ec-89c4-a22d2855d194
2023-07-28 03:22:26,511 [f4ca73dd-6b78-4056-9520-157df6408f3a-groupManagement] INFO  server.RaftServerConfigKeys (ConfUtils.java:logGet(46)) - raft.server.log.statemachine.data.sync.timeout = 10s (default)
2023-07-28 03:22:26,512 [f4ca73dd-6b78-4056-9520-157df6408f3a-groupManagement] INFO  server.RaftServerConfigKeys (ConfUtils.java:logGet(46)) - raft.server.log.statemachine.data.sync.timeout.retry = -1 (default)
2023-07-28 03:22:26,512 [EventQueue-OpenPipelineForHealthyPipelineSafeModeRule] INFO  safemode.SCMSafeModeManager (HealthyPipelineSafeModeRule.java:process(137)) - SCM in safe mode. Healthy pipelines reported count is 0, required healthy pipeline reported count is 1
2023-07-28 03:22:26,512 [f4ca73dd-6b78-4056-9520-157df6408f3a-groupManagement] INFO  server.RaftServerConfigKeys (ConfUtils.java:logGet(46)) - raft.server.log.write.buffer.size = 1048576 (custom)
2023-07-28 03:22:26,512 [f4ca73dd-6b78-4056-9520-157df6408f3a-groupManagement] INFO  server.RaftServerConfigKeys (ConfUtils.java:logGet(46)) - raft.server.log.appender.buffer.byte-limit = 33554432 (custom)
2023-07-28 03:22:26,517 [f4ca73dd-6b78-4056-9520-157df6408f3a-groupManagement] INFO  server.RaftServerConfigKeys (ConfUtils.java:logGet(46)) - raft.server.log.unsafe-flush.enabled = false (default)
2023-07-28 03:22:26,517 [f4ca73dd-6b78-4056-9520-157df6408f3a-groupManagement] INFO  server.RaftServerConfigKeys (ConfUtils.java:logGet(46)) - raft.server.log.async-flush.enabled = false (default)
2023-07-28 03:22:26,517 [f4ca73dd-6b78-4056-9520-157df6408f3a-groupManagement] INFO  server.RaftServerConfigKeys (ConfUtils.java:logGet(46)) - raft.server.log.statemachine.data.caching.enabled = true (custom)
2023-07-28 03:22:26,518 [f4ca73dd-6b78-4056-9520-157df6408f3a-groupManagement] INFO  segmented.SegmentedRaftLogWorker (SegmentedRaftLogWorker.java:lambda$new$0(135)) - f4ca73dd-6b78-4056-9520-157df6408f3a@group-A22D2855D194-SegmentedRaftLogWorker: flushIndex: setUnconditionally 0 -> -1
2023-07-28 03:22:26,518 [f4ca73dd-6b78-4056-9520-157df6408f3a-groupManagement] INFO  segmented.SegmentedRaftLogWorker (SegmentedRaftLogWorker.java:lambda$new$0(135)) - f4ca73dd-6b78-4056-9520-157df6408f3a@group-A22D2855D194-SegmentedRaftLogWorker: safeCacheEvictIndex: setUnconditionally 0 -> -1
2023-07-28 03:22:26,537 [f4ca73dd-6b78-4056-9520-157df6408f3a-groupManagement] INFO  server.RaftServer$Division (RaftServerImpl.java:start(342)) - f4ca73dd-6b78-4056-9520-157df6408f3a@group-A22D2855D194: start as a follower, conf=-1: peers:[f4ca73dd-6b78-4056-9520-157df6408f3a|rpc:10.1.0.5:15032|admin:10.1.0.5:15031|client:10.1.0.5:15030|dataStream:10.1.0.5:15033|priority:1|startupRole:FOLLOWER]|listeners:[], old=null
2023-07-28 03:22:26,537 [f4ca73dd-6b78-4056-9520-157df6408f3a-groupManagement] INFO  server.RaftServer$Division (RaftServerImpl.java:setRole(329)) - f4ca73dd-6b78-4056-9520-157df6408f3a@group-A22D2855D194: changes role from      null to FOLLOWER at term 0 for startAsFollower
2023-07-28 03:22:26,537 [f4ca73dd-6b78-4056-9520-157df6408f3a-groupManagement] INFO  impl.RoleInfo (RoleInfo.java:updateAndGet(139)) - f4ca73dd-6b78-4056-9520-157df6408f3a: start f4ca73dd-6b78-4056-9520-157df6408f3a@group-A22D2855D194-FollowerState
2023-07-28 03:22:26,538 [f4ca73dd-6b78-4056-9520-157df6408f3a-groupManagement] INFO  util.JmxRegister (JmxRegister.java:tryRegister(44)) - Successfully registered JMX Bean with object name Ratis:service=RaftServer,group=group-A22D2855D194,id=f4ca73dd-6b78-4056-9520-157df6408f3a
2023-07-28 03:22:26,538 [f4ca73dd-6b78-4056-9520-157df6408f3a-groupManagement] INFO  server.RaftServerConfigKeys (ConfUtils.java:logGet(46)) - raft.server.snapshot.auto.trigger.enabled = true (custom)
2023-07-28 03:22:26,538 [f4ca73dd-6b78-4056-9520-157df6408f3a-groupManagement] INFO  server.RaftServerConfigKeys (ConfUtils.java:logGet(46)) - raft.server.snapshot.auto.trigger.threshold = 10000 (custom)
2023-07-28 03:22:26,539 [f4ca73dd-6b78-4056-9520-157df6408f3a-groupManagement] INFO  server.RaftServerConfigKeys (ConfUtils.java:logGet(46)) - raft.server.snapshot.retention.file.num = 5 (custom)
2023-07-28 03:22:26,539 [f4ca73dd-6b78-4056-9520-157df6408f3a-groupManagement] INFO  server.RaftServerConfigKeys (ConfUtils.java:logGet(46)) - raft.server.log.purge.upto.snapshot.index = false (default)
2023-07-28 03:22:26,541 [f4ca73dd-6b78-4056-9520-157df6408f3a@group-A22D2855D194-FollowerState] INFO  server.RaftServerConfigKeys (ConfUtils.java:logFallback(53)) - raft.server.rpc.first-election.timeout.min = 5s (fallback to raft.server.rpc.timeout.min)
2023-07-28 03:22:26,541 [f4ca73dd-6b78-4056-9520-157df6408f3a@group-A22D2855D194-FollowerState] INFO  server.RaftServerConfigKeys (ConfUtils.java:logFallback(53)) - raft.server.rpc.first-election.timeout.max = 5200ms (fallback to raft.server.rpc.timeout.max)
2023-07-28 03:22:26,542 [PipelineCommandHandlerThread-0] INFO  ratis.XceiverServerRatis (XceiverServerRatis.java:addGroup(804)) - Created group PipelineID=4aabad07-50ee-49ec-89c4-a22d2855d194
2023-07-28 03:22:26,542 [PipelineCommandHandlerThread-0] INFO  commandhandler.CreatePipelineCommandHandler (CreatePipelineCommandHandler.java:lambda$handle$2(124)) - Created Pipeline RATIS ONE PipelineID=4aabad07-50ee-49ec-89c4-a22d2855d194.
2023-07-28 03:22:26,626 [PipelineCommandHandlerThread-0] INFO  commandhandler.CreatePipelineCommandHandler (CreatePipelineCommandHandler.java:lambda$handle$2(124)) - Created Pipeline RATIS THREE PipelineID=7c057bca-95e1-4939-b0a5-47480eaafcfc.
2023-07-28 03:22:26,628 [PipelineCommandHandlerThread-0] INFO  commandhandler.CreatePipelineCommandHandler (CreatePipelineCommandHandler.java:lambda$handle$2(124)) - Created Pipeline RATIS THREE PipelineID=7c057bca-95e1-4939-b0a5-47480eaafcfc.
2023-07-28 03:22:27,457 [main] INFO  ozone.MiniOzoneClusterImpl (MiniOzoneClusterImpl.java:lambda$waitForClusterToBeReady$0(224)) - Nodes are ready. Got 3 of 3 DN Heartbeats.
2023-07-28 03:22:27,458 [main] INFO  ozone.MiniOzoneClusterImpl (MiniOzoneClusterImpl.java:lambda$waitForClusterToBeReady$0(227)) - Waiting for cluster to exit safe mode
2023-07-28 03:22:27,458 [main] INFO  ozone.MiniOzoneClusterImpl (MiniOzoneClusterImpl.java:lambda$waitForClusterToBeReady$0(229)) - SCM became leader
2023-07-28 03:22:28,458 [main] INFO  ozone.MiniOzoneClusterImpl (MiniOzoneClusterImpl.java:lambda$waitForClusterToBeReady$0(224)) - Nodes are ready. Got 3 of 3 DN Heartbeats.
2023-07-28 03:22:28,458 [main] INFO  ozone.MiniOzoneClusterImpl (MiniOzoneClusterImpl.java:lambda$waitForClusterToBeReady$0(227)) - Waiting for cluster to exit safe mode
2023-07-28 03:22:28,458 [main] INFO  ozone.MiniOzoneClusterImpl (MiniOzoneClusterImpl.java:lambda$waitForClusterToBeReady$0(229)) - SCM became leader
2023-07-28 03:22:29,459 [main] INFO  ozone.MiniOzoneClusterImpl (MiniOzoneClusterImpl.java:lambda$waitForClusterToBeReady$0(224)) - Nodes are ready. Got 3 of 3 DN Heartbeats.
2023-07-28 03:22:29,459 [main] INFO  ozone.MiniOzoneClusterImpl (MiniOzoneClusterImpl.java:lambda$waitForClusterToBeReady$0(227)) - Waiting for cluster to exit safe mode
2023-07-28 03:22:29,459 [main] INFO  ozone.MiniOzoneClusterImpl (MiniOzoneClusterImpl.java:lambda$waitForClusterToBeReady$0(229)) - SCM became leader
2023-07-28 03:22:30,459 [main] INFO  ozone.MiniOzoneClusterImpl (MiniOzoneClusterImpl.java:lambda$waitForClusterToBeReady$0(224)) - Nodes are ready. Got 3 of 3 DN Heartbeats.
2023-07-28 03:22:30,459 [main] INFO  ozone.MiniOzoneClusterImpl (MiniOzoneClusterImpl.java:lambda$waitForClusterToBeReady$0(227)) - Waiting for cluster to exit safe mode
2023-07-28 03:22:30,459 [main] INFO  ozone.MiniOzoneClusterImpl (MiniOzoneClusterImpl.java:lambda$waitForClusterToBeReady$0(229)) - SCM became leader
2023-07-28 03:22:30,563 [e04aa943-cde2-4456-a19a-42c119af903b@group-1C6025D5D53B-FollowerState] INFO  impl.FollowerState (FollowerState.java:run(143)) - e04aa943-cde2-4456-a19a-42c119af903b@group-1C6025D5D53B-FollowerState: change to CANDIDATE, lastRpcElapsedTime:5007834248ns, electionTimeout:5005ms
2023-07-28 03:22:30,563 [e04aa943-cde2-4456-a19a-42c119af903b@group-1C6025D5D53B-FollowerState] INFO  impl.RoleInfo (RoleInfo.java:shutdownFollowerState(110)) - e04aa943-cde2-4456-a19a-42c119af903b: shutdown e04aa943-cde2-4456-a19a-42c119af903b@group-1C6025D5D53B-FollowerState
2023-07-28 03:22:30,563 [e04aa943-cde2-4456-a19a-42c119af903b@group-1C6025D5D53B-FollowerState] INFO  server.RaftServer$Division (RaftServerImpl.java:setRole(329)) - e04aa943-cde2-4456-a19a-42c119af903b@group-1C6025D5D53B: changes role from  FOLLOWER to CANDIDATE at term 0 for changeToCandidate
2023-07-28 03:22:30,564 [e04aa943-cde2-4456-a19a-42c119af903b@group-1C6025D5D53B-FollowerState] INFO  server.RaftServerConfigKeys (ConfUtils.java:logGet(46)) - raft.server.leaderelection.pre-vote = true (default)
2023-07-28 03:22:30,564 [e04aa943-cde2-4456-a19a-42c119af903b@group-1C6025D5D53B-FollowerState] INFO  impl.RoleInfo (RoleInfo.java:updateAndGet(139)) - e04aa943-cde2-4456-a19a-42c119af903b: start e04aa943-cde2-4456-a19a-42c119af903b@group-1C6025D5D53B-LeaderElection2
2023-07-28 03:22:30,568 [e04aa943-cde2-4456-a19a-42c119af903b@group-1C6025D5D53B-LeaderElection2] INFO  impl.LeaderElection (LeaderElection.java:askForVotes(321)) - e04aa943-cde2-4456-a19a-42c119af903b@group-1C6025D5D53B-LeaderElection2 PRE_VOTE round 0: submit vote requests at term 0 for -1: peers:[2b789b44-0f91-485a-b48f-c9199eaf29b8|rpc:10.1.0.5:15023|admin:10.1.0.5:15022|client:10.1.0.5:15021|dataStream:10.1.0.5:15024|priority:0|startupRole:FOLLOWER, f4ca73dd-6b78-4056-9520-157df6408f3a|rpc:10.1.0.5:15032|admin:10.1.0.5:15031|client:10.1.0.5:15030|dataStream:10.1.0.5:15033|priority:0|startupRole:FOLLOWER, e04aa943-cde2-4456-a19a-42c119af903b|rpc:10.1.0.5:15014|admin:10.1.0.5:15013|client:10.1.0.5:15012|dataStream:10.1.0.5:15015|priority:1|startupRole:FOLLOWER]|listeners:[], old=null
2023-07-28 03:22:30,574 [e04aa943-cde2-4456-a19a-42c119af903b@group-1C6025D5D53B-LeaderElection2] INFO  server.RaftServerConfigKeys (ConfUtils.java:logFallback(53)) - raft.server.rpc.first-election.timeout.min = 5s (fallback to raft.server.rpc.timeout.min)
2023-07-28 03:22:30,574 [e04aa943-cde2-4456-a19a-42c119af903b@group-1C6025D5D53B-LeaderElection2] INFO  server.RaftServerConfigKeys (ConfUtils.java:logFallback(53)) - raft.server.rpc.first-election.timeout.max = 5200ms (fallback to raft.server.rpc.timeout.max)
2023-07-28 03:22:30,577 [e04aa943-cde2-4456-a19a-42c119af903b@group-1C6025D5D53B-LeaderElection2-1] INFO  server.GrpcServerProtocolClient (GrpcServerProtocolClient.java:<init>(65)) - Build channel for 2b789b44-0f91-485a-b48f-c9199eaf29b8
2023-07-28 03:22:30,580 [e04aa943-cde2-4456-a19a-42c119af903b@group-1C6025D5D53B-LeaderElection2-2] INFO  server.GrpcServerProtocolClient (GrpcServerProtocolClient.java:<init>(65)) - Build channel for f4ca73dd-6b78-4056-9520-157df6408f3a
2023-07-28 03:22:30,605 [grpc-default-executor-1] INFO  server.RaftServer$Division (RaftServerImpl.java:requestVote(1302)) - 2b789b44-0f91-485a-b48f-c9199eaf29b8@group-1C6025D5D53B: receive requestVote(PRE_VOTE, e04aa943-cde2-4456-a19a-42c119af903b, group-1C6025D5D53B, 0, (t:0, i:0))
2023-07-28 03:22:30,605 [grpc-default-executor-0] INFO  server.RaftServer$Division (RaftServerImpl.java:requestVote(1302)) - f4ca73dd-6b78-4056-9520-157df6408f3a@group-1C6025D5D53B: receive requestVote(PRE_VOTE, e04aa943-cde2-4456-a19a-42c119af903b, group-1C6025D5D53B, 0, (t:0, i:0))
2023-07-28 03:22:30,608 [grpc-default-executor-1] INFO  impl.VoteContext (VoteContext.java:log(49)) - 2b789b44-0f91-485a-b48f-c9199eaf29b8@group-1C6025D5D53B-FOLLOWER: accept PRE_VOTE from e04aa943-cde2-4456-a19a-42c119af903b: our priority 0 <= candidate's priority 1
2023-07-28 03:22:30,608 [grpc-default-executor-0] INFO  impl.VoteContext (VoteContext.java:log(49)) - f4ca73dd-6b78-4056-9520-157df6408f3a@group-1C6025D5D53B-FOLLOWER: accept PRE_VOTE from e04aa943-cde2-4456-a19a-42c119af903b: our priority 0 <= candidate's priority 1
2023-07-28 03:22:30,612 [grpc-default-executor-0] INFO  server.RaftServer$Division (RaftServerImpl.java:requestVote(1335)) - f4ca73dd-6b78-4056-9520-157df6408f3a@group-1C6025D5D53B replies to PRE_VOTE vote request: e04aa943-cde2-4456-a19a-42c119af903b<-f4ca73dd-6b78-4056-9520-157df6408f3a#0:OK-t0. Peer's state: f4ca73dd-6b78-4056-9520-157df6408f3a@group-1C6025D5D53B:t0, leader=null, voted=, raftlog=Memoized:f4ca73dd-6b78-4056-9520-157df6408f3a@group-1C6025D5D53B-SegmentedRaftLog:OPENED:c-1, conf=-1: peers:[2b789b44-0f91-485a-b48f-c9199eaf29b8|rpc:10.1.0.5:15023|admin:10.1.0.5:15022|client:10.1.0.5:15021|dataStream:10.1.0.5:15024|priority:0|startupRole:FOLLOWER, f4ca73dd-6b78-4056-9520-157df6408f3a|rpc:10.1.0.5:15032|admin:10.1.0.5:15031|client:10.1.0.5:15030|dataStream:10.1.0.5:15033|priority:0|startupRole:FOLLOWER, e04aa943-cde2-4456-a19a-42c119af903b|rpc:10.1.0.5:15014|admin:10.1.0.5:15013|client:10.1.0.5:15012|dataStream:10.1.0.5:15015|priority:1|startupRole:FOLLOWER]|listeners:[], old=null
2023-07-28 03:22:30,613 [grpc-default-executor-1] INFO  server.RaftServer$Division (RaftServerImpl.java:requestVote(1335)) - 2b789b44-0f91-485a-b48f-c9199eaf29b8@group-1C6025D5D53B replies to PRE_VOTE vote request: e04aa943-cde2-4456-a19a-42c119af903b<-2b789b44-0f91-485a-b48f-c9199eaf29b8#0:OK-t0. Peer's state: 2b789b44-0f91-485a-b48f-c9199eaf29b8@group-1C6025D5D53B:t0, leader=null, voted=, raftlog=Memoized:2b789b44-0f91-485a-b48f-c9199eaf29b8@group-1C6025D5D53B-SegmentedRaftLog:OPENED:c-1, conf=-1: peers:[2b789b44-0f91-485a-b48f-c9199eaf29b8|rpc:10.1.0.5:15023|admin:10.1.0.5:15022|client:10.1.0.5:15021|dataStream:10.1.0.5:15024|priority:0|startupRole:FOLLOWER, f4ca73dd-6b78-4056-9520-157df6408f3a|rpc:10.1.0.5:15032|admin:10.1.0.5:15031|client:10.1.0.5:15030|dataStream:10.1.0.5:15033|priority:0|startupRole:FOLLOWER, e04aa943-cde2-4456-a19a-42c119af903b|rpc:10.1.0.5:15014|admin:10.1.0.5:15013|client:10.1.0.5:15012|dataStream:10.1.0.5:15015|priority:1|startupRole:FOLLOWER]|listeners:[], old=null
2023-07-28 03:22:30,616 [e04aa943-cde2-4456-a19a-42c119af903b@group-1C6025D5D53B-LeaderElection2] INFO  impl.LeaderElection (LeaderElection.java:logAndReturn(90)) - e04aa943-cde2-4456-a19a-42c119af903b@group-1C6025D5D53B-LeaderElection2: PRE_VOTE PASSED received 1 response(s) and 0 exception(s):
2023-07-28 03:22:30,617 [e04aa943-cde2-4456-a19a-42c119af903b@group-1C6025D5D53B-LeaderElection2] INFO  impl.LeaderElection (LeaderElection.java:logAndReturn(94)) -   Response 0: e04aa943-cde2-4456-a19a-42c119af903b<-f4ca73dd-6b78-4056-9520-157df6408f3a#0:OK-t0
2023-07-28 03:22:30,617 [e04aa943-cde2-4456-a19a-42c119af903b@group-1C6025D5D53B-LeaderElection2] INFO  impl.LeaderElection (LeaderElection.java:askForVotes(323)) - e04aa943-cde2-4456-a19a-42c119af903b@group-1C6025D5D53B-LeaderElection2 PRE_VOTE round 0: result PASSED
2023-07-28 03:22:30,618 [e04aa943-cde2-4456-a19a-42c119af903b@group-1C6025D5D53B-LeaderElection2] INFO  impl.LeaderElection (LeaderElection.java:askForVotes(321)) - e04aa943-cde2-4456-a19a-42c119af903b@group-1C6025D5D53B-LeaderElection2 ELECTION round 0: submit vote requests at term 1 for -1: peers:[2b789b44-0f91-485a-b48f-c9199eaf29b8|rpc:10.1.0.5:15023|admin:10.1.0.5:15022|client:10.1.0.5:15021|dataStream:10.1.0.5:15024|priority:0|startupRole:FOLLOWER, f4ca73dd-6b78-4056-9520-157df6408f3a|rpc:10.1.0.5:15032|admin:10.1.0.5:15031|client:10.1.0.5:15030|dataStream:10.1.0.5:15033|priority:0|startupRole:FOLLOWER, e04aa943-cde2-4456-a19a-42c119af903b|rpc:10.1.0.5:15014|admin:10.1.0.5:15013|client:10.1.0.5:15012|dataStream:10.1.0.5:15015|priority:1|startupRole:FOLLOWER]|listeners:[], old=null
2023-07-28 03:22:30,619 [e04aa943-cde2-4456-a19a-42c119af903b@group-1C6025D5D53B-LeaderElection2] INFO  server.RaftServerConfigKeys (ConfUtils.java:logFallback(53)) - raft.server.rpc.first-election.timeout.min = 5s (fallback to raft.server.rpc.timeout.min)
2023-07-28 03:22:30,619 [e04aa943-cde2-4456-a19a-42c119af903b@group-1C6025D5D53B-LeaderElection2] INFO  server.RaftServerConfigKeys (ConfUtils.java:logFallback(53)) - raft.server.rpc.first-election.timeout.max = 5200ms (fallback to raft.server.rpc.timeout.max)
2023-07-28 03:22:30,623 [grpc-default-executor-1] INFO  server.RaftServer$Division (RaftServerImpl.java:requestVote(1302)) - f4ca73dd-6b78-4056-9520-157df6408f3a@group-1C6025D5D53B: receive requestVote(ELECTION, e04aa943-cde2-4456-a19a-42c119af903b, group-1C6025D5D53B, 1, (t:0, i:0))
2023-07-28 03:22:30,624 [grpc-default-executor-1] INFO  impl.VoteContext (VoteContext.java:log(49)) - f4ca73dd-6b78-4056-9520-157df6408f3a@group-1C6025D5D53B-FOLLOWER: accept ELECTION from e04aa943-cde2-4456-a19a-42c119af903b: our priority 0 <= candidate's priority 1
2023-07-28 03:22:30,625 [grpc-default-executor-1] INFO  server.RaftServer$Division (RaftServerImpl.java:setRole(329)) - f4ca73dd-6b78-4056-9520-157df6408f3a@group-1C6025D5D53B: changes role from  FOLLOWER to FOLLOWER at term 1 for candidate:e04aa943-cde2-4456-a19a-42c119af903b
2023-07-28 03:22:30,625 [grpc-default-executor-1] INFO  impl.RoleInfo (RoleInfo.java:shutdownFollowerState(110)) - f4ca73dd-6b78-4056-9520-157df6408f3a: shutdown f4ca73dd-6b78-4056-9520-157df6408f3a@group-1C6025D5D53B-FollowerState
2023-07-28 03:22:30,625 [f4ca73dd-6b78-4056-9520-157df6408f3a@group-1C6025D5D53B-FollowerState] INFO  impl.FollowerState (FollowerState.java:run(152)) - f4ca73dd-6b78-4056-9520-157df6408f3a@group-1C6025D5D53B-FollowerState was interrupted
2023-07-28 03:22:30,625 [grpc-default-executor-1] INFO  impl.RoleInfo (RoleInfo.java:updateAndGet(139)) - f4ca73dd-6b78-4056-9520-157df6408f3a: start f4ca73dd-6b78-4056-9520-157df6408f3a@group-1C6025D5D53B-FollowerState
2023-07-28 03:22:30,629 [grpc-default-executor-1] INFO  server.RaftServer$Division (RaftServerImpl.java:requestVote(1335)) - f4ca73dd-6b78-4056-9520-157df6408f3a@group-1C6025D5D53B replies to ELECTION vote request: e04aa943-cde2-4456-a19a-42c119af903b<-f4ca73dd-6b78-4056-9520-157df6408f3a#0:OK-t1. Peer's state: f4ca73dd-6b78-4056-9520-157df6408f3a@group-1C6025D5D53B:t1, leader=null, voted=e04aa943-cde2-4456-a19a-42c119af903b, raftlog=Memoized:f4ca73dd-6b78-4056-9520-157df6408f3a@group-1C6025D5D53B-SegmentedRaftLog:OPENED:c-1, conf=-1: peers:[2b789b44-0f91-485a-b48f-c9199eaf29b8|rpc:10.1.0.5:15023|admin:10.1.0.5:15022|client:10.1.0.5:15021|dataStream:10.1.0.5:15024|priority:0|startupRole:FOLLOWER, f4ca73dd-6b78-4056-9520-157df6408f3a|rpc:10.1.0.5:15032|admin:10.1.0.5:15031|client:10.1.0.5:15030|dataStream:10.1.0.5:15033|priority:0|startupRole:FOLLOWER, e04aa943-cde2-4456-a19a-42c119af903b|rpc:10.1.0.5:15014|admin:10.1.0.5:15013|client:10.1.0.5:15012|dataStream:10.1.0.5:15015|priority:1|startupRole:FOLLOWER]|listeners:[], old=null
2023-07-28 03:22:30,631 [e04aa943-cde2-4456-a19a-42c119af903b@group-1C6025D5D53B-LeaderElection2] INFO  impl.LeaderElection (LeaderElection.java:logAndReturn(90)) - e04aa943-cde2-4456-a19a-42c119af903b@group-1C6025D5D53B-LeaderElection2: ELECTION PASSED received 1 response(s) and 0 exception(s):
2023-07-28 03:22:30,631 [e04aa943-cde2-4456-a19a-42c119af903b@group-1C6025D5D53B-LeaderElection2] INFO  impl.LeaderElection (LeaderElection.java:logAndReturn(94)) -   Response 0: e04aa943-cde2-4456-a19a-42c119af903b<-f4ca73dd-6b78-4056-9520-157df6408f3a#0:OK-t1
2023-07-28 03:22:30,631 [e04aa943-cde2-4456-a19a-42c119af903b@group-1C6025D5D53B-LeaderElection2] INFO  impl.LeaderElection (LeaderElection.java:askForVotes(323)) - e04aa943-cde2-4456-a19a-42c119af903b@group-1C6025D5D53B-LeaderElection2 ELECTION round 0: result PASSED
2023-07-28 03:22:30,631 [e04aa943-cde2-4456-a19a-42c119af903b@group-1C6025D5D53B-LeaderElection2] INFO  impl.RoleInfo (RoleInfo.java:shutdownLeaderElection(130)) - e04aa943-cde2-4456-a19a-42c119af903b: shutdown e04aa943-cde2-4456-a19a-42c119af903b@group-1C6025D5D53B-LeaderElection2
2023-07-28 03:22:30,631 [e04aa943-cde2-4456-a19a-42c119af903b@group-1C6025D5D53B-LeaderElection2] INFO  server.RaftServer$Division (RaftServerImpl.java:setRole(329)) - e04aa943-cde2-4456-a19a-42c119af903b@group-1C6025D5D53B: changes role from CANDIDATE to LEADER at term 1 for changeToLeader
2023-07-28 03:22:30,631 [e04aa943-cde2-4456-a19a-42c119af903b@group-1C6025D5D53B-LeaderElection2] INFO  ratis.XceiverServerRatis (XceiverServerRatis.java:handleLeaderChangedNotification(902)) - Leader change notification received for group: group-1C6025D5D53B with new leaderId: e04aa943-cde2-4456-a19a-42c119af903b
2023-07-28 03:22:30,631 [e04aa943-cde2-4456-a19a-42c119af903b@group-1C6025D5D53B-LeaderElection2] INFO  server.RaftServer$Division (ServerState.java:setLeader(317)) - e04aa943-cde2-4456-a19a-42c119af903b@group-1C6025D5D53B: change Leader from null to e04aa943-cde2-4456-a19a-42c119af903b at term 1 for becomeLeader, leader elected after 5099ms
2023-07-28 03:22:30,631 [e04aa943-cde2-4456-a19a-42c119af903b@group-1C6025D5D53B-LeaderElection2] INFO  server.RaftServerConfigKeys (ConfUtils.java:logGet(46)) - raft.server.staging.catchup.gap = 1000 (default)
2023-07-28 03:22:30,632 [e04aa943-cde2-4456-a19a-42c119af903b@group-1C6025D5D53B-LeaderElection2] INFO  server.RaftServerConfigKeys (ConfUtils.java:logGet(46)) - raft.server.write.element-limit = 1024 (custom)
2023-07-28 03:22:30,632 [e04aa943-cde2-4456-a19a-42c119af903b@group-1C6025D5D53B-LeaderElection2] INFO  server.RaftServerConfigKeys (ConfUtils.java:logGet(46)) - raft.server.write.byte-limit = 1024 M (=1073741824) (custom)
2023-07-28 03:22:30,632 [e04aa943-cde2-4456-a19a-42c119af903b@group-1C6025D5D53B-LeaderElection2] INFO  server.RaftServerConfigKeys (ConfUtils.java:logGet(46)) - raft.server.watch.timeout = 180s (custom)
2023-07-28 03:22:30,632 [e04aa943-cde2-4456-a19a-42c119af903b@group-1C6025D5D53B-LeaderElection2] INFO  server.RaftServerConfigKeys (ConfUtils.java:logGet(46)) - raft.server.watch.timeout.denomination = 1s (default)
2023-07-28 03:22:30,632 [e04aa943-cde2-4456-a19a-42c119af903b@group-1C6025D5D53B-LeaderElection2] INFO  server.RaftServerConfigKeys (ConfUtils.java:logGet(46)) - raft.server.watch.element-limit = 65536 (default)
2023-07-28 03:22:30,632 [e04aa943-cde2-4456-a19a-42c119af903b@group-1C6025D5D53B-LeaderElection2] INFO  server.RaftServerConfigKeys (ConfUtils.java:logGet(46)) - raft.server.write.element-limit = 1024 (custom)
2023-07-28 03:22:30,632 [e04aa943-cde2-4456-a19a-42c119af903b@group-1C6025D5D53B-LeaderElection2] INFO  server.RaftServerConfigKeys (ConfUtils.java:logGet(46)) - raft.server.write.follower.gap.ratio.max = -1.0 (default)
2023-07-28 03:22:30,646 [EventQueue-PipelineReportForPipelineReportHandler] INFO  pipeline.PipelineReportHandler (PipelineReportHandler.java:processPipelineReport(136)) - Opened pipeline PipelineID=3f6201dd-4cb5-4189-b630-1c6025d5d53b
2023-07-28 03:22:30,646 [EventQueue-OpenPipelineForHealthyPipelineSafeModeRule] INFO  safemode.SCMSafeModeManager (HealthyPipelineSafeModeRule.java:process(137)) - SCM in safe mode. Healthy pipelines reported count is 0, required healthy pipeline reported count is 1
2023-07-28 03:22:30,648 [EventQueue-OpenPipelineForHealthyPipelineSafeModeRule] INFO  safemode.SCMSafeModeManager (HealthyPipelineSafeModeRule.java:process(137)) - SCM in safe mode. Healthy pipelines reported count is 1, required healthy pipeline reported count is 1
2023-07-28 03:22:30,648 [EventQueue-OpenPipelineForHealthyPipelineSafeModeRule] INFO  safemode.SCMSafeModeManager (SCMSafeModeManager.java:validateSafeModeExitRules(200)) - HealthyPipelineSafeModeRule rule is successfully validated
2023-07-28 03:22:30,648 [EventQueue-OpenPipelineForHealthyPipelineSafeModeRule] INFO  safemode.SCMSafeModeManager (SCMSafeModeManager.java:validateSafeModeExitRules(215)) - ScmSafeModeManager, all rules are successfully validated
2023-07-28 03:22:30,648 [EventQueue-OpenPipelineForHealthyPipelineSafeModeRule] INFO  safemode.SCMSafeModeManager (SCMSafeModeManager.java:exitSafeMode(244)) - SCM exiting safe mode.
2023-07-28 03:22:30,648 [EventQueue-OpenPipelineForHealthyPipelineSafeModeRule] INFO  ha.SCMContext (SCMContext.java:updateSafeModeStatus(228)) - Update SafeModeStatus from SafeModeStatus{safeModeStatus=true, preCheckPassed=true} to SafeModeStatus{safeModeStatus=false, preCheckPassed=true}.
2023-07-28 03:22:30,648 [EventQueue-OpenPipelineForHealthyPipelineSafeModeRule] INFO  pipeline.BackgroundPipelineCreator (BackgroundPipelineCreator.java:notifyStatusChanged(255)) - Service BackgroundPipelineCreator transitions to RUNNING.
2023-07-28 03:22:30,648 [EventQueue-OpenPipelineForHealthyPipelineSafeModeRule] INFO  BackgroundPipelineScrubber (BackgroundSCMService.java:notifyStatusChanged(82)) - Service BackgroundPipelineScrubber transitions to RUNNING.
2023-07-28 03:22:30,648 [EventQueue-OpenPipelineForHealthyPipelineSafeModeRule] INFO  ExpiredContainerReplicaOpScrubber (BackgroundSCMService.java:notifyStatusChanged(82)) - Service ExpiredContainerReplicaOpScrubber transitions to RUNNING.
2023-07-28 03:22:30,648 [EventQueue-OpenPipelineForHealthyPipelineSafeModeRule] INFO  replication.ReplicationManager (ReplicationManager.java:notifyStatusChanged(1366)) - Service ReplicationManager transitions to RUNNING.
2023-07-28 03:22:30,652 [EventQueue-OpenPipelineForHealthyPipelineSafeModeRule] WARN  balancer.ContainerBalancer (ContainerBalancer.java:shouldRun(134)) - Could not find persisted configuration for ContainerBalancer when checking if ContainerBalancer should run. ContainerBalancer should not run now.
2023-07-28 03:22:30,653 [grpc-default-executor-1] INFO  server.RaftServer$Division (RaftServerImpl.java:requestVote(1302)) - 2b789b44-0f91-485a-b48f-c9199eaf29b8@group-1C6025D5D53B: receive requestVote(ELECTION, e04aa943-cde2-4456-a19a-42c119af903b, group-1C6025D5D53B, 1, (t:0, i:0))
2023-07-28 03:22:30,654 [grpc-default-executor-1] INFO  impl.VoteContext (VoteContext.java:log(49)) - 2b789b44-0f91-485a-b48f-c9199eaf29b8@group-1C6025D5D53B-FOLLOWER: accept ELECTION from e04aa943-cde2-4456-a19a-42c119af903b: our priority 0 <= candidate's priority 1
2023-07-28 03:22:30,654 [grpc-default-executor-1] INFO  server.RaftServer$Division (RaftServerImpl.java:setRole(329)) - 2b789b44-0f91-485a-b48f-c9199eaf29b8@group-1C6025D5D53B: changes role from  FOLLOWER to FOLLOWER at term 1 for candidate:e04aa943-cde2-4456-a19a-42c119af903b
2023-07-28 03:22:30,654 [grpc-default-executor-1] INFO  impl.RoleInfo (RoleInfo.java:shutdownFollowerState(110)) - 2b789b44-0f91-485a-b48f-c9199eaf29b8: shutdown 2b789b44-0f91-485a-b48f-c9199eaf29b8@group-1C6025D5D53B-FollowerState
2023-07-28 03:22:30,654 [2b789b44-0f91-485a-b48f-c9199eaf29b8@group-1C6025D5D53B-FollowerState] INFO  impl.FollowerState (FollowerState.java:run(152)) - 2b789b44-0f91-485a-b48f-c9199eaf29b8@group-1C6025D5D53B-FollowerState was interrupted
2023-07-28 03:22:30,657 [grpc-default-executor-1] INFO  impl.RoleInfo (RoleInfo.java:updateAndGet(139)) - 2b789b44-0f91-485a-b48f-c9199eaf29b8: start 2b789b44-0f91-485a-b48f-c9199eaf29b8@group-1C6025D5D53B-FollowerState
2023-07-28 03:22:30,659 [grpc-default-executor-1] INFO  server.RaftServer$Division (RaftServerImpl.java:requestVote(1335)) - 2b789b44-0f91-485a-b48f-c9199eaf29b8@group-1C6025D5D53B replies to ELECTION vote request: e04aa943-cde2-4456-a19a-42c119af903b<-2b789b44-0f91-485a-b48f-c9199eaf29b8#0:OK-t1. Peer's state: 2b789b44-0f91-485a-b48f-c9199eaf29b8@group-1C6025D5D53B:t1, leader=null, voted=e04aa943-cde2-4456-a19a-42c119af903b, raftlog=Memoized:2b789b44-0f91-485a-b48f-c9199eaf29b8@group-1C6025D5D53B-SegmentedRaftLog:OPENED:c-1, conf=-1: peers:[2b789b44-0f91-485a-b48f-c9199eaf29b8|rpc:10.1.0.5:15023|admin:10.1.0.5:15022|client:10.1.0.5:15021|dataStream:10.1.0.5:15024|priority:0|startupRole:FOLLOWER, f4ca73dd-6b78-4056-9520-157df6408f3a|rpc:10.1.0.5:15032|admin:10.1.0.5:15031|client:10.1.0.5:15030|dataStream:10.1.0.5:15033|priority:0|startupRole:FOLLOWER, e04aa943-cde2-4456-a19a-42c119af903b|rpc:10.1.0.5:15014|admin:10.1.0.5:15013|client:10.1.0.5:15012|dataStream:10.1.0.5:15015|priority:1|startupRole:FOLLOWER]|listeners:[], old=null
2023-07-28 03:22:30,666 [e04aa943-cde2-4456-a19a-42c119af903b@group-B3CBEDCBCAE8-FollowerState] INFO  impl.FollowerState (FollowerState.java:run(143)) - e04aa943-cde2-4456-a19a-42c119af903b@group-B3CBEDCBCAE8-FollowerState: change to CANDIDATE, lastRpcElapsedTime:5146899760ns, electionTimeout:5141ms
2023-07-28 03:22:30,666 [e04aa943-cde2-4456-a19a-42c119af903b@group-B3CBEDCBCAE8-FollowerState] INFO  impl.RoleInfo (RoleInfo.java:shutdownFollowerState(110)) - e04aa943-cde2-4456-a19a-42c119af903b: shutdown e04aa943-cde2-4456-a19a-42c119af903b@group-B3CBEDCBCAE8-FollowerState
2023-07-28 03:22:30,666 [e04aa943-cde2-4456-a19a-42c119af903b@group-B3CBEDCBCAE8-FollowerState] INFO  server.RaftServer$Division (RaftServerImpl.java:setRole(329)) - e04aa943-cde2-4456-a19a-42c119af903b@group-B3CBEDCBCAE8: changes role from  FOLLOWER to CANDIDATE at term 0 for changeToCandidate
2023-07-28 03:22:30,667 [e04aa943-cde2-4456-a19a-42c119af903b@group-B3CBEDCBCAE8-FollowerState] INFO  server.RaftServerConfigKeys (ConfUtils.java:logGet(46)) - raft.server.leaderelection.pre-vote = true (default)
2023-07-28 03:22:30,667 [e04aa943-cde2-4456-a19a-42c119af903b@group-B3CBEDCBCAE8-FollowerState] INFO  impl.RoleInfo (RoleInfo.java:updateAndGet(139)) - e04aa943-cde2-4456-a19a-42c119af903b: start e04aa943-cde2-4456-a19a-42c119af903b@group-B3CBEDCBCAE8-LeaderElection3
2023-07-28 03:22:30,667 [e04aa943-cde2-4456-a19a-42c119af903b@group-1C6025D5D53B-LeaderElection2] INFO  server.RaftServerConfigKeys (ConfUtils.java:logGet(46)) - raft.server.log.appender.snapshot.chunk.size.max = 16MB (=16777216) (default)
2023-07-28 03:22:30,670 [e04aa943-cde2-4456-a19a-42c119af903b@group-1C6025D5D53B-LeaderElection2] INFO  server.RaftServerConfigKeys (ConfUtils.java:logGet(46)) - raft.server.log.appender.buffer.byte-limit = 33554432 (custom)
2023-07-28 03:22:30,670 [e04aa943-cde2-4456-a19a-42c119af903b@group-1C6025D5D53B-LeaderElection2] INFO  server.RaftServerConfigKeys (ConfUtils.java:logGet(46)) - raft.server.log.appender.buffer.element-limit = 1 (custom)
2023-07-28 03:22:30,672 [e04aa943-cde2-4456-a19a-42c119af903b@group-1C6025D5D53B-LeaderElection2] INFO  server.RaftServerConfigKeys (ConfUtils.java:logGet(46)) - raft.server.log.appender.wait-time.min = 10ms (default)
2023-07-28 03:22:30,677 [e04aa943-cde2-4456-a19a-42c119af903b@group-1C6025D5D53B-LeaderElection2] INFO  grpc.GrpcConfigKeys (ConfUtils.java:logGet(46)) - raft.grpc.server.leader.outstanding.appends.max = 128 (default)
2023-07-28 03:22:30,677 [e04aa943-cde2-4456-a19a-42c119af903b@group-1C6025D5D53B-LeaderElection2] INFO  server.RaftServerConfigKeys (ConfUtils.java:logGet(46)) - raft.server.rpc.request.timeout = 60s (custom)
2023-07-28 03:22:30,677 [e04aa943-cde2-4456-a19a-42c119af903b@group-1C6025D5D53B-LeaderElection2] INFO  grpc.GrpcConfigKeys (ConfUtils.java:logGet(46)) - raft.grpc.server.install_snapshot.request.element-limit = 8 (default)
2023-07-28 03:22:30,677 [e04aa943-cde2-4456-a19a-42c119af903b@group-1C6025D5D53B-LeaderElection2] INFO  grpc.GrpcConfigKeys (ConfUtils.java:logGet(46)) - raft.grpc.server.install_snapshot.request.timeout = 3000ms (default)
2023-07-28 03:22:30,677 [e04aa943-cde2-4456-a19a-42c119af903b@group-1C6025D5D53B-LeaderElection2] INFO  server.RaftServerConfigKeys (ConfUtils.java:logGet(46)) - raft.server.log.appender.install.snapshot.enabled = false (custom)
2023-07-28 03:22:30,678 [e04aa943-cde2-4456-a19a-42c119af903b@group-1C6025D5D53B-LeaderElection2] INFO  grpc.GrpcConfigKeys (ConfUtils.java:logGet(46)) - raft.grpc.server.heartbeat.channel = true (default)
2023-07-28 03:22:30,679 [e04aa943-cde2-4456-a19a-42c119af903b@group-1C6025D5D53B-LeaderElection2] INFO  server.RaftServerConfigKeys (ConfUtils.java:logGet(46)) - raft.server.log.appender.snapshot.chunk.size.max = 16MB (=16777216) (default)
2023-07-28 03:22:30,680 [e04aa943-cde2-4456-a19a-42c119af903b@group-1C6025D5D53B-LeaderElection2] INFO  server.RaftServerConfigKeys (ConfUtils.java:logGet(46)) - raft.server.log.appender.buffer.byte-limit = 33554432 (custom)
2023-07-28 03:22:30,680 [e04aa943-cde2-4456-a19a-42c119af903b@group-1C6025D5D53B-LeaderElection2] INFO  server.RaftServerConfigKeys (ConfUtils.java:logGet(46)) - raft.server.log.appender.buffer.element-limit = 1 (custom)
2023-07-28 03:22:30,680 [e04aa943-cde2-4456-a19a-42c119af903b@group-1C6025D5D53B-LeaderElection2] INFO  server.RaftServerConfigKeys (ConfUtils.java:logGet(46)) - raft.server.log.appender.wait-time.min = 10ms (default)
2023-07-28 03:22:30,685 [e04aa943-cde2-4456-a19a-42c119af903b@group-1C6025D5D53B-LeaderElection2] INFO  grpc.GrpcConfigKeys (ConfUtils.java:logGet(46)) - raft.grpc.server.leader.outstanding.appends.max = 128 (default)
2023-07-28 03:22:30,685 [e04aa943-cde2-4456-a19a-42c119af903b@group-1C6025D5D53B-LeaderElection2] INFO  server.RaftServerConfigKeys (ConfUtils.java:logGet(46)) - raft.server.rpc.request.timeout = 60s (custom)
2023-07-28 03:22:30,686 [e04aa943-cde2-4456-a19a-42c119af903b@group-1C6025D5D53B-LeaderElection2] INFO  grpc.GrpcConfigKeys (ConfUtils.java:logGet(46)) - raft.grpc.server.install_snapshot.request.element-limit = 8 (default)
2023-07-28 03:22:30,686 [e04aa943-cde2-4456-a19a-42c119af903b@group-1C6025D5D53B-LeaderElection2] INFO  grpc.GrpcConfigKeys (ConfUtils.java:logGet(46)) - raft.grpc.server.install_snapshot.request.timeout = 3000ms (default)
2023-07-28 03:22:30,686 [e04aa943-cde2-4456-a19a-42c119af903b@group-1C6025D5D53B-LeaderElection2] INFO  server.RaftServerConfigKeys (ConfUtils.java:logGet(46)) - raft.server.log.appender.install.snapshot.enabled = false (custom)
2023-07-28 03:22:30,686 [e04aa943-cde2-4456-a19a-42c119af903b@group-1C6025D5D53B-LeaderElection2] INFO  grpc.GrpcConfigKeys (ConfUtils.java:logGet(46)) - raft.grpc.server.heartbeat.channel = true (default)
2023-07-28 03:22:30,686 [e04aa943-cde2-4456-a19a-42c119af903b@group-1C6025D5D53B-LeaderElection2] INFO  impl.RoleInfo (RoleInfo.java:updateAndGet(139)) - e04aa943-cde2-4456-a19a-42c119af903b: start e04aa943-cde2-4456-a19a-42c119af903b@group-1C6025D5D53B-LeaderStateImpl
2023-07-28 03:22:30,687 [e04aa943-cde2-4456-a19a-42c119af903b@group-1C6025D5D53B-LeaderElection2] INFO  segmented.SegmentedRaftLogWorker (SegmentedRaftLogWorker.java:startLogSegment(447)) - e04aa943-cde2-4456-a19a-42c119af903b@group-1C6025D5D53B-SegmentedRaftLogWorker: Starting segment from index:0
2023-07-28 03:22:30,691 [e04aa943-cde2-4456-a19a-42c119af903b@group-1C6025D5D53B-SegmentedRaftLogWorker] INFO  segmented.SegmentedRaftLogWorker (SegmentedRaftLogWorker.java:execute(651)) - e04aa943-cde2-4456-a19a-42c119af903b@group-1C6025D5D53B-SegmentedRaftLogWorker: created new log segment /home/runner/work/ozone/ozone/hadoop-ozone/integration-test/target/test-dir/MiniOzoneClusterImpl-5d941c1b-c8eb-4358-ab64-bf73cd3544cf/datanode-0/data/ratis/3f6201dd-4cb5-4189-b630-1c6025d5d53b/current/log_inprogress_0
2023-07-28 03:22:30,693 [e04aa943-cde2-4456-a19a-42c119af903b@group-B3CBEDCBCAE8-LeaderElection3] INFO  impl.LeaderElection (LeaderElection.java:askForVotes(321)) - e04aa943-cde2-4456-a19a-42c119af903b@group-B3CBEDCBCAE8-LeaderElection3 PRE_VOTE round 0: submit vote requests at term 0 for -1: peers:[e04aa943-cde2-4456-a19a-42c119af903b|rpc:10.1.0.5:15014|admin:10.1.0.5:15013|client:10.1.0.5:15012|dataStream:10.1.0.5:15015|priority:1|startupRole:FOLLOWER]|listeners:[], old=null
2023-07-28 03:22:30,694 [e04aa943-cde2-4456-a19a-42c119af903b@group-B3CBEDCBCAE8-LeaderElection3] INFO  impl.LeaderElection (LeaderElection.java:askForVotes(323)) - e04aa943-cde2-4456-a19a-42c119af903b@group-B3CBEDCBCAE8-LeaderElection3 PRE_VOTE round 0: result PASSED (term=0)
2023-07-28 03:22:30,696 [e04aa943-cde2-4456-a19a-42c119af903b@group-1C6025D5D53B-LeaderElection2] INFO  server.RaftServer$Division (ServerState.java:setRaftConf(434)) - e04aa943-cde2-4456-a19a-42c119af903b@group-1C6025D5D53B: set configuration 0: peers:[2b789b44-0f91-485a-b48f-c9199eaf29b8|rpc:10.1.0.5:15023|admin:10.1.0.5:15022|client:10.1.0.5:15021|dataStream:10.1.0.5:15024|priority:0|startupRole:FOLLOWER, f4ca73dd-6b78-4056-9520-157df6408f3a|rpc:10.1.0.5:15032|admin:10.1.0.5:15031|client:10.1.0.5:15030|dataStream:10.1.0.5:15033|priority:0|startupRole:FOLLOWER, e04aa943-cde2-4456-a19a-42c119af903b|rpc:10.1.0.5:15014|admin:10.1.0.5:15013|client:10.1.0.5:15012|dataStream:10.1.0.5:15015|priority:1|startupRole:FOLLOWER]|listeners:[], old=null
2023-07-28 03:22:30,697 [e04aa943-cde2-4456-a19a-42c119af903b@group-B3CBEDCBCAE8-LeaderElection3] INFO  impl.LeaderElection (LeaderElection.java:askForVotes(321)) - e04aa943-cde2-4456-a19a-42c119af903b@group-B3CBEDCBCAE8-LeaderElection3 ELECTION round 0: submit vote requests at term 1 for -1: peers:[e04aa943-cde2-4456-a19a-42c119af903b|rpc:10.1.0.5:15014|admin:10.1.0.5:15013|client:10.1.0.5:15012|dataStream:10.1.0.5:15015|priority:1|startupRole:FOLLOWER]|listeners:[], old=null
2023-07-28 03:22:30,697 [e04aa943-cde2-4456-a19a-42c119af903b@group-B3CBEDCBCAE8-LeaderElection3] INFO  impl.LeaderElection (LeaderElection.java:askForVotes(323)) - e04aa943-cde2-4456-a19a-42c119af903b@group-B3CBEDCBCAE8-LeaderElection3 ELECTION round 0: result PASSED (term=1)
2023-07-28 03:22:30,697 [e04aa943-cde2-4456-a19a-42c119af903b@group-B3CBEDCBCAE8-LeaderElection3] INFO  impl.RoleInfo (RoleInfo.java:shutdownLeaderElection(130)) - e04aa943-cde2-4456-a19a-42c119af903b: shutdown e04aa943-cde2-4456-a19a-42c119af903b@group-B3CBEDCBCAE8-LeaderElection3
2023-07-28 03:22:30,697 [e04aa943-cde2-4456-a19a-42c119af903b@group-B3CBEDCBCAE8-LeaderElection3] INFO  server.RaftServer$Division (RaftServerImpl.java:setRole(329)) - e04aa943-cde2-4456-a19a-42c119af903b@group-B3CBEDCBCAE8: changes role from CANDIDATE to LEADER at term 1 for changeToLeader
2023-07-28 03:22:30,697 [e04aa943-cde2-4456-a19a-42c119af903b@group-B3CBEDCBCAE8-LeaderElection3] INFO  ratis.XceiverServerRatis (XceiverServerRatis.java:handleLeaderChangedNotification(902)) - Leader change notification received for group: group-B3CBEDCBCAE8 with new leaderId: e04aa943-cde2-4456-a19a-42c119af903b
2023-07-28 03:22:30,697 [e04aa943-cde2-4456-a19a-42c119af903b@group-B3CBEDCBCAE8-LeaderElection3] INFO  server.RaftServer$Division (ServerState.java:setLeader(317)) - e04aa943-cde2-4456-a19a-42c119af903b@group-B3CBEDCBCAE8: change Leader from null to e04aa943-cde2-4456-a19a-42c119af903b at term 1 for becomeLeader, leader elected after 5211ms
2023-07-28 03:22:30,697 [e04aa943-cde2-4456-a19a-42c119af903b@group-B3CBEDCBCAE8-LeaderElection3] INFO  server.RaftServerConfigKeys (ConfUtils.java:logGet(46)) - raft.server.staging.catchup.gap = 1000 (default)
2023-07-28 03:22:30,698 [e04aa943-cde2-4456-a19a-42c119af903b@group-B3CBEDCBCAE8-LeaderElection3] INFO  server.RaftServerConfigKeys (ConfUtils.java:logGet(46)) - raft.server.write.element-limit = 1024 (custom)
2023-07-28 03:22:30,698 [e04aa943-cde2-4456-a19a-42c119af903b@group-B3CBEDCBCAE8-LeaderElection3] INFO  server.RaftServerConfigKeys (ConfUtils.java:logGet(46)) - raft.server.write.byte-limit = 1024 M (=1073741824) (custom)
2023-07-28 03:22:30,698 [e04aa943-cde2-4456-a19a-42c119af903b@group-B3CBEDCBCAE8-LeaderElection3] INFO  server.RaftServerConfigKeys (ConfUtils.java:logGet(46)) - raft.server.watch.timeout = 180s (custom)
2023-07-28 03:22:30,698 [e04aa943-cde2-4456-a19a-42c119af903b@group-B3CBEDCBCAE8-LeaderElection3] INFO  server.RaftServerConfigKeys (ConfUtils.java:logGet(46)) - raft.server.watch.timeout.denomination = 1s (default)
2023-07-28 03:22:30,699 [e04aa943-cde2-4456-a19a-42c119af903b@group-B3CBEDCBCAE8-LeaderElection3] INFO  server.RaftServerConfigKeys (ConfUtils.java:logGet(46)) - raft.server.watch.element-limit = 65536 (default)
2023-07-28 03:22:30,699 [e04aa943-cde2-4456-a19a-42c119af903b@group-B3CBEDCBCAE8-LeaderElection3] INFO  server.RaftServerConfigKeys (ConfUtils.java:logGet(46)) - raft.server.write.element-limit = 1024 (custom)
2023-07-28 03:22:30,699 [e04aa943-cde2-4456-a19a-42c119af903b@group-B3CBEDCBCAE8-LeaderElection3] INFO  server.RaftServerConfigKeys (ConfUtils.java:logGet(46)) - raft.server.write.follower.gap.ratio.max = -1.0 (default)
2023-07-28 03:22:30,699 [e04aa943-cde2-4456-a19a-42c119af903b@group-B3CBEDCBCAE8-LeaderElection3] INFO  impl.RoleInfo (RoleInfo.java:updateAndGet(139)) - e04aa943-cde2-4456-a19a-42c119af903b: start e04aa943-cde2-4456-a19a-42c119af903b@group-B3CBEDCBCAE8-LeaderStateImpl
2023-07-28 03:22:30,699 [e04aa943-cde2-4456-a19a-42c119af903b@group-B3CBEDCBCAE8-LeaderElection3] INFO  segmented.SegmentedRaftLogWorker (SegmentedRaftLogWorker.java:startLogSegment(447)) - e04aa943-cde2-4456-a19a-42c119af903b@group-B3CBEDCBCAE8-SegmentedRaftLogWorker: Starting segment from index:0
2023-07-28 03:22:30,701 [e04aa943-cde2-4456-a19a-42c119af903b@group-B3CBEDCBCAE8-SegmentedRaftLogWorker] INFO  segmented.SegmentedRaftLogWorker (SegmentedRaftLogWorker.java:execute(651)) - e04aa943-cde2-4456-a19a-42c119af903b@group-B3CBEDCBCAE8-SegmentedRaftLogWorker: created new log segment /home/runner/work/ozone/ozone/hadoop-ozone/integration-test/target/test-dir/MiniOzoneClusterImpl-5d941c1b-c8eb-4358-ab64-bf73cd3544cf/datanode-0/data/ratis/53509e73-10a2-4499-912c-b3cbedcbcae8/current/log_inprogress_0
2023-07-28 03:22:30,709 [e04aa943-cde2-4456-a19a-42c119af903b@group-B3CBEDCBCAE8-LeaderElection3] INFO  server.RaftServer$Division (ServerState.java:setRaftConf(434)) - e04aa943-cde2-4456-a19a-42c119af903b@group-B3CBEDCBCAE8: set configuration 0: peers:[e04aa943-cde2-4456-a19a-42c119af903b|rpc:10.1.0.5:15014|admin:10.1.0.5:15013|client:10.1.0.5:15012|dataStream:10.1.0.5:15015|priority:1|startupRole:FOLLOWER]|listeners:[], old=null
2023-07-28 03:22:30,750 [f4ca73dd-6b78-4056-9520-157df6408f3a-server-thread1] INFO  ratis.XceiverServerRatis (XceiverServerRatis.java:handleLeaderChangedNotification(902)) - Leader change notification received for group: group-1C6025D5D53B with new leaderId: e04aa943-cde2-4456-a19a-42c119af903b
2023-07-28 03:22:30,750 [f4ca73dd-6b78-4056-9520-157df6408f3a-server-thread1] INFO  server.RaftServer$Division (ServerState.java:setLeader(317)) - f4ca73dd-6b78-4056-9520-157df6408f3a@group-1C6025D5D53B: change Leader from null to e04aa943-cde2-4456-a19a-42c119af903b at term 1 for appendEntries, leader elected after 4841ms
2023-07-28 03:22:30,755 [2b789b44-0f91-485a-b48f-c9199eaf29b8-server-thread1] INFO  ratis.XceiverServerRatis (XceiverServerRatis.java:handleLeaderChangedNotification(902)) - Leader change notification received for group: group-1C6025D5D53B with new leaderId: e04aa943-cde2-4456-a19a-42c119af903b
2023-07-28 03:22:30,755 [2b789b44-0f91-485a-b48f-c9199eaf29b8-server-thread1] INFO  server.RaftServer$Division (ServerState.java:setLeader(317)) - 2b789b44-0f91-485a-b48f-c9199eaf29b8@group-1C6025D5D53B: change Leader from null to e04aa943-cde2-4456-a19a-42c119af903b at term 1 for appendEntries, leader elected after 4734ms
2023-07-28 03:22:30,761 [f4ca73dd-6b78-4056-9520-157df6408f3a-server-thread2] INFO  server.RaftServer$Division (ServerState.java:setRaftConf(434)) - f4ca73dd-6b78-4056-9520-157df6408f3a@group-1C6025D5D53B: set configuration 0: peers:[2b789b44-0f91-485a-b48f-c9199eaf29b8|rpc:10.1.0.5:15023|admin:10.1.0.5:15022|client:10.1.0.5:15021|dataStream:10.1.0.5:15024|priority:0|startupRole:FOLLOWER, f4ca73dd-6b78-4056-9520-157df6408f3a|rpc:10.1.0.5:15032|admin:10.1.0.5:15031|client:10.1.0.5:15030|dataStream:10.1.0.5:15033|priority:0|startupRole:FOLLOWER, e04aa943-cde2-4456-a19a-42c119af903b|rpc:10.1.0.5:15014|admin:10.1.0.5:15013|client:10.1.0.5:15012|dataStream:10.1.0.5:15015|priority:1|startupRole:FOLLOWER]|listeners:[], old=null
2023-07-28 03:22:30,761 [f4ca73dd-6b78-4056-9520-157df6408f3a-server-thread2] INFO  segmented.SegmentedRaftLogWorker (SegmentedRaftLogWorker.java:startLogSegment(447)) - f4ca73dd-6b78-4056-9520-157df6408f3a@group-1C6025D5D53B-SegmentedRaftLogWorker: Starting segment from index:0
2023-07-28 03:22:30,764 [2b789b44-0f91-485a-b48f-c9199eaf29b8-server-thread2] INFO  server.RaftServer$Division (ServerState.java:setRaftConf(434)) - 2b789b44-0f91-485a-b48f-c9199eaf29b8@group-1C6025D5D53B: set configuration 0: peers:[2b789b44-0f91-485a-b48f-c9199eaf29b8|rpc:10.1.0.5:15023|admin:10.1.0.5:15022|client:10.1.0.5:15021|dataStream:10.1.0.5:15024|priority:0|startupRole:FOLLOWER, f4ca73dd-6b78-4056-9520-157df6408f3a|rpc:10.1.0.5:15032|admin:10.1.0.5:15031|client:10.1.0.5:15030|dataStream:10.1.0.5:15033|priority:0|startupRole:FOLLOWER, e04aa943-cde2-4456-a19a-42c119af903b|rpc:10.1.0.5:15014|admin:10.1.0.5:15013|client:10.1.0.5:15012|dataStream:10.1.0.5:15015|priority:1|startupRole:FOLLOWER]|listeners:[], old=null
2023-07-28 03:22:30,765 [2b789b44-0f91-485a-b48f-c9199eaf29b8-server-thread2] INFO  segmented.SegmentedRaftLogWorker (SegmentedRaftLogWorker.java:startLogSegment(447)) - 2b789b44-0f91-485a-b48f-c9199eaf29b8@group-1C6025D5D53B-SegmentedRaftLogWorker: Starting segment from index:0
2023-07-28 03:22:30,765 [f4ca73dd-6b78-4056-9520-157df6408f3a@group-1C6025D5D53B-SegmentedRaftLogWorker] INFO  segmented.SegmentedRaftLogWorker (SegmentedRaftLogWorker.java:execute(651)) - f4ca73dd-6b78-4056-9520-157df6408f3a@group-1C6025D5D53B-SegmentedRaftLogWorker: created new log segment /home/runner/work/ozone/ozone/hadoop-ozone/integration-test/target/test-dir/MiniOzoneClusterImpl-5d941c1b-c8eb-4358-ab64-bf73cd3544cf/datanode-2/data/ratis/3f6201dd-4cb5-4189-b630-1c6025d5d53b/current/log_inprogress_0
2023-07-28 03:22:30,767 [2b789b44-0f91-485a-b48f-c9199eaf29b8@group-1C6025D5D53B-SegmentedRaftLogWorker] INFO  segmented.SegmentedRaftLogWorker (SegmentedRaftLogWorker.java:execute(651)) - 2b789b44-0f91-485a-b48f-c9199eaf29b8@group-1C6025D5D53B-SegmentedRaftLogWorker: created new log segment /home/runner/work/ozone/ozone/hadoop-ozone/integration-test/target/test-dir/MiniOzoneClusterImpl-5d941c1b-c8eb-4358-ab64-bf73cd3544cf/datanode-1/data/ratis/3f6201dd-4cb5-4189-b630-1c6025d5d53b/current/log_inprogress_0
2023-07-28 03:22:31,138 [2b789b44-0f91-485a-b48f-c9199eaf29b8@group-965240A2CA3E-FollowerState] INFO  impl.FollowerState (FollowerState.java:run(143)) - 2b789b44-0f91-485a-b48f-c9199eaf29b8@group-965240A2CA3E-FollowerState: change to CANDIDATE, lastRpcElapsedTime:5126102509ns, electionTimeout:5122ms
2023-07-28 03:22:31,138 [2b789b44-0f91-485a-b48f-c9199eaf29b8@group-965240A2CA3E-FollowerState] INFO  impl.RoleInfo (RoleInfo.java:shutdownFollowerState(110)) - 2b789b44-0f91-485a-b48f-c9199eaf29b8: shutdown 2b789b44-0f91-485a-b48f-c9199eaf29b8@group-965240A2CA3E-FollowerState
2023-07-28 03:22:31,138 [2b789b44-0f91-485a-b48f-c9199eaf29b8@group-965240A2CA3E-FollowerState] INFO  server.RaftServer$Division (RaftServerImpl.java:setRole(329)) - 2b789b44-0f91-485a-b48f-c9199eaf29b8@group-965240A2CA3E: changes role from  FOLLOWER to CANDIDATE at term 0 for changeToCandidate
2023-07-28 03:22:31,138 [2b789b44-0f91-485a-b48f-c9199eaf29b8@group-965240A2CA3E-FollowerState] INFO  server.RaftServerConfigKeys (ConfUtils.java:logGet(46)) - raft.server.leaderelection.pre-vote = true (default)
2023-07-28 03:22:31,138 [2b789b44-0f91-485a-b48f-c9199eaf29b8@group-965240A2CA3E-FollowerState] INFO  impl.RoleInfo (RoleInfo.java:updateAndGet(139)) - 2b789b44-0f91-485a-b48f-c9199eaf29b8: start 2b789b44-0f91-485a-b48f-c9199eaf29b8@group-965240A2CA3E-LeaderElection4
2023-07-28 03:22:31,142 [2b789b44-0f91-485a-b48f-c9199eaf29b8@group-965240A2CA3E-LeaderElection4] INFO  impl.LeaderElection (LeaderElection.java:askForVotes(321)) - 2b789b44-0f91-485a-b48f-c9199eaf29b8@group-965240A2CA3E-LeaderElection4 PRE_VOTE round 0: submit vote requests at term 0 for -1: peers:[2b789b44-0f91-485a-b48f-c9199eaf29b8|rpc:10.1.0.5:15023|admin:10.1.0.5:15022|client:10.1.0.5:15021|dataStream:10.1.0.5:15024|priority:1|startupRole:FOLLOWER]|listeners:[], old=null
2023-07-28 03:22:31,143 [2b789b44-0f91-485a-b48f-c9199eaf29b8@group-965240A2CA3E-LeaderElection4] INFO  impl.LeaderElection (LeaderElection.java:askForVotes(323)) - 2b789b44-0f91-485a-b48f-c9199eaf29b8@group-965240A2CA3E-LeaderElection4 PRE_VOTE round 0: result PASSED (term=0)
2023-07-28 03:22:31,144 [2b789b44-0f91-485a-b48f-c9199eaf29b8@group-965240A2CA3E-LeaderElection4] INFO  impl.LeaderElection (LeaderElection.java:askForVotes(321)) - 2b789b44-0f91-485a-b48f-c9199eaf29b8@group-965240A2CA3E-LeaderElection4 ELECTION round 0: submit vote requests at term 1 for -1: peers:[2b789b44-0f91-485a-b48f-c9199eaf29b8|rpc:10.1.0.5:15023|admin:10.1.0.5:15022|client:10.1.0.5:15021|dataStream:10.1.0.5:15024|priority:1|startupRole:FOLLOWER]|listeners:[], old=null
2023-07-28 03:22:31,144 [2b789b44-0f91-485a-b48f-c9199eaf29b8@group-965240A2CA3E-LeaderElection4] INFO  impl.LeaderElection (LeaderElection.java:askForVotes(323)) - 2b789b44-0f91-485a-b48f-c9199eaf29b8@group-965240A2CA3E-LeaderElection4 ELECTION round 0: result PASSED (term=1)
2023-07-28 03:22:31,144 [2b789b44-0f91-485a-b48f-c9199eaf29b8@group-965240A2CA3E-LeaderElection4] INFO  impl.RoleInfo (RoleInfo.java:shutdownLeaderElection(130)) - 2b789b44-0f91-485a-b48f-c9199eaf29b8: shutdown 2b789b44-0f91-485a-b48f-c9199eaf29b8@group-965240A2CA3E-LeaderElection4
2023-07-28 03:22:31,144 [2b789b44-0f91-485a-b48f-c9199eaf29b8@group-965240A2CA3E-LeaderElection4] INFO  server.RaftServer$Division (RaftServerImpl.java:setRole(329)) - 2b789b44-0f91-485a-b48f-c9199eaf29b8@group-965240A2CA3E: changes role from CANDIDATE to LEADER at term 1 for changeToLeader
2023-07-28 03:22:31,144 [2b789b44-0f91-485a-b48f-c9199eaf29b8@group-965240A2CA3E-LeaderElection4] INFO  ratis.XceiverServerRatis (XceiverServerRatis.java:handleLeaderChangedNotification(902)) - Leader change notification received for group: group-965240A2CA3E with new leaderId: 2b789b44-0f91-485a-b48f-c9199eaf29b8
2023-07-28 03:22:31,144 [2b789b44-0f91-485a-b48f-c9199eaf29b8@group-965240A2CA3E-LeaderElection4] INFO  server.RaftServer$Division (ServerState.java:setLeader(317)) - 2b789b44-0f91-485a-b48f-c9199eaf29b8@group-965240A2CA3E: change Leader from null to 2b789b44-0f91-485a-b48f-c9199eaf29b8 at term 1 for becomeLeader, leader elected after 5160ms
2023-07-28 03:22:31,144 [2b789b44-0f91-485a-b48f-c9199eaf29b8@group-965240A2CA3E-LeaderElection4] INFO  server.RaftServerConfigKeys (ConfUtils.java:logGet(46)) - raft.server.staging.catchup.gap = 1000 (default)
2023-07-28 03:22:31,148 [2b789b44-0f91-485a-b48f-c9199eaf29b8@group-965240A2CA3E-LeaderElection4] INFO  server.RaftServerConfigKeys (ConfUtils.java:logGet(46)) - raft.server.write.element-limit = 1024 (custom)
2023-07-28 03:22:31,148 [2b789b44-0f91-485a-b48f-c9199eaf29b8@group-965240A2CA3E-LeaderElection4] INFO  server.RaftServerConfigKeys (ConfUtils.java:logGet(46)) - raft.server.write.byte-limit = 1024 M (=1073741824) (custom)
2023-07-28 03:22:31,148 [2b789b44-0f91-485a-b48f-c9199eaf29b8@group-965240A2CA3E-LeaderElection4] INFO  server.RaftServerConfigKeys (ConfUtils.java:logGet(46)) - raft.server.watch.timeout = 180s (custom)
2023-07-28 03:22:31,148 [2b789b44-0f91-485a-b48f-c9199eaf29b8@group-965240A2CA3E-LeaderElection4] INFO  server.RaftServerConfigKeys (ConfUtils.java:logGet(46)) - raft.server.watch.timeout.denomination = 1s (default)
2023-07-28 03:22:31,148 [2b789b44-0f91-485a-b48f-c9199eaf29b8@group-965240A2CA3E-LeaderElection4] INFO  server.RaftServerConfigKeys (ConfUtils.java:logGet(46)) - raft.server.watch.element-limit = 65536 (default)
2023-07-28 03:22:31,148 [2b789b44-0f91-485a-b48f-c9199eaf29b8@group-965240A2CA3E-LeaderElection4] INFO  server.RaftServerConfigKeys (ConfUtils.java:logGet(46)) - raft.server.write.element-limit = 1024 (custom)
2023-07-28 03:22:31,149 [2b789b44-0f91-485a-b48f-c9199eaf29b8@group-965240A2CA3E-LeaderElection4] INFO  server.RaftServerConfigKeys (ConfUtils.java:logGet(46)) - raft.server.write.follower.gap.ratio.max = -1.0 (default)
2023-07-28 03:22:31,149 [2b789b44-0f91-485a-b48f-c9199eaf29b8@group-965240A2CA3E-LeaderElection4] INFO  impl.RoleInfo (RoleInfo.java:updateAndGet(139)) - 2b789b44-0f91-485a-b48f-c9199eaf29b8: start 2b789b44-0f91-485a-b48f-c9199eaf29b8@group-965240A2CA3E-LeaderStateImpl
2023-07-28 03:22:31,149 [2b789b44-0f91-485a-b48f-c9199eaf29b8@group-965240A2CA3E-LeaderElection4] INFO  segmented.SegmentedRaftLogWorker (SegmentedRaftLogWorker.java:startLogSegment(447)) - 2b789b44-0f91-485a-b48f-c9199eaf29b8@group-965240A2CA3E-SegmentedRaftLogWorker: Starting segment from index:0
2023-07-28 03:22:31,154 [2b789b44-0f91-485a-b48f-c9199eaf29b8@group-965240A2CA3E-LeaderElection4] INFO  server.RaftServer$Division (ServerState.java:setRaftConf(434)) - 2b789b44-0f91-485a-b48f-c9199eaf29b8@group-965240A2CA3E: set configuration 0: peers:[2b789b44-0f91-485a-b48f-c9199eaf29b8|rpc:10.1.0.5:15023|admin:10.1.0.5:15022|client:10.1.0.5:15021|dataStream:10.1.0.5:15024|priority:1|startupRole:FOLLOWER]|listeners:[], old=null
2023-07-28 03:22:31,154 [2b789b44-0f91-485a-b48f-c9199eaf29b8@group-965240A2CA3E-SegmentedRaftLogWorker] INFO  segmented.SegmentedRaftLogWorker (SegmentedRaftLogWorker.java:execute(651)) - 2b789b44-0f91-485a-b48f-c9199eaf29b8@group-965240A2CA3E-SegmentedRaftLogWorker: created new log segment /home/runner/work/ozone/ozone/hadoop-ozone/integration-test/target/test-dir/MiniOzoneClusterImpl-5d941c1b-c8eb-4358-ab64-bf73cd3544cf/datanode-1/data/ratis/9f4b865f-49a1-4e1c-95e1-965240a2ca3e/current/log_inprogress_0
2023-07-28 03:22:31,276 [e04aa943-cde2-4456-a19a-42c119af903b@group-47480EAAFCFC-FollowerState] INFO  impl.FollowerState (FollowerState.java:run(143)) - e04aa943-cde2-4456-a19a-42c119af903b@group-47480EAAFCFC-FollowerState: change to CANDIDATE, lastRpcElapsedTime:5117173147ns, electionTimeout:5106ms
2023-07-28 03:22:31,276 [e04aa943-cde2-4456-a19a-42c119af903b@group-47480EAAFCFC-FollowerState] INFO  impl.RoleInfo (RoleInfo.java:shutdownFollowerState(110)) - e04aa943-cde2-4456-a19a-42c119af903b: shutdown e04aa943-cde2-4456-a19a-42c119af903b@group-47480EAAFCFC-FollowerState
2023-07-28 03:22:31,276 [e04aa943-cde2-4456-a19a-42c119af903b@group-47480EAAFCFC-FollowerState] INFO  server.RaftServer$Division (RaftServerImpl.java:setRole(329)) - e04aa943-cde2-4456-a19a-42c119af903b@group-47480EAAFCFC: changes role from  FOLLOWER to CANDIDATE at term 0 for changeToCandidate
2023-07-28 03:22:31,276 [e04aa943-cde2-4456-a19a-42c119af903b@group-47480EAAFCFC-FollowerState] INFO  server.RaftServerConfigKeys (ConfUtils.java:logGet(46)) - raft.server.leaderelection.pre-vote = true (default)
2023-07-28 03:22:31,277 [e04aa943-cde2-4456-a19a-42c119af903b@group-47480EAAFCFC-FollowerState] INFO  impl.RoleInfo (RoleInfo.java:updateAndGet(139)) - e04aa943-cde2-4456-a19a-42c119af903b: start e04aa943-cde2-4456-a19a-42c119af903b@group-47480EAAFCFC-LeaderElection5
2023-07-28 03:22:31,279 [e04aa943-cde2-4456-a19a-42c119af903b@group-47480EAAFCFC-LeaderElection5] INFO  impl.LeaderElection (LeaderElection.java:askForVotes(321)) - e04aa943-cde2-4456-a19a-42c119af903b@group-47480EAAFCFC-LeaderElection5 PRE_VOTE round 0: submit vote requests at term 0 for -1: peers:[2b789b44-0f91-485a-b48f-c9199eaf29b8|rpc:10.1.0.5:15023|admin:10.1.0.5:15022|client:10.1.0.5:15021|dataStream:10.1.0.5:15024|priority:1|startupRole:FOLLOWER, f4ca73dd-6b78-4056-9520-157df6408f3a|rpc:10.1.0.5:15032|admin:10.1.0.5:15031|client:10.1.0.5:15030|dataStream:10.1.0.5:15033|priority:0|startupRole:FOLLOWER, e04aa943-cde2-4456-a19a-42c119af903b|rpc:10.1.0.5:15014|admin:10.1.0.5:15013|client:10.1.0.5:15012|dataStream:10.1.0.5:15015|priority:0|startupRole:FOLLOWER]|listeners:[], old=null
2023-07-28 03:22:31,281 [e04aa943-cde2-4456-a19a-42c119af903b@group-47480EAAFCFC-LeaderElection5] INFO  server.RaftServerConfigKeys (ConfUtils.java:logFallback(53)) - raft.server.rpc.first-election.timeout.min = 5s (fallback to raft.server.rpc.timeout.min)
2023-07-28 03:22:31,281 [e04aa943-cde2-4456-a19a-42c119af903b@group-47480EAAFCFC-LeaderElection5] INFO  server.RaftServerConfigKeys (ConfUtils.java:logFallback(53)) - raft.server.rpc.first-election.timeout.max = 5200ms (fallback to raft.server.rpc.timeout.max)
2023-07-28 03:22:31,286 [grpc-default-executor-3] INFO  server.RaftServer$Division (RaftServerImpl.java:requestVote(1302)) - f4ca73dd-6b78-4056-9520-157df6408f3a@group-47480EAAFCFC: receive requestVote(PRE_VOTE, e04aa943-cde2-4456-a19a-42c119af903b, group-47480EAAFCFC, 0, (t:0, i:0))
2023-07-28 03:22:31,287 [grpc-default-executor-3] INFO  impl.VoteContext (VoteContext.java:log(49)) - f4ca73dd-6b78-4056-9520-157df6408f3a@group-47480EAAFCFC-FOLLOWER: accept PRE_VOTE from e04aa943-cde2-4456-a19a-42c119af903b: our priority 0 <= candidate's priority 0
2023-07-28 03:22:31,288 [grpc-default-executor-3] INFO  server.RaftServer$Division (RaftServerImpl.java:requestVote(1335)) - f4ca73dd-6b78-4056-9520-157df6408f3a@group-47480EAAFCFC replies to PRE_VOTE vote request: e04aa943-cde2-4456-a19a-42c119af903b<-f4ca73dd-6b78-4056-9520-157df6408f3a#0:OK-t0. Peer's state: f4ca73dd-6b78-4056-9520-157df6408f3a@group-47480EAAFCFC:t0, leader=null, voted=, raftlog=Memoized:f4ca73dd-6b78-4056-9520-157df6408f3a@group-47480EAAFCFC-SegmentedRaftLog:OPENED:c-1, conf=-1: peers:[2b789b44-0f91-485a-b48f-c9199eaf29b8|rpc:10.1.0.5:15023|admin:10.1.0.5:15022|client:10.1.0.5:15021|dataStream:10.1.0.5:15024|priority:1|startupRole:FOLLOWER, f4ca73dd-6b78-4056-9520-157df6408f3a|rpc:10.1.0.5:15032|admin:10.1.0.5:15031|client:10.1.0.5:15030|dataStream:10.1.0.5:15033|priority:0|startupRole:FOLLOWER, e04aa943-cde2-4456-a19a-42c119af903b|rpc:10.1.0.5:15014|admin:10.1.0.5:15013|client:10.1.0.5:15012|dataStream:10.1.0.5:15015|priority:0|startupRole:FOLLOWER]|listeners:[], old=null
2023-07-28 03:22:31,289 [grpc-default-executor-0] INFO  server.RaftServer$Division (RaftServerImpl.java:requestVote(1302)) - 2b789b44-0f91-485a-b48f-c9199eaf29b8@group-47480EAAFCFC: receive requestVote(PRE_VOTE, e04aa943-cde2-4456-a19a-42c119af903b, group-47480EAAFCFC, 0, (t:0, i:0))
2023-07-28 03:22:31,289 [grpc-default-executor-0] INFO  impl.VoteContext (VoteContext.java:log(49)) - 2b789b44-0f91-485a-b48f-c9199eaf29b8@group-47480EAAFCFC-FOLLOWER: reject PRE_VOTE from e04aa943-cde2-4456-a19a-42c119af903b: our priority 1 > candidate's priority 0
2023-07-28 03:22:31,289 [grpc-default-executor-0] INFO  server.RaftServer$Division (RaftServerImpl.java:requestVote(1335)) - 2b789b44-0f91-485a-b48f-c9199eaf29b8@group-47480EAAFCFC replies to PRE_VOTE vote request: e04aa943-cde2-4456-a19a-42c119af903b<-2b789b44-0f91-485a-b48f-c9199eaf29b8#0:FAIL-t0. Peer's state: 2b789b44-0f91-485a-b48f-c9199eaf29b8@group-47480EAAFCFC:t0, leader=null, voted=, raftlog=Memoized:2b789b44-0f91-485a-b48f-c9199eaf29b8@group-47480EAAFCFC-SegmentedRaftLog:OPENED:c-1, conf=-1: peers:[2b789b44-0f91-485a-b48f-c9199eaf29b8|rpc:10.1.0.5:15023|admin:10.1.0.5:15022|client:10.1.0.5:15021|dataStream:10.1.0.5:15024|priority:1|startupRole:FOLLOWER, f4ca73dd-6b78-4056-9520-157df6408f3a|rpc:10.1.0.5:15032|admin:10.1.0.5:15031|client:10.1.0.5:15030|dataStream:10.1.0.5:15033|priority:0|startupRole:FOLLOWER, e04aa943-cde2-4456-a19a-42c119af903b|rpc:10.1.0.5:15014|admin:10.1.0.5:15013|client:10.1.0.5:15012|dataStream:10.1.0.5:15015|priority:0|startupRole:FOLLOWER]|listeners:[], old=null
2023-07-28 03:22:31,291 [e04aa943-cde2-4456-a19a-42c119af903b@group-47480EAAFCFC-LeaderElection5] INFO  impl.LeaderElection (LeaderElection.java:logAndReturn(90)) - e04aa943-cde2-4456-a19a-42c119af903b@group-47480EAAFCFC-LeaderElection5: PRE_VOTE REJECTED received 2 response(s) and 0 exception(s):
2023-07-28 03:22:31,291 [e04aa943-cde2-4456-a19a-42c119af903b@group-47480EAAFCFC-LeaderElection5] INFO  impl.LeaderElection (LeaderElection.java:logAndReturn(94)) -   Response 0: e04aa943-cde2-4456-a19a-42c119af903b<-2b789b44-0f91-485a-b48f-c9199eaf29b8#0:FAIL-t0
2023-07-28 03:22:31,291 [e04aa943-cde2-4456-a19a-42c119af903b@group-47480EAAFCFC-LeaderElection5] INFO  impl.LeaderElection (LeaderElection.java:logAndReturn(94)) -   Response 1: e04aa943-cde2-4456-a19a-42c119af903b<-f4ca73dd-6b78-4056-9520-157df6408f3a#0:OK-t0
2023-07-28 03:22:31,291 [e04aa943-cde2-4456-a19a-42c119af903b@group-47480EAAFCFC-LeaderElection5] INFO  impl.LeaderElection (LeaderElection.java:askForVotes(323)) - e04aa943-cde2-4456-a19a-42c119af903b@group-47480EAAFCFC-LeaderElection5 PRE_VOTE round 0: result REJECTED
2023-07-28 03:22:31,292 [e04aa943-cde2-4456-a19a-42c119af903b@group-47480EAAFCFC-LeaderElection5] INFO  server.RaftServer$Division (RaftServerImpl.java:setRole(329)) - e04aa943-cde2-4456-a19a-42c119af903b@group-47480EAAFCFC: changes role from CANDIDATE to FOLLOWER at term 0 for REJECTED
2023-07-28 03:22:31,292 [e04aa943-cde2-4456-a19a-42c119af903b@group-47480EAAFCFC-LeaderElection5] INFO  impl.RoleInfo (RoleInfo.java:shutdownLeaderElection(130)) - e04aa943-cde2-4456-a19a-42c119af903b: shutdown e04aa943-cde2-4456-a19a-42c119af903b@group-47480EAAFCFC-LeaderElection5
2023-07-28 03:22:31,292 [e04aa943-cde2-4456-a19a-42c119af903b@group-47480EAAFCFC-LeaderElection5] INFO  impl.RoleInfo (RoleInfo.java:updateAndGet(139)) - e04aa943-cde2-4456-a19a-42c119af903b: start e04aa943-cde2-4456-a19a-42c119af903b@group-47480EAAFCFC-FollowerState
2023-07-28 03:22:31,460 [main] INFO  ozone.MiniOzoneClusterImpl (MiniOzoneClusterImpl.java:lambda$waitForClusterToBeReady$0(224)) - Nodes are ready. Got 3 of 3 DN Heartbeats.
2023-07-28 03:22:31,461 [main] INFO  ozone.MiniOzoneClusterImpl (MiniOzoneClusterImpl.java:lambda$waitForClusterToBeReady$0(227)) - Cluster exits safe mode
2023-07-28 03:22:31,461 [main] INFO  ozone.MiniOzoneClusterImpl (MiniOzoneClusterImpl.java:lambda$waitForClusterToBeReady$0(229)) - SCM became leader
2023-07-28 03:22:31,610 [f4ca73dd-6b78-4056-9520-157df6408f3a@group-47480EAAFCFC-FollowerState] INFO  server.RaftServerConfigKeys (ConfUtils.java:logFallback(53)) - raft.server.rpc.first-election.timeout.min = 5s (fallback to raft.server.rpc.timeout.min)
2023-07-28 03:22:31,610 [f4ca73dd-6b78-4056-9520-157df6408f3a@group-47480EAAFCFC-FollowerState] INFO  server.RaftServerConfigKeys (ConfUtils.java:logFallback(53)) - raft.server.rpc.first-election.timeout.max = 5200ms (fallback to raft.server.rpc.timeout.max)
2023-07-28 03:22:31,620 [2b789b44-0f91-485a-b48f-c9199eaf29b8@group-47480EAAFCFC-FollowerState] INFO  impl.FollowerState (FollowerState.java:run(143)) - 2b789b44-0f91-485a-b48f-c9199eaf29b8@group-47480EAAFCFC-FollowerState: change to CANDIDATE, lastRpcElapsedTime:5159893480ns, electionTimeout:5153ms
2023-07-28 03:22:31,620 [2b789b44-0f91-485a-b48f-c9199eaf29b8@group-47480EAAFCFC-FollowerState] INFO  impl.RoleInfo (RoleInfo.java:shutdownFollowerState(110)) - 2b789b44-0f91-485a-b48f-c9199eaf29b8: shutdown 2b789b44-0f91-485a-b48f-c9199eaf29b8@group-47480EAAFCFC-FollowerState
2023-07-28 03:22:31,620 [2b789b44-0f91-485a-b48f-c9199eaf29b8@group-47480EAAFCFC-FollowerState] INFO  server.RaftServer$Division (RaftServerImpl.java:setRole(329)) - 2b789b44-0f91-485a-b48f-c9199eaf29b8@group-47480EAAFCFC: changes role from  FOLLOWER to CANDIDATE at term 0 for changeToCandidate
2023-07-28 03:22:31,620 [2b789b44-0f91-485a-b48f-c9199eaf29b8@group-47480EAAFCFC-FollowerState] INFO  server.RaftServerConfigKeys (ConfUtils.java:logGet(46)) - raft.server.leaderelection.pre-vote = true (default)
2023-07-28 03:22:31,620 [2b789b44-0f91-485a-b48f-c9199eaf29b8@group-47480EAAFCFC-FollowerState] INFO  impl.RoleInfo (RoleInfo.java:updateAndGet(139)) - 2b789b44-0f91-485a-b48f-c9199eaf29b8: start 2b789b44-0f91-485a-b48f-c9199eaf29b8@group-47480EAAFCFC-LeaderElection6
2023-07-28 03:22:31,630 [2b789b44-0f91-485a-b48f-c9199eaf29b8@group-47480EAAFCFC-LeaderElection6] INFO  impl.LeaderElection (LeaderElection.java:askForVotes(321)) - 2b789b44-0f91-485a-b48f-c9199eaf29b8@group-47480EAAFCFC-LeaderElection6 PRE_VOTE round 0: submit vote requests at term 0 for -1: peers:[2b789b44-0f91-485a-b48f-c9199eaf29b8|rpc:10.1.0.5:15023|admin:10.1.0.5:15022|client:10.1.0.5:15021|dataStream:10.1.0.5:15024|priority:1|startupRole:FOLLOWER, f4ca73dd-6b78-4056-9520-157df6408f3a|rpc:10.1.0.5:15032|admin:10.1.0.5:15031|client:10.1.0.5:15030|dataStream:10.1.0.5:15033|priority:0|startupRole:FOLLOWER, e04aa943-cde2-4456-a19a-42c119af903b|rpc:10.1.0.5:15014|admin:10.1.0.5:15013|client:10.1.0.5:15012|dataStream:10.1.0.5:15015|priority:0|startupRole:FOLLOWER]|listeners:[], old=null
2023-07-28 03:22:31,631 [2b789b44-0f91-485a-b48f-c9199eaf29b8@group-47480EAAFCFC-LeaderElection6-1] INFO  server.GrpcServerProtocolClient (GrpcServerProtocolClient.java:<init>(65)) - Build channel for f4ca73dd-6b78-4056-9520-157df6408f3a
2023-07-28 03:22:31,634 [2b789b44-0f91-485a-b48f-c9199eaf29b8@group-47480EAAFCFC-LeaderElection6] INFO  server.RaftServerConfigKeys (ConfUtils.java:logFallback(53)) - raft.server.rpc.first-election.timeout.min = 5s (fallback to raft.server.rpc.timeout.min)
2023-07-28 03:22:31,635 [2b789b44-0f91-485a-b48f-c9199eaf29b8@group-47480EAAFCFC-LeaderElection6] INFO  server.RaftServerConfigKeys (ConfUtils.java:logFallback(53)) - raft.server.rpc.first-election.timeout.max = 5200ms (fallback to raft.server.rpc.timeout.max)
2023-07-28 03:22:31,637 [2b789b44-0f91-485a-b48f-c9199eaf29b8@group-47480EAAFCFC-LeaderElection6-2] INFO  server.GrpcServerProtocolClient (GrpcServerProtocolClient.java:<init>(65)) - Build channel for e04aa943-cde2-4456-a19a-42c119af903b
2023-07-28 03:22:31,658 [grpc-default-executor-0] INFO  server.RaftServer$Division (RaftServerImpl.java:requestVote(1302)) - e04aa943-cde2-4456-a19a-42c119af903b@group-47480EAAFCFC: receive requestVote(PRE_VOTE, 2b789b44-0f91-485a-b48f-c9199eaf29b8, group-47480EAAFCFC, 0, (t:0, i:0))
2023-07-28 03:22:31,658 [grpc-default-executor-0] INFO  impl.VoteContext (VoteContext.java:log(49)) - e04aa943-cde2-4456-a19a-42c119af903b@group-47480EAAFCFC-FOLLOWER: accept PRE_VOTE from 2b789b44-0f91-485a-b48f-c9199eaf29b8: our priority 0 <= candidate's priority 1
2023-07-28 03:22:31,658 [grpc-default-executor-0] INFO  server.RaftServer$Division (RaftServerImpl.java:requestVote(1335)) - e04aa943-cde2-4456-a19a-42c119af903b@group-47480EAAFCFC replies to PRE_VOTE vote request: 2b789b44-0f91-485a-b48f-c9199eaf29b8<-e04aa943-cde2-4456-a19a-42c119af903b#0:OK-t0. Peer's state: e04aa943-cde2-4456-a19a-42c119af903b@group-47480EAAFCFC:t0, leader=null, voted=, raftlog=Memoized:e04aa943-cde2-4456-a19a-42c119af903b@group-47480EAAFCFC-SegmentedRaftLog:OPENED:c-1, conf=-1: peers:[2b789b44-0f91-485a-b48f-c9199eaf29b8|rpc:10.1.0.5:15023|admin:10.1.0.5:15022|client:10.1.0.5:15021|dataStream:10.1.0.5:15024|priority:1|startupRole:FOLLOWER, f4ca73dd-6b78-4056-9520-157df6408f3a|rpc:10.1.0.5:15032|admin:10.1.0.5:15031|client:10.1.0.5:15030|dataStream:10.1.0.5:15033|priority:0|startupRole:FOLLOWER, e04aa943-cde2-4456-a19a-42c119af903b|rpc:10.1.0.5:15014|admin:10.1.0.5:15013|client:10.1.0.5:15012|dataStream:10.1.0.5:15015|priority:0|startupRole:FOLLOWER]|listeners:[], old=null
2023-07-28 03:22:31,659 [grpc-default-executor-0] INFO  server.RaftServer$Division (RaftServerImpl.java:requestVote(1302)) - f4ca73dd-6b78-4056-9520-157df6408f3a@group-47480EAAFCFC: receive requestVote(PRE_VOTE, 2b789b44-0f91-485a-b48f-c9199eaf29b8, group-47480EAAFCFC, 0, (t:0, i:0))
2023-07-28 03:22:31,659 [grpc-default-executor-0] INFO  impl.VoteContext (VoteContext.java:log(49)) - f4ca73dd-6b78-4056-9520-157df6408f3a@group-47480EAAFCFC-FOLLOWER: accept PRE_VOTE from 2b789b44-0f91-485a-b48f-c9199eaf29b8: our priority 0 <= candidate's priority 1
2023-07-28 03:22:31,659 [grpc-default-executor-0] INFO  server.RaftServer$Division (RaftServerImpl.java:requestVote(1335)) - f4ca73dd-6b78-4056-9520-157df6408f3a@group-47480EAAFCFC replies to PRE_VOTE vote request: 2b789b44-0f91-485a-b48f-c9199eaf29b8<-f4ca73dd-6b78-4056-9520-157df6408f3a#0:OK-t0. Peer's state: f4ca73dd-6b78-4056-9520-157df6408f3a@group-47480EAAFCFC:t0, leader=null, voted=, raftlog=Memoized:f4ca73dd-6b78-4056-9520-157df6408f3a@group-47480EAAFCFC-SegmentedRaftLog:OPENED:c-1, conf=-1: peers:[2b789b44-0f91-485a-b48f-c9199eaf29b8|rpc:10.1.0.5:15023|admin:10.1.0.5:15022|client:10.1.0.5:15021|dataStream:10.1.0.5:15024|priority:1|startupRole:FOLLOWER, f4ca73dd-6b78-4056-9520-157df6408f3a|rpc:10.1.0.5:15032|admin:10.1.0.5:15031|client:10.1.0.5:15030|dataStream:10.1.0.5:15033|priority:0|startupRole:FOLLOWER, e04aa943-cde2-4456-a19a-42c119af903b|rpc:10.1.0.5:15014|admin:10.1.0.5:15013|client:10.1.0.5:15012|dataStream:10.1.0.5:15015|priority:0|startupRole:FOLLOWER]|listeners:[], old=null
2023-07-28 03:22:31,662 [2b789b44-0f91-485a-b48f-c9199eaf29b8@group-47480EAAFCFC-LeaderElection6] INFO  impl.LeaderElection (LeaderElection.java:logAndReturn(90)) - 2b789b44-0f91-485a-b48f-c9199eaf29b8@group-47480EAAFCFC-LeaderElection6: PRE_VOTE PASSED received 1 response(s) and 0 exception(s):
2023-07-28 03:22:31,663 [2b789b44-0f91-485a-b48f-c9199eaf29b8@group-47480EAAFCFC-LeaderElection6] INFO  impl.LeaderElection (LeaderElection.java:logAndReturn(94)) -   Response 0: 2b789b44-0f91-485a-b48f-c9199eaf29b8<-f4ca73dd-6b78-4056-9520-157df6408f3a#0:OK-t0
2023-07-28 03:22:31,663 [2b789b44-0f91-485a-b48f-c9199eaf29b8@group-47480EAAFCFC-LeaderElection6] INFO  impl.LeaderElection (LeaderElection.java:askForVotes(323)) - 2b789b44-0f91-485a-b48f-c9199eaf29b8@group-47480EAAFCFC-LeaderElection6 PRE_VOTE round 0: result PASSED
2023-07-28 03:22:31,670 [f4ca73dd-6b78-4056-9520-157df6408f3a@group-A22D2855D194-FollowerState] INFO  impl.FollowerState (FollowerState.java:run(143)) - f4ca73dd-6b78-4056-9520-157df6408f3a@group-A22D2855D194-FollowerState: change to CANDIDATE, lastRpcElapsedTime:5132677863ns, electionTimeout:5124ms
2023-07-28 03:22:31,671 [2b789b44-0f91-485a-b48f-c9199eaf29b8@group-47480EAAFCFC-LeaderElection6] INFO  impl.LeaderElection (LeaderElection.java:askForVotes(321)) - 2b789b44-0f91-485a-b48f-c9199eaf29b8@group-47480EAAFCFC-LeaderElection6 ELECTION round 0: submit vote requests at term 1 for -1: peers:[2b789b44-0f91-485a-b48f-c9199eaf29b8|rpc:10.1.0.5:15023|admin:10.1.0.5:15022|client:10.1.0.5:15021|dataStream:10.1.0.5:15024|priority:1|startupRole:FOLLOWER, f4ca73dd-6b78-4056-9520-157df6408f3a|rpc:10.1.0.5:15032|admin:10.1.0.5:15031|client:10.1.0.5:15030|dataStream:10.1.0.5:15033|priority:0|startupRole:FOLLOWER, e04aa943-cde2-4456-a19a-42c119af903b|rpc:10.1.0.5:15014|admin:10.1.0.5:15013|client:10.1.0.5:15012|dataStream:10.1.0.5:15015|priority:0|startupRole:FOLLOWER]|listeners:[], old=null
2023-07-28 03:22:31,671 [f4ca73dd-6b78-4056-9520-157df6408f3a@group-A22D2855D194-FollowerState] INFO  impl.RoleInfo (RoleInfo.java:shutdownFollowerState(110)) - f4ca73dd-6b78-4056-9520-157df6408f3a: shutdown f4ca73dd-6b78-4056-9520-157df6408f3a@group-A22D2855D194-FollowerState
2023-07-28 03:22:31,671 [f4ca73dd-6b78-4056-9520-157df6408f3a@group-A22D2855D194-FollowerState] INFO  server.RaftServer$Division (RaftServerImpl.java:setRole(329)) - f4ca73dd-6b78-4056-9520-157df6408f3a@group-A22D2855D194: changes role from  FOLLOWER to CANDIDATE at term 0 for changeToCandidate
2023-07-28 03:22:31,671 [f4ca73dd-6b78-4056-9520-157df6408f3a@group-A22D2855D194-FollowerState] INFO  server.RaftServerConfigKeys (ConfUtils.java:logGet(46)) - raft.server.leaderelection.pre-vote = true (default)
2023-07-28 03:22:31,671 [f4ca73dd-6b78-4056-9520-157df6408f3a@group-A22D2855D194-FollowerState] INFO  impl.RoleInfo (RoleInfo.java:updateAndGet(139)) - f4ca73dd-6b78-4056-9520-157df6408f3a: start f4ca73dd-6b78-4056-9520-157df6408f3a@group-A22D2855D194-LeaderElection7
2023-07-28 03:22:31,672 [2b789b44-0f91-485a-b48f-c9199eaf29b8@group-47480EAAFCFC-LeaderElection6] INFO  server.RaftServerConfigKeys (ConfUtils.java:logFallback(53)) - raft.server.rpc.first-election.timeout.min = 5s (fallback to raft.server.rpc.timeout.min)
2023-07-28 03:22:31,677 [2b789b44-0f91-485a-b48f-c9199eaf29b8@group-47480EAAFCFC-LeaderElection6] INFO  server.RaftServerConfigKeys (ConfUtils.java:logFallback(53)) - raft.server.rpc.first-election.timeout.max = 5200ms (fallback to raft.server.rpc.timeout.max)
2023-07-28 03:22:31,690 [grpc-default-executor-0] INFO  server.RaftServer$Division (RaftServerImpl.java:requestVote(1302)) - f4ca73dd-6b78-4056-9520-157df6408f3a@group-47480EAAFCFC: receive requestVote(ELECTION, 2b789b44-0f91-485a-b48f-c9199eaf29b8, group-47480EAAFCFC, 1, (t:0, i:0))
2023-07-28 03:22:31,690 [grpc-default-executor-0] INFO  impl.VoteContext (VoteContext.java:log(49)) - f4ca73dd-6b78-4056-9520-157df6408f3a@group-47480EAAFCFC-FOLLOWER: accept ELECTION from 2b789b44-0f91-485a-b48f-c9199eaf29b8: our priority 0 <= candidate's priority 1
2023-07-28 03:22:31,690 [grpc-default-executor-0] INFO  server.RaftServer$Division (RaftServerImpl.java:setRole(329)) - f4ca73dd-6b78-4056-9520-157df6408f3a@group-47480EAAFCFC: changes role from  FOLLOWER to FOLLOWER at term 1 for candidate:2b789b44-0f91-485a-b48f-c9199eaf29b8
2023-07-28 03:22:31,690 [grpc-default-executor-0] INFO  impl.RoleInfo (RoleInfo.java:shutdownFollowerState(110)) - f4ca73dd-6b78-4056-9520-157df6408f3a: shutdown f4ca73dd-6b78-4056-9520-157df6408f3a@group-47480EAAFCFC-FollowerState
2023-07-28 03:22:31,690 [grpc-default-executor-0] INFO  impl.RoleInfo (RoleInfo.java:updateAndGet(139)) - f4ca73dd-6b78-4056-9520-157df6408f3a: start f4ca73dd-6b78-4056-9520-157df6408f3a@group-47480EAAFCFC-FollowerState
2023-07-28 03:22:31,690 [f4ca73dd-6b78-4056-9520-157df6408f3a@group-47480EAAFCFC-FollowerState] INFO  impl.FollowerState (FollowerState.java:run(152)) - f4ca73dd-6b78-4056-9520-157df6408f3a@group-47480EAAFCFC-FollowerState was interrupted
2023-07-28 03:22:31,694 [grpc-default-executor-3] INFO  server.RaftServer$Division (RaftServerImpl.java:requestVote(1302)) - e04aa943-cde2-4456-a19a-42c119af903b@group-47480EAAFCFC: receive requestVote(ELECTION, 2b789b44-0f91-485a-b48f-c9199eaf29b8, group-47480EAAFCFC, 1, (t:0, i:0))
2023-07-28 03:22:31,695 [grpc-default-executor-3] INFO  impl.VoteContext (VoteContext.java:log(49)) - e04aa943-cde2-4456-a19a-42c119af903b@group-47480EAAFCFC-FOLLOWER: accept ELECTION from 2b789b44-0f91-485a-b48f-c9199eaf29b8: our priority 0 <= candidate's priority 1
2023-07-28 03:22:31,695 [grpc-default-executor-3] INFO  server.RaftServer$Division (RaftServerImpl.java:setRole(329)) - e04aa943-cde2-4456-a19a-42c119af903b@group-47480EAAFCFC: changes role from  FOLLOWER to FOLLOWER at term 1 for candidate:2b789b44-0f91-485a-b48f-c9199eaf29b8
2023-07-28 03:22:31,695 [grpc-default-executor-3] INFO  impl.RoleInfo (RoleInfo.java:shutdownFollowerState(110)) - e04aa943-cde2-4456-a19a-42c119af903b: shutdown e04aa943-cde2-4456-a19a-42c119af903b@group-47480EAAFCFC-FollowerState
2023-07-28 03:22:31,695 [grpc-default-executor-3] INFO  impl.RoleInfo (RoleInfo.java:updateAndGet(139)) - e04aa943-cde2-4456-a19a-42c119af903b: start e04aa943-cde2-4456-a19a-42c119af903b@group-47480EAAFCFC-FollowerState
2023-07-28 03:22:31,695 [e04aa943-cde2-4456-a19a-42c119af903b@group-47480EAAFCFC-FollowerState] INFO  impl.FollowerState (FollowerState.java:run(152)) - e04aa943-cde2-4456-a19a-42c119af903b@group-47480EAAFCFC-FollowerState was interrupted
2023-07-28 03:22:31,695 [f4ca73dd-6b78-4056-9520-157df6408f3a@group-A22D2855D194-LeaderElection7] INFO  impl.LeaderElection (LeaderElection.java:askForVotes(321)) - f4ca73dd-6b78-4056-9520-157df6408f3a@group-A22D2855D194-LeaderElection7 PRE_VOTE round 0: submit vote requests at term 0 for -1: peers:[f4ca73dd-6b78-4056-9520-157df6408f3a|rpc:10.1.0.5:15032|admin:10.1.0.5:15031|client:10.1.0.5:15030|dataStream:10.1.0.5:15033|priority:1|startupRole:FOLLOWER]|listeners:[], old=null
2023-07-28 03:22:31,695 [f4ca73dd-6b78-4056-9520-157df6408f3a@group-A22D2855D194-LeaderElection7] INFO  impl.LeaderElection (LeaderElection.java:askForVotes(323)) - f4ca73dd-6b78-4056-9520-157df6408f3a@group-A22D2855D194-LeaderElection7 PRE_VOTE round 0: result PASSED (term=0)
2023-07-28 03:22:31,698 [f4ca73dd-6b78-4056-9520-157df6408f3a@group-A22D2855D194-LeaderElection7] INFO  impl.LeaderElection (LeaderElection.java:askForVotes(321)) - f4ca73dd-6b78-4056-9520-157df6408f3a@group-A22D2855D194-LeaderElection7 ELECTION round 0: submit vote requests at term 1 for -1: peers:[f4ca73dd-6b78-4056-9520-157df6408f3a|rpc:10.1.0.5:15032|admin:10.1.0.5:15031|client:10.1.0.5:15030|dataStream:10.1.0.5:15033|priority:1|startupRole:FOLLOWER]|listeners:[], old=null
2023-07-28 03:22:31,699 [f4ca73dd-6b78-4056-9520-157df6408f3a@group-A22D2855D194-LeaderElection7] INFO  impl.LeaderElection (LeaderElection.java:askForVotes(323)) - f4ca73dd-6b78-4056-9520-157df6408f3a@group-A22D2855D194-LeaderElection7 ELECTION round 0: result PASSED (term=1)
2023-07-28 03:22:31,700 [f4ca73dd-6b78-4056-9520-157df6408f3a@group-A22D2855D194-LeaderElection7] INFO  impl.RoleInfo (RoleInfo.java:shutdownLeaderElection(130)) - f4ca73dd-6b78-4056-9520-157df6408f3a: shutdown f4ca73dd-6b78-4056-9520-157df6408f3a@group-A22D2855D194-LeaderElection7
2023-07-28 03:22:31,700 [f4ca73dd-6b78-4056-9520-157df6408f3a@group-A22D2855D194-LeaderElection7] INFO  server.RaftServer$Division (RaftServerImpl.java:setRole(329)) - f4ca73dd-6b78-4056-9520-157df6408f3a@group-A22D2855D194: changes role from CANDIDATE to LEADER at term 1 for changeToLeader
2023-07-28 03:22:31,699 [grpc-default-executor-0] INFO  server.RaftServer$Division (RaftServerImpl.java:requestVote(1335)) - f4ca73dd-6b78-4056-9520-157df6408f3a@group-47480EAAFCFC replies to ELECTION vote request: 2b789b44-0f91-485a-b48f-c9199eaf29b8<-f4ca73dd-6b78-4056-9520-157df6408f3a#0:OK-t1. Peer's state: f4ca73dd-6b78-4056-9520-157df6408f3a@group-47480EAAFCFC:t1, leader=null, voted=2b789b44-0f91-485a-b48f-c9199eaf29b8, raftlog=Memoized:f4ca73dd-6b78-4056-9520-157df6408f3a@group-47480EAAFCFC-SegmentedRaftLog:OPENED:c-1, conf=-1: peers:[2b789b44-0f91-485a-b48f-c9199eaf29b8|rpc:10.1.0.5:15023|admin:10.1.0.5:15022|client:10.1.0.5:15021|dataStream:10.1.0.5:15024|priority:1|startupRole:FOLLOWER, f4ca73dd-6b78-4056-9520-157df6408f3a|rpc:10.1.0.5:15032|admin:10.1.0.5:15031|client:10.1.0.5:15030|dataStream:10.1.0.5:15033|priority:0|startupRole:FOLLOWER, e04aa943-cde2-4456-a19a-42c119af903b|rpc:10.1.0.5:15014|admin:10.1.0.5:15013|client:10.1.0.5:15012|dataStream:10.1.0.5:15015|priority:0|startupRole:FOLLOWER]|listeners:[], old=null
2023-07-28 03:22:31,702 [f4ca73dd-6b78-4056-9520-157df6408f3a@group-A22D2855D194-LeaderElection7] INFO  ratis.XceiverServerRatis (XceiverServerRatis.java:handleLeaderChangedNotification(902)) - Leader change notification received for group: group-A22D2855D194 with new leaderId: f4ca73dd-6b78-4056-9520-157df6408f3a
2023-07-28 03:22:31,701 [grpc-default-executor-3] INFO  server.RaftServer$Division (RaftServerImpl.java:requestVote(1335)) - e04aa943-cde2-4456-a19a-42c119af903b@group-47480EAAFCFC replies to ELECTION vote request: 2b789b44-0f91-485a-b48f-c9199eaf29b8<-e04aa943-cde2-4456-a19a-42c119af903b#0:OK-t1. Peer's state: e04aa943-cde2-4456-a19a-42c119af903b@group-47480EAAFCFC:t1, leader=null, voted=2b789b44-0f91-485a-b48f-c9199eaf29b8, raftlog=Memoized:e04aa943-cde2-4456-a19a-42c119af903b@group-47480EAAFCFC-SegmentedRaftLog:OPENED:c-1, conf=-1: peers:[2b789b44-0f91-485a-b48f-c9199eaf29b8|rpc:10.1.0.5:15023|admin:10.1.0.5:15022|client:10.1.0.5:15021|dataStream:10.1.0.5:15024|priority:1|startupRole:FOLLOWER, f4ca73dd-6b78-4056-9520-157df6408f3a|rpc:10.1.0.5:15032|admin:10.1.0.5:15031|client:10.1.0.5:15030|dataStream:10.1.0.5:15033|priority:0|startupRole:FOLLOWER, e04aa943-cde2-4456-a19a-42c119af903b|rpc:10.1.0.5:15014|admin:10.1.0.5:15013|client:10.1.0.5:15012|dataStream:10.1.0.5:15015|priority:0|startupRole:FOLLOWER]|listeners:[], old=null
2023-07-28 03:22:31,705 [2b789b44-0f91-485a-b48f-c9199eaf29b8@group-47480EAAFCFC-LeaderElection6] INFO  impl.LeaderElection (LeaderElection.java:logAndReturn(90)) - 2b789b44-0f91-485a-b48f-c9199eaf29b8@group-47480EAAFCFC-LeaderElection6: ELECTION PASSED received 1 response(s) and 0 exception(s):
2023-07-28 03:22:31,705 [2b789b44-0f91-485a-b48f-c9199eaf29b8@group-47480EAAFCFC-LeaderElection6] INFO  impl.LeaderElection (LeaderElection.java:logAndReturn(94)) -   Response 0: 2b789b44-0f91-485a-b48f-c9199eaf29b8<-f4ca73dd-6b78-4056-9520-157df6408f3a#0:OK-t1
2023-07-28 03:22:31,705 [2b789b44-0f91-485a-b48f-c9199eaf29b8@group-47480EAAFCFC-LeaderElection6] INFO  impl.LeaderElection (LeaderElection.java:askForVotes(323)) - 2b789b44-0f91-485a-b48f-c9199eaf29b8@group-47480EAAFCFC-LeaderElection6 ELECTION round 0: result PASSED
2023-07-28 03:22:31,705 [2b789b44-0f91-485a-b48f-c9199eaf29b8@group-47480EAAFCFC-LeaderElection6] INFO  impl.RoleInfo (RoleInfo.java:shutdownLeaderElection(130)) - 2b789b44-0f91-485a-b48f-c9199eaf29b8: shutdown 2b789b44-0f91-485a-b48f-c9199eaf29b8@group-47480EAAFCFC-LeaderElection6
2023-07-28 03:22:31,705 [2b789b44-0f91-485a-b48f-c9199eaf29b8@group-47480EAAFCFC-LeaderElection6] INFO  server.RaftServer$Division (RaftServerImpl.java:setRole(329)) - 2b789b44-0f91-485a-b48f-c9199eaf29b8@group-47480EAAFCFC: changes role from CANDIDATE to LEADER at term 1 for changeToLeader
2023-07-28 03:22:31,705 [2b789b44-0f91-485a-b48f-c9199eaf29b8@group-47480EAAFCFC-LeaderElection6] INFO  ratis.XceiverServerRatis (XceiverServerRatis.java:handleLeaderChangedNotification(902)) - Leader change notification received for group: group-47480EAAFCFC with new leaderId: 2b789b44-0f91-485a-b48f-c9199eaf29b8
2023-07-28 03:22:31,705 [2b789b44-0f91-485a-b48f-c9199eaf29b8@group-47480EAAFCFC-LeaderElection6] INFO  server.RaftServer$Division (ServerState.java:setLeader(317)) - 2b789b44-0f91-485a-b48f-c9199eaf29b8@group-47480EAAFCFC: change Leader from null to 2b789b44-0f91-485a-b48f-c9199eaf29b8 at term 1 for becomeLeader, leader elected after 5507ms
2023-07-28 03:22:31,706 [2b789b44-0f91-485a-b48f-c9199eaf29b8@group-47480EAAFCFC-LeaderElection6] INFO  server.RaftServerConfigKeys (ConfUtils.java:logGet(46)) - raft.server.staging.catchup.gap = 1000 (default)
2023-07-28 03:22:31,706 [2b789b44-0f91-485a-b48f-c9199eaf29b8@group-47480EAAFCFC-LeaderElection6] INFO  server.RaftServerConfigKeys (ConfUtils.java:logGet(46)) - raft.server.write.element-limit = 1024 (custom)
2023-07-28 03:22:31,706 [2b789b44-0f91-485a-b48f-c9199eaf29b8@group-47480EAAFCFC-LeaderElection6] INFO  server.RaftServerConfigKeys (ConfUtils.java:logGet(46)) - raft.server.write.byte-limit = 1024 M (=1073741824) (custom)
2023-07-28 03:22:31,706 [2b789b44-0f91-485a-b48f-c9199eaf29b8@group-47480EAAFCFC-LeaderElection6] INFO  server.RaftServerConfigKeys (ConfUtils.java:logGet(46)) - raft.server.watch.timeout = 180s (custom)
2023-07-28 03:22:31,706 [2b789b44-0f91-485a-b48f-c9199eaf29b8@group-47480EAAFCFC-LeaderElection6] INFO  server.RaftServerConfigKeys (ConfUtils.java:logGet(46)) - raft.server.watch.timeout.denomination = 1s (default)
2023-07-28 03:22:31,706 [2b789b44-0f91-485a-b48f-c9199eaf29b8@group-47480EAAFCFC-LeaderElection6] INFO  server.RaftServerConfigKeys (ConfUtils.java:logGet(46)) - raft.server.watch.element-limit = 65536 (default)
2023-07-28 03:22:31,706 [2b789b44-0f91-485a-b48f-c9199eaf29b8@group-47480EAAFCFC-LeaderElection6] INFO  server.RaftServerConfigKeys (ConfUtils.java:logGet(46)) - raft.server.write.element-limit = 1024 (custom)
2023-07-28 03:22:31,706 [2b789b44-0f91-485a-b48f-c9199eaf29b8@group-47480EAAFCFC-LeaderElection6] INFO  server.RaftServerConfigKeys (ConfUtils.java:logGet(46)) - raft.server.write.follower.gap.ratio.max = -1.0 (default)
2023-07-28 03:22:31,710 [f4ca73dd-6b78-4056-9520-157df6408f3a@group-A22D2855D194-LeaderElection7] INFO  server.RaftServer$Division (ServerState.java:setLeader(317)) - f4ca73dd-6b78-4056-9520-157df6408f3a@group-A22D2855D194: change Leader from null to f4ca73dd-6b78-4056-9520-157df6408f3a at term 1 for becomeLeader, leader elected after 5205ms
2023-07-28 03:22:31,714 [2b789b44-0f91-485a-b48f-c9199eaf29b8@group-47480EAAFCFC-LeaderElection6] INFO  server.RaftServerConfigKeys (ConfUtils.java:logGet(46)) - raft.server.log.appender.snapshot.chunk.size.max = 16MB (=16777216) (default)
2023-07-28 03:22:31,716 [2b789b44-0f91-485a-b48f-c9199eaf29b8@group-47480EAAFCFC-LeaderElection6] INFO  server.RaftServerConfigKeys (ConfUtils.java:logGet(46)) - raft.server.log.appender.buffer.byte-limit = 33554432 (custom)
2023-07-28 03:22:31,716 [2b789b44-0f91-485a-b48f-c9199eaf29b8@group-47480EAAFCFC-LeaderElection6] INFO  server.RaftServerConfigKeys (ConfUtils.java:logGet(46)) - raft.server.log.appender.buffer.element-limit = 1 (custom)
2023-07-28 03:22:31,716 [2b789b44-0f91-485a-b48f-c9199eaf29b8@group-47480EAAFCFC-LeaderElection6] INFO  server.RaftServerConfigKeys (ConfUtils.java:logGet(46)) - raft.server.log.appender.wait-time.min = 10ms (default)
2023-07-28 03:22:31,716 [f4ca73dd-6b78-4056-9520-157df6408f3a@group-A22D2855D194-LeaderElection7] INFO  server.RaftServerConfigKeys (ConfUtils.java:logGet(46)) - raft.server.staging.catchup.gap = 1000 (default)
2023-07-28 03:22:31,716 [2b789b44-0f91-485a-b48f-c9199eaf29b8@group-47480EAAFCFC-LeaderElection6] INFO  grpc.GrpcConfigKeys (ConfUtils.java:logGet(46)) - raft.grpc.server.leader.outstanding.appends.max = 128 (default)
2023-07-28 03:22:31,718 [2b789b44-0f91-485a-b48f-c9199eaf29b8@group-47480EAAFCFC-LeaderElection6] INFO  server.RaftServerConfigKeys (ConfUtils.java:logGet(46)) - raft.server.rpc.request.timeout = 60s (custom)
2023-07-28 03:22:31,718 [2b789b44-0f91-485a-b48f-c9199eaf29b8@group-47480EAAFCFC-LeaderElection6] INFO  grpc.GrpcConfigKeys (ConfUtils.java:logGet(46)) - raft.grpc.server.install_snapshot.request.element-limit = 8 (default)
2023-07-28 03:22:31,718 [2b789b44-0f91-485a-b48f-c9199eaf29b8@group-47480EAAFCFC-LeaderElection6] INFO  grpc.GrpcConfigKeys (ConfUtils.java:logGet(46)) - raft.grpc.server.install_snapshot.request.timeout = 3000ms (default)
2023-07-28 03:22:31,718 [2b789b44-0f91-485a-b48f-c9199eaf29b8@group-47480EAAFCFC-LeaderElection6] INFO  server.RaftServerConfigKeys (ConfUtils.java:logGet(46)) - raft.server.log.appender.install.snapshot.enabled = false (custom)
2023-07-28 03:22:31,718 [2b789b44-0f91-485a-b48f-c9199eaf29b8@group-47480EAAFCFC-LeaderElection6] INFO  grpc.GrpcConfigKeys (ConfUtils.java:logGet(46)) - raft.grpc.server.heartbeat.channel = true (default)
2023-07-28 03:22:31,720 [EventQueue-PipelineReportForPipelineReportHandler] INFO  pipeline.PipelineReportHandler (PipelineReportHandler.java:processPipelineReport(136)) - Opened pipeline PipelineID=7c057bca-95e1-4939-b0a5-47480eaafcfc
2023-07-28 03:22:31,720 [2b789b44-0f91-485a-b48f-c9199eaf29b8@group-47480EAAFCFC-LeaderElection6] INFO  server.RaftServerConfigKeys (ConfUtils.java:logGet(46)) - raft.server.log.appender.snapshot.chunk.size.max = 16MB (=16777216) (default)
2023-07-28 03:22:31,720 [2b789b44-0f91-485a-b48f-c9199eaf29b8@group-47480EAAFCFC-LeaderElection6] INFO  server.RaftServerConfigKeys (ConfUtils.java:logGet(46)) - raft.server.log.appender.buffer.byte-limit = 33554432 (custom)
2023-07-28 03:22:31,720 [2b789b44-0f91-485a-b48f-c9199eaf29b8@group-47480EAAFCFC-LeaderElection6] INFO  server.RaftServerConfigKeys (ConfUtils.java:logGet(46)) - raft.server.log.appender.buffer.element-limit = 1 (custom)
2023-07-28 03:22:31,721 [2b789b44-0f91-485a-b48f-c9199eaf29b8@group-47480EAAFCFC-LeaderElection6] INFO  server.RaftServerConfigKeys (ConfUtils.java:logGet(46)) - raft.server.log.appender.wait-time.min = 10ms (default)
2023-07-28 03:22:31,721 [2b789b44-0f91-485a-b48f-c9199eaf29b8@group-47480EAAFCFC-LeaderElection6] INFO  grpc.GrpcConfigKeys (ConfUtils.java:logGet(46)) - raft.grpc.server.leader.outstanding.appends.max = 128 (default)
2023-07-28 03:22:31,721 [2b789b44-0f91-485a-b48f-c9199eaf29b8@group-47480EAAFCFC-LeaderElection6] INFO  server.RaftServerConfigKeys (ConfUtils.java:logGet(46)) - raft.server.rpc.request.timeout = 60s (custom)
2023-07-28 03:22:31,721 [2b789b44-0f91-485a-b48f-c9199eaf29b8@group-47480EAAFCFC-LeaderElection6] INFO  grpc.GrpcConfigKeys (ConfUtils.java:logGet(46)) - raft.grpc.server.install_snapshot.request.element-limit = 8 (default)
2023-07-28 03:22:31,721 [2b789b44-0f91-485a-b48f-c9199eaf29b8@group-47480EAAFCFC-LeaderElection6] INFO  grpc.GrpcConfigKeys (ConfUtils.java:logGet(46)) - raft.grpc.server.install_snapshot.request.timeout = 3000ms (default)
2023-07-28 03:22:31,721 [2b789b44-0f91-485a-b48f-c9199eaf29b8@group-47480EAAFCFC-LeaderElection6] INFO  server.RaftServerConfigKeys (ConfUtils.java:logGet(46)) - raft.server.log.appender.install.snapshot.enabled = false (custom)
2023-07-28 03:22:31,721 [2b789b44-0f91-485a-b48f-c9199eaf29b8@group-47480EAAFCFC-LeaderElection6] INFO  grpc.GrpcConfigKeys (ConfUtils.java:logGet(46)) - raft.grpc.server.heartbeat.channel = true (default)
2023-07-28 03:22:31,721 [2b789b44-0f91-485a-b48f-c9199eaf29b8@group-47480EAAFCFC-LeaderElection6] INFO  impl.RoleInfo (RoleInfo.java:updateAndGet(139)) - 2b789b44-0f91-485a-b48f-c9199eaf29b8: start 2b789b44-0f91-485a-b48f-c9199eaf29b8@group-47480EAAFCFC-LeaderStateImpl
2023-07-28 03:22:31,721 [2b789b44-0f91-485a-b48f-c9199eaf29b8@group-47480EAAFCFC-LeaderElection6] INFO  segmented.SegmentedRaftLogWorker (SegmentedRaftLogWorker.java:startLogSegment(447)) - 2b789b44-0f91-485a-b48f-c9199eaf29b8@group-47480EAAFCFC-SegmentedRaftLogWorker: Starting segment from index:0
2023-07-28 03:22:31,723 [2b789b44-0f91-485a-b48f-c9199eaf29b8@group-47480EAAFCFC-SegmentedRaftLogWorker] INFO  segmented.SegmentedRaftLogWorker (SegmentedRaftLogWorker.java:execute(651)) - 2b789b44-0f91-485a-b48f-c9199eaf29b8@group-47480EAAFCFC-SegmentedRaftLogWorker: created new log segment /home/runner/work/ozone/ozone/hadoop-ozone/integration-test/target/test-dir/MiniOzoneClusterImpl-5d941c1b-c8eb-4358-ab64-bf73cd3544cf/datanode-1/data/ratis/7c057bca-95e1-4939-b0a5-47480eaafcfc/current/log_inprogress_0
2023-07-28 03:22:31,728 [f4ca73dd-6b78-4056-9520-157df6408f3a@group-A22D2855D194-LeaderElection7] INFO  server.RaftServerConfigKeys (ConfUtils.java:logGet(46)) - raft.server.write.element-limit = 1024 (custom)
2023-07-28 03:22:31,728 [f4ca73dd-6b78-4056-9520-157df6408f3a@group-A22D2855D194-LeaderElection7] INFO  server.RaftServerConfigKeys (ConfUtils.java:logGet(46)) - raft.server.write.byte-limit = 1024 M (=1073741824) (custom)
2023-07-28 03:22:31,728 [f4ca73dd-6b78-4056-9520-157df6408f3a@group-A22D2855D194-LeaderElection7] INFO  server.RaftServerConfigKeys (ConfUtils.java:logGet(46)) - raft.server.watch.timeout = 180s (custom)
2023-07-28 03:22:31,728 [f4ca73dd-6b78-4056-9520-157df6408f3a@group-A22D2855D194-LeaderElection7] INFO  server.RaftServerConfigKeys (ConfUtils.java:logGet(46)) - raft.server.watch.timeout.denomination = 1s (default)
2023-07-28 03:22:31,729 [f4ca73dd-6b78-4056-9520-157df6408f3a@group-A22D2855D194-LeaderElection7] INFO  server.RaftServerConfigKeys (ConfUtils.java:logGet(46)) - raft.server.watch.element-limit = 65536 (default)
2023-07-28 03:22:31,729 [f4ca73dd-6b78-4056-9520-157df6408f3a@group-A22D2855D194-LeaderElection7] INFO  server.RaftServerConfigKeys (ConfUtils.java:logGet(46)) - raft.server.write.element-limit = 1024 (custom)
2023-07-28 03:22:31,729 [f4ca73dd-6b78-4056-9520-157df6408f3a@group-A22D2855D194-LeaderElection7] INFO  server.RaftServerConfigKeys (ConfUtils.java:logGet(46)) - raft.server.write.follower.gap.ratio.max = -1.0 (default)
2023-07-28 03:22:31,729 [f4ca73dd-6b78-4056-9520-157df6408f3a@group-A22D2855D194-LeaderElection7] INFO  impl.RoleInfo (RoleInfo.java:updateAndGet(139)) - f4ca73dd-6b78-4056-9520-157df6408f3a: start f4ca73dd-6b78-4056-9520-157df6408f3a@group-A22D2855D194-LeaderStateImpl
2023-07-28 03:22:31,729 [f4ca73dd-6b78-4056-9520-157df6408f3a@group-A22D2855D194-LeaderElection7] INFO  segmented.SegmentedRaftLogWorker (SegmentedRaftLogWorker.java:startLogSegment(447)) - f4ca73dd-6b78-4056-9520-157df6408f3a@group-A22D2855D194-SegmentedRaftLogWorker: Starting segment from index:0
2023-07-28 03:22:31,731 [f4ca73dd-6b78-4056-9520-157df6408f3a@group-A22D2855D194-SegmentedRaftLogWorker] INFO  segmented.SegmentedRaftLogWorker (SegmentedRaftLogWorker.java:execute(651)) - f4ca73dd-6b78-4056-9520-157df6408f3a@group-A22D2855D194-SegmentedRaftLogWorker: created new log segment /home/runner/work/ozone/ozone/hadoop-ozone/integration-test/target/test-dir/MiniOzoneClusterImpl-5d941c1b-c8eb-4358-ab64-bf73cd3544cf/datanode-2/data/ratis/4aabad07-50ee-49ec-89c4-a22d2855d194/current/log_inprogress_0
2023-07-28 03:22:31,735 [2b789b44-0f91-485a-b48f-c9199eaf29b8@group-47480EAAFCFC-LeaderElection6] INFO  server.RaftServer$Division (ServerState.java:setRaftConf(434)) - 2b789b44-0f91-485a-b48f-c9199eaf29b8@group-47480EAAFCFC: set configuration 0: peers:[2b789b44-0f91-485a-b48f-c9199eaf29b8|rpc:10.1.0.5:15023|admin:10.1.0.5:15022|client:10.1.0.5:15021|dataStream:10.1.0.5:15024|priority:1|startupRole:FOLLOWER, f4ca73dd-6b78-4056-9520-157df6408f3a|rpc:10.1.0.5:15032|admin:10.1.0.5:15031|client:10.1.0.5:15030|dataStream:10.1.0.5:15033|priority:0|startupRole:FOLLOWER, e04aa943-cde2-4456-a19a-42c119af903b|rpc:10.1.0.5:15014|admin:10.1.0.5:15013|client:10.1.0.5:15012|dataStream:10.1.0.5:15015|priority:0|startupRole:FOLLOWER]|listeners:[], old=null
2023-07-28 03:22:31,735 [f4ca73dd-6b78-4056-9520-157df6408f3a@group-A22D2855D194-LeaderElection7] INFO  server.RaftServer$Division (ServerState.java:setRaftConf(434)) - f4ca73dd-6b78-4056-9520-157df6408f3a@group-A22D2855D194: set configuration 0: peers:[f4ca73dd-6b78-4056-9520-157df6408f3a|rpc:10.1.0.5:15032|admin:10.1.0.5:15031|client:10.1.0.5:15030|dataStream:10.1.0.5:15033|priority:1|startupRole:FOLLOWER]|listeners:[], old=null
2023-07-28 03:22:31,750 [f4ca73dd-6b78-4056-9520-157df6408f3a-server-thread1] INFO  ratis.XceiverServerRatis (XceiverServerRatis.java:handleLeaderChangedNotification(902)) - Leader change notification received for group: group-47480EAAFCFC with new leaderId: 2b789b44-0f91-485a-b48f-c9199eaf29b8
2023-07-28 03:22:31,754 [e04aa943-cde2-4456-a19a-42c119af903b-server-thread1] INFO  ratis.XceiverServerRatis (XceiverServerRatis.java:handleLeaderChangedNotification(902)) - Leader change notification received for group: group-47480EAAFCFC with new leaderId: 2b789b44-0f91-485a-b48f-c9199eaf29b8
2023-07-28 03:22:31,759 [e04aa943-cde2-4456-a19a-42c119af903b-server-thread1] INFO  server.RaftServer$Division (ServerState.java:setLeader(317)) - e04aa943-cde2-4456-a19a-42c119af903b@group-47480EAAFCFC: change Leader from null to 2b789b44-0f91-485a-b48f-c9199eaf29b8 at term 1 for appendEntries, leader elected after 5621ms
2023-07-28 03:22:31,759 [f4ca73dd-6b78-4056-9520-157df6408f3a-server-thread1] INFO  server.RaftServer$Division (ServerState.java:setLeader(317)) - f4ca73dd-6b78-4056-9520-157df6408f3a@group-47480EAAFCFC: change Leader from null to 2b789b44-0f91-485a-b48f-c9199eaf29b8 at term 1 for appendEntries, leader elected after 5527ms
2023-07-28 03:22:31,760 [e04aa943-cde2-4456-a19a-42c119af903b-server-thread1] INFO  server.RaftServer$Division (ServerState.java:setRaftConf(434)) - e04aa943-cde2-4456-a19a-42c119af903b@group-47480EAAFCFC: set configuration 0: peers:[2b789b44-0f91-485a-b48f-c9199eaf29b8|rpc:10.1.0.5:15023|admin:10.1.0.5:15022|client:10.1.0.5:15021|dataStream:10.1.0.5:15024|priority:1|startupRole:FOLLOWER, f4ca73dd-6b78-4056-9520-157df6408f3a|rpc:10.1.0.5:15032|admin:10.1.0.5:15031|client:10.1.0.5:15030|dataStream:10.1.0.5:15033|priority:0|startupRole:FOLLOWER, e04aa943-cde2-4456-a19a-42c119af903b|rpc:10.1.0.5:15014|admin:10.1.0.5:15013|client:10.1.0.5:15012|dataStream:10.1.0.5:15015|priority:0|startupRole:FOLLOWER]|listeners:[], old=null
2023-07-28 03:22:31,770 [f4ca73dd-6b78-4056-9520-157df6408f3a-server-thread1] INFO  server.RaftServer$Division (ServerState.java:setRaftConf(434)) - f4ca73dd-6b78-4056-9520-157df6408f3a@group-47480EAAFCFC: set configuration 0: peers:[2b789b44-0f91-485a-b48f-c9199eaf29b8|rpc:10.1.0.5:15023|admin:10.1.0.5:15022|client:10.1.0.5:15021|dataStream:10.1.0.5:15024|priority:1|startupRole:FOLLOWER, f4ca73dd-6b78-4056-9520-157df6408f3a|rpc:10.1.0.5:15032|admin:10.1.0.5:15031|client:10.1.0.5:15030|dataStream:10.1.0.5:15033|priority:0|startupRole:FOLLOWER, e04aa943-cde2-4456-a19a-42c119af903b|rpc:10.1.0.5:15014|admin:10.1.0.5:15013|client:10.1.0.5:15012|dataStream:10.1.0.5:15015|priority:0|startupRole:FOLLOWER]|listeners:[], old=null
2023-07-28 03:22:31,771 [f4ca73dd-6b78-4056-9520-157df6408f3a-server-thread1] INFO  segmented.SegmentedRaftLogWorker (SegmentedRaftLogWorker.java:startLogSegment(447)) - f4ca73dd-6b78-4056-9520-157df6408f3a@group-47480EAAFCFC-SegmentedRaftLogWorker: Starting segment from index:0
2023-07-28 03:22:31,776 [f4ca73dd-6b78-4056-9520-157df6408f3a@group-47480EAAFCFC-SegmentedRaftLogWorker] INFO  segmented.SegmentedRaftLogWorker (SegmentedRaftLogWorker.java:execute(651)) - f4ca73dd-6b78-4056-9520-157df6408f3a@group-47480EAAFCFC-SegmentedRaftLogWorker: created new log segment /home/runner/work/ozone/ozone/hadoop-ozone/integration-test/target/test-dir/MiniOzoneClusterImpl-5d941c1b-c8eb-4358-ab64-bf73cd3544cf/datanode-2/data/ratis/7c057bca-95e1-4939-b0a5-47480eaafcfc/current/log_inprogress_0
2023-07-28 03:22:31,776 [e04aa943-cde2-4456-a19a-42c119af903b-server-thread1] INFO  segmented.SegmentedRaftLogWorker (SegmentedRaftLogWorker.java:startLogSegment(447)) - e04aa943-cde2-4456-a19a-42c119af903b@group-47480EAAFCFC-SegmentedRaftLogWorker: Starting segment from index:0
2023-07-28 03:22:31,779 [e04aa943-cde2-4456-a19a-42c119af903b@group-47480EAAFCFC-SegmentedRaftLogWorker] INFO  segmented.SegmentedRaftLogWorker (SegmentedRaftLogWorker.java:execute(651)) - e04aa943-cde2-4456-a19a-42c119af903b@group-47480EAAFCFC-SegmentedRaftLogWorker: created new log segment /home/runner/work/ozone/ozone/hadoop-ozone/integration-test/target/test-dir/MiniOzoneClusterImpl-5d941c1b-c8eb-4358-ab64-bf73cd3544cf/datanode-0/data/ratis/7c057bca-95e1-4939-b0a5-47480eaafcfc/current/log_inprogress_0
2023-07-28 03:22:32,087 [Time-limited test] INFO  rpc.RpcClient (RpcClient.java:createVolume(460)) - Creating Volume: ehhyztdsnc, with user79879 as owner and space quota set to -1 bytes, counts quota set to -1
2023-07-28 03:22:32,141 [OM StateMachine ApplyTransaction Thread - 0] INFO  volume.OMVolumeCreateRequest (OMVolumeCreateRequest.java:validateAndUpdateCache(196)) - created volume:ehhyztdsnc for user:user79879
2023-07-28 03:22:32,165 [Time-limited test] INFO  rpc.RpcClient (RpcClient.java:createBucket(687)) - Creating Bucket: ehhyztdsnc/peejdobbrt, with bucket layout LEGACY, runner as owner, Versioning false, Storage Type set to DISK and Encryption set to false, Replication Type set to server-side default replication type, Namespace Quota set to -1, Space Quota set to -1 
2023-07-28 03:22:32,189 [OM StateMachine ApplyTransaction Thread - 0] INFO  bucket.OMBucketCreateRequest (OMBucketCreateRequest.java:validateAndUpdateCache(270)) - created bucket: peejdobbrt of layout LEGACY in volume: ehhyztdsnc
2023-07-28 03:22:32,386 [IPC Server handler 2 on default port 15001] INFO  ha.SequenceIdGenerator (SequenceIdGenerator.java:getNextId(140)) - Allocate a batch for containerId, change lastId from 0 to 1000.
2023-07-28 03:22:32,398 [IPC Server handler 2 on default port 15001] WARN  ha.SequenceIdGenerator (SequenceIdGenerator.java:allocateBatch(253)) - Failed to allocate a batch for localId, expected lastId is 0, actual lastId is 111677748019200000.
2023-07-28 03:22:32,398 [IPC Server handler 2 on default port 15001] INFO  ha.SequenceIdGenerator (SequenceIdGenerator.java:getNextId(140)) - Allocate a batch for localId, change lastId from 111677748019200000 to 111677748019201000.
2023-07-28 03:22:32,488 [Time-limited test] INFO  impl.MetricsSystemImpl (MetricsSystemImpl.java:init(158)) - XceiverClientMetrics metrics system started (again)
2023-07-28 03:22:32,488 [Time-limited test] INFO  lib.Interns (Interns.java:removeEldestEntry(50)) - Metrics intern cache overflow at 2011 for MetricsSystem={MetricsSystem=MetricsInfoImpl{name=MetricsSystem, description=MetricsSystem}, MetricsSystem record=MetricsInfoImpl{name=MetricsSystem, description=MetricsSystem record}}
03:22:33.511 [IPC Server handler 13 on default port 15004] ERROR OMAudit - user=runner | ip=127.0.0.1 | op=GET_FILE_STATUS {volume=ehhyztdsnc, bucket=peejdobbrt, key=dir1, dataSize=0, replicationConfig=null} | ret=FAILURE
org.apache.hadoop.ozone.om.exceptions.OMException: Unable to get file status: volume: ehhyztdsnc bucket: peejdobbrt key: dir1
	at org.apache.hadoop.ozone.om.KeyManagerImpl.getOzoneFileStatus(KeyManagerImpl.java:1186) ~[ozone-manager-1.4.0-SNAPSHOT.jar:?]
	at org.apache.hadoop.ozone.om.KeyManagerImpl.getFileStatus(KeyManagerImpl.java:1104) ~[ozone-manager-1.4.0-SNAPSHOT.jar:?]
	at org.apache.hadoop.ozone.om.OmMetadataReader.getFileStatus(OmMetadataReader.java:262) ~[ozone-manager-1.4.0-SNAPSHOT.jar:?]
	at org.apache.hadoop.ozone.om.OzoneManager.getFileStatus(OzoneManager.java:3516) ~[ozone-manager-1.4.0-SNAPSHOT.jar:?]
	at org.apache.hadoop.ozone.protocolPB.OzoneManagerRequestHandler.getOzoneFileStatus(OzoneManagerRequestHandler.java:973) ~[ozone-manager-1.4.0-SNAPSHOT.jar:?]
	at org.apache.hadoop.ozone.protocolPB.OzoneManagerRequestHandler.handleReadRequest(OzoneManagerRequestHandler.java:252) ~[ozone-manager-1.4.0-SNAPSHOT.jar:?]
	at org.apache.hadoop.ozone.protocolPB.OzoneManagerProtocolServerSideTranslatorPB.submitReadRequestToOM(OzoneManagerProtocolServerSideTranslatorPB.java:225) ~[ozone-manager-1.4.0-SNAPSHOT.jar:?]
	at org.apache.hadoop.ozone.protocolPB.OzoneManagerProtocolServerSideTranslatorPB.processRequest(OzoneManagerProtocolServerSideTranslatorPB.java:179) ~[ozone-manager-1.4.0-SNAPSHOT.jar:?]
	at org.apache.hadoop.hdds.server.OzoneProtocolMessageDispatcher.processRequest(OzoneProtocolMessageDispatcher.java:87) [hdds-server-framework-1.4.0-SNAPSHOT.jar:?]
	at org.apache.hadoop.ozone.protocolPB.OzoneManagerProtocolServerSideTranslatorPB.submitRequest(OzoneManagerProtocolServerSideTranslatorPB.java:148) [ozone-manager-1.4.0-SNAPSHOT.jar:?]
	at org.apache.hadoop.ozone.protocol.proto.OzoneManagerProtocolProtos$OzoneManagerService$2.callBlockingMethod(OzoneManagerProtocolProtos.java) [ozone-interface-client-1.4.0-SNAPSHOT.jar:?]
	at org.apache.hadoop.ipc.ProtobufRpcEngine$Server.processCall(ProtobufRpcEngine.java:484) [hadoop-common-3.3.6.jar:?]
	at org.apache.hadoop.ipc.ProtobufRpcEngine2$Server$ProtoBufRpcInvoker.call(ProtobufRpcEngine2.java:595) [hadoop-common-3.3.6.jar:?]
	at org.apache.hadoop.ipc.ProtobufRpcEngine2$Server$ProtoBufRpcInvoker.call(ProtobufRpcEngine2.java:573) [hadoop-common-3.3.6.jar:?]
	at org.apache.hadoop.ipc.RPC$Server.call(RPC.java:1227) [hadoop-common-3.3.6.jar:?]
	at org.apache.hadoop.ipc.Server$RpcCall.run(Server.java:1094) [hadoop-common-3.3.6.jar:?]
	at org.apache.hadoop.ipc.Server$RpcCall.run(Server.java:1017) [hadoop-common-3.3.6.jar:?]
	at java.security.AccessController.doPrivileged(Native Method) ~[?:1.8.0_372]
	at javax.security.auth.Subject.doAs(Subject.java:422) [?:1.8.0_372]
	at org.apache.hadoop.security.UserGroupInformation.doAs(UserGroupInformation.java:1899) [hadoop-common-3.3.6.jar:?]
	at org.apache.hadoop.ipc.Server$Handler.run(Server.java:3048) [hadoop-common-3.3.6.jar:?]
03:22:33.526 [IPC Server handler 16 on default port 15004] ERROR OMAudit - user=runner | ip=127.0.0.1 | op=GET_FILE_STATUS {volume=ehhyztdsnc, bucket=peejdobbrt, key=dir1/dir2, dataSize=0, replicationConfig=null} | ret=FAILURE
org.apache.hadoop.ozone.om.exceptions.OMException: Unable to get file status: volume: ehhyztdsnc bucket: peejdobbrt key: dir1/dir2
	at org.apache.hadoop.ozone.om.KeyManagerImpl.getOzoneFileStatus(KeyManagerImpl.java:1186) ~[ozone-manager-1.4.0-SNAPSHOT.jar:?]
	at org.apache.hadoop.ozone.om.KeyManagerImpl.getFileStatus(KeyManagerImpl.java:1104) ~[ozone-manager-1.4.0-SNAPSHOT.jar:?]
	at org.apache.hadoop.ozone.om.OmMetadataReader.getFileStatus(OmMetadataReader.java:262) ~[ozone-manager-1.4.0-SNAPSHOT.jar:?]
	at org.apache.hadoop.ozone.om.OzoneManager.getFileStatus(OzoneManager.java:3516) ~[ozone-manager-1.4.0-SNAPSHOT.jar:?]
	at org.apache.hadoop.ozone.protocolPB.OzoneManagerRequestHandler.getOzoneFileStatus(OzoneManagerRequestHandler.java:973) ~[ozone-manager-1.4.0-SNAPSHOT.jar:?]
	at org.apache.hadoop.ozone.protocolPB.OzoneManagerRequestHandler.handleReadRequest(OzoneManagerRequestHandler.java:252) ~[ozone-manager-1.4.0-SNAPSHOT.jar:?]
	at org.apache.hadoop.ozone.protocolPB.OzoneManagerProtocolServerSideTranslatorPB.submitReadRequestToOM(OzoneManagerProtocolServerSideTranslatorPB.java:225) ~[ozone-manager-1.4.0-SNAPSHOT.jar:?]
	at org.apache.hadoop.ozone.protocolPB.OzoneManagerProtocolServerSideTranslatorPB.processRequest(OzoneManagerProtocolServerSideTranslatorPB.java:179) ~[ozone-manager-1.4.0-SNAPSHOT.jar:?]
	at org.apache.hadoop.hdds.server.OzoneProtocolMessageDispatcher.processRequest(OzoneProtocolMessageDispatcher.java:87) [hdds-server-framework-1.4.0-SNAPSHOT.jar:?]
	at org.apache.hadoop.ozone.protocolPB.OzoneManagerProtocolServerSideTranslatorPB.submitRequest(OzoneManagerProtocolServerSideTranslatorPB.java:148) [ozone-manager-1.4.0-SNAPSHOT.jar:?]
	at org.apache.hadoop.ozone.protocol.proto.OzoneManagerProtocolProtos$OzoneManagerService$2.callBlockingMethod(OzoneManagerProtocolProtos.java) [ozone-interface-client-1.4.0-SNAPSHOT.jar:?]
	at org.apache.hadoop.ipc.ProtobufRpcEngine$Server.processCall(ProtobufRpcEngine.java:484) [hadoop-common-3.3.6.jar:?]
	at org.apache.hadoop.ipc.ProtobufRpcEngine2$Server$ProtoBufRpcInvoker.call(ProtobufRpcEngine2.java:595) [hadoop-common-3.3.6.jar:?]
	at org.apache.hadoop.ipc.ProtobufRpcEngine2$Server$ProtoBufRpcInvoker.call(ProtobufRpcEngine2.java:573) [hadoop-common-3.3.6.jar:?]
	at org.apache.hadoop.ipc.RPC$Server.call(RPC.java:1227) [hadoop-common-3.3.6.jar:?]
	at org.apache.hadoop.ipc.Server$RpcCall.run(Server.java:1094) [hadoop-common-3.3.6.jar:?]
	at org.apache.hadoop.ipc.Server$RpcCall.run(Server.java:1017) [hadoop-common-3.3.6.jar:?]
	at java.security.AccessController.doPrivileged(Native Method) ~[?:1.8.0_372]
	at javax.security.auth.Subject.doAs(Subject.java:422) [?:1.8.0_372]
	at org.apache.hadoop.security.UserGroupInformation.doAs(UserGroupInformation.java:1899) [hadoop-common-3.3.6.jar:?]
	at org.apache.hadoop.ipc.Server$Handler.run(Server.java:3048) [hadoop-common-3.3.6.jar:?]
03:22:33.531 [IPC Server handler 18 on default port 15004] ERROR OMAudit - user=runner | ip=127.0.0.1 | op=GET_FILE_STATUS {volume=ehhyztdsnc, bucket=peejdobbrt, key=dir1/dir2/dir3, dataSize=0, replicationConfig=null} | ret=FAILURE
org.apache.hadoop.ozone.om.exceptions.OMException: Unable to get file status: volume: ehhyztdsnc bucket: peejdobbrt key: dir1/dir2/dir3
	at org.apache.hadoop.ozone.om.KeyManagerImpl.getOzoneFileStatus(KeyManagerImpl.java:1186) ~[ozone-manager-1.4.0-SNAPSHOT.jar:?]
	at org.apache.hadoop.ozone.om.KeyManagerImpl.getFileStatus(KeyManagerImpl.java:1104) ~[ozone-manager-1.4.0-SNAPSHOT.jar:?]
	at org.apache.hadoop.ozone.om.OmMetadataReader.getFileStatus(OmMetadataReader.java:262) ~[ozone-manager-1.4.0-SNAPSHOT.jar:?]
	at org.apache.hadoop.ozone.om.OzoneManager.getFileStatus(OzoneManager.java:3516) ~[ozone-manager-1.4.0-SNAPSHOT.jar:?]
	at org.apache.hadoop.ozone.protocolPB.OzoneManagerRequestHandler.getOzoneFileStatus(OzoneManagerRequestHandler.java:973) ~[ozone-manager-1.4.0-SNAPSHOT.jar:?]
	at org.apache.hadoop.ozone.protocolPB.OzoneManagerRequestHandler.handleReadRequest(OzoneManagerRequestHandler.java:252) ~[ozone-manager-1.4.0-SNAPSHOT.jar:?]
	at org.apache.hadoop.ozone.protocolPB.OzoneManagerProtocolServerSideTranslatorPB.submitReadRequestToOM(OzoneManagerProtocolServerSideTranslatorPB.java:225) ~[ozone-manager-1.4.0-SNAPSHOT.jar:?]
	at org.apache.hadoop.ozone.protocolPB.OzoneManagerProtocolServerSideTranslatorPB.processRequest(OzoneManagerProtocolServerSideTranslatorPB.java:179) ~[ozone-manager-1.4.0-SNAPSHOT.jar:?]
	at org.apache.hadoop.hdds.server.OzoneProtocolMessageDispatcher.processRequest(OzoneProtocolMessageDispatcher.java:87) [hdds-server-framework-1.4.0-SNAPSHOT.jar:?]
	at org.apache.hadoop.ozone.protocolPB.OzoneManagerProtocolServerSideTranslatorPB.submitRequest(OzoneManagerProtocolServerSideTranslatorPB.java:148) [ozone-manager-1.4.0-SNAPSHOT.jar:?]
	at org.apache.hadoop.ozone.protocol.proto.OzoneManagerProtocolProtos$OzoneManagerService$2.callBlockingMethod(OzoneManagerProtocolProtos.java) [ozone-interface-client-1.4.0-SNAPSHOT.jar:?]
	at org.apache.hadoop.ipc.ProtobufRpcEngine$Server.processCall(ProtobufRpcEngine.java:484) [hadoop-common-3.3.6.jar:?]
	at org.apache.hadoop.ipc.ProtobufRpcEngine2$Server$ProtoBufRpcInvoker.call(ProtobufRpcEngine2.java:595) [hadoop-common-3.3.6.jar:?]
	at org.apache.hadoop.ipc.ProtobufRpcEngine2$Server$ProtoBufRpcInvoker.call(ProtobufRpcEngine2.java:573) [hadoop-common-3.3.6.jar:?]
	at org.apache.hadoop.ipc.RPC$Server.call(RPC.java:1227) [hadoop-common-3.3.6.jar:?]
	at org.apache.hadoop.ipc.Server$RpcCall.run(Server.java:1094) [hadoop-common-3.3.6.jar:?]
	at org.apache.hadoop.ipc.Server$RpcCall.run(Server.java:1017) [hadoop-common-3.3.6.jar:?]
	at java.security.AccessController.doPrivileged(Native Method) ~[?:1.8.0_372]
	at javax.security.auth.Subject.doAs(Subject.java:422) [?:1.8.0_372]
	at org.apache.hadoop.security.UserGroupInformation.doAs(UserGroupInformation.java:1899) [hadoop-common-3.3.6.jar:?]
	at org.apache.hadoop.ipc.Server$Handler.run(Server.java:3048) [hadoop-common-3.3.6.jar:?]
03:22:33.536 [IPC Server handler 17 on default port 15004] ERROR OMAudit - user=runner | ip=127.0.0.1 | op=GET_FILE_STATUS {volume=ehhyztdsnc, bucket=peejdobbrt, key=dir1/dir2/dir3/dir4, dataSize=0, replicationConfig=null} | ret=FAILURE
org.apache.hadoop.ozone.om.exceptions.OMException: Unable to get file status: volume: ehhyztdsnc bucket: peejdobbrt key: dir1/dir2/dir3/dir4
	at org.apache.hadoop.ozone.om.KeyManagerImpl.getOzoneFileStatus(KeyManagerImpl.java:1186) ~[ozone-manager-1.4.0-SNAPSHOT.jar:?]
	at org.apache.hadoop.ozone.om.KeyManagerImpl.getFileStatus(KeyManagerImpl.java:1104) ~[ozone-manager-1.4.0-SNAPSHOT.jar:?]
	at org.apache.hadoop.ozone.om.OmMetadataReader.getFileStatus(OmMetadataReader.java:262) ~[ozone-manager-1.4.0-SNAPSHOT.jar:?]
	at org.apache.hadoop.ozone.om.OzoneManager.getFileStatus(OzoneManager.java:3516) ~[ozone-manager-1.4.0-SNAPSHOT.jar:?]
	at org.apache.hadoop.ozone.protocolPB.OzoneManagerRequestHandler.getOzoneFileStatus(OzoneManagerRequestHandler.java:973) ~[ozone-manager-1.4.0-SNAPSHOT.jar:?]
	at org.apache.hadoop.ozone.protocolPB.OzoneManagerRequestHandler.handleReadRequest(OzoneManagerRequestHandler.java:252) ~[ozone-manager-1.4.0-SNAPSHOT.jar:?]
	at org.apache.hadoop.ozone.protocolPB.OzoneManagerProtocolServerSideTranslatorPB.submitReadRequestToOM(OzoneManagerProtocolServerSideTranslatorPB.java:225) ~[ozone-manager-1.4.0-SNAPSHOT.jar:?]
	at org.apache.hadoop.ozone.protocolPB.OzoneManagerProtocolServerSideTranslatorPB.processRequest(OzoneManagerProtocolServerSideTranslatorPB.java:179) ~[ozone-manager-1.4.0-SNAPSHOT.jar:?]
	at org.apache.hadoop.hdds.server.OzoneProtocolMessageDispatcher.processRequest(OzoneProtocolMessageDispatcher.java:87) [hdds-server-framework-1.4.0-SNAPSHOT.jar:?]
	at org.apache.hadoop.ozone.protocolPB.OzoneManagerProtocolServerSideTranslatorPB.submitRequest(OzoneManagerProtocolServerSideTranslatorPB.java:148) [ozone-manager-1.4.0-SNAPSHOT.jar:?]
	at org.apache.hadoop.ozone.protocol.proto.OzoneManagerProtocolProtos$OzoneManagerService$2.callBlockingMethod(OzoneManagerProtocolProtos.java) [ozone-interface-client-1.4.0-SNAPSHOT.jar:?]
	at org.apache.hadoop.ipc.ProtobufRpcEngine$Server.processCall(ProtobufRpcEngine.java:484) [hadoop-common-3.3.6.jar:?]
	at org.apache.hadoop.ipc.ProtobufRpcEngine2$Server$ProtoBufRpcInvoker.call(ProtobufRpcEngine2.java:595) [hadoop-common-3.3.6.jar:?]
	at org.apache.hadoop.ipc.ProtobufRpcEngine2$Server$ProtoBufRpcInvoker.call(ProtobufRpcEngine2.java:573) [hadoop-common-3.3.6.jar:?]
	at org.apache.hadoop.ipc.RPC$Server.call(RPC.java:1227) [hadoop-common-3.3.6.jar:?]
	at org.apache.hadoop.ipc.Server$RpcCall.run(Server.java:1094) [hadoop-common-3.3.6.jar:?]
	at org.apache.hadoop.ipc.Server$RpcCall.run(Server.java:1017) [hadoop-common-3.3.6.jar:?]
	at java.security.AccessController.doPrivileged(Native Method) ~[?:1.8.0_372]
	at javax.security.auth.Subject.doAs(Subject.java:422) [?:1.8.0_372]
	at org.apache.hadoop.security.UserGroupInformation.doAs(UserGroupInformation.java:1899) [hadoop-common-3.3.6.jar:?]
	at org.apache.hadoop.ipc.Server$Handler.run(Server.java:3048) [hadoop-common-3.3.6.jar:?]
03:22:33.539 [IPC Server handler 15 on default port 15004] ERROR OMAudit - user=runner | ip=127.0.0.1 | op=GET_FILE_STATUS {volume=ehhyztdsnc, bucket=peejdobbrt, key=dir1/dir2/dir3/dir4/file1, dataSize=0, replicationConfig=null} | ret=FAILURE
org.apache.hadoop.ozone.om.exceptions.OMException: Unable to get file status: volume: ehhyztdsnc bucket: peejdobbrt key: dir1/dir2/dir3/dir4/file1
	at org.apache.hadoop.ozone.om.KeyManagerImpl.getOzoneFileStatus(KeyManagerImpl.java:1186) ~[ozone-manager-1.4.0-SNAPSHOT.jar:?]
	at org.apache.hadoop.ozone.om.KeyManagerImpl.getFileStatus(KeyManagerImpl.java:1104) ~[ozone-manager-1.4.0-SNAPSHOT.jar:?]
	at org.apache.hadoop.ozone.om.OmMetadataReader.getFileStatus(OmMetadataReader.java:262) ~[ozone-manager-1.4.0-SNAPSHOT.jar:?]
	at org.apache.hadoop.ozone.om.OzoneManager.getFileStatus(OzoneManager.java:3516) ~[ozone-manager-1.4.0-SNAPSHOT.jar:?]
	at org.apache.hadoop.ozone.protocolPB.OzoneManagerRequestHandler.getOzoneFileStatus(OzoneManagerRequestHandler.java:973) ~[ozone-manager-1.4.0-SNAPSHOT.jar:?]
	at org.apache.hadoop.ozone.protocolPB.OzoneManagerRequestHandler.handleReadRequest(OzoneManagerRequestHandler.java:252) ~[ozone-manager-1.4.0-SNAPSHOT.jar:?]
	at org.apache.hadoop.ozone.protocolPB.OzoneManagerProtocolServerSideTranslatorPB.submitReadRequestToOM(OzoneManagerProtocolServerSideTranslatorPB.java:225) ~[ozone-manager-1.4.0-SNAPSHOT.jar:?]
	at org.apache.hadoop.ozone.protocolPB.OzoneManagerProtocolServerSideTranslatorPB.processRequest(OzoneManagerProtocolServerSideTranslatorPB.java:179) ~[ozone-manager-1.4.0-SNAPSHOT.jar:?]
	at org.apache.hadoop.hdds.server.OzoneProtocolMessageDispatcher.processRequest(OzoneProtocolMessageDispatcher.java:87) [hdds-server-framework-1.4.0-SNAPSHOT.jar:?]
	at org.apache.hadoop.ozone.protocolPB.OzoneManagerProtocolServerSideTranslatorPB.submitRequest(OzoneManagerProtocolServerSideTranslatorPB.java:148) [ozone-manager-1.4.0-SNAPSHOT.jar:?]
	at org.apache.hadoop.ozone.protocol.proto.OzoneManagerProtocolProtos$OzoneManagerService$2.callBlockingMethod(OzoneManagerProtocolProtos.java) [ozone-interface-client-1.4.0-SNAPSHOT.jar:?]
	at org.apache.hadoop.ipc.ProtobufRpcEngine$Server.processCall(ProtobufRpcEngine.java:484) [hadoop-common-3.3.6.jar:?]
	at org.apache.hadoop.ipc.ProtobufRpcEngine2$Server$ProtoBufRpcInvoker.call(ProtobufRpcEngine2.java:595) [hadoop-common-3.3.6.jar:?]
	at org.apache.hadoop.ipc.ProtobufRpcEngine2$Server$ProtoBufRpcInvoker.call(ProtobufRpcEngine2.java:573) [hadoop-common-3.3.6.jar:?]
	at org.apache.hadoop.ipc.RPC$Server.call(RPC.java:1227) [hadoop-common-3.3.6.jar:?]
	at org.apache.hadoop.ipc.Server$RpcCall.run(Server.java:1094) [hadoop-common-3.3.6.jar:?]
	at org.apache.hadoop.ipc.Server$RpcCall.run(Server.java:1017) [hadoop-common-3.3.6.jar:?]
	at java.security.AccessController.doPrivileged(Native Method) ~[?:1.8.0_372]
	at javax.security.auth.Subject.doAs(Subject.java:422) [?:1.8.0_372]
	at org.apache.hadoop.security.UserGroupInformation.doAs(UserGroupInformation.java:1899) [hadoop-common-3.3.6.jar:?]
	at org.apache.hadoop.ipc.Server$Handler.run(Server.java:3048) [hadoop-common-3.3.6.jar:?]
03:22:33.542 [IPC Server handler 14 on default port 15004] ERROR OMAudit - user=runner | ip=127.0.0.1 | op=GET_FILE_STATUS {volume=ehhyztdsnc, bucket=peejdobbrt, key=dir1/dir2/dir3/dir4/file2, dataSize=0, replicationConfig=null} | ret=FAILURE
org.apache.hadoop.ozone.om.exceptions.OMException: Unable to get file status: volume: ehhyztdsnc bucket: peejdobbrt key: dir1/dir2/dir3/dir4/file2
	at org.apache.hadoop.ozone.om.KeyManagerImpl.getOzoneFileStatus(KeyManagerImpl.java:1186) ~[ozone-manager-1.4.0-SNAPSHOT.jar:?]
	at org.apache.hadoop.ozone.om.KeyManagerImpl.getFileStatus(KeyManagerImpl.java:1104) ~[ozone-manager-1.4.0-SNAPSHOT.jar:?]
	at org.apache.hadoop.ozone.om.OmMetadataReader.getFileStatus(OmMetadataReader.java:262) ~[ozone-manager-1.4.0-SNAPSHOT.jar:?]
	at org.apache.hadoop.ozone.om.OzoneManager.getFileStatus(OzoneManager.java:3516) ~[ozone-manager-1.4.0-SNAPSHOT.jar:?]
	at org.apache.hadoop.ozone.protocolPB.OzoneManagerRequestHandler.getOzoneFileStatus(OzoneManagerRequestHandler.java:973) ~[ozone-manager-1.4.0-SNAPSHOT.jar:?]
	at org.apache.hadoop.ozone.protocolPB.OzoneManagerRequestHandler.handleReadRequest(OzoneManagerRequestHandler.java:252) ~[ozone-manager-1.4.0-SNAPSHOT.jar:?]
	at org.apache.hadoop.ozone.protocolPB.OzoneManagerProtocolServerSideTranslatorPB.submitReadRequestToOM(OzoneManagerProtocolServerSideTranslatorPB.java:225) ~[ozone-manager-1.4.0-SNAPSHOT.jar:?]
	at org.apache.hadoop.ozone.protocolPB.OzoneManagerProtocolServerSideTranslatorPB.processRequest(OzoneManagerProtocolServerSideTranslatorPB.java:179) ~[ozone-manager-1.4.0-SNAPSHOT.jar:?]
	at org.apache.hadoop.hdds.server.OzoneProtocolMessageDispatcher.processRequest(OzoneProtocolMessageDispatcher.java:87) [hdds-server-framework-1.4.0-SNAPSHOT.jar:?]
	at org.apache.hadoop.ozone.protocolPB.OzoneManagerProtocolServerSideTranslatorPB.submitRequest(OzoneManagerProtocolServerSideTranslatorPB.java:148) [ozone-manager-1.4.0-SNAPSHOT.jar:?]
	at org.apache.hadoop.ozone.protocol.proto.OzoneManagerProtocolProtos$OzoneManagerService$2.callBlockingMethod(OzoneManagerProtocolProtos.java) [ozone-interface-client-1.4.0-SNAPSHOT.jar:?]
	at org.apache.hadoop.ipc.ProtobufRpcEngine$Server.processCall(ProtobufRpcEngine.java:484) [hadoop-common-3.3.6.jar:?]
	at org.apache.hadoop.ipc.ProtobufRpcEngine2$Server$ProtoBufRpcInvoker.call(ProtobufRpcEngine2.java:595) [hadoop-common-3.3.6.jar:?]
	at org.apache.hadoop.ipc.ProtobufRpcEngine2$Server$ProtoBufRpcInvoker.call(ProtobufRpcEngine2.java:573) [hadoop-common-3.3.6.jar:?]
	at org.apache.hadoop.ipc.RPC$Server.call(RPC.java:1227) [hadoop-common-3.3.6.jar:?]
	at org.apache.hadoop.ipc.Server$RpcCall.run(Server.java:1094) [hadoop-common-3.3.6.jar:?]
	at org.apache.hadoop.ipc.Server$RpcCall.run(Server.java:1017) [hadoop-common-3.3.6.jar:?]
	at java.security.AccessController.doPrivileged(Native Method) ~[?:1.8.0_372]
	at javax.security.auth.Subject.doAs(Subject.java:422) [?:1.8.0_372]
	at org.apache.hadoop.security.UserGroupInformation.doAs(UserGroupInformation.java:1899) [hadoop-common-3.3.6.jar:?]
	at org.apache.hadoop.ipc.Server$Handler.run(Server.java:3048) [hadoop-common-3.3.6.jar:?]
03:22:33.545 [IPC Server handler 12 on default port 15004] ERROR OMAudit - user=runner | ip=127.0.0.1 | op=GET_FILE_STATUS {volume=ehhyztdsnc, bucket=peejdobbrt, key=dir1/dir2/dir3/dir4/file3, dataSize=0, replicationConfig=null} | ret=FAILURE
org.apache.hadoop.ozone.om.exceptions.OMException: Unable to get file status: volume: ehhyztdsnc bucket: peejdobbrt key: dir1/dir2/dir3/dir4/file3
	at org.apache.hadoop.ozone.om.KeyManagerImpl.getOzoneFileStatus(KeyManagerImpl.java:1186) ~[ozone-manager-1.4.0-SNAPSHOT.jar:?]
	at org.apache.hadoop.ozone.om.KeyManagerImpl.getFileStatus(KeyManagerImpl.java:1104) ~[ozone-manager-1.4.0-SNAPSHOT.jar:?]
	at org.apache.hadoop.ozone.om.OmMetadataReader.getFileStatus(OmMetadataReader.java:262) ~[ozone-manager-1.4.0-SNAPSHOT.jar:?]
	at org.apache.hadoop.ozone.om.OzoneManager.getFileStatus(OzoneManager.java:3516) ~[ozone-manager-1.4.0-SNAPSHOT.jar:?]
	at org.apache.hadoop.ozone.protocolPB.OzoneManagerRequestHandler.getOzoneFileStatus(OzoneManagerRequestHandler.java:973) ~[ozone-manager-1.4.0-SNAPSHOT.jar:?]
	at org.apache.hadoop.ozone.protocolPB.OzoneManagerRequestHandler.handleReadRequest(OzoneManagerRequestHandler.java:252) ~[ozone-manager-1.4.0-SNAPSHOT.jar:?]
	at org.apache.hadoop.ozone.protocolPB.OzoneManagerProtocolServerSideTranslatorPB.submitReadRequestToOM(OzoneManagerProtocolServerSideTranslatorPB.java:225) ~[ozone-manager-1.4.0-SNAPSHOT.jar:?]
	at org.apache.hadoop.ozone.protocolPB.OzoneManagerProtocolServerSideTranslatorPB.processRequest(OzoneManagerProtocolServerSideTranslatorPB.java:179) ~[ozone-manager-1.4.0-SNAPSHOT.jar:?]
	at org.apache.hadoop.hdds.server.OzoneProtocolMessageDispatcher.processRequest(OzoneProtocolMessageDispatcher.java:87) [hdds-server-framework-1.4.0-SNAPSHOT.jar:?]
	at org.apache.hadoop.ozone.protocolPB.OzoneManagerProtocolServerSideTranslatorPB.submitRequest(OzoneManagerProtocolServerSideTranslatorPB.java:148) [ozone-manager-1.4.0-SNAPSHOT.jar:?]
	at org.apache.hadoop.ozone.protocol.proto.OzoneManagerProtocolProtos$OzoneManagerService$2.callBlockingMethod(OzoneManagerProtocolProtos.java) [ozone-interface-client-1.4.0-SNAPSHOT.jar:?]
	at org.apache.hadoop.ipc.ProtobufRpcEngine$Server.processCall(ProtobufRpcEngine.java:484) [hadoop-common-3.3.6.jar:?]
	at org.apache.hadoop.ipc.ProtobufRpcEngine2$Server$ProtoBufRpcInvoker.call(ProtobufRpcEngine2.java:595) [hadoop-common-3.3.6.jar:?]
	at org.apache.hadoop.ipc.ProtobufRpcEngine2$Server$ProtoBufRpcInvoker.call(ProtobufRpcEngine2.java:573) [hadoop-common-3.3.6.jar:?]
	at org.apache.hadoop.ipc.RPC$Server.call(RPC.java:1227) [hadoop-common-3.3.6.jar:?]
	at org.apache.hadoop.ipc.Server$RpcCall.run(Server.java:1094) [hadoop-common-3.3.6.jar:?]
	at org.apache.hadoop.ipc.Server$RpcCall.run(Server.java:1017) [hadoop-common-3.3.6.jar:?]
	at java.security.AccessController.doPrivileged(Native Method) ~[?:1.8.0_372]
	at javax.security.auth.Subject.doAs(Subject.java:422) [?:1.8.0_372]
	at org.apache.hadoop.security.UserGroupInformation.doAs(UserGroupInformation.java:1899) [hadoop-common-3.3.6.jar:?]
	at org.apache.hadoop.ipc.Server$Handler.run(Server.java:3048) [hadoop-common-3.3.6.jar:?]
03:22:33.811 [IPC Server handler 6 on default port 15004] ERROR OMAudit - user=runner | ip=127.0.0.1 | op=LIST_STATUS {volume=ehhyztdsnc, bucket=peejdobbrt, key=dest/dir1, dataSize=0, replicationConfig=null} | ret=FAILURE
org.apache.hadoop.ozone.om.exceptions.OMException: Unable to get file status: volume: ehhyztdsnc bucket: peejdobbrt key: dest/dir1
	at org.apache.hadoop.ozone.om.KeyManagerImpl.getOzoneFileStatus(KeyManagerImpl.java:1186) ~[ozone-manager-1.4.0-SNAPSHOT.jar:?]
	at org.apache.hadoop.ozone.om.KeyManagerImpl.getFileStatus(KeyManagerImpl.java:1104) ~[ozone-manager-1.4.0-SNAPSHOT.jar:?]
	at org.apache.hadoop.ozone.om.KeyManagerImpl.listStatus(KeyManagerImpl.java:1496) ~[ozone-manager-1.4.0-SNAPSHOT.jar:?]
	at org.apache.hadoop.ozone.om.OmMetadataReader.listStatus(OmMetadataReader.java:235) ~[ozone-manager-1.4.0-SNAPSHOT.jar:?]
	at org.apache.hadoop.ozone.om.OzoneManager.listStatus(OzoneManager.java:3546) ~[ozone-manager-1.4.0-SNAPSHOT.jar:?]
	at org.apache.hadoop.ozone.protocolPB.OzoneManagerRequestHandler.listStatus(OzoneManagerRequestHandler.java:1145) ~[ozone-manager-1.4.0-SNAPSHOT.jar:?]
	at org.apache.hadoop.ozone.protocolPB.OzoneManagerRequestHandler.handleReadRequest(OzoneManagerRequestHandler.java:263) ~[ozone-manager-1.4.0-SNAPSHOT.jar:?]
	at org.apache.hadoop.ozone.protocolPB.OzoneManagerProtocolServerSideTranslatorPB.submitReadRequestToOM(OzoneManagerProtocolServerSideTranslatorPB.java:225) ~[ozone-manager-1.4.0-SNAPSHOT.jar:?]
	at org.apache.hadoop.ozone.protocolPB.OzoneManagerProtocolServerSideTranslatorPB.processRequest(OzoneManagerProtocolServerSideTranslatorPB.java:179) ~[ozone-manager-1.4.0-SNAPSHOT.jar:?]
	at org.apache.hadoop.hdds.server.OzoneProtocolMessageDispatcher.processRequest(OzoneProtocolMessageDispatcher.java:87) [hdds-server-framework-1.4.0-SNAPSHOT.jar:?]
	at org.apache.hadoop.ozone.protocolPB.OzoneManagerProtocolServerSideTranslatorPB.submitRequest(OzoneManagerProtocolServerSideTranslatorPB.java:148) [ozone-manager-1.4.0-SNAPSHOT.jar:?]
	at org.apache.hadoop.ozone.protocol.proto.OzoneManagerProtocolProtos$OzoneManagerService$2.callBlockingMethod(OzoneManagerProtocolProtos.java) [ozone-interface-client-1.4.0-SNAPSHOT.jar:?]
	at org.apache.hadoop.ipc.ProtobufRpcEngine$Server.processCall(ProtobufRpcEngine.java:484) [hadoop-common-3.3.6.jar:?]
	at org.apache.hadoop.ipc.ProtobufRpcEngine2$Server$ProtoBufRpcInvoker.call(ProtobufRpcEngine2.java:595) [hadoop-common-3.3.6.jar:?]
	at org.apache.hadoop.ipc.ProtobufRpcEngine2$Server$ProtoBufRpcInvoker.call(ProtobufRpcEngine2.java:573) [hadoop-common-3.3.6.jar:?]
	at org.apache.hadoop.ipc.RPC$Server.call(RPC.java:1227) [hadoop-common-3.3.6.jar:?]
	at org.apache.hadoop.ipc.Server$RpcCall.run(Server.java:1094) [hadoop-common-3.3.6.jar:?]
	at org.apache.hadoop.ipc.Server$RpcCall.run(Server.java:1017) [hadoop-common-3.3.6.jar:?]
	at java.security.AccessController.doPrivileged(Native Method) ~[?:1.8.0_372]
	at javax.security.auth.Subject.doAs(Subject.java:422) [?:1.8.0_372]
	at org.apache.hadoop.security.UserGroupInformation.doAs(UserGroupInformation.java:1899) [hadoop-common-3.3.6.jar:?]
	at org.apache.hadoop.ipc.Server$Handler.run(Server.java:3048) [hadoop-common-3.3.6.jar:?]
]]></system-out>
  </testcase>
  <testcase name="testListKeysWithNotNormalizedPath" classname="org.apache.hadoop.fs.ozone.TestOzoneFSWithObjectStoreCreate" time="0.578">
    <system-out><![CDATA[2023-07-28 03:22:33,938 [Time-limited test] INFO  rpc.RpcClient (RpcClient.java:createVolume(460)) - Creating Volume: tjoqsyvnxk, with user70418 as owner and space quota set to -1 bytes, counts quota set to -1
2023-07-28 03:22:33,946 [OM StateMachine ApplyTransaction Thread - 0] INFO  volume.OMVolumeCreateRequest (OMVolumeCreateRequest.java:validateAndUpdateCache(196)) - created volume:tjoqsyvnxk for user:user70418
2023-07-28 03:22:33,954 [Time-limited test] INFO  rpc.RpcClient (RpcClient.java:createBucket(687)) - Creating Bucket: tjoqsyvnxk/jyrbrighbv, with bucket layout LEGACY, runner as owner, Versioning false, Storage Type set to DISK and Encryption set to false, Replication Type set to server-side default replication type, Namespace Quota set to -1, Space Quota set to -1 
2023-07-28 03:22:33,958 [OM StateMachine ApplyTransaction Thread - 0] INFO  bucket.OMBucketCreateRequest (OMBucketCreateRequest.java:validateAndUpdateCache(270)) - created bucket: jyrbrighbv of layout LEGACY in volume: tjoqsyvnxk
2023-07-28 03:22:34,087 [IPC Server handler 6 on default port 15001] WARN  node.SCMNodeManager (SCMNodeManager.java:getNodesByAddress(1373)) - Cannot find node for address 127.0.0.1
2023-07-28 03:22:34,196 [IPC Server handler 2 on default port 15001] WARN  node.SCMNodeManager (SCMNodeManager.java:getNodesByAddress(1373)) - Cannot find node for address 127.0.0.1
2023-07-28 03:22:34,303 [IPC Server handler 4 on default port 15001] WARN  node.SCMNodeManager (SCMNodeManager.java:getNodesByAddress(1373)) - Cannot find node for address 127.0.0.1
2023-07-28 03:22:34,334 [IPC Server handler 5 on default port 15001] WARN  node.SCMNodeManager (SCMNodeManager.java:getNodesByAddress(1373)) - Cannot find node for address 127.0.0.1
2023-07-28 03:22:34,437 [IPC Server handler 6 on default port 15001] WARN  node.SCMNodeManager (SCMNodeManager.java:getNodesByAddress(1373)) - Cannot find node for address 127.0.0.1
2023-07-28 03:22:34,453 [IPC Server handler 8 on default port 15001] WARN  node.SCMNodeManager (SCMNodeManager.java:getNodesByAddress(1373)) - Cannot find node for address 127.0.0.1
]]></system-out>
  </testcase>
  <testcase name="testCreateDirectoryFirstThenKeyAndFileWithSameName" classname="org.apache.hadoop.fs.ozone.TestOzoneFSWithObjectStoreCreate" time="0.097">
    <system-out><![CDATA[2023-07-28 03:22:34,512 [Time-limited test] INFO  rpc.RpcClient (RpcClient.java:createVolume(460)) - Creating Volume: utsmjrqrmv, with user52374 as owner and space quota set to -1 bytes, counts quota set to -1
2023-07-28 03:22:34,519 [OM StateMachine ApplyTransaction Thread - 0] INFO  volume.OMVolumeCreateRequest (OMVolumeCreateRequest.java:validateAndUpdateCache(196)) - created volume:utsmjrqrmv for user:user52374
2023-07-28 03:22:34,523 [Time-limited test] INFO  rpc.RpcClient (RpcClient.java:createBucket(687)) - Creating Bucket: utsmjrqrmv/sgozhjaibr, with bucket layout LEGACY, runner as owner, Versioning false, Storage Type set to DISK and Encryption set to false, Replication Type set to server-side default replication type, Namespace Quota set to -1, Space Quota set to -1 
2023-07-28 03:22:34,526 [OM StateMachine ApplyTransaction Thread - 0] INFO  bucket.OMBucketCreateRequest (OMBucketCreateRequest.java:validateAndUpdateCache(270)) - created bucket: sgozhjaibr of layout LEGACY in volume: utsmjrqrmv
03:22:34.575 [OM StateMachine ApplyTransaction Thread - 0] ERROR OMAudit - user=runner | ip=127.0.0.1 | op=CREATE_FILE {volume=utsmjrqrmv, bucket=sgozhjaibr, key=t1/t2, dataSize=4194304, replicationType=RATIS, replicationFactor=THREE} | ret=FAILURE
org.apache.hadoop.ozone.om.exceptions.OMException: Can not write to directory: t1/t2
	at org.apache.hadoop.ozone.om.request.file.OMFileCreateRequest.checkDirectoryResult(OMFileCreateRequest.java:364) ~[ozone-manager-1.4.0-SNAPSHOT.jar:?]
	at org.apache.hadoop.ozone.om.request.file.OMFileCreateRequest.validateAndUpdateCache(OMFileCreateRequest.java:239) ~[ozone-manager-1.4.0-SNAPSHOT.jar:?]
	at org.apache.hadoop.ozone.protocolPB.OzoneManagerRequestHandler.handleWriteRequest(OzoneManagerRequestHandler.java:375) ~[ozone-manager-1.4.0-SNAPSHOT.jar:?]
	at org.apache.hadoop.ozone.om.ratis.OzoneManagerStateMachine.runCommand(OzoneManagerStateMachine.java:568) ~[ozone-manager-1.4.0-SNAPSHOT.jar:?]
	at org.apache.hadoop.ozone.om.ratis.OzoneManagerStateMachine.lambda$1(OzoneManagerStateMachine.java:359) ~[ozone-manager-1.4.0-SNAPSHOT.jar:?]
	at java.util.concurrent.CompletableFuture$AsyncSupply.run(CompletableFuture.java:1604) [?:1.8.0_372]
	at java.util.concurrent.ThreadPoolExecutor.runWorker(ThreadPoolExecutor.java:1149) [?:1.8.0_372]
	at java.util.concurrent.ThreadPoolExecutor$Worker.run(ThreadPoolExecutor.java:624) [?:1.8.0_372]
	at java.lang.Thread.run(Thread.java:750) [?:1.8.0_372]
2023-07-28 03:22:34,576 [OM StateMachine ApplyTransaction Thread - 0] ERROR file.OMFileCreateRequest (OMFileCreateRequest.java:validateAndUpdateCache(337)) - File create failed. Volume:utsmjrqrmv, Bucket:sgozhjaibr, Keyt1/t2.
NOT_A_FILE org.apache.hadoop.ozone.om.exceptions.OMException: Can not write to directory: t1/t2
	at org.apache.hadoop.ozone.om.request.file.OMFileCreateRequest.checkDirectoryResult(OMFileCreateRequest.java:364)
	at org.apache.hadoop.ozone.om.request.file.OMFileCreateRequest.validateAndUpdateCache(OMFileCreateRequest.java:239)
	at org.apache.hadoop.ozone.protocolPB.OzoneManagerRequestHandler.handleWriteRequest(OzoneManagerRequestHandler.java:375)
	at org.apache.hadoop.ozone.om.ratis.OzoneManagerStateMachine.runCommand(OzoneManagerStateMachine.java:568)
	at org.apache.hadoop.ozone.om.ratis.OzoneManagerStateMachine.lambda$1(OzoneManagerStateMachine.java:359)
	at java.util.concurrent.CompletableFuture$AsyncSupply.run(CompletableFuture.java:1604)
	at java.util.concurrent.ThreadPoolExecutor.runWorker(ThreadPoolExecutor.java:1149)
	at java.util.concurrent.ThreadPoolExecutor$Worker.run(ThreadPoolExecutor.java:624)
	at java.lang.Thread.run(Thread.java:750)
03:22:34.594 [OM StateMachine ApplyTransaction Thread - 0] ERROR OMAudit - user=runner | ip=127.0.0.1 | op=ALLOCATE_KEY {volume=utsmjrqrmv, bucket=sgozhjaibr, key=t1/t2, dataSize=4194304, replicationType=NONE, replicationFactor=ZERO} | ret=FAILURE
org.apache.hadoop.ozone.om.exceptions.OMException: Cannot write to directory. createIntermediateDirs behavior is enabled and hence / has special interpretation: t1/t2
	at org.apache.hadoop.ozone.om.request.key.OMKeyCreateRequest.validateAndUpdateCache(OMKeyCreateRequest.java:255) ~[ozone-manager-1.4.0-SNAPSHOT.jar:?]
	at org.apache.hadoop.ozone.protocolPB.OzoneManagerRequestHandler.handleWriteRequest(OzoneManagerRequestHandler.java:375) ~[ozone-manager-1.4.0-SNAPSHOT.jar:?]
	at org.apache.hadoop.ozone.om.ratis.OzoneManagerStateMachine.runCommand(OzoneManagerStateMachine.java:568) ~[ozone-manager-1.4.0-SNAPSHOT.jar:?]
	at org.apache.hadoop.ozone.om.ratis.OzoneManagerStateMachine.lambda$1(OzoneManagerStateMachine.java:359) ~[ozone-manager-1.4.0-SNAPSHOT.jar:?]
	at java.util.concurrent.CompletableFuture$AsyncSupply.run(CompletableFuture.java:1604) [?:1.8.0_372]
	at java.util.concurrent.ThreadPoolExecutor.runWorker(ThreadPoolExecutor.java:1149) [?:1.8.0_372]
	at java.util.concurrent.ThreadPoolExecutor$Worker.run(ThreadPoolExecutor.java:624) [?:1.8.0_372]
	at java.lang.Thread.run(Thread.java:750) [?:1.8.0_372]
2023-07-28 03:22:34,594 [OM StateMachine ApplyTransaction Thread - 0] ERROR key.OMKeyCreateRequest (OMKeyCreateRequest.java:logResult(380)) - Key creation failed. Volume:utsmjrqrmv, Bucket:sgozhjaibr, Key:t1/t2. 
NOT_A_FILE org.apache.hadoop.ozone.om.exceptions.OMException: Cannot write to directory. createIntermediateDirs behavior is enabled and hence / has special interpretation: t1/t2
	at org.apache.hadoop.ozone.om.request.key.OMKeyCreateRequest.validateAndUpdateCache(OMKeyCreateRequest.java:255)
	at org.apache.hadoop.ozone.protocolPB.OzoneManagerRequestHandler.handleWriteRequest(OzoneManagerRequestHandler.java:375)
	at org.apache.hadoop.ozone.om.ratis.OzoneManagerStateMachine.runCommand(OzoneManagerStateMachine.java:568)
	at org.apache.hadoop.ozone.om.ratis.OzoneManagerStateMachine.lambda$1(OzoneManagerStateMachine.java:359)
	at java.util.concurrent.CompletableFuture$AsyncSupply.run(CompletableFuture.java:1604)
	at java.util.concurrent.ThreadPoolExecutor.runWorker(ThreadPoolExecutor.java:1149)
	at java.util.concurrent.ThreadPoolExecutor$Worker.run(ThreadPoolExecutor.java:624)
	at java.lang.Thread.run(Thread.java:750)
]]></system-out>
  </testcase>
  <testcase name="testKeyCreationFailDuetoDirectoryCreationBeforeCommit" classname="org.apache.hadoop.fs.ozone.TestOzoneFSWithObjectStoreCreate" time="0.134">
    <system-out><![CDATA[2023-07-28 03:22:34,613 [Time-limited test] INFO  rpc.RpcClient (RpcClient.java:createVolume(460)) - Creating Volume: kgnovecuwn, with user64068 as owner and space quota set to -1 bytes, counts quota set to -1
2023-07-28 03:22:34,619 [OM StateMachine ApplyTransaction Thread - 0] INFO  volume.OMVolumeCreateRequest (OMVolumeCreateRequest.java:validateAndUpdateCache(196)) - created volume:kgnovecuwn for user:user64068
2023-07-28 03:22:34,624 [Time-limited test] INFO  rpc.RpcClient (RpcClient.java:createBucket(687)) - Creating Bucket: kgnovecuwn/tlvurfvnbm, with bucket layout LEGACY, runner as owner, Versioning false, Storage Type set to DISK and Encryption set to false, Replication Type set to server-side default replication type, Namespace Quota set to -1, Space Quota set to -1 
2023-07-28 03:22:34,628 [OM StateMachine ApplyTransaction Thread - 0] INFO  bucket.OMBucketCreateRequest (OMBucketCreateRequest.java:validateAndUpdateCache(270)) - created bucket: tlvurfvnbm of layout LEGACY in volume: kgnovecuwn
03:22:34.728 [OM StateMachine ApplyTransaction Thread - 0] ERROR OMAudit - user=runner | ip=127.0.0.1 | op=COMMIT_KEY {volume=kgnovecuwn, bucket=tlvurfvnbm, key=a/b/c, dataSize=10, replicationType=RATIS, replicationFactor=THREE} | ret=FAILURE
org.apache.hadoop.ozone.om.exceptions.OMException: Can not create file: a/b/c as there is already directory in the given path
	at org.apache.hadoop.ozone.om.request.key.OMKeyCommitRequest.validateAndUpdateCache(OMKeyCommitRequest.java:181) ~[ozone-manager-1.4.0-SNAPSHOT.jar:?]
	at org.apache.hadoop.ozone.protocolPB.OzoneManagerRequestHandler.handleWriteRequest(OzoneManagerRequestHandler.java:375) ~[ozone-manager-1.4.0-SNAPSHOT.jar:?]
	at org.apache.hadoop.ozone.om.ratis.OzoneManagerStateMachine.runCommand(OzoneManagerStateMachine.java:568) ~[ozone-manager-1.4.0-SNAPSHOT.jar:?]
	at org.apache.hadoop.ozone.om.ratis.OzoneManagerStateMachine.lambda$1(OzoneManagerStateMachine.java:359) ~[ozone-manager-1.4.0-SNAPSHOT.jar:?]
	at java.util.concurrent.CompletableFuture$AsyncSupply.run(CompletableFuture.java:1604) [?:1.8.0_372]
	at java.util.concurrent.ThreadPoolExecutor.runWorker(ThreadPoolExecutor.java:1149) [?:1.8.0_372]
	at java.util.concurrent.ThreadPoolExecutor$Worker.run(ThreadPoolExecutor.java:624) [?:1.8.0_372]
	at java.lang.Thread.run(Thread.java:750) [?:1.8.0_372]
2023-07-28 03:22:34,728 [OM StateMachine ApplyTransaction Thread - 0] ERROR key.OMKeyCommitRequest (OMKeyCommitRequest.java:processResult(365)) - Key committed failed. Volume:kgnovecuwn, Bucket:tlvurfvnbm, Key:a/b/c. Exception:{}
NOT_A_FILE org.apache.hadoop.ozone.om.exceptions.OMException: Can not create file: a/b/c as there is already directory in the given path
	at org.apache.hadoop.ozone.om.request.key.OMKeyCommitRequest.validateAndUpdateCache(OMKeyCommitRequest.java:181)
	at org.apache.hadoop.ozone.protocolPB.OzoneManagerRequestHandler.handleWriteRequest(OzoneManagerRequestHandler.java:375)
	at org.apache.hadoop.ozone.om.ratis.OzoneManagerStateMachine.runCommand(OzoneManagerStateMachine.java:568)
	at org.apache.hadoop.ozone.om.ratis.OzoneManagerStateMachine.lambda$1(OzoneManagerStateMachine.java:359)
	at java.util.concurrent.CompletableFuture$AsyncSupply.run(CompletableFuture.java:1604)
	at java.util.concurrent.ThreadPoolExecutor.runWorker(ThreadPoolExecutor.java:1149)
	at java.util.concurrent.ThreadPoolExecutor$Worker.run(ThreadPoolExecutor.java:624)
	at java.lang.Thread.run(Thread.java:750)
]]></system-out>
  </testcase>
  <testcase name="test" classname="org.apache.hadoop.fs.ozone.TestOzoneFSWithObjectStoreCreate" time="0.196">
    <system-out><![CDATA[2023-07-28 03:22:34,745 [Time-limited test] INFO  rpc.RpcClient (RpcClient.java:createVolume(460)) - Creating Volume: kevkmxyfxj, with user82629 as owner and space quota set to -1 bytes, counts quota set to -1
2023-07-28 03:22:34,750 [OM StateMachine ApplyTransaction Thread - 0] INFO  volume.OMVolumeCreateRequest (OMVolumeCreateRequest.java:validateAndUpdateCache(196)) - created volume:kevkmxyfxj for user:user82629
2023-07-28 03:22:34,753 [Time-limited test] INFO  rpc.RpcClient (RpcClient.java:createBucket(687)) - Creating Bucket: kevkmxyfxj/dqrkfesvpe, with bucket layout LEGACY, runner as owner, Versioning false, Storage Type set to DISK and Encryption set to false, Replication Type set to server-side default replication type, Namespace Quota set to -1, Space Quota set to -1 
2023-07-28 03:22:34,758 [OM StateMachine ApplyTransaction Thread - 0] INFO  bucket.OMBucketCreateRequest (OMBucketCreateRequest.java:validateAndUpdateCache(270)) - created bucket: dqrkfesvpe of layout LEGACY in volume: kevkmxyfxj
]]></system-out>
  </testcase>
  <testcase name="testMPUFailDuetoDirectoryCreationBeforeComplete" classname="org.apache.hadoop.fs.ozone.TestOzoneFSWithObjectStoreCreate" time="0.234">
    <system-out><![CDATA[2023-07-28 03:22:34,939 [Time-limited test] INFO  rpc.RpcClient (RpcClient.java:createVolume(460)) - Creating Volume: cthpsqhsgh, with user08859 as owner and space quota set to -1 bytes, counts quota set to -1
2023-07-28 03:22:34,944 [OM StateMachine ApplyTransaction Thread - 0] INFO  volume.OMVolumeCreateRequest (OMVolumeCreateRequest.java:validateAndUpdateCache(196)) - created volume:cthpsqhsgh for user:user08859
2023-07-28 03:22:34,947 [Time-limited test] INFO  rpc.RpcClient (RpcClient.java:createBucket(687)) - Creating Bucket: cthpsqhsgh/yvpizffmut, with bucket layout LEGACY, runner as owner, Versioning false, Storage Type set to DISK and Encryption set to false, Replication Type set to server-side default replication type, Namespace Quota set to -1, Space Quota set to -1 
2023-07-28 03:22:34,950 [OM StateMachine ApplyTransaction Thread - 0] INFO  bucket.OMBucketCreateRequest (OMBucketCreateRequest.java:validateAndUpdateCache(270)) - created bucket: yvpizffmut of layout LEGACY in volume: cthpsqhsgh
03:22:35.106 [OM StateMachine ApplyTransaction Thread - 0] ERROR OMAudit - user=runner | ip=127.0.0.1 | op=COMPLETE_MULTIPART_UPLOAD {volume=cthpsqhsgh, bucket=yvpizffmut, key=dir1/dir2/mpukey, dataSize=0, replicationType=NONE, replicationFactor=ZERO, multipartList=[partNumber: 1 partName: "/cthpsqhsgh/yvpizffmut/dir1/dir2/mpukey-f2c29b89-9c47-4107-b3e2-6989a8c594e8-110789561874710543-1" ]} | ret=FAILURE
org.apache.hadoop.ozone.om.exceptions.OMException: Can not Complete MPU for file: dir1/dir2/mpukey as there is already directory in the given path
	at org.apache.hadoop.ozone.om.request.s3.multipart.S3MultipartUploadCompleteRequest.checkDirectoryAlreadyExists(S3MultipartUploadCompleteRequest.java:317) ~[ozone-manager-1.4.0-SNAPSHOT.jar:?]
	at org.apache.hadoop.ozone.om.request.s3.multipart.S3MultipartUploadCompleteRequest.validateAndUpdateCache(S3MultipartUploadCompleteRequest.java:168) ~[ozone-manager-1.4.0-SNAPSHOT.jar:?]
	at org.apache.hadoop.ozone.protocolPB.OzoneManagerRequestHandler.handleWriteRequest(OzoneManagerRequestHandler.java:375) ~[ozone-manager-1.4.0-SNAPSHOT.jar:?]
	at org.apache.hadoop.ozone.om.ratis.OzoneManagerStateMachine.runCommand(OzoneManagerStateMachine.java:568) ~[ozone-manager-1.4.0-SNAPSHOT.jar:?]
	at org.apache.hadoop.ozone.om.ratis.OzoneManagerStateMachine.lambda$1(OzoneManagerStateMachine.java:359) ~[ozone-manager-1.4.0-SNAPSHOT.jar:?]
	at java.util.concurrent.CompletableFuture$AsyncSupply.run(CompletableFuture.java:1604) [?:1.8.0_372]
	at java.util.concurrent.ThreadPoolExecutor.runWorker(ThreadPoolExecutor.java:1149) [?:1.8.0_372]
	at java.util.concurrent.ThreadPoolExecutor$Worker.run(ThreadPoolExecutor.java:624) [?:1.8.0_372]
	at java.lang.Thread.run(Thread.java:750) [?:1.8.0_372]
2023-07-28 03:22:35,106 [OM StateMachine ApplyTransaction Thread - 0] ERROR multipart.S3MultipartUploadCompleteRequest (S3MultipartUploadCompleteRequest.java:logResult(346)) - MultipartUpload Complete request failed for Key: dir1/dir2/mpukey in Volume/Bucket cthpsqhsgh/yvpizffmut
NOT_A_FILE org.apache.hadoop.ozone.om.exceptions.OMException: Can not Complete MPU for file: dir1/dir2/mpukey as there is already directory in the given path
	at org.apache.hadoop.ozone.om.request.s3.multipart.S3MultipartUploadCompleteRequest.checkDirectoryAlreadyExists(S3MultipartUploadCompleteRequest.java:317)
	at org.apache.hadoop.ozone.om.request.s3.multipart.S3MultipartUploadCompleteRequest.validateAndUpdateCache(S3MultipartUploadCompleteRequest.java:168)
	at org.apache.hadoop.ozone.protocolPB.OzoneManagerRequestHandler.handleWriteRequest(OzoneManagerRequestHandler.java:375)
	at org.apache.hadoop.ozone.om.ratis.OzoneManagerStateMachine.runCommand(OzoneManagerStateMachine.java:568)
	at org.apache.hadoop.ozone.om.ratis.OzoneManagerStateMachine.lambda$1(OzoneManagerStateMachine.java:359)
	at java.util.concurrent.CompletableFuture$AsyncSupply.run(CompletableFuture.java:1604)
	at java.util.concurrent.ThreadPoolExecutor.runWorker(ThreadPoolExecutor.java:1149)
	at java.util.concurrent.ThreadPoolExecutor$Worker.run(ThreadPoolExecutor.java:624)
	at java.lang.Thread.run(Thread.java:750)
2023-07-28 03:22:35,142 [IPC Server handler 10 on default port 15001] WARN  node.SCMNodeManager (SCMNodeManager.java:getNodesByAddress(1373)) - Cannot find node for address 127.0.0.1
]]></system-out>
  </testcase>
</testsuite>