<?xml version="1.0" encoding="UTF-8"?>
<testsuite xmlns:xsi="http://www.w3.org/2001/XMLSchema-instance" xsi:noNamespaceSchemaLocation="https://maven.apache.org/surefire/maven-surefire-plugin/xsd/surefire-test-report.xsd" name="org.apache.hadoop.ozone.client.rpc.TestDeleteWithSlowFollower" time="39.975" tests="1" errors="0" skipped="0" failures="1">
  <properties>
    <property name="awt.toolkit" value="sun.awt.X11.XToolkit"/>
    <property name="file.encoding.pkg" value="sun.io"/>
    <property name="java.specification.version" value="1.8"/>
    <property name="sun.cpu.isalist" value=""/>
    <property name="sun.jnu.encoding" value="UTF-8"/>
    <property name="java.class.path" value="/home/runner/work/ozone/ozone/hadoop-ozone/integration-test/target/test-classes:/home/runner/work/ozone/ozone/hadoop-ozone/integration-test/target/classes:/home/runner/.m2/repository/org/apache/ozone/ozone-common/1.2.0-SNAPSHOT/ozone-common-1.2.0-SNAPSHOT.jar:/home/runner/.m2/repository/org/apache/commons/commons-compress/1.20/commons-compress-1.20.jar:/home/runner/.m2/repository/org/apache/ozone/hdds-common/1.2.0-SNAPSHOT/hdds-common-1.2.0-SNAPSHOT.jar:/home/runner/.m2/repository/org/apache/ozone/hdds-client/1.2.0-SNAPSHOT/hdds-client-1.2.0-SNAPSHOT.jar:/home/runner/.m2/repository/org/apache/ozone/ozone-interface-client/1.2.0-SNAPSHOT/ozone-interface-client-1.2.0-SNAPSHOT.jar:/home/runner/.m2/repository/org/apache/ozone/hdds-server-framework/1.2.0-SNAPSHOT/hdds-server-framework-1.2.0-SNAPSHOT.jar:/home/runner/.m2/repository/org/apache/ozone/hdds-interface-server/1.2.0-SNAPSHOT/hdds-interface-server-1.2.0-SNAPSHOT.jar:/home/runner/.m2/repository/org/eclipse/jetty/jetty-servlet/9.4.43.v20210629/jetty-servlet-9.4.43.v20210629.jar:/home/runner/.m2/repository/org/eclipse/jetty/jetty-security/9.4.43.v20210629/jetty-security-9.4.43.v20210629.jar:/home/runner/.m2/repository/org/rocksdb/rocksdbjni/6.20.3/rocksdbjni-6.20.3.jar:/home/runner/.m2/repository/io/prometheus/simpleclient_dropwizard/0.7.0/simpleclient_dropwizard-0.7.0.jar:/home/runner/.m2/repository/io/prometheus/simpleclient/0.7.0/simpleclient-0.7.0.jar:/home/runner/.m2/repository/io/prometheus/simpleclient_common/0.7.0/simpleclient_common-0.7.0.jar:/home/runner/.m2/repository/com/fasterxml/jackson/datatype/jackson-datatype-jsr310/2.12.1/jackson-datatype-jsr310-2.12.1.jar:/home/runner/.m2/repository/org/apache/ozone/hdds-test-utils/1.2.0-SNAPSHOT/hdds-test-utils-1.2.0-SNAPSHOT.jar:/home/runner/.m2/repository/com/google/guava/guava/30.1.1-jre/guava-30.1.1-jre.jar:/home/runner/.m2/repository/com/google/guava/failureaccess/1.0.1/failureaccess-1.0.1.jar:/home/runner/.m2/repository/com/google/guava/listenablefuture/9999.0-empty-to-avoid-conflict-with-guava/listenablefuture-9999.0-empty-to-avoid-conflict-with-guava.jar:/home/runner/.m2/repository/com/google/code/findbugs/jsr305/3.0.0/jsr305-3.0.0.jar:/home/runner/.m2/repository/org/checkerframework/checker-qual/3.8.0/checker-qual-3.8.0.jar:/home/runner/.m2/repository/com/google/errorprone/error_prone_annotations/2.2.0/error_prone_annotations-2.2.0.jar:/home/runner/.m2/repository/com/google/j2objc/j2objc-annotations/1.3/j2objc-annotations-1.3.jar:/home/runner/.m2/repository/commons-io/commons-io/2.8.0/commons-io-2.8.0.jar:/home/runner/.m2/repository/commons-logging/commons-logging/1.2/commons-logging-1.2.jar:/home/runner/.m2/repository/log4j/log4j/1.2.17/log4j-1.2.17.jar:/home/runner/.m2/repository/org/slf4j/slf4j-api/1.7.30/slf4j-api-1.7.30.jar:/home/runner/.m2/repository/org/apache/ozone/hdds-server-scm/1.2.0-SNAPSHOT/hdds-server-scm-1.2.0-SNAPSHOT.jar:/home/runner/.m2/repository/org/apache/ozone/hdds-container-service/1.2.0-SNAPSHOT/hdds-container-service-1.2.0-SNAPSHOT.jar:/home/runner/.m2/repository/org/apache/ozone/hdds-hadoop-dependency-server/1.2.0-SNAPSHOT/hdds-hadoop-dependency-server-1.2.0-SNAPSHOT.jar:/home/runner/.m2/repository/org/apache/hadoop/hadoop-hdfs/3.3.1/hadoop-hdfs-3.3.1.jar:/home/runner/.m2/repository/io/dropwizard/metrics/metrics-core/3.2.4/metrics-core-3.2.4.jar:/home/runner/.m2/repository/org/apache/hadoop/hadoop-hdfs-client/3.3.1/hadoop-hdfs-client-3.3.1.jar:/home/runner/.m2/repository/org/bouncycastle/bcprov-jdk15on/1.67/bcprov-jdk15on-1.67.jar:/home/runner/.m2/repository/com/google/protobuf/protobuf-java/2.5.0/protobuf-java-2.5.0.jar:/home/runner/.m2/repository/org/apache/ozone/ozone-manager/1.2.0-SNAPSHOT/ozone-manager-1.2.0-SNAPSHOT.jar:/home/runner/.m2/repository/org/aspectj/aspectjrt/1.8.9/aspectjrt-1.8.9.jar:/home/runner/.m2/repository/org/aspectj/aspectjweaver/1.8.9/aspectjweaver-1.8.9.jar:/home/runner/.m2/repository/org/apache/ozone/hdds-interface-client/1.2.0-SNAPSHOT/hdds-interface-client-1.2.0-SNAPSHOT.jar:/home/runner/.m2/repository/org/apache/hadoop/thirdparty/hadoop-shaded-protobuf_3_7/1.1.1/hadoop-shaded-protobuf_3_7-1.1.1.jar:/home/runner/.m2/repository/org/apache/ozone/ozone-interface-storage/1.2.0-SNAPSHOT/ozone-interface-storage-1.2.0-SNAPSHOT.jar:/home/runner/.m2/repository/org/reflections/reflections/0.9.11/reflections-0.9.11.jar:/home/runner/.m2/repository/org/apache/hadoop/hadoop-minikdc/3.3.1/hadoop-minikdc-3.3.1.jar:/home/runner/.m2/repository/org/apache/kerby/kerb-simplekdc/1.0.1/kerb-simplekdc-1.0.1.jar:/home/runner/.m2/repository/org/apache/kerby/kerb-client/1.0.1/kerb-client-1.0.1.jar:/home/runner/.m2/repository/org/apache/kerby/kerby-config/1.0.1/kerby-config-1.0.1.jar:/home/runner/.m2/repository/org/apache/kerby/kerb-common/1.0.1/kerb-common-1.0.1.jar:/home/runner/.m2/repository/org/apache/kerby/kerb-crypto/1.0.1/kerb-crypto-1.0.1.jar:/home/runner/.m2/repository/org/apache/kerby/kerb-util/1.0.1/kerb-util-1.0.1.jar:/home/runner/.m2/repository/org/apache/kerby/token-provider/1.0.1/token-provider-1.0.1.jar:/home/runner/.m2/repository/org/apache/kerby/kerb-admin/1.0.1/kerb-admin-1.0.1.jar:/home/runner/.m2/repository/org/apache/kerby/kerb-server/1.0.1/kerb-server-1.0.1.jar:/home/runner/.m2/repository/org/apache/kerby/kerb-identity/1.0.1/kerb-identity-1.0.1.jar:/home/runner/.m2/repository/org/apache/kerby/kerby-xdr/1.0.1/kerby-xdr-1.0.1.jar:/home/runner/.m2/repository/org/slf4j/slf4j-log4j12/1.7.30/slf4j-log4j12-1.7.30.jar:/home/runner/.m2/repository/org/apache/ozone/ozone-s3gateway/1.2.0-SNAPSHOT/ozone-s3gateway-1.2.0-SNAPSHOT.jar:/home/runner/.m2/repository/org/javassist/javassist/3.21.0-GA/javassist-3.21.0-GA.jar:/home/runner/.m2/repository/org/jboss/weld/servlet/weld-servlet/2.4.7.Final/weld-servlet-2.4.7.Final.jar:/home/runner/.m2/repository/org/glassfish/jersey/containers/jersey-container-servlet-core/2.33/jersey-container-servlet-core-2.33.jar:/home/runner/.m2/repository/org/glassfish/hk2/external/jakarta.inject/2.6.1/jakarta.inject-2.6.1.jar:/home/runner/.m2/repository/org/glassfish/jersey/core/jersey-common/2.33/jersey-common-2.33.jar:/home/runner/.m2/repository/jakarta/ws/rs/jakarta.ws.rs-api/2.1.6/jakarta.ws.rs-api-2.1.6.jar:/home/runner/.m2/repository/org/glassfish/jersey/ext/cdi/jersey-cdi1x/2.33/jersey-cdi1x-2.33.jar:/home/runner/.m2/repository/org/glassfish/jersey/inject/jersey-hk2/2.33/jersey-hk2-2.33.jar:/home/runner/.m2/repository/org/glassfish/hk2/hk2-locator/2.6.1/hk2-locator-2.6.1.jar:/home/runner/.m2/repository/org/glassfish/jersey/media/jersey-media-jaxb/2.33/jersey-media-jaxb-2.33.jar:/home/runner/.m2/repository/org/glassfish/hk2/osgi-resource-locator/1.0.3/osgi-resource-locator-1.0.3.jar:/home/runner/.m2/repository/org/glassfish/hk2/hk2-api/2.5.0/hk2-api-2.5.0.jar:/home/runner/.m2/repository/org/glassfish/hk2/hk2-utils/2.5.0/hk2-utils-2.5.0.jar:/home/runner/.m2/repository/org/glassfish/hk2/external/aopalliance-repackaged/2.5.0/aopalliance-repackaged-2.5.0.jar:/home/runner/.m2/repository/com/fasterxml/jackson/dataformat/jackson-dataformat-xml/2.12.1/jackson-dataformat-xml-2.12.1.jar:/home/runner/.m2/repository/com/fasterxml/jackson/core/jackson-core/2.12.1/jackson-core-2.12.1.jar:/home/runner/.m2/repository/com/fasterxml/jackson/module/jackson-module-jaxb-annotations/2.12.1/jackson-module-jaxb-annotations-2.12.1.jar:/home/runner/.m2/repository/jakarta/xml/bind/jakarta.xml.bind-api/2.3.2/jakarta.xml.bind-api-2.3.2.jar:/home/runner/.m2/repository/org/codehaus/woodstox/stax2-api/3.1.4/stax2-api-3.1.4.jar:/home/runner/.m2/repository/com/fasterxml/woodstox/woodstox-core/5.0.3/woodstox-core-5.0.3.jar:/home/runner/.m2/repository/javax/enterprise/cdi-api/1.2/cdi-api-1.2.jar:/home/runner/.m2/repository/javax/el/javax.el-api/3.0.0/javax.el-api-3.0.0.jar:/home/runner/.m2/repository/javax/interceptor/javax.interceptor-api/1.2/javax.interceptor-api-1.2.jar:/home/runner/.m2/repository/javax/inject/javax.inject/1/javax.inject-1.jar:/home/runner/.m2/repository/javax/xml/bind/jaxb-api/2.3.0/jaxb-api-2.3.0.jar:/home/runner/.m2/repository/org/glassfish/jaxb/jaxb-runtime/2.3.0.1/jaxb-runtime-2.3.0.1.jar:/home/runner/.m2/repository/org/glassfish/jaxb/jaxb-core/2.3.0.1/jaxb-core-2.3.0.1.jar:/home/runner/.m2/repository/org/glassfish/jaxb/txw2/2.3.0.1/txw2-2.3.0.1.jar:/home/runner/.m2/repository/com/sun/istack/istack-commons-runtime/3.0.5/istack-commons-runtime-3.0.5.jar:/home/runner/.m2/repository/org/jvnet/staxex/stax-ex/1.7.8/stax-ex-1.7.8.jar:/home/runner/.m2/repository/com/sun/xml/fastinfoset/FastInfoset/1.2.13/FastInfoset-1.2.13.jar:/home/runner/.m2/repository/javax/activation/activation/1.1.1/activation-1.1.1.jar:/home/runner/.m2/repository/org/apache/ozone/ozone-csi/1.2.0-SNAPSHOT/ozone-csi-1.2.0-SNAPSHOT.jar:/home/runner/.m2/repository/com/google/protobuf/protobuf-java-util/3.12.0/protobuf-java-util-3.12.0.jar:/home/runner/.m2/repository/com/google/code/gson/gson/2.2.4/gson-2.2.4.jar:/home/runner/.m2/repository/org/apache/ozone/hdds-config/1.2.0-SNAPSHOT/hdds-config-1.2.0-SNAPSHOT.jar:/home/runner/.m2/repository/io/grpc/grpc-netty/1.33.0/grpc-netty-1.33.0.jar:/home/runner/.m2/repository/io/grpc/grpc-core/1.33.0/grpc-core-1.33.0.jar:/home/runner/.m2/repository/com/google/android/annotations/4.1.1.4/annotations-4.1.1.4.jar:/home/runner/.m2/repository/io/netty/netty-codec-http2/4.1.63.Final/netty-codec-http2-4.1.63.Final.jar:/home/runner/.m2/repository/io/netty/netty-codec-http/4.1.63.Final/netty-codec-http-4.1.63.Final.jar:/home/runner/.m2/repository/io/netty/netty-handler-proxy/4.1.63.Final/netty-handler-proxy-4.1.63.Final.jar:/home/runner/.m2/repository/io/netty/netty-codec-socks/4.1.63.Final/netty-codec-socks-4.1.63.Final.jar:/home/runner/.m2/repository/io/perfmark/perfmark-api/0.19.0/perfmark-api-0.19.0.jar:/home/runner/.m2/repository/org/codehaus/mojo/animal-sniffer-annotations/1.18/animal-sniffer-annotations-1.18.jar:/home/runner/.m2/repository/io/netty/netty-transport-native-epoll/4.1.63.Final/netty-transport-native-epoll-4.1.63.Final.jar:/home/runner/.m2/repository/io/netty/netty-common/4.1.63.Final/netty-common-4.1.63.Final.jar:/home/runner/.m2/repository/io/netty/netty-buffer/4.1.63.Final/netty-buffer-4.1.63.Final.jar:/home/runner/.m2/repository/io/netty/netty-transport-native-unix-common/4.1.63.Final/netty-transport-native-unix-common-4.1.63.Final.jar:/home/runner/.m2/repository/io/grpc/grpc-protobuf/1.33.0/grpc-protobuf-1.33.0.jar:/home/runner/.m2/repository/io/grpc/grpc-api/1.33.0/grpc-api-1.33.0.jar:/home/runner/.m2/repository/io/grpc/grpc-context/1.33.0/grpc-context-1.33.0.jar:/home/runner/.m2/repository/com/google/api/grpc/proto-google-common-protos/1.17.0/proto-google-common-protos-1.17.0.jar:/home/runner/.m2/repository/io/grpc/grpc-protobuf-lite/1.33.0/grpc-protobuf-lite-1.33.0.jar:/home/runner/.m2/repository/io/grpc/grpc-stub/1.33.0/grpc-stub-1.33.0.jar:/home/runner/.m2/repository/org/apache/ozone/ozone-recon/1.2.0-SNAPSHOT/ozone-recon-1.2.0-SNAPSHOT.jar:/home/runner/.m2/repository/org/apache/ozone/ozone-reconcodegen/1.2.0-SNAPSHOT/ozone-reconcodegen-1.2.0-SNAPSHOT.jar:/home/runner/.m2/repository/com/google/inject/extensions/guice-multibindings/4.0/guice-multibindings-4.0.jar:/home/runner/.m2/repository/com/google/inject/guice/4.0/guice-4.0.jar:/home/runner/.m2/repository/aopalliance/aopalliance/1.0/aopalliance-1.0.jar:/home/runner/.m2/repository/com/google/inject/extensions/guice-assistedinject/4.0/guice-assistedinject-4.0.jar:/home/runner/.m2/repository/com/google/inject/extensions/guice-servlet/4.0/guice-servlet-4.0.jar:/home/runner/.m2/repository/org/glassfish/jersey/containers/jersey-container-servlet/2.33/jersey-container-servlet-2.33.jar:/home/runner/.m2/repository/org/glassfish/hk2/guice-bridge/2.5.0/guice-bridge-2.5.0.jar:/home/runner/.m2/repository/org/glassfish/jersey/core/jersey-server/2.33/jersey-server-2.33.jar:/home/runner/.m2/repository/org/glassfish/jersey/core/jersey-client/2.33/jersey-client-2.33.jar:/home/runner/.m2/repository/jakarta/annotation/jakarta.annotation-api/1.3.5/jakarta.annotation-api-1.3.5.jar:/home/runner/.m2/repository/jakarta/validation/jakarta.validation-api/2.0.2/jakarta.validation-api-2.0.2.jar:/home/runner/.m2/repository/org/glassfish/jersey/media/jersey-media-json-jackson/2.33/jersey-media-json-jackson-2.33.jar:/home/runner/.m2/repository/org/glassfish/jersey/ext/jersey-entity-filtering/2.33/jersey-entity-filtering-2.33.jar:/home/runner/.m2/repository/org/jooq/jooq/3.11.10/jooq-3.11.10.jar:/home/runner/.m2/repository/org/jooq/jooq-meta/3.11.10/jooq-meta-3.11.10.jar:/home/runner/.m2/repository/org/jooq/jooq-codegen/3.11.10/jooq-codegen-3.11.10.jar:/home/runner/.m2/repository/com/jolbox/bonecp/0.8.0.RELEASE/bonecp-0.8.0.RELEASE.jar:/home/runner/.m2/repository/org/apache/derby/derby/10.14.2.0/derby-10.14.2.0.jar:/home/runner/.m2/repository/org/xerial/sqlite-jdbc/3.25.2/sqlite-jdbc-3.25.2.jar:/home/runner/.m2/repository/org/springframework/spring-jdbc/5.2.11.RELEASE/spring-jdbc-5.2.11.RELEASE.jar:/home/runner/.m2/repository/org/springframework/spring-beans/5.2.11.RELEASE/spring-beans-5.2.11.RELEASE.jar:/home/runner/.m2/repository/org/springframework/spring-core/5.2.11.RELEASE/spring-core-5.2.11.RELEASE.jar:/home/runner/.m2/repository/org/springframework/spring-jcl/5.2.11.RELEASE/spring-jcl-5.2.11.RELEASE.jar:/home/runner/.m2/repository/org/springframework/spring-tx/5.2.11.RELEASE/spring-tx-5.2.11.RELEASE.jar:/home/runner/.m2/repository/org/apache/ozone/ozone-client/1.2.0-SNAPSHOT/ozone-client-1.2.0-SNAPSHOT.jar:/home/runner/.m2/repository/org/apache/ozone/ozone-filesystem/1.2.0-SNAPSHOT/ozone-filesystem-1.2.0-SNAPSHOT.jar:/home/runner/.m2/repository/org/apache/ozone/ozone-filesystem-common/1.2.0-SNAPSHOT/ozone-filesystem-common-1.2.0-SNAPSHOT.jar:/home/runner/.m2/repository/org/apache/ozone/ozone-tools/1.2.0-SNAPSHOT/ozone-tools-1.2.0-SNAPSHOT.jar:/home/runner/.m2/repository/org/apache/ratis/ratis-tools/2.1.0-03f3b68-SNAPSHOT/ratis-tools-2.1.0-03f3b68-SNAPSHOT.jar:/home/runner/.m2/repository/com/amazonaws/aws-java-sdk-core/1.11.901/aws-java-sdk-core-1.11.901.jar:/home/runner/.m2/repository/org/apache/httpcomponents/httpclient/4.5.13/httpclient-4.5.13.jar:/home/runner/.m2/repository/org/apache/httpcomponents/httpcore/4.4.13/httpcore-4.4.13.jar:/home/runner/.m2/repository/software/amazon/ion/ion-java/1.0.2/ion-java-1.0.2.jar:/home/runner/.m2/repository/com/fasterxml/jackson/dataformat/jackson-dataformat-cbor/2.12.1/jackson-dataformat-cbor-2.12.1.jar:/home/runner/.m2/repository/joda-time/joda-time/2.8.1/joda-time-2.8.1.jar:/home/runner/.m2/repository/com/amazonaws/aws-java-sdk-s3/1.11.901/aws-java-sdk-s3-1.11.901.jar:/home/runner/.m2/repository/com/amazonaws/aws-java-sdk-kms/1.11.901/aws-java-sdk-kms-1.11.901.jar:/home/runner/.m2/repository/com/amazonaws/jmespath-java/1.11.901/jmespath-java-1.11.901.jar:/home/runner/.m2/repository/org/kohsuke/metainf-services/metainf-services/1.8/metainf-services-1.8.jar:/home/runner/.m2/repository/org/apache/ozone/hdds-tools/1.2.0-SNAPSHOT/hdds-tools-1.2.0-SNAPSHOT.jar:/home/runner/.m2/repository/commons-cli/commons-cli/1.2/commons-cli-1.2.jar:/home/runner/.m2/repository/org/apache/commons/commons-lang3/3.7/commons-lang3-3.7.jar:/home/runner/.m2/repository/org/apache/ozone/ozone-manager/1.2.0-SNAPSHOT/ozone-manager-1.2.0-SNAPSHOT-tests.jar:/home/runner/.m2/repository/org/apache/ozone/hdds-common/1.2.0-SNAPSHOT/hdds-common-1.2.0-SNAPSHOT-tests.jar:/home/runner/.m2/repository/org/apache/ozone/hdds-hadoop-dependency-client/1.2.0-SNAPSHOT/hdds-hadoop-dependency-client-1.2.0-SNAPSHOT.jar:/home/runner/.m2/repository/info/picocli/picocli/4.4.0/picocli-4.4.0.jar:/home/runner/.m2/repository/com/fasterxml/jackson/core/jackson-annotations/2.12.1/jackson-annotations-2.12.1.jar:/home/runner/.m2/repository/javax/annotation/javax.annotation-api/1.2/javax.annotation-api-1.2.jar:/home/runner/.m2/repository/org/apache/ratis/ratis-server/2.1.0-03f3b68-SNAPSHOT/ratis-server-2.1.0-03f3b68-SNAPSHOT.jar:/home/runner/.m2/repository/org/apache/ratis/ratis-client/2.1.0-03f3b68-SNAPSHOT/ratis-client-2.1.0-03f3b68-SNAPSHOT.jar:/home/runner/.m2/repository/org/apache/ratis/ratis-server-api/2.1.0-03f3b68-SNAPSHOT/ratis-server-api-2.1.0-03f3b68-SNAPSHOT.jar:/home/runner/.m2/repository/org/apache/ratis/ratis-metrics/2.1.0-03f3b68-SNAPSHOT/ratis-metrics-2.1.0-03f3b68-SNAPSHOT.jar:/home/runner/.m2/repository/org/apache/ratis/ratis-netty/2.1.0-03f3b68-SNAPSHOT/ratis-netty-2.1.0-03f3b68-SNAPSHOT.jar:/home/runner/.m2/repository/org/apache/ratis/ratis-grpc/2.1.0-03f3b68-SNAPSHOT/ratis-grpc-2.1.0-03f3b68-SNAPSHOT.jar:/home/runner/.m2/repository/org/apache/logging/log4j/log4j-api/2.13.3/log4j-api-2.13.3.jar:/home/runner/.m2/repository/org/apache/logging/log4j/log4j-core/2.13.3/log4j-core-2.13.3.jar:/home/runner/.m2/repository/com/lmax/disruptor/3.4.2/disruptor-3.4.2.jar:/home/runner/.m2/repository/org/apache/commons/commons-pool2/2.6.0/commons-pool2-2.6.0.jar:/home/runner/.m2/repository/org/bouncycastle/bcpkix-jdk15on/1.67/bcpkix-jdk15on-1.67.jar:/home/runner/.m2/repository/commons-validator/commons-validator/1.6/commons-validator-1.6.jar:/home/runner/.m2/repository/commons-beanutils/commons-beanutils/1.9.4/commons-beanutils-1.9.4.jar:/home/runner/.m2/repository/commons-digester/commons-digester/1.8.1/commons-digester-1.8.1.jar:/home/runner/.m2/repository/commons-collections/commons-collections/3.2.2/commons-collections-3.2.2.jar:/home/runner/.m2/repository/io/jaegertracing/jaeger-client/1.6.0/jaeger-client-1.6.0.jar:/home/runner/.m2/repository/io/jaegertracing/jaeger-thrift/1.6.0/jaeger-thrift-1.6.0.jar:/home/runner/.m2/repository/org/apache/thrift/libthrift/0.14.1/libthrift-0.14.1.jar:/home/runner/.m2/repository/com/squareup/okhttp3/okhttp/4.9.0/okhttp-4.9.0.jar:/home/runner/.m2/repository/com/squareup/okio/okio/2.8.0/okio-2.8.0.jar:/home/runner/.m2/repository/io/jaegertracing/jaeger-core/1.6.0/jaeger-core-1.6.0.jar:/home/runner/.m2/repository/io/jaegertracing/jaeger-tracerresolver/1.6.0/jaeger-tracerresolver-1.6.0.jar:/home/runner/.m2/repository/io/opentracing/contrib/opentracing-tracerresolver/0.1.8/opentracing-tracerresolver-0.1.8.jar:/home/runner/.m2/repository/org/jetbrains/kotlin/kotlin-stdlib/1.4.31/kotlin-stdlib-1.4.31.jar:/home/runner/.m2/repository/org/jetbrains/kotlin/kotlin-stdlib-common/1.4.31/kotlin-stdlib-common-1.4.31.jar:/home/runner/.m2/repository/org/jetbrains/annotations/13.0/annotations-13.0.jar:/home/runner/.m2/repository/io/opentracing/opentracing-util/0.33.0/opentracing-util-0.33.0.jar:/home/runner/.m2/repository/io/opentracing/opentracing-api/0.33.0/opentracing-api-0.33.0.jar:/home/runner/.m2/repository/io/opentracing/opentracing-noop/0.33.0/opentracing-noop-0.33.0.jar:/home/runner/.m2/repository/org/yaml/snakeyaml/1.26/snakeyaml-1.26.jar:/home/runner/.m2/repository/org/apache/ozone/hdds-interface-admin/1.2.0-SNAPSHOT/hdds-interface-admin-1.2.0-SNAPSHOT.jar:/home/runner/.m2/repository/junit/junit/4.13.1/junit-4.13.1.jar:/home/runner/.m2/repository/org/hamcrest/hamcrest-core/1.3/hamcrest-core-1.3.jar:/home/runner/.m2/repository/org/junit/jupiter/junit-jupiter-api/5.7.0/junit-jupiter-api-5.7.0.jar:/home/runner/.m2/repository/org/apiguardian/apiguardian-api/1.1.0/apiguardian-api-1.1.0.jar:/home/runner/.m2/repository/org/opentest4j/opentest4j/1.2.0/opentest4j-1.2.0.jar:/home/runner/.m2/repository/org/junit/platform/junit-platform-commons/1.7.0/junit-platform-commons-1.7.0.jar:/home/runner/.m2/repository/org/junit/jupiter/junit-jupiter-engine/5.7.0/junit-jupiter-engine-5.7.0.jar:/home/runner/.m2/repository/org/junit/platform/junit-platform-engine/1.7.0/junit-platform-engine-1.7.0.jar:/home/runner/.m2/repository/org/junit/vintage/junit-vintage-engine/5.7.0/junit-vintage-engine-5.7.0.jar:/home/runner/.m2/repository/org/junit/platform/junit-platform-launcher/1.7.0/junit-platform-launcher-1.7.0.jar:/home/runner/.m2/repository/org/openjdk/jmh/jmh-core/1.19/jmh-core-1.19.jar:/home/runner/.m2/repository/net/sf/jopt-simple/jopt-simple/4.6/jopt-simple-4.6.jar:/home/runner/.m2/repository/org/apache/commons/commons-math3/3.1.1/commons-math3-3.1.1.jar:/home/runner/.m2/repository/org/openjdk/jmh/jmh-generator-annprocess/1.19/jmh-generator-annprocess-1.19.jar:/home/runner/.m2/repository/org/mockito/mockito-core/2.28.2/mockito-core-2.28.2.jar:/home/runner/.m2/repository/net/bytebuddy/byte-buddy/1.9.10/byte-buddy-1.9.10.jar:/home/runner/.m2/repository/net/bytebuddy/byte-buddy-agent/1.9.10/byte-buddy-agent-1.9.10.jar:/home/runner/.m2/repository/org/objenesis/objenesis/1.0/objenesis-1.0.jar:/home/runner/.m2/repository/org/apache/hadoop/hadoop-kms/3.3.1/hadoop-kms-3.3.1.jar:/home/runner/.m2/repository/org/apache/hadoop/hadoop-auth/3.3.1/hadoop-auth-3.3.1.jar:/home/runner/.m2/repository/com/nimbusds/nimbus-jose-jwt/7.9/nimbus-jose-jwt-7.9.jar:/home/runner/.m2/repository/com/github/stephenc/jcip/jcip-annotations/1.0-1/jcip-annotations-1.0-1.jar:/home/runner/.m2/repository/net/minidev/json-smart/2.3/json-smart-2.3.jar:/home/runner/.m2/repository/net/minidev/accessors-smart/1.2/accessors-smart-1.2.jar:/home/runner/.m2/repository/org/ow2/asm/asm/5.0.4/asm-5.0.4.jar:/home/runner/.m2/repository/org/apache/zookeeper/zookeeper/3.5.6/zookeeper-3.5.6.jar:/home/runner/.m2/repository/org/apache/zookeeper/zookeeper-jute/3.5.6/zookeeper-jute-3.5.6.jar:/home/runner/.m2/repository/org/apache/yetus/audience-annotations/0.5.0/audience-annotations-0.5.0.jar:/home/runner/.m2/repository/org/apache/curator/curator-framework/4.2.0/curator-framework-4.2.0.jar:/home/runner/.m2/repository/org/apache/hadoop/thirdparty/hadoop-shaded-guava/1.1.1/hadoop-shaded-guava-1.1.1.jar:/home/runner/.m2/repository/com/sun/jersey/jersey-core/1.19/jersey-core-1.19.jar:/home/runner/.m2/repository/javax/ws/rs/jsr311-api/1.1.1/jsr311-api-1.1.1.jar:/home/runner/.m2/repository/com/sun/jersey/jersey-server/1.19/jersey-server-1.19.jar:/home/runner/.m2/repository/javax/servlet/javax.servlet-api/3.1.0/javax.servlet-api-3.1.0.jar:/home/runner/.m2/repository/org/eclipse/jetty/jetty-server/9.4.43.v20210629/jetty-server-9.4.43.v20210629.jar:/home/runner/.m2/repository/org/eclipse/jetty/jetty-http/9.4.43.v20210629/jetty-http-9.4.43.v20210629.jar:/home/runner/.m2/repository/org/eclipse/jetty/jetty-io/9.4.43.v20210629/jetty-io-9.4.43.v20210629.jar:/home/runner/.m2/repository/org/eclipse/jetty/jetty-webapp/9.4.43.v20210629/jetty-webapp-9.4.43.v20210629.jar:/home/runner/.m2/repository/org/eclipse/jetty/jetty-xml/9.4.43.v20210629/jetty-xml-9.4.43.v20210629.jar:/home/runner/.m2/repository/org/apache/hadoop/hadoop-common/3.3.1/hadoop-common-3.3.1.jar:/home/runner/.m2/repository/commons-net/commons-net/3.6/commons-net-3.6.jar:/home/runner/.m2/repository/jakarta/activation/jakarta.activation-api/1.2.1/jakarta.activation-api-1.2.1.jar:/home/runner/.m2/repository/com/sun/jersey/jersey-servlet/1.19/jersey-servlet-1.19.jar:/home/runner/.m2/repository/com/sun/jersey/jersey-json/1.19/jersey-json-1.19.jar:/home/runner/.m2/repository/org/codehaus/jettison/jettison/1.1/jettison-1.1.jar:/home/runner/.m2/repository/com/sun/xml/bind/jaxb-impl/2.2.3-1/jaxb-impl-2.2.3-1.jar:/home/runner/.m2/repository/org/codehaus/jackson/jackson-jaxrs/1.9.2/jackson-jaxrs-1.9.2.jar:/home/runner/.m2/repository/org/codehaus/jackson/jackson-xc/1.9.2/jackson-xc-1.9.2.jar:/home/runner/.m2/repository/org/apache/commons/commons-configuration2/2.1.1/commons-configuration2-2.1.1.jar:/home/runner/.m2/repository/org/apache/commons/commons-text/1.4/commons-text-1.4.jar:/home/runner/.m2/repository/com/google/re2j/re2j/1.1/re2j-1.1.jar:/home/runner/.m2/repository/com/jcraft/jsch/0.1.54/jsch-0.1.54.jar:/home/runner/.m2/repository/org/apache/curator/curator-client/4.2.0/curator-client-4.2.0.jar:/home/runner/.m2/repository/org/apache/curator/curator-recipes/4.2.0/curator-recipes-4.2.0.jar:/home/runner/.m2/repository/org/apache/kerby/kerb-core/1.0.1/kerb-core-1.0.1.jar:/home/runner/.m2/repository/org/apache/kerby/kerby-pkix/1.0.1/kerby-pkix-1.0.1.jar:/home/runner/.m2/repository/org/apache/kerby/kerby-asn1/1.0.1/kerby-asn1-1.0.1.jar:/home/runner/.m2/repository/org/apache/kerby/kerby-util/1.0.1/kerby-util-1.0.1.jar:/home/runner/.m2/repository/dnsjava/dnsjava/2.1.7/dnsjava-2.1.7.jar:/home/runner/.m2/repository/org/xerial/snappy/snappy-java/1.1.8.2/snappy-java-1.1.8.2.jar:/home/runner/.m2/repository/org/slf4j/jul-to-slf4j/1.7.30/jul-to-slf4j-1.7.30.jar:/home/runner/.m2/repository/org/eclipse/jetty/jetty-util/9.4.43.v20210629/jetty-util-9.4.43.v20210629.jar:/home/runner/.m2/repository/com/fasterxml/jackson/core/jackson-databind/2.12.1/jackson-databind-2.12.1.jar:/home/runner/.m2/repository/org/apache/hadoop/hadoop-kms/3.3.1/hadoop-kms-3.3.1-tests.jar:/home/runner/.m2/repository/org/apache/ozone/hdds-server-scm/1.2.0-SNAPSHOT/hdds-server-scm-1.2.0-SNAPSHOT-tests.jar:/home/runner/.m2/repository/org/apache/ozone/hdds-container-service/1.2.0-SNAPSHOT/hdds-container-service-1.2.0-SNAPSHOT-tests.jar:/home/runner/.m2/repository/commons-codec/commons-codec/1.11/commons-codec-1.11.jar:/home/runner/.m2/repository/io/netty/netty-transport/4.1.63.Final/netty-transport-4.1.63.Final.jar:/home/runner/.m2/repository/io/netty/netty-resolver/4.1.63.Final/netty-resolver-4.1.63.Final.jar:/home/runner/.m2/repository/io/netty/netty-codec/4.1.63.Final/netty-codec-4.1.63.Final.jar:/home/runner/.m2/repository/io/netty/netty-handler/4.1.63.Final/netty-handler-4.1.63.Final.jar:/home/runner/.m2/repository/org/apache/ozone/hdds-hadoop-dependency-test/1.2.0-SNAPSHOT/hdds-hadoop-dependency-test-1.2.0-SNAPSHOT.jar:/home/runner/.m2/repository/org/apache/hadoop/hadoop-common/3.3.1/hadoop-common-3.3.1-tests.jar:/home/runner/.m2/repository/org/assertj/assertj-core/3.12.2/assertj-core-3.12.2.jar:/home/runner/.m2/repository/org/apache/hadoop/hadoop-hdfs/3.3.1/hadoop-hdfs-3.3.1-tests.jar:/home/runner/.m2/repository/org/eclipse/jetty/jetty-util-ajax/9.4.43.v20210629/jetty-util-ajax-9.4.43.v20210629.jar:/home/runner/.m2/repository/commons-daemon/commons-daemon/1.0.13/commons-daemon-1.0.13.jar:/home/runner/.m2/repository/io/netty/netty/3.10.6.Final/netty-3.10.6.Final.jar:/home/runner/.m2/repository/io/netty/netty-all/4.1.63.Final/netty-all-4.1.63.Final.jar:/home/runner/.m2/repository/org/apache/htrace/htrace-core4/4.1.0-incubating/htrace-core4-4.1.0-incubating.jar:/home/runner/.m2/repository/org/fusesource/leveldbjni/leveldbjni-all/1.8/leveldbjni-all-1.8.jar:/home/runner/.m2/repository/org/apache/hadoop/hadoop-distcp/3.3.1/hadoop-distcp-3.3.1.jar:/home/runner/.m2/repository/org/apache/hadoop/hadoop-mapreduce-client-jobclient/3.3.1/hadoop-mapreduce-client-jobclient-3.3.1.jar:/home/runner/.m2/repository/org/apache/hadoop/hadoop-mapreduce-client-common/3.3.1/hadoop-mapreduce-client-common-3.3.1.jar:/home/runner/.m2/repository/org/apache/hadoop/hadoop-yarn-common/3.3.1/hadoop-yarn-common-3.3.1.jar:/home/runner/.m2/repository/org/apache/hadoop/hadoop-yarn-api/3.3.1/hadoop-yarn-api-3.3.1.jar:/home/runner/.m2/repository/com/sun/jersey/jersey-client/1.19/jersey-client-1.19.jar:/home/runner/.m2/repository/com/sun/jersey/contribs/jersey-guice/1.19/jersey-guice-1.19.jar:/home/runner/.m2/repository/com/fasterxml/jackson/jaxrs/jackson-jaxrs-json-provider/2.12.1/jackson-jaxrs-json-provider-2.12.1.jar:/home/runner/.m2/repository/com/fasterxml/jackson/jaxrs/jackson-jaxrs-base/2.12.1/jackson-jaxrs-base-2.12.1.jar:/home/runner/.m2/repository/org/apache/hadoop/hadoop-yarn-client/3.3.1/hadoop-yarn-client-3.3.1.jar:/home/runner/.m2/repository/org/eclipse/jetty/websocket/websocket-client/9.4.40.v20210413/websocket-client-9.4.40.v20210413.jar:/home/runner/.m2/repository/org/eclipse/jetty/jetty-client/9.4.40.v20210413/jetty-client-9.4.40.v20210413.jar:/home/runner/.m2/repository/org/eclipse/jetty/websocket/websocket-common/9.4.40.v20210413/websocket-common-9.4.40.v20210413.jar:/home/runner/.m2/repository/org/eclipse/jetty/websocket/websocket-api/9.4.40.v20210413/websocket-api-9.4.40.v20210413.jar:/home/runner/.m2/repository/org/jline/jline/3.9.0/jline-3.9.0.jar:/home/runner/.m2/repository/org/apache/hadoop/hadoop-mapreduce-client-core/3.3.1/hadoop-mapreduce-client-core-3.3.1.jar:/home/runner/.m2/repository/org/apache/avro/avro/1.7.7/avro-1.7.7.jar:/home/runner/.m2/repository/org/codehaus/jackson/jackson-core-asl/1.9.13/jackson-core-asl-1.9.13.jar:/home/runner/.m2/repository/org/codehaus/jackson/jackson-mapper-asl/1.9.13/jackson-mapper-asl-1.9.13.jar:/home/runner/.m2/repository/com/thoughtworks/paranamer/paranamer/2.3/paranamer-2.3.jar:/home/runner/.m2/repository/org/apache/hadoop/hadoop-annotations/3.3.1/hadoop-annotations-3.3.1.jar:/usr/lib/jvm/adoptopenjdk-8-hotspot-amd64/jre/../lib/tools.jar:/home/runner/.m2/repository/org/apache/hadoop/hadoop-distcp/3.3.1/hadoop-distcp-3.3.1-tests.jar:/home/runner/.m2/repository/org/apache/ratis/ratis-common/2.1.0-03f3b68-SNAPSHOT/ratis-common-2.1.0-03f3b68-SNAPSHOT.jar:/home/runner/.m2/repository/org/apache/ratis/ratis-thirdparty-misc/0.7.0/ratis-thirdparty-misc-0.7.0.jar:/home/runner/.m2/repository/org/apache/ratis/ratis-proto/2.1.0-03f3b68-SNAPSHOT/ratis-proto-2.1.0-03f3b68-SNAPSHOT.jar:"/>
    <property name="java.vm.vendor" value="AdoptOpenJDK"/>
    <property name="sun.arch.data.model" value="64"/>
    <property name="test.build.dir" value="/home/runner/work/ozone/ozone/hadoop-ozone/integration-test/target/test-dir"/>
    <property name="test.cache.data" value=""/>
    <property name="java.vendor.url" value="https://adoptopenjdk.net/"/>
    <property name="user.timezone" value=""/>
    <property name="java.vm.specification.version" value="1.8"/>
    <property name="os.name" value="Linux"/>
    <property name="test.build.data" value="/home/runner/work/ozone/ozone/hadoop-ozone/integration-test/target/test-dir"/>
    <property name="sun.java.launcher" value="SUN_STANDARD"/>
    <property name="sun.boot.library.path" value="/usr/lib/jvm/adoptopenjdk-8-hotspot-amd64/jre/lib/amd64"/>
    <property name="sun.java.command" value="/home/runner/work/ozone/ozone/hadoop-ozone/integration-test/target/surefire/surefirebooter6661416542169945536.jar /home/runner/work/ozone/ozone/hadoop-ozone/integration-test/target/surefire 2021-08-23T22-54-25_650-jvmRun1 surefire2409268787116743491tmp surefire_302107144568323801467tmp"/>
    <property name="surefire.test.class.path" value="/home/runner/work/ozone/ozone/hadoop-ozone/integration-test/target/test-classes:/home/runner/work/ozone/ozone/hadoop-ozone/integration-test/target/classes:/home/runner/.m2/repository/org/apache/ozone/ozone-common/1.2.0-SNAPSHOT/ozone-common-1.2.0-SNAPSHOT.jar:/home/runner/.m2/repository/org/apache/commons/commons-compress/1.20/commons-compress-1.20.jar:/home/runner/.m2/repository/org/apache/ozone/hdds-common/1.2.0-SNAPSHOT/hdds-common-1.2.0-SNAPSHOT.jar:/home/runner/.m2/repository/org/apache/ozone/hdds-client/1.2.0-SNAPSHOT/hdds-client-1.2.0-SNAPSHOT.jar:/home/runner/.m2/repository/org/apache/ozone/ozone-interface-client/1.2.0-SNAPSHOT/ozone-interface-client-1.2.0-SNAPSHOT.jar:/home/runner/.m2/repository/org/apache/ozone/hdds-server-framework/1.2.0-SNAPSHOT/hdds-server-framework-1.2.0-SNAPSHOT.jar:/home/runner/.m2/repository/org/apache/ozone/hdds-interface-server/1.2.0-SNAPSHOT/hdds-interface-server-1.2.0-SNAPSHOT.jar:/home/runner/.m2/repository/org/eclipse/jetty/jetty-servlet/9.4.43.v20210629/jetty-servlet-9.4.43.v20210629.jar:/home/runner/.m2/repository/org/eclipse/jetty/jetty-security/9.4.43.v20210629/jetty-security-9.4.43.v20210629.jar:/home/runner/.m2/repository/org/rocksdb/rocksdbjni/6.20.3/rocksdbjni-6.20.3.jar:/home/runner/.m2/repository/io/prometheus/simpleclient_dropwizard/0.7.0/simpleclient_dropwizard-0.7.0.jar:/home/runner/.m2/repository/io/prometheus/simpleclient/0.7.0/simpleclient-0.7.0.jar:/home/runner/.m2/repository/io/prometheus/simpleclient_common/0.7.0/simpleclient_common-0.7.0.jar:/home/runner/.m2/repository/com/fasterxml/jackson/datatype/jackson-datatype-jsr310/2.12.1/jackson-datatype-jsr310-2.12.1.jar:/home/runner/.m2/repository/org/apache/ozone/hdds-test-utils/1.2.0-SNAPSHOT/hdds-test-utils-1.2.0-SNAPSHOT.jar:/home/runner/.m2/repository/com/google/guava/guava/30.1.1-jre/guava-30.1.1-jre.jar:/home/runner/.m2/repository/com/google/guava/failureaccess/1.0.1/failureaccess-1.0.1.jar:/home/runner/.m2/repository/com/google/guava/listenablefuture/9999.0-empty-to-avoid-conflict-with-guava/listenablefuture-9999.0-empty-to-avoid-conflict-with-guava.jar:/home/runner/.m2/repository/com/google/code/findbugs/jsr305/3.0.0/jsr305-3.0.0.jar:/home/runner/.m2/repository/org/checkerframework/checker-qual/3.8.0/checker-qual-3.8.0.jar:/home/runner/.m2/repository/com/google/errorprone/error_prone_annotations/2.2.0/error_prone_annotations-2.2.0.jar:/home/runner/.m2/repository/com/google/j2objc/j2objc-annotations/1.3/j2objc-annotations-1.3.jar:/home/runner/.m2/repository/commons-io/commons-io/2.8.0/commons-io-2.8.0.jar:/home/runner/.m2/repository/commons-logging/commons-logging/1.2/commons-logging-1.2.jar:/home/runner/.m2/repository/log4j/log4j/1.2.17/log4j-1.2.17.jar:/home/runner/.m2/repository/org/slf4j/slf4j-api/1.7.30/slf4j-api-1.7.30.jar:/home/runner/.m2/repository/org/apache/ozone/hdds-server-scm/1.2.0-SNAPSHOT/hdds-server-scm-1.2.0-SNAPSHOT.jar:/home/runner/.m2/repository/org/apache/ozone/hdds-container-service/1.2.0-SNAPSHOT/hdds-container-service-1.2.0-SNAPSHOT.jar:/home/runner/.m2/repository/org/apache/ozone/hdds-hadoop-dependency-server/1.2.0-SNAPSHOT/hdds-hadoop-dependency-server-1.2.0-SNAPSHOT.jar:/home/runner/.m2/repository/org/apache/hadoop/hadoop-hdfs/3.3.1/hadoop-hdfs-3.3.1.jar:/home/runner/.m2/repository/io/dropwizard/metrics/metrics-core/3.2.4/metrics-core-3.2.4.jar:/home/runner/.m2/repository/org/apache/hadoop/hadoop-hdfs-client/3.3.1/hadoop-hdfs-client-3.3.1.jar:/home/runner/.m2/repository/org/bouncycastle/bcprov-jdk15on/1.67/bcprov-jdk15on-1.67.jar:/home/runner/.m2/repository/com/google/protobuf/protobuf-java/2.5.0/protobuf-java-2.5.0.jar:/home/runner/.m2/repository/org/apache/ozone/ozone-manager/1.2.0-SNAPSHOT/ozone-manager-1.2.0-SNAPSHOT.jar:/home/runner/.m2/repository/org/aspectj/aspectjrt/1.8.9/aspectjrt-1.8.9.jar:/home/runner/.m2/repository/org/aspectj/aspectjweaver/1.8.9/aspectjweaver-1.8.9.jar:/home/runner/.m2/repository/org/apache/ozone/hdds-interface-client/1.2.0-SNAPSHOT/hdds-interface-client-1.2.0-SNAPSHOT.jar:/home/runner/.m2/repository/org/apache/hadoop/thirdparty/hadoop-shaded-protobuf_3_7/1.1.1/hadoop-shaded-protobuf_3_7-1.1.1.jar:/home/runner/.m2/repository/org/apache/ozone/ozone-interface-storage/1.2.0-SNAPSHOT/ozone-interface-storage-1.2.0-SNAPSHOT.jar:/home/runner/.m2/repository/org/reflections/reflections/0.9.11/reflections-0.9.11.jar:/home/runner/.m2/repository/org/apache/hadoop/hadoop-minikdc/3.3.1/hadoop-minikdc-3.3.1.jar:/home/runner/.m2/repository/org/apache/kerby/kerb-simplekdc/1.0.1/kerb-simplekdc-1.0.1.jar:/home/runner/.m2/repository/org/apache/kerby/kerb-client/1.0.1/kerb-client-1.0.1.jar:/home/runner/.m2/repository/org/apache/kerby/kerby-config/1.0.1/kerby-config-1.0.1.jar:/home/runner/.m2/repository/org/apache/kerby/kerb-common/1.0.1/kerb-common-1.0.1.jar:/home/runner/.m2/repository/org/apache/kerby/kerb-crypto/1.0.1/kerb-crypto-1.0.1.jar:/home/runner/.m2/repository/org/apache/kerby/kerb-util/1.0.1/kerb-util-1.0.1.jar:/home/runner/.m2/repository/org/apache/kerby/token-provider/1.0.1/token-provider-1.0.1.jar:/home/runner/.m2/repository/org/apache/kerby/kerb-admin/1.0.1/kerb-admin-1.0.1.jar:/home/runner/.m2/repository/org/apache/kerby/kerb-server/1.0.1/kerb-server-1.0.1.jar:/home/runner/.m2/repository/org/apache/kerby/kerb-identity/1.0.1/kerb-identity-1.0.1.jar:/home/runner/.m2/repository/org/apache/kerby/kerby-xdr/1.0.1/kerby-xdr-1.0.1.jar:/home/runner/.m2/repository/org/slf4j/slf4j-log4j12/1.7.30/slf4j-log4j12-1.7.30.jar:/home/runner/.m2/repository/org/apache/ozone/ozone-s3gateway/1.2.0-SNAPSHOT/ozone-s3gateway-1.2.0-SNAPSHOT.jar:/home/runner/.m2/repository/org/javassist/javassist/3.21.0-GA/javassist-3.21.0-GA.jar:/home/runner/.m2/repository/org/jboss/weld/servlet/weld-servlet/2.4.7.Final/weld-servlet-2.4.7.Final.jar:/home/runner/.m2/repository/org/glassfish/jersey/containers/jersey-container-servlet-core/2.33/jersey-container-servlet-core-2.33.jar:/home/runner/.m2/repository/org/glassfish/hk2/external/jakarta.inject/2.6.1/jakarta.inject-2.6.1.jar:/home/runner/.m2/repository/org/glassfish/jersey/core/jersey-common/2.33/jersey-common-2.33.jar:/home/runner/.m2/repository/jakarta/ws/rs/jakarta.ws.rs-api/2.1.6/jakarta.ws.rs-api-2.1.6.jar:/home/runner/.m2/repository/org/glassfish/jersey/ext/cdi/jersey-cdi1x/2.33/jersey-cdi1x-2.33.jar:/home/runner/.m2/repository/org/glassfish/jersey/inject/jersey-hk2/2.33/jersey-hk2-2.33.jar:/home/runner/.m2/repository/org/glassfish/hk2/hk2-locator/2.6.1/hk2-locator-2.6.1.jar:/home/runner/.m2/repository/org/glassfish/jersey/media/jersey-media-jaxb/2.33/jersey-media-jaxb-2.33.jar:/home/runner/.m2/repository/org/glassfish/hk2/osgi-resource-locator/1.0.3/osgi-resource-locator-1.0.3.jar:/home/runner/.m2/repository/org/glassfish/hk2/hk2-api/2.5.0/hk2-api-2.5.0.jar:/home/runner/.m2/repository/org/glassfish/hk2/hk2-utils/2.5.0/hk2-utils-2.5.0.jar:/home/runner/.m2/repository/org/glassfish/hk2/external/aopalliance-repackaged/2.5.0/aopalliance-repackaged-2.5.0.jar:/home/runner/.m2/repository/com/fasterxml/jackson/dataformat/jackson-dataformat-xml/2.12.1/jackson-dataformat-xml-2.12.1.jar:/home/runner/.m2/repository/com/fasterxml/jackson/core/jackson-core/2.12.1/jackson-core-2.12.1.jar:/home/runner/.m2/repository/com/fasterxml/jackson/module/jackson-module-jaxb-annotations/2.12.1/jackson-module-jaxb-annotations-2.12.1.jar:/home/runner/.m2/repository/jakarta/xml/bind/jakarta.xml.bind-api/2.3.2/jakarta.xml.bind-api-2.3.2.jar:/home/runner/.m2/repository/org/codehaus/woodstox/stax2-api/3.1.4/stax2-api-3.1.4.jar:/home/runner/.m2/repository/com/fasterxml/woodstox/woodstox-core/5.0.3/woodstox-core-5.0.3.jar:/home/runner/.m2/repository/javax/enterprise/cdi-api/1.2/cdi-api-1.2.jar:/home/runner/.m2/repository/javax/el/javax.el-api/3.0.0/javax.el-api-3.0.0.jar:/home/runner/.m2/repository/javax/interceptor/javax.interceptor-api/1.2/javax.interceptor-api-1.2.jar:/home/runner/.m2/repository/javax/inject/javax.inject/1/javax.inject-1.jar:/home/runner/.m2/repository/javax/xml/bind/jaxb-api/2.3.0/jaxb-api-2.3.0.jar:/home/runner/.m2/repository/org/glassfish/jaxb/jaxb-runtime/2.3.0.1/jaxb-runtime-2.3.0.1.jar:/home/runner/.m2/repository/org/glassfish/jaxb/jaxb-core/2.3.0.1/jaxb-core-2.3.0.1.jar:/home/runner/.m2/repository/org/glassfish/jaxb/txw2/2.3.0.1/txw2-2.3.0.1.jar:/home/runner/.m2/repository/com/sun/istack/istack-commons-runtime/3.0.5/istack-commons-runtime-3.0.5.jar:/home/runner/.m2/repository/org/jvnet/staxex/stax-ex/1.7.8/stax-ex-1.7.8.jar:/home/runner/.m2/repository/com/sun/xml/fastinfoset/FastInfoset/1.2.13/FastInfoset-1.2.13.jar:/home/runner/.m2/repository/javax/activation/activation/1.1.1/activation-1.1.1.jar:/home/runner/.m2/repository/org/apache/ozone/ozone-csi/1.2.0-SNAPSHOT/ozone-csi-1.2.0-SNAPSHOT.jar:/home/runner/.m2/repository/com/google/protobuf/protobuf-java-util/3.12.0/protobuf-java-util-3.12.0.jar:/home/runner/.m2/repository/com/google/code/gson/gson/2.2.4/gson-2.2.4.jar:/home/runner/.m2/repository/org/apache/ozone/hdds-config/1.2.0-SNAPSHOT/hdds-config-1.2.0-SNAPSHOT.jar:/home/runner/.m2/repository/io/grpc/grpc-netty/1.33.0/grpc-netty-1.33.0.jar:/home/runner/.m2/repository/io/grpc/grpc-core/1.33.0/grpc-core-1.33.0.jar:/home/runner/.m2/repository/com/google/android/annotations/4.1.1.4/annotations-4.1.1.4.jar:/home/runner/.m2/repository/io/netty/netty-codec-http2/4.1.63.Final/netty-codec-http2-4.1.63.Final.jar:/home/runner/.m2/repository/io/netty/netty-codec-http/4.1.63.Final/netty-codec-http-4.1.63.Final.jar:/home/runner/.m2/repository/io/netty/netty-handler-proxy/4.1.63.Final/netty-handler-proxy-4.1.63.Final.jar:/home/runner/.m2/repository/io/netty/netty-codec-socks/4.1.63.Final/netty-codec-socks-4.1.63.Final.jar:/home/runner/.m2/repository/io/perfmark/perfmark-api/0.19.0/perfmark-api-0.19.0.jar:/home/runner/.m2/repository/org/codehaus/mojo/animal-sniffer-annotations/1.18/animal-sniffer-annotations-1.18.jar:/home/runner/.m2/repository/io/netty/netty-transport-native-epoll/4.1.63.Final/netty-transport-native-epoll-4.1.63.Final.jar:/home/runner/.m2/repository/io/netty/netty-common/4.1.63.Final/netty-common-4.1.63.Final.jar:/home/runner/.m2/repository/io/netty/netty-buffer/4.1.63.Final/netty-buffer-4.1.63.Final.jar:/home/runner/.m2/repository/io/netty/netty-transport-native-unix-common/4.1.63.Final/netty-transport-native-unix-common-4.1.63.Final.jar:/home/runner/.m2/repository/io/grpc/grpc-protobuf/1.33.0/grpc-protobuf-1.33.0.jar:/home/runner/.m2/repository/io/grpc/grpc-api/1.33.0/grpc-api-1.33.0.jar:/home/runner/.m2/repository/io/grpc/grpc-context/1.33.0/grpc-context-1.33.0.jar:/home/runner/.m2/repository/com/google/api/grpc/proto-google-common-protos/1.17.0/proto-google-common-protos-1.17.0.jar:/home/runner/.m2/repository/io/grpc/grpc-protobuf-lite/1.33.0/grpc-protobuf-lite-1.33.0.jar:/home/runner/.m2/repository/io/grpc/grpc-stub/1.33.0/grpc-stub-1.33.0.jar:/home/runner/.m2/repository/org/apache/ozone/ozone-recon/1.2.0-SNAPSHOT/ozone-recon-1.2.0-SNAPSHOT.jar:/home/runner/.m2/repository/org/apache/ozone/ozone-reconcodegen/1.2.0-SNAPSHOT/ozone-reconcodegen-1.2.0-SNAPSHOT.jar:/home/runner/.m2/repository/com/google/inject/extensions/guice-multibindings/4.0/guice-multibindings-4.0.jar:/home/runner/.m2/repository/com/google/inject/guice/4.0/guice-4.0.jar:/home/runner/.m2/repository/aopalliance/aopalliance/1.0/aopalliance-1.0.jar:/home/runner/.m2/repository/com/google/inject/extensions/guice-assistedinject/4.0/guice-assistedinject-4.0.jar:/home/runner/.m2/repository/com/google/inject/extensions/guice-servlet/4.0/guice-servlet-4.0.jar:/home/runner/.m2/repository/org/glassfish/jersey/containers/jersey-container-servlet/2.33/jersey-container-servlet-2.33.jar:/home/runner/.m2/repository/org/glassfish/hk2/guice-bridge/2.5.0/guice-bridge-2.5.0.jar:/home/runner/.m2/repository/org/glassfish/jersey/core/jersey-server/2.33/jersey-server-2.33.jar:/home/runner/.m2/repository/org/glassfish/jersey/core/jersey-client/2.33/jersey-client-2.33.jar:/home/runner/.m2/repository/jakarta/annotation/jakarta.annotation-api/1.3.5/jakarta.annotation-api-1.3.5.jar:/home/runner/.m2/repository/jakarta/validation/jakarta.validation-api/2.0.2/jakarta.validation-api-2.0.2.jar:/home/runner/.m2/repository/org/glassfish/jersey/media/jersey-media-json-jackson/2.33/jersey-media-json-jackson-2.33.jar:/home/runner/.m2/repository/org/glassfish/jersey/ext/jersey-entity-filtering/2.33/jersey-entity-filtering-2.33.jar:/home/runner/.m2/repository/org/jooq/jooq/3.11.10/jooq-3.11.10.jar:/home/runner/.m2/repository/org/jooq/jooq-meta/3.11.10/jooq-meta-3.11.10.jar:/home/runner/.m2/repository/org/jooq/jooq-codegen/3.11.10/jooq-codegen-3.11.10.jar:/home/runner/.m2/repository/com/jolbox/bonecp/0.8.0.RELEASE/bonecp-0.8.0.RELEASE.jar:/home/runner/.m2/repository/org/apache/derby/derby/10.14.2.0/derby-10.14.2.0.jar:/home/runner/.m2/repository/org/xerial/sqlite-jdbc/3.25.2/sqlite-jdbc-3.25.2.jar:/home/runner/.m2/repository/org/springframework/spring-jdbc/5.2.11.RELEASE/spring-jdbc-5.2.11.RELEASE.jar:/home/runner/.m2/repository/org/springframework/spring-beans/5.2.11.RELEASE/spring-beans-5.2.11.RELEASE.jar:/home/runner/.m2/repository/org/springframework/spring-core/5.2.11.RELEASE/spring-core-5.2.11.RELEASE.jar:/home/runner/.m2/repository/org/springframework/spring-jcl/5.2.11.RELEASE/spring-jcl-5.2.11.RELEASE.jar:/home/runner/.m2/repository/org/springframework/spring-tx/5.2.11.RELEASE/spring-tx-5.2.11.RELEASE.jar:/home/runner/.m2/repository/org/apache/ozone/ozone-client/1.2.0-SNAPSHOT/ozone-client-1.2.0-SNAPSHOT.jar:/home/runner/.m2/repository/org/apache/ozone/ozone-filesystem/1.2.0-SNAPSHOT/ozone-filesystem-1.2.0-SNAPSHOT.jar:/home/runner/.m2/repository/org/apache/ozone/ozone-filesystem-common/1.2.0-SNAPSHOT/ozone-filesystem-common-1.2.0-SNAPSHOT.jar:/home/runner/.m2/repository/org/apache/ozone/ozone-tools/1.2.0-SNAPSHOT/ozone-tools-1.2.0-SNAPSHOT.jar:/home/runner/.m2/repository/org/apache/ratis/ratis-tools/2.1.0-03f3b68-SNAPSHOT/ratis-tools-2.1.0-03f3b68-SNAPSHOT.jar:/home/runner/.m2/repository/com/amazonaws/aws-java-sdk-core/1.11.901/aws-java-sdk-core-1.11.901.jar:/home/runner/.m2/repository/org/apache/httpcomponents/httpclient/4.5.13/httpclient-4.5.13.jar:/home/runner/.m2/repository/org/apache/httpcomponents/httpcore/4.4.13/httpcore-4.4.13.jar:/home/runner/.m2/repository/software/amazon/ion/ion-java/1.0.2/ion-java-1.0.2.jar:/home/runner/.m2/repository/com/fasterxml/jackson/dataformat/jackson-dataformat-cbor/2.12.1/jackson-dataformat-cbor-2.12.1.jar:/home/runner/.m2/repository/joda-time/joda-time/2.8.1/joda-time-2.8.1.jar:/home/runner/.m2/repository/com/amazonaws/aws-java-sdk-s3/1.11.901/aws-java-sdk-s3-1.11.901.jar:/home/runner/.m2/repository/com/amazonaws/aws-java-sdk-kms/1.11.901/aws-java-sdk-kms-1.11.901.jar:/home/runner/.m2/repository/com/amazonaws/jmespath-java/1.11.901/jmespath-java-1.11.901.jar:/home/runner/.m2/repository/org/kohsuke/metainf-services/metainf-services/1.8/metainf-services-1.8.jar:/home/runner/.m2/repository/org/apache/ozone/hdds-tools/1.2.0-SNAPSHOT/hdds-tools-1.2.0-SNAPSHOT.jar:/home/runner/.m2/repository/commons-cli/commons-cli/1.2/commons-cli-1.2.jar:/home/runner/.m2/repository/org/apache/commons/commons-lang3/3.7/commons-lang3-3.7.jar:/home/runner/.m2/repository/org/apache/ozone/ozone-manager/1.2.0-SNAPSHOT/ozone-manager-1.2.0-SNAPSHOT-tests.jar:/home/runner/.m2/repository/org/apache/ozone/hdds-common/1.2.0-SNAPSHOT/hdds-common-1.2.0-SNAPSHOT-tests.jar:/home/runner/.m2/repository/org/apache/ozone/hdds-hadoop-dependency-client/1.2.0-SNAPSHOT/hdds-hadoop-dependency-client-1.2.0-SNAPSHOT.jar:/home/runner/.m2/repository/info/picocli/picocli/4.4.0/picocli-4.4.0.jar:/home/runner/.m2/repository/com/fasterxml/jackson/core/jackson-annotations/2.12.1/jackson-annotations-2.12.1.jar:/home/runner/.m2/repository/javax/annotation/javax.annotation-api/1.2/javax.annotation-api-1.2.jar:/home/runner/.m2/repository/org/apache/ratis/ratis-server/2.1.0-03f3b68-SNAPSHOT/ratis-server-2.1.0-03f3b68-SNAPSHOT.jar:/home/runner/.m2/repository/org/apache/ratis/ratis-client/2.1.0-03f3b68-SNAPSHOT/ratis-client-2.1.0-03f3b68-SNAPSHOT.jar:/home/runner/.m2/repository/org/apache/ratis/ratis-server-api/2.1.0-03f3b68-SNAPSHOT/ratis-server-api-2.1.0-03f3b68-SNAPSHOT.jar:/home/runner/.m2/repository/org/apache/ratis/ratis-metrics/2.1.0-03f3b68-SNAPSHOT/ratis-metrics-2.1.0-03f3b68-SNAPSHOT.jar:/home/runner/.m2/repository/org/apache/ratis/ratis-netty/2.1.0-03f3b68-SNAPSHOT/ratis-netty-2.1.0-03f3b68-SNAPSHOT.jar:/home/runner/.m2/repository/org/apache/ratis/ratis-grpc/2.1.0-03f3b68-SNAPSHOT/ratis-grpc-2.1.0-03f3b68-SNAPSHOT.jar:/home/runner/.m2/repository/org/apache/logging/log4j/log4j-api/2.13.3/log4j-api-2.13.3.jar:/home/runner/.m2/repository/org/apache/logging/log4j/log4j-core/2.13.3/log4j-core-2.13.3.jar:/home/runner/.m2/repository/com/lmax/disruptor/3.4.2/disruptor-3.4.2.jar:/home/runner/.m2/repository/org/apache/commons/commons-pool2/2.6.0/commons-pool2-2.6.0.jar:/home/runner/.m2/repository/org/bouncycastle/bcpkix-jdk15on/1.67/bcpkix-jdk15on-1.67.jar:/home/runner/.m2/repository/commons-validator/commons-validator/1.6/commons-validator-1.6.jar:/home/runner/.m2/repository/commons-beanutils/commons-beanutils/1.9.4/commons-beanutils-1.9.4.jar:/home/runner/.m2/repository/commons-digester/commons-digester/1.8.1/commons-digester-1.8.1.jar:/home/runner/.m2/repository/commons-collections/commons-collections/3.2.2/commons-collections-3.2.2.jar:/home/runner/.m2/repository/io/jaegertracing/jaeger-client/1.6.0/jaeger-client-1.6.0.jar:/home/runner/.m2/repository/io/jaegertracing/jaeger-thrift/1.6.0/jaeger-thrift-1.6.0.jar:/home/runner/.m2/repository/org/apache/thrift/libthrift/0.14.1/libthrift-0.14.1.jar:/home/runner/.m2/repository/com/squareup/okhttp3/okhttp/4.9.0/okhttp-4.9.0.jar:/home/runner/.m2/repository/com/squareup/okio/okio/2.8.0/okio-2.8.0.jar:/home/runner/.m2/repository/io/jaegertracing/jaeger-core/1.6.0/jaeger-core-1.6.0.jar:/home/runner/.m2/repository/io/jaegertracing/jaeger-tracerresolver/1.6.0/jaeger-tracerresolver-1.6.0.jar:/home/runner/.m2/repository/io/opentracing/contrib/opentracing-tracerresolver/0.1.8/opentracing-tracerresolver-0.1.8.jar:/home/runner/.m2/repository/org/jetbrains/kotlin/kotlin-stdlib/1.4.31/kotlin-stdlib-1.4.31.jar:/home/runner/.m2/repository/org/jetbrains/kotlin/kotlin-stdlib-common/1.4.31/kotlin-stdlib-common-1.4.31.jar:/home/runner/.m2/repository/org/jetbrains/annotations/13.0/annotations-13.0.jar:/home/runner/.m2/repository/io/opentracing/opentracing-util/0.33.0/opentracing-util-0.33.0.jar:/home/runner/.m2/repository/io/opentracing/opentracing-api/0.33.0/opentracing-api-0.33.0.jar:/home/runner/.m2/repository/io/opentracing/opentracing-noop/0.33.0/opentracing-noop-0.33.0.jar:/home/runner/.m2/repository/org/yaml/snakeyaml/1.26/snakeyaml-1.26.jar:/home/runner/.m2/repository/org/apache/ozone/hdds-interface-admin/1.2.0-SNAPSHOT/hdds-interface-admin-1.2.0-SNAPSHOT.jar:/home/runner/.m2/repository/junit/junit/4.13.1/junit-4.13.1.jar:/home/runner/.m2/repository/org/hamcrest/hamcrest-core/1.3/hamcrest-core-1.3.jar:/home/runner/.m2/repository/org/junit/jupiter/junit-jupiter-api/5.7.0/junit-jupiter-api-5.7.0.jar:/home/runner/.m2/repository/org/apiguardian/apiguardian-api/1.1.0/apiguardian-api-1.1.0.jar:/home/runner/.m2/repository/org/opentest4j/opentest4j/1.2.0/opentest4j-1.2.0.jar:/home/runner/.m2/repository/org/junit/platform/junit-platform-commons/1.7.0/junit-platform-commons-1.7.0.jar:/home/runner/.m2/repository/org/junit/jupiter/junit-jupiter-engine/5.7.0/junit-jupiter-engine-5.7.0.jar:/home/runner/.m2/repository/org/junit/platform/junit-platform-engine/1.7.0/junit-platform-engine-1.7.0.jar:/home/runner/.m2/repository/org/junit/vintage/junit-vintage-engine/5.7.0/junit-vintage-engine-5.7.0.jar:/home/runner/.m2/repository/org/junit/platform/junit-platform-launcher/1.7.0/junit-platform-launcher-1.7.0.jar:/home/runner/.m2/repository/org/openjdk/jmh/jmh-core/1.19/jmh-core-1.19.jar:/home/runner/.m2/repository/net/sf/jopt-simple/jopt-simple/4.6/jopt-simple-4.6.jar:/home/runner/.m2/repository/org/apache/commons/commons-math3/3.1.1/commons-math3-3.1.1.jar:/home/runner/.m2/repository/org/openjdk/jmh/jmh-generator-annprocess/1.19/jmh-generator-annprocess-1.19.jar:/home/runner/.m2/repository/org/mockito/mockito-core/2.28.2/mockito-core-2.28.2.jar:/home/runner/.m2/repository/net/bytebuddy/byte-buddy/1.9.10/byte-buddy-1.9.10.jar:/home/runner/.m2/repository/net/bytebuddy/byte-buddy-agent/1.9.10/byte-buddy-agent-1.9.10.jar:/home/runner/.m2/repository/org/objenesis/objenesis/1.0/objenesis-1.0.jar:/home/runner/.m2/repository/org/apache/hadoop/hadoop-kms/3.3.1/hadoop-kms-3.3.1.jar:/home/runner/.m2/repository/org/apache/hadoop/hadoop-auth/3.3.1/hadoop-auth-3.3.1.jar:/home/runner/.m2/repository/com/nimbusds/nimbus-jose-jwt/7.9/nimbus-jose-jwt-7.9.jar:/home/runner/.m2/repository/com/github/stephenc/jcip/jcip-annotations/1.0-1/jcip-annotations-1.0-1.jar:/home/runner/.m2/repository/net/minidev/json-smart/2.3/json-smart-2.3.jar:/home/runner/.m2/repository/net/minidev/accessors-smart/1.2/accessors-smart-1.2.jar:/home/runner/.m2/repository/org/ow2/asm/asm/5.0.4/asm-5.0.4.jar:/home/runner/.m2/repository/org/apache/zookeeper/zookeeper/3.5.6/zookeeper-3.5.6.jar:/home/runner/.m2/repository/org/apache/zookeeper/zookeeper-jute/3.5.6/zookeeper-jute-3.5.6.jar:/home/runner/.m2/repository/org/apache/yetus/audience-annotations/0.5.0/audience-annotations-0.5.0.jar:/home/runner/.m2/repository/org/apache/curator/curator-framework/4.2.0/curator-framework-4.2.0.jar:/home/runner/.m2/repository/org/apache/hadoop/thirdparty/hadoop-shaded-guava/1.1.1/hadoop-shaded-guava-1.1.1.jar:/home/runner/.m2/repository/com/sun/jersey/jersey-core/1.19/jersey-core-1.19.jar:/home/runner/.m2/repository/javax/ws/rs/jsr311-api/1.1.1/jsr311-api-1.1.1.jar:/home/runner/.m2/repository/com/sun/jersey/jersey-server/1.19/jersey-server-1.19.jar:/home/runner/.m2/repository/javax/servlet/javax.servlet-api/3.1.0/javax.servlet-api-3.1.0.jar:/home/runner/.m2/repository/org/eclipse/jetty/jetty-server/9.4.43.v20210629/jetty-server-9.4.43.v20210629.jar:/home/runner/.m2/repository/org/eclipse/jetty/jetty-http/9.4.43.v20210629/jetty-http-9.4.43.v20210629.jar:/home/runner/.m2/repository/org/eclipse/jetty/jetty-io/9.4.43.v20210629/jetty-io-9.4.43.v20210629.jar:/home/runner/.m2/repository/org/eclipse/jetty/jetty-webapp/9.4.43.v20210629/jetty-webapp-9.4.43.v20210629.jar:/home/runner/.m2/repository/org/eclipse/jetty/jetty-xml/9.4.43.v20210629/jetty-xml-9.4.43.v20210629.jar:/home/runner/.m2/repository/org/apache/hadoop/hadoop-common/3.3.1/hadoop-common-3.3.1.jar:/home/runner/.m2/repository/commons-net/commons-net/3.6/commons-net-3.6.jar:/home/runner/.m2/repository/jakarta/activation/jakarta.activation-api/1.2.1/jakarta.activation-api-1.2.1.jar:/home/runner/.m2/repository/com/sun/jersey/jersey-servlet/1.19/jersey-servlet-1.19.jar:/home/runner/.m2/repository/com/sun/jersey/jersey-json/1.19/jersey-json-1.19.jar:/home/runner/.m2/repository/org/codehaus/jettison/jettison/1.1/jettison-1.1.jar:/home/runner/.m2/repository/com/sun/xml/bind/jaxb-impl/2.2.3-1/jaxb-impl-2.2.3-1.jar:/home/runner/.m2/repository/org/codehaus/jackson/jackson-jaxrs/1.9.2/jackson-jaxrs-1.9.2.jar:/home/runner/.m2/repository/org/codehaus/jackson/jackson-xc/1.9.2/jackson-xc-1.9.2.jar:/home/runner/.m2/repository/org/apache/commons/commons-configuration2/2.1.1/commons-configuration2-2.1.1.jar:/home/runner/.m2/repository/org/apache/commons/commons-text/1.4/commons-text-1.4.jar:/home/runner/.m2/repository/com/google/re2j/re2j/1.1/re2j-1.1.jar:/home/runner/.m2/repository/com/jcraft/jsch/0.1.54/jsch-0.1.54.jar:/home/runner/.m2/repository/org/apache/curator/curator-client/4.2.0/curator-client-4.2.0.jar:/home/runner/.m2/repository/org/apache/curator/curator-recipes/4.2.0/curator-recipes-4.2.0.jar:/home/runner/.m2/repository/org/apache/kerby/kerb-core/1.0.1/kerb-core-1.0.1.jar:/home/runner/.m2/repository/org/apache/kerby/kerby-pkix/1.0.1/kerby-pkix-1.0.1.jar:/home/runner/.m2/repository/org/apache/kerby/kerby-asn1/1.0.1/kerby-asn1-1.0.1.jar:/home/runner/.m2/repository/org/apache/kerby/kerby-util/1.0.1/kerby-util-1.0.1.jar:/home/runner/.m2/repository/dnsjava/dnsjava/2.1.7/dnsjava-2.1.7.jar:/home/runner/.m2/repository/org/xerial/snappy/snappy-java/1.1.8.2/snappy-java-1.1.8.2.jar:/home/runner/.m2/repository/org/slf4j/jul-to-slf4j/1.7.30/jul-to-slf4j-1.7.30.jar:/home/runner/.m2/repository/org/eclipse/jetty/jetty-util/9.4.43.v20210629/jetty-util-9.4.43.v20210629.jar:/home/runner/.m2/repository/com/fasterxml/jackson/core/jackson-databind/2.12.1/jackson-databind-2.12.1.jar:/home/runner/.m2/repository/org/apache/hadoop/hadoop-kms/3.3.1/hadoop-kms-3.3.1-tests.jar:/home/runner/.m2/repository/org/apache/ozone/hdds-server-scm/1.2.0-SNAPSHOT/hdds-server-scm-1.2.0-SNAPSHOT-tests.jar:/home/runner/.m2/repository/org/apache/ozone/hdds-container-service/1.2.0-SNAPSHOT/hdds-container-service-1.2.0-SNAPSHOT-tests.jar:/home/runner/.m2/repository/commons-codec/commons-codec/1.11/commons-codec-1.11.jar:/home/runner/.m2/repository/io/netty/netty-transport/4.1.63.Final/netty-transport-4.1.63.Final.jar:/home/runner/.m2/repository/io/netty/netty-resolver/4.1.63.Final/netty-resolver-4.1.63.Final.jar:/home/runner/.m2/repository/io/netty/netty-codec/4.1.63.Final/netty-codec-4.1.63.Final.jar:/home/runner/.m2/repository/io/netty/netty-handler/4.1.63.Final/netty-handler-4.1.63.Final.jar:/home/runner/.m2/repository/org/apache/ozone/hdds-hadoop-dependency-test/1.2.0-SNAPSHOT/hdds-hadoop-dependency-test-1.2.0-SNAPSHOT.jar:/home/runner/.m2/repository/org/apache/hadoop/hadoop-common/3.3.1/hadoop-common-3.3.1-tests.jar:/home/runner/.m2/repository/org/assertj/assertj-core/3.12.2/assertj-core-3.12.2.jar:/home/runner/.m2/repository/org/apache/hadoop/hadoop-hdfs/3.3.1/hadoop-hdfs-3.3.1-tests.jar:/home/runner/.m2/repository/org/eclipse/jetty/jetty-util-ajax/9.4.43.v20210629/jetty-util-ajax-9.4.43.v20210629.jar:/home/runner/.m2/repository/commons-daemon/commons-daemon/1.0.13/commons-daemon-1.0.13.jar:/home/runner/.m2/repository/io/netty/netty/3.10.6.Final/netty-3.10.6.Final.jar:/home/runner/.m2/repository/io/netty/netty-all/4.1.63.Final/netty-all-4.1.63.Final.jar:/home/runner/.m2/repository/org/apache/htrace/htrace-core4/4.1.0-incubating/htrace-core4-4.1.0-incubating.jar:/home/runner/.m2/repository/org/fusesource/leveldbjni/leveldbjni-all/1.8/leveldbjni-all-1.8.jar:/home/runner/.m2/repository/org/apache/hadoop/hadoop-distcp/3.3.1/hadoop-distcp-3.3.1.jar:/home/runner/.m2/repository/org/apache/hadoop/hadoop-mapreduce-client-jobclient/3.3.1/hadoop-mapreduce-client-jobclient-3.3.1.jar:/home/runner/.m2/repository/org/apache/hadoop/hadoop-mapreduce-client-common/3.3.1/hadoop-mapreduce-client-common-3.3.1.jar:/home/runner/.m2/repository/org/apache/hadoop/hadoop-yarn-common/3.3.1/hadoop-yarn-common-3.3.1.jar:/home/runner/.m2/repository/org/apache/hadoop/hadoop-yarn-api/3.3.1/hadoop-yarn-api-3.3.1.jar:/home/runner/.m2/repository/com/sun/jersey/jersey-client/1.19/jersey-client-1.19.jar:/home/runner/.m2/repository/com/sun/jersey/contribs/jersey-guice/1.19/jersey-guice-1.19.jar:/home/runner/.m2/repository/com/fasterxml/jackson/jaxrs/jackson-jaxrs-json-provider/2.12.1/jackson-jaxrs-json-provider-2.12.1.jar:/home/runner/.m2/repository/com/fasterxml/jackson/jaxrs/jackson-jaxrs-base/2.12.1/jackson-jaxrs-base-2.12.1.jar:/home/runner/.m2/repository/org/apache/hadoop/hadoop-yarn-client/3.3.1/hadoop-yarn-client-3.3.1.jar:/home/runner/.m2/repository/org/eclipse/jetty/websocket/websocket-client/9.4.40.v20210413/websocket-client-9.4.40.v20210413.jar:/home/runner/.m2/repository/org/eclipse/jetty/jetty-client/9.4.40.v20210413/jetty-client-9.4.40.v20210413.jar:/home/runner/.m2/repository/org/eclipse/jetty/websocket/websocket-common/9.4.40.v20210413/websocket-common-9.4.40.v20210413.jar:/home/runner/.m2/repository/org/eclipse/jetty/websocket/websocket-api/9.4.40.v20210413/websocket-api-9.4.40.v20210413.jar:/home/runner/.m2/repository/org/jline/jline/3.9.0/jline-3.9.0.jar:/home/runner/.m2/repository/org/apache/hadoop/hadoop-mapreduce-client-core/3.3.1/hadoop-mapreduce-client-core-3.3.1.jar:/home/runner/.m2/repository/org/apache/avro/avro/1.7.7/avro-1.7.7.jar:/home/runner/.m2/repository/org/codehaus/jackson/jackson-core-asl/1.9.13/jackson-core-asl-1.9.13.jar:/home/runner/.m2/repository/org/codehaus/jackson/jackson-mapper-asl/1.9.13/jackson-mapper-asl-1.9.13.jar:/home/runner/.m2/repository/com/thoughtworks/paranamer/paranamer/2.3/paranamer-2.3.jar:/home/runner/.m2/repository/org/apache/hadoop/hadoop-annotations/3.3.1/hadoop-annotations-3.3.1.jar:/usr/lib/jvm/adoptopenjdk-8-hotspot-amd64/jre/../lib/tools.jar:/home/runner/.m2/repository/org/apache/hadoop/hadoop-distcp/3.3.1/hadoop-distcp-3.3.1-tests.jar:/home/runner/.m2/repository/org/apache/ratis/ratis-common/2.1.0-03f3b68-SNAPSHOT/ratis-common-2.1.0-03f3b68-SNAPSHOT.jar:/home/runner/.m2/repository/org/apache/ratis/ratis-thirdparty-misc/0.7.0/ratis-thirdparty-misc-0.7.0.jar:/home/runner/.m2/repository/org/apache/ratis/ratis-proto/2.1.0-03f3b68-SNAPSHOT/ratis-proto-2.1.0-03f3b68-SNAPSHOT.jar:"/>
    <property name="sun.cpu.endian" value="little"/>
    <property name="user.home" value="/home/runner"/>
    <property name="user.language" value="en"/>
    <property name="java.specification.vendor" value="Oracle Corporation"/>
    <property name="java.home" value="/usr/lib/jvm/adoptopenjdk-8-hotspot-amd64/jre"/>
    <property name="java.security.krb5.conf" value="/home/runner/work/ozone/ozone/hadoop-ozone/integration-test/target/test-classes/krb5.conf"/>
    <property name="basedir" value="/home/runner/work/ozone/ozone/hadoop-ozone/integration-test"/>
    <property name="file.separator" value="/"/>
    <property name="line.separator" value="&#10;"/>
    <property name="java.vm.specification.vendor" value="Oracle Corporation"/>
    <property name="java.specification.name" value="Java Platform API Specification"/>
    <property name="java.awt.graphicsenv" value="sun.awt.X11GraphicsEnvironment"/>
    <property name="skip.installnpx" value="true"/>
    <property name="surefire.real.class.path" value="/home/runner/work/ozone/ozone/hadoop-ozone/integration-test/target/surefire/surefirebooter6661416542169945536.jar:/home/runner/.m2/repository/org/jacoco/org.jacoco.agent/0.8.5/org.jacoco.agent-0.8.5-runtime.jar"/>
    <property name="hadoop.log.dir" value="/home/runner/work/ozone/ozone/hadoop-ozone/integration-test/target/log"/>
    <property name="sun.boot.class.path" value="/usr/lib/jvm/adoptopenjdk-8-hotspot-amd64/jre/lib/resources.jar:/usr/lib/jvm/adoptopenjdk-8-hotspot-amd64/jre/lib/rt.jar:/usr/lib/jvm/adoptopenjdk-8-hotspot-amd64/jre/lib/sunrsasign.jar:/usr/lib/jvm/adoptopenjdk-8-hotspot-amd64/jre/lib/jsse.jar:/usr/lib/jvm/adoptopenjdk-8-hotspot-amd64/jre/lib/jce.jar:/usr/lib/jvm/adoptopenjdk-8-hotspot-amd64/jre/lib/charsets.jar:/usr/lib/jvm/adoptopenjdk-8-hotspot-amd64/jre/lib/jfr.jar:/usr/lib/jvm/adoptopenjdk-8-hotspot-amd64/jre/classes"/>
    <property name="sun.management.compiler" value="HotSpot 64-Bit Tiered Compilers"/>
    <property name="skip.npx" value="true"/>
    <property name="java.runtime.version" value="1.8.0_292-b10"/>
    <property name="java.net.preferIPv4Stack" value="true"/>
    <property name="user.name" value="runner"/>
    <property name="path.separator" value=":"/>
    <property name="java.security.egd" value="file:///dev/urandom"/>
    <property name="os.version" value="5.4.0-1055-azure"/>
    <property name="java.endorsed.dirs" value="/usr/lib/jvm/adoptopenjdk-8-hotspot-amd64/jre/lib/endorsed"/>
    <property name="java.runtime.name" value="OpenJDK Runtime Environment"/>
    <property name="file.encoding" value="UTF-8"/>
    <property name="java.vm.name" value="OpenJDK 64-Bit Server VM"/>
    <property name="test.build.webapps" value=""/>
    <property name="localRepository" value="/home/runner/.m2/repository"/>
    <property name="java.vendor.url.bug" value="https://github.com/AdoptOpenJDK/openjdk-support/issues"/>
    <property name="java.io.tmpdir" value="/tmp"/>
    <property name="require.test.libhadoop" value=""/>
    <property name="java.version" value="1.8.0_292"/>
    <property name="user.dir" value="/home/runner/work/ozone/ozone/hadoop-ozone/integration-test"/>
    <property name="os.arch" value="amd64"/>
    <property name="java.vm.specification.name" value="Java Virtual Machine Specification"/>
    <property name="test.build.classes" value="/home/runner/work/ozone/ozone/hadoop-ozone/integration-test/target/test-classes"/>
    <property name="java.awt.printerjob" value="sun.print.PSPrinterJob"/>
    <property name="sun.os.patch.level" value="unknown"/>
    <property name="hadoop.tmp.dir" value="/home/runner/work/ozone/ozone/hadoop-ozone/integration-test/target/tmp"/>
    <property name="java.library.path" value="/usr/java/packages/lib/amd64:/usr/lib64:/lib64:/lib:/usr/lib"/>
    <property name="java.vm.info" value="mixed mode"/>
    <property name="java.vendor" value="AdoptOpenJDK"/>
    <property name="java.vm.version" value="25.292-b10"/>
    <property name="java.ext.dirs" value="/usr/lib/jvm/adoptopenjdk-8-hotspot-amd64/jre/lib/ext:/usr/java/packages/lib/ext"/>
    <property name="sun.io.unicode.encoding" value="UnicodeLittle"/>
    <property name="java.class.version" value="52.0"/>
  </properties>
  <testcase name="testDeleteKeyWithSlowFollower" classname="org.apache.hadoop.ozone.client.rpc.TestDeleteWithSlowFollower" time="0.141">
    <failure type="java.lang.AssertionError">java.lang.AssertionError
	at org.junit.Assert.fail(Assert.java:87)
	at org.junit.Assert.assertTrue(Assert.java:42)
	at org.junit.Assert.assertNotNull(Assert.java:713)
	at org.junit.Assert.assertNotNull(Assert.java:723)
	at org.apache.hadoop.ozone.client.rpc.TestDeleteWithSlowFollower.testDeleteKeyWithSlowFollower(TestDeleteWithSlowFollower.java:237)
	at sun.reflect.NativeMethodAccessorImpl.invoke0(Native Method)
	at sun.reflect.NativeMethodAccessorImpl.invoke(NativeMethodAccessorImpl.java:62)
	at sun.reflect.DelegatingMethodAccessorImpl.invoke(DelegatingMethodAccessorImpl.java:43)
	at java.lang.reflect.Method.invoke(Method.java:498)
	at org.junit.runners.model.FrameworkMethod$1.runReflectiveCall(FrameworkMethod.java:59)
	at org.junit.internal.runners.model.ReflectiveCallable.run(ReflectiveCallable.java:12)
	at org.junit.runners.model.FrameworkMethod.invokeExplosively(FrameworkMethod.java:56)
	at org.junit.internal.runners.statements.InvokeMethod.evaluate(InvokeMethod.java:17)
	at org.junit.runners.ParentRunner$3.evaluate(ParentRunner.java:306)
	at org.junit.runners.BlockJUnit4ClassRunner$1.evaluate(BlockJUnit4ClassRunner.java:100)
	at org.junit.runners.ParentRunner.runLeaf(ParentRunner.java:366)
	at org.junit.runners.BlockJUnit4ClassRunner.runChild(BlockJUnit4ClassRunner.java:103)
	at org.junit.runners.BlockJUnit4ClassRunner.runChild(BlockJUnit4ClassRunner.java:63)
	at org.junit.runners.ParentRunner$4.run(ParentRunner.java:331)
	at org.junit.runners.ParentRunner$1.schedule(ParentRunner.java:79)
	at org.junit.runners.ParentRunner.runChildren(ParentRunner.java:329)
	at org.junit.runners.ParentRunner.access$100(ParentRunner.java:66)
	at org.junit.runners.ParentRunner$2.evaluate(ParentRunner.java:293)
	at org.junit.internal.runners.statements.RunBefores.evaluate(RunBefores.java:26)
	at org.junit.internal.runners.statements.RunAfters.evaluate(RunAfters.java:27)
	at org.junit.runners.ParentRunner$3.evaluate(ParentRunner.java:306)
	at org.junit.runners.ParentRunner.run(ParentRunner.java:413)
	at org.junit.runner.JUnitCore.run(JUnitCore.java:137)
	at org.junit.runner.JUnitCore.run(JUnitCore.java:115)
	at org.junit.vintage.engine.execution.RunnerExecutor.execute(RunnerExecutor.java:43)
	at java.util.stream.ForEachOps$ForEachOp$OfRef.accept(ForEachOps.java:183)
	at java.util.stream.ReferencePipeline$3$1.accept(ReferencePipeline.java:193)
	at java.util.Iterator.forEachRemaining(Iterator.java:116)
	at java.util.Spliterators$IteratorSpliterator.forEachRemaining(Spliterators.java:1801)
	at java.util.stream.AbstractPipeline.copyInto(AbstractPipeline.java:482)
	at java.util.stream.AbstractPipeline.wrapAndCopyInto(AbstractPipeline.java:472)
	at java.util.stream.ForEachOps$ForEachOp.evaluateSequential(ForEachOps.java:150)
	at java.util.stream.ForEachOps$ForEachOp$OfRef.evaluateSequential(ForEachOps.java:173)
	at java.util.stream.AbstractPipeline.evaluate(AbstractPipeline.java:234)
	at java.util.stream.ReferencePipeline.forEach(ReferencePipeline.java:485)
	at org.junit.vintage.engine.VintageTestEngine.executeAllChildren(VintageTestEngine.java:82)
	at org.junit.vintage.engine.VintageTestEngine.execute(VintageTestEngine.java:73)
	at org.junit.platform.launcher.core.EngineExecutionOrchestrator.execute(EngineExecutionOrchestrator.java:108)
	at org.junit.platform.launcher.core.EngineExecutionOrchestrator.execute(EngineExecutionOrchestrator.java:88)
	at org.junit.platform.launcher.core.EngineExecutionOrchestrator.lambda$execute$0(EngineExecutionOrchestrator.java:54)
	at org.junit.platform.launcher.core.EngineExecutionOrchestrator.withInterceptedStreams(EngineExecutionOrchestrator.java:67)
	at org.junit.platform.launcher.core.EngineExecutionOrchestrator.execute(EngineExecutionOrchestrator.java:52)
	at org.junit.platform.launcher.core.DefaultLauncher.execute(DefaultLauncher.java:96)
	at org.junit.platform.launcher.core.DefaultLauncher.execute(DefaultLauncher.java:75)
	at org.apache.maven.surefire.junitplatform.JUnitPlatformProvider.invokeAllTests(JUnitPlatformProvider.java:142)
	at org.apache.maven.surefire.junitplatform.JUnitPlatformProvider.invoke(JUnitPlatformProvider.java:113)
	at org.apache.maven.surefire.booter.ForkedBooter.invokeProviderInSameClassLoader(ForkedBooter.java:384)
	at org.apache.maven.surefire.booter.ForkedBooter.runSuitesInProcess(ForkedBooter.java:345)
	at org.apache.maven.surefire.booter.ForkedBooter.execute(ForkedBooter.java:126)
	at org.apache.maven.surefire.booter.ForkedBooter.main(ForkedBooter.java:418)
</failure>
    <system-out><![CDATA[2021-08-24 00:16:37,715 [main] WARN  server.ServerUtils (ServerUtils.java:getScmDbDir(148)) - ozone.scm.db.dirs is not configured. We recommend adding this setting. Falling back to ozone.metadata.dirs instead.
2021-08-24 00:16:37,783 [main] INFO  ha.SCMHANodeDetails (SCMHANodeDetails.java:loadSCMHAConfig(157)) - ServiceID for StorageContainerManager is null
2021-08-24 00:16:37,783 [main] INFO  ha.SCMHANodeDetails (SCMHANodeDetails.java:loadSCMHAConfig(162)) - ozone.scm.default.service.id is not defined, falling back to ozone.scm.service.ids to find serviceID for StorageContainerManager if it is HA enabled cluster
2021-08-24 00:16:37,884 [main] WARN  server.ServerUtils (ServerUtils.java:getScmDbDir(148)) - ozone.scm.db.dirs is not configured. We recommend adding this setting. Falling back to ozone.metadata.dirs instead.
2021-08-24 00:16:37,887 [main] INFO  upgrade.AbstractLayoutVersionManager (AbstractLayoutVersionManager.java:init(70)) - Initializing Layout version manager with metadata layout = SCM_HA (version = 2), software layout = SCM_HA (version = 2)
2021-08-24 00:16:38,086 [main] INFO  reflections.Reflections (Reflections.java:scan(232)) - Reflections took 133 ms to scan 7 urls, producing 120 keys and 275 values 
2021-08-24 00:16:38,686 [main] WARN  utils.HAUtils (HAUtils.java:getMetaDir(342)) - ozone.scm.db.dirs is not configured. We recommend adding this setting. Falling back to ozone.metadata.dirs instead.
2021-08-24 00:16:38,817 [main] WARN  db.DBStoreBuilder (DBStoreBuilder.java:applyDBDefinition(145)) - ozone.scm.db.dirs is not configured. We recommend adding this setting. Falling back to ozone.metadata.dirs instead.
2021-08-24 00:16:39,001 [main] INFO  net.NodeSchemaLoader (NodeSchemaLoader.java:loadSchemaFromFile(129)) - Loading schema from [jar:file:/home/runner/.m2/repository/org/apache/ozone/hdds-common/1.2.0-SNAPSHOT/hdds-common-1.2.0-SNAPSHOT.jar!/network-topology-default.xml]
2021-08-24 00:16:39,003 [main] INFO  net.NodeSchemaLoader (NodeSchemaLoader.java:loadSchema(176)) - Loading network topology layer schema file
2021-08-24 00:16:39,052 [main] INFO  ha.SequenceIdGenerator (SequenceIdGenerator.java:upgradeToSequenceId(327)) - upgrade localId to 107544261427200000
2021-08-24 00:16:39,053 [main] INFO  ha.SequenceIdGenerator (SequenceIdGenerator.java:upgradeToSequenceId(337)) - upgrade delTxnId to 0
2021-08-24 00:16:39,056 [main] INFO  ha.SequenceIdGenerator (SequenceIdGenerator.java:upgradeToSequenceId(351)) - upgrade containerId to 0
2021-08-24 00:16:39,058 [main] INFO  ha.SequenceIdGenerator (SequenceIdGenerator.java:<init>(217)) - Init the HA SequenceIdGenerator.
2021-08-24 00:16:39,097 [main] WARN  server.ServerUtils (ServerUtils.java:sanitizeUserArgs(73)) - ozone.scm.stale.node.interval value = 1000000 is larger than max = 100000 based on the key value of ozone.scm.heartbeat.thread.interval, reset to the max value 100000.
2021-08-24 00:16:39,097 [main] WARN  server.ServerUtils (ServerUtils.java:sanitizeUserArgs(73)) - ozone.scm.stale.node.interval value = 1000000 is larger than max = 100000 based on the key value of ozone.scm.heartbeat.thread.interval, reset to the max value 100000.
2021-08-24 00:16:39,103 [main] INFO  node.SCMNodeManager (SCMNodeManager.java:<init>(145)) - Entering startup safe mode.
2021-08-24 00:16:39,153 [main] INFO  algorithms.ContainerPlacementPolicyFactory (ContainerPlacementPolicyFactory.java:getPolicy(60)) - Create container placement policy of type org.apache.hadoop.hdds.scm.container.placement.algorithms.SCMContainerPlacementRandom
2021-08-24 00:16:39,163 [main] INFO  pipeline.PipelineStateManager (PipelineStateManagerV2Impl.java:initialize(78)) - No pipeline exists in current db
2021-08-24 00:16:39,192 [main] INFO  algorithms.LeaderChoosePolicyFactory (LeaderChoosePolicyFactory.java:getPolicy(57)) - Create leader choose policy of type org.apache.hadoop.hdds.scm.pipeline.leader.choose.algorithms.MinLeaderCountChoosePolicy
2021-08-24 00:16:39,198 [main] INFO  ha.SCMServiceManager (SCMServiceManager.java:register(43)) - Registering service BackgroundPipelineCreator.
2021-08-24 00:16:39,198 [main] INFO  pipeline.BackgroundPipelineCreator (BackgroundPipelineCreatorV2.java:start(130)) - Starting RatisPipelineUtilsThread.
2021-08-24 00:16:39,230 [main] INFO  algorithms.PipelineChoosePolicyFactory (PipelineChoosePolicyFactory.java:createPipelineChoosePolicyFromClass(73)) - Create pipeline choose policy of type org.apache.hadoop.hdds.scm.pipeline.choose.algorithms.RandomPipelineChoosePolicy
2021-08-24 00:16:39,244 [main] INFO  ha.SCMServiceManager (SCMServiceManager.java:register(43)) - Registering service SCMBlockDeletingService.
2021-08-24 00:16:39,269 [main] INFO  ha.SCMServiceManager (SCMServiceManager.java:register(43)) - Registering service ReplicationManager.
2021-08-24 00:16:39,271 [main] INFO  container.ReplicationManager (ReplicationManager.java:start(307)) - Starting Replication Monitor Thread.
2021-08-24 00:16:39,282 [main] INFO  safemode.ContainerSafeModeRule (ContainerSafeModeRule.java:<init>(89)) - containers with one replica threshold count 0
2021-08-24 00:16:39,285 [main] INFO  safemode.HealthyPipelineSafeModeRule (HealthyPipelineSafeModeRule.java:initializeRule(156)) - Total pipeline count is 0, healthy pipeline threshold count is 1
2021-08-24 00:16:39,296 [ReplicationMonitor] INFO  container.ReplicationManager (ReplicationManager.java:processAll(359)) - Replication Monitor Thread took 19 milliseconds for processing 0 containers.
2021-08-24 00:16:39,298 [main] INFO  safemode.OneReplicaPipelineSafeModeRule (OneReplicaPipelineSafeModeRule.java:initializeRule(180)) - Total pipeline count is 0, pipeline's with at least one datanode reported threshold count is 0
2021-08-24 00:16:39,645 [main] INFO  ipc.CallQueueManager (CallQueueManager.java:<init>(90)) - Using callQueue: class java.util.concurrent.LinkedBlockingQueue, queueCapacity: 2000, scheduler: class org.apache.hadoop.ipc.DefaultRpcScheduler, ipcBackoff: false.
2021-08-24 00:16:39,688 [Socket Reader #1 for port 0] INFO  ipc.Server (Server.java:run(1265)) - Starting Socket Reader #1 for port 0
2021-08-24 00:16:39,733 [Listener at 0.0.0.0/46275] INFO  ipc.CallQueueManager (CallQueueManager.java:<init>(90)) - Using callQueue: class java.util.concurrent.LinkedBlockingQueue, queueCapacity: 2000, scheduler: class org.apache.hadoop.ipc.DefaultRpcScheduler, ipcBackoff: false.
2021-08-24 00:16:39,734 [Socket Reader #1 for port 0] INFO  ipc.Server (Server.java:run(1265)) - Starting Socket Reader #1 for port 0
2021-08-24 00:16:39,749 [Listener at 0.0.0.0/46199] INFO  ipc.CallQueueManager (CallQueueManager.java:<init>(90)) - Using callQueue: class java.util.concurrent.LinkedBlockingQueue, queueCapacity: 2000, scheduler: class org.apache.hadoop.ipc.DefaultRpcScheduler, ipcBackoff: false.
2021-08-24 00:16:39,750 [Socket Reader #1 for port 0] INFO  ipc.Server (Server.java:run(1265)) - Starting Socket Reader #1 for port 0
2021-08-24 00:16:39,804 [Listener at 0.0.0.0/34007] INFO  algorithms.ContainerPlacementPolicyFactory (ContainerPlacementPolicyFactory.java:getPolicy(60)) - Create container placement policy of type org.apache.hadoop.hdds.scm.container.placement.algorithms.SCMContainerPlacementRandom
2021-08-24 00:16:39,810 [Listener at 0.0.0.0/34007] INFO  server.StorageContainerManager (StorageContainerManager.java:<init>(387)) - 
Container Balancer status:
Key                            Value
Running                        false
Container Balancer Configuration values:
Key                                                Value
Threshold                                          0.1
Max Datanodes to Involve per Iteration(ratio)      0.5
Max Size to Move per Iteration                     10737418240B

2021-08-24 00:16:39,811 [Listener at 0.0.0.0/34007] WARN  events.EventQueue (EventQueue.java:fireEvent(194)) - No event handler registered for event TypedEvent{payloadType=SafeModeStatus, name='Safe mode status'}
2021-08-24 00:16:39,811 [Listener at 0.0.0.0/34007] INFO  ha.SCMContext (SCMContext.java:updateSafeModeStatus(205)) - Update SafeModeStatus from SafeModeStatus{safeModeStatus=true, preCheckPassed=false} to SafeModeStatus{safeModeStatus=true, preCheckPassed=false}.
2021-08-24 00:16:39,819 [Listener at 0.0.0.0/34007] INFO  server.StorageContainerManager (StorageContainerManager.java:start(1255)) - StorageContainerLocationProtocol RPC server is listening at /0.0.0.0:34007
2021-08-24 00:16:39,902 [Listener at 0.0.0.0/34007] WARN  impl.MetricsConfig (MetricsConfig.java:loadFirst(136)) - Cannot locate configuration: tried hadoop-metrics2-storagecontainermanager.properties,hadoop-metrics2.properties
2021-08-24 00:16:39,917 [Listener at 0.0.0.0/34007] INFO  impl.MetricsSystemImpl (MetricsSystemImpl.java:startTimer(378)) - Scheduled Metric snapshot period at 10 second(s).
2021-08-24 00:16:39,917 [Listener at 0.0.0.0/34007] INFO  impl.MetricsSystemImpl (MetricsSystemImpl.java:start(191)) - StorageContainerManager metrics system started
2021-08-24 00:16:40,243 [Listener at 0.0.0.0/34007] INFO  metrics.MetricRegistries (MetricRegistriesLoader.java:load(64)) - Loaded MetricRegistries class org.apache.ratis.metrics.impl.MetricRegistriesImpl
2021-08-24 00:16:40,250 [Listener at 0.0.0.0/34007] INFO  server.SCMClientProtocolServer (SCMClientProtocolServer.java:start(164)) - RPC server for Client  is listening at /0.0.0.0:34007
2021-08-24 00:16:40,250 [IPC Server Responder] INFO  ipc.Server (Server.java:run(1507)) - IPC Server Responder: starting
2021-08-24 00:16:40,251 [IPC Server listener on 0] INFO  ipc.Server (Server.java:run(1344)) - IPC Server listener on 0: starting
2021-08-24 00:16:40,261 [Listener at 0.0.0.0/34007] INFO  server.StorageContainerManager (StorageContainerManager.java:start(1272)) - ScmBlockLocationProtocol RPC server is listening at /0.0.0.0:46199
2021-08-24 00:16:40,262 [Listener at 0.0.0.0/34007] INFO  server.SCMBlockProtocolServer (SCMBlockProtocolServer.java:start(151)) - RPC server for Block Protocol is listening at /0.0.0.0:46199
2021-08-24 00:16:40,262 [IPC Server Responder] INFO  ipc.Server (Server.java:run(1507)) - IPC Server Responder: starting
2021-08-24 00:16:40,263 [IPC Server listener on 0] INFO  ipc.Server (Server.java:run(1344)) - IPC Server listener on 0: starting
2021-08-24 00:16:40,270 [Listener at 0.0.0.0/34007] INFO  server.StorageContainerManager (StorageContainerManager.java:start(1278)) - ScmDatanodeProtocl RPC server is listening at /0.0.0.0:46275
2021-08-24 00:16:40,271 [Listener at 0.0.0.0/34007] INFO  server.SCMDatanodeProtocolServer (SCMDatanodeProtocolServer.java:start(181)) - RPC server for DataNodes is listening at /0.0.0.0:46275
2021-08-24 00:16:40,271 [IPC Server Responder] INFO  ipc.Server (Server.java:run(1507)) - IPC Server Responder: starting
2021-08-24 00:16:40,271 [IPC Server listener on 0] INFO  ipc.Server (Server.java:run(1344)) - IPC Server listener on 0: starting
2021-08-24 00:16:40,288 [org.apache.hadoop.util.JvmPauseMonitor$Monitor@5906ebfb] INFO  util.JvmPauseMonitor (JvmPauseMonitor.java:run(188)) - Starting JVM pause monitor
2021-08-24 00:16:40,299 [Listener at 0.0.0.0/34007] INFO  http.BaseHttpServer (BaseHttpServer.java:newHttpServer2BuilderForOzone(209)) - Starting Web-server for scm at: http://0.0.0.0:0
2021-08-24 00:16:40,300 [Listener at 0.0.0.0/34007] INFO  http.BaseHttpServer (BaseHttpServer.java:<init>(107)) - Hadoop Security Enabled: false Ozone Security Enabled: false Ozone HTTP Security Enabled: false 
2021-08-24 00:16:40,324 [Listener at 0.0.0.0/34007] INFO  util.log (Log.java:initialized(170)) - Logging initialized @3963ms to org.eclipse.jetty.util.log.Slf4jLog
2021-08-24 00:16:40,435 [Listener at 0.0.0.0/34007] INFO  server.AuthenticationFilter (AuthenticationFilter.java:constructSecretProvider(240)) - Unable to initialize FileSignerSecretProvider, falling back to use random secrets.
2021-08-24 00:16:40,440 [Listener at 0.0.0.0/34007] WARN  http.HttpRequestLog (HttpRequestLog.java:getRequestLog(103)) - Jetty request log can only be enabled using Log4j
2021-08-24 00:16:40,445 [Listener at 0.0.0.0/34007] INFO  http.HttpServer2 (HttpServer2.java:addGlobalFilter(1030)) - Added global filter 'safety' (class=org.apache.hadoop.hdds.server.http.HttpServer2$QuotingInputFilter)
2021-08-24 00:16:40,448 [Listener at 0.0.0.0/34007] INFO  http.HttpServer2 (HttpServer2.java:addFilter(1006)) - Added filter static_user_filter (class=org.apache.hadoop.http.lib.StaticUserWebFilter$StaticUserFilter) to context scm
2021-08-24 00:16:40,448 [Listener at 0.0.0.0/34007] INFO  http.HttpServer2 (HttpServer2.java:addFilter(1014)) - Added filter static_user_filter (class=org.apache.hadoop.http.lib.StaticUserWebFilter$StaticUserFilter) to context static
2021-08-24 00:16:40,448 [Listener at 0.0.0.0/34007] INFO  http.HttpServer2 (HttpServer2.java:addFilter(1014)) - Added filter static_user_filter (class=org.apache.hadoop.http.lib.StaticUserWebFilter$StaticUserFilter) to context logs
2021-08-24 00:16:40,491 [Listener at 0.0.0.0/34007] INFO  http.HttpServer2 (HttpServer2.java:bindListener(1249)) - Jetty bound to port 37165
2021-08-24 00:16:40,493 [Listener at 0.0.0.0/34007] INFO  server.Server (Server.java:doStart(375)) - jetty-9.4.43.v20210629; built: 2021-06-30T11:07:22.254Z; git: 526006ecfa3af7f1a27ef3a288e2bef7ea9dd7e8; jvm 1.8.0_292-b10
2021-08-24 00:16:40,525 [Listener at 0.0.0.0/34007] INFO  server.session (DefaultSessionIdManager.java:doStart(334)) - DefaultSessionIdManager workerName=node0
2021-08-24 00:16:40,525 [Listener at 0.0.0.0/34007] INFO  server.session (DefaultSessionIdManager.java:doStart(339)) - No SessionScavenger set, using defaults
2021-08-24 00:16:40,527 [Listener at 0.0.0.0/34007] INFO  server.session (HouseKeeper.java:startScavenging(132)) - node0 Scavenging every 660000ms
2021-08-24 00:16:40,539 [Listener at 0.0.0.0/34007] INFO  handler.ContextHandler (ContextHandler.java:doStart(915)) - Started o.e.j.s.ServletContextHandler@67f266bd{logs,/logs,file:///home/runner/work/ozone/ozone/hadoop-ozone/integration-test/target/log,AVAILABLE}
2021-08-24 00:16:40,540 [Listener at 0.0.0.0/34007] INFO  handler.ContextHandler (ContextHandler.java:doStart(915)) - Started o.e.j.s.ServletContextHandler@21ba0d33{static,/static,file:///home/runner/work/ozone/ozone/hadoop-ozone/integration-test/target/test-classes/webapps/static,AVAILABLE}
2021-08-24 00:16:40,589 [Listener at 0.0.0.0/34007] INFO  handler.ContextHandler (ContextHandler.java:doStart(915)) - Started o.e.j.w.WebAppContext@12eaa2cd{scm,/,file:///home/runner/work/ozone/ozone/hadoop-ozone/integration-test/target/test-classes/webapps/scm/,AVAILABLE}{file:/home/runner/work/ozone/ozone/hadoop-ozone/integration-test/target/test-classes/webapps/scm}
2021-08-24 00:16:40,597 [Listener at 0.0.0.0/34007] INFO  server.AbstractConnector (AbstractConnector.java:doStart(331)) - Started ServerConnector@20db19ff{HTTP/1.1, (http/1.1)}{0.0.0.0:37165}
2021-08-24 00:16:40,597 [Listener at 0.0.0.0/34007] INFO  server.Server (Server.java:doStart(415)) - Started @4236ms
2021-08-24 00:16:40,599 [Listener at 0.0.0.0/34007] INFO  impl.MetricsSinkAdapter (MetricsSinkAdapter.java:start(204)) - Sink prometheus started
2021-08-24 00:16:40,599 [Listener at 0.0.0.0/34007] INFO  impl.MetricsSystemImpl (MetricsSystemImpl.java:registerSink(305)) - Registered sink prometheus
2021-08-24 00:16:40,601 [Listener at 0.0.0.0/34007] INFO  http.BaseHttpServer (BaseHttpServer.java:updateConnectorAddress(329)) - HTTP server of scm listening at http://0.0.0.0:37165
2021-08-24 00:16:40,602 [Listener at 0.0.0.0/34007] WARN  server.ServerUtils (ServerUtils.java:getDBPath(225)) - ozone.om.db.dirs is not configured. We recommend adding this setting. Falling back to ozone.metadata.dirs instead.
2021-08-24 00:16:40,714 [Listener at 0.0.0.0/34007] INFO  ha.OMHANodeDetails (OMHANodeDetails.java:loadOMHAConfig(112)) - ozone.om.internal.service.id is not defined, falling back to ozone.om.service.ids to find serviceID for OzoneManager if it is HA enabled cluster
2021-08-24 00:16:40,717 [Listener at 0.0.0.0/34007] INFO  ha.OMHANodeDetails (OMHANodeDetails.java:loadOMHAConfig(219)) - Configuration does not have ozone.om.address set. Falling back to the default OM address /127.0.0.1:0
2021-08-24 00:16:40,717 [Listener at 0.0.0.0/34007] INFO  ha.OMHANodeDetails (OMHANodeDetails.java:getOMNodeDetails(247)) - OM Service ID is not set. Setting it to the default ID: omServiceIdDefault
2021-08-24 00:16:40,718 [Listener at 0.0.0.0/34007] INFO  ha.OMHANodeDetails (OMHANodeDetails.java:getOMNodeDetails(254)) - OM Node ID is not set. Setting it to the default ID: om1
2021-08-24 00:16:40,721 [Listener at 0.0.0.0/34007] WARN  server.ServerUtils (ServerUtils.java:getDBPath(225)) - ozone.om.db.dirs is not configured. We recommend adding this setting. Falling back to ozone.metadata.dirs instead.
2021-08-24 00:16:40,722 [Listener at 0.0.0.0/34007] INFO  upgrade.AbstractLayoutVersionManager (AbstractLayoutVersionManager.java:init(70)) - Initializing Layout version manager with metadata layout = INITIAL_VERSION (version = 0), software layout = INITIAL_VERSION (version = 0)
2021-08-24 00:16:40,793 [Listener at 0.0.0.0/34007] INFO  reflections.Reflections (Reflections.java:scan(232)) - Reflections took 66 ms to scan 2 urls, producing 131 keys and 342 values [using 2 cores]
2021-08-24 00:16:40,798 [Listener at 0.0.0.0/34007] INFO  upgrade.OMLayoutVersionManager (OMLayoutVersionManager.java:lambda$0(116)) - Skipping Upgrade Action MockOmUpgradeAction since it has been finalized.
2021-08-24 00:16:40,798 [Listener at 0.0.0.0/34007] WARN  server.ServerUtils (ServerUtils.java:getDBPath(225)) - ozone.om.db.dirs is not configured. We recommend adding this setting. Falling back to ozone.metadata.dirs instead.
2021-08-24 00:16:41,174 [Listener at 0.0.0.0/34007] WARN  server.ServerUtils (ServerUtils.java:getDBPath(225)) - ozone.om.db.dirs is not configured. We recommend adding this setting. Falling back to ozone.metadata.dirs instead.
2021-08-24 00:16:41,180 [Listener at 0.0.0.0/34007] INFO  codec.OmKeyInfoCodec (OmKeyInfoCodec.java:<init>(51)) - OmKeyInfoCodec ignorePipeline = true
2021-08-24 00:16:41,181 [Listener at 0.0.0.0/34007] INFO  codec.RepeatedOmKeyInfoCodec (RepeatedOmKeyInfoCodec.java:<init>(42)) - RepeatedOmKeyInfoCodec ignorePipeline = true
2021-08-24 00:16:41,397 [Listener at 0.0.0.0/34007] INFO  om.OzoneManager (OzoneManager.java:addS3GVolumeToDB(4115)) - Created Volume s3v With Owner runner required for S3Gateway operations.
2021-08-24 00:16:41,463 [Listener at 0.0.0.0/34007] WARN  server.ServerUtils (ServerUtils.java:getDefaultRatisDirectory(237)) - Storage directory for Ratis is not configured. It is a good idea to map this to an SSD disk. Falling back to ozone.metadata.dirs
2021-08-24 00:16:41,463 [Listener at 0.0.0.0/34007] WARN  utils.OzoneManagerRatisUtils (OzoneManagerRatisUtils.java:getOMRatisSnapshotDirectory(391)) - ozone.om.ratis.snapshot.dir is not configured. Falling back to ozone.metadata.dirs config
2021-08-24 00:16:41,492 [Listener at 0.0.0.0/34007] WARN  server.ServerUtils (ServerUtils.java:getDefaultRatisDirectory(237)) - Storage directory for Ratis is not configured. It is a good idea to map this to an SSD disk. Falling back to ozone.metadata.dirs
2021-08-24 00:16:41,520 [Listener at 0.0.0.0/34007] INFO  ratis.OzoneManagerRatisServer (OzoneManagerRatisServer.java:<init>(158)) - Instantiating OM Ratis server with groupID: omServiceIdDefault and peers: localhost:9872
2021-08-24 00:16:41,528 [Listener at 0.0.0.0/34007] INFO  ratis.OzoneManagerStateMachine (OzoneManagerStateMachine.java:loadSnapshotInfoFromDB(605)) - LastAppliedIndex is set from TransactionInfo from OM DB as (t:0, i:~)
2021-08-24 00:16:41,558 [Listener at 0.0.0.0/34007] INFO  server.RaftServer (ConfUtils.java:logGet(44)) - raft.rpc.type = GRPC (default)
2021-08-24 00:16:41,640 [Listener at 0.0.0.0/34007] INFO  grpc.GrpcFactory (GrpcFactory.java:checkPooledByteBufAllocatorUseCacheForAllThreads(48)) - PERFORMANCE WARNING: useCacheForAllThreads is true that may cause Netty to create a lot garbage objects and, as a result, trigger GC.
	It is recommended to disable useCacheForAllThreads by setting -Dorg.apache.ratis.thirdparty.io.netty.allocator.useCacheForAllThreads=false in command line.
2021-08-24 00:16:41,645 [Listener at 0.0.0.0/34007] INFO  grpc.GrpcConfigKeys (ConfUtils.java:logGet(44)) - raft.grpc.admin.port = -1 (default)
2021-08-24 00:16:41,645 [Listener at 0.0.0.0/34007] INFO  grpc.GrpcConfigKeys (ConfUtils.java:logGet(44)) - raft.grpc.server.port = 9872 (custom)
2021-08-24 00:16:41,646 [Listener at 0.0.0.0/34007] INFO  grpc.GrpcConfigKeys (ConfUtils.java:logGet(44)) - raft.grpc.client.port = -1 (default)
2021-08-24 00:16:41,646 [Listener at 0.0.0.0/34007] INFO  grpc.GrpcConfigKeys (ConfUtils.java:logGet(44)) - raft.grpc.server.port = 9872 (custom)
2021-08-24 00:16:41,646 [Listener at 0.0.0.0/34007] INFO  grpc.GrpcConfigKeys (ConfUtils.java:logGet(44)) - raft.grpc.server.port = 9872 (custom)
2021-08-24 00:16:41,647 [Listener at 0.0.0.0/34007] INFO  server.GrpcService (ConfUtils.java:logGet(44)) - raft.grpc.message.size.max = 33554432 (custom)
2021-08-24 00:16:41,648 [Listener at 0.0.0.0/34007] INFO  server.RaftServerConfigKeys (ConfUtils.java:logGet(44)) - raft.server.log.appender.buffer.byte-limit = 33554432 (custom)
2021-08-24 00:16:41,649 [Listener at 0.0.0.0/34007] INFO  server.GrpcService (ConfUtils.java:logGet(44)) - raft.grpc.flow.control.window = 1MB (=1048576) (default)
2021-08-24 00:16:41,650 [Listener at 0.0.0.0/34007] INFO  server.RaftServerConfigKeys (ConfUtils.java:logGet(44)) - raft.server.rpc.request.timeout = 3000ms (default)
2021-08-24 00:16:41,931 [Listener at 0.0.0.0/34007] INFO  impl.DataStreamServerImpl (ConfUtils.java:logGet(44)) - raft.datastream.type = DISABLED (default)
2021-08-24 00:16:41,933 [Listener at 0.0.0.0/34007] INFO  server.RaftServerConfigKeys (ConfUtils.java:logGet(44)) - raft.server.rpc.slowness.timeout = 120s (custom)
2021-08-24 00:16:41,933 [Listener at 0.0.0.0/34007] INFO  server.RaftServerConfigKeys (ConfUtils.java:logGet(44)) - raft.server.leaderelection.leader.step-down.wait-time = 10s (default)
2021-08-24 00:16:41,952 [Listener at 0.0.0.0/34007] INFO  server.RaftServerConfigKeys (ConfUtils.java:logGet(44)) - raft.server.storage.dir = [/home/runner/work/ozone/ozone/hadoop-ozone/integration-test/target/test-dir/MiniOzoneClusterImpl-f2f09f11-e894-4079-b4a5-42fcd7f084ef/ozone-meta/ratis] (custom)
2021-08-24 00:16:41,961 [Listener at 0.0.0.0/34007] INFO  server.RaftServer (RaftServerProxy.java:addNew(95)) - om1: addNew group-C5BA1605619E:[om1|rpc:localhost:9872|priority:0] returns group-C5BA1605619E:java.util.concurrent.CompletableFuture@b78dcdf[Not completed]
2021-08-24 00:16:41,961 [Listener at 0.0.0.0/34007] INFO  om.OzoneManager (OzoneManager.java:initializeRatisServer(1573)) - OzoneManager Ratis server initialized at port 9872
2021-08-24 00:16:41,980 [Listener at 0.0.0.0/34007] INFO  ipc.CallQueueManager (CallQueueManager.java:<init>(90)) - Using callQueue: class java.util.concurrent.LinkedBlockingQueue, queueCapacity: 2000, scheduler: class org.apache.hadoop.ipc.DefaultRpcScheduler, ipcBackoff: false.
2021-08-24 00:16:41,988 [pool-39-thread-1] INFO  server.RaftServer$Division (RaftServerImpl.java:<init>(181)) - om1: new RaftServerImpl for group-C5BA1605619E:[om1|rpc:localhost:9872|priority:0] with OzoneManagerStateMachine:uninitialized
2021-08-24 00:16:42,004 [Socket Reader #1 for port 0] INFO  ipc.Server (Server.java:run(1265)) - Starting Socket Reader #1 for port 0
2021-08-24 00:16:41,994 [pool-39-thread-1] INFO  server.RaftServerConfigKeys (ConfUtils.java:logGet(44)) - raft.server.rpc.timeout.min = 1s (custom)
2021-08-24 00:16:42,005 [pool-39-thread-1] INFO  server.RaftServerConfigKeys (ConfUtils.java:logGet(44)) - raft.server.rpc.timeout.max = 1200ms (custom)
2021-08-24 00:16:42,006 [pool-39-thread-1] INFO  server.RaftServerConfigKeys (ConfUtils.java:logGet(44)) - raft.server.rpc.sleep.time = 25ms (default)
2021-08-24 00:16:42,006 [pool-39-thread-1] INFO  server.RaftServerConfigKeys (ConfUtils.java:logGet(44)) - raft.server.rpc.slowness.timeout = 120s (custom)
2021-08-24 00:16:42,006 [pool-39-thread-1] INFO  server.RaftServerConfigKeys (ConfUtils.java:logGet(44)) - raft.server.leaderelection.leader.step-down.wait-time = 10s (default)
2021-08-24 00:16:42,006 [pool-39-thread-1] INFO  server.RaftServerConfigKeys (ConfUtils.java:logGet(44)) - raft.server.sleep.deviation.threshold = 300ms (default)
2021-08-24 00:16:42,006 [pool-39-thread-1] INFO  server.RaftServerConfigKeys (ConfUtils.java:logGet(44)) - raft.server.log.appender.install.snapshot.enabled = false (custom)
2021-08-24 00:16:42,017 [pool-39-thread-1] INFO  server.RaftServer$Division (ServerState.java:<init>(105)) - om1@group-C5BA1605619E: ConfigurationManager, init=-1: [om1|rpc:localhost:9872|priority:0], old=null, confs=<EMPTY_MAP>
2021-08-24 00:16:42,018 [pool-39-thread-1] INFO  server.RaftServerConfigKeys (ConfUtils.java:logGet(44)) - raft.server.storage.dir = [/home/runner/work/ozone/ozone/hadoop-ozone/integration-test/target/test-dir/MiniOzoneClusterImpl-f2f09f11-e894-4079-b4a5-42fcd7f084ef/ozone-meta/ratis] (custom)
2021-08-24 00:16:42,022 [pool-39-thread-1] INFO  server.RaftServerConfigKeys (ConfUtils.java:logGet(44)) - raft.server.log.corruption.policy = EXCEPTION (default)
2021-08-24 00:16:42,023 [pool-39-thread-1] INFO  server.RaftServerConfigKeys (ConfUtils.java:logGet(44)) - raft.server.storage.free-space.min = 0MB (=0) (default)
2021-08-24 00:16:42,031 [Listener at 127.0.0.1/37475] INFO  om.OzoneManager (OzoneManager.java:initFSOLayout(4321)) - Configured ozone.om.metadata.layout=SIMPLE and disabled optimized OM FS operations
2021-08-24 00:16:42,035 [Listener at 127.0.0.1/37475] INFO  impl.MetricsSystemImpl (MetricsSystemImpl.java:init(158)) - OzoneManager metrics system started (again)
2021-08-24 00:16:42,035 [pool-39-thread-1] INFO  storage.RaftStorageDirectory (RaftStorageDirectoryImpl.java:analyzeStorage(135)) - The storage directory /home/runner/work/ozone/ozone/hadoop-ozone/integration-test/target/test-dir/MiniOzoneClusterImpl-f2f09f11-e894-4079-b4a5-42fcd7f084ef/ozone-meta/ratis/bf265839-605b-3f16-9796-c5ba1605619e does not exist. Creating ...
2021-08-24 00:16:42,049 [pool-39-thread-1] INFO  storage.RaftStorageDirectory (RaftStorageDirectoryImpl.java:tryLock(230)) - Lock on /home/runner/work/ozone/ozone/hadoop-ozone/integration-test/target/test-dir/MiniOzoneClusterImpl-f2f09f11-e894-4079-b4a5-42fcd7f084ef/ozone-meta/ratis/bf265839-605b-3f16-9796-c5ba1605619e/in_use.lock acquired by nodename 5959@fv-az116-235
2021-08-24 00:16:42,056 [Listener at 127.0.0.1/37475] INFO  om.OzoneManager (OzoneManager.java:start(1270)) - OzoneManager RPC server is listening at localhost/127.0.0.1:37475
2021-08-24 00:16:42,057 [pool-39-thread-1] INFO  storage.RaftStorage (RaftStorageImpl.java:format(89)) - Storage directory /home/runner/work/ozone/ozone/hadoop-ozone/integration-test/target/test-dir/MiniOzoneClusterImpl-f2f09f11-e894-4079-b4a5-42fcd7f084ef/ozone-meta/ratis/bf265839-605b-3f16-9796-c5ba1605619e has been successfully formatted.
2021-08-24 00:16:42,057 [Listener at 127.0.0.1/37475] INFO  ratis.OzoneManagerRatisServer (OzoneManagerRatisServer.java:start(516)) - Starting OzoneManagerRatisServer om1 at port 9872
2021-08-24 00:16:42,061 [pool-39-thread-1] INFO  server.RaftServerConfigKeys (ConfUtils.java:logGet(44)) - raft.server.notification.no-leader.timeout = 120s (custom)
2021-08-24 00:16:42,062 [pool-39-thread-1] INFO  server.RaftServerConfigKeys (ConfUtils.java:logGet(44)) - raft.server.log.use.memory = false (default)
2021-08-24 00:16:42,071 [pool-39-thread-1] INFO  server.RaftServerConfigKeys (ConfUtils.java:logGet(44)) - raft.server.log.purge.gap = 1000000 (custom)
2021-08-24 00:16:42,072 [pool-39-thread-1] INFO  server.RaftServerConfigKeys (ConfUtils.java:logGet(44)) - raft.server.log.appender.buffer.byte-limit = 33554432 (custom)
2021-08-24 00:16:42,087 [pool-39-thread-1] INFO  server.RaftServerConfigKeys (ConfUtils.java:logGet(44)) - raft.server.log.segment.size.max = 4194304 (custom)
2021-08-24 00:16:42,096 [pool-39-thread-1] INFO  server.RaftServerConfigKeys (ConfUtils.java:logGet(44)) - raft.server.log.segment.cache.num.max = 2 (custom)
2021-08-24 00:16:42,097 [pool-39-thread-1] INFO  server.RaftServerConfigKeys (ConfUtils.java:logGet(44)) - raft.server.log.segment.cache.size.max = 200MB (=209715200) (default)
2021-08-24 00:16:42,103 [pool-39-thread-1] INFO  segmented.SegmentedRaftLogWorker (SegmentedRaftLogWorker.java:<init>(182)) - new om1@group-C5BA1605619E-SegmentedRaftLogWorker for RaftStorageImpl:Storage Directory /home/runner/work/ozone/ozone/hadoop-ozone/integration-test/target/test-dir/MiniOzoneClusterImpl-f2f09f11-e894-4079-b4a5-42fcd7f084ef/ozone-meta/ratis/bf265839-605b-3f16-9796-c5ba1605619e
2021-08-24 00:16:42,104 [pool-39-thread-1] INFO  server.RaftServerConfigKeys (ConfUtils.java:logGet(44)) - raft.server.log.queue.byte-limit = 64MB (=67108864) (default)
2021-08-24 00:16:42,104 [pool-39-thread-1] INFO  server.RaftServerConfigKeys (ConfUtils.java:logGet(44)) - raft.server.log.queue.element-limit = 4096 (default)
2021-08-24 00:16:42,107 [pool-39-thread-1] INFO  server.RaftServerConfigKeys (ConfUtils.java:logGet(44)) - raft.server.log.segment.size.max = 4194304 (custom)
2021-08-24 00:16:42,107 [pool-39-thread-1] INFO  server.RaftServerConfigKeys (ConfUtils.java:logGet(44)) - raft.server.log.preallocated.size = 4194304 (custom)
2021-08-24 00:16:42,108 [pool-39-thread-1] INFO  server.RaftServerConfigKeys (ConfUtils.java:logGet(44)) - raft.server.log.force.sync.num = 128 (default)
2021-08-24 00:16:42,109 [pool-39-thread-1] INFO  server.RaftServerConfigKeys (ConfUtils.java:logGet(44)) - raft.server.log.statemachine.data.sync = true (default)
2021-08-24 00:16:42,109 [pool-39-thread-1] INFO  server.RaftServerConfigKeys (ConfUtils.java:logGet(44)) - raft.server.log.statemachine.data.sync.timeout = 10s (default)
2021-08-24 00:16:42,110 [pool-39-thread-1] INFO  server.RaftServerConfigKeys (ConfUtils.java:logGet(44)) - raft.server.log.statemachine.data.sync.timeout.retry = -1 (default)
2021-08-24 00:16:42,120 [pool-39-thread-1] INFO  server.RaftServerConfigKeys (ConfUtils.java:logGet(44)) - raft.server.log.write.buffer.size = 64KB (=65536) (default)
2021-08-24 00:16:42,121 [pool-39-thread-1] INFO  server.RaftServerConfigKeys (ConfUtils.java:logGet(44)) - raft.server.log.statemachine.data.caching.enabled = false (default)
2021-08-24 00:16:42,130 [pool-39-thread-1] INFO  segmented.SegmentedRaftLogWorker (SegmentedRaftLogWorker.java:lambda$new$0(133)) - om1@group-C5BA1605619E-SegmentedRaftLogWorker: flushIndex: setUnconditionally 0 -> -1
2021-08-24 00:16:42,130 [pool-39-thread-1] INFO  segmented.SegmentedRaftLogWorker (SegmentedRaftLogWorker.java:lambda$new$0(133)) - om1@group-C5BA1605619E-SegmentedRaftLogWorker: safeCacheEvictIndex: setUnconditionally 0 -> -1
2021-08-24 00:16:42,134 [pool-39-thread-1] INFO  server.RaftServerConfigKeys (ConfUtils.java:logGet(44)) - raft.server.snapshot.auto.trigger.enabled = true (custom)
2021-08-24 00:16:42,137 [pool-39-thread-1] INFO  server.RaftServerConfigKeys (ConfUtils.java:logGet(44)) - raft.server.snapshot.auto.trigger.threshold = 400000 (default)
2021-08-24 00:16:42,137 [pool-39-thread-1] INFO  server.RaftServerConfigKeys (ConfUtils.java:logGet(44)) - raft.server.snapshot.retention.file.num = -1 (default)
2021-08-24 00:16:42,138 [pool-39-thread-1] INFO  server.RaftServerConfigKeys (ConfUtils.java:logGet(44)) - raft.server.log.purge.upto.snapshot.index = true (custom)
2021-08-24 00:16:42,140 [pool-39-thread-1] INFO  server.RaftServerConfigKeys (ConfUtils.java:logGet(44)) - raft.server.retrycache.expirytime = 300s (custom)
2021-08-24 00:16:42,140 [pool-39-thread-1] INFO  server.RaftServerConfigKeys (ConfUtils.java:logGet(44)) - raft.server.retrycache.statistics.expirytime = 100μs (default)
2021-08-24 00:16:42,182 [Listener at 127.0.0.1/37475] INFO  server.RaftServer$Division (RaftServerImpl.java:start(296)) - om1@group-C5BA1605619E: start as a follower, conf=-1: [om1|rpc:localhost:9872|priority:0], old=null
2021-08-24 00:16:42,183 [Listener at 127.0.0.1/37475] INFO  server.RaftServer$Division (RaftServerImpl.java:setRole(285)) - om1@group-C5BA1605619E: changes role from      null to FOLLOWER at term 0 for startAsFollower
2021-08-24 00:16:42,184 [Listener at 127.0.0.1/37475] INFO  impl.RoleInfo (RoleInfo.java:updateAndGet(130)) - om1: start om1@group-C5BA1605619E-FollowerState
2021-08-24 00:16:42,194 [Listener at 127.0.0.1/37475] INFO  util.JmxRegister (JmxRegister.java:tryRegister(44)) - Successfully registered JMX Bean with object name Ratis:service=RaftServer,group=group-C5BA1605619E,id=om1
2021-08-24 00:16:42,204 [Listener at 127.0.0.1/37475] INFO  server.RaftServer (RaftServerProxy.java:lambda$start$5(374)) - om1: start RPC server
2021-08-24 00:16:42,264 [Listener at 127.0.0.1/37475] INFO  server.GrpcService (GrpcService.java:startImpl(253)) - om1: GrpcService started, listening on 9872
2021-08-24 00:16:42,269 [Listener at 127.0.0.1/37475] INFO  om.OzoneManager (OzoneManager.java:start(1288)) - Version File has different layout version (0) than OM DB (null). That is expected if this OM has never been finalized to a newer layout version.
2021-08-24 00:16:42,271 [org.apache.ratis.util.JvmPauseMonitor$$Lambda$521/2104333305@43cbc87f] INFO  util.JvmPauseMonitor (JvmPauseMonitor.java:run(103)) - JvmPauseMonitor-om1: Started
2021-08-24 00:16:42,277 [Listener at 127.0.0.1/37475] INFO  http.BaseHttpServer (BaseHttpServer.java:newHttpServer2BuilderForOzone(209)) - Starting Web-server for ozoneManager at: http://0.0.0.0:0
2021-08-24 00:16:42,277 [Listener at 127.0.0.1/37475] INFO  http.BaseHttpServer (BaseHttpServer.java:<init>(107)) - Hadoop Security Enabled: false Ozone Security Enabled: false Ozone HTTP Security Enabled: false 
2021-08-24 00:16:42,278 [Listener at 127.0.0.1/37475] INFO  server.AuthenticationFilter (AuthenticationFilter.java:constructSecretProvider(240)) - Unable to initialize FileSignerSecretProvider, falling back to use random secrets.
2021-08-24 00:16:42,281 [Listener at 127.0.0.1/37475] WARN  http.HttpRequestLog (HttpRequestLog.java:getRequestLog(103)) - Jetty request log can only be enabled using Log4j
2021-08-24 00:16:42,282 [Listener at 127.0.0.1/37475] INFO  http.HttpServer2 (HttpServer2.java:addGlobalFilter(1030)) - Added global filter 'safety' (class=org.apache.hadoop.hdds.server.http.HttpServer2$QuotingInputFilter)
2021-08-24 00:16:42,283 [Listener at 127.0.0.1/37475] INFO  http.HttpServer2 (HttpServer2.java:addFilter(1006)) - Added filter static_user_filter (class=org.apache.hadoop.http.lib.StaticUserWebFilter$StaticUserFilter) to context ozoneManager
2021-08-24 00:16:42,283 [Listener at 127.0.0.1/37475] INFO  http.HttpServer2 (HttpServer2.java:addFilter(1014)) - Added filter static_user_filter (class=org.apache.hadoop.http.lib.StaticUserWebFilter$StaticUserFilter) to context logs
2021-08-24 00:16:42,284 [Listener at 127.0.0.1/37475] INFO  http.HttpServer2 (HttpServer2.java:addFilter(1014)) - Added filter static_user_filter (class=org.apache.hadoop.http.lib.StaticUserWebFilter$StaticUserFilter) to context static
2021-08-24 00:16:42,289 [Listener at 127.0.0.1/37475] INFO  http.HttpServer2 (HttpServer2.java:bindListener(1249)) - Jetty bound to port 45435
2021-08-24 00:16:42,290 [Listener at 127.0.0.1/37475] INFO  server.Server (Server.java:doStart(375)) - jetty-9.4.43.v20210629; built: 2021-06-30T11:07:22.254Z; git: 526006ecfa3af7f1a27ef3a288e2bef7ea9dd7e8; jvm 1.8.0_292-b10
2021-08-24 00:16:42,293 [Listener at 127.0.0.1/37475] INFO  server.session (DefaultSessionIdManager.java:doStart(334)) - DefaultSessionIdManager workerName=node0
2021-08-24 00:16:42,293 [Listener at 127.0.0.1/37475] INFO  server.session (DefaultSessionIdManager.java:doStart(339)) - No SessionScavenger set, using defaults
2021-08-24 00:16:42,293 [Listener at 127.0.0.1/37475] INFO  server.session (HouseKeeper.java:startScavenging(132)) - node0 Scavenging every 600000ms
2021-08-24 00:16:42,294 [Listener at 127.0.0.1/37475] INFO  handler.ContextHandler (ContextHandler.java:doStart(915)) - Started o.e.j.s.ServletContextHandler@597f9d9d{logs,/logs,file:///home/runner/work/ozone/ozone/hadoop-ozone/integration-test/target/log,AVAILABLE}
2021-08-24 00:16:42,294 [Listener at 127.0.0.1/37475] INFO  handler.ContextHandler (ContextHandler.java:doStart(915)) - Started o.e.j.s.ServletContextHandler@2fbe0960{static,/static,file:///home/runner/work/ozone/ozone/hadoop-ozone/integration-test/target/test-classes/webapps/static,AVAILABLE}
2021-08-24 00:16:42,298 [Listener at 127.0.0.1/37475] INFO  handler.ContextHandler (ContextHandler.java:doStart(915)) - Started o.e.j.w.WebAppContext@7655a302{ozoneManager,/,file:///home/runner/work/ozone/ozone/hadoop-ozone/integration-test/target/test-classes/webapps/ozoneManager/,AVAILABLE}{file:/home/runner/work/ozone/ozone/hadoop-ozone/integration-test/target/test-classes/webapps/ozoneManager}
2021-08-24 00:16:42,300 [Listener at 127.0.0.1/37475] INFO  server.AbstractConnector (AbstractConnector.java:doStart(331)) - Started ServerConnector@2ed16651{HTTP/1.1, (http/1.1)}{0.0.0.0:45435}
2021-08-24 00:16:42,301 [Listener at 127.0.0.1/37475] INFO  server.Server (Server.java:doStart(415)) - Started @5939ms
2021-08-24 00:16:42,301 [Listener at 127.0.0.1/37475] WARN  impl.MetricsSystemImpl (MetricsSystemImpl.java:register(279)) - Sink prometheus already exists!
2021-08-24 00:16:42,302 [Listener at 127.0.0.1/37475] INFO  http.BaseHttpServer (BaseHttpServer.java:updateConnectorAddress(329)) - HTTP server of ozoneManager listening at http://0.0.0.0:45435
2021-08-24 00:16:42,302 [IPC Server Responder] INFO  ipc.Server (Server.java:run(1507)) - IPC Server Responder: starting
2021-08-24 00:16:42,302 [IPC Server listener on 0] INFO  ipc.Server (Server.java:run(1344)) - IPC Server listener on 0: starting
2021-08-24 00:16:42,309 [Listener at 127.0.0.1/37475] INFO  om.OzoneManager (OzoneManager.java:startTrashEmptier(1531)) - Trash Interval set to 0. Files deleted will not move to trash
2021-08-24 00:16:42,311 [org.apache.hadoop.util.JvmPauseMonitor$Monitor@42c661d4] INFO  util.JvmPauseMonitor (JvmPauseMonitor.java:run(188)) - Starting JVM pause monitor
2021-08-24 00:16:42,445 [Listener at 127.0.0.1/37475] WARN  impl.MetricRegistriesImpl (MetricRegistriesImpl.java:addReporterRegistration(111)) - New reporters are added after registries were created. Some metrics will be missing from the reporter. Please add reporter before adding any new registry.
2021-08-24 00:16:42,445 [Listener at 127.0.0.1/37475] WARN  impl.MetricRegistriesImpl (MetricRegistriesImpl.java:addReporterRegistration(111)) - New reporters are added after registries were created. Some metrics will be missing from the reporter. Please add reporter before adding any new registry.
2021-08-24 00:16:42,445 [Listener at 127.0.0.1/37475] INFO  impl.MetricsSystemImpl (MetricsSystemImpl.java:init(158)) - HddsDatanode metrics system started (again)
2021-08-24 00:16:42,463 [Listener at 127.0.0.1/37475] INFO  ozone.HddsDatanodeService (HddsDatanodeService.java:start(234)) - HddsDatanodeService host:fv-az116-235.vzw04321ajxubdbcnpick5nqva.xx.internal.cloudapp.net ip:10.1.0.66
2021-08-24 00:16:42,494 [Listener at 127.0.0.1/37475] INFO  upgrade.AbstractLayoutVersionManager (AbstractLayoutVersionManager.java:init(70)) - Initializing Layout version manager with metadata layout = SCM_HA (version = 2), software layout = SCM_HA (version = 2)
2021-08-24 00:16:42,543 [Listener at 127.0.0.1/37475] INFO  reflections.Reflections (Reflections.java:scan(232)) - Reflections took 48 ms to scan 7 urls, producing 120 keys and 275 values 
2021-08-24 00:16:42,596 [Listener at 127.0.0.1/37475] INFO  volume.HddsVolume (HddsVolume.java:<init>(120)) - Creating HddsVolume: /home/runner/work/ozone/ozone/hadoop-ozone/integration-test/target/test-dir/MiniOzoneClusterImpl-f2f09f11-e894-4079-b4a5-42fcd7f084ef/datanode-0/data-0/containers/hdds of storage type : DISK capacity : 9223372036854775807
2021-08-24 00:16:42,598 [Listener at 127.0.0.1/37475] INFO  volume.MutableVolumeSet (MutableVolumeSet.java:initializeVolumeSet(181)) - Added Volume : /home/runner/work/ozone/ozone/hadoop-ozone/integration-test/target/test-dir/MiniOzoneClusterImpl-f2f09f11-e894-4079-b4a5-42fcd7f084ef/datanode-0/data-0/containers/hdds to VolumeSet
2021-08-24 00:16:42,599 [Listener at 127.0.0.1/37475] INFO  volume.ThrottledAsyncChecker (ThrottledAsyncChecker.java:schedule(141)) - Scheduling a check for /home/runner/work/ozone/ozone/hadoop-ozone/integration-test/target/test-dir/MiniOzoneClusterImpl-f2f09f11-e894-4079-b4a5-42fcd7f084ef/datanode-0/data-0/containers/hdds
2021-08-24 00:16:42,617 [Listener at 127.0.0.1/37475] INFO  volume.StorageVolumeChecker (StorageVolumeChecker.java:checkAllVolumes(202)) - Scheduled health check for volume /home/runner/work/ozone/ozone/hadoop-ozone/integration-test/target/test-dir/MiniOzoneClusterImpl-f2f09f11-e894-4079-b4a5-42fcd7f084ef/datanode-0/data-0/containers/hdds
2021-08-24 00:16:42,636 [Listener at 127.0.0.1/37475] INFO  volume.MutableVolumeSet (MutableVolumeSet.java:initializeVolumeSet(181)) - Added Volume : /home/runner/work/ozone/ozone/hadoop-ozone/integration-test/target/test-dir/MiniOzoneClusterImpl-f2f09f11-e894-4079-b4a5-42fcd7f084ef/datanode-0/data/ratis to VolumeSet
2021-08-24 00:16:42,637 [Listener at 127.0.0.1/37475] INFO  volume.ThrottledAsyncChecker (ThrottledAsyncChecker.java:schedule(141)) - Scheduling a check for /home/runner/work/ozone/ozone/hadoop-ozone/integration-test/target/test-dir/MiniOzoneClusterImpl-f2f09f11-e894-4079-b4a5-42fcd7f084ef/datanode-0/data/ratis
2021-08-24 00:16:42,637 [Listener at 127.0.0.1/37475] INFO  volume.StorageVolumeChecker (StorageVolumeChecker.java:checkAllVolumes(202)) - Scheduled health check for volume /home/runner/work/ozone/ozone/hadoop-ozone/integration-test/target/test-dir/MiniOzoneClusterImpl-f2f09f11-e894-4079-b4a5-42fcd7f084ef/datanode-0/data/ratis
2021-08-24 00:16:42,653 [Listener at 127.0.0.1/37475] INFO  ozoneimpl.ContainerReader (ContainerReader.java:<init>(98)) - Running in upgrade mode:true
2021-08-24 00:16:42,654 [Thread-128] INFO  ozoneimpl.ContainerReader (ContainerReader.java:readVolume(142)) - Start to verify containers on volume /home/runner/work/ozone/ozone/hadoop-ozone/integration-test/target/test-dir/MiniOzoneClusterImpl-f2f09f11-e894-4079-b4a5-42fcd7f084ef/datanode-0/data-0/containers/hdds
2021-08-24 00:16:42,654 [Thread-128] INFO  ozoneimpl.ContainerReader (ContainerReader.java:readVolume(174)) - Finish verifying containers on volume /home/runner/work/ozone/ozone/hadoop-ozone/integration-test/target/test-dir/MiniOzoneClusterImpl-f2f09f11-e894-4079-b4a5-42fcd7f084ef/datanode-0/data-0/containers/hdds
2021-08-24 00:16:42,654 [Listener at 127.0.0.1/37475] INFO  ozoneimpl.OzoneContainer (OzoneContainer.java:buildContainerSet(237)) - Build ContainerSet costs 0s
2021-08-24 00:16:42,716 [Listener at 127.0.0.1/37475] INFO  server.RaftServer (ConfUtils.java:logGet(44)) - raft.rpc.type = GRPC (default)
2021-08-24 00:16:42,716 [Listener at 127.0.0.1/37475] INFO  grpc.GrpcFactory (GrpcFactory.java:checkPooledByteBufAllocatorUseCacheForAllThreads(48)) - PERFORMANCE WARNING: useCacheForAllThreads is true that may cause Netty to create a lot garbage objects and, as a result, trigger GC.
	It is recommended to disable useCacheForAllThreads by setting -Dorg.apache.ratis.thirdparty.io.netty.allocator.useCacheForAllThreads=false in command line.
2021-08-24 00:16:42,716 [Listener at 127.0.0.1/37475] INFO  grpc.GrpcConfigKeys (ConfUtils.java:logGet(44)) - raft.grpc.admin.port = 0 (custom)
2021-08-24 00:16:42,716 [Listener at 127.0.0.1/37475] INFO  grpc.GrpcConfigKeys (ConfUtils.java:logGet(44)) - raft.grpc.client.port = 0 (custom)
2021-08-24 00:16:42,717 [Listener at 127.0.0.1/37475] INFO  grpc.GrpcConfigKeys (ConfUtils.java:logGet(44)) - raft.grpc.server.port = 0 (default)
2021-08-24 00:16:42,717 [Listener at 127.0.0.1/37475] INFO  server.GrpcService (ConfUtils.java:logGet(44)) - raft.grpc.message.size.max = 32MB (=33554432) (custom)
2021-08-24 00:16:42,717 [Listener at 127.0.0.1/37475] INFO  server.RaftServerConfigKeys (ConfUtils.java:logGet(44)) - raft.server.log.appender.buffer.byte-limit = 33554432 (custom)
2021-08-24 00:16:42,717 [Listener at 127.0.0.1/37475] INFO  server.GrpcService (ConfUtils.java:logGet(44)) - raft.grpc.flow.control.window = 5MB (=5242880) (custom)
2021-08-24 00:16:42,717 [Listener at 127.0.0.1/37475] INFO  server.RaftServerConfigKeys (ConfUtils.java:logGet(44)) - raft.server.rpc.request.timeout = 3000ms (default)
2021-08-24 00:16:42,719 [Listener at 127.0.0.1/37475] INFO  impl.DataStreamServerImpl (ConfUtils.java:logGet(44)) - raft.datastream.type = DISABLED (default)
2021-08-24 00:16:42,719 [Listener at 127.0.0.1/37475] INFO  server.RaftServerConfigKeys (ConfUtils.java:logGet(44)) - raft.server.rpc.slowness.timeout = 1000000ms (custom)
2021-08-24 00:16:42,719 [Listener at 127.0.0.1/37475] INFO  server.RaftServerConfigKeys (ConfUtils.java:logGet(44)) - raft.server.leaderelection.leader.step-down.wait-time = 10s (default)
2021-08-24 00:16:42,720 [Listener at 127.0.0.1/37475] INFO  server.RaftServerConfigKeys (ConfUtils.java:logGet(44)) - raft.server.storage.dir = [/home/runner/work/ozone/ozone/hadoop-ozone/integration-test/target/test-dir/MiniOzoneClusterImpl-f2f09f11-e894-4079-b4a5-42fcd7f084ef/datanode-0/data/ratis] (custom)
2021-08-24 00:16:42,776 [Listener at 127.0.0.1/37475] INFO  http.BaseHttpServer (BaseHttpServer.java:newHttpServer2BuilderForOzone(209)) - Starting Web-server for hddsDatanode at: http://0.0.0.0:0
2021-08-24 00:16:42,777 [Listener at 127.0.0.1/37475] INFO  http.BaseHttpServer (BaseHttpServer.java:<init>(107)) - Hadoop Security Enabled: false Ozone Security Enabled: false Ozone HTTP Security Enabled: false 
2021-08-24 00:16:42,778 [Listener at 127.0.0.1/37475] INFO  server.AuthenticationFilter (AuthenticationFilter.java:constructSecretProvider(240)) - Unable to initialize FileSignerSecretProvider, falling back to use random secrets.
2021-08-24 00:16:42,779 [Listener at 127.0.0.1/37475] WARN  http.HttpRequestLog (HttpRequestLog.java:getRequestLog(103)) - Jetty request log can only be enabled using Log4j
2021-08-24 00:16:42,780 [Listener at 127.0.0.1/37475] INFO  http.HttpServer2 (HttpServer2.java:addGlobalFilter(1030)) - Added global filter 'safety' (class=org.apache.hadoop.hdds.server.http.HttpServer2$QuotingInputFilter)
2021-08-24 00:16:42,781 [Listener at 127.0.0.1/37475] INFO  http.HttpServer2 (HttpServer2.java:addFilter(1006)) - Added filter static_user_filter (class=org.apache.hadoop.http.lib.StaticUserWebFilter$StaticUserFilter) to context hddsDatanode
2021-08-24 00:16:42,781 [Listener at 127.0.0.1/37475] INFO  http.HttpServer2 (HttpServer2.java:addFilter(1014)) - Added filter static_user_filter (class=org.apache.hadoop.http.lib.StaticUserWebFilter$StaticUserFilter) to context logs
2021-08-24 00:16:42,781 [Listener at 127.0.0.1/37475] INFO  http.HttpServer2 (HttpServer2.java:addFilter(1014)) - Added filter static_user_filter (class=org.apache.hadoop.http.lib.StaticUserWebFilter$StaticUserFilter) to context static
2021-08-24 00:16:42,782 [Listener at 127.0.0.1/37475] INFO  http.HttpServer2 (HttpServer2.java:bindListener(1249)) - Jetty bound to port 38147
2021-08-24 00:16:42,782 [Listener at 127.0.0.1/37475] INFO  server.Server (Server.java:doStart(375)) - jetty-9.4.43.v20210629; built: 2021-06-30T11:07:22.254Z; git: 526006ecfa3af7f1a27ef3a288e2bef7ea9dd7e8; jvm 1.8.0_292-b10
2021-08-24 00:16:42,784 [Listener at 127.0.0.1/37475] INFO  server.session (DefaultSessionIdManager.java:doStart(334)) - DefaultSessionIdManager workerName=node0
2021-08-24 00:16:42,785 [Listener at 127.0.0.1/37475] INFO  server.session (DefaultSessionIdManager.java:doStart(339)) - No SessionScavenger set, using defaults
2021-08-24 00:16:42,785 [Listener at 127.0.0.1/37475] INFO  server.session (HouseKeeper.java:startScavenging(132)) - node0 Scavenging every 600000ms
2021-08-24 00:16:42,789 [Listener at 127.0.0.1/37475] INFO  handler.ContextHandler (ContextHandler.java:doStart(915)) - Started o.e.j.s.ServletContextHandler@6a16b724{logs,/logs,file:///home/runner/work/ozone/ozone/hadoop-ozone/integration-test/target/log,AVAILABLE}
2021-08-24 00:16:42,789 [Listener at 127.0.0.1/37475] INFO  handler.ContextHandler (ContextHandler.java:doStart(915)) - Started o.e.j.s.ServletContextHandler@4426f362{static,/static,jar:file:/home/runner/.m2/repository/org/apache/ozone/hdds-container-service/1.2.0-SNAPSHOT/hdds-container-service-1.2.0-SNAPSHOT.jar!/webapps/static,AVAILABLE}
2021-08-24 00:16:42,845 [Listener at 127.0.0.1/37475] INFO  handler.ContextHandler (ContextHandler.java:doStart(915)) - Started o.e.j.w.WebAppContext@f32284d{hddsDatanode,/,file:///tmp/jetty-0_0_0_0-38147-hdds-container-service-1_2_0-SNAPSHOT_jar-_-any-5063256677298483230/webapp/,AVAILABLE}{jar:file:/home/runner/.m2/repository/org/apache/ozone/hdds-container-service/1.2.0-SNAPSHOT/hdds-container-service-1.2.0-SNAPSHOT.jar!/webapps/hddsDatanode}
2021-08-24 00:16:42,848 [Listener at 127.0.0.1/37475] INFO  server.AbstractConnector (AbstractConnector.java:doStart(331)) - Started ServerConnector@d2ce743{HTTP/1.1, (http/1.1)}{0.0.0.0:38147}
2021-08-24 00:16:42,848 [Listener at 127.0.0.1/37475] INFO  server.Server (Server.java:doStart(415)) - Started @6487ms
2021-08-24 00:16:42,848 [Listener at 127.0.0.1/37475] WARN  impl.MetricsSystemImpl (MetricsSystemImpl.java:register(279)) - Sink prometheus already exists!
2021-08-24 00:16:42,849 [Listener at 127.0.0.1/37475] INFO  http.BaseHttpServer (BaseHttpServer.java:updateConnectorAddress(329)) - HTTP server of hddsDatanode listening at http://0.0.0.0:38147
2021-08-24 00:16:42,850 [Listener at 127.0.0.1/37475] WARN  impl.MetricRegistriesImpl (MetricRegistriesImpl.java:addReporterRegistration(111)) - New reporters are added after registries were created. Some metrics will be missing from the reporter. Please add reporter before adding any new registry.
2021-08-24 00:16:42,850 [Listener at 127.0.0.1/37475] WARN  impl.MetricRegistriesImpl (MetricRegistriesImpl.java:addReporterRegistration(111)) - New reporters are added after registries were created. Some metrics will be missing from the reporter. Please add reporter before adding any new registry.
2021-08-24 00:16:42,851 [Listener at 127.0.0.1/37475] INFO  impl.MetricsSystemImpl (MetricsSystemImpl.java:init(158)) - HddsDatanode metrics system started (again)
2021-08-24 00:16:42,870 [org.apache.hadoop.util.JvmPauseMonitor$Monitor@5fca1ab0] INFO  util.JvmPauseMonitor (JvmPauseMonitor.java:run(188)) - Starting JVM pause monitor
2021-08-24 00:16:42,891 [Listener at 127.0.0.1/37475] INFO  ozone.HddsDatanodeService (HddsDatanodeService.java:start(234)) - HddsDatanodeService host:fv-az116-235.vzw04321ajxubdbcnpick5nqva.xx.internal.cloudapp.net ip:10.1.0.66
2021-08-24 00:16:42,932 [Listener at 127.0.0.1/37475] INFO  upgrade.AbstractLayoutVersionManager (AbstractLayoutVersionManager.java:init(70)) - Initializing Layout version manager with metadata layout = SCM_HA (version = 2), software layout = SCM_HA (version = 2)
2021-08-24 00:16:42,992 [Listener at 127.0.0.1/37475] INFO  reflections.Reflections (Reflections.java:scan(232)) - Reflections took 59 ms to scan 7 urls, producing 120 keys and 275 values 
2021-08-24 00:16:42,995 [Listener at 127.0.0.1/37475] INFO  volume.HddsVolume (HddsVolume.java:<init>(120)) - Creating HddsVolume: /home/runner/work/ozone/ozone/hadoop-ozone/integration-test/target/test-dir/MiniOzoneClusterImpl-f2f09f11-e894-4079-b4a5-42fcd7f084ef/datanode-1/data-0/containers/hdds of storage type : DISK capacity : 9223372036854775807
2021-08-24 00:16:42,996 [Listener at 127.0.0.1/37475] INFO  volume.MutableVolumeSet (MutableVolumeSet.java:initializeVolumeSet(181)) - Added Volume : /home/runner/work/ozone/ozone/hadoop-ozone/integration-test/target/test-dir/MiniOzoneClusterImpl-f2f09f11-e894-4079-b4a5-42fcd7f084ef/datanode-1/data-0/containers/hdds to VolumeSet
2021-08-24 00:16:42,996 [Listener at 127.0.0.1/37475] INFO  volume.ThrottledAsyncChecker (ThrottledAsyncChecker.java:schedule(141)) - Scheduling a check for /home/runner/work/ozone/ozone/hadoop-ozone/integration-test/target/test-dir/MiniOzoneClusterImpl-f2f09f11-e894-4079-b4a5-42fcd7f084ef/datanode-1/data-0/containers/hdds
2021-08-24 00:16:42,997 [Listener at 127.0.0.1/37475] INFO  volume.StorageVolumeChecker (StorageVolumeChecker.java:checkAllVolumes(202)) - Scheduled health check for volume /home/runner/work/ozone/ozone/hadoop-ozone/integration-test/target/test-dir/MiniOzoneClusterImpl-f2f09f11-e894-4079-b4a5-42fcd7f084ef/datanode-1/data-0/containers/hdds
2021-08-24 00:16:43,011 [Listener at 127.0.0.1/37475] INFO  volume.MutableVolumeSet (MutableVolumeSet.java:initializeVolumeSet(181)) - Added Volume : /home/runner/work/ozone/ozone/hadoop-ozone/integration-test/target/test-dir/MiniOzoneClusterImpl-f2f09f11-e894-4079-b4a5-42fcd7f084ef/datanode-1/data/ratis to VolumeSet
2021-08-24 00:16:43,011 [Listener at 127.0.0.1/37475] INFO  volume.ThrottledAsyncChecker (ThrottledAsyncChecker.java:schedule(141)) - Scheduling a check for /home/runner/work/ozone/ozone/hadoop-ozone/integration-test/target/test-dir/MiniOzoneClusterImpl-f2f09f11-e894-4079-b4a5-42fcd7f084ef/datanode-1/data/ratis
2021-08-24 00:16:43,011 [Listener at 127.0.0.1/37475] INFO  volume.StorageVolumeChecker (StorageVolumeChecker.java:checkAllVolumes(202)) - Scheduled health check for volume /home/runner/work/ozone/ozone/hadoop-ozone/integration-test/target/test-dir/MiniOzoneClusterImpl-f2f09f11-e894-4079-b4a5-42fcd7f084ef/datanode-1/data/ratis
2021-08-24 00:16:43,023 [Listener at 127.0.0.1/37475] INFO  ozoneimpl.ContainerReader (ContainerReader.java:<init>(98)) - Running in upgrade mode:true
2021-08-24 00:16:43,025 [Thread-140] INFO  ozoneimpl.ContainerReader (ContainerReader.java:readVolume(142)) - Start to verify containers on volume /home/runner/work/ozone/ozone/hadoop-ozone/integration-test/target/test-dir/MiniOzoneClusterImpl-f2f09f11-e894-4079-b4a5-42fcd7f084ef/datanode-1/data-0/containers/hdds
2021-08-24 00:16:43,025 [Thread-140] INFO  ozoneimpl.ContainerReader (ContainerReader.java:readVolume(174)) - Finish verifying containers on volume /home/runner/work/ozone/ozone/hadoop-ozone/integration-test/target/test-dir/MiniOzoneClusterImpl-f2f09f11-e894-4079-b4a5-42fcd7f084ef/datanode-1/data-0/containers/hdds
2021-08-24 00:16:43,025 [Listener at 127.0.0.1/37475] INFO  ozoneimpl.OzoneContainer (OzoneContainer.java:buildContainerSet(237)) - Build ContainerSet costs 0s
2021-08-24 00:16:43,028 [Listener at 127.0.0.1/37475] INFO  server.RaftServer (ConfUtils.java:logGet(44)) - raft.rpc.type = GRPC (default)
2021-08-24 00:16:43,028 [Listener at 127.0.0.1/37475] INFO  grpc.GrpcFactory (GrpcFactory.java:checkPooledByteBufAllocatorUseCacheForAllThreads(48)) - PERFORMANCE WARNING: useCacheForAllThreads is true that may cause Netty to create a lot garbage objects and, as a result, trigger GC.
	It is recommended to disable useCacheForAllThreads by setting -Dorg.apache.ratis.thirdparty.io.netty.allocator.useCacheForAllThreads=false in command line.
2021-08-24 00:16:43,028 [Listener at 127.0.0.1/37475] INFO  grpc.GrpcConfigKeys (ConfUtils.java:logGet(44)) - raft.grpc.admin.port = 0 (custom)
2021-08-24 00:16:43,028 [Listener at 127.0.0.1/37475] INFO  grpc.GrpcConfigKeys (ConfUtils.java:logGet(44)) - raft.grpc.client.port = 0 (custom)
2021-08-24 00:16:43,029 [Listener at 127.0.0.1/37475] INFO  grpc.GrpcConfigKeys (ConfUtils.java:logGet(44)) - raft.grpc.server.port = 0 (default)
2021-08-24 00:16:43,029 [Listener at 127.0.0.1/37475] INFO  server.GrpcService (ConfUtils.java:logGet(44)) - raft.grpc.message.size.max = 32MB (=33554432) (custom)
2021-08-24 00:16:43,029 [Listener at 127.0.0.1/37475] INFO  server.RaftServerConfigKeys (ConfUtils.java:logGet(44)) - raft.server.log.appender.buffer.byte-limit = 33554432 (custom)
2021-08-24 00:16:43,029 [Listener at 127.0.0.1/37475] INFO  server.GrpcService (ConfUtils.java:logGet(44)) - raft.grpc.flow.control.window = 5MB (=5242880) (custom)
2021-08-24 00:16:43,029 [Listener at 127.0.0.1/37475] INFO  server.RaftServerConfigKeys (ConfUtils.java:logGet(44)) - raft.server.rpc.request.timeout = 3000ms (default)
2021-08-24 00:16:43,031 [Listener at 127.0.0.1/37475] INFO  impl.DataStreamServerImpl (ConfUtils.java:logGet(44)) - raft.datastream.type = DISABLED (default)
2021-08-24 00:16:43,033 [Listener at 127.0.0.1/37475] INFO  server.RaftServerConfigKeys (ConfUtils.java:logGet(44)) - raft.server.rpc.slowness.timeout = 1000000ms (custom)
2021-08-24 00:16:43,033 [Listener at 127.0.0.1/37475] INFO  server.RaftServerConfigKeys (ConfUtils.java:logGet(44)) - raft.server.leaderelection.leader.step-down.wait-time = 10s (default)
2021-08-24 00:16:43,034 [Listener at 127.0.0.1/37475] INFO  server.RaftServerConfigKeys (ConfUtils.java:logGet(44)) - raft.server.storage.dir = [/home/runner/work/ozone/ozone/hadoop-ozone/integration-test/target/test-dir/MiniOzoneClusterImpl-f2f09f11-e894-4079-b4a5-42fcd7f084ef/datanode-1/data/ratis] (custom)
2021-08-24 00:16:43,043 [Listener at 127.0.0.1/37475] INFO  http.BaseHttpServer (BaseHttpServer.java:newHttpServer2BuilderForOzone(209)) - Starting Web-server for hddsDatanode at: http://0.0.0.0:0
2021-08-24 00:16:43,043 [Listener at 127.0.0.1/37475] INFO  http.BaseHttpServer (BaseHttpServer.java:<init>(107)) - Hadoop Security Enabled: false Ozone Security Enabled: false Ozone HTTP Security Enabled: false 
2021-08-24 00:16:43,044 [Listener at 127.0.0.1/37475] INFO  server.AuthenticationFilter (AuthenticationFilter.java:constructSecretProvider(240)) - Unable to initialize FileSignerSecretProvider, falling back to use random secrets.
2021-08-24 00:16:43,048 [Listener at 127.0.0.1/37475] WARN  http.HttpRequestLog (HttpRequestLog.java:getRequestLog(103)) - Jetty request log can only be enabled using Log4j
2021-08-24 00:16:43,049 [Listener at 127.0.0.1/37475] INFO  http.HttpServer2 (HttpServer2.java:addGlobalFilter(1030)) - Added global filter 'safety' (class=org.apache.hadoop.hdds.server.http.HttpServer2$QuotingInputFilter)
2021-08-24 00:16:43,050 [Listener at 127.0.0.1/37475] INFO  http.HttpServer2 (HttpServer2.java:addFilter(1006)) - Added filter static_user_filter (class=org.apache.hadoop.http.lib.StaticUserWebFilter$StaticUserFilter) to context hddsDatanode
2021-08-24 00:16:43,050 [Listener at 127.0.0.1/37475] INFO  http.HttpServer2 (HttpServer2.java:addFilter(1014)) - Added filter static_user_filter (class=org.apache.hadoop.http.lib.StaticUserWebFilter$StaticUserFilter) to context logs
2021-08-24 00:16:43,050 [Listener at 127.0.0.1/37475] INFO  http.HttpServer2 (HttpServer2.java:addFilter(1014)) - Added filter static_user_filter (class=org.apache.hadoop.http.lib.StaticUserWebFilter$StaticUserFilter) to context static
2021-08-24 00:16:43,051 [Listener at 127.0.0.1/37475] INFO  http.HttpServer2 (HttpServer2.java:bindListener(1249)) - Jetty bound to port 35915
2021-08-24 00:16:43,051 [Listener at 127.0.0.1/37475] INFO  server.Server (Server.java:doStart(375)) - jetty-9.4.43.v20210629; built: 2021-06-30T11:07:22.254Z; git: 526006ecfa3af7f1a27ef3a288e2bef7ea9dd7e8; jvm 1.8.0_292-b10
2021-08-24 00:16:43,063 [Datanode State Machine Task Thread - 0] INFO  datanode.InitDatanodeState (InitDatanodeState.java:persistContainerDatanodeDetails(145)) - DatanodeDetails is persisted to /home/runner/work/ozone/ozone/hadoop-ozone/integration-test/target/test-dir/MiniOzoneClusterImpl-f2f09f11-e894-4079-b4a5-42fcd7f084ef/datanode-0/meta/datanode.id
2021-08-24 00:16:43,064 [Listener at 127.0.0.1/37475] INFO  server.session (DefaultSessionIdManager.java:doStart(334)) - DefaultSessionIdManager workerName=node0
2021-08-24 00:16:43,064 [Listener at 127.0.0.1/37475] INFO  server.session (DefaultSessionIdManager.java:doStart(339)) - No SessionScavenger set, using defaults
2021-08-24 00:16:43,069 [Listener at 127.0.0.1/37475] INFO  server.session (HouseKeeper.java:startScavenging(132)) - node0 Scavenging every 660000ms
2021-08-24 00:16:43,070 [Listener at 127.0.0.1/37475] INFO  handler.ContextHandler (ContextHandler.java:doStart(915)) - Started o.e.j.s.ServletContextHandler@568514f{logs,/logs,file:///home/runner/work/ozone/ozone/hadoop-ozone/integration-test/target/log,AVAILABLE}
2021-08-24 00:16:43,070 [Listener at 127.0.0.1/37475] INFO  handler.ContextHandler (ContextHandler.java:doStart(915)) - Started o.e.j.s.ServletContextHandler@5ce1ed2f{static,/static,jar:file:/home/runner/.m2/repository/org/apache/ozone/hdds-container-service/1.2.0-SNAPSHOT/hdds-container-service-1.2.0-SNAPSHOT.jar!/webapps/static,AVAILABLE}
2021-08-24 00:16:43,112 [Listener at 127.0.0.1/37475] INFO  handler.ContextHandler (ContextHandler.java:doStart(915)) - Started o.e.j.w.WebAppContext@701dbfbd{hddsDatanode,/,file:///tmp/jetty-0_0_0_0-35915-hdds-container-service-1_2_0-SNAPSHOT_jar-_-any-4742535922881480308/webapp/,AVAILABLE}{jar:file:/home/runner/.m2/repository/org/apache/ozone/hdds-container-service/1.2.0-SNAPSHOT/hdds-container-service-1.2.0-SNAPSHOT.jar!/webapps/hddsDatanode}
2021-08-24 00:16:43,113 [Listener at 127.0.0.1/37475] INFO  server.AbstractConnector (AbstractConnector.java:doStart(331)) - Started ServerConnector@19a3bfb5{HTTP/1.1, (http/1.1)}{0.0.0.0:35915}
2021-08-24 00:16:43,113 [Listener at 127.0.0.1/37475] INFO  server.Server (Server.java:doStart(415)) - Started @6752ms
2021-08-24 00:16:43,113 [Listener at 127.0.0.1/37475] WARN  impl.MetricsSystemImpl (MetricsSystemImpl.java:register(279)) - Sink prometheus already exists!
2021-08-24 00:16:43,114 [Listener at 127.0.0.1/37475] INFO  http.BaseHttpServer (BaseHttpServer.java:updateConnectorAddress(329)) - HTTP server of hddsDatanode listening at http://0.0.0.0:35915
2021-08-24 00:16:43,116 [Listener at 127.0.0.1/37475] WARN  impl.MetricRegistriesImpl (MetricRegistriesImpl.java:addReporterRegistration(111)) - New reporters are added after registries were created. Some metrics will be missing from the reporter. Please add reporter before adding any new registry.
2021-08-24 00:16:43,117 [Listener at 127.0.0.1/37475] WARN  impl.MetricRegistriesImpl (MetricRegistriesImpl.java:addReporterRegistration(111)) - New reporters are added after registries were created. Some metrics will be missing from the reporter. Please add reporter before adding any new registry.
2021-08-24 00:16:43,117 [Listener at 127.0.0.1/37475] INFO  impl.MetricsSystemImpl (MetricsSystemImpl.java:init(158)) - HddsDatanode metrics system started (again)
2021-08-24 00:16:43,130 [Listener at 127.0.0.1/37475] INFO  ozone.HddsDatanodeService (HddsDatanodeService.java:start(234)) - HddsDatanodeService host:fv-az116-235.vzw04321ajxubdbcnpick5nqva.xx.internal.cloudapp.net ip:10.1.0.66
2021-08-24 00:16:43,144 [org.apache.hadoop.util.JvmPauseMonitor$Monitor@3949538c] INFO  util.JvmPauseMonitor (JvmPauseMonitor.java:run(188)) - Starting JVM pause monitor
2021-08-24 00:16:43,151 [Datanode State Machine Task Thread - 0] INFO  datanode.InitDatanodeState (InitDatanodeState.java:persistContainerDatanodeDetails(145)) - DatanodeDetails is persisted to /home/runner/work/ozone/ozone/hadoop-ozone/integration-test/target/test-dir/MiniOzoneClusterImpl-f2f09f11-e894-4079-b4a5-42fcd7f084ef/datanode-1/meta/datanode.id
2021-08-24 00:16:43,166 [Listener at 127.0.0.1/37475] INFO  upgrade.AbstractLayoutVersionManager (AbstractLayoutVersionManager.java:init(70)) - Initializing Layout version manager with metadata layout = SCM_HA (version = 2), software layout = SCM_HA (version = 2)
2021-08-24 00:16:43,211 [Listener at 127.0.0.1/37475] INFO  reflections.Reflections (Reflections.java:scan(232)) - Reflections took 42 ms to scan 7 urls, producing 120 keys and 275 values 
2021-08-24 00:16:43,218 [Listener at 127.0.0.1/37475] INFO  volume.HddsVolume (HddsVolume.java:<init>(120)) - Creating HddsVolume: /home/runner/work/ozone/ozone/hadoop-ozone/integration-test/target/test-dir/MiniOzoneClusterImpl-f2f09f11-e894-4079-b4a5-42fcd7f084ef/datanode-2/data-0/containers/hdds of storage type : DISK capacity : 9223372036854775807
2021-08-24 00:16:43,219 [Listener at 127.0.0.1/37475] INFO  volume.MutableVolumeSet (MutableVolumeSet.java:initializeVolumeSet(181)) - Added Volume : /home/runner/work/ozone/ozone/hadoop-ozone/integration-test/target/test-dir/MiniOzoneClusterImpl-f2f09f11-e894-4079-b4a5-42fcd7f084ef/datanode-2/data-0/containers/hdds to VolumeSet
2021-08-24 00:16:43,219 [Listener at 127.0.0.1/37475] INFO  volume.ThrottledAsyncChecker (ThrottledAsyncChecker.java:schedule(141)) - Scheduling a check for /home/runner/work/ozone/ozone/hadoop-ozone/integration-test/target/test-dir/MiniOzoneClusterImpl-f2f09f11-e894-4079-b4a5-42fcd7f084ef/datanode-2/data-0/containers/hdds
2021-08-24 00:16:43,224 [Listener at 127.0.0.1/37475] INFO  volume.StorageVolumeChecker (StorageVolumeChecker.java:checkAllVolumes(202)) - Scheduled health check for volume /home/runner/work/ozone/ozone/hadoop-ozone/integration-test/target/test-dir/MiniOzoneClusterImpl-f2f09f11-e894-4079-b4a5-42fcd7f084ef/datanode-2/data-0/containers/hdds
2021-08-24 00:16:43,237 [Listener at 127.0.0.1/37475] INFO  volume.MutableVolumeSet (MutableVolumeSet.java:initializeVolumeSet(181)) - Added Volume : /home/runner/work/ozone/ozone/hadoop-ozone/integration-test/target/test-dir/MiniOzoneClusterImpl-f2f09f11-e894-4079-b4a5-42fcd7f084ef/datanode-2/data/ratis to VolumeSet
2021-08-24 00:16:43,238 [Listener at 127.0.0.1/37475] INFO  volume.ThrottledAsyncChecker (ThrottledAsyncChecker.java:schedule(141)) - Scheduling a check for /home/runner/work/ozone/ozone/hadoop-ozone/integration-test/target/test-dir/MiniOzoneClusterImpl-f2f09f11-e894-4079-b4a5-42fcd7f084ef/datanode-2/data/ratis
2021-08-24 00:16:43,238 [Listener at 127.0.0.1/37475] INFO  volume.StorageVolumeChecker (StorageVolumeChecker.java:checkAllVolumes(202)) - Scheduled health check for volume /home/runner/work/ozone/ozone/hadoop-ozone/integration-test/target/test-dir/MiniOzoneClusterImpl-f2f09f11-e894-4079-b4a5-42fcd7f084ef/datanode-2/data/ratis
2021-08-24 00:16:43,250 [Listener at 127.0.0.1/37475] INFO  ozoneimpl.ContainerReader (ContainerReader.java:<init>(98)) - Running in upgrade mode:true
2021-08-24 00:16:43,250 [Thread-152] INFO  ozoneimpl.ContainerReader (ContainerReader.java:readVolume(142)) - Start to verify containers on volume /home/runner/work/ozone/ozone/hadoop-ozone/integration-test/target/test-dir/MiniOzoneClusterImpl-f2f09f11-e894-4079-b4a5-42fcd7f084ef/datanode-2/data-0/containers/hdds
2021-08-24 00:16:43,250 [Thread-152] INFO  ozoneimpl.ContainerReader (ContainerReader.java:readVolume(174)) - Finish verifying containers on volume /home/runner/work/ozone/ozone/hadoop-ozone/integration-test/target/test-dir/MiniOzoneClusterImpl-f2f09f11-e894-4079-b4a5-42fcd7f084ef/datanode-2/data-0/containers/hdds
2021-08-24 00:16:43,250 [Listener at 127.0.0.1/37475] INFO  ozoneimpl.OzoneContainer (OzoneContainer.java:buildContainerSet(237)) - Build ContainerSet costs 0s
2021-08-24 00:16:43,253 [Listener at 127.0.0.1/37475] INFO  server.RaftServer (ConfUtils.java:logGet(44)) - raft.rpc.type = GRPC (default)
2021-08-24 00:16:43,253 [Listener at 127.0.0.1/37475] INFO  grpc.GrpcFactory (GrpcFactory.java:checkPooledByteBufAllocatorUseCacheForAllThreads(48)) - PERFORMANCE WARNING: useCacheForAllThreads is true that may cause Netty to create a lot garbage objects and, as a result, trigger GC.
	It is recommended to disable useCacheForAllThreads by setting -Dorg.apache.ratis.thirdparty.io.netty.allocator.useCacheForAllThreads=false in command line.
2021-08-24 00:16:43,254 [Listener at 127.0.0.1/37475] INFO  grpc.GrpcConfigKeys (ConfUtils.java:logGet(44)) - raft.grpc.admin.port = 0 (custom)
2021-08-24 00:16:43,254 [Listener at 127.0.0.1/37475] INFO  grpc.GrpcConfigKeys (ConfUtils.java:logGet(44)) - raft.grpc.client.port = 0 (custom)
2021-08-24 00:16:43,254 [Listener at 127.0.0.1/37475] INFO  grpc.GrpcConfigKeys (ConfUtils.java:logGet(44)) - raft.grpc.server.port = 0 (default)
2021-08-24 00:16:43,254 [Listener at 127.0.0.1/37475] INFO  server.GrpcService (ConfUtils.java:logGet(44)) - raft.grpc.message.size.max = 32MB (=33554432) (custom)
2021-08-24 00:16:43,255 [Listener at 127.0.0.1/37475] INFO  server.RaftServerConfigKeys (ConfUtils.java:logGet(44)) - raft.server.log.appender.buffer.byte-limit = 33554432 (custom)
2021-08-24 00:16:43,255 [Listener at 127.0.0.1/37475] INFO  server.GrpcService (ConfUtils.java:logGet(44)) - raft.grpc.flow.control.window = 5MB (=5242880) (custom)
2021-08-24 00:16:43,255 [Listener at 127.0.0.1/37475] INFO  server.RaftServerConfigKeys (ConfUtils.java:logGet(44)) - raft.server.rpc.request.timeout = 3000ms (default)
2021-08-24 00:16:43,256 [Listener at 127.0.0.1/37475] INFO  impl.DataStreamServerImpl (ConfUtils.java:logGet(44)) - raft.datastream.type = DISABLED (default)
2021-08-24 00:16:43,256 [Listener at 127.0.0.1/37475] INFO  server.RaftServerConfigKeys (ConfUtils.java:logGet(44)) - raft.server.rpc.slowness.timeout = 1000000ms (custom)
2021-08-24 00:16:43,257 [Listener at 127.0.0.1/37475] INFO  server.RaftServerConfigKeys (ConfUtils.java:logGet(44)) - raft.server.leaderelection.leader.step-down.wait-time = 10s (default)
2021-08-24 00:16:43,257 [Listener at 127.0.0.1/37475] INFO  server.RaftServerConfigKeys (ConfUtils.java:logGet(44)) - raft.server.storage.dir = [/home/runner/work/ozone/ozone/hadoop-ozone/integration-test/target/test-dir/MiniOzoneClusterImpl-f2f09f11-e894-4079-b4a5-42fcd7f084ef/datanode-2/data/ratis] (custom)
2021-08-24 00:16:43,260 [Listener at 127.0.0.1/37475] INFO  http.BaseHttpServer (BaseHttpServer.java:newHttpServer2BuilderForOzone(209)) - Starting Web-server for hddsDatanode at: http://0.0.0.0:0
2021-08-24 00:16:43,260 [Listener at 127.0.0.1/37475] INFO  http.BaseHttpServer (BaseHttpServer.java:<init>(107)) - Hadoop Security Enabled: false Ozone Security Enabled: false Ozone HTTP Security Enabled: false 
2021-08-24 00:16:43,262 [Listener at 127.0.0.1/37475] INFO  server.AuthenticationFilter (AuthenticationFilter.java:constructSecretProvider(240)) - Unable to initialize FileSignerSecretProvider, falling back to use random secrets.
2021-08-24 00:16:43,262 [Listener at 127.0.0.1/37475] WARN  http.HttpRequestLog (HttpRequestLog.java:getRequestLog(103)) - Jetty request log can only be enabled using Log4j
2021-08-24 00:16:43,263 [Listener at 127.0.0.1/37475] INFO  http.HttpServer2 (HttpServer2.java:addGlobalFilter(1030)) - Added global filter 'safety' (class=org.apache.hadoop.hdds.server.http.HttpServer2$QuotingInputFilter)
2021-08-24 00:16:43,264 [Listener at 127.0.0.1/37475] INFO  http.HttpServer2 (HttpServer2.java:addFilter(1006)) - Added filter static_user_filter (class=org.apache.hadoop.http.lib.StaticUserWebFilter$StaticUserFilter) to context hddsDatanode
2021-08-24 00:16:43,264 [Listener at 127.0.0.1/37475] INFO  http.HttpServer2 (HttpServer2.java:addFilter(1014)) - Added filter static_user_filter (class=org.apache.hadoop.http.lib.StaticUserWebFilter$StaticUserFilter) to context static
2021-08-24 00:16:43,264 [Listener at 127.0.0.1/37475] INFO  http.HttpServer2 (HttpServer2.java:addFilter(1014)) - Added filter static_user_filter (class=org.apache.hadoop.http.lib.StaticUserWebFilter$StaticUserFilter) to context logs
2021-08-24 00:16:43,265 [Listener at 127.0.0.1/37475] INFO  http.HttpServer2 (HttpServer2.java:bindListener(1249)) - Jetty bound to port 33553
2021-08-24 00:16:43,265 [Listener at 127.0.0.1/37475] INFO  server.Server (Server.java:doStart(375)) - jetty-9.4.43.v20210629; built: 2021-06-30T11:07:22.254Z; git: 526006ecfa3af7f1a27ef3a288e2bef7ea9dd7e8; jvm 1.8.0_292-b10
2021-08-24 00:16:43,267 [Listener at 127.0.0.1/37475] INFO  server.session (DefaultSessionIdManager.java:doStart(334)) - DefaultSessionIdManager workerName=node0
2021-08-24 00:16:43,267 [Listener at 127.0.0.1/37475] INFO  server.session (DefaultSessionIdManager.java:doStart(339)) - No SessionScavenger set, using defaults
2021-08-24 00:16:43,267 [Listener at 127.0.0.1/37475] INFO  server.session (HouseKeeper.java:startScavenging(132)) - node0 Scavenging every 600000ms
2021-08-24 00:16:43,268 [Listener at 127.0.0.1/37475] INFO  handler.ContextHandler (ContextHandler.java:doStart(915)) - Started o.e.j.s.ServletContextHandler@4c00efa{logs,/logs,file:///home/runner/work/ozone/ozone/hadoop-ozone/integration-test/target/log,AVAILABLE}
2021-08-24 00:16:43,268 [Listener at 127.0.0.1/37475] INFO  handler.ContextHandler (ContextHandler.java:doStart(915)) - Started o.e.j.s.ServletContextHandler@4288c5a8{static,/static,jar:file:/home/runner/.m2/repository/org/apache/ozone/hdds-container-service/1.2.0-SNAPSHOT/hdds-container-service-1.2.0-SNAPSHOT.jar!/webapps/static,AVAILABLE}
2021-08-24 00:16:43,282 [om1@group-C5BA1605619E-FollowerState] INFO  impl.FollowerState (FollowerState.java:run(134)) - om1@group-C5BA1605619E-FollowerState: change to CANDIDATE, lastRpcElapsedTime:1098168172ns, electionTimeout:1086ms
2021-08-24 00:16:43,283 [om1@group-C5BA1605619E-FollowerState] INFO  impl.RoleInfo (RoleInfo.java:shutdownFollowerState(108)) - om1: shutdown om1@group-C5BA1605619E-FollowerState
2021-08-24 00:16:43,283 [om1@group-C5BA1605619E-FollowerState] INFO  server.RaftServer$Division (RaftServerImpl.java:setRole(285)) - om1@group-C5BA1605619E: changes role from  FOLLOWER to CANDIDATE at term 0 for changeToCandidate
2021-08-24 00:16:43,286 [om1@group-C5BA1605619E-FollowerState] INFO  server.RaftServerConfigKeys (ConfUtils.java:logGet(44)) - raft.server.leaderelection.pre-vote = false (custom)
2021-08-24 00:16:43,286 [om1@group-C5BA1605619E-FollowerState] INFO  impl.RoleInfo (RoleInfo.java:updateAndGet(130)) - om1: start om1@group-C5BA1605619E-LeaderElection1
2021-08-24 00:16:43,303 [om1@group-C5BA1605619E-LeaderElection1] INFO  impl.LeaderElection (LeaderElection.java:askForVotes(306)) - om1@group-C5BA1605619E-LeaderElection1 ELECTION round 0: submit vote requests at term 1 for -1: [om1|rpc:localhost:9872|priority:0], old=null
2021-08-24 00:16:43,304 [om1@group-C5BA1605619E-LeaderElection1] INFO  impl.LeaderElection (LeaderElection.java:askForVotes(308)) - om1@group-C5BA1605619E-LeaderElection1 ELECTION round 0: result PASSED (term=1)
2021-08-24 00:16:43,304 [om1@group-C5BA1605619E-LeaderElection1] INFO  impl.RoleInfo (RoleInfo.java:shutdownLeaderElection(121)) - om1: shutdown om1@group-C5BA1605619E-LeaderElection1
2021-08-24 00:16:43,305 [om1@group-C5BA1605619E-LeaderElection1] INFO  server.RaftServer$Division (RaftServerImpl.java:setRole(285)) - om1@group-C5BA1605619E: changes role from CANDIDATE to LEADER at term 1 for changeToLeader
2021-08-24 00:16:43,305 [om1@group-C5BA1605619E-LeaderElection1] INFO  server.RaftServer$Division (ServerState.java:setLeader(285)) - om1@group-C5BA1605619E: change Leader from null to om1 at term 1 for becomeLeader, leader elected after 1244ms
2021-08-24 00:16:43,310 [om1@group-C5BA1605619E-LeaderElection1] INFO  server.RaftServerConfigKeys (ConfUtils.java:logGet(44)) - raft.server.staging.catchup.gap = 1000 (default)
2021-08-24 00:16:43,339 [om1@group-C5BA1605619E-LeaderElection1] INFO  server.RaftServerConfigKeys (ConfUtils.java:logGet(44)) - raft.server.write.element-limit = 4096 (default)
2021-08-24 00:16:43,342 [om1@group-C5BA1605619E-LeaderElection1] INFO  server.RaftServerConfigKeys (ConfUtils.java:logGet(44)) - raft.server.write.byte-limit = 64MB (=67108864) (default)
2021-08-24 00:16:43,345 [Listener at 127.0.0.1/37475] INFO  handler.ContextHandler (ContextHandler.java:doStart(915)) - Started o.e.j.w.WebAppContext@24ac4cf4{hddsDatanode,/,file:///tmp/jetty-0_0_0_0-33553-hdds-container-service-1_2_0-SNAPSHOT_jar-_-any-2276428727192275489/webapp/,AVAILABLE}{jar:file:/home/runner/.m2/repository/org/apache/ozone/hdds-container-service/1.2.0-SNAPSHOT/hdds-container-service-1.2.0-SNAPSHOT.jar!/webapps/hddsDatanode}
2021-08-24 00:16:43,355 [om1@group-C5BA1605619E-LeaderElection1] INFO  server.RaftServerConfigKeys (ConfUtils.java:logGet(44)) - raft.server.watch.timeout = 10s (default)
2021-08-24 00:16:43,357 [Listener at 127.0.0.1/37475] INFO  server.AbstractConnector (AbstractConnector.java:doStart(331)) - Started ServerConnector@5dd02ce0{HTTP/1.1, (http/1.1)}{0.0.0.0:33553}
2021-08-24 00:16:43,359 [Listener at 127.0.0.1/37475] INFO  server.Server (Server.java:doStart(415)) - Started @6997ms
2021-08-24 00:16:43,359 [Listener at 127.0.0.1/37475] WARN  impl.MetricsSystemImpl (MetricsSystemImpl.java:register(279)) - Sink prometheus already exists!
2021-08-24 00:16:43,359 [Listener at 127.0.0.1/37475] INFO  http.BaseHttpServer (BaseHttpServer.java:updateConnectorAddress(329)) - HTTP server of hddsDatanode listening at http://0.0.0.0:33553
2021-08-24 00:16:43,360 [om1@group-C5BA1605619E-LeaderElection1] INFO  server.RaftServerConfigKeys (ConfUtils.java:logGet(44)) - raft.server.watch.timeout.denomination = 1s (default)
2021-08-24 00:16:43,361 [om1@group-C5BA1605619E-LeaderElection1] INFO  server.RaftServerConfigKeys (ConfUtils.java:logGet(44)) - raft.server.watch.element-limit = 65536 (default)
2021-08-24 00:16:43,365 [Listener at 127.0.0.1/37475] INFO  ozone.MiniOzoneClusterImpl (MiniOzoneClusterImpl.java:lambda$waitForClusterToBeReady$0(235)) - Waiting for nodes to be ready. Got 0 of 3 DN Heartbeats.
2021-08-24 00:16:43,365 [Listener at 127.0.0.1/37475] INFO  ozone.MiniOzoneClusterImpl (MiniOzoneClusterImpl.java:lambda$waitForClusterToBeReady$0(238)) - Waiting for cluster to exit safe mode
2021-08-24 00:16:43,365 [Listener at 127.0.0.1/37475] INFO  ozone.MiniOzoneClusterImpl (MiniOzoneClusterImpl.java:lambda$waitForClusterToBeReady$0(240)) - SCM became leader
2021-08-24 00:16:43,367 [om1@group-C5BA1605619E-LeaderElection1] INFO  impl.RoleInfo (RoleInfo.java:updateAndGet(130)) - om1: start om1@group-C5BA1605619E-LeaderStateImpl
2021-08-24 00:16:43,386 [Datanode State Machine Task Thread - 0] INFO  datanode.InitDatanodeState (InitDatanodeState.java:persistContainerDatanodeDetails(145)) - DatanodeDetails is persisted to /home/runner/work/ozone/ozone/hadoop-ozone/integration-test/target/test-dir/MiniOzoneClusterImpl-f2f09f11-e894-4079-b4a5-42fcd7f084ef/datanode-2/meta/datanode.id
2021-08-24 00:16:43,525 [org.apache.hadoop.util.JvmPauseMonitor$Monitor@4a93860] INFO  util.JvmPauseMonitor (JvmPauseMonitor.java:run(188)) - Starting JVM pause monitor
2021-08-24 00:16:43,539 [om1@group-C5BA1605619E-LeaderElection1] INFO  segmented.SegmentedRaftLogWorker (SegmentedRaftLogWorker.java:startLogSegment(394)) - om1@group-C5BA1605619E-SegmentedRaftLogWorker: Starting segment from index:0
2021-08-24 00:16:43,563 [om1@group-C5BA1605619E-LeaderElection1] INFO  server.RaftServer$Division (ServerState.java:setRaftConf(387)) - om1@group-C5BA1605619E: set configuration 0: [om1|rpc:localhost:9872|admin:|client:|dataStream:|priority:0], old=null
2021-08-24 00:16:43,625 [om1@group-C5BA1605619E-SegmentedRaftLogWorker] INFO  segmented.SegmentedRaftLogWorker (SegmentedRaftLogWorker.java:execute(601)) - om1@group-C5BA1605619E-SegmentedRaftLogWorker: created new log segment /home/runner/work/ozone/ozone/hadoop-ozone/integration-test/target/test-dir/MiniOzoneClusterImpl-f2f09f11-e894-4079-b4a5-42fcd7f084ef/ozone-meta/ratis/bf265839-605b-3f16-9796-c5ba1605619e/current/log_inprogress_0
2021-08-24 00:16:43,701 [om1@group-C5BA1605619E-StateMachineUpdater] INFO  ratis.OzoneManagerStateMachine (OzoneManagerStateMachine.java:notifyConfigurationChanged(188)) - Received Configuration change notification from Ratis. New Peer list:
[id: "om1"
address: "localhost:9872"
]
2021-08-24 00:16:44,365 [Listener at 127.0.0.1/37475] INFO  ozone.MiniOzoneClusterImpl (MiniOzoneClusterImpl.java:lambda$waitForClusterToBeReady$0(235)) - Waiting for nodes to be ready. Got 0 of 3 DN Heartbeats.
2021-08-24 00:16:44,366 [Listener at 127.0.0.1/37475] INFO  ozone.MiniOzoneClusterImpl (MiniOzoneClusterImpl.java:lambda$waitForClusterToBeReady$0(238)) - Waiting for cluster to exit safe mode
2021-08-24 00:16:44,366 [Listener at 127.0.0.1/37475] INFO  ozone.MiniOzoneClusterImpl (MiniOzoneClusterImpl.java:lambda$waitForClusterToBeReady$0(240)) - SCM became leader
2021-08-24 00:16:44,919 [EndpointStateMachine task thread for /0.0.0.0:46275 - 0 ] INFO  ozoneimpl.OzoneContainer (OzoneContainer.java:start(305)) - Attempting to start container services.
2021-08-24 00:16:44,921 [EndpointStateMachine task thread for /0.0.0.0:46275 - 0 ] INFO  ozoneimpl.OzoneContainer (OzoneContainer.java:startContainerScrub(250)) - Background container scanner has been disabled.
2021-08-24 00:16:44,922 [EndpointStateMachine task thread for /0.0.0.0:46275 - 0 ] INFO  replication.ReplicationServer (ReplicationServer.java:start(107)) - ReplicationServer is started using port 45275
2021-08-24 00:16:44,925 [EndpointStateMachine task thread for /0.0.0.0:46275 - 0 ] INFO  ratis.XceiverServerRatis (XceiverServerRatis.java:start(482)) - Starting XceiverServerRatis 298128a7-05d4-41f3-a630-0ff919e37e97
2021-08-24 00:16:44,932 [EndpointStateMachine task thread for /0.0.0.0:46275 - 0 ] INFO  server.RaftServer (RaftServerProxy.java:lambda$start$5(374)) - 298128a7-05d4-41f3-a630-0ff919e37e97: start RPC server
2021-08-24 00:16:44,936 [EndpointStateMachine task thread for /0.0.0.0:46275 - 0 ] INFO  server.GrpcService (GrpcService.java:startImpl(253)) - 298128a7-05d4-41f3-a630-0ff919e37e97: GrpcService started, listening on 34767
2021-08-24 00:16:44,937 [EndpointStateMachine task thread for /0.0.0.0:46275 - 0 ] INFO  ratis.XceiverServerRatis (XceiverServerRatis.java:getRealPort(503)) - XceiverServerRatis 298128a7-05d4-41f3-a630-0ff919e37e97 is started using port 34767 for RATIS
2021-08-24 00:16:44,937 [EndpointStateMachine task thread for /0.0.0.0:46275 - 0 ] INFO  ratis.XceiverServerRatis (XceiverServerRatis.java:getRealPort(503)) - XceiverServerRatis 298128a7-05d4-41f3-a630-0ff919e37e97 is started using port 34767 for RATIS_ADMIN
2021-08-24 00:16:44,937 [org.apache.ratis.util.JvmPauseMonitor$$Lambda$521/2104333305@387c29aa] INFO  util.JvmPauseMonitor (JvmPauseMonitor.java:run(103)) - JvmPauseMonitor-298128a7-05d4-41f3-a630-0ff919e37e97: Started
2021-08-24 00:16:44,938 [EndpointStateMachine task thread for /0.0.0.0:46275 - 0 ] INFO  ratis.XceiverServerRatis (XceiverServerRatis.java:getRealPort(503)) - XceiverServerRatis 298128a7-05d4-41f3-a630-0ff919e37e97 is started using port 34767 for RATIS_SERVER
2021-08-24 00:16:44,941 [EndpointStateMachine task thread for /0.0.0.0:46275 - 0 ] INFO  server.XceiverServerGrpc (XceiverServerGrpc.java:start(135)) - XceiverServerGrpc 298128a7-05d4-41f3-a630-0ff919e37e97 is started using port 38573
2021-08-24 00:16:45,149 [EndpointStateMachine task thread for /0.0.0.0:46275 - 0 ] INFO  ozoneimpl.OzoneContainer (OzoneContainer.java:start(305)) - Attempting to start container services.
2021-08-24 00:16:45,149 [EndpointStateMachine task thread for /0.0.0.0:46275 - 0 ] INFO  ozoneimpl.OzoneContainer (OzoneContainer.java:startContainerScrub(250)) - Background container scanner has been disabled.
2021-08-24 00:16:45,151 [EndpointStateMachine task thread for /0.0.0.0:46275 - 0 ] INFO  replication.ReplicationServer (ReplicationServer.java:start(107)) - ReplicationServer is started using port 45881
2021-08-24 00:16:45,151 [EndpointStateMachine task thread for /0.0.0.0:46275 - 0 ] INFO  ratis.XceiverServerRatis (XceiverServerRatis.java:start(482)) - Starting XceiverServerRatis cf2b9c68-f8e7-4117-9e58-753acb5b2330
2021-08-24 00:16:45,156 [EndpointStateMachine task thread for /0.0.0.0:46275 - 0 ] INFO  server.RaftServer (RaftServerProxy.java:lambda$start$5(374)) - cf2b9c68-f8e7-4117-9e58-753acb5b2330: start RPC server
2021-08-24 00:16:45,161 [EndpointStateMachine task thread for /0.0.0.0:46275 - 0 ] INFO  server.GrpcService (GrpcService.java:startImpl(253)) - cf2b9c68-f8e7-4117-9e58-753acb5b2330: GrpcService started, listening on 39703
2021-08-24 00:16:45,162 [EndpointStateMachine task thread for /0.0.0.0:46275 - 0 ] INFO  ratis.XceiverServerRatis (XceiverServerRatis.java:getRealPort(503)) - XceiverServerRatis cf2b9c68-f8e7-4117-9e58-753acb5b2330 is started using port 39703 for RATIS
2021-08-24 00:16:45,162 [org.apache.ratis.util.JvmPauseMonitor$$Lambda$521/2104333305@76fcc6e9] INFO  util.JvmPauseMonitor (JvmPauseMonitor.java:run(103)) - JvmPauseMonitor-cf2b9c68-f8e7-4117-9e58-753acb5b2330: Started
2021-08-24 00:16:45,162 [EndpointStateMachine task thread for /0.0.0.0:46275 - 0 ] INFO  ratis.XceiverServerRatis (XceiverServerRatis.java:getRealPort(503)) - XceiverServerRatis cf2b9c68-f8e7-4117-9e58-753acb5b2330 is started using port 39703 for RATIS_ADMIN
2021-08-24 00:16:45,163 [EndpointStateMachine task thread for /0.0.0.0:46275 - 0 ] INFO  ratis.XceiverServerRatis (XceiverServerRatis.java:getRealPort(503)) - XceiverServerRatis cf2b9c68-f8e7-4117-9e58-753acb5b2330 is started using port 39703 for RATIS_SERVER
2021-08-24 00:16:45,163 [EndpointStateMachine task thread for /0.0.0.0:46275 - 0 ] INFO  server.XceiverServerGrpc (XceiverServerGrpc.java:start(135)) - XceiverServerGrpc cf2b9c68-f8e7-4117-9e58-753acb5b2330 is started using port 45729
2021-08-24 00:16:45,366 [Listener at 127.0.0.1/37475] INFO  ozone.MiniOzoneClusterImpl (MiniOzoneClusterImpl.java:lambda$waitForClusterToBeReady$0(235)) - Waiting for nodes to be ready. Got 0 of 3 DN Heartbeats.
2021-08-24 00:16:45,366 [Listener at 127.0.0.1/37475] INFO  ozone.MiniOzoneClusterImpl (MiniOzoneClusterImpl.java:lambda$waitForClusterToBeReady$0(238)) - Waiting for cluster to exit safe mode
2021-08-24 00:16:45,366 [Listener at 127.0.0.1/37475] INFO  ozone.MiniOzoneClusterImpl (MiniOzoneClusterImpl.java:lambda$waitForClusterToBeReady$0(240)) - SCM became leader
2021-08-24 00:16:45,389 [EndpointStateMachine task thread for /0.0.0.0:46275 - 0 ] INFO  ozoneimpl.OzoneContainer (OzoneContainer.java:start(305)) - Attempting to start container services.
2021-08-24 00:16:45,390 [EndpointStateMachine task thread for /0.0.0.0:46275 - 0 ] INFO  ozoneimpl.OzoneContainer (OzoneContainer.java:startContainerScrub(250)) - Background container scanner has been disabled.
2021-08-24 00:16:45,393 [EndpointStateMachine task thread for /0.0.0.0:46275 - 0 ] INFO  replication.ReplicationServer (ReplicationServer.java:start(107)) - ReplicationServer is started using port 41029
2021-08-24 00:16:45,393 [EndpointStateMachine task thread for /0.0.0.0:46275 - 0 ] INFO  ratis.XceiverServerRatis (XceiverServerRatis.java:start(482)) - Starting XceiverServerRatis ab986f2b-b69b-40e1-bbf9-db456b5b224c
2021-08-24 00:16:45,394 [EndpointStateMachine task thread for /0.0.0.0:46275 - 0 ] INFO  server.RaftServer (RaftServerProxy.java:lambda$start$5(374)) - ab986f2b-b69b-40e1-bbf9-db456b5b224c: start RPC server
2021-08-24 00:16:45,395 [EndpointStateMachine task thread for /0.0.0.0:46275 - 0 ] INFO  server.GrpcService (GrpcService.java:startImpl(253)) - ab986f2b-b69b-40e1-bbf9-db456b5b224c: GrpcService started, listening on 39351
2021-08-24 00:16:45,395 [EndpointStateMachine task thread for /0.0.0.0:46275 - 0 ] INFO  ratis.XceiverServerRatis (XceiverServerRatis.java:getRealPort(503)) - XceiverServerRatis ab986f2b-b69b-40e1-bbf9-db456b5b224c is started using port 39351 for RATIS
2021-08-24 00:16:45,395 [org.apache.ratis.util.JvmPauseMonitor$$Lambda$521/2104333305@4bdfbe7e] INFO  util.JvmPauseMonitor (JvmPauseMonitor.java:run(103)) - JvmPauseMonitor-ab986f2b-b69b-40e1-bbf9-db456b5b224c: Started
2021-08-24 00:16:45,395 [EndpointStateMachine task thread for /0.0.0.0:46275 - 0 ] INFO  ratis.XceiverServerRatis (XceiverServerRatis.java:getRealPort(503)) - XceiverServerRatis ab986f2b-b69b-40e1-bbf9-db456b5b224c is started using port 39351 for RATIS_ADMIN
2021-08-24 00:16:45,395 [EndpointStateMachine task thread for /0.0.0.0:46275 - 0 ] INFO  ratis.XceiverServerRatis (XceiverServerRatis.java:getRealPort(503)) - XceiverServerRatis ab986f2b-b69b-40e1-bbf9-db456b5b224c is started using port 39351 for RATIS_SERVER
2021-08-24 00:16:45,397 [EndpointStateMachine task thread for /0.0.0.0:46275 - 0 ] INFO  server.XceiverServerGrpc (XceiverServerGrpc.java:start(135)) - XceiverServerGrpc ab986f2b-b69b-40e1-bbf9-db456b5b224c is started using port 37727
2021-08-24 00:16:46,367 [Listener at 127.0.0.1/37475] INFO  ozone.MiniOzoneClusterImpl (MiniOzoneClusterImpl.java:lambda$waitForClusterToBeReady$0(235)) - Waiting for nodes to be ready. Got 0 of 3 DN Heartbeats.
2021-08-24 00:16:46,367 [Listener at 127.0.0.1/37475] INFO  ozone.MiniOzoneClusterImpl (MiniOzoneClusterImpl.java:lambda$waitForClusterToBeReady$0(238)) - Waiting for cluster to exit safe mode
2021-08-24 00:16:46,367 [Listener at 127.0.0.1/37475] INFO  ozone.MiniOzoneClusterImpl (MiniOzoneClusterImpl.java:lambda$waitForClusterToBeReady$0(240)) - SCM became leader
2021-08-24 00:16:46,898 [IPC Server handler 1 on default port 46275] INFO  net.NetworkTopologyImpl (NetworkTopologyImpl.java:add(112)) - Added a new node: /default-rack/298128a7-05d4-41f3-a630-0ff919e37e97
2021-08-24 00:16:46,899 [IPC Server handler 1 on default port 46275] INFO  node.SCMNodeManager (SCMNodeManager.java:register(390)) - Registered Data node : 298128a7-05d4-41f3-a630-0ff919e37e97{ip: 10.1.0.66, host: fv-az116-235.vzw04321ajxubdbcnpick5nqva.xx.internal.cloudapp.net, ports: [REPLICATION=45275, RATIS=34767, RATIS_ADMIN=34767, RATIS_SERVER=34767, STANDALONE=38573], networkLocation: /default-rack, certSerialId: null, persistedOpState: null, persistedOpStateExpiryEpochSec: 0}
2021-08-24 00:16:46,903 [EventQueue-NewNodeForNewNodeHandler] INFO  pipeline.BackgroundPipelineCreator (BackgroundPipelineCreatorV2.java:notifyEventTriggered(285)) - trigger a one-shot run on RatisPipelineUtilsThread.
2021-08-24 00:16:46,912 [RatisPipelineUtilsThread - 0] INFO  pipeline.RatisPipelineProvider (RatisPipelineProvider.java:lambda$create$0(183)) - Sending CreatePipelineCommand for pipeline:PipelineID=68400ba6-9c23-419a-8ec1-b11d3147633b to datanode:298128a7-05d4-41f3-a630-0ff919e37e97
2021-08-24 00:16:46,912 [EventQueue-NodeRegistrationContainerReportForContainerSafeModeRule] INFO  safemode.SCMSafeModeManager (SCMSafeModeManager.java:validateSafeModeExitRules(204)) - ContainerSafeModeRule rule is successfully validated
2021-08-24 00:16:46,912 [EventQueue-NodeRegistrationContainerReportForDataNodeSafeModeRule] INFO  safemode.SCMSafeModeManager (DataNodeSafeModeRule.java:process(71)) - SCM in safe mode. 1 DataNodes registered, 3 required.
2021-08-24 00:16:46,913 [EventQueue-PipelineReportForOneReplicaPipelineSafeModeRule] INFO  safemode.SCMSafeModeManager (SCMSafeModeManager.java:validateSafeModeExitRules(204)) - AtleastOneDatanodeReportedRule rule is successfully validated
2021-08-24 00:16:46,923 [RatisPipelineUtilsThread - 0] INFO  pipeline.PipelineStateManager (PipelineStateManagerV2Impl.java:addPipeline(101)) - Created pipeline Pipeline[ Id: 68400ba6-9c23-419a-8ec1-b11d3147633b, Nodes: 298128a7-05d4-41f3-a630-0ff919e37e97{ip: 10.1.0.66, host: fv-az116-235.vzw04321ajxubdbcnpick5nqva.xx.internal.cloudapp.net, ports: [REPLICATION=45275, RATIS=34767, RATIS_ADMIN=34767, RATIS_SERVER=34767, STANDALONE=38573], networkLocation: /default-rack, certSerialId: null, persistedOpState: IN_SERVICE, persistedOpStateExpiryEpochSec: 0}, ReplicationConfig: RATIS/ONE, State:ALLOCATED, leaderId:, CreationTimestamp2021-08-24T00:16:46.909Z[Etc/UTC]].
2021-08-24 00:16:47,146 [IPC Server handler 2 on default port 46275] INFO  net.NetworkTopologyImpl (NetworkTopologyImpl.java:add(112)) - Added a new node: /default-rack/cf2b9c68-f8e7-4117-9e58-753acb5b2330
2021-08-24 00:16:47,146 [IPC Server handler 2 on default port 46275] INFO  node.SCMNodeManager (SCMNodeManager.java:register(390)) - Registered Data node : cf2b9c68-f8e7-4117-9e58-753acb5b2330{ip: 10.1.0.66, host: fv-az116-235.vzw04321ajxubdbcnpick5nqva.xx.internal.cloudapp.net, ports: [REPLICATION=45881, RATIS=39703, RATIS_ADMIN=39703, RATIS_SERVER=39703, STANDALONE=45729], networkLocation: /default-rack, certSerialId: null, persistedOpState: null, persistedOpStateExpiryEpochSec: 0}
2021-08-24 00:16:47,146 [EventQueue-NewNodeForNewNodeHandler] INFO  pipeline.BackgroundPipelineCreator (BackgroundPipelineCreatorV2.java:notifyEventTriggered(285)) - trigger a one-shot run on RatisPipelineUtilsThread.
2021-08-24 00:16:47,147 [EventQueue-NodeRegistrationContainerReportForDataNodeSafeModeRule] INFO  safemode.SCMSafeModeManager (DataNodeSafeModeRule.java:process(71)) - SCM in safe mode. 2 DataNodes registered, 3 required.
2021-08-24 00:16:47,150 [RatisPipelineUtilsThread - 0] INFO  pipeline.RatisPipelineProvider (RatisPipelineProvider.java:lambda$create$0(183)) - Sending CreatePipelineCommand for pipeline:PipelineID=a2fa908a-c236-485b-b3ee-410a12a5b321 to datanode:cf2b9c68-f8e7-4117-9e58-753acb5b2330
2021-08-24 00:16:47,150 [RatisPipelineUtilsThread - 0] INFO  pipeline.PipelineStateManager (PipelineStateManagerV2Impl.java:addPipeline(101)) - Created pipeline Pipeline[ Id: a2fa908a-c236-485b-b3ee-410a12a5b321, Nodes: cf2b9c68-f8e7-4117-9e58-753acb5b2330{ip: 10.1.0.66, host: fv-az116-235.vzw04321ajxubdbcnpick5nqva.xx.internal.cloudapp.net, ports: [REPLICATION=45881, RATIS=39703, RATIS_ADMIN=39703, RATIS_SERVER=39703, STANDALONE=45729], networkLocation: /default-rack, certSerialId: null, persistedOpState: IN_SERVICE, persistedOpStateExpiryEpochSec: 0}, ReplicationConfig: RATIS/ONE, State:ALLOCATED, leaderId:, CreationTimestamp2021-08-24T00:16:47.150Z[Etc/UTC]].
2021-08-24 00:16:47,367 [Listener at 127.0.0.1/37475] INFO  ozone.MiniOzoneClusterImpl (MiniOzoneClusterImpl.java:lambda$waitForClusterToBeReady$0(235)) - Waiting for nodes to be ready. Got 2 of 3 DN Heartbeats.
2021-08-24 00:16:47,368 [Listener at 127.0.0.1/37475] INFO  ozone.MiniOzoneClusterImpl (MiniOzoneClusterImpl.java:lambda$waitForClusterToBeReady$0(238)) - Waiting for cluster to exit safe mode
2021-08-24 00:16:47,368 [Listener at 127.0.0.1/37475] INFO  ozone.MiniOzoneClusterImpl (MiniOzoneClusterImpl.java:lambda$waitForClusterToBeReady$0(240)) - SCM became leader
2021-08-24 00:16:47,387 [IPC Server handler 1 on default port 46275] INFO  net.NetworkTopologyImpl (NetworkTopologyImpl.java:add(112)) - Added a new node: /default-rack/ab986f2b-b69b-40e1-bbf9-db456b5b224c
2021-08-24 00:16:47,388 [IPC Server handler 1 on default port 46275] INFO  node.SCMNodeManager (SCMNodeManager.java:register(390)) - Registered Data node : ab986f2b-b69b-40e1-bbf9-db456b5b224c{ip: 10.1.0.66, host: fv-az116-235.vzw04321ajxubdbcnpick5nqva.xx.internal.cloudapp.net, ports: [REPLICATION=41029, RATIS=39351, RATIS_ADMIN=39351, RATIS_SERVER=39351, STANDALONE=37727], networkLocation: /default-rack, certSerialId: null, persistedOpState: null, persistedOpStateExpiryEpochSec: 0}
2021-08-24 00:16:47,388 [EventQueue-NewNodeForNewNodeHandler] INFO  pipeline.BackgroundPipelineCreator (BackgroundPipelineCreatorV2.java:notifyEventTriggered(285)) - trigger a one-shot run on RatisPipelineUtilsThread.
2021-08-24 00:16:47,389 [EventQueue-NodeRegistrationContainerReportForDataNodeSafeModeRule] INFO  safemode.SCMSafeModeManager (DataNodeSafeModeRule.java:process(71)) - SCM in safe mode. 3 DataNodes registered, 3 required.
2021-08-24 00:16:47,389 [RatisPipelineUtilsThread - 0] INFO  pipeline.RatisPipelineProvider (RatisPipelineProvider.java:lambda$create$0(183)) - Sending CreatePipelineCommand for pipeline:PipelineID=61f7ade1-ff5a-406b-91be-9f95fa1d9b22 to datanode:ab986f2b-b69b-40e1-bbf9-db456b5b224c
2021-08-24 00:16:47,389 [EventQueue-NodeRegistrationContainerReportForDataNodeSafeModeRule] INFO  safemode.SCMSafeModeManager (SCMSafeModeManager.java:validateSafeModeExitRules(204)) - DataNodeSafeModeRule rule is successfully validated
2021-08-24 00:16:47,389 [EventQueue-NodeRegistrationContainerReportForDataNodeSafeModeRule] INFO  safemode.SCMSafeModeManager (SCMSafeModeManager.java:completePreCheck(233)) - All SCM safe mode pre check rules have passed
2021-08-24 00:16:47,389 [EventQueue-NodeRegistrationContainerReportForDataNodeSafeModeRule] WARN  events.EventQueue (EventQueue.java:fireEvent(194)) - No event handler registered for event TypedEvent{payloadType=SafeModeStatus, name='Safe mode status'}
2021-08-24 00:16:47,389 [RatisPipelineUtilsThread - 0] INFO  pipeline.PipelineStateManager (PipelineStateManagerV2Impl.java:addPipeline(101)) - Created pipeline Pipeline[ Id: 61f7ade1-ff5a-406b-91be-9f95fa1d9b22, Nodes: ab986f2b-b69b-40e1-bbf9-db456b5b224c{ip: 10.1.0.66, host: fv-az116-235.vzw04321ajxubdbcnpick5nqva.xx.internal.cloudapp.net, ports: [REPLICATION=41029, RATIS=39351, RATIS_ADMIN=39351, RATIS_SERVER=39351, STANDALONE=37727], networkLocation: /default-rack, certSerialId: null, persistedOpState: IN_SERVICE, persistedOpStateExpiryEpochSec: 0}, ReplicationConfig: RATIS/ONE, State:ALLOCATED, leaderId:, CreationTimestamp2021-08-24T00:16:47.389Z[Etc/UTC]].
2021-08-24 00:16:47,389 [EventQueue-NodeRegistrationContainerReportForDataNodeSafeModeRule] INFO  ha.SCMContext (SCMContext.java:updateSafeModeStatus(205)) - Update SafeModeStatus from SafeModeStatus{safeModeStatus=true, preCheckPassed=false} to SafeModeStatus{safeModeStatus=true, preCheckPassed=true}.
2021-08-24 00:16:47,390 [EventQueue-NodeRegistrationContainerReportForDataNodeSafeModeRule] INFO  pipeline.BackgroundPipelineCreator (BackgroundPipelineCreatorV2.java:notifyEventTriggered(285)) - trigger a one-shot run on RatisPipelineUtilsThread.
2021-08-24 00:16:47,392 [RatisPipelineUtilsThread - 0] INFO  pipeline.RatisPipelineProvider (RatisPipelineProvider.java:lambda$create$0(183)) - Sending CreatePipelineCommand for pipeline:PipelineID=e02eff1f-5132-4c2d-96e7-62ad16e7a214 to datanode:cf2b9c68-f8e7-4117-9e58-753acb5b2330
2021-08-24 00:16:47,392 [RatisPipelineUtilsThread - 0] INFO  pipeline.RatisPipelineProvider (RatisPipelineProvider.java:lambda$create$0(183)) - Sending CreatePipelineCommand for pipeline:PipelineID=e02eff1f-5132-4c2d-96e7-62ad16e7a214 to datanode:298128a7-05d4-41f3-a630-0ff919e37e97
2021-08-24 00:16:47,393 [RatisPipelineUtilsThread - 0] INFO  pipeline.RatisPipelineProvider (RatisPipelineProvider.java:lambda$create$0(183)) - Sending CreatePipelineCommand for pipeline:PipelineID=e02eff1f-5132-4c2d-96e7-62ad16e7a214 to datanode:ab986f2b-b69b-40e1-bbf9-db456b5b224c
2021-08-24 00:16:47,394 [RatisPipelineUtilsThread - 0] INFO  pipeline.PipelineStateManager (PipelineStateManagerV2Impl.java:addPipeline(101)) - Created pipeline Pipeline[ Id: e02eff1f-5132-4c2d-96e7-62ad16e7a214, Nodes: cf2b9c68-f8e7-4117-9e58-753acb5b2330{ip: 10.1.0.66, host: fv-az116-235.vzw04321ajxubdbcnpick5nqva.xx.internal.cloudapp.net, ports: [REPLICATION=45881, RATIS=39703, RATIS_ADMIN=39703, RATIS_SERVER=39703, STANDALONE=45729], networkLocation: /default-rack, certSerialId: null, persistedOpState: IN_SERVICE, persistedOpStateExpiryEpochSec: 0}298128a7-05d4-41f3-a630-0ff919e37e97{ip: 10.1.0.66, host: fv-az116-235.vzw04321ajxubdbcnpick5nqva.xx.internal.cloudapp.net, ports: [REPLICATION=45275, RATIS=34767, RATIS_ADMIN=34767, RATIS_SERVER=34767, STANDALONE=38573], networkLocation: /default-rack, certSerialId: null, persistedOpState: IN_SERVICE, persistedOpStateExpiryEpochSec: 0}ab986f2b-b69b-40e1-bbf9-db456b5b224c{ip: 10.1.0.66, host: fv-az116-235.vzw04321ajxubdbcnpick5nqva.xx.internal.cloudapp.net, ports: [REPLICATION=41029, RATIS=39351, RATIS_ADMIN=39351, RATIS_SERVER=39351, STANDALONE=37727], networkLocation: /default-rack, certSerialId: null, persistedOpState: IN_SERVICE, persistedOpStateExpiryEpochSec: 0}, ReplicationConfig: RATIS/THREE, State:ALLOCATED, leaderId:, CreationTimestamp2021-08-24T00:16:47.392Z[Etc/UTC]].
2021-08-24 00:16:48,368 [Listener at 127.0.0.1/37475] INFO  ozone.MiniOzoneClusterImpl (MiniOzoneClusterImpl.java:lambda$waitForClusterToBeReady$0(235)) - Nodes are ready. Got 3 of 3 DN Heartbeats.
2021-08-24 00:16:48,368 [Listener at 127.0.0.1/37475] INFO  ozone.MiniOzoneClusterImpl (MiniOzoneClusterImpl.java:lambda$waitForClusterToBeReady$0(238)) - Waiting for cluster to exit safe mode
2021-08-24 00:16:48,368 [Listener at 127.0.0.1/37475] INFO  ozone.MiniOzoneClusterImpl (MiniOzoneClusterImpl.java:lambda$waitForClusterToBeReady$0(240)) - SCM became leader
2021-08-24 00:16:49,369 [Listener at 127.0.0.1/37475] INFO  ozone.MiniOzoneClusterImpl (MiniOzoneClusterImpl.java:lambda$waitForClusterToBeReady$0(235)) - Nodes are ready. Got 3 of 3 DN Heartbeats.
2021-08-24 00:16:49,369 [Listener at 127.0.0.1/37475] INFO  ozone.MiniOzoneClusterImpl (MiniOzoneClusterImpl.java:lambda$waitForClusterToBeReady$0(238)) - Waiting for cluster to exit safe mode
2021-08-24 00:16:49,369 [Listener at 127.0.0.1/37475] INFO  ozone.MiniOzoneClusterImpl (MiniOzoneClusterImpl.java:lambda$waitForClusterToBeReady$0(240)) - SCM became leader
2021-08-24 00:16:49,883 [Command processor thread] INFO  server.RaftServer (RaftServerProxy.java:addNew(95)) - 298128a7-05d4-41f3-a630-0ff919e37e97: addNew group-B11D3147633B:[298128a7-05d4-41f3-a630-0ff919e37e97|rpc:10.1.0.66:34767|priority:1] returns group-B11D3147633B:java.util.concurrent.CompletableFuture@1d6bd374[Not completed]
2021-08-24 00:16:49,896 [pool-55-thread-1] INFO  server.RaftServer$Division (RaftServerImpl.java:<init>(181)) - 298128a7-05d4-41f3-a630-0ff919e37e97: new RaftServerImpl for group-B11D3147633B:[298128a7-05d4-41f3-a630-0ff919e37e97|rpc:10.1.0.66:34767|priority:1] with ContainerStateMachine:uninitialized
2021-08-24 00:16:49,897 [pool-55-thread-1] INFO  server.RaftServerConfigKeys (ConfUtils.java:logGet(44)) - raft.server.rpc.timeout.min = 5s (custom)
2021-08-24 00:16:49,897 [pool-55-thread-1] INFO  server.RaftServerConfigKeys (ConfUtils.java:logGet(44)) - raft.server.rpc.timeout.max = 5200ms (custom)
2021-08-24 00:16:49,897 [pool-55-thread-1] INFO  server.RaftServerConfigKeys (ConfUtils.java:logGet(44)) - raft.server.rpc.sleep.time = 25ms (default)
2021-08-24 00:16:49,897 [pool-55-thread-1] INFO  server.RaftServerConfigKeys (ConfUtils.java:logGet(44)) - raft.server.rpc.slowness.timeout = 1000000ms (custom)
2021-08-24 00:16:49,897 [pool-55-thread-1] INFO  server.RaftServerConfigKeys (ConfUtils.java:logGet(44)) - raft.server.leaderelection.leader.step-down.wait-time = 10s (default)
2021-08-24 00:16:49,897 [pool-55-thread-1] INFO  server.RaftServerConfigKeys (ConfUtils.java:logGet(44)) - raft.server.sleep.deviation.threshold = 300ms (default)
2021-08-24 00:16:49,897 [pool-55-thread-1] INFO  server.RaftServerConfigKeys (ConfUtils.java:logGet(44)) - raft.server.log.appender.install.snapshot.enabled = false (custom)
2021-08-24 00:16:49,897 [pool-55-thread-1] INFO  server.RaftServer$Division (ServerState.java:<init>(105)) - 298128a7-05d4-41f3-a630-0ff919e37e97@group-B11D3147633B: ConfigurationManager, init=-1: [298128a7-05d4-41f3-a630-0ff919e37e97|rpc:10.1.0.66:34767|priority:1], old=null, confs=<EMPTY_MAP>
2021-08-24 00:16:49,898 [pool-55-thread-1] INFO  server.RaftServerConfigKeys (ConfUtils.java:logGet(44)) - raft.server.storage.dir = [/home/runner/work/ozone/ozone/hadoop-ozone/integration-test/target/test-dir/MiniOzoneClusterImpl-f2f09f11-e894-4079-b4a5-42fcd7f084ef/datanode-0/data/ratis] (custom)
2021-08-24 00:16:49,898 [pool-55-thread-1] INFO  server.RaftServerConfigKeys (ConfUtils.java:logGet(44)) - raft.server.log.corruption.policy = EXCEPTION (default)
2021-08-24 00:16:49,898 [pool-55-thread-1] INFO  server.RaftServerConfigKeys (ConfUtils.java:logGet(44)) - raft.server.storage.free-space.min = 0MB (=0) (default)
2021-08-24 00:16:49,898 [pool-55-thread-1] INFO  storage.RaftStorageDirectory (RaftStorageDirectoryImpl.java:analyzeStorage(135)) - The storage directory /home/runner/work/ozone/ozone/hadoop-ozone/integration-test/target/test-dir/MiniOzoneClusterImpl-f2f09f11-e894-4079-b4a5-42fcd7f084ef/datanode-0/data/ratis/68400ba6-9c23-419a-8ec1-b11d3147633b does not exist. Creating ...
2021-08-24 00:16:49,900 [pool-55-thread-1] INFO  storage.RaftStorageDirectory (RaftStorageDirectoryImpl.java:tryLock(230)) - Lock on /home/runner/work/ozone/ozone/hadoop-ozone/integration-test/target/test-dir/MiniOzoneClusterImpl-f2f09f11-e894-4079-b4a5-42fcd7f084ef/datanode-0/data/ratis/68400ba6-9c23-419a-8ec1-b11d3147633b/in_use.lock acquired by nodename 5959@fv-az116-235
2021-08-24 00:16:49,902 [pool-55-thread-1] INFO  storage.RaftStorage (RaftStorageImpl.java:format(89)) - Storage directory /home/runner/work/ozone/ozone/hadoop-ozone/integration-test/target/test-dir/MiniOzoneClusterImpl-f2f09f11-e894-4079-b4a5-42fcd7f084ef/datanode-0/data/ratis/68400ba6-9c23-419a-8ec1-b11d3147633b has been successfully formatted.
2021-08-24 00:16:49,906 [pool-55-thread-1] INFO  ratis.ContainerStateMachine (ContainerStateMachine.java:loadSnapshot(225)) - group-B11D3147633B: The snapshot info is null. Setting the last applied indexto:(t:0, i:~)
2021-08-24 00:16:49,907 [pool-55-thread-1] INFO  server.RaftServerConfigKeys (ConfUtils.java:logGet(44)) - raft.server.notification.no-leader.timeout = 1000000ms (custom)
2021-08-24 00:16:49,907 [pool-55-thread-1] INFO  server.RaftServerConfigKeys (ConfUtils.java:logGet(44)) - raft.server.log.use.memory = false (default)
2021-08-24 00:16:49,907 [pool-55-thread-1] INFO  server.RaftServerConfigKeys (ConfUtils.java:logGet(44)) - raft.server.log.purge.gap = 1000000 (custom)
2021-08-24 00:16:49,908 [pool-55-thread-1] INFO  server.RaftServerConfigKeys (ConfUtils.java:logGet(44)) - raft.server.log.appender.buffer.byte-limit = 33554432 (custom)
2021-08-24 00:16:49,908 [pool-55-thread-1] INFO  server.RaftServerConfigKeys (ConfUtils.java:logGet(44)) - raft.server.log.segment.size.max = 1048576 (custom)
2021-08-24 00:16:49,908 [EventQueue-PipelineReportForPipelineReportHandler] INFO  pipeline.PipelineManagerImpl (PipelineManagerImpl.java:openPipeline(283)) - Pipeline Pipeline[ Id: 68400ba6-9c23-419a-8ec1-b11d3147633b, Nodes: 298128a7-05d4-41f3-a630-0ff919e37e97{ip: 10.1.0.66, host: fv-az116-235.vzw04321ajxubdbcnpick5nqva.xx.internal.cloudapp.net, ports: [REPLICATION=45275, RATIS=34767, RATIS_ADMIN=34767, RATIS_SERVER=34767, STANDALONE=38573], networkLocation: /default-rack, certSerialId: null, persistedOpState: IN_SERVICE, persistedOpStateExpiryEpochSec: 0}, ReplicationConfig: RATIS/ONE, State:ALLOCATED, leaderId:298128a7-05d4-41f3-a630-0ff919e37e97, CreationTimestamp2021-08-24T00:16:46.909Z[Etc/UTC]] moved to OPEN state
2021-08-24 00:16:49,909 [pool-55-thread-1] INFO  server.RaftServerConfigKeys (ConfUtils.java:logGet(44)) - raft.server.log.segment.cache.num.max = 2 (custom)
2021-08-24 00:16:49,909 [pool-55-thread-1] INFO  server.RaftServerConfigKeys (ConfUtils.java:logGet(44)) - raft.server.log.segment.cache.size.max = 200MB (=209715200) (default)
2021-08-24 00:16:49,910 [pool-55-thread-1] INFO  segmented.SegmentedRaftLogWorker (SegmentedRaftLogWorker.java:<init>(182)) - new 298128a7-05d4-41f3-a630-0ff919e37e97@group-B11D3147633B-SegmentedRaftLogWorker for RaftStorageImpl:Storage Directory /home/runner/work/ozone/ozone/hadoop-ozone/integration-test/target/test-dir/MiniOzoneClusterImpl-f2f09f11-e894-4079-b4a5-42fcd7f084ef/datanode-0/data/ratis/68400ba6-9c23-419a-8ec1-b11d3147633b
2021-08-24 00:16:49,910 [pool-55-thread-1] INFO  server.RaftServerConfigKeys (ConfUtils.java:logGet(44)) - raft.server.log.queue.byte-limit = 2147483647 (custom)
2021-08-24 00:16:49,910 [pool-55-thread-1] INFO  server.RaftServerConfigKeys (ConfUtils.java:logGet(44)) - raft.server.log.queue.element-limit = 1024 (custom)
2021-08-24 00:16:49,910 [pool-55-thread-1] INFO  server.RaftServerConfigKeys (ConfUtils.java:logGet(44)) - raft.server.log.segment.size.max = 1048576 (custom)
2021-08-24 00:16:49,910 [pool-55-thread-1] INFO  server.RaftServerConfigKeys (ConfUtils.java:logGet(44)) - raft.server.log.preallocated.size = 16384 (custom)
2021-08-24 00:16:49,910 [pool-55-thread-1] INFO  server.RaftServerConfigKeys (ConfUtils.java:logGet(44)) - raft.server.log.force.sync.num = 128 (default)
2021-08-24 00:16:49,910 [pool-55-thread-1] INFO  server.RaftServerConfigKeys (ConfUtils.java:logGet(44)) - raft.server.log.statemachine.data.sync = true (default)
2021-08-24 00:16:49,910 [pool-55-thread-1] INFO  server.RaftServerConfigKeys (ConfUtils.java:logGet(44)) - raft.server.log.statemachine.data.sync.timeout = 10s (default)
2021-08-24 00:16:49,911 [pool-55-thread-1] INFO  server.RaftServerConfigKeys (ConfUtils.java:logGet(44)) - raft.server.log.statemachine.data.sync.timeout.retry = -1 (default)
2021-08-24 00:16:49,911 [EventQueue-OpenPipelineForHealthyPipelineSafeModeRule] INFO  safemode.SCMSafeModeManager (HealthyPipelineSafeModeRule.java:process(124)) - SCM in safe mode. Healthy pipelines reported count is 0, required healthy pipeline reported count is 1
2021-08-24 00:16:49,913 [pool-55-thread-1] INFO  server.RaftServerConfigKeys (ConfUtils.java:logGet(44)) - raft.server.log.write.buffer.size = 1048576 (custom)
2021-08-24 00:16:49,913 [pool-55-thread-1] INFO  server.RaftServerConfigKeys (ConfUtils.java:logGet(44)) - raft.server.log.statemachine.data.caching.enabled = true (custom)
2021-08-24 00:16:49,914 [pool-55-thread-1] INFO  segmented.SegmentedRaftLogWorker (SegmentedRaftLogWorker.java:lambda$new$0(133)) - 298128a7-05d4-41f3-a630-0ff919e37e97@group-B11D3147633B-SegmentedRaftLogWorker: flushIndex: setUnconditionally 0 -> -1
2021-08-24 00:16:49,914 [pool-55-thread-1] INFO  segmented.SegmentedRaftLogWorker (SegmentedRaftLogWorker.java:lambda$new$0(133)) - 298128a7-05d4-41f3-a630-0ff919e37e97@group-B11D3147633B-SegmentedRaftLogWorker: safeCacheEvictIndex: setUnconditionally 0 -> -1
2021-08-24 00:16:49,914 [pool-55-thread-1] INFO  server.RaftServerConfigKeys (ConfUtils.java:logGet(44)) - raft.server.snapshot.auto.trigger.enabled = true (custom)
2021-08-24 00:16:49,914 [pool-55-thread-1] INFO  server.RaftServerConfigKeys (ConfUtils.java:logGet(44)) - raft.server.snapshot.auto.trigger.threshold = 10000 (custom)
2021-08-24 00:16:49,914 [pool-55-thread-1] INFO  server.RaftServerConfigKeys (ConfUtils.java:logGet(44)) - raft.server.snapshot.retention.file.num = 5 (custom)
2021-08-24 00:16:49,914 [pool-55-thread-1] INFO  server.RaftServerConfigKeys (ConfUtils.java:logGet(44)) - raft.server.log.purge.upto.snapshot.index = false (default)
2021-08-24 00:16:49,914 [pool-55-thread-1] INFO  server.RaftServerConfigKeys (ConfUtils.java:logGet(44)) - raft.server.retrycache.expirytime = 600000ms (custom)
2021-08-24 00:16:49,914 [pool-55-thread-1] INFO  server.RaftServerConfigKeys (ConfUtils.java:logGet(44)) - raft.server.retrycache.statistics.expirytime = 100μs (default)
2021-08-24 00:16:49,919 [pool-55-thread-1] INFO  server.RaftServer$Division (RaftServerImpl.java:start(296)) - 298128a7-05d4-41f3-a630-0ff919e37e97@group-B11D3147633B: start as a follower, conf=-1: [298128a7-05d4-41f3-a630-0ff919e37e97|rpc:10.1.0.66:34767|priority:1], old=null
2021-08-24 00:16:49,921 [pool-55-thread-1] INFO  server.RaftServer$Division (RaftServerImpl.java:setRole(285)) - 298128a7-05d4-41f3-a630-0ff919e37e97@group-B11D3147633B: changes role from      null to FOLLOWER at term 0 for startAsFollower
2021-08-24 00:16:49,921 [pool-55-thread-1] INFO  impl.RoleInfo (RoleInfo.java:updateAndGet(130)) - 298128a7-05d4-41f3-a630-0ff919e37e97: start 298128a7-05d4-41f3-a630-0ff919e37e97@group-B11D3147633B-FollowerState
2021-08-24 00:16:49,925 [pool-55-thread-1] INFO  util.JmxRegister (JmxRegister.java:tryRegister(44)) - Successfully registered JMX Bean with object name Ratis:service=RaftServer,group=group-B11D3147633B,id=298128a7-05d4-41f3-a630-0ff919e37e97
2021-08-24 00:16:49,945 [Command processor thread] INFO  ratis.XceiverServerRatis (XceiverServerRatis.java:addGroup(763)) - Created group PipelineID=68400ba6-9c23-419a-8ec1-b11d3147633b
2021-08-24 00:16:49,945 [Command processor thread] INFO  commandhandler.CreatePipelineCommandHandler (CreatePipelineCommandHandler.java:handle(106)) - Created Pipeline RATIS ONE PipelineID=68400ba6-9c23-419a-8ec1-b11d3147633b.
2021-08-24 00:16:49,946 [Command processor thread] INFO  server.RaftServer (RaftServerProxy.java:addNew(95)) - 298128a7-05d4-41f3-a630-0ff919e37e97: addNew group-62AD16E7A214:[ab986f2b-b69b-40e1-bbf9-db456b5b224c|rpc:10.1.0.66:39351|priority:1, cf2b9c68-f8e7-4117-9e58-753acb5b2330|rpc:10.1.0.66:39703|priority:0, 298128a7-05d4-41f3-a630-0ff919e37e97|rpc:10.1.0.66:34767|priority:0] returns group-62AD16E7A214:java.util.concurrent.CompletableFuture@16d5c613[Not completed]
2021-08-24 00:16:49,961 [pool-55-thread-1] INFO  server.RaftServer$Division (RaftServerImpl.java:<init>(181)) - 298128a7-05d4-41f3-a630-0ff919e37e97: new RaftServerImpl for group-62AD16E7A214:[ab986f2b-b69b-40e1-bbf9-db456b5b224c|rpc:10.1.0.66:39351|priority:1, cf2b9c68-f8e7-4117-9e58-753acb5b2330|rpc:10.1.0.66:39703|priority:0, 298128a7-05d4-41f3-a630-0ff919e37e97|rpc:10.1.0.66:34767|priority:0] with ContainerStateMachine:uninitialized
2021-08-24 00:16:49,961 [pool-55-thread-1] INFO  server.RaftServerConfigKeys (ConfUtils.java:logGet(44)) - raft.server.rpc.timeout.min = 5s (custom)
2021-08-24 00:16:49,961 [pool-55-thread-1] INFO  server.RaftServerConfigKeys (ConfUtils.java:logGet(44)) - raft.server.rpc.timeout.max = 5200ms (custom)
2021-08-24 00:16:49,961 [pool-55-thread-1] INFO  server.RaftServerConfigKeys (ConfUtils.java:logGet(44)) - raft.server.rpc.sleep.time = 25ms (default)
2021-08-24 00:16:49,962 [pool-55-thread-1] INFO  server.RaftServerConfigKeys (ConfUtils.java:logGet(44)) - raft.server.rpc.slowness.timeout = 1000000ms (custom)
2021-08-24 00:16:49,962 [pool-55-thread-1] INFO  server.RaftServerConfigKeys (ConfUtils.java:logGet(44)) - raft.server.leaderelection.leader.step-down.wait-time = 10s (default)
2021-08-24 00:16:49,962 [pool-55-thread-1] INFO  server.RaftServerConfigKeys (ConfUtils.java:logGet(44)) - raft.server.sleep.deviation.threshold = 300ms (default)
2021-08-24 00:16:49,962 [pool-55-thread-1] INFO  server.RaftServerConfigKeys (ConfUtils.java:logGet(44)) - raft.server.log.appender.install.snapshot.enabled = false (custom)
2021-08-24 00:16:49,962 [pool-55-thread-1] INFO  server.RaftServer$Division (ServerState.java:<init>(105)) - 298128a7-05d4-41f3-a630-0ff919e37e97@group-62AD16E7A214: ConfigurationManager, init=-1: [ab986f2b-b69b-40e1-bbf9-db456b5b224c|rpc:10.1.0.66:39351|priority:1, cf2b9c68-f8e7-4117-9e58-753acb5b2330|rpc:10.1.0.66:39703|priority:0, 298128a7-05d4-41f3-a630-0ff919e37e97|rpc:10.1.0.66:34767|priority:0], old=null, confs=<EMPTY_MAP>
2021-08-24 00:16:49,962 [pool-55-thread-1] INFO  server.RaftServerConfigKeys (ConfUtils.java:logGet(44)) - raft.server.storage.dir = [/home/runner/work/ozone/ozone/hadoop-ozone/integration-test/target/test-dir/MiniOzoneClusterImpl-f2f09f11-e894-4079-b4a5-42fcd7f084ef/datanode-0/data/ratis] (custom)
2021-08-24 00:16:49,962 [pool-55-thread-1] INFO  server.RaftServerConfigKeys (ConfUtils.java:logGet(44)) - raft.server.log.corruption.policy = EXCEPTION (default)
2021-08-24 00:16:49,962 [pool-55-thread-1] INFO  server.RaftServerConfigKeys (ConfUtils.java:logGet(44)) - raft.server.storage.free-space.min = 0MB (=0) (default)
2021-08-24 00:16:49,963 [pool-55-thread-1] INFO  storage.RaftStorageDirectory (RaftStorageDirectoryImpl.java:analyzeStorage(135)) - The storage directory /home/runner/work/ozone/ozone/hadoop-ozone/integration-test/target/test-dir/MiniOzoneClusterImpl-f2f09f11-e894-4079-b4a5-42fcd7f084ef/datanode-0/data/ratis/e02eff1f-5132-4c2d-96e7-62ad16e7a214 does not exist. Creating ...
2021-08-24 00:16:49,971 [pool-55-thread-1] INFO  storage.RaftStorageDirectory (RaftStorageDirectoryImpl.java:tryLock(230)) - Lock on /home/runner/work/ozone/ozone/hadoop-ozone/integration-test/target/test-dir/MiniOzoneClusterImpl-f2f09f11-e894-4079-b4a5-42fcd7f084ef/datanode-0/data/ratis/e02eff1f-5132-4c2d-96e7-62ad16e7a214/in_use.lock acquired by nodename 5959@fv-az116-235
2021-08-24 00:16:49,975 [pool-55-thread-1] INFO  storage.RaftStorage (RaftStorageImpl.java:format(89)) - Storage directory /home/runner/work/ozone/ozone/hadoop-ozone/integration-test/target/test-dir/MiniOzoneClusterImpl-f2f09f11-e894-4079-b4a5-42fcd7f084ef/datanode-0/data/ratis/e02eff1f-5132-4c2d-96e7-62ad16e7a214 has been successfully formatted.
2021-08-24 00:16:49,976 [pool-55-thread-1] INFO  ratis.ContainerStateMachine (ContainerStateMachine.java:loadSnapshot(225)) - group-62AD16E7A214: The snapshot info is null. Setting the last applied indexto:(t:0, i:~)
2021-08-24 00:16:49,976 [pool-55-thread-1] INFO  server.RaftServerConfigKeys (ConfUtils.java:logGet(44)) - raft.server.notification.no-leader.timeout = 1000000ms (custom)
2021-08-24 00:16:49,977 [pool-55-thread-1] INFO  server.RaftServerConfigKeys (ConfUtils.java:logGet(44)) - raft.server.log.use.memory = false (default)
2021-08-24 00:16:49,977 [pool-55-thread-1] INFO  server.RaftServerConfigKeys (ConfUtils.java:logGet(44)) - raft.server.log.purge.gap = 1000000 (custom)
2021-08-24 00:16:49,977 [pool-55-thread-1] INFO  server.RaftServerConfigKeys (ConfUtils.java:logGet(44)) - raft.server.log.appender.buffer.byte-limit = 33554432 (custom)
2021-08-24 00:16:49,982 [pool-55-thread-1] INFO  server.RaftServerConfigKeys (ConfUtils.java:logGet(44)) - raft.server.log.segment.size.max = 1048576 (custom)
2021-08-24 00:16:49,982 [EventQueue-OpenPipelineForHealthyPipelineSafeModeRule] INFO  safemode.SCMSafeModeManager (HealthyPipelineSafeModeRule.java:process(124)) - SCM in safe mode. Healthy pipelines reported count is 0, required healthy pipeline reported count is 1
2021-08-24 00:16:49,983 [pool-55-thread-1] INFO  server.RaftServerConfigKeys (ConfUtils.java:logGet(44)) - raft.server.log.segment.cache.num.max = 2 (custom)
2021-08-24 00:16:49,983 [pool-55-thread-1] INFO  server.RaftServerConfigKeys (ConfUtils.java:logGet(44)) - raft.server.log.segment.cache.size.max = 200MB (=209715200) (default)
2021-08-24 00:16:49,983 [pool-55-thread-1] INFO  segmented.SegmentedRaftLogWorker (SegmentedRaftLogWorker.java:<init>(182)) - new 298128a7-05d4-41f3-a630-0ff919e37e97@group-62AD16E7A214-SegmentedRaftLogWorker for RaftStorageImpl:Storage Directory /home/runner/work/ozone/ozone/hadoop-ozone/integration-test/target/test-dir/MiniOzoneClusterImpl-f2f09f11-e894-4079-b4a5-42fcd7f084ef/datanode-0/data/ratis/e02eff1f-5132-4c2d-96e7-62ad16e7a214
2021-08-24 00:16:49,983 [pool-55-thread-1] INFO  server.RaftServerConfigKeys (ConfUtils.java:logGet(44)) - raft.server.log.queue.byte-limit = 2147483647 (custom)
2021-08-24 00:16:49,983 [pool-55-thread-1] INFO  server.RaftServerConfigKeys (ConfUtils.java:logGet(44)) - raft.server.log.queue.element-limit = 1024 (custom)
2021-08-24 00:16:49,983 [pool-55-thread-1] INFO  server.RaftServerConfigKeys (ConfUtils.java:logGet(44)) - raft.server.log.segment.size.max = 1048576 (custom)
2021-08-24 00:16:49,983 [pool-55-thread-1] INFO  server.RaftServerConfigKeys (ConfUtils.java:logGet(44)) - raft.server.log.preallocated.size = 16384 (custom)
2021-08-24 00:16:49,983 [pool-55-thread-1] INFO  server.RaftServerConfigKeys (ConfUtils.java:logGet(44)) - raft.server.log.force.sync.num = 128 (default)
2021-08-24 00:16:49,983 [pool-55-thread-1] INFO  server.RaftServerConfigKeys (ConfUtils.java:logGet(44)) - raft.server.log.statemachine.data.sync = true (default)
2021-08-24 00:16:49,984 [pool-55-thread-1] INFO  server.RaftServerConfigKeys (ConfUtils.java:logGet(44)) - raft.server.log.statemachine.data.sync.timeout = 10s (default)
2021-08-24 00:16:49,984 [pool-55-thread-1] INFO  server.RaftServerConfigKeys (ConfUtils.java:logGet(44)) - raft.server.log.statemachine.data.sync.timeout.retry = -1 (default)
2021-08-24 00:16:49,992 [pool-55-thread-1] INFO  server.RaftServerConfigKeys (ConfUtils.java:logGet(44)) - raft.server.log.write.buffer.size = 1048576 (custom)
2021-08-24 00:16:49,993 [pool-55-thread-1] INFO  server.RaftServerConfigKeys (ConfUtils.java:logGet(44)) - raft.server.log.statemachine.data.caching.enabled = true (custom)
2021-08-24 00:16:49,993 [pool-55-thread-1] INFO  segmented.SegmentedRaftLogWorker (SegmentedRaftLogWorker.java:lambda$new$0(133)) - 298128a7-05d4-41f3-a630-0ff919e37e97@group-62AD16E7A214-SegmentedRaftLogWorker: flushIndex: setUnconditionally 0 -> -1
2021-08-24 00:16:49,993 [pool-55-thread-1] INFO  segmented.SegmentedRaftLogWorker (SegmentedRaftLogWorker.java:lambda$new$0(133)) - 298128a7-05d4-41f3-a630-0ff919e37e97@group-62AD16E7A214-SegmentedRaftLogWorker: safeCacheEvictIndex: setUnconditionally 0 -> -1
2021-08-24 00:16:49,998 [pool-55-thread-1] INFO  server.RaftServerConfigKeys (ConfUtils.java:logGet(44)) - raft.server.snapshot.auto.trigger.enabled = true (custom)
2021-08-24 00:16:49,999 [pool-55-thread-1] INFO  server.RaftServerConfigKeys (ConfUtils.java:logGet(44)) - raft.server.snapshot.auto.trigger.threshold = 10000 (custom)
2021-08-24 00:16:49,999 [pool-55-thread-1] INFO  server.RaftServerConfigKeys (ConfUtils.java:logGet(44)) - raft.server.snapshot.retention.file.num = 5 (custom)
2021-08-24 00:16:49,999 [pool-55-thread-1] INFO  server.RaftServerConfigKeys (ConfUtils.java:logGet(44)) - raft.server.log.purge.upto.snapshot.index = false (default)
2021-08-24 00:16:49,999 [pool-55-thread-1] INFO  server.RaftServerConfigKeys (ConfUtils.java:logGet(44)) - raft.server.retrycache.expirytime = 600000ms (custom)
2021-08-24 00:16:49,999 [pool-55-thread-1] INFO  server.RaftServerConfigKeys (ConfUtils.java:logGet(44)) - raft.server.retrycache.statistics.expirytime = 100μs (default)
2021-08-24 00:16:50,000 [pool-55-thread-1] INFO  server.RaftServer$Division (RaftServerImpl.java:start(296)) - 298128a7-05d4-41f3-a630-0ff919e37e97@group-62AD16E7A214: start as a follower, conf=-1: [ab986f2b-b69b-40e1-bbf9-db456b5b224c|rpc:10.1.0.66:39351|priority:1, cf2b9c68-f8e7-4117-9e58-753acb5b2330|rpc:10.1.0.66:39703|priority:0, 298128a7-05d4-41f3-a630-0ff919e37e97|rpc:10.1.0.66:34767|priority:0], old=null
2021-08-24 00:16:50,001 [pool-55-thread-1] INFO  server.RaftServer$Division (RaftServerImpl.java:setRole(285)) - 298128a7-05d4-41f3-a630-0ff919e37e97@group-62AD16E7A214: changes role from      null to FOLLOWER at term 0 for startAsFollower
2021-08-24 00:16:50,001 [pool-55-thread-1] INFO  impl.RoleInfo (RoleInfo.java:updateAndGet(130)) - 298128a7-05d4-41f3-a630-0ff919e37e97: start 298128a7-05d4-41f3-a630-0ff919e37e97@group-62AD16E7A214-FollowerState
2021-08-24 00:16:50,016 [pool-55-thread-1] INFO  util.JmxRegister (JmxRegister.java:tryRegister(44)) - Successfully registered JMX Bean with object name Ratis:service=RaftServer,group=group-62AD16E7A214,id=298128a7-05d4-41f3-a630-0ff919e37e97
2021-08-24 00:16:50,018 [Command processor thread] INFO  ratis.XceiverServerRatis (XceiverServerRatis.java:addGroup(763)) - Created group PipelineID=e02eff1f-5132-4c2d-96e7-62ad16e7a214
2021-08-24 00:16:50,145 [Command processor thread] INFO  server.RaftServer (RaftServerProxy.java:addNew(95)) - cf2b9c68-f8e7-4117-9e58-753acb5b2330: addNew group-410A12A5B321:[cf2b9c68-f8e7-4117-9e58-753acb5b2330|rpc:10.1.0.66:39703|priority:1] returns group-410A12A5B321:java.util.concurrent.CompletableFuture@117d212d[Not completed]
2021-08-24 00:16:50,151 [pool-74-thread-1] INFO  server.RaftServer$Division (RaftServerImpl.java:<init>(181)) - cf2b9c68-f8e7-4117-9e58-753acb5b2330: new RaftServerImpl for group-410A12A5B321:[cf2b9c68-f8e7-4117-9e58-753acb5b2330|rpc:10.1.0.66:39703|priority:1] with ContainerStateMachine:uninitialized
2021-08-24 00:16:50,152 [pool-74-thread-1] INFO  server.RaftServerConfigKeys (ConfUtils.java:logGet(44)) - raft.server.rpc.timeout.min = 5s (custom)
2021-08-24 00:16:50,152 [pool-74-thread-1] INFO  server.RaftServerConfigKeys (ConfUtils.java:logGet(44)) - raft.server.rpc.timeout.max = 5200ms (custom)
2021-08-24 00:16:50,152 [pool-74-thread-1] INFO  server.RaftServerConfigKeys (ConfUtils.java:logGet(44)) - raft.server.rpc.sleep.time = 25ms (default)
2021-08-24 00:16:50,152 [pool-74-thread-1] INFO  server.RaftServerConfigKeys (ConfUtils.java:logGet(44)) - raft.server.rpc.slowness.timeout = 1000000ms (custom)
2021-08-24 00:16:50,152 [pool-74-thread-1] INFO  server.RaftServerConfigKeys (ConfUtils.java:logGet(44)) - raft.server.leaderelection.leader.step-down.wait-time = 10s (default)
2021-08-24 00:16:50,152 [pool-74-thread-1] INFO  server.RaftServerConfigKeys (ConfUtils.java:logGet(44)) - raft.server.sleep.deviation.threshold = 300ms (default)
2021-08-24 00:16:50,152 [pool-74-thread-1] INFO  server.RaftServerConfigKeys (ConfUtils.java:logGet(44)) - raft.server.log.appender.install.snapshot.enabled = false (custom)
2021-08-24 00:16:50,152 [pool-74-thread-1] INFO  server.RaftServer$Division (ServerState.java:<init>(105)) - cf2b9c68-f8e7-4117-9e58-753acb5b2330@group-410A12A5B321: ConfigurationManager, init=-1: [cf2b9c68-f8e7-4117-9e58-753acb5b2330|rpc:10.1.0.66:39703|priority:1], old=null, confs=<EMPTY_MAP>
2021-08-24 00:16:50,152 [pool-74-thread-1] INFO  server.RaftServerConfigKeys (ConfUtils.java:logGet(44)) - raft.server.storage.dir = [/home/runner/work/ozone/ozone/hadoop-ozone/integration-test/target/test-dir/MiniOzoneClusterImpl-f2f09f11-e894-4079-b4a5-42fcd7f084ef/datanode-1/data/ratis] (custom)
2021-08-24 00:16:50,153 [pool-74-thread-1] INFO  server.RaftServerConfigKeys (ConfUtils.java:logGet(44)) - raft.server.log.corruption.policy = EXCEPTION (default)
2021-08-24 00:16:50,153 [pool-74-thread-1] INFO  server.RaftServerConfigKeys (ConfUtils.java:logGet(44)) - raft.server.storage.free-space.min = 0MB (=0) (default)
2021-08-24 00:16:50,153 [pool-74-thread-1] INFO  storage.RaftStorageDirectory (RaftStorageDirectoryImpl.java:analyzeStorage(135)) - The storage directory /home/runner/work/ozone/ozone/hadoop-ozone/integration-test/target/test-dir/MiniOzoneClusterImpl-f2f09f11-e894-4079-b4a5-42fcd7f084ef/datanode-1/data/ratis/a2fa908a-c236-485b-b3ee-410a12a5b321 does not exist. Creating ...
2021-08-24 00:16:50,154 [pool-74-thread-1] INFO  storage.RaftStorageDirectory (RaftStorageDirectoryImpl.java:tryLock(230)) - Lock on /home/runner/work/ozone/ozone/hadoop-ozone/integration-test/target/test-dir/MiniOzoneClusterImpl-f2f09f11-e894-4079-b4a5-42fcd7f084ef/datanode-1/data/ratis/a2fa908a-c236-485b-b3ee-410a12a5b321/in_use.lock acquired by nodename 5959@fv-az116-235
2021-08-24 00:16:50,157 [pool-74-thread-1] INFO  storage.RaftStorage (RaftStorageImpl.java:format(89)) - Storage directory /home/runner/work/ozone/ozone/hadoop-ozone/integration-test/target/test-dir/MiniOzoneClusterImpl-f2f09f11-e894-4079-b4a5-42fcd7f084ef/datanode-1/data/ratis/a2fa908a-c236-485b-b3ee-410a12a5b321 has been successfully formatted.
2021-08-24 00:16:50,160 [EventQueue-PipelineReportForPipelineReportHandler] INFO  pipeline.PipelineManagerImpl (PipelineManagerImpl.java:openPipeline(283)) - Pipeline Pipeline[ Id: a2fa908a-c236-485b-b3ee-410a12a5b321, Nodes: cf2b9c68-f8e7-4117-9e58-753acb5b2330{ip: 10.1.0.66, host: fv-az116-235.vzw04321ajxubdbcnpick5nqva.xx.internal.cloudapp.net, ports: [REPLICATION=45881, RATIS=39703, RATIS_ADMIN=39703, RATIS_SERVER=39703, STANDALONE=45729], networkLocation: /default-rack, certSerialId: null, persistedOpState: IN_SERVICE, persistedOpStateExpiryEpochSec: 0}, ReplicationConfig: RATIS/ONE, State:ALLOCATED, leaderId:cf2b9c68-f8e7-4117-9e58-753acb5b2330, CreationTimestamp2021-08-24T00:16:47.150Z[Etc/UTC]] moved to OPEN state
2021-08-24 00:16:50,161 [EventQueue-OpenPipelineForHealthyPipelineSafeModeRule] INFO  safemode.SCMSafeModeManager (HealthyPipelineSafeModeRule.java:process(124)) - SCM in safe mode. Healthy pipelines reported count is 0, required healthy pipeline reported count is 1
2021-08-24 00:16:50,168 [pool-74-thread-1] INFO  ratis.ContainerStateMachine (ContainerStateMachine.java:loadSnapshot(225)) - group-410A12A5B321: The snapshot info is null. Setting the last applied indexto:(t:0, i:~)
2021-08-24 00:16:50,181 [pool-74-thread-1] INFO  server.RaftServerConfigKeys (ConfUtils.java:logGet(44)) - raft.server.notification.no-leader.timeout = 1000000ms (custom)
2021-08-24 00:16:50,181 [pool-74-thread-1] INFO  server.RaftServerConfigKeys (ConfUtils.java:logGet(44)) - raft.server.log.use.memory = false (default)
2021-08-24 00:16:50,181 [pool-74-thread-1] INFO  server.RaftServerConfigKeys (ConfUtils.java:logGet(44)) - raft.server.log.purge.gap = 1000000 (custom)
2021-08-24 00:16:50,181 [pool-74-thread-1] INFO  server.RaftServerConfigKeys (ConfUtils.java:logGet(44)) - raft.server.log.appender.buffer.byte-limit = 33554432 (custom)
2021-08-24 00:16:50,181 [pool-74-thread-1] INFO  server.RaftServerConfigKeys (ConfUtils.java:logGet(44)) - raft.server.log.segment.size.max = 1048576 (custom)
2021-08-24 00:16:50,182 [pool-74-thread-1] INFO  server.RaftServerConfigKeys (ConfUtils.java:logGet(44)) - raft.server.log.segment.cache.num.max = 2 (custom)
2021-08-24 00:16:50,182 [pool-74-thread-1] INFO  server.RaftServerConfigKeys (ConfUtils.java:logGet(44)) - raft.server.log.segment.cache.size.max = 200MB (=209715200) (default)
2021-08-24 00:16:50,182 [pool-74-thread-1] INFO  segmented.SegmentedRaftLogWorker (SegmentedRaftLogWorker.java:<init>(182)) - new cf2b9c68-f8e7-4117-9e58-753acb5b2330@group-410A12A5B321-SegmentedRaftLogWorker for RaftStorageImpl:Storage Directory /home/runner/work/ozone/ozone/hadoop-ozone/integration-test/target/test-dir/MiniOzoneClusterImpl-f2f09f11-e894-4079-b4a5-42fcd7f084ef/datanode-1/data/ratis/a2fa908a-c236-485b-b3ee-410a12a5b321
2021-08-24 00:16:50,182 [pool-74-thread-1] INFO  server.RaftServerConfigKeys (ConfUtils.java:logGet(44)) - raft.server.log.queue.byte-limit = 2147483647 (custom)
2021-08-24 00:16:50,182 [pool-74-thread-1] INFO  server.RaftServerConfigKeys (ConfUtils.java:logGet(44)) - raft.server.log.queue.element-limit = 1024 (custom)
2021-08-24 00:16:50,182 [pool-74-thread-1] INFO  server.RaftServerConfigKeys (ConfUtils.java:logGet(44)) - raft.server.log.segment.size.max = 1048576 (custom)
2021-08-24 00:16:50,183 [pool-74-thread-1] INFO  server.RaftServerConfigKeys (ConfUtils.java:logGet(44)) - raft.server.log.preallocated.size = 16384 (custom)
2021-08-24 00:16:50,183 [pool-74-thread-1] INFO  server.RaftServerConfigKeys (ConfUtils.java:logGet(44)) - raft.server.log.force.sync.num = 128 (default)
2021-08-24 00:16:50,183 [pool-74-thread-1] INFO  server.RaftServerConfigKeys (ConfUtils.java:logGet(44)) - raft.server.log.statemachine.data.sync = true (default)
2021-08-24 00:16:50,183 [pool-74-thread-1] INFO  server.RaftServerConfigKeys (ConfUtils.java:logGet(44)) - raft.server.log.statemachine.data.sync.timeout = 10s (default)
2021-08-24 00:16:50,183 [pool-74-thread-1] INFO  server.RaftServerConfigKeys (ConfUtils.java:logGet(44)) - raft.server.log.statemachine.data.sync.timeout.retry = -1 (default)
2021-08-24 00:16:50,184 [pool-74-thread-1] INFO  server.RaftServerConfigKeys (ConfUtils.java:logGet(44)) - raft.server.log.write.buffer.size = 1048576 (custom)
2021-08-24 00:16:50,185 [pool-74-thread-1] INFO  server.RaftServerConfigKeys (ConfUtils.java:logGet(44)) - raft.server.log.statemachine.data.caching.enabled = true (custom)
2021-08-24 00:16:50,185 [pool-74-thread-1] INFO  segmented.SegmentedRaftLogWorker (SegmentedRaftLogWorker.java:lambda$new$0(133)) - cf2b9c68-f8e7-4117-9e58-753acb5b2330@group-410A12A5B321-SegmentedRaftLogWorker: flushIndex: setUnconditionally 0 -> -1
2021-08-24 00:16:50,185 [pool-74-thread-1] INFO  segmented.SegmentedRaftLogWorker (SegmentedRaftLogWorker.java:lambda$new$0(133)) - cf2b9c68-f8e7-4117-9e58-753acb5b2330@group-410A12A5B321-SegmentedRaftLogWorker: safeCacheEvictIndex: setUnconditionally 0 -> -1
2021-08-24 00:16:50,186 [pool-74-thread-1] INFO  server.RaftServerConfigKeys (ConfUtils.java:logGet(44)) - raft.server.snapshot.auto.trigger.enabled = true (custom)
2021-08-24 00:16:50,186 [pool-74-thread-1] INFO  server.RaftServerConfigKeys (ConfUtils.java:logGet(44)) - raft.server.snapshot.auto.trigger.threshold = 10000 (custom)
2021-08-24 00:16:50,186 [pool-74-thread-1] INFO  server.RaftServerConfigKeys (ConfUtils.java:logGet(44)) - raft.server.snapshot.retention.file.num = 5 (custom)
2021-08-24 00:16:50,186 [pool-74-thread-1] INFO  server.RaftServerConfigKeys (ConfUtils.java:logGet(44)) - raft.server.log.purge.upto.snapshot.index = false (default)
2021-08-24 00:16:50,187 [pool-74-thread-1] INFO  server.RaftServerConfigKeys (ConfUtils.java:logGet(44)) - raft.server.retrycache.expirytime = 600000ms (custom)
2021-08-24 00:16:50,187 [pool-74-thread-1] INFO  server.RaftServerConfigKeys (ConfUtils.java:logGet(44)) - raft.server.retrycache.statistics.expirytime = 100μs (default)
2021-08-24 00:16:50,191 [pool-74-thread-1] INFO  server.RaftServer$Division (RaftServerImpl.java:start(296)) - cf2b9c68-f8e7-4117-9e58-753acb5b2330@group-410A12A5B321: start as a follower, conf=-1: [cf2b9c68-f8e7-4117-9e58-753acb5b2330|rpc:10.1.0.66:39703|priority:1], old=null
2021-08-24 00:16:50,191 [pool-74-thread-1] INFO  server.RaftServer$Division (RaftServerImpl.java:setRole(285)) - cf2b9c68-f8e7-4117-9e58-753acb5b2330@group-410A12A5B321: changes role from      null to FOLLOWER at term 0 for startAsFollower
2021-08-24 00:16:50,198 [pool-74-thread-1] INFO  impl.RoleInfo (RoleInfo.java:updateAndGet(130)) - cf2b9c68-f8e7-4117-9e58-753acb5b2330: start cf2b9c68-f8e7-4117-9e58-753acb5b2330@group-410A12A5B321-FollowerState
2021-08-24 00:16:50,202 [pool-74-thread-1] INFO  util.JmxRegister (JmxRegister.java:tryRegister(44)) - Successfully registered JMX Bean with object name Ratis:service=RaftServer,group=group-410A12A5B321,id=cf2b9c68-f8e7-4117-9e58-753acb5b2330
2021-08-24 00:16:50,205 [Command processor thread] INFO  ratis.XceiverServerRatis (XceiverServerRatis.java:addGroup(763)) - Created group PipelineID=a2fa908a-c236-485b-b3ee-410a12a5b321
2021-08-24 00:16:50,205 [Command processor thread] INFO  commandhandler.CreatePipelineCommandHandler (CreatePipelineCommandHandler.java:handle(106)) - Created Pipeline RATIS ONE PipelineID=a2fa908a-c236-485b-b3ee-410a12a5b321.
2021-08-24 00:16:50,206 [Command processor thread] INFO  server.RaftServer (RaftServerProxy.java:addNew(95)) - cf2b9c68-f8e7-4117-9e58-753acb5b2330: addNew group-62AD16E7A214:[ab986f2b-b69b-40e1-bbf9-db456b5b224c|rpc:10.1.0.66:39351|priority:1, cf2b9c68-f8e7-4117-9e58-753acb5b2330|rpc:10.1.0.66:39703|priority:0, 298128a7-05d4-41f3-a630-0ff919e37e97|rpc:10.1.0.66:34767|priority:0] returns group-62AD16E7A214:java.util.concurrent.CompletableFuture@1542a7da[Not completed]
2021-08-24 00:16:50,209 [pool-74-thread-1] INFO  server.RaftServer$Division (RaftServerImpl.java:<init>(181)) - cf2b9c68-f8e7-4117-9e58-753acb5b2330: new RaftServerImpl for group-62AD16E7A214:[ab986f2b-b69b-40e1-bbf9-db456b5b224c|rpc:10.1.0.66:39351|priority:1, cf2b9c68-f8e7-4117-9e58-753acb5b2330|rpc:10.1.0.66:39703|priority:0, 298128a7-05d4-41f3-a630-0ff919e37e97|rpc:10.1.0.66:34767|priority:0] with ContainerStateMachine:uninitialized
2021-08-24 00:16:50,209 [pool-74-thread-1] INFO  server.RaftServerConfigKeys (ConfUtils.java:logGet(44)) - raft.server.rpc.timeout.min = 5s (custom)
2021-08-24 00:16:50,209 [pool-74-thread-1] INFO  server.RaftServerConfigKeys (ConfUtils.java:logGet(44)) - raft.server.rpc.timeout.max = 5200ms (custom)
2021-08-24 00:16:50,209 [pool-74-thread-1] INFO  server.RaftServerConfigKeys (ConfUtils.java:logGet(44)) - raft.server.rpc.sleep.time = 25ms (default)
2021-08-24 00:16:50,209 [pool-74-thread-1] INFO  server.RaftServerConfigKeys (ConfUtils.java:logGet(44)) - raft.server.rpc.slowness.timeout = 1000000ms (custom)
2021-08-24 00:16:50,209 [pool-74-thread-1] INFO  server.RaftServerConfigKeys (ConfUtils.java:logGet(44)) - raft.server.leaderelection.leader.step-down.wait-time = 10s (default)
2021-08-24 00:16:50,209 [pool-74-thread-1] INFO  server.RaftServerConfigKeys (ConfUtils.java:logGet(44)) - raft.server.sleep.deviation.threshold = 300ms (default)
2021-08-24 00:16:50,209 [pool-74-thread-1] INFO  server.RaftServerConfigKeys (ConfUtils.java:logGet(44)) - raft.server.log.appender.install.snapshot.enabled = false (custom)
2021-08-24 00:16:50,209 [pool-74-thread-1] INFO  server.RaftServer$Division (ServerState.java:<init>(105)) - cf2b9c68-f8e7-4117-9e58-753acb5b2330@group-62AD16E7A214: ConfigurationManager, init=-1: [ab986f2b-b69b-40e1-bbf9-db456b5b224c|rpc:10.1.0.66:39351|priority:1, cf2b9c68-f8e7-4117-9e58-753acb5b2330|rpc:10.1.0.66:39703|priority:0, 298128a7-05d4-41f3-a630-0ff919e37e97|rpc:10.1.0.66:34767|priority:0], old=null, confs=<EMPTY_MAP>
2021-08-24 00:16:50,209 [pool-74-thread-1] INFO  server.RaftServerConfigKeys (ConfUtils.java:logGet(44)) - raft.server.storage.dir = [/home/runner/work/ozone/ozone/hadoop-ozone/integration-test/target/test-dir/MiniOzoneClusterImpl-f2f09f11-e894-4079-b4a5-42fcd7f084ef/datanode-1/data/ratis] (custom)
2021-08-24 00:16:50,209 [pool-74-thread-1] INFO  server.RaftServerConfigKeys (ConfUtils.java:logGet(44)) - raft.server.log.corruption.policy = EXCEPTION (default)
2021-08-24 00:16:50,209 [pool-74-thread-1] INFO  server.RaftServerConfigKeys (ConfUtils.java:logGet(44)) - raft.server.storage.free-space.min = 0MB (=0) (default)
2021-08-24 00:16:50,210 [pool-74-thread-1] INFO  storage.RaftStorageDirectory (RaftStorageDirectoryImpl.java:analyzeStorage(135)) - The storage directory /home/runner/work/ozone/ozone/hadoop-ozone/integration-test/target/test-dir/MiniOzoneClusterImpl-f2f09f11-e894-4079-b4a5-42fcd7f084ef/datanode-1/data/ratis/e02eff1f-5132-4c2d-96e7-62ad16e7a214 does not exist. Creating ...
2021-08-24 00:16:50,213 [pool-74-thread-1] INFO  storage.RaftStorageDirectory (RaftStorageDirectoryImpl.java:tryLock(230)) - Lock on /home/runner/work/ozone/ozone/hadoop-ozone/integration-test/target/test-dir/MiniOzoneClusterImpl-f2f09f11-e894-4079-b4a5-42fcd7f084ef/datanode-1/data/ratis/e02eff1f-5132-4c2d-96e7-62ad16e7a214/in_use.lock acquired by nodename 5959@fv-az116-235
2021-08-24 00:16:50,214 [pool-74-thread-1] INFO  storage.RaftStorage (RaftStorageImpl.java:format(89)) - Storage directory /home/runner/work/ozone/ozone/hadoop-ozone/integration-test/target/test-dir/MiniOzoneClusterImpl-f2f09f11-e894-4079-b4a5-42fcd7f084ef/datanode-1/data/ratis/e02eff1f-5132-4c2d-96e7-62ad16e7a214 has been successfully formatted.
2021-08-24 00:16:50,216 [EventQueue-OpenPipelineForHealthyPipelineSafeModeRule] INFO  safemode.SCMSafeModeManager (HealthyPipelineSafeModeRule.java:process(124)) - SCM in safe mode. Healthy pipelines reported count is 0, required healthy pipeline reported count is 1
2021-08-24 00:16:50,216 [pool-74-thread-1] INFO  ratis.ContainerStateMachine (ContainerStateMachine.java:loadSnapshot(225)) - group-62AD16E7A214: The snapshot info is null. Setting the last applied indexto:(t:0, i:~)
2021-08-24 00:16:50,216 [pool-74-thread-1] INFO  server.RaftServerConfigKeys (ConfUtils.java:logGet(44)) - raft.server.notification.no-leader.timeout = 1000000ms (custom)
2021-08-24 00:16:50,217 [pool-74-thread-1] INFO  server.RaftServerConfigKeys (ConfUtils.java:logGet(44)) - raft.server.log.use.memory = false (default)
2021-08-24 00:16:50,217 [pool-74-thread-1] INFO  server.RaftServerConfigKeys (ConfUtils.java:logGet(44)) - raft.server.log.purge.gap = 1000000 (custom)
2021-08-24 00:16:50,217 [pool-74-thread-1] INFO  server.RaftServerConfigKeys (ConfUtils.java:logGet(44)) - raft.server.log.appender.buffer.byte-limit = 33554432 (custom)
2021-08-24 00:16:50,217 [pool-74-thread-1] INFO  server.RaftServerConfigKeys (ConfUtils.java:logGet(44)) - raft.server.log.segment.size.max = 1048576 (custom)
2021-08-24 00:16:50,218 [pool-74-thread-1] INFO  server.RaftServerConfigKeys (ConfUtils.java:logGet(44)) - raft.server.log.segment.cache.num.max = 2 (custom)
2021-08-24 00:16:50,218 [pool-74-thread-1] INFO  server.RaftServerConfigKeys (ConfUtils.java:logGet(44)) - raft.server.log.segment.cache.size.max = 200MB (=209715200) (default)
2021-08-24 00:16:50,218 [pool-74-thread-1] INFO  segmented.SegmentedRaftLogWorker (SegmentedRaftLogWorker.java:<init>(182)) - new cf2b9c68-f8e7-4117-9e58-753acb5b2330@group-62AD16E7A214-SegmentedRaftLogWorker for RaftStorageImpl:Storage Directory /home/runner/work/ozone/ozone/hadoop-ozone/integration-test/target/test-dir/MiniOzoneClusterImpl-f2f09f11-e894-4079-b4a5-42fcd7f084ef/datanode-1/data/ratis/e02eff1f-5132-4c2d-96e7-62ad16e7a214
2021-08-24 00:16:50,218 [pool-74-thread-1] INFO  server.RaftServerConfigKeys (ConfUtils.java:logGet(44)) - raft.server.log.queue.byte-limit = 2147483647 (custom)
2021-08-24 00:16:50,218 [pool-74-thread-1] INFO  server.RaftServerConfigKeys (ConfUtils.java:logGet(44)) - raft.server.log.queue.element-limit = 1024 (custom)
2021-08-24 00:16:50,218 [pool-74-thread-1] INFO  server.RaftServerConfigKeys (ConfUtils.java:logGet(44)) - raft.server.log.segment.size.max = 1048576 (custom)
2021-08-24 00:16:50,219 [pool-74-thread-1] INFO  server.RaftServerConfigKeys (ConfUtils.java:logGet(44)) - raft.server.log.preallocated.size = 16384 (custom)
2021-08-24 00:16:50,219 [pool-74-thread-1] INFO  server.RaftServerConfigKeys (ConfUtils.java:logGet(44)) - raft.server.log.force.sync.num = 128 (default)
2021-08-24 00:16:50,219 [pool-74-thread-1] INFO  server.RaftServerConfigKeys (ConfUtils.java:logGet(44)) - raft.server.log.statemachine.data.sync = true (default)
2021-08-24 00:16:50,219 [pool-74-thread-1] INFO  server.RaftServerConfigKeys (ConfUtils.java:logGet(44)) - raft.server.log.statemachine.data.sync.timeout = 10s (default)
2021-08-24 00:16:50,219 [pool-74-thread-1] INFO  server.RaftServerConfigKeys (ConfUtils.java:logGet(44)) - raft.server.log.statemachine.data.sync.timeout.retry = -1 (default)
2021-08-24 00:16:50,221 [pool-74-thread-1] INFO  server.RaftServerConfigKeys (ConfUtils.java:logGet(44)) - raft.server.log.write.buffer.size = 1048576 (custom)
2021-08-24 00:16:50,222 [pool-74-thread-1] INFO  server.RaftServerConfigKeys (ConfUtils.java:logGet(44)) - raft.server.log.statemachine.data.caching.enabled = true (custom)
2021-08-24 00:16:50,222 [pool-74-thread-1] INFO  segmented.SegmentedRaftLogWorker (SegmentedRaftLogWorker.java:lambda$new$0(133)) - cf2b9c68-f8e7-4117-9e58-753acb5b2330@group-62AD16E7A214-SegmentedRaftLogWorker: flushIndex: setUnconditionally 0 -> -1
2021-08-24 00:16:50,222 [pool-74-thread-1] INFO  segmented.SegmentedRaftLogWorker (SegmentedRaftLogWorker.java:lambda$new$0(133)) - cf2b9c68-f8e7-4117-9e58-753acb5b2330@group-62AD16E7A214-SegmentedRaftLogWorker: safeCacheEvictIndex: setUnconditionally 0 -> -1
2021-08-24 00:16:50,222 [pool-74-thread-1] INFO  server.RaftServerConfigKeys (ConfUtils.java:logGet(44)) - raft.server.snapshot.auto.trigger.enabled = true (custom)
2021-08-24 00:16:50,222 [pool-74-thread-1] INFO  server.RaftServerConfigKeys (ConfUtils.java:logGet(44)) - raft.server.snapshot.auto.trigger.threshold = 10000 (custom)
2021-08-24 00:16:50,222 [pool-74-thread-1] INFO  server.RaftServerConfigKeys (ConfUtils.java:logGet(44)) - raft.server.snapshot.retention.file.num = 5 (custom)
2021-08-24 00:16:50,222 [pool-74-thread-1] INFO  server.RaftServerConfigKeys (ConfUtils.java:logGet(44)) - raft.server.log.purge.upto.snapshot.index = false (default)
2021-08-24 00:16:50,223 [pool-74-thread-1] INFO  server.RaftServerConfigKeys (ConfUtils.java:logGet(44)) - raft.server.retrycache.expirytime = 600000ms (custom)
2021-08-24 00:16:50,223 [pool-74-thread-1] INFO  server.RaftServerConfigKeys (ConfUtils.java:logGet(44)) - raft.server.retrycache.statistics.expirytime = 100μs (default)
2021-08-24 00:16:50,224 [pool-74-thread-1] INFO  server.RaftServer$Division (RaftServerImpl.java:start(296)) - cf2b9c68-f8e7-4117-9e58-753acb5b2330@group-62AD16E7A214: start as a follower, conf=-1: [ab986f2b-b69b-40e1-bbf9-db456b5b224c|rpc:10.1.0.66:39351|priority:1, cf2b9c68-f8e7-4117-9e58-753acb5b2330|rpc:10.1.0.66:39703|priority:0, 298128a7-05d4-41f3-a630-0ff919e37e97|rpc:10.1.0.66:34767|priority:0], old=null
2021-08-24 00:16:50,224 [pool-74-thread-1] INFO  server.RaftServer$Division (RaftServerImpl.java:setRole(285)) - cf2b9c68-f8e7-4117-9e58-753acb5b2330@group-62AD16E7A214: changes role from      null to FOLLOWER at term 0 for startAsFollower
2021-08-24 00:16:50,224 [pool-74-thread-1] INFO  impl.RoleInfo (RoleInfo.java:updateAndGet(130)) - cf2b9c68-f8e7-4117-9e58-753acb5b2330: start cf2b9c68-f8e7-4117-9e58-753acb5b2330@group-62AD16E7A214-FollowerState
2021-08-24 00:16:50,229 [pool-74-thread-1] INFO  util.JmxRegister (JmxRegister.java:tryRegister(44)) - Successfully registered JMX Bean with object name Ratis:service=RaftServer,group=group-62AD16E7A214,id=cf2b9c68-f8e7-4117-9e58-753acb5b2330
2021-08-24 00:16:50,230 [Command processor thread] INFO  ratis.XceiverServerRatis (XceiverServerRatis.java:addGroup(763)) - Created group PipelineID=e02eff1f-5132-4c2d-96e7-62ad16e7a214
2021-08-24 00:16:50,369 [Listener at 127.0.0.1/37475] INFO  ozone.MiniOzoneClusterImpl (MiniOzoneClusterImpl.java:lambda$waitForClusterToBeReady$0(235)) - Nodes are ready. Got 3 of 3 DN Heartbeats.
2021-08-24 00:16:50,369 [Listener at 127.0.0.1/37475] INFO  ozone.MiniOzoneClusterImpl (MiniOzoneClusterImpl.java:lambda$waitForClusterToBeReady$0(238)) - Waiting for cluster to exit safe mode
2021-08-24 00:16:50,369 [Listener at 127.0.0.1/37475] INFO  ozone.MiniOzoneClusterImpl (MiniOzoneClusterImpl.java:lambda$waitForClusterToBeReady$0(240)) - SCM became leader
2021-08-24 00:16:50,389 [Command processor thread] INFO  server.RaftServer (RaftServerProxy.java:addNew(95)) - ab986f2b-b69b-40e1-bbf9-db456b5b224c: addNew group-9F95FA1D9B22:[ab986f2b-b69b-40e1-bbf9-db456b5b224c|rpc:10.1.0.66:39351|priority:1] returns group-9F95FA1D9B22:java.util.concurrent.CompletableFuture@23d991bb[Not completed]
2021-08-24 00:16:50,406 [pool-93-thread-1] INFO  server.RaftServer$Division (RaftServerImpl.java:<init>(181)) - ab986f2b-b69b-40e1-bbf9-db456b5b224c: new RaftServerImpl for group-9F95FA1D9B22:[ab986f2b-b69b-40e1-bbf9-db456b5b224c|rpc:10.1.0.66:39351|priority:1] with ContainerStateMachine:uninitialized
2021-08-24 00:16:50,406 [pool-93-thread-1] INFO  server.RaftServerConfigKeys (ConfUtils.java:logGet(44)) - raft.server.rpc.timeout.min = 5s (custom)
2021-08-24 00:16:50,406 [pool-93-thread-1] INFO  server.RaftServerConfigKeys (ConfUtils.java:logGet(44)) - raft.server.rpc.timeout.max = 5200ms (custom)
2021-08-24 00:16:50,407 [pool-93-thread-1] INFO  server.RaftServerConfigKeys (ConfUtils.java:logGet(44)) - raft.server.rpc.sleep.time = 25ms (default)
2021-08-24 00:16:50,407 [pool-93-thread-1] INFO  server.RaftServerConfigKeys (ConfUtils.java:logGet(44)) - raft.server.rpc.slowness.timeout = 1000000ms (custom)
2021-08-24 00:16:50,407 [pool-93-thread-1] INFO  server.RaftServerConfigKeys (ConfUtils.java:logGet(44)) - raft.server.leaderelection.leader.step-down.wait-time = 10s (default)
2021-08-24 00:16:50,407 [pool-93-thread-1] INFO  server.RaftServerConfigKeys (ConfUtils.java:logGet(44)) - raft.server.sleep.deviation.threshold = 300ms (default)
2021-08-24 00:16:50,407 [pool-93-thread-1] INFO  server.RaftServerConfigKeys (ConfUtils.java:logGet(44)) - raft.server.log.appender.install.snapshot.enabled = false (custom)
2021-08-24 00:16:50,407 [pool-93-thread-1] INFO  server.RaftServer$Division (ServerState.java:<init>(105)) - ab986f2b-b69b-40e1-bbf9-db456b5b224c@group-9F95FA1D9B22: ConfigurationManager, init=-1: [ab986f2b-b69b-40e1-bbf9-db456b5b224c|rpc:10.1.0.66:39351|priority:1], old=null, confs=<EMPTY_MAP>
2021-08-24 00:16:50,407 [pool-93-thread-1] INFO  server.RaftServerConfigKeys (ConfUtils.java:logGet(44)) - raft.server.storage.dir = [/home/runner/work/ozone/ozone/hadoop-ozone/integration-test/target/test-dir/MiniOzoneClusterImpl-f2f09f11-e894-4079-b4a5-42fcd7f084ef/datanode-2/data/ratis] (custom)
2021-08-24 00:16:50,408 [pool-93-thread-1] INFO  server.RaftServerConfigKeys (ConfUtils.java:logGet(44)) - raft.server.log.corruption.policy = EXCEPTION (default)
2021-08-24 00:16:50,408 [pool-93-thread-1] INFO  server.RaftServerConfigKeys (ConfUtils.java:logGet(44)) - raft.server.storage.free-space.min = 0MB (=0) (default)
2021-08-24 00:16:50,408 [pool-93-thread-1] INFO  storage.RaftStorageDirectory (RaftStorageDirectoryImpl.java:analyzeStorage(135)) - The storage directory /home/runner/work/ozone/ozone/hadoop-ozone/integration-test/target/test-dir/MiniOzoneClusterImpl-f2f09f11-e894-4079-b4a5-42fcd7f084ef/datanode-2/data/ratis/61f7ade1-ff5a-406b-91be-9f95fa1d9b22 does not exist. Creating ...
2021-08-24 00:16:50,409 [pool-93-thread-1] INFO  storage.RaftStorageDirectory (RaftStorageDirectoryImpl.java:tryLock(230)) - Lock on /home/runner/work/ozone/ozone/hadoop-ozone/integration-test/target/test-dir/MiniOzoneClusterImpl-f2f09f11-e894-4079-b4a5-42fcd7f084ef/datanode-2/data/ratis/61f7ade1-ff5a-406b-91be-9f95fa1d9b22/in_use.lock acquired by nodename 5959@fv-az116-235
2021-08-24 00:16:50,421 [pool-93-thread-1] INFO  storage.RaftStorage (RaftStorageImpl.java:format(89)) - Storage directory /home/runner/work/ozone/ozone/hadoop-ozone/integration-test/target/test-dir/MiniOzoneClusterImpl-f2f09f11-e894-4079-b4a5-42fcd7f084ef/datanode-2/data/ratis/61f7ade1-ff5a-406b-91be-9f95fa1d9b22 has been successfully formatted.
2021-08-24 00:16:50,422 [pool-93-thread-1] INFO  ratis.ContainerStateMachine (ContainerStateMachine.java:loadSnapshot(225)) - group-9F95FA1D9B22: The snapshot info is null. Setting the last applied indexto:(t:0, i:~)
2021-08-24 00:16:50,423 [EventQueue-PipelineReportForPipelineReportHandler] INFO  pipeline.PipelineManagerImpl (PipelineManagerImpl.java:openPipeline(283)) - Pipeline Pipeline[ Id: 61f7ade1-ff5a-406b-91be-9f95fa1d9b22, Nodes: ab986f2b-b69b-40e1-bbf9-db456b5b224c{ip: 10.1.0.66, host: fv-az116-235.vzw04321ajxubdbcnpick5nqva.xx.internal.cloudapp.net, ports: [REPLICATION=41029, RATIS=39351, RATIS_ADMIN=39351, RATIS_SERVER=39351, STANDALONE=37727], networkLocation: /default-rack, certSerialId: null, persistedOpState: IN_SERVICE, persistedOpStateExpiryEpochSec: 0}, ReplicationConfig: RATIS/ONE, State:ALLOCATED, leaderId:ab986f2b-b69b-40e1-bbf9-db456b5b224c, CreationTimestamp2021-08-24T00:16:47.389Z[Etc/UTC]] moved to OPEN state
2021-08-24 00:16:50,424 [EventQueue-OpenPipelineForHealthyPipelineSafeModeRule] INFO  safemode.SCMSafeModeManager (HealthyPipelineSafeModeRule.java:process(124)) - SCM in safe mode. Healthy pipelines reported count is 0, required healthy pipeline reported count is 1
2021-08-24 00:16:50,424 [pool-93-thread-1] INFO  server.RaftServerConfigKeys (ConfUtils.java:logGet(44)) - raft.server.notification.no-leader.timeout = 1000000ms (custom)
2021-08-24 00:16:50,427 [pool-93-thread-1] INFO  server.RaftServerConfigKeys (ConfUtils.java:logGet(44)) - raft.server.log.use.memory = false (default)
2021-08-24 00:16:50,427 [pool-93-thread-1] INFO  server.RaftServerConfigKeys (ConfUtils.java:logGet(44)) - raft.server.log.purge.gap = 1000000 (custom)
2021-08-24 00:16:50,427 [pool-93-thread-1] INFO  server.RaftServerConfigKeys (ConfUtils.java:logGet(44)) - raft.server.log.appender.buffer.byte-limit = 33554432 (custom)
2021-08-24 00:16:50,428 [pool-93-thread-1] INFO  server.RaftServerConfigKeys (ConfUtils.java:logGet(44)) - raft.server.log.segment.size.max = 1048576 (custom)
2021-08-24 00:16:50,428 [pool-93-thread-1] INFO  server.RaftServerConfigKeys (ConfUtils.java:logGet(44)) - raft.server.log.segment.cache.num.max = 2 (custom)
2021-08-24 00:16:50,428 [pool-93-thread-1] INFO  server.RaftServerConfigKeys (ConfUtils.java:logGet(44)) - raft.server.log.segment.cache.size.max = 200MB (=209715200) (default)
2021-08-24 00:16:50,428 [pool-93-thread-1] INFO  segmented.SegmentedRaftLogWorker (SegmentedRaftLogWorker.java:<init>(182)) - new ab986f2b-b69b-40e1-bbf9-db456b5b224c@group-9F95FA1D9B22-SegmentedRaftLogWorker for RaftStorageImpl:Storage Directory /home/runner/work/ozone/ozone/hadoop-ozone/integration-test/target/test-dir/MiniOzoneClusterImpl-f2f09f11-e894-4079-b4a5-42fcd7f084ef/datanode-2/data/ratis/61f7ade1-ff5a-406b-91be-9f95fa1d9b22
2021-08-24 00:16:50,428 [pool-93-thread-1] INFO  server.RaftServerConfigKeys (ConfUtils.java:logGet(44)) - raft.server.log.queue.byte-limit = 2147483647 (custom)
2021-08-24 00:16:50,428 [pool-93-thread-1] INFO  server.RaftServerConfigKeys (ConfUtils.java:logGet(44)) - raft.server.log.queue.element-limit = 1024 (custom)
2021-08-24 00:16:50,428 [pool-93-thread-1] INFO  server.RaftServerConfigKeys (ConfUtils.java:logGet(44)) - raft.server.log.segment.size.max = 1048576 (custom)
2021-08-24 00:16:50,429 [pool-93-thread-1] INFO  server.RaftServerConfigKeys (ConfUtils.java:logGet(44)) - raft.server.log.preallocated.size = 16384 (custom)
2021-08-24 00:16:50,429 [pool-93-thread-1] INFO  server.RaftServerConfigKeys (ConfUtils.java:logGet(44)) - raft.server.log.force.sync.num = 128 (default)
2021-08-24 00:16:50,429 [pool-93-thread-1] INFO  server.RaftServerConfigKeys (ConfUtils.java:logGet(44)) - raft.server.log.statemachine.data.sync = true (default)
2021-08-24 00:16:50,429 [pool-93-thread-1] INFO  server.RaftServerConfigKeys (ConfUtils.java:logGet(44)) - raft.server.log.statemachine.data.sync.timeout = 10s (default)
2021-08-24 00:16:50,429 [pool-93-thread-1] INFO  server.RaftServerConfigKeys (ConfUtils.java:logGet(44)) - raft.server.log.statemachine.data.sync.timeout.retry = -1 (default)
2021-08-24 00:16:50,433 [pool-93-thread-1] INFO  server.RaftServerConfigKeys (ConfUtils.java:logGet(44)) - raft.server.log.write.buffer.size = 1048576 (custom)
2021-08-24 00:16:50,434 [pool-93-thread-1] INFO  server.RaftServerConfigKeys (ConfUtils.java:logGet(44)) - raft.server.log.statemachine.data.caching.enabled = true (custom)
2021-08-24 00:16:50,434 [pool-93-thread-1] INFO  segmented.SegmentedRaftLogWorker (SegmentedRaftLogWorker.java:lambda$new$0(133)) - ab986f2b-b69b-40e1-bbf9-db456b5b224c@group-9F95FA1D9B22-SegmentedRaftLogWorker: flushIndex: setUnconditionally 0 -> -1
2021-08-24 00:16:50,434 [pool-93-thread-1] INFO  segmented.SegmentedRaftLogWorker (SegmentedRaftLogWorker.java:lambda$new$0(133)) - ab986f2b-b69b-40e1-bbf9-db456b5b224c@group-9F95FA1D9B22-SegmentedRaftLogWorker: safeCacheEvictIndex: setUnconditionally 0 -> -1
2021-08-24 00:16:50,435 [pool-93-thread-1] INFO  server.RaftServerConfigKeys (ConfUtils.java:logGet(44)) - raft.server.snapshot.auto.trigger.enabled = true (custom)
2021-08-24 00:16:50,435 [pool-93-thread-1] INFO  server.RaftServerConfigKeys (ConfUtils.java:logGet(44)) - raft.server.snapshot.auto.trigger.threshold = 10000 (custom)
2021-08-24 00:16:50,435 [pool-93-thread-1] INFO  server.RaftServerConfigKeys (ConfUtils.java:logGet(44)) - raft.server.snapshot.retention.file.num = 5 (custom)
2021-08-24 00:16:50,435 [pool-93-thread-1] INFO  server.RaftServerConfigKeys (ConfUtils.java:logGet(44)) - raft.server.log.purge.upto.snapshot.index = false (default)
2021-08-24 00:16:50,435 [pool-93-thread-1] INFO  server.RaftServerConfigKeys (ConfUtils.java:logGet(44)) - raft.server.retrycache.expirytime = 600000ms (custom)
2021-08-24 00:16:50,435 [pool-93-thread-1] INFO  server.RaftServerConfigKeys (ConfUtils.java:logGet(44)) - raft.server.retrycache.statistics.expirytime = 100μs (default)
2021-08-24 00:16:50,436 [pool-93-thread-1] INFO  server.RaftServer$Division (RaftServerImpl.java:start(296)) - ab986f2b-b69b-40e1-bbf9-db456b5b224c@group-9F95FA1D9B22: start as a follower, conf=-1: [ab986f2b-b69b-40e1-bbf9-db456b5b224c|rpc:10.1.0.66:39351|priority:1], old=null
2021-08-24 00:16:50,436 [pool-93-thread-1] INFO  server.RaftServer$Division (RaftServerImpl.java:setRole(285)) - ab986f2b-b69b-40e1-bbf9-db456b5b224c@group-9F95FA1D9B22: changes role from      null to FOLLOWER at term 0 for startAsFollower
2021-08-24 00:16:50,436 [pool-93-thread-1] INFO  impl.RoleInfo (RoleInfo.java:updateAndGet(130)) - ab986f2b-b69b-40e1-bbf9-db456b5b224c: start ab986f2b-b69b-40e1-bbf9-db456b5b224c@group-9F95FA1D9B22-FollowerState
2021-08-24 00:16:50,441 [pool-93-thread-1] INFO  util.JmxRegister (JmxRegister.java:tryRegister(44)) - Successfully registered JMX Bean with object name Ratis:service=RaftServer,group=group-9F95FA1D9B22,id=ab986f2b-b69b-40e1-bbf9-db456b5b224c
2021-08-24 00:16:50,442 [Command processor thread] INFO  ratis.XceiverServerRatis (XceiverServerRatis.java:addGroup(763)) - Created group PipelineID=61f7ade1-ff5a-406b-91be-9f95fa1d9b22
2021-08-24 00:16:50,442 [Command processor thread] INFO  commandhandler.CreatePipelineCommandHandler (CreatePipelineCommandHandler.java:handle(106)) - Created Pipeline RATIS ONE PipelineID=61f7ade1-ff5a-406b-91be-9f95fa1d9b22.
2021-08-24 00:16:50,443 [Command processor thread] INFO  server.RaftServer (RaftServerProxy.java:addNew(95)) - ab986f2b-b69b-40e1-bbf9-db456b5b224c: addNew group-62AD16E7A214:[ab986f2b-b69b-40e1-bbf9-db456b5b224c|rpc:10.1.0.66:39351|priority:1, cf2b9c68-f8e7-4117-9e58-753acb5b2330|rpc:10.1.0.66:39703|priority:0, 298128a7-05d4-41f3-a630-0ff919e37e97|rpc:10.1.0.66:34767|priority:0] returns group-62AD16E7A214:java.util.concurrent.CompletableFuture@27e60118[Not completed]
2021-08-24 00:16:50,444 [pool-93-thread-1] INFO  server.RaftServer$Division (RaftServerImpl.java:<init>(181)) - ab986f2b-b69b-40e1-bbf9-db456b5b224c: new RaftServerImpl for group-62AD16E7A214:[ab986f2b-b69b-40e1-bbf9-db456b5b224c|rpc:10.1.0.66:39351|priority:1, cf2b9c68-f8e7-4117-9e58-753acb5b2330|rpc:10.1.0.66:39703|priority:0, 298128a7-05d4-41f3-a630-0ff919e37e97|rpc:10.1.0.66:34767|priority:0] with ContainerStateMachine:uninitialized
2021-08-24 00:16:50,444 [pool-93-thread-1] INFO  server.RaftServerConfigKeys (ConfUtils.java:logGet(44)) - raft.server.rpc.timeout.min = 5s (custom)
2021-08-24 00:16:50,444 [pool-93-thread-1] INFO  server.RaftServerConfigKeys (ConfUtils.java:logGet(44)) - raft.server.rpc.timeout.max = 5200ms (custom)
2021-08-24 00:16:50,444 [pool-93-thread-1] INFO  server.RaftServerConfigKeys (ConfUtils.java:logGet(44)) - raft.server.rpc.sleep.time = 25ms (default)
2021-08-24 00:16:50,444 [pool-93-thread-1] INFO  server.RaftServerConfigKeys (ConfUtils.java:logGet(44)) - raft.server.rpc.slowness.timeout = 1000000ms (custom)
2021-08-24 00:16:50,444 [pool-93-thread-1] INFO  server.RaftServerConfigKeys (ConfUtils.java:logGet(44)) - raft.server.leaderelection.leader.step-down.wait-time = 10s (default)
2021-08-24 00:16:50,445 [pool-93-thread-1] INFO  server.RaftServerConfigKeys (ConfUtils.java:logGet(44)) - raft.server.sleep.deviation.threshold = 300ms (default)
2021-08-24 00:16:50,445 [pool-93-thread-1] INFO  server.RaftServerConfigKeys (ConfUtils.java:logGet(44)) - raft.server.log.appender.install.snapshot.enabled = false (custom)
2021-08-24 00:16:50,445 [pool-93-thread-1] INFO  server.RaftServer$Division (ServerState.java:<init>(105)) - ab986f2b-b69b-40e1-bbf9-db456b5b224c@group-62AD16E7A214: ConfigurationManager, init=-1: [ab986f2b-b69b-40e1-bbf9-db456b5b224c|rpc:10.1.0.66:39351|priority:1, cf2b9c68-f8e7-4117-9e58-753acb5b2330|rpc:10.1.0.66:39703|priority:0, 298128a7-05d4-41f3-a630-0ff919e37e97|rpc:10.1.0.66:34767|priority:0], old=null, confs=<EMPTY_MAP>
2021-08-24 00:16:50,445 [pool-93-thread-1] INFO  server.RaftServerConfigKeys (ConfUtils.java:logGet(44)) - raft.server.storage.dir = [/home/runner/work/ozone/ozone/hadoop-ozone/integration-test/target/test-dir/MiniOzoneClusterImpl-f2f09f11-e894-4079-b4a5-42fcd7f084ef/datanode-2/data/ratis] (custom)
2021-08-24 00:16:50,445 [pool-93-thread-1] INFO  server.RaftServerConfigKeys (ConfUtils.java:logGet(44)) - raft.server.log.corruption.policy = EXCEPTION (default)
2021-08-24 00:16:50,445 [pool-93-thread-1] INFO  server.RaftServerConfigKeys (ConfUtils.java:logGet(44)) - raft.server.storage.free-space.min = 0MB (=0) (default)
2021-08-24 00:16:50,445 [pool-93-thread-1] INFO  storage.RaftStorageDirectory (RaftStorageDirectoryImpl.java:analyzeStorage(135)) - The storage directory /home/runner/work/ozone/ozone/hadoop-ozone/integration-test/target/test-dir/MiniOzoneClusterImpl-f2f09f11-e894-4079-b4a5-42fcd7f084ef/datanode-2/data/ratis/e02eff1f-5132-4c2d-96e7-62ad16e7a214 does not exist. Creating ...
2021-08-24 00:16:50,446 [pool-93-thread-1] INFO  storage.RaftStorageDirectory (RaftStorageDirectoryImpl.java:tryLock(230)) - Lock on /home/runner/work/ozone/ozone/hadoop-ozone/integration-test/target/test-dir/MiniOzoneClusterImpl-f2f09f11-e894-4079-b4a5-42fcd7f084ef/datanode-2/data/ratis/e02eff1f-5132-4c2d-96e7-62ad16e7a214/in_use.lock acquired by nodename 5959@fv-az116-235
2021-08-24 00:16:50,448 [pool-93-thread-1] INFO  storage.RaftStorage (RaftStorageImpl.java:format(89)) - Storage directory /home/runner/work/ozone/ozone/hadoop-ozone/integration-test/target/test-dir/MiniOzoneClusterImpl-f2f09f11-e894-4079-b4a5-42fcd7f084ef/datanode-2/data/ratis/e02eff1f-5132-4c2d-96e7-62ad16e7a214 has been successfully formatted.
2021-08-24 00:16:50,451 [EventQueue-OpenPipelineForHealthyPipelineSafeModeRule] INFO  safemode.SCMSafeModeManager (HealthyPipelineSafeModeRule.java:process(124)) - SCM in safe mode. Healthy pipelines reported count is 0, required healthy pipeline reported count is 1
2021-08-24 00:16:50,453 [pool-93-thread-1] INFO  ratis.ContainerStateMachine (ContainerStateMachine.java:loadSnapshot(225)) - group-62AD16E7A214: The snapshot info is null. Setting the last applied indexto:(t:0, i:~)
2021-08-24 00:16:50,460 [pool-93-thread-1] INFO  server.RaftServerConfigKeys (ConfUtils.java:logGet(44)) - raft.server.notification.no-leader.timeout = 1000000ms (custom)
2021-08-24 00:16:50,460 [pool-93-thread-1] INFO  server.RaftServerConfigKeys (ConfUtils.java:logGet(44)) - raft.server.log.use.memory = false (default)
2021-08-24 00:16:50,460 [pool-93-thread-1] INFO  server.RaftServerConfigKeys (ConfUtils.java:logGet(44)) - raft.server.log.purge.gap = 1000000 (custom)
2021-08-24 00:16:50,460 [pool-93-thread-1] INFO  server.RaftServerConfigKeys (ConfUtils.java:logGet(44)) - raft.server.log.appender.buffer.byte-limit = 33554432 (custom)
2021-08-24 00:16:50,460 [pool-93-thread-1] INFO  server.RaftServerConfigKeys (ConfUtils.java:logGet(44)) - raft.server.log.segment.size.max = 1048576 (custom)
2021-08-24 00:16:50,461 [pool-93-thread-1] INFO  server.RaftServerConfigKeys (ConfUtils.java:logGet(44)) - raft.server.log.segment.cache.num.max = 2 (custom)
2021-08-24 00:16:50,462 [pool-93-thread-1] INFO  server.RaftServerConfigKeys (ConfUtils.java:logGet(44)) - raft.server.log.segment.cache.size.max = 200MB (=209715200) (default)
2021-08-24 00:16:50,462 [pool-93-thread-1] INFO  segmented.SegmentedRaftLogWorker (SegmentedRaftLogWorker.java:<init>(182)) - new ab986f2b-b69b-40e1-bbf9-db456b5b224c@group-62AD16E7A214-SegmentedRaftLogWorker for RaftStorageImpl:Storage Directory /home/runner/work/ozone/ozone/hadoop-ozone/integration-test/target/test-dir/MiniOzoneClusterImpl-f2f09f11-e894-4079-b4a5-42fcd7f084ef/datanode-2/data/ratis/e02eff1f-5132-4c2d-96e7-62ad16e7a214
2021-08-24 00:16:50,462 [pool-93-thread-1] INFO  server.RaftServerConfigKeys (ConfUtils.java:logGet(44)) - raft.server.log.queue.byte-limit = 2147483647 (custom)
2021-08-24 00:16:50,462 [pool-93-thread-1] INFO  server.RaftServerConfigKeys (ConfUtils.java:logGet(44)) - raft.server.log.queue.element-limit = 1024 (custom)
2021-08-24 00:16:50,462 [pool-93-thread-1] INFO  server.RaftServerConfigKeys (ConfUtils.java:logGet(44)) - raft.server.log.segment.size.max = 1048576 (custom)
2021-08-24 00:16:50,462 [pool-93-thread-1] INFO  server.RaftServerConfigKeys (ConfUtils.java:logGet(44)) - raft.server.log.preallocated.size = 16384 (custom)
2021-08-24 00:16:50,462 [pool-93-thread-1] INFO  server.RaftServerConfigKeys (ConfUtils.java:logGet(44)) - raft.server.log.force.sync.num = 128 (default)
2021-08-24 00:16:50,462 [pool-93-thread-1] INFO  server.RaftServerConfigKeys (ConfUtils.java:logGet(44)) - raft.server.log.statemachine.data.sync = true (default)
2021-08-24 00:16:50,462 [pool-93-thread-1] INFO  server.RaftServerConfigKeys (ConfUtils.java:logGet(44)) - raft.server.log.statemachine.data.sync.timeout = 10s (default)
2021-08-24 00:16:50,462 [pool-93-thread-1] INFO  server.RaftServerConfigKeys (ConfUtils.java:logGet(44)) - raft.server.log.statemachine.data.sync.timeout.retry = -1 (default)
2021-08-24 00:16:50,463 [pool-93-thread-1] INFO  server.RaftServerConfigKeys (ConfUtils.java:logGet(44)) - raft.server.log.write.buffer.size = 1048576 (custom)
2021-08-24 00:16:50,464 [pool-93-thread-1] INFO  server.RaftServerConfigKeys (ConfUtils.java:logGet(44)) - raft.server.log.statemachine.data.caching.enabled = true (custom)
2021-08-24 00:16:50,472 [pool-93-thread-1] INFO  segmented.SegmentedRaftLogWorker (SegmentedRaftLogWorker.java:lambda$new$0(133)) - ab986f2b-b69b-40e1-bbf9-db456b5b224c@group-62AD16E7A214-SegmentedRaftLogWorker: flushIndex: setUnconditionally 0 -> -1
2021-08-24 00:16:50,472 [pool-93-thread-1] INFO  segmented.SegmentedRaftLogWorker (SegmentedRaftLogWorker.java:lambda$new$0(133)) - ab986f2b-b69b-40e1-bbf9-db456b5b224c@group-62AD16E7A214-SegmentedRaftLogWorker: safeCacheEvictIndex: setUnconditionally 0 -> -1
2021-08-24 00:16:50,477 [pool-93-thread-1] INFO  server.RaftServerConfigKeys (ConfUtils.java:logGet(44)) - raft.server.snapshot.auto.trigger.enabled = true (custom)
2021-08-24 00:16:50,477 [pool-93-thread-1] INFO  server.RaftServerConfigKeys (ConfUtils.java:logGet(44)) - raft.server.snapshot.auto.trigger.threshold = 10000 (custom)
2021-08-24 00:16:50,477 [pool-93-thread-1] INFO  server.RaftServerConfigKeys (ConfUtils.java:logGet(44)) - raft.server.snapshot.retention.file.num = 5 (custom)
2021-08-24 00:16:50,477 [pool-93-thread-1] INFO  server.RaftServerConfigKeys (ConfUtils.java:logGet(44)) - raft.server.log.purge.upto.snapshot.index = false (default)
2021-08-24 00:16:50,477 [pool-93-thread-1] INFO  server.RaftServerConfigKeys (ConfUtils.java:logGet(44)) - raft.server.retrycache.expirytime = 600000ms (custom)
2021-08-24 00:16:50,477 [pool-93-thread-1] INFO  server.RaftServerConfigKeys (ConfUtils.java:logGet(44)) - raft.server.retrycache.statistics.expirytime = 100μs (default)
2021-08-24 00:16:50,480 [pool-93-thread-1] INFO  server.RaftServer$Division (RaftServerImpl.java:start(296)) - ab986f2b-b69b-40e1-bbf9-db456b5b224c@group-62AD16E7A214: start as a follower, conf=-1: [ab986f2b-b69b-40e1-bbf9-db456b5b224c|rpc:10.1.0.66:39351|priority:1, cf2b9c68-f8e7-4117-9e58-753acb5b2330|rpc:10.1.0.66:39703|priority:0, 298128a7-05d4-41f3-a630-0ff919e37e97|rpc:10.1.0.66:34767|priority:0], old=null
2021-08-24 00:16:50,481 [pool-93-thread-1] INFO  server.RaftServer$Division (RaftServerImpl.java:setRole(285)) - ab986f2b-b69b-40e1-bbf9-db456b5b224c@group-62AD16E7A214: changes role from      null to FOLLOWER at term 0 for startAsFollower
2021-08-24 00:16:50,481 [pool-93-thread-1] INFO  impl.RoleInfo (RoleInfo.java:updateAndGet(130)) - ab986f2b-b69b-40e1-bbf9-db456b5b224c: start ab986f2b-b69b-40e1-bbf9-db456b5b224c@group-62AD16E7A214-FollowerState
2021-08-24 00:16:50,493 [pool-93-thread-1] INFO  util.JmxRegister (JmxRegister.java:tryRegister(44)) - Successfully registered JMX Bean with object name Ratis:service=RaftServer,group=group-62AD16E7A214,id=ab986f2b-b69b-40e1-bbf9-db456b5b224c
2021-08-24 00:16:50,494 [Command processor thread] INFO  ratis.XceiverServerRatis (XceiverServerRatis.java:addGroup(763)) - Created group PipelineID=e02eff1f-5132-4c2d-96e7-62ad16e7a214
2021-08-24 00:16:50,730 [Command processor thread] INFO  commandhandler.CreatePipelineCommandHandler (CreatePipelineCommandHandler.java:handle(106)) - Created Pipeline RATIS THREE PipelineID=e02eff1f-5132-4c2d-96e7-62ad16e7a214.
2021-08-24 00:16:50,742 [Command processor thread] INFO  commandhandler.CreatePipelineCommandHandler (CreatePipelineCommandHandler.java:handle(106)) - Created Pipeline RATIS THREE PipelineID=e02eff1f-5132-4c2d-96e7-62ad16e7a214.
2021-08-24 00:16:50,745 [Command processor thread] INFO  commandhandler.CreatePipelineCommandHandler (CreatePipelineCommandHandler.java:handle(106)) - Created Pipeline RATIS THREE PipelineID=e02eff1f-5132-4c2d-96e7-62ad16e7a214.
2021-08-24 00:16:51,370 [Listener at 127.0.0.1/37475] INFO  ozone.MiniOzoneClusterImpl (MiniOzoneClusterImpl.java:lambda$waitForClusterToBeReady$0(235)) - Nodes are ready. Got 3 of 3 DN Heartbeats.
2021-08-24 00:16:51,370 [Listener at 127.0.0.1/37475] INFO  ozone.MiniOzoneClusterImpl (MiniOzoneClusterImpl.java:lambda$waitForClusterToBeReady$0(238)) - Waiting for cluster to exit safe mode
2021-08-24 00:16:51,370 [Listener at 127.0.0.1/37475] INFO  ozone.MiniOzoneClusterImpl (MiniOzoneClusterImpl.java:lambda$waitForClusterToBeReady$0(240)) - SCM became leader
2021-08-24 00:16:52,370 [Listener at 127.0.0.1/37475] INFO  ozone.MiniOzoneClusterImpl (MiniOzoneClusterImpl.java:lambda$waitForClusterToBeReady$0(235)) - Nodes are ready. Got 3 of 3 DN Heartbeats.
2021-08-24 00:16:52,371 [Listener at 127.0.0.1/37475] INFO  ozone.MiniOzoneClusterImpl (MiniOzoneClusterImpl.java:lambda$waitForClusterToBeReady$0(238)) - Waiting for cluster to exit safe mode
2021-08-24 00:16:52,371 [Listener at 127.0.0.1/37475] INFO  ozone.MiniOzoneClusterImpl (MiniOzoneClusterImpl.java:lambda$waitForClusterToBeReady$0(240)) - SCM became leader
2021-08-24 00:16:53,371 [Listener at 127.0.0.1/37475] INFO  ozone.MiniOzoneClusterImpl (MiniOzoneClusterImpl.java:lambda$waitForClusterToBeReady$0(235)) - Nodes are ready. Got 3 of 3 DN Heartbeats.
2021-08-24 00:16:53,371 [Listener at 127.0.0.1/37475] INFO  ozone.MiniOzoneClusterImpl (MiniOzoneClusterImpl.java:lambda$waitForClusterToBeReady$0(238)) - Waiting for cluster to exit safe mode
2021-08-24 00:16:53,371 [Listener at 127.0.0.1/37475] INFO  ozone.MiniOzoneClusterImpl (MiniOzoneClusterImpl.java:lambda$waitForClusterToBeReady$0(240)) - SCM became leader
2021-08-24 00:16:54,371 [Listener at 127.0.0.1/37475] INFO  ozone.MiniOzoneClusterImpl (MiniOzoneClusterImpl.java:lambda$waitForClusterToBeReady$0(235)) - Nodes are ready. Got 3 of 3 DN Heartbeats.
2021-08-24 00:16:54,372 [Listener at 127.0.0.1/37475] INFO  ozone.MiniOzoneClusterImpl (MiniOzoneClusterImpl.java:lambda$waitForClusterToBeReady$0(238)) - Waiting for cluster to exit safe mode
2021-08-24 00:16:54,372 [Listener at 127.0.0.1/37475] INFO  ozone.MiniOzoneClusterImpl (MiniOzoneClusterImpl.java:lambda$waitForClusterToBeReady$0(240)) - SCM became leader
2021-08-24 00:16:55,073 [298128a7-05d4-41f3-a630-0ff919e37e97@group-B11D3147633B-FollowerState] INFO  impl.FollowerState (FollowerState.java:run(134)) - 298128a7-05d4-41f3-a630-0ff919e37e97@group-B11D3147633B-FollowerState: change to CANDIDATE, lastRpcElapsedTime:5152296234ns, electionTimeout:5148ms
2021-08-24 00:16:55,075 [298128a7-05d4-41f3-a630-0ff919e37e97@group-B11D3147633B-FollowerState] INFO  impl.RoleInfo (RoleInfo.java:shutdownFollowerState(108)) - 298128a7-05d4-41f3-a630-0ff919e37e97: shutdown 298128a7-05d4-41f3-a630-0ff919e37e97@group-B11D3147633B-FollowerState
2021-08-24 00:16:55,075 [298128a7-05d4-41f3-a630-0ff919e37e97@group-B11D3147633B-FollowerState] INFO  server.RaftServer$Division (RaftServerImpl.java:setRole(285)) - 298128a7-05d4-41f3-a630-0ff919e37e97@group-B11D3147633B: changes role from  FOLLOWER to CANDIDATE at term 0 for changeToCandidate
2021-08-24 00:16:55,075 [298128a7-05d4-41f3-a630-0ff919e37e97@group-B11D3147633B-FollowerState] INFO  server.RaftServerConfigKeys (ConfUtils.java:logGet(44)) - raft.server.leaderelection.pre-vote = false (custom)
2021-08-24 00:16:55,075 [298128a7-05d4-41f3-a630-0ff919e37e97@group-B11D3147633B-FollowerState] INFO  impl.RoleInfo (RoleInfo.java:updateAndGet(130)) - 298128a7-05d4-41f3-a630-0ff919e37e97: start 298128a7-05d4-41f3-a630-0ff919e37e97@group-B11D3147633B-LeaderElection2
2021-08-24 00:16:55,078 [298128a7-05d4-41f3-a630-0ff919e37e97@group-B11D3147633B-LeaderElection2] INFO  impl.LeaderElection (LeaderElection.java:askForVotes(306)) - 298128a7-05d4-41f3-a630-0ff919e37e97@group-B11D3147633B-LeaderElection2 ELECTION round 0: submit vote requests at term 1 for -1: [298128a7-05d4-41f3-a630-0ff919e37e97|rpc:10.1.0.66:34767|priority:1], old=null
2021-08-24 00:16:55,078 [298128a7-05d4-41f3-a630-0ff919e37e97@group-B11D3147633B-LeaderElection2] INFO  impl.LeaderElection (LeaderElection.java:askForVotes(308)) - 298128a7-05d4-41f3-a630-0ff919e37e97@group-B11D3147633B-LeaderElection2 ELECTION round 0: result PASSED (term=1)
2021-08-24 00:16:55,078 [298128a7-05d4-41f3-a630-0ff919e37e97@group-B11D3147633B-LeaderElection2] INFO  impl.RoleInfo (RoleInfo.java:shutdownLeaderElection(121)) - 298128a7-05d4-41f3-a630-0ff919e37e97: shutdown 298128a7-05d4-41f3-a630-0ff919e37e97@group-B11D3147633B-LeaderElection2
2021-08-24 00:16:55,078 [298128a7-05d4-41f3-a630-0ff919e37e97@group-B11D3147633B-LeaderElection2] INFO  server.RaftServer$Division (RaftServerImpl.java:setRole(285)) - 298128a7-05d4-41f3-a630-0ff919e37e97@group-B11D3147633B: changes role from CANDIDATE to LEADER at term 1 for changeToLeader
2021-08-24 00:16:55,078 [298128a7-05d4-41f3-a630-0ff919e37e97@group-B11D3147633B-LeaderElection2] INFO  ratis.XceiverServerRatis (XceiverServerRatis.java:handleLeaderChangedNotification(861)) - Leader change notification received for group: group-B11D3147633B with new leaderId: 298128a7-05d4-41f3-a630-0ff919e37e97
2021-08-24 00:16:55,082 [EventQueue-OpenPipelineForHealthyPipelineSafeModeRule] INFO  safemode.SCMSafeModeManager (HealthyPipelineSafeModeRule.java:process(124)) - SCM in safe mode. Healthy pipelines reported count is 0, required healthy pipeline reported count is 1
2021-08-24 00:16:55,082 [298128a7-05d4-41f3-a630-0ff919e37e97@group-B11D3147633B-LeaderElection2] INFO  server.RaftServer$Division (ServerState.java:setLeader(285)) - 298128a7-05d4-41f3-a630-0ff919e37e97@group-B11D3147633B: change Leader from null to 298128a7-05d4-41f3-a630-0ff919e37e97 at term 1 for becomeLeader, leader elected after 5171ms
2021-08-24 00:16:55,082 [298128a7-05d4-41f3-a630-0ff919e37e97@group-B11D3147633B-LeaderElection2] INFO  server.RaftServerConfigKeys (ConfUtils.java:logGet(44)) - raft.server.staging.catchup.gap = 1000 (default)
2021-08-24 00:16:55,083 [298128a7-05d4-41f3-a630-0ff919e37e97@group-B11D3147633B-LeaderElection2] INFO  server.RaftServerConfigKeys (ConfUtils.java:logGet(44)) - raft.server.write.element-limit = 1024 (custom)
2021-08-24 00:16:55,083 [298128a7-05d4-41f3-a630-0ff919e37e97@group-B11D3147633B-LeaderElection2] INFO  server.RaftServerConfigKeys (ConfUtils.java:logGet(44)) - raft.server.write.byte-limit = 1024 M (=1073741824) (custom)
2021-08-24 00:16:55,084 [298128a7-05d4-41f3-a630-0ff919e37e97@group-B11D3147633B-LeaderElection2] INFO  server.RaftServerConfigKeys (ConfUtils.java:logGet(44)) - raft.server.watch.timeout = 3000ms (custom)
2021-08-24 00:16:55,085 [298128a7-05d4-41f3-a630-0ff919e37e97@group-B11D3147633B-LeaderElection2] INFO  server.RaftServerConfigKeys (ConfUtils.java:logGet(44)) - raft.server.watch.timeout.denomination = 1s (default)
2021-08-24 00:16:55,085 [298128a7-05d4-41f3-a630-0ff919e37e97@group-B11D3147633B-LeaderElection2] INFO  server.RaftServerConfigKeys (ConfUtils.java:logGet(44)) - raft.server.watch.element-limit = 65536 (default)
2021-08-24 00:16:55,085 [298128a7-05d4-41f3-a630-0ff919e37e97@group-B11D3147633B-LeaderElection2] INFO  impl.RoleInfo (RoleInfo.java:updateAndGet(130)) - 298128a7-05d4-41f3-a630-0ff919e37e97: start 298128a7-05d4-41f3-a630-0ff919e37e97@group-B11D3147633B-LeaderStateImpl
2021-08-24 00:16:55,085 [298128a7-05d4-41f3-a630-0ff919e37e97@group-B11D3147633B-LeaderElection2] INFO  segmented.SegmentedRaftLogWorker (SegmentedRaftLogWorker.java:startLogSegment(394)) - 298128a7-05d4-41f3-a630-0ff919e37e97@group-B11D3147633B-SegmentedRaftLogWorker: Starting segment from index:0
2021-08-24 00:16:55,093 [298128a7-05d4-41f3-a630-0ff919e37e97@group-B11D3147633B-LeaderElection2] INFO  server.RaftServer$Division (ServerState.java:setRaftConf(387)) - 298128a7-05d4-41f3-a630-0ff919e37e97@group-B11D3147633B: set configuration 0: [298128a7-05d4-41f3-a630-0ff919e37e97|rpc:10.1.0.66:34767|dataStream:|priority:1], old=null
2021-08-24 00:16:55,093 [298128a7-05d4-41f3-a630-0ff919e37e97@group-B11D3147633B-SegmentedRaftLogWorker] INFO  segmented.SegmentedRaftLogWorker (SegmentedRaftLogWorker.java:execute(601)) - 298128a7-05d4-41f3-a630-0ff919e37e97@group-B11D3147633B-SegmentedRaftLogWorker: created new log segment /home/runner/work/ozone/ozone/hadoop-ozone/integration-test/target/test-dir/MiniOzoneClusterImpl-f2f09f11-e894-4079-b4a5-42fcd7f084ef/datanode-0/data/ratis/68400ba6-9c23-419a-8ec1-b11d3147633b/current/log_inprogress_0
2021-08-24 00:16:55,187 [298128a7-05d4-41f3-a630-0ff919e37e97@group-62AD16E7A214-FollowerState] INFO  impl.FollowerState (FollowerState.java:run(134)) - 298128a7-05d4-41f3-a630-0ff919e37e97@group-62AD16E7A214-FollowerState: change to CANDIDATE, lastRpcElapsedTime:5186785709ns, electionTimeout:5167ms
2021-08-24 00:16:55,189 [298128a7-05d4-41f3-a630-0ff919e37e97@group-62AD16E7A214-FollowerState] INFO  impl.RoleInfo (RoleInfo.java:shutdownFollowerState(108)) - 298128a7-05d4-41f3-a630-0ff919e37e97: shutdown 298128a7-05d4-41f3-a630-0ff919e37e97@group-62AD16E7A214-FollowerState
2021-08-24 00:16:55,189 [298128a7-05d4-41f3-a630-0ff919e37e97@group-62AD16E7A214-FollowerState] INFO  server.RaftServer$Division (RaftServerImpl.java:setRole(285)) - 298128a7-05d4-41f3-a630-0ff919e37e97@group-62AD16E7A214: changes role from  FOLLOWER to CANDIDATE at term 0 for changeToCandidate
2021-08-24 00:16:55,189 [298128a7-05d4-41f3-a630-0ff919e37e97@group-62AD16E7A214-FollowerState] INFO  server.RaftServerConfigKeys (ConfUtils.java:logGet(44)) - raft.server.leaderelection.pre-vote = false (custom)
2021-08-24 00:16:55,189 [298128a7-05d4-41f3-a630-0ff919e37e97@group-62AD16E7A214-FollowerState] INFO  impl.RoleInfo (RoleInfo.java:updateAndGet(130)) - 298128a7-05d4-41f3-a630-0ff919e37e97: start 298128a7-05d4-41f3-a630-0ff919e37e97@group-62AD16E7A214-LeaderElection3
2021-08-24 00:16:55,192 [298128a7-05d4-41f3-a630-0ff919e37e97@group-62AD16E7A214-LeaderElection3] INFO  impl.LeaderElection (LeaderElection.java:askForVotes(306)) - 298128a7-05d4-41f3-a630-0ff919e37e97@group-62AD16E7A214-LeaderElection3 ELECTION round 0: submit vote requests at term 1 for -1: [ab986f2b-b69b-40e1-bbf9-db456b5b224c|rpc:10.1.0.66:39351|priority:1, cf2b9c68-f8e7-4117-9e58-753acb5b2330|rpc:10.1.0.66:39703|priority:0, 298128a7-05d4-41f3-a630-0ff919e37e97|rpc:10.1.0.66:34767|priority:0], old=null
2021-08-24 00:16:55,218 [grpc-default-executor-1] INFO  server.RaftServer$Division (RaftServerImpl.java:requestVote(1043)) - cf2b9c68-f8e7-4117-9e58-753acb5b2330@group-62AD16E7A214: receive requestVote(ELECTION, 298128a7-05d4-41f3-a630-0ff919e37e97, group-62AD16E7A214, 1, (t:0, i:0))
2021-08-24 00:16:55,220 [grpc-default-executor-1] INFO  impl.VoteContext (VoteContext.java:log(48)) - cf2b9c68-f8e7-4117-9e58-753acb5b2330@group-62AD16E7A214-FOLLOWER: accept ELECTION from 298128a7-05d4-41f3-a630-0ff919e37e97: our priority 0 <= candidate's priority 0
2021-08-24 00:16:55,220 [grpc-default-executor-1] INFO  server.RaftServer$Division (RaftServerImpl.java:setRole(285)) - cf2b9c68-f8e7-4117-9e58-753acb5b2330@group-62AD16E7A214: changes role from  FOLLOWER to FOLLOWER at term 1 for candidate:298128a7-05d4-41f3-a630-0ff919e37e97
2021-08-24 00:16:55,220 [grpc-default-executor-1] INFO  impl.RoleInfo (RoleInfo.java:shutdownFollowerState(108)) - cf2b9c68-f8e7-4117-9e58-753acb5b2330: shutdown cf2b9c68-f8e7-4117-9e58-753acb5b2330@group-62AD16E7A214-FollowerState
2021-08-24 00:16:55,220 [grpc-default-executor-1] INFO  impl.RoleInfo (RoleInfo.java:updateAndGet(130)) - cf2b9c68-f8e7-4117-9e58-753acb5b2330: start cf2b9c68-f8e7-4117-9e58-753acb5b2330@group-62AD16E7A214-FollowerState
2021-08-24 00:16:55,221 [cf2b9c68-f8e7-4117-9e58-753acb5b2330@group-62AD16E7A214-FollowerState] INFO  impl.FollowerState (FollowerState.java:run(143)) - cf2b9c68-f8e7-4117-9e58-753acb5b2330@group-62AD16E7A214-FollowerState was interrupted: {}
java.lang.InterruptedException: sleep interrupted
	at java.lang.Thread.sleep(Native Method)
	at java.lang.Thread.sleep(Thread.java:340)
	at java.util.concurrent.TimeUnit.sleep(TimeUnit.java:386)
	at org.apache.ratis.util.TimeDuration.sleep(TimeDuration.java:324)
	at org.apache.ratis.util.TimeDuration.sleep(TimeDuration.java:309)
	at org.apache.ratis.server.impl.FollowerState.run(FollowerState.java:118)
2021-08-24 00:16:55,230 [grpc-default-executor-2] INFO  server.RaftServer$Division (RaftServerImpl.java:requestVote(1043)) - ab986f2b-b69b-40e1-bbf9-db456b5b224c@group-62AD16E7A214: receive requestVote(ELECTION, 298128a7-05d4-41f3-a630-0ff919e37e97, group-62AD16E7A214, 1, (t:0, i:0))
2021-08-24 00:16:55,230 [grpc-default-executor-2] INFO  impl.VoteContext (VoteContext.java:log(48)) - ab986f2b-b69b-40e1-bbf9-db456b5b224c@group-62AD16E7A214-FOLLOWER: reject ELECTION from 298128a7-05d4-41f3-a630-0ff919e37e97: our priority 1 > candidate's priority 0
2021-08-24 00:16:55,233 [grpc-default-executor-2] INFO  server.RaftServer$Division (RaftServerImpl.java:setRole(285)) - ab986f2b-b69b-40e1-bbf9-db456b5b224c@group-62AD16E7A214: changes role from  FOLLOWER to FOLLOWER at term 1 for candidate:298128a7-05d4-41f3-a630-0ff919e37e97
2021-08-24 00:16:55,233 [grpc-default-executor-2] INFO  impl.RoleInfo (RoleInfo.java:shutdownFollowerState(108)) - ab986f2b-b69b-40e1-bbf9-db456b5b224c: shutdown ab986f2b-b69b-40e1-bbf9-db456b5b224c@group-62AD16E7A214-FollowerState
2021-08-24 00:16:55,233 [grpc-default-executor-2] INFO  impl.RoleInfo (RoleInfo.java:updateAndGet(130)) - ab986f2b-b69b-40e1-bbf9-db456b5b224c: start ab986f2b-b69b-40e1-bbf9-db456b5b224c@group-62AD16E7A214-FollowerState
2021-08-24 00:16:55,233 [ab986f2b-b69b-40e1-bbf9-db456b5b224c@group-62AD16E7A214-FollowerState] INFO  impl.FollowerState (FollowerState.java:run(143)) - ab986f2b-b69b-40e1-bbf9-db456b5b224c@group-62AD16E7A214-FollowerState was interrupted: {}
java.lang.InterruptedException: sleep interrupted
	at java.lang.Thread.sleep(Native Method)
	at java.lang.Thread.sleep(Thread.java:340)
	at java.util.concurrent.TimeUnit.sleep(TimeUnit.java:386)
	at org.apache.ratis.util.TimeDuration.sleep(TimeDuration.java:324)
	at org.apache.ratis.util.TimeDuration.sleep(TimeDuration.java:309)
	at org.apache.ratis.server.impl.FollowerState.run(FollowerState.java:118)
2021-08-24 00:16:55,241 [grpc-default-executor-2] INFO  server.RaftServer$Division (RaftServerImpl.java:requestVote(1075)) - ab986f2b-b69b-40e1-bbf9-db456b5b224c@group-62AD16E7A214 replies to ELECTION vote request: 298128a7-05d4-41f3-a630-0ff919e37e97<-ab986f2b-b69b-40e1-bbf9-db456b5b224c#0:FAIL-t1. Peer's state: ab986f2b-b69b-40e1-bbf9-db456b5b224c@group-62AD16E7A214:t1, leader=null, voted=null, raftlog=ab986f2b-b69b-40e1-bbf9-db456b5b224c@group-62AD16E7A214-SegmentedRaftLog:OPENED:c-1,f-1,i0, conf=-1: [ab986f2b-b69b-40e1-bbf9-db456b5b224c|rpc:10.1.0.66:39351|priority:1, cf2b9c68-f8e7-4117-9e58-753acb5b2330|rpc:10.1.0.66:39703|priority:0, 298128a7-05d4-41f3-a630-0ff919e37e97|rpc:10.1.0.66:34767|priority:0], old=null
2021-08-24 00:16:55,242 [grpc-default-executor-1] INFO  server.RaftServer$Division (RaftServerImpl.java:requestVote(1075)) - cf2b9c68-f8e7-4117-9e58-753acb5b2330@group-62AD16E7A214 replies to ELECTION vote request: 298128a7-05d4-41f3-a630-0ff919e37e97<-cf2b9c68-f8e7-4117-9e58-753acb5b2330#0:OK-t1. Peer's state: cf2b9c68-f8e7-4117-9e58-753acb5b2330@group-62AD16E7A214:t1, leader=null, voted=298128a7-05d4-41f3-a630-0ff919e37e97, raftlog=cf2b9c68-f8e7-4117-9e58-753acb5b2330@group-62AD16E7A214-SegmentedRaftLog:OPENED:c-1,f-1,i0, conf=-1: [ab986f2b-b69b-40e1-bbf9-db456b5b224c|rpc:10.1.0.66:39351|priority:1, cf2b9c68-f8e7-4117-9e58-753acb5b2330|rpc:10.1.0.66:39703|priority:0, 298128a7-05d4-41f3-a630-0ff919e37e97|rpc:10.1.0.66:34767|priority:0], old=null
2021-08-24 00:16:55,250 [298128a7-05d4-41f3-a630-0ff919e37e97@group-62AD16E7A214-LeaderElection3] INFO  impl.LeaderElection (LeaderElection.java:logAndReturn(89)) - 298128a7-05d4-41f3-a630-0ff919e37e97@group-62AD16E7A214-LeaderElection3: ELECTION REJECTED received 2 response(s) and 0 exception(s):
2021-08-24 00:16:55,254 [298128a7-05d4-41f3-a630-0ff919e37e97@group-62AD16E7A214-LeaderElection3] INFO  impl.LeaderElection (LeaderElection.java:logAndReturn(93)) -   Response 0: 298128a7-05d4-41f3-a630-0ff919e37e97<-ab986f2b-b69b-40e1-bbf9-db456b5b224c#0:FAIL-t1
2021-08-24 00:16:55,254 [298128a7-05d4-41f3-a630-0ff919e37e97@group-62AD16E7A214-LeaderElection3] INFO  impl.LeaderElection (LeaderElection.java:logAndReturn(93)) -   Response 1: 298128a7-05d4-41f3-a630-0ff919e37e97<-cf2b9c68-f8e7-4117-9e58-753acb5b2330#0:OK-t1
2021-08-24 00:16:55,254 [298128a7-05d4-41f3-a630-0ff919e37e97@group-62AD16E7A214-LeaderElection3] INFO  impl.LeaderElection (LeaderElection.java:askForVotes(308)) - 298128a7-05d4-41f3-a630-0ff919e37e97@group-62AD16E7A214-LeaderElection3 ELECTION round 0: result REJECTED
2021-08-24 00:16:55,254 [298128a7-05d4-41f3-a630-0ff919e37e97@group-62AD16E7A214-LeaderElection3] INFO  server.RaftServer$Division (RaftServerImpl.java:setRole(285)) - 298128a7-05d4-41f3-a630-0ff919e37e97@group-62AD16E7A214: changes role from CANDIDATE to FOLLOWER at term 1 for REJECTED
2021-08-24 00:16:55,254 [298128a7-05d4-41f3-a630-0ff919e37e97@group-62AD16E7A214-LeaderElection3] INFO  impl.RoleInfo (RoleInfo.java:shutdownLeaderElection(121)) - 298128a7-05d4-41f3-a630-0ff919e37e97: shutdown 298128a7-05d4-41f3-a630-0ff919e37e97@group-62AD16E7A214-LeaderElection3
2021-08-24 00:16:55,254 [298128a7-05d4-41f3-a630-0ff919e37e97@group-62AD16E7A214-LeaderElection3] INFO  impl.RoleInfo (RoleInfo.java:updateAndGet(130)) - 298128a7-05d4-41f3-a630-0ff919e37e97: start 298128a7-05d4-41f3-a630-0ff919e37e97@group-62AD16E7A214-FollowerState
2021-08-24 00:16:55,343 [cf2b9c68-f8e7-4117-9e58-753acb5b2330@group-410A12A5B321-FollowerState] INFO  impl.FollowerState (FollowerState.java:run(134)) - cf2b9c68-f8e7-4117-9e58-753acb5b2330@group-410A12A5B321-FollowerState: change to CANDIDATE, lastRpcElapsedTime:5145348019ns, electionTimeout:5138ms
2021-08-24 00:16:55,344 [cf2b9c68-f8e7-4117-9e58-753acb5b2330@group-410A12A5B321-FollowerState] INFO  impl.RoleInfo (RoleInfo.java:shutdownFollowerState(108)) - cf2b9c68-f8e7-4117-9e58-753acb5b2330: shutdown cf2b9c68-f8e7-4117-9e58-753acb5b2330@group-410A12A5B321-FollowerState
2021-08-24 00:16:55,344 [cf2b9c68-f8e7-4117-9e58-753acb5b2330@group-410A12A5B321-FollowerState] INFO  server.RaftServer$Division (RaftServerImpl.java:setRole(285)) - cf2b9c68-f8e7-4117-9e58-753acb5b2330@group-410A12A5B321: changes role from  FOLLOWER to CANDIDATE at term 0 for changeToCandidate
2021-08-24 00:16:55,344 [cf2b9c68-f8e7-4117-9e58-753acb5b2330@group-410A12A5B321-FollowerState] INFO  server.RaftServerConfigKeys (ConfUtils.java:logGet(44)) - raft.server.leaderelection.pre-vote = false (custom)
2021-08-24 00:16:55,344 [cf2b9c68-f8e7-4117-9e58-753acb5b2330@group-410A12A5B321-FollowerState] INFO  impl.RoleInfo (RoleInfo.java:updateAndGet(130)) - cf2b9c68-f8e7-4117-9e58-753acb5b2330: start cf2b9c68-f8e7-4117-9e58-753acb5b2330@group-410A12A5B321-LeaderElection4
2021-08-24 00:16:55,347 [cf2b9c68-f8e7-4117-9e58-753acb5b2330@group-410A12A5B321-LeaderElection4] INFO  impl.LeaderElection (LeaderElection.java:askForVotes(306)) - cf2b9c68-f8e7-4117-9e58-753acb5b2330@group-410A12A5B321-LeaderElection4 ELECTION round 0: submit vote requests at term 1 for -1: [cf2b9c68-f8e7-4117-9e58-753acb5b2330|rpc:10.1.0.66:39703|priority:1], old=null
2021-08-24 00:16:55,347 [cf2b9c68-f8e7-4117-9e58-753acb5b2330@group-410A12A5B321-LeaderElection4] INFO  impl.LeaderElection (LeaderElection.java:askForVotes(308)) - cf2b9c68-f8e7-4117-9e58-753acb5b2330@group-410A12A5B321-LeaderElection4 ELECTION round 0: result PASSED (term=1)
2021-08-24 00:16:55,347 [cf2b9c68-f8e7-4117-9e58-753acb5b2330@group-410A12A5B321-LeaderElection4] INFO  impl.RoleInfo (RoleInfo.java:shutdownLeaderElection(121)) - cf2b9c68-f8e7-4117-9e58-753acb5b2330: shutdown cf2b9c68-f8e7-4117-9e58-753acb5b2330@group-410A12A5B321-LeaderElection4
2021-08-24 00:16:55,347 [cf2b9c68-f8e7-4117-9e58-753acb5b2330@group-410A12A5B321-LeaderElection4] INFO  server.RaftServer$Division (RaftServerImpl.java:setRole(285)) - cf2b9c68-f8e7-4117-9e58-753acb5b2330@group-410A12A5B321: changes role from CANDIDATE to LEADER at term 1 for changeToLeader
2021-08-24 00:16:55,347 [cf2b9c68-f8e7-4117-9e58-753acb5b2330@group-410A12A5B321-LeaderElection4] INFO  ratis.XceiverServerRatis (XceiverServerRatis.java:handleLeaderChangedNotification(861)) - Leader change notification received for group: group-410A12A5B321 with new leaderId: cf2b9c68-f8e7-4117-9e58-753acb5b2330
2021-08-24 00:16:55,348 [cf2b9c68-f8e7-4117-9e58-753acb5b2330@group-410A12A5B321-LeaderElection4] INFO  server.RaftServer$Division (ServerState.java:setLeader(285)) - cf2b9c68-f8e7-4117-9e58-753acb5b2330@group-410A12A5B321: change Leader from null to cf2b9c68-f8e7-4117-9e58-753acb5b2330 at term 1 for becomeLeader, leader elected after 5166ms
2021-08-24 00:16:55,348 [cf2b9c68-f8e7-4117-9e58-753acb5b2330@group-410A12A5B321-LeaderElection4] INFO  server.RaftServerConfigKeys (ConfUtils.java:logGet(44)) - raft.server.staging.catchup.gap = 1000 (default)
2021-08-24 00:16:55,348 [Datanode State Machine Thread - 0] WARN  statemachine.StateContext (StateContext.java:execute(621)) - No available thread in pool for past 0 seconds.
2021-08-24 00:16:55,348 [cf2b9c68-f8e7-4117-9e58-753acb5b2330@group-410A12A5B321-LeaderElection4] INFO  server.RaftServerConfigKeys (ConfUtils.java:logGet(44)) - raft.server.write.element-limit = 1024 (custom)
2021-08-24 00:16:55,348 [cf2b9c68-f8e7-4117-9e58-753acb5b2330@group-410A12A5B321-LeaderElection4] INFO  server.RaftServerConfigKeys (ConfUtils.java:logGet(44)) - raft.server.write.byte-limit = 1024 M (=1073741824) (custom)
2021-08-24 00:16:55,353 [cf2b9c68-f8e7-4117-9e58-753acb5b2330@group-410A12A5B321-LeaderElection4] INFO  server.RaftServerConfigKeys (ConfUtils.java:logGet(44)) - raft.server.watch.timeout = 3000ms (custom)
2021-08-24 00:16:55,353 [cf2b9c68-f8e7-4117-9e58-753acb5b2330@group-410A12A5B321-LeaderElection4] INFO  server.RaftServerConfigKeys (ConfUtils.java:logGet(44)) - raft.server.watch.timeout.denomination = 1s (default)
2021-08-24 00:16:55,353 [cf2b9c68-f8e7-4117-9e58-753acb5b2330@group-410A12A5B321-LeaderElection4] INFO  server.RaftServerConfigKeys (ConfUtils.java:logGet(44)) - raft.server.watch.element-limit = 65536 (default)
2021-08-24 00:16:55,353 [cf2b9c68-f8e7-4117-9e58-753acb5b2330@group-410A12A5B321-LeaderElection4] INFO  impl.RoleInfo (RoleInfo.java:updateAndGet(130)) - cf2b9c68-f8e7-4117-9e58-753acb5b2330: start cf2b9c68-f8e7-4117-9e58-753acb5b2330@group-410A12A5B321-LeaderStateImpl
2021-08-24 00:16:55,354 [cf2b9c68-f8e7-4117-9e58-753acb5b2330@group-410A12A5B321-LeaderElection4] INFO  segmented.SegmentedRaftLogWorker (SegmentedRaftLogWorker.java:startLogSegment(394)) - cf2b9c68-f8e7-4117-9e58-753acb5b2330@group-410A12A5B321-SegmentedRaftLogWorker: Starting segment from index:0
2021-08-24 00:16:55,354 [EventQueue-OpenPipelineForHealthyPipelineSafeModeRule] INFO  safemode.SCMSafeModeManager (HealthyPipelineSafeModeRule.java:process(124)) - SCM in safe mode. Healthy pipelines reported count is 0, required healthy pipeline reported count is 1
2021-08-24 00:16:55,356 [cf2b9c68-f8e7-4117-9e58-753acb5b2330@group-410A12A5B321-SegmentedRaftLogWorker] INFO  segmented.SegmentedRaftLogWorker (SegmentedRaftLogWorker.java:execute(601)) - cf2b9c68-f8e7-4117-9e58-753acb5b2330@group-410A12A5B321-SegmentedRaftLogWorker: created new log segment /home/runner/work/ozone/ozone/hadoop-ozone/integration-test/target/test-dir/MiniOzoneClusterImpl-f2f09f11-e894-4079-b4a5-42fcd7f084ef/datanode-1/data/ratis/a2fa908a-c236-485b-b3ee-410a12a5b321/current/log_inprogress_0
2021-08-24 00:16:55,357 [cf2b9c68-f8e7-4117-9e58-753acb5b2330@group-410A12A5B321-LeaderElection4] INFO  server.RaftServer$Division (ServerState.java:setRaftConf(387)) - cf2b9c68-f8e7-4117-9e58-753acb5b2330@group-410A12A5B321: set configuration 0: [cf2b9c68-f8e7-4117-9e58-753acb5b2330|rpc:10.1.0.66:39703|dataStream:|priority:1], old=null
2021-08-24 00:16:55,372 [Listener at 127.0.0.1/37475] INFO  ozone.MiniOzoneClusterImpl (MiniOzoneClusterImpl.java:lambda$waitForClusterToBeReady$0(235)) - Nodes are ready. Got 3 of 3 DN Heartbeats.
2021-08-24 00:16:55,372 [Listener at 127.0.0.1/37475] INFO  ozone.MiniOzoneClusterImpl (MiniOzoneClusterImpl.java:lambda$waitForClusterToBeReady$0(238)) - Waiting for cluster to exit safe mode
2021-08-24 00:16:55,373 [Listener at 127.0.0.1/37475] INFO  ozone.MiniOzoneClusterImpl (MiniOzoneClusterImpl.java:lambda$waitForClusterToBeReady$0(240)) - SCM became leader
2021-08-24 00:16:55,625 [ab986f2b-b69b-40e1-bbf9-db456b5b224c@group-9F95FA1D9B22-FollowerState] INFO  impl.FollowerState (FollowerState.java:run(134)) - ab986f2b-b69b-40e1-bbf9-db456b5b224c@group-9F95FA1D9B22-FollowerState: change to CANDIDATE, lastRpcElapsedTime:5189236514ns, electionTimeout:5184ms
2021-08-24 00:16:55,626 [ab986f2b-b69b-40e1-bbf9-db456b5b224c@group-9F95FA1D9B22-FollowerState] INFO  impl.RoleInfo (RoleInfo.java:shutdownFollowerState(108)) - ab986f2b-b69b-40e1-bbf9-db456b5b224c: shutdown ab986f2b-b69b-40e1-bbf9-db456b5b224c@group-9F95FA1D9B22-FollowerState
2021-08-24 00:16:55,626 [ab986f2b-b69b-40e1-bbf9-db456b5b224c@group-9F95FA1D9B22-FollowerState] INFO  server.RaftServer$Division (RaftServerImpl.java:setRole(285)) - ab986f2b-b69b-40e1-bbf9-db456b5b224c@group-9F95FA1D9B22: changes role from  FOLLOWER to CANDIDATE at term 0 for changeToCandidate
2021-08-24 00:16:55,626 [ab986f2b-b69b-40e1-bbf9-db456b5b224c@group-9F95FA1D9B22-FollowerState] INFO  server.RaftServerConfigKeys (ConfUtils.java:logGet(44)) - raft.server.leaderelection.pre-vote = false (custom)
2021-08-24 00:16:55,626 [ab986f2b-b69b-40e1-bbf9-db456b5b224c@group-9F95FA1D9B22-FollowerState] INFO  impl.RoleInfo (RoleInfo.java:updateAndGet(130)) - ab986f2b-b69b-40e1-bbf9-db456b5b224c: start ab986f2b-b69b-40e1-bbf9-db456b5b224c@group-9F95FA1D9B22-LeaderElection5
2021-08-24 00:16:55,630 [ab986f2b-b69b-40e1-bbf9-db456b5b224c@group-9F95FA1D9B22-LeaderElection5] INFO  impl.LeaderElection (LeaderElection.java:askForVotes(306)) - ab986f2b-b69b-40e1-bbf9-db456b5b224c@group-9F95FA1D9B22-LeaderElection5 ELECTION round 0: submit vote requests at term 1 for -1: [ab986f2b-b69b-40e1-bbf9-db456b5b224c|rpc:10.1.0.66:39351|priority:1], old=null
2021-08-24 00:16:55,630 [ab986f2b-b69b-40e1-bbf9-db456b5b224c@group-9F95FA1D9B22-LeaderElection5] INFO  impl.LeaderElection (LeaderElection.java:askForVotes(308)) - ab986f2b-b69b-40e1-bbf9-db456b5b224c@group-9F95FA1D9B22-LeaderElection5 ELECTION round 0: result PASSED (term=1)
2021-08-24 00:16:55,630 [ab986f2b-b69b-40e1-bbf9-db456b5b224c@group-9F95FA1D9B22-LeaderElection5] INFO  impl.RoleInfo (RoleInfo.java:shutdownLeaderElection(121)) - ab986f2b-b69b-40e1-bbf9-db456b5b224c: shutdown ab986f2b-b69b-40e1-bbf9-db456b5b224c@group-9F95FA1D9B22-LeaderElection5
2021-08-24 00:16:55,630 [ab986f2b-b69b-40e1-bbf9-db456b5b224c@group-9F95FA1D9B22-LeaderElection5] INFO  server.RaftServer$Division (RaftServerImpl.java:setRole(285)) - ab986f2b-b69b-40e1-bbf9-db456b5b224c@group-9F95FA1D9B22: changes role from CANDIDATE to LEADER at term 1 for changeToLeader
2021-08-24 00:16:55,630 [ab986f2b-b69b-40e1-bbf9-db456b5b224c@group-9F95FA1D9B22-LeaderElection5] INFO  ratis.XceiverServerRatis (XceiverServerRatis.java:handleLeaderChangedNotification(861)) - Leader change notification received for group: group-9F95FA1D9B22 with new leaderId: ab986f2b-b69b-40e1-bbf9-db456b5b224c
2021-08-24 00:16:55,630 [ab986f2b-b69b-40e1-bbf9-db456b5b224c@group-9F95FA1D9B22-LeaderElection5] INFO  server.RaftServer$Division (ServerState.java:setLeader(285)) - ab986f2b-b69b-40e1-bbf9-db456b5b224c@group-9F95FA1D9B22: change Leader from null to ab986f2b-b69b-40e1-bbf9-db456b5b224c at term 1 for becomeLeader, leader elected after 5208ms
2021-08-24 00:16:55,630 [ab986f2b-b69b-40e1-bbf9-db456b5b224c@group-9F95FA1D9B22-LeaderElection5] INFO  server.RaftServerConfigKeys (ConfUtils.java:logGet(44)) - raft.server.staging.catchup.gap = 1000 (default)
2021-08-24 00:16:55,631 [Datanode State Machine Thread - 0] WARN  statemachine.StateContext (StateContext.java:execute(621)) - No available thread in pool for past 0 seconds.
2021-08-24 00:16:55,634 [ab986f2b-b69b-40e1-bbf9-db456b5b224c@group-9F95FA1D9B22-LeaderElection5] INFO  server.RaftServerConfigKeys (ConfUtils.java:logGet(44)) - raft.server.write.element-limit = 1024 (custom)
2021-08-24 00:16:55,634 [ab986f2b-b69b-40e1-bbf9-db456b5b224c@group-9F95FA1D9B22-LeaderElection5] INFO  server.RaftServerConfigKeys (ConfUtils.java:logGet(44)) - raft.server.write.byte-limit = 1024 M (=1073741824) (custom)
2021-08-24 00:16:55,634 [EventQueue-OpenPipelineForHealthyPipelineSafeModeRule] INFO  safemode.SCMSafeModeManager (HealthyPipelineSafeModeRule.java:process(124)) - SCM in safe mode. Healthy pipelines reported count is 0, required healthy pipeline reported count is 1
2021-08-24 00:16:55,636 [ab986f2b-b69b-40e1-bbf9-db456b5b224c@group-9F95FA1D9B22-LeaderElection5] INFO  server.RaftServerConfigKeys (ConfUtils.java:logGet(44)) - raft.server.watch.timeout = 3000ms (custom)
2021-08-24 00:16:55,636 [ab986f2b-b69b-40e1-bbf9-db456b5b224c@group-9F95FA1D9B22-LeaderElection5] INFO  server.RaftServerConfigKeys (ConfUtils.java:logGet(44)) - raft.server.watch.timeout.denomination = 1s (default)
2021-08-24 00:16:55,636 [ab986f2b-b69b-40e1-bbf9-db456b5b224c@group-9F95FA1D9B22-LeaderElection5] INFO  server.RaftServerConfigKeys (ConfUtils.java:logGet(44)) - raft.server.watch.element-limit = 65536 (default)
2021-08-24 00:16:55,636 [ab986f2b-b69b-40e1-bbf9-db456b5b224c@group-9F95FA1D9B22-LeaderElection5] INFO  impl.RoleInfo (RoleInfo.java:updateAndGet(130)) - ab986f2b-b69b-40e1-bbf9-db456b5b224c: start ab986f2b-b69b-40e1-bbf9-db456b5b224c@group-9F95FA1D9B22-LeaderStateImpl
2021-08-24 00:16:55,637 [ab986f2b-b69b-40e1-bbf9-db456b5b224c@group-9F95FA1D9B22-LeaderElection5] INFO  segmented.SegmentedRaftLogWorker (SegmentedRaftLogWorker.java:startLogSegment(394)) - ab986f2b-b69b-40e1-bbf9-db456b5b224c@group-9F95FA1D9B22-SegmentedRaftLogWorker: Starting segment from index:0
2021-08-24 00:16:55,639 [ab986f2b-b69b-40e1-bbf9-db456b5b224c@group-9F95FA1D9B22-SegmentedRaftLogWorker] INFO  segmented.SegmentedRaftLogWorker (SegmentedRaftLogWorker.java:execute(601)) - ab986f2b-b69b-40e1-bbf9-db456b5b224c@group-9F95FA1D9B22-SegmentedRaftLogWorker: created new log segment /home/runner/work/ozone/ozone/hadoop-ozone/integration-test/target/test-dir/MiniOzoneClusterImpl-f2f09f11-e894-4079-b4a5-42fcd7f084ef/datanode-2/data/ratis/61f7ade1-ff5a-406b-91be-9f95fa1d9b22/current/log_inprogress_0
2021-08-24 00:16:55,640 [ab986f2b-b69b-40e1-bbf9-db456b5b224c@group-9F95FA1D9B22-LeaderElection5] INFO  server.RaftServer$Division (ServerState.java:setRaftConf(387)) - ab986f2b-b69b-40e1-bbf9-db456b5b224c@group-9F95FA1D9B22: set configuration 0: [ab986f2b-b69b-40e1-bbf9-db456b5b224c|rpc:10.1.0.66:39351|dataStream:|priority:1], old=null
2021-08-24 00:16:56,373 [Listener at 127.0.0.1/37475] INFO  ozone.MiniOzoneClusterImpl (MiniOzoneClusterImpl.java:lambda$waitForClusterToBeReady$0(235)) - Nodes are ready. Got 3 of 3 DN Heartbeats.
2021-08-24 00:16:56,374 [Listener at 127.0.0.1/37475] INFO  ozone.MiniOzoneClusterImpl (MiniOzoneClusterImpl.java:lambda$waitForClusterToBeReady$0(238)) - Waiting for cluster to exit safe mode
2021-08-24 00:16:56,374 [Listener at 127.0.0.1/37475] INFO  ozone.MiniOzoneClusterImpl (MiniOzoneClusterImpl.java:lambda$waitForClusterToBeReady$0(240)) - SCM became leader
2021-08-24 00:16:57,374 [Listener at 127.0.0.1/37475] INFO  ozone.MiniOzoneClusterImpl (MiniOzoneClusterImpl.java:lambda$waitForClusterToBeReady$0(235)) - Nodes are ready. Got 3 of 3 DN Heartbeats.
2021-08-24 00:16:57,375 [Listener at 127.0.0.1/37475] INFO  ozone.MiniOzoneClusterImpl (MiniOzoneClusterImpl.java:lambda$waitForClusterToBeReady$0(238)) - Waiting for cluster to exit safe mode
2021-08-24 00:16:57,375 [Listener at 127.0.0.1/37475] INFO  ozone.MiniOzoneClusterImpl (MiniOzoneClusterImpl.java:lambda$waitForClusterToBeReady$0(240)) - SCM became leader
2021-08-24 00:16:58,375 [Listener at 127.0.0.1/37475] INFO  ozone.MiniOzoneClusterImpl (MiniOzoneClusterImpl.java:lambda$waitForClusterToBeReady$0(235)) - Nodes are ready. Got 3 of 3 DN Heartbeats.
2021-08-24 00:16:58,375 [Listener at 127.0.0.1/37475] INFO  ozone.MiniOzoneClusterImpl (MiniOzoneClusterImpl.java:lambda$waitForClusterToBeReady$0(238)) - Waiting for cluster to exit safe mode
2021-08-24 00:16:58,376 [Listener at 127.0.0.1/37475] INFO  ozone.MiniOzoneClusterImpl (MiniOzoneClusterImpl.java:lambda$waitForClusterToBeReady$0(240)) - SCM became leader
2021-08-24 00:16:59,376 [Listener at 127.0.0.1/37475] INFO  ozone.MiniOzoneClusterImpl (MiniOzoneClusterImpl.java:lambda$waitForClusterToBeReady$0(235)) - Nodes are ready. Got 3 of 3 DN Heartbeats.
2021-08-24 00:16:59,376 [Listener at 127.0.0.1/37475] INFO  ozone.MiniOzoneClusterImpl (MiniOzoneClusterImpl.java:lambda$waitForClusterToBeReady$0(238)) - Waiting for cluster to exit safe mode
2021-08-24 00:16:59,376 [Listener at 127.0.0.1/37475] INFO  ozone.MiniOzoneClusterImpl (MiniOzoneClusterImpl.java:lambda$waitForClusterToBeReady$0(240)) - SCM became leader
2021-08-24 00:17:00,248 [ab986f2b-b69b-40e1-bbf9-db456b5b224c@group-62AD16E7A214-FollowerState] INFO  impl.FollowerState (FollowerState.java:run(134)) - ab986f2b-b69b-40e1-bbf9-db456b5b224c@group-62AD16E7A214-FollowerState: change to CANDIDATE, lastRpcElapsedTime:5014452237ns, electionTimeout:5010ms
2021-08-24 00:17:00,248 [ab986f2b-b69b-40e1-bbf9-db456b5b224c@group-62AD16E7A214-FollowerState] INFO  impl.RoleInfo (RoleInfo.java:shutdownFollowerState(108)) - ab986f2b-b69b-40e1-bbf9-db456b5b224c: shutdown ab986f2b-b69b-40e1-bbf9-db456b5b224c@group-62AD16E7A214-FollowerState
2021-08-24 00:17:00,248 [ab986f2b-b69b-40e1-bbf9-db456b5b224c@group-62AD16E7A214-FollowerState] INFO  server.RaftServer$Division (RaftServerImpl.java:setRole(285)) - ab986f2b-b69b-40e1-bbf9-db456b5b224c@group-62AD16E7A214: changes role from  FOLLOWER to CANDIDATE at term 1 for changeToCandidate
2021-08-24 00:17:00,248 [ab986f2b-b69b-40e1-bbf9-db456b5b224c@group-62AD16E7A214-FollowerState] INFO  server.RaftServerConfigKeys (ConfUtils.java:logGet(44)) - raft.server.leaderelection.pre-vote = false (custom)
2021-08-24 00:17:00,248 [ab986f2b-b69b-40e1-bbf9-db456b5b224c@group-62AD16E7A214-FollowerState] INFO  impl.RoleInfo (RoleInfo.java:updateAndGet(130)) - ab986f2b-b69b-40e1-bbf9-db456b5b224c: start ab986f2b-b69b-40e1-bbf9-db456b5b224c@group-62AD16E7A214-LeaderElection6
2021-08-24 00:17:00,251 [ab986f2b-b69b-40e1-bbf9-db456b5b224c@group-62AD16E7A214-LeaderElection6] INFO  impl.LeaderElection (LeaderElection.java:askForVotes(306)) - ab986f2b-b69b-40e1-bbf9-db456b5b224c@group-62AD16E7A214-LeaderElection6 ELECTION round 0: submit vote requests at term 2 for -1: [ab986f2b-b69b-40e1-bbf9-db456b5b224c|rpc:10.1.0.66:39351|priority:1, cf2b9c68-f8e7-4117-9e58-753acb5b2330|rpc:10.1.0.66:39703|priority:0, 298128a7-05d4-41f3-a630-0ff919e37e97|rpc:10.1.0.66:34767|priority:0], old=null
2021-08-24 00:17:00,270 [grpc-default-executor-2] INFO  server.RaftServer$Division (RaftServerImpl.java:requestVote(1043)) - cf2b9c68-f8e7-4117-9e58-753acb5b2330@group-62AD16E7A214: receive requestVote(ELECTION, ab986f2b-b69b-40e1-bbf9-db456b5b224c, group-62AD16E7A214, 2, (t:0, i:0))
2021-08-24 00:17:00,270 [grpc-default-executor-1] INFO  server.RaftServer$Division (RaftServerImpl.java:requestVote(1043)) - 298128a7-05d4-41f3-a630-0ff919e37e97@group-62AD16E7A214: receive requestVote(ELECTION, ab986f2b-b69b-40e1-bbf9-db456b5b224c, group-62AD16E7A214, 2, (t:0, i:0))
2021-08-24 00:17:00,270 [grpc-default-executor-1] INFO  impl.VoteContext (VoteContext.java:log(48)) - 298128a7-05d4-41f3-a630-0ff919e37e97@group-62AD16E7A214-FOLLOWER: accept ELECTION from ab986f2b-b69b-40e1-bbf9-db456b5b224c: our priority 0 <= candidate's priority 1
2021-08-24 00:17:00,270 [grpc-default-executor-1] INFO  server.RaftServer$Division (RaftServerImpl.java:setRole(285)) - 298128a7-05d4-41f3-a630-0ff919e37e97@group-62AD16E7A214: changes role from  FOLLOWER to FOLLOWER at term 2 for candidate:ab986f2b-b69b-40e1-bbf9-db456b5b224c
2021-08-24 00:17:00,270 [grpc-default-executor-1] INFO  impl.RoleInfo (RoleInfo.java:shutdownFollowerState(108)) - 298128a7-05d4-41f3-a630-0ff919e37e97: shutdown 298128a7-05d4-41f3-a630-0ff919e37e97@group-62AD16E7A214-FollowerState
2021-08-24 00:17:00,270 [grpc-default-executor-1] INFO  impl.RoleInfo (RoleInfo.java:updateAndGet(130)) - 298128a7-05d4-41f3-a630-0ff919e37e97: start 298128a7-05d4-41f3-a630-0ff919e37e97@group-62AD16E7A214-FollowerState
2021-08-24 00:17:00,271 [298128a7-05d4-41f3-a630-0ff919e37e97@group-62AD16E7A214-FollowerState] INFO  impl.FollowerState (FollowerState.java:run(143)) - 298128a7-05d4-41f3-a630-0ff919e37e97@group-62AD16E7A214-FollowerState was interrupted: {}
java.lang.InterruptedException: sleep interrupted
	at java.lang.Thread.sleep(Native Method)
	at java.lang.Thread.sleep(Thread.java:340)
	at java.util.concurrent.TimeUnit.sleep(TimeUnit.java:386)
	at org.apache.ratis.util.TimeDuration.sleep(TimeDuration.java:324)
	at org.apache.ratis.util.TimeDuration.sleep(TimeDuration.java:309)
	at org.apache.ratis.server.impl.FollowerState.run(FollowerState.java:118)
2021-08-24 00:17:00,271 [grpc-default-executor-2] INFO  impl.VoteContext (VoteContext.java:log(48)) - cf2b9c68-f8e7-4117-9e58-753acb5b2330@group-62AD16E7A214-FOLLOWER: accept ELECTION from ab986f2b-b69b-40e1-bbf9-db456b5b224c: our priority 0 <= candidate's priority 1
2021-08-24 00:17:00,271 [grpc-default-executor-2] INFO  server.RaftServer$Division (RaftServerImpl.java:setRole(285)) - cf2b9c68-f8e7-4117-9e58-753acb5b2330@group-62AD16E7A214: changes role from  FOLLOWER to FOLLOWER at term 2 for candidate:ab986f2b-b69b-40e1-bbf9-db456b5b224c
2021-08-24 00:17:00,271 [grpc-default-executor-2] INFO  impl.RoleInfo (RoleInfo.java:shutdownFollowerState(108)) - cf2b9c68-f8e7-4117-9e58-753acb5b2330: shutdown cf2b9c68-f8e7-4117-9e58-753acb5b2330@group-62AD16E7A214-FollowerState
2021-08-24 00:17:00,271 [grpc-default-executor-2] INFO  impl.RoleInfo (RoleInfo.java:updateAndGet(130)) - cf2b9c68-f8e7-4117-9e58-753acb5b2330: start cf2b9c68-f8e7-4117-9e58-753acb5b2330@group-62AD16E7A214-FollowerState
2021-08-24 00:17:00,273 [grpc-default-executor-1] INFO  server.RaftServer$Division (RaftServerImpl.java:requestVote(1075)) - 298128a7-05d4-41f3-a630-0ff919e37e97@group-62AD16E7A214 replies to ELECTION vote request: ab986f2b-b69b-40e1-bbf9-db456b5b224c<-298128a7-05d4-41f3-a630-0ff919e37e97#0:OK-t2. Peer's state: 298128a7-05d4-41f3-a630-0ff919e37e97@group-62AD16E7A214:t2, leader=null, voted=ab986f2b-b69b-40e1-bbf9-db456b5b224c, raftlog=298128a7-05d4-41f3-a630-0ff919e37e97@group-62AD16E7A214-SegmentedRaftLog:OPENED:c-1,f-1,i0, conf=-1: [ab986f2b-b69b-40e1-bbf9-db456b5b224c|rpc:10.1.0.66:39351|priority:1, cf2b9c68-f8e7-4117-9e58-753acb5b2330|rpc:10.1.0.66:39703|priority:0, 298128a7-05d4-41f3-a630-0ff919e37e97|rpc:10.1.0.66:34767|priority:0], old=null
2021-08-24 00:17:00,277 [grpc-default-executor-2] INFO  server.RaftServer$Division (RaftServerImpl.java:requestVote(1075)) - cf2b9c68-f8e7-4117-9e58-753acb5b2330@group-62AD16E7A214 replies to ELECTION vote request: ab986f2b-b69b-40e1-bbf9-db456b5b224c<-cf2b9c68-f8e7-4117-9e58-753acb5b2330#0:OK-t2. Peer's state: cf2b9c68-f8e7-4117-9e58-753acb5b2330@group-62AD16E7A214:t2, leader=null, voted=ab986f2b-b69b-40e1-bbf9-db456b5b224c, raftlog=cf2b9c68-f8e7-4117-9e58-753acb5b2330@group-62AD16E7A214-SegmentedRaftLog:OPENED:c-1,f-1,i0, conf=-1: [ab986f2b-b69b-40e1-bbf9-db456b5b224c|rpc:10.1.0.66:39351|priority:1, cf2b9c68-f8e7-4117-9e58-753acb5b2330|rpc:10.1.0.66:39703|priority:0, 298128a7-05d4-41f3-a630-0ff919e37e97|rpc:10.1.0.66:34767|priority:0], old=null
2021-08-24 00:17:00,277 [cf2b9c68-f8e7-4117-9e58-753acb5b2330@group-62AD16E7A214-FollowerState] INFO  impl.FollowerState (FollowerState.java:run(134)) - cf2b9c68-f8e7-4117-9e58-753acb5b2330@group-62AD16E7A214-FollowerState: change to CANDIDATE, lastRpcElapsedTime:5042246997ns, electionTimeout:5040ms
2021-08-24 00:17:00,278 [cf2b9c68-f8e7-4117-9e58-753acb5b2330@group-62AD16E7A214-FollowerState] INFO  impl.RoleInfo (RoleInfo.java:shutdownFollowerState(108)) - cf2b9c68-f8e7-4117-9e58-753acb5b2330: shutdown cf2b9c68-f8e7-4117-9e58-753acb5b2330@group-62AD16E7A214-FollowerState
2021-08-24 00:17:00,278 [cf2b9c68-f8e7-4117-9e58-753acb5b2330@group-62AD16E7A214-FollowerState] INFO  server.RaftServer$Division (RaftServerImpl.java:setRole(285)) - cf2b9c68-f8e7-4117-9e58-753acb5b2330@group-62AD16E7A214: changes role from  FOLLOWER to CANDIDATE at term 2 for changeToCandidate
2021-08-24 00:17:00,278 [ab986f2b-b69b-40e1-bbf9-db456b5b224c@group-62AD16E7A214-LeaderElection6] INFO  impl.LeaderElection (LeaderElection.java:logAndReturn(89)) - ab986f2b-b69b-40e1-bbf9-db456b5b224c@group-62AD16E7A214-LeaderElection6: ELECTION PASSED received 1 response(s) and 0 exception(s):
2021-08-24 00:17:00,279 [ab986f2b-b69b-40e1-bbf9-db456b5b224c@group-62AD16E7A214-LeaderElection6] INFO  impl.LeaderElection (LeaderElection.java:logAndReturn(93)) -   Response 0: ab986f2b-b69b-40e1-bbf9-db456b5b224c<-298128a7-05d4-41f3-a630-0ff919e37e97#0:OK-t2
2021-08-24 00:17:00,278 [cf2b9c68-f8e7-4117-9e58-753acb5b2330@group-62AD16E7A214-FollowerState] INFO  server.RaftServerConfigKeys (ConfUtils.java:logGet(44)) - raft.server.leaderelection.pre-vote = false (custom)
2021-08-24 00:17:00,279 [ab986f2b-b69b-40e1-bbf9-db456b5b224c@group-62AD16E7A214-LeaderElection6] INFO  impl.LeaderElection (LeaderElection.java:askForVotes(308)) - ab986f2b-b69b-40e1-bbf9-db456b5b224c@group-62AD16E7A214-LeaderElection6 ELECTION round 0: result PASSED
2021-08-24 00:17:00,279 [cf2b9c68-f8e7-4117-9e58-753acb5b2330@group-62AD16E7A214-FollowerState] INFO  impl.RoleInfo (RoleInfo.java:updateAndGet(130)) - cf2b9c68-f8e7-4117-9e58-753acb5b2330: start cf2b9c68-f8e7-4117-9e58-753acb5b2330@group-62AD16E7A214-LeaderElection7
2021-08-24 00:17:00,280 [ab986f2b-b69b-40e1-bbf9-db456b5b224c@group-62AD16E7A214-LeaderElection6] INFO  impl.RoleInfo (RoleInfo.java:shutdownLeaderElection(121)) - ab986f2b-b69b-40e1-bbf9-db456b5b224c: shutdown ab986f2b-b69b-40e1-bbf9-db456b5b224c@group-62AD16E7A214-LeaderElection6
2021-08-24 00:17:00,280 [ab986f2b-b69b-40e1-bbf9-db456b5b224c@group-62AD16E7A214-LeaderElection6] INFO  server.RaftServer$Division (RaftServerImpl.java:setRole(285)) - ab986f2b-b69b-40e1-bbf9-db456b5b224c@group-62AD16E7A214: changes role from CANDIDATE to LEADER at term 2 for changeToLeader
2021-08-24 00:17:00,280 [ab986f2b-b69b-40e1-bbf9-db456b5b224c@group-62AD16E7A214-LeaderElection6] INFO  ratis.XceiverServerRatis (XceiverServerRatis.java:handleLeaderChangedNotification(861)) - Leader change notification received for group: group-62AD16E7A214 with new leaderId: ab986f2b-b69b-40e1-bbf9-db456b5b224c
2021-08-24 00:17:00,281 [ab986f2b-b69b-40e1-bbf9-db456b5b224c@group-62AD16E7A214-LeaderElection6] INFO  server.RaftServer$Division (ServerState.java:setLeader(285)) - ab986f2b-b69b-40e1-bbf9-db456b5b224c@group-62AD16E7A214: change Leader from null to ab986f2b-b69b-40e1-bbf9-db456b5b224c at term 2 for becomeLeader, leader elected after 9820ms
2021-08-24 00:17:00,281 [ab986f2b-b69b-40e1-bbf9-db456b5b224c@group-62AD16E7A214-LeaderElection6] INFO  server.RaftServerConfigKeys (ConfUtils.java:logGet(44)) - raft.server.staging.catchup.gap = 1000 (default)
2021-08-24 00:17:00,281 [ab986f2b-b69b-40e1-bbf9-db456b5b224c@group-62AD16E7A214-LeaderElection6] INFO  server.RaftServerConfigKeys (ConfUtils.java:logGet(44)) - raft.server.write.element-limit = 1024 (custom)
2021-08-24 00:17:00,281 [ab986f2b-b69b-40e1-bbf9-db456b5b224c@group-62AD16E7A214-LeaderElection6] INFO  server.RaftServerConfigKeys (ConfUtils.java:logGet(44)) - raft.server.write.byte-limit = 1024 M (=1073741824) (custom)
2021-08-24 00:17:00,282 [ab986f2b-b69b-40e1-bbf9-db456b5b224c@group-62AD16E7A214-LeaderElection6] INFO  server.RaftServerConfigKeys (ConfUtils.java:logGet(44)) - raft.server.watch.timeout = 3000ms (custom)
2021-08-24 00:17:00,282 [ab986f2b-b69b-40e1-bbf9-db456b5b224c@group-62AD16E7A214-LeaderElection6] INFO  server.RaftServerConfigKeys (ConfUtils.java:logGet(44)) - raft.server.watch.timeout.denomination = 1s (default)
2021-08-24 00:17:00,282 [ab986f2b-b69b-40e1-bbf9-db456b5b224c@group-62AD16E7A214-LeaderElection6] INFO  server.RaftServerConfigKeys (ConfUtils.java:logGet(44)) - raft.server.watch.element-limit = 65536 (default)
2021-08-24 00:17:00,283 [Datanode State Machine Thread - 0] WARN  statemachine.StateContext (StateContext.java:execute(621)) - No available thread in pool for past 0 seconds.
2021-08-24 00:17:00,284 [cf2b9c68-f8e7-4117-9e58-753acb5b2330@group-62AD16E7A214-LeaderElection7] INFO  impl.LeaderElection (LeaderElection.java:askForVotes(306)) - cf2b9c68-f8e7-4117-9e58-753acb5b2330@group-62AD16E7A214-LeaderElection7 ELECTION round 0: submit vote requests at term 3 for -1: [ab986f2b-b69b-40e1-bbf9-db456b5b224c|rpc:10.1.0.66:39351|priority:1, cf2b9c68-f8e7-4117-9e58-753acb5b2330|rpc:10.1.0.66:39703|priority:0, 298128a7-05d4-41f3-a630-0ff919e37e97|rpc:10.1.0.66:34767|priority:0], old=null
2021-08-24 00:17:00,285 [EventQueue-PipelineReportForPipelineReportHandler] INFO  pipeline.PipelineManagerImpl (PipelineManagerImpl.java:openPipeline(283)) - Pipeline Pipeline[ Id: e02eff1f-5132-4c2d-96e7-62ad16e7a214, Nodes: cf2b9c68-f8e7-4117-9e58-753acb5b2330{ip: 10.1.0.66, host: fv-az116-235.vzw04321ajxubdbcnpick5nqva.xx.internal.cloudapp.net, ports: [REPLICATION=45881, RATIS=39703, RATIS_ADMIN=39703, RATIS_SERVER=39703, STANDALONE=45729], networkLocation: /default-rack, certSerialId: null, persistedOpState: IN_SERVICE, persistedOpStateExpiryEpochSec: 0}298128a7-05d4-41f3-a630-0ff919e37e97{ip: 10.1.0.66, host: fv-az116-235.vzw04321ajxubdbcnpick5nqva.xx.internal.cloudapp.net, ports: [REPLICATION=45275, RATIS=34767, RATIS_ADMIN=34767, RATIS_SERVER=34767, STANDALONE=38573], networkLocation: /default-rack, certSerialId: null, persistedOpState: IN_SERVICE, persistedOpStateExpiryEpochSec: 0}ab986f2b-b69b-40e1-bbf9-db456b5b224c{ip: 10.1.0.66, host: fv-az116-235.vzw04321ajxubdbcnpick5nqva.xx.internal.cloudapp.net, ports: [REPLICATION=41029, RATIS=39351, RATIS_ADMIN=39351, RATIS_SERVER=39351, STANDALONE=37727], networkLocation: /default-rack, certSerialId: null, persistedOpState: IN_SERVICE, persistedOpStateExpiryEpochSec: 0}, ReplicationConfig: RATIS/THREE, State:ALLOCATED, leaderId:ab986f2b-b69b-40e1-bbf9-db456b5b224c, CreationTimestamp2021-08-24T00:16:47.392Z[Etc/UTC]] moved to OPEN state
2021-08-24 00:17:00,286 [EventQueue-OpenPipelineForHealthyPipelineSafeModeRule] INFO  safemode.SCMSafeModeManager (HealthyPipelineSafeModeRule.java:process(124)) - SCM in safe mode. Healthy pipelines reported count is 0, required healthy pipeline reported count is 1
2021-08-24 00:17:00,286 [EventQueue-OpenPipelineForHealthyPipelineSafeModeRule] INFO  safemode.SCMSafeModeManager (HealthyPipelineSafeModeRule.java:process(124)) - SCM in safe mode. Healthy pipelines reported count is 1, required healthy pipeline reported count is 1
2021-08-24 00:17:00,286 [EventQueue-OpenPipelineForHealthyPipelineSafeModeRule] INFO  safemode.SCMSafeModeManager (SCMSafeModeManager.java:validateSafeModeExitRules(204)) - HealthyPipelineSafeModeRule rule is successfully validated
2021-08-24 00:17:00,286 [EventQueue-OpenPipelineForHealthyPipelineSafeModeRule] INFO  safemode.SCMSafeModeManager (SCMSafeModeManager.java:validateSafeModeExitRules(219)) - ScmSafeModeManager, all rules are successfully validated
2021-08-24 00:17:00,286 [EventQueue-OpenPipelineForHealthyPipelineSafeModeRule] INFO  safemode.SCMSafeModeManager (SCMSafeModeManager.java:exitSafeMode(248)) - SCM exiting safe mode.
2021-08-24 00:17:00,287 [EventQueue-OpenPipelineForHealthyPipelineSafeModeRule] WARN  events.EventQueue (EventQueue.java:fireEvent(194)) - No event handler registered for event TypedEvent{payloadType=SafeModeStatus, name='Safe mode status'}
2021-08-24 00:17:00,287 [EventQueue-OpenPipelineForHealthyPipelineSafeModeRule] INFO  ha.SCMContext (SCMContext.java:updateSafeModeStatus(205)) - Update SafeModeStatus from SafeModeStatus{safeModeStatus=true, preCheckPassed=true} to SafeModeStatus{safeModeStatus=false, preCheckPassed=true}.
2021-08-24 00:17:00,287 [EventQueue-OpenPipelineForHealthyPipelineSafeModeRule] INFO  pipeline.BackgroundPipelineCreator (BackgroundPipelineCreatorV2.java:notifyStatusChanged(264)) - Service BackgroundPipelineCreator transitions to RUNNING.
2021-08-24 00:17:00,287 [EventQueue-OpenPipelineForHealthyPipelineSafeModeRule] INFO  container.ReplicationManager (ReplicationManager.java:notifyStatusChanged(1722)) - Service ReplicationManager transitions to RUNNING.
2021-08-24 00:17:00,293 [cf2b9c68-f8e7-4117-9e58-753acb5b2330@group-62AD16E7A214-FollowerState] INFO  impl.FollowerState (FollowerState.java:run(143)) - cf2b9c68-f8e7-4117-9e58-753acb5b2330@group-62AD16E7A214-FollowerState was interrupted: {}
java.lang.InterruptedException: sleep interrupted
	at java.lang.Thread.sleep(Native Method)
	at java.lang.Thread.sleep(Thread.java:340)
	at java.util.concurrent.TimeUnit.sleep(TimeUnit.java:386)
	at org.apache.ratis.util.TimeDuration.sleep(TimeDuration.java:324)
	at org.apache.ratis.util.TimeDuration.sleep(TimeDuration.java:309)
	at org.apache.ratis.server.impl.FollowerState.run(FollowerState.java:118)
2021-08-24 00:17:00,307 [ab986f2b-b69b-40e1-bbf9-db456b5b224c@group-62AD16E7A214-LeaderElection6] INFO  server.RaftServerConfigKeys (ConfUtils.java:logGet(44)) - raft.server.log.appender.snapshot.chunk.size.max = 16MB (=16777216) (default)
2021-08-24 00:17:00,308 [ab986f2b-b69b-40e1-bbf9-db456b5b224c@group-62AD16E7A214-LeaderElection6] INFO  server.RaftServerConfigKeys (ConfUtils.java:logGet(44)) - raft.server.log.appender.buffer.byte-limit = 33554432 (custom)
2021-08-24 00:17:00,308 [ab986f2b-b69b-40e1-bbf9-db456b5b224c@group-62AD16E7A214-LeaderElection6] INFO  server.RaftServerConfigKeys (ConfUtils.java:logGet(44)) - raft.server.log.appender.buffer.element-limit = 1 (custom)
2021-08-24 00:17:00,312 [ab986f2b-b69b-40e1-bbf9-db456b5b224c@group-62AD16E7A214-LeaderElection6] INFO  grpc.GrpcConfigKeys (ConfUtils.java:logGet(44)) - raft.grpc.server.leader.outstanding.appends.max = 128 (default)
2021-08-24 00:17:00,313 [ab986f2b-b69b-40e1-bbf9-db456b5b224c@group-62AD16E7A214-LeaderElection6] INFO  server.RaftServerConfigKeys (ConfUtils.java:logGet(44)) - raft.server.rpc.request.timeout = 3000ms (default)
2021-08-24 00:17:00,313 [ab986f2b-b69b-40e1-bbf9-db456b5b224c@group-62AD16E7A214-LeaderElection6] INFO  server.RaftServerConfigKeys (ConfUtils.java:logGet(44)) - raft.server.log.appender.install.snapshot.enabled = false (custom)
2021-08-24 00:17:00,317 [ab986f2b-b69b-40e1-bbf9-db456b5b224c@group-62AD16E7A214-LeaderElection6] INFO  server.RaftServerConfigKeys (ConfUtils.java:logGet(44)) - raft.server.log.appender.snapshot.chunk.size.max = 16MB (=16777216) (default)
2021-08-24 00:17:00,317 [ab986f2b-b69b-40e1-bbf9-db456b5b224c@group-62AD16E7A214-LeaderElection6] INFO  server.RaftServerConfigKeys (ConfUtils.java:logGet(44)) - raft.server.log.appender.buffer.byte-limit = 33554432 (custom)
2021-08-24 00:17:00,317 [ab986f2b-b69b-40e1-bbf9-db456b5b224c@group-62AD16E7A214-LeaderElection6] INFO  server.RaftServerConfigKeys (ConfUtils.java:logGet(44)) - raft.server.log.appender.buffer.element-limit = 1 (custom)
2021-08-24 00:17:00,317 [ab986f2b-b69b-40e1-bbf9-db456b5b224c@group-62AD16E7A214-LeaderElection6] INFO  grpc.GrpcConfigKeys (ConfUtils.java:logGet(44)) - raft.grpc.server.leader.outstanding.appends.max = 128 (default)
2021-08-24 00:17:00,317 [ab986f2b-b69b-40e1-bbf9-db456b5b224c@group-62AD16E7A214-LeaderElection6] INFO  server.RaftServerConfigKeys (ConfUtils.java:logGet(44)) - raft.server.rpc.request.timeout = 3000ms (default)
2021-08-24 00:17:00,317 [ab986f2b-b69b-40e1-bbf9-db456b5b224c@group-62AD16E7A214-LeaderElection6] INFO  server.RaftServerConfigKeys (ConfUtils.java:logGet(44)) - raft.server.log.appender.install.snapshot.enabled = false (custom)
2021-08-24 00:17:00,318 [ab986f2b-b69b-40e1-bbf9-db456b5b224c@group-62AD16E7A214-LeaderElection6] INFO  impl.RoleInfo (RoleInfo.java:updateAndGet(130)) - ab986f2b-b69b-40e1-bbf9-db456b5b224c: start ab986f2b-b69b-40e1-bbf9-db456b5b224c@group-62AD16E7A214-LeaderStateImpl
2021-08-24 00:17:00,319 [ab986f2b-b69b-40e1-bbf9-db456b5b224c@group-62AD16E7A214-LeaderElection6] INFO  segmented.SegmentedRaftLogWorker (SegmentedRaftLogWorker.java:startLogSegment(394)) - ab986f2b-b69b-40e1-bbf9-db456b5b224c@group-62AD16E7A214-SegmentedRaftLogWorker: Starting segment from index:0
2021-08-24 00:17:00,322 [ab986f2b-b69b-40e1-bbf9-db456b5b224c@group-62AD16E7A214-SegmentedRaftLogWorker] INFO  segmented.SegmentedRaftLogWorker (SegmentedRaftLogWorker.java:execute(601)) - ab986f2b-b69b-40e1-bbf9-db456b5b224c@group-62AD16E7A214-SegmentedRaftLogWorker: created new log segment /home/runner/work/ozone/ozone/hadoop-ozone/integration-test/target/test-dir/MiniOzoneClusterImpl-f2f09f11-e894-4079-b4a5-42fcd7f084ef/datanode-2/data/ratis/e02eff1f-5132-4c2d-96e7-62ad16e7a214/current/log_inprogress_0
2021-08-24 00:17:00,336 [ab986f2b-b69b-40e1-bbf9-db456b5b224c@group-62AD16E7A214-LeaderElection6] INFO  server.RaftServer$Division (ServerState.java:setRaftConf(387)) - ab986f2b-b69b-40e1-bbf9-db456b5b224c@group-62AD16E7A214: set configuration 0: [ab986f2b-b69b-40e1-bbf9-db456b5b224c|rpc:10.1.0.66:39351|dataStream:|priority:1, cf2b9c68-f8e7-4117-9e58-753acb5b2330|rpc:10.1.0.66:39703|dataStream:|priority:0, 298128a7-05d4-41f3-a630-0ff919e37e97|rpc:10.1.0.66:34767|dataStream:|priority:0], old=null
2021-08-24 00:17:00,341 [grpc-default-executor-1] INFO  server.RaftServer$Division (RaftServerImpl.java:requestVote(1043)) - 298128a7-05d4-41f3-a630-0ff919e37e97@group-62AD16E7A214: receive requestVote(ELECTION, cf2b9c68-f8e7-4117-9e58-753acb5b2330, group-62AD16E7A214, 3, (t:0, i:0))
2021-08-24 00:17:00,341 [grpc-default-executor-2] INFO  server.RaftServer$Division (RaftServerImpl.java:requestVote(1043)) - ab986f2b-b69b-40e1-bbf9-db456b5b224c@group-62AD16E7A214: receive requestVote(ELECTION, cf2b9c68-f8e7-4117-9e58-753acb5b2330, group-62AD16E7A214, 3, (t:0, i:0))
2021-08-24 00:17:00,341 [grpc-default-executor-1] INFO  impl.VoteContext (VoteContext.java:log(48)) - 298128a7-05d4-41f3-a630-0ff919e37e97@group-62AD16E7A214-FOLLOWER: accept ELECTION from cf2b9c68-f8e7-4117-9e58-753acb5b2330: our priority 0 <= candidate's priority 0
2021-08-24 00:17:00,341 [grpc-default-executor-1] INFO  server.RaftServer$Division (RaftServerImpl.java:setRole(285)) - 298128a7-05d4-41f3-a630-0ff919e37e97@group-62AD16E7A214: changes role from  FOLLOWER to FOLLOWER at term 3 for candidate:cf2b9c68-f8e7-4117-9e58-753acb5b2330
2021-08-24 00:17:00,341 [grpc-default-executor-1] INFO  impl.RoleInfo (RoleInfo.java:shutdownFollowerState(108)) - 298128a7-05d4-41f3-a630-0ff919e37e97: shutdown 298128a7-05d4-41f3-a630-0ff919e37e97@group-62AD16E7A214-FollowerState
2021-08-24 00:17:00,341 [grpc-default-executor-1] INFO  impl.RoleInfo (RoleInfo.java:updateAndGet(130)) - 298128a7-05d4-41f3-a630-0ff919e37e97: start 298128a7-05d4-41f3-a630-0ff919e37e97@group-62AD16E7A214-FollowerState
2021-08-24 00:17:00,341 [298128a7-05d4-41f3-a630-0ff919e37e97@group-62AD16E7A214-FollowerState] INFO  impl.FollowerState (FollowerState.java:run(143)) - 298128a7-05d4-41f3-a630-0ff919e37e97@group-62AD16E7A214-FollowerState was interrupted: {}
java.lang.InterruptedException: sleep interrupted
	at java.lang.Thread.sleep(Native Method)
	at java.lang.Thread.sleep(Thread.java:340)
	at java.util.concurrent.TimeUnit.sleep(TimeUnit.java:386)
	at org.apache.ratis.util.TimeDuration.sleep(TimeDuration.java:324)
	at org.apache.ratis.util.TimeDuration.sleep(TimeDuration.java:309)
	at org.apache.ratis.server.impl.FollowerState.run(FollowerState.java:118)
2021-08-24 00:17:00,349 [grpc-default-executor-1] INFO  server.RaftServer$Division (RaftServerImpl.java:requestVote(1075)) - 298128a7-05d4-41f3-a630-0ff919e37e97@group-62AD16E7A214 replies to ELECTION vote request: cf2b9c68-f8e7-4117-9e58-753acb5b2330<-298128a7-05d4-41f3-a630-0ff919e37e97#0:OK-t3. Peer's state: 298128a7-05d4-41f3-a630-0ff919e37e97@group-62AD16E7A214:t3, leader=null, voted=cf2b9c68-f8e7-4117-9e58-753acb5b2330, raftlog=298128a7-05d4-41f3-a630-0ff919e37e97@group-62AD16E7A214-SegmentedRaftLog:OPENED:c-1,f-1,i0, conf=-1: [ab986f2b-b69b-40e1-bbf9-db456b5b224c|rpc:10.1.0.66:39351|priority:1, cf2b9c68-f8e7-4117-9e58-753acb5b2330|rpc:10.1.0.66:39703|priority:0, 298128a7-05d4-41f3-a630-0ff919e37e97|rpc:10.1.0.66:34767|priority:0], old=null
2021-08-24 00:17:00,353 [grpc-default-executor-2] INFO  impl.VoteContext (VoteContext.java:log(48)) - ab986f2b-b69b-40e1-bbf9-db456b5b224c@group-62AD16E7A214-LEADER: reject ELECTION from cf2b9c68-f8e7-4117-9e58-753acb5b2330: our last entry (t:2, i:0) > candidate's last entry (t:0, i:0)
2021-08-24 00:17:00,354 [grpc-default-executor-2] INFO  server.RaftServer$Division (ServerState.java:setLeader(285)) - ab986f2b-b69b-40e1-bbf9-db456b5b224c@group-62AD16E7A214: change Leader from ab986f2b-b69b-40e1-bbf9-db456b5b224c to null at term 3 for updateCurrentTerm
2021-08-24 00:17:00,354 [grpc-default-executor-2] INFO  server.RaftServer$Division (RaftServerImpl.java:setRole(285)) - ab986f2b-b69b-40e1-bbf9-db456b5b224c@group-62AD16E7A214: changes role from    LEADER to FOLLOWER at term 3 for candidate:cf2b9c68-f8e7-4117-9e58-753acb5b2330
2021-08-24 00:17:00,354 [grpc-default-executor-2] INFO  impl.RoleInfo (RoleInfo.java:shutdownLeaderState(91)) - ab986f2b-b69b-40e1-bbf9-db456b5b224c: shutdown ab986f2b-b69b-40e1-bbf9-db456b5b224c@group-62AD16E7A214-LeaderStateImpl
2021-08-24 00:17:00,355 [grpc-default-executor-2] INFO  impl.PendingRequests (PendingRequests.java:sendNotLeaderResponses(282)) - ab986f2b-b69b-40e1-bbf9-db456b5b224c@group-62AD16E7A214-PendingRequests: sendNotLeaderResponses
2021-08-24 00:17:00,356 [grpc-default-executor-2] INFO  impl.RoleInfo (RoleInfo.java:updateAndGet(130)) - ab986f2b-b69b-40e1-bbf9-db456b5b224c: start ab986f2b-b69b-40e1-bbf9-db456b5b224c@group-62AD16E7A214-FollowerState
2021-08-24 00:17:00,376 [grpc-default-executor-3] INFO  server.GrpcServerProtocolService (GrpcServerProtocolService.java:onCompleted(140)) - 298128a7-05d4-41f3-a630-0ff919e37e97: Completed APPEND_ENTRIES, lastRequest: null
2021-08-24 00:17:00,381 [grpc-default-executor-4] INFO  server.GrpcServerProtocolService (GrpcServerProtocolService.java:onCompleted(140)) - cf2b9c68-f8e7-4117-9e58-753acb5b2330: Completed APPEND_ENTRIES, lastRequest: null
2021-08-24 00:17:00,383 [grpc-default-executor-2] INFO  server.RaftServer$Division (RaftServerImpl.java:requestVote(1075)) - ab986f2b-b69b-40e1-bbf9-db456b5b224c@group-62AD16E7A214 replies to ELECTION vote request: cf2b9c68-f8e7-4117-9e58-753acb5b2330<-ab986f2b-b69b-40e1-bbf9-db456b5b224c#0:FAIL-t3. Peer's state: ab986f2b-b69b-40e1-bbf9-db456b5b224c@group-62AD16E7A214:t3, leader=null, voted=null, raftlog=ab986f2b-b69b-40e1-bbf9-db456b5b224c@group-62AD16E7A214-SegmentedRaftLog:OPENED:c0,f0,i0, conf=0: [ab986f2b-b69b-40e1-bbf9-db456b5b224c|rpc:10.1.0.66:39351|dataStream:|priority:1, cf2b9c68-f8e7-4117-9e58-753acb5b2330|rpc:10.1.0.66:39703|dataStream:|priority:0, 298128a7-05d4-41f3-a630-0ff919e37e97|rpc:10.1.0.66:34767|dataStream:|priority:0], old=null
2021-08-24 00:17:00,383 [grpc-default-executor-1] INFO  server.GrpcLogAppender (GrpcLogAppender.java:onCompleted(344)) - ab986f2b-b69b-40e1-bbf9-db456b5b224c@group-62AD16E7A214->cf2b9c68-f8e7-4117-9e58-753acb5b2330-AppendLogResponseHandler: follower responses appendEntries COMPLETED
2021-08-24 00:17:00,384 [Listener at 127.0.0.1/37475] INFO  ozone.MiniOzoneClusterImpl (MiniOzoneClusterImpl.java:lambda$waitForClusterToBeReady$0(235)) - Nodes are ready. Got 3 of 3 DN Heartbeats.
2021-08-24 00:17:00,388 [Listener at 127.0.0.1/37475] INFO  ozone.MiniOzoneClusterImpl (MiniOzoneClusterImpl.java:lambda$waitForClusterToBeReady$0(238)) - Cluster exits safe mode
2021-08-24 00:17:00,388 [Listener at 127.0.0.1/37475] INFO  ozone.MiniOzoneClusterImpl (MiniOzoneClusterImpl.java:lambda$waitForClusterToBeReady$0(240)) - SCM became leader
2021-08-24 00:17:00,385 [grpc-default-executor-0] INFO  server.GrpcLogAppender (GrpcLogAppender.java:onCompleted(344)) - ab986f2b-b69b-40e1-bbf9-db456b5b224c@group-62AD16E7A214->298128a7-05d4-41f3-a630-0ff919e37e97-AppendLogResponseHandler: follower responses appendEntries COMPLETED
2021-08-24 00:17:00,388 [grpc-default-executor-1] INFO  leader.FollowerInfo (FollowerInfoImpl.java:lambda$new$0(46)) - ab986f2b-b69b-40e1-bbf9-db456b5b224c@group-62AD16E7A214->cf2b9c68-f8e7-4117-9e58-753acb5b2330: nextIndex: updateUnconditionally 0 -> 0
2021-08-24 00:17:00,388 [cf2b9c68-f8e7-4117-9e58-753acb5b2330@group-62AD16E7A214-LeaderElection7] INFO  impl.LeaderElection (LeaderElection.java:logAndReturn(89)) - cf2b9c68-f8e7-4117-9e58-753acb5b2330@group-62AD16E7A214-LeaderElection7: ELECTION REJECTED received 2 response(s) and 0 exception(s):
2021-08-24 00:17:00,388 [cf2b9c68-f8e7-4117-9e58-753acb5b2330@group-62AD16E7A214-LeaderElection7] INFO  impl.LeaderElection (LeaderElection.java:logAndReturn(93)) -   Response 0: cf2b9c68-f8e7-4117-9e58-753acb5b2330<-ab986f2b-b69b-40e1-bbf9-db456b5b224c#0:FAIL-t3
2021-08-24 00:17:00,388 [cf2b9c68-f8e7-4117-9e58-753acb5b2330@group-62AD16E7A214-LeaderElection7] INFO  impl.LeaderElection (LeaderElection.java:logAndReturn(93)) -   Response 1: cf2b9c68-f8e7-4117-9e58-753acb5b2330<-298128a7-05d4-41f3-a630-0ff919e37e97#0:OK-t3
2021-08-24 00:17:00,388 [cf2b9c68-f8e7-4117-9e58-753acb5b2330@group-62AD16E7A214-LeaderElection7] INFO  impl.LeaderElection (LeaderElection.java:askForVotes(308)) - cf2b9c68-f8e7-4117-9e58-753acb5b2330@group-62AD16E7A214-LeaderElection7 ELECTION round 0: result REJECTED
2021-08-24 00:17:00,388 [cf2b9c68-f8e7-4117-9e58-753acb5b2330@group-62AD16E7A214-LeaderElection7] INFO  server.RaftServer$Division (RaftServerImpl.java:setRole(285)) - cf2b9c68-f8e7-4117-9e58-753acb5b2330@group-62AD16E7A214: changes role from CANDIDATE to FOLLOWER at term 3 for REJECTED
2021-08-24 00:17:00,388 [cf2b9c68-f8e7-4117-9e58-753acb5b2330@group-62AD16E7A214-LeaderElection7] INFO  impl.RoleInfo (RoleInfo.java:shutdownLeaderElection(121)) - cf2b9c68-f8e7-4117-9e58-753acb5b2330: shutdown cf2b9c68-f8e7-4117-9e58-753acb5b2330@group-62AD16E7A214-LeaderElection7
2021-08-24 00:17:00,388 [cf2b9c68-f8e7-4117-9e58-753acb5b2330@group-62AD16E7A214-LeaderElection7] INFO  impl.RoleInfo (RoleInfo.java:updateAndGet(130)) - cf2b9c68-f8e7-4117-9e58-753acb5b2330: start cf2b9c68-f8e7-4117-9e58-753acb5b2330@group-62AD16E7A214-FollowerState
2021-08-24 00:17:00,389 [grpc-default-executor-0] INFO  leader.FollowerInfo (FollowerInfoImpl.java:lambda$new$0(46)) - ab986f2b-b69b-40e1-bbf9-db456b5b224c@group-62AD16E7A214->298128a7-05d4-41f3-a630-0ff919e37e97: nextIndex: updateUnconditionally 0 -> 0
2021-08-24 00:17:00,792 [Listener at 127.0.0.1/37475] INFO  rpc.RpcClient (RpcClient.java:createVolume(342)) - Creating Volume: testcontainerstatemachinefailures, with runner as owner and space quota set to -1 bytes, counts quota set to -1
2021-08-24 00:17:00,840 [OM StateMachine ApplyTransaction Thread - 0] INFO  volume.OMVolumeCreateRequest (OMVolumeCreateRequest.java:validateAndUpdateCache(195)) - created volume:testcontainerstatemachinefailures for user:runner
2021-08-24 00:17:00,866 [Listener at 127.0.0.1/37475] INFO  rpc.RpcClient (RpcClient.java:createBucket(502)) - Creating Bucket: testcontainerstatemachinefailures/testcontainerstatemachinefailures, with Versioning false and Storage Type set to DISK and Encryption set to false 
2021-08-24 00:17:00,925 [IPC Server handler 0 on default port 46199] INFO  ha.SequenceIdGenerator (SequenceIdGenerator.java:getNextId(127)) - Allocate a batch for containerId, change lastId from 0 to 1000.
2021-08-24 00:17:00,935 [IPC Server handler 0 on default port 46199] WARN  ha.SequenceIdGenerator (SequenceIdGenerator.java:allocateBatch(234)) - Failed to allocate a batch for localId, expected lastId is 0, actual lastId is 107544261427200000.
2021-08-24 00:17:00,935 [IPC Server handler 0 on default port 46199] INFO  ha.SequenceIdGenerator (SequenceIdGenerator.java:getNextId(127)) - Allocate a batch for localId, change lastId from 107544261427200000 to 107544261427201000.
2021-08-24 00:17:01,009 [Listener at 127.0.0.1/37475] INFO  impl.MetricsSystemImpl (MetricsSystemImpl.java:init(158)) - XceiverClientMetrics metrics system started (again)
]]></system-out>
  </testcase>
</testsuite>