<?xml version="1.0" encoding="UTF-8"?>
<testsuite xmlns:xsi="http://www.w3.org/2001/XMLSchema-instance" xsi:noNamespaceSchemaLocation="https://maven.apache.org/surefire/maven-surefire-plugin/xsd/surefire-test-report.xsd" name="org.apache.hadoop.ozone.client.rpc.TestWatchForCommit" time="281.973" tests="4" errors="0" skipped="0" failures="1">
  <properties>
    <property name="awt.toolkit" value="sun.awt.X11.XToolkit"/>
    <property name="file.encoding.pkg" value="sun.io"/>
    <property name="java.specification.version" value="1.8"/>
    <property name="sun.cpu.isalist" value=""/>
    <property name="sun.jnu.encoding" value="UTF-8"/>
    <property name="java.class.path" value="/home/runner/work/ozone/ozone/hadoop-ozone/integration-test/target/test-classes:/home/runner/work/ozone/ozone/hadoop-ozone/integration-test/target/classes:/home/runner/.m2/repository/org/apache/ozone/ozone-common/1.2.0-SNAPSHOT/ozone-common-1.2.0-SNAPSHOT.jar:/home/runner/.m2/repository/org/apache/commons/commons-compress/1.20/commons-compress-1.20.jar:/home/runner/.m2/repository/org/apache/ozone/hdds-common/1.2.0-SNAPSHOT/hdds-common-1.2.0-SNAPSHOT.jar:/home/runner/.m2/repository/org/apache/ozone/hdds-client/1.2.0-SNAPSHOT/hdds-client-1.2.0-SNAPSHOT.jar:/home/runner/.m2/repository/org/apache/ozone/ozone-interface-client/1.2.0-SNAPSHOT/ozone-interface-client-1.2.0-SNAPSHOT.jar:/home/runner/.m2/repository/org/apache/ozone/hdds-server-framework/1.2.0-SNAPSHOT/hdds-server-framework-1.2.0-SNAPSHOT.jar:/home/runner/.m2/repository/org/apache/ozone/hdds-interface-server/1.2.0-SNAPSHOT/hdds-interface-server-1.2.0-SNAPSHOT.jar:/home/runner/.m2/repository/org/eclipse/jetty/jetty-servlet/9.4.43.v20210629/jetty-servlet-9.4.43.v20210629.jar:/home/runner/.m2/repository/org/eclipse/jetty/jetty-security/9.4.43.v20210629/jetty-security-9.4.43.v20210629.jar:/home/runner/.m2/repository/org/rocksdb/rocksdbjni/6.20.3/rocksdbjni-6.20.3.jar:/home/runner/.m2/repository/io/prometheus/simpleclient_dropwizard/0.7.0/simpleclient_dropwizard-0.7.0.jar:/home/runner/.m2/repository/io/prometheus/simpleclient/0.7.0/simpleclient-0.7.0.jar:/home/runner/.m2/repository/io/prometheus/simpleclient_common/0.7.0/simpleclient_common-0.7.0.jar:/home/runner/.m2/repository/com/fasterxml/jackson/datatype/jackson-datatype-jsr310/2.12.1/jackson-datatype-jsr310-2.12.1.jar:/home/runner/.m2/repository/org/apache/ozone/hdds-test-utils/1.2.0-SNAPSHOT/hdds-test-utils-1.2.0-SNAPSHOT.jar:/home/runner/.m2/repository/com/google/guava/guava/30.1.1-jre/guava-30.1.1-jre.jar:/home/runner/.m2/repository/com/google/guava/failureaccess/1.0.1/failureaccess-1.0.1.jar:/home/runner/.m2/repository/com/google/guava/listenablefuture/9999.0-empty-to-avoid-conflict-with-guava/listenablefuture-9999.0-empty-to-avoid-conflict-with-guava.jar:/home/runner/.m2/repository/com/google/code/findbugs/jsr305/3.0.0/jsr305-3.0.0.jar:/home/runner/.m2/repository/org/checkerframework/checker-qual/3.8.0/checker-qual-3.8.0.jar:/home/runner/.m2/repository/com/google/errorprone/error_prone_annotations/2.2.0/error_prone_annotations-2.2.0.jar:/home/runner/.m2/repository/com/google/j2objc/j2objc-annotations/1.3/j2objc-annotations-1.3.jar:/home/runner/.m2/repository/commons-io/commons-io/2.8.0/commons-io-2.8.0.jar:/home/runner/.m2/repository/commons-logging/commons-logging/1.2/commons-logging-1.2.jar:/home/runner/.m2/repository/log4j/log4j/1.2.17/log4j-1.2.17.jar:/home/runner/.m2/repository/org/slf4j/slf4j-api/1.7.30/slf4j-api-1.7.30.jar:/home/runner/.m2/repository/org/apache/ozone/hdds-server-scm/1.2.0-SNAPSHOT/hdds-server-scm-1.2.0-SNAPSHOT.jar:/home/runner/.m2/repository/org/apache/ozone/hdds-container-service/1.2.0-SNAPSHOT/hdds-container-service-1.2.0-SNAPSHOT.jar:/home/runner/.m2/repository/org/apache/ozone/hdds-hadoop-dependency-server/1.2.0-SNAPSHOT/hdds-hadoop-dependency-server-1.2.0-SNAPSHOT.jar:/home/runner/.m2/repository/org/apache/hadoop/hadoop-hdfs/3.3.1/hadoop-hdfs-3.3.1.jar:/home/runner/.m2/repository/io/dropwizard/metrics/metrics-core/3.2.4/metrics-core-3.2.4.jar:/home/runner/.m2/repository/org/apache/hadoop/hadoop-hdfs-client/3.3.1/hadoop-hdfs-client-3.3.1.jar:/home/runner/.m2/repository/org/bouncycastle/bcprov-jdk15on/1.67/bcprov-jdk15on-1.67.jar:/home/runner/.m2/repository/com/google/protobuf/protobuf-java/2.5.0/protobuf-java-2.5.0.jar:/home/runner/.m2/repository/org/apache/ozone/ozone-manager/1.2.0-SNAPSHOT/ozone-manager-1.2.0-SNAPSHOT.jar:/home/runner/.m2/repository/org/aspectj/aspectjrt/1.8.9/aspectjrt-1.8.9.jar:/home/runner/.m2/repository/org/aspectj/aspectjweaver/1.8.9/aspectjweaver-1.8.9.jar:/home/runner/.m2/repository/org/apache/ozone/hdds-interface-client/1.2.0-SNAPSHOT/hdds-interface-client-1.2.0-SNAPSHOT.jar:/home/runner/.m2/repository/org/apache/hadoop/thirdparty/hadoop-shaded-protobuf_3_7/1.1.1/hadoop-shaded-protobuf_3_7-1.1.1.jar:/home/runner/.m2/repository/org/apache/ozone/ozone-interface-storage/1.2.0-SNAPSHOT/ozone-interface-storage-1.2.0-SNAPSHOT.jar:/home/runner/.m2/repository/org/reflections/reflections/0.9.11/reflections-0.9.11.jar:/home/runner/.m2/repository/org/apache/hadoop/hadoop-minikdc/3.3.1/hadoop-minikdc-3.3.1.jar:/home/runner/.m2/repository/org/apache/kerby/kerb-simplekdc/1.0.1/kerb-simplekdc-1.0.1.jar:/home/runner/.m2/repository/org/apache/kerby/kerb-client/1.0.1/kerb-client-1.0.1.jar:/home/runner/.m2/repository/org/apache/kerby/kerby-config/1.0.1/kerby-config-1.0.1.jar:/home/runner/.m2/repository/org/apache/kerby/kerb-common/1.0.1/kerb-common-1.0.1.jar:/home/runner/.m2/repository/org/apache/kerby/kerb-crypto/1.0.1/kerb-crypto-1.0.1.jar:/home/runner/.m2/repository/org/apache/kerby/kerb-util/1.0.1/kerb-util-1.0.1.jar:/home/runner/.m2/repository/org/apache/kerby/token-provider/1.0.1/token-provider-1.0.1.jar:/home/runner/.m2/repository/org/apache/kerby/kerb-admin/1.0.1/kerb-admin-1.0.1.jar:/home/runner/.m2/repository/org/apache/kerby/kerb-server/1.0.1/kerb-server-1.0.1.jar:/home/runner/.m2/repository/org/apache/kerby/kerb-identity/1.0.1/kerb-identity-1.0.1.jar:/home/runner/.m2/repository/org/apache/kerby/kerby-xdr/1.0.1/kerby-xdr-1.0.1.jar:/home/runner/.m2/repository/org/slf4j/slf4j-log4j12/1.7.30/slf4j-log4j12-1.7.30.jar:/home/runner/.m2/repository/org/apache/ozone/ozone-s3gateway/1.2.0-SNAPSHOT/ozone-s3gateway-1.2.0-SNAPSHOT.jar:/home/runner/.m2/repository/org/javassist/javassist/3.21.0-GA/javassist-3.21.0-GA.jar:/home/runner/.m2/repository/org/jboss/weld/servlet/weld-servlet/2.4.7.Final/weld-servlet-2.4.7.Final.jar:/home/runner/.m2/repository/org/glassfish/jersey/containers/jersey-container-servlet-core/2.33/jersey-container-servlet-core-2.33.jar:/home/runner/.m2/repository/org/glassfish/hk2/external/jakarta.inject/2.6.1/jakarta.inject-2.6.1.jar:/home/runner/.m2/repository/org/glassfish/jersey/core/jersey-common/2.33/jersey-common-2.33.jar:/home/runner/.m2/repository/jakarta/ws/rs/jakarta.ws.rs-api/2.1.6/jakarta.ws.rs-api-2.1.6.jar:/home/runner/.m2/repository/org/glassfish/jersey/ext/cdi/jersey-cdi1x/2.33/jersey-cdi1x-2.33.jar:/home/runner/.m2/repository/org/glassfish/jersey/inject/jersey-hk2/2.33/jersey-hk2-2.33.jar:/home/runner/.m2/repository/org/glassfish/hk2/hk2-locator/2.6.1/hk2-locator-2.6.1.jar:/home/runner/.m2/repository/org/glassfish/jersey/media/jersey-media-jaxb/2.33/jersey-media-jaxb-2.33.jar:/home/runner/.m2/repository/org/glassfish/hk2/osgi-resource-locator/1.0.3/osgi-resource-locator-1.0.3.jar:/home/runner/.m2/repository/org/glassfish/hk2/hk2-api/2.5.0/hk2-api-2.5.0.jar:/home/runner/.m2/repository/org/glassfish/hk2/hk2-utils/2.5.0/hk2-utils-2.5.0.jar:/home/runner/.m2/repository/org/glassfish/hk2/external/aopalliance-repackaged/2.5.0/aopalliance-repackaged-2.5.0.jar:/home/runner/.m2/repository/com/fasterxml/jackson/dataformat/jackson-dataformat-xml/2.12.1/jackson-dataformat-xml-2.12.1.jar:/home/runner/.m2/repository/com/fasterxml/jackson/core/jackson-core/2.12.1/jackson-core-2.12.1.jar:/home/runner/.m2/repository/com/fasterxml/jackson/module/jackson-module-jaxb-annotations/2.12.1/jackson-module-jaxb-annotations-2.12.1.jar:/home/runner/.m2/repository/jakarta/xml/bind/jakarta.xml.bind-api/2.3.2/jakarta.xml.bind-api-2.3.2.jar:/home/runner/.m2/repository/org/codehaus/woodstox/stax2-api/3.1.4/stax2-api-3.1.4.jar:/home/runner/.m2/repository/com/fasterxml/woodstox/woodstox-core/5.0.3/woodstox-core-5.0.3.jar:/home/runner/.m2/repository/javax/enterprise/cdi-api/1.2/cdi-api-1.2.jar:/home/runner/.m2/repository/javax/el/javax.el-api/3.0.0/javax.el-api-3.0.0.jar:/home/runner/.m2/repository/javax/interceptor/javax.interceptor-api/1.2/javax.interceptor-api-1.2.jar:/home/runner/.m2/repository/javax/inject/javax.inject/1/javax.inject-1.jar:/home/runner/.m2/repository/javax/xml/bind/jaxb-api/2.3.0/jaxb-api-2.3.0.jar:/home/runner/.m2/repository/org/glassfish/jaxb/jaxb-runtime/2.3.0.1/jaxb-runtime-2.3.0.1.jar:/home/runner/.m2/repository/org/glassfish/jaxb/jaxb-core/2.3.0.1/jaxb-core-2.3.0.1.jar:/home/runner/.m2/repository/org/glassfish/jaxb/txw2/2.3.0.1/txw2-2.3.0.1.jar:/home/runner/.m2/repository/com/sun/istack/istack-commons-runtime/3.0.5/istack-commons-runtime-3.0.5.jar:/home/runner/.m2/repository/org/jvnet/staxex/stax-ex/1.7.8/stax-ex-1.7.8.jar:/home/runner/.m2/repository/com/sun/xml/fastinfoset/FastInfoset/1.2.13/FastInfoset-1.2.13.jar:/home/runner/.m2/repository/javax/activation/activation/1.1.1/activation-1.1.1.jar:/home/runner/.m2/repository/org/apache/ozone/ozone-csi/1.2.0-SNAPSHOT/ozone-csi-1.2.0-SNAPSHOT.jar:/home/runner/.m2/repository/com/google/protobuf/protobuf-java-util/3.12.0/protobuf-java-util-3.12.0.jar:/home/runner/.m2/repository/com/google/code/gson/gson/2.2.4/gson-2.2.4.jar:/home/runner/.m2/repository/org/apache/ozone/hdds-config/1.2.0-SNAPSHOT/hdds-config-1.2.0-SNAPSHOT.jar:/home/runner/.m2/repository/io/grpc/grpc-netty/1.33.0/grpc-netty-1.33.0.jar:/home/runner/.m2/repository/io/grpc/grpc-core/1.33.0/grpc-core-1.33.0.jar:/home/runner/.m2/repository/com/google/android/annotations/4.1.1.4/annotations-4.1.1.4.jar:/home/runner/.m2/repository/io/netty/netty-codec-http2/4.1.63.Final/netty-codec-http2-4.1.63.Final.jar:/home/runner/.m2/repository/io/netty/netty-codec-http/4.1.63.Final/netty-codec-http-4.1.63.Final.jar:/home/runner/.m2/repository/io/netty/netty-handler-proxy/4.1.63.Final/netty-handler-proxy-4.1.63.Final.jar:/home/runner/.m2/repository/io/netty/netty-codec-socks/4.1.63.Final/netty-codec-socks-4.1.63.Final.jar:/home/runner/.m2/repository/io/perfmark/perfmark-api/0.19.0/perfmark-api-0.19.0.jar:/home/runner/.m2/repository/org/codehaus/mojo/animal-sniffer-annotations/1.18/animal-sniffer-annotations-1.18.jar:/home/runner/.m2/repository/io/netty/netty-transport-native-epoll/4.1.63.Final/netty-transport-native-epoll-4.1.63.Final.jar:/home/runner/.m2/repository/io/netty/netty-common/4.1.63.Final/netty-common-4.1.63.Final.jar:/home/runner/.m2/repository/io/netty/netty-buffer/4.1.63.Final/netty-buffer-4.1.63.Final.jar:/home/runner/.m2/repository/io/netty/netty-transport-native-unix-common/4.1.63.Final/netty-transport-native-unix-common-4.1.63.Final.jar:/home/runner/.m2/repository/io/grpc/grpc-protobuf/1.33.0/grpc-protobuf-1.33.0.jar:/home/runner/.m2/repository/io/grpc/grpc-api/1.33.0/grpc-api-1.33.0.jar:/home/runner/.m2/repository/io/grpc/grpc-context/1.33.0/grpc-context-1.33.0.jar:/home/runner/.m2/repository/com/google/api/grpc/proto-google-common-protos/1.17.0/proto-google-common-protos-1.17.0.jar:/home/runner/.m2/repository/io/grpc/grpc-protobuf-lite/1.33.0/grpc-protobuf-lite-1.33.0.jar:/home/runner/.m2/repository/io/grpc/grpc-stub/1.33.0/grpc-stub-1.33.0.jar:/home/runner/.m2/repository/org/apache/ozone/ozone-recon/1.2.0-SNAPSHOT/ozone-recon-1.2.0-SNAPSHOT.jar:/home/runner/.m2/repository/org/apache/ozone/ozone-reconcodegen/1.2.0-SNAPSHOT/ozone-reconcodegen-1.2.0-SNAPSHOT.jar:/home/runner/.m2/repository/com/google/inject/extensions/guice-multibindings/4.0/guice-multibindings-4.0.jar:/home/runner/.m2/repository/com/google/inject/guice/4.0/guice-4.0.jar:/home/runner/.m2/repository/aopalliance/aopalliance/1.0/aopalliance-1.0.jar:/home/runner/.m2/repository/com/google/inject/extensions/guice-assistedinject/4.0/guice-assistedinject-4.0.jar:/home/runner/.m2/repository/com/google/inject/extensions/guice-servlet/4.0/guice-servlet-4.0.jar:/home/runner/.m2/repository/org/glassfish/jersey/containers/jersey-container-servlet/2.33/jersey-container-servlet-2.33.jar:/home/runner/.m2/repository/org/glassfish/hk2/guice-bridge/2.5.0/guice-bridge-2.5.0.jar:/home/runner/.m2/repository/org/glassfish/jersey/core/jersey-server/2.33/jersey-server-2.33.jar:/home/runner/.m2/repository/org/glassfish/jersey/core/jersey-client/2.33/jersey-client-2.33.jar:/home/runner/.m2/repository/jakarta/annotation/jakarta.annotation-api/1.3.5/jakarta.annotation-api-1.3.5.jar:/home/runner/.m2/repository/jakarta/validation/jakarta.validation-api/2.0.2/jakarta.validation-api-2.0.2.jar:/home/runner/.m2/repository/org/glassfish/jersey/media/jersey-media-json-jackson/2.33/jersey-media-json-jackson-2.33.jar:/home/runner/.m2/repository/org/glassfish/jersey/ext/jersey-entity-filtering/2.33/jersey-entity-filtering-2.33.jar:/home/runner/.m2/repository/org/jooq/jooq/3.11.10/jooq-3.11.10.jar:/home/runner/.m2/repository/org/jooq/jooq-meta/3.11.10/jooq-meta-3.11.10.jar:/home/runner/.m2/repository/org/jooq/jooq-codegen/3.11.10/jooq-codegen-3.11.10.jar:/home/runner/.m2/repository/com/jolbox/bonecp/0.8.0.RELEASE/bonecp-0.8.0.RELEASE.jar:/home/runner/.m2/repository/org/apache/derby/derby/10.14.2.0/derby-10.14.2.0.jar:/home/runner/.m2/repository/org/xerial/sqlite-jdbc/3.25.2/sqlite-jdbc-3.25.2.jar:/home/runner/.m2/repository/org/springframework/spring-jdbc/5.2.11.RELEASE/spring-jdbc-5.2.11.RELEASE.jar:/home/runner/.m2/repository/org/springframework/spring-beans/5.2.11.RELEASE/spring-beans-5.2.11.RELEASE.jar:/home/runner/.m2/repository/org/springframework/spring-core/5.2.11.RELEASE/spring-core-5.2.11.RELEASE.jar:/home/runner/.m2/repository/org/springframework/spring-jcl/5.2.11.RELEASE/spring-jcl-5.2.11.RELEASE.jar:/home/runner/.m2/repository/org/springframework/spring-tx/5.2.11.RELEASE/spring-tx-5.2.11.RELEASE.jar:/home/runner/.m2/repository/org/apache/ozone/ozone-client/1.2.0-SNAPSHOT/ozone-client-1.2.0-SNAPSHOT.jar:/home/runner/.m2/repository/org/apache/ozone/ozone-filesystem/1.2.0-SNAPSHOT/ozone-filesystem-1.2.0-SNAPSHOT.jar:/home/runner/.m2/repository/org/apache/ozone/ozone-filesystem-common/1.2.0-SNAPSHOT/ozone-filesystem-common-1.2.0-SNAPSHOT.jar:/home/runner/.m2/repository/org/apache/ozone/ozone-tools/1.2.0-SNAPSHOT/ozone-tools-1.2.0-SNAPSHOT.jar:/home/runner/.m2/repository/org/apache/ratis/ratis-tools/2.1.0-03f3b68-SNAPSHOT/ratis-tools-2.1.0-03f3b68-SNAPSHOT.jar:/home/runner/.m2/repository/com/amazonaws/aws-java-sdk-core/1.11.901/aws-java-sdk-core-1.11.901.jar:/home/runner/.m2/repository/org/apache/httpcomponents/httpclient/4.5.13/httpclient-4.5.13.jar:/home/runner/.m2/repository/org/apache/httpcomponents/httpcore/4.4.13/httpcore-4.4.13.jar:/home/runner/.m2/repository/software/amazon/ion/ion-java/1.0.2/ion-java-1.0.2.jar:/home/runner/.m2/repository/com/fasterxml/jackson/dataformat/jackson-dataformat-cbor/2.12.1/jackson-dataformat-cbor-2.12.1.jar:/home/runner/.m2/repository/joda-time/joda-time/2.8.1/joda-time-2.8.1.jar:/home/runner/.m2/repository/com/amazonaws/aws-java-sdk-s3/1.11.901/aws-java-sdk-s3-1.11.901.jar:/home/runner/.m2/repository/com/amazonaws/aws-java-sdk-kms/1.11.901/aws-java-sdk-kms-1.11.901.jar:/home/runner/.m2/repository/com/amazonaws/jmespath-java/1.11.901/jmespath-java-1.11.901.jar:/home/runner/.m2/repository/org/kohsuke/metainf-services/metainf-services/1.8/metainf-services-1.8.jar:/home/runner/.m2/repository/org/apache/ozone/hdds-tools/1.2.0-SNAPSHOT/hdds-tools-1.2.0-SNAPSHOT.jar:/home/runner/.m2/repository/commons-cli/commons-cli/1.2/commons-cli-1.2.jar:/home/runner/.m2/repository/org/apache/commons/commons-lang3/3.7/commons-lang3-3.7.jar:/home/runner/.m2/repository/org/apache/ozone/ozone-manager/1.2.0-SNAPSHOT/ozone-manager-1.2.0-SNAPSHOT-tests.jar:/home/runner/.m2/repository/org/apache/ozone/hdds-common/1.2.0-SNAPSHOT/hdds-common-1.2.0-SNAPSHOT-tests.jar:/home/runner/.m2/repository/org/apache/ozone/hdds-hadoop-dependency-client/1.2.0-SNAPSHOT/hdds-hadoop-dependency-client-1.2.0-SNAPSHOT.jar:/home/runner/.m2/repository/info/picocli/picocli/4.4.0/picocli-4.4.0.jar:/home/runner/.m2/repository/com/fasterxml/jackson/core/jackson-annotations/2.12.1/jackson-annotations-2.12.1.jar:/home/runner/.m2/repository/javax/annotation/javax.annotation-api/1.2/javax.annotation-api-1.2.jar:/home/runner/.m2/repository/org/apache/ratis/ratis-server/2.1.0-03f3b68-SNAPSHOT/ratis-server-2.1.0-03f3b68-SNAPSHOT.jar:/home/runner/.m2/repository/org/apache/ratis/ratis-client/2.1.0-03f3b68-SNAPSHOT/ratis-client-2.1.0-03f3b68-SNAPSHOT.jar:/home/runner/.m2/repository/org/apache/ratis/ratis-server-api/2.1.0-03f3b68-SNAPSHOT/ratis-server-api-2.1.0-03f3b68-SNAPSHOT.jar:/home/runner/.m2/repository/org/apache/ratis/ratis-metrics/2.1.0-03f3b68-SNAPSHOT/ratis-metrics-2.1.0-03f3b68-SNAPSHOT.jar:/home/runner/.m2/repository/org/apache/ratis/ratis-netty/2.1.0-03f3b68-SNAPSHOT/ratis-netty-2.1.0-03f3b68-SNAPSHOT.jar:/home/runner/.m2/repository/org/apache/ratis/ratis-grpc/2.1.0-03f3b68-SNAPSHOT/ratis-grpc-2.1.0-03f3b68-SNAPSHOT.jar:/home/runner/.m2/repository/org/apache/logging/log4j/log4j-api/2.13.3/log4j-api-2.13.3.jar:/home/runner/.m2/repository/org/apache/logging/log4j/log4j-core/2.13.3/log4j-core-2.13.3.jar:/home/runner/.m2/repository/com/lmax/disruptor/3.4.2/disruptor-3.4.2.jar:/home/runner/.m2/repository/org/apache/commons/commons-pool2/2.6.0/commons-pool2-2.6.0.jar:/home/runner/.m2/repository/org/bouncycastle/bcpkix-jdk15on/1.67/bcpkix-jdk15on-1.67.jar:/home/runner/.m2/repository/commons-validator/commons-validator/1.6/commons-validator-1.6.jar:/home/runner/.m2/repository/commons-beanutils/commons-beanutils/1.9.4/commons-beanutils-1.9.4.jar:/home/runner/.m2/repository/commons-digester/commons-digester/1.8.1/commons-digester-1.8.1.jar:/home/runner/.m2/repository/commons-collections/commons-collections/3.2.2/commons-collections-3.2.2.jar:/home/runner/.m2/repository/io/jaegertracing/jaeger-client/1.6.0/jaeger-client-1.6.0.jar:/home/runner/.m2/repository/io/jaegertracing/jaeger-thrift/1.6.0/jaeger-thrift-1.6.0.jar:/home/runner/.m2/repository/org/apache/thrift/libthrift/0.14.1/libthrift-0.14.1.jar:/home/runner/.m2/repository/com/squareup/okhttp3/okhttp/4.9.0/okhttp-4.9.0.jar:/home/runner/.m2/repository/com/squareup/okio/okio/2.8.0/okio-2.8.0.jar:/home/runner/.m2/repository/io/jaegertracing/jaeger-core/1.6.0/jaeger-core-1.6.0.jar:/home/runner/.m2/repository/io/jaegertracing/jaeger-tracerresolver/1.6.0/jaeger-tracerresolver-1.6.0.jar:/home/runner/.m2/repository/io/opentracing/contrib/opentracing-tracerresolver/0.1.8/opentracing-tracerresolver-0.1.8.jar:/home/runner/.m2/repository/org/jetbrains/kotlin/kotlin-stdlib/1.4.31/kotlin-stdlib-1.4.31.jar:/home/runner/.m2/repository/org/jetbrains/kotlin/kotlin-stdlib-common/1.4.31/kotlin-stdlib-common-1.4.31.jar:/home/runner/.m2/repository/org/jetbrains/annotations/13.0/annotations-13.0.jar:/home/runner/.m2/repository/io/opentracing/opentracing-util/0.33.0/opentracing-util-0.33.0.jar:/home/runner/.m2/repository/io/opentracing/opentracing-api/0.33.0/opentracing-api-0.33.0.jar:/home/runner/.m2/repository/io/opentracing/opentracing-noop/0.33.0/opentracing-noop-0.33.0.jar:/home/runner/.m2/repository/org/yaml/snakeyaml/1.26/snakeyaml-1.26.jar:/home/runner/.m2/repository/org/apache/ozone/hdds-interface-admin/1.2.0-SNAPSHOT/hdds-interface-admin-1.2.0-SNAPSHOT.jar:/home/runner/.m2/repository/junit/junit/4.13.1/junit-4.13.1.jar:/home/runner/.m2/repository/org/hamcrest/hamcrest-core/1.3/hamcrest-core-1.3.jar:/home/runner/.m2/repository/org/junit/jupiter/junit-jupiter-api/5.7.0/junit-jupiter-api-5.7.0.jar:/home/runner/.m2/repository/org/apiguardian/apiguardian-api/1.1.0/apiguardian-api-1.1.0.jar:/home/runner/.m2/repository/org/opentest4j/opentest4j/1.2.0/opentest4j-1.2.0.jar:/home/runner/.m2/repository/org/junit/platform/junit-platform-commons/1.7.0/junit-platform-commons-1.7.0.jar:/home/runner/.m2/repository/org/junit/jupiter/junit-jupiter-engine/5.7.0/junit-jupiter-engine-5.7.0.jar:/home/runner/.m2/repository/org/junit/platform/junit-platform-engine/1.7.0/junit-platform-engine-1.7.0.jar:/home/runner/.m2/repository/org/junit/vintage/junit-vintage-engine/5.7.0/junit-vintage-engine-5.7.0.jar:/home/runner/.m2/repository/org/junit/platform/junit-platform-launcher/1.7.0/junit-platform-launcher-1.7.0.jar:/home/runner/.m2/repository/org/openjdk/jmh/jmh-core/1.19/jmh-core-1.19.jar:/home/runner/.m2/repository/net/sf/jopt-simple/jopt-simple/4.6/jopt-simple-4.6.jar:/home/runner/.m2/repository/org/apache/commons/commons-math3/3.1.1/commons-math3-3.1.1.jar:/home/runner/.m2/repository/org/openjdk/jmh/jmh-generator-annprocess/1.19/jmh-generator-annprocess-1.19.jar:/home/runner/.m2/repository/org/mockito/mockito-core/2.28.2/mockito-core-2.28.2.jar:/home/runner/.m2/repository/net/bytebuddy/byte-buddy/1.9.10/byte-buddy-1.9.10.jar:/home/runner/.m2/repository/net/bytebuddy/byte-buddy-agent/1.9.10/byte-buddy-agent-1.9.10.jar:/home/runner/.m2/repository/org/objenesis/objenesis/1.0/objenesis-1.0.jar:/home/runner/.m2/repository/org/apache/hadoop/hadoop-kms/3.3.1/hadoop-kms-3.3.1.jar:/home/runner/.m2/repository/org/apache/hadoop/hadoop-auth/3.3.1/hadoop-auth-3.3.1.jar:/home/runner/.m2/repository/com/nimbusds/nimbus-jose-jwt/7.9/nimbus-jose-jwt-7.9.jar:/home/runner/.m2/repository/com/github/stephenc/jcip/jcip-annotations/1.0-1/jcip-annotations-1.0-1.jar:/home/runner/.m2/repository/net/minidev/json-smart/2.3/json-smart-2.3.jar:/home/runner/.m2/repository/net/minidev/accessors-smart/1.2/accessors-smart-1.2.jar:/home/runner/.m2/repository/org/ow2/asm/asm/5.0.4/asm-5.0.4.jar:/home/runner/.m2/repository/org/apache/zookeeper/zookeeper/3.5.6/zookeeper-3.5.6.jar:/home/runner/.m2/repository/org/apache/zookeeper/zookeeper-jute/3.5.6/zookeeper-jute-3.5.6.jar:/home/runner/.m2/repository/org/apache/yetus/audience-annotations/0.5.0/audience-annotations-0.5.0.jar:/home/runner/.m2/repository/org/apache/curator/curator-framework/4.2.0/curator-framework-4.2.0.jar:/home/runner/.m2/repository/org/apache/hadoop/thirdparty/hadoop-shaded-guava/1.1.1/hadoop-shaded-guava-1.1.1.jar:/home/runner/.m2/repository/com/sun/jersey/jersey-core/1.19/jersey-core-1.19.jar:/home/runner/.m2/repository/javax/ws/rs/jsr311-api/1.1.1/jsr311-api-1.1.1.jar:/home/runner/.m2/repository/com/sun/jersey/jersey-server/1.19/jersey-server-1.19.jar:/home/runner/.m2/repository/javax/servlet/javax.servlet-api/3.1.0/javax.servlet-api-3.1.0.jar:/home/runner/.m2/repository/org/eclipse/jetty/jetty-server/9.4.43.v20210629/jetty-server-9.4.43.v20210629.jar:/home/runner/.m2/repository/org/eclipse/jetty/jetty-http/9.4.43.v20210629/jetty-http-9.4.43.v20210629.jar:/home/runner/.m2/repository/org/eclipse/jetty/jetty-io/9.4.43.v20210629/jetty-io-9.4.43.v20210629.jar:/home/runner/.m2/repository/org/eclipse/jetty/jetty-webapp/9.4.43.v20210629/jetty-webapp-9.4.43.v20210629.jar:/home/runner/.m2/repository/org/eclipse/jetty/jetty-xml/9.4.43.v20210629/jetty-xml-9.4.43.v20210629.jar:/home/runner/.m2/repository/org/apache/hadoop/hadoop-common/3.3.1/hadoop-common-3.3.1.jar:/home/runner/.m2/repository/commons-net/commons-net/3.6/commons-net-3.6.jar:/home/runner/.m2/repository/jakarta/activation/jakarta.activation-api/1.2.1/jakarta.activation-api-1.2.1.jar:/home/runner/.m2/repository/com/sun/jersey/jersey-servlet/1.19/jersey-servlet-1.19.jar:/home/runner/.m2/repository/com/sun/jersey/jersey-json/1.19/jersey-json-1.19.jar:/home/runner/.m2/repository/org/codehaus/jettison/jettison/1.1/jettison-1.1.jar:/home/runner/.m2/repository/com/sun/xml/bind/jaxb-impl/2.2.3-1/jaxb-impl-2.2.3-1.jar:/home/runner/.m2/repository/org/codehaus/jackson/jackson-jaxrs/1.9.2/jackson-jaxrs-1.9.2.jar:/home/runner/.m2/repository/org/codehaus/jackson/jackson-xc/1.9.2/jackson-xc-1.9.2.jar:/home/runner/.m2/repository/org/apache/commons/commons-configuration2/2.1.1/commons-configuration2-2.1.1.jar:/home/runner/.m2/repository/org/apache/commons/commons-text/1.4/commons-text-1.4.jar:/home/runner/.m2/repository/com/google/re2j/re2j/1.1/re2j-1.1.jar:/home/runner/.m2/repository/com/jcraft/jsch/0.1.54/jsch-0.1.54.jar:/home/runner/.m2/repository/org/apache/curator/curator-client/4.2.0/curator-client-4.2.0.jar:/home/runner/.m2/repository/org/apache/curator/curator-recipes/4.2.0/curator-recipes-4.2.0.jar:/home/runner/.m2/repository/org/apache/kerby/kerb-core/1.0.1/kerb-core-1.0.1.jar:/home/runner/.m2/repository/org/apache/kerby/kerby-pkix/1.0.1/kerby-pkix-1.0.1.jar:/home/runner/.m2/repository/org/apache/kerby/kerby-asn1/1.0.1/kerby-asn1-1.0.1.jar:/home/runner/.m2/repository/org/apache/kerby/kerby-util/1.0.1/kerby-util-1.0.1.jar:/home/runner/.m2/repository/dnsjava/dnsjava/2.1.7/dnsjava-2.1.7.jar:/home/runner/.m2/repository/org/xerial/snappy/snappy-java/1.1.8.2/snappy-java-1.1.8.2.jar:/home/runner/.m2/repository/org/slf4j/jul-to-slf4j/1.7.30/jul-to-slf4j-1.7.30.jar:/home/runner/.m2/repository/org/eclipse/jetty/jetty-util/9.4.43.v20210629/jetty-util-9.4.43.v20210629.jar:/home/runner/.m2/repository/com/fasterxml/jackson/core/jackson-databind/2.12.1/jackson-databind-2.12.1.jar:/home/runner/.m2/repository/org/apache/hadoop/hadoop-kms/3.3.1/hadoop-kms-3.3.1-tests.jar:/home/runner/.m2/repository/org/apache/ozone/hdds-server-scm/1.2.0-SNAPSHOT/hdds-server-scm-1.2.0-SNAPSHOT-tests.jar:/home/runner/.m2/repository/org/apache/ozone/hdds-container-service/1.2.0-SNAPSHOT/hdds-container-service-1.2.0-SNAPSHOT-tests.jar:/home/runner/.m2/repository/commons-codec/commons-codec/1.11/commons-codec-1.11.jar:/home/runner/.m2/repository/io/netty/netty-transport/4.1.63.Final/netty-transport-4.1.63.Final.jar:/home/runner/.m2/repository/io/netty/netty-resolver/4.1.63.Final/netty-resolver-4.1.63.Final.jar:/home/runner/.m2/repository/io/netty/netty-codec/4.1.63.Final/netty-codec-4.1.63.Final.jar:/home/runner/.m2/repository/io/netty/netty-handler/4.1.63.Final/netty-handler-4.1.63.Final.jar:/home/runner/.m2/repository/org/apache/ozone/hdds-hadoop-dependency-test/1.2.0-SNAPSHOT/hdds-hadoop-dependency-test-1.2.0-SNAPSHOT.jar:/home/runner/.m2/repository/org/apache/hadoop/hadoop-common/3.3.1/hadoop-common-3.3.1-tests.jar:/home/runner/.m2/repository/org/assertj/assertj-core/3.12.2/assertj-core-3.12.2.jar:/home/runner/.m2/repository/org/apache/hadoop/hadoop-hdfs/3.3.1/hadoop-hdfs-3.3.1-tests.jar:/home/runner/.m2/repository/org/eclipse/jetty/jetty-util-ajax/9.4.43.v20210629/jetty-util-ajax-9.4.43.v20210629.jar:/home/runner/.m2/repository/commons-daemon/commons-daemon/1.0.13/commons-daemon-1.0.13.jar:/home/runner/.m2/repository/io/netty/netty/3.10.6.Final/netty-3.10.6.Final.jar:/home/runner/.m2/repository/io/netty/netty-all/4.1.63.Final/netty-all-4.1.63.Final.jar:/home/runner/.m2/repository/org/apache/htrace/htrace-core4/4.1.0-incubating/htrace-core4-4.1.0-incubating.jar:/home/runner/.m2/repository/org/fusesource/leveldbjni/leveldbjni-all/1.8/leveldbjni-all-1.8.jar:/home/runner/.m2/repository/org/apache/hadoop/hadoop-distcp/3.3.1/hadoop-distcp-3.3.1.jar:/home/runner/.m2/repository/org/apache/hadoop/hadoop-mapreduce-client-jobclient/3.3.1/hadoop-mapreduce-client-jobclient-3.3.1.jar:/home/runner/.m2/repository/org/apache/hadoop/hadoop-mapreduce-client-common/3.3.1/hadoop-mapreduce-client-common-3.3.1.jar:/home/runner/.m2/repository/org/apache/hadoop/hadoop-yarn-common/3.3.1/hadoop-yarn-common-3.3.1.jar:/home/runner/.m2/repository/org/apache/hadoop/hadoop-yarn-api/3.3.1/hadoop-yarn-api-3.3.1.jar:/home/runner/.m2/repository/com/sun/jersey/jersey-client/1.19/jersey-client-1.19.jar:/home/runner/.m2/repository/com/sun/jersey/contribs/jersey-guice/1.19/jersey-guice-1.19.jar:/home/runner/.m2/repository/com/fasterxml/jackson/jaxrs/jackson-jaxrs-json-provider/2.12.1/jackson-jaxrs-json-provider-2.12.1.jar:/home/runner/.m2/repository/com/fasterxml/jackson/jaxrs/jackson-jaxrs-base/2.12.1/jackson-jaxrs-base-2.12.1.jar:/home/runner/.m2/repository/org/apache/hadoop/hadoop-yarn-client/3.3.1/hadoop-yarn-client-3.3.1.jar:/home/runner/.m2/repository/org/eclipse/jetty/websocket/websocket-client/9.4.40.v20210413/websocket-client-9.4.40.v20210413.jar:/home/runner/.m2/repository/org/eclipse/jetty/jetty-client/9.4.40.v20210413/jetty-client-9.4.40.v20210413.jar:/home/runner/.m2/repository/org/eclipse/jetty/websocket/websocket-common/9.4.40.v20210413/websocket-common-9.4.40.v20210413.jar:/home/runner/.m2/repository/org/eclipse/jetty/websocket/websocket-api/9.4.40.v20210413/websocket-api-9.4.40.v20210413.jar:/home/runner/.m2/repository/org/jline/jline/3.9.0/jline-3.9.0.jar:/home/runner/.m2/repository/org/apache/hadoop/hadoop-mapreduce-client-core/3.3.1/hadoop-mapreduce-client-core-3.3.1.jar:/home/runner/.m2/repository/org/apache/avro/avro/1.7.7/avro-1.7.7.jar:/home/runner/.m2/repository/org/codehaus/jackson/jackson-core-asl/1.9.13/jackson-core-asl-1.9.13.jar:/home/runner/.m2/repository/org/codehaus/jackson/jackson-mapper-asl/1.9.13/jackson-mapper-asl-1.9.13.jar:/home/runner/.m2/repository/com/thoughtworks/paranamer/paranamer/2.3/paranamer-2.3.jar:/home/runner/.m2/repository/org/apache/hadoop/hadoop-annotations/3.3.1/hadoop-annotations-3.3.1.jar:/usr/lib/jvm/adoptopenjdk-8-hotspot-amd64/jre/../lib/tools.jar:/home/runner/.m2/repository/org/apache/hadoop/hadoop-distcp/3.3.1/hadoop-distcp-3.3.1-tests.jar:/home/runner/.m2/repository/org/apache/ratis/ratis-common/2.1.0-03f3b68-SNAPSHOT/ratis-common-2.1.0-03f3b68-SNAPSHOT.jar:/home/runner/.m2/repository/org/apache/ratis/ratis-thirdparty-misc/0.7.0/ratis-thirdparty-misc-0.7.0.jar:/home/runner/.m2/repository/org/apache/ratis/ratis-proto/2.1.0-03f3b68-SNAPSHOT/ratis-proto-2.1.0-03f3b68-SNAPSHOT.jar:"/>
    <property name="java.vm.vendor" value="AdoptOpenJDK"/>
    <property name="sun.arch.data.model" value="64"/>
    <property name="test.build.dir" value="/home/runner/work/ozone/ozone/hadoop-ozone/integration-test/target/test-dir"/>
    <property name="test.cache.data" value=""/>
    <property name="java.vendor.url" value="https://adoptopenjdk.net/"/>
    <property name="user.timezone" value=""/>
    <property name="java.vm.specification.version" value="1.8"/>
    <property name="os.name" value="Linux"/>
    <property name="test.build.data" value="/home/runner/work/ozone/ozone/hadoop-ozone/integration-test/target/test-dir"/>
    <property name="sun.java.launcher" value="SUN_STANDARD"/>
    <property name="sun.boot.library.path" value="/usr/lib/jvm/adoptopenjdk-8-hotspot-amd64/jre/lib/amd64"/>
    <property name="sun.java.command" value="/home/runner/work/ozone/ozone/hadoop-ozone/integration-test/target/surefire/surefirebooter2341074628346865758.jar /home/runner/work/ozone/ozone/hadoop-ozone/integration-test/target/surefire 2021-08-23T22-54-25_650-jvmRun1 surefire3881924745720124113tmp surefire_86753841589732891486tmp"/>
    <property name="surefire.test.class.path" value="/home/runner/work/ozone/ozone/hadoop-ozone/integration-test/target/test-classes:/home/runner/work/ozone/ozone/hadoop-ozone/integration-test/target/classes:/home/runner/.m2/repository/org/apache/ozone/ozone-common/1.2.0-SNAPSHOT/ozone-common-1.2.0-SNAPSHOT.jar:/home/runner/.m2/repository/org/apache/commons/commons-compress/1.20/commons-compress-1.20.jar:/home/runner/.m2/repository/org/apache/ozone/hdds-common/1.2.0-SNAPSHOT/hdds-common-1.2.0-SNAPSHOT.jar:/home/runner/.m2/repository/org/apache/ozone/hdds-client/1.2.0-SNAPSHOT/hdds-client-1.2.0-SNAPSHOT.jar:/home/runner/.m2/repository/org/apache/ozone/ozone-interface-client/1.2.0-SNAPSHOT/ozone-interface-client-1.2.0-SNAPSHOT.jar:/home/runner/.m2/repository/org/apache/ozone/hdds-server-framework/1.2.0-SNAPSHOT/hdds-server-framework-1.2.0-SNAPSHOT.jar:/home/runner/.m2/repository/org/apache/ozone/hdds-interface-server/1.2.0-SNAPSHOT/hdds-interface-server-1.2.0-SNAPSHOT.jar:/home/runner/.m2/repository/org/eclipse/jetty/jetty-servlet/9.4.43.v20210629/jetty-servlet-9.4.43.v20210629.jar:/home/runner/.m2/repository/org/eclipse/jetty/jetty-security/9.4.43.v20210629/jetty-security-9.4.43.v20210629.jar:/home/runner/.m2/repository/org/rocksdb/rocksdbjni/6.20.3/rocksdbjni-6.20.3.jar:/home/runner/.m2/repository/io/prometheus/simpleclient_dropwizard/0.7.0/simpleclient_dropwizard-0.7.0.jar:/home/runner/.m2/repository/io/prometheus/simpleclient/0.7.0/simpleclient-0.7.0.jar:/home/runner/.m2/repository/io/prometheus/simpleclient_common/0.7.0/simpleclient_common-0.7.0.jar:/home/runner/.m2/repository/com/fasterxml/jackson/datatype/jackson-datatype-jsr310/2.12.1/jackson-datatype-jsr310-2.12.1.jar:/home/runner/.m2/repository/org/apache/ozone/hdds-test-utils/1.2.0-SNAPSHOT/hdds-test-utils-1.2.0-SNAPSHOT.jar:/home/runner/.m2/repository/com/google/guava/guava/30.1.1-jre/guava-30.1.1-jre.jar:/home/runner/.m2/repository/com/google/guava/failureaccess/1.0.1/failureaccess-1.0.1.jar:/home/runner/.m2/repository/com/google/guava/listenablefuture/9999.0-empty-to-avoid-conflict-with-guava/listenablefuture-9999.0-empty-to-avoid-conflict-with-guava.jar:/home/runner/.m2/repository/com/google/code/findbugs/jsr305/3.0.0/jsr305-3.0.0.jar:/home/runner/.m2/repository/org/checkerframework/checker-qual/3.8.0/checker-qual-3.8.0.jar:/home/runner/.m2/repository/com/google/errorprone/error_prone_annotations/2.2.0/error_prone_annotations-2.2.0.jar:/home/runner/.m2/repository/com/google/j2objc/j2objc-annotations/1.3/j2objc-annotations-1.3.jar:/home/runner/.m2/repository/commons-io/commons-io/2.8.0/commons-io-2.8.0.jar:/home/runner/.m2/repository/commons-logging/commons-logging/1.2/commons-logging-1.2.jar:/home/runner/.m2/repository/log4j/log4j/1.2.17/log4j-1.2.17.jar:/home/runner/.m2/repository/org/slf4j/slf4j-api/1.7.30/slf4j-api-1.7.30.jar:/home/runner/.m2/repository/org/apache/ozone/hdds-server-scm/1.2.0-SNAPSHOT/hdds-server-scm-1.2.0-SNAPSHOT.jar:/home/runner/.m2/repository/org/apache/ozone/hdds-container-service/1.2.0-SNAPSHOT/hdds-container-service-1.2.0-SNAPSHOT.jar:/home/runner/.m2/repository/org/apache/ozone/hdds-hadoop-dependency-server/1.2.0-SNAPSHOT/hdds-hadoop-dependency-server-1.2.0-SNAPSHOT.jar:/home/runner/.m2/repository/org/apache/hadoop/hadoop-hdfs/3.3.1/hadoop-hdfs-3.3.1.jar:/home/runner/.m2/repository/io/dropwizard/metrics/metrics-core/3.2.4/metrics-core-3.2.4.jar:/home/runner/.m2/repository/org/apache/hadoop/hadoop-hdfs-client/3.3.1/hadoop-hdfs-client-3.3.1.jar:/home/runner/.m2/repository/org/bouncycastle/bcprov-jdk15on/1.67/bcprov-jdk15on-1.67.jar:/home/runner/.m2/repository/com/google/protobuf/protobuf-java/2.5.0/protobuf-java-2.5.0.jar:/home/runner/.m2/repository/org/apache/ozone/ozone-manager/1.2.0-SNAPSHOT/ozone-manager-1.2.0-SNAPSHOT.jar:/home/runner/.m2/repository/org/aspectj/aspectjrt/1.8.9/aspectjrt-1.8.9.jar:/home/runner/.m2/repository/org/aspectj/aspectjweaver/1.8.9/aspectjweaver-1.8.9.jar:/home/runner/.m2/repository/org/apache/ozone/hdds-interface-client/1.2.0-SNAPSHOT/hdds-interface-client-1.2.0-SNAPSHOT.jar:/home/runner/.m2/repository/org/apache/hadoop/thirdparty/hadoop-shaded-protobuf_3_7/1.1.1/hadoop-shaded-protobuf_3_7-1.1.1.jar:/home/runner/.m2/repository/org/apache/ozone/ozone-interface-storage/1.2.0-SNAPSHOT/ozone-interface-storage-1.2.0-SNAPSHOT.jar:/home/runner/.m2/repository/org/reflections/reflections/0.9.11/reflections-0.9.11.jar:/home/runner/.m2/repository/org/apache/hadoop/hadoop-minikdc/3.3.1/hadoop-minikdc-3.3.1.jar:/home/runner/.m2/repository/org/apache/kerby/kerb-simplekdc/1.0.1/kerb-simplekdc-1.0.1.jar:/home/runner/.m2/repository/org/apache/kerby/kerb-client/1.0.1/kerb-client-1.0.1.jar:/home/runner/.m2/repository/org/apache/kerby/kerby-config/1.0.1/kerby-config-1.0.1.jar:/home/runner/.m2/repository/org/apache/kerby/kerb-common/1.0.1/kerb-common-1.0.1.jar:/home/runner/.m2/repository/org/apache/kerby/kerb-crypto/1.0.1/kerb-crypto-1.0.1.jar:/home/runner/.m2/repository/org/apache/kerby/kerb-util/1.0.1/kerb-util-1.0.1.jar:/home/runner/.m2/repository/org/apache/kerby/token-provider/1.0.1/token-provider-1.0.1.jar:/home/runner/.m2/repository/org/apache/kerby/kerb-admin/1.0.1/kerb-admin-1.0.1.jar:/home/runner/.m2/repository/org/apache/kerby/kerb-server/1.0.1/kerb-server-1.0.1.jar:/home/runner/.m2/repository/org/apache/kerby/kerb-identity/1.0.1/kerb-identity-1.0.1.jar:/home/runner/.m2/repository/org/apache/kerby/kerby-xdr/1.0.1/kerby-xdr-1.0.1.jar:/home/runner/.m2/repository/org/slf4j/slf4j-log4j12/1.7.30/slf4j-log4j12-1.7.30.jar:/home/runner/.m2/repository/org/apache/ozone/ozone-s3gateway/1.2.0-SNAPSHOT/ozone-s3gateway-1.2.0-SNAPSHOT.jar:/home/runner/.m2/repository/org/javassist/javassist/3.21.0-GA/javassist-3.21.0-GA.jar:/home/runner/.m2/repository/org/jboss/weld/servlet/weld-servlet/2.4.7.Final/weld-servlet-2.4.7.Final.jar:/home/runner/.m2/repository/org/glassfish/jersey/containers/jersey-container-servlet-core/2.33/jersey-container-servlet-core-2.33.jar:/home/runner/.m2/repository/org/glassfish/hk2/external/jakarta.inject/2.6.1/jakarta.inject-2.6.1.jar:/home/runner/.m2/repository/org/glassfish/jersey/core/jersey-common/2.33/jersey-common-2.33.jar:/home/runner/.m2/repository/jakarta/ws/rs/jakarta.ws.rs-api/2.1.6/jakarta.ws.rs-api-2.1.6.jar:/home/runner/.m2/repository/org/glassfish/jersey/ext/cdi/jersey-cdi1x/2.33/jersey-cdi1x-2.33.jar:/home/runner/.m2/repository/org/glassfish/jersey/inject/jersey-hk2/2.33/jersey-hk2-2.33.jar:/home/runner/.m2/repository/org/glassfish/hk2/hk2-locator/2.6.1/hk2-locator-2.6.1.jar:/home/runner/.m2/repository/org/glassfish/jersey/media/jersey-media-jaxb/2.33/jersey-media-jaxb-2.33.jar:/home/runner/.m2/repository/org/glassfish/hk2/osgi-resource-locator/1.0.3/osgi-resource-locator-1.0.3.jar:/home/runner/.m2/repository/org/glassfish/hk2/hk2-api/2.5.0/hk2-api-2.5.0.jar:/home/runner/.m2/repository/org/glassfish/hk2/hk2-utils/2.5.0/hk2-utils-2.5.0.jar:/home/runner/.m2/repository/org/glassfish/hk2/external/aopalliance-repackaged/2.5.0/aopalliance-repackaged-2.5.0.jar:/home/runner/.m2/repository/com/fasterxml/jackson/dataformat/jackson-dataformat-xml/2.12.1/jackson-dataformat-xml-2.12.1.jar:/home/runner/.m2/repository/com/fasterxml/jackson/core/jackson-core/2.12.1/jackson-core-2.12.1.jar:/home/runner/.m2/repository/com/fasterxml/jackson/module/jackson-module-jaxb-annotations/2.12.1/jackson-module-jaxb-annotations-2.12.1.jar:/home/runner/.m2/repository/jakarta/xml/bind/jakarta.xml.bind-api/2.3.2/jakarta.xml.bind-api-2.3.2.jar:/home/runner/.m2/repository/org/codehaus/woodstox/stax2-api/3.1.4/stax2-api-3.1.4.jar:/home/runner/.m2/repository/com/fasterxml/woodstox/woodstox-core/5.0.3/woodstox-core-5.0.3.jar:/home/runner/.m2/repository/javax/enterprise/cdi-api/1.2/cdi-api-1.2.jar:/home/runner/.m2/repository/javax/el/javax.el-api/3.0.0/javax.el-api-3.0.0.jar:/home/runner/.m2/repository/javax/interceptor/javax.interceptor-api/1.2/javax.interceptor-api-1.2.jar:/home/runner/.m2/repository/javax/inject/javax.inject/1/javax.inject-1.jar:/home/runner/.m2/repository/javax/xml/bind/jaxb-api/2.3.0/jaxb-api-2.3.0.jar:/home/runner/.m2/repository/org/glassfish/jaxb/jaxb-runtime/2.3.0.1/jaxb-runtime-2.3.0.1.jar:/home/runner/.m2/repository/org/glassfish/jaxb/jaxb-core/2.3.0.1/jaxb-core-2.3.0.1.jar:/home/runner/.m2/repository/org/glassfish/jaxb/txw2/2.3.0.1/txw2-2.3.0.1.jar:/home/runner/.m2/repository/com/sun/istack/istack-commons-runtime/3.0.5/istack-commons-runtime-3.0.5.jar:/home/runner/.m2/repository/org/jvnet/staxex/stax-ex/1.7.8/stax-ex-1.7.8.jar:/home/runner/.m2/repository/com/sun/xml/fastinfoset/FastInfoset/1.2.13/FastInfoset-1.2.13.jar:/home/runner/.m2/repository/javax/activation/activation/1.1.1/activation-1.1.1.jar:/home/runner/.m2/repository/org/apache/ozone/ozone-csi/1.2.0-SNAPSHOT/ozone-csi-1.2.0-SNAPSHOT.jar:/home/runner/.m2/repository/com/google/protobuf/protobuf-java-util/3.12.0/protobuf-java-util-3.12.0.jar:/home/runner/.m2/repository/com/google/code/gson/gson/2.2.4/gson-2.2.4.jar:/home/runner/.m2/repository/org/apache/ozone/hdds-config/1.2.0-SNAPSHOT/hdds-config-1.2.0-SNAPSHOT.jar:/home/runner/.m2/repository/io/grpc/grpc-netty/1.33.0/grpc-netty-1.33.0.jar:/home/runner/.m2/repository/io/grpc/grpc-core/1.33.0/grpc-core-1.33.0.jar:/home/runner/.m2/repository/com/google/android/annotations/4.1.1.4/annotations-4.1.1.4.jar:/home/runner/.m2/repository/io/netty/netty-codec-http2/4.1.63.Final/netty-codec-http2-4.1.63.Final.jar:/home/runner/.m2/repository/io/netty/netty-codec-http/4.1.63.Final/netty-codec-http-4.1.63.Final.jar:/home/runner/.m2/repository/io/netty/netty-handler-proxy/4.1.63.Final/netty-handler-proxy-4.1.63.Final.jar:/home/runner/.m2/repository/io/netty/netty-codec-socks/4.1.63.Final/netty-codec-socks-4.1.63.Final.jar:/home/runner/.m2/repository/io/perfmark/perfmark-api/0.19.0/perfmark-api-0.19.0.jar:/home/runner/.m2/repository/org/codehaus/mojo/animal-sniffer-annotations/1.18/animal-sniffer-annotations-1.18.jar:/home/runner/.m2/repository/io/netty/netty-transport-native-epoll/4.1.63.Final/netty-transport-native-epoll-4.1.63.Final.jar:/home/runner/.m2/repository/io/netty/netty-common/4.1.63.Final/netty-common-4.1.63.Final.jar:/home/runner/.m2/repository/io/netty/netty-buffer/4.1.63.Final/netty-buffer-4.1.63.Final.jar:/home/runner/.m2/repository/io/netty/netty-transport-native-unix-common/4.1.63.Final/netty-transport-native-unix-common-4.1.63.Final.jar:/home/runner/.m2/repository/io/grpc/grpc-protobuf/1.33.0/grpc-protobuf-1.33.0.jar:/home/runner/.m2/repository/io/grpc/grpc-api/1.33.0/grpc-api-1.33.0.jar:/home/runner/.m2/repository/io/grpc/grpc-context/1.33.0/grpc-context-1.33.0.jar:/home/runner/.m2/repository/com/google/api/grpc/proto-google-common-protos/1.17.0/proto-google-common-protos-1.17.0.jar:/home/runner/.m2/repository/io/grpc/grpc-protobuf-lite/1.33.0/grpc-protobuf-lite-1.33.0.jar:/home/runner/.m2/repository/io/grpc/grpc-stub/1.33.0/grpc-stub-1.33.0.jar:/home/runner/.m2/repository/org/apache/ozone/ozone-recon/1.2.0-SNAPSHOT/ozone-recon-1.2.0-SNAPSHOT.jar:/home/runner/.m2/repository/org/apache/ozone/ozone-reconcodegen/1.2.0-SNAPSHOT/ozone-reconcodegen-1.2.0-SNAPSHOT.jar:/home/runner/.m2/repository/com/google/inject/extensions/guice-multibindings/4.0/guice-multibindings-4.0.jar:/home/runner/.m2/repository/com/google/inject/guice/4.0/guice-4.0.jar:/home/runner/.m2/repository/aopalliance/aopalliance/1.0/aopalliance-1.0.jar:/home/runner/.m2/repository/com/google/inject/extensions/guice-assistedinject/4.0/guice-assistedinject-4.0.jar:/home/runner/.m2/repository/com/google/inject/extensions/guice-servlet/4.0/guice-servlet-4.0.jar:/home/runner/.m2/repository/org/glassfish/jersey/containers/jersey-container-servlet/2.33/jersey-container-servlet-2.33.jar:/home/runner/.m2/repository/org/glassfish/hk2/guice-bridge/2.5.0/guice-bridge-2.5.0.jar:/home/runner/.m2/repository/org/glassfish/jersey/core/jersey-server/2.33/jersey-server-2.33.jar:/home/runner/.m2/repository/org/glassfish/jersey/core/jersey-client/2.33/jersey-client-2.33.jar:/home/runner/.m2/repository/jakarta/annotation/jakarta.annotation-api/1.3.5/jakarta.annotation-api-1.3.5.jar:/home/runner/.m2/repository/jakarta/validation/jakarta.validation-api/2.0.2/jakarta.validation-api-2.0.2.jar:/home/runner/.m2/repository/org/glassfish/jersey/media/jersey-media-json-jackson/2.33/jersey-media-json-jackson-2.33.jar:/home/runner/.m2/repository/org/glassfish/jersey/ext/jersey-entity-filtering/2.33/jersey-entity-filtering-2.33.jar:/home/runner/.m2/repository/org/jooq/jooq/3.11.10/jooq-3.11.10.jar:/home/runner/.m2/repository/org/jooq/jooq-meta/3.11.10/jooq-meta-3.11.10.jar:/home/runner/.m2/repository/org/jooq/jooq-codegen/3.11.10/jooq-codegen-3.11.10.jar:/home/runner/.m2/repository/com/jolbox/bonecp/0.8.0.RELEASE/bonecp-0.8.0.RELEASE.jar:/home/runner/.m2/repository/org/apache/derby/derby/10.14.2.0/derby-10.14.2.0.jar:/home/runner/.m2/repository/org/xerial/sqlite-jdbc/3.25.2/sqlite-jdbc-3.25.2.jar:/home/runner/.m2/repository/org/springframework/spring-jdbc/5.2.11.RELEASE/spring-jdbc-5.2.11.RELEASE.jar:/home/runner/.m2/repository/org/springframework/spring-beans/5.2.11.RELEASE/spring-beans-5.2.11.RELEASE.jar:/home/runner/.m2/repository/org/springframework/spring-core/5.2.11.RELEASE/spring-core-5.2.11.RELEASE.jar:/home/runner/.m2/repository/org/springframework/spring-jcl/5.2.11.RELEASE/spring-jcl-5.2.11.RELEASE.jar:/home/runner/.m2/repository/org/springframework/spring-tx/5.2.11.RELEASE/spring-tx-5.2.11.RELEASE.jar:/home/runner/.m2/repository/org/apache/ozone/ozone-client/1.2.0-SNAPSHOT/ozone-client-1.2.0-SNAPSHOT.jar:/home/runner/.m2/repository/org/apache/ozone/ozone-filesystem/1.2.0-SNAPSHOT/ozone-filesystem-1.2.0-SNAPSHOT.jar:/home/runner/.m2/repository/org/apache/ozone/ozone-filesystem-common/1.2.0-SNAPSHOT/ozone-filesystem-common-1.2.0-SNAPSHOT.jar:/home/runner/.m2/repository/org/apache/ozone/ozone-tools/1.2.0-SNAPSHOT/ozone-tools-1.2.0-SNAPSHOT.jar:/home/runner/.m2/repository/org/apache/ratis/ratis-tools/2.1.0-03f3b68-SNAPSHOT/ratis-tools-2.1.0-03f3b68-SNAPSHOT.jar:/home/runner/.m2/repository/com/amazonaws/aws-java-sdk-core/1.11.901/aws-java-sdk-core-1.11.901.jar:/home/runner/.m2/repository/org/apache/httpcomponents/httpclient/4.5.13/httpclient-4.5.13.jar:/home/runner/.m2/repository/org/apache/httpcomponents/httpcore/4.4.13/httpcore-4.4.13.jar:/home/runner/.m2/repository/software/amazon/ion/ion-java/1.0.2/ion-java-1.0.2.jar:/home/runner/.m2/repository/com/fasterxml/jackson/dataformat/jackson-dataformat-cbor/2.12.1/jackson-dataformat-cbor-2.12.1.jar:/home/runner/.m2/repository/joda-time/joda-time/2.8.1/joda-time-2.8.1.jar:/home/runner/.m2/repository/com/amazonaws/aws-java-sdk-s3/1.11.901/aws-java-sdk-s3-1.11.901.jar:/home/runner/.m2/repository/com/amazonaws/aws-java-sdk-kms/1.11.901/aws-java-sdk-kms-1.11.901.jar:/home/runner/.m2/repository/com/amazonaws/jmespath-java/1.11.901/jmespath-java-1.11.901.jar:/home/runner/.m2/repository/org/kohsuke/metainf-services/metainf-services/1.8/metainf-services-1.8.jar:/home/runner/.m2/repository/org/apache/ozone/hdds-tools/1.2.0-SNAPSHOT/hdds-tools-1.2.0-SNAPSHOT.jar:/home/runner/.m2/repository/commons-cli/commons-cli/1.2/commons-cli-1.2.jar:/home/runner/.m2/repository/org/apache/commons/commons-lang3/3.7/commons-lang3-3.7.jar:/home/runner/.m2/repository/org/apache/ozone/ozone-manager/1.2.0-SNAPSHOT/ozone-manager-1.2.0-SNAPSHOT-tests.jar:/home/runner/.m2/repository/org/apache/ozone/hdds-common/1.2.0-SNAPSHOT/hdds-common-1.2.0-SNAPSHOT-tests.jar:/home/runner/.m2/repository/org/apache/ozone/hdds-hadoop-dependency-client/1.2.0-SNAPSHOT/hdds-hadoop-dependency-client-1.2.0-SNAPSHOT.jar:/home/runner/.m2/repository/info/picocli/picocli/4.4.0/picocli-4.4.0.jar:/home/runner/.m2/repository/com/fasterxml/jackson/core/jackson-annotations/2.12.1/jackson-annotations-2.12.1.jar:/home/runner/.m2/repository/javax/annotation/javax.annotation-api/1.2/javax.annotation-api-1.2.jar:/home/runner/.m2/repository/org/apache/ratis/ratis-server/2.1.0-03f3b68-SNAPSHOT/ratis-server-2.1.0-03f3b68-SNAPSHOT.jar:/home/runner/.m2/repository/org/apache/ratis/ratis-client/2.1.0-03f3b68-SNAPSHOT/ratis-client-2.1.0-03f3b68-SNAPSHOT.jar:/home/runner/.m2/repository/org/apache/ratis/ratis-server-api/2.1.0-03f3b68-SNAPSHOT/ratis-server-api-2.1.0-03f3b68-SNAPSHOT.jar:/home/runner/.m2/repository/org/apache/ratis/ratis-metrics/2.1.0-03f3b68-SNAPSHOT/ratis-metrics-2.1.0-03f3b68-SNAPSHOT.jar:/home/runner/.m2/repository/org/apache/ratis/ratis-netty/2.1.0-03f3b68-SNAPSHOT/ratis-netty-2.1.0-03f3b68-SNAPSHOT.jar:/home/runner/.m2/repository/org/apache/ratis/ratis-grpc/2.1.0-03f3b68-SNAPSHOT/ratis-grpc-2.1.0-03f3b68-SNAPSHOT.jar:/home/runner/.m2/repository/org/apache/logging/log4j/log4j-api/2.13.3/log4j-api-2.13.3.jar:/home/runner/.m2/repository/org/apache/logging/log4j/log4j-core/2.13.3/log4j-core-2.13.3.jar:/home/runner/.m2/repository/com/lmax/disruptor/3.4.2/disruptor-3.4.2.jar:/home/runner/.m2/repository/org/apache/commons/commons-pool2/2.6.0/commons-pool2-2.6.0.jar:/home/runner/.m2/repository/org/bouncycastle/bcpkix-jdk15on/1.67/bcpkix-jdk15on-1.67.jar:/home/runner/.m2/repository/commons-validator/commons-validator/1.6/commons-validator-1.6.jar:/home/runner/.m2/repository/commons-beanutils/commons-beanutils/1.9.4/commons-beanutils-1.9.4.jar:/home/runner/.m2/repository/commons-digester/commons-digester/1.8.1/commons-digester-1.8.1.jar:/home/runner/.m2/repository/commons-collections/commons-collections/3.2.2/commons-collections-3.2.2.jar:/home/runner/.m2/repository/io/jaegertracing/jaeger-client/1.6.0/jaeger-client-1.6.0.jar:/home/runner/.m2/repository/io/jaegertracing/jaeger-thrift/1.6.0/jaeger-thrift-1.6.0.jar:/home/runner/.m2/repository/org/apache/thrift/libthrift/0.14.1/libthrift-0.14.1.jar:/home/runner/.m2/repository/com/squareup/okhttp3/okhttp/4.9.0/okhttp-4.9.0.jar:/home/runner/.m2/repository/com/squareup/okio/okio/2.8.0/okio-2.8.0.jar:/home/runner/.m2/repository/io/jaegertracing/jaeger-core/1.6.0/jaeger-core-1.6.0.jar:/home/runner/.m2/repository/io/jaegertracing/jaeger-tracerresolver/1.6.0/jaeger-tracerresolver-1.6.0.jar:/home/runner/.m2/repository/io/opentracing/contrib/opentracing-tracerresolver/0.1.8/opentracing-tracerresolver-0.1.8.jar:/home/runner/.m2/repository/org/jetbrains/kotlin/kotlin-stdlib/1.4.31/kotlin-stdlib-1.4.31.jar:/home/runner/.m2/repository/org/jetbrains/kotlin/kotlin-stdlib-common/1.4.31/kotlin-stdlib-common-1.4.31.jar:/home/runner/.m2/repository/org/jetbrains/annotations/13.0/annotations-13.0.jar:/home/runner/.m2/repository/io/opentracing/opentracing-util/0.33.0/opentracing-util-0.33.0.jar:/home/runner/.m2/repository/io/opentracing/opentracing-api/0.33.0/opentracing-api-0.33.0.jar:/home/runner/.m2/repository/io/opentracing/opentracing-noop/0.33.0/opentracing-noop-0.33.0.jar:/home/runner/.m2/repository/org/yaml/snakeyaml/1.26/snakeyaml-1.26.jar:/home/runner/.m2/repository/org/apache/ozone/hdds-interface-admin/1.2.0-SNAPSHOT/hdds-interface-admin-1.2.0-SNAPSHOT.jar:/home/runner/.m2/repository/junit/junit/4.13.1/junit-4.13.1.jar:/home/runner/.m2/repository/org/hamcrest/hamcrest-core/1.3/hamcrest-core-1.3.jar:/home/runner/.m2/repository/org/junit/jupiter/junit-jupiter-api/5.7.0/junit-jupiter-api-5.7.0.jar:/home/runner/.m2/repository/org/apiguardian/apiguardian-api/1.1.0/apiguardian-api-1.1.0.jar:/home/runner/.m2/repository/org/opentest4j/opentest4j/1.2.0/opentest4j-1.2.0.jar:/home/runner/.m2/repository/org/junit/platform/junit-platform-commons/1.7.0/junit-platform-commons-1.7.0.jar:/home/runner/.m2/repository/org/junit/jupiter/junit-jupiter-engine/5.7.0/junit-jupiter-engine-5.7.0.jar:/home/runner/.m2/repository/org/junit/platform/junit-platform-engine/1.7.0/junit-platform-engine-1.7.0.jar:/home/runner/.m2/repository/org/junit/vintage/junit-vintage-engine/5.7.0/junit-vintage-engine-5.7.0.jar:/home/runner/.m2/repository/org/junit/platform/junit-platform-launcher/1.7.0/junit-platform-launcher-1.7.0.jar:/home/runner/.m2/repository/org/openjdk/jmh/jmh-core/1.19/jmh-core-1.19.jar:/home/runner/.m2/repository/net/sf/jopt-simple/jopt-simple/4.6/jopt-simple-4.6.jar:/home/runner/.m2/repository/org/apache/commons/commons-math3/3.1.1/commons-math3-3.1.1.jar:/home/runner/.m2/repository/org/openjdk/jmh/jmh-generator-annprocess/1.19/jmh-generator-annprocess-1.19.jar:/home/runner/.m2/repository/org/mockito/mockito-core/2.28.2/mockito-core-2.28.2.jar:/home/runner/.m2/repository/net/bytebuddy/byte-buddy/1.9.10/byte-buddy-1.9.10.jar:/home/runner/.m2/repository/net/bytebuddy/byte-buddy-agent/1.9.10/byte-buddy-agent-1.9.10.jar:/home/runner/.m2/repository/org/objenesis/objenesis/1.0/objenesis-1.0.jar:/home/runner/.m2/repository/org/apache/hadoop/hadoop-kms/3.3.1/hadoop-kms-3.3.1.jar:/home/runner/.m2/repository/org/apache/hadoop/hadoop-auth/3.3.1/hadoop-auth-3.3.1.jar:/home/runner/.m2/repository/com/nimbusds/nimbus-jose-jwt/7.9/nimbus-jose-jwt-7.9.jar:/home/runner/.m2/repository/com/github/stephenc/jcip/jcip-annotations/1.0-1/jcip-annotations-1.0-1.jar:/home/runner/.m2/repository/net/minidev/json-smart/2.3/json-smart-2.3.jar:/home/runner/.m2/repository/net/minidev/accessors-smart/1.2/accessors-smart-1.2.jar:/home/runner/.m2/repository/org/ow2/asm/asm/5.0.4/asm-5.0.4.jar:/home/runner/.m2/repository/org/apache/zookeeper/zookeeper/3.5.6/zookeeper-3.5.6.jar:/home/runner/.m2/repository/org/apache/zookeeper/zookeeper-jute/3.5.6/zookeeper-jute-3.5.6.jar:/home/runner/.m2/repository/org/apache/yetus/audience-annotations/0.5.0/audience-annotations-0.5.0.jar:/home/runner/.m2/repository/org/apache/curator/curator-framework/4.2.0/curator-framework-4.2.0.jar:/home/runner/.m2/repository/org/apache/hadoop/thirdparty/hadoop-shaded-guava/1.1.1/hadoop-shaded-guava-1.1.1.jar:/home/runner/.m2/repository/com/sun/jersey/jersey-core/1.19/jersey-core-1.19.jar:/home/runner/.m2/repository/javax/ws/rs/jsr311-api/1.1.1/jsr311-api-1.1.1.jar:/home/runner/.m2/repository/com/sun/jersey/jersey-server/1.19/jersey-server-1.19.jar:/home/runner/.m2/repository/javax/servlet/javax.servlet-api/3.1.0/javax.servlet-api-3.1.0.jar:/home/runner/.m2/repository/org/eclipse/jetty/jetty-server/9.4.43.v20210629/jetty-server-9.4.43.v20210629.jar:/home/runner/.m2/repository/org/eclipse/jetty/jetty-http/9.4.43.v20210629/jetty-http-9.4.43.v20210629.jar:/home/runner/.m2/repository/org/eclipse/jetty/jetty-io/9.4.43.v20210629/jetty-io-9.4.43.v20210629.jar:/home/runner/.m2/repository/org/eclipse/jetty/jetty-webapp/9.4.43.v20210629/jetty-webapp-9.4.43.v20210629.jar:/home/runner/.m2/repository/org/eclipse/jetty/jetty-xml/9.4.43.v20210629/jetty-xml-9.4.43.v20210629.jar:/home/runner/.m2/repository/org/apache/hadoop/hadoop-common/3.3.1/hadoop-common-3.3.1.jar:/home/runner/.m2/repository/commons-net/commons-net/3.6/commons-net-3.6.jar:/home/runner/.m2/repository/jakarta/activation/jakarta.activation-api/1.2.1/jakarta.activation-api-1.2.1.jar:/home/runner/.m2/repository/com/sun/jersey/jersey-servlet/1.19/jersey-servlet-1.19.jar:/home/runner/.m2/repository/com/sun/jersey/jersey-json/1.19/jersey-json-1.19.jar:/home/runner/.m2/repository/org/codehaus/jettison/jettison/1.1/jettison-1.1.jar:/home/runner/.m2/repository/com/sun/xml/bind/jaxb-impl/2.2.3-1/jaxb-impl-2.2.3-1.jar:/home/runner/.m2/repository/org/codehaus/jackson/jackson-jaxrs/1.9.2/jackson-jaxrs-1.9.2.jar:/home/runner/.m2/repository/org/codehaus/jackson/jackson-xc/1.9.2/jackson-xc-1.9.2.jar:/home/runner/.m2/repository/org/apache/commons/commons-configuration2/2.1.1/commons-configuration2-2.1.1.jar:/home/runner/.m2/repository/org/apache/commons/commons-text/1.4/commons-text-1.4.jar:/home/runner/.m2/repository/com/google/re2j/re2j/1.1/re2j-1.1.jar:/home/runner/.m2/repository/com/jcraft/jsch/0.1.54/jsch-0.1.54.jar:/home/runner/.m2/repository/org/apache/curator/curator-client/4.2.0/curator-client-4.2.0.jar:/home/runner/.m2/repository/org/apache/curator/curator-recipes/4.2.0/curator-recipes-4.2.0.jar:/home/runner/.m2/repository/org/apache/kerby/kerb-core/1.0.1/kerb-core-1.0.1.jar:/home/runner/.m2/repository/org/apache/kerby/kerby-pkix/1.0.1/kerby-pkix-1.0.1.jar:/home/runner/.m2/repository/org/apache/kerby/kerby-asn1/1.0.1/kerby-asn1-1.0.1.jar:/home/runner/.m2/repository/org/apache/kerby/kerby-util/1.0.1/kerby-util-1.0.1.jar:/home/runner/.m2/repository/dnsjava/dnsjava/2.1.7/dnsjava-2.1.7.jar:/home/runner/.m2/repository/org/xerial/snappy/snappy-java/1.1.8.2/snappy-java-1.1.8.2.jar:/home/runner/.m2/repository/org/slf4j/jul-to-slf4j/1.7.30/jul-to-slf4j-1.7.30.jar:/home/runner/.m2/repository/org/eclipse/jetty/jetty-util/9.4.43.v20210629/jetty-util-9.4.43.v20210629.jar:/home/runner/.m2/repository/com/fasterxml/jackson/core/jackson-databind/2.12.1/jackson-databind-2.12.1.jar:/home/runner/.m2/repository/org/apache/hadoop/hadoop-kms/3.3.1/hadoop-kms-3.3.1-tests.jar:/home/runner/.m2/repository/org/apache/ozone/hdds-server-scm/1.2.0-SNAPSHOT/hdds-server-scm-1.2.0-SNAPSHOT-tests.jar:/home/runner/.m2/repository/org/apache/ozone/hdds-container-service/1.2.0-SNAPSHOT/hdds-container-service-1.2.0-SNAPSHOT-tests.jar:/home/runner/.m2/repository/commons-codec/commons-codec/1.11/commons-codec-1.11.jar:/home/runner/.m2/repository/io/netty/netty-transport/4.1.63.Final/netty-transport-4.1.63.Final.jar:/home/runner/.m2/repository/io/netty/netty-resolver/4.1.63.Final/netty-resolver-4.1.63.Final.jar:/home/runner/.m2/repository/io/netty/netty-codec/4.1.63.Final/netty-codec-4.1.63.Final.jar:/home/runner/.m2/repository/io/netty/netty-handler/4.1.63.Final/netty-handler-4.1.63.Final.jar:/home/runner/.m2/repository/org/apache/ozone/hdds-hadoop-dependency-test/1.2.0-SNAPSHOT/hdds-hadoop-dependency-test-1.2.0-SNAPSHOT.jar:/home/runner/.m2/repository/org/apache/hadoop/hadoop-common/3.3.1/hadoop-common-3.3.1-tests.jar:/home/runner/.m2/repository/org/assertj/assertj-core/3.12.2/assertj-core-3.12.2.jar:/home/runner/.m2/repository/org/apache/hadoop/hadoop-hdfs/3.3.1/hadoop-hdfs-3.3.1-tests.jar:/home/runner/.m2/repository/org/eclipse/jetty/jetty-util-ajax/9.4.43.v20210629/jetty-util-ajax-9.4.43.v20210629.jar:/home/runner/.m2/repository/commons-daemon/commons-daemon/1.0.13/commons-daemon-1.0.13.jar:/home/runner/.m2/repository/io/netty/netty/3.10.6.Final/netty-3.10.6.Final.jar:/home/runner/.m2/repository/io/netty/netty-all/4.1.63.Final/netty-all-4.1.63.Final.jar:/home/runner/.m2/repository/org/apache/htrace/htrace-core4/4.1.0-incubating/htrace-core4-4.1.0-incubating.jar:/home/runner/.m2/repository/org/fusesource/leveldbjni/leveldbjni-all/1.8/leveldbjni-all-1.8.jar:/home/runner/.m2/repository/org/apache/hadoop/hadoop-distcp/3.3.1/hadoop-distcp-3.3.1.jar:/home/runner/.m2/repository/org/apache/hadoop/hadoop-mapreduce-client-jobclient/3.3.1/hadoop-mapreduce-client-jobclient-3.3.1.jar:/home/runner/.m2/repository/org/apache/hadoop/hadoop-mapreduce-client-common/3.3.1/hadoop-mapreduce-client-common-3.3.1.jar:/home/runner/.m2/repository/org/apache/hadoop/hadoop-yarn-common/3.3.1/hadoop-yarn-common-3.3.1.jar:/home/runner/.m2/repository/org/apache/hadoop/hadoop-yarn-api/3.3.1/hadoop-yarn-api-3.3.1.jar:/home/runner/.m2/repository/com/sun/jersey/jersey-client/1.19/jersey-client-1.19.jar:/home/runner/.m2/repository/com/sun/jersey/contribs/jersey-guice/1.19/jersey-guice-1.19.jar:/home/runner/.m2/repository/com/fasterxml/jackson/jaxrs/jackson-jaxrs-json-provider/2.12.1/jackson-jaxrs-json-provider-2.12.1.jar:/home/runner/.m2/repository/com/fasterxml/jackson/jaxrs/jackson-jaxrs-base/2.12.1/jackson-jaxrs-base-2.12.1.jar:/home/runner/.m2/repository/org/apache/hadoop/hadoop-yarn-client/3.3.1/hadoop-yarn-client-3.3.1.jar:/home/runner/.m2/repository/org/eclipse/jetty/websocket/websocket-client/9.4.40.v20210413/websocket-client-9.4.40.v20210413.jar:/home/runner/.m2/repository/org/eclipse/jetty/jetty-client/9.4.40.v20210413/jetty-client-9.4.40.v20210413.jar:/home/runner/.m2/repository/org/eclipse/jetty/websocket/websocket-common/9.4.40.v20210413/websocket-common-9.4.40.v20210413.jar:/home/runner/.m2/repository/org/eclipse/jetty/websocket/websocket-api/9.4.40.v20210413/websocket-api-9.4.40.v20210413.jar:/home/runner/.m2/repository/org/jline/jline/3.9.0/jline-3.9.0.jar:/home/runner/.m2/repository/org/apache/hadoop/hadoop-mapreduce-client-core/3.3.1/hadoop-mapreduce-client-core-3.3.1.jar:/home/runner/.m2/repository/org/apache/avro/avro/1.7.7/avro-1.7.7.jar:/home/runner/.m2/repository/org/codehaus/jackson/jackson-core-asl/1.9.13/jackson-core-asl-1.9.13.jar:/home/runner/.m2/repository/org/codehaus/jackson/jackson-mapper-asl/1.9.13/jackson-mapper-asl-1.9.13.jar:/home/runner/.m2/repository/com/thoughtworks/paranamer/paranamer/2.3/paranamer-2.3.jar:/home/runner/.m2/repository/org/apache/hadoop/hadoop-annotations/3.3.1/hadoop-annotations-3.3.1.jar:/usr/lib/jvm/adoptopenjdk-8-hotspot-amd64/jre/../lib/tools.jar:/home/runner/.m2/repository/org/apache/hadoop/hadoop-distcp/3.3.1/hadoop-distcp-3.3.1-tests.jar:/home/runner/.m2/repository/org/apache/ratis/ratis-common/2.1.0-03f3b68-SNAPSHOT/ratis-common-2.1.0-03f3b68-SNAPSHOT.jar:/home/runner/.m2/repository/org/apache/ratis/ratis-thirdparty-misc/0.7.0/ratis-thirdparty-misc-0.7.0.jar:/home/runner/.m2/repository/org/apache/ratis/ratis-proto/2.1.0-03f3b68-SNAPSHOT/ratis-proto-2.1.0-03f3b68-SNAPSHOT.jar:"/>
    <property name="sun.cpu.endian" value="little"/>
    <property name="user.home" value="/home/runner"/>
    <property name="user.language" value="en"/>
    <property name="java.specification.vendor" value="Oracle Corporation"/>
    <property name="java.home" value="/usr/lib/jvm/adoptopenjdk-8-hotspot-amd64/jre"/>
    <property name="java.security.krb5.conf" value="/home/runner/work/ozone/ozone/hadoop-ozone/integration-test/target/test-classes/krb5.conf"/>
    <property name="basedir" value="/home/runner/work/ozone/ozone/hadoop-ozone/integration-test"/>
    <property name="file.separator" value="/"/>
    <property name="line.separator" value="&#10;"/>
    <property name="java.vm.specification.vendor" value="Oracle Corporation"/>
    <property name="java.specification.name" value="Java Platform API Specification"/>
    <property name="java.awt.graphicsenv" value="sun.awt.X11GraphicsEnvironment"/>
    <property name="skip.installnpx" value="true"/>
    <property name="surefire.real.class.path" value="/home/runner/work/ozone/ozone/hadoop-ozone/integration-test/target/surefire/surefirebooter2341074628346865758.jar:/home/runner/.m2/repository/org/jacoco/org.jacoco.agent/0.8.5/org.jacoco.agent-0.8.5-runtime.jar"/>
    <property name="hadoop.log.dir" value="/home/runner/work/ozone/ozone/hadoop-ozone/integration-test/target/log"/>
    <property name="sun.boot.class.path" value="/usr/lib/jvm/adoptopenjdk-8-hotspot-amd64/jre/lib/resources.jar:/usr/lib/jvm/adoptopenjdk-8-hotspot-amd64/jre/lib/rt.jar:/usr/lib/jvm/adoptopenjdk-8-hotspot-amd64/jre/lib/sunrsasign.jar:/usr/lib/jvm/adoptopenjdk-8-hotspot-amd64/jre/lib/jsse.jar:/usr/lib/jvm/adoptopenjdk-8-hotspot-amd64/jre/lib/jce.jar:/usr/lib/jvm/adoptopenjdk-8-hotspot-amd64/jre/lib/charsets.jar:/usr/lib/jvm/adoptopenjdk-8-hotspot-amd64/jre/lib/jfr.jar:/usr/lib/jvm/adoptopenjdk-8-hotspot-amd64/jre/classes"/>
    <property name="sun.management.compiler" value="HotSpot 64-Bit Tiered Compilers"/>
    <property name="skip.npx" value="true"/>
    <property name="java.runtime.version" value="1.8.0_292-b10"/>
    <property name="java.net.preferIPv4Stack" value="true"/>
    <property name="user.name" value="runner"/>
    <property name="path.separator" value=":"/>
    <property name="java.security.egd" value="file:///dev/urandom"/>
    <property name="os.version" value="5.4.0-1055-azure"/>
    <property name="java.endorsed.dirs" value="/usr/lib/jvm/adoptopenjdk-8-hotspot-amd64/jre/lib/endorsed"/>
    <property name="java.runtime.name" value="OpenJDK Runtime Environment"/>
    <property name="file.encoding" value="UTF-8"/>
    <property name="java.vm.name" value="OpenJDK 64-Bit Server VM"/>
    <property name="test.build.webapps" value=""/>
    <property name="localRepository" value="/home/runner/.m2/repository"/>
    <property name="java.vendor.url.bug" value="https://github.com/AdoptOpenJDK/openjdk-support/issues"/>
    <property name="java.io.tmpdir" value="/tmp"/>
    <property name="require.test.libhadoop" value=""/>
    <property name="java.version" value="1.8.0_292"/>
    <property name="user.dir" value="/home/runner/work/ozone/ozone/hadoop-ozone/integration-test"/>
    <property name="os.arch" value="amd64"/>
    <property name="java.vm.specification.name" value="Java Virtual Machine Specification"/>
    <property name="test.build.classes" value="/home/runner/work/ozone/ozone/hadoop-ozone/integration-test/target/test-classes"/>
    <property name="java.awt.printerjob" value="sun.print.PSPrinterJob"/>
    <property name="sun.os.patch.level" value="unknown"/>
    <property name="hadoop.tmp.dir" value="/home/runner/work/ozone/ozone/hadoop-ozone/integration-test/target/tmp"/>
    <property name="java.library.path" value="/usr/java/packages/lib/amd64:/usr/lib64:/lib64:/lib:/usr/lib"/>
    <property name="java.vm.info" value="mixed mode"/>
    <property name="java.vendor" value="AdoptOpenJDK"/>
    <property name="java.vm.version" value="25.292-b10"/>
    <property name="java.ext.dirs" value="/usr/lib/jvm/adoptopenjdk-8-hotspot-amd64/jre/lib/ext:/usr/java/packages/lib/ext"/>
    <property name="sun.io.unicode.encoding" value="UnicodeLittle"/>
    <property name="java.class.version" value="52.0"/>
  </properties>
  <testcase name="testWatchForCommitWithKeyWrite" classname="org.apache.hadoop.ozone.client.rpc.TestWatchForCommit" time="76.047">
    <failure message="expected:&lt;450&gt; but was:&lt;400&gt;" type="java.lang.AssertionError"><![CDATA[java.lang.AssertionError: expected:<450> but was:<400>
	at org.junit.Assert.fail(Assert.java:89)
	at org.junit.Assert.failNotEquals(Assert.java:835)
	at org.junit.Assert.assertEquals(Assert.java:647)
	at org.junit.Assert.assertEquals(Assert.java:633)
	at org.apache.hadoop.ozone.client.rpc.TestWatchForCommit.testWatchForCommitWithKeyWrite(TestWatchForCommit.java:192)
	at sun.reflect.NativeMethodAccessorImpl.invoke0(Native Method)
	at sun.reflect.NativeMethodAccessorImpl.invoke(NativeMethodAccessorImpl.java:62)
	at sun.reflect.DelegatingMethodAccessorImpl.invoke(DelegatingMethodAccessorImpl.java:43)
	at java.lang.reflect.Method.invoke(Method.java:498)
	at org.junit.runners.model.FrameworkMethod$1.runReflectiveCall(FrameworkMethod.java:59)
	at org.junit.internal.runners.model.ReflectiveCallable.run(ReflectiveCallable.java:12)
	at org.junit.runners.model.FrameworkMethod.invokeExplosively(FrameworkMethod.java:56)
	at org.junit.internal.runners.statements.InvokeMethod.evaluate(InvokeMethod.java:17)
	at org.junit.internal.runners.statements.RunBefores.evaluate(RunBefores.java:26)
	at org.junit.internal.runners.statements.RunAfters.evaluate(RunAfters.java:27)
	at org.junit.runners.ParentRunner$3.evaluate(ParentRunner.java:306)
	at org.junit.runners.BlockJUnit4ClassRunner$1.evaluate(BlockJUnit4ClassRunner.java:100)
	at org.junit.runners.ParentRunner.runLeaf(ParentRunner.java:366)
	at org.junit.runners.BlockJUnit4ClassRunner.runChild(BlockJUnit4ClassRunner.java:103)
	at org.junit.runners.BlockJUnit4ClassRunner.runChild(BlockJUnit4ClassRunner.java:63)
	at org.junit.runners.ParentRunner$4.run(ParentRunner.java:331)
	at org.junit.runners.ParentRunner$1.schedule(ParentRunner.java:79)
	at org.junit.runners.ParentRunner.runChildren(ParentRunner.java:329)
	at org.junit.runners.ParentRunner.access$100(ParentRunner.java:66)
	at org.junit.runners.ParentRunner$2.evaluate(ParentRunner.java:293)
	at org.junit.runners.ParentRunner$3.evaluate(ParentRunner.java:306)
	at org.junit.runners.ParentRunner.run(ParentRunner.java:413)
	at org.junit.runner.JUnitCore.run(JUnitCore.java:137)
	at org.junit.runner.JUnitCore.run(JUnitCore.java:115)
	at org.junit.vintage.engine.execution.RunnerExecutor.execute(RunnerExecutor.java:43)
	at java.util.stream.ForEachOps$ForEachOp$OfRef.accept(ForEachOps.java:183)
	at java.util.stream.ReferencePipeline$3$1.accept(ReferencePipeline.java:193)
	at java.util.Iterator.forEachRemaining(Iterator.java:116)
	at java.util.Spliterators$IteratorSpliterator.forEachRemaining(Spliterators.java:1801)
	at java.util.stream.AbstractPipeline.copyInto(AbstractPipeline.java:482)
	at java.util.stream.AbstractPipeline.wrapAndCopyInto(AbstractPipeline.java:472)
	at java.util.stream.ForEachOps$ForEachOp.evaluateSequential(ForEachOps.java:150)
	at java.util.stream.ForEachOps$ForEachOp$OfRef.evaluateSequential(ForEachOps.java:173)
	at java.util.stream.AbstractPipeline.evaluate(AbstractPipeline.java:234)
	at java.util.stream.ReferencePipeline.forEach(ReferencePipeline.java:485)
	at org.junit.vintage.engine.VintageTestEngine.executeAllChildren(VintageTestEngine.java:82)
	at org.junit.vintage.engine.VintageTestEngine.execute(VintageTestEngine.java:73)
	at org.junit.platform.launcher.core.EngineExecutionOrchestrator.execute(EngineExecutionOrchestrator.java:108)
	at org.junit.platform.launcher.core.EngineExecutionOrchestrator.execute(EngineExecutionOrchestrator.java:88)
	at org.junit.platform.launcher.core.EngineExecutionOrchestrator.lambda$execute$0(EngineExecutionOrchestrator.java:54)
	at org.junit.platform.launcher.core.EngineExecutionOrchestrator.withInterceptedStreams(EngineExecutionOrchestrator.java:67)
	at org.junit.platform.launcher.core.EngineExecutionOrchestrator.execute(EngineExecutionOrchestrator.java:52)
	at org.junit.platform.launcher.core.DefaultLauncher.execute(DefaultLauncher.java:96)
	at org.junit.platform.launcher.core.DefaultLauncher.execute(DefaultLauncher.java:75)
	at org.apache.maven.surefire.junitplatform.JUnitPlatformProvider.invokeAllTests(JUnitPlatformProvider.java:142)
	at org.apache.maven.surefire.junitplatform.JUnitPlatformProvider.invoke(JUnitPlatformProvider.java:113)
	at org.apache.maven.surefire.booter.ForkedBooter.invokeProviderInSameClassLoader(ForkedBooter.java:384)
	at org.apache.maven.surefire.booter.ForkedBooter.runSuitesInProcess(ForkedBooter.java:345)
	at org.apache.maven.surefire.booter.ForkedBooter.execute(ForkedBooter.java:126)
	at org.apache.maven.surefire.booter.ForkedBooter.main(ForkedBooter.java:418)
]]></failure>
    <system-out><![CDATA[2021-08-23 23:19:29,640 [main] WARN  server.ServerUtils (ServerUtils.java:getScmDbDir(148)) - ozone.scm.db.dirs is not configured. We recommend adding this setting. Falling back to ozone.metadata.dirs instead.
2021-08-23 23:19:29,742 [main] INFO  ha.SCMHANodeDetails (SCMHANodeDetails.java:loadSCMHAConfig(157)) - ServiceID for StorageContainerManager is null
2021-08-23 23:19:29,743 [main] INFO  ha.SCMHANodeDetails (SCMHANodeDetails.java:loadSCMHAConfig(162)) - ozone.scm.default.service.id is not defined, falling back to ozone.scm.service.ids to find serviceID for StorageContainerManager if it is HA enabled cluster
2021-08-23 23:19:29,830 [main] WARN  server.ServerUtils (ServerUtils.java:getScmDbDir(148)) - ozone.scm.db.dirs is not configured. We recommend adding this setting. Falling back to ozone.metadata.dirs instead.
2021-08-23 23:19:29,832 [main] INFO  upgrade.AbstractLayoutVersionManager (AbstractLayoutVersionManager.java:init(70)) - Initializing Layout version manager with metadata layout = SCM_HA (version = 2), software layout = SCM_HA (version = 2)
2021-08-23 23:19:30,080 [main] INFO  reflections.Reflections (Reflections.java:scan(232)) - Reflections took 169 ms to scan 7 urls, producing 120 keys and 275 values 
2021-08-23 23:19:30,681 [main] WARN  utils.HAUtils (HAUtils.java:getMetaDir(342)) - ozone.scm.db.dirs is not configured. We recommend adding this setting. Falling back to ozone.metadata.dirs instead.
2021-08-23 23:19:30,816 [main] WARN  db.DBStoreBuilder (DBStoreBuilder.java:applyDBDefinition(145)) - ozone.scm.db.dirs is not configured. We recommend adding this setting. Falling back to ozone.metadata.dirs instead.
2021-08-23 23:19:31,011 [main] INFO  net.NodeSchemaLoader (NodeSchemaLoader.java:loadSchemaFromFile(129)) - Loading schema from [jar:file:/home/runner/.m2/repository/org/apache/ozone/hdds-common/1.2.0-SNAPSHOT/hdds-common-1.2.0-SNAPSHOT.jar!/network-topology-default.xml]
2021-08-23 23:19:31,014 [main] INFO  net.NodeSchemaLoader (NodeSchemaLoader.java:loadSchema(176)) - Loading network topology layer schema file
2021-08-23 23:19:31,075 [main] INFO  ha.SequenceIdGenerator (SequenceIdGenerator.java:upgradeToSequenceId(327)) - upgrade localId to 107544261427200000
2021-08-23 23:19:31,076 [main] INFO  ha.SequenceIdGenerator (SequenceIdGenerator.java:upgradeToSequenceId(337)) - upgrade delTxnId to 0
2021-08-23 23:19:31,079 [main] INFO  ha.SequenceIdGenerator (SequenceIdGenerator.java:upgradeToSequenceId(351)) - upgrade containerId to 0
2021-08-23 23:19:31,082 [main] INFO  ha.SequenceIdGenerator (SequenceIdGenerator.java:<init>(217)) - Init the HA SequenceIdGenerator.
2021-08-23 23:19:31,131 [main] INFO  node.SCMNodeManager (SCMNodeManager.java:<init>(145)) - Entering startup safe mode.
2021-08-23 23:19:31,204 [main] INFO  algorithms.ContainerPlacementPolicyFactory (ContainerPlacementPolicyFactory.java:getPolicy(60)) - Create container placement policy of type org.apache.hadoop.hdds.scm.container.placement.algorithms.SCMContainerPlacementRandom
2021-08-23 23:19:31,215 [main] INFO  pipeline.PipelineStateManager (PipelineStateManagerV2Impl.java:initialize(78)) - No pipeline exists in current db
2021-08-23 23:19:31,258 [main] INFO  algorithms.LeaderChoosePolicyFactory (LeaderChoosePolicyFactory.java:getPolicy(57)) - Create leader choose policy of type org.apache.hadoop.hdds.scm.pipeline.leader.choose.algorithms.MinLeaderCountChoosePolicy
2021-08-23 23:19:31,270 [main] INFO  ha.SCMServiceManager (SCMServiceManager.java:register(43)) - Registering service BackgroundPipelineCreator.
2021-08-23 23:19:31,270 [main] INFO  pipeline.BackgroundPipelineCreator (BackgroundPipelineCreatorV2.java:start(130)) - Starting RatisPipelineUtilsThread.
2021-08-23 23:19:31,312 [main] INFO  algorithms.PipelineChoosePolicyFactory (PipelineChoosePolicyFactory.java:createPipelineChoosePolicyFromClass(73)) - Create pipeline choose policy of type org.apache.hadoop.hdds.scm.pipeline.choose.algorithms.RandomPipelineChoosePolicy
2021-08-23 23:19:31,331 [main] INFO  ha.SCMServiceManager (SCMServiceManager.java:register(43)) - Registering service SCMBlockDeletingService.
2021-08-23 23:19:31,355 [main] INFO  ha.SCMServiceManager (SCMServiceManager.java:register(43)) - Registering service ReplicationManager.
2021-08-23 23:19:31,358 [main] INFO  container.ReplicationManager (ReplicationManager.java:start(307)) - Starting Replication Monitor Thread.
2021-08-23 23:19:31,369 [main] INFO  safemode.ContainerSafeModeRule (ContainerSafeModeRule.java:<init>(89)) - containers with one replica threshold count 0
2021-08-23 23:19:31,370 [ReplicationMonitor] INFO  container.ReplicationManager (ReplicationManager.java:processAll(359)) - Replication Monitor Thread took 0 milliseconds for processing 0 containers.
2021-08-23 23:19:31,374 [main] INFO  safemode.HealthyPipelineSafeModeRule (HealthyPipelineSafeModeRule.java:initializeRule(156)) - Total pipeline count is 0, healthy pipeline threshold count is 1
2021-08-23 23:19:31,379 [main] INFO  safemode.OneReplicaPipelineSafeModeRule (OneReplicaPipelineSafeModeRule.java:initializeRule(180)) - Total pipeline count is 0, pipeline's with at least one datanode reported threshold count is 0
2021-08-23 23:19:31,771 [main] INFO  ipc.CallQueueManager (CallQueueManager.java:<init>(90)) - Using callQueue: class java.util.concurrent.LinkedBlockingQueue, queueCapacity: 2000, scheduler: class org.apache.hadoop.ipc.DefaultRpcScheduler, ipcBackoff: false.
2021-08-23 23:19:31,810 [Socket Reader #1 for port 0] INFO  ipc.Server (Server.java:run(1265)) - Starting Socket Reader #1 for port 0
2021-08-23 23:19:31,851 [Listener at 0.0.0.0/46229] INFO  ipc.CallQueueManager (CallQueueManager.java:<init>(90)) - Using callQueue: class java.util.concurrent.LinkedBlockingQueue, queueCapacity: 2000, scheduler: class org.apache.hadoop.ipc.DefaultRpcScheduler, ipcBackoff: false.
2021-08-23 23:19:31,851 [Socket Reader #1 for port 0] INFO  ipc.Server (Server.java:run(1265)) - Starting Socket Reader #1 for port 0
2021-08-23 23:19:31,869 [Listener at 0.0.0.0/40817] INFO  ipc.CallQueueManager (CallQueueManager.java:<init>(90)) - Using callQueue: class java.util.concurrent.LinkedBlockingQueue, queueCapacity: 2000, scheduler: class org.apache.hadoop.ipc.DefaultRpcScheduler, ipcBackoff: false.
2021-08-23 23:19:31,870 [Socket Reader #1 for port 0] INFO  ipc.Server (Server.java:run(1265)) - Starting Socket Reader #1 for port 0
2021-08-23 23:19:31,927 [Listener at 0.0.0.0/46245] INFO  algorithms.ContainerPlacementPolicyFactory (ContainerPlacementPolicyFactory.java:getPolicy(60)) - Create container placement policy of type org.apache.hadoop.hdds.scm.container.placement.algorithms.SCMContainerPlacementRandom
2021-08-23 23:19:31,936 [Listener at 0.0.0.0/46245] INFO  server.StorageContainerManager (StorageContainerManager.java:<init>(387)) - 
Container Balancer status:
Key                            Value
Running                        false
Container Balancer Configuration values:
Key                                                Value
Threshold                                          0.1
Max Datanodes to Involve per Iteration(ratio)      0.5
Max Size to Move per Iteration                     10737418240B

2021-08-23 23:19:31,936 [Listener at 0.0.0.0/46245] WARN  events.EventQueue (EventQueue.java:fireEvent(194)) - No event handler registered for event TypedEvent{payloadType=SafeModeStatus, name='Safe mode status'}
2021-08-23 23:19:31,937 [Listener at 0.0.0.0/46245] INFO  ha.SCMContext (SCMContext.java:updateSafeModeStatus(205)) - Update SafeModeStatus from SafeModeStatus{safeModeStatus=true, preCheckPassed=false} to SafeModeStatus{safeModeStatus=true, preCheckPassed=false}.
2021-08-23 23:19:31,940 [Listener at 0.0.0.0/46245] INFO  server.StorageContainerManager (StorageContainerManager.java:start(1255)) - StorageContainerLocationProtocol RPC server is listening at /0.0.0.0:46245
2021-08-23 23:19:32,005 [Listener at 0.0.0.0/46245] WARN  impl.MetricsConfig (MetricsConfig.java:loadFirst(136)) - Cannot locate configuration: tried hadoop-metrics2-storagecontainermanager.properties,hadoop-metrics2.properties
2021-08-23 23:19:32,023 [Listener at 0.0.0.0/46245] INFO  impl.MetricsSystemImpl (MetricsSystemImpl.java:startTimer(378)) - Scheduled Metric snapshot period at 10 second(s).
2021-08-23 23:19:32,023 [Listener at 0.0.0.0/46245] INFO  impl.MetricsSystemImpl (MetricsSystemImpl.java:start(191)) - StorageContainerManager metrics system started
2021-08-23 23:19:32,328 [Listener at 0.0.0.0/46245] INFO  metrics.MetricRegistries (MetricRegistriesLoader.java:load(64)) - Loaded MetricRegistries class org.apache.ratis.metrics.impl.MetricRegistriesImpl
2021-08-23 23:19:32,332 [Listener at 0.0.0.0/46245] INFO  server.SCMClientProtocolServer (SCMClientProtocolServer.java:start(164)) - RPC server for Client  is listening at /0.0.0.0:46245
2021-08-23 23:19:32,336 [IPC Server Responder] INFO  ipc.Server (Server.java:run(1507)) - IPC Server Responder: starting
2021-08-23 23:19:32,337 [IPC Server listener on 0] INFO  ipc.Server (Server.java:run(1344)) - IPC Server listener on 0: starting
2021-08-23 23:19:32,345 [Listener at 0.0.0.0/46245] INFO  server.StorageContainerManager (StorageContainerManager.java:start(1272)) - ScmBlockLocationProtocol RPC server is listening at /0.0.0.0:40817
2021-08-23 23:19:32,346 [Listener at 0.0.0.0/46245] INFO  server.SCMBlockProtocolServer (SCMBlockProtocolServer.java:start(151)) - RPC server for Block Protocol is listening at /0.0.0.0:40817
2021-08-23 23:19:32,346 [IPC Server Responder] INFO  ipc.Server (Server.java:run(1507)) - IPC Server Responder: starting
2021-08-23 23:19:32,346 [IPC Server listener on 0] INFO  ipc.Server (Server.java:run(1344)) - IPC Server listener on 0: starting
2021-08-23 23:19:32,348 [Listener at 0.0.0.0/46245] INFO  server.StorageContainerManager (StorageContainerManager.java:start(1278)) - ScmDatanodeProtocl RPC server is listening at /0.0.0.0:46229
2021-08-23 23:19:32,349 [Listener at 0.0.0.0/46245] INFO  server.SCMDatanodeProtocolServer (SCMDatanodeProtocolServer.java:start(181)) - RPC server for DataNodes is listening at /0.0.0.0:46229
2021-08-23 23:19:32,349 [IPC Server Responder] INFO  ipc.Server (Server.java:run(1507)) - IPC Server Responder: starting
2021-08-23 23:19:32,349 [IPC Server listener on 0] INFO  ipc.Server (Server.java:run(1344)) - IPC Server listener on 0: starting
2021-08-23 23:19:32,364 [org.apache.hadoop.util.JvmPauseMonitor$Monitor@7aa63f50] INFO  util.JvmPauseMonitor (JvmPauseMonitor.java:run(188)) - Starting JVM pause monitor
2021-08-23 23:19:32,378 [Listener at 0.0.0.0/46245] INFO  http.BaseHttpServer (BaseHttpServer.java:newHttpServer2BuilderForOzone(209)) - Starting Web-server for scm at: http://0.0.0.0:0
2021-08-23 23:19:32,378 [Listener at 0.0.0.0/46245] INFO  http.BaseHttpServer (BaseHttpServer.java:<init>(107)) - Hadoop Security Enabled: false Ozone Security Enabled: false Ozone HTTP Security Enabled: false 
2021-08-23 23:19:32,401 [Listener at 0.0.0.0/46245] INFO  util.log (Log.java:initialized(170)) - Logging initialized @4085ms to org.eclipse.jetty.util.log.Slf4jLog
2021-08-23 23:19:32,504 [Listener at 0.0.0.0/46245] INFO  server.AuthenticationFilter (AuthenticationFilter.java:constructSecretProvider(240)) - Unable to initialize FileSignerSecretProvider, falling back to use random secrets.
2021-08-23 23:19:32,509 [Listener at 0.0.0.0/46245] WARN  http.HttpRequestLog (HttpRequestLog.java:getRequestLog(103)) - Jetty request log can only be enabled using Log4j
2021-08-23 23:19:32,516 [Listener at 0.0.0.0/46245] INFO  http.HttpServer2 (HttpServer2.java:addGlobalFilter(1030)) - Added global filter 'safety' (class=org.apache.hadoop.hdds.server.http.HttpServer2$QuotingInputFilter)
2021-08-23 23:19:32,518 [Listener at 0.0.0.0/46245] INFO  http.HttpServer2 (HttpServer2.java:addFilter(1006)) - Added filter static_user_filter (class=org.apache.hadoop.http.lib.StaticUserWebFilter$StaticUserFilter) to context scm
2021-08-23 23:19:32,518 [Listener at 0.0.0.0/46245] INFO  http.HttpServer2 (HttpServer2.java:addFilter(1014)) - Added filter static_user_filter (class=org.apache.hadoop.http.lib.StaticUserWebFilter$StaticUserFilter) to context static
2021-08-23 23:19:32,518 [Listener at 0.0.0.0/46245] INFO  http.HttpServer2 (HttpServer2.java:addFilter(1014)) - Added filter static_user_filter (class=org.apache.hadoop.http.lib.StaticUserWebFilter$StaticUserFilter) to context logs
2021-08-23 23:19:32,555 [Listener at 0.0.0.0/46245] INFO  http.HttpServer2 (HttpServer2.java:bindListener(1249)) - Jetty bound to port 38767
2021-08-23 23:19:32,557 [Listener at 0.0.0.0/46245] INFO  server.Server (Server.java:doStart(375)) - jetty-9.4.43.v20210629; built: 2021-06-30T11:07:22.254Z; git: 526006ecfa3af7f1a27ef3a288e2bef7ea9dd7e8; jvm 1.8.0_292-b10
2021-08-23 23:19:32,589 [Listener at 0.0.0.0/46245] INFO  server.session (DefaultSessionIdManager.java:doStart(334)) - DefaultSessionIdManager workerName=node0
2021-08-23 23:19:32,590 [Listener at 0.0.0.0/46245] INFO  server.session (DefaultSessionIdManager.java:doStart(339)) - No SessionScavenger set, using defaults
2021-08-23 23:19:32,592 [Listener at 0.0.0.0/46245] INFO  server.session (HouseKeeper.java:startScavenging(132)) - node0 Scavenging every 600000ms
2021-08-23 23:19:32,603 [Listener at 0.0.0.0/46245] INFO  handler.ContextHandler (ContextHandler.java:doStart(915)) - Started o.e.j.s.ServletContextHandler@699bb304{logs,/logs,file:///home/runner/work/ozone/ozone/hadoop-ozone/integration-test/target/log,AVAILABLE}
2021-08-23 23:19:32,603 [Listener at 0.0.0.0/46245] INFO  handler.ContextHandler (ContextHandler.java:doStart(915)) - Started o.e.j.s.ServletContextHandler@24a7d3d3{static,/static,file:///home/runner/work/ozone/ozone/hadoop-ozone/integration-test/target/test-classes/webapps/static,AVAILABLE}
2021-08-23 23:19:32,646 [Listener at 0.0.0.0/46245] INFO  handler.ContextHandler (ContextHandler.java:doStart(915)) - Started o.e.j.w.WebAppContext@4e933cf1{scm,/,file:///home/runner/work/ozone/ozone/hadoop-ozone/integration-test/target/test-classes/webapps/scm/,AVAILABLE}{file:/home/runner/work/ozone/ozone/hadoop-ozone/integration-test/target/test-classes/webapps/scm}
2021-08-23 23:19:32,654 [Listener at 0.0.0.0/46245] INFO  server.AbstractConnector (AbstractConnector.java:doStart(331)) - Started ServerConnector@6d92e327{HTTP/1.1, (http/1.1)}{0.0.0.0:38767}
2021-08-23 23:19:32,654 [Listener at 0.0.0.0/46245] INFO  server.Server (Server.java:doStart(415)) - Started @4338ms
2021-08-23 23:19:32,656 [Listener at 0.0.0.0/46245] INFO  impl.MetricsSinkAdapter (MetricsSinkAdapter.java:start(204)) - Sink prometheus started
2021-08-23 23:19:32,656 [Listener at 0.0.0.0/46245] INFO  impl.MetricsSystemImpl (MetricsSystemImpl.java:registerSink(305)) - Registered sink prometheus
2021-08-23 23:19:32,657 [Listener at 0.0.0.0/46245] INFO  http.BaseHttpServer (BaseHttpServer.java:updateConnectorAddress(329)) - HTTP server of scm listening at http://0.0.0.0:38767
2021-08-23 23:19:32,659 [Listener at 0.0.0.0/46245] WARN  server.ServerUtils (ServerUtils.java:getDBPath(225)) - ozone.om.db.dirs is not configured. We recommend adding this setting. Falling back to ozone.metadata.dirs instead.
2021-08-23 23:19:32,762 [Listener at 0.0.0.0/46245] INFO  ha.OMHANodeDetails (OMHANodeDetails.java:loadOMHAConfig(112)) - ozone.om.internal.service.id is not defined, falling back to ozone.om.service.ids to find serviceID for OzoneManager if it is HA enabled cluster
2021-08-23 23:19:32,765 [Listener at 0.0.0.0/46245] INFO  ha.OMHANodeDetails (OMHANodeDetails.java:loadOMHAConfig(219)) - Configuration does not have ozone.om.address set. Falling back to the default OM address /127.0.0.1:0
2021-08-23 23:19:32,765 [Listener at 0.0.0.0/46245] INFO  ha.OMHANodeDetails (OMHANodeDetails.java:getOMNodeDetails(247)) - OM Service ID is not set. Setting it to the default ID: omServiceIdDefault
2021-08-23 23:19:32,765 [Listener at 0.0.0.0/46245] INFO  ha.OMHANodeDetails (OMHANodeDetails.java:getOMNodeDetails(254)) - OM Node ID is not set. Setting it to the default ID: om1
2021-08-23 23:19:32,769 [Listener at 0.0.0.0/46245] WARN  server.ServerUtils (ServerUtils.java:getDBPath(225)) - ozone.om.db.dirs is not configured. We recommend adding this setting. Falling back to ozone.metadata.dirs instead.
2021-08-23 23:19:32,771 [Listener at 0.0.0.0/46245] INFO  upgrade.AbstractLayoutVersionManager (AbstractLayoutVersionManager.java:init(70)) - Initializing Layout version manager with metadata layout = INITIAL_VERSION (version = 0), software layout = INITIAL_VERSION (version = 0)
2021-08-23 23:19:32,829 [Listener at 0.0.0.0/46245] INFO  reflections.Reflections (Reflections.java:scan(232)) - Reflections took 53 ms to scan 2 urls, producing 131 keys and 342 values [using 2 cores]
2021-08-23 23:19:32,837 [Listener at 0.0.0.0/46245] INFO  upgrade.OMLayoutVersionManager (OMLayoutVersionManager.java:lambda$0(116)) - Skipping Upgrade Action MockOmUpgradeAction since it has been finalized.
2021-08-23 23:19:32,840 [Listener at 0.0.0.0/46245] WARN  server.ServerUtils (ServerUtils.java:getDBPath(225)) - ozone.om.db.dirs is not configured. We recommend adding this setting. Falling back to ozone.metadata.dirs instead.
2021-08-23 23:19:33,251 [Listener at 0.0.0.0/46245] WARN  server.ServerUtils (ServerUtils.java:getDBPath(225)) - ozone.om.db.dirs is not configured. We recommend adding this setting. Falling back to ozone.metadata.dirs instead.
2021-08-23 23:19:33,258 [Listener at 0.0.0.0/46245] INFO  codec.OmKeyInfoCodec (OmKeyInfoCodec.java:<init>(51)) - OmKeyInfoCodec ignorePipeline = true
2021-08-23 23:19:33,259 [Listener at 0.0.0.0/46245] INFO  codec.RepeatedOmKeyInfoCodec (RepeatedOmKeyInfoCodec.java:<init>(42)) - RepeatedOmKeyInfoCodec ignorePipeline = true
2021-08-23 23:19:33,472 [Listener at 0.0.0.0/46245] INFO  om.OzoneManager (OzoneManager.java:addS3GVolumeToDB(4115)) - Created Volume s3v With Owner runner required for S3Gateway operations.
2021-08-23 23:19:33,543 [Listener at 0.0.0.0/46245] WARN  server.ServerUtils (ServerUtils.java:getDefaultRatisDirectory(237)) - Storage directory for Ratis is not configured. It is a good idea to map this to an SSD disk. Falling back to ozone.metadata.dirs
2021-08-23 23:19:33,544 [Listener at 0.0.0.0/46245] WARN  utils.OzoneManagerRatisUtils (OzoneManagerRatisUtils.java:getOMRatisSnapshotDirectory(391)) - ozone.om.ratis.snapshot.dir is not configured. Falling back to ozone.metadata.dirs config
2021-08-23 23:19:33,572 [Listener at 0.0.0.0/46245] WARN  server.ServerUtils (ServerUtils.java:getDefaultRatisDirectory(237)) - Storage directory for Ratis is not configured. It is a good idea to map this to an SSD disk. Falling back to ozone.metadata.dirs
2021-08-23 23:19:33,599 [Listener at 0.0.0.0/46245] INFO  ratis.OzoneManagerRatisServer (OzoneManagerRatisServer.java:<init>(158)) - Instantiating OM Ratis server with groupID: omServiceIdDefault and peers: localhost:9872
2021-08-23 23:19:33,606 [Listener at 0.0.0.0/46245] INFO  ratis.OzoneManagerStateMachine (OzoneManagerStateMachine.java:loadSnapshotInfoFromDB(605)) - LastAppliedIndex is set from TransactionInfo from OM DB as (t:0, i:~)
2021-08-23 23:19:33,635 [Listener at 0.0.0.0/46245] INFO  server.RaftServer (ConfUtils.java:logGet(44)) - raft.rpc.type = GRPC (default)
2021-08-23 23:19:33,709 [Listener at 0.0.0.0/46245] INFO  grpc.GrpcFactory (GrpcFactory.java:checkPooledByteBufAllocatorUseCacheForAllThreads(48)) - PERFORMANCE WARNING: useCacheForAllThreads is true that may cause Netty to create a lot garbage objects and, as a result, trigger GC.
	It is recommended to disable useCacheForAllThreads by setting -Dorg.apache.ratis.thirdparty.io.netty.allocator.useCacheForAllThreads=false in command line.
2021-08-23 23:19:33,713 [Listener at 0.0.0.0/46245] INFO  grpc.GrpcConfigKeys (ConfUtils.java:logGet(44)) - raft.grpc.admin.port = -1 (default)
2021-08-23 23:19:33,713 [Listener at 0.0.0.0/46245] INFO  grpc.GrpcConfigKeys (ConfUtils.java:logGet(44)) - raft.grpc.server.port = 9872 (custom)
2021-08-23 23:19:33,714 [Listener at 0.0.0.0/46245] INFO  grpc.GrpcConfigKeys (ConfUtils.java:logGet(44)) - raft.grpc.client.port = -1 (default)
2021-08-23 23:19:33,714 [Listener at 0.0.0.0/46245] INFO  grpc.GrpcConfigKeys (ConfUtils.java:logGet(44)) - raft.grpc.server.port = 9872 (custom)
2021-08-23 23:19:33,714 [Listener at 0.0.0.0/46245] INFO  grpc.GrpcConfigKeys (ConfUtils.java:logGet(44)) - raft.grpc.server.port = 9872 (custom)
2021-08-23 23:19:33,715 [Listener at 0.0.0.0/46245] INFO  server.GrpcService (ConfUtils.java:logGet(44)) - raft.grpc.message.size.max = 33554432 (custom)
2021-08-23 23:19:33,716 [Listener at 0.0.0.0/46245] INFO  server.RaftServerConfigKeys (ConfUtils.java:logGet(44)) - raft.server.log.appender.buffer.byte-limit = 33554432 (custom)
2021-08-23 23:19:33,717 [Listener at 0.0.0.0/46245] INFO  server.GrpcService (ConfUtils.java:logGet(44)) - raft.grpc.flow.control.window = 1MB (=1048576) (default)
2021-08-23 23:19:33,717 [Listener at 0.0.0.0/46245] INFO  server.RaftServerConfigKeys (ConfUtils.java:logGet(44)) - raft.server.rpc.request.timeout = 3000ms (default)
2021-08-23 23:19:33,994 [Listener at 0.0.0.0/46245] INFO  impl.DataStreamServerImpl (ConfUtils.java:logGet(44)) - raft.datastream.type = DISABLED (default)
2021-08-23 23:19:33,997 [Listener at 0.0.0.0/46245] INFO  server.RaftServerConfigKeys (ConfUtils.java:logGet(44)) - raft.server.rpc.slowness.timeout = 120s (custom)
2021-08-23 23:19:33,997 [Listener at 0.0.0.0/46245] INFO  server.RaftServerConfigKeys (ConfUtils.java:logGet(44)) - raft.server.leaderelection.leader.step-down.wait-time = 10s (default)
2021-08-23 23:19:34,012 [Listener at 0.0.0.0/46245] INFO  server.RaftServerConfigKeys (ConfUtils.java:logGet(44)) - raft.server.storage.dir = [/home/runner/work/ozone/ozone/hadoop-ozone/integration-test/target/test-dir/MiniOzoneClusterImpl-994ab01d-a5c0-4516-a51a-b70458bd9cc3/ozone-meta/ratis] (custom)
2021-08-23 23:19:34,031 [Listener at 0.0.0.0/46245] INFO  server.RaftServer (RaftServerProxy.java:addNew(95)) - om1: addNew group-C5BA1605619E:[om1|rpc:localhost:9872|priority:0] returns group-C5BA1605619E:java.util.concurrent.CompletableFuture@69e67993[Not completed]
2021-08-23 23:19:34,031 [Listener at 0.0.0.0/46245] INFO  om.OzoneManager (OzoneManager.java:initializeRatisServer(1573)) - OzoneManager Ratis server initialized at port 9872
2021-08-23 23:19:34,067 [Listener at 0.0.0.0/46245] INFO  ipc.CallQueueManager (CallQueueManager.java:<init>(90)) - Using callQueue: class java.util.concurrent.LinkedBlockingQueue, queueCapacity: 2000, scheduler: class org.apache.hadoop.ipc.DefaultRpcScheduler, ipcBackoff: false.
2021-08-23 23:19:34,068 [Socket Reader #1 for port 0] INFO  ipc.Server (Server.java:run(1265)) - Starting Socket Reader #1 for port 0
2021-08-23 23:19:34,084 [pool-39-thread-1] INFO  server.RaftServer$Division (RaftServerImpl.java:<init>(181)) - om1: new RaftServerImpl for group-C5BA1605619E:[om1|rpc:localhost:9872|priority:0] with OzoneManagerStateMachine:uninitialized
2021-08-23 23:19:34,087 [pool-39-thread-1] INFO  server.RaftServerConfigKeys (ConfUtils.java:logGet(44)) - raft.server.rpc.timeout.min = 1s (custom)
2021-08-23 23:19:34,089 [pool-39-thread-1] INFO  server.RaftServerConfigKeys (ConfUtils.java:logGet(44)) - raft.server.rpc.timeout.max = 1200ms (custom)
2021-08-23 23:19:34,089 [pool-39-thread-1] INFO  server.RaftServerConfigKeys (ConfUtils.java:logGet(44)) - raft.server.rpc.sleep.time = 25ms (default)
2021-08-23 23:19:34,089 [pool-39-thread-1] INFO  server.RaftServerConfigKeys (ConfUtils.java:logGet(44)) - raft.server.rpc.slowness.timeout = 120s (custom)
2021-08-23 23:19:34,089 [pool-39-thread-1] INFO  server.RaftServerConfigKeys (ConfUtils.java:logGet(44)) - raft.server.leaderelection.leader.step-down.wait-time = 10s (default)
2021-08-23 23:19:34,090 [pool-39-thread-1] INFO  server.RaftServerConfigKeys (ConfUtils.java:logGet(44)) - raft.server.sleep.deviation.threshold = 300ms (default)
2021-08-23 23:19:34,090 [pool-39-thread-1] INFO  server.RaftServerConfigKeys (ConfUtils.java:logGet(44)) - raft.server.log.appender.install.snapshot.enabled = false (custom)
2021-08-23 23:19:34,097 [pool-39-thread-1] INFO  server.RaftServer$Division (ServerState.java:<init>(105)) - om1@group-C5BA1605619E: ConfigurationManager, init=-1: [om1|rpc:localhost:9872|priority:0], old=null, confs=<EMPTY_MAP>
2021-08-23 23:19:34,097 [pool-39-thread-1] INFO  server.RaftServerConfigKeys (ConfUtils.java:logGet(44)) - raft.server.storage.dir = [/home/runner/work/ozone/ozone/hadoop-ozone/integration-test/target/test-dir/MiniOzoneClusterImpl-994ab01d-a5c0-4516-a51a-b70458bd9cc3/ozone-meta/ratis] (custom)
2021-08-23 23:19:34,111 [pool-39-thread-1] INFO  server.RaftServerConfigKeys (ConfUtils.java:logGet(44)) - raft.server.log.corruption.policy = EXCEPTION (default)
2021-08-23 23:19:34,112 [pool-39-thread-1] INFO  server.RaftServerConfigKeys (ConfUtils.java:logGet(44)) - raft.server.storage.free-space.min = 0MB (=0) (default)
2021-08-23 23:19:34,117 [pool-39-thread-1] INFO  storage.RaftStorageDirectory (RaftStorageDirectoryImpl.java:analyzeStorage(135)) - The storage directory /home/runner/work/ozone/ozone/hadoop-ozone/integration-test/target/test-dir/MiniOzoneClusterImpl-994ab01d-a5c0-4516-a51a-b70458bd9cc3/ozone-meta/ratis/bf265839-605b-3f16-9796-c5ba1605619e does not exist. Creating ...
2021-08-23 23:19:34,126 [pool-39-thread-1] INFO  storage.RaftStorageDirectory (RaftStorageDirectoryImpl.java:tryLock(230)) - Lock on /home/runner/work/ozone/ozone/hadoop-ozone/integration-test/target/test-dir/MiniOzoneClusterImpl-994ab01d-a5c0-4516-a51a-b70458bd9cc3/ozone-meta/ratis/bf265839-605b-3f16-9796-c5ba1605619e/in_use.lock acquired by nodename 2902@fv-az116-235
2021-08-23 23:19:34,132 [Listener at 127.0.0.1/36523] INFO  om.OzoneManager (OzoneManager.java:initFSOLayout(4321)) - Configured ozone.om.metadata.layout=SIMPLE and disabled optimized OM FS operations
2021-08-23 23:19:34,134 [Listener at 127.0.0.1/36523] INFO  impl.MetricsSystemImpl (MetricsSystemImpl.java:init(158)) - OzoneManager metrics system started (again)
2021-08-23 23:19:34,136 [pool-39-thread-1] INFO  storage.RaftStorage (RaftStorageImpl.java:format(89)) - Storage directory /home/runner/work/ozone/ozone/hadoop-ozone/integration-test/target/test-dir/MiniOzoneClusterImpl-994ab01d-a5c0-4516-a51a-b70458bd9cc3/ozone-meta/ratis/bf265839-605b-3f16-9796-c5ba1605619e has been successfully formatted.
2021-08-23 23:19:34,139 [pool-39-thread-1] INFO  server.RaftServerConfigKeys (ConfUtils.java:logGet(44)) - raft.server.notification.no-leader.timeout = 120s (custom)
2021-08-23 23:19:34,148 [Listener at 127.0.0.1/36523] INFO  om.OzoneManager (OzoneManager.java:start(1270)) - OzoneManager RPC server is listening at localhost/127.0.0.1:36523
2021-08-23 23:19:34,148 [Listener at 127.0.0.1/36523] INFO  ratis.OzoneManagerRatisServer (OzoneManagerRatisServer.java:start(516)) - Starting OzoneManagerRatisServer om1 at port 9872
2021-08-23 23:19:34,149 [pool-39-thread-1] INFO  server.RaftServerConfigKeys (ConfUtils.java:logGet(44)) - raft.server.log.use.memory = false (default)
2021-08-23 23:19:34,157 [pool-39-thread-1] INFO  server.RaftServerConfigKeys (ConfUtils.java:logGet(44)) - raft.server.log.purge.gap = 1000000 (custom)
2021-08-23 23:19:34,157 [pool-39-thread-1] INFO  server.RaftServerConfigKeys (ConfUtils.java:logGet(44)) - raft.server.log.appender.buffer.byte-limit = 33554432 (custom)
2021-08-23 23:19:34,168 [pool-39-thread-1] INFO  server.RaftServerConfigKeys (ConfUtils.java:logGet(44)) - raft.server.log.segment.size.max = 4194304 (custom)
2021-08-23 23:19:34,174 [pool-39-thread-1] INFO  server.RaftServerConfigKeys (ConfUtils.java:logGet(44)) - raft.server.log.segment.cache.num.max = 2 (custom)
2021-08-23 23:19:34,175 [pool-39-thread-1] INFO  server.RaftServerConfigKeys (ConfUtils.java:logGet(44)) - raft.server.log.segment.cache.size.max = 200MB (=209715200) (default)
2021-08-23 23:19:34,180 [pool-39-thread-1] INFO  segmented.SegmentedRaftLogWorker (SegmentedRaftLogWorker.java:<init>(182)) - new om1@group-C5BA1605619E-SegmentedRaftLogWorker for RaftStorageImpl:Storage Directory /home/runner/work/ozone/ozone/hadoop-ozone/integration-test/target/test-dir/MiniOzoneClusterImpl-994ab01d-a5c0-4516-a51a-b70458bd9cc3/ozone-meta/ratis/bf265839-605b-3f16-9796-c5ba1605619e
2021-08-23 23:19:34,180 [pool-39-thread-1] INFO  server.RaftServerConfigKeys (ConfUtils.java:logGet(44)) - raft.server.log.queue.byte-limit = 64MB (=67108864) (default)
2021-08-23 23:19:34,180 [pool-39-thread-1] INFO  server.RaftServerConfigKeys (ConfUtils.java:logGet(44)) - raft.server.log.queue.element-limit = 4096 (default)
2021-08-23 23:19:34,181 [pool-39-thread-1] INFO  server.RaftServerConfigKeys (ConfUtils.java:logGet(44)) - raft.server.log.segment.size.max = 4194304 (custom)
2021-08-23 23:19:34,181 [pool-39-thread-1] INFO  server.RaftServerConfigKeys (ConfUtils.java:logGet(44)) - raft.server.log.preallocated.size = 4194304 (custom)
2021-08-23 23:19:34,181 [pool-39-thread-1] INFO  server.RaftServerConfigKeys (ConfUtils.java:logGet(44)) - raft.server.log.force.sync.num = 128 (default)
2021-08-23 23:19:34,183 [pool-39-thread-1] INFO  server.RaftServerConfigKeys (ConfUtils.java:logGet(44)) - raft.server.log.statemachine.data.sync = true (default)
2021-08-23 23:19:34,183 [pool-39-thread-1] INFO  server.RaftServerConfigKeys (ConfUtils.java:logGet(44)) - raft.server.log.statemachine.data.sync.timeout = 10s (default)
2021-08-23 23:19:34,183 [pool-39-thread-1] INFO  server.RaftServerConfigKeys (ConfUtils.java:logGet(44)) - raft.server.log.statemachine.data.sync.timeout.retry = -1 (default)
2021-08-23 23:19:34,191 [pool-39-thread-1] INFO  server.RaftServerConfigKeys (ConfUtils.java:logGet(44)) - raft.server.log.write.buffer.size = 64KB (=65536) (default)
2021-08-23 23:19:34,191 [pool-39-thread-1] INFO  server.RaftServerConfigKeys (ConfUtils.java:logGet(44)) - raft.server.log.statemachine.data.caching.enabled = false (default)
2021-08-23 23:19:34,197 [pool-39-thread-1] INFO  segmented.SegmentedRaftLogWorker (SegmentedRaftLogWorker.java:lambda$new$0(133)) - om1@group-C5BA1605619E-SegmentedRaftLogWorker: flushIndex: setUnconditionally 0 -> -1
2021-08-23 23:19:34,197 [pool-39-thread-1] INFO  segmented.SegmentedRaftLogWorker (SegmentedRaftLogWorker.java:lambda$new$0(133)) - om1@group-C5BA1605619E-SegmentedRaftLogWorker: safeCacheEvictIndex: setUnconditionally 0 -> -1
2021-08-23 23:19:34,200 [pool-39-thread-1] INFO  server.RaftServerConfigKeys (ConfUtils.java:logGet(44)) - raft.server.snapshot.auto.trigger.enabled = true (custom)
2021-08-23 23:19:34,201 [pool-39-thread-1] INFO  server.RaftServerConfigKeys (ConfUtils.java:logGet(44)) - raft.server.snapshot.auto.trigger.threshold = 400000 (default)
2021-08-23 23:19:34,201 [pool-39-thread-1] INFO  server.RaftServerConfigKeys (ConfUtils.java:logGet(44)) - raft.server.snapshot.retention.file.num = -1 (default)
2021-08-23 23:19:34,202 [pool-39-thread-1] INFO  server.RaftServerConfigKeys (ConfUtils.java:logGet(44)) - raft.server.log.purge.upto.snapshot.index = true (custom)
2021-08-23 23:19:34,203 [pool-39-thread-1] INFO  server.RaftServerConfigKeys (ConfUtils.java:logGet(44)) - raft.server.retrycache.expirytime = 300s (custom)
2021-08-23 23:19:34,203 [pool-39-thread-1] INFO  server.RaftServerConfigKeys (ConfUtils.java:logGet(44)) - raft.server.retrycache.statistics.expirytime = 100μs (default)
2021-08-23 23:19:34,243 [Listener at 127.0.0.1/36523] INFO  server.RaftServer$Division (RaftServerImpl.java:start(296)) - om1@group-C5BA1605619E: start as a follower, conf=-1: [om1|rpc:localhost:9872|priority:0], old=null
2021-08-23 23:19:34,245 [Listener at 127.0.0.1/36523] INFO  server.RaftServer$Division (RaftServerImpl.java:setRole(285)) - om1@group-C5BA1605619E: changes role from      null to FOLLOWER at term 0 for startAsFollower
2021-08-23 23:19:34,246 [Listener at 127.0.0.1/36523] INFO  impl.RoleInfo (RoleInfo.java:updateAndGet(130)) - om1: start om1@group-C5BA1605619E-FollowerState
2021-08-23 23:19:34,248 [Listener at 127.0.0.1/36523] INFO  util.JmxRegister (JmxRegister.java:tryRegister(44)) - Successfully registered JMX Bean with object name Ratis:service=RaftServer,group=group-C5BA1605619E,id=om1
2021-08-23 23:19:34,252 [Listener at 127.0.0.1/36523] INFO  server.RaftServer (RaftServerProxy.java:lambda$start$5(374)) - om1: start RPC server
2021-08-23 23:19:34,308 [Listener at 127.0.0.1/36523] INFO  server.GrpcService (GrpcService.java:startImpl(253)) - om1: GrpcService started, listening on 9872
2021-08-23 23:19:34,310 [Listener at 127.0.0.1/36523] INFO  om.OzoneManager (OzoneManager.java:start(1288)) - Version File has different layout version (0) than OM DB (null). That is expected if this OM has never been finalized to a newer layout version.
2021-08-23 23:19:34,311 [org.apache.ratis.util.JvmPauseMonitor$$Lambda$531/1878099363@320d98f5] INFO  util.JvmPauseMonitor (JvmPauseMonitor.java:run(103)) - JvmPauseMonitor-om1: Started
2021-08-23 23:19:34,319 [Listener at 127.0.0.1/36523] INFO  http.BaseHttpServer (BaseHttpServer.java:newHttpServer2BuilderForOzone(209)) - Starting Web-server for ozoneManager at: http://0.0.0.0:0
2021-08-23 23:19:34,319 [Listener at 127.0.0.1/36523] INFO  http.BaseHttpServer (BaseHttpServer.java:<init>(107)) - Hadoop Security Enabled: false Ozone Security Enabled: false Ozone HTTP Security Enabled: false 
2021-08-23 23:19:34,321 [Listener at 127.0.0.1/36523] INFO  server.AuthenticationFilter (AuthenticationFilter.java:constructSecretProvider(240)) - Unable to initialize FileSignerSecretProvider, falling back to use random secrets.
2021-08-23 23:19:34,328 [Listener at 127.0.0.1/36523] WARN  http.HttpRequestLog (HttpRequestLog.java:getRequestLog(103)) - Jetty request log can only be enabled using Log4j
2021-08-23 23:19:34,329 [Listener at 127.0.0.1/36523] INFO  http.HttpServer2 (HttpServer2.java:addGlobalFilter(1030)) - Added global filter 'safety' (class=org.apache.hadoop.hdds.server.http.HttpServer2$QuotingInputFilter)
2021-08-23 23:19:34,330 [Listener at 127.0.0.1/36523] INFO  http.HttpServer2 (HttpServer2.java:addFilter(1006)) - Added filter static_user_filter (class=org.apache.hadoop.http.lib.StaticUserWebFilter$StaticUserFilter) to context ozoneManager
2021-08-23 23:19:34,330 [Listener at 127.0.0.1/36523] INFO  http.HttpServer2 (HttpServer2.java:addFilter(1014)) - Added filter static_user_filter (class=org.apache.hadoop.http.lib.StaticUserWebFilter$StaticUserFilter) to context static
2021-08-23 23:19:34,330 [Listener at 127.0.0.1/36523] INFO  http.HttpServer2 (HttpServer2.java:addFilter(1014)) - Added filter static_user_filter (class=org.apache.hadoop.http.lib.StaticUserWebFilter$StaticUserFilter) to context logs
2021-08-23 23:19:34,332 [Listener at 127.0.0.1/36523] INFO  http.HttpServer2 (HttpServer2.java:bindListener(1249)) - Jetty bound to port 40265
2021-08-23 23:19:34,332 [Listener at 127.0.0.1/36523] INFO  server.Server (Server.java:doStart(375)) - jetty-9.4.43.v20210629; built: 2021-06-30T11:07:22.254Z; git: 526006ecfa3af7f1a27ef3a288e2bef7ea9dd7e8; jvm 1.8.0_292-b10
2021-08-23 23:19:34,339 [Listener at 127.0.0.1/36523] INFO  server.session (DefaultSessionIdManager.java:doStart(334)) - DefaultSessionIdManager workerName=node0
2021-08-23 23:19:34,339 [Listener at 127.0.0.1/36523] INFO  server.session (DefaultSessionIdManager.java:doStart(339)) - No SessionScavenger set, using defaults
2021-08-23 23:19:34,340 [Listener at 127.0.0.1/36523] INFO  server.session (HouseKeeper.java:startScavenging(132)) - node0 Scavenging every 660000ms
2021-08-23 23:19:34,341 [Listener at 127.0.0.1/36523] INFO  handler.ContextHandler (ContextHandler.java:doStart(915)) - Started o.e.j.s.ServletContextHandler@3f5743d9{logs,/logs,file:///home/runner/work/ozone/ozone/hadoop-ozone/integration-test/target/log,AVAILABLE}
2021-08-23 23:19:34,341 [Listener at 127.0.0.1/36523] INFO  handler.ContextHandler (ContextHandler.java:doStart(915)) - Started o.e.j.s.ServletContextHandler@694c23e4{static,/static,file:///home/runner/work/ozone/ozone/hadoop-ozone/integration-test/target/test-classes/webapps/static,AVAILABLE}
2021-08-23 23:19:34,349 [Listener at 127.0.0.1/36523] INFO  handler.ContextHandler (ContextHandler.java:doStart(915)) - Started o.e.j.w.WebAppContext@4e42beba{ozoneManager,/,file:///home/runner/work/ozone/ozone/hadoop-ozone/integration-test/target/test-classes/webapps/ozoneManager/,AVAILABLE}{file:/home/runner/work/ozone/ozone/hadoop-ozone/integration-test/target/test-classes/webapps/ozoneManager}
2021-08-23 23:19:34,356 [Listener at 127.0.0.1/36523] INFO  server.AbstractConnector (AbstractConnector.java:doStart(331)) - Started ServerConnector@22955ef2{HTTP/1.1, (http/1.1)}{0.0.0.0:40265}
2021-08-23 23:19:34,357 [Listener at 127.0.0.1/36523] INFO  server.Server (Server.java:doStart(415)) - Started @6040ms
2021-08-23 23:19:34,357 [Listener at 127.0.0.1/36523] WARN  impl.MetricsSystemImpl (MetricsSystemImpl.java:register(279)) - Sink prometheus already exists!
2021-08-23 23:19:34,358 [Listener at 127.0.0.1/36523] INFO  http.BaseHttpServer (BaseHttpServer.java:updateConnectorAddress(329)) - HTTP server of ozoneManager listening at http://0.0.0.0:40265
2021-08-23 23:19:34,358 [IPC Server Responder] INFO  ipc.Server (Server.java:run(1507)) - IPC Server Responder: starting
2021-08-23 23:19:34,359 [IPC Server listener on 0] INFO  ipc.Server (Server.java:run(1344)) - IPC Server listener on 0: starting
2021-08-23 23:19:34,364 [Listener at 127.0.0.1/36523] INFO  om.OzoneManager (OzoneManager.java:startTrashEmptier(1531)) - Trash Interval set to 0. Files deleted will not move to trash
2021-08-23 23:19:34,382 [org.apache.hadoop.util.JvmPauseMonitor$Monitor@7e2723d2] INFO  util.JvmPauseMonitor (JvmPauseMonitor.java:run(188)) - Starting JVM pause monitor
2021-08-23 23:19:34,585 [Listener at 127.0.0.1/36523] WARN  impl.MetricRegistriesImpl (MetricRegistriesImpl.java:addReporterRegistration(111)) - New reporters are added after registries were created. Some metrics will be missing from the reporter. Please add reporter before adding any new registry.
2021-08-23 23:19:34,585 [Listener at 127.0.0.1/36523] WARN  impl.MetricRegistriesImpl (MetricRegistriesImpl.java:addReporterRegistration(111)) - New reporters are added after registries were created. Some metrics will be missing from the reporter. Please add reporter before adding any new registry.
2021-08-23 23:19:34,586 [Listener at 127.0.0.1/36523] INFO  impl.MetricsSystemImpl (MetricsSystemImpl.java:init(158)) - HddsDatanode metrics system started (again)
2021-08-23 23:19:34,603 [Listener at 127.0.0.1/36523] INFO  ozone.HddsDatanodeService (HddsDatanodeService.java:start(234)) - HddsDatanodeService host:fv-az116-235.vzw04321ajxubdbcnpick5nqva.xx.internal.cloudapp.net ip:10.1.0.66
2021-08-23 23:19:34,643 [Listener at 127.0.0.1/36523] INFO  upgrade.AbstractLayoutVersionManager (AbstractLayoutVersionManager.java:init(70)) - Initializing Layout version manager with metadata layout = SCM_HA (version = 2), software layout = SCM_HA (version = 2)
2021-08-23 23:19:34,691 [Listener at 127.0.0.1/36523] INFO  reflections.Reflections (Reflections.java:scan(232)) - Reflections took 47 ms to scan 7 urls, producing 120 keys and 275 values 
2021-08-23 23:19:34,753 [Listener at 127.0.0.1/36523] INFO  volume.HddsVolume (HddsVolume.java:<init>(120)) - Creating HddsVolume: /home/runner/work/ozone/ozone/hadoop-ozone/integration-test/target/test-dir/MiniOzoneClusterImpl-994ab01d-a5c0-4516-a51a-b70458bd9cc3/datanode-0/data-0/containers/hdds of storage type : DISK capacity : 9223372036854775807
2021-08-23 23:19:34,755 [Listener at 127.0.0.1/36523] INFO  volume.MutableVolumeSet (MutableVolumeSet.java:initializeVolumeSet(181)) - Added Volume : /home/runner/work/ozone/ozone/hadoop-ozone/integration-test/target/test-dir/MiniOzoneClusterImpl-994ab01d-a5c0-4516-a51a-b70458bd9cc3/datanode-0/data-0/containers/hdds to VolumeSet
2021-08-23 23:19:34,756 [Listener at 127.0.0.1/36523] INFO  volume.ThrottledAsyncChecker (ThrottledAsyncChecker.java:schedule(141)) - Scheduling a check for /home/runner/work/ozone/ozone/hadoop-ozone/integration-test/target/test-dir/MiniOzoneClusterImpl-994ab01d-a5c0-4516-a51a-b70458bd9cc3/datanode-0/data-0/containers/hdds
2021-08-23 23:19:34,774 [Listener at 127.0.0.1/36523] INFO  volume.StorageVolumeChecker (StorageVolumeChecker.java:checkAllVolumes(202)) - Scheduled health check for volume /home/runner/work/ozone/ozone/hadoop-ozone/integration-test/target/test-dir/MiniOzoneClusterImpl-994ab01d-a5c0-4516-a51a-b70458bd9cc3/datanode-0/data-0/containers/hdds
2021-08-23 23:19:34,795 [Listener at 127.0.0.1/36523] INFO  volume.MutableVolumeSet (MutableVolumeSet.java:initializeVolumeSet(181)) - Added Volume : /home/runner/work/ozone/ozone/hadoop-ozone/integration-test/target/test-dir/MiniOzoneClusterImpl-994ab01d-a5c0-4516-a51a-b70458bd9cc3/datanode-0/data/ratis to VolumeSet
2021-08-23 23:19:34,798 [Listener at 127.0.0.1/36523] INFO  volume.ThrottledAsyncChecker (ThrottledAsyncChecker.java:schedule(141)) - Scheduling a check for /home/runner/work/ozone/ozone/hadoop-ozone/integration-test/target/test-dir/MiniOzoneClusterImpl-994ab01d-a5c0-4516-a51a-b70458bd9cc3/datanode-0/data/ratis
2021-08-23 23:19:34,798 [Listener at 127.0.0.1/36523] INFO  volume.StorageVolumeChecker (StorageVolumeChecker.java:checkAllVolumes(202)) - Scheduled health check for volume /home/runner/work/ozone/ozone/hadoop-ozone/integration-test/target/test-dir/MiniOzoneClusterImpl-994ab01d-a5c0-4516-a51a-b70458bd9cc3/datanode-0/data/ratis
2021-08-23 23:19:34,817 [Listener at 127.0.0.1/36523] INFO  ozoneimpl.ContainerReader (ContainerReader.java:<init>(98)) - Running in upgrade mode:true
2021-08-23 23:19:34,819 [Thread-128] INFO  ozoneimpl.ContainerReader (ContainerReader.java:readVolume(142)) - Start to verify containers on volume /home/runner/work/ozone/ozone/hadoop-ozone/integration-test/target/test-dir/MiniOzoneClusterImpl-994ab01d-a5c0-4516-a51a-b70458bd9cc3/datanode-0/data-0/containers/hdds
2021-08-23 23:19:34,820 [Thread-128] INFO  ozoneimpl.ContainerReader (ContainerReader.java:readVolume(174)) - Finish verifying containers on volume /home/runner/work/ozone/ozone/hadoop-ozone/integration-test/target/test-dir/MiniOzoneClusterImpl-994ab01d-a5c0-4516-a51a-b70458bd9cc3/datanode-0/data-0/containers/hdds
2021-08-23 23:19:34,820 [Listener at 127.0.0.1/36523] INFO  ozoneimpl.OzoneContainer (OzoneContainer.java:buildContainerSet(237)) - Build ContainerSet costs 0s
2021-08-23 23:19:34,882 [Listener at 127.0.0.1/36523] INFO  server.RaftServer (ConfUtils.java:logGet(44)) - raft.rpc.type = GRPC (default)
2021-08-23 23:19:34,882 [Listener at 127.0.0.1/36523] INFO  grpc.GrpcFactory (GrpcFactory.java:checkPooledByteBufAllocatorUseCacheForAllThreads(48)) - PERFORMANCE WARNING: useCacheForAllThreads is true that may cause Netty to create a lot garbage objects and, as a result, trigger GC.
	It is recommended to disable useCacheForAllThreads by setting -Dorg.apache.ratis.thirdparty.io.netty.allocator.useCacheForAllThreads=false in command line.
2021-08-23 23:19:34,882 [Listener at 127.0.0.1/36523] INFO  grpc.GrpcConfigKeys (ConfUtils.java:logGet(44)) - raft.grpc.admin.port = 0 (custom)
2021-08-23 23:19:34,882 [Listener at 127.0.0.1/36523] INFO  grpc.GrpcConfigKeys (ConfUtils.java:logGet(44)) - raft.grpc.client.port = 0 (custom)
2021-08-23 23:19:34,883 [Listener at 127.0.0.1/36523] INFO  grpc.GrpcConfigKeys (ConfUtils.java:logGet(44)) - raft.grpc.server.port = 0 (default)
2021-08-23 23:19:34,883 [Listener at 127.0.0.1/36523] INFO  server.GrpcService (ConfUtils.java:logGet(44)) - raft.grpc.message.size.max = 32MB (=33554432) (custom)
2021-08-23 23:19:34,883 [Listener at 127.0.0.1/36523] INFO  server.RaftServerConfigKeys (ConfUtils.java:logGet(44)) - raft.server.log.appender.buffer.byte-limit = 33554432 (custom)
2021-08-23 23:19:34,884 [Listener at 127.0.0.1/36523] INFO  server.GrpcService (ConfUtils.java:logGet(44)) - raft.grpc.flow.control.window = 5MB (=5242880) (custom)
2021-08-23 23:19:34,884 [Listener at 127.0.0.1/36523] INFO  server.RaftServerConfigKeys (ConfUtils.java:logGet(44)) - raft.server.rpc.request.timeout = 3000ms (default)
2021-08-23 23:19:34,885 [Listener at 127.0.0.1/36523] INFO  impl.DataStreamServerImpl (ConfUtils.java:logGet(44)) - raft.datastream.type = DISABLED (default)
2021-08-23 23:19:34,885 [Listener at 127.0.0.1/36523] INFO  server.RaftServerConfigKeys (ConfUtils.java:logGet(44)) - raft.server.rpc.slowness.timeout = 300000ms (custom)
2021-08-23 23:19:34,885 [Listener at 127.0.0.1/36523] INFO  server.RaftServerConfigKeys (ConfUtils.java:logGet(44)) - raft.server.leaderelection.leader.step-down.wait-time = 10s (default)
2021-08-23 23:19:34,885 [Listener at 127.0.0.1/36523] INFO  server.RaftServerConfigKeys (ConfUtils.java:logGet(44)) - raft.server.storage.dir = [/home/runner/work/ozone/ozone/hadoop-ozone/integration-test/target/test-dir/MiniOzoneClusterImpl-994ab01d-a5c0-4516-a51a-b70458bd9cc3/datanode-0/data/ratis] (custom)
2021-08-23 23:19:34,940 [Listener at 127.0.0.1/36523] INFO  http.BaseHttpServer (BaseHttpServer.java:newHttpServer2BuilderForOzone(209)) - Starting Web-server for hddsDatanode at: http://0.0.0.0:0
2021-08-23 23:19:34,940 [Listener at 127.0.0.1/36523] INFO  http.BaseHttpServer (BaseHttpServer.java:<init>(107)) - Hadoop Security Enabled: false Ozone Security Enabled: false Ozone HTTP Security Enabled: false 
2021-08-23 23:19:34,941 [Listener at 127.0.0.1/36523] INFO  server.AuthenticationFilter (AuthenticationFilter.java:constructSecretProvider(240)) - Unable to initialize FileSignerSecretProvider, falling back to use random secrets.
2021-08-23 23:19:34,944 [Listener at 127.0.0.1/36523] WARN  http.HttpRequestLog (HttpRequestLog.java:getRequestLog(103)) - Jetty request log can only be enabled using Log4j
2021-08-23 23:19:34,945 [Listener at 127.0.0.1/36523] INFO  http.HttpServer2 (HttpServer2.java:addGlobalFilter(1030)) - Added global filter 'safety' (class=org.apache.hadoop.hdds.server.http.HttpServer2$QuotingInputFilter)
2021-08-23 23:19:34,946 [Listener at 127.0.0.1/36523] INFO  http.HttpServer2 (HttpServer2.java:addFilter(1006)) - Added filter static_user_filter (class=org.apache.hadoop.http.lib.StaticUserWebFilter$StaticUserFilter) to context hddsDatanode
2021-08-23 23:19:34,946 [Listener at 127.0.0.1/36523] INFO  http.HttpServer2 (HttpServer2.java:addFilter(1014)) - Added filter static_user_filter (class=org.apache.hadoop.http.lib.StaticUserWebFilter$StaticUserFilter) to context static
2021-08-23 23:19:34,947 [Listener at 127.0.0.1/36523] INFO  http.HttpServer2 (HttpServer2.java:addFilter(1014)) - Added filter static_user_filter (class=org.apache.hadoop.http.lib.StaticUserWebFilter$StaticUserFilter) to context logs
2021-08-23 23:19:34,947 [Listener at 127.0.0.1/36523] INFO  http.HttpServer2 (HttpServer2.java:bindListener(1249)) - Jetty bound to port 33185
2021-08-23 23:19:34,947 [Listener at 127.0.0.1/36523] INFO  server.Server (Server.java:doStart(375)) - jetty-9.4.43.v20210629; built: 2021-06-30T11:07:22.254Z; git: 526006ecfa3af7f1a27ef3a288e2bef7ea9dd7e8; jvm 1.8.0_292-b10
2021-08-23 23:19:34,957 [Listener at 127.0.0.1/36523] INFO  server.session (DefaultSessionIdManager.java:doStart(334)) - DefaultSessionIdManager workerName=node0
2021-08-23 23:19:34,957 [Listener at 127.0.0.1/36523] INFO  server.session (DefaultSessionIdManager.java:doStart(339)) - No SessionScavenger set, using defaults
2021-08-23 23:19:34,957 [Listener at 127.0.0.1/36523] INFO  server.session (HouseKeeper.java:startScavenging(132)) - node0 Scavenging every 600000ms
2021-08-23 23:19:34,958 [Listener at 127.0.0.1/36523] INFO  handler.ContextHandler (ContextHandler.java:doStart(915)) - Started o.e.j.s.ServletContextHandler@49f4de0e{logs,/logs,file:///home/runner/work/ozone/ozone/hadoop-ozone/integration-test/target/log,AVAILABLE}
2021-08-23 23:19:34,958 [Listener at 127.0.0.1/36523] INFO  handler.ContextHandler (ContextHandler.java:doStart(915)) - Started o.e.j.s.ServletContextHandler@5eea3f69{static,/static,jar:file:/home/runner/.m2/repository/org/apache/ozone/hdds-container-service/1.2.0-SNAPSHOT/hdds-container-service-1.2.0-SNAPSHOT.jar!/webapps/static,AVAILABLE}
2021-08-23 23:19:35,002 [Listener at 127.0.0.1/36523] INFO  handler.ContextHandler (ContextHandler.java:doStart(915)) - Started o.e.j.w.WebAppContext@12e4c6de{hddsDatanode,/,file:///tmp/jetty-0_0_0_0-33185-hdds-container-service-1_2_0-SNAPSHOT_jar-_-any-1040962484510829502/webapp/,AVAILABLE}{jar:file:/home/runner/.m2/repository/org/apache/ozone/hdds-container-service/1.2.0-SNAPSHOT/hdds-container-service-1.2.0-SNAPSHOT.jar!/webapps/hddsDatanode}
2021-08-23 23:19:35,004 [Listener at 127.0.0.1/36523] INFO  server.AbstractConnector (AbstractConnector.java:doStart(331)) - Started ServerConnector@1c98d788{HTTP/1.1, (http/1.1)}{0.0.0.0:33185}
2021-08-23 23:19:35,004 [Listener at 127.0.0.1/36523] INFO  server.Server (Server.java:doStart(415)) - Started @6688ms
2021-08-23 23:19:35,004 [Listener at 127.0.0.1/36523] WARN  impl.MetricsSystemImpl (MetricsSystemImpl.java:register(279)) - Sink prometheus already exists!
2021-08-23 23:19:35,005 [Listener at 127.0.0.1/36523] INFO  http.BaseHttpServer (BaseHttpServer.java:updateConnectorAddress(329)) - HTTP server of hddsDatanode listening at http://0.0.0.0:33185
2021-08-23 23:19:35,007 [Listener at 127.0.0.1/36523] WARN  impl.MetricRegistriesImpl (MetricRegistriesImpl.java:addReporterRegistration(111)) - New reporters are added after registries were created. Some metrics will be missing from the reporter. Please add reporter before adding any new registry.
2021-08-23 23:19:35,007 [Listener at 127.0.0.1/36523] WARN  impl.MetricRegistriesImpl (MetricRegistriesImpl.java:addReporterRegistration(111)) - New reporters are added after registries were created. Some metrics will be missing from the reporter. Please add reporter before adding any new registry.
2021-08-23 23:19:35,007 [Listener at 127.0.0.1/36523] INFO  impl.MetricsSystemImpl (MetricsSystemImpl.java:init(158)) - HddsDatanode metrics system started (again)
2021-08-23 23:19:35,050 [org.apache.hadoop.util.JvmPauseMonitor$Monitor@10a9417b] INFO  util.JvmPauseMonitor (JvmPauseMonitor.java:run(188)) - Starting JVM pause monitor
2021-08-23 23:19:35,052 [Listener at 127.0.0.1/36523] INFO  ozone.HddsDatanodeService (HddsDatanodeService.java:start(234)) - HddsDatanodeService host:fv-az116-235.vzw04321ajxubdbcnpick5nqva.xx.internal.cloudapp.net ip:10.1.0.66
2021-08-23 23:19:35,090 [Listener at 127.0.0.1/36523] INFO  upgrade.AbstractLayoutVersionManager (AbstractLayoutVersionManager.java:init(70)) - Initializing Layout version manager with metadata layout = SCM_HA (version = 2), software layout = SCM_HA (version = 2)
2021-08-23 23:19:35,206 [Listener at 127.0.0.1/36523] INFO  reflections.Reflections (Reflections.java:scan(232)) - Reflections took 114 ms to scan 7 urls, producing 120 keys and 275 values 
2021-08-23 23:19:35,210 [Listener at 127.0.0.1/36523] INFO  volume.HddsVolume (HddsVolume.java:<init>(120)) - Creating HddsVolume: /home/runner/work/ozone/ozone/hadoop-ozone/integration-test/target/test-dir/MiniOzoneClusterImpl-994ab01d-a5c0-4516-a51a-b70458bd9cc3/datanode-1/data-0/containers/hdds of storage type : DISK capacity : 9223372036854775807
2021-08-23 23:19:35,212 [Listener at 127.0.0.1/36523] INFO  volume.MutableVolumeSet (MutableVolumeSet.java:initializeVolumeSet(181)) - Added Volume : /home/runner/work/ozone/ozone/hadoop-ozone/integration-test/target/test-dir/MiniOzoneClusterImpl-994ab01d-a5c0-4516-a51a-b70458bd9cc3/datanode-1/data-0/containers/hdds to VolumeSet
2021-08-23 23:19:35,213 [Listener at 127.0.0.1/36523] INFO  volume.ThrottledAsyncChecker (ThrottledAsyncChecker.java:schedule(141)) - Scheduling a check for /home/runner/work/ozone/ozone/hadoop-ozone/integration-test/target/test-dir/MiniOzoneClusterImpl-994ab01d-a5c0-4516-a51a-b70458bd9cc3/datanode-1/data-0/containers/hdds
2021-08-23 23:19:35,225 [Datanode State Machine Task Thread - 0] INFO  datanode.InitDatanodeState (InitDatanodeState.java:persistContainerDatanodeDetails(145)) - DatanodeDetails is persisted to /home/runner/work/ozone/ozone/hadoop-ozone/integration-test/target/test-dir/MiniOzoneClusterImpl-994ab01d-a5c0-4516-a51a-b70458bd9cc3/datanode-0/meta/datanode.id
2021-08-23 23:19:35,226 [Listener at 127.0.0.1/36523] INFO  volume.StorageVolumeChecker (StorageVolumeChecker.java:checkAllVolumes(202)) - Scheduled health check for volume /home/runner/work/ozone/ozone/hadoop-ozone/integration-test/target/test-dir/MiniOzoneClusterImpl-994ab01d-a5c0-4516-a51a-b70458bd9cc3/datanode-1/data-0/containers/hdds
2021-08-23 23:19:35,237 [Listener at 127.0.0.1/36523] INFO  volume.MutableVolumeSet (MutableVolumeSet.java:initializeVolumeSet(181)) - Added Volume : /home/runner/work/ozone/ozone/hadoop-ozone/integration-test/target/test-dir/MiniOzoneClusterImpl-994ab01d-a5c0-4516-a51a-b70458bd9cc3/datanode-1/data/ratis to VolumeSet
2021-08-23 23:19:35,237 [Listener at 127.0.0.1/36523] INFO  volume.ThrottledAsyncChecker (ThrottledAsyncChecker.java:schedule(141)) - Scheduling a check for /home/runner/work/ozone/ozone/hadoop-ozone/integration-test/target/test-dir/MiniOzoneClusterImpl-994ab01d-a5c0-4516-a51a-b70458bd9cc3/datanode-1/data/ratis
2021-08-23 23:19:35,237 [Listener at 127.0.0.1/36523] INFO  volume.StorageVolumeChecker (StorageVolumeChecker.java:checkAllVolumes(202)) - Scheduled health check for volume /home/runner/work/ozone/ozone/hadoop-ozone/integration-test/target/test-dir/MiniOzoneClusterImpl-994ab01d-a5c0-4516-a51a-b70458bd9cc3/datanode-1/data/ratis
2021-08-23 23:19:35,248 [Listener at 127.0.0.1/36523] INFO  ozoneimpl.ContainerReader (ContainerReader.java:<init>(98)) - Running in upgrade mode:true
2021-08-23 23:19:35,248 [Thread-140] INFO  ozoneimpl.ContainerReader (ContainerReader.java:readVolume(142)) - Start to verify containers on volume /home/runner/work/ozone/ozone/hadoop-ozone/integration-test/target/test-dir/MiniOzoneClusterImpl-994ab01d-a5c0-4516-a51a-b70458bd9cc3/datanode-1/data-0/containers/hdds
2021-08-23 23:19:35,248 [Thread-140] INFO  ozoneimpl.ContainerReader (ContainerReader.java:readVolume(174)) - Finish verifying containers on volume /home/runner/work/ozone/ozone/hadoop-ozone/integration-test/target/test-dir/MiniOzoneClusterImpl-994ab01d-a5c0-4516-a51a-b70458bd9cc3/datanode-1/data-0/containers/hdds
2021-08-23 23:19:35,248 [Listener at 127.0.0.1/36523] INFO  ozoneimpl.OzoneContainer (OzoneContainer.java:buildContainerSet(237)) - Build ContainerSet costs 0s
2021-08-23 23:19:35,251 [Listener at 127.0.0.1/36523] INFO  server.RaftServer (ConfUtils.java:logGet(44)) - raft.rpc.type = GRPC (default)
2021-08-23 23:19:35,251 [Listener at 127.0.0.1/36523] INFO  grpc.GrpcFactory (GrpcFactory.java:checkPooledByteBufAllocatorUseCacheForAllThreads(48)) - PERFORMANCE WARNING: useCacheForAllThreads is true that may cause Netty to create a lot garbage objects and, as a result, trigger GC.
	It is recommended to disable useCacheForAllThreads by setting -Dorg.apache.ratis.thirdparty.io.netty.allocator.useCacheForAllThreads=false in command line.
2021-08-23 23:19:35,251 [Listener at 127.0.0.1/36523] INFO  grpc.GrpcConfigKeys (ConfUtils.java:logGet(44)) - raft.grpc.admin.port = 0 (custom)
2021-08-23 23:19:35,252 [Listener at 127.0.0.1/36523] INFO  grpc.GrpcConfigKeys (ConfUtils.java:logGet(44)) - raft.grpc.client.port = 0 (custom)
2021-08-23 23:19:35,252 [Listener at 127.0.0.1/36523] INFO  grpc.GrpcConfigKeys (ConfUtils.java:logGet(44)) - raft.grpc.server.port = 0 (default)
2021-08-23 23:19:35,252 [Listener at 127.0.0.1/36523] INFO  server.GrpcService (ConfUtils.java:logGet(44)) - raft.grpc.message.size.max = 32MB (=33554432) (custom)
2021-08-23 23:19:35,252 [Listener at 127.0.0.1/36523] INFO  server.RaftServerConfigKeys (ConfUtils.java:logGet(44)) - raft.server.log.appender.buffer.byte-limit = 33554432 (custom)
2021-08-23 23:19:35,252 [Listener at 127.0.0.1/36523] INFO  server.GrpcService (ConfUtils.java:logGet(44)) - raft.grpc.flow.control.window = 5MB (=5242880) (custom)
2021-08-23 23:19:35,252 [Listener at 127.0.0.1/36523] INFO  server.RaftServerConfigKeys (ConfUtils.java:logGet(44)) - raft.server.rpc.request.timeout = 3000ms (default)
2021-08-23 23:19:35,253 [Listener at 127.0.0.1/36523] INFO  impl.DataStreamServerImpl (ConfUtils.java:logGet(44)) - raft.datastream.type = DISABLED (default)
2021-08-23 23:19:35,254 [Listener at 127.0.0.1/36523] INFO  server.RaftServerConfigKeys (ConfUtils.java:logGet(44)) - raft.server.rpc.slowness.timeout = 300000ms (custom)
2021-08-23 23:19:35,254 [Listener at 127.0.0.1/36523] INFO  server.RaftServerConfigKeys (ConfUtils.java:logGet(44)) - raft.server.leaderelection.leader.step-down.wait-time = 10s (default)
2021-08-23 23:19:35,254 [Listener at 127.0.0.1/36523] INFO  server.RaftServerConfigKeys (ConfUtils.java:logGet(44)) - raft.server.storage.dir = [/home/runner/work/ozone/ozone/hadoop-ozone/integration-test/target/test-dir/MiniOzoneClusterImpl-994ab01d-a5c0-4516-a51a-b70458bd9cc3/datanode-1/data/ratis] (custom)
2021-08-23 23:19:35,257 [Listener at 127.0.0.1/36523] INFO  http.BaseHttpServer (BaseHttpServer.java:newHttpServer2BuilderForOzone(209)) - Starting Web-server for hddsDatanode at: http://0.0.0.0:0
2021-08-23 23:19:35,257 [Listener at 127.0.0.1/36523] INFO  http.BaseHttpServer (BaseHttpServer.java:<init>(107)) - Hadoop Security Enabled: false Ozone Security Enabled: false Ozone HTTP Security Enabled: false 
2021-08-23 23:19:35,259 [Listener at 127.0.0.1/36523] INFO  server.AuthenticationFilter (AuthenticationFilter.java:constructSecretProvider(240)) - Unable to initialize FileSignerSecretProvider, falling back to use random secrets.
2021-08-23 23:19:35,260 [Listener at 127.0.0.1/36523] WARN  http.HttpRequestLog (HttpRequestLog.java:getRequestLog(103)) - Jetty request log can only be enabled using Log4j
2021-08-23 23:19:35,262 [Listener at 127.0.0.1/36523] INFO  http.HttpServer2 (HttpServer2.java:addGlobalFilter(1030)) - Added global filter 'safety' (class=org.apache.hadoop.hdds.server.http.HttpServer2$QuotingInputFilter)
2021-08-23 23:19:35,264 [Listener at 127.0.0.1/36523] INFO  http.HttpServer2 (HttpServer2.java:addFilter(1006)) - Added filter static_user_filter (class=org.apache.hadoop.http.lib.StaticUserWebFilter$StaticUserFilter) to context hddsDatanode
2021-08-23 23:19:35,264 [Listener at 127.0.0.1/36523] INFO  http.HttpServer2 (HttpServer2.java:addFilter(1014)) - Added filter static_user_filter (class=org.apache.hadoop.http.lib.StaticUserWebFilter$StaticUserFilter) to context static
2021-08-23 23:19:35,264 [Listener at 127.0.0.1/36523] INFO  http.HttpServer2 (HttpServer2.java:addFilter(1014)) - Added filter static_user_filter (class=org.apache.hadoop.http.lib.StaticUserWebFilter$StaticUserFilter) to context logs
2021-08-23 23:19:35,265 [Listener at 127.0.0.1/36523] INFO  http.HttpServer2 (HttpServer2.java:bindListener(1249)) - Jetty bound to port 39255
2021-08-23 23:19:35,265 [Listener at 127.0.0.1/36523] INFO  server.Server (Server.java:doStart(375)) - jetty-9.4.43.v20210629; built: 2021-06-30T11:07:22.254Z; git: 526006ecfa3af7f1a27ef3a288e2bef7ea9dd7e8; jvm 1.8.0_292-b10
2021-08-23 23:19:35,271 [Listener at 127.0.0.1/36523] INFO  server.session (DefaultSessionIdManager.java:doStart(334)) - DefaultSessionIdManager workerName=node0
2021-08-23 23:19:35,271 [Listener at 127.0.0.1/36523] INFO  server.session (DefaultSessionIdManager.java:doStart(339)) - No SessionScavenger set, using defaults
2021-08-23 23:19:35,271 [Listener at 127.0.0.1/36523] INFO  server.session (HouseKeeper.java:startScavenging(132)) - node0 Scavenging every 600000ms
2021-08-23 23:19:35,273 [Listener at 127.0.0.1/36523] INFO  handler.ContextHandler (ContextHandler.java:doStart(915)) - Started o.e.j.s.ServletContextHandler@14922268{logs,/logs,file:///home/runner/work/ozone/ozone/hadoop-ozone/integration-test/target/log,AVAILABLE}
2021-08-23 23:19:35,273 [Listener at 127.0.0.1/36523] INFO  handler.ContextHandler (ContextHandler.java:doStart(915)) - Started o.e.j.s.ServletContextHandler@69b96cd{static,/static,jar:file:/home/runner/.m2/repository/org/apache/ozone/hdds-container-service/1.2.0-SNAPSHOT/hdds-container-service-1.2.0-SNAPSHOT.jar!/webapps/static,AVAILABLE}
2021-08-23 23:19:35,320 [Listener at 127.0.0.1/36523] INFO  handler.ContextHandler (ContextHandler.java:doStart(915)) - Started o.e.j.w.WebAppContext@2c0e0ab9{hddsDatanode,/,file:///tmp/jetty-0_0_0_0-39255-hdds-container-service-1_2_0-SNAPSHOT_jar-_-any-2976407910264886247/webapp/,AVAILABLE}{jar:file:/home/runner/.m2/repository/org/apache/ozone/hdds-container-service/1.2.0-SNAPSHOT/hdds-container-service-1.2.0-SNAPSHOT.jar!/webapps/hddsDatanode}
2021-08-23 23:19:35,321 [Listener at 127.0.0.1/36523] INFO  server.AbstractConnector (AbstractConnector.java:doStart(331)) - Started ServerConnector@38388db2{HTTP/1.1, (http/1.1)}{0.0.0.0:39255}
2021-08-23 23:19:35,321 [Listener at 127.0.0.1/36523] INFO  server.Server (Server.java:doStart(415)) - Started @7005ms
2021-08-23 23:19:35,321 [Listener at 127.0.0.1/36523] WARN  impl.MetricsSystemImpl (MetricsSystemImpl.java:register(279)) - Sink prometheus already exists!
2021-08-23 23:19:35,323 [Listener at 127.0.0.1/36523] INFO  http.BaseHttpServer (BaseHttpServer.java:updateConnectorAddress(329)) - HTTP server of hddsDatanode listening at http://0.0.0.0:39255
2021-08-23 23:19:35,326 [Listener at 127.0.0.1/36523] WARN  impl.MetricRegistriesImpl (MetricRegistriesImpl.java:addReporterRegistration(111)) - New reporters are added after registries were created. Some metrics will be missing from the reporter. Please add reporter before adding any new registry.
2021-08-23 23:19:35,327 [Listener at 127.0.0.1/36523] WARN  impl.MetricRegistriesImpl (MetricRegistriesImpl.java:addReporterRegistration(111)) - New reporters are added after registries were created. Some metrics will be missing from the reporter. Please add reporter before adding any new registry.
2021-08-23 23:19:35,327 [Listener at 127.0.0.1/36523] INFO  impl.MetricsSystemImpl (MetricsSystemImpl.java:init(158)) - HddsDatanode metrics system started (again)
2021-08-23 23:19:35,332 [om1@group-C5BA1605619E-FollowerState] INFO  impl.FollowerState (FollowerState.java:run(134)) - om1@group-C5BA1605619E-FollowerState: change to CANDIDATE, lastRpcElapsedTime:1085464744ns, electionTimeout:1077ms
2021-08-23 23:19:35,340 [org.apache.hadoop.util.JvmPauseMonitor$Monitor@284ab4b2] INFO  util.JvmPauseMonitor (JvmPauseMonitor.java:run(188)) - Starting JVM pause monitor
2021-08-23 23:19:35,332 [om1@group-C5BA1605619E-FollowerState] INFO  impl.RoleInfo (RoleInfo.java:shutdownFollowerState(108)) - om1: shutdown om1@group-C5BA1605619E-FollowerState
2021-08-23 23:19:35,345 [om1@group-C5BA1605619E-FollowerState] INFO  server.RaftServer$Division (RaftServerImpl.java:setRole(285)) - om1@group-C5BA1605619E: changes role from  FOLLOWER to CANDIDATE at term 0 for changeToCandidate
2021-08-23 23:19:35,349 [om1@group-C5BA1605619E-FollowerState] INFO  server.RaftServerConfigKeys (ConfUtils.java:logGet(44)) - raft.server.leaderelection.pre-vote = false (custom)
2021-08-23 23:19:35,349 [om1@group-C5BA1605619E-FollowerState] INFO  impl.RoleInfo (RoleInfo.java:updateAndGet(130)) - om1: start om1@group-C5BA1605619E-LeaderElection1
2021-08-23 23:19:35,359 [Datanode State Machine Task Thread - 0] INFO  datanode.InitDatanodeState (InitDatanodeState.java:persistContainerDatanodeDetails(145)) - DatanodeDetails is persisted to /home/runner/work/ozone/ozone/hadoop-ozone/integration-test/target/test-dir/MiniOzoneClusterImpl-994ab01d-a5c0-4516-a51a-b70458bd9cc3/datanode-1/meta/datanode.id
2021-08-23 23:19:35,370 [Listener at 127.0.0.1/36523] INFO  ozone.HddsDatanodeService (HddsDatanodeService.java:start(234)) - HddsDatanodeService host:fv-az116-235.vzw04321ajxubdbcnpick5nqva.xx.internal.cloudapp.net ip:10.1.0.66
2021-08-23 23:19:35,372 [om1@group-C5BA1605619E-LeaderElection1] INFO  impl.LeaderElection (LeaderElection.java:askForVotes(306)) - om1@group-C5BA1605619E-LeaderElection1 ELECTION round 0: submit vote requests at term 1 for -1: [om1|rpc:localhost:9872|priority:0], old=null
2021-08-23 23:19:35,373 [om1@group-C5BA1605619E-LeaderElection1] INFO  impl.LeaderElection (LeaderElection.java:askForVotes(308)) - om1@group-C5BA1605619E-LeaderElection1 ELECTION round 0: result PASSED (term=1)
2021-08-23 23:19:35,373 [om1@group-C5BA1605619E-LeaderElection1] INFO  impl.RoleInfo (RoleInfo.java:shutdownLeaderElection(121)) - om1: shutdown om1@group-C5BA1605619E-LeaderElection1
2021-08-23 23:19:35,374 [om1@group-C5BA1605619E-LeaderElection1] INFO  server.RaftServer$Division (RaftServerImpl.java:setRole(285)) - om1@group-C5BA1605619E: changes role from CANDIDATE to LEADER at term 1 for changeToLeader
2021-08-23 23:19:35,374 [om1@group-C5BA1605619E-LeaderElection1] INFO  server.RaftServer$Division (ServerState.java:setLeader(285)) - om1@group-C5BA1605619E: change Leader from null to om1 at term 1 for becomeLeader, leader elected after 1235ms
2021-08-23 23:19:35,383 [om1@group-C5BA1605619E-LeaderElection1] INFO  server.RaftServerConfigKeys (ConfUtils.java:logGet(44)) - raft.server.staging.catchup.gap = 1000 (default)
2021-08-23 23:19:35,389 [om1@group-C5BA1605619E-LeaderElection1] INFO  server.RaftServerConfigKeys (ConfUtils.java:logGet(44)) - raft.server.write.element-limit = 4096 (default)
2021-08-23 23:19:35,390 [om1@group-C5BA1605619E-LeaderElection1] INFO  server.RaftServerConfigKeys (ConfUtils.java:logGet(44)) - raft.server.write.byte-limit = 64MB (=67108864) (default)
2021-08-23 23:19:35,527 [Listener at 127.0.0.1/36523] INFO  upgrade.AbstractLayoutVersionManager (AbstractLayoutVersionManager.java:init(70)) - Initializing Layout version manager with metadata layout = SCM_HA (version = 2), software layout = SCM_HA (version = 2)
2021-08-23 23:19:35,540 [om1@group-C5BA1605619E-LeaderElection1] INFO  server.RaftServerConfigKeys (ConfUtils.java:logGet(44)) - raft.server.watch.timeout = 10s (default)
2021-08-23 23:19:35,541 [om1@group-C5BA1605619E-LeaderElection1] INFO  server.RaftServerConfigKeys (ConfUtils.java:logGet(44)) - raft.server.watch.timeout.denomination = 1s (default)
2021-08-23 23:19:35,544 [om1@group-C5BA1605619E-LeaderElection1] INFO  server.RaftServerConfigKeys (ConfUtils.java:logGet(44)) - raft.server.watch.element-limit = 65536 (default)
2021-08-23 23:19:35,555 [om1@group-C5BA1605619E-LeaderElection1] INFO  impl.RoleInfo (RoleInfo.java:updateAndGet(130)) - om1: start om1@group-C5BA1605619E-LeaderStateImpl
2021-08-23 23:19:35,596 [Listener at 127.0.0.1/36523] INFO  reflections.Reflections (Reflections.java:scan(232)) - Reflections took 64 ms to scan 7 urls, producing 120 keys and 275 values 
2021-08-23 23:19:35,607 [Listener at 127.0.0.1/36523] INFO  volume.HddsVolume (HddsVolume.java:<init>(120)) - Creating HddsVolume: /home/runner/work/ozone/ozone/hadoop-ozone/integration-test/target/test-dir/MiniOzoneClusterImpl-994ab01d-a5c0-4516-a51a-b70458bd9cc3/datanode-2/data-0/containers/hdds of storage type : DISK capacity : 9223372036854775807
2021-08-23 23:19:35,608 [Listener at 127.0.0.1/36523] INFO  volume.MutableVolumeSet (MutableVolumeSet.java:initializeVolumeSet(181)) - Added Volume : /home/runner/work/ozone/ozone/hadoop-ozone/integration-test/target/test-dir/MiniOzoneClusterImpl-994ab01d-a5c0-4516-a51a-b70458bd9cc3/datanode-2/data-0/containers/hdds to VolumeSet
2021-08-23 23:19:35,608 [Listener at 127.0.0.1/36523] INFO  volume.ThrottledAsyncChecker (ThrottledAsyncChecker.java:schedule(141)) - Scheduling a check for /home/runner/work/ozone/ozone/hadoop-ozone/integration-test/target/test-dir/MiniOzoneClusterImpl-994ab01d-a5c0-4516-a51a-b70458bd9cc3/datanode-2/data-0/containers/hdds
2021-08-23 23:19:35,613 [om1@group-C5BA1605619E-LeaderElection1] INFO  segmented.SegmentedRaftLogWorker (SegmentedRaftLogWorker.java:startLogSegment(394)) - om1@group-C5BA1605619E-SegmentedRaftLogWorker: Starting segment from index:0
2021-08-23 23:19:35,621 [Listener at 127.0.0.1/36523] INFO  volume.StorageVolumeChecker (StorageVolumeChecker.java:checkAllVolumes(202)) - Scheduled health check for volume /home/runner/work/ozone/ozone/hadoop-ozone/integration-test/target/test-dir/MiniOzoneClusterImpl-994ab01d-a5c0-4516-a51a-b70458bd9cc3/datanode-2/data-0/containers/hdds
2021-08-23 23:19:35,647 [Listener at 127.0.0.1/36523] INFO  volume.MutableVolumeSet (MutableVolumeSet.java:initializeVolumeSet(181)) - Added Volume : /home/runner/work/ozone/ozone/hadoop-ozone/integration-test/target/test-dir/MiniOzoneClusterImpl-994ab01d-a5c0-4516-a51a-b70458bd9cc3/datanode-2/data/ratis to VolumeSet
2021-08-23 23:19:35,647 [Listener at 127.0.0.1/36523] INFO  volume.ThrottledAsyncChecker (ThrottledAsyncChecker.java:schedule(141)) - Scheduling a check for /home/runner/work/ozone/ozone/hadoop-ozone/integration-test/target/test-dir/MiniOzoneClusterImpl-994ab01d-a5c0-4516-a51a-b70458bd9cc3/datanode-2/data/ratis
2021-08-23 23:19:35,648 [Listener at 127.0.0.1/36523] INFO  volume.StorageVolumeChecker (StorageVolumeChecker.java:checkAllVolumes(202)) - Scheduled health check for volume /home/runner/work/ozone/ozone/hadoop-ozone/integration-test/target/test-dir/MiniOzoneClusterImpl-994ab01d-a5c0-4516-a51a-b70458bd9cc3/datanode-2/data/ratis
2021-08-23 23:19:35,673 [Listener at 127.0.0.1/36523] INFO  ozoneimpl.ContainerReader (ContainerReader.java:<init>(98)) - Running in upgrade mode:true
2021-08-23 23:19:35,680 [Thread-154] INFO  ozoneimpl.ContainerReader (ContainerReader.java:readVolume(142)) - Start to verify containers on volume /home/runner/work/ozone/ozone/hadoop-ozone/integration-test/target/test-dir/MiniOzoneClusterImpl-994ab01d-a5c0-4516-a51a-b70458bd9cc3/datanode-2/data-0/containers/hdds
2021-08-23 23:19:35,680 [Thread-154] INFO  ozoneimpl.ContainerReader (ContainerReader.java:readVolume(174)) - Finish verifying containers on volume /home/runner/work/ozone/ozone/hadoop-ozone/integration-test/target/test-dir/MiniOzoneClusterImpl-994ab01d-a5c0-4516-a51a-b70458bd9cc3/datanode-2/data-0/containers/hdds
2021-08-23 23:19:35,680 [Listener at 127.0.0.1/36523] INFO  ozoneimpl.OzoneContainer (OzoneContainer.java:buildContainerSet(237)) - Build ContainerSet costs 0s
2021-08-23 23:19:35,683 [Listener at 127.0.0.1/36523] INFO  server.RaftServer (ConfUtils.java:logGet(44)) - raft.rpc.type = GRPC (default)
2021-08-23 23:19:35,683 [Listener at 127.0.0.1/36523] INFO  grpc.GrpcFactory (GrpcFactory.java:checkPooledByteBufAllocatorUseCacheForAllThreads(48)) - PERFORMANCE WARNING: useCacheForAllThreads is true that may cause Netty to create a lot garbage objects and, as a result, trigger GC.
	It is recommended to disable useCacheForAllThreads by setting -Dorg.apache.ratis.thirdparty.io.netty.allocator.useCacheForAllThreads=false in command line.
2021-08-23 23:19:35,683 [Listener at 127.0.0.1/36523] INFO  grpc.GrpcConfigKeys (ConfUtils.java:logGet(44)) - raft.grpc.admin.port = 0 (custom)
2021-08-23 23:19:35,683 [Listener at 127.0.0.1/36523] INFO  grpc.GrpcConfigKeys (ConfUtils.java:logGet(44)) - raft.grpc.client.port = 0 (custom)
2021-08-23 23:19:35,684 [Listener at 127.0.0.1/36523] INFO  grpc.GrpcConfigKeys (ConfUtils.java:logGet(44)) - raft.grpc.server.port = 0 (default)
2021-08-23 23:19:35,684 [Listener at 127.0.0.1/36523] INFO  server.GrpcService (ConfUtils.java:logGet(44)) - raft.grpc.message.size.max = 32MB (=33554432) (custom)
2021-08-23 23:19:35,684 [Listener at 127.0.0.1/36523] INFO  server.RaftServerConfigKeys (ConfUtils.java:logGet(44)) - raft.server.log.appender.buffer.byte-limit = 33554432 (custom)
2021-08-23 23:19:35,684 [Listener at 127.0.0.1/36523] INFO  server.GrpcService (ConfUtils.java:logGet(44)) - raft.grpc.flow.control.window = 5MB (=5242880) (custom)
2021-08-23 23:19:35,684 [Listener at 127.0.0.1/36523] INFO  server.RaftServerConfigKeys (ConfUtils.java:logGet(44)) - raft.server.rpc.request.timeout = 3000ms (default)
2021-08-23 23:19:35,685 [Listener at 127.0.0.1/36523] INFO  impl.DataStreamServerImpl (ConfUtils.java:logGet(44)) - raft.datastream.type = DISABLED (default)
2021-08-23 23:19:35,685 [Listener at 127.0.0.1/36523] INFO  server.RaftServerConfigKeys (ConfUtils.java:logGet(44)) - raft.server.rpc.slowness.timeout = 300000ms (custom)
2021-08-23 23:19:35,686 [Listener at 127.0.0.1/36523] INFO  server.RaftServerConfigKeys (ConfUtils.java:logGet(44)) - raft.server.leaderelection.leader.step-down.wait-time = 10s (default)
2021-08-23 23:19:35,686 [Listener at 127.0.0.1/36523] INFO  server.RaftServerConfigKeys (ConfUtils.java:logGet(44)) - raft.server.storage.dir = [/home/runner/work/ozone/ozone/hadoop-ozone/integration-test/target/test-dir/MiniOzoneClusterImpl-994ab01d-a5c0-4516-a51a-b70458bd9cc3/datanode-2/data/ratis] (custom)
2021-08-23 23:19:35,698 [Listener at 127.0.0.1/36523] INFO  http.BaseHttpServer (BaseHttpServer.java:newHttpServer2BuilderForOzone(209)) - Starting Web-server for hddsDatanode at: http://0.0.0.0:0
2021-08-23 23:19:35,698 [om1@group-C5BA1605619E-LeaderElection1] INFO  server.RaftServer$Division (ServerState.java:setRaftConf(387)) - om1@group-C5BA1605619E: set configuration 0: [om1|rpc:localhost:9872|admin:|client:|dataStream:|priority:0], old=null
2021-08-23 23:19:35,698 [Listener at 127.0.0.1/36523] INFO  http.BaseHttpServer (BaseHttpServer.java:<init>(107)) - Hadoop Security Enabled: false Ozone Security Enabled: false Ozone HTTP Security Enabled: false 
2021-08-23 23:19:35,701 [Listener at 127.0.0.1/36523] INFO  server.AuthenticationFilter (AuthenticationFilter.java:constructSecretProvider(240)) - Unable to initialize FileSignerSecretProvider, falling back to use random secrets.
2021-08-23 23:19:35,701 [Listener at 127.0.0.1/36523] WARN  http.HttpRequestLog (HttpRequestLog.java:getRequestLog(103)) - Jetty request log can only be enabled using Log4j
2021-08-23 23:19:35,704 [Listener at 127.0.0.1/36523] INFO  http.HttpServer2 (HttpServer2.java:addGlobalFilter(1030)) - Added global filter 'safety' (class=org.apache.hadoop.hdds.server.http.HttpServer2$QuotingInputFilter)
2021-08-23 23:19:35,704 [Listener at 127.0.0.1/36523] INFO  http.HttpServer2 (HttpServer2.java:addFilter(1006)) - Added filter static_user_filter (class=org.apache.hadoop.http.lib.StaticUserWebFilter$StaticUserFilter) to context hddsDatanode
2021-08-23 23:19:35,705 [Listener at 127.0.0.1/36523] INFO  http.HttpServer2 (HttpServer2.java:addFilter(1014)) - Added filter static_user_filter (class=org.apache.hadoop.http.lib.StaticUserWebFilter$StaticUserFilter) to context static
2021-08-23 23:19:35,705 [Listener at 127.0.0.1/36523] INFO  http.HttpServer2 (HttpServer2.java:addFilter(1014)) - Added filter static_user_filter (class=org.apache.hadoop.http.lib.StaticUserWebFilter$StaticUserFilter) to context logs
2021-08-23 23:19:35,705 [Listener at 127.0.0.1/36523] INFO  http.HttpServer2 (HttpServer2.java:bindListener(1249)) - Jetty bound to port 34807
2021-08-23 23:19:35,705 [Listener at 127.0.0.1/36523] INFO  server.Server (Server.java:doStart(375)) - jetty-9.4.43.v20210629; built: 2021-06-30T11:07:22.254Z; git: 526006ecfa3af7f1a27ef3a288e2bef7ea9dd7e8; jvm 1.8.0_292-b10
2021-08-23 23:19:35,716 [Listener at 127.0.0.1/36523] INFO  server.session (DefaultSessionIdManager.java:doStart(334)) - DefaultSessionIdManager workerName=node0
2021-08-23 23:19:35,717 [Listener at 127.0.0.1/36523] INFO  server.session (DefaultSessionIdManager.java:doStart(339)) - No SessionScavenger set, using defaults
2021-08-23 23:19:35,717 [Listener at 127.0.0.1/36523] INFO  server.session (HouseKeeper.java:startScavenging(132)) - node0 Scavenging every 600000ms
2021-08-23 23:19:35,721 [Listener at 127.0.0.1/36523] INFO  handler.ContextHandler (ContextHandler.java:doStart(915)) - Started o.e.j.s.ServletContextHandler@4bd42698{logs,/logs,file:///home/runner/work/ozone/ozone/hadoop-ozone/integration-test/target/log,AVAILABLE}
2021-08-23 23:19:35,721 [Listener at 127.0.0.1/36523] INFO  handler.ContextHandler (ContextHandler.java:doStart(915)) - Started o.e.j.s.ServletContextHandler@30d9da5e{static,/static,jar:file:/home/runner/.m2/repository/org/apache/ozone/hdds-container-service/1.2.0-SNAPSHOT/hdds-container-service-1.2.0-SNAPSHOT.jar!/webapps/static,AVAILABLE}
2021-08-23 23:19:35,757 [om1@group-C5BA1605619E-SegmentedRaftLogWorker] INFO  segmented.SegmentedRaftLogWorker (SegmentedRaftLogWorker.java:execute(601)) - om1@group-C5BA1605619E-SegmentedRaftLogWorker: created new log segment /home/runner/work/ozone/ozone/hadoop-ozone/integration-test/target/test-dir/MiniOzoneClusterImpl-994ab01d-a5c0-4516-a51a-b70458bd9cc3/ozone-meta/ratis/bf265839-605b-3f16-9796-c5ba1605619e/current/log_inprogress_0
2021-08-23 23:19:35,770 [Listener at 127.0.0.1/36523] INFO  handler.ContextHandler (ContextHandler.java:doStart(915)) - Started o.e.j.w.WebAppContext@62832e24{hddsDatanode,/,file:///tmp/jetty-0_0_0_0-34807-hdds-container-service-1_2_0-SNAPSHOT_jar-_-any-2460916378594564404/webapp/,AVAILABLE}{jar:file:/home/runner/.m2/repository/org/apache/ozone/hdds-container-service/1.2.0-SNAPSHOT/hdds-container-service-1.2.0-SNAPSHOT.jar!/webapps/hddsDatanode}
2021-08-23 23:19:35,774 [Listener at 127.0.0.1/36523] INFO  server.AbstractConnector (AbstractConnector.java:doStart(331)) - Started ServerConnector@5ab7ef8a{HTTP/1.1, (http/1.1)}{0.0.0.0:34807}
2021-08-23 23:19:35,774 [Listener at 127.0.0.1/36523] INFO  server.Server (Server.java:doStart(415)) - Started @7457ms
2021-08-23 23:19:35,774 [Listener at 127.0.0.1/36523] WARN  impl.MetricsSystemImpl (MetricsSystemImpl.java:register(279)) - Sink prometheus already exists!
2021-08-23 23:19:35,784 [Listener at 127.0.0.1/36523] INFO  http.BaseHttpServer (BaseHttpServer.java:updateConnectorAddress(329)) - HTTP server of hddsDatanode listening at http://0.0.0.0:34807
2021-08-23 23:19:35,793 [Listener at 127.0.0.1/36523] WARN  impl.MetricRegistriesImpl (MetricRegistriesImpl.java:addReporterRegistration(111)) - New reporters are added after registries were created. Some metrics will be missing from the reporter. Please add reporter before adding any new registry.
2021-08-23 23:19:35,794 [Listener at 127.0.0.1/36523] WARN  impl.MetricRegistriesImpl (MetricRegistriesImpl.java:addReporterRegistration(111)) - New reporters are added after registries were created. Some metrics will be missing from the reporter. Please add reporter before adding any new registry.
2021-08-23 23:19:35,794 [Listener at 127.0.0.1/36523] INFO  impl.MetricsSystemImpl (MetricsSystemImpl.java:init(158)) - HddsDatanode metrics system started (again)
2021-08-23 23:19:35,806 [Listener at 127.0.0.1/36523] INFO  ozone.HddsDatanodeService (HddsDatanodeService.java:start(234)) - HddsDatanodeService host:fv-az116-235.vzw04321ajxubdbcnpick5nqva.xx.internal.cloudapp.net ip:10.1.0.66
2021-08-23 23:19:35,840 [org.apache.hadoop.util.JvmPauseMonitor$Monitor@2c0d564e] INFO  util.JvmPauseMonitor (JvmPauseMonitor.java:run(188)) - Starting JVM pause monitor
2021-08-23 23:19:35,843 [Listener at 127.0.0.1/36523] INFO  upgrade.AbstractLayoutVersionManager (AbstractLayoutVersionManager.java:init(70)) - Initializing Layout version manager with metadata layout = SCM_HA (version = 2), software layout = SCM_HA (version = 2)
2021-08-23 23:19:35,846 [Datanode State Machine Task Thread - 0] INFO  datanode.InitDatanodeState (InitDatanodeState.java:persistContainerDatanodeDetails(145)) - DatanodeDetails is persisted to /home/runner/work/ozone/ozone/hadoop-ozone/integration-test/target/test-dir/MiniOzoneClusterImpl-994ab01d-a5c0-4516-a51a-b70458bd9cc3/datanode-2/meta/datanode.id
2021-08-23 23:19:35,882 [Listener at 127.0.0.1/36523] INFO  reflections.Reflections (Reflections.java:scan(232)) - Reflections took 38 ms to scan 7 urls, producing 120 keys and 275 values 
2021-08-23 23:19:35,885 [Listener at 127.0.0.1/36523] INFO  volume.HddsVolume (HddsVolume.java:<init>(120)) - Creating HddsVolume: /home/runner/work/ozone/ozone/hadoop-ozone/integration-test/target/test-dir/MiniOzoneClusterImpl-994ab01d-a5c0-4516-a51a-b70458bd9cc3/datanode-3/data-0/containers/hdds of storage type : DISK capacity : 9223372036854775807
2021-08-23 23:19:35,885 [Listener at 127.0.0.1/36523] INFO  volume.MutableVolumeSet (MutableVolumeSet.java:initializeVolumeSet(181)) - Added Volume : /home/runner/work/ozone/ozone/hadoop-ozone/integration-test/target/test-dir/MiniOzoneClusterImpl-994ab01d-a5c0-4516-a51a-b70458bd9cc3/datanode-3/data-0/containers/hdds to VolumeSet
2021-08-23 23:19:35,885 [Listener at 127.0.0.1/36523] INFO  volume.ThrottledAsyncChecker (ThrottledAsyncChecker.java:schedule(141)) - Scheduling a check for /home/runner/work/ozone/ozone/hadoop-ozone/integration-test/target/test-dir/MiniOzoneClusterImpl-994ab01d-a5c0-4516-a51a-b70458bd9cc3/datanode-3/data-0/containers/hdds
2021-08-23 23:19:35,886 [Listener at 127.0.0.1/36523] INFO  volume.StorageVolumeChecker (StorageVolumeChecker.java:checkAllVolumes(202)) - Scheduled health check for volume /home/runner/work/ozone/ozone/hadoop-ozone/integration-test/target/test-dir/MiniOzoneClusterImpl-994ab01d-a5c0-4516-a51a-b70458bd9cc3/datanode-3/data-0/containers/hdds
2021-08-23 23:19:35,899 [Listener at 127.0.0.1/36523] INFO  volume.MutableVolumeSet (MutableVolumeSet.java:initializeVolumeSet(181)) - Added Volume : /home/runner/work/ozone/ozone/hadoop-ozone/integration-test/target/test-dir/MiniOzoneClusterImpl-994ab01d-a5c0-4516-a51a-b70458bd9cc3/datanode-3/data/ratis to VolumeSet
2021-08-23 23:19:35,899 [Listener at 127.0.0.1/36523] INFO  volume.ThrottledAsyncChecker (ThrottledAsyncChecker.java:schedule(141)) - Scheduling a check for /home/runner/work/ozone/ozone/hadoop-ozone/integration-test/target/test-dir/MiniOzoneClusterImpl-994ab01d-a5c0-4516-a51a-b70458bd9cc3/datanode-3/data/ratis
2021-08-23 23:19:35,899 [Listener at 127.0.0.1/36523] INFO  volume.StorageVolumeChecker (StorageVolumeChecker.java:checkAllVolumes(202)) - Scheduled health check for volume /home/runner/work/ozone/ozone/hadoop-ozone/integration-test/target/test-dir/MiniOzoneClusterImpl-994ab01d-a5c0-4516-a51a-b70458bd9cc3/datanode-3/data/ratis
2021-08-23 23:19:35,901 [om1@group-C5BA1605619E-StateMachineUpdater] INFO  ratis.OzoneManagerStateMachine (OzoneManagerStateMachine.java:notifyConfigurationChanged(188)) - Received Configuration change notification from Ratis. New Peer list:
[id: "om1"
address: "localhost:9872"
]
2021-08-23 23:19:35,912 [Listener at 127.0.0.1/36523] INFO  ozoneimpl.ContainerReader (ContainerReader.java:<init>(98)) - Running in upgrade mode:true
2021-08-23 23:19:35,916 [Thread-166] INFO  ozoneimpl.ContainerReader (ContainerReader.java:readVolume(142)) - Start to verify containers on volume /home/runner/work/ozone/ozone/hadoop-ozone/integration-test/target/test-dir/MiniOzoneClusterImpl-994ab01d-a5c0-4516-a51a-b70458bd9cc3/datanode-3/data-0/containers/hdds
2021-08-23 23:19:35,916 [Thread-166] INFO  ozoneimpl.ContainerReader (ContainerReader.java:readVolume(174)) - Finish verifying containers on volume /home/runner/work/ozone/ozone/hadoop-ozone/integration-test/target/test-dir/MiniOzoneClusterImpl-994ab01d-a5c0-4516-a51a-b70458bd9cc3/datanode-3/data-0/containers/hdds
2021-08-23 23:19:35,916 [Listener at 127.0.0.1/36523] INFO  ozoneimpl.OzoneContainer (OzoneContainer.java:buildContainerSet(237)) - Build ContainerSet costs 0s
2021-08-23 23:19:35,919 [Listener at 127.0.0.1/36523] INFO  server.RaftServer (ConfUtils.java:logGet(44)) - raft.rpc.type = GRPC (default)
2021-08-23 23:19:35,919 [Listener at 127.0.0.1/36523] INFO  grpc.GrpcFactory (GrpcFactory.java:checkPooledByteBufAllocatorUseCacheForAllThreads(48)) - PERFORMANCE WARNING: useCacheForAllThreads is true that may cause Netty to create a lot garbage objects and, as a result, trigger GC.
	It is recommended to disable useCacheForAllThreads by setting -Dorg.apache.ratis.thirdparty.io.netty.allocator.useCacheForAllThreads=false in command line.
2021-08-23 23:19:35,919 [Listener at 127.0.0.1/36523] INFO  grpc.GrpcConfigKeys (ConfUtils.java:logGet(44)) - raft.grpc.admin.port = 0 (custom)
2021-08-23 23:19:35,920 [Listener at 127.0.0.1/36523] INFO  grpc.GrpcConfigKeys (ConfUtils.java:logGet(44)) - raft.grpc.client.port = 0 (custom)
2021-08-23 23:19:35,920 [Listener at 127.0.0.1/36523] INFO  grpc.GrpcConfigKeys (ConfUtils.java:logGet(44)) - raft.grpc.server.port = 0 (default)
2021-08-23 23:19:35,920 [Listener at 127.0.0.1/36523] INFO  server.GrpcService (ConfUtils.java:logGet(44)) - raft.grpc.message.size.max = 32MB (=33554432) (custom)
2021-08-23 23:19:35,920 [Listener at 127.0.0.1/36523] INFO  server.RaftServerConfigKeys (ConfUtils.java:logGet(44)) - raft.server.log.appender.buffer.byte-limit = 33554432 (custom)
2021-08-23 23:19:35,920 [Listener at 127.0.0.1/36523] INFO  server.GrpcService (ConfUtils.java:logGet(44)) - raft.grpc.flow.control.window = 5MB (=5242880) (custom)
2021-08-23 23:19:35,920 [Listener at 127.0.0.1/36523] INFO  server.RaftServerConfigKeys (ConfUtils.java:logGet(44)) - raft.server.rpc.request.timeout = 3000ms (default)
2021-08-23 23:19:35,921 [Listener at 127.0.0.1/36523] INFO  impl.DataStreamServerImpl (ConfUtils.java:logGet(44)) - raft.datastream.type = DISABLED (default)
2021-08-23 23:19:35,921 [Listener at 127.0.0.1/36523] INFO  server.RaftServerConfigKeys (ConfUtils.java:logGet(44)) - raft.server.rpc.slowness.timeout = 300000ms (custom)
2021-08-23 23:19:35,922 [Listener at 127.0.0.1/36523] INFO  server.RaftServerConfigKeys (ConfUtils.java:logGet(44)) - raft.server.leaderelection.leader.step-down.wait-time = 10s (default)
2021-08-23 23:19:35,922 [Listener at 127.0.0.1/36523] INFO  server.RaftServerConfigKeys (ConfUtils.java:logGet(44)) - raft.server.storage.dir = [/home/runner/work/ozone/ozone/hadoop-ozone/integration-test/target/test-dir/MiniOzoneClusterImpl-994ab01d-a5c0-4516-a51a-b70458bd9cc3/datanode-3/data/ratis] (custom)
2021-08-23 23:19:35,925 [Listener at 127.0.0.1/36523] INFO  http.BaseHttpServer (BaseHttpServer.java:newHttpServer2BuilderForOzone(209)) - Starting Web-server for hddsDatanode at: http://0.0.0.0:0
2021-08-23 23:19:35,925 [Listener at 127.0.0.1/36523] INFO  http.BaseHttpServer (BaseHttpServer.java:<init>(107)) - Hadoop Security Enabled: false Ozone Security Enabled: false Ozone HTTP Security Enabled: false 
2021-08-23 23:19:35,927 [Listener at 127.0.0.1/36523] INFO  server.AuthenticationFilter (AuthenticationFilter.java:constructSecretProvider(240)) - Unable to initialize FileSignerSecretProvider, falling back to use random secrets.
2021-08-23 23:19:35,927 [Listener at 127.0.0.1/36523] WARN  http.HttpRequestLog (HttpRequestLog.java:getRequestLog(103)) - Jetty request log can only be enabled using Log4j
2021-08-23 23:19:35,928 [Listener at 127.0.0.1/36523] INFO  http.HttpServer2 (HttpServer2.java:addGlobalFilter(1030)) - Added global filter 'safety' (class=org.apache.hadoop.hdds.server.http.HttpServer2$QuotingInputFilter)
2021-08-23 23:19:35,929 [Listener at 127.0.0.1/36523] INFO  http.HttpServer2 (HttpServer2.java:addFilter(1006)) - Added filter static_user_filter (class=org.apache.hadoop.http.lib.StaticUserWebFilter$StaticUserFilter) to context hddsDatanode
2021-08-23 23:19:35,929 [Listener at 127.0.0.1/36523] INFO  http.HttpServer2 (HttpServer2.java:addFilter(1014)) - Added filter static_user_filter (class=org.apache.hadoop.http.lib.StaticUserWebFilter$StaticUserFilter) to context logs
2021-08-23 23:19:35,929 [Listener at 127.0.0.1/36523] INFO  http.HttpServer2 (HttpServer2.java:addFilter(1014)) - Added filter static_user_filter (class=org.apache.hadoop.http.lib.StaticUserWebFilter$StaticUserFilter) to context static
2021-08-23 23:19:35,930 [Listener at 127.0.0.1/36523] INFO  http.HttpServer2 (HttpServer2.java:bindListener(1249)) - Jetty bound to port 44449
2021-08-23 23:19:35,930 [Listener at 127.0.0.1/36523] INFO  server.Server (Server.java:doStart(375)) - jetty-9.4.43.v20210629; built: 2021-06-30T11:07:22.254Z; git: 526006ecfa3af7f1a27ef3a288e2bef7ea9dd7e8; jvm 1.8.0_292-b10
2021-08-23 23:19:35,932 [Listener at 127.0.0.1/36523] INFO  server.session (DefaultSessionIdManager.java:doStart(334)) - DefaultSessionIdManager workerName=node0
2021-08-23 23:19:35,933 [Listener at 127.0.0.1/36523] INFO  server.session (DefaultSessionIdManager.java:doStart(339)) - No SessionScavenger set, using defaults
2021-08-23 23:19:35,933 [Listener at 127.0.0.1/36523] INFO  server.session (HouseKeeper.java:startScavenging(132)) - node0 Scavenging every 600000ms
2021-08-23 23:19:35,937 [Listener at 127.0.0.1/36523] INFO  handler.ContextHandler (ContextHandler.java:doStart(915)) - Started o.e.j.s.ServletContextHandler@9b7701f{logs,/logs,file:///home/runner/work/ozone/ozone/hadoop-ozone/integration-test/target/log,AVAILABLE}
2021-08-23 23:19:35,937 [Listener at 127.0.0.1/36523] INFO  handler.ContextHandler (ContextHandler.java:doStart(915)) - Started o.e.j.s.ServletContextHandler@3ce9c492{static,/static,jar:file:/home/runner/.m2/repository/org/apache/ozone/hdds-container-service/1.2.0-SNAPSHOT/hdds-container-service-1.2.0-SNAPSHOT.jar!/webapps/static,AVAILABLE}
2021-08-23 23:19:35,973 [Listener at 127.0.0.1/36523] INFO  handler.ContextHandler (ContextHandler.java:doStart(915)) - Started o.e.j.w.WebAppContext@5376b688{hddsDatanode,/,file:///tmp/jetty-0_0_0_0-44449-hdds-container-service-1_2_0-SNAPSHOT_jar-_-any-735388122341220003/webapp/,AVAILABLE}{jar:file:/home/runner/.m2/repository/org/apache/ozone/hdds-container-service/1.2.0-SNAPSHOT/hdds-container-service-1.2.0-SNAPSHOT.jar!/webapps/hddsDatanode}
2021-08-23 23:19:35,974 [Listener at 127.0.0.1/36523] INFO  server.AbstractConnector (AbstractConnector.java:doStart(331)) - Started ServerConnector@23bc053c{HTTP/1.1, (http/1.1)}{0.0.0.0:44449}
2021-08-23 23:19:35,975 [Listener at 127.0.0.1/36523] INFO  server.Server (Server.java:doStart(415)) - Started @7658ms
2021-08-23 23:19:35,975 [Listener at 127.0.0.1/36523] WARN  impl.MetricsSystemImpl (MetricsSystemImpl.java:register(279)) - Sink prometheus already exists!
2021-08-23 23:19:35,975 [Listener at 127.0.0.1/36523] INFO  http.BaseHttpServer (BaseHttpServer.java:updateConnectorAddress(329)) - HTTP server of hddsDatanode listening at http://0.0.0.0:44449
2021-08-23 23:19:35,977 [Listener at 127.0.0.1/36523] WARN  impl.MetricRegistriesImpl (MetricRegistriesImpl.java:addReporterRegistration(111)) - New reporters are added after registries were created. Some metrics will be missing from the reporter. Please add reporter before adding any new registry.
2021-08-23 23:19:35,977 [Listener at 127.0.0.1/36523] WARN  impl.MetricRegistriesImpl (MetricRegistriesImpl.java:addReporterRegistration(111)) - New reporters are added after registries were created. Some metrics will be missing from the reporter. Please add reporter before adding any new registry.
2021-08-23 23:19:35,977 [Listener at 127.0.0.1/36523] INFO  impl.MetricsSystemImpl (MetricsSystemImpl.java:init(158)) - HddsDatanode metrics system started (again)
2021-08-23 23:19:35,984 [org.apache.hadoop.util.JvmPauseMonitor$Monitor@4f07d9eb] INFO  util.JvmPauseMonitor (JvmPauseMonitor.java:run(188)) - Starting JVM pause monitor
2021-08-23 23:19:35,989 [Listener at 127.0.0.1/36523] INFO  ozone.HddsDatanodeService (HddsDatanodeService.java:start(234)) - HddsDatanodeService host:fv-az116-235.vzw04321ajxubdbcnpick5nqva.xx.internal.cloudapp.net ip:10.1.0.66
2021-08-23 23:19:35,990 [Datanode State Machine Task Thread - 0] INFO  datanode.InitDatanodeState (InitDatanodeState.java:persistContainerDatanodeDetails(145)) - DatanodeDetails is persisted to /home/runner/work/ozone/ozone/hadoop-ozone/integration-test/target/test-dir/MiniOzoneClusterImpl-994ab01d-a5c0-4516-a51a-b70458bd9cc3/datanode-3/meta/datanode.id
2021-08-23 23:19:36,018 [Listener at 127.0.0.1/36523] INFO  upgrade.AbstractLayoutVersionManager (AbstractLayoutVersionManager.java:init(70)) - Initializing Layout version manager with metadata layout = SCM_HA (version = 2), software layout = SCM_HA (version = 2)
2021-08-23 23:19:36,069 [Listener at 127.0.0.1/36523] INFO  reflections.Reflections (Reflections.java:scan(232)) - Reflections took 49 ms to scan 7 urls, producing 120 keys and 275 values 
2021-08-23 23:19:36,073 [Listener at 127.0.0.1/36523] INFO  volume.HddsVolume (HddsVolume.java:<init>(120)) - Creating HddsVolume: /home/runner/work/ozone/ozone/hadoop-ozone/integration-test/target/test-dir/MiniOzoneClusterImpl-994ab01d-a5c0-4516-a51a-b70458bd9cc3/datanode-4/data-0/containers/hdds of storage type : DISK capacity : 9223372036854775807
2021-08-23 23:19:36,073 [Listener at 127.0.0.1/36523] INFO  volume.MutableVolumeSet (MutableVolumeSet.java:initializeVolumeSet(181)) - Added Volume : /home/runner/work/ozone/ozone/hadoop-ozone/integration-test/target/test-dir/MiniOzoneClusterImpl-994ab01d-a5c0-4516-a51a-b70458bd9cc3/datanode-4/data-0/containers/hdds to VolumeSet
2021-08-23 23:19:36,074 [Listener at 127.0.0.1/36523] INFO  volume.ThrottledAsyncChecker (ThrottledAsyncChecker.java:schedule(141)) - Scheduling a check for /home/runner/work/ozone/ozone/hadoop-ozone/integration-test/target/test-dir/MiniOzoneClusterImpl-994ab01d-a5c0-4516-a51a-b70458bd9cc3/datanode-4/data-0/containers/hdds
2021-08-23 23:19:36,075 [Listener at 127.0.0.1/36523] INFO  volume.StorageVolumeChecker (StorageVolumeChecker.java:checkAllVolumes(202)) - Scheduled health check for volume /home/runner/work/ozone/ozone/hadoop-ozone/integration-test/target/test-dir/MiniOzoneClusterImpl-994ab01d-a5c0-4516-a51a-b70458bd9cc3/datanode-4/data-0/containers/hdds
2021-08-23 23:19:36,091 [Listener at 127.0.0.1/36523] INFO  volume.MutableVolumeSet (MutableVolumeSet.java:initializeVolumeSet(181)) - Added Volume : /home/runner/work/ozone/ozone/hadoop-ozone/integration-test/target/test-dir/MiniOzoneClusterImpl-994ab01d-a5c0-4516-a51a-b70458bd9cc3/datanode-4/data/ratis to VolumeSet
2021-08-23 23:19:36,092 [Listener at 127.0.0.1/36523] INFO  volume.ThrottledAsyncChecker (ThrottledAsyncChecker.java:schedule(141)) - Scheduling a check for /home/runner/work/ozone/ozone/hadoop-ozone/integration-test/target/test-dir/MiniOzoneClusterImpl-994ab01d-a5c0-4516-a51a-b70458bd9cc3/datanode-4/data/ratis
2021-08-23 23:19:36,092 [Listener at 127.0.0.1/36523] INFO  volume.StorageVolumeChecker (StorageVolumeChecker.java:checkAllVolumes(202)) - Scheduled health check for volume /home/runner/work/ozone/ozone/hadoop-ozone/integration-test/target/test-dir/MiniOzoneClusterImpl-994ab01d-a5c0-4516-a51a-b70458bd9cc3/datanode-4/data/ratis
2021-08-23 23:19:36,103 [Listener at 127.0.0.1/36523] INFO  ozoneimpl.ContainerReader (ContainerReader.java:<init>(98)) - Running in upgrade mode:true
2021-08-23 23:19:36,103 [Thread-178] INFO  ozoneimpl.ContainerReader (ContainerReader.java:readVolume(142)) - Start to verify containers on volume /home/runner/work/ozone/ozone/hadoop-ozone/integration-test/target/test-dir/MiniOzoneClusterImpl-994ab01d-a5c0-4516-a51a-b70458bd9cc3/datanode-4/data-0/containers/hdds
2021-08-23 23:19:36,104 [Thread-178] INFO  ozoneimpl.ContainerReader (ContainerReader.java:readVolume(174)) - Finish verifying containers on volume /home/runner/work/ozone/ozone/hadoop-ozone/integration-test/target/test-dir/MiniOzoneClusterImpl-994ab01d-a5c0-4516-a51a-b70458bd9cc3/datanode-4/data-0/containers/hdds
2021-08-23 23:19:36,104 [Listener at 127.0.0.1/36523] INFO  ozoneimpl.OzoneContainer (OzoneContainer.java:buildContainerSet(237)) - Build ContainerSet costs 0s
2021-08-23 23:19:36,108 [Listener at 127.0.0.1/36523] INFO  server.RaftServer (ConfUtils.java:logGet(44)) - raft.rpc.type = GRPC (default)
2021-08-23 23:19:36,108 [Listener at 127.0.0.1/36523] INFO  grpc.GrpcFactory (GrpcFactory.java:checkPooledByteBufAllocatorUseCacheForAllThreads(48)) - PERFORMANCE WARNING: useCacheForAllThreads is true that may cause Netty to create a lot garbage objects and, as a result, trigger GC.
	It is recommended to disable useCacheForAllThreads by setting -Dorg.apache.ratis.thirdparty.io.netty.allocator.useCacheForAllThreads=false in command line.
2021-08-23 23:19:36,112 [Listener at 127.0.0.1/36523] INFO  grpc.GrpcConfigKeys (ConfUtils.java:logGet(44)) - raft.grpc.admin.port = 0 (custom)
2021-08-23 23:19:36,112 [Listener at 127.0.0.1/36523] INFO  grpc.GrpcConfigKeys (ConfUtils.java:logGet(44)) - raft.grpc.client.port = 0 (custom)
2021-08-23 23:19:36,113 [Listener at 127.0.0.1/36523] INFO  grpc.GrpcConfigKeys (ConfUtils.java:logGet(44)) - raft.grpc.server.port = 0 (default)
2021-08-23 23:19:36,113 [Listener at 127.0.0.1/36523] INFO  server.GrpcService (ConfUtils.java:logGet(44)) - raft.grpc.message.size.max = 32MB (=33554432) (custom)
2021-08-23 23:19:36,113 [Listener at 127.0.0.1/36523] INFO  server.RaftServerConfigKeys (ConfUtils.java:logGet(44)) - raft.server.log.appender.buffer.byte-limit = 33554432 (custom)
2021-08-23 23:19:36,113 [Listener at 127.0.0.1/36523] INFO  server.GrpcService (ConfUtils.java:logGet(44)) - raft.grpc.flow.control.window = 5MB (=5242880) (custom)
2021-08-23 23:19:36,113 [Listener at 127.0.0.1/36523] INFO  server.RaftServerConfigKeys (ConfUtils.java:logGet(44)) - raft.server.rpc.request.timeout = 3000ms (default)
2021-08-23 23:19:36,114 [Listener at 127.0.0.1/36523] INFO  impl.DataStreamServerImpl (ConfUtils.java:logGet(44)) - raft.datastream.type = DISABLED (default)
2021-08-23 23:19:36,115 [Listener at 127.0.0.1/36523] INFO  server.RaftServerConfigKeys (ConfUtils.java:logGet(44)) - raft.server.rpc.slowness.timeout = 300000ms (custom)
2021-08-23 23:19:36,115 [Listener at 127.0.0.1/36523] INFO  server.RaftServerConfigKeys (ConfUtils.java:logGet(44)) - raft.server.leaderelection.leader.step-down.wait-time = 10s (default)
2021-08-23 23:19:36,115 [Listener at 127.0.0.1/36523] INFO  server.RaftServerConfigKeys (ConfUtils.java:logGet(44)) - raft.server.storage.dir = [/home/runner/work/ozone/ozone/hadoop-ozone/integration-test/target/test-dir/MiniOzoneClusterImpl-994ab01d-a5c0-4516-a51a-b70458bd9cc3/datanode-4/data/ratis] (custom)
2021-08-23 23:19:36,121 [Listener at 127.0.0.1/36523] INFO  http.BaseHttpServer (BaseHttpServer.java:newHttpServer2BuilderForOzone(209)) - Starting Web-server for hddsDatanode at: http://0.0.0.0:0
2021-08-23 23:19:36,121 [Listener at 127.0.0.1/36523] INFO  http.BaseHttpServer (BaseHttpServer.java:<init>(107)) - Hadoop Security Enabled: false Ozone Security Enabled: false Ozone HTTP Security Enabled: false 
2021-08-23 23:19:36,123 [Listener at 127.0.0.1/36523] INFO  server.AuthenticationFilter (AuthenticationFilter.java:constructSecretProvider(240)) - Unable to initialize FileSignerSecretProvider, falling back to use random secrets.
2021-08-23 23:19:36,124 [Listener at 127.0.0.1/36523] WARN  http.HttpRequestLog (HttpRequestLog.java:getRequestLog(103)) - Jetty request log can only be enabled using Log4j
2021-08-23 23:19:36,125 [Listener at 127.0.0.1/36523] INFO  http.HttpServer2 (HttpServer2.java:addGlobalFilter(1030)) - Added global filter 'safety' (class=org.apache.hadoop.hdds.server.http.HttpServer2$QuotingInputFilter)
2021-08-23 23:19:36,127 [Listener at 127.0.0.1/36523] INFO  http.HttpServer2 (HttpServer2.java:addFilter(1006)) - Added filter static_user_filter (class=org.apache.hadoop.http.lib.StaticUserWebFilter$StaticUserFilter) to context hddsDatanode
2021-08-23 23:19:36,127 [Listener at 127.0.0.1/36523] INFO  http.HttpServer2 (HttpServer2.java:addFilter(1014)) - Added filter static_user_filter (class=org.apache.hadoop.http.lib.StaticUserWebFilter$StaticUserFilter) to context static
2021-08-23 23:19:36,127 [Listener at 127.0.0.1/36523] INFO  http.HttpServer2 (HttpServer2.java:addFilter(1014)) - Added filter static_user_filter (class=org.apache.hadoop.http.lib.StaticUserWebFilter$StaticUserFilter) to context logs
2021-08-23 23:19:36,128 [Listener at 127.0.0.1/36523] INFO  http.HttpServer2 (HttpServer2.java:bindListener(1249)) - Jetty bound to port 37089
2021-08-23 23:19:36,128 [Listener at 127.0.0.1/36523] INFO  server.Server (Server.java:doStart(375)) - jetty-9.4.43.v20210629; built: 2021-06-30T11:07:22.254Z; git: 526006ecfa3af7f1a27ef3a288e2bef7ea9dd7e8; jvm 1.8.0_292-b10
2021-08-23 23:19:36,134 [Listener at 127.0.0.1/36523] INFO  server.session (DefaultSessionIdManager.java:doStart(334)) - DefaultSessionIdManager workerName=node0
2021-08-23 23:19:36,134 [Listener at 127.0.0.1/36523] INFO  server.session (DefaultSessionIdManager.java:doStart(339)) - No SessionScavenger set, using defaults
2021-08-23 23:19:36,134 [Listener at 127.0.0.1/36523] INFO  server.session (HouseKeeper.java:startScavenging(132)) - node0 Scavenging every 660000ms
2021-08-23 23:19:36,135 [Listener at 127.0.0.1/36523] INFO  handler.ContextHandler (ContextHandler.java:doStart(915)) - Started o.e.j.s.ServletContextHandler@6b102ccf{logs,/logs,file:///home/runner/work/ozone/ozone/hadoop-ozone/integration-test/target/log,AVAILABLE}
2021-08-23 23:19:36,136 [Listener at 127.0.0.1/36523] INFO  handler.ContextHandler (ContextHandler.java:doStart(915)) - Started o.e.j.s.ServletContextHandler@4e792ddf{static,/static,jar:file:/home/runner/.m2/repository/org/apache/ozone/hdds-container-service/1.2.0-SNAPSHOT/hdds-container-service-1.2.0-SNAPSHOT.jar!/webapps/static,AVAILABLE}
2021-08-23 23:19:36,171 [Listener at 127.0.0.1/36523] INFO  handler.ContextHandler (ContextHandler.java:doStart(915)) - Started o.e.j.w.WebAppContext@4c6d1f1f{hddsDatanode,/,file:///tmp/jetty-0_0_0_0-37089-hdds-container-service-1_2_0-SNAPSHOT_jar-_-any-1606334123858583522/webapp/,AVAILABLE}{jar:file:/home/runner/.m2/repository/org/apache/ozone/hdds-container-service/1.2.0-SNAPSHOT/hdds-container-service-1.2.0-SNAPSHOT.jar!/webapps/hddsDatanode}
2021-08-23 23:19:36,172 [Listener at 127.0.0.1/36523] INFO  server.AbstractConnector (AbstractConnector.java:doStart(331)) - Started ServerConnector@6def5e22{HTTP/1.1, (http/1.1)}{0.0.0.0:37089}
2021-08-23 23:19:36,172 [Listener at 127.0.0.1/36523] INFO  server.Server (Server.java:doStart(415)) - Started @7855ms
2021-08-23 23:19:36,172 [Listener at 127.0.0.1/36523] WARN  impl.MetricsSystemImpl (MetricsSystemImpl.java:register(279)) - Sink prometheus already exists!
2021-08-23 23:19:36,173 [Listener at 127.0.0.1/36523] INFO  http.BaseHttpServer (BaseHttpServer.java:updateConnectorAddress(329)) - HTTP server of hddsDatanode listening at http://0.0.0.0:37089
2021-08-23 23:19:36,173 [Listener at 127.0.0.1/36523] WARN  impl.MetricRegistriesImpl (MetricRegistriesImpl.java:addReporterRegistration(111)) - New reporters are added after registries were created. Some metrics will be missing from the reporter. Please add reporter before adding any new registry.
2021-08-23 23:19:36,173 [Listener at 127.0.0.1/36523] WARN  impl.MetricRegistriesImpl (MetricRegistriesImpl.java:addReporterRegistration(111)) - New reporters are added after registries were created. Some metrics will be missing from the reporter. Please add reporter before adding any new registry.
2021-08-23 23:19:36,173 [Listener at 127.0.0.1/36523] INFO  impl.MetricsSystemImpl (MetricsSystemImpl.java:init(158)) - HddsDatanode metrics system started (again)
2021-08-23 23:19:36,199 [Listener at 127.0.0.1/36523] INFO  ozone.HddsDatanodeService (HddsDatanodeService.java:start(234)) - HddsDatanodeService host:fv-az116-235.vzw04321ajxubdbcnpick5nqva.xx.internal.cloudapp.net ip:10.1.0.66
2021-08-23 23:19:36,208 [org.apache.hadoop.util.JvmPauseMonitor$Monitor@6210051] INFO  util.JvmPauseMonitor (JvmPauseMonitor.java:run(188)) - Starting JVM pause monitor
2021-08-23 23:19:36,213 [Datanode State Machine Task Thread - 0] INFO  datanode.InitDatanodeState (InitDatanodeState.java:persistContainerDatanodeDetails(145)) - DatanodeDetails is persisted to /home/runner/work/ozone/ozone/hadoop-ozone/integration-test/target/test-dir/MiniOzoneClusterImpl-994ab01d-a5c0-4516-a51a-b70458bd9cc3/datanode-4/meta/datanode.id
2021-08-23 23:19:36,223 [Listener at 127.0.0.1/36523] INFO  upgrade.AbstractLayoutVersionManager (AbstractLayoutVersionManager.java:init(70)) - Initializing Layout version manager with metadata layout = SCM_HA (version = 2), software layout = SCM_HA (version = 2)
2021-08-23 23:19:36,262 [Listener at 127.0.0.1/36523] INFO  reflections.Reflections (Reflections.java:scan(232)) - Reflections took 38 ms to scan 7 urls, producing 120 keys and 275 values 
2021-08-23 23:19:36,267 [Listener at 127.0.0.1/36523] INFO  volume.HddsVolume (HddsVolume.java:<init>(120)) - Creating HddsVolume: /home/runner/work/ozone/ozone/hadoop-ozone/integration-test/target/test-dir/MiniOzoneClusterImpl-994ab01d-a5c0-4516-a51a-b70458bd9cc3/datanode-5/data-0/containers/hdds of storage type : DISK capacity : 9223372036854775807
2021-08-23 23:19:36,267 [Listener at 127.0.0.1/36523] INFO  volume.MutableVolumeSet (MutableVolumeSet.java:initializeVolumeSet(181)) - Added Volume : /home/runner/work/ozone/ozone/hadoop-ozone/integration-test/target/test-dir/MiniOzoneClusterImpl-994ab01d-a5c0-4516-a51a-b70458bd9cc3/datanode-5/data-0/containers/hdds to VolumeSet
2021-08-23 23:19:36,267 [Listener at 127.0.0.1/36523] INFO  volume.ThrottledAsyncChecker (ThrottledAsyncChecker.java:schedule(141)) - Scheduling a check for /home/runner/work/ozone/ozone/hadoop-ozone/integration-test/target/test-dir/MiniOzoneClusterImpl-994ab01d-a5c0-4516-a51a-b70458bd9cc3/datanode-5/data-0/containers/hdds
2021-08-23 23:19:36,269 [Listener at 127.0.0.1/36523] INFO  volume.StorageVolumeChecker (StorageVolumeChecker.java:checkAllVolumes(202)) - Scheduled health check for volume /home/runner/work/ozone/ozone/hadoop-ozone/integration-test/target/test-dir/MiniOzoneClusterImpl-994ab01d-a5c0-4516-a51a-b70458bd9cc3/datanode-5/data-0/containers/hdds
2021-08-23 23:19:36,281 [Listener at 127.0.0.1/36523] INFO  volume.MutableVolumeSet (MutableVolumeSet.java:initializeVolumeSet(181)) - Added Volume : /home/runner/work/ozone/ozone/hadoop-ozone/integration-test/target/test-dir/MiniOzoneClusterImpl-994ab01d-a5c0-4516-a51a-b70458bd9cc3/datanode-5/data/ratis to VolumeSet
2021-08-23 23:19:36,282 [Listener at 127.0.0.1/36523] INFO  volume.ThrottledAsyncChecker (ThrottledAsyncChecker.java:schedule(141)) - Scheduling a check for /home/runner/work/ozone/ozone/hadoop-ozone/integration-test/target/test-dir/MiniOzoneClusterImpl-994ab01d-a5c0-4516-a51a-b70458bd9cc3/datanode-5/data/ratis
2021-08-23 23:19:36,282 [Listener at 127.0.0.1/36523] INFO  volume.StorageVolumeChecker (StorageVolumeChecker.java:checkAllVolumes(202)) - Scheduled health check for volume /home/runner/work/ozone/ozone/hadoop-ozone/integration-test/target/test-dir/MiniOzoneClusterImpl-994ab01d-a5c0-4516-a51a-b70458bd9cc3/datanode-5/data/ratis
2021-08-23 23:19:36,296 [Listener at 127.0.0.1/36523] INFO  ozoneimpl.ContainerReader (ContainerReader.java:<init>(98)) - Running in upgrade mode:true
2021-08-23 23:19:36,300 [Thread-190] INFO  ozoneimpl.ContainerReader (ContainerReader.java:readVolume(142)) - Start to verify containers on volume /home/runner/work/ozone/ozone/hadoop-ozone/integration-test/target/test-dir/MiniOzoneClusterImpl-994ab01d-a5c0-4516-a51a-b70458bd9cc3/datanode-5/data-0/containers/hdds
2021-08-23 23:19:36,300 [Thread-190] INFO  ozoneimpl.ContainerReader (ContainerReader.java:readVolume(174)) - Finish verifying containers on volume /home/runner/work/ozone/ozone/hadoop-ozone/integration-test/target/test-dir/MiniOzoneClusterImpl-994ab01d-a5c0-4516-a51a-b70458bd9cc3/datanode-5/data-0/containers/hdds
2021-08-23 23:19:36,300 [Listener at 127.0.0.1/36523] INFO  ozoneimpl.OzoneContainer (OzoneContainer.java:buildContainerSet(237)) - Build ContainerSet costs 0s
2021-08-23 23:19:36,305 [Listener at 127.0.0.1/36523] INFO  server.RaftServer (ConfUtils.java:logGet(44)) - raft.rpc.type = GRPC (default)
2021-08-23 23:19:36,305 [Listener at 127.0.0.1/36523] INFO  grpc.GrpcFactory (GrpcFactory.java:checkPooledByteBufAllocatorUseCacheForAllThreads(48)) - PERFORMANCE WARNING: useCacheForAllThreads is true that may cause Netty to create a lot garbage objects and, as a result, trigger GC.
	It is recommended to disable useCacheForAllThreads by setting -Dorg.apache.ratis.thirdparty.io.netty.allocator.useCacheForAllThreads=false in command line.
2021-08-23 23:19:36,305 [Listener at 127.0.0.1/36523] INFO  grpc.GrpcConfigKeys (ConfUtils.java:logGet(44)) - raft.grpc.admin.port = 0 (custom)
2021-08-23 23:19:36,306 [Listener at 127.0.0.1/36523] INFO  grpc.GrpcConfigKeys (ConfUtils.java:logGet(44)) - raft.grpc.client.port = 0 (custom)
2021-08-23 23:19:36,306 [Listener at 127.0.0.1/36523] INFO  grpc.GrpcConfigKeys (ConfUtils.java:logGet(44)) - raft.grpc.server.port = 0 (default)
2021-08-23 23:19:36,306 [Listener at 127.0.0.1/36523] INFO  server.GrpcService (ConfUtils.java:logGet(44)) - raft.grpc.message.size.max = 32MB (=33554432) (custom)
2021-08-23 23:19:36,306 [Listener at 127.0.0.1/36523] INFO  server.RaftServerConfigKeys (ConfUtils.java:logGet(44)) - raft.server.log.appender.buffer.byte-limit = 33554432 (custom)
2021-08-23 23:19:36,306 [Listener at 127.0.0.1/36523] INFO  server.GrpcService (ConfUtils.java:logGet(44)) - raft.grpc.flow.control.window = 5MB (=5242880) (custom)
2021-08-23 23:19:36,307 [Listener at 127.0.0.1/36523] INFO  server.RaftServerConfigKeys (ConfUtils.java:logGet(44)) - raft.server.rpc.request.timeout = 3000ms (default)
2021-08-23 23:19:36,308 [Listener at 127.0.0.1/36523] INFO  impl.DataStreamServerImpl (ConfUtils.java:logGet(44)) - raft.datastream.type = DISABLED (default)
2021-08-23 23:19:36,308 [Listener at 127.0.0.1/36523] INFO  server.RaftServerConfigKeys (ConfUtils.java:logGet(44)) - raft.server.rpc.slowness.timeout = 300000ms (custom)
2021-08-23 23:19:36,308 [Listener at 127.0.0.1/36523] INFO  server.RaftServerConfigKeys (ConfUtils.java:logGet(44)) - raft.server.leaderelection.leader.step-down.wait-time = 10s (default)
2021-08-23 23:19:36,309 [Listener at 127.0.0.1/36523] INFO  server.RaftServerConfigKeys (ConfUtils.java:logGet(44)) - raft.server.storage.dir = [/home/runner/work/ozone/ozone/hadoop-ozone/integration-test/target/test-dir/MiniOzoneClusterImpl-994ab01d-a5c0-4516-a51a-b70458bd9cc3/datanode-5/data/ratis] (custom)
2021-08-23 23:19:36,314 [Listener at 127.0.0.1/36523] INFO  http.BaseHttpServer (BaseHttpServer.java:newHttpServer2BuilderForOzone(209)) - Starting Web-server for hddsDatanode at: http://0.0.0.0:0
2021-08-23 23:19:36,315 [Listener at 127.0.0.1/36523] INFO  http.BaseHttpServer (BaseHttpServer.java:<init>(107)) - Hadoop Security Enabled: false Ozone Security Enabled: false Ozone HTTP Security Enabled: false 
2021-08-23 23:19:36,316 [Listener at 127.0.0.1/36523] INFO  server.AuthenticationFilter (AuthenticationFilter.java:constructSecretProvider(240)) - Unable to initialize FileSignerSecretProvider, falling back to use random secrets.
2021-08-23 23:19:36,316 [Listener at 127.0.0.1/36523] WARN  http.HttpRequestLog (HttpRequestLog.java:getRequestLog(103)) - Jetty request log can only be enabled using Log4j
2021-08-23 23:19:36,317 [Listener at 127.0.0.1/36523] INFO  http.HttpServer2 (HttpServer2.java:addGlobalFilter(1030)) - Added global filter 'safety' (class=org.apache.hadoop.hdds.server.http.HttpServer2$QuotingInputFilter)
2021-08-23 23:19:36,320 [Listener at 127.0.0.1/36523] INFO  http.HttpServer2 (HttpServer2.java:addFilter(1006)) - Added filter static_user_filter (class=org.apache.hadoop.http.lib.StaticUserWebFilter$StaticUserFilter) to context hddsDatanode
2021-08-23 23:19:36,320 [Listener at 127.0.0.1/36523] INFO  http.HttpServer2 (HttpServer2.java:addFilter(1014)) - Added filter static_user_filter (class=org.apache.hadoop.http.lib.StaticUserWebFilter$StaticUserFilter) to context logs
2021-08-23 23:19:36,320 [Listener at 127.0.0.1/36523] INFO  http.HttpServer2 (HttpServer2.java:addFilter(1014)) - Added filter static_user_filter (class=org.apache.hadoop.http.lib.StaticUserWebFilter$StaticUserFilter) to context static
2021-08-23 23:19:36,321 [Listener at 127.0.0.1/36523] INFO  http.HttpServer2 (HttpServer2.java:bindListener(1249)) - Jetty bound to port 45707
2021-08-23 23:19:36,322 [Listener at 127.0.0.1/36523] INFO  server.Server (Server.java:doStart(375)) - jetty-9.4.43.v20210629; built: 2021-06-30T11:07:22.254Z; git: 526006ecfa3af7f1a27ef3a288e2bef7ea9dd7e8; jvm 1.8.0_292-b10
2021-08-23 23:19:36,325 [Listener at 127.0.0.1/36523] INFO  server.session (DefaultSessionIdManager.java:doStart(334)) - DefaultSessionIdManager workerName=node0
2021-08-23 23:19:36,326 [Listener at 127.0.0.1/36523] INFO  server.session (DefaultSessionIdManager.java:doStart(339)) - No SessionScavenger set, using defaults
2021-08-23 23:19:36,326 [Listener at 127.0.0.1/36523] INFO  server.session (HouseKeeper.java:startScavenging(132)) - node0 Scavenging every 660000ms
2021-08-23 23:19:36,327 [Listener at 127.0.0.1/36523] INFO  handler.ContextHandler (ContextHandler.java:doStart(915)) - Started o.e.j.s.ServletContextHandler@786ce57e{logs,/logs,file:///home/runner/work/ozone/ozone/hadoop-ozone/integration-test/target/log,AVAILABLE}
2021-08-23 23:19:36,329 [Listener at 127.0.0.1/36523] INFO  handler.ContextHandler (ContextHandler.java:doStart(915)) - Started o.e.j.s.ServletContextHandler@22b91d3c{static,/static,jar:file:/home/runner/.m2/repository/org/apache/ozone/hdds-container-service/1.2.0-SNAPSHOT/hdds-container-service-1.2.0-SNAPSHOT.jar!/webapps/static,AVAILABLE}
2021-08-23 23:19:36,371 [Listener at 127.0.0.1/36523] INFO  handler.ContextHandler (ContextHandler.java:doStart(915)) - Started o.e.j.w.WebAppContext@3d10a00a{hddsDatanode,/,file:///tmp/jetty-0_0_0_0-45707-hdds-container-service-1_2_0-SNAPSHOT_jar-_-any-6483274927493656879/webapp/,AVAILABLE}{jar:file:/home/runner/.m2/repository/org/apache/ozone/hdds-container-service/1.2.0-SNAPSHOT/hdds-container-service-1.2.0-SNAPSHOT.jar!/webapps/hddsDatanode}
2021-08-23 23:19:36,373 [Listener at 127.0.0.1/36523] INFO  server.AbstractConnector (AbstractConnector.java:doStart(331)) - Started ServerConnector@787b688a{HTTP/1.1, (http/1.1)}{0.0.0.0:45707}
2021-08-23 23:19:36,373 [Listener at 127.0.0.1/36523] INFO  server.Server (Server.java:doStart(415)) - Started @8056ms
2021-08-23 23:19:36,373 [Listener at 127.0.0.1/36523] WARN  impl.MetricsSystemImpl (MetricsSystemImpl.java:register(279)) - Sink prometheus already exists!
2021-08-23 23:19:36,374 [Listener at 127.0.0.1/36523] INFO  http.BaseHttpServer (BaseHttpServer.java:updateConnectorAddress(329)) - HTTP server of hddsDatanode listening at http://0.0.0.0:45707
2021-08-23 23:19:36,376 [Listener at 127.0.0.1/36523] WARN  impl.MetricRegistriesImpl (MetricRegistriesImpl.java:addReporterRegistration(111)) - New reporters are added after registries were created. Some metrics will be missing from the reporter. Please add reporter before adding any new registry.
2021-08-23 23:19:36,377 [Listener at 127.0.0.1/36523] WARN  impl.MetricRegistriesImpl (MetricRegistriesImpl.java:addReporterRegistration(111)) - New reporters are added after registries were created. Some metrics will be missing from the reporter. Please add reporter before adding any new registry.
2021-08-23 23:19:36,377 [Listener at 127.0.0.1/36523] INFO  impl.MetricsSystemImpl (MetricsSystemImpl.java:init(158)) - HddsDatanode metrics system started (again)
2021-08-23 23:19:36,396 [Listener at 127.0.0.1/36523] INFO  ozone.HddsDatanodeService (HddsDatanodeService.java:start(234)) - HddsDatanodeService host:fv-az116-235.vzw04321ajxubdbcnpick5nqva.xx.internal.cloudapp.net ip:10.1.0.66
2021-08-23 23:19:36,397 [org.apache.hadoop.util.JvmPauseMonitor$Monitor@26fcd23f] INFO  util.JvmPauseMonitor (JvmPauseMonitor.java:run(188)) - Starting JVM pause monitor
2021-08-23 23:19:36,399 [Datanode State Machine Task Thread - 0] INFO  datanode.InitDatanodeState (InitDatanodeState.java:persistContainerDatanodeDetails(145)) - DatanodeDetails is persisted to /home/runner/work/ozone/ozone/hadoop-ozone/integration-test/target/test-dir/MiniOzoneClusterImpl-994ab01d-a5c0-4516-a51a-b70458bd9cc3/datanode-5/meta/datanode.id
2021-08-23 23:19:36,438 [Listener at 127.0.0.1/36523] INFO  upgrade.AbstractLayoutVersionManager (AbstractLayoutVersionManager.java:init(70)) - Initializing Layout version manager with metadata layout = SCM_HA (version = 2), software layout = SCM_HA (version = 2)
2021-08-23 23:19:36,475 [Listener at 127.0.0.1/36523] INFO  reflections.Reflections (Reflections.java:scan(232)) - Reflections took 36 ms to scan 7 urls, producing 120 keys and 275 values 
2021-08-23 23:19:36,481 [Listener at 127.0.0.1/36523] INFO  volume.HddsVolume (HddsVolume.java:<init>(120)) - Creating HddsVolume: /home/runner/work/ozone/ozone/hadoop-ozone/integration-test/target/test-dir/MiniOzoneClusterImpl-994ab01d-a5c0-4516-a51a-b70458bd9cc3/datanode-6/data-0/containers/hdds of storage type : DISK capacity : 9223372036854775807
2021-08-23 23:19:36,482 [Listener at 127.0.0.1/36523] INFO  volume.MutableVolumeSet (MutableVolumeSet.java:initializeVolumeSet(181)) - Added Volume : /home/runner/work/ozone/ozone/hadoop-ozone/integration-test/target/test-dir/MiniOzoneClusterImpl-994ab01d-a5c0-4516-a51a-b70458bd9cc3/datanode-6/data-0/containers/hdds to VolumeSet
2021-08-23 23:19:36,482 [Listener at 127.0.0.1/36523] INFO  volume.ThrottledAsyncChecker (ThrottledAsyncChecker.java:schedule(141)) - Scheduling a check for /home/runner/work/ozone/ozone/hadoop-ozone/integration-test/target/test-dir/MiniOzoneClusterImpl-994ab01d-a5c0-4516-a51a-b70458bd9cc3/datanode-6/data-0/containers/hdds
2021-08-23 23:19:36,482 [Listener at 127.0.0.1/36523] INFO  volume.StorageVolumeChecker (StorageVolumeChecker.java:checkAllVolumes(202)) - Scheduled health check for volume /home/runner/work/ozone/ozone/hadoop-ozone/integration-test/target/test-dir/MiniOzoneClusterImpl-994ab01d-a5c0-4516-a51a-b70458bd9cc3/datanode-6/data-0/containers/hdds
2021-08-23 23:19:36,495 [Listener at 127.0.0.1/36523] INFO  volume.MutableVolumeSet (MutableVolumeSet.java:initializeVolumeSet(181)) - Added Volume : /home/runner/work/ozone/ozone/hadoop-ozone/integration-test/target/test-dir/MiniOzoneClusterImpl-994ab01d-a5c0-4516-a51a-b70458bd9cc3/datanode-6/data/ratis to VolumeSet
2021-08-23 23:19:36,495 [Listener at 127.0.0.1/36523] INFO  volume.ThrottledAsyncChecker (ThrottledAsyncChecker.java:schedule(141)) - Scheduling a check for /home/runner/work/ozone/ozone/hadoop-ozone/integration-test/target/test-dir/MiniOzoneClusterImpl-994ab01d-a5c0-4516-a51a-b70458bd9cc3/datanode-6/data/ratis
2021-08-23 23:19:36,495 [Listener at 127.0.0.1/36523] INFO  volume.StorageVolumeChecker (StorageVolumeChecker.java:checkAllVolumes(202)) - Scheduled health check for volume /home/runner/work/ozone/ozone/hadoop-ozone/integration-test/target/test-dir/MiniOzoneClusterImpl-994ab01d-a5c0-4516-a51a-b70458bd9cc3/datanode-6/data/ratis
2021-08-23 23:19:36,507 [Listener at 127.0.0.1/36523] INFO  ozoneimpl.ContainerReader (ContainerReader.java:<init>(98)) - Running in upgrade mode:true
2021-08-23 23:19:36,507 [Thread-202] INFO  ozoneimpl.ContainerReader (ContainerReader.java:readVolume(142)) - Start to verify containers on volume /home/runner/work/ozone/ozone/hadoop-ozone/integration-test/target/test-dir/MiniOzoneClusterImpl-994ab01d-a5c0-4516-a51a-b70458bd9cc3/datanode-6/data-0/containers/hdds
2021-08-23 23:19:36,507 [Thread-202] INFO  ozoneimpl.ContainerReader (ContainerReader.java:readVolume(174)) - Finish verifying containers on volume /home/runner/work/ozone/ozone/hadoop-ozone/integration-test/target/test-dir/MiniOzoneClusterImpl-994ab01d-a5c0-4516-a51a-b70458bd9cc3/datanode-6/data-0/containers/hdds
2021-08-23 23:19:36,507 [Listener at 127.0.0.1/36523] INFO  ozoneimpl.OzoneContainer (OzoneContainer.java:buildContainerSet(237)) - Build ContainerSet costs 0s
2021-08-23 23:19:36,511 [Listener at 127.0.0.1/36523] INFO  server.RaftServer (ConfUtils.java:logGet(44)) - raft.rpc.type = GRPC (default)
2021-08-23 23:19:36,512 [Listener at 127.0.0.1/36523] INFO  grpc.GrpcFactory (GrpcFactory.java:checkPooledByteBufAllocatorUseCacheForAllThreads(48)) - PERFORMANCE WARNING: useCacheForAllThreads is true that may cause Netty to create a lot garbage objects and, as a result, trigger GC.
	It is recommended to disable useCacheForAllThreads by setting -Dorg.apache.ratis.thirdparty.io.netty.allocator.useCacheForAllThreads=false in command line.
2021-08-23 23:19:36,512 [Listener at 127.0.0.1/36523] INFO  grpc.GrpcConfigKeys (ConfUtils.java:logGet(44)) - raft.grpc.admin.port = 0 (custom)
2021-08-23 23:19:36,512 [Listener at 127.0.0.1/36523] INFO  grpc.GrpcConfigKeys (ConfUtils.java:logGet(44)) - raft.grpc.client.port = 0 (custom)
2021-08-23 23:19:36,512 [Listener at 127.0.0.1/36523] INFO  grpc.GrpcConfigKeys (ConfUtils.java:logGet(44)) - raft.grpc.server.port = 0 (default)
2021-08-23 23:19:36,512 [Listener at 127.0.0.1/36523] INFO  server.GrpcService (ConfUtils.java:logGet(44)) - raft.grpc.message.size.max = 32MB (=33554432) (custom)
2021-08-23 23:19:36,512 [Listener at 127.0.0.1/36523] INFO  server.RaftServerConfigKeys (ConfUtils.java:logGet(44)) - raft.server.log.appender.buffer.byte-limit = 33554432 (custom)
2021-08-23 23:19:36,513 [Listener at 127.0.0.1/36523] INFO  server.GrpcService (ConfUtils.java:logGet(44)) - raft.grpc.flow.control.window = 5MB (=5242880) (custom)
2021-08-23 23:19:36,513 [Listener at 127.0.0.1/36523] INFO  server.RaftServerConfigKeys (ConfUtils.java:logGet(44)) - raft.server.rpc.request.timeout = 3000ms (default)
2021-08-23 23:19:36,514 [Listener at 127.0.0.1/36523] INFO  impl.DataStreamServerImpl (ConfUtils.java:logGet(44)) - raft.datastream.type = DISABLED (default)
2021-08-23 23:19:36,514 [Listener at 127.0.0.1/36523] INFO  server.RaftServerConfigKeys (ConfUtils.java:logGet(44)) - raft.server.rpc.slowness.timeout = 300000ms (custom)
2021-08-23 23:19:36,514 [Listener at 127.0.0.1/36523] INFO  server.RaftServerConfigKeys (ConfUtils.java:logGet(44)) - raft.server.leaderelection.leader.step-down.wait-time = 10s (default)
2021-08-23 23:19:36,514 [Listener at 127.0.0.1/36523] INFO  server.RaftServerConfigKeys (ConfUtils.java:logGet(44)) - raft.server.storage.dir = [/home/runner/work/ozone/ozone/hadoop-ozone/integration-test/target/test-dir/MiniOzoneClusterImpl-994ab01d-a5c0-4516-a51a-b70458bd9cc3/datanode-6/data/ratis] (custom)
2021-08-23 23:19:36,517 [Listener at 127.0.0.1/36523] INFO  http.BaseHttpServer (BaseHttpServer.java:newHttpServer2BuilderForOzone(209)) - Starting Web-server for hddsDatanode at: http://0.0.0.0:0
2021-08-23 23:19:36,517 [Listener at 127.0.0.1/36523] INFO  http.BaseHttpServer (BaseHttpServer.java:<init>(107)) - Hadoop Security Enabled: false Ozone Security Enabled: false Ozone HTTP Security Enabled: false 
2021-08-23 23:19:36,518 [Listener at 127.0.0.1/36523] INFO  server.AuthenticationFilter (AuthenticationFilter.java:constructSecretProvider(240)) - Unable to initialize FileSignerSecretProvider, falling back to use random secrets.
2021-08-23 23:19:36,518 [Listener at 127.0.0.1/36523] WARN  http.HttpRequestLog (HttpRequestLog.java:getRequestLog(103)) - Jetty request log can only be enabled using Log4j
2021-08-23 23:19:36,519 [Listener at 127.0.0.1/36523] INFO  http.HttpServer2 (HttpServer2.java:addGlobalFilter(1030)) - Added global filter 'safety' (class=org.apache.hadoop.hdds.server.http.HttpServer2$QuotingInputFilter)
2021-08-23 23:19:36,520 [Listener at 127.0.0.1/36523] INFO  http.HttpServer2 (HttpServer2.java:addFilter(1006)) - Added filter static_user_filter (class=org.apache.hadoop.http.lib.StaticUserWebFilter$StaticUserFilter) to context hddsDatanode
2021-08-23 23:19:36,520 [Listener at 127.0.0.1/36523] INFO  http.HttpServer2 (HttpServer2.java:addFilter(1014)) - Added filter static_user_filter (class=org.apache.hadoop.http.lib.StaticUserWebFilter$StaticUserFilter) to context static
2021-08-23 23:19:36,520 [Listener at 127.0.0.1/36523] INFO  http.HttpServer2 (HttpServer2.java:addFilter(1014)) - Added filter static_user_filter (class=org.apache.hadoop.http.lib.StaticUserWebFilter$StaticUserFilter) to context logs
2021-08-23 23:19:36,521 [Listener at 127.0.0.1/36523] INFO  http.HttpServer2 (HttpServer2.java:bindListener(1249)) - Jetty bound to port 40579
2021-08-23 23:19:36,521 [Listener at 127.0.0.1/36523] INFO  server.Server (Server.java:doStart(375)) - jetty-9.4.43.v20210629; built: 2021-06-30T11:07:22.254Z; git: 526006ecfa3af7f1a27ef3a288e2bef7ea9dd7e8; jvm 1.8.0_292-b10
2021-08-23 23:19:36,522 [Listener at 127.0.0.1/36523] INFO  server.session (DefaultSessionIdManager.java:doStart(334)) - DefaultSessionIdManager workerName=node0
2021-08-23 23:19:36,523 [Listener at 127.0.0.1/36523] INFO  server.session (DefaultSessionIdManager.java:doStart(339)) - No SessionScavenger set, using defaults
2021-08-23 23:19:36,523 [Listener at 127.0.0.1/36523] INFO  server.session (HouseKeeper.java:startScavenging(132)) - node0 Scavenging every 600000ms
2021-08-23 23:19:36,524 [Listener at 127.0.0.1/36523] INFO  handler.ContextHandler (ContextHandler.java:doStart(915)) - Started o.e.j.s.ServletContextHandler@7e6f9868{logs,/logs,file:///home/runner/work/ozone/ozone/hadoop-ozone/integration-test/target/log,AVAILABLE}
2021-08-23 23:19:36,524 [Listener at 127.0.0.1/36523] INFO  handler.ContextHandler (ContextHandler.java:doStart(915)) - Started o.e.j.s.ServletContextHandler@56c763{static,/static,jar:file:/home/runner/.m2/repository/org/apache/ozone/hdds-container-service/1.2.0-SNAPSHOT/hdds-container-service-1.2.0-SNAPSHOT.jar!/webapps/static,AVAILABLE}
2021-08-23 23:19:36,560 [Listener at 127.0.0.1/36523] INFO  handler.ContextHandler (ContextHandler.java:doStart(915)) - Started o.e.j.w.WebAppContext@5ea47cee{hddsDatanode,/,file:///tmp/jetty-0_0_0_0-40579-hdds-container-service-1_2_0-SNAPSHOT_jar-_-any-6081666178940064189/webapp/,AVAILABLE}{jar:file:/home/runner/.m2/repository/org/apache/ozone/hdds-container-service/1.2.0-SNAPSHOT/hdds-container-service-1.2.0-SNAPSHOT.jar!/webapps/hddsDatanode}
2021-08-23 23:19:36,561 [Listener at 127.0.0.1/36523] INFO  server.AbstractConnector (AbstractConnector.java:doStart(331)) - Started ServerConnector@4b3dea9a{HTTP/1.1, (http/1.1)}{0.0.0.0:40579}
2021-08-23 23:19:36,562 [Listener at 127.0.0.1/36523] INFO  server.Server (Server.java:doStart(415)) - Started @8245ms
2021-08-23 23:19:36,562 [Listener at 127.0.0.1/36523] WARN  impl.MetricsSystemImpl (MetricsSystemImpl.java:register(279)) - Sink prometheus already exists!
2021-08-23 23:19:36,562 [Listener at 127.0.0.1/36523] INFO  http.BaseHttpServer (BaseHttpServer.java:updateConnectorAddress(329)) - HTTP server of hddsDatanode listening at http://0.0.0.0:40579
2021-08-23 23:19:36,563 [Listener at 127.0.0.1/36523] WARN  impl.MetricRegistriesImpl (MetricRegistriesImpl.java:addReporterRegistration(111)) - New reporters are added after registries were created. Some metrics will be missing from the reporter. Please add reporter before adding any new registry.
2021-08-23 23:19:36,563 [Listener at 127.0.0.1/36523] WARN  impl.MetricRegistriesImpl (MetricRegistriesImpl.java:addReporterRegistration(111)) - New reporters are added after registries were created. Some metrics will be missing from the reporter. Please add reporter before adding any new registry.
2021-08-23 23:19:36,563 [Listener at 127.0.0.1/36523] INFO  impl.MetricsSystemImpl (MetricsSystemImpl.java:init(158)) - HddsDatanode metrics system started (again)
2021-08-23 23:19:36,569 [org.apache.hadoop.util.JvmPauseMonitor$Monitor@50436c0b] INFO  util.JvmPauseMonitor (JvmPauseMonitor.java:run(188)) - Starting JVM pause monitor
2021-08-23 23:19:36,570 [Datanode State Machine Task Thread - 0] INFO  datanode.InitDatanodeState (InitDatanodeState.java:persistContainerDatanodeDetails(145)) - DatanodeDetails is persisted to /home/runner/work/ozone/ozone/hadoop-ozone/integration-test/target/test-dir/MiniOzoneClusterImpl-994ab01d-a5c0-4516-a51a-b70458bd9cc3/datanode-6/meta/datanode.id
2021-08-23 23:19:36,575 [Listener at 127.0.0.1/36523] INFO  ozone.HddsDatanodeService (HddsDatanodeService.java:start(234)) - HddsDatanodeService host:fv-az116-235.vzw04321ajxubdbcnpick5nqva.xx.internal.cloudapp.net ip:10.1.0.66
2021-08-23 23:19:36,603 [Listener at 127.0.0.1/36523] INFO  upgrade.AbstractLayoutVersionManager (AbstractLayoutVersionManager.java:init(70)) - Initializing Layout version manager with metadata layout = SCM_HA (version = 2), software layout = SCM_HA (version = 2)
2021-08-23 23:19:36,638 [Listener at 127.0.0.1/36523] INFO  reflections.Reflections (Reflections.java:scan(232)) - Reflections took 34 ms to scan 7 urls, producing 120 keys and 275 values 
2021-08-23 23:19:36,642 [Listener at 127.0.0.1/36523] INFO  volume.HddsVolume (HddsVolume.java:<init>(120)) - Creating HddsVolume: /home/runner/work/ozone/ozone/hadoop-ozone/integration-test/target/test-dir/MiniOzoneClusterImpl-994ab01d-a5c0-4516-a51a-b70458bd9cc3/datanode-7/data-0/containers/hdds of storage type : DISK capacity : 9223372036854775807
2021-08-23 23:19:36,642 [Listener at 127.0.0.1/36523] INFO  volume.MutableVolumeSet (MutableVolumeSet.java:initializeVolumeSet(181)) - Added Volume : /home/runner/work/ozone/ozone/hadoop-ozone/integration-test/target/test-dir/MiniOzoneClusterImpl-994ab01d-a5c0-4516-a51a-b70458bd9cc3/datanode-7/data-0/containers/hdds to VolumeSet
2021-08-23 23:19:36,642 [Listener at 127.0.0.1/36523] INFO  volume.ThrottledAsyncChecker (ThrottledAsyncChecker.java:schedule(141)) - Scheduling a check for /home/runner/work/ozone/ozone/hadoop-ozone/integration-test/target/test-dir/MiniOzoneClusterImpl-994ab01d-a5c0-4516-a51a-b70458bd9cc3/datanode-7/data-0/containers/hdds
2021-08-23 23:19:36,643 [Listener at 127.0.0.1/36523] INFO  volume.StorageVolumeChecker (StorageVolumeChecker.java:checkAllVolumes(202)) - Scheduled health check for volume /home/runner/work/ozone/ozone/hadoop-ozone/integration-test/target/test-dir/MiniOzoneClusterImpl-994ab01d-a5c0-4516-a51a-b70458bd9cc3/datanode-7/data-0/containers/hdds
2021-08-23 23:19:36,656 [Listener at 127.0.0.1/36523] INFO  volume.MutableVolumeSet (MutableVolumeSet.java:initializeVolumeSet(181)) - Added Volume : /home/runner/work/ozone/ozone/hadoop-ozone/integration-test/target/test-dir/MiniOzoneClusterImpl-994ab01d-a5c0-4516-a51a-b70458bd9cc3/datanode-7/data/ratis to VolumeSet
2021-08-23 23:19:36,656 [Listener at 127.0.0.1/36523] INFO  volume.ThrottledAsyncChecker (ThrottledAsyncChecker.java:schedule(141)) - Scheduling a check for /home/runner/work/ozone/ozone/hadoop-ozone/integration-test/target/test-dir/MiniOzoneClusterImpl-994ab01d-a5c0-4516-a51a-b70458bd9cc3/datanode-7/data/ratis
2021-08-23 23:19:36,656 [Listener at 127.0.0.1/36523] INFO  volume.StorageVolumeChecker (StorageVolumeChecker.java:checkAllVolumes(202)) - Scheduled health check for volume /home/runner/work/ozone/ozone/hadoop-ozone/integration-test/target/test-dir/MiniOzoneClusterImpl-994ab01d-a5c0-4516-a51a-b70458bd9cc3/datanode-7/data/ratis
2021-08-23 23:19:36,672 [Listener at 127.0.0.1/36523] INFO  ozoneimpl.ContainerReader (ContainerReader.java:<init>(98)) - Running in upgrade mode:true
2021-08-23 23:19:36,673 [Thread-214] INFO  ozoneimpl.ContainerReader (ContainerReader.java:readVolume(142)) - Start to verify containers on volume /home/runner/work/ozone/ozone/hadoop-ozone/integration-test/target/test-dir/MiniOzoneClusterImpl-994ab01d-a5c0-4516-a51a-b70458bd9cc3/datanode-7/data-0/containers/hdds
2021-08-23 23:19:36,673 [Thread-214] INFO  ozoneimpl.ContainerReader (ContainerReader.java:readVolume(174)) - Finish verifying containers on volume /home/runner/work/ozone/ozone/hadoop-ozone/integration-test/target/test-dir/MiniOzoneClusterImpl-994ab01d-a5c0-4516-a51a-b70458bd9cc3/datanode-7/data-0/containers/hdds
2021-08-23 23:19:36,673 [Listener at 127.0.0.1/36523] INFO  ozoneimpl.OzoneContainer (OzoneContainer.java:buildContainerSet(237)) - Build ContainerSet costs 0s
2021-08-23 23:19:36,676 [Listener at 127.0.0.1/36523] INFO  server.RaftServer (ConfUtils.java:logGet(44)) - raft.rpc.type = GRPC (default)
2021-08-23 23:19:36,676 [Listener at 127.0.0.1/36523] INFO  grpc.GrpcFactory (GrpcFactory.java:checkPooledByteBufAllocatorUseCacheForAllThreads(48)) - PERFORMANCE WARNING: useCacheForAllThreads is true that may cause Netty to create a lot garbage objects and, as a result, trigger GC.
	It is recommended to disable useCacheForAllThreads by setting -Dorg.apache.ratis.thirdparty.io.netty.allocator.useCacheForAllThreads=false in command line.
2021-08-23 23:19:36,676 [Listener at 127.0.0.1/36523] INFO  grpc.GrpcConfigKeys (ConfUtils.java:logGet(44)) - raft.grpc.admin.port = 0 (custom)
2021-08-23 23:19:36,676 [Listener at 127.0.0.1/36523] INFO  grpc.GrpcConfigKeys (ConfUtils.java:logGet(44)) - raft.grpc.client.port = 0 (custom)
2021-08-23 23:19:36,677 [Listener at 127.0.0.1/36523] INFO  grpc.GrpcConfigKeys (ConfUtils.java:logGet(44)) - raft.grpc.server.port = 0 (default)
2021-08-23 23:19:36,677 [Listener at 127.0.0.1/36523] INFO  server.GrpcService (ConfUtils.java:logGet(44)) - raft.grpc.message.size.max = 32MB (=33554432) (custom)
2021-08-23 23:19:36,677 [Listener at 127.0.0.1/36523] INFO  server.RaftServerConfigKeys (ConfUtils.java:logGet(44)) - raft.server.log.appender.buffer.byte-limit = 33554432 (custom)
2021-08-23 23:19:36,677 [Listener at 127.0.0.1/36523] INFO  server.GrpcService (ConfUtils.java:logGet(44)) - raft.grpc.flow.control.window = 5MB (=5242880) (custom)
2021-08-23 23:19:36,677 [Listener at 127.0.0.1/36523] INFO  server.RaftServerConfigKeys (ConfUtils.java:logGet(44)) - raft.server.rpc.request.timeout = 3000ms (default)
2021-08-23 23:19:36,678 [Listener at 127.0.0.1/36523] INFO  impl.DataStreamServerImpl (ConfUtils.java:logGet(44)) - raft.datastream.type = DISABLED (default)
2021-08-23 23:19:36,678 [Listener at 127.0.0.1/36523] INFO  server.RaftServerConfigKeys (ConfUtils.java:logGet(44)) - raft.server.rpc.slowness.timeout = 300000ms (custom)
2021-08-23 23:19:36,678 [Listener at 127.0.0.1/36523] INFO  server.RaftServerConfigKeys (ConfUtils.java:logGet(44)) - raft.server.leaderelection.leader.step-down.wait-time = 10s (default)
2021-08-23 23:19:36,678 [Listener at 127.0.0.1/36523] INFO  server.RaftServerConfigKeys (ConfUtils.java:logGet(44)) - raft.server.storage.dir = [/home/runner/work/ozone/ozone/hadoop-ozone/integration-test/target/test-dir/MiniOzoneClusterImpl-994ab01d-a5c0-4516-a51a-b70458bd9cc3/datanode-7/data/ratis] (custom)
2021-08-23 23:19:36,682 [Listener at 127.0.0.1/36523] INFO  http.BaseHttpServer (BaseHttpServer.java:newHttpServer2BuilderForOzone(209)) - Starting Web-server for hddsDatanode at: http://0.0.0.0:0
2021-08-23 23:19:36,683 [Listener at 127.0.0.1/36523] INFO  http.BaseHttpServer (BaseHttpServer.java:<init>(107)) - Hadoop Security Enabled: false Ozone Security Enabled: false Ozone HTTP Security Enabled: false 
2021-08-23 23:19:36,685 [Listener at 127.0.0.1/36523] INFO  server.AuthenticationFilter (AuthenticationFilter.java:constructSecretProvider(240)) - Unable to initialize FileSignerSecretProvider, falling back to use random secrets.
2021-08-23 23:19:36,685 [Listener at 127.0.0.1/36523] WARN  http.HttpRequestLog (HttpRequestLog.java:getRequestLog(103)) - Jetty request log can only be enabled using Log4j
2021-08-23 23:19:36,686 [Listener at 127.0.0.1/36523] INFO  http.HttpServer2 (HttpServer2.java:addGlobalFilter(1030)) - Added global filter 'safety' (class=org.apache.hadoop.hdds.server.http.HttpServer2$QuotingInputFilter)
2021-08-23 23:19:36,686 [Listener at 127.0.0.1/36523] INFO  http.HttpServer2 (HttpServer2.java:addFilter(1006)) - Added filter static_user_filter (class=org.apache.hadoop.http.lib.StaticUserWebFilter$StaticUserFilter) to context hddsDatanode
2021-08-23 23:19:36,687 [Listener at 127.0.0.1/36523] INFO  http.HttpServer2 (HttpServer2.java:addFilter(1014)) - Added filter static_user_filter (class=org.apache.hadoop.http.lib.StaticUserWebFilter$StaticUserFilter) to context static
2021-08-23 23:19:36,687 [Listener at 127.0.0.1/36523] INFO  http.HttpServer2 (HttpServer2.java:addFilter(1014)) - Added filter static_user_filter (class=org.apache.hadoop.http.lib.StaticUserWebFilter$StaticUserFilter) to context logs
2021-08-23 23:19:36,687 [Listener at 127.0.0.1/36523] INFO  http.HttpServer2 (HttpServer2.java:bindListener(1249)) - Jetty bound to port 43259
2021-08-23 23:19:36,687 [Listener at 127.0.0.1/36523] INFO  server.Server (Server.java:doStart(375)) - jetty-9.4.43.v20210629; built: 2021-06-30T11:07:22.254Z; git: 526006ecfa3af7f1a27ef3a288e2bef7ea9dd7e8; jvm 1.8.0_292-b10
2021-08-23 23:19:36,695 [Listener at 127.0.0.1/36523] INFO  server.session (DefaultSessionIdManager.java:doStart(334)) - DefaultSessionIdManager workerName=node0
2021-08-23 23:19:36,695 [Listener at 127.0.0.1/36523] INFO  server.session (DefaultSessionIdManager.java:doStart(339)) - No SessionScavenger set, using defaults
2021-08-23 23:19:36,695 [Listener at 127.0.0.1/36523] INFO  server.session (HouseKeeper.java:startScavenging(132)) - node0 Scavenging every 600000ms
2021-08-23 23:19:36,696 [Listener at 127.0.0.1/36523] INFO  handler.ContextHandler (ContextHandler.java:doStart(915)) - Started o.e.j.s.ServletContextHandler@5b2897d7{logs,/logs,file:///home/runner/work/ozone/ozone/hadoop-ozone/integration-test/target/log,AVAILABLE}
2021-08-23 23:19:36,696 [Listener at 127.0.0.1/36523] INFO  handler.ContextHandler (ContextHandler.java:doStart(915)) - Started o.e.j.s.ServletContextHandler@53a517e9{static,/static,jar:file:/home/runner/.m2/repository/org/apache/ozone/hdds-container-service/1.2.0-SNAPSHOT/hdds-container-service-1.2.0-SNAPSHOT.jar!/webapps/static,AVAILABLE}
2021-08-23 23:19:36,728 [Listener at 127.0.0.1/36523] INFO  handler.ContextHandler (ContextHandler.java:doStart(915)) - Started o.e.j.w.WebAppContext@5f097960{hddsDatanode,/,file:///tmp/jetty-0_0_0_0-43259-hdds-container-service-1_2_0-SNAPSHOT_jar-_-any-3996778126743249869/webapp/,AVAILABLE}{jar:file:/home/runner/.m2/repository/org/apache/ozone/hdds-container-service/1.2.0-SNAPSHOT/hdds-container-service-1.2.0-SNAPSHOT.jar!/webapps/hddsDatanode}
2021-08-23 23:19:36,731 [Listener at 127.0.0.1/36523] INFO  server.AbstractConnector (AbstractConnector.java:doStart(331)) - Started ServerConnector@4e3ef73d{HTTP/1.1, (http/1.1)}{0.0.0.0:43259}
2021-08-23 23:19:36,731 [Listener at 127.0.0.1/36523] INFO  server.Server (Server.java:doStart(415)) - Started @8414ms
2021-08-23 23:19:36,731 [Listener at 127.0.0.1/36523] WARN  impl.MetricsSystemImpl (MetricsSystemImpl.java:register(279)) - Sink prometheus already exists!
2021-08-23 23:19:36,732 [Listener at 127.0.0.1/36523] INFO  http.BaseHttpServer (BaseHttpServer.java:updateConnectorAddress(329)) - HTTP server of hddsDatanode listening at http://0.0.0.0:43259
2021-08-23 23:19:36,734 [Listener at 127.0.0.1/36523] WARN  impl.MetricRegistriesImpl (MetricRegistriesImpl.java:addReporterRegistration(111)) - New reporters are added after registries were created. Some metrics will be missing from the reporter. Please add reporter before adding any new registry.
2021-08-23 23:19:36,734 [Listener at 127.0.0.1/36523] WARN  impl.MetricRegistriesImpl (MetricRegistriesImpl.java:addReporterRegistration(111)) - New reporters are added after registries were created. Some metrics will be missing from the reporter. Please add reporter before adding any new registry.
2021-08-23 23:19:36,734 [Listener at 127.0.0.1/36523] INFO  impl.MetricsSystemImpl (MetricsSystemImpl.java:init(158)) - HddsDatanode metrics system started (again)
2021-08-23 23:19:36,745 [Listener at 127.0.0.1/36523] INFO  ozone.HddsDatanodeService (HddsDatanodeService.java:start(234)) - HddsDatanodeService host:fv-az116-235.vzw04321ajxubdbcnpick5nqva.xx.internal.cloudapp.net ip:10.1.0.66
2021-08-23 23:19:36,746 [org.apache.hadoop.util.JvmPauseMonitor$Monitor@65ddcfda] INFO  util.JvmPauseMonitor (JvmPauseMonitor.java:run(188)) - Starting JVM pause monitor
2021-08-23 23:19:36,750 [Datanode State Machine Task Thread - 0] INFO  datanode.InitDatanodeState (InitDatanodeState.java:persistContainerDatanodeDetails(145)) - DatanodeDetails is persisted to /home/runner/work/ozone/ozone/hadoop-ozone/integration-test/target/test-dir/MiniOzoneClusterImpl-994ab01d-a5c0-4516-a51a-b70458bd9cc3/datanode-7/meta/datanode.id
2021-08-23 23:19:36,769 [Listener at 127.0.0.1/36523] INFO  upgrade.AbstractLayoutVersionManager (AbstractLayoutVersionManager.java:init(70)) - Initializing Layout version manager with metadata layout = SCM_HA (version = 2), software layout = SCM_HA (version = 2)
2021-08-23 23:19:36,806 [Listener at 127.0.0.1/36523] INFO  reflections.Reflections (Reflections.java:scan(232)) - Reflections took 36 ms to scan 7 urls, producing 120 keys and 275 values 
2021-08-23 23:19:36,809 [Listener at 127.0.0.1/36523] INFO  volume.HddsVolume (HddsVolume.java:<init>(120)) - Creating HddsVolume: /home/runner/work/ozone/ozone/hadoop-ozone/integration-test/target/test-dir/MiniOzoneClusterImpl-994ab01d-a5c0-4516-a51a-b70458bd9cc3/datanode-8/data-0/containers/hdds of storage type : DISK capacity : 9223372036854775807
2021-08-23 23:19:36,809 [Listener at 127.0.0.1/36523] INFO  volume.MutableVolumeSet (MutableVolumeSet.java:initializeVolumeSet(181)) - Added Volume : /home/runner/work/ozone/ozone/hadoop-ozone/integration-test/target/test-dir/MiniOzoneClusterImpl-994ab01d-a5c0-4516-a51a-b70458bd9cc3/datanode-8/data-0/containers/hdds to VolumeSet
2021-08-23 23:19:36,809 [Listener at 127.0.0.1/36523] INFO  volume.ThrottledAsyncChecker (ThrottledAsyncChecker.java:schedule(141)) - Scheduling a check for /home/runner/work/ozone/ozone/hadoop-ozone/integration-test/target/test-dir/MiniOzoneClusterImpl-994ab01d-a5c0-4516-a51a-b70458bd9cc3/datanode-8/data-0/containers/hdds
2021-08-23 23:19:36,812 [Listener at 127.0.0.1/36523] INFO  volume.StorageVolumeChecker (StorageVolumeChecker.java:checkAllVolumes(202)) - Scheduled health check for volume /home/runner/work/ozone/ozone/hadoop-ozone/integration-test/target/test-dir/MiniOzoneClusterImpl-994ab01d-a5c0-4516-a51a-b70458bd9cc3/datanode-8/data-0/containers/hdds
2021-08-23 23:19:36,824 [Listener at 127.0.0.1/36523] INFO  volume.MutableVolumeSet (MutableVolumeSet.java:initializeVolumeSet(181)) - Added Volume : /home/runner/work/ozone/ozone/hadoop-ozone/integration-test/target/test-dir/MiniOzoneClusterImpl-994ab01d-a5c0-4516-a51a-b70458bd9cc3/datanode-8/data/ratis to VolumeSet
2021-08-23 23:19:36,824 [Listener at 127.0.0.1/36523] INFO  volume.ThrottledAsyncChecker (ThrottledAsyncChecker.java:schedule(141)) - Scheduling a check for /home/runner/work/ozone/ozone/hadoop-ozone/integration-test/target/test-dir/MiniOzoneClusterImpl-994ab01d-a5c0-4516-a51a-b70458bd9cc3/datanode-8/data/ratis
2021-08-23 23:19:36,824 [Listener at 127.0.0.1/36523] INFO  volume.StorageVolumeChecker (StorageVolumeChecker.java:checkAllVolumes(202)) - Scheduled health check for volume /home/runner/work/ozone/ozone/hadoop-ozone/integration-test/target/test-dir/MiniOzoneClusterImpl-994ab01d-a5c0-4516-a51a-b70458bd9cc3/datanode-8/data/ratis
2021-08-23 23:19:36,834 [Listener at 127.0.0.1/36523] INFO  ozoneimpl.ContainerReader (ContainerReader.java:<init>(98)) - Running in upgrade mode:true
2021-08-23 23:19:36,835 [Thread-226] INFO  ozoneimpl.ContainerReader (ContainerReader.java:readVolume(142)) - Start to verify containers on volume /home/runner/work/ozone/ozone/hadoop-ozone/integration-test/target/test-dir/MiniOzoneClusterImpl-994ab01d-a5c0-4516-a51a-b70458bd9cc3/datanode-8/data-0/containers/hdds
2021-08-23 23:19:36,835 [Thread-226] INFO  ozoneimpl.ContainerReader (ContainerReader.java:readVolume(174)) - Finish verifying containers on volume /home/runner/work/ozone/ozone/hadoop-ozone/integration-test/target/test-dir/MiniOzoneClusterImpl-994ab01d-a5c0-4516-a51a-b70458bd9cc3/datanode-8/data-0/containers/hdds
2021-08-23 23:19:36,836 [Listener at 127.0.0.1/36523] INFO  ozoneimpl.OzoneContainer (OzoneContainer.java:buildContainerSet(237)) - Build ContainerSet costs 0s
2021-08-23 23:19:36,838 [Listener at 127.0.0.1/36523] INFO  server.RaftServer (ConfUtils.java:logGet(44)) - raft.rpc.type = GRPC (default)
2021-08-23 23:19:36,838 [Listener at 127.0.0.1/36523] INFO  grpc.GrpcFactory (GrpcFactory.java:checkPooledByteBufAllocatorUseCacheForAllThreads(48)) - PERFORMANCE WARNING: useCacheForAllThreads is true that may cause Netty to create a lot garbage objects and, as a result, trigger GC.
	It is recommended to disable useCacheForAllThreads by setting -Dorg.apache.ratis.thirdparty.io.netty.allocator.useCacheForAllThreads=false in command line.
2021-08-23 23:19:36,838 [Listener at 127.0.0.1/36523] INFO  grpc.GrpcConfigKeys (ConfUtils.java:logGet(44)) - raft.grpc.admin.port = 0 (custom)
2021-08-23 23:19:36,838 [Listener at 127.0.0.1/36523] INFO  grpc.GrpcConfigKeys (ConfUtils.java:logGet(44)) - raft.grpc.client.port = 0 (custom)
2021-08-23 23:19:36,838 [Listener at 127.0.0.1/36523] INFO  grpc.GrpcConfigKeys (ConfUtils.java:logGet(44)) - raft.grpc.server.port = 0 (default)
2021-08-23 23:19:36,838 [Listener at 127.0.0.1/36523] INFO  server.GrpcService (ConfUtils.java:logGet(44)) - raft.grpc.message.size.max = 32MB (=33554432) (custom)
2021-08-23 23:19:36,839 [Listener at 127.0.0.1/36523] INFO  server.RaftServerConfigKeys (ConfUtils.java:logGet(44)) - raft.server.log.appender.buffer.byte-limit = 33554432 (custom)
2021-08-23 23:19:36,839 [Listener at 127.0.0.1/36523] INFO  server.GrpcService (ConfUtils.java:logGet(44)) - raft.grpc.flow.control.window = 5MB (=5242880) (custom)
2021-08-23 23:19:36,839 [Listener at 127.0.0.1/36523] INFO  server.RaftServerConfigKeys (ConfUtils.java:logGet(44)) - raft.server.rpc.request.timeout = 3000ms (default)
2021-08-23 23:19:36,840 [Listener at 127.0.0.1/36523] INFO  impl.DataStreamServerImpl (ConfUtils.java:logGet(44)) - raft.datastream.type = DISABLED (default)
2021-08-23 23:19:36,840 [Listener at 127.0.0.1/36523] INFO  server.RaftServerConfigKeys (ConfUtils.java:logGet(44)) - raft.server.rpc.slowness.timeout = 300000ms (custom)
2021-08-23 23:19:36,840 [Listener at 127.0.0.1/36523] INFO  server.RaftServerConfigKeys (ConfUtils.java:logGet(44)) - raft.server.leaderelection.leader.step-down.wait-time = 10s (default)
2021-08-23 23:19:36,841 [Listener at 127.0.0.1/36523] INFO  server.RaftServerConfigKeys (ConfUtils.java:logGet(44)) - raft.server.storage.dir = [/home/runner/work/ozone/ozone/hadoop-ozone/integration-test/target/test-dir/MiniOzoneClusterImpl-994ab01d-a5c0-4516-a51a-b70458bd9cc3/datanode-8/data/ratis] (custom)
2021-08-23 23:19:36,844 [Listener at 127.0.0.1/36523] INFO  http.BaseHttpServer (BaseHttpServer.java:newHttpServer2BuilderForOzone(209)) - Starting Web-server for hddsDatanode at: http://0.0.0.0:0
2021-08-23 23:19:36,844 [Listener at 127.0.0.1/36523] INFO  http.BaseHttpServer (BaseHttpServer.java:<init>(107)) - Hadoop Security Enabled: false Ozone Security Enabled: false Ozone HTTP Security Enabled: false 
2021-08-23 23:19:36,845 [Listener at 127.0.0.1/36523] INFO  server.AuthenticationFilter (AuthenticationFilter.java:constructSecretProvider(240)) - Unable to initialize FileSignerSecretProvider, falling back to use random secrets.
2021-08-23 23:19:36,846 [Listener at 127.0.0.1/36523] WARN  http.HttpRequestLog (HttpRequestLog.java:getRequestLog(103)) - Jetty request log can only be enabled using Log4j
2021-08-23 23:19:36,846 [Listener at 127.0.0.1/36523] INFO  http.HttpServer2 (HttpServer2.java:addGlobalFilter(1030)) - Added global filter 'safety' (class=org.apache.hadoop.hdds.server.http.HttpServer2$QuotingInputFilter)
2021-08-23 23:19:36,847 [Listener at 127.0.0.1/36523] INFO  http.HttpServer2 (HttpServer2.java:addFilter(1006)) - Added filter static_user_filter (class=org.apache.hadoop.http.lib.StaticUserWebFilter$StaticUserFilter) to context hddsDatanode
2021-08-23 23:19:36,847 [Listener at 127.0.0.1/36523] INFO  http.HttpServer2 (HttpServer2.java:addFilter(1014)) - Added filter static_user_filter (class=org.apache.hadoop.http.lib.StaticUserWebFilter$StaticUserFilter) to context logs
2021-08-23 23:19:36,847 [Listener at 127.0.0.1/36523] INFO  http.HttpServer2 (HttpServer2.java:addFilter(1014)) - Added filter static_user_filter (class=org.apache.hadoop.http.lib.StaticUserWebFilter$StaticUserFilter) to context static
2021-08-23 23:19:36,848 [Listener at 127.0.0.1/36523] INFO  http.HttpServer2 (HttpServer2.java:bindListener(1249)) - Jetty bound to port 38491
2021-08-23 23:19:36,848 [Listener at 127.0.0.1/36523] INFO  server.Server (Server.java:doStart(375)) - jetty-9.4.43.v20210629; built: 2021-06-30T11:07:22.254Z; git: 526006ecfa3af7f1a27ef3a288e2bef7ea9dd7e8; jvm 1.8.0_292-b10
2021-08-23 23:19:36,849 [Listener at 127.0.0.1/36523] INFO  server.session (DefaultSessionIdManager.java:doStart(334)) - DefaultSessionIdManager workerName=node0
2021-08-23 23:19:36,849 [Listener at 127.0.0.1/36523] INFO  server.session (DefaultSessionIdManager.java:doStart(339)) - No SessionScavenger set, using defaults
2021-08-23 23:19:36,849 [Listener at 127.0.0.1/36523] INFO  server.session (HouseKeeper.java:startScavenging(132)) - node0 Scavenging every 600000ms
2021-08-23 23:19:36,850 [Listener at 127.0.0.1/36523] INFO  handler.ContextHandler (ContextHandler.java:doStart(915)) - Started o.e.j.s.ServletContextHandler@9c44b{logs,/logs,file:///home/runner/work/ozone/ozone/hadoop-ozone/integration-test/target/log,AVAILABLE}
2021-08-23 23:19:36,850 [Listener at 127.0.0.1/36523] INFO  handler.ContextHandler (ContextHandler.java:doStart(915)) - Started o.e.j.s.ServletContextHandler@fbd0581{static,/static,jar:file:/home/runner/.m2/repository/org/apache/ozone/hdds-container-service/1.2.0-SNAPSHOT/hdds-container-service-1.2.0-SNAPSHOT.jar!/webapps/static,AVAILABLE}
2021-08-23 23:19:36,883 [Listener at 127.0.0.1/36523] INFO  handler.ContextHandler (ContextHandler.java:doStart(915)) - Started o.e.j.w.WebAppContext@66c8c875{hddsDatanode,/,file:///tmp/jetty-0_0_0_0-38491-hdds-container-service-1_2_0-SNAPSHOT_jar-_-any-8705077371775931971/webapp/,AVAILABLE}{jar:file:/home/runner/.m2/repository/org/apache/ozone/hdds-container-service/1.2.0-SNAPSHOT/hdds-container-service-1.2.0-SNAPSHOT.jar!/webapps/hddsDatanode}
2021-08-23 23:19:36,884 [Listener at 127.0.0.1/36523] INFO  server.AbstractConnector (AbstractConnector.java:doStart(331)) - Started ServerConnector@5620fac7{HTTP/1.1, (http/1.1)}{0.0.0.0:38491}
2021-08-23 23:19:36,884 [Listener at 127.0.0.1/36523] INFO  server.Server (Server.java:doStart(415)) - Started @8568ms
2021-08-23 23:19:36,885 [Listener at 127.0.0.1/36523] WARN  impl.MetricsSystemImpl (MetricsSystemImpl.java:register(279)) - Sink prometheus already exists!
2021-08-23 23:19:36,885 [Listener at 127.0.0.1/36523] INFO  http.BaseHttpServer (BaseHttpServer.java:updateConnectorAddress(329)) - HTTP server of hddsDatanode listening at http://0.0.0.0:38491
2021-08-23 23:19:36,887 [Listener at 127.0.0.1/36523] INFO  ozone.MiniOzoneClusterImpl (MiniOzoneClusterImpl.java:lambda$waitForClusterToBeReady$0(235)) - Waiting for nodes to be ready. Got 0 of 9 DN Heartbeats.
2021-08-23 23:19:36,887 [Listener at 127.0.0.1/36523] INFO  ozone.MiniOzoneClusterImpl (MiniOzoneClusterImpl.java:lambda$waitForClusterToBeReady$0(238)) - Waiting for cluster to exit safe mode
2021-08-23 23:19:36,887 [Listener at 127.0.0.1/36523] INFO  ozone.MiniOzoneClusterImpl (MiniOzoneClusterImpl.java:lambda$waitForClusterToBeReady$0(240)) - SCM became leader
2021-08-23 23:19:36,891 [org.apache.hadoop.util.JvmPauseMonitor$Monitor@1d854fd3] INFO  util.JvmPauseMonitor (JvmPauseMonitor.java:run(188)) - Starting JVM pause monitor
2021-08-23 23:19:36,894 [Datanode State Machine Task Thread - 0] INFO  datanode.InitDatanodeState (InitDatanodeState.java:persistContainerDatanodeDetails(145)) - DatanodeDetails is persisted to /home/runner/work/ozone/ozone/hadoop-ozone/integration-test/target/test-dir/MiniOzoneClusterImpl-994ab01d-a5c0-4516-a51a-b70458bd9cc3/datanode-8/meta/datanode.id
2021-08-23 23:19:37,100 [EndpointStateMachine task thread for /0.0.0.0:46229 - 0 ] INFO  ozoneimpl.OzoneContainer (OzoneContainer.java:start(305)) - Attempting to start container services.
2021-08-23 23:19:37,101 [EndpointStateMachine task thread for /0.0.0.0:46229 - 0 ] INFO  ozoneimpl.OzoneContainer (OzoneContainer.java:startContainerScrub(250)) - Background container scanner has been disabled.
2021-08-23 23:19:37,103 [EndpointStateMachine task thread for /0.0.0.0:46229 - 0 ] INFO  replication.ReplicationServer (ReplicationServer.java:start(107)) - ReplicationServer is started using port 35449
2021-08-23 23:19:37,106 [EndpointStateMachine task thread for /0.0.0.0:46229 - 0 ] INFO  ratis.XceiverServerRatis (XceiverServerRatis.java:start(482)) - Starting XceiverServerRatis bf8c8c9e-9c71-482e-9792-8d809f4c5fef
2021-08-23 23:19:37,108 [EndpointStateMachine task thread for /0.0.0.0:46229 - 0 ] INFO  server.RaftServer (RaftServerProxy.java:lambda$start$5(374)) - bf8c8c9e-9c71-482e-9792-8d809f4c5fef: start RPC server
2021-08-23 23:19:37,117 [EndpointStateMachine task thread for /0.0.0.0:46229 - 0 ] INFO  server.GrpcService (GrpcService.java:startImpl(253)) - bf8c8c9e-9c71-482e-9792-8d809f4c5fef: GrpcService started, listening on 33119
2021-08-23 23:19:37,122 [EndpointStateMachine task thread for /0.0.0.0:46229 - 0 ] INFO  ratis.XceiverServerRatis (XceiverServerRatis.java:getRealPort(503)) - XceiverServerRatis bf8c8c9e-9c71-482e-9792-8d809f4c5fef is started using port 33119 for RATIS
2021-08-23 23:19:37,122 [EndpointStateMachine task thread for /0.0.0.0:46229 - 0 ] INFO  ratis.XceiverServerRatis (XceiverServerRatis.java:getRealPort(503)) - XceiverServerRatis bf8c8c9e-9c71-482e-9792-8d809f4c5fef is started using port 33119 for RATIS_ADMIN
2021-08-23 23:19:37,122 [EndpointStateMachine task thread for /0.0.0.0:46229 - 0 ] INFO  ratis.XceiverServerRatis (XceiverServerRatis.java:getRealPort(503)) - XceiverServerRatis bf8c8c9e-9c71-482e-9792-8d809f4c5fef is started using port 33119 for RATIS_SERVER
2021-08-23 23:19:37,132 [org.apache.ratis.util.JvmPauseMonitor$$Lambda$531/1878099363@66def9b8] INFO  util.JvmPauseMonitor (JvmPauseMonitor.java:run(103)) - JvmPauseMonitor-bf8c8c9e-9c71-482e-9792-8d809f4c5fef: Started
2021-08-23 23:19:37,133 [EndpointStateMachine task thread for /0.0.0.0:46229 - 0 ] INFO  server.XceiverServerGrpc (XceiverServerGrpc.java:start(135)) - XceiverServerGrpc bf8c8c9e-9c71-482e-9792-8d809f4c5fef is started using port 37397
2021-08-23 23:19:37,345 [EndpointStateMachine task thread for /0.0.0.0:46229 - 0 ] INFO  ozoneimpl.OzoneContainer (OzoneContainer.java:start(305)) - Attempting to start container services.
2021-08-23 23:19:37,345 [EndpointStateMachine task thread for /0.0.0.0:46229 - 0 ] INFO  ozoneimpl.OzoneContainer (OzoneContainer.java:startContainerScrub(250)) - Background container scanner has been disabled.
2021-08-23 23:19:37,346 [EndpointStateMachine task thread for /0.0.0.0:46229 - 0 ] INFO  replication.ReplicationServer (ReplicationServer.java:start(107)) - ReplicationServer is started using port 38707
2021-08-23 23:19:37,347 [EndpointStateMachine task thread for /0.0.0.0:46229 - 0 ] INFO  ratis.XceiverServerRatis (XceiverServerRatis.java:start(482)) - Starting XceiverServerRatis d8835383-dea3-45d4-b6e3-f656da7478fb
2021-08-23 23:19:37,350 [EndpointStateMachine task thread for /0.0.0.0:46229 - 0 ] INFO  server.RaftServer (RaftServerProxy.java:lambda$start$5(374)) - d8835383-dea3-45d4-b6e3-f656da7478fb: start RPC server
2021-08-23 23:19:37,353 [EndpointStateMachine task thread for /0.0.0.0:46229 - 0 ] INFO  server.GrpcService (GrpcService.java:startImpl(253)) - d8835383-dea3-45d4-b6e3-f656da7478fb: GrpcService started, listening on 44819
2021-08-23 23:19:37,353 [EndpointStateMachine task thread for /0.0.0.0:46229 - 0 ] INFO  ratis.XceiverServerRatis (XceiverServerRatis.java:getRealPort(503)) - XceiverServerRatis d8835383-dea3-45d4-b6e3-f656da7478fb is started using port 44819 for RATIS
2021-08-23 23:19:37,353 [EndpointStateMachine task thread for /0.0.0.0:46229 - 0 ] INFO  ratis.XceiverServerRatis (XceiverServerRatis.java:getRealPort(503)) - XceiverServerRatis d8835383-dea3-45d4-b6e3-f656da7478fb is started using port 44819 for RATIS_ADMIN
2021-08-23 23:19:37,353 [EndpointStateMachine task thread for /0.0.0.0:46229 - 0 ] INFO  ratis.XceiverServerRatis (XceiverServerRatis.java:getRealPort(503)) - XceiverServerRatis d8835383-dea3-45d4-b6e3-f656da7478fb is started using port 44819 for RATIS_SERVER
2021-08-23 23:19:37,355 [org.apache.ratis.util.JvmPauseMonitor$$Lambda$531/1878099363@3f11ccb8] INFO  util.JvmPauseMonitor (JvmPauseMonitor.java:run(103)) - JvmPauseMonitor-d8835383-dea3-45d4-b6e3-f656da7478fb: Started
2021-08-23 23:19:37,355 [EndpointStateMachine task thread for /0.0.0.0:46229 - 0 ] INFO  server.XceiverServerGrpc (XceiverServerGrpc.java:start(135)) - XceiverServerGrpc d8835383-dea3-45d4-b6e3-f656da7478fb is started using port 45585
2021-08-23 23:19:37,842 [EndpointStateMachine task thread for /0.0.0.0:46229 - 0 ] INFO  ozoneimpl.OzoneContainer (OzoneContainer.java:start(305)) - Attempting to start container services.
2021-08-23 23:19:37,842 [EndpointStateMachine task thread for /0.0.0.0:46229 - 0 ] INFO  ozoneimpl.OzoneContainer (OzoneContainer.java:startContainerScrub(250)) - Background container scanner has been disabled.
2021-08-23 23:19:37,843 [EndpointStateMachine task thread for /0.0.0.0:46229 - 0 ] INFO  replication.ReplicationServer (ReplicationServer.java:start(107)) - ReplicationServer is started using port 36805
2021-08-23 23:19:37,844 [EndpointStateMachine task thread for /0.0.0.0:46229 - 0 ] INFO  ratis.XceiverServerRatis (XceiverServerRatis.java:start(482)) - Starting XceiverServerRatis e06506bb-c7c9-4174-8cff-a1658cd313af
2021-08-23 23:19:37,845 [EndpointStateMachine task thread for /0.0.0.0:46229 - 0 ] INFO  server.RaftServer (RaftServerProxy.java:lambda$start$5(374)) - e06506bb-c7c9-4174-8cff-a1658cd313af: start RPC server
2021-08-23 23:19:37,846 [EndpointStateMachine task thread for /0.0.0.0:46229 - 0 ] INFO  server.GrpcService (GrpcService.java:startImpl(253)) - e06506bb-c7c9-4174-8cff-a1658cd313af: GrpcService started, listening on 35525
2021-08-23 23:19:37,846 [EndpointStateMachine task thread for /0.0.0.0:46229 - 0 ] INFO  ratis.XceiverServerRatis (XceiverServerRatis.java:getRealPort(503)) - XceiverServerRatis e06506bb-c7c9-4174-8cff-a1658cd313af is started using port 35525 for RATIS
2021-08-23 23:19:37,846 [EndpointStateMachine task thread for /0.0.0.0:46229 - 0 ] INFO  ratis.XceiverServerRatis (XceiverServerRatis.java:getRealPort(503)) - XceiverServerRatis e06506bb-c7c9-4174-8cff-a1658cd313af is started using port 35525 for RATIS_ADMIN
2021-08-23 23:19:37,846 [EndpointStateMachine task thread for /0.0.0.0:46229 - 0 ] INFO  ratis.XceiverServerRatis (XceiverServerRatis.java:getRealPort(503)) - XceiverServerRatis e06506bb-c7c9-4174-8cff-a1658cd313af is started using port 35525 for RATIS_SERVER
2021-08-23 23:19:37,846 [org.apache.ratis.util.JvmPauseMonitor$$Lambda$531/1878099363@3f817f4f] INFO  util.JvmPauseMonitor (JvmPauseMonitor.java:run(103)) - JvmPauseMonitor-e06506bb-c7c9-4174-8cff-a1658cd313af: Started
2021-08-23 23:19:37,847 [EndpointStateMachine task thread for /0.0.0.0:46229 - 0 ] INFO  server.XceiverServerGrpc (XceiverServerGrpc.java:start(135)) - XceiverServerGrpc e06506bb-c7c9-4174-8cff-a1658cd313af is started using port 32849
2021-08-23 23:19:37,887 [Listener at 127.0.0.1/36523] INFO  ozone.MiniOzoneClusterImpl (MiniOzoneClusterImpl.java:lambda$waitForClusterToBeReady$0(235)) - Waiting for nodes to be ready. Got 0 of 9 DN Heartbeats.
2021-08-23 23:19:37,887 [Listener at 127.0.0.1/36523] INFO  ozone.MiniOzoneClusterImpl (MiniOzoneClusterImpl.java:lambda$waitForClusterToBeReady$0(238)) - Waiting for cluster to exit safe mode
2021-08-23 23:19:37,888 [Listener at 127.0.0.1/36523] INFO  ozone.MiniOzoneClusterImpl (MiniOzoneClusterImpl.java:lambda$waitForClusterToBeReady$0(240)) - SCM became leader
2021-08-23 23:19:37,988 [EndpointStateMachine task thread for /0.0.0.0:46229 - 0 ] INFO  ozoneimpl.OzoneContainer (OzoneContainer.java:start(305)) - Attempting to start container services.
2021-08-23 23:19:37,988 [EndpointStateMachine task thread for /0.0.0.0:46229 - 0 ] INFO  ozoneimpl.OzoneContainer (OzoneContainer.java:startContainerScrub(250)) - Background container scanner has been disabled.
2021-08-23 23:19:37,989 [EndpointStateMachine task thread for /0.0.0.0:46229 - 0 ] INFO  replication.ReplicationServer (ReplicationServer.java:start(107)) - ReplicationServer is started using port 36049
2021-08-23 23:19:37,990 [EndpointStateMachine task thread for /0.0.0.0:46229 - 0 ] INFO  ratis.XceiverServerRatis (XceiverServerRatis.java:start(482)) - Starting XceiverServerRatis 3238dd0b-ba1a-45d4-9446-116bc825e875
2021-08-23 23:19:37,990 [EndpointStateMachine task thread for /0.0.0.0:46229 - 0 ] INFO  server.RaftServer (RaftServerProxy.java:lambda$start$5(374)) - 3238dd0b-ba1a-45d4-9446-116bc825e875: start RPC server
2021-08-23 23:19:37,991 [EndpointStateMachine task thread for /0.0.0.0:46229 - 0 ] INFO  server.GrpcService (GrpcService.java:startImpl(253)) - 3238dd0b-ba1a-45d4-9446-116bc825e875: GrpcService started, listening on 42759
2021-08-23 23:19:37,991 [EndpointStateMachine task thread for /0.0.0.0:46229 - 0 ] INFO  ratis.XceiverServerRatis (XceiverServerRatis.java:getRealPort(503)) - XceiverServerRatis 3238dd0b-ba1a-45d4-9446-116bc825e875 is started using port 42759 for RATIS
2021-08-23 23:19:37,992 [EndpointStateMachine task thread for /0.0.0.0:46229 - 0 ] INFO  ratis.XceiverServerRatis (XceiverServerRatis.java:getRealPort(503)) - XceiverServerRatis 3238dd0b-ba1a-45d4-9446-116bc825e875 is started using port 42759 for RATIS_ADMIN
2021-08-23 23:19:37,992 [EndpointStateMachine task thread for /0.0.0.0:46229 - 0 ] INFO  ratis.XceiverServerRatis (XceiverServerRatis.java:getRealPort(503)) - XceiverServerRatis 3238dd0b-ba1a-45d4-9446-116bc825e875 is started using port 42759 for RATIS_SERVER
2021-08-23 23:19:37,992 [org.apache.ratis.util.JvmPauseMonitor$$Lambda$531/1878099363@219be09c] INFO  util.JvmPauseMonitor (JvmPauseMonitor.java:run(103)) - JvmPauseMonitor-3238dd0b-ba1a-45d4-9446-116bc825e875: Started
2021-08-23 23:19:37,993 [EndpointStateMachine task thread for /0.0.0.0:46229 - 0 ] INFO  server.XceiverServerGrpc (XceiverServerGrpc.java:start(135)) - XceiverServerGrpc 3238dd0b-ba1a-45d4-9446-116bc825e875 is started using port 41295
2021-08-23 23:19:38,212 [EndpointStateMachine task thread for /0.0.0.0:46229 - 0 ] INFO  ozoneimpl.OzoneContainer (OzoneContainer.java:start(305)) - Attempting to start container services.
2021-08-23 23:19:38,212 [EndpointStateMachine task thread for /0.0.0.0:46229 - 0 ] INFO  ozoneimpl.OzoneContainer (OzoneContainer.java:startContainerScrub(250)) - Background container scanner has been disabled.
2021-08-23 23:19:38,214 [EndpointStateMachine task thread for /0.0.0.0:46229 - 0 ] INFO  replication.ReplicationServer (ReplicationServer.java:start(107)) - ReplicationServer is started using port 43849
2021-08-23 23:19:38,214 [EndpointStateMachine task thread for /0.0.0.0:46229 - 0 ] INFO  ratis.XceiverServerRatis (XceiverServerRatis.java:start(482)) - Starting XceiverServerRatis cb3402e3-c902-40a3-9f81-e5c4ad664dcb
2021-08-23 23:19:38,215 [EndpointStateMachine task thread for /0.0.0.0:46229 - 0 ] INFO  server.RaftServer (RaftServerProxy.java:lambda$start$5(374)) - cb3402e3-c902-40a3-9f81-e5c4ad664dcb: start RPC server
2021-08-23 23:19:38,216 [EndpointStateMachine task thread for /0.0.0.0:46229 - 0 ] INFO  server.GrpcService (GrpcService.java:startImpl(253)) - cb3402e3-c902-40a3-9f81-e5c4ad664dcb: GrpcService started, listening on 42775
2021-08-23 23:19:38,217 [EndpointStateMachine task thread for /0.0.0.0:46229 - 0 ] INFO  ratis.XceiverServerRatis (XceiverServerRatis.java:getRealPort(503)) - XceiverServerRatis cb3402e3-c902-40a3-9f81-e5c4ad664dcb is started using port 42775 for RATIS
2021-08-23 23:19:38,217 [org.apache.ratis.util.JvmPauseMonitor$$Lambda$531/1878099363@13c57aae] INFO  util.JvmPauseMonitor (JvmPauseMonitor.java:run(103)) - JvmPauseMonitor-cb3402e3-c902-40a3-9f81-e5c4ad664dcb: Started
2021-08-23 23:19:38,217 [EndpointStateMachine task thread for /0.0.0.0:46229 - 0 ] INFO  ratis.XceiverServerRatis (XceiverServerRatis.java:getRealPort(503)) - XceiverServerRatis cb3402e3-c902-40a3-9f81-e5c4ad664dcb is started using port 42775 for RATIS_ADMIN
2021-08-23 23:19:38,217 [EndpointStateMachine task thread for /0.0.0.0:46229 - 0 ] INFO  ratis.XceiverServerRatis (XceiverServerRatis.java:getRealPort(503)) - XceiverServerRatis cb3402e3-c902-40a3-9f81-e5c4ad664dcb is started using port 42775 for RATIS_SERVER
2021-08-23 23:19:38,219 [EndpointStateMachine task thread for /0.0.0.0:46229 - 0 ] INFO  server.XceiverServerGrpc (XceiverServerGrpc.java:start(135)) - XceiverServerGrpc cb3402e3-c902-40a3-9f81-e5c4ad664dcb is started using port 45817
2021-08-23 23:19:38,401 [EndpointStateMachine task thread for /0.0.0.0:46229 - 0 ] INFO  ozoneimpl.OzoneContainer (OzoneContainer.java:start(305)) - Attempting to start container services.
2021-08-23 23:19:38,401 [EndpointStateMachine task thread for /0.0.0.0:46229 - 0 ] INFO  ozoneimpl.OzoneContainer (OzoneContainer.java:startContainerScrub(250)) - Background container scanner has been disabled.
2021-08-23 23:19:38,402 [EndpointStateMachine task thread for /0.0.0.0:46229 - 0 ] INFO  replication.ReplicationServer (ReplicationServer.java:start(107)) - ReplicationServer is started using port 42047
2021-08-23 23:19:38,403 [EndpointStateMachine task thread for /0.0.0.0:46229 - 0 ] INFO  ratis.XceiverServerRatis (XceiverServerRatis.java:start(482)) - Starting XceiverServerRatis 7fc41cb1-4817-42a7-9d7d-8c23a540b464
2021-08-23 23:19:38,407 [EndpointStateMachine task thread for /0.0.0.0:46229 - 0 ] INFO  server.RaftServer (RaftServerProxy.java:lambda$start$5(374)) - 7fc41cb1-4817-42a7-9d7d-8c23a540b464: start RPC server
2021-08-23 23:19:38,408 [EndpointStateMachine task thread for /0.0.0.0:46229 - 0 ] INFO  server.GrpcService (GrpcService.java:startImpl(253)) - 7fc41cb1-4817-42a7-9d7d-8c23a540b464: GrpcService started, listening on 44581
2021-08-23 23:19:38,408 [EndpointStateMachine task thread for /0.0.0.0:46229 - 0 ] INFO  ratis.XceiverServerRatis (XceiverServerRatis.java:getRealPort(503)) - XceiverServerRatis 7fc41cb1-4817-42a7-9d7d-8c23a540b464 is started using port 44581 for RATIS
2021-08-23 23:19:38,408 [org.apache.ratis.util.JvmPauseMonitor$$Lambda$531/1878099363@47008aa9] INFO  util.JvmPauseMonitor (JvmPauseMonitor.java:run(103)) - JvmPauseMonitor-7fc41cb1-4817-42a7-9d7d-8c23a540b464: Started
2021-08-23 23:19:38,408 [EndpointStateMachine task thread for /0.0.0.0:46229 - 0 ] INFO  ratis.XceiverServerRatis (XceiverServerRatis.java:getRealPort(503)) - XceiverServerRatis 7fc41cb1-4817-42a7-9d7d-8c23a540b464 is started using port 44581 for RATIS_ADMIN
2021-08-23 23:19:38,408 [EndpointStateMachine task thread for /0.0.0.0:46229 - 0 ] INFO  ratis.XceiverServerRatis (XceiverServerRatis.java:getRealPort(503)) - XceiverServerRatis 7fc41cb1-4817-42a7-9d7d-8c23a540b464 is started using port 44581 for RATIS_SERVER
2021-08-23 23:19:38,411 [EndpointStateMachine task thread for /0.0.0.0:46229 - 0 ] INFO  server.XceiverServerGrpc (XceiverServerGrpc.java:start(135)) - XceiverServerGrpc 7fc41cb1-4817-42a7-9d7d-8c23a540b464 is started using port 44473
2021-08-23 23:19:38,572 [EndpointStateMachine task thread for /0.0.0.0:46229 - 0 ] INFO  ozoneimpl.OzoneContainer (OzoneContainer.java:start(305)) - Attempting to start container services.
2021-08-23 23:19:38,573 [EndpointStateMachine task thread for /0.0.0.0:46229 - 0 ] INFO  ozoneimpl.OzoneContainer (OzoneContainer.java:startContainerScrub(250)) - Background container scanner has been disabled.
2021-08-23 23:19:38,576 [EndpointStateMachine task thread for /0.0.0.0:46229 - 0 ] INFO  replication.ReplicationServer (ReplicationServer.java:start(107)) - ReplicationServer is started using port 37937
2021-08-23 23:19:38,577 [EndpointStateMachine task thread for /0.0.0.0:46229 - 0 ] INFO  ratis.XceiverServerRatis (XceiverServerRatis.java:start(482)) - Starting XceiverServerRatis e0c56fbf-58af-4909-99ad-16a71beee03d
2021-08-23 23:19:38,578 [EndpointStateMachine task thread for /0.0.0.0:46229 - 0 ] INFO  server.RaftServer (RaftServerProxy.java:lambda$start$5(374)) - e0c56fbf-58af-4909-99ad-16a71beee03d: start RPC server
2021-08-23 23:19:38,580 [EndpointStateMachine task thread for /0.0.0.0:46229 - 0 ] INFO  server.GrpcService (GrpcService.java:startImpl(253)) - e0c56fbf-58af-4909-99ad-16a71beee03d: GrpcService started, listening on 46767
2021-08-23 23:19:38,581 [EndpointStateMachine task thread for /0.0.0.0:46229 - 0 ] INFO  ratis.XceiverServerRatis (XceiverServerRatis.java:getRealPort(503)) - XceiverServerRatis e0c56fbf-58af-4909-99ad-16a71beee03d is started using port 46767 for RATIS
2021-08-23 23:19:38,581 [org.apache.ratis.util.JvmPauseMonitor$$Lambda$531/1878099363@34cd7ddc] INFO  util.JvmPauseMonitor (JvmPauseMonitor.java:run(103)) - JvmPauseMonitor-e0c56fbf-58af-4909-99ad-16a71beee03d: Started
2021-08-23 23:19:38,581 [EndpointStateMachine task thread for /0.0.0.0:46229 - 0 ] INFO  ratis.XceiverServerRatis (XceiverServerRatis.java:getRealPort(503)) - XceiverServerRatis e0c56fbf-58af-4909-99ad-16a71beee03d is started using port 46767 for RATIS_ADMIN
2021-08-23 23:19:38,581 [EndpointStateMachine task thread for /0.0.0.0:46229 - 0 ] INFO  ratis.XceiverServerRatis (XceiverServerRatis.java:getRealPort(503)) - XceiverServerRatis e0c56fbf-58af-4909-99ad-16a71beee03d is started using port 46767 for RATIS_SERVER
2021-08-23 23:19:38,582 [EndpointStateMachine task thread for /0.0.0.0:46229 - 0 ] INFO  server.XceiverServerGrpc (XceiverServerGrpc.java:start(135)) - XceiverServerGrpc e0c56fbf-58af-4909-99ad-16a71beee03d is started using port 36485
2021-08-23 23:19:38,749 [EndpointStateMachine task thread for /0.0.0.0:46229 - 0 ] INFO  ozoneimpl.OzoneContainer (OzoneContainer.java:start(305)) - Attempting to start container services.
2021-08-23 23:19:38,749 [EndpointStateMachine task thread for /0.0.0.0:46229 - 0 ] INFO  ozoneimpl.OzoneContainer (OzoneContainer.java:startContainerScrub(250)) - Background container scanner has been disabled.
2021-08-23 23:19:38,750 [EndpointStateMachine task thread for /0.0.0.0:46229 - 0 ] INFO  replication.ReplicationServer (ReplicationServer.java:start(107)) - ReplicationServer is started using port 41163
2021-08-23 23:19:38,751 [EndpointStateMachine task thread for /0.0.0.0:46229 - 0 ] INFO  ratis.XceiverServerRatis (XceiverServerRatis.java:start(482)) - Starting XceiverServerRatis 094f6f25-50f7-4e1e-949d-13da2b12d5a4
2021-08-23 23:19:38,751 [EndpointStateMachine task thread for /0.0.0.0:46229 - 0 ] INFO  server.RaftServer (RaftServerProxy.java:lambda$start$5(374)) - 094f6f25-50f7-4e1e-949d-13da2b12d5a4: start RPC server
2021-08-23 23:19:38,754 [EndpointStateMachine task thread for /0.0.0.0:46229 - 0 ] INFO  server.GrpcService (GrpcService.java:startImpl(253)) - 094f6f25-50f7-4e1e-949d-13da2b12d5a4: GrpcService started, listening on 44115
2021-08-23 23:19:38,754 [EndpointStateMachine task thread for /0.0.0.0:46229 - 0 ] INFO  ratis.XceiverServerRatis (XceiverServerRatis.java:getRealPort(503)) - XceiverServerRatis 094f6f25-50f7-4e1e-949d-13da2b12d5a4 is started using port 44115 for RATIS
2021-08-23 23:19:38,754 [org.apache.ratis.util.JvmPauseMonitor$$Lambda$531/1878099363@471b29aa] INFO  util.JvmPauseMonitor (JvmPauseMonitor.java:run(103)) - JvmPauseMonitor-094f6f25-50f7-4e1e-949d-13da2b12d5a4: Started
2021-08-23 23:19:38,754 [EndpointStateMachine task thread for /0.0.0.0:46229 - 0 ] INFO  ratis.XceiverServerRatis (XceiverServerRatis.java:getRealPort(503)) - XceiverServerRatis 094f6f25-50f7-4e1e-949d-13da2b12d5a4 is started using port 44115 for RATIS_ADMIN
2021-08-23 23:19:38,755 [EndpointStateMachine task thread for /0.0.0.0:46229 - 0 ] INFO  ratis.XceiverServerRatis (XceiverServerRatis.java:getRealPort(503)) - XceiverServerRatis 094f6f25-50f7-4e1e-949d-13da2b12d5a4 is started using port 44115 for RATIS_SERVER
2021-08-23 23:19:38,755 [EndpointStateMachine task thread for /0.0.0.0:46229 - 0 ] INFO  server.XceiverServerGrpc (XceiverServerGrpc.java:start(135)) - XceiverServerGrpc 094f6f25-50f7-4e1e-949d-13da2b12d5a4 is started using port 37713
2021-08-23 23:19:38,888 [Listener at 127.0.0.1/36523] INFO  ozone.MiniOzoneClusterImpl (MiniOzoneClusterImpl.java:lambda$waitForClusterToBeReady$0(235)) - Waiting for nodes to be ready. Got 0 of 9 DN Heartbeats.
2021-08-23 23:19:38,888 [Listener at 127.0.0.1/36523] INFO  ozone.MiniOzoneClusterImpl (MiniOzoneClusterImpl.java:lambda$waitForClusterToBeReady$0(238)) - Waiting for cluster to exit safe mode
2021-08-23 23:19:38,888 [Listener at 127.0.0.1/36523] INFO  ozone.MiniOzoneClusterImpl (MiniOzoneClusterImpl.java:lambda$waitForClusterToBeReady$0(240)) - SCM became leader
2021-08-23 23:19:38,896 [EndpointStateMachine task thread for /0.0.0.0:46229 - 0 ] INFO  ozoneimpl.OzoneContainer (OzoneContainer.java:start(305)) - Attempting to start container services.
2021-08-23 23:19:38,896 [EndpointStateMachine task thread for /0.0.0.0:46229 - 0 ] INFO  ozoneimpl.OzoneContainer (OzoneContainer.java:startContainerScrub(250)) - Background container scanner has been disabled.
2021-08-23 23:19:38,899 [EndpointStateMachine task thread for /0.0.0.0:46229 - 0 ] INFO  replication.ReplicationServer (ReplicationServer.java:start(107)) - ReplicationServer is started using port 41197
2021-08-23 23:19:38,900 [EndpointStateMachine task thread for /0.0.0.0:46229 - 0 ] INFO  ratis.XceiverServerRatis (XceiverServerRatis.java:start(482)) - Starting XceiverServerRatis 0dd4e32c-0382-462c-9ace-22051620c5de
2021-08-23 23:19:38,901 [EndpointStateMachine task thread for /0.0.0.0:46229 - 0 ] INFO  server.RaftServer (RaftServerProxy.java:lambda$start$5(374)) - 0dd4e32c-0382-462c-9ace-22051620c5de: start RPC server
2021-08-23 23:19:38,902 [EndpointStateMachine task thread for /0.0.0.0:46229 - 0 ] INFO  server.GrpcService (GrpcService.java:startImpl(253)) - 0dd4e32c-0382-462c-9ace-22051620c5de: GrpcService started, listening on 38797
2021-08-23 23:19:38,903 [EndpointStateMachine task thread for /0.0.0.0:46229 - 0 ] INFO  ratis.XceiverServerRatis (XceiverServerRatis.java:getRealPort(503)) - XceiverServerRatis 0dd4e32c-0382-462c-9ace-22051620c5de is started using port 38797 for RATIS
2021-08-23 23:19:38,903 [EndpointStateMachine task thread for /0.0.0.0:46229 - 0 ] INFO  ratis.XceiverServerRatis (XceiverServerRatis.java:getRealPort(503)) - XceiverServerRatis 0dd4e32c-0382-462c-9ace-22051620c5de is started using port 38797 for RATIS_ADMIN
2021-08-23 23:19:38,903 [EndpointStateMachine task thread for /0.0.0.0:46229 - 0 ] INFO  ratis.XceiverServerRatis (XceiverServerRatis.java:getRealPort(503)) - XceiverServerRatis 0dd4e32c-0382-462c-9ace-22051620c5de is started using port 38797 for RATIS_SERVER
2021-08-23 23:19:38,905 [org.apache.ratis.util.JvmPauseMonitor$$Lambda$531/1878099363@16ab5cf1] INFO  util.JvmPauseMonitor (JvmPauseMonitor.java:run(103)) - JvmPauseMonitor-0dd4e32c-0382-462c-9ace-22051620c5de: Started
2021-08-23 23:19:38,906 [EndpointStateMachine task thread for /0.0.0.0:46229 - 0 ] INFO  server.XceiverServerGrpc (XceiverServerGrpc.java:start(135)) - XceiverServerGrpc 0dd4e32c-0382-462c-9ace-22051620c5de is started using port 32959
2021-08-23 23:19:39,102 [IPC Server handler 14 on default port 46229] INFO  net.NetworkTopologyImpl (NetworkTopologyImpl.java:add(112)) - Added a new node: /default-rack/bf8c8c9e-9c71-482e-9792-8d809f4c5fef
2021-08-23 23:19:39,103 [IPC Server handler 14 on default port 46229] INFO  node.SCMNodeManager (SCMNodeManager.java:register(390)) - Registered Data node : bf8c8c9e-9c71-482e-9792-8d809f4c5fef{ip: 10.1.0.66, host: fv-az116-235.vzw04321ajxubdbcnpick5nqva.xx.internal.cloudapp.net, ports: [REPLICATION=35449, RATIS=33119, RATIS_ADMIN=33119, RATIS_SERVER=33119, STANDALONE=37397], networkLocation: /default-rack, certSerialId: null, persistedOpState: null, persistedOpStateExpiryEpochSec: 0}
2021-08-23 23:19:39,107 [EventQueue-NewNodeForNewNodeHandler] INFO  pipeline.BackgroundPipelineCreator (BackgroundPipelineCreatorV2.java:notifyEventTriggered(285)) - trigger a one-shot run on RatisPipelineUtilsThread.
2021-08-23 23:19:39,108 [EventQueue-NodeRegistrationContainerReportForDataNodeSafeModeRule] INFO  safemode.SCMSafeModeManager (DataNodeSafeModeRule.java:process(71)) - SCM in safe mode. 1 DataNodes registered, 3 required.
2021-08-23 23:19:39,114 [EventQueue-NodeRegistrationContainerReportForContainerSafeModeRule] INFO  safemode.SCMSafeModeManager (SCMSafeModeManager.java:validateSafeModeExitRules(204)) - ContainerSafeModeRule rule is successfully validated
2021-08-23 23:19:39,115 [RatisPipelineUtilsThread - 0] INFO  pipeline.RatisPipelineProvider (RatisPipelineProvider.java:lambda$create$0(183)) - Sending CreatePipelineCommand for pipeline:PipelineID=fa2e9dba-e515-47ed-9806-e25a058edb63 to datanode:bf8c8c9e-9c71-482e-9792-8d809f4c5fef
2021-08-23 23:19:39,117 [EventQueue-PipelineReportForOneReplicaPipelineSafeModeRule] INFO  safemode.SCMSafeModeManager (SCMSafeModeManager.java:validateSafeModeExitRules(204)) - AtleastOneDatanodeReportedRule rule is successfully validated
2021-08-23 23:19:39,126 [RatisPipelineUtilsThread - 0] INFO  pipeline.PipelineStateManager (PipelineStateManagerV2Impl.java:addPipeline(101)) - Created pipeline Pipeline[ Id: fa2e9dba-e515-47ed-9806-e25a058edb63, Nodes: bf8c8c9e-9c71-482e-9792-8d809f4c5fef{ip: 10.1.0.66, host: fv-az116-235.vzw04321ajxubdbcnpick5nqva.xx.internal.cloudapp.net, ports: [REPLICATION=35449, RATIS=33119, RATIS_ADMIN=33119, RATIS_SERVER=33119, STANDALONE=37397], networkLocation: /default-rack, certSerialId: null, persistedOpState: IN_SERVICE, persistedOpStateExpiryEpochSec: 0}, ReplicationConfig: RATIS/ONE, State:ALLOCATED, leaderId:, CreationTimestamp2021-08-23T23:19:39.112Z[Etc/UTC]].
2021-08-23 23:19:39,343 [IPC Server handler 13 on default port 46229] INFO  net.NetworkTopologyImpl (NetworkTopologyImpl.java:add(112)) - Added a new node: /default-rack/d8835383-dea3-45d4-b6e3-f656da7478fb
2021-08-23 23:19:39,343 [IPC Server handler 13 on default port 46229] INFO  node.SCMNodeManager (SCMNodeManager.java:register(390)) - Registered Data node : d8835383-dea3-45d4-b6e3-f656da7478fb{ip: 10.1.0.66, host: fv-az116-235.vzw04321ajxubdbcnpick5nqva.xx.internal.cloudapp.net, ports: [REPLICATION=38707, RATIS=44819, RATIS_ADMIN=44819, RATIS_SERVER=44819, STANDALONE=45585], networkLocation: /default-rack, certSerialId: null, persistedOpState: null, persistedOpStateExpiryEpochSec: 0}
2021-08-23 23:19:39,343 [EventQueue-NewNodeForNewNodeHandler] INFO  pipeline.BackgroundPipelineCreator (BackgroundPipelineCreatorV2.java:notifyEventTriggered(285)) - trigger a one-shot run on RatisPipelineUtilsThread.
2021-08-23 23:19:39,346 [EventQueue-NodeRegistrationContainerReportForDataNodeSafeModeRule] INFO  safemode.SCMSafeModeManager (DataNodeSafeModeRule.java:process(71)) - SCM in safe mode. 2 DataNodes registered, 3 required.
2021-08-23 23:19:39,347 [RatisPipelineUtilsThread - 0] INFO  pipeline.RatisPipelineProvider (RatisPipelineProvider.java:lambda$create$0(183)) - Sending CreatePipelineCommand for pipeline:PipelineID=7f0666bb-114b-4096-b71b-401b9ce123e2 to datanode:d8835383-dea3-45d4-b6e3-f656da7478fb
2021-08-23 23:19:39,348 [RatisPipelineUtilsThread - 0] INFO  pipeline.PipelineStateManager (PipelineStateManagerV2Impl.java:addPipeline(101)) - Created pipeline Pipeline[ Id: 7f0666bb-114b-4096-b71b-401b9ce123e2, Nodes: d8835383-dea3-45d4-b6e3-f656da7478fb{ip: 10.1.0.66, host: fv-az116-235.vzw04321ajxubdbcnpick5nqva.xx.internal.cloudapp.net, ports: [REPLICATION=38707, RATIS=44819, RATIS_ADMIN=44819, RATIS_SERVER=44819, STANDALONE=45585], networkLocation: /default-rack, certSerialId: null, persistedOpState: IN_SERVICE, persistedOpStateExpiryEpochSec: 0}, ReplicationConfig: RATIS/ONE, State:ALLOCATED, leaderId:, CreationTimestamp2021-08-23T23:19:39.347Z[Etc/UTC]].
2021-08-23 23:19:39,839 [IPC Server handler 15 on default port 46229] INFO  net.NetworkTopologyImpl (NetworkTopologyImpl.java:add(112)) - Added a new node: /default-rack/e06506bb-c7c9-4174-8cff-a1658cd313af
2021-08-23 23:19:39,840 [IPC Server handler 15 on default port 46229] INFO  node.SCMNodeManager (SCMNodeManager.java:register(390)) - Registered Data node : e06506bb-c7c9-4174-8cff-a1658cd313af{ip: 10.1.0.66, host: fv-az116-235.vzw04321ajxubdbcnpick5nqva.xx.internal.cloudapp.net, ports: [REPLICATION=36805, RATIS=35525, RATIS_ADMIN=35525, RATIS_SERVER=35525, STANDALONE=32849], networkLocation: /default-rack, certSerialId: null, persistedOpState: null, persistedOpStateExpiryEpochSec: 0}
2021-08-23 23:19:39,840 [EventQueue-NewNodeForNewNodeHandler] INFO  pipeline.BackgroundPipelineCreator (BackgroundPipelineCreatorV2.java:notifyEventTriggered(285)) - trigger a one-shot run on RatisPipelineUtilsThread.
2021-08-23 23:19:39,841 [EventQueue-NodeRegistrationContainerReportForDataNodeSafeModeRule] INFO  safemode.SCMSafeModeManager (DataNodeSafeModeRule.java:process(71)) - SCM in safe mode. 3 DataNodes registered, 3 required.
2021-08-23 23:19:39,841 [EventQueue-NodeRegistrationContainerReportForDataNodeSafeModeRule] INFO  safemode.SCMSafeModeManager (SCMSafeModeManager.java:validateSafeModeExitRules(204)) - DataNodeSafeModeRule rule is successfully validated
2021-08-23 23:19:39,841 [EventQueue-NodeRegistrationContainerReportForDataNodeSafeModeRule] INFO  safemode.SCMSafeModeManager (SCMSafeModeManager.java:completePreCheck(233)) - All SCM safe mode pre check rules have passed
2021-08-23 23:19:39,841 [EventQueue-NodeRegistrationContainerReportForDataNodeSafeModeRule] WARN  events.EventQueue (EventQueue.java:fireEvent(194)) - No event handler registered for event TypedEvent{payloadType=SafeModeStatus, name='Safe mode status'}
2021-08-23 23:19:39,841 [EventQueue-NodeRegistrationContainerReportForDataNodeSafeModeRule] INFO  ha.SCMContext (SCMContext.java:updateSafeModeStatus(205)) - Update SafeModeStatus from SafeModeStatus{safeModeStatus=true, preCheckPassed=false} to SafeModeStatus{safeModeStatus=true, preCheckPassed=true}.
2021-08-23 23:19:39,841 [EventQueue-NodeRegistrationContainerReportForDataNodeSafeModeRule] INFO  pipeline.BackgroundPipelineCreator (BackgroundPipelineCreatorV2.java:notifyEventTriggered(285)) - trigger a one-shot run on RatisPipelineUtilsThread.
2021-08-23 23:19:39,842 [RatisPipelineUtilsThread - 0] INFO  pipeline.RatisPipelineProvider (RatisPipelineProvider.java:lambda$create$0(183)) - Sending CreatePipelineCommand for pipeline:PipelineID=2967b3e5-5ca8-462d-a44c-38af53de6b9a to datanode:e06506bb-c7c9-4174-8cff-a1658cd313af
2021-08-23 23:19:39,842 [RatisPipelineUtilsThread - 0] INFO  pipeline.PipelineStateManager (PipelineStateManagerV2Impl.java:addPipeline(101)) - Created pipeline Pipeline[ Id: 2967b3e5-5ca8-462d-a44c-38af53de6b9a, Nodes: e06506bb-c7c9-4174-8cff-a1658cd313af{ip: 10.1.0.66, host: fv-az116-235.vzw04321ajxubdbcnpick5nqva.xx.internal.cloudapp.net, ports: [REPLICATION=36805, RATIS=35525, RATIS_ADMIN=35525, RATIS_SERVER=35525, STANDALONE=32849], networkLocation: /default-rack, certSerialId: null, persistedOpState: IN_SERVICE, persistedOpStateExpiryEpochSec: 0}, ReplicationConfig: RATIS/ONE, State:ALLOCATED, leaderId:, CreationTimestamp2021-08-23T23:19:39.842Z[Etc/UTC]].
2021-08-23 23:19:39,845 [RatisPipelineUtilsThread - 0] INFO  pipeline.RatisPipelineProvider (RatisPipelineProvider.java:lambda$create$0(183)) - Sending CreatePipelineCommand for pipeline:PipelineID=cca89311-bd88-471a-8fe5-95f9150ac8b5 to datanode:d8835383-dea3-45d4-b6e3-f656da7478fb
2021-08-23 23:19:39,845 [RatisPipelineUtilsThread - 0] INFO  pipeline.RatisPipelineProvider (RatisPipelineProvider.java:lambda$create$0(183)) - Sending CreatePipelineCommand for pipeline:PipelineID=cca89311-bd88-471a-8fe5-95f9150ac8b5 to datanode:e06506bb-c7c9-4174-8cff-a1658cd313af
2021-08-23 23:19:39,845 [RatisPipelineUtilsThread - 0] INFO  pipeline.RatisPipelineProvider (RatisPipelineProvider.java:lambda$create$0(183)) - Sending CreatePipelineCommand for pipeline:PipelineID=cca89311-bd88-471a-8fe5-95f9150ac8b5 to datanode:bf8c8c9e-9c71-482e-9792-8d809f4c5fef
2021-08-23 23:19:39,846 [RatisPipelineUtilsThread - 0] INFO  pipeline.PipelineStateManager (PipelineStateManagerV2Impl.java:addPipeline(101)) - Created pipeline Pipeline[ Id: cca89311-bd88-471a-8fe5-95f9150ac8b5, Nodes: d8835383-dea3-45d4-b6e3-f656da7478fb{ip: 10.1.0.66, host: fv-az116-235.vzw04321ajxubdbcnpick5nqva.xx.internal.cloudapp.net, ports: [REPLICATION=38707, RATIS=44819, RATIS_ADMIN=44819, RATIS_SERVER=44819, STANDALONE=45585], networkLocation: /default-rack, certSerialId: null, persistedOpState: IN_SERVICE, persistedOpStateExpiryEpochSec: 0}e06506bb-c7c9-4174-8cff-a1658cd313af{ip: 10.1.0.66, host: fv-az116-235.vzw04321ajxubdbcnpick5nqva.xx.internal.cloudapp.net, ports: [REPLICATION=36805, RATIS=35525, RATIS_ADMIN=35525, RATIS_SERVER=35525, STANDALONE=32849], networkLocation: /default-rack, certSerialId: null, persistedOpState: IN_SERVICE, persistedOpStateExpiryEpochSec: 0}bf8c8c9e-9c71-482e-9792-8d809f4c5fef{ip: 10.1.0.66, host: fv-az116-235.vzw04321ajxubdbcnpick5nqva.xx.internal.cloudapp.net, ports: [REPLICATION=35449, RATIS=33119, RATIS_ADMIN=33119, RATIS_SERVER=33119, STANDALONE=37397], networkLocation: /default-rack, certSerialId: null, persistedOpState: IN_SERVICE, persistedOpStateExpiryEpochSec: 0}, ReplicationConfig: RATIS/THREE, State:ALLOCATED, leaderId:, CreationTimestamp2021-08-23T23:19:39.845Z[Etc/UTC]].
2021-08-23 23:19:39,888 [Listener at 127.0.0.1/36523] INFO  ozone.MiniOzoneClusterImpl (MiniOzoneClusterImpl.java:lambda$waitForClusterToBeReady$0(235)) - Waiting for nodes to be ready. Got 3 of 9 DN Heartbeats.
2021-08-23 23:19:39,889 [Listener at 127.0.0.1/36523] INFO  ozone.MiniOzoneClusterImpl (MiniOzoneClusterImpl.java:lambda$waitForClusterToBeReady$0(238)) - Waiting for cluster to exit safe mode
2021-08-23 23:19:39,889 [Listener at 127.0.0.1/36523] INFO  ozone.MiniOzoneClusterImpl (MiniOzoneClusterImpl.java:lambda$waitForClusterToBeReady$0(240)) - SCM became leader
2021-08-23 23:19:39,986 [IPC Server handler 14 on default port 46229] INFO  net.NetworkTopologyImpl (NetworkTopologyImpl.java:add(112)) - Added a new node: /default-rack/3238dd0b-ba1a-45d4-9446-116bc825e875
2021-08-23 23:19:39,987 [IPC Server handler 14 on default port 46229] INFO  node.SCMNodeManager (SCMNodeManager.java:register(390)) - Registered Data node : 3238dd0b-ba1a-45d4-9446-116bc825e875{ip: 10.1.0.66, host: fv-az116-235.vzw04321ajxubdbcnpick5nqva.xx.internal.cloudapp.net, ports: [REPLICATION=36049, RATIS=42759, RATIS_ADMIN=42759, RATIS_SERVER=42759, STANDALONE=41295], networkLocation: /default-rack, certSerialId: null, persistedOpState: null, persistedOpStateExpiryEpochSec: 0}
2021-08-23 23:19:39,987 [EventQueue-NewNodeForNewNodeHandler] INFO  pipeline.BackgroundPipelineCreator (BackgroundPipelineCreatorV2.java:notifyEventTriggered(285)) - trigger a one-shot run on RatisPipelineUtilsThread.
2021-08-23 23:19:39,987 [RatisPipelineUtilsThread - 0] INFO  pipeline.RatisPipelineProvider (RatisPipelineProvider.java:lambda$create$0(183)) - Sending CreatePipelineCommand for pipeline:PipelineID=70b016ad-9b8b-4c06-83dc-f556ef88cae5 to datanode:3238dd0b-ba1a-45d4-9446-116bc825e875
2021-08-23 23:19:39,988 [RatisPipelineUtilsThread - 0] INFO  pipeline.PipelineStateManager (PipelineStateManagerV2Impl.java:addPipeline(101)) - Created pipeline Pipeline[ Id: 70b016ad-9b8b-4c06-83dc-f556ef88cae5, Nodes: 3238dd0b-ba1a-45d4-9446-116bc825e875{ip: 10.1.0.66, host: fv-az116-235.vzw04321ajxubdbcnpick5nqva.xx.internal.cloudapp.net, ports: [REPLICATION=36049, RATIS=42759, RATIS_ADMIN=42759, RATIS_SERVER=42759, STANDALONE=41295], networkLocation: /default-rack, certSerialId: null, persistedOpState: IN_SERVICE, persistedOpStateExpiryEpochSec: 0}, ReplicationConfig: RATIS/ONE, State:ALLOCATED, leaderId:, CreationTimestamp2021-08-23T23:19:39.987Z[Etc/UTC]].
2021-08-23 23:19:40,211 [IPC Server handler 13 on default port 46229] INFO  net.NetworkTopologyImpl (NetworkTopologyImpl.java:add(112)) - Added a new node: /default-rack/cb3402e3-c902-40a3-9f81-e5c4ad664dcb
2021-08-23 23:19:40,211 [IPC Server handler 13 on default port 46229] INFO  node.SCMNodeManager (SCMNodeManager.java:register(390)) - Registered Data node : cb3402e3-c902-40a3-9f81-e5c4ad664dcb{ip: 10.1.0.66, host: fv-az116-235.vzw04321ajxubdbcnpick5nqva.xx.internal.cloudapp.net, ports: [REPLICATION=43849, RATIS=42775, RATIS_ADMIN=42775, RATIS_SERVER=42775, STANDALONE=45817], networkLocation: /default-rack, certSerialId: null, persistedOpState: null, persistedOpStateExpiryEpochSec: 0}
2021-08-23 23:19:40,211 [EventQueue-NewNodeForNewNodeHandler] INFO  pipeline.BackgroundPipelineCreator (BackgroundPipelineCreatorV2.java:notifyEventTriggered(285)) - trigger a one-shot run on RatisPipelineUtilsThread.
2021-08-23 23:19:40,213 [RatisPipelineUtilsThread - 0] INFO  pipeline.RatisPipelineProvider (RatisPipelineProvider.java:lambda$create$0(183)) - Sending CreatePipelineCommand for pipeline:PipelineID=bcd20deb-9d6c-4c16-8557-c247cde96a5c to datanode:cb3402e3-c902-40a3-9f81-e5c4ad664dcb
2021-08-23 23:19:40,213 [RatisPipelineUtilsThread - 0] INFO  pipeline.PipelineStateManager (PipelineStateManagerV2Impl.java:addPipeline(101)) - Created pipeline Pipeline[ Id: bcd20deb-9d6c-4c16-8557-c247cde96a5c, Nodes: cb3402e3-c902-40a3-9f81-e5c4ad664dcb{ip: 10.1.0.66, host: fv-az116-235.vzw04321ajxubdbcnpick5nqva.xx.internal.cloudapp.net, ports: [REPLICATION=43849, RATIS=42775, RATIS_ADMIN=42775, RATIS_SERVER=42775, STANDALONE=45817], networkLocation: /default-rack, certSerialId: null, persistedOpState: IN_SERVICE, persistedOpStateExpiryEpochSec: 0}, ReplicationConfig: RATIS/ONE, State:ALLOCATED, leaderId:, CreationTimestamp2021-08-23T23:19:40.213Z[Etc/UTC]].
2021-08-23 23:19:40,399 [IPC Server handler 19 on default port 46229] INFO  net.NetworkTopologyImpl (NetworkTopologyImpl.java:add(112)) - Added a new node: /default-rack/7fc41cb1-4817-42a7-9d7d-8c23a540b464
2021-08-23 23:19:40,400 [IPC Server handler 19 on default port 46229] INFO  node.SCMNodeManager (SCMNodeManager.java:register(390)) - Registered Data node : 7fc41cb1-4817-42a7-9d7d-8c23a540b464{ip: 10.1.0.66, host: fv-az116-235.vzw04321ajxubdbcnpick5nqva.xx.internal.cloudapp.net, ports: [REPLICATION=42047, RATIS=44581, RATIS_ADMIN=44581, RATIS_SERVER=44581, STANDALONE=44473], networkLocation: /default-rack, certSerialId: null, persistedOpState: null, persistedOpStateExpiryEpochSec: 0}
2021-08-23 23:19:40,400 [EventQueue-NewNodeForNewNodeHandler] INFO  pipeline.BackgroundPipelineCreator (BackgroundPipelineCreatorV2.java:notifyEventTriggered(285)) - trigger a one-shot run on RatisPipelineUtilsThread.
2021-08-23 23:19:40,401 [RatisPipelineUtilsThread - 0] INFO  pipeline.RatisPipelineProvider (RatisPipelineProvider.java:lambda$create$0(183)) - Sending CreatePipelineCommand for pipeline:PipelineID=6b593820-bbbd-48cf-8355-8db7c7bc1b9a to datanode:7fc41cb1-4817-42a7-9d7d-8c23a540b464
2021-08-23 23:19:40,402 [RatisPipelineUtilsThread - 0] INFO  pipeline.PipelineStateManager (PipelineStateManagerV2Impl.java:addPipeline(101)) - Created pipeline Pipeline[ Id: 6b593820-bbbd-48cf-8355-8db7c7bc1b9a, Nodes: 7fc41cb1-4817-42a7-9d7d-8c23a540b464{ip: 10.1.0.66, host: fv-az116-235.vzw04321ajxubdbcnpick5nqva.xx.internal.cloudapp.net, ports: [REPLICATION=42047, RATIS=44581, RATIS_ADMIN=44581, RATIS_SERVER=44581, STANDALONE=44473], networkLocation: /default-rack, certSerialId: null, persistedOpState: IN_SERVICE, persistedOpStateExpiryEpochSec: 0}, ReplicationConfig: RATIS/ONE, State:ALLOCATED, leaderId:, CreationTimestamp2021-08-23T23:19:40.401Z[Etc/UTC]].
2021-08-23 23:19:40,403 [RatisPipelineUtilsThread - 0] INFO  pipeline.RatisPipelineProvider (RatisPipelineProvider.java:lambda$create$0(183)) - Sending CreatePipelineCommand for pipeline:PipelineID=e136d1d0-d591-4cb2-84c9-cf7d474dfdfa to datanode:7fc41cb1-4817-42a7-9d7d-8c23a540b464
2021-08-23 23:19:40,403 [RatisPipelineUtilsThread - 0] INFO  pipeline.RatisPipelineProvider (RatisPipelineProvider.java:lambda$create$0(183)) - Sending CreatePipelineCommand for pipeline:PipelineID=e136d1d0-d591-4cb2-84c9-cf7d474dfdfa to datanode:cb3402e3-c902-40a3-9f81-e5c4ad664dcb
2021-08-23 23:19:40,403 [RatisPipelineUtilsThread - 0] INFO  pipeline.RatisPipelineProvider (RatisPipelineProvider.java:lambda$create$0(183)) - Sending CreatePipelineCommand for pipeline:PipelineID=e136d1d0-d591-4cb2-84c9-cf7d474dfdfa to datanode:3238dd0b-ba1a-45d4-9446-116bc825e875
2021-08-23 23:19:40,403 [RatisPipelineUtilsThread - 0] INFO  pipeline.PipelineStateManager (PipelineStateManagerV2Impl.java:addPipeline(101)) - Created pipeline Pipeline[ Id: e136d1d0-d591-4cb2-84c9-cf7d474dfdfa, Nodes: 7fc41cb1-4817-42a7-9d7d-8c23a540b464{ip: 10.1.0.66, host: fv-az116-235.vzw04321ajxubdbcnpick5nqva.xx.internal.cloudapp.net, ports: [REPLICATION=42047, RATIS=44581, RATIS_ADMIN=44581, RATIS_SERVER=44581, STANDALONE=44473], networkLocation: /default-rack, certSerialId: null, persistedOpState: IN_SERVICE, persistedOpStateExpiryEpochSec: 0}cb3402e3-c902-40a3-9f81-e5c4ad664dcb{ip: 10.1.0.66, host: fv-az116-235.vzw04321ajxubdbcnpick5nqva.xx.internal.cloudapp.net, ports: [REPLICATION=43849, RATIS=42775, RATIS_ADMIN=42775, RATIS_SERVER=42775, STANDALONE=45817], networkLocation: /default-rack, certSerialId: null, persistedOpState: IN_SERVICE, persistedOpStateExpiryEpochSec: 0}3238dd0b-ba1a-45d4-9446-116bc825e875{ip: 10.1.0.66, host: fv-az116-235.vzw04321ajxubdbcnpick5nqva.xx.internal.cloudapp.net, ports: [REPLICATION=36049, RATIS=42759, RATIS_ADMIN=42759, RATIS_SERVER=42759, STANDALONE=41295], networkLocation: /default-rack, certSerialId: null, persistedOpState: IN_SERVICE, persistedOpStateExpiryEpochSec: 0}, ReplicationConfig: RATIS/THREE, State:ALLOCATED, leaderId:, CreationTimestamp2021-08-23T23:19:40.403Z[Etc/UTC]].
2021-08-23 23:19:40,570 [IPC Server handler 17 on default port 46229] INFO  net.NetworkTopologyImpl (NetworkTopologyImpl.java:add(112)) - Added a new node: /default-rack/e0c56fbf-58af-4909-99ad-16a71beee03d
2021-08-23 23:19:40,571 [IPC Server handler 17 on default port 46229] INFO  node.SCMNodeManager (SCMNodeManager.java:register(390)) - Registered Data node : e0c56fbf-58af-4909-99ad-16a71beee03d{ip: 10.1.0.66, host: fv-az116-235.vzw04321ajxubdbcnpick5nqva.xx.internal.cloudapp.net, ports: [REPLICATION=37937, RATIS=46767, RATIS_ADMIN=46767, RATIS_SERVER=46767, STANDALONE=36485], networkLocation: /default-rack, certSerialId: null, persistedOpState: null, persistedOpStateExpiryEpochSec: 0}
2021-08-23 23:19:40,571 [EventQueue-NewNodeForNewNodeHandler] INFO  pipeline.BackgroundPipelineCreator (BackgroundPipelineCreatorV2.java:notifyEventTriggered(285)) - trigger a one-shot run on RatisPipelineUtilsThread.
2021-08-23 23:19:40,577 [RatisPipelineUtilsThread - 0] INFO  pipeline.RatisPipelineProvider (RatisPipelineProvider.java:lambda$create$0(183)) - Sending CreatePipelineCommand for pipeline:PipelineID=9e185a9f-897c-4eb6-ab8b-eec6380267fb to datanode:e0c56fbf-58af-4909-99ad-16a71beee03d
2021-08-23 23:19:40,578 [RatisPipelineUtilsThread - 0] INFO  pipeline.PipelineStateManager (PipelineStateManagerV2Impl.java:addPipeline(101)) - Created pipeline Pipeline[ Id: 9e185a9f-897c-4eb6-ab8b-eec6380267fb, Nodes: e0c56fbf-58af-4909-99ad-16a71beee03d{ip: 10.1.0.66, host: fv-az116-235.vzw04321ajxubdbcnpick5nqva.xx.internal.cloudapp.net, ports: [REPLICATION=37937, RATIS=46767, RATIS_ADMIN=46767, RATIS_SERVER=46767, STANDALONE=36485], networkLocation: /default-rack, certSerialId: null, persistedOpState: IN_SERVICE, persistedOpStateExpiryEpochSec: 0}, ReplicationConfig: RATIS/ONE, State:ALLOCATED, leaderId:, CreationTimestamp2021-08-23T23:19:40.577Z[Etc/UTC]].
2021-08-23 23:19:40,748 [IPC Server handler 16 on default port 46229] INFO  net.NetworkTopologyImpl (NetworkTopologyImpl.java:add(112)) - Added a new node: /default-rack/094f6f25-50f7-4e1e-949d-13da2b12d5a4
2021-08-23 23:19:40,748 [IPC Server handler 16 on default port 46229] INFO  node.SCMNodeManager (SCMNodeManager.java:register(390)) - Registered Data node : 094f6f25-50f7-4e1e-949d-13da2b12d5a4{ip: 10.1.0.66, host: fv-az116-235.vzw04321ajxubdbcnpick5nqva.xx.internal.cloudapp.net, ports: [REPLICATION=41163, RATIS=44115, RATIS_ADMIN=44115, RATIS_SERVER=44115, STANDALONE=37713], networkLocation: /default-rack, certSerialId: null, persistedOpState: null, persistedOpStateExpiryEpochSec: 0}
2021-08-23 23:19:40,749 [EventQueue-NewNodeForNewNodeHandler] INFO  pipeline.BackgroundPipelineCreator (BackgroundPipelineCreatorV2.java:notifyEventTriggered(285)) - trigger a one-shot run on RatisPipelineUtilsThread.
2021-08-23 23:19:40,750 [RatisPipelineUtilsThread - 0] INFO  pipeline.RatisPipelineProvider (RatisPipelineProvider.java:lambda$create$0(183)) - Sending CreatePipelineCommand for pipeline:PipelineID=36fbc433-278b-4df9-ae58-1a8d313b1a4b to datanode:094f6f25-50f7-4e1e-949d-13da2b12d5a4
2021-08-23 23:19:40,750 [RatisPipelineUtilsThread - 0] INFO  pipeline.PipelineStateManager (PipelineStateManagerV2Impl.java:addPipeline(101)) - Created pipeline Pipeline[ Id: 36fbc433-278b-4df9-ae58-1a8d313b1a4b, Nodes: 094f6f25-50f7-4e1e-949d-13da2b12d5a4{ip: 10.1.0.66, host: fv-az116-235.vzw04321ajxubdbcnpick5nqva.xx.internal.cloudapp.net, ports: [REPLICATION=41163, RATIS=44115, RATIS_ADMIN=44115, RATIS_SERVER=44115, STANDALONE=37713], networkLocation: /default-rack, certSerialId: null, persistedOpState: IN_SERVICE, persistedOpStateExpiryEpochSec: 0}, ReplicationConfig: RATIS/ONE, State:ALLOCATED, leaderId:, CreationTimestamp2021-08-23T23:19:40.750Z[Etc/UTC]].
2021-08-23 23:19:40,890 [Listener at 127.0.0.1/36523] INFO  ozone.MiniOzoneClusterImpl (MiniOzoneClusterImpl.java:lambda$waitForClusterToBeReady$0(235)) - Waiting for nodes to be ready. Got 8 of 9 DN Heartbeats.
2021-08-23 23:19:40,890 [Listener at 127.0.0.1/36523] INFO  ozone.MiniOzoneClusterImpl (MiniOzoneClusterImpl.java:lambda$waitForClusterToBeReady$0(238)) - Waiting for cluster to exit safe mode
2021-08-23 23:19:40,890 [Listener at 127.0.0.1/36523] INFO  ozone.MiniOzoneClusterImpl (MiniOzoneClusterImpl.java:lambda$waitForClusterToBeReady$0(240)) - SCM became leader
2021-08-23 23:19:40,893 [IPC Server handler 14 on default port 46229] INFO  net.NetworkTopologyImpl (NetworkTopologyImpl.java:add(112)) - Added a new node: /default-rack/0dd4e32c-0382-462c-9ace-22051620c5de
2021-08-23 23:19:40,894 [IPC Server handler 14 on default port 46229] INFO  node.SCMNodeManager (SCMNodeManager.java:register(390)) - Registered Data node : 0dd4e32c-0382-462c-9ace-22051620c5de{ip: 10.1.0.66, host: fv-az116-235.vzw04321ajxubdbcnpick5nqva.xx.internal.cloudapp.net, ports: [REPLICATION=41197, RATIS=38797, RATIS_ADMIN=38797, RATIS_SERVER=38797, STANDALONE=32959], networkLocation: /default-rack, certSerialId: null, persistedOpState: null, persistedOpStateExpiryEpochSec: 0}
2021-08-23 23:19:40,894 [EventQueue-NewNodeForNewNodeHandler] INFO  pipeline.BackgroundPipelineCreator (BackgroundPipelineCreatorV2.java:notifyEventTriggered(285)) - trigger a one-shot run on RatisPipelineUtilsThread.
2021-08-23 23:19:40,895 [RatisPipelineUtilsThread - 0] INFO  pipeline.RatisPipelineProvider (RatisPipelineProvider.java:lambda$create$0(183)) - Sending CreatePipelineCommand for pipeline:PipelineID=44800551-6f8b-4d35-a4dd-847f673905bc to datanode:0dd4e32c-0382-462c-9ace-22051620c5de
2021-08-23 23:19:40,895 [RatisPipelineUtilsThread - 0] INFO  pipeline.PipelineStateManager (PipelineStateManagerV2Impl.java:addPipeline(101)) - Created pipeline Pipeline[ Id: 44800551-6f8b-4d35-a4dd-847f673905bc, Nodes: 0dd4e32c-0382-462c-9ace-22051620c5de{ip: 10.1.0.66, host: fv-az116-235.vzw04321ajxubdbcnpick5nqva.xx.internal.cloudapp.net, ports: [REPLICATION=41197, RATIS=38797, RATIS_ADMIN=38797, RATIS_SERVER=38797, STANDALONE=32959], networkLocation: /default-rack, certSerialId: null, persistedOpState: IN_SERVICE, persistedOpStateExpiryEpochSec: 0}, ReplicationConfig: RATIS/ONE, State:ALLOCATED, leaderId:, CreationTimestamp2021-08-23T23:19:40.895Z[Etc/UTC]].
2021-08-23 23:19:40,896 [RatisPipelineUtilsThread - 0] INFO  pipeline.RatisPipelineProvider (RatisPipelineProvider.java:lambda$create$0(183)) - Sending CreatePipelineCommand for pipeline:PipelineID=1311ac67-94a8-441d-b18b-7cdfdb31bb52 to datanode:e0c56fbf-58af-4909-99ad-16a71beee03d
2021-08-23 23:19:40,896 [RatisPipelineUtilsThread - 0] INFO  pipeline.RatisPipelineProvider (RatisPipelineProvider.java:lambda$create$0(183)) - Sending CreatePipelineCommand for pipeline:PipelineID=1311ac67-94a8-441d-b18b-7cdfdb31bb52 to datanode:094f6f25-50f7-4e1e-949d-13da2b12d5a4
2021-08-23 23:19:40,896 [RatisPipelineUtilsThread - 0] INFO  pipeline.RatisPipelineProvider (RatisPipelineProvider.java:lambda$create$0(183)) - Sending CreatePipelineCommand for pipeline:PipelineID=1311ac67-94a8-441d-b18b-7cdfdb31bb52 to datanode:0dd4e32c-0382-462c-9ace-22051620c5de
2021-08-23 23:19:40,897 [RatisPipelineUtilsThread - 0] INFO  pipeline.PipelineStateManager (PipelineStateManagerV2Impl.java:addPipeline(101)) - Created pipeline Pipeline[ Id: 1311ac67-94a8-441d-b18b-7cdfdb31bb52, Nodes: e0c56fbf-58af-4909-99ad-16a71beee03d{ip: 10.1.0.66, host: fv-az116-235.vzw04321ajxubdbcnpick5nqva.xx.internal.cloudapp.net, ports: [REPLICATION=37937, RATIS=46767, RATIS_ADMIN=46767, RATIS_SERVER=46767, STANDALONE=36485], networkLocation: /default-rack, certSerialId: null, persistedOpState: IN_SERVICE, persistedOpStateExpiryEpochSec: 0}094f6f25-50f7-4e1e-949d-13da2b12d5a4{ip: 10.1.0.66, host: fv-az116-235.vzw04321ajxubdbcnpick5nqva.xx.internal.cloudapp.net, ports: [REPLICATION=41163, RATIS=44115, RATIS_ADMIN=44115, RATIS_SERVER=44115, STANDALONE=37713], networkLocation: /default-rack, certSerialId: null, persistedOpState: IN_SERVICE, persistedOpStateExpiryEpochSec: 0}0dd4e32c-0382-462c-9ace-22051620c5de{ip: 10.1.0.66, host: fv-az116-235.vzw04321ajxubdbcnpick5nqva.xx.internal.cloudapp.net, ports: [REPLICATION=41197, RATIS=38797, RATIS_ADMIN=38797, RATIS_SERVER=38797, STANDALONE=32959], networkLocation: /default-rack, certSerialId: null, persistedOpState: IN_SERVICE, persistedOpStateExpiryEpochSec: 0}, ReplicationConfig: RATIS/THREE, State:ALLOCATED, leaderId:, CreationTimestamp2021-08-23T23:19:40.896Z[Etc/UTC]].
2021-08-23 23:19:41,890 [Listener at 127.0.0.1/36523] INFO  ozone.MiniOzoneClusterImpl (MiniOzoneClusterImpl.java:lambda$waitForClusterToBeReady$0(235)) - Nodes are ready. Got 9 of 9 DN Heartbeats.
2021-08-23 23:19:41,891 [Listener at 127.0.0.1/36523] INFO  ozone.MiniOzoneClusterImpl (MiniOzoneClusterImpl.java:lambda$waitForClusterToBeReady$0(238)) - Waiting for cluster to exit safe mode
2021-08-23 23:19:41,891 [Listener at 127.0.0.1/36523] INFO  ozone.MiniOzoneClusterImpl (MiniOzoneClusterImpl.java:lambda$waitForClusterToBeReady$0(240)) - SCM became leader
2021-08-23 23:19:42,065 [Command processor thread] INFO  server.RaftServer (RaftServerProxy.java:addNew(95)) - bf8c8c9e-9c71-482e-9792-8d809f4c5fef: addNew group-E25A058EDB63:[bf8c8c9e-9c71-482e-9792-8d809f4c5fef|rpc:10.1.0.66:33119|priority:1] returns group-E25A058EDB63:java.util.concurrent.CompletableFuture@10e240bd[Not completed]
2021-08-23 23:19:42,085 [pool-55-thread-1] INFO  server.RaftServer$Division (RaftServerImpl.java:<init>(181)) - bf8c8c9e-9c71-482e-9792-8d809f4c5fef: new RaftServerImpl for group-E25A058EDB63:[bf8c8c9e-9c71-482e-9792-8d809f4c5fef|rpc:10.1.0.66:33119|priority:1] with ContainerStateMachine:uninitialized
2021-08-23 23:19:42,089 [pool-55-thread-1] INFO  server.RaftServerConfigKeys (ConfUtils.java:logGet(44)) - raft.server.rpc.timeout.min = 5s (custom)
2021-08-23 23:19:42,090 [pool-55-thread-1] INFO  server.RaftServerConfigKeys (ConfUtils.java:logGet(44)) - raft.server.rpc.timeout.max = 5200ms (custom)
2021-08-23 23:19:42,090 [pool-55-thread-1] INFO  server.RaftServerConfigKeys (ConfUtils.java:logGet(44)) - raft.server.rpc.sleep.time = 25ms (default)
2021-08-23 23:19:42,090 [pool-55-thread-1] INFO  server.RaftServerConfigKeys (ConfUtils.java:logGet(44)) - raft.server.rpc.slowness.timeout = 300000ms (custom)
2021-08-23 23:19:42,091 [pool-55-thread-1] INFO  server.RaftServerConfigKeys (ConfUtils.java:logGet(44)) - raft.server.leaderelection.leader.step-down.wait-time = 10s (default)
2021-08-23 23:19:42,091 [pool-55-thread-1] INFO  server.RaftServerConfigKeys (ConfUtils.java:logGet(44)) - raft.server.sleep.deviation.threshold = 300ms (default)
2021-08-23 23:19:42,091 [pool-55-thread-1] INFO  server.RaftServerConfigKeys (ConfUtils.java:logGet(44)) - raft.server.log.appender.install.snapshot.enabled = false (custom)
2021-08-23 23:19:42,091 [pool-55-thread-1] INFO  server.RaftServer$Division (ServerState.java:<init>(105)) - bf8c8c9e-9c71-482e-9792-8d809f4c5fef@group-E25A058EDB63: ConfigurationManager, init=-1: [bf8c8c9e-9c71-482e-9792-8d809f4c5fef|rpc:10.1.0.66:33119|priority:1], old=null, confs=<EMPTY_MAP>
2021-08-23 23:19:42,091 [pool-55-thread-1] INFO  server.RaftServerConfigKeys (ConfUtils.java:logGet(44)) - raft.server.storage.dir = [/home/runner/work/ozone/ozone/hadoop-ozone/integration-test/target/test-dir/MiniOzoneClusterImpl-994ab01d-a5c0-4516-a51a-b70458bd9cc3/datanode-0/data/ratis] (custom)
2021-08-23 23:19:42,091 [pool-55-thread-1] INFO  server.RaftServerConfigKeys (ConfUtils.java:logGet(44)) - raft.server.log.corruption.policy = EXCEPTION (default)
2021-08-23 23:19:42,091 [pool-55-thread-1] INFO  server.RaftServerConfigKeys (ConfUtils.java:logGet(44)) - raft.server.storage.free-space.min = 0MB (=0) (default)
2021-08-23 23:19:42,091 [pool-55-thread-1] INFO  storage.RaftStorageDirectory (RaftStorageDirectoryImpl.java:analyzeStorage(135)) - The storage directory /home/runner/work/ozone/ozone/hadoop-ozone/integration-test/target/test-dir/MiniOzoneClusterImpl-994ab01d-a5c0-4516-a51a-b70458bd9cc3/datanode-0/data/ratis/fa2e9dba-e515-47ed-9806-e25a058edb63 does not exist. Creating ...
2021-08-23 23:19:42,100 [pool-55-thread-1] INFO  storage.RaftStorageDirectory (RaftStorageDirectoryImpl.java:tryLock(230)) - Lock on /home/runner/work/ozone/ozone/hadoop-ozone/integration-test/target/test-dir/MiniOzoneClusterImpl-994ab01d-a5c0-4516-a51a-b70458bd9cc3/datanode-0/data/ratis/fa2e9dba-e515-47ed-9806-e25a058edb63/in_use.lock acquired by nodename 2902@fv-az116-235
2021-08-23 23:19:42,101 [pool-55-thread-1] INFO  storage.RaftStorage (RaftStorageImpl.java:format(89)) - Storage directory /home/runner/work/ozone/ozone/hadoop-ozone/integration-test/target/test-dir/MiniOzoneClusterImpl-994ab01d-a5c0-4516-a51a-b70458bd9cc3/datanode-0/data/ratis/fa2e9dba-e515-47ed-9806-e25a058edb63 has been successfully formatted.
2021-08-23 23:19:42,120 [pool-55-thread-1] INFO  ratis.ContainerStateMachine (ContainerStateMachine.java:loadSnapshot(225)) - group-E25A058EDB63: The snapshot info is null. Setting the last applied indexto:(t:0, i:~)
2021-08-23 23:19:42,121 [pool-55-thread-1] INFO  server.RaftServerConfigKeys (ConfUtils.java:logGet(44)) - raft.server.notification.no-leader.timeout = 300000ms (custom)
2021-08-23 23:19:42,121 [pool-55-thread-1] INFO  server.RaftServerConfigKeys (ConfUtils.java:logGet(44)) - raft.server.log.use.memory = false (default)
2021-08-23 23:19:42,121 [pool-55-thread-1] INFO  server.RaftServerConfigKeys (ConfUtils.java:logGet(44)) - raft.server.log.purge.gap = 1000000 (custom)
2021-08-23 23:19:42,121 [pool-55-thread-1] INFO  server.RaftServerConfigKeys (ConfUtils.java:logGet(44)) - raft.server.log.appender.buffer.byte-limit = 33554432 (custom)
2021-08-23 23:19:42,121 [pool-55-thread-1] INFO  server.RaftServerConfigKeys (ConfUtils.java:logGet(44)) - raft.server.log.segment.size.max = 1048576 (custom)
2021-08-23 23:19:42,123 [pool-55-thread-1] INFO  server.RaftServerConfigKeys (ConfUtils.java:logGet(44)) - raft.server.log.segment.cache.num.max = 2 (custom)
2021-08-23 23:19:42,125 [pool-55-thread-1] INFO  server.RaftServerConfigKeys (ConfUtils.java:logGet(44)) - raft.server.log.segment.cache.size.max = 200MB (=209715200) (default)
2021-08-23 23:19:42,125 [pool-55-thread-1] INFO  segmented.SegmentedRaftLogWorker (SegmentedRaftLogWorker.java:<init>(182)) - new bf8c8c9e-9c71-482e-9792-8d809f4c5fef@group-E25A058EDB63-SegmentedRaftLogWorker for RaftStorageImpl:Storage Directory /home/runner/work/ozone/ozone/hadoop-ozone/integration-test/target/test-dir/MiniOzoneClusterImpl-994ab01d-a5c0-4516-a51a-b70458bd9cc3/datanode-0/data/ratis/fa2e9dba-e515-47ed-9806-e25a058edb63
2021-08-23 23:19:42,125 [pool-55-thread-1] INFO  server.RaftServerConfigKeys (ConfUtils.java:logGet(44)) - raft.server.log.queue.byte-limit = 2147483647 (custom)
2021-08-23 23:19:42,125 [pool-55-thread-1] INFO  server.RaftServerConfigKeys (ConfUtils.java:logGet(44)) - raft.server.log.queue.element-limit = 1024 (custom)
2021-08-23 23:19:42,125 [pool-55-thread-1] INFO  server.RaftServerConfigKeys (ConfUtils.java:logGet(44)) - raft.server.log.segment.size.max = 1048576 (custom)
2021-08-23 23:19:42,125 [pool-55-thread-1] INFO  server.RaftServerConfigKeys (ConfUtils.java:logGet(44)) - raft.server.log.preallocated.size = 16384 (custom)
2021-08-23 23:19:42,125 [pool-55-thread-1] INFO  server.RaftServerConfigKeys (ConfUtils.java:logGet(44)) - raft.server.log.force.sync.num = 128 (default)
2021-08-23 23:19:42,125 [pool-55-thread-1] INFO  server.RaftServerConfigKeys (ConfUtils.java:logGet(44)) - raft.server.log.statemachine.data.sync = true (default)
2021-08-23 23:19:42,125 [pool-55-thread-1] INFO  server.RaftServerConfigKeys (ConfUtils.java:logGet(44)) - raft.server.log.statemachine.data.sync.timeout = 10s (default)
2021-08-23 23:19:42,125 [pool-55-thread-1] INFO  server.RaftServerConfigKeys (ConfUtils.java:logGet(44)) - raft.server.log.statemachine.data.sync.timeout.retry = -1 (default)
2021-08-23 23:19:42,128 [pool-55-thread-1] INFO  server.RaftServerConfigKeys (ConfUtils.java:logGet(44)) - raft.server.log.write.buffer.size = 1048576 (custom)
2021-08-23 23:19:42,131 [pool-55-thread-1] INFO  server.RaftServerConfigKeys (ConfUtils.java:logGet(44)) - raft.server.log.statemachine.data.caching.enabled = true (custom)
2021-08-23 23:19:42,131 [pool-55-thread-1] INFO  segmented.SegmentedRaftLogWorker (SegmentedRaftLogWorker.java:lambda$new$0(133)) - bf8c8c9e-9c71-482e-9792-8d809f4c5fef@group-E25A058EDB63-SegmentedRaftLogWorker: flushIndex: setUnconditionally 0 -> -1
2021-08-23 23:19:42,131 [pool-55-thread-1] INFO  segmented.SegmentedRaftLogWorker (SegmentedRaftLogWorker.java:lambda$new$0(133)) - bf8c8c9e-9c71-482e-9792-8d809f4c5fef@group-E25A058EDB63-SegmentedRaftLogWorker: safeCacheEvictIndex: setUnconditionally 0 -> -1
2021-08-23 23:19:42,139 [EventQueue-PipelineReportForPipelineReportHandler] INFO  pipeline.PipelineManagerImpl (PipelineManagerImpl.java:openPipeline(283)) - Pipeline Pipeline[ Id: fa2e9dba-e515-47ed-9806-e25a058edb63, Nodes: bf8c8c9e-9c71-482e-9792-8d809f4c5fef{ip: 10.1.0.66, host: fv-az116-235.vzw04321ajxubdbcnpick5nqva.xx.internal.cloudapp.net, ports: [REPLICATION=35449, RATIS=33119, RATIS_ADMIN=33119, RATIS_SERVER=33119, STANDALONE=37397], networkLocation: /default-rack, certSerialId: null, persistedOpState: IN_SERVICE, persistedOpStateExpiryEpochSec: 0}, ReplicationConfig: RATIS/ONE, State:ALLOCATED, leaderId:bf8c8c9e-9c71-482e-9792-8d809f4c5fef, CreationTimestamp2021-08-23T23:19:39.112Z[Etc/UTC]] moved to OPEN state
2021-08-23 23:19:42,147 [EventQueue-OpenPipelineForHealthyPipelineSafeModeRule] INFO  safemode.SCMSafeModeManager (HealthyPipelineSafeModeRule.java:process(124)) - SCM in safe mode. Healthy pipelines reported count is 0, required healthy pipeline reported count is 1
2021-08-23 23:19:42,148 [pool-55-thread-1] INFO  server.RaftServerConfigKeys (ConfUtils.java:logGet(44)) - raft.server.snapshot.auto.trigger.enabled = true (custom)
2021-08-23 23:19:42,153 [pool-55-thread-1] INFO  server.RaftServerConfigKeys (ConfUtils.java:logGet(44)) - raft.server.snapshot.auto.trigger.threshold = 10000 (custom)
2021-08-23 23:19:42,153 [pool-55-thread-1] INFO  server.RaftServerConfigKeys (ConfUtils.java:logGet(44)) - raft.server.snapshot.retention.file.num = 5 (custom)
2021-08-23 23:19:42,153 [pool-55-thread-1] INFO  server.RaftServerConfigKeys (ConfUtils.java:logGet(44)) - raft.server.log.purge.upto.snapshot.index = false (default)
2021-08-23 23:19:42,153 [pool-55-thread-1] INFO  server.RaftServerConfigKeys (ConfUtils.java:logGet(44)) - raft.server.retrycache.expirytime = 600000ms (custom)
2021-08-23 23:19:42,153 [pool-55-thread-1] INFO  server.RaftServerConfigKeys (ConfUtils.java:logGet(44)) - raft.server.retrycache.statistics.expirytime = 100μs (default)
2021-08-23 23:19:42,157 [pool-55-thread-1] INFO  server.RaftServer$Division (RaftServerImpl.java:start(296)) - bf8c8c9e-9c71-482e-9792-8d809f4c5fef@group-E25A058EDB63: start as a follower, conf=-1: [bf8c8c9e-9c71-482e-9792-8d809f4c5fef|rpc:10.1.0.66:33119|priority:1], old=null
2021-08-23 23:19:42,157 [pool-55-thread-1] INFO  server.RaftServer$Division (RaftServerImpl.java:setRole(285)) - bf8c8c9e-9c71-482e-9792-8d809f4c5fef@group-E25A058EDB63: changes role from      null to FOLLOWER at term 0 for startAsFollower
2021-08-23 23:19:42,157 [pool-55-thread-1] INFO  impl.RoleInfo (RoleInfo.java:updateAndGet(130)) - bf8c8c9e-9c71-482e-9792-8d809f4c5fef: start bf8c8c9e-9c71-482e-9792-8d809f4c5fef@group-E25A058EDB63-FollowerState
2021-08-23 23:19:42,165 [pool-55-thread-1] INFO  util.JmxRegister (JmxRegister.java:tryRegister(44)) - Successfully registered JMX Bean with object name Ratis:service=RaftServer,group=group-E25A058EDB63,id=bf8c8c9e-9c71-482e-9792-8d809f4c5fef
2021-08-23 23:19:42,174 [Command processor thread] INFO  ratis.XceiverServerRatis (XceiverServerRatis.java:addGroup(763)) - Created group PipelineID=fa2e9dba-e515-47ed-9806-e25a058edb63
2021-08-23 23:19:42,175 [Command processor thread] INFO  commandhandler.CreatePipelineCommandHandler (CreatePipelineCommandHandler.java:handle(106)) - Created Pipeline RATIS ONE PipelineID=fa2e9dba-e515-47ed-9806-e25a058edb63.
2021-08-23 23:19:42,175 [Command processor thread] INFO  server.RaftServer (RaftServerProxy.java:addNew(95)) - bf8c8c9e-9c71-482e-9792-8d809f4c5fef: addNew group-95F9150AC8B5:[d8835383-dea3-45d4-b6e3-f656da7478fb|rpc:10.1.0.66:44819|priority:0, e06506bb-c7c9-4174-8cff-a1658cd313af|rpc:10.1.0.66:35525|priority:1, bf8c8c9e-9c71-482e-9792-8d809f4c5fef|rpc:10.1.0.66:33119|priority:0] returns group-95F9150AC8B5:java.util.concurrent.CompletableFuture@118214e7[Not completed]
2021-08-23 23:19:42,176 [pool-55-thread-1] INFO  server.RaftServer$Division (RaftServerImpl.java:<init>(181)) - bf8c8c9e-9c71-482e-9792-8d809f4c5fef: new RaftServerImpl for group-95F9150AC8B5:[d8835383-dea3-45d4-b6e3-f656da7478fb|rpc:10.1.0.66:44819|priority:0, e06506bb-c7c9-4174-8cff-a1658cd313af|rpc:10.1.0.66:35525|priority:1, bf8c8c9e-9c71-482e-9792-8d809f4c5fef|rpc:10.1.0.66:33119|priority:0] with ContainerStateMachine:uninitialized
2021-08-23 23:19:42,176 [pool-55-thread-1] INFO  server.RaftServerConfigKeys (ConfUtils.java:logGet(44)) - raft.server.rpc.timeout.min = 5s (custom)
2021-08-23 23:19:42,176 [pool-55-thread-1] INFO  server.RaftServerConfigKeys (ConfUtils.java:logGet(44)) - raft.server.rpc.timeout.max = 5200ms (custom)
2021-08-23 23:19:42,176 [pool-55-thread-1] INFO  server.RaftServerConfigKeys (ConfUtils.java:logGet(44)) - raft.server.rpc.sleep.time = 25ms (default)
2021-08-23 23:19:42,176 [pool-55-thread-1] INFO  server.RaftServerConfigKeys (ConfUtils.java:logGet(44)) - raft.server.rpc.slowness.timeout = 300000ms (custom)
2021-08-23 23:19:42,176 [pool-55-thread-1] INFO  server.RaftServerConfigKeys (ConfUtils.java:logGet(44)) - raft.server.leaderelection.leader.step-down.wait-time = 10s (default)
2021-08-23 23:19:42,176 [pool-55-thread-1] INFO  server.RaftServerConfigKeys (ConfUtils.java:logGet(44)) - raft.server.sleep.deviation.threshold = 300ms (default)
2021-08-23 23:19:42,177 [pool-55-thread-1] INFO  server.RaftServerConfigKeys (ConfUtils.java:logGet(44)) - raft.server.log.appender.install.snapshot.enabled = false (custom)
2021-08-23 23:19:42,177 [pool-55-thread-1] INFO  server.RaftServer$Division (ServerState.java:<init>(105)) - bf8c8c9e-9c71-482e-9792-8d809f4c5fef@group-95F9150AC8B5: ConfigurationManager, init=-1: [d8835383-dea3-45d4-b6e3-f656da7478fb|rpc:10.1.0.66:44819|priority:0, e06506bb-c7c9-4174-8cff-a1658cd313af|rpc:10.1.0.66:35525|priority:1, bf8c8c9e-9c71-482e-9792-8d809f4c5fef|rpc:10.1.0.66:33119|priority:0], old=null, confs=<EMPTY_MAP>
2021-08-23 23:19:42,177 [pool-55-thread-1] INFO  server.RaftServerConfigKeys (ConfUtils.java:logGet(44)) - raft.server.storage.dir = [/home/runner/work/ozone/ozone/hadoop-ozone/integration-test/target/test-dir/MiniOzoneClusterImpl-994ab01d-a5c0-4516-a51a-b70458bd9cc3/datanode-0/data/ratis] (custom)
2021-08-23 23:19:42,177 [pool-55-thread-1] INFO  server.RaftServerConfigKeys (ConfUtils.java:logGet(44)) - raft.server.log.corruption.policy = EXCEPTION (default)
2021-08-23 23:19:42,177 [pool-55-thread-1] INFO  server.RaftServerConfigKeys (ConfUtils.java:logGet(44)) - raft.server.storage.free-space.min = 0MB (=0) (default)
2021-08-23 23:19:42,177 [pool-55-thread-1] INFO  storage.RaftStorageDirectory (RaftStorageDirectoryImpl.java:analyzeStorage(135)) - The storage directory /home/runner/work/ozone/ozone/hadoop-ozone/integration-test/target/test-dir/MiniOzoneClusterImpl-994ab01d-a5c0-4516-a51a-b70458bd9cc3/datanode-0/data/ratis/cca89311-bd88-471a-8fe5-95f9150ac8b5 does not exist. Creating ...
2021-08-23 23:19:42,183 [pool-55-thread-1] INFO  storage.RaftStorageDirectory (RaftStorageDirectoryImpl.java:tryLock(230)) - Lock on /home/runner/work/ozone/ozone/hadoop-ozone/integration-test/target/test-dir/MiniOzoneClusterImpl-994ab01d-a5c0-4516-a51a-b70458bd9cc3/datanode-0/data/ratis/cca89311-bd88-471a-8fe5-95f9150ac8b5/in_use.lock acquired by nodename 2902@fv-az116-235
2021-08-23 23:19:42,184 [pool-55-thread-1] INFO  storage.RaftStorage (RaftStorageImpl.java:format(89)) - Storage directory /home/runner/work/ozone/ozone/hadoop-ozone/integration-test/target/test-dir/MiniOzoneClusterImpl-994ab01d-a5c0-4516-a51a-b70458bd9cc3/datanode-0/data/ratis/cca89311-bd88-471a-8fe5-95f9150ac8b5 has been successfully formatted.
2021-08-23 23:19:42,185 [Datanode State Machine Thread - 0] WARN  statemachine.StateContext (StateContext.java:execute(621)) - No available thread in pool for past 1 seconds.
2021-08-23 23:19:42,186 [pool-55-thread-1] INFO  ratis.ContainerStateMachine (ContainerStateMachine.java:loadSnapshot(225)) - group-95F9150AC8B5: The snapshot info is null. Setting the last applied indexto:(t:0, i:~)
2021-08-23 23:19:42,186 [pool-55-thread-1] INFO  server.RaftServerConfigKeys (ConfUtils.java:logGet(44)) - raft.server.notification.no-leader.timeout = 300000ms (custom)
2021-08-23 23:19:42,186 [pool-55-thread-1] INFO  server.RaftServerConfigKeys (ConfUtils.java:logGet(44)) - raft.server.log.use.memory = false (default)
2021-08-23 23:19:42,186 [pool-55-thread-1] INFO  server.RaftServerConfigKeys (ConfUtils.java:logGet(44)) - raft.server.log.purge.gap = 1000000 (custom)
2021-08-23 23:19:42,186 [pool-55-thread-1] INFO  server.RaftServerConfigKeys (ConfUtils.java:logGet(44)) - raft.server.log.appender.buffer.byte-limit = 33554432 (custom)
2021-08-23 23:19:42,188 [pool-55-thread-1] INFO  server.RaftServerConfigKeys (ConfUtils.java:logGet(44)) - raft.server.log.segment.size.max = 1048576 (custom)
2021-08-23 23:19:42,192 [EventQueue-OpenPipelineForHealthyPipelineSafeModeRule] INFO  safemode.SCMSafeModeManager (HealthyPipelineSafeModeRule.java:process(124)) - SCM in safe mode. Healthy pipelines reported count is 0, required healthy pipeline reported count is 1
2021-08-23 23:19:42,195 [pool-55-thread-1] INFO  server.RaftServerConfigKeys (ConfUtils.java:logGet(44)) - raft.server.log.segment.cache.num.max = 2 (custom)
2021-08-23 23:19:42,195 [pool-55-thread-1] INFO  server.RaftServerConfigKeys (ConfUtils.java:logGet(44)) - raft.server.log.segment.cache.size.max = 200MB (=209715200) (default)
2021-08-23 23:19:42,195 [pool-55-thread-1] INFO  segmented.SegmentedRaftLogWorker (SegmentedRaftLogWorker.java:<init>(182)) - new bf8c8c9e-9c71-482e-9792-8d809f4c5fef@group-95F9150AC8B5-SegmentedRaftLogWorker for RaftStorageImpl:Storage Directory /home/runner/work/ozone/ozone/hadoop-ozone/integration-test/target/test-dir/MiniOzoneClusterImpl-994ab01d-a5c0-4516-a51a-b70458bd9cc3/datanode-0/data/ratis/cca89311-bd88-471a-8fe5-95f9150ac8b5
2021-08-23 23:19:42,195 [pool-55-thread-1] INFO  server.RaftServerConfigKeys (ConfUtils.java:logGet(44)) - raft.server.log.queue.byte-limit = 2147483647 (custom)
2021-08-23 23:19:42,196 [pool-55-thread-1] INFO  server.RaftServerConfigKeys (ConfUtils.java:logGet(44)) - raft.server.log.queue.element-limit = 1024 (custom)
2021-08-23 23:19:42,196 [pool-55-thread-1] INFO  server.RaftServerConfigKeys (ConfUtils.java:logGet(44)) - raft.server.log.segment.size.max = 1048576 (custom)
2021-08-23 23:19:42,196 [pool-55-thread-1] INFO  server.RaftServerConfigKeys (ConfUtils.java:logGet(44)) - raft.server.log.preallocated.size = 16384 (custom)
2021-08-23 23:19:42,196 [pool-55-thread-1] INFO  server.RaftServerConfigKeys (ConfUtils.java:logGet(44)) - raft.server.log.force.sync.num = 128 (default)
2021-08-23 23:19:42,196 [pool-55-thread-1] INFO  server.RaftServerConfigKeys (ConfUtils.java:logGet(44)) - raft.server.log.statemachine.data.sync = true (default)
2021-08-23 23:19:42,196 [pool-55-thread-1] INFO  server.RaftServerConfigKeys (ConfUtils.java:logGet(44)) - raft.server.log.statemachine.data.sync.timeout = 10s (default)
2021-08-23 23:19:42,196 [pool-55-thread-1] INFO  server.RaftServerConfigKeys (ConfUtils.java:logGet(44)) - raft.server.log.statemachine.data.sync.timeout.retry = -1 (default)
2021-08-23 23:19:42,201 [pool-55-thread-1] INFO  server.RaftServerConfigKeys (ConfUtils.java:logGet(44)) - raft.server.log.write.buffer.size = 1048576 (custom)
2021-08-23 23:19:42,203 [pool-55-thread-1] INFO  server.RaftServerConfigKeys (ConfUtils.java:logGet(44)) - raft.server.log.statemachine.data.caching.enabled = true (custom)
2021-08-23 23:19:42,203 [pool-55-thread-1] INFO  segmented.SegmentedRaftLogWorker (SegmentedRaftLogWorker.java:lambda$new$0(133)) - bf8c8c9e-9c71-482e-9792-8d809f4c5fef@group-95F9150AC8B5-SegmentedRaftLogWorker: flushIndex: setUnconditionally 0 -> -1
2021-08-23 23:19:42,204 [pool-55-thread-1] INFO  segmented.SegmentedRaftLogWorker (SegmentedRaftLogWorker.java:lambda$new$0(133)) - bf8c8c9e-9c71-482e-9792-8d809f4c5fef@group-95F9150AC8B5-SegmentedRaftLogWorker: safeCacheEvictIndex: setUnconditionally 0 -> -1
2021-08-23 23:19:42,205 [pool-55-thread-1] INFO  server.RaftServerConfigKeys (ConfUtils.java:logGet(44)) - raft.server.snapshot.auto.trigger.enabled = true (custom)
2021-08-23 23:19:42,205 [pool-55-thread-1] INFO  server.RaftServerConfigKeys (ConfUtils.java:logGet(44)) - raft.server.snapshot.auto.trigger.threshold = 10000 (custom)
2021-08-23 23:19:42,205 [pool-55-thread-1] INFO  server.RaftServerConfigKeys (ConfUtils.java:logGet(44)) - raft.server.snapshot.retention.file.num = 5 (custom)
2021-08-23 23:19:42,205 [pool-55-thread-1] INFO  server.RaftServerConfigKeys (ConfUtils.java:logGet(44)) - raft.server.log.purge.upto.snapshot.index = false (default)
2021-08-23 23:19:42,205 [pool-55-thread-1] INFO  server.RaftServerConfigKeys (ConfUtils.java:logGet(44)) - raft.server.retrycache.expirytime = 600000ms (custom)
2021-08-23 23:19:42,205 [pool-55-thread-1] INFO  server.RaftServerConfigKeys (ConfUtils.java:logGet(44)) - raft.server.retrycache.statistics.expirytime = 100μs (default)
2021-08-23 23:19:42,208 [pool-55-thread-1] INFO  server.RaftServer$Division (RaftServerImpl.java:start(296)) - bf8c8c9e-9c71-482e-9792-8d809f4c5fef@group-95F9150AC8B5: start as a follower, conf=-1: [d8835383-dea3-45d4-b6e3-f656da7478fb|rpc:10.1.0.66:44819|priority:0, e06506bb-c7c9-4174-8cff-a1658cd313af|rpc:10.1.0.66:35525|priority:1, bf8c8c9e-9c71-482e-9792-8d809f4c5fef|rpc:10.1.0.66:33119|priority:0], old=null
2021-08-23 23:19:42,209 [pool-55-thread-1] INFO  server.RaftServer$Division (RaftServerImpl.java:setRole(285)) - bf8c8c9e-9c71-482e-9792-8d809f4c5fef@group-95F9150AC8B5: changes role from      null to FOLLOWER at term 0 for startAsFollower
2021-08-23 23:19:42,209 [pool-55-thread-1] INFO  impl.RoleInfo (RoleInfo.java:updateAndGet(130)) - bf8c8c9e-9c71-482e-9792-8d809f4c5fef: start bf8c8c9e-9c71-482e-9792-8d809f4c5fef@group-95F9150AC8B5-FollowerState
2021-08-23 23:19:42,209 [pool-55-thread-1] INFO  util.JmxRegister (JmxRegister.java:tryRegister(44)) - Successfully registered JMX Bean with object name Ratis:service=RaftServer,group=group-95F9150AC8B5,id=bf8c8c9e-9c71-482e-9792-8d809f4c5fef
2021-08-23 23:19:42,213 [Command processor thread] INFO  ratis.XceiverServerRatis (XceiverServerRatis.java:addGroup(763)) - Created group PipelineID=cca89311-bd88-471a-8fe5-95f9150ac8b5
2021-08-23 23:19:42,341 [Command processor thread] INFO  server.RaftServer (RaftServerProxy.java:addNew(95)) - d8835383-dea3-45d4-b6e3-f656da7478fb: addNew group-401B9CE123E2:[d8835383-dea3-45d4-b6e3-f656da7478fb|rpc:10.1.0.66:44819|priority:1] returns group-401B9CE123E2:java.util.concurrent.CompletableFuture@36c157e7[Not completed]
2021-08-23 23:19:42,348 [pool-74-thread-1] INFO  server.RaftServer$Division (RaftServerImpl.java:<init>(181)) - d8835383-dea3-45d4-b6e3-f656da7478fb: new RaftServerImpl for group-401B9CE123E2:[d8835383-dea3-45d4-b6e3-f656da7478fb|rpc:10.1.0.66:44819|priority:1] with ContainerStateMachine:uninitialized
2021-08-23 23:19:42,348 [pool-74-thread-1] INFO  server.RaftServerConfigKeys (ConfUtils.java:logGet(44)) - raft.server.rpc.timeout.min = 5s (custom)
2021-08-23 23:19:42,348 [pool-74-thread-1] INFO  server.RaftServerConfigKeys (ConfUtils.java:logGet(44)) - raft.server.rpc.timeout.max = 5200ms (custom)
2021-08-23 23:19:42,348 [pool-74-thread-1] INFO  server.RaftServerConfigKeys (ConfUtils.java:logGet(44)) - raft.server.rpc.sleep.time = 25ms (default)
2021-08-23 23:19:42,349 [pool-74-thread-1] INFO  server.RaftServerConfigKeys (ConfUtils.java:logGet(44)) - raft.server.rpc.slowness.timeout = 300000ms (custom)
2021-08-23 23:19:42,349 [pool-74-thread-1] INFO  server.RaftServerConfigKeys (ConfUtils.java:logGet(44)) - raft.server.leaderelection.leader.step-down.wait-time = 10s (default)
2021-08-23 23:19:42,349 [pool-74-thread-1] INFO  server.RaftServerConfigKeys (ConfUtils.java:logGet(44)) - raft.server.sleep.deviation.threshold = 300ms (default)
2021-08-23 23:19:42,349 [pool-74-thread-1] INFO  server.RaftServerConfigKeys (ConfUtils.java:logGet(44)) - raft.server.log.appender.install.snapshot.enabled = false (custom)
2021-08-23 23:19:42,349 [pool-74-thread-1] INFO  server.RaftServer$Division (ServerState.java:<init>(105)) - d8835383-dea3-45d4-b6e3-f656da7478fb@group-401B9CE123E2: ConfigurationManager, init=-1: [d8835383-dea3-45d4-b6e3-f656da7478fb|rpc:10.1.0.66:44819|priority:1], old=null, confs=<EMPTY_MAP>
2021-08-23 23:19:42,350 [pool-74-thread-1] INFO  server.RaftServerConfigKeys (ConfUtils.java:logGet(44)) - raft.server.storage.dir = [/home/runner/work/ozone/ozone/hadoop-ozone/integration-test/target/test-dir/MiniOzoneClusterImpl-994ab01d-a5c0-4516-a51a-b70458bd9cc3/datanode-1/data/ratis] (custom)
2021-08-23 23:19:42,350 [pool-74-thread-1] INFO  server.RaftServerConfigKeys (ConfUtils.java:logGet(44)) - raft.server.log.corruption.policy = EXCEPTION (default)
2021-08-23 23:19:42,350 [pool-74-thread-1] INFO  server.RaftServerConfigKeys (ConfUtils.java:logGet(44)) - raft.server.storage.free-space.min = 0MB (=0) (default)
2021-08-23 23:19:42,350 [pool-74-thread-1] INFO  storage.RaftStorageDirectory (RaftStorageDirectoryImpl.java:analyzeStorage(135)) - The storage directory /home/runner/work/ozone/ozone/hadoop-ozone/integration-test/target/test-dir/MiniOzoneClusterImpl-994ab01d-a5c0-4516-a51a-b70458bd9cc3/datanode-1/data/ratis/7f0666bb-114b-4096-b71b-401b9ce123e2 does not exist. Creating ...
2021-08-23 23:19:42,353 [pool-74-thread-1] INFO  storage.RaftStorageDirectory (RaftStorageDirectoryImpl.java:tryLock(230)) - Lock on /home/runner/work/ozone/ozone/hadoop-ozone/integration-test/target/test-dir/MiniOzoneClusterImpl-994ab01d-a5c0-4516-a51a-b70458bd9cc3/datanode-1/data/ratis/7f0666bb-114b-4096-b71b-401b9ce123e2/in_use.lock acquired by nodename 2902@fv-az116-235
2021-08-23 23:19:42,355 [pool-74-thread-1] INFO  storage.RaftStorage (RaftStorageImpl.java:format(89)) - Storage directory /home/runner/work/ozone/ozone/hadoop-ozone/integration-test/target/test-dir/MiniOzoneClusterImpl-994ab01d-a5c0-4516-a51a-b70458bd9cc3/datanode-1/data/ratis/7f0666bb-114b-4096-b71b-401b9ce123e2 has been successfully formatted.
2021-08-23 23:19:42,355 [pool-74-thread-1] INFO  ratis.ContainerStateMachine (ContainerStateMachine.java:loadSnapshot(225)) - group-401B9CE123E2: The snapshot info is null. Setting the last applied indexto:(t:0, i:~)
2021-08-23 23:19:42,356 [Datanode State Machine Thread - 0] WARN  statemachine.StateContext (StateContext.java:execute(621)) - No available thread in pool for past 1 seconds.
2021-08-23 23:19:42,361 [pool-74-thread-1] INFO  server.RaftServerConfigKeys (ConfUtils.java:logGet(44)) - raft.server.notification.no-leader.timeout = 300000ms (custom)
2021-08-23 23:19:42,363 [EventQueue-PipelineReportForPipelineReportHandler] INFO  pipeline.PipelineManagerImpl (PipelineManagerImpl.java:openPipeline(283)) - Pipeline Pipeline[ Id: 7f0666bb-114b-4096-b71b-401b9ce123e2, Nodes: d8835383-dea3-45d4-b6e3-f656da7478fb{ip: 10.1.0.66, host: fv-az116-235.vzw04321ajxubdbcnpick5nqva.xx.internal.cloudapp.net, ports: [REPLICATION=38707, RATIS=44819, RATIS_ADMIN=44819, RATIS_SERVER=44819, STANDALONE=45585], networkLocation: /default-rack, certSerialId: null, persistedOpState: IN_SERVICE, persistedOpStateExpiryEpochSec: 0}, ReplicationConfig: RATIS/ONE, State:ALLOCATED, leaderId:d8835383-dea3-45d4-b6e3-f656da7478fb, CreationTimestamp2021-08-23T23:19:39.347Z[Etc/UTC]] moved to OPEN state
2021-08-23 23:19:42,364 [pool-74-thread-1] INFO  server.RaftServerConfigKeys (ConfUtils.java:logGet(44)) - raft.server.log.use.memory = false (default)
2021-08-23 23:19:42,365 [pool-74-thread-1] INFO  server.RaftServerConfigKeys (ConfUtils.java:logGet(44)) - raft.server.log.purge.gap = 1000000 (custom)
2021-08-23 23:19:42,365 [pool-74-thread-1] INFO  server.RaftServerConfigKeys (ConfUtils.java:logGet(44)) - raft.server.log.appender.buffer.byte-limit = 33554432 (custom)
2021-08-23 23:19:42,365 [EventQueue-OpenPipelineForHealthyPipelineSafeModeRule] INFO  safemode.SCMSafeModeManager (HealthyPipelineSafeModeRule.java:process(124)) - SCM in safe mode. Healthy pipelines reported count is 0, required healthy pipeline reported count is 1
2021-08-23 23:19:42,365 [pool-74-thread-1] INFO  server.RaftServerConfigKeys (ConfUtils.java:logGet(44)) - raft.server.log.segment.size.max = 1048576 (custom)
2021-08-23 23:19:42,370 [pool-74-thread-1] INFO  server.RaftServerConfigKeys (ConfUtils.java:logGet(44)) - raft.server.log.segment.cache.num.max = 2 (custom)
2021-08-23 23:19:42,370 [pool-74-thread-1] INFO  server.RaftServerConfigKeys (ConfUtils.java:logGet(44)) - raft.server.log.segment.cache.size.max = 200MB (=209715200) (default)
2021-08-23 23:19:42,370 [pool-74-thread-1] INFO  segmented.SegmentedRaftLogWorker (SegmentedRaftLogWorker.java:<init>(182)) - new d8835383-dea3-45d4-b6e3-f656da7478fb@group-401B9CE123E2-SegmentedRaftLogWorker for RaftStorageImpl:Storage Directory /home/runner/work/ozone/ozone/hadoop-ozone/integration-test/target/test-dir/MiniOzoneClusterImpl-994ab01d-a5c0-4516-a51a-b70458bd9cc3/datanode-1/data/ratis/7f0666bb-114b-4096-b71b-401b9ce123e2
2021-08-23 23:19:42,370 [pool-74-thread-1] INFO  server.RaftServerConfigKeys (ConfUtils.java:logGet(44)) - raft.server.log.queue.byte-limit = 2147483647 (custom)
2021-08-23 23:19:42,370 [pool-74-thread-1] INFO  server.RaftServerConfigKeys (ConfUtils.java:logGet(44)) - raft.server.log.queue.element-limit = 1024 (custom)
2021-08-23 23:19:42,370 [pool-74-thread-1] INFO  server.RaftServerConfigKeys (ConfUtils.java:logGet(44)) - raft.server.log.segment.size.max = 1048576 (custom)
2021-08-23 23:19:42,370 [pool-74-thread-1] INFO  server.RaftServerConfigKeys (ConfUtils.java:logGet(44)) - raft.server.log.preallocated.size = 16384 (custom)
2021-08-23 23:19:42,370 [pool-74-thread-1] INFO  server.RaftServerConfigKeys (ConfUtils.java:logGet(44)) - raft.server.log.force.sync.num = 128 (default)
2021-08-23 23:19:42,370 [pool-74-thread-1] INFO  server.RaftServerConfigKeys (ConfUtils.java:logGet(44)) - raft.server.log.statemachine.data.sync = true (default)
2021-08-23 23:19:42,370 [pool-74-thread-1] INFO  server.RaftServerConfigKeys (ConfUtils.java:logGet(44)) - raft.server.log.statemachine.data.sync.timeout = 10s (default)
2021-08-23 23:19:42,371 [pool-74-thread-1] INFO  server.RaftServerConfigKeys (ConfUtils.java:logGet(44)) - raft.server.log.statemachine.data.sync.timeout.retry = -1 (default)
2021-08-23 23:19:42,373 [pool-74-thread-1] INFO  server.RaftServerConfigKeys (ConfUtils.java:logGet(44)) - raft.server.log.write.buffer.size = 1048576 (custom)
2021-08-23 23:19:42,373 [pool-74-thread-1] INFO  server.RaftServerConfigKeys (ConfUtils.java:logGet(44)) - raft.server.log.statemachine.data.caching.enabled = true (custom)
2021-08-23 23:19:42,373 [pool-74-thread-1] INFO  segmented.SegmentedRaftLogWorker (SegmentedRaftLogWorker.java:lambda$new$0(133)) - d8835383-dea3-45d4-b6e3-f656da7478fb@group-401B9CE123E2-SegmentedRaftLogWorker: flushIndex: setUnconditionally 0 -> -1
2021-08-23 23:19:42,373 [pool-74-thread-1] INFO  segmented.SegmentedRaftLogWorker (SegmentedRaftLogWorker.java:lambda$new$0(133)) - d8835383-dea3-45d4-b6e3-f656da7478fb@group-401B9CE123E2-SegmentedRaftLogWorker: safeCacheEvictIndex: setUnconditionally 0 -> -1
2021-08-23 23:19:42,373 [pool-74-thread-1] INFO  server.RaftServerConfigKeys (ConfUtils.java:logGet(44)) - raft.server.snapshot.auto.trigger.enabled = true (custom)
2021-08-23 23:19:42,374 [pool-74-thread-1] INFO  server.RaftServerConfigKeys (ConfUtils.java:logGet(44)) - raft.server.snapshot.auto.trigger.threshold = 10000 (custom)
2021-08-23 23:19:42,374 [pool-74-thread-1] INFO  server.RaftServerConfigKeys (ConfUtils.java:logGet(44)) - raft.server.snapshot.retention.file.num = 5 (custom)
2021-08-23 23:19:42,374 [pool-74-thread-1] INFO  server.RaftServerConfigKeys (ConfUtils.java:logGet(44)) - raft.server.log.purge.upto.snapshot.index = false (default)
2021-08-23 23:19:42,374 [pool-74-thread-1] INFO  server.RaftServerConfigKeys (ConfUtils.java:logGet(44)) - raft.server.retrycache.expirytime = 600000ms (custom)
2021-08-23 23:19:42,374 [pool-74-thread-1] INFO  server.RaftServerConfigKeys (ConfUtils.java:logGet(44)) - raft.server.retrycache.statistics.expirytime = 100μs (default)
2021-08-23 23:19:42,376 [pool-74-thread-1] INFO  server.RaftServer$Division (RaftServerImpl.java:start(296)) - d8835383-dea3-45d4-b6e3-f656da7478fb@group-401B9CE123E2: start as a follower, conf=-1: [d8835383-dea3-45d4-b6e3-f656da7478fb|rpc:10.1.0.66:44819|priority:1], old=null
2021-08-23 23:19:42,377 [pool-74-thread-1] INFO  server.RaftServer$Division (RaftServerImpl.java:setRole(285)) - d8835383-dea3-45d4-b6e3-f656da7478fb@group-401B9CE123E2: changes role from      null to FOLLOWER at term 0 for startAsFollower
2021-08-23 23:19:42,377 [pool-74-thread-1] INFO  impl.RoleInfo (RoleInfo.java:updateAndGet(130)) - d8835383-dea3-45d4-b6e3-f656da7478fb: start d8835383-dea3-45d4-b6e3-f656da7478fb@group-401B9CE123E2-FollowerState
2021-08-23 23:19:42,377 [pool-74-thread-1] INFO  util.JmxRegister (JmxRegister.java:tryRegister(44)) - Successfully registered JMX Bean with object name Ratis:service=RaftServer,group=group-401B9CE123E2,id=d8835383-dea3-45d4-b6e3-f656da7478fb
2021-08-23 23:19:42,378 [Command processor thread] INFO  ratis.XceiverServerRatis (XceiverServerRatis.java:addGroup(763)) - Created group PipelineID=7f0666bb-114b-4096-b71b-401b9ce123e2
2021-08-23 23:19:42,378 [Command processor thread] INFO  commandhandler.CreatePipelineCommandHandler (CreatePipelineCommandHandler.java:handle(106)) - Created Pipeline RATIS ONE PipelineID=7f0666bb-114b-4096-b71b-401b9ce123e2.
2021-08-23 23:19:42,386 [Command processor thread] INFO  server.RaftServer (RaftServerProxy.java:addNew(95)) - d8835383-dea3-45d4-b6e3-f656da7478fb: addNew group-95F9150AC8B5:[d8835383-dea3-45d4-b6e3-f656da7478fb|rpc:10.1.0.66:44819|priority:0, e06506bb-c7c9-4174-8cff-a1658cd313af|rpc:10.1.0.66:35525|priority:1, bf8c8c9e-9c71-482e-9792-8d809f4c5fef|rpc:10.1.0.66:33119|priority:0] returns group-95F9150AC8B5:java.util.concurrent.CompletableFuture@32fec5e7[Not completed]
2021-08-23 23:19:42,387 [pool-74-thread-1] INFO  server.RaftServer$Division (RaftServerImpl.java:<init>(181)) - d8835383-dea3-45d4-b6e3-f656da7478fb: new RaftServerImpl for group-95F9150AC8B5:[d8835383-dea3-45d4-b6e3-f656da7478fb|rpc:10.1.0.66:44819|priority:0, e06506bb-c7c9-4174-8cff-a1658cd313af|rpc:10.1.0.66:35525|priority:1, bf8c8c9e-9c71-482e-9792-8d809f4c5fef|rpc:10.1.0.66:33119|priority:0] with ContainerStateMachine:uninitialized
2021-08-23 23:19:42,387 [pool-74-thread-1] INFO  server.RaftServerConfigKeys (ConfUtils.java:logGet(44)) - raft.server.rpc.timeout.min = 5s (custom)
2021-08-23 23:19:42,387 [pool-74-thread-1] INFO  server.RaftServerConfigKeys (ConfUtils.java:logGet(44)) - raft.server.rpc.timeout.max = 5200ms (custom)
2021-08-23 23:19:42,387 [pool-74-thread-1] INFO  server.RaftServerConfigKeys (ConfUtils.java:logGet(44)) - raft.server.rpc.sleep.time = 25ms (default)
2021-08-23 23:19:42,387 [pool-74-thread-1] INFO  server.RaftServerConfigKeys (ConfUtils.java:logGet(44)) - raft.server.rpc.slowness.timeout = 300000ms (custom)
2021-08-23 23:19:42,387 [pool-74-thread-1] INFO  server.RaftServerConfigKeys (ConfUtils.java:logGet(44)) - raft.server.leaderelection.leader.step-down.wait-time = 10s (default)
2021-08-23 23:19:42,388 [pool-74-thread-1] INFO  server.RaftServerConfigKeys (ConfUtils.java:logGet(44)) - raft.server.sleep.deviation.threshold = 300ms (default)
2021-08-23 23:19:42,388 [pool-74-thread-1] INFO  server.RaftServerConfigKeys (ConfUtils.java:logGet(44)) - raft.server.log.appender.install.snapshot.enabled = false (custom)
2021-08-23 23:19:42,388 [pool-74-thread-1] INFO  server.RaftServer$Division (ServerState.java:<init>(105)) - d8835383-dea3-45d4-b6e3-f656da7478fb@group-95F9150AC8B5: ConfigurationManager, init=-1: [d8835383-dea3-45d4-b6e3-f656da7478fb|rpc:10.1.0.66:44819|priority:0, e06506bb-c7c9-4174-8cff-a1658cd313af|rpc:10.1.0.66:35525|priority:1, bf8c8c9e-9c71-482e-9792-8d809f4c5fef|rpc:10.1.0.66:33119|priority:0], old=null, confs=<EMPTY_MAP>
2021-08-23 23:19:42,388 [pool-74-thread-1] INFO  server.RaftServerConfigKeys (ConfUtils.java:logGet(44)) - raft.server.storage.dir = [/home/runner/work/ozone/ozone/hadoop-ozone/integration-test/target/test-dir/MiniOzoneClusterImpl-994ab01d-a5c0-4516-a51a-b70458bd9cc3/datanode-1/data/ratis] (custom)
2021-08-23 23:19:42,388 [pool-74-thread-1] INFO  server.RaftServerConfigKeys (ConfUtils.java:logGet(44)) - raft.server.log.corruption.policy = EXCEPTION (default)
2021-08-23 23:19:42,388 [pool-74-thread-1] INFO  server.RaftServerConfigKeys (ConfUtils.java:logGet(44)) - raft.server.storage.free-space.min = 0MB (=0) (default)
2021-08-23 23:19:42,388 [pool-74-thread-1] INFO  storage.RaftStorageDirectory (RaftStorageDirectoryImpl.java:analyzeStorage(135)) - The storage directory /home/runner/work/ozone/ozone/hadoop-ozone/integration-test/target/test-dir/MiniOzoneClusterImpl-994ab01d-a5c0-4516-a51a-b70458bd9cc3/datanode-1/data/ratis/cca89311-bd88-471a-8fe5-95f9150ac8b5 does not exist. Creating ...
2021-08-23 23:19:42,389 [pool-74-thread-1] INFO  storage.RaftStorageDirectory (RaftStorageDirectoryImpl.java:tryLock(230)) - Lock on /home/runner/work/ozone/ozone/hadoop-ozone/integration-test/target/test-dir/MiniOzoneClusterImpl-994ab01d-a5c0-4516-a51a-b70458bd9cc3/datanode-1/data/ratis/cca89311-bd88-471a-8fe5-95f9150ac8b5/in_use.lock acquired by nodename 2902@fv-az116-235
2021-08-23 23:19:42,390 [pool-74-thread-1] INFO  storage.RaftStorage (RaftStorageImpl.java:format(89)) - Storage directory /home/runner/work/ozone/ozone/hadoop-ozone/integration-test/target/test-dir/MiniOzoneClusterImpl-994ab01d-a5c0-4516-a51a-b70458bd9cc3/datanode-1/data/ratis/cca89311-bd88-471a-8fe5-95f9150ac8b5 has been successfully formatted.
2021-08-23 23:19:42,391 [pool-74-thread-1] INFO  ratis.ContainerStateMachine (ContainerStateMachine.java:loadSnapshot(225)) - group-95F9150AC8B5: The snapshot info is null. Setting the last applied indexto:(t:0, i:~)
2021-08-23 23:19:42,391 [pool-74-thread-1] INFO  server.RaftServerConfigKeys (ConfUtils.java:logGet(44)) - raft.server.notification.no-leader.timeout = 300000ms (custom)
2021-08-23 23:19:42,391 [pool-74-thread-1] INFO  server.RaftServerConfigKeys (ConfUtils.java:logGet(44)) - raft.server.log.use.memory = false (default)
2021-08-23 23:19:42,392 [pool-74-thread-1] INFO  server.RaftServerConfigKeys (ConfUtils.java:logGet(44)) - raft.server.log.purge.gap = 1000000 (custom)
2021-08-23 23:19:42,392 [pool-74-thread-1] INFO  server.RaftServerConfigKeys (ConfUtils.java:logGet(44)) - raft.server.log.appender.buffer.byte-limit = 33554432 (custom)
2021-08-23 23:19:42,392 [pool-74-thread-1] INFO  server.RaftServerConfigKeys (ConfUtils.java:logGet(44)) - raft.server.log.segment.size.max = 1048576 (custom)
2021-08-23 23:19:42,393 [pool-74-thread-1] INFO  server.RaftServerConfigKeys (ConfUtils.java:logGet(44)) - raft.server.log.segment.cache.num.max = 2 (custom)
2021-08-23 23:19:42,393 [pool-74-thread-1] INFO  server.RaftServerConfigKeys (ConfUtils.java:logGet(44)) - raft.server.log.segment.cache.size.max = 200MB (=209715200) (default)
2021-08-23 23:19:42,393 [pool-74-thread-1] INFO  segmented.SegmentedRaftLogWorker (SegmentedRaftLogWorker.java:<init>(182)) - new d8835383-dea3-45d4-b6e3-f656da7478fb@group-95F9150AC8B5-SegmentedRaftLogWorker for RaftStorageImpl:Storage Directory /home/runner/work/ozone/ozone/hadoop-ozone/integration-test/target/test-dir/MiniOzoneClusterImpl-994ab01d-a5c0-4516-a51a-b70458bd9cc3/datanode-1/data/ratis/cca89311-bd88-471a-8fe5-95f9150ac8b5
2021-08-23 23:19:42,393 [pool-74-thread-1] INFO  server.RaftServerConfigKeys (ConfUtils.java:logGet(44)) - raft.server.log.queue.byte-limit = 2147483647 (custom)
2021-08-23 23:19:42,393 [pool-74-thread-1] INFO  server.RaftServerConfigKeys (ConfUtils.java:logGet(44)) - raft.server.log.queue.element-limit = 1024 (custom)
2021-08-23 23:19:42,393 [pool-74-thread-1] INFO  server.RaftServerConfigKeys (ConfUtils.java:logGet(44)) - raft.server.log.segment.size.max = 1048576 (custom)
2021-08-23 23:19:42,393 [pool-74-thread-1] INFO  server.RaftServerConfigKeys (ConfUtils.java:logGet(44)) - raft.server.log.preallocated.size = 16384 (custom)
2021-08-23 23:19:42,393 [pool-74-thread-1] INFO  server.RaftServerConfigKeys (ConfUtils.java:logGet(44)) - raft.server.log.force.sync.num = 128 (default)
2021-08-23 23:19:42,393 [pool-74-thread-1] INFO  server.RaftServerConfigKeys (ConfUtils.java:logGet(44)) - raft.server.log.statemachine.data.sync = true (default)
2021-08-23 23:19:42,393 [pool-74-thread-1] INFO  server.RaftServerConfigKeys (ConfUtils.java:logGet(44)) - raft.server.log.statemachine.data.sync.timeout = 10s (default)
2021-08-23 23:19:42,393 [pool-74-thread-1] INFO  server.RaftServerConfigKeys (ConfUtils.java:logGet(44)) - raft.server.log.statemachine.data.sync.timeout.retry = -1 (default)
2021-08-23 23:19:42,395 [pool-74-thread-1] INFO  server.RaftServerConfigKeys (ConfUtils.java:logGet(44)) - raft.server.log.write.buffer.size = 1048576 (custom)
2021-08-23 23:19:42,396 [EventQueue-OpenPipelineForHealthyPipelineSafeModeRule] INFO  safemode.SCMSafeModeManager (HealthyPipelineSafeModeRule.java:process(124)) - SCM in safe mode. Healthy pipelines reported count is 0, required healthy pipeline reported count is 1
2021-08-23 23:19:42,398 [pool-74-thread-1] INFO  server.RaftServerConfigKeys (ConfUtils.java:logGet(44)) - raft.server.log.statemachine.data.caching.enabled = true (custom)
2021-08-23 23:19:42,399 [pool-74-thread-1] INFO  segmented.SegmentedRaftLogWorker (SegmentedRaftLogWorker.java:lambda$new$0(133)) - d8835383-dea3-45d4-b6e3-f656da7478fb@group-95F9150AC8B5-SegmentedRaftLogWorker: flushIndex: setUnconditionally 0 -> -1
2021-08-23 23:19:42,400 [pool-74-thread-1] INFO  segmented.SegmentedRaftLogWorker (SegmentedRaftLogWorker.java:lambda$new$0(133)) - d8835383-dea3-45d4-b6e3-f656da7478fb@group-95F9150AC8B5-SegmentedRaftLogWorker: safeCacheEvictIndex: setUnconditionally 0 -> -1
2021-08-23 23:19:42,404 [pool-74-thread-1] INFO  server.RaftServerConfigKeys (ConfUtils.java:logGet(44)) - raft.server.snapshot.auto.trigger.enabled = true (custom)
2021-08-23 23:19:42,404 [pool-74-thread-1] INFO  server.RaftServerConfigKeys (ConfUtils.java:logGet(44)) - raft.server.snapshot.auto.trigger.threshold = 10000 (custom)
2021-08-23 23:19:42,404 [pool-74-thread-1] INFO  server.RaftServerConfigKeys (ConfUtils.java:logGet(44)) - raft.server.snapshot.retention.file.num = 5 (custom)
2021-08-23 23:19:42,404 [pool-74-thread-1] INFO  server.RaftServerConfigKeys (ConfUtils.java:logGet(44)) - raft.server.log.purge.upto.snapshot.index = false (default)
2021-08-23 23:19:42,404 [pool-74-thread-1] INFO  server.RaftServerConfigKeys (ConfUtils.java:logGet(44)) - raft.server.retrycache.expirytime = 600000ms (custom)
2021-08-23 23:19:42,404 [pool-74-thread-1] INFO  server.RaftServerConfigKeys (ConfUtils.java:logGet(44)) - raft.server.retrycache.statistics.expirytime = 100μs (default)
2021-08-23 23:19:42,406 [pool-74-thread-1] INFO  server.RaftServer$Division (RaftServerImpl.java:start(296)) - d8835383-dea3-45d4-b6e3-f656da7478fb@group-95F9150AC8B5: start as a follower, conf=-1: [d8835383-dea3-45d4-b6e3-f656da7478fb|rpc:10.1.0.66:44819|priority:0, e06506bb-c7c9-4174-8cff-a1658cd313af|rpc:10.1.0.66:35525|priority:1, bf8c8c9e-9c71-482e-9792-8d809f4c5fef|rpc:10.1.0.66:33119|priority:0], old=null
2021-08-23 23:19:42,406 [pool-74-thread-1] INFO  server.RaftServer$Division (RaftServerImpl.java:setRole(285)) - d8835383-dea3-45d4-b6e3-f656da7478fb@group-95F9150AC8B5: changes role from      null to FOLLOWER at term 0 for startAsFollower
2021-08-23 23:19:42,406 [pool-74-thread-1] INFO  impl.RoleInfo (RoleInfo.java:updateAndGet(130)) - d8835383-dea3-45d4-b6e3-f656da7478fb: start d8835383-dea3-45d4-b6e3-f656da7478fb@group-95F9150AC8B5-FollowerState
2021-08-23 23:19:42,416 [pool-74-thread-1] INFO  util.JmxRegister (JmxRegister.java:tryRegister(44)) - Successfully registered JMX Bean with object name Ratis:service=RaftServer,group=group-95F9150AC8B5,id=d8835383-dea3-45d4-b6e3-f656da7478fb
2021-08-23 23:19:42,420 [Command processor thread] INFO  ratis.XceiverServerRatis (XceiverServerRatis.java:addGroup(763)) - Created group PipelineID=cca89311-bd88-471a-8fe5-95f9150ac8b5
2021-08-23 23:19:42,729 [grpc-default-executor-1] INFO  server.RaftServer (RaftServerProxy.java:addNew(95)) - e06506bb-c7c9-4174-8cff-a1658cd313af: addNew group-95F9150AC8B5:[d8835383-dea3-45d4-b6e3-f656da7478fb|rpc:10.1.0.66:44819|dataStream:|priority:0, e06506bb-c7c9-4174-8cff-a1658cd313af|rpc:10.1.0.66:35525|dataStream:|priority:1, bf8c8c9e-9c71-482e-9792-8d809f4c5fef|rpc:10.1.0.66:33119|dataStream:|priority:0] returns group-95F9150AC8B5:java.util.concurrent.CompletableFuture@1633e540[Not completed]
2021-08-23 23:19:42,737 [pool-93-thread-1] INFO  server.RaftServer$Division (RaftServerImpl.java:<init>(181)) - e06506bb-c7c9-4174-8cff-a1658cd313af: new RaftServerImpl for group-95F9150AC8B5:[d8835383-dea3-45d4-b6e3-f656da7478fb|rpc:10.1.0.66:44819|dataStream:|priority:0, e06506bb-c7c9-4174-8cff-a1658cd313af|rpc:10.1.0.66:35525|dataStream:|priority:1, bf8c8c9e-9c71-482e-9792-8d809f4c5fef|rpc:10.1.0.66:33119|dataStream:|priority:0] with ContainerStateMachine:uninitialized
2021-08-23 23:19:42,737 [pool-93-thread-1] INFO  server.RaftServerConfigKeys (ConfUtils.java:logGet(44)) - raft.server.rpc.timeout.min = 5s (custom)
2021-08-23 23:19:42,738 [pool-93-thread-1] INFO  server.RaftServerConfigKeys (ConfUtils.java:logGet(44)) - raft.server.rpc.timeout.max = 5200ms (custom)
2021-08-23 23:19:42,738 [pool-93-thread-1] INFO  server.RaftServerConfigKeys (ConfUtils.java:logGet(44)) - raft.server.rpc.sleep.time = 25ms (default)
2021-08-23 23:19:42,738 [pool-93-thread-1] INFO  server.RaftServerConfigKeys (ConfUtils.java:logGet(44)) - raft.server.rpc.slowness.timeout = 300000ms (custom)
2021-08-23 23:19:42,738 [pool-93-thread-1] INFO  server.RaftServerConfigKeys (ConfUtils.java:logGet(44)) - raft.server.leaderelection.leader.step-down.wait-time = 10s (default)
2021-08-23 23:19:42,738 [pool-93-thread-1] INFO  server.RaftServerConfigKeys (ConfUtils.java:logGet(44)) - raft.server.sleep.deviation.threshold = 300ms (default)
2021-08-23 23:19:42,738 [pool-93-thread-1] INFO  server.RaftServerConfigKeys (ConfUtils.java:logGet(44)) - raft.server.log.appender.install.snapshot.enabled = false (custom)
2021-08-23 23:19:42,738 [pool-93-thread-1] INFO  server.RaftServer$Division (ServerState.java:<init>(105)) - e06506bb-c7c9-4174-8cff-a1658cd313af@group-95F9150AC8B5: ConfigurationManager, init=-1: [d8835383-dea3-45d4-b6e3-f656da7478fb|rpc:10.1.0.66:44819|dataStream:|priority:0, e06506bb-c7c9-4174-8cff-a1658cd313af|rpc:10.1.0.66:35525|dataStream:|priority:1, bf8c8c9e-9c71-482e-9792-8d809f4c5fef|rpc:10.1.0.66:33119|dataStream:|priority:0], old=null, confs=<EMPTY_MAP>
2021-08-23 23:19:42,738 [pool-93-thread-1] INFO  server.RaftServerConfigKeys (ConfUtils.java:logGet(44)) - raft.server.storage.dir = [/home/runner/work/ozone/ozone/hadoop-ozone/integration-test/target/test-dir/MiniOzoneClusterImpl-994ab01d-a5c0-4516-a51a-b70458bd9cc3/datanode-2/data/ratis] (custom)
2021-08-23 23:19:42,738 [pool-93-thread-1] INFO  server.RaftServerConfigKeys (ConfUtils.java:logGet(44)) - raft.server.log.corruption.policy = EXCEPTION (default)
2021-08-23 23:19:42,738 [pool-93-thread-1] INFO  server.RaftServerConfigKeys (ConfUtils.java:logGet(44)) - raft.server.storage.free-space.min = 0MB (=0) (default)
2021-08-23 23:19:42,739 [pool-93-thread-1] INFO  storage.RaftStorageDirectory (RaftStorageDirectoryImpl.java:analyzeStorage(135)) - The storage directory /home/runner/work/ozone/ozone/hadoop-ozone/integration-test/target/test-dir/MiniOzoneClusterImpl-994ab01d-a5c0-4516-a51a-b70458bd9cc3/datanode-2/data/ratis/cca89311-bd88-471a-8fe5-95f9150ac8b5 does not exist. Creating ...
2021-08-23 23:19:42,742 [pool-93-thread-1] INFO  storage.RaftStorageDirectory (RaftStorageDirectoryImpl.java:tryLock(230)) - Lock on /home/runner/work/ozone/ozone/hadoop-ozone/integration-test/target/test-dir/MiniOzoneClusterImpl-994ab01d-a5c0-4516-a51a-b70458bd9cc3/datanode-2/data/ratis/cca89311-bd88-471a-8fe5-95f9150ac8b5/in_use.lock acquired by nodename 2902@fv-az116-235
2021-08-23 23:19:42,745 [pool-93-thread-1] INFO  storage.RaftStorage (RaftStorageImpl.java:format(89)) - Storage directory /home/runner/work/ozone/ozone/hadoop-ozone/integration-test/target/test-dir/MiniOzoneClusterImpl-994ab01d-a5c0-4516-a51a-b70458bd9cc3/datanode-2/data/ratis/cca89311-bd88-471a-8fe5-95f9150ac8b5 has been successfully formatted.
2021-08-23 23:19:42,768 [pool-93-thread-1] INFO  ratis.ContainerStateMachine (ContainerStateMachine.java:loadSnapshot(225)) - group-95F9150AC8B5: The snapshot info is null. Setting the last applied indexto:(t:0, i:~)
2021-08-23 23:19:42,768 [pool-93-thread-1] INFO  server.RaftServerConfigKeys (ConfUtils.java:logGet(44)) - raft.server.notification.no-leader.timeout = 300000ms (custom)
2021-08-23 23:19:42,768 [pool-93-thread-1] INFO  server.RaftServerConfigKeys (ConfUtils.java:logGet(44)) - raft.server.log.use.memory = false (default)
2021-08-23 23:19:42,768 [pool-93-thread-1] INFO  server.RaftServerConfigKeys (ConfUtils.java:logGet(44)) - raft.server.log.purge.gap = 1000000 (custom)
2021-08-23 23:19:42,768 [pool-93-thread-1] INFO  server.RaftServerConfigKeys (ConfUtils.java:logGet(44)) - raft.server.log.appender.buffer.byte-limit = 33554432 (custom)
2021-08-23 23:19:42,768 [pool-93-thread-1] INFO  server.RaftServerConfigKeys (ConfUtils.java:logGet(44)) - raft.server.log.segment.size.max = 1048576 (custom)
2021-08-23 23:19:42,769 [pool-93-thread-1] INFO  server.RaftServerConfigKeys (ConfUtils.java:logGet(44)) - raft.server.log.segment.cache.num.max = 2 (custom)
2021-08-23 23:19:42,769 [pool-93-thread-1] INFO  server.RaftServerConfigKeys (ConfUtils.java:logGet(44)) - raft.server.log.segment.cache.size.max = 200MB (=209715200) (default)
2021-08-23 23:19:42,769 [pool-93-thread-1] INFO  segmented.SegmentedRaftLogWorker (SegmentedRaftLogWorker.java:<init>(182)) - new e06506bb-c7c9-4174-8cff-a1658cd313af@group-95F9150AC8B5-SegmentedRaftLogWorker for RaftStorageImpl:Storage Directory /home/runner/work/ozone/ozone/hadoop-ozone/integration-test/target/test-dir/MiniOzoneClusterImpl-994ab01d-a5c0-4516-a51a-b70458bd9cc3/datanode-2/data/ratis/cca89311-bd88-471a-8fe5-95f9150ac8b5
2021-08-23 23:19:42,769 [pool-93-thread-1] INFO  server.RaftServerConfigKeys (ConfUtils.java:logGet(44)) - raft.server.log.queue.byte-limit = 2147483647 (custom)
2021-08-23 23:19:42,769 [pool-93-thread-1] INFO  server.RaftServerConfigKeys (ConfUtils.java:logGet(44)) - raft.server.log.queue.element-limit = 1024 (custom)
2021-08-23 23:19:42,769 [pool-93-thread-1] INFO  server.RaftServerConfigKeys (ConfUtils.java:logGet(44)) - raft.server.log.segment.size.max = 1048576 (custom)
2021-08-23 23:19:42,769 [pool-93-thread-1] INFO  server.RaftServerConfigKeys (ConfUtils.java:logGet(44)) - raft.server.log.preallocated.size = 16384 (custom)
2021-08-23 23:19:42,769 [pool-93-thread-1] INFO  server.RaftServerConfigKeys (ConfUtils.java:logGet(44)) - raft.server.log.force.sync.num = 128 (default)
2021-08-23 23:19:42,769 [pool-93-thread-1] INFO  server.RaftServerConfigKeys (ConfUtils.java:logGet(44)) - raft.server.log.statemachine.data.sync = true (default)
2021-08-23 23:19:42,770 [pool-93-thread-1] INFO  server.RaftServerConfigKeys (ConfUtils.java:logGet(44)) - raft.server.log.statemachine.data.sync.timeout = 10s (default)
2021-08-23 23:19:42,770 [pool-93-thread-1] INFO  server.RaftServerConfigKeys (ConfUtils.java:logGet(44)) - raft.server.log.statemachine.data.sync.timeout.retry = -1 (default)
2021-08-23 23:19:42,771 [pool-93-thread-1] INFO  server.RaftServerConfigKeys (ConfUtils.java:logGet(44)) - raft.server.log.write.buffer.size = 1048576 (custom)
2021-08-23 23:19:42,771 [pool-93-thread-1] INFO  server.RaftServerConfigKeys (ConfUtils.java:logGet(44)) - raft.server.log.statemachine.data.caching.enabled = true (custom)
2021-08-23 23:19:42,772 [pool-93-thread-1] INFO  segmented.SegmentedRaftLogWorker (SegmentedRaftLogWorker.java:lambda$new$0(133)) - e06506bb-c7c9-4174-8cff-a1658cd313af@group-95F9150AC8B5-SegmentedRaftLogWorker: flushIndex: setUnconditionally 0 -> -1
2021-08-23 23:19:42,772 [pool-93-thread-1] INFO  segmented.SegmentedRaftLogWorker (SegmentedRaftLogWorker.java:lambda$new$0(133)) - e06506bb-c7c9-4174-8cff-a1658cd313af@group-95F9150AC8B5-SegmentedRaftLogWorker: safeCacheEvictIndex: setUnconditionally 0 -> -1
2021-08-23 23:19:42,772 [Datanode State Machine Thread - 0] WARN  statemachine.StateContext (StateContext.java:execute(621)) - No available thread in pool for past 1 seconds.
2021-08-23 23:19:42,776 [pool-93-thread-1] INFO  server.RaftServerConfigKeys (ConfUtils.java:logGet(44)) - raft.server.snapshot.auto.trigger.enabled = true (custom)
2021-08-23 23:19:42,776 [pool-93-thread-1] INFO  server.RaftServerConfigKeys (ConfUtils.java:logGet(44)) - raft.server.snapshot.auto.trigger.threshold = 10000 (custom)
2021-08-23 23:19:42,776 [pool-93-thread-1] INFO  server.RaftServerConfigKeys (ConfUtils.java:logGet(44)) - raft.server.snapshot.retention.file.num = 5 (custom)
2021-08-23 23:19:42,776 [pool-93-thread-1] INFO  server.RaftServerConfigKeys (ConfUtils.java:logGet(44)) - raft.server.log.purge.upto.snapshot.index = false (default)
2021-08-23 23:19:42,776 [pool-93-thread-1] INFO  server.RaftServerConfigKeys (ConfUtils.java:logGet(44)) - raft.server.retrycache.expirytime = 600000ms (custom)
2021-08-23 23:19:42,776 [pool-93-thread-1] INFO  server.RaftServerConfigKeys (ConfUtils.java:logGet(44)) - raft.server.retrycache.statistics.expirytime = 100μs (default)
2021-08-23 23:19:42,784 [pool-93-thread-1] INFO  server.RaftServer$Division (RaftServerImpl.java:start(296)) - e06506bb-c7c9-4174-8cff-a1658cd313af@group-95F9150AC8B5: start as a follower, conf=-1: [d8835383-dea3-45d4-b6e3-f656da7478fb|rpc:10.1.0.66:44819|dataStream:|priority:0, e06506bb-c7c9-4174-8cff-a1658cd313af|rpc:10.1.0.66:35525|dataStream:|priority:1, bf8c8c9e-9c71-482e-9792-8d809f4c5fef|rpc:10.1.0.66:33119|dataStream:|priority:0], old=null
2021-08-23 23:19:42,784 [pool-93-thread-1] INFO  server.RaftServer$Division (RaftServerImpl.java:setRole(285)) - e06506bb-c7c9-4174-8cff-a1658cd313af@group-95F9150AC8B5: changes role from      null to FOLLOWER at term 0 for startAsFollower
2021-08-23 23:19:42,784 [pool-93-thread-1] INFO  impl.RoleInfo (RoleInfo.java:updateAndGet(130)) - e06506bb-c7c9-4174-8cff-a1658cd313af: start e06506bb-c7c9-4174-8cff-a1658cd313af@group-95F9150AC8B5-FollowerState
2021-08-23 23:19:42,797 [pool-93-thread-1] INFO  util.JmxRegister (JmxRegister.java:tryRegister(44)) - Successfully registered JMX Bean with object name Ratis:service=RaftServer,group=group-95F9150AC8B5,id=e06506bb-c7c9-4174-8cff-a1658cd313af
2021-08-23 23:19:42,837 [Command processor thread] INFO  server.RaftServer (RaftServerProxy.java:addNew(95)) - e06506bb-c7c9-4174-8cff-a1658cd313af: addNew group-38AF53DE6B9A:[e06506bb-c7c9-4174-8cff-a1658cd313af|rpc:10.1.0.66:35525|priority:1] returns group-38AF53DE6B9A:java.util.concurrent.CompletableFuture@47fbf294[Not completed]
2021-08-23 23:19:42,838 [pool-93-thread-1] INFO  server.RaftServer$Division (RaftServerImpl.java:<init>(181)) - e06506bb-c7c9-4174-8cff-a1658cd313af: new RaftServerImpl for group-38AF53DE6B9A:[e06506bb-c7c9-4174-8cff-a1658cd313af|rpc:10.1.0.66:35525|priority:1] with ContainerStateMachine:uninitialized
2021-08-23 23:19:42,838 [pool-93-thread-1] INFO  server.RaftServerConfigKeys (ConfUtils.java:logGet(44)) - raft.server.rpc.timeout.min = 5s (custom)
2021-08-23 23:19:42,838 [pool-93-thread-1] INFO  server.RaftServerConfigKeys (ConfUtils.java:logGet(44)) - raft.server.rpc.timeout.max = 5200ms (custom)
2021-08-23 23:19:42,838 [pool-93-thread-1] INFO  server.RaftServerConfigKeys (ConfUtils.java:logGet(44)) - raft.server.rpc.sleep.time = 25ms (default)
2021-08-23 23:19:42,838 [pool-93-thread-1] INFO  server.RaftServerConfigKeys (ConfUtils.java:logGet(44)) - raft.server.rpc.slowness.timeout = 300000ms (custom)
2021-08-23 23:19:42,838 [pool-93-thread-1] INFO  server.RaftServerConfigKeys (ConfUtils.java:logGet(44)) - raft.server.leaderelection.leader.step-down.wait-time = 10s (default)
2021-08-23 23:19:42,838 [pool-93-thread-1] INFO  server.RaftServerConfigKeys (ConfUtils.java:logGet(44)) - raft.server.sleep.deviation.threshold = 300ms (default)
2021-08-23 23:19:42,838 [pool-93-thread-1] INFO  server.RaftServerConfigKeys (ConfUtils.java:logGet(44)) - raft.server.log.appender.install.snapshot.enabled = false (custom)
2021-08-23 23:19:42,838 [pool-93-thread-1] INFO  server.RaftServer$Division (ServerState.java:<init>(105)) - e06506bb-c7c9-4174-8cff-a1658cd313af@group-38AF53DE6B9A: ConfigurationManager, init=-1: [e06506bb-c7c9-4174-8cff-a1658cd313af|rpc:10.1.0.66:35525|priority:1], old=null, confs=<EMPTY_MAP>
2021-08-23 23:19:42,839 [pool-93-thread-1] INFO  server.RaftServerConfigKeys (ConfUtils.java:logGet(44)) - raft.server.storage.dir = [/home/runner/work/ozone/ozone/hadoop-ozone/integration-test/target/test-dir/MiniOzoneClusterImpl-994ab01d-a5c0-4516-a51a-b70458bd9cc3/datanode-2/data/ratis] (custom)
2021-08-23 23:19:42,839 [pool-93-thread-1] INFO  server.RaftServerConfigKeys (ConfUtils.java:logGet(44)) - raft.server.log.corruption.policy = EXCEPTION (default)
2021-08-23 23:19:42,839 [pool-93-thread-1] INFO  server.RaftServerConfigKeys (ConfUtils.java:logGet(44)) - raft.server.storage.free-space.min = 0MB (=0) (default)
2021-08-23 23:19:42,839 [pool-93-thread-1] INFO  storage.RaftStorageDirectory (RaftStorageDirectoryImpl.java:analyzeStorage(135)) - The storage directory /home/runner/work/ozone/ozone/hadoop-ozone/integration-test/target/test-dir/MiniOzoneClusterImpl-994ab01d-a5c0-4516-a51a-b70458bd9cc3/datanode-2/data/ratis/2967b3e5-5ca8-462d-a44c-38af53de6b9a does not exist. Creating ...
2021-08-23 23:19:42,845 [pool-93-thread-1] INFO  storage.RaftStorageDirectory (RaftStorageDirectoryImpl.java:tryLock(230)) - Lock on /home/runner/work/ozone/ozone/hadoop-ozone/integration-test/target/test-dir/MiniOzoneClusterImpl-994ab01d-a5c0-4516-a51a-b70458bd9cc3/datanode-2/data/ratis/2967b3e5-5ca8-462d-a44c-38af53de6b9a/in_use.lock acquired by nodename 2902@fv-az116-235
2021-08-23 23:19:42,845 [Command processor thread] INFO  commandhandler.CreatePipelineCommandHandler (CreatePipelineCommandHandler.java:handle(106)) - Created Pipeline RATIS THREE PipelineID=cca89311-bd88-471a-8fe5-95f9150ac8b5.
2021-08-23 23:19:42,846 [pool-93-thread-1] INFO  storage.RaftStorage (RaftStorageImpl.java:format(89)) - Storage directory /home/runner/work/ozone/ozone/hadoop-ozone/integration-test/target/test-dir/MiniOzoneClusterImpl-994ab01d-a5c0-4516-a51a-b70458bd9cc3/datanode-2/data/ratis/2967b3e5-5ca8-462d-a44c-38af53de6b9a has been successfully formatted.
2021-08-23 23:19:42,847 [Datanode State Machine Thread - 0] WARN  statemachine.StateContext (StateContext.java:execute(621)) - No available thread in pool for past 1 seconds.
2021-08-23 23:19:42,847 [pool-93-thread-1] INFO  ratis.ContainerStateMachine (ContainerStateMachine.java:loadSnapshot(225)) - group-38AF53DE6B9A: The snapshot info is null. Setting the last applied indexto:(t:0, i:~)
2021-08-23 23:19:42,847 [pool-93-thread-1] INFO  server.RaftServerConfigKeys (ConfUtils.java:logGet(44)) - raft.server.notification.no-leader.timeout = 300000ms (custom)
2021-08-23 23:19:42,848 [pool-93-thread-1] INFO  server.RaftServerConfigKeys (ConfUtils.java:logGet(44)) - raft.server.log.use.memory = false (default)
2021-08-23 23:19:42,848 [pool-93-thread-1] INFO  server.RaftServerConfigKeys (ConfUtils.java:logGet(44)) - raft.server.log.purge.gap = 1000000 (custom)
2021-08-23 23:19:42,848 [pool-93-thread-1] INFO  server.RaftServerConfigKeys (ConfUtils.java:logGet(44)) - raft.server.log.appender.buffer.byte-limit = 33554432 (custom)
2021-08-23 23:19:42,848 [pool-93-thread-1] INFO  server.RaftServerConfigKeys (ConfUtils.java:logGet(44)) - raft.server.log.segment.size.max = 1048576 (custom)
2021-08-23 23:19:42,848 [pool-93-thread-1] INFO  server.RaftServerConfigKeys (ConfUtils.java:logGet(44)) - raft.server.log.segment.cache.num.max = 2 (custom)
2021-08-23 23:19:42,848 [pool-93-thread-1] INFO  server.RaftServerConfigKeys (ConfUtils.java:logGet(44)) - raft.server.log.segment.cache.size.max = 200MB (=209715200) (default)
2021-08-23 23:19:42,850 [pool-93-thread-1] INFO  segmented.SegmentedRaftLogWorker (SegmentedRaftLogWorker.java:<init>(182)) - new e06506bb-c7c9-4174-8cff-a1658cd313af@group-38AF53DE6B9A-SegmentedRaftLogWorker for RaftStorageImpl:Storage Directory /home/runner/work/ozone/ozone/hadoop-ozone/integration-test/target/test-dir/MiniOzoneClusterImpl-994ab01d-a5c0-4516-a51a-b70458bd9cc3/datanode-2/data/ratis/2967b3e5-5ca8-462d-a44c-38af53de6b9a
2021-08-23 23:19:42,850 [pool-93-thread-1] INFO  server.RaftServerConfigKeys (ConfUtils.java:logGet(44)) - raft.server.log.queue.byte-limit = 2147483647 (custom)
2021-08-23 23:19:42,850 [pool-93-thread-1] INFO  server.RaftServerConfigKeys (ConfUtils.java:logGet(44)) - raft.server.log.queue.element-limit = 1024 (custom)
2021-08-23 23:19:42,850 [pool-93-thread-1] INFO  server.RaftServerConfigKeys (ConfUtils.java:logGet(44)) - raft.server.log.segment.size.max = 1048576 (custom)
2021-08-23 23:19:42,850 [pool-93-thread-1] INFO  server.RaftServerConfigKeys (ConfUtils.java:logGet(44)) - raft.server.log.preallocated.size = 16384 (custom)
2021-08-23 23:19:42,851 [pool-93-thread-1] INFO  server.RaftServerConfigKeys (ConfUtils.java:logGet(44)) - raft.server.log.force.sync.num = 128 (default)
2021-08-23 23:19:42,851 [pool-93-thread-1] INFO  server.RaftServerConfigKeys (ConfUtils.java:logGet(44)) - raft.server.log.statemachine.data.sync = true (default)
2021-08-23 23:19:42,851 [pool-93-thread-1] INFO  server.RaftServerConfigKeys (ConfUtils.java:logGet(44)) - raft.server.log.statemachine.data.sync.timeout = 10s (default)
2021-08-23 23:19:42,851 [pool-93-thread-1] INFO  server.RaftServerConfigKeys (ConfUtils.java:logGet(44)) - raft.server.log.statemachine.data.sync.timeout.retry = -1 (default)
2021-08-23 23:19:42,854 [pool-93-thread-1] INFO  server.RaftServerConfigKeys (ConfUtils.java:logGet(44)) - raft.server.log.write.buffer.size = 1048576 (custom)
2021-08-23 23:19:42,855 [pool-93-thread-1] INFO  server.RaftServerConfigKeys (ConfUtils.java:logGet(44)) - raft.server.log.statemachine.data.caching.enabled = true (custom)
2021-08-23 23:19:42,856 [EventQueue-PipelineReportForPipelineReportHandler] INFO  pipeline.PipelineManagerImpl (PipelineManagerImpl.java:openPipeline(283)) - Pipeline Pipeline[ Id: 2967b3e5-5ca8-462d-a44c-38af53de6b9a, Nodes: e06506bb-c7c9-4174-8cff-a1658cd313af{ip: 10.1.0.66, host: fv-az116-235.vzw04321ajxubdbcnpick5nqva.xx.internal.cloudapp.net, ports: [REPLICATION=36805, RATIS=35525, RATIS_ADMIN=35525, RATIS_SERVER=35525, STANDALONE=32849], networkLocation: /default-rack, certSerialId: null, persistedOpState: IN_SERVICE, persistedOpStateExpiryEpochSec: 0}, ReplicationConfig: RATIS/ONE, State:ALLOCATED, leaderId:e06506bb-c7c9-4174-8cff-a1658cd313af, CreationTimestamp2021-08-23T23:19:39.842Z[Etc/UTC]] moved to OPEN state
2021-08-23 23:19:42,865 [EventQueue-OpenPipelineForHealthyPipelineSafeModeRule] INFO  safemode.SCMSafeModeManager (HealthyPipelineSafeModeRule.java:process(124)) - SCM in safe mode. Healthy pipelines reported count is 0, required healthy pipeline reported count is 1
2021-08-23 23:19:42,871 [pool-93-thread-1] INFO  segmented.SegmentedRaftLogWorker (SegmentedRaftLogWorker.java:lambda$new$0(133)) - e06506bb-c7c9-4174-8cff-a1658cd313af@group-38AF53DE6B9A-SegmentedRaftLogWorker: flushIndex: setUnconditionally 0 -> -1
2021-08-23 23:19:42,873 [pool-93-thread-1] INFO  segmented.SegmentedRaftLogWorker (SegmentedRaftLogWorker.java:lambda$new$0(133)) - e06506bb-c7c9-4174-8cff-a1658cd313af@group-38AF53DE6B9A-SegmentedRaftLogWorker: safeCacheEvictIndex: setUnconditionally 0 -> -1
2021-08-23 23:19:42,877 [pool-93-thread-1] INFO  server.RaftServerConfigKeys (ConfUtils.java:logGet(44)) - raft.server.snapshot.auto.trigger.enabled = true (custom)
2021-08-23 23:19:42,877 [pool-93-thread-1] INFO  server.RaftServerConfigKeys (ConfUtils.java:logGet(44)) - raft.server.snapshot.auto.trigger.threshold = 10000 (custom)
2021-08-23 23:19:42,877 [pool-93-thread-1] INFO  server.RaftServerConfigKeys (ConfUtils.java:logGet(44)) - raft.server.snapshot.retention.file.num = 5 (custom)
2021-08-23 23:19:42,877 [pool-93-thread-1] INFO  server.RaftServerConfigKeys (ConfUtils.java:logGet(44)) - raft.server.log.purge.upto.snapshot.index = false (default)
2021-08-23 23:19:42,883 [pool-93-thread-1] INFO  server.RaftServerConfigKeys (ConfUtils.java:logGet(44)) - raft.server.retrycache.expirytime = 600000ms (custom)
2021-08-23 23:19:42,883 [pool-93-thread-1] INFO  server.RaftServerConfigKeys (ConfUtils.java:logGet(44)) - raft.server.retrycache.statistics.expirytime = 100μs (default)
2021-08-23 23:19:42,885 [pool-93-thread-1] INFO  server.RaftServer$Division (RaftServerImpl.java:start(296)) - e06506bb-c7c9-4174-8cff-a1658cd313af@group-38AF53DE6B9A: start as a follower, conf=-1: [e06506bb-c7c9-4174-8cff-a1658cd313af|rpc:10.1.0.66:35525|priority:1], old=null
2021-08-23 23:19:42,885 [pool-93-thread-1] INFO  server.RaftServer$Division (RaftServerImpl.java:setRole(285)) - e06506bb-c7c9-4174-8cff-a1658cd313af@group-38AF53DE6B9A: changes role from      null to FOLLOWER at term 0 for startAsFollower
2021-08-23 23:19:42,885 [pool-93-thread-1] INFO  impl.RoleInfo (RoleInfo.java:updateAndGet(130)) - e06506bb-c7c9-4174-8cff-a1658cd313af: start e06506bb-c7c9-4174-8cff-a1658cd313af@group-38AF53DE6B9A-FollowerState
2021-08-23 23:19:42,885 [pool-93-thread-1] INFO  util.JmxRegister (JmxRegister.java:tryRegister(44)) - Successfully registered JMX Bean with object name Ratis:service=RaftServer,group=group-38AF53DE6B9A,id=e06506bb-c7c9-4174-8cff-a1658cd313af
2021-08-23 23:19:42,886 [Command processor thread] INFO  ratis.XceiverServerRatis (XceiverServerRatis.java:addGroup(763)) - Created group PipelineID=2967b3e5-5ca8-462d-a44c-38af53de6b9a
2021-08-23 23:19:42,886 [Command processor thread] INFO  commandhandler.CreatePipelineCommandHandler (CreatePipelineCommandHandler.java:handle(106)) - Created Pipeline RATIS ONE PipelineID=2967b3e5-5ca8-462d-a44c-38af53de6b9a.
2021-08-23 23:19:42,891 [Listener at 127.0.0.1/36523] INFO  ozone.MiniOzoneClusterImpl (MiniOzoneClusterImpl.java:lambda$waitForClusterToBeReady$0(235)) - Nodes are ready. Got 9 of 9 DN Heartbeats.
2021-08-23 23:19:42,891 [Listener at 127.0.0.1/36523] INFO  ozone.MiniOzoneClusterImpl (MiniOzoneClusterImpl.java:lambda$waitForClusterToBeReady$0(238)) - Waiting for cluster to exit safe mode
2021-08-23 23:19:42,892 [Listener at 127.0.0.1/36523] INFO  ozone.MiniOzoneClusterImpl (MiniOzoneClusterImpl.java:lambda$waitForClusterToBeReady$0(240)) - SCM became leader
2021-08-23 23:19:42,907 [Command processor thread] INFO  commandhandler.CreatePipelineCommandHandler (CreatePipelineCommandHandler.java:handle(106)) - Created Pipeline RATIS THREE PipelineID=cca89311-bd88-471a-8fe5-95f9150ac8b5.
2021-08-23 23:19:42,985 [Command processor thread] INFO  server.RaftServer (RaftServerProxy.java:addNew(95)) - 3238dd0b-ba1a-45d4-9446-116bc825e875: addNew group-F556EF88CAE5:[3238dd0b-ba1a-45d4-9446-116bc825e875|rpc:10.1.0.66:42759|priority:1] returns group-F556EF88CAE5:java.util.concurrent.CompletableFuture@2363cf51[Not completed]
2021-08-23 23:19:42,990 [pool-112-thread-1] INFO  server.RaftServer$Division (RaftServerImpl.java:<init>(181)) - 3238dd0b-ba1a-45d4-9446-116bc825e875: new RaftServerImpl for group-F556EF88CAE5:[3238dd0b-ba1a-45d4-9446-116bc825e875|rpc:10.1.0.66:42759|priority:1] with ContainerStateMachine:uninitialized
2021-08-23 23:19:42,990 [pool-112-thread-1] INFO  server.RaftServerConfigKeys (ConfUtils.java:logGet(44)) - raft.server.rpc.timeout.min = 5s (custom)
2021-08-23 23:19:42,990 [pool-112-thread-1] INFO  server.RaftServerConfigKeys (ConfUtils.java:logGet(44)) - raft.server.rpc.timeout.max = 5200ms (custom)
2021-08-23 23:19:42,991 [pool-112-thread-1] INFO  server.RaftServerConfigKeys (ConfUtils.java:logGet(44)) - raft.server.rpc.sleep.time = 25ms (default)
2021-08-23 23:19:42,991 [pool-112-thread-1] INFO  server.RaftServerConfigKeys (ConfUtils.java:logGet(44)) - raft.server.rpc.slowness.timeout = 300000ms (custom)
2021-08-23 23:19:42,991 [pool-112-thread-1] INFO  server.RaftServerConfigKeys (ConfUtils.java:logGet(44)) - raft.server.leaderelection.leader.step-down.wait-time = 10s (default)
2021-08-23 23:19:42,991 [pool-112-thread-1] INFO  server.RaftServerConfigKeys (ConfUtils.java:logGet(44)) - raft.server.sleep.deviation.threshold = 300ms (default)
2021-08-23 23:19:42,991 [pool-112-thread-1] INFO  server.RaftServerConfigKeys (ConfUtils.java:logGet(44)) - raft.server.log.appender.install.snapshot.enabled = false (custom)
2021-08-23 23:19:42,991 [pool-112-thread-1] INFO  server.RaftServer$Division (ServerState.java:<init>(105)) - 3238dd0b-ba1a-45d4-9446-116bc825e875@group-F556EF88CAE5: ConfigurationManager, init=-1: [3238dd0b-ba1a-45d4-9446-116bc825e875|rpc:10.1.0.66:42759|priority:1], old=null, confs=<EMPTY_MAP>
2021-08-23 23:19:42,991 [pool-112-thread-1] INFO  server.RaftServerConfigKeys (ConfUtils.java:logGet(44)) - raft.server.storage.dir = [/home/runner/work/ozone/ozone/hadoop-ozone/integration-test/target/test-dir/MiniOzoneClusterImpl-994ab01d-a5c0-4516-a51a-b70458bd9cc3/datanode-3/data/ratis] (custom)
2021-08-23 23:19:42,991 [pool-112-thread-1] INFO  server.RaftServerConfigKeys (ConfUtils.java:logGet(44)) - raft.server.log.corruption.policy = EXCEPTION (default)
2021-08-23 23:19:42,991 [pool-112-thread-1] INFO  server.RaftServerConfigKeys (ConfUtils.java:logGet(44)) - raft.server.storage.free-space.min = 0MB (=0) (default)
2021-08-23 23:19:42,991 [pool-112-thread-1] INFO  storage.RaftStorageDirectory (RaftStorageDirectoryImpl.java:analyzeStorage(135)) - The storage directory /home/runner/work/ozone/ozone/hadoop-ozone/integration-test/target/test-dir/MiniOzoneClusterImpl-994ab01d-a5c0-4516-a51a-b70458bd9cc3/datanode-3/data/ratis/70b016ad-9b8b-4c06-83dc-f556ef88cae5 does not exist. Creating ...
2021-08-23 23:19:42,992 [pool-112-thread-1] INFO  storage.RaftStorageDirectory (RaftStorageDirectoryImpl.java:tryLock(230)) - Lock on /home/runner/work/ozone/ozone/hadoop-ozone/integration-test/target/test-dir/MiniOzoneClusterImpl-994ab01d-a5c0-4516-a51a-b70458bd9cc3/datanode-3/data/ratis/70b016ad-9b8b-4c06-83dc-f556ef88cae5/in_use.lock acquired by nodename 2902@fv-az116-235
2021-08-23 23:19:42,994 [pool-112-thread-1] INFO  storage.RaftStorage (RaftStorageImpl.java:format(89)) - Storage directory /home/runner/work/ozone/ozone/hadoop-ozone/integration-test/target/test-dir/MiniOzoneClusterImpl-994ab01d-a5c0-4516-a51a-b70458bd9cc3/datanode-3/data/ratis/70b016ad-9b8b-4c06-83dc-f556ef88cae5 has been successfully formatted.
2021-08-23 23:19:42,995 [pool-112-thread-1] INFO  ratis.ContainerStateMachine (ContainerStateMachine.java:loadSnapshot(225)) - group-F556EF88CAE5: The snapshot info is null. Setting the last applied indexto:(t:0, i:~)
2021-08-23 23:19:42,995 [pool-112-thread-1] INFO  server.RaftServerConfigKeys (ConfUtils.java:logGet(44)) - raft.server.notification.no-leader.timeout = 300000ms (custom)
2021-08-23 23:19:42,996 [pool-112-thread-1] INFO  server.RaftServerConfigKeys (ConfUtils.java:logGet(44)) - raft.server.log.use.memory = false (default)
2021-08-23 23:19:42,996 [pool-112-thread-1] INFO  server.RaftServerConfigKeys (ConfUtils.java:logGet(44)) - raft.server.log.purge.gap = 1000000 (custom)
2021-08-23 23:19:42,996 [pool-112-thread-1] INFO  server.RaftServerConfigKeys (ConfUtils.java:logGet(44)) - raft.server.log.appender.buffer.byte-limit = 33554432 (custom)
2021-08-23 23:19:42,998 [EventQueue-PipelineReportForPipelineReportHandler] INFO  pipeline.PipelineManagerImpl (PipelineManagerImpl.java:openPipeline(283)) - Pipeline Pipeline[ Id: 70b016ad-9b8b-4c06-83dc-f556ef88cae5, Nodes: 3238dd0b-ba1a-45d4-9446-116bc825e875{ip: 10.1.0.66, host: fv-az116-235.vzw04321ajxubdbcnpick5nqva.xx.internal.cloudapp.net, ports: [REPLICATION=36049, RATIS=42759, RATIS_ADMIN=42759, RATIS_SERVER=42759, STANDALONE=41295], networkLocation: /default-rack, certSerialId: null, persistedOpState: IN_SERVICE, persistedOpStateExpiryEpochSec: 0}, ReplicationConfig: RATIS/ONE, State:ALLOCATED, leaderId:3238dd0b-ba1a-45d4-9446-116bc825e875, CreationTimestamp2021-08-23T23:19:39.987Z[Etc/UTC]] moved to OPEN state
2021-08-23 23:19:42,999 [EventQueue-OpenPipelineForHealthyPipelineSafeModeRule] INFO  safemode.SCMSafeModeManager (HealthyPipelineSafeModeRule.java:process(124)) - SCM in safe mode. Healthy pipelines reported count is 0, required healthy pipeline reported count is 1
2021-08-23 23:19:42,999 [pool-112-thread-1] INFO  server.RaftServerConfigKeys (ConfUtils.java:logGet(44)) - raft.server.log.segment.size.max = 1048576 (custom)
2021-08-23 23:19:43,001 [pool-112-thread-1] INFO  server.RaftServerConfigKeys (ConfUtils.java:logGet(44)) - raft.server.log.segment.cache.num.max = 2 (custom)
2021-08-23 23:19:43,001 [pool-112-thread-1] INFO  server.RaftServerConfigKeys (ConfUtils.java:logGet(44)) - raft.server.log.segment.cache.size.max = 200MB (=209715200) (default)
2021-08-23 23:19:43,002 [pool-112-thread-1] INFO  segmented.SegmentedRaftLogWorker (SegmentedRaftLogWorker.java:<init>(182)) - new 3238dd0b-ba1a-45d4-9446-116bc825e875@group-F556EF88CAE5-SegmentedRaftLogWorker for RaftStorageImpl:Storage Directory /home/runner/work/ozone/ozone/hadoop-ozone/integration-test/target/test-dir/MiniOzoneClusterImpl-994ab01d-a5c0-4516-a51a-b70458bd9cc3/datanode-3/data/ratis/70b016ad-9b8b-4c06-83dc-f556ef88cae5
2021-08-23 23:19:43,002 [pool-112-thread-1] INFO  server.RaftServerConfigKeys (ConfUtils.java:logGet(44)) - raft.server.log.queue.byte-limit = 2147483647 (custom)
2021-08-23 23:19:43,002 [pool-112-thread-1] INFO  server.RaftServerConfigKeys (ConfUtils.java:logGet(44)) - raft.server.log.queue.element-limit = 1024 (custom)
2021-08-23 23:19:43,002 [pool-112-thread-1] INFO  server.RaftServerConfigKeys (ConfUtils.java:logGet(44)) - raft.server.log.segment.size.max = 1048576 (custom)
2021-08-23 23:19:43,002 [pool-112-thread-1] INFO  server.RaftServerConfigKeys (ConfUtils.java:logGet(44)) - raft.server.log.preallocated.size = 16384 (custom)
2021-08-23 23:19:43,002 [pool-112-thread-1] INFO  server.RaftServerConfigKeys (ConfUtils.java:logGet(44)) - raft.server.log.force.sync.num = 128 (default)
2021-08-23 23:19:43,002 [pool-112-thread-1] INFO  server.RaftServerConfigKeys (ConfUtils.java:logGet(44)) - raft.server.log.statemachine.data.sync = true (default)
2021-08-23 23:19:43,002 [pool-112-thread-1] INFO  server.RaftServerConfigKeys (ConfUtils.java:logGet(44)) - raft.server.log.statemachine.data.sync.timeout = 10s (default)
2021-08-23 23:19:43,002 [pool-112-thread-1] INFO  server.RaftServerConfigKeys (ConfUtils.java:logGet(44)) - raft.server.log.statemachine.data.sync.timeout.retry = -1 (default)
2021-08-23 23:19:43,003 [pool-112-thread-1] INFO  server.RaftServerConfigKeys (ConfUtils.java:logGet(44)) - raft.server.log.write.buffer.size = 1048576 (custom)
2021-08-23 23:19:43,003 [pool-112-thread-1] INFO  server.RaftServerConfigKeys (ConfUtils.java:logGet(44)) - raft.server.log.statemachine.data.caching.enabled = true (custom)
2021-08-23 23:19:43,004 [pool-112-thread-1] INFO  segmented.SegmentedRaftLogWorker (SegmentedRaftLogWorker.java:lambda$new$0(133)) - 3238dd0b-ba1a-45d4-9446-116bc825e875@group-F556EF88CAE5-SegmentedRaftLogWorker: flushIndex: setUnconditionally 0 -> -1
2021-08-23 23:19:43,004 [pool-112-thread-1] INFO  segmented.SegmentedRaftLogWorker (SegmentedRaftLogWorker.java:lambda$new$0(133)) - 3238dd0b-ba1a-45d4-9446-116bc825e875@group-F556EF88CAE5-SegmentedRaftLogWorker: safeCacheEvictIndex: setUnconditionally 0 -> -1
2021-08-23 23:19:43,006 [pool-112-thread-1] INFO  server.RaftServerConfigKeys (ConfUtils.java:logGet(44)) - raft.server.snapshot.auto.trigger.enabled = true (custom)
2021-08-23 23:19:43,006 [pool-112-thread-1] INFO  server.RaftServerConfigKeys (ConfUtils.java:logGet(44)) - raft.server.snapshot.auto.trigger.threshold = 10000 (custom)
2021-08-23 23:19:43,006 [pool-112-thread-1] INFO  server.RaftServerConfigKeys (ConfUtils.java:logGet(44)) - raft.server.snapshot.retention.file.num = 5 (custom)
2021-08-23 23:19:43,006 [pool-112-thread-1] INFO  server.RaftServerConfigKeys (ConfUtils.java:logGet(44)) - raft.server.log.purge.upto.snapshot.index = false (default)
2021-08-23 23:19:43,006 [pool-112-thread-1] INFO  server.RaftServerConfigKeys (ConfUtils.java:logGet(44)) - raft.server.retrycache.expirytime = 600000ms (custom)
2021-08-23 23:19:43,006 [pool-112-thread-1] INFO  server.RaftServerConfigKeys (ConfUtils.java:logGet(44)) - raft.server.retrycache.statistics.expirytime = 100μs (default)
2021-08-23 23:19:43,008 [pool-112-thread-1] INFO  server.RaftServer$Division (RaftServerImpl.java:start(296)) - 3238dd0b-ba1a-45d4-9446-116bc825e875@group-F556EF88CAE5: start as a follower, conf=-1: [3238dd0b-ba1a-45d4-9446-116bc825e875|rpc:10.1.0.66:42759|priority:1], old=null
2021-08-23 23:19:43,008 [pool-112-thread-1] INFO  server.RaftServer$Division (RaftServerImpl.java:setRole(285)) - 3238dd0b-ba1a-45d4-9446-116bc825e875@group-F556EF88CAE5: changes role from      null to FOLLOWER at term 0 for startAsFollower
2021-08-23 23:19:43,008 [pool-112-thread-1] INFO  impl.RoleInfo (RoleInfo.java:updateAndGet(130)) - 3238dd0b-ba1a-45d4-9446-116bc825e875: start 3238dd0b-ba1a-45d4-9446-116bc825e875@group-F556EF88CAE5-FollowerState
2021-08-23 23:19:43,012 [pool-112-thread-1] INFO  util.JmxRegister (JmxRegister.java:tryRegister(44)) - Successfully registered JMX Bean with object name Ratis:service=RaftServer,group=group-F556EF88CAE5,id=3238dd0b-ba1a-45d4-9446-116bc825e875
2021-08-23 23:19:43,016 [Command processor thread] INFO  ratis.XceiverServerRatis (XceiverServerRatis.java:addGroup(763)) - Created group PipelineID=70b016ad-9b8b-4c06-83dc-f556ef88cae5
2021-08-23 23:19:43,016 [Command processor thread] INFO  commandhandler.CreatePipelineCommandHandler (CreatePipelineCommandHandler.java:handle(106)) - Created Pipeline RATIS ONE PipelineID=70b016ad-9b8b-4c06-83dc-f556ef88cae5.
2021-08-23 23:19:43,017 [Command processor thread] INFO  server.RaftServer (RaftServerProxy.java:addNew(95)) - 3238dd0b-ba1a-45d4-9446-116bc825e875: addNew group-CF7D474DFDFA:[cb3402e3-c902-40a3-9f81-e5c4ad664dcb|rpc:10.1.0.66:42775|priority:0, 3238dd0b-ba1a-45d4-9446-116bc825e875|rpc:10.1.0.66:42759|priority:1, 7fc41cb1-4817-42a7-9d7d-8c23a540b464|rpc:10.1.0.66:44581|priority:0] returns group-CF7D474DFDFA:java.util.concurrent.CompletableFuture@275c4fe5[Not completed]
2021-08-23 23:19:43,017 [pool-112-thread-1] INFO  server.RaftServer$Division (RaftServerImpl.java:<init>(181)) - 3238dd0b-ba1a-45d4-9446-116bc825e875: new RaftServerImpl for group-CF7D474DFDFA:[cb3402e3-c902-40a3-9f81-e5c4ad664dcb|rpc:10.1.0.66:42775|priority:0, 3238dd0b-ba1a-45d4-9446-116bc825e875|rpc:10.1.0.66:42759|priority:1, 7fc41cb1-4817-42a7-9d7d-8c23a540b464|rpc:10.1.0.66:44581|priority:0] with ContainerStateMachine:uninitialized
2021-08-23 23:19:43,018 [pool-112-thread-1] INFO  server.RaftServerConfigKeys (ConfUtils.java:logGet(44)) - raft.server.rpc.timeout.min = 5s (custom)
2021-08-23 23:19:43,018 [pool-112-thread-1] INFO  server.RaftServerConfigKeys (ConfUtils.java:logGet(44)) - raft.server.rpc.timeout.max = 5200ms (custom)
2021-08-23 23:19:43,018 [pool-112-thread-1] INFO  server.RaftServerConfigKeys (ConfUtils.java:logGet(44)) - raft.server.rpc.sleep.time = 25ms (default)
2021-08-23 23:19:43,018 [pool-112-thread-1] INFO  server.RaftServerConfigKeys (ConfUtils.java:logGet(44)) - raft.server.rpc.slowness.timeout = 300000ms (custom)
2021-08-23 23:19:43,018 [pool-112-thread-1] INFO  server.RaftServerConfigKeys (ConfUtils.java:logGet(44)) - raft.server.leaderelection.leader.step-down.wait-time = 10s (default)
2021-08-23 23:19:43,018 [pool-112-thread-1] INFO  server.RaftServerConfigKeys (ConfUtils.java:logGet(44)) - raft.server.sleep.deviation.threshold = 300ms (default)
2021-08-23 23:19:43,018 [pool-112-thread-1] INFO  server.RaftServerConfigKeys (ConfUtils.java:logGet(44)) - raft.server.log.appender.install.snapshot.enabled = false (custom)
2021-08-23 23:19:43,019 [pool-112-thread-1] INFO  server.RaftServer$Division (ServerState.java:<init>(105)) - 3238dd0b-ba1a-45d4-9446-116bc825e875@group-CF7D474DFDFA: ConfigurationManager, init=-1: [cb3402e3-c902-40a3-9f81-e5c4ad664dcb|rpc:10.1.0.66:42775|priority:0, 3238dd0b-ba1a-45d4-9446-116bc825e875|rpc:10.1.0.66:42759|priority:1, 7fc41cb1-4817-42a7-9d7d-8c23a540b464|rpc:10.1.0.66:44581|priority:0], old=null, confs=<EMPTY_MAP>
2021-08-23 23:19:43,019 [pool-112-thread-1] INFO  server.RaftServerConfigKeys (ConfUtils.java:logGet(44)) - raft.server.storage.dir = [/home/runner/work/ozone/ozone/hadoop-ozone/integration-test/target/test-dir/MiniOzoneClusterImpl-994ab01d-a5c0-4516-a51a-b70458bd9cc3/datanode-3/data/ratis] (custom)
2021-08-23 23:19:43,019 [pool-112-thread-1] INFO  server.RaftServerConfigKeys (ConfUtils.java:logGet(44)) - raft.server.log.corruption.policy = EXCEPTION (default)
2021-08-23 23:19:43,019 [pool-112-thread-1] INFO  server.RaftServerConfigKeys (ConfUtils.java:logGet(44)) - raft.server.storage.free-space.min = 0MB (=0) (default)
2021-08-23 23:19:43,019 [pool-112-thread-1] INFO  storage.RaftStorageDirectory (RaftStorageDirectoryImpl.java:analyzeStorage(135)) - The storage directory /home/runner/work/ozone/ozone/hadoop-ozone/integration-test/target/test-dir/MiniOzoneClusterImpl-994ab01d-a5c0-4516-a51a-b70458bd9cc3/datanode-3/data/ratis/e136d1d0-d591-4cb2-84c9-cf7d474dfdfa does not exist. Creating ...
2021-08-23 23:19:43,020 [pool-112-thread-1] INFO  storage.RaftStorageDirectory (RaftStorageDirectoryImpl.java:tryLock(230)) - Lock on /home/runner/work/ozone/ozone/hadoop-ozone/integration-test/target/test-dir/MiniOzoneClusterImpl-994ab01d-a5c0-4516-a51a-b70458bd9cc3/datanode-3/data/ratis/e136d1d0-d591-4cb2-84c9-cf7d474dfdfa/in_use.lock acquired by nodename 2902@fv-az116-235
2021-08-23 23:19:43,021 [pool-112-thread-1] INFO  storage.RaftStorage (RaftStorageImpl.java:format(89)) - Storage directory /home/runner/work/ozone/ozone/hadoop-ozone/integration-test/target/test-dir/MiniOzoneClusterImpl-994ab01d-a5c0-4516-a51a-b70458bd9cc3/datanode-3/data/ratis/e136d1d0-d591-4cb2-84c9-cf7d474dfdfa has been successfully formatted.
2021-08-23 23:19:43,021 [pool-112-thread-1] INFO  ratis.ContainerStateMachine (ContainerStateMachine.java:loadSnapshot(225)) - group-CF7D474DFDFA: The snapshot info is null. Setting the last applied indexto:(t:0, i:~)
2021-08-23 23:19:43,022 [pool-112-thread-1] INFO  server.RaftServerConfigKeys (ConfUtils.java:logGet(44)) - raft.server.notification.no-leader.timeout = 300000ms (custom)
2021-08-23 23:19:43,022 [pool-112-thread-1] INFO  server.RaftServerConfigKeys (ConfUtils.java:logGet(44)) - raft.server.log.use.memory = false (default)
2021-08-23 23:19:43,022 [Datanode State Machine Thread - 0] WARN  statemachine.StateContext (StateContext.java:execute(621)) - No available thread in pool for past 1 seconds.
2021-08-23 23:19:43,023 [pool-112-thread-1] INFO  server.RaftServerConfigKeys (ConfUtils.java:logGet(44)) - raft.server.log.purge.gap = 1000000 (custom)
2021-08-23 23:19:43,023 [EventQueue-OpenPipelineForHealthyPipelineSafeModeRule] INFO  safemode.SCMSafeModeManager (HealthyPipelineSafeModeRule.java:process(124)) - SCM in safe mode. Healthy pipelines reported count is 0, required healthy pipeline reported count is 1
2021-08-23 23:19:43,023 [pool-112-thread-1] INFO  server.RaftServerConfigKeys (ConfUtils.java:logGet(44)) - raft.server.log.appender.buffer.byte-limit = 33554432 (custom)
2021-08-23 23:19:43,024 [pool-112-thread-1] INFO  server.RaftServerConfigKeys (ConfUtils.java:logGet(44)) - raft.server.log.segment.size.max = 1048576 (custom)
2021-08-23 23:19:43,025 [pool-112-thread-1] INFO  server.RaftServerConfigKeys (ConfUtils.java:logGet(44)) - raft.server.log.segment.cache.num.max = 2 (custom)
2021-08-23 23:19:43,025 [pool-112-thread-1] INFO  server.RaftServerConfigKeys (ConfUtils.java:logGet(44)) - raft.server.log.segment.cache.size.max = 200MB (=209715200) (default)
2021-08-23 23:19:43,025 [pool-112-thread-1] INFO  segmented.SegmentedRaftLogWorker (SegmentedRaftLogWorker.java:<init>(182)) - new 3238dd0b-ba1a-45d4-9446-116bc825e875@group-CF7D474DFDFA-SegmentedRaftLogWorker for RaftStorageImpl:Storage Directory /home/runner/work/ozone/ozone/hadoop-ozone/integration-test/target/test-dir/MiniOzoneClusterImpl-994ab01d-a5c0-4516-a51a-b70458bd9cc3/datanode-3/data/ratis/e136d1d0-d591-4cb2-84c9-cf7d474dfdfa
2021-08-23 23:19:43,025 [pool-112-thread-1] INFO  server.RaftServerConfigKeys (ConfUtils.java:logGet(44)) - raft.server.log.queue.byte-limit = 2147483647 (custom)
2021-08-23 23:19:43,025 [pool-112-thread-1] INFO  server.RaftServerConfigKeys (ConfUtils.java:logGet(44)) - raft.server.log.queue.element-limit = 1024 (custom)
2021-08-23 23:19:43,025 [pool-112-thread-1] INFO  server.RaftServerConfigKeys (ConfUtils.java:logGet(44)) - raft.server.log.segment.size.max = 1048576 (custom)
2021-08-23 23:19:43,025 [pool-112-thread-1] INFO  server.RaftServerConfigKeys (ConfUtils.java:logGet(44)) - raft.server.log.preallocated.size = 16384 (custom)
2021-08-23 23:19:43,025 [pool-112-thread-1] INFO  server.RaftServerConfigKeys (ConfUtils.java:logGet(44)) - raft.server.log.force.sync.num = 128 (default)
2021-08-23 23:19:43,025 [pool-112-thread-1] INFO  server.RaftServerConfigKeys (ConfUtils.java:logGet(44)) - raft.server.log.statemachine.data.sync = true (default)
2021-08-23 23:19:43,026 [pool-112-thread-1] INFO  server.RaftServerConfigKeys (ConfUtils.java:logGet(44)) - raft.server.log.statemachine.data.sync.timeout = 10s (default)
2021-08-23 23:19:43,026 [pool-112-thread-1] INFO  server.RaftServerConfigKeys (ConfUtils.java:logGet(44)) - raft.server.log.statemachine.data.sync.timeout.retry = -1 (default)
2021-08-23 23:19:43,027 [pool-112-thread-1] INFO  server.RaftServerConfigKeys (ConfUtils.java:logGet(44)) - raft.server.log.write.buffer.size = 1048576 (custom)
2021-08-23 23:19:43,027 [pool-112-thread-1] INFO  server.RaftServerConfigKeys (ConfUtils.java:logGet(44)) - raft.server.log.statemachine.data.caching.enabled = true (custom)
2021-08-23 23:19:43,027 [pool-112-thread-1] INFO  segmented.SegmentedRaftLogWorker (SegmentedRaftLogWorker.java:lambda$new$0(133)) - 3238dd0b-ba1a-45d4-9446-116bc825e875@group-CF7D474DFDFA-SegmentedRaftLogWorker: flushIndex: setUnconditionally 0 -> -1
2021-08-23 23:19:43,027 [pool-112-thread-1] INFO  segmented.SegmentedRaftLogWorker (SegmentedRaftLogWorker.java:lambda$new$0(133)) - 3238dd0b-ba1a-45d4-9446-116bc825e875@group-CF7D474DFDFA-SegmentedRaftLogWorker: safeCacheEvictIndex: setUnconditionally 0 -> -1
2021-08-23 23:19:43,032 [pool-112-thread-1] INFO  server.RaftServerConfigKeys (ConfUtils.java:logGet(44)) - raft.server.snapshot.auto.trigger.enabled = true (custom)
2021-08-23 23:19:43,032 [pool-112-thread-1] INFO  server.RaftServerConfigKeys (ConfUtils.java:logGet(44)) - raft.server.snapshot.auto.trigger.threshold = 10000 (custom)
2021-08-23 23:19:43,032 [pool-112-thread-1] INFO  server.RaftServerConfigKeys (ConfUtils.java:logGet(44)) - raft.server.snapshot.retention.file.num = 5 (custom)
2021-08-23 23:19:43,033 [pool-112-thread-1] INFO  server.RaftServerConfigKeys (ConfUtils.java:logGet(44)) - raft.server.log.purge.upto.snapshot.index = false (default)
2021-08-23 23:19:43,033 [pool-112-thread-1] INFO  server.RaftServerConfigKeys (ConfUtils.java:logGet(44)) - raft.server.retrycache.expirytime = 600000ms (custom)
2021-08-23 23:19:43,033 [pool-112-thread-1] INFO  server.RaftServerConfigKeys (ConfUtils.java:logGet(44)) - raft.server.retrycache.statistics.expirytime = 100μs (default)
2021-08-23 23:19:43,036 [pool-112-thread-1] INFO  server.RaftServer$Division (RaftServerImpl.java:start(296)) - 3238dd0b-ba1a-45d4-9446-116bc825e875@group-CF7D474DFDFA: start as a follower, conf=-1: [cb3402e3-c902-40a3-9f81-e5c4ad664dcb|rpc:10.1.0.66:42775|priority:0, 3238dd0b-ba1a-45d4-9446-116bc825e875|rpc:10.1.0.66:42759|priority:1, 7fc41cb1-4817-42a7-9d7d-8c23a540b464|rpc:10.1.0.66:44581|priority:0], old=null
2021-08-23 23:19:43,036 [pool-112-thread-1] INFO  server.RaftServer$Division (RaftServerImpl.java:setRole(285)) - 3238dd0b-ba1a-45d4-9446-116bc825e875@group-CF7D474DFDFA: changes role from      null to FOLLOWER at term 0 for startAsFollower
2021-08-23 23:19:43,036 [pool-112-thread-1] INFO  impl.RoleInfo (RoleInfo.java:updateAndGet(130)) - 3238dd0b-ba1a-45d4-9446-116bc825e875: start 3238dd0b-ba1a-45d4-9446-116bc825e875@group-CF7D474DFDFA-FollowerState
2021-08-23 23:19:43,036 [pool-112-thread-1] INFO  util.JmxRegister (JmxRegister.java:tryRegister(44)) - Successfully registered JMX Bean with object name Ratis:service=RaftServer,group=group-CF7D474DFDFA,id=3238dd0b-ba1a-45d4-9446-116bc825e875
2021-08-23 23:19:43,038 [Command processor thread] INFO  ratis.XceiverServerRatis (XceiverServerRatis.java:addGroup(763)) - Created group PipelineID=e136d1d0-d591-4cb2-84c9-cf7d474dfdfa
2021-08-23 23:19:43,050 [grpc-default-executor-1] INFO  server.RaftServer (RaftServerProxy.java:addNew(95)) - 7fc41cb1-4817-42a7-9d7d-8c23a540b464: addNew group-CF7D474DFDFA:[cb3402e3-c902-40a3-9f81-e5c4ad664dcb|rpc:10.1.0.66:42775|dataStream:|priority:0, 3238dd0b-ba1a-45d4-9446-116bc825e875|rpc:10.1.0.66:42759|dataStream:|priority:1, 7fc41cb1-4817-42a7-9d7d-8c23a540b464|rpc:10.1.0.66:44581|dataStream:|priority:0] returns group-CF7D474DFDFA:java.util.concurrent.CompletableFuture@7aa10ac9[Not completed]
2021-08-23 23:19:43,051 [pool-150-thread-1] INFO  server.RaftServer$Division (RaftServerImpl.java:<init>(181)) - 7fc41cb1-4817-42a7-9d7d-8c23a540b464: new RaftServerImpl for group-CF7D474DFDFA:[cb3402e3-c902-40a3-9f81-e5c4ad664dcb|rpc:10.1.0.66:42775|dataStream:|priority:0, 3238dd0b-ba1a-45d4-9446-116bc825e875|rpc:10.1.0.66:42759|dataStream:|priority:1, 7fc41cb1-4817-42a7-9d7d-8c23a540b464|rpc:10.1.0.66:44581|dataStream:|priority:0] with ContainerStateMachine:uninitialized
2021-08-23 23:19:43,051 [pool-150-thread-1] INFO  server.RaftServerConfigKeys (ConfUtils.java:logGet(44)) - raft.server.rpc.timeout.min = 5s (custom)
2021-08-23 23:19:43,051 [pool-150-thread-1] INFO  server.RaftServerConfigKeys (ConfUtils.java:logGet(44)) - raft.server.rpc.timeout.max = 5200ms (custom)
2021-08-23 23:19:43,051 [pool-150-thread-1] INFO  server.RaftServerConfigKeys (ConfUtils.java:logGet(44)) - raft.server.rpc.sleep.time = 25ms (default)
2021-08-23 23:19:43,051 [pool-150-thread-1] INFO  server.RaftServerConfigKeys (ConfUtils.java:logGet(44)) - raft.server.rpc.slowness.timeout = 300000ms (custom)
2021-08-23 23:19:43,051 [pool-150-thread-1] INFO  server.RaftServerConfigKeys (ConfUtils.java:logGet(44)) - raft.server.leaderelection.leader.step-down.wait-time = 10s (default)
2021-08-23 23:19:43,051 [pool-150-thread-1] INFO  server.RaftServerConfigKeys (ConfUtils.java:logGet(44)) - raft.server.sleep.deviation.threshold = 300ms (default)
2021-08-23 23:19:43,052 [pool-150-thread-1] INFO  server.RaftServerConfigKeys (ConfUtils.java:logGet(44)) - raft.server.log.appender.install.snapshot.enabled = false (custom)
2021-08-23 23:19:43,052 [pool-150-thread-1] INFO  server.RaftServer$Division (ServerState.java:<init>(105)) - 7fc41cb1-4817-42a7-9d7d-8c23a540b464@group-CF7D474DFDFA: ConfigurationManager, init=-1: [cb3402e3-c902-40a3-9f81-e5c4ad664dcb|rpc:10.1.0.66:42775|dataStream:|priority:0, 3238dd0b-ba1a-45d4-9446-116bc825e875|rpc:10.1.0.66:42759|dataStream:|priority:1, 7fc41cb1-4817-42a7-9d7d-8c23a540b464|rpc:10.1.0.66:44581|dataStream:|priority:0], old=null, confs=<EMPTY_MAP>
2021-08-23 23:19:43,052 [pool-150-thread-1] INFO  server.RaftServerConfigKeys (ConfUtils.java:logGet(44)) - raft.server.storage.dir = [/home/runner/work/ozone/ozone/hadoop-ozone/integration-test/target/test-dir/MiniOzoneClusterImpl-994ab01d-a5c0-4516-a51a-b70458bd9cc3/datanode-5/data/ratis] (custom)
2021-08-23 23:19:43,052 [pool-150-thread-1] INFO  server.RaftServerConfigKeys (ConfUtils.java:logGet(44)) - raft.server.log.corruption.policy = EXCEPTION (default)
2021-08-23 23:19:43,052 [pool-150-thread-1] INFO  server.RaftServerConfigKeys (ConfUtils.java:logGet(44)) - raft.server.storage.free-space.min = 0MB (=0) (default)
2021-08-23 23:19:43,052 [pool-150-thread-1] INFO  storage.RaftStorageDirectory (RaftStorageDirectoryImpl.java:analyzeStorage(135)) - The storage directory /home/runner/work/ozone/ozone/hadoop-ozone/integration-test/target/test-dir/MiniOzoneClusterImpl-994ab01d-a5c0-4516-a51a-b70458bd9cc3/datanode-5/data/ratis/e136d1d0-d591-4cb2-84c9-cf7d474dfdfa does not exist. Creating ...
2021-08-23 23:19:43,053 [pool-150-thread-1] INFO  storage.RaftStorageDirectory (RaftStorageDirectoryImpl.java:tryLock(230)) - Lock on /home/runner/work/ozone/ozone/hadoop-ozone/integration-test/target/test-dir/MiniOzoneClusterImpl-994ab01d-a5c0-4516-a51a-b70458bd9cc3/datanode-5/data/ratis/e136d1d0-d591-4cb2-84c9-cf7d474dfdfa/in_use.lock acquired by nodename 2902@fv-az116-235
2021-08-23 23:19:43,054 [pool-150-thread-1] INFO  storage.RaftStorage (RaftStorageImpl.java:format(89)) - Storage directory /home/runner/work/ozone/ozone/hadoop-ozone/integration-test/target/test-dir/MiniOzoneClusterImpl-994ab01d-a5c0-4516-a51a-b70458bd9cc3/datanode-5/data/ratis/e136d1d0-d591-4cb2-84c9-cf7d474dfdfa has been successfully formatted.
2021-08-23 23:19:43,055 [pool-150-thread-1] INFO  ratis.ContainerStateMachine (ContainerStateMachine.java:loadSnapshot(225)) - group-CF7D474DFDFA: The snapshot info is null. Setting the last applied indexto:(t:0, i:~)
2021-08-23 23:19:43,055 [pool-150-thread-1] INFO  server.RaftServerConfigKeys (ConfUtils.java:logGet(44)) - raft.server.notification.no-leader.timeout = 300000ms (custom)
2021-08-23 23:19:43,055 [Datanode State Machine Thread - 0] WARN  statemachine.StateContext (StateContext.java:execute(621)) - No available thread in pool for past 1 seconds.
2021-08-23 23:19:43,055 [pool-150-thread-1] INFO  server.RaftServerConfigKeys (ConfUtils.java:logGet(44)) - raft.server.log.use.memory = false (default)
2021-08-23 23:19:43,055 [pool-150-thread-1] INFO  server.RaftServerConfigKeys (ConfUtils.java:logGet(44)) - raft.server.log.purge.gap = 1000000 (custom)
2021-08-23 23:19:43,056 [pool-150-thread-1] INFO  server.RaftServerConfigKeys (ConfUtils.java:logGet(44)) - raft.server.log.appender.buffer.byte-limit = 33554432 (custom)
2021-08-23 23:19:43,056 [pool-150-thread-1] INFO  server.RaftServerConfigKeys (ConfUtils.java:logGet(44)) - raft.server.log.segment.size.max = 1048576 (custom)
2021-08-23 23:19:43,057 [pool-150-thread-1] INFO  server.RaftServerConfigKeys (ConfUtils.java:logGet(44)) - raft.server.log.segment.cache.num.max = 2 (custom)
2021-08-23 23:19:43,057 [pool-150-thread-1] INFO  server.RaftServerConfigKeys (ConfUtils.java:logGet(44)) - raft.server.log.segment.cache.size.max = 200MB (=209715200) (default)
2021-08-23 23:19:43,057 [pool-150-thread-1] INFO  segmented.SegmentedRaftLogWorker (SegmentedRaftLogWorker.java:<init>(182)) - new 7fc41cb1-4817-42a7-9d7d-8c23a540b464@group-CF7D474DFDFA-SegmentedRaftLogWorker for RaftStorageImpl:Storage Directory /home/runner/work/ozone/ozone/hadoop-ozone/integration-test/target/test-dir/MiniOzoneClusterImpl-994ab01d-a5c0-4516-a51a-b70458bd9cc3/datanode-5/data/ratis/e136d1d0-d591-4cb2-84c9-cf7d474dfdfa
2021-08-23 23:19:43,057 [pool-150-thread-1] INFO  server.RaftServerConfigKeys (ConfUtils.java:logGet(44)) - raft.server.log.queue.byte-limit = 2147483647 (custom)
2021-08-23 23:19:43,057 [pool-150-thread-1] INFO  server.RaftServerConfigKeys (ConfUtils.java:logGet(44)) - raft.server.log.queue.element-limit = 1024 (custom)
2021-08-23 23:19:43,057 [pool-150-thread-1] INFO  server.RaftServerConfigKeys (ConfUtils.java:logGet(44)) - raft.server.log.segment.size.max = 1048576 (custom)
2021-08-23 23:19:43,057 [pool-150-thread-1] INFO  server.RaftServerConfigKeys (ConfUtils.java:logGet(44)) - raft.server.log.preallocated.size = 16384 (custom)
2021-08-23 23:19:43,057 [pool-150-thread-1] INFO  server.RaftServerConfigKeys (ConfUtils.java:logGet(44)) - raft.server.log.force.sync.num = 128 (default)
2021-08-23 23:19:43,057 [pool-150-thread-1] INFO  server.RaftServerConfigKeys (ConfUtils.java:logGet(44)) - raft.server.log.statemachine.data.sync = true (default)
2021-08-23 23:19:43,057 [pool-150-thread-1] INFO  server.RaftServerConfigKeys (ConfUtils.java:logGet(44)) - raft.server.log.statemachine.data.sync.timeout = 10s (default)
2021-08-23 23:19:43,057 [pool-150-thread-1] INFO  server.RaftServerConfigKeys (ConfUtils.java:logGet(44)) - raft.server.log.statemachine.data.sync.timeout.retry = -1 (default)
2021-08-23 23:19:43,059 [pool-150-thread-1] INFO  server.RaftServerConfigKeys (ConfUtils.java:logGet(44)) - raft.server.log.write.buffer.size = 1048576 (custom)
2021-08-23 23:19:43,059 [pool-150-thread-1] INFO  server.RaftServerConfigKeys (ConfUtils.java:logGet(44)) - raft.server.log.statemachine.data.caching.enabled = true (custom)
2021-08-23 23:19:43,059 [pool-150-thread-1] INFO  segmented.SegmentedRaftLogWorker (SegmentedRaftLogWorker.java:lambda$new$0(133)) - 7fc41cb1-4817-42a7-9d7d-8c23a540b464@group-CF7D474DFDFA-SegmentedRaftLogWorker: flushIndex: setUnconditionally 0 -> -1
2021-08-23 23:19:43,059 [pool-150-thread-1] INFO  segmented.SegmentedRaftLogWorker (SegmentedRaftLogWorker.java:lambda$new$0(133)) - 7fc41cb1-4817-42a7-9d7d-8c23a540b464@group-CF7D474DFDFA-SegmentedRaftLogWorker: safeCacheEvictIndex: setUnconditionally 0 -> -1
2021-08-23 23:19:43,060 [pool-150-thread-1] INFO  server.RaftServerConfigKeys (ConfUtils.java:logGet(44)) - raft.server.snapshot.auto.trigger.enabled = true (custom)
2021-08-23 23:19:43,060 [pool-150-thread-1] INFO  server.RaftServerConfigKeys (ConfUtils.java:logGet(44)) - raft.server.snapshot.auto.trigger.threshold = 10000 (custom)
2021-08-23 23:19:43,060 [pool-150-thread-1] INFO  server.RaftServerConfigKeys (ConfUtils.java:logGet(44)) - raft.server.snapshot.retention.file.num = 5 (custom)
2021-08-23 23:19:43,060 [pool-150-thread-1] INFO  server.RaftServerConfigKeys (ConfUtils.java:logGet(44)) - raft.server.log.purge.upto.snapshot.index = false (default)
2021-08-23 23:19:43,060 [pool-150-thread-1] INFO  server.RaftServerConfigKeys (ConfUtils.java:logGet(44)) - raft.server.retrycache.expirytime = 600000ms (custom)
2021-08-23 23:19:43,060 [pool-150-thread-1] INFO  server.RaftServerConfigKeys (ConfUtils.java:logGet(44)) - raft.server.retrycache.statistics.expirytime = 100μs (default)
2021-08-23 23:19:43,061 [pool-150-thread-1] INFO  server.RaftServer$Division (RaftServerImpl.java:start(296)) - 7fc41cb1-4817-42a7-9d7d-8c23a540b464@group-CF7D474DFDFA: start as a follower, conf=-1: [cb3402e3-c902-40a3-9f81-e5c4ad664dcb|rpc:10.1.0.66:42775|dataStream:|priority:0, 3238dd0b-ba1a-45d4-9446-116bc825e875|rpc:10.1.0.66:42759|dataStream:|priority:1, 7fc41cb1-4817-42a7-9d7d-8c23a540b464|rpc:10.1.0.66:44581|dataStream:|priority:0], old=null
2021-08-23 23:19:43,061 [pool-150-thread-1] INFO  server.RaftServer$Division (RaftServerImpl.java:setRole(285)) - 7fc41cb1-4817-42a7-9d7d-8c23a540b464@group-CF7D474DFDFA: changes role from      null to FOLLOWER at term 0 for startAsFollower
2021-08-23 23:19:43,061 [pool-150-thread-1] INFO  impl.RoleInfo (RoleInfo.java:updateAndGet(130)) - 7fc41cb1-4817-42a7-9d7d-8c23a540b464: start 7fc41cb1-4817-42a7-9d7d-8c23a540b464@group-CF7D474DFDFA-FollowerState
2021-08-23 23:19:43,062 [pool-150-thread-1] INFO  util.JmxRegister (JmxRegister.java:tryRegister(44)) - Successfully registered JMX Bean with object name Ratis:service=RaftServer,group=group-CF7D474DFDFA,id=7fc41cb1-4817-42a7-9d7d-8c23a540b464
2021-08-23 23:19:43,080 [grpc-default-executor-1] INFO  server.RaftServer (RaftServerProxy.java:addNew(95)) - cb3402e3-c902-40a3-9f81-e5c4ad664dcb: addNew group-CF7D474DFDFA:[cb3402e3-c902-40a3-9f81-e5c4ad664dcb|rpc:10.1.0.66:42775|dataStream:|priority:0, 3238dd0b-ba1a-45d4-9446-116bc825e875|rpc:10.1.0.66:42759|dataStream:|priority:1, 7fc41cb1-4817-42a7-9d7d-8c23a540b464|rpc:10.1.0.66:44581|dataStream:|priority:0] returns group-CF7D474DFDFA:java.util.concurrent.CompletableFuture@72e02704[Not completed]
2021-08-23 23:19:43,081 [pool-131-thread-1] INFO  server.RaftServer$Division (RaftServerImpl.java:<init>(181)) - cb3402e3-c902-40a3-9f81-e5c4ad664dcb: new RaftServerImpl for group-CF7D474DFDFA:[cb3402e3-c902-40a3-9f81-e5c4ad664dcb|rpc:10.1.0.66:42775|dataStream:|priority:0, 3238dd0b-ba1a-45d4-9446-116bc825e875|rpc:10.1.0.66:42759|dataStream:|priority:1, 7fc41cb1-4817-42a7-9d7d-8c23a540b464|rpc:10.1.0.66:44581|dataStream:|priority:0] with ContainerStateMachine:uninitialized
2021-08-23 23:19:43,088 [pool-131-thread-1] INFO  server.RaftServerConfigKeys (ConfUtils.java:logGet(44)) - raft.server.rpc.timeout.min = 5s (custom)
2021-08-23 23:19:43,088 [pool-131-thread-1] INFO  server.RaftServerConfigKeys (ConfUtils.java:logGet(44)) - raft.server.rpc.timeout.max = 5200ms (custom)
2021-08-23 23:19:43,088 [pool-131-thread-1] INFO  server.RaftServerConfigKeys (ConfUtils.java:logGet(44)) - raft.server.rpc.sleep.time = 25ms (default)
2021-08-23 23:19:43,089 [pool-131-thread-1] INFO  server.RaftServerConfigKeys (ConfUtils.java:logGet(44)) - raft.server.rpc.slowness.timeout = 300000ms (custom)
2021-08-23 23:19:43,089 [pool-131-thread-1] INFO  server.RaftServerConfigKeys (ConfUtils.java:logGet(44)) - raft.server.leaderelection.leader.step-down.wait-time = 10s (default)
2021-08-23 23:19:43,089 [pool-131-thread-1] INFO  server.RaftServerConfigKeys (ConfUtils.java:logGet(44)) - raft.server.sleep.deviation.threshold = 300ms (default)
2021-08-23 23:19:43,089 [pool-131-thread-1] INFO  server.RaftServerConfigKeys (ConfUtils.java:logGet(44)) - raft.server.log.appender.install.snapshot.enabled = false (custom)
2021-08-23 23:19:43,089 [pool-131-thread-1] INFO  server.RaftServer$Division (ServerState.java:<init>(105)) - cb3402e3-c902-40a3-9f81-e5c4ad664dcb@group-CF7D474DFDFA: ConfigurationManager, init=-1: [cb3402e3-c902-40a3-9f81-e5c4ad664dcb|rpc:10.1.0.66:42775|dataStream:|priority:0, 3238dd0b-ba1a-45d4-9446-116bc825e875|rpc:10.1.0.66:42759|dataStream:|priority:1, 7fc41cb1-4817-42a7-9d7d-8c23a540b464|rpc:10.1.0.66:44581|dataStream:|priority:0], old=null, confs=<EMPTY_MAP>
2021-08-23 23:19:43,089 [pool-131-thread-1] INFO  server.RaftServerConfigKeys (ConfUtils.java:logGet(44)) - raft.server.storage.dir = [/home/runner/work/ozone/ozone/hadoop-ozone/integration-test/target/test-dir/MiniOzoneClusterImpl-994ab01d-a5c0-4516-a51a-b70458bd9cc3/datanode-4/data/ratis] (custom)
2021-08-23 23:19:43,089 [pool-131-thread-1] INFO  server.RaftServerConfigKeys (ConfUtils.java:logGet(44)) - raft.server.log.corruption.policy = EXCEPTION (default)
2021-08-23 23:19:43,089 [pool-131-thread-1] INFO  server.RaftServerConfigKeys (ConfUtils.java:logGet(44)) - raft.server.storage.free-space.min = 0MB (=0) (default)
2021-08-23 23:19:43,089 [pool-131-thread-1] INFO  storage.RaftStorageDirectory (RaftStorageDirectoryImpl.java:analyzeStorage(135)) - The storage directory /home/runner/work/ozone/ozone/hadoop-ozone/integration-test/target/test-dir/MiniOzoneClusterImpl-994ab01d-a5c0-4516-a51a-b70458bd9cc3/datanode-4/data/ratis/e136d1d0-d591-4cb2-84c9-cf7d474dfdfa does not exist. Creating ...
2021-08-23 23:19:43,090 [pool-131-thread-1] INFO  storage.RaftStorageDirectory (RaftStorageDirectoryImpl.java:tryLock(230)) - Lock on /home/runner/work/ozone/ozone/hadoop-ozone/integration-test/target/test-dir/MiniOzoneClusterImpl-994ab01d-a5c0-4516-a51a-b70458bd9cc3/datanode-4/data/ratis/e136d1d0-d591-4cb2-84c9-cf7d474dfdfa/in_use.lock acquired by nodename 2902@fv-az116-235
2021-08-23 23:19:43,092 [pool-131-thread-1] INFO  storage.RaftStorage (RaftStorageImpl.java:format(89)) - Storage directory /home/runner/work/ozone/ozone/hadoop-ozone/integration-test/target/test-dir/MiniOzoneClusterImpl-994ab01d-a5c0-4516-a51a-b70458bd9cc3/datanode-4/data/ratis/e136d1d0-d591-4cb2-84c9-cf7d474dfdfa has been successfully formatted.
2021-08-23 23:19:43,092 [pool-131-thread-1] INFO  ratis.ContainerStateMachine (ContainerStateMachine.java:loadSnapshot(225)) - group-CF7D474DFDFA: The snapshot info is null. Setting the last applied indexto:(t:0, i:~)
2021-08-23 23:19:43,093 [pool-131-thread-1] INFO  server.RaftServerConfigKeys (ConfUtils.java:logGet(44)) - raft.server.notification.no-leader.timeout = 300000ms (custom)
2021-08-23 23:19:43,093 [pool-131-thread-1] INFO  server.RaftServerConfigKeys (ConfUtils.java:logGet(44)) - raft.server.log.use.memory = false (default)
2021-08-23 23:19:43,093 [pool-131-thread-1] INFO  server.RaftServerConfigKeys (ConfUtils.java:logGet(44)) - raft.server.log.purge.gap = 1000000 (custom)
2021-08-23 23:19:43,093 [pool-131-thread-1] INFO  server.RaftServerConfigKeys (ConfUtils.java:logGet(44)) - raft.server.log.appender.buffer.byte-limit = 33554432 (custom)
2021-08-23 23:19:43,093 [pool-131-thread-1] INFO  server.RaftServerConfigKeys (ConfUtils.java:logGet(44)) - raft.server.log.segment.size.max = 1048576 (custom)
2021-08-23 23:19:43,094 [pool-131-thread-1] INFO  server.RaftServerConfigKeys (ConfUtils.java:logGet(44)) - raft.server.log.segment.cache.num.max = 2 (custom)
2021-08-23 23:19:43,094 [pool-131-thread-1] INFO  server.RaftServerConfigKeys (ConfUtils.java:logGet(44)) - raft.server.log.segment.cache.size.max = 200MB (=209715200) (default)
2021-08-23 23:19:43,094 [pool-131-thread-1] INFO  segmented.SegmentedRaftLogWorker (SegmentedRaftLogWorker.java:<init>(182)) - new cb3402e3-c902-40a3-9f81-e5c4ad664dcb@group-CF7D474DFDFA-SegmentedRaftLogWorker for RaftStorageImpl:Storage Directory /home/runner/work/ozone/ozone/hadoop-ozone/integration-test/target/test-dir/MiniOzoneClusterImpl-994ab01d-a5c0-4516-a51a-b70458bd9cc3/datanode-4/data/ratis/e136d1d0-d591-4cb2-84c9-cf7d474dfdfa
2021-08-23 23:19:43,094 [pool-131-thread-1] INFO  server.RaftServerConfigKeys (ConfUtils.java:logGet(44)) - raft.server.log.queue.byte-limit = 2147483647 (custom)
2021-08-23 23:19:43,094 [pool-131-thread-1] INFO  server.RaftServerConfigKeys (ConfUtils.java:logGet(44)) - raft.server.log.queue.element-limit = 1024 (custom)
2021-08-23 23:19:43,094 [pool-131-thread-1] INFO  server.RaftServerConfigKeys (ConfUtils.java:logGet(44)) - raft.server.log.segment.size.max = 1048576 (custom)
2021-08-23 23:19:43,094 [pool-131-thread-1] INFO  server.RaftServerConfigKeys (ConfUtils.java:logGet(44)) - raft.server.log.preallocated.size = 16384 (custom)
2021-08-23 23:19:43,094 [pool-131-thread-1] INFO  server.RaftServerConfigKeys (ConfUtils.java:logGet(44)) - raft.server.log.force.sync.num = 128 (default)
2021-08-23 23:19:43,094 [pool-131-thread-1] INFO  server.RaftServerConfigKeys (ConfUtils.java:logGet(44)) - raft.server.log.statemachine.data.sync = true (default)
2021-08-23 23:19:43,094 [pool-131-thread-1] INFO  server.RaftServerConfigKeys (ConfUtils.java:logGet(44)) - raft.server.log.statemachine.data.sync.timeout = 10s (default)
2021-08-23 23:19:43,094 [pool-131-thread-1] INFO  server.RaftServerConfigKeys (ConfUtils.java:logGet(44)) - raft.server.log.statemachine.data.sync.timeout.retry = -1 (default)
2021-08-23 23:19:43,095 [pool-131-thread-1] INFO  server.RaftServerConfigKeys (ConfUtils.java:logGet(44)) - raft.server.log.write.buffer.size = 1048576 (custom)
2021-08-23 23:19:43,095 [pool-131-thread-1] INFO  server.RaftServerConfigKeys (ConfUtils.java:logGet(44)) - raft.server.log.statemachine.data.caching.enabled = true (custom)
2021-08-23 23:19:43,096 [pool-131-thread-1] INFO  segmented.SegmentedRaftLogWorker (SegmentedRaftLogWorker.java:lambda$new$0(133)) - cb3402e3-c902-40a3-9f81-e5c4ad664dcb@group-CF7D474DFDFA-SegmentedRaftLogWorker: flushIndex: setUnconditionally 0 -> -1
2021-08-23 23:19:43,096 [pool-131-thread-1] INFO  segmented.SegmentedRaftLogWorker (SegmentedRaftLogWorker.java:lambda$new$0(133)) - cb3402e3-c902-40a3-9f81-e5c4ad664dcb@group-CF7D474DFDFA-SegmentedRaftLogWorker: safeCacheEvictIndex: setUnconditionally 0 -> -1
2021-08-23 23:19:43,100 [pool-131-thread-1] INFO  server.RaftServerConfigKeys (ConfUtils.java:logGet(44)) - raft.server.snapshot.auto.trigger.enabled = true (custom)
2021-08-23 23:19:43,100 [pool-131-thread-1] INFO  server.RaftServerConfigKeys (ConfUtils.java:logGet(44)) - raft.server.snapshot.auto.trigger.threshold = 10000 (custom)
2021-08-23 23:19:43,100 [pool-131-thread-1] INFO  server.RaftServerConfigKeys (ConfUtils.java:logGet(44)) - raft.server.snapshot.retention.file.num = 5 (custom)
2021-08-23 23:19:43,101 [pool-131-thread-1] INFO  server.RaftServerConfigKeys (ConfUtils.java:logGet(44)) - raft.server.log.purge.upto.snapshot.index = false (default)
2021-08-23 23:19:43,101 [pool-131-thread-1] INFO  server.RaftServerConfigKeys (ConfUtils.java:logGet(44)) - raft.server.retrycache.expirytime = 600000ms (custom)
2021-08-23 23:19:43,101 [pool-131-thread-1] INFO  server.RaftServerConfigKeys (ConfUtils.java:logGet(44)) - raft.server.retrycache.statistics.expirytime = 100μs (default)
2021-08-23 23:19:43,102 [pool-131-thread-1] INFO  server.RaftServer$Division (RaftServerImpl.java:start(296)) - cb3402e3-c902-40a3-9f81-e5c4ad664dcb@group-CF7D474DFDFA: start as a follower, conf=-1: [cb3402e3-c902-40a3-9f81-e5c4ad664dcb|rpc:10.1.0.66:42775|dataStream:|priority:0, 3238dd0b-ba1a-45d4-9446-116bc825e875|rpc:10.1.0.66:42759|dataStream:|priority:1, 7fc41cb1-4817-42a7-9d7d-8c23a540b464|rpc:10.1.0.66:44581|dataStream:|priority:0], old=null
2021-08-23 23:19:43,102 [pool-131-thread-1] INFO  server.RaftServer$Division (RaftServerImpl.java:setRole(285)) - cb3402e3-c902-40a3-9f81-e5c4ad664dcb@group-CF7D474DFDFA: changes role from      null to FOLLOWER at term 0 for startAsFollower
2021-08-23 23:19:43,102 [pool-131-thread-1] INFO  impl.RoleInfo (RoleInfo.java:updateAndGet(130)) - cb3402e3-c902-40a3-9f81-e5c4ad664dcb: start cb3402e3-c902-40a3-9f81-e5c4ad664dcb@group-CF7D474DFDFA-FollowerState
2021-08-23 23:19:43,104 [pool-131-thread-1] INFO  util.JmxRegister (JmxRegister.java:tryRegister(44)) - Successfully registered JMX Bean with object name Ratis:service=RaftServer,group=group-CF7D474DFDFA,id=cb3402e3-c902-40a3-9f81-e5c4ad664dcb
2021-08-23 23:19:43,112 [Command processor thread] INFO  commandhandler.CreatePipelineCommandHandler (CreatePipelineCommandHandler.java:handle(106)) - Created Pipeline RATIS THREE PipelineID=e136d1d0-d591-4cb2-84c9-cf7d474dfdfa.
2021-08-23 23:19:43,210 [Command processor thread] INFO  server.RaftServer (RaftServerProxy.java:addNew(95)) - cb3402e3-c902-40a3-9f81-e5c4ad664dcb: addNew group-C247CDE96A5C:[cb3402e3-c902-40a3-9f81-e5c4ad664dcb|rpc:10.1.0.66:42775|priority:1] returns group-C247CDE96A5C:java.util.concurrent.CompletableFuture@18463df6[Not completed]
2021-08-23 23:19:43,211 [pool-131-thread-1] INFO  server.RaftServer$Division (RaftServerImpl.java:<init>(181)) - cb3402e3-c902-40a3-9f81-e5c4ad664dcb: new RaftServerImpl for group-C247CDE96A5C:[cb3402e3-c902-40a3-9f81-e5c4ad664dcb|rpc:10.1.0.66:42775|priority:1] with ContainerStateMachine:uninitialized
2021-08-23 23:19:43,211 [pool-131-thread-1] INFO  server.RaftServerConfigKeys (ConfUtils.java:logGet(44)) - raft.server.rpc.timeout.min = 5s (custom)
2021-08-23 23:19:43,211 [pool-131-thread-1] INFO  server.RaftServerConfigKeys (ConfUtils.java:logGet(44)) - raft.server.rpc.timeout.max = 5200ms (custom)
2021-08-23 23:19:43,211 [pool-131-thread-1] INFO  server.RaftServerConfigKeys (ConfUtils.java:logGet(44)) - raft.server.rpc.sleep.time = 25ms (default)
2021-08-23 23:19:43,211 [pool-131-thread-1] INFO  server.RaftServerConfigKeys (ConfUtils.java:logGet(44)) - raft.server.rpc.slowness.timeout = 300000ms (custom)
2021-08-23 23:19:43,211 [pool-131-thread-1] INFO  server.RaftServerConfigKeys (ConfUtils.java:logGet(44)) - raft.server.leaderelection.leader.step-down.wait-time = 10s (default)
2021-08-23 23:19:43,211 [pool-131-thread-1] INFO  server.RaftServerConfigKeys (ConfUtils.java:logGet(44)) - raft.server.sleep.deviation.threshold = 300ms (default)
2021-08-23 23:19:43,211 [pool-131-thread-1] INFO  server.RaftServerConfigKeys (ConfUtils.java:logGet(44)) - raft.server.log.appender.install.snapshot.enabled = false (custom)
2021-08-23 23:19:43,211 [pool-131-thread-1] INFO  server.RaftServer$Division (ServerState.java:<init>(105)) - cb3402e3-c902-40a3-9f81-e5c4ad664dcb@group-C247CDE96A5C: ConfigurationManager, init=-1: [cb3402e3-c902-40a3-9f81-e5c4ad664dcb|rpc:10.1.0.66:42775|priority:1], old=null, confs=<EMPTY_MAP>
2021-08-23 23:19:43,212 [pool-131-thread-1] INFO  server.RaftServerConfigKeys (ConfUtils.java:logGet(44)) - raft.server.storage.dir = [/home/runner/work/ozone/ozone/hadoop-ozone/integration-test/target/test-dir/MiniOzoneClusterImpl-994ab01d-a5c0-4516-a51a-b70458bd9cc3/datanode-4/data/ratis] (custom)
2021-08-23 23:19:43,212 [pool-131-thread-1] INFO  server.RaftServerConfigKeys (ConfUtils.java:logGet(44)) - raft.server.log.corruption.policy = EXCEPTION (default)
2021-08-23 23:19:43,212 [pool-131-thread-1] INFO  server.RaftServerConfigKeys (ConfUtils.java:logGet(44)) - raft.server.storage.free-space.min = 0MB (=0) (default)
2021-08-23 23:19:43,212 [pool-131-thread-1] INFO  storage.RaftStorageDirectory (RaftStorageDirectoryImpl.java:analyzeStorage(135)) - The storage directory /home/runner/work/ozone/ozone/hadoop-ozone/integration-test/target/test-dir/MiniOzoneClusterImpl-994ab01d-a5c0-4516-a51a-b70458bd9cc3/datanode-4/data/ratis/bcd20deb-9d6c-4c16-8557-c247cde96a5c does not exist. Creating ...
2021-08-23 23:19:43,213 [pool-131-thread-1] INFO  storage.RaftStorageDirectory (RaftStorageDirectoryImpl.java:tryLock(230)) - Lock on /home/runner/work/ozone/ozone/hadoop-ozone/integration-test/target/test-dir/MiniOzoneClusterImpl-994ab01d-a5c0-4516-a51a-b70458bd9cc3/datanode-4/data/ratis/bcd20deb-9d6c-4c16-8557-c247cde96a5c/in_use.lock acquired by nodename 2902@fv-az116-235
2021-08-23 23:19:43,214 [pool-131-thread-1] INFO  storage.RaftStorage (RaftStorageImpl.java:format(89)) - Storage directory /home/runner/work/ozone/ozone/hadoop-ozone/integration-test/target/test-dir/MiniOzoneClusterImpl-994ab01d-a5c0-4516-a51a-b70458bd9cc3/datanode-4/data/ratis/bcd20deb-9d6c-4c16-8557-c247cde96a5c has been successfully formatted.
2021-08-23 23:19:43,215 [pool-131-thread-1] INFO  ratis.ContainerStateMachine (ContainerStateMachine.java:loadSnapshot(225)) - group-C247CDE96A5C: The snapshot info is null. Setting the last applied indexto:(t:0, i:~)
2021-08-23 23:19:43,216 [EventQueue-PipelineReportForPipelineReportHandler] INFO  pipeline.PipelineManagerImpl (PipelineManagerImpl.java:openPipeline(283)) - Pipeline Pipeline[ Id: bcd20deb-9d6c-4c16-8557-c247cde96a5c, Nodes: cb3402e3-c902-40a3-9f81-e5c4ad664dcb{ip: 10.1.0.66, host: fv-az116-235.vzw04321ajxubdbcnpick5nqva.xx.internal.cloudapp.net, ports: [REPLICATION=43849, RATIS=42775, RATIS_ADMIN=42775, RATIS_SERVER=42775, STANDALONE=45817], networkLocation: /default-rack, certSerialId: null, persistedOpState: IN_SERVICE, persistedOpStateExpiryEpochSec: 0}, ReplicationConfig: RATIS/ONE, State:ALLOCATED, leaderId:cb3402e3-c902-40a3-9f81-e5c4ad664dcb, CreationTimestamp2021-08-23T23:19:40.213Z[Etc/UTC]] moved to OPEN state
2021-08-23 23:19:43,216 [pool-131-thread-1] INFO  server.RaftServerConfigKeys (ConfUtils.java:logGet(44)) - raft.server.notification.no-leader.timeout = 300000ms (custom)
2021-08-23 23:19:43,217 [EventQueue-OpenPipelineForHealthyPipelineSafeModeRule] INFO  safemode.SCMSafeModeManager (HealthyPipelineSafeModeRule.java:process(124)) - SCM in safe mode. Healthy pipelines reported count is 0, required healthy pipeline reported count is 1
2021-08-23 23:19:43,218 [pool-131-thread-1] INFO  server.RaftServerConfigKeys (ConfUtils.java:logGet(44)) - raft.server.log.use.memory = false (default)
2021-08-23 23:19:43,219 [pool-131-thread-1] INFO  server.RaftServerConfigKeys (ConfUtils.java:logGet(44)) - raft.server.log.purge.gap = 1000000 (custom)
2021-08-23 23:19:43,219 [pool-131-thread-1] INFO  server.RaftServerConfigKeys (ConfUtils.java:logGet(44)) - raft.server.log.appender.buffer.byte-limit = 33554432 (custom)
2021-08-23 23:19:43,220 [pool-131-thread-1] INFO  server.RaftServerConfigKeys (ConfUtils.java:logGet(44)) - raft.server.log.segment.size.max = 1048576 (custom)
2021-08-23 23:19:43,220 [pool-131-thread-1] INFO  server.RaftServerConfigKeys (ConfUtils.java:logGet(44)) - raft.server.log.segment.cache.num.max = 2 (custom)
2021-08-23 23:19:43,220 [pool-131-thread-1] INFO  server.RaftServerConfigKeys (ConfUtils.java:logGet(44)) - raft.server.log.segment.cache.size.max = 200MB (=209715200) (default)
2021-08-23 23:19:43,220 [pool-131-thread-1] INFO  segmented.SegmentedRaftLogWorker (SegmentedRaftLogWorker.java:<init>(182)) - new cb3402e3-c902-40a3-9f81-e5c4ad664dcb@group-C247CDE96A5C-SegmentedRaftLogWorker for RaftStorageImpl:Storage Directory /home/runner/work/ozone/ozone/hadoop-ozone/integration-test/target/test-dir/MiniOzoneClusterImpl-994ab01d-a5c0-4516-a51a-b70458bd9cc3/datanode-4/data/ratis/bcd20deb-9d6c-4c16-8557-c247cde96a5c
2021-08-23 23:19:43,220 [pool-131-thread-1] INFO  server.RaftServerConfigKeys (ConfUtils.java:logGet(44)) - raft.server.log.queue.byte-limit = 2147483647 (custom)
2021-08-23 23:19:43,220 [pool-131-thread-1] INFO  server.RaftServerConfigKeys (ConfUtils.java:logGet(44)) - raft.server.log.queue.element-limit = 1024 (custom)
2021-08-23 23:19:43,220 [pool-131-thread-1] INFO  server.RaftServerConfigKeys (ConfUtils.java:logGet(44)) - raft.server.log.segment.size.max = 1048576 (custom)
2021-08-23 23:19:43,220 [pool-131-thread-1] INFO  server.RaftServerConfigKeys (ConfUtils.java:logGet(44)) - raft.server.log.preallocated.size = 16384 (custom)
2021-08-23 23:19:43,220 [pool-131-thread-1] INFO  server.RaftServerConfigKeys (ConfUtils.java:logGet(44)) - raft.server.log.force.sync.num = 128 (default)
2021-08-23 23:19:43,221 [pool-131-thread-1] INFO  server.RaftServerConfigKeys (ConfUtils.java:logGet(44)) - raft.server.log.statemachine.data.sync = true (default)
2021-08-23 23:19:43,221 [pool-131-thread-1] INFO  server.RaftServerConfigKeys (ConfUtils.java:logGet(44)) - raft.server.log.statemachine.data.sync.timeout = 10s (default)
2021-08-23 23:19:43,221 [pool-131-thread-1] INFO  server.RaftServerConfigKeys (ConfUtils.java:logGet(44)) - raft.server.log.statemachine.data.sync.timeout.retry = -1 (default)
2021-08-23 23:19:43,222 [pool-131-thread-1] INFO  server.RaftServerConfigKeys (ConfUtils.java:logGet(44)) - raft.server.log.write.buffer.size = 1048576 (custom)
2021-08-23 23:19:43,222 [pool-131-thread-1] INFO  server.RaftServerConfigKeys (ConfUtils.java:logGet(44)) - raft.server.log.statemachine.data.caching.enabled = true (custom)
2021-08-23 23:19:43,222 [pool-131-thread-1] INFO  segmented.SegmentedRaftLogWorker (SegmentedRaftLogWorker.java:lambda$new$0(133)) - cb3402e3-c902-40a3-9f81-e5c4ad664dcb@group-C247CDE96A5C-SegmentedRaftLogWorker: flushIndex: setUnconditionally 0 -> -1
2021-08-23 23:19:43,222 [pool-131-thread-1] INFO  segmented.SegmentedRaftLogWorker (SegmentedRaftLogWorker.java:lambda$new$0(133)) - cb3402e3-c902-40a3-9f81-e5c4ad664dcb@group-C247CDE96A5C-SegmentedRaftLogWorker: safeCacheEvictIndex: setUnconditionally 0 -> -1
2021-08-23 23:19:43,222 [pool-131-thread-1] INFO  server.RaftServerConfigKeys (ConfUtils.java:logGet(44)) - raft.server.snapshot.auto.trigger.enabled = true (custom)
2021-08-23 23:19:43,222 [pool-131-thread-1] INFO  server.RaftServerConfigKeys (ConfUtils.java:logGet(44)) - raft.server.snapshot.auto.trigger.threshold = 10000 (custom)
2021-08-23 23:19:43,222 [pool-131-thread-1] INFO  server.RaftServerConfigKeys (ConfUtils.java:logGet(44)) - raft.server.snapshot.retention.file.num = 5 (custom)
2021-08-23 23:19:43,222 [pool-131-thread-1] INFO  server.RaftServerConfigKeys (ConfUtils.java:logGet(44)) - raft.server.log.purge.upto.snapshot.index = false (default)
2021-08-23 23:19:43,222 [pool-131-thread-1] INFO  server.RaftServerConfigKeys (ConfUtils.java:logGet(44)) - raft.server.retrycache.expirytime = 600000ms (custom)
2021-08-23 23:19:43,222 [pool-131-thread-1] INFO  server.RaftServerConfigKeys (ConfUtils.java:logGet(44)) - raft.server.retrycache.statistics.expirytime = 100μs (default)
2021-08-23 23:19:43,223 [pool-131-thread-1] INFO  server.RaftServer$Division (RaftServerImpl.java:start(296)) - cb3402e3-c902-40a3-9f81-e5c4ad664dcb@group-C247CDE96A5C: start as a follower, conf=-1: [cb3402e3-c902-40a3-9f81-e5c4ad664dcb|rpc:10.1.0.66:42775|priority:1], old=null
2021-08-23 23:19:43,224 [pool-131-thread-1] INFO  server.RaftServer$Division (RaftServerImpl.java:setRole(285)) - cb3402e3-c902-40a3-9f81-e5c4ad664dcb@group-C247CDE96A5C: changes role from      null to FOLLOWER at term 0 for startAsFollower
2021-08-23 23:19:43,224 [pool-131-thread-1] INFO  impl.RoleInfo (RoleInfo.java:updateAndGet(130)) - cb3402e3-c902-40a3-9f81-e5c4ad664dcb: start cb3402e3-c902-40a3-9f81-e5c4ad664dcb@group-C247CDE96A5C-FollowerState
2021-08-23 23:19:43,228 [pool-131-thread-1] INFO  util.JmxRegister (JmxRegister.java:tryRegister(44)) - Successfully registered JMX Bean with object name Ratis:service=RaftServer,group=group-C247CDE96A5C,id=cb3402e3-c902-40a3-9f81-e5c4ad664dcb
2021-08-23 23:19:43,229 [Command processor thread] INFO  ratis.XceiverServerRatis (XceiverServerRatis.java:addGroup(763)) - Created group PipelineID=bcd20deb-9d6c-4c16-8557-c247cde96a5c
2021-08-23 23:19:43,229 [Command processor thread] INFO  commandhandler.CreatePipelineCommandHandler (CreatePipelineCommandHandler.java:handle(106)) - Created Pipeline RATIS ONE PipelineID=bcd20deb-9d6c-4c16-8557-c247cde96a5c.
2021-08-23 23:19:43,398 [Command processor thread] INFO  server.RaftServer (RaftServerProxy.java:addNew(95)) - 7fc41cb1-4817-42a7-9d7d-8c23a540b464: addNew group-8DB7C7BC1B9A:[7fc41cb1-4817-42a7-9d7d-8c23a540b464|rpc:10.1.0.66:44581|priority:1] returns group-8DB7C7BC1B9A:java.util.concurrent.CompletableFuture@77115cb1[Not completed]
2021-08-23 23:19:43,399 [pool-150-thread-1] INFO  server.RaftServer$Division (RaftServerImpl.java:<init>(181)) - 7fc41cb1-4817-42a7-9d7d-8c23a540b464: new RaftServerImpl for group-8DB7C7BC1B9A:[7fc41cb1-4817-42a7-9d7d-8c23a540b464|rpc:10.1.0.66:44581|priority:1] with ContainerStateMachine:uninitialized
2021-08-23 23:19:43,399 [pool-150-thread-1] INFO  server.RaftServerConfigKeys (ConfUtils.java:logGet(44)) - raft.server.rpc.timeout.min = 5s (custom)
2021-08-23 23:19:43,399 [pool-150-thread-1] INFO  server.RaftServerConfigKeys (ConfUtils.java:logGet(44)) - raft.server.rpc.timeout.max = 5200ms (custom)
2021-08-23 23:19:43,399 [pool-150-thread-1] INFO  server.RaftServerConfigKeys (ConfUtils.java:logGet(44)) - raft.server.rpc.sleep.time = 25ms (default)
2021-08-23 23:19:43,399 [pool-150-thread-1] INFO  server.RaftServerConfigKeys (ConfUtils.java:logGet(44)) - raft.server.rpc.slowness.timeout = 300000ms (custom)
2021-08-23 23:19:43,400 [pool-150-thread-1] INFO  server.RaftServerConfigKeys (ConfUtils.java:logGet(44)) - raft.server.leaderelection.leader.step-down.wait-time = 10s (default)
2021-08-23 23:19:43,400 [pool-150-thread-1] INFO  server.RaftServerConfigKeys (ConfUtils.java:logGet(44)) - raft.server.sleep.deviation.threshold = 300ms (default)
2021-08-23 23:19:43,400 [pool-150-thread-1] INFO  server.RaftServerConfigKeys (ConfUtils.java:logGet(44)) - raft.server.log.appender.install.snapshot.enabled = false (custom)
2021-08-23 23:19:43,400 [pool-150-thread-1] INFO  server.RaftServer$Division (ServerState.java:<init>(105)) - 7fc41cb1-4817-42a7-9d7d-8c23a540b464@group-8DB7C7BC1B9A: ConfigurationManager, init=-1: [7fc41cb1-4817-42a7-9d7d-8c23a540b464|rpc:10.1.0.66:44581|priority:1], old=null, confs=<EMPTY_MAP>
2021-08-23 23:19:43,400 [pool-150-thread-1] INFO  server.RaftServerConfigKeys (ConfUtils.java:logGet(44)) - raft.server.storage.dir = [/home/runner/work/ozone/ozone/hadoop-ozone/integration-test/target/test-dir/MiniOzoneClusterImpl-994ab01d-a5c0-4516-a51a-b70458bd9cc3/datanode-5/data/ratis] (custom)
2021-08-23 23:19:43,400 [pool-150-thread-1] INFO  server.RaftServerConfigKeys (ConfUtils.java:logGet(44)) - raft.server.log.corruption.policy = EXCEPTION (default)
2021-08-23 23:19:43,400 [pool-150-thread-1] INFO  server.RaftServerConfigKeys (ConfUtils.java:logGet(44)) - raft.server.storage.free-space.min = 0MB (=0) (default)
2021-08-23 23:19:43,400 [pool-150-thread-1] INFO  storage.RaftStorageDirectory (RaftStorageDirectoryImpl.java:analyzeStorage(135)) - The storage directory /home/runner/work/ozone/ozone/hadoop-ozone/integration-test/target/test-dir/MiniOzoneClusterImpl-994ab01d-a5c0-4516-a51a-b70458bd9cc3/datanode-5/data/ratis/6b593820-bbbd-48cf-8355-8db7c7bc1b9a does not exist. Creating ...
2021-08-23 23:19:43,401 [pool-150-thread-1] INFO  storage.RaftStorageDirectory (RaftStorageDirectoryImpl.java:tryLock(230)) - Lock on /home/runner/work/ozone/ozone/hadoop-ozone/integration-test/target/test-dir/MiniOzoneClusterImpl-994ab01d-a5c0-4516-a51a-b70458bd9cc3/datanode-5/data/ratis/6b593820-bbbd-48cf-8355-8db7c7bc1b9a/in_use.lock acquired by nodename 2902@fv-az116-235
2021-08-23 23:19:43,403 [pool-150-thread-1] INFO  storage.RaftStorage (RaftStorageImpl.java:format(89)) - Storage directory /home/runner/work/ozone/ozone/hadoop-ozone/integration-test/target/test-dir/MiniOzoneClusterImpl-994ab01d-a5c0-4516-a51a-b70458bd9cc3/datanode-5/data/ratis/6b593820-bbbd-48cf-8355-8db7c7bc1b9a has been successfully formatted.
2021-08-23 23:19:43,403 [pool-150-thread-1] INFO  ratis.ContainerStateMachine (ContainerStateMachine.java:loadSnapshot(225)) - group-8DB7C7BC1B9A: The snapshot info is null. Setting the last applied indexto:(t:0, i:~)
2021-08-23 23:19:43,403 [pool-150-thread-1] INFO  server.RaftServerConfigKeys (ConfUtils.java:logGet(44)) - raft.server.notification.no-leader.timeout = 300000ms (custom)
2021-08-23 23:19:43,403 [pool-150-thread-1] INFO  server.RaftServerConfigKeys (ConfUtils.java:logGet(44)) - raft.server.log.use.memory = false (default)
2021-08-23 23:19:43,403 [pool-150-thread-1] INFO  server.RaftServerConfigKeys (ConfUtils.java:logGet(44)) - raft.server.log.purge.gap = 1000000 (custom)
2021-08-23 23:19:43,403 [pool-150-thread-1] INFO  server.RaftServerConfigKeys (ConfUtils.java:logGet(44)) - raft.server.log.appender.buffer.byte-limit = 33554432 (custom)
2021-08-23 23:19:43,404 [EventQueue-PipelineReportForPipelineReportHandler] INFO  pipeline.PipelineManagerImpl (PipelineManagerImpl.java:openPipeline(283)) - Pipeline Pipeline[ Id: 6b593820-bbbd-48cf-8355-8db7c7bc1b9a, Nodes: 7fc41cb1-4817-42a7-9d7d-8c23a540b464{ip: 10.1.0.66, host: fv-az116-235.vzw04321ajxubdbcnpick5nqva.xx.internal.cloudapp.net, ports: [REPLICATION=42047, RATIS=44581, RATIS_ADMIN=44581, RATIS_SERVER=44581, STANDALONE=44473], networkLocation: /default-rack, certSerialId: null, persistedOpState: IN_SERVICE, persistedOpStateExpiryEpochSec: 0}, ReplicationConfig: RATIS/ONE, State:ALLOCATED, leaderId:7fc41cb1-4817-42a7-9d7d-8c23a540b464, CreationTimestamp2021-08-23T23:19:40.401Z[Etc/UTC]] moved to OPEN state
2021-08-23 23:19:43,404 [EventQueue-OpenPipelineForHealthyPipelineSafeModeRule] INFO  safemode.SCMSafeModeManager (HealthyPipelineSafeModeRule.java:process(124)) - SCM in safe mode. Healthy pipelines reported count is 0, required healthy pipeline reported count is 1
2021-08-23 23:19:43,405 [pool-150-thread-1] INFO  server.RaftServerConfigKeys (ConfUtils.java:logGet(44)) - raft.server.log.segment.size.max = 1048576 (custom)
2021-08-23 23:19:43,406 [pool-150-thread-1] INFO  server.RaftServerConfigKeys (ConfUtils.java:logGet(44)) - raft.server.log.segment.cache.num.max = 2 (custom)
2021-08-23 23:19:43,406 [pool-150-thread-1] INFO  server.RaftServerConfigKeys (ConfUtils.java:logGet(44)) - raft.server.log.segment.cache.size.max = 200MB (=209715200) (default)
2021-08-23 23:19:43,406 [pool-150-thread-1] INFO  segmented.SegmentedRaftLogWorker (SegmentedRaftLogWorker.java:<init>(182)) - new 7fc41cb1-4817-42a7-9d7d-8c23a540b464@group-8DB7C7BC1B9A-SegmentedRaftLogWorker for RaftStorageImpl:Storage Directory /home/runner/work/ozone/ozone/hadoop-ozone/integration-test/target/test-dir/MiniOzoneClusterImpl-994ab01d-a5c0-4516-a51a-b70458bd9cc3/datanode-5/data/ratis/6b593820-bbbd-48cf-8355-8db7c7bc1b9a
2021-08-23 23:19:43,406 [pool-150-thread-1] INFO  server.RaftServerConfigKeys (ConfUtils.java:logGet(44)) - raft.server.log.queue.byte-limit = 2147483647 (custom)
2021-08-23 23:19:43,407 [pool-150-thread-1] INFO  server.RaftServerConfigKeys (ConfUtils.java:logGet(44)) - raft.server.log.queue.element-limit = 1024 (custom)
2021-08-23 23:19:43,407 [pool-150-thread-1] INFO  server.RaftServerConfigKeys (ConfUtils.java:logGet(44)) - raft.server.log.segment.size.max = 1048576 (custom)
2021-08-23 23:19:43,407 [pool-150-thread-1] INFO  server.RaftServerConfigKeys (ConfUtils.java:logGet(44)) - raft.server.log.preallocated.size = 16384 (custom)
2021-08-23 23:19:43,407 [pool-150-thread-1] INFO  server.RaftServerConfigKeys (ConfUtils.java:logGet(44)) - raft.server.log.force.sync.num = 128 (default)
2021-08-23 23:19:43,407 [pool-150-thread-1] INFO  server.RaftServerConfigKeys (ConfUtils.java:logGet(44)) - raft.server.log.statemachine.data.sync = true (default)
2021-08-23 23:19:43,407 [pool-150-thread-1] INFO  server.RaftServerConfigKeys (ConfUtils.java:logGet(44)) - raft.server.log.statemachine.data.sync.timeout = 10s (default)
2021-08-23 23:19:43,408 [pool-150-thread-1] INFO  server.RaftServerConfigKeys (ConfUtils.java:logGet(44)) - raft.server.log.statemachine.data.sync.timeout.retry = -1 (default)
2021-08-23 23:19:43,409 [pool-150-thread-1] INFO  server.RaftServerConfigKeys (ConfUtils.java:logGet(44)) - raft.server.log.write.buffer.size = 1048576 (custom)
2021-08-23 23:19:43,410 [pool-150-thread-1] INFO  server.RaftServerConfigKeys (ConfUtils.java:logGet(44)) - raft.server.log.statemachine.data.caching.enabled = true (custom)
2021-08-23 23:19:43,410 [pool-150-thread-1] INFO  segmented.SegmentedRaftLogWorker (SegmentedRaftLogWorker.java:lambda$new$0(133)) - 7fc41cb1-4817-42a7-9d7d-8c23a540b464@group-8DB7C7BC1B9A-SegmentedRaftLogWorker: flushIndex: setUnconditionally 0 -> -1
2021-08-23 23:19:43,410 [pool-150-thread-1] INFO  segmented.SegmentedRaftLogWorker (SegmentedRaftLogWorker.java:lambda$new$0(133)) - 7fc41cb1-4817-42a7-9d7d-8c23a540b464@group-8DB7C7BC1B9A-SegmentedRaftLogWorker: safeCacheEvictIndex: setUnconditionally 0 -> -1
2021-08-23 23:19:43,410 [pool-150-thread-1] INFO  server.RaftServerConfigKeys (ConfUtils.java:logGet(44)) - raft.server.snapshot.auto.trigger.enabled = true (custom)
2021-08-23 23:19:43,411 [pool-150-thread-1] INFO  server.RaftServerConfigKeys (ConfUtils.java:logGet(44)) - raft.server.snapshot.auto.trigger.threshold = 10000 (custom)
2021-08-23 23:19:43,411 [pool-150-thread-1] INFO  server.RaftServerConfigKeys (ConfUtils.java:logGet(44)) - raft.server.snapshot.retention.file.num = 5 (custom)
2021-08-23 23:19:43,411 [pool-150-thread-1] INFO  server.RaftServerConfigKeys (ConfUtils.java:logGet(44)) - raft.server.log.purge.upto.snapshot.index = false (default)
2021-08-23 23:19:43,411 [pool-150-thread-1] INFO  server.RaftServerConfigKeys (ConfUtils.java:logGet(44)) - raft.server.retrycache.expirytime = 600000ms (custom)
2021-08-23 23:19:43,411 [pool-150-thread-1] INFO  server.RaftServerConfigKeys (ConfUtils.java:logGet(44)) - raft.server.retrycache.statistics.expirytime = 100μs (default)
2021-08-23 23:19:43,412 [pool-150-thread-1] INFO  server.RaftServer$Division (RaftServerImpl.java:start(296)) - 7fc41cb1-4817-42a7-9d7d-8c23a540b464@group-8DB7C7BC1B9A: start as a follower, conf=-1: [7fc41cb1-4817-42a7-9d7d-8c23a540b464|rpc:10.1.0.66:44581|priority:1], old=null
2021-08-23 23:19:43,412 [pool-150-thread-1] INFO  server.RaftServer$Division (RaftServerImpl.java:setRole(285)) - 7fc41cb1-4817-42a7-9d7d-8c23a540b464@group-8DB7C7BC1B9A: changes role from      null to FOLLOWER at term 0 for startAsFollower
2021-08-23 23:19:43,412 [pool-150-thread-1] INFO  impl.RoleInfo (RoleInfo.java:updateAndGet(130)) - 7fc41cb1-4817-42a7-9d7d-8c23a540b464: start 7fc41cb1-4817-42a7-9d7d-8c23a540b464@group-8DB7C7BC1B9A-FollowerState
2021-08-23 23:19:43,416 [pool-150-thread-1] INFO  util.JmxRegister (JmxRegister.java:tryRegister(44)) - Successfully registered JMX Bean with object name Ratis:service=RaftServer,group=group-8DB7C7BC1B9A,id=7fc41cb1-4817-42a7-9d7d-8c23a540b464
2021-08-23 23:19:43,416 [Command processor thread] INFO  ratis.XceiverServerRatis (XceiverServerRatis.java:addGroup(763)) - Created group PipelineID=6b593820-bbbd-48cf-8355-8db7c7bc1b9a
2021-08-23 23:19:43,416 [Command processor thread] INFO  commandhandler.CreatePipelineCommandHandler (CreatePipelineCommandHandler.java:handle(106)) - Created Pipeline RATIS ONE PipelineID=6b593820-bbbd-48cf-8355-8db7c7bc1b9a.
2021-08-23 23:19:43,569 [Command processor thread] INFO  server.RaftServer (RaftServerProxy.java:addNew(95)) - e0c56fbf-58af-4909-99ad-16a71beee03d: addNew group-EEC6380267FB:[e0c56fbf-58af-4909-99ad-16a71beee03d|rpc:10.1.0.66:46767|priority:1] returns group-EEC6380267FB:java.util.concurrent.CompletableFuture@23264374[Not completed]
2021-08-23 23:19:43,572 [pool-169-thread-1] INFO  server.RaftServer$Division (RaftServerImpl.java:<init>(181)) - e0c56fbf-58af-4909-99ad-16a71beee03d: new RaftServerImpl for group-EEC6380267FB:[e0c56fbf-58af-4909-99ad-16a71beee03d|rpc:10.1.0.66:46767|priority:1] with ContainerStateMachine:uninitialized
2021-08-23 23:19:43,572 [pool-169-thread-1] INFO  server.RaftServerConfigKeys (ConfUtils.java:logGet(44)) - raft.server.rpc.timeout.min = 5s (custom)
2021-08-23 23:19:43,572 [pool-169-thread-1] INFO  server.RaftServerConfigKeys (ConfUtils.java:logGet(44)) - raft.server.rpc.timeout.max = 5200ms (custom)
2021-08-23 23:19:43,572 [pool-169-thread-1] INFO  server.RaftServerConfigKeys (ConfUtils.java:logGet(44)) - raft.server.rpc.sleep.time = 25ms (default)
2021-08-23 23:19:43,572 [pool-169-thread-1] INFO  server.RaftServerConfigKeys (ConfUtils.java:logGet(44)) - raft.server.rpc.slowness.timeout = 300000ms (custom)
2021-08-23 23:19:43,572 [pool-169-thread-1] INFO  server.RaftServerConfigKeys (ConfUtils.java:logGet(44)) - raft.server.leaderelection.leader.step-down.wait-time = 10s (default)
2021-08-23 23:19:43,572 [pool-169-thread-1] INFO  server.RaftServerConfigKeys (ConfUtils.java:logGet(44)) - raft.server.sleep.deviation.threshold = 300ms (default)
2021-08-23 23:19:43,572 [pool-169-thread-1] INFO  server.RaftServerConfigKeys (ConfUtils.java:logGet(44)) - raft.server.log.appender.install.snapshot.enabled = false (custom)
2021-08-23 23:19:43,572 [pool-169-thread-1] INFO  server.RaftServer$Division (ServerState.java:<init>(105)) - e0c56fbf-58af-4909-99ad-16a71beee03d@group-EEC6380267FB: ConfigurationManager, init=-1: [e0c56fbf-58af-4909-99ad-16a71beee03d|rpc:10.1.0.66:46767|priority:1], old=null, confs=<EMPTY_MAP>
2021-08-23 23:19:43,572 [pool-169-thread-1] INFO  server.RaftServerConfigKeys (ConfUtils.java:logGet(44)) - raft.server.storage.dir = [/home/runner/work/ozone/ozone/hadoop-ozone/integration-test/target/test-dir/MiniOzoneClusterImpl-994ab01d-a5c0-4516-a51a-b70458bd9cc3/datanode-6/data/ratis] (custom)
2021-08-23 23:19:43,572 [pool-169-thread-1] INFO  server.RaftServerConfigKeys (ConfUtils.java:logGet(44)) - raft.server.log.corruption.policy = EXCEPTION (default)
2021-08-23 23:19:43,572 [pool-169-thread-1] INFO  server.RaftServerConfigKeys (ConfUtils.java:logGet(44)) - raft.server.storage.free-space.min = 0MB (=0) (default)
2021-08-23 23:19:43,573 [pool-169-thread-1] INFO  storage.RaftStorageDirectory (RaftStorageDirectoryImpl.java:analyzeStorage(135)) - The storage directory /home/runner/work/ozone/ozone/hadoop-ozone/integration-test/target/test-dir/MiniOzoneClusterImpl-994ab01d-a5c0-4516-a51a-b70458bd9cc3/datanode-6/data/ratis/9e185a9f-897c-4eb6-ab8b-eec6380267fb does not exist. Creating ...
2021-08-23 23:19:43,575 [pool-169-thread-1] INFO  storage.RaftStorageDirectory (RaftStorageDirectoryImpl.java:tryLock(230)) - Lock on /home/runner/work/ozone/ozone/hadoop-ozone/integration-test/target/test-dir/MiniOzoneClusterImpl-994ab01d-a5c0-4516-a51a-b70458bd9cc3/datanode-6/data/ratis/9e185a9f-897c-4eb6-ab8b-eec6380267fb/in_use.lock acquired by nodename 2902@fv-az116-235
2021-08-23 23:19:43,577 [pool-169-thread-1] INFO  storage.RaftStorage (RaftStorageImpl.java:format(89)) - Storage directory /home/runner/work/ozone/ozone/hadoop-ozone/integration-test/target/test-dir/MiniOzoneClusterImpl-994ab01d-a5c0-4516-a51a-b70458bd9cc3/datanode-6/data/ratis/9e185a9f-897c-4eb6-ab8b-eec6380267fb has been successfully formatted.
2021-08-23 23:19:43,578 [pool-169-thread-1] INFO  ratis.ContainerStateMachine (ContainerStateMachine.java:loadSnapshot(225)) - group-EEC6380267FB: The snapshot info is null. Setting the last applied indexto:(t:0, i:~)
2021-08-23 23:19:43,578 [pool-169-thread-1] INFO  server.RaftServerConfigKeys (ConfUtils.java:logGet(44)) - raft.server.notification.no-leader.timeout = 300000ms (custom)
2021-08-23 23:19:43,578 [pool-169-thread-1] INFO  server.RaftServerConfigKeys (ConfUtils.java:logGet(44)) - raft.server.log.use.memory = false (default)
2021-08-23 23:19:43,578 [pool-169-thread-1] INFO  server.RaftServerConfigKeys (ConfUtils.java:logGet(44)) - raft.server.log.purge.gap = 1000000 (custom)
2021-08-23 23:19:43,578 [pool-169-thread-1] INFO  server.RaftServerConfigKeys (ConfUtils.java:logGet(44)) - raft.server.log.appender.buffer.byte-limit = 33554432 (custom)
2021-08-23 23:19:43,578 [pool-169-thread-1] INFO  server.RaftServerConfigKeys (ConfUtils.java:logGet(44)) - raft.server.log.segment.size.max = 1048576 (custom)
2021-08-23 23:19:43,579 [pool-169-thread-1] INFO  server.RaftServerConfigKeys (ConfUtils.java:logGet(44)) - raft.server.log.segment.cache.num.max = 2 (custom)
2021-08-23 23:19:43,579 [pool-169-thread-1] INFO  server.RaftServerConfigKeys (ConfUtils.java:logGet(44)) - raft.server.log.segment.cache.size.max = 200MB (=209715200) (default)
2021-08-23 23:19:43,579 [pool-169-thread-1] INFO  segmented.SegmentedRaftLogWorker (SegmentedRaftLogWorker.java:<init>(182)) - new e0c56fbf-58af-4909-99ad-16a71beee03d@group-EEC6380267FB-SegmentedRaftLogWorker for RaftStorageImpl:Storage Directory /home/runner/work/ozone/ozone/hadoop-ozone/integration-test/target/test-dir/MiniOzoneClusterImpl-994ab01d-a5c0-4516-a51a-b70458bd9cc3/datanode-6/data/ratis/9e185a9f-897c-4eb6-ab8b-eec6380267fb
2021-08-23 23:19:43,579 [pool-169-thread-1] INFO  server.RaftServerConfigKeys (ConfUtils.java:logGet(44)) - raft.server.log.queue.byte-limit = 2147483647 (custom)
2021-08-23 23:19:43,579 [pool-169-thread-1] INFO  server.RaftServerConfigKeys (ConfUtils.java:logGet(44)) - raft.server.log.queue.element-limit = 1024 (custom)
2021-08-23 23:19:43,579 [pool-169-thread-1] INFO  server.RaftServerConfigKeys (ConfUtils.java:logGet(44)) - raft.server.log.segment.size.max = 1048576 (custom)
2021-08-23 23:19:43,579 [pool-169-thread-1] INFO  server.RaftServerConfigKeys (ConfUtils.java:logGet(44)) - raft.server.log.preallocated.size = 16384 (custom)
2021-08-23 23:19:43,579 [pool-169-thread-1] INFO  server.RaftServerConfigKeys (ConfUtils.java:logGet(44)) - raft.server.log.force.sync.num = 128 (default)
2021-08-23 23:19:43,579 [pool-169-thread-1] INFO  server.RaftServerConfigKeys (ConfUtils.java:logGet(44)) - raft.server.log.statemachine.data.sync = true (default)
2021-08-23 23:19:43,580 [EventQueue-PipelineReportForPipelineReportHandler] INFO  pipeline.PipelineManagerImpl (PipelineManagerImpl.java:openPipeline(283)) - Pipeline Pipeline[ Id: 9e185a9f-897c-4eb6-ab8b-eec6380267fb, Nodes: e0c56fbf-58af-4909-99ad-16a71beee03d{ip: 10.1.0.66, host: fv-az116-235.vzw04321ajxubdbcnpick5nqva.xx.internal.cloudapp.net, ports: [REPLICATION=37937, RATIS=46767, RATIS_ADMIN=46767, RATIS_SERVER=46767, STANDALONE=36485], networkLocation: /default-rack, certSerialId: null, persistedOpState: IN_SERVICE, persistedOpStateExpiryEpochSec: 0}, ReplicationConfig: RATIS/ONE, State:ALLOCATED, leaderId:e0c56fbf-58af-4909-99ad-16a71beee03d, CreationTimestamp2021-08-23T23:19:40.577Z[Etc/UTC]] moved to OPEN state
2021-08-23 23:19:43,581 [EventQueue-OpenPipelineForHealthyPipelineSafeModeRule] INFO  safemode.SCMSafeModeManager (HealthyPipelineSafeModeRule.java:process(124)) - SCM in safe mode. Healthy pipelines reported count is 0, required healthy pipeline reported count is 1
2021-08-23 23:19:43,578 [Datanode State Machine Thread - 0] WARN  statemachine.StateContext (StateContext.java:execute(621)) - No available thread in pool for past 1 seconds.
2021-08-23 23:19:43,584 [pool-169-thread-1] INFO  server.RaftServerConfigKeys (ConfUtils.java:logGet(44)) - raft.server.log.statemachine.data.sync.timeout = 10s (default)
2021-08-23 23:19:43,585 [pool-169-thread-1] INFO  server.RaftServerConfigKeys (ConfUtils.java:logGet(44)) - raft.server.log.statemachine.data.sync.timeout.retry = -1 (default)
2021-08-23 23:19:43,586 [pool-169-thread-1] INFO  server.RaftServerConfigKeys (ConfUtils.java:logGet(44)) - raft.server.log.write.buffer.size = 1048576 (custom)
2021-08-23 23:19:43,586 [pool-169-thread-1] INFO  server.RaftServerConfigKeys (ConfUtils.java:logGet(44)) - raft.server.log.statemachine.data.caching.enabled = true (custom)
2021-08-23 23:19:43,587 [pool-169-thread-1] INFO  segmented.SegmentedRaftLogWorker (SegmentedRaftLogWorker.java:lambda$new$0(133)) - e0c56fbf-58af-4909-99ad-16a71beee03d@group-EEC6380267FB-SegmentedRaftLogWorker: flushIndex: setUnconditionally 0 -> -1
2021-08-23 23:19:43,587 [pool-169-thread-1] INFO  segmented.SegmentedRaftLogWorker (SegmentedRaftLogWorker.java:lambda$new$0(133)) - e0c56fbf-58af-4909-99ad-16a71beee03d@group-EEC6380267FB-SegmentedRaftLogWorker: safeCacheEvictIndex: setUnconditionally 0 -> -1
2021-08-23 23:19:43,587 [pool-169-thread-1] INFO  server.RaftServerConfigKeys (ConfUtils.java:logGet(44)) - raft.server.snapshot.auto.trigger.enabled = true (custom)
2021-08-23 23:19:43,587 [pool-169-thread-1] INFO  server.RaftServerConfigKeys (ConfUtils.java:logGet(44)) - raft.server.snapshot.auto.trigger.threshold = 10000 (custom)
2021-08-23 23:19:43,587 [pool-169-thread-1] INFO  server.RaftServerConfigKeys (ConfUtils.java:logGet(44)) - raft.server.snapshot.retention.file.num = 5 (custom)
2021-08-23 23:19:43,587 [pool-169-thread-1] INFO  server.RaftServerConfigKeys (ConfUtils.java:logGet(44)) - raft.server.log.purge.upto.snapshot.index = false (default)
2021-08-23 23:19:43,587 [pool-169-thread-1] INFO  server.RaftServerConfigKeys (ConfUtils.java:logGet(44)) - raft.server.retrycache.expirytime = 600000ms (custom)
2021-08-23 23:19:43,587 [pool-169-thread-1] INFO  server.RaftServerConfigKeys (ConfUtils.java:logGet(44)) - raft.server.retrycache.statistics.expirytime = 100μs (default)
2021-08-23 23:19:43,589 [pool-169-thread-1] INFO  server.RaftServer$Division (RaftServerImpl.java:start(296)) - e0c56fbf-58af-4909-99ad-16a71beee03d@group-EEC6380267FB: start as a follower, conf=-1: [e0c56fbf-58af-4909-99ad-16a71beee03d|rpc:10.1.0.66:46767|priority:1], old=null
2021-08-23 23:19:43,589 [pool-169-thread-1] INFO  server.RaftServer$Division (RaftServerImpl.java:setRole(285)) - e0c56fbf-58af-4909-99ad-16a71beee03d@group-EEC6380267FB: changes role from      null to FOLLOWER at term 0 for startAsFollower
2021-08-23 23:19:43,589 [pool-169-thread-1] INFO  impl.RoleInfo (RoleInfo.java:updateAndGet(130)) - e0c56fbf-58af-4909-99ad-16a71beee03d: start e0c56fbf-58af-4909-99ad-16a71beee03d@group-EEC6380267FB-FollowerState
2021-08-23 23:19:43,589 [pool-169-thread-1] INFO  util.JmxRegister (JmxRegister.java:tryRegister(44)) - Successfully registered JMX Bean with object name Ratis:service=RaftServer,group=group-EEC6380267FB,id=e0c56fbf-58af-4909-99ad-16a71beee03d
2021-08-23 23:19:43,590 [Command processor thread] INFO  ratis.XceiverServerRatis (XceiverServerRatis.java:addGroup(763)) - Created group PipelineID=9e185a9f-897c-4eb6-ab8b-eec6380267fb
2021-08-23 23:19:43,590 [Command processor thread] INFO  commandhandler.CreatePipelineCommandHandler (CreatePipelineCommandHandler.java:handle(106)) - Created Pipeline RATIS ONE PipelineID=9e185a9f-897c-4eb6-ab8b-eec6380267fb.
2021-08-23 23:19:43,590 [Command processor thread] INFO  server.RaftServer (RaftServerProxy.java:addNew(95)) - e0c56fbf-58af-4909-99ad-16a71beee03d: addNew group-7CDFDB31BB52:[094f6f25-50f7-4e1e-949d-13da2b12d5a4|rpc:10.1.0.66:44115|priority:1, e0c56fbf-58af-4909-99ad-16a71beee03d|rpc:10.1.0.66:46767|priority:0, 0dd4e32c-0382-462c-9ace-22051620c5de|rpc:10.1.0.66:38797|priority:0] returns group-7CDFDB31BB52:java.util.concurrent.CompletableFuture@2719c3c8[Not completed]
2021-08-23 23:19:43,591 [pool-169-thread-1] INFO  server.RaftServer$Division (RaftServerImpl.java:<init>(181)) - e0c56fbf-58af-4909-99ad-16a71beee03d: new RaftServerImpl for group-7CDFDB31BB52:[094f6f25-50f7-4e1e-949d-13da2b12d5a4|rpc:10.1.0.66:44115|priority:1, e0c56fbf-58af-4909-99ad-16a71beee03d|rpc:10.1.0.66:46767|priority:0, 0dd4e32c-0382-462c-9ace-22051620c5de|rpc:10.1.0.66:38797|priority:0] with ContainerStateMachine:uninitialized
2021-08-23 23:19:43,591 [pool-169-thread-1] INFO  server.RaftServerConfigKeys (ConfUtils.java:logGet(44)) - raft.server.rpc.timeout.min = 5s (custom)
2021-08-23 23:19:43,592 [pool-169-thread-1] INFO  server.RaftServerConfigKeys (ConfUtils.java:logGet(44)) - raft.server.rpc.timeout.max = 5200ms (custom)
2021-08-23 23:19:43,592 [pool-169-thread-1] INFO  server.RaftServerConfigKeys (ConfUtils.java:logGet(44)) - raft.server.rpc.sleep.time = 25ms (default)
2021-08-23 23:19:43,592 [pool-169-thread-1] INFO  server.RaftServerConfigKeys (ConfUtils.java:logGet(44)) - raft.server.rpc.slowness.timeout = 300000ms (custom)
2021-08-23 23:19:43,592 [pool-169-thread-1] INFO  server.RaftServerConfigKeys (ConfUtils.java:logGet(44)) - raft.server.leaderelection.leader.step-down.wait-time = 10s (default)
2021-08-23 23:19:43,592 [pool-169-thread-1] INFO  server.RaftServerConfigKeys (ConfUtils.java:logGet(44)) - raft.server.sleep.deviation.threshold = 300ms (default)
2021-08-23 23:19:43,592 [pool-169-thread-1] INFO  server.RaftServerConfigKeys (ConfUtils.java:logGet(44)) - raft.server.log.appender.install.snapshot.enabled = false (custom)
2021-08-23 23:19:43,592 [pool-169-thread-1] INFO  server.RaftServer$Division (ServerState.java:<init>(105)) - e0c56fbf-58af-4909-99ad-16a71beee03d@group-7CDFDB31BB52: ConfigurationManager, init=-1: [094f6f25-50f7-4e1e-949d-13da2b12d5a4|rpc:10.1.0.66:44115|priority:1, e0c56fbf-58af-4909-99ad-16a71beee03d|rpc:10.1.0.66:46767|priority:0, 0dd4e32c-0382-462c-9ace-22051620c5de|rpc:10.1.0.66:38797|priority:0], old=null, confs=<EMPTY_MAP>
2021-08-23 23:19:43,592 [pool-169-thread-1] INFO  server.RaftServerConfigKeys (ConfUtils.java:logGet(44)) - raft.server.storage.dir = [/home/runner/work/ozone/ozone/hadoop-ozone/integration-test/target/test-dir/MiniOzoneClusterImpl-994ab01d-a5c0-4516-a51a-b70458bd9cc3/datanode-6/data/ratis] (custom)
2021-08-23 23:19:43,592 [pool-169-thread-1] INFO  server.RaftServerConfigKeys (ConfUtils.java:logGet(44)) - raft.server.log.corruption.policy = EXCEPTION (default)
2021-08-23 23:19:43,592 [pool-169-thread-1] INFO  server.RaftServerConfigKeys (ConfUtils.java:logGet(44)) - raft.server.storage.free-space.min = 0MB (=0) (default)
2021-08-23 23:19:43,592 [pool-169-thread-1] INFO  storage.RaftStorageDirectory (RaftStorageDirectoryImpl.java:analyzeStorage(135)) - The storage directory /home/runner/work/ozone/ozone/hadoop-ozone/integration-test/target/test-dir/MiniOzoneClusterImpl-994ab01d-a5c0-4516-a51a-b70458bd9cc3/datanode-6/data/ratis/1311ac67-94a8-441d-b18b-7cdfdb31bb52 does not exist. Creating ...
2021-08-23 23:19:43,594 [pool-169-thread-1] INFO  storage.RaftStorageDirectory (RaftStorageDirectoryImpl.java:tryLock(230)) - Lock on /home/runner/work/ozone/ozone/hadoop-ozone/integration-test/target/test-dir/MiniOzoneClusterImpl-994ab01d-a5c0-4516-a51a-b70458bd9cc3/datanode-6/data/ratis/1311ac67-94a8-441d-b18b-7cdfdb31bb52/in_use.lock acquired by nodename 2902@fv-az116-235
2021-08-23 23:19:43,595 [pool-169-thread-1] INFO  storage.RaftStorage (RaftStorageImpl.java:format(89)) - Storage directory /home/runner/work/ozone/ozone/hadoop-ozone/integration-test/target/test-dir/MiniOzoneClusterImpl-994ab01d-a5c0-4516-a51a-b70458bd9cc3/datanode-6/data/ratis/1311ac67-94a8-441d-b18b-7cdfdb31bb52 has been successfully formatted.
2021-08-23 23:19:43,595 [pool-169-thread-1] INFO  ratis.ContainerStateMachine (ContainerStateMachine.java:loadSnapshot(225)) - group-7CDFDB31BB52: The snapshot info is null. Setting the last applied indexto:(t:0, i:~)
2021-08-23 23:19:43,596 [pool-169-thread-1] INFO  server.RaftServerConfigKeys (ConfUtils.java:logGet(44)) - raft.server.notification.no-leader.timeout = 300000ms (custom)
2021-08-23 23:19:43,596 [pool-169-thread-1] INFO  server.RaftServerConfigKeys (ConfUtils.java:logGet(44)) - raft.server.log.use.memory = false (default)
2021-08-23 23:19:43,596 [pool-169-thread-1] INFO  server.RaftServerConfigKeys (ConfUtils.java:logGet(44)) - raft.server.log.purge.gap = 1000000 (custom)
2021-08-23 23:19:43,596 [pool-169-thread-1] INFO  server.RaftServerConfigKeys (ConfUtils.java:logGet(44)) - raft.server.log.appender.buffer.byte-limit = 33554432 (custom)
2021-08-23 23:19:43,596 [pool-169-thread-1] INFO  server.RaftServerConfigKeys (ConfUtils.java:logGet(44)) - raft.server.log.segment.size.max = 1048576 (custom)
2021-08-23 23:19:43,597 [EventQueue-OpenPipelineForHealthyPipelineSafeModeRule] INFO  safemode.SCMSafeModeManager (HealthyPipelineSafeModeRule.java:process(124)) - SCM in safe mode. Healthy pipelines reported count is 0, required healthy pipeline reported count is 1
2021-08-23 23:19:43,597 [pool-169-thread-1] INFO  server.RaftServerConfigKeys (ConfUtils.java:logGet(44)) - raft.server.log.segment.cache.num.max = 2 (custom)
2021-08-23 23:19:43,597 [pool-169-thread-1] INFO  server.RaftServerConfigKeys (ConfUtils.java:logGet(44)) - raft.server.log.segment.cache.size.max = 200MB (=209715200) (default)
2021-08-23 23:19:43,597 [pool-169-thread-1] INFO  segmented.SegmentedRaftLogWorker (SegmentedRaftLogWorker.java:<init>(182)) - new e0c56fbf-58af-4909-99ad-16a71beee03d@group-7CDFDB31BB52-SegmentedRaftLogWorker for RaftStorageImpl:Storage Directory /home/runner/work/ozone/ozone/hadoop-ozone/integration-test/target/test-dir/MiniOzoneClusterImpl-994ab01d-a5c0-4516-a51a-b70458bd9cc3/datanode-6/data/ratis/1311ac67-94a8-441d-b18b-7cdfdb31bb52
2021-08-23 23:19:43,597 [pool-169-thread-1] INFO  server.RaftServerConfigKeys (ConfUtils.java:logGet(44)) - raft.server.log.queue.byte-limit = 2147483647 (custom)
2021-08-23 23:19:43,597 [pool-169-thread-1] INFO  server.RaftServerConfigKeys (ConfUtils.java:logGet(44)) - raft.server.log.queue.element-limit = 1024 (custom)
2021-08-23 23:19:43,597 [pool-169-thread-1] INFO  server.RaftServerConfigKeys (ConfUtils.java:logGet(44)) - raft.server.log.segment.size.max = 1048576 (custom)
2021-08-23 23:19:43,597 [pool-169-thread-1] INFO  server.RaftServerConfigKeys (ConfUtils.java:logGet(44)) - raft.server.log.preallocated.size = 16384 (custom)
2021-08-23 23:19:43,597 [pool-169-thread-1] INFO  server.RaftServerConfigKeys (ConfUtils.java:logGet(44)) - raft.server.log.force.sync.num = 128 (default)
2021-08-23 23:19:43,597 [pool-169-thread-1] INFO  server.RaftServerConfigKeys (ConfUtils.java:logGet(44)) - raft.server.log.statemachine.data.sync = true (default)
2021-08-23 23:19:43,598 [pool-169-thread-1] INFO  server.RaftServerConfigKeys (ConfUtils.java:logGet(44)) - raft.server.log.statemachine.data.sync.timeout = 10s (default)
2021-08-23 23:19:43,598 [pool-169-thread-1] INFO  server.RaftServerConfigKeys (ConfUtils.java:logGet(44)) - raft.server.log.statemachine.data.sync.timeout.retry = -1 (default)
2021-08-23 23:19:43,598 [pool-169-thread-1] INFO  server.RaftServerConfigKeys (ConfUtils.java:logGet(44)) - raft.server.log.write.buffer.size = 1048576 (custom)
2021-08-23 23:19:43,599 [pool-169-thread-1] INFO  server.RaftServerConfigKeys (ConfUtils.java:logGet(44)) - raft.server.log.statemachine.data.caching.enabled = true (custom)
2021-08-23 23:19:43,599 [pool-169-thread-1] INFO  segmented.SegmentedRaftLogWorker (SegmentedRaftLogWorker.java:lambda$new$0(133)) - e0c56fbf-58af-4909-99ad-16a71beee03d@group-7CDFDB31BB52-SegmentedRaftLogWorker: flushIndex: setUnconditionally 0 -> -1
2021-08-23 23:19:43,599 [pool-169-thread-1] INFO  segmented.SegmentedRaftLogWorker (SegmentedRaftLogWorker.java:lambda$new$0(133)) - e0c56fbf-58af-4909-99ad-16a71beee03d@group-7CDFDB31BB52-SegmentedRaftLogWorker: safeCacheEvictIndex: setUnconditionally 0 -> -1
2021-08-23 23:19:43,599 [pool-169-thread-1] INFO  server.RaftServerConfigKeys (ConfUtils.java:logGet(44)) - raft.server.snapshot.auto.trigger.enabled = true (custom)
2021-08-23 23:19:43,599 [pool-169-thread-1] INFO  server.RaftServerConfigKeys (ConfUtils.java:logGet(44)) - raft.server.snapshot.auto.trigger.threshold = 10000 (custom)
2021-08-23 23:19:43,600 [pool-169-thread-1] INFO  server.RaftServerConfigKeys (ConfUtils.java:logGet(44)) - raft.server.snapshot.retention.file.num = 5 (custom)
2021-08-23 23:19:43,600 [pool-169-thread-1] INFO  server.RaftServerConfigKeys (ConfUtils.java:logGet(44)) - raft.server.log.purge.upto.snapshot.index = false (default)
2021-08-23 23:19:43,600 [pool-169-thread-1] INFO  server.RaftServerConfigKeys (ConfUtils.java:logGet(44)) - raft.server.retrycache.expirytime = 600000ms (custom)
2021-08-23 23:19:43,600 [pool-169-thread-1] INFO  server.RaftServerConfigKeys (ConfUtils.java:logGet(44)) - raft.server.retrycache.statistics.expirytime = 100μs (default)
2021-08-23 23:19:43,601 [pool-169-thread-1] INFO  server.RaftServer$Division (RaftServerImpl.java:start(296)) - e0c56fbf-58af-4909-99ad-16a71beee03d@group-7CDFDB31BB52: start as a follower, conf=-1: [094f6f25-50f7-4e1e-949d-13da2b12d5a4|rpc:10.1.0.66:44115|priority:1, e0c56fbf-58af-4909-99ad-16a71beee03d|rpc:10.1.0.66:46767|priority:0, 0dd4e32c-0382-462c-9ace-22051620c5de|rpc:10.1.0.66:38797|priority:0], old=null
2021-08-23 23:19:43,601 [pool-169-thread-1] INFO  server.RaftServer$Division (RaftServerImpl.java:setRole(285)) - e0c56fbf-58af-4909-99ad-16a71beee03d@group-7CDFDB31BB52: changes role from      null to FOLLOWER at term 0 for startAsFollower
2021-08-23 23:19:43,601 [pool-169-thread-1] INFO  impl.RoleInfo (RoleInfo.java:updateAndGet(130)) - e0c56fbf-58af-4909-99ad-16a71beee03d: start e0c56fbf-58af-4909-99ad-16a71beee03d@group-7CDFDB31BB52-FollowerState
2021-08-23 23:19:43,601 [pool-169-thread-1] INFO  util.JmxRegister (JmxRegister.java:tryRegister(44)) - Successfully registered JMX Bean with object name Ratis:service=RaftServer,group=group-7CDFDB31BB52,id=e0c56fbf-58af-4909-99ad-16a71beee03d
2021-08-23 23:19:43,602 [Command processor thread] INFO  ratis.XceiverServerRatis (XceiverServerRatis.java:addGroup(763)) - Created group PipelineID=1311ac67-94a8-441d-b18b-7cdfdb31bb52
2021-08-23 23:19:43,612 [grpc-default-executor-1] INFO  server.RaftServer (RaftServerProxy.java:addNew(95)) - 094f6f25-50f7-4e1e-949d-13da2b12d5a4: addNew group-7CDFDB31BB52:[094f6f25-50f7-4e1e-949d-13da2b12d5a4|rpc:10.1.0.66:44115|dataStream:|priority:1, e0c56fbf-58af-4909-99ad-16a71beee03d|rpc:10.1.0.66:46767|dataStream:|priority:0, 0dd4e32c-0382-462c-9ace-22051620c5de|rpc:10.1.0.66:38797|dataStream:|priority:0] returns group-7CDFDB31BB52:java.util.concurrent.CompletableFuture@24d536eb[Not completed]
2021-08-23 23:19:43,614 [pool-188-thread-1] INFO  server.RaftServer$Division (RaftServerImpl.java:<init>(181)) - 094f6f25-50f7-4e1e-949d-13da2b12d5a4: new RaftServerImpl for group-7CDFDB31BB52:[094f6f25-50f7-4e1e-949d-13da2b12d5a4|rpc:10.1.0.66:44115|dataStream:|priority:1, e0c56fbf-58af-4909-99ad-16a71beee03d|rpc:10.1.0.66:46767|dataStream:|priority:0, 0dd4e32c-0382-462c-9ace-22051620c5de|rpc:10.1.0.66:38797|dataStream:|priority:0] with ContainerStateMachine:uninitialized
2021-08-23 23:19:43,614 [pool-188-thread-1] INFO  server.RaftServerConfigKeys (ConfUtils.java:logGet(44)) - raft.server.rpc.timeout.min = 5s (custom)
2021-08-23 23:19:43,614 [pool-188-thread-1] INFO  server.RaftServerConfigKeys (ConfUtils.java:logGet(44)) - raft.server.rpc.timeout.max = 5200ms (custom)
2021-08-23 23:19:43,614 [pool-188-thread-1] INFO  server.RaftServerConfigKeys (ConfUtils.java:logGet(44)) - raft.server.rpc.sleep.time = 25ms (default)
2021-08-23 23:19:43,614 [pool-188-thread-1] INFO  server.RaftServerConfigKeys (ConfUtils.java:logGet(44)) - raft.server.rpc.slowness.timeout = 300000ms (custom)
2021-08-23 23:19:43,614 [pool-188-thread-1] INFO  server.RaftServerConfigKeys (ConfUtils.java:logGet(44)) - raft.server.leaderelection.leader.step-down.wait-time = 10s (default)
2021-08-23 23:19:43,614 [pool-188-thread-1] INFO  server.RaftServerConfigKeys (ConfUtils.java:logGet(44)) - raft.server.sleep.deviation.threshold = 300ms (default)
2021-08-23 23:19:43,614 [pool-188-thread-1] INFO  server.RaftServerConfigKeys (ConfUtils.java:logGet(44)) - raft.server.log.appender.install.snapshot.enabled = false (custom)
2021-08-23 23:19:43,614 [pool-188-thread-1] INFO  server.RaftServer$Division (ServerState.java:<init>(105)) - 094f6f25-50f7-4e1e-949d-13da2b12d5a4@group-7CDFDB31BB52: ConfigurationManager, init=-1: [094f6f25-50f7-4e1e-949d-13da2b12d5a4|rpc:10.1.0.66:44115|dataStream:|priority:1, e0c56fbf-58af-4909-99ad-16a71beee03d|rpc:10.1.0.66:46767|dataStream:|priority:0, 0dd4e32c-0382-462c-9ace-22051620c5de|rpc:10.1.0.66:38797|dataStream:|priority:0], old=null, confs=<EMPTY_MAP>
2021-08-23 23:19:43,614 [pool-188-thread-1] INFO  server.RaftServerConfigKeys (ConfUtils.java:logGet(44)) - raft.server.storage.dir = [/home/runner/work/ozone/ozone/hadoop-ozone/integration-test/target/test-dir/MiniOzoneClusterImpl-994ab01d-a5c0-4516-a51a-b70458bd9cc3/datanode-7/data/ratis] (custom)
2021-08-23 23:19:43,614 [pool-188-thread-1] INFO  server.RaftServerConfigKeys (ConfUtils.java:logGet(44)) - raft.server.log.corruption.policy = EXCEPTION (default)
2021-08-23 23:19:43,615 [pool-188-thread-1] INFO  server.RaftServerConfigKeys (ConfUtils.java:logGet(44)) - raft.server.storage.free-space.min = 0MB (=0) (default)
2021-08-23 23:19:43,615 [pool-188-thread-1] INFO  storage.RaftStorageDirectory (RaftStorageDirectoryImpl.java:analyzeStorage(135)) - The storage directory /home/runner/work/ozone/ozone/hadoop-ozone/integration-test/target/test-dir/MiniOzoneClusterImpl-994ab01d-a5c0-4516-a51a-b70458bd9cc3/datanode-7/data/ratis/1311ac67-94a8-441d-b18b-7cdfdb31bb52 does not exist. Creating ...
2021-08-23 23:19:43,616 [pool-188-thread-1] INFO  storage.RaftStorageDirectory (RaftStorageDirectoryImpl.java:tryLock(230)) - Lock on /home/runner/work/ozone/ozone/hadoop-ozone/integration-test/target/test-dir/MiniOzoneClusterImpl-994ab01d-a5c0-4516-a51a-b70458bd9cc3/datanode-7/data/ratis/1311ac67-94a8-441d-b18b-7cdfdb31bb52/in_use.lock acquired by nodename 2902@fv-az116-235
2021-08-23 23:19:43,617 [pool-188-thread-1] INFO  storage.RaftStorage (RaftStorageImpl.java:format(89)) - Storage directory /home/runner/work/ozone/ozone/hadoop-ozone/integration-test/target/test-dir/MiniOzoneClusterImpl-994ab01d-a5c0-4516-a51a-b70458bd9cc3/datanode-7/data/ratis/1311ac67-94a8-441d-b18b-7cdfdb31bb52 has been successfully formatted.
2021-08-23 23:19:43,618 [pool-188-thread-1] INFO  ratis.ContainerStateMachine (ContainerStateMachine.java:loadSnapshot(225)) - group-7CDFDB31BB52: The snapshot info is null. Setting the last applied indexto:(t:0, i:~)
2021-08-23 23:19:43,618 [pool-188-thread-1] INFO  server.RaftServerConfigKeys (ConfUtils.java:logGet(44)) - raft.server.notification.no-leader.timeout = 300000ms (custom)
2021-08-23 23:19:43,618 [pool-188-thread-1] INFO  server.RaftServerConfigKeys (ConfUtils.java:logGet(44)) - raft.server.log.use.memory = false (default)
2021-08-23 23:19:43,618 [pool-188-thread-1] INFO  server.RaftServerConfigKeys (ConfUtils.java:logGet(44)) - raft.server.log.purge.gap = 1000000 (custom)
2021-08-23 23:19:43,618 [pool-188-thread-1] INFO  server.RaftServerConfigKeys (ConfUtils.java:logGet(44)) - raft.server.log.appender.buffer.byte-limit = 33554432 (custom)
2021-08-23 23:19:43,618 [pool-188-thread-1] INFO  server.RaftServerConfigKeys (ConfUtils.java:logGet(44)) - raft.server.log.segment.size.max = 1048576 (custom)
2021-08-23 23:19:43,619 [pool-188-thread-1] INFO  server.RaftServerConfigKeys (ConfUtils.java:logGet(44)) - raft.server.log.segment.cache.num.max = 2 (custom)
2021-08-23 23:19:43,619 [pool-188-thread-1] INFO  server.RaftServerConfigKeys (ConfUtils.java:logGet(44)) - raft.server.log.segment.cache.size.max = 200MB (=209715200) (default)
2021-08-23 23:19:43,619 [pool-188-thread-1] INFO  segmented.SegmentedRaftLogWorker (SegmentedRaftLogWorker.java:<init>(182)) - new 094f6f25-50f7-4e1e-949d-13da2b12d5a4@group-7CDFDB31BB52-SegmentedRaftLogWorker for RaftStorageImpl:Storage Directory /home/runner/work/ozone/ozone/hadoop-ozone/integration-test/target/test-dir/MiniOzoneClusterImpl-994ab01d-a5c0-4516-a51a-b70458bd9cc3/datanode-7/data/ratis/1311ac67-94a8-441d-b18b-7cdfdb31bb52
2021-08-23 23:19:43,619 [pool-188-thread-1] INFO  server.RaftServerConfigKeys (ConfUtils.java:logGet(44)) - raft.server.log.queue.byte-limit = 2147483647 (custom)
2021-08-23 23:19:43,619 [pool-188-thread-1] INFO  server.RaftServerConfigKeys (ConfUtils.java:logGet(44)) - raft.server.log.queue.element-limit = 1024 (custom)
2021-08-23 23:19:43,619 [pool-188-thread-1] INFO  server.RaftServerConfigKeys (ConfUtils.java:logGet(44)) - raft.server.log.segment.size.max = 1048576 (custom)
2021-08-23 23:19:43,619 [pool-188-thread-1] INFO  server.RaftServerConfigKeys (ConfUtils.java:logGet(44)) - raft.server.log.preallocated.size = 16384 (custom)
2021-08-23 23:19:43,619 [pool-188-thread-1] INFO  server.RaftServerConfigKeys (ConfUtils.java:logGet(44)) - raft.server.log.force.sync.num = 128 (default)
2021-08-23 23:19:43,619 [pool-188-thread-1] INFO  server.RaftServerConfigKeys (ConfUtils.java:logGet(44)) - raft.server.log.statemachine.data.sync = true (default)
2021-08-23 23:19:43,619 [pool-188-thread-1] INFO  server.RaftServerConfigKeys (ConfUtils.java:logGet(44)) - raft.server.log.statemachine.data.sync.timeout = 10s (default)
2021-08-23 23:19:43,619 [pool-188-thread-1] INFO  server.RaftServerConfigKeys (ConfUtils.java:logGet(44)) - raft.server.log.statemachine.data.sync.timeout.retry = -1 (default)
2021-08-23 23:19:43,620 [pool-188-thread-1] INFO  server.RaftServerConfigKeys (ConfUtils.java:logGet(44)) - raft.server.log.write.buffer.size = 1048576 (custom)
2021-08-23 23:19:43,621 [pool-188-thread-1] INFO  server.RaftServerConfigKeys (ConfUtils.java:logGet(44)) - raft.server.log.statemachine.data.caching.enabled = true (custom)
2021-08-23 23:19:43,621 [pool-188-thread-1] INFO  segmented.SegmentedRaftLogWorker (SegmentedRaftLogWorker.java:lambda$new$0(133)) - 094f6f25-50f7-4e1e-949d-13da2b12d5a4@group-7CDFDB31BB52-SegmentedRaftLogWorker: flushIndex: setUnconditionally 0 -> -1
2021-08-23 23:19:43,621 [pool-188-thread-1] INFO  segmented.SegmentedRaftLogWorker (SegmentedRaftLogWorker.java:lambda$new$0(133)) - 094f6f25-50f7-4e1e-949d-13da2b12d5a4@group-7CDFDB31BB52-SegmentedRaftLogWorker: safeCacheEvictIndex: setUnconditionally 0 -> -1
2021-08-23 23:19:43,621 [pool-188-thread-1] INFO  server.RaftServerConfigKeys (ConfUtils.java:logGet(44)) - raft.server.snapshot.auto.trigger.enabled = true (custom)
2021-08-23 23:19:43,622 [pool-188-thread-1] INFO  server.RaftServerConfigKeys (ConfUtils.java:logGet(44)) - raft.server.snapshot.auto.trigger.threshold = 10000 (custom)
2021-08-23 23:19:43,622 [pool-188-thread-1] INFO  server.RaftServerConfigKeys (ConfUtils.java:logGet(44)) - raft.server.snapshot.retention.file.num = 5 (custom)
2021-08-23 23:19:43,622 [pool-188-thread-1] INFO  server.RaftServerConfigKeys (ConfUtils.java:logGet(44)) - raft.server.log.purge.upto.snapshot.index = false (default)
2021-08-23 23:19:43,622 [pool-188-thread-1] INFO  server.RaftServerConfigKeys (ConfUtils.java:logGet(44)) - raft.server.retrycache.expirytime = 600000ms (custom)
2021-08-23 23:19:43,622 [pool-188-thread-1] INFO  server.RaftServerConfigKeys (ConfUtils.java:logGet(44)) - raft.server.retrycache.statistics.expirytime = 100μs (default)
2021-08-23 23:19:43,623 [pool-188-thread-1] INFO  server.RaftServer$Division (RaftServerImpl.java:start(296)) - 094f6f25-50f7-4e1e-949d-13da2b12d5a4@group-7CDFDB31BB52: start as a follower, conf=-1: [094f6f25-50f7-4e1e-949d-13da2b12d5a4|rpc:10.1.0.66:44115|dataStream:|priority:1, e0c56fbf-58af-4909-99ad-16a71beee03d|rpc:10.1.0.66:46767|dataStream:|priority:0, 0dd4e32c-0382-462c-9ace-22051620c5de|rpc:10.1.0.66:38797|dataStream:|priority:0], old=null
2021-08-23 23:19:43,623 [pool-188-thread-1] INFO  server.RaftServer$Division (RaftServerImpl.java:setRole(285)) - 094f6f25-50f7-4e1e-949d-13da2b12d5a4@group-7CDFDB31BB52: changes role from      null to FOLLOWER at term 0 for startAsFollower
2021-08-23 23:19:43,623 [pool-188-thread-1] INFO  impl.RoleInfo (RoleInfo.java:updateAndGet(130)) - 094f6f25-50f7-4e1e-949d-13da2b12d5a4: start 094f6f25-50f7-4e1e-949d-13da2b12d5a4@group-7CDFDB31BB52-FollowerState
2021-08-23 23:19:43,623 [pool-188-thread-1] INFO  util.JmxRegister (JmxRegister.java:tryRegister(44)) - Successfully registered JMX Bean with object name Ratis:service=RaftServer,group=group-7CDFDB31BB52,id=094f6f25-50f7-4e1e-949d-13da2b12d5a4
2021-08-23 23:19:43,645 [grpc-default-executor-1] INFO  server.RaftServer (RaftServerProxy.java:addNew(95)) - 0dd4e32c-0382-462c-9ace-22051620c5de: addNew group-7CDFDB31BB52:[094f6f25-50f7-4e1e-949d-13da2b12d5a4|rpc:10.1.0.66:44115|dataStream:|priority:1, e0c56fbf-58af-4909-99ad-16a71beee03d|rpc:10.1.0.66:46767|dataStream:|priority:0, 0dd4e32c-0382-462c-9ace-22051620c5de|rpc:10.1.0.66:38797|dataStream:|priority:0] returns group-7CDFDB31BB52:java.util.concurrent.CompletableFuture@f223239[Not completed]
2021-08-23 23:19:43,649 [pool-207-thread-1] INFO  server.RaftServer$Division (RaftServerImpl.java:<init>(181)) - 0dd4e32c-0382-462c-9ace-22051620c5de: new RaftServerImpl for group-7CDFDB31BB52:[094f6f25-50f7-4e1e-949d-13da2b12d5a4|rpc:10.1.0.66:44115|dataStream:|priority:1, e0c56fbf-58af-4909-99ad-16a71beee03d|rpc:10.1.0.66:46767|dataStream:|priority:0, 0dd4e32c-0382-462c-9ace-22051620c5de|rpc:10.1.0.66:38797|dataStream:|priority:0] with ContainerStateMachine:uninitialized
2021-08-23 23:19:43,649 [pool-207-thread-1] INFO  server.RaftServerConfigKeys (ConfUtils.java:logGet(44)) - raft.server.rpc.timeout.min = 5s (custom)
2021-08-23 23:19:43,649 [pool-207-thread-1] INFO  server.RaftServerConfigKeys (ConfUtils.java:logGet(44)) - raft.server.rpc.timeout.max = 5200ms (custom)
2021-08-23 23:19:43,649 [pool-207-thread-1] INFO  server.RaftServerConfigKeys (ConfUtils.java:logGet(44)) - raft.server.rpc.sleep.time = 25ms (default)
2021-08-23 23:19:43,649 [pool-207-thread-1] INFO  server.RaftServerConfigKeys (ConfUtils.java:logGet(44)) - raft.server.rpc.slowness.timeout = 300000ms (custom)
2021-08-23 23:19:43,649 [pool-207-thread-1] INFO  server.RaftServerConfigKeys (ConfUtils.java:logGet(44)) - raft.server.leaderelection.leader.step-down.wait-time = 10s (default)
2021-08-23 23:19:43,649 [pool-207-thread-1] INFO  server.RaftServerConfigKeys (ConfUtils.java:logGet(44)) - raft.server.sleep.deviation.threshold = 300ms (default)
2021-08-23 23:19:43,649 [pool-207-thread-1] INFO  server.RaftServerConfigKeys (ConfUtils.java:logGet(44)) - raft.server.log.appender.install.snapshot.enabled = false (custom)
2021-08-23 23:19:43,649 [pool-207-thread-1] INFO  server.RaftServer$Division (ServerState.java:<init>(105)) - 0dd4e32c-0382-462c-9ace-22051620c5de@group-7CDFDB31BB52: ConfigurationManager, init=-1: [094f6f25-50f7-4e1e-949d-13da2b12d5a4|rpc:10.1.0.66:44115|dataStream:|priority:1, e0c56fbf-58af-4909-99ad-16a71beee03d|rpc:10.1.0.66:46767|dataStream:|priority:0, 0dd4e32c-0382-462c-9ace-22051620c5de|rpc:10.1.0.66:38797|dataStream:|priority:0], old=null, confs=<EMPTY_MAP>
2021-08-23 23:19:43,650 [pool-207-thread-1] INFO  server.RaftServerConfigKeys (ConfUtils.java:logGet(44)) - raft.server.storage.dir = [/home/runner/work/ozone/ozone/hadoop-ozone/integration-test/target/test-dir/MiniOzoneClusterImpl-994ab01d-a5c0-4516-a51a-b70458bd9cc3/datanode-8/data/ratis] (custom)
2021-08-23 23:19:43,650 [pool-207-thread-1] INFO  server.RaftServerConfigKeys (ConfUtils.java:logGet(44)) - raft.server.log.corruption.policy = EXCEPTION (default)
2021-08-23 23:19:43,650 [pool-207-thread-1] INFO  server.RaftServerConfigKeys (ConfUtils.java:logGet(44)) - raft.server.storage.free-space.min = 0MB (=0) (default)
2021-08-23 23:19:43,650 [pool-207-thread-1] INFO  storage.RaftStorageDirectory (RaftStorageDirectoryImpl.java:analyzeStorage(135)) - The storage directory /home/runner/work/ozone/ozone/hadoop-ozone/integration-test/target/test-dir/MiniOzoneClusterImpl-994ab01d-a5c0-4516-a51a-b70458bd9cc3/datanode-8/data/ratis/1311ac67-94a8-441d-b18b-7cdfdb31bb52 does not exist. Creating ...
2021-08-23 23:19:43,651 [pool-207-thread-1] INFO  storage.RaftStorageDirectory (RaftStorageDirectoryImpl.java:tryLock(230)) - Lock on /home/runner/work/ozone/ozone/hadoop-ozone/integration-test/target/test-dir/MiniOzoneClusterImpl-994ab01d-a5c0-4516-a51a-b70458bd9cc3/datanode-8/data/ratis/1311ac67-94a8-441d-b18b-7cdfdb31bb52/in_use.lock acquired by nodename 2902@fv-az116-235
2021-08-23 23:19:43,652 [pool-207-thread-1] INFO  storage.RaftStorage (RaftStorageImpl.java:format(89)) - Storage directory /home/runner/work/ozone/ozone/hadoop-ozone/integration-test/target/test-dir/MiniOzoneClusterImpl-994ab01d-a5c0-4516-a51a-b70458bd9cc3/datanode-8/data/ratis/1311ac67-94a8-441d-b18b-7cdfdb31bb52 has been successfully formatted.
2021-08-23 23:19:43,653 [pool-207-thread-1] INFO  ratis.ContainerStateMachine (ContainerStateMachine.java:loadSnapshot(225)) - group-7CDFDB31BB52: The snapshot info is null. Setting the last applied indexto:(t:0, i:~)
2021-08-23 23:19:43,653 [pool-207-thread-1] INFO  server.RaftServerConfigKeys (ConfUtils.java:logGet(44)) - raft.server.notification.no-leader.timeout = 300000ms (custom)
2021-08-23 23:19:43,653 [pool-207-thread-1] INFO  server.RaftServerConfigKeys (ConfUtils.java:logGet(44)) - raft.server.log.use.memory = false (default)
2021-08-23 23:19:43,653 [pool-207-thread-1] INFO  server.RaftServerConfigKeys (ConfUtils.java:logGet(44)) - raft.server.log.purge.gap = 1000000 (custom)
2021-08-23 23:19:43,653 [pool-207-thread-1] INFO  server.RaftServerConfigKeys (ConfUtils.java:logGet(44)) - raft.server.log.appender.buffer.byte-limit = 33554432 (custom)
2021-08-23 23:19:43,654 [pool-207-thread-1] INFO  server.RaftServerConfigKeys (ConfUtils.java:logGet(44)) - raft.server.log.segment.size.max = 1048576 (custom)
2021-08-23 23:19:43,653 [Datanode State Machine Thread - 0] WARN  statemachine.StateContext (StateContext.java:execute(621)) - No available thread in pool for past 1 seconds.
2021-08-23 23:19:43,657 [pool-207-thread-1] INFO  server.RaftServerConfigKeys (ConfUtils.java:logGet(44)) - raft.server.log.segment.cache.num.max = 2 (custom)
2021-08-23 23:19:43,657 [pool-207-thread-1] INFO  server.RaftServerConfigKeys (ConfUtils.java:logGet(44)) - raft.server.log.segment.cache.size.max = 200MB (=209715200) (default)
2021-08-23 23:19:43,657 [pool-207-thread-1] INFO  segmented.SegmentedRaftLogWorker (SegmentedRaftLogWorker.java:<init>(182)) - new 0dd4e32c-0382-462c-9ace-22051620c5de@group-7CDFDB31BB52-SegmentedRaftLogWorker for RaftStorageImpl:Storage Directory /home/runner/work/ozone/ozone/hadoop-ozone/integration-test/target/test-dir/MiniOzoneClusterImpl-994ab01d-a5c0-4516-a51a-b70458bd9cc3/datanode-8/data/ratis/1311ac67-94a8-441d-b18b-7cdfdb31bb52
2021-08-23 23:19:43,657 [pool-207-thread-1] INFO  server.RaftServerConfigKeys (ConfUtils.java:logGet(44)) - raft.server.log.queue.byte-limit = 2147483647 (custom)
2021-08-23 23:19:43,657 [pool-207-thread-1] INFO  server.RaftServerConfigKeys (ConfUtils.java:logGet(44)) - raft.server.log.queue.element-limit = 1024 (custom)
2021-08-23 23:19:43,657 [pool-207-thread-1] INFO  server.RaftServerConfigKeys (ConfUtils.java:logGet(44)) - raft.server.log.segment.size.max = 1048576 (custom)
2021-08-23 23:19:43,657 [pool-207-thread-1] INFO  server.RaftServerConfigKeys (ConfUtils.java:logGet(44)) - raft.server.log.preallocated.size = 16384 (custom)
2021-08-23 23:19:43,657 [pool-207-thread-1] INFO  server.RaftServerConfigKeys (ConfUtils.java:logGet(44)) - raft.server.log.force.sync.num = 128 (default)
2021-08-23 23:19:43,657 [pool-207-thread-1] INFO  server.RaftServerConfigKeys (ConfUtils.java:logGet(44)) - raft.server.log.statemachine.data.sync = true (default)
2021-08-23 23:19:43,657 [pool-207-thread-1] INFO  server.RaftServerConfigKeys (ConfUtils.java:logGet(44)) - raft.server.log.statemachine.data.sync.timeout = 10s (default)
2021-08-23 23:19:43,657 [pool-207-thread-1] INFO  server.RaftServerConfigKeys (ConfUtils.java:logGet(44)) - raft.server.log.statemachine.data.sync.timeout.retry = -1 (default)
2021-08-23 23:19:43,658 [pool-207-thread-1] INFO  server.RaftServerConfigKeys (ConfUtils.java:logGet(44)) - raft.server.log.write.buffer.size = 1048576 (custom)
2021-08-23 23:19:43,658 [pool-207-thread-1] INFO  server.RaftServerConfigKeys (ConfUtils.java:logGet(44)) - raft.server.log.statemachine.data.caching.enabled = true (custom)
2021-08-23 23:19:43,659 [pool-207-thread-1] INFO  segmented.SegmentedRaftLogWorker (SegmentedRaftLogWorker.java:lambda$new$0(133)) - 0dd4e32c-0382-462c-9ace-22051620c5de@group-7CDFDB31BB52-SegmentedRaftLogWorker: flushIndex: setUnconditionally 0 -> -1
2021-08-23 23:19:43,659 [pool-207-thread-1] INFO  segmented.SegmentedRaftLogWorker (SegmentedRaftLogWorker.java:lambda$new$0(133)) - 0dd4e32c-0382-462c-9ace-22051620c5de@group-7CDFDB31BB52-SegmentedRaftLogWorker: safeCacheEvictIndex: setUnconditionally 0 -> -1
2021-08-23 23:19:43,659 [pool-207-thread-1] INFO  server.RaftServerConfigKeys (ConfUtils.java:logGet(44)) - raft.server.snapshot.auto.trigger.enabled = true (custom)
2021-08-23 23:19:43,659 [pool-207-thread-1] INFO  server.RaftServerConfigKeys (ConfUtils.java:logGet(44)) - raft.server.snapshot.auto.trigger.threshold = 10000 (custom)
2021-08-23 23:19:43,659 [pool-207-thread-1] INFO  server.RaftServerConfigKeys (ConfUtils.java:logGet(44)) - raft.server.snapshot.retention.file.num = 5 (custom)
2021-08-23 23:19:43,659 [pool-207-thread-1] INFO  server.RaftServerConfigKeys (ConfUtils.java:logGet(44)) - raft.server.log.purge.upto.snapshot.index = false (default)
2021-08-23 23:19:43,659 [pool-207-thread-1] INFO  server.RaftServerConfigKeys (ConfUtils.java:logGet(44)) - raft.server.retrycache.expirytime = 600000ms (custom)
2021-08-23 23:19:43,659 [pool-207-thread-1] INFO  server.RaftServerConfigKeys (ConfUtils.java:logGet(44)) - raft.server.retrycache.statistics.expirytime = 100μs (default)
2021-08-23 23:19:43,660 [pool-207-thread-1] INFO  server.RaftServer$Division (RaftServerImpl.java:start(296)) - 0dd4e32c-0382-462c-9ace-22051620c5de@group-7CDFDB31BB52: start as a follower, conf=-1: [094f6f25-50f7-4e1e-949d-13da2b12d5a4|rpc:10.1.0.66:44115|dataStream:|priority:1, e0c56fbf-58af-4909-99ad-16a71beee03d|rpc:10.1.0.66:46767|dataStream:|priority:0, 0dd4e32c-0382-462c-9ace-22051620c5de|rpc:10.1.0.66:38797|dataStream:|priority:0], old=null
2021-08-23 23:19:43,661 [pool-207-thread-1] INFO  server.RaftServer$Division (RaftServerImpl.java:setRole(285)) - 0dd4e32c-0382-462c-9ace-22051620c5de@group-7CDFDB31BB52: changes role from      null to FOLLOWER at term 0 for startAsFollower
2021-08-23 23:19:43,661 [pool-207-thread-1] INFO  impl.RoleInfo (RoleInfo.java:updateAndGet(130)) - 0dd4e32c-0382-462c-9ace-22051620c5de: start 0dd4e32c-0382-462c-9ace-22051620c5de@group-7CDFDB31BB52-FollowerState
2021-08-23 23:19:43,661 [pool-207-thread-1] INFO  util.JmxRegister (JmxRegister.java:tryRegister(44)) - Successfully registered JMX Bean with object name Ratis:service=RaftServer,group=group-7CDFDB31BB52,id=0dd4e32c-0382-462c-9ace-22051620c5de
2021-08-23 23:19:43,666 [Command processor thread] INFO  commandhandler.CreatePipelineCommandHandler (CreatePipelineCommandHandler.java:handle(106)) - Created Pipeline RATIS THREE PipelineID=1311ac67-94a8-441d-b18b-7cdfdb31bb52.
2021-08-23 23:19:43,746 [Command processor thread] INFO  server.RaftServer (RaftServerProxy.java:addNew(95)) - 094f6f25-50f7-4e1e-949d-13da2b12d5a4: addNew group-1A8D313B1A4B:[094f6f25-50f7-4e1e-949d-13da2b12d5a4|rpc:10.1.0.66:44115|priority:1] returns group-1A8D313B1A4B:java.util.concurrent.CompletableFuture@2c1f6802[Not completed]
2021-08-23 23:19:43,747 [pool-188-thread-1] INFO  server.RaftServer$Division (RaftServerImpl.java:<init>(181)) - 094f6f25-50f7-4e1e-949d-13da2b12d5a4: new RaftServerImpl for group-1A8D313B1A4B:[094f6f25-50f7-4e1e-949d-13da2b12d5a4|rpc:10.1.0.66:44115|priority:1] with ContainerStateMachine:uninitialized
2021-08-23 23:19:43,747 [pool-188-thread-1] INFO  server.RaftServerConfigKeys (ConfUtils.java:logGet(44)) - raft.server.rpc.timeout.min = 5s (custom)
2021-08-23 23:19:43,747 [pool-188-thread-1] INFO  server.RaftServerConfigKeys (ConfUtils.java:logGet(44)) - raft.server.rpc.timeout.max = 5200ms (custom)
2021-08-23 23:19:43,747 [pool-188-thread-1] INFO  server.RaftServerConfigKeys (ConfUtils.java:logGet(44)) - raft.server.rpc.sleep.time = 25ms (default)
2021-08-23 23:19:43,747 [pool-188-thread-1] INFO  server.RaftServerConfigKeys (ConfUtils.java:logGet(44)) - raft.server.rpc.slowness.timeout = 300000ms (custom)
2021-08-23 23:19:43,747 [pool-188-thread-1] INFO  server.RaftServerConfigKeys (ConfUtils.java:logGet(44)) - raft.server.leaderelection.leader.step-down.wait-time = 10s (default)
2021-08-23 23:19:43,747 [pool-188-thread-1] INFO  server.RaftServerConfigKeys (ConfUtils.java:logGet(44)) - raft.server.sleep.deviation.threshold = 300ms (default)
2021-08-23 23:19:43,747 [pool-188-thread-1] INFO  server.RaftServerConfigKeys (ConfUtils.java:logGet(44)) - raft.server.log.appender.install.snapshot.enabled = false (custom)
2021-08-23 23:19:43,747 [pool-188-thread-1] INFO  server.RaftServer$Division (ServerState.java:<init>(105)) - 094f6f25-50f7-4e1e-949d-13da2b12d5a4@group-1A8D313B1A4B: ConfigurationManager, init=-1: [094f6f25-50f7-4e1e-949d-13da2b12d5a4|rpc:10.1.0.66:44115|priority:1], old=null, confs=<EMPTY_MAP>
2021-08-23 23:19:43,748 [pool-188-thread-1] INFO  server.RaftServerConfigKeys (ConfUtils.java:logGet(44)) - raft.server.storage.dir = [/home/runner/work/ozone/ozone/hadoop-ozone/integration-test/target/test-dir/MiniOzoneClusterImpl-994ab01d-a5c0-4516-a51a-b70458bd9cc3/datanode-7/data/ratis] (custom)
2021-08-23 23:19:43,748 [pool-188-thread-1] INFO  server.RaftServerConfigKeys (ConfUtils.java:logGet(44)) - raft.server.log.corruption.policy = EXCEPTION (default)
2021-08-23 23:19:43,748 [pool-188-thread-1] INFO  server.RaftServerConfigKeys (ConfUtils.java:logGet(44)) - raft.server.storage.free-space.min = 0MB (=0) (default)
2021-08-23 23:19:43,748 [pool-188-thread-1] INFO  storage.RaftStorageDirectory (RaftStorageDirectoryImpl.java:analyzeStorage(135)) - The storage directory /home/runner/work/ozone/ozone/hadoop-ozone/integration-test/target/test-dir/MiniOzoneClusterImpl-994ab01d-a5c0-4516-a51a-b70458bd9cc3/datanode-7/data/ratis/36fbc433-278b-4df9-ae58-1a8d313b1a4b does not exist. Creating ...
2021-08-23 23:19:43,749 [pool-188-thread-1] INFO  storage.RaftStorageDirectory (RaftStorageDirectoryImpl.java:tryLock(230)) - Lock on /home/runner/work/ozone/ozone/hadoop-ozone/integration-test/target/test-dir/MiniOzoneClusterImpl-994ab01d-a5c0-4516-a51a-b70458bd9cc3/datanode-7/data/ratis/36fbc433-278b-4df9-ae58-1a8d313b1a4b/in_use.lock acquired by nodename 2902@fv-az116-235
2021-08-23 23:19:43,750 [pool-188-thread-1] INFO  storage.RaftStorage (RaftStorageImpl.java:format(89)) - Storage directory /home/runner/work/ozone/ozone/hadoop-ozone/integration-test/target/test-dir/MiniOzoneClusterImpl-994ab01d-a5c0-4516-a51a-b70458bd9cc3/datanode-7/data/ratis/36fbc433-278b-4df9-ae58-1a8d313b1a4b has been successfully formatted.
2021-08-23 23:19:43,751 [pool-188-thread-1] INFO  ratis.ContainerStateMachine (ContainerStateMachine.java:loadSnapshot(225)) - group-1A8D313B1A4B: The snapshot info is null. Setting the last applied indexto:(t:0, i:~)
2021-08-23 23:19:43,751 [pool-188-thread-1] INFO  server.RaftServerConfigKeys (ConfUtils.java:logGet(44)) - raft.server.notification.no-leader.timeout = 300000ms (custom)
2021-08-23 23:19:43,751 [pool-188-thread-1] INFO  server.RaftServerConfigKeys (ConfUtils.java:logGet(44)) - raft.server.log.use.memory = false (default)
2021-08-23 23:19:43,751 [pool-188-thread-1] INFO  server.RaftServerConfigKeys (ConfUtils.java:logGet(44)) - raft.server.log.purge.gap = 1000000 (custom)
2021-08-23 23:19:43,751 [pool-188-thread-1] INFO  server.RaftServerConfigKeys (ConfUtils.java:logGet(44)) - raft.server.log.appender.buffer.byte-limit = 33554432 (custom)
2021-08-23 23:19:43,752 [pool-188-thread-1] INFO  server.RaftServerConfigKeys (ConfUtils.java:logGet(44)) - raft.server.log.segment.size.max = 1048576 (custom)
2021-08-23 23:19:43,752 [pool-188-thread-1] INFO  server.RaftServerConfigKeys (ConfUtils.java:logGet(44)) - raft.server.log.segment.cache.num.max = 2 (custom)
2021-08-23 23:19:43,752 [pool-188-thread-1] INFO  server.RaftServerConfigKeys (ConfUtils.java:logGet(44)) - raft.server.log.segment.cache.size.max = 200MB (=209715200) (default)
2021-08-23 23:19:43,752 [pool-188-thread-1] INFO  segmented.SegmentedRaftLogWorker (SegmentedRaftLogWorker.java:<init>(182)) - new 094f6f25-50f7-4e1e-949d-13da2b12d5a4@group-1A8D313B1A4B-SegmentedRaftLogWorker for RaftStorageImpl:Storage Directory /home/runner/work/ozone/ozone/hadoop-ozone/integration-test/target/test-dir/MiniOzoneClusterImpl-994ab01d-a5c0-4516-a51a-b70458bd9cc3/datanode-7/data/ratis/36fbc433-278b-4df9-ae58-1a8d313b1a4b
2021-08-23 23:19:43,752 [pool-188-thread-1] INFO  server.RaftServerConfigKeys (ConfUtils.java:logGet(44)) - raft.server.log.queue.byte-limit = 2147483647 (custom)
2021-08-23 23:19:43,752 [pool-188-thread-1] INFO  server.RaftServerConfigKeys (ConfUtils.java:logGet(44)) - raft.server.log.queue.element-limit = 1024 (custom)
2021-08-23 23:19:43,752 [pool-188-thread-1] INFO  server.RaftServerConfigKeys (ConfUtils.java:logGet(44)) - raft.server.log.segment.size.max = 1048576 (custom)
2021-08-23 23:19:43,753 [pool-188-thread-1] INFO  server.RaftServerConfigKeys (ConfUtils.java:logGet(44)) - raft.server.log.preallocated.size = 16384 (custom)
2021-08-23 23:19:43,753 [pool-188-thread-1] INFO  server.RaftServerConfigKeys (ConfUtils.java:logGet(44)) - raft.server.log.force.sync.num = 128 (default)
2021-08-23 23:19:43,753 [pool-188-thread-1] INFO  server.RaftServerConfigKeys (ConfUtils.java:logGet(44)) - raft.server.log.statemachine.data.sync = true (default)
2021-08-23 23:19:43,753 [pool-188-thread-1] INFO  server.RaftServerConfigKeys (ConfUtils.java:logGet(44)) - raft.server.log.statemachine.data.sync.timeout = 10s (default)
2021-08-23 23:19:43,753 [pool-188-thread-1] INFO  server.RaftServerConfigKeys (ConfUtils.java:logGet(44)) - raft.server.log.statemachine.data.sync.timeout.retry = -1 (default)
2021-08-23 23:19:43,752 [EventQueue-PipelineReportForPipelineReportHandler] INFO  pipeline.PipelineManagerImpl (PipelineManagerImpl.java:openPipeline(283)) - Pipeline Pipeline[ Id: 36fbc433-278b-4df9-ae58-1a8d313b1a4b, Nodes: 094f6f25-50f7-4e1e-949d-13da2b12d5a4{ip: 10.1.0.66, host: fv-az116-235.vzw04321ajxubdbcnpick5nqva.xx.internal.cloudapp.net, ports: [REPLICATION=41163, RATIS=44115, RATIS_ADMIN=44115, RATIS_SERVER=44115, STANDALONE=37713], networkLocation: /default-rack, certSerialId: null, persistedOpState: IN_SERVICE, persistedOpStateExpiryEpochSec: 0}, ReplicationConfig: RATIS/ONE, State:ALLOCATED, leaderId:094f6f25-50f7-4e1e-949d-13da2b12d5a4, CreationTimestamp2021-08-23T23:19:40.750Z[Etc/UTC]] moved to OPEN state
2021-08-23 23:19:43,754 [pool-188-thread-1] INFO  server.RaftServerConfigKeys (ConfUtils.java:logGet(44)) - raft.server.log.write.buffer.size = 1048576 (custom)
2021-08-23 23:19:43,754 [EventQueue-OpenPipelineForHealthyPipelineSafeModeRule] INFO  safemode.SCMSafeModeManager (HealthyPipelineSafeModeRule.java:process(124)) - SCM in safe mode. Healthy pipelines reported count is 0, required healthy pipeline reported count is 1
2021-08-23 23:19:43,756 [pool-188-thread-1] INFO  server.RaftServerConfigKeys (ConfUtils.java:logGet(44)) - raft.server.log.statemachine.data.caching.enabled = true (custom)
2021-08-23 23:19:43,757 [pool-188-thread-1] INFO  segmented.SegmentedRaftLogWorker (SegmentedRaftLogWorker.java:lambda$new$0(133)) - 094f6f25-50f7-4e1e-949d-13da2b12d5a4@group-1A8D313B1A4B-SegmentedRaftLogWorker: flushIndex: setUnconditionally 0 -> -1
2021-08-23 23:19:43,757 [pool-188-thread-1] INFO  segmented.SegmentedRaftLogWorker (SegmentedRaftLogWorker.java:lambda$new$0(133)) - 094f6f25-50f7-4e1e-949d-13da2b12d5a4@group-1A8D313B1A4B-SegmentedRaftLogWorker: safeCacheEvictIndex: setUnconditionally 0 -> -1
2021-08-23 23:19:43,757 [pool-188-thread-1] INFO  server.RaftServerConfigKeys (ConfUtils.java:logGet(44)) - raft.server.snapshot.auto.trigger.enabled = true (custom)
2021-08-23 23:19:43,757 [pool-188-thread-1] INFO  server.RaftServerConfigKeys (ConfUtils.java:logGet(44)) - raft.server.snapshot.auto.trigger.threshold = 10000 (custom)
2021-08-23 23:19:43,757 [pool-188-thread-1] INFO  server.RaftServerConfigKeys (ConfUtils.java:logGet(44)) - raft.server.snapshot.retention.file.num = 5 (custom)
2021-08-23 23:19:43,757 [pool-188-thread-1] INFO  server.RaftServerConfigKeys (ConfUtils.java:logGet(44)) - raft.server.log.purge.upto.snapshot.index = false (default)
2021-08-23 23:19:43,757 [pool-188-thread-1] INFO  server.RaftServerConfigKeys (ConfUtils.java:logGet(44)) - raft.server.retrycache.expirytime = 600000ms (custom)
2021-08-23 23:19:43,757 [pool-188-thread-1] INFO  server.RaftServerConfigKeys (ConfUtils.java:logGet(44)) - raft.server.retrycache.statistics.expirytime = 100μs (default)
2021-08-23 23:19:43,759 [pool-188-thread-1] INFO  server.RaftServer$Division (RaftServerImpl.java:start(296)) - 094f6f25-50f7-4e1e-949d-13da2b12d5a4@group-1A8D313B1A4B: start as a follower, conf=-1: [094f6f25-50f7-4e1e-949d-13da2b12d5a4|rpc:10.1.0.66:44115|priority:1], old=null
2021-08-23 23:19:43,759 [pool-188-thread-1] INFO  server.RaftServer$Division (RaftServerImpl.java:setRole(285)) - 094f6f25-50f7-4e1e-949d-13da2b12d5a4@group-1A8D313B1A4B: changes role from      null to FOLLOWER at term 0 for startAsFollower
2021-08-23 23:19:43,759 [pool-188-thread-1] INFO  impl.RoleInfo (RoleInfo.java:updateAndGet(130)) - 094f6f25-50f7-4e1e-949d-13da2b12d5a4: start 094f6f25-50f7-4e1e-949d-13da2b12d5a4@group-1A8D313B1A4B-FollowerState
2021-08-23 23:19:43,764 [pool-188-thread-1] INFO  util.JmxRegister (JmxRegister.java:tryRegister(44)) - Successfully registered JMX Bean with object name Ratis:service=RaftServer,group=group-1A8D313B1A4B,id=094f6f25-50f7-4e1e-949d-13da2b12d5a4
2021-08-23 23:19:43,765 [Command processor thread] INFO  ratis.XceiverServerRatis (XceiverServerRatis.java:addGroup(763)) - Created group PipelineID=36fbc433-278b-4df9-ae58-1a8d313b1a4b
2021-08-23 23:19:43,765 [Command processor thread] INFO  commandhandler.CreatePipelineCommandHandler (CreatePipelineCommandHandler.java:handle(106)) - Created Pipeline RATIS ONE PipelineID=36fbc433-278b-4df9-ae58-1a8d313b1a4b.
2021-08-23 23:19:43,891 [Command processor thread] INFO  server.RaftServer (RaftServerProxy.java:addNew(95)) - 0dd4e32c-0382-462c-9ace-22051620c5de: addNew group-847F673905BC:[0dd4e32c-0382-462c-9ace-22051620c5de|rpc:10.1.0.66:38797|priority:1] returns group-847F673905BC:java.util.concurrent.CompletableFuture@165888f[Not completed]
2021-08-23 23:19:43,892 [Listener at 127.0.0.1/36523] INFO  ozone.MiniOzoneClusterImpl (MiniOzoneClusterImpl.java:lambda$waitForClusterToBeReady$0(235)) - Nodes are ready. Got 9 of 9 DN Heartbeats.
2021-08-23 23:19:43,892 [Listener at 127.0.0.1/36523] INFO  ozone.MiniOzoneClusterImpl (MiniOzoneClusterImpl.java:lambda$waitForClusterToBeReady$0(238)) - Waiting for cluster to exit safe mode
2021-08-23 23:19:43,892 [Listener at 127.0.0.1/36523] INFO  ozone.MiniOzoneClusterImpl (MiniOzoneClusterImpl.java:lambda$waitForClusterToBeReady$0(240)) - SCM became leader
2021-08-23 23:19:43,892 [pool-207-thread-1] INFO  server.RaftServer$Division (RaftServerImpl.java:<init>(181)) - 0dd4e32c-0382-462c-9ace-22051620c5de: new RaftServerImpl for group-847F673905BC:[0dd4e32c-0382-462c-9ace-22051620c5de|rpc:10.1.0.66:38797|priority:1] with ContainerStateMachine:uninitialized
2021-08-23 23:19:43,892 [pool-207-thread-1] INFO  server.RaftServerConfigKeys (ConfUtils.java:logGet(44)) - raft.server.rpc.timeout.min = 5s (custom)
2021-08-23 23:19:43,892 [pool-207-thread-1] INFO  server.RaftServerConfigKeys (ConfUtils.java:logGet(44)) - raft.server.rpc.timeout.max = 5200ms (custom)
2021-08-23 23:19:43,893 [pool-207-thread-1] INFO  server.RaftServerConfigKeys (ConfUtils.java:logGet(44)) - raft.server.rpc.sleep.time = 25ms (default)
2021-08-23 23:19:43,893 [pool-207-thread-1] INFO  server.RaftServerConfigKeys (ConfUtils.java:logGet(44)) - raft.server.rpc.slowness.timeout = 300000ms (custom)
2021-08-23 23:19:43,893 [pool-207-thread-1] INFO  server.RaftServerConfigKeys (ConfUtils.java:logGet(44)) - raft.server.leaderelection.leader.step-down.wait-time = 10s (default)
2021-08-23 23:19:43,893 [pool-207-thread-1] INFO  server.RaftServerConfigKeys (ConfUtils.java:logGet(44)) - raft.server.sleep.deviation.threshold = 300ms (default)
2021-08-23 23:19:43,893 [pool-207-thread-1] INFO  server.RaftServerConfigKeys (ConfUtils.java:logGet(44)) - raft.server.log.appender.install.snapshot.enabled = false (custom)
2021-08-23 23:19:43,893 [pool-207-thread-1] INFO  server.RaftServer$Division (ServerState.java:<init>(105)) - 0dd4e32c-0382-462c-9ace-22051620c5de@group-847F673905BC: ConfigurationManager, init=-1: [0dd4e32c-0382-462c-9ace-22051620c5de|rpc:10.1.0.66:38797|priority:1], old=null, confs=<EMPTY_MAP>
2021-08-23 23:19:43,893 [pool-207-thread-1] INFO  server.RaftServerConfigKeys (ConfUtils.java:logGet(44)) - raft.server.storage.dir = [/home/runner/work/ozone/ozone/hadoop-ozone/integration-test/target/test-dir/MiniOzoneClusterImpl-994ab01d-a5c0-4516-a51a-b70458bd9cc3/datanode-8/data/ratis] (custom)
2021-08-23 23:19:43,893 [pool-207-thread-1] INFO  server.RaftServerConfigKeys (ConfUtils.java:logGet(44)) - raft.server.log.corruption.policy = EXCEPTION (default)
2021-08-23 23:19:43,894 [pool-207-thread-1] INFO  server.RaftServerConfigKeys (ConfUtils.java:logGet(44)) - raft.server.storage.free-space.min = 0MB (=0) (default)
2021-08-23 23:19:43,894 [pool-207-thread-1] INFO  storage.RaftStorageDirectory (RaftStorageDirectoryImpl.java:analyzeStorage(135)) - The storage directory /home/runner/work/ozone/ozone/hadoop-ozone/integration-test/target/test-dir/MiniOzoneClusterImpl-994ab01d-a5c0-4516-a51a-b70458bd9cc3/datanode-8/data/ratis/44800551-6f8b-4d35-a4dd-847f673905bc does not exist. Creating ...
2021-08-23 23:19:43,895 [pool-207-thread-1] INFO  storage.RaftStorageDirectory (RaftStorageDirectoryImpl.java:tryLock(230)) - Lock on /home/runner/work/ozone/ozone/hadoop-ozone/integration-test/target/test-dir/MiniOzoneClusterImpl-994ab01d-a5c0-4516-a51a-b70458bd9cc3/datanode-8/data/ratis/44800551-6f8b-4d35-a4dd-847f673905bc/in_use.lock acquired by nodename 2902@fv-az116-235
2021-08-23 23:19:43,897 [pool-207-thread-1] INFO  storage.RaftStorage (RaftStorageImpl.java:format(89)) - Storage directory /home/runner/work/ozone/ozone/hadoop-ozone/integration-test/target/test-dir/MiniOzoneClusterImpl-994ab01d-a5c0-4516-a51a-b70458bd9cc3/datanode-8/data/ratis/44800551-6f8b-4d35-a4dd-847f673905bc has been successfully formatted.
2021-08-23 23:19:43,897 [pool-207-thread-1] INFO  ratis.ContainerStateMachine (ContainerStateMachine.java:loadSnapshot(225)) - group-847F673905BC: The snapshot info is null. Setting the last applied indexto:(t:0, i:~)
2021-08-23 23:19:43,898 [pool-207-thread-1] INFO  server.RaftServerConfigKeys (ConfUtils.java:logGet(44)) - raft.server.notification.no-leader.timeout = 300000ms (custom)
2021-08-23 23:19:43,898 [pool-207-thread-1] INFO  server.RaftServerConfigKeys (ConfUtils.java:logGet(44)) - raft.server.log.use.memory = false (default)
2021-08-23 23:19:43,898 [pool-207-thread-1] INFO  server.RaftServerConfigKeys (ConfUtils.java:logGet(44)) - raft.server.log.purge.gap = 1000000 (custom)
2021-08-23 23:19:43,898 [pool-207-thread-1] INFO  server.RaftServerConfigKeys (ConfUtils.java:logGet(44)) - raft.server.log.appender.buffer.byte-limit = 33554432 (custom)
2021-08-23 23:19:43,898 [pool-207-thread-1] INFO  server.RaftServerConfigKeys (ConfUtils.java:logGet(44)) - raft.server.log.segment.size.max = 1048576 (custom)
2021-08-23 23:19:43,898 [pool-207-thread-1] INFO  server.RaftServerConfigKeys (ConfUtils.java:logGet(44)) - raft.server.log.segment.cache.num.max = 2 (custom)
2021-08-23 23:19:43,898 [EventQueue-PipelineReportForPipelineReportHandler] INFO  pipeline.PipelineManagerImpl (PipelineManagerImpl.java:openPipeline(283)) - Pipeline Pipeline[ Id: 44800551-6f8b-4d35-a4dd-847f673905bc, Nodes: 0dd4e32c-0382-462c-9ace-22051620c5de{ip: 10.1.0.66, host: fv-az116-235.vzw04321ajxubdbcnpick5nqva.xx.internal.cloudapp.net, ports: [REPLICATION=41197, RATIS=38797, RATIS_ADMIN=38797, RATIS_SERVER=38797, STANDALONE=32959], networkLocation: /default-rack, certSerialId: null, persistedOpState: IN_SERVICE, persistedOpStateExpiryEpochSec: 0}, ReplicationConfig: RATIS/ONE, State:ALLOCATED, leaderId:0dd4e32c-0382-462c-9ace-22051620c5de, CreationTimestamp2021-08-23T23:19:40.895Z[Etc/UTC]] moved to OPEN state
2021-08-23 23:19:43,899 [EventQueue-OpenPipelineForHealthyPipelineSafeModeRule] INFO  safemode.SCMSafeModeManager (HealthyPipelineSafeModeRule.java:process(124)) - SCM in safe mode. Healthy pipelines reported count is 0, required healthy pipeline reported count is 1
2021-08-23 23:19:43,898 [pool-207-thread-1] INFO  server.RaftServerConfigKeys (ConfUtils.java:logGet(44)) - raft.server.log.segment.cache.size.max = 200MB (=209715200) (default)
2021-08-23 23:19:43,901 [pool-207-thread-1] INFO  segmented.SegmentedRaftLogWorker (SegmentedRaftLogWorker.java:<init>(182)) - new 0dd4e32c-0382-462c-9ace-22051620c5de@group-847F673905BC-SegmentedRaftLogWorker for RaftStorageImpl:Storage Directory /home/runner/work/ozone/ozone/hadoop-ozone/integration-test/target/test-dir/MiniOzoneClusterImpl-994ab01d-a5c0-4516-a51a-b70458bd9cc3/datanode-8/data/ratis/44800551-6f8b-4d35-a4dd-847f673905bc
2021-08-23 23:19:43,901 [pool-207-thread-1] INFO  server.RaftServerConfigKeys (ConfUtils.java:logGet(44)) - raft.server.log.queue.byte-limit = 2147483647 (custom)
2021-08-23 23:19:43,901 [pool-207-thread-1] INFO  server.RaftServerConfigKeys (ConfUtils.java:logGet(44)) - raft.server.log.queue.element-limit = 1024 (custom)
2021-08-23 23:19:43,901 [pool-207-thread-1] INFO  server.RaftServerConfigKeys (ConfUtils.java:logGet(44)) - raft.server.log.segment.size.max = 1048576 (custom)
2021-08-23 23:19:43,901 [pool-207-thread-1] INFO  server.RaftServerConfigKeys (ConfUtils.java:logGet(44)) - raft.server.log.preallocated.size = 16384 (custom)
2021-08-23 23:19:43,901 [pool-207-thread-1] INFO  server.RaftServerConfigKeys (ConfUtils.java:logGet(44)) - raft.server.log.force.sync.num = 128 (default)
2021-08-23 23:19:43,901 [pool-207-thread-1] INFO  server.RaftServerConfigKeys (ConfUtils.java:logGet(44)) - raft.server.log.statemachine.data.sync = true (default)
2021-08-23 23:19:43,902 [pool-207-thread-1] INFO  server.RaftServerConfigKeys (ConfUtils.java:logGet(44)) - raft.server.log.statemachine.data.sync.timeout = 10s (default)
2021-08-23 23:19:43,902 [pool-207-thread-1] INFO  server.RaftServerConfigKeys (ConfUtils.java:logGet(44)) - raft.server.log.statemachine.data.sync.timeout.retry = -1 (default)
2021-08-23 23:19:43,903 [pool-207-thread-1] INFO  server.RaftServerConfigKeys (ConfUtils.java:logGet(44)) - raft.server.log.write.buffer.size = 1048576 (custom)
2021-08-23 23:19:43,903 [pool-207-thread-1] INFO  server.RaftServerConfigKeys (ConfUtils.java:logGet(44)) - raft.server.log.statemachine.data.caching.enabled = true (custom)
2021-08-23 23:19:43,904 [pool-207-thread-1] INFO  segmented.SegmentedRaftLogWorker (SegmentedRaftLogWorker.java:lambda$new$0(133)) - 0dd4e32c-0382-462c-9ace-22051620c5de@group-847F673905BC-SegmentedRaftLogWorker: flushIndex: setUnconditionally 0 -> -1
2021-08-23 23:19:43,904 [pool-207-thread-1] INFO  segmented.SegmentedRaftLogWorker (SegmentedRaftLogWorker.java:lambda$new$0(133)) - 0dd4e32c-0382-462c-9ace-22051620c5de@group-847F673905BC-SegmentedRaftLogWorker: safeCacheEvictIndex: setUnconditionally 0 -> -1
2021-08-23 23:19:43,904 [pool-207-thread-1] INFO  server.RaftServerConfigKeys (ConfUtils.java:logGet(44)) - raft.server.snapshot.auto.trigger.enabled = true (custom)
2021-08-23 23:19:43,904 [pool-207-thread-1] INFO  server.RaftServerConfigKeys (ConfUtils.java:logGet(44)) - raft.server.snapshot.auto.trigger.threshold = 10000 (custom)
2021-08-23 23:19:43,904 [pool-207-thread-1] INFO  server.RaftServerConfigKeys (ConfUtils.java:logGet(44)) - raft.server.snapshot.retention.file.num = 5 (custom)
2021-08-23 23:19:43,904 [pool-207-thread-1] INFO  server.RaftServerConfigKeys (ConfUtils.java:logGet(44)) - raft.server.log.purge.upto.snapshot.index = false (default)
2021-08-23 23:19:43,904 [pool-207-thread-1] INFO  server.RaftServerConfigKeys (ConfUtils.java:logGet(44)) - raft.server.retrycache.expirytime = 600000ms (custom)
2021-08-23 23:19:43,904 [pool-207-thread-1] INFO  server.RaftServerConfigKeys (ConfUtils.java:logGet(44)) - raft.server.retrycache.statistics.expirytime = 100μs (default)
2021-08-23 23:19:43,910 [pool-207-thread-1] INFO  server.RaftServer$Division (RaftServerImpl.java:start(296)) - 0dd4e32c-0382-462c-9ace-22051620c5de@group-847F673905BC: start as a follower, conf=-1: [0dd4e32c-0382-462c-9ace-22051620c5de|rpc:10.1.0.66:38797|priority:1], old=null
2021-08-23 23:19:43,910 [pool-207-thread-1] INFO  server.RaftServer$Division (RaftServerImpl.java:setRole(285)) - 0dd4e32c-0382-462c-9ace-22051620c5de@group-847F673905BC: changes role from      null to FOLLOWER at term 0 for startAsFollower
2021-08-23 23:19:43,910 [pool-207-thread-1] INFO  impl.RoleInfo (RoleInfo.java:updateAndGet(130)) - 0dd4e32c-0382-462c-9ace-22051620c5de: start 0dd4e32c-0382-462c-9ace-22051620c5de@group-847F673905BC-FollowerState
2021-08-23 23:19:43,910 [pool-207-thread-1] INFO  util.JmxRegister (JmxRegister.java:tryRegister(44)) - Successfully registered JMX Bean with object name Ratis:service=RaftServer,group=group-847F673905BC,id=0dd4e32c-0382-462c-9ace-22051620c5de
2021-08-23 23:19:43,920 [Command processor thread] INFO  ratis.XceiverServerRatis (XceiverServerRatis.java:addGroup(763)) - Created group PipelineID=44800551-6f8b-4d35-a4dd-847f673905bc
2021-08-23 23:19:43,920 [Command processor thread] INFO  commandhandler.CreatePipelineCommandHandler (CreatePipelineCommandHandler.java:handle(106)) - Created Pipeline RATIS ONE PipelineID=44800551-6f8b-4d35-a4dd-847f673905bc.
2021-08-23 23:19:44,892 [Listener at 127.0.0.1/36523] INFO  ozone.MiniOzoneClusterImpl (MiniOzoneClusterImpl.java:lambda$waitForClusterToBeReady$0(235)) - Nodes are ready. Got 9 of 9 DN Heartbeats.
2021-08-23 23:19:44,893 [Listener at 127.0.0.1/36523] INFO  ozone.MiniOzoneClusterImpl (MiniOzoneClusterImpl.java:lambda$waitForClusterToBeReady$0(238)) - Waiting for cluster to exit safe mode
2021-08-23 23:19:44,893 [Listener at 127.0.0.1/36523] INFO  ozone.MiniOzoneClusterImpl (MiniOzoneClusterImpl.java:lambda$waitForClusterToBeReady$0(240)) - SCM became leader
2021-08-23 23:19:45,893 [Listener at 127.0.0.1/36523] INFO  ozone.MiniOzoneClusterImpl (MiniOzoneClusterImpl.java:lambda$waitForClusterToBeReady$0(235)) - Nodes are ready. Got 9 of 9 DN Heartbeats.
2021-08-23 23:19:45,893 [Listener at 127.0.0.1/36523] INFO  ozone.MiniOzoneClusterImpl (MiniOzoneClusterImpl.java:lambda$waitForClusterToBeReady$0(238)) - Waiting for cluster to exit safe mode
2021-08-23 23:19:45,893 [Listener at 127.0.0.1/36523] INFO  ozone.MiniOzoneClusterImpl (MiniOzoneClusterImpl.java:lambda$waitForClusterToBeReady$0(240)) - SCM became leader
2021-08-23 23:19:46,893 [Listener at 127.0.0.1/36523] INFO  ozone.MiniOzoneClusterImpl (MiniOzoneClusterImpl.java:lambda$waitForClusterToBeReady$0(235)) - Nodes are ready. Got 9 of 9 DN Heartbeats.
2021-08-23 23:19:46,894 [Listener at 127.0.0.1/36523] INFO  ozone.MiniOzoneClusterImpl (MiniOzoneClusterImpl.java:lambda$waitForClusterToBeReady$0(238)) - Waiting for cluster to exit safe mode
2021-08-23 23:19:46,894 [Listener at 127.0.0.1/36523] INFO  ozone.MiniOzoneClusterImpl (MiniOzoneClusterImpl.java:lambda$waitForClusterToBeReady$0(240)) - SCM became leader
2021-08-23 23:19:47,230 [bf8c8c9e-9c71-482e-9792-8d809f4c5fef@group-E25A058EDB63-FollowerState] INFO  impl.FollowerState (FollowerState.java:run(134)) - bf8c8c9e-9c71-482e-9792-8d809f4c5fef@group-E25A058EDB63-FollowerState: change to CANDIDATE, lastRpcElapsedTime:5073353629ns, electionTimeout:5065ms
2021-08-23 23:19:47,231 [bf8c8c9e-9c71-482e-9792-8d809f4c5fef@group-E25A058EDB63-FollowerState] INFO  impl.RoleInfo (RoleInfo.java:shutdownFollowerState(108)) - bf8c8c9e-9c71-482e-9792-8d809f4c5fef: shutdown bf8c8c9e-9c71-482e-9792-8d809f4c5fef@group-E25A058EDB63-FollowerState
2021-08-23 23:19:47,231 [bf8c8c9e-9c71-482e-9792-8d809f4c5fef@group-E25A058EDB63-FollowerState] INFO  server.RaftServer$Division (RaftServerImpl.java:setRole(285)) - bf8c8c9e-9c71-482e-9792-8d809f4c5fef@group-E25A058EDB63: changes role from  FOLLOWER to CANDIDATE at term 0 for changeToCandidate
2021-08-23 23:19:47,231 [bf8c8c9e-9c71-482e-9792-8d809f4c5fef@group-E25A058EDB63-FollowerState] INFO  server.RaftServerConfigKeys (ConfUtils.java:logGet(44)) - raft.server.leaderelection.pre-vote = false (custom)
2021-08-23 23:19:47,231 [bf8c8c9e-9c71-482e-9792-8d809f4c5fef@group-E25A058EDB63-FollowerState] INFO  impl.RoleInfo (RoleInfo.java:updateAndGet(130)) - bf8c8c9e-9c71-482e-9792-8d809f4c5fef: start bf8c8c9e-9c71-482e-9792-8d809f4c5fef@group-E25A058EDB63-LeaderElection2
2021-08-23 23:19:47,237 [bf8c8c9e-9c71-482e-9792-8d809f4c5fef@group-E25A058EDB63-LeaderElection2] INFO  impl.LeaderElection (LeaderElection.java:askForVotes(306)) - bf8c8c9e-9c71-482e-9792-8d809f4c5fef@group-E25A058EDB63-LeaderElection2 ELECTION round 0: submit vote requests at term 1 for -1: [bf8c8c9e-9c71-482e-9792-8d809f4c5fef|rpc:10.1.0.66:33119|priority:1], old=null
2021-08-23 23:19:47,237 [bf8c8c9e-9c71-482e-9792-8d809f4c5fef@group-E25A058EDB63-LeaderElection2] INFO  impl.LeaderElection (LeaderElection.java:askForVotes(308)) - bf8c8c9e-9c71-482e-9792-8d809f4c5fef@group-E25A058EDB63-LeaderElection2 ELECTION round 0: result PASSED (term=1)
2021-08-23 23:19:47,237 [bf8c8c9e-9c71-482e-9792-8d809f4c5fef@group-E25A058EDB63-LeaderElection2] INFO  impl.RoleInfo (RoleInfo.java:shutdownLeaderElection(121)) - bf8c8c9e-9c71-482e-9792-8d809f4c5fef: shutdown bf8c8c9e-9c71-482e-9792-8d809f4c5fef@group-E25A058EDB63-LeaderElection2
2021-08-23 23:19:47,237 [bf8c8c9e-9c71-482e-9792-8d809f4c5fef@group-E25A058EDB63-LeaderElection2] INFO  server.RaftServer$Division (RaftServerImpl.java:setRole(285)) - bf8c8c9e-9c71-482e-9792-8d809f4c5fef@group-E25A058EDB63: changes role from CANDIDATE to LEADER at term 1 for changeToLeader
2021-08-23 23:19:47,237 [bf8c8c9e-9c71-482e-9792-8d809f4c5fef@group-E25A058EDB63-LeaderElection2] INFO  ratis.XceiverServerRatis (XceiverServerRatis.java:handleLeaderChangedNotification(861)) - Leader change notification received for group: group-E25A058EDB63 with new leaderId: bf8c8c9e-9c71-482e-9792-8d809f4c5fef
2021-08-23 23:19:47,238 [Datanode State Machine Thread - 0] WARN  statemachine.StateContext (StateContext.java:execute(621)) - No available thread in pool for past 1 seconds.
2021-08-23 23:19:47,238 [bf8c8c9e-9c71-482e-9792-8d809f4c5fef@group-E25A058EDB63-LeaderElection2] INFO  server.RaftServer$Division (ServerState.java:setLeader(285)) - bf8c8c9e-9c71-482e-9792-8d809f4c5fef@group-E25A058EDB63: change Leader from null to bf8c8c9e-9c71-482e-9792-8d809f4c5fef at term 1 for becomeLeader, leader elected after 5116ms
2021-08-23 23:19:47,238 [bf8c8c9e-9c71-482e-9792-8d809f4c5fef@group-E25A058EDB63-LeaderElection2] INFO  server.RaftServerConfigKeys (ConfUtils.java:logGet(44)) - raft.server.staging.catchup.gap = 1000 (default)
2021-08-23 23:19:47,238 [bf8c8c9e-9c71-482e-9792-8d809f4c5fef@group-E25A058EDB63-LeaderElection2] INFO  server.RaftServerConfigKeys (ConfUtils.java:logGet(44)) - raft.server.write.element-limit = 1024 (custom)
2021-08-23 23:19:47,238 [bf8c8c9e-9c71-482e-9792-8d809f4c5fef@group-E25A058EDB63-LeaderElection2] INFO  server.RaftServerConfigKeys (ConfUtils.java:logGet(44)) - raft.server.write.byte-limit = 1024 M (=1073741824) (custom)
2021-08-23 23:19:47,239 [EventQueue-OpenPipelineForHealthyPipelineSafeModeRule] INFO  safemode.SCMSafeModeManager (HealthyPipelineSafeModeRule.java:process(124)) - SCM in safe mode. Healthy pipelines reported count is 0, required healthy pipeline reported count is 1
2021-08-23 23:19:47,239 [bf8c8c9e-9c71-482e-9792-8d809f4c5fef@group-E25A058EDB63-LeaderElection2] INFO  server.RaftServerConfigKeys (ConfUtils.java:logGet(44)) - raft.server.watch.timeout = 3000ms (custom)
2021-08-23 23:19:47,239 [bf8c8c9e-9c71-482e-9792-8d809f4c5fef@group-E25A058EDB63-LeaderElection2] INFO  server.RaftServerConfigKeys (ConfUtils.java:logGet(44)) - raft.server.watch.timeout.denomination = 1s (default)
2021-08-23 23:19:47,239 [bf8c8c9e-9c71-482e-9792-8d809f4c5fef@group-E25A058EDB63-LeaderElection2] INFO  server.RaftServerConfigKeys (ConfUtils.java:logGet(44)) - raft.server.watch.element-limit = 65536 (default)
2021-08-23 23:19:47,239 [bf8c8c9e-9c71-482e-9792-8d809f4c5fef@group-E25A058EDB63-LeaderElection2] INFO  impl.RoleInfo (RoleInfo.java:updateAndGet(130)) - bf8c8c9e-9c71-482e-9792-8d809f4c5fef: start bf8c8c9e-9c71-482e-9792-8d809f4c5fef@group-E25A058EDB63-LeaderStateImpl
2021-08-23 23:19:47,239 [bf8c8c9e-9c71-482e-9792-8d809f4c5fef@group-E25A058EDB63-LeaderElection2] INFO  segmented.SegmentedRaftLogWorker (SegmentedRaftLogWorker.java:startLogSegment(394)) - bf8c8c9e-9c71-482e-9792-8d809f4c5fef@group-E25A058EDB63-SegmentedRaftLogWorker: Starting segment from index:0
2021-08-23 23:19:47,246 [bf8c8c9e-9c71-482e-9792-8d809f4c5fef@group-E25A058EDB63-LeaderElection2] INFO  server.RaftServer$Division (ServerState.java:setRaftConf(387)) - bf8c8c9e-9c71-482e-9792-8d809f4c5fef@group-E25A058EDB63: set configuration 0: [bf8c8c9e-9c71-482e-9792-8d809f4c5fef|rpc:10.1.0.66:33119|dataStream:|priority:1], old=null
2021-08-23 23:19:47,247 [bf8c8c9e-9c71-482e-9792-8d809f4c5fef@group-E25A058EDB63-SegmentedRaftLogWorker] INFO  segmented.SegmentedRaftLogWorker (SegmentedRaftLogWorker.java:execute(601)) - bf8c8c9e-9c71-482e-9792-8d809f4c5fef@group-E25A058EDB63-SegmentedRaftLogWorker: created new log segment /home/runner/work/ozone/ozone/hadoop-ozone/integration-test/target/test-dir/MiniOzoneClusterImpl-994ab01d-a5c0-4516-a51a-b70458bd9cc3/datanode-0/data/ratis/fa2e9dba-e515-47ed-9806-e25a058edb63/current/log_inprogress_0
2021-08-23 23:19:47,397 [bf8c8c9e-9c71-482e-9792-8d809f4c5fef@group-95F9150AC8B5-FollowerState] INFO  impl.FollowerState (FollowerState.java:run(134)) - bf8c8c9e-9c71-482e-9792-8d809f4c5fef@group-95F9150AC8B5-FollowerState: change to CANDIDATE, lastRpcElapsedTime:5188755289ns, electionTimeout:5187ms
2021-08-23 23:19:47,398 [bf8c8c9e-9c71-482e-9792-8d809f4c5fef@group-95F9150AC8B5-FollowerState] INFO  impl.RoleInfo (RoleInfo.java:shutdownFollowerState(108)) - bf8c8c9e-9c71-482e-9792-8d809f4c5fef: shutdown bf8c8c9e-9c71-482e-9792-8d809f4c5fef@group-95F9150AC8B5-FollowerState
2021-08-23 23:19:47,398 [bf8c8c9e-9c71-482e-9792-8d809f4c5fef@group-95F9150AC8B5-FollowerState] INFO  server.RaftServer$Division (RaftServerImpl.java:setRole(285)) - bf8c8c9e-9c71-482e-9792-8d809f4c5fef@group-95F9150AC8B5: changes role from  FOLLOWER to CANDIDATE at term 0 for changeToCandidate
2021-08-23 23:19:47,398 [bf8c8c9e-9c71-482e-9792-8d809f4c5fef@group-95F9150AC8B5-FollowerState] INFO  server.RaftServerConfigKeys (ConfUtils.java:logGet(44)) - raft.server.leaderelection.pre-vote = false (custom)
2021-08-23 23:19:47,398 [bf8c8c9e-9c71-482e-9792-8d809f4c5fef@group-95F9150AC8B5-FollowerState] INFO  impl.RoleInfo (RoleInfo.java:updateAndGet(130)) - bf8c8c9e-9c71-482e-9792-8d809f4c5fef: start bf8c8c9e-9c71-482e-9792-8d809f4c5fef@group-95F9150AC8B5-LeaderElection3
2021-08-23 23:19:47,401 [bf8c8c9e-9c71-482e-9792-8d809f4c5fef@group-95F9150AC8B5-LeaderElection3] INFO  impl.LeaderElection (LeaderElection.java:askForVotes(306)) - bf8c8c9e-9c71-482e-9792-8d809f4c5fef@group-95F9150AC8B5-LeaderElection3 ELECTION round 0: submit vote requests at term 1 for -1: [d8835383-dea3-45d4-b6e3-f656da7478fb|rpc:10.1.0.66:44819|priority:0, e06506bb-c7c9-4174-8cff-a1658cd313af|rpc:10.1.0.66:35525|priority:1, bf8c8c9e-9c71-482e-9792-8d809f4c5fef|rpc:10.1.0.66:33119|priority:0], old=null
2021-08-23 23:19:47,417 [grpc-default-executor-0] INFO  server.RaftServer$Division (RaftServerImpl.java:requestVote(1043)) - d8835383-dea3-45d4-b6e3-f656da7478fb@group-95F9150AC8B5: receive requestVote(ELECTION, bf8c8c9e-9c71-482e-9792-8d809f4c5fef, group-95F9150AC8B5, 1, (t:0, i:0))
2021-08-23 23:19:47,418 [grpc-default-executor-0] INFO  impl.VoteContext (VoteContext.java:log(48)) - d8835383-dea3-45d4-b6e3-f656da7478fb@group-95F9150AC8B5-FOLLOWER: accept ELECTION from bf8c8c9e-9c71-482e-9792-8d809f4c5fef: our priority 0 <= candidate's priority 0
2021-08-23 23:19:47,419 [grpc-default-executor-0] INFO  server.RaftServer$Division (RaftServerImpl.java:setRole(285)) - d8835383-dea3-45d4-b6e3-f656da7478fb@group-95F9150AC8B5: changes role from  FOLLOWER to FOLLOWER at term 1 for candidate:bf8c8c9e-9c71-482e-9792-8d809f4c5fef
2021-08-23 23:19:47,419 [grpc-default-executor-0] INFO  impl.RoleInfo (RoleInfo.java:shutdownFollowerState(108)) - d8835383-dea3-45d4-b6e3-f656da7478fb: shutdown d8835383-dea3-45d4-b6e3-f656da7478fb@group-95F9150AC8B5-FollowerState
2021-08-23 23:19:47,419 [grpc-default-executor-0] INFO  impl.RoleInfo (RoleInfo.java:updateAndGet(130)) - d8835383-dea3-45d4-b6e3-f656da7478fb: start d8835383-dea3-45d4-b6e3-f656da7478fb@group-95F9150AC8B5-FollowerState
2021-08-23 23:19:47,419 [d8835383-dea3-45d4-b6e3-f656da7478fb@group-95F9150AC8B5-FollowerState] INFO  impl.FollowerState (FollowerState.java:run(143)) - d8835383-dea3-45d4-b6e3-f656da7478fb@group-95F9150AC8B5-FollowerState was interrupted: {}
java.lang.InterruptedException: sleep interrupted
	at java.lang.Thread.sleep(Native Method)
	at java.lang.Thread.sleep(Thread.java:340)
	at java.util.concurrent.TimeUnit.sleep(TimeUnit.java:386)
	at org.apache.ratis.util.TimeDuration.sleep(TimeDuration.java:324)
	at org.apache.ratis.util.TimeDuration.sleep(TimeDuration.java:309)
	at org.apache.ratis.server.impl.FollowerState.run(FollowerState.java:118)
2021-08-23 23:19:47,428 [grpc-default-executor-0] INFO  server.RaftServer$Division (RaftServerImpl.java:requestVote(1075)) - d8835383-dea3-45d4-b6e3-f656da7478fb@group-95F9150AC8B5 replies to ELECTION vote request: bf8c8c9e-9c71-482e-9792-8d809f4c5fef<-d8835383-dea3-45d4-b6e3-f656da7478fb#0:OK-t1. Peer's state: d8835383-dea3-45d4-b6e3-f656da7478fb@group-95F9150AC8B5:t1, leader=null, voted=bf8c8c9e-9c71-482e-9792-8d809f4c5fef, raftlog=d8835383-dea3-45d4-b6e3-f656da7478fb@group-95F9150AC8B5-SegmentedRaftLog:OPENED:c-1,f-1,i0, conf=-1: [d8835383-dea3-45d4-b6e3-f656da7478fb|rpc:10.1.0.66:44819|priority:0, e06506bb-c7c9-4174-8cff-a1658cd313af|rpc:10.1.0.66:35525|priority:1, bf8c8c9e-9c71-482e-9792-8d809f4c5fef|rpc:10.1.0.66:33119|priority:0], old=null
2021-08-23 23:19:47,431 [grpc-default-executor-0] INFO  server.RaftServer$Division (RaftServerImpl.java:requestVote(1043)) - e06506bb-c7c9-4174-8cff-a1658cd313af@group-95F9150AC8B5: receive requestVote(ELECTION, bf8c8c9e-9c71-482e-9792-8d809f4c5fef, group-95F9150AC8B5, 1, (t:0, i:0))
2021-08-23 23:19:47,431 [grpc-default-executor-0] INFO  impl.VoteContext (VoteContext.java:log(48)) - e06506bb-c7c9-4174-8cff-a1658cd313af@group-95F9150AC8B5-FOLLOWER: reject ELECTION from bf8c8c9e-9c71-482e-9792-8d809f4c5fef: our priority 1 > candidate's priority 0
2021-08-23 23:19:47,432 [grpc-default-executor-0] INFO  server.RaftServer$Division (RaftServerImpl.java:setRole(285)) - e06506bb-c7c9-4174-8cff-a1658cd313af@group-95F9150AC8B5: changes role from  FOLLOWER to FOLLOWER at term 1 for candidate:bf8c8c9e-9c71-482e-9792-8d809f4c5fef
2021-08-23 23:19:47,432 [grpc-default-executor-0] INFO  impl.RoleInfo (RoleInfo.java:shutdownFollowerState(108)) - e06506bb-c7c9-4174-8cff-a1658cd313af: shutdown e06506bb-c7c9-4174-8cff-a1658cd313af@group-95F9150AC8B5-FollowerState
2021-08-23 23:19:47,432 [grpc-default-executor-0] INFO  impl.RoleInfo (RoleInfo.java:updateAndGet(130)) - e06506bb-c7c9-4174-8cff-a1658cd313af: start e06506bb-c7c9-4174-8cff-a1658cd313af@group-95F9150AC8B5-FollowerState
2021-08-23 23:19:47,432 [e06506bb-c7c9-4174-8cff-a1658cd313af@group-95F9150AC8B5-FollowerState] INFO  impl.FollowerState (FollowerState.java:run(143)) - e06506bb-c7c9-4174-8cff-a1658cd313af@group-95F9150AC8B5-FollowerState was interrupted: {}
java.lang.InterruptedException: sleep interrupted
	at java.lang.Thread.sleep(Native Method)
	at java.lang.Thread.sleep(Thread.java:340)
	at java.util.concurrent.TimeUnit.sleep(TimeUnit.java:386)
	at org.apache.ratis.util.TimeDuration.sleep(TimeDuration.java:324)
	at org.apache.ratis.util.TimeDuration.sleep(TimeDuration.java:309)
	at org.apache.ratis.server.impl.FollowerState.run(FollowerState.java:118)
2021-08-23 23:19:47,435 [grpc-default-executor-0] INFO  server.RaftServer$Division (RaftServerImpl.java:requestVote(1075)) - e06506bb-c7c9-4174-8cff-a1658cd313af@group-95F9150AC8B5 replies to ELECTION vote request: bf8c8c9e-9c71-482e-9792-8d809f4c5fef<-e06506bb-c7c9-4174-8cff-a1658cd313af#0:FAIL-t1. Peer's state: e06506bb-c7c9-4174-8cff-a1658cd313af@group-95F9150AC8B5:t1, leader=null, voted=null, raftlog=e06506bb-c7c9-4174-8cff-a1658cd313af@group-95F9150AC8B5-SegmentedRaftLog:OPENED:c-1,f-1,i0, conf=-1: [d8835383-dea3-45d4-b6e3-f656da7478fb|rpc:10.1.0.66:44819|dataStream:|priority:0, e06506bb-c7c9-4174-8cff-a1658cd313af|rpc:10.1.0.66:35525|dataStream:|priority:1, bf8c8c9e-9c71-482e-9792-8d809f4c5fef|rpc:10.1.0.66:33119|dataStream:|priority:0], old=null
2021-08-23 23:19:47,437 [bf8c8c9e-9c71-482e-9792-8d809f4c5fef@group-95F9150AC8B5-LeaderElection3] INFO  impl.LeaderElection (LeaderElection.java:logAndReturn(89)) - bf8c8c9e-9c71-482e-9792-8d809f4c5fef@group-95F9150AC8B5-LeaderElection3: ELECTION REJECTED received 2 response(s) and 0 exception(s):
2021-08-23 23:19:47,437 [bf8c8c9e-9c71-482e-9792-8d809f4c5fef@group-95F9150AC8B5-LeaderElection3] INFO  impl.LeaderElection (LeaderElection.java:logAndReturn(93)) -   Response 0: bf8c8c9e-9c71-482e-9792-8d809f4c5fef<-d8835383-dea3-45d4-b6e3-f656da7478fb#0:OK-t1
2021-08-23 23:19:47,437 [bf8c8c9e-9c71-482e-9792-8d809f4c5fef@group-95F9150AC8B5-LeaderElection3] INFO  impl.LeaderElection (LeaderElection.java:logAndReturn(93)) -   Response 1: bf8c8c9e-9c71-482e-9792-8d809f4c5fef<-e06506bb-c7c9-4174-8cff-a1658cd313af#0:FAIL-t1
2021-08-23 23:19:47,437 [bf8c8c9e-9c71-482e-9792-8d809f4c5fef@group-95F9150AC8B5-LeaderElection3] INFO  impl.LeaderElection (LeaderElection.java:askForVotes(308)) - bf8c8c9e-9c71-482e-9792-8d809f4c5fef@group-95F9150AC8B5-LeaderElection3 ELECTION round 0: result REJECTED
2021-08-23 23:19:47,437 [bf8c8c9e-9c71-482e-9792-8d809f4c5fef@group-95F9150AC8B5-LeaderElection3] INFO  server.RaftServer$Division (RaftServerImpl.java:setRole(285)) - bf8c8c9e-9c71-482e-9792-8d809f4c5fef@group-95F9150AC8B5: changes role from CANDIDATE to FOLLOWER at term 1 for REJECTED
2021-08-23 23:19:47,437 [bf8c8c9e-9c71-482e-9792-8d809f4c5fef@group-95F9150AC8B5-LeaderElection3] INFO  impl.RoleInfo (RoleInfo.java:shutdownLeaderElection(121)) - bf8c8c9e-9c71-482e-9792-8d809f4c5fef: shutdown bf8c8c9e-9c71-482e-9792-8d809f4c5fef@group-95F9150AC8B5-LeaderElection3
2021-08-23 23:19:47,437 [bf8c8c9e-9c71-482e-9792-8d809f4c5fef@group-95F9150AC8B5-LeaderElection3] INFO  impl.RoleInfo (RoleInfo.java:updateAndGet(130)) - bf8c8c9e-9c71-482e-9792-8d809f4c5fef: start bf8c8c9e-9c71-482e-9792-8d809f4c5fef@group-95F9150AC8B5-FollowerState
2021-08-23 23:19:47,440 [d8835383-dea3-45d4-b6e3-f656da7478fb@group-401B9CE123E2-FollowerState] INFO  impl.FollowerState (FollowerState.java:run(134)) - d8835383-dea3-45d4-b6e3-f656da7478fb@group-401B9CE123E2-FollowerState: change to CANDIDATE, lastRpcElapsedTime:5063247806ns, electionTimeout:5062ms
2021-08-23 23:19:47,442 [d8835383-dea3-45d4-b6e3-f656da7478fb@group-401B9CE123E2-FollowerState] INFO  impl.RoleInfo (RoleInfo.java:shutdownFollowerState(108)) - d8835383-dea3-45d4-b6e3-f656da7478fb: shutdown d8835383-dea3-45d4-b6e3-f656da7478fb@group-401B9CE123E2-FollowerState
2021-08-23 23:19:47,442 [d8835383-dea3-45d4-b6e3-f656da7478fb@group-401B9CE123E2-FollowerState] INFO  server.RaftServer$Division (RaftServerImpl.java:setRole(285)) - d8835383-dea3-45d4-b6e3-f656da7478fb@group-401B9CE123E2: changes role from  FOLLOWER to CANDIDATE at term 0 for changeToCandidate
2021-08-23 23:19:47,443 [d8835383-dea3-45d4-b6e3-f656da7478fb@group-401B9CE123E2-FollowerState] INFO  server.RaftServerConfigKeys (ConfUtils.java:logGet(44)) - raft.server.leaderelection.pre-vote = false (custom)
2021-08-23 23:19:47,443 [d8835383-dea3-45d4-b6e3-f656da7478fb@group-401B9CE123E2-FollowerState] INFO  impl.RoleInfo (RoleInfo.java:updateAndGet(130)) - d8835383-dea3-45d4-b6e3-f656da7478fb: start d8835383-dea3-45d4-b6e3-f656da7478fb@group-401B9CE123E2-LeaderElection4
2021-08-23 23:19:47,451 [d8835383-dea3-45d4-b6e3-f656da7478fb@group-401B9CE123E2-LeaderElection4] INFO  impl.LeaderElection (LeaderElection.java:askForVotes(306)) - d8835383-dea3-45d4-b6e3-f656da7478fb@group-401B9CE123E2-LeaderElection4 ELECTION round 0: submit vote requests at term 1 for -1: [d8835383-dea3-45d4-b6e3-f656da7478fb|rpc:10.1.0.66:44819|priority:1], old=null
2021-08-23 23:19:47,451 [d8835383-dea3-45d4-b6e3-f656da7478fb@group-401B9CE123E2-LeaderElection4] INFO  impl.LeaderElection (LeaderElection.java:askForVotes(308)) - d8835383-dea3-45d4-b6e3-f656da7478fb@group-401B9CE123E2-LeaderElection4 ELECTION round 0: result PASSED (term=1)
2021-08-23 23:19:47,451 [d8835383-dea3-45d4-b6e3-f656da7478fb@group-401B9CE123E2-LeaderElection4] INFO  impl.RoleInfo (RoleInfo.java:shutdownLeaderElection(121)) - d8835383-dea3-45d4-b6e3-f656da7478fb: shutdown d8835383-dea3-45d4-b6e3-f656da7478fb@group-401B9CE123E2-LeaderElection4
2021-08-23 23:19:47,451 [d8835383-dea3-45d4-b6e3-f656da7478fb@group-401B9CE123E2-LeaderElection4] INFO  server.RaftServer$Division (RaftServerImpl.java:setRole(285)) - d8835383-dea3-45d4-b6e3-f656da7478fb@group-401B9CE123E2: changes role from CANDIDATE to LEADER at term 1 for changeToLeader
2021-08-23 23:19:47,451 [d8835383-dea3-45d4-b6e3-f656da7478fb@group-401B9CE123E2-LeaderElection4] INFO  ratis.XceiverServerRatis (XceiverServerRatis.java:handleLeaderChangedNotification(861)) - Leader change notification received for group: group-401B9CE123E2 with new leaderId: d8835383-dea3-45d4-b6e3-f656da7478fb
2021-08-23 23:19:47,452 [d8835383-dea3-45d4-b6e3-f656da7478fb@group-401B9CE123E2-LeaderElection4] INFO  server.RaftServer$Division (ServerState.java:setLeader(285)) - d8835383-dea3-45d4-b6e3-f656da7478fb@group-401B9CE123E2: change Leader from null to d8835383-dea3-45d4-b6e3-f656da7478fb at term 1 for becomeLeader, leader elected after 5090ms
2021-08-23 23:19:47,452 [d8835383-dea3-45d4-b6e3-f656da7478fb@group-401B9CE123E2-LeaderElection4] INFO  server.RaftServerConfigKeys (ConfUtils.java:logGet(44)) - raft.server.staging.catchup.gap = 1000 (default)
2021-08-23 23:19:47,452 [Datanode State Machine Thread - 0] WARN  statemachine.StateContext (StateContext.java:execute(621)) - No available thread in pool for past 1 seconds.
2021-08-23 23:19:47,452 [d8835383-dea3-45d4-b6e3-f656da7478fb@group-401B9CE123E2-LeaderElection4] INFO  server.RaftServerConfigKeys (ConfUtils.java:logGet(44)) - raft.server.write.element-limit = 1024 (custom)
2021-08-23 23:19:47,452 [d8835383-dea3-45d4-b6e3-f656da7478fb@group-401B9CE123E2-LeaderElection4] INFO  server.RaftServerConfigKeys (ConfUtils.java:logGet(44)) - raft.server.write.byte-limit = 1024 M (=1073741824) (custom)
2021-08-23 23:19:47,452 [d8835383-dea3-45d4-b6e3-f656da7478fb@group-401B9CE123E2-LeaderElection4] INFO  server.RaftServerConfigKeys (ConfUtils.java:logGet(44)) - raft.server.watch.timeout = 3000ms (custom)
2021-08-23 23:19:47,453 [d8835383-dea3-45d4-b6e3-f656da7478fb@group-401B9CE123E2-LeaderElection4] INFO  server.RaftServerConfigKeys (ConfUtils.java:logGet(44)) - raft.server.watch.timeout.denomination = 1s (default)
2021-08-23 23:19:47,453 [d8835383-dea3-45d4-b6e3-f656da7478fb@group-401B9CE123E2-LeaderElection4] INFO  server.RaftServerConfigKeys (ConfUtils.java:logGet(44)) - raft.server.watch.element-limit = 65536 (default)
2021-08-23 23:19:47,453 [d8835383-dea3-45d4-b6e3-f656da7478fb@group-401B9CE123E2-LeaderElection4] INFO  impl.RoleInfo (RoleInfo.java:updateAndGet(130)) - d8835383-dea3-45d4-b6e3-f656da7478fb: start d8835383-dea3-45d4-b6e3-f656da7478fb@group-401B9CE123E2-LeaderStateImpl
2021-08-23 23:19:47,453 [EventQueue-OpenPipelineForHealthyPipelineSafeModeRule] INFO  safemode.SCMSafeModeManager (HealthyPipelineSafeModeRule.java:process(124)) - SCM in safe mode. Healthy pipelines reported count is 0, required healthy pipeline reported count is 1
2021-08-23 23:19:47,453 [d8835383-dea3-45d4-b6e3-f656da7478fb@group-401B9CE123E2-LeaderElection4] INFO  segmented.SegmentedRaftLogWorker (SegmentedRaftLogWorker.java:startLogSegment(394)) - d8835383-dea3-45d4-b6e3-f656da7478fb@group-401B9CE123E2-SegmentedRaftLogWorker: Starting segment from index:0
2021-08-23 23:19:47,454 [d8835383-dea3-45d4-b6e3-f656da7478fb@group-401B9CE123E2-SegmentedRaftLogWorker] INFO  segmented.SegmentedRaftLogWorker (SegmentedRaftLogWorker.java:execute(601)) - d8835383-dea3-45d4-b6e3-f656da7478fb@group-401B9CE123E2-SegmentedRaftLogWorker: created new log segment /home/runner/work/ozone/ozone/hadoop-ozone/integration-test/target/test-dir/MiniOzoneClusterImpl-994ab01d-a5c0-4516-a51a-b70458bd9cc3/datanode-1/data/ratis/7f0666bb-114b-4096-b71b-401b9ce123e2/current/log_inprogress_0
2021-08-23 23:19:47,460 [d8835383-dea3-45d4-b6e3-f656da7478fb@group-401B9CE123E2-LeaderElection4] INFO  server.RaftServer$Division (ServerState.java:setRaftConf(387)) - d8835383-dea3-45d4-b6e3-f656da7478fb@group-401B9CE123E2: set configuration 0: [d8835383-dea3-45d4-b6e3-f656da7478fb|rpc:10.1.0.66:44819|dataStream:|priority:1], old=null
2021-08-23 23:19:47,894 [Listener at 127.0.0.1/36523] INFO  ozone.MiniOzoneClusterImpl (MiniOzoneClusterImpl.java:lambda$waitForClusterToBeReady$0(235)) - Nodes are ready. Got 9 of 9 DN Heartbeats.
2021-08-23 23:19:47,894 [Listener at 127.0.0.1/36523] INFO  ozone.MiniOzoneClusterImpl (MiniOzoneClusterImpl.java:lambda$waitForClusterToBeReady$0(238)) - Waiting for cluster to exit safe mode
2021-08-23 23:19:47,894 [Listener at 127.0.0.1/36523] INFO  ozone.MiniOzoneClusterImpl (MiniOzoneClusterImpl.java:lambda$waitForClusterToBeReady$0(240)) - SCM became leader
2021-08-23 23:19:47,949 [e06506bb-c7c9-4174-8cff-a1658cd313af@group-38AF53DE6B9A-FollowerState] INFO  impl.FollowerState (FollowerState.java:run(134)) - e06506bb-c7c9-4174-8cff-a1658cd313af@group-38AF53DE6B9A-FollowerState: change to CANDIDATE, lastRpcElapsedTime:5064054009ns, electionTimeout:5063ms
2021-08-23 23:19:47,949 [e06506bb-c7c9-4174-8cff-a1658cd313af@group-38AF53DE6B9A-FollowerState] INFO  impl.RoleInfo (RoleInfo.java:shutdownFollowerState(108)) - e06506bb-c7c9-4174-8cff-a1658cd313af: shutdown e06506bb-c7c9-4174-8cff-a1658cd313af@group-38AF53DE6B9A-FollowerState
2021-08-23 23:19:47,950 [e06506bb-c7c9-4174-8cff-a1658cd313af@group-38AF53DE6B9A-FollowerState] INFO  server.RaftServer$Division (RaftServerImpl.java:setRole(285)) - e06506bb-c7c9-4174-8cff-a1658cd313af@group-38AF53DE6B9A: changes role from  FOLLOWER to CANDIDATE at term 0 for changeToCandidate
2021-08-23 23:19:47,951 [e06506bb-c7c9-4174-8cff-a1658cd313af@group-38AF53DE6B9A-FollowerState] INFO  server.RaftServerConfigKeys (ConfUtils.java:logGet(44)) - raft.server.leaderelection.pre-vote = false (custom)
2021-08-23 23:19:47,951 [e06506bb-c7c9-4174-8cff-a1658cd313af@group-38AF53DE6B9A-FollowerState] INFO  impl.RoleInfo (RoleInfo.java:updateAndGet(130)) - e06506bb-c7c9-4174-8cff-a1658cd313af: start e06506bb-c7c9-4174-8cff-a1658cd313af@group-38AF53DE6B9A-LeaderElection5
2021-08-23 23:19:47,954 [e06506bb-c7c9-4174-8cff-a1658cd313af@group-38AF53DE6B9A-LeaderElection5] INFO  impl.LeaderElection (LeaderElection.java:askForVotes(306)) - e06506bb-c7c9-4174-8cff-a1658cd313af@group-38AF53DE6B9A-LeaderElection5 ELECTION round 0: submit vote requests at term 1 for -1: [e06506bb-c7c9-4174-8cff-a1658cd313af|rpc:10.1.0.66:35525|priority:1], old=null
2021-08-23 23:19:47,954 [e06506bb-c7c9-4174-8cff-a1658cd313af@group-38AF53DE6B9A-LeaderElection5] INFO  impl.LeaderElection (LeaderElection.java:askForVotes(308)) - e06506bb-c7c9-4174-8cff-a1658cd313af@group-38AF53DE6B9A-LeaderElection5 ELECTION round 0: result PASSED (term=1)
2021-08-23 23:19:47,954 [e06506bb-c7c9-4174-8cff-a1658cd313af@group-38AF53DE6B9A-LeaderElection5] INFO  impl.RoleInfo (RoleInfo.java:shutdownLeaderElection(121)) - e06506bb-c7c9-4174-8cff-a1658cd313af: shutdown e06506bb-c7c9-4174-8cff-a1658cd313af@group-38AF53DE6B9A-LeaderElection5
2021-08-23 23:19:47,954 [e06506bb-c7c9-4174-8cff-a1658cd313af@group-38AF53DE6B9A-LeaderElection5] INFO  server.RaftServer$Division (RaftServerImpl.java:setRole(285)) - e06506bb-c7c9-4174-8cff-a1658cd313af@group-38AF53DE6B9A: changes role from CANDIDATE to LEADER at term 1 for changeToLeader
2021-08-23 23:19:47,954 [e06506bb-c7c9-4174-8cff-a1658cd313af@group-38AF53DE6B9A-LeaderElection5] INFO  ratis.XceiverServerRatis (XceiverServerRatis.java:handleLeaderChangedNotification(861)) - Leader change notification received for group: group-38AF53DE6B9A with new leaderId: e06506bb-c7c9-4174-8cff-a1658cd313af
2021-08-23 23:19:47,954 [e06506bb-c7c9-4174-8cff-a1658cd313af@group-38AF53DE6B9A-LeaderElection5] INFO  server.RaftServer$Division (ServerState.java:setLeader(285)) - e06506bb-c7c9-4174-8cff-a1658cd313af@group-38AF53DE6B9A: change Leader from null to e06506bb-c7c9-4174-8cff-a1658cd313af at term 1 for becomeLeader, leader elected after 5106ms
2021-08-23 23:19:47,954 [e06506bb-c7c9-4174-8cff-a1658cd313af@group-38AF53DE6B9A-LeaderElection5] INFO  server.RaftServerConfigKeys (ConfUtils.java:logGet(44)) - raft.server.staging.catchup.gap = 1000 (default)
2021-08-23 23:19:47,954 [e06506bb-c7c9-4174-8cff-a1658cd313af@group-38AF53DE6B9A-LeaderElection5] INFO  server.RaftServerConfigKeys (ConfUtils.java:logGet(44)) - raft.server.write.element-limit = 1024 (custom)
2021-08-23 23:19:47,955 [e06506bb-c7c9-4174-8cff-a1658cd313af@group-38AF53DE6B9A-LeaderElection5] INFO  server.RaftServerConfigKeys (ConfUtils.java:logGet(44)) - raft.server.write.byte-limit = 1024 M (=1073741824) (custom)
2021-08-23 23:19:47,955 [e06506bb-c7c9-4174-8cff-a1658cd313af@group-38AF53DE6B9A-LeaderElection5] INFO  server.RaftServerConfigKeys (ConfUtils.java:logGet(44)) - raft.server.watch.timeout = 3000ms (custom)
2021-08-23 23:19:47,955 [e06506bb-c7c9-4174-8cff-a1658cd313af@group-38AF53DE6B9A-LeaderElection5] INFO  server.RaftServerConfigKeys (ConfUtils.java:logGet(44)) - raft.server.watch.timeout.denomination = 1s (default)
2021-08-23 23:19:47,955 [e06506bb-c7c9-4174-8cff-a1658cd313af@group-38AF53DE6B9A-LeaderElection5] INFO  server.RaftServerConfigKeys (ConfUtils.java:logGet(44)) - raft.server.watch.element-limit = 65536 (default)
2021-08-23 23:19:47,955 [e06506bb-c7c9-4174-8cff-a1658cd313af@group-38AF53DE6B9A-LeaderElection5] INFO  impl.RoleInfo (RoleInfo.java:updateAndGet(130)) - e06506bb-c7c9-4174-8cff-a1658cd313af: start e06506bb-c7c9-4174-8cff-a1658cd313af@group-38AF53DE6B9A-LeaderStateImpl
2021-08-23 23:19:47,955 [EventQueue-OpenPipelineForHealthyPipelineSafeModeRule] INFO  safemode.SCMSafeModeManager (HealthyPipelineSafeModeRule.java:process(124)) - SCM in safe mode. Healthy pipelines reported count is 0, required healthy pipeline reported count is 1
2021-08-23 23:19:47,955 [e06506bb-c7c9-4174-8cff-a1658cd313af@group-38AF53DE6B9A-LeaderElection5] INFO  segmented.SegmentedRaftLogWorker (SegmentedRaftLogWorker.java:startLogSegment(394)) - e06506bb-c7c9-4174-8cff-a1658cd313af@group-38AF53DE6B9A-SegmentedRaftLogWorker: Starting segment from index:0
2021-08-23 23:19:47,957 [e06506bb-c7c9-4174-8cff-a1658cd313af@group-38AF53DE6B9A-SegmentedRaftLogWorker] INFO  segmented.SegmentedRaftLogWorker (SegmentedRaftLogWorker.java:execute(601)) - e06506bb-c7c9-4174-8cff-a1658cd313af@group-38AF53DE6B9A-SegmentedRaftLogWorker: created new log segment /home/runner/work/ozone/ozone/hadoop-ozone/integration-test/target/test-dir/MiniOzoneClusterImpl-994ab01d-a5c0-4516-a51a-b70458bd9cc3/datanode-2/data/ratis/2967b3e5-5ca8-462d-a44c-38af53de6b9a/current/log_inprogress_0
2021-08-23 23:19:47,961 [e06506bb-c7c9-4174-8cff-a1658cd313af@group-38AF53DE6B9A-LeaderElection5] INFO  server.RaftServer$Division (ServerState.java:setRaftConf(387)) - e06506bb-c7c9-4174-8cff-a1658cd313af@group-38AF53DE6B9A: set configuration 0: [e06506bb-c7c9-4174-8cff-a1658cd313af|rpc:10.1.0.66:35525|dataStream:|priority:1], old=null
2021-08-23 23:19:48,116 [3238dd0b-ba1a-45d4-9446-116bc825e875@group-CF7D474DFDFA-FollowerState] INFO  impl.FollowerState (FollowerState.java:run(134)) - 3238dd0b-ba1a-45d4-9446-116bc825e875@group-CF7D474DFDFA-FollowerState: change to CANDIDATE, lastRpcElapsedTime:5080032245ns, electionTimeout:5078ms
2021-08-23 23:19:48,116 [3238dd0b-ba1a-45d4-9446-116bc825e875@group-CF7D474DFDFA-FollowerState] INFO  impl.RoleInfo (RoleInfo.java:shutdownFollowerState(108)) - 3238dd0b-ba1a-45d4-9446-116bc825e875: shutdown 3238dd0b-ba1a-45d4-9446-116bc825e875@group-CF7D474DFDFA-FollowerState
2021-08-23 23:19:48,116 [3238dd0b-ba1a-45d4-9446-116bc825e875@group-CF7D474DFDFA-FollowerState] INFO  server.RaftServer$Division (RaftServerImpl.java:setRole(285)) - 3238dd0b-ba1a-45d4-9446-116bc825e875@group-CF7D474DFDFA: changes role from  FOLLOWER to CANDIDATE at term 0 for changeToCandidate
2021-08-23 23:19:48,118 [3238dd0b-ba1a-45d4-9446-116bc825e875@group-CF7D474DFDFA-FollowerState] INFO  server.RaftServerConfigKeys (ConfUtils.java:logGet(44)) - raft.server.leaderelection.pre-vote = false (custom)
2021-08-23 23:19:48,118 [3238dd0b-ba1a-45d4-9446-116bc825e875@group-CF7D474DFDFA-FollowerState] INFO  impl.RoleInfo (RoleInfo.java:updateAndGet(130)) - 3238dd0b-ba1a-45d4-9446-116bc825e875: start 3238dd0b-ba1a-45d4-9446-116bc825e875@group-CF7D474DFDFA-LeaderElection6
2021-08-23 23:19:48,120 [3238dd0b-ba1a-45d4-9446-116bc825e875@group-CF7D474DFDFA-LeaderElection6] INFO  impl.LeaderElection (LeaderElection.java:askForVotes(306)) - 3238dd0b-ba1a-45d4-9446-116bc825e875@group-CF7D474DFDFA-LeaderElection6 ELECTION round 0: submit vote requests at term 1 for -1: [cb3402e3-c902-40a3-9f81-e5c4ad664dcb|rpc:10.1.0.66:42775|priority:0, 3238dd0b-ba1a-45d4-9446-116bc825e875|rpc:10.1.0.66:42759|priority:1, 7fc41cb1-4817-42a7-9d7d-8c23a540b464|rpc:10.1.0.66:44581|priority:0], old=null
2021-08-23 23:19:48,130 [grpc-default-executor-0] INFO  server.RaftServer$Division (RaftServerImpl.java:requestVote(1043)) - 7fc41cb1-4817-42a7-9d7d-8c23a540b464@group-CF7D474DFDFA: receive requestVote(ELECTION, 3238dd0b-ba1a-45d4-9446-116bc825e875, group-CF7D474DFDFA, 1, (t:0, i:0))
2021-08-23 23:19:48,130 [grpc-default-executor-0] INFO  impl.VoteContext (VoteContext.java:log(48)) - 7fc41cb1-4817-42a7-9d7d-8c23a540b464@group-CF7D474DFDFA-FOLLOWER: accept ELECTION from 3238dd0b-ba1a-45d4-9446-116bc825e875: our priority 0 <= candidate's priority 1
2021-08-23 23:19:48,130 [grpc-default-executor-0] INFO  server.RaftServer$Division (RaftServerImpl.java:setRole(285)) - 7fc41cb1-4817-42a7-9d7d-8c23a540b464@group-CF7D474DFDFA: changes role from  FOLLOWER to FOLLOWER at term 1 for candidate:3238dd0b-ba1a-45d4-9446-116bc825e875
2021-08-23 23:19:48,130 [grpc-default-executor-0] INFO  impl.RoleInfo (RoleInfo.java:shutdownFollowerState(108)) - 7fc41cb1-4817-42a7-9d7d-8c23a540b464: shutdown 7fc41cb1-4817-42a7-9d7d-8c23a540b464@group-CF7D474DFDFA-FollowerState
2021-08-23 23:19:48,130 [grpc-default-executor-0] INFO  impl.RoleInfo (RoleInfo.java:updateAndGet(130)) - 7fc41cb1-4817-42a7-9d7d-8c23a540b464: start 7fc41cb1-4817-42a7-9d7d-8c23a540b464@group-CF7D474DFDFA-FollowerState
2021-08-23 23:19:48,130 [7fc41cb1-4817-42a7-9d7d-8c23a540b464@group-CF7D474DFDFA-FollowerState] INFO  impl.FollowerState (FollowerState.java:run(143)) - 7fc41cb1-4817-42a7-9d7d-8c23a540b464@group-CF7D474DFDFA-FollowerState was interrupted: {}
java.lang.InterruptedException: sleep interrupted
	at java.lang.Thread.sleep(Native Method)
	at java.lang.Thread.sleep(Thread.java:340)
	at java.util.concurrent.TimeUnit.sleep(TimeUnit.java:386)
	at org.apache.ratis.util.TimeDuration.sleep(TimeDuration.java:324)
	at org.apache.ratis.util.TimeDuration.sleep(TimeDuration.java:309)
	at org.apache.ratis.server.impl.FollowerState.run(FollowerState.java:118)
2021-08-23 23:19:48,136 [grpc-default-executor-1] INFO  server.RaftServer$Division (RaftServerImpl.java:requestVote(1043)) - cb3402e3-c902-40a3-9f81-e5c4ad664dcb@group-CF7D474DFDFA: receive requestVote(ELECTION, 3238dd0b-ba1a-45d4-9446-116bc825e875, group-CF7D474DFDFA, 1, (t:0, i:0))
2021-08-23 23:19:48,136 [grpc-default-executor-1] INFO  impl.VoteContext (VoteContext.java:log(48)) - cb3402e3-c902-40a3-9f81-e5c4ad664dcb@group-CF7D474DFDFA-FOLLOWER: accept ELECTION from 3238dd0b-ba1a-45d4-9446-116bc825e875: our priority 0 <= candidate's priority 1
2021-08-23 23:19:48,137 [grpc-default-executor-1] INFO  server.RaftServer$Division (RaftServerImpl.java:setRole(285)) - cb3402e3-c902-40a3-9f81-e5c4ad664dcb@group-CF7D474DFDFA: changes role from  FOLLOWER to FOLLOWER at term 1 for candidate:3238dd0b-ba1a-45d4-9446-116bc825e875
2021-08-23 23:19:48,137 [grpc-default-executor-1] INFO  impl.RoleInfo (RoleInfo.java:shutdownFollowerState(108)) - cb3402e3-c902-40a3-9f81-e5c4ad664dcb: shutdown cb3402e3-c902-40a3-9f81-e5c4ad664dcb@group-CF7D474DFDFA-FollowerState
2021-08-23 23:19:48,137 [grpc-default-executor-1] INFO  impl.RoleInfo (RoleInfo.java:updateAndGet(130)) - cb3402e3-c902-40a3-9f81-e5c4ad664dcb: start cb3402e3-c902-40a3-9f81-e5c4ad664dcb@group-CF7D474DFDFA-FollowerState
2021-08-23 23:19:48,137 [grpc-default-executor-0] INFO  server.RaftServer$Division (RaftServerImpl.java:requestVote(1075)) - 7fc41cb1-4817-42a7-9d7d-8c23a540b464@group-CF7D474DFDFA replies to ELECTION vote request: 3238dd0b-ba1a-45d4-9446-116bc825e875<-7fc41cb1-4817-42a7-9d7d-8c23a540b464#0:OK-t1. Peer's state: 7fc41cb1-4817-42a7-9d7d-8c23a540b464@group-CF7D474DFDFA:t1, leader=null, voted=3238dd0b-ba1a-45d4-9446-116bc825e875, raftlog=7fc41cb1-4817-42a7-9d7d-8c23a540b464@group-CF7D474DFDFA-SegmentedRaftLog:OPENED:c-1,f-1,i0, conf=-1: [cb3402e3-c902-40a3-9f81-e5c4ad664dcb|rpc:10.1.0.66:42775|dataStream:|priority:0, 3238dd0b-ba1a-45d4-9446-116bc825e875|rpc:10.1.0.66:42759|dataStream:|priority:1, 7fc41cb1-4817-42a7-9d7d-8c23a540b464|rpc:10.1.0.66:44581|dataStream:|priority:0], old=null
2021-08-23 23:19:48,140 [grpc-default-executor-1] INFO  server.RaftServer$Division (RaftServerImpl.java:requestVote(1075)) - cb3402e3-c902-40a3-9f81-e5c4ad664dcb@group-CF7D474DFDFA replies to ELECTION vote request: 3238dd0b-ba1a-45d4-9446-116bc825e875<-cb3402e3-c902-40a3-9f81-e5c4ad664dcb#0:OK-t1. Peer's state: cb3402e3-c902-40a3-9f81-e5c4ad664dcb@group-CF7D474DFDFA:t1, leader=null, voted=3238dd0b-ba1a-45d4-9446-116bc825e875, raftlog=cb3402e3-c902-40a3-9f81-e5c4ad664dcb@group-CF7D474DFDFA-SegmentedRaftLog:OPENED:c-1,f-1,i0, conf=-1: [cb3402e3-c902-40a3-9f81-e5c4ad664dcb|rpc:10.1.0.66:42775|dataStream:|priority:0, 3238dd0b-ba1a-45d4-9446-116bc825e875|rpc:10.1.0.66:42759|dataStream:|priority:1, 7fc41cb1-4817-42a7-9d7d-8c23a540b464|rpc:10.1.0.66:44581|dataStream:|priority:0], old=null
2021-08-23 23:19:48,140 [cb3402e3-c902-40a3-9f81-e5c4ad664dcb@group-CF7D474DFDFA-FollowerState] INFO  impl.FollowerState (FollowerState.java:run(134)) - cb3402e3-c902-40a3-9f81-e5c4ad664dcb@group-CF7D474DFDFA-FollowerState: change to CANDIDATE, lastRpcElapsedTime:5037553649ns, electionTimeout:5031ms
2021-08-23 23:19:48,141 [cb3402e3-c902-40a3-9f81-e5c4ad664dcb@group-CF7D474DFDFA-FollowerState] INFO  impl.RoleInfo (RoleInfo.java:shutdownFollowerState(108)) - cb3402e3-c902-40a3-9f81-e5c4ad664dcb: shutdown cb3402e3-c902-40a3-9f81-e5c4ad664dcb@group-CF7D474DFDFA-FollowerState
2021-08-23 23:19:48,141 [3238dd0b-ba1a-45d4-9446-116bc825e875@group-CF7D474DFDFA-LeaderElection6] INFO  impl.LeaderElection (LeaderElection.java:logAndReturn(89)) - 3238dd0b-ba1a-45d4-9446-116bc825e875@group-CF7D474DFDFA-LeaderElection6: ELECTION PASSED received 1 response(s) and 0 exception(s):
2021-08-23 23:19:48,143 [3238dd0b-ba1a-45d4-9446-116bc825e875@group-CF7D474DFDFA-LeaderElection6] INFO  impl.LeaderElection (LeaderElection.java:logAndReturn(93)) -   Response 0: 3238dd0b-ba1a-45d4-9446-116bc825e875<-7fc41cb1-4817-42a7-9d7d-8c23a540b464#0:OK-t1
2021-08-23 23:19:48,143 [3238dd0b-ba1a-45d4-9446-116bc825e875@group-CF7D474DFDFA-LeaderElection6] INFO  impl.LeaderElection (LeaderElection.java:askForVotes(308)) - 3238dd0b-ba1a-45d4-9446-116bc825e875@group-CF7D474DFDFA-LeaderElection6 ELECTION round 0: result PASSED
2021-08-23 23:19:48,143 [3238dd0b-ba1a-45d4-9446-116bc825e875@group-CF7D474DFDFA-LeaderElection6] INFO  impl.RoleInfo (RoleInfo.java:shutdownLeaderElection(121)) - 3238dd0b-ba1a-45d4-9446-116bc825e875: shutdown 3238dd0b-ba1a-45d4-9446-116bc825e875@group-CF7D474DFDFA-LeaderElection6
2021-08-23 23:19:48,143 [3238dd0b-ba1a-45d4-9446-116bc825e875@group-CF7D474DFDFA-LeaderElection6] INFO  server.RaftServer$Division (RaftServerImpl.java:setRole(285)) - 3238dd0b-ba1a-45d4-9446-116bc825e875@group-CF7D474DFDFA: changes role from CANDIDATE to LEADER at term 1 for changeToLeader
2021-08-23 23:19:48,143 [3238dd0b-ba1a-45d4-9446-116bc825e875@group-CF7D474DFDFA-LeaderElection6] INFO  ratis.XceiverServerRatis (XceiverServerRatis.java:handleLeaderChangedNotification(861)) - Leader change notification received for group: group-CF7D474DFDFA with new leaderId: 3238dd0b-ba1a-45d4-9446-116bc825e875
2021-08-23 23:19:48,143 [3238dd0b-ba1a-45d4-9446-116bc825e875@group-CF7D474DFDFA-LeaderElection6] INFO  server.RaftServer$Division (ServerState.java:setLeader(285)) - 3238dd0b-ba1a-45d4-9446-116bc825e875@group-CF7D474DFDFA: change Leader from null to 3238dd0b-ba1a-45d4-9446-116bc825e875 at term 1 for becomeLeader, leader elected after 5121ms
2021-08-23 23:19:48,143 [3238dd0b-ba1a-45d4-9446-116bc825e875@group-CF7D474DFDFA-LeaderElection6] INFO  server.RaftServerConfigKeys (ConfUtils.java:logGet(44)) - raft.server.staging.catchup.gap = 1000 (default)
2021-08-23 23:19:48,143 [Datanode State Machine Thread - 0] WARN  statemachine.StateContext (StateContext.java:execute(621)) - No available thread in pool for past 1 seconds.
2021-08-23 23:19:48,143 [3238dd0b-ba1a-45d4-9446-116bc825e875@group-CF7D474DFDFA-LeaderElection6] INFO  server.RaftServerConfigKeys (ConfUtils.java:logGet(44)) - raft.server.write.element-limit = 1024 (custom)
2021-08-23 23:19:48,144 [3238dd0b-ba1a-45d4-9446-116bc825e875@group-CF7D474DFDFA-LeaderElection6] INFO  server.RaftServerConfigKeys (ConfUtils.java:logGet(44)) - raft.server.write.byte-limit = 1024 M (=1073741824) (custom)
2021-08-23 23:19:48,144 [3238dd0b-ba1a-45d4-9446-116bc825e875@group-CF7D474DFDFA-LeaderElection6] INFO  server.RaftServerConfigKeys (ConfUtils.java:logGet(44)) - raft.server.watch.timeout = 3000ms (custom)
2021-08-23 23:19:48,144 [3238dd0b-ba1a-45d4-9446-116bc825e875@group-CF7D474DFDFA-LeaderElection6] INFO  server.RaftServerConfigKeys (ConfUtils.java:logGet(44)) - raft.server.watch.timeout.denomination = 1s (default)
2021-08-23 23:19:48,144 [3238dd0b-ba1a-45d4-9446-116bc825e875@group-CF7D474DFDFA-LeaderElection6] INFO  server.RaftServerConfigKeys (ConfUtils.java:logGet(44)) - raft.server.watch.element-limit = 65536 (default)
2021-08-23 23:19:48,142 [cb3402e3-c902-40a3-9f81-e5c4ad664dcb@group-CF7D474DFDFA-FollowerState] INFO  server.RaftServer$Division (RaftServerImpl.java:setRole(285)) - cb3402e3-c902-40a3-9f81-e5c4ad664dcb@group-CF7D474DFDFA: changes role from  FOLLOWER to CANDIDATE at term 1 for changeToCandidate
2021-08-23 23:19:48,149 [cb3402e3-c902-40a3-9f81-e5c4ad664dcb@group-CF7D474DFDFA-FollowerState] INFO  server.RaftServerConfigKeys (ConfUtils.java:logGet(44)) - raft.server.leaderelection.pre-vote = false (custom)
2021-08-23 23:19:48,149 [cb3402e3-c902-40a3-9f81-e5c4ad664dcb@group-CF7D474DFDFA-FollowerState] INFO  impl.RoleInfo (RoleInfo.java:updateAndGet(130)) - cb3402e3-c902-40a3-9f81-e5c4ad664dcb: start cb3402e3-c902-40a3-9f81-e5c4ad664dcb@group-CF7D474DFDFA-LeaderElection7
2021-08-23 23:19:48,149 [3238dd0b-ba1a-45d4-9446-116bc825e875@group-CF7D474DFDFA-LeaderElection6] INFO  server.RaftServerConfigKeys (ConfUtils.java:logGet(44)) - raft.server.log.appender.snapshot.chunk.size.max = 16MB (=16777216) (default)
2021-08-23 23:19:48,149 [3238dd0b-ba1a-45d4-9446-116bc825e875@group-CF7D474DFDFA-LeaderElection6] INFO  server.RaftServerConfigKeys (ConfUtils.java:logGet(44)) - raft.server.log.appender.buffer.byte-limit = 33554432 (custom)
2021-08-23 23:19:48,149 [3238dd0b-ba1a-45d4-9446-116bc825e875@group-CF7D474DFDFA-LeaderElection6] INFO  server.RaftServerConfigKeys (ConfUtils.java:logGet(44)) - raft.server.log.appender.buffer.element-limit = 1 (custom)
2021-08-23 23:19:48,154 [cb3402e3-c902-40a3-9f81-e5c4ad664dcb@group-CF7D474DFDFA-FollowerState] INFO  impl.FollowerState (FollowerState.java:run(143)) - cb3402e3-c902-40a3-9f81-e5c4ad664dcb@group-CF7D474DFDFA-FollowerState was interrupted: {}
java.lang.InterruptedException: sleep interrupted
	at java.lang.Thread.sleep(Native Method)
	at java.lang.Thread.sleep(Thread.java:340)
	at java.util.concurrent.TimeUnit.sleep(TimeUnit.java:386)
	at org.apache.ratis.util.TimeDuration.sleep(TimeDuration.java:324)
	at org.apache.ratis.util.TimeDuration.sleep(TimeDuration.java:309)
	at org.apache.ratis.server.impl.FollowerState.run(FollowerState.java:118)
2021-08-23 23:19:48,157 [3238dd0b-ba1a-45d4-9446-116bc825e875@group-CF7D474DFDFA-LeaderElection6] INFO  grpc.GrpcConfigKeys (ConfUtils.java:logGet(44)) - raft.grpc.server.leader.outstanding.appends.max = 128 (default)
2021-08-23 23:19:48,157 [3238dd0b-ba1a-45d4-9446-116bc825e875@group-CF7D474DFDFA-LeaderElection6] INFO  server.RaftServerConfigKeys (ConfUtils.java:logGet(44)) - raft.server.rpc.request.timeout = 3000ms (default)
2021-08-23 23:19:48,157 [3238dd0b-ba1a-45d4-9446-116bc825e875@group-CF7D474DFDFA-LeaderElection6] INFO  server.RaftServerConfigKeys (ConfUtils.java:logGet(44)) - raft.server.log.appender.install.snapshot.enabled = false (custom)
2021-08-23 23:19:48,160 [EventQueue-PipelineReportForPipelineReportHandler] INFO  pipeline.PipelineManagerImpl (PipelineManagerImpl.java:openPipeline(283)) - Pipeline Pipeline[ Id: e136d1d0-d591-4cb2-84c9-cf7d474dfdfa, Nodes: 7fc41cb1-4817-42a7-9d7d-8c23a540b464{ip: 10.1.0.66, host: fv-az116-235.vzw04321ajxubdbcnpick5nqva.xx.internal.cloudapp.net, ports: [REPLICATION=42047, RATIS=44581, RATIS_ADMIN=44581, RATIS_SERVER=44581, STANDALONE=44473], networkLocation: /default-rack, certSerialId: null, persistedOpState: IN_SERVICE, persistedOpStateExpiryEpochSec: 0}cb3402e3-c902-40a3-9f81-e5c4ad664dcb{ip: 10.1.0.66, host: fv-az116-235.vzw04321ajxubdbcnpick5nqva.xx.internal.cloudapp.net, ports: [REPLICATION=43849, RATIS=42775, RATIS_ADMIN=42775, RATIS_SERVER=42775, STANDALONE=45817], networkLocation: /default-rack, certSerialId: null, persistedOpState: IN_SERVICE, persistedOpStateExpiryEpochSec: 0}3238dd0b-ba1a-45d4-9446-116bc825e875{ip: 10.1.0.66, host: fv-az116-235.vzw04321ajxubdbcnpick5nqva.xx.internal.cloudapp.net, ports: [REPLICATION=36049, RATIS=42759, RATIS_ADMIN=42759, RATIS_SERVER=42759, STANDALONE=41295], networkLocation: /default-rack, certSerialId: null, persistedOpState: IN_SERVICE, persistedOpStateExpiryEpochSec: 0}, ReplicationConfig: RATIS/THREE, State:ALLOCATED, leaderId:3238dd0b-ba1a-45d4-9446-116bc825e875, CreationTimestamp2021-08-23T23:19:40.403Z[Etc/UTC]] moved to OPEN state
2021-08-23 23:19:48,160 [EventQueue-OpenPipelineForHealthyPipelineSafeModeRule] INFO  safemode.SCMSafeModeManager (HealthyPipelineSafeModeRule.java:process(124)) - SCM in safe mode. Healthy pipelines reported count is 1, required healthy pipeline reported count is 1
2021-08-23 23:19:48,160 [EventQueue-OpenPipelineForHealthyPipelineSafeModeRule] INFO  safemode.SCMSafeModeManager (SCMSafeModeManager.java:validateSafeModeExitRules(204)) - HealthyPipelineSafeModeRule rule is successfully validated
2021-08-23 23:19:48,160 [EventQueue-OpenPipelineForHealthyPipelineSafeModeRule] INFO  safemode.SCMSafeModeManager (SCMSafeModeManager.java:validateSafeModeExitRules(219)) - ScmSafeModeManager, all rules are successfully validated
2021-08-23 23:19:48,160 [EventQueue-OpenPipelineForHealthyPipelineSafeModeRule] INFO  safemode.SCMSafeModeManager (SCMSafeModeManager.java:exitSafeMode(248)) - SCM exiting safe mode.
2021-08-23 23:19:48,161 [EventQueue-OpenPipelineForHealthyPipelineSafeModeRule] WARN  events.EventQueue (EventQueue.java:fireEvent(194)) - No event handler registered for event TypedEvent{payloadType=SafeModeStatus, name='Safe mode status'}
2021-08-23 23:19:48,161 [EventQueue-OpenPipelineForHealthyPipelineSafeModeRule] INFO  ha.SCMContext (SCMContext.java:updateSafeModeStatus(205)) - Update SafeModeStatus from SafeModeStatus{safeModeStatus=true, preCheckPassed=true} to SafeModeStatus{safeModeStatus=false, preCheckPassed=true}.
2021-08-23 23:19:48,161 [EventQueue-OpenPipelineForHealthyPipelineSafeModeRule] INFO  pipeline.BackgroundPipelineCreator (BackgroundPipelineCreatorV2.java:notifyStatusChanged(264)) - Service BackgroundPipelineCreator transitions to RUNNING.
2021-08-23 23:19:48,161 [EventQueue-OpenPipelineForHealthyPipelineSafeModeRule] INFO  container.ReplicationManager (ReplicationManager.java:notifyStatusChanged(1722)) - Service ReplicationManager transitions to RUNNING.
2021-08-23 23:19:48,163 [cb3402e3-c902-40a3-9f81-e5c4ad664dcb@group-CF7D474DFDFA-LeaderElection7] INFO  impl.LeaderElection (LeaderElection.java:askForVotes(306)) - cb3402e3-c902-40a3-9f81-e5c4ad664dcb@group-CF7D474DFDFA-LeaderElection7 ELECTION round 0: submit vote requests at term 2 for -1: [cb3402e3-c902-40a3-9f81-e5c4ad664dcb|rpc:10.1.0.66:42775|dataStream:|priority:0, 3238dd0b-ba1a-45d4-9446-116bc825e875|rpc:10.1.0.66:42759|dataStream:|priority:1, 7fc41cb1-4817-42a7-9d7d-8c23a540b464|rpc:10.1.0.66:44581|dataStream:|priority:0], old=null
2021-08-23 23:19:48,176 [3238dd0b-ba1a-45d4-9446-116bc825e875@group-F556EF88CAE5-FollowerState] INFO  impl.FollowerState (FollowerState.java:run(134)) - 3238dd0b-ba1a-45d4-9446-116bc825e875@group-F556EF88CAE5-FollowerState: change to CANDIDATE, lastRpcElapsedTime:5167995943ns, electionTimeout:5162ms
2021-08-23 23:19:48,176 [3238dd0b-ba1a-45d4-9446-116bc825e875@group-F556EF88CAE5-FollowerState] INFO  impl.RoleInfo (RoleInfo.java:shutdownFollowerState(108)) - 3238dd0b-ba1a-45d4-9446-116bc825e875: shutdown 3238dd0b-ba1a-45d4-9446-116bc825e875@group-F556EF88CAE5-FollowerState
2021-08-23 23:19:48,176 [3238dd0b-ba1a-45d4-9446-116bc825e875@group-F556EF88CAE5-FollowerState] INFO  server.RaftServer$Division (RaftServerImpl.java:setRole(285)) - 3238dd0b-ba1a-45d4-9446-116bc825e875@group-F556EF88CAE5: changes role from  FOLLOWER to CANDIDATE at term 0 for changeToCandidate
2021-08-23 23:19:48,176 [3238dd0b-ba1a-45d4-9446-116bc825e875@group-F556EF88CAE5-FollowerState] INFO  server.RaftServerConfigKeys (ConfUtils.java:logGet(44)) - raft.server.leaderelection.pre-vote = false (custom)
2021-08-23 23:19:48,176 [3238dd0b-ba1a-45d4-9446-116bc825e875@group-F556EF88CAE5-FollowerState] INFO  impl.RoleInfo (RoleInfo.java:updateAndGet(130)) - 3238dd0b-ba1a-45d4-9446-116bc825e875: start 3238dd0b-ba1a-45d4-9446-116bc825e875@group-F556EF88CAE5-LeaderElection8
2021-08-23 23:19:48,178 [3238dd0b-ba1a-45d4-9446-116bc825e875@group-CF7D474DFDFA-LeaderElection6] INFO  server.RaftServerConfigKeys (ConfUtils.java:logGet(44)) - raft.server.log.appender.snapshot.chunk.size.max = 16MB (=16777216) (default)
2021-08-23 23:19:48,178 [grpc-default-executor-1] INFO  server.RaftServer$Division (RaftServerImpl.java:requestVote(1043)) - 3238dd0b-ba1a-45d4-9446-116bc825e875@group-CF7D474DFDFA: receive requestVote(ELECTION, cb3402e3-c902-40a3-9f81-e5c4ad664dcb, group-CF7D474DFDFA, 2, (t:0, i:0))
2021-08-23 23:19:48,181 [3238dd0b-ba1a-45d4-9446-116bc825e875@group-CF7D474DFDFA-LeaderElection6] INFO  server.RaftServerConfigKeys (ConfUtils.java:logGet(44)) - raft.server.log.appender.buffer.byte-limit = 33554432 (custom)
2021-08-23 23:19:48,181 [3238dd0b-ba1a-45d4-9446-116bc825e875@group-CF7D474DFDFA-LeaderElection6] INFO  server.RaftServerConfigKeys (ConfUtils.java:logGet(44)) - raft.server.log.appender.buffer.element-limit = 1 (custom)
2021-08-23 23:19:48,181 [3238dd0b-ba1a-45d4-9446-116bc825e875@group-CF7D474DFDFA-LeaderElection6] INFO  grpc.GrpcConfigKeys (ConfUtils.java:logGet(44)) - raft.grpc.server.leader.outstanding.appends.max = 128 (default)
2021-08-23 23:19:48,181 [3238dd0b-ba1a-45d4-9446-116bc825e875@group-CF7D474DFDFA-LeaderElection6] INFO  server.RaftServerConfigKeys (ConfUtils.java:logGet(44)) - raft.server.rpc.request.timeout = 3000ms (default)
2021-08-23 23:19:48,181 [3238dd0b-ba1a-45d4-9446-116bc825e875@group-CF7D474DFDFA-LeaderElection6] INFO  server.RaftServerConfigKeys (ConfUtils.java:logGet(44)) - raft.server.log.appender.install.snapshot.enabled = false (custom)
2021-08-23 23:19:48,183 [3238dd0b-ba1a-45d4-9446-116bc825e875@group-CF7D474DFDFA-LeaderElection6] INFO  impl.RoleInfo (RoleInfo.java:updateAndGet(130)) - 3238dd0b-ba1a-45d4-9446-116bc825e875: start 3238dd0b-ba1a-45d4-9446-116bc825e875@group-CF7D474DFDFA-LeaderStateImpl
2021-08-23 23:19:48,184 [3238dd0b-ba1a-45d4-9446-116bc825e875@group-CF7D474DFDFA-LeaderElection6] INFO  segmented.SegmentedRaftLogWorker (SegmentedRaftLogWorker.java:startLogSegment(394)) - 3238dd0b-ba1a-45d4-9446-116bc825e875@group-CF7D474DFDFA-SegmentedRaftLogWorker: Starting segment from index:0
2021-08-23 23:19:48,189 [3238dd0b-ba1a-45d4-9446-116bc825e875@group-CF7D474DFDFA-SegmentedRaftLogWorker] INFO  segmented.SegmentedRaftLogWorker (SegmentedRaftLogWorker.java:execute(601)) - 3238dd0b-ba1a-45d4-9446-116bc825e875@group-CF7D474DFDFA-SegmentedRaftLogWorker: created new log segment /home/runner/work/ozone/ozone/hadoop-ozone/integration-test/target/test-dir/MiniOzoneClusterImpl-994ab01d-a5c0-4516-a51a-b70458bd9cc3/datanode-3/data/ratis/e136d1d0-d591-4cb2-84c9-cf7d474dfdfa/current/log_inprogress_0
2021-08-23 23:19:48,197 [3238dd0b-ba1a-45d4-9446-116bc825e875@group-F556EF88CAE5-LeaderElection8] INFO  impl.LeaderElection (LeaderElection.java:askForVotes(306)) - 3238dd0b-ba1a-45d4-9446-116bc825e875@group-F556EF88CAE5-LeaderElection8 ELECTION round 0: submit vote requests at term 1 for -1: [3238dd0b-ba1a-45d4-9446-116bc825e875|rpc:10.1.0.66:42759|priority:1], old=null
2021-08-23 23:19:48,204 [3238dd0b-ba1a-45d4-9446-116bc825e875@group-F556EF88CAE5-LeaderElection8] INFO  impl.LeaderElection (LeaderElection.java:askForVotes(308)) - 3238dd0b-ba1a-45d4-9446-116bc825e875@group-F556EF88CAE5-LeaderElection8 ELECTION round 0: result PASSED (term=1)
2021-08-23 23:19:48,204 [3238dd0b-ba1a-45d4-9446-116bc825e875@group-F556EF88CAE5-LeaderElection8] INFO  impl.RoleInfo (RoleInfo.java:shutdownLeaderElection(121)) - 3238dd0b-ba1a-45d4-9446-116bc825e875: shutdown 3238dd0b-ba1a-45d4-9446-116bc825e875@group-F556EF88CAE5-LeaderElection8
2021-08-23 23:19:48,204 [3238dd0b-ba1a-45d4-9446-116bc825e875@group-F556EF88CAE5-LeaderElection8] INFO  server.RaftServer$Division (RaftServerImpl.java:setRole(285)) - 3238dd0b-ba1a-45d4-9446-116bc825e875@group-F556EF88CAE5: changes role from CANDIDATE to LEADER at term 1 for changeToLeader
2021-08-23 23:19:48,204 [3238dd0b-ba1a-45d4-9446-116bc825e875@group-F556EF88CAE5-LeaderElection8] INFO  ratis.XceiverServerRatis (XceiverServerRatis.java:handleLeaderChangedNotification(861)) - Leader change notification received for group: group-F556EF88CAE5 with new leaderId: 3238dd0b-ba1a-45d4-9446-116bc825e875
2021-08-23 23:19:48,204 [3238dd0b-ba1a-45d4-9446-116bc825e875@group-F556EF88CAE5-LeaderElection8] INFO  server.RaftServer$Division (ServerState.java:setLeader(285)) - 3238dd0b-ba1a-45d4-9446-116bc825e875@group-F556EF88CAE5: change Leader from null to 3238dd0b-ba1a-45d4-9446-116bc825e875 at term 1 for becomeLeader, leader elected after 5208ms
2021-08-23 23:19:48,204 [3238dd0b-ba1a-45d4-9446-116bc825e875@group-F556EF88CAE5-LeaderElection8] INFO  server.RaftServerConfigKeys (ConfUtils.java:logGet(44)) - raft.server.staging.catchup.gap = 1000 (default)
2021-08-23 23:19:48,204 [3238dd0b-ba1a-45d4-9446-116bc825e875@group-F556EF88CAE5-LeaderElection8] INFO  server.RaftServerConfigKeys (ConfUtils.java:logGet(44)) - raft.server.write.element-limit = 1024 (custom)
2021-08-23 23:19:48,204 [3238dd0b-ba1a-45d4-9446-116bc825e875@group-F556EF88CAE5-LeaderElection8] INFO  server.RaftServerConfigKeys (ConfUtils.java:logGet(44)) - raft.server.write.byte-limit = 1024 M (=1073741824) (custom)
2021-08-23 23:19:48,205 [3238dd0b-ba1a-45d4-9446-116bc825e875@group-F556EF88CAE5-LeaderElection8] INFO  server.RaftServerConfigKeys (ConfUtils.java:logGet(44)) - raft.server.watch.timeout = 3000ms (custom)
2021-08-23 23:19:48,205 [3238dd0b-ba1a-45d4-9446-116bc825e875@group-F556EF88CAE5-LeaderElection8] INFO  server.RaftServerConfigKeys (ConfUtils.java:logGet(44)) - raft.server.watch.timeout.denomination = 1s (default)
2021-08-23 23:19:48,205 [3238dd0b-ba1a-45d4-9446-116bc825e875@group-F556EF88CAE5-LeaderElection8] INFO  server.RaftServerConfigKeys (ConfUtils.java:logGet(44)) - raft.server.watch.element-limit = 65536 (default)
2021-08-23 23:19:48,205 [3238dd0b-ba1a-45d4-9446-116bc825e875@group-F556EF88CAE5-LeaderElection8] INFO  impl.RoleInfo (RoleInfo.java:updateAndGet(130)) - 3238dd0b-ba1a-45d4-9446-116bc825e875: start 3238dd0b-ba1a-45d4-9446-116bc825e875@group-F556EF88CAE5-LeaderStateImpl
2021-08-23 23:19:48,205 [3238dd0b-ba1a-45d4-9446-116bc825e875@group-F556EF88CAE5-LeaderElection8] INFO  segmented.SegmentedRaftLogWorker (SegmentedRaftLogWorker.java:startLogSegment(394)) - 3238dd0b-ba1a-45d4-9446-116bc825e875@group-F556EF88CAE5-SegmentedRaftLogWorker: Starting segment from index:0
2021-08-23 23:19:48,204 [grpc-default-executor-0] INFO  server.RaftServer$Division (RaftServerImpl.java:requestVote(1043)) - 7fc41cb1-4817-42a7-9d7d-8c23a540b464@group-CF7D474DFDFA: receive requestVote(ELECTION, cb3402e3-c902-40a3-9f81-e5c4ad664dcb, group-CF7D474DFDFA, 2, (t:0, i:0))
2021-08-23 23:19:48,206 [grpc-default-executor-0] INFO  impl.VoteContext (VoteContext.java:log(48)) - 7fc41cb1-4817-42a7-9d7d-8c23a540b464@group-CF7D474DFDFA-FOLLOWER: accept ELECTION from cb3402e3-c902-40a3-9f81-e5c4ad664dcb: our priority 0 <= candidate's priority 0
2021-08-23 23:19:48,206 [grpc-default-executor-0] INFO  server.RaftServer$Division (RaftServerImpl.java:setRole(285)) - 7fc41cb1-4817-42a7-9d7d-8c23a540b464@group-CF7D474DFDFA: changes role from  FOLLOWER to FOLLOWER at term 2 for candidate:cb3402e3-c902-40a3-9f81-e5c4ad664dcb
2021-08-23 23:19:48,206 [grpc-default-executor-0] INFO  impl.RoleInfo (RoleInfo.java:shutdownFollowerState(108)) - 7fc41cb1-4817-42a7-9d7d-8c23a540b464: shutdown 7fc41cb1-4817-42a7-9d7d-8c23a540b464@group-CF7D474DFDFA-FollowerState
2021-08-23 23:19:48,201 [3238dd0b-ba1a-45d4-9446-116bc825e875@group-CF7D474DFDFA-LeaderElection6] INFO  server.RaftServer$Division (ServerState.java:setRaftConf(387)) - 3238dd0b-ba1a-45d4-9446-116bc825e875@group-CF7D474DFDFA: set configuration 0: [cb3402e3-c902-40a3-9f81-e5c4ad664dcb|rpc:10.1.0.66:42775|dataStream:|priority:0, 3238dd0b-ba1a-45d4-9446-116bc825e875|rpc:10.1.0.66:42759|dataStream:|priority:1, 7fc41cb1-4817-42a7-9d7d-8c23a540b464|rpc:10.1.0.66:44581|dataStream:|priority:0], old=null
2021-08-23 23:19:48,207 [grpc-default-executor-1] INFO  impl.VoteContext (VoteContext.java:log(48)) - 3238dd0b-ba1a-45d4-9446-116bc825e875@group-CF7D474DFDFA-LEADER: reject ELECTION from cb3402e3-c902-40a3-9f81-e5c4ad664dcb: our last entry (t:1, i:0) > candidate's last entry (t:0, i:0)
2021-08-23 23:19:48,207 [grpc-default-executor-1] INFO  server.RaftServer$Division (ServerState.java:setLeader(285)) - 3238dd0b-ba1a-45d4-9446-116bc825e875@group-CF7D474DFDFA: change Leader from 3238dd0b-ba1a-45d4-9446-116bc825e875 to null at term 2 for updateCurrentTerm
2021-08-23 23:19:48,207 [grpc-default-executor-1] INFO  server.RaftServer$Division (RaftServerImpl.java:setRole(285)) - 3238dd0b-ba1a-45d4-9446-116bc825e875@group-CF7D474DFDFA: changes role from    LEADER to FOLLOWER at term 2 for candidate:cb3402e3-c902-40a3-9f81-e5c4ad664dcb
2021-08-23 23:19:48,207 [grpc-default-executor-1] INFO  impl.RoleInfo (RoleInfo.java:shutdownLeaderState(91)) - 3238dd0b-ba1a-45d4-9446-116bc825e875: shutdown 3238dd0b-ba1a-45d4-9446-116bc825e875@group-CF7D474DFDFA-LeaderStateImpl
2021-08-23 23:19:48,204 [Datanode State Machine Thread - 0] WARN  statemachine.StateContext (StateContext.java:execute(621)) - No available thread in pool for past 1 seconds.
2021-08-23 23:19:48,210 [grpc-default-executor-0] INFO  impl.RoleInfo (RoleInfo.java:updateAndGet(130)) - 7fc41cb1-4817-42a7-9d7d-8c23a540b464: start 7fc41cb1-4817-42a7-9d7d-8c23a540b464@group-CF7D474DFDFA-FollowerState
2021-08-23 23:19:48,210 [7fc41cb1-4817-42a7-9d7d-8c23a540b464@group-CF7D474DFDFA-FollowerState] INFO  impl.FollowerState (FollowerState.java:run(143)) - 7fc41cb1-4817-42a7-9d7d-8c23a540b464@group-CF7D474DFDFA-FollowerState was interrupted: {}
java.lang.InterruptedException: sleep interrupted
	at java.lang.Thread.sleep(Native Method)
	at java.lang.Thread.sleep(Thread.java:340)
	at java.util.concurrent.TimeUnit.sleep(TimeUnit.java:386)
	at org.apache.ratis.util.TimeDuration.sleep(TimeDuration.java:324)
	at org.apache.ratis.util.TimeDuration.sleep(TimeDuration.java:309)
	at org.apache.ratis.server.impl.FollowerState.run(FollowerState.java:118)
2021-08-23 23:19:48,210 [3238dd0b-ba1a-45d4-9446-116bc825e875@group-F556EF88CAE5-LeaderElection8] INFO  server.RaftServer$Division (ServerState.java:setRaftConf(387)) - 3238dd0b-ba1a-45d4-9446-116bc825e875@group-F556EF88CAE5: set configuration 0: [3238dd0b-ba1a-45d4-9446-116bc825e875|rpc:10.1.0.66:42759|dataStream:|priority:1], old=null
2021-08-23 23:19:48,212 [grpc-default-executor-0] INFO  server.RaftServer$Division (RaftServerImpl.java:requestVote(1075)) - 7fc41cb1-4817-42a7-9d7d-8c23a540b464@group-CF7D474DFDFA replies to ELECTION vote request: cb3402e3-c902-40a3-9f81-e5c4ad664dcb<-7fc41cb1-4817-42a7-9d7d-8c23a540b464#0:OK-t2. Peer's state: 7fc41cb1-4817-42a7-9d7d-8c23a540b464@group-CF7D474DFDFA:t2, leader=null, voted=cb3402e3-c902-40a3-9f81-e5c4ad664dcb, raftlog=7fc41cb1-4817-42a7-9d7d-8c23a540b464@group-CF7D474DFDFA-SegmentedRaftLog:OPENED:c-1,f-1,i0, conf=-1: [cb3402e3-c902-40a3-9f81-e5c4ad664dcb|rpc:10.1.0.66:42775|dataStream:|priority:0, 3238dd0b-ba1a-45d4-9446-116bc825e875|rpc:10.1.0.66:42759|dataStream:|priority:1, 7fc41cb1-4817-42a7-9d7d-8c23a540b464|rpc:10.1.0.66:44581|dataStream:|priority:0], old=null
2021-08-23 23:19:48,215 [3238dd0b-ba1a-45d4-9446-116bc825e875@group-F556EF88CAE5-SegmentedRaftLogWorker] INFO  segmented.SegmentedRaftLogWorker (SegmentedRaftLogWorker.java:execute(601)) - 3238dd0b-ba1a-45d4-9446-116bc825e875@group-F556EF88CAE5-SegmentedRaftLogWorker: created new log segment /home/runner/work/ozone/ozone/hadoop-ozone/integration-test/target/test-dir/MiniOzoneClusterImpl-994ab01d-a5c0-4516-a51a-b70458bd9cc3/datanode-3/data/ratis/70b016ad-9b8b-4c06-83dc-f556ef88cae5/current/log_inprogress_0
2021-08-23 23:19:48,217 [grpc-default-executor-1] INFO  impl.PendingRequests (PendingRequests.java:sendNotLeaderResponses(282)) - 3238dd0b-ba1a-45d4-9446-116bc825e875@group-CF7D474DFDFA-PendingRequests: sendNotLeaderResponses
2021-08-23 23:19:48,226 [grpc-default-executor-1] INFO  impl.RoleInfo (RoleInfo.java:updateAndGet(130)) - 3238dd0b-ba1a-45d4-9446-116bc825e875: start 3238dd0b-ba1a-45d4-9446-116bc825e875@group-CF7D474DFDFA-FollowerState
2021-08-23 23:19:48,229 [grpc-default-executor-1] INFO  server.RaftServer$Division (RaftServerImpl.java:requestVote(1075)) - 3238dd0b-ba1a-45d4-9446-116bc825e875@group-CF7D474DFDFA replies to ELECTION vote request: cb3402e3-c902-40a3-9f81-e5c4ad664dcb<-3238dd0b-ba1a-45d4-9446-116bc825e875#0:FAIL-t2. Peer's state: 3238dd0b-ba1a-45d4-9446-116bc825e875@group-CF7D474DFDFA:t2, leader=null, voted=null, raftlog=3238dd0b-ba1a-45d4-9446-116bc825e875@group-CF7D474DFDFA-SegmentedRaftLog:OPENED:c-1,f0,i0, conf=0: [cb3402e3-c902-40a3-9f81-e5c4ad664dcb|rpc:10.1.0.66:42775|dataStream:|priority:0, 3238dd0b-ba1a-45d4-9446-116bc825e875|rpc:10.1.0.66:42759|dataStream:|priority:1, 7fc41cb1-4817-42a7-9d7d-8c23a540b464|rpc:10.1.0.66:44581|dataStream:|priority:0], old=null
2021-08-23 23:19:48,238 [cb3402e3-c902-40a3-9f81-e5c4ad664dcb@group-CF7D474DFDFA-LeaderElection7] INFO  impl.LeaderElection (LeaderElection.java:logAndReturn(89)) - cb3402e3-c902-40a3-9f81-e5c4ad664dcb@group-CF7D474DFDFA-LeaderElection7: ELECTION REJECTED received 2 response(s) and 0 exception(s):
2021-08-23 23:19:48,238 [cb3402e3-c902-40a3-9f81-e5c4ad664dcb@group-CF7D474DFDFA-LeaderElection7] INFO  impl.LeaderElection (LeaderElection.java:logAndReturn(93)) -   Response 0: cb3402e3-c902-40a3-9f81-e5c4ad664dcb<-3238dd0b-ba1a-45d4-9446-116bc825e875#0:FAIL-t2
2021-08-23 23:19:48,238 [cb3402e3-c902-40a3-9f81-e5c4ad664dcb@group-CF7D474DFDFA-LeaderElection7] INFO  impl.LeaderElection (LeaderElection.java:logAndReturn(93)) -   Response 1: cb3402e3-c902-40a3-9f81-e5c4ad664dcb<-7fc41cb1-4817-42a7-9d7d-8c23a540b464#0:OK-t2
2021-08-23 23:19:48,238 [cb3402e3-c902-40a3-9f81-e5c4ad664dcb@group-CF7D474DFDFA-LeaderElection7] INFO  impl.LeaderElection (LeaderElection.java:askForVotes(308)) - cb3402e3-c902-40a3-9f81-e5c4ad664dcb@group-CF7D474DFDFA-LeaderElection7 ELECTION round 0: result REJECTED
2021-08-23 23:19:48,238 [cb3402e3-c902-40a3-9f81-e5c4ad664dcb@group-CF7D474DFDFA-LeaderElection7] INFO  server.RaftServer$Division (RaftServerImpl.java:setRole(285)) - cb3402e3-c902-40a3-9f81-e5c4ad664dcb@group-CF7D474DFDFA: changes role from CANDIDATE to FOLLOWER at term 2 for REJECTED
2021-08-23 23:19:48,238 [cb3402e3-c902-40a3-9f81-e5c4ad664dcb@group-CF7D474DFDFA-LeaderElection7] INFO  impl.RoleInfo (RoleInfo.java:shutdownLeaderElection(121)) - cb3402e3-c902-40a3-9f81-e5c4ad664dcb: shutdown cb3402e3-c902-40a3-9f81-e5c4ad664dcb@group-CF7D474DFDFA-LeaderElection7
2021-08-23 23:19:48,238 [cb3402e3-c902-40a3-9f81-e5c4ad664dcb@group-CF7D474DFDFA-LeaderElection7] INFO  impl.RoleInfo (RoleInfo.java:updateAndGet(130)) - cb3402e3-c902-40a3-9f81-e5c4ad664dcb: start cb3402e3-c902-40a3-9f81-e5c4ad664dcb@group-CF7D474DFDFA-FollowerState
2021-08-23 23:19:48,266 [grpc-default-executor-0] INFO  server.GrpcServerProtocolService (GrpcServerProtocolService.java:onCompleted(140)) - cb3402e3-c902-40a3-9f81-e5c4ad664dcb: Completed APPEND_ENTRIES, lastRequest: null
2021-08-23 23:19:48,268 [grpc-default-executor-1] INFO  server.GrpcLogAppender (GrpcLogAppender.java:onCompleted(344)) - 3238dd0b-ba1a-45d4-9446-116bc825e875@group-CF7D474DFDFA->cb3402e3-c902-40a3-9f81-e5c4ad664dcb-AppendLogResponseHandler: follower responses appendEntries COMPLETED
2021-08-23 23:19:48,266 [grpc-default-executor-3] INFO  server.GrpcServerProtocolService (GrpcServerProtocolService.java:onCompleted(140)) - 7fc41cb1-4817-42a7-9d7d-8c23a540b464: Completed APPEND_ENTRIES, lastRequest: null
2021-08-23 23:19:48,271 [grpc-default-executor-1] INFO  leader.FollowerInfo (FollowerInfoImpl.java:lambda$new$0(46)) - 3238dd0b-ba1a-45d4-9446-116bc825e875@group-CF7D474DFDFA->cb3402e3-c902-40a3-9f81-e5c4ad664dcb: nextIndex: updateUnconditionally 0 -> 0
2021-08-23 23:19:48,271 [grpc-default-executor-2] INFO  server.GrpcLogAppender (GrpcLogAppender.java:onCompleted(344)) - 3238dd0b-ba1a-45d4-9446-116bc825e875@group-CF7D474DFDFA->7fc41cb1-4817-42a7-9d7d-8c23a540b464-AppendLogResponseHandler: follower responses appendEntries COMPLETED
2021-08-23 23:19:48,271 [grpc-default-executor-2] INFO  leader.FollowerInfo (FollowerInfoImpl.java:lambda$new$0(46)) - 3238dd0b-ba1a-45d4-9446-116bc825e875@group-CF7D474DFDFA->7fc41cb1-4817-42a7-9d7d-8c23a540b464: nextIndex: updateUnconditionally 0 -> 0
2021-08-23 23:19:48,399 [cb3402e3-c902-40a3-9f81-e5c4ad664dcb@group-C247CDE96A5C-FollowerState] INFO  impl.FollowerState (FollowerState.java:run(134)) - cb3402e3-c902-40a3-9f81-e5c4ad664dcb@group-C247CDE96A5C-FollowerState: change to CANDIDATE, lastRpcElapsedTime:5175491960ns, electionTimeout:5170ms
2021-08-23 23:19:48,399 [cb3402e3-c902-40a3-9f81-e5c4ad664dcb@group-C247CDE96A5C-FollowerState] INFO  impl.RoleInfo (RoleInfo.java:shutdownFollowerState(108)) - cb3402e3-c902-40a3-9f81-e5c4ad664dcb: shutdown cb3402e3-c902-40a3-9f81-e5c4ad664dcb@group-C247CDE96A5C-FollowerState
2021-08-23 23:19:48,400 [cb3402e3-c902-40a3-9f81-e5c4ad664dcb@group-C247CDE96A5C-FollowerState] INFO  server.RaftServer$Division (RaftServerImpl.java:setRole(285)) - cb3402e3-c902-40a3-9f81-e5c4ad664dcb@group-C247CDE96A5C: changes role from  FOLLOWER to CANDIDATE at term 0 for changeToCandidate
2021-08-23 23:19:48,400 [cb3402e3-c902-40a3-9f81-e5c4ad664dcb@group-C247CDE96A5C-FollowerState] INFO  server.RaftServerConfigKeys (ConfUtils.java:logGet(44)) - raft.server.leaderelection.pre-vote = false (custom)
2021-08-23 23:19:48,400 [cb3402e3-c902-40a3-9f81-e5c4ad664dcb@group-C247CDE96A5C-FollowerState] INFO  impl.RoleInfo (RoleInfo.java:updateAndGet(130)) - cb3402e3-c902-40a3-9f81-e5c4ad664dcb: start cb3402e3-c902-40a3-9f81-e5c4ad664dcb@group-C247CDE96A5C-LeaderElection9
2021-08-23 23:19:48,405 [cb3402e3-c902-40a3-9f81-e5c4ad664dcb@group-C247CDE96A5C-LeaderElection9] INFO  impl.LeaderElection (LeaderElection.java:askForVotes(306)) - cb3402e3-c902-40a3-9f81-e5c4ad664dcb@group-C247CDE96A5C-LeaderElection9 ELECTION round 0: submit vote requests at term 1 for -1: [cb3402e3-c902-40a3-9f81-e5c4ad664dcb|rpc:10.1.0.66:42775|priority:1], old=null
2021-08-23 23:19:48,405 [cb3402e3-c902-40a3-9f81-e5c4ad664dcb@group-C247CDE96A5C-LeaderElection9] INFO  impl.LeaderElection (LeaderElection.java:askForVotes(308)) - cb3402e3-c902-40a3-9f81-e5c4ad664dcb@group-C247CDE96A5C-LeaderElection9 ELECTION round 0: result PASSED (term=1)
2021-08-23 23:19:48,405 [cb3402e3-c902-40a3-9f81-e5c4ad664dcb@group-C247CDE96A5C-LeaderElection9] INFO  impl.RoleInfo (RoleInfo.java:shutdownLeaderElection(121)) - cb3402e3-c902-40a3-9f81-e5c4ad664dcb: shutdown cb3402e3-c902-40a3-9f81-e5c4ad664dcb@group-C247CDE96A5C-LeaderElection9
2021-08-23 23:19:48,405 [cb3402e3-c902-40a3-9f81-e5c4ad664dcb@group-C247CDE96A5C-LeaderElection9] INFO  server.RaftServer$Division (RaftServerImpl.java:setRole(285)) - cb3402e3-c902-40a3-9f81-e5c4ad664dcb@group-C247CDE96A5C: changes role from CANDIDATE to LEADER at term 1 for changeToLeader
2021-08-23 23:19:48,405 [cb3402e3-c902-40a3-9f81-e5c4ad664dcb@group-C247CDE96A5C-LeaderElection9] INFO  ratis.XceiverServerRatis (XceiverServerRatis.java:handleLeaderChangedNotification(861)) - Leader change notification received for group: group-C247CDE96A5C with new leaderId: cb3402e3-c902-40a3-9f81-e5c4ad664dcb
2021-08-23 23:19:48,405 [Datanode State Machine Thread - 0] WARN  statemachine.StateContext (StateContext.java:execute(621)) - No available thread in pool for past 1 seconds.
2021-08-23 23:19:48,405 [cb3402e3-c902-40a3-9f81-e5c4ad664dcb@group-C247CDE96A5C-LeaderElection9] INFO  server.RaftServer$Division (ServerState.java:setLeader(285)) - cb3402e3-c902-40a3-9f81-e5c4ad664dcb@group-C247CDE96A5C: change Leader from null to cb3402e3-c902-40a3-9f81-e5c4ad664dcb at term 1 for becomeLeader, leader elected after 5190ms
2021-08-23 23:19:48,406 [cb3402e3-c902-40a3-9f81-e5c4ad664dcb@group-C247CDE96A5C-LeaderElection9] INFO  server.RaftServerConfigKeys (ConfUtils.java:logGet(44)) - raft.server.staging.catchup.gap = 1000 (default)
2021-08-23 23:19:48,406 [cb3402e3-c902-40a3-9f81-e5c4ad664dcb@group-C247CDE96A5C-LeaderElection9] INFO  server.RaftServerConfigKeys (ConfUtils.java:logGet(44)) - raft.server.write.element-limit = 1024 (custom)
2021-08-23 23:19:48,406 [cb3402e3-c902-40a3-9f81-e5c4ad664dcb@group-C247CDE96A5C-LeaderElection9] INFO  server.RaftServerConfigKeys (ConfUtils.java:logGet(44)) - raft.server.write.byte-limit = 1024 M (=1073741824) (custom)
2021-08-23 23:19:48,406 [cb3402e3-c902-40a3-9f81-e5c4ad664dcb@group-C247CDE96A5C-LeaderElection9] INFO  server.RaftServerConfigKeys (ConfUtils.java:logGet(44)) - raft.server.watch.timeout = 3000ms (custom)
2021-08-23 23:19:48,406 [cb3402e3-c902-40a3-9f81-e5c4ad664dcb@group-C247CDE96A5C-LeaderElection9] INFO  server.RaftServerConfigKeys (ConfUtils.java:logGet(44)) - raft.server.watch.timeout.denomination = 1s (default)
2021-08-23 23:19:48,407 [cb3402e3-c902-40a3-9f81-e5c4ad664dcb@group-C247CDE96A5C-LeaderElection9] INFO  server.RaftServerConfigKeys (ConfUtils.java:logGet(44)) - raft.server.watch.element-limit = 65536 (default)
2021-08-23 23:19:48,407 [cb3402e3-c902-40a3-9f81-e5c4ad664dcb@group-C247CDE96A5C-LeaderElection9] INFO  impl.RoleInfo (RoleInfo.java:updateAndGet(130)) - cb3402e3-c902-40a3-9f81-e5c4ad664dcb: start cb3402e3-c902-40a3-9f81-e5c4ad664dcb@group-C247CDE96A5C-LeaderStateImpl
2021-08-23 23:19:48,407 [cb3402e3-c902-40a3-9f81-e5c4ad664dcb@group-C247CDE96A5C-LeaderElection9] INFO  segmented.SegmentedRaftLogWorker (SegmentedRaftLogWorker.java:startLogSegment(394)) - cb3402e3-c902-40a3-9f81-e5c4ad664dcb@group-C247CDE96A5C-SegmentedRaftLogWorker: Starting segment from index:0
2021-08-23 23:19:48,409 [cb3402e3-c902-40a3-9f81-e5c4ad664dcb@group-C247CDE96A5C-LeaderElection9] INFO  server.RaftServer$Division (ServerState.java:setRaftConf(387)) - cb3402e3-c902-40a3-9f81-e5c4ad664dcb@group-C247CDE96A5C: set configuration 0: [cb3402e3-c902-40a3-9f81-e5c4ad664dcb|rpc:10.1.0.66:42775|dataStream:|priority:1], old=null
2021-08-23 23:19:48,409 [cb3402e3-c902-40a3-9f81-e5c4ad664dcb@group-C247CDE96A5C-SegmentedRaftLogWorker] INFO  segmented.SegmentedRaftLogWorker (SegmentedRaftLogWorker.java:execute(601)) - cb3402e3-c902-40a3-9f81-e5c4ad664dcb@group-C247CDE96A5C-SegmentedRaftLogWorker: created new log segment /home/runner/work/ozone/ozone/hadoop-ozone/integration-test/target/test-dir/MiniOzoneClusterImpl-994ab01d-a5c0-4516-a51a-b70458bd9cc3/datanode-4/data/ratis/bcd20deb-9d6c-4c16-8557-c247cde96a5c/current/log_inprogress_0
2021-08-23 23:19:48,485 [7fc41cb1-4817-42a7-9d7d-8c23a540b464@group-8DB7C7BC1B9A-FollowerState] INFO  impl.FollowerState (FollowerState.java:run(134)) - 7fc41cb1-4817-42a7-9d7d-8c23a540b464@group-8DB7C7BC1B9A-FollowerState: change to CANDIDATE, lastRpcElapsedTime:5072772428ns, electionTimeout:5069ms
2021-08-23 23:19:48,485 [7fc41cb1-4817-42a7-9d7d-8c23a540b464@group-8DB7C7BC1B9A-FollowerState] INFO  impl.RoleInfo (RoleInfo.java:shutdownFollowerState(108)) - 7fc41cb1-4817-42a7-9d7d-8c23a540b464: shutdown 7fc41cb1-4817-42a7-9d7d-8c23a540b464@group-8DB7C7BC1B9A-FollowerState
2021-08-23 23:19:48,485 [7fc41cb1-4817-42a7-9d7d-8c23a540b464@group-8DB7C7BC1B9A-FollowerState] INFO  server.RaftServer$Division (RaftServerImpl.java:setRole(285)) - 7fc41cb1-4817-42a7-9d7d-8c23a540b464@group-8DB7C7BC1B9A: changes role from  FOLLOWER to CANDIDATE at term 0 for changeToCandidate
2021-08-23 23:19:48,486 [7fc41cb1-4817-42a7-9d7d-8c23a540b464@group-8DB7C7BC1B9A-FollowerState] INFO  server.RaftServerConfigKeys (ConfUtils.java:logGet(44)) - raft.server.leaderelection.pre-vote = false (custom)
2021-08-23 23:19:48,486 [7fc41cb1-4817-42a7-9d7d-8c23a540b464@group-8DB7C7BC1B9A-FollowerState] INFO  impl.RoleInfo (RoleInfo.java:updateAndGet(130)) - 7fc41cb1-4817-42a7-9d7d-8c23a540b464: start 7fc41cb1-4817-42a7-9d7d-8c23a540b464@group-8DB7C7BC1B9A-LeaderElection10
2021-08-23 23:19:48,495 [7fc41cb1-4817-42a7-9d7d-8c23a540b464@group-8DB7C7BC1B9A-LeaderElection10] INFO  impl.LeaderElection (LeaderElection.java:askForVotes(306)) - 7fc41cb1-4817-42a7-9d7d-8c23a540b464@group-8DB7C7BC1B9A-LeaderElection10 ELECTION round 0: submit vote requests at term 1 for -1: [7fc41cb1-4817-42a7-9d7d-8c23a540b464|rpc:10.1.0.66:44581|priority:1], old=null
2021-08-23 23:19:48,495 [7fc41cb1-4817-42a7-9d7d-8c23a540b464@group-8DB7C7BC1B9A-LeaderElection10] INFO  impl.LeaderElection (LeaderElection.java:askForVotes(308)) - 7fc41cb1-4817-42a7-9d7d-8c23a540b464@group-8DB7C7BC1B9A-LeaderElection10 ELECTION round 0: result PASSED (term=1)
2021-08-23 23:19:48,495 [7fc41cb1-4817-42a7-9d7d-8c23a540b464@group-8DB7C7BC1B9A-LeaderElection10] INFO  impl.RoleInfo (RoleInfo.java:shutdownLeaderElection(121)) - 7fc41cb1-4817-42a7-9d7d-8c23a540b464: shutdown 7fc41cb1-4817-42a7-9d7d-8c23a540b464@group-8DB7C7BC1B9A-LeaderElection10
2021-08-23 23:19:48,495 [7fc41cb1-4817-42a7-9d7d-8c23a540b464@group-8DB7C7BC1B9A-LeaderElection10] INFO  server.RaftServer$Division (RaftServerImpl.java:setRole(285)) - 7fc41cb1-4817-42a7-9d7d-8c23a540b464@group-8DB7C7BC1B9A: changes role from CANDIDATE to LEADER at term 1 for changeToLeader
2021-08-23 23:19:48,495 [7fc41cb1-4817-42a7-9d7d-8c23a540b464@group-8DB7C7BC1B9A-LeaderElection10] INFO  ratis.XceiverServerRatis (XceiverServerRatis.java:handleLeaderChangedNotification(861)) - Leader change notification received for group: group-8DB7C7BC1B9A with new leaderId: 7fc41cb1-4817-42a7-9d7d-8c23a540b464
2021-08-23 23:19:48,496 [Datanode State Machine Thread - 0] WARN  statemachine.StateContext (StateContext.java:execute(621)) - No available thread in pool for past 1 seconds.
2021-08-23 23:19:48,497 [7fc41cb1-4817-42a7-9d7d-8c23a540b464@group-8DB7C7BC1B9A-LeaderElection10] INFO  server.RaftServer$Division (ServerState.java:setLeader(285)) - 7fc41cb1-4817-42a7-9d7d-8c23a540b464@group-8DB7C7BC1B9A: change Leader from null to 7fc41cb1-4817-42a7-9d7d-8c23a540b464 at term 1 for becomeLeader, leader elected after 5092ms
2021-08-23 23:19:48,497 [7fc41cb1-4817-42a7-9d7d-8c23a540b464@group-8DB7C7BC1B9A-LeaderElection10] INFO  server.RaftServerConfigKeys (ConfUtils.java:logGet(44)) - raft.server.staging.catchup.gap = 1000 (default)
2021-08-23 23:19:48,498 [7fc41cb1-4817-42a7-9d7d-8c23a540b464@group-8DB7C7BC1B9A-LeaderElection10] INFO  server.RaftServerConfigKeys (ConfUtils.java:logGet(44)) - raft.server.write.element-limit = 1024 (custom)
2021-08-23 23:19:48,498 [7fc41cb1-4817-42a7-9d7d-8c23a540b464@group-8DB7C7BC1B9A-LeaderElection10] INFO  server.RaftServerConfigKeys (ConfUtils.java:logGet(44)) - raft.server.write.byte-limit = 1024 M (=1073741824) (custom)
2021-08-23 23:19:48,498 [7fc41cb1-4817-42a7-9d7d-8c23a540b464@group-8DB7C7BC1B9A-LeaderElection10] INFO  server.RaftServerConfigKeys (ConfUtils.java:logGet(44)) - raft.server.watch.timeout = 3000ms (custom)
2021-08-23 23:19:48,498 [7fc41cb1-4817-42a7-9d7d-8c23a540b464@group-8DB7C7BC1B9A-LeaderElection10] INFO  server.RaftServerConfigKeys (ConfUtils.java:logGet(44)) - raft.server.watch.timeout.denomination = 1s (default)
2021-08-23 23:19:48,498 [7fc41cb1-4817-42a7-9d7d-8c23a540b464@group-8DB7C7BC1B9A-LeaderElection10] INFO  server.RaftServerConfigKeys (ConfUtils.java:logGet(44)) - raft.server.watch.element-limit = 65536 (default)
2021-08-23 23:19:48,498 [7fc41cb1-4817-42a7-9d7d-8c23a540b464@group-8DB7C7BC1B9A-LeaderElection10] INFO  impl.RoleInfo (RoleInfo.java:updateAndGet(130)) - 7fc41cb1-4817-42a7-9d7d-8c23a540b464: start 7fc41cb1-4817-42a7-9d7d-8c23a540b464@group-8DB7C7BC1B9A-LeaderStateImpl
2021-08-23 23:19:48,499 [7fc41cb1-4817-42a7-9d7d-8c23a540b464@group-8DB7C7BC1B9A-LeaderElection10] INFO  segmented.SegmentedRaftLogWorker (SegmentedRaftLogWorker.java:startLogSegment(394)) - 7fc41cb1-4817-42a7-9d7d-8c23a540b464@group-8DB7C7BC1B9A-SegmentedRaftLogWorker: Starting segment from index:0
2021-08-23 23:19:48,500 [7fc41cb1-4817-42a7-9d7d-8c23a540b464@group-8DB7C7BC1B9A-LeaderElection10] INFO  server.RaftServer$Division (ServerState.java:setRaftConf(387)) - 7fc41cb1-4817-42a7-9d7d-8c23a540b464@group-8DB7C7BC1B9A: set configuration 0: [7fc41cb1-4817-42a7-9d7d-8c23a540b464|rpc:10.1.0.66:44581|dataStream:|priority:1], old=null
2021-08-23 23:19:48,501 [7fc41cb1-4817-42a7-9d7d-8c23a540b464@group-8DB7C7BC1B9A-SegmentedRaftLogWorker] INFO  segmented.SegmentedRaftLogWorker (SegmentedRaftLogWorker.java:execute(601)) - 7fc41cb1-4817-42a7-9d7d-8c23a540b464@group-8DB7C7BC1B9A-SegmentedRaftLogWorker: created new log segment /home/runner/work/ozone/ozone/hadoop-ozone/integration-test/target/test-dir/MiniOzoneClusterImpl-994ab01d-a5c0-4516-a51a-b70458bd9cc3/datanode-5/data/ratis/6b593820-bbbd-48cf-8355-8db7c7bc1b9a/current/log_inprogress_0
2021-08-23 23:19:48,637 [e0c56fbf-58af-4909-99ad-16a71beee03d@group-7CDFDB31BB52-FollowerState] INFO  impl.FollowerState (FollowerState.java:run(134)) - e0c56fbf-58af-4909-99ad-16a71beee03d@group-7CDFDB31BB52-FollowerState: change to CANDIDATE, lastRpcElapsedTime:5035377144ns, electionTimeout:5035ms
2021-08-23 23:19:48,637 [e0c56fbf-58af-4909-99ad-16a71beee03d@group-7CDFDB31BB52-FollowerState] INFO  impl.RoleInfo (RoleInfo.java:shutdownFollowerState(108)) - e0c56fbf-58af-4909-99ad-16a71beee03d: shutdown e0c56fbf-58af-4909-99ad-16a71beee03d@group-7CDFDB31BB52-FollowerState
2021-08-23 23:19:48,637 [e0c56fbf-58af-4909-99ad-16a71beee03d@group-7CDFDB31BB52-FollowerState] INFO  server.RaftServer$Division (RaftServerImpl.java:setRole(285)) - e0c56fbf-58af-4909-99ad-16a71beee03d@group-7CDFDB31BB52: changes role from  FOLLOWER to CANDIDATE at term 0 for changeToCandidate
2021-08-23 23:19:48,638 [e0c56fbf-58af-4909-99ad-16a71beee03d@group-7CDFDB31BB52-FollowerState] INFO  server.RaftServerConfigKeys (ConfUtils.java:logGet(44)) - raft.server.leaderelection.pre-vote = false (custom)
2021-08-23 23:19:48,639 [e0c56fbf-58af-4909-99ad-16a71beee03d@group-7CDFDB31BB52-FollowerState] INFO  impl.RoleInfo (RoleInfo.java:updateAndGet(130)) - e0c56fbf-58af-4909-99ad-16a71beee03d: start e0c56fbf-58af-4909-99ad-16a71beee03d@group-7CDFDB31BB52-LeaderElection11
2021-08-23 23:19:48,642 [e0c56fbf-58af-4909-99ad-16a71beee03d@group-7CDFDB31BB52-LeaderElection11] INFO  impl.LeaderElection (LeaderElection.java:askForVotes(306)) - e0c56fbf-58af-4909-99ad-16a71beee03d@group-7CDFDB31BB52-LeaderElection11 ELECTION round 0: submit vote requests at term 1 for -1: [094f6f25-50f7-4e1e-949d-13da2b12d5a4|rpc:10.1.0.66:44115|priority:1, e0c56fbf-58af-4909-99ad-16a71beee03d|rpc:10.1.0.66:46767|priority:0, 0dd4e32c-0382-462c-9ace-22051620c5de|rpc:10.1.0.66:38797|priority:0], old=null
2021-08-23 23:19:48,655 [grpc-default-executor-1] INFO  server.RaftServer$Division (RaftServerImpl.java:requestVote(1043)) - 0dd4e32c-0382-462c-9ace-22051620c5de@group-7CDFDB31BB52: receive requestVote(ELECTION, e0c56fbf-58af-4909-99ad-16a71beee03d, group-7CDFDB31BB52, 1, (t:0, i:0))
2021-08-23 23:19:48,656 [grpc-default-executor-1] INFO  impl.VoteContext (VoteContext.java:log(48)) - 0dd4e32c-0382-462c-9ace-22051620c5de@group-7CDFDB31BB52-FOLLOWER: accept ELECTION from e0c56fbf-58af-4909-99ad-16a71beee03d: our priority 0 <= candidate's priority 0
2021-08-23 23:19:48,656 [grpc-default-executor-1] INFO  server.RaftServer$Division (RaftServerImpl.java:setRole(285)) - 0dd4e32c-0382-462c-9ace-22051620c5de@group-7CDFDB31BB52: changes role from  FOLLOWER to FOLLOWER at term 1 for candidate:e0c56fbf-58af-4909-99ad-16a71beee03d
2021-08-23 23:19:48,656 [grpc-default-executor-1] INFO  impl.RoleInfo (RoleInfo.java:shutdownFollowerState(108)) - 0dd4e32c-0382-462c-9ace-22051620c5de: shutdown 0dd4e32c-0382-462c-9ace-22051620c5de@group-7CDFDB31BB52-FollowerState
2021-08-23 23:19:48,656 [grpc-default-executor-1] INFO  impl.RoleInfo (RoleInfo.java:updateAndGet(130)) - 0dd4e32c-0382-462c-9ace-22051620c5de: start 0dd4e32c-0382-462c-9ace-22051620c5de@group-7CDFDB31BB52-FollowerState
2021-08-23 23:19:48,656 [0dd4e32c-0382-462c-9ace-22051620c5de@group-7CDFDB31BB52-FollowerState] INFO  impl.FollowerState (FollowerState.java:run(143)) - 0dd4e32c-0382-462c-9ace-22051620c5de@group-7CDFDB31BB52-FollowerState was interrupted: {}
java.lang.InterruptedException: sleep interrupted
	at java.lang.Thread.sleep(Native Method)
	at java.lang.Thread.sleep(Thread.java:340)
	at java.util.concurrent.TimeUnit.sleep(TimeUnit.java:386)
	at org.apache.ratis.util.TimeDuration.sleep(TimeDuration.java:324)
	at org.apache.ratis.util.TimeDuration.sleep(TimeDuration.java:309)
	at org.apache.ratis.server.impl.FollowerState.run(FollowerState.java:118)
2021-08-23 23:19:48,658 [grpc-default-executor-2] INFO  server.RaftServer$Division (RaftServerImpl.java:requestVote(1043)) - 094f6f25-50f7-4e1e-949d-13da2b12d5a4@group-7CDFDB31BB52: receive requestVote(ELECTION, e0c56fbf-58af-4909-99ad-16a71beee03d, group-7CDFDB31BB52, 1, (t:0, i:0))
2021-08-23 23:19:48,658 [grpc-default-executor-2] INFO  impl.VoteContext (VoteContext.java:log(48)) - 094f6f25-50f7-4e1e-949d-13da2b12d5a4@group-7CDFDB31BB52-FOLLOWER: reject ELECTION from e0c56fbf-58af-4909-99ad-16a71beee03d: our priority 1 > candidate's priority 0
2021-08-23 23:19:48,658 [grpc-default-executor-1] INFO  server.RaftServer$Division (RaftServerImpl.java:requestVote(1075)) - 0dd4e32c-0382-462c-9ace-22051620c5de@group-7CDFDB31BB52 replies to ELECTION vote request: e0c56fbf-58af-4909-99ad-16a71beee03d<-0dd4e32c-0382-462c-9ace-22051620c5de#0:OK-t1. Peer's state: 0dd4e32c-0382-462c-9ace-22051620c5de@group-7CDFDB31BB52:t1, leader=null, voted=e0c56fbf-58af-4909-99ad-16a71beee03d, raftlog=0dd4e32c-0382-462c-9ace-22051620c5de@group-7CDFDB31BB52-SegmentedRaftLog:OPENED:c-1,f-1,i0, conf=-1: [094f6f25-50f7-4e1e-949d-13da2b12d5a4|rpc:10.1.0.66:44115|dataStream:|priority:1, e0c56fbf-58af-4909-99ad-16a71beee03d|rpc:10.1.0.66:46767|dataStream:|priority:0, 0dd4e32c-0382-462c-9ace-22051620c5de|rpc:10.1.0.66:38797|dataStream:|priority:0], old=null
2021-08-23 23:19:48,658 [grpc-default-executor-2] INFO  server.RaftServer$Division (RaftServerImpl.java:setRole(285)) - 094f6f25-50f7-4e1e-949d-13da2b12d5a4@group-7CDFDB31BB52: changes role from  FOLLOWER to FOLLOWER at term 1 for candidate:e0c56fbf-58af-4909-99ad-16a71beee03d
2021-08-23 23:19:48,658 [grpc-default-executor-2] INFO  impl.RoleInfo (RoleInfo.java:shutdownFollowerState(108)) - 094f6f25-50f7-4e1e-949d-13da2b12d5a4: shutdown 094f6f25-50f7-4e1e-949d-13da2b12d5a4@group-7CDFDB31BB52-FollowerState
2021-08-23 23:19:48,658 [grpc-default-executor-2] INFO  impl.RoleInfo (RoleInfo.java:updateAndGet(130)) - 094f6f25-50f7-4e1e-949d-13da2b12d5a4: start 094f6f25-50f7-4e1e-949d-13da2b12d5a4@group-7CDFDB31BB52-FollowerState
2021-08-23 23:19:48,658 [094f6f25-50f7-4e1e-949d-13da2b12d5a4@group-7CDFDB31BB52-FollowerState] INFO  impl.FollowerState (FollowerState.java:run(143)) - 094f6f25-50f7-4e1e-949d-13da2b12d5a4@group-7CDFDB31BB52-FollowerState was interrupted: {}
java.lang.InterruptedException: sleep interrupted
	at java.lang.Thread.sleep(Native Method)
	at java.lang.Thread.sleep(Thread.java:340)
	at java.util.concurrent.TimeUnit.sleep(TimeUnit.java:386)
	at org.apache.ratis.util.TimeDuration.sleep(TimeDuration.java:324)
	at org.apache.ratis.util.TimeDuration.sleep(TimeDuration.java:309)
	at org.apache.ratis.server.impl.FollowerState.run(FollowerState.java:118)
2021-08-23 23:19:48,666 [grpc-default-executor-2] INFO  server.RaftServer$Division (RaftServerImpl.java:requestVote(1075)) - 094f6f25-50f7-4e1e-949d-13da2b12d5a4@group-7CDFDB31BB52 replies to ELECTION vote request: e0c56fbf-58af-4909-99ad-16a71beee03d<-094f6f25-50f7-4e1e-949d-13da2b12d5a4#0:FAIL-t1. Peer's state: 094f6f25-50f7-4e1e-949d-13da2b12d5a4@group-7CDFDB31BB52:t1, leader=null, voted=null, raftlog=094f6f25-50f7-4e1e-949d-13da2b12d5a4@group-7CDFDB31BB52-SegmentedRaftLog:OPENED:c-1,f-1,i0, conf=-1: [094f6f25-50f7-4e1e-949d-13da2b12d5a4|rpc:10.1.0.66:44115|dataStream:|priority:1, e0c56fbf-58af-4909-99ad-16a71beee03d|rpc:10.1.0.66:46767|dataStream:|priority:0, 0dd4e32c-0382-462c-9ace-22051620c5de|rpc:10.1.0.66:38797|dataStream:|priority:0], old=null
2021-08-23 23:19:48,668 [e0c56fbf-58af-4909-99ad-16a71beee03d@group-7CDFDB31BB52-LeaderElection11] INFO  impl.LeaderElection (LeaderElection.java:logAndReturn(89)) - e0c56fbf-58af-4909-99ad-16a71beee03d@group-7CDFDB31BB52-LeaderElection11: ELECTION REJECTED received 2 response(s) and 0 exception(s):
2021-08-23 23:19:48,668 [e0c56fbf-58af-4909-99ad-16a71beee03d@group-7CDFDB31BB52-LeaderElection11] INFO  impl.LeaderElection (LeaderElection.java:logAndReturn(93)) -   Response 0: e0c56fbf-58af-4909-99ad-16a71beee03d<-094f6f25-50f7-4e1e-949d-13da2b12d5a4#0:FAIL-t1
2021-08-23 23:19:48,668 [e0c56fbf-58af-4909-99ad-16a71beee03d@group-7CDFDB31BB52-LeaderElection11] INFO  impl.LeaderElection (LeaderElection.java:logAndReturn(93)) -   Response 1: e0c56fbf-58af-4909-99ad-16a71beee03d<-0dd4e32c-0382-462c-9ace-22051620c5de#0:OK-t1
2021-08-23 23:19:48,668 [e0c56fbf-58af-4909-99ad-16a71beee03d@group-7CDFDB31BB52-LeaderElection11] INFO  impl.LeaderElection (LeaderElection.java:askForVotes(308)) - e0c56fbf-58af-4909-99ad-16a71beee03d@group-7CDFDB31BB52-LeaderElection11 ELECTION round 0: result REJECTED
2021-08-23 23:19:48,669 [e0c56fbf-58af-4909-99ad-16a71beee03d@group-7CDFDB31BB52-LeaderElection11] INFO  server.RaftServer$Division (RaftServerImpl.java:setRole(285)) - e0c56fbf-58af-4909-99ad-16a71beee03d@group-7CDFDB31BB52: changes role from CANDIDATE to FOLLOWER at term 1 for REJECTED
2021-08-23 23:19:48,669 [e0c56fbf-58af-4909-99ad-16a71beee03d@group-7CDFDB31BB52-LeaderElection11] INFO  impl.RoleInfo (RoleInfo.java:shutdownLeaderElection(121)) - e0c56fbf-58af-4909-99ad-16a71beee03d: shutdown e0c56fbf-58af-4909-99ad-16a71beee03d@group-7CDFDB31BB52-LeaderElection11
2021-08-23 23:19:48,669 [e0c56fbf-58af-4909-99ad-16a71beee03d@group-7CDFDB31BB52-LeaderElection11] INFO  impl.RoleInfo (RoleInfo.java:updateAndGet(130)) - e0c56fbf-58af-4909-99ad-16a71beee03d: start e0c56fbf-58af-4909-99ad-16a71beee03d@group-7CDFDB31BB52-FollowerState
2021-08-23 23:19:48,725 [e0c56fbf-58af-4909-99ad-16a71beee03d@group-EEC6380267FB-FollowerState] INFO  impl.FollowerState (FollowerState.java:run(134)) - e0c56fbf-58af-4909-99ad-16a71beee03d@group-EEC6380267FB-FollowerState: change to CANDIDATE, lastRpcElapsedTime:5135998371ns, electionTimeout:5135ms
2021-08-23 23:19:48,725 [e0c56fbf-58af-4909-99ad-16a71beee03d@group-EEC6380267FB-FollowerState] INFO  impl.RoleInfo (RoleInfo.java:shutdownFollowerState(108)) - e0c56fbf-58af-4909-99ad-16a71beee03d: shutdown e0c56fbf-58af-4909-99ad-16a71beee03d@group-EEC6380267FB-FollowerState
2021-08-23 23:19:48,725 [e0c56fbf-58af-4909-99ad-16a71beee03d@group-EEC6380267FB-FollowerState] INFO  server.RaftServer$Division (RaftServerImpl.java:setRole(285)) - e0c56fbf-58af-4909-99ad-16a71beee03d@group-EEC6380267FB: changes role from  FOLLOWER to CANDIDATE at term 0 for changeToCandidate
2021-08-23 23:19:48,725 [e0c56fbf-58af-4909-99ad-16a71beee03d@group-EEC6380267FB-FollowerState] INFO  server.RaftServerConfigKeys (ConfUtils.java:logGet(44)) - raft.server.leaderelection.pre-vote = false (custom)
2021-08-23 23:19:48,726 [e0c56fbf-58af-4909-99ad-16a71beee03d@group-EEC6380267FB-FollowerState] INFO  impl.RoleInfo (RoleInfo.java:updateAndGet(130)) - e0c56fbf-58af-4909-99ad-16a71beee03d: start e0c56fbf-58af-4909-99ad-16a71beee03d@group-EEC6380267FB-LeaderElection12
2021-08-23 23:19:48,728 [e0c56fbf-58af-4909-99ad-16a71beee03d@group-EEC6380267FB-LeaderElection12] INFO  impl.LeaderElection (LeaderElection.java:askForVotes(306)) - e0c56fbf-58af-4909-99ad-16a71beee03d@group-EEC6380267FB-LeaderElection12 ELECTION round 0: submit vote requests at term 1 for -1: [e0c56fbf-58af-4909-99ad-16a71beee03d|rpc:10.1.0.66:46767|priority:1], old=null
2021-08-23 23:19:48,728 [e0c56fbf-58af-4909-99ad-16a71beee03d@group-EEC6380267FB-LeaderElection12] INFO  impl.LeaderElection (LeaderElection.java:askForVotes(308)) - e0c56fbf-58af-4909-99ad-16a71beee03d@group-EEC6380267FB-LeaderElection12 ELECTION round 0: result PASSED (term=1)
2021-08-23 23:19:48,728 [e0c56fbf-58af-4909-99ad-16a71beee03d@group-EEC6380267FB-LeaderElection12] INFO  impl.RoleInfo (RoleInfo.java:shutdownLeaderElection(121)) - e0c56fbf-58af-4909-99ad-16a71beee03d: shutdown e0c56fbf-58af-4909-99ad-16a71beee03d@group-EEC6380267FB-LeaderElection12
2021-08-23 23:19:48,728 [e0c56fbf-58af-4909-99ad-16a71beee03d@group-EEC6380267FB-LeaderElection12] INFO  server.RaftServer$Division (RaftServerImpl.java:setRole(285)) - e0c56fbf-58af-4909-99ad-16a71beee03d@group-EEC6380267FB: changes role from CANDIDATE to LEADER at term 1 for changeToLeader
2021-08-23 23:19:48,728 [e0c56fbf-58af-4909-99ad-16a71beee03d@group-EEC6380267FB-LeaderElection12] INFO  ratis.XceiverServerRatis (XceiverServerRatis.java:handleLeaderChangedNotification(861)) - Leader change notification received for group: group-EEC6380267FB with new leaderId: e0c56fbf-58af-4909-99ad-16a71beee03d
2021-08-23 23:19:48,729 [e0c56fbf-58af-4909-99ad-16a71beee03d@group-EEC6380267FB-LeaderElection12] INFO  server.RaftServer$Division (ServerState.java:setLeader(285)) - e0c56fbf-58af-4909-99ad-16a71beee03d@group-EEC6380267FB: change Leader from null to e0c56fbf-58af-4909-99ad-16a71beee03d at term 1 for becomeLeader, leader elected after 5150ms
2021-08-23 23:19:48,729 [e0c56fbf-58af-4909-99ad-16a71beee03d@group-EEC6380267FB-LeaderElection12] INFO  server.RaftServerConfigKeys (ConfUtils.java:logGet(44)) - raft.server.staging.catchup.gap = 1000 (default)
2021-08-23 23:19:48,730 [e0c56fbf-58af-4909-99ad-16a71beee03d@group-EEC6380267FB-LeaderElection12] INFO  server.RaftServerConfigKeys (ConfUtils.java:logGet(44)) - raft.server.write.element-limit = 1024 (custom)
2021-08-23 23:19:48,730 [e0c56fbf-58af-4909-99ad-16a71beee03d@group-EEC6380267FB-LeaderElection12] INFO  server.RaftServerConfigKeys (ConfUtils.java:logGet(44)) - raft.server.write.byte-limit = 1024 M (=1073741824) (custom)
2021-08-23 23:19:48,730 [e0c56fbf-58af-4909-99ad-16a71beee03d@group-EEC6380267FB-LeaderElection12] INFO  server.RaftServerConfigKeys (ConfUtils.java:logGet(44)) - raft.server.watch.timeout = 3000ms (custom)
2021-08-23 23:19:48,731 [e0c56fbf-58af-4909-99ad-16a71beee03d@group-EEC6380267FB-LeaderElection12] INFO  server.RaftServerConfigKeys (ConfUtils.java:logGet(44)) - raft.server.watch.timeout.denomination = 1s (default)
2021-08-23 23:19:48,731 [e0c56fbf-58af-4909-99ad-16a71beee03d@group-EEC6380267FB-LeaderElection12] INFO  server.RaftServerConfigKeys (ConfUtils.java:logGet(44)) - raft.server.watch.element-limit = 65536 (default)
2021-08-23 23:19:48,731 [e0c56fbf-58af-4909-99ad-16a71beee03d@group-EEC6380267FB-LeaderElection12] INFO  impl.RoleInfo (RoleInfo.java:updateAndGet(130)) - e0c56fbf-58af-4909-99ad-16a71beee03d: start e0c56fbf-58af-4909-99ad-16a71beee03d@group-EEC6380267FB-LeaderStateImpl
2021-08-23 23:19:48,731 [e0c56fbf-58af-4909-99ad-16a71beee03d@group-EEC6380267FB-LeaderElection12] INFO  segmented.SegmentedRaftLogWorker (SegmentedRaftLogWorker.java:startLogSegment(394)) - e0c56fbf-58af-4909-99ad-16a71beee03d@group-EEC6380267FB-SegmentedRaftLogWorker: Starting segment from index:0
2021-08-23 23:19:48,733 [e0c56fbf-58af-4909-99ad-16a71beee03d@group-EEC6380267FB-LeaderElection12] INFO  server.RaftServer$Division (ServerState.java:setRaftConf(387)) - e0c56fbf-58af-4909-99ad-16a71beee03d@group-EEC6380267FB: set configuration 0: [e0c56fbf-58af-4909-99ad-16a71beee03d|rpc:10.1.0.66:46767|dataStream:|priority:1], old=null
2021-08-23 23:19:48,733 [e0c56fbf-58af-4909-99ad-16a71beee03d@group-EEC6380267FB-SegmentedRaftLogWorker] INFO  segmented.SegmentedRaftLogWorker (SegmentedRaftLogWorker.java:execute(601)) - e0c56fbf-58af-4909-99ad-16a71beee03d@group-EEC6380267FB-SegmentedRaftLogWorker: created new log segment /home/runner/work/ozone/ozone/hadoop-ozone/integration-test/target/test-dir/MiniOzoneClusterImpl-994ab01d-a5c0-4516-a51a-b70458bd9cc3/datanode-6/data/ratis/9e185a9f-897c-4eb6-ab8b-eec6380267fb/current/log_inprogress_0
2021-08-23 23:19:48,895 [Listener at 127.0.0.1/36523] INFO  ozone.MiniOzoneClusterImpl (MiniOzoneClusterImpl.java:lambda$waitForClusterToBeReady$0(235)) - Nodes are ready. Got 9 of 9 DN Heartbeats.
2021-08-23 23:19:48,895 [Listener at 127.0.0.1/36523] INFO  ozone.MiniOzoneClusterImpl (MiniOzoneClusterImpl.java:lambda$waitForClusterToBeReady$0(238)) - Cluster exits safe mode
2021-08-23 23:19:48,895 [Listener at 127.0.0.1/36523] INFO  ozone.MiniOzoneClusterImpl (MiniOzoneClusterImpl.java:lambda$waitForClusterToBeReady$0(240)) - SCM became leader
2021-08-23 23:19:48,915 [094f6f25-50f7-4e1e-949d-13da2b12d5a4@group-1A8D313B1A4B-FollowerState] INFO  impl.FollowerState (FollowerState.java:run(134)) - 094f6f25-50f7-4e1e-949d-13da2b12d5a4@group-1A8D313B1A4B-FollowerState: change to CANDIDATE, lastRpcElapsedTime:5156062916ns, electionTimeout:5150ms
2021-08-23 23:19:48,915 [094f6f25-50f7-4e1e-949d-13da2b12d5a4@group-1A8D313B1A4B-FollowerState] INFO  impl.RoleInfo (RoleInfo.java:shutdownFollowerState(108)) - 094f6f25-50f7-4e1e-949d-13da2b12d5a4: shutdown 094f6f25-50f7-4e1e-949d-13da2b12d5a4@group-1A8D313B1A4B-FollowerState
2021-08-23 23:19:48,915 [094f6f25-50f7-4e1e-949d-13da2b12d5a4@group-1A8D313B1A4B-FollowerState] INFO  server.RaftServer$Division (RaftServerImpl.java:setRole(285)) - 094f6f25-50f7-4e1e-949d-13da2b12d5a4@group-1A8D313B1A4B: changes role from  FOLLOWER to CANDIDATE at term 0 for changeToCandidate
2021-08-23 23:19:48,917 [094f6f25-50f7-4e1e-949d-13da2b12d5a4@group-1A8D313B1A4B-FollowerState] INFO  server.RaftServerConfigKeys (ConfUtils.java:logGet(44)) - raft.server.leaderelection.pre-vote = false (custom)
2021-08-23 23:19:48,917 [094f6f25-50f7-4e1e-949d-13da2b12d5a4@group-1A8D313B1A4B-FollowerState] INFO  impl.RoleInfo (RoleInfo.java:updateAndGet(130)) - 094f6f25-50f7-4e1e-949d-13da2b12d5a4: start 094f6f25-50f7-4e1e-949d-13da2b12d5a4@group-1A8D313B1A4B-LeaderElection13
2021-08-23 23:19:48,932 [094f6f25-50f7-4e1e-949d-13da2b12d5a4@group-1A8D313B1A4B-LeaderElection13] INFO  impl.LeaderElection (LeaderElection.java:askForVotes(306)) - 094f6f25-50f7-4e1e-949d-13da2b12d5a4@group-1A8D313B1A4B-LeaderElection13 ELECTION round 0: submit vote requests at term 1 for -1: [094f6f25-50f7-4e1e-949d-13da2b12d5a4|rpc:10.1.0.66:44115|priority:1], old=null
2021-08-23 23:19:48,932 [094f6f25-50f7-4e1e-949d-13da2b12d5a4@group-1A8D313B1A4B-LeaderElection13] INFO  impl.LeaderElection (LeaderElection.java:askForVotes(308)) - 094f6f25-50f7-4e1e-949d-13da2b12d5a4@group-1A8D313B1A4B-LeaderElection13 ELECTION round 0: result PASSED (term=1)
2021-08-23 23:19:48,932 [094f6f25-50f7-4e1e-949d-13da2b12d5a4@group-1A8D313B1A4B-LeaderElection13] INFO  impl.RoleInfo (RoleInfo.java:shutdownLeaderElection(121)) - 094f6f25-50f7-4e1e-949d-13da2b12d5a4: shutdown 094f6f25-50f7-4e1e-949d-13da2b12d5a4@group-1A8D313B1A4B-LeaderElection13
2021-08-23 23:19:48,933 [094f6f25-50f7-4e1e-949d-13da2b12d5a4@group-1A8D313B1A4B-LeaderElection13] INFO  server.RaftServer$Division (RaftServerImpl.java:setRole(285)) - 094f6f25-50f7-4e1e-949d-13da2b12d5a4@group-1A8D313B1A4B: changes role from CANDIDATE to LEADER at term 1 for changeToLeader
2021-08-23 23:19:48,933 [094f6f25-50f7-4e1e-949d-13da2b12d5a4@group-1A8D313B1A4B-LeaderElection13] INFO  ratis.XceiverServerRatis (XceiverServerRatis.java:handleLeaderChangedNotification(861)) - Leader change notification received for group: group-1A8D313B1A4B with new leaderId: 094f6f25-50f7-4e1e-949d-13da2b12d5a4
2021-08-23 23:19:48,933 [094f6f25-50f7-4e1e-949d-13da2b12d5a4@group-1A8D313B1A4B-LeaderElection13] INFO  server.RaftServer$Division (ServerState.java:setLeader(285)) - 094f6f25-50f7-4e1e-949d-13da2b12d5a4@group-1A8D313B1A4B: change Leader from null to 094f6f25-50f7-4e1e-949d-13da2b12d5a4 at term 1 for becomeLeader, leader elected after 5181ms
2021-08-23 23:19:48,933 [094f6f25-50f7-4e1e-949d-13da2b12d5a4@group-1A8D313B1A4B-LeaderElection13] INFO  server.RaftServerConfigKeys (ConfUtils.java:logGet(44)) - raft.server.staging.catchup.gap = 1000 (default)
2021-08-23 23:19:48,933 [094f6f25-50f7-4e1e-949d-13da2b12d5a4@group-1A8D313B1A4B-LeaderElection13] INFO  server.RaftServerConfigKeys (ConfUtils.java:logGet(44)) - raft.server.write.element-limit = 1024 (custom)
2021-08-23 23:19:48,933 [Datanode State Machine Thread - 0] WARN  statemachine.StateContext (StateContext.java:execute(621)) - No available thread in pool for past 1 seconds.
2021-08-23 23:19:48,933 [094f6f25-50f7-4e1e-949d-13da2b12d5a4@group-1A8D313B1A4B-LeaderElection13] INFO  server.RaftServerConfigKeys (ConfUtils.java:logGet(44)) - raft.server.write.byte-limit = 1024 M (=1073741824) (custom)
2021-08-23 23:19:48,934 [094f6f25-50f7-4e1e-949d-13da2b12d5a4@group-1A8D313B1A4B-LeaderElection13] INFO  server.RaftServerConfigKeys (ConfUtils.java:logGet(44)) - raft.server.watch.timeout = 3000ms (custom)
2021-08-23 23:19:48,934 [094f6f25-50f7-4e1e-949d-13da2b12d5a4@group-1A8D313B1A4B-LeaderElection13] INFO  server.RaftServerConfigKeys (ConfUtils.java:logGet(44)) - raft.server.watch.timeout.denomination = 1s (default)
2021-08-23 23:19:48,934 [094f6f25-50f7-4e1e-949d-13da2b12d5a4@group-1A8D313B1A4B-LeaderElection13] INFO  server.RaftServerConfigKeys (ConfUtils.java:logGet(44)) - raft.server.watch.element-limit = 65536 (default)
2021-08-23 23:19:48,934 [094f6f25-50f7-4e1e-949d-13da2b12d5a4@group-1A8D313B1A4B-LeaderElection13] INFO  impl.RoleInfo (RoleInfo.java:updateAndGet(130)) - 094f6f25-50f7-4e1e-949d-13da2b12d5a4: start 094f6f25-50f7-4e1e-949d-13da2b12d5a4@group-1A8D313B1A4B-LeaderStateImpl
2021-08-23 23:19:48,934 [094f6f25-50f7-4e1e-949d-13da2b12d5a4@group-1A8D313B1A4B-LeaderElection13] INFO  segmented.SegmentedRaftLogWorker (SegmentedRaftLogWorker.java:startLogSegment(394)) - 094f6f25-50f7-4e1e-949d-13da2b12d5a4@group-1A8D313B1A4B-SegmentedRaftLogWorker: Starting segment from index:0
2021-08-23 23:19:48,937 [094f6f25-50f7-4e1e-949d-13da2b12d5a4@group-1A8D313B1A4B-SegmentedRaftLogWorker] INFO  segmented.SegmentedRaftLogWorker (SegmentedRaftLogWorker.java:execute(601)) - 094f6f25-50f7-4e1e-949d-13da2b12d5a4@group-1A8D313B1A4B-SegmentedRaftLogWorker: created new log segment /home/runner/work/ozone/ozone/hadoop-ozone/integration-test/target/test-dir/MiniOzoneClusterImpl-994ab01d-a5c0-4516-a51a-b70458bd9cc3/datanode-7/data/ratis/36fbc433-278b-4df9-ae58-1a8d313b1a4b/current/log_inprogress_0
2021-08-23 23:19:48,941 [094f6f25-50f7-4e1e-949d-13da2b12d5a4@group-1A8D313B1A4B-LeaderElection13] INFO  server.RaftServer$Division (ServerState.java:setRaftConf(387)) - 094f6f25-50f7-4e1e-949d-13da2b12d5a4@group-1A8D313B1A4B: set configuration 0: [094f6f25-50f7-4e1e-949d-13da2b12d5a4|rpc:10.1.0.66:44115|dataStream:|priority:1], old=null
2021-08-23 23:19:48,956 [0dd4e32c-0382-462c-9ace-22051620c5de@group-847F673905BC-FollowerState] INFO  impl.FollowerState (FollowerState.java:run(134)) - 0dd4e32c-0382-462c-9ace-22051620c5de@group-847F673905BC-FollowerState: change to CANDIDATE, lastRpcElapsedTime:5046077068ns, electionTimeout:5044ms
2021-08-23 23:19:48,956 [0dd4e32c-0382-462c-9ace-22051620c5de@group-847F673905BC-FollowerState] INFO  impl.RoleInfo (RoleInfo.java:shutdownFollowerState(108)) - 0dd4e32c-0382-462c-9ace-22051620c5de: shutdown 0dd4e32c-0382-462c-9ace-22051620c5de@group-847F673905BC-FollowerState
2021-08-23 23:19:48,956 [0dd4e32c-0382-462c-9ace-22051620c5de@group-847F673905BC-FollowerState] INFO  server.RaftServer$Division (RaftServerImpl.java:setRole(285)) - 0dd4e32c-0382-462c-9ace-22051620c5de@group-847F673905BC: changes role from  FOLLOWER to CANDIDATE at term 0 for changeToCandidate
2021-08-23 23:19:48,958 [0dd4e32c-0382-462c-9ace-22051620c5de@group-847F673905BC-FollowerState] INFO  server.RaftServerConfigKeys (ConfUtils.java:logGet(44)) - raft.server.leaderelection.pre-vote = false (custom)
2021-08-23 23:19:48,958 [0dd4e32c-0382-462c-9ace-22051620c5de@group-847F673905BC-FollowerState] INFO  impl.RoleInfo (RoleInfo.java:updateAndGet(130)) - 0dd4e32c-0382-462c-9ace-22051620c5de: start 0dd4e32c-0382-462c-9ace-22051620c5de@group-847F673905BC-LeaderElection14
2021-08-23 23:19:48,972 [0dd4e32c-0382-462c-9ace-22051620c5de@group-847F673905BC-LeaderElection14] INFO  impl.LeaderElection (LeaderElection.java:askForVotes(306)) - 0dd4e32c-0382-462c-9ace-22051620c5de@group-847F673905BC-LeaderElection14 ELECTION round 0: submit vote requests at term 1 for -1: [0dd4e32c-0382-462c-9ace-22051620c5de|rpc:10.1.0.66:38797|priority:1], old=null
2021-08-23 23:19:48,972 [0dd4e32c-0382-462c-9ace-22051620c5de@group-847F673905BC-LeaderElection14] INFO  impl.LeaderElection (LeaderElection.java:askForVotes(308)) - 0dd4e32c-0382-462c-9ace-22051620c5de@group-847F673905BC-LeaderElection14 ELECTION round 0: result PASSED (term=1)
2021-08-23 23:19:48,972 [0dd4e32c-0382-462c-9ace-22051620c5de@group-847F673905BC-LeaderElection14] INFO  impl.RoleInfo (RoleInfo.java:shutdownLeaderElection(121)) - 0dd4e32c-0382-462c-9ace-22051620c5de: shutdown 0dd4e32c-0382-462c-9ace-22051620c5de@group-847F673905BC-LeaderElection14
2021-08-23 23:19:48,972 [0dd4e32c-0382-462c-9ace-22051620c5de@group-847F673905BC-LeaderElection14] INFO  server.RaftServer$Division (RaftServerImpl.java:setRole(285)) - 0dd4e32c-0382-462c-9ace-22051620c5de@group-847F673905BC: changes role from CANDIDATE to LEADER at term 1 for changeToLeader
2021-08-23 23:19:48,972 [0dd4e32c-0382-462c-9ace-22051620c5de@group-847F673905BC-LeaderElection14] INFO  ratis.XceiverServerRatis (XceiverServerRatis.java:handleLeaderChangedNotification(861)) - Leader change notification received for group: group-847F673905BC with new leaderId: 0dd4e32c-0382-462c-9ace-22051620c5de
2021-08-23 23:19:48,972 [0dd4e32c-0382-462c-9ace-22051620c5de@group-847F673905BC-LeaderElection14] INFO  server.RaftServer$Division (ServerState.java:setLeader(285)) - 0dd4e32c-0382-462c-9ace-22051620c5de@group-847F673905BC: change Leader from null to 0dd4e32c-0382-462c-9ace-22051620c5de at term 1 for becomeLeader, leader elected after 5074ms
2021-08-23 23:19:48,972 [0dd4e32c-0382-462c-9ace-22051620c5de@group-847F673905BC-LeaderElection14] INFO  server.RaftServerConfigKeys (ConfUtils.java:logGet(44)) - raft.server.staging.catchup.gap = 1000 (default)
2021-08-23 23:19:48,973 [0dd4e32c-0382-462c-9ace-22051620c5de@group-847F673905BC-LeaderElection14] INFO  server.RaftServerConfigKeys (ConfUtils.java:logGet(44)) - raft.server.write.element-limit = 1024 (custom)
2021-08-23 23:19:48,973 [0dd4e32c-0382-462c-9ace-22051620c5de@group-847F673905BC-LeaderElection14] INFO  server.RaftServerConfigKeys (ConfUtils.java:logGet(44)) - raft.server.write.byte-limit = 1024 M (=1073741824) (custom)
2021-08-23 23:19:48,973 [0dd4e32c-0382-462c-9ace-22051620c5de@group-847F673905BC-LeaderElection14] INFO  server.RaftServerConfigKeys (ConfUtils.java:logGet(44)) - raft.server.watch.timeout = 3000ms (custom)
2021-08-23 23:19:48,973 [0dd4e32c-0382-462c-9ace-22051620c5de@group-847F673905BC-LeaderElection14] INFO  server.RaftServerConfigKeys (ConfUtils.java:logGet(44)) - raft.server.watch.timeout.denomination = 1s (default)
2021-08-23 23:19:48,973 [0dd4e32c-0382-462c-9ace-22051620c5de@group-847F673905BC-LeaderElection14] INFO  server.RaftServerConfigKeys (ConfUtils.java:logGet(44)) - raft.server.watch.element-limit = 65536 (default)
2021-08-23 23:19:48,973 [0dd4e32c-0382-462c-9ace-22051620c5de@group-847F673905BC-LeaderElection14] INFO  impl.RoleInfo (RoleInfo.java:updateAndGet(130)) - 0dd4e32c-0382-462c-9ace-22051620c5de: start 0dd4e32c-0382-462c-9ace-22051620c5de@group-847F673905BC-LeaderStateImpl
2021-08-23 23:19:48,973 [0dd4e32c-0382-462c-9ace-22051620c5de@group-847F673905BC-LeaderElection14] INFO  segmented.SegmentedRaftLogWorker (SegmentedRaftLogWorker.java:startLogSegment(394)) - 0dd4e32c-0382-462c-9ace-22051620c5de@group-847F673905BC-SegmentedRaftLogWorker: Starting segment from index:0
2021-08-23 23:19:48,974 [Datanode State Machine Thread - 0] WARN  statemachine.StateContext (StateContext.java:execute(621)) - No available thread in pool for past 1 seconds.
2021-08-23 23:19:48,975 [0dd4e32c-0382-462c-9ace-22051620c5de@group-847F673905BC-SegmentedRaftLogWorker] INFO  segmented.SegmentedRaftLogWorker (SegmentedRaftLogWorker.java:execute(601)) - 0dd4e32c-0382-462c-9ace-22051620c5de@group-847F673905BC-SegmentedRaftLogWorker: created new log segment /home/runner/work/ozone/ozone/hadoop-ozone/integration-test/target/test-dir/MiniOzoneClusterImpl-994ab01d-a5c0-4516-a51a-b70458bd9cc3/datanode-8/data/ratis/44800551-6f8b-4d35-a4dd-847f673905bc/current/log_inprogress_0
2021-08-23 23:19:48,981 [0dd4e32c-0382-462c-9ace-22051620c5de@group-847F673905BC-LeaderElection14] INFO  server.RaftServer$Division (ServerState.java:setRaftConf(387)) - 0dd4e32c-0382-462c-9ace-22051620c5de@group-847F673905BC: set configuration 0: [0dd4e32c-0382-462c-9ace-22051620c5de|rpc:10.1.0.66:38797|dataStream:|priority:1], old=null
2021-08-23 23:19:49,375 [Listener at 127.0.0.1/36523] INFO  rpc.RpcClient (RpcClient.java:createVolume(342)) - Creating Volume: watchforcommithandlingtest, with runner as owner and space quota set to -1 bytes, counts quota set to -1
2021-08-23 23:19:49,427 [OM StateMachine ApplyTransaction Thread - 0] INFO  volume.OMVolumeCreateRequest (OMVolumeCreateRequest.java:validateAndUpdateCache(195)) - created volume:watchforcommithandlingtest for user:runner
2021-08-23 23:19:49,463 [Listener at 127.0.0.1/36523] INFO  rpc.RpcClient (RpcClient.java:createBucket(502)) - Creating Bucket: watchforcommithandlingtest/watchforcommithandlingtest, with Versioning false and Storage Type set to DISK and Encryption set to false 
2021-08-23 23:19:49,489 [Listener at 127.0.0.1/36523] INFO  ozone.MiniOzoneClusterImpl (MiniOzoneClusterImpl.java:getStorageContainerLocationClient(346)) - Creating StorageContainerLocationProtocol RPC client with address /0.0.0.0:46245
2021-08-23 23:19:49,524 [IPC Server handler 0 on default port 40817] INFO  ha.SequenceIdGenerator (SequenceIdGenerator.java:getNextId(127)) - Allocate a batch for containerId, change lastId from 0 to 1000.
2021-08-23 23:19:49,534 [IPC Server handler 0 on default port 40817] WARN  ha.SequenceIdGenerator (SequenceIdGenerator.java:allocateBatch(234)) - Failed to allocate a batch for localId, expected lastId is 0, actual lastId is 107544261427200000.
2021-08-23 23:19:49,534 [IPC Server handler 0 on default port 40817] INFO  ha.SequenceIdGenerator (SequenceIdGenerator.java:getNextId(127)) - Allocate a batch for localId, change lastId from 107544261427200000 to 107544261427201000.
2021-08-23 23:19:49,598 [Listener at 127.0.0.1/36523] INFO  impl.MetricsSystemImpl (MetricsSystemImpl.java:init(158)) - XceiverClientMetrics metrics system started (again)
2021-08-23 23:19:52,571 [e06506bb-c7c9-4174-8cff-a1658cd313af@group-95F9150AC8B5-FollowerState] INFO  impl.FollowerState (FollowerState.java:run(134)) - e06506bb-c7c9-4174-8cff-a1658cd313af@group-95F9150AC8B5-FollowerState: change to CANDIDATE, lastRpcElapsedTime:5139349382ns, electionTimeout:5136ms
2021-08-23 23:19:52,571 [e06506bb-c7c9-4174-8cff-a1658cd313af@group-95F9150AC8B5-FollowerState] INFO  impl.RoleInfo (RoleInfo.java:shutdownFollowerState(108)) - e06506bb-c7c9-4174-8cff-a1658cd313af: shutdown e06506bb-c7c9-4174-8cff-a1658cd313af@group-95F9150AC8B5-FollowerState
2021-08-23 23:19:52,571 [e06506bb-c7c9-4174-8cff-a1658cd313af@group-95F9150AC8B5-FollowerState] INFO  server.RaftServer$Division (RaftServerImpl.java:setRole(285)) - e06506bb-c7c9-4174-8cff-a1658cd313af@group-95F9150AC8B5: changes role from  FOLLOWER to CANDIDATE at term 1 for changeToCandidate
2021-08-23 23:19:52,571 [e06506bb-c7c9-4174-8cff-a1658cd313af@group-95F9150AC8B5-FollowerState] INFO  server.RaftServerConfigKeys (ConfUtils.java:logGet(44)) - raft.server.leaderelection.pre-vote = false (custom)
2021-08-23 23:19:52,572 [e06506bb-c7c9-4174-8cff-a1658cd313af@group-95F9150AC8B5-FollowerState] INFO  impl.RoleInfo (RoleInfo.java:updateAndGet(130)) - e06506bb-c7c9-4174-8cff-a1658cd313af: start e06506bb-c7c9-4174-8cff-a1658cd313af@group-95F9150AC8B5-LeaderElection15
2021-08-23 23:19:52,573 [e06506bb-c7c9-4174-8cff-a1658cd313af@group-95F9150AC8B5-LeaderElection15] INFO  impl.LeaderElection (LeaderElection.java:askForVotes(306)) - e06506bb-c7c9-4174-8cff-a1658cd313af@group-95F9150AC8B5-LeaderElection15 ELECTION round 0: submit vote requests at term 2 for -1: [d8835383-dea3-45d4-b6e3-f656da7478fb|rpc:10.1.0.66:44819|dataStream:|priority:0, e06506bb-c7c9-4174-8cff-a1658cd313af|rpc:10.1.0.66:35525|dataStream:|priority:1, bf8c8c9e-9c71-482e-9792-8d809f4c5fef|rpc:10.1.0.66:33119|dataStream:|priority:0], old=null
2021-08-23 23:19:52,589 [grpc-default-executor-2] INFO  server.RaftServer$Division (RaftServerImpl.java:requestVote(1043)) - bf8c8c9e-9c71-482e-9792-8d809f4c5fef@group-95F9150AC8B5: receive requestVote(ELECTION, e06506bb-c7c9-4174-8cff-a1658cd313af, group-95F9150AC8B5, 2, (t:0, i:0))
2021-08-23 23:19:52,589 [grpc-default-executor-2] INFO  impl.VoteContext (VoteContext.java:log(48)) - bf8c8c9e-9c71-482e-9792-8d809f4c5fef@group-95F9150AC8B5-FOLLOWER: accept ELECTION from e06506bb-c7c9-4174-8cff-a1658cd313af: our priority 0 <= candidate's priority 1
2021-08-23 23:19:52,590 [grpc-default-executor-2] INFO  server.RaftServer$Division (RaftServerImpl.java:setRole(285)) - bf8c8c9e-9c71-482e-9792-8d809f4c5fef@group-95F9150AC8B5: changes role from  FOLLOWER to FOLLOWER at term 2 for candidate:e06506bb-c7c9-4174-8cff-a1658cd313af
2021-08-23 23:19:52,590 [grpc-default-executor-2] INFO  impl.RoleInfo (RoleInfo.java:shutdownFollowerState(108)) - bf8c8c9e-9c71-482e-9792-8d809f4c5fef: shutdown bf8c8c9e-9c71-482e-9792-8d809f4c5fef@group-95F9150AC8B5-FollowerState
2021-08-23 23:19:52,590 [grpc-default-executor-2] INFO  impl.RoleInfo (RoleInfo.java:updateAndGet(130)) - bf8c8c9e-9c71-482e-9792-8d809f4c5fef: start bf8c8c9e-9c71-482e-9792-8d809f4c5fef@group-95F9150AC8B5-FollowerState
2021-08-23 23:19:52,590 [bf8c8c9e-9c71-482e-9792-8d809f4c5fef@group-95F9150AC8B5-FollowerState] INFO  impl.FollowerState (FollowerState.java:run(143)) - bf8c8c9e-9c71-482e-9792-8d809f4c5fef@group-95F9150AC8B5-FollowerState was interrupted: {}
java.lang.InterruptedException: sleep interrupted
	at java.lang.Thread.sleep(Native Method)
	at java.lang.Thread.sleep(Thread.java:340)
	at java.util.concurrent.TimeUnit.sleep(TimeUnit.java:386)
	at org.apache.ratis.util.TimeDuration.sleep(TimeDuration.java:324)
	at org.apache.ratis.util.TimeDuration.sleep(TimeDuration.java:309)
	at org.apache.ratis.server.impl.FollowerState.run(FollowerState.java:118)
2021-08-23 23:19:52,593 [grpc-default-executor-1] INFO  server.RaftServer$Division (RaftServerImpl.java:requestVote(1043)) - d8835383-dea3-45d4-b6e3-f656da7478fb@group-95F9150AC8B5: receive requestVote(ELECTION, e06506bb-c7c9-4174-8cff-a1658cd313af, group-95F9150AC8B5, 2, (t:0, i:0))
2021-08-23 23:19:52,593 [grpc-default-executor-1] INFO  impl.VoteContext (VoteContext.java:log(48)) - d8835383-dea3-45d4-b6e3-f656da7478fb@group-95F9150AC8B5-FOLLOWER: accept ELECTION from e06506bb-c7c9-4174-8cff-a1658cd313af: our priority 0 <= candidate's priority 1
2021-08-23 23:19:52,593 [grpc-default-executor-1] INFO  server.RaftServer$Division (RaftServerImpl.java:setRole(285)) - d8835383-dea3-45d4-b6e3-f656da7478fb@group-95F9150AC8B5: changes role from  FOLLOWER to FOLLOWER at term 2 for candidate:e06506bb-c7c9-4174-8cff-a1658cd313af
2021-08-23 23:19:52,593 [grpc-default-executor-1] INFO  impl.RoleInfo (RoleInfo.java:shutdownFollowerState(108)) - d8835383-dea3-45d4-b6e3-f656da7478fb: shutdown d8835383-dea3-45d4-b6e3-f656da7478fb@group-95F9150AC8B5-FollowerState
2021-08-23 23:19:52,593 [grpc-default-executor-1] INFO  impl.RoleInfo (RoleInfo.java:updateAndGet(130)) - d8835383-dea3-45d4-b6e3-f656da7478fb: start d8835383-dea3-45d4-b6e3-f656da7478fb@group-95F9150AC8B5-FollowerState
2021-08-23 23:19:52,593 [d8835383-dea3-45d4-b6e3-f656da7478fb@group-95F9150AC8B5-FollowerState] INFO  impl.FollowerState (FollowerState.java:run(143)) - d8835383-dea3-45d4-b6e3-f656da7478fb@group-95F9150AC8B5-FollowerState was interrupted: {}
java.lang.InterruptedException: sleep interrupted
	at java.lang.Thread.sleep(Native Method)
	at java.lang.Thread.sleep(Thread.java:340)
	at java.util.concurrent.TimeUnit.sleep(TimeUnit.java:386)
	at org.apache.ratis.util.TimeDuration.sleep(TimeDuration.java:324)
	at org.apache.ratis.util.TimeDuration.sleep(TimeDuration.java:309)
	at org.apache.ratis.server.impl.FollowerState.run(FollowerState.java:118)
2021-08-23 23:19:52,592 [grpc-default-executor-2] INFO  server.RaftServer$Division (RaftServerImpl.java:requestVote(1075)) - bf8c8c9e-9c71-482e-9792-8d809f4c5fef@group-95F9150AC8B5 replies to ELECTION vote request: e06506bb-c7c9-4174-8cff-a1658cd313af<-bf8c8c9e-9c71-482e-9792-8d809f4c5fef#0:OK-t2. Peer's state: bf8c8c9e-9c71-482e-9792-8d809f4c5fef@group-95F9150AC8B5:t2, leader=null, voted=e06506bb-c7c9-4174-8cff-a1658cd313af, raftlog=bf8c8c9e-9c71-482e-9792-8d809f4c5fef@group-95F9150AC8B5-SegmentedRaftLog:OPENED:c-1,f-1,i0, conf=-1: [d8835383-dea3-45d4-b6e3-f656da7478fb|rpc:10.1.0.66:44819|priority:0, e06506bb-c7c9-4174-8cff-a1658cd313af|rpc:10.1.0.66:35525|priority:1, bf8c8c9e-9c71-482e-9792-8d809f4c5fef|rpc:10.1.0.66:33119|priority:0], old=null
2021-08-23 23:19:52,595 [e06506bb-c7c9-4174-8cff-a1658cd313af@group-95F9150AC8B5-LeaderElection15] INFO  impl.LeaderElection (LeaderElection.java:logAndReturn(89)) - e06506bb-c7c9-4174-8cff-a1658cd313af@group-95F9150AC8B5-LeaderElection15: ELECTION PASSED received 1 response(s) and 0 exception(s):
2021-08-23 23:19:52,595 [e06506bb-c7c9-4174-8cff-a1658cd313af@group-95F9150AC8B5-LeaderElection15] INFO  impl.LeaderElection (LeaderElection.java:logAndReturn(93)) -   Response 0: e06506bb-c7c9-4174-8cff-a1658cd313af<-bf8c8c9e-9c71-482e-9792-8d809f4c5fef#0:OK-t2
2021-08-23 23:19:52,595 [e06506bb-c7c9-4174-8cff-a1658cd313af@group-95F9150AC8B5-LeaderElection15] INFO  impl.LeaderElection (LeaderElection.java:askForVotes(308)) - e06506bb-c7c9-4174-8cff-a1658cd313af@group-95F9150AC8B5-LeaderElection15 ELECTION round 0: result PASSED
2021-08-23 23:19:52,595 [grpc-default-executor-1] INFO  server.RaftServer$Division (RaftServerImpl.java:requestVote(1075)) - d8835383-dea3-45d4-b6e3-f656da7478fb@group-95F9150AC8B5 replies to ELECTION vote request: e06506bb-c7c9-4174-8cff-a1658cd313af<-d8835383-dea3-45d4-b6e3-f656da7478fb#0:OK-t2. Peer's state: d8835383-dea3-45d4-b6e3-f656da7478fb@group-95F9150AC8B5:t2, leader=null, voted=e06506bb-c7c9-4174-8cff-a1658cd313af, raftlog=d8835383-dea3-45d4-b6e3-f656da7478fb@group-95F9150AC8B5-SegmentedRaftLog:OPENED:c-1,f-1,i0, conf=-1: [d8835383-dea3-45d4-b6e3-f656da7478fb|rpc:10.1.0.66:44819|priority:0, e06506bb-c7c9-4174-8cff-a1658cd313af|rpc:10.1.0.66:35525|priority:1, bf8c8c9e-9c71-482e-9792-8d809f4c5fef|rpc:10.1.0.66:33119|priority:0], old=null
2021-08-23 23:19:52,595 [e06506bb-c7c9-4174-8cff-a1658cd313af@group-95F9150AC8B5-LeaderElection15] INFO  impl.RoleInfo (RoleInfo.java:shutdownLeaderElection(121)) - e06506bb-c7c9-4174-8cff-a1658cd313af: shutdown e06506bb-c7c9-4174-8cff-a1658cd313af@group-95F9150AC8B5-LeaderElection15
2021-08-23 23:19:52,596 [e06506bb-c7c9-4174-8cff-a1658cd313af@group-95F9150AC8B5-LeaderElection15] INFO  server.RaftServer$Division (RaftServerImpl.java:setRole(285)) - e06506bb-c7c9-4174-8cff-a1658cd313af@group-95F9150AC8B5: changes role from CANDIDATE to LEADER at term 2 for changeToLeader
2021-08-23 23:19:52,596 [e06506bb-c7c9-4174-8cff-a1658cd313af@group-95F9150AC8B5-LeaderElection15] INFO  ratis.XceiverServerRatis (XceiverServerRatis.java:handleLeaderChangedNotification(861)) - Leader change notification received for group: group-95F9150AC8B5 with new leaderId: e06506bb-c7c9-4174-8cff-a1658cd313af
2021-08-23 23:19:52,596 [e06506bb-c7c9-4174-8cff-a1658cd313af@group-95F9150AC8B5-LeaderElection15] INFO  server.RaftServer$Division (ServerState.java:setLeader(285)) - e06506bb-c7c9-4174-8cff-a1658cd313af@group-95F9150AC8B5: change Leader from null to e06506bb-c7c9-4174-8cff-a1658cd313af at term 2 for becomeLeader, leader elected after 9828ms
2021-08-23 23:19:52,596 [e06506bb-c7c9-4174-8cff-a1658cd313af@group-95F9150AC8B5-LeaderElection15] INFO  server.RaftServerConfigKeys (ConfUtils.java:logGet(44)) - raft.server.staging.catchup.gap = 1000 (default)
2021-08-23 23:19:52,596 [e06506bb-c7c9-4174-8cff-a1658cd313af@group-95F9150AC8B5-LeaderElection15] INFO  server.RaftServerConfigKeys (ConfUtils.java:logGet(44)) - raft.server.write.element-limit = 1024 (custom)
2021-08-23 23:19:52,597 [e06506bb-c7c9-4174-8cff-a1658cd313af@group-95F9150AC8B5-LeaderElection15] INFO  server.RaftServerConfigKeys (ConfUtils.java:logGet(44)) - raft.server.write.byte-limit = 1024 M (=1073741824) (custom)
2021-08-23 23:19:52,597 [Datanode State Machine Thread - 0] WARN  statemachine.StateContext (StateContext.java:execute(621)) - No available thread in pool for past 1 seconds.
2021-08-23 23:19:52,597 [e06506bb-c7c9-4174-8cff-a1658cd313af@group-95F9150AC8B5-LeaderElection15] INFO  server.RaftServerConfigKeys (ConfUtils.java:logGet(44)) - raft.server.watch.timeout = 3000ms (custom)
2021-08-23 23:19:52,598 [e06506bb-c7c9-4174-8cff-a1658cd313af@group-95F9150AC8B5-LeaderElection15] INFO  server.RaftServerConfigKeys (ConfUtils.java:logGet(44)) - raft.server.watch.timeout.denomination = 1s (default)
2021-08-23 23:19:52,598 [e06506bb-c7c9-4174-8cff-a1658cd313af@group-95F9150AC8B5-LeaderElection15] INFO  server.RaftServerConfigKeys (ConfUtils.java:logGet(44)) - raft.server.watch.element-limit = 65536 (default)
2021-08-23 23:19:52,598 [e06506bb-c7c9-4174-8cff-a1658cd313af@group-95F9150AC8B5-LeaderElection15] INFO  server.RaftServerConfigKeys (ConfUtils.java:logGet(44)) - raft.server.log.appender.snapshot.chunk.size.max = 16MB (=16777216) (default)
2021-08-23 23:19:52,598 [e06506bb-c7c9-4174-8cff-a1658cd313af@group-95F9150AC8B5-LeaderElection15] INFO  server.RaftServerConfigKeys (ConfUtils.java:logGet(44)) - raft.server.log.appender.buffer.byte-limit = 33554432 (custom)
2021-08-23 23:19:52,598 [e06506bb-c7c9-4174-8cff-a1658cd313af@group-95F9150AC8B5-LeaderElection15] INFO  server.RaftServerConfigKeys (ConfUtils.java:logGet(44)) - raft.server.log.appender.buffer.element-limit = 1 (custom)
2021-08-23 23:19:52,598 [e06506bb-c7c9-4174-8cff-a1658cd313af@group-95F9150AC8B5-LeaderElection15] INFO  grpc.GrpcConfigKeys (ConfUtils.java:logGet(44)) - raft.grpc.server.leader.outstanding.appends.max = 128 (default)
2021-08-23 23:19:52,600 [e06506bb-c7c9-4174-8cff-a1658cd313af@group-95F9150AC8B5-LeaderElection15] INFO  server.RaftServerConfigKeys (ConfUtils.java:logGet(44)) - raft.server.rpc.request.timeout = 3000ms (default)
2021-08-23 23:19:52,600 [e06506bb-c7c9-4174-8cff-a1658cd313af@group-95F9150AC8B5-LeaderElection15] INFO  server.RaftServerConfigKeys (ConfUtils.java:logGet(44)) - raft.server.log.appender.install.snapshot.enabled = false (custom)
2021-08-23 23:19:52,601 [e06506bb-c7c9-4174-8cff-a1658cd313af@group-95F9150AC8B5-LeaderElection15] INFO  server.RaftServerConfigKeys (ConfUtils.java:logGet(44)) - raft.server.log.appender.snapshot.chunk.size.max = 16MB (=16777216) (default)
2021-08-23 23:19:52,601 [e06506bb-c7c9-4174-8cff-a1658cd313af@group-95F9150AC8B5-LeaderElection15] INFO  server.RaftServerConfigKeys (ConfUtils.java:logGet(44)) - raft.server.log.appender.buffer.byte-limit = 33554432 (custom)
2021-08-23 23:19:52,601 [e06506bb-c7c9-4174-8cff-a1658cd313af@group-95F9150AC8B5-LeaderElection15] INFO  server.RaftServerConfigKeys (ConfUtils.java:logGet(44)) - raft.server.log.appender.buffer.element-limit = 1 (custom)
2021-08-23 23:19:52,601 [e06506bb-c7c9-4174-8cff-a1658cd313af@group-95F9150AC8B5-LeaderElection15] INFO  grpc.GrpcConfigKeys (ConfUtils.java:logGet(44)) - raft.grpc.server.leader.outstanding.appends.max = 128 (default)
2021-08-23 23:19:52,601 [e06506bb-c7c9-4174-8cff-a1658cd313af@group-95F9150AC8B5-LeaderElection15] INFO  server.RaftServerConfigKeys (ConfUtils.java:logGet(44)) - raft.server.rpc.request.timeout = 3000ms (default)
2021-08-23 23:19:52,601 [e06506bb-c7c9-4174-8cff-a1658cd313af@group-95F9150AC8B5-LeaderElection15] INFO  server.RaftServerConfigKeys (ConfUtils.java:logGet(44)) - raft.server.log.appender.install.snapshot.enabled = false (custom)
2021-08-23 23:19:52,602 [e06506bb-c7c9-4174-8cff-a1658cd313af@group-95F9150AC8B5-LeaderElection15] INFO  impl.RoleInfo (RoleInfo.java:updateAndGet(130)) - e06506bb-c7c9-4174-8cff-a1658cd313af: start e06506bb-c7c9-4174-8cff-a1658cd313af@group-95F9150AC8B5-LeaderStateImpl
2021-08-23 23:19:52,603 [e06506bb-c7c9-4174-8cff-a1658cd313af@group-95F9150AC8B5-LeaderElection15] INFO  segmented.SegmentedRaftLogWorker (SegmentedRaftLogWorker.java:startLogSegment(394)) - e06506bb-c7c9-4174-8cff-a1658cd313af@group-95F9150AC8B5-SegmentedRaftLogWorker: Starting segment from index:0
2021-08-23 23:19:52,609 [e06506bb-c7c9-4174-8cff-a1658cd313af@group-95F9150AC8B5-LeaderElection15] INFO  server.RaftServer$Division (ServerState.java:setRaftConf(387)) - e06506bb-c7c9-4174-8cff-a1658cd313af@group-95F9150AC8B5: set configuration 0: [d8835383-dea3-45d4-b6e3-f656da7478fb|rpc:10.1.0.66:44819|dataStream:|priority:0, e06506bb-c7c9-4174-8cff-a1658cd313af|rpc:10.1.0.66:35525|dataStream:|priority:1, bf8c8c9e-9c71-482e-9792-8d809f4c5fef|rpc:10.1.0.66:33119|dataStream:|priority:0], old=null
2021-08-23 23:19:52,610 [e06506bb-c7c9-4174-8cff-a1658cd313af@group-95F9150AC8B5-SegmentedRaftLogWorker] INFO  segmented.SegmentedRaftLogWorker (SegmentedRaftLogWorker.java:execute(601)) - e06506bb-c7c9-4174-8cff-a1658cd313af@group-95F9150AC8B5-SegmentedRaftLogWorker: created new log segment /home/runner/work/ozone/ozone/hadoop-ozone/integration-test/target/test-dir/MiniOzoneClusterImpl-994ab01d-a5c0-4516-a51a-b70458bd9cc3/datanode-2/data/ratis/cca89311-bd88-471a-8fe5-95f9150ac8b5/current/log_inprogress_0
2021-08-23 23:19:52,611 [EventQueue-PipelineReportForPipelineReportHandler] INFO  pipeline.PipelineManagerImpl (PipelineManagerImpl.java:openPipeline(283)) - Pipeline Pipeline[ Id: cca89311-bd88-471a-8fe5-95f9150ac8b5, Nodes: d8835383-dea3-45d4-b6e3-f656da7478fb{ip: 10.1.0.66, host: fv-az116-235.vzw04321ajxubdbcnpick5nqva.xx.internal.cloudapp.net, ports: [REPLICATION=38707, RATIS=44819, RATIS_ADMIN=44819, RATIS_SERVER=44819, STANDALONE=45585], networkLocation: /default-rack, certSerialId: null, persistedOpState: IN_SERVICE, persistedOpStateExpiryEpochSec: 0}e06506bb-c7c9-4174-8cff-a1658cd313af{ip: 10.1.0.66, host: fv-az116-235.vzw04321ajxubdbcnpick5nqva.xx.internal.cloudapp.net, ports: [REPLICATION=36805, RATIS=35525, RATIS_ADMIN=35525, RATIS_SERVER=35525, STANDALONE=32849], networkLocation: /default-rack, certSerialId: null, persistedOpState: IN_SERVICE, persistedOpStateExpiryEpochSec: 0}bf8c8c9e-9c71-482e-9792-8d809f4c5fef{ip: 10.1.0.66, host: fv-az116-235.vzw04321ajxubdbcnpick5nqva.xx.internal.cloudapp.net, ports: [REPLICATION=35449, RATIS=33119, RATIS_ADMIN=33119, RATIS_SERVER=33119, STANDALONE=37397], networkLocation: /default-rack, certSerialId: null, persistedOpState: IN_SERVICE, persistedOpStateExpiryEpochSec: 0}, ReplicationConfig: RATIS/THREE, State:ALLOCATED, leaderId:e06506bb-c7c9-4174-8cff-a1658cd313af, CreationTimestamp2021-08-23T23:19:39.845Z[Etc/UTC]] moved to OPEN state
2021-08-23 23:19:52,615 [grpc-default-executor-2] INFO  ratis.XceiverServerRatis (XceiverServerRatis.java:handleLeaderChangedNotification(861)) - Leader change notification received for group: group-95F9150AC8B5 with new leaderId: e06506bb-c7c9-4174-8cff-a1658cd313af
2021-08-23 23:19:52,615 [grpc-default-executor-2] INFO  server.RaftServer$Division (ServerState.java:setLeader(285)) - bf8c8c9e-9c71-482e-9792-8d809f4c5fef@group-95F9150AC8B5: change Leader from null to e06506bb-c7c9-4174-8cff-a1658cd313af at term 2 for appendEntries, leader elected after 10429ms
2021-08-23 23:19:52,635 [grpc-default-executor-2] INFO  server.RaftServer$Division (ServerState.java:setRaftConf(387)) - bf8c8c9e-9c71-482e-9792-8d809f4c5fef@group-95F9150AC8B5: set configuration 0: [d8835383-dea3-45d4-b6e3-f656da7478fb|rpc:10.1.0.66:44819|dataStream:|priority:0, e06506bb-c7c9-4174-8cff-a1658cd313af|rpc:10.1.0.66:35525|dataStream:|priority:1, bf8c8c9e-9c71-482e-9792-8d809f4c5fef|rpc:10.1.0.66:33119|dataStream:|priority:0], old=null
2021-08-23 23:19:52,635 [grpc-default-executor-2] INFO  segmented.SegmentedRaftLogWorker (SegmentedRaftLogWorker.java:startLogSegment(394)) - bf8c8c9e-9c71-482e-9792-8d809f4c5fef@group-95F9150AC8B5-SegmentedRaftLogWorker: Starting segment from index:0
2021-08-23 23:19:52,636 [bf8c8c9e-9c71-482e-9792-8d809f4c5fef@group-95F9150AC8B5-SegmentedRaftLogWorker] INFO  segmented.SegmentedRaftLogWorker (SegmentedRaftLogWorker.java:execute(601)) - bf8c8c9e-9c71-482e-9792-8d809f4c5fef@group-95F9150AC8B5-SegmentedRaftLogWorker: created new log segment /home/runner/work/ozone/ozone/hadoop-ozone/integration-test/target/test-dir/MiniOzoneClusterImpl-994ab01d-a5c0-4516-a51a-b70458bd9cc3/datanode-0/data/ratis/cca89311-bd88-471a-8fe5-95f9150ac8b5/current/log_inprogress_0
2021-08-23 23:19:52,646 [grpc-default-executor-2] INFO  ratis.XceiverServerRatis (XceiverServerRatis.java:handleLeaderChangedNotification(861)) - Leader change notification received for group: group-95F9150AC8B5 with new leaderId: e06506bb-c7c9-4174-8cff-a1658cd313af
2021-08-23 23:19:52,647 [grpc-default-executor-2] INFO  server.RaftServer$Division (ServerState.java:setLeader(285)) - d8835383-dea3-45d4-b6e3-f656da7478fb@group-95F9150AC8B5: change Leader from null to e06506bb-c7c9-4174-8cff-a1658cd313af at term 2 for appendEntries, leader elected after 10255ms
2021-08-23 23:19:52,657 [grpc-default-executor-0] INFO  server.RaftServer$Division (ServerState.java:setRaftConf(387)) - d8835383-dea3-45d4-b6e3-f656da7478fb@group-95F9150AC8B5: set configuration 0: [d8835383-dea3-45d4-b6e3-f656da7478fb|rpc:10.1.0.66:44819|dataStream:|priority:0, e06506bb-c7c9-4174-8cff-a1658cd313af|rpc:10.1.0.66:35525|dataStream:|priority:1, bf8c8c9e-9c71-482e-9792-8d809f4c5fef|rpc:10.1.0.66:33119|dataStream:|priority:0], old=null
2021-08-23 23:19:52,657 [grpc-default-executor-0] INFO  segmented.SegmentedRaftLogWorker (SegmentedRaftLogWorker.java:startLogSegment(394)) - d8835383-dea3-45d4-b6e3-f656da7478fb@group-95F9150AC8B5-SegmentedRaftLogWorker: Starting segment from index:0
2021-08-23 23:19:52,658 [d8835383-dea3-45d4-b6e3-f656da7478fb@group-95F9150AC8B5-SegmentedRaftLogWorker] INFO  segmented.SegmentedRaftLogWorker (SegmentedRaftLogWorker.java:execute(601)) - d8835383-dea3-45d4-b6e3-f656da7478fb@group-95F9150AC8B5-SegmentedRaftLogWorker: created new log segment /home/runner/work/ozone/ozone/hadoop-ozone/integration-test/target/test-dir/MiniOzoneClusterImpl-994ab01d-a5c0-4516-a51a-b70458bd9cc3/datanode-1/data/ratis/cca89311-bd88-471a-8fe5-95f9150ac8b5/current/log_inprogress_0
2021-08-23 23:19:53,309 [cb3402e3-c902-40a3-9f81-e5c4ad664dcb@group-CF7D474DFDFA-FollowerState] INFO  impl.FollowerState (FollowerState.java:run(134)) - cb3402e3-c902-40a3-9f81-e5c4ad664dcb@group-CF7D474DFDFA-FollowerState: change to CANDIDATE, lastRpcElapsedTime:5071638730ns, electionTimeout:5057ms
2021-08-23 23:19:53,310 [cb3402e3-c902-40a3-9f81-e5c4ad664dcb@group-CF7D474DFDFA-FollowerState] INFO  impl.RoleInfo (RoleInfo.java:shutdownFollowerState(108)) - cb3402e3-c902-40a3-9f81-e5c4ad664dcb: shutdown cb3402e3-c902-40a3-9f81-e5c4ad664dcb@group-CF7D474DFDFA-FollowerState
2021-08-23 23:19:53,310 [cb3402e3-c902-40a3-9f81-e5c4ad664dcb@group-CF7D474DFDFA-FollowerState] INFO  server.RaftServer$Division (RaftServerImpl.java:setRole(285)) - cb3402e3-c902-40a3-9f81-e5c4ad664dcb@group-CF7D474DFDFA: changes role from  FOLLOWER to CANDIDATE at term 2 for changeToCandidate
2021-08-23 23:19:53,310 [cb3402e3-c902-40a3-9f81-e5c4ad664dcb@group-CF7D474DFDFA-FollowerState] INFO  server.RaftServerConfigKeys (ConfUtils.java:logGet(44)) - raft.server.leaderelection.pre-vote = false (custom)
2021-08-23 23:19:53,310 [cb3402e3-c902-40a3-9f81-e5c4ad664dcb@group-CF7D474DFDFA-FollowerState] INFO  impl.RoleInfo (RoleInfo.java:updateAndGet(130)) - cb3402e3-c902-40a3-9f81-e5c4ad664dcb: start cb3402e3-c902-40a3-9f81-e5c4ad664dcb@group-CF7D474DFDFA-LeaderElection16
2021-08-23 23:19:53,312 [cb3402e3-c902-40a3-9f81-e5c4ad664dcb@group-CF7D474DFDFA-LeaderElection16] INFO  impl.LeaderElection (LeaderElection.java:askForVotes(306)) - cb3402e3-c902-40a3-9f81-e5c4ad664dcb@group-CF7D474DFDFA-LeaderElection16 ELECTION round 0: submit vote requests at term 3 for -1: [cb3402e3-c902-40a3-9f81-e5c4ad664dcb|rpc:10.1.0.66:42775|dataStream:|priority:0, 3238dd0b-ba1a-45d4-9446-116bc825e875|rpc:10.1.0.66:42759|dataStream:|priority:1, 7fc41cb1-4817-42a7-9d7d-8c23a540b464|rpc:10.1.0.66:44581|dataStream:|priority:0], old=null
2021-08-23 23:19:53,318 [grpc-default-executor-0] INFO  server.RaftServer$Division (RaftServerImpl.java:requestVote(1043)) - 7fc41cb1-4817-42a7-9d7d-8c23a540b464@group-CF7D474DFDFA: receive requestVote(ELECTION, cb3402e3-c902-40a3-9f81-e5c4ad664dcb, group-CF7D474DFDFA, 3, (t:0, i:0))
2021-08-23 23:19:53,318 [grpc-default-executor-0] INFO  impl.VoteContext (VoteContext.java:log(48)) - 7fc41cb1-4817-42a7-9d7d-8c23a540b464@group-CF7D474DFDFA-FOLLOWER: accept ELECTION from cb3402e3-c902-40a3-9f81-e5c4ad664dcb: our priority 0 <= candidate's priority 0
2021-08-23 23:19:53,318 [grpc-default-executor-0] INFO  server.RaftServer$Division (RaftServerImpl.java:setRole(285)) - 7fc41cb1-4817-42a7-9d7d-8c23a540b464@group-CF7D474DFDFA: changes role from  FOLLOWER to FOLLOWER at term 3 for candidate:cb3402e3-c902-40a3-9f81-e5c4ad664dcb
2021-08-23 23:19:53,319 [grpc-default-executor-0] INFO  impl.RoleInfo (RoleInfo.java:shutdownFollowerState(108)) - 7fc41cb1-4817-42a7-9d7d-8c23a540b464: shutdown 7fc41cb1-4817-42a7-9d7d-8c23a540b464@group-CF7D474DFDFA-FollowerState
2021-08-23 23:19:53,319 [grpc-default-executor-0] INFO  impl.RoleInfo (RoleInfo.java:updateAndGet(130)) - 7fc41cb1-4817-42a7-9d7d-8c23a540b464: start 7fc41cb1-4817-42a7-9d7d-8c23a540b464@group-CF7D474DFDFA-FollowerState
2021-08-23 23:19:53,319 [7fc41cb1-4817-42a7-9d7d-8c23a540b464@group-CF7D474DFDFA-FollowerState] INFO  impl.FollowerState (FollowerState.java:run(143)) - 7fc41cb1-4817-42a7-9d7d-8c23a540b464@group-CF7D474DFDFA-FollowerState was interrupted: {}
java.lang.InterruptedException: sleep interrupted
	at java.lang.Thread.sleep(Native Method)
	at java.lang.Thread.sleep(Thread.java:340)
	at java.util.concurrent.TimeUnit.sleep(TimeUnit.java:386)
	at org.apache.ratis.util.TimeDuration.sleep(TimeDuration.java:324)
	at org.apache.ratis.util.TimeDuration.sleep(TimeDuration.java:309)
	at org.apache.ratis.server.impl.FollowerState.run(FollowerState.java:118)
2021-08-23 23:19:53,321 [grpc-default-executor-2] INFO  server.RaftServer$Division (RaftServerImpl.java:requestVote(1043)) - 3238dd0b-ba1a-45d4-9446-116bc825e875@group-CF7D474DFDFA: receive requestVote(ELECTION, cb3402e3-c902-40a3-9f81-e5c4ad664dcb, group-CF7D474DFDFA, 3, (t:0, i:0))
2021-08-23 23:19:53,321 [grpc-default-executor-2] INFO  impl.VoteContext (VoteContext.java:log(48)) - 3238dd0b-ba1a-45d4-9446-116bc825e875@group-CF7D474DFDFA-FOLLOWER: reject ELECTION from cb3402e3-c902-40a3-9f81-e5c4ad664dcb: our last entry (t:1, i:0) > candidate's last entry (t:0, i:0)
2021-08-23 23:19:53,322 [grpc-default-executor-2] INFO  server.RaftServer$Division (RaftServerImpl.java:setRole(285)) - 3238dd0b-ba1a-45d4-9446-116bc825e875@group-CF7D474DFDFA: changes role from  FOLLOWER to FOLLOWER at term 3 for candidate:cb3402e3-c902-40a3-9f81-e5c4ad664dcb
2021-08-23 23:19:53,322 [grpc-default-executor-2] INFO  impl.RoleInfo (RoleInfo.java:shutdownFollowerState(108)) - 3238dd0b-ba1a-45d4-9446-116bc825e875: shutdown 3238dd0b-ba1a-45d4-9446-116bc825e875@group-CF7D474DFDFA-FollowerState
2021-08-23 23:19:53,322 [grpc-default-executor-2] INFO  impl.RoleInfo (RoleInfo.java:updateAndGet(130)) - 3238dd0b-ba1a-45d4-9446-116bc825e875: start 3238dd0b-ba1a-45d4-9446-116bc825e875@group-CF7D474DFDFA-FollowerState
2021-08-23 23:19:53,322 [3238dd0b-ba1a-45d4-9446-116bc825e875@group-CF7D474DFDFA-FollowerState] INFO  impl.FollowerState (FollowerState.java:run(143)) - 3238dd0b-ba1a-45d4-9446-116bc825e875@group-CF7D474DFDFA-FollowerState was interrupted: {}
java.lang.InterruptedException: sleep interrupted
	at java.lang.Thread.sleep(Native Method)
	at java.lang.Thread.sleep(Thread.java:340)
	at java.util.concurrent.TimeUnit.sleep(TimeUnit.java:386)
	at org.apache.ratis.util.TimeDuration.sleep(TimeDuration.java:324)
	at org.apache.ratis.util.TimeDuration.sleep(TimeDuration.java:309)
	at org.apache.ratis.server.impl.FollowerState.run(FollowerState.java:118)
2021-08-23 23:19:53,322 [grpc-default-executor-0] INFO  server.RaftServer$Division (RaftServerImpl.java:requestVote(1075)) - 7fc41cb1-4817-42a7-9d7d-8c23a540b464@group-CF7D474DFDFA replies to ELECTION vote request: cb3402e3-c902-40a3-9f81-e5c4ad664dcb<-7fc41cb1-4817-42a7-9d7d-8c23a540b464#0:OK-t3. Peer's state: 7fc41cb1-4817-42a7-9d7d-8c23a540b464@group-CF7D474DFDFA:t3, leader=null, voted=cb3402e3-c902-40a3-9f81-e5c4ad664dcb, raftlog=7fc41cb1-4817-42a7-9d7d-8c23a540b464@group-CF7D474DFDFA-SegmentedRaftLog:OPENED:c-1,f-1,i0, conf=-1: [cb3402e3-c902-40a3-9f81-e5c4ad664dcb|rpc:10.1.0.66:42775|dataStream:|priority:0, 3238dd0b-ba1a-45d4-9446-116bc825e875|rpc:10.1.0.66:42759|dataStream:|priority:1, 7fc41cb1-4817-42a7-9d7d-8c23a540b464|rpc:10.1.0.66:44581|dataStream:|priority:0], old=null
2021-08-23 23:19:53,324 [grpc-default-executor-2] INFO  server.RaftServer$Division (RaftServerImpl.java:requestVote(1075)) - 3238dd0b-ba1a-45d4-9446-116bc825e875@group-CF7D474DFDFA replies to ELECTION vote request: cb3402e3-c902-40a3-9f81-e5c4ad664dcb<-3238dd0b-ba1a-45d4-9446-116bc825e875#0:FAIL-t3. Peer's state: 3238dd0b-ba1a-45d4-9446-116bc825e875@group-CF7D474DFDFA:t3, leader=null, voted=null, raftlog=3238dd0b-ba1a-45d4-9446-116bc825e875@group-CF7D474DFDFA-SegmentedRaftLog:OPENED:c-1,f0,i0, conf=0: [cb3402e3-c902-40a3-9f81-e5c4ad664dcb|rpc:10.1.0.66:42775|dataStream:|priority:0, 3238dd0b-ba1a-45d4-9446-116bc825e875|rpc:10.1.0.66:42759|dataStream:|priority:1, 7fc41cb1-4817-42a7-9d7d-8c23a540b464|rpc:10.1.0.66:44581|dataStream:|priority:0], old=null
2021-08-23 23:19:53,325 [cb3402e3-c902-40a3-9f81-e5c4ad664dcb@group-CF7D474DFDFA-LeaderElection16] INFO  impl.LeaderElection (LeaderElection.java:logAndReturn(89)) - cb3402e3-c902-40a3-9f81-e5c4ad664dcb@group-CF7D474DFDFA-LeaderElection16: ELECTION REJECTED received 2 response(s) and 0 exception(s):
2021-08-23 23:19:53,325 [cb3402e3-c902-40a3-9f81-e5c4ad664dcb@group-CF7D474DFDFA-LeaderElection16] INFO  impl.LeaderElection (LeaderElection.java:logAndReturn(93)) -   Response 0: cb3402e3-c902-40a3-9f81-e5c4ad664dcb<-3238dd0b-ba1a-45d4-9446-116bc825e875#0:FAIL-t3
2021-08-23 23:19:53,325 [cb3402e3-c902-40a3-9f81-e5c4ad664dcb@group-CF7D474DFDFA-LeaderElection16] INFO  impl.LeaderElection (LeaderElection.java:logAndReturn(93)) -   Response 1: cb3402e3-c902-40a3-9f81-e5c4ad664dcb<-7fc41cb1-4817-42a7-9d7d-8c23a540b464#0:OK-t3
2021-08-23 23:19:53,325 [cb3402e3-c902-40a3-9f81-e5c4ad664dcb@group-CF7D474DFDFA-LeaderElection16] INFO  impl.LeaderElection (LeaderElection.java:askForVotes(308)) - cb3402e3-c902-40a3-9f81-e5c4ad664dcb@group-CF7D474DFDFA-LeaderElection16 ELECTION round 0: result REJECTED
2021-08-23 23:19:53,325 [cb3402e3-c902-40a3-9f81-e5c4ad664dcb@group-CF7D474DFDFA-LeaderElection16] INFO  server.RaftServer$Division (RaftServerImpl.java:setRole(285)) - cb3402e3-c902-40a3-9f81-e5c4ad664dcb@group-CF7D474DFDFA: changes role from CANDIDATE to FOLLOWER at term 3 for REJECTED
2021-08-23 23:19:53,326 [cb3402e3-c902-40a3-9f81-e5c4ad664dcb@group-CF7D474DFDFA-LeaderElection16] INFO  impl.RoleInfo (RoleInfo.java:shutdownLeaderElection(121)) - cb3402e3-c902-40a3-9f81-e5c4ad664dcb: shutdown cb3402e3-c902-40a3-9f81-e5c4ad664dcb@group-CF7D474DFDFA-LeaderElection16
2021-08-23 23:19:53,326 [cb3402e3-c902-40a3-9f81-e5c4ad664dcb@group-CF7D474DFDFA-LeaderElection16] INFO  impl.RoleInfo (RoleInfo.java:updateAndGet(130)) - cb3402e3-c902-40a3-9f81-e5c4ad664dcb: start cb3402e3-c902-40a3-9f81-e5c4ad664dcb@group-CF7D474DFDFA-FollowerState
2021-08-23 23:19:53,764 [094f6f25-50f7-4e1e-949d-13da2b12d5a4@group-7CDFDB31BB52-FollowerState] INFO  impl.FollowerState (FollowerState.java:run(134)) - 094f6f25-50f7-4e1e-949d-13da2b12d5a4@group-7CDFDB31BB52-FollowerState: change to CANDIDATE, lastRpcElapsedTime:5106344408ns, electionTimeout:5099ms
2021-08-23 23:19:53,765 [094f6f25-50f7-4e1e-949d-13da2b12d5a4@group-7CDFDB31BB52-FollowerState] INFO  impl.RoleInfo (RoleInfo.java:shutdownFollowerState(108)) - 094f6f25-50f7-4e1e-949d-13da2b12d5a4: shutdown 094f6f25-50f7-4e1e-949d-13da2b12d5a4@group-7CDFDB31BB52-FollowerState
2021-08-23 23:19:53,765 [094f6f25-50f7-4e1e-949d-13da2b12d5a4@group-7CDFDB31BB52-FollowerState] INFO  server.RaftServer$Division (RaftServerImpl.java:setRole(285)) - 094f6f25-50f7-4e1e-949d-13da2b12d5a4@group-7CDFDB31BB52: changes role from  FOLLOWER to CANDIDATE at term 1 for changeToCandidate
2021-08-23 23:19:53,765 [094f6f25-50f7-4e1e-949d-13da2b12d5a4@group-7CDFDB31BB52-FollowerState] INFO  server.RaftServerConfigKeys (ConfUtils.java:logGet(44)) - raft.server.leaderelection.pre-vote = false (custom)
2021-08-23 23:19:53,765 [094f6f25-50f7-4e1e-949d-13da2b12d5a4@group-7CDFDB31BB52-FollowerState] INFO  impl.RoleInfo (RoleInfo.java:updateAndGet(130)) - 094f6f25-50f7-4e1e-949d-13da2b12d5a4: start 094f6f25-50f7-4e1e-949d-13da2b12d5a4@group-7CDFDB31BB52-LeaderElection17
2021-08-23 23:19:53,768 [094f6f25-50f7-4e1e-949d-13da2b12d5a4@group-7CDFDB31BB52-LeaderElection17] INFO  impl.LeaderElection (LeaderElection.java:askForVotes(306)) - 094f6f25-50f7-4e1e-949d-13da2b12d5a4@group-7CDFDB31BB52-LeaderElection17 ELECTION round 0: submit vote requests at term 2 for -1: [094f6f25-50f7-4e1e-949d-13da2b12d5a4|rpc:10.1.0.66:44115|dataStream:|priority:1, e0c56fbf-58af-4909-99ad-16a71beee03d|rpc:10.1.0.66:46767|dataStream:|priority:0, 0dd4e32c-0382-462c-9ace-22051620c5de|rpc:10.1.0.66:38797|dataStream:|priority:0], old=null
2021-08-23 23:19:53,778 [grpc-default-executor-0] INFO  server.RaftServer$Division (RaftServerImpl.java:requestVote(1043)) - 0dd4e32c-0382-462c-9ace-22051620c5de@group-7CDFDB31BB52: receive requestVote(ELECTION, 094f6f25-50f7-4e1e-949d-13da2b12d5a4, group-7CDFDB31BB52, 2, (t:0, i:0))
2021-08-23 23:19:53,778 [grpc-default-executor-0] INFO  impl.VoteContext (VoteContext.java:log(48)) - 0dd4e32c-0382-462c-9ace-22051620c5de@group-7CDFDB31BB52-FOLLOWER: accept ELECTION from 094f6f25-50f7-4e1e-949d-13da2b12d5a4: our priority 0 <= candidate's priority 1
2021-08-23 23:19:53,778 [grpc-default-executor-0] INFO  server.RaftServer$Division (RaftServerImpl.java:setRole(285)) - 0dd4e32c-0382-462c-9ace-22051620c5de@group-7CDFDB31BB52: changes role from  FOLLOWER to FOLLOWER at term 2 for candidate:094f6f25-50f7-4e1e-949d-13da2b12d5a4
2021-08-23 23:19:53,779 [grpc-default-executor-0] INFO  impl.RoleInfo (RoleInfo.java:shutdownFollowerState(108)) - 0dd4e32c-0382-462c-9ace-22051620c5de: shutdown 0dd4e32c-0382-462c-9ace-22051620c5de@group-7CDFDB31BB52-FollowerState
2021-08-23 23:19:53,779 [grpc-default-executor-0] INFO  impl.RoleInfo (RoleInfo.java:updateAndGet(130)) - 0dd4e32c-0382-462c-9ace-22051620c5de: start 0dd4e32c-0382-462c-9ace-22051620c5de@group-7CDFDB31BB52-FollowerState
2021-08-23 23:19:53,779 [0dd4e32c-0382-462c-9ace-22051620c5de@group-7CDFDB31BB52-FollowerState] INFO  impl.FollowerState (FollowerState.java:run(143)) - 0dd4e32c-0382-462c-9ace-22051620c5de@group-7CDFDB31BB52-FollowerState was interrupted: {}
java.lang.InterruptedException: sleep interrupted
	at java.lang.Thread.sleep(Native Method)
	at java.lang.Thread.sleep(Thread.java:340)
	at java.util.concurrent.TimeUnit.sleep(TimeUnit.java:386)
	at org.apache.ratis.util.TimeDuration.sleep(TimeDuration.java:324)
	at org.apache.ratis.util.TimeDuration.sleep(TimeDuration.java:309)
	at org.apache.ratis.server.impl.FollowerState.run(FollowerState.java:118)
2021-08-23 23:19:53,785 [grpc-default-executor-2] INFO  server.RaftServer$Division (RaftServerImpl.java:requestVote(1043)) - e0c56fbf-58af-4909-99ad-16a71beee03d@group-7CDFDB31BB52: receive requestVote(ELECTION, 094f6f25-50f7-4e1e-949d-13da2b12d5a4, group-7CDFDB31BB52, 2, (t:0, i:0))
2021-08-23 23:19:53,785 [grpc-default-executor-2] INFO  impl.VoteContext (VoteContext.java:log(48)) - e0c56fbf-58af-4909-99ad-16a71beee03d@group-7CDFDB31BB52-FOLLOWER: accept ELECTION from 094f6f25-50f7-4e1e-949d-13da2b12d5a4: our priority 0 <= candidate's priority 1
2021-08-23 23:19:53,785 [grpc-default-executor-2] INFO  server.RaftServer$Division (RaftServerImpl.java:setRole(285)) - e0c56fbf-58af-4909-99ad-16a71beee03d@group-7CDFDB31BB52: changes role from  FOLLOWER to FOLLOWER at term 2 for candidate:094f6f25-50f7-4e1e-949d-13da2b12d5a4
2021-08-23 23:19:53,785 [grpc-default-executor-2] INFO  impl.RoleInfo (RoleInfo.java:shutdownFollowerState(108)) - e0c56fbf-58af-4909-99ad-16a71beee03d: shutdown e0c56fbf-58af-4909-99ad-16a71beee03d@group-7CDFDB31BB52-FollowerState
2021-08-23 23:19:53,785 [grpc-default-executor-2] INFO  impl.RoleInfo (RoleInfo.java:updateAndGet(130)) - e0c56fbf-58af-4909-99ad-16a71beee03d: start e0c56fbf-58af-4909-99ad-16a71beee03d@group-7CDFDB31BB52-FollowerState
2021-08-23 23:19:53,786 [e0c56fbf-58af-4909-99ad-16a71beee03d@group-7CDFDB31BB52-FollowerState] INFO  impl.FollowerState (FollowerState.java:run(143)) - e0c56fbf-58af-4909-99ad-16a71beee03d@group-7CDFDB31BB52-FollowerState was interrupted: {}
java.lang.InterruptedException: sleep interrupted
	at java.lang.Thread.sleep(Native Method)
	at java.lang.Thread.sleep(Thread.java:340)
	at java.util.concurrent.TimeUnit.sleep(TimeUnit.java:386)
	at org.apache.ratis.util.TimeDuration.sleep(TimeDuration.java:324)
	at org.apache.ratis.util.TimeDuration.sleep(TimeDuration.java:309)
	at org.apache.ratis.server.impl.FollowerState.run(FollowerState.java:118)
2021-08-23 23:19:53,788 [grpc-default-executor-2] INFO  server.RaftServer$Division (RaftServerImpl.java:requestVote(1075)) - e0c56fbf-58af-4909-99ad-16a71beee03d@group-7CDFDB31BB52 replies to ELECTION vote request: 094f6f25-50f7-4e1e-949d-13da2b12d5a4<-e0c56fbf-58af-4909-99ad-16a71beee03d#0:OK-t2. Peer's state: e0c56fbf-58af-4909-99ad-16a71beee03d@group-7CDFDB31BB52:t2, leader=null, voted=094f6f25-50f7-4e1e-949d-13da2b12d5a4, raftlog=e0c56fbf-58af-4909-99ad-16a71beee03d@group-7CDFDB31BB52-SegmentedRaftLog:OPENED:c-1,f-1,i0, conf=-1: [094f6f25-50f7-4e1e-949d-13da2b12d5a4|rpc:10.1.0.66:44115|priority:1, e0c56fbf-58af-4909-99ad-16a71beee03d|rpc:10.1.0.66:46767|priority:0, 0dd4e32c-0382-462c-9ace-22051620c5de|rpc:10.1.0.66:38797|priority:0], old=null
2021-08-23 23:19:53,789 [094f6f25-50f7-4e1e-949d-13da2b12d5a4@group-7CDFDB31BB52-LeaderElection17] INFO  impl.LeaderElection (LeaderElection.java:logAndReturn(89)) - 094f6f25-50f7-4e1e-949d-13da2b12d5a4@group-7CDFDB31BB52-LeaderElection17: ELECTION PASSED received 1 response(s) and 0 exception(s):
2021-08-23 23:19:53,789 [094f6f25-50f7-4e1e-949d-13da2b12d5a4@group-7CDFDB31BB52-LeaderElection17] INFO  impl.LeaderElection (LeaderElection.java:logAndReturn(93)) -   Response 0: 094f6f25-50f7-4e1e-949d-13da2b12d5a4<-e0c56fbf-58af-4909-99ad-16a71beee03d#0:OK-t2
2021-08-23 23:19:53,789 [094f6f25-50f7-4e1e-949d-13da2b12d5a4@group-7CDFDB31BB52-LeaderElection17] INFO  impl.LeaderElection (LeaderElection.java:askForVotes(308)) - 094f6f25-50f7-4e1e-949d-13da2b12d5a4@group-7CDFDB31BB52-LeaderElection17 ELECTION round 0: result PASSED
2021-08-23 23:19:53,789 [grpc-default-executor-0] INFO  server.RaftServer$Division (RaftServerImpl.java:requestVote(1075)) - 0dd4e32c-0382-462c-9ace-22051620c5de@group-7CDFDB31BB52 replies to ELECTION vote request: 094f6f25-50f7-4e1e-949d-13da2b12d5a4<-0dd4e32c-0382-462c-9ace-22051620c5de#0:OK-t2. Peer's state: 0dd4e32c-0382-462c-9ace-22051620c5de@group-7CDFDB31BB52:t2, leader=null, voted=094f6f25-50f7-4e1e-949d-13da2b12d5a4, raftlog=0dd4e32c-0382-462c-9ace-22051620c5de@group-7CDFDB31BB52-SegmentedRaftLog:OPENED:c-1,f-1,i0, conf=-1: [094f6f25-50f7-4e1e-949d-13da2b12d5a4|rpc:10.1.0.66:44115|dataStream:|priority:1, e0c56fbf-58af-4909-99ad-16a71beee03d|rpc:10.1.0.66:46767|dataStream:|priority:0, 0dd4e32c-0382-462c-9ace-22051620c5de|rpc:10.1.0.66:38797|dataStream:|priority:0], old=null
2021-08-23 23:19:53,789 [094f6f25-50f7-4e1e-949d-13da2b12d5a4@group-7CDFDB31BB52-LeaderElection17] INFO  impl.RoleInfo (RoleInfo.java:shutdownLeaderElection(121)) - 094f6f25-50f7-4e1e-949d-13da2b12d5a4: shutdown 094f6f25-50f7-4e1e-949d-13da2b12d5a4@group-7CDFDB31BB52-LeaderElection17
2021-08-23 23:19:53,789 [094f6f25-50f7-4e1e-949d-13da2b12d5a4@group-7CDFDB31BB52-LeaderElection17] INFO  server.RaftServer$Division (RaftServerImpl.java:setRole(285)) - 094f6f25-50f7-4e1e-949d-13da2b12d5a4@group-7CDFDB31BB52: changes role from CANDIDATE to LEADER at term 2 for changeToLeader
2021-08-23 23:19:53,789 [094f6f25-50f7-4e1e-949d-13da2b12d5a4@group-7CDFDB31BB52-LeaderElection17] INFO  ratis.XceiverServerRatis (XceiverServerRatis.java:handleLeaderChangedNotification(861)) - Leader change notification received for group: group-7CDFDB31BB52 with new leaderId: 094f6f25-50f7-4e1e-949d-13da2b12d5a4
2021-08-23 23:19:53,789 [094f6f25-50f7-4e1e-949d-13da2b12d5a4@group-7CDFDB31BB52-LeaderElection17] INFO  server.RaftServer$Division (ServerState.java:setLeader(285)) - 094f6f25-50f7-4e1e-949d-13da2b12d5a4@group-7CDFDB31BB52: change Leader from null to 094f6f25-50f7-4e1e-949d-13da2b12d5a4 at term 2 for becomeLeader, leader elected after 10170ms
2021-08-23 23:19:53,789 [094f6f25-50f7-4e1e-949d-13da2b12d5a4@group-7CDFDB31BB52-LeaderElection17] INFO  server.RaftServerConfigKeys (ConfUtils.java:logGet(44)) - raft.server.staging.catchup.gap = 1000 (default)
2021-08-23 23:19:53,789 [094f6f25-50f7-4e1e-949d-13da2b12d5a4@group-7CDFDB31BB52-LeaderElection17] INFO  server.RaftServerConfigKeys (ConfUtils.java:logGet(44)) - raft.server.write.element-limit = 1024 (custom)
2021-08-23 23:19:53,789 [094f6f25-50f7-4e1e-949d-13da2b12d5a4@group-7CDFDB31BB52-LeaderElection17] INFO  server.RaftServerConfigKeys (ConfUtils.java:logGet(44)) - raft.server.write.byte-limit = 1024 M (=1073741824) (custom)
2021-08-23 23:19:53,790 [094f6f25-50f7-4e1e-949d-13da2b12d5a4@group-7CDFDB31BB52-LeaderElection17] INFO  server.RaftServerConfigKeys (ConfUtils.java:logGet(44)) - raft.server.watch.timeout = 3000ms (custom)
2021-08-23 23:19:53,790 [094f6f25-50f7-4e1e-949d-13da2b12d5a4@group-7CDFDB31BB52-LeaderElection17] INFO  server.RaftServerConfigKeys (ConfUtils.java:logGet(44)) - raft.server.watch.timeout.denomination = 1s (default)
2021-08-23 23:19:53,790 [094f6f25-50f7-4e1e-949d-13da2b12d5a4@group-7CDFDB31BB52-LeaderElection17] INFO  server.RaftServerConfigKeys (ConfUtils.java:logGet(44)) - raft.server.watch.element-limit = 65536 (default)
2021-08-23 23:19:53,790 [Datanode State Machine Thread - 0] WARN  statemachine.StateContext (StateContext.java:execute(621)) - No available thread in pool for past 1 seconds.
2021-08-23 23:19:53,790 [094f6f25-50f7-4e1e-949d-13da2b12d5a4@group-7CDFDB31BB52-LeaderElection17] INFO  server.RaftServerConfigKeys (ConfUtils.java:logGet(44)) - raft.server.log.appender.snapshot.chunk.size.max = 16MB (=16777216) (default)
2021-08-23 23:19:53,790 [094f6f25-50f7-4e1e-949d-13da2b12d5a4@group-7CDFDB31BB52-LeaderElection17] INFO  server.RaftServerConfigKeys (ConfUtils.java:logGet(44)) - raft.server.log.appender.buffer.byte-limit = 33554432 (custom)
2021-08-23 23:19:53,790 [094f6f25-50f7-4e1e-949d-13da2b12d5a4@group-7CDFDB31BB52-LeaderElection17] INFO  server.RaftServerConfigKeys (ConfUtils.java:logGet(44)) - raft.server.log.appender.buffer.element-limit = 1 (custom)
2021-08-23 23:19:53,790 [094f6f25-50f7-4e1e-949d-13da2b12d5a4@group-7CDFDB31BB52-LeaderElection17] INFO  grpc.GrpcConfigKeys (ConfUtils.java:logGet(44)) - raft.grpc.server.leader.outstanding.appends.max = 128 (default)
2021-08-23 23:19:53,790 [094f6f25-50f7-4e1e-949d-13da2b12d5a4@group-7CDFDB31BB52-LeaderElection17] INFO  server.RaftServerConfigKeys (ConfUtils.java:logGet(44)) - raft.server.rpc.request.timeout = 3000ms (default)
2021-08-23 23:19:53,790 [094f6f25-50f7-4e1e-949d-13da2b12d5a4@group-7CDFDB31BB52-LeaderElection17] INFO  server.RaftServerConfigKeys (ConfUtils.java:logGet(44)) - raft.server.log.appender.install.snapshot.enabled = false (custom)
2021-08-23 23:19:53,791 [094f6f25-50f7-4e1e-949d-13da2b12d5a4@group-7CDFDB31BB52-LeaderElection17] INFO  server.RaftServerConfigKeys (ConfUtils.java:logGet(44)) - raft.server.log.appender.snapshot.chunk.size.max = 16MB (=16777216) (default)
2021-08-23 23:19:53,791 [094f6f25-50f7-4e1e-949d-13da2b12d5a4@group-7CDFDB31BB52-LeaderElection17] INFO  server.RaftServerConfigKeys (ConfUtils.java:logGet(44)) - raft.server.log.appender.buffer.byte-limit = 33554432 (custom)
2021-08-23 23:19:53,791 [094f6f25-50f7-4e1e-949d-13da2b12d5a4@group-7CDFDB31BB52-LeaderElection17] INFO  server.RaftServerConfigKeys (ConfUtils.java:logGet(44)) - raft.server.log.appender.buffer.element-limit = 1 (custom)
2021-08-23 23:19:53,791 [094f6f25-50f7-4e1e-949d-13da2b12d5a4@group-7CDFDB31BB52-LeaderElection17] INFO  grpc.GrpcConfigKeys (ConfUtils.java:logGet(44)) - raft.grpc.server.leader.outstanding.appends.max = 128 (default)
2021-08-23 23:19:53,791 [094f6f25-50f7-4e1e-949d-13da2b12d5a4@group-7CDFDB31BB52-LeaderElection17] INFO  server.RaftServerConfigKeys (ConfUtils.java:logGet(44)) - raft.server.rpc.request.timeout = 3000ms (default)
2021-08-23 23:19:53,791 [094f6f25-50f7-4e1e-949d-13da2b12d5a4@group-7CDFDB31BB52-LeaderElection17] INFO  server.RaftServerConfigKeys (ConfUtils.java:logGet(44)) - raft.server.log.appender.install.snapshot.enabled = false (custom)
2021-08-23 23:19:53,792 [094f6f25-50f7-4e1e-949d-13da2b12d5a4@group-7CDFDB31BB52-LeaderElection17] INFO  impl.RoleInfo (RoleInfo.java:updateAndGet(130)) - 094f6f25-50f7-4e1e-949d-13da2b12d5a4: start 094f6f25-50f7-4e1e-949d-13da2b12d5a4@group-7CDFDB31BB52-LeaderStateImpl
2021-08-23 23:19:53,793 [094f6f25-50f7-4e1e-949d-13da2b12d5a4@group-7CDFDB31BB52-LeaderElection17] INFO  segmented.SegmentedRaftLogWorker (SegmentedRaftLogWorker.java:startLogSegment(394)) - 094f6f25-50f7-4e1e-949d-13da2b12d5a4@group-7CDFDB31BB52-SegmentedRaftLogWorker: Starting segment from index:0
2021-08-23 23:19:53,794 [EventQueue-PipelineReportForPipelineReportHandler] INFO  pipeline.PipelineManagerImpl (PipelineManagerImpl.java:openPipeline(283)) - Pipeline Pipeline[ Id: 1311ac67-94a8-441d-b18b-7cdfdb31bb52, Nodes: e0c56fbf-58af-4909-99ad-16a71beee03d{ip: 10.1.0.66, host: fv-az116-235.vzw04321ajxubdbcnpick5nqva.xx.internal.cloudapp.net, ports: [REPLICATION=37937, RATIS=46767, RATIS_ADMIN=46767, RATIS_SERVER=46767, STANDALONE=36485], networkLocation: /default-rack, certSerialId: null, persistedOpState: IN_SERVICE, persistedOpStateExpiryEpochSec: 0}094f6f25-50f7-4e1e-949d-13da2b12d5a4{ip: 10.1.0.66, host: fv-az116-235.vzw04321ajxubdbcnpick5nqva.xx.internal.cloudapp.net, ports: [REPLICATION=41163, RATIS=44115, RATIS_ADMIN=44115, RATIS_SERVER=44115, STANDALONE=37713], networkLocation: /default-rack, certSerialId: null, persistedOpState: IN_SERVICE, persistedOpStateExpiryEpochSec: 0}0dd4e32c-0382-462c-9ace-22051620c5de{ip: 10.1.0.66, host: fv-az116-235.vzw04321ajxubdbcnpick5nqva.xx.internal.cloudapp.net, ports: [REPLICATION=41197, RATIS=38797, RATIS_ADMIN=38797, RATIS_SERVER=38797, STANDALONE=32959], networkLocation: /default-rack, certSerialId: null, persistedOpState: IN_SERVICE, persistedOpStateExpiryEpochSec: 0}, ReplicationConfig: RATIS/THREE, State:ALLOCATED, leaderId:094f6f25-50f7-4e1e-949d-13da2b12d5a4, CreationTimestamp2021-08-23T23:19:40.896Z[Etc/UTC]] moved to OPEN state
2021-08-23 23:19:53,794 [094f6f25-50f7-4e1e-949d-13da2b12d5a4@group-7CDFDB31BB52-SegmentedRaftLogWorker] INFO  segmented.SegmentedRaftLogWorker (SegmentedRaftLogWorker.java:execute(601)) - 094f6f25-50f7-4e1e-949d-13da2b12d5a4@group-7CDFDB31BB52-SegmentedRaftLogWorker: created new log segment /home/runner/work/ozone/ozone/hadoop-ozone/integration-test/target/test-dir/MiniOzoneClusterImpl-994ab01d-a5c0-4516-a51a-b70458bd9cc3/datanode-7/data/ratis/1311ac67-94a8-441d-b18b-7cdfdb31bb52/current/log_inprogress_0
2021-08-23 23:19:53,807 [grpc-default-executor-2] INFO  ratis.XceiverServerRatis (XceiverServerRatis.java:handleLeaderChangedNotification(861)) - Leader change notification received for group: group-7CDFDB31BB52 with new leaderId: 094f6f25-50f7-4e1e-949d-13da2b12d5a4
2021-08-23 23:19:53,807 [grpc-default-executor-2] INFO  server.RaftServer$Division (ServerState.java:setLeader(285)) - e0c56fbf-58af-4909-99ad-16a71beee03d@group-7CDFDB31BB52: change Leader from null to 094f6f25-50f7-4e1e-949d-13da2b12d5a4 at term 2 for appendEntries, leader elected after 10210ms
2021-08-23 23:19:53,811 [094f6f25-50f7-4e1e-949d-13da2b12d5a4@group-7CDFDB31BB52-LeaderElection17] INFO  server.RaftServer$Division (ServerState.java:setRaftConf(387)) - 094f6f25-50f7-4e1e-949d-13da2b12d5a4@group-7CDFDB31BB52: set configuration 0: [094f6f25-50f7-4e1e-949d-13da2b12d5a4|rpc:10.1.0.66:44115|dataStream:|priority:1, e0c56fbf-58af-4909-99ad-16a71beee03d|rpc:10.1.0.66:46767|dataStream:|priority:0, 0dd4e32c-0382-462c-9ace-22051620c5de|rpc:10.1.0.66:38797|dataStream:|priority:0], old=null
2021-08-23 23:19:53,817 [grpc-default-executor-0] INFO  ratis.XceiverServerRatis (XceiverServerRatis.java:handleLeaderChangedNotification(861)) - Leader change notification received for group: group-7CDFDB31BB52 with new leaderId: 094f6f25-50f7-4e1e-949d-13da2b12d5a4
2021-08-23 23:19:53,818 [grpc-default-executor-0] INFO  server.RaftServer$Division (ServerState.java:setLeader(285)) - 0dd4e32c-0382-462c-9ace-22051620c5de@group-7CDFDB31BB52: change Leader from null to 094f6f25-50f7-4e1e-949d-13da2b12d5a4 at term 2 for appendEntries, leader elected after 10164ms
2021-08-23 23:19:53,821 [grpc-default-executor-0] INFO  server.RaftServer$Division (ServerState.java:setRaftConf(387)) - 0dd4e32c-0382-462c-9ace-22051620c5de@group-7CDFDB31BB52: set configuration 0: [094f6f25-50f7-4e1e-949d-13da2b12d5a4|rpc:10.1.0.66:44115|dataStream:|priority:1, e0c56fbf-58af-4909-99ad-16a71beee03d|rpc:10.1.0.66:46767|dataStream:|priority:0, 0dd4e32c-0382-462c-9ace-22051620c5de|rpc:10.1.0.66:38797|dataStream:|priority:0], old=null
2021-08-23 23:19:53,821 [grpc-default-executor-0] INFO  segmented.SegmentedRaftLogWorker (SegmentedRaftLogWorker.java:startLogSegment(394)) - 0dd4e32c-0382-462c-9ace-22051620c5de@group-7CDFDB31BB52-SegmentedRaftLogWorker: Starting segment from index:0
2021-08-23 23:19:53,825 [grpc-default-executor-2] INFO  server.RaftServer$Division (ServerState.java:setRaftConf(387)) - e0c56fbf-58af-4909-99ad-16a71beee03d@group-7CDFDB31BB52: set configuration 0: [094f6f25-50f7-4e1e-949d-13da2b12d5a4|rpc:10.1.0.66:44115|dataStream:|priority:1, e0c56fbf-58af-4909-99ad-16a71beee03d|rpc:10.1.0.66:46767|dataStream:|priority:0, 0dd4e32c-0382-462c-9ace-22051620c5de|rpc:10.1.0.66:38797|dataStream:|priority:0], old=null
2021-08-23 23:19:53,825 [grpc-default-executor-2] INFO  segmented.SegmentedRaftLogWorker (SegmentedRaftLogWorker.java:startLogSegment(394)) - e0c56fbf-58af-4909-99ad-16a71beee03d@group-7CDFDB31BB52-SegmentedRaftLogWorker: Starting segment from index:0
2021-08-23 23:19:53,826 [0dd4e32c-0382-462c-9ace-22051620c5de@group-7CDFDB31BB52-SegmentedRaftLogWorker] INFO  segmented.SegmentedRaftLogWorker (SegmentedRaftLogWorker.java:execute(601)) - 0dd4e32c-0382-462c-9ace-22051620c5de@group-7CDFDB31BB52-SegmentedRaftLogWorker: created new log segment /home/runner/work/ozone/ozone/hadoop-ozone/integration-test/target/test-dir/MiniOzoneClusterImpl-994ab01d-a5c0-4516-a51a-b70458bd9cc3/datanode-8/data/ratis/1311ac67-94a8-441d-b18b-7cdfdb31bb52/current/log_inprogress_0
2021-08-23 23:19:53,827 [e0c56fbf-58af-4909-99ad-16a71beee03d@group-7CDFDB31BB52-SegmentedRaftLogWorker] INFO  segmented.SegmentedRaftLogWorker (SegmentedRaftLogWorker.java:execute(601)) - e0c56fbf-58af-4909-99ad-16a71beee03d@group-7CDFDB31BB52-SegmentedRaftLogWorker: created new log segment /home/runner/work/ozone/ozone/hadoop-ozone/integration-test/target/test-dir/MiniOzoneClusterImpl-994ab01d-a5c0-4516-a51a-b70458bd9cc3/datanode-6/data/ratis/1311ac67-94a8-441d-b18b-7cdfdb31bb52/current/log_inprogress_0
2021-08-23 23:19:58,338 [cb3402e3-c902-40a3-9f81-e5c4ad664dcb@group-CF7D474DFDFA-FollowerState] INFO  impl.FollowerState (FollowerState.java:run(134)) - cb3402e3-c902-40a3-9f81-e5c4ad664dcb@group-CF7D474DFDFA-FollowerState: change to CANDIDATE, lastRpcElapsedTime:5011909499ns, electionTimeout:5005ms
2021-08-23 23:19:58,338 [cb3402e3-c902-40a3-9f81-e5c4ad664dcb@group-CF7D474DFDFA-FollowerState] INFO  impl.RoleInfo (RoleInfo.java:shutdownFollowerState(108)) - cb3402e3-c902-40a3-9f81-e5c4ad664dcb: shutdown cb3402e3-c902-40a3-9f81-e5c4ad664dcb@group-CF7D474DFDFA-FollowerState
2021-08-23 23:19:58,338 [cb3402e3-c902-40a3-9f81-e5c4ad664dcb@group-CF7D474DFDFA-FollowerState] INFO  server.RaftServer$Division (RaftServerImpl.java:setRole(285)) - cb3402e3-c902-40a3-9f81-e5c4ad664dcb@group-CF7D474DFDFA: changes role from  FOLLOWER to CANDIDATE at term 3 for changeToCandidate
2021-08-23 23:19:58,339 [cb3402e3-c902-40a3-9f81-e5c4ad664dcb@group-CF7D474DFDFA-FollowerState] INFO  server.RaftServerConfigKeys (ConfUtils.java:logGet(44)) - raft.server.leaderelection.pre-vote = false (custom)
2021-08-23 23:19:58,339 [cb3402e3-c902-40a3-9f81-e5c4ad664dcb@group-CF7D474DFDFA-FollowerState] INFO  impl.RoleInfo (RoleInfo.java:updateAndGet(130)) - cb3402e3-c902-40a3-9f81-e5c4ad664dcb: start cb3402e3-c902-40a3-9f81-e5c4ad664dcb@group-CF7D474DFDFA-LeaderElection18
2021-08-23 23:19:58,343 [cb3402e3-c902-40a3-9f81-e5c4ad664dcb@group-CF7D474DFDFA-LeaderElection18] INFO  impl.LeaderElection (LeaderElection.java:askForVotes(306)) - cb3402e3-c902-40a3-9f81-e5c4ad664dcb@group-CF7D474DFDFA-LeaderElection18 ELECTION round 0: submit vote requests at term 4 for -1: [cb3402e3-c902-40a3-9f81-e5c4ad664dcb|rpc:10.1.0.66:42775|dataStream:|priority:0, 3238dd0b-ba1a-45d4-9446-116bc825e875|rpc:10.1.0.66:42759|dataStream:|priority:1, 7fc41cb1-4817-42a7-9d7d-8c23a540b464|rpc:10.1.0.66:44581|dataStream:|priority:0], old=null
2021-08-23 23:19:58,354 [grpc-default-executor-2] INFO  server.RaftServer$Division (RaftServerImpl.java:requestVote(1043)) - 3238dd0b-ba1a-45d4-9446-116bc825e875@group-CF7D474DFDFA: receive requestVote(ELECTION, cb3402e3-c902-40a3-9f81-e5c4ad664dcb, group-CF7D474DFDFA, 4, (t:0, i:0))
2021-08-23 23:19:58,354 [grpc-default-executor-2] INFO  impl.VoteContext (VoteContext.java:log(48)) - 3238dd0b-ba1a-45d4-9446-116bc825e875@group-CF7D474DFDFA-FOLLOWER: reject ELECTION from cb3402e3-c902-40a3-9f81-e5c4ad664dcb: our last entry (t:1, i:0) > candidate's last entry (t:0, i:0)
2021-08-23 23:19:58,354 [grpc-default-executor-2] INFO  server.RaftServer$Division (RaftServerImpl.java:setRole(285)) - 3238dd0b-ba1a-45d4-9446-116bc825e875@group-CF7D474DFDFA: changes role from  FOLLOWER to FOLLOWER at term 4 for candidate:cb3402e3-c902-40a3-9f81-e5c4ad664dcb
2021-08-23 23:19:58,355 [grpc-default-executor-2] INFO  impl.RoleInfo (RoleInfo.java:shutdownFollowerState(108)) - 3238dd0b-ba1a-45d4-9446-116bc825e875: shutdown 3238dd0b-ba1a-45d4-9446-116bc825e875@group-CF7D474DFDFA-FollowerState
2021-08-23 23:19:58,355 [grpc-default-executor-2] INFO  impl.RoleInfo (RoleInfo.java:updateAndGet(130)) - 3238dd0b-ba1a-45d4-9446-116bc825e875: start 3238dd0b-ba1a-45d4-9446-116bc825e875@group-CF7D474DFDFA-FollowerState
2021-08-23 23:19:58,355 [3238dd0b-ba1a-45d4-9446-116bc825e875@group-CF7D474DFDFA-FollowerState] INFO  impl.FollowerState (FollowerState.java:run(143)) - 3238dd0b-ba1a-45d4-9446-116bc825e875@group-CF7D474DFDFA-FollowerState was interrupted: {}
java.lang.InterruptedException: sleep interrupted
	at java.lang.Thread.sleep(Native Method)
	at java.lang.Thread.sleep(Thread.java:340)
	at java.util.concurrent.TimeUnit.sleep(TimeUnit.java:386)
	at org.apache.ratis.util.TimeDuration.sleep(TimeDuration.java:324)
	at org.apache.ratis.util.TimeDuration.sleep(TimeDuration.java:309)
	at org.apache.ratis.server.impl.FollowerState.run(FollowerState.java:118)
2021-08-23 23:19:58,358 [grpc-default-executor-2] INFO  server.RaftServer$Division (RaftServerImpl.java:requestVote(1075)) - 3238dd0b-ba1a-45d4-9446-116bc825e875@group-CF7D474DFDFA replies to ELECTION vote request: cb3402e3-c902-40a3-9f81-e5c4ad664dcb<-3238dd0b-ba1a-45d4-9446-116bc825e875#0:FAIL-t4. Peer's state: 3238dd0b-ba1a-45d4-9446-116bc825e875@group-CF7D474DFDFA:t4, leader=null, voted=null, raftlog=3238dd0b-ba1a-45d4-9446-116bc825e875@group-CF7D474DFDFA-SegmentedRaftLog:OPENED:c-1,f0,i0, conf=0: [cb3402e3-c902-40a3-9f81-e5c4ad664dcb|rpc:10.1.0.66:42775|dataStream:|priority:0, 3238dd0b-ba1a-45d4-9446-116bc825e875|rpc:10.1.0.66:42759|dataStream:|priority:1, 7fc41cb1-4817-42a7-9d7d-8c23a540b464|rpc:10.1.0.66:44581|dataStream:|priority:0], old=null
2021-08-23 23:19:58,359 [cb3402e3-c902-40a3-9f81-e5c4ad664dcb@group-CF7D474DFDFA-LeaderElection18] INFO  impl.LeaderElection (LeaderElection.java:logAndReturn(89)) - cb3402e3-c902-40a3-9f81-e5c4ad664dcb@group-CF7D474DFDFA-LeaderElection18: ELECTION REJECTED received 1 response(s) and 0 exception(s):
2021-08-23 23:19:58,359 [cb3402e3-c902-40a3-9f81-e5c4ad664dcb@group-CF7D474DFDFA-LeaderElection18] INFO  impl.LeaderElection (LeaderElection.java:logAndReturn(93)) -   Response 0: cb3402e3-c902-40a3-9f81-e5c4ad664dcb<-3238dd0b-ba1a-45d4-9446-116bc825e875#0:FAIL-t4
2021-08-23 23:19:58,359 [cb3402e3-c902-40a3-9f81-e5c4ad664dcb@group-CF7D474DFDFA-LeaderElection18] INFO  impl.LeaderElection (LeaderElection.java:askForVotes(308)) - cb3402e3-c902-40a3-9f81-e5c4ad664dcb@group-CF7D474DFDFA-LeaderElection18 ELECTION round 0: result REJECTED
2021-08-23 23:19:58,359 [cb3402e3-c902-40a3-9f81-e5c4ad664dcb@group-CF7D474DFDFA-LeaderElection18] INFO  server.RaftServer$Division (RaftServerImpl.java:setRole(285)) - cb3402e3-c902-40a3-9f81-e5c4ad664dcb@group-CF7D474DFDFA: changes role from CANDIDATE to FOLLOWER at term 4 for REJECTED
2021-08-23 23:19:58,359 [cb3402e3-c902-40a3-9f81-e5c4ad664dcb@group-CF7D474DFDFA-LeaderElection18] INFO  impl.RoleInfo (RoleInfo.java:shutdownLeaderElection(121)) - cb3402e3-c902-40a3-9f81-e5c4ad664dcb: shutdown cb3402e3-c902-40a3-9f81-e5c4ad664dcb@group-CF7D474DFDFA-LeaderElection18
2021-08-23 23:19:58,359 [cb3402e3-c902-40a3-9f81-e5c4ad664dcb@group-CF7D474DFDFA-LeaderElection18] INFO  impl.RoleInfo (RoleInfo.java:updateAndGet(130)) - cb3402e3-c902-40a3-9f81-e5c4ad664dcb: start cb3402e3-c902-40a3-9f81-e5c4ad664dcb@group-CF7D474DFDFA-FollowerState
2021-08-23 23:19:58,361 [grpc-default-executor-2] INFO  server.RaftServer$Division (RaftServerImpl.java:requestVote(1043)) - 7fc41cb1-4817-42a7-9d7d-8c23a540b464@group-CF7D474DFDFA: receive requestVote(ELECTION, cb3402e3-c902-40a3-9f81-e5c4ad664dcb, group-CF7D474DFDFA, 4, (t:0, i:0))
2021-08-23 23:19:58,361 [grpc-default-executor-2] INFO  impl.VoteContext (VoteContext.java:log(48)) - 7fc41cb1-4817-42a7-9d7d-8c23a540b464@group-CF7D474DFDFA-FOLLOWER: accept ELECTION from cb3402e3-c902-40a3-9f81-e5c4ad664dcb: our priority 0 <= candidate's priority 0
2021-08-23 23:19:58,362 [grpc-default-executor-2] INFO  server.RaftServer$Division (RaftServerImpl.java:setRole(285)) - 7fc41cb1-4817-42a7-9d7d-8c23a540b464@group-CF7D474DFDFA: changes role from  FOLLOWER to FOLLOWER at term 4 for candidate:cb3402e3-c902-40a3-9f81-e5c4ad664dcb
2021-08-23 23:19:58,362 [grpc-default-executor-2] INFO  impl.RoleInfo (RoleInfo.java:shutdownFollowerState(108)) - 7fc41cb1-4817-42a7-9d7d-8c23a540b464: shutdown 7fc41cb1-4817-42a7-9d7d-8c23a540b464@group-CF7D474DFDFA-FollowerState
2021-08-23 23:19:58,362 [grpc-default-executor-2] INFO  impl.RoleInfo (RoleInfo.java:updateAndGet(130)) - 7fc41cb1-4817-42a7-9d7d-8c23a540b464: start 7fc41cb1-4817-42a7-9d7d-8c23a540b464@group-CF7D474DFDFA-FollowerState
2021-08-23 23:19:58,362 [7fc41cb1-4817-42a7-9d7d-8c23a540b464@group-CF7D474DFDFA-FollowerState] INFO  impl.FollowerState (FollowerState.java:run(143)) - 7fc41cb1-4817-42a7-9d7d-8c23a540b464@group-CF7D474DFDFA-FollowerState was interrupted: {}
java.lang.InterruptedException: sleep interrupted
	at java.lang.Thread.sleep(Native Method)
	at java.lang.Thread.sleep(Thread.java:340)
	at java.util.concurrent.TimeUnit.sleep(TimeUnit.java:386)
	at org.apache.ratis.util.TimeDuration.sleep(TimeDuration.java:324)
	at org.apache.ratis.util.TimeDuration.sleep(TimeDuration.java:309)
	at org.apache.ratis.server.impl.FollowerState.run(FollowerState.java:118)
2021-08-23 23:19:58,367 [grpc-default-executor-2] INFO  server.RaftServer$Division (RaftServerImpl.java:requestVote(1075)) - 7fc41cb1-4817-42a7-9d7d-8c23a540b464@group-CF7D474DFDFA replies to ELECTION vote request: cb3402e3-c902-40a3-9f81-e5c4ad664dcb<-7fc41cb1-4817-42a7-9d7d-8c23a540b464#0:OK-t4. Peer's state: 7fc41cb1-4817-42a7-9d7d-8c23a540b464@group-CF7D474DFDFA:t4, leader=null, voted=cb3402e3-c902-40a3-9f81-e5c4ad664dcb, raftlog=7fc41cb1-4817-42a7-9d7d-8c23a540b464@group-CF7D474DFDFA-SegmentedRaftLog:OPENED:c-1,f-1,i0, conf=-1: [cb3402e3-c902-40a3-9f81-e5c4ad664dcb|rpc:10.1.0.66:42775|dataStream:|priority:0, 3238dd0b-ba1a-45d4-9446-116bc825e875|rpc:10.1.0.66:42759|dataStream:|priority:1, 7fc41cb1-4817-42a7-9d7d-8c23a540b464|rpc:10.1.0.66:44581|dataStream:|priority:0], old=null
2021-08-23 23:20:03,423 [3238dd0b-ba1a-45d4-9446-116bc825e875@group-CF7D474DFDFA-FollowerState] INFO  impl.FollowerState (FollowerState.java:run(134)) - 3238dd0b-ba1a-45d4-9446-116bc825e875@group-CF7D474DFDFA-FollowerState: change to CANDIDATE, lastRpcElapsedTime:5068051229ns, electionTimeout:5063ms
2021-08-23 23:20:03,423 [3238dd0b-ba1a-45d4-9446-116bc825e875@group-CF7D474DFDFA-FollowerState] INFO  impl.RoleInfo (RoleInfo.java:shutdownFollowerState(108)) - 3238dd0b-ba1a-45d4-9446-116bc825e875: shutdown 3238dd0b-ba1a-45d4-9446-116bc825e875@group-CF7D474DFDFA-FollowerState
2021-08-23 23:20:03,423 [3238dd0b-ba1a-45d4-9446-116bc825e875@group-CF7D474DFDFA-FollowerState] INFO  server.RaftServer$Division (RaftServerImpl.java:setRole(285)) - 3238dd0b-ba1a-45d4-9446-116bc825e875@group-CF7D474DFDFA: changes role from  FOLLOWER to CANDIDATE at term 4 for changeToCandidate
2021-08-23 23:20:03,423 [3238dd0b-ba1a-45d4-9446-116bc825e875@group-CF7D474DFDFA-FollowerState] INFO  server.RaftServerConfigKeys (ConfUtils.java:logGet(44)) - raft.server.leaderelection.pre-vote = false (custom)
2021-08-23 23:20:03,423 [3238dd0b-ba1a-45d4-9446-116bc825e875@group-CF7D474DFDFA-FollowerState] INFO  impl.RoleInfo (RoleInfo.java:updateAndGet(130)) - 3238dd0b-ba1a-45d4-9446-116bc825e875: start 3238dd0b-ba1a-45d4-9446-116bc825e875@group-CF7D474DFDFA-LeaderElection19
2021-08-23 23:20:03,426 [3238dd0b-ba1a-45d4-9446-116bc825e875@group-CF7D474DFDFA-LeaderElection19] INFO  impl.LeaderElection (LeaderElection.java:askForVotes(306)) - 3238dd0b-ba1a-45d4-9446-116bc825e875@group-CF7D474DFDFA-LeaderElection19 ELECTION round 0: submit vote requests at term 5 for 0: [cb3402e3-c902-40a3-9f81-e5c4ad664dcb|rpc:10.1.0.66:42775|dataStream:|priority:0, 3238dd0b-ba1a-45d4-9446-116bc825e875|rpc:10.1.0.66:42759|dataStream:|priority:1, 7fc41cb1-4817-42a7-9d7d-8c23a540b464|rpc:10.1.0.66:44581|dataStream:|priority:0], old=null
2021-08-23 23:20:03,429 [grpc-default-executor-2] INFO  server.RaftServer$Division (RaftServerImpl.java:requestVote(1043)) - 7fc41cb1-4817-42a7-9d7d-8c23a540b464@group-CF7D474DFDFA: receive requestVote(ELECTION, 3238dd0b-ba1a-45d4-9446-116bc825e875, group-CF7D474DFDFA, 5, (t:1, i:0))
2021-08-23 23:20:03,430 [grpc-default-executor-2] INFO  impl.VoteContext (VoteContext.java:log(48)) - 7fc41cb1-4817-42a7-9d7d-8c23a540b464@group-CF7D474DFDFA-FOLLOWER: accept ELECTION from 3238dd0b-ba1a-45d4-9446-116bc825e875: our last entry null < candidate's last entry (t:1, i:0)
2021-08-23 23:20:03,430 [grpc-default-executor-2] INFO  server.RaftServer$Division (RaftServerImpl.java:setRole(285)) - 7fc41cb1-4817-42a7-9d7d-8c23a540b464@group-CF7D474DFDFA: changes role from  FOLLOWER to FOLLOWER at term 5 for candidate:3238dd0b-ba1a-45d4-9446-116bc825e875
2021-08-23 23:20:03,430 [grpc-default-executor-2] INFO  impl.RoleInfo (RoleInfo.java:shutdownFollowerState(108)) - 7fc41cb1-4817-42a7-9d7d-8c23a540b464: shutdown 7fc41cb1-4817-42a7-9d7d-8c23a540b464@group-CF7D474DFDFA-FollowerState
2021-08-23 23:20:03,430 [grpc-default-executor-2] INFO  impl.RoleInfo (RoleInfo.java:updateAndGet(130)) - 7fc41cb1-4817-42a7-9d7d-8c23a540b464: start 7fc41cb1-4817-42a7-9d7d-8c23a540b464@group-CF7D474DFDFA-FollowerState
2021-08-23 23:20:03,430 [7fc41cb1-4817-42a7-9d7d-8c23a540b464@group-CF7D474DFDFA-FollowerState] INFO  impl.FollowerState (FollowerState.java:run(143)) - 7fc41cb1-4817-42a7-9d7d-8c23a540b464@group-CF7D474DFDFA-FollowerState was interrupted: {}
java.lang.InterruptedException: sleep interrupted
	at java.lang.Thread.sleep(Native Method)
	at java.lang.Thread.sleep(Thread.java:340)
	at java.util.concurrent.TimeUnit.sleep(TimeUnit.java:386)
	at org.apache.ratis.util.TimeDuration.sleep(TimeDuration.java:324)
	at org.apache.ratis.util.TimeDuration.sleep(TimeDuration.java:309)
	at org.apache.ratis.server.impl.FollowerState.run(FollowerState.java:118)
2021-08-23 23:20:03,441 [grpc-default-executor-2] INFO  server.RaftServer$Division (RaftServerImpl.java:requestVote(1075)) - 7fc41cb1-4817-42a7-9d7d-8c23a540b464@group-CF7D474DFDFA replies to ELECTION vote request: 3238dd0b-ba1a-45d4-9446-116bc825e875<-7fc41cb1-4817-42a7-9d7d-8c23a540b464#0:OK-t5. Peer's state: 7fc41cb1-4817-42a7-9d7d-8c23a540b464@group-CF7D474DFDFA:t5, leader=null, voted=3238dd0b-ba1a-45d4-9446-116bc825e875, raftlog=7fc41cb1-4817-42a7-9d7d-8c23a540b464@group-CF7D474DFDFA-SegmentedRaftLog:OPENED:c-1,f-1,i0, conf=-1: [cb3402e3-c902-40a3-9f81-e5c4ad664dcb|rpc:10.1.0.66:42775|dataStream:|priority:0, 3238dd0b-ba1a-45d4-9446-116bc825e875|rpc:10.1.0.66:42759|dataStream:|priority:1, 7fc41cb1-4817-42a7-9d7d-8c23a540b464|rpc:10.1.0.66:44581|dataStream:|priority:0], old=null
2021-08-23 23:20:03,441 [grpc-default-executor-1] INFO  server.RaftServer$Division (RaftServerImpl.java:requestVote(1043)) - cb3402e3-c902-40a3-9f81-e5c4ad664dcb@group-CF7D474DFDFA: receive requestVote(ELECTION, 3238dd0b-ba1a-45d4-9446-116bc825e875, group-CF7D474DFDFA, 5, (t:1, i:0))
2021-08-23 23:20:03,441 [grpc-default-executor-1] INFO  impl.VoteContext (VoteContext.java:log(48)) - cb3402e3-c902-40a3-9f81-e5c4ad664dcb@group-CF7D474DFDFA-FOLLOWER: accept ELECTION from 3238dd0b-ba1a-45d4-9446-116bc825e875: our last entry null < candidate's last entry (t:1, i:0)
2021-08-23 23:20:03,442 [grpc-default-executor-1] INFO  server.RaftServer$Division (RaftServerImpl.java:setRole(285)) - cb3402e3-c902-40a3-9f81-e5c4ad664dcb@group-CF7D474DFDFA: changes role from  FOLLOWER to FOLLOWER at term 5 for candidate:3238dd0b-ba1a-45d4-9446-116bc825e875
2021-08-23 23:20:03,442 [grpc-default-executor-1] INFO  impl.RoleInfo (RoleInfo.java:shutdownFollowerState(108)) - cb3402e3-c902-40a3-9f81-e5c4ad664dcb: shutdown cb3402e3-c902-40a3-9f81-e5c4ad664dcb@group-CF7D474DFDFA-FollowerState
2021-08-23 23:20:03,442 [grpc-default-executor-1] INFO  impl.RoleInfo (RoleInfo.java:updateAndGet(130)) - cb3402e3-c902-40a3-9f81-e5c4ad664dcb: start cb3402e3-c902-40a3-9f81-e5c4ad664dcb@group-CF7D474DFDFA-FollowerState
2021-08-23 23:20:03,442 [cb3402e3-c902-40a3-9f81-e5c4ad664dcb@group-CF7D474DFDFA-FollowerState] INFO  impl.FollowerState (FollowerState.java:run(143)) - cb3402e3-c902-40a3-9f81-e5c4ad664dcb@group-CF7D474DFDFA-FollowerState was interrupted: {}
java.lang.InterruptedException: sleep interrupted
	at java.lang.Thread.sleep(Native Method)
	at java.lang.Thread.sleep(Thread.java:340)
	at java.util.concurrent.TimeUnit.sleep(TimeUnit.java:386)
	at org.apache.ratis.util.TimeDuration.sleep(TimeDuration.java:324)
	at org.apache.ratis.util.TimeDuration.sleep(TimeDuration.java:309)
	at org.apache.ratis.server.impl.FollowerState.run(FollowerState.java:118)
2021-08-23 23:20:03,444 [3238dd0b-ba1a-45d4-9446-116bc825e875@group-CF7D474DFDFA-LeaderElection19] INFO  impl.LeaderElection (LeaderElection.java:logAndReturn(89)) - 3238dd0b-ba1a-45d4-9446-116bc825e875@group-CF7D474DFDFA-LeaderElection19: ELECTION PASSED received 1 response(s) and 0 exception(s):
2021-08-23 23:20:03,444 [3238dd0b-ba1a-45d4-9446-116bc825e875@group-CF7D474DFDFA-LeaderElection19] INFO  impl.LeaderElection (LeaderElection.java:logAndReturn(93)) -   Response 0: 3238dd0b-ba1a-45d4-9446-116bc825e875<-7fc41cb1-4817-42a7-9d7d-8c23a540b464#0:OK-t5
2021-08-23 23:20:03,444 [3238dd0b-ba1a-45d4-9446-116bc825e875@group-CF7D474DFDFA-LeaderElection19] INFO  impl.LeaderElection (LeaderElection.java:askForVotes(308)) - 3238dd0b-ba1a-45d4-9446-116bc825e875@group-CF7D474DFDFA-LeaderElection19 ELECTION round 0: result PASSED
2021-08-23 23:20:03,444 [3238dd0b-ba1a-45d4-9446-116bc825e875@group-CF7D474DFDFA-LeaderElection19] INFO  impl.RoleInfo (RoleInfo.java:shutdownLeaderElection(121)) - 3238dd0b-ba1a-45d4-9446-116bc825e875: shutdown 3238dd0b-ba1a-45d4-9446-116bc825e875@group-CF7D474DFDFA-LeaderElection19
2021-08-23 23:20:03,444 [3238dd0b-ba1a-45d4-9446-116bc825e875@group-CF7D474DFDFA-LeaderElection19] INFO  server.RaftServer$Division (RaftServerImpl.java:setRole(285)) - 3238dd0b-ba1a-45d4-9446-116bc825e875@group-CF7D474DFDFA: changes role from CANDIDATE to LEADER at term 5 for changeToLeader
2021-08-23 23:20:03,444 [3238dd0b-ba1a-45d4-9446-116bc825e875@group-CF7D474DFDFA-LeaderElection19] INFO  ratis.XceiverServerRatis (XceiverServerRatis.java:handleLeaderChangedNotification(861)) - Leader change notification received for group: group-CF7D474DFDFA with new leaderId: 3238dd0b-ba1a-45d4-9446-116bc825e875
2021-08-23 23:20:03,444 [3238dd0b-ba1a-45d4-9446-116bc825e875@group-CF7D474DFDFA-LeaderElection19] INFO  server.RaftServer$Division (ServerState.java:setLeader(285)) - 3238dd0b-ba1a-45d4-9446-116bc825e875@group-CF7D474DFDFA: change Leader from null to 3238dd0b-ba1a-45d4-9446-116bc825e875 at term 5 for becomeLeader, leader elected after 15237ms
2021-08-23 23:20:03,445 [3238dd0b-ba1a-45d4-9446-116bc825e875@group-CF7D474DFDFA-LeaderElection19] INFO  server.RaftServerConfigKeys (ConfUtils.java:logGet(44)) - raft.server.staging.catchup.gap = 1000 (default)
2021-08-23 23:20:03,446 [3238dd0b-ba1a-45d4-9446-116bc825e875@group-CF7D474DFDFA-LeaderElection19] INFO  server.RaftServerConfigKeys (ConfUtils.java:logGet(44)) - raft.server.write.element-limit = 1024 (custom)
2021-08-23 23:20:03,446 [3238dd0b-ba1a-45d4-9446-116bc825e875@group-CF7D474DFDFA-LeaderElection19] INFO  server.RaftServerConfigKeys (ConfUtils.java:logGet(44)) - raft.server.write.byte-limit = 1024 M (=1073741824) (custom)
2021-08-23 23:20:03,446 [3238dd0b-ba1a-45d4-9446-116bc825e875@group-CF7D474DFDFA-LeaderElection19] INFO  server.RaftServerConfigKeys (ConfUtils.java:logGet(44)) - raft.server.watch.timeout = 3000ms (custom)
2021-08-23 23:20:03,446 [3238dd0b-ba1a-45d4-9446-116bc825e875@group-CF7D474DFDFA-LeaderElection19] INFO  server.RaftServerConfigKeys (ConfUtils.java:logGet(44)) - raft.server.watch.timeout.denomination = 1s (default)
2021-08-23 23:20:03,446 [3238dd0b-ba1a-45d4-9446-116bc825e875@group-CF7D474DFDFA-LeaderElection19] INFO  server.RaftServerConfigKeys (ConfUtils.java:logGet(44)) - raft.server.watch.element-limit = 65536 (default)
2021-08-23 23:20:03,446 [3238dd0b-ba1a-45d4-9446-116bc825e875@group-CF7D474DFDFA-LeaderElection19] INFO  server.RaftServerConfigKeys (ConfUtils.java:logGet(44)) - raft.server.log.appender.snapshot.chunk.size.max = 16MB (=16777216) (default)
2021-08-23 23:20:03,448 [3238dd0b-ba1a-45d4-9446-116bc825e875@group-CF7D474DFDFA-LeaderElection19] INFO  server.RaftServerConfigKeys (ConfUtils.java:logGet(44)) - raft.server.log.appender.buffer.byte-limit = 33554432 (custom)
2021-08-23 23:20:03,448 [3238dd0b-ba1a-45d4-9446-116bc825e875@group-CF7D474DFDFA-LeaderElection19] INFO  server.RaftServerConfigKeys (ConfUtils.java:logGet(44)) - raft.server.log.appender.buffer.element-limit = 1 (custom)
2021-08-23 23:20:03,448 [3238dd0b-ba1a-45d4-9446-116bc825e875@group-CF7D474DFDFA-LeaderElection19] INFO  grpc.GrpcConfigKeys (ConfUtils.java:logGet(44)) - raft.grpc.server.leader.outstanding.appends.max = 128 (default)
2021-08-23 23:20:03,448 [3238dd0b-ba1a-45d4-9446-116bc825e875@group-CF7D474DFDFA-LeaderElection19] INFO  server.RaftServerConfigKeys (ConfUtils.java:logGet(44)) - raft.server.rpc.request.timeout = 3000ms (default)
2021-08-23 23:20:03,448 [3238dd0b-ba1a-45d4-9446-116bc825e875@group-CF7D474DFDFA-LeaderElection19] INFO  server.RaftServerConfigKeys (ConfUtils.java:logGet(44)) - raft.server.log.appender.install.snapshot.enabled = false (custom)
2021-08-23 23:20:03,445 [Datanode State Machine Thread - 0] WARN  statemachine.StateContext (StateContext.java:execute(621)) - No available thread in pool for past 1 seconds.
2021-08-23 23:20:03,445 [grpc-default-executor-1] INFO  server.RaftServer$Division (RaftServerImpl.java:requestVote(1075)) - cb3402e3-c902-40a3-9f81-e5c4ad664dcb@group-CF7D474DFDFA replies to ELECTION vote request: 3238dd0b-ba1a-45d4-9446-116bc825e875<-cb3402e3-c902-40a3-9f81-e5c4ad664dcb#0:OK-t5. Peer's state: cb3402e3-c902-40a3-9f81-e5c4ad664dcb@group-CF7D474DFDFA:t5, leader=null, voted=3238dd0b-ba1a-45d4-9446-116bc825e875, raftlog=cb3402e3-c902-40a3-9f81-e5c4ad664dcb@group-CF7D474DFDFA-SegmentedRaftLog:OPENED:c-1,f-1,i0, conf=-1: [cb3402e3-c902-40a3-9f81-e5c4ad664dcb|rpc:10.1.0.66:42775|dataStream:|priority:0, 3238dd0b-ba1a-45d4-9446-116bc825e875|rpc:10.1.0.66:42759|dataStream:|priority:1, 7fc41cb1-4817-42a7-9d7d-8c23a540b464|rpc:10.1.0.66:44581|dataStream:|priority:0], old=null
2021-08-23 23:20:03,451 [3238dd0b-ba1a-45d4-9446-116bc825e875@group-CF7D474DFDFA-LeaderElection19] INFO  server.RaftServerConfigKeys (ConfUtils.java:logGet(44)) - raft.server.log.appender.snapshot.chunk.size.max = 16MB (=16777216) (default)
2021-08-23 23:20:03,451 [3238dd0b-ba1a-45d4-9446-116bc825e875@group-CF7D474DFDFA-LeaderElection19] INFO  server.RaftServerConfigKeys (ConfUtils.java:logGet(44)) - raft.server.log.appender.buffer.byte-limit = 33554432 (custom)
2021-08-23 23:20:03,451 [3238dd0b-ba1a-45d4-9446-116bc825e875@group-CF7D474DFDFA-LeaderElection19] INFO  server.RaftServerConfigKeys (ConfUtils.java:logGet(44)) - raft.server.log.appender.buffer.element-limit = 1 (custom)
2021-08-23 23:20:03,452 [3238dd0b-ba1a-45d4-9446-116bc825e875@group-CF7D474DFDFA-LeaderElection19] INFO  grpc.GrpcConfigKeys (ConfUtils.java:logGet(44)) - raft.grpc.server.leader.outstanding.appends.max = 128 (default)
2021-08-23 23:20:03,452 [3238dd0b-ba1a-45d4-9446-116bc825e875@group-CF7D474DFDFA-LeaderElection19] INFO  server.RaftServerConfigKeys (ConfUtils.java:logGet(44)) - raft.server.rpc.request.timeout = 3000ms (default)
2021-08-23 23:20:03,452 [3238dd0b-ba1a-45d4-9446-116bc825e875@group-CF7D474DFDFA-LeaderElection19] INFO  server.RaftServerConfigKeys (ConfUtils.java:logGet(44)) - raft.server.log.appender.install.snapshot.enabled = false (custom)
2021-08-23 23:20:03,452 [3238dd0b-ba1a-45d4-9446-116bc825e875@group-CF7D474DFDFA-LeaderElection19] INFO  impl.RoleInfo (RoleInfo.java:updateAndGet(130)) - 3238dd0b-ba1a-45d4-9446-116bc825e875: start 3238dd0b-ba1a-45d4-9446-116bc825e875@group-CF7D474DFDFA-LeaderStateImpl
2021-08-23 23:20:03,453 [3238dd0b-ba1a-45d4-9446-116bc825e875@group-CF7D474DFDFA-LeaderElection19] INFO  segmented.SegmentedRaftLogWorker (SegmentedRaftLogWorker.java:rollLogSegment(399)) - 3238dd0b-ba1a-45d4-9446-116bc825e875@group-CF7D474DFDFA-SegmentedRaftLogWorker: Rolling segment log-0_0 to index:0
2021-08-23 23:20:03,455 [3238dd0b-ba1a-45d4-9446-116bc825e875@group-CF7D474DFDFA-SegmentedRaftLogWorker] INFO  segmented.SegmentedRaftLogWorker (SegmentedRaftLogWorker.java:execute(558)) - 3238dd0b-ba1a-45d4-9446-116bc825e875@group-CF7D474DFDFA-SegmentedRaftLogWorker: Rolled log segment from /home/runner/work/ozone/ozone/hadoop-ozone/integration-test/target/test-dir/MiniOzoneClusterImpl-994ab01d-a5c0-4516-a51a-b70458bd9cc3/datanode-3/data/ratis/e136d1d0-d591-4cb2-84c9-cf7d474dfdfa/current/log_inprogress_0 to /home/runner/work/ozone/ozone/hadoop-ozone/integration-test/target/test-dir/MiniOzoneClusterImpl-994ab01d-a5c0-4516-a51a-b70458bd9cc3/datanode-3/data/ratis/e136d1d0-d591-4cb2-84c9-cf7d474dfdfa/current/log_0-0
2021-08-23 23:20:03,457 [3238dd0b-ba1a-45d4-9446-116bc825e875@group-CF7D474DFDFA-SegmentedRaftLogWorker] INFO  segmented.SegmentedRaftLogWorker (SegmentedRaftLogWorker.java:execute(601)) - 3238dd0b-ba1a-45d4-9446-116bc825e875@group-CF7D474DFDFA-SegmentedRaftLogWorker: created new log segment /home/runner/work/ozone/ozone/hadoop-ozone/integration-test/target/test-dir/MiniOzoneClusterImpl-994ab01d-a5c0-4516-a51a-b70458bd9cc3/datanode-3/data/ratis/e136d1d0-d591-4cb2-84c9-cf7d474dfdfa/current/log_inprogress_1
2021-08-23 23:20:03,459 [grpc-default-executor-2] INFO  ratis.XceiverServerRatis (XceiverServerRatis.java:handleLeaderChangedNotification(861)) - Leader change notification received for group: group-CF7D474DFDFA with new leaderId: 3238dd0b-ba1a-45d4-9446-116bc825e875
2021-08-23 23:20:03,459 [grpc-default-executor-2] INFO  server.RaftServer$Division (ServerState.java:setLeader(285)) - cb3402e3-c902-40a3-9f81-e5c4ad664dcb@group-CF7D474DFDFA: change Leader from null to 3238dd0b-ba1a-45d4-9446-116bc825e875 at term 5 for appendEntries, leader elected after 20366ms
2021-08-23 23:20:03,459 [grpc-default-executor-2] INFO  server.RaftServer$Division (RaftServerImpl.java:checkInconsistentAppendEntries(1319)) - cb3402e3-c902-40a3-9f81-e5c4ad664dcb@group-CF7D474DFDFA: Failed appendEntries as previous log entry ((t:1, i:0)) is not found
2021-08-23 23:20:03,459 [grpc-default-executor-2] INFO  server.RaftServer$Division (RaftServerImpl.java:checkInconsistentAppendEntries(1285)) - cb3402e3-c902-40a3-9f81-e5c4ad664dcb@group-CF7D474DFDFA: inconsistency entries. Reply:3238dd0b-ba1a-45d4-9446-116bc825e875<-cb3402e3-c902-40a3-9f81-e5c4ad664dcb#0:FAIL-t5,INCONSISTENCY,nextIndex=0,followerCommit=-1
2021-08-23 23:20:03,459 [3238dd0b-ba1a-45d4-9446-116bc825e875@group-CF7D474DFDFA-LeaderElection19] INFO  server.RaftServer$Division (ServerState.java:setRaftConf(387)) - 3238dd0b-ba1a-45d4-9446-116bc825e875@group-CF7D474DFDFA: set configuration 1: [cb3402e3-c902-40a3-9f81-e5c4ad664dcb|rpc:10.1.0.66:42775|dataStream:|priority:0, 3238dd0b-ba1a-45d4-9446-116bc825e875|rpc:10.1.0.66:42759|dataStream:|priority:1, 7fc41cb1-4817-42a7-9d7d-8c23a540b464|rpc:10.1.0.66:44581|dataStream:|priority:0], old=null
2021-08-23 23:20:03,468 [grpc-default-executor-2] INFO  server.RaftServer$Division (RaftServerImpl.java:checkInconsistentAppendEntries(1319)) - cb3402e3-c902-40a3-9f81-e5c4ad664dcb@group-CF7D474DFDFA: Failed appendEntries as previous log entry ((t:1, i:0)) is not found
2021-08-23 23:20:03,468 [grpc-default-executor-2] INFO  server.RaftServer$Division (RaftServerImpl.java:checkInconsistentAppendEntries(1285)) - cb3402e3-c902-40a3-9f81-e5c4ad664dcb@group-CF7D474DFDFA: inconsistency entries. Reply:3238dd0b-ba1a-45d4-9446-116bc825e875<-cb3402e3-c902-40a3-9f81-e5c4ad664dcb#1:FAIL-t5,INCONSISTENCY,nextIndex=0,followerCommit=-1
2021-08-23 23:20:03,470 [grpc-default-executor-2] INFO  leader.FollowerInfo (FollowerInfoImpl.java:lambda$new$0(46)) - 3238dd0b-ba1a-45d4-9446-116bc825e875@group-CF7D474DFDFA->cb3402e3-c902-40a3-9f81-e5c4ad664dcb: nextIndex: updateUnconditionally 2 -> 0
2021-08-23 23:20:03,471 [grpc-default-executor-1] INFO  leader.FollowerInfo (FollowerInfoImpl.java:lambda$new$0(46)) - 3238dd0b-ba1a-45d4-9446-116bc825e875@group-CF7D474DFDFA->cb3402e3-c902-40a3-9f81-e5c4ad664dcb: nextIndex: updateUnconditionally 2 -> 0
2021-08-23 23:20:03,472 [grpc-default-executor-1] INFO  server.RaftServer$Division (ServerState.java:setRaftConf(387)) - cb3402e3-c902-40a3-9f81-e5c4ad664dcb@group-CF7D474DFDFA: set configuration 0: [cb3402e3-c902-40a3-9f81-e5c4ad664dcb|rpc:10.1.0.66:42775|dataStream:|priority:0, 3238dd0b-ba1a-45d4-9446-116bc825e875|rpc:10.1.0.66:42759|dataStream:|priority:1, 7fc41cb1-4817-42a7-9d7d-8c23a540b464|rpc:10.1.0.66:44581|dataStream:|priority:0], old=null
2021-08-23 23:20:03,472 [grpc-default-executor-1] INFO  segmented.SegmentedRaftLogWorker (SegmentedRaftLogWorker.java:startLogSegment(394)) - cb3402e3-c902-40a3-9f81-e5c4ad664dcb@group-CF7D474DFDFA-SegmentedRaftLogWorker: Starting segment from index:0
2021-08-23 23:20:03,472 [grpc-default-executor-2] INFO  ratis.XceiverServerRatis (XceiverServerRatis.java:handleLeaderChangedNotification(861)) - Leader change notification received for group: group-CF7D474DFDFA with new leaderId: 3238dd0b-ba1a-45d4-9446-116bc825e875
2021-08-23 23:20:03,472 [grpc-default-executor-2] INFO  server.RaftServer$Division (ServerState.java:setLeader(285)) - 7fc41cb1-4817-42a7-9d7d-8c23a540b464@group-CF7D474DFDFA: change Leader from null to 3238dd0b-ba1a-45d4-9446-116bc825e875 at term 5 for appendEntries, leader elected after 20417ms
2021-08-23 23:20:03,472 [grpc-default-executor-2] INFO  server.RaftServer$Division (RaftServerImpl.java:checkInconsistentAppendEntries(1319)) - 7fc41cb1-4817-42a7-9d7d-8c23a540b464@group-CF7D474DFDFA: Failed appendEntries as previous log entry ((t:1, i:0)) is not found
2021-08-23 23:20:03,473 [grpc-default-executor-2] INFO  server.RaftServer$Division (RaftServerImpl.java:checkInconsistentAppendEntries(1285)) - 7fc41cb1-4817-42a7-9d7d-8c23a540b464@group-CF7D474DFDFA: inconsistency entries. Reply:3238dd0b-ba1a-45d4-9446-116bc825e875<-7fc41cb1-4817-42a7-9d7d-8c23a540b464#0:FAIL-t5,INCONSISTENCY,nextIndex=0,followerCommit=-1
2021-08-23 23:20:03,473 [grpc-default-executor-1] INFO  server.RaftServer$Division (ServerState.java:setRaftConf(387)) - cb3402e3-c902-40a3-9f81-e5c4ad664dcb@group-CF7D474DFDFA: set configuration 1: [cb3402e3-c902-40a3-9f81-e5c4ad664dcb|rpc:10.1.0.66:42775|dataStream:|priority:0, 3238dd0b-ba1a-45d4-9446-116bc825e875|rpc:10.1.0.66:42759|dataStream:|priority:1, 7fc41cb1-4817-42a7-9d7d-8c23a540b464|rpc:10.1.0.66:44581|dataStream:|priority:0], old=null
2021-08-23 23:20:03,473 [grpc-default-executor-1] INFO  segmented.SegmentedRaftLogWorker (SegmentedRaftLogWorker.java:rollLogSegment(399)) - cb3402e3-c902-40a3-9f81-e5c4ad664dcb@group-CF7D474DFDFA-SegmentedRaftLogWorker: Rolling segment log-0_0 to index:0
2021-08-23 23:20:03,475 [cb3402e3-c902-40a3-9f81-e5c4ad664dcb@group-CF7D474DFDFA-SegmentedRaftLogWorker] INFO  segmented.SegmentedRaftLogWorker (SegmentedRaftLogWorker.java:execute(601)) - cb3402e3-c902-40a3-9f81-e5c4ad664dcb@group-CF7D474DFDFA-SegmentedRaftLogWorker: created new log segment /home/runner/work/ozone/ozone/hadoop-ozone/integration-test/target/test-dir/MiniOzoneClusterImpl-994ab01d-a5c0-4516-a51a-b70458bd9cc3/datanode-4/data/ratis/e136d1d0-d591-4cb2-84c9-cf7d474dfdfa/current/log_inprogress_0
2021-08-23 23:20:03,477 [cb3402e3-c902-40a3-9f81-e5c4ad664dcb@group-CF7D474DFDFA-SegmentedRaftLogWorker] INFO  segmented.SegmentedRaftLogWorker (SegmentedRaftLogWorker.java:execute(558)) - cb3402e3-c902-40a3-9f81-e5c4ad664dcb@group-CF7D474DFDFA-SegmentedRaftLogWorker: Rolled log segment from /home/runner/work/ozone/ozone/hadoop-ozone/integration-test/target/test-dir/MiniOzoneClusterImpl-994ab01d-a5c0-4516-a51a-b70458bd9cc3/datanode-4/data/ratis/e136d1d0-d591-4cb2-84c9-cf7d474dfdfa/current/log_inprogress_0 to /home/runner/work/ozone/ozone/hadoop-ozone/integration-test/target/test-dir/MiniOzoneClusterImpl-994ab01d-a5c0-4516-a51a-b70458bd9cc3/datanode-4/data/ratis/e136d1d0-d591-4cb2-84c9-cf7d474dfdfa/current/log_0-0
2021-08-23 23:20:03,479 [grpc-default-executor-0] INFO  leader.FollowerInfo (FollowerInfoImpl.java:lambda$new$0(46)) - 3238dd0b-ba1a-45d4-9446-116bc825e875@group-CF7D474DFDFA->7fc41cb1-4817-42a7-9d7d-8c23a540b464: nextIndex: updateUnconditionally 2 -> 0
2021-08-23 23:20:03,479 [cb3402e3-c902-40a3-9f81-e5c4ad664dcb@group-CF7D474DFDFA-SegmentedRaftLogWorker] INFO  segmented.SegmentedRaftLogWorker (SegmentedRaftLogWorker.java:execute(601)) - cb3402e3-c902-40a3-9f81-e5c4ad664dcb@group-CF7D474DFDFA-SegmentedRaftLogWorker: created new log segment /home/runner/work/ozone/ozone/hadoop-ozone/integration-test/target/test-dir/MiniOzoneClusterImpl-994ab01d-a5c0-4516-a51a-b70458bd9cc3/datanode-4/data/ratis/e136d1d0-d591-4cb2-84c9-cf7d474dfdfa/current/log_inprogress_1
2021-08-23 23:20:03,479 [grpc-default-executor-0] INFO  server.RaftServer$Division (ServerState.java:setRaftConf(387)) - cb3402e3-c902-40a3-9f81-e5c4ad664dcb@group-CF7D474DFDFA: set configuration 0: [cb3402e3-c902-40a3-9f81-e5c4ad664dcb|rpc:10.1.0.66:42775|dataStream:|priority:0, 3238dd0b-ba1a-45d4-9446-116bc825e875|rpc:10.1.0.66:42759|dataStream:|priority:1, 7fc41cb1-4817-42a7-9d7d-8c23a540b464|rpc:10.1.0.66:44581|dataStream:|priority:0], old=null
2021-08-23 23:20:03,484 [grpc-default-executor-0] INFO  server.RaftServer$Division (ServerState.java:setRaftConf(387)) - cb3402e3-c902-40a3-9f81-e5c4ad664dcb@group-CF7D474DFDFA: set configuration 1: [cb3402e3-c902-40a3-9f81-e5c4ad664dcb|rpc:10.1.0.66:42775|dataStream:|priority:0, 3238dd0b-ba1a-45d4-9446-116bc825e875|rpc:10.1.0.66:42759|dataStream:|priority:1, 7fc41cb1-4817-42a7-9d7d-8c23a540b464|rpc:10.1.0.66:44581|dataStream:|priority:0], old=null
2021-08-23 23:20:03,485 [grpc-default-executor-1] INFO  server.RaftServer$Division (RaftServerImpl.java:checkInconsistentAppendEntries(1319)) - 7fc41cb1-4817-42a7-9d7d-8c23a540b464@group-CF7D474DFDFA: Failed appendEntries as previous log entry ((t:1, i:0)) is not found
2021-08-23 23:20:03,485 [grpc-default-executor-1] INFO  server.RaftServer$Division (RaftServerImpl.java:checkInconsistentAppendEntries(1285)) - 7fc41cb1-4817-42a7-9d7d-8c23a540b464@group-CF7D474DFDFA: inconsistency entries. Reply:3238dd0b-ba1a-45d4-9446-116bc825e875<-7fc41cb1-4817-42a7-9d7d-8c23a540b464#1:FAIL-t5,INCONSISTENCY,nextIndex=0,followerCommit=-1
2021-08-23 23:20:03,491 [grpc-default-executor-1] INFO  leader.FollowerInfo (FollowerInfoImpl.java:lambda$new$0(46)) - 3238dd0b-ba1a-45d4-9446-116bc825e875@group-CF7D474DFDFA->7fc41cb1-4817-42a7-9d7d-8c23a540b464: nextIndex: updateUnconditionally 3 -> 0
2021-08-23 23:20:03,501 [grpc-default-executor-2] INFO  server.RaftServer$Division (ServerState.java:setRaftConf(387)) - 7fc41cb1-4817-42a7-9d7d-8c23a540b464@group-CF7D474DFDFA: set configuration 0: [cb3402e3-c902-40a3-9f81-e5c4ad664dcb|rpc:10.1.0.66:42775|dataStream:|priority:0, 3238dd0b-ba1a-45d4-9446-116bc825e875|rpc:10.1.0.66:42759|dataStream:|priority:1, 7fc41cb1-4817-42a7-9d7d-8c23a540b464|rpc:10.1.0.66:44581|dataStream:|priority:0], old=null
2021-08-23 23:20:03,501 [grpc-default-executor-2] INFO  segmented.SegmentedRaftLogWorker (SegmentedRaftLogWorker.java:startLogSegment(394)) - 7fc41cb1-4817-42a7-9d7d-8c23a540b464@group-CF7D474DFDFA-SegmentedRaftLogWorker: Starting segment from index:0
2021-08-23 23:20:03,503 [grpc-default-executor-2] INFO  server.RaftServer$Division (ServerState.java:setRaftConf(387)) - 7fc41cb1-4817-42a7-9d7d-8c23a540b464@group-CF7D474DFDFA: set configuration 1: [cb3402e3-c902-40a3-9f81-e5c4ad664dcb|rpc:10.1.0.66:42775|dataStream:|priority:0, 3238dd0b-ba1a-45d4-9446-116bc825e875|rpc:10.1.0.66:42759|dataStream:|priority:1, 7fc41cb1-4817-42a7-9d7d-8c23a540b464|rpc:10.1.0.66:44581|dataStream:|priority:0], old=null
2021-08-23 23:20:03,504 [7fc41cb1-4817-42a7-9d7d-8c23a540b464@group-CF7D474DFDFA-SegmentedRaftLogWorker] INFO  segmented.SegmentedRaftLogWorker (SegmentedRaftLogWorker.java:execute(601)) - 7fc41cb1-4817-42a7-9d7d-8c23a540b464@group-CF7D474DFDFA-SegmentedRaftLogWorker: created new log segment /home/runner/work/ozone/ozone/hadoop-ozone/integration-test/target/test-dir/MiniOzoneClusterImpl-994ab01d-a5c0-4516-a51a-b70458bd9cc3/datanode-5/data/ratis/e136d1d0-d591-4cb2-84c9-cf7d474dfdfa/current/log_inprogress_0
2021-08-23 23:20:03,504 [grpc-default-executor-2] INFO  segmented.SegmentedRaftLogWorker (SegmentedRaftLogWorker.java:rollLogSegment(399)) - 7fc41cb1-4817-42a7-9d7d-8c23a540b464@group-CF7D474DFDFA-SegmentedRaftLogWorker: Rolling segment log-0_0 to index:0
2021-08-23 23:20:03,505 [grpc-default-executor-2] INFO  server.RaftServer$Division (ServerState.java:setRaftConf(387)) - 7fc41cb1-4817-42a7-9d7d-8c23a540b464@group-CF7D474DFDFA: set configuration 0: [cb3402e3-c902-40a3-9f81-e5c4ad664dcb|rpc:10.1.0.66:42775|dataStream:|priority:0, 3238dd0b-ba1a-45d4-9446-116bc825e875|rpc:10.1.0.66:42759|dataStream:|priority:1, 7fc41cb1-4817-42a7-9d7d-8c23a540b464|rpc:10.1.0.66:44581|dataStream:|priority:0], old=null
2021-08-23 23:20:03,507 [7fc41cb1-4817-42a7-9d7d-8c23a540b464@group-CF7D474DFDFA-SegmentedRaftLogWorker] INFO  segmented.SegmentedRaftLogWorker (SegmentedRaftLogWorker.java:execute(558)) - 7fc41cb1-4817-42a7-9d7d-8c23a540b464@group-CF7D474DFDFA-SegmentedRaftLogWorker: Rolled log segment from /home/runner/work/ozone/ozone/hadoop-ozone/integration-test/target/test-dir/MiniOzoneClusterImpl-994ab01d-a5c0-4516-a51a-b70458bd9cc3/datanode-5/data/ratis/e136d1d0-d591-4cb2-84c9-cf7d474dfdfa/current/log_inprogress_0 to /home/runner/work/ozone/ozone/hadoop-ozone/integration-test/target/test-dir/MiniOzoneClusterImpl-994ab01d-a5c0-4516-a51a-b70458bd9cc3/datanode-5/data/ratis/e136d1d0-d591-4cb2-84c9-cf7d474dfdfa/current/log_0-0
2021-08-23 23:20:03,508 [grpc-default-executor-2] INFO  server.RaftServer$Division (ServerState.java:setRaftConf(387)) - 7fc41cb1-4817-42a7-9d7d-8c23a540b464@group-CF7D474DFDFA: set configuration 1: [cb3402e3-c902-40a3-9f81-e5c4ad664dcb|rpc:10.1.0.66:42775|dataStream:|priority:0, 3238dd0b-ba1a-45d4-9446-116bc825e875|rpc:10.1.0.66:42759|dataStream:|priority:1, 7fc41cb1-4817-42a7-9d7d-8c23a540b464|rpc:10.1.0.66:44581|dataStream:|priority:0], old=null
2021-08-23 23:20:03,509 [7fc41cb1-4817-42a7-9d7d-8c23a540b464@group-CF7D474DFDFA-SegmentedRaftLogWorker] INFO  segmented.SegmentedRaftLogWorker (SegmentedRaftLogWorker.java:execute(601)) - 7fc41cb1-4817-42a7-9d7d-8c23a540b464@group-CF7D474DFDFA-SegmentedRaftLogWorker: created new log segment /home/runner/work/ozone/ozone/hadoop-ozone/integration-test/target/test-dir/MiniOzoneClusterImpl-994ab01d-a5c0-4516-a51a-b70458bd9cc3/datanode-5/data/ratis/e136d1d0-d591-4cb2-84c9-cf7d474dfdfa/current/log_inprogress_1
2021-08-23 23:20:04,279 [Listener at 127.0.0.1/36523] WARN  io.KeyOutputStream (KeyOutputStream.java:handleException(318)) - Encountered exception java.io.IOException: Unexpected Storage Container Exception: java.util.concurrent.CompletionException: Failed to write chunk 107544261427200001_chunk_1 into block conID: 1 locID: 107544261427200001 bcsId: 0 on the pipeline Pipeline[ Id: e136d1d0-d591-4cb2-84c9-cf7d474dfdfa, Nodes: 7fc41cb1-4817-42a7-9d7d-8c23a540b464{ip: 10.1.0.66, host: fv-az116-235.vzw04321ajxubdbcnpick5nqva.xx.internal.cloudapp.net, ports: [REPLICATION=42047, RATIS=44581, RATIS_ADMIN=44581, RATIS_SERVER=44581, STANDALONE=44473], networkLocation: /default-rack, certSerialId: null, persistedOpState: IN_SERVICE, persistedOpStateExpiryEpochSec: 0}cb3402e3-c902-40a3-9f81-e5c4ad664dcb{ip: 10.1.0.66, host: fv-az116-235.vzw04321ajxubdbcnpick5nqva.xx.internal.cloudapp.net, ports: [REPLICATION=43849, RATIS=42775, RATIS_ADMIN=42775, RATIS_SERVER=42775, STANDALONE=45817], networkLocation: /default-rack, certSerialId: null, persistedOpState: IN_SERVICE, persistedOpStateExpiryEpochSec: 0}3238dd0b-ba1a-45d4-9446-116bc825e875{ip: 10.1.0.66, host: fv-az116-235.vzw04321ajxubdbcnpick5nqva.xx.internal.cloudapp.net, ports: [REPLICATION=36049, RATIS=42759, RATIS_ADMIN=42759, RATIS_SERVER=42759, STANDALONE=41295], networkLocation: /default-rack, certSerialId: null, persistedOpState: IN_SERVICE, persistedOpStateExpiryEpochSec: 0}, ReplicationConfig: RATIS/THREE, State:OPEN, leaderId:3238dd0b-ba1a-45d4-9446-116bc825e875, CreationTimestamp2021-08-23T23:19:40.403Z[Etc/UTC]]. The last committed block length is 0, uncommitted data length is 400 retry count 0
2021-08-23 23:20:04,482 [Datanode State Machine Thread - 0] WARN  statemachine.StateContext (StateContext.java:execute(621)) - No available thread in pool for past 1 seconds.
2021-08-23 23:20:04,493 [Datanode State Machine Thread - 0] WARN  statemachine.StateContext (StateContext.java:execute(621)) - No available thread in pool for past 1 seconds.
2021-08-23 23:20:04,651 [Listener at 127.0.0.1/36523] INFO  ozone.MiniOzoneClusterImpl (MiniOzoneClusterImpl.java:shutdown(453)) - Shutting down the Mini Ozone Cluster
2021-08-23 23:20:04,652 [Listener at 127.0.0.1/36523] INFO  ozone.MiniOzoneClusterImpl (MiniOzoneClusterImpl.java:stop(468)) - Stopping the Mini Ozone Cluster
2021-08-23 23:20:04,652 [Listener at 127.0.0.1/36523] INFO  ozone.MiniOzoneClusterImpl (MiniOzoneClusterImpl.java:stopOM(550)) - Stopping the OzoneManager
2021-08-23 23:20:04,652 [Listener at 127.0.0.1/36523] INFO  om.OzoneManager (OzoneManager.java:stop(1632)) - Stopping Ozone Manager
2021-08-23 23:20:04,653 [Listener at 127.0.0.1/36523] INFO  ipc.Server (Server.java:stop(3414)) - Stopping server on 36523
2021-08-23 23:20:04,658 [IPC Server listener on 0] INFO  ipc.Server (Server.java:run(1376)) - Stopping IPC Server listener on 0
2021-08-23 23:20:04,659 [IPC Server Responder] INFO  ipc.Server (Server.java:run(1512)) - Stopping IPC Server Responder
2021-08-23 23:20:04,659 [Listener at 127.0.0.1/36523] INFO  server.RaftServer (RaftServerProxy.java:lambda$close$6(391)) - om1: close
2021-08-23 23:20:04,660 [Listener at 127.0.0.1/36523] INFO  server.RaftServer$Division (RaftServerImpl.java:lambda$close$4(407)) - om1@group-C5BA1605619E: shutdown
2021-08-23 23:20:04,660 [Listener at 127.0.0.1/36523] INFO  util.JmxRegister (JmxRegister.java:unregister(73)) - Successfully un-registered JMX Bean with object name Ratis:service=RaftServer,group=group-C5BA1605619E,id=om1
2021-08-23 23:20:04,660 [Listener at 127.0.0.1/36523] INFO  impl.RoleInfo (RoleInfo.java:shutdownLeaderState(91)) - om1: shutdown om1@group-C5BA1605619E-LeaderStateImpl
2021-08-23 23:20:04,660 [Listener at 127.0.0.1/36523] INFO  impl.PendingRequests (PendingRequests.java:sendNotLeaderResponses(282)) - om1@group-C5BA1605619E-PendingRequests: sendNotLeaderResponses
2021-08-23 23:20:04,663 [om1@group-C5BA1605619E-StateMachineUpdater] INFO  ratis.OzoneManagerStateMachine (OzoneManagerStateMachine.java:takeSnapshot(417)) - Current Snapshot Index (t:1, i:8)
2021-08-23 23:20:04,664 [om1@group-C5BA1605619E-StateMachineUpdater] INFO  impl.StateMachineUpdater (StateMachineUpdater.java:takeSnapshot(281)) - om1@group-C5BA1605619E-StateMachineUpdater: Took a snapshot at index 8
2021-08-23 23:20:04,664 [om1@group-C5BA1605619E-StateMachineUpdater] INFO  impl.StateMachineUpdater (StateMachineUpdater.java:lambda$new$0(89)) - om1@group-C5BA1605619E-StateMachineUpdater: snapshotIndex: updateIncreasingly -1 -> 8
2021-08-23 23:20:04,664 [om1@group-C5BA1605619E-StateMachineUpdater] INFO  ratis.OzoneManagerStateMachine (OzoneManagerStateMachine.java:close(471)) - StateMachine has shutdown. Shutdown OzoneManager if not already shutdown.
2021-08-23 23:20:04,665 [Listener at 127.0.0.1/36523] INFO  impl.StateMachineUpdater (StateMachineUpdater.java:stopAndJoin(149)) - om1@group-C5BA1605619E-StateMachineUpdater: set stopIndex = 8
2021-08-23 23:20:04,666 [Listener at 127.0.0.1/36523] INFO  server.RaftServer$Division (ServerState.java:close(419)) - om1@group-C5BA1605619E: closes. applyIndex: 8
2021-08-23 23:20:04,666 [om1@group-C5BA1605619E-SegmentedRaftLogWorker] INFO  segmented.SegmentedRaftLogWorker (SegmentedRaftLogWorker.java:run(327)) - om1@group-C5BA1605619E-SegmentedRaftLogWorker was interrupted, exiting. There are 0 tasks remaining in the queue.
2021-08-23 23:20:04,668 [Listener at 127.0.0.1/36523] INFO  segmented.SegmentedRaftLogWorker (SegmentedRaftLogWorker.java:close(237)) - om1@group-C5BA1605619E-SegmentedRaftLogWorker close()
2021-08-23 23:20:04,669 [Listener at 127.0.0.1/36523] INFO  server.GrpcService (GrpcService.java:closeImpl(262)) - om1: shutdown server with port 9872 now
2021-08-23 23:20:04,671 [Listener at 127.0.0.1/36523] INFO  server.GrpcService (GrpcService.java:closeImpl(271)) - om1: shutdown server with port 9872 successfully
2021-08-23 23:20:04,673 [org.apache.ratis.util.JvmPauseMonitor$$Lambda$531/1878099363@320d98f5] INFO  util.JvmPauseMonitor (JvmPauseMonitor.java:run(109)) - JvmPauseMonitor-om1: Stopped
2021-08-23 23:20:04,673 [Listener at 127.0.0.1/36523] INFO  ratis.OzoneManagerDoubleBuffer (OzoneManagerDoubleBuffer.java:stop(437)) - Stopping OMDoubleBuffer flush thread
2021-08-23 23:20:04,673 [OMDoubleBufferFlushThread] INFO  ratis.OzoneManagerDoubleBuffer (OzoneManagerDoubleBuffer.java:flushTransactions(356)) - OMDoubleBuffer flush thread OMDoubleBufferFlushThread is interrupted and will exit. OMDoubleBufferFlushThread
2021-08-23 23:20:04,675 [Listener at 127.0.0.1/36523] INFO  utils.BackgroundService (BackgroundService.java:shutdown(132)) - Shutting down service KeyDeletingService
2021-08-23 23:20:04,677 [Listener at 127.0.0.1/36523] INFO  handler.ContextHandler (ContextHandler.java:doStop(1153)) - Stopped o.e.j.w.WebAppContext@4e42beba{ozoneManager,/,null,STOPPED}{file:/home/runner/work/ozone/ozone/hadoop-ozone/integration-test/target/test-classes/webapps/ozoneManager}
2021-08-23 23:20:04,680 [Listener at 127.0.0.1/36523] INFO  server.AbstractConnector (AbstractConnector.java:doStop(381)) - Stopped ServerConnector@22955ef2{HTTP/1.1, (http/1.1)}{0.0.0.0:0}
2021-08-23 23:20:04,681 [Listener at 127.0.0.1/36523] INFO  server.session (HouseKeeper.java:stopScavenging(149)) - node0 Stopped scavenging
2021-08-23 23:20:04,681 [Listener at 127.0.0.1/36523] INFO  handler.ContextHandler (ContextHandler.java:doStop(1153)) - Stopped o.e.j.s.ServletContextHandler@694c23e4{static,/static,file:///home/runner/work/ozone/ozone/hadoop-ozone/integration-test/target/test-classes/webapps/static,STOPPED}
2021-08-23 23:20:04,681 [Listener at 127.0.0.1/36523] INFO  handler.ContextHandler (ContextHandler.java:doStop(1153)) - Stopped o.e.j.s.ServletContextHandler@3f5743d9{logs,/logs,file:///home/runner/work/ozone/ozone/hadoop-ozone/integration-test/target/log,STOPPED}
2021-08-23 23:20:04,684 [Listener at 127.0.0.1/36523] INFO  ozone.MiniOzoneClusterImpl (MiniOzoneClusterImpl.java:stopDatanodes(527)) - Stopping the HddsDatanodes
2021-08-23 23:20:05,409 [Datanode State Machine Thread - 0] INFO  statemachine.DatanodeStateMachine (DatanodeStateMachine.java:lambda$startDaemon$0(457)) - Ozone container server started.
2021-08-23 23:20:05,482 [Datanode State Machine Thread - 0] INFO  statemachine.DatanodeStateMachine (DatanodeStateMachine.java:lambda$startDaemon$0(457)) - Ozone container server started.
2021-08-23 23:20:09,686 [ForkJoinPool.commonPool-worker-0] INFO  ozoneimpl.OzoneContainer (OzoneContainer.java:stop(326)) - Attempting to stop container services.
2021-08-23 23:20:09,686 [Listener at 127.0.0.1/36523] INFO  ozoneimpl.OzoneContainer (OzoneContainer.java:stop(326)) - Attempting to stop container services.
2021-08-23 23:20:09,687 [Listener at 127.0.0.1/36523] INFO  server.RaftServer (RaftServerProxy.java:lambda$close$6(391)) - cb3402e3-c902-40a3-9f81-e5c4ad664dcb: close
2021-08-23 23:20:09,687 [Listener at 127.0.0.1/36523] INFO  server.RaftServer$Division (RaftServerImpl.java:lambda$close$4(407)) - cb3402e3-c902-40a3-9f81-e5c4ad664dcb@group-CF7D474DFDFA: shutdown
2021-08-23 23:20:09,687 [Listener at 127.0.0.1/36523] INFO  util.JmxRegister (JmxRegister.java:unregister(73)) - Successfully un-registered JMX Bean with object name Ratis:service=RaftServer,group=group-CF7D474DFDFA,id=cb3402e3-c902-40a3-9f81-e5c4ad664dcb
2021-08-23 23:20:09,687 [Listener at 127.0.0.1/36523] INFO  impl.RoleInfo (RoleInfo.java:shutdownFollowerState(108)) - cb3402e3-c902-40a3-9f81-e5c4ad664dcb: shutdown cb3402e3-c902-40a3-9f81-e5c4ad664dcb@group-CF7D474DFDFA-FollowerState
2021-08-23 23:20:09,688 [Listener at 127.0.0.1/36523] INFO  impl.StateMachineUpdater (StateMachineUpdater.java:stopAndJoin(149)) - cb3402e3-c902-40a3-9f81-e5c4ad664dcb@group-CF7D474DFDFA-StateMachineUpdater: set stopIndex = 2
2021-08-23 23:20:09,688 [cb3402e3-c902-40a3-9f81-e5c4ad664dcb@group-CF7D474DFDFA-FollowerState] INFO  impl.FollowerState (FollowerState.java:run(143)) - cb3402e3-c902-40a3-9f81-e5c4ad664dcb@group-CF7D474DFDFA-FollowerState was interrupted: {}
java.lang.InterruptedException: sleep interrupted
	at java.lang.Thread.sleep(Native Method)
	at java.lang.Thread.sleep(Thread.java:340)
	at java.util.concurrent.TimeUnit.sleep(TimeUnit.java:386)
	at org.apache.ratis.util.TimeDuration.sleep(TimeDuration.java:324)
	at org.apache.ratis.util.TimeDuration.sleep(TimeDuration.java:309)
	at org.apache.ratis.server.impl.FollowerState.run(FollowerState.java:118)
2021-08-23 23:20:09,688 [cb3402e3-c902-40a3-9f81-e5c4ad664dcb@group-CF7D474DFDFA-StateMachineUpdater] INFO  ratis.ContainerStateMachine (ContainerStateMachine.java:takeSnapshot(293)) - group-CF7D474DFDFA: Taking a snapshot at:(t:5, i:2) file /home/runner/work/ozone/ozone/hadoop-ozone/integration-test/target/test-dir/MiniOzoneClusterImpl-994ab01d-a5c0-4516-a51a-b70458bd9cc3/datanode-4/data/ratis/e136d1d0-d591-4cb2-84c9-cf7d474dfdfa/sm/snapshot.5_2
2021-08-23 23:20:09,692 [ForkJoinPool.commonPool-worker-0] INFO  server.RaftServer (RaftServerProxy.java:lambda$close$6(391)) - e06506bb-c7c9-4174-8cff-a1658cd313af: close
2021-08-23 23:20:09,692 [ForkJoinPool.commonPool-worker-0] INFO  server.RaftServer$Division (RaftServerImpl.java:lambda$close$4(407)) - e06506bb-c7c9-4174-8cff-a1658cd313af@group-38AF53DE6B9A: shutdown
2021-08-23 23:20:09,692 [ForkJoinPool.commonPool-worker-0] INFO  util.JmxRegister (JmxRegister.java:unregister(73)) - Successfully un-registered JMX Bean with object name Ratis:service=RaftServer,group=group-38AF53DE6B9A,id=e06506bb-c7c9-4174-8cff-a1658cd313af
2021-08-23 23:20:09,692 [ForkJoinPool.commonPool-worker-0] INFO  impl.RoleInfo (RoleInfo.java:shutdownLeaderState(91)) - e06506bb-c7c9-4174-8cff-a1658cd313af: shutdown e06506bb-c7c9-4174-8cff-a1658cd313af@group-38AF53DE6B9A-LeaderStateImpl
2021-08-23 23:20:09,693 [ForkJoinPool.commonPool-worker-0] INFO  impl.PendingRequests (PendingRequests.java:sendNotLeaderResponses(282)) - e06506bb-c7c9-4174-8cff-a1658cd313af@group-38AF53DE6B9A-PendingRequests: sendNotLeaderResponses
2021-08-23 23:20:09,693 [ForkJoinPool.commonPool-worker-0] INFO  impl.StateMachineUpdater (StateMachineUpdater.java:stopAndJoin(149)) - e06506bb-c7c9-4174-8cff-a1658cd313af@group-38AF53DE6B9A-StateMachineUpdater: set stopIndex = 0
2021-08-23 23:20:09,693 [e06506bb-c7c9-4174-8cff-a1658cd313af@group-38AF53DE6B9A-StateMachineUpdater] INFO  ratis.ContainerStateMachine (ContainerStateMachine.java:takeSnapshot(293)) - group-38AF53DE6B9A: Taking a snapshot at:(t:1, i:0) file /home/runner/work/ozone/ozone/hadoop-ozone/integration-test/target/test-dir/MiniOzoneClusterImpl-994ab01d-a5c0-4516-a51a-b70458bd9cc3/datanode-2/data/ratis/2967b3e5-5ca8-462d-a44c-38af53de6b9a/sm/snapshot.1_0
2021-08-23 23:20:09,706 [e06506bb-c7c9-4174-8cff-a1658cd313af@group-38AF53DE6B9A-StateMachineUpdater] INFO  ratis.ContainerStateMachine (ContainerStateMachine.java:takeSnapshot(304)) - group-38AF53DE6B9A: Finished taking a snapshot at:(t:1, i:0) file:/home/runner/work/ozone/ozone/hadoop-ozone/integration-test/target/test-dir/MiniOzoneClusterImpl-994ab01d-a5c0-4516-a51a-b70458bd9cc3/datanode-2/data/ratis/2967b3e5-5ca8-462d-a44c-38af53de6b9a/sm/snapshot.1_0 took: 12 ms
2021-08-23 23:20:09,706 [cb3402e3-c902-40a3-9f81-e5c4ad664dcb@group-CF7D474DFDFA-StateMachineUpdater] INFO  ratis.ContainerStateMachine (ContainerStateMachine.java:takeSnapshot(304)) - group-CF7D474DFDFA: Finished taking a snapshot at:(t:5, i:2) file:/home/runner/work/ozone/ozone/hadoop-ozone/integration-test/target/test-dir/MiniOzoneClusterImpl-994ab01d-a5c0-4516-a51a-b70458bd9cc3/datanode-4/data/ratis/e136d1d0-d591-4cb2-84c9-cf7d474dfdfa/sm/snapshot.5_2 took: 18 ms
2021-08-23 23:20:09,707 [cb3402e3-c902-40a3-9f81-e5c4ad664dcb@group-CF7D474DFDFA-StateMachineUpdater] INFO  impl.StateMachineUpdater (StateMachineUpdater.java:takeSnapshot(281)) - cb3402e3-c902-40a3-9f81-e5c4ad664dcb@group-CF7D474DFDFA-StateMachineUpdater: Took a snapshot at index 2
2021-08-23 23:20:09,707 [e06506bb-c7c9-4174-8cff-a1658cd313af@group-38AF53DE6B9A-StateMachineUpdater] INFO  impl.StateMachineUpdater (StateMachineUpdater.java:takeSnapshot(281)) - e06506bb-c7c9-4174-8cff-a1658cd313af@group-38AF53DE6B9A-StateMachineUpdater: Took a snapshot at index 0
2021-08-23 23:20:09,707 [e06506bb-c7c9-4174-8cff-a1658cd313af@group-38AF53DE6B9A-StateMachineUpdater] INFO  impl.StateMachineUpdater (StateMachineUpdater.java:lambda$new$0(89)) - e06506bb-c7c9-4174-8cff-a1658cd313af@group-38AF53DE6B9A-StateMachineUpdater: snapshotIndex: updateIncreasingly -1 -> 0
2021-08-23 23:20:09,707 [cb3402e3-c902-40a3-9f81-e5c4ad664dcb@group-CF7D474DFDFA-StateMachineUpdater] INFO  impl.StateMachineUpdater (StateMachineUpdater.java:lambda$new$0(89)) - cb3402e3-c902-40a3-9f81-e5c4ad664dcb@group-CF7D474DFDFA-StateMachineUpdater: snapshotIndex: updateIncreasingly -1 -> 2
2021-08-23 23:20:09,712 [ForkJoinPool.commonPool-worker-0] INFO  server.RaftServer$Division (ServerState.java:close(419)) - e06506bb-c7c9-4174-8cff-a1658cd313af@group-38AF53DE6B9A: closes. applyIndex: 0
2021-08-23 23:20:09,713 [e06506bb-c7c9-4174-8cff-a1658cd313af@group-38AF53DE6B9A-SegmentedRaftLogWorker] INFO  segmented.SegmentedRaftLogWorker (SegmentedRaftLogWorker.java:run(327)) - e06506bb-c7c9-4174-8cff-a1658cd313af@group-38AF53DE6B9A-SegmentedRaftLogWorker was interrupted, exiting. There are 0 tasks remaining in the queue.
2021-08-23 23:20:09,721 [ForkJoinPool.commonPool-worker-0] INFO  segmented.SegmentedRaftLogWorker (SegmentedRaftLogWorker.java:close(237)) - e06506bb-c7c9-4174-8cff-a1658cd313af@group-38AF53DE6B9A-SegmentedRaftLogWorker close()
2021-08-23 23:20:09,722 [ForkJoinPool.commonPool-worker-0] INFO  server.RaftServer$Division (RaftServerImpl.java:lambda$close$4(407)) - e06506bb-c7c9-4174-8cff-a1658cd313af@group-95F9150AC8B5: shutdown
2021-08-23 23:20:09,722 [ForkJoinPool.commonPool-worker-0] INFO  util.JmxRegister (JmxRegister.java:unregister(73)) - Successfully un-registered JMX Bean with object name Ratis:service=RaftServer,group=group-95F9150AC8B5,id=e06506bb-c7c9-4174-8cff-a1658cd313af
2021-08-23 23:20:09,722 [ForkJoinPool.commonPool-worker-0] INFO  impl.RoleInfo (RoleInfo.java:shutdownLeaderState(91)) - e06506bb-c7c9-4174-8cff-a1658cd313af: shutdown e06506bb-c7c9-4174-8cff-a1658cd313af@group-95F9150AC8B5-LeaderStateImpl
2021-08-23 23:20:09,722 [ForkJoinPool.commonPool-worker-0] INFO  impl.PendingRequests (PendingRequests.java:sendNotLeaderResponses(282)) - e06506bb-c7c9-4174-8cff-a1658cd313af@group-95F9150AC8B5-PendingRequests: sendNotLeaderResponses
2021-08-23 23:20:09,725 [e06506bb-c7c9-4174-8cff-a1658cd313af@group-95F9150AC8B5->bf8c8c9e-9c71-482e-9792-8d809f4c5fef-GrpcLogAppender-LogAppenderDaemon] WARN  server.GrpcLogAppender (GrpcLogAppender.java:mayWait(175)) - e06506bb-c7c9-4174-8cff-a1658cd313af@group-95F9150AC8B5->bf8c8c9e-9c71-482e-9792-8d809f4c5fef-GrpcLogAppender: Wait interrupted by java.lang.InterruptedException
2021-08-23 23:20:09,725 [e06506bb-c7c9-4174-8cff-a1658cd313af@group-95F9150AC8B5->d8835383-dea3-45d4-b6e3-f656da7478fb-GrpcLogAppender-LogAppenderDaemon] WARN  server.GrpcLogAppender (GrpcLogAppender.java:mayWait(175)) - e06506bb-c7c9-4174-8cff-a1658cd313af@group-95F9150AC8B5->d8835383-dea3-45d4-b6e3-f656da7478fb-GrpcLogAppender: Wait interrupted by java.lang.InterruptedException
2021-08-23 23:20:09,725 [Listener at 127.0.0.1/36523] INFO  server.RaftServer$Division (ServerState.java:close(419)) - cb3402e3-c902-40a3-9f81-e5c4ad664dcb@group-CF7D474DFDFA: closes. applyIndex: 2
2021-08-23 23:20:09,726 [cb3402e3-c902-40a3-9f81-e5c4ad664dcb@group-CF7D474DFDFA-SegmentedRaftLogWorker] INFO  segmented.SegmentedRaftLogWorker (SegmentedRaftLogWorker.java:run(327)) - cb3402e3-c902-40a3-9f81-e5c4ad664dcb@group-CF7D474DFDFA-SegmentedRaftLogWorker was interrupted, exiting. There are 0 tasks remaining in the queue.
2021-08-23 23:20:09,727 [grpc-default-executor-1] INFO  server.GrpcServerProtocolService (GrpcServerProtocolService.java:onCompleted(140)) - bf8c8c9e-9c71-482e-9792-8d809f4c5fef: Completed APPEND_ENTRIES, lastRequest: e06506bb-c7c9-4174-8cff-a1658cd313af->bf8c8c9e-9c71-482e-9792-8d809f4c5fef#16-t2,previous=(t:2, i:8),leaderCommit=6,initializing? true,entries: size=1, first=(t:2, i:9), METADATAENTRY(c:6)
2021-08-23 23:20:09,727 [grpc-default-executor-0] INFO  server.GrpcServerProtocolService (GrpcServerProtocolService.java:onCompleted(140)) - d8835383-dea3-45d4-b6e3-f656da7478fb: Completed APPEND_ENTRIES, lastRequest: e06506bb-c7c9-4174-8cff-a1658cd313af->d8835383-dea3-45d4-b6e3-f656da7478fb#16-t2,previous=(t:2, i:8),leaderCommit=6,initializing? true,entries: size=1, first=(t:2, i:9), METADATAENTRY(c:6)
2021-08-23 23:20:09,728 [grpc-default-executor-2] INFO  server.GrpcLogAppender (GrpcLogAppender.java:onCompleted(344)) - e06506bb-c7c9-4174-8cff-a1658cd313af@group-95F9150AC8B5->d8835383-dea3-45d4-b6e3-f656da7478fb-AppendLogResponseHandler: follower responses appendEntries COMPLETED
2021-08-23 23:20:09,728 [grpc-default-executor-2] INFO  leader.FollowerInfo (FollowerInfoImpl.java:lambda$new$0(46)) - e06506bb-c7c9-4174-8cff-a1658cd313af@group-95F9150AC8B5->d8835383-dea3-45d4-b6e3-f656da7478fb: nextIndex: updateUnconditionally 10 -> 9
2021-08-23 23:20:09,728 [grpc-default-executor-3] INFO  server.GrpcLogAppender (GrpcLogAppender.java:onCompleted(344)) - e06506bb-c7c9-4174-8cff-a1658cd313af@group-95F9150AC8B5->bf8c8c9e-9c71-482e-9792-8d809f4c5fef-AppendLogResponseHandler: follower responses appendEntries COMPLETED
2021-08-23 23:20:09,728 [grpc-default-executor-3] INFO  leader.FollowerInfo (FollowerInfoImpl.java:lambda$new$0(46)) - e06506bb-c7c9-4174-8cff-a1658cd313af@group-95F9150AC8B5->bf8c8c9e-9c71-482e-9792-8d809f4c5fef: nextIndex: updateUnconditionally 10 -> 9
2021-08-23 23:20:09,728 [e06506bb-c7c9-4174-8cff-a1658cd313af@group-95F9150AC8B5-StateMachineUpdater] INFO  ratis.ContainerStateMachine (ContainerStateMachine.java:takeSnapshot(293)) - group-95F9150AC8B5: Taking a snapshot at:(t:2, i:9) file /home/runner/work/ozone/ozone/hadoop-ozone/integration-test/target/test-dir/MiniOzoneClusterImpl-994ab01d-a5c0-4516-a51a-b70458bd9cc3/datanode-2/data/ratis/cca89311-bd88-471a-8fe5-95f9150ac8b5/sm/snapshot.2_9
2021-08-23 23:20:09,737 [ForkJoinPool.commonPool-worker-0] INFO  impl.StateMachineUpdater (StateMachineUpdater.java:stopAndJoin(149)) - e06506bb-c7c9-4174-8cff-a1658cd313af@group-95F9150AC8B5-StateMachineUpdater: set stopIndex = 9
2021-08-23 23:20:09,738 [Listener at 127.0.0.1/36523] INFO  segmented.SegmentedRaftLogWorker (SegmentedRaftLogWorker.java:close(237)) - cb3402e3-c902-40a3-9f81-e5c4ad664dcb@group-CF7D474DFDFA-SegmentedRaftLogWorker close()
2021-08-23 23:20:09,739 [e06506bb-c7c9-4174-8cff-a1658cd313af@group-95F9150AC8B5-StateMachineUpdater] INFO  ratis.ContainerStateMachine (ContainerStateMachine.java:takeSnapshot(304)) - group-95F9150AC8B5: Finished taking a snapshot at:(t:2, i:9) file:/home/runner/work/ozone/ozone/hadoop-ozone/integration-test/target/test-dir/MiniOzoneClusterImpl-994ab01d-a5c0-4516-a51a-b70458bd9cc3/datanode-2/data/ratis/cca89311-bd88-471a-8fe5-95f9150ac8b5/sm/snapshot.2_9 took: 11 ms
2021-08-23 23:20:09,739 [e06506bb-c7c9-4174-8cff-a1658cd313af@group-95F9150AC8B5-StateMachineUpdater] INFO  impl.StateMachineUpdater (StateMachineUpdater.java:takeSnapshot(281)) - e06506bb-c7c9-4174-8cff-a1658cd313af@group-95F9150AC8B5-StateMachineUpdater: Took a snapshot at index 9
2021-08-23 23:20:09,739 [e06506bb-c7c9-4174-8cff-a1658cd313af@group-95F9150AC8B5-StateMachineUpdater] INFO  impl.StateMachineUpdater (StateMachineUpdater.java:lambda$new$0(89)) - e06506bb-c7c9-4174-8cff-a1658cd313af@group-95F9150AC8B5-StateMachineUpdater: snapshotIndex: updateIncreasingly -1 -> 9
2021-08-23 23:20:09,740 [ForkJoinPool.commonPool-worker-0] INFO  server.RaftServer$Division (ServerState.java:close(419)) - e06506bb-c7c9-4174-8cff-a1658cd313af@group-95F9150AC8B5: closes. applyIndex: 9
2021-08-23 23:20:09,740 [e06506bb-c7c9-4174-8cff-a1658cd313af@group-95F9150AC8B5-SegmentedRaftLogWorker] INFO  segmented.SegmentedRaftLogWorker (SegmentedRaftLogWorker.java:run(327)) - e06506bb-c7c9-4174-8cff-a1658cd313af@group-95F9150AC8B5-SegmentedRaftLogWorker was interrupted, exiting. There are 0 tasks remaining in the queue.
2021-08-23 23:20:09,741 [Listener at 127.0.0.1/36523] INFO  server.RaftServer$Division (RaftServerImpl.java:lambda$close$4(407)) - cb3402e3-c902-40a3-9f81-e5c4ad664dcb@group-C247CDE96A5C: shutdown
2021-08-23 23:20:09,741 [Listener at 127.0.0.1/36523] INFO  util.JmxRegister (JmxRegister.java:unregister(73)) - Successfully un-registered JMX Bean with object name Ratis:service=RaftServer,group=group-C247CDE96A5C,id=cb3402e3-c902-40a3-9f81-e5c4ad664dcb
2021-08-23 23:20:09,741 [Listener at 127.0.0.1/36523] INFO  impl.RoleInfo (RoleInfo.java:shutdownLeaderState(91)) - cb3402e3-c902-40a3-9f81-e5c4ad664dcb: shutdown cb3402e3-c902-40a3-9f81-e5c4ad664dcb@group-C247CDE96A5C-LeaderStateImpl
2021-08-23 23:20:09,741 [Listener at 127.0.0.1/36523] INFO  impl.PendingRequests (PendingRequests.java:sendNotLeaderResponses(282)) - cb3402e3-c902-40a3-9f81-e5c4ad664dcb@group-C247CDE96A5C-PendingRequests: sendNotLeaderResponses
2021-08-23 23:20:09,742 [Listener at 127.0.0.1/36523] INFO  impl.StateMachineUpdater (StateMachineUpdater.java:stopAndJoin(149)) - cb3402e3-c902-40a3-9f81-e5c4ad664dcb@group-C247CDE96A5C-StateMachineUpdater: set stopIndex = 0
2021-08-23 23:20:09,742 [cb3402e3-c902-40a3-9f81-e5c4ad664dcb@group-C247CDE96A5C-StateMachineUpdater] INFO  ratis.ContainerStateMachine (ContainerStateMachine.java:takeSnapshot(293)) - group-C247CDE96A5C: Taking a snapshot at:(t:1, i:0) file /home/runner/work/ozone/ozone/hadoop-ozone/integration-test/target/test-dir/MiniOzoneClusterImpl-994ab01d-a5c0-4516-a51a-b70458bd9cc3/datanode-4/data/ratis/bcd20deb-9d6c-4c16-8557-c247cde96a5c/sm/snapshot.1_0
2021-08-23 23:20:09,743 [cb3402e3-c902-40a3-9f81-e5c4ad664dcb@group-C247CDE96A5C-StateMachineUpdater] INFO  ratis.ContainerStateMachine (ContainerStateMachine.java:takeSnapshot(304)) - group-C247CDE96A5C: Finished taking a snapshot at:(t:1, i:0) file:/home/runner/work/ozone/ozone/hadoop-ozone/integration-test/target/test-dir/MiniOzoneClusterImpl-994ab01d-a5c0-4516-a51a-b70458bd9cc3/datanode-4/data/ratis/bcd20deb-9d6c-4c16-8557-c247cde96a5c/sm/snapshot.1_0 took: 1 ms
2021-08-23 23:20:09,743 [ForkJoinPool.commonPool-worker-0] INFO  segmented.SegmentedRaftLogWorker (SegmentedRaftLogWorker.java:close(237)) - e06506bb-c7c9-4174-8cff-a1658cd313af@group-95F9150AC8B5-SegmentedRaftLogWorker close()
2021-08-23 23:20:09,744 [cb3402e3-c902-40a3-9f81-e5c4ad664dcb@group-C247CDE96A5C-StateMachineUpdater] INFO  impl.StateMachineUpdater (StateMachineUpdater.java:takeSnapshot(281)) - cb3402e3-c902-40a3-9f81-e5c4ad664dcb@group-C247CDE96A5C-StateMachineUpdater: Took a snapshot at index 0
2021-08-23 23:20:09,744 [cb3402e3-c902-40a3-9f81-e5c4ad664dcb@group-C247CDE96A5C-StateMachineUpdater] INFO  impl.StateMachineUpdater (StateMachineUpdater.java:lambda$new$0(89)) - cb3402e3-c902-40a3-9f81-e5c4ad664dcb@group-C247CDE96A5C-StateMachineUpdater: snapshotIndex: updateIncreasingly -1 -> 0
2021-08-23 23:20:09,745 [ForkJoinPool.commonPool-worker-0] INFO  server.GrpcService (GrpcService.java:closeImpl(262)) - e06506bb-c7c9-4174-8cff-a1658cd313af: shutdown server with port 35525 now
2021-08-23 23:20:09,745 [Listener at 127.0.0.1/36523] INFO  server.RaftServer$Division (ServerState.java:close(419)) - cb3402e3-c902-40a3-9f81-e5c4ad664dcb@group-C247CDE96A5C: closes. applyIndex: 0
2021-08-23 23:20:09,746 [cb3402e3-c902-40a3-9f81-e5c4ad664dcb@group-C247CDE96A5C-SegmentedRaftLogWorker] INFO  segmented.SegmentedRaftLogWorker (SegmentedRaftLogWorker.java:run(327)) - cb3402e3-c902-40a3-9f81-e5c4ad664dcb@group-C247CDE96A5C-SegmentedRaftLogWorker was interrupted, exiting. There are 0 tasks remaining in the queue.
2021-08-23 23:20:09,749 [Listener at 127.0.0.1/36523] INFO  segmented.SegmentedRaftLogWorker (SegmentedRaftLogWorker.java:close(237)) - cb3402e3-c902-40a3-9f81-e5c4ad664dcb@group-C247CDE96A5C-SegmentedRaftLogWorker close()
2021-08-23 23:20:09,750 [Listener at 127.0.0.1/36523] INFO  server.GrpcService (GrpcService.java:closeImpl(262)) - cb3402e3-c902-40a3-9f81-e5c4ad664dcb: shutdown server with port 42775 now
2021-08-23 23:20:09,753 [ForkJoinPool.commonPool-worker-0] INFO  server.GrpcService (GrpcService.java:closeImpl(271)) - e06506bb-c7c9-4174-8cff-a1658cd313af: shutdown server with port 35525 successfully
2021-08-23 23:20:09,753 [org.apache.ratis.util.JvmPauseMonitor$$Lambda$531/1878099363@3f817f4f] INFO  util.JvmPauseMonitor (JvmPauseMonitor.java:run(109)) - JvmPauseMonitor-e06506bb-c7c9-4174-8cff-a1658cd313af: Stopped
2021-08-23 23:20:09,757 [grpc-default-executor-1] WARN  server.GrpcServerProtocolService (LogUtils.java:warn(122)) - cb3402e3-c902-40a3-9f81-e5c4ad664dcb: installSnapshot onError, lastRequest: 3238dd0b-ba1a-45d4-9446-116bc825e875->cb3402e3-c902-40a3-9f81-e5c4ad664dcb#6-t5,previous=(t:5, i:1),leaderCommit=1,initializing? true,entries: size=1, first=(t:5, i:2), METADATAENTRY(c:1): org.apache.ratis.thirdparty.io.grpc.StatusRuntimeException: CANCELLED: client cancelled
2021-08-23 23:20:09,765 [grpc-default-executor-1] WARN  server.GrpcLogAppender (LogUtils.java:warn(122)) - 3238dd0b-ba1a-45d4-9446-116bc825e875@group-CF7D474DFDFA->cb3402e3-c902-40a3-9f81-e5c4ad664dcb-AppendLogResponseHandler: Failed appendEntries: org.apache.ratis.thirdparty.io.grpc.StatusRuntimeException: CANCELLED: HTTP/2 error code: CANCEL
Received Rst Stream
2021-08-23 23:20:09,765 [grpc-default-executor-1] INFO  leader.FollowerInfo (FollowerInfoImpl.java:lambda$new$0(46)) - 3238dd0b-ba1a-45d4-9446-116bc825e875@group-CF7D474DFDFA->cb3402e3-c902-40a3-9f81-e5c4ad664dcb: nextIndex: updateUnconditionally 3 -> 2
2021-08-23 23:20:09,766 [Listener at 127.0.0.1/36523] INFO  server.GrpcService (GrpcService.java:closeImpl(271)) - cb3402e3-c902-40a3-9f81-e5c4ad664dcb: shutdown server with port 42775 successfully
2021-08-23 23:20:09,766 [org.apache.ratis.util.JvmPauseMonitor$$Lambda$531/1878099363@13c57aae] INFO  util.JvmPauseMonitor (JvmPauseMonitor.java:run(109)) - JvmPauseMonitor-cb3402e3-c902-40a3-9f81-e5c4ad664dcb: Stopped
2021-08-23 23:20:09,767 [Listener at 127.0.0.1/36523] INFO  utils.BackgroundService (BackgroundService.java:shutdown(132)) - Shutting down service BlockDeletingService
2021-08-23 23:20:09,768 [ForkJoinPool.commonPool-worker-0] INFO  utils.BackgroundService (BackgroundService.java:shutdown(132)) - Shutting down service BlockDeletingService
2021-08-23 23:20:09,786 [grpc-default-executor-3] WARN  server.GrpcLogAppender (LogUtils.java:warn(122)) - 3238dd0b-ba1a-45d4-9446-116bc825e875@group-CF7D474DFDFA->cb3402e3-c902-40a3-9f81-e5c4ad664dcb-AppendLogResponseHandler: Failed appendEntries: org.apache.ratis.thirdparty.io.grpc.StatusRuntimeException: UNAVAILABLE: io exception
2021-08-23 23:20:09,786 [grpc-default-executor-3] INFO  leader.FollowerInfo (FollowerInfoImpl.java:lambda$new$0(46)) - 3238dd0b-ba1a-45d4-9446-116bc825e875@group-CF7D474DFDFA->cb3402e3-c902-40a3-9f81-e5c4ad664dcb: nextIndex: updateUnconditionally 3 -> 2
2021-08-23 23:20:12,277 [grpc-default-executor-3] WARN  server.GrpcLogAppender (LogUtils.java:warn(122)) - 3238dd0b-ba1a-45d4-9446-116bc825e875@group-CF7D474DFDFA->cb3402e3-c902-40a3-9f81-e5c4ad664dcb-AppendLogResponseHandler: Failed appendEntries: org.apache.ratis.thirdparty.io.grpc.StatusRuntimeException: UNAVAILABLE: io exception
2021-08-23 23:20:12,278 [grpc-default-executor-3] INFO  leader.FollowerInfo (FollowerInfoImpl.java:lambda$new$0(46)) - 3238dd0b-ba1a-45d4-9446-116bc825e875@group-CF7D474DFDFA->cb3402e3-c902-40a3-9f81-e5c4ad664dcb: nextIndex: updateUnconditionally 3 -> 2
2021-08-23 23:20:12,772 [Listener at 127.0.0.1/36523] INFO  statemachine.DatanodeStateMachine (DatanodeStateMachine.java:stopDaemon(515)) - Ozone container server stopped.
2021-08-23 23:20:12,773 [Listener at 127.0.0.1/36523] INFO  handler.ContextHandler (ContextHandler.java:doStop(1153)) - Stopped o.e.j.w.WebAppContext@4c6d1f1f{hddsDatanode,/,null,STOPPED}{jar:file:/home/runner/.m2/repository/org/apache/ozone/hdds-container-service/1.2.0-SNAPSHOT/hdds-container-service-1.2.0-SNAPSHOT.jar!/webapps/hddsDatanode}
2021-08-23 23:20:12,775 [Listener at 127.0.0.1/36523] INFO  server.AbstractConnector (AbstractConnector.java:doStop(381)) - Stopped ServerConnector@6def5e22{HTTP/1.1, (http/1.1)}{0.0.0.0:0}
2021-08-23 23:20:12,775 [Listener at 127.0.0.1/36523] INFO  server.session (HouseKeeper.java:stopScavenging(149)) - node0 Stopped scavenging
2021-08-23 23:20:12,775 [Listener at 127.0.0.1/36523] INFO  handler.ContextHandler (ContextHandler.java:doStop(1153)) - Stopped o.e.j.s.ServletContextHandler@4e792ddf{static,/static,jar:file:/home/runner/.m2/repository/org/apache/ozone/hdds-container-service/1.2.0-SNAPSHOT/hdds-container-service-1.2.0-SNAPSHOT.jar!/webapps/static,STOPPED}
2021-08-23 23:20:12,776 [Listener at 127.0.0.1/36523] INFO  handler.ContextHandler (ContextHandler.java:doStop(1153)) - Stopped o.e.j.s.ServletContextHandler@6b102ccf{logs,/logs,file:///home/runner/work/ozone/ozone/hadoop-ozone/integration-test/target/log,STOPPED}
2021-08-23 23:20:12,779 [ForkJoinPool.commonPool-worker-0] INFO  statemachine.DatanodeStateMachine (DatanodeStateMachine.java:stopDaemon(515)) - Ozone container server stopped.
2021-08-23 23:20:12,782 [ForkJoinPool.commonPool-worker-0] INFO  handler.ContextHandler (ContextHandler.java:doStop(1153)) - Stopped o.e.j.w.WebAppContext@62832e24{hddsDatanode,/,null,STOPPED}{jar:file:/home/runner/.m2/repository/org/apache/ozone/hdds-container-service/1.2.0-SNAPSHOT/hdds-container-service-1.2.0-SNAPSHOT.jar!/webapps/hddsDatanode}
2021-08-23 23:20:12,782 [ForkJoinPool.commonPool-worker-0] INFO  server.AbstractConnector (AbstractConnector.java:doStop(381)) - Stopped ServerConnector@5ab7ef8a{HTTP/1.1, (http/1.1)}{0.0.0.0:0}
2021-08-23 23:20:12,783 [ForkJoinPool.commonPool-worker-0] INFO  server.session (HouseKeeper.java:stopScavenging(149)) - node0 Stopped scavenging
2021-08-23 23:20:12,783 [ForkJoinPool.commonPool-worker-0] INFO  handler.ContextHandler (ContextHandler.java:doStop(1153)) - Stopped o.e.j.s.ServletContextHandler@30d9da5e{static,/static,jar:file:/home/runner/.m2/repository/org/apache/ozone/hdds-container-service/1.2.0-SNAPSHOT/hdds-container-service-1.2.0-SNAPSHOT.jar!/webapps/static,STOPPED}
2021-08-23 23:20:12,784 [ForkJoinPool.commonPool-worker-0] INFO  handler.ContextHandler (ContextHandler.java:doStop(1153)) - Stopped o.e.j.s.ServletContextHandler@4bd42698{logs,/logs,file:///home/runner/work/ozone/ozone/hadoop-ozone/integration-test/target/log,STOPPED}
2021-08-23 23:20:13,446 [Datanode State Machine Thread - 0] INFO  statemachine.DatanodeStateMachine (DatanodeStateMachine.java:lambda$startDaemon$0(457)) - Ozone container server started.
2021-08-23 23:20:13,503 [Datanode State Machine Thread - 0] INFO  statemachine.DatanodeStateMachine (DatanodeStateMachine.java:lambda$startDaemon$0(457)) - Ozone container server started.
2021-08-23 23:20:14,778 [grpc-default-executor-3] WARN  server.GrpcLogAppender (LogUtils.java:warn(122)) - 3238dd0b-ba1a-45d4-9446-116bc825e875@group-CF7D474DFDFA->cb3402e3-c902-40a3-9f81-e5c4ad664dcb-AppendLogResponseHandler: Failed appendEntries: org.apache.ratis.thirdparty.io.grpc.StatusRuntimeException: UNAVAILABLE: io exception
2021-08-23 23:20:14,778 [grpc-default-executor-3] INFO  leader.FollowerInfo (FollowerInfoImpl.java:lambda$new$0(46)) - 3238dd0b-ba1a-45d4-9446-116bc825e875@group-CF7D474DFDFA->cb3402e3-c902-40a3-9f81-e5c4ad664dcb: nextIndex: updateUnconditionally 3 -> 2
2021-08-23 23:20:17,278 [grpc-default-executor-3] WARN  server.GrpcLogAppender (LogUtils.java:warn(122)) - 3238dd0b-ba1a-45d4-9446-116bc825e875@group-CF7D474DFDFA->cb3402e3-c902-40a3-9f81-e5c4ad664dcb-AppendLogResponseHandler: Failed appendEntries: org.apache.ratis.thirdparty.io.grpc.StatusRuntimeException: UNAVAILABLE: io exception
2021-08-23 23:20:17,279 [grpc-default-executor-3] INFO  leader.FollowerInfo (FollowerInfoImpl.java:lambda$new$0(46)) - 3238dd0b-ba1a-45d4-9446-116bc825e875@group-CF7D474DFDFA->cb3402e3-c902-40a3-9f81-e5c4ad664dcb: nextIndex: updateUnconditionally 3 -> 2
2021-08-23 23:20:17,779 [Listener at 127.0.0.1/36523] INFO  ozoneimpl.OzoneContainer (OzoneContainer.java:stop(326)) - Attempting to stop container services.
2021-08-23 23:20:17,779 [Listener at 127.0.0.1/36523] INFO  server.RaftServer (RaftServerProxy.java:lambda$close$6(391)) - 7fc41cb1-4817-42a7-9d7d-8c23a540b464: close
2021-08-23 23:20:17,779 [Listener at 127.0.0.1/36523] INFO  server.RaftServer$Division (RaftServerImpl.java:lambda$close$4(407)) - 7fc41cb1-4817-42a7-9d7d-8c23a540b464@group-CF7D474DFDFA: shutdown
2021-08-23 23:20:17,780 [Listener at 127.0.0.1/36523] INFO  util.JmxRegister (JmxRegister.java:unregister(73)) - Successfully un-registered JMX Bean with object name Ratis:service=RaftServer,group=group-CF7D474DFDFA,id=7fc41cb1-4817-42a7-9d7d-8c23a540b464
2021-08-23 23:20:17,780 [Listener at 127.0.0.1/36523] INFO  impl.RoleInfo (RoleInfo.java:shutdownFollowerState(108)) - 7fc41cb1-4817-42a7-9d7d-8c23a540b464: shutdown 7fc41cb1-4817-42a7-9d7d-8c23a540b464@group-CF7D474DFDFA-FollowerState
2021-08-23 23:20:17,780 [Listener at 127.0.0.1/36523] INFO  impl.StateMachineUpdater (StateMachineUpdater.java:stopAndJoin(149)) - 7fc41cb1-4817-42a7-9d7d-8c23a540b464@group-CF7D474DFDFA-StateMachineUpdater: set stopIndex = 2
2021-08-23 23:20:17,780 [7fc41cb1-4817-42a7-9d7d-8c23a540b464@group-CF7D474DFDFA-FollowerState] INFO  impl.FollowerState (FollowerState.java:run(143)) - 7fc41cb1-4817-42a7-9d7d-8c23a540b464@group-CF7D474DFDFA-FollowerState was interrupted: {}
java.lang.InterruptedException: sleep interrupted
	at java.lang.Thread.sleep(Native Method)
	at java.lang.Thread.sleep(Thread.java:340)
	at java.util.concurrent.TimeUnit.sleep(TimeUnit.java:386)
	at org.apache.ratis.util.TimeDuration.sleep(TimeDuration.java:324)
	at org.apache.ratis.util.TimeDuration.sleep(TimeDuration.java:309)
	at org.apache.ratis.server.impl.FollowerState.run(FollowerState.java:118)
2021-08-23 23:20:17,781 [7fc41cb1-4817-42a7-9d7d-8c23a540b464@group-CF7D474DFDFA-StateMachineUpdater] INFO  ratis.ContainerStateMachine (ContainerStateMachine.java:takeSnapshot(293)) - group-CF7D474DFDFA: Taking a snapshot at:(t:5, i:2) file /home/runner/work/ozone/ozone/hadoop-ozone/integration-test/target/test-dir/MiniOzoneClusterImpl-994ab01d-a5c0-4516-a51a-b70458bd9cc3/datanode-5/data/ratis/e136d1d0-d591-4cb2-84c9-cf7d474dfdfa/sm/snapshot.5_2
2021-08-23 23:20:17,783 [7fc41cb1-4817-42a7-9d7d-8c23a540b464@group-CF7D474DFDFA-StateMachineUpdater] INFO  ratis.ContainerStateMachine (ContainerStateMachine.java:takeSnapshot(304)) - group-CF7D474DFDFA: Finished taking a snapshot at:(t:5, i:2) file:/home/runner/work/ozone/ozone/hadoop-ozone/integration-test/target/test-dir/MiniOzoneClusterImpl-994ab01d-a5c0-4516-a51a-b70458bd9cc3/datanode-5/data/ratis/e136d1d0-d591-4cb2-84c9-cf7d474dfdfa/sm/snapshot.5_2 took: 2 ms
2021-08-23 23:20:17,783 [7fc41cb1-4817-42a7-9d7d-8c23a540b464@group-CF7D474DFDFA-StateMachineUpdater] INFO  impl.StateMachineUpdater (StateMachineUpdater.java:takeSnapshot(281)) - 7fc41cb1-4817-42a7-9d7d-8c23a540b464@group-CF7D474DFDFA-StateMachineUpdater: Took a snapshot at index 2
2021-08-23 23:20:17,783 [7fc41cb1-4817-42a7-9d7d-8c23a540b464@group-CF7D474DFDFA-StateMachineUpdater] INFO  impl.StateMachineUpdater (StateMachineUpdater.java:lambda$new$0(89)) - 7fc41cb1-4817-42a7-9d7d-8c23a540b464@group-CF7D474DFDFA-StateMachineUpdater: snapshotIndex: updateIncreasingly -1 -> 2
2021-08-23 23:20:17,783 [Listener at 127.0.0.1/36523] INFO  server.RaftServer$Division (ServerState.java:close(419)) - 7fc41cb1-4817-42a7-9d7d-8c23a540b464@group-CF7D474DFDFA: closes. applyIndex: 2
2021-08-23 23:20:17,784 [7fc41cb1-4817-42a7-9d7d-8c23a540b464@group-CF7D474DFDFA-SegmentedRaftLogWorker] INFO  segmented.SegmentedRaftLogWorker (SegmentedRaftLogWorker.java:run(327)) - 7fc41cb1-4817-42a7-9d7d-8c23a540b464@group-CF7D474DFDFA-SegmentedRaftLogWorker was interrupted, exiting. There are 0 tasks remaining in the queue.
2021-08-23 23:20:17,784 [Listener at 127.0.0.1/36523] INFO  segmented.SegmentedRaftLogWorker (SegmentedRaftLogWorker.java:close(237)) - 7fc41cb1-4817-42a7-9d7d-8c23a540b464@group-CF7D474DFDFA-SegmentedRaftLogWorker close()
2021-08-23 23:20:17,786 [Listener at 127.0.0.1/36523] INFO  server.RaftServer$Division (RaftServerImpl.java:lambda$close$4(407)) - 7fc41cb1-4817-42a7-9d7d-8c23a540b464@group-8DB7C7BC1B9A: shutdown
2021-08-23 23:20:17,786 [Listener at 127.0.0.1/36523] INFO  util.JmxRegister (JmxRegister.java:unregister(73)) - Successfully un-registered JMX Bean with object name Ratis:service=RaftServer,group=group-8DB7C7BC1B9A,id=7fc41cb1-4817-42a7-9d7d-8c23a540b464
2021-08-23 23:20:17,786 [Listener at 127.0.0.1/36523] INFO  impl.RoleInfo (RoleInfo.java:shutdownLeaderState(91)) - 7fc41cb1-4817-42a7-9d7d-8c23a540b464: shutdown 7fc41cb1-4817-42a7-9d7d-8c23a540b464@group-8DB7C7BC1B9A-LeaderStateImpl
2021-08-23 23:20:17,786 [Listener at 127.0.0.1/36523] INFO  impl.PendingRequests (PendingRequests.java:sendNotLeaderResponses(282)) - 7fc41cb1-4817-42a7-9d7d-8c23a540b464@group-8DB7C7BC1B9A-PendingRequests: sendNotLeaderResponses
2021-08-23 23:20:17,787 [ForkJoinPool.commonPool-worker-0] INFO  ozoneimpl.OzoneContainer (OzoneContainer.java:stop(326)) - Attempting to stop container services.
2021-08-23 23:20:17,787 [Listener at 127.0.0.1/36523] INFO  impl.StateMachineUpdater (StateMachineUpdater.java:stopAndJoin(149)) - 7fc41cb1-4817-42a7-9d7d-8c23a540b464@group-8DB7C7BC1B9A-StateMachineUpdater: set stopIndex = 0
2021-08-23 23:20:17,787 [7fc41cb1-4817-42a7-9d7d-8c23a540b464@group-8DB7C7BC1B9A-StateMachineUpdater] INFO  ratis.ContainerStateMachine (ContainerStateMachine.java:takeSnapshot(293)) - group-8DB7C7BC1B9A: Taking a snapshot at:(t:1, i:0) file /home/runner/work/ozone/ozone/hadoop-ozone/integration-test/target/test-dir/MiniOzoneClusterImpl-994ab01d-a5c0-4516-a51a-b70458bd9cc3/datanode-5/data/ratis/6b593820-bbbd-48cf-8355-8db7c7bc1b9a/sm/snapshot.1_0
2021-08-23 23:20:17,791 [ForkJoinPool.commonPool-worker-0] INFO  server.RaftServer (RaftServerProxy.java:lambda$close$6(391)) - 3238dd0b-ba1a-45d4-9446-116bc825e875: close
2021-08-23 23:20:17,793 [ForkJoinPool.commonPool-worker-0] INFO  server.RaftServer$Division (RaftServerImpl.java:lambda$close$4(407)) - 3238dd0b-ba1a-45d4-9446-116bc825e875@group-CF7D474DFDFA: shutdown
2021-08-23 23:20:17,793 [7fc41cb1-4817-42a7-9d7d-8c23a540b464@group-8DB7C7BC1B9A-StateMachineUpdater] INFO  ratis.ContainerStateMachine (ContainerStateMachine.java:takeSnapshot(304)) - group-8DB7C7BC1B9A: Finished taking a snapshot at:(t:1, i:0) file:/home/runner/work/ozone/ozone/hadoop-ozone/integration-test/target/test-dir/MiniOzoneClusterImpl-994ab01d-a5c0-4516-a51a-b70458bd9cc3/datanode-5/data/ratis/6b593820-bbbd-48cf-8355-8db7c7bc1b9a/sm/snapshot.1_0 took: 6 ms
2021-08-23 23:20:17,793 [7fc41cb1-4817-42a7-9d7d-8c23a540b464@group-8DB7C7BC1B9A-StateMachineUpdater] INFO  impl.StateMachineUpdater (StateMachineUpdater.java:takeSnapshot(281)) - 7fc41cb1-4817-42a7-9d7d-8c23a540b464@group-8DB7C7BC1B9A-StateMachineUpdater: Took a snapshot at index 0
2021-08-23 23:20:17,794 [7fc41cb1-4817-42a7-9d7d-8c23a540b464@group-8DB7C7BC1B9A-StateMachineUpdater] INFO  impl.StateMachineUpdater (StateMachineUpdater.java:lambda$new$0(89)) - 7fc41cb1-4817-42a7-9d7d-8c23a540b464@group-8DB7C7BC1B9A-StateMachineUpdater: snapshotIndex: updateIncreasingly -1 -> 0
2021-08-23 23:20:17,794 [ForkJoinPool.commonPool-worker-0] INFO  util.JmxRegister (JmxRegister.java:unregister(73)) - Successfully un-registered JMX Bean with object name Ratis:service=RaftServer,group=group-CF7D474DFDFA,id=3238dd0b-ba1a-45d4-9446-116bc825e875
2021-08-23 23:20:17,794 [ForkJoinPool.commonPool-worker-0] INFO  impl.RoleInfo (RoleInfo.java:shutdownLeaderState(91)) - 3238dd0b-ba1a-45d4-9446-116bc825e875: shutdown 3238dd0b-ba1a-45d4-9446-116bc825e875@group-CF7D474DFDFA-LeaderStateImpl
2021-08-23 23:20:17,794 [ForkJoinPool.commonPool-worker-0] INFO  impl.PendingRequests (PendingRequests.java:sendNotLeaderResponses(282)) - 3238dd0b-ba1a-45d4-9446-116bc825e875@group-CF7D474DFDFA-PendingRequests: sendNotLeaderResponses
2021-08-23 23:20:17,794 [Listener at 127.0.0.1/36523] INFO  server.RaftServer$Division (ServerState.java:close(419)) - 7fc41cb1-4817-42a7-9d7d-8c23a540b464@group-8DB7C7BC1B9A: closes. applyIndex: 0
2021-08-23 23:20:17,798 [3238dd0b-ba1a-45d4-9446-116bc825e875@group-CF7D474DFDFA-StateMachineUpdater] INFO  ratis.ContainerStateMachine (ContainerStateMachine.java:takeSnapshot(293)) - group-CF7D474DFDFA: Taking a snapshot at:(t:5, i:2) file /home/runner/work/ozone/ozone/hadoop-ozone/integration-test/target/test-dir/MiniOzoneClusterImpl-994ab01d-a5c0-4516-a51a-b70458bd9cc3/datanode-3/data/ratis/e136d1d0-d591-4cb2-84c9-cf7d474dfdfa/sm/snapshot.5_2
2021-08-23 23:20:17,800 [7fc41cb1-4817-42a7-9d7d-8c23a540b464@group-8DB7C7BC1B9A-SegmentedRaftLogWorker] INFO  segmented.SegmentedRaftLogWorker (SegmentedRaftLogWorker.java:run(327)) - 7fc41cb1-4817-42a7-9d7d-8c23a540b464@group-8DB7C7BC1B9A-SegmentedRaftLogWorker was interrupted, exiting. There are 0 tasks remaining in the queue.
2021-08-23 23:20:17,798 [ForkJoinPool.commonPool-worker-0] INFO  impl.StateMachineUpdater (StateMachineUpdater.java:stopAndJoin(149)) - 3238dd0b-ba1a-45d4-9446-116bc825e875@group-CF7D474DFDFA-StateMachineUpdater: set stopIndex = 2
2021-08-23 23:20:17,797 [3238dd0b-ba1a-45d4-9446-116bc825e875@group-CF7D474DFDFA->cb3402e3-c902-40a3-9f81-e5c4ad664dcb-GrpcLogAppender-LogAppenderDaemon] WARN  server.GrpcLogAppender (GrpcLogAppender.java:mayWait(175)) - 3238dd0b-ba1a-45d4-9446-116bc825e875@group-CF7D474DFDFA->cb3402e3-c902-40a3-9f81-e5c4ad664dcb-GrpcLogAppender: Wait interrupted by java.lang.InterruptedException
2021-08-23 23:20:17,797 [3238dd0b-ba1a-45d4-9446-116bc825e875@group-CF7D474DFDFA->7fc41cb1-4817-42a7-9d7d-8c23a540b464-GrpcLogAppender-LogAppenderDaemon] WARN  server.GrpcLogAppender (GrpcLogAppender.java:mayWait(175)) - 3238dd0b-ba1a-45d4-9446-116bc825e875@group-CF7D474DFDFA->7fc41cb1-4817-42a7-9d7d-8c23a540b464-GrpcLogAppender: Wait interrupted by java.lang.InterruptedException
2021-08-23 23:20:17,804 [3238dd0b-ba1a-45d4-9446-116bc825e875@group-CF7D474DFDFA-StateMachineUpdater] INFO  ratis.ContainerStateMachine (ContainerStateMachine.java:takeSnapshot(304)) - group-CF7D474DFDFA: Finished taking a snapshot at:(t:5, i:2) file:/home/runner/work/ozone/ozone/hadoop-ozone/integration-test/target/test-dir/MiniOzoneClusterImpl-994ab01d-a5c0-4516-a51a-b70458bd9cc3/datanode-3/data/ratis/e136d1d0-d591-4cb2-84c9-cf7d474dfdfa/sm/snapshot.5_2 took: 7 ms
2021-08-23 23:20:17,801 [Listener at 127.0.0.1/36523] INFO  segmented.SegmentedRaftLogWorker (SegmentedRaftLogWorker.java:close(237)) - 7fc41cb1-4817-42a7-9d7d-8c23a540b464@group-8DB7C7BC1B9A-SegmentedRaftLogWorker close()
2021-08-23 23:20:17,807 [3238dd0b-ba1a-45d4-9446-116bc825e875@group-CF7D474DFDFA-StateMachineUpdater] INFO  impl.StateMachineUpdater (StateMachineUpdater.java:takeSnapshot(281)) - 3238dd0b-ba1a-45d4-9446-116bc825e875@group-CF7D474DFDFA-StateMachineUpdater: Took a snapshot at index 2
2021-08-23 23:20:17,808 [3238dd0b-ba1a-45d4-9446-116bc825e875@group-CF7D474DFDFA-StateMachineUpdater] INFO  impl.StateMachineUpdater (StateMachineUpdater.java:lambda$new$0(89)) - 3238dd0b-ba1a-45d4-9446-116bc825e875@group-CF7D474DFDFA-StateMachineUpdater: snapshotIndex: updateIncreasingly -1 -> 2
2021-08-23 23:20:17,808 [Listener at 127.0.0.1/36523] INFO  server.GrpcService (GrpcService.java:closeImpl(262)) - 7fc41cb1-4817-42a7-9d7d-8c23a540b464: shutdown server with port 44581 now
2021-08-23 23:20:17,807 [grpc-default-executor-3] INFO  server.GrpcServerProtocolService (GrpcServerProtocolService.java:onCompleted(140)) - 7fc41cb1-4817-42a7-9d7d-8c23a540b464: Completed APPEND_ENTRIES, lastRequest: 3238dd0b-ba1a-45d4-9446-116bc825e875->7fc41cb1-4817-42a7-9d7d-8c23a540b464#7-t5,previous=(t:5, i:1),leaderCommit=1,initializing? true,entries: size=1, first=(t:5, i:2), METADATAENTRY(c:1)
2021-08-23 23:20:17,808 [ForkJoinPool.commonPool-worker-0] INFO  server.RaftServer$Division (ServerState.java:close(419)) - 3238dd0b-ba1a-45d4-9446-116bc825e875@group-CF7D474DFDFA: closes. applyIndex: 2
2021-08-23 23:20:17,809 [3238dd0b-ba1a-45d4-9446-116bc825e875@group-CF7D474DFDFA-SegmentedRaftLogWorker] INFO  segmented.SegmentedRaftLogWorker (SegmentedRaftLogWorker.java:run(327)) - 3238dd0b-ba1a-45d4-9446-116bc825e875@group-CF7D474DFDFA-SegmentedRaftLogWorker was interrupted, exiting. There are 0 tasks remaining in the queue.
2021-08-23 23:20:17,809 [Listener at 127.0.0.1/36523] INFO  server.GrpcService (GrpcService.java:closeImpl(271)) - 7fc41cb1-4817-42a7-9d7d-8c23a540b464: shutdown server with port 44581 successfully
2021-08-23 23:20:17,809 [org.apache.ratis.util.JvmPauseMonitor$$Lambda$531/1878099363@47008aa9] INFO  util.JvmPauseMonitor (JvmPauseMonitor.java:run(109)) - JvmPauseMonitor-7fc41cb1-4817-42a7-9d7d-8c23a540b464: Stopped
2021-08-23 23:20:17,811 [Listener at 127.0.0.1/36523] INFO  utils.BackgroundService (BackgroundService.java:shutdown(132)) - Shutting down service BlockDeletingService
2021-08-23 23:20:17,811 [grpc-default-executor-3] INFO  server.GrpcLogAppender (GrpcLogAppender.java:onCompleted(344)) - 3238dd0b-ba1a-45d4-9446-116bc825e875@group-CF7D474DFDFA->7fc41cb1-4817-42a7-9d7d-8c23a540b464-AppendLogResponseHandler: follower responses appendEntries COMPLETED
2021-08-23 23:20:17,811 [grpc-default-executor-3] INFO  leader.FollowerInfo (FollowerInfoImpl.java:lambda$new$0(46)) - 3238dd0b-ba1a-45d4-9446-116bc825e875@group-CF7D474DFDFA->7fc41cb1-4817-42a7-9d7d-8c23a540b464: nextIndex: updateUnconditionally 3 -> 2
2021-08-23 23:20:17,811 [ForkJoinPool.commonPool-worker-0] INFO  segmented.SegmentedRaftLogWorker (SegmentedRaftLogWorker.java:close(237)) - 3238dd0b-ba1a-45d4-9446-116bc825e875@group-CF7D474DFDFA-SegmentedRaftLogWorker close()
2021-08-23 23:20:17,813 [ForkJoinPool.commonPool-worker-0] INFO  server.RaftServer$Division (RaftServerImpl.java:lambda$close$4(407)) - 3238dd0b-ba1a-45d4-9446-116bc825e875@group-F556EF88CAE5: shutdown
2021-08-23 23:20:17,813 [ForkJoinPool.commonPool-worker-0] INFO  util.JmxRegister (JmxRegister.java:unregister(73)) - Successfully un-registered JMX Bean with object name Ratis:service=RaftServer,group=group-F556EF88CAE5,id=3238dd0b-ba1a-45d4-9446-116bc825e875
2021-08-23 23:20:17,813 [ForkJoinPool.commonPool-worker-0] INFO  impl.RoleInfo (RoleInfo.java:shutdownLeaderState(91)) - 3238dd0b-ba1a-45d4-9446-116bc825e875: shutdown 3238dd0b-ba1a-45d4-9446-116bc825e875@group-F556EF88CAE5-LeaderStateImpl
2021-08-23 23:20:17,813 [ForkJoinPool.commonPool-worker-0] INFO  impl.PendingRequests (PendingRequests.java:sendNotLeaderResponses(282)) - 3238dd0b-ba1a-45d4-9446-116bc825e875@group-F556EF88CAE5-PendingRequests: sendNotLeaderResponses
2021-08-23 23:20:17,814 [ForkJoinPool.commonPool-worker-0] INFO  impl.StateMachineUpdater (StateMachineUpdater.java:stopAndJoin(149)) - 3238dd0b-ba1a-45d4-9446-116bc825e875@group-F556EF88CAE5-StateMachineUpdater: set stopIndex = 0
2021-08-23 23:20:17,814 [3238dd0b-ba1a-45d4-9446-116bc825e875@group-F556EF88CAE5-StateMachineUpdater] INFO  ratis.ContainerStateMachine (ContainerStateMachine.java:takeSnapshot(293)) - group-F556EF88CAE5: Taking a snapshot at:(t:1, i:0) file /home/runner/work/ozone/ozone/hadoop-ozone/integration-test/target/test-dir/MiniOzoneClusterImpl-994ab01d-a5c0-4516-a51a-b70458bd9cc3/datanode-3/data/ratis/70b016ad-9b8b-4c06-83dc-f556ef88cae5/sm/snapshot.1_0
2021-08-23 23:20:17,815 [3238dd0b-ba1a-45d4-9446-116bc825e875@group-F556EF88CAE5-StateMachineUpdater] INFO  ratis.ContainerStateMachine (ContainerStateMachine.java:takeSnapshot(304)) - group-F556EF88CAE5: Finished taking a snapshot at:(t:1, i:0) file:/home/runner/work/ozone/ozone/hadoop-ozone/integration-test/target/test-dir/MiniOzoneClusterImpl-994ab01d-a5c0-4516-a51a-b70458bd9cc3/datanode-3/data/ratis/70b016ad-9b8b-4c06-83dc-f556ef88cae5/sm/snapshot.1_0 took: 1 ms
2021-08-23 23:20:17,818 [3238dd0b-ba1a-45d4-9446-116bc825e875@group-F556EF88CAE5-StateMachineUpdater] INFO  impl.StateMachineUpdater (StateMachineUpdater.java:takeSnapshot(281)) - 3238dd0b-ba1a-45d4-9446-116bc825e875@group-F556EF88CAE5-StateMachineUpdater: Took a snapshot at index 0
2021-08-23 23:20:17,818 [3238dd0b-ba1a-45d4-9446-116bc825e875@group-F556EF88CAE5-StateMachineUpdater] INFO  impl.StateMachineUpdater (StateMachineUpdater.java:lambda$new$0(89)) - 3238dd0b-ba1a-45d4-9446-116bc825e875@group-F556EF88CAE5-StateMachineUpdater: snapshotIndex: updateIncreasingly -1 -> 0
2021-08-23 23:20:17,819 [ForkJoinPool.commonPool-worker-0] INFO  server.RaftServer$Division (ServerState.java:close(419)) - 3238dd0b-ba1a-45d4-9446-116bc825e875@group-F556EF88CAE5: closes. applyIndex: 0
2021-08-23 23:20:17,819 [3238dd0b-ba1a-45d4-9446-116bc825e875@group-F556EF88CAE5-SegmentedRaftLogWorker] INFO  segmented.SegmentedRaftLogWorker (SegmentedRaftLogWorker.java:run(327)) - 3238dd0b-ba1a-45d4-9446-116bc825e875@group-F556EF88CAE5-SegmentedRaftLogWorker was interrupted, exiting. There are 0 tasks remaining in the queue.
2021-08-23 23:20:17,824 [ForkJoinPool.commonPool-worker-0] INFO  segmented.SegmentedRaftLogWorker (SegmentedRaftLogWorker.java:close(237)) - 3238dd0b-ba1a-45d4-9446-116bc825e875@group-F556EF88CAE5-SegmentedRaftLogWorker close()
2021-08-23 23:20:17,825 [ForkJoinPool.commonPool-worker-0] INFO  server.GrpcService (GrpcService.java:closeImpl(262)) - 3238dd0b-ba1a-45d4-9446-116bc825e875: shutdown server with port 42759 now
2021-08-23 23:20:17,827 [ForkJoinPool.commonPool-worker-0] INFO  server.GrpcService (GrpcService.java:closeImpl(271)) - 3238dd0b-ba1a-45d4-9446-116bc825e875: shutdown server with port 42759 successfully
2021-08-23 23:20:17,827 [org.apache.ratis.util.JvmPauseMonitor$$Lambda$531/1878099363@219be09c] INFO  util.JvmPauseMonitor (JvmPauseMonitor.java:run(109)) - JvmPauseMonitor-3238dd0b-ba1a-45d4-9446-116bc825e875: Stopped
2021-08-23 23:20:17,834 [ForkJoinPool.commonPool-worker-0] INFO  utils.BackgroundService (BackgroundService.java:shutdown(132)) - Shutting down service BlockDeletingService
2021-08-23 23:20:17,991 [d8835383-dea3-45d4-b6e3-f656da7478fb@group-95F9150AC8B5-FollowerState] INFO  impl.FollowerState (FollowerState.java:run(134)) - d8835383-dea3-45d4-b6e3-f656da7478fb@group-95F9150AC8B5-FollowerState: change to CANDIDATE, lastRpcElapsedTime:8401245060ns, electionTimeout:5143ms
2021-08-23 23:20:17,991 [d8835383-dea3-45d4-b6e3-f656da7478fb@group-95F9150AC8B5-FollowerState] INFO  impl.RoleInfo (RoleInfo.java:shutdownFollowerState(108)) - d8835383-dea3-45d4-b6e3-f656da7478fb: shutdown d8835383-dea3-45d4-b6e3-f656da7478fb@group-95F9150AC8B5-FollowerState
2021-08-23 23:20:17,991 [d8835383-dea3-45d4-b6e3-f656da7478fb@group-95F9150AC8B5-FollowerState] INFO  server.RaftServer$Division (RaftServerImpl.java:setRole(285)) - d8835383-dea3-45d4-b6e3-f656da7478fb@group-95F9150AC8B5: changes role from  FOLLOWER to CANDIDATE at term 2 for changeToCandidate
2021-08-23 23:20:17,991 [d8835383-dea3-45d4-b6e3-f656da7478fb@group-95F9150AC8B5-FollowerState] INFO  server.RaftServerConfigKeys (ConfUtils.java:logGet(44)) - raft.server.leaderelection.pre-vote = false (custom)
2021-08-23 23:20:17,992 [d8835383-dea3-45d4-b6e3-f656da7478fb@group-95F9150AC8B5-FollowerState] INFO  impl.RoleInfo (RoleInfo.java:updateAndGet(130)) - d8835383-dea3-45d4-b6e3-f656da7478fb: start d8835383-dea3-45d4-b6e3-f656da7478fb@group-95F9150AC8B5-LeaderElection20
2021-08-23 23:20:17,993 [d8835383-dea3-45d4-b6e3-f656da7478fb@group-95F9150AC8B5-LeaderElection20] INFO  server.RaftServer$Division (ServerState.java:setLeader(285)) - d8835383-dea3-45d4-b6e3-f656da7478fb@group-95F9150AC8B5: change Leader from e06506bb-c7c9-4174-8cff-a1658cd313af to null at term 2 for ELECTION
2021-08-23 23:20:18,000 [d8835383-dea3-45d4-b6e3-f656da7478fb@group-95F9150AC8B5-LeaderElection20] INFO  impl.LeaderElection (LeaderElection.java:askForVotes(306)) - d8835383-dea3-45d4-b6e3-f656da7478fb@group-95F9150AC8B5-LeaderElection20 ELECTION round 0: submit vote requests at term 3 for 0: [d8835383-dea3-45d4-b6e3-f656da7478fb|rpc:10.1.0.66:44819|dataStream:|priority:0, e06506bb-c7c9-4174-8cff-a1658cd313af|rpc:10.1.0.66:35525|dataStream:|priority:1, bf8c8c9e-9c71-482e-9792-8d809f4c5fef|rpc:10.1.0.66:33119|dataStream:|priority:0], old=null
2021-08-23 23:20:18,011 [d8835383-dea3-45d4-b6e3-f656da7478fb@group-95F9150AC8B5-LeaderElection20] INFO  impl.LeaderElection (LogUtils.java:infoOrTrace(137)) - d8835383-dea3-45d4-b6e3-f656da7478fb@group-95F9150AC8B5-LeaderElection20 got exception when requesting votes: java.util.concurrent.ExecutionException: org.apache.ratis.thirdparty.io.grpc.StatusRuntimeException: UNAVAILABLE: io exception
2021-08-23 23:20:18,025 [grpc-default-executor-3] INFO  server.RaftServer$Division (RaftServerImpl.java:requestVote(1043)) - bf8c8c9e-9c71-482e-9792-8d809f4c5fef@group-95F9150AC8B5: receive requestVote(ELECTION, d8835383-dea3-45d4-b6e3-f656da7478fb, group-95F9150AC8B5, 3, (t:2, i:9))
2021-08-23 23:20:18,025 [grpc-default-executor-3] INFO  impl.VoteContext (VoteContext.java:log(48)) - bf8c8c9e-9c71-482e-9792-8d809f4c5fef@group-95F9150AC8B5-FOLLOWER: accept ELECTION from d8835383-dea3-45d4-b6e3-f656da7478fb: our priority 0 <= candidate's priority 0
2021-08-23 23:20:18,025 [grpc-default-executor-3] INFO  server.RaftServer$Division (ServerState.java:setLeader(285)) - bf8c8c9e-9c71-482e-9792-8d809f4c5fef@group-95F9150AC8B5: change Leader from e06506bb-c7c9-4174-8cff-a1658cd313af to null at term 3 for updateCurrentTerm
2021-08-23 23:20:18,025 [grpc-default-executor-3] INFO  server.RaftServer$Division (RaftServerImpl.java:setRole(285)) - bf8c8c9e-9c71-482e-9792-8d809f4c5fef@group-95F9150AC8B5: changes role from  FOLLOWER to FOLLOWER at term 3 for candidate:d8835383-dea3-45d4-b6e3-f656da7478fb
2021-08-23 23:20:18,025 [grpc-default-executor-3] INFO  impl.RoleInfo (RoleInfo.java:shutdownFollowerState(108)) - bf8c8c9e-9c71-482e-9792-8d809f4c5fef: shutdown bf8c8c9e-9c71-482e-9792-8d809f4c5fef@group-95F9150AC8B5-FollowerState
2021-08-23 23:20:18,025 [grpc-default-executor-3] INFO  impl.RoleInfo (RoleInfo.java:updateAndGet(130)) - bf8c8c9e-9c71-482e-9792-8d809f4c5fef: start bf8c8c9e-9c71-482e-9792-8d809f4c5fef@group-95F9150AC8B5-FollowerState
2021-08-23 23:20:18,028 [bf8c8c9e-9c71-482e-9792-8d809f4c5fef@group-95F9150AC8B5-FollowerState] INFO  impl.FollowerState (FollowerState.java:run(143)) - bf8c8c9e-9c71-482e-9792-8d809f4c5fef@group-95F9150AC8B5-FollowerState was interrupted: {}
java.lang.InterruptedException: sleep interrupted
	at java.lang.Thread.sleep(Native Method)
	at java.lang.Thread.sleep(Thread.java:340)
	at java.util.concurrent.TimeUnit.sleep(TimeUnit.java:386)
	at org.apache.ratis.util.TimeDuration.sleep(TimeDuration.java:324)
	at org.apache.ratis.util.TimeDuration.sleep(TimeDuration.java:309)
	at org.apache.ratis.server.impl.FollowerState.run(FollowerState.java:118)
2021-08-23 23:20:18,040 [grpc-default-executor-3] INFO  server.RaftServer$Division (RaftServerImpl.java:requestVote(1075)) - bf8c8c9e-9c71-482e-9792-8d809f4c5fef@group-95F9150AC8B5 replies to ELECTION vote request: d8835383-dea3-45d4-b6e3-f656da7478fb<-bf8c8c9e-9c71-482e-9792-8d809f4c5fef#0:OK-t3. Peer's state: bf8c8c9e-9c71-482e-9792-8d809f4c5fef@group-95F9150AC8B5:t3, leader=null, voted=d8835383-dea3-45d4-b6e3-f656da7478fb, raftlog=bf8c8c9e-9c71-482e-9792-8d809f4c5fef@group-95F9150AC8B5-SegmentedRaftLog:OPENED:c9,f9,i9, conf=0: [d8835383-dea3-45d4-b6e3-f656da7478fb|rpc:10.1.0.66:44819|dataStream:|priority:0, e06506bb-c7c9-4174-8cff-a1658cd313af|rpc:10.1.0.66:35525|dataStream:|priority:1, bf8c8c9e-9c71-482e-9792-8d809f4c5fef|rpc:10.1.0.66:33119|dataStream:|priority:0], old=null
2021-08-23 23:20:18,044 [d8835383-dea3-45d4-b6e3-f656da7478fb@group-95F9150AC8B5-LeaderElection20] INFO  impl.LeaderElection (LeaderElection.java:logAndReturn(89)) - d8835383-dea3-45d4-b6e3-f656da7478fb@group-95F9150AC8B5-LeaderElection20: ELECTION PASSED received 1 response(s) and 1 exception(s):
2021-08-23 23:20:18,044 [d8835383-dea3-45d4-b6e3-f656da7478fb@group-95F9150AC8B5-LeaderElection20] INFO  impl.LeaderElection (LeaderElection.java:logAndReturn(93)) -   Response 0: d8835383-dea3-45d4-b6e3-f656da7478fb<-bf8c8c9e-9c71-482e-9792-8d809f4c5fef#0:OK-t3
2021-08-23 23:20:18,045 [d8835383-dea3-45d4-b6e3-f656da7478fb@group-95F9150AC8B5-LeaderElection20] INFO  impl.LeaderElection (LogUtils.java:infoOrTrace(137)) -   Exception 1: java.util.concurrent.ExecutionException: org.apache.ratis.thirdparty.io.grpc.StatusRuntimeException: UNAVAILABLE: io exception
2021-08-23 23:20:18,045 [d8835383-dea3-45d4-b6e3-f656da7478fb@group-95F9150AC8B5-LeaderElection20] INFO  impl.LeaderElection (LeaderElection.java:askForVotes(308)) - d8835383-dea3-45d4-b6e3-f656da7478fb@group-95F9150AC8B5-LeaderElection20 ELECTION round 0: result PASSED
2021-08-23 23:20:18,045 [d8835383-dea3-45d4-b6e3-f656da7478fb@group-95F9150AC8B5-LeaderElection20] INFO  impl.RoleInfo (RoleInfo.java:shutdownLeaderElection(121)) - d8835383-dea3-45d4-b6e3-f656da7478fb: shutdown d8835383-dea3-45d4-b6e3-f656da7478fb@group-95F9150AC8B5-LeaderElection20
2021-08-23 23:20:18,045 [d8835383-dea3-45d4-b6e3-f656da7478fb@group-95F9150AC8B5-LeaderElection20] INFO  server.RaftServer$Division (RaftServerImpl.java:setRole(285)) - d8835383-dea3-45d4-b6e3-f656da7478fb@group-95F9150AC8B5: changes role from CANDIDATE to LEADER at term 3 for changeToLeader
2021-08-23 23:20:18,045 [d8835383-dea3-45d4-b6e3-f656da7478fb@group-95F9150AC8B5-LeaderElection20] INFO  ratis.XceiverServerRatis (XceiverServerRatis.java:handleLeaderChangedNotification(861)) - Leader change notification received for group: group-95F9150AC8B5 with new leaderId: d8835383-dea3-45d4-b6e3-f656da7478fb
2021-08-23 23:20:18,045 [d8835383-dea3-45d4-b6e3-f656da7478fb@group-95F9150AC8B5-LeaderElection20] INFO  server.RaftServer$Division (ServerState.java:setLeader(285)) - d8835383-dea3-45d4-b6e3-f656da7478fb@group-95F9150AC8B5: change Leader from null to d8835383-dea3-45d4-b6e3-f656da7478fb at term 3 for becomeLeader, leader elected after 52ms
2021-08-23 23:20:18,045 [d8835383-dea3-45d4-b6e3-f656da7478fb@group-95F9150AC8B5-LeaderElection20] INFO  server.RaftServerConfigKeys (ConfUtils.java:logGet(44)) - raft.server.staging.catchup.gap = 1000 (default)
2021-08-23 23:20:18,046 [Datanode State Machine Thread - 0] WARN  statemachine.StateContext (StateContext.java:execute(621)) - No available thread in pool for past 1 seconds.
2021-08-23 23:20:18,046 [d8835383-dea3-45d4-b6e3-f656da7478fb@group-95F9150AC8B5-LeaderElection20] INFO  server.RaftServerConfigKeys (ConfUtils.java:logGet(44)) - raft.server.write.element-limit = 1024 (custom)
2021-08-23 23:20:18,046 [d8835383-dea3-45d4-b6e3-f656da7478fb@group-95F9150AC8B5-LeaderElection20] INFO  server.RaftServerConfigKeys (ConfUtils.java:logGet(44)) - raft.server.write.byte-limit = 1024 M (=1073741824) (custom)
2021-08-23 23:20:18,046 [d8835383-dea3-45d4-b6e3-f656da7478fb@group-95F9150AC8B5-LeaderElection20] INFO  server.RaftServerConfigKeys (ConfUtils.java:logGet(44)) - raft.server.watch.timeout = 3000ms (custom)
2021-08-23 23:20:18,046 [d8835383-dea3-45d4-b6e3-f656da7478fb@group-95F9150AC8B5-LeaderElection20] INFO  server.RaftServerConfigKeys (ConfUtils.java:logGet(44)) - raft.server.watch.timeout.denomination = 1s (default)
2021-08-23 23:20:18,046 [d8835383-dea3-45d4-b6e3-f656da7478fb@group-95F9150AC8B5-LeaderElection20] INFO  server.RaftServerConfigKeys (ConfUtils.java:logGet(44)) - raft.server.watch.element-limit = 65536 (default)
2021-08-23 23:20:18,046 [d8835383-dea3-45d4-b6e3-f656da7478fb@group-95F9150AC8B5-LeaderElection20] INFO  server.RaftServerConfigKeys (ConfUtils.java:logGet(44)) - raft.server.log.appender.snapshot.chunk.size.max = 16MB (=16777216) (default)
2021-08-23 23:20:18,046 [d8835383-dea3-45d4-b6e3-f656da7478fb@group-95F9150AC8B5-LeaderElection20] INFO  server.RaftServerConfigKeys (ConfUtils.java:logGet(44)) - raft.server.log.appender.buffer.byte-limit = 33554432 (custom)
2021-08-23 23:20:18,046 [d8835383-dea3-45d4-b6e3-f656da7478fb@group-95F9150AC8B5-LeaderElection20] INFO  server.RaftServerConfigKeys (ConfUtils.java:logGet(44)) - raft.server.log.appender.buffer.element-limit = 1 (custom)
2021-08-23 23:20:18,047 [d8835383-dea3-45d4-b6e3-f656da7478fb@group-95F9150AC8B5-LeaderElection20] INFO  grpc.GrpcConfigKeys (ConfUtils.java:logGet(44)) - raft.grpc.server.leader.outstanding.appends.max = 128 (default)
2021-08-23 23:20:18,047 [d8835383-dea3-45d4-b6e3-f656da7478fb@group-95F9150AC8B5-LeaderElection20] INFO  server.RaftServerConfigKeys (ConfUtils.java:logGet(44)) - raft.server.rpc.request.timeout = 3000ms (default)
2021-08-23 23:20:18,047 [d8835383-dea3-45d4-b6e3-f656da7478fb@group-95F9150AC8B5-LeaderElection20] INFO  server.RaftServerConfigKeys (ConfUtils.java:logGet(44)) - raft.server.log.appender.install.snapshot.enabled = false (custom)
2021-08-23 23:20:18,047 [d8835383-dea3-45d4-b6e3-f656da7478fb@group-95F9150AC8B5-LeaderElection20] INFO  server.RaftServerConfigKeys (ConfUtils.java:logGet(44)) - raft.server.log.appender.snapshot.chunk.size.max = 16MB (=16777216) (default)
2021-08-23 23:20:18,047 [d8835383-dea3-45d4-b6e3-f656da7478fb@group-95F9150AC8B5-LeaderElection20] INFO  server.RaftServerConfigKeys (ConfUtils.java:logGet(44)) - raft.server.log.appender.buffer.byte-limit = 33554432 (custom)
2021-08-23 23:20:18,048 [d8835383-dea3-45d4-b6e3-f656da7478fb@group-95F9150AC8B5-LeaderElection20] INFO  server.RaftServerConfigKeys (ConfUtils.java:logGet(44)) - raft.server.log.appender.buffer.element-limit = 1 (custom)
2021-08-23 23:20:18,048 [d8835383-dea3-45d4-b6e3-f656da7478fb@group-95F9150AC8B5-LeaderElection20] INFO  grpc.GrpcConfigKeys (ConfUtils.java:logGet(44)) - raft.grpc.server.leader.outstanding.appends.max = 128 (default)
2021-08-23 23:20:18,048 [d8835383-dea3-45d4-b6e3-f656da7478fb@group-95F9150AC8B5-LeaderElection20] INFO  server.RaftServerConfigKeys (ConfUtils.java:logGet(44)) - raft.server.rpc.request.timeout = 3000ms (default)
2021-08-23 23:20:18,048 [d8835383-dea3-45d4-b6e3-f656da7478fb@group-95F9150AC8B5-LeaderElection20] INFO  server.RaftServerConfigKeys (ConfUtils.java:logGet(44)) - raft.server.log.appender.install.snapshot.enabled = false (custom)
2021-08-23 23:20:18,050 [d8835383-dea3-45d4-b6e3-f656da7478fb@group-95F9150AC8B5-LeaderElection20] INFO  impl.RoleInfo (RoleInfo.java:updateAndGet(130)) - d8835383-dea3-45d4-b6e3-f656da7478fb: start d8835383-dea3-45d4-b6e3-f656da7478fb@group-95F9150AC8B5-LeaderStateImpl
2021-08-23 23:20:18,053 [d8835383-dea3-45d4-b6e3-f656da7478fb@group-95F9150AC8B5-LeaderElection20] INFO  segmented.SegmentedRaftLogWorker (SegmentedRaftLogWorker.java:rollLogSegment(399)) - d8835383-dea3-45d4-b6e3-f656da7478fb@group-95F9150AC8B5-SegmentedRaftLogWorker: Rolling segment log-0_9 to index:9
2021-08-23 23:20:18,054 [d8835383-dea3-45d4-b6e3-f656da7478fb@group-95F9150AC8B5-SegmentedRaftLogWorker] INFO  segmented.SegmentedRaftLogWorker (SegmentedRaftLogWorker.java:execute(558)) - d8835383-dea3-45d4-b6e3-f656da7478fb@group-95F9150AC8B5-SegmentedRaftLogWorker: Rolled log segment from /home/runner/work/ozone/ozone/hadoop-ozone/integration-test/target/test-dir/MiniOzoneClusterImpl-994ab01d-a5c0-4516-a51a-b70458bd9cc3/datanode-1/data/ratis/cca89311-bd88-471a-8fe5-95f9150ac8b5/current/log_inprogress_0 to /home/runner/work/ozone/ozone/hadoop-ozone/integration-test/target/test-dir/MiniOzoneClusterImpl-994ab01d-a5c0-4516-a51a-b70458bd9cc3/datanode-1/data/ratis/cca89311-bd88-471a-8fe5-95f9150ac8b5/current/log_0-9
2021-08-23 23:20:18,055 [d8835383-dea3-45d4-b6e3-f656da7478fb@group-95F9150AC8B5-SegmentedRaftLogWorker] INFO  segmented.SegmentedRaftLogWorker (SegmentedRaftLogWorker.java:execute(601)) - d8835383-dea3-45d4-b6e3-f656da7478fb@group-95F9150AC8B5-SegmentedRaftLogWorker: created new log segment /home/runner/work/ozone/ozone/hadoop-ozone/integration-test/target/test-dir/MiniOzoneClusterImpl-994ab01d-a5c0-4516-a51a-b70458bd9cc3/datanode-1/data/ratis/cca89311-bd88-471a-8fe5-95f9150ac8b5/current/log_inprogress_10
2021-08-23 23:20:18,056 [grpc-default-executor-3] WARN  server.GrpcLogAppender (LogUtils.java:warn(122)) - d8835383-dea3-45d4-b6e3-f656da7478fb@group-95F9150AC8B5->e06506bb-c7c9-4174-8cff-a1658cd313af-AppendLogResponseHandler: Failed appendEntries: org.apache.ratis.thirdparty.io.grpc.StatusRuntimeException: UNAVAILABLE: io exception
2021-08-23 23:20:18,065 [d8835383-dea3-45d4-b6e3-f656da7478fb@group-95F9150AC8B5-LeaderElection20] INFO  server.RaftServer$Division (ServerState.java:setRaftConf(387)) - d8835383-dea3-45d4-b6e3-f656da7478fb@group-95F9150AC8B5: set configuration 10: [d8835383-dea3-45d4-b6e3-f656da7478fb|rpc:10.1.0.66:44819|dataStream:|priority:0, e06506bb-c7c9-4174-8cff-a1658cd313af|rpc:10.1.0.66:35525|dataStream:|priority:1, bf8c8c9e-9c71-482e-9792-8d809f4c5fef|rpc:10.1.0.66:33119|dataStream:|priority:0], old=null
2021-08-23 23:20:18,066 [grpc-default-executor-3] WARN  server.GrpcLogAppender (GrpcLogAppender.java:resetClient(111)) - d8835383-dea3-45d4-b6e3-f656da7478fb@group-95F9150AC8B5->e06506bb-c7c9-4174-8cff-a1658cd313af-GrpcLogAppender: Leader has not got in touch with Follower d8835383-dea3-45d4-b6e3-f656da7478fb@group-95F9150AC8B5->e06506bb-c7c9-4174-8cff-a1658cd313af(c-1,m0,n11, attendVote=true, lastRpcSendTime=1, lastRpcResponseTime=5219) yet, just keep nextIndex unchanged and retry.
2021-08-23 23:20:18,074 [grpc-default-executor-1] INFO  ratis.XceiverServerRatis (XceiverServerRatis.java:handleLeaderChangedNotification(861)) - Leader change notification received for group: group-95F9150AC8B5 with new leaderId: d8835383-dea3-45d4-b6e3-f656da7478fb
2021-08-23 23:20:18,074 [grpc-default-executor-1] INFO  server.RaftServer$Division (ServerState.java:setLeader(285)) - bf8c8c9e-9c71-482e-9792-8d809f4c5fef@group-95F9150AC8B5: change Leader from null to d8835383-dea3-45d4-b6e3-f656da7478fb at term 3 for appendEntries, leader elected after 49ms
2021-08-23 23:20:18,083 [grpc-default-executor-1] INFO  server.RaftServer$Division (ServerState.java:setRaftConf(387)) - bf8c8c9e-9c71-482e-9792-8d809f4c5fef@group-95F9150AC8B5: set configuration 10: [d8835383-dea3-45d4-b6e3-f656da7478fb|rpc:10.1.0.66:44819|dataStream:|priority:0, e06506bb-c7c9-4174-8cff-a1658cd313af|rpc:10.1.0.66:35525|dataStream:|priority:1, bf8c8c9e-9c71-482e-9792-8d809f4c5fef|rpc:10.1.0.66:33119|dataStream:|priority:0], old=null
2021-08-23 23:20:18,083 [grpc-default-executor-1] INFO  segmented.SegmentedRaftLogWorker (SegmentedRaftLogWorker.java:rollLogSegment(399)) - bf8c8c9e-9c71-482e-9792-8d809f4c5fef@group-95F9150AC8B5-SegmentedRaftLogWorker: Rolling segment log-0_9 to index:9
2021-08-23 23:20:18,084 [bf8c8c9e-9c71-482e-9792-8d809f4c5fef@group-95F9150AC8B5-SegmentedRaftLogWorker] INFO  segmented.SegmentedRaftLogWorker (SegmentedRaftLogWorker.java:execute(558)) - bf8c8c9e-9c71-482e-9792-8d809f4c5fef@group-95F9150AC8B5-SegmentedRaftLogWorker: Rolled log segment from /home/runner/work/ozone/ozone/hadoop-ozone/integration-test/target/test-dir/MiniOzoneClusterImpl-994ab01d-a5c0-4516-a51a-b70458bd9cc3/datanode-0/data/ratis/cca89311-bd88-471a-8fe5-95f9150ac8b5/current/log_inprogress_0 to /home/runner/work/ozone/ozone/hadoop-ozone/integration-test/target/test-dir/MiniOzoneClusterImpl-994ab01d-a5c0-4516-a51a-b70458bd9cc3/datanode-0/data/ratis/cca89311-bd88-471a-8fe5-95f9150ac8b5/current/log_0-9
2021-08-23 23:20:18,086 [bf8c8c9e-9c71-482e-9792-8d809f4c5fef@group-95F9150AC8B5-SegmentedRaftLogWorker] INFO  segmented.SegmentedRaftLogWorker (SegmentedRaftLogWorker.java:execute(601)) - bf8c8c9e-9c71-482e-9792-8d809f4c5fef@group-95F9150AC8B5-SegmentedRaftLogWorker: created new log segment /home/runner/work/ozone/ozone/hadoop-ozone/integration-test/target/test-dir/MiniOzoneClusterImpl-994ab01d-a5c0-4516-a51a-b70458bd9cc3/datanode-0/data/ratis/cca89311-bd88-471a-8fe5-95f9150ac8b5/current/log_inprogress_10
2021-08-23 23:20:18,115 [grpc-default-executor-1] WARN  server.GrpcLogAppender (LogUtils.java:warn(122)) - d8835383-dea3-45d4-b6e3-f656da7478fb@group-95F9150AC8B5->e06506bb-c7c9-4174-8cff-a1658cd313af-AppendLogResponseHandler: Failed appendEntries: org.apache.ratis.thirdparty.io.grpc.StatusRuntimeException: UNAVAILABLE: io exception
2021-08-23 23:20:18,121 [grpc-default-executor-1] WARN  server.GrpcLogAppender (GrpcLogAppender.java:resetClient(111)) - d8835383-dea3-45d4-b6e3-f656da7478fb@group-95F9150AC8B5->e06506bb-c7c9-4174-8cff-a1658cd313af-GrpcLogAppender: Leader has not got in touch with Follower d8835383-dea3-45d4-b6e3-f656da7478fb@group-95F9150AC8B5->e06506bb-c7c9-4174-8cff-a1658cd313af(c-1,m0,n12, attendVote=true, lastRpcSendTime=0, lastRpcResponseTime=5274) yet, just keep nextIndex unchanged and retry.
2021-08-23 23:20:20,622 [grpc-default-executor-3] WARN  server.GrpcLogAppender (LogUtils.java:warn(122)) - d8835383-dea3-45d4-b6e3-f656da7478fb@group-95F9150AC8B5->e06506bb-c7c9-4174-8cff-a1658cd313af-AppendLogResponseHandler: Failed appendEntries: org.apache.ratis.thirdparty.io.grpc.StatusRuntimeException: UNAVAILABLE: io exception
2021-08-23 23:20:20,622 [grpc-default-executor-3] WARN  server.GrpcLogAppender (GrpcLogAppender.java:resetClient(111)) - d8835383-dea3-45d4-b6e3-f656da7478fb@group-95F9150AC8B5->e06506bb-c7c9-4174-8cff-a1658cd313af-GrpcLogAppender: Leader has not got in touch with Follower d8835383-dea3-45d4-b6e3-f656da7478fb@group-95F9150AC8B5->e06506bb-c7c9-4174-8cff-a1658cd313af(c-1,m0,n12, attendVote=true, lastRpcSendTime=0, lastRpcResponseTime=7776) yet, just keep nextIndex unchanged and retry.
2021-08-23 23:20:20,816 [Listener at 127.0.0.1/36523] INFO  statemachine.DatanodeStateMachine (DatanodeStateMachine.java:stopDaemon(515)) - Ozone container server stopped.
2021-08-23 23:20:20,817 [Listener at 127.0.0.1/36523] INFO  handler.ContextHandler (ContextHandler.java:doStop(1153)) - Stopped o.e.j.w.WebAppContext@3d10a00a{hddsDatanode,/,null,STOPPED}{jar:file:/home/runner/.m2/repository/org/apache/ozone/hdds-container-service/1.2.0-SNAPSHOT/hdds-container-service-1.2.0-SNAPSHOT.jar!/webapps/hddsDatanode}
2021-08-23 23:20:20,818 [Listener at 127.0.0.1/36523] INFO  server.AbstractConnector (AbstractConnector.java:doStop(381)) - Stopped ServerConnector@787b688a{HTTP/1.1, (http/1.1)}{0.0.0.0:0}
2021-08-23 23:20:20,818 [Listener at 127.0.0.1/36523] INFO  server.session (HouseKeeper.java:stopScavenging(149)) - node0 Stopped scavenging
2021-08-23 23:20:20,818 [Listener at 127.0.0.1/36523] INFO  handler.ContextHandler (ContextHandler.java:doStop(1153)) - Stopped o.e.j.s.ServletContextHandler@22b91d3c{static,/static,jar:file:/home/runner/.m2/repository/org/apache/ozone/hdds-container-service/1.2.0-SNAPSHOT/hdds-container-service-1.2.0-SNAPSHOT.jar!/webapps/static,STOPPED}
2021-08-23 23:20:20,819 [Listener at 127.0.0.1/36523] INFO  handler.ContextHandler (ContextHandler.java:doStop(1153)) - Stopped o.e.j.s.ServletContextHandler@786ce57e{logs,/logs,file:///home/runner/work/ozone/ozone/hadoop-ozone/integration-test/target/log,STOPPED}
2021-08-23 23:20:20,839 [ForkJoinPool.commonPool-worker-0] INFO  statemachine.DatanodeStateMachine (DatanodeStateMachine.java:stopDaemon(515)) - Ozone container server stopped.
2021-08-23 23:20:20,841 [ForkJoinPool.commonPool-worker-0] INFO  handler.ContextHandler (ContextHandler.java:doStop(1153)) - Stopped o.e.j.w.WebAppContext@5376b688{hddsDatanode,/,null,STOPPED}{jar:file:/home/runner/.m2/repository/org/apache/ozone/hdds-container-service/1.2.0-SNAPSHOT/hdds-container-service-1.2.0-SNAPSHOT.jar!/webapps/hddsDatanode}
2021-08-23 23:20:20,841 [ForkJoinPool.commonPool-worker-0] INFO  server.AbstractConnector (AbstractConnector.java:doStop(381)) - Stopped ServerConnector@23bc053c{HTTP/1.1, (http/1.1)}{0.0.0.0:0}
2021-08-23 23:20:20,841 [ForkJoinPool.commonPool-worker-0] INFO  server.session (HouseKeeper.java:stopScavenging(149)) - node0 Stopped scavenging
2021-08-23 23:20:20,845 [ForkJoinPool.commonPool-worker-0] INFO  handler.ContextHandler (ContextHandler.java:doStop(1153)) - Stopped o.e.j.s.ServletContextHandler@3ce9c492{static,/static,jar:file:/home/runner/.m2/repository/org/apache/ozone/hdds-container-service/1.2.0-SNAPSHOT/hdds-container-service-1.2.0-SNAPSHOT.jar!/webapps/static,STOPPED}
2021-08-23 23:20:20,845 [ForkJoinPool.commonPool-worker-0] INFO  handler.ContextHandler (ContextHandler.java:doStop(1153)) - Stopped o.e.j.s.ServletContextHandler@9b7701f{logs,/logs,file:///home/runner/work/ozone/ozone/hadoop-ozone/integration-test/target/log,STOPPED}
2021-08-23 23:20:21,505 [Datanode State Machine Thread - 0] INFO  statemachine.DatanodeStateMachine (DatanodeStateMachine.java:lambda$startDaemon$0(457)) - Ozone container server started.
2021-08-23 23:20:21,804 [Datanode State Machine Thread - 0] INFO  statemachine.DatanodeStateMachine (DatanodeStateMachine.java:lambda$startDaemon$0(457)) - Ozone container server started.
2021-08-23 23:20:23,122 [grpc-default-executor-3] WARN  server.GrpcLogAppender (LogUtils.java:warn(122)) - d8835383-dea3-45d4-b6e3-f656da7478fb@group-95F9150AC8B5->e06506bb-c7c9-4174-8cff-a1658cd313af-AppendLogResponseHandler: Failed appendEntries: org.apache.ratis.thirdparty.io.grpc.StatusRuntimeException: UNAVAILABLE: io exception
2021-08-23 23:20:23,123 [grpc-default-executor-3] WARN  server.GrpcLogAppender (GrpcLogAppender.java:resetClient(111)) - d8835383-dea3-45d4-b6e3-f656da7478fb@group-95F9150AC8B5->e06506bb-c7c9-4174-8cff-a1658cd313af-GrpcLogAppender: Leader has not got in touch with Follower d8835383-dea3-45d4-b6e3-f656da7478fb@group-95F9150AC8B5->e06506bb-c7c9-4174-8cff-a1658cd313af(c-1,m0,n12, attendVote=true, lastRpcSendTime=0, lastRpcResponseTime=10276) yet, just keep nextIndex unchanged and retry.
2021-08-23 23:20:25,622 [grpc-default-executor-3] WARN  server.GrpcLogAppender (LogUtils.java:warn(122)) - d8835383-dea3-45d4-b6e3-f656da7478fb@group-95F9150AC8B5->e06506bb-c7c9-4174-8cff-a1658cd313af-AppendLogResponseHandler: Failed appendEntries: org.apache.ratis.thirdparty.io.grpc.StatusRuntimeException: UNAVAILABLE: io exception
2021-08-23 23:20:25,623 [grpc-default-executor-3] WARN  server.GrpcLogAppender (GrpcLogAppender.java:resetClient(111)) - d8835383-dea3-45d4-b6e3-f656da7478fb@group-95F9150AC8B5->e06506bb-c7c9-4174-8cff-a1658cd313af-GrpcLogAppender: Leader has not got in touch with Follower d8835383-dea3-45d4-b6e3-f656da7478fb@group-95F9150AC8B5->e06506bb-c7c9-4174-8cff-a1658cd313af(c-1,m0,n12, attendVote=true, lastRpcSendTime=2501, lastRpcResponseTime=12777) yet, just keep nextIndex unchanged and retry.
2021-08-23 23:20:25,822 [Listener at 127.0.0.1/36523] INFO  ozoneimpl.OzoneContainer (OzoneContainer.java:stop(326)) - Attempting to stop container services.
2021-08-23 23:20:25,824 [Listener at 127.0.0.1/36523] INFO  server.RaftServer (RaftServerProxy.java:lambda$close$6(391)) - 094f6f25-50f7-4e1e-949d-13da2b12d5a4: close
2021-08-23 23:20:25,825 [Listener at 127.0.0.1/36523] INFO  server.RaftServer$Division (RaftServerImpl.java:lambda$close$4(407)) - 094f6f25-50f7-4e1e-949d-13da2b12d5a4@group-7CDFDB31BB52: shutdown
2021-08-23 23:20:25,825 [Listener at 127.0.0.1/36523] INFO  util.JmxRegister (JmxRegister.java:unregister(73)) - Successfully un-registered JMX Bean with object name Ratis:service=RaftServer,group=group-7CDFDB31BB52,id=094f6f25-50f7-4e1e-949d-13da2b12d5a4
2021-08-23 23:20:25,825 [Listener at 127.0.0.1/36523] INFO  impl.RoleInfo (RoleInfo.java:shutdownLeaderState(91)) - 094f6f25-50f7-4e1e-949d-13da2b12d5a4: shutdown 094f6f25-50f7-4e1e-949d-13da2b12d5a4@group-7CDFDB31BB52-LeaderStateImpl
2021-08-23 23:20:25,825 [Listener at 127.0.0.1/36523] INFO  impl.PendingRequests (PendingRequests.java:sendNotLeaderResponses(282)) - 094f6f25-50f7-4e1e-949d-13da2b12d5a4@group-7CDFDB31BB52-PendingRequests: sendNotLeaderResponses
2021-08-23 23:20:25,825 [094f6f25-50f7-4e1e-949d-13da2b12d5a4@group-7CDFDB31BB52->0dd4e32c-0382-462c-9ace-22051620c5de-GrpcLogAppender-LogAppenderDaemon] WARN  server.GrpcLogAppender (GrpcLogAppender.java:mayWait(175)) - 094f6f25-50f7-4e1e-949d-13da2b12d5a4@group-7CDFDB31BB52->0dd4e32c-0382-462c-9ace-22051620c5de-GrpcLogAppender: Wait interrupted by java.lang.InterruptedException
2021-08-23 23:20:25,826 [094f6f25-50f7-4e1e-949d-13da2b12d5a4@group-7CDFDB31BB52->e0c56fbf-58af-4909-99ad-16a71beee03d-GrpcLogAppender-LogAppenderDaemon] WARN  server.GrpcLogAppender (GrpcLogAppender.java:mayWait(175)) - 094f6f25-50f7-4e1e-949d-13da2b12d5a4@group-7CDFDB31BB52->e0c56fbf-58af-4909-99ad-16a71beee03d-GrpcLogAppender: Wait interrupted by java.lang.InterruptedException
2021-08-23 23:20:25,827 [grpc-default-executor-3] INFO  server.GrpcServerProtocolService (GrpcServerProtocolService.java:onCompleted(140)) - 0dd4e32c-0382-462c-9ace-22051620c5de: Completed APPEND_ENTRIES, lastRequest: 094f6f25-50f7-4e1e-949d-13da2b12d5a4->0dd4e32c-0382-462c-9ace-22051620c5de#1-t2,previous=(t:0, i:0),leaderCommit=0,initializing? true,entries: size=1, first=(t:2, i:0), CONFIGURATIONENTRY
2021-08-23 23:20:25,827 [Listener at 127.0.0.1/36523] INFO  impl.StateMachineUpdater (StateMachineUpdater.java:stopAndJoin(149)) - 094f6f25-50f7-4e1e-949d-13da2b12d5a4@group-7CDFDB31BB52-StateMachineUpdater: set stopIndex = 0
2021-08-23 23:20:25,827 [grpc-default-executor-1] INFO  server.GrpcServerProtocolService (GrpcServerProtocolService.java:onCompleted(140)) - e0c56fbf-58af-4909-99ad-16a71beee03d: Completed APPEND_ENTRIES, lastRequest: 094f6f25-50f7-4e1e-949d-13da2b12d5a4->e0c56fbf-58af-4909-99ad-16a71beee03d#1-t2,previous=(t:0, i:0),leaderCommit=0,initializing? true,entries: size=1, first=(t:2, i:0), CONFIGURATIONENTRY
2021-08-23 23:20:25,828 [094f6f25-50f7-4e1e-949d-13da2b12d5a4@group-7CDFDB31BB52-StateMachineUpdater] INFO  ratis.ContainerStateMachine (ContainerStateMachine.java:takeSnapshot(293)) - group-7CDFDB31BB52: Taking a snapshot at:(t:2, i:0) file /home/runner/work/ozone/ozone/hadoop-ozone/integration-test/target/test-dir/MiniOzoneClusterImpl-994ab01d-a5c0-4516-a51a-b70458bd9cc3/datanode-7/data/ratis/1311ac67-94a8-441d-b18b-7cdfdb31bb52/sm/snapshot.2_0
2021-08-23 23:20:25,830 [grpc-default-executor-0] INFO  server.GrpcLogAppender (GrpcLogAppender.java:onCompleted(344)) - 094f6f25-50f7-4e1e-949d-13da2b12d5a4@group-7CDFDB31BB52->e0c56fbf-58af-4909-99ad-16a71beee03d-AppendLogResponseHandler: follower responses appendEntries COMPLETED
2021-08-23 23:20:25,830 [grpc-default-executor-0] INFO  leader.FollowerInfo (FollowerInfoImpl.java:lambda$new$0(46)) - 094f6f25-50f7-4e1e-949d-13da2b12d5a4@group-7CDFDB31BB52->e0c56fbf-58af-4909-99ad-16a71beee03d: nextIndex: updateUnconditionally 1 -> 0
2021-08-23 23:20:25,833 [grpc-default-executor-1] INFO  server.GrpcLogAppender (GrpcLogAppender.java:onCompleted(344)) - 094f6f25-50f7-4e1e-949d-13da2b12d5a4@group-7CDFDB31BB52->0dd4e32c-0382-462c-9ace-22051620c5de-AppendLogResponseHandler: follower responses appendEntries COMPLETED
2021-08-23 23:20:25,833 [grpc-default-executor-1] INFO  leader.FollowerInfo (FollowerInfoImpl.java:lambda$new$0(46)) - 094f6f25-50f7-4e1e-949d-13da2b12d5a4@group-7CDFDB31BB52->0dd4e32c-0382-462c-9ace-22051620c5de: nextIndex: updateUnconditionally 1 -> 0
2021-08-23 23:20:25,836 [094f6f25-50f7-4e1e-949d-13da2b12d5a4@group-7CDFDB31BB52-StateMachineUpdater] INFO  ratis.ContainerStateMachine (ContainerStateMachine.java:takeSnapshot(304)) - group-7CDFDB31BB52: Finished taking a snapshot at:(t:2, i:0) file:/home/runner/work/ozone/ozone/hadoop-ozone/integration-test/target/test-dir/MiniOzoneClusterImpl-994ab01d-a5c0-4516-a51a-b70458bd9cc3/datanode-7/data/ratis/1311ac67-94a8-441d-b18b-7cdfdb31bb52/sm/snapshot.2_0 took: 9 ms
2021-08-23 23:20:25,836 [094f6f25-50f7-4e1e-949d-13da2b12d5a4@group-7CDFDB31BB52-StateMachineUpdater] INFO  impl.StateMachineUpdater (StateMachineUpdater.java:takeSnapshot(281)) - 094f6f25-50f7-4e1e-949d-13da2b12d5a4@group-7CDFDB31BB52-StateMachineUpdater: Took a snapshot at index 0
2021-08-23 23:20:25,836 [094f6f25-50f7-4e1e-949d-13da2b12d5a4@group-7CDFDB31BB52-StateMachineUpdater] INFO  impl.StateMachineUpdater (StateMachineUpdater.java:lambda$new$0(89)) - 094f6f25-50f7-4e1e-949d-13da2b12d5a4@group-7CDFDB31BB52-StateMachineUpdater: snapshotIndex: updateIncreasingly -1 -> 0
2021-08-23 23:20:25,840 [Listener at 127.0.0.1/36523] INFO  server.RaftServer$Division (ServerState.java:close(419)) - 094f6f25-50f7-4e1e-949d-13da2b12d5a4@group-7CDFDB31BB52: closes. applyIndex: 0
2021-08-23 23:20:25,840 [094f6f25-50f7-4e1e-949d-13da2b12d5a4@group-7CDFDB31BB52-SegmentedRaftLogWorker] INFO  segmented.SegmentedRaftLogWorker (SegmentedRaftLogWorker.java:run(327)) - 094f6f25-50f7-4e1e-949d-13da2b12d5a4@group-7CDFDB31BB52-SegmentedRaftLogWorker was interrupted, exiting. There are 0 tasks remaining in the queue.
2021-08-23 23:20:25,841 [Listener at 127.0.0.1/36523] INFO  segmented.SegmentedRaftLogWorker (SegmentedRaftLogWorker.java:close(237)) - 094f6f25-50f7-4e1e-949d-13da2b12d5a4@group-7CDFDB31BB52-SegmentedRaftLogWorker close()
2021-08-23 23:20:25,844 [Listener at 127.0.0.1/36523] INFO  server.RaftServer$Division (RaftServerImpl.java:lambda$close$4(407)) - 094f6f25-50f7-4e1e-949d-13da2b12d5a4@group-1A8D313B1A4B: shutdown
2021-08-23 23:20:25,844 [Listener at 127.0.0.1/36523] INFO  util.JmxRegister (JmxRegister.java:unregister(73)) - Successfully un-registered JMX Bean with object name Ratis:service=RaftServer,group=group-1A8D313B1A4B,id=094f6f25-50f7-4e1e-949d-13da2b12d5a4
2021-08-23 23:20:25,845 [Listener at 127.0.0.1/36523] INFO  impl.RoleInfo (RoleInfo.java:shutdownLeaderState(91)) - 094f6f25-50f7-4e1e-949d-13da2b12d5a4: shutdown 094f6f25-50f7-4e1e-949d-13da2b12d5a4@group-1A8D313B1A4B-LeaderStateImpl
2021-08-23 23:20:25,845 [Listener at 127.0.0.1/36523] INFO  impl.PendingRequests (PendingRequests.java:sendNotLeaderResponses(282)) - 094f6f25-50f7-4e1e-949d-13da2b12d5a4@group-1A8D313B1A4B-PendingRequests: sendNotLeaderResponses
2021-08-23 23:20:25,846 [Listener at 127.0.0.1/36523] INFO  impl.StateMachineUpdater (StateMachineUpdater.java:stopAndJoin(149)) - 094f6f25-50f7-4e1e-949d-13da2b12d5a4@group-1A8D313B1A4B-StateMachineUpdater: set stopIndex = 0
2021-08-23 23:20:25,846 [094f6f25-50f7-4e1e-949d-13da2b12d5a4@group-1A8D313B1A4B-StateMachineUpdater] INFO  ratis.ContainerStateMachine (ContainerStateMachine.java:takeSnapshot(293)) - group-1A8D313B1A4B: Taking a snapshot at:(t:1, i:0) file /home/runner/work/ozone/ozone/hadoop-ozone/integration-test/target/test-dir/MiniOzoneClusterImpl-994ab01d-a5c0-4516-a51a-b70458bd9cc3/datanode-7/data/ratis/36fbc433-278b-4df9-ae58-1a8d313b1a4b/sm/snapshot.1_0
2021-08-23 23:20:25,848 [094f6f25-50f7-4e1e-949d-13da2b12d5a4@group-1A8D313B1A4B-StateMachineUpdater] INFO  ratis.ContainerStateMachine (ContainerStateMachine.java:takeSnapshot(304)) - group-1A8D313B1A4B: Finished taking a snapshot at:(t:1, i:0) file:/home/runner/work/ozone/ozone/hadoop-ozone/integration-test/target/test-dir/MiniOzoneClusterImpl-994ab01d-a5c0-4516-a51a-b70458bd9cc3/datanode-7/data/ratis/36fbc433-278b-4df9-ae58-1a8d313b1a4b/sm/snapshot.1_0 took: 1 ms
2021-08-23 23:20:25,848 [094f6f25-50f7-4e1e-949d-13da2b12d5a4@group-1A8D313B1A4B-StateMachineUpdater] INFO  impl.StateMachineUpdater (StateMachineUpdater.java:takeSnapshot(281)) - 094f6f25-50f7-4e1e-949d-13da2b12d5a4@group-1A8D313B1A4B-StateMachineUpdater: Took a snapshot at index 0
2021-08-23 23:20:25,848 [094f6f25-50f7-4e1e-949d-13da2b12d5a4@group-1A8D313B1A4B-StateMachineUpdater] INFO  impl.StateMachineUpdater (StateMachineUpdater.java:lambda$new$0(89)) - 094f6f25-50f7-4e1e-949d-13da2b12d5a4@group-1A8D313B1A4B-StateMachineUpdater: snapshotIndex: updateIncreasingly -1 -> 0
2021-08-23 23:20:25,849 [ForkJoinPool.commonPool-worker-0] INFO  ozoneimpl.OzoneContainer (OzoneContainer.java:stop(326)) - Attempting to stop container services.
2021-08-23 23:20:25,849 [Listener at 127.0.0.1/36523] INFO  server.RaftServer$Division (ServerState.java:close(419)) - 094f6f25-50f7-4e1e-949d-13da2b12d5a4@group-1A8D313B1A4B: closes. applyIndex: 0
2021-08-23 23:20:25,850 [ForkJoinPool.commonPool-worker-0] INFO  server.RaftServer (RaftServerProxy.java:lambda$close$6(391)) - bf8c8c9e-9c71-482e-9792-8d809f4c5fef: close
2021-08-23 23:20:25,850 [ForkJoinPool.commonPool-worker-0] INFO  server.RaftServer$Division (RaftServerImpl.java:lambda$close$4(407)) - bf8c8c9e-9c71-482e-9792-8d809f4c5fef@group-95F9150AC8B5: shutdown
2021-08-23 23:20:25,850 [ForkJoinPool.commonPool-worker-0] INFO  util.JmxRegister (JmxRegister.java:unregister(73)) - Successfully un-registered JMX Bean with object name Ratis:service=RaftServer,group=group-95F9150AC8B5,id=bf8c8c9e-9c71-482e-9792-8d809f4c5fef
2021-08-23 23:20:25,850 [ForkJoinPool.commonPool-worker-0] INFO  impl.RoleInfo (RoleInfo.java:shutdownFollowerState(108)) - bf8c8c9e-9c71-482e-9792-8d809f4c5fef: shutdown bf8c8c9e-9c71-482e-9792-8d809f4c5fef@group-95F9150AC8B5-FollowerState
2021-08-23 23:20:25,850 [ForkJoinPool.commonPool-worker-0] INFO  impl.StateMachineUpdater (StateMachineUpdater.java:stopAndJoin(149)) - bf8c8c9e-9c71-482e-9792-8d809f4c5fef@group-95F9150AC8B5-StateMachineUpdater: set stopIndex = 11
2021-08-23 23:20:25,850 [bf8c8c9e-9c71-482e-9792-8d809f4c5fef@group-95F9150AC8B5-FollowerState] INFO  impl.FollowerState (FollowerState.java:run(143)) - bf8c8c9e-9c71-482e-9792-8d809f4c5fef@group-95F9150AC8B5-FollowerState was interrupted: {}
java.lang.InterruptedException: sleep interrupted
	at java.lang.Thread.sleep(Native Method)
	at java.lang.Thread.sleep(Thread.java:340)
	at java.util.concurrent.TimeUnit.sleep(TimeUnit.java:386)
	at org.apache.ratis.util.TimeDuration.sleep(TimeDuration.java:324)
	at org.apache.ratis.util.TimeDuration.sleep(TimeDuration.java:309)
	at org.apache.ratis.server.impl.FollowerState.run(FollowerState.java:118)
2021-08-23 23:20:25,851 [bf8c8c9e-9c71-482e-9792-8d809f4c5fef@group-95F9150AC8B5-StateMachineUpdater] INFO  ratis.ContainerStateMachine (ContainerStateMachine.java:takeSnapshot(293)) - group-95F9150AC8B5: Taking a snapshot at:(t:3, i:11) file /home/runner/work/ozone/ozone/hadoop-ozone/integration-test/target/test-dir/MiniOzoneClusterImpl-994ab01d-a5c0-4516-a51a-b70458bd9cc3/datanode-0/data/ratis/cca89311-bd88-471a-8fe5-95f9150ac8b5/sm/snapshot.3_11
2021-08-23 23:20:25,860 [bf8c8c9e-9c71-482e-9792-8d809f4c5fef@group-95F9150AC8B5-StateMachineUpdater] INFO  ratis.ContainerStateMachine (ContainerStateMachine.java:takeSnapshot(304)) - group-95F9150AC8B5: Finished taking a snapshot at:(t:3, i:11) file:/home/runner/work/ozone/ozone/hadoop-ozone/integration-test/target/test-dir/MiniOzoneClusterImpl-994ab01d-a5c0-4516-a51a-b70458bd9cc3/datanode-0/data/ratis/cca89311-bd88-471a-8fe5-95f9150ac8b5/sm/snapshot.3_11 took: 10 ms
2021-08-23 23:20:25,860 [bf8c8c9e-9c71-482e-9792-8d809f4c5fef@group-95F9150AC8B5-StateMachineUpdater] INFO  impl.StateMachineUpdater (StateMachineUpdater.java:takeSnapshot(281)) - bf8c8c9e-9c71-482e-9792-8d809f4c5fef@group-95F9150AC8B5-StateMachineUpdater: Took a snapshot at index 11
2021-08-23 23:20:25,861 [bf8c8c9e-9c71-482e-9792-8d809f4c5fef@group-95F9150AC8B5-StateMachineUpdater] INFO  impl.StateMachineUpdater (StateMachineUpdater.java:lambda$new$0(89)) - bf8c8c9e-9c71-482e-9792-8d809f4c5fef@group-95F9150AC8B5-StateMachineUpdater: snapshotIndex: updateIncreasingly -1 -> 11
2021-08-23 23:20:25,861 [ForkJoinPool.commonPool-worker-0] INFO  server.RaftServer$Division (ServerState.java:close(419)) - bf8c8c9e-9c71-482e-9792-8d809f4c5fef@group-95F9150AC8B5: closes. applyIndex: 11
2021-08-23 23:20:25,861 [bf8c8c9e-9c71-482e-9792-8d809f4c5fef@group-95F9150AC8B5-SegmentedRaftLogWorker] INFO  segmented.SegmentedRaftLogWorker (SegmentedRaftLogWorker.java:run(327)) - bf8c8c9e-9c71-482e-9792-8d809f4c5fef@group-95F9150AC8B5-SegmentedRaftLogWorker was interrupted, exiting. There are 0 tasks remaining in the queue.
2021-08-23 23:20:25,861 [094f6f25-50f7-4e1e-949d-13da2b12d5a4@group-1A8D313B1A4B-SegmentedRaftLogWorker] INFO  segmented.SegmentedRaftLogWorker (SegmentedRaftLogWorker.java:run(327)) - 094f6f25-50f7-4e1e-949d-13da2b12d5a4@group-1A8D313B1A4B-SegmentedRaftLogWorker was interrupted, exiting. There are 0 tasks remaining in the queue.
2021-08-23 23:20:25,862 [Listener at 127.0.0.1/36523] INFO  segmented.SegmentedRaftLogWorker (SegmentedRaftLogWorker.java:close(237)) - 094f6f25-50f7-4e1e-949d-13da2b12d5a4@group-1A8D313B1A4B-SegmentedRaftLogWorker close()
2021-08-23 23:20:25,862 [ForkJoinPool.commonPool-worker-0] INFO  segmented.SegmentedRaftLogWorker (SegmentedRaftLogWorker.java:close(237)) - bf8c8c9e-9c71-482e-9792-8d809f4c5fef@group-95F9150AC8B5-SegmentedRaftLogWorker close()
2021-08-23 23:20:25,869 [Listener at 127.0.0.1/36523] INFO  server.GrpcService (GrpcService.java:closeImpl(262)) - 094f6f25-50f7-4e1e-949d-13da2b12d5a4: shutdown server with port 44115 now
2021-08-23 23:20:25,869 [ForkJoinPool.commonPool-worker-0] INFO  server.RaftServer$Division (RaftServerImpl.java:lambda$close$4(407)) - bf8c8c9e-9c71-482e-9792-8d809f4c5fef@group-E25A058EDB63: shutdown
2021-08-23 23:20:25,869 [ForkJoinPool.commonPool-worker-0] INFO  util.JmxRegister (JmxRegister.java:unregister(73)) - Successfully un-registered JMX Bean with object name Ratis:service=RaftServer,group=group-E25A058EDB63,id=bf8c8c9e-9c71-482e-9792-8d809f4c5fef
2021-08-23 23:20:25,869 [ForkJoinPool.commonPool-worker-0] INFO  impl.RoleInfo (RoleInfo.java:shutdownLeaderState(91)) - bf8c8c9e-9c71-482e-9792-8d809f4c5fef: shutdown bf8c8c9e-9c71-482e-9792-8d809f4c5fef@group-E25A058EDB63-LeaderStateImpl
2021-08-23 23:20:25,869 [ForkJoinPool.commonPool-worker-0] INFO  impl.PendingRequests (PendingRequests.java:sendNotLeaderResponses(282)) - bf8c8c9e-9c71-482e-9792-8d809f4c5fef@group-E25A058EDB63-PendingRequests: sendNotLeaderResponses
2021-08-23 23:20:25,870 [ForkJoinPool.commonPool-worker-0] INFO  impl.StateMachineUpdater (StateMachineUpdater.java:stopAndJoin(149)) - bf8c8c9e-9c71-482e-9792-8d809f4c5fef@group-E25A058EDB63-StateMachineUpdater: set stopIndex = 0
2021-08-23 23:20:25,870 [bf8c8c9e-9c71-482e-9792-8d809f4c5fef@group-E25A058EDB63-StateMachineUpdater] INFO  ratis.ContainerStateMachine (ContainerStateMachine.java:takeSnapshot(293)) - group-E25A058EDB63: Taking a snapshot at:(t:1, i:0) file /home/runner/work/ozone/ozone/hadoop-ozone/integration-test/target/test-dir/MiniOzoneClusterImpl-994ab01d-a5c0-4516-a51a-b70458bd9cc3/datanode-0/data/ratis/fa2e9dba-e515-47ed-9806-e25a058edb63/sm/snapshot.1_0
2021-08-23 23:20:25,871 [bf8c8c9e-9c71-482e-9792-8d809f4c5fef@group-E25A058EDB63-StateMachineUpdater] INFO  ratis.ContainerStateMachine (ContainerStateMachine.java:takeSnapshot(304)) - group-E25A058EDB63: Finished taking a snapshot at:(t:1, i:0) file:/home/runner/work/ozone/ozone/hadoop-ozone/integration-test/target/test-dir/MiniOzoneClusterImpl-994ab01d-a5c0-4516-a51a-b70458bd9cc3/datanode-0/data/ratis/fa2e9dba-e515-47ed-9806-e25a058edb63/sm/snapshot.1_0 took: 0 ms
2021-08-23 23:20:25,871 [bf8c8c9e-9c71-482e-9792-8d809f4c5fef@group-E25A058EDB63-StateMachineUpdater] INFO  impl.StateMachineUpdater (StateMachineUpdater.java:takeSnapshot(281)) - bf8c8c9e-9c71-482e-9792-8d809f4c5fef@group-E25A058EDB63-StateMachineUpdater: Took a snapshot at index 0
2021-08-23 23:20:25,871 [bf8c8c9e-9c71-482e-9792-8d809f4c5fef@group-E25A058EDB63-StateMachineUpdater] INFO  impl.StateMachineUpdater (StateMachineUpdater.java:lambda$new$0(89)) - bf8c8c9e-9c71-482e-9792-8d809f4c5fef@group-E25A058EDB63-StateMachineUpdater: snapshotIndex: updateIncreasingly -1 -> 0
2021-08-23 23:20:25,876 [ForkJoinPool.commonPool-worker-0] INFO  server.RaftServer$Division (ServerState.java:close(419)) - bf8c8c9e-9c71-482e-9792-8d809f4c5fef@group-E25A058EDB63: closes. applyIndex: 0
2021-08-23 23:20:25,876 [bf8c8c9e-9c71-482e-9792-8d809f4c5fef@group-E25A058EDB63-SegmentedRaftLogWorker] INFO  segmented.SegmentedRaftLogWorker (SegmentedRaftLogWorker.java:run(327)) - bf8c8c9e-9c71-482e-9792-8d809f4c5fef@group-E25A058EDB63-SegmentedRaftLogWorker was interrupted, exiting. There are 0 tasks remaining in the queue.
2021-08-23 23:20:25,877 [ForkJoinPool.commonPool-worker-0] INFO  segmented.SegmentedRaftLogWorker (SegmentedRaftLogWorker.java:close(237)) - bf8c8c9e-9c71-482e-9792-8d809f4c5fef@group-E25A058EDB63-SegmentedRaftLogWorker close()
2021-08-23 23:20:25,881 [ForkJoinPool.commonPool-worker-0] INFO  server.GrpcService (GrpcService.java:closeImpl(262)) - bf8c8c9e-9c71-482e-9792-8d809f4c5fef: shutdown server with port 33119 now
2021-08-23 23:20:25,885 [grpc-default-executor-0] WARN  server.GrpcServerProtocolService (LogUtils.java:warn(122)) - bf8c8c9e-9c71-482e-9792-8d809f4c5fef: installSnapshot onError, lastRequest: d8835383-dea3-45d4-b6e3-f656da7478fb->bf8c8c9e-9c71-482e-9792-8d809f4c5fef#2-t3,previous=(t:3, i:10),leaderCommit=10,initializing? true,entries: size=1, first=(t:3, i:11), METADATAENTRY(c:10): org.apache.ratis.thirdparty.io.grpc.StatusRuntimeException: CANCELLED: client cancelled
2021-08-23 23:20:25,886 [grpc-default-executor-1] WARN  server.GrpcLogAppender (LogUtils.java:warn(122)) - d8835383-dea3-45d4-b6e3-f656da7478fb@group-95F9150AC8B5->bf8c8c9e-9c71-482e-9792-8d809f4c5fef-AppendLogResponseHandler: Failed appendEntries: org.apache.ratis.thirdparty.io.grpc.StatusRuntimeException: CANCELLED: HTTP/2 error code: CANCEL
Received Rst Stream
2021-08-23 23:20:25,886 [grpc-default-executor-1] INFO  leader.FollowerInfo (FollowerInfoImpl.java:lambda$new$0(46)) - d8835383-dea3-45d4-b6e3-f656da7478fb@group-95F9150AC8B5->bf8c8c9e-9c71-482e-9792-8d809f4c5fef: nextIndex: updateUnconditionally 12 -> 11
2021-08-23 23:20:25,896 [grpc-default-executor-1] WARN  server.GrpcLogAppender (LogUtils.java:warn(122)) - d8835383-dea3-45d4-b6e3-f656da7478fb@group-95F9150AC8B5->bf8c8c9e-9c71-482e-9792-8d809f4c5fef-AppendLogResponseHandler: Failed appendEntries: org.apache.ratis.thirdparty.io.grpc.StatusRuntimeException: UNAVAILABLE: io exception
2021-08-23 23:20:25,896 [grpc-default-executor-1] INFO  leader.FollowerInfo (FollowerInfoImpl.java:lambda$new$0(46)) - d8835383-dea3-45d4-b6e3-f656da7478fb@group-95F9150AC8B5->bf8c8c9e-9c71-482e-9792-8d809f4c5fef: nextIndex: updateUnconditionally 12 -> 11
2021-08-23 23:20:25,910 [ForkJoinPool.commonPool-worker-0] INFO  server.GrpcService (GrpcService.java:closeImpl(271)) - bf8c8c9e-9c71-482e-9792-8d809f4c5fef: shutdown server with port 33119 successfully
2021-08-23 23:20:25,910 [Listener at 127.0.0.1/36523] INFO  server.GrpcService (GrpcService.java:closeImpl(271)) - 094f6f25-50f7-4e1e-949d-13da2b12d5a4: shutdown server with port 44115 successfully
2021-08-23 23:20:25,911 [org.apache.ratis.util.JvmPauseMonitor$$Lambda$531/1878099363@471b29aa] INFO  util.JvmPauseMonitor (JvmPauseMonitor.java:run(109)) - JvmPauseMonitor-094f6f25-50f7-4e1e-949d-13da2b12d5a4: Stopped
2021-08-23 23:20:25,912 [org.apache.ratis.util.JvmPauseMonitor$$Lambda$531/1878099363@66def9b8] INFO  util.JvmPauseMonitor (JvmPauseMonitor.java:run(109)) - JvmPauseMonitor-bf8c8c9e-9c71-482e-9792-8d809f4c5fef: Stopped
2021-08-23 23:20:25,913 [Listener at 127.0.0.1/36523] INFO  utils.BackgroundService (BackgroundService.java:shutdown(132)) - Shutting down service BlockDeletingService
2021-08-23 23:20:25,932 [ForkJoinPool.commonPool-worker-0] INFO  utils.BackgroundService (BackgroundService.java:shutdown(132)) - Shutting down service BlockDeletingService
2021-08-23 23:20:28,132 [grpc-default-executor-1] WARN  server.GrpcLogAppender (LogUtils.java:warn(122)) - d8835383-dea3-45d4-b6e3-f656da7478fb@group-95F9150AC8B5->e06506bb-c7c9-4174-8cff-a1658cd313af-AppendLogResponseHandler: Failed appendEntries: org.apache.ratis.thirdparty.io.grpc.StatusRuntimeException: UNAVAILABLE: io exception
2021-08-23 23:20:28,133 [grpc-default-executor-1] WARN  server.GrpcLogAppender (GrpcLogAppender.java:resetClient(111)) - d8835383-dea3-45d4-b6e3-f656da7478fb@group-95F9150AC8B5->e06506bb-c7c9-4174-8cff-a1658cd313af-GrpcLogAppender: Leader has not got in touch with Follower d8835383-dea3-45d4-b6e3-f656da7478fb@group-95F9150AC8B5->e06506bb-c7c9-4174-8cff-a1658cd313af(c-1,m0,n12, attendVote=true, lastRpcSendTime=0, lastRpcResponseTime=15286) yet, just keep nextIndex unchanged and retry.
2021-08-23 23:20:28,396 [grpc-default-executor-1] WARN  server.GrpcLogAppender (LogUtils.java:warn(122)) - d8835383-dea3-45d4-b6e3-f656da7478fb@group-95F9150AC8B5->bf8c8c9e-9c71-482e-9792-8d809f4c5fef-AppendLogResponseHandler: Failed appendEntries: org.apache.ratis.thirdparty.io.grpc.StatusRuntimeException: UNAVAILABLE: io exception
2021-08-23 23:20:28,397 [grpc-default-executor-1] INFO  leader.FollowerInfo (FollowerInfoImpl.java:lambda$new$0(46)) - d8835383-dea3-45d4-b6e3-f656da7478fb@group-95F9150AC8B5->bf8c8c9e-9c71-482e-9792-8d809f4c5fef: nextIndex: updateUnconditionally 12 -> 11
2021-08-23 23:20:28,937 [Listener at 127.0.0.1/36523] INFO  statemachine.DatanodeStateMachine (DatanodeStateMachine.java:stopDaemon(515)) - Ozone container server stopped.
2021-08-23 23:20:28,938 [Listener at 127.0.0.1/36523] INFO  handler.ContextHandler (ContextHandler.java:doStop(1153)) - Stopped o.e.j.w.WebAppContext@5f097960{hddsDatanode,/,null,STOPPED}{jar:file:/home/runner/.m2/repository/org/apache/ozone/hdds-container-service/1.2.0-SNAPSHOT/hdds-container-service-1.2.0-SNAPSHOT.jar!/webapps/hddsDatanode}
2021-08-23 23:20:28,939 [Listener at 127.0.0.1/36523] INFO  server.AbstractConnector (AbstractConnector.java:doStop(381)) - Stopped ServerConnector@4e3ef73d{HTTP/1.1, (http/1.1)}{0.0.0.0:0}
2021-08-23 23:20:28,939 [Listener at 127.0.0.1/36523] INFO  server.session (HouseKeeper.java:stopScavenging(149)) - node0 Stopped scavenging
2021-08-23 23:20:28,939 [Listener at 127.0.0.1/36523] INFO  handler.ContextHandler (ContextHandler.java:doStop(1153)) - Stopped o.e.j.s.ServletContextHandler@53a517e9{static,/static,jar:file:/home/runner/.m2/repository/org/apache/ozone/hdds-container-service/1.2.0-SNAPSHOT/hdds-container-service-1.2.0-SNAPSHOT.jar!/webapps/static,STOPPED}
2021-08-23 23:20:28,940 [Listener at 127.0.0.1/36523] INFO  handler.ContextHandler (ContextHandler.java:doStop(1153)) - Stopped o.e.j.s.ServletContextHandler@5b2897d7{logs,/logs,file:///home/runner/work/ozone/ozone/hadoop-ozone/integration-test/target/log,STOPPED}
2021-08-23 23:20:28,965 [ForkJoinPool.commonPool-worker-0] INFO  statemachine.DatanodeStateMachine (DatanodeStateMachine.java:stopDaemon(515)) - Ozone container server stopped.
2021-08-23 23:20:28,985 [ForkJoinPool.commonPool-worker-0] INFO  handler.ContextHandler (ContextHandler.java:doStop(1153)) - Stopped o.e.j.w.WebAppContext@12e4c6de{hddsDatanode,/,null,STOPPED}{jar:file:/home/runner/.m2/repository/org/apache/ozone/hdds-container-service/1.2.0-SNAPSHOT/hdds-container-service-1.2.0-SNAPSHOT.jar!/webapps/hddsDatanode}
2021-08-23 23:20:28,986 [ForkJoinPool.commonPool-worker-0] INFO  server.AbstractConnector (AbstractConnector.java:doStop(381)) - Stopped ServerConnector@1c98d788{HTTP/1.1, (http/1.1)}{0.0.0.0:0}
2021-08-23 23:20:28,986 [ForkJoinPool.commonPool-worker-0] INFO  server.session (HouseKeeper.java:stopScavenging(149)) - node0 Stopped scavenging
2021-08-23 23:20:28,987 [ForkJoinPool.commonPool-worker-0] INFO  handler.ContextHandler (ContextHandler.java:doStop(1153)) - Stopped o.e.j.s.ServletContextHandler@5eea3f69{static,/static,jar:file:/home/runner/.m2/repository/org/apache/ozone/hdds-container-service/1.2.0-SNAPSHOT/hdds-container-service-1.2.0-SNAPSHOT.jar!/webapps/static,STOPPED}
2021-08-23 23:20:28,987 [ForkJoinPool.commonPool-worker-0] INFO  handler.ContextHandler (ContextHandler.java:doStop(1153)) - Stopped o.e.j.s.ServletContextHandler@49f4de0e{logs,/logs,file:///home/runner/work/ozone/ozone/hadoop-ozone/integration-test/target/log,STOPPED}
2021-08-23 23:20:28,988 [Datanode State Machine Thread - 0] INFO  statemachine.DatanodeStateMachine (DatanodeStateMachine.java:lambda$startDaemon$0(457)) - Ozone container server started.
2021-08-23 23:20:29,047 [Datanode State Machine Thread - 0] INFO  statemachine.DatanodeStateMachine (DatanodeStateMachine.java:lambda$startDaemon$0(457)) - Ozone container server started.
2021-08-23 23:20:29,471 [e0c56fbf-58af-4909-99ad-16a71beee03d@group-7CDFDB31BB52-FollowerState] INFO  impl.FollowerState (FollowerState.java:run(134)) - e0c56fbf-58af-4909-99ad-16a71beee03d@group-7CDFDB31BB52-FollowerState: change to CANDIDATE, lastRpcElapsedTime:5529881290ns, electionTimeout:5144ms
2021-08-23 23:20:29,471 [e0c56fbf-58af-4909-99ad-16a71beee03d@group-7CDFDB31BB52-FollowerState] INFO  impl.RoleInfo (RoleInfo.java:shutdownFollowerState(108)) - e0c56fbf-58af-4909-99ad-16a71beee03d: shutdown e0c56fbf-58af-4909-99ad-16a71beee03d@group-7CDFDB31BB52-FollowerState
2021-08-23 23:20:29,471 [e0c56fbf-58af-4909-99ad-16a71beee03d@group-7CDFDB31BB52-FollowerState] INFO  server.RaftServer$Division (RaftServerImpl.java:setRole(285)) - e0c56fbf-58af-4909-99ad-16a71beee03d@group-7CDFDB31BB52: changes role from  FOLLOWER to CANDIDATE at term 2 for changeToCandidate
2021-08-23 23:20:29,471 [e0c56fbf-58af-4909-99ad-16a71beee03d@group-7CDFDB31BB52-FollowerState] INFO  server.RaftServerConfigKeys (ConfUtils.java:logGet(44)) - raft.server.leaderelection.pre-vote = false (custom)
2021-08-23 23:20:29,471 [e0c56fbf-58af-4909-99ad-16a71beee03d@group-7CDFDB31BB52-FollowerState] INFO  impl.RoleInfo (RoleInfo.java:updateAndGet(130)) - e0c56fbf-58af-4909-99ad-16a71beee03d: start e0c56fbf-58af-4909-99ad-16a71beee03d@group-7CDFDB31BB52-LeaderElection21
2021-08-23 23:20:29,503 [e0c56fbf-58af-4909-99ad-16a71beee03d@group-7CDFDB31BB52-LeaderElection21] INFO  server.RaftServer$Division (ServerState.java:setLeader(285)) - e0c56fbf-58af-4909-99ad-16a71beee03d@group-7CDFDB31BB52: change Leader from 094f6f25-50f7-4e1e-949d-13da2b12d5a4 to null at term 2 for ELECTION
2021-08-23 23:20:29,508 [e0c56fbf-58af-4909-99ad-16a71beee03d@group-7CDFDB31BB52-LeaderElection21] INFO  impl.LeaderElection (LeaderElection.java:askForVotes(306)) - e0c56fbf-58af-4909-99ad-16a71beee03d@group-7CDFDB31BB52-LeaderElection21 ELECTION round 0: submit vote requests at term 3 for 0: [094f6f25-50f7-4e1e-949d-13da2b12d5a4|rpc:10.1.0.66:44115|dataStream:|priority:1, e0c56fbf-58af-4909-99ad-16a71beee03d|rpc:10.1.0.66:46767|dataStream:|priority:0, 0dd4e32c-0382-462c-9ace-22051620c5de|rpc:10.1.0.66:38797|dataStream:|priority:0], old=null
2021-08-23 23:20:29,532 [0dd4e32c-0382-462c-9ace-22051620c5de@group-7CDFDB31BB52-FollowerState] INFO  impl.FollowerState (FollowerState.java:run(134)) - 0dd4e32c-0382-462c-9ace-22051620c5de@group-7CDFDB31BB52-FollowerState: change to CANDIDATE, lastRpcElapsedTime:5607137264ns, electionTimeout:5153ms
2021-08-23 23:20:29,533 [0dd4e32c-0382-462c-9ace-22051620c5de@group-7CDFDB31BB52-FollowerState] INFO  impl.RoleInfo (RoleInfo.java:shutdownFollowerState(108)) - 0dd4e32c-0382-462c-9ace-22051620c5de: shutdown 0dd4e32c-0382-462c-9ace-22051620c5de@group-7CDFDB31BB52-FollowerState
2021-08-23 23:20:29,533 [0dd4e32c-0382-462c-9ace-22051620c5de@group-7CDFDB31BB52-FollowerState] INFO  server.RaftServer$Division (RaftServerImpl.java:setRole(285)) - 0dd4e32c-0382-462c-9ace-22051620c5de@group-7CDFDB31BB52: changes role from  FOLLOWER to CANDIDATE at term 2 for changeToCandidate
2021-08-23 23:20:29,536 [0dd4e32c-0382-462c-9ace-22051620c5de@group-7CDFDB31BB52-FollowerState] INFO  server.RaftServerConfigKeys (ConfUtils.java:logGet(44)) - raft.server.leaderelection.pre-vote = false (custom)
2021-08-23 23:20:29,536 [0dd4e32c-0382-462c-9ace-22051620c5de@group-7CDFDB31BB52-FollowerState] INFO  impl.RoleInfo (RoleInfo.java:updateAndGet(130)) - 0dd4e32c-0382-462c-9ace-22051620c5de: start 0dd4e32c-0382-462c-9ace-22051620c5de@group-7CDFDB31BB52-LeaderElection22
2021-08-23 23:20:29,544 [grpc-default-executor-1] INFO  server.RaftServer$Division (RaftServerImpl.java:requestVote(1043)) - 0dd4e32c-0382-462c-9ace-22051620c5de@group-7CDFDB31BB52: receive requestVote(ELECTION, e0c56fbf-58af-4909-99ad-16a71beee03d, group-7CDFDB31BB52, 3, (t:2, i:0))
2021-08-23 23:20:29,544 [grpc-default-executor-1] INFO  impl.VoteContext (VoteContext.java:log(48)) - 0dd4e32c-0382-462c-9ace-22051620c5de@group-7CDFDB31BB52-CANDIDATE: accept ELECTION from e0c56fbf-58af-4909-99ad-16a71beee03d: our priority 0 <= candidate's priority 0
2021-08-23 23:20:29,544 [grpc-default-executor-1] INFO  server.RaftServer$Division (ServerState.java:setLeader(285)) - 0dd4e32c-0382-462c-9ace-22051620c5de@group-7CDFDB31BB52: change Leader from 094f6f25-50f7-4e1e-949d-13da2b12d5a4 to null at term 3 for updateCurrentTerm
2021-08-23 23:20:29,544 [grpc-default-executor-1] INFO  server.RaftServer$Division (RaftServerImpl.java:setRole(285)) - 0dd4e32c-0382-462c-9ace-22051620c5de@group-7CDFDB31BB52: changes role from CANDIDATE to FOLLOWER at term 3 for candidate:e0c56fbf-58af-4909-99ad-16a71beee03d
2021-08-23 23:20:29,544 [grpc-default-executor-1] INFO  impl.RoleInfo (RoleInfo.java:shutdownLeaderElection(121)) - 0dd4e32c-0382-462c-9ace-22051620c5de: shutdown 0dd4e32c-0382-462c-9ace-22051620c5de@group-7CDFDB31BB52-LeaderElection22
2021-08-23 23:20:29,544 [grpc-default-executor-1] INFO  impl.RoleInfo (RoleInfo.java:updateAndGet(130)) - 0dd4e32c-0382-462c-9ace-22051620c5de: start 0dd4e32c-0382-462c-9ace-22051620c5de@group-7CDFDB31BB52-FollowerState
2021-08-23 23:20:29,550 [grpc-default-executor-1] INFO  server.RaftServer$Division (RaftServerImpl.java:requestVote(1075)) - 0dd4e32c-0382-462c-9ace-22051620c5de@group-7CDFDB31BB52 replies to ELECTION vote request: e0c56fbf-58af-4909-99ad-16a71beee03d<-0dd4e32c-0382-462c-9ace-22051620c5de#0:OK-t3. Peer's state: 0dd4e32c-0382-462c-9ace-22051620c5de@group-7CDFDB31BB52:t3, leader=null, voted=e0c56fbf-58af-4909-99ad-16a71beee03d, raftlog=0dd4e32c-0382-462c-9ace-22051620c5de@group-7CDFDB31BB52-SegmentedRaftLog:OPENED:c0,f0,i0, conf=0: [094f6f25-50f7-4e1e-949d-13da2b12d5a4|rpc:10.1.0.66:44115|dataStream:|priority:1, e0c56fbf-58af-4909-99ad-16a71beee03d|rpc:10.1.0.66:46767|dataStream:|priority:0, 0dd4e32c-0382-462c-9ace-22051620c5de|rpc:10.1.0.66:38797|dataStream:|priority:0], old=null
2021-08-23 23:20:29,557 [e0c56fbf-58af-4909-99ad-16a71beee03d@group-7CDFDB31BB52-LeaderElection21] INFO  impl.LeaderElection (LogUtils.java:infoOrTrace(137)) - e0c56fbf-58af-4909-99ad-16a71beee03d@group-7CDFDB31BB52-LeaderElection21 got exception when requesting votes: java.util.concurrent.ExecutionException: org.apache.ratis.thirdparty.io.grpc.StatusRuntimeException: UNAVAILABLE: io exception
2021-08-23 23:20:29,557 [0dd4e32c-0382-462c-9ace-22051620c5de@group-7CDFDB31BB52-LeaderElection22] INFO  impl.LeaderElection (LeaderElection.java:run(230)) - 0dd4e32c-0382-462c-9ace-22051620c5de@group-7CDFDB31BB52-LeaderElection22: skip running since this is already CLOSING
2021-08-23 23:20:29,561 [e0c56fbf-58af-4909-99ad-16a71beee03d@group-7CDFDB31BB52-LeaderElection21] INFO  impl.LeaderElection (LeaderElection.java:logAndReturn(89)) - e0c56fbf-58af-4909-99ad-16a71beee03d@group-7CDFDB31BB52-LeaderElection21: ELECTION PASSED received 1 response(s) and 1 exception(s):
2021-08-23 23:20:29,562 [e0c56fbf-58af-4909-99ad-16a71beee03d@group-7CDFDB31BB52-LeaderElection21] INFO  impl.LeaderElection (LeaderElection.java:logAndReturn(93)) -   Response 0: e0c56fbf-58af-4909-99ad-16a71beee03d<-0dd4e32c-0382-462c-9ace-22051620c5de#0:OK-t3
2021-08-23 23:20:29,562 [e0c56fbf-58af-4909-99ad-16a71beee03d@group-7CDFDB31BB52-LeaderElection21] INFO  impl.LeaderElection (LogUtils.java:infoOrTrace(137)) -   Exception 1: java.util.concurrent.ExecutionException: org.apache.ratis.thirdparty.io.grpc.StatusRuntimeException: UNAVAILABLE: io exception
2021-08-23 23:20:29,562 [e0c56fbf-58af-4909-99ad-16a71beee03d@group-7CDFDB31BB52-LeaderElection21] INFO  impl.LeaderElection (LeaderElection.java:askForVotes(308)) - e0c56fbf-58af-4909-99ad-16a71beee03d@group-7CDFDB31BB52-LeaderElection21 ELECTION round 0: result PASSED
2021-08-23 23:20:29,562 [e0c56fbf-58af-4909-99ad-16a71beee03d@group-7CDFDB31BB52-LeaderElection21] INFO  impl.RoleInfo (RoleInfo.java:shutdownLeaderElection(121)) - e0c56fbf-58af-4909-99ad-16a71beee03d: shutdown e0c56fbf-58af-4909-99ad-16a71beee03d@group-7CDFDB31BB52-LeaderElection21
2021-08-23 23:20:29,562 [e0c56fbf-58af-4909-99ad-16a71beee03d@group-7CDFDB31BB52-LeaderElection21] INFO  server.RaftServer$Division (RaftServerImpl.java:setRole(285)) - e0c56fbf-58af-4909-99ad-16a71beee03d@group-7CDFDB31BB52: changes role from CANDIDATE to LEADER at term 3 for changeToLeader
2021-08-23 23:20:29,562 [e0c56fbf-58af-4909-99ad-16a71beee03d@group-7CDFDB31BB52-LeaderElection21] INFO  ratis.XceiverServerRatis (XceiverServerRatis.java:handleLeaderChangedNotification(861)) - Leader change notification received for group: group-7CDFDB31BB52 with new leaderId: e0c56fbf-58af-4909-99ad-16a71beee03d
2021-08-23 23:20:29,562 [e0c56fbf-58af-4909-99ad-16a71beee03d@group-7CDFDB31BB52-LeaderElection21] INFO  server.RaftServer$Division (ServerState.java:setLeader(285)) - e0c56fbf-58af-4909-99ad-16a71beee03d@group-7CDFDB31BB52: change Leader from null to e0c56fbf-58af-4909-99ad-16a71beee03d at term 3 for becomeLeader, leader elected after 59ms
2021-08-23 23:20:29,562 [e0c56fbf-58af-4909-99ad-16a71beee03d@group-7CDFDB31BB52-LeaderElection21] INFO  server.RaftServerConfigKeys (ConfUtils.java:logGet(44)) - raft.server.staging.catchup.gap = 1000 (default)
2021-08-23 23:20:29,562 [e0c56fbf-58af-4909-99ad-16a71beee03d@group-7CDFDB31BB52-LeaderElection21] INFO  server.RaftServerConfigKeys (ConfUtils.java:logGet(44)) - raft.server.write.element-limit = 1024 (custom)
2021-08-23 23:20:29,562 [e0c56fbf-58af-4909-99ad-16a71beee03d@group-7CDFDB31BB52-LeaderElection21] INFO  server.RaftServerConfigKeys (ConfUtils.java:logGet(44)) - raft.server.write.byte-limit = 1024 M (=1073741824) (custom)
2021-08-23 23:20:29,563 [e0c56fbf-58af-4909-99ad-16a71beee03d@group-7CDFDB31BB52-LeaderElection21] INFO  server.RaftServerConfigKeys (ConfUtils.java:logGet(44)) - raft.server.watch.timeout = 3000ms (custom)
2021-08-23 23:20:29,563 [e0c56fbf-58af-4909-99ad-16a71beee03d@group-7CDFDB31BB52-LeaderElection21] INFO  server.RaftServerConfigKeys (ConfUtils.java:logGet(44)) - raft.server.watch.timeout.denomination = 1s (default)
2021-08-23 23:20:29,563 [e0c56fbf-58af-4909-99ad-16a71beee03d@group-7CDFDB31BB52-LeaderElection21] INFO  server.RaftServerConfigKeys (ConfUtils.java:logGet(44)) - raft.server.watch.element-limit = 65536 (default)
2021-08-23 23:20:29,563 [e0c56fbf-58af-4909-99ad-16a71beee03d@group-7CDFDB31BB52-LeaderElection21] INFO  server.RaftServerConfigKeys (ConfUtils.java:logGet(44)) - raft.server.log.appender.snapshot.chunk.size.max = 16MB (=16777216) (default)
2021-08-23 23:20:29,563 [e0c56fbf-58af-4909-99ad-16a71beee03d@group-7CDFDB31BB52-LeaderElection21] INFO  server.RaftServerConfigKeys (ConfUtils.java:logGet(44)) - raft.server.log.appender.buffer.byte-limit = 33554432 (custom)
2021-08-23 23:20:29,563 [e0c56fbf-58af-4909-99ad-16a71beee03d@group-7CDFDB31BB52-LeaderElection21] INFO  server.RaftServerConfigKeys (ConfUtils.java:logGet(44)) - raft.server.log.appender.buffer.element-limit = 1 (custom)
2021-08-23 23:20:29,563 [e0c56fbf-58af-4909-99ad-16a71beee03d@group-7CDFDB31BB52-LeaderElection21] INFO  grpc.GrpcConfigKeys (ConfUtils.java:logGet(44)) - raft.grpc.server.leader.outstanding.appends.max = 128 (default)
2021-08-23 23:20:29,563 [e0c56fbf-58af-4909-99ad-16a71beee03d@group-7CDFDB31BB52-LeaderElection21] INFO  server.RaftServerConfigKeys (ConfUtils.java:logGet(44)) - raft.server.rpc.request.timeout = 3000ms (default)
2021-08-23 23:20:29,564 [e0c56fbf-58af-4909-99ad-16a71beee03d@group-7CDFDB31BB52-LeaderElection21] INFO  server.RaftServerConfigKeys (ConfUtils.java:logGet(44)) - raft.server.log.appender.install.snapshot.enabled = false (custom)
2021-08-23 23:20:29,565 [e0c56fbf-58af-4909-99ad-16a71beee03d@group-7CDFDB31BB52-LeaderElection21] INFO  server.RaftServerConfigKeys (ConfUtils.java:logGet(44)) - raft.server.log.appender.snapshot.chunk.size.max = 16MB (=16777216) (default)
2021-08-23 23:20:29,565 [e0c56fbf-58af-4909-99ad-16a71beee03d@group-7CDFDB31BB52-LeaderElection21] INFO  server.RaftServerConfigKeys (ConfUtils.java:logGet(44)) - raft.server.log.appender.buffer.byte-limit = 33554432 (custom)
2021-08-23 23:20:29,565 [e0c56fbf-58af-4909-99ad-16a71beee03d@group-7CDFDB31BB52-LeaderElection21] INFO  server.RaftServerConfigKeys (ConfUtils.java:logGet(44)) - raft.server.log.appender.buffer.element-limit = 1 (custom)
2021-08-23 23:20:29,566 [e0c56fbf-58af-4909-99ad-16a71beee03d@group-7CDFDB31BB52-LeaderElection21] INFO  grpc.GrpcConfigKeys (ConfUtils.java:logGet(44)) - raft.grpc.server.leader.outstanding.appends.max = 128 (default)
2021-08-23 23:20:29,566 [e0c56fbf-58af-4909-99ad-16a71beee03d@group-7CDFDB31BB52-LeaderElection21] INFO  server.RaftServerConfigKeys (ConfUtils.java:logGet(44)) - raft.server.rpc.request.timeout = 3000ms (default)
2021-08-23 23:20:29,566 [e0c56fbf-58af-4909-99ad-16a71beee03d@group-7CDFDB31BB52-LeaderElection21] INFO  server.RaftServerConfigKeys (ConfUtils.java:logGet(44)) - raft.server.log.appender.install.snapshot.enabled = false (custom)
2021-08-23 23:20:29,567 [e0c56fbf-58af-4909-99ad-16a71beee03d@group-7CDFDB31BB52-LeaderElection21] INFO  impl.RoleInfo (RoleInfo.java:updateAndGet(130)) - e0c56fbf-58af-4909-99ad-16a71beee03d: start e0c56fbf-58af-4909-99ad-16a71beee03d@group-7CDFDB31BB52-LeaderStateImpl
2021-08-23 23:20:29,572 [e0c56fbf-58af-4909-99ad-16a71beee03d@group-7CDFDB31BB52-LeaderElection21] INFO  segmented.SegmentedRaftLogWorker (SegmentedRaftLogWorker.java:rollLogSegment(399)) - e0c56fbf-58af-4909-99ad-16a71beee03d@group-7CDFDB31BB52-SegmentedRaftLogWorker: Rolling segment log-0_0 to index:0
2021-08-23 23:20:29,573 [e0c56fbf-58af-4909-99ad-16a71beee03d@group-7CDFDB31BB52-SegmentedRaftLogWorker] INFO  segmented.SegmentedRaftLogWorker (SegmentedRaftLogWorker.java:execute(558)) - e0c56fbf-58af-4909-99ad-16a71beee03d@group-7CDFDB31BB52-SegmentedRaftLogWorker: Rolled log segment from /home/runner/work/ozone/ozone/hadoop-ozone/integration-test/target/test-dir/MiniOzoneClusterImpl-994ab01d-a5c0-4516-a51a-b70458bd9cc3/datanode-6/data/ratis/1311ac67-94a8-441d-b18b-7cdfdb31bb52/current/log_inprogress_0 to /home/runner/work/ozone/ozone/hadoop-ozone/integration-test/target/test-dir/MiniOzoneClusterImpl-994ab01d-a5c0-4516-a51a-b70458bd9cc3/datanode-6/data/ratis/1311ac67-94a8-441d-b18b-7cdfdb31bb52/current/log_0-0
2021-08-23 23:20:29,575 [e0c56fbf-58af-4909-99ad-16a71beee03d@group-7CDFDB31BB52-SegmentedRaftLogWorker] INFO  segmented.SegmentedRaftLogWorker (SegmentedRaftLogWorker.java:execute(601)) - e0c56fbf-58af-4909-99ad-16a71beee03d@group-7CDFDB31BB52-SegmentedRaftLogWorker: created new log segment /home/runner/work/ozone/ozone/hadoop-ozone/integration-test/target/test-dir/MiniOzoneClusterImpl-994ab01d-a5c0-4516-a51a-b70458bd9cc3/datanode-6/data/ratis/1311ac67-94a8-441d-b18b-7cdfdb31bb52/current/log_inprogress_1
2021-08-23 23:20:29,580 [Datanode State Machine Thread - 0] WARN  statemachine.StateContext (StateContext.java:execute(621)) - No available thread in pool for past 1 seconds.
2021-08-23 23:20:29,593 [e0c56fbf-58af-4909-99ad-16a71beee03d@group-7CDFDB31BB52-LeaderElection21] INFO  server.RaftServer$Division (ServerState.java:setRaftConf(387)) - e0c56fbf-58af-4909-99ad-16a71beee03d@group-7CDFDB31BB52: set configuration 1: [094f6f25-50f7-4e1e-949d-13da2b12d5a4|rpc:10.1.0.66:44115|dataStream:|priority:1, e0c56fbf-58af-4909-99ad-16a71beee03d|rpc:10.1.0.66:46767|dataStream:|priority:0, 0dd4e32c-0382-462c-9ace-22051620c5de|rpc:10.1.0.66:38797|dataStream:|priority:0], old=null
2021-08-23 23:20:29,603 [grpc-default-executor-1] WARN  server.GrpcLogAppender (LogUtils.java:warn(122)) - e0c56fbf-58af-4909-99ad-16a71beee03d@group-7CDFDB31BB52->094f6f25-50f7-4e1e-949d-13da2b12d5a4-AppendLogResponseHandler: Failed appendEntries: org.apache.ratis.thirdparty.io.grpc.StatusRuntimeException: UNAVAILABLE: io exception
2021-08-23 23:20:29,604 [grpc-default-executor-1] WARN  server.GrpcLogAppender (GrpcLogAppender.java:resetClient(111)) - e0c56fbf-58af-4909-99ad-16a71beee03d@group-7CDFDB31BB52->094f6f25-50f7-4e1e-949d-13da2b12d5a4-GrpcLogAppender: Leader has not got in touch with Follower e0c56fbf-58af-4909-99ad-16a71beee03d@group-7CDFDB31BB52->094f6f25-50f7-4e1e-949d-13da2b12d5a4(c-1,m0,n2, attendVote=true, lastRpcSendTime=3, lastRpcResponseTime=5240) yet, just keep nextIndex unchanged and retry.
2021-08-23 23:20:29,610 [grpc-default-executor-1] INFO  ratis.XceiverServerRatis (XceiverServerRatis.java:handleLeaderChangedNotification(861)) - Leader change notification received for group: group-7CDFDB31BB52 with new leaderId: e0c56fbf-58af-4909-99ad-16a71beee03d
2021-08-23 23:20:29,610 [grpc-default-executor-1] INFO  server.RaftServer$Division (ServerState.java:setLeader(285)) - 0dd4e32c-0382-462c-9ace-22051620c5de@group-7CDFDB31BB52: change Leader from null to e0c56fbf-58af-4909-99ad-16a71beee03d at term 3 for appendEntries, leader elected after 66ms
2021-08-23 23:20:29,633 [grpc-default-executor-1] INFO  server.RaftServer$Division (ServerState.java:setRaftConf(387)) - 0dd4e32c-0382-462c-9ace-22051620c5de@group-7CDFDB31BB52: set configuration 1: [094f6f25-50f7-4e1e-949d-13da2b12d5a4|rpc:10.1.0.66:44115|dataStream:|priority:1, e0c56fbf-58af-4909-99ad-16a71beee03d|rpc:10.1.0.66:46767|dataStream:|priority:0, 0dd4e32c-0382-462c-9ace-22051620c5de|rpc:10.1.0.66:38797|dataStream:|priority:0], old=null
2021-08-23 23:20:29,633 [grpc-default-executor-1] INFO  segmented.SegmentedRaftLogWorker (SegmentedRaftLogWorker.java:rollLogSegment(399)) - 0dd4e32c-0382-462c-9ace-22051620c5de@group-7CDFDB31BB52-SegmentedRaftLogWorker: Rolling segment log-0_0 to index:0
2021-08-23 23:20:29,634 [0dd4e32c-0382-462c-9ace-22051620c5de@group-7CDFDB31BB52-SegmentedRaftLogWorker] INFO  segmented.SegmentedRaftLogWorker (SegmentedRaftLogWorker.java:execute(558)) - 0dd4e32c-0382-462c-9ace-22051620c5de@group-7CDFDB31BB52-SegmentedRaftLogWorker: Rolled log segment from /home/runner/work/ozone/ozone/hadoop-ozone/integration-test/target/test-dir/MiniOzoneClusterImpl-994ab01d-a5c0-4516-a51a-b70458bd9cc3/datanode-8/data/ratis/1311ac67-94a8-441d-b18b-7cdfdb31bb52/current/log_inprogress_0 to /home/runner/work/ozone/ozone/hadoop-ozone/integration-test/target/test-dir/MiniOzoneClusterImpl-994ab01d-a5c0-4516-a51a-b70458bd9cc3/datanode-8/data/ratis/1311ac67-94a8-441d-b18b-7cdfdb31bb52/current/log_0-0
2021-08-23 23:20:29,635 [0dd4e32c-0382-462c-9ace-22051620c5de@group-7CDFDB31BB52-SegmentedRaftLogWorker] INFO  segmented.SegmentedRaftLogWorker (SegmentedRaftLogWorker.java:execute(601)) - 0dd4e32c-0382-462c-9ace-22051620c5de@group-7CDFDB31BB52-SegmentedRaftLogWorker: created new log segment /home/runner/work/ozone/ozone/hadoop-ozone/integration-test/target/test-dir/MiniOzoneClusterImpl-994ab01d-a5c0-4516-a51a-b70458bd9cc3/datanode-8/data/ratis/1311ac67-94a8-441d-b18b-7cdfdb31bb52/current/log_inprogress_1
2021-08-23 23:20:29,670 [grpc-default-executor-1] WARN  server.GrpcLogAppender (LogUtils.java:warn(122)) - e0c56fbf-58af-4909-99ad-16a71beee03d@group-7CDFDB31BB52->094f6f25-50f7-4e1e-949d-13da2b12d5a4-AppendLogResponseHandler: Failed appendEntries: org.apache.ratis.thirdparty.io.grpc.StatusRuntimeException: UNAVAILABLE: io exception
2021-08-23 23:20:29,671 [grpc-default-executor-1] WARN  server.GrpcLogAppender (GrpcLogAppender.java:resetClient(111)) - e0c56fbf-58af-4909-99ad-16a71beee03d@group-7CDFDB31BB52->094f6f25-50f7-4e1e-949d-13da2b12d5a4-GrpcLogAppender: Leader has not got in touch with Follower e0c56fbf-58af-4909-99ad-16a71beee03d@group-7CDFDB31BB52->094f6f25-50f7-4e1e-949d-13da2b12d5a4(c-1,m0,n3, attendVote=true, lastRpcSendTime=71, lastRpcResponseTime=5308) yet, just keep nextIndex unchanged and retry.
2021-08-23 23:20:30,633 [grpc-default-executor-1] WARN  server.GrpcLogAppender (LogUtils.java:warn(122)) - d8835383-dea3-45d4-b6e3-f656da7478fb@group-95F9150AC8B5->e06506bb-c7c9-4174-8cff-a1658cd313af-AppendLogResponseHandler: Failed appendEntries: org.apache.ratis.thirdparty.io.grpc.StatusRuntimeException: UNAVAILABLE: io exception
2021-08-23 23:20:30,634 [grpc-default-executor-1] WARN  server.GrpcLogAppender (GrpcLogAppender.java:resetClient(111)) - d8835383-dea3-45d4-b6e3-f656da7478fb@group-95F9150AC8B5->e06506bb-c7c9-4174-8cff-a1658cd313af-GrpcLogAppender: Leader has not got in touch with Follower d8835383-dea3-45d4-b6e3-f656da7478fb@group-95F9150AC8B5->e06506bb-c7c9-4174-8cff-a1658cd313af(c-1,m0,n12, attendVote=true, lastRpcSendTime=2501, lastRpcResponseTime=17787) yet, just keep nextIndex unchanged and retry.
2021-08-23 23:20:30,896 [grpc-default-executor-1] WARN  server.GrpcLogAppender (LogUtils.java:warn(122)) - d8835383-dea3-45d4-b6e3-f656da7478fb@group-95F9150AC8B5->bf8c8c9e-9c71-482e-9792-8d809f4c5fef-AppendLogResponseHandler: Failed appendEntries: org.apache.ratis.thirdparty.io.grpc.StatusRuntimeException: UNAVAILABLE: io exception
2021-08-23 23:20:30,897 [grpc-default-executor-1] INFO  leader.FollowerInfo (FollowerInfoImpl.java:lambda$new$0(46)) - d8835383-dea3-45d4-b6e3-f656da7478fb@group-95F9150AC8B5->bf8c8c9e-9c71-482e-9792-8d809f4c5fef: nextIndex: updateUnconditionally 12 -> 11
2021-08-23 23:20:32,177 [grpc-default-executor-1] WARN  server.GrpcLogAppender (LogUtils.java:warn(122)) - e0c56fbf-58af-4909-99ad-16a71beee03d@group-7CDFDB31BB52->094f6f25-50f7-4e1e-949d-13da2b12d5a4-AppendLogResponseHandler: Failed appendEntries: org.apache.ratis.thirdparty.io.grpc.StatusRuntimeException: UNAVAILABLE: io exception
2021-08-23 23:20:32,177 [grpc-default-executor-1] WARN  server.GrpcLogAppender (GrpcLogAppender.java:resetClient(111)) - e0c56fbf-58af-4909-99ad-16a71beee03d@group-7CDFDB31BB52->094f6f25-50f7-4e1e-949d-13da2b12d5a4-GrpcLogAppender: Leader has not got in touch with Follower e0c56fbf-58af-4909-99ad-16a71beee03d@group-7CDFDB31BB52->094f6f25-50f7-4e1e-949d-13da2b12d5a4(c-1,m0,n3, attendVote=true, lastRpcSendTime=2506, lastRpcResponseTime=7814) yet, just keep nextIndex unchanged and retry.
2021-08-23 23:20:33,139 [grpc-default-executor-1] WARN  server.GrpcLogAppender (LogUtils.java:warn(122)) - d8835383-dea3-45d4-b6e3-f656da7478fb@group-95F9150AC8B5->e06506bb-c7c9-4174-8cff-a1658cd313af-AppendLogResponseHandler: Failed appendEntries: org.apache.ratis.thirdparty.io.grpc.StatusRuntimeException: UNAVAILABLE: io exception
2021-08-23 23:20:33,140 [grpc-default-executor-1] WARN  server.GrpcLogAppender (GrpcLogAppender.java:resetClient(111)) - d8835383-dea3-45d4-b6e3-f656da7478fb@group-95F9150AC8B5->e06506bb-c7c9-4174-8cff-a1658cd313af-GrpcLogAppender: Leader has not got in touch with Follower d8835383-dea3-45d4-b6e3-f656da7478fb@group-95F9150AC8B5->e06506bb-c7c9-4174-8cff-a1658cd313af(c-1,m0,n12, attendVote=true, lastRpcSendTime=0, lastRpcResponseTime=20293) yet, just keep nextIndex unchanged and retry.
2021-08-23 23:20:33,398 [grpc-default-executor-1] WARN  server.GrpcLogAppender (LogUtils.java:warn(122)) - d8835383-dea3-45d4-b6e3-f656da7478fb@group-95F9150AC8B5->bf8c8c9e-9c71-482e-9792-8d809f4c5fef-AppendLogResponseHandler: Failed appendEntries: org.apache.ratis.thirdparty.io.grpc.StatusRuntimeException: UNAVAILABLE: io exception
2021-08-23 23:20:33,399 [grpc-default-executor-1] INFO  leader.FollowerInfo (FollowerInfoImpl.java:lambda$new$0(46)) - d8835383-dea3-45d4-b6e3-f656da7478fb@group-95F9150AC8B5->bf8c8c9e-9c71-482e-9792-8d809f4c5fef: nextIndex: updateUnconditionally 12 -> 11
2021-08-23 23:20:33,741 [d8835383-dea3-45d4-b6e3-f656da7478fb@group-95F9150AC8B5-LeaderStateImpl] WARN  server.RaftServer$Division (LeaderStateImpl.java:checkLeadership(944)) - d8835383-dea3-45d4-b6e3-f656da7478fb@group-95F9150AC8B5-LeaderStateImpl: Lost leadership on term: 3. Election timeout: 5200ms. In charge for: 15695ms. Conf: 10: [d8835383-dea3-45d4-b6e3-f656da7478fb|rpc:10.1.0.66:44819|dataStream:|priority:0, e06506bb-c7c9-4174-8cff-a1658cd313af|rpc:10.1.0.66:35525|dataStream:|priority:1, bf8c8c9e-9c71-482e-9792-8d809f4c5fef|rpc:10.1.0.66:33119|dataStream:|priority:0], old=null
2021-08-23 23:20:33,742 [d8835383-dea3-45d4-b6e3-f656da7478fb@group-95F9150AC8B5-LeaderStateImpl] WARN  server.RaftServer$Division (LeaderStateImpl.java:lambda$checkLeadership$15(948)) - Follower d8835383-dea3-45d4-b6e3-f656da7478fb@group-95F9150AC8B5->e06506bb-c7c9-4174-8cff-a1658cd313af(c-1,m0,n12, attendVote=true, lastRpcSendTime=602, lastRpcResponseTime=20895)
2021-08-23 23:20:33,742 [d8835383-dea3-45d4-b6e3-f656da7478fb@group-95F9150AC8B5-LeaderStateImpl] WARN  server.RaftServer$Division (LeaderStateImpl.java:lambda$checkLeadership$15(948)) - Follower d8835383-dea3-45d4-b6e3-f656da7478fb@group-95F9150AC8B5->bf8c8c9e-9c71-482e-9792-8d809f4c5fef(c11,m11,n11, attendVote=true, lastRpcSendTime=344, lastRpcResponseTime=8065)
2021-08-23 23:20:33,742 [d8835383-dea3-45d4-b6e3-f656da7478fb@group-95F9150AC8B5-LeaderStateImpl] INFO  server.RaftServer$Division (RaftServerImpl.java:setRole(285)) - d8835383-dea3-45d4-b6e3-f656da7478fb@group-95F9150AC8B5: changes role from    LEADER to FOLLOWER at term 3 for StepDownReason:LOST_MAJORITY_HEARTBEATS
2021-08-23 23:20:33,742 [d8835383-dea3-45d4-b6e3-f656da7478fb@group-95F9150AC8B5-LeaderStateImpl] INFO  impl.RoleInfo (RoleInfo.java:shutdownLeaderState(91)) - d8835383-dea3-45d4-b6e3-f656da7478fb: shutdown d8835383-dea3-45d4-b6e3-f656da7478fb@group-95F9150AC8B5-LeaderStateImpl
2021-08-23 23:20:33,742 [d8835383-dea3-45d4-b6e3-f656da7478fb@group-95F9150AC8B5-LeaderStateImpl] INFO  impl.PendingRequests (PendingRequests.java:sendNotLeaderResponses(282)) - d8835383-dea3-45d4-b6e3-f656da7478fb@group-95F9150AC8B5-PendingRequests: sendNotLeaderResponses
2021-08-23 23:20:33,743 [d8835383-dea3-45d4-b6e3-f656da7478fb@group-95F9150AC8B5-LeaderStateImpl] INFO  impl.RoleInfo (RoleInfo.java:updateAndGet(130)) - d8835383-dea3-45d4-b6e3-f656da7478fb: start d8835383-dea3-45d4-b6e3-f656da7478fb@group-95F9150AC8B5-FollowerState
2021-08-23 23:20:33,743 [d8835383-dea3-45d4-b6e3-f656da7478fb@group-95F9150AC8B5->bf8c8c9e-9c71-482e-9792-8d809f4c5fef-GrpcLogAppender-LogAppenderDaemon] WARN  server.GrpcLogAppender (GrpcLogAppender.java:mayWait(175)) - d8835383-dea3-45d4-b6e3-f656da7478fb@group-95F9150AC8B5->bf8c8c9e-9c71-482e-9792-8d809f4c5fef-GrpcLogAppender: Wait interrupted by java.lang.InterruptedException
2021-08-23 23:20:33,943 [Listener at 127.0.0.1/36523] INFO  ozoneimpl.OzoneContainer (OzoneContainer.java:stop(326)) - Attempting to stop container services.
2021-08-23 23:20:33,952 [Listener at 127.0.0.1/36523] INFO  server.RaftServer (RaftServerProxy.java:lambda$close$6(391)) - 0dd4e32c-0382-462c-9ace-22051620c5de: close
2021-08-23 23:20:33,952 [Listener at 127.0.0.1/36523] INFO  server.RaftServer$Division (RaftServerImpl.java:lambda$close$4(407)) - 0dd4e32c-0382-462c-9ace-22051620c5de@group-7CDFDB31BB52: shutdown
2021-08-23 23:20:33,953 [Listener at 127.0.0.1/36523] INFO  util.JmxRegister (JmxRegister.java:unregister(73)) - Successfully un-registered JMX Bean with object name Ratis:service=RaftServer,group=group-7CDFDB31BB52,id=0dd4e32c-0382-462c-9ace-22051620c5de
2021-08-23 23:20:33,953 [Listener at 127.0.0.1/36523] INFO  impl.RoleInfo (RoleInfo.java:shutdownFollowerState(108)) - 0dd4e32c-0382-462c-9ace-22051620c5de: shutdown 0dd4e32c-0382-462c-9ace-22051620c5de@group-7CDFDB31BB52-FollowerState
2021-08-23 23:20:33,953 [Listener at 127.0.0.1/36523] INFO  impl.StateMachineUpdater (StateMachineUpdater.java:stopAndJoin(149)) - 0dd4e32c-0382-462c-9ace-22051620c5de@group-7CDFDB31BB52-StateMachineUpdater: set stopIndex = 2
2021-08-23 23:20:33,953 [0dd4e32c-0382-462c-9ace-22051620c5de@group-7CDFDB31BB52-StateMachineUpdater] INFO  ratis.ContainerStateMachine (ContainerStateMachine.java:takeSnapshot(293)) - group-7CDFDB31BB52: Taking a snapshot at:(t:3, i:2) file /home/runner/work/ozone/ozone/hadoop-ozone/integration-test/target/test-dir/MiniOzoneClusterImpl-994ab01d-a5c0-4516-a51a-b70458bd9cc3/datanode-8/data/ratis/1311ac67-94a8-441d-b18b-7cdfdb31bb52/sm/snapshot.3_2
2021-08-23 23:20:33,953 [0dd4e32c-0382-462c-9ace-22051620c5de@group-7CDFDB31BB52-FollowerState] INFO  impl.FollowerState (FollowerState.java:run(143)) - 0dd4e32c-0382-462c-9ace-22051620c5de@group-7CDFDB31BB52-FollowerState was interrupted: {}
java.lang.InterruptedException: sleep interrupted
	at java.lang.Thread.sleep(Native Method)
	at java.lang.Thread.sleep(Thread.java:340)
	at java.util.concurrent.TimeUnit.sleep(TimeUnit.java:386)
	at org.apache.ratis.util.TimeDuration.sleep(TimeDuration.java:324)
	at org.apache.ratis.util.TimeDuration.sleep(TimeDuration.java:309)
	at org.apache.ratis.server.impl.FollowerState.run(FollowerState.java:118)
2021-08-23 23:20:33,955 [0dd4e32c-0382-462c-9ace-22051620c5de@group-7CDFDB31BB52-StateMachineUpdater] INFO  ratis.ContainerStateMachine (ContainerStateMachine.java:takeSnapshot(304)) - group-7CDFDB31BB52: Finished taking a snapshot at:(t:3, i:2) file:/home/runner/work/ozone/ozone/hadoop-ozone/integration-test/target/test-dir/MiniOzoneClusterImpl-994ab01d-a5c0-4516-a51a-b70458bd9cc3/datanode-8/data/ratis/1311ac67-94a8-441d-b18b-7cdfdb31bb52/sm/snapshot.3_2 took: 1 ms
2021-08-23 23:20:33,955 [0dd4e32c-0382-462c-9ace-22051620c5de@group-7CDFDB31BB52-StateMachineUpdater] INFO  impl.StateMachineUpdater (StateMachineUpdater.java:takeSnapshot(281)) - 0dd4e32c-0382-462c-9ace-22051620c5de@group-7CDFDB31BB52-StateMachineUpdater: Took a snapshot at index 2
2021-08-23 23:20:33,955 [0dd4e32c-0382-462c-9ace-22051620c5de@group-7CDFDB31BB52-StateMachineUpdater] INFO  impl.StateMachineUpdater (StateMachineUpdater.java:lambda$new$0(89)) - 0dd4e32c-0382-462c-9ace-22051620c5de@group-7CDFDB31BB52-StateMachineUpdater: snapshotIndex: updateIncreasingly -1 -> 2
2021-08-23 23:20:33,964 [Listener at 127.0.0.1/36523] INFO  server.RaftServer$Division (ServerState.java:close(419)) - 0dd4e32c-0382-462c-9ace-22051620c5de@group-7CDFDB31BB52: closes. applyIndex: 2
2021-08-23 23:20:33,964 [0dd4e32c-0382-462c-9ace-22051620c5de@group-7CDFDB31BB52-SegmentedRaftLogWorker] INFO  segmented.SegmentedRaftLogWorker (SegmentedRaftLogWorker.java:run(327)) - 0dd4e32c-0382-462c-9ace-22051620c5de@group-7CDFDB31BB52-SegmentedRaftLogWorker was interrupted, exiting. There are 0 tasks remaining in the queue.
2021-08-23 23:20:33,969 [Listener at 127.0.0.1/36523] INFO  segmented.SegmentedRaftLogWorker (SegmentedRaftLogWorker.java:close(237)) - 0dd4e32c-0382-462c-9ace-22051620c5de@group-7CDFDB31BB52-SegmentedRaftLogWorker close()
2021-08-23 23:20:33,973 [Listener at 127.0.0.1/36523] INFO  server.RaftServer$Division (RaftServerImpl.java:lambda$close$4(407)) - 0dd4e32c-0382-462c-9ace-22051620c5de@group-847F673905BC: shutdown
2021-08-23 23:20:33,973 [Listener at 127.0.0.1/36523] INFO  util.JmxRegister (JmxRegister.java:unregister(73)) - Successfully un-registered JMX Bean with object name Ratis:service=RaftServer,group=group-847F673905BC,id=0dd4e32c-0382-462c-9ace-22051620c5de
2021-08-23 23:20:33,973 [Listener at 127.0.0.1/36523] INFO  impl.RoleInfo (RoleInfo.java:shutdownLeaderState(91)) - 0dd4e32c-0382-462c-9ace-22051620c5de: shutdown 0dd4e32c-0382-462c-9ace-22051620c5de@group-847F673905BC-LeaderStateImpl
2021-08-23 23:20:33,974 [Listener at 127.0.0.1/36523] INFO  impl.PendingRequests (PendingRequests.java:sendNotLeaderResponses(282)) - 0dd4e32c-0382-462c-9ace-22051620c5de@group-847F673905BC-PendingRequests: sendNotLeaderResponses
2021-08-23 23:20:33,974 [Listener at 127.0.0.1/36523] INFO  impl.StateMachineUpdater (StateMachineUpdater.java:stopAndJoin(149)) - 0dd4e32c-0382-462c-9ace-22051620c5de@group-847F673905BC-StateMachineUpdater: set stopIndex = 0
2021-08-23 23:20:33,975 [0dd4e32c-0382-462c-9ace-22051620c5de@group-847F673905BC-StateMachineUpdater] INFO  ratis.ContainerStateMachine (ContainerStateMachine.java:takeSnapshot(293)) - group-847F673905BC: Taking a snapshot at:(t:1, i:0) file /home/runner/work/ozone/ozone/hadoop-ozone/integration-test/target/test-dir/MiniOzoneClusterImpl-994ab01d-a5c0-4516-a51a-b70458bd9cc3/datanode-8/data/ratis/44800551-6f8b-4d35-a4dd-847f673905bc/sm/snapshot.1_0
2021-08-23 23:20:33,976 [0dd4e32c-0382-462c-9ace-22051620c5de@group-847F673905BC-StateMachineUpdater] INFO  ratis.ContainerStateMachine (ContainerStateMachine.java:takeSnapshot(304)) - group-847F673905BC: Finished taking a snapshot at:(t:1, i:0) file:/home/runner/work/ozone/ozone/hadoop-ozone/integration-test/target/test-dir/MiniOzoneClusterImpl-994ab01d-a5c0-4516-a51a-b70458bd9cc3/datanode-8/data/ratis/44800551-6f8b-4d35-a4dd-847f673905bc/sm/snapshot.1_0 took: 2 ms
2021-08-23 23:20:33,976 [0dd4e32c-0382-462c-9ace-22051620c5de@group-847F673905BC-StateMachineUpdater] INFO  impl.StateMachineUpdater (StateMachineUpdater.java:takeSnapshot(281)) - 0dd4e32c-0382-462c-9ace-22051620c5de@group-847F673905BC-StateMachineUpdater: Took a snapshot at index 0
2021-08-23 23:20:33,976 [0dd4e32c-0382-462c-9ace-22051620c5de@group-847F673905BC-StateMachineUpdater] INFO  impl.StateMachineUpdater (StateMachineUpdater.java:lambda$new$0(89)) - 0dd4e32c-0382-462c-9ace-22051620c5de@group-847F673905BC-StateMachineUpdater: snapshotIndex: updateIncreasingly -1 -> 0
2021-08-23 23:20:33,976 [Listener at 127.0.0.1/36523] INFO  server.RaftServer$Division (ServerState.java:close(419)) - 0dd4e32c-0382-462c-9ace-22051620c5de@group-847F673905BC: closes. applyIndex: 0
2021-08-23 23:20:33,977 [0dd4e32c-0382-462c-9ace-22051620c5de@group-847F673905BC-SegmentedRaftLogWorker] INFO  segmented.SegmentedRaftLogWorker (SegmentedRaftLogWorker.java:run(327)) - 0dd4e32c-0382-462c-9ace-22051620c5de@group-847F673905BC-SegmentedRaftLogWorker was interrupted, exiting. There are 0 tasks remaining in the queue.
2021-08-23 23:20:33,977 [Listener at 127.0.0.1/36523] INFO  segmented.SegmentedRaftLogWorker (SegmentedRaftLogWorker.java:close(237)) - 0dd4e32c-0382-462c-9ace-22051620c5de@group-847F673905BC-SegmentedRaftLogWorker close()
2021-08-23 23:20:33,981 [Listener at 127.0.0.1/36523] INFO  server.GrpcService (GrpcService.java:closeImpl(262)) - 0dd4e32c-0382-462c-9ace-22051620c5de: shutdown server with port 38797 now
2021-08-23 23:20:33,985 [grpc-default-executor-0] WARN  server.GrpcServerProtocolService (LogUtils.java:warn(122)) - 0dd4e32c-0382-462c-9ace-22051620c5de: installSnapshot onError, lastRequest: e0c56fbf-58af-4909-99ad-16a71beee03d->0dd4e32c-0382-462c-9ace-22051620c5de#2-t3,previous=(t:3, i:1),leaderCommit=1,initializing? true,entries: size=1, first=(t:3, i:2), METADATAENTRY(c:1): org.apache.ratis.thirdparty.io.grpc.StatusRuntimeException: CANCELLED: client cancelled
2021-08-23 23:20:33,986 [Listener at 127.0.0.1/36523] INFO  server.GrpcService (GrpcService.java:closeImpl(271)) - 0dd4e32c-0382-462c-9ace-22051620c5de: shutdown server with port 38797 successfully
2021-08-23 23:20:33,987 [org.apache.ratis.util.JvmPauseMonitor$$Lambda$531/1878099363@16ab5cf1] INFO  util.JvmPauseMonitor (JvmPauseMonitor.java:run(109)) - JvmPauseMonitor-0dd4e32c-0382-462c-9ace-22051620c5de: Stopped
2021-08-23 23:20:33,987 [grpc-default-executor-0] WARN  server.GrpcLogAppender (LogUtils.java:warn(122)) - e0c56fbf-58af-4909-99ad-16a71beee03d@group-7CDFDB31BB52->0dd4e32c-0382-462c-9ace-22051620c5de-AppendLogResponseHandler: Failed appendEntries: org.apache.ratis.thirdparty.io.grpc.StatusRuntimeException: CANCELLED: HTTP/2 error code: CANCEL
Received Rst Stream
2021-08-23 23:20:33,987 [grpc-default-executor-0] INFO  leader.FollowerInfo (FollowerInfoImpl.java:lambda$new$0(46)) - e0c56fbf-58af-4909-99ad-16a71beee03d@group-7CDFDB31BB52->0dd4e32c-0382-462c-9ace-22051620c5de: nextIndex: updateUnconditionally 3 -> 2
2021-08-23 23:20:33,988 [Listener at 127.0.0.1/36523] INFO  utils.BackgroundService (BackgroundService.java:shutdown(132)) - Shutting down service BlockDeletingService
2021-08-23 23:20:33,993 [ForkJoinPool.commonPool-worker-0] INFO  ozoneimpl.OzoneContainer (OzoneContainer.java:stop(326)) - Attempting to stop container services.
2021-08-23 23:20:33,993 [ForkJoinPool.commonPool-worker-0] INFO  server.RaftServer (RaftServerProxy.java:lambda$close$6(391)) - d8835383-dea3-45d4-b6e3-f656da7478fb: close
2021-08-23 23:20:33,993 [ForkJoinPool.commonPool-worker-0] INFO  server.RaftServer$Division (RaftServerImpl.java:lambda$close$4(407)) - d8835383-dea3-45d4-b6e3-f656da7478fb@group-401B9CE123E2: shutdown
2021-08-23 23:20:33,993 [ForkJoinPool.commonPool-worker-0] INFO  util.JmxRegister (JmxRegister.java:unregister(73)) - Successfully un-registered JMX Bean with object name Ratis:service=RaftServer,group=group-401B9CE123E2,id=d8835383-dea3-45d4-b6e3-f656da7478fb
2021-08-23 23:20:33,993 [ForkJoinPool.commonPool-worker-0] INFO  impl.RoleInfo (RoleInfo.java:shutdownLeaderState(91)) - d8835383-dea3-45d4-b6e3-f656da7478fb: shutdown d8835383-dea3-45d4-b6e3-f656da7478fb@group-401B9CE123E2-LeaderStateImpl
2021-08-23 23:20:33,994 [ForkJoinPool.commonPool-worker-0] INFO  impl.PendingRequests (PendingRequests.java:sendNotLeaderResponses(282)) - d8835383-dea3-45d4-b6e3-f656da7478fb@group-401B9CE123E2-PendingRequests: sendNotLeaderResponses
2021-08-23 23:20:33,994 [ForkJoinPool.commonPool-worker-0] INFO  impl.StateMachineUpdater (StateMachineUpdater.java:stopAndJoin(149)) - d8835383-dea3-45d4-b6e3-f656da7478fb@group-401B9CE123E2-StateMachineUpdater: set stopIndex = 0
2021-08-23 23:20:33,995 [d8835383-dea3-45d4-b6e3-f656da7478fb@group-401B9CE123E2-StateMachineUpdater] INFO  ratis.ContainerStateMachine (ContainerStateMachine.java:takeSnapshot(293)) - group-401B9CE123E2: Taking a snapshot at:(t:1, i:0) file /home/runner/work/ozone/ozone/hadoop-ozone/integration-test/target/test-dir/MiniOzoneClusterImpl-994ab01d-a5c0-4516-a51a-b70458bd9cc3/datanode-1/data/ratis/7f0666bb-114b-4096-b71b-401b9ce123e2/sm/snapshot.1_0
2021-08-23 23:20:33,996 [d8835383-dea3-45d4-b6e3-f656da7478fb@group-401B9CE123E2-StateMachineUpdater] INFO  ratis.ContainerStateMachine (ContainerStateMachine.java:takeSnapshot(304)) - group-401B9CE123E2: Finished taking a snapshot at:(t:1, i:0) file:/home/runner/work/ozone/ozone/hadoop-ozone/integration-test/target/test-dir/MiniOzoneClusterImpl-994ab01d-a5c0-4516-a51a-b70458bd9cc3/datanode-1/data/ratis/7f0666bb-114b-4096-b71b-401b9ce123e2/sm/snapshot.1_0 took: 1 ms
2021-08-23 23:20:33,997 [d8835383-dea3-45d4-b6e3-f656da7478fb@group-401B9CE123E2-StateMachineUpdater] INFO  impl.StateMachineUpdater (StateMachineUpdater.java:takeSnapshot(281)) - d8835383-dea3-45d4-b6e3-f656da7478fb@group-401B9CE123E2-StateMachineUpdater: Took a snapshot at index 0
2021-08-23 23:20:33,997 [d8835383-dea3-45d4-b6e3-f656da7478fb@group-401B9CE123E2-StateMachineUpdater] INFO  impl.StateMachineUpdater (StateMachineUpdater.java:lambda$new$0(89)) - d8835383-dea3-45d4-b6e3-f656da7478fb@group-401B9CE123E2-StateMachineUpdater: snapshotIndex: updateIncreasingly -1 -> 0
2021-08-23 23:20:33,997 [ForkJoinPool.commonPool-worker-0] INFO  server.RaftServer$Division (ServerState.java:close(419)) - d8835383-dea3-45d4-b6e3-f656da7478fb@group-401B9CE123E2: closes. applyIndex: 0
2021-08-23 23:20:33,997 [d8835383-dea3-45d4-b6e3-f656da7478fb@group-401B9CE123E2-SegmentedRaftLogWorker] INFO  segmented.SegmentedRaftLogWorker (SegmentedRaftLogWorker.java:run(327)) - d8835383-dea3-45d4-b6e3-f656da7478fb@group-401B9CE123E2-SegmentedRaftLogWorker was interrupted, exiting. There are 0 tasks remaining in the queue.
2021-08-23 23:20:33,997 [ForkJoinPool.commonPool-worker-0] INFO  segmented.SegmentedRaftLogWorker (SegmentedRaftLogWorker.java:close(237)) - d8835383-dea3-45d4-b6e3-f656da7478fb@group-401B9CE123E2-SegmentedRaftLogWorker close()
2021-08-23 23:20:34,000 [grpc-default-executor-0] WARN  server.GrpcLogAppender (LogUtils.java:warn(122)) - e0c56fbf-58af-4909-99ad-16a71beee03d@group-7CDFDB31BB52->0dd4e32c-0382-462c-9ace-22051620c5de-AppendLogResponseHandler: Failed appendEntries: org.apache.ratis.thirdparty.io.grpc.StatusRuntimeException: UNAVAILABLE: io exception
2021-08-23 23:20:34,000 [grpc-default-executor-0] INFO  leader.FollowerInfo (FollowerInfoImpl.java:lambda$new$0(46)) - e0c56fbf-58af-4909-99ad-16a71beee03d@group-7CDFDB31BB52->0dd4e32c-0382-462c-9ace-22051620c5de: nextIndex: updateUnconditionally 3 -> 2
2021-08-23 23:20:34,016 [ForkJoinPool.commonPool-worker-0] INFO  server.RaftServer$Division (RaftServerImpl.java:lambda$close$4(407)) - d8835383-dea3-45d4-b6e3-f656da7478fb@group-95F9150AC8B5: shutdown
2021-08-23 23:20:34,016 [ForkJoinPool.commonPool-worker-0] INFO  util.JmxRegister (JmxRegister.java:unregister(73)) - Successfully un-registered JMX Bean with object name Ratis:service=RaftServer,group=group-95F9150AC8B5,id=d8835383-dea3-45d4-b6e3-f656da7478fb
2021-08-23 23:20:34,017 [ForkJoinPool.commonPool-worker-0] INFO  impl.RoleInfo (RoleInfo.java:shutdownFollowerState(108)) - d8835383-dea3-45d4-b6e3-f656da7478fb: shutdown d8835383-dea3-45d4-b6e3-f656da7478fb@group-95F9150AC8B5-FollowerState
2021-08-23 23:20:34,017 [ForkJoinPool.commonPool-worker-0] INFO  impl.StateMachineUpdater (StateMachineUpdater.java:stopAndJoin(149)) - d8835383-dea3-45d4-b6e3-f656da7478fb@group-95F9150AC8B5-StateMachineUpdater: set stopIndex = 11
2021-08-23 23:20:34,017 [d8835383-dea3-45d4-b6e3-f656da7478fb@group-95F9150AC8B5-FollowerState] INFO  impl.FollowerState (FollowerState.java:run(143)) - d8835383-dea3-45d4-b6e3-f656da7478fb@group-95F9150AC8B5-FollowerState was interrupted: {}
java.lang.InterruptedException: sleep interrupted
	at java.lang.Thread.sleep(Native Method)
	at java.lang.Thread.sleep(Thread.java:340)
	at java.util.concurrent.TimeUnit.sleep(TimeUnit.java:386)
	at org.apache.ratis.util.TimeDuration.sleep(TimeDuration.java:324)
	at org.apache.ratis.util.TimeDuration.sleep(TimeDuration.java:309)
	at org.apache.ratis.server.impl.FollowerState.run(FollowerState.java:118)
2021-08-23 23:20:34,017 [d8835383-dea3-45d4-b6e3-f656da7478fb@group-95F9150AC8B5-StateMachineUpdater] INFO  ratis.ContainerStateMachine (ContainerStateMachine.java:takeSnapshot(293)) - group-95F9150AC8B5: Taking a snapshot at:(t:3, i:11) file /home/runner/work/ozone/ozone/hadoop-ozone/integration-test/target/test-dir/MiniOzoneClusterImpl-994ab01d-a5c0-4516-a51a-b70458bd9cc3/datanode-1/data/ratis/cca89311-bd88-471a-8fe5-95f9150ac8b5/sm/snapshot.3_11
2021-08-23 23:20:34,033 [d8835383-dea3-45d4-b6e3-f656da7478fb@group-95F9150AC8B5-StateMachineUpdater] INFO  ratis.ContainerStateMachine (ContainerStateMachine.java:takeSnapshot(304)) - group-95F9150AC8B5: Finished taking a snapshot at:(t:3, i:11) file:/home/runner/work/ozone/ozone/hadoop-ozone/integration-test/target/test-dir/MiniOzoneClusterImpl-994ab01d-a5c0-4516-a51a-b70458bd9cc3/datanode-1/data/ratis/cca89311-bd88-471a-8fe5-95f9150ac8b5/sm/snapshot.3_11 took: 16 ms
2021-08-23 23:20:34,033 [d8835383-dea3-45d4-b6e3-f656da7478fb@group-95F9150AC8B5-StateMachineUpdater] INFO  impl.StateMachineUpdater (StateMachineUpdater.java:takeSnapshot(281)) - d8835383-dea3-45d4-b6e3-f656da7478fb@group-95F9150AC8B5-StateMachineUpdater: Took a snapshot at index 11
2021-08-23 23:20:34,033 [d8835383-dea3-45d4-b6e3-f656da7478fb@group-95F9150AC8B5-StateMachineUpdater] INFO  impl.StateMachineUpdater (StateMachineUpdater.java:lambda$new$0(89)) - d8835383-dea3-45d4-b6e3-f656da7478fb@group-95F9150AC8B5-StateMachineUpdater: snapshotIndex: updateIncreasingly -1 -> 11
2021-08-23 23:20:34,036 [ForkJoinPool.commonPool-worker-0] INFO  server.RaftServer$Division (ServerState.java:close(419)) - d8835383-dea3-45d4-b6e3-f656da7478fb@group-95F9150AC8B5: closes. applyIndex: 11
2021-08-23 23:20:34,036 [d8835383-dea3-45d4-b6e3-f656da7478fb@group-95F9150AC8B5-SegmentedRaftLogWorker] INFO  segmented.SegmentedRaftLogWorker (SegmentedRaftLogWorker.java:run(327)) - d8835383-dea3-45d4-b6e3-f656da7478fb@group-95F9150AC8B5-SegmentedRaftLogWorker was interrupted, exiting. There are 0 tasks remaining in the queue.
2021-08-23 23:20:34,036 [ForkJoinPool.commonPool-worker-0] INFO  segmented.SegmentedRaftLogWorker (SegmentedRaftLogWorker.java:close(237)) - d8835383-dea3-45d4-b6e3-f656da7478fb@group-95F9150AC8B5-SegmentedRaftLogWorker close()
2021-08-23 23:20:34,041 [ForkJoinPool.commonPool-worker-0] INFO  server.GrpcService (GrpcService.java:closeImpl(262)) - d8835383-dea3-45d4-b6e3-f656da7478fb: shutdown server with port 44819 now
2021-08-23 23:20:34,042 [ForkJoinPool.commonPool-worker-0] INFO  server.GrpcService (GrpcService.java:closeImpl(271)) - d8835383-dea3-45d4-b6e3-f656da7478fb: shutdown server with port 44819 successfully
2021-08-23 23:20:34,042 [org.apache.ratis.util.JvmPauseMonitor$$Lambda$531/1878099363@3f11ccb8] INFO  util.JvmPauseMonitor (JvmPauseMonitor.java:run(109)) - JvmPauseMonitor-d8835383-dea3-45d4-b6e3-f656da7478fb: Stopped
2021-08-23 23:20:34,045 [ForkJoinPool.commonPool-worker-0] INFO  utils.BackgroundService (BackgroundService.java:shutdown(132)) - Shutting down service BlockDeletingService
2021-08-23 23:20:34,434 [EventQueue-StaleNodeForStaleNodeHandler] INFO  node.StaleNodeHandler (StaleNodeHandler.java:onMessage(58)) - Datanode cb3402e3-c902-40a3-9f81-e5c4ad664dcb{ip: 10.1.0.66, host: fv-az116-235.vzw04321ajxubdbcnpick5nqva.xx.internal.cloudapp.net, ports: [REPLICATION=43849, RATIS=42775, RATIS_ADMIN=42775, RATIS_SERVER=42775, STANDALONE=45817], networkLocation: /default-rack, certSerialId: null, persistedOpState: IN_SERVICE, persistedOpStateExpiryEpochSec: 0} moved to stale state. Finalizing its pipelines [PipelineID=bcd20deb-9d6c-4c16-8557-c247cde96a5c, PipelineID=e136d1d0-d591-4cb2-84c9-cf7d474dfdfa]
2021-08-23 23:20:34,435 [EventQueue-StaleNodeForStaleNodeHandler] INFO  pipeline.PipelineManagerImpl (PipelineManagerImpl.java:closePipeline(343)) - Pipeline Pipeline[ Id: bcd20deb-9d6c-4c16-8557-c247cde96a5c, Nodes: cb3402e3-c902-40a3-9f81-e5c4ad664dcb{ip: 10.1.0.66, host: fv-az116-235.vzw04321ajxubdbcnpick5nqva.xx.internal.cloudapp.net, ports: [REPLICATION=43849, RATIS=42775, RATIS_ADMIN=42775, RATIS_SERVER=42775, STANDALONE=45817], networkLocation: /default-rack, certSerialId: null, persistedOpState: IN_SERVICE, persistedOpStateExpiryEpochSec: 0}, ReplicationConfig: RATIS/ONE, State:OPEN, leaderId:cb3402e3-c902-40a3-9f81-e5c4ad664dcb, CreationTimestamp2021-08-23T23:19:40.213Z[Etc/UTC]] moved to CLOSED state
2021-08-23 23:20:34,436 [EventQueue-StaleNodeForStaleNodeHandler] INFO  pipeline.PipelineManagerImpl (PipelineManagerImpl.java:closePipeline(343)) - Pipeline Pipeline[ Id: e136d1d0-d591-4cb2-84c9-cf7d474dfdfa, Nodes: 7fc41cb1-4817-42a7-9d7d-8c23a540b464{ip: 10.1.0.66, host: fv-az116-235.vzw04321ajxubdbcnpick5nqva.xx.internal.cloudapp.net, ports: [REPLICATION=42047, RATIS=44581, RATIS_ADMIN=44581, RATIS_SERVER=44581, STANDALONE=44473], networkLocation: /default-rack, certSerialId: null, persistedOpState: IN_SERVICE, persistedOpStateExpiryEpochSec: 0}cb3402e3-c902-40a3-9f81-e5c4ad664dcb{ip: 10.1.0.66, host: fv-az116-235.vzw04321ajxubdbcnpick5nqva.xx.internal.cloudapp.net, ports: [REPLICATION=43849, RATIS=42775, RATIS_ADMIN=42775, RATIS_SERVER=42775, STANDALONE=45817], networkLocation: /default-rack, certSerialId: null, persistedOpState: IN_SERVICE, persistedOpStateExpiryEpochSec: 0}3238dd0b-ba1a-45d4-9446-116bc825e875{ip: 10.1.0.66, host: fv-az116-235.vzw04321ajxubdbcnpick5nqva.xx.internal.cloudapp.net, ports: [REPLICATION=36049, RATIS=42759, RATIS_ADMIN=42759, RATIS_SERVER=42759, STANDALONE=41295], networkLocation: /default-rack, certSerialId: null, persistedOpState: IN_SERVICE, persistedOpStateExpiryEpochSec: 0}, ReplicationConfig: RATIS/THREE, State:OPEN, leaderId:3238dd0b-ba1a-45d4-9446-116bc825e875, CreationTimestamp2021-08-23T23:19:40.403Z[Etc/UTC]] moved to CLOSED state
2021-08-23 23:20:34,437 [EventQueue-CloseContainerForCloseContainerEventHandler] INFO  container.CloseContainerEventHandler (CloseContainerEventHandler.java:onMessage(69)) - Close container Event triggered for container : #1
2021-08-23 23:20:34,534 [EventQueue-StaleNodeForStaleNodeHandler] INFO  node.StaleNodeHandler (StaleNodeHandler.java:onMessage(58)) - Datanode e06506bb-c7c9-4174-8cff-a1658cd313af{ip: 10.1.0.66, host: fv-az116-235.vzw04321ajxubdbcnpick5nqva.xx.internal.cloudapp.net, ports: [REPLICATION=36805, RATIS=35525, RATIS_ADMIN=35525, RATIS_SERVER=35525, STANDALONE=32849], networkLocation: /default-rack, certSerialId: null, persistedOpState: IN_SERVICE, persistedOpStateExpiryEpochSec: 0} moved to stale state. Finalizing its pipelines [PipelineID=2967b3e5-5ca8-462d-a44c-38af53de6b9a, PipelineID=cca89311-bd88-471a-8fe5-95f9150ac8b5]
2021-08-23 23:20:34,535 [EventQueue-StaleNodeForStaleNodeHandler] INFO  pipeline.PipelineManagerImpl (PipelineManagerImpl.java:closePipeline(343)) - Pipeline Pipeline[ Id: 2967b3e5-5ca8-462d-a44c-38af53de6b9a, Nodes: e06506bb-c7c9-4174-8cff-a1658cd313af{ip: 10.1.0.66, host: fv-az116-235.vzw04321ajxubdbcnpick5nqva.xx.internal.cloudapp.net, ports: [REPLICATION=36805, RATIS=35525, RATIS_ADMIN=35525, RATIS_SERVER=35525, STANDALONE=32849], networkLocation: /default-rack, certSerialId: null, persistedOpState: IN_SERVICE, persistedOpStateExpiryEpochSec: 0}, ReplicationConfig: RATIS/ONE, State:OPEN, leaderId:e06506bb-c7c9-4174-8cff-a1658cd313af, CreationTimestamp2021-08-23T23:19:39.842Z[Etc/UTC]] moved to CLOSED state
2021-08-23 23:20:34,536 [EventQueue-StaleNodeForStaleNodeHandler] INFO  pipeline.PipelineManagerImpl (PipelineManagerImpl.java:closePipeline(343)) - Pipeline Pipeline[ Id: cca89311-bd88-471a-8fe5-95f9150ac8b5, Nodes: d8835383-dea3-45d4-b6e3-f656da7478fb{ip: 10.1.0.66, host: fv-az116-235.vzw04321ajxubdbcnpick5nqva.xx.internal.cloudapp.net, ports: [REPLICATION=38707, RATIS=44819, RATIS_ADMIN=44819, RATIS_SERVER=44819, STANDALONE=45585], networkLocation: /default-rack, certSerialId: null, persistedOpState: IN_SERVICE, persistedOpStateExpiryEpochSec: 0}e06506bb-c7c9-4174-8cff-a1658cd313af{ip: 10.1.0.66, host: fv-az116-235.vzw04321ajxubdbcnpick5nqva.xx.internal.cloudapp.net, ports: [REPLICATION=36805, RATIS=35525, RATIS_ADMIN=35525, RATIS_SERVER=35525, STANDALONE=32849], networkLocation: /default-rack, certSerialId: null, persistedOpState: IN_SERVICE, persistedOpStateExpiryEpochSec: 0}bf8c8c9e-9c71-482e-9792-8d809f4c5fef{ip: 10.1.0.66, host: fv-az116-235.vzw04321ajxubdbcnpick5nqva.xx.internal.cloudapp.net, ports: [REPLICATION=35449, RATIS=33119, RATIS_ADMIN=33119, RATIS_SERVER=33119, STANDALONE=37397], networkLocation: /default-rack, certSerialId: null, persistedOpState: IN_SERVICE, persistedOpStateExpiryEpochSec: 0}, ReplicationConfig: RATIS/THREE, State:OPEN, leaderId:d8835383-dea3-45d4-b6e3-f656da7478fb, CreationTimestamp2021-08-23T23:19:39.845Z[Etc/UTC]] moved to CLOSED state
2021-08-23 23:20:34,536 [EventQueue-CloseContainerForCloseContainerEventHandler] INFO  container.CloseContainerEventHandler (CloseContainerEventHandler.java:onMessage(69)) - Close container Event triggered for container : #2
2021-08-23 23:20:34,678 [grpc-default-executor-0] WARN  server.GrpcLogAppender (LogUtils.java:warn(122)) - e0c56fbf-58af-4909-99ad-16a71beee03d@group-7CDFDB31BB52->094f6f25-50f7-4e1e-949d-13da2b12d5a4-AppendLogResponseHandler: Failed appendEntries: org.apache.ratis.thirdparty.io.grpc.StatusRuntimeException: UNAVAILABLE: io exception
2021-08-23 23:20:34,679 [grpc-default-executor-0] WARN  server.GrpcLogAppender (GrpcLogAppender.java:resetClient(111)) - e0c56fbf-58af-4909-99ad-16a71beee03d@group-7CDFDB31BB52->094f6f25-50f7-4e1e-949d-13da2b12d5a4-GrpcLogAppender: Leader has not got in touch with Follower e0c56fbf-58af-4909-99ad-16a71beee03d@group-7CDFDB31BB52->094f6f25-50f7-4e1e-949d-13da2b12d5a4(c-1,m0,n3, attendVote=true, lastRpcSendTime=2501, lastRpcResponseTime=10315) yet, just keep nextIndex unchanged and retry.
2021-08-23 23:20:36,497 [grpc-default-executor-0] WARN  server.GrpcLogAppender (LogUtils.java:warn(122)) - e0c56fbf-58af-4909-99ad-16a71beee03d@group-7CDFDB31BB52->0dd4e32c-0382-462c-9ace-22051620c5de-AppendLogResponseHandler: Failed appendEntries: org.apache.ratis.thirdparty.io.grpc.StatusRuntimeException: UNAVAILABLE: io exception
2021-08-23 23:20:36,498 [grpc-default-executor-0] INFO  leader.FollowerInfo (FollowerInfoImpl.java:lambda$new$0(46)) - e0c56fbf-58af-4909-99ad-16a71beee03d@group-7CDFDB31BB52->0dd4e32c-0382-462c-9ace-22051620c5de: nextIndex: updateUnconditionally 3 -> 2
2021-08-23 23:20:37,014 [Listener at 127.0.0.1/36523] INFO  statemachine.DatanodeStateMachine (DatanodeStateMachine.java:stopDaemon(515)) - Ozone container server stopped.
2021-08-23 23:20:37,015 [Listener at 127.0.0.1/36523] INFO  handler.ContextHandler (ContextHandler.java:doStop(1153)) - Stopped o.e.j.w.WebAppContext@66c8c875{hddsDatanode,/,null,STOPPED}{jar:file:/home/runner/.m2/repository/org/apache/ozone/hdds-container-service/1.2.0-SNAPSHOT/hdds-container-service-1.2.0-SNAPSHOT.jar!/webapps/hddsDatanode}
2021-08-23 23:20:37,016 [Listener at 127.0.0.1/36523] INFO  server.AbstractConnector (AbstractConnector.java:doStop(381)) - Stopped ServerConnector@5620fac7{HTTP/1.1, (http/1.1)}{0.0.0.0:0}
2021-08-23 23:20:37,016 [Listener at 127.0.0.1/36523] INFO  server.session (HouseKeeper.java:stopScavenging(149)) - node0 Stopped scavenging
2021-08-23 23:20:37,020 [Listener at 127.0.0.1/36523] INFO  handler.ContextHandler (ContextHandler.java:doStop(1153)) - Stopped o.e.j.s.ServletContextHandler@fbd0581{static,/static,jar:file:/home/runner/.m2/repository/org/apache/ozone/hdds-container-service/1.2.0-SNAPSHOT/hdds-container-service-1.2.0-SNAPSHOT.jar!/webapps/static,STOPPED}
2021-08-23 23:20:37,020 [Listener at 127.0.0.1/36523] INFO  handler.ContextHandler (ContextHandler.java:doStop(1153)) - Stopped o.e.j.s.ServletContextHandler@9c44b{logs,/logs,file:///home/runner/work/ozone/ozone/hadoop-ozone/integration-test/target/log,STOPPED}
2021-08-23 23:20:37,049 [ForkJoinPool.commonPool-worker-0] INFO  statemachine.DatanodeStateMachine (DatanodeStateMachine.java:stopDaemon(515)) - Ozone container server stopped.
2021-08-23 23:20:37,057 [ForkJoinPool.commonPool-worker-0] INFO  handler.ContextHandler (ContextHandler.java:doStop(1153)) - Stopped o.e.j.w.WebAppContext@2c0e0ab9{hddsDatanode,/,null,STOPPED}{jar:file:/home/runner/.m2/repository/org/apache/ozone/hdds-container-service/1.2.0-SNAPSHOT/hdds-container-service-1.2.0-SNAPSHOT.jar!/webapps/hddsDatanode}
2021-08-23 23:20:37,070 [ForkJoinPool.commonPool-worker-0] INFO  server.AbstractConnector (AbstractConnector.java:doStop(381)) - Stopped ServerConnector@38388db2{HTTP/1.1, (http/1.1)}{0.0.0.0:0}
2021-08-23 23:20:37,070 [ForkJoinPool.commonPool-worker-0] INFO  server.session (HouseKeeper.java:stopScavenging(149)) - node0 Stopped scavenging
2021-08-23 23:20:37,081 [ForkJoinPool.commonPool-worker-0] INFO  handler.ContextHandler (ContextHandler.java:doStop(1153)) - Stopped o.e.j.s.ServletContextHandler@69b96cd{static,/static,jar:file:/home/runner/.m2/repository/org/apache/ozone/hdds-container-service/1.2.0-SNAPSHOT/hdds-container-service-1.2.0-SNAPSHOT.jar!/webapps/static,STOPPED}
2021-08-23 23:20:37,081 [ForkJoinPool.commonPool-worker-0] INFO  handler.ContextHandler (ContextHandler.java:doStop(1153)) - Stopped o.e.j.s.ServletContextHandler@14922268{logs,/logs,file:///home/runner/work/ozone/ozone/hadoop-ozone/integration-test/target/log,STOPPED}
2021-08-23 23:20:37,180 [grpc-default-executor-0] WARN  server.GrpcLogAppender (LogUtils.java:warn(122)) - e0c56fbf-58af-4909-99ad-16a71beee03d@group-7CDFDB31BB52->094f6f25-50f7-4e1e-949d-13da2b12d5a4-AppendLogResponseHandler: Failed appendEntries: org.apache.ratis.thirdparty.io.grpc.StatusRuntimeException: UNAVAILABLE: io exception
2021-08-23 23:20:37,185 [grpc-default-executor-0] WARN  server.GrpcLogAppender (GrpcLogAppender.java:resetClient(111)) - e0c56fbf-58af-4909-99ad-16a71beee03d@group-7CDFDB31BB52->094f6f25-50f7-4e1e-949d-13da2b12d5a4-GrpcLogAppender: Leader has not got in touch with Follower e0c56fbf-58af-4909-99ad-16a71beee03d@group-7CDFDB31BB52->094f6f25-50f7-4e1e-949d-13da2b12d5a4(c-1,m0,n3, attendVote=true, lastRpcSendTime=0, lastRpcResponseTime=12821) yet, just keep nextIndex unchanged and retry.
2021-08-23 23:20:37,585 [Datanode State Machine Thread - 0] INFO  statemachine.DatanodeStateMachine (DatanodeStateMachine.java:lambda$startDaemon$0(457)) - Ozone container server started.
2021-08-23 23:20:38,998 [grpc-default-executor-0] WARN  server.GrpcLogAppender (LogUtils.java:warn(122)) - e0c56fbf-58af-4909-99ad-16a71beee03d@group-7CDFDB31BB52->0dd4e32c-0382-462c-9ace-22051620c5de-AppendLogResponseHandler: Failed appendEntries: org.apache.ratis.thirdparty.io.grpc.StatusRuntimeException: UNAVAILABLE: io exception
2021-08-23 23:20:38,999 [grpc-default-executor-0] INFO  leader.FollowerInfo (FollowerInfoImpl.java:lambda$new$0(46)) - e0c56fbf-58af-4909-99ad-16a71beee03d@group-7CDFDB31BB52->0dd4e32c-0382-462c-9ace-22051620c5de: nextIndex: updateUnconditionally 3 -> 2
2021-08-23 23:20:39,685 [grpc-default-executor-0] WARN  server.GrpcLogAppender (LogUtils.java:warn(122)) - e0c56fbf-58af-4909-99ad-16a71beee03d@group-7CDFDB31BB52->094f6f25-50f7-4e1e-949d-13da2b12d5a4-AppendLogResponseHandler: Failed appendEntries: org.apache.ratis.thirdparty.io.grpc.StatusRuntimeException: UNAVAILABLE: io exception
2021-08-23 23:20:39,686 [grpc-default-executor-0] WARN  server.GrpcLogAppender (GrpcLogAppender.java:resetClient(111)) - e0c56fbf-58af-4909-99ad-16a71beee03d@group-7CDFDB31BB52->094f6f25-50f7-4e1e-949d-13da2b12d5a4-GrpcLogAppender: Leader has not got in touch with Follower e0c56fbf-58af-4909-99ad-16a71beee03d@group-7CDFDB31BB52->094f6f25-50f7-4e1e-949d-13da2b12d5a4(c-1,m0,n3, attendVote=true, lastRpcSendTime=0, lastRpcResponseTime=15322) yet, just keep nextIndex unchanged and retry.
2021-08-23 23:20:40,102 [e0c56fbf-58af-4909-99ad-16a71beee03d@group-7CDFDB31BB52-LeaderStateImpl] WARN  server.RaftServer$Division (LeaderStateImpl.java:checkLeadership(944)) - e0c56fbf-58af-4909-99ad-16a71beee03d@group-7CDFDB31BB52-LeaderStateImpl: Lost leadership on term: 3. Election timeout: 5200ms. In charge for: 10539ms. Conf: 1: [094f6f25-50f7-4e1e-949d-13da2b12d5a4|rpc:10.1.0.66:44115|dataStream:|priority:1, e0c56fbf-58af-4909-99ad-16a71beee03d|rpc:10.1.0.66:46767|dataStream:|priority:0, 0dd4e32c-0382-462c-9ace-22051620c5de|rpc:10.1.0.66:38797|dataStream:|priority:0], old=null
2021-08-23 23:20:40,102 [e0c56fbf-58af-4909-99ad-16a71beee03d@group-7CDFDB31BB52-LeaderStateImpl] WARN  server.RaftServer$Division (LeaderStateImpl.java:lambda$checkLeadership$15(948)) - Follower e0c56fbf-58af-4909-99ad-16a71beee03d@group-7CDFDB31BB52->094f6f25-50f7-4e1e-949d-13da2b12d5a4(c-1,m0,n3, attendVote=true, lastRpcSendTime=417, lastRpcResponseTime=15738)
2021-08-23 23:20:40,102 [e0c56fbf-58af-4909-99ad-16a71beee03d@group-7CDFDB31BB52-LeaderStateImpl] WARN  server.RaftServer$Division (LeaderStateImpl.java:lambda$checkLeadership$15(948)) - Follower e0c56fbf-58af-4909-99ad-16a71beee03d@group-7CDFDB31BB52->0dd4e32c-0382-462c-9ace-22051620c5de(c2,m2,n2, attendVote=true, lastRpcSendTime=1103, lastRpcResponseTime=7902)
2021-08-23 23:20:40,102 [e0c56fbf-58af-4909-99ad-16a71beee03d@group-7CDFDB31BB52-LeaderStateImpl] INFO  server.RaftServer$Division (RaftServerImpl.java:setRole(285)) - e0c56fbf-58af-4909-99ad-16a71beee03d@group-7CDFDB31BB52: changes role from    LEADER to FOLLOWER at term 3 for StepDownReason:LOST_MAJORITY_HEARTBEATS
2021-08-23 23:20:40,102 [e0c56fbf-58af-4909-99ad-16a71beee03d@group-7CDFDB31BB52-LeaderStateImpl] INFO  impl.RoleInfo (RoleInfo.java:shutdownLeaderState(91)) - e0c56fbf-58af-4909-99ad-16a71beee03d: shutdown e0c56fbf-58af-4909-99ad-16a71beee03d@group-7CDFDB31BB52-LeaderStateImpl
2021-08-23 23:20:40,102 [e0c56fbf-58af-4909-99ad-16a71beee03d@group-7CDFDB31BB52-LeaderStateImpl] INFO  impl.PendingRequests (PendingRequests.java:sendNotLeaderResponses(282)) - e0c56fbf-58af-4909-99ad-16a71beee03d@group-7CDFDB31BB52-PendingRequests: sendNotLeaderResponses
2021-08-23 23:20:40,103 [e0c56fbf-58af-4909-99ad-16a71beee03d@group-7CDFDB31BB52->0dd4e32c-0382-462c-9ace-22051620c5de-GrpcLogAppender-LogAppenderDaemon] WARN  server.GrpcLogAppender (GrpcLogAppender.java:mayWait(175)) - e0c56fbf-58af-4909-99ad-16a71beee03d@group-7CDFDB31BB52->0dd4e32c-0382-462c-9ace-22051620c5de-GrpcLogAppender: Wait interrupted by java.lang.InterruptedException
2021-08-23 23:20:40,114 [e0c56fbf-58af-4909-99ad-16a71beee03d@group-7CDFDB31BB52-LeaderStateImpl] INFO  impl.RoleInfo (RoleInfo.java:updateAndGet(130)) - e0c56fbf-58af-4909-99ad-16a71beee03d: start e0c56fbf-58af-4909-99ad-16a71beee03d@group-7CDFDB31BB52-FollowerState
2021-08-23 23:20:42,033 [Listener at 127.0.0.1/36523] INFO  ozoneimpl.OzoneContainer (OzoneContainer.java:stop(326)) - Attempting to stop container services.
2021-08-23 23:20:42,034 [Listener at 127.0.0.1/36523] INFO  server.RaftServer (RaftServerProxy.java:lambda$close$6(391)) - e0c56fbf-58af-4909-99ad-16a71beee03d: close
2021-08-23 23:20:42,045 [Listener at 127.0.0.1/36523] INFO  server.RaftServer$Division (RaftServerImpl.java:lambda$close$4(407)) - e0c56fbf-58af-4909-99ad-16a71beee03d@group-7CDFDB31BB52: shutdown
2021-08-23 23:20:42,045 [Listener at 127.0.0.1/36523] INFO  util.JmxRegister (JmxRegister.java:unregister(73)) - Successfully un-registered JMX Bean with object name Ratis:service=RaftServer,group=group-7CDFDB31BB52,id=e0c56fbf-58af-4909-99ad-16a71beee03d
2021-08-23 23:20:42,045 [Listener at 127.0.0.1/36523] INFO  impl.RoleInfo (RoleInfo.java:shutdownFollowerState(108)) - e0c56fbf-58af-4909-99ad-16a71beee03d: shutdown e0c56fbf-58af-4909-99ad-16a71beee03d@group-7CDFDB31BB52-FollowerState
2021-08-23 23:20:42,045 [Listener at 127.0.0.1/36523] INFO  impl.StateMachineUpdater (StateMachineUpdater.java:stopAndJoin(149)) - e0c56fbf-58af-4909-99ad-16a71beee03d@group-7CDFDB31BB52-StateMachineUpdater: set stopIndex = 2
2021-08-23 23:20:42,046 [e0c56fbf-58af-4909-99ad-16a71beee03d@group-7CDFDB31BB52-FollowerState] INFO  impl.FollowerState (FollowerState.java:run(143)) - e0c56fbf-58af-4909-99ad-16a71beee03d@group-7CDFDB31BB52-FollowerState was interrupted: {}
java.lang.InterruptedException: sleep interrupted
	at java.lang.Thread.sleep(Native Method)
	at java.lang.Thread.sleep(Thread.java:340)
	at java.util.concurrent.TimeUnit.sleep(TimeUnit.java:386)
	at org.apache.ratis.util.TimeDuration.sleep(TimeDuration.java:324)
	at org.apache.ratis.util.TimeDuration.sleep(TimeDuration.java:309)
	at org.apache.ratis.server.impl.FollowerState.run(FollowerState.java:118)
2021-08-23 23:20:42,046 [ForkJoinPool.commonPool-worker-1] INFO  server.RaftServer$Division (RaftServerImpl.java:lambda$close$4(407)) - e0c56fbf-58af-4909-99ad-16a71beee03d@group-EEC6380267FB: shutdown
2021-08-23 23:20:42,046 [ForkJoinPool.commonPool-worker-1] INFO  util.JmxRegister (JmxRegister.java:unregister(73)) - Successfully un-registered JMX Bean with object name Ratis:service=RaftServer,group=group-EEC6380267FB,id=e0c56fbf-58af-4909-99ad-16a71beee03d
2021-08-23 23:20:42,052 [ForkJoinPool.commonPool-worker-1] INFO  impl.RoleInfo (RoleInfo.java:shutdownLeaderState(91)) - e0c56fbf-58af-4909-99ad-16a71beee03d: shutdown e0c56fbf-58af-4909-99ad-16a71beee03d@group-EEC6380267FB-LeaderStateImpl
2021-08-23 23:20:42,052 [ForkJoinPool.commonPool-worker-1] INFO  impl.PendingRequests (PendingRequests.java:sendNotLeaderResponses(282)) - e0c56fbf-58af-4909-99ad-16a71beee03d@group-EEC6380267FB-PendingRequests: sendNotLeaderResponses
2021-08-23 23:20:42,052 [e0c56fbf-58af-4909-99ad-16a71beee03d@group-7CDFDB31BB52-StateMachineUpdater] INFO  ratis.ContainerStateMachine (ContainerStateMachine.java:takeSnapshot(293)) - group-7CDFDB31BB52: Taking a snapshot at:(t:3, i:2) file /home/runner/work/ozone/ozone/hadoop-ozone/integration-test/target/test-dir/MiniOzoneClusterImpl-994ab01d-a5c0-4516-a51a-b70458bd9cc3/datanode-6/data/ratis/1311ac67-94a8-441d-b18b-7cdfdb31bb52/sm/snapshot.3_2
2021-08-23 23:20:42,053 [ForkJoinPool.commonPool-worker-1] INFO  impl.StateMachineUpdater (StateMachineUpdater.java:stopAndJoin(149)) - e0c56fbf-58af-4909-99ad-16a71beee03d@group-EEC6380267FB-StateMachineUpdater: set stopIndex = 0
2021-08-23 23:20:42,053 [e0c56fbf-58af-4909-99ad-16a71beee03d@group-EEC6380267FB-StateMachineUpdater] INFO  ratis.ContainerStateMachine (ContainerStateMachine.java:takeSnapshot(293)) - group-EEC6380267FB: Taking a snapshot at:(t:1, i:0) file /home/runner/work/ozone/ozone/hadoop-ozone/integration-test/target/test-dir/MiniOzoneClusterImpl-994ab01d-a5c0-4516-a51a-b70458bd9cc3/datanode-6/data/ratis/9e185a9f-897c-4eb6-ab8b-eec6380267fb/sm/snapshot.1_0
2021-08-23 23:20:42,055 [e0c56fbf-58af-4909-99ad-16a71beee03d@group-7CDFDB31BB52-StateMachineUpdater] INFO  ratis.ContainerStateMachine (ContainerStateMachine.java:takeSnapshot(304)) - group-7CDFDB31BB52: Finished taking a snapshot at:(t:3, i:2) file:/home/runner/work/ozone/ozone/hadoop-ozone/integration-test/target/test-dir/MiniOzoneClusterImpl-994ab01d-a5c0-4516-a51a-b70458bd9cc3/datanode-6/data/ratis/1311ac67-94a8-441d-b18b-7cdfdb31bb52/sm/snapshot.3_2 took: 3 ms
2021-08-23 23:20:42,055 [e0c56fbf-58af-4909-99ad-16a71beee03d@group-7CDFDB31BB52-StateMachineUpdater] INFO  impl.StateMachineUpdater (StateMachineUpdater.java:takeSnapshot(281)) - e0c56fbf-58af-4909-99ad-16a71beee03d@group-7CDFDB31BB52-StateMachineUpdater: Took a snapshot at index 2
2021-08-23 23:20:42,056 [e0c56fbf-58af-4909-99ad-16a71beee03d@group-7CDFDB31BB52-StateMachineUpdater] INFO  impl.StateMachineUpdater (StateMachineUpdater.java:lambda$new$0(89)) - e0c56fbf-58af-4909-99ad-16a71beee03d@group-7CDFDB31BB52-StateMachineUpdater: snapshotIndex: updateIncreasingly -1 -> 2
2021-08-23 23:20:42,056 [Listener at 127.0.0.1/36523] INFO  server.RaftServer$Division (ServerState.java:close(419)) - e0c56fbf-58af-4909-99ad-16a71beee03d@group-7CDFDB31BB52: closes. applyIndex: 2
2021-08-23 23:20:42,056 [e0c56fbf-58af-4909-99ad-16a71beee03d@group-7CDFDB31BB52-SegmentedRaftLogWorker] INFO  segmented.SegmentedRaftLogWorker (SegmentedRaftLogWorker.java:run(327)) - e0c56fbf-58af-4909-99ad-16a71beee03d@group-7CDFDB31BB52-SegmentedRaftLogWorker was interrupted, exiting. There are 0 tasks remaining in the queue.
2021-08-23 23:20:42,055 [e0c56fbf-58af-4909-99ad-16a71beee03d@group-EEC6380267FB-StateMachineUpdater] INFO  ratis.ContainerStateMachine (ContainerStateMachine.java:takeSnapshot(304)) - group-EEC6380267FB: Finished taking a snapshot at:(t:1, i:0) file:/home/runner/work/ozone/ozone/hadoop-ozone/integration-test/target/test-dir/MiniOzoneClusterImpl-994ab01d-a5c0-4516-a51a-b70458bd9cc3/datanode-6/data/ratis/9e185a9f-897c-4eb6-ab8b-eec6380267fb/sm/snapshot.1_0 took: 2 ms
2021-08-23 23:20:42,063 [e0c56fbf-58af-4909-99ad-16a71beee03d@group-EEC6380267FB-StateMachineUpdater] INFO  impl.StateMachineUpdater (StateMachineUpdater.java:takeSnapshot(281)) - e0c56fbf-58af-4909-99ad-16a71beee03d@group-EEC6380267FB-StateMachineUpdater: Took a snapshot at index 0
2021-08-23 23:20:42,063 [e0c56fbf-58af-4909-99ad-16a71beee03d@group-EEC6380267FB-StateMachineUpdater] INFO  impl.StateMachineUpdater (StateMachineUpdater.java:lambda$new$0(89)) - e0c56fbf-58af-4909-99ad-16a71beee03d@group-EEC6380267FB-StateMachineUpdater: snapshotIndex: updateIncreasingly -1 -> 0
2021-08-23 23:20:42,057 [Listener at 127.0.0.1/36523] INFO  segmented.SegmentedRaftLogWorker (SegmentedRaftLogWorker.java:close(237)) - e0c56fbf-58af-4909-99ad-16a71beee03d@group-7CDFDB31BB52-SegmentedRaftLogWorker close()
2021-08-23 23:20:42,067 [ForkJoinPool.commonPool-worker-1] INFO  server.RaftServer$Division (ServerState.java:close(419)) - e0c56fbf-58af-4909-99ad-16a71beee03d@group-EEC6380267FB: closes. applyIndex: 0
2021-08-23 23:20:42,083 [e0c56fbf-58af-4909-99ad-16a71beee03d@group-EEC6380267FB-SegmentedRaftLogWorker] INFO  segmented.SegmentedRaftLogWorker (SegmentedRaftLogWorker.java:run(327)) - e0c56fbf-58af-4909-99ad-16a71beee03d@group-EEC6380267FB-SegmentedRaftLogWorker was interrupted, exiting. There are 0 tasks remaining in the queue.
2021-08-23 23:20:42,083 [ForkJoinPool.commonPool-worker-1] INFO  segmented.SegmentedRaftLogWorker (SegmentedRaftLogWorker.java:close(237)) - e0c56fbf-58af-4909-99ad-16a71beee03d@group-EEC6380267FB-SegmentedRaftLogWorker close()
2021-08-23 23:20:42,084 [Listener at 127.0.0.1/36523] INFO  server.GrpcService (GrpcService.java:closeImpl(262)) - e0c56fbf-58af-4909-99ad-16a71beee03d: shutdown server with port 46767 now
2021-08-23 23:20:42,118 [Listener at 127.0.0.1/36523] INFO  server.GrpcService (GrpcService.java:closeImpl(271)) - e0c56fbf-58af-4909-99ad-16a71beee03d: shutdown server with port 46767 successfully
2021-08-23 23:20:42,118 [org.apache.ratis.util.JvmPauseMonitor$$Lambda$531/1878099363@34cd7ddc] INFO  util.JvmPauseMonitor (JvmPauseMonitor.java:run(109)) - JvmPauseMonitor-e0c56fbf-58af-4909-99ad-16a71beee03d: Stopped
2021-08-23 23:20:42,124 [Listener at 127.0.0.1/36523] INFO  utils.BackgroundService (BackgroundService.java:shutdown(132)) - Shutting down service BlockDeletingService
2021-08-23 23:20:42,479 [EventQueue-StaleNodeForStaleNodeHandler] INFO  node.StaleNodeHandler (StaleNodeHandler.java:onMessage(58)) - Datanode 3238dd0b-ba1a-45d4-9446-116bc825e875{ip: 10.1.0.66, host: fv-az116-235.vzw04321ajxubdbcnpick5nqva.xx.internal.cloudapp.net, ports: [REPLICATION=36049, RATIS=42759, RATIS_ADMIN=42759, RATIS_SERVER=42759, STANDALONE=41295], networkLocation: /default-rack, certSerialId: null, persistedOpState: IN_SERVICE, persistedOpStateExpiryEpochSec: 0} moved to stale state. Finalizing its pipelines [PipelineID=e136d1d0-d591-4cb2-84c9-cf7d474dfdfa, PipelineID=70b016ad-9b8b-4c06-83dc-f556ef88cae5]
2021-08-23 23:20:42,480 [EventQueue-StaleNodeForStaleNodeHandler] INFO  pipeline.PipelineManagerImpl (PipelineManagerImpl.java:closePipeline(343)) - Pipeline Pipeline[ Id: 70b016ad-9b8b-4c06-83dc-f556ef88cae5, Nodes: 3238dd0b-ba1a-45d4-9446-116bc825e875{ip: 10.1.0.66, host: fv-az116-235.vzw04321ajxubdbcnpick5nqva.xx.internal.cloudapp.net, ports: [REPLICATION=36049, RATIS=42759, RATIS_ADMIN=42759, RATIS_SERVER=42759, STANDALONE=41295], networkLocation: /default-rack, certSerialId: null, persistedOpState: IN_SERVICE, persistedOpStateExpiryEpochSec: 0}, ReplicationConfig: RATIS/ONE, State:OPEN, leaderId:3238dd0b-ba1a-45d4-9446-116bc825e875, CreationTimestamp2021-08-23T23:19:39.987Z[Etc/UTC]] moved to CLOSED state
2021-08-23 23:20:42,580 [EventQueue-StaleNodeForStaleNodeHandler] INFO  node.StaleNodeHandler (StaleNodeHandler.java:onMessage(58)) - Datanode 7fc41cb1-4817-42a7-9d7d-8c23a540b464{ip: 10.1.0.66, host: fv-az116-235.vzw04321ajxubdbcnpick5nqva.xx.internal.cloudapp.net, ports: [REPLICATION=42047, RATIS=44581, RATIS_ADMIN=44581, RATIS_SERVER=44581, STANDALONE=44473], networkLocation: /default-rack, certSerialId: null, persistedOpState: IN_SERVICE, persistedOpStateExpiryEpochSec: 0} moved to stale state. Finalizing its pipelines [PipelineID=e136d1d0-d591-4cb2-84c9-cf7d474dfdfa, PipelineID=6b593820-bbbd-48cf-8355-8db7c7bc1b9a]
2021-08-23 23:20:42,581 [EventQueue-StaleNodeForStaleNodeHandler] INFO  pipeline.PipelineManagerImpl (PipelineManagerImpl.java:closePipeline(343)) - Pipeline Pipeline[ Id: 6b593820-bbbd-48cf-8355-8db7c7bc1b9a, Nodes: 7fc41cb1-4817-42a7-9d7d-8c23a540b464{ip: 10.1.0.66, host: fv-az116-235.vzw04321ajxubdbcnpick5nqva.xx.internal.cloudapp.net, ports: [REPLICATION=42047, RATIS=44581, RATIS_ADMIN=44581, RATIS_SERVER=44581, STANDALONE=44473], networkLocation: /default-rack, certSerialId: null, persistedOpState: IN_SERVICE, persistedOpStateExpiryEpochSec: 0}, ReplicationConfig: RATIS/ONE, State:OPEN, leaderId:7fc41cb1-4817-42a7-9d7d-8c23a540b464, CreationTimestamp2021-08-23T23:19:40.401Z[Etc/UTC]] moved to CLOSED state
2021-08-23 23:20:45,137 [Listener at 127.0.0.1/36523] INFO  statemachine.DatanodeStateMachine (DatanodeStateMachine.java:stopDaemon(515)) - Ozone container server stopped.
2021-08-23 23:20:45,138 [Listener at 127.0.0.1/36523] INFO  handler.ContextHandler (ContextHandler.java:doStop(1153)) - Stopped o.e.j.w.WebAppContext@5ea47cee{hddsDatanode,/,null,STOPPED}{jar:file:/home/runner/.m2/repository/org/apache/ozone/hdds-container-service/1.2.0-SNAPSHOT/hdds-container-service-1.2.0-SNAPSHOT.jar!/webapps/hddsDatanode}
2021-08-23 23:20:45,139 [Listener at 127.0.0.1/36523] INFO  server.AbstractConnector (AbstractConnector.java:doStop(381)) - Stopped ServerConnector@4b3dea9a{HTTP/1.1, (http/1.1)}{0.0.0.0:0}
2021-08-23 23:20:45,140 [Listener at 127.0.0.1/36523] INFO  server.session (HouseKeeper.java:stopScavenging(149)) - node0 Stopped scavenging
2021-08-23 23:20:45,140 [Listener at 127.0.0.1/36523] INFO  handler.ContextHandler (ContextHandler.java:doStop(1153)) - Stopped o.e.j.s.ServletContextHandler@56c763{static,/static,jar:file:/home/runner/.m2/repository/org/apache/ozone/hdds-container-service/1.2.0-SNAPSHOT/hdds-container-service-1.2.0-SNAPSHOT.jar!/webapps/static,STOPPED}
2021-08-23 23:20:45,140 [Listener at 127.0.0.1/36523] INFO  handler.ContextHandler (ContextHandler.java:doStop(1153)) - Stopped o.e.j.s.ServletContextHandler@7e6f9868{logs,/logs,file:///home/runner/work/ozone/ozone/hadoop-ozone/integration-test/target/log,STOPPED}
2021-08-23 23:20:45,142 [Listener at 127.0.0.1/36523] INFO  ozone.MiniOzoneClusterImpl (MiniOzoneClusterImpl.java:stopSCM(542)) - Stopping the StorageContainerManager
2021-08-23 23:20:45,142 [Listener at 127.0.0.1/36523] INFO  server.StorageContainerManager (StorageContainerManager.java:stop(1349)) - Stopping Container Balancer service.
2021-08-23 23:20:45,142 [Listener at 127.0.0.1/36523] INFO  balancer.ContainerBalancer (ContainerBalancer.java:stop(721)) - Container Balancer is not running.
2021-08-23 23:20:45,142 [Listener at 127.0.0.1/36523] INFO  server.StorageContainerManager (StorageContainerManager.java:stop(1356)) - Stopping Replication Manager Service.
2021-08-23 23:20:45,143 [Listener at 127.0.0.1/36523] INFO  container.ReplicationManager (ReplicationManager.java:stop(338)) - Stopping Replication Monitor Thread.
2021-08-23 23:20:45,143 [Listener at 127.0.0.1/36523] INFO  server.StorageContainerManager (StorageContainerManager.java:stop(1363)) - Stopping the Datanode Admin Monitor.
2021-08-23 23:20:45,143 [Listener at 127.0.0.1/36523] INFO  server.StorageContainerManager (StorageContainerManager.java:stop(1370)) - Stopping Lease Manager of the command watchers
2021-08-23 23:20:45,143 [Listener at 127.0.0.1/36523] INFO  server.StorageContainerManager (StorageContainerManager.java:stop(1377)) - Stopping datanode service RPC server
2021-08-23 23:20:45,143 [Listener at 127.0.0.1/36523] INFO  server.SCMDatanodeProtocolServer (SCMDatanodeProtocolServer.java:stop(389)) - Stopping the RPC server for DataNodes
2021-08-23 23:20:45,144 [Listener at 127.0.0.1/36523] INFO  ipc.Server (Server.java:stop(3414)) - Stopping server on 46229
2021-08-23 23:20:45,157 [IPC Server listener on 0] INFO  ipc.Server (Server.java:run(1376)) - Stopping IPC Server listener on 0
2021-08-23 23:20:45,157 [IPC Server Responder] INFO  ipc.Server (Server.java:run(1512)) - Stopping IPC Server Responder
2021-08-23 23:20:45,189 [SCM Heartbeat Processing Thread - 0] WARN  node.NodeStateManager (NodeStateManager.java:scheduleNextHealthCheck(799)) - Current Thread is interrupted, shutting down HB processing thread for Node Manager.
2021-08-23 23:20:45,189 [Listener at 127.0.0.1/36523] INFO  server.StorageContainerManager (StorageContainerManager.java:stop(1385)) - Stopping block service RPC server
2021-08-23 23:20:45,189 [Listener at 127.0.0.1/36523] INFO  server.SCMBlockProtocolServer (SCMBlockProtocolServer.java:stop(160)) - Stopping the RPC server for Block Protocol
2021-08-23 23:20:45,189 [Listener at 127.0.0.1/36523] INFO  ipc.Server (Server.java:stop(3414)) - Stopping server on 40817
2021-08-23 23:20:45,191 [IPC Server Responder] INFO  ipc.Server (Server.java:run(1512)) - Stopping IPC Server Responder
2021-08-23 23:20:45,191 [Listener at 127.0.0.1/36523] INFO  server.StorageContainerManager (StorageContainerManager.java:stop(1392)) - Stopping the StorageContainerLocationProtocol RPC server
2021-08-23 23:20:45,191 [Listener at 127.0.0.1/36523] INFO  server.SCMClientProtocolServer (SCMClientProtocolServer.java:stop(173)) - Stopping the RPC server for Client Protocol
2021-08-23 23:20:45,192 [Listener at 127.0.0.1/36523] INFO  ipc.Server (Server.java:stop(3414)) - Stopping server on 46245
2021-08-23 23:20:45,193 [IPC Server listener on 0] INFO  ipc.Server (Server.java:run(1376)) - Stopping IPC Server listener on 0
2021-08-23 23:20:45,195 [Listener at 127.0.0.1/36523] INFO  server.StorageContainerManager (StorageContainerManager.java:stop(1399)) - Stopping Storage Container Manager HTTP server.
2021-08-23 23:20:45,196 [Listener at 127.0.0.1/36523] INFO  handler.ContextHandler (ContextHandler.java:doStop(1153)) - Stopped o.e.j.w.WebAppContext@4e933cf1{scm,/,null,STOPPED}{file:/home/runner/work/ozone/ozone/hadoop-ozone/integration-test/target/test-classes/webapps/scm}
2021-08-23 23:20:45,196 [IPC Server Responder] INFO  ipc.Server (Server.java:run(1512)) - Stopping IPC Server Responder
2021-08-23 23:20:45,196 [IPC Server listener on 0] INFO  ipc.Server (Server.java:run(1376)) - Stopping IPC Server listener on 0
2021-08-23 23:20:45,199 [Listener at 127.0.0.1/36523] INFO  server.AbstractConnector (AbstractConnector.java:doStop(381)) - Stopped ServerConnector@6d92e327{HTTP/1.1, (http/1.1)}{0.0.0.0:0}
2021-08-23 23:20:45,199 [Listener at 127.0.0.1/36523] INFO  server.session (HouseKeeper.java:stopScavenging(149)) - node0 Stopped scavenging
2021-08-23 23:20:45,200 [Listener at 127.0.0.1/36523] INFO  handler.ContextHandler (ContextHandler.java:doStop(1153)) - Stopped o.e.j.s.ServletContextHandler@24a7d3d3{static,/static,file:///home/runner/work/ozone/ozone/hadoop-ozone/integration-test/target/test-classes/webapps/static,STOPPED}
2021-08-23 23:20:45,200 [Listener at 127.0.0.1/36523] INFO  handler.ContextHandler (ContextHandler.java:doStop(1153)) - Stopped o.e.j.s.ServletContextHandler@699bb304{logs,/logs,file:///home/runner/work/ozone/ozone/hadoop-ozone/integration-test/target/log,STOPPED}
2021-08-23 23:20:45,201 [Listener at 127.0.0.1/36523] INFO  server.StorageContainerManager (StorageContainerManager.java:stop(1410)) - Stopping Block Manager Service.
2021-08-23 23:20:45,201 [Listener at 127.0.0.1/36523] INFO  utils.BackgroundService (BackgroundService.java:shutdown(132)) - Shutting down service SCMBlockDeletingService
2021-08-23 23:20:45,202 [Listener at 127.0.0.1/36523] INFO  utils.BackgroundService (BackgroundService.java:shutdown(132)) - Shutting down service SCMBlockDeletingService
2021-08-23 23:20:45,206 [Listener at 127.0.0.1/36523] INFO  server.StorageContainerManager (StorageContainerManager.java:stop(1437)) - Stopping SCM Event Queue.
2021-08-23 23:20:45,209 [Listener at 127.0.0.1/36523] INFO  server.StorageContainerManager (StorageContainerManager.java:stop(1448)) - Stopping SCM HA services.
2021-08-23 23:20:45,210 [Listener at 127.0.0.1/36523] INFO  pipeline.BackgroundPipelineCreator (BackgroundPipelineCreatorV2.java:stop(158)) - Stopping RatisPipelineUtilsThread.
2021-08-23 23:20:45,211 [Listener at 127.0.0.1/36523] INFO  server.StorageContainerManager (StorageContainerManager.java:stop(1458)) - Stopping SCM MetadataStore.
2021-08-23 23:20:45,212 [Listener at 127.0.0.1/36523] INFO  impl.MetricsSystemImpl (MetricsSystemImpl.java:stop(210)) - Stopping XceiverClientMetrics metrics system...
2021-08-23 23:20:45,233 [prometheus] INFO  impl.MetricsSinkAdapter (MetricsSinkAdapter.java:publishMetricsFromQueue(141)) - prometheus thread interrupted.
2021-08-23 23:20:45,233 [Listener at 127.0.0.1/36523] INFO  impl.MetricsSystemImpl (MetricsSystemImpl.java:stop(216)) - XceiverClientMetrics metrics system stopped.
]]></system-out>
  </testcase>
  <testcase name="testWatchForCommitForRetryfailure" classname="org.apache.hadoop.ozone.client.rpc.TestWatchForCommit" time="84.512"/>
  <testcase name="testWatchForCommitForGroupMismatchException" classname="org.apache.hadoop.ozone.client.rpc.TestWatchForCommit" time="59.413"/>
  <testcase name="test2WayCommitForTimeoutException" classname="org.apache.hadoop.ozone.client.rpc.TestWatchForCommit" time="61.987"/>
</testsuite>