<?xml version="1.0" encoding="UTF-8"?>
<testsuite xmlns:xsi="http://www.w3.org/2001/XMLSchema-instance" xsi:noNamespaceSchemaLocation="https://maven.apache.org/surefire/maven-surefire-plugin/xsd/surefire-test-report-3.0.xsd" version="3.0" name="org.apache.hadoop.hdds.scm.container.balancer.TestContainerBalancerTask" time="9.176" tests="24" errors="1" skipped="0" failures="0">
  <properties>
    <property name="awt.toolkit" value="sun.awt.X11.XToolkit"/>
    <property name="file.encoding.pkg" value="sun.io"/>
    <property name="java.specification.version" value="1.8"/>
    <property name="sun.cpu.isalist" value=""/>
    <property name="sun.jnu.encoding" value="UTF-8"/>
    <property name="java.class.path" value="/home/runner/work/ozone/ozone/hadoop-hdds/server-scm/target/test-classes:/home/runner/work/ozone/ozone/hadoop-hdds/server-scm/target/classes:/home/runner/work/ozone/ozone/hadoop-hdds/test-utils/target/classes:/home/runner/.m2/repository/com/google/guava/guava/32.0.0-jre/guava-32.0.0-jre.jar:/home/runner/.m2/repository/com/google/guava/failureaccess/1.0.1/failureaccess-1.0.1.jar:/home/runner/.m2/repository/com/google/guava/listenablefuture/9999.0-empty-to-avoid-conflict-with-guava/listenablefuture-9999.0-empty-to-avoid-conflict-with-guava.jar:/home/runner/.m2/repository/org/checkerframework/checker-qual/3.33.0/checker-qual-3.33.0.jar:/home/runner/.m2/repository/com/google/errorprone/error_prone_annotations/2.2.0/error_prone_annotations-2.2.0.jar:/home/runner/.m2/repository/com/google/j2objc/j2objc-annotations/2.8/j2objc-annotations-2.8.jar:/home/runner/.m2/repository/commons-io/commons-io/2.11.0/commons-io-2.11.0.jar:/home/runner/.m2/repository/commons-logging/commons-logging/1.2/commons-logging-1.2.jar:/home/runner/.m2/repository/ch/qos/reload4j/reload4j/1.2.22/reload4j-1.2.22.jar:/home/runner/.m2/repository/org/apache/commons/commons-lang3/3.7/commons-lang3-3.7.jar:/home/runner/.m2/repository/org/slf4j/slf4j-api/1.7.36/slf4j-api-1.7.36.jar:/home/runner/.m2/repository/org/apache/logging/log4j/log4j-api/2.17.1/log4j-api-2.17.1.jar:/home/runner/work/ozone/ozone/hadoop-hdds/common/target/classes:/home/runner/work/ozone/ozone/hadoop-hdds/hadoop-dependency-client/target/classes:/home/runner/.m2/repository/info/picocli/picocli/4.6.1/picocli-4.6.1.jar:/home/runner/.m2/repository/com/fasterxml/jackson/core/jackson-annotations/2.13.4/jackson-annotations-2.13.4.jar:/home/runner/.m2/repository/com/fasterxml/jackson/datatype/jackson-datatype-jsr310/2.13.4/jackson-datatype-jsr310-2.13.4.jar:/home/runner/.m2/repository/com/fasterxml/jackson/core/jackson-core/2.13.4/jackson-core-2.13.4.jar:/home/runner/work/ozone/ozone/hadoop-hdds/annotations/target/classes:/home/runner/work/ozone/ozone/hadoop-hdds/config/target/classes:/home/runner/.m2/repository/javax/annotation/javax.annotation-api/1.2/javax.annotation-api-1.2.jar:/home/runner/.m2/repository/org/apache/ratis/ratis-server/2.5.1/ratis-server-2.5.1.jar:/home/runner/.m2/repository/org/apache/ratis/ratis-thirdparty-misc/1.0.4/ratis-thirdparty-misc-1.0.4.jar:/home/runner/.m2/repository/org/apache/ratis/ratis-proto/2.5.1/ratis-proto-2.5.1.jar:/home/runner/.m2/repository/org/apache/ratis/ratis-common/2.5.1/ratis-common-2.5.1.jar:/home/runner/.m2/repository/org/apache/ratis/ratis-client/2.5.1/ratis-client-2.5.1.jar:/home/runner/.m2/repository/org/apache/ratis/ratis-server-api/2.5.1/ratis-server-api-2.5.1.jar:/home/runner/.m2/repository/org/apache/ratis/ratis-metrics/2.5.1/ratis-metrics-2.5.1.jar:/home/runner/.m2/repository/org/apache/ratis/ratis-netty/2.5.1/ratis-netty-2.5.1.jar:/home/runner/.m2/repository/org/apache/ratis/ratis-grpc/2.5.1/ratis-grpc-2.5.1.jar:/home/runner/.m2/repository/org/apache/commons/commons-pool2/2.6.0/commons-pool2-2.6.0.jar:/home/runner/.m2/repository/org/bouncycastle/bcpkix-jdk15on/1.67/bcpkix-jdk15on-1.67.jar:/home/runner/.m2/repository/commons-validator/commons-validator/1.6/commons-validator-1.6.jar:/home/runner/.m2/repository/commons-beanutils/commons-beanutils/1.9.4/commons-beanutils-1.9.4.jar:/home/runner/.m2/repository/commons-digester/commons-digester/1.8.1/commons-digester-1.8.1.jar:/home/runner/.m2/repository/commons-collections/commons-collections/3.2.2/commons-collections-3.2.2.jar:/home/runner/.m2/repository/io/jaegertracing/jaeger-client/1.6.0/jaeger-client-1.6.0.jar:/home/runner/.m2/repository/io/jaegertracing/jaeger-thrift/1.6.0/jaeger-thrift-1.6.0.jar:/home/runner/.m2/repository/org/apache/thrift/libthrift/0.14.1/libthrift-0.14.1.jar:/home/runner/.m2/repository/io/jaegertracing/jaeger-core/1.6.0/jaeger-core-1.6.0.jar:/home/runner/.m2/repository/io/jaegertracing/jaeger-tracerresolver/1.6.0/jaeger-tracerresolver-1.6.0.jar:/home/runner/.m2/repository/io/opentracing/contrib/opentracing-tracerresolver/0.1.8/opentracing-tracerresolver-0.1.8.jar:/home/runner/.m2/repository/org/jetbrains/kotlin/kotlin-stdlib/1.6.21/kotlin-stdlib-1.6.21.jar:/home/runner/.m2/repository/org/jetbrains/annotations/13.0/annotations-13.0.jar:/home/runner/.m2/repository/io/opentracing/opentracing-util/0.33.0/opentracing-util-0.33.0.jar:/home/runner/.m2/repository/io/opentracing/opentracing-api/0.33.0/opentracing-api-0.33.0.jar:/home/runner/.m2/repository/io/opentracing/opentracing-noop/0.33.0/opentracing-noop-0.33.0.jar:/home/runner/.m2/repository/org/yaml/snakeyaml/2.0/snakeyaml-2.0.jar:/home/runner/.m2/repository/org/reflections/reflections/0.9.11/reflections-0.9.11.jar:/home/runner/.m2/repository/org/javassist/javassist/3.21.0-GA/javassist-3.21.0-GA.jar:/home/runner/work/ozone/ozone/hadoop-hdds/interface-client/target/classes:/home/runner/.m2/repository/org/apache/hadoop/thirdparty/hadoop-shaded-protobuf_3_7/1.1.1/hadoop-shaded-protobuf_3_7-1.1.1.jar:/home/runner/work/ozone/ozone/hadoop-hdds/interface-admin/target/classes:/home/runner/.m2/repository/io/grpc/grpc-api/1.51.1/grpc-api-1.51.1.jar:/home/runner/.m2/repository/io/grpc/grpc-context/1.51.1/grpc-context-1.51.1.jar:/home/runner/work/ozone/ozone/hadoop-hdds/container-service/target/classes:/home/runner/.m2/repository/org/apache/commons/commons-compress/1.21/commons-compress-1.21.jar:/home/runner/.m2/repository/com/github/luben/zstd-jni/1.5.2-5/zstd-jni-1.5.2-5.jar:/home/runner/.m2/repository/commons-codec/commons-codec/1.15/commons-codec-1.15.jar:/home/runner/.m2/repository/javax/xml/bind/jaxb-api/2.3.0/jaxb-api-2.3.0.jar:/home/runner/.m2/repository/org/glassfish/jaxb/jaxb-runtime/2.3.0.1/jaxb-runtime-2.3.0.1.jar:/home/runner/.m2/repository/org/glassfish/jaxb/jaxb-core/2.3.0.1/jaxb-core-2.3.0.1.jar:/home/runner/.m2/repository/org/glassfish/jaxb/txw2/2.3.0.1/txw2-2.3.0.1.jar:/home/runner/.m2/repository/com/sun/istack/istack-commons-runtime/3.0.5/istack-commons-runtime-3.0.5.jar:/home/runner/.m2/repository/org/jvnet/staxex/stax-ex/1.7.8/stax-ex-1.7.8.jar:/home/runner/.m2/repository/com/sun/xml/fastinfoset/FastInfoset/1.2.13/FastInfoset-1.2.13.jar:/home/runner/.m2/repository/io/netty/netty-transport/4.1.94.Final/netty-transport-4.1.94.Final.jar:/home/runner/.m2/repository/io/netty/netty-common/4.1.94.Final/netty-common-4.1.94.Final.jar:/home/runner/.m2/repository/io/netty/netty-buffer/4.1.94.Final/netty-buffer-4.1.94.Final.jar:/home/runner/.m2/repository/io/netty/netty-resolver/4.1.94.Final/netty-resolver-4.1.94.Final.jar:/home/runner/.m2/repository/io/netty/netty-codec/4.1.94.Final/netty-codec-4.1.94.Final.jar:/home/runner/.m2/repository/io/netty/netty-handler/4.1.94.Final/netty-handler-4.1.94.Final.jar:/home/runner/.m2/repository/io/netty/netty-transport-native-unix-common/4.1.94.Final/netty-transport-native-unix-common-4.1.94.Final.jar:/home/runner/work/ozone/ozone/hadoop-hdds/client/target/classes:/home/runner/work/ozone/ozone/hadoop-hdds/erasurecode/target/classes:/home/runner/work/ozone/ozone/hadoop-hdds/hadoop-dependency-server/target/classes:/home/runner/.m2/repository/org/apache/hadoop/hadoop-annotations/3.3.6/hadoop-annotations-3.3.6.jar:/usr/lib/jvm/temurin-8-jdk-amd64/jre/../lib/tools.jar:/home/runner/.m2/repository/org/apache/hadoop/hadoop-common/3.3.6/hadoop-common-3.3.6.jar:/home/runner/.m2/repository/org/apache/hadoop/thirdparty/hadoop-shaded-guava/1.1.1/hadoop-shaded-guava-1.1.1.jar:/home/runner/.m2/repository/org/apache/httpcomponents/httpclient/4.5.13/httpclient-4.5.13.jar:/home/runner/.m2/repository/org/apache/httpcomponents/httpcore/4.4.13/httpcore-4.4.13.jar:/home/runner/.m2/repository/commons-net/commons-net/3.9.0/commons-net-3.9.0.jar:/home/runner/.m2/repository/javax/servlet/javax.servlet-api/3.1.0/javax.servlet-api-3.1.0.jar:/home/runner/.m2/repository/jakarta/activation/jakarta.activation-api/1.2.2/jakarta.activation-api-1.2.2.jar:/home/runner/.m2/repository/javax/servlet/jsp/jsp-api/2.1/jsp-api-2.1.jar:/home/runner/.m2/repository/com/sun/jersey/jersey-core/1.19/jersey-core-1.19.jar:/home/runner/.m2/repository/javax/ws/rs/jsr311-api/1.1.1/jsr311-api-1.1.1.jar:/home/runner/.m2/repository/com/sun/jersey/jersey-servlet/1.19/jersey-servlet-1.19.jar:/home/runner/.m2/repository/com/sun/jersey/jersey-server/1.19/jersey-server-1.19.jar:/home/runner/.m2/repository/com/google/re2j/re2j/1.1/re2j-1.1.jar:/home/runner/.m2/repository/com/google/code/gson/gson/2.9.0/gson-2.9.0.jar:/home/runner/.m2/repository/org/apache/hadoop/hadoop-auth/3.3.6/hadoop-auth-3.3.6.jar:/home/runner/.m2/repository/com/nimbusds/nimbus-jose-jwt/9.8.1/nimbus-jose-jwt-9.8.1.jar:/home/runner/.m2/repository/com/github/stephenc/jcip/jcip-annotations/1.0-1/jcip-annotations-1.0-1.jar:/home/runner/.m2/repository/com/jcraft/jsch/0.1.54/jsch-0.1.54.jar:/home/runner/.m2/repository/org/apache/kerby/kerb-core/1.0.1/kerb-core-1.0.1.jar:/home/runner/.m2/repository/org/apache/kerby/kerby-pkix/1.0.1/kerby-pkix-1.0.1.jar:/home/runner/.m2/repository/org/apache/kerby/kerby-asn1/1.0.1/kerby-asn1-1.0.1.jar:/home/runner/.m2/repository/org/apache/kerby/kerby-util/1.0.1/kerby-util-1.0.1.jar:/home/runner/.m2/repository/org/codehaus/woodstox/stax2-api/4.2.1/stax2-api-4.2.1.jar:/home/runner/.m2/repository/com/fasterxml/woodstox/woodstox-core/5.4.0/woodstox-core-5.4.0.jar:/home/runner/.m2/repository/dnsjava/dnsjava/2.1.7/dnsjava-2.1.7.jar:/home/runner/.m2/repository/org/xerial/snappy/snappy-java/1.1.8.2/snappy-java-1.1.8.2.jar:/home/runner/.m2/repository/commons-cli/commons-cli/1.2/commons-cli-1.2.jar:/home/runner/.m2/repository/org/apache/hadoop/hadoop-hdfs/3.3.6/hadoop-hdfs-3.3.6.jar:/home/runner/.m2/repository/org/eclipse/jetty/jetty-util-ajax/9.4.51.v20230217/jetty-util-ajax-9.4.51.v20230217.jar:/home/runner/.m2/repository/commons-daemon/commons-daemon/1.0.13/commons-daemon-1.0.13.jar:/home/runner/work/ozone/ozone/hadoop-hdds/framework/target/classes:/home/runner/work/ozone/ozone/hadoop-hdds/interface-server/target/classes:/home/runner/work/ozone/ozone/hadoop-hdds/managed-rocksdb/target/classes:/home/runner/.m2/repository/org/rocksdb/rocksdbjni/7.7.3/rocksdbjni-7.7.3.jar:/home/runner/.m2/repository/org/slf4j/slf4j-reload4j/1.7.36/slf4j-reload4j-1.7.36.jar:/home/runner/.m2/repository/org/apache/commons/commons-configuration2/2.1.1/commons-configuration2-2.1.1.jar:/home/runner/.m2/repository/commons-fileupload/commons-fileupload/1.5/commons-fileupload-1.5.jar:/home/runner/.m2/repository/org/apache/logging/log4j/log4j-core/2.17.1/log4j-core-2.17.1.jar:/home/runner/.m2/repository/com/lmax/disruptor/3.4.2/disruptor-3.4.2.jar:/home/runner/.m2/repository/org/eclipse/jetty/jetty-util/9.4.51.v20230217/jetty-util-9.4.51.v20230217.jar:/home/runner/.m2/repository/org/eclipse/jetty/jetty-server/9.4.51.v20230217/jetty-server-9.4.51.v20230217.jar:/home/runner/.m2/repository/org/eclipse/jetty/jetty-http/9.4.51.v20230217/jetty-http-9.4.51.v20230217.jar:/home/runner/.m2/repository/org/eclipse/jetty/jetty-io/9.4.51.v20230217/jetty-io-9.4.51.v20230217.jar:/home/runner/.m2/repository/org/eclipse/jetty/jetty-servlet/9.4.51.v20230217/jetty-servlet-9.4.51.v20230217.jar:/home/runner/.m2/repository/org/eclipse/jetty/jetty-security/9.4.51.v20230217/jetty-security-9.4.51.v20230217.jar:/home/runner/.m2/repository/org/eclipse/jetty/jetty-webapp/9.4.51.v20230217/jetty-webapp-9.4.51.v20230217.jar:/home/runner/.m2/repository/org/eclipse/jetty/jetty-xml/9.4.51.v20230217/jetty-xml-9.4.51.v20230217.jar:/home/runner/.m2/repository/io/prometheus/simpleclient_dropwizard/0.7.0/simpleclient_dropwizard-0.7.0.jar:/home/runner/.m2/repository/io/prometheus/simpleclient/0.7.0/simpleclient-0.7.0.jar:/home/runner/.m2/repository/io/prometheus/simpleclient_common/0.7.0/simpleclient_common-0.7.0.jar:/home/runner/work/ozone/ozone/hadoop-hdds/rocksdb-checkpoint-differ/target/classes:/home/runner/work/ozone/ozone/hadoop-hdds/rocks-native/target/classes:/home/runner/.m2/repository/org/jgrapht/jgrapht-core/1.0.1/jgrapht-core-1.0.1.jar:/home/runner/.m2/repository/org/jgrapht/jgrapht-ext/1.0.1/jgrapht-ext-1.0.1.jar:/home/runner/.m2/repository/org/tinyjee/jgraphx/jgraphx/2.0.0.1/jgraphx-2.0.0.1.jar:/home/runner/.m2/repository/jgraph/jgraph/5.13.0.0/jgraph-5.13.0.0.jar:/home/runner/.m2/repository/org/antlr/antlr4-runtime/4.5.3/antlr4-runtime-4.5.3.jar:/home/runner/.m2/repository/org/awaitility/awaitility/4.2.0/awaitility-4.2.0.jar:/home/runner/.m2/repository/org/hamcrest/hamcrest/2.1/hamcrest-2.1.jar:/home/runner/work/ozone/ozone/hadoop-hdds/docs/target/classes:/home/runner/.m2/repository/io/dropwizard/metrics/metrics-core/3.2.4/metrics-core-3.2.4.jar:/home/runner/.m2/repository/com/github/spotbugs/spotbugs-annotations/3.1.12/spotbugs-annotations-3.1.12.jar:/home/runner/.m2/repository/com/google/code/findbugs/jsr305/3.0.0/jsr305-3.0.0.jar:/home/runner/.m2/repository/org/apache/commons/commons-math3/3.1.1/commons-math3-3.1.1.jar:/home/runner/.m2/repository/org/apache/commons/commons-text/1.10.0/commons-text-1.10.0.jar:/home/runner/.m2/repository/org/apache/hadoop/hadoop-hdfs-client/3.3.6/hadoop-hdfs-client-3.3.6.jar:/home/runner/.m2/repository/com/squareup/okhttp3/okhttp/4.9.3/okhttp-4.9.3.jar:/home/runner/.m2/repository/com/squareup/okio/okio/3.4.0/okio-3.4.0.jar:/home/runner/.m2/repository/com/squareup/okio/okio-jvm/3.4.0/okio-jvm-3.4.0.jar:/home/runner/.m2/repository/org/jetbrains/kotlin/kotlin-stdlib-jdk8/1.8.0/kotlin-stdlib-jdk8-1.8.0.jar:/home/runner/.m2/repository/org/jetbrains/kotlin/kotlin-stdlib-jdk7/1.8.0/kotlin-stdlib-jdk7-1.8.0.jar:/home/runner/.m2/repository/org/jetbrains/kotlin/kotlin-stdlib-common/1.6.21/kotlin-stdlib-common-1.6.21.jar:/home/runner/.m2/repository/com/fasterxml/jackson/core/jackson-databind/2.13.4.2/jackson-databind-2.13.4.2.jar:/home/runner/work/ozone/ozone/hadoop-hdds/container-service/target/test-classes:/home/runner/work/ozone/ozone/hadoop-hdds/common/target/test-classes:/home/runner/.m2/repository/org/hamcrest/hamcrest-core/1.3/hamcrest-core-1.3.jar:/home/runner/.m2/repository/org/assertj/assertj-core/3.12.2/assertj-core-3.12.2.jar:/home/runner/.m2/repository/org/mockito/mockito-core/3.5.9/mockito-core-3.5.9.jar:/home/runner/.m2/repository/net/bytebuddy/byte-buddy/1.10.13/byte-buddy-1.10.13.jar:/home/runner/.m2/repository/net/bytebuddy/byte-buddy-agent/1.10.13/byte-buddy-agent-1.10.13.jar:/home/runner/.m2/repository/org/objenesis/objenesis/1.0/objenesis-1.0.jar:/home/runner/.m2/repository/org/hamcrest/hamcrest-all/1.3/hamcrest-all-1.3.jar:/home/runner/.m2/repository/org/bouncycastle/bcprov-jdk15on/1.67/bcprov-jdk15on-1.67.jar:/home/runner/work/ozone/ozone/hadoop-hdds/hadoop-dependency-test/target/classes:/home/runner/.m2/repository/org/apache/hadoop/hadoop-common/3.3.6/hadoop-common-3.3.6-tests.jar:/home/runner/.m2/repository/org/apache/hadoop/hadoop-hdfs/3.3.6/hadoop-hdfs-3.3.6-tests.jar:/home/runner/.m2/repository/com/google/protobuf/protobuf-java/2.5.0/protobuf-java-2.5.0.jar:/home/runner/.m2/repository/org/junit/jupiter/junit-jupiter-api/5.8.2/junit-jupiter-api-5.8.2.jar:/home/runner/.m2/repository/org/opentest4j/opentest4j/1.2.0/opentest4j-1.2.0.jar:/home/runner/.m2/repository/org/junit/platform/junit-platform-commons/1.8.2/junit-platform-commons-1.8.2.jar:/home/runner/.m2/repository/org/apiguardian/apiguardian-api/1.1.2/apiguardian-api-1.1.2.jar:/home/runner/.m2/repository/org/junit/jupiter/junit-jupiter-engine/5.8.2/junit-jupiter-engine-5.8.2.jar:/home/runner/.m2/repository/org/junit/platform/junit-platform-engine/1.8.2/junit-platform-engine-1.8.2.jar:/home/runner/.m2/repository/org/junit/vintage/junit-vintage-engine/5.8.2/junit-vintage-engine-5.8.2.jar:/home/runner/.m2/repository/org/junit/platform/junit-platform-launcher/1.8.2/junit-platform-launcher-1.8.2.jar:/home/runner/.m2/repository/org/junit/jupiter/junit-jupiter-params/5.8.2/junit-jupiter-params-5.8.2.jar:/home/runner/.m2/repository/junit/junit/4.13.1/junit-4.13.1.jar:"/>
    <property name="java.vm.vendor" value="Temurin"/>
    <property name="sun.arch.data.model" value="64"/>
    <property name="test.build.dir" value="/home/runner/work/ozone/ozone/hadoop-hdds/server-scm/target/test-dir"/>
    <property name="test.cache.data" value=""/>
    <property name="java.vendor.url" value="https://adoptium.net/"/>
    <property name="user.timezone" value="Etc/UTC"/>
    <property name="java.vm.specification.version" value="1.8"/>
    <property name="os.name" value="Linux"/>
    <property name="test.build.data" value="/home/runner/work/ozone/ozone/hadoop-hdds/server-scm/target/test-dir"/>
    <property name="sun.java.launcher" value="SUN_STANDARD"/>
    <property name="sun.boot.library.path" value="/usr/lib/jvm/temurin-8-jdk-amd64/jre/lib/amd64"/>
    <property name="sun.java.command" value="/home/runner/work/ozone/ozone/hadoop-hdds/server-scm/target/surefire/surefirebooter5475208540762511139.jar /home/runner/work/ozone/ozone/hadoop-hdds/server-scm/target/surefire 2023-08-31T09-59-18_577-jvmRun1 surefire1386053096881271458tmp surefire_2798603952818794698773tmp"/>
    <property name="native.lib.tmp.dir" value="/tmp"/>
    <property name="surefire.test.class.path" value="/home/runner/work/ozone/ozone/hadoop-hdds/server-scm/target/test-classes:/home/runner/work/ozone/ozone/hadoop-hdds/server-scm/target/classes:/home/runner/work/ozone/ozone/hadoop-hdds/test-utils/target/classes:/home/runner/.m2/repository/com/google/guava/guava/32.0.0-jre/guava-32.0.0-jre.jar:/home/runner/.m2/repository/com/google/guava/failureaccess/1.0.1/failureaccess-1.0.1.jar:/home/runner/.m2/repository/com/google/guava/listenablefuture/9999.0-empty-to-avoid-conflict-with-guava/listenablefuture-9999.0-empty-to-avoid-conflict-with-guava.jar:/home/runner/.m2/repository/org/checkerframework/checker-qual/3.33.0/checker-qual-3.33.0.jar:/home/runner/.m2/repository/com/google/errorprone/error_prone_annotations/2.2.0/error_prone_annotations-2.2.0.jar:/home/runner/.m2/repository/com/google/j2objc/j2objc-annotations/2.8/j2objc-annotations-2.8.jar:/home/runner/.m2/repository/commons-io/commons-io/2.11.0/commons-io-2.11.0.jar:/home/runner/.m2/repository/commons-logging/commons-logging/1.2/commons-logging-1.2.jar:/home/runner/.m2/repository/ch/qos/reload4j/reload4j/1.2.22/reload4j-1.2.22.jar:/home/runner/.m2/repository/org/apache/commons/commons-lang3/3.7/commons-lang3-3.7.jar:/home/runner/.m2/repository/org/slf4j/slf4j-api/1.7.36/slf4j-api-1.7.36.jar:/home/runner/.m2/repository/org/apache/logging/log4j/log4j-api/2.17.1/log4j-api-2.17.1.jar:/home/runner/work/ozone/ozone/hadoop-hdds/common/target/classes:/home/runner/work/ozone/ozone/hadoop-hdds/hadoop-dependency-client/target/classes:/home/runner/.m2/repository/info/picocli/picocli/4.6.1/picocli-4.6.1.jar:/home/runner/.m2/repository/com/fasterxml/jackson/core/jackson-annotations/2.13.4/jackson-annotations-2.13.4.jar:/home/runner/.m2/repository/com/fasterxml/jackson/datatype/jackson-datatype-jsr310/2.13.4/jackson-datatype-jsr310-2.13.4.jar:/home/runner/.m2/repository/com/fasterxml/jackson/core/jackson-core/2.13.4/jackson-core-2.13.4.jar:/home/runner/work/ozone/ozone/hadoop-hdds/annotations/target/classes:/home/runner/work/ozone/ozone/hadoop-hdds/config/target/classes:/home/runner/.m2/repository/javax/annotation/javax.annotation-api/1.2/javax.annotation-api-1.2.jar:/home/runner/.m2/repository/org/apache/ratis/ratis-server/2.5.1/ratis-server-2.5.1.jar:/home/runner/.m2/repository/org/apache/ratis/ratis-thirdparty-misc/1.0.4/ratis-thirdparty-misc-1.0.4.jar:/home/runner/.m2/repository/org/apache/ratis/ratis-proto/2.5.1/ratis-proto-2.5.1.jar:/home/runner/.m2/repository/org/apache/ratis/ratis-common/2.5.1/ratis-common-2.5.1.jar:/home/runner/.m2/repository/org/apache/ratis/ratis-client/2.5.1/ratis-client-2.5.1.jar:/home/runner/.m2/repository/org/apache/ratis/ratis-server-api/2.5.1/ratis-server-api-2.5.1.jar:/home/runner/.m2/repository/org/apache/ratis/ratis-metrics/2.5.1/ratis-metrics-2.5.1.jar:/home/runner/.m2/repository/org/apache/ratis/ratis-netty/2.5.1/ratis-netty-2.5.1.jar:/home/runner/.m2/repository/org/apache/ratis/ratis-grpc/2.5.1/ratis-grpc-2.5.1.jar:/home/runner/.m2/repository/org/apache/commons/commons-pool2/2.6.0/commons-pool2-2.6.0.jar:/home/runner/.m2/repository/org/bouncycastle/bcpkix-jdk15on/1.67/bcpkix-jdk15on-1.67.jar:/home/runner/.m2/repository/commons-validator/commons-validator/1.6/commons-validator-1.6.jar:/home/runner/.m2/repository/commons-beanutils/commons-beanutils/1.9.4/commons-beanutils-1.9.4.jar:/home/runner/.m2/repository/commons-digester/commons-digester/1.8.1/commons-digester-1.8.1.jar:/home/runner/.m2/repository/commons-collections/commons-collections/3.2.2/commons-collections-3.2.2.jar:/home/runner/.m2/repository/io/jaegertracing/jaeger-client/1.6.0/jaeger-client-1.6.0.jar:/home/runner/.m2/repository/io/jaegertracing/jaeger-thrift/1.6.0/jaeger-thrift-1.6.0.jar:/home/runner/.m2/repository/org/apache/thrift/libthrift/0.14.1/libthrift-0.14.1.jar:/home/runner/.m2/repository/io/jaegertracing/jaeger-core/1.6.0/jaeger-core-1.6.0.jar:/home/runner/.m2/repository/io/jaegertracing/jaeger-tracerresolver/1.6.0/jaeger-tracerresolver-1.6.0.jar:/home/runner/.m2/repository/io/opentracing/contrib/opentracing-tracerresolver/0.1.8/opentracing-tracerresolver-0.1.8.jar:/home/runner/.m2/repository/org/jetbrains/kotlin/kotlin-stdlib/1.6.21/kotlin-stdlib-1.6.21.jar:/home/runner/.m2/repository/org/jetbrains/annotations/13.0/annotations-13.0.jar:/home/runner/.m2/repository/io/opentracing/opentracing-util/0.33.0/opentracing-util-0.33.0.jar:/home/runner/.m2/repository/io/opentracing/opentracing-api/0.33.0/opentracing-api-0.33.0.jar:/home/runner/.m2/repository/io/opentracing/opentracing-noop/0.33.0/opentracing-noop-0.33.0.jar:/home/runner/.m2/repository/org/yaml/snakeyaml/2.0/snakeyaml-2.0.jar:/home/runner/.m2/repository/org/reflections/reflections/0.9.11/reflections-0.9.11.jar:/home/runner/.m2/repository/org/javassist/javassist/3.21.0-GA/javassist-3.21.0-GA.jar:/home/runner/work/ozone/ozone/hadoop-hdds/interface-client/target/classes:/home/runner/.m2/repository/org/apache/hadoop/thirdparty/hadoop-shaded-protobuf_3_7/1.1.1/hadoop-shaded-protobuf_3_7-1.1.1.jar:/home/runner/work/ozone/ozone/hadoop-hdds/interface-admin/target/classes:/home/runner/.m2/repository/io/grpc/grpc-api/1.51.1/grpc-api-1.51.1.jar:/home/runner/.m2/repository/io/grpc/grpc-context/1.51.1/grpc-context-1.51.1.jar:/home/runner/work/ozone/ozone/hadoop-hdds/container-service/target/classes:/home/runner/.m2/repository/org/apache/commons/commons-compress/1.21/commons-compress-1.21.jar:/home/runner/.m2/repository/com/github/luben/zstd-jni/1.5.2-5/zstd-jni-1.5.2-5.jar:/home/runner/.m2/repository/commons-codec/commons-codec/1.15/commons-codec-1.15.jar:/home/runner/.m2/repository/javax/xml/bind/jaxb-api/2.3.0/jaxb-api-2.3.0.jar:/home/runner/.m2/repository/org/glassfish/jaxb/jaxb-runtime/2.3.0.1/jaxb-runtime-2.3.0.1.jar:/home/runner/.m2/repository/org/glassfish/jaxb/jaxb-core/2.3.0.1/jaxb-core-2.3.0.1.jar:/home/runner/.m2/repository/org/glassfish/jaxb/txw2/2.3.0.1/txw2-2.3.0.1.jar:/home/runner/.m2/repository/com/sun/istack/istack-commons-runtime/3.0.5/istack-commons-runtime-3.0.5.jar:/home/runner/.m2/repository/org/jvnet/staxex/stax-ex/1.7.8/stax-ex-1.7.8.jar:/home/runner/.m2/repository/com/sun/xml/fastinfoset/FastInfoset/1.2.13/FastInfoset-1.2.13.jar:/home/runner/.m2/repository/io/netty/netty-transport/4.1.94.Final/netty-transport-4.1.94.Final.jar:/home/runner/.m2/repository/io/netty/netty-common/4.1.94.Final/netty-common-4.1.94.Final.jar:/home/runner/.m2/repository/io/netty/netty-buffer/4.1.94.Final/netty-buffer-4.1.94.Final.jar:/home/runner/.m2/repository/io/netty/netty-resolver/4.1.94.Final/netty-resolver-4.1.94.Final.jar:/home/runner/.m2/repository/io/netty/netty-codec/4.1.94.Final/netty-codec-4.1.94.Final.jar:/home/runner/.m2/repository/io/netty/netty-handler/4.1.94.Final/netty-handler-4.1.94.Final.jar:/home/runner/.m2/repository/io/netty/netty-transport-native-unix-common/4.1.94.Final/netty-transport-native-unix-common-4.1.94.Final.jar:/home/runner/work/ozone/ozone/hadoop-hdds/client/target/classes:/home/runner/work/ozone/ozone/hadoop-hdds/erasurecode/target/classes:/home/runner/work/ozone/ozone/hadoop-hdds/hadoop-dependency-server/target/classes:/home/runner/.m2/repository/org/apache/hadoop/hadoop-annotations/3.3.6/hadoop-annotations-3.3.6.jar:/usr/lib/jvm/temurin-8-jdk-amd64/jre/../lib/tools.jar:/home/runner/.m2/repository/org/apache/hadoop/hadoop-common/3.3.6/hadoop-common-3.3.6.jar:/home/runner/.m2/repository/org/apache/hadoop/thirdparty/hadoop-shaded-guava/1.1.1/hadoop-shaded-guava-1.1.1.jar:/home/runner/.m2/repository/org/apache/httpcomponents/httpclient/4.5.13/httpclient-4.5.13.jar:/home/runner/.m2/repository/org/apache/httpcomponents/httpcore/4.4.13/httpcore-4.4.13.jar:/home/runner/.m2/repository/commons-net/commons-net/3.9.0/commons-net-3.9.0.jar:/home/runner/.m2/repository/javax/servlet/javax.servlet-api/3.1.0/javax.servlet-api-3.1.0.jar:/home/runner/.m2/repository/jakarta/activation/jakarta.activation-api/1.2.2/jakarta.activation-api-1.2.2.jar:/home/runner/.m2/repository/javax/servlet/jsp/jsp-api/2.1/jsp-api-2.1.jar:/home/runner/.m2/repository/com/sun/jersey/jersey-core/1.19/jersey-core-1.19.jar:/home/runner/.m2/repository/javax/ws/rs/jsr311-api/1.1.1/jsr311-api-1.1.1.jar:/home/runner/.m2/repository/com/sun/jersey/jersey-servlet/1.19/jersey-servlet-1.19.jar:/home/runner/.m2/repository/com/sun/jersey/jersey-server/1.19/jersey-server-1.19.jar:/home/runner/.m2/repository/com/google/re2j/re2j/1.1/re2j-1.1.jar:/home/runner/.m2/repository/com/google/code/gson/gson/2.9.0/gson-2.9.0.jar:/home/runner/.m2/repository/org/apache/hadoop/hadoop-auth/3.3.6/hadoop-auth-3.3.6.jar:/home/runner/.m2/repository/com/nimbusds/nimbus-jose-jwt/9.8.1/nimbus-jose-jwt-9.8.1.jar:/home/runner/.m2/repository/com/github/stephenc/jcip/jcip-annotations/1.0-1/jcip-annotations-1.0-1.jar:/home/runner/.m2/repository/com/jcraft/jsch/0.1.54/jsch-0.1.54.jar:/home/runner/.m2/repository/org/apache/kerby/kerb-core/1.0.1/kerb-core-1.0.1.jar:/home/runner/.m2/repository/org/apache/kerby/kerby-pkix/1.0.1/kerby-pkix-1.0.1.jar:/home/runner/.m2/repository/org/apache/kerby/kerby-asn1/1.0.1/kerby-asn1-1.0.1.jar:/home/runner/.m2/repository/org/apache/kerby/kerby-util/1.0.1/kerby-util-1.0.1.jar:/home/runner/.m2/repository/org/codehaus/woodstox/stax2-api/4.2.1/stax2-api-4.2.1.jar:/home/runner/.m2/repository/com/fasterxml/woodstox/woodstox-core/5.4.0/woodstox-core-5.4.0.jar:/home/runner/.m2/repository/dnsjava/dnsjava/2.1.7/dnsjava-2.1.7.jar:/home/runner/.m2/repository/org/xerial/snappy/snappy-java/1.1.8.2/snappy-java-1.1.8.2.jar:/home/runner/.m2/repository/commons-cli/commons-cli/1.2/commons-cli-1.2.jar:/home/runner/.m2/repository/org/apache/hadoop/hadoop-hdfs/3.3.6/hadoop-hdfs-3.3.6.jar:/home/runner/.m2/repository/org/eclipse/jetty/jetty-util-ajax/9.4.51.v20230217/jetty-util-ajax-9.4.51.v20230217.jar:/home/runner/.m2/repository/commons-daemon/commons-daemon/1.0.13/commons-daemon-1.0.13.jar:/home/runner/work/ozone/ozone/hadoop-hdds/framework/target/classes:/home/runner/work/ozone/ozone/hadoop-hdds/interface-server/target/classes:/home/runner/work/ozone/ozone/hadoop-hdds/managed-rocksdb/target/classes:/home/runner/.m2/repository/org/rocksdb/rocksdbjni/7.7.3/rocksdbjni-7.7.3.jar:/home/runner/.m2/repository/org/slf4j/slf4j-reload4j/1.7.36/slf4j-reload4j-1.7.36.jar:/home/runner/.m2/repository/org/apache/commons/commons-configuration2/2.1.1/commons-configuration2-2.1.1.jar:/home/runner/.m2/repository/commons-fileupload/commons-fileupload/1.5/commons-fileupload-1.5.jar:/home/runner/.m2/repository/org/apache/logging/log4j/log4j-core/2.17.1/log4j-core-2.17.1.jar:/home/runner/.m2/repository/com/lmax/disruptor/3.4.2/disruptor-3.4.2.jar:/home/runner/.m2/repository/org/eclipse/jetty/jetty-util/9.4.51.v20230217/jetty-util-9.4.51.v20230217.jar:/home/runner/.m2/repository/org/eclipse/jetty/jetty-server/9.4.51.v20230217/jetty-server-9.4.51.v20230217.jar:/home/runner/.m2/repository/org/eclipse/jetty/jetty-http/9.4.51.v20230217/jetty-http-9.4.51.v20230217.jar:/home/runner/.m2/repository/org/eclipse/jetty/jetty-io/9.4.51.v20230217/jetty-io-9.4.51.v20230217.jar:/home/runner/.m2/repository/org/eclipse/jetty/jetty-servlet/9.4.51.v20230217/jetty-servlet-9.4.51.v20230217.jar:/home/runner/.m2/repository/org/eclipse/jetty/jetty-security/9.4.51.v20230217/jetty-security-9.4.51.v20230217.jar:/home/runner/.m2/repository/org/eclipse/jetty/jetty-webapp/9.4.51.v20230217/jetty-webapp-9.4.51.v20230217.jar:/home/runner/.m2/repository/org/eclipse/jetty/jetty-xml/9.4.51.v20230217/jetty-xml-9.4.51.v20230217.jar:/home/runner/.m2/repository/io/prometheus/simpleclient_dropwizard/0.7.0/simpleclient_dropwizard-0.7.0.jar:/home/runner/.m2/repository/io/prometheus/simpleclient/0.7.0/simpleclient-0.7.0.jar:/home/runner/.m2/repository/io/prometheus/simpleclient_common/0.7.0/simpleclient_common-0.7.0.jar:/home/runner/work/ozone/ozone/hadoop-hdds/rocksdb-checkpoint-differ/target/classes:/home/runner/work/ozone/ozone/hadoop-hdds/rocks-native/target/classes:/home/runner/.m2/repository/org/jgrapht/jgrapht-core/1.0.1/jgrapht-core-1.0.1.jar:/home/runner/.m2/repository/org/jgrapht/jgrapht-ext/1.0.1/jgrapht-ext-1.0.1.jar:/home/runner/.m2/repository/org/tinyjee/jgraphx/jgraphx/2.0.0.1/jgraphx-2.0.0.1.jar:/home/runner/.m2/repository/jgraph/jgraph/5.13.0.0/jgraph-5.13.0.0.jar:/home/runner/.m2/repository/org/antlr/antlr4-runtime/4.5.3/antlr4-runtime-4.5.3.jar:/home/runner/.m2/repository/org/awaitility/awaitility/4.2.0/awaitility-4.2.0.jar:/home/runner/.m2/repository/org/hamcrest/hamcrest/2.1/hamcrest-2.1.jar:/home/runner/work/ozone/ozone/hadoop-hdds/docs/target/classes:/home/runner/.m2/repository/io/dropwizard/metrics/metrics-core/3.2.4/metrics-core-3.2.4.jar:/home/runner/.m2/repository/com/github/spotbugs/spotbugs-annotations/3.1.12/spotbugs-annotations-3.1.12.jar:/home/runner/.m2/repository/com/google/code/findbugs/jsr305/3.0.0/jsr305-3.0.0.jar:/home/runner/.m2/repository/org/apache/commons/commons-math3/3.1.1/commons-math3-3.1.1.jar:/home/runner/.m2/repository/org/apache/commons/commons-text/1.10.0/commons-text-1.10.0.jar:/home/runner/.m2/repository/org/apache/hadoop/hadoop-hdfs-client/3.3.6/hadoop-hdfs-client-3.3.6.jar:/home/runner/.m2/repository/com/squareup/okhttp3/okhttp/4.9.3/okhttp-4.9.3.jar:/home/runner/.m2/repository/com/squareup/okio/okio/3.4.0/okio-3.4.0.jar:/home/runner/.m2/repository/com/squareup/okio/okio-jvm/3.4.0/okio-jvm-3.4.0.jar:/home/runner/.m2/repository/org/jetbrains/kotlin/kotlin-stdlib-jdk8/1.8.0/kotlin-stdlib-jdk8-1.8.0.jar:/home/runner/.m2/repository/org/jetbrains/kotlin/kotlin-stdlib-jdk7/1.8.0/kotlin-stdlib-jdk7-1.8.0.jar:/home/runner/.m2/repository/org/jetbrains/kotlin/kotlin-stdlib-common/1.6.21/kotlin-stdlib-common-1.6.21.jar:/home/runner/.m2/repository/com/fasterxml/jackson/core/jackson-databind/2.13.4.2/jackson-databind-2.13.4.2.jar:/home/runner/work/ozone/ozone/hadoop-hdds/container-service/target/test-classes:/home/runner/work/ozone/ozone/hadoop-hdds/common/target/test-classes:/home/runner/.m2/repository/org/hamcrest/hamcrest-core/1.3/hamcrest-core-1.3.jar:/home/runner/.m2/repository/org/assertj/assertj-core/3.12.2/assertj-core-3.12.2.jar:/home/runner/.m2/repository/org/mockito/mockito-core/3.5.9/mockito-core-3.5.9.jar:/home/runner/.m2/repository/net/bytebuddy/byte-buddy/1.10.13/byte-buddy-1.10.13.jar:/home/runner/.m2/repository/net/bytebuddy/byte-buddy-agent/1.10.13/byte-buddy-agent-1.10.13.jar:/home/runner/.m2/repository/org/objenesis/objenesis/1.0/objenesis-1.0.jar:/home/runner/.m2/repository/org/hamcrest/hamcrest-all/1.3/hamcrest-all-1.3.jar:/home/runner/.m2/repository/org/bouncycastle/bcprov-jdk15on/1.67/bcprov-jdk15on-1.67.jar:/home/runner/work/ozone/ozone/hadoop-hdds/hadoop-dependency-test/target/classes:/home/runner/.m2/repository/org/apache/hadoop/hadoop-common/3.3.6/hadoop-common-3.3.6-tests.jar:/home/runner/.m2/repository/org/apache/hadoop/hadoop-hdfs/3.3.6/hadoop-hdfs-3.3.6-tests.jar:/home/runner/.m2/repository/com/google/protobuf/protobuf-java/2.5.0/protobuf-java-2.5.0.jar:/home/runner/.m2/repository/org/junit/jupiter/junit-jupiter-api/5.8.2/junit-jupiter-api-5.8.2.jar:/home/runner/.m2/repository/org/opentest4j/opentest4j/1.2.0/opentest4j-1.2.0.jar:/home/runner/.m2/repository/org/junit/platform/junit-platform-commons/1.8.2/junit-platform-commons-1.8.2.jar:/home/runner/.m2/repository/org/apiguardian/apiguardian-api/1.1.2/apiguardian-api-1.1.2.jar:/home/runner/.m2/repository/org/junit/jupiter/junit-jupiter-engine/5.8.2/junit-jupiter-engine-5.8.2.jar:/home/runner/.m2/repository/org/junit/platform/junit-platform-engine/1.8.2/junit-platform-engine-1.8.2.jar:/home/runner/.m2/repository/org/junit/vintage/junit-vintage-engine/5.8.2/junit-vintage-engine-5.8.2.jar:/home/runner/.m2/repository/org/junit/platform/junit-platform-launcher/1.8.2/junit-platform-launcher-1.8.2.jar:/home/runner/.m2/repository/org/junit/jupiter/junit-jupiter-params/5.8.2/junit-jupiter-params-5.8.2.jar:/home/runner/.m2/repository/junit/junit/4.13.1/junit-4.13.1.jar:"/>
    <property name="sun.cpu.endian" value="little"/>
    <property name="user.home" value="/home/runner"/>
    <property name="user.language" value="en"/>
    <property name="java.specification.vendor" value="Oracle Corporation"/>
    <property name="java.home" value="/usr/lib/jvm/temurin-8-jdk-amd64/jre"/>
    <property name="java.security.krb5.conf" value="/home/runner/work/ozone/ozone/hadoop-hdds/server-scm/target/test-classes/krb5.conf"/>
    <property name="basedir" value="/home/runner/work/ozone/ozone/hadoop-hdds/server-scm"/>
    <property name="file.separator" value="/"/>
    <property name="line.separator" value="&#10;"/>
    <property name="java.vm.specification.vendor" value="Oracle Corporation"/>
    <property name="java.specification.name" value="Java Platform API Specification"/>
    <property name="java.awt.graphicsenv" value="sun.awt.X11GraphicsEnvironment"/>
    <property name="skip.installnpx" value="true"/>
    <property name="surefire.real.class.path" value="/home/runner/work/ozone/ozone/hadoop-hdds/server-scm/target/surefire/surefirebooter5475208540762511139.jar:/home/runner/.m2/repository/org/jacoco/org.jacoco.agent/0.8.5/org.jacoco.agent-0.8.5-runtime.jar"/>
    <property name="hadoop.log.dir" value="/home/runner/work/ozone/ozone/hadoop-hdds/server-scm/target/log"/>
    <property name="sun.boot.class.path" value="/usr/lib/jvm/temurin-8-jdk-amd64/jre/lib/resources.jar:/usr/lib/jvm/temurin-8-jdk-amd64/jre/lib/rt.jar:/usr/lib/jvm/temurin-8-jdk-amd64/jre/lib/sunrsasign.jar:/usr/lib/jvm/temurin-8-jdk-amd64/jre/lib/jsse.jar:/usr/lib/jvm/temurin-8-jdk-amd64/jre/lib/jce.jar:/usr/lib/jvm/temurin-8-jdk-amd64/jre/lib/charsets.jar:/usr/lib/jvm/temurin-8-jdk-amd64/jre/lib/jfr.jar:/usr/lib/jvm/temurin-8-jdk-amd64/jre/classes"/>
    <property name="sun.management.compiler" value="HotSpot 64-Bit Tiered Compilers"/>
    <property name="skip.npx" value="true"/>
    <property name="java.runtime.version" value="1.8.0_382-b05"/>
    <property name="java.net.preferIPv4Stack" value="true"/>
    <property name="user.name" value="runner"/>
    <property name="path.separator" value=":"/>
    <property name="java.security.egd" value="file:///dev/urandom"/>
    <property name="os.version" value="5.15.0-1042-azure"/>
    <property name="java.endorsed.dirs" value="/usr/lib/jvm/temurin-8-jdk-amd64/jre/lib/endorsed"/>
    <property name="java.runtime.name" value="OpenJDK Runtime Environment"/>
    <property name="file.encoding" value="UTF-8"/>
    <property name="java.vm.name" value="OpenJDK 64-Bit Server VM"/>
    <property name="test.build.webapps" value=""/>
    <property name="localRepository" value="/home/runner/.m2/repository"/>
    <property name="java.vendor.url.bug" value="https://github.com/adoptium/adoptium-support/issues"/>
    <property name="java.io.tmpdir" value="/tmp"/>
    <property name="require.test.libhadoop" value=""/>
    <property name="java.version" value="1.8.0_382"/>
    <property name="user.dir" value="/home/runner/work/ozone/ozone/hadoop-hdds/server-scm"/>
    <property name="os.arch" value="amd64"/>
    <property name="java.vm.specification.name" value="Java Virtual Machine Specification"/>
    <property name="test.build.classes" value="/home/runner/work/ozone/ozone/hadoop-hdds/server-scm/target/test-classes"/>
    <property name="java.awt.printerjob" value="sun.print.PSPrinterJob"/>
    <property name="sun.os.patch.level" value="unknown"/>
    <property name="excludedGroups" value="native"/>
    <property name="hadoop.tmp.dir" value="/home/runner/work/ozone/ozone/hadoop-hdds/server-scm/target/tmp"/>
    <property name="java.library.path" value="/usr/java/packages/lib/amd64:/usr/lib64:/lib64:/lib:/usr/lib"/>
    <property name="java.vm.info" value="mixed mode"/>
    <property name="java.vendor" value="Temurin"/>
    <property name="java.vm.version" value="25.382-b05"/>
    <property name="java.specification.maintenance.version" value="5"/>
    <property name="java.ext.dirs" value="/usr/lib/jvm/temurin-8-jdk-amd64/jre/lib/ext:/usr/java/packages/lib/ext"/>
    <property name="sun.io.unicode.encoding" value="UnicodeLittle"/>
    <property name="java.class.version" value="52.0"/>
  </properties>
  <testcase name="containerBalancerShouldObeyMaxSizeToMoveLimit" classname="org.apache.hadoop.hdds.scm.container.balancer.TestContainerBalancerTask" time="3.497">
    <system-out><![CDATA[2023-08-31 10:29:33,934 [main] INFO  net.NodeSchemaLoader (NodeSchemaLoader.java:loadSchemaFromFile(129)) - Loading schema from [file:/home/runner/work/ozone/ozone/hadoop-hdds/common/target/classes/network-topology-default.xml]
2023-08-31 10:29:33,939 [main] INFO  net.NodeSchemaLoader (NodeSchemaLoader.java:loadSchema(176)) - Loading network topology layer schema file
2023-08-31 10:29:34,241 [main] INFO  reflections.Reflections (Reflections.java:scan(232)) - Reflections took 209 ms to scan 6 urls, producing 158 keys and 369 values 
2023-08-31 10:29:34,306 [main] INFO  net.NetworkTopologyImpl (NetworkTopologyImpl.java:add(112)) - Added a new node: /default-rack/7a71a3dc-c021-4c20-b160-af1fc94c040e
2023-08-31 10:29:34,307 [main] INFO  net.NetworkTopologyImpl (NetworkTopologyImpl.java:add(112)) - Added a new node: /default-rack/c996f812-8a6b-4d67-8638-977ce229a616
2023-08-31 10:29:34,308 [main] INFO  net.NetworkTopologyImpl (NetworkTopologyImpl.java:add(112)) - Added a new node: /default-rack/31dda8fe-cf69-4dbe-8013-4ddc518154f9
2023-08-31 10:29:34,308 [main] INFO  net.NetworkTopologyImpl (NetworkTopologyImpl.java:add(112)) - Added a new node: /default-rack/ed736e74-7155-4ae4-84d2-da441fa86c1b
2023-08-31 10:29:34,308 [main] INFO  net.NetworkTopologyImpl (NetworkTopologyImpl.java:add(112)) - Added a new node: /default-rack/4e68bc78-18e8-4b49-9697-4a57d7b15254
2023-08-31 10:29:34,309 [main] INFO  net.NetworkTopologyImpl (NetworkTopologyImpl.java:add(112)) - Added a new node: /default-rack/dc989ea5-7d2b-46ea-949d-8332270ea8c8
2023-08-31 10:29:34,309 [main] INFO  net.NetworkTopologyImpl (NetworkTopologyImpl.java:add(112)) - Added a new node: /default-rack/95a9460c-59b4-4447-a203-03e81afb8843
2023-08-31 10:29:34,309 [main] INFO  net.NetworkTopologyImpl (NetworkTopologyImpl.java:add(112)) - Added a new node: /default-rack/e77a5d2d-f591-432e-a836-b545b53ea9e2
2023-08-31 10:29:34,309 [main] INFO  net.NetworkTopologyImpl (NetworkTopologyImpl.java:add(112)) - Added a new node: /default-rack/921cbc7a-33e9-4b64-b7d5-4e25173265c5
2023-08-31 10:29:34,310 [main] INFO  net.NetworkTopologyImpl (NetworkTopologyImpl.java:add(112)) - Added a new node: /default-rack/0736a8b8-0fd2-407d-9766-d2510f9d1e66
2023-08-31 10:29:34,321 [main] INFO  algorithms.ContainerPlacementPolicyFactory (ContainerPlacementPolicyFactory.java:getPolicyInternal(86)) - Create container placement policy of type org.apache.hadoop.hdds.scm.container.placement.algorithms.SCMContainerPlacementRackAware
2023-08-31 10:29:34,359 [main] INFO  algorithms.ContainerPlacementPolicyFactory (ContainerPlacementPolicyFactory.java:getPolicyInternal(86)) - Create container placement policy of type org.apache.hadoop.hdds.scm.container.placement.algorithms.SCMContainerPlacementRackScatter
2023-08-31 10:29:34,543 [main] DEBUG balancer.ContainerBalancerTask (ContainerBalancerTask.java:initializeIteration(374)) - Average utilization of the cluster is 0.32553005163863663
2023-08-31 10:29:34,544 [main] DEBUG balancer.ContainerBalancerTask (ContainerBalancerTask.java:initializeIteration(386)) - Lower limit for utilization is 0.3155300516386366 and Upper limit for utilization is 0.33553005163863664
2023-08-31 10:29:34,544 [main] DEBUG balancer.ContainerBalancerTask (ContainerBalancerTask.java:initializeIteration(398)) - Utilization for node 7a71a3dc-c021-4c20-b160-af1fc94c040e with capacity 52494044728B, used 47244640256B, and remaining 5249404472B is 0.9000000000152398
2023-08-31 10:29:34,544 [main] DEBUG balancer.ContainerBalancerTask (ContainerBalancerTask.java:initializeIteration(398)) - Utilization for node e77a5d2d-f591-432e-a836-b545b53ea9e2 with capacity 76504104960B, used 61203283968B, and remaining 15300820992B is 0.8
2023-08-31 10:29:34,545 [main] DEBUG balancer.ContainerBalancerTask (ContainerBalancerTask.java:initializeIteration(398)) - Utilization for node 95a9460c-59b4-4447-a203-03e81afb8843 with capacity 81297595245B, used 56908316672B, and remaining 24389278573B is 0.7000000000061503
2023-08-31 10:29:34,545 [main] DEBUG balancer.ContainerBalancerTask (ContainerBalancerTask.java:initializeIteration(398)) - Utilization for node 921cbc7a-33e9-4b64-b7d5-4e25173265c5 with capacity 71582788266B, used 42949672960B, and remaining 28633115306B is 0.600000000005588
2023-08-31 10:29:34,545 [main] DEBUG balancer.ContainerBalancerTask (ContainerBalancerTask.java:initializeIteration(398)) - Utilization for node dc989ea5-7d2b-46ea-949d-8332270ea8c8 with capacity 105226698752B, used 52613349376B, and remaining 52613349376B is 0.5
2023-08-31 10:29:34,545 [main] DEBUG balancer.ContainerBalancerTask (ContainerBalancerTask.java:initializeIteration(398)) - Utilization for node ed736e74-7155-4ae4-84d2-da441fa86c1b with capacity 77846282240B, used 31138512896B, and remaining 46707769344B is 0.4
2023-08-31 10:29:34,546 [main] DEBUG balancer.ContainerBalancerTask (ContainerBalancerTask.java:initializeIteration(398)) - Utilization for node 4e68bc78-18e8-4b49-9697-4a57d7b15254 with capacity 136007297706B, used 40802189312B, and remaining 95205108394B is 0.30000000000147053
2023-08-31 10:29:34,546 [main] DEBUG balancer.ContainerBalancerTask (ContainerBalancerTask.java:initializeIteration(398)) - Utilization for node 31dda8fe-cf69-4dbe-8013-4ddc518154f9 with capacity 193273528320B, used 38654705664B, and remaining 154618822656B is 0.2
2023-08-31 10:29:34,546 [main] DEBUG balancer.ContainerBalancerTask (ContainerBalancerTask.java:initializeIteration(398)) - Utilization for node c996f812-8a6b-4d67-8638-977ce229a616 with capacity 418759311360B, used 41875931136B, and remaining 376883380224B is 0.1
2023-08-31 10:29:34,546 [main] DEBUG balancer.ContainerBalancerTask (ContainerBalancerTask.java:initializeIteration(398)) - Utilization for node 0736a8b8-0fd2-407d-9766-d2510f9d1e66 with capacity 56908316672B, used 0B, and remaining 56908316672B is 0.0
2023-08-31 10:29:34,547 [main] INFO  balancer.ContainerBalancerTask (ContainerBalancerTask.java:initializeIteration(447)) - Container Balancer has identified 6 Over-Utilized and 4 Under-Utilized Datanodes that need to be balanced.
2023-08-31 10:29:34,547 [main] DEBUG balancer.ContainerBalancerTask (ContainerBalancerTask.java:lambda$initializeIteration$1(453)) - Datanode localhost-108.224.76.174 7a71a3dc-c021-4c20-b160-af1fc94c040e is Over-Utilized.
2023-08-31 10:29:34,547 [main] DEBUG balancer.ContainerBalancerTask (ContainerBalancerTask.java:lambda$initializeIteration$1(453)) - Datanode localhost-217.49.77.104 e77a5d2d-f591-432e-a836-b545b53ea9e2 is Over-Utilized.
2023-08-31 10:29:34,549 [main] DEBUG balancer.ContainerBalancerTask (ContainerBalancerTask.java:lambda$initializeIteration$1(453)) - Datanode localhost-248.152.115.36 95a9460c-59b4-4447-a203-03e81afb8843 is Over-Utilized.
2023-08-31 10:29:34,550 [main] DEBUG balancer.ContainerBalancerTask (ContainerBalancerTask.java:lambda$initializeIteration$1(453)) - Datanode localhost-109.21.38.81 921cbc7a-33e9-4b64-b7d5-4e25173265c5 is Over-Utilized.
2023-08-31 10:29:34,553 [main] DEBUG balancer.ContainerBalancerTask (ContainerBalancerTask.java:lambda$initializeIteration$1(453)) - Datanode localhost-130.203.101.209 dc989ea5-7d2b-46ea-949d-8332270ea8c8 is Over-Utilized.
2023-08-31 10:29:34,553 [main] DEBUG balancer.ContainerBalancerTask (ContainerBalancerTask.java:lambda$initializeIteration$1(453)) - Datanode localhost-90.246.66.133 ed736e74-7155-4ae4-84d2-da441fa86c1b is Over-Utilized.
2023-08-31 10:29:34,553 [main] DEBUG balancer.ContainerBalancerTask (ContainerBalancerTask.java:lambda$initializeIteration$2(459)) - Datanode localhost-30.226.172.96 0736a8b8-0fd2-407d-9766-d2510f9d1e66 is Under-Utilized.
2023-08-31 10:29:34,554 [main] DEBUG balancer.ContainerBalancerTask (ContainerBalancerTask.java:lambda$initializeIteration$2(459)) - Datanode localhost-102.24.215.134 c996f812-8a6b-4d67-8638-977ce229a616 is Under-Utilized.
2023-08-31 10:29:34,554 [main] DEBUG balancer.ContainerBalancerTask (ContainerBalancerTask.java:lambda$initializeIteration$2(459)) - Datanode localhost-222.28.67.38 31dda8fe-cf69-4dbe-8013-4ddc518154f9 is Under-Utilized.
2023-08-31 10:29:34,554 [main] DEBUG balancer.ContainerBalancerTask (ContainerBalancerTask.java:lambda$initializeIteration$2(459)) - Datanode localhost-160.216.141.206 4e68bc78-18e8-4b49-9697-4a57d7b15254 is Under-Utilized.
2023-08-31 10:29:34,584 [main] DEBUG balancer.ContainerBalancerTask (ContainerBalancerTask.java:matchSourceWithTarget(708)) - ContainerBalancer is finding suitable target for source datanode 7a71a3dc-c021-4c20-b160-af1fc94c040e
2023-08-31 10:29:34,594 [main] INFO  balancer.ContainerBalancerTask (ContainerBalancerTask.java:matchSourceWithTarget(722)) - ContainerBalancer matched source datanode 7a71a3dc-c021-4c20-b160-af1fc94c040e with target datanode 0736a8b8-0fd2-407d-9766-d2510f9d1e66 for container move.
2023-08-31 10:29:34,595 [main] INFO  balancer.ContainerBalancerTask (ContainerBalancerTask.java:processMoveSelection(569)) - ContainerBalancer is trying to move container #85 with size 5368709120B from source datanode 7a71a3dc-c021-4c20-b160-af1fc94c040e to target datanode 0736a8b8-0fd2-407d-9766-d2510f9d1e66
2023-08-31 10:29:34,597 [main] DEBUG balancer.ContainerBalancerTask (ContainerBalancerTask.java:lambda$moveContainer$3(837)) - Container move completed for container #85 from source 7a71a3dc-c021-4c20-b160-af1fc94c040e to target 0736a8b8-0fd2-407d-9766-d2510f9d1e66
2023-08-31 10:29:34,618 [main] DEBUG balancer.ContainerBalancerTask (ContainerBalancerTask.java:matchSourceWithTarget(708)) - ContainerBalancer is finding suitable target for source datanode e77a5d2d-f591-432e-a836-b545b53ea9e2
2023-08-31 10:29:34,619 [main] INFO  balancer.ContainerBalancerTask (ContainerBalancerTask.java:matchSourceWithTarget(722)) - ContainerBalancer matched source datanode e77a5d2d-f591-432e-a836-b545b53ea9e2 with target datanode 0736a8b8-0fd2-407d-9766-d2510f9d1e66 for container move.
2023-08-31 10:29:34,619 [main] INFO  balancer.ContainerBalancerTask (ContainerBalancerTask.java:processMoveSelection(569)) - ContainerBalancer is trying to move container #68 with size 5368709120B from source datanode e77a5d2d-f591-432e-a836-b545b53ea9e2 to target datanode 0736a8b8-0fd2-407d-9766-d2510f9d1e66
2023-08-31 10:29:34,620 [main] DEBUG balancer.ContainerBalancerTask (ContainerBalancerTask.java:lambda$moveContainer$3(837)) - Container move completed for container #68 from source e77a5d2d-f591-432e-a836-b545b53ea9e2 to target 0736a8b8-0fd2-407d-9766-d2510f9d1e66
2023-08-31 10:29:34,620 [main] WARN  balancer.ContainerBalancerTask (ContainerBalancerTask.java:reachedMaxSizeToMovePerIteration(733)) - Reached max size to move limit. 10737418240 bytes have already been scheduled for balancing and the limit is 10737418240 bytes.
2023-08-31 10:29:34,621 [main] INFO  balancer.ContainerBalancerTask (ContainerBalancerTask.java:checkIterationMoveResults(642)) - Iteration Summary. Number of Datanodes involved: 3. Size moved: 10 GB (10737418240 Bytes). Number of Container moves completed: 2.
2023-08-31 10:29:34,621 [main] INFO  balancer.ContainerBalancerTask (ContainerBalancerTask.java:balance(259)) - Result of this iteration of Container Balancer: ITERATION_COMPLETED
2023-08-31 10:29:34,631 [main] INFO  balancer.ContainerBalancerTask (ContainerBalancerTask.java:tryStopWithSaveConfiguration(308)) - Save Configuration for stopping. Reason: Completed all iterations.
]]></system-out>
  </testcase>
  <testcase name="balancerShouldFollowExcludeAndIncludeDatanodesConfigurations" classname="org.apache.hadoop.hdds.scm.container.balancer.TestContainerBalancerTask" time="0.153">
    <system-out><![CDATA[2023-08-31 10:29:34,740 [main] INFO  net.NodeSchemaLoader (NodeSchemaLoader.java:loadSchemaFromFile(129)) - Loading schema from [file:/home/runner/work/ozone/ozone/hadoop-hdds/common/target/classes/network-topology-default.xml]
2023-08-31 10:29:34,741 [main] INFO  net.NodeSchemaLoader (NodeSchemaLoader.java:loadSchema(176)) - Loading network topology layer schema file
2023-08-31 10:29:34,745 [main] INFO  net.NetworkTopologyImpl (NetworkTopologyImpl.java:add(112)) - Added a new node: /default-rack/645b8c05-9602-46c5-b807-e1358c0a81f1
2023-08-31 10:29:34,747 [main] INFO  net.NetworkTopologyImpl (NetworkTopologyImpl.java:add(112)) - Added a new node: /default-rack/7c71075a-ac79-4f3f-9fe5-4159fbdb4ceb
2023-08-31 10:29:34,748 [main] INFO  net.NetworkTopologyImpl (NetworkTopologyImpl.java:add(112)) - Added a new node: /default-rack/f165fb7f-b9ad-42c2-892e-e3656f32c01e
2023-08-31 10:29:34,748 [main] INFO  net.NetworkTopologyImpl (NetworkTopologyImpl.java:add(112)) - Added a new node: /default-rack/dfd52cbb-e06f-4f06-ba8b-2ee635148bac
2023-08-31 10:29:34,748 [main] INFO  net.NetworkTopologyImpl (NetworkTopologyImpl.java:add(112)) - Added a new node: /default-rack/5486396c-f720-4e6a-8eae-f09675b477bf
2023-08-31 10:29:34,749 [main] INFO  net.NetworkTopologyImpl (NetworkTopologyImpl.java:add(112)) - Added a new node: /default-rack/64c6fe76-98f5-4ebc-aa32-e1b39a4224a9
2023-08-31 10:29:34,749 [main] INFO  net.NetworkTopologyImpl (NetworkTopologyImpl.java:add(112)) - Added a new node: /default-rack/d89950ba-4f6e-46cc-bac1-124201122974
2023-08-31 10:29:34,749 [main] INFO  net.NetworkTopologyImpl (NetworkTopologyImpl.java:add(112)) - Added a new node: /default-rack/c3e3f716-ae65-4d38-a915-a8b3d881c5b5
2023-08-31 10:29:34,750 [main] INFO  net.NetworkTopologyImpl (NetworkTopologyImpl.java:add(112)) - Added a new node: /default-rack/5af1c64b-d4af-4a3b-bfeb-3290e0e5938e
2023-08-31 10:29:34,750 [main] INFO  net.NetworkTopologyImpl (NetworkTopologyImpl.java:add(112)) - Added a new node: /default-rack/44bf5be0-7881-422a-8eca-6a53ea30de23
2023-08-31 10:29:34,750 [main] INFO  algorithms.ContainerPlacementPolicyFactory (ContainerPlacementPolicyFactory.java:getPolicyInternal(86)) - Create container placement policy of type org.apache.hadoop.hdds.scm.container.placement.algorithms.SCMContainerPlacementRackAware
2023-08-31 10:29:34,750 [main] INFO  algorithms.ContainerPlacementPolicyFactory (ContainerPlacementPolicyFactory.java:getPolicyInternal(86)) - Create container placement policy of type org.apache.hadoop.hdds.scm.container.placement.algorithms.SCMContainerPlacementRackScatter
2023-08-31 10:29:34,765 [main] DEBUG balancer.ContainerBalancerTask (ContainerBalancerTask.java:initializeIteration(374)) - Average utilization of the cluster is 0.3130434782608696
2023-08-31 10:29:34,765 [main] DEBUG balancer.ContainerBalancerTask (ContainerBalancerTask.java:initializeIteration(386)) - Lower limit for utilization is 0.21304347826086958 and Upper limit for utilization is 0.4130434782608696
2023-08-31 10:29:34,765 [main] DEBUG balancer.ContainerBalancerTask (ContainerBalancerTask.java:initializeIteration(398)) - Utilization for node 5486396c-f720-4e6a-8eae-f09675b477bf with capacity 84557168640B, used 67645734912B, and remaining 16911433728B is 0.8
2023-08-31 10:29:34,766 [main] DEBUG balancer.ContainerBalancerTask (ContainerBalancerTask.java:initializeIteration(398)) - Utilization for node 7c71075a-ac79-4f3f-9fe5-4159fbdb4ceb with capacity 193273528320B, used 19327352832B, and remaining 173946175488B is 0.1
2023-08-31 10:29:34,766 [main] INFO  balancer.ContainerBalancerTask (ContainerBalancerTask.java:initializeIteration(447)) - Container Balancer has identified 1 Over-Utilized and 1 Under-Utilized Datanodes that need to be balanced.
2023-08-31 10:29:34,766 [main] DEBUG balancer.ContainerBalancerTask (ContainerBalancerTask.java:lambda$initializeIteration$1(453)) - Datanode localhost-45.14.38.150 5486396c-f720-4e6a-8eae-f09675b477bf is Over-Utilized.
2023-08-31 10:29:34,766 [main] DEBUG balancer.ContainerBalancerTask (ContainerBalancerTask.java:lambda$initializeIteration$2(459)) - Datanode localhost-198.11.237.164 7c71075a-ac79-4f3f-9fe5-4159fbdb4ceb is Under-Utilized.
2023-08-31 10:29:34,783 [main] DEBUG balancer.ContainerBalancerTask (ContainerBalancerTask.java:matchSourceWithTarget(708)) - ContainerBalancer is finding suitable target for source datanode 5486396c-f720-4e6a-8eae-f09675b477bf
2023-08-31 10:29:34,784 [main] INFO  balancer.ContainerBalancerTask (ContainerBalancerTask.java:matchSourceWithTarget(722)) - ContainerBalancer matched source datanode 5486396c-f720-4e6a-8eae-f09675b477bf with target datanode 7c71075a-ac79-4f3f-9fe5-4159fbdb4ceb for container move.
2023-08-31 10:29:34,784 [main] INFO  balancer.ContainerBalancerTask (ContainerBalancerTask.java:processMoveSelection(569)) - ContainerBalancer is trying to move container #85 with size 5368709120B from source datanode 5486396c-f720-4e6a-8eae-f09675b477bf to target datanode 7c71075a-ac79-4f3f-9fe5-4159fbdb4ceb
2023-08-31 10:29:34,784 [main] DEBUG balancer.ContainerBalancerTask (ContainerBalancerTask.java:lambda$moveContainer$3(837)) - Container move completed for container #85 from source 5486396c-f720-4e6a-8eae-f09675b477bf to target 7c71075a-ac79-4f3f-9fe5-4159fbdb4ceb
2023-08-31 10:29:34,785 [main] DEBUG balancer.ContainerBalancerTask (ContainerBalancerTask.java:adaptOnReachingIterationLimits(782)) - Reached max datanodes to involve limit. 2 datanodes have already been selected for balancing and the limit is 2. Only already selected sources and targets can be involved in balancing now.
2023-08-31 10:29:34,799 [main] DEBUG balancer.ContainerBalancerTask (ContainerBalancerTask.java:matchSourceWithTarget(708)) - ContainerBalancer is finding suitable target for source datanode 5486396c-f720-4e6a-8eae-f09675b477bf
2023-08-31 10:29:34,799 [main] INFO  balancer.ContainerBalancerTask (ContainerBalancerTask.java:matchSourceWithTarget(722)) - ContainerBalancer matched source datanode 5486396c-f720-4e6a-8eae-f09675b477bf with target datanode 7c71075a-ac79-4f3f-9fe5-4159fbdb4ceb for container move.
2023-08-31 10:29:34,800 [main] INFO  balancer.ContainerBalancerTask (ContainerBalancerTask.java:processMoveSelection(569)) - ContainerBalancer is trying to move container #68 with size 5368709120B from source datanode 5486396c-f720-4e6a-8eae-f09675b477bf to target datanode 7c71075a-ac79-4f3f-9fe5-4159fbdb4ceb
2023-08-31 10:29:34,800 [main] DEBUG balancer.ContainerBalancerTask (ContainerBalancerTask.java:lambda$moveContainer$3(837)) - Container move completed for container #68 from source 5486396c-f720-4e6a-8eae-f09675b477bf to target 7c71075a-ac79-4f3f-9fe5-4159fbdb4ceb
2023-08-31 10:29:34,813 [main] DEBUG balancer.ContainerBalancerTask (ContainerBalancerTask.java:matchSourceWithTarget(708)) - ContainerBalancer is finding suitable target for source datanode 5486396c-f720-4e6a-8eae-f09675b477bf
2023-08-31 10:29:34,814 [main] INFO  balancer.FindTargetGreedyByUsageInfo (AbstractFindTargetGreedy.java:findTargetForContainerMove(133)) - Container Balancer could not find a target for source datanode 5486396c-f720-4e6a-8eae-f09675b477bf
2023-08-31 10:29:34,814 [main] DEBUG balancer.ContainerBalancerTask (ContainerBalancerTask.java:matchSourceWithTarget(717)) - ContainerBalancer could not find a suitable target for source node 5486396c-f720-4e6a-8eae-f09675b477bf.
2023-08-31 10:29:34,815 [main] INFO  balancer.FindSourceGreedy (FindSourceGreedy.java:getNextCandidateSourceDataNode(126)) - no more candidate source data node
2023-08-31 10:29:34,816 [main] INFO  balancer.ContainerBalancerTask (ContainerBalancerTask.java:checkIterationMoveResults(642)) - Iteration Summary. Number of Datanodes involved: 2. Size moved: 10 GB (10737418240 Bytes). Number of Container moves completed: 2.
2023-08-31 10:29:34,816 [main] INFO  balancer.ContainerBalancerTask (ContainerBalancerTask.java:balance(259)) - Result of this iteration of Container Balancer: ITERATION_COMPLETED
2023-08-31 10:29:34,817 [main] INFO  balancer.ContainerBalancerTask (ContainerBalancerTask.java:tryStopWithSaveConfiguration(308)) - Save Configuration for stopping. Reason: Completed all iterations.
]]></system-out>
  </testcase>
  <testcase name="unBalancedNodesListShouldBeEmptyWhenClusterIsBalanced" classname="org.apache.hadoop.hdds.scm.container.balancer.TestContainerBalancerTask" time="0.082">
    <system-out><![CDATA[2023-08-31 10:29:34,887 [main] INFO  net.NodeSchemaLoader (NodeSchemaLoader.java:loadSchemaFromFile(129)) - Loading schema from [file:/home/runner/work/ozone/ozone/hadoop-hdds/common/target/classes/network-topology-default.xml]
2023-08-31 10:29:34,887 [main] INFO  net.NodeSchemaLoader (NodeSchemaLoader.java:loadSchema(176)) - Loading network topology layer schema file
2023-08-31 10:29:34,897 [main] INFO  net.NetworkTopologyImpl (NetworkTopologyImpl.java:add(112)) - Added a new node: /default-rack/569f983c-e068-4949-a4af-ca149838f831
2023-08-31 10:29:34,897 [main] INFO  net.NetworkTopologyImpl (NetworkTopologyImpl.java:add(112)) - Added a new node: /default-rack/3fe7139b-83ad-48b3-be24-0d0ee53075e9
2023-08-31 10:29:34,897 [main] INFO  net.NetworkTopologyImpl (NetworkTopologyImpl.java:add(112)) - Added a new node: /default-rack/1ccc1885-b893-4658-98df-e073d7eaf5f7
2023-08-31 10:29:34,897 [main] INFO  net.NetworkTopologyImpl (NetworkTopologyImpl.java:add(112)) - Added a new node: /default-rack/cc0144ce-b3cf-4447-a946-276750ecfb3e
2023-08-31 10:29:34,898 [main] INFO  net.NetworkTopologyImpl (NetworkTopologyImpl.java:add(112)) - Added a new node: /default-rack/65ac9f51-a084-438e-acec-f3c4a6298333
2023-08-31 10:29:34,898 [main] INFO  net.NetworkTopologyImpl (NetworkTopologyImpl.java:add(112)) - Added a new node: /default-rack/2d7a71e3-8c56-4a9e-8a5d-2bdff6c2d497
2023-08-31 10:29:34,898 [main] INFO  net.NetworkTopologyImpl (NetworkTopologyImpl.java:add(112)) - Added a new node: /default-rack/a71204a6-e555-417e-b761-79b5fa2628fb
2023-08-31 10:29:34,898 [main] INFO  net.NetworkTopologyImpl (NetworkTopologyImpl.java:add(112)) - Added a new node: /default-rack/2af98cf5-35d9-4d83-9ceb-514e16414505
2023-08-31 10:29:34,898 [main] INFO  net.NetworkTopologyImpl (NetworkTopologyImpl.java:add(112)) - Added a new node: /default-rack/531425d0-c452-4f25-bcc9-9683c28235f1
2023-08-31 10:29:34,899 [main] INFO  net.NetworkTopologyImpl (NetworkTopologyImpl.java:add(112)) - Added a new node: /default-rack/23d0e0b3-b4a7-4850-92b7-48d0e22b33f4
2023-08-31 10:29:34,899 [main] INFO  algorithms.ContainerPlacementPolicyFactory (ContainerPlacementPolicyFactory.java:getPolicyInternal(86)) - Create container placement policy of type org.apache.hadoop.hdds.scm.container.placement.algorithms.SCMContainerPlacementRackAware
2023-08-31 10:29:34,899 [main] INFO  algorithms.ContainerPlacementPolicyFactory (ContainerPlacementPolicyFactory.java:getPolicyInternal(86)) - Create container placement policy of type org.apache.hadoop.hdds.scm.container.placement.algorithms.SCMContainerPlacementRackScatter
2023-08-31 10:29:34,903 [main] DEBUG balancer.ContainerBalancerTask (ContainerBalancerTask.java:initializeIteration(374)) - Average utilization of the cluster is 0.35372793670152736
2023-08-31 10:29:34,904 [main] DEBUG balancer.ContainerBalancerTask (ContainerBalancerTask.java:initializeIteration(386)) - Lower limit for utilization is -0.6461720632984725 and Upper limit for utilization is 1.3536279367015274
2023-08-31 10:29:34,904 [main] DEBUG balancer.ContainerBalancerTask (ContainerBalancerTask.java:initializeIteration(398)) - Utilization for node 23d0e0b3-b4a7-4850-92b7-48d0e22b33f4 with capacity 59652323555B, used 53687091200B, and remaining 5965232355B is 0.9000000000083819
2023-08-31 10:29:34,904 [main] DEBUG balancer.ContainerBalancerTask (ContainerBalancerTask.java:initializeIteration(398)) - Utilization for node 65ac9f51-a084-438e-acec-f3c4a6298333 with capacity 67108864000B, used 53687091200B, and remaining 13421772800B is 0.8
2023-08-31 10:29:34,904 [main] DEBUG balancer.ContainerBalancerTask (ContainerBalancerTask.java:initializeIteration(398)) - Utilization for node 569f983c-e068-4949-a4af-ca149838f831 with capacity 69026260114B, used 48318382080B, and remaining 20707878034B is 0.7000000000028974
2023-08-31 10:29:34,905 [main] DEBUG balancer.ContainerBalancerTask (ContainerBalancerTask.java:initializeIteration(398)) - Utilization for node 1ccc1885-b893-4658-98df-e073d7eaf5f7 with capacity 89478485333B, used 53687091200B, and remaining 35791394133B is 0.6000000000022352
2023-08-31 10:29:34,905 [main] DEBUG balancer.ContainerBalancerTask (ContainerBalancerTask.java:initializeIteration(398)) - Utilization for node 531425d0-c452-4f25-bcc9-9683c28235f1 with capacity 96636764160B, used 48318382080B, and remaining 48318382080B is 0.5
2023-08-31 10:29:34,905 [main] DEBUG balancer.ContainerBalancerTask (ContainerBalancerTask.java:initializeIteration(398)) - Utilization for node a71204a6-e555-417e-b761-79b5fa2628fb with capacity 131533373440B, used 52613349376B, and remaining 78920024064B is 0.4
2023-08-31 10:29:34,905 [main] DEBUG balancer.ContainerBalancerTask (ContainerBalancerTask.java:initializeIteration(398)) - Utilization for node 3fe7139b-83ad-48b3-be24-0d0ee53075e9 with capacity 64424509440B, used 19327352832B, and remaining 45097156608B is 0.3
2023-08-31 10:29:34,905 [main] DEBUG balancer.ContainerBalancerTask (ContainerBalancerTask.java:initializeIteration(398)) - Utilization for node 2d7a71e3-8c56-4a9e-8a5d-2bdff6c2d497 with capacity 161061273600B, used 32212254720B, and remaining 128849018880B is 0.2
2023-08-31 10:29:34,905 [main] DEBUG balancer.ContainerBalancerTask (ContainerBalancerTask.java:initializeIteration(398)) - Utilization for node 2af98cf5-35d9-4d83-9ceb-514e16414505 with capacity 343597383680B, used 34359738368B, and remaining 309237645312B is 0.1
2023-08-31 10:29:34,906 [main] DEBUG balancer.ContainerBalancerTask (ContainerBalancerTask.java:initializeIteration(398)) - Utilization for node cc0144ce-b3cf-4447-a946-276750ecfb3e with capacity 37580963840B, used 0B, and remaining 37580963840B is 0.0
2023-08-31 10:29:34,906 [main] INFO  balancer.ContainerBalancerTask (ContainerBalancerTask.java:initializeIteration(443)) - Did not find any unbalanced Datanodes.
2023-08-31 10:29:34,906 [main] INFO  balancer.ContainerBalancerTask (ContainerBalancerTask.java:tryStopWithSaveConfiguration(308)) - Save Configuration for stopping. Reason: Could not initialize ContainerBalancer's iteration number 0
]]></system-out>
  </testcase>
  <testcase name="containerMoveSelectionShouldFollowPlacementPolicy" classname="org.apache.hadoop.hdds.scm.container.balancer.TestContainerBalancerTask" time="0.172">
    <system-out><![CDATA[2023-08-31 10:29:34,956 [main] INFO  net.NodeSchemaLoader (NodeSchemaLoader.java:loadSchemaFromFile(129)) - Loading schema from [file:/home/runner/work/ozone/ozone/hadoop-hdds/common/target/classes/network-topology-default.xml]
2023-08-31 10:29:34,956 [main] INFO  net.NodeSchemaLoader (NodeSchemaLoader.java:loadSchema(176)) - Loading network topology layer schema file
2023-08-31 10:29:34,964 [main] INFO  net.NetworkTopologyImpl (NetworkTopologyImpl.java:add(112)) - Added a new node: /default-rack/c355aaf6-63c6-4e62-97fd-6fc74643f53f
2023-08-31 10:29:34,965 [main] INFO  net.NetworkTopologyImpl (NetworkTopologyImpl.java:add(112)) - Added a new node: /default-rack/7fca8de1-8033-45d5-b8d7-692264351069
2023-08-31 10:29:34,965 [main] INFO  net.NetworkTopologyImpl (NetworkTopologyImpl.java:add(112)) - Added a new node: /default-rack/c66978ed-8c00-4074-b36a-4c64e15b17f0
2023-08-31 10:29:34,967 [main] INFO  net.NetworkTopologyImpl (NetworkTopologyImpl.java:add(112)) - Added a new node: /default-rack/03a83319-3f16-4ed9-9ebc-0e8b532ee921
2023-08-31 10:29:34,968 [main] INFO  net.NetworkTopologyImpl (NetworkTopologyImpl.java:add(112)) - Added a new node: /default-rack/be028bf6-7a5d-4b1c-9b73-010ecac0e52f
2023-08-31 10:29:34,968 [main] INFO  net.NetworkTopologyImpl (NetworkTopologyImpl.java:add(112)) - Added a new node: /default-rack/adfda63b-7ae9-40a2-a479-1aa18d20794c
2023-08-31 10:29:34,969 [main] INFO  net.NetworkTopologyImpl (NetworkTopologyImpl.java:add(112)) - Added a new node: /default-rack/4a4d5743-548d-49f8-8846-d07fe85437db
2023-08-31 10:29:34,969 [main] INFO  net.NetworkTopologyImpl (NetworkTopologyImpl.java:add(112)) - Added a new node: /default-rack/c149d5c1-1bed-4362-8a6b-7e21b519db69
2023-08-31 10:29:34,971 [main] INFO  net.NetworkTopologyImpl (NetworkTopologyImpl.java:add(112)) - Added a new node: /default-rack/8749dfd2-b564-4e92-b780-2464ddb37af4
2023-08-31 10:29:34,971 [main] INFO  net.NetworkTopologyImpl (NetworkTopologyImpl.java:add(112)) - Added a new node: /default-rack/2ee1ec90-a0f2-4397-8d1f-ac776895fd06
2023-08-31 10:29:34,971 [main] INFO  algorithms.ContainerPlacementPolicyFactory (ContainerPlacementPolicyFactory.java:getPolicyInternal(86)) - Create container placement policy of type org.apache.hadoop.hdds.scm.container.placement.algorithms.SCMContainerPlacementRackAware
2023-08-31 10:29:34,971 [main] INFO  algorithms.ContainerPlacementPolicyFactory (ContainerPlacementPolicyFactory.java:getPolicyInternal(86)) - Create container placement policy of type org.apache.hadoop.hdds.scm.container.placement.algorithms.SCMContainerPlacementRackScatter
2023-08-31 10:29:34,975 [main] DEBUG balancer.ContainerBalancerTask (ContainerBalancerTask.java:initializeIteration(374)) - Average utilization of the cluster is 0.3106880757822297
2023-08-31 10:29:34,976 [main] DEBUG balancer.ContainerBalancerTask (ContainerBalancerTask.java:initializeIteration(386)) - Lower limit for utilization is 0.21068807578222967 and Upper limit for utilization is 0.41068807578222966
2023-08-31 10:29:34,976 [main] DEBUG balancer.ContainerBalancerTask (ContainerBalancerTask.java:initializeIteration(398)) - Utilization for node c66978ed-8c00-4074-b36a-4c64e15b17f0 with capacity 44142719431B, used 39728447488B, and remaining 4414271943B is 0.9000000000022654
2023-08-31 10:29:34,980 [main] DEBUG balancer.ContainerBalancerTask (ContainerBalancerTask.java:initializeIteration(398)) - Utilization for node be028bf6-7a5d-4b1c-9b73-010ecac0e52f with capacity 67108864000B, used 53687091200B, and remaining 13421772800B is 0.8
2023-08-31 10:29:34,980 [main] DEBUG balancer.ContainerBalancerTask (ContainerBalancerTask.java:initializeIteration(398)) - Utilization for node c149d5c1-1bed-4362-8a6b-7e21b519db69 with capacity 55221008091B, used 38654705664B, and remaining 16566302427B is 0.7000000000054327
2023-08-31 10:29:34,980 [main] DEBUG balancer.ContainerBalancerTask (ContainerBalancerTask.java:initializeIteration(398)) - Utilization for node 7fca8de1-8033-45d5-b8d7-692264351069 with capacity 94847194453B, used 56908316672B, and remaining 37938877781B is 0.6000000000021086
2023-08-31 10:29:34,981 [main] DEBUG balancer.ContainerBalancerTask (ContainerBalancerTask.java:initializeIteration(398)) - Utilization for node 8749dfd2-b564-4e92-b780-2464ddb37af4 with capacity 107374182400B, used 53687091200B, and remaining 53687091200B is 0.5
2023-08-31 10:29:34,981 [main] DEBUG balancer.ContainerBalancerTask (ContainerBalancerTask.java:initializeIteration(398)) - Utilization for node 4a4d5743-548d-49f8-8846-d07fe85437db with capacity 115427246080B, used 46170898432B, and remaining 69256347648B is 0.4
2023-08-31 10:29:34,981 [main] DEBUG balancer.ContainerBalancerTask (ContainerBalancerTask.java:initializeIteration(398)) - Utilization for node 03a83319-3f16-4ed9-9ebc-0e8b532ee921 with capacity 139586437120B, used 41875931136B, and remaining 97710505984B is 0.3
2023-08-31 10:29:34,981 [main] DEBUG balancer.ContainerBalancerTask (ContainerBalancerTask.java:initializeIteration(398)) - Utilization for node 2ee1ec90-a0f2-4397-8d1f-ac776895fd06 with capacity 134217728000B, used 26843545600B, and remaining 107374182400B is 0.2
2023-08-31 10:29:34,981 [main] DEBUG balancer.ContainerBalancerTask (ContainerBalancerTask.java:initializeIteration(398)) - Utilization for node c355aaf6-63c6-4e62-97fd-6fc74643f53f with capacity 493921239040B, used 49392123904B, and remaining 444529115136B is 0.1
2023-08-31 10:29:34,981 [main] DEBUG balancer.ContainerBalancerTask (ContainerBalancerTask.java:initializeIteration(398)) - Utilization for node adfda63b-7ae9-40a2-a479-1aa18d20794c with capacity 57982058496B, used 0B, and remaining 57982058496B is 0.0
2023-08-31 10:29:34,982 [main] INFO  balancer.ContainerBalancerTask (ContainerBalancerTask.java:initializeIteration(447)) - Container Balancer has identified 5 Over-Utilized and 3 Under-Utilized Datanodes that need to be balanced.
2023-08-31 10:29:34,982 [main] DEBUG balancer.ContainerBalancerTask (ContainerBalancerTask.java:lambda$initializeIteration$1(453)) - Datanode localhost-121.62.166.195 c66978ed-8c00-4074-b36a-4c64e15b17f0 is Over-Utilized.
2023-08-31 10:29:34,982 [main] DEBUG balancer.ContainerBalancerTask (ContainerBalancerTask.java:lambda$initializeIteration$1(453)) - Datanode localhost-251.30.223.110 be028bf6-7a5d-4b1c-9b73-010ecac0e52f is Over-Utilized.
2023-08-31 10:29:34,982 [main] DEBUG balancer.ContainerBalancerTask (ContainerBalancerTask.java:lambda$initializeIteration$1(453)) - Datanode localhost-59.41.29.202 c149d5c1-1bed-4362-8a6b-7e21b519db69 is Over-Utilized.
2023-08-31 10:29:34,982 [main] DEBUG balancer.ContainerBalancerTask (ContainerBalancerTask.java:lambda$initializeIteration$1(453)) - Datanode localhost-140.5.25.110 7fca8de1-8033-45d5-b8d7-692264351069 is Over-Utilized.
2023-08-31 10:29:34,982 [main] DEBUG balancer.ContainerBalancerTask (ContainerBalancerTask.java:lambda$initializeIteration$1(453)) - Datanode localhost-200.4.164.251 8749dfd2-b564-4e92-b780-2464ddb37af4 is Over-Utilized.
2023-08-31 10:29:34,982 [main] DEBUG balancer.ContainerBalancerTask (ContainerBalancerTask.java:lambda$initializeIteration$2(459)) - Datanode localhost-210.168.87.48 adfda63b-7ae9-40a2-a479-1aa18d20794c is Under-Utilized.
2023-08-31 10:29:34,983 [main] DEBUG balancer.ContainerBalancerTask (ContainerBalancerTask.java:lambda$initializeIteration$2(459)) - Datanode localhost-240.141.223.8 c355aaf6-63c6-4e62-97fd-6fc74643f53f is Under-Utilized.
2023-08-31 10:29:34,983 [main] DEBUG balancer.ContainerBalancerTask (ContainerBalancerTask.java:lambda$initializeIteration$2(459)) - Datanode localhost-64.225.123.154 2ee1ec90-a0f2-4397-8d1f-ac776895fd06 is Under-Utilized.
2023-08-31 10:29:34,986 [main] DEBUG balancer.ContainerBalancerTask (ContainerBalancerTask.java:matchSourceWithTarget(708)) - ContainerBalancer is finding suitable target for source datanode c66978ed-8c00-4074-b36a-4c64e15b17f0
2023-08-31 10:29:34,986 [main] INFO  balancer.ContainerBalancerTask (ContainerBalancerTask.java:matchSourceWithTarget(722)) - ContainerBalancer matched source datanode c66978ed-8c00-4074-b36a-4c64e15b17f0 with target datanode adfda63b-7ae9-40a2-a479-1aa18d20794c for container move.
2023-08-31 10:29:34,986 [main] INFO  balancer.ContainerBalancerTask (ContainerBalancerTask.java:processMoveSelection(569)) - ContainerBalancer is trying to move container #85 with size 5368709120B from source datanode c66978ed-8c00-4074-b36a-4c64e15b17f0 to target datanode adfda63b-7ae9-40a2-a479-1aa18d20794c
2023-08-31 10:29:34,987 [main] DEBUG balancer.ContainerBalancerTask (ContainerBalancerTask.java:lambda$moveContainer$3(837)) - Container move completed for container #85 from source c66978ed-8c00-4074-b36a-4c64e15b17f0 to target adfda63b-7ae9-40a2-a479-1aa18d20794c
2023-08-31 10:29:34,997 [main] DEBUG balancer.ContainerBalancerTask (ContainerBalancerTask.java:matchSourceWithTarget(708)) - ContainerBalancer is finding suitable target for source datanode be028bf6-7a5d-4b1c-9b73-010ecac0e52f
2023-08-31 10:29:34,997 [main] INFO  balancer.ContainerBalancerTask (ContainerBalancerTask.java:matchSourceWithTarget(722)) - ContainerBalancer matched source datanode be028bf6-7a5d-4b1c-9b73-010ecac0e52f with target datanode adfda63b-7ae9-40a2-a479-1aa18d20794c for container move.
2023-08-31 10:29:34,997 [main] INFO  balancer.ContainerBalancerTask (ContainerBalancerTask.java:processMoveSelection(569)) - ContainerBalancer is trying to move container #68 with size 5368709120B from source datanode be028bf6-7a5d-4b1c-9b73-010ecac0e52f to target datanode adfda63b-7ae9-40a2-a479-1aa18d20794c
2023-08-31 10:29:34,998 [main] DEBUG balancer.ContainerBalancerTask (ContainerBalancerTask.java:lambda$moveContainer$3(837)) - Container move completed for container #68 from source be028bf6-7a5d-4b1c-9b73-010ecac0e52f to target adfda63b-7ae9-40a2-a479-1aa18d20794c
2023-08-31 10:29:35,001 [main] DEBUG balancer.ContainerBalancerTask (ContainerBalancerTask.java:matchSourceWithTarget(708)) - ContainerBalancer is finding suitable target for source datanode c66978ed-8c00-4074-b36a-4c64e15b17f0
2023-08-31 10:29:35,002 [main] INFO  balancer.ContainerBalancerTask (ContainerBalancerTask.java:matchSourceWithTarget(722)) - ContainerBalancer matched source datanode c66978ed-8c00-4074-b36a-4c64e15b17f0 with target datanode c355aaf6-63c6-4e62-97fd-6fc74643f53f for container move.
2023-08-31 10:29:35,003 [main] INFO  balancer.ContainerBalancerTask (ContainerBalancerTask.java:processMoveSelection(569)) - ContainerBalancer is trying to move container #84 with size 4294967296B from source datanode c66978ed-8c00-4074-b36a-4c64e15b17f0 to target datanode c355aaf6-63c6-4e62-97fd-6fc74643f53f
2023-08-31 10:29:35,004 [main] DEBUG balancer.ContainerBalancerTask (ContainerBalancerTask.java:lambda$moveContainer$3(837)) - Container move completed for container #84 from source c66978ed-8c00-4074-b36a-4c64e15b17f0 to target c355aaf6-63c6-4e62-97fd-6fc74643f53f
2023-08-31 10:29:35,010 [main] DEBUG balancer.ContainerBalancerTask (ContainerBalancerTask.java:matchSourceWithTarget(708)) - ContainerBalancer is finding suitable target for source datanode be028bf6-7a5d-4b1c-9b73-010ecac0e52f
2023-08-31 10:29:35,011 [main] INFO  balancer.ContainerBalancerTask (ContainerBalancerTask.java:matchSourceWithTarget(722)) - ContainerBalancer matched source datanode be028bf6-7a5d-4b1c-9b73-010ecac0e52f with target datanode c355aaf6-63c6-4e62-97fd-6fc74643f53f for container move.
2023-08-31 10:29:35,011 [main] INFO  balancer.ContainerBalancerTask (ContainerBalancerTask.java:processMoveSelection(569)) - ContainerBalancer is trying to move container #53 with size 5368709120B from source datanode be028bf6-7a5d-4b1c-9b73-010ecac0e52f to target datanode c355aaf6-63c6-4e62-97fd-6fc74643f53f
2023-08-31 10:29:35,012 [main] DEBUG balancer.ContainerBalancerTask (ContainerBalancerTask.java:lambda$moveContainer$3(837)) - Container move completed for container #53 from source be028bf6-7a5d-4b1c-9b73-010ecac0e52f to target c355aaf6-63c6-4e62-97fd-6fc74643f53f
2023-08-31 10:29:35,015 [main] DEBUG balancer.ContainerBalancerTask (ContainerBalancerTask.java:matchSourceWithTarget(708)) - ContainerBalancer is finding suitable target for source datanode c149d5c1-1bed-4362-8a6b-7e21b519db69
2023-08-31 10:29:35,016 [main] INFO  balancer.ContainerBalancerTask (ContainerBalancerTask.java:matchSourceWithTarget(722)) - ContainerBalancer matched source datanode c149d5c1-1bed-4362-8a6b-7e21b519db69 with target datanode c355aaf6-63c6-4e62-97fd-6fc74643f53f for container move.
2023-08-31 10:29:35,016 [main] INFO  balancer.ContainerBalancerTask (ContainerBalancerTask.java:processMoveSelection(569)) - ContainerBalancer is trying to move container #19 with size 4294967296B from source datanode c149d5c1-1bed-4362-8a6b-7e21b519db69 to target datanode c355aaf6-63c6-4e62-97fd-6fc74643f53f
2023-08-31 10:29:35,017 [main] DEBUG balancer.ContainerBalancerTask (ContainerBalancerTask.java:lambda$moveContainer$3(837)) - Container move completed for container #19 from source c149d5c1-1bed-4362-8a6b-7e21b519db69 to target c355aaf6-63c6-4e62-97fd-6fc74643f53f
2023-08-31 10:29:35,022 [main] DEBUG balancer.ContainerBalancerTask (ContainerBalancerTask.java:matchSourceWithTarget(708)) - ContainerBalancer is finding suitable target for source datanode c66978ed-8c00-4074-b36a-4c64e15b17f0
2023-08-31 10:29:35,022 [main] INFO  balancer.ContainerBalancerTask (ContainerBalancerTask.java:matchSourceWithTarget(722)) - ContainerBalancer matched source datanode c66978ed-8c00-4074-b36a-4c64e15b17f0 with target datanode c355aaf6-63c6-4e62-97fd-6fc74643f53f for container move.
2023-08-31 10:29:35,022 [main] INFO  balancer.ContainerBalancerTask (ContainerBalancerTask.java:processMoveSelection(569)) - ContainerBalancer is trying to move container #88 with size 3221225472B from source datanode c66978ed-8c00-4074-b36a-4c64e15b17f0 to target datanode c355aaf6-63c6-4e62-97fd-6fc74643f53f
2023-08-31 10:29:35,023 [main] DEBUG balancer.ContainerBalancerTask (ContainerBalancerTask.java:lambda$moveContainer$3(837)) - Container move completed for container #88 from source c66978ed-8c00-4074-b36a-4c64e15b17f0 to target c355aaf6-63c6-4e62-97fd-6fc74643f53f
2023-08-31 10:29:35,027 [main] DEBUG balancer.ContainerBalancerTask (ContainerBalancerTask.java:matchSourceWithTarget(708)) - ContainerBalancer is finding suitable target for source datanode be028bf6-7a5d-4b1c-9b73-010ecac0e52f
2023-08-31 10:29:35,028 [main] INFO  balancer.ContainerBalancerTask (ContainerBalancerTask.java:matchSourceWithTarget(722)) - ContainerBalancer matched source datanode be028bf6-7a5d-4b1c-9b73-010ecac0e52f with target datanode c355aaf6-63c6-4e62-97fd-6fc74643f53f for container move.
2023-08-31 10:29:35,029 [main] INFO  balancer.ContainerBalancerTask (ContainerBalancerTask.java:processMoveSelection(569)) - ContainerBalancer is trying to move container #67 with size 4294967296B from source datanode be028bf6-7a5d-4b1c-9b73-010ecac0e52f to target datanode c355aaf6-63c6-4e62-97fd-6fc74643f53f
2023-08-31 10:29:35,030 [main] DEBUG balancer.ContainerBalancerTask (ContainerBalancerTask.java:lambda$moveContainer$3(837)) - Container move completed for container #67 from source be028bf6-7a5d-4b1c-9b73-010ecac0e52f to target c355aaf6-63c6-4e62-97fd-6fc74643f53f
2023-08-31 10:29:35,034 [main] DEBUG balancer.ContainerBalancerTask (ContainerBalancerTask.java:matchSourceWithTarget(708)) - ContainerBalancer is finding suitable target for source datanode c149d5c1-1bed-4362-8a6b-7e21b519db69
2023-08-31 10:29:35,034 [main] INFO  balancer.ContainerBalancerTask (ContainerBalancerTask.java:matchSourceWithTarget(722)) - ContainerBalancer matched source datanode c149d5c1-1bed-4362-8a6b-7e21b519db69 with target datanode c355aaf6-63c6-4e62-97fd-6fc74643f53f for container move.
2023-08-31 10:29:35,035 [main] INFO  balancer.ContainerBalancerTask (ContainerBalancerTask.java:processMoveSelection(569)) - ContainerBalancer is trying to move container #83 with size 3221225472B from source datanode c149d5c1-1bed-4362-8a6b-7e21b519db69 to target datanode c355aaf6-63c6-4e62-97fd-6fc74643f53f
2023-08-31 10:29:35,036 [main] DEBUG balancer.ContainerBalancerTask (ContainerBalancerTask.java:lambda$moveContainer$3(837)) - Container move completed for container #83 from source c149d5c1-1bed-4362-8a6b-7e21b519db69 to target c355aaf6-63c6-4e62-97fd-6fc74643f53f
2023-08-31 10:29:35,041 [main] DEBUG balancer.ContainerBalancerTask (ContainerBalancerTask.java:matchSourceWithTarget(708)) - ContainerBalancer is finding suitable target for source datanode c66978ed-8c00-4074-b36a-4c64e15b17f0
2023-08-31 10:29:35,042 [main] INFO  balancer.ContainerBalancerTask (ContainerBalancerTask.java:matchSourceWithTarget(722)) - ContainerBalancer matched source datanode c66978ed-8c00-4074-b36a-4c64e15b17f0 with target datanode c355aaf6-63c6-4e62-97fd-6fc74643f53f for container move.
2023-08-31 10:29:35,042 [main] INFO  balancer.ContainerBalancerTask (ContainerBalancerTask.java:processMoveSelection(569)) - ContainerBalancer is trying to move container #27 with size 3221225472B from source datanode c66978ed-8c00-4074-b36a-4c64e15b17f0 to target datanode c355aaf6-63c6-4e62-97fd-6fc74643f53f
2023-08-31 10:29:35,043 [main] DEBUG balancer.ContainerBalancerTask (ContainerBalancerTask.java:lambda$moveContainer$3(837)) - Container move completed for container #27 from source c66978ed-8c00-4074-b36a-4c64e15b17f0 to target c355aaf6-63c6-4e62-97fd-6fc74643f53f
2023-08-31 10:29:35,049 [main] DEBUG balancer.ContainerBalancerTask (ContainerBalancerTask.java:matchSourceWithTarget(708)) - ContainerBalancer is finding suitable target for source datanode 7fca8de1-8033-45d5-b8d7-692264351069
2023-08-31 10:29:35,050 [main] INFO  balancer.ContainerBalancerTask (ContainerBalancerTask.java:matchSourceWithTarget(722)) - ContainerBalancer matched source datanode 7fca8de1-8033-45d5-b8d7-692264351069 with target datanode c355aaf6-63c6-4e62-97fd-6fc74643f53f for container move.
2023-08-31 10:29:35,050 [main] INFO  balancer.ContainerBalancerTask (ContainerBalancerTask.java:processMoveSelection(569)) - ContainerBalancer is trying to move container #40 with size 5368709120B from source datanode 7fca8de1-8033-45d5-b8d7-692264351069 to target datanode c355aaf6-63c6-4e62-97fd-6fc74643f53f
2023-08-31 10:29:35,050 [main] DEBUG balancer.ContainerBalancerTask (ContainerBalancerTask.java:lambda$moveContainer$3(837)) - Container move completed for container #40 from source 7fca8de1-8033-45d5-b8d7-692264351069 to target c355aaf6-63c6-4e62-97fd-6fc74643f53f
2023-08-31 10:29:35,058 [main] DEBUG balancer.ContainerBalancerTask (ContainerBalancerTask.java:matchSourceWithTarget(708)) - ContainerBalancer is finding suitable target for source datanode be028bf6-7a5d-4b1c-9b73-010ecac0e52f
2023-08-31 10:29:35,058 [main] INFO  balancer.ContainerBalancerTask (ContainerBalancerTask.java:matchSourceWithTarget(722)) - ContainerBalancer matched source datanode be028bf6-7a5d-4b1c-9b73-010ecac0e52f with target datanode c355aaf6-63c6-4e62-97fd-6fc74643f53f for container move.
2023-08-31 10:29:35,059 [main] INFO  balancer.ContainerBalancerTask (ContainerBalancerTask.java:processMoveSelection(569)) - ContainerBalancer is trying to move container #66 with size 3221225472B from source datanode be028bf6-7a5d-4b1c-9b73-010ecac0e52f to target datanode c355aaf6-63c6-4e62-97fd-6fc74643f53f
2023-08-31 10:29:35,060 [main] DEBUG balancer.ContainerBalancerTask (ContainerBalancerTask.java:lambda$moveContainer$3(837)) - Container move completed for container #66 from source be028bf6-7a5d-4b1c-9b73-010ecac0e52f to target c355aaf6-63c6-4e62-97fd-6fc74643f53f
2023-08-31 10:29:35,063 [main] DEBUG balancer.ContainerBalancerTask (ContainerBalancerTask.java:matchSourceWithTarget(708)) - ContainerBalancer is finding suitable target for source datanode c149d5c1-1bed-4362-8a6b-7e21b519db69
2023-08-31 10:29:35,064 [main] INFO  balancer.ContainerBalancerTask (ContainerBalancerTask.java:matchSourceWithTarget(722)) - ContainerBalancer matched source datanode c149d5c1-1bed-4362-8a6b-7e21b519db69 with target datanode c355aaf6-63c6-4e62-97fd-6fc74643f53f for container move.
2023-08-31 10:29:35,064 [main] INFO  balancer.ContainerBalancerTask (ContainerBalancerTask.java:processMoveSelection(569)) - ContainerBalancer is trying to move container #11 with size 3221225472B from source datanode c149d5c1-1bed-4362-8a6b-7e21b519db69 to target datanode c355aaf6-63c6-4e62-97fd-6fc74643f53f
2023-08-31 10:29:35,064 [main] DEBUG balancer.ContainerBalancerTask (ContainerBalancerTask.java:lambda$moveContainer$3(837)) - Container move completed for container #11 from source c149d5c1-1bed-4362-8a6b-7e21b519db69 to target c355aaf6-63c6-4e62-97fd-6fc74643f53f
2023-08-31 10:29:35,069 [main] DEBUG balancer.ContainerBalancerTask (ContainerBalancerTask.java:matchSourceWithTarget(708)) - ContainerBalancer is finding suitable target for source datanode 7fca8de1-8033-45d5-b8d7-692264351069
2023-08-31 10:29:35,069 [main] INFO  balancer.ContainerBalancerTask (ContainerBalancerTask.java:matchSourceWithTarget(722)) - ContainerBalancer matched source datanode 7fca8de1-8033-45d5-b8d7-692264351069 with target datanode c355aaf6-63c6-4e62-97fd-6fc74643f53f for container move.
2023-08-31 10:29:35,070 [main] INFO  balancer.ContainerBalancerTask (ContainerBalancerTask.java:processMoveSelection(569)) - ContainerBalancer is trying to move container #82 with size 2147483648B from source datanode 7fca8de1-8033-45d5-b8d7-692264351069 to target datanode c355aaf6-63c6-4e62-97fd-6fc74643f53f
2023-08-31 10:29:35,070 [main] DEBUG balancer.ContainerBalancerTask (ContainerBalancerTask.java:lambda$moveContainer$3(837)) - Container move completed for container #82 from source 7fca8de1-8033-45d5-b8d7-692264351069 to target c355aaf6-63c6-4e62-97fd-6fc74643f53f
2023-08-31 10:29:35,073 [main] DEBUG balancer.ContainerBalancerTask (ContainerBalancerTask.java:matchSourceWithTarget(708)) - ContainerBalancer is finding suitable target for source datanode c66978ed-8c00-4074-b36a-4c64e15b17f0
2023-08-31 10:29:35,074 [main] INFO  balancer.ContainerBalancerTask (ContainerBalancerTask.java:matchSourceWithTarget(722)) - ContainerBalancer matched source datanode c66978ed-8c00-4074-b36a-4c64e15b17f0 with target datanode c355aaf6-63c6-4e62-97fd-6fc74643f53f for container move.
2023-08-31 10:29:35,074 [main] INFO  balancer.ContainerBalancerTask (ContainerBalancerTask.java:processMoveSelection(569)) - ContainerBalancer is trying to move container #36 with size 1073741824B from source datanode c66978ed-8c00-4074-b36a-4c64e15b17f0 to target datanode c355aaf6-63c6-4e62-97fd-6fc74643f53f
2023-08-31 10:29:35,074 [main] DEBUG balancer.ContainerBalancerTask (ContainerBalancerTask.java:lambda$moveContainer$3(837)) - Container move completed for container #36 from source c66978ed-8c00-4074-b36a-4c64e15b17f0 to target c355aaf6-63c6-4e62-97fd-6fc74643f53f
2023-08-31 10:29:35,074 [main] WARN  balancer.ContainerBalancerTask (ContainerBalancerTask.java:reachedMaxSizeToMovePerIteration(733)) - Reached max size to move limit. 53687091200 bytes have already been scheduled for balancing and the limit is 53687091200 bytes.
2023-08-31 10:29:35,075 [main] INFO  balancer.ContainerBalancerTask (ContainerBalancerTask.java:checkIterationMoveResults(642)) - Iteration Summary. Number of Datanodes involved: 6. Size moved: 50 GB (53687091200 Bytes). Number of Container moves completed: 14.
2023-08-31 10:29:35,075 [main] INFO  balancer.ContainerBalancerTask (ContainerBalancerTask.java:balance(259)) - Result of this iteration of Container Balancer: ITERATION_COMPLETED
2023-08-31 10:29:35,076 [main] INFO  balancer.ContainerBalancerTask (ContainerBalancerTask.java:tryStopWithSaveConfiguration(308)) - Save Configuration for stopping. Reason: Completed all iterations.
]]></system-out>
  </testcase>
  <testcase name="testContainerBalancerConfiguration" classname="org.apache.hadoop.hdds.scm.container.balancer.TestContainerBalancerTask" time="0.081">
    <system-out><![CDATA[2023-08-31 10:29:35,132 [main] INFO  net.NodeSchemaLoader (NodeSchemaLoader.java:loadSchemaFromFile(129)) - Loading schema from [file:/home/runner/work/ozone/ozone/hadoop-hdds/common/target/classes/network-topology-default.xml]
2023-08-31 10:29:35,132 [main] INFO  net.NodeSchemaLoader (NodeSchemaLoader.java:loadSchema(176)) - Loading network topology layer schema file
2023-08-31 10:29:35,135 [main] INFO  net.NetworkTopologyImpl (NetworkTopologyImpl.java:add(112)) - Added a new node: /default-rack/6b71896d-05c9-4572-9bab-0f2e46ab81d9
2023-08-31 10:29:35,135 [main] INFO  net.NetworkTopologyImpl (NetworkTopologyImpl.java:add(112)) - Added a new node: /default-rack/bb55cb6f-03b9-4890-8a45-8f47bc242373
2023-08-31 10:29:35,135 [main] INFO  net.NetworkTopologyImpl (NetworkTopologyImpl.java:add(112)) - Added a new node: /default-rack/5931eca0-92ed-444f-8725-44944c6550cf
2023-08-31 10:29:35,135 [main] INFO  net.NetworkTopologyImpl (NetworkTopologyImpl.java:add(112)) - Added a new node: /default-rack/a400fe7b-fe33-41bd-b88e-bba8628ef9b6
2023-08-31 10:29:35,136 [main] INFO  net.NetworkTopologyImpl (NetworkTopologyImpl.java:add(112)) - Added a new node: /default-rack/a08da0cb-8c82-4b17-821d-83ba035b1e84
2023-08-31 10:29:35,136 [main] INFO  net.NetworkTopologyImpl (NetworkTopologyImpl.java:add(112)) - Added a new node: /default-rack/884b421a-f05f-4382-8d52-8461cdac43bf
2023-08-31 10:29:35,136 [main] INFO  net.NetworkTopologyImpl (NetworkTopologyImpl.java:add(112)) - Added a new node: /default-rack/5559f12f-09ca-4d32-bc07-d5afe5fd9056
2023-08-31 10:29:35,136 [main] INFO  net.NetworkTopologyImpl (NetworkTopologyImpl.java:add(112)) - Added a new node: /default-rack/43e08c7f-9e4f-4b7f-a96f-cb29e3f7eb03
2023-08-31 10:29:35,136 [main] INFO  net.NetworkTopologyImpl (NetworkTopologyImpl.java:add(112)) - Added a new node: /default-rack/2944ed4f-20ac-49a5-8719-0e4ebbc3a968
2023-08-31 10:29:35,137 [main] INFO  net.NetworkTopologyImpl (NetworkTopologyImpl.java:add(112)) - Added a new node: /default-rack/3faa9c46-f22b-4dd2-a86e-11533c3d465a
2023-08-31 10:29:35,137 [main] INFO  algorithms.ContainerPlacementPolicyFactory (ContainerPlacementPolicyFactory.java:getPolicyInternal(86)) - Create container placement policy of type org.apache.hadoop.hdds.scm.container.placement.algorithms.SCMContainerPlacementRackAware
2023-08-31 10:29:35,137 [main] INFO  algorithms.ContainerPlacementPolicyFactory (ContainerPlacementPolicyFactory.java:getPolicyInternal(86)) - Create container placement policy of type org.apache.hadoop.hdds.scm.container.placement.algorithms.SCMContainerPlacementRackScatter
]]></system-out>
  </testcase>
  <testcase name="checkIterationResultTimeoutFromReplicationManager" classname="org.apache.hadoop.hdds.scm.container.balancer.TestContainerBalancerTask" time="0.13">
    <system-out><![CDATA[2023-08-31 10:29:35,206 [main] INFO  net.NodeSchemaLoader (NodeSchemaLoader.java:loadSchemaFromFile(129)) - Loading schema from [file:/home/runner/work/ozone/ozone/hadoop-hdds/common/target/classes/network-topology-default.xml]
2023-08-31 10:29:35,206 [main] INFO  net.NodeSchemaLoader (NodeSchemaLoader.java:loadSchema(176)) - Loading network topology layer schema file
2023-08-31 10:29:35,208 [main] INFO  net.NetworkTopologyImpl (NetworkTopologyImpl.java:add(112)) - Added a new node: /default-rack/09d62882-3077-41ac-8694-fb320ab84151
2023-08-31 10:29:35,209 [main] INFO  net.NetworkTopologyImpl (NetworkTopologyImpl.java:add(112)) - Added a new node: /default-rack/2edc9747-f2ec-455e-8660-e228bf8f5aef
2023-08-31 10:29:35,209 [main] INFO  net.NetworkTopologyImpl (NetworkTopologyImpl.java:add(112)) - Added a new node: /default-rack/b4f29c2c-9731-4f5b-bb46-2f4e4b93104d
2023-08-31 10:29:35,209 [main] INFO  net.NetworkTopologyImpl (NetworkTopologyImpl.java:add(112)) - Added a new node: /default-rack/546d4449-9850-42b7-817b-99e3506303db
2023-08-31 10:29:35,209 [main] INFO  net.NetworkTopologyImpl (NetworkTopologyImpl.java:add(112)) - Added a new node: /default-rack/2ac3f208-e383-4b7c-b4e8-b1cfb71cfe2b
2023-08-31 10:29:35,209 [main] INFO  net.NetworkTopologyImpl (NetworkTopologyImpl.java:add(112)) - Added a new node: /default-rack/e128c805-708f-47f7-bc60-3d972ebbe00f
2023-08-31 10:29:35,209 [main] INFO  net.NetworkTopologyImpl (NetworkTopologyImpl.java:add(112)) - Added a new node: /default-rack/80b64d67-fac6-47e0-a483-08a59f214637
2023-08-31 10:29:35,210 [main] INFO  net.NetworkTopologyImpl (NetworkTopologyImpl.java:add(112)) - Added a new node: /default-rack/0121958f-2bf0-408d-908d-a824fc88e6eb
2023-08-31 10:29:35,210 [main] INFO  net.NetworkTopologyImpl (NetworkTopologyImpl.java:add(112)) - Added a new node: /default-rack/4e29d4ef-d90b-4f27-bc0b-b5ecd729f938
2023-08-31 10:29:35,210 [main] INFO  net.NetworkTopologyImpl (NetworkTopologyImpl.java:add(112)) - Added a new node: /default-rack/c98cd194-56c4-4dc4-9bf5-fa2b9468e8c0
2023-08-31 10:29:35,210 [main] INFO  algorithms.ContainerPlacementPolicyFactory (ContainerPlacementPolicyFactory.java:getPolicyInternal(86)) - Create container placement policy of type org.apache.hadoop.hdds.scm.container.placement.algorithms.SCMContainerPlacementRackAware
2023-08-31 10:29:35,210 [main] INFO  algorithms.ContainerPlacementPolicyFactory (ContainerPlacementPolicyFactory.java:getPolicyInternal(86)) - Create container placement policy of type org.apache.hadoop.hdds.scm.container.placement.algorithms.SCMContainerPlacementRackScatter
2023-08-31 10:29:35,223 [main] DEBUG balancer.ContainerBalancerTask (ContainerBalancerTask.java:initializeIteration(374)) - Average utilization of the cluster is 0.34762426100325766
2023-08-31 10:29:35,223 [main] DEBUG balancer.ContainerBalancerTask (ContainerBalancerTask.java:initializeIteration(386)) - Lower limit for utilization is 0.24762426100325766 and Upper limit for utilization is 0.4476242610032577
2023-08-31 10:29:35,223 [main] DEBUG balancer.ContainerBalancerTask (ContainerBalancerTask.java:initializeIteration(398)) - Utilization for node b4f29c2c-9731-4f5b-bb46-2f4e4b93104d with capacity 60845370026B, used 54760833024B, and remaining 6084537002B is 0.900000000009861
2023-08-31 10:29:35,224 [main] DEBUG balancer.ContainerBalancerTask (ContainerBalancerTask.java:initializeIteration(398)) - Utilization for node 4e29d4ef-d90b-4f27-bc0b-b5ecd729f938 with capacity 61740154880B, used 49392123904B, and remaining 12348030976B is 0.8
2023-08-31 10:29:35,224 [main] DEBUG balancer.ContainerBalancerTask (ContainerBalancerTask.java:initializeIteration(398)) - Utilization for node 80b64d67-fac6-47e0-a483-08a59f214637 with capacity 49085340525B, used 34359738368B, and remaining 14725602157B is 0.7000000000101864
2023-08-31 10:29:35,224 [main] DEBUG balancer.ContainerBalancerTask (ContainerBalancerTask.java:initializeIteration(398)) - Utilization for node e128c805-708f-47f7-bc60-3d972ebbe00f with capacity 118111600640B, used 70866960384B, and remaining 47244640256B is 0.6
2023-08-31 10:29:35,226 [main] DEBUG balancer.ContainerBalancerTask (ContainerBalancerTask.java:initializeIteration(398)) - Utilization for node 546d4449-9850-42b7-817b-99e3506303db with capacity 94489280512B, used 47244640256B, and remaining 47244640256B is 0.5
2023-08-31 10:29:35,227 [main] DEBUG balancer.ContainerBalancerTask (ContainerBalancerTask.java:initializeIteration(398)) - Utilization for node c98cd194-56c4-4dc4-9bf5-fa2b9468e8c0 with capacity 83214991360B, used 33285996544B, and remaining 49928994816B is 0.4
2023-08-31 10:29:35,227 [main] DEBUG balancer.ContainerBalancerTask (ContainerBalancerTask.java:initializeIteration(398)) - Utilization for node 2ac3f208-e383-4b7c-b4e8-b1cfb71cfe2b with capacity 118111600640B, used 35433480192B, and remaining 82678120448B is 0.3
2023-08-31 10:29:35,227 [main] DEBUG balancer.ContainerBalancerTask (ContainerBalancerTask.java:initializeIteration(398)) - Utilization for node 0121958f-2bf0-408d-908d-a824fc88e6eb with capacity 257698037760B, used 51539607552B, and remaining 206158430208B is 0.2
2023-08-31 10:29:35,227 [main] DEBUG balancer.ContainerBalancerTask (ContainerBalancerTask.java:initializeIteration(398)) - Utilization for node 09d62882-3077-41ac-8694-fb320ab84151 with capacity 289910292480B, used 28991029248B, and remaining 260919263232B is 0.1
2023-08-31 10:29:35,227 [main] DEBUG balancer.ContainerBalancerTask (ContainerBalancerTask.java:initializeIteration(398)) - Utilization for node 2edc9747-f2ec-455e-8660-e228bf8f5aef with capacity 34359738368B, used 0B, and remaining 34359738368B is 0.0
2023-08-31 10:29:35,227 [main] INFO  balancer.ContainerBalancerTask (ContainerBalancerTask.java:initializeIteration(447)) - Container Balancer has identified 5 Over-Utilized and 3 Under-Utilized Datanodes that need to be balanced.
2023-08-31 10:29:35,227 [main] DEBUG balancer.ContainerBalancerTask (ContainerBalancerTask.java:lambda$initializeIteration$1(453)) - Datanode localhost-39.188.145.209 b4f29c2c-9731-4f5b-bb46-2f4e4b93104d is Over-Utilized.
2023-08-31 10:29:35,228 [main] DEBUG balancer.ContainerBalancerTask (ContainerBalancerTask.java:lambda$initializeIteration$1(453)) - Datanode localhost-145.26.19.179 4e29d4ef-d90b-4f27-bc0b-b5ecd729f938 is Over-Utilized.
2023-08-31 10:29:35,228 [main] DEBUG balancer.ContainerBalancerTask (ContainerBalancerTask.java:lambda$initializeIteration$1(453)) - Datanode localhost-27.222.42.5 80b64d67-fac6-47e0-a483-08a59f214637 is Over-Utilized.
2023-08-31 10:29:35,228 [main] DEBUG balancer.ContainerBalancerTask (ContainerBalancerTask.java:lambda$initializeIteration$1(453)) - Datanode localhost-228.87.99.235 e128c805-708f-47f7-bc60-3d972ebbe00f is Over-Utilized.
2023-08-31 10:29:35,228 [main] DEBUG balancer.ContainerBalancerTask (ContainerBalancerTask.java:lambda$initializeIteration$1(453)) - Datanode localhost-192.215.118.26 546d4449-9850-42b7-817b-99e3506303db is Over-Utilized.
2023-08-31 10:29:35,228 [main] DEBUG balancer.ContainerBalancerTask (ContainerBalancerTask.java:lambda$initializeIteration$2(459)) - Datanode localhost-34.148.62.73 2edc9747-f2ec-455e-8660-e228bf8f5aef is Under-Utilized.
2023-08-31 10:29:35,228 [main] DEBUG balancer.ContainerBalancerTask (ContainerBalancerTask.java:lambda$initializeIteration$2(459)) - Datanode localhost-98.212.102.155 09d62882-3077-41ac-8694-fb320ab84151 is Under-Utilized.
2023-08-31 10:29:35,228 [main] DEBUG balancer.ContainerBalancerTask (ContainerBalancerTask.java:lambda$initializeIteration$2(459)) - Datanode localhost-124.205.180.68 0121958f-2bf0-408d-908d-a824fc88e6eb is Under-Utilized.
2023-08-31 10:29:35,232 [main] DEBUG balancer.ContainerBalancerTask (ContainerBalancerTask.java:matchSourceWithTarget(708)) - ContainerBalancer is finding suitable target for source datanode b4f29c2c-9731-4f5b-bb46-2f4e4b93104d
2023-08-31 10:29:35,235 [main] INFO  balancer.ContainerBalancerTask (ContainerBalancerTask.java:matchSourceWithTarget(722)) - ContainerBalancer matched source datanode b4f29c2c-9731-4f5b-bb46-2f4e4b93104d with target datanode 2edc9747-f2ec-455e-8660-e228bf8f5aef for container move.
2023-08-31 10:29:35,235 [main] INFO  balancer.ContainerBalancerTask (ContainerBalancerTask.java:processMoveSelection(569)) - ContainerBalancer is trying to move container #84 with size 4294967296B from source datanode b4f29c2c-9731-4f5b-bb46-2f4e4b93104d to target datanode 2edc9747-f2ec-455e-8660-e228bf8f5aef
2023-08-31 10:29:35,236 [main] WARN  balancer.ContainerBalancerTask (ContainerBalancerTask.java:lambda$moveContainer$3(842)) - Container move for container #84 from source b4f29c2c-9731-4f5b-bb46-2f4e4b93104d to target 2edc9747-f2ec-455e-8660-e228bf8f5aef failed: REPLICATION_FAIL_TIME_OUT
2023-08-31 10:29:35,239 [main] DEBUG balancer.ContainerBalancerTask (ContainerBalancerTask.java:matchSourceWithTarget(708)) - ContainerBalancer is finding suitable target for source datanode 4e29d4ef-d90b-4f27-bc0b-b5ecd729f938
2023-08-31 10:29:35,239 [main] INFO  balancer.ContainerBalancerTask (ContainerBalancerTask.java:matchSourceWithTarget(722)) - ContainerBalancer matched source datanode 4e29d4ef-d90b-4f27-bc0b-b5ecd729f938 with target datanode 2edc9747-f2ec-455e-8660-e228bf8f5aef for container move.
2023-08-31 10:29:35,240 [main] INFO  balancer.ContainerBalancerTask (ContainerBalancerTask.java:processMoveSelection(569)) - ContainerBalancer is trying to move container #68 with size 5368709120B from source datanode 4e29d4ef-d90b-4f27-bc0b-b5ecd729f938 to target datanode 2edc9747-f2ec-455e-8660-e228bf8f5aef
2023-08-31 10:29:35,241 [main] WARN  balancer.ContainerBalancerTask (ContainerBalancerTask.java:lambda$moveContainer$3(842)) - Container move for container #68 from source 4e29d4ef-d90b-4f27-bc0b-b5ecd729f938 to target 2edc9747-f2ec-455e-8660-e228bf8f5aef failed: DELETION_FAIL_TIME_OUT
2023-08-31 10:29:35,243 [main] DEBUG balancer.ContainerBalancerTask (ContainerBalancerTask.java:matchSourceWithTarget(708)) - ContainerBalancer is finding suitable target for source datanode 80b64d67-fac6-47e0-a483-08a59f214637
2023-08-31 10:29:35,244 [main] INFO  balancer.ContainerBalancerTask (ContainerBalancerTask.java:matchSourceWithTarget(722)) - ContainerBalancer matched source datanode 80b64d67-fac6-47e0-a483-08a59f214637 with target datanode 2edc9747-f2ec-455e-8660-e228bf8f5aef for container move.
2023-08-31 10:29:35,244 [main] INFO  balancer.ContainerBalancerTask (ContainerBalancerTask.java:processMoveSelection(569)) - ContainerBalancer is trying to move container #52 with size 4294967296B from source datanode 80b64d67-fac6-47e0-a483-08a59f214637 to target datanode 2edc9747-f2ec-455e-8660-e228bf8f5aef
2023-08-31 10:29:35,244 [main] WARN  balancer.ContainerBalancerTask (ContainerBalancerTask.java:lambda$moveContainer$3(842)) - Container move for container #52 from source 80b64d67-fac6-47e0-a483-08a59f214637 to target 2edc9747-f2ec-455e-8660-e228bf8f5aef failed: DELETION_FAIL_TIME_OUT
2023-08-31 10:29:35,249 [main] DEBUG balancer.ContainerBalancerTask (ContainerBalancerTask.java:matchSourceWithTarget(708)) - ContainerBalancer is finding suitable target for source datanode e128c805-708f-47f7-bc60-3d972ebbe00f
2023-08-31 10:29:35,249 [main] INFO  balancer.ContainerBalancerTask (ContainerBalancerTask.java:matchSourceWithTarget(722)) - ContainerBalancer matched source datanode e128c805-708f-47f7-bc60-3d972ebbe00f with target datanode 2edc9747-f2ec-455e-8660-e228bf8f5aef for container move.
2023-08-31 10:29:35,249 [main] INFO  balancer.ContainerBalancerTask (ContainerBalancerTask.java:processMoveSelection(569)) - ContainerBalancer is trying to move container #68 with size 5368709120B from source datanode e128c805-708f-47f7-bc60-3d972ebbe00f to target datanode 2edc9747-f2ec-455e-8660-e228bf8f5aef
2023-08-31 10:29:35,250 [main] WARN  balancer.ContainerBalancerTask (ContainerBalancerTask.java:lambda$moveContainer$3(842)) - Container move for container #68 from source e128c805-708f-47f7-bc60-3d972ebbe00f to target 2edc9747-f2ec-455e-8660-e228bf8f5aef failed: DELETION_FAIL_TIME_OUT
2023-08-31 10:29:35,257 [main] DEBUG balancer.ContainerBalancerTask (ContainerBalancerTask.java:matchSourceWithTarget(708)) - ContainerBalancer is finding suitable target for source datanode 546d4449-9850-42b7-817b-99e3506303db
2023-08-31 10:29:35,257 [main] INFO  balancer.ContainerBalancerTask (ContainerBalancerTask.java:matchSourceWithTarget(722)) - ContainerBalancer matched source datanode 546d4449-9850-42b7-817b-99e3506303db with target datanode 2edc9747-f2ec-455e-8660-e228bf8f5aef for container move.
2023-08-31 10:29:35,257 [main] INFO  balancer.ContainerBalancerTask (ContainerBalancerTask.java:processMoveSelection(569)) - ContainerBalancer is trying to move container #28 with size 4294967296B from source datanode 546d4449-9850-42b7-817b-99e3506303db to target datanode 2edc9747-f2ec-455e-8660-e228bf8f5aef
2023-08-31 10:29:35,258 [main] WARN  balancer.ContainerBalancerTask (ContainerBalancerTask.java:lambda$moveContainer$3(842)) - Container move for container #28 from source 546d4449-9850-42b7-817b-99e3506303db to target 2edc9747-f2ec-455e-8660-e228bf8f5aef failed: DELETION_FAIL_TIME_OUT
2023-08-31 10:29:35,258 [main] INFO  balancer.FindSourceGreedy (FindSourceGreedy.java:getNextCandidateSourceDataNode(126)) - no more candidate source data node
2023-08-31 10:29:35,258 [main] INFO  balancer.ContainerBalancerTask (ContainerBalancerTask.java:checkIterationMoveResults(642)) - Iteration Summary. Number of Datanodes involved: 0. Size moved: 0 B (0 Bytes). Number of Container moves completed: 0.
2023-08-31 10:29:35,258 [main] INFO  balancer.ContainerBalancerTask (ContainerBalancerTask.java:balance(259)) - Result of this iteration of Container Balancer: ITERATION_COMPLETED
2023-08-31 10:29:35,259 [main] INFO  balancer.ContainerBalancerTask (ContainerBalancerTask.java:tryStopWithSaveConfiguration(308)) - Save Configuration for stopping. Reason: Completed all iterations.
2023-08-31 10:29:35,266 [main] DEBUG balancer.ContainerBalancerTask (ContainerBalancerTask.java:initializeIteration(374)) - Average utilization of the cluster is 0.34762426100325766
2023-08-31 10:29:35,266 [main] DEBUG balancer.ContainerBalancerTask (ContainerBalancerTask.java:initializeIteration(386)) - Lower limit for utilization is 0.24762426100325766 and Upper limit for utilization is 0.4476242610032577
2023-08-31 10:29:35,267 [main] DEBUG balancer.ContainerBalancerTask (ContainerBalancerTask.java:initializeIteration(398)) - Utilization for node b4f29c2c-9731-4f5b-bb46-2f4e4b93104d with capacity 60845370026B, used 54760833024B, and remaining 6084537002B is 0.900000000009861
2023-08-31 10:29:35,267 [main] DEBUG balancer.ContainerBalancerTask (ContainerBalancerTask.java:initializeIteration(398)) - Utilization for node 4e29d4ef-d90b-4f27-bc0b-b5ecd729f938 with capacity 61740154880B, used 49392123904B, and remaining 12348030976B is 0.8
2023-08-31 10:29:35,267 [main] DEBUG balancer.ContainerBalancerTask (ContainerBalancerTask.java:initializeIteration(398)) - Utilization for node 80b64d67-fac6-47e0-a483-08a59f214637 with capacity 49085340525B, used 34359738368B, and remaining 14725602157B is 0.7000000000101864
2023-08-31 10:29:35,267 [main] DEBUG balancer.ContainerBalancerTask (ContainerBalancerTask.java:initializeIteration(398)) - Utilization for node e128c805-708f-47f7-bc60-3d972ebbe00f with capacity 118111600640B, used 70866960384B, and remaining 47244640256B is 0.6
2023-08-31 10:29:35,267 [main] DEBUG balancer.ContainerBalancerTask (ContainerBalancerTask.java:initializeIteration(398)) - Utilization for node 546d4449-9850-42b7-817b-99e3506303db with capacity 94489280512B, used 47244640256B, and remaining 47244640256B is 0.5
2023-08-31 10:29:35,268 [main] DEBUG balancer.ContainerBalancerTask (ContainerBalancerTask.java:initializeIteration(398)) - Utilization for node c98cd194-56c4-4dc4-9bf5-fa2b9468e8c0 with capacity 83214991360B, used 33285996544B, and remaining 49928994816B is 0.4
2023-08-31 10:29:35,268 [main] DEBUG balancer.ContainerBalancerTask (ContainerBalancerTask.java:initializeIteration(398)) - Utilization for node 2ac3f208-e383-4b7c-b4e8-b1cfb71cfe2b with capacity 118111600640B, used 35433480192B, and remaining 82678120448B is 0.3
2023-08-31 10:29:35,268 [main] DEBUG balancer.ContainerBalancerTask (ContainerBalancerTask.java:initializeIteration(398)) - Utilization for node 0121958f-2bf0-408d-908d-a824fc88e6eb with capacity 257698037760B, used 51539607552B, and remaining 206158430208B is 0.2
2023-08-31 10:29:35,268 [main] DEBUG balancer.ContainerBalancerTask (ContainerBalancerTask.java:initializeIteration(398)) - Utilization for node 09d62882-3077-41ac-8694-fb320ab84151 with capacity 289910292480B, used 28991029248B, and remaining 260919263232B is 0.1
2023-08-31 10:29:35,268 [main] DEBUG balancer.ContainerBalancerTask (ContainerBalancerTask.java:initializeIteration(398)) - Utilization for node 2edc9747-f2ec-455e-8660-e228bf8f5aef with capacity 34359738368B, used 0B, and remaining 34359738368B is 0.0
2023-08-31 10:29:35,268 [main] INFO  balancer.ContainerBalancerTask (ContainerBalancerTask.java:initializeIteration(447)) - Container Balancer has identified 5 Over-Utilized and 3 Under-Utilized Datanodes that need to be balanced.
2023-08-31 10:29:35,268 [main] DEBUG balancer.ContainerBalancerTask (ContainerBalancerTask.java:lambda$initializeIteration$1(453)) - Datanode localhost-39.188.145.209 b4f29c2c-9731-4f5b-bb46-2f4e4b93104d is Over-Utilized.
2023-08-31 10:29:35,269 [main] DEBUG balancer.ContainerBalancerTask (ContainerBalancerTask.java:lambda$initializeIteration$1(453)) - Datanode localhost-145.26.19.179 4e29d4ef-d90b-4f27-bc0b-b5ecd729f938 is Over-Utilized.
2023-08-31 10:29:35,269 [main] DEBUG balancer.ContainerBalancerTask (ContainerBalancerTask.java:lambda$initializeIteration$1(453)) - Datanode localhost-27.222.42.5 80b64d67-fac6-47e0-a483-08a59f214637 is Over-Utilized.
2023-08-31 10:29:35,269 [main] DEBUG balancer.ContainerBalancerTask (ContainerBalancerTask.java:lambda$initializeIteration$1(453)) - Datanode localhost-228.87.99.235 e128c805-708f-47f7-bc60-3d972ebbe00f is Over-Utilized.
2023-08-31 10:29:35,269 [main] DEBUG balancer.ContainerBalancerTask (ContainerBalancerTask.java:lambda$initializeIteration$1(453)) - Datanode localhost-192.215.118.26 546d4449-9850-42b7-817b-99e3506303db is Over-Utilized.
2023-08-31 10:29:35,269 [main] DEBUG balancer.ContainerBalancerTask (ContainerBalancerTask.java:lambda$initializeIteration$2(459)) - Datanode localhost-34.148.62.73 2edc9747-f2ec-455e-8660-e228bf8f5aef is Under-Utilized.
2023-08-31 10:29:35,269 [main] DEBUG balancer.ContainerBalancerTask (ContainerBalancerTask.java:lambda$initializeIteration$2(459)) - Datanode localhost-98.212.102.155 09d62882-3077-41ac-8694-fb320ab84151 is Under-Utilized.
2023-08-31 10:29:35,270 [main] DEBUG balancer.ContainerBalancerTask (ContainerBalancerTask.java:lambda$initializeIteration$2(459)) - Datanode localhost-124.205.180.68 0121958f-2bf0-408d-908d-a824fc88e6eb is Under-Utilized.
2023-08-31 10:29:35,273 [main] DEBUG balancer.ContainerBalancerTask (ContainerBalancerTask.java:matchSourceWithTarget(708)) - ContainerBalancer is finding suitable target for source datanode b4f29c2c-9731-4f5b-bb46-2f4e4b93104d
2023-08-31 10:29:35,274 [main] INFO  balancer.ContainerBalancerTask (ContainerBalancerTask.java:matchSourceWithTarget(722)) - ContainerBalancer matched source datanode b4f29c2c-9731-4f5b-bb46-2f4e4b93104d with target datanode 2edc9747-f2ec-455e-8660-e228bf8f5aef for container move.
2023-08-31 10:29:35,274 [main] INFO  balancer.ContainerBalancerTask (ContainerBalancerTask.java:processMoveSelection(569)) - ContainerBalancer is trying to move container #85 with size 5368709120B from source datanode b4f29c2c-9731-4f5b-bb46-2f4e4b93104d to target datanode 2edc9747-f2ec-455e-8660-e228bf8f5aef
2023-08-31 10:29:35,274 [main] WARN  balancer.ContainerBalancerTask (ContainerBalancerTask.java:lambda$moveContainer$3(842)) - Container move for container #85 from source b4f29c2c-9731-4f5b-bb46-2f4e4b93104d to target 2edc9747-f2ec-455e-8660-e228bf8f5aef failed: REPLICATION_FAIL_TIME_OUT
2023-08-31 10:29:35,278 [main] DEBUG balancer.ContainerBalancerTask (ContainerBalancerTask.java:matchSourceWithTarget(708)) - ContainerBalancer is finding suitable target for source datanode 4e29d4ef-d90b-4f27-bc0b-b5ecd729f938
2023-08-31 10:29:35,278 [main] INFO  balancer.ContainerBalancerTask (ContainerBalancerTask.java:matchSourceWithTarget(722)) - ContainerBalancer matched source datanode 4e29d4ef-d90b-4f27-bc0b-b5ecd729f938 with target datanode 2edc9747-f2ec-455e-8660-e228bf8f5aef for container move.
2023-08-31 10:29:35,278 [main] INFO  balancer.ContainerBalancerTask (ContainerBalancerTask.java:processMoveSelection(569)) - ContainerBalancer is trying to move container #68 with size 5368709120B from source datanode 4e29d4ef-d90b-4f27-bc0b-b5ecd729f938 to target datanode 2edc9747-f2ec-455e-8660-e228bf8f5aef
2023-08-31 10:29:35,278 [main] WARN  balancer.ContainerBalancerTask (ContainerBalancerTask.java:lambda$moveContainer$3(842)) - Container move for container #68 from source 4e29d4ef-d90b-4f27-bc0b-b5ecd729f938 to target 2edc9747-f2ec-455e-8660-e228bf8f5aef failed: DELETION_FAIL_TIME_OUT
2023-08-31 10:29:35,282 [main] DEBUG balancer.ContainerBalancerTask (ContainerBalancerTask.java:matchSourceWithTarget(708)) - ContainerBalancer is finding suitable target for source datanode 80b64d67-fac6-47e0-a483-08a59f214637
2023-08-31 10:29:35,282 [main] INFO  balancer.ContainerBalancerTask (ContainerBalancerTask.java:matchSourceWithTarget(722)) - ContainerBalancer matched source datanode 80b64d67-fac6-47e0-a483-08a59f214637 with target datanode 2edc9747-f2ec-455e-8660-e228bf8f5aef for container move.
2023-08-31 10:29:35,282 [main] INFO  balancer.ContainerBalancerTask (ContainerBalancerTask.java:processMoveSelection(569)) - ContainerBalancer is trying to move container #53 with size 5368709120B from source datanode 80b64d67-fac6-47e0-a483-08a59f214637 to target datanode 2edc9747-f2ec-455e-8660-e228bf8f5aef
2023-08-31 10:29:35,283 [main] WARN  balancer.ContainerBalancerTask (ContainerBalancerTask.java:lambda$moveContainer$3(842)) - Container move for container #53 from source 80b64d67-fac6-47e0-a483-08a59f214637 to target 2edc9747-f2ec-455e-8660-e228bf8f5aef failed: DELETION_FAIL_TIME_OUT
2023-08-31 10:29:35,288 [main] DEBUG balancer.ContainerBalancerTask (ContainerBalancerTask.java:matchSourceWithTarget(708)) - ContainerBalancer is finding suitable target for source datanode e128c805-708f-47f7-bc60-3d972ebbe00f
2023-08-31 10:29:35,290 [main] INFO  balancer.ContainerBalancerTask (ContainerBalancerTask.java:matchSourceWithTarget(722)) - ContainerBalancer matched source datanode e128c805-708f-47f7-bc60-3d972ebbe00f with target datanode 2edc9747-f2ec-455e-8660-e228bf8f5aef for container move.
2023-08-31 10:29:35,290 [main] INFO  balancer.ContainerBalancerTask (ContainerBalancerTask.java:processMoveSelection(569)) - ContainerBalancer is trying to move container #85 with size 5368709120B from source datanode e128c805-708f-47f7-bc60-3d972ebbe00f to target datanode 2edc9747-f2ec-455e-8660-e228bf8f5aef
2023-08-31 10:29:35,291 [main] WARN  balancer.ContainerBalancerTask (ContainerBalancerTask.java:lambda$moveContainer$3(842)) - Container move for container #85 from source e128c805-708f-47f7-bc60-3d972ebbe00f to target 2edc9747-f2ec-455e-8660-e228bf8f5aef failed: DELETION_FAIL_TIME_OUT
2023-08-31 10:29:35,297 [main] DEBUG balancer.ContainerBalancerTask (ContainerBalancerTask.java:matchSourceWithTarget(708)) - ContainerBalancer is finding suitable target for source datanode 546d4449-9850-42b7-817b-99e3506303db
2023-08-31 10:29:35,297 [main] INFO  balancer.ContainerBalancerTask (ContainerBalancerTask.java:matchSourceWithTarget(722)) - ContainerBalancer matched source datanode 546d4449-9850-42b7-817b-99e3506303db with target datanode 2edc9747-f2ec-455e-8660-e228bf8f5aef for container move.
2023-08-31 10:29:35,297 [main] INFO  balancer.ContainerBalancerTask (ContainerBalancerTask.java:processMoveSelection(569)) - ContainerBalancer is trying to move container #29 with size 5368709120B from source datanode 546d4449-9850-42b7-817b-99e3506303db to target datanode 2edc9747-f2ec-455e-8660-e228bf8f5aef
2023-08-31 10:29:35,298 [main] WARN  balancer.ContainerBalancerTask (ContainerBalancerTask.java:lambda$moveContainer$3(842)) - Container move for container #29 from source 546d4449-9850-42b7-817b-99e3506303db to target 2edc9747-f2ec-455e-8660-e228bf8f5aef failed: DELETION_FAIL_TIME_OUT
2023-08-31 10:29:35,298 [main] INFO  balancer.FindSourceGreedy (FindSourceGreedy.java:getNextCandidateSourceDataNode(126)) - no more candidate source data node
2023-08-31 10:29:35,298 [main] INFO  balancer.ContainerBalancerTask (ContainerBalancerTask.java:checkIterationMoveResults(642)) - Iteration Summary. Number of Datanodes involved: 0. Size moved: 0 B (0 Bytes). Number of Container moves completed: 0.
2023-08-31 10:29:35,298 [main] INFO  balancer.ContainerBalancerTask (ContainerBalancerTask.java:balance(259)) - Result of this iteration of Container Balancer: ITERATION_COMPLETED
2023-08-31 10:29:35,298 [main] INFO  balancer.ContainerBalancerTask (ContainerBalancerTask.java:tryStopWithSaveConfiguration(308)) - Save Configuration for stopping. Reason: Completed all iterations.
]]></system-out>
  </testcase>
  <testcase name="checkIterationResultTimeout" classname="org.apache.hadoop.hdds.scm.container.balancer.TestContainerBalancerTask" time="1.237">
    <system-out><![CDATA[2023-08-31 10:29:35,335 [main] INFO  net.NodeSchemaLoader (NodeSchemaLoader.java:loadSchemaFromFile(129)) - Loading schema from [file:/home/runner/work/ozone/ozone/hadoop-hdds/common/target/classes/network-topology-default.xml]
2023-08-31 10:29:35,335 [main] INFO  net.NodeSchemaLoader (NodeSchemaLoader.java:loadSchema(176)) - Loading network topology layer schema file
2023-08-31 10:29:35,338 [main] INFO  net.NetworkTopologyImpl (NetworkTopologyImpl.java:add(112)) - Added a new node: /default-rack/2910ac42-f756-40ad-8d6a-41b91545f9cf
2023-08-31 10:29:35,338 [main] INFO  net.NetworkTopologyImpl (NetworkTopologyImpl.java:add(112)) - Added a new node: /default-rack/3a89aac5-eb50-4a7f-aeb5-98deffae0824
2023-08-31 10:29:35,338 [main] INFO  net.NetworkTopologyImpl (NetworkTopologyImpl.java:add(112)) - Added a new node: /default-rack/fcb45a41-7dd1-44c5-8f9a-53ad5cb70e12
2023-08-31 10:29:35,338 [main] INFO  net.NetworkTopologyImpl (NetworkTopologyImpl.java:add(112)) - Added a new node: /default-rack/30c10684-1405-434a-a0a9-5a0ae4a5185a
2023-08-31 10:29:35,338 [main] INFO  net.NetworkTopologyImpl (NetworkTopologyImpl.java:add(112)) - Added a new node: /default-rack/037913a9-60b9-46b9-a879-a25598cf4944
2023-08-31 10:29:35,339 [main] INFO  net.NetworkTopologyImpl (NetworkTopologyImpl.java:add(112)) - Added a new node: /default-rack/6e8eef60-1c39-4e5b-aafd-c83f2b725c3b
2023-08-31 10:29:35,339 [main] INFO  net.NetworkTopologyImpl (NetworkTopologyImpl.java:add(112)) - Added a new node: /default-rack/734bbea7-3d67-44a4-a96b-8b6efbf1b7b3
2023-08-31 10:29:35,339 [main] INFO  net.NetworkTopologyImpl (NetworkTopologyImpl.java:add(112)) - Added a new node: /default-rack/9e0f67a3-4a40-4c4c-92ff-cb67f0586a9b
2023-08-31 10:29:35,339 [main] INFO  net.NetworkTopologyImpl (NetworkTopologyImpl.java:add(112)) - Added a new node: /default-rack/80f52360-a5c0-40e3-8da2-00dd1687f9c2
2023-08-31 10:29:35,339 [main] INFO  net.NetworkTopologyImpl (NetworkTopologyImpl.java:add(112)) - Added a new node: /default-rack/f16d5bd2-0cce-4ea9-abce-eea9d5d5b664
2023-08-31 10:29:35,339 [main] INFO  algorithms.ContainerPlacementPolicyFactory (ContainerPlacementPolicyFactory.java:getPolicyInternal(86)) - Create container placement policy of type org.apache.hadoop.hdds.scm.container.placement.algorithms.SCMContainerPlacementRackAware
2023-08-31 10:29:35,340 [main] INFO  algorithms.ContainerPlacementPolicyFactory (ContainerPlacementPolicyFactory.java:getPolicyInternal(86)) - Create container placement policy of type org.apache.hadoop.hdds.scm.container.placement.algorithms.SCMContainerPlacementRackScatter
2023-08-31 10:29:35,344 [main] DEBUG balancer.ContainerBalancerTask (ContainerBalancerTask.java:initializeIteration(374)) - Average utilization of the cluster is 0.3593254693080685
2023-08-31 10:29:35,344 [main] DEBUG balancer.ContainerBalancerTask (ContainerBalancerTask.java:initializeIteration(386)) - Lower limit for utilization is 0.25932546930806855 and Upper limit for utilization is 0.4593254693080685
2023-08-31 10:29:35,345 [main] DEBUG balancer.ContainerBalancerTask (ContainerBalancerTask.java:initializeIteration(398)) - Utilization for node 6e8eef60-1c39-4e5b-aafd-c83f2b725c3b with capacity 64424509440B, used 57982058496B, and remaining 6442450944B is 0.9
2023-08-31 10:29:35,345 [main] DEBUG balancer.ContainerBalancerTask (ContainerBalancerTask.java:initializeIteration(398)) - Utilization for node 734bbea7-3d67-44a4-a96b-8b6efbf1b7b3 with capacity 73819750400B, used 59055800320B, and remaining 14763950080B is 0.8
2023-08-31 10:29:35,345 [main] DEBUG balancer.ContainerBalancerTask (ContainerBalancerTask.java:initializeIteration(398)) - Utilization for node f16d5bd2-0cce-4ea9-abce-eea9d5d5b664 with capacity 72094093897B, used 50465865728B, and remaining 21628228169B is 0.7000000000013871
2023-08-31 10:29:35,345 [main] DEBUG balancer.ContainerBalancerTask (ContainerBalancerTask.java:initializeIteration(398)) - Utilization for node fcb45a41-7dd1-44c5-8f9a-53ad5cb70e12 with capacity 78741067093B, used 47244640256B, and remaining 31496426837B is 0.60000000000254
2023-08-31 10:29:35,345 [main] DEBUG balancer.ContainerBalancerTask (ContainerBalancerTask.java:initializeIteration(398)) - Utilization for node 037913a9-60b9-46b9-a879-a25598cf4944 with capacity 90194313216B, used 45097156608B, and remaining 45097156608B is 0.5
2023-08-31 10:29:35,345 [main] DEBUG balancer.ContainerBalancerTask (ContainerBalancerTask.java:initializeIteration(398)) - Utilization for node 30c10684-1405-434a-a0a9-5a0ae4a5185a with capacity 96636764160B, used 38654705664B, and remaining 57982058496B is 0.4
2023-08-31 10:29:35,346 [main] DEBUG balancer.ContainerBalancerTask (ContainerBalancerTask.java:initializeIteration(398)) - Utilization for node 80f52360-a5c0-40e3-8da2-00dd1687f9c2 with capacity 85899345920B, used 25769803776B, and remaining 60129542144B is 0.3
2023-08-31 10:29:35,346 [main] DEBUG balancer.ContainerBalancerTask (ContainerBalancerTask.java:initializeIteration(398)) - Utilization for node 9e0f67a3-4a40-4c4c-92ff-cb67f0586a9b with capacity 187904819200B, used 37580963840B, and remaining 150323855360B is 0.2
2023-08-31 10:29:35,346 [main] DEBUG balancer.ContainerBalancerTask (ContainerBalancerTask.java:initializeIteration(398)) - Utilization for node 3a89aac5-eb50-4a7f-aeb5-98deffae0824 with capacity 279172874240B, used 27917287424B, and remaining 251255586816B is 0.1
2023-08-31 10:29:35,346 [main] DEBUG balancer.ContainerBalancerTask (ContainerBalancerTask.java:initializeIteration(398)) - Utilization for node 2910ac42-f756-40ad-8d6a-41b91545f9cf with capacity 55834574848B, used 0B, and remaining 55834574848B is 0.0
2023-08-31 10:29:35,346 [main] INFO  balancer.ContainerBalancerTask (ContainerBalancerTask.java:initializeIteration(447)) - Container Balancer has identified 5 Over-Utilized and 3 Under-Utilized Datanodes that need to be balanced.
2023-08-31 10:29:35,346 [main] DEBUG balancer.ContainerBalancerTask (ContainerBalancerTask.java:lambda$initializeIteration$1(453)) - Datanode localhost-174.137.111.95 6e8eef60-1c39-4e5b-aafd-c83f2b725c3b is Over-Utilized.
2023-08-31 10:29:35,346 [main] DEBUG balancer.ContainerBalancerTask (ContainerBalancerTask.java:lambda$initializeIteration$1(453)) - Datanode localhost-237.63.210.47 734bbea7-3d67-44a4-a96b-8b6efbf1b7b3 is Over-Utilized.
2023-08-31 10:29:35,346 [main] DEBUG balancer.ContainerBalancerTask (ContainerBalancerTask.java:lambda$initializeIteration$1(453)) - Datanode localhost-122.173.26.198 f16d5bd2-0cce-4ea9-abce-eea9d5d5b664 is Over-Utilized.
2023-08-31 10:29:35,347 [main] DEBUG balancer.ContainerBalancerTask (ContainerBalancerTask.java:lambda$initializeIteration$1(453)) - Datanode localhost-188.156.46.217 fcb45a41-7dd1-44c5-8f9a-53ad5cb70e12 is Over-Utilized.
2023-08-31 10:29:35,347 [main] DEBUG balancer.ContainerBalancerTask (ContainerBalancerTask.java:lambda$initializeIteration$1(453)) - Datanode localhost-112.13.9.14 037913a9-60b9-46b9-a879-a25598cf4944 is Over-Utilized.
2023-08-31 10:29:35,347 [main] DEBUG balancer.ContainerBalancerTask (ContainerBalancerTask.java:lambda$initializeIteration$2(459)) - Datanode localhost-155.48.233.166 2910ac42-f756-40ad-8d6a-41b91545f9cf is Under-Utilized.
2023-08-31 10:29:35,347 [main] DEBUG balancer.ContainerBalancerTask (ContainerBalancerTask.java:lambda$initializeIteration$2(459)) - Datanode localhost-162.72.3.188 3a89aac5-eb50-4a7f-aeb5-98deffae0824 is Under-Utilized.
2023-08-31 10:29:35,347 [main] DEBUG balancer.ContainerBalancerTask (ContainerBalancerTask.java:lambda$initializeIteration$2(459)) - Datanode localhost-67.70.49.218 9e0f67a3-4a40-4c4c-92ff-cb67f0586a9b is Under-Utilized.
2023-08-31 10:29:35,351 [main] DEBUG balancer.ContainerBalancerTask (ContainerBalancerTask.java:matchSourceWithTarget(708)) - ContainerBalancer is finding suitable target for source datanode 6e8eef60-1c39-4e5b-aafd-c83f2b725c3b
2023-08-31 10:29:35,352 [main] INFO  balancer.ContainerBalancerTask (ContainerBalancerTask.java:matchSourceWithTarget(722)) - ContainerBalancer matched source datanode 6e8eef60-1c39-4e5b-aafd-c83f2b725c3b with target datanode 2910ac42-f756-40ad-8d6a-41b91545f9cf for container move.
2023-08-31 10:29:35,352 [main] INFO  balancer.ContainerBalancerTask (ContainerBalancerTask.java:processMoveSelection(569)) - ContainerBalancer is trying to move container #84 with size 4294967296B from source datanode 6e8eef60-1c39-4e5b-aafd-c83f2b725c3b to target datanode 2910ac42-f756-40ad-8d6a-41b91545f9cf
2023-08-31 10:29:35,352 [main] DEBUG balancer.ContainerBalancerTask (ContainerBalancerTask.java:lambda$moveContainer$3(837)) - Container move completed for container #84 from source 6e8eef60-1c39-4e5b-aafd-c83f2b725c3b to target 2910ac42-f756-40ad-8d6a-41b91545f9cf
2023-08-31 10:29:35,356 [main] DEBUG balancer.ContainerBalancerTask (ContainerBalancerTask.java:matchSourceWithTarget(708)) - ContainerBalancer is finding suitable target for source datanode 6e8eef60-1c39-4e5b-aafd-c83f2b725c3b
2023-08-31 10:29:35,357 [main] INFO  balancer.ContainerBalancerTask (ContainerBalancerTask.java:matchSourceWithTarget(722)) - ContainerBalancer matched source datanode 6e8eef60-1c39-4e5b-aafd-c83f2b725c3b with target datanode 2910ac42-f756-40ad-8d6a-41b91545f9cf for container move.
2023-08-31 10:29:35,357 [main] INFO  balancer.ContainerBalancerTask (ContainerBalancerTask.java:processMoveSelection(569)) - ContainerBalancer is trying to move container #28 with size 4294967296B from source datanode 6e8eef60-1c39-4e5b-aafd-c83f2b725c3b to target datanode 2910ac42-f756-40ad-8d6a-41b91545f9cf
2023-08-31 10:29:35,362 [main] DEBUG balancer.ContainerBalancerTask (ContainerBalancerTask.java:matchSourceWithTarget(708)) - ContainerBalancer is finding suitable target for source datanode 734bbea7-3d67-44a4-a96b-8b6efbf1b7b3
2023-08-31 10:29:35,362 [main] INFO  balancer.ContainerBalancerTask (ContainerBalancerTask.java:matchSourceWithTarget(722)) - ContainerBalancer matched source datanode 734bbea7-3d67-44a4-a96b-8b6efbf1b7b3 with target datanode 3a89aac5-eb50-4a7f-aeb5-98deffae0824 for container move.
2023-08-31 10:29:35,362 [main] INFO  balancer.ContainerBalancerTask (ContainerBalancerTask.java:processMoveSelection(569)) - ContainerBalancer is trying to move container #68 with size 5368709120B from source datanode 734bbea7-3d67-44a4-a96b-8b6efbf1b7b3 to target datanode 3a89aac5-eb50-4a7f-aeb5-98deffae0824
2023-08-31 10:29:35,368 [main] DEBUG balancer.ContainerBalancerTask (ContainerBalancerTask.java:matchSourceWithTarget(708)) - ContainerBalancer is finding suitable target for source datanode 6e8eef60-1c39-4e5b-aafd-c83f2b725c3b
2023-08-31 10:29:35,368 [main] INFO  balancer.ContainerBalancerTask (ContainerBalancerTask.java:matchSourceWithTarget(722)) - ContainerBalancer matched source datanode 6e8eef60-1c39-4e5b-aafd-c83f2b725c3b with target datanode 3a89aac5-eb50-4a7f-aeb5-98deffae0824 for container move.
2023-08-31 10:29:35,369 [main] INFO  balancer.ContainerBalancerTask (ContainerBalancerTask.java:processMoveSelection(569)) - ContainerBalancer is trying to move container #88 with size 3221225472B from source datanode 6e8eef60-1c39-4e5b-aafd-c83f2b725c3b to target datanode 3a89aac5-eb50-4a7f-aeb5-98deffae0824
2023-08-31 10:29:35,380 [main] DEBUG balancer.ContainerBalancerTask (ContainerBalancerTask.java:matchSourceWithTarget(708)) - ContainerBalancer is finding suitable target for source datanode 734bbea7-3d67-44a4-a96b-8b6efbf1b7b3
2023-08-31 10:29:35,380 [main] INFO  balancer.ContainerBalancerTask (ContainerBalancerTask.java:matchSourceWithTarget(722)) - ContainerBalancer matched source datanode 734bbea7-3d67-44a4-a96b-8b6efbf1b7b3 with target datanode 3a89aac5-eb50-4a7f-aeb5-98deffae0824 for container move.
2023-08-31 10:29:35,380 [main] INFO  balancer.ContainerBalancerTask (ContainerBalancerTask.java:processMoveSelection(569)) - ContainerBalancer is trying to move container #26 with size 2147483648B from source datanode 734bbea7-3d67-44a4-a96b-8b6efbf1b7b3 to target datanode 3a89aac5-eb50-4a7f-aeb5-98deffae0824
2023-08-31 10:29:35,385 [main] DEBUG balancer.ContainerBalancerTask (ContainerBalancerTask.java:matchSourceWithTarget(708)) - ContainerBalancer is finding suitable target for source datanode 6e8eef60-1c39-4e5b-aafd-c83f2b725c3b
2023-08-31 10:29:35,386 [main] INFO  balancer.ContainerBalancerTask (ContainerBalancerTask.java:matchSourceWithTarget(722)) - ContainerBalancer matched source datanode 6e8eef60-1c39-4e5b-aafd-c83f2b725c3b with target datanode 2910ac42-f756-40ad-8d6a-41b91545f9cf for container move.
2023-08-31 10:29:35,386 [main] INFO  balancer.ContainerBalancerTask (ContainerBalancerTask.java:processMoveSelection(569)) - ContainerBalancer is trying to move container #82 with size 2147483648B from source datanode 6e8eef60-1c39-4e5b-aafd-c83f2b725c3b to target datanode 2910ac42-f756-40ad-8d6a-41b91545f9cf
2023-08-31 10:29:35,391 [main] DEBUG balancer.ContainerBalancerTask (ContainerBalancerTask.java:matchSourceWithTarget(708)) - ContainerBalancer is finding suitable target for source datanode f16d5bd2-0cce-4ea9-abce-eea9d5d5b664
2023-08-31 10:29:35,391 [main] INFO  balancer.ContainerBalancerTask (ContainerBalancerTask.java:matchSourceWithTarget(722)) - ContainerBalancer matched source datanode f16d5bd2-0cce-4ea9-abce-eea9d5d5b664 with target datanode 9e0f67a3-4a40-4c4c-92ff-cb67f0586a9b for container move.
2023-08-31 10:29:35,391 [main] INFO  balancer.ContainerBalancerTask (ContainerBalancerTask.java:processMoveSelection(569)) - ContainerBalancer is trying to move container #52 with size 4294967296B from source datanode f16d5bd2-0cce-4ea9-abce-eea9d5d5b664 to target datanode 9e0f67a3-4a40-4c4c-92ff-cb67f0586a9b
2023-08-31 10:29:35,398 [main] DEBUG balancer.ContainerBalancerTask (ContainerBalancerTask.java:matchSourceWithTarget(708)) - ContainerBalancer is finding suitable target for source datanode 734bbea7-3d67-44a4-a96b-8b6efbf1b7b3
2023-08-31 10:29:35,399 [main] INFO  balancer.ContainerBalancerTask (ContainerBalancerTask.java:matchSourceWithTarget(722)) - ContainerBalancer matched source datanode 734bbea7-3d67-44a4-a96b-8b6efbf1b7b3 with target datanode 9e0f67a3-4a40-4c4c-92ff-cb67f0586a9b for container move.
2023-08-31 10:29:35,399 [main] INFO  balancer.ContainerBalancerTask (ContainerBalancerTask.java:processMoveSelection(569)) - ContainerBalancer is trying to move container #40 with size 5368709120B from source datanode 734bbea7-3d67-44a4-a96b-8b6efbf1b7b3 to target datanode 9e0f67a3-4a40-4c4c-92ff-cb67f0586a9b
2023-08-31 10:29:35,405 [main] DEBUG balancer.ContainerBalancerTask (ContainerBalancerTask.java:matchSourceWithTarget(708)) - ContainerBalancer is finding suitable target for source datanode 6e8eef60-1c39-4e5b-aafd-c83f2b725c3b
2023-08-31 10:29:35,405 [main] INFO  balancer.ContainerBalancerTask (ContainerBalancerTask.java:matchSourceWithTarget(722)) - ContainerBalancer matched source datanode 6e8eef60-1c39-4e5b-aafd-c83f2b725c3b with target datanode 9e0f67a3-4a40-4c4c-92ff-cb67f0586a9b for container move.
2023-08-31 10:29:35,405 [main] INFO  balancer.ContainerBalancerTask (ContainerBalancerTask.java:processMoveSelection(569)) - ContainerBalancer is trying to move container #86 with size 1073741824B from source datanode 6e8eef60-1c39-4e5b-aafd-c83f2b725c3b to target datanode 9e0f67a3-4a40-4c4c-92ff-cb67f0586a9b
2023-08-31 10:29:35,411 [main] DEBUG balancer.ContainerBalancerTask (ContainerBalancerTask.java:matchSourceWithTarget(708)) - ContainerBalancer is finding suitable target for source datanode 6e8eef60-1c39-4e5b-aafd-c83f2b725c3b
2023-08-31 10:29:35,411 [main] INFO  balancer.FindTargetGreedyByUsageInfo (AbstractFindTargetGreedy.java:findTargetForContainerMove(133)) - Container Balancer could not find a target for source datanode 6e8eef60-1c39-4e5b-aafd-c83f2b725c3b
2023-08-31 10:29:35,411 [main] DEBUG balancer.ContainerBalancerTask (ContainerBalancerTask.java:matchSourceWithTarget(717)) - ContainerBalancer could not find a suitable target for source node 6e8eef60-1c39-4e5b-aafd-c83f2b725c3b.
2023-08-31 10:29:35,416 [main] DEBUG balancer.ContainerBalancerTask (ContainerBalancerTask.java:matchSourceWithTarget(708)) - ContainerBalancer is finding suitable target for source datanode f16d5bd2-0cce-4ea9-abce-eea9d5d5b664
2023-08-31 10:29:35,416 [main] INFO  balancer.FindTargetGreedyByUsageInfo (AbstractFindTargetGreedy.java:findTargetForContainerMove(133)) - Container Balancer could not find a target for source datanode f16d5bd2-0cce-4ea9-abce-eea9d5d5b664
2023-08-31 10:29:35,416 [main] DEBUG balancer.ContainerBalancerTask (ContainerBalancerTask.java:matchSourceWithTarget(717)) - ContainerBalancer could not find a suitable target for source node f16d5bd2-0cce-4ea9-abce-eea9d5d5b664.
2023-08-31 10:29:35,421 [main] DEBUG balancer.ContainerBalancerTask (ContainerBalancerTask.java:matchSourceWithTarget(708)) - ContainerBalancer is finding suitable target for source datanode 734bbea7-3d67-44a4-a96b-8b6efbf1b7b3
2023-08-31 10:29:35,421 [main] INFO  balancer.FindTargetGreedyByUsageInfo (AbstractFindTargetGreedy.java:findTargetForContainerMove(133)) - Container Balancer could not find a target for source datanode 734bbea7-3d67-44a4-a96b-8b6efbf1b7b3
2023-08-31 10:29:35,421 [main] DEBUG balancer.ContainerBalancerTask (ContainerBalancerTask.java:matchSourceWithTarget(717)) - ContainerBalancer could not find a suitable target for source node 734bbea7-3d67-44a4-a96b-8b6efbf1b7b3.
2023-08-31 10:29:35,425 [main] DEBUG balancer.ContainerBalancerTask (ContainerBalancerTask.java:matchSourceWithTarget(708)) - ContainerBalancer is finding suitable target for source datanode fcb45a41-7dd1-44c5-8f9a-53ad5cb70e12
2023-08-31 10:29:35,426 [main] INFO  balancer.FindTargetGreedyByUsageInfo (AbstractFindTargetGreedy.java:findTargetForContainerMove(133)) - Container Balancer could not find a target for source datanode fcb45a41-7dd1-44c5-8f9a-53ad5cb70e12
2023-08-31 10:29:35,426 [main] DEBUG balancer.ContainerBalancerTask (ContainerBalancerTask.java:matchSourceWithTarget(717)) - ContainerBalancer could not find a suitable target for source node fcb45a41-7dd1-44c5-8f9a-53ad5cb70e12.
2023-08-31 10:29:35,430 [main] DEBUG balancer.ContainerBalancerTask (ContainerBalancerTask.java:matchSourceWithTarget(708)) - ContainerBalancer is finding suitable target for source datanode 037913a9-60b9-46b9-a879-a25598cf4944
2023-08-31 10:29:35,431 [main] INFO  balancer.FindTargetGreedyByUsageInfo (AbstractFindTargetGreedy.java:findTargetForContainerMove(133)) - Container Balancer could not find a target for source datanode 037913a9-60b9-46b9-a879-a25598cf4944
2023-08-31 10:29:35,431 [main] DEBUG balancer.ContainerBalancerTask (ContainerBalancerTask.java:matchSourceWithTarget(717)) - ContainerBalancer could not find a suitable target for source node 037913a9-60b9-46b9-a879-a25598cf4944.
2023-08-31 10:29:35,431 [main] INFO  balancer.FindSourceGreedy (FindSourceGreedy.java:getNextCandidateSourceDataNode(126)) - no more candidate source data node
2023-08-31 10:29:35,932 [main] WARN  balancer.ContainerBalancerTask (ContainerBalancerTask.java:cancelMovesThatExceedTimeoutDuration(674)) - Container move timed out for container #52 from source f16d5bd2-0cce-4ea9-abce-eea9d5d5b664 to target 9e0f67a3-4a40-4c4c-92ff-cb67f0586a9b.
2023-08-31 10:29:35,932 [main] WARN  balancer.ContainerBalancerTask (ContainerBalancerTask.java:cancelMovesThatExceedTimeoutDuration(674)) - Container move timed out for container #28 from source 6e8eef60-1c39-4e5b-aafd-c83f2b725c3b to target 2910ac42-f756-40ad-8d6a-41b91545f9cf.
2023-08-31 10:29:35,933 [main] WARN  balancer.ContainerBalancerTask (ContainerBalancerTask.java:cancelMovesThatExceedTimeoutDuration(674)) - Container move timed out for container #40 from source 734bbea7-3d67-44a4-a96b-8b6efbf1b7b3 to target 9e0f67a3-4a40-4c4c-92ff-cb67f0586a9b.
2023-08-31 10:29:35,933 [main] WARN  balancer.ContainerBalancerTask (ContainerBalancerTask.java:cancelMovesThatExceedTimeoutDuration(674)) - Container move timed out for container #82 from source 6e8eef60-1c39-4e5b-aafd-c83f2b725c3b to target 2910ac42-f756-40ad-8d6a-41b91545f9cf.
2023-08-31 10:29:35,934 [main] WARN  balancer.ContainerBalancerTask (ContainerBalancerTask.java:cancelMovesThatExceedTimeoutDuration(674)) - Container move timed out for container #68 from source 734bbea7-3d67-44a4-a96b-8b6efbf1b7b3 to target 3a89aac5-eb50-4a7f-aeb5-98deffae0824.
2023-08-31 10:29:35,934 [main] WARN  balancer.ContainerBalancerTask (ContainerBalancerTask.java:cancelMovesThatExceedTimeoutDuration(674)) - Container move timed out for container #88 from source 6e8eef60-1c39-4e5b-aafd-c83f2b725c3b to target 3a89aac5-eb50-4a7f-aeb5-98deffae0824.
2023-08-31 10:29:35,934 [main] WARN  balancer.ContainerBalancerTask (ContainerBalancerTask.java:cancelMovesThatExceedTimeoutDuration(674)) - Container move timed out for container #26 from source 734bbea7-3d67-44a4-a96b-8b6efbf1b7b3 to target 3a89aac5-eb50-4a7f-aeb5-98deffae0824.
2023-08-31 10:29:35,935 [main] WARN  balancer.ContainerBalancerTask (ContainerBalancerTask.java:cancelMovesThatExceedTimeoutDuration(674)) - Container move timed out for container #86 from source 6e8eef60-1c39-4e5b-aafd-c83f2b725c3b to target 9e0f67a3-4a40-4c4c-92ff-cb67f0586a9b.
2023-08-31 10:29:35,935 [main] WARN  balancer.ContainerBalancerTask (ContainerBalancerTask.java:checkIterationMoveResults(620)) - 8 Container moves are canceled.
2023-08-31 10:29:35,935 [main] INFO  balancer.ContainerBalancerTask (ContainerBalancerTask.java:checkIterationMoveResults(642)) - Iteration Summary. Number of Datanodes involved: 6. Size moved: 4 GB (4294967296 Bytes). Number of Container moves completed: 1.
2023-08-31 10:29:35,936 [main] INFO  balancer.ContainerBalancerTask (ContainerBalancerTask.java:balance(259)) - Result of this iteration of Container Balancer: ITERATION_COMPLETED
2023-08-31 10:29:35,936 [main] INFO  balancer.ContainerBalancerTask (ContainerBalancerTask.java:tryStopWithSaveConfiguration(308)) - Save Configuration for stopping. Reason: Completed all iterations.
2023-08-31 10:29:35,938 [main] DEBUG balancer.ContainerBalancerTask (ContainerBalancerTask.java:initializeIteration(374)) - Average utilization of the cluster is 0.3593254693080685
2023-08-31 10:29:35,939 [main] DEBUG balancer.ContainerBalancerTask (ContainerBalancerTask.java:initializeIteration(386)) - Lower limit for utilization is 0.25932546930806855 and Upper limit for utilization is 0.4593254693080685
2023-08-31 10:29:35,939 [main] DEBUG balancer.ContainerBalancerTask (ContainerBalancerTask.java:initializeIteration(398)) - Utilization for node 6e8eef60-1c39-4e5b-aafd-c83f2b725c3b with capacity 64424509440B, used 57982058496B, and remaining 6442450944B is 0.9
2023-08-31 10:29:35,939 [main] DEBUG balancer.ContainerBalancerTask (ContainerBalancerTask.java:initializeIteration(398)) - Utilization for node 734bbea7-3d67-44a4-a96b-8b6efbf1b7b3 with capacity 73819750400B, used 59055800320B, and remaining 14763950080B is 0.8
2023-08-31 10:29:35,939 [main] DEBUG balancer.ContainerBalancerTask (ContainerBalancerTask.java:initializeIteration(398)) - Utilization for node f16d5bd2-0cce-4ea9-abce-eea9d5d5b664 with capacity 72094093897B, used 50465865728B, and remaining 21628228169B is 0.7000000000013871
2023-08-31 10:29:35,939 [main] DEBUG balancer.ContainerBalancerTask (ContainerBalancerTask.java:initializeIteration(398)) - Utilization for node fcb45a41-7dd1-44c5-8f9a-53ad5cb70e12 with capacity 78741067093B, used 47244640256B, and remaining 31496426837B is 0.60000000000254
2023-08-31 10:29:35,939 [main] DEBUG balancer.ContainerBalancerTask (ContainerBalancerTask.java:initializeIteration(398)) - Utilization for node 037913a9-60b9-46b9-a879-a25598cf4944 with capacity 90194313216B, used 45097156608B, and remaining 45097156608B is 0.5
2023-08-31 10:29:35,939 [main] DEBUG balancer.ContainerBalancerTask (ContainerBalancerTask.java:initializeIteration(398)) - Utilization for node 30c10684-1405-434a-a0a9-5a0ae4a5185a with capacity 96636764160B, used 38654705664B, and remaining 57982058496B is 0.4
2023-08-31 10:29:35,940 [main] DEBUG balancer.ContainerBalancerTask (ContainerBalancerTask.java:initializeIteration(398)) - Utilization for node 80f52360-a5c0-40e3-8da2-00dd1687f9c2 with capacity 85899345920B, used 25769803776B, and remaining 60129542144B is 0.3
2023-08-31 10:29:35,940 [main] DEBUG balancer.ContainerBalancerTask (ContainerBalancerTask.java:initializeIteration(398)) - Utilization for node 9e0f67a3-4a40-4c4c-92ff-cb67f0586a9b with capacity 187904819200B, used 37580963840B, and remaining 150323855360B is 0.2
2023-08-31 10:29:35,940 [main] DEBUG balancer.ContainerBalancerTask (ContainerBalancerTask.java:initializeIteration(398)) - Utilization for node 3a89aac5-eb50-4a7f-aeb5-98deffae0824 with capacity 279172874240B, used 27917287424B, and remaining 251255586816B is 0.1
2023-08-31 10:29:35,940 [main] DEBUG balancer.ContainerBalancerTask (ContainerBalancerTask.java:initializeIteration(398)) - Utilization for node 2910ac42-f756-40ad-8d6a-41b91545f9cf with capacity 55834574848B, used 0B, and remaining 55834574848B is 0.0
2023-08-31 10:29:35,940 [main] INFO  balancer.ContainerBalancerTask (ContainerBalancerTask.java:initializeIteration(447)) - Container Balancer has identified 5 Over-Utilized and 3 Under-Utilized Datanodes that need to be balanced.
2023-08-31 10:29:35,940 [main] DEBUG balancer.ContainerBalancerTask (ContainerBalancerTask.java:lambda$initializeIteration$1(453)) - Datanode localhost-174.137.111.95 6e8eef60-1c39-4e5b-aafd-c83f2b725c3b is Over-Utilized.
2023-08-31 10:29:35,940 [main] DEBUG balancer.ContainerBalancerTask (ContainerBalancerTask.java:lambda$initializeIteration$1(453)) - Datanode localhost-237.63.210.47 734bbea7-3d67-44a4-a96b-8b6efbf1b7b3 is Over-Utilized.
2023-08-31 10:29:35,941 [main] DEBUG balancer.ContainerBalancerTask (ContainerBalancerTask.java:lambda$initializeIteration$1(453)) - Datanode localhost-122.173.26.198 f16d5bd2-0cce-4ea9-abce-eea9d5d5b664 is Over-Utilized.
2023-08-31 10:29:35,941 [main] DEBUG balancer.ContainerBalancerTask (ContainerBalancerTask.java:lambda$initializeIteration$1(453)) - Datanode localhost-188.156.46.217 fcb45a41-7dd1-44c5-8f9a-53ad5cb70e12 is Over-Utilized.
2023-08-31 10:29:35,941 [main] DEBUG balancer.ContainerBalancerTask (ContainerBalancerTask.java:lambda$initializeIteration$1(453)) - Datanode localhost-112.13.9.14 037913a9-60b9-46b9-a879-a25598cf4944 is Over-Utilized.
2023-08-31 10:29:35,941 [main] DEBUG balancer.ContainerBalancerTask (ContainerBalancerTask.java:lambda$initializeIteration$2(459)) - Datanode localhost-155.48.233.166 2910ac42-f756-40ad-8d6a-41b91545f9cf is Under-Utilized.
2023-08-31 10:29:35,941 [main] DEBUG balancer.ContainerBalancerTask (ContainerBalancerTask.java:lambda$initializeIteration$2(459)) - Datanode localhost-162.72.3.188 3a89aac5-eb50-4a7f-aeb5-98deffae0824 is Under-Utilized.
2023-08-31 10:29:35,941 [main] DEBUG balancer.ContainerBalancerTask (ContainerBalancerTask.java:lambda$initializeIteration$2(459)) - Datanode localhost-67.70.49.218 9e0f67a3-4a40-4c4c-92ff-cb67f0586a9b is Under-Utilized.
2023-08-31 10:29:35,946 [main] DEBUG balancer.ContainerBalancerTask (ContainerBalancerTask.java:matchSourceWithTarget(708)) - ContainerBalancer is finding suitable target for source datanode 6e8eef60-1c39-4e5b-aafd-c83f2b725c3b
2023-08-31 10:29:35,946 [main] INFO  balancer.ContainerBalancerTask (ContainerBalancerTask.java:matchSourceWithTarget(722)) - ContainerBalancer matched source datanode 6e8eef60-1c39-4e5b-aafd-c83f2b725c3b with target datanode 2910ac42-f756-40ad-8d6a-41b91545f9cf for container move.
2023-08-31 10:29:35,946 [main] INFO  balancer.ContainerBalancerTask (ContainerBalancerTask.java:processMoveSelection(569)) - ContainerBalancer is trying to move container #85 with size 5368709120B from source datanode 6e8eef60-1c39-4e5b-aafd-c83f2b725c3b to target datanode 2910ac42-f756-40ad-8d6a-41b91545f9cf
2023-08-31 10:29:35,946 [main] DEBUG balancer.ContainerBalancerTask (ContainerBalancerTask.java:lambda$moveContainer$3(837)) - Container move completed for container #85 from source 6e8eef60-1c39-4e5b-aafd-c83f2b725c3b to target 2910ac42-f756-40ad-8d6a-41b91545f9cf
2023-08-31 10:29:35,951 [main] DEBUG balancer.ContainerBalancerTask (ContainerBalancerTask.java:matchSourceWithTarget(708)) - ContainerBalancer is finding suitable target for source datanode 6e8eef60-1c39-4e5b-aafd-c83f2b725c3b
2023-08-31 10:29:35,951 [main] INFO  balancer.ContainerBalancerTask (ContainerBalancerTask.java:matchSourceWithTarget(722)) - ContainerBalancer matched source datanode 6e8eef60-1c39-4e5b-aafd-c83f2b725c3b with target datanode 2910ac42-f756-40ad-8d6a-41b91545f9cf for container move.
2023-08-31 10:29:35,951 [main] INFO  balancer.ContainerBalancerTask (ContainerBalancerTask.java:processMoveSelection(569)) - ContainerBalancer is trying to move container #29 with size 5368709120B from source datanode 6e8eef60-1c39-4e5b-aafd-c83f2b725c3b to target datanode 2910ac42-f756-40ad-8d6a-41b91545f9cf
2023-08-31 10:29:35,955 [main] DEBUG balancer.ContainerBalancerTask (ContainerBalancerTask.java:matchSourceWithTarget(708)) - ContainerBalancer is finding suitable target for source datanode 734bbea7-3d67-44a4-a96b-8b6efbf1b7b3
2023-08-31 10:29:35,956 [main] INFO  balancer.ContainerBalancerTask (ContainerBalancerTask.java:matchSourceWithTarget(722)) - ContainerBalancer matched source datanode 734bbea7-3d67-44a4-a96b-8b6efbf1b7b3 with target datanode 3a89aac5-eb50-4a7f-aeb5-98deffae0824 for container move.
2023-08-31 10:29:35,956 [main] INFO  balancer.ContainerBalancerTask (ContainerBalancerTask.java:processMoveSelection(569)) - ContainerBalancer is trying to move container #68 with size 5368709120B from source datanode 734bbea7-3d67-44a4-a96b-8b6efbf1b7b3 to target datanode 3a89aac5-eb50-4a7f-aeb5-98deffae0824
2023-08-31 10:29:35,961 [main] DEBUG balancer.ContainerBalancerTask (ContainerBalancerTask.java:matchSourceWithTarget(708)) - ContainerBalancer is finding suitable target for source datanode 6e8eef60-1c39-4e5b-aafd-c83f2b725c3b
2023-08-31 10:29:35,961 [main] INFO  balancer.ContainerBalancerTask (ContainerBalancerTask.java:matchSourceWithTarget(722)) - ContainerBalancer matched source datanode 6e8eef60-1c39-4e5b-aafd-c83f2b725c3b with target datanode 3a89aac5-eb50-4a7f-aeb5-98deffae0824 for container move.
2023-08-31 10:29:35,961 [main] INFO  balancer.ContainerBalancerTask (ContainerBalancerTask.java:processMoveSelection(569)) - ContainerBalancer is trying to move container #84 with size 4294967296B from source datanode 6e8eef60-1c39-4e5b-aafd-c83f2b725c3b to target datanode 3a89aac5-eb50-4a7f-aeb5-98deffae0824
2023-08-31 10:29:35,974 [main] DEBUG balancer.ContainerBalancerTask (ContainerBalancerTask.java:matchSourceWithTarget(708)) - ContainerBalancer is finding suitable target for source datanode 734bbea7-3d67-44a4-a96b-8b6efbf1b7b3
2023-08-31 10:29:35,977 [main] INFO  balancer.ContainerBalancerTask (ContainerBalancerTask.java:matchSourceWithTarget(722)) - ContainerBalancer matched source datanode 734bbea7-3d67-44a4-a96b-8b6efbf1b7b3 with target datanode 3a89aac5-eb50-4a7f-aeb5-98deffae0824 for container move.
2023-08-31 10:29:35,977 [main] INFO  balancer.ContainerBalancerTask (ContainerBalancerTask.java:processMoveSelection(569)) - ContainerBalancer is trying to move container #69 with size 1073741824B from source datanode 734bbea7-3d67-44a4-a96b-8b6efbf1b7b3 to target datanode 3a89aac5-eb50-4a7f-aeb5-98deffae0824
2023-08-31 10:29:35,987 [main] DEBUG balancer.ContainerBalancerTask (ContainerBalancerTask.java:matchSourceWithTarget(708)) - ContainerBalancer is finding suitable target for source datanode 734bbea7-3d67-44a4-a96b-8b6efbf1b7b3
2023-08-31 10:29:35,988 [main] INFO  balancer.ContainerBalancerTask (ContainerBalancerTask.java:matchSourceWithTarget(722)) - ContainerBalancer matched source datanode 734bbea7-3d67-44a4-a96b-8b6efbf1b7b3 with target datanode 9e0f67a3-4a40-4c4c-92ff-cb67f0586a9b for container move.
2023-08-31 10:29:35,988 [main] INFO  balancer.ContainerBalancerTask (ContainerBalancerTask.java:processMoveSelection(569)) - ContainerBalancer is trying to move container #40 with size 5368709120B from source datanode 734bbea7-3d67-44a4-a96b-8b6efbf1b7b3 to target datanode 9e0f67a3-4a40-4c4c-92ff-cb67f0586a9b
2023-08-31 10:29:35,993 [main] DEBUG balancer.ContainerBalancerTask (ContainerBalancerTask.java:matchSourceWithTarget(708)) - ContainerBalancer is finding suitable target for source datanode f16d5bd2-0cce-4ea9-abce-eea9d5d5b664
2023-08-31 10:29:35,993 [main] INFO  balancer.ContainerBalancerTask (ContainerBalancerTask.java:matchSourceWithTarget(722)) - ContainerBalancer matched source datanode f16d5bd2-0cce-4ea9-abce-eea9d5d5b664 with target datanode 9e0f67a3-4a40-4c4c-92ff-cb67f0586a9b for container move.
2023-08-31 10:29:35,994 [main] INFO  balancer.ContainerBalancerTask (ContainerBalancerTask.java:processMoveSelection(569)) - ContainerBalancer is trying to move container #52 with size 4294967296B from source datanode f16d5bd2-0cce-4ea9-abce-eea9d5d5b664 to target datanode 9e0f67a3-4a40-4c4c-92ff-cb67f0586a9b
2023-08-31 10:29:35,999 [main] DEBUG balancer.ContainerBalancerTask (ContainerBalancerTask.java:matchSourceWithTarget(708)) - ContainerBalancer is finding suitable target for source datanode 6e8eef60-1c39-4e5b-aafd-c83f2b725c3b
2023-08-31 10:29:36,000 [main] INFO  balancer.ContainerBalancerTask (ContainerBalancerTask.java:matchSourceWithTarget(722)) - ContainerBalancer matched source datanode 6e8eef60-1c39-4e5b-aafd-c83f2b725c3b with target datanode 9e0f67a3-4a40-4c4c-92ff-cb67f0586a9b for container move.
2023-08-31 10:29:36,000 [main] INFO  balancer.ContainerBalancerTask (ContainerBalancerTask.java:processMoveSelection(569)) - ContainerBalancer is trying to move container #86 with size 1073741824B from source datanode 6e8eef60-1c39-4e5b-aafd-c83f2b725c3b to target datanode 9e0f67a3-4a40-4c4c-92ff-cb67f0586a9b
2023-08-31 10:29:36,009 [main] DEBUG balancer.ContainerBalancerTask (ContainerBalancerTask.java:matchSourceWithTarget(708)) - ContainerBalancer is finding suitable target for source datanode 6e8eef60-1c39-4e5b-aafd-c83f2b725c3b
2023-08-31 10:29:36,009 [main] INFO  balancer.FindTargetGreedyByUsageInfo (AbstractFindTargetGreedy.java:findTargetForContainerMove(133)) - Container Balancer could not find a target for source datanode 6e8eef60-1c39-4e5b-aafd-c83f2b725c3b
2023-08-31 10:29:36,009 [main] DEBUG balancer.ContainerBalancerTask (ContainerBalancerTask.java:matchSourceWithTarget(717)) - ContainerBalancer could not find a suitable target for source node 6e8eef60-1c39-4e5b-aafd-c83f2b725c3b.
2023-08-31 10:29:36,017 [main] DEBUG balancer.ContainerBalancerTask (ContainerBalancerTask.java:matchSourceWithTarget(708)) - ContainerBalancer is finding suitable target for source datanode f16d5bd2-0cce-4ea9-abce-eea9d5d5b664
2023-08-31 10:29:36,017 [main] INFO  balancer.FindTargetGreedyByUsageInfo (AbstractFindTargetGreedy.java:findTargetForContainerMove(133)) - Container Balancer could not find a target for source datanode f16d5bd2-0cce-4ea9-abce-eea9d5d5b664
2023-08-31 10:29:36,017 [main] DEBUG balancer.ContainerBalancerTask (ContainerBalancerTask.java:matchSourceWithTarget(717)) - ContainerBalancer could not find a suitable target for source node f16d5bd2-0cce-4ea9-abce-eea9d5d5b664.
2023-08-31 10:29:36,021 [main] DEBUG balancer.ContainerBalancerTask (ContainerBalancerTask.java:matchSourceWithTarget(708)) - ContainerBalancer is finding suitable target for source datanode 734bbea7-3d67-44a4-a96b-8b6efbf1b7b3
2023-08-31 10:29:36,021 [main] INFO  balancer.FindTargetGreedyByUsageInfo (AbstractFindTargetGreedy.java:findTargetForContainerMove(133)) - Container Balancer could not find a target for source datanode 734bbea7-3d67-44a4-a96b-8b6efbf1b7b3
2023-08-31 10:29:36,022 [main] DEBUG balancer.ContainerBalancerTask (ContainerBalancerTask.java:matchSourceWithTarget(717)) - ContainerBalancer could not find a suitable target for source node 734bbea7-3d67-44a4-a96b-8b6efbf1b7b3.
2023-08-31 10:29:36,027 [main] DEBUG balancer.ContainerBalancerTask (ContainerBalancerTask.java:matchSourceWithTarget(708)) - ContainerBalancer is finding suitable target for source datanode fcb45a41-7dd1-44c5-8f9a-53ad5cb70e12
2023-08-31 10:29:36,027 [main] INFO  balancer.FindTargetGreedyByUsageInfo (AbstractFindTargetGreedy.java:findTargetForContainerMove(133)) - Container Balancer could not find a target for source datanode fcb45a41-7dd1-44c5-8f9a-53ad5cb70e12
2023-08-31 10:29:36,027 [main] DEBUG balancer.ContainerBalancerTask (ContainerBalancerTask.java:matchSourceWithTarget(717)) - ContainerBalancer could not find a suitable target for source node fcb45a41-7dd1-44c5-8f9a-53ad5cb70e12.
2023-08-31 10:29:36,032 [main] DEBUG balancer.ContainerBalancerTask (ContainerBalancerTask.java:matchSourceWithTarget(708)) - ContainerBalancer is finding suitable target for source datanode 037913a9-60b9-46b9-a879-a25598cf4944
2023-08-31 10:29:36,032 [main] INFO  balancer.FindTargetGreedyByUsageInfo (AbstractFindTargetGreedy.java:findTargetForContainerMove(133)) - Container Balancer could not find a target for source datanode 037913a9-60b9-46b9-a879-a25598cf4944
2023-08-31 10:29:36,032 [main] DEBUG balancer.ContainerBalancerTask (ContainerBalancerTask.java:matchSourceWithTarget(717)) - ContainerBalancer could not find a suitable target for source node 037913a9-60b9-46b9-a879-a25598cf4944.
2023-08-31 10:29:36,032 [main] INFO  balancer.FindSourceGreedy (FindSourceGreedy.java:getNextCandidateSourceDataNode(126)) - no more candidate source data node
2023-08-31 10:29:36,533 [main] WARN  balancer.ContainerBalancerTask (ContainerBalancerTask.java:cancelMovesThatExceedTimeoutDuration(674)) - Container move timed out for container #29 from source 6e8eef60-1c39-4e5b-aafd-c83f2b725c3b to target 2910ac42-f756-40ad-8d6a-41b91545f9cf.
2023-08-31 10:29:36,534 [main] WARN  balancer.ContainerBalancerTask (ContainerBalancerTask.java:cancelMovesThatExceedTimeoutDuration(674)) - Container move timed out for container #69 from source 734bbea7-3d67-44a4-a96b-8b6efbf1b7b3 to target 3a89aac5-eb50-4a7f-aeb5-98deffae0824.
2023-08-31 10:29:36,534 [main] WARN  balancer.ContainerBalancerTask (ContainerBalancerTask.java:cancelMovesThatExceedTimeoutDuration(674)) - Container move timed out for container #68 from source 734bbea7-3d67-44a4-a96b-8b6efbf1b7b3 to target 3a89aac5-eb50-4a7f-aeb5-98deffae0824.
2023-08-31 10:29:36,535 [main] WARN  balancer.ContainerBalancerTask (ContainerBalancerTask.java:cancelMovesThatExceedTimeoutDuration(674)) - Container move timed out for container #40 from source 734bbea7-3d67-44a4-a96b-8b6efbf1b7b3 to target 9e0f67a3-4a40-4c4c-92ff-cb67f0586a9b.
2023-08-31 10:29:36,535 [main] WARN  balancer.ContainerBalancerTask (ContainerBalancerTask.java:cancelMovesThatExceedTimeoutDuration(674)) - Container move timed out for container #52 from source f16d5bd2-0cce-4ea9-abce-eea9d5d5b664 to target 9e0f67a3-4a40-4c4c-92ff-cb67f0586a9b.
2023-08-31 10:29:36,535 [main] WARN  balancer.ContainerBalancerTask (ContainerBalancerTask.java:cancelMovesThatExceedTimeoutDuration(674)) - Container move timed out for container #84 from source 6e8eef60-1c39-4e5b-aafd-c83f2b725c3b to target 3a89aac5-eb50-4a7f-aeb5-98deffae0824.
2023-08-31 10:29:36,536 [main] WARN  balancer.ContainerBalancerTask (ContainerBalancerTask.java:cancelMovesThatExceedTimeoutDuration(674)) - Container move timed out for container #86 from source 6e8eef60-1c39-4e5b-aafd-c83f2b725c3b to target 9e0f67a3-4a40-4c4c-92ff-cb67f0586a9b.
2023-08-31 10:29:36,536 [main] WARN  balancer.ContainerBalancerTask (ContainerBalancerTask.java:checkIterationMoveResults(620)) - 7 Container moves are canceled.
2023-08-31 10:29:36,536 [main] INFO  balancer.ContainerBalancerTask (ContainerBalancerTask.java:checkIterationMoveResults(642)) - Iteration Summary. Number of Datanodes involved: 6. Size moved: 5 GB (5368709120 Bytes). Number of Container moves completed: 1.
2023-08-31 10:29:36,536 [main] INFO  balancer.ContainerBalancerTask (ContainerBalancerTask.java:balance(259)) - Result of this iteration of Container Balancer: ITERATION_COMPLETED
2023-08-31 10:29:36,536 [main] INFO  balancer.ContainerBalancerTask (ContainerBalancerTask.java:tryStopWithSaveConfiguration(308)) - Save Configuration for stopping. Reason: Completed all iterations.
]]></system-out>
  </testcase>
  <testcase name="targetDatanodeShouldNotAlreadyContainSelectedContainer" classname="org.apache.hadoop.hdds.scm.container.balancer.TestContainerBalancerTask" time="0.187">
    <system-out><![CDATA[2023-08-31 10:29:36,570 [main] INFO  net.NodeSchemaLoader (NodeSchemaLoader.java:loadSchemaFromFile(129)) - Loading schema from [file:/home/runner/work/ozone/ozone/hadoop-hdds/common/target/classes/network-topology-default.xml]
2023-08-31 10:29:36,571 [main] INFO  net.NodeSchemaLoader (NodeSchemaLoader.java:loadSchema(176)) - Loading network topology layer schema file
2023-08-31 10:29:36,573 [main] INFO  net.NetworkTopologyImpl (NetworkTopologyImpl.java:add(112)) - Added a new node: /default-rack/308d03c2-31ed-4327-98e7-9c78c7532cb9
2023-08-31 10:29:36,573 [main] INFO  net.NetworkTopologyImpl (NetworkTopologyImpl.java:add(112)) - Added a new node: /default-rack/8a5432ed-91a0-4e03-ba94-ebb5b84cd176
2023-08-31 10:29:36,573 [main] INFO  net.NetworkTopologyImpl (NetworkTopologyImpl.java:add(112)) - Added a new node: /default-rack/53226da3-a347-4c5e-8124-b5cc50658244
2023-08-31 10:29:36,573 [main] INFO  net.NetworkTopologyImpl (NetworkTopologyImpl.java:add(112)) - Added a new node: /default-rack/f1d403f2-7fb3-4381-ac9f-802cfbca61dc
2023-08-31 10:29:36,573 [main] INFO  net.NetworkTopologyImpl (NetworkTopologyImpl.java:add(112)) - Added a new node: /default-rack/5c3765a0-201b-47ed-bc5e-a0fe8838abab
2023-08-31 10:29:36,574 [main] INFO  net.NetworkTopologyImpl (NetworkTopologyImpl.java:add(112)) - Added a new node: /default-rack/2d07249a-1a3d-4592-9cca-8c79d29c6175
2023-08-31 10:29:36,574 [main] INFO  net.NetworkTopologyImpl (NetworkTopologyImpl.java:add(112)) - Added a new node: /default-rack/09b542f0-e31b-4361-a8ca-0d5b6502df86
2023-08-31 10:29:36,574 [main] INFO  net.NetworkTopologyImpl (NetworkTopologyImpl.java:add(112)) - Added a new node: /default-rack/c414f81c-45d1-4f9f-acfb-63e79224e785
2023-08-31 10:29:36,574 [main] INFO  net.NetworkTopologyImpl (NetworkTopologyImpl.java:add(112)) - Added a new node: /default-rack/2a28b1aa-c6d3-4465-83b7-e2dad2840420
2023-08-31 10:29:36,574 [main] INFO  net.NetworkTopologyImpl (NetworkTopologyImpl.java:add(112)) - Added a new node: /default-rack/c8259318-bd4f-40a3-a77f-a5a3743b3538
2023-08-31 10:29:36,574 [main] INFO  algorithms.ContainerPlacementPolicyFactory (ContainerPlacementPolicyFactory.java:getPolicyInternal(86)) - Create container placement policy of type org.apache.hadoop.hdds.scm.container.placement.algorithms.SCMContainerPlacementRackAware
2023-08-31 10:29:36,575 [main] INFO  algorithms.ContainerPlacementPolicyFactory (ContainerPlacementPolicyFactory.java:getPolicyInternal(86)) - Create container placement policy of type org.apache.hadoop.hdds.scm.container.placement.algorithms.SCMContainerPlacementRackScatter
2023-08-31 10:29:36,578 [main] DEBUG balancer.ContainerBalancerTask (ContainerBalancerTask.java:initializeIteration(374)) - Average utilization of the cluster is 0.3548133595290066
2023-08-31 10:29:36,579 [main] DEBUG balancer.ContainerBalancerTask (ContainerBalancerTask.java:initializeIteration(386)) - Lower limit for utilization is 0.25481335952900663 and Upper limit for utilization is 0.4548133595290066
2023-08-31 10:29:36,579 [main] DEBUG balancer.ContainerBalancerTask (ContainerBalancerTask.java:initializeIteration(398)) - Utilization for node 2a28b1aa-c6d3-4465-83b7-e2dad2840420 with capacity 53687091200B, used 48318382080B, and remaining 5368709120B is 0.9
2023-08-31 10:29:36,579 [main] DEBUG balancer.ContainerBalancerTask (ContainerBalancerTask.java:initializeIteration(398)) - Utilization for node f1d403f2-7fb3-4381-ac9f-802cfbca61dc with capacity 69793218560B, used 55834574848B, and remaining 13958643712B is 0.8
2023-08-31 10:29:36,579 [main] DEBUG balancer.ContainerBalancerTask (ContainerBalancerTask.java:initializeIteration(398)) - Utilization for node 53226da3-a347-4c5e-8124-b5cc50658244 with capacity 56754924982B, used 39728447488B, and remaining 17026477494B is 0.7000000000105717
2023-08-31 10:29:36,579 [main] DEBUG balancer.ContainerBalancerTask (ContainerBalancerTask.java:initializeIteration(398)) - Utilization for node 8a5432ed-91a0-4e03-ba94-ebb5b84cd176 with capacity 73372357973B, used 44023414784B, and remaining 29348943189B is 0.6000000000027258
2023-08-31 10:29:36,579 [main] DEBUG balancer.ContainerBalancerTask (ContainerBalancerTask.java:initializeIteration(398)) - Utilization for node c8259318-bd4f-40a3-a77f-a5a3743b3538 with capacity 90194313216B, used 45097156608B, and remaining 45097156608B is 0.5
2023-08-31 10:29:36,579 [main] DEBUG balancer.ContainerBalancerTask (ContainerBalancerTask.java:initializeIteration(398)) - Utilization for node 2d07249a-1a3d-4592-9cca-8c79d29c6175 with capacity 118111600640B, used 47244640256B, and remaining 70866960384B is 0.4
2023-08-31 10:29:36,579 [main] DEBUG balancer.ContainerBalancerTask (ContainerBalancerTask.java:initializeIteration(398)) - Utilization for node 308d03c2-31ed-4327-98e7-9c78c7532cb9 with capacity 78741067093B, used 23622320128B, and remaining 55118746965B is 0.30000000000127
2023-08-31 10:29:36,580 [main] DEBUG balancer.ContainerBalancerTask (ContainerBalancerTask.java:initializeIteration(398)) - Utilization for node 09b542f0-e31b-4361-a8ca-0d5b6502df86 with capacity 171798691840B, used 34359738368B, and remaining 137438953472B is 0.2
2023-08-31 10:29:36,580 [main] DEBUG balancer.ContainerBalancerTask (ContainerBalancerTask.java:initializeIteration(398)) - Utilization for node c414f81c-45d1-4f9f-acfb-63e79224e785 with capacity 311385128960B, used 31138512896B, and remaining 280246616064B is 0.1
2023-08-31 10:29:36,580 [main] DEBUG balancer.ContainerBalancerTask (ContainerBalancerTask.java:initializeIteration(398)) - Utilization for node 5c3765a0-201b-47ed-bc5e-a0fe8838abab with capacity 17179869184B, used 0B, and remaining 17179869184B is 0.0
2023-08-31 10:29:36,580 [main] INFO  balancer.ContainerBalancerTask (ContainerBalancerTask.java:initializeIteration(447)) - Container Balancer has identified 5 Over-Utilized and 3 Under-Utilized Datanodes that need to be balanced.
2023-08-31 10:29:36,580 [main] DEBUG balancer.ContainerBalancerTask (ContainerBalancerTask.java:lambda$initializeIteration$1(453)) - Datanode localhost-13.180.6.155 2a28b1aa-c6d3-4465-83b7-e2dad2840420 is Over-Utilized.
2023-08-31 10:29:36,580 [main] DEBUG balancer.ContainerBalancerTask (ContainerBalancerTask.java:lambda$initializeIteration$1(453)) - Datanode localhost-10.203.197.194 f1d403f2-7fb3-4381-ac9f-802cfbca61dc is Over-Utilized.
2023-08-31 10:29:36,580 [main] DEBUG balancer.ContainerBalancerTask (ContainerBalancerTask.java:lambda$initializeIteration$1(453)) - Datanode localhost-14.27.128.233 53226da3-a347-4c5e-8124-b5cc50658244 is Over-Utilized.
2023-08-31 10:29:36,580 [main] DEBUG balancer.ContainerBalancerTask (ContainerBalancerTask.java:lambda$initializeIteration$1(453)) - Datanode localhost-171.244.32.14 8a5432ed-91a0-4e03-ba94-ebb5b84cd176 is Over-Utilized.
2023-08-31 10:29:36,581 [main] DEBUG balancer.ContainerBalancerTask (ContainerBalancerTask.java:lambda$initializeIteration$1(453)) - Datanode localhost-168.184.29.24 c8259318-bd4f-40a3-a77f-a5a3743b3538 is Over-Utilized.
2023-08-31 10:29:36,581 [main] DEBUG balancer.ContainerBalancerTask (ContainerBalancerTask.java:lambda$initializeIteration$2(459)) - Datanode localhost-241.149.186.10 5c3765a0-201b-47ed-bc5e-a0fe8838abab is Under-Utilized.
2023-08-31 10:29:36,581 [main] DEBUG balancer.ContainerBalancerTask (ContainerBalancerTask.java:lambda$initializeIteration$2(459)) - Datanode localhost-194.3.139.102 c414f81c-45d1-4f9f-acfb-63e79224e785 is Under-Utilized.
2023-08-31 10:29:36,581 [main] DEBUG balancer.ContainerBalancerTask (ContainerBalancerTask.java:lambda$initializeIteration$2(459)) - Datanode localhost-121.177.34.182 09b542f0-e31b-4361-a8ca-0d5b6502df86 is Under-Utilized.
2023-08-31 10:29:36,584 [main] DEBUG balancer.ContainerBalancerTask (ContainerBalancerTask.java:matchSourceWithTarget(708)) - ContainerBalancer is finding suitable target for source datanode 2a28b1aa-c6d3-4465-83b7-e2dad2840420
2023-08-31 10:29:36,584 [main] INFO  balancer.ContainerBalancerTask (ContainerBalancerTask.java:matchSourceWithTarget(722)) - ContainerBalancer matched source datanode 2a28b1aa-c6d3-4465-83b7-e2dad2840420 with target datanode 5c3765a0-201b-47ed-bc5e-a0fe8838abab for container move.
2023-08-31 10:29:36,584 [main] INFO  balancer.ContainerBalancerTask (ContainerBalancerTask.java:processMoveSelection(569)) - ContainerBalancer is trying to move container #85 with size 5368709120B from source datanode 2a28b1aa-c6d3-4465-83b7-e2dad2840420 to target datanode 5c3765a0-201b-47ed-bc5e-a0fe8838abab
2023-08-31 10:29:36,585 [main] DEBUG balancer.ContainerBalancerTask (ContainerBalancerTask.java:lambda$moveContainer$3(837)) - Container move completed for container #85 from source 2a28b1aa-c6d3-4465-83b7-e2dad2840420 to target 5c3765a0-201b-47ed-bc5e-a0fe8838abab
2023-08-31 10:29:36,589 [main] DEBUG balancer.ContainerBalancerTask (ContainerBalancerTask.java:matchSourceWithTarget(708)) - ContainerBalancer is finding suitable target for source datanode f1d403f2-7fb3-4381-ac9f-802cfbca61dc
2023-08-31 10:29:36,589 [main] INFO  balancer.ContainerBalancerTask (ContainerBalancerTask.java:matchSourceWithTarget(722)) - ContainerBalancer matched source datanode f1d403f2-7fb3-4381-ac9f-802cfbca61dc with target datanode c414f81c-45d1-4f9f-acfb-63e79224e785 for container move.
2023-08-31 10:29:36,589 [main] INFO  balancer.ContainerBalancerTask (ContainerBalancerTask.java:processMoveSelection(569)) - ContainerBalancer is trying to move container #68 with size 5368709120B from source datanode f1d403f2-7fb3-4381-ac9f-802cfbca61dc to target datanode c414f81c-45d1-4f9f-acfb-63e79224e785
2023-08-31 10:29:36,589 [main] DEBUG balancer.ContainerBalancerTask (ContainerBalancerTask.java:lambda$moveContainer$3(837)) - Container move completed for container #68 from source f1d403f2-7fb3-4381-ac9f-802cfbca61dc to target c414f81c-45d1-4f9f-acfb-63e79224e785
2023-08-31 10:29:36,592 [main] DEBUG balancer.ContainerBalancerTask (ContainerBalancerTask.java:matchSourceWithTarget(708)) - ContainerBalancer is finding suitable target for source datanode 2a28b1aa-c6d3-4465-83b7-e2dad2840420
2023-08-31 10:29:36,593 [main] INFO  balancer.ContainerBalancerTask (ContainerBalancerTask.java:matchSourceWithTarget(722)) - ContainerBalancer matched source datanode 2a28b1aa-c6d3-4465-83b7-e2dad2840420 with target datanode c414f81c-45d1-4f9f-acfb-63e79224e785 for container move.
2023-08-31 10:29:36,593 [main] INFO  balancer.ContainerBalancerTask (ContainerBalancerTask.java:processMoveSelection(569)) - ContainerBalancer is trying to move container #89 with size 4294967296B from source datanode 2a28b1aa-c6d3-4465-83b7-e2dad2840420 to target datanode c414f81c-45d1-4f9f-acfb-63e79224e785
2023-08-31 10:29:36,593 [main] DEBUG balancer.ContainerBalancerTask (ContainerBalancerTask.java:lambda$moveContainer$3(837)) - Container move completed for container #89 from source 2a28b1aa-c6d3-4465-83b7-e2dad2840420 to target c414f81c-45d1-4f9f-acfb-63e79224e785
2023-08-31 10:29:36,597 [main] DEBUG balancer.ContainerBalancerTask (ContainerBalancerTask.java:matchSourceWithTarget(708)) - ContainerBalancer is finding suitable target for source datanode f1d403f2-7fb3-4381-ac9f-802cfbca61dc
2023-08-31 10:29:36,598 [main] INFO  balancer.ContainerBalancerTask (ContainerBalancerTask.java:matchSourceWithTarget(722)) - ContainerBalancer matched source datanode f1d403f2-7fb3-4381-ac9f-802cfbca61dc with target datanode c414f81c-45d1-4f9f-acfb-63e79224e785 for container move.
2023-08-31 10:29:36,598 [main] INFO  balancer.ContainerBalancerTask (ContainerBalancerTask.java:processMoveSelection(569)) - ContainerBalancer is trying to move container #67 with size 4294967296B from source datanode f1d403f2-7fb3-4381-ac9f-802cfbca61dc to target datanode c414f81c-45d1-4f9f-acfb-63e79224e785
2023-08-31 10:29:36,598 [main] DEBUG balancer.ContainerBalancerTask (ContainerBalancerTask.java:lambda$moveContainer$3(837)) - Container move completed for container #67 from source f1d403f2-7fb3-4381-ac9f-802cfbca61dc to target c414f81c-45d1-4f9f-acfb-63e79224e785
2023-08-31 10:29:36,601 [main] DEBUG balancer.ContainerBalancerTask (ContainerBalancerTask.java:matchSourceWithTarget(708)) - ContainerBalancer is finding suitable target for source datanode 2a28b1aa-c6d3-4465-83b7-e2dad2840420
2023-08-31 10:29:36,601 [main] INFO  balancer.ContainerBalancerTask (ContainerBalancerTask.java:matchSourceWithTarget(722)) - ContainerBalancer matched source datanode 2a28b1aa-c6d3-4465-83b7-e2dad2840420 with target datanode c414f81c-45d1-4f9f-acfb-63e79224e785 for container move.
2023-08-31 10:29:36,601 [main] INFO  balancer.ContainerBalancerTask (ContainerBalancerTask.java:processMoveSelection(569)) - ContainerBalancer is trying to move container #84 with size 4294967296B from source datanode 2a28b1aa-c6d3-4465-83b7-e2dad2840420 to target datanode c414f81c-45d1-4f9f-acfb-63e79224e785
2023-08-31 10:29:36,602 [main] DEBUG balancer.ContainerBalancerTask (ContainerBalancerTask.java:lambda$moveContainer$3(837)) - Container move completed for container #84 from source 2a28b1aa-c6d3-4465-83b7-e2dad2840420 to target c414f81c-45d1-4f9f-acfb-63e79224e785
2023-08-31 10:29:36,605 [main] DEBUG balancer.ContainerBalancerTask (ContainerBalancerTask.java:matchSourceWithTarget(708)) - ContainerBalancer is finding suitable target for source datanode 53226da3-a347-4c5e-8124-b5cc50658244
2023-08-31 10:29:36,605 [main] INFO  balancer.ContainerBalancerTask (ContainerBalancerTask.java:matchSourceWithTarget(722)) - ContainerBalancer matched source datanode 53226da3-a347-4c5e-8124-b5cc50658244 with target datanode c414f81c-45d1-4f9f-acfb-63e79224e785 for container move.
2023-08-31 10:29:36,605 [main] INFO  balancer.ContainerBalancerTask (ContainerBalancerTask.java:processMoveSelection(569)) - ContainerBalancer is trying to move container #53 with size 5368709120B from source datanode 53226da3-a347-4c5e-8124-b5cc50658244 to target datanode c414f81c-45d1-4f9f-acfb-63e79224e785
2023-08-31 10:29:36,606 [main] DEBUG balancer.ContainerBalancerTask (ContainerBalancerTask.java:lambda$moveContainer$3(837)) - Container move completed for container #53 from source 53226da3-a347-4c5e-8124-b5cc50658244 to target c414f81c-45d1-4f9f-acfb-63e79224e785
2023-08-31 10:29:36,610 [main] DEBUG balancer.ContainerBalancerTask (ContainerBalancerTask.java:matchSourceWithTarget(708)) - ContainerBalancer is finding suitable target for source datanode f1d403f2-7fb3-4381-ac9f-802cfbca61dc
2023-08-31 10:29:36,610 [main] INFO  balancer.ContainerBalancerTask (ContainerBalancerTask.java:matchSourceWithTarget(722)) - ContainerBalancer matched source datanode f1d403f2-7fb3-4381-ac9f-802cfbca61dc with target datanode c414f81c-45d1-4f9f-acfb-63e79224e785 for container move.
2023-08-31 10:29:36,611 [main] INFO  balancer.ContainerBalancerTask (ContainerBalancerTask.java:processMoveSelection(569)) - ContainerBalancer is trying to move container #39 with size 4294967296B from source datanode f1d403f2-7fb3-4381-ac9f-802cfbca61dc to target datanode c414f81c-45d1-4f9f-acfb-63e79224e785
2023-08-31 10:29:36,611 [main] DEBUG balancer.ContainerBalancerTask (ContainerBalancerTask.java:lambda$moveContainer$3(837)) - Container move completed for container #39 from source f1d403f2-7fb3-4381-ac9f-802cfbca61dc to target c414f81c-45d1-4f9f-acfb-63e79224e785
2023-08-31 10:29:36,614 [main] DEBUG balancer.ContainerBalancerTask (ContainerBalancerTask.java:matchSourceWithTarget(708)) - ContainerBalancer is finding suitable target for source datanode 2a28b1aa-c6d3-4465-83b7-e2dad2840420
2023-08-31 10:29:36,614 [main] INFO  balancer.ContainerBalancerTask (ContainerBalancerTask.java:matchSourceWithTarget(722)) - ContainerBalancer matched source datanode 2a28b1aa-c6d3-4465-83b7-e2dad2840420 with target datanode c414f81c-45d1-4f9f-acfb-63e79224e785 for container move.
2023-08-31 10:29:36,615 [main] INFO  balancer.ContainerBalancerTask (ContainerBalancerTask.java:processMoveSelection(569)) - ContainerBalancer is trying to move container #52 with size 4294967296B from source datanode 2a28b1aa-c6d3-4465-83b7-e2dad2840420 to target datanode c414f81c-45d1-4f9f-acfb-63e79224e785
2023-08-31 10:29:36,615 [main] DEBUG balancer.ContainerBalancerTask (ContainerBalancerTask.java:lambda$moveContainer$3(837)) - Container move completed for container #52 from source 2a28b1aa-c6d3-4465-83b7-e2dad2840420 to target c414f81c-45d1-4f9f-acfb-63e79224e785
2023-08-31 10:29:36,618 [main] DEBUG balancer.ContainerBalancerTask (ContainerBalancerTask.java:matchSourceWithTarget(708)) - ContainerBalancer is finding suitable target for source datanode 53226da3-a347-4c5e-8124-b5cc50658244
2023-08-31 10:29:36,618 [main] INFO  balancer.ContainerBalancerTask (ContainerBalancerTask.java:matchSourceWithTarget(722)) - ContainerBalancer matched source datanode 53226da3-a347-4c5e-8124-b5cc50658244 with target datanode 09b542f0-e31b-4361-a8ca-0d5b6502df86 for container move.
2023-08-31 10:29:36,619 [main] INFO  balancer.ContainerBalancerTask (ContainerBalancerTask.java:processMoveSelection(569)) - ContainerBalancer is trying to move container #19 with size 4294967296B from source datanode 53226da3-a347-4c5e-8124-b5cc50658244 to target datanode 09b542f0-e31b-4361-a8ca-0d5b6502df86
2023-08-31 10:29:36,619 [main] DEBUG balancer.ContainerBalancerTask (ContainerBalancerTask.java:lambda$moveContainer$3(837)) - Container move completed for container #19 from source 53226da3-a347-4c5e-8124-b5cc50658244 to target 09b542f0-e31b-4361-a8ca-0d5b6502df86
2023-08-31 10:29:36,622 [main] DEBUG balancer.ContainerBalancerTask (ContainerBalancerTask.java:matchSourceWithTarget(708)) - ContainerBalancer is finding suitable target for source datanode 8a5432ed-91a0-4e03-ba94-ebb5b84cd176
2023-08-31 10:29:36,623 [main] INFO  balancer.ContainerBalancerTask (ContainerBalancerTask.java:matchSourceWithTarget(722)) - ContainerBalancer matched source datanode 8a5432ed-91a0-4e03-ba94-ebb5b84cd176 with target datanode c414f81c-45d1-4f9f-acfb-63e79224e785 for container move.
2023-08-31 10:29:36,623 [main] INFO  balancer.ContainerBalancerTask (ContainerBalancerTask.java:processMoveSelection(569)) - ContainerBalancer is trying to move container #40 with size 5368709120B from source datanode 8a5432ed-91a0-4e03-ba94-ebb5b84cd176 to target datanode c414f81c-45d1-4f9f-acfb-63e79224e785
2023-08-31 10:29:36,623 [main] DEBUG balancer.ContainerBalancerTask (ContainerBalancerTask.java:lambda$moveContainer$3(837)) - Container move completed for container #40 from source 8a5432ed-91a0-4e03-ba94-ebb5b84cd176 to target c414f81c-45d1-4f9f-acfb-63e79224e785
2023-08-31 10:29:36,628 [main] DEBUG balancer.ContainerBalancerTask (ContainerBalancerTask.java:matchSourceWithTarget(708)) - ContainerBalancer is finding suitable target for source datanode f1d403f2-7fb3-4381-ac9f-802cfbca61dc
2023-08-31 10:29:36,628 [main] INFO  balancer.ContainerBalancerTask (ContainerBalancerTask.java:matchSourceWithTarget(722)) - ContainerBalancer matched source datanode f1d403f2-7fb3-4381-ac9f-802cfbca61dc with target datanode c414f81c-45d1-4f9f-acfb-63e79224e785 for container move.
2023-08-31 10:29:36,628 [main] INFO  balancer.ContainerBalancerTask (ContainerBalancerTask.java:processMoveSelection(569)) - ContainerBalancer is trying to move container #88 with size 3221225472B from source datanode f1d403f2-7fb3-4381-ac9f-802cfbca61dc to target datanode c414f81c-45d1-4f9f-acfb-63e79224e785
2023-08-31 10:29:36,629 [main] DEBUG balancer.ContainerBalancerTask (ContainerBalancerTask.java:lambda$moveContainer$3(837)) - Container move completed for container #88 from source f1d403f2-7fb3-4381-ac9f-802cfbca61dc to target c414f81c-45d1-4f9f-acfb-63e79224e785
2023-08-31 10:29:36,632 [main] DEBUG balancer.ContainerBalancerTask (ContainerBalancerTask.java:matchSourceWithTarget(708)) - ContainerBalancer is finding suitable target for source datanode 2a28b1aa-c6d3-4465-83b7-e2dad2840420
2023-08-31 10:29:36,632 [main] INFO  balancer.ContainerBalancerTask (ContainerBalancerTask.java:matchSourceWithTarget(722)) - ContainerBalancer matched source datanode 2a28b1aa-c6d3-4465-83b7-e2dad2840420 with target datanode 09b542f0-e31b-4361-a8ca-0d5b6502df86 for container move.
2023-08-31 10:29:36,633 [main] INFO  balancer.ContainerBalancerTask (ContainerBalancerTask.java:processMoveSelection(569)) - ContainerBalancer is trying to move container #29 with size 5368709120B from source datanode 2a28b1aa-c6d3-4465-83b7-e2dad2840420 to target datanode 09b542f0-e31b-4361-a8ca-0d5b6502df86
2023-08-31 10:29:36,633 [main] DEBUG balancer.ContainerBalancerTask (ContainerBalancerTask.java:lambda$moveContainer$3(837)) - Container move completed for container #29 from source 2a28b1aa-c6d3-4465-83b7-e2dad2840420 to target 09b542f0-e31b-4361-a8ca-0d5b6502df86
2023-08-31 10:29:36,638 [main] DEBUG balancer.ContainerBalancerTask (ContainerBalancerTask.java:matchSourceWithTarget(708)) - ContainerBalancer is finding suitable target for source datanode f1d403f2-7fb3-4381-ac9f-802cfbca61dc
2023-08-31 10:29:36,638 [main] INFO  balancer.ContainerBalancerTask (ContainerBalancerTask.java:matchSourceWithTarget(722)) - ContainerBalancer matched source datanode f1d403f2-7fb3-4381-ac9f-802cfbca61dc with target datanode c414f81c-45d1-4f9f-acfb-63e79224e785 for container move.
2023-08-31 10:29:36,638 [main] INFO  balancer.ContainerBalancerTask (ContainerBalancerTask.java:processMoveSelection(569)) - ContainerBalancer is trying to move container #71 with size 3221225472B from source datanode f1d403f2-7fb3-4381-ac9f-802cfbca61dc to target datanode c414f81c-45d1-4f9f-acfb-63e79224e785
2023-08-31 10:29:36,638 [main] DEBUG balancer.ContainerBalancerTask (ContainerBalancerTask.java:lambda$moveContainer$3(837)) - Container move completed for container #71 from source f1d403f2-7fb3-4381-ac9f-802cfbca61dc to target c414f81c-45d1-4f9f-acfb-63e79224e785
2023-08-31 10:29:36,642 [main] DEBUG balancer.ContainerBalancerTask (ContainerBalancerTask.java:matchSourceWithTarget(708)) - ContainerBalancer is finding suitable target for source datanode 53226da3-a347-4c5e-8124-b5cc50658244
2023-08-31 10:29:36,642 [main] INFO  balancer.ContainerBalancerTask (ContainerBalancerTask.java:matchSourceWithTarget(722)) - ContainerBalancer matched source datanode 53226da3-a347-4c5e-8124-b5cc50658244 with target datanode c414f81c-45d1-4f9f-acfb-63e79224e785 for container move.
2023-08-31 10:29:36,643 [main] INFO  balancer.ContainerBalancerTask (ContainerBalancerTask.java:processMoveSelection(569)) - ContainerBalancer is trying to move container #51 with size 3221225472B from source datanode 53226da3-a347-4c5e-8124-b5cc50658244 to target datanode c414f81c-45d1-4f9f-acfb-63e79224e785
2023-08-31 10:29:36,643 [main] DEBUG balancer.ContainerBalancerTask (ContainerBalancerTask.java:lambda$moveContainer$3(837)) - Container move completed for container #51 from source 53226da3-a347-4c5e-8124-b5cc50658244 to target c414f81c-45d1-4f9f-acfb-63e79224e785
2023-08-31 10:29:36,647 [main] DEBUG balancer.ContainerBalancerTask (ContainerBalancerTask.java:matchSourceWithTarget(708)) - ContainerBalancer is finding suitable target for source datanode 8a5432ed-91a0-4e03-ba94-ebb5b84cd176
2023-08-31 10:29:36,647 [main] INFO  balancer.ContainerBalancerTask (ContainerBalancerTask.java:matchSourceWithTarget(722)) - ContainerBalancer matched source datanode 8a5432ed-91a0-4e03-ba94-ebb5b84cd176 with target datanode c414f81c-45d1-4f9f-acfb-63e79224e785 for container move.
2023-08-31 10:29:36,647 [main] INFO  balancer.ContainerBalancerTask (ContainerBalancerTask.java:processMoveSelection(569)) - ContainerBalancer is trying to move container #66 with size 3221225472B from source datanode 8a5432ed-91a0-4e03-ba94-ebb5b84cd176 to target datanode c414f81c-45d1-4f9f-acfb-63e79224e785
2023-08-31 10:29:36,648 [main] DEBUG balancer.ContainerBalancerTask (ContainerBalancerTask.java:lambda$moveContainer$3(837)) - Container move completed for container #66 from source 8a5432ed-91a0-4e03-ba94-ebb5b84cd176 to target c414f81c-45d1-4f9f-acfb-63e79224e785
2023-08-31 10:29:36,653 [main] DEBUG balancer.ContainerBalancerTask (ContainerBalancerTask.java:matchSourceWithTarget(708)) - ContainerBalancer is finding suitable target for source datanode f1d403f2-7fb3-4381-ac9f-802cfbca61dc
2023-08-31 10:29:36,653 [main] INFO  balancer.ContainerBalancerTask (ContainerBalancerTask.java:matchSourceWithTarget(722)) - ContainerBalancer matched source datanode f1d403f2-7fb3-4381-ac9f-802cfbca61dc with target datanode 09b542f0-e31b-4361-a8ca-0d5b6502df86 for container move.
2023-08-31 10:29:36,653 [main] INFO  balancer.ContainerBalancerTask (ContainerBalancerTask.java:processMoveSelection(569)) - ContainerBalancer is trying to move container #27 with size 3221225472B from source datanode f1d403f2-7fb3-4381-ac9f-802cfbca61dc to target datanode 09b542f0-e31b-4361-a8ca-0d5b6502df86
2023-08-31 10:29:36,653 [main] DEBUG balancer.ContainerBalancerTask (ContainerBalancerTask.java:lambda$moveContainer$3(837)) - Container move completed for container #27 from source f1d403f2-7fb3-4381-ac9f-802cfbca61dc to target 09b542f0-e31b-4361-a8ca-0d5b6502df86
2023-08-31 10:29:36,656 [main] DEBUG balancer.ContainerBalancerTask (ContainerBalancerTask.java:matchSourceWithTarget(708)) - ContainerBalancer is finding suitable target for source datanode c8259318-bd4f-40a3-a77f-a5a3743b3538
2023-08-31 10:29:36,656 [main] INFO  balancer.ContainerBalancerTask (ContainerBalancerTask.java:matchSourceWithTarget(722)) - ContainerBalancer matched source datanode c8259318-bd4f-40a3-a77f-a5a3743b3538 with target datanode c414f81c-45d1-4f9f-acfb-63e79224e785 for container move.
2023-08-31 10:29:36,656 [main] INFO  balancer.ContainerBalancerTask (ContainerBalancerTask.java:processMoveSelection(569)) - ContainerBalancer is trying to move container #83 with size 3221225472B from source datanode c8259318-bd4f-40a3-a77f-a5a3743b3538 to target datanode c414f81c-45d1-4f9f-acfb-63e79224e785
2023-08-31 10:29:36,657 [main] DEBUG balancer.ContainerBalancerTask (ContainerBalancerTask.java:lambda$moveContainer$3(837)) - Container move completed for container #83 from source c8259318-bd4f-40a3-a77f-a5a3743b3538 to target c414f81c-45d1-4f9f-acfb-63e79224e785
2023-08-31 10:29:36,659 [main] DEBUG balancer.ContainerBalancerTask (ContainerBalancerTask.java:matchSourceWithTarget(708)) - ContainerBalancer is finding suitable target for source datanode 8a5432ed-91a0-4e03-ba94-ebb5b84cd176
2023-08-31 10:29:36,659 [main] INFO  balancer.ContainerBalancerTask (ContainerBalancerTask.java:matchSourceWithTarget(722)) - ContainerBalancer matched source datanode 8a5432ed-91a0-4e03-ba94-ebb5b84cd176 with target datanode 09b542f0-e31b-4361-a8ca-0d5b6502df86 for container move.
2023-08-31 10:29:36,660 [main] INFO  balancer.ContainerBalancerTask (ContainerBalancerTask.java:processMoveSelection(569)) - ContainerBalancer is trying to move container #38 with size 3221225472B from source datanode 8a5432ed-91a0-4e03-ba94-ebb5b84cd176 to target datanode 09b542f0-e31b-4361-a8ca-0d5b6502df86
2023-08-31 10:29:36,660 [main] DEBUG balancer.ContainerBalancerTask (ContainerBalancerTask.java:lambda$moveContainer$3(837)) - Container move completed for container #38 from source 8a5432ed-91a0-4e03-ba94-ebb5b84cd176 to target 09b542f0-e31b-4361-a8ca-0d5b6502df86
2023-08-31 10:29:36,662 [main] DEBUG balancer.ContainerBalancerTask (ContainerBalancerTask.java:matchSourceWithTarget(708)) - ContainerBalancer is finding suitable target for source datanode 53226da3-a347-4c5e-8124-b5cc50658244
2023-08-31 10:29:36,662 [main] INFO  balancer.ContainerBalancerTask (ContainerBalancerTask.java:matchSourceWithTarget(722)) - ContainerBalancer matched source datanode 53226da3-a347-4c5e-8124-b5cc50658244 with target datanode 09b542f0-e31b-4361-a8ca-0d5b6502df86 for container move.
2023-08-31 10:29:36,663 [main] INFO  balancer.ContainerBalancerTask (ContainerBalancerTask.java:processMoveSelection(569)) - ContainerBalancer is trying to move container #87 with size 2147483648B from source datanode 53226da3-a347-4c5e-8124-b5cc50658244 to target datanode 09b542f0-e31b-4361-a8ca-0d5b6502df86
2023-08-31 10:29:36,663 [main] DEBUG balancer.ContainerBalancerTask (ContainerBalancerTask.java:lambda$moveContainer$3(837)) - Container move completed for container #87 from source 53226da3-a347-4c5e-8124-b5cc50658244 to target 09b542f0-e31b-4361-a8ca-0d5b6502df86
2023-08-31 10:29:36,665 [main] DEBUG balancer.ContainerBalancerTask (ContainerBalancerTask.java:matchSourceWithTarget(708)) - ContainerBalancer is finding suitable target for source datanode c8259318-bd4f-40a3-a77f-a5a3743b3538
2023-08-31 10:29:36,665 [main] INFO  balancer.ContainerBalancerTask (ContainerBalancerTask.java:matchSourceWithTarget(722)) - ContainerBalancer matched source datanode c8259318-bd4f-40a3-a77f-a5a3743b3538 with target datanode 09b542f0-e31b-4361-a8ca-0d5b6502df86 for container move.
2023-08-31 10:29:36,665 [main] INFO  balancer.ContainerBalancerTask (ContainerBalancerTask.java:processMoveSelection(569)) - ContainerBalancer is trying to move container #28 with size 4294967296B from source datanode c8259318-bd4f-40a3-a77f-a5a3743b3538 to target datanode 09b542f0-e31b-4361-a8ca-0d5b6502df86
2023-08-31 10:29:36,666 [main] DEBUG balancer.ContainerBalancerTask (ContainerBalancerTask.java:lambda$moveContainer$3(837)) - Container move completed for container #28 from source c8259318-bd4f-40a3-a77f-a5a3743b3538 to target 09b542f0-e31b-4361-a8ca-0d5b6502df86
2023-08-31 10:29:36,671 [main] DEBUG balancer.ContainerBalancerTask (ContainerBalancerTask.java:matchSourceWithTarget(708)) - ContainerBalancer is finding suitable target for source datanode f1d403f2-7fb3-4381-ac9f-802cfbca61dc
2023-08-31 10:29:36,671 [main] INFO  balancer.ContainerBalancerTask (ContainerBalancerTask.java:matchSourceWithTarget(722)) - ContainerBalancer matched source datanode f1d403f2-7fb3-4381-ac9f-802cfbca61dc with target datanode 5c3765a0-201b-47ed-bc5e-a0fe8838abab for container move.
2023-08-31 10:29:36,672 [main] INFO  balancer.ContainerBalancerTask (ContainerBalancerTask.java:processMoveSelection(569)) - ContainerBalancer is trying to move container #82 with size 2147483648B from source datanode f1d403f2-7fb3-4381-ac9f-802cfbca61dc to target datanode 5c3765a0-201b-47ed-bc5e-a0fe8838abab
2023-08-31 10:29:36,672 [main] DEBUG balancer.ContainerBalancerTask (ContainerBalancerTask.java:lambda$moveContainer$3(837)) - Container move completed for container #82 from source f1d403f2-7fb3-4381-ac9f-802cfbca61dc to target 5c3765a0-201b-47ed-bc5e-a0fe8838abab
2023-08-31 10:29:36,674 [main] DEBUG balancer.ContainerBalancerTask (ContainerBalancerTask.java:matchSourceWithTarget(708)) - ContainerBalancer is finding suitable target for source datanode 2a28b1aa-c6d3-4465-83b7-e2dad2840420
2023-08-31 10:29:36,674 [main] INFO  balancer.ContainerBalancerTask (ContainerBalancerTask.java:matchSourceWithTarget(722)) - ContainerBalancer matched source datanode 2a28b1aa-c6d3-4465-83b7-e2dad2840420 with target datanode 09b542f0-e31b-4361-a8ca-0d5b6502df86 for container move.
2023-08-31 10:29:36,674 [main] INFO  balancer.ContainerBalancerTask (ContainerBalancerTask.java:processMoveSelection(569)) - ContainerBalancer is trying to move container #17 with size 2147483648B from source datanode 2a28b1aa-c6d3-4465-83b7-e2dad2840420 to target datanode 09b542f0-e31b-4361-a8ca-0d5b6502df86
2023-08-31 10:29:36,675 [main] DEBUG balancer.ContainerBalancerTask (ContainerBalancerTask.java:lambda$moveContainer$3(837)) - Container move completed for container #17 from source 2a28b1aa-c6d3-4465-83b7-e2dad2840420 to target 09b542f0-e31b-4361-a8ca-0d5b6502df86
2023-08-31 10:29:36,677 [main] DEBUG balancer.ContainerBalancerTask (ContainerBalancerTask.java:matchSourceWithTarget(708)) - ContainerBalancer is finding suitable target for source datanode 8a5432ed-91a0-4e03-ba94-ebb5b84cd176
2023-08-31 10:29:36,677 [main] INFO  balancer.ContainerBalancerTask (ContainerBalancerTask.java:matchSourceWithTarget(722)) - ContainerBalancer matched source datanode 8a5432ed-91a0-4e03-ba94-ebb5b84cd176 with target datanode 09b542f0-e31b-4361-a8ca-0d5b6502df86 for container move.
2023-08-31 10:29:36,678 [main] INFO  balancer.ContainerBalancerTask (ContainerBalancerTask.java:processMoveSelection(569)) - ContainerBalancer is trying to move container #37 with size 2147483648B from source datanode 8a5432ed-91a0-4e03-ba94-ebb5b84cd176 to target datanode 09b542f0-e31b-4361-a8ca-0d5b6502df86
2023-08-31 10:29:36,678 [main] DEBUG balancer.ContainerBalancerTask (ContainerBalancerTask.java:lambda$moveContainer$3(837)) - Container move completed for container #37 from source 8a5432ed-91a0-4e03-ba94-ebb5b84cd176 to target 09b542f0-e31b-4361-a8ca-0d5b6502df86
2023-08-31 10:29:36,680 [main] DEBUG balancer.ContainerBalancerTask (ContainerBalancerTask.java:matchSourceWithTarget(708)) - ContainerBalancer is finding suitable target for source datanode 53226da3-a347-4c5e-8124-b5cc50658244
2023-08-31 10:29:36,680 [main] INFO  balancer.ContainerBalancerTask (ContainerBalancerTask.java:matchSourceWithTarget(722)) - ContainerBalancer matched source datanode 53226da3-a347-4c5e-8124-b5cc50658244 with target datanode 09b542f0-e31b-4361-a8ca-0d5b6502df86 for container move.
2023-08-31 10:29:36,681 [main] INFO  balancer.ContainerBalancerTask (ContainerBalancerTask.java:processMoveSelection(569)) - ContainerBalancer is trying to move container #50 with size 2147483648B from source datanode 53226da3-a347-4c5e-8124-b5cc50658244 to target datanode 09b542f0-e31b-4361-a8ca-0d5b6502df86
2023-08-31 10:29:36,681 [main] DEBUG balancer.ContainerBalancerTask (ContainerBalancerTask.java:lambda$moveContainer$3(837)) - Container move completed for container #50 from source 53226da3-a347-4c5e-8124-b5cc50658244 to target 09b542f0-e31b-4361-a8ca-0d5b6502df86
2023-08-31 10:29:36,684 [main] DEBUG balancer.ContainerBalancerTask (ContainerBalancerTask.java:matchSourceWithTarget(708)) - ContainerBalancer is finding suitable target for source datanode f1d403f2-7fb3-4381-ac9f-802cfbca61dc
2023-08-31 10:29:36,684 [main] INFO  balancer.ContainerBalancerTask (ContainerBalancerTask.java:matchSourceWithTarget(722)) - ContainerBalancer matched source datanode f1d403f2-7fb3-4381-ac9f-802cfbca61dc with target datanode 09b542f0-e31b-4361-a8ca-0d5b6502df86 for container move.
2023-08-31 10:29:36,684 [main] INFO  balancer.ContainerBalancerTask (ContainerBalancerTask.java:processMoveSelection(569)) - ContainerBalancer is trying to move container #65 with size 2147483648B from source datanode f1d403f2-7fb3-4381-ac9f-802cfbca61dc to target datanode 09b542f0-e31b-4361-a8ca-0d5b6502df86
2023-08-31 10:29:36,685 [main] DEBUG balancer.ContainerBalancerTask (ContainerBalancerTask.java:lambda$moveContainer$3(837)) - Container move completed for container #65 from source f1d403f2-7fb3-4381-ac9f-802cfbca61dc to target 09b542f0-e31b-4361-a8ca-0d5b6502df86
2023-08-31 10:29:36,687 [main] DEBUG balancer.ContainerBalancerTask (ContainerBalancerTask.java:matchSourceWithTarget(708)) - ContainerBalancer is finding suitable target for source datanode 2a28b1aa-c6d3-4465-83b7-e2dad2840420
2023-08-31 10:29:36,687 [main] INFO  balancer.ContainerBalancerTask (ContainerBalancerTask.java:matchSourceWithTarget(722)) - ContainerBalancer matched source datanode 2a28b1aa-c6d3-4465-83b7-e2dad2840420 with target datanode 09b542f0-e31b-4361-a8ca-0d5b6502df86 for container move.
2023-08-31 10:29:36,687 [main] INFO  balancer.ContainerBalancerTask (ContainerBalancerTask.java:processMoveSelection(569)) - ContainerBalancer is trying to move container #10 with size 2147483648B from source datanode 2a28b1aa-c6d3-4465-83b7-e2dad2840420 to target datanode 09b542f0-e31b-4361-a8ca-0d5b6502df86
2023-08-31 10:29:36,687 [main] DEBUG balancer.ContainerBalancerTask (ContainerBalancerTask.java:lambda$moveContainer$3(837)) - Container move completed for container #10 from source 2a28b1aa-c6d3-4465-83b7-e2dad2840420 to target 09b542f0-e31b-4361-a8ca-0d5b6502df86
2023-08-31 10:29:36,689 [main] DEBUG balancer.ContainerBalancerTask (ContainerBalancerTask.java:matchSourceWithTarget(708)) - ContainerBalancer is finding suitable target for source datanode c8259318-bd4f-40a3-a77f-a5a3743b3538
2023-08-31 10:29:36,690 [main] INFO  balancer.ContainerBalancerTask (ContainerBalancerTask.java:matchSourceWithTarget(722)) - ContainerBalancer matched source datanode c8259318-bd4f-40a3-a77f-a5a3743b3538 with target datanode 09b542f0-e31b-4361-a8ca-0d5b6502df86 for container move.
2023-08-31 10:29:36,690 [main] INFO  balancer.ContainerBalancerTask (ContainerBalancerTask.java:processMoveSelection(569)) - ContainerBalancer is trying to move container #26 with size 2147483648B from source datanode c8259318-bd4f-40a3-a77f-a5a3743b3538 to target datanode 09b542f0-e31b-4361-a8ca-0d5b6502df86
2023-08-31 10:29:36,690 [main] DEBUG balancer.ContainerBalancerTask (ContainerBalancerTask.java:lambda$moveContainer$3(837)) - Container move completed for container #26 from source c8259318-bd4f-40a3-a77f-a5a3743b3538 to target 09b542f0-e31b-4361-a8ca-0d5b6502df86
2023-08-31 10:29:36,692 [main] DEBUG balancer.ContainerBalancerTask (ContainerBalancerTask.java:matchSourceWithTarget(708)) - ContainerBalancer is finding suitable target for source datanode 8a5432ed-91a0-4e03-ba94-ebb5b84cd176
2023-08-31 10:29:36,693 [main] INFO  balancer.ContainerBalancerTask (ContainerBalancerTask.java:matchSourceWithTarget(722)) - ContainerBalancer matched source datanode 8a5432ed-91a0-4e03-ba94-ebb5b84cd176 with target datanode 09b542f0-e31b-4361-a8ca-0d5b6502df86 for container move.
2023-08-31 10:29:36,693 [main] INFO  balancer.ContainerBalancerTask (ContainerBalancerTask.java:processMoveSelection(569)) - ContainerBalancer is trying to move container #54 with size 1073741824B from source datanode 8a5432ed-91a0-4e03-ba94-ebb5b84cd176 to target datanode 09b542f0-e31b-4361-a8ca-0d5b6502df86
2023-08-31 10:29:36,693 [main] DEBUG balancer.ContainerBalancerTask (ContainerBalancerTask.java:lambda$moveContainer$3(837)) - Container move completed for container #54 from source 8a5432ed-91a0-4e03-ba94-ebb5b84cd176 to target 09b542f0-e31b-4361-a8ca-0d5b6502df86
2023-08-31 10:29:36,696 [main] DEBUG balancer.ContainerBalancerTask (ContainerBalancerTask.java:matchSourceWithTarget(701)) - ContainerBalancer could not find any candidate containers for datanode f1d403f2-7fb3-4381-ac9f-802cfbca61dc
2023-08-31 10:29:36,700 [main] DEBUG balancer.ContainerBalancerTask (ContainerBalancerTask.java:matchSourceWithTarget(708)) - ContainerBalancer is finding suitable target for source datanode 53226da3-a347-4c5e-8124-b5cc50658244
2023-08-31 10:29:36,701 [main] INFO  balancer.ContainerBalancerTask (ContainerBalancerTask.java:matchSourceWithTarget(722)) - ContainerBalancer matched source datanode 53226da3-a347-4c5e-8124-b5cc50658244 with target datanode 09b542f0-e31b-4361-a8ca-0d5b6502df86 for container move.
2023-08-31 10:29:36,701 [main] INFO  balancer.ContainerBalancerTask (ContainerBalancerTask.java:processMoveSelection(569)) - ContainerBalancer is trying to move container #64 with size 1073741824B from source datanode 53226da3-a347-4c5e-8124-b5cc50658244 to target datanode 09b542f0-e31b-4361-a8ca-0d5b6502df86
2023-08-31 10:29:36,701 [main] DEBUG balancer.ContainerBalancerTask (ContainerBalancerTask.java:lambda$moveContainer$3(837)) - Container move completed for container #64 from source 53226da3-a347-4c5e-8124-b5cc50658244 to target 09b542f0-e31b-4361-a8ca-0d5b6502df86
2023-08-31 10:29:36,703 [main] DEBUG balancer.ContainerBalancerTask (ContainerBalancerTask.java:matchSourceWithTarget(708)) - ContainerBalancer is finding suitable target for source datanode 8a5432ed-91a0-4e03-ba94-ebb5b84cd176
2023-08-31 10:29:36,704 [main] INFO  balancer.ContainerBalancerTask (ContainerBalancerTask.java:matchSourceWithTarget(722)) - ContainerBalancer matched source datanode 8a5432ed-91a0-4e03-ba94-ebb5b84cd176 with target datanode 09b542f0-e31b-4361-a8ca-0d5b6502df86 for container move.
2023-08-31 10:29:36,704 [main] INFO  balancer.ContainerBalancerTask (ContainerBalancerTask.java:processMoveSelection(569)) - ContainerBalancer is trying to move container #41 with size 1073741824B from source datanode 8a5432ed-91a0-4e03-ba94-ebb5b84cd176 to target datanode 09b542f0-e31b-4361-a8ca-0d5b6502df86
2023-08-31 10:29:36,704 [main] DEBUG balancer.ContainerBalancerTask (ContainerBalancerTask.java:lambda$moveContainer$3(837)) - Container move completed for container #41 from source 8a5432ed-91a0-4e03-ba94-ebb5b84cd176 to target 09b542f0-e31b-4361-a8ca-0d5b6502df86
2023-08-31 10:29:36,706 [main] DEBUG balancer.ContainerBalancerTask (ContainerBalancerTask.java:matchSourceWithTarget(708)) - ContainerBalancer is finding suitable target for source datanode c8259318-bd4f-40a3-a77f-a5a3743b3538
2023-08-31 10:29:36,706 [main] INFO  balancer.ContainerBalancerTask (ContainerBalancerTask.java:matchSourceWithTarget(722)) - ContainerBalancer matched source datanode c8259318-bd4f-40a3-a77f-a5a3743b3538 with target datanode 09b542f0-e31b-4361-a8ca-0d5b6502df86 for container move.
2023-08-31 10:29:36,706 [main] INFO  balancer.ContainerBalancerTask (ContainerBalancerTask.java:processMoveSelection(569)) - ContainerBalancer is trying to move container #36 with size 1073741824B from source datanode c8259318-bd4f-40a3-a77f-a5a3743b3538 to target datanode 09b542f0-e31b-4361-a8ca-0d5b6502df86
2023-08-31 10:29:36,706 [main] DEBUG balancer.ContainerBalancerTask (ContainerBalancerTask.java:lambda$moveContainer$3(837)) - Container move completed for container #36 from source c8259318-bd4f-40a3-a77f-a5a3743b3538 to target 09b542f0-e31b-4361-a8ca-0d5b6502df86
2023-08-31 10:29:36,708 [main] DEBUG balancer.ContainerBalancerTask (ContainerBalancerTask.java:matchSourceWithTarget(708)) - ContainerBalancer is finding suitable target for source datanode c8259318-bd4f-40a3-a77f-a5a3743b3538
2023-08-31 10:29:36,709 [main] INFO  balancer.ContainerBalancerTask (ContainerBalancerTask.java:matchSourceWithTarget(722)) - ContainerBalancer matched source datanode c8259318-bd4f-40a3-a77f-a5a3743b3538 with target datanode 09b542f0-e31b-4361-a8ca-0d5b6502df86 for container move.
2023-08-31 10:29:36,709 [main] INFO  balancer.ContainerBalancerTask (ContainerBalancerTask.java:processMoveSelection(569)) - ContainerBalancer is trying to move container #25 with size 1073741824B from source datanode c8259318-bd4f-40a3-a77f-a5a3743b3538 to target datanode 09b542f0-e31b-4361-a8ca-0d5b6502df86
2023-08-31 10:29:36,709 [main] DEBUG balancer.ContainerBalancerTask (ContainerBalancerTask.java:lambda$moveContainer$3(837)) - Container move completed for container #25 from source c8259318-bd4f-40a3-a77f-a5a3743b3538 to target 09b542f0-e31b-4361-a8ca-0d5b6502df86
2023-08-31 10:29:36,711 [main] DEBUG balancer.ContainerBalancerTask (ContainerBalancerTask.java:matchSourceWithTarget(708)) - ContainerBalancer is finding suitable target for source datanode 8a5432ed-91a0-4e03-ba94-ebb5b84cd176
2023-08-31 10:29:36,711 [main] INFO  balancer.ContainerBalancerTask (ContainerBalancerTask.java:matchSourceWithTarget(722)) - ContainerBalancer matched source datanode 8a5432ed-91a0-4e03-ba94-ebb5b84cd176 with target datanode 09b542f0-e31b-4361-a8ca-0d5b6502df86 for container move.
2023-08-31 10:29:36,712 [main] INFO  balancer.ContainerBalancerTask (ContainerBalancerTask.java:processMoveSelection(569)) - ContainerBalancer is trying to move container #16 with size 1073741824B from source datanode 8a5432ed-91a0-4e03-ba94-ebb5b84cd176 to target datanode 09b542f0-e31b-4361-a8ca-0d5b6502df86
2023-08-31 10:29:36,712 [main] DEBUG balancer.ContainerBalancerTask (ContainerBalancerTask.java:lambda$moveContainer$3(837)) - Container move completed for container #16 from source 8a5432ed-91a0-4e03-ba94-ebb5b84cd176 to target 09b542f0-e31b-4361-a8ca-0d5b6502df86
2023-08-31 10:29:36,714 [main] DEBUG balancer.ContainerBalancerTask (ContainerBalancerTask.java:matchSourceWithTarget(701)) - ContainerBalancer could not find any candidate containers for datanode 2a28b1aa-c6d3-4465-83b7-e2dad2840420
2023-08-31 10:29:36,716 [main] DEBUG balancer.ContainerBalancerTask (ContainerBalancerTask.java:matchSourceWithTarget(708)) - ContainerBalancer is finding suitable target for source datanode 53226da3-a347-4c5e-8124-b5cc50658244
2023-08-31 10:29:36,716 [main] INFO  balancer.ContainerBalancerTask (ContainerBalancerTask.java:matchSourceWithTarget(722)) - ContainerBalancer matched source datanode 53226da3-a347-4c5e-8124-b5cc50658244 with target datanode 09b542f0-e31b-4361-a8ca-0d5b6502df86 for container move.
2023-08-31 10:29:36,717 [main] INFO  balancer.ContainerBalancerTask (ContainerBalancerTask.java:processMoveSelection(569)) - ContainerBalancer is trying to move container #49 with size 1073741824B from source datanode 53226da3-a347-4c5e-8124-b5cc50658244 to target datanode 09b542f0-e31b-4361-a8ca-0d5b6502df86
2023-08-31 10:29:36,717 [main] DEBUG balancer.ContainerBalancerTask (ContainerBalancerTask.java:lambda$moveContainer$3(837)) - Container move completed for container #49 from source 53226da3-a347-4c5e-8124-b5cc50658244 to target 09b542f0-e31b-4361-a8ca-0d5b6502df86
2023-08-31 10:29:36,718 [main] DEBUG balancer.ContainerBalancerTask (ContainerBalancerTask.java:matchSourceWithTarget(708)) - ContainerBalancer is finding suitable target for source datanode c8259318-bd4f-40a3-a77f-a5a3743b3538
2023-08-31 10:29:36,719 [main] INFO  balancer.FindTargetGreedyByUsageInfo (AbstractFindTargetGreedy.java:findTargetForContainerMove(133)) - Container Balancer could not find a target for source datanode c8259318-bd4f-40a3-a77f-a5a3743b3538
2023-08-31 10:29:36,719 [main] DEBUG balancer.ContainerBalancerTask (ContainerBalancerTask.java:matchSourceWithTarget(717)) - ContainerBalancer could not find a suitable target for source node c8259318-bd4f-40a3-a77f-a5a3743b3538.
2023-08-31 10:29:36,721 [main] DEBUG balancer.ContainerBalancerTask (ContainerBalancerTask.java:matchSourceWithTarget(708)) - ContainerBalancer is finding suitable target for source datanode 8a5432ed-91a0-4e03-ba94-ebb5b84cd176
2023-08-31 10:29:36,722 [main] INFO  balancer.FindTargetGreedyByUsageInfo (AbstractFindTargetGreedy.java:findTargetForContainerMove(133)) - Container Balancer could not find a target for source datanode 8a5432ed-91a0-4e03-ba94-ebb5b84cd176
2023-08-31 10:29:36,722 [main] DEBUG balancer.ContainerBalancerTask (ContainerBalancerTask.java:matchSourceWithTarget(717)) - ContainerBalancer could not find a suitable target for source node 8a5432ed-91a0-4e03-ba94-ebb5b84cd176.
2023-08-31 10:29:36,724 [main] DEBUG balancer.ContainerBalancerTask (ContainerBalancerTask.java:matchSourceWithTarget(708)) - ContainerBalancer is finding suitable target for source datanode 53226da3-a347-4c5e-8124-b5cc50658244
2023-08-31 10:29:36,724 [main] INFO  balancer.FindTargetGreedyByUsageInfo (AbstractFindTargetGreedy.java:findTargetForContainerMove(133)) - Container Balancer could not find a target for source datanode 53226da3-a347-4c5e-8124-b5cc50658244
2023-08-31 10:29:36,724 [main] DEBUG balancer.ContainerBalancerTask (ContainerBalancerTask.java:matchSourceWithTarget(717)) - ContainerBalancer could not find a suitable target for source node 53226da3-a347-4c5e-8124-b5cc50658244.
2023-08-31 10:29:36,724 [main] INFO  balancer.FindSourceGreedy (FindSourceGreedy.java:getNextCandidateSourceDataNode(126)) - no more candidate source data node
2023-08-31 10:29:36,725 [main] INFO  balancer.ContainerBalancerTask (ContainerBalancerTask.java:checkIterationMoveResults(642)) - Iteration Summary. Number of Datanodes involved: 8. Size moved: 97 GB (104152956928 Bytes). Number of Container moves completed: 34.
2023-08-31 10:29:36,725 [main] INFO  balancer.ContainerBalancerTask (ContainerBalancerTask.java:balance(259)) - Result of this iteration of Container Balancer: ITERATION_COMPLETED
2023-08-31 10:29:36,725 [main] INFO  balancer.ContainerBalancerTask (ContainerBalancerTask.java:tryStopWithSaveConfiguration(308)) - Save Configuration for stopping. Reason: Completed all iterations.
]]></system-out>
  </testcase>
  <testcase name="balancerShouldNotSelectNonClosedContainerReplicas" classname="org.apache.hadoop.hdds.scm.container.balancer.TestContainerBalancerTask" time="0.081">
    <system-out><![CDATA[2023-08-31 10:29:36,773 [main] INFO  net.NodeSchemaLoader (NodeSchemaLoader.java:loadSchemaFromFile(129)) - Loading schema from [file:/home/runner/work/ozone/ozone/hadoop-hdds/common/target/classes/network-topology-default.xml]
2023-08-31 10:29:36,773 [main] INFO  net.NodeSchemaLoader (NodeSchemaLoader.java:loadSchema(176)) - Loading network topology layer schema file
2023-08-31 10:29:36,780 [main] INFO  net.NetworkTopologyImpl (NetworkTopologyImpl.java:add(112)) - Added a new node: /default-rack/c7f07670-e807-42aa-8a0c-6153d88f0fcd
2023-08-31 10:29:36,780 [main] INFO  net.NetworkTopologyImpl (NetworkTopologyImpl.java:add(112)) - Added a new node: /default-rack/c7878c60-3579-487d-b1d8-4c1a2d99456a
2023-08-31 10:29:36,780 [main] INFO  net.NetworkTopologyImpl (NetworkTopologyImpl.java:add(112)) - Added a new node: /default-rack/d8e6327e-e7b9-450f-a082-2191f43dbc42
2023-08-31 10:29:36,780 [main] INFO  net.NetworkTopologyImpl (NetworkTopologyImpl.java:add(112)) - Added a new node: /default-rack/af09fbf9-3b58-4f3b-a39f-ea36c3be1016
2023-08-31 10:29:36,780 [main] INFO  net.NetworkTopologyImpl (NetworkTopologyImpl.java:add(112)) - Added a new node: /default-rack/d76b0b83-ec22-41ef-b374-13e76b3bfbae
2023-08-31 10:29:36,781 [main] INFO  net.NetworkTopologyImpl (NetworkTopologyImpl.java:add(112)) - Added a new node: /default-rack/bf845280-6984-4e7c-bc28-e678f5dc5653
2023-08-31 10:29:36,781 [main] INFO  net.NetworkTopologyImpl (NetworkTopologyImpl.java:add(112)) - Added a new node: /default-rack/a9ef7008-5935-4a97-8e0b-6ac325174bdf
2023-08-31 10:29:36,781 [main] INFO  net.NetworkTopologyImpl (NetworkTopologyImpl.java:add(112)) - Added a new node: /default-rack/d823b825-3ad3-49e3-a803-c76038066445
2023-08-31 10:29:36,781 [main] INFO  net.NetworkTopologyImpl (NetworkTopologyImpl.java:add(112)) - Added a new node: /default-rack/f1fb0297-381c-4044-9030-cffbfbfc37bb
2023-08-31 10:29:36,781 [main] INFO  net.NetworkTopologyImpl (NetworkTopologyImpl.java:add(112)) - Added a new node: /default-rack/4f658563-7d49-42e4-bc41-8c0bdc5cfb92
2023-08-31 10:29:36,782 [main] INFO  algorithms.ContainerPlacementPolicyFactory (ContainerPlacementPolicyFactory.java:getPolicyInternal(86)) - Create container placement policy of type org.apache.hadoop.hdds.scm.container.placement.algorithms.SCMContainerPlacementRackAware
2023-08-31 10:29:36,782 [main] INFO  algorithms.ContainerPlacementPolicyFactory (ContainerPlacementPolicyFactory.java:getPolicyInternal(86)) - Create container placement policy of type org.apache.hadoop.hdds.scm.container.placement.algorithms.SCMContainerPlacementRackScatter
2023-08-31 10:29:36,789 [main] DEBUG balancer.ContainerBalancerTask (ContainerBalancerTask.java:initializeIteration(374)) - Average utilization of the cluster is 0.34556747600267396
2023-08-31 10:29:36,790 [main] DEBUG balancer.ContainerBalancerTask (ContainerBalancerTask.java:initializeIteration(386)) - Lower limit for utilization is 0.24556747600267395 and Upper limit for utilization is 0.445567476002674
2023-08-31 10:29:36,790 [main] DEBUG balancer.ContainerBalancerTask (ContainerBalancerTask.java:initializeIteration(398)) - Utilization for node a9ef7008-5935-4a97-8e0b-6ac325174bdf with capacity 60845370026B, used 54760833024B, and remaining 6084537002B is 0.900000000009861
2023-08-31 10:29:36,790 [main] DEBUG balancer.ContainerBalancerTask (ContainerBalancerTask.java:initializeIteration(398)) - Utilization for node d823b825-3ad3-49e3-a803-c76038066445 with capacity 46976204800B, used 37580963840B, and remaining 9395240960B is 0.8
2023-08-31 10:29:36,790 [main] DEBUG balancer.ContainerBalancerTask (ContainerBalancerTask.java:initializeIteration(398)) - Utilization for node af09fbf9-3b58-4f3b-a39f-ea36c3be1016 with capacity 75161927680B, used 52613349376B, and remaining 22548578304B is 0.7
2023-08-31 10:29:36,790 [main] DEBUG balancer.ContainerBalancerTask (ContainerBalancerTask.java:initializeIteration(398)) - Utilization for node 4f658563-7d49-42e4-bc41-8c0bdc5cfb92 with capacity 62634939733B, used 37580963840B, and remaining 25053975893B is 0.6000000000031931
2023-08-31 10:29:36,790 [main] DEBUG balancer.ContainerBalancerTask (ContainerBalancerTask.java:initializeIteration(398)) - Utilization for node bf845280-6984-4e7c-bc28-e678f5dc5653 with capacity 85899345920B, used 42949672960B, and remaining 42949672960B is 0.5
2023-08-31 10:29:36,790 [main] DEBUG balancer.ContainerBalancerTask (ContainerBalancerTask.java:initializeIteration(398)) - Utilization for node d8e6327e-e7b9-450f-a082-2191f43dbc42 with capacity 118111600640B, used 47244640256B, and remaining 70866960384B is 0.4
2023-08-31 10:29:36,790 [main] DEBUG balancer.ContainerBalancerTask (ContainerBalancerTask.java:initializeIteration(398)) - Utilization for node c7878c60-3579-487d-b1d8-4c1a2d99456a with capacity 153902994773B, used 46170898432B, and remaining 107732096341B is 0.30000000000064975
2023-08-31 10:29:36,790 [main] DEBUG balancer.ContainerBalancerTask (ContainerBalancerTask.java:initializeIteration(398)) - Utilization for node f1fb0297-381c-4044-9030-cffbfbfc37bb with capacity 155692564480B, used 31138512896B, and remaining 124554051584B is 0.2
2023-08-31 10:29:36,791 [main] DEBUG balancer.ContainerBalancerTask (ContainerBalancerTask.java:initializeIteration(398)) - Utilization for node d76b0b83-ec22-41ef-b374-13e76b3bfbae with capacity 332859965440B, used 33285996544B, and remaining 299573968896B is 0.1
2023-08-31 10:29:36,791 [main] DEBUG balancer.ContainerBalancerTask (ContainerBalancerTask.java:initializeIteration(398)) - Utilization for node c7f07670-e807-42aa-8a0c-6153d88f0fcd with capacity 17179869184B, used 0B, and remaining 17179869184B is 0.0
2023-08-31 10:29:36,791 [main] INFO  balancer.ContainerBalancerTask (ContainerBalancerTask.java:initializeIteration(447)) - Container Balancer has identified 5 Over-Utilized and 3 Under-Utilized Datanodes that need to be balanced.
2023-08-31 10:29:36,791 [main] DEBUG balancer.ContainerBalancerTask (ContainerBalancerTask.java:lambda$initializeIteration$1(453)) - Datanode localhost-12.34.19.115 a9ef7008-5935-4a97-8e0b-6ac325174bdf is Over-Utilized.
2023-08-31 10:29:36,791 [main] DEBUG balancer.ContainerBalancerTask (ContainerBalancerTask.java:lambda$initializeIteration$1(453)) - Datanode localhost-185.94.118.20 d823b825-3ad3-49e3-a803-c76038066445 is Over-Utilized.
2023-08-31 10:29:36,791 [main] DEBUG balancer.ContainerBalancerTask (ContainerBalancerTask.java:lambda$initializeIteration$1(453)) - Datanode localhost-53.177.58.69 af09fbf9-3b58-4f3b-a39f-ea36c3be1016 is Over-Utilized.
2023-08-31 10:29:36,792 [main] DEBUG balancer.ContainerBalancerTask (ContainerBalancerTask.java:lambda$initializeIteration$1(453)) - Datanode localhost-36.17.104.7 4f658563-7d49-42e4-bc41-8c0bdc5cfb92 is Over-Utilized.
2023-08-31 10:29:36,792 [main] DEBUG balancer.ContainerBalancerTask (ContainerBalancerTask.java:lambda$initializeIteration$1(453)) - Datanode localhost-77.255.212.109 bf845280-6984-4e7c-bc28-e678f5dc5653 is Over-Utilized.
2023-08-31 10:29:36,792 [main] DEBUG balancer.ContainerBalancerTask (ContainerBalancerTask.java:lambda$initializeIteration$2(459)) - Datanode localhost-7.231.226.123 c7f07670-e807-42aa-8a0c-6153d88f0fcd is Under-Utilized.
2023-08-31 10:29:36,792 [main] DEBUG balancer.ContainerBalancerTask (ContainerBalancerTask.java:lambda$initializeIteration$2(459)) - Datanode localhost-246.21.85.132 d76b0b83-ec22-41ef-b374-13e76b3bfbae is Under-Utilized.
2023-08-31 10:29:36,792 [main] DEBUG balancer.ContainerBalancerTask (ContainerBalancerTask.java:lambda$initializeIteration$2(459)) - Datanode localhost-93.38.68.67 f1fb0297-381c-4044-9030-cffbfbfc37bb is Under-Utilized.
2023-08-31 10:29:36,797 [main] DEBUG balancer.ContainerBalancerTask (ContainerBalancerTask.java:matchSourceWithTarget(701)) - ContainerBalancer could not find any candidate containers for datanode a9ef7008-5935-4a97-8e0b-6ac325174bdf
2023-08-31 10:29:36,800 [main] DEBUG balancer.ContainerBalancerTask (ContainerBalancerTask.java:matchSourceWithTarget(701)) - ContainerBalancer could not find any candidate containers for datanode d823b825-3ad3-49e3-a803-c76038066445
2023-08-31 10:29:36,805 [main] DEBUG balancer.ContainerBalancerTask (ContainerBalancerTask.java:matchSourceWithTarget(701)) - ContainerBalancer could not find any candidate containers for datanode af09fbf9-3b58-4f3b-a39f-ea36c3be1016
2023-08-31 10:29:36,807 [main] DEBUG balancer.ContainerBalancerTask (ContainerBalancerTask.java:matchSourceWithTarget(701)) - ContainerBalancer could not find any candidate containers for datanode 4f658563-7d49-42e4-bc41-8c0bdc5cfb92
2023-08-31 10:29:36,811 [main] DEBUG balancer.ContainerBalancerTask (ContainerBalancerTask.java:matchSourceWithTarget(701)) - ContainerBalancer could not find any candidate containers for datanode bf845280-6984-4e7c-bc28-e678f5dc5653
2023-08-31 10:29:36,811 [main] INFO  balancer.FindSourceGreedy (FindSourceGreedy.java:getNextCandidateSourceDataNode(126)) - no more candidate source data node
2023-08-31 10:29:36,811 [main] INFO  balancer.ContainerBalancerTask (ContainerBalancerTask.java:balance(259)) - Result of this iteration of Container Balancer: CAN_NOT_BALANCE_ANY_MORE
2023-08-31 10:29:36,811 [main] INFO  balancer.ContainerBalancerTask (ContainerBalancerTask.java:tryStopWithSaveConfiguration(308)) - Save Configuration for stopping. Reason: CAN_NOT_BALANCE_ANY_MORE
]]></system-out>
  </testcase>
  <testcase name="testDelayedStart" classname="org.apache.hadoop.hdds.scm.container.balancer.TestContainerBalancerTask" time="0.089">
    <error type="java.util.concurrent.TimeoutException"><![CDATA[java.util.concurrent.TimeoutException: 
Timed out waiting for condition. Thread diagnostics:
Timestamp: 2023-08-31 10:29:36,888

"Thread-7"  prio=5 tid=18 timed_waiting
java.lang.Thread.State: TIMED_WAITING
        at java.lang.Thread.sleep(Native Method)
        at org.apache.hadoop.hdds.scm.container.balancer.TestContainerBalancerTask.lambda$genCompletableFuture$15(TestContainerBalancerTask.java:1332)
        at org.apache.hadoop.hdds.scm.container.balancer.TestContainerBalancerTask$$Lambda$437/776006216.get(Unknown Source)
        at java.util.concurrent.CompletableFuture$AsyncSupply.run(CompletableFuture.java:1604)
        at java.lang.Thread.run(Thread.java:750)
"Thread-19"  prio=5 tid=30 timed_waiting
java.lang.Thread.State: TIMED_WAITING
        at java.lang.Thread.sleep(Native Method)
        at org.apache.hadoop.hdds.scm.container.balancer.TestContainerBalancerTask.lambda$genCompletableFuture$15(TestContainerBalancerTask.java:1332)
        at org.apache.hadoop.hdds.scm.container.balancer.TestContainerBalancerTask$$Lambda$437/776006216.get(Unknown Source)
        at java.util.concurrent.CompletableFuture$AsyncSupply.run(CompletableFuture.java:1604)
        at java.lang.Thread.run(Thread.java:750)
"Reference Handler" daemon prio=10 tid=2 in Object.wait()
java.lang.Thread.State: WAITING (on object monitor)
        at java.lang.Object.wait(Native Method)
        at java.lang.Object.wait(Object.java:502)
        at java.lang.ref.Reference.tryHandlePending(Reference.java:191)
        at java.lang.ref.Reference$ReferenceHandler.run(Reference.java:153)
"Thread-15"  prio=5 tid=26 timed_waiting
java.lang.Thread.State: TIMED_WAITING
        at java.lang.Thread.sleep(Native Method)
        at org.apache.hadoop.hdds.scm.container.balancer.TestContainerBalancerTask.lambda$genCompletableFuture$15(TestContainerBalancerTask.java:1332)
        at org.apache.hadoop.hdds.scm.container.balancer.TestContainerBalancerTask$$Lambda$437/776006216.get(Unknown Source)
        at java.util.concurrent.CompletableFuture$AsyncSupply.run(CompletableFuture.java:1604)
        at java.lang.Thread.run(Thread.java:750)
"Signal Dispatcher" daemon prio=9 tid=4 runnable
java.lang.Thread.State: RUNNABLE
"Thread-14"  prio=5 tid=25 timed_waiting
java.lang.Thread.State: TIMED_WAITING
        at java.lang.Thread.sleep(Native Method)
        at org.apache.hadoop.hdds.scm.container.balancer.TestContainerBalancerTask.lambda$genCompletableFuture$15(TestContainerBalancerTask.java:1332)
        at org.apache.hadoop.hdds.scm.container.balancer.TestContainerBalancerTask$$Lambda$437/776006216.get(Unknown Source)
        at java.util.concurrent.CompletableFuture$AsyncSupply.run(CompletableFuture.java:1604)
        at java.lang.Thread.run(Thread.java:750)
"Thread-17"  prio=5 tid=28 timed_waiting
java.lang.Thread.State: TIMED_WAITING
        at java.lang.Thread.sleep(Native Method)
        at org.apache.hadoop.hdds.scm.container.balancer.TestContainerBalancerTask.lambda$genCompletableFuture$15(TestContainerBalancerTask.java:1332)
        at org.apache.hadoop.hdds.scm.container.balancer.TestContainerBalancerTask$$Lambda$437/776006216.get(Unknown Source)
        at java.util.concurrent.CompletableFuture$AsyncSupply.run(CompletableFuture.java:1604)
        at java.lang.Thread.run(Thread.java:750)
"Thread-10"  prio=5 tid=21 timed_waiting
java.lang.Thread.State: TIMED_WAITING
        at java.lang.Thread.sleep(Native Method)
        at org.apache.hadoop.hdds.scm.container.balancer.TestContainerBalancerTask.lambda$genCompletableFuture$15(TestContainerBalancerTask.java:1332)
        at org.apache.hadoop.hdds.scm.container.balancer.TestContainerBalancerTask$$Lambda$437/776006216.get(Unknown Source)
        at java.util.concurrent.CompletableFuture$AsyncSupply.run(CompletableFuture.java:1604)
        at java.lang.Thread.run(Thread.java:750)
"surefire-forkedjvm-command-thread" daemon prio=5 tid=10 runnable
java.lang.Thread.State: RUNNABLE
        at java.io.FileInputStream.readBytes(Native Method)
        at java.io.FileInputStream.read(FileInputStream.java:255)
        at java.io.BufferedInputStream.read1(BufferedInputStream.java:284)
        at java.io.BufferedInputStream.read(BufferedInputStream.java:345)
        at java.io.BufferedInputStream.fill(BufferedInputStream.java:246)
        at java.io.BufferedInputStream.read1(BufferedInputStream.java:286)
        at java.io.BufferedInputStream.read(BufferedInputStream.java:345)
        at org.apache.maven.surefire.api.util.internal.Channels$3.readImpl(Channels.java:214)
        at org.apache.maven.surefire.api.util.internal.AbstractNoninterruptibleReadableChannel.read(AbstractNoninterruptibleReadableChannel.java:54)
        at org.apache.maven.surefire.booter.spi.LegacyMasterProcessChannelDecoder.decode(LegacyMasterProcessChannelDecoder.java:80)
        at org.apache.maven.surefire.booter.CommandReader$CommandRunnable.run(CommandReader.java:343)
        at java.lang.Thread.run(Thread.java:750)
"Thread-13"  prio=5 tid=24 timed_waiting
java.lang.Thread.State: TIMED_WAITING
        at java.lang.Thread.sleep(Native Method)
        at org.apache.hadoop.hdds.scm.container.balancer.TestContainerBalancerTask.lambda$genCompletableFuture$15(TestContainerBalancerTask.java:1332)
        at org.apache.hadoop.hdds.scm.container.balancer.TestContainerBalancerTask$$Lambda$437/776006216.get(Unknown Source)
        at java.util.concurrent.CompletableFuture$AsyncSupply.run(CompletableFuture.java:1604)
        at java.lang.Thread.run(Thread.java:750)
"Thread-16"  prio=5 tid=27 timed_waiting
java.lang.Thread.State: TIMED_WAITING
        at java.lang.Thread.sleep(Native Method)
        at org.apache.hadoop.hdds.scm.container.balancer.TestContainerBalancerTask.lambda$genCompletableFuture$15(TestContainerBalancerTask.java:1332)
        at org.apache.hadoop.hdds.scm.container.balancer.TestContainerBalancerTask$$Lambda$437/776006216.get(Unknown Source)
        at java.util.concurrent.CompletableFuture$AsyncSupply.run(CompletableFuture.java:1604)
        at java.lang.Thread.run(Thread.java:750)
"Thread-11"  prio=5 tid=22 timed_waiting
java.lang.Thread.State: TIMED_WAITING
        at java.lang.Thread.sleep(Native Method)
        at org.apache.hadoop.hdds.scm.container.balancer.TestContainerBalancerTask.lambda$genCompletableFuture$15(TestContainerBalancerTask.java:1332)
        at org.apache.hadoop.hdds.scm.container.balancer.TestContainerBalancerTask$$Lambda$437/776006216.get(Unknown Source)
        at java.util.concurrent.CompletableFuture$AsyncSupply.run(CompletableFuture.java:1604)
        at java.lang.Thread.run(Thread.java:750)
"Thread-8"  prio=5 tid=19 timed_waiting
java.lang.Thread.State: TIMED_WAITING
        at java.lang.Thread.sleep(Native Method)
        at org.apache.hadoop.hdds.scm.container.balancer.TestContainerBalancerTask.lambda$genCompletableFuture$15(TestContainerBalancerTask.java:1332)
        at org.apache.hadoop.hdds.scm.container.balancer.TestContainerBalancerTask$$Lambda$437/776006216.get(Unknown Source)
        at java.util.concurrent.CompletableFuture$AsyncSupply.run(CompletableFuture.java:1604)
        at java.lang.Thread.run(Thread.java:750)
"Thread-21"  prio=5 tid=32 timed_waiting
java.lang.Thread.State: TIMED_WAITING
        at java.util.Hashtable.isEmpty(Hashtable.java:245)
        at org.apache.hadoop.conf.Configuration.handleDeprecation(Configuration.java:745)
        at org.apache.hadoop.conf.Configuration.get(Configuration.java:1244)
        at org.apache.hadoop.conf.Configuration.getTimeDuration(Configuration.java:1874)
        at org.apache.hadoop.conf.Configuration.getTimeDuration(Configuration.java:1845)
        at org.apache.hadoop.hdds.scm.container.balancer.ContainerBalancerTask.run(ContainerBalancerTask.java:171)
        at java.lang.Thread.run(Thread.java:750)
"Thread-18"  prio=5 tid=29 timed_waiting
java.lang.Thread.State: TIMED_WAITING
        at java.lang.Thread.sleep(Native Method)
        at org.apache.hadoop.hdds.scm.container.balancer.TestContainerBalancerTask.lambda$genCompletableFuture$15(TestContainerBalancerTask.java:1332)
        at org.apache.hadoop.hdds.scm.container.balancer.TestContainerBalancerTask$$Lambda$437/776006216.get(Unknown Source)
        at java.util.concurrent.CompletableFuture$AsyncSupply.run(CompletableFuture.java:1604)
        at java.lang.Thread.run(Thread.java:750)
"Attach Listener" daemon prio=9 tid=12 runnable
java.lang.Thread.State: RUNNABLE
"Thread-12"  prio=5 tid=23 timed_waiting
java.lang.Thread.State: TIMED_WAITING
        at java.lang.Thread.sleep(Native Method)
        at org.apache.hadoop.hdds.scm.container.balancer.TestContainerBalancerTask.lambda$genCompletableFuture$15(TestContainerBalancerTask.java:1332)
        at org.apache.hadoop.hdds.scm.container.balancer.TestContainerBalancerTask$$Lambda$437/776006216.get(Unknown Source)
        at java.util.concurrent.CompletableFuture$AsyncSupply.run(CompletableFuture.java:1604)
        at java.lang.Thread.run(Thread.java:750)
"Finalizer" daemon prio=8 tid=3 in Object.wait()
java.lang.Thread.State: WAITING (on object monitor)
        at java.util.zip.Inflater.end(Inflater.java:370)
        at java.util.zip.Inflater.finalize(Inflater.java:383)
        at java.lang.System$2.invokeFinalize(System.java:1285)
        at java.lang.ref.Finalizer.runFinalizer(Finalizer.java:102)
        at java.lang.ref.Finalizer.access$100(Finalizer.java:34)
        at java.lang.ref.Finalizer$FinalizerThread.run(Finalizer.java:189)
"main"  prio=5 tid=1 runnable
java.lang.Thread.State: RUNNABLE
        at java.lang.Thread.dumpThreads(Native Method)
        at java.lang.Thread.getAllStackTraces(Thread.java:1615)
        at org.apache.ozone.test.TimedOutTestsListener.buildThreadDump(TimedOutTestsListener.java:93)
        at org.apache.ozone.test.TimedOutTestsListener.buildThreadDiagnosticString(TimedOutTestsListener.java:79)
        at org.apache.ozone.test.GenericTestUtils.waitFor(GenericTestUtils.java:231)
        at org.apache.hadoop.hdds.scm.container.balancer.TestContainerBalancerTask.testDelayedStart(TestContainerBalancerTask.java:1078)
        at sun.reflect.NativeMethodAccessorImpl.invoke0(Native Method)
        at sun.reflect.NativeMethodAccessorImpl.invoke(NativeMethodAccessorImpl.java:62)
        at sun.reflect.DelegatingMethodAccessorImpl.invoke(DelegatingMethodAccessorImpl.java:43)
        at java.lang.reflect.Method.invoke(Method.java:498)
        at org.junit.platform.commons.util.ReflectionUtils.invokeMethod(ReflectionUtils.java:725)
        at org.junit.jupiter.engine.execution.MethodInvocation.proceed(MethodInvocation.java:60)
        at org.junit.jupiter.engine.execution.InvocationInterceptorChain$ValidatingInvocation.proceed(InvocationInterceptorChain.java:131)
        at org.junit.jupiter.engine.extension.TimeoutExtension.intercept(TimeoutExtension.java:149)
        at org.junit.jupiter.engine.extension.TimeoutExtension.interceptTestableMethod(TimeoutExtension.java:140)
        at org.junit.jupiter.engine.extension.TimeoutExtension.interceptTestMethod(TimeoutExtension.java:84)
        at org.junit.jupiter.engine.descriptor.TestMethodTestDescriptor$$Lambda$158/1987169128.apply(Unknown Source)
        at org.junit.jupiter.engine.execution.ExecutableInvoker$ReflectiveInterceptorCall.lambda$ofVoidMethod$0(ExecutableInvoker.java:115)
        at org.junit.jupiter.engine.execution.ExecutableInvoker$ReflectiveInterceptorCall$$Lambda$159/980138431.apply(Unknown Source)
        at org.junit.jupiter.engine.execution.ExecutableInvoker.lambda$invoke$0(ExecutableInvoker.java:105)
        at org.junit.jupiter.engine.execution.ExecutableInvoker$$Lambda$317/712410791.apply(Unknown Source)
        at org.junit.jupiter.engine.execution.InvocationInterceptorChain$InterceptedInvocation.proceed(InvocationInterceptorChain.java:106)
        at org.junit.jupiter.engine.execution.InvocationInterceptorChain.proceed(InvocationInterceptorChain.java:64)
        at org.junit.jupiter.engine.execution.InvocationInterceptorChain.chainAndInvoke(InvocationInterceptorChain.java:45)
        at org.junit.jupiter.engine.execution.InvocationInterceptorChain.invoke(InvocationInterceptorChain.java:37)
        at org.junit.jupiter.engine.execution.ExecutableInvoker.invoke(ExecutableInvoker.java:104)
        at org.junit.jupiter.engine.execution.ExecutableInvoker.invoke(ExecutableInvoker.java:98)
        at org.junit.jupiter.engine.descriptor.TestMethodTestDescriptor.lambda$invokeTestMethod$7(TestMethodTestDescriptor.java:214)
        at org.junit.jupiter.engine.descriptor.TestMethodTestDescriptor$$Lambda$379/1273093350.execute(Unknown Source)
        at org.junit.platform.engine.support.hierarchical.ThrowableCollector.execute(ThrowableCollector.java:73)
        at org.junit.jupiter.engine.descriptor.TestMethodTestDescriptor.invokeTestMethod(TestMethodTestDescriptor.java:210)
        at org.junit.jupiter.engine.descriptor.TestMethodTestDescriptor.execute(TestMethodTestDescriptor.java:135)
        at org.junit.jupiter.engine.descriptor.TestMethodTestDescriptor.execute(TestMethodTestDescriptor.java:66)
        at org.junit.platform.engine.support.hierarchical.NodeTestTask.lambda$executeRecursively$6(NodeTestTask.java:151)
        at org.junit.platform.engine.support.hierarchical.NodeTestTask$$Lambda$258/1058609221.execute(Unknown Source)
        at org.junit.platform.engine.support.hierarchical.ThrowableCollector.execute(ThrowableCollector.java:73)
        at org.junit.platform.engine.support.hierarchical.NodeTestTask.lambda$executeRecursively$8(NodeTestTask.java:141)
        at org.junit.platform.engine.support.hierarchical.NodeTestTask$$Lambda$257/1000966072.invoke(Unknown Source)
        at org.junit.platform.engine.support.hierarchical.Node.around(Node.java:137)
        at org.junit.platform.engine.support.hierarchical.NodeTestTask.lambda$executeRecursively$9(NodeTestTask.java:139)
        at org.junit.platform.engine.support.hierarchical.NodeTestTask$$Lambda$256/673586830.execute(Unknown Source)
        at org.junit.platform.engine.support.hierarchical.ThrowableCollector.execute(ThrowableCollector.java:73)
        at org.junit.platform.engine.support.hierarchical.NodeTestTask.executeRecursively(NodeTestTask.java:138)
        at org.junit.platform.engine.support.hierarchical.NodeTestTask.execute(NodeTestTask.java:95)
        at org.junit.platform.engine.support.hierarchical.SameThreadHierarchicalTestExecutorService$$Lambda$262/1617838096.accept(Unknown Source)
        at java.util.ArrayList.forEach(ArrayList.java:1259)
        at org.junit.platform.engine.support.hierarchical.SameThreadHierarchicalTestExecutorService.invokeAll(SameThreadHierarchicalTestExecutorService.java:41)
        at org.junit.platform.engine.support.hierarchical.NodeTestTask.lambda$executeRecursively$6(NodeTestTask.java:155)
        at org.junit.platform.engine.support.hierarchical.NodeTestTask$$Lambda$258/1058609221.execute(Unknown Source)
        at org.junit.platform.engine.support.hierarchical.ThrowableCollector.execute(ThrowableCollector.java:73)
        at org.junit.platform.engine.support.hierarchical.NodeTestTask.lambda$executeRecursively$8(NodeTestTask.java:141)
        at org.junit.platform.engine.support.hierarchical.NodeTestTask$$Lambda$257/1000966072.invoke(Unknown Source)
        at org.junit.platform.engine.support.hierarchical.Node.around(Node.java:137)
        at org.junit.platform.engine.support.hierarchical.NodeTestTask.lambda$executeRecursively$9(NodeTestTask.java:139)
        at org.junit.platform.engine.support.hierarchical.NodeTestTask$$Lambda$256/673586830.execute(Unknown Source)
        at org.junit.platform.engine.support.hierarchical.ThrowableCollector.execute(ThrowableCollector.java:73)
        at org.junit.platform.engine.support.hierarchical.NodeTestTask.executeRecursively(NodeTestTask.java:138)
        at org.junit.platform.engine.support.hierarchical.NodeTestTask.execute(NodeTestTask.java:95)
        at org.junit.platform.engine.support.hierarchical.SameThreadHierarchicalTestExecutorService$$Lambda$262/1617838096.accept(Unknown Source)
        at java.util.ArrayList.forEach(ArrayList.java:1259)
        at org.junit.platform.engine.support.hierarchical.SameThreadHierarchicalTestExecutorService.invokeAll(SameThreadHierarchicalTestExecutorService.java:41)
        at org.junit.platform.engine.support.hierarchical.NodeTestTask.lambda$executeRecursively$6(NodeTestTask.java:155)
        at org.junit.platform.engine.support.hierarchical.NodeTestTask$$Lambda$258/1058609221.execute(Unknown Source)
        at org.junit.platform.engine.support.hierarchical.ThrowableCollector.execute(ThrowableCollector.java:73)
        at org.junit.platform.engine.support.hierarchical.NodeTestTask.lambda$executeRecursively$8(NodeTestTask.java:141)
        at org.junit.platform.engine.support.hierarchical.NodeTestTask$$Lambda$257/1000966072.invoke(Unknown Source)
        at org.junit.platform.engine.support.hierarchical.Node.around(Node.java:137)
        at org.junit.platform.engine.support.hierarchical.NodeTestTask.lambda$executeRecursively$9(NodeTestTask.java:139)
        at org.junit.platform.engine.support.hierarchical.NodeTestTask$$Lambda$256/673586830.execute(Unknown Source)
        at org.junit.platform.engine.support.hierarchical.ThrowableCollector.execute(ThrowableCollector.java:73)
        at org.junit.platform.engine.support.hierarchical.NodeTestTask.executeRecursively(NodeTestTask.java:138)
        at org.junit.platform.engine.support.hierarchical.NodeTestTask.execute(NodeTestTask.java:95)
        at org.junit.platform.engine.support.hierarchical.SameThreadHierarchicalTestExecutorService.submit(SameThreadHierarchicalTestExecutorService.java:35)
        at org.junit.platform.engine.support.hierarchical.HierarchicalTestExecutor.execute(HierarchicalTestExecutor.java:57)
        at org.junit.platform.engine.support.hierarchical.HierarchicalTestEngine.execute(HierarchicalTestEngine.java:54)
        at org.junit.platform.launcher.core.EngineExecutionOrchestrator.execute(EngineExecutionOrchestrator.java:107)
        at org.junit.platform.launcher.core.EngineExecutionOrchestrator.execute(EngineExecutionOrchestrator.java:88)
        at org.junit.platform.launcher.core.EngineExecutionOrchestrator.lambda$execute$0(EngineExecutionOrchestrator.java:54)
        at org.junit.platform.launcher.core.EngineExecutionOrchestrator$$Lambda$214/556281560.accept(Unknown Source)
        at org.junit.platform.launcher.core.EngineExecutionOrchestrator.withInterceptedStreams(EngineExecutionOrchestrator.java:67)
        at org.junit.platform.launcher.core.EngineExecutionOrchestrator.execute(EngineExecutionOrchestrator.java:52)
        at org.junit.platform.launcher.core.DefaultLauncher.execute(DefaultLauncher.java:114)
        at org.junit.platform.launcher.core.DefaultLauncher.execute(DefaultLauncher.java:86)
        at org.junit.platform.launcher.core.DefaultLauncherSession$DelegatingLauncher.execute(DefaultLauncherSession.java:86)
        at org.junit.platform.launcher.core.SessionPerRequestLauncher.execute(SessionPerRequestLauncher.java:53)
        at org.apache.maven.surefire.junitplatform.JUnitPlatformProvider.execute(JUnitPlatformProvider.java:188)
        at org.apache.maven.surefire.junitplatform.JUnitPlatformProvider.invokeAllTests(JUnitPlatformProvider.java:154)
        at org.apache.maven.surefire.junitplatform.JUnitPlatformProvider.invoke(JUnitPlatformProvider.java:124)
        at org.apache.maven.surefire.booter.ForkedBooter.runSuitesInProcess(ForkedBooter.java:428)
        at org.apache.maven.surefire.booter.ForkedBooter.execute(ForkedBooter.java:162)
        at org.apache.maven.surefire.booter.ForkedBooter.run(ForkedBooter.java:562)
        at org.apache.maven.surefire.booter.ForkedBooter.main(ForkedBooter.java:548)
"Thread-9"  prio=5 tid=20 timed_waiting
java.lang.Thread.State: TIMED_WAITING
        at java.lang.Thread.sleep(Native Method)
        at org.apache.hadoop.hdds.scm.container.balancer.TestContainerBalancerTask.lambda$genCompletableFuture$15(TestContainerBalancerTask.java:1332)
        at org.apache.hadoop.hdds.scm.container.balancer.TestContainerBalancerTask$$Lambda$437/776006216.get(Unknown Source)
        at java.util.concurrent.CompletableFuture$AsyncSupply.run(CompletableFuture.java:1604)
        at java.lang.Thread.run(Thread.java:750)
"Thread-6"  prio=5 tid=17 timed_waiting
java.lang.Thread.State: TIMED_WAITING
        at java.lang.Thread.sleep(Native Method)
        at org.apache.hadoop.hdds.scm.container.balancer.TestContainerBalancerTask.lambda$genCompletableFuture$15(TestContainerBalancerTask.java:1332)
        at org.apache.hadoop.hdds.scm.container.balancer.TestContainerBalancerTask$$Lambda$437/776006216.get(Unknown Source)
        at java.util.concurrent.CompletableFuture$AsyncSupply.run(CompletableFuture.java:1604)
        at java.lang.Thread.run(Thread.java:750)
"Thread-20"  prio=5 tid=31 timed_waiting
java.lang.Thread.State: TIMED_WAITING
        at java.lang.Thread.sleep(Native Method)
        at org.apache.hadoop.hdds.scm.container.balancer.TestContainerBalancerTask.lambda$genCompletableFuture$15(TestContainerBalancerTask.java:1332)
        at org.apache.hadoop.hdds.scm.container.balancer.TestContainerBalancerTask$$Lambda$437/776006216.get(Unknown Source)
        at java.util.concurrent.CompletableFuture$AsyncSupply.run(CompletableFuture.java:1604)
        at java.lang.Thread.run(Thread.java:750)
"process reaper" daemon prio=10 tid=13 timed_waiting
java.lang.Thread.State: TIMED_WAITING
        at sun.misc.Unsafe.park(Native Method)
        at java.util.concurrent.locks.LockSupport.parkNanos(LockSupport.java:215)
        at java.util.concurrent.SynchronousQueue$TransferStack.awaitFulfill(SynchronousQueue.java:460)
        at java.util.concurrent.SynchronousQueue$TransferStack.transfer(SynchronousQueue.java:362)
        at java.util.concurrent.SynchronousQueue.poll(SynchronousQueue.java:941)
        at java.util.concurrent.ThreadPoolExecutor.getTask(ThreadPoolExecutor.java:1073)
        at java.util.concurrent.ThreadPoolExecutor.runWorker(ThreadPoolExecutor.java:1134)
        at java.util.concurrent.ThreadPoolExecutor$Worker.run(ThreadPoolExecutor.java:624)
        at java.lang.Thread.run(Thread.java:750)


	at org.apache.ozone.test.GenericTestUtils.waitFor(GenericTestUtils.java:231)
	at org.apache.hadoop.hdds.scm.container.balancer.TestContainerBalancerTask.testDelayedStart(TestContainerBalancerTask.java:1078)
	at sun.reflect.NativeMethodAccessorImpl.invoke0(Native Method)
	at sun.reflect.NativeMethodAccessorImpl.invoke(NativeMethodAccessorImpl.java:62)
	at sun.reflect.DelegatingMethodAccessorImpl.invoke(DelegatingMethodAccessorImpl.java:43)
	at java.lang.reflect.Method.invoke(Method.java:498)
	at org.junit.platform.commons.util.ReflectionUtils.invokeMethod(ReflectionUtils.java:725)
	at org.junit.jupiter.engine.execution.MethodInvocation.proceed(MethodInvocation.java:60)
	at org.junit.jupiter.engine.execution.InvocationInterceptorChain$ValidatingInvocation.proceed(InvocationInterceptorChain.java:131)
	at org.junit.jupiter.engine.extension.TimeoutExtension.intercept(TimeoutExtension.java:149)
	at org.junit.jupiter.engine.extension.TimeoutExtension.interceptTestableMethod(TimeoutExtension.java:140)
	at org.junit.jupiter.engine.extension.TimeoutExtension.interceptTestMethod(TimeoutExtension.java:84)
	at org.junit.jupiter.engine.execution.ExecutableInvoker$ReflectiveInterceptorCall.lambda$ofVoidMethod$0(ExecutableInvoker.java:115)
	at org.junit.jupiter.engine.execution.ExecutableInvoker.lambda$invoke$0(ExecutableInvoker.java:105)
	at org.junit.jupiter.engine.execution.InvocationInterceptorChain$InterceptedInvocation.proceed(InvocationInterceptorChain.java:106)
	at org.junit.jupiter.engine.execution.InvocationInterceptorChain.proceed(InvocationInterceptorChain.java:64)
	at org.junit.jupiter.engine.execution.InvocationInterceptorChain.chainAndInvoke(InvocationInterceptorChain.java:45)
	at org.junit.jupiter.engine.execution.InvocationInterceptorChain.invoke(InvocationInterceptorChain.java:37)
	at org.junit.jupiter.engine.execution.ExecutableInvoker.invoke(ExecutableInvoker.java:104)
	at org.junit.jupiter.engine.execution.ExecutableInvoker.invoke(ExecutableInvoker.java:98)
	at org.junit.jupiter.engine.descriptor.TestMethodTestDescriptor.lambda$invokeTestMethod$7(TestMethodTestDescriptor.java:214)
	at org.junit.platform.engine.support.hierarchical.ThrowableCollector.execute(ThrowableCollector.java:73)
	at org.junit.jupiter.engine.descriptor.TestMethodTestDescriptor.invokeTestMethod(TestMethodTestDescriptor.java:210)
	at org.junit.jupiter.engine.descriptor.TestMethodTestDescriptor.execute(TestMethodTestDescriptor.java:135)
	at org.junit.jupiter.engine.descriptor.TestMethodTestDescriptor.execute(TestMethodTestDescriptor.java:66)
	at org.junit.platform.engine.support.hierarchical.NodeTestTask.lambda$executeRecursively$6(NodeTestTask.java:151)
	at org.junit.platform.engine.support.hierarchical.ThrowableCollector.execute(ThrowableCollector.java:73)
	at org.junit.platform.engine.support.hierarchical.NodeTestTask.lambda$executeRecursively$8(NodeTestTask.java:141)
	at org.junit.platform.engine.support.hierarchical.Node.around(Node.java:137)
	at org.junit.platform.engine.support.hierarchical.NodeTestTask.lambda$executeRecursively$9(NodeTestTask.java:139)
	at org.junit.platform.engine.support.hierarchical.ThrowableCollector.execute(ThrowableCollector.java:73)
	at org.junit.platform.engine.support.hierarchical.NodeTestTask.executeRecursively(NodeTestTask.java:138)
	at org.junit.platform.engine.support.hierarchical.NodeTestTask.execute(NodeTestTask.java:95)
	at java.util.ArrayList.forEach(ArrayList.java:1259)
	at org.junit.platform.engine.support.hierarchical.SameThreadHierarchicalTestExecutorService.invokeAll(SameThreadHierarchicalTestExecutorService.java:41)
	at org.junit.platform.engine.support.hierarchical.NodeTestTask.lambda$executeRecursively$6(NodeTestTask.java:155)
	at org.junit.platform.engine.support.hierarchical.ThrowableCollector.execute(ThrowableCollector.java:73)
	at org.junit.platform.engine.support.hierarchical.NodeTestTask.lambda$executeRecursively$8(NodeTestTask.java:141)
	at org.junit.platform.engine.support.hierarchical.Node.around(Node.java:137)
	at org.junit.platform.engine.support.hierarchical.NodeTestTask.lambda$executeRecursively$9(NodeTestTask.java:139)
	at org.junit.platform.engine.support.hierarchical.ThrowableCollector.execute(ThrowableCollector.java:73)
	at org.junit.platform.engine.support.hierarchical.NodeTestTask.executeRecursively(NodeTestTask.java:138)
	at org.junit.platform.engine.support.hierarchical.NodeTestTask.execute(NodeTestTask.java:95)
	at java.util.ArrayList.forEach(ArrayList.java:1259)
	at org.junit.platform.engine.support.hierarchical.SameThreadHierarchicalTestExecutorService.invokeAll(SameThreadHierarchicalTestExecutorService.java:41)
	at org.junit.platform.engine.support.hierarchical.NodeTestTask.lambda$executeRecursively$6(NodeTestTask.java:155)
	at org.junit.platform.engine.support.hierarchical.ThrowableCollector.execute(ThrowableCollector.java:73)
	at org.junit.platform.engine.support.hierarchical.NodeTestTask.lambda$executeRecursively$8(NodeTestTask.java:141)
	at org.junit.platform.engine.support.hierarchical.Node.around(Node.java:137)
	at org.junit.platform.engine.support.hierarchical.NodeTestTask.lambda$executeRecursively$9(NodeTestTask.java:139)
	at org.junit.platform.engine.support.hierarchical.ThrowableCollector.execute(ThrowableCollector.java:73)
	at org.junit.platform.engine.support.hierarchical.NodeTestTask.executeRecursively(NodeTestTask.java:138)
	at org.junit.platform.engine.support.hierarchical.NodeTestTask.execute(NodeTestTask.java:95)
	at org.junit.platform.engine.support.hierarchical.SameThreadHierarchicalTestExecutorService.submit(SameThreadHierarchicalTestExecutorService.java:35)
	at org.junit.platform.engine.support.hierarchical.HierarchicalTestExecutor.execute(HierarchicalTestExecutor.java:57)
	at org.junit.platform.engine.support.hierarchical.HierarchicalTestEngine.execute(HierarchicalTestEngine.java:54)
	at org.junit.platform.launcher.core.EngineExecutionOrchestrator.execute(EngineExecutionOrchestrator.java:107)
	at org.junit.platform.launcher.core.EngineExecutionOrchestrator.execute(EngineExecutionOrchestrator.java:88)
	at org.junit.platform.launcher.core.EngineExecutionOrchestrator.lambda$execute$0(EngineExecutionOrchestrator.java:54)
	at org.junit.platform.launcher.core.EngineExecutionOrchestrator.withInterceptedStreams(EngineExecutionOrchestrator.java:67)
	at org.junit.platform.launcher.core.EngineExecutionOrchestrator.execute(EngineExecutionOrchestrator.java:52)
	at org.junit.platform.launcher.core.DefaultLauncher.execute(DefaultLauncher.java:114)
	at org.junit.platform.launcher.core.DefaultLauncher.execute(DefaultLauncher.java:86)
	at org.junit.platform.launcher.core.DefaultLauncherSession$DelegatingLauncher.execute(DefaultLauncherSession.java:86)
	at org.junit.platform.launcher.core.SessionPerRequestLauncher.execute(SessionPerRequestLauncher.java:53)
	at org.apache.maven.surefire.junitplatform.JUnitPlatformProvider.execute(JUnitPlatformProvider.java:188)
	at org.apache.maven.surefire.junitplatform.JUnitPlatformProvider.invokeAllTests(JUnitPlatformProvider.java:154)
	at org.apache.maven.surefire.junitplatform.JUnitPlatformProvider.invoke(JUnitPlatformProvider.java:124)
	at org.apache.maven.surefire.booter.ForkedBooter.runSuitesInProcess(ForkedBooter.java:428)
	at org.apache.maven.surefire.booter.ForkedBooter.execute(ForkedBooter.java:162)
	at org.apache.maven.surefire.booter.ForkedBooter.run(ForkedBooter.java:562)
	at org.apache.maven.surefire.booter.ForkedBooter.main(ForkedBooter.java:548)
]]></error>
    <system-out><![CDATA[2023-08-31 10:29:36,845 [main] INFO  net.NodeSchemaLoader (NodeSchemaLoader.java:loadSchemaFromFile(129)) - Loading schema from [file:/home/runner/work/ozone/ozone/hadoop-hdds/common/target/classes/network-topology-default.xml]
2023-08-31 10:29:36,845 [main] INFO  net.NodeSchemaLoader (NodeSchemaLoader.java:loadSchema(176)) - Loading network topology layer schema file
2023-08-31 10:29:36,847 [main] INFO  net.NetworkTopologyImpl (NetworkTopologyImpl.java:add(112)) - Added a new node: /default-rack/6b05dc95-1141-4b39-b7c9-426f75b6fe09
2023-08-31 10:29:36,847 [main] INFO  net.NetworkTopologyImpl (NetworkTopologyImpl.java:add(112)) - Added a new node: /default-rack/b2c50584-457e-4d53-bbb5-ff39939f87cc
2023-08-31 10:29:36,848 [main] INFO  net.NetworkTopologyImpl (NetworkTopologyImpl.java:add(112)) - Added a new node: /default-rack/4df8919d-46ba-47f0-a1ef-e640eebcbd78
2023-08-31 10:29:36,848 [main] INFO  net.NetworkTopologyImpl (NetworkTopologyImpl.java:add(112)) - Added a new node: /default-rack/124fa239-8678-4477-af0c-e52a79145bcf
2023-08-31 10:29:36,848 [main] INFO  net.NetworkTopologyImpl (NetworkTopologyImpl.java:add(112)) - Added a new node: /default-rack/5e386cc1-08a9-4e12-b230-01c9d3d3d561
2023-08-31 10:29:36,848 [main] INFO  net.NetworkTopologyImpl (NetworkTopologyImpl.java:add(112)) - Added a new node: /default-rack/2906d806-b305-42e3-b0a2-aaea46b30c77
2023-08-31 10:29:36,848 [main] INFO  net.NetworkTopologyImpl (NetworkTopologyImpl.java:add(112)) - Added a new node: /default-rack/f330d8b4-4af0-4546-9e8e-9a3b127d0406
2023-08-31 10:29:36,848 [main] INFO  net.NetworkTopologyImpl (NetworkTopologyImpl.java:add(112)) - Added a new node: /default-rack/828e27fa-a0f8-408e-a8e3-739afa826d85
2023-08-31 10:29:36,848 [main] INFO  net.NetworkTopologyImpl (NetworkTopologyImpl.java:add(112)) - Added a new node: /default-rack/1d1c23b5-e0e7-41ea-8700-ca5c5e724597
2023-08-31 10:29:36,849 [main] INFO  net.NetworkTopologyImpl (NetworkTopologyImpl.java:add(112)) - Added a new node: /default-rack/2b2b4dbe-7760-485e-9900-431296d4e423
2023-08-31 10:29:36,849 [main] INFO  algorithms.ContainerPlacementPolicyFactory (ContainerPlacementPolicyFactory.java:getPolicyInternal(86)) - Create container placement policy of type org.apache.hadoop.hdds.scm.container.placement.algorithms.SCMContainerPlacementRackAware
2023-08-31 10:29:36,849 [main] INFO  algorithms.ContainerPlacementPolicyFactory (ContainerPlacementPolicyFactory.java:getPolicyInternal(86)) - Create container placement policy of type org.apache.hadoop.hdds.scm.container.placement.algorithms.SCMContainerPlacementRackScatter
2023-08-31 10:29:36,890 [Thread-21] INFO  balancer.ContainerBalancerTask (ContainerBalancerTask.java:run(175)) - ContainerBalancer will sleep for 10 seconds before starting balancing.
]]></system-out>
  </testcase>
  <testcase name="checkIterationResultException" classname="org.apache.hadoop.hdds.scm.container.balancer.TestContainerBalancerTask" time="0.118">
    <system-out><![CDATA[2023-08-31 10:29:36,947 [main] INFO  net.NodeSchemaLoader (NodeSchemaLoader.java:loadSchemaFromFile(129)) - Loading schema from [file:/home/runner/work/ozone/ozone/hadoop-hdds/common/target/classes/network-topology-default.xml]
2023-08-31 10:29:36,947 [main] INFO  net.NodeSchemaLoader (NodeSchemaLoader.java:loadSchema(176)) - Loading network topology layer schema file
2023-08-31 10:29:36,953 [main] INFO  net.NetworkTopologyImpl (NetworkTopologyImpl.java:add(112)) - Added a new node: /default-rack/f483cd38-ea50-4ca7-92e4-04ad2fdfa60b
2023-08-31 10:29:36,953 [main] INFO  net.NetworkTopologyImpl (NetworkTopologyImpl.java:add(112)) - Added a new node: /default-rack/a9f37e36-6402-4c74-881b-60368d0c4a23
2023-08-31 10:29:36,953 [main] INFO  net.NetworkTopologyImpl (NetworkTopologyImpl.java:add(112)) - Added a new node: /default-rack/b1bddb26-6821-4ff2-917d-7dab5d3d9f95
2023-08-31 10:29:36,953 [main] INFO  net.NetworkTopologyImpl (NetworkTopologyImpl.java:add(112)) - Added a new node: /default-rack/3325d4df-3b73-45a6-9f4f-a0b223026e1b
2023-08-31 10:29:36,953 [main] INFO  net.NetworkTopologyImpl (NetworkTopologyImpl.java:add(112)) - Added a new node: /default-rack/2dbc005a-930e-4790-a824-895faeea65f2
2023-08-31 10:29:36,954 [main] INFO  net.NetworkTopologyImpl (NetworkTopologyImpl.java:add(112)) - Added a new node: /default-rack/5ef534ce-2a10-475d-8d94-d9e11c43edad
2023-08-31 10:29:36,954 [main] INFO  net.NetworkTopologyImpl (NetworkTopologyImpl.java:add(112)) - Added a new node: /default-rack/181e1986-68fd-4b88-b8b7-a27d6984fb8d
2023-08-31 10:29:36,954 [main] INFO  net.NetworkTopologyImpl (NetworkTopologyImpl.java:add(112)) - Added a new node: /default-rack/cfb0cf88-cf1f-4124-8cf1-b9dc3acea1ae
2023-08-31 10:29:36,954 [main] INFO  net.NetworkTopologyImpl (NetworkTopologyImpl.java:add(112)) - Added a new node: /default-rack/a54a2387-0a6f-4c28-8e1b-2858bf7e7bc8
2023-08-31 10:29:36,954 [main] INFO  net.NetworkTopologyImpl (NetworkTopologyImpl.java:add(112)) - Added a new node: /default-rack/d9106ab2-1552-453b-926b-107a3672f157
2023-08-31 10:29:36,954 [main] INFO  algorithms.ContainerPlacementPolicyFactory (ContainerPlacementPolicyFactory.java:getPolicyInternal(86)) - Create container placement policy of type org.apache.hadoop.hdds.scm.container.placement.algorithms.SCMContainerPlacementRackAware
2023-08-31 10:29:36,954 [main] INFO  algorithms.ContainerPlacementPolicyFactory (ContainerPlacementPolicyFactory.java:getPolicyInternal(86)) - Create container placement policy of type org.apache.hadoop.hdds.scm.container.placement.algorithms.SCMContainerPlacementRackScatter
2023-08-31 10:29:36,969 [main] DEBUG balancer.ContainerBalancerTask (ContainerBalancerTask.java:initializeIteration(374)) - Average utilization of the cluster is 0.3167189158679292
2023-08-31 10:29:36,970 [main] DEBUG balancer.ContainerBalancerTask (ContainerBalancerTask.java:initializeIteration(386)) - Lower limit for utilization is 0.2167189158679292 and Upper limit for utilization is 0.4167189158679292
2023-08-31 10:29:36,970 [main] DEBUG balancer.ContainerBalancerTask (ContainerBalancerTask.java:initializeIteration(398)) - Utilization for node cfb0cf88-cf1f-4124-8cf1-b9dc3acea1ae with capacity 56073184142B, used 50465865728B, and remaining 5607318414B is 0.9000000000035667
2023-08-31 10:29:36,970 [main] DEBUG balancer.ContainerBalancerTask (ContainerBalancerTask.java:initializeIteration(398)) - Utilization for node 2dbc005a-930e-4790-a824-895faeea65f2 with capacity 60397977600B, used 48318382080B, and remaining 12079595520B is 0.8
2023-08-31 10:29:36,970 [main] DEBUG balancer.ContainerBalancerTask (ContainerBalancerTask.java:initializeIteration(398)) - Utilization for node 181e1986-68fd-4b88-b8b7-a27d6984fb8d with capacity 52153174308B, used 36507222016B, and remaining 15645952292B is 0.7000000000076697
2023-08-31 10:29:36,970 [main] DEBUG balancer.ContainerBalancerTask (ContainerBalancerTask.java:initializeIteration(398)) - Utilization for node a9f37e36-6402-4c74-881b-60368d0c4a23 with capacity 60845370026B, used 36507222016B, and remaining 24338148010B is 0.600000000006574
2023-08-31 10:29:36,970 [main] DEBUG balancer.ContainerBalancerTask (ContainerBalancerTask.java:initializeIteration(398)) - Utilization for node 5ef534ce-2a10-475d-8d94-d9e11c43edad with capacity 94489280512B, used 47244640256B, and remaining 47244640256B is 0.5
2023-08-31 10:29:36,971 [main] DEBUG balancer.ContainerBalancerTask (ContainerBalancerTask.java:initializeIteration(398)) - Utilization for node f483cd38-ea50-4ca7-92e4-04ad2fdfa60b with capacity 144955146240B, used 57982058496B, and remaining 86973087744B is 0.4
2023-08-31 10:29:36,971 [main] DEBUG balancer.ContainerBalancerTask (ContainerBalancerTask.java:initializeIteration(398)) - Utilization for node b1bddb26-6821-4ff2-917d-7dab5d3d9f95 with capacity 85899345920B, used 25769803776B, and remaining 60129542144B is 0.3
2023-08-31 10:29:36,971 [main] DEBUG balancer.ContainerBalancerTask (ContainerBalancerTask.java:initializeIteration(398)) - Utilization for node 3325d4df-3b73-45a6-9f4f-a0b223026e1b with capacity 155692564480B, used 31138512896B, and remaining 124554051584B is 0.2
2023-08-31 10:29:36,971 [main] DEBUG balancer.ContainerBalancerTask (ContainerBalancerTask.java:initializeIteration(398)) - Utilization for node d9106ab2-1552-453b-926b-107a3672f157 with capacity 461708984320B, used 46170898432B, and remaining 415538085888B is 0.1
2023-08-31 10:29:36,971 [main] DEBUG balancer.ContainerBalancerTask (ContainerBalancerTask.java:initializeIteration(398)) - Utilization for node a54a2387-0a6f-4c28-8e1b-2858bf7e7bc8 with capacity 27917287424B, used 0B, and remaining 27917287424B is 0.0
2023-08-31 10:29:36,971 [main] INFO  balancer.ContainerBalancerTask (ContainerBalancerTask.java:initializeIteration(447)) - Container Balancer has identified 5 Over-Utilized and 3 Under-Utilized Datanodes that need to be balanced.
2023-08-31 10:29:36,971 [main] DEBUG balancer.ContainerBalancerTask (ContainerBalancerTask.java:lambda$initializeIteration$1(453)) - Datanode localhost-97.228.12.32 cfb0cf88-cf1f-4124-8cf1-b9dc3acea1ae is Over-Utilized.
2023-08-31 10:29:36,971 [main] DEBUG balancer.ContainerBalancerTask (ContainerBalancerTask.java:lambda$initializeIteration$1(453)) - Datanode localhost-155.159.207.112 2dbc005a-930e-4790-a824-895faeea65f2 is Over-Utilized.
2023-08-31 10:29:36,972 [main] DEBUG balancer.ContainerBalancerTask (ContainerBalancerTask.java:lambda$initializeIteration$1(453)) - Datanode localhost-7.32.79.240 181e1986-68fd-4b88-b8b7-a27d6984fb8d is Over-Utilized.
2023-08-31 10:29:36,972 [main] DEBUG balancer.ContainerBalancerTask (ContainerBalancerTask.java:lambda$initializeIteration$1(453)) - Datanode localhost-185.23.181.247 a9f37e36-6402-4c74-881b-60368d0c4a23 is Over-Utilized.
2023-08-31 10:29:36,972 [main] DEBUG balancer.ContainerBalancerTask (ContainerBalancerTask.java:lambda$initializeIteration$1(453)) - Datanode localhost-167.88.20.164 5ef534ce-2a10-475d-8d94-d9e11c43edad is Over-Utilized.
2023-08-31 10:29:36,974 [main] DEBUG balancer.ContainerBalancerTask (ContainerBalancerTask.java:lambda$initializeIteration$2(459)) - Datanode localhost-47.189.115.137 a54a2387-0a6f-4c28-8e1b-2858bf7e7bc8 is Under-Utilized.
2023-08-31 10:29:36,974 [main] DEBUG balancer.ContainerBalancerTask (ContainerBalancerTask.java:lambda$initializeIteration$2(459)) - Datanode localhost-255.209.83.110 d9106ab2-1552-453b-926b-107a3672f157 is Under-Utilized.
2023-08-31 10:29:36,974 [main] DEBUG balancer.ContainerBalancerTask (ContainerBalancerTask.java:lambda$initializeIteration$2(459)) - Datanode localhost-251.115.229.88 3325d4df-3b73-45a6-9f4f-a0b223026e1b is Under-Utilized.
2023-08-31 10:29:36,977 [main] DEBUG balancer.ContainerBalancerTask (ContainerBalancerTask.java:matchSourceWithTarget(708)) - ContainerBalancer is finding suitable target for source datanode cfb0cf88-cf1f-4124-8cf1-b9dc3acea1ae
2023-08-31 10:29:36,978 [main] INFO  balancer.ContainerBalancerTask (ContainerBalancerTask.java:matchSourceWithTarget(722)) - ContainerBalancer matched source datanode cfb0cf88-cf1f-4124-8cf1-b9dc3acea1ae with target datanode a54a2387-0a6f-4c28-8e1b-2858bf7e7bc8 for container move.
2023-08-31 10:29:36,978 [main] INFO  balancer.ContainerBalancerTask (ContainerBalancerTask.java:processMoveSelection(569)) - ContainerBalancer is trying to move container #84 with size 4294967296B from source datanode cfb0cf88-cf1f-4124-8cf1-b9dc3acea1ae to target datanode a54a2387-0a6f-4c28-8e1b-2858bf7e7bc8
2023-08-31 10:29:36,979 [main] INFO  balancer.ContainerBalancerTask (ContainerBalancerTask.java:lambda$moveContainer$3(827)) - Container move for container #84 from source cfb0cf88-cf1f-4124-8cf1-b9dc3acea1ae to target a54a2387-0a6f-4c28-8e1b-2858bf7e7bc8 failed with exceptions.
java.util.concurrent.CompletionException: java.lang.RuntimeException: Runtime Exception after doing work
	at java.util.concurrent.CompletableFuture.encodeThrowable(CompletableFuture.java:273)
	at java.util.concurrent.CompletableFuture.completeThrowable(CompletableFuture.java:280)
	at java.util.concurrent.CompletableFuture$AsyncSupply.run(CompletableFuture.java:1606)
	at java.lang.Thread.run(Thread.java:750)
Caused by: java.lang.RuntimeException: Runtime Exception after doing work
	at org.apache.hadoop.hdds.scm.container.balancer.TestContainerBalancerTask.lambda$checkIterationResultException$10(TestContainerBalancerTask.java:1011)
	at java.util.concurrent.CompletableFuture$AsyncSupply.run(CompletableFuture.java:1604)
	... 1 more
2023-08-31 10:29:36,985 [main] DEBUG balancer.ContainerBalancerTask (ContainerBalancerTask.java:matchSourceWithTarget(708)) - ContainerBalancer is finding suitable target for source datanode 2dbc005a-930e-4790-a824-895faeea65f2
2023-08-31 10:29:36,985 [main] INFO  balancer.ContainerBalancerTask (ContainerBalancerTask.java:matchSourceWithTarget(722)) - ContainerBalancer matched source datanode 2dbc005a-930e-4790-a824-895faeea65f2 with target datanode a54a2387-0a6f-4c28-8e1b-2858bf7e7bc8 for container move.
2023-08-31 10:29:36,985 [main] INFO  balancer.ContainerBalancerTask (ContainerBalancerTask.java:processMoveSelection(569)) - ContainerBalancer is trying to move container #68 with size 5368709120B from source datanode 2dbc005a-930e-4790-a824-895faeea65f2 to target datanode a54a2387-0a6f-4c28-8e1b-2858bf7e7bc8
2023-08-31 10:29:36,986 [main] WARN  balancer.ContainerBalancerTask (ContainerBalancerTask.java:moveContainer(851)) - Could not find Container #68 for container move
org.apache.hadoop.hdds.scm.container.ContainerNotFoundException: Test Container not found
	at org.apache.hadoop.hdds.scm.container.replication.ReplicationManager.move(ReplicationManager.java:1431)
	at org.apache.hadoop.hdds.scm.container.balancer.ContainerBalancerTask.moveContainer(ContainerBalancerTask.java:817)
	at org.apache.hadoop.hdds.scm.container.balancer.ContainerBalancerTask.processMoveSelection(ContainerBalancerTask.java:576)
	at org.apache.hadoop.hdds.scm.container.balancer.ContainerBalancerTask.doIteration(ContainerBalancerTask.java:534)
	at org.apache.hadoop.hdds.scm.container.balancer.ContainerBalancerTask.balance(ContainerBalancerTask.java:257)
	at org.apache.hadoop.hdds.scm.container.balancer.ContainerBalancerTask.run(ContainerBalancerTask.java:179)
	at org.apache.hadoop.hdds.scm.container.balancer.TestContainerBalancerTask.startBalancer(TestContainerBalancerTask.java:1321)
	at org.apache.hadoop.hdds.scm.container.balancer.TestContainerBalancerTask.checkIterationResultException(TestContainerBalancerTask.java:1024)
	at sun.reflect.NativeMethodAccessorImpl.invoke0(Native Method)
	at sun.reflect.NativeMethodAccessorImpl.invoke(NativeMethodAccessorImpl.java:62)
	at sun.reflect.DelegatingMethodAccessorImpl.invoke(DelegatingMethodAccessorImpl.java:43)
	at java.lang.reflect.Method.invoke(Method.java:498)
	at org.junit.platform.commons.util.ReflectionUtils.invokeMethod(ReflectionUtils.java:725)
	at org.junit.jupiter.engine.execution.MethodInvocation.proceed(MethodInvocation.java:60)
	at org.junit.jupiter.engine.execution.InvocationInterceptorChain$ValidatingInvocation.proceed(InvocationInterceptorChain.java:131)
	at org.junit.jupiter.engine.extension.TimeoutExtension.intercept(TimeoutExtension.java:149)
	at org.junit.jupiter.engine.extension.TimeoutExtension.interceptTestableMethod(TimeoutExtension.java:140)
	at org.junit.jupiter.engine.extension.TimeoutExtension.interceptTestMethod(TimeoutExtension.java:84)
	at org.junit.jupiter.engine.execution.ExecutableInvoker$ReflectiveInterceptorCall.lambda$ofVoidMethod$0(ExecutableInvoker.java:115)
	at org.junit.jupiter.engine.execution.ExecutableInvoker.lambda$invoke$0(ExecutableInvoker.java:105)
	at org.junit.jupiter.engine.execution.InvocationInterceptorChain$InterceptedInvocation.proceed(InvocationInterceptorChain.java:106)
	at org.junit.jupiter.engine.execution.InvocationInterceptorChain.proceed(InvocationInterceptorChain.java:64)
	at org.junit.jupiter.engine.execution.InvocationInterceptorChain.chainAndInvoke(InvocationInterceptorChain.java:45)
	at org.junit.jupiter.engine.execution.InvocationInterceptorChain.invoke(InvocationInterceptorChain.java:37)
	at org.junit.jupiter.engine.execution.ExecutableInvoker.invoke(ExecutableInvoker.java:104)
	at org.junit.jupiter.engine.execution.ExecutableInvoker.invoke(ExecutableInvoker.java:98)
	at org.junit.jupiter.engine.descriptor.TestMethodTestDescriptor.lambda$invokeTestMethod$7(TestMethodTestDescriptor.java:214)
	at org.junit.platform.engine.support.hierarchical.ThrowableCollector.execute(ThrowableCollector.java:73)
	at org.junit.jupiter.engine.descriptor.TestMethodTestDescriptor.invokeTestMethod(TestMethodTestDescriptor.java:210)
	at org.junit.jupiter.engine.descriptor.TestMethodTestDescriptor.execute(TestMethodTestDescriptor.java:135)
	at org.junit.jupiter.engine.descriptor.TestMethodTestDescriptor.execute(TestMethodTestDescriptor.java:66)
	at org.junit.platform.engine.support.hierarchical.NodeTestTask.lambda$executeRecursively$6(NodeTestTask.java:151)
	at org.junit.platform.engine.support.hierarchical.ThrowableCollector.execute(ThrowableCollector.java:73)
	at org.junit.platform.engine.support.hierarchical.NodeTestTask.lambda$executeRecursively$8(NodeTestTask.java:141)
	at org.junit.platform.engine.support.hierarchical.Node.around(Node.java:137)
	at org.junit.platform.engine.support.hierarchical.NodeTestTask.lambda$executeRecursively$9(NodeTestTask.java:139)
	at org.junit.platform.engine.support.hierarchical.ThrowableCollector.execute(ThrowableCollector.java:73)
	at org.junit.platform.engine.support.hierarchical.NodeTestTask.executeRecursively(NodeTestTask.java:138)
	at org.junit.platform.engine.support.hierarchical.NodeTestTask.execute(NodeTestTask.java:95)
	at java.util.ArrayList.forEach(ArrayList.java:1259)
	at org.junit.platform.engine.support.hierarchical.SameThreadHierarchicalTestExecutorService.invokeAll(SameThreadHierarchicalTestExecutorService.java:41)
	at org.junit.platform.engine.support.hierarchical.NodeTestTask.lambda$executeRecursively$6(NodeTestTask.java:155)
	at org.junit.platform.engine.support.hierarchical.ThrowableCollector.execute(ThrowableCollector.java:73)
	at org.junit.platform.engine.support.hierarchical.NodeTestTask.lambda$executeRecursively$8(NodeTestTask.java:141)
	at org.junit.platform.engine.support.hierarchical.Node.around(Node.java:137)
	at org.junit.platform.engine.support.hierarchical.NodeTestTask.lambda$executeRecursively$9(NodeTestTask.java:139)
	at org.junit.platform.engine.support.hierarchical.ThrowableCollector.execute(ThrowableCollector.java:73)
	at org.junit.platform.engine.support.hierarchical.NodeTestTask.executeRecursively(NodeTestTask.java:138)
	at org.junit.platform.engine.support.hierarchical.NodeTestTask.execute(NodeTestTask.java:95)
	at java.util.ArrayList.forEach(ArrayList.java:1259)
	at org.junit.platform.engine.support.hierarchical.SameThreadHierarchicalTestExecutorService.invokeAll(SameThreadHierarchicalTestExecutorService.java:41)
	at org.junit.platform.engine.support.hierarchical.NodeTestTask.lambda$executeRecursively$6(NodeTestTask.java:155)
	at org.junit.platform.engine.support.hierarchical.ThrowableCollector.execute(ThrowableCollector.java:73)
	at org.junit.platform.engine.support.hierarchical.NodeTestTask.lambda$executeRecursively$8(NodeTestTask.java:141)
	at org.junit.platform.engine.support.hierarchical.Node.around(Node.java:137)
	at org.junit.platform.engine.support.hierarchical.NodeTestTask.lambda$executeRecursively$9(NodeTestTask.java:139)
	at org.junit.platform.engine.support.hierarchical.ThrowableCollector.execute(ThrowableCollector.java:73)
	at org.junit.platform.engine.support.hierarchical.NodeTestTask.executeRecursively(NodeTestTask.java:138)
	at org.junit.platform.engine.support.hierarchical.NodeTestTask.execute(NodeTestTask.java:95)
	at org.junit.platform.engine.support.hierarchical.SameThreadHierarchicalTestExecutorService.submit(SameThreadHierarchicalTestExecutorService.java:35)
	at org.junit.platform.engine.support.hierarchical.HierarchicalTestExecutor.execute(HierarchicalTestExecutor.java:57)
	at org.junit.platform.engine.support.hierarchical.HierarchicalTestEngine.execute(HierarchicalTestEngine.java:54)
	at org.junit.platform.launcher.core.EngineExecutionOrchestrator.execute(EngineExecutionOrchestrator.java:107)
	at org.junit.platform.launcher.core.EngineExecutionOrchestrator.execute(EngineExecutionOrchestrator.java:88)
	at org.junit.platform.launcher.core.EngineExecutionOrchestrator.lambda$execute$0(EngineExecutionOrchestrator.java:54)
	at org.junit.platform.launcher.core.EngineExecutionOrchestrator.withInterceptedStreams(EngineExecutionOrchestrator.java:67)
	at org.junit.platform.launcher.core.EngineExecutionOrchestrator.execute(EngineExecutionOrchestrator.java:52)
	at org.junit.platform.launcher.core.DefaultLauncher.execute(DefaultLauncher.java:114)
	at org.junit.platform.launcher.core.DefaultLauncher.execute(DefaultLauncher.java:86)
	at org.junit.platform.launcher.core.DefaultLauncherSession$DelegatingLauncher.execute(DefaultLauncherSession.java:86)
	at org.junit.platform.launcher.core.SessionPerRequestLauncher.execute(SessionPerRequestLauncher.java:53)
	at org.apache.maven.surefire.junitplatform.JUnitPlatformProvider.execute(JUnitPlatformProvider.java:188)
	at org.apache.maven.surefire.junitplatform.JUnitPlatformProvider.invokeAllTests(JUnitPlatformProvider.java:154)
	at org.apache.maven.surefire.junitplatform.JUnitPlatformProvider.invoke(JUnitPlatformProvider.java:124)
	at org.apache.maven.surefire.booter.ForkedBooter.runSuitesInProcess(ForkedBooter.java:428)
	at org.apache.maven.surefire.booter.ForkedBooter.execute(ForkedBooter.java:162)
	at org.apache.maven.surefire.booter.ForkedBooter.run(ForkedBooter.java:562)
	at org.apache.maven.surefire.booter.ForkedBooter.main(ForkedBooter.java:548)
2023-08-31 10:29:36,989 [main] DEBUG balancer.ContainerBalancerTask (ContainerBalancerTask.java:matchSourceWithTarget(708)) - ContainerBalancer is finding suitable target for source datanode 181e1986-68fd-4b88-b8b7-a27d6984fb8d
2023-08-31 10:29:36,990 [main] INFO  balancer.ContainerBalancerTask (ContainerBalancerTask.java:matchSourceWithTarget(722)) - ContainerBalancer matched source datanode 181e1986-68fd-4b88-b8b7-a27d6984fb8d with target datanode a54a2387-0a6f-4c28-8e1b-2858bf7e7bc8 for container move.
2023-08-31 10:29:36,990 [main] INFO  balancer.ContainerBalancerTask (ContainerBalancerTask.java:processMoveSelection(569)) - ContainerBalancer is trying to move container #52 with size 4294967296B from source datanode 181e1986-68fd-4b88-b8b7-a27d6984fb8d to target datanode a54a2387-0a6f-4c28-8e1b-2858bf7e7bc8
2023-08-31 10:29:36,992 [main] INFO  balancer.ContainerBalancerTask (ContainerBalancerTask.java:lambda$moveContainer$3(827)) - Container move for container #52 from source 181e1986-68fd-4b88-b8b7-a27d6984fb8d to target a54a2387-0a6f-4c28-8e1b-2858bf7e7bc8 failed with exceptions.
java.lang.RuntimeException: Runtime Exception
	at org.apache.hadoop.hdds.scm.container.balancer.TestContainerBalancerTask.checkIterationResultException(TestContainerBalancerTask.java:1002)
	at sun.reflect.NativeMethodAccessorImpl.invoke0(Native Method)
	at sun.reflect.NativeMethodAccessorImpl.invoke(NativeMethodAccessorImpl.java:62)
	at sun.reflect.DelegatingMethodAccessorImpl.invoke(DelegatingMethodAccessorImpl.java:43)
	at java.lang.reflect.Method.invoke(Method.java:498)
	at org.junit.platform.commons.util.ReflectionUtils.invokeMethod(ReflectionUtils.java:725)
	at org.junit.jupiter.engine.execution.MethodInvocation.proceed(MethodInvocation.java:60)
	at org.junit.jupiter.engine.execution.InvocationInterceptorChain$ValidatingInvocation.proceed(InvocationInterceptorChain.java:131)
	at org.junit.jupiter.engine.extension.TimeoutExtension.intercept(TimeoutExtension.java:149)
	at org.junit.jupiter.engine.extension.TimeoutExtension.interceptTestableMethod(TimeoutExtension.java:140)
	at org.junit.jupiter.engine.extension.TimeoutExtension.interceptTestMethod(TimeoutExtension.java:84)
	at org.junit.jupiter.engine.execution.ExecutableInvoker$ReflectiveInterceptorCall.lambda$ofVoidMethod$0(ExecutableInvoker.java:115)
	at org.junit.jupiter.engine.execution.ExecutableInvoker.lambda$invoke$0(ExecutableInvoker.java:105)
	at org.junit.jupiter.engine.execution.InvocationInterceptorChain$InterceptedInvocation.proceed(InvocationInterceptorChain.java:106)
	at org.junit.jupiter.engine.execution.InvocationInterceptorChain.proceed(InvocationInterceptorChain.java:64)
	at org.junit.jupiter.engine.execution.InvocationInterceptorChain.chainAndInvoke(InvocationInterceptorChain.java:45)
	at org.junit.jupiter.engine.execution.InvocationInterceptorChain.invoke(InvocationInterceptorChain.java:37)
	at org.junit.jupiter.engine.execution.ExecutableInvoker.invoke(ExecutableInvoker.java:104)
	at org.junit.jupiter.engine.execution.ExecutableInvoker.invoke(ExecutableInvoker.java:98)
	at org.junit.jupiter.engine.descriptor.TestMethodTestDescriptor.lambda$invokeTestMethod$7(TestMethodTestDescriptor.java:214)
	at org.junit.platform.engine.support.hierarchical.ThrowableCollector.execute(ThrowableCollector.java:73)
	at org.junit.jupiter.engine.descriptor.TestMethodTestDescriptor.invokeTestMethod(TestMethodTestDescriptor.java:210)
	at org.junit.jupiter.engine.descriptor.TestMethodTestDescriptor.execute(TestMethodTestDescriptor.java:135)
	at org.junit.jupiter.engine.descriptor.TestMethodTestDescriptor.execute(TestMethodTestDescriptor.java:66)
	at org.junit.platform.engine.support.hierarchical.NodeTestTask.lambda$executeRecursively$6(NodeTestTask.java:151)
	at org.junit.platform.engine.support.hierarchical.ThrowableCollector.execute(ThrowableCollector.java:73)
	at org.junit.platform.engine.support.hierarchical.NodeTestTask.lambda$executeRecursively$8(NodeTestTask.java:141)
	at org.junit.platform.engine.support.hierarchical.Node.around(Node.java:137)
	at org.junit.platform.engine.support.hierarchical.NodeTestTask.lambda$executeRecursively$9(NodeTestTask.java:139)
	at org.junit.platform.engine.support.hierarchical.ThrowableCollector.execute(ThrowableCollector.java:73)
	at org.junit.platform.engine.support.hierarchical.NodeTestTask.executeRecursively(NodeTestTask.java:138)
	at org.junit.platform.engine.support.hierarchical.NodeTestTask.execute(NodeTestTask.java:95)
	at java.util.ArrayList.forEach(ArrayList.java:1259)
	at org.junit.platform.engine.support.hierarchical.SameThreadHierarchicalTestExecutorService.invokeAll(SameThreadHierarchicalTestExecutorService.java:41)
	at org.junit.platform.engine.support.hierarchical.NodeTestTask.lambda$executeRecursively$6(NodeTestTask.java:155)
	at org.junit.platform.engine.support.hierarchical.ThrowableCollector.execute(ThrowableCollector.java:73)
	at org.junit.platform.engine.support.hierarchical.NodeTestTask.lambda$executeRecursively$8(NodeTestTask.java:141)
	at org.junit.platform.engine.support.hierarchical.Node.around(Node.java:137)
	at org.junit.platform.engine.support.hierarchical.NodeTestTask.lambda$executeRecursively$9(NodeTestTask.java:139)
	at org.junit.platform.engine.support.hierarchical.ThrowableCollector.execute(ThrowableCollector.java:73)
	at org.junit.platform.engine.support.hierarchical.NodeTestTask.executeRecursively(NodeTestTask.java:138)
	at org.junit.platform.engine.support.hierarchical.NodeTestTask.execute(NodeTestTask.java:95)
	at java.util.ArrayList.forEach(ArrayList.java:1259)
	at org.junit.platform.engine.support.hierarchical.SameThreadHierarchicalTestExecutorService.invokeAll(SameThreadHierarchicalTestExecutorService.java:41)
	at org.junit.platform.engine.support.hierarchical.NodeTestTask.lambda$executeRecursively$6(NodeTestTask.java:155)
	at org.junit.platform.engine.support.hierarchical.ThrowableCollector.execute(ThrowableCollector.java:73)
	at org.junit.platform.engine.support.hierarchical.NodeTestTask.lambda$executeRecursively$8(NodeTestTask.java:141)
	at org.junit.platform.engine.support.hierarchical.Node.around(Node.java:137)
	at org.junit.platform.engine.support.hierarchical.NodeTestTask.lambda$executeRecursively$9(NodeTestTask.java:139)
	at org.junit.platform.engine.support.hierarchical.ThrowableCollector.execute(ThrowableCollector.java:73)
	at org.junit.platform.engine.support.hierarchical.NodeTestTask.executeRecursively(NodeTestTask.java:138)
	at org.junit.platform.engine.support.hierarchical.NodeTestTask.execute(NodeTestTask.java:95)
	at org.junit.platform.engine.support.hierarchical.SameThreadHierarchicalTestExecutorService.submit(SameThreadHierarchicalTestExecutorService.java:35)
	at org.junit.platform.engine.support.hierarchical.HierarchicalTestExecutor.execute(HierarchicalTestExecutor.java:57)
	at org.junit.platform.engine.support.hierarchical.HierarchicalTestEngine.execute(HierarchicalTestEngine.java:54)
	at org.junit.platform.launcher.core.EngineExecutionOrchestrator.execute(EngineExecutionOrchestrator.java:107)
	at org.junit.platform.launcher.core.EngineExecutionOrchestrator.execute(EngineExecutionOrchestrator.java:88)
	at org.junit.platform.launcher.core.EngineExecutionOrchestrator.lambda$execute$0(EngineExecutionOrchestrator.java:54)
	at org.junit.platform.launcher.core.EngineExecutionOrchestrator.withInterceptedStreams(EngineExecutionOrchestrator.java:67)
	at org.junit.platform.launcher.core.EngineExecutionOrchestrator.execute(EngineExecutionOrchestrator.java:52)
	at org.junit.platform.launcher.core.DefaultLauncher.execute(DefaultLauncher.java:114)
	at org.junit.platform.launcher.core.DefaultLauncher.execute(DefaultLauncher.java:86)
	at org.junit.platform.launcher.core.DefaultLauncherSession$DelegatingLauncher.execute(DefaultLauncherSession.java:86)
	at org.junit.platform.launcher.core.SessionPerRequestLauncher.execute(SessionPerRequestLauncher.java:53)
	at org.apache.maven.surefire.junitplatform.JUnitPlatformProvider.execute(JUnitPlatformProvider.java:188)
	at org.apache.maven.surefire.junitplatform.JUnitPlatformProvider.invokeAllTests(JUnitPlatformProvider.java:154)
	at org.apache.maven.surefire.junitplatform.JUnitPlatformProvider.invoke(JUnitPlatformProvider.java:124)
	at org.apache.maven.surefire.booter.ForkedBooter.runSuitesInProcess(ForkedBooter.java:428)
	at org.apache.maven.surefire.booter.ForkedBooter.execute(ForkedBooter.java:162)
	at org.apache.maven.surefire.booter.ForkedBooter.run(ForkedBooter.java:562)
	at org.apache.maven.surefire.booter.ForkedBooter.main(ForkedBooter.java:548)
2023-08-31 10:29:36,996 [main] DEBUG balancer.ContainerBalancerTask (ContainerBalancerTask.java:matchSourceWithTarget(708)) - ContainerBalancer is finding suitable target for source datanode a9f37e36-6402-4c74-881b-60368d0c4a23
2023-08-31 10:29:36,996 [main] INFO  balancer.ContainerBalancerTask (ContainerBalancerTask.java:matchSourceWithTarget(722)) - ContainerBalancer matched source datanode a9f37e36-6402-4c74-881b-60368d0c4a23 with target datanode a54a2387-0a6f-4c28-8e1b-2858bf7e7bc8 for container move.
2023-08-31 10:29:36,996 [main] INFO  balancer.ContainerBalancerTask (ContainerBalancerTask.java:processMoveSelection(569)) - ContainerBalancer is trying to move container #40 with size 5368709120B from source datanode a9f37e36-6402-4c74-881b-60368d0c4a23 to target datanode a54a2387-0a6f-4c28-8e1b-2858bf7e7bc8
2023-08-31 10:29:36,996 [main] INFO  balancer.ContainerBalancerTask (ContainerBalancerTask.java:lambda$moveContainer$3(827)) - Container move for container #40 from source a9f37e36-6402-4c74-881b-60368d0c4a23 to target a54a2387-0a6f-4c28-8e1b-2858bf7e7bc8 failed with exceptions.
java.lang.RuntimeException: Runtime Exception
	at org.apache.hadoop.hdds.scm.container.balancer.TestContainerBalancerTask.checkIterationResultException(TestContainerBalancerTask.java:1002)
	at sun.reflect.NativeMethodAccessorImpl.invoke0(Native Method)
	at sun.reflect.NativeMethodAccessorImpl.invoke(NativeMethodAccessorImpl.java:62)
	at sun.reflect.DelegatingMethodAccessorImpl.invoke(DelegatingMethodAccessorImpl.java:43)
	at java.lang.reflect.Method.invoke(Method.java:498)
	at org.junit.platform.commons.util.ReflectionUtils.invokeMethod(ReflectionUtils.java:725)
	at org.junit.jupiter.engine.execution.MethodInvocation.proceed(MethodInvocation.java:60)
	at org.junit.jupiter.engine.execution.InvocationInterceptorChain$ValidatingInvocation.proceed(InvocationInterceptorChain.java:131)
	at org.junit.jupiter.engine.extension.TimeoutExtension.intercept(TimeoutExtension.java:149)
	at org.junit.jupiter.engine.extension.TimeoutExtension.interceptTestableMethod(TimeoutExtension.java:140)
	at org.junit.jupiter.engine.extension.TimeoutExtension.interceptTestMethod(TimeoutExtension.java:84)
	at org.junit.jupiter.engine.execution.ExecutableInvoker$ReflectiveInterceptorCall.lambda$ofVoidMethod$0(ExecutableInvoker.java:115)
	at org.junit.jupiter.engine.execution.ExecutableInvoker.lambda$invoke$0(ExecutableInvoker.java:105)
	at org.junit.jupiter.engine.execution.InvocationInterceptorChain$InterceptedInvocation.proceed(InvocationInterceptorChain.java:106)
	at org.junit.jupiter.engine.execution.InvocationInterceptorChain.proceed(InvocationInterceptorChain.java:64)
	at org.junit.jupiter.engine.execution.InvocationInterceptorChain.chainAndInvoke(InvocationInterceptorChain.java:45)
	at org.junit.jupiter.engine.execution.InvocationInterceptorChain.invoke(InvocationInterceptorChain.java:37)
	at org.junit.jupiter.engine.execution.ExecutableInvoker.invoke(ExecutableInvoker.java:104)
	at org.junit.jupiter.engine.execution.ExecutableInvoker.invoke(ExecutableInvoker.java:98)
	at org.junit.jupiter.engine.descriptor.TestMethodTestDescriptor.lambda$invokeTestMethod$7(TestMethodTestDescriptor.java:214)
	at org.junit.platform.engine.support.hierarchical.ThrowableCollector.execute(ThrowableCollector.java:73)
	at org.junit.jupiter.engine.descriptor.TestMethodTestDescriptor.invokeTestMethod(TestMethodTestDescriptor.java:210)
	at org.junit.jupiter.engine.descriptor.TestMethodTestDescriptor.execute(TestMethodTestDescriptor.java:135)
	at org.junit.jupiter.engine.descriptor.TestMethodTestDescriptor.execute(TestMethodTestDescriptor.java:66)
	at org.junit.platform.engine.support.hierarchical.NodeTestTask.lambda$executeRecursively$6(NodeTestTask.java:151)
	at org.junit.platform.engine.support.hierarchical.ThrowableCollector.execute(ThrowableCollector.java:73)
	at org.junit.platform.engine.support.hierarchical.NodeTestTask.lambda$executeRecursively$8(NodeTestTask.java:141)
	at org.junit.platform.engine.support.hierarchical.Node.around(Node.java:137)
	at org.junit.platform.engine.support.hierarchical.NodeTestTask.lambda$executeRecursively$9(NodeTestTask.java:139)
	at org.junit.platform.engine.support.hierarchical.ThrowableCollector.execute(ThrowableCollector.java:73)
	at org.junit.platform.engine.support.hierarchical.NodeTestTask.executeRecursively(NodeTestTask.java:138)
	at org.junit.platform.engine.support.hierarchical.NodeTestTask.execute(NodeTestTask.java:95)
	at java.util.ArrayList.forEach(ArrayList.java:1259)
	at org.junit.platform.engine.support.hierarchical.SameThreadHierarchicalTestExecutorService.invokeAll(SameThreadHierarchicalTestExecutorService.java:41)
	at org.junit.platform.engine.support.hierarchical.NodeTestTask.lambda$executeRecursively$6(NodeTestTask.java:155)
	at org.junit.platform.engine.support.hierarchical.ThrowableCollector.execute(ThrowableCollector.java:73)
	at org.junit.platform.engine.support.hierarchical.NodeTestTask.lambda$executeRecursively$8(NodeTestTask.java:141)
	at org.junit.platform.engine.support.hierarchical.Node.around(Node.java:137)
	at org.junit.platform.engine.support.hierarchical.NodeTestTask.lambda$executeRecursively$9(NodeTestTask.java:139)
	at org.junit.platform.engine.support.hierarchical.ThrowableCollector.execute(ThrowableCollector.java:73)
	at org.junit.platform.engine.support.hierarchical.NodeTestTask.executeRecursively(NodeTestTask.java:138)
	at org.junit.platform.engine.support.hierarchical.NodeTestTask.execute(NodeTestTask.java:95)
	at java.util.ArrayList.forEach(ArrayList.java:1259)
	at org.junit.platform.engine.support.hierarchical.SameThreadHierarchicalTestExecutorService.invokeAll(SameThreadHierarchicalTestExecutorService.java:41)
	at org.junit.platform.engine.support.hierarchical.NodeTestTask.lambda$executeRecursively$6(NodeTestTask.java:155)
	at org.junit.platform.engine.support.hierarchical.ThrowableCollector.execute(ThrowableCollector.java:73)
	at org.junit.platform.engine.support.hierarchical.NodeTestTask.lambda$executeRecursively$8(NodeTestTask.java:141)
	at org.junit.platform.engine.support.hierarchical.Node.around(Node.java:137)
	at org.junit.platform.engine.support.hierarchical.NodeTestTask.lambda$executeRecursively$9(NodeTestTask.java:139)
	at org.junit.platform.engine.support.hierarchical.ThrowableCollector.execute(ThrowableCollector.java:73)
	at org.junit.platform.engine.support.hierarchical.NodeTestTask.executeRecursively(NodeTestTask.java:138)
	at org.junit.platform.engine.support.hierarchical.NodeTestTask.execute(NodeTestTask.java:95)
	at org.junit.platform.engine.support.hierarchical.SameThreadHierarchicalTestExecutorService.submit(SameThreadHierarchicalTestExecutorService.java:35)
	at org.junit.platform.engine.support.hierarchical.HierarchicalTestExecutor.execute(HierarchicalTestExecutor.java:57)
	at org.junit.platform.engine.support.hierarchical.HierarchicalTestEngine.execute(HierarchicalTestEngine.java:54)
	at org.junit.platform.launcher.core.EngineExecutionOrchestrator.execute(EngineExecutionOrchestrator.java:107)
	at org.junit.platform.launcher.core.EngineExecutionOrchestrator.execute(EngineExecutionOrchestrator.java:88)
	at org.junit.platform.launcher.core.EngineExecutionOrchestrator.lambda$execute$0(EngineExecutionOrchestrator.java:54)
	at org.junit.platform.launcher.core.EngineExecutionOrchestrator.withInterceptedStreams(EngineExecutionOrchestrator.java:67)
	at org.junit.platform.launcher.core.EngineExecutionOrchestrator.execute(EngineExecutionOrchestrator.java:52)
	at org.junit.platform.launcher.core.DefaultLauncher.execute(DefaultLauncher.java:114)
	at org.junit.platform.launcher.core.DefaultLauncher.execute(DefaultLauncher.java:86)
	at org.junit.platform.launcher.core.DefaultLauncherSession$DelegatingLauncher.execute(DefaultLauncherSession.java:86)
	at org.junit.platform.launcher.core.SessionPerRequestLauncher.execute(SessionPerRequestLauncher.java:53)
	at org.apache.maven.surefire.junitplatform.JUnitPlatformProvider.execute(JUnitPlatformProvider.java:188)
	at org.apache.maven.surefire.junitplatform.JUnitPlatformProvider.invokeAllTests(JUnitPlatformProvider.java:154)
	at org.apache.maven.surefire.junitplatform.JUnitPlatformProvider.invoke(JUnitPlatformProvider.java:124)
	at org.apache.maven.surefire.booter.ForkedBooter.runSuitesInProcess(ForkedBooter.java:428)
	at org.apache.maven.surefire.booter.ForkedBooter.execute(ForkedBooter.java:162)
	at org.apache.maven.surefire.booter.ForkedBooter.run(ForkedBooter.java:562)
	at org.apache.maven.surefire.booter.ForkedBooter.main(ForkedBooter.java:548)
2023-08-31 10:29:37,001 [main] DEBUG balancer.ContainerBalancerTask (ContainerBalancerTask.java:matchSourceWithTarget(708)) - ContainerBalancer is finding suitable target for source datanode 5ef534ce-2a10-475d-8d94-d9e11c43edad
2023-08-31 10:29:37,002 [main] INFO  balancer.ContainerBalancerTask (ContainerBalancerTask.java:matchSourceWithTarget(722)) - ContainerBalancer matched source datanode 5ef534ce-2a10-475d-8d94-d9e11c43edad with target datanode a54a2387-0a6f-4c28-8e1b-2858bf7e7bc8 for container move.
2023-08-31 10:29:37,002 [main] INFO  balancer.ContainerBalancerTask (ContainerBalancerTask.java:processMoveSelection(569)) - ContainerBalancer is trying to move container #84 with size 4294967296B from source datanode 5ef534ce-2a10-475d-8d94-d9e11c43edad to target datanode a54a2387-0a6f-4c28-8e1b-2858bf7e7bc8
2023-08-31 10:29:37,002 [main] INFO  balancer.ContainerBalancerTask (ContainerBalancerTask.java:lambda$moveContainer$3(827)) - Container move for container #84 from source 5ef534ce-2a10-475d-8d94-d9e11c43edad to target a54a2387-0a6f-4c28-8e1b-2858bf7e7bc8 failed with exceptions.
java.lang.RuntimeException: Runtime Exception
	at org.apache.hadoop.hdds.scm.container.balancer.TestContainerBalancerTask.checkIterationResultException(TestContainerBalancerTask.java:1002)
	at sun.reflect.NativeMethodAccessorImpl.invoke0(Native Method)
	at sun.reflect.NativeMethodAccessorImpl.invoke(NativeMethodAccessorImpl.java:62)
	at sun.reflect.DelegatingMethodAccessorImpl.invoke(DelegatingMethodAccessorImpl.java:43)
	at java.lang.reflect.Method.invoke(Method.java:498)
	at org.junit.platform.commons.util.ReflectionUtils.invokeMethod(ReflectionUtils.java:725)
	at org.junit.jupiter.engine.execution.MethodInvocation.proceed(MethodInvocation.java:60)
	at org.junit.jupiter.engine.execution.InvocationInterceptorChain$ValidatingInvocation.proceed(InvocationInterceptorChain.java:131)
	at org.junit.jupiter.engine.extension.TimeoutExtension.intercept(TimeoutExtension.java:149)
	at org.junit.jupiter.engine.extension.TimeoutExtension.interceptTestableMethod(TimeoutExtension.java:140)
	at org.junit.jupiter.engine.extension.TimeoutExtension.interceptTestMethod(TimeoutExtension.java:84)
	at org.junit.jupiter.engine.execution.ExecutableInvoker$ReflectiveInterceptorCall.lambda$ofVoidMethod$0(ExecutableInvoker.java:115)
	at org.junit.jupiter.engine.execution.ExecutableInvoker.lambda$invoke$0(ExecutableInvoker.java:105)
	at org.junit.jupiter.engine.execution.InvocationInterceptorChain$InterceptedInvocation.proceed(InvocationInterceptorChain.java:106)
	at org.junit.jupiter.engine.execution.InvocationInterceptorChain.proceed(InvocationInterceptorChain.java:64)
	at org.junit.jupiter.engine.execution.InvocationInterceptorChain.chainAndInvoke(InvocationInterceptorChain.java:45)
	at org.junit.jupiter.engine.execution.InvocationInterceptorChain.invoke(InvocationInterceptorChain.java:37)
	at org.junit.jupiter.engine.execution.ExecutableInvoker.invoke(ExecutableInvoker.java:104)
	at org.junit.jupiter.engine.execution.ExecutableInvoker.invoke(ExecutableInvoker.java:98)
	at org.junit.jupiter.engine.descriptor.TestMethodTestDescriptor.lambda$invokeTestMethod$7(TestMethodTestDescriptor.java:214)
	at org.junit.platform.engine.support.hierarchical.ThrowableCollector.execute(ThrowableCollector.java:73)
	at org.junit.jupiter.engine.descriptor.TestMethodTestDescriptor.invokeTestMethod(TestMethodTestDescriptor.java:210)
	at org.junit.jupiter.engine.descriptor.TestMethodTestDescriptor.execute(TestMethodTestDescriptor.java:135)
	at org.junit.jupiter.engine.descriptor.TestMethodTestDescriptor.execute(TestMethodTestDescriptor.java:66)
	at org.junit.platform.engine.support.hierarchical.NodeTestTask.lambda$executeRecursively$6(NodeTestTask.java:151)
	at org.junit.platform.engine.support.hierarchical.ThrowableCollector.execute(ThrowableCollector.java:73)
	at org.junit.platform.engine.support.hierarchical.NodeTestTask.lambda$executeRecursively$8(NodeTestTask.java:141)
	at org.junit.platform.engine.support.hierarchical.Node.around(Node.java:137)
	at org.junit.platform.engine.support.hierarchical.NodeTestTask.lambda$executeRecursively$9(NodeTestTask.java:139)
	at org.junit.platform.engine.support.hierarchical.ThrowableCollector.execute(ThrowableCollector.java:73)
	at org.junit.platform.engine.support.hierarchical.NodeTestTask.executeRecursively(NodeTestTask.java:138)
	at org.junit.platform.engine.support.hierarchical.NodeTestTask.execute(NodeTestTask.java:95)
	at java.util.ArrayList.forEach(ArrayList.java:1259)
	at org.junit.platform.engine.support.hierarchical.SameThreadHierarchicalTestExecutorService.invokeAll(SameThreadHierarchicalTestExecutorService.java:41)
	at org.junit.platform.engine.support.hierarchical.NodeTestTask.lambda$executeRecursively$6(NodeTestTask.java:155)
	at org.junit.platform.engine.support.hierarchical.ThrowableCollector.execute(ThrowableCollector.java:73)
	at org.junit.platform.engine.support.hierarchical.NodeTestTask.lambda$executeRecursively$8(NodeTestTask.java:141)
	at org.junit.platform.engine.support.hierarchical.Node.around(Node.java:137)
	at org.junit.platform.engine.support.hierarchical.NodeTestTask.lambda$executeRecursively$9(NodeTestTask.java:139)
	at org.junit.platform.engine.support.hierarchical.ThrowableCollector.execute(ThrowableCollector.java:73)
	at org.junit.platform.engine.support.hierarchical.NodeTestTask.executeRecursively(NodeTestTask.java:138)
	at org.junit.platform.engine.support.hierarchical.NodeTestTask.execute(NodeTestTask.java:95)
	at java.util.ArrayList.forEach(ArrayList.java:1259)
	at org.junit.platform.engine.support.hierarchical.SameThreadHierarchicalTestExecutorService.invokeAll(SameThreadHierarchicalTestExecutorService.java:41)
	at org.junit.platform.engine.support.hierarchical.NodeTestTask.lambda$executeRecursively$6(NodeTestTask.java:155)
	at org.junit.platform.engine.support.hierarchical.ThrowableCollector.execute(ThrowableCollector.java:73)
	at org.junit.platform.engine.support.hierarchical.NodeTestTask.lambda$executeRecursively$8(NodeTestTask.java:141)
	at org.junit.platform.engine.support.hierarchical.Node.around(Node.java:137)
	at org.junit.platform.engine.support.hierarchical.NodeTestTask.lambda$executeRecursively$9(NodeTestTask.java:139)
	at org.junit.platform.engine.support.hierarchical.ThrowableCollector.execute(ThrowableCollector.java:73)
	at org.junit.platform.engine.support.hierarchical.NodeTestTask.executeRecursively(NodeTestTask.java:138)
	at org.junit.platform.engine.support.hierarchical.NodeTestTask.execute(NodeTestTask.java:95)
	at org.junit.platform.engine.support.hierarchical.SameThreadHierarchicalTestExecutorService.submit(SameThreadHierarchicalTestExecutorService.java:35)
	at org.junit.platform.engine.support.hierarchical.HierarchicalTestExecutor.execute(HierarchicalTestExecutor.java:57)
	at org.junit.platform.engine.support.hierarchical.HierarchicalTestEngine.execute(HierarchicalTestEngine.java:54)
	at org.junit.platform.launcher.core.EngineExecutionOrchestrator.execute(EngineExecutionOrchestrator.java:107)
	at org.junit.platform.launcher.core.EngineExecutionOrchestrator.execute(EngineExecutionOrchestrator.java:88)
	at org.junit.platform.launcher.core.EngineExecutionOrchestrator.lambda$execute$0(EngineExecutionOrchestrator.java:54)
	at org.junit.platform.launcher.core.EngineExecutionOrchestrator.withInterceptedStreams(EngineExecutionOrchestrator.java:67)
	at org.junit.platform.launcher.core.EngineExecutionOrchestrator.execute(EngineExecutionOrchestrator.java:52)
	at org.junit.platform.launcher.core.DefaultLauncher.execute(DefaultLauncher.java:114)
	at org.junit.platform.launcher.core.DefaultLauncher.execute(DefaultLauncher.java:86)
	at org.junit.platform.launcher.core.DefaultLauncherSession$DelegatingLauncher.execute(DefaultLauncherSession.java:86)
	at org.junit.platform.launcher.core.SessionPerRequestLauncher.execute(SessionPerRequestLauncher.java:53)
	at org.apache.maven.surefire.junitplatform.JUnitPlatformProvider.execute(JUnitPlatformProvider.java:188)
	at org.apache.maven.surefire.junitplatform.JUnitPlatformProvider.invokeAllTests(JUnitPlatformProvider.java:154)
	at org.apache.maven.surefire.junitplatform.JUnitPlatformProvider.invoke(JUnitPlatformProvider.java:124)
	at org.apache.maven.surefire.booter.ForkedBooter.runSuitesInProcess(ForkedBooter.java:428)
	at org.apache.maven.surefire.booter.ForkedBooter.execute(ForkedBooter.java:162)
	at org.apache.maven.surefire.booter.ForkedBooter.run(ForkedBooter.java:562)
	at org.apache.maven.surefire.booter.ForkedBooter.main(ForkedBooter.java:548)
2023-08-31 10:29:37,003 [main] INFO  balancer.FindSourceGreedy (FindSourceGreedy.java:getNextCandidateSourceDataNode(126)) - no more candidate source data node
2023-08-31 10:29:37,003 [main] INFO  balancer.ContainerBalancerTask (ContainerBalancerTask.java:checkIterationMoveResults(642)) - Iteration Summary. Number of Datanodes involved: 0. Size moved: 0 B (0 Bytes). Number of Container moves completed: 0.
2023-08-31 10:29:37,004 [main] INFO  balancer.ContainerBalancerTask (ContainerBalancerTask.java:balance(259)) - Result of this iteration of Container Balancer: ITERATION_COMPLETED
2023-08-31 10:29:37,004 [main] INFO  balancer.ContainerBalancerTask (ContainerBalancerTask.java:tryStopWithSaveConfiguration(308)) - Save Configuration for stopping. Reason: Completed all iterations.
2023-08-31 10:29:37,005 [main] DEBUG balancer.ContainerBalancerTask (ContainerBalancerTask.java:initializeIteration(374)) - Average utilization of the cluster is 0.3167189158679292
2023-08-31 10:29:37,006 [main] DEBUG balancer.ContainerBalancerTask (ContainerBalancerTask.java:initializeIteration(386)) - Lower limit for utilization is 0.2167189158679292 and Upper limit for utilization is 0.4167189158679292
2023-08-31 10:29:37,006 [main] DEBUG balancer.ContainerBalancerTask (ContainerBalancerTask.java:initializeIteration(398)) - Utilization for node cfb0cf88-cf1f-4124-8cf1-b9dc3acea1ae with capacity 56073184142B, used 50465865728B, and remaining 5607318414B is 0.9000000000035667
2023-08-31 10:29:37,006 [main] DEBUG balancer.ContainerBalancerTask (ContainerBalancerTask.java:initializeIteration(398)) - Utilization for node 2dbc005a-930e-4790-a824-895faeea65f2 with capacity 60397977600B, used 48318382080B, and remaining 12079595520B is 0.8
2023-08-31 10:29:37,006 [main] DEBUG balancer.ContainerBalancerTask (ContainerBalancerTask.java:initializeIteration(398)) - Utilization for node 181e1986-68fd-4b88-b8b7-a27d6984fb8d with capacity 52153174308B, used 36507222016B, and remaining 15645952292B is 0.7000000000076697
2023-08-31 10:29:37,006 [main] DEBUG balancer.ContainerBalancerTask (ContainerBalancerTask.java:initializeIteration(398)) - Utilization for node a9f37e36-6402-4c74-881b-60368d0c4a23 with capacity 60845370026B, used 36507222016B, and remaining 24338148010B is 0.600000000006574
2023-08-31 10:29:37,006 [main] DEBUG balancer.ContainerBalancerTask (ContainerBalancerTask.java:initializeIteration(398)) - Utilization for node 5ef534ce-2a10-475d-8d94-d9e11c43edad with capacity 94489280512B, used 47244640256B, and remaining 47244640256B is 0.5
2023-08-31 10:29:37,006 [main] DEBUG balancer.ContainerBalancerTask (ContainerBalancerTask.java:initializeIteration(398)) - Utilization for node f483cd38-ea50-4ca7-92e4-04ad2fdfa60b with capacity 144955146240B, used 57982058496B, and remaining 86973087744B is 0.4
2023-08-31 10:29:37,007 [main] DEBUG balancer.ContainerBalancerTask (ContainerBalancerTask.java:initializeIteration(398)) - Utilization for node b1bddb26-6821-4ff2-917d-7dab5d3d9f95 with capacity 85899345920B, used 25769803776B, and remaining 60129542144B is 0.3
2023-08-31 10:29:37,007 [main] DEBUG balancer.ContainerBalancerTask (ContainerBalancerTask.java:initializeIteration(398)) - Utilization for node 3325d4df-3b73-45a6-9f4f-a0b223026e1b with capacity 155692564480B, used 31138512896B, and remaining 124554051584B is 0.2
2023-08-31 10:29:37,007 [main] DEBUG balancer.ContainerBalancerTask (ContainerBalancerTask.java:initializeIteration(398)) - Utilization for node d9106ab2-1552-453b-926b-107a3672f157 with capacity 461708984320B, used 46170898432B, and remaining 415538085888B is 0.1
2023-08-31 10:29:37,007 [main] DEBUG balancer.ContainerBalancerTask (ContainerBalancerTask.java:initializeIteration(398)) - Utilization for node a54a2387-0a6f-4c28-8e1b-2858bf7e7bc8 with capacity 27917287424B, used 0B, and remaining 27917287424B is 0.0
2023-08-31 10:29:37,007 [main] INFO  balancer.ContainerBalancerTask (ContainerBalancerTask.java:initializeIteration(447)) - Container Balancer has identified 5 Over-Utilized and 3 Under-Utilized Datanodes that need to be balanced.
2023-08-31 10:29:37,007 [main] DEBUG balancer.ContainerBalancerTask (ContainerBalancerTask.java:lambda$initializeIteration$1(453)) - Datanode localhost-97.228.12.32 cfb0cf88-cf1f-4124-8cf1-b9dc3acea1ae is Over-Utilized.
2023-08-31 10:29:37,007 [main] DEBUG balancer.ContainerBalancerTask (ContainerBalancerTask.java:lambda$initializeIteration$1(453)) - Datanode localhost-155.159.207.112 2dbc005a-930e-4790-a824-895faeea65f2 is Over-Utilized.
2023-08-31 10:29:37,007 [main] DEBUG balancer.ContainerBalancerTask (ContainerBalancerTask.java:lambda$initializeIteration$1(453)) - Datanode localhost-7.32.79.240 181e1986-68fd-4b88-b8b7-a27d6984fb8d is Over-Utilized.
2023-08-31 10:29:37,007 [main] DEBUG balancer.ContainerBalancerTask (ContainerBalancerTask.java:lambda$initializeIteration$1(453)) - Datanode localhost-185.23.181.247 a9f37e36-6402-4c74-881b-60368d0c4a23 is Over-Utilized.
2023-08-31 10:29:37,008 [main] DEBUG balancer.ContainerBalancerTask (ContainerBalancerTask.java:lambda$initializeIteration$1(453)) - Datanode localhost-167.88.20.164 5ef534ce-2a10-475d-8d94-d9e11c43edad is Over-Utilized.
2023-08-31 10:29:37,008 [main] DEBUG balancer.ContainerBalancerTask (ContainerBalancerTask.java:lambda$initializeIteration$2(459)) - Datanode localhost-47.189.115.137 a54a2387-0a6f-4c28-8e1b-2858bf7e7bc8 is Under-Utilized.
2023-08-31 10:29:37,008 [main] DEBUG balancer.ContainerBalancerTask (ContainerBalancerTask.java:lambda$initializeIteration$2(459)) - Datanode localhost-255.209.83.110 d9106ab2-1552-453b-926b-107a3672f157 is Under-Utilized.
2023-08-31 10:29:37,008 [main] DEBUG balancer.ContainerBalancerTask (ContainerBalancerTask.java:lambda$initializeIteration$2(459)) - Datanode localhost-251.115.229.88 3325d4df-3b73-45a6-9f4f-a0b223026e1b is Under-Utilized.
2023-08-31 10:29:37,011 [main] DEBUG balancer.ContainerBalancerTask (ContainerBalancerTask.java:matchSourceWithTarget(708)) - ContainerBalancer is finding suitable target for source datanode cfb0cf88-cf1f-4124-8cf1-b9dc3acea1ae
2023-08-31 10:29:37,011 [main] INFO  balancer.ContainerBalancerTask (ContainerBalancerTask.java:matchSourceWithTarget(722)) - ContainerBalancer matched source datanode cfb0cf88-cf1f-4124-8cf1-b9dc3acea1ae with target datanode a54a2387-0a6f-4c28-8e1b-2858bf7e7bc8 for container move.
2023-08-31 10:29:37,011 [main] INFO  balancer.ContainerBalancerTask (ContainerBalancerTask.java:processMoveSelection(569)) - ContainerBalancer is trying to move container #85 with size 5368709120B from source datanode cfb0cf88-cf1f-4124-8cf1-b9dc3acea1ae to target datanode a54a2387-0a6f-4c28-8e1b-2858bf7e7bc8
2023-08-31 10:29:37,015 [main] DEBUG balancer.ContainerBalancerTask (ContainerBalancerTask.java:matchSourceWithTarget(708)) - ContainerBalancer is finding suitable target for source datanode cfb0cf88-cf1f-4124-8cf1-b9dc3acea1ae
2023-08-31 10:29:37,016 [main] INFO  balancer.ContainerBalancerTask (ContainerBalancerTask.java:matchSourceWithTarget(722)) - ContainerBalancer matched source datanode cfb0cf88-cf1f-4124-8cf1-b9dc3acea1ae with target datanode d9106ab2-1552-453b-926b-107a3672f157 for container move.
2023-08-31 10:29:37,016 [main] INFO  balancer.ContainerBalancerTask (ContainerBalancerTask.java:processMoveSelection(569)) - ContainerBalancer is trying to move container #53 with size 5368709120B from source datanode cfb0cf88-cf1f-4124-8cf1-b9dc3acea1ae to target datanode d9106ab2-1552-453b-926b-107a3672f157
2023-08-31 10:29:37,017 [main] WARN  balancer.ContainerBalancerTask (ContainerBalancerTask.java:moveContainer(851)) - Could not find Container #53 for container move
org.apache.hadoop.hdds.scm.container.ContainerNotFoundException: Test Container not found
	at org.apache.hadoop.hdds.scm.container.balancer.MoveManager.move(MoveManager.java:212)
	at org.apache.hadoop.hdds.scm.container.balancer.ContainerBalancerTask.moveContainer(ContainerBalancerTask.java:819)
	at org.apache.hadoop.hdds.scm.container.balancer.ContainerBalancerTask.processMoveSelection(ContainerBalancerTask.java:576)
	at org.apache.hadoop.hdds.scm.container.balancer.ContainerBalancerTask.doIteration(ContainerBalancerTask.java:534)
	at org.apache.hadoop.hdds.scm.container.balancer.ContainerBalancerTask.balance(ContainerBalancerTask.java:257)
	at org.apache.hadoop.hdds.scm.container.balancer.ContainerBalancerTask.run(ContainerBalancerTask.java:179)
	at org.apache.hadoop.hdds.scm.container.balancer.TestContainerBalancerTask.startBalancer(TestContainerBalancerTask.java:1321)
	at org.apache.hadoop.hdds.scm.container.balancer.TestContainerBalancerTask.checkIterationResultException(TestContainerBalancerTask.java:1051)
	at sun.reflect.NativeMethodAccessorImpl.invoke0(Native Method)
	at sun.reflect.NativeMethodAccessorImpl.invoke(NativeMethodAccessorImpl.java:62)
	at sun.reflect.DelegatingMethodAccessorImpl.invoke(DelegatingMethodAccessorImpl.java:43)
	at java.lang.reflect.Method.invoke(Method.java:498)
	at org.junit.platform.commons.util.ReflectionUtils.invokeMethod(ReflectionUtils.java:725)
	at org.junit.jupiter.engine.execution.MethodInvocation.proceed(MethodInvocation.java:60)
	at org.junit.jupiter.engine.execution.InvocationInterceptorChain$ValidatingInvocation.proceed(InvocationInterceptorChain.java:131)
	at org.junit.jupiter.engine.extension.TimeoutExtension.intercept(TimeoutExtension.java:149)
	at org.junit.jupiter.engine.extension.TimeoutExtension.interceptTestableMethod(TimeoutExtension.java:140)
	at org.junit.jupiter.engine.extension.TimeoutExtension.interceptTestMethod(TimeoutExtension.java:84)
	at org.junit.jupiter.engine.execution.ExecutableInvoker$ReflectiveInterceptorCall.lambda$ofVoidMethod$0(ExecutableInvoker.java:115)
	at org.junit.jupiter.engine.execution.ExecutableInvoker.lambda$invoke$0(ExecutableInvoker.java:105)
	at org.junit.jupiter.engine.execution.InvocationInterceptorChain$InterceptedInvocation.proceed(InvocationInterceptorChain.java:106)
	at org.junit.jupiter.engine.execution.InvocationInterceptorChain.proceed(InvocationInterceptorChain.java:64)
	at org.junit.jupiter.engine.execution.InvocationInterceptorChain.chainAndInvoke(InvocationInterceptorChain.java:45)
	at org.junit.jupiter.engine.execution.InvocationInterceptorChain.invoke(InvocationInterceptorChain.java:37)
	at org.junit.jupiter.engine.execution.ExecutableInvoker.invoke(ExecutableInvoker.java:104)
	at org.junit.jupiter.engine.execution.ExecutableInvoker.invoke(ExecutableInvoker.java:98)
	at org.junit.jupiter.engine.descriptor.TestMethodTestDescriptor.lambda$invokeTestMethod$7(TestMethodTestDescriptor.java:214)
	at org.junit.platform.engine.support.hierarchical.ThrowableCollector.execute(ThrowableCollector.java:73)
	at org.junit.jupiter.engine.descriptor.TestMethodTestDescriptor.invokeTestMethod(TestMethodTestDescriptor.java:210)
	at org.junit.jupiter.engine.descriptor.TestMethodTestDescriptor.execute(TestMethodTestDescriptor.java:135)
	at org.junit.jupiter.engine.descriptor.TestMethodTestDescriptor.execute(TestMethodTestDescriptor.java:66)
	at org.junit.platform.engine.support.hierarchical.NodeTestTask.lambda$executeRecursively$6(NodeTestTask.java:151)
	at org.junit.platform.engine.support.hierarchical.ThrowableCollector.execute(ThrowableCollector.java:73)
	at org.junit.platform.engine.support.hierarchical.NodeTestTask.lambda$executeRecursively$8(NodeTestTask.java:141)
	at org.junit.platform.engine.support.hierarchical.Node.around(Node.java:137)
	at org.junit.platform.engine.support.hierarchical.NodeTestTask.lambda$executeRecursively$9(NodeTestTask.java:139)
	at org.junit.platform.engine.support.hierarchical.ThrowableCollector.execute(ThrowableCollector.java:73)
	at org.junit.platform.engine.support.hierarchical.NodeTestTask.executeRecursively(NodeTestTask.java:138)
	at org.junit.platform.engine.support.hierarchical.NodeTestTask.execute(NodeTestTask.java:95)
	at java.util.ArrayList.forEach(ArrayList.java:1259)
	at org.junit.platform.engine.support.hierarchical.SameThreadHierarchicalTestExecutorService.invokeAll(SameThreadHierarchicalTestExecutorService.java:41)
	at org.junit.platform.engine.support.hierarchical.NodeTestTask.lambda$executeRecursively$6(NodeTestTask.java:155)
	at org.junit.platform.engine.support.hierarchical.ThrowableCollector.execute(ThrowableCollector.java:73)
	at org.junit.platform.engine.support.hierarchical.NodeTestTask.lambda$executeRecursively$8(NodeTestTask.java:141)
	at org.junit.platform.engine.support.hierarchical.Node.around(Node.java:137)
	at org.junit.platform.engine.support.hierarchical.NodeTestTask.lambda$executeRecursively$9(NodeTestTask.java:139)
	at org.junit.platform.engine.support.hierarchical.ThrowableCollector.execute(ThrowableCollector.java:73)
	at org.junit.platform.engine.support.hierarchical.NodeTestTask.executeRecursively(NodeTestTask.java:138)
	at org.junit.platform.engine.support.hierarchical.NodeTestTask.execute(NodeTestTask.java:95)
	at java.util.ArrayList.forEach(ArrayList.java:1259)
	at org.junit.platform.engine.support.hierarchical.SameThreadHierarchicalTestExecutorService.invokeAll(SameThreadHierarchicalTestExecutorService.java:41)
	at org.junit.platform.engine.support.hierarchical.NodeTestTask.lambda$executeRecursively$6(NodeTestTask.java:155)
	at org.junit.platform.engine.support.hierarchical.ThrowableCollector.execute(ThrowableCollector.java:73)
	at org.junit.platform.engine.support.hierarchical.NodeTestTask.lambda$executeRecursively$8(NodeTestTask.java:141)
	at org.junit.platform.engine.support.hierarchical.Node.around(Node.java:137)
	at org.junit.platform.engine.support.hierarchical.NodeTestTask.lambda$executeRecursively$9(NodeTestTask.java:139)
	at org.junit.platform.engine.support.hierarchical.ThrowableCollector.execute(ThrowableCollector.java:73)
	at org.junit.platform.engine.support.hierarchical.NodeTestTask.executeRecursively(NodeTestTask.java:138)
	at org.junit.platform.engine.support.hierarchical.NodeTestTask.execute(NodeTestTask.java:95)
	at org.junit.platform.engine.support.hierarchical.SameThreadHierarchicalTestExecutorService.submit(SameThreadHierarchicalTestExecutorService.java:35)
	at org.junit.platform.engine.support.hierarchical.HierarchicalTestExecutor.execute(HierarchicalTestExecutor.java:57)
	at org.junit.platform.engine.support.hierarchical.HierarchicalTestEngine.execute(HierarchicalTestEngine.java:54)
	at org.junit.platform.launcher.core.EngineExecutionOrchestrator.execute(EngineExecutionOrchestrator.java:107)
	at org.junit.platform.launcher.core.EngineExecutionOrchestrator.execute(EngineExecutionOrchestrator.java:88)
	at org.junit.platform.launcher.core.EngineExecutionOrchestrator.lambda$execute$0(EngineExecutionOrchestrator.java:54)
	at org.junit.platform.launcher.core.EngineExecutionOrchestrator.withInterceptedStreams(EngineExecutionOrchestrator.java:67)
	at org.junit.platform.launcher.core.EngineExecutionOrchestrator.execute(EngineExecutionOrchestrator.java:52)
	at org.junit.platform.launcher.core.DefaultLauncher.execute(DefaultLauncher.java:114)
	at org.junit.platform.launcher.core.DefaultLauncher.execute(DefaultLauncher.java:86)
	at org.junit.platform.launcher.core.DefaultLauncherSession$DelegatingLauncher.execute(DefaultLauncherSession.java:86)
	at org.junit.platform.launcher.core.SessionPerRequestLauncher.execute(SessionPerRequestLauncher.java:53)
	at org.apache.maven.surefire.junitplatform.JUnitPlatformProvider.execute(JUnitPlatformProvider.java:188)
	at org.apache.maven.surefire.junitplatform.JUnitPlatformProvider.invokeAllTests(JUnitPlatformProvider.java:154)
	at org.apache.maven.surefire.junitplatform.JUnitPlatformProvider.invoke(JUnitPlatformProvider.java:124)
	at org.apache.maven.surefire.booter.ForkedBooter.runSuitesInProcess(ForkedBooter.java:428)
	at org.apache.maven.surefire.booter.ForkedBooter.execute(ForkedBooter.java:162)
	at org.apache.maven.surefire.booter.ForkedBooter.run(ForkedBooter.java:562)
	at org.apache.maven.surefire.booter.ForkedBooter.main(ForkedBooter.java:548)
2023-08-31 10:29:37,020 [Thread-23] INFO  balancer.ContainerBalancerTask (ContainerBalancerTask.java:lambda$moveContainer$3(827)) - Container move for container #85 from source cfb0cf88-cf1f-4124-8cf1-b9dc3acea1ae to target a54a2387-0a6f-4c28-8e1b-2858bf7e7bc8 failed with exceptions.
java.util.concurrent.CompletionException: java.lang.RuntimeException: Runtime Exception after doing work
	at java.util.concurrent.CompletableFuture.encodeThrowable(CompletableFuture.java:273)
	at java.util.concurrent.CompletableFuture.completeThrowable(CompletableFuture.java:280)
	at java.util.concurrent.CompletableFuture$AsyncSupply.run(CompletableFuture.java:1606)
	at java.lang.Thread.run(Thread.java:750)
Caused by: java.lang.RuntimeException: Runtime Exception after doing work
	at org.apache.hadoop.hdds.scm.container.balancer.TestContainerBalancerTask.lambda$checkIterationResultException$11(TestContainerBalancerTask.java:1045)
	at java.util.concurrent.CompletableFuture$AsyncSupply.run(CompletableFuture.java:1604)
	... 1 more
2023-08-31 10:29:37,022 [main] DEBUG balancer.ContainerBalancerTask (ContainerBalancerTask.java:matchSourceWithTarget(708)) - ContainerBalancer is finding suitable target for source datanode 2dbc005a-930e-4790-a824-895faeea65f2
2023-08-31 10:29:37,022 [main] INFO  balancer.ContainerBalancerTask (ContainerBalancerTask.java:matchSourceWithTarget(722)) - ContainerBalancer matched source datanode 2dbc005a-930e-4790-a824-895faeea65f2 with target datanode d9106ab2-1552-453b-926b-107a3672f157 for container move.
2023-08-31 10:29:37,023 [main] INFO  balancer.ContainerBalancerTask (ContainerBalancerTask.java:processMoveSelection(569)) - ContainerBalancer is trying to move container #52 with size 4294967296B from source datanode 2dbc005a-930e-4790-a824-895faeea65f2 to target datanode d9106ab2-1552-453b-926b-107a3672f157
2023-08-31 10:29:37,023 [main] INFO  balancer.ContainerBalancerTask (ContainerBalancerTask.java:lambda$moveContainer$3(827)) - Container move for container #52 from source 2dbc005a-930e-4790-a824-895faeea65f2 to target d9106ab2-1552-453b-926b-107a3672f157 failed with exceptions.
java.lang.RuntimeException: Runtime Exception
	at org.apache.hadoop.hdds.scm.container.balancer.TestContainerBalancerTask.checkIterationResultException(TestContainerBalancerTask.java:1002)
	at sun.reflect.NativeMethodAccessorImpl.invoke0(Native Method)
	at sun.reflect.NativeMethodAccessorImpl.invoke(NativeMethodAccessorImpl.java:62)
	at sun.reflect.DelegatingMethodAccessorImpl.invoke(DelegatingMethodAccessorImpl.java:43)
	at java.lang.reflect.Method.invoke(Method.java:498)
	at org.junit.platform.commons.util.ReflectionUtils.invokeMethod(ReflectionUtils.java:725)
	at org.junit.jupiter.engine.execution.MethodInvocation.proceed(MethodInvocation.java:60)
	at org.junit.jupiter.engine.execution.InvocationInterceptorChain$ValidatingInvocation.proceed(InvocationInterceptorChain.java:131)
	at org.junit.jupiter.engine.extension.TimeoutExtension.intercept(TimeoutExtension.java:149)
	at org.junit.jupiter.engine.extension.TimeoutExtension.interceptTestableMethod(TimeoutExtension.java:140)
	at org.junit.jupiter.engine.extension.TimeoutExtension.interceptTestMethod(TimeoutExtension.java:84)
	at org.junit.jupiter.engine.execution.ExecutableInvoker$ReflectiveInterceptorCall.lambda$ofVoidMethod$0(ExecutableInvoker.java:115)
	at org.junit.jupiter.engine.execution.ExecutableInvoker.lambda$invoke$0(ExecutableInvoker.java:105)
	at org.junit.jupiter.engine.execution.InvocationInterceptorChain$InterceptedInvocation.proceed(InvocationInterceptorChain.java:106)
	at org.junit.jupiter.engine.execution.InvocationInterceptorChain.proceed(InvocationInterceptorChain.java:64)
	at org.junit.jupiter.engine.execution.InvocationInterceptorChain.chainAndInvoke(InvocationInterceptorChain.java:45)
	at org.junit.jupiter.engine.execution.InvocationInterceptorChain.invoke(InvocationInterceptorChain.java:37)
	at org.junit.jupiter.engine.execution.ExecutableInvoker.invoke(ExecutableInvoker.java:104)
	at org.junit.jupiter.engine.execution.ExecutableInvoker.invoke(ExecutableInvoker.java:98)
	at org.junit.jupiter.engine.descriptor.TestMethodTestDescriptor.lambda$invokeTestMethod$7(TestMethodTestDescriptor.java:214)
	at org.junit.platform.engine.support.hierarchical.ThrowableCollector.execute(ThrowableCollector.java:73)
	at org.junit.jupiter.engine.descriptor.TestMethodTestDescriptor.invokeTestMethod(TestMethodTestDescriptor.java:210)
	at org.junit.jupiter.engine.descriptor.TestMethodTestDescriptor.execute(TestMethodTestDescriptor.java:135)
	at org.junit.jupiter.engine.descriptor.TestMethodTestDescriptor.execute(TestMethodTestDescriptor.java:66)
	at org.junit.platform.engine.support.hierarchical.NodeTestTask.lambda$executeRecursively$6(NodeTestTask.java:151)
	at org.junit.platform.engine.support.hierarchical.ThrowableCollector.execute(ThrowableCollector.java:73)
	at org.junit.platform.engine.support.hierarchical.NodeTestTask.lambda$executeRecursively$8(NodeTestTask.java:141)
	at org.junit.platform.engine.support.hierarchical.Node.around(Node.java:137)
	at org.junit.platform.engine.support.hierarchical.NodeTestTask.lambda$executeRecursively$9(NodeTestTask.java:139)
	at org.junit.platform.engine.support.hierarchical.ThrowableCollector.execute(ThrowableCollector.java:73)
	at org.junit.platform.engine.support.hierarchical.NodeTestTask.executeRecursively(NodeTestTask.java:138)
	at org.junit.platform.engine.support.hierarchical.NodeTestTask.execute(NodeTestTask.java:95)
	at java.util.ArrayList.forEach(ArrayList.java:1259)
	at org.junit.platform.engine.support.hierarchical.SameThreadHierarchicalTestExecutorService.invokeAll(SameThreadHierarchicalTestExecutorService.java:41)
	at org.junit.platform.engine.support.hierarchical.NodeTestTask.lambda$executeRecursively$6(NodeTestTask.java:155)
	at org.junit.platform.engine.support.hierarchical.ThrowableCollector.execute(ThrowableCollector.java:73)
	at org.junit.platform.engine.support.hierarchical.NodeTestTask.lambda$executeRecursively$8(NodeTestTask.java:141)
	at org.junit.platform.engine.support.hierarchical.Node.around(Node.java:137)
	at org.junit.platform.engine.support.hierarchical.NodeTestTask.lambda$executeRecursively$9(NodeTestTask.java:139)
	at org.junit.platform.engine.support.hierarchical.ThrowableCollector.execute(ThrowableCollector.java:73)
	at org.junit.platform.engine.support.hierarchical.NodeTestTask.executeRecursively(NodeTestTask.java:138)
	at org.junit.platform.engine.support.hierarchical.NodeTestTask.execute(NodeTestTask.java:95)
	at java.util.ArrayList.forEach(ArrayList.java:1259)
	at org.junit.platform.engine.support.hierarchical.SameThreadHierarchicalTestExecutorService.invokeAll(SameThreadHierarchicalTestExecutorService.java:41)
	at org.junit.platform.engine.support.hierarchical.NodeTestTask.lambda$executeRecursively$6(NodeTestTask.java:155)
	at org.junit.platform.engine.support.hierarchical.ThrowableCollector.execute(ThrowableCollector.java:73)
	at org.junit.platform.engine.support.hierarchical.NodeTestTask.lambda$executeRecursively$8(NodeTestTask.java:141)
	at org.junit.platform.engine.support.hierarchical.Node.around(Node.java:137)
	at org.junit.platform.engine.support.hierarchical.NodeTestTask.lambda$executeRecursively$9(NodeTestTask.java:139)
	at org.junit.platform.engine.support.hierarchical.ThrowableCollector.execute(ThrowableCollector.java:73)
	at org.junit.platform.engine.support.hierarchical.NodeTestTask.executeRecursively(NodeTestTask.java:138)
	at org.junit.platform.engine.support.hierarchical.NodeTestTask.execute(NodeTestTask.java:95)
	at org.junit.platform.engine.support.hierarchical.SameThreadHierarchicalTestExecutorService.submit(SameThreadHierarchicalTestExecutorService.java:35)
	at org.junit.platform.engine.support.hierarchical.HierarchicalTestExecutor.execute(HierarchicalTestExecutor.java:57)
	at org.junit.platform.engine.support.hierarchical.HierarchicalTestEngine.execute(HierarchicalTestEngine.java:54)
	at org.junit.platform.launcher.core.EngineExecutionOrchestrator.execute(EngineExecutionOrchestrator.java:107)
	at org.junit.platform.launcher.core.EngineExecutionOrchestrator.execute(EngineExecutionOrchestrator.java:88)
	at org.junit.platform.launcher.core.EngineExecutionOrchestrator.lambda$execute$0(EngineExecutionOrchestrator.java:54)
	at org.junit.platform.launcher.core.EngineExecutionOrchestrator.withInterceptedStreams(EngineExecutionOrchestrator.java:67)
	at org.junit.platform.launcher.core.EngineExecutionOrchestrator.execute(EngineExecutionOrchestrator.java:52)
	at org.junit.platform.launcher.core.DefaultLauncher.execute(DefaultLauncher.java:114)
	at org.junit.platform.launcher.core.DefaultLauncher.execute(DefaultLauncher.java:86)
	at org.junit.platform.launcher.core.DefaultLauncherSession$DelegatingLauncher.execute(DefaultLauncherSession.java:86)
	at org.junit.platform.launcher.core.SessionPerRequestLauncher.execute(SessionPerRequestLauncher.java:53)
	at org.apache.maven.surefire.junitplatform.JUnitPlatformProvider.execute(JUnitPlatformProvider.java:188)
	at org.apache.maven.surefire.junitplatform.JUnitPlatformProvider.invokeAllTests(JUnitPlatformProvider.java:154)
	at org.apache.maven.surefire.junitplatform.JUnitPlatformProvider.invoke(JUnitPlatformProvider.java:124)
	at org.apache.maven.surefire.booter.ForkedBooter.runSuitesInProcess(ForkedBooter.java:428)
	at org.apache.maven.surefire.booter.ForkedBooter.execute(ForkedBooter.java:162)
	at org.apache.maven.surefire.booter.ForkedBooter.run(ForkedBooter.java:562)
	at org.apache.maven.surefire.booter.ForkedBooter.main(ForkedBooter.java:548)
2023-08-31 10:29:37,026 [main] DEBUG balancer.ContainerBalancerTask (ContainerBalancerTask.java:matchSourceWithTarget(708)) - ContainerBalancer is finding suitable target for source datanode 181e1986-68fd-4b88-b8b7-a27d6984fb8d
2023-08-31 10:29:37,026 [main] INFO  balancer.ContainerBalancerTask (ContainerBalancerTask.java:matchSourceWithTarget(722)) - ContainerBalancer matched source datanode 181e1986-68fd-4b88-b8b7-a27d6984fb8d with target datanode d9106ab2-1552-453b-926b-107a3672f157 for container move.
2023-08-31 10:29:37,026 [main] INFO  balancer.ContainerBalancerTask (ContainerBalancerTask.java:processMoveSelection(569)) - ContainerBalancer is trying to move container #53 with size 5368709120B from source datanode 181e1986-68fd-4b88-b8b7-a27d6984fb8d to target datanode d9106ab2-1552-453b-926b-107a3672f157
2023-08-31 10:29:37,026 [main] INFO  balancer.ContainerBalancerTask (ContainerBalancerTask.java:lambda$moveContainer$3(827)) - Container move for container #53 from source 181e1986-68fd-4b88-b8b7-a27d6984fb8d to target d9106ab2-1552-453b-926b-107a3672f157 failed with exceptions.
java.lang.RuntimeException: Runtime Exception
	at org.apache.hadoop.hdds.scm.container.balancer.TestContainerBalancerTask.checkIterationResultException(TestContainerBalancerTask.java:1002)
	at sun.reflect.NativeMethodAccessorImpl.invoke0(Native Method)
	at sun.reflect.NativeMethodAccessorImpl.invoke(NativeMethodAccessorImpl.java:62)
	at sun.reflect.DelegatingMethodAccessorImpl.invoke(DelegatingMethodAccessorImpl.java:43)
	at java.lang.reflect.Method.invoke(Method.java:498)
	at org.junit.platform.commons.util.ReflectionUtils.invokeMethod(ReflectionUtils.java:725)
	at org.junit.jupiter.engine.execution.MethodInvocation.proceed(MethodInvocation.java:60)
	at org.junit.jupiter.engine.execution.InvocationInterceptorChain$ValidatingInvocation.proceed(InvocationInterceptorChain.java:131)
	at org.junit.jupiter.engine.extension.TimeoutExtension.intercept(TimeoutExtension.java:149)
	at org.junit.jupiter.engine.extension.TimeoutExtension.interceptTestableMethod(TimeoutExtension.java:140)
	at org.junit.jupiter.engine.extension.TimeoutExtension.interceptTestMethod(TimeoutExtension.java:84)
	at org.junit.jupiter.engine.execution.ExecutableInvoker$ReflectiveInterceptorCall.lambda$ofVoidMethod$0(ExecutableInvoker.java:115)
	at org.junit.jupiter.engine.execution.ExecutableInvoker.lambda$invoke$0(ExecutableInvoker.java:105)
	at org.junit.jupiter.engine.execution.InvocationInterceptorChain$InterceptedInvocation.proceed(InvocationInterceptorChain.java:106)
	at org.junit.jupiter.engine.execution.InvocationInterceptorChain.proceed(InvocationInterceptorChain.java:64)
	at org.junit.jupiter.engine.execution.InvocationInterceptorChain.chainAndInvoke(InvocationInterceptorChain.java:45)
	at org.junit.jupiter.engine.execution.InvocationInterceptorChain.invoke(InvocationInterceptorChain.java:37)
	at org.junit.jupiter.engine.execution.ExecutableInvoker.invoke(ExecutableInvoker.java:104)
	at org.junit.jupiter.engine.execution.ExecutableInvoker.invoke(ExecutableInvoker.java:98)
	at org.junit.jupiter.engine.descriptor.TestMethodTestDescriptor.lambda$invokeTestMethod$7(TestMethodTestDescriptor.java:214)
	at org.junit.platform.engine.support.hierarchical.ThrowableCollector.execute(ThrowableCollector.java:73)
	at org.junit.jupiter.engine.descriptor.TestMethodTestDescriptor.invokeTestMethod(TestMethodTestDescriptor.java:210)
	at org.junit.jupiter.engine.descriptor.TestMethodTestDescriptor.execute(TestMethodTestDescriptor.java:135)
	at org.junit.jupiter.engine.descriptor.TestMethodTestDescriptor.execute(TestMethodTestDescriptor.java:66)
	at org.junit.platform.engine.support.hierarchical.NodeTestTask.lambda$executeRecursively$6(NodeTestTask.java:151)
	at org.junit.platform.engine.support.hierarchical.ThrowableCollector.execute(ThrowableCollector.java:73)
	at org.junit.platform.engine.support.hierarchical.NodeTestTask.lambda$executeRecursively$8(NodeTestTask.java:141)
	at org.junit.platform.engine.support.hierarchical.Node.around(Node.java:137)
	at org.junit.platform.engine.support.hierarchical.NodeTestTask.lambda$executeRecursively$9(NodeTestTask.java:139)
	at org.junit.platform.engine.support.hierarchical.ThrowableCollector.execute(ThrowableCollector.java:73)
	at org.junit.platform.engine.support.hierarchical.NodeTestTask.executeRecursively(NodeTestTask.java:138)
	at org.junit.platform.engine.support.hierarchical.NodeTestTask.execute(NodeTestTask.java:95)
	at java.util.ArrayList.forEach(ArrayList.java:1259)
	at org.junit.platform.engine.support.hierarchical.SameThreadHierarchicalTestExecutorService.invokeAll(SameThreadHierarchicalTestExecutorService.java:41)
	at org.junit.platform.engine.support.hierarchical.NodeTestTask.lambda$executeRecursively$6(NodeTestTask.java:155)
	at org.junit.platform.engine.support.hierarchical.ThrowableCollector.execute(ThrowableCollector.java:73)
	at org.junit.platform.engine.support.hierarchical.NodeTestTask.lambda$executeRecursively$8(NodeTestTask.java:141)
	at org.junit.platform.engine.support.hierarchical.Node.around(Node.java:137)
	at org.junit.platform.engine.support.hierarchical.NodeTestTask.lambda$executeRecursively$9(NodeTestTask.java:139)
	at org.junit.platform.engine.support.hierarchical.ThrowableCollector.execute(ThrowableCollector.java:73)
	at org.junit.platform.engine.support.hierarchical.NodeTestTask.executeRecursively(NodeTestTask.java:138)
	at org.junit.platform.engine.support.hierarchical.NodeTestTask.execute(NodeTestTask.java:95)
	at java.util.ArrayList.forEach(ArrayList.java:1259)
	at org.junit.platform.engine.support.hierarchical.SameThreadHierarchicalTestExecutorService.invokeAll(SameThreadHierarchicalTestExecutorService.java:41)
	at org.junit.platform.engine.support.hierarchical.NodeTestTask.lambda$executeRecursively$6(NodeTestTask.java:155)
	at org.junit.platform.engine.support.hierarchical.ThrowableCollector.execute(ThrowableCollector.java:73)
	at org.junit.platform.engine.support.hierarchical.NodeTestTask.lambda$executeRecursively$8(NodeTestTask.java:141)
	at org.junit.platform.engine.support.hierarchical.Node.around(Node.java:137)
	at org.junit.platform.engine.support.hierarchical.NodeTestTask.lambda$executeRecursively$9(NodeTestTask.java:139)
	at org.junit.platform.engine.support.hierarchical.ThrowableCollector.execute(ThrowableCollector.java:73)
	at org.junit.platform.engine.support.hierarchical.NodeTestTask.executeRecursively(NodeTestTask.java:138)
	at org.junit.platform.engine.support.hierarchical.NodeTestTask.execute(NodeTestTask.java:95)
	at org.junit.platform.engine.support.hierarchical.SameThreadHierarchicalTestExecutorService.submit(SameThreadHierarchicalTestExecutorService.java:35)
	at org.junit.platform.engine.support.hierarchical.HierarchicalTestExecutor.execute(HierarchicalTestExecutor.java:57)
	at org.junit.platform.engine.support.hierarchical.HierarchicalTestEngine.execute(HierarchicalTestEngine.java:54)
	at org.junit.platform.launcher.core.EngineExecutionOrchestrator.execute(EngineExecutionOrchestrator.java:107)
	at org.junit.platform.launcher.core.EngineExecutionOrchestrator.execute(EngineExecutionOrchestrator.java:88)
	at org.junit.platform.launcher.core.EngineExecutionOrchestrator.lambda$execute$0(EngineExecutionOrchestrator.java:54)
	at org.junit.platform.launcher.core.EngineExecutionOrchestrator.withInterceptedStreams(EngineExecutionOrchestrator.java:67)
	at org.junit.platform.launcher.core.EngineExecutionOrchestrator.execute(EngineExecutionOrchestrator.java:52)
	at org.junit.platform.launcher.core.DefaultLauncher.execute(DefaultLauncher.java:114)
	at org.junit.platform.launcher.core.DefaultLauncher.execute(DefaultLauncher.java:86)
	at org.junit.platform.launcher.core.DefaultLauncherSession$DelegatingLauncher.execute(DefaultLauncherSession.java:86)
	at org.junit.platform.launcher.core.SessionPerRequestLauncher.execute(SessionPerRequestLauncher.java:53)
	at org.apache.maven.surefire.junitplatform.JUnitPlatformProvider.execute(JUnitPlatformProvider.java:188)
	at org.apache.maven.surefire.junitplatform.JUnitPlatformProvider.invokeAllTests(JUnitPlatformProvider.java:154)
	at org.apache.maven.surefire.junitplatform.JUnitPlatformProvider.invoke(JUnitPlatformProvider.java:124)
	at org.apache.maven.surefire.booter.ForkedBooter.runSuitesInProcess(ForkedBooter.java:428)
	at org.apache.maven.surefire.booter.ForkedBooter.execute(ForkedBooter.java:162)
	at org.apache.maven.surefire.booter.ForkedBooter.run(ForkedBooter.java:562)
	at org.apache.maven.surefire.booter.ForkedBooter.main(ForkedBooter.java:548)
2023-08-31 10:29:37,030 [main] DEBUG balancer.ContainerBalancerTask (ContainerBalancerTask.java:matchSourceWithTarget(708)) - ContainerBalancer is finding suitable target for source datanode a9f37e36-6402-4c74-881b-60368d0c4a23
2023-08-31 10:29:37,030 [main] INFO  balancer.ContainerBalancerTask (ContainerBalancerTask.java:matchSourceWithTarget(722)) - ContainerBalancer matched source datanode a9f37e36-6402-4c74-881b-60368d0c4a23 with target datanode d9106ab2-1552-453b-926b-107a3672f157 for container move.
2023-08-31 10:29:37,030 [main] INFO  balancer.ContainerBalancerTask (ContainerBalancerTask.java:processMoveSelection(569)) - ContainerBalancer is trying to move container #53 with size 5368709120B from source datanode a9f37e36-6402-4c74-881b-60368d0c4a23 to target datanode d9106ab2-1552-453b-926b-107a3672f157
2023-08-31 10:29:37,031 [main] INFO  balancer.ContainerBalancerTask (ContainerBalancerTask.java:lambda$moveContainer$3(827)) - Container move for container #53 from source a9f37e36-6402-4c74-881b-60368d0c4a23 to target d9106ab2-1552-453b-926b-107a3672f157 failed with exceptions.
java.lang.RuntimeException: Runtime Exception
	at org.apache.hadoop.hdds.scm.container.balancer.TestContainerBalancerTask.checkIterationResultException(TestContainerBalancerTask.java:1002)
	at sun.reflect.NativeMethodAccessorImpl.invoke0(Native Method)
	at sun.reflect.NativeMethodAccessorImpl.invoke(NativeMethodAccessorImpl.java:62)
	at sun.reflect.DelegatingMethodAccessorImpl.invoke(DelegatingMethodAccessorImpl.java:43)
	at java.lang.reflect.Method.invoke(Method.java:498)
	at org.junit.platform.commons.util.ReflectionUtils.invokeMethod(ReflectionUtils.java:725)
	at org.junit.jupiter.engine.execution.MethodInvocation.proceed(MethodInvocation.java:60)
	at org.junit.jupiter.engine.execution.InvocationInterceptorChain$ValidatingInvocation.proceed(InvocationInterceptorChain.java:131)
	at org.junit.jupiter.engine.extension.TimeoutExtension.intercept(TimeoutExtension.java:149)
	at org.junit.jupiter.engine.extension.TimeoutExtension.interceptTestableMethod(TimeoutExtension.java:140)
	at org.junit.jupiter.engine.extension.TimeoutExtension.interceptTestMethod(TimeoutExtension.java:84)
	at org.junit.jupiter.engine.execution.ExecutableInvoker$ReflectiveInterceptorCall.lambda$ofVoidMethod$0(ExecutableInvoker.java:115)
	at org.junit.jupiter.engine.execution.ExecutableInvoker.lambda$invoke$0(ExecutableInvoker.java:105)
	at org.junit.jupiter.engine.execution.InvocationInterceptorChain$InterceptedInvocation.proceed(InvocationInterceptorChain.java:106)
	at org.junit.jupiter.engine.execution.InvocationInterceptorChain.proceed(InvocationInterceptorChain.java:64)
	at org.junit.jupiter.engine.execution.InvocationInterceptorChain.chainAndInvoke(InvocationInterceptorChain.java:45)
	at org.junit.jupiter.engine.execution.InvocationInterceptorChain.invoke(InvocationInterceptorChain.java:37)
	at org.junit.jupiter.engine.execution.ExecutableInvoker.invoke(ExecutableInvoker.java:104)
	at org.junit.jupiter.engine.execution.ExecutableInvoker.invoke(ExecutableInvoker.java:98)
	at org.junit.jupiter.engine.descriptor.TestMethodTestDescriptor.lambda$invokeTestMethod$7(TestMethodTestDescriptor.java:214)
	at org.junit.platform.engine.support.hierarchical.ThrowableCollector.execute(ThrowableCollector.java:73)
	at org.junit.jupiter.engine.descriptor.TestMethodTestDescriptor.invokeTestMethod(TestMethodTestDescriptor.java:210)
	at org.junit.jupiter.engine.descriptor.TestMethodTestDescriptor.execute(TestMethodTestDescriptor.java:135)
	at org.junit.jupiter.engine.descriptor.TestMethodTestDescriptor.execute(TestMethodTestDescriptor.java:66)
	at org.junit.platform.engine.support.hierarchical.NodeTestTask.lambda$executeRecursively$6(NodeTestTask.java:151)
	at org.junit.platform.engine.support.hierarchical.ThrowableCollector.execute(ThrowableCollector.java:73)
	at org.junit.platform.engine.support.hierarchical.NodeTestTask.lambda$executeRecursively$8(NodeTestTask.java:141)
	at org.junit.platform.engine.support.hierarchical.Node.around(Node.java:137)
	at org.junit.platform.engine.support.hierarchical.NodeTestTask.lambda$executeRecursively$9(NodeTestTask.java:139)
	at org.junit.platform.engine.support.hierarchical.ThrowableCollector.execute(ThrowableCollector.java:73)
	at org.junit.platform.engine.support.hierarchical.NodeTestTask.executeRecursively(NodeTestTask.java:138)
	at org.junit.platform.engine.support.hierarchical.NodeTestTask.execute(NodeTestTask.java:95)
	at java.util.ArrayList.forEach(ArrayList.java:1259)
	at org.junit.platform.engine.support.hierarchical.SameThreadHierarchicalTestExecutorService.invokeAll(SameThreadHierarchicalTestExecutorService.java:41)
	at org.junit.platform.engine.support.hierarchical.NodeTestTask.lambda$executeRecursively$6(NodeTestTask.java:155)
	at org.junit.platform.engine.support.hierarchical.ThrowableCollector.execute(ThrowableCollector.java:73)
	at org.junit.platform.engine.support.hierarchical.NodeTestTask.lambda$executeRecursively$8(NodeTestTask.java:141)
	at org.junit.platform.engine.support.hierarchical.Node.around(Node.java:137)
	at org.junit.platform.engine.support.hierarchical.NodeTestTask.lambda$executeRecursively$9(NodeTestTask.java:139)
	at org.junit.platform.engine.support.hierarchical.ThrowableCollector.execute(ThrowableCollector.java:73)
	at org.junit.platform.engine.support.hierarchical.NodeTestTask.executeRecursively(NodeTestTask.java:138)
	at org.junit.platform.engine.support.hierarchical.NodeTestTask.execute(NodeTestTask.java:95)
	at java.util.ArrayList.forEach(ArrayList.java:1259)
	at org.junit.platform.engine.support.hierarchical.SameThreadHierarchicalTestExecutorService.invokeAll(SameThreadHierarchicalTestExecutorService.java:41)
	at org.junit.platform.engine.support.hierarchical.NodeTestTask.lambda$executeRecursively$6(NodeTestTask.java:155)
	at org.junit.platform.engine.support.hierarchical.ThrowableCollector.execute(ThrowableCollector.java:73)
	at org.junit.platform.engine.support.hierarchical.NodeTestTask.lambda$executeRecursively$8(NodeTestTask.java:141)
	at org.junit.platform.engine.support.hierarchical.Node.around(Node.java:137)
	at org.junit.platform.engine.support.hierarchical.NodeTestTask.lambda$executeRecursively$9(NodeTestTask.java:139)
	at org.junit.platform.engine.support.hierarchical.ThrowableCollector.execute(ThrowableCollector.java:73)
	at org.junit.platform.engine.support.hierarchical.NodeTestTask.executeRecursively(NodeTestTask.java:138)
	at org.junit.platform.engine.support.hierarchical.NodeTestTask.execute(NodeTestTask.java:95)
	at org.junit.platform.engine.support.hierarchical.SameThreadHierarchicalTestExecutorService.submit(SameThreadHierarchicalTestExecutorService.java:35)
	at org.junit.platform.engine.support.hierarchical.HierarchicalTestExecutor.execute(HierarchicalTestExecutor.java:57)
	at org.junit.platform.engine.support.hierarchical.HierarchicalTestEngine.execute(HierarchicalTestEngine.java:54)
	at org.junit.platform.launcher.core.EngineExecutionOrchestrator.execute(EngineExecutionOrchestrator.java:107)
	at org.junit.platform.launcher.core.EngineExecutionOrchestrator.execute(EngineExecutionOrchestrator.java:88)
	at org.junit.platform.launcher.core.EngineExecutionOrchestrator.lambda$execute$0(EngineExecutionOrchestrator.java:54)
	at org.junit.platform.launcher.core.EngineExecutionOrchestrator.withInterceptedStreams(EngineExecutionOrchestrator.java:67)
	at org.junit.platform.launcher.core.EngineExecutionOrchestrator.execute(EngineExecutionOrchestrator.java:52)
	at org.junit.platform.launcher.core.DefaultLauncher.execute(DefaultLauncher.java:114)
	at org.junit.platform.launcher.core.DefaultLauncher.execute(DefaultLauncher.java:86)
	at org.junit.platform.launcher.core.DefaultLauncherSession$DelegatingLauncher.execute(DefaultLauncherSession.java:86)
	at org.junit.platform.launcher.core.SessionPerRequestLauncher.execute(SessionPerRequestLauncher.java:53)
	at org.apache.maven.surefire.junitplatform.JUnitPlatformProvider.execute(JUnitPlatformProvider.java:188)
	at org.apache.maven.surefire.junitplatform.JUnitPlatformProvider.invokeAllTests(JUnitPlatformProvider.java:154)
	at org.apache.maven.surefire.junitplatform.JUnitPlatformProvider.invoke(JUnitPlatformProvider.java:124)
	at org.apache.maven.surefire.booter.ForkedBooter.runSuitesInProcess(ForkedBooter.java:428)
	at org.apache.maven.surefire.booter.ForkedBooter.execute(ForkedBooter.java:162)
	at org.apache.maven.surefire.booter.ForkedBooter.run(ForkedBooter.java:562)
	at org.apache.maven.surefire.booter.ForkedBooter.main(ForkedBooter.java:548)
2023-08-31 10:29:37,034 [main] DEBUG balancer.ContainerBalancerTask (ContainerBalancerTask.java:matchSourceWithTarget(708)) - ContainerBalancer is finding suitable target for source datanode 5ef534ce-2a10-475d-8d94-d9e11c43edad
2023-08-31 10:29:37,034 [main] INFO  balancer.ContainerBalancerTask (ContainerBalancerTask.java:matchSourceWithTarget(722)) - ContainerBalancer matched source datanode 5ef534ce-2a10-475d-8d94-d9e11c43edad with target datanode d9106ab2-1552-453b-926b-107a3672f157 for container move.
2023-08-31 10:29:37,034 [main] INFO  balancer.ContainerBalancerTask (ContainerBalancerTask.java:processMoveSelection(569)) - ContainerBalancer is trying to move container #53 with size 5368709120B from source datanode 5ef534ce-2a10-475d-8d94-d9e11c43edad to target datanode d9106ab2-1552-453b-926b-107a3672f157
2023-08-31 10:29:37,034 [main] INFO  balancer.ContainerBalancerTask (ContainerBalancerTask.java:lambda$moveContainer$3(827)) - Container move for container #53 from source 5ef534ce-2a10-475d-8d94-d9e11c43edad to target d9106ab2-1552-453b-926b-107a3672f157 failed with exceptions.
java.lang.RuntimeException: Runtime Exception
	at org.apache.hadoop.hdds.scm.container.balancer.TestContainerBalancerTask.checkIterationResultException(TestContainerBalancerTask.java:1002)
	at sun.reflect.NativeMethodAccessorImpl.invoke0(Native Method)
	at sun.reflect.NativeMethodAccessorImpl.invoke(NativeMethodAccessorImpl.java:62)
	at sun.reflect.DelegatingMethodAccessorImpl.invoke(DelegatingMethodAccessorImpl.java:43)
	at java.lang.reflect.Method.invoke(Method.java:498)
	at org.junit.platform.commons.util.ReflectionUtils.invokeMethod(ReflectionUtils.java:725)
	at org.junit.jupiter.engine.execution.MethodInvocation.proceed(MethodInvocation.java:60)
	at org.junit.jupiter.engine.execution.InvocationInterceptorChain$ValidatingInvocation.proceed(InvocationInterceptorChain.java:131)
	at org.junit.jupiter.engine.extension.TimeoutExtension.intercept(TimeoutExtension.java:149)
	at org.junit.jupiter.engine.extension.TimeoutExtension.interceptTestableMethod(TimeoutExtension.java:140)
	at org.junit.jupiter.engine.extension.TimeoutExtension.interceptTestMethod(TimeoutExtension.java:84)
	at org.junit.jupiter.engine.execution.ExecutableInvoker$ReflectiveInterceptorCall.lambda$ofVoidMethod$0(ExecutableInvoker.java:115)
	at org.junit.jupiter.engine.execution.ExecutableInvoker.lambda$invoke$0(ExecutableInvoker.java:105)
	at org.junit.jupiter.engine.execution.InvocationInterceptorChain$InterceptedInvocation.proceed(InvocationInterceptorChain.java:106)
	at org.junit.jupiter.engine.execution.InvocationInterceptorChain.proceed(InvocationInterceptorChain.java:64)
	at org.junit.jupiter.engine.execution.InvocationInterceptorChain.chainAndInvoke(InvocationInterceptorChain.java:45)
	at org.junit.jupiter.engine.execution.InvocationInterceptorChain.invoke(InvocationInterceptorChain.java:37)
	at org.junit.jupiter.engine.execution.ExecutableInvoker.invoke(ExecutableInvoker.java:104)
	at org.junit.jupiter.engine.execution.ExecutableInvoker.invoke(ExecutableInvoker.java:98)
	at org.junit.jupiter.engine.descriptor.TestMethodTestDescriptor.lambda$invokeTestMethod$7(TestMethodTestDescriptor.java:214)
	at org.junit.platform.engine.support.hierarchical.ThrowableCollector.execute(ThrowableCollector.java:73)
	at org.junit.jupiter.engine.descriptor.TestMethodTestDescriptor.invokeTestMethod(TestMethodTestDescriptor.java:210)
	at org.junit.jupiter.engine.descriptor.TestMethodTestDescriptor.execute(TestMethodTestDescriptor.java:135)
	at org.junit.jupiter.engine.descriptor.TestMethodTestDescriptor.execute(TestMethodTestDescriptor.java:66)
	at org.junit.platform.engine.support.hierarchical.NodeTestTask.lambda$executeRecursively$6(NodeTestTask.java:151)
	at org.junit.platform.engine.support.hierarchical.ThrowableCollector.execute(ThrowableCollector.java:73)
	at org.junit.platform.engine.support.hierarchical.NodeTestTask.lambda$executeRecursively$8(NodeTestTask.java:141)
	at org.junit.platform.engine.support.hierarchical.Node.around(Node.java:137)
	at org.junit.platform.engine.support.hierarchical.NodeTestTask.lambda$executeRecursively$9(NodeTestTask.java:139)
	at org.junit.platform.engine.support.hierarchical.ThrowableCollector.execute(ThrowableCollector.java:73)
	at org.junit.platform.engine.support.hierarchical.NodeTestTask.executeRecursively(NodeTestTask.java:138)
	at org.junit.platform.engine.support.hierarchical.NodeTestTask.execute(NodeTestTask.java:95)
	at java.util.ArrayList.forEach(ArrayList.java:1259)
	at org.junit.platform.engine.support.hierarchical.SameThreadHierarchicalTestExecutorService.invokeAll(SameThreadHierarchicalTestExecutorService.java:41)
	at org.junit.platform.engine.support.hierarchical.NodeTestTask.lambda$executeRecursively$6(NodeTestTask.java:155)
	at org.junit.platform.engine.support.hierarchical.ThrowableCollector.execute(ThrowableCollector.java:73)
	at org.junit.platform.engine.support.hierarchical.NodeTestTask.lambda$executeRecursively$8(NodeTestTask.java:141)
	at org.junit.platform.engine.support.hierarchical.Node.around(Node.java:137)
	at org.junit.platform.engine.support.hierarchical.NodeTestTask.lambda$executeRecursively$9(NodeTestTask.java:139)
	at org.junit.platform.engine.support.hierarchical.ThrowableCollector.execute(ThrowableCollector.java:73)
	at org.junit.platform.engine.support.hierarchical.NodeTestTask.executeRecursively(NodeTestTask.java:138)
	at org.junit.platform.engine.support.hierarchical.NodeTestTask.execute(NodeTestTask.java:95)
	at java.util.ArrayList.forEach(ArrayList.java:1259)
	at org.junit.platform.engine.support.hierarchical.SameThreadHierarchicalTestExecutorService.invokeAll(SameThreadHierarchicalTestExecutorService.java:41)
	at org.junit.platform.engine.support.hierarchical.NodeTestTask.lambda$executeRecursively$6(NodeTestTask.java:155)
	at org.junit.platform.engine.support.hierarchical.ThrowableCollector.execute(ThrowableCollector.java:73)
	at org.junit.platform.engine.support.hierarchical.NodeTestTask.lambda$executeRecursively$8(NodeTestTask.java:141)
	at org.junit.platform.engine.support.hierarchical.Node.around(Node.java:137)
	at org.junit.platform.engine.support.hierarchical.NodeTestTask.lambda$executeRecursively$9(NodeTestTask.java:139)
	at org.junit.platform.engine.support.hierarchical.ThrowableCollector.execute(ThrowableCollector.java:73)
	at org.junit.platform.engine.support.hierarchical.NodeTestTask.executeRecursively(NodeTestTask.java:138)
	at org.junit.platform.engine.support.hierarchical.NodeTestTask.execute(NodeTestTask.java:95)
	at org.junit.platform.engine.support.hierarchical.SameThreadHierarchicalTestExecutorService.submit(SameThreadHierarchicalTestExecutorService.java:35)
	at org.junit.platform.engine.support.hierarchical.HierarchicalTestExecutor.execute(HierarchicalTestExecutor.java:57)
	at org.junit.platform.engine.support.hierarchical.HierarchicalTestEngine.execute(HierarchicalTestEngine.java:54)
	at org.junit.platform.launcher.core.EngineExecutionOrchestrator.execute(EngineExecutionOrchestrator.java:107)
	at org.junit.platform.launcher.core.EngineExecutionOrchestrator.execute(EngineExecutionOrchestrator.java:88)
	at org.junit.platform.launcher.core.EngineExecutionOrchestrator.lambda$execute$0(EngineExecutionOrchestrator.java:54)
	at org.junit.platform.launcher.core.EngineExecutionOrchestrator.withInterceptedStreams(EngineExecutionOrchestrator.java:67)
	at org.junit.platform.launcher.core.EngineExecutionOrchestrator.execute(EngineExecutionOrchestrator.java:52)
	at org.junit.platform.launcher.core.DefaultLauncher.execute(DefaultLauncher.java:114)
	at org.junit.platform.launcher.core.DefaultLauncher.execute(DefaultLauncher.java:86)
	at org.junit.platform.launcher.core.DefaultLauncherSession$DelegatingLauncher.execute(DefaultLauncherSession.java:86)
	at org.junit.platform.launcher.core.SessionPerRequestLauncher.execute(SessionPerRequestLauncher.java:53)
	at org.apache.maven.surefire.junitplatform.JUnitPlatformProvider.execute(JUnitPlatformProvider.java:188)
	at org.apache.maven.surefire.junitplatform.JUnitPlatformProvider.invokeAllTests(JUnitPlatformProvider.java:154)
	at org.apache.maven.surefire.junitplatform.JUnitPlatformProvider.invoke(JUnitPlatformProvider.java:124)
	at org.apache.maven.surefire.booter.ForkedBooter.runSuitesInProcess(ForkedBooter.java:428)
	at org.apache.maven.surefire.booter.ForkedBooter.execute(ForkedBooter.java:162)
	at org.apache.maven.surefire.booter.ForkedBooter.run(ForkedBooter.java:562)
	at org.apache.maven.surefire.booter.ForkedBooter.main(ForkedBooter.java:548)
2023-08-31 10:29:37,035 [main] INFO  balancer.FindSourceGreedy (FindSourceGreedy.java:getNextCandidateSourceDataNode(126)) - no more candidate source data node
2023-08-31 10:29:37,035 [main] ERROR balancer.ContainerBalancerTask (ContainerBalancerTask.java:checkIterationMoveResults(623)) - Got exception while checkIterationMoveResults
java.util.concurrent.ExecutionException: java.lang.RuntimeException: Runtime Exception after doing work
	at java.util.concurrent.CompletableFuture.reportGet(CompletableFuture.java:357)
	at java.util.concurrent.CompletableFuture.get(CompletableFuture.java:1928)
	at org.apache.hadoop.hdds.scm.container.balancer.ContainerBalancerTask.checkIterationMoveResults(ContainerBalancerTask.java:613)
	at org.apache.hadoop.hdds.scm.container.balancer.ContainerBalancerTask.checkIterationResults(ContainerBalancerTask.java:600)
	at org.apache.hadoop.hdds.scm.container.balancer.ContainerBalancerTask.doIteration(ContainerBalancerTask.java:543)
	at org.apache.hadoop.hdds.scm.container.balancer.ContainerBalancerTask.balance(ContainerBalancerTask.java:257)
	at org.apache.hadoop.hdds.scm.container.balancer.ContainerBalancerTask.run(ContainerBalancerTask.java:179)
	at org.apache.hadoop.hdds.scm.container.balancer.TestContainerBalancerTask.startBalancer(TestContainerBalancerTask.java:1321)
	at org.apache.hadoop.hdds.scm.container.balancer.TestContainerBalancerTask.checkIterationResultException(TestContainerBalancerTask.java:1051)
	at sun.reflect.NativeMethodAccessorImpl.invoke0(Native Method)
	at sun.reflect.NativeMethodAccessorImpl.invoke(NativeMethodAccessorImpl.java:62)
	at sun.reflect.DelegatingMethodAccessorImpl.invoke(DelegatingMethodAccessorImpl.java:43)
	at java.lang.reflect.Method.invoke(Method.java:498)
	at org.junit.platform.commons.util.ReflectionUtils.invokeMethod(ReflectionUtils.java:725)
	at org.junit.jupiter.engine.execution.MethodInvocation.proceed(MethodInvocation.java:60)
	at org.junit.jupiter.engine.execution.InvocationInterceptorChain$ValidatingInvocation.proceed(InvocationInterceptorChain.java:131)
	at org.junit.jupiter.engine.extension.TimeoutExtension.intercept(TimeoutExtension.java:149)
	at org.junit.jupiter.engine.extension.TimeoutExtension.interceptTestableMethod(TimeoutExtension.java:140)
	at org.junit.jupiter.engine.extension.TimeoutExtension.interceptTestMethod(TimeoutExtension.java:84)
	at org.junit.jupiter.engine.execution.ExecutableInvoker$ReflectiveInterceptorCall.lambda$ofVoidMethod$0(ExecutableInvoker.java:115)
	at org.junit.jupiter.engine.execution.ExecutableInvoker.lambda$invoke$0(ExecutableInvoker.java:105)
	at org.junit.jupiter.engine.execution.InvocationInterceptorChain$InterceptedInvocation.proceed(InvocationInterceptorChain.java:106)
	at org.junit.jupiter.engine.execution.InvocationInterceptorChain.proceed(InvocationInterceptorChain.java:64)
	at org.junit.jupiter.engine.execution.InvocationInterceptorChain.chainAndInvoke(InvocationInterceptorChain.java:45)
	at org.junit.jupiter.engine.execution.InvocationInterceptorChain.invoke(InvocationInterceptorChain.java:37)
	at org.junit.jupiter.engine.execution.ExecutableInvoker.invoke(ExecutableInvoker.java:104)
	at org.junit.jupiter.engine.execution.ExecutableInvoker.invoke(ExecutableInvoker.java:98)
	at org.junit.jupiter.engine.descriptor.TestMethodTestDescriptor.lambda$invokeTestMethod$7(TestMethodTestDescriptor.java:214)
	at org.junit.platform.engine.support.hierarchical.ThrowableCollector.execute(ThrowableCollector.java:73)
	at org.junit.jupiter.engine.descriptor.TestMethodTestDescriptor.invokeTestMethod(TestMethodTestDescriptor.java:210)
	at org.junit.jupiter.engine.descriptor.TestMethodTestDescriptor.execute(TestMethodTestDescriptor.java:135)
	at org.junit.jupiter.engine.descriptor.TestMethodTestDescriptor.execute(TestMethodTestDescriptor.java:66)
	at org.junit.platform.engine.support.hierarchical.NodeTestTask.lambda$executeRecursively$6(NodeTestTask.java:151)
	at org.junit.platform.engine.support.hierarchical.ThrowableCollector.execute(ThrowableCollector.java:73)
	at org.junit.platform.engine.support.hierarchical.NodeTestTask.lambda$executeRecursively$8(NodeTestTask.java:141)
	at org.junit.platform.engine.support.hierarchical.Node.around(Node.java:137)
	at org.junit.platform.engine.support.hierarchical.NodeTestTask.lambda$executeRecursively$9(NodeTestTask.java:139)
	at org.junit.platform.engine.support.hierarchical.ThrowableCollector.execute(ThrowableCollector.java:73)
	at org.junit.platform.engine.support.hierarchical.NodeTestTask.executeRecursively(NodeTestTask.java:138)
	at org.junit.platform.engine.support.hierarchical.NodeTestTask.execute(NodeTestTask.java:95)
	at java.util.ArrayList.forEach(ArrayList.java:1259)
	at org.junit.platform.engine.support.hierarchical.SameThreadHierarchicalTestExecutorService.invokeAll(SameThreadHierarchicalTestExecutorService.java:41)
	at org.junit.platform.engine.support.hierarchical.NodeTestTask.lambda$executeRecursively$6(NodeTestTask.java:155)
	at org.junit.platform.engine.support.hierarchical.ThrowableCollector.execute(ThrowableCollector.java:73)
	at org.junit.platform.engine.support.hierarchical.NodeTestTask.lambda$executeRecursively$8(NodeTestTask.java:141)
	at org.junit.platform.engine.support.hierarchical.Node.around(Node.java:137)
	at org.junit.platform.engine.support.hierarchical.NodeTestTask.lambda$executeRecursively$9(NodeTestTask.java:139)
	at org.junit.platform.engine.support.hierarchical.ThrowableCollector.execute(ThrowableCollector.java:73)
	at org.junit.platform.engine.support.hierarchical.NodeTestTask.executeRecursively(NodeTestTask.java:138)
	at org.junit.platform.engine.support.hierarchical.NodeTestTask.execute(NodeTestTask.java:95)
	at java.util.ArrayList.forEach(ArrayList.java:1259)
	at org.junit.platform.engine.support.hierarchical.SameThreadHierarchicalTestExecutorService.invokeAll(SameThreadHierarchicalTestExecutorService.java:41)
	at org.junit.platform.engine.support.hierarchical.NodeTestTask.lambda$executeRecursively$6(NodeTestTask.java:155)
	at org.junit.platform.engine.support.hierarchical.ThrowableCollector.execute(ThrowableCollector.java:73)
	at org.junit.platform.engine.support.hierarchical.NodeTestTask.lambda$executeRecursively$8(NodeTestTask.java:141)
	at org.junit.platform.engine.support.hierarchical.Node.around(Node.java:137)
	at org.junit.platform.engine.support.hierarchical.NodeTestTask.lambda$executeRecursively$9(NodeTestTask.java:139)
	at org.junit.platform.engine.support.hierarchical.ThrowableCollector.execute(ThrowableCollector.java:73)
	at org.junit.platform.engine.support.hierarchical.NodeTestTask.executeRecursively(NodeTestTask.java:138)
	at org.junit.platform.engine.support.hierarchical.NodeTestTask.execute(NodeTestTask.java:95)
	at org.junit.platform.engine.support.hierarchical.SameThreadHierarchicalTestExecutorService.submit(SameThreadHierarchicalTestExecutorService.java:35)
	at org.junit.platform.engine.support.hierarchical.HierarchicalTestExecutor.execute(HierarchicalTestExecutor.java:57)
	at org.junit.platform.engine.support.hierarchical.HierarchicalTestEngine.execute(HierarchicalTestEngine.java:54)
	at org.junit.platform.launcher.core.EngineExecutionOrchestrator.execute(EngineExecutionOrchestrator.java:107)
	at org.junit.platform.launcher.core.EngineExecutionOrchestrator.execute(EngineExecutionOrchestrator.java:88)
	at org.junit.platform.launcher.core.EngineExecutionOrchestrator.lambda$execute$0(EngineExecutionOrchestrator.java:54)
	at org.junit.platform.launcher.core.EngineExecutionOrchestrator.withInterceptedStreams(EngineExecutionOrchestrator.java:67)
	at org.junit.platform.launcher.core.EngineExecutionOrchestrator.execute(EngineExecutionOrchestrator.java:52)
	at org.junit.platform.launcher.core.DefaultLauncher.execute(DefaultLauncher.java:114)
	at org.junit.platform.launcher.core.DefaultLauncher.execute(DefaultLauncher.java:86)
	at org.junit.platform.launcher.core.DefaultLauncherSession$DelegatingLauncher.execute(DefaultLauncherSession.java:86)
	at org.junit.platform.launcher.core.SessionPerRequestLauncher.execute(SessionPerRequestLauncher.java:53)
	at org.apache.maven.surefire.junitplatform.JUnitPlatformProvider.execute(JUnitPlatformProvider.java:188)
	at org.apache.maven.surefire.junitplatform.JUnitPlatformProvider.invokeAllTests(JUnitPlatformProvider.java:154)
	at org.apache.maven.surefire.junitplatform.JUnitPlatformProvider.invoke(JUnitPlatformProvider.java:124)
	at org.apache.maven.surefire.booter.ForkedBooter.runSuitesInProcess(ForkedBooter.java:428)
	at org.apache.maven.surefire.booter.ForkedBooter.execute(ForkedBooter.java:162)
	at org.apache.maven.surefire.booter.ForkedBooter.run(ForkedBooter.java:562)
	at org.apache.maven.surefire.booter.ForkedBooter.main(ForkedBooter.java:548)
Caused by: java.lang.RuntimeException: Runtime Exception after doing work
	at org.apache.hadoop.hdds.scm.container.balancer.TestContainerBalancerTask.lambda$checkIterationResultException$11(TestContainerBalancerTask.java:1045)
	at java.util.concurrent.CompletableFuture$AsyncSupply.run(CompletableFuture.java:1604)
	at java.lang.Thread.run(Thread.java:750)
2023-08-31 10:29:37,036 [main] INFO  balancer.ContainerBalancerTask (ContainerBalancerTask.java:checkIterationMoveResults(642)) - Iteration Summary. Number of Datanodes involved: 2. Size moved: 0 B (0 Bytes). Number of Container moves completed: 0.
2023-08-31 10:29:37,037 [main] INFO  balancer.ContainerBalancerTask (ContainerBalancerTask.java:balance(259)) - Result of this iteration of Container Balancer: ITERATION_COMPLETED
2023-08-31 10:29:37,037 [main] INFO  balancer.ContainerBalancerTask (ContainerBalancerTask.java:tryStopWithSaveConfiguration(308)) - Save Configuration for stopping. Reason: Completed all iterations.
]]></system-out>
  </testcase>
  <testcase name="balancerShouldObeyMaxSizeLeavingSourceLimit" classname="org.apache.hadoop.hdds.scm.container.balancer.TestContainerBalancerTask" time="0.305">
    <system-out><![CDATA[2023-08-31 10:29:37,072 [main] INFO  net.NodeSchemaLoader (NodeSchemaLoader.java:loadSchemaFromFile(129)) - Loading schema from [file:/home/runner/work/ozone/ozone/hadoop-hdds/common/target/classes/network-topology-default.xml]
2023-08-31 10:29:37,072 [main] INFO  net.NodeSchemaLoader (NodeSchemaLoader.java:loadSchema(176)) - Loading network topology layer schema file
2023-08-31 10:29:37,079 [main] INFO  net.NetworkTopologyImpl (NetworkTopologyImpl.java:add(112)) - Added a new node: /default-rack/91950cfb-937b-414e-b182-b03f38c6b6c1
2023-08-31 10:29:37,080 [main] INFO  net.NetworkTopologyImpl (NetworkTopologyImpl.java:add(112)) - Added a new node: /default-rack/7e6c2f52-12f6-48da-87ba-1c1fa02e3c2b
2023-08-31 10:29:37,080 [main] INFO  net.NetworkTopologyImpl (NetworkTopologyImpl.java:add(112)) - Added a new node: /default-rack/06f509fb-760b-4698-a61b-5e3bba8fa3a6
2023-08-31 10:29:37,080 [main] INFO  net.NetworkTopologyImpl (NetworkTopologyImpl.java:add(112)) - Added a new node: /default-rack/b263f40a-20d4-400f-896a-0f14ae4ff837
2023-08-31 10:29:37,080 [main] INFO  net.NetworkTopologyImpl (NetworkTopologyImpl.java:add(112)) - Added a new node: /default-rack/26cfcdbf-604c-4a24-bc8f-61a8e9205e97
2023-08-31 10:29:37,080 [main] INFO  net.NetworkTopologyImpl (NetworkTopologyImpl.java:add(112)) - Added a new node: /default-rack/ff694f9b-6474-4aaa-9d28-eb84224aec90
2023-08-31 10:29:37,080 [main] INFO  net.NetworkTopologyImpl (NetworkTopologyImpl.java:add(112)) - Added a new node: /default-rack/0868d73e-9eef-42ad-8032-bd50a82b3926
2023-08-31 10:29:37,081 [main] INFO  net.NetworkTopologyImpl (NetworkTopologyImpl.java:add(112)) - Added a new node: /default-rack/442c8387-24e7-4733-bbd0-4acc60fa4a02
2023-08-31 10:29:37,081 [main] INFO  net.NetworkTopologyImpl (NetworkTopologyImpl.java:add(112)) - Added a new node: /default-rack/19b9acbd-91e0-4c6e-946f-0762722ad1d1
2023-08-31 10:29:37,081 [main] INFO  net.NetworkTopologyImpl (NetworkTopologyImpl.java:add(112)) - Added a new node: /default-rack/6ff27ba5-8da3-4eb5-856d-b9df6dbaa704
2023-08-31 10:29:37,081 [main] INFO  algorithms.ContainerPlacementPolicyFactory (ContainerPlacementPolicyFactory.java:getPolicyInternal(86)) - Create container placement policy of type org.apache.hadoop.hdds.scm.container.placement.algorithms.SCMContainerPlacementRackAware
2023-08-31 10:29:37,084 [main] INFO  algorithms.ContainerPlacementPolicyFactory (ContainerPlacementPolicyFactory.java:getPolicyInternal(86)) - Create container placement policy of type org.apache.hadoop.hdds.scm.container.placement.algorithms.SCMContainerPlacementRackScatter
2023-08-31 10:29:37,088 [main] DEBUG balancer.ContainerBalancerTask (ContainerBalancerTask.java:initializeIteration(374)) - Average utilization of the cluster is 0.369283700483156
2023-08-31 10:29:37,088 [main] DEBUG balancer.ContainerBalancerTask (ContainerBalancerTask.java:initializeIteration(386)) - Lower limit for utilization is 0.269283700483156 and Upper limit for utilization is 0.46928370048315604
2023-08-31 10:29:37,088 [main] DEBUG balancer.ContainerBalancerTask (ContainerBalancerTask.java:initializeIteration(398)) - Utilization for node 6ff27ba5-8da3-4eb5-856d-b9df6dbaa704 with capacity 53687091200B, used 48318382080B, and remaining 5368709120B is 0.9
2023-08-31 10:29:37,088 [main] DEBUG balancer.ContainerBalancerTask (ContainerBalancerTask.java:initializeIteration(398)) - Utilization for node 26cfcdbf-604c-4a24-bc8f-61a8e9205e97 with capacity 61740154880B, used 49392123904B, and remaining 12348030976B is 0.8
2023-08-31 10:29:37,089 [main] DEBUG balancer.ContainerBalancerTask (ContainerBalancerTask.java:initializeIteration(398)) - Utilization for node ff694f9b-6474-4aaa-9d28-eb84224aec90 with capacity 56754924982B, used 39728447488B, and remaining 17026477494B is 0.7000000000105717
2023-08-31 10:29:37,089 [main] DEBUG balancer.ContainerBalancerTask (ContainerBalancerTask.java:initializeIteration(398)) - Utilization for node 91950cfb-937b-414e-b182-b03f38c6b6c1 with capacity 84109776213B, used 50465865728B, and remaining 33643910485B is 0.6000000000023779
2023-08-31 10:29:37,089 [main] DEBUG balancer.ContainerBalancerTask (ContainerBalancerTask.java:initializeIteration(398)) - Utilization for node 7e6c2f52-12f6-48da-87ba-1c1fa02e3c2b with capacity 115964116992B, used 57982058496B, and remaining 57982058496B is 0.5
2023-08-31 10:29:37,089 [main] DEBUG balancer.ContainerBalancerTask (ContainerBalancerTask.java:initializeIteration(398)) - Utilization for node 442c8387-24e7-4733-bbd0-4acc60fa4a02 with capacity 115427246080B, used 46170898432B, and remaining 69256347648B is 0.4
2023-08-31 10:29:37,089 [main] DEBUG balancer.ContainerBalancerTask (ContainerBalancerTask.java:initializeIteration(398)) - Utilization for node 19b9acbd-91e0-4c6e-946f-0762722ad1d1 with capacity 153902994773B, used 46170898432B, and remaining 107732096341B is 0.30000000000064975
2023-08-31 10:29:37,089 [main] DEBUG balancer.ContainerBalancerTask (ContainerBalancerTask.java:initializeIteration(398)) - Utilization for node b263f40a-20d4-400f-896a-0f14ae4ff837 with capacity 155692564480B, used 31138512896B, and remaining 124554051584B is 0.2
2023-08-31 10:29:37,089 [main] DEBUG balancer.ContainerBalancerTask (ContainerBalancerTask.java:initializeIteration(398)) - Utilization for node 06f509fb-760b-4698-a61b-5e3bba8fa3a6 with capacity 257698037760B, used 25769803776B, and remaining 231928233984B is 0.1
2023-08-31 10:29:37,089 [main] DEBUG balancer.ContainerBalancerTask (ContainerBalancerTask.java:initializeIteration(398)) - Utilization for node 0868d73e-9eef-42ad-8032-bd50a82b3926 with capacity 15032385536B, used 0B, and remaining 15032385536B is 0.0
2023-08-31 10:29:37,089 [main] INFO  balancer.ContainerBalancerTask (ContainerBalancerTask.java:initializeIteration(447)) - Container Balancer has identified 5 Over-Utilized and 3 Under-Utilized Datanodes that need to be balanced.
2023-08-31 10:29:37,090 [main] DEBUG balancer.ContainerBalancerTask (ContainerBalancerTask.java:lambda$initializeIteration$1(453)) - Datanode localhost-26.12.55.205 6ff27ba5-8da3-4eb5-856d-b9df6dbaa704 is Over-Utilized.
2023-08-31 10:29:37,090 [main] DEBUG balancer.ContainerBalancerTask (ContainerBalancerTask.java:lambda$initializeIteration$1(453)) - Datanode localhost-67.57.113.101 26cfcdbf-604c-4a24-bc8f-61a8e9205e97 is Over-Utilized.
2023-08-31 10:29:37,090 [main] DEBUG balancer.ContainerBalancerTask (ContainerBalancerTask.java:lambda$initializeIteration$1(453)) - Datanode localhost-169.20.163.221 ff694f9b-6474-4aaa-9d28-eb84224aec90 is Over-Utilized.
2023-08-31 10:29:37,090 [main] DEBUG balancer.ContainerBalancerTask (ContainerBalancerTask.java:lambda$initializeIteration$1(453)) - Datanode localhost-22.133.236.143 91950cfb-937b-414e-b182-b03f38c6b6c1 is Over-Utilized.
2023-08-31 10:29:37,090 [main] DEBUG balancer.ContainerBalancerTask (ContainerBalancerTask.java:lambda$initializeIteration$1(453)) - Datanode localhost-49.226.96.162 7e6c2f52-12f6-48da-87ba-1c1fa02e3c2b is Over-Utilized.
2023-08-31 10:29:37,090 [main] DEBUG balancer.ContainerBalancerTask (ContainerBalancerTask.java:lambda$initializeIteration$2(459)) - Datanode localhost-124.0.180.218 0868d73e-9eef-42ad-8032-bd50a82b3926 is Under-Utilized.
2023-08-31 10:29:37,090 [main] DEBUG balancer.ContainerBalancerTask (ContainerBalancerTask.java:lambda$initializeIteration$2(459)) - Datanode localhost-17.109.210.237 06f509fb-760b-4698-a61b-5e3bba8fa3a6 is Under-Utilized.
2023-08-31 10:29:37,090 [main] DEBUG balancer.ContainerBalancerTask (ContainerBalancerTask.java:lambda$initializeIteration$2(459)) - Datanode localhost-254.140.131.1 b263f40a-20d4-400f-896a-0f14ae4ff837 is Under-Utilized.
2023-08-31 10:29:37,096 [main] DEBUG balancer.ContainerBalancerTask (ContainerBalancerTask.java:matchSourceWithTarget(701)) - ContainerBalancer could not find any candidate containers for datanode 6ff27ba5-8da3-4eb5-856d-b9df6dbaa704
2023-08-31 10:29:37,099 [main] DEBUG balancer.ContainerBalancerTask (ContainerBalancerTask.java:matchSourceWithTarget(701)) - ContainerBalancer could not find any candidate containers for datanode 26cfcdbf-604c-4a24-bc8f-61a8e9205e97
2023-08-31 10:29:37,101 [main] DEBUG balancer.ContainerBalancerTask (ContainerBalancerTask.java:matchSourceWithTarget(701)) - ContainerBalancer could not find any candidate containers for datanode ff694f9b-6474-4aaa-9d28-eb84224aec90
2023-08-31 10:29:37,104 [main] DEBUG balancer.ContainerBalancerTask (ContainerBalancerTask.java:matchSourceWithTarget(701)) - ContainerBalancer could not find any candidate containers for datanode 91950cfb-937b-414e-b182-b03f38c6b6c1
2023-08-31 10:29:37,108 [main] DEBUG balancer.ContainerBalancerTask (ContainerBalancerTask.java:matchSourceWithTarget(701)) - ContainerBalancer could not find any candidate containers for datanode 7e6c2f52-12f6-48da-87ba-1c1fa02e3c2b
2023-08-31 10:29:37,108 [main] INFO  balancer.FindSourceGreedy (FindSourceGreedy.java:getNextCandidateSourceDataNode(126)) - no more candidate source data node
2023-08-31 10:29:37,108 [main] INFO  balancer.ContainerBalancerTask (ContainerBalancerTask.java:balance(259)) - Result of this iteration of Container Balancer: CAN_NOT_BALANCE_ANY_MORE
2023-08-31 10:29:37,108 [main] INFO  balancer.ContainerBalancerTask (ContainerBalancerTask.java:tryStopWithSaveConfiguration(308)) - Save Configuration for stopping. Reason: CAN_NOT_BALANCE_ANY_MORE
2023-08-31 10:29:37,135 [main] DEBUG balancer.ContainerBalancerTask (ContainerBalancerTask.java:initializeIteration(374)) - Average utilization of the cluster is 0.369283700483156
2023-08-31 10:29:37,136 [main] DEBUG balancer.ContainerBalancerTask (ContainerBalancerTask.java:initializeIteration(386)) - Lower limit for utilization is 0.269283700483156 and Upper limit for utilization is 0.46928370048315604
2023-08-31 10:29:37,136 [main] DEBUG balancer.ContainerBalancerTask (ContainerBalancerTask.java:initializeIteration(398)) - Utilization for node 6ff27ba5-8da3-4eb5-856d-b9df6dbaa704 with capacity 53687091200B, used 48318382080B, and remaining 5368709120B is 0.9
2023-08-31 10:29:37,136 [main] DEBUG balancer.ContainerBalancerTask (ContainerBalancerTask.java:initializeIteration(398)) - Utilization for node 26cfcdbf-604c-4a24-bc8f-61a8e9205e97 with capacity 61740154880B, used 49392123904B, and remaining 12348030976B is 0.8
2023-08-31 10:29:37,136 [main] DEBUG balancer.ContainerBalancerTask (ContainerBalancerTask.java:initializeIteration(398)) - Utilization for node ff694f9b-6474-4aaa-9d28-eb84224aec90 with capacity 56754924982B, used 39728447488B, and remaining 17026477494B is 0.7000000000105717
2023-08-31 10:29:37,136 [main] DEBUG balancer.ContainerBalancerTask (ContainerBalancerTask.java:initializeIteration(398)) - Utilization for node 91950cfb-937b-414e-b182-b03f38c6b6c1 with capacity 84109776213B, used 50465865728B, and remaining 33643910485B is 0.6000000000023779
2023-08-31 10:29:37,136 [main] DEBUG balancer.ContainerBalancerTask (ContainerBalancerTask.java:initializeIteration(398)) - Utilization for node 7e6c2f52-12f6-48da-87ba-1c1fa02e3c2b with capacity 115964116992B, used 57982058496B, and remaining 57982058496B is 0.5
2023-08-31 10:29:37,136 [main] DEBUG balancer.ContainerBalancerTask (ContainerBalancerTask.java:initializeIteration(398)) - Utilization for node 442c8387-24e7-4733-bbd0-4acc60fa4a02 with capacity 115427246080B, used 46170898432B, and remaining 69256347648B is 0.4
2023-08-31 10:29:37,136 [main] DEBUG balancer.ContainerBalancerTask (ContainerBalancerTask.java:initializeIteration(398)) - Utilization for node 19b9acbd-91e0-4c6e-946f-0762722ad1d1 with capacity 153902994773B, used 46170898432B, and remaining 107732096341B is 0.30000000000064975
2023-08-31 10:29:37,136 [main] DEBUG balancer.ContainerBalancerTask (ContainerBalancerTask.java:initializeIteration(398)) - Utilization for node b263f40a-20d4-400f-896a-0f14ae4ff837 with capacity 155692564480B, used 31138512896B, and remaining 124554051584B is 0.2
2023-08-31 10:29:37,137 [main] DEBUG balancer.ContainerBalancerTask (ContainerBalancerTask.java:initializeIteration(398)) - Utilization for node 06f509fb-760b-4698-a61b-5e3bba8fa3a6 with capacity 257698037760B, used 25769803776B, and remaining 231928233984B is 0.1
2023-08-31 10:29:37,137 [main] DEBUG balancer.ContainerBalancerTask (ContainerBalancerTask.java:initializeIteration(398)) - Utilization for node 0868d73e-9eef-42ad-8032-bd50a82b3926 with capacity 15032385536B, used 0B, and remaining 15032385536B is 0.0
2023-08-31 10:29:37,137 [main] INFO  balancer.ContainerBalancerTask (ContainerBalancerTask.java:initializeIteration(447)) - Container Balancer has identified 5 Over-Utilized and 3 Under-Utilized Datanodes that need to be balanced.
2023-08-31 10:29:37,137 [main] DEBUG balancer.ContainerBalancerTask (ContainerBalancerTask.java:lambda$initializeIteration$1(453)) - Datanode localhost-26.12.55.205 6ff27ba5-8da3-4eb5-856d-b9df6dbaa704 is Over-Utilized.
2023-08-31 10:29:37,137 [main] DEBUG balancer.ContainerBalancerTask (ContainerBalancerTask.java:lambda$initializeIteration$1(453)) - Datanode localhost-67.57.113.101 26cfcdbf-604c-4a24-bc8f-61a8e9205e97 is Over-Utilized.
2023-08-31 10:29:37,137 [main] DEBUG balancer.ContainerBalancerTask (ContainerBalancerTask.java:lambda$initializeIteration$1(453)) - Datanode localhost-169.20.163.221 ff694f9b-6474-4aaa-9d28-eb84224aec90 is Over-Utilized.
2023-08-31 10:29:37,137 [main] DEBUG balancer.ContainerBalancerTask (ContainerBalancerTask.java:lambda$initializeIteration$1(453)) - Datanode localhost-22.133.236.143 91950cfb-937b-414e-b182-b03f38c6b6c1 is Over-Utilized.
2023-08-31 10:29:37,137 [main] DEBUG balancer.ContainerBalancerTask (ContainerBalancerTask.java:lambda$initializeIteration$1(453)) - Datanode localhost-49.226.96.162 7e6c2f52-12f6-48da-87ba-1c1fa02e3c2b is Over-Utilized.
2023-08-31 10:29:37,137 [main] DEBUG balancer.ContainerBalancerTask (ContainerBalancerTask.java:lambda$initializeIteration$2(459)) - Datanode localhost-124.0.180.218 0868d73e-9eef-42ad-8032-bd50a82b3926 is Under-Utilized.
2023-08-31 10:29:37,138 [main] DEBUG balancer.ContainerBalancerTask (ContainerBalancerTask.java:lambda$initializeIteration$2(459)) - Datanode localhost-17.109.210.237 06f509fb-760b-4698-a61b-5e3bba8fa3a6 is Under-Utilized.
2023-08-31 10:29:37,138 [main] DEBUG balancer.ContainerBalancerTask (ContainerBalancerTask.java:lambda$initializeIteration$2(459)) - Datanode localhost-254.140.131.1 b263f40a-20d4-400f-896a-0f14ae4ff837 is Under-Utilized.
2023-08-31 10:29:37,141 [main] DEBUG balancer.ContainerBalancerTask (ContainerBalancerTask.java:matchSourceWithTarget(708)) - ContainerBalancer is finding suitable target for source datanode 6ff27ba5-8da3-4eb5-856d-b9df6dbaa704
2023-08-31 10:29:37,142 [main] INFO  balancer.ContainerBalancerTask (ContainerBalancerTask.java:matchSourceWithTarget(722)) - ContainerBalancer matched source datanode 6ff27ba5-8da3-4eb5-856d-b9df6dbaa704 with target datanode 0868d73e-9eef-42ad-8032-bd50a82b3926 for container move.
2023-08-31 10:29:37,142 [main] INFO  balancer.ContainerBalancerTask (ContainerBalancerTask.java:processMoveSelection(569)) - ContainerBalancer is trying to move container #85 with size 5368709120B from source datanode 6ff27ba5-8da3-4eb5-856d-b9df6dbaa704 to target datanode 0868d73e-9eef-42ad-8032-bd50a82b3926
2023-08-31 10:29:37,142 [main] DEBUG balancer.ContainerBalancerTask (ContainerBalancerTask.java:lambda$moveContainer$3(837)) - Container move completed for container #85 from source 6ff27ba5-8da3-4eb5-856d-b9df6dbaa704 to target 0868d73e-9eef-42ad-8032-bd50a82b3926
2023-08-31 10:29:37,142 [main] DEBUG balancer.ContainerBalancerTask (ContainerBalancerTask.java:adaptOnReachingIterationLimits(782)) - Reached max datanodes to involve limit. 2 datanodes have already been selected for balancing and the limit is 2. Only already selected sources and targets can be involved in balancing now.
2023-08-31 10:29:37,146 [main] DEBUG balancer.ContainerBalancerTask (ContainerBalancerTask.java:matchSourceWithTarget(708)) - ContainerBalancer is finding suitable target for source datanode 6ff27ba5-8da3-4eb5-856d-b9df6dbaa704
2023-08-31 10:29:37,147 [main] INFO  balancer.ContainerBalancerTask (ContainerBalancerTask.java:matchSourceWithTarget(722)) - ContainerBalancer matched source datanode 6ff27ba5-8da3-4eb5-856d-b9df6dbaa704 with target datanode 0868d73e-9eef-42ad-8032-bd50a82b3926 for container move.
2023-08-31 10:29:37,147 [main] INFO  balancer.ContainerBalancerTask (ContainerBalancerTask.java:processMoveSelection(569)) - ContainerBalancer is trying to move container #86 with size 1073741824B from source datanode 6ff27ba5-8da3-4eb5-856d-b9df6dbaa704 to target datanode 0868d73e-9eef-42ad-8032-bd50a82b3926
2023-08-31 10:29:37,148 [main] DEBUG balancer.ContainerBalancerTask (ContainerBalancerTask.java:lambda$moveContainer$3(837)) - Container move completed for container #86 from source 6ff27ba5-8da3-4eb5-856d-b9df6dbaa704 to target 0868d73e-9eef-42ad-8032-bd50a82b3926
2023-08-31 10:29:37,151 [main] DEBUG balancer.ContainerBalancerTask (ContainerBalancerTask.java:matchSourceWithTarget(708)) - ContainerBalancer is finding suitable target for source datanode 6ff27ba5-8da3-4eb5-856d-b9df6dbaa704
2023-08-31 10:29:37,153 [main] INFO  balancer.FindTargetGreedyByUsageInfo (AbstractFindTargetGreedy.java:findTargetForContainerMove(133)) - Container Balancer could not find a target for source datanode 6ff27ba5-8da3-4eb5-856d-b9df6dbaa704
2023-08-31 10:29:37,153 [main] DEBUG balancer.ContainerBalancerTask (ContainerBalancerTask.java:matchSourceWithTarget(717)) - ContainerBalancer could not find a suitable target for source node 6ff27ba5-8da3-4eb5-856d-b9df6dbaa704.
2023-08-31 10:29:37,153 [main] INFO  balancer.FindSourceGreedy (FindSourceGreedy.java:getNextCandidateSourceDataNode(126)) - no more candidate source data node
2023-08-31 10:29:37,154 [main] INFO  balancer.ContainerBalancerTask (ContainerBalancerTask.java:checkIterationMoveResults(642)) - Iteration Summary. Number of Datanodes involved: 2. Size moved: 6 GB (6442450944 Bytes). Number of Container moves completed: 2.
2023-08-31 10:29:37,154 [main] INFO  balancer.ContainerBalancerTask (ContainerBalancerTask.java:balance(259)) - Result of this iteration of Container Balancer: ITERATION_COMPLETED
2023-08-31 10:29:37,156 [main] DEBUG balancer.ContainerBalancerTask (ContainerBalancerTask.java:initializeIteration(374)) - Average utilization of the cluster is 0.369283700483156
2023-08-31 10:29:37,157 [main] DEBUG balancer.ContainerBalancerTask (ContainerBalancerTask.java:initializeIteration(386)) - Lower limit for utilization is 0.269283700483156 and Upper limit for utilization is 0.46928370048315604
2023-08-31 10:29:37,157 [main] DEBUG balancer.ContainerBalancerTask (ContainerBalancerTask.java:initializeIteration(398)) - Utilization for node 6ff27ba5-8da3-4eb5-856d-b9df6dbaa704 with capacity 53687091200B, used 48318382080B, and remaining 5368709120B is 0.9
2023-08-31 10:29:37,157 [main] DEBUG balancer.ContainerBalancerTask (ContainerBalancerTask.java:initializeIteration(398)) - Utilization for node 26cfcdbf-604c-4a24-bc8f-61a8e9205e97 with capacity 61740154880B, used 49392123904B, and remaining 12348030976B is 0.8
2023-08-31 10:29:37,157 [main] DEBUG balancer.ContainerBalancerTask (ContainerBalancerTask.java:initializeIteration(398)) - Utilization for node ff694f9b-6474-4aaa-9d28-eb84224aec90 with capacity 56754924982B, used 39728447488B, and remaining 17026477494B is 0.7000000000105717
2023-08-31 10:29:37,157 [main] DEBUG balancer.ContainerBalancerTask (ContainerBalancerTask.java:initializeIteration(398)) - Utilization for node 91950cfb-937b-414e-b182-b03f38c6b6c1 with capacity 84109776213B, used 50465865728B, and remaining 33643910485B is 0.6000000000023779
2023-08-31 10:29:37,157 [main] DEBUG balancer.ContainerBalancerTask (ContainerBalancerTask.java:initializeIteration(398)) - Utilization for node 7e6c2f52-12f6-48da-87ba-1c1fa02e3c2b with capacity 115964116992B, used 57982058496B, and remaining 57982058496B is 0.5
2023-08-31 10:29:37,157 [main] DEBUG balancer.ContainerBalancerTask (ContainerBalancerTask.java:initializeIteration(398)) - Utilization for node 442c8387-24e7-4733-bbd0-4acc60fa4a02 with capacity 115427246080B, used 46170898432B, and remaining 69256347648B is 0.4
2023-08-31 10:29:37,157 [main] DEBUG balancer.ContainerBalancerTask (ContainerBalancerTask.java:initializeIteration(398)) - Utilization for node 19b9acbd-91e0-4c6e-946f-0762722ad1d1 with capacity 153902994773B, used 46170898432B, and remaining 107732096341B is 0.30000000000064975
2023-08-31 10:29:37,157 [main] DEBUG balancer.ContainerBalancerTask (ContainerBalancerTask.java:initializeIteration(398)) - Utilization for node b263f40a-20d4-400f-896a-0f14ae4ff837 with capacity 155692564480B, used 31138512896B, and remaining 124554051584B is 0.2
2023-08-31 10:29:37,158 [main] DEBUG balancer.ContainerBalancerTask (ContainerBalancerTask.java:initializeIteration(398)) - Utilization for node 06f509fb-760b-4698-a61b-5e3bba8fa3a6 with capacity 257698037760B, used 25769803776B, and remaining 231928233984B is 0.1
2023-08-31 10:29:37,158 [main] DEBUG balancer.ContainerBalancerTask (ContainerBalancerTask.java:initializeIteration(398)) - Utilization for node 0868d73e-9eef-42ad-8032-bd50a82b3926 with capacity 15032385536B, used 0B, and remaining 15032385536B is 0.0
2023-08-31 10:29:37,158 [main] INFO  balancer.ContainerBalancerTask (ContainerBalancerTask.java:initializeIteration(447)) - Container Balancer has identified 5 Over-Utilized and 3 Under-Utilized Datanodes that need to be balanced.
2023-08-31 10:29:37,158 [main] DEBUG balancer.ContainerBalancerTask (ContainerBalancerTask.java:lambda$initializeIteration$1(453)) - Datanode localhost-26.12.55.205 6ff27ba5-8da3-4eb5-856d-b9df6dbaa704 is Over-Utilized.
2023-08-31 10:29:37,158 [main] DEBUG balancer.ContainerBalancerTask (ContainerBalancerTask.java:lambda$initializeIteration$1(453)) - Datanode localhost-67.57.113.101 26cfcdbf-604c-4a24-bc8f-61a8e9205e97 is Over-Utilized.
2023-08-31 10:29:37,158 [main] DEBUG balancer.ContainerBalancerTask (ContainerBalancerTask.java:lambda$initializeIteration$1(453)) - Datanode localhost-169.20.163.221 ff694f9b-6474-4aaa-9d28-eb84224aec90 is Over-Utilized.
2023-08-31 10:29:37,158 [main] DEBUG balancer.ContainerBalancerTask (ContainerBalancerTask.java:lambda$initializeIteration$1(453)) - Datanode localhost-22.133.236.143 91950cfb-937b-414e-b182-b03f38c6b6c1 is Over-Utilized.
2023-08-31 10:29:37,158 [main] DEBUG balancer.ContainerBalancerTask (ContainerBalancerTask.java:lambda$initializeIteration$1(453)) - Datanode localhost-49.226.96.162 7e6c2f52-12f6-48da-87ba-1c1fa02e3c2b is Over-Utilized.
2023-08-31 10:29:37,159 [main] DEBUG balancer.ContainerBalancerTask (ContainerBalancerTask.java:lambda$initializeIteration$2(459)) - Datanode localhost-124.0.180.218 0868d73e-9eef-42ad-8032-bd50a82b3926 is Under-Utilized.
2023-08-31 10:29:37,159 [main] DEBUG balancer.ContainerBalancerTask (ContainerBalancerTask.java:lambda$initializeIteration$2(459)) - Datanode localhost-17.109.210.237 06f509fb-760b-4698-a61b-5e3bba8fa3a6 is Under-Utilized.
2023-08-31 10:29:37,159 [main] DEBUG balancer.ContainerBalancerTask (ContainerBalancerTask.java:lambda$initializeIteration$2(459)) - Datanode localhost-254.140.131.1 b263f40a-20d4-400f-896a-0f14ae4ff837 is Under-Utilized.
2023-08-31 10:29:37,162 [main] DEBUG balancer.ContainerBalancerTask (ContainerBalancerTask.java:matchSourceWithTarget(708)) - ContainerBalancer is finding suitable target for source datanode 6ff27ba5-8da3-4eb5-856d-b9df6dbaa704
2023-08-31 10:29:37,162 [main] INFO  balancer.ContainerBalancerTask (ContainerBalancerTask.java:matchSourceWithTarget(722)) - ContainerBalancer matched source datanode 6ff27ba5-8da3-4eb5-856d-b9df6dbaa704 with target datanode 0868d73e-9eef-42ad-8032-bd50a82b3926 for container move.
2023-08-31 10:29:37,163 [main] INFO  balancer.ContainerBalancerTask (ContainerBalancerTask.java:processMoveSelection(569)) - ContainerBalancer is trying to move container #85 with size 5368709120B from source datanode 6ff27ba5-8da3-4eb5-856d-b9df6dbaa704 to target datanode 0868d73e-9eef-42ad-8032-bd50a82b3926
2023-08-31 10:29:37,163 [main] DEBUG balancer.ContainerBalancerTask (ContainerBalancerTask.java:lambda$moveContainer$3(837)) - Container move completed for container #85 from source 6ff27ba5-8da3-4eb5-856d-b9df6dbaa704 to target 0868d73e-9eef-42ad-8032-bd50a82b3926
2023-08-31 10:29:37,163 [main] DEBUG balancer.ContainerBalancerTask (ContainerBalancerTask.java:adaptOnReachingIterationLimits(782)) - Reached max datanodes to involve limit. 2 datanodes have already been selected for balancing and the limit is 2. Only already selected sources and targets can be involved in balancing now.
2023-08-31 10:29:37,166 [main] DEBUG balancer.ContainerBalancerTask (ContainerBalancerTask.java:matchSourceWithTarget(708)) - ContainerBalancer is finding suitable target for source datanode 6ff27ba5-8da3-4eb5-856d-b9df6dbaa704
2023-08-31 10:29:37,167 [main] INFO  balancer.ContainerBalancerTask (ContainerBalancerTask.java:matchSourceWithTarget(722)) - ContainerBalancer matched source datanode 6ff27ba5-8da3-4eb5-856d-b9df6dbaa704 with target datanode 0868d73e-9eef-42ad-8032-bd50a82b3926 for container move.
2023-08-31 10:29:37,167 [main] INFO  balancer.ContainerBalancerTask (ContainerBalancerTask.java:processMoveSelection(569)) - ContainerBalancer is trying to move container #86 with size 1073741824B from source datanode 6ff27ba5-8da3-4eb5-856d-b9df6dbaa704 to target datanode 0868d73e-9eef-42ad-8032-bd50a82b3926
2023-08-31 10:29:37,168 [main] DEBUG balancer.ContainerBalancerTask (ContainerBalancerTask.java:lambda$moveContainer$3(837)) - Container move completed for container #86 from source 6ff27ba5-8da3-4eb5-856d-b9df6dbaa704 to target 0868d73e-9eef-42ad-8032-bd50a82b3926
2023-08-31 10:29:37,171 [main] DEBUG balancer.ContainerBalancerTask (ContainerBalancerTask.java:matchSourceWithTarget(708)) - ContainerBalancer is finding suitable target for source datanode 6ff27ba5-8da3-4eb5-856d-b9df6dbaa704
2023-08-31 10:29:37,173 [main] INFO  balancer.FindTargetGreedyByUsageInfo (AbstractFindTargetGreedy.java:findTargetForContainerMove(133)) - Container Balancer could not find a target for source datanode 6ff27ba5-8da3-4eb5-856d-b9df6dbaa704
2023-08-31 10:29:37,173 [main] DEBUG balancer.ContainerBalancerTask (ContainerBalancerTask.java:matchSourceWithTarget(717)) - ContainerBalancer could not find a suitable target for source node 6ff27ba5-8da3-4eb5-856d-b9df6dbaa704.
2023-08-31 10:29:37,173 [main] INFO  balancer.FindSourceGreedy (FindSourceGreedy.java:getNextCandidateSourceDataNode(126)) - no more candidate source data node
2023-08-31 10:29:37,174 [main] INFO  balancer.ContainerBalancerTask (ContainerBalancerTask.java:checkIterationMoveResults(642)) - Iteration Summary. Number of Datanodes involved: 2. Size moved: 6 GB (6442450944 Bytes). Number of Container moves completed: 2.
2023-08-31 10:29:37,174 [main] INFO  balancer.ContainerBalancerTask (ContainerBalancerTask.java:balance(259)) - Result of this iteration of Container Balancer: ITERATION_COMPLETED
2023-08-31 10:29:37,176 [main] DEBUG balancer.ContainerBalancerTask (ContainerBalancerTask.java:initializeIteration(374)) - Average utilization of the cluster is 0.369283700483156
2023-08-31 10:29:37,176 [main] DEBUG balancer.ContainerBalancerTask (ContainerBalancerTask.java:initializeIteration(386)) - Lower limit for utilization is 0.269283700483156 and Upper limit for utilization is 0.46928370048315604
2023-08-31 10:29:37,176 [main] DEBUG balancer.ContainerBalancerTask (ContainerBalancerTask.java:initializeIteration(398)) - Utilization for node 6ff27ba5-8da3-4eb5-856d-b9df6dbaa704 with capacity 53687091200B, used 48318382080B, and remaining 5368709120B is 0.9
2023-08-31 10:29:37,176 [main] DEBUG balancer.ContainerBalancerTask (ContainerBalancerTask.java:initializeIteration(398)) - Utilization for node 26cfcdbf-604c-4a24-bc8f-61a8e9205e97 with capacity 61740154880B, used 49392123904B, and remaining 12348030976B is 0.8
2023-08-31 10:29:37,176 [main] DEBUG balancer.ContainerBalancerTask (ContainerBalancerTask.java:initializeIteration(398)) - Utilization for node ff694f9b-6474-4aaa-9d28-eb84224aec90 with capacity 56754924982B, used 39728447488B, and remaining 17026477494B is 0.7000000000105717
2023-08-31 10:29:37,176 [main] DEBUG balancer.ContainerBalancerTask (ContainerBalancerTask.java:initializeIteration(398)) - Utilization for node 91950cfb-937b-414e-b182-b03f38c6b6c1 with capacity 84109776213B, used 50465865728B, and remaining 33643910485B is 0.6000000000023779
2023-08-31 10:29:37,176 [main] DEBUG balancer.ContainerBalancerTask (ContainerBalancerTask.java:initializeIteration(398)) - Utilization for node 7e6c2f52-12f6-48da-87ba-1c1fa02e3c2b with capacity 115964116992B, used 57982058496B, and remaining 57982058496B is 0.5
2023-08-31 10:29:37,176 [main] DEBUG balancer.ContainerBalancerTask (ContainerBalancerTask.java:initializeIteration(398)) - Utilization for node 442c8387-24e7-4733-bbd0-4acc60fa4a02 with capacity 115427246080B, used 46170898432B, and remaining 69256347648B is 0.4
2023-08-31 10:29:37,177 [main] DEBUG balancer.ContainerBalancerTask (ContainerBalancerTask.java:initializeIteration(398)) - Utilization for node 19b9acbd-91e0-4c6e-946f-0762722ad1d1 with capacity 153902994773B, used 46170898432B, and remaining 107732096341B is 0.30000000000064975
2023-08-31 10:29:37,177 [main] DEBUG balancer.ContainerBalancerTask (ContainerBalancerTask.java:initializeIteration(398)) - Utilization for node b263f40a-20d4-400f-896a-0f14ae4ff837 with capacity 155692564480B, used 31138512896B, and remaining 124554051584B is 0.2
2023-08-31 10:29:37,177 [main] DEBUG balancer.ContainerBalancerTask (ContainerBalancerTask.java:initializeIteration(398)) - Utilization for node 06f509fb-760b-4698-a61b-5e3bba8fa3a6 with capacity 257698037760B, used 25769803776B, and remaining 231928233984B is 0.1
2023-08-31 10:29:37,177 [main] DEBUG balancer.ContainerBalancerTask (ContainerBalancerTask.java:initializeIteration(398)) - Utilization for node 0868d73e-9eef-42ad-8032-bd50a82b3926 with capacity 15032385536B, used 0B, and remaining 15032385536B is 0.0
2023-08-31 10:29:37,177 [main] INFO  balancer.ContainerBalancerTask (ContainerBalancerTask.java:initializeIteration(447)) - Container Balancer has identified 5 Over-Utilized and 3 Under-Utilized Datanodes that need to be balanced.
2023-08-31 10:29:37,177 [main] DEBUG balancer.ContainerBalancerTask (ContainerBalancerTask.java:lambda$initializeIteration$1(453)) - Datanode localhost-26.12.55.205 6ff27ba5-8da3-4eb5-856d-b9df6dbaa704 is Over-Utilized.
2023-08-31 10:29:37,177 [main] DEBUG balancer.ContainerBalancerTask (ContainerBalancerTask.java:lambda$initializeIteration$1(453)) - Datanode localhost-67.57.113.101 26cfcdbf-604c-4a24-bc8f-61a8e9205e97 is Over-Utilized.
2023-08-31 10:29:37,177 [main] DEBUG balancer.ContainerBalancerTask (ContainerBalancerTask.java:lambda$initializeIteration$1(453)) - Datanode localhost-169.20.163.221 ff694f9b-6474-4aaa-9d28-eb84224aec90 is Over-Utilized.
2023-08-31 10:29:37,177 [main] DEBUG balancer.ContainerBalancerTask (ContainerBalancerTask.java:lambda$initializeIteration$1(453)) - Datanode localhost-22.133.236.143 91950cfb-937b-414e-b182-b03f38c6b6c1 is Over-Utilized.
2023-08-31 10:29:37,178 [main] DEBUG balancer.ContainerBalancerTask (ContainerBalancerTask.java:lambda$initializeIteration$1(453)) - Datanode localhost-49.226.96.162 7e6c2f52-12f6-48da-87ba-1c1fa02e3c2b is Over-Utilized.
2023-08-31 10:29:37,178 [main] DEBUG balancer.ContainerBalancerTask (ContainerBalancerTask.java:lambda$initializeIteration$2(459)) - Datanode localhost-124.0.180.218 0868d73e-9eef-42ad-8032-bd50a82b3926 is Under-Utilized.
2023-08-31 10:29:37,178 [main] DEBUG balancer.ContainerBalancerTask (ContainerBalancerTask.java:lambda$initializeIteration$2(459)) - Datanode localhost-17.109.210.237 06f509fb-760b-4698-a61b-5e3bba8fa3a6 is Under-Utilized.
2023-08-31 10:29:37,178 [main] DEBUG balancer.ContainerBalancerTask (ContainerBalancerTask.java:lambda$initializeIteration$2(459)) - Datanode localhost-254.140.131.1 b263f40a-20d4-400f-896a-0f14ae4ff837 is Under-Utilized.
2023-08-31 10:29:37,181 [main] DEBUG balancer.ContainerBalancerTask (ContainerBalancerTask.java:matchSourceWithTarget(708)) - ContainerBalancer is finding suitable target for source datanode 6ff27ba5-8da3-4eb5-856d-b9df6dbaa704
2023-08-31 10:29:37,182 [main] INFO  balancer.ContainerBalancerTask (ContainerBalancerTask.java:matchSourceWithTarget(722)) - ContainerBalancer matched source datanode 6ff27ba5-8da3-4eb5-856d-b9df6dbaa704 with target datanode 0868d73e-9eef-42ad-8032-bd50a82b3926 for container move.
2023-08-31 10:29:37,182 [main] INFO  balancer.ContainerBalancerTask (ContainerBalancerTask.java:processMoveSelection(569)) - ContainerBalancer is trying to move container #85 with size 5368709120B from source datanode 6ff27ba5-8da3-4eb5-856d-b9df6dbaa704 to target datanode 0868d73e-9eef-42ad-8032-bd50a82b3926
2023-08-31 10:29:37,182 [main] DEBUG balancer.ContainerBalancerTask (ContainerBalancerTask.java:lambda$moveContainer$3(837)) - Container move completed for container #85 from source 6ff27ba5-8da3-4eb5-856d-b9df6dbaa704 to target 0868d73e-9eef-42ad-8032-bd50a82b3926
2023-08-31 10:29:37,182 [main] DEBUG balancer.ContainerBalancerTask (ContainerBalancerTask.java:adaptOnReachingIterationLimits(782)) - Reached max datanodes to involve limit. 2 datanodes have already been selected for balancing and the limit is 2. Only already selected sources and targets can be involved in balancing now.
2023-08-31 10:29:37,185 [main] DEBUG balancer.ContainerBalancerTask (ContainerBalancerTask.java:matchSourceWithTarget(708)) - ContainerBalancer is finding suitable target for source datanode 6ff27ba5-8da3-4eb5-856d-b9df6dbaa704
2023-08-31 10:29:37,188 [main] INFO  balancer.ContainerBalancerTask (ContainerBalancerTask.java:matchSourceWithTarget(722)) - ContainerBalancer matched source datanode 6ff27ba5-8da3-4eb5-856d-b9df6dbaa704 with target datanode 0868d73e-9eef-42ad-8032-bd50a82b3926 for container move.
2023-08-31 10:29:37,188 [main] INFO  balancer.ContainerBalancerTask (ContainerBalancerTask.java:processMoveSelection(569)) - ContainerBalancer is trying to move container #86 with size 1073741824B from source datanode 6ff27ba5-8da3-4eb5-856d-b9df6dbaa704 to target datanode 0868d73e-9eef-42ad-8032-bd50a82b3926
2023-08-31 10:29:37,188 [main] DEBUG balancer.ContainerBalancerTask (ContainerBalancerTask.java:lambda$moveContainer$3(837)) - Container move completed for container #86 from source 6ff27ba5-8da3-4eb5-856d-b9df6dbaa704 to target 0868d73e-9eef-42ad-8032-bd50a82b3926
2023-08-31 10:29:37,191 [main] DEBUG balancer.ContainerBalancerTask (ContainerBalancerTask.java:matchSourceWithTarget(708)) - ContainerBalancer is finding suitable target for source datanode 6ff27ba5-8da3-4eb5-856d-b9df6dbaa704
2023-08-31 10:29:37,194 [main] INFO  balancer.FindTargetGreedyByUsageInfo (AbstractFindTargetGreedy.java:findTargetForContainerMove(133)) - Container Balancer could not find a target for source datanode 6ff27ba5-8da3-4eb5-856d-b9df6dbaa704
2023-08-31 10:29:37,194 [main] DEBUG balancer.ContainerBalancerTask (ContainerBalancerTask.java:matchSourceWithTarget(717)) - ContainerBalancer could not find a suitable target for source node 6ff27ba5-8da3-4eb5-856d-b9df6dbaa704.
2023-08-31 10:29:37,194 [main] INFO  balancer.FindSourceGreedy (FindSourceGreedy.java:getNextCandidateSourceDataNode(126)) - no more candidate source data node
2023-08-31 10:29:37,194 [main] INFO  balancer.ContainerBalancerTask (ContainerBalancerTask.java:checkIterationMoveResults(642)) - Iteration Summary. Number of Datanodes involved: 2. Size moved: 6 GB (6442450944 Bytes). Number of Container moves completed: 2.
2023-08-31 10:29:37,194 [main] INFO  balancer.ContainerBalancerTask (ContainerBalancerTask.java:balance(259)) - Result of this iteration of Container Balancer: ITERATION_COMPLETED
2023-08-31 10:29:37,196 [main] DEBUG balancer.ContainerBalancerTask (ContainerBalancerTask.java:initializeIteration(374)) - Average utilization of the cluster is 0.369283700483156
2023-08-31 10:29:37,197 [main] DEBUG balancer.ContainerBalancerTask (ContainerBalancerTask.java:initializeIteration(386)) - Lower limit for utilization is 0.269283700483156 and Upper limit for utilization is 0.46928370048315604
2023-08-31 10:29:37,197 [main] DEBUG balancer.ContainerBalancerTask (ContainerBalancerTask.java:initializeIteration(398)) - Utilization for node 6ff27ba5-8da3-4eb5-856d-b9df6dbaa704 with capacity 53687091200B, used 48318382080B, and remaining 5368709120B is 0.9
2023-08-31 10:29:37,197 [main] DEBUG balancer.ContainerBalancerTask (ContainerBalancerTask.java:initializeIteration(398)) - Utilization for node 26cfcdbf-604c-4a24-bc8f-61a8e9205e97 with capacity 61740154880B, used 49392123904B, and remaining 12348030976B is 0.8
2023-08-31 10:29:37,197 [main] DEBUG balancer.ContainerBalancerTask (ContainerBalancerTask.java:initializeIteration(398)) - Utilization for node ff694f9b-6474-4aaa-9d28-eb84224aec90 with capacity 56754924982B, used 39728447488B, and remaining 17026477494B is 0.7000000000105717
2023-08-31 10:29:37,197 [main] DEBUG balancer.ContainerBalancerTask (ContainerBalancerTask.java:initializeIteration(398)) - Utilization for node 91950cfb-937b-414e-b182-b03f38c6b6c1 with capacity 84109776213B, used 50465865728B, and remaining 33643910485B is 0.6000000000023779
2023-08-31 10:29:37,197 [main] DEBUG balancer.ContainerBalancerTask (ContainerBalancerTask.java:initializeIteration(398)) - Utilization for node 7e6c2f52-12f6-48da-87ba-1c1fa02e3c2b with capacity 115964116992B, used 57982058496B, and remaining 57982058496B is 0.5
2023-08-31 10:29:37,197 [main] DEBUG balancer.ContainerBalancerTask (ContainerBalancerTask.java:initializeIteration(398)) - Utilization for node 442c8387-24e7-4733-bbd0-4acc60fa4a02 with capacity 115427246080B, used 46170898432B, and remaining 69256347648B is 0.4
2023-08-31 10:29:37,197 [main] DEBUG balancer.ContainerBalancerTask (ContainerBalancerTask.java:initializeIteration(398)) - Utilization for node 19b9acbd-91e0-4c6e-946f-0762722ad1d1 with capacity 153902994773B, used 46170898432B, and remaining 107732096341B is 0.30000000000064975
2023-08-31 10:29:37,197 [main] DEBUG balancer.ContainerBalancerTask (ContainerBalancerTask.java:initializeIteration(398)) - Utilization for node b263f40a-20d4-400f-896a-0f14ae4ff837 with capacity 155692564480B, used 31138512896B, and remaining 124554051584B is 0.2
2023-08-31 10:29:37,198 [main] DEBUG balancer.ContainerBalancerTask (ContainerBalancerTask.java:initializeIteration(398)) - Utilization for node 06f509fb-760b-4698-a61b-5e3bba8fa3a6 with capacity 257698037760B, used 25769803776B, and remaining 231928233984B is 0.1
2023-08-31 10:29:37,198 [main] DEBUG balancer.ContainerBalancerTask (ContainerBalancerTask.java:initializeIteration(398)) - Utilization for node 0868d73e-9eef-42ad-8032-bd50a82b3926 with capacity 15032385536B, used 0B, and remaining 15032385536B is 0.0
2023-08-31 10:29:37,198 [main] INFO  balancer.ContainerBalancerTask (ContainerBalancerTask.java:initializeIteration(447)) - Container Balancer has identified 5 Over-Utilized and 3 Under-Utilized Datanodes that need to be balanced.
2023-08-31 10:29:37,198 [main] DEBUG balancer.ContainerBalancerTask (ContainerBalancerTask.java:lambda$initializeIteration$1(453)) - Datanode localhost-26.12.55.205 6ff27ba5-8da3-4eb5-856d-b9df6dbaa704 is Over-Utilized.
2023-08-31 10:29:37,198 [main] DEBUG balancer.ContainerBalancerTask (ContainerBalancerTask.java:lambda$initializeIteration$1(453)) - Datanode localhost-67.57.113.101 26cfcdbf-604c-4a24-bc8f-61a8e9205e97 is Over-Utilized.
2023-08-31 10:29:37,198 [main] DEBUG balancer.ContainerBalancerTask (ContainerBalancerTask.java:lambda$initializeIteration$1(453)) - Datanode localhost-169.20.163.221 ff694f9b-6474-4aaa-9d28-eb84224aec90 is Over-Utilized.
2023-08-31 10:29:37,199 [main] DEBUG balancer.ContainerBalancerTask (ContainerBalancerTask.java:lambda$initializeIteration$1(453)) - Datanode localhost-22.133.236.143 91950cfb-937b-414e-b182-b03f38c6b6c1 is Over-Utilized.
2023-08-31 10:29:37,199 [main] DEBUG balancer.ContainerBalancerTask (ContainerBalancerTask.java:lambda$initializeIteration$1(453)) - Datanode localhost-49.226.96.162 7e6c2f52-12f6-48da-87ba-1c1fa02e3c2b is Over-Utilized.
2023-08-31 10:29:37,199 [main] DEBUG balancer.ContainerBalancerTask (ContainerBalancerTask.java:lambda$initializeIteration$2(459)) - Datanode localhost-124.0.180.218 0868d73e-9eef-42ad-8032-bd50a82b3926 is Under-Utilized.
2023-08-31 10:29:37,199 [main] DEBUG balancer.ContainerBalancerTask (ContainerBalancerTask.java:lambda$initializeIteration$2(459)) - Datanode localhost-17.109.210.237 06f509fb-760b-4698-a61b-5e3bba8fa3a6 is Under-Utilized.
2023-08-31 10:29:37,199 [main] DEBUG balancer.ContainerBalancerTask (ContainerBalancerTask.java:lambda$initializeIteration$2(459)) - Datanode localhost-254.140.131.1 b263f40a-20d4-400f-896a-0f14ae4ff837 is Under-Utilized.
2023-08-31 10:29:37,202 [main] DEBUG balancer.ContainerBalancerTask (ContainerBalancerTask.java:matchSourceWithTarget(708)) - ContainerBalancer is finding suitable target for source datanode 6ff27ba5-8da3-4eb5-856d-b9df6dbaa704
2023-08-31 10:29:37,203 [main] INFO  balancer.ContainerBalancerTask (ContainerBalancerTask.java:matchSourceWithTarget(722)) - ContainerBalancer matched source datanode 6ff27ba5-8da3-4eb5-856d-b9df6dbaa704 with target datanode 0868d73e-9eef-42ad-8032-bd50a82b3926 for container move.
2023-08-31 10:29:37,203 [main] INFO  balancer.ContainerBalancerTask (ContainerBalancerTask.java:processMoveSelection(569)) - ContainerBalancer is trying to move container #85 with size 5368709120B from source datanode 6ff27ba5-8da3-4eb5-856d-b9df6dbaa704 to target datanode 0868d73e-9eef-42ad-8032-bd50a82b3926
2023-08-31 10:29:37,203 [main] DEBUG balancer.ContainerBalancerTask (ContainerBalancerTask.java:lambda$moveContainer$3(837)) - Container move completed for container #85 from source 6ff27ba5-8da3-4eb5-856d-b9df6dbaa704 to target 0868d73e-9eef-42ad-8032-bd50a82b3926
2023-08-31 10:29:37,203 [main] DEBUG balancer.ContainerBalancerTask (ContainerBalancerTask.java:adaptOnReachingIterationLimits(782)) - Reached max datanodes to involve limit. 2 datanodes have already been selected for balancing and the limit is 2. Only already selected sources and targets can be involved in balancing now.
2023-08-31 10:29:37,208 [main] DEBUG balancer.ContainerBalancerTask (ContainerBalancerTask.java:matchSourceWithTarget(708)) - ContainerBalancer is finding suitable target for source datanode 6ff27ba5-8da3-4eb5-856d-b9df6dbaa704
2023-08-31 10:29:37,209 [main] INFO  balancer.ContainerBalancerTask (ContainerBalancerTask.java:matchSourceWithTarget(722)) - ContainerBalancer matched source datanode 6ff27ba5-8da3-4eb5-856d-b9df6dbaa704 with target datanode 0868d73e-9eef-42ad-8032-bd50a82b3926 for container move.
2023-08-31 10:29:37,210 [main] INFO  balancer.ContainerBalancerTask (ContainerBalancerTask.java:processMoveSelection(569)) - ContainerBalancer is trying to move container #86 with size 1073741824B from source datanode 6ff27ba5-8da3-4eb5-856d-b9df6dbaa704 to target datanode 0868d73e-9eef-42ad-8032-bd50a82b3926
2023-08-31 10:29:37,211 [main] DEBUG balancer.ContainerBalancerTask (ContainerBalancerTask.java:lambda$moveContainer$3(837)) - Container move completed for container #86 from source 6ff27ba5-8da3-4eb5-856d-b9df6dbaa704 to target 0868d73e-9eef-42ad-8032-bd50a82b3926
2023-08-31 10:29:37,215 [main] DEBUG balancer.ContainerBalancerTask (ContainerBalancerTask.java:matchSourceWithTarget(708)) - ContainerBalancer is finding suitable target for source datanode 6ff27ba5-8da3-4eb5-856d-b9df6dbaa704
2023-08-31 10:29:37,221 [main] INFO  balancer.FindTargetGreedyByUsageInfo (AbstractFindTargetGreedy.java:findTargetForContainerMove(133)) - Container Balancer could not find a target for source datanode 6ff27ba5-8da3-4eb5-856d-b9df6dbaa704
2023-08-31 10:29:37,221 [main] DEBUG balancer.ContainerBalancerTask (ContainerBalancerTask.java:matchSourceWithTarget(717)) - ContainerBalancer could not find a suitable target for source node 6ff27ba5-8da3-4eb5-856d-b9df6dbaa704.
2023-08-31 10:29:37,221 [main] INFO  balancer.FindSourceGreedy (FindSourceGreedy.java:getNextCandidateSourceDataNode(126)) - no more candidate source data node
2023-08-31 10:29:37,221 [main] INFO  balancer.ContainerBalancerTask (ContainerBalancerTask.java:checkIterationMoveResults(642)) - Iteration Summary. Number of Datanodes involved: 2. Size moved: 6 GB (6442450944 Bytes). Number of Container moves completed: 2.
2023-08-31 10:29:37,221 [main] INFO  balancer.ContainerBalancerTask (ContainerBalancerTask.java:balance(259)) - Result of this iteration of Container Balancer: ITERATION_COMPLETED
2023-08-31 10:29:37,224 [main] DEBUG balancer.ContainerBalancerTask (ContainerBalancerTask.java:initializeIteration(374)) - Average utilization of the cluster is 0.369283700483156
2023-08-31 10:29:37,224 [main] DEBUG balancer.ContainerBalancerTask (ContainerBalancerTask.java:initializeIteration(386)) - Lower limit for utilization is 0.269283700483156 and Upper limit for utilization is 0.46928370048315604
2023-08-31 10:29:37,224 [main] DEBUG balancer.ContainerBalancerTask (ContainerBalancerTask.java:initializeIteration(398)) - Utilization for node 6ff27ba5-8da3-4eb5-856d-b9df6dbaa704 with capacity 53687091200B, used 48318382080B, and remaining 5368709120B is 0.9
2023-08-31 10:29:37,224 [main] DEBUG balancer.ContainerBalancerTask (ContainerBalancerTask.java:initializeIteration(398)) - Utilization for node 26cfcdbf-604c-4a24-bc8f-61a8e9205e97 with capacity 61740154880B, used 49392123904B, and remaining 12348030976B is 0.8
2023-08-31 10:29:37,225 [main] DEBUG balancer.ContainerBalancerTask (ContainerBalancerTask.java:initializeIteration(398)) - Utilization for node ff694f9b-6474-4aaa-9d28-eb84224aec90 with capacity 56754924982B, used 39728447488B, and remaining 17026477494B is 0.7000000000105717
2023-08-31 10:29:37,225 [main] DEBUG balancer.ContainerBalancerTask (ContainerBalancerTask.java:initializeIteration(398)) - Utilization for node 91950cfb-937b-414e-b182-b03f38c6b6c1 with capacity 84109776213B, used 50465865728B, and remaining 33643910485B is 0.6000000000023779
2023-08-31 10:29:37,225 [main] DEBUG balancer.ContainerBalancerTask (ContainerBalancerTask.java:initializeIteration(398)) - Utilization for node 7e6c2f52-12f6-48da-87ba-1c1fa02e3c2b with capacity 115964116992B, used 57982058496B, and remaining 57982058496B is 0.5
2023-08-31 10:29:37,225 [main] DEBUG balancer.ContainerBalancerTask (ContainerBalancerTask.java:initializeIteration(398)) - Utilization for node 442c8387-24e7-4733-bbd0-4acc60fa4a02 with capacity 115427246080B, used 46170898432B, and remaining 69256347648B is 0.4
2023-08-31 10:29:37,225 [main] DEBUG balancer.ContainerBalancerTask (ContainerBalancerTask.java:initializeIteration(398)) - Utilization for node 19b9acbd-91e0-4c6e-946f-0762722ad1d1 with capacity 153902994773B, used 46170898432B, and remaining 107732096341B is 0.30000000000064975
2023-08-31 10:29:37,225 [main] DEBUG balancer.ContainerBalancerTask (ContainerBalancerTask.java:initializeIteration(398)) - Utilization for node b263f40a-20d4-400f-896a-0f14ae4ff837 with capacity 155692564480B, used 31138512896B, and remaining 124554051584B is 0.2
2023-08-31 10:29:37,226 [main] DEBUG balancer.ContainerBalancerTask (ContainerBalancerTask.java:initializeIteration(398)) - Utilization for node 06f509fb-760b-4698-a61b-5e3bba8fa3a6 with capacity 257698037760B, used 25769803776B, and remaining 231928233984B is 0.1
2023-08-31 10:29:37,226 [main] DEBUG balancer.ContainerBalancerTask (ContainerBalancerTask.java:initializeIteration(398)) - Utilization for node 0868d73e-9eef-42ad-8032-bd50a82b3926 with capacity 15032385536B, used 0B, and remaining 15032385536B is 0.0
2023-08-31 10:29:37,226 [main] INFO  balancer.ContainerBalancerTask (ContainerBalancerTask.java:initializeIteration(447)) - Container Balancer has identified 5 Over-Utilized and 3 Under-Utilized Datanodes that need to be balanced.
2023-08-31 10:29:37,226 [main] DEBUG balancer.ContainerBalancerTask (ContainerBalancerTask.java:lambda$initializeIteration$1(453)) - Datanode localhost-26.12.55.205 6ff27ba5-8da3-4eb5-856d-b9df6dbaa704 is Over-Utilized.
2023-08-31 10:29:37,226 [main] DEBUG balancer.ContainerBalancerTask (ContainerBalancerTask.java:lambda$initializeIteration$1(453)) - Datanode localhost-67.57.113.101 26cfcdbf-604c-4a24-bc8f-61a8e9205e97 is Over-Utilized.
2023-08-31 10:29:37,226 [main] DEBUG balancer.ContainerBalancerTask (ContainerBalancerTask.java:lambda$initializeIteration$1(453)) - Datanode localhost-169.20.163.221 ff694f9b-6474-4aaa-9d28-eb84224aec90 is Over-Utilized.
2023-08-31 10:29:37,226 [main] DEBUG balancer.ContainerBalancerTask (ContainerBalancerTask.java:lambda$initializeIteration$1(453)) - Datanode localhost-22.133.236.143 91950cfb-937b-414e-b182-b03f38c6b6c1 is Over-Utilized.
2023-08-31 10:29:37,226 [main] DEBUG balancer.ContainerBalancerTask (ContainerBalancerTask.java:lambda$initializeIteration$1(453)) - Datanode localhost-49.226.96.162 7e6c2f52-12f6-48da-87ba-1c1fa02e3c2b is Over-Utilized.
2023-08-31 10:29:37,226 [main] DEBUG balancer.ContainerBalancerTask (ContainerBalancerTask.java:lambda$initializeIteration$2(459)) - Datanode localhost-124.0.180.218 0868d73e-9eef-42ad-8032-bd50a82b3926 is Under-Utilized.
2023-08-31 10:29:37,227 [main] DEBUG balancer.ContainerBalancerTask (ContainerBalancerTask.java:lambda$initializeIteration$2(459)) - Datanode localhost-17.109.210.237 06f509fb-760b-4698-a61b-5e3bba8fa3a6 is Under-Utilized.
2023-08-31 10:29:37,227 [main] DEBUG balancer.ContainerBalancerTask (ContainerBalancerTask.java:lambda$initializeIteration$2(459)) - Datanode localhost-254.140.131.1 b263f40a-20d4-400f-896a-0f14ae4ff837 is Under-Utilized.
2023-08-31 10:29:37,230 [main] DEBUG balancer.ContainerBalancerTask (ContainerBalancerTask.java:matchSourceWithTarget(708)) - ContainerBalancer is finding suitable target for source datanode 6ff27ba5-8da3-4eb5-856d-b9df6dbaa704
2023-08-31 10:29:37,230 [main] INFO  balancer.ContainerBalancerTask (ContainerBalancerTask.java:matchSourceWithTarget(722)) - ContainerBalancer matched source datanode 6ff27ba5-8da3-4eb5-856d-b9df6dbaa704 with target datanode 0868d73e-9eef-42ad-8032-bd50a82b3926 for container move.
2023-08-31 10:29:37,231 [main] INFO  balancer.ContainerBalancerTask (ContainerBalancerTask.java:processMoveSelection(569)) - ContainerBalancer is trying to move container #85 with size 5368709120B from source datanode 6ff27ba5-8da3-4eb5-856d-b9df6dbaa704 to target datanode 0868d73e-9eef-42ad-8032-bd50a82b3926
2023-08-31 10:29:37,231 [main] DEBUG balancer.ContainerBalancerTask (ContainerBalancerTask.java:lambda$moveContainer$3(837)) - Container move completed for container #85 from source 6ff27ba5-8da3-4eb5-856d-b9df6dbaa704 to target 0868d73e-9eef-42ad-8032-bd50a82b3926
2023-08-31 10:29:37,231 [main] DEBUG balancer.ContainerBalancerTask (ContainerBalancerTask.java:adaptOnReachingIterationLimits(782)) - Reached max datanodes to involve limit. 2 datanodes have already been selected for balancing and the limit is 2. Only already selected sources and targets can be involved in balancing now.
2023-08-31 10:29:37,234 [main] DEBUG balancer.ContainerBalancerTask (ContainerBalancerTask.java:matchSourceWithTarget(708)) - ContainerBalancer is finding suitable target for source datanode 6ff27ba5-8da3-4eb5-856d-b9df6dbaa704
2023-08-31 10:29:37,238 [main] INFO  balancer.ContainerBalancerTask (ContainerBalancerTask.java:matchSourceWithTarget(722)) - ContainerBalancer matched source datanode 6ff27ba5-8da3-4eb5-856d-b9df6dbaa704 with target datanode 0868d73e-9eef-42ad-8032-bd50a82b3926 for container move.
2023-08-31 10:29:37,238 [main] INFO  balancer.ContainerBalancerTask (ContainerBalancerTask.java:processMoveSelection(569)) - ContainerBalancer is trying to move container #86 with size 1073741824B from source datanode 6ff27ba5-8da3-4eb5-856d-b9df6dbaa704 to target datanode 0868d73e-9eef-42ad-8032-bd50a82b3926
2023-08-31 10:29:37,238 [main] DEBUG balancer.ContainerBalancerTask (ContainerBalancerTask.java:lambda$moveContainer$3(837)) - Container move completed for container #86 from source 6ff27ba5-8da3-4eb5-856d-b9df6dbaa704 to target 0868d73e-9eef-42ad-8032-bd50a82b3926
2023-08-31 10:29:37,242 [main] DEBUG balancer.ContainerBalancerTask (ContainerBalancerTask.java:matchSourceWithTarget(708)) - ContainerBalancer is finding suitable target for source datanode 6ff27ba5-8da3-4eb5-856d-b9df6dbaa704
2023-08-31 10:29:37,243 [main] INFO  balancer.FindTargetGreedyByUsageInfo (AbstractFindTargetGreedy.java:findTargetForContainerMove(133)) - Container Balancer could not find a target for source datanode 6ff27ba5-8da3-4eb5-856d-b9df6dbaa704
2023-08-31 10:29:37,243 [main] DEBUG balancer.ContainerBalancerTask (ContainerBalancerTask.java:matchSourceWithTarget(717)) - ContainerBalancer could not find a suitable target for source node 6ff27ba5-8da3-4eb5-856d-b9df6dbaa704.
2023-08-31 10:29:37,243 [main] INFO  balancer.FindSourceGreedy (FindSourceGreedy.java:getNextCandidateSourceDataNode(126)) - no more candidate source data node
2023-08-31 10:29:37,243 [main] INFO  balancer.ContainerBalancerTask (ContainerBalancerTask.java:checkIterationMoveResults(642)) - Iteration Summary. Number of Datanodes involved: 2. Size moved: 6 GB (6442450944 Bytes). Number of Container moves completed: 2.
2023-08-31 10:29:37,243 [main] INFO  balancer.ContainerBalancerTask (ContainerBalancerTask.java:balance(259)) - Result of this iteration of Container Balancer: ITERATION_COMPLETED
2023-08-31 10:29:37,245 [main] DEBUG balancer.ContainerBalancerTask (ContainerBalancerTask.java:initializeIteration(374)) - Average utilization of the cluster is 0.369283700483156
2023-08-31 10:29:37,245 [main] DEBUG balancer.ContainerBalancerTask (ContainerBalancerTask.java:initializeIteration(386)) - Lower limit for utilization is 0.269283700483156 and Upper limit for utilization is 0.46928370048315604
2023-08-31 10:29:37,245 [main] DEBUG balancer.ContainerBalancerTask (ContainerBalancerTask.java:initializeIteration(398)) - Utilization for node 6ff27ba5-8da3-4eb5-856d-b9df6dbaa704 with capacity 53687091200B, used 48318382080B, and remaining 5368709120B is 0.9
2023-08-31 10:29:37,245 [main] DEBUG balancer.ContainerBalancerTask (ContainerBalancerTask.java:initializeIteration(398)) - Utilization for node 26cfcdbf-604c-4a24-bc8f-61a8e9205e97 with capacity 61740154880B, used 49392123904B, and remaining 12348030976B is 0.8
2023-08-31 10:29:37,246 [main] DEBUG balancer.ContainerBalancerTask (ContainerBalancerTask.java:initializeIteration(398)) - Utilization for node ff694f9b-6474-4aaa-9d28-eb84224aec90 with capacity 56754924982B, used 39728447488B, and remaining 17026477494B is 0.7000000000105717
2023-08-31 10:29:37,246 [main] DEBUG balancer.ContainerBalancerTask (ContainerBalancerTask.java:initializeIteration(398)) - Utilization for node 91950cfb-937b-414e-b182-b03f38c6b6c1 with capacity 84109776213B, used 50465865728B, and remaining 33643910485B is 0.6000000000023779
2023-08-31 10:29:37,246 [main] DEBUG balancer.ContainerBalancerTask (ContainerBalancerTask.java:initializeIteration(398)) - Utilization for node 7e6c2f52-12f6-48da-87ba-1c1fa02e3c2b with capacity 115964116992B, used 57982058496B, and remaining 57982058496B is 0.5
2023-08-31 10:29:37,246 [main] DEBUG balancer.ContainerBalancerTask (ContainerBalancerTask.java:initializeIteration(398)) - Utilization for node 442c8387-24e7-4733-bbd0-4acc60fa4a02 with capacity 115427246080B, used 46170898432B, and remaining 69256347648B is 0.4
2023-08-31 10:29:37,246 [main] DEBUG balancer.ContainerBalancerTask (ContainerBalancerTask.java:initializeIteration(398)) - Utilization for node 19b9acbd-91e0-4c6e-946f-0762722ad1d1 with capacity 153902994773B, used 46170898432B, and remaining 107732096341B is 0.30000000000064975
2023-08-31 10:29:37,246 [main] DEBUG balancer.ContainerBalancerTask (ContainerBalancerTask.java:initializeIteration(398)) - Utilization for node b263f40a-20d4-400f-896a-0f14ae4ff837 with capacity 155692564480B, used 31138512896B, and remaining 124554051584B is 0.2
2023-08-31 10:29:37,246 [main] DEBUG balancer.ContainerBalancerTask (ContainerBalancerTask.java:initializeIteration(398)) - Utilization for node 06f509fb-760b-4698-a61b-5e3bba8fa3a6 with capacity 257698037760B, used 25769803776B, and remaining 231928233984B is 0.1
2023-08-31 10:29:37,246 [main] DEBUG balancer.ContainerBalancerTask (ContainerBalancerTask.java:initializeIteration(398)) - Utilization for node 0868d73e-9eef-42ad-8032-bd50a82b3926 with capacity 15032385536B, used 0B, and remaining 15032385536B is 0.0
2023-08-31 10:29:37,247 [main] INFO  balancer.ContainerBalancerTask (ContainerBalancerTask.java:initializeIteration(447)) - Container Balancer has identified 5 Over-Utilized and 3 Under-Utilized Datanodes that need to be balanced.
2023-08-31 10:29:37,247 [main] DEBUG balancer.ContainerBalancerTask (ContainerBalancerTask.java:lambda$initializeIteration$1(453)) - Datanode localhost-26.12.55.205 6ff27ba5-8da3-4eb5-856d-b9df6dbaa704 is Over-Utilized.
2023-08-31 10:29:37,247 [main] DEBUG balancer.ContainerBalancerTask (ContainerBalancerTask.java:lambda$initializeIteration$1(453)) - Datanode localhost-67.57.113.101 26cfcdbf-604c-4a24-bc8f-61a8e9205e97 is Over-Utilized.
2023-08-31 10:29:37,247 [main] DEBUG balancer.ContainerBalancerTask (ContainerBalancerTask.java:lambda$initializeIteration$1(453)) - Datanode localhost-169.20.163.221 ff694f9b-6474-4aaa-9d28-eb84224aec90 is Over-Utilized.
2023-08-31 10:29:37,247 [main] DEBUG balancer.ContainerBalancerTask (ContainerBalancerTask.java:lambda$initializeIteration$1(453)) - Datanode localhost-22.133.236.143 91950cfb-937b-414e-b182-b03f38c6b6c1 is Over-Utilized.
2023-08-31 10:29:37,247 [main] DEBUG balancer.ContainerBalancerTask (ContainerBalancerTask.java:lambda$initializeIteration$1(453)) - Datanode localhost-49.226.96.162 7e6c2f52-12f6-48da-87ba-1c1fa02e3c2b is Over-Utilized.
2023-08-31 10:29:37,247 [main] DEBUG balancer.ContainerBalancerTask (ContainerBalancerTask.java:lambda$initializeIteration$2(459)) - Datanode localhost-124.0.180.218 0868d73e-9eef-42ad-8032-bd50a82b3926 is Under-Utilized.
2023-08-31 10:29:37,247 [main] DEBUG balancer.ContainerBalancerTask (ContainerBalancerTask.java:lambda$initializeIteration$2(459)) - Datanode localhost-17.109.210.237 06f509fb-760b-4698-a61b-5e3bba8fa3a6 is Under-Utilized.
2023-08-31 10:29:37,247 [main] DEBUG balancer.ContainerBalancerTask (ContainerBalancerTask.java:lambda$initializeIteration$2(459)) - Datanode localhost-254.140.131.1 b263f40a-20d4-400f-896a-0f14ae4ff837 is Under-Utilized.
2023-08-31 10:29:37,251 [main] DEBUG balancer.ContainerBalancerTask (ContainerBalancerTask.java:matchSourceWithTarget(708)) - ContainerBalancer is finding suitable target for source datanode 6ff27ba5-8da3-4eb5-856d-b9df6dbaa704
2023-08-31 10:29:37,251 [main] INFO  balancer.ContainerBalancerTask (ContainerBalancerTask.java:matchSourceWithTarget(722)) - ContainerBalancer matched source datanode 6ff27ba5-8da3-4eb5-856d-b9df6dbaa704 with target datanode 0868d73e-9eef-42ad-8032-bd50a82b3926 for container move.
2023-08-31 10:29:37,251 [main] INFO  balancer.ContainerBalancerTask (ContainerBalancerTask.java:processMoveSelection(569)) - ContainerBalancer is trying to move container #85 with size 5368709120B from source datanode 6ff27ba5-8da3-4eb5-856d-b9df6dbaa704 to target datanode 0868d73e-9eef-42ad-8032-bd50a82b3926
2023-08-31 10:29:37,251 [main] DEBUG balancer.ContainerBalancerTask (ContainerBalancerTask.java:lambda$moveContainer$3(837)) - Container move completed for container #85 from source 6ff27ba5-8da3-4eb5-856d-b9df6dbaa704 to target 0868d73e-9eef-42ad-8032-bd50a82b3926
2023-08-31 10:29:37,252 [main] DEBUG balancer.ContainerBalancerTask (ContainerBalancerTask.java:adaptOnReachingIterationLimits(782)) - Reached max datanodes to involve limit. 2 datanodes have already been selected for balancing and the limit is 2. Only already selected sources and targets can be involved in balancing now.
2023-08-31 10:29:37,255 [main] DEBUG balancer.ContainerBalancerTask (ContainerBalancerTask.java:matchSourceWithTarget(708)) - ContainerBalancer is finding suitable target for source datanode 6ff27ba5-8da3-4eb5-856d-b9df6dbaa704
2023-08-31 10:29:37,256 [main] INFO  balancer.ContainerBalancerTask (ContainerBalancerTask.java:matchSourceWithTarget(722)) - ContainerBalancer matched source datanode 6ff27ba5-8da3-4eb5-856d-b9df6dbaa704 with target datanode 0868d73e-9eef-42ad-8032-bd50a82b3926 for container move.
2023-08-31 10:29:37,256 [main] INFO  balancer.ContainerBalancerTask (ContainerBalancerTask.java:processMoveSelection(569)) - ContainerBalancer is trying to move container #86 with size 1073741824B from source datanode 6ff27ba5-8da3-4eb5-856d-b9df6dbaa704 to target datanode 0868d73e-9eef-42ad-8032-bd50a82b3926
2023-08-31 10:29:37,256 [main] DEBUG balancer.ContainerBalancerTask (ContainerBalancerTask.java:lambda$moveContainer$3(837)) - Container move completed for container #86 from source 6ff27ba5-8da3-4eb5-856d-b9df6dbaa704 to target 0868d73e-9eef-42ad-8032-bd50a82b3926
2023-08-31 10:29:37,259 [main] DEBUG balancer.ContainerBalancerTask (ContainerBalancerTask.java:matchSourceWithTarget(708)) - ContainerBalancer is finding suitable target for source datanode 6ff27ba5-8da3-4eb5-856d-b9df6dbaa704
2023-08-31 10:29:37,260 [main] INFO  balancer.FindTargetGreedyByUsageInfo (AbstractFindTargetGreedy.java:findTargetForContainerMove(133)) - Container Balancer could not find a target for source datanode 6ff27ba5-8da3-4eb5-856d-b9df6dbaa704
2023-08-31 10:29:37,261 [main] DEBUG balancer.ContainerBalancerTask (ContainerBalancerTask.java:matchSourceWithTarget(717)) - ContainerBalancer could not find a suitable target for source node 6ff27ba5-8da3-4eb5-856d-b9df6dbaa704.
2023-08-31 10:29:37,261 [main] INFO  balancer.FindSourceGreedy (FindSourceGreedy.java:getNextCandidateSourceDataNode(126)) - no more candidate source data node
2023-08-31 10:29:37,261 [main] INFO  balancer.ContainerBalancerTask (ContainerBalancerTask.java:checkIterationMoveResults(642)) - Iteration Summary. Number of Datanodes involved: 2. Size moved: 6 GB (6442450944 Bytes). Number of Container moves completed: 2.
2023-08-31 10:29:37,261 [main] INFO  balancer.ContainerBalancerTask (ContainerBalancerTask.java:balance(259)) - Result of this iteration of Container Balancer: ITERATION_COMPLETED
2023-08-31 10:29:37,266 [main] DEBUG balancer.ContainerBalancerTask (ContainerBalancerTask.java:initializeIteration(374)) - Average utilization of the cluster is 0.369283700483156
2023-08-31 10:29:37,266 [main] DEBUG balancer.ContainerBalancerTask (ContainerBalancerTask.java:initializeIteration(386)) - Lower limit for utilization is 0.269283700483156 and Upper limit for utilization is 0.46928370048315604
2023-08-31 10:29:37,266 [main] DEBUG balancer.ContainerBalancerTask (ContainerBalancerTask.java:initializeIteration(398)) - Utilization for node 6ff27ba5-8da3-4eb5-856d-b9df6dbaa704 with capacity 53687091200B, used 48318382080B, and remaining 5368709120B is 0.9
2023-08-31 10:29:37,266 [main] DEBUG balancer.ContainerBalancerTask (ContainerBalancerTask.java:initializeIteration(398)) - Utilization for node 26cfcdbf-604c-4a24-bc8f-61a8e9205e97 with capacity 61740154880B, used 49392123904B, and remaining 12348030976B is 0.8
2023-08-31 10:29:37,266 [main] DEBUG balancer.ContainerBalancerTask (ContainerBalancerTask.java:initializeIteration(398)) - Utilization for node ff694f9b-6474-4aaa-9d28-eb84224aec90 with capacity 56754924982B, used 39728447488B, and remaining 17026477494B is 0.7000000000105717
2023-08-31 10:29:37,266 [main] DEBUG balancer.ContainerBalancerTask (ContainerBalancerTask.java:initializeIteration(398)) - Utilization for node 91950cfb-937b-414e-b182-b03f38c6b6c1 with capacity 84109776213B, used 50465865728B, and remaining 33643910485B is 0.6000000000023779
2023-08-31 10:29:37,266 [main] DEBUG balancer.ContainerBalancerTask (ContainerBalancerTask.java:initializeIteration(398)) - Utilization for node 7e6c2f52-12f6-48da-87ba-1c1fa02e3c2b with capacity 115964116992B, used 57982058496B, and remaining 57982058496B is 0.5
2023-08-31 10:29:37,267 [main] DEBUG balancer.ContainerBalancerTask (ContainerBalancerTask.java:initializeIteration(398)) - Utilization for node 442c8387-24e7-4733-bbd0-4acc60fa4a02 with capacity 115427246080B, used 46170898432B, and remaining 69256347648B is 0.4
2023-08-31 10:29:37,267 [main] DEBUG balancer.ContainerBalancerTask (ContainerBalancerTask.java:initializeIteration(398)) - Utilization for node 19b9acbd-91e0-4c6e-946f-0762722ad1d1 with capacity 153902994773B, used 46170898432B, and remaining 107732096341B is 0.30000000000064975
2023-08-31 10:29:37,267 [main] DEBUG balancer.ContainerBalancerTask (ContainerBalancerTask.java:initializeIteration(398)) - Utilization for node b263f40a-20d4-400f-896a-0f14ae4ff837 with capacity 155692564480B, used 31138512896B, and remaining 124554051584B is 0.2
2023-08-31 10:29:37,267 [main] DEBUG balancer.ContainerBalancerTask (ContainerBalancerTask.java:initializeIteration(398)) - Utilization for node 06f509fb-760b-4698-a61b-5e3bba8fa3a6 with capacity 257698037760B, used 25769803776B, and remaining 231928233984B is 0.1
2023-08-31 10:29:37,267 [main] DEBUG balancer.ContainerBalancerTask (ContainerBalancerTask.java:initializeIteration(398)) - Utilization for node 0868d73e-9eef-42ad-8032-bd50a82b3926 with capacity 15032385536B, used 0B, and remaining 15032385536B is 0.0
2023-08-31 10:29:37,267 [main] INFO  balancer.ContainerBalancerTask (ContainerBalancerTask.java:initializeIteration(447)) - Container Balancer has identified 5 Over-Utilized and 3 Under-Utilized Datanodes that need to be balanced.
2023-08-31 10:29:37,267 [main] DEBUG balancer.ContainerBalancerTask (ContainerBalancerTask.java:lambda$initializeIteration$1(453)) - Datanode localhost-26.12.55.205 6ff27ba5-8da3-4eb5-856d-b9df6dbaa704 is Over-Utilized.
2023-08-31 10:29:37,267 [main] DEBUG balancer.ContainerBalancerTask (ContainerBalancerTask.java:lambda$initializeIteration$1(453)) - Datanode localhost-67.57.113.101 26cfcdbf-604c-4a24-bc8f-61a8e9205e97 is Over-Utilized.
2023-08-31 10:29:37,267 [main] DEBUG balancer.ContainerBalancerTask (ContainerBalancerTask.java:lambda$initializeIteration$1(453)) - Datanode localhost-169.20.163.221 ff694f9b-6474-4aaa-9d28-eb84224aec90 is Over-Utilized.
2023-08-31 10:29:37,268 [main] DEBUG balancer.ContainerBalancerTask (ContainerBalancerTask.java:lambda$initializeIteration$1(453)) - Datanode localhost-22.133.236.143 91950cfb-937b-414e-b182-b03f38c6b6c1 is Over-Utilized.
2023-08-31 10:29:37,268 [main] DEBUG balancer.ContainerBalancerTask (ContainerBalancerTask.java:lambda$initializeIteration$1(453)) - Datanode localhost-49.226.96.162 7e6c2f52-12f6-48da-87ba-1c1fa02e3c2b is Over-Utilized.
2023-08-31 10:29:37,268 [main] DEBUG balancer.ContainerBalancerTask (ContainerBalancerTask.java:lambda$initializeIteration$2(459)) - Datanode localhost-124.0.180.218 0868d73e-9eef-42ad-8032-bd50a82b3926 is Under-Utilized.
2023-08-31 10:29:37,268 [main] DEBUG balancer.ContainerBalancerTask (ContainerBalancerTask.java:lambda$initializeIteration$2(459)) - Datanode localhost-17.109.210.237 06f509fb-760b-4698-a61b-5e3bba8fa3a6 is Under-Utilized.
2023-08-31 10:29:37,268 [main] DEBUG balancer.ContainerBalancerTask (ContainerBalancerTask.java:lambda$initializeIteration$2(459)) - Datanode localhost-254.140.131.1 b263f40a-20d4-400f-896a-0f14ae4ff837 is Under-Utilized.
2023-08-31 10:29:37,271 [main] DEBUG balancer.ContainerBalancerTask (ContainerBalancerTask.java:matchSourceWithTarget(708)) - ContainerBalancer is finding suitable target for source datanode 6ff27ba5-8da3-4eb5-856d-b9df6dbaa704
2023-08-31 10:29:37,272 [main] INFO  balancer.ContainerBalancerTask (ContainerBalancerTask.java:matchSourceWithTarget(722)) - ContainerBalancer matched source datanode 6ff27ba5-8da3-4eb5-856d-b9df6dbaa704 with target datanode 0868d73e-9eef-42ad-8032-bd50a82b3926 for container move.
2023-08-31 10:29:37,272 [main] INFO  balancer.ContainerBalancerTask (ContainerBalancerTask.java:processMoveSelection(569)) - ContainerBalancer is trying to move container #85 with size 5368709120B from source datanode 6ff27ba5-8da3-4eb5-856d-b9df6dbaa704 to target datanode 0868d73e-9eef-42ad-8032-bd50a82b3926
2023-08-31 10:29:37,272 [main] DEBUG balancer.ContainerBalancerTask (ContainerBalancerTask.java:lambda$moveContainer$3(837)) - Container move completed for container #85 from source 6ff27ba5-8da3-4eb5-856d-b9df6dbaa704 to target 0868d73e-9eef-42ad-8032-bd50a82b3926
2023-08-31 10:29:37,272 [main] DEBUG balancer.ContainerBalancerTask (ContainerBalancerTask.java:adaptOnReachingIterationLimits(782)) - Reached max datanodes to involve limit. 2 datanodes have already been selected for balancing and the limit is 2. Only already selected sources and targets can be involved in balancing now.
2023-08-31 10:29:37,276 [main] DEBUG balancer.ContainerBalancerTask (ContainerBalancerTask.java:matchSourceWithTarget(708)) - ContainerBalancer is finding suitable target for source datanode 6ff27ba5-8da3-4eb5-856d-b9df6dbaa704
2023-08-31 10:29:37,277 [main] INFO  balancer.ContainerBalancerTask (ContainerBalancerTask.java:matchSourceWithTarget(722)) - ContainerBalancer matched source datanode 6ff27ba5-8da3-4eb5-856d-b9df6dbaa704 with target datanode 0868d73e-9eef-42ad-8032-bd50a82b3926 for container move.
2023-08-31 10:29:37,278 [main] INFO  balancer.ContainerBalancerTask (ContainerBalancerTask.java:processMoveSelection(569)) - ContainerBalancer is trying to move container #86 with size 1073741824B from source datanode 6ff27ba5-8da3-4eb5-856d-b9df6dbaa704 to target datanode 0868d73e-9eef-42ad-8032-bd50a82b3926
2023-08-31 10:29:37,278 [main] DEBUG balancer.ContainerBalancerTask (ContainerBalancerTask.java:lambda$moveContainer$3(837)) - Container move completed for container #86 from source 6ff27ba5-8da3-4eb5-856d-b9df6dbaa704 to target 0868d73e-9eef-42ad-8032-bd50a82b3926
2023-08-31 10:29:37,281 [main] DEBUG balancer.ContainerBalancerTask (ContainerBalancerTask.java:matchSourceWithTarget(708)) - ContainerBalancer is finding suitable target for source datanode 6ff27ba5-8da3-4eb5-856d-b9df6dbaa704
2023-08-31 10:29:37,282 [main] INFO  balancer.FindTargetGreedyByUsageInfo (AbstractFindTargetGreedy.java:findTargetForContainerMove(133)) - Container Balancer could not find a target for source datanode 6ff27ba5-8da3-4eb5-856d-b9df6dbaa704
2023-08-31 10:29:37,282 [main] DEBUG balancer.ContainerBalancerTask (ContainerBalancerTask.java:matchSourceWithTarget(717)) - ContainerBalancer could not find a suitable target for source node 6ff27ba5-8da3-4eb5-856d-b9df6dbaa704.
2023-08-31 10:29:37,282 [main] INFO  balancer.FindSourceGreedy (FindSourceGreedy.java:getNextCandidateSourceDataNode(126)) - no more candidate source data node
2023-08-31 10:29:37,283 [main] INFO  balancer.ContainerBalancerTask (ContainerBalancerTask.java:checkIterationMoveResults(642)) - Iteration Summary. Number of Datanodes involved: 2. Size moved: 6 GB (6442450944 Bytes). Number of Container moves completed: 2.
2023-08-31 10:29:37,283 [main] INFO  balancer.ContainerBalancerTask (ContainerBalancerTask.java:balance(259)) - Result of this iteration of Container Balancer: ITERATION_COMPLETED
2023-08-31 10:29:37,285 [main] DEBUG balancer.ContainerBalancerTask (ContainerBalancerTask.java:initializeIteration(374)) - Average utilization of the cluster is 0.369283700483156
2023-08-31 10:29:37,285 [main] DEBUG balancer.ContainerBalancerTask (ContainerBalancerTask.java:initializeIteration(386)) - Lower limit for utilization is 0.269283700483156 and Upper limit for utilization is 0.46928370048315604
2023-08-31 10:29:37,285 [main] DEBUG balancer.ContainerBalancerTask (ContainerBalancerTask.java:initializeIteration(398)) - Utilization for node 6ff27ba5-8da3-4eb5-856d-b9df6dbaa704 with capacity 53687091200B, used 48318382080B, and remaining 5368709120B is 0.9
2023-08-31 10:29:37,286 [main] DEBUG balancer.ContainerBalancerTask (ContainerBalancerTask.java:initializeIteration(398)) - Utilization for node 26cfcdbf-604c-4a24-bc8f-61a8e9205e97 with capacity 61740154880B, used 49392123904B, and remaining 12348030976B is 0.8
2023-08-31 10:29:37,286 [main] DEBUG balancer.ContainerBalancerTask (ContainerBalancerTask.java:initializeIteration(398)) - Utilization for node ff694f9b-6474-4aaa-9d28-eb84224aec90 with capacity 56754924982B, used 39728447488B, and remaining 17026477494B is 0.7000000000105717
2023-08-31 10:29:37,286 [main] DEBUG balancer.ContainerBalancerTask (ContainerBalancerTask.java:initializeIteration(398)) - Utilization for node 91950cfb-937b-414e-b182-b03f38c6b6c1 with capacity 84109776213B, used 50465865728B, and remaining 33643910485B is 0.6000000000023779
2023-08-31 10:29:37,286 [main] DEBUG balancer.ContainerBalancerTask (ContainerBalancerTask.java:initializeIteration(398)) - Utilization for node 7e6c2f52-12f6-48da-87ba-1c1fa02e3c2b with capacity 115964116992B, used 57982058496B, and remaining 57982058496B is 0.5
2023-08-31 10:29:37,286 [main] DEBUG balancer.ContainerBalancerTask (ContainerBalancerTask.java:initializeIteration(398)) - Utilization for node 442c8387-24e7-4733-bbd0-4acc60fa4a02 with capacity 115427246080B, used 46170898432B, and remaining 69256347648B is 0.4
2023-08-31 10:29:37,286 [main] DEBUG balancer.ContainerBalancerTask (ContainerBalancerTask.java:initializeIteration(398)) - Utilization for node 19b9acbd-91e0-4c6e-946f-0762722ad1d1 with capacity 153902994773B, used 46170898432B, and remaining 107732096341B is 0.30000000000064975
2023-08-31 10:29:37,286 [main] DEBUG balancer.ContainerBalancerTask (ContainerBalancerTask.java:initializeIteration(398)) - Utilization for node b263f40a-20d4-400f-896a-0f14ae4ff837 with capacity 155692564480B, used 31138512896B, and remaining 124554051584B is 0.2
2023-08-31 10:29:37,286 [main] DEBUG balancer.ContainerBalancerTask (ContainerBalancerTask.java:initializeIteration(398)) - Utilization for node 06f509fb-760b-4698-a61b-5e3bba8fa3a6 with capacity 257698037760B, used 25769803776B, and remaining 231928233984B is 0.1
2023-08-31 10:29:37,287 [main] DEBUG balancer.ContainerBalancerTask (ContainerBalancerTask.java:initializeIteration(398)) - Utilization for node 0868d73e-9eef-42ad-8032-bd50a82b3926 with capacity 15032385536B, used 0B, and remaining 15032385536B is 0.0
2023-08-31 10:29:37,287 [main] INFO  balancer.ContainerBalancerTask (ContainerBalancerTask.java:initializeIteration(447)) - Container Balancer has identified 5 Over-Utilized and 3 Under-Utilized Datanodes that need to be balanced.
2023-08-31 10:29:37,287 [main] DEBUG balancer.ContainerBalancerTask (ContainerBalancerTask.java:lambda$initializeIteration$1(453)) - Datanode localhost-26.12.55.205 6ff27ba5-8da3-4eb5-856d-b9df6dbaa704 is Over-Utilized.
2023-08-31 10:29:37,287 [main] DEBUG balancer.ContainerBalancerTask (ContainerBalancerTask.java:lambda$initializeIteration$1(453)) - Datanode localhost-67.57.113.101 26cfcdbf-604c-4a24-bc8f-61a8e9205e97 is Over-Utilized.
2023-08-31 10:29:37,288 [main] DEBUG balancer.ContainerBalancerTask (ContainerBalancerTask.java:lambda$initializeIteration$1(453)) - Datanode localhost-169.20.163.221 ff694f9b-6474-4aaa-9d28-eb84224aec90 is Over-Utilized.
2023-08-31 10:29:37,288 [main] DEBUG balancer.ContainerBalancerTask (ContainerBalancerTask.java:lambda$initializeIteration$1(453)) - Datanode localhost-22.133.236.143 91950cfb-937b-414e-b182-b03f38c6b6c1 is Over-Utilized.
2023-08-31 10:29:37,288 [main] DEBUG balancer.ContainerBalancerTask (ContainerBalancerTask.java:lambda$initializeIteration$1(453)) - Datanode localhost-49.226.96.162 7e6c2f52-12f6-48da-87ba-1c1fa02e3c2b is Over-Utilized.
2023-08-31 10:29:37,288 [main] DEBUG balancer.ContainerBalancerTask (ContainerBalancerTask.java:lambda$initializeIteration$2(459)) - Datanode localhost-124.0.180.218 0868d73e-9eef-42ad-8032-bd50a82b3926 is Under-Utilized.
2023-08-31 10:29:37,288 [main] DEBUG balancer.ContainerBalancerTask (ContainerBalancerTask.java:lambda$initializeIteration$2(459)) - Datanode localhost-17.109.210.237 06f509fb-760b-4698-a61b-5e3bba8fa3a6 is Under-Utilized.
2023-08-31 10:29:37,288 [main] DEBUG balancer.ContainerBalancerTask (ContainerBalancerTask.java:lambda$initializeIteration$2(459)) - Datanode localhost-254.140.131.1 b263f40a-20d4-400f-896a-0f14ae4ff837 is Under-Utilized.
2023-08-31 10:29:37,292 [main] DEBUG balancer.ContainerBalancerTask (ContainerBalancerTask.java:matchSourceWithTarget(708)) - ContainerBalancer is finding suitable target for source datanode 6ff27ba5-8da3-4eb5-856d-b9df6dbaa704
2023-08-31 10:29:37,292 [main] INFO  balancer.ContainerBalancerTask (ContainerBalancerTask.java:matchSourceWithTarget(722)) - ContainerBalancer matched source datanode 6ff27ba5-8da3-4eb5-856d-b9df6dbaa704 with target datanode 0868d73e-9eef-42ad-8032-bd50a82b3926 for container move.
2023-08-31 10:29:37,292 [main] INFO  balancer.ContainerBalancerTask (ContainerBalancerTask.java:processMoveSelection(569)) - ContainerBalancer is trying to move container #85 with size 5368709120B from source datanode 6ff27ba5-8da3-4eb5-856d-b9df6dbaa704 to target datanode 0868d73e-9eef-42ad-8032-bd50a82b3926
2023-08-31 10:29:37,292 [main] DEBUG balancer.ContainerBalancerTask (ContainerBalancerTask.java:lambda$moveContainer$3(837)) - Container move completed for container #85 from source 6ff27ba5-8da3-4eb5-856d-b9df6dbaa704 to target 0868d73e-9eef-42ad-8032-bd50a82b3926
2023-08-31 10:29:37,292 [main] DEBUG balancer.ContainerBalancerTask (ContainerBalancerTask.java:adaptOnReachingIterationLimits(782)) - Reached max datanodes to involve limit. 2 datanodes have already been selected for balancing and the limit is 2. Only already selected sources and targets can be involved in balancing now.
2023-08-31 10:29:37,296 [main] DEBUG balancer.ContainerBalancerTask (ContainerBalancerTask.java:matchSourceWithTarget(708)) - ContainerBalancer is finding suitable target for source datanode 6ff27ba5-8da3-4eb5-856d-b9df6dbaa704
2023-08-31 10:29:37,296 [main] INFO  balancer.ContainerBalancerTask (ContainerBalancerTask.java:matchSourceWithTarget(722)) - ContainerBalancer matched source datanode 6ff27ba5-8da3-4eb5-856d-b9df6dbaa704 with target datanode 0868d73e-9eef-42ad-8032-bd50a82b3926 for container move.
2023-08-31 10:29:37,297 [main] INFO  balancer.ContainerBalancerTask (ContainerBalancerTask.java:processMoveSelection(569)) - ContainerBalancer is trying to move container #86 with size 1073741824B from source datanode 6ff27ba5-8da3-4eb5-856d-b9df6dbaa704 to target datanode 0868d73e-9eef-42ad-8032-bd50a82b3926
2023-08-31 10:29:37,297 [main] DEBUG balancer.ContainerBalancerTask (ContainerBalancerTask.java:lambda$moveContainer$3(837)) - Container move completed for container #86 from source 6ff27ba5-8da3-4eb5-856d-b9df6dbaa704 to target 0868d73e-9eef-42ad-8032-bd50a82b3926
2023-08-31 10:29:37,300 [main] DEBUG balancer.ContainerBalancerTask (ContainerBalancerTask.java:matchSourceWithTarget(708)) - ContainerBalancer is finding suitable target for source datanode 6ff27ba5-8da3-4eb5-856d-b9df6dbaa704
2023-08-31 10:29:37,303 [main] INFO  balancer.FindTargetGreedyByUsageInfo (AbstractFindTargetGreedy.java:findTargetForContainerMove(133)) - Container Balancer could not find a target for source datanode 6ff27ba5-8da3-4eb5-856d-b9df6dbaa704
2023-08-31 10:29:37,303 [main] DEBUG balancer.ContainerBalancerTask (ContainerBalancerTask.java:matchSourceWithTarget(717)) - ContainerBalancer could not find a suitable target for source node 6ff27ba5-8da3-4eb5-856d-b9df6dbaa704.
2023-08-31 10:29:37,303 [main] INFO  balancer.FindSourceGreedy (FindSourceGreedy.java:getNextCandidateSourceDataNode(126)) - no more candidate source data node
2023-08-31 10:29:37,304 [main] INFO  balancer.ContainerBalancerTask (ContainerBalancerTask.java:checkIterationMoveResults(642)) - Iteration Summary. Number of Datanodes involved: 2. Size moved: 6 GB (6442450944 Bytes). Number of Container moves completed: 2.
2023-08-31 10:29:37,304 [main] INFO  balancer.ContainerBalancerTask (ContainerBalancerTask.java:balance(259)) - Result of this iteration of Container Balancer: ITERATION_COMPLETED
2023-08-31 10:29:37,305 [main] DEBUG balancer.ContainerBalancerTask (ContainerBalancerTask.java:initializeIteration(374)) - Average utilization of the cluster is 0.369283700483156
2023-08-31 10:29:37,306 [main] DEBUG balancer.ContainerBalancerTask (ContainerBalancerTask.java:initializeIteration(386)) - Lower limit for utilization is 0.269283700483156 and Upper limit for utilization is 0.46928370048315604
2023-08-31 10:29:37,306 [main] DEBUG balancer.ContainerBalancerTask (ContainerBalancerTask.java:initializeIteration(398)) - Utilization for node 6ff27ba5-8da3-4eb5-856d-b9df6dbaa704 with capacity 53687091200B, used 48318382080B, and remaining 5368709120B is 0.9
2023-08-31 10:29:37,306 [main] DEBUG balancer.ContainerBalancerTask (ContainerBalancerTask.java:initializeIteration(398)) - Utilization for node 26cfcdbf-604c-4a24-bc8f-61a8e9205e97 with capacity 61740154880B, used 49392123904B, and remaining 12348030976B is 0.8
2023-08-31 10:29:37,306 [main] DEBUG balancer.ContainerBalancerTask (ContainerBalancerTask.java:initializeIteration(398)) - Utilization for node ff694f9b-6474-4aaa-9d28-eb84224aec90 with capacity 56754924982B, used 39728447488B, and remaining 17026477494B is 0.7000000000105717
2023-08-31 10:29:37,306 [main] DEBUG balancer.ContainerBalancerTask (ContainerBalancerTask.java:initializeIteration(398)) - Utilization for node 91950cfb-937b-414e-b182-b03f38c6b6c1 with capacity 84109776213B, used 50465865728B, and remaining 33643910485B is 0.6000000000023779
2023-08-31 10:29:37,307 [main] DEBUG balancer.ContainerBalancerTask (ContainerBalancerTask.java:initializeIteration(398)) - Utilization for node 7e6c2f52-12f6-48da-87ba-1c1fa02e3c2b with capacity 115964116992B, used 57982058496B, and remaining 57982058496B is 0.5
2023-08-31 10:29:37,308 [main] DEBUG balancer.ContainerBalancerTask (ContainerBalancerTask.java:initializeIteration(398)) - Utilization for node 442c8387-24e7-4733-bbd0-4acc60fa4a02 with capacity 115427246080B, used 46170898432B, and remaining 69256347648B is 0.4
2023-08-31 10:29:37,308 [main] DEBUG balancer.ContainerBalancerTask (ContainerBalancerTask.java:initializeIteration(398)) - Utilization for node 19b9acbd-91e0-4c6e-946f-0762722ad1d1 with capacity 153902994773B, used 46170898432B, and remaining 107732096341B is 0.30000000000064975
2023-08-31 10:29:37,308 [main] DEBUG balancer.ContainerBalancerTask (ContainerBalancerTask.java:initializeIteration(398)) - Utilization for node b263f40a-20d4-400f-896a-0f14ae4ff837 with capacity 155692564480B, used 31138512896B, and remaining 124554051584B is 0.2
2023-08-31 10:29:37,308 [main] DEBUG balancer.ContainerBalancerTask (ContainerBalancerTask.java:initializeIteration(398)) - Utilization for node 06f509fb-760b-4698-a61b-5e3bba8fa3a6 with capacity 257698037760B, used 25769803776B, and remaining 231928233984B is 0.1
2023-08-31 10:29:37,308 [main] DEBUG balancer.ContainerBalancerTask (ContainerBalancerTask.java:initializeIteration(398)) - Utilization for node 0868d73e-9eef-42ad-8032-bd50a82b3926 with capacity 15032385536B, used 0B, and remaining 15032385536B is 0.0
2023-08-31 10:29:37,309 [main] INFO  balancer.ContainerBalancerTask (ContainerBalancerTask.java:initializeIteration(447)) - Container Balancer has identified 5 Over-Utilized and 3 Under-Utilized Datanodes that need to be balanced.
2023-08-31 10:29:37,309 [main] DEBUG balancer.ContainerBalancerTask (ContainerBalancerTask.java:lambda$initializeIteration$1(453)) - Datanode localhost-26.12.55.205 6ff27ba5-8da3-4eb5-856d-b9df6dbaa704 is Over-Utilized.
2023-08-31 10:29:37,309 [main] DEBUG balancer.ContainerBalancerTask (ContainerBalancerTask.java:lambda$initializeIteration$1(453)) - Datanode localhost-67.57.113.101 26cfcdbf-604c-4a24-bc8f-61a8e9205e97 is Over-Utilized.
2023-08-31 10:29:37,309 [main] DEBUG balancer.ContainerBalancerTask (ContainerBalancerTask.java:lambda$initializeIteration$1(453)) - Datanode localhost-169.20.163.221 ff694f9b-6474-4aaa-9d28-eb84224aec90 is Over-Utilized.
2023-08-31 10:29:37,309 [main] DEBUG balancer.ContainerBalancerTask (ContainerBalancerTask.java:lambda$initializeIteration$1(453)) - Datanode localhost-22.133.236.143 91950cfb-937b-414e-b182-b03f38c6b6c1 is Over-Utilized.
2023-08-31 10:29:37,309 [main] DEBUG balancer.ContainerBalancerTask (ContainerBalancerTask.java:lambda$initializeIteration$1(453)) - Datanode localhost-49.226.96.162 7e6c2f52-12f6-48da-87ba-1c1fa02e3c2b is Over-Utilized.
2023-08-31 10:29:37,309 [main] DEBUG balancer.ContainerBalancerTask (ContainerBalancerTask.java:lambda$initializeIteration$2(459)) - Datanode localhost-124.0.180.218 0868d73e-9eef-42ad-8032-bd50a82b3926 is Under-Utilized.
2023-08-31 10:29:37,309 [main] DEBUG balancer.ContainerBalancerTask (ContainerBalancerTask.java:lambda$initializeIteration$2(459)) - Datanode localhost-17.109.210.237 06f509fb-760b-4698-a61b-5e3bba8fa3a6 is Under-Utilized.
2023-08-31 10:29:37,309 [main] DEBUG balancer.ContainerBalancerTask (ContainerBalancerTask.java:lambda$initializeIteration$2(459)) - Datanode localhost-254.140.131.1 b263f40a-20d4-400f-896a-0f14ae4ff837 is Under-Utilized.
2023-08-31 10:29:37,313 [main] DEBUG balancer.ContainerBalancerTask (ContainerBalancerTask.java:matchSourceWithTarget(708)) - ContainerBalancer is finding suitable target for source datanode 6ff27ba5-8da3-4eb5-856d-b9df6dbaa704
2023-08-31 10:29:37,314 [main] INFO  balancer.ContainerBalancerTask (ContainerBalancerTask.java:matchSourceWithTarget(722)) - ContainerBalancer matched source datanode 6ff27ba5-8da3-4eb5-856d-b9df6dbaa704 with target datanode 0868d73e-9eef-42ad-8032-bd50a82b3926 for container move.
2023-08-31 10:29:37,314 [main] INFO  balancer.ContainerBalancerTask (ContainerBalancerTask.java:processMoveSelection(569)) - ContainerBalancer is trying to move container #85 with size 5368709120B from source datanode 6ff27ba5-8da3-4eb5-856d-b9df6dbaa704 to target datanode 0868d73e-9eef-42ad-8032-bd50a82b3926
2023-08-31 10:29:37,314 [main] DEBUG balancer.ContainerBalancerTask (ContainerBalancerTask.java:lambda$moveContainer$3(837)) - Container move completed for container #85 from source 6ff27ba5-8da3-4eb5-856d-b9df6dbaa704 to target 0868d73e-9eef-42ad-8032-bd50a82b3926
2023-08-31 10:29:37,314 [main] DEBUG balancer.ContainerBalancerTask (ContainerBalancerTask.java:adaptOnReachingIterationLimits(782)) - Reached max datanodes to involve limit. 2 datanodes have already been selected for balancing and the limit is 2. Only already selected sources and targets can be involved in balancing now.
2023-08-31 10:29:37,317 [main] DEBUG balancer.ContainerBalancerTask (ContainerBalancerTask.java:matchSourceWithTarget(708)) - ContainerBalancer is finding suitable target for source datanode 6ff27ba5-8da3-4eb5-856d-b9df6dbaa704
2023-08-31 10:29:37,319 [main] INFO  balancer.ContainerBalancerTask (ContainerBalancerTask.java:matchSourceWithTarget(722)) - ContainerBalancer matched source datanode 6ff27ba5-8da3-4eb5-856d-b9df6dbaa704 with target datanode 0868d73e-9eef-42ad-8032-bd50a82b3926 for container move.
2023-08-31 10:29:37,319 [main] INFO  balancer.ContainerBalancerTask (ContainerBalancerTask.java:processMoveSelection(569)) - ContainerBalancer is trying to move container #86 with size 1073741824B from source datanode 6ff27ba5-8da3-4eb5-856d-b9df6dbaa704 to target datanode 0868d73e-9eef-42ad-8032-bd50a82b3926
2023-08-31 10:29:37,319 [main] DEBUG balancer.ContainerBalancerTask (ContainerBalancerTask.java:lambda$moveContainer$3(837)) - Container move completed for container #86 from source 6ff27ba5-8da3-4eb5-856d-b9df6dbaa704 to target 0868d73e-9eef-42ad-8032-bd50a82b3926
2023-08-31 10:29:37,323 [main] DEBUG balancer.ContainerBalancerTask (ContainerBalancerTask.java:matchSourceWithTarget(708)) - ContainerBalancer is finding suitable target for source datanode 6ff27ba5-8da3-4eb5-856d-b9df6dbaa704
2023-08-31 10:29:37,324 [main] INFO  balancer.FindTargetGreedyByUsageInfo (AbstractFindTargetGreedy.java:findTargetForContainerMove(133)) - Container Balancer could not find a target for source datanode 6ff27ba5-8da3-4eb5-856d-b9df6dbaa704
2023-08-31 10:29:37,324 [main] DEBUG balancer.ContainerBalancerTask (ContainerBalancerTask.java:matchSourceWithTarget(717)) - ContainerBalancer could not find a suitable target for source node 6ff27ba5-8da3-4eb5-856d-b9df6dbaa704.
2023-08-31 10:29:37,325 [main] INFO  balancer.FindSourceGreedy (FindSourceGreedy.java:getNextCandidateSourceDataNode(126)) - no more candidate source data node
2023-08-31 10:29:37,325 [main] INFO  balancer.ContainerBalancerTask (ContainerBalancerTask.java:checkIterationMoveResults(642)) - Iteration Summary. Number of Datanodes involved: 2. Size moved: 6 GB (6442450944 Bytes). Number of Container moves completed: 2.
2023-08-31 10:29:37,325 [main] INFO  balancer.ContainerBalancerTask (ContainerBalancerTask.java:balance(259)) - Result of this iteration of Container Balancer: ITERATION_COMPLETED
2023-08-31 10:29:37,327 [main] DEBUG balancer.ContainerBalancerTask (ContainerBalancerTask.java:initializeIteration(374)) - Average utilization of the cluster is 0.369283700483156
2023-08-31 10:29:37,327 [main] DEBUG balancer.ContainerBalancerTask (ContainerBalancerTask.java:initializeIteration(386)) - Lower limit for utilization is 0.269283700483156 and Upper limit for utilization is 0.46928370048315604
2023-08-31 10:29:37,327 [main] DEBUG balancer.ContainerBalancerTask (ContainerBalancerTask.java:initializeIteration(398)) - Utilization for node 6ff27ba5-8da3-4eb5-856d-b9df6dbaa704 with capacity 53687091200B, used 48318382080B, and remaining 5368709120B is 0.9
2023-08-31 10:29:37,328 [main] DEBUG balancer.ContainerBalancerTask (ContainerBalancerTask.java:initializeIteration(398)) - Utilization for node 26cfcdbf-604c-4a24-bc8f-61a8e9205e97 with capacity 61740154880B, used 49392123904B, and remaining 12348030976B is 0.8
2023-08-31 10:29:37,328 [main] DEBUG balancer.ContainerBalancerTask (ContainerBalancerTask.java:initializeIteration(398)) - Utilization for node ff694f9b-6474-4aaa-9d28-eb84224aec90 with capacity 56754924982B, used 39728447488B, and remaining 17026477494B is 0.7000000000105717
2023-08-31 10:29:37,328 [main] DEBUG balancer.ContainerBalancerTask (ContainerBalancerTask.java:initializeIteration(398)) - Utilization for node 91950cfb-937b-414e-b182-b03f38c6b6c1 with capacity 84109776213B, used 50465865728B, and remaining 33643910485B is 0.6000000000023779
2023-08-31 10:29:37,328 [main] DEBUG balancer.ContainerBalancerTask (ContainerBalancerTask.java:initializeIteration(398)) - Utilization for node 7e6c2f52-12f6-48da-87ba-1c1fa02e3c2b with capacity 115964116992B, used 57982058496B, and remaining 57982058496B is 0.5
2023-08-31 10:29:37,328 [main] DEBUG balancer.ContainerBalancerTask (ContainerBalancerTask.java:initializeIteration(398)) - Utilization for node 442c8387-24e7-4733-bbd0-4acc60fa4a02 with capacity 115427246080B, used 46170898432B, and remaining 69256347648B is 0.4
2023-08-31 10:29:37,328 [main] DEBUG balancer.ContainerBalancerTask (ContainerBalancerTask.java:initializeIteration(398)) - Utilization for node 19b9acbd-91e0-4c6e-946f-0762722ad1d1 with capacity 153902994773B, used 46170898432B, and remaining 107732096341B is 0.30000000000064975
2023-08-31 10:29:37,328 [main] DEBUG balancer.ContainerBalancerTask (ContainerBalancerTask.java:initializeIteration(398)) - Utilization for node b263f40a-20d4-400f-896a-0f14ae4ff837 with capacity 155692564480B, used 31138512896B, and remaining 124554051584B is 0.2
2023-08-31 10:29:37,328 [main] DEBUG balancer.ContainerBalancerTask (ContainerBalancerTask.java:initializeIteration(398)) - Utilization for node 06f509fb-760b-4698-a61b-5e3bba8fa3a6 with capacity 257698037760B, used 25769803776B, and remaining 231928233984B is 0.1
2023-08-31 10:29:37,329 [main] DEBUG balancer.ContainerBalancerTask (ContainerBalancerTask.java:initializeIteration(398)) - Utilization for node 0868d73e-9eef-42ad-8032-bd50a82b3926 with capacity 15032385536B, used 0B, and remaining 15032385536B is 0.0
2023-08-31 10:29:37,329 [main] INFO  balancer.ContainerBalancerTask (ContainerBalancerTask.java:initializeIteration(447)) - Container Balancer has identified 5 Over-Utilized and 3 Under-Utilized Datanodes that need to be balanced.
2023-08-31 10:29:37,329 [main] DEBUG balancer.ContainerBalancerTask (ContainerBalancerTask.java:lambda$initializeIteration$1(453)) - Datanode localhost-26.12.55.205 6ff27ba5-8da3-4eb5-856d-b9df6dbaa704 is Over-Utilized.
2023-08-31 10:29:37,329 [main] DEBUG balancer.ContainerBalancerTask (ContainerBalancerTask.java:lambda$initializeIteration$1(453)) - Datanode localhost-67.57.113.101 26cfcdbf-604c-4a24-bc8f-61a8e9205e97 is Over-Utilized.
2023-08-31 10:29:37,329 [main] DEBUG balancer.ContainerBalancerTask (ContainerBalancerTask.java:lambda$initializeIteration$1(453)) - Datanode localhost-169.20.163.221 ff694f9b-6474-4aaa-9d28-eb84224aec90 is Over-Utilized.
2023-08-31 10:29:37,329 [main] DEBUG balancer.ContainerBalancerTask (ContainerBalancerTask.java:lambda$initializeIteration$1(453)) - Datanode localhost-22.133.236.143 91950cfb-937b-414e-b182-b03f38c6b6c1 is Over-Utilized.
2023-08-31 10:29:37,329 [main] DEBUG balancer.ContainerBalancerTask (ContainerBalancerTask.java:lambda$initializeIteration$1(453)) - Datanode localhost-49.226.96.162 7e6c2f52-12f6-48da-87ba-1c1fa02e3c2b is Over-Utilized.
2023-08-31 10:29:37,329 [main] DEBUG balancer.ContainerBalancerTask (ContainerBalancerTask.java:lambda$initializeIteration$2(459)) - Datanode localhost-124.0.180.218 0868d73e-9eef-42ad-8032-bd50a82b3926 is Under-Utilized.
2023-08-31 10:29:37,329 [main] DEBUG balancer.ContainerBalancerTask (ContainerBalancerTask.java:lambda$initializeIteration$2(459)) - Datanode localhost-17.109.210.237 06f509fb-760b-4698-a61b-5e3bba8fa3a6 is Under-Utilized.
2023-08-31 10:29:37,329 [main] DEBUG balancer.ContainerBalancerTask (ContainerBalancerTask.java:lambda$initializeIteration$2(459)) - Datanode localhost-254.140.131.1 b263f40a-20d4-400f-896a-0f14ae4ff837 is Under-Utilized.
2023-08-31 10:29:37,333 [main] DEBUG balancer.ContainerBalancerTask (ContainerBalancerTask.java:matchSourceWithTarget(708)) - ContainerBalancer is finding suitable target for source datanode 6ff27ba5-8da3-4eb5-856d-b9df6dbaa704
2023-08-31 10:29:37,333 [main] INFO  balancer.ContainerBalancerTask (ContainerBalancerTask.java:matchSourceWithTarget(722)) - ContainerBalancer matched source datanode 6ff27ba5-8da3-4eb5-856d-b9df6dbaa704 with target datanode 0868d73e-9eef-42ad-8032-bd50a82b3926 for container move.
2023-08-31 10:29:37,333 [main] INFO  balancer.ContainerBalancerTask (ContainerBalancerTask.java:processMoveSelection(569)) - ContainerBalancer is trying to move container #85 with size 5368709120B from source datanode 6ff27ba5-8da3-4eb5-856d-b9df6dbaa704 to target datanode 0868d73e-9eef-42ad-8032-bd50a82b3926
2023-08-31 10:29:37,333 [main] DEBUG balancer.ContainerBalancerTask (ContainerBalancerTask.java:lambda$moveContainer$3(837)) - Container move completed for container #85 from source 6ff27ba5-8da3-4eb5-856d-b9df6dbaa704 to target 0868d73e-9eef-42ad-8032-bd50a82b3926
2023-08-31 10:29:37,334 [main] DEBUG balancer.ContainerBalancerTask (ContainerBalancerTask.java:adaptOnReachingIterationLimits(782)) - Reached max datanodes to involve limit. 2 datanodes have already been selected for balancing and the limit is 2. Only already selected sources and targets can be involved in balancing now.
2023-08-31 10:29:37,337 [main] DEBUG balancer.ContainerBalancerTask (ContainerBalancerTask.java:matchSourceWithTarget(708)) - ContainerBalancer is finding suitable target for source datanode 6ff27ba5-8da3-4eb5-856d-b9df6dbaa704
2023-08-31 10:29:37,338 [main] INFO  balancer.ContainerBalancerTask (ContainerBalancerTask.java:matchSourceWithTarget(722)) - ContainerBalancer matched source datanode 6ff27ba5-8da3-4eb5-856d-b9df6dbaa704 with target datanode 0868d73e-9eef-42ad-8032-bd50a82b3926 for container move.
2023-08-31 10:29:37,338 [main] INFO  balancer.ContainerBalancerTask (ContainerBalancerTask.java:processMoveSelection(569)) - ContainerBalancer is trying to move container #86 with size 1073741824B from source datanode 6ff27ba5-8da3-4eb5-856d-b9df6dbaa704 to target datanode 0868d73e-9eef-42ad-8032-bd50a82b3926
2023-08-31 10:29:37,338 [main] DEBUG balancer.ContainerBalancerTask (ContainerBalancerTask.java:lambda$moveContainer$3(837)) - Container move completed for container #86 from source 6ff27ba5-8da3-4eb5-856d-b9df6dbaa704 to target 0868d73e-9eef-42ad-8032-bd50a82b3926
2023-08-31 10:29:37,342 [main] DEBUG balancer.ContainerBalancerTask (ContainerBalancerTask.java:matchSourceWithTarget(708)) - ContainerBalancer is finding suitable target for source datanode 6ff27ba5-8da3-4eb5-856d-b9df6dbaa704
2023-08-31 10:29:37,343 [main] INFO  balancer.FindTargetGreedyByUsageInfo (AbstractFindTargetGreedy.java:findTargetForContainerMove(133)) - Container Balancer could not find a target for source datanode 6ff27ba5-8da3-4eb5-856d-b9df6dbaa704
2023-08-31 10:29:37,343 [main] DEBUG balancer.ContainerBalancerTask (ContainerBalancerTask.java:matchSourceWithTarget(717)) - ContainerBalancer could not find a suitable target for source node 6ff27ba5-8da3-4eb5-856d-b9df6dbaa704.
2023-08-31 10:29:37,343 [main] INFO  balancer.FindSourceGreedy (FindSourceGreedy.java:getNextCandidateSourceDataNode(126)) - no more candidate source data node
2023-08-31 10:29:37,343 [main] INFO  balancer.ContainerBalancerTask (ContainerBalancerTask.java:checkIterationMoveResults(642)) - Iteration Summary. Number of Datanodes involved: 2. Size moved: 6 GB (6442450944 Bytes). Number of Container moves completed: 2.
2023-08-31 10:29:37,343 [main] INFO  balancer.ContainerBalancerTask (ContainerBalancerTask.java:balance(259)) - Result of this iteration of Container Balancer: ITERATION_COMPLETED
2023-08-31 10:29:37,344 [main] INFO  balancer.ContainerBalancerTask (ContainerBalancerTask.java:tryStopWithSaveConfiguration(308)) - Save Configuration for stopping. Reason: Completed all iterations.
]]></system-out>
  </testcase>
  <testcase name="checkIterationResult" classname="org.apache.hadoop.hdds.scm.container.balancer.TestContainerBalancerTask" time="0.171">
    <system-out><![CDATA[2023-08-31 10:29:37,379 [main] INFO  net.NodeSchemaLoader (NodeSchemaLoader.java:loadSchemaFromFile(129)) - Loading schema from [file:/home/runner/work/ozone/ozone/hadoop-hdds/common/target/classes/network-topology-default.xml]
2023-08-31 10:29:37,379 [main] INFO  net.NodeSchemaLoader (NodeSchemaLoader.java:loadSchema(176)) - Loading network topology layer schema file
2023-08-31 10:29:37,383 [main] INFO  net.NetworkTopologyImpl (NetworkTopologyImpl.java:add(112)) - Added a new node: /default-rack/3f72935a-a300-4230-ba1a-d06b4c4b6280
2023-08-31 10:29:37,383 [main] INFO  net.NetworkTopologyImpl (NetworkTopologyImpl.java:add(112)) - Added a new node: /default-rack/6cb3caeb-185e-4a59-b3de-de75c7848f12
2023-08-31 10:29:37,383 [main] INFO  net.NetworkTopologyImpl (NetworkTopologyImpl.java:add(112)) - Added a new node: /default-rack/bca55ffd-5f65-4f8d-a058-cb31a85bcdf1
2023-08-31 10:29:37,384 [main] INFO  net.NetworkTopologyImpl (NetworkTopologyImpl.java:add(112)) - Added a new node: /default-rack/bb378131-d4a2-4e90-951c-e59120bc29d6
2023-08-31 10:29:37,384 [main] INFO  net.NetworkTopologyImpl (NetworkTopologyImpl.java:add(112)) - Added a new node: /default-rack/0b506653-462a-4640-82a8-04ce27297455
2023-08-31 10:29:37,384 [main] INFO  net.NetworkTopologyImpl (NetworkTopologyImpl.java:add(112)) - Added a new node: /default-rack/bfa85e01-8f26-4ba2-bb6a-f4c421823115
2023-08-31 10:29:37,384 [main] INFO  net.NetworkTopologyImpl (NetworkTopologyImpl.java:add(112)) - Added a new node: /default-rack/111d4ef7-2b31-431b-ad14-b36aaf2a11b1
2023-08-31 10:29:37,386 [main] INFO  net.NetworkTopologyImpl (NetworkTopologyImpl.java:add(112)) - Added a new node: /default-rack/34e1dc44-281f-4eed-b4b9-7504dbfa92db
2023-08-31 10:29:37,387 [main] INFO  net.NetworkTopologyImpl (NetworkTopologyImpl.java:add(112)) - Added a new node: /default-rack/5521d58a-3e9c-488a-85f2-5ac0c706fcc4
2023-08-31 10:29:37,387 [main] INFO  net.NetworkTopologyImpl (NetworkTopologyImpl.java:add(112)) - Added a new node: /default-rack/ef29fc00-6da8-4381-bd81-be9ca283c471
2023-08-31 10:29:37,387 [main] INFO  algorithms.ContainerPlacementPolicyFactory (ContainerPlacementPolicyFactory.java:getPolicyInternal(86)) - Create container placement policy of type org.apache.hadoop.hdds.scm.container.placement.algorithms.SCMContainerPlacementRackAware
2023-08-31 10:29:37,387 [main] INFO  algorithms.ContainerPlacementPolicyFactory (ContainerPlacementPolicyFactory.java:getPolicyInternal(86)) - Create container placement policy of type org.apache.hadoop.hdds.scm.container.placement.algorithms.SCMContainerPlacementRackScatter
2023-08-31 10:29:37,395 [main] DEBUG balancer.ContainerBalancerTask (ContainerBalancerTask.java:initializeIteration(374)) - Average utilization of the cluster is 0.31794095382329185
2023-08-31 10:29:37,395 [main] DEBUG balancer.ContainerBalancerTask (ContainerBalancerTask.java:initializeIteration(386)) - Lower limit for utilization is 0.21794095382329184 and Upper limit for utilization is 0.4179409538232919
2023-08-31 10:29:37,395 [main] DEBUG balancer.ContainerBalancerTask (ContainerBalancerTask.java:initializeIteration(398)) - Utilization for node 6cb3caeb-185e-4a59-b3de-de75c7848f12 with capacity 64424509440B, used 57982058496B, and remaining 6442450944B is 0.9
2023-08-31 10:29:37,395 [main] DEBUG balancer.ContainerBalancerTask (ContainerBalancerTask.java:initializeIteration(398)) - Utilization for node 34e1dc44-281f-4eed-b4b9-7504dbfa92db with capacity 49660559360B, used 39728447488B, and remaining 9932111872B is 0.8
2023-08-31 10:29:37,396 [main] DEBUG balancer.ContainerBalancerTask (ContainerBalancerTask.java:initializeIteration(398)) - Utilization for node bfa85e01-8f26-4ba2-bb6a-f4c421823115 with capacity 81297595245B, used 56908316672B, and remaining 24389278573B is 0.7000000000061503
2023-08-31 10:29:37,396 [main] DEBUG balancer.ContainerBalancerTask (ContainerBalancerTask.java:initializeIteration(398)) - Utilization for node 0b506653-462a-4640-82a8-04ce27297455 with capacity 87688915626B, used 52613349376B, and remaining 35075566250B is 0.6000000000045616
2023-08-31 10:29:37,396 [main] DEBUG balancer.ContainerBalancerTask (ContainerBalancerTask.java:initializeIteration(398)) - Utilization for node bb378131-d4a2-4e90-951c-e59120bc29d6 with capacity 96636764160B, used 48318382080B, and remaining 48318382080B is 0.5
2023-08-31 10:29:37,396 [main] DEBUG balancer.ContainerBalancerTask (ContainerBalancerTask.java:initializeIteration(398)) - Utilization for node ef29fc00-6da8-4381-bd81-be9ca283c471 with capacity 77846282240B, used 31138512896B, and remaining 46707769344B is 0.4
2023-08-31 10:29:37,396 [main] DEBUG balancer.ContainerBalancerTask (ContainerBalancerTask.java:initializeIteration(398)) - Utilization for node bca55ffd-5f65-4f8d-a058-cb31a85bcdf1 with capacity 132428158293B, used 39728447488B, and remaining 92699710805B is 0.3000000000007551
2023-08-31 10:29:37,396 [main] DEBUG balancer.ContainerBalancerTask (ContainerBalancerTask.java:initializeIteration(398)) - Utilization for node 3f72935a-a300-4230-ba1a-d06b4c4b6280 with capacity 144955146240B, used 28991029248B, and remaining 115964116992B is 0.2
2023-08-31 10:29:37,396 [main] DEBUG balancer.ContainerBalancerTask (ContainerBalancerTask.java:initializeIteration(398)) - Utilization for node 111d4ef7-2b31-431b-ad14-b36aaf2a11b1 with capacity 472446402560B, used 47244640256B, and remaining 425201762304B is 0.1
2023-08-31 10:29:37,396 [main] DEBUG balancer.ContainerBalancerTask (ContainerBalancerTask.java:initializeIteration(398)) - Utilization for node 5521d58a-3e9c-488a-85f2-5ac0c706fcc4 with capacity 59055800320B, used 0B, and remaining 59055800320B is 0.0
2023-08-31 10:29:37,397 [main] INFO  balancer.ContainerBalancerTask (ContainerBalancerTask.java:initializeIteration(447)) - Container Balancer has identified 5 Over-Utilized and 3 Under-Utilized Datanodes that need to be balanced.
2023-08-31 10:29:37,397 [main] DEBUG balancer.ContainerBalancerTask (ContainerBalancerTask.java:lambda$initializeIteration$1(453)) - Datanode localhost-88.70.164.192 6cb3caeb-185e-4a59-b3de-de75c7848f12 is Over-Utilized.
2023-08-31 10:29:37,397 [main] DEBUG balancer.ContainerBalancerTask (ContainerBalancerTask.java:lambda$initializeIteration$1(453)) - Datanode localhost-83.9.253.159 34e1dc44-281f-4eed-b4b9-7504dbfa92db is Over-Utilized.
2023-08-31 10:29:37,397 [main] DEBUG balancer.ContainerBalancerTask (ContainerBalancerTask.java:lambda$initializeIteration$1(453)) - Datanode localhost-101.181.120.198 bfa85e01-8f26-4ba2-bb6a-f4c421823115 is Over-Utilized.
2023-08-31 10:29:37,397 [main] DEBUG balancer.ContainerBalancerTask (ContainerBalancerTask.java:lambda$initializeIteration$1(453)) - Datanode localhost-6.49.7.52 0b506653-462a-4640-82a8-04ce27297455 is Over-Utilized.
2023-08-31 10:29:37,397 [main] DEBUG balancer.ContainerBalancerTask (ContainerBalancerTask.java:lambda$initializeIteration$1(453)) - Datanode localhost-170.176.55.247 bb378131-d4a2-4e90-951c-e59120bc29d6 is Over-Utilized.
2023-08-31 10:29:37,397 [main] DEBUG balancer.ContainerBalancerTask (ContainerBalancerTask.java:lambda$initializeIteration$2(459)) - Datanode localhost-138.193.132.18 5521d58a-3e9c-488a-85f2-5ac0c706fcc4 is Under-Utilized.
2023-08-31 10:29:37,397 [main] DEBUG balancer.ContainerBalancerTask (ContainerBalancerTask.java:lambda$initializeIteration$2(459)) - Datanode localhost-41.46.59.119 111d4ef7-2b31-431b-ad14-b36aaf2a11b1 is Under-Utilized.
2023-08-31 10:29:37,397 [main] DEBUG balancer.ContainerBalancerTask (ContainerBalancerTask.java:lambda$initializeIteration$2(459)) - Datanode localhost-21.246.133.78 3f72935a-a300-4230-ba1a-d06b4c4b6280 is Under-Utilized.
2023-08-31 10:29:37,401 [main] DEBUG balancer.ContainerBalancerTask (ContainerBalancerTask.java:matchSourceWithTarget(708)) - ContainerBalancer is finding suitable target for source datanode 6cb3caeb-185e-4a59-b3de-de75c7848f12
2023-08-31 10:29:37,401 [main] INFO  balancer.ContainerBalancerTask (ContainerBalancerTask.java:matchSourceWithTarget(722)) - ContainerBalancer matched source datanode 6cb3caeb-185e-4a59-b3de-de75c7848f12 with target datanode 5521d58a-3e9c-488a-85f2-5ac0c706fcc4 for container move.
2023-08-31 10:29:37,402 [main] INFO  balancer.ContainerBalancerTask (ContainerBalancerTask.java:processMoveSelection(569)) - ContainerBalancer is trying to move container #84 with size 4294967296B from source datanode 6cb3caeb-185e-4a59-b3de-de75c7848f12 to target datanode 5521d58a-3e9c-488a-85f2-5ac0c706fcc4
2023-08-31 10:29:37,402 [main] DEBUG balancer.ContainerBalancerTask (ContainerBalancerTask.java:lambda$moveContainer$3(837)) - Container move completed for container #84 from source 6cb3caeb-185e-4a59-b3de-de75c7848f12 to target 5521d58a-3e9c-488a-85f2-5ac0c706fcc4
2023-08-31 10:29:37,405 [main] DEBUG balancer.ContainerBalancerTask (ContainerBalancerTask.java:matchSourceWithTarget(708)) - ContainerBalancer is finding suitable target for source datanode 6cb3caeb-185e-4a59-b3de-de75c7848f12
2023-08-31 10:29:37,406 [main] INFO  balancer.ContainerBalancerTask (ContainerBalancerTask.java:matchSourceWithTarget(722)) - ContainerBalancer matched source datanode 6cb3caeb-185e-4a59-b3de-de75c7848f12 with target datanode 5521d58a-3e9c-488a-85f2-5ac0c706fcc4 for container move.
2023-08-31 10:29:37,406 [main] INFO  balancer.ContainerBalancerTask (ContainerBalancerTask.java:processMoveSelection(569)) - ContainerBalancer is trying to move container #88 with size 3221225472B from source datanode 6cb3caeb-185e-4a59-b3de-de75c7848f12 to target datanode 5521d58a-3e9c-488a-85f2-5ac0c706fcc4
2023-08-31 10:29:37,406 [main] DEBUG balancer.ContainerBalancerTask (ContainerBalancerTask.java:lambda$moveContainer$3(837)) - Container move completed for container #88 from source 6cb3caeb-185e-4a59-b3de-de75c7848f12 to target 5521d58a-3e9c-488a-85f2-5ac0c706fcc4
2023-08-31 10:29:37,409 [main] DEBUG balancer.ContainerBalancerTask (ContainerBalancerTask.java:matchSourceWithTarget(708)) - ContainerBalancer is finding suitable target for source datanode 34e1dc44-281f-4eed-b4b9-7504dbfa92db
2023-08-31 10:29:37,409 [main] INFO  balancer.ContainerBalancerTask (ContainerBalancerTask.java:matchSourceWithTarget(722)) - ContainerBalancer matched source datanode 34e1dc44-281f-4eed-b4b9-7504dbfa92db with target datanode 111d4ef7-2b31-431b-ad14-b36aaf2a11b1 for container move.
2023-08-31 10:29:37,409 [main] INFO  balancer.ContainerBalancerTask (ContainerBalancerTask.java:processMoveSelection(569)) - ContainerBalancer is trying to move container #66 with size 3221225472B from source datanode 34e1dc44-281f-4eed-b4b9-7504dbfa92db to target datanode 111d4ef7-2b31-431b-ad14-b36aaf2a11b1
2023-08-31 10:29:37,409 [main] DEBUG balancer.ContainerBalancerTask (ContainerBalancerTask.java:lambda$moveContainer$3(837)) - Container move completed for container #66 from source 34e1dc44-281f-4eed-b4b9-7504dbfa92db to target 111d4ef7-2b31-431b-ad14-b36aaf2a11b1
2023-08-31 10:29:37,413 [main] DEBUG balancer.ContainerBalancerTask (ContainerBalancerTask.java:matchSourceWithTarget(708)) - ContainerBalancer is finding suitable target for source datanode 6cb3caeb-185e-4a59-b3de-de75c7848f12
2023-08-31 10:29:37,413 [main] INFO  balancer.ContainerBalancerTask (ContainerBalancerTask.java:matchSourceWithTarget(722)) - ContainerBalancer matched source datanode 6cb3caeb-185e-4a59-b3de-de75c7848f12 with target datanode 111d4ef7-2b31-431b-ad14-b36aaf2a11b1 for container move.
2023-08-31 10:29:37,413 [main] INFO  balancer.ContainerBalancerTask (ContainerBalancerTask.java:processMoveSelection(569)) - ContainerBalancer is trying to move container #38 with size 3221225472B from source datanode 6cb3caeb-185e-4a59-b3de-de75c7848f12 to target datanode 111d4ef7-2b31-431b-ad14-b36aaf2a11b1
2023-08-31 10:29:37,414 [main] DEBUG balancer.ContainerBalancerTask (ContainerBalancerTask.java:lambda$moveContainer$3(837)) - Container move completed for container #38 from source 6cb3caeb-185e-4a59-b3de-de75c7848f12 to target 111d4ef7-2b31-431b-ad14-b36aaf2a11b1
2023-08-31 10:29:37,416 [main] DEBUG balancer.ContainerBalancerTask (ContainerBalancerTask.java:matchSourceWithTarget(708)) - ContainerBalancer is finding suitable target for source datanode 34e1dc44-281f-4eed-b4b9-7504dbfa92db
2023-08-31 10:29:37,416 [main] INFO  balancer.ContainerBalancerTask (ContainerBalancerTask.java:matchSourceWithTarget(722)) - ContainerBalancer matched source datanode 34e1dc44-281f-4eed-b4b9-7504dbfa92db with target datanode 111d4ef7-2b31-431b-ad14-b36aaf2a11b1 for container move.
2023-08-31 10:29:37,416 [main] INFO  balancer.ContainerBalancerTask (ContainerBalancerTask.java:processMoveSelection(569)) - ContainerBalancer is trying to move container #50 with size 2147483648B from source datanode 34e1dc44-281f-4eed-b4b9-7504dbfa92db to target datanode 111d4ef7-2b31-431b-ad14-b36aaf2a11b1
2023-08-31 10:29:37,417 [main] DEBUG balancer.ContainerBalancerTask (ContainerBalancerTask.java:lambda$moveContainer$3(837)) - Container move completed for container #50 from source 34e1dc44-281f-4eed-b4b9-7504dbfa92db to target 111d4ef7-2b31-431b-ad14-b36aaf2a11b1
2023-08-31 10:29:37,421 [main] DEBUG balancer.ContainerBalancerTask (ContainerBalancerTask.java:matchSourceWithTarget(708)) - ContainerBalancer is finding suitable target for source datanode 6cb3caeb-185e-4a59-b3de-de75c7848f12
2023-08-31 10:29:37,421 [main] INFO  balancer.ContainerBalancerTask (ContainerBalancerTask.java:matchSourceWithTarget(722)) - ContainerBalancer matched source datanode 6cb3caeb-185e-4a59-b3de-de75c7848f12 with target datanode 111d4ef7-2b31-431b-ad14-b36aaf2a11b1 for container move.
2023-08-31 10:29:37,421 [main] INFO  balancer.ContainerBalancerTask (ContainerBalancerTask.java:processMoveSelection(569)) - ContainerBalancer is trying to move container #82 with size 2147483648B from source datanode 6cb3caeb-185e-4a59-b3de-de75c7848f12 to target datanode 111d4ef7-2b31-431b-ad14-b36aaf2a11b1
2023-08-31 10:29:37,421 [main] DEBUG balancer.ContainerBalancerTask (ContainerBalancerTask.java:lambda$moveContainer$3(837)) - Container move completed for container #82 from source 6cb3caeb-185e-4a59-b3de-de75c7848f12 to target 111d4ef7-2b31-431b-ad14-b36aaf2a11b1
2023-08-31 10:29:37,425 [main] DEBUG balancer.ContainerBalancerTask (ContainerBalancerTask.java:matchSourceWithTarget(708)) - ContainerBalancer is finding suitable target for source datanode bfa85e01-8f26-4ba2-bb6a-f4c421823115
2023-08-31 10:29:37,426 [main] INFO  balancer.ContainerBalancerTask (ContainerBalancerTask.java:matchSourceWithTarget(722)) - ContainerBalancer matched source datanode bfa85e01-8f26-4ba2-bb6a-f4c421823115 with target datanode 5521d58a-3e9c-488a-85f2-5ac0c706fcc4 for container move.
2023-08-31 10:29:37,426 [main] INFO  balancer.ContainerBalancerTask (ContainerBalancerTask.java:processMoveSelection(569)) - ContainerBalancer is trying to move container #18 with size 3221225472B from source datanode bfa85e01-8f26-4ba2-bb6a-f4c421823115 to target datanode 5521d58a-3e9c-488a-85f2-5ac0c706fcc4
2023-08-31 10:29:37,426 [main] DEBUG balancer.ContainerBalancerTask (ContainerBalancerTask.java:lambda$moveContainer$3(837)) - Container move completed for container #18 from source bfa85e01-8f26-4ba2-bb6a-f4c421823115 to target 5521d58a-3e9c-488a-85f2-5ac0c706fcc4
2023-08-31 10:29:37,430 [main] DEBUG balancer.ContainerBalancerTask (ContainerBalancerTask.java:matchSourceWithTarget(708)) - ContainerBalancer is finding suitable target for source datanode 6cb3caeb-185e-4a59-b3de-de75c7848f12
2023-08-31 10:29:37,430 [main] INFO  balancer.ContainerBalancerTask (ContainerBalancerTask.java:matchSourceWithTarget(722)) - ContainerBalancer matched source datanode 6cb3caeb-185e-4a59-b3de-de75c7848f12 with target datanode 3f72935a-a300-4230-ba1a-d06b4c4b6280 for container move.
2023-08-31 10:29:37,430 [main] INFO  balancer.ContainerBalancerTask (ContainerBalancerTask.java:processMoveSelection(569)) - ContainerBalancer is trying to move container #86 with size 1073741824B from source datanode 6cb3caeb-185e-4a59-b3de-de75c7848f12 to target datanode 3f72935a-a300-4230-ba1a-d06b4c4b6280
2023-08-31 10:29:37,431 [main] DEBUG balancer.ContainerBalancerTask (ContainerBalancerTask.java:lambda$moveContainer$3(837)) - Container move completed for container #86 from source 6cb3caeb-185e-4a59-b3de-de75c7848f12 to target 3f72935a-a300-4230-ba1a-d06b4c4b6280
2023-08-31 10:29:37,433 [main] DEBUG balancer.ContainerBalancerTask (ContainerBalancerTask.java:matchSourceWithTarget(708)) - ContainerBalancer is finding suitable target for source datanode 34e1dc44-281f-4eed-b4b9-7504dbfa92db
2023-08-31 10:29:37,434 [main] INFO  balancer.ContainerBalancerTask (ContainerBalancerTask.java:matchSourceWithTarget(722)) - ContainerBalancer matched source datanode 34e1dc44-281f-4eed-b4b9-7504dbfa92db with target datanode 3f72935a-a300-4230-ba1a-d06b4c4b6280 for container move.
2023-08-31 10:29:37,434 [main] INFO  balancer.ContainerBalancerTask (ContainerBalancerTask.java:processMoveSelection(569)) - ContainerBalancer is trying to move container #68 with size 5368709120B from source datanode 34e1dc44-281f-4eed-b4b9-7504dbfa92db to target datanode 3f72935a-a300-4230-ba1a-d06b4c4b6280
2023-08-31 10:29:37,434 [main] DEBUG balancer.ContainerBalancerTask (ContainerBalancerTask.java:lambda$moveContainer$3(837)) - Container move completed for container #68 from source 34e1dc44-281f-4eed-b4b9-7504dbfa92db to target 3f72935a-a300-4230-ba1a-d06b4c4b6280
2023-08-31 10:29:37,438 [main] DEBUG balancer.ContainerBalancerTask (ContainerBalancerTask.java:matchSourceWithTarget(708)) - ContainerBalancer is finding suitable target for source datanode 6cb3caeb-185e-4a59-b3de-de75c7848f12
2023-08-31 10:29:37,438 [main] INFO  balancer.ContainerBalancerTask (ContainerBalancerTask.java:matchSourceWithTarget(722)) - ContainerBalancer matched source datanode 6cb3caeb-185e-4a59-b3de-de75c7848f12 with target datanode 3f72935a-a300-4230-ba1a-d06b4c4b6280 for container move.
2023-08-31 10:29:37,439 [main] INFO  balancer.ContainerBalancerTask (ContainerBalancerTask.java:processMoveSelection(569)) - ContainerBalancer is trying to move container #16 with size 1073741824B from source datanode 6cb3caeb-185e-4a59-b3de-de75c7848f12 to target datanode 3f72935a-a300-4230-ba1a-d06b4c4b6280
2023-08-31 10:29:37,439 [main] DEBUG balancer.ContainerBalancerTask (ContainerBalancerTask.java:lambda$moveContainer$3(837)) - Container move completed for container #16 from source 6cb3caeb-185e-4a59-b3de-de75c7848f12 to target 3f72935a-a300-4230-ba1a-d06b4c4b6280
2023-08-31 10:29:37,443 [main] DEBUG balancer.ContainerBalancerTask (ContainerBalancerTask.java:matchSourceWithTarget(701)) - ContainerBalancer could not find any candidate containers for datanode 6cb3caeb-185e-4a59-b3de-de75c7848f12
2023-08-31 10:29:37,448 [main] DEBUG balancer.ContainerBalancerTask (ContainerBalancerTask.java:matchSourceWithTarget(708)) - ContainerBalancer is finding suitable target for source datanode bfa85e01-8f26-4ba2-bb6a-f4c421823115
2023-08-31 10:29:37,448 [main] INFO  balancer.ContainerBalancerTask (ContainerBalancerTask.java:matchSourceWithTarget(722)) - ContainerBalancer matched source datanode bfa85e01-8f26-4ba2-bb6a-f4c421823115 with target datanode 3f72935a-a300-4230-ba1a-d06b4c4b6280 for container move.
2023-08-31 10:29:37,448 [main] INFO  balancer.ContainerBalancerTask (ContainerBalancerTask.java:processMoveSelection(569)) - ContainerBalancer is trying to move container #54 with size 1073741824B from source datanode bfa85e01-8f26-4ba2-bb6a-f4c421823115 to target datanode 3f72935a-a300-4230-ba1a-d06b4c4b6280
2023-08-31 10:29:37,448 [main] DEBUG balancer.ContainerBalancerTask (ContainerBalancerTask.java:lambda$moveContainer$3(837)) - Container move completed for container #54 from source bfa85e01-8f26-4ba2-bb6a-f4c421823115 to target 3f72935a-a300-4230-ba1a-d06b4c4b6280
2023-08-31 10:29:37,453 [main] DEBUG balancer.ContainerBalancerTask (ContainerBalancerTask.java:matchSourceWithTarget(708)) - ContainerBalancer is finding suitable target for source datanode bfa85e01-8f26-4ba2-bb6a-f4c421823115
2023-08-31 10:29:37,453 [main] INFO  balancer.ContainerBalancerTask (ContainerBalancerTask.java:matchSourceWithTarget(722)) - ContainerBalancer matched source datanode bfa85e01-8f26-4ba2-bb6a-f4c421823115 with target datanode 3f72935a-a300-4230-ba1a-d06b4c4b6280 for container move.
2023-08-31 10:29:37,453 [main] INFO  balancer.ContainerBalancerTask (ContainerBalancerTask.java:processMoveSelection(569)) - ContainerBalancer is trying to move container #36 with size 1073741824B from source datanode bfa85e01-8f26-4ba2-bb6a-f4c421823115 to target datanode 3f72935a-a300-4230-ba1a-d06b4c4b6280
2023-08-31 10:29:37,453 [main] DEBUG balancer.ContainerBalancerTask (ContainerBalancerTask.java:lambda$moveContainer$3(837)) - Container move completed for container #36 from source bfa85e01-8f26-4ba2-bb6a-f4c421823115 to target 3f72935a-a300-4230-ba1a-d06b4c4b6280
2023-08-31 10:29:37,458 [main] DEBUG balancer.ContainerBalancerTask (ContainerBalancerTask.java:matchSourceWithTarget(708)) - ContainerBalancer is finding suitable target for source datanode bfa85e01-8f26-4ba2-bb6a-f4c421823115
2023-08-31 10:29:37,458 [main] INFO  balancer.FindTargetGreedyByUsageInfo (AbstractFindTargetGreedy.java:findTargetForContainerMove(133)) - Container Balancer could not find a target for source datanode bfa85e01-8f26-4ba2-bb6a-f4c421823115
2023-08-31 10:29:37,458 [main] DEBUG balancer.ContainerBalancerTask (ContainerBalancerTask.java:matchSourceWithTarget(717)) - ContainerBalancer could not find a suitable target for source node bfa85e01-8f26-4ba2-bb6a-f4c421823115.
2023-08-31 10:29:37,462 [main] DEBUG balancer.ContainerBalancerTask (ContainerBalancerTask.java:matchSourceWithTarget(708)) - ContainerBalancer is finding suitable target for source datanode 0b506653-462a-4640-82a8-04ce27297455
2023-08-31 10:29:37,463 [main] INFO  balancer.ContainerBalancerTask (ContainerBalancerTask.java:matchSourceWithTarget(722)) - ContainerBalancer matched source datanode 0b506653-462a-4640-82a8-04ce27297455 with target datanode 3f72935a-a300-4230-ba1a-d06b4c4b6280 for container move.
2023-08-31 10:29:37,463 [main] INFO  balancer.ContainerBalancerTask (ContainerBalancerTask.java:processMoveSelection(569)) - ContainerBalancer is trying to move container #64 with size 1073741824B from source datanode 0b506653-462a-4640-82a8-04ce27297455 to target datanode 3f72935a-a300-4230-ba1a-d06b4c4b6280
2023-08-31 10:29:37,463 [main] DEBUG balancer.ContainerBalancerTask (ContainerBalancerTask.java:lambda$moveContainer$3(837)) - Container move completed for container #64 from source 0b506653-462a-4640-82a8-04ce27297455 to target 3f72935a-a300-4230-ba1a-d06b4c4b6280
2023-08-31 10:29:37,467 [main] DEBUG balancer.ContainerBalancerTask (ContainerBalancerTask.java:matchSourceWithTarget(708)) - ContainerBalancer is finding suitable target for source datanode 0b506653-462a-4640-82a8-04ce27297455
2023-08-31 10:29:37,467 [main] INFO  balancer.FindTargetGreedyByUsageInfo (AbstractFindTargetGreedy.java:findTargetForContainerMove(133)) - Container Balancer could not find a target for source datanode 0b506653-462a-4640-82a8-04ce27297455
2023-08-31 10:29:37,467 [main] DEBUG balancer.ContainerBalancerTask (ContainerBalancerTask.java:matchSourceWithTarget(717)) - ContainerBalancer could not find a suitable target for source node 0b506653-462a-4640-82a8-04ce27297455.
2023-08-31 10:29:37,470 [main] DEBUG balancer.ContainerBalancerTask (ContainerBalancerTask.java:matchSourceWithTarget(708)) - ContainerBalancer is finding suitable target for source datanode 34e1dc44-281f-4eed-b4b9-7504dbfa92db
2023-08-31 10:29:37,471 [main] INFO  balancer.FindTargetGreedyByUsageInfo (AbstractFindTargetGreedy.java:findTargetForContainerMove(133)) - Container Balancer could not find a target for source datanode 34e1dc44-281f-4eed-b4b9-7504dbfa92db
2023-08-31 10:29:37,471 [main] DEBUG balancer.ContainerBalancerTask (ContainerBalancerTask.java:matchSourceWithTarget(717)) - ContainerBalancer could not find a suitable target for source node 34e1dc44-281f-4eed-b4b9-7504dbfa92db.
2023-08-31 10:29:37,475 [main] DEBUG balancer.ContainerBalancerTask (ContainerBalancerTask.java:matchSourceWithTarget(708)) - ContainerBalancer is finding suitable target for source datanode bb378131-d4a2-4e90-951c-e59120bc29d6
2023-08-31 10:29:37,475 [main] INFO  balancer.FindTargetGreedyByUsageInfo (AbstractFindTargetGreedy.java:findTargetForContainerMove(133)) - Container Balancer could not find a target for source datanode bb378131-d4a2-4e90-951c-e59120bc29d6
2023-08-31 10:29:37,475 [main] DEBUG balancer.ContainerBalancerTask (ContainerBalancerTask.java:matchSourceWithTarget(717)) - ContainerBalancer could not find a suitable target for source node bb378131-d4a2-4e90-951c-e59120bc29d6.
2023-08-31 10:29:37,475 [main] INFO  balancer.FindSourceGreedy (FindSourceGreedy.java:getNextCandidateSourceDataNode(126)) - no more candidate source data node
2023-08-31 10:29:37,476 [main] INFO  balancer.ContainerBalancerTask (ContainerBalancerTask.java:checkIterationMoveResults(642)) - Iteration Summary. Number of Datanodes involved: 7. Size moved: 30 GB (32212254720 Bytes). Number of Container moves completed: 13.
2023-08-31 10:29:37,476 [main] INFO  balancer.ContainerBalancerTask (ContainerBalancerTask.java:balance(259)) - Result of this iteration of Container Balancer: ITERATION_COMPLETED
2023-08-31 10:29:37,476 [main] INFO  balancer.ContainerBalancerTask (ContainerBalancerTask.java:tryStopWithSaveConfiguration(308)) - Save Configuration for stopping. Reason: Completed all iterations.
2023-08-31 10:29:37,478 [main] DEBUG balancer.ContainerBalancerTask (ContainerBalancerTask.java:initializeIteration(374)) - Average utilization of the cluster is 0.31794095382329185
2023-08-31 10:29:37,478 [main] DEBUG balancer.ContainerBalancerTask (ContainerBalancerTask.java:initializeIteration(386)) - Lower limit for utilization is 0.21794095382329184 and Upper limit for utilization is 0.4179409538232919
2023-08-31 10:29:37,478 [main] DEBUG balancer.ContainerBalancerTask (ContainerBalancerTask.java:initializeIteration(398)) - Utilization for node 6cb3caeb-185e-4a59-b3de-de75c7848f12 with capacity 64424509440B, used 57982058496B, and remaining 6442450944B is 0.9
2023-08-31 10:29:37,478 [main] DEBUG balancer.ContainerBalancerTask (ContainerBalancerTask.java:initializeIteration(398)) - Utilization for node 34e1dc44-281f-4eed-b4b9-7504dbfa92db with capacity 49660559360B, used 39728447488B, and remaining 9932111872B is 0.8
2023-08-31 10:29:37,478 [main] DEBUG balancer.ContainerBalancerTask (ContainerBalancerTask.java:initializeIteration(398)) - Utilization for node bfa85e01-8f26-4ba2-bb6a-f4c421823115 with capacity 81297595245B, used 56908316672B, and remaining 24389278573B is 0.7000000000061503
2023-08-31 10:29:37,478 [main] DEBUG balancer.ContainerBalancerTask (ContainerBalancerTask.java:initializeIteration(398)) - Utilization for node 0b506653-462a-4640-82a8-04ce27297455 with capacity 87688915626B, used 52613349376B, and remaining 35075566250B is 0.6000000000045616
2023-08-31 10:29:37,478 [main] DEBUG balancer.ContainerBalancerTask (ContainerBalancerTask.java:initializeIteration(398)) - Utilization for node bb378131-d4a2-4e90-951c-e59120bc29d6 with capacity 96636764160B, used 48318382080B, and remaining 48318382080B is 0.5
2023-08-31 10:29:37,479 [main] DEBUG balancer.ContainerBalancerTask (ContainerBalancerTask.java:initializeIteration(398)) - Utilization for node ef29fc00-6da8-4381-bd81-be9ca283c471 with capacity 77846282240B, used 31138512896B, and remaining 46707769344B is 0.4
2023-08-31 10:29:37,479 [main] DEBUG balancer.ContainerBalancerTask (ContainerBalancerTask.java:initializeIteration(398)) - Utilization for node bca55ffd-5f65-4f8d-a058-cb31a85bcdf1 with capacity 132428158293B, used 39728447488B, and remaining 92699710805B is 0.3000000000007551
2023-08-31 10:29:37,479 [main] DEBUG balancer.ContainerBalancerTask (ContainerBalancerTask.java:initializeIteration(398)) - Utilization for node 3f72935a-a300-4230-ba1a-d06b4c4b6280 with capacity 144955146240B, used 28991029248B, and remaining 115964116992B is 0.2
2023-08-31 10:29:37,479 [main] DEBUG balancer.ContainerBalancerTask (ContainerBalancerTask.java:initializeIteration(398)) - Utilization for node 111d4ef7-2b31-431b-ad14-b36aaf2a11b1 with capacity 472446402560B, used 47244640256B, and remaining 425201762304B is 0.1
2023-08-31 10:29:37,479 [main] DEBUG balancer.ContainerBalancerTask (ContainerBalancerTask.java:initializeIteration(398)) - Utilization for node 5521d58a-3e9c-488a-85f2-5ac0c706fcc4 with capacity 59055800320B, used 0B, and remaining 59055800320B is 0.0
2023-08-31 10:29:37,479 [main] INFO  balancer.ContainerBalancerTask (ContainerBalancerTask.java:initializeIteration(447)) - Container Balancer has identified 5 Over-Utilized and 3 Under-Utilized Datanodes that need to be balanced.
2023-08-31 10:29:37,479 [main] DEBUG balancer.ContainerBalancerTask (ContainerBalancerTask.java:lambda$initializeIteration$1(453)) - Datanode localhost-88.70.164.192 6cb3caeb-185e-4a59-b3de-de75c7848f12 is Over-Utilized.
2023-08-31 10:29:37,479 [main] DEBUG balancer.ContainerBalancerTask (ContainerBalancerTask.java:lambda$initializeIteration$1(453)) - Datanode localhost-83.9.253.159 34e1dc44-281f-4eed-b4b9-7504dbfa92db is Over-Utilized.
2023-08-31 10:29:37,480 [main] DEBUG balancer.ContainerBalancerTask (ContainerBalancerTask.java:lambda$initializeIteration$1(453)) - Datanode localhost-101.181.120.198 bfa85e01-8f26-4ba2-bb6a-f4c421823115 is Over-Utilized.
2023-08-31 10:29:37,480 [main] DEBUG balancer.ContainerBalancerTask (ContainerBalancerTask.java:lambda$initializeIteration$1(453)) - Datanode localhost-6.49.7.52 0b506653-462a-4640-82a8-04ce27297455 is Over-Utilized.
2023-08-31 10:29:37,480 [main] DEBUG balancer.ContainerBalancerTask (ContainerBalancerTask.java:lambda$initializeIteration$1(453)) - Datanode localhost-170.176.55.247 bb378131-d4a2-4e90-951c-e59120bc29d6 is Over-Utilized.
2023-08-31 10:29:37,480 [main] DEBUG balancer.ContainerBalancerTask (ContainerBalancerTask.java:lambda$initializeIteration$2(459)) - Datanode localhost-138.193.132.18 5521d58a-3e9c-488a-85f2-5ac0c706fcc4 is Under-Utilized.
2023-08-31 10:29:37,480 [main] DEBUG balancer.ContainerBalancerTask (ContainerBalancerTask.java:lambda$initializeIteration$2(459)) - Datanode localhost-41.46.59.119 111d4ef7-2b31-431b-ad14-b36aaf2a11b1 is Under-Utilized.
2023-08-31 10:29:37,480 [main] DEBUG balancer.ContainerBalancerTask (ContainerBalancerTask.java:lambda$initializeIteration$2(459)) - Datanode localhost-21.246.133.78 3f72935a-a300-4230-ba1a-d06b4c4b6280 is Under-Utilized.
2023-08-31 10:29:37,484 [main] DEBUG balancer.ContainerBalancerTask (ContainerBalancerTask.java:matchSourceWithTarget(708)) - ContainerBalancer is finding suitable target for source datanode 6cb3caeb-185e-4a59-b3de-de75c7848f12
2023-08-31 10:29:37,484 [main] INFO  balancer.ContainerBalancerTask (ContainerBalancerTask.java:matchSourceWithTarget(722)) - ContainerBalancer matched source datanode 6cb3caeb-185e-4a59-b3de-de75c7848f12 with target datanode 5521d58a-3e9c-488a-85f2-5ac0c706fcc4 for container move.
2023-08-31 10:29:37,484 [main] INFO  balancer.ContainerBalancerTask (ContainerBalancerTask.java:processMoveSelection(569)) - ContainerBalancer is trying to move container #84 with size 4294967296B from source datanode 6cb3caeb-185e-4a59-b3de-de75c7848f12 to target datanode 5521d58a-3e9c-488a-85f2-5ac0c706fcc4
2023-08-31 10:29:37,484 [main] WARN  balancer.ContainerBalancerTask (ContainerBalancerTask.java:lambda$moveContainer$3(842)) - Container move for container #84 from source 6cb3caeb-185e-4a59-b3de-de75c7848f12 to target 5521d58a-3e9c-488a-85f2-5ac0c706fcc4 failed: REPLICATION_FAIL_NODE_UNHEALTHY
2023-08-31 10:29:37,486 [main] DEBUG balancer.ContainerBalancerTask (ContainerBalancerTask.java:matchSourceWithTarget(708)) - ContainerBalancer is finding suitable target for source datanode 34e1dc44-281f-4eed-b4b9-7504dbfa92db
2023-08-31 10:29:37,487 [main] INFO  balancer.ContainerBalancerTask (ContainerBalancerTask.java:matchSourceWithTarget(722)) - ContainerBalancer matched source datanode 34e1dc44-281f-4eed-b4b9-7504dbfa92db with target datanode 5521d58a-3e9c-488a-85f2-5ac0c706fcc4 for container move.
2023-08-31 10:29:37,487 [main] INFO  balancer.ContainerBalancerTask (ContainerBalancerTask.java:processMoveSelection(569)) - ContainerBalancer is trying to move container #68 with size 5368709120B from source datanode 34e1dc44-281f-4eed-b4b9-7504dbfa92db to target datanode 5521d58a-3e9c-488a-85f2-5ac0c706fcc4
2023-08-31 10:29:37,487 [main] WARN  balancer.ContainerBalancerTask (ContainerBalancerTask.java:lambda$moveContainer$3(842)) - Container move for container #68 from source 34e1dc44-281f-4eed-b4b9-7504dbfa92db to target 5521d58a-3e9c-488a-85f2-5ac0c706fcc4 failed: REPLICATION_FAIL_NODE_UNHEALTHY
2023-08-31 10:29:37,490 [main] DEBUG balancer.ContainerBalancerTask (ContainerBalancerTask.java:matchSourceWithTarget(708)) - ContainerBalancer is finding suitable target for source datanode bfa85e01-8f26-4ba2-bb6a-f4c421823115
2023-08-31 10:29:37,490 [main] INFO  balancer.ContainerBalancerTask (ContainerBalancerTask.java:matchSourceWithTarget(722)) - ContainerBalancer matched source datanode bfa85e01-8f26-4ba2-bb6a-f4c421823115 with target datanode 5521d58a-3e9c-488a-85f2-5ac0c706fcc4 for container move.
2023-08-31 10:29:37,491 [main] INFO  balancer.ContainerBalancerTask (ContainerBalancerTask.java:processMoveSelection(569)) - ContainerBalancer is trying to move container #84 with size 4294967296B from source datanode bfa85e01-8f26-4ba2-bb6a-f4c421823115 to target datanode 5521d58a-3e9c-488a-85f2-5ac0c706fcc4
2023-08-31 10:29:37,491 [main] WARN  balancer.ContainerBalancerTask (ContainerBalancerTask.java:lambda$moveContainer$3(842)) - Container move for container #84 from source bfa85e01-8f26-4ba2-bb6a-f4c421823115 to target 5521d58a-3e9c-488a-85f2-5ac0c706fcc4 failed: REPLICATION_FAIL_NODE_UNHEALTHY
2023-08-31 10:29:37,494 [main] DEBUG balancer.ContainerBalancerTask (ContainerBalancerTask.java:matchSourceWithTarget(708)) - ContainerBalancer is finding suitable target for source datanode 0b506653-462a-4640-82a8-04ce27297455
2023-08-31 10:29:37,494 [main] INFO  balancer.ContainerBalancerTask (ContainerBalancerTask.java:matchSourceWithTarget(722)) - ContainerBalancer matched source datanode 0b506653-462a-4640-82a8-04ce27297455 with target datanode 5521d58a-3e9c-488a-85f2-5ac0c706fcc4 for container move.
2023-08-31 10:29:37,494 [main] INFO  balancer.ContainerBalancerTask (ContainerBalancerTask.java:processMoveSelection(569)) - ContainerBalancer is trying to move container #40 with size 5368709120B from source datanode 0b506653-462a-4640-82a8-04ce27297455 to target datanode 5521d58a-3e9c-488a-85f2-5ac0c706fcc4
2023-08-31 10:29:37,494 [main] WARN  balancer.ContainerBalancerTask (ContainerBalancerTask.java:lambda$moveContainer$3(842)) - Container move for container #40 from source 0b506653-462a-4640-82a8-04ce27297455 to target 5521d58a-3e9c-488a-85f2-5ac0c706fcc4 failed: REPLICATION_FAIL_NODE_UNHEALTHY
2023-08-31 10:29:37,497 [main] DEBUG balancer.ContainerBalancerTask (ContainerBalancerTask.java:matchSourceWithTarget(708)) - ContainerBalancer is finding suitable target for source datanode bb378131-d4a2-4e90-951c-e59120bc29d6
2023-08-31 10:29:37,497 [main] INFO  balancer.ContainerBalancerTask (ContainerBalancerTask.java:matchSourceWithTarget(722)) - ContainerBalancer matched source datanode bb378131-d4a2-4e90-951c-e59120bc29d6 with target datanode 5521d58a-3e9c-488a-85f2-5ac0c706fcc4 for container move.
2023-08-31 10:29:37,497 [main] INFO  balancer.ContainerBalancerTask (ContainerBalancerTask.java:processMoveSelection(569)) - ContainerBalancer is trying to move container #40 with size 5368709120B from source datanode bb378131-d4a2-4e90-951c-e59120bc29d6 to target datanode 5521d58a-3e9c-488a-85f2-5ac0c706fcc4
2023-08-31 10:29:37,497 [main] WARN  balancer.ContainerBalancerTask (ContainerBalancerTask.java:lambda$moveContainer$3(842)) - Container move for container #40 from source bb378131-d4a2-4e90-951c-e59120bc29d6 to target 5521d58a-3e9c-488a-85f2-5ac0c706fcc4 failed: REPLICATION_FAIL_NODE_UNHEALTHY
2023-08-31 10:29:37,497 [main] INFO  balancer.FindSourceGreedy (FindSourceGreedy.java:getNextCandidateSourceDataNode(126)) - no more candidate source data node
2023-08-31 10:29:37,497 [main] INFO  balancer.ContainerBalancerTask (ContainerBalancerTask.java:checkIterationMoveResults(642)) - Iteration Summary. Number of Datanodes involved: 0. Size moved: 0 B (0 Bytes). Number of Container moves completed: 0.
2023-08-31 10:29:37,498 [main] INFO  balancer.ContainerBalancerTask (ContainerBalancerTask.java:balance(259)) - Result of this iteration of Container Balancer: ITERATION_COMPLETED
2023-08-31 10:29:37,498 [main] INFO  balancer.ContainerBalancerTask (ContainerBalancerTask.java:tryStopWithSaveConfiguration(308)) - Save Configuration for stopping. Reason: Completed all iterations.
2023-08-31 10:29:37,503 [main] DEBUG balancer.ContainerBalancerTask (ContainerBalancerTask.java:initializeIteration(374)) - Average utilization of the cluster is 0.31794095382329185
2023-08-31 10:29:37,503 [main] DEBUG balancer.ContainerBalancerTask (ContainerBalancerTask.java:initializeIteration(386)) - Lower limit for utilization is 0.21794095382329184 and Upper limit for utilization is 0.4179409538232919
2023-08-31 10:29:37,503 [main] DEBUG balancer.ContainerBalancerTask (ContainerBalancerTask.java:initializeIteration(398)) - Utilization for node 6cb3caeb-185e-4a59-b3de-de75c7848f12 with capacity 64424509440B, used 57982058496B, and remaining 6442450944B is 0.9
2023-08-31 10:29:37,504 [main] DEBUG balancer.ContainerBalancerTask (ContainerBalancerTask.java:initializeIteration(398)) - Utilization for node 34e1dc44-281f-4eed-b4b9-7504dbfa92db with capacity 49660559360B, used 39728447488B, and remaining 9932111872B is 0.8
2023-08-31 10:29:37,504 [main] DEBUG balancer.ContainerBalancerTask (ContainerBalancerTask.java:initializeIteration(398)) - Utilization for node bfa85e01-8f26-4ba2-bb6a-f4c421823115 with capacity 81297595245B, used 56908316672B, and remaining 24389278573B is 0.7000000000061503
2023-08-31 10:29:37,504 [main] DEBUG balancer.ContainerBalancerTask (ContainerBalancerTask.java:initializeIteration(398)) - Utilization for node 0b506653-462a-4640-82a8-04ce27297455 with capacity 87688915626B, used 52613349376B, and remaining 35075566250B is 0.6000000000045616
2023-08-31 10:29:37,504 [main] DEBUG balancer.ContainerBalancerTask (ContainerBalancerTask.java:initializeIteration(398)) - Utilization for node bb378131-d4a2-4e90-951c-e59120bc29d6 with capacity 96636764160B, used 48318382080B, and remaining 48318382080B is 0.5
2023-08-31 10:29:37,504 [main] DEBUG balancer.ContainerBalancerTask (ContainerBalancerTask.java:initializeIteration(398)) - Utilization for node ef29fc00-6da8-4381-bd81-be9ca283c471 with capacity 77846282240B, used 31138512896B, and remaining 46707769344B is 0.4
2023-08-31 10:29:37,504 [main] DEBUG balancer.ContainerBalancerTask (ContainerBalancerTask.java:initializeIteration(398)) - Utilization for node bca55ffd-5f65-4f8d-a058-cb31a85bcdf1 with capacity 132428158293B, used 39728447488B, and remaining 92699710805B is 0.3000000000007551
2023-08-31 10:29:37,504 [main] DEBUG balancer.ContainerBalancerTask (ContainerBalancerTask.java:initializeIteration(398)) - Utilization for node 3f72935a-a300-4230-ba1a-d06b4c4b6280 with capacity 144955146240B, used 28991029248B, and remaining 115964116992B is 0.2
2023-08-31 10:29:37,504 [main] DEBUG balancer.ContainerBalancerTask (ContainerBalancerTask.java:initializeIteration(398)) - Utilization for node 111d4ef7-2b31-431b-ad14-b36aaf2a11b1 with capacity 472446402560B, used 47244640256B, and remaining 425201762304B is 0.1
2023-08-31 10:29:37,504 [main] DEBUG balancer.ContainerBalancerTask (ContainerBalancerTask.java:initializeIteration(398)) - Utilization for node 5521d58a-3e9c-488a-85f2-5ac0c706fcc4 with capacity 59055800320B, used 0B, and remaining 59055800320B is 0.0
2023-08-31 10:29:37,505 [main] INFO  balancer.ContainerBalancerTask (ContainerBalancerTask.java:initializeIteration(447)) - Container Balancer has identified 5 Over-Utilized and 3 Under-Utilized Datanodes that need to be balanced.
2023-08-31 10:29:37,505 [main] DEBUG balancer.ContainerBalancerTask (ContainerBalancerTask.java:lambda$initializeIteration$1(453)) - Datanode localhost-88.70.164.192 6cb3caeb-185e-4a59-b3de-de75c7848f12 is Over-Utilized.
2023-08-31 10:29:37,505 [main] DEBUG balancer.ContainerBalancerTask (ContainerBalancerTask.java:lambda$initializeIteration$1(453)) - Datanode localhost-83.9.253.159 34e1dc44-281f-4eed-b4b9-7504dbfa92db is Over-Utilized.
2023-08-31 10:29:37,505 [main] DEBUG balancer.ContainerBalancerTask (ContainerBalancerTask.java:lambda$initializeIteration$1(453)) - Datanode localhost-101.181.120.198 bfa85e01-8f26-4ba2-bb6a-f4c421823115 is Over-Utilized.
2023-08-31 10:29:37,505 [main] DEBUG balancer.ContainerBalancerTask (ContainerBalancerTask.java:lambda$initializeIteration$1(453)) - Datanode localhost-6.49.7.52 0b506653-462a-4640-82a8-04ce27297455 is Over-Utilized.
2023-08-31 10:29:37,505 [main] DEBUG balancer.ContainerBalancerTask (ContainerBalancerTask.java:lambda$initializeIteration$1(453)) - Datanode localhost-170.176.55.247 bb378131-d4a2-4e90-951c-e59120bc29d6 is Over-Utilized.
2023-08-31 10:29:37,505 [main] DEBUG balancer.ContainerBalancerTask (ContainerBalancerTask.java:lambda$initializeIteration$2(459)) - Datanode localhost-138.193.132.18 5521d58a-3e9c-488a-85f2-5ac0c706fcc4 is Under-Utilized.
2023-08-31 10:29:37,505 [main] DEBUG balancer.ContainerBalancerTask (ContainerBalancerTask.java:lambda$initializeIteration$2(459)) - Datanode localhost-41.46.59.119 111d4ef7-2b31-431b-ad14-b36aaf2a11b1 is Under-Utilized.
2023-08-31 10:29:37,506 [main] DEBUG balancer.ContainerBalancerTask (ContainerBalancerTask.java:lambda$initializeIteration$2(459)) - Datanode localhost-21.246.133.78 3f72935a-a300-4230-ba1a-d06b4c4b6280 is Under-Utilized.
2023-08-31 10:29:37,510 [main] DEBUG balancer.ContainerBalancerTask (ContainerBalancerTask.java:matchSourceWithTarget(708)) - ContainerBalancer is finding suitable target for source datanode 6cb3caeb-185e-4a59-b3de-de75c7848f12
2023-08-31 10:29:37,510 [main] INFO  balancer.ContainerBalancerTask (ContainerBalancerTask.java:matchSourceWithTarget(722)) - ContainerBalancer matched source datanode 6cb3caeb-185e-4a59-b3de-de75c7848f12 with target datanode 5521d58a-3e9c-488a-85f2-5ac0c706fcc4 for container move.
2023-08-31 10:29:37,510 [main] INFO  balancer.ContainerBalancerTask (ContainerBalancerTask.java:processMoveSelection(569)) - ContainerBalancer is trying to move container #85 with size 5368709120B from source datanode 6cb3caeb-185e-4a59-b3de-de75c7848f12 to target datanode 5521d58a-3e9c-488a-85f2-5ac0c706fcc4
2023-08-31 10:29:37,510 [main] DEBUG balancer.ContainerBalancerTask (ContainerBalancerTask.java:lambda$moveContainer$3(837)) - Container move completed for container #85 from source 6cb3caeb-185e-4a59-b3de-de75c7848f12 to target 5521d58a-3e9c-488a-85f2-5ac0c706fcc4
2023-08-31 10:29:37,514 [main] DEBUG balancer.ContainerBalancerTask (ContainerBalancerTask.java:matchSourceWithTarget(708)) - ContainerBalancer is finding suitable target for source datanode 6cb3caeb-185e-4a59-b3de-de75c7848f12
2023-08-31 10:29:37,515 [main] INFO  balancer.ContainerBalancerTask (ContainerBalancerTask.java:matchSourceWithTarget(722)) - ContainerBalancer matched source datanode 6cb3caeb-185e-4a59-b3de-de75c7848f12 with target datanode 5521d58a-3e9c-488a-85f2-5ac0c706fcc4 for container move.
2023-08-31 10:29:37,515 [main] INFO  balancer.ContainerBalancerTask (ContainerBalancerTask.java:processMoveSelection(569)) - ContainerBalancer is trying to move container #53 with size 5368709120B from source datanode 6cb3caeb-185e-4a59-b3de-de75c7848f12 to target datanode 5521d58a-3e9c-488a-85f2-5ac0c706fcc4
2023-08-31 10:29:37,515 [main] DEBUG balancer.ContainerBalancerTask (ContainerBalancerTask.java:lambda$moveContainer$3(837)) - Container move completed for container #53 from source 6cb3caeb-185e-4a59-b3de-de75c7848f12 to target 5521d58a-3e9c-488a-85f2-5ac0c706fcc4
2023-08-31 10:29:37,515 [main] WARN  balancer.ContainerBalancerTask (ContainerBalancerTask.java:reachedMaxSizeToMovePerIteration(733)) - Reached max size to move limit. 10737418240 bytes have already been scheduled for balancing and the limit is 10737418240 bytes.
2023-08-31 10:29:37,515 [main] INFO  balancer.ContainerBalancerTask (ContainerBalancerTask.java:checkIterationMoveResults(642)) - Iteration Summary. Number of Datanodes involved: 2. Size moved: 10 GB (10737418240 Bytes). Number of Container moves completed: 2.
2023-08-31 10:29:37,515 [main] INFO  balancer.ContainerBalancerTask (ContainerBalancerTask.java:balance(259)) - Result of this iteration of Container Balancer: ITERATION_COMPLETED
2023-08-31 10:29:37,516 [main] INFO  balancer.ContainerBalancerTask (ContainerBalancerTask.java:tryStopWithSaveConfiguration(308)) - Save Configuration for stopping. Reason: Completed all iterations.
]]></system-out>
  </testcase>
  <testcase name="targetDatanodeShouldBeInServiceHealthy" classname="org.apache.hadoop.hdds.scm.container.balancer.TestContainerBalancerTask" time="0.107">
    <system-out><![CDATA[2023-08-31 10:29:37,550 [main] INFO  net.NodeSchemaLoader (NodeSchemaLoader.java:loadSchemaFromFile(129)) - Loading schema from [file:/home/runner/work/ozone/ozone/hadoop-hdds/common/target/classes/network-topology-default.xml]
2023-08-31 10:29:37,550 [main] INFO  net.NodeSchemaLoader (NodeSchemaLoader.java:loadSchema(176)) - Loading network topology layer schema file
2023-08-31 10:29:37,558 [main] INFO  net.NetworkTopologyImpl (NetworkTopologyImpl.java:add(112)) - Added a new node: /default-rack/c1b86226-f098-4027-8fd9-a3f20cc89222
2023-08-31 10:29:37,558 [main] INFO  net.NetworkTopologyImpl (NetworkTopologyImpl.java:add(112)) - Added a new node: /default-rack/8ee5cf8b-9675-4bb1-86b6-4b9cbf3204c2
2023-08-31 10:29:37,558 [main] INFO  net.NetworkTopologyImpl (NetworkTopologyImpl.java:add(112)) - Added a new node: /default-rack/a0a74d84-b278-4abd-aa5b-a4ee36f23783
2023-08-31 10:29:37,559 [main] INFO  net.NetworkTopologyImpl (NetworkTopologyImpl.java:add(112)) - Added a new node: /default-rack/3dca3e04-5c4e-42f8-9440-5b260589daa4
2023-08-31 10:29:37,559 [main] INFO  net.NetworkTopologyImpl (NetworkTopologyImpl.java:add(112)) - Added a new node: /default-rack/23ed4a66-ad28-4f7b-af93-b2af330478e4
2023-08-31 10:29:37,559 [main] INFO  net.NetworkTopologyImpl (NetworkTopologyImpl.java:add(112)) - Added a new node: /default-rack/1e4f8ed5-2fce-41e8-ab8e-bd3d0bb6005d
2023-08-31 10:29:37,559 [main] INFO  net.NetworkTopologyImpl (NetworkTopologyImpl.java:add(112)) - Added a new node: /default-rack/0327293f-6500-45f1-9c10-21ffa4780718
2023-08-31 10:29:37,559 [main] INFO  net.NetworkTopologyImpl (NetworkTopologyImpl.java:add(112)) - Added a new node: /default-rack/9dc78a07-d86e-436b-ac1c-ca340b7a151d
2023-08-31 10:29:37,559 [main] INFO  net.NetworkTopologyImpl (NetworkTopologyImpl.java:add(112)) - Added a new node: /default-rack/b0166ac6-6ad9-4474-ad1a-5275a56959f1
2023-08-31 10:29:37,559 [main] INFO  net.NetworkTopologyImpl (NetworkTopologyImpl.java:add(112)) - Added a new node: /default-rack/7f5d08ab-65c1-4277-807c-e1443e7e6a5d
2023-08-31 10:29:37,560 [main] INFO  algorithms.ContainerPlacementPolicyFactory (ContainerPlacementPolicyFactory.java:getPolicyInternal(86)) - Create container placement policy of type org.apache.hadoop.hdds.scm.container.placement.algorithms.SCMContainerPlacementRackAware
2023-08-31 10:29:37,560 [main] INFO  algorithms.ContainerPlacementPolicyFactory (ContainerPlacementPolicyFactory.java:getPolicyInternal(86)) - Create container placement policy of type org.apache.hadoop.hdds.scm.container.placement.algorithms.SCMContainerPlacementRackScatter
2023-08-31 10:29:37,565 [main] DEBUG balancer.ContainerBalancerTask (ContainerBalancerTask.java:initializeIteration(374)) - Average utilization of the cluster is 0.3514419144618435
2023-08-31 10:29:37,565 [main] DEBUG balancer.ContainerBalancerTask (ContainerBalancerTask.java:initializeIteration(386)) - Lower limit for utilization is 0.2514419144618435 and Upper limit for utilization is 0.45144191446184345
2023-08-31 10:29:37,566 [main] DEBUG balancer.ContainerBalancerTask (ContainerBalancerTask.java:initializeIteration(398)) - Utilization for node 8ee5cf8b-9675-4bb1-86b6-4b9cbf3204c2 with capacity 59652323555B, used 53687091200B, and remaining 5965232355B is 0.9000000000083819
2023-08-31 10:29:37,566 [main] DEBUG balancer.ContainerBalancerTask (ContainerBalancerTask.java:initializeIteration(398)) - Utilization for node 1e4f8ed5-2fce-41e8-ab8e-bd3d0bb6005d with capacity 63082332160B, used 50465865728B, and remaining 12616466432B is 0.8
2023-08-31 10:29:37,566 [main] DEBUG balancer.ContainerBalancerTask (ContainerBalancerTask.java:initializeIteration(398)) - Utilization for node b0166ac6-6ad9-4474-ad1a-5275a56959f1 with capacity 64424509440B, used 45097156608B, and remaining 19327352832B is 0.7
2023-08-31 10:29:37,566 [main] DEBUG balancer.ContainerBalancerTask (ContainerBalancerTask.java:initializeIteration(398)) - Utilization for node 23ed4a66-ad28-4f7b-af93-b2af330478e4 with capacity 78741067093B, used 47244640256B, and remaining 31496426837B is 0.60000000000254
2023-08-31 10:29:37,566 [main] DEBUG balancer.ContainerBalancerTask (ContainerBalancerTask.java:initializeIteration(398)) - Utilization for node a0a74d84-b278-4abd-aa5b-a4ee36f23783 with capacity 111669149696B, used 55834574848B, and remaining 55834574848B is 0.5
2023-08-31 10:29:37,566 [main] DEBUG balancer.ContainerBalancerTask (ContainerBalancerTask.java:initializeIteration(398)) - Utilization for node c1b86226-f098-4027-8fd9-a3f20cc89222 with capacity 104689827840B, used 41875931136B, and remaining 62813896704B is 0.4
2023-08-31 10:29:37,566 [main] DEBUG balancer.ContainerBalancerTask (ContainerBalancerTask.java:initializeIteration(398)) - Utilization for node 7f5d08ab-65c1-4277-807c-e1443e7e6a5d with capacity 114532461226B, used 34359738368B, and remaining 80172722858B is 0.3000000000017462
2023-08-31 10:29:37,566 [main] DEBUG balancer.ContainerBalancerTask (ContainerBalancerTask.java:initializeIteration(398)) - Utilization for node 9dc78a07-d86e-436b-ac1c-ca340b7a151d with capacity 204010946560B, used 40802189312B, and remaining 163208757248B is 0.2
2023-08-31 10:29:37,566 [main] DEBUG balancer.ContainerBalancerTask (ContainerBalancerTask.java:initializeIteration(398)) - Utilization for node 0327293f-6500-45f1-9c10-21ffa4780718 with capacity 279172874240B, used 27917287424B, and remaining 251255586816B is 0.1
2023-08-31 10:29:37,567 [main] DEBUG balancer.ContainerBalancerTask (ContainerBalancerTask.java:initializeIteration(398)) - Utilization for node 3dca3e04-5c4e-42f8-9440-5b260589daa4 with capacity 50465865728B, used 0B, and remaining 50465865728B is 0.0
2023-08-31 10:29:37,567 [main] INFO  balancer.ContainerBalancerTask (ContainerBalancerTask.java:initializeIteration(447)) - Container Balancer has identified 5 Over-Utilized and 3 Under-Utilized Datanodes that need to be balanced.
2023-08-31 10:29:37,567 [main] DEBUG balancer.ContainerBalancerTask (ContainerBalancerTask.java:lambda$initializeIteration$1(453)) - Datanode localhost-157.217.89.36 8ee5cf8b-9675-4bb1-86b6-4b9cbf3204c2 is Over-Utilized.
2023-08-31 10:29:37,567 [main] DEBUG balancer.ContainerBalancerTask (ContainerBalancerTask.java:lambda$initializeIteration$1(453)) - Datanode localhost-78.109.146.94 1e4f8ed5-2fce-41e8-ab8e-bd3d0bb6005d is Over-Utilized.
2023-08-31 10:29:37,567 [main] DEBUG balancer.ContainerBalancerTask (ContainerBalancerTask.java:lambda$initializeIteration$1(453)) - Datanode localhost-20.179.205.240 b0166ac6-6ad9-4474-ad1a-5275a56959f1 is Over-Utilized.
2023-08-31 10:29:37,567 [main] DEBUG balancer.ContainerBalancerTask (ContainerBalancerTask.java:lambda$initializeIteration$1(453)) - Datanode localhost-50.213.37.60 23ed4a66-ad28-4f7b-af93-b2af330478e4 is Over-Utilized.
2023-08-31 10:29:37,567 [main] DEBUG balancer.ContainerBalancerTask (ContainerBalancerTask.java:lambda$initializeIteration$1(453)) - Datanode localhost-153.22.96.32 a0a74d84-b278-4abd-aa5b-a4ee36f23783 is Over-Utilized.
2023-08-31 10:29:37,567 [main] DEBUG balancer.ContainerBalancerTask (ContainerBalancerTask.java:lambda$initializeIteration$2(459)) - Datanode localhost-54.105.188.110 3dca3e04-5c4e-42f8-9440-5b260589daa4 is Under-Utilized.
2023-08-31 10:29:37,567 [main] DEBUG balancer.ContainerBalancerTask (ContainerBalancerTask.java:lambda$initializeIteration$2(459)) - Datanode localhost-88.208.56.249 0327293f-6500-45f1-9c10-21ffa4780718 is Under-Utilized.
2023-08-31 10:29:37,568 [main] DEBUG balancer.ContainerBalancerTask (ContainerBalancerTask.java:lambda$initializeIteration$2(459)) - Datanode localhost-168.99.207.133 9dc78a07-d86e-436b-ac1c-ca340b7a151d is Under-Utilized.
2023-08-31 10:29:37,571 [main] DEBUG balancer.ContainerBalancerTask (ContainerBalancerTask.java:matchSourceWithTarget(708)) - ContainerBalancer is finding suitable target for source datanode 8ee5cf8b-9675-4bb1-86b6-4b9cbf3204c2
2023-08-31 10:29:37,571 [main] INFO  balancer.ContainerBalancerTask (ContainerBalancerTask.java:matchSourceWithTarget(722)) - ContainerBalancer matched source datanode 8ee5cf8b-9675-4bb1-86b6-4b9cbf3204c2 with target datanode 3dca3e04-5c4e-42f8-9440-5b260589daa4 for container move.
2023-08-31 10:29:37,572 [main] INFO  balancer.ContainerBalancerTask (ContainerBalancerTask.java:processMoveSelection(569)) - ContainerBalancer is trying to move container #85 with size 5368709120B from source datanode 8ee5cf8b-9675-4bb1-86b6-4b9cbf3204c2 to target datanode 3dca3e04-5c4e-42f8-9440-5b260589daa4
2023-08-31 10:29:37,572 [main] DEBUG balancer.ContainerBalancerTask (ContainerBalancerTask.java:lambda$moveContainer$3(837)) - Container move completed for container #85 from source 8ee5cf8b-9675-4bb1-86b6-4b9cbf3204c2 to target 3dca3e04-5c4e-42f8-9440-5b260589daa4
2023-08-31 10:29:37,575 [main] DEBUG balancer.ContainerBalancerTask (ContainerBalancerTask.java:matchSourceWithTarget(708)) - ContainerBalancer is finding suitable target for source datanode 8ee5cf8b-9675-4bb1-86b6-4b9cbf3204c2
2023-08-31 10:29:37,575 [main] INFO  balancer.ContainerBalancerTask (ContainerBalancerTask.java:matchSourceWithTarget(722)) - ContainerBalancer matched source datanode 8ee5cf8b-9675-4bb1-86b6-4b9cbf3204c2 with target datanode 0327293f-6500-45f1-9c10-21ffa4780718 for container move.
2023-08-31 10:29:37,576 [main] INFO  balancer.ContainerBalancerTask (ContainerBalancerTask.java:processMoveSelection(569)) - ContainerBalancer is trying to move container #29 with size 5368709120B from source datanode 8ee5cf8b-9675-4bb1-86b6-4b9cbf3204c2 to target datanode 0327293f-6500-45f1-9c10-21ffa4780718
2023-08-31 10:29:37,576 [main] DEBUG balancer.ContainerBalancerTask (ContainerBalancerTask.java:lambda$moveContainer$3(837)) - Container move completed for container #29 from source 8ee5cf8b-9675-4bb1-86b6-4b9cbf3204c2 to target 0327293f-6500-45f1-9c10-21ffa4780718
2023-08-31 10:29:37,579 [main] DEBUG balancer.ContainerBalancerTask (ContainerBalancerTask.java:matchSourceWithTarget(708)) - ContainerBalancer is finding suitable target for source datanode 1e4f8ed5-2fce-41e8-ab8e-bd3d0bb6005d
2023-08-31 10:29:37,580 [main] INFO  balancer.ContainerBalancerTask (ContainerBalancerTask.java:matchSourceWithTarget(722)) - ContainerBalancer matched source datanode 1e4f8ed5-2fce-41e8-ab8e-bd3d0bb6005d with target datanode 3dca3e04-5c4e-42f8-9440-5b260589daa4 for container move.
2023-08-31 10:29:37,580 [main] INFO  balancer.ContainerBalancerTask (ContainerBalancerTask.java:processMoveSelection(569)) - ContainerBalancer is trying to move container #68 with size 5368709120B from source datanode 1e4f8ed5-2fce-41e8-ab8e-bd3d0bb6005d to target datanode 3dca3e04-5c4e-42f8-9440-5b260589daa4
2023-08-31 10:29:37,580 [main] DEBUG balancer.ContainerBalancerTask (ContainerBalancerTask.java:lambda$moveContainer$3(837)) - Container move completed for container #68 from source 1e4f8ed5-2fce-41e8-ab8e-bd3d0bb6005d to target 3dca3e04-5c4e-42f8-9440-5b260589daa4
2023-08-31 10:29:37,584 [main] DEBUG balancer.ContainerBalancerTask (ContainerBalancerTask.java:matchSourceWithTarget(708)) - ContainerBalancer is finding suitable target for source datanode 8ee5cf8b-9675-4bb1-86b6-4b9cbf3204c2
2023-08-31 10:29:37,584 [main] INFO  balancer.ContainerBalancerTask (ContainerBalancerTask.java:matchSourceWithTarget(722)) - ContainerBalancer matched source datanode 8ee5cf8b-9675-4bb1-86b6-4b9cbf3204c2 with target datanode 0327293f-6500-45f1-9c10-21ffa4780718 for container move.
2023-08-31 10:29:37,584 [main] INFO  balancer.ContainerBalancerTask (ContainerBalancerTask.java:processMoveSelection(569)) - ContainerBalancer is trying to move container #89 with size 4294967296B from source datanode 8ee5cf8b-9675-4bb1-86b6-4b9cbf3204c2 to target datanode 0327293f-6500-45f1-9c10-21ffa4780718
2023-08-31 10:29:37,584 [main] DEBUG balancer.ContainerBalancerTask (ContainerBalancerTask.java:lambda$moveContainer$3(837)) - Container move completed for container #89 from source 8ee5cf8b-9675-4bb1-86b6-4b9cbf3204c2 to target 0327293f-6500-45f1-9c10-21ffa4780718
2023-08-31 10:29:37,588 [main] DEBUG balancer.ContainerBalancerTask (ContainerBalancerTask.java:matchSourceWithTarget(708)) - ContainerBalancer is finding suitable target for source datanode 1e4f8ed5-2fce-41e8-ab8e-bd3d0bb6005d
2023-08-31 10:29:37,588 [main] INFO  balancer.ContainerBalancerTask (ContainerBalancerTask.java:matchSourceWithTarget(722)) - ContainerBalancer matched source datanode 1e4f8ed5-2fce-41e8-ab8e-bd3d0bb6005d with target datanode 0327293f-6500-45f1-9c10-21ffa4780718 for container move.
2023-08-31 10:29:37,588 [main] INFO  balancer.ContainerBalancerTask (ContainerBalancerTask.java:processMoveSelection(569)) - ContainerBalancer is trying to move container #83 with size 3221225472B from source datanode 1e4f8ed5-2fce-41e8-ab8e-bd3d0bb6005d to target datanode 0327293f-6500-45f1-9c10-21ffa4780718
2023-08-31 10:29:37,589 [main] DEBUG balancer.ContainerBalancerTask (ContainerBalancerTask.java:lambda$moveContainer$3(837)) - Container move completed for container #83 from source 1e4f8ed5-2fce-41e8-ab8e-bd3d0bb6005d to target 0327293f-6500-45f1-9c10-21ffa4780718
2023-08-31 10:29:37,592 [main] DEBUG balancer.ContainerBalancerTask (ContainerBalancerTask.java:matchSourceWithTarget(708)) - ContainerBalancer is finding suitable target for source datanode b0166ac6-6ad9-4474-ad1a-5275a56959f1
2023-08-31 10:29:37,593 [main] INFO  balancer.ContainerBalancerTask (ContainerBalancerTask.java:matchSourceWithTarget(722)) - ContainerBalancer matched source datanode b0166ac6-6ad9-4474-ad1a-5275a56959f1 with target datanode 0327293f-6500-45f1-9c10-21ffa4780718 for container move.
2023-08-31 10:29:37,593 [main] INFO  balancer.ContainerBalancerTask (ContainerBalancerTask.java:processMoveSelection(569)) - ContainerBalancer is trying to move container #53 with size 5368709120B from source datanode b0166ac6-6ad9-4474-ad1a-5275a56959f1 to target datanode 0327293f-6500-45f1-9c10-21ffa4780718
2023-08-31 10:29:37,593 [main] DEBUG balancer.ContainerBalancerTask (ContainerBalancerTask.java:lambda$moveContainer$3(837)) - Container move completed for container #53 from source b0166ac6-6ad9-4474-ad1a-5275a56959f1 to target 0327293f-6500-45f1-9c10-21ffa4780718
2023-08-31 10:29:37,597 [main] DEBUG balancer.ContainerBalancerTask (ContainerBalancerTask.java:matchSourceWithTarget(708)) - ContainerBalancer is finding suitable target for source datanode 1e4f8ed5-2fce-41e8-ab8e-bd3d0bb6005d
2023-08-31 10:29:37,597 [main] INFO  balancer.ContainerBalancerTask (ContainerBalancerTask.java:matchSourceWithTarget(722)) - ContainerBalancer matched source datanode 1e4f8ed5-2fce-41e8-ab8e-bd3d0bb6005d with target datanode 0327293f-6500-45f1-9c10-21ffa4780718 for container move.
2023-08-31 10:29:37,597 [main] INFO  balancer.ContainerBalancerTask (ContainerBalancerTask.java:processMoveSelection(569)) - ContainerBalancer is trying to move container #71 with size 3221225472B from source datanode 1e4f8ed5-2fce-41e8-ab8e-bd3d0bb6005d to target datanode 0327293f-6500-45f1-9c10-21ffa4780718
2023-08-31 10:29:37,597 [main] DEBUG balancer.ContainerBalancerTask (ContainerBalancerTask.java:lambda$moveContainer$3(837)) - Container move completed for container #71 from source 1e4f8ed5-2fce-41e8-ab8e-bd3d0bb6005d to target 0327293f-6500-45f1-9c10-21ffa4780718
2023-08-31 10:29:37,601 [main] DEBUG balancer.ContainerBalancerTask (ContainerBalancerTask.java:matchSourceWithTarget(708)) - ContainerBalancer is finding suitable target for source datanode 8ee5cf8b-9675-4bb1-86b6-4b9cbf3204c2
2023-08-31 10:29:37,602 [main] INFO  balancer.ContainerBalancerTask (ContainerBalancerTask.java:matchSourceWithTarget(722)) - ContainerBalancer matched source datanode 8ee5cf8b-9675-4bb1-86b6-4b9cbf3204c2 with target datanode 0327293f-6500-45f1-9c10-21ffa4780718 for container move.
2023-08-31 10:29:37,602 [main] INFO  balancer.ContainerBalancerTask (ContainerBalancerTask.java:processMoveSelection(569)) - ContainerBalancer is trying to move container #88 with size 3221225472B from source datanode 8ee5cf8b-9675-4bb1-86b6-4b9cbf3204c2 to target datanode 0327293f-6500-45f1-9c10-21ffa4780718
2023-08-31 10:29:37,602 [main] DEBUG balancer.ContainerBalancerTask (ContainerBalancerTask.java:lambda$moveContainer$3(837)) - Container move completed for container #88 from source 8ee5cf8b-9675-4bb1-86b6-4b9cbf3204c2 to target 0327293f-6500-45f1-9c10-21ffa4780718
2023-08-31 10:29:37,605 [main] DEBUG balancer.ContainerBalancerTask (ContainerBalancerTask.java:matchSourceWithTarget(708)) - ContainerBalancer is finding suitable target for source datanode b0166ac6-6ad9-4474-ad1a-5275a56959f1
2023-08-31 10:29:37,605 [main] INFO  balancer.ContainerBalancerTask (ContainerBalancerTask.java:matchSourceWithTarget(722)) - ContainerBalancer matched source datanode b0166ac6-6ad9-4474-ad1a-5275a56959f1 with target datanode 0327293f-6500-45f1-9c10-21ffa4780718 for container move.
2023-08-31 10:29:37,606 [main] INFO  balancer.ContainerBalancerTask (ContainerBalancerTask.java:processMoveSelection(569)) - ContainerBalancer is trying to move container #51 with size 3221225472B from source datanode b0166ac6-6ad9-4474-ad1a-5275a56959f1 to target datanode 0327293f-6500-45f1-9c10-21ffa4780718
2023-08-31 10:29:37,606 [main] DEBUG balancer.ContainerBalancerTask (ContainerBalancerTask.java:lambda$moveContainer$3(837)) - Container move completed for container #51 from source b0166ac6-6ad9-4474-ad1a-5275a56959f1 to target 0327293f-6500-45f1-9c10-21ffa4780718
2023-08-31 10:29:37,609 [main] DEBUG balancer.ContainerBalancerTask (ContainerBalancerTask.java:matchSourceWithTarget(708)) - ContainerBalancer is finding suitable target for source datanode 1e4f8ed5-2fce-41e8-ab8e-bd3d0bb6005d
2023-08-31 10:29:37,610 [main] INFO  balancer.ContainerBalancerTask (ContainerBalancerTask.java:matchSourceWithTarget(722)) - ContainerBalancer matched source datanode 1e4f8ed5-2fce-41e8-ab8e-bd3d0bb6005d with target datanode 9dc78a07-d86e-436b-ac1c-ca340b7a151d for container move.
2023-08-31 10:29:37,610 [main] INFO  balancer.ContainerBalancerTask (ContainerBalancerTask.java:processMoveSelection(569)) - ContainerBalancer is trying to move container #67 with size 4294967296B from source datanode 1e4f8ed5-2fce-41e8-ab8e-bd3d0bb6005d to target datanode 9dc78a07-d86e-436b-ac1c-ca340b7a151d
2023-08-31 10:29:37,610 [main] DEBUG balancer.ContainerBalancerTask (ContainerBalancerTask.java:lambda$moveContainer$3(837)) - Container move completed for container #67 from source 1e4f8ed5-2fce-41e8-ab8e-bd3d0bb6005d to target 9dc78a07-d86e-436b-ac1c-ca340b7a151d
2023-08-31 10:29:37,614 [main] DEBUG balancer.ContainerBalancerTask (ContainerBalancerTask.java:matchSourceWithTarget(708)) - ContainerBalancer is finding suitable target for source datanode 23ed4a66-ad28-4f7b-af93-b2af330478e4
2023-08-31 10:29:37,614 [main] INFO  balancer.ContainerBalancerTask (ContainerBalancerTask.java:matchSourceWithTarget(722)) - ContainerBalancer matched source datanode 23ed4a66-ad28-4f7b-af93-b2af330478e4 with target datanode 0327293f-6500-45f1-9c10-21ffa4780718 for container move.
2023-08-31 10:29:37,615 [main] INFO  balancer.ContainerBalancerTask (ContainerBalancerTask.java:processMoveSelection(569)) - ContainerBalancer is trying to move container #40 with size 5368709120B from source datanode 23ed4a66-ad28-4f7b-af93-b2af330478e4 to target datanode 0327293f-6500-45f1-9c10-21ffa4780718
2023-08-31 10:29:37,615 [main] DEBUG balancer.ContainerBalancerTask (ContainerBalancerTask.java:lambda$moveContainer$3(837)) - Container move completed for container #40 from source 23ed4a66-ad28-4f7b-af93-b2af330478e4 to target 0327293f-6500-45f1-9c10-21ffa4780718
2023-08-31 10:29:37,618 [main] DEBUG balancer.ContainerBalancerTask (ContainerBalancerTask.java:matchSourceWithTarget(708)) - ContainerBalancer is finding suitable target for source datanode 8ee5cf8b-9675-4bb1-86b6-4b9cbf3204c2
2023-08-31 10:29:37,619 [main] INFO  balancer.ContainerBalancerTask (ContainerBalancerTask.java:matchSourceWithTarget(722)) - ContainerBalancer matched source datanode 8ee5cf8b-9675-4bb1-86b6-4b9cbf3204c2 with target datanode 3dca3e04-5c4e-42f8-9440-5b260589daa4 for container move.
2023-08-31 10:29:37,619 [main] INFO  balancer.ContainerBalancerTask (ContainerBalancerTask.java:processMoveSelection(569)) - ContainerBalancer is trying to move container #84 with size 4294967296B from source datanode 8ee5cf8b-9675-4bb1-86b6-4b9cbf3204c2 to target datanode 3dca3e04-5c4e-42f8-9440-5b260589daa4
2023-08-31 10:29:37,619 [main] DEBUG balancer.ContainerBalancerTask (ContainerBalancerTask.java:lambda$moveContainer$3(837)) - Container move completed for container #84 from source 8ee5cf8b-9675-4bb1-86b6-4b9cbf3204c2 to target 3dca3e04-5c4e-42f8-9440-5b260589daa4
2023-08-31 10:29:37,622 [main] DEBUG balancer.ContainerBalancerTask (ContainerBalancerTask.java:matchSourceWithTarget(708)) - ContainerBalancer is finding suitable target for source datanode b0166ac6-6ad9-4474-ad1a-5275a56959f1
2023-08-31 10:29:37,622 [main] INFO  balancer.ContainerBalancerTask (ContainerBalancerTask.java:matchSourceWithTarget(722)) - ContainerBalancer matched source datanode b0166ac6-6ad9-4474-ad1a-5275a56959f1 with target datanode 0327293f-6500-45f1-9c10-21ffa4780718 for container move.
2023-08-31 10:29:37,622 [main] INFO  balancer.ContainerBalancerTask (ContainerBalancerTask.java:processMoveSelection(569)) - ContainerBalancer is trying to move container #41 with size 1073741824B from source datanode b0166ac6-6ad9-4474-ad1a-5275a56959f1 to target datanode 0327293f-6500-45f1-9c10-21ffa4780718
2023-08-31 10:29:37,622 [main] DEBUG balancer.ContainerBalancerTask (ContainerBalancerTask.java:lambda$moveContainer$3(837)) - Container move completed for container #41 from source b0166ac6-6ad9-4474-ad1a-5275a56959f1 to target 0327293f-6500-45f1-9c10-21ffa4780718
2023-08-31 10:29:37,623 [main] WARN  balancer.ContainerBalancerTask (ContainerBalancerTask.java:reachedMaxSizeToMovePerIteration(733)) - Reached max size to move limit. 53687091200 bytes have already been scheduled for balancing and the limit is 53687091200 bytes.
2023-08-31 10:29:37,623 [main] INFO  balancer.ContainerBalancerTask (ContainerBalancerTask.java:checkIterationMoveResults(642)) - Iteration Summary. Number of Datanodes involved: 7. Size moved: 50 GB (53687091200 Bytes). Number of Container moves completed: 13.
2023-08-31 10:29:37,623 [main] INFO  balancer.ContainerBalancerTask (ContainerBalancerTask.java:balance(259)) - Result of this iteration of Container Balancer: ITERATION_COMPLETED
2023-08-31 10:29:37,623 [main] INFO  balancer.ContainerBalancerTask (ContainerBalancerTask.java:tryStopWithSaveConfiguration(308)) - Save Configuration for stopping. Reason: Completed all iterations.
]]></system-out>
  </testcase>
  <testcase name="containerBalancerShouldObeyMaxDatanodesToInvolveLimit" classname="org.apache.hadoop.hdds.scm.container.balancer.TestContainerBalancerTask" time="0.114">
    <system-out><![CDATA[2023-08-31 10:29:37,660 [main] INFO  net.NodeSchemaLoader (NodeSchemaLoader.java:loadSchemaFromFile(129)) - Loading schema from [file:/home/runner/work/ozone/ozone/hadoop-hdds/common/target/classes/network-topology-default.xml]
2023-08-31 10:29:37,660 [main] INFO  net.NodeSchemaLoader (NodeSchemaLoader.java:loadSchema(176)) - Loading network topology layer schema file
2023-08-31 10:29:37,667 [main] INFO  net.NetworkTopologyImpl (NetworkTopologyImpl.java:add(112)) - Added a new node: /default-rack/0b9feacb-9496-47ea-ac1c-4f31352c1a2b
2023-08-31 10:29:37,667 [main] INFO  net.NetworkTopologyImpl (NetworkTopologyImpl.java:add(112)) - Added a new node: /default-rack/fd040d86-7361-49e4-947e-a144fcc2e04c
2023-08-31 10:29:37,667 [main] INFO  net.NetworkTopologyImpl (NetworkTopologyImpl.java:add(112)) - Added a new node: /default-rack/eba449b4-643d-49bc-977c-b5e98fe54807
2023-08-31 10:29:37,667 [main] INFO  net.NetworkTopologyImpl (NetworkTopologyImpl.java:add(112)) - Added a new node: /default-rack/f32c886b-98e4-4e35-a55f-ce9f14ada4c3
2023-08-31 10:29:37,667 [main] INFO  net.NetworkTopologyImpl (NetworkTopologyImpl.java:add(112)) - Added a new node: /default-rack/28490480-cc3f-42fa-8876-ebee16841fda
2023-08-31 10:29:37,667 [main] INFO  net.NetworkTopologyImpl (NetworkTopologyImpl.java:add(112)) - Added a new node: /default-rack/faf56063-6fe3-4f14-b1cb-858054f97f89
2023-08-31 10:29:37,668 [main] INFO  net.NetworkTopologyImpl (NetworkTopologyImpl.java:add(112)) - Added a new node: /default-rack/c02394df-f4ed-4883-9ade-6350bfecd21b
2023-08-31 10:29:37,668 [main] INFO  net.NetworkTopologyImpl (NetworkTopologyImpl.java:add(112)) - Added a new node: /default-rack/d82257da-54ce-454d-a22c-2ac7f2dc3930
2023-08-31 10:29:37,668 [main] INFO  net.NetworkTopologyImpl (NetworkTopologyImpl.java:add(112)) - Added a new node: /default-rack/43abebd0-9d35-4c17-b364-b042427d8aac
2023-08-31 10:29:37,668 [main] INFO  net.NetworkTopologyImpl (NetworkTopologyImpl.java:add(112)) - Added a new node: /default-rack/9a3737ed-cbbc-4fca-86b2-0fa5389dc1e8
2023-08-31 10:29:37,668 [main] INFO  algorithms.ContainerPlacementPolicyFactory (ContainerPlacementPolicyFactory.java:getPolicyInternal(86)) - Create container placement policy of type org.apache.hadoop.hdds.scm.container.placement.algorithms.SCMContainerPlacementRackAware
2023-08-31 10:29:37,668 [main] INFO  algorithms.ContainerPlacementPolicyFactory (ContainerPlacementPolicyFactory.java:getPolicyInternal(86)) - Create container placement policy of type org.apache.hadoop.hdds.scm.container.placement.algorithms.SCMContainerPlacementRackScatter
2023-08-31 10:29:37,671 [main] DEBUG balancer.ContainerBalancerTask (ContainerBalancerTask.java:initializeIteration(374)) - Average utilization of the cluster is 0.3520825028038789
2023-08-31 10:29:37,671 [main] DEBUG balancer.ContainerBalancerTask (ContainerBalancerTask.java:initializeIteration(386)) - Lower limit for utilization is 0.3420825028038789 and Upper limit for utilization is 0.36208250280387894
2023-08-31 10:29:37,672 [main] DEBUG balancer.ContainerBalancerTask (ContainerBalancerTask.java:initializeIteration(398)) - Utilization for node 9a3737ed-cbbc-4fca-86b2-0fa5389dc1e8 with capacity 56073184142B, used 50465865728B, and remaining 5607318414B is 0.9000000000035667
2023-08-31 10:29:37,672 [main] DEBUG balancer.ContainerBalancerTask (ContainerBalancerTask.java:initializeIteration(398)) - Utilization for node faf56063-6fe3-4f14-b1cb-858054f97f89 with capacity 57713623040B, used 46170898432B, and remaining 11542724608B is 0.8
2023-08-31 10:29:37,673 [main] DEBUG balancer.ContainerBalancerTask (ContainerBalancerTask.java:initializeIteration(398)) - Utilization for node fd040d86-7361-49e4-947e-a144fcc2e04c with capacity 58288841874B, used 40802189312B, and remaining 17486652562B is 0.7000000000034312
2023-08-31 10:29:37,673 [main] DEBUG balancer.ContainerBalancerTask (ContainerBalancerTask.java:initializeIteration(398)) - Utilization for node eba449b4-643d-49bc-977c-b5e98fe54807 with capacity 75161927680B, used 45097156608B, and remaining 30064771072B is 0.6
2023-08-31 10:29:37,673 [main] DEBUG balancer.ContainerBalancerTask (ContainerBalancerTask.java:initializeIteration(398)) - Utilization for node 28490480-cc3f-42fa-8876-ebee16841fda with capacity 115964116992B, used 57982058496B, and remaining 57982058496B is 0.5
2023-08-31 10:29:37,673 [main] DEBUG balancer.ContainerBalancerTask (ContainerBalancerTask.java:initializeIteration(398)) - Utilization for node f32c886b-98e4-4e35-a55f-ce9f14ada4c3 with capacity 93952409600B, used 37580963840B, and remaining 56371445760B is 0.4
2023-08-31 10:29:37,673 [main] DEBUG balancer.ContainerBalancerTask (ContainerBalancerTask.java:initializeIteration(398)) - Utilization for node 0b9feacb-9496-47ea-ac1c-4f31352c1a2b with capacity 164640413013B, used 49392123904B, and remaining 115248289109B is 0.3000000000006074
2023-08-31 10:29:37,673 [main] DEBUG balancer.ContainerBalancerTask (ContainerBalancerTask.java:initializeIteration(398)) - Utilization for node d82257da-54ce-454d-a22c-2ac7f2dc3930 with capacity 257698037760B, used 51539607552B, and remaining 206158430208B is 0.2
2023-08-31 10:29:37,674 [main] DEBUG balancer.ContainerBalancerTask (ContainerBalancerTask.java:initializeIteration(398)) - Utilization for node 43abebd0-9d35-4c17-b364-b042427d8aac with capacity 236223201280B, used 23622320128B, and remaining 212600881152B is 0.1
2023-08-31 10:29:37,674 [main] DEBUG balancer.ContainerBalancerTask (ContainerBalancerTask.java:initializeIteration(398)) - Utilization for node c02394df-f4ed-4883-9ade-6350bfecd21b with capacity 27917287424B, used 0B, and remaining 27917287424B is 0.0
2023-08-31 10:29:37,674 [main] INFO  balancer.ContainerBalancerTask (ContainerBalancerTask.java:initializeIteration(447)) - Container Balancer has identified 6 Over-Utilized and 4 Under-Utilized Datanodes that need to be balanced.
2023-08-31 10:29:37,674 [main] DEBUG balancer.ContainerBalancerTask (ContainerBalancerTask.java:lambda$initializeIteration$1(453)) - Datanode localhost-199.134.225.36 9a3737ed-cbbc-4fca-86b2-0fa5389dc1e8 is Over-Utilized.
2023-08-31 10:29:37,674 [main] DEBUG balancer.ContainerBalancerTask (ContainerBalancerTask.java:lambda$initializeIteration$1(453)) - Datanode localhost-185.70.234.29 faf56063-6fe3-4f14-b1cb-858054f97f89 is Over-Utilized.
2023-08-31 10:29:37,674 [main] DEBUG balancer.ContainerBalancerTask (ContainerBalancerTask.java:lambda$initializeIteration$1(453)) - Datanode localhost-73.27.117.199 fd040d86-7361-49e4-947e-a144fcc2e04c is Over-Utilized.
2023-08-31 10:29:37,674 [main] DEBUG balancer.ContainerBalancerTask (ContainerBalancerTask.java:lambda$initializeIteration$1(453)) - Datanode localhost-141.162.60.166 eba449b4-643d-49bc-977c-b5e98fe54807 is Over-Utilized.
2023-08-31 10:29:37,674 [main] DEBUG balancer.ContainerBalancerTask (ContainerBalancerTask.java:lambda$initializeIteration$1(453)) - Datanode localhost-150.50.67.225 28490480-cc3f-42fa-8876-ebee16841fda is Over-Utilized.
2023-08-31 10:29:37,674 [main] DEBUG balancer.ContainerBalancerTask (ContainerBalancerTask.java:lambda$initializeIteration$1(453)) - Datanode localhost-93.38.7.219 f32c886b-98e4-4e35-a55f-ce9f14ada4c3 is Over-Utilized.
2023-08-31 10:29:37,674 [main] DEBUG balancer.ContainerBalancerTask (ContainerBalancerTask.java:lambda$initializeIteration$2(459)) - Datanode localhost-238.178.99.221 c02394df-f4ed-4883-9ade-6350bfecd21b is Under-Utilized.
2023-08-31 10:29:37,675 [main] DEBUG balancer.ContainerBalancerTask (ContainerBalancerTask.java:lambda$initializeIteration$2(459)) - Datanode localhost-1.94.174.41 43abebd0-9d35-4c17-b364-b042427d8aac is Under-Utilized.
2023-08-31 10:29:37,675 [main] DEBUG balancer.ContainerBalancerTask (ContainerBalancerTask.java:lambda$initializeIteration$2(459)) - Datanode localhost-221.249.31.218 d82257da-54ce-454d-a22c-2ac7f2dc3930 is Under-Utilized.
2023-08-31 10:29:37,675 [main] DEBUG balancer.ContainerBalancerTask (ContainerBalancerTask.java:lambda$initializeIteration$2(459)) - Datanode localhost-74.155.78.40 0b9feacb-9496-47ea-ac1c-4f31352c1a2b is Under-Utilized.
2023-08-31 10:29:37,678 [main] DEBUG balancer.ContainerBalancerTask (ContainerBalancerTask.java:matchSourceWithTarget(708)) - ContainerBalancer is finding suitable target for source datanode 9a3737ed-cbbc-4fca-86b2-0fa5389dc1e8
2023-08-31 10:29:37,678 [main] INFO  balancer.ContainerBalancerTask (ContainerBalancerTask.java:matchSourceWithTarget(722)) - ContainerBalancer matched source datanode 9a3737ed-cbbc-4fca-86b2-0fa5389dc1e8 with target datanode c02394df-f4ed-4883-9ade-6350bfecd21b for container move.
2023-08-31 10:29:37,678 [main] INFO  balancer.ContainerBalancerTask (ContainerBalancerTask.java:processMoveSelection(569)) - ContainerBalancer is trying to move container #85 with size 5368709120B from source datanode 9a3737ed-cbbc-4fca-86b2-0fa5389dc1e8 to target datanode c02394df-f4ed-4883-9ade-6350bfecd21b
2023-08-31 10:29:37,678 [main] DEBUG balancer.ContainerBalancerTask (ContainerBalancerTask.java:lambda$moveContainer$3(837)) - Container move completed for container #85 from source 9a3737ed-cbbc-4fca-86b2-0fa5389dc1e8 to target c02394df-f4ed-4883-9ade-6350bfecd21b
2023-08-31 10:29:37,681 [main] DEBUG balancer.ContainerBalancerTask (ContainerBalancerTask.java:matchSourceWithTarget(708)) - ContainerBalancer is finding suitable target for source datanode 9a3737ed-cbbc-4fca-86b2-0fa5389dc1e8
2023-08-31 10:29:37,681 [main] INFO  balancer.ContainerBalancerTask (ContainerBalancerTask.java:matchSourceWithTarget(722)) - ContainerBalancer matched source datanode 9a3737ed-cbbc-4fca-86b2-0fa5389dc1e8 with target datanode 43abebd0-9d35-4c17-b364-b042427d8aac for container move.
2023-08-31 10:29:37,681 [main] INFO  balancer.ContainerBalancerTask (ContainerBalancerTask.java:processMoveSelection(569)) - ContainerBalancer is trying to move container #89 with size 4294967296B from source datanode 9a3737ed-cbbc-4fca-86b2-0fa5389dc1e8 to target datanode 43abebd0-9d35-4c17-b364-b042427d8aac
2023-08-31 10:29:37,681 [main] DEBUG balancer.ContainerBalancerTask (ContainerBalancerTask.java:lambda$moveContainer$3(837)) - Container move completed for container #89 from source 9a3737ed-cbbc-4fca-86b2-0fa5389dc1e8 to target 43abebd0-9d35-4c17-b364-b042427d8aac
2023-08-31 10:29:37,682 [main] DEBUG balancer.ContainerBalancerTask (ContainerBalancerTask.java:adaptWhenNearingIterationLimits(756)) - Approaching max datanodes to involve limit. 3 datanodes have already been selected for balancing and the limit is 4. Only already selected targets can be selected as targets now.
2023-08-31 10:29:37,685 [main] DEBUG balancer.ContainerBalancerTask (ContainerBalancerTask.java:matchSourceWithTarget(708)) - ContainerBalancer is finding suitable target for source datanode faf56063-6fe3-4f14-b1cb-858054f97f89
2023-08-31 10:29:37,685 [main] INFO  balancer.ContainerBalancerTask (ContainerBalancerTask.java:matchSourceWithTarget(722)) - ContainerBalancer matched source datanode faf56063-6fe3-4f14-b1cb-858054f97f89 with target datanode 43abebd0-9d35-4c17-b364-b042427d8aac for container move.
2023-08-31 10:29:37,685 [main] INFO  balancer.ContainerBalancerTask (ContainerBalancerTask.java:processMoveSelection(569)) - ContainerBalancer is trying to move container #68 with size 5368709120B from source datanode faf56063-6fe3-4f14-b1cb-858054f97f89 to target datanode 43abebd0-9d35-4c17-b364-b042427d8aac
2023-08-31 10:29:37,685 [main] DEBUG balancer.ContainerBalancerTask (ContainerBalancerTask.java:lambda$moveContainer$3(837)) - Container move completed for container #68 from source faf56063-6fe3-4f14-b1cb-858054f97f89 to target 43abebd0-9d35-4c17-b364-b042427d8aac
2023-08-31 10:29:37,685 [main] DEBUG balancer.ContainerBalancerTask (ContainerBalancerTask.java:adaptOnReachingIterationLimits(782)) - Reached max datanodes to involve limit. 4 datanodes have already been selected for balancing and the limit is 4. Only already selected sources and targets can be involved in balancing now.
2023-08-31 10:29:37,688 [main] DEBUG balancer.ContainerBalancerTask (ContainerBalancerTask.java:matchSourceWithTarget(708)) - ContainerBalancer is finding suitable target for source datanode 9a3737ed-cbbc-4fca-86b2-0fa5389dc1e8
2023-08-31 10:29:37,688 [main] INFO  balancer.ContainerBalancerTask (ContainerBalancerTask.java:matchSourceWithTarget(722)) - ContainerBalancer matched source datanode 9a3737ed-cbbc-4fca-86b2-0fa5389dc1e8 with target datanode 43abebd0-9d35-4c17-b364-b042427d8aac for container move.
2023-08-31 10:29:37,688 [main] INFO  balancer.ContainerBalancerTask (ContainerBalancerTask.java:processMoveSelection(569)) - ContainerBalancer is trying to move container #84 with size 4294967296B from source datanode 9a3737ed-cbbc-4fca-86b2-0fa5389dc1e8 to target datanode 43abebd0-9d35-4c17-b364-b042427d8aac
2023-08-31 10:29:37,689 [main] DEBUG balancer.ContainerBalancerTask (ContainerBalancerTask.java:lambda$moveContainer$3(837)) - Container move completed for container #84 from source 9a3737ed-cbbc-4fca-86b2-0fa5389dc1e8 to target 43abebd0-9d35-4c17-b364-b042427d8aac
2023-08-31 10:29:37,692 [main] DEBUG balancer.ContainerBalancerTask (ContainerBalancerTask.java:matchSourceWithTarget(708)) - ContainerBalancer is finding suitable target for source datanode faf56063-6fe3-4f14-b1cb-858054f97f89
2023-08-31 10:29:37,692 [main] INFO  balancer.ContainerBalancerTask (ContainerBalancerTask.java:matchSourceWithTarget(722)) - ContainerBalancer matched source datanode faf56063-6fe3-4f14-b1cb-858054f97f89 with target datanode 43abebd0-9d35-4c17-b364-b042427d8aac for container move.
2023-08-31 10:29:37,692 [main] INFO  balancer.ContainerBalancerTask (ContainerBalancerTask.java:processMoveSelection(569)) - ContainerBalancer is trying to move container #67 with size 4294967296B from source datanode faf56063-6fe3-4f14-b1cb-858054f97f89 to target datanode 43abebd0-9d35-4c17-b364-b042427d8aac
2023-08-31 10:29:37,692 [main] DEBUG balancer.ContainerBalancerTask (ContainerBalancerTask.java:lambda$moveContainer$3(837)) - Container move completed for container #67 from source faf56063-6fe3-4f14-b1cb-858054f97f89 to target 43abebd0-9d35-4c17-b364-b042427d8aac
2023-08-31 10:29:37,695 [main] DEBUG balancer.ContainerBalancerTask (ContainerBalancerTask.java:matchSourceWithTarget(708)) - ContainerBalancer is finding suitable target for source datanode 9a3737ed-cbbc-4fca-86b2-0fa5389dc1e8
2023-08-31 10:29:37,695 [main] INFO  balancer.ContainerBalancerTask (ContainerBalancerTask.java:matchSourceWithTarget(722)) - ContainerBalancer matched source datanode 9a3737ed-cbbc-4fca-86b2-0fa5389dc1e8 with target datanode 43abebd0-9d35-4c17-b364-b042427d8aac for container move.
2023-08-31 10:29:37,695 [main] INFO  balancer.ContainerBalancerTask (ContainerBalancerTask.java:processMoveSelection(569)) - ContainerBalancer is trying to move container #19 with size 4294967296B from source datanode 9a3737ed-cbbc-4fca-86b2-0fa5389dc1e8 to target datanode 43abebd0-9d35-4c17-b364-b042427d8aac
2023-08-31 10:29:37,695 [main] DEBUG balancer.ContainerBalancerTask (ContainerBalancerTask.java:lambda$moveContainer$3(837)) - Container move completed for container #19 from source 9a3737ed-cbbc-4fca-86b2-0fa5389dc1e8 to target 43abebd0-9d35-4c17-b364-b042427d8aac
2023-08-31 10:29:37,699 [main] DEBUG balancer.ContainerBalancerTask (ContainerBalancerTask.java:matchSourceWithTarget(708)) - ContainerBalancer is finding suitable target for source datanode faf56063-6fe3-4f14-b1cb-858054f97f89
2023-08-31 10:29:37,699 [main] INFO  balancer.ContainerBalancerTask (ContainerBalancerTask.java:matchSourceWithTarget(722)) - ContainerBalancer matched source datanode faf56063-6fe3-4f14-b1cb-858054f97f89 with target datanode c02394df-f4ed-4883-9ade-6350bfecd21b for container move.
2023-08-31 10:29:37,699 [main] INFO  balancer.ContainerBalancerTask (ContainerBalancerTask.java:processMoveSelection(569)) - ContainerBalancer is trying to move container #71 with size 3221225472B from source datanode faf56063-6fe3-4f14-b1cb-858054f97f89 to target datanode c02394df-f4ed-4883-9ade-6350bfecd21b
2023-08-31 10:29:37,699 [main] DEBUG balancer.ContainerBalancerTask (ContainerBalancerTask.java:lambda$moveContainer$3(837)) - Container move completed for container #71 from source faf56063-6fe3-4f14-b1cb-858054f97f89 to target c02394df-f4ed-4883-9ade-6350bfecd21b
2023-08-31 10:29:37,702 [main] DEBUG balancer.ContainerBalancerTask (ContainerBalancerTask.java:matchSourceWithTarget(708)) - ContainerBalancer is finding suitable target for source datanode faf56063-6fe3-4f14-b1cb-858054f97f89
2023-08-31 10:29:37,702 [main] INFO  balancer.ContainerBalancerTask (ContainerBalancerTask.java:matchSourceWithTarget(722)) - ContainerBalancer matched source datanode faf56063-6fe3-4f14-b1cb-858054f97f89 with target datanode 43abebd0-9d35-4c17-b364-b042427d8aac for container move.
2023-08-31 10:29:37,702 [main] INFO  balancer.ContainerBalancerTask (ContainerBalancerTask.java:processMoveSelection(569)) - ContainerBalancer is trying to move container #66 with size 3221225472B from source datanode faf56063-6fe3-4f14-b1cb-858054f97f89 to target datanode 43abebd0-9d35-4c17-b364-b042427d8aac
2023-08-31 10:29:37,703 [main] DEBUG balancer.ContainerBalancerTask (ContainerBalancerTask.java:lambda$moveContainer$3(837)) - Container move completed for container #66 from source faf56063-6fe3-4f14-b1cb-858054f97f89 to target 43abebd0-9d35-4c17-b364-b042427d8aac
2023-08-31 10:29:37,706 [main] DEBUG balancer.ContainerBalancerTask (ContainerBalancerTask.java:matchSourceWithTarget(708)) - ContainerBalancer is finding suitable target for source datanode 9a3737ed-cbbc-4fca-86b2-0fa5389dc1e8
2023-08-31 10:29:37,706 [main] INFO  balancer.ContainerBalancerTask (ContainerBalancerTask.java:matchSourceWithTarget(722)) - ContainerBalancer matched source datanode 9a3737ed-cbbc-4fca-86b2-0fa5389dc1e8 with target datanode 43abebd0-9d35-4c17-b364-b042427d8aac for container move.
2023-08-31 10:29:37,706 [main] INFO  balancer.ContainerBalancerTask (ContainerBalancerTask.java:processMoveSelection(569)) - ContainerBalancer is trying to move container #88 with size 3221225472B from source datanode 9a3737ed-cbbc-4fca-86b2-0fa5389dc1e8 to target datanode 43abebd0-9d35-4c17-b364-b042427d8aac
2023-08-31 10:29:37,706 [main] DEBUG balancer.ContainerBalancerTask (ContainerBalancerTask.java:lambda$moveContainer$3(837)) - Container move completed for container #88 from source 9a3737ed-cbbc-4fca-86b2-0fa5389dc1e8 to target 43abebd0-9d35-4c17-b364-b042427d8aac
2023-08-31 10:29:37,709 [main] DEBUG balancer.ContainerBalancerTask (ContainerBalancerTask.java:matchSourceWithTarget(708)) - ContainerBalancer is finding suitable target for source datanode faf56063-6fe3-4f14-b1cb-858054f97f89
2023-08-31 10:29:37,710 [main] INFO  balancer.ContainerBalancerTask (ContainerBalancerTask.java:matchSourceWithTarget(722)) - ContainerBalancer matched source datanode faf56063-6fe3-4f14-b1cb-858054f97f89 with target datanode 43abebd0-9d35-4c17-b364-b042427d8aac for container move.
2023-08-31 10:29:37,710 [main] INFO  balancer.ContainerBalancerTask (ContainerBalancerTask.java:processMoveSelection(569)) - ContainerBalancer is trying to move container #87 with size 2147483648B from source datanode faf56063-6fe3-4f14-b1cb-858054f97f89 to target datanode 43abebd0-9d35-4c17-b364-b042427d8aac
2023-08-31 10:29:37,710 [main] DEBUG balancer.ContainerBalancerTask (ContainerBalancerTask.java:lambda$moveContainer$3(837)) - Container move completed for container #87 from source faf56063-6fe3-4f14-b1cb-858054f97f89 to target 43abebd0-9d35-4c17-b364-b042427d8aac
2023-08-31 10:29:37,713 [main] DEBUG balancer.ContainerBalancerTask (ContainerBalancerTask.java:matchSourceWithTarget(708)) - ContainerBalancer is finding suitable target for source datanode 9a3737ed-cbbc-4fca-86b2-0fa5389dc1e8
2023-08-31 10:29:37,713 [main] INFO  balancer.ContainerBalancerTask (ContainerBalancerTask.java:matchSourceWithTarget(722)) - ContainerBalancer matched source datanode 9a3737ed-cbbc-4fca-86b2-0fa5389dc1e8 with target datanode 43abebd0-9d35-4c17-b364-b042427d8aac for container move.
2023-08-31 10:29:37,713 [main] INFO  balancer.ContainerBalancerTask (ContainerBalancerTask.java:processMoveSelection(569)) - ContainerBalancer is trying to move container #83 with size 3221225472B from source datanode 9a3737ed-cbbc-4fca-86b2-0fa5389dc1e8 to target datanode 43abebd0-9d35-4c17-b364-b042427d8aac
2023-08-31 10:29:37,713 [main] DEBUG balancer.ContainerBalancerTask (ContainerBalancerTask.java:lambda$moveContainer$3(837)) - Container move completed for container #83 from source 9a3737ed-cbbc-4fca-86b2-0fa5389dc1e8 to target 43abebd0-9d35-4c17-b364-b042427d8aac
2023-08-31 10:29:37,717 [main] DEBUG balancer.ContainerBalancerTask (ContainerBalancerTask.java:matchSourceWithTarget(708)) - ContainerBalancer is finding suitable target for source datanode faf56063-6fe3-4f14-b1cb-858054f97f89
2023-08-31 10:29:37,717 [main] INFO  balancer.ContainerBalancerTask (ContainerBalancerTask.java:matchSourceWithTarget(722)) - ContainerBalancer matched source datanode faf56063-6fe3-4f14-b1cb-858054f97f89 with target datanode 43abebd0-9d35-4c17-b364-b042427d8aac for container move.
2023-08-31 10:29:37,717 [main] INFO  balancer.ContainerBalancerTask (ContainerBalancerTask.java:processMoveSelection(569)) - ContainerBalancer is trying to move container #70 with size 2147483648B from source datanode faf56063-6fe3-4f14-b1cb-858054f97f89 to target datanode 43abebd0-9d35-4c17-b364-b042427d8aac
2023-08-31 10:29:37,717 [main] DEBUG balancer.ContainerBalancerTask (ContainerBalancerTask.java:lambda$moveContainer$3(837)) - Container move completed for container #70 from source faf56063-6fe3-4f14-b1cb-858054f97f89 to target 43abebd0-9d35-4c17-b364-b042427d8aac
2023-08-31 10:29:37,720 [main] DEBUG balancer.ContainerBalancerTask (ContainerBalancerTask.java:matchSourceWithTarget(708)) - ContainerBalancer is finding suitable target for source datanode 9a3737ed-cbbc-4fca-86b2-0fa5389dc1e8
2023-08-31 10:29:37,720 [main] INFO  balancer.ContainerBalancerTask (ContainerBalancerTask.java:matchSourceWithTarget(722)) - ContainerBalancer matched source datanode 9a3737ed-cbbc-4fca-86b2-0fa5389dc1e8 with target datanode 43abebd0-9d35-4c17-b364-b042427d8aac for container move.
2023-08-31 10:29:37,720 [main] INFO  balancer.ContainerBalancerTask (ContainerBalancerTask.java:processMoveSelection(569)) - ContainerBalancer is trying to move container #51 with size 3221225472B from source datanode 9a3737ed-cbbc-4fca-86b2-0fa5389dc1e8 to target datanode 43abebd0-9d35-4c17-b364-b042427d8aac
2023-08-31 10:29:37,721 [main] DEBUG balancer.ContainerBalancerTask (ContainerBalancerTask.java:lambda$moveContainer$3(837)) - Container move completed for container #51 from source 9a3737ed-cbbc-4fca-86b2-0fa5389dc1e8 to target 43abebd0-9d35-4c17-b364-b042427d8aac
2023-08-31 10:29:37,724 [main] DEBUG balancer.ContainerBalancerTask (ContainerBalancerTask.java:matchSourceWithTarget(708)) - ContainerBalancer is finding suitable target for source datanode faf56063-6fe3-4f14-b1cb-858054f97f89
2023-08-31 10:29:37,724 [main] INFO  balancer.ContainerBalancerTask (ContainerBalancerTask.java:matchSourceWithTarget(722)) - ContainerBalancer matched source datanode faf56063-6fe3-4f14-b1cb-858054f97f89 with target datanode 43abebd0-9d35-4c17-b364-b042427d8aac for container move.
2023-08-31 10:29:37,724 [main] INFO  balancer.ContainerBalancerTask (ContainerBalancerTask.java:processMoveSelection(569)) - ContainerBalancer is trying to move container #65 with size 2147483648B from source datanode faf56063-6fe3-4f14-b1cb-858054f97f89 to target datanode 43abebd0-9d35-4c17-b364-b042427d8aac
2023-08-31 10:29:37,724 [main] DEBUG balancer.ContainerBalancerTask (ContainerBalancerTask.java:lambda$moveContainer$3(837)) - Container move completed for container #65 from source faf56063-6fe3-4f14-b1cb-858054f97f89 to target 43abebd0-9d35-4c17-b364-b042427d8aac
2023-08-31 10:29:37,728 [main] DEBUG balancer.ContainerBalancerTask (ContainerBalancerTask.java:matchSourceWithTarget(708)) - ContainerBalancer is finding suitable target for source datanode faf56063-6fe3-4f14-b1cb-858054f97f89
2023-08-31 10:29:37,728 [main] INFO  balancer.ContainerBalancerTask (ContainerBalancerTask.java:matchSourceWithTarget(722)) - ContainerBalancer matched source datanode faf56063-6fe3-4f14-b1cb-858054f97f89 with target datanode 43abebd0-9d35-4c17-b364-b042427d8aac for container move.
2023-08-31 10:29:37,728 [main] INFO  balancer.ContainerBalancerTask (ContainerBalancerTask.java:processMoveSelection(569)) - ContainerBalancer is trying to move container #55 with size 2147483648B from source datanode faf56063-6fe3-4f14-b1cb-858054f97f89 to target datanode 43abebd0-9d35-4c17-b364-b042427d8aac
2023-08-31 10:29:37,728 [main] DEBUG balancer.ContainerBalancerTask (ContainerBalancerTask.java:lambda$moveContainer$3(837)) - Container move completed for container #55 from source faf56063-6fe3-4f14-b1cb-858054f97f89 to target 43abebd0-9d35-4c17-b364-b042427d8aac
2023-08-31 10:29:37,731 [main] DEBUG balancer.ContainerBalancerTask (ContainerBalancerTask.java:matchSourceWithTarget(701)) - ContainerBalancer could not find any candidate containers for datanode 9a3737ed-cbbc-4fca-86b2-0fa5389dc1e8
2023-08-31 10:29:37,734 [main] DEBUG balancer.ContainerBalancerTask (ContainerBalancerTask.java:matchSourceWithTarget(708)) - ContainerBalancer is finding suitable target for source datanode faf56063-6fe3-4f14-b1cb-858054f97f89
2023-08-31 10:29:37,734 [main] INFO  balancer.ContainerBalancerTask (ContainerBalancerTask.java:matchSourceWithTarget(722)) - ContainerBalancer matched source datanode faf56063-6fe3-4f14-b1cb-858054f97f89 with target datanode 43abebd0-9d35-4c17-b364-b042427d8aac for container move.
2023-08-31 10:29:37,735 [main] INFO  balancer.ContainerBalancerTask (ContainerBalancerTask.java:processMoveSelection(569)) - ContainerBalancer is trying to move container #81 with size 1073741824B from source datanode faf56063-6fe3-4f14-b1cb-858054f97f89 to target datanode 43abebd0-9d35-4c17-b364-b042427d8aac
2023-08-31 10:29:37,735 [main] DEBUG balancer.ContainerBalancerTask (ContainerBalancerTask.java:lambda$moveContainer$3(837)) - Container move completed for container #81 from source faf56063-6fe3-4f14-b1cb-858054f97f89 to target 43abebd0-9d35-4c17-b364-b042427d8aac
2023-08-31 10:29:37,738 [main] DEBUG balancer.ContainerBalancerTask (ContainerBalancerTask.java:matchSourceWithTarget(701)) - ContainerBalancer could not find any candidate containers for datanode faf56063-6fe3-4f14-b1cb-858054f97f89
2023-08-31 10:29:37,738 [main] INFO  balancer.FindSourceGreedy (FindSourceGreedy.java:getNextCandidateSourceDataNode(126)) - no more candidate source data node
2023-08-31 10:29:37,738 [main] INFO  balancer.ContainerBalancerTask (ContainerBalancerTask.java:checkIterationMoveResults(642)) - Iteration Summary. Number of Datanodes involved: 4. Size moved: 50 GB (53687091200 Bytes). Number of Container moves completed: 16.
2023-08-31 10:29:37,738 [main] INFO  balancer.ContainerBalancerTask (ContainerBalancerTask.java:balance(259)) - Result of this iteration of Container Balancer: ITERATION_COMPLETED
2023-08-31 10:29:37,739 [main] INFO  balancer.ContainerBalancerTask (ContainerBalancerTask.java:tryStopWithSaveConfiguration(308)) - Save Configuration for stopping. Reason: Completed all iterations.
]]></system-out>
  </testcase>
  <testcase name="testBalancerWithMoveManager" classname="org.apache.hadoop.hdds.scm.container.balancer.TestContainerBalancerTask" time="0.117">
    <system-out><![CDATA[2023-08-31 10:29:37,783 [main] INFO  net.NodeSchemaLoader (NodeSchemaLoader.java:loadSchemaFromFile(129)) - Loading schema from [file:/home/runner/work/ozone/ozone/hadoop-hdds/common/target/classes/network-topology-default.xml]
2023-08-31 10:29:37,784 [main] INFO  net.NodeSchemaLoader (NodeSchemaLoader.java:loadSchema(176)) - Loading network topology layer schema file
2023-08-31 10:29:37,786 [main] INFO  net.NetworkTopologyImpl (NetworkTopologyImpl.java:add(112)) - Added a new node: /default-rack/ccf4072b-7566-408e-8fb4-5821c13579d6
2023-08-31 10:29:37,786 [main] INFO  net.NetworkTopologyImpl (NetworkTopologyImpl.java:add(112)) - Added a new node: /default-rack/740af812-fac9-4d2b-8fe5-7d39f4e3d7b4
2023-08-31 10:29:37,786 [main] INFO  net.NetworkTopologyImpl (NetworkTopologyImpl.java:add(112)) - Added a new node: /default-rack/ff21155e-4987-45c8-9398-acf62682662b
2023-08-31 10:29:37,786 [main] INFO  net.NetworkTopologyImpl (NetworkTopologyImpl.java:add(112)) - Added a new node: /default-rack/12ea5c0b-1b16-405e-b91f-dfd33dd2d62f
2023-08-31 10:29:37,786 [main] INFO  net.NetworkTopologyImpl (NetworkTopologyImpl.java:add(112)) - Added a new node: /default-rack/cf05c67d-6b9e-40fd-9c3c-5fd0f8b44dbb
2023-08-31 10:29:37,786 [main] INFO  net.NetworkTopologyImpl (NetworkTopologyImpl.java:add(112)) - Added a new node: /default-rack/8dfbe3e3-eb66-4912-a719-b68fba155ec5
2023-08-31 10:29:37,786 [main] INFO  net.NetworkTopologyImpl (NetworkTopologyImpl.java:add(112)) - Added a new node: /default-rack/8c2df178-796c-459f-84ca-f931cb08c52e
2023-08-31 10:29:37,787 [main] INFO  net.NetworkTopologyImpl (NetworkTopologyImpl.java:add(112)) - Added a new node: /default-rack/e20becae-1a69-403c-9ac8-eea0fa549771
2023-08-31 10:29:37,787 [main] INFO  net.NetworkTopologyImpl (NetworkTopologyImpl.java:add(112)) - Added a new node: /default-rack/c95e7ca2-8b86-4026-a751-7f57969faa5b
2023-08-31 10:29:37,787 [main] INFO  net.NetworkTopologyImpl (NetworkTopologyImpl.java:add(112)) - Added a new node: /default-rack/2e5284a2-3fd4-48bb-83fa-ade68be8fca5
2023-08-31 10:29:37,787 [main] INFO  algorithms.ContainerPlacementPolicyFactory (ContainerPlacementPolicyFactory.java:getPolicyInternal(86)) - Create container placement policy of type org.apache.hadoop.hdds.scm.container.placement.algorithms.SCMContainerPlacementRackAware
2023-08-31 10:29:37,787 [main] INFO  algorithms.ContainerPlacementPolicyFactory (ContainerPlacementPolicyFactory.java:getPolicyInternal(86)) - Create container placement policy of type org.apache.hadoop.hdds.scm.container.placement.algorithms.SCMContainerPlacementRackScatter
2023-08-31 10:29:37,793 [main] DEBUG balancer.ContainerBalancerTask (ContainerBalancerTask.java:initializeIteration(374)) - Average utilization of the cluster is 0.32626595452011165
2023-08-31 10:29:37,793 [main] DEBUG balancer.ContainerBalancerTask (ContainerBalancerTask.java:initializeIteration(386)) - Lower limit for utilization is 0.22626595452011164 and Upper limit for utilization is 0.4262659545201116
2023-08-31 10:29:37,794 [main] DEBUG balancer.ContainerBalancerTask (ContainerBalancerTask.java:initializeIteration(398)) - Utilization for node e20becae-1a69-403c-9ac8-eea0fa549771 with capacity 51300998257B, used 46170898432B, and remaining 5130099825B is 0.900000000013645
2023-08-31 10:29:37,794 [main] DEBUG balancer.ContainerBalancerTask (ContainerBalancerTask.java:initializeIteration(398)) - Utilization for node 8c2df178-796c-459f-84ca-f931cb08c52e with capacity 56371445760B, used 45097156608B, and remaining 11274289152B is 0.8
2023-08-31 10:29:37,794 [main] DEBUG balancer.ContainerBalancerTask (ContainerBalancerTask.java:initializeIteration(398)) - Utilization for node ff21155e-4987-45c8-9398-acf62682662b with capacity 73628010788B, used 51539607552B, and remaining 22088403236B is 0.7000000000054327
2023-08-31 10:29:37,794 [main] DEBUG balancer.ContainerBalancerTask (ContainerBalancerTask.java:initializeIteration(398)) - Utilization for node cf05c67d-6b9e-40fd-9c3c-5fd0f8b44dbb with capacity 50107951786B, used 30064771072B, and remaining 20043180714B is 0.6000000000079828
2023-08-31 10:29:37,794 [main] DEBUG balancer.ContainerBalancerTask (ContainerBalancerTask.java:initializeIteration(398)) - Utilization for node 2e5284a2-3fd4-48bb-83fa-ade68be8fca5 with capacity 105226698752B, used 52613349376B, and remaining 52613349376B is 0.5
2023-08-31 10:29:37,794 [main] DEBUG balancer.ContainerBalancerTask (ContainerBalancerTask.java:initializeIteration(398)) - Utilization for node c95e7ca2-8b86-4026-a751-7f57969faa5b with capacity 161061273600B, used 64424509440B, and remaining 96636764160B is 0.4
2023-08-31 10:29:37,794 [main] DEBUG balancer.ContainerBalancerTask (ContainerBalancerTask.java:initializeIteration(398)) - Utilization for node 12ea5c0b-1b16-405e-b91f-dfd33dd2d62f with capacity 110953321813B, used 33285996544B, and remaining 77667325269B is 0.30000000000090127
2023-08-31 10:29:37,794 [main] DEBUG balancer.ContainerBalancerTask (ContainerBalancerTask.java:initializeIteration(398)) - Utilization for node 740af812-fac9-4d2b-8fe5-7d39f4e3d7b4 with capacity 150323855360B, used 30064771072B, and remaining 120259084288B is 0.2
2023-08-31 10:29:37,794 [main] DEBUG balancer.ContainerBalancerTask (ContainerBalancerTask.java:initializeIteration(398)) - Utilization for node 8dfbe3e3-eb66-4912-a719-b68fba155ec5 with capacity 408021893120B, used 40802189312B, and remaining 367219703808B is 0.1
2023-08-31 10:29:37,795 [main] DEBUG balancer.ContainerBalancerTask (ContainerBalancerTask.java:initializeIteration(398)) - Utilization for node ccf4072b-7566-408e-8fb4-5821c13579d6 with capacity 40802189312B, used 0B, and remaining 40802189312B is 0.0
2023-08-31 10:29:37,795 [main] INFO  balancer.ContainerBalancerTask (ContainerBalancerTask.java:initializeIteration(447)) - Container Balancer has identified 5 Over-Utilized and 3 Under-Utilized Datanodes that need to be balanced.
2023-08-31 10:29:37,795 [main] DEBUG balancer.ContainerBalancerTask (ContainerBalancerTask.java:lambda$initializeIteration$1(453)) - Datanode localhost-188.238.74.102 e20becae-1a69-403c-9ac8-eea0fa549771 is Over-Utilized.
2023-08-31 10:29:37,795 [main] DEBUG balancer.ContainerBalancerTask (ContainerBalancerTask.java:lambda$initializeIteration$1(453)) - Datanode localhost-101.0.2.126 8c2df178-796c-459f-84ca-f931cb08c52e is Over-Utilized.
2023-08-31 10:29:37,795 [main] DEBUG balancer.ContainerBalancerTask (ContainerBalancerTask.java:lambda$initializeIteration$1(453)) - Datanode localhost-198.45.194.211 ff21155e-4987-45c8-9398-acf62682662b is Over-Utilized.
2023-08-31 10:29:37,795 [main] DEBUG balancer.ContainerBalancerTask (ContainerBalancerTask.java:lambda$initializeIteration$1(453)) - Datanode localhost-11.13.114.205 cf05c67d-6b9e-40fd-9c3c-5fd0f8b44dbb is Over-Utilized.
2023-08-31 10:29:37,795 [main] DEBUG balancer.ContainerBalancerTask (ContainerBalancerTask.java:lambda$initializeIteration$1(453)) - Datanode localhost-29.172.70.232 2e5284a2-3fd4-48bb-83fa-ade68be8fca5 is Over-Utilized.
2023-08-31 10:29:37,795 [main] DEBUG balancer.ContainerBalancerTask (ContainerBalancerTask.java:lambda$initializeIteration$2(459)) - Datanode localhost-13.207.119.68 ccf4072b-7566-408e-8fb4-5821c13579d6 is Under-Utilized.
2023-08-31 10:29:37,795 [main] DEBUG balancer.ContainerBalancerTask (ContainerBalancerTask.java:lambda$initializeIteration$2(459)) - Datanode localhost-172.237.37.96 8dfbe3e3-eb66-4912-a719-b68fba155ec5 is Under-Utilized.
2023-08-31 10:29:37,795 [main] DEBUG balancer.ContainerBalancerTask (ContainerBalancerTask.java:lambda$initializeIteration$2(459)) - Datanode localhost-196.10.102.113 740af812-fac9-4d2b-8fe5-7d39f4e3d7b4 is Under-Utilized.
2023-08-31 10:29:37,798 [main] DEBUG balancer.ContainerBalancerTask (ContainerBalancerTask.java:matchSourceWithTarget(708)) - ContainerBalancer is finding suitable target for source datanode e20becae-1a69-403c-9ac8-eea0fa549771
2023-08-31 10:29:37,799 [main] INFO  balancer.ContainerBalancerTask (ContainerBalancerTask.java:matchSourceWithTarget(722)) - ContainerBalancer matched source datanode e20becae-1a69-403c-9ac8-eea0fa549771 with target datanode ccf4072b-7566-408e-8fb4-5821c13579d6 for container move.
2023-08-31 10:29:37,799 [main] INFO  balancer.ContainerBalancerTask (ContainerBalancerTask.java:processMoveSelection(569)) - ContainerBalancer is trying to move container #85 with size 5368709120B from source datanode e20becae-1a69-403c-9ac8-eea0fa549771 to target datanode ccf4072b-7566-408e-8fb4-5821c13579d6
2023-08-31 10:29:37,799 [main] DEBUG balancer.ContainerBalancerTask (ContainerBalancerTask.java:lambda$moveContainer$3(837)) - Container move completed for container #85 from source e20becae-1a69-403c-9ac8-eea0fa549771 to target ccf4072b-7566-408e-8fb4-5821c13579d6
2023-08-31 10:29:37,802 [main] DEBUG balancer.ContainerBalancerTask (ContainerBalancerTask.java:matchSourceWithTarget(708)) - ContainerBalancer is finding suitable target for source datanode 8c2df178-796c-459f-84ca-f931cb08c52e
2023-08-31 10:29:37,802 [main] INFO  balancer.ContainerBalancerTask (ContainerBalancerTask.java:matchSourceWithTarget(722)) - ContainerBalancer matched source datanode 8c2df178-796c-459f-84ca-f931cb08c52e with target datanode 8dfbe3e3-eb66-4912-a719-b68fba155ec5 for container move.
2023-08-31 10:29:37,802 [main] INFO  balancer.ContainerBalancerTask (ContainerBalancerTask.java:processMoveSelection(569)) - ContainerBalancer is trying to move container #67 with size 4294967296B from source datanode 8c2df178-796c-459f-84ca-f931cb08c52e to target datanode 8dfbe3e3-eb66-4912-a719-b68fba155ec5
2023-08-31 10:29:37,802 [main] DEBUG balancer.ContainerBalancerTask (ContainerBalancerTask.java:lambda$moveContainer$3(837)) - Container move completed for container #67 from source 8c2df178-796c-459f-84ca-f931cb08c52e to target 8dfbe3e3-eb66-4912-a719-b68fba155ec5
2023-08-31 10:29:37,805 [main] DEBUG balancer.ContainerBalancerTask (ContainerBalancerTask.java:matchSourceWithTarget(708)) - ContainerBalancer is finding suitable target for source datanode e20becae-1a69-403c-9ac8-eea0fa549771
2023-08-31 10:29:37,805 [main] INFO  balancer.ContainerBalancerTask (ContainerBalancerTask.java:matchSourceWithTarget(722)) - ContainerBalancer matched source datanode e20becae-1a69-403c-9ac8-eea0fa549771 with target datanode 8dfbe3e3-eb66-4912-a719-b68fba155ec5 for container move.
2023-08-31 10:29:37,806 [main] INFO  balancer.ContainerBalancerTask (ContainerBalancerTask.java:processMoveSelection(569)) - ContainerBalancer is trying to move container #89 with size 4294967296B from source datanode e20becae-1a69-403c-9ac8-eea0fa549771 to target datanode 8dfbe3e3-eb66-4912-a719-b68fba155ec5
2023-08-31 10:29:37,806 [main] DEBUG balancer.ContainerBalancerTask (ContainerBalancerTask.java:lambda$moveContainer$3(837)) - Container move completed for container #89 from source e20becae-1a69-403c-9ac8-eea0fa549771 to target 8dfbe3e3-eb66-4912-a719-b68fba155ec5
2023-08-31 10:29:37,809 [main] DEBUG balancer.ContainerBalancerTask (ContainerBalancerTask.java:matchSourceWithTarget(708)) - ContainerBalancer is finding suitable target for source datanode 8c2df178-796c-459f-84ca-f931cb08c52e
2023-08-31 10:29:37,809 [main] INFO  balancer.ContainerBalancerTask (ContainerBalancerTask.java:matchSourceWithTarget(722)) - ContainerBalancer matched source datanode 8c2df178-796c-459f-84ca-f931cb08c52e with target datanode 8dfbe3e3-eb66-4912-a719-b68fba155ec5 for container move.
2023-08-31 10:29:37,809 [main] INFO  balancer.ContainerBalancerTask (ContainerBalancerTask.java:processMoveSelection(569)) - ContainerBalancer is trying to move container #39 with size 4294967296B from source datanode 8c2df178-796c-459f-84ca-f931cb08c52e to target datanode 8dfbe3e3-eb66-4912-a719-b68fba155ec5
2023-08-31 10:29:37,810 [main] DEBUG balancer.ContainerBalancerTask (ContainerBalancerTask.java:lambda$moveContainer$3(837)) - Container move completed for container #39 from source 8c2df178-796c-459f-84ca-f931cb08c52e to target 8dfbe3e3-eb66-4912-a719-b68fba155ec5
2023-08-31 10:29:37,813 [main] DEBUG balancer.ContainerBalancerTask (ContainerBalancerTask.java:matchSourceWithTarget(708)) - ContainerBalancer is finding suitable target for source datanode e20becae-1a69-403c-9ac8-eea0fa549771
2023-08-31 10:29:37,814 [main] INFO  balancer.ContainerBalancerTask (ContainerBalancerTask.java:matchSourceWithTarget(722)) - ContainerBalancer matched source datanode e20becae-1a69-403c-9ac8-eea0fa549771 with target datanode 8dfbe3e3-eb66-4912-a719-b68fba155ec5 for container move.
2023-08-31 10:29:37,814 [main] INFO  balancer.ContainerBalancerTask (ContainerBalancerTask.java:processMoveSelection(569)) - ContainerBalancer is trying to move container #84 with size 4294967296B from source datanode e20becae-1a69-403c-9ac8-eea0fa549771 to target datanode 8dfbe3e3-eb66-4912-a719-b68fba155ec5
2023-08-31 10:29:37,814 [main] DEBUG balancer.ContainerBalancerTask (ContainerBalancerTask.java:lambda$moveContainer$3(837)) - Container move completed for container #84 from source e20becae-1a69-403c-9ac8-eea0fa549771 to target 8dfbe3e3-eb66-4912-a719-b68fba155ec5
2023-08-31 10:29:37,817 [main] DEBUG balancer.ContainerBalancerTask (ContainerBalancerTask.java:matchSourceWithTarget(708)) - ContainerBalancer is finding suitable target for source datanode ff21155e-4987-45c8-9398-acf62682662b
2023-08-31 10:29:37,817 [main] INFO  balancer.ContainerBalancerTask (ContainerBalancerTask.java:matchSourceWithTarget(722)) - ContainerBalancer matched source datanode ff21155e-4987-45c8-9398-acf62682662b with target datanode ccf4072b-7566-408e-8fb4-5821c13579d6 for container move.
2023-08-31 10:29:37,818 [main] INFO  balancer.ContainerBalancerTask (ContainerBalancerTask.java:processMoveSelection(569)) - ContainerBalancer is trying to move container #53 with size 5368709120B from source datanode ff21155e-4987-45c8-9398-acf62682662b to target datanode ccf4072b-7566-408e-8fb4-5821c13579d6
2023-08-31 10:29:37,818 [main] DEBUG balancer.ContainerBalancerTask (ContainerBalancerTask.java:lambda$moveContainer$3(837)) - Container move completed for container #53 from source ff21155e-4987-45c8-9398-acf62682662b to target ccf4072b-7566-408e-8fb4-5821c13579d6
2023-08-31 10:29:37,821 [main] DEBUG balancer.ContainerBalancerTask (ContainerBalancerTask.java:matchSourceWithTarget(708)) - ContainerBalancer is finding suitable target for source datanode 8c2df178-796c-459f-84ca-f931cb08c52e
2023-08-31 10:29:37,821 [main] INFO  balancer.ContainerBalancerTask (ContainerBalancerTask.java:matchSourceWithTarget(722)) - ContainerBalancer matched source datanode 8c2df178-796c-459f-84ca-f931cb08c52e with target datanode 8dfbe3e3-eb66-4912-a719-b68fba155ec5 for container move.
2023-08-31 10:29:37,821 [main] INFO  balancer.ContainerBalancerTask (ContainerBalancerTask.java:processMoveSelection(569)) - ContainerBalancer is trying to move container #71 with size 3221225472B from source datanode 8c2df178-796c-459f-84ca-f931cb08c52e to target datanode 8dfbe3e3-eb66-4912-a719-b68fba155ec5
2023-08-31 10:29:37,821 [main] DEBUG balancer.ContainerBalancerTask (ContainerBalancerTask.java:lambda$moveContainer$3(837)) - Container move completed for container #71 from source 8c2df178-796c-459f-84ca-f931cb08c52e to target 8dfbe3e3-eb66-4912-a719-b68fba155ec5
2023-08-31 10:29:37,825 [main] DEBUG balancer.ContainerBalancerTask (ContainerBalancerTask.java:matchSourceWithTarget(708)) - ContainerBalancer is finding suitable target for source datanode e20becae-1a69-403c-9ac8-eea0fa549771
2023-08-31 10:29:37,825 [main] INFO  balancer.ContainerBalancerTask (ContainerBalancerTask.java:matchSourceWithTarget(722)) - ContainerBalancer matched source datanode e20becae-1a69-403c-9ac8-eea0fa549771 with target datanode 8dfbe3e3-eb66-4912-a719-b68fba155ec5 for container move.
2023-08-31 10:29:37,825 [main] INFO  balancer.ContainerBalancerTask (ContainerBalancerTask.java:processMoveSelection(569)) - ContainerBalancer is trying to move container #88 with size 3221225472B from source datanode e20becae-1a69-403c-9ac8-eea0fa549771 to target datanode 8dfbe3e3-eb66-4912-a719-b68fba155ec5
2023-08-31 10:29:37,825 [main] DEBUG balancer.ContainerBalancerTask (ContainerBalancerTask.java:lambda$moveContainer$3(837)) - Container move completed for container #88 from source e20becae-1a69-403c-9ac8-eea0fa549771 to target 8dfbe3e3-eb66-4912-a719-b68fba155ec5
2023-08-31 10:29:37,829 [main] DEBUG balancer.ContainerBalancerTask (ContainerBalancerTask.java:matchSourceWithTarget(708)) - ContainerBalancer is finding suitable target for source datanode ff21155e-4987-45c8-9398-acf62682662b
2023-08-31 10:29:37,829 [main] INFO  balancer.ContainerBalancerTask (ContainerBalancerTask.java:matchSourceWithTarget(722)) - ContainerBalancer matched source datanode ff21155e-4987-45c8-9398-acf62682662b with target datanode 8dfbe3e3-eb66-4912-a719-b68fba155ec5 for container move.
2023-08-31 10:29:37,829 [main] INFO  balancer.ContainerBalancerTask (ContainerBalancerTask.java:processMoveSelection(569)) - ContainerBalancer is trying to move container #40 with size 5368709120B from source datanode ff21155e-4987-45c8-9398-acf62682662b to target datanode 8dfbe3e3-eb66-4912-a719-b68fba155ec5
2023-08-31 10:29:37,829 [main] DEBUG balancer.ContainerBalancerTask (ContainerBalancerTask.java:lambda$moveContainer$3(837)) - Container move completed for container #40 from source ff21155e-4987-45c8-9398-acf62682662b to target 8dfbe3e3-eb66-4912-a719-b68fba155ec5
2023-08-31 10:29:37,831 [main] DEBUG balancer.ContainerBalancerTask (ContainerBalancerTask.java:matchSourceWithTarget(708)) - ContainerBalancer is finding suitable target for source datanode cf05c67d-6b9e-40fd-9c3c-5fd0f8b44dbb
2023-08-31 10:29:37,831 [main] INFO  balancer.ContainerBalancerTask (ContainerBalancerTask.java:matchSourceWithTarget(722)) - ContainerBalancer matched source datanode cf05c67d-6b9e-40fd-9c3c-5fd0f8b44dbb with target datanode 8dfbe3e3-eb66-4912-a719-b68fba155ec5 for container move.
2023-08-31 10:29:37,832 [main] INFO  balancer.ContainerBalancerTask (ContainerBalancerTask.java:processMoveSelection(569)) - ContainerBalancer is trying to move container #38 with size 3221225472B from source datanode cf05c67d-6b9e-40fd-9c3c-5fd0f8b44dbb to target datanode 8dfbe3e3-eb66-4912-a719-b68fba155ec5
2023-08-31 10:29:37,832 [main] DEBUG balancer.ContainerBalancerTask (ContainerBalancerTask.java:lambda$moveContainer$3(837)) - Container move completed for container #38 from source cf05c67d-6b9e-40fd-9c3c-5fd0f8b44dbb to target 8dfbe3e3-eb66-4912-a719-b68fba155ec5
2023-08-31 10:29:37,835 [main] DEBUG balancer.ContainerBalancerTask (ContainerBalancerTask.java:matchSourceWithTarget(708)) - ContainerBalancer is finding suitable target for source datanode 8c2df178-796c-459f-84ca-f931cb08c52e
2023-08-31 10:29:37,835 [main] INFO  balancer.ContainerBalancerTask (ContainerBalancerTask.java:matchSourceWithTarget(722)) - ContainerBalancer matched source datanode 8c2df178-796c-459f-84ca-f931cb08c52e with target datanode 8dfbe3e3-eb66-4912-a719-b68fba155ec5 for container move.
2023-08-31 10:29:37,835 [main] INFO  balancer.ContainerBalancerTask (ContainerBalancerTask.java:processMoveSelection(569)) - ContainerBalancer is trying to move container #66 with size 3221225472B from source datanode 8c2df178-796c-459f-84ca-f931cb08c52e to target datanode 8dfbe3e3-eb66-4912-a719-b68fba155ec5
2023-08-31 10:29:37,835 [main] DEBUG balancer.ContainerBalancerTask (ContainerBalancerTask.java:lambda$moveContainer$3(837)) - Container move completed for container #66 from source 8c2df178-796c-459f-84ca-f931cb08c52e to target 8dfbe3e3-eb66-4912-a719-b68fba155ec5
2023-08-31 10:29:37,839 [main] DEBUG balancer.ContainerBalancerTask (ContainerBalancerTask.java:matchSourceWithTarget(708)) - ContainerBalancer is finding suitable target for source datanode e20becae-1a69-403c-9ac8-eea0fa549771
2023-08-31 10:29:37,839 [main] INFO  balancer.ContainerBalancerTask (ContainerBalancerTask.java:matchSourceWithTarget(722)) - ContainerBalancer matched source datanode e20becae-1a69-403c-9ac8-eea0fa549771 with target datanode 8dfbe3e3-eb66-4912-a719-b68fba155ec5 for container move.
2023-08-31 10:29:37,839 [main] INFO  balancer.ContainerBalancerTask (ContainerBalancerTask.java:processMoveSelection(569)) - ContainerBalancer is trying to move container #83 with size 3221225472B from source datanode e20becae-1a69-403c-9ac8-eea0fa549771 to target datanode 8dfbe3e3-eb66-4912-a719-b68fba155ec5
2023-08-31 10:29:37,840 [main] DEBUG balancer.ContainerBalancerTask (ContainerBalancerTask.java:lambda$moveContainer$3(837)) - Container move completed for container #83 from source e20becae-1a69-403c-9ac8-eea0fa549771 to target 8dfbe3e3-eb66-4912-a719-b68fba155ec5
2023-08-31 10:29:37,843 [main] DEBUG balancer.ContainerBalancerTask (ContainerBalancerTask.java:matchSourceWithTarget(708)) - ContainerBalancer is finding suitable target for source datanode ff21155e-4987-45c8-9398-acf62682662b
2023-08-31 10:29:37,844 [main] INFO  balancer.ContainerBalancerTask (ContainerBalancerTask.java:matchSourceWithTarget(722)) - ContainerBalancer matched source datanode ff21155e-4987-45c8-9398-acf62682662b with target datanode 8dfbe3e3-eb66-4912-a719-b68fba155ec5 for container move.
2023-08-31 10:29:37,844 [main] INFO  balancer.ContainerBalancerTask (ContainerBalancerTask.java:processMoveSelection(569)) - ContainerBalancer is trying to move container #52 with size 4294967296B from source datanode ff21155e-4987-45c8-9398-acf62682662b to target datanode 8dfbe3e3-eb66-4912-a719-b68fba155ec5
2023-08-31 10:29:37,844 [main] DEBUG balancer.ContainerBalancerTask (ContainerBalancerTask.java:lambda$moveContainer$3(837)) - Container move completed for container #52 from source ff21155e-4987-45c8-9398-acf62682662b to target 8dfbe3e3-eb66-4912-a719-b68fba155ec5
2023-08-31 10:29:37,844 [main] WARN  balancer.ContainerBalancerTask (ContainerBalancerTask.java:reachedMaxSizeToMovePerIteration(733)) - Reached max size to move limit. 53687091200 bytes have already been scheduled for balancing and the limit is 53687091200 bytes.
2023-08-31 10:29:37,844 [main] INFO  balancer.ContainerBalancerTask (ContainerBalancerTask.java:checkIterationMoveResults(642)) - Iteration Summary. Number of Datanodes involved: 6. Size moved: 50 GB (53687091200 Bytes). Number of Container moves completed: 13.
2023-08-31 10:29:37,844 [main] INFO  balancer.ContainerBalancerTask (ContainerBalancerTask.java:balance(259)) - Result of this iteration of Container Balancer: ITERATION_COMPLETED
2023-08-31 10:29:37,845 [main] INFO  balancer.ContainerBalancerTask (ContainerBalancerTask.java:tryStopWithSaveConfiguration(308)) - Save Configuration for stopping. Reason: Completed all iterations.
]]></system-out>
  </testcase>
  <testcase name="balancerShouldExcludeECContainersWhenLegacyRmIsEnabled" classname="org.apache.hadoop.hdds.scm.container.balancer.TestContainerBalancerTask" time="0.092">
    <system-out><![CDATA[2023-08-31 10:29:37,891 [main] INFO  net.NodeSchemaLoader (NodeSchemaLoader.java:loadSchemaFromFile(129)) - Loading schema from [file:/home/runner/work/ozone/ozone/hadoop-hdds/common/target/classes/network-topology-default.xml]
2023-08-31 10:29:37,891 [main] INFO  net.NodeSchemaLoader (NodeSchemaLoader.java:loadSchema(176)) - Loading network topology layer schema file
2023-08-31 10:29:37,893 [main] INFO  net.NetworkTopologyImpl (NetworkTopologyImpl.java:add(112)) - Added a new node: /default-rack/340234d6-75f7-45f8-aa0f-999debe70b9e
2023-08-31 10:29:37,894 [main] INFO  net.NetworkTopologyImpl (NetworkTopologyImpl.java:add(112)) - Added a new node: /default-rack/16438359-baa7-47c3-b846-7a00b1a3b449
2023-08-31 10:29:37,894 [main] INFO  net.NetworkTopologyImpl (NetworkTopologyImpl.java:add(112)) - Added a new node: /default-rack/d7e1c39b-47ac-445d-855c-eed064def63a
2023-08-31 10:29:37,894 [main] INFO  net.NetworkTopologyImpl (NetworkTopologyImpl.java:add(112)) - Added a new node: /default-rack/f3413ade-5f82-45a7-a16b-288814cea0b2
2023-08-31 10:29:37,894 [main] INFO  net.NetworkTopologyImpl (NetworkTopologyImpl.java:add(112)) - Added a new node: /default-rack/54bf15ff-632f-420b-817f-a98eadaa3c4a
2023-08-31 10:29:37,894 [main] INFO  net.NetworkTopologyImpl (NetworkTopologyImpl.java:add(112)) - Added a new node: /default-rack/d1c5ab06-9a23-4d08-abf7-4863da167f9c
2023-08-31 10:29:37,894 [main] INFO  net.NetworkTopologyImpl (NetworkTopologyImpl.java:add(112)) - Added a new node: /default-rack/17cddeb4-adad-4c24-b24c-b2788c2ece50
2023-08-31 10:29:37,894 [main] INFO  net.NetworkTopologyImpl (NetworkTopologyImpl.java:add(112)) - Added a new node: /default-rack/ea7801dc-2a25-45a4-b12e-b1cca5507f5c
2023-08-31 10:29:37,894 [main] INFO  net.NetworkTopologyImpl (NetworkTopologyImpl.java:add(112)) - Added a new node: /default-rack/a47afad0-0a31-4a8b-a8e9-bbb7f305cbc6
2023-08-31 10:29:37,894 [main] INFO  net.NetworkTopologyImpl (NetworkTopologyImpl.java:add(112)) - Added a new node: /default-rack/b68755f2-e689-41b7-a886-2638d21c9dd7
2023-08-31 10:29:37,895 [main] INFO  algorithms.ContainerPlacementPolicyFactory (ContainerPlacementPolicyFactory.java:getPolicyInternal(86)) - Create container placement policy of type org.apache.hadoop.hdds.scm.container.placement.algorithms.SCMContainerPlacementRackAware
2023-08-31 10:29:37,895 [main] INFO  algorithms.ContainerPlacementPolicyFactory (ContainerPlacementPolicyFactory.java:getPolicyInternal(86)) - Create container placement policy of type org.apache.hadoop.hdds.scm.container.placement.algorithms.SCMContainerPlacementRackScatter
2023-08-31 10:29:37,898 [main] DEBUG balancer.ContainerBalancerTask (ContainerBalancerTask.java:initializeIteration(374)) - Average utilization of the cluster is 0.2996913609382628
2023-08-31 10:29:37,898 [main] DEBUG balancer.ContainerBalancerTask (ContainerBalancerTask.java:initializeIteration(386)) - Lower limit for utilization is 0.1996913609382628 and Upper limit for utilization is 0.39969136093826285
2023-08-31 10:29:37,899 [main] DEBUG balancer.ContainerBalancerTask (ContainerBalancerTask.java:initializeIteration(398)) - Utilization for node ea7801dc-2a25-45a4-b12e-b1cca5507f5c with capacity 68003648853B, used 61203283968B, and remaining 6800364885B is 0.9000000000044115
2023-08-31 10:29:37,899 [main] DEBUG balancer.ContainerBalancerTask (ContainerBalancerTask.java:initializeIteration(398)) - Utilization for node 16438359-baa7-47c3-b846-7a00b1a3b449 with capacity 49660559360B, used 39728447488B, and remaining 9932111872B is 0.8
2023-08-31 10:29:37,899 [main] DEBUG balancer.ContainerBalancerTask (ContainerBalancerTask.java:initializeIteration(398)) - Utilization for node 54bf15ff-632f-420b-817f-a98eadaa3c4a with capacity 81297595245B, used 56908316672B, and remaining 24389278573B is 0.7000000000061503
2023-08-31 10:29:37,899 [main] DEBUG balancer.ContainerBalancerTask (ContainerBalancerTask.java:initializeIteration(398)) - Utilization for node 340234d6-75f7-45f8-aa0f-999debe70b9e with capacity 68003648853B, used 40802189312B, and remaining 27201459541B is 0.6000000000029411
2023-08-31 10:29:37,899 [main] DEBUG balancer.ContainerBalancerTask (ContainerBalancerTask.java:initializeIteration(398)) - Utilization for node f3413ade-5f82-45a7-a16b-288814cea0b2 with capacity 105226698752B, used 52613349376B, and remaining 52613349376B is 0.5
2023-08-31 10:29:37,899 [main] DEBUG balancer.ContainerBalancerTask (ContainerBalancerTask.java:initializeIteration(398)) - Utilization for node 17cddeb4-adad-4c24-b24c-b2788c2ece50 with capacity 85899345920B, used 34359738368B, and remaining 51539607552B is 0.4
2023-08-31 10:29:37,899 [main] DEBUG balancer.ContainerBalancerTask (ContainerBalancerTask.java:initializeIteration(398)) - Utilization for node a47afad0-0a31-4a8b-a8e9-bbb7f305cbc6 with capacity 82320206506B, used 24696061952B, and remaining 57624144554B is 0.30000000000242955
2023-08-31 10:29:37,899 [main] DEBUG balancer.ContainerBalancerTask (ContainerBalancerTask.java:initializeIteration(398)) - Utilization for node b68755f2-e689-41b7-a886-2638d21c9dd7 with capacity 182536110080B, used 36507222016B, and remaining 146028888064B is 0.2
2023-08-31 10:29:37,899 [main] DEBUG balancer.ContainerBalancerTask (ContainerBalancerTask.java:initializeIteration(398)) - Utilization for node d1c5ab06-9a23-4d08-abf7-4863da167f9c with capacity 590558003200B, used 59055800320B, and remaining 531502202880B is 0.1
2023-08-31 10:29:37,900 [main] DEBUG balancer.ContainerBalancerTask (ContainerBalancerTask.java:initializeIteration(398)) - Utilization for node d7e1c39b-47ac-445d-855c-eed064def63a with capacity 40802189312B, used 0B, and remaining 40802189312B is 0.0
2023-08-31 10:29:37,900 [main] INFO  balancer.ContainerBalancerTask (ContainerBalancerTask.java:initializeIteration(447)) - Container Balancer has identified 6 Over-Utilized and 2 Under-Utilized Datanodes that need to be balanced.
2023-08-31 10:29:37,900 [main] DEBUG balancer.ContainerBalancerTask (ContainerBalancerTask.java:lambda$initializeIteration$1(453)) - Datanode localhost-47.107.206.227 ea7801dc-2a25-45a4-b12e-b1cca5507f5c is Over-Utilized.
2023-08-31 10:29:37,900 [main] DEBUG balancer.ContainerBalancerTask (ContainerBalancerTask.java:lambda$initializeIteration$1(453)) - Datanode localhost-216.128.195.249 16438359-baa7-47c3-b846-7a00b1a3b449 is Over-Utilized.
2023-08-31 10:29:37,900 [main] DEBUG balancer.ContainerBalancerTask (ContainerBalancerTask.java:lambda$initializeIteration$1(453)) - Datanode localhost-7.197.65.183 54bf15ff-632f-420b-817f-a98eadaa3c4a is Over-Utilized.
2023-08-31 10:29:37,900 [main] DEBUG balancer.ContainerBalancerTask (ContainerBalancerTask.java:lambda$initializeIteration$1(453)) - Datanode localhost-117.58.133.39 340234d6-75f7-45f8-aa0f-999debe70b9e is Over-Utilized.
2023-08-31 10:29:37,900 [main] DEBUG balancer.ContainerBalancerTask (ContainerBalancerTask.java:lambda$initializeIteration$1(453)) - Datanode localhost-33.237.54.208 f3413ade-5f82-45a7-a16b-288814cea0b2 is Over-Utilized.
2023-08-31 10:29:37,900 [main] DEBUG balancer.ContainerBalancerTask (ContainerBalancerTask.java:lambda$initializeIteration$1(453)) - Datanode localhost-10.95.151.121 17cddeb4-adad-4c24-b24c-b2788c2ece50 is Over-Utilized.
2023-08-31 10:29:37,900 [main] DEBUG balancer.ContainerBalancerTask (ContainerBalancerTask.java:lambda$initializeIteration$2(459)) - Datanode localhost-233.207.65.142 d7e1c39b-47ac-445d-855c-eed064def63a is Under-Utilized.
2023-08-31 10:29:37,901 [main] DEBUG balancer.ContainerBalancerTask (ContainerBalancerTask.java:lambda$initializeIteration$2(459)) - Datanode localhost-52.10.223.102 d1c5ab06-9a23-4d08-abf7-4863da167f9c is Under-Utilized.
2023-08-31 10:29:37,904 [main] DEBUG balancer.ContainerBalancerTask (ContainerBalancerTask.java:matchSourceWithTarget(708)) - ContainerBalancer is finding suitable target for source datanode ea7801dc-2a25-45a4-b12e-b1cca5507f5c
2023-08-31 10:29:37,904 [main] INFO  balancer.ContainerBalancerTask (ContainerBalancerTask.java:matchSourceWithTarget(722)) - ContainerBalancer matched source datanode ea7801dc-2a25-45a4-b12e-b1cca5507f5c with target datanode d7e1c39b-47ac-445d-855c-eed064def63a for container move.
2023-08-31 10:29:37,904 [main] INFO  balancer.ContainerBalancerTask (ContainerBalancerTask.java:processMoveSelection(569)) - ContainerBalancer is trying to move container #84 with size 4294967296B from source datanode ea7801dc-2a25-45a4-b12e-b1cca5507f5c to target datanode d7e1c39b-47ac-445d-855c-eed064def63a
2023-08-31 10:29:37,905 [main] DEBUG balancer.ContainerBalancerTask (ContainerBalancerTask.java:lambda$moveContainer$3(837)) - Container move completed for container #84 from source ea7801dc-2a25-45a4-b12e-b1cca5507f5c to target d7e1c39b-47ac-445d-855c-eed064def63a
2023-08-31 10:29:37,908 [main] DEBUG balancer.ContainerBalancerTask (ContainerBalancerTask.java:matchSourceWithTarget(708)) - ContainerBalancer is finding suitable target for source datanode ea7801dc-2a25-45a4-b12e-b1cca5507f5c
2023-08-31 10:29:37,908 [main] INFO  balancer.ContainerBalancerTask (ContainerBalancerTask.java:matchSourceWithTarget(722)) - ContainerBalancer matched source datanode ea7801dc-2a25-45a4-b12e-b1cca5507f5c with target datanode d1c5ab06-9a23-4d08-abf7-4863da167f9c for container move.
2023-08-31 10:29:37,908 [main] INFO  balancer.ContainerBalancerTask (ContainerBalancerTask.java:processMoveSelection(569)) - ContainerBalancer is trying to move container #28 with size 4294967296B from source datanode ea7801dc-2a25-45a4-b12e-b1cca5507f5c to target datanode d1c5ab06-9a23-4d08-abf7-4863da167f9c
2023-08-31 10:29:37,909 [main] DEBUG balancer.ContainerBalancerTask (ContainerBalancerTask.java:lambda$moveContainer$3(837)) - Container move completed for container #28 from source ea7801dc-2a25-45a4-b12e-b1cca5507f5c to target d1c5ab06-9a23-4d08-abf7-4863da167f9c
2023-08-31 10:29:37,911 [main] DEBUG balancer.ContainerBalancerTask (ContainerBalancerTask.java:matchSourceWithTarget(708)) - ContainerBalancer is finding suitable target for source datanode 16438359-baa7-47c3-b846-7a00b1a3b449
2023-08-31 10:29:37,911 [main] INFO  balancer.ContainerBalancerTask (ContainerBalancerTask.java:matchSourceWithTarget(722)) - ContainerBalancer matched source datanode 16438359-baa7-47c3-b846-7a00b1a3b449 with target datanode d7e1c39b-47ac-445d-855c-eed064def63a for container move.
2023-08-31 10:29:37,911 [main] INFO  balancer.ContainerBalancerTask (ContainerBalancerTask.java:processMoveSelection(569)) - ContainerBalancer is trying to move container #68 with size 5368709120B from source datanode 16438359-baa7-47c3-b846-7a00b1a3b449 to target datanode d7e1c39b-47ac-445d-855c-eed064def63a
2023-08-31 10:29:37,911 [main] DEBUG balancer.ContainerBalancerTask (ContainerBalancerTask.java:lambda$moveContainer$3(837)) - Container move completed for container #68 from source 16438359-baa7-47c3-b846-7a00b1a3b449 to target d7e1c39b-47ac-445d-855c-eed064def63a
2023-08-31 10:29:37,915 [main] DEBUG balancer.ContainerBalancerTask (ContainerBalancerTask.java:matchSourceWithTarget(708)) - ContainerBalancer is finding suitable target for source datanode ea7801dc-2a25-45a4-b12e-b1cca5507f5c
2023-08-31 10:29:37,915 [main] INFO  balancer.ContainerBalancerTask (ContainerBalancerTask.java:matchSourceWithTarget(722)) - ContainerBalancer matched source datanode ea7801dc-2a25-45a4-b12e-b1cca5507f5c with target datanode d1c5ab06-9a23-4d08-abf7-4863da167f9c for container move.
2023-08-31 10:29:37,915 [main] INFO  balancer.ContainerBalancerTask (ContainerBalancerTask.java:processMoveSelection(569)) - ContainerBalancer is trying to move container #66 with size 3221225472B from source datanode ea7801dc-2a25-45a4-b12e-b1cca5507f5c to target datanode d1c5ab06-9a23-4d08-abf7-4863da167f9c
2023-08-31 10:29:37,915 [main] DEBUG balancer.ContainerBalancerTask (ContainerBalancerTask.java:lambda$moveContainer$3(837)) - Container move completed for container #66 from source ea7801dc-2a25-45a4-b12e-b1cca5507f5c to target d1c5ab06-9a23-4d08-abf7-4863da167f9c
2023-08-31 10:29:37,919 [main] DEBUG balancer.ContainerBalancerTask (ContainerBalancerTask.java:matchSourceWithTarget(708)) - ContainerBalancer is finding suitable target for source datanode ea7801dc-2a25-45a4-b12e-b1cca5507f5c
2023-08-31 10:29:37,919 [main] INFO  balancer.ContainerBalancerTask (ContainerBalancerTask.java:matchSourceWithTarget(722)) - ContainerBalancer matched source datanode ea7801dc-2a25-45a4-b12e-b1cca5507f5c with target datanode d1c5ab06-9a23-4d08-abf7-4863da167f9c for container move.
2023-08-31 10:29:37,919 [main] INFO  balancer.ContainerBalancerTask (ContainerBalancerTask.java:processMoveSelection(569)) - ContainerBalancer is trying to move container #10 with size 2147483648B from source datanode ea7801dc-2a25-45a4-b12e-b1cca5507f5c to target datanode d1c5ab06-9a23-4d08-abf7-4863da167f9c
2023-08-31 10:29:37,919 [main] DEBUG balancer.ContainerBalancerTask (ContainerBalancerTask.java:lambda$moveContainer$3(837)) - Container move completed for container #10 from source ea7801dc-2a25-45a4-b12e-b1cca5507f5c to target d1c5ab06-9a23-4d08-abf7-4863da167f9c
2023-08-31 10:29:37,923 [main] DEBUG balancer.ContainerBalancerTask (ContainerBalancerTask.java:matchSourceWithTarget(708)) - ContainerBalancer is finding suitable target for source datanode 54bf15ff-632f-420b-817f-a98eadaa3c4a
2023-08-31 10:29:37,923 [main] INFO  balancer.ContainerBalancerTask (ContainerBalancerTask.java:matchSourceWithTarget(722)) - ContainerBalancer matched source datanode 54bf15ff-632f-420b-817f-a98eadaa3c4a with target datanode d1c5ab06-9a23-4d08-abf7-4863da167f9c for container move.
2023-08-31 10:29:37,923 [main] INFO  balancer.ContainerBalancerTask (ContainerBalancerTask.java:processMoveSelection(569)) - ContainerBalancer is trying to move container #54 with size 1073741824B from source datanode 54bf15ff-632f-420b-817f-a98eadaa3c4a to target datanode d1c5ab06-9a23-4d08-abf7-4863da167f9c
2023-08-31 10:29:37,924 [main] DEBUG balancer.ContainerBalancerTask (ContainerBalancerTask.java:lambda$moveContainer$3(837)) - Container move completed for container #54 from source 54bf15ff-632f-420b-817f-a98eadaa3c4a to target d1c5ab06-9a23-4d08-abf7-4863da167f9c
2023-08-31 10:29:37,928 [main] DEBUG balancer.ContainerBalancerTask (ContainerBalancerTask.java:matchSourceWithTarget(708)) - ContainerBalancer is finding suitable target for source datanode ea7801dc-2a25-45a4-b12e-b1cca5507f5c
2023-08-31 10:29:37,929 [main] INFO  balancer.ContainerBalancerTask (ContainerBalancerTask.java:matchSourceWithTarget(722)) - ContainerBalancer matched source datanode ea7801dc-2a25-45a4-b12e-b1cca5507f5c with target datanode d7e1c39b-47ac-445d-855c-eed064def63a for container move.
2023-08-31 10:29:37,929 [main] INFO  balancer.ContainerBalancerTask (ContainerBalancerTask.java:processMoveSelection(569)) - ContainerBalancer is trying to move container #86 with size 1073741824B from source datanode ea7801dc-2a25-45a4-b12e-b1cca5507f5c to target datanode d7e1c39b-47ac-445d-855c-eed064def63a
2023-08-31 10:29:37,929 [main] DEBUG balancer.ContainerBalancerTask (ContainerBalancerTask.java:lambda$moveContainer$3(837)) - Container move completed for container #86 from source ea7801dc-2a25-45a4-b12e-b1cca5507f5c to target d7e1c39b-47ac-445d-855c-eed064def63a
2023-08-31 10:29:37,932 [main] DEBUG balancer.ContainerBalancerTask (ContainerBalancerTask.java:matchSourceWithTarget(708)) - ContainerBalancer is finding suitable target for source datanode 16438359-baa7-47c3-b846-7a00b1a3b449
2023-08-31 10:29:37,932 [main] INFO  balancer.FindTargetGreedyByUsageInfo (AbstractFindTargetGreedy.java:findTargetForContainerMove(133)) - Container Balancer could not find a target for source datanode 16438359-baa7-47c3-b846-7a00b1a3b449
2023-08-31 10:29:37,932 [main] DEBUG balancer.ContainerBalancerTask (ContainerBalancerTask.java:matchSourceWithTarget(717)) - ContainerBalancer could not find a suitable target for source node 16438359-baa7-47c3-b846-7a00b1a3b449.
2023-08-31 10:29:37,936 [main] DEBUG balancer.ContainerBalancerTask (ContainerBalancerTask.java:matchSourceWithTarget(708)) - ContainerBalancer is finding suitable target for source datanode 54bf15ff-632f-420b-817f-a98eadaa3c4a
2023-08-31 10:29:37,936 [main] INFO  balancer.FindTargetGreedyByUsageInfo (AbstractFindTargetGreedy.java:findTargetForContainerMove(133)) - Container Balancer could not find a target for source datanode 54bf15ff-632f-420b-817f-a98eadaa3c4a
2023-08-31 10:29:37,936 [main] DEBUG balancer.ContainerBalancerTask (ContainerBalancerTask.java:matchSourceWithTarget(717)) - ContainerBalancer could not find a suitable target for source node 54bf15ff-632f-420b-817f-a98eadaa3c4a.
2023-08-31 10:29:37,940 [main] DEBUG balancer.ContainerBalancerTask (ContainerBalancerTask.java:matchSourceWithTarget(708)) - ContainerBalancer is finding suitable target for source datanode ea7801dc-2a25-45a4-b12e-b1cca5507f5c
2023-08-31 10:29:37,941 [main] INFO  balancer.FindTargetGreedyByUsageInfo (AbstractFindTargetGreedy.java:findTargetForContainerMove(133)) - Container Balancer could not find a target for source datanode ea7801dc-2a25-45a4-b12e-b1cca5507f5c
2023-08-31 10:29:37,941 [main] DEBUG balancer.ContainerBalancerTask (ContainerBalancerTask.java:matchSourceWithTarget(717)) - ContainerBalancer could not find a suitable target for source node ea7801dc-2a25-45a4-b12e-b1cca5507f5c.
2023-08-31 10:29:37,944 [main] DEBUG balancer.ContainerBalancerTask (ContainerBalancerTask.java:matchSourceWithTarget(708)) - ContainerBalancer is finding suitable target for source datanode 340234d6-75f7-45f8-aa0f-999debe70b9e
2023-08-31 10:29:37,945 [main] INFO  balancer.FindTargetGreedyByUsageInfo (AbstractFindTargetGreedy.java:findTargetForContainerMove(133)) - Container Balancer could not find a target for source datanode 340234d6-75f7-45f8-aa0f-999debe70b9e
2023-08-31 10:29:37,945 [main] DEBUG balancer.ContainerBalancerTask (ContainerBalancerTask.java:matchSourceWithTarget(717)) - ContainerBalancer could not find a suitable target for source node 340234d6-75f7-45f8-aa0f-999debe70b9e.
2023-08-31 10:29:37,948 [main] DEBUG balancer.ContainerBalancerTask (ContainerBalancerTask.java:matchSourceWithTarget(708)) - ContainerBalancer is finding suitable target for source datanode f3413ade-5f82-45a7-a16b-288814cea0b2
2023-08-31 10:29:37,948 [main] INFO  balancer.FindTargetGreedyByUsageInfo (AbstractFindTargetGreedy.java:findTargetForContainerMove(133)) - Container Balancer could not find a target for source datanode f3413ade-5f82-45a7-a16b-288814cea0b2
2023-08-31 10:29:37,948 [main] DEBUG balancer.ContainerBalancerTask (ContainerBalancerTask.java:matchSourceWithTarget(717)) - ContainerBalancer could not find a suitable target for source node f3413ade-5f82-45a7-a16b-288814cea0b2.
2023-08-31 10:29:37,951 [main] DEBUG balancer.ContainerBalancerTask (ContainerBalancerTask.java:matchSourceWithTarget(708)) - ContainerBalancer is finding suitable target for source datanode 17cddeb4-adad-4c24-b24c-b2788c2ece50
2023-08-31 10:29:37,952 [main] INFO  balancer.FindTargetGreedyByUsageInfo (AbstractFindTargetGreedy.java:findTargetForContainerMove(133)) - Container Balancer could not find a target for source datanode 17cddeb4-adad-4c24-b24c-b2788c2ece50
2023-08-31 10:29:37,952 [main] DEBUG balancer.ContainerBalancerTask (ContainerBalancerTask.java:matchSourceWithTarget(717)) - ContainerBalancer could not find a suitable target for source node 17cddeb4-adad-4c24-b24c-b2788c2ece50.
2023-08-31 10:29:37,952 [main] INFO  balancer.FindSourceGreedy (FindSourceGreedy.java:getNextCandidateSourceDataNode(126)) - no more candidate source data node
2023-08-31 10:29:37,952 [main] INFO  balancer.ContainerBalancerTask (ContainerBalancerTask.java:checkIterationMoveResults(642)) - Iteration Summary. Number of Datanodes involved: 5. Size moved: 20 GB (21474836480 Bytes). Number of Container moves completed: 7.
2023-08-31 10:29:37,952 [main] INFO  balancer.ContainerBalancerTask (ContainerBalancerTask.java:balance(259)) - Result of this iteration of Container Balancer: ITERATION_COMPLETED
2023-08-31 10:29:37,953 [main] INFO  balancer.ContainerBalancerTask (ContainerBalancerTask.java:tryStopWithSaveConfiguration(308)) - Save Configuration for stopping. Reason: Completed all iterations.
]]></system-out>
  </testcase>
  <testcase name="testMetrics" classname="org.apache.hadoop.hdds.scm.container.balancer.TestContainerBalancerTask" time="0.074">
    <system-out><![CDATA[2023-08-31 10:29:37,992 [main] INFO  net.NodeSchemaLoader (NodeSchemaLoader.java:loadSchemaFromFile(129)) - Loading schema from [file:/home/runner/work/ozone/ozone/hadoop-hdds/common/target/classes/network-topology-default.xml]
2023-08-31 10:29:37,992 [main] INFO  net.NodeSchemaLoader (NodeSchemaLoader.java:loadSchema(176)) - Loading network topology layer schema file
2023-08-31 10:29:37,996 [main] INFO  net.NetworkTopologyImpl (NetworkTopologyImpl.java:add(112)) - Added a new node: /default-rack/4e7b3f01-3714-4e52-bbf2-597bcbc6ba70
2023-08-31 10:29:37,997 [main] INFO  net.NetworkTopologyImpl (NetworkTopologyImpl.java:add(112)) - Added a new node: /default-rack/fa270d9f-d649-40a2-8781-cee3fcf2f926
2023-08-31 10:29:37,997 [main] INFO  net.NetworkTopologyImpl (NetworkTopologyImpl.java:add(112)) - Added a new node: /default-rack/3efc1e5f-d602-49b7-8c81-f00fe5ab958a
2023-08-31 10:29:37,997 [main] INFO  net.NetworkTopologyImpl (NetworkTopologyImpl.java:add(112)) - Added a new node: /default-rack/36433a36-ad23-4c1c-97ec-f71380d134dd
2023-08-31 10:29:37,997 [main] INFO  net.NetworkTopologyImpl (NetworkTopologyImpl.java:add(112)) - Added a new node: /default-rack/91186d11-4694-490b-a9ac-3a0011f10841
2023-08-31 10:29:37,997 [main] INFO  net.NetworkTopologyImpl (NetworkTopologyImpl.java:add(112)) - Added a new node: /default-rack/686118a6-7a76-4d88-80ba-b9c081e67c6f
2023-08-31 10:29:37,997 [main] INFO  net.NetworkTopologyImpl (NetworkTopologyImpl.java:add(112)) - Added a new node: /default-rack/00d1c218-f41c-482b-b72e-47557281504f
2023-08-31 10:29:37,997 [main] INFO  net.NetworkTopologyImpl (NetworkTopologyImpl.java:add(112)) - Added a new node: /default-rack/f991ba2e-8512-44eb-a7b0-c3569a76407a
2023-08-31 10:29:37,997 [main] INFO  net.NetworkTopologyImpl (NetworkTopologyImpl.java:add(112)) - Added a new node: /default-rack/0786f545-fe1e-4b77-9b38-4b87302e90e6
2023-08-31 10:29:37,998 [main] INFO  net.NetworkTopologyImpl (NetworkTopologyImpl.java:add(112)) - Added a new node: /default-rack/e462edca-9bfd-4f58-9b52-994504b8508c
2023-08-31 10:29:37,998 [main] INFO  algorithms.ContainerPlacementPolicyFactory (ContainerPlacementPolicyFactory.java:getPolicyInternal(86)) - Create container placement policy of type org.apache.hadoop.hdds.scm.container.placement.algorithms.SCMContainerPlacementRackAware
2023-08-31 10:29:37,998 [main] INFO  algorithms.ContainerPlacementPolicyFactory (ContainerPlacementPolicyFactory.java:getPolicyInternal(86)) - Create container placement policy of type org.apache.hadoop.hdds.scm.container.placement.algorithms.SCMContainerPlacementRackScatter
2023-08-31 10:29:38,009 [main] DEBUG balancer.ContainerBalancerTask (ContainerBalancerTask.java:initializeIteration(374)) - Average utilization of the cluster is 0.35585362697324335
2023-08-31 10:29:38,009 [main] DEBUG balancer.ContainerBalancerTask (ContainerBalancerTask.java:initializeIteration(386)) - Lower limit for utilization is 0.2558536269732433 and Upper limit for utilization is 0.4558536269732434
2023-08-31 10:29:38,009 [main] DEBUG balancer.ContainerBalancerTask (ContainerBalancerTask.java:initializeIteration(398)) - Utilization for node 686118a6-7a76-4d88-80ba-b9c081e67c6f with capacity 72775834737B, used 65498251264B, and remaining 7277583473B is 0.9000000000096186
2023-08-31 10:29:38,009 [main] DEBUG balancer.ContainerBalancerTask (ContainerBalancerTask.java:initializeIteration(398)) - Utilization for node 0786f545-fe1e-4b77-9b38-4b87302e90e6 with capacity 67108864000B, used 53687091200B, and remaining 13421772800B is 0.8
2023-08-31 10:29:38,010 [main] DEBUG balancer.ContainerBalancerTask (ContainerBalancerTask.java:initializeIteration(398)) - Utilization for node 00d1c218-f41c-482b-b72e-47557281504f with capacity 79763678354B, used 55834574848B, and remaining 23929103506B is 0.7000000000025074
2023-08-31 10:29:38,010 [main] DEBUG balancer.ContainerBalancerTask (ContainerBalancerTask.java:initializeIteration(398)) - Utilization for node 4e7b3f01-3714-4e52-bbf2-597bcbc6ba70 with capacity 62634939733B, used 37580963840B, and remaining 25053975893B is 0.6000000000031931
2023-08-31 10:29:38,010 [main] DEBUG balancer.ContainerBalancerTask (ContainerBalancerTask.java:initializeIteration(398)) - Utilization for node e462edca-9bfd-4f58-9b52-994504b8508c with capacity 57982058496B, used 28991029248B, and remaining 28991029248B is 0.5
2023-08-31 10:29:38,010 [main] DEBUG balancer.ContainerBalancerTask (ContainerBalancerTask.java:initializeIteration(398)) - Utilization for node fa270d9f-d649-40a2-8781-cee3fcf2f926 with capacity 112742891520B, used 45097156608B, and remaining 67645734912B is 0.4
2023-08-31 10:29:38,010 [main] DEBUG balancer.ContainerBalancerTask (ContainerBalancerTask.java:initializeIteration(398)) - Utilization for node 91186d11-4694-490b-a9ac-3a0011f10841 with capacity 103795042986B, used 31138512896B, and remaining 72656530090B is 0.3000000000019269
2023-08-31 10:29:38,010 [main] DEBUG balancer.ContainerBalancerTask (ContainerBalancerTask.java:initializeIteration(398)) - Utilization for node f991ba2e-8512-44eb-a7b0-c3569a76407a with capacity 273804165120B, used 54760833024B, and remaining 219043332096B is 0.2
2023-08-31 10:29:38,010 [main] DEBUG balancer.ContainerBalancerTask (ContainerBalancerTask.java:initializeIteration(398)) - Utilization for node 36433a36-ad23-4c1c-97ec-f71380d134dd with capacity 257698037760B, used 25769803776B, and remaining 231928233984B is 0.1
2023-08-31 10:29:38,010 [main] DEBUG balancer.ContainerBalancerTask (ContainerBalancerTask.java:initializeIteration(398)) - Utilization for node 3efc1e5f-d602-49b7-8c81-f00fe5ab958a with capacity 31138512896B, used 0B, and remaining 31138512896B is 0.0
2023-08-31 10:29:38,010 [main] INFO  balancer.ContainerBalancerTask (ContainerBalancerTask.java:initializeIteration(447)) - Container Balancer has identified 5 Over-Utilized and 3 Under-Utilized Datanodes that need to be balanced.
2023-08-31 10:29:38,011 [main] DEBUG balancer.ContainerBalancerTask (ContainerBalancerTask.java:lambda$initializeIteration$1(453)) - Datanode localhost-161.174.84.232 686118a6-7a76-4d88-80ba-b9c081e67c6f is Over-Utilized.
2023-08-31 10:29:38,011 [main] DEBUG balancer.ContainerBalancerTask (ContainerBalancerTask.java:lambda$initializeIteration$1(453)) - Datanode localhost-34.16.6.152 0786f545-fe1e-4b77-9b38-4b87302e90e6 is Over-Utilized.
2023-08-31 10:29:38,011 [main] DEBUG balancer.ContainerBalancerTask (ContainerBalancerTask.java:lambda$initializeIteration$1(453)) - Datanode localhost-166.106.243.182 00d1c218-f41c-482b-b72e-47557281504f is Over-Utilized.
2023-08-31 10:29:38,011 [main] DEBUG balancer.ContainerBalancerTask (ContainerBalancerTask.java:lambda$initializeIteration$1(453)) - Datanode localhost-81.247.31.141 4e7b3f01-3714-4e52-bbf2-597bcbc6ba70 is Over-Utilized.
2023-08-31 10:29:38,011 [main] DEBUG balancer.ContainerBalancerTask (ContainerBalancerTask.java:lambda$initializeIteration$1(453)) - Datanode localhost-66.25.35.118 e462edca-9bfd-4f58-9b52-994504b8508c is Over-Utilized.
2023-08-31 10:29:38,011 [main] DEBUG balancer.ContainerBalancerTask (ContainerBalancerTask.java:lambda$initializeIteration$2(459)) - Datanode localhost-191.129.197.95 3efc1e5f-d602-49b7-8c81-f00fe5ab958a is Under-Utilized.
2023-08-31 10:29:38,011 [main] DEBUG balancer.ContainerBalancerTask (ContainerBalancerTask.java:lambda$initializeIteration$2(459)) - Datanode localhost-243.234.164.164 36433a36-ad23-4c1c-97ec-f71380d134dd is Under-Utilized.
2023-08-31 10:29:38,011 [main] DEBUG balancer.ContainerBalancerTask (ContainerBalancerTask.java:lambda$initializeIteration$2(459)) - Datanode localhost-100.66.10.118 f991ba2e-8512-44eb-a7b0-c3569a76407a is Under-Utilized.
2023-08-31 10:29:38,015 [main] DEBUG balancer.ContainerBalancerTask (ContainerBalancerTask.java:matchSourceWithTarget(708)) - ContainerBalancer is finding suitable target for source datanode 686118a6-7a76-4d88-80ba-b9c081e67c6f
2023-08-31 10:29:38,016 [main] INFO  balancer.ContainerBalancerTask (ContainerBalancerTask.java:matchSourceWithTarget(722)) - ContainerBalancer matched source datanode 686118a6-7a76-4d88-80ba-b9c081e67c6f with target datanode 3efc1e5f-d602-49b7-8c81-f00fe5ab958a for container move.
2023-08-31 10:29:38,017 [main] INFO  balancer.ContainerBalancerTask (ContainerBalancerTask.java:processMoveSelection(569)) - ContainerBalancer is trying to move container #85 with size 5368709120B from source datanode 686118a6-7a76-4d88-80ba-b9c081e67c6f to target datanode 3efc1e5f-d602-49b7-8c81-f00fe5ab958a
2023-08-31 10:29:38,017 [main] WARN  balancer.ContainerBalancerTask (ContainerBalancerTask.java:lambda$moveContainer$3(842)) - Container move for container #85 from source 686118a6-7a76-4d88-80ba-b9c081e67c6f to target 3efc1e5f-d602-49b7-8c81-f00fe5ab958a failed: REPLICATION_FAIL_NODE_UNHEALTHY
2023-08-31 10:29:38,020 [main] DEBUG balancer.ContainerBalancerTask (ContainerBalancerTask.java:matchSourceWithTarget(708)) - ContainerBalancer is finding suitable target for source datanode 0786f545-fe1e-4b77-9b38-4b87302e90e6
2023-08-31 10:29:38,021 [main] INFO  balancer.ContainerBalancerTask (ContainerBalancerTask.java:matchSourceWithTarget(722)) - ContainerBalancer matched source datanode 0786f545-fe1e-4b77-9b38-4b87302e90e6 with target datanode 3efc1e5f-d602-49b7-8c81-f00fe5ab958a for container move.
2023-08-31 10:29:38,021 [main] INFO  balancer.ContainerBalancerTask (ContainerBalancerTask.java:processMoveSelection(569)) - ContainerBalancer is trying to move container #68 with size 5368709120B from source datanode 0786f545-fe1e-4b77-9b38-4b87302e90e6 to target datanode 3efc1e5f-d602-49b7-8c81-f00fe5ab958a
2023-08-31 10:29:38,021 [main] DEBUG balancer.ContainerBalancerTask (ContainerBalancerTask.java:lambda$moveContainer$3(837)) - Container move completed for container #68 from source 0786f545-fe1e-4b77-9b38-4b87302e90e6 to target 3efc1e5f-d602-49b7-8c81-f00fe5ab958a
2023-08-31 10:29:38,027 [main] DEBUG balancer.ContainerBalancerTask (ContainerBalancerTask.java:matchSourceWithTarget(708)) - ContainerBalancer is finding suitable target for source datanode 0786f545-fe1e-4b77-9b38-4b87302e90e6
2023-08-31 10:29:38,027 [main] INFO  balancer.ContainerBalancerTask (ContainerBalancerTask.java:matchSourceWithTarget(722)) - ContainerBalancer matched source datanode 0786f545-fe1e-4b77-9b38-4b87302e90e6 with target datanode 36433a36-ad23-4c1c-97ec-f71380d134dd for container move.
2023-08-31 10:29:38,028 [main] INFO  balancer.ContainerBalancerTask (ContainerBalancerTask.java:processMoveSelection(569)) - ContainerBalancer is trying to move container #64 with size 1073741824B from source datanode 0786f545-fe1e-4b77-9b38-4b87302e90e6 to target datanode 36433a36-ad23-4c1c-97ec-f71380d134dd
2023-08-31 10:29:38,028 [main] DEBUG balancer.ContainerBalancerTask (ContainerBalancerTask.java:lambda$moveContainer$3(837)) - Container move completed for container #64 from source 0786f545-fe1e-4b77-9b38-4b87302e90e6 to target 36433a36-ad23-4c1c-97ec-f71380d134dd
2023-08-31 10:29:38,028 [main] WARN  balancer.ContainerBalancerTask (ContainerBalancerTask.java:reachedMaxSizeToMovePerIteration(733)) - Reached max size to move limit. 6442450944 bytes have already been scheduled for balancing and the limit is 6442450944 bytes.
2023-08-31 10:29:38,028 [main] INFO  balancer.ContainerBalancerTask (ContainerBalancerTask.java:checkIterationMoveResults(642)) - Iteration Summary. Number of Datanodes involved: 3. Size moved: 6 GB (6442450944 Bytes). Number of Container moves completed: 2.
2023-08-31 10:29:38,028 [main] INFO  balancer.ContainerBalancerTask (ContainerBalancerTask.java:balance(259)) - Result of this iteration of Container Balancer: ITERATION_COMPLETED
2023-08-31 10:29:38,028 [main] INFO  balancer.ContainerBalancerTask (ContainerBalancerTask.java:tryStopWithSaveConfiguration(308)) - Save Configuration for stopping. Reason: Completed all iterations.
]]></system-out>
  </testcase>
  <testcase name="balancerShouldNotSelectConfiguredExcludeContainers" classname="org.apache.hadoop.hdds.scm.container.balancer.TestContainerBalancerTask" time="0.122">
    <system-out><![CDATA[2023-08-31 10:29:38,067 [main] INFO  net.NodeSchemaLoader (NodeSchemaLoader.java:loadSchemaFromFile(129)) - Loading schema from [file:/home/runner/work/ozone/ozone/hadoop-hdds/common/target/classes/network-topology-default.xml]
2023-08-31 10:29:38,067 [main] INFO  net.NodeSchemaLoader (NodeSchemaLoader.java:loadSchema(176)) - Loading network topology layer schema file
2023-08-31 10:29:38,070 [main] INFO  net.NetworkTopologyImpl (NetworkTopologyImpl.java:add(112)) - Added a new node: /default-rack/cd414ef5-e45d-41c8-b9f6-8e1313dee00a
2023-08-31 10:29:38,070 [main] INFO  net.NetworkTopologyImpl (NetworkTopologyImpl.java:add(112)) - Added a new node: /default-rack/62777186-93a9-4bce-bd49-d9afe8d76dc3
2023-08-31 10:29:38,070 [main] INFO  net.NetworkTopologyImpl (NetworkTopologyImpl.java:add(112)) - Added a new node: /default-rack/6765701d-7f6a-4e4d-b391-9e9e10db458d
2023-08-31 10:29:38,070 [main] INFO  net.NetworkTopologyImpl (NetworkTopologyImpl.java:add(112)) - Added a new node: /default-rack/b8980eed-1650-432e-bfd7-20188780945c
2023-08-31 10:29:38,070 [main] INFO  net.NetworkTopologyImpl (NetworkTopologyImpl.java:add(112)) - Added a new node: /default-rack/950c494a-ed79-4007-a491-feb4b8030754
2023-08-31 10:29:38,070 [main] INFO  net.NetworkTopologyImpl (NetworkTopologyImpl.java:add(112)) - Added a new node: /default-rack/4c6a0f55-60af-4148-b7a1-1f9c98a2b88d
2023-08-31 10:29:38,070 [main] INFO  net.NetworkTopologyImpl (NetworkTopologyImpl.java:add(112)) - Added a new node: /default-rack/d3a2b826-602a-447c-b9ff-7789ac2d2e92
2023-08-31 10:29:38,070 [main] INFO  net.NetworkTopologyImpl (NetworkTopologyImpl.java:add(112)) - Added a new node: /default-rack/755c8e5d-0c37-4288-b999-eb54c816dc8e
2023-08-31 10:29:38,071 [main] INFO  net.NetworkTopologyImpl (NetworkTopologyImpl.java:add(112)) - Added a new node: /default-rack/399ba1f3-fd83-4246-b701-2bbfae72f68c
2023-08-31 10:29:38,071 [main] INFO  net.NetworkTopologyImpl (NetworkTopologyImpl.java:add(112)) - Added a new node: /default-rack/f32d117f-3be2-4264-b726-f6773c997c31
2023-08-31 10:29:38,071 [main] INFO  algorithms.ContainerPlacementPolicyFactory (ContainerPlacementPolicyFactory.java:getPolicyInternal(86)) - Create container placement policy of type org.apache.hadoop.hdds.scm.container.placement.algorithms.SCMContainerPlacementRackAware
2023-08-31 10:29:38,071 [main] INFO  algorithms.ContainerPlacementPolicyFactory (ContainerPlacementPolicyFactory.java:getPolicyInternal(86)) - Create container placement policy of type org.apache.hadoop.hdds.scm.container.placement.algorithms.SCMContainerPlacementRackScatter
2023-08-31 10:29:38,079 [main] DEBUG balancer.ContainerBalancerTask (ContainerBalancerTask.java:initializeIteration(374)) - Average utilization of the cluster is 0.35121693587458924
2023-08-31 10:29:38,080 [main] DEBUG balancer.ContainerBalancerTask (ContainerBalancerTask.java:initializeIteration(386)) - Lower limit for utilization is 0.25121693587458926 and Upper limit for utilization is 0.4512169358745892
2023-08-31 10:29:38,080 [main] DEBUG balancer.ContainerBalancerTask (ContainerBalancerTask.java:initializeIteration(398)) - Utilization for node f32d117f-3be2-4264-b726-f6773c997c31 with capacity 64424509440B, used 57982058496B, and remaining 6442450944B is 0.9
2023-08-31 10:29:38,080 [main] DEBUG balancer.ContainerBalancerTask (ContainerBalancerTask.java:initializeIteration(398)) - Utilization for node 6765701d-7f6a-4e4d-b391-9e9e10db458d with capacity 59055800320B, used 47244640256B, and remaining 11811160064B is 0.8
2023-08-31 10:29:38,080 [main] DEBUG balancer.ContainerBalancerTask (ContainerBalancerTask.java:initializeIteration(398)) - Utilization for node 4c6a0f55-60af-4148-b7a1-1f9c98a2b88d with capacity 79763678354B, used 55834574848B, and remaining 23929103506B is 0.7000000000025074
2023-08-31 10:29:38,080 [main] DEBUG balancer.ContainerBalancerTask (ContainerBalancerTask.java:initializeIteration(398)) - Utilization for node b8980eed-1650-432e-bfd7-20188780945c with capacity 57266230613B, used 34359738368B, and remaining 22906492245B is 0.6000000000034924
2023-08-31 10:29:38,080 [main] DEBUG balancer.ContainerBalancerTask (ContainerBalancerTask.java:initializeIteration(398)) - Utilization for node 62777186-93a9-4bce-bd49-d9afe8d76dc3 with capacity 88046829568B, used 44023414784B, and remaining 44023414784B is 0.5
2023-08-31 10:29:38,080 [main] DEBUG balancer.ContainerBalancerTask (ContainerBalancerTask.java:initializeIteration(398)) - Utilization for node 755c8e5d-0c37-4288-b999-eb54c816dc8e with capacity 144955146240B, used 57982058496B, and remaining 86973087744B is 0.4
2023-08-31 10:29:38,080 [main] DEBUG balancer.ContainerBalancerTask (ContainerBalancerTask.java:initializeIteration(398)) - Utilization for node d3a2b826-602a-447c-b9ff-7789ac2d2e92 with capacity 143165576533B, used 42949672960B, and remaining 100215903573B is 0.3000000000006985
2023-08-31 10:29:38,080 [main] DEBUG balancer.ContainerBalancerTask (ContainerBalancerTask.java:initializeIteration(398)) - Utilization for node 399ba1f3-fd83-4246-b701-2bbfae72f68c with capacity 214748364800B, used 42949672960B, and remaining 171798691840B is 0.2
2023-08-31 10:29:38,081 [main] DEBUG balancer.ContainerBalancerTask (ContainerBalancerTask.java:initializeIteration(398)) - Utilization for node cd414ef5-e45d-41c8-b9f6-8e1313dee00a with capacity 246960619520B, used 24696061952B, and remaining 222264557568B is 0.1
2023-08-31 10:29:38,081 [main] DEBUG balancer.ContainerBalancerTask (ContainerBalancerTask.java:initializeIteration(398)) - Utilization for node 950c494a-ed79-4007-a491-feb4b8030754 with capacity 63350767616B, used 0B, and remaining 63350767616B is 0.0
2023-08-31 10:29:38,081 [main] INFO  balancer.ContainerBalancerTask (ContainerBalancerTask.java:initializeIteration(447)) - Container Balancer has identified 5 Over-Utilized and 3 Under-Utilized Datanodes that need to be balanced.
2023-08-31 10:29:38,081 [main] DEBUG balancer.ContainerBalancerTask (ContainerBalancerTask.java:lambda$initializeIteration$1(453)) - Datanode localhost-81.228.78.231 f32d117f-3be2-4264-b726-f6773c997c31 is Over-Utilized.
2023-08-31 10:29:38,081 [main] DEBUG balancer.ContainerBalancerTask (ContainerBalancerTask.java:lambda$initializeIteration$1(453)) - Datanode localhost-241.138.13.10 6765701d-7f6a-4e4d-b391-9e9e10db458d is Over-Utilized.
2023-08-31 10:29:38,082 [main] DEBUG balancer.ContainerBalancerTask (ContainerBalancerTask.java:lambda$initializeIteration$1(453)) - Datanode localhost-154.2.78.157 4c6a0f55-60af-4148-b7a1-1f9c98a2b88d is Over-Utilized.
2023-08-31 10:29:38,082 [main] DEBUG balancer.ContainerBalancerTask (ContainerBalancerTask.java:lambda$initializeIteration$1(453)) - Datanode localhost-168.70.157.246 b8980eed-1650-432e-bfd7-20188780945c is Over-Utilized.
2023-08-31 10:29:38,082 [main] DEBUG balancer.ContainerBalancerTask (ContainerBalancerTask.java:lambda$initializeIteration$1(453)) - Datanode localhost-179.156.161.191 62777186-93a9-4bce-bd49-d9afe8d76dc3 is Over-Utilized.
2023-08-31 10:29:38,082 [main] DEBUG balancer.ContainerBalancerTask (ContainerBalancerTask.java:lambda$initializeIteration$2(459)) - Datanode localhost-224.174.134.166 950c494a-ed79-4007-a491-feb4b8030754 is Under-Utilized.
2023-08-31 10:29:38,082 [main] DEBUG balancer.ContainerBalancerTask (ContainerBalancerTask.java:lambda$initializeIteration$2(459)) - Datanode localhost-240.233.115.126 cd414ef5-e45d-41c8-b9f6-8e1313dee00a is Under-Utilized.
2023-08-31 10:29:38,082 [main] DEBUG balancer.ContainerBalancerTask (ContainerBalancerTask.java:lambda$initializeIteration$2(459)) - Datanode localhost-201.163.235.217 399ba1f3-fd83-4246-b701-2bbfae72f68c is Under-Utilized.
2023-08-31 10:29:38,088 [main] DEBUG balancer.ContainerBalancerTask (ContainerBalancerTask.java:matchSourceWithTarget(708)) - ContainerBalancer is finding suitable target for source datanode f32d117f-3be2-4264-b726-f6773c997c31
2023-08-31 10:29:38,088 [main] INFO  balancer.ContainerBalancerTask (ContainerBalancerTask.java:matchSourceWithTarget(722)) - ContainerBalancer matched source datanode f32d117f-3be2-4264-b726-f6773c997c31 with target datanode 950c494a-ed79-4007-a491-feb4b8030754 for container move.
2023-08-31 10:29:38,088 [main] INFO  balancer.ContainerBalancerTask (ContainerBalancerTask.java:processMoveSelection(569)) - ContainerBalancer is trying to move container #85 with size 5368709120B from source datanode f32d117f-3be2-4264-b726-f6773c997c31 to target datanode 950c494a-ed79-4007-a491-feb4b8030754
2023-08-31 10:29:38,089 [main] DEBUG balancer.ContainerBalancerTask (ContainerBalancerTask.java:lambda$moveContainer$3(837)) - Container move completed for container #85 from source f32d117f-3be2-4264-b726-f6773c997c31 to target 950c494a-ed79-4007-a491-feb4b8030754
2023-08-31 10:29:38,094 [main] DEBUG balancer.ContainerBalancerTask (ContainerBalancerTask.java:matchSourceWithTarget(708)) - ContainerBalancer is finding suitable target for source datanode f32d117f-3be2-4264-b726-f6773c997c31
2023-08-31 10:29:38,094 [main] INFO  balancer.ContainerBalancerTask (ContainerBalancerTask.java:matchSourceWithTarget(722)) - ContainerBalancer matched source datanode f32d117f-3be2-4264-b726-f6773c997c31 with target datanode 950c494a-ed79-4007-a491-feb4b8030754 for container move.
2023-08-31 10:29:38,094 [main] INFO  balancer.ContainerBalancerTask (ContainerBalancerTask.java:processMoveSelection(569)) - ContainerBalancer is trying to move container #53 with size 5368709120B from source datanode f32d117f-3be2-4264-b726-f6773c997c31 to target datanode 950c494a-ed79-4007-a491-feb4b8030754
2023-08-31 10:29:38,094 [main] DEBUG balancer.ContainerBalancerTask (ContainerBalancerTask.java:lambda$moveContainer$3(837)) - Container move completed for container #53 from source f32d117f-3be2-4264-b726-f6773c997c31 to target 950c494a-ed79-4007-a491-feb4b8030754
2023-08-31 10:29:38,097 [main] DEBUG balancer.ContainerBalancerTask (ContainerBalancerTask.java:matchSourceWithTarget(708)) - ContainerBalancer is finding suitable target for source datanode 6765701d-7f6a-4e4d-b391-9e9e10db458d
2023-08-31 10:29:38,098 [main] INFO  balancer.ContainerBalancerTask (ContainerBalancerTask.java:matchSourceWithTarget(722)) - ContainerBalancer matched source datanode 6765701d-7f6a-4e4d-b391-9e9e10db458d with target datanode cd414ef5-e45d-41c8-b9f6-8e1313dee00a for container move.
2023-08-31 10:29:38,098 [main] INFO  balancer.ContainerBalancerTask (ContainerBalancerTask.java:processMoveSelection(569)) - ContainerBalancer is trying to move container #68 with size 5368709120B from source datanode 6765701d-7f6a-4e4d-b391-9e9e10db458d to target datanode cd414ef5-e45d-41c8-b9f6-8e1313dee00a
2023-08-31 10:29:38,098 [main] DEBUG balancer.ContainerBalancerTask (ContainerBalancerTask.java:lambda$moveContainer$3(837)) - Container move completed for container #68 from source 6765701d-7f6a-4e4d-b391-9e9e10db458d to target cd414ef5-e45d-41c8-b9f6-8e1313dee00a
2023-08-31 10:29:38,103 [main] DEBUG balancer.ContainerBalancerTask (ContainerBalancerTask.java:matchSourceWithTarget(708)) - ContainerBalancer is finding suitable target for source datanode f32d117f-3be2-4264-b726-f6773c997c31
2023-08-31 10:29:38,103 [main] INFO  balancer.ContainerBalancerTask (ContainerBalancerTask.java:matchSourceWithTarget(722)) - ContainerBalancer matched source datanode f32d117f-3be2-4264-b726-f6773c997c31 with target datanode cd414ef5-e45d-41c8-b9f6-8e1313dee00a for container move.
2023-08-31 10:29:38,103 [main] INFO  balancer.ContainerBalancerTask (ContainerBalancerTask.java:processMoveSelection(569)) - ContainerBalancer is trying to move container #89 with size 4294967296B from source datanode f32d117f-3be2-4264-b726-f6773c997c31 to target datanode cd414ef5-e45d-41c8-b9f6-8e1313dee00a
2023-08-31 10:29:38,104 [main] DEBUG balancer.ContainerBalancerTask (ContainerBalancerTask.java:lambda$moveContainer$3(837)) - Container move completed for container #89 from source f32d117f-3be2-4264-b726-f6773c997c31 to target cd414ef5-e45d-41c8-b9f6-8e1313dee00a
2023-08-31 10:29:38,108 [main] DEBUG balancer.ContainerBalancerTask (ContainerBalancerTask.java:matchSourceWithTarget(708)) - ContainerBalancer is finding suitable target for source datanode 6765701d-7f6a-4e4d-b391-9e9e10db458d
2023-08-31 10:29:38,108 [main] INFO  balancer.ContainerBalancerTask (ContainerBalancerTask.java:matchSourceWithTarget(722)) - ContainerBalancer matched source datanode 6765701d-7f6a-4e4d-b391-9e9e10db458d with target datanode cd414ef5-e45d-41c8-b9f6-8e1313dee00a for container move.
2023-08-31 10:29:38,108 [main] INFO  balancer.ContainerBalancerTask (ContainerBalancerTask.java:processMoveSelection(569)) - ContainerBalancer is trying to move container #29 with size 5368709120B from source datanode 6765701d-7f6a-4e4d-b391-9e9e10db458d to target datanode cd414ef5-e45d-41c8-b9f6-8e1313dee00a
2023-08-31 10:29:38,108 [main] DEBUG balancer.ContainerBalancerTask (ContainerBalancerTask.java:lambda$moveContainer$3(837)) - Container move completed for container #29 from source 6765701d-7f6a-4e4d-b391-9e9e10db458d to target cd414ef5-e45d-41c8-b9f6-8e1313dee00a
2023-08-31 10:29:38,113 [main] DEBUG balancer.ContainerBalancerTask (ContainerBalancerTask.java:matchSourceWithTarget(708)) - ContainerBalancer is finding suitable target for source datanode 4c6a0f55-60af-4148-b7a1-1f9c98a2b88d
2023-08-31 10:29:38,113 [main] INFO  balancer.ContainerBalancerTask (ContainerBalancerTask.java:matchSourceWithTarget(722)) - ContainerBalancer matched source datanode 4c6a0f55-60af-4148-b7a1-1f9c98a2b88d with target datanode cd414ef5-e45d-41c8-b9f6-8e1313dee00a for container move.
2023-08-31 10:29:38,113 [main] INFO  balancer.ContainerBalancerTask (ContainerBalancerTask.java:processMoveSelection(569)) - ContainerBalancer is trying to move container #84 with size 4294967296B from source datanode 4c6a0f55-60af-4148-b7a1-1f9c98a2b88d to target datanode cd414ef5-e45d-41c8-b9f6-8e1313dee00a
2023-08-31 10:29:38,113 [main] DEBUG balancer.ContainerBalancerTask (ContainerBalancerTask.java:lambda$moveContainer$3(837)) - Container move completed for container #84 from source 4c6a0f55-60af-4148-b7a1-1f9c98a2b88d to target cd414ef5-e45d-41c8-b9f6-8e1313dee00a
2023-08-31 10:29:38,118 [main] DEBUG balancer.ContainerBalancerTask (ContainerBalancerTask.java:matchSourceWithTarget(708)) - ContainerBalancer is finding suitable target for source datanode f32d117f-3be2-4264-b726-f6773c997c31
2023-08-31 10:29:38,119 [main] INFO  balancer.ContainerBalancerTask (ContainerBalancerTask.java:matchSourceWithTarget(722)) - ContainerBalancer matched source datanode f32d117f-3be2-4264-b726-f6773c997c31 with target datanode 950c494a-ed79-4007-a491-feb4b8030754 for container move.
2023-08-31 10:29:38,119 [main] INFO  balancer.ContainerBalancerTask (ContainerBalancerTask.java:processMoveSelection(569)) - ContainerBalancer is trying to move container #39 with size 4294967296B from source datanode f32d117f-3be2-4264-b726-f6773c997c31 to target datanode 950c494a-ed79-4007-a491-feb4b8030754
2023-08-31 10:29:38,119 [main] DEBUG balancer.ContainerBalancerTask (ContainerBalancerTask.java:lambda$moveContainer$3(837)) - Container move completed for container #39 from source f32d117f-3be2-4264-b726-f6773c997c31 to target 950c494a-ed79-4007-a491-feb4b8030754
2023-08-31 10:29:38,124 [main] DEBUG balancer.ContainerBalancerTask (ContainerBalancerTask.java:matchSourceWithTarget(708)) - ContainerBalancer is finding suitable target for source datanode 4c6a0f55-60af-4148-b7a1-1f9c98a2b88d
2023-08-31 10:29:38,124 [main] INFO  balancer.ContainerBalancerTask (ContainerBalancerTask.java:matchSourceWithTarget(722)) - ContainerBalancer matched source datanode 4c6a0f55-60af-4148-b7a1-1f9c98a2b88d with target datanode cd414ef5-e45d-41c8-b9f6-8e1313dee00a for container move.
2023-08-31 10:29:38,125 [main] INFO  balancer.ContainerBalancerTask (ContainerBalancerTask.java:processMoveSelection(569)) - ContainerBalancer is trying to move container #52 with size 4294967296B from source datanode 4c6a0f55-60af-4148-b7a1-1f9c98a2b88d to target datanode cd414ef5-e45d-41c8-b9f6-8e1313dee00a
2023-08-31 10:29:38,125 [main] DEBUG balancer.ContainerBalancerTask (ContainerBalancerTask.java:lambda$moveContainer$3(837)) - Container move completed for container #52 from source 4c6a0f55-60af-4148-b7a1-1f9c98a2b88d to target cd414ef5-e45d-41c8-b9f6-8e1313dee00a
2023-08-31 10:29:38,129 [main] DEBUG balancer.ContainerBalancerTask (ContainerBalancerTask.java:matchSourceWithTarget(708)) - ContainerBalancer is finding suitable target for source datanode 6765701d-7f6a-4e4d-b391-9e9e10db458d
2023-08-31 10:29:38,129 [main] INFO  balancer.ContainerBalancerTask (ContainerBalancerTask.java:matchSourceWithTarget(722)) - ContainerBalancer matched source datanode 6765701d-7f6a-4e4d-b391-9e9e10db458d with target datanode cd414ef5-e45d-41c8-b9f6-8e1313dee00a for container move.
2023-08-31 10:29:38,130 [main] INFO  balancer.ContainerBalancerTask (ContainerBalancerTask.java:processMoveSelection(569)) - ContainerBalancer is trying to move container #19 with size 4294967296B from source datanode 6765701d-7f6a-4e4d-b391-9e9e10db458d to target datanode cd414ef5-e45d-41c8-b9f6-8e1313dee00a
2023-08-31 10:29:38,130 [main] DEBUG balancer.ContainerBalancerTask (ContainerBalancerTask.java:lambda$moveContainer$3(837)) - Container move completed for container #19 from source 6765701d-7f6a-4e4d-b391-9e9e10db458d to target cd414ef5-e45d-41c8-b9f6-8e1313dee00a
2023-08-31 10:29:38,133 [main] DEBUG balancer.ContainerBalancerTask (ContainerBalancerTask.java:matchSourceWithTarget(708)) - ContainerBalancer is finding suitable target for source datanode b8980eed-1650-432e-bfd7-20188780945c
2023-08-31 10:29:38,133 [main] INFO  balancer.ContainerBalancerTask (ContainerBalancerTask.java:matchSourceWithTarget(722)) - ContainerBalancer matched source datanode b8980eed-1650-432e-bfd7-20188780945c with target datanode 399ba1f3-fd83-4246-b701-2bbfae72f68c for container move.
2023-08-31 10:29:38,134 [main] INFO  balancer.ContainerBalancerTask (ContainerBalancerTask.java:processMoveSelection(569)) - ContainerBalancer is trying to move container #83 with size 3221225472B from source datanode b8980eed-1650-432e-bfd7-20188780945c to target datanode 399ba1f3-fd83-4246-b701-2bbfae72f68c
2023-08-31 10:29:38,134 [main] DEBUG balancer.ContainerBalancerTask (ContainerBalancerTask.java:lambda$moveContainer$3(837)) - Container move completed for container #83 from source b8980eed-1650-432e-bfd7-20188780945c to target 399ba1f3-fd83-4246-b701-2bbfae72f68c
2023-08-31 10:29:38,139 [main] DEBUG balancer.ContainerBalancerTask (ContainerBalancerTask.java:matchSourceWithTarget(708)) - ContainerBalancer is finding suitable target for source datanode f32d117f-3be2-4264-b726-f6773c997c31
2023-08-31 10:29:38,139 [main] INFO  balancer.ContainerBalancerTask (ContainerBalancerTask.java:matchSourceWithTarget(722)) - ContainerBalancer matched source datanode f32d117f-3be2-4264-b726-f6773c997c31 with target datanode cd414ef5-e45d-41c8-b9f6-8e1313dee00a for container move.
2023-08-31 10:29:38,140 [main] INFO  balancer.ContainerBalancerTask (ContainerBalancerTask.java:processMoveSelection(569)) - ContainerBalancer is trying to move container #88 with size 3221225472B from source datanode f32d117f-3be2-4264-b726-f6773c997c31 to target datanode cd414ef5-e45d-41c8-b9f6-8e1313dee00a
2023-08-31 10:29:38,140 [main] DEBUG balancer.ContainerBalancerTask (ContainerBalancerTask.java:lambda$moveContainer$3(837)) - Container move completed for container #88 from source f32d117f-3be2-4264-b726-f6773c997c31 to target cd414ef5-e45d-41c8-b9f6-8e1313dee00a
2023-08-31 10:29:38,145 [main] DEBUG balancer.ContainerBalancerTask (ContainerBalancerTask.java:matchSourceWithTarget(708)) - ContainerBalancer is finding suitable target for source datanode 4c6a0f55-60af-4148-b7a1-1f9c98a2b88d
2023-08-31 10:29:38,145 [main] INFO  balancer.ContainerBalancerTask (ContainerBalancerTask.java:matchSourceWithTarget(722)) - ContainerBalancer matched source datanode 4c6a0f55-60af-4148-b7a1-1f9c98a2b88d with target datanode 399ba1f3-fd83-4246-b701-2bbfae72f68c for container move.
2023-08-31 10:29:38,146 [main] INFO  balancer.ContainerBalancerTask (ContainerBalancerTask.java:processMoveSelection(569)) - ContainerBalancer is trying to move container #71 with size 3221225472B from source datanode 4c6a0f55-60af-4148-b7a1-1f9c98a2b88d to target datanode 399ba1f3-fd83-4246-b701-2bbfae72f68c
2023-08-31 10:29:38,146 [main] DEBUG balancer.ContainerBalancerTask (ContainerBalancerTask.java:lambda$moveContainer$3(837)) - Container move completed for container #71 from source 4c6a0f55-60af-4148-b7a1-1f9c98a2b88d to target 399ba1f3-fd83-4246-b701-2bbfae72f68c
2023-08-31 10:29:38,151 [main] DEBUG balancer.ContainerBalancerTask (ContainerBalancerTask.java:matchSourceWithTarget(708)) - ContainerBalancer is finding suitable target for source datanode 4c6a0f55-60af-4148-b7a1-1f9c98a2b88d
2023-08-31 10:29:38,151 [main] INFO  balancer.ContainerBalancerTask (ContainerBalancerTask.java:matchSourceWithTarget(722)) - ContainerBalancer matched source datanode 4c6a0f55-60af-4148-b7a1-1f9c98a2b88d with target datanode cd414ef5-e45d-41c8-b9f6-8e1313dee00a for container move.
2023-08-31 10:29:38,151 [main] INFO  balancer.ContainerBalancerTask (ContainerBalancerTask.java:processMoveSelection(569)) - ContainerBalancer is trying to move container #81 with size 1073741824B from source datanode 4c6a0f55-60af-4148-b7a1-1f9c98a2b88d to target datanode cd414ef5-e45d-41c8-b9f6-8e1313dee00a
2023-08-31 10:29:38,151 [main] DEBUG balancer.ContainerBalancerTask (ContainerBalancerTask.java:lambda$moveContainer$3(837)) - Container move completed for container #81 from source 4c6a0f55-60af-4148-b7a1-1f9c98a2b88d to target cd414ef5-e45d-41c8-b9f6-8e1313dee00a
2023-08-31 10:29:38,152 [main] WARN  balancer.ContainerBalancerTask (ContainerBalancerTask.java:reachedMaxSizeToMovePerIteration(733)) - Reached max size to move limit. 53687091200 bytes have already been scheduled for balancing and the limit is 53687091200 bytes.
2023-08-31 10:29:38,152 [main] INFO  balancer.ContainerBalancerTask (ContainerBalancerTask.java:checkIterationMoveResults(642)) - Iteration Summary. Number of Datanodes involved: 7. Size moved: 50 GB (53687091200 Bytes). Number of Container moves completed: 13.
2023-08-31 10:29:38,152 [main] INFO  balancer.ContainerBalancerTask (ContainerBalancerTask.java:balance(259)) - Result of this iteration of Container Balancer: ITERATION_COMPLETED
2023-08-31 10:29:38,153 [main] INFO  balancer.ContainerBalancerTask (ContainerBalancerTask.java:tryStopWithSaveConfiguration(308)) - Save Configuration for stopping. Reason: Completed all iterations.
]]></system-out>
  </testcase>
  <testcase name="testCalculationOfUtilization" classname="org.apache.hadoop.hdds.scm.container.balancer.TestContainerBalancerTask" time="0.045">
    <system-out><![CDATA[2023-08-31 10:29:38,187 [main] INFO  net.NodeSchemaLoader (NodeSchemaLoader.java:loadSchemaFromFile(129)) - Loading schema from [file:/home/runner/work/ozone/ozone/hadoop-hdds/common/target/classes/network-topology-default.xml]
2023-08-31 10:29:38,187 [main] INFO  net.NodeSchemaLoader (NodeSchemaLoader.java:loadSchema(176)) - Loading network topology layer schema file
2023-08-31 10:29:38,195 [main] INFO  net.NetworkTopologyImpl (NetworkTopologyImpl.java:add(112)) - Added a new node: /default-rack/050b678b-a591-4445-9fb8-c1b975bc7279
2023-08-31 10:29:38,195 [main] INFO  net.NetworkTopologyImpl (NetworkTopologyImpl.java:add(112)) - Added a new node: /default-rack/02b20897-72fe-4d54-8c52-7d1f6d778b84
2023-08-31 10:29:38,195 [main] INFO  net.NetworkTopologyImpl (NetworkTopologyImpl.java:add(112)) - Added a new node: /default-rack/7e8f6f56-6dcc-4948-b472-cde7e2cedc87
2023-08-31 10:29:38,195 [main] INFO  net.NetworkTopologyImpl (NetworkTopologyImpl.java:add(112)) - Added a new node: /default-rack/d3c532b5-5869-4202-9156-68de32e18550
2023-08-31 10:29:38,195 [main] INFO  net.NetworkTopologyImpl (NetworkTopologyImpl.java:add(112)) - Added a new node: /default-rack/21d0a213-1781-4c9f-9998-b370cfa218d3
2023-08-31 10:29:38,195 [main] INFO  net.NetworkTopologyImpl (NetworkTopologyImpl.java:add(112)) - Added a new node: /default-rack/3f4225e5-2f50-4150-9687-5cf88ad8bc06
2023-08-31 10:29:38,196 [main] INFO  net.NetworkTopologyImpl (NetworkTopologyImpl.java:add(112)) - Added a new node: /default-rack/0de489c5-1e1b-4ed0-abdb-4d434b0ea245
2023-08-31 10:29:38,196 [main] INFO  net.NetworkTopologyImpl (NetworkTopologyImpl.java:add(112)) - Added a new node: /default-rack/ee531629-7316-4a72-a051-72c53046da02
2023-08-31 10:29:38,196 [main] INFO  net.NetworkTopologyImpl (NetworkTopologyImpl.java:add(112)) - Added a new node: /default-rack/aef2e931-5022-4fe1-87b4-8ff4479530cb
2023-08-31 10:29:38,196 [main] INFO  net.NetworkTopologyImpl (NetworkTopologyImpl.java:add(112)) - Added a new node: /default-rack/59df7d48-2fe0-4214-8ecb-494e4c7184f8
2023-08-31 10:29:38,196 [main] INFO  algorithms.ContainerPlacementPolicyFactory (ContainerPlacementPolicyFactory.java:getPolicyInternal(86)) - Create container placement policy of type org.apache.hadoop.hdds.scm.container.placement.algorithms.SCMContainerPlacementRackAware
2023-08-31 10:29:38,196 [main] INFO  algorithms.ContainerPlacementPolicyFactory (ContainerPlacementPolicyFactory.java:getPolicyInternal(86)) - Create container placement policy of type org.apache.hadoop.hdds.scm.container.placement.algorithms.SCMContainerPlacementRackScatter
]]></system-out>
  </testcase>
  <testcase name="initializeIterationShouldUpdateUnBalancedNodesWhenThresholdChanges" classname="org.apache.hadoop.hdds.scm.container.balancer.TestContainerBalancerTask" time="1.039">
    <system-out><![CDATA[2023-08-31 10:29:38,283 [main] INFO  net.NodeSchemaLoader (NodeSchemaLoader.java:loadSchemaFromFile(129)) - Loading schema from [file:/home/runner/work/ozone/ozone/hadoop-hdds/common/target/classes/network-topology-default.xml]
2023-08-31 10:29:38,284 [main] INFO  net.NodeSchemaLoader (NodeSchemaLoader.java:loadSchema(176)) - Loading network topology layer schema file
2023-08-31 10:29:38,290 [main] INFO  net.NetworkTopologyImpl (NetworkTopologyImpl.java:add(112)) - Added a new node: /default-rack/298e8999-667d-4130-a3f3-d54ad17f81af
2023-08-31 10:29:38,290 [main] INFO  net.NetworkTopologyImpl (NetworkTopologyImpl.java:add(112)) - Added a new node: /default-rack/54a67142-cf3c-479c-a664-446e6b66c15b
2023-08-31 10:29:38,290 [main] INFO  net.NetworkTopologyImpl (NetworkTopologyImpl.java:add(112)) - Added a new node: /default-rack/0da966ec-d304-4aba-a3c4-6da3d30bdd94
2023-08-31 10:29:38,290 [main] INFO  net.NetworkTopologyImpl (NetworkTopologyImpl.java:add(112)) - Added a new node: /default-rack/7b7a48f3-6e6c-40c8-bae0-dc076d7190a8
2023-08-31 10:29:38,290 [main] INFO  net.NetworkTopologyImpl (NetworkTopologyImpl.java:add(112)) - Added a new node: /default-rack/0fd63a37-cd50-44c6-a0ff-79fd9e4bfe1a
2023-08-31 10:29:38,291 [main] INFO  net.NetworkTopologyImpl (NetworkTopologyImpl.java:add(112)) - Added a new node: /default-rack/2d681fd5-2e55-4a11-859d-3964a107aab2
2023-08-31 10:29:38,291 [main] INFO  net.NetworkTopologyImpl (NetworkTopologyImpl.java:add(112)) - Added a new node: /default-rack/0f36dd41-558e-4ec6-8642-9fd9e057ab75
2023-08-31 10:29:38,291 [main] INFO  net.NetworkTopologyImpl (NetworkTopologyImpl.java:add(112)) - Added a new node: /default-rack/e4dd84d2-26e1-49fb-97da-c18f91d47e4d
2023-08-31 10:29:38,291 [main] INFO  net.NetworkTopologyImpl (NetworkTopologyImpl.java:add(112)) - Added a new node: /default-rack/e4f2c464-f8de-4df4-9ba1-d9809d16eaa0
2023-08-31 10:29:38,291 [main] INFO  net.NetworkTopologyImpl (NetworkTopologyImpl.java:add(112)) - Added a new node: /default-rack/ea5c1859-a2ef-4183-83ff-b7e36fcf01d4
2023-08-31 10:29:38,291 [main] INFO  algorithms.ContainerPlacementPolicyFactory (ContainerPlacementPolicyFactory.java:getPolicyInternal(86)) - Create container placement policy of type org.apache.hadoop.hdds.scm.container.placement.algorithms.SCMContainerPlacementRackAware
2023-08-31 10:29:38,291 [main] INFO  algorithms.ContainerPlacementPolicyFactory (ContainerPlacementPolicyFactory.java:getPolicyInternal(86)) - Create container placement policy of type org.apache.hadoop.hdds.scm.container.placement.algorithms.SCMContainerPlacementRackScatter
2023-08-31 10:29:38,298 [main] DEBUG balancer.ContainerBalancerTask (ContainerBalancerTask.java:initializeIteration(374)) - Average utilization of the cluster is 0.3844231587733851
2023-08-31 10:29:38,298 [main] DEBUG balancer.ContainerBalancerTask (ContainerBalancerTask.java:initializeIteration(386)) - Lower limit for utilization is -0.3253831225495469 and Upper limit for utilization is 1.094229440096317
2023-08-31 10:29:38,298 [main] DEBUG balancer.ContainerBalancerTask (ContainerBalancerTask.java:initializeIteration(398)) - Utilization for node 0fd63a37-cd50-44c6-a0ff-79fd9e4bfe1a with capacity 65617555911B, used 59055800320B, and remaining 6561755591B is 0.900000000001524
2023-08-31 10:29:38,299 [main] DEBUG balancer.ContainerBalancerTask (ContainerBalancerTask.java:initializeIteration(398)) - Utilization for node 7b7a48f3-6e6c-40c8-bae0-dc076d7190a8 with capacity 76504104960B, used 61203283968B, and remaining 15300820992B is 0.8
2023-08-31 10:29:38,299 [main] DEBUG balancer.ContainerBalancerTask (ContainerBalancerTask.java:initializeIteration(398)) - Utilization for node 0da966ec-d304-4aba-a3c4-6da3d30bdd94 with capacity 82831512137B, used 57982058496B, and remaining 24849453641B is 0.7000000000012073
2023-08-31 10:29:38,299 [main] DEBUG balancer.ContainerBalancerTask (ContainerBalancerTask.java:initializeIteration(398)) - Utilization for node 54a67142-cf3c-479c-a664-446e6b66c15b with capacity 55476660906B, used 33285996544B, and remaining 22190664362B is 0.6000000000072102
2023-08-31 10:29:38,299 [main] DEBUG balancer.ContainerBalancerTask (ContainerBalancerTask.java:initializeIteration(398)) - Utilization for node e4f2c464-f8de-4df4-9ba1-d9809d16eaa0 with capacity 96636764160B, used 48318382080B, and remaining 48318382080B is 0.5
2023-08-31 10:29:38,299 [main] DEBUG balancer.ContainerBalancerTask (ContainerBalancerTask.java:initializeIteration(398)) - Utilization for node 298e8999-667d-4130-a3f3-d54ad17f81af with capacity 99321118720B, used 39728447488B, and remaining 59592671232B is 0.4
2023-08-31 10:29:38,299 [main] DEBUG balancer.ContainerBalancerTask (ContainerBalancerTask.java:initializeIteration(398)) - Utilization for node ea5c1859-a2ef-4183-83ff-b7e36fcf01d4 with capacity 96636764160B, used 28991029248B, and remaining 67645734912B is 0.3
2023-08-31 10:29:38,299 [main] DEBUG balancer.ContainerBalancerTask (ContainerBalancerTask.java:initializeIteration(398)) - Utilization for node 0f36dd41-558e-4ec6-8642-9fd9e057ab75 with capacity 187904819200B, used 37580963840B, and remaining 150323855360B is 0.2
2023-08-31 10:29:38,299 [main] DEBUG balancer.ContainerBalancerTask (ContainerBalancerTask.java:initializeIteration(398)) - Utilization for node 2d681fd5-2e55-4a11-859d-3964a107aab2 with capacity 225485783040B, used 22548578304B, and remaining 202937204736B is 0.1
2023-08-31 10:29:38,299 [main] DEBUG balancer.ContainerBalancerTask (ContainerBalancerTask.java:initializeIteration(398)) - Utilization for node e4dd84d2-26e1-49fb-97da-c18f91d47e4d with capacity 24696061952B, used 0B, and remaining 24696061952B is 0.0
2023-08-31 10:29:38,299 [main] INFO  balancer.ContainerBalancerTask (ContainerBalancerTask.java:initializeIteration(443)) - Did not find any unbalanced Datanodes.
2023-08-31 10:29:38,300 [main] INFO  balancer.ContainerBalancerTask (ContainerBalancerTask.java:tryStopWithSaveConfiguration(308)) - Save Configuration for stopping. Reason: Could not initialize ContainerBalancer's iteration number 0
2023-08-31 10:29:38,300 [main] DEBUG balancer.ContainerBalancerTask (ContainerBalancerTask.java:initializeIteration(374)) - Average utilization of the cluster is 0.3844231587733851
2023-08-31 10:29:38,301 [main] DEBUG balancer.ContainerBalancerTask (ContainerBalancerTask.java:initializeIteration(386)) - Lower limit for utilization is -0.005385520038802605 and Upper limit for utilization is 0.7742318375855728
2023-08-31 10:29:38,301 [main] DEBUG balancer.ContainerBalancerTask (ContainerBalancerTask.java:initializeIteration(398)) - Utilization for node 0fd63a37-cd50-44c6-a0ff-79fd9e4bfe1a with capacity 65617555911B, used 59055800320B, and remaining 6561755591B is 0.900000000001524
2023-08-31 10:29:38,301 [main] DEBUG balancer.ContainerBalancerTask (ContainerBalancerTask.java:initializeIteration(398)) - Utilization for node 7b7a48f3-6e6c-40c8-bae0-dc076d7190a8 with capacity 76504104960B, used 61203283968B, and remaining 15300820992B is 0.8
2023-08-31 10:29:38,301 [main] DEBUG balancer.ContainerBalancerTask (ContainerBalancerTask.java:initializeIteration(398)) - Utilization for node 0da966ec-d304-4aba-a3c4-6da3d30bdd94 with capacity 82831512137B, used 57982058496B, and remaining 24849453641B is 0.7000000000012073
2023-08-31 10:29:38,301 [main] DEBUG balancer.ContainerBalancerTask (ContainerBalancerTask.java:initializeIteration(398)) - Utilization for node 54a67142-cf3c-479c-a664-446e6b66c15b with capacity 55476660906B, used 33285996544B, and remaining 22190664362B is 0.6000000000072102
2023-08-31 10:29:38,301 [main] DEBUG balancer.ContainerBalancerTask (ContainerBalancerTask.java:initializeIteration(398)) - Utilization for node e4f2c464-f8de-4df4-9ba1-d9809d16eaa0 with capacity 96636764160B, used 48318382080B, and remaining 48318382080B is 0.5
2023-08-31 10:29:38,301 [main] DEBUG balancer.ContainerBalancerTask (ContainerBalancerTask.java:initializeIteration(398)) - Utilization for node 298e8999-667d-4130-a3f3-d54ad17f81af with capacity 99321118720B, used 39728447488B, and remaining 59592671232B is 0.4
2023-08-31 10:29:38,301 [main] DEBUG balancer.ContainerBalancerTask (ContainerBalancerTask.java:initializeIteration(398)) - Utilization for node ea5c1859-a2ef-4183-83ff-b7e36fcf01d4 with capacity 96636764160B, used 28991029248B, and remaining 67645734912B is 0.3
2023-08-31 10:29:38,301 [main] DEBUG balancer.ContainerBalancerTask (ContainerBalancerTask.java:initializeIteration(398)) - Utilization for node 0f36dd41-558e-4ec6-8642-9fd9e057ab75 with capacity 187904819200B, used 37580963840B, and remaining 150323855360B is 0.2
2023-08-31 10:29:38,302 [main] DEBUG balancer.ContainerBalancerTask (ContainerBalancerTask.java:initializeIteration(398)) - Utilization for node 2d681fd5-2e55-4a11-859d-3964a107aab2 with capacity 225485783040B, used 22548578304B, and remaining 202937204736B is 0.1
2023-08-31 10:29:38,302 [main] DEBUG balancer.ContainerBalancerTask (ContainerBalancerTask.java:initializeIteration(398)) - Utilization for node e4dd84d2-26e1-49fb-97da-c18f91d47e4d with capacity 24696061952B, used 0B, and remaining 24696061952B is 0.0
2023-08-31 10:29:38,302 [main] INFO  balancer.ContainerBalancerTask (ContainerBalancerTask.java:initializeIteration(447)) - Container Balancer has identified 2 Over-Utilized and 0 Under-Utilized Datanodes that need to be balanced.
2023-08-31 10:29:38,302 [main] DEBUG balancer.ContainerBalancerTask (ContainerBalancerTask.java:lambda$initializeIteration$1(453)) - Datanode localhost-116.130.156.111 0fd63a37-cd50-44c6-a0ff-79fd9e4bfe1a is Over-Utilized.
2023-08-31 10:29:38,302 [main] DEBUG balancer.ContainerBalancerTask (ContainerBalancerTask.java:lambda$initializeIteration$1(453)) - Datanode localhost-241.232.196.95 7b7a48f3-6e6c-40c8-bae0-dc076d7190a8 is Over-Utilized.
2023-08-31 10:29:38,305 [main] DEBUG balancer.ContainerBalancerTask (ContainerBalancerTask.java:matchSourceWithTarget(708)) - ContainerBalancer is finding suitable target for source datanode 0fd63a37-cd50-44c6-a0ff-79fd9e4bfe1a
2023-08-31 10:29:38,306 [main] INFO  balancer.FindTargetGreedyByUsageInfo (AbstractFindTargetGreedy.java:findTargetForContainerMove(133)) - Container Balancer could not find a target for source datanode 0fd63a37-cd50-44c6-a0ff-79fd9e4bfe1a
2023-08-31 10:29:38,306 [main] DEBUG balancer.ContainerBalancerTask (ContainerBalancerTask.java:matchSourceWithTarget(717)) - ContainerBalancer could not find a suitable target for source node 0fd63a37-cd50-44c6-a0ff-79fd9e4bfe1a.
2023-08-31 10:29:38,309 [main] DEBUG balancer.ContainerBalancerTask (ContainerBalancerTask.java:matchSourceWithTarget(708)) - ContainerBalancer is finding suitable target for source datanode 7b7a48f3-6e6c-40c8-bae0-dc076d7190a8
2023-08-31 10:29:38,309 [main] INFO  balancer.FindTargetGreedyByUsageInfo (AbstractFindTargetGreedy.java:findTargetForContainerMove(133)) - Container Balancer could not find a target for source datanode 7b7a48f3-6e6c-40c8-bae0-dc076d7190a8
2023-08-31 10:29:38,310 [main] DEBUG balancer.ContainerBalancerTask (ContainerBalancerTask.java:matchSourceWithTarget(717)) - ContainerBalancer could not find a suitable target for source node 7b7a48f3-6e6c-40c8-bae0-dc076d7190a8.
2023-08-31 10:29:38,310 [main] INFO  balancer.FindSourceGreedy (FindSourceGreedy.java:getNextCandidateSourceDataNode(126)) - no more candidate source data node
2023-08-31 10:29:38,310 [main] INFO  balancer.ContainerBalancerTask (ContainerBalancerTask.java:balance(259)) - Result of this iteration of Container Balancer: CAN_NOT_BALANCE_ANY_MORE
2023-08-31 10:29:38,310 [main] INFO  balancer.ContainerBalancerTask (ContainerBalancerTask.java:tryStopWithSaveConfiguration(308)) - Save Configuration for stopping. Reason: CAN_NOT_BALANCE_ANY_MORE
2023-08-31 10:29:38,311 [main] DEBUG balancer.ContainerBalancerTask (ContainerBalancerTask.java:initializeIteration(374)) - Average utilization of the cluster is 0.3844231587733851
2023-08-31 10:29:38,311 [main] DEBUG balancer.ContainerBalancerTask (ContainerBalancerTask.java:initializeIteration(386)) - Lower limit for utilization is 0.15227745992176406 and Upper limit for utilization is 0.6165688576250061
2023-08-31 10:29:38,311 [main] DEBUG balancer.ContainerBalancerTask (ContainerBalancerTask.java:initializeIteration(398)) - Utilization for node 0fd63a37-cd50-44c6-a0ff-79fd9e4bfe1a with capacity 65617555911B, used 59055800320B, and remaining 6561755591B is 0.900000000001524
2023-08-31 10:29:38,311 [main] DEBUG balancer.ContainerBalancerTask (ContainerBalancerTask.java:initializeIteration(398)) - Utilization for node 7b7a48f3-6e6c-40c8-bae0-dc076d7190a8 with capacity 76504104960B, used 61203283968B, and remaining 15300820992B is 0.8
2023-08-31 10:29:38,311 [main] DEBUG balancer.ContainerBalancerTask (ContainerBalancerTask.java:initializeIteration(398)) - Utilization for node 0da966ec-d304-4aba-a3c4-6da3d30bdd94 with capacity 82831512137B, used 57982058496B, and remaining 24849453641B is 0.7000000000012073
2023-08-31 10:29:38,311 [main] DEBUG balancer.ContainerBalancerTask (ContainerBalancerTask.java:initializeIteration(398)) - Utilization for node 54a67142-cf3c-479c-a664-446e6b66c15b with capacity 55476660906B, used 33285996544B, and remaining 22190664362B is 0.6000000000072102
2023-08-31 10:29:38,312 [main] DEBUG balancer.ContainerBalancerTask (ContainerBalancerTask.java:initializeIteration(398)) - Utilization for node e4f2c464-f8de-4df4-9ba1-d9809d16eaa0 with capacity 96636764160B, used 48318382080B, and remaining 48318382080B is 0.5
2023-08-31 10:29:38,312 [main] DEBUG balancer.ContainerBalancerTask (ContainerBalancerTask.java:initializeIteration(398)) - Utilization for node 298e8999-667d-4130-a3f3-d54ad17f81af with capacity 99321118720B, used 39728447488B, and remaining 59592671232B is 0.4
2023-08-31 10:29:38,312 [main] DEBUG balancer.ContainerBalancerTask (ContainerBalancerTask.java:initializeIteration(398)) - Utilization for node ea5c1859-a2ef-4183-83ff-b7e36fcf01d4 with capacity 96636764160B, used 28991029248B, and remaining 67645734912B is 0.3
2023-08-31 10:29:38,312 [main] DEBUG balancer.ContainerBalancerTask (ContainerBalancerTask.java:initializeIteration(398)) - Utilization for node 0f36dd41-558e-4ec6-8642-9fd9e057ab75 with capacity 187904819200B, used 37580963840B, and remaining 150323855360B is 0.2
2023-08-31 10:29:38,312 [main] DEBUG balancer.ContainerBalancerTask (ContainerBalancerTask.java:initializeIteration(398)) - Utilization for node 2d681fd5-2e55-4a11-859d-3964a107aab2 with capacity 225485783040B, used 22548578304B, and remaining 202937204736B is 0.1
2023-08-31 10:29:38,312 [main] DEBUG balancer.ContainerBalancerTask (ContainerBalancerTask.java:initializeIteration(398)) - Utilization for node e4dd84d2-26e1-49fb-97da-c18f91d47e4d with capacity 24696061952B, used 0B, and remaining 24696061952B is 0.0
2023-08-31 10:29:38,312 [main] INFO  balancer.ContainerBalancerTask (ContainerBalancerTask.java:initializeIteration(447)) - Container Balancer has identified 3 Over-Utilized and 2 Under-Utilized Datanodes that need to be balanced.
2023-08-31 10:29:38,312 [main] DEBUG balancer.ContainerBalancerTask (ContainerBalancerTask.java:lambda$initializeIteration$1(453)) - Datanode localhost-116.130.156.111 0fd63a37-cd50-44c6-a0ff-79fd9e4bfe1a is Over-Utilized.
2023-08-31 10:29:38,312 [main] DEBUG balancer.ContainerBalancerTask (ContainerBalancerTask.java:lambda$initializeIteration$1(453)) - Datanode localhost-241.232.196.95 7b7a48f3-6e6c-40c8-bae0-dc076d7190a8 is Over-Utilized.
2023-08-31 10:29:38,312 [main] DEBUG balancer.ContainerBalancerTask (ContainerBalancerTask.java:lambda$initializeIteration$1(453)) - Datanode localhost-212.248.109.79 0da966ec-d304-4aba-a3c4-6da3d30bdd94 is Over-Utilized.
2023-08-31 10:29:38,313 [main] DEBUG balancer.ContainerBalancerTask (ContainerBalancerTask.java:lambda$initializeIteration$2(459)) - Datanode localhost-83.167.164.80 e4dd84d2-26e1-49fb-97da-c18f91d47e4d is Under-Utilized.
2023-08-31 10:29:38,313 [main] DEBUG balancer.ContainerBalancerTask (ContainerBalancerTask.java:lambda$initializeIteration$2(459)) - Datanode localhost-228.245.218.11 2d681fd5-2e55-4a11-859d-3964a107aab2 is Under-Utilized.
2023-08-31 10:29:38,316 [main] DEBUG balancer.ContainerBalancerTask (ContainerBalancerTask.java:matchSourceWithTarget(708)) - ContainerBalancer is finding suitable target for source datanode 0fd63a37-cd50-44c6-a0ff-79fd9e4bfe1a
2023-08-31 10:29:38,316 [main] INFO  balancer.ContainerBalancerTask (ContainerBalancerTask.java:matchSourceWithTarget(722)) - ContainerBalancer matched source datanode 0fd63a37-cd50-44c6-a0ff-79fd9e4bfe1a with target datanode e4dd84d2-26e1-49fb-97da-c18f91d47e4d for container move.
2023-08-31 10:29:38,317 [main] INFO  balancer.ContainerBalancerTask (ContainerBalancerTask.java:processMoveSelection(569)) - ContainerBalancer is trying to move container #85 with size 5368709120B from source datanode 0fd63a37-cd50-44c6-a0ff-79fd9e4bfe1a to target datanode e4dd84d2-26e1-49fb-97da-c18f91d47e4d
2023-08-31 10:29:38,317 [main] DEBUG balancer.ContainerBalancerTask (ContainerBalancerTask.java:lambda$moveContainer$3(837)) - Container move completed for container #85 from source 0fd63a37-cd50-44c6-a0ff-79fd9e4bfe1a to target e4dd84d2-26e1-49fb-97da-c18f91d47e4d
2023-08-31 10:29:38,320 [main] DEBUG balancer.ContainerBalancerTask (ContainerBalancerTask.java:matchSourceWithTarget(708)) - ContainerBalancer is finding suitable target for source datanode 0fd63a37-cd50-44c6-a0ff-79fd9e4bfe1a
2023-08-31 10:29:38,320 [main] INFO  balancer.ContainerBalancerTask (ContainerBalancerTask.java:matchSourceWithTarget(722)) - ContainerBalancer matched source datanode 0fd63a37-cd50-44c6-a0ff-79fd9e4bfe1a with target datanode 2d681fd5-2e55-4a11-859d-3964a107aab2 for container move.
2023-08-31 10:29:38,321 [main] INFO  balancer.ContainerBalancerTask (ContainerBalancerTask.java:processMoveSelection(569)) - ContainerBalancer is trying to move container #68 with size 5368709120B from source datanode 0fd63a37-cd50-44c6-a0ff-79fd9e4bfe1a to target datanode 2d681fd5-2e55-4a11-859d-3964a107aab2
2023-08-31 10:29:38,321 [main] DEBUG balancer.ContainerBalancerTask (ContainerBalancerTask.java:lambda$moveContainer$3(837)) - Container move completed for container #68 from source 0fd63a37-cd50-44c6-a0ff-79fd9e4bfe1a to target 2d681fd5-2e55-4a11-859d-3964a107aab2
2023-08-31 10:29:38,324 [main] DEBUG balancer.ContainerBalancerTask (ContainerBalancerTask.java:matchSourceWithTarget(708)) - ContainerBalancer is finding suitable target for source datanode 7b7a48f3-6e6c-40c8-bae0-dc076d7190a8
2023-08-31 10:29:38,325 [main] INFO  balancer.ContainerBalancerTask (ContainerBalancerTask.java:matchSourceWithTarget(722)) - ContainerBalancer matched source datanode 7b7a48f3-6e6c-40c8-bae0-dc076d7190a8 with target datanode 2d681fd5-2e55-4a11-859d-3964a107aab2 for container move.
2023-08-31 10:29:38,325 [main] INFO  balancer.ContainerBalancerTask (ContainerBalancerTask.java:processMoveSelection(569)) - ContainerBalancer is trying to move container #53 with size 5368709120B from source datanode 7b7a48f3-6e6c-40c8-bae0-dc076d7190a8 to target datanode 2d681fd5-2e55-4a11-859d-3964a107aab2
2023-08-31 10:29:38,325 [main] DEBUG balancer.ContainerBalancerTask (ContainerBalancerTask.java:lambda$moveContainer$3(837)) - Container move completed for container #53 from source 7b7a48f3-6e6c-40c8-bae0-dc076d7190a8 to target 2d681fd5-2e55-4a11-859d-3964a107aab2
2023-08-31 10:29:38,328 [main] DEBUG balancer.ContainerBalancerTask (ContainerBalancerTask.java:matchSourceWithTarget(708)) - ContainerBalancer is finding suitable target for source datanode 0fd63a37-cd50-44c6-a0ff-79fd9e4bfe1a
2023-08-31 10:29:38,329 [main] INFO  balancer.ContainerBalancerTask (ContainerBalancerTask.java:matchSourceWithTarget(722)) - ContainerBalancer matched source datanode 0fd63a37-cd50-44c6-a0ff-79fd9e4bfe1a with target datanode 2d681fd5-2e55-4a11-859d-3964a107aab2 for container move.
2023-08-31 10:29:38,329 [main] INFO  balancer.ContainerBalancerTask (ContainerBalancerTask.java:processMoveSelection(569)) - ContainerBalancer is trying to move container #29 with size 5368709120B from source datanode 0fd63a37-cd50-44c6-a0ff-79fd9e4bfe1a to target datanode 2d681fd5-2e55-4a11-859d-3964a107aab2
2023-08-31 10:29:38,329 [main] DEBUG balancer.ContainerBalancerTask (ContainerBalancerTask.java:lambda$moveContainer$3(837)) - Container move completed for container #29 from source 0fd63a37-cd50-44c6-a0ff-79fd9e4bfe1a to target 2d681fd5-2e55-4a11-859d-3964a107aab2
2023-08-31 10:29:38,333 [main] DEBUG balancer.ContainerBalancerTask (ContainerBalancerTask.java:matchSourceWithTarget(708)) - ContainerBalancer is finding suitable target for source datanode 7b7a48f3-6e6c-40c8-bae0-dc076d7190a8
2023-08-31 10:29:38,333 [main] INFO  balancer.ContainerBalancerTask (ContainerBalancerTask.java:matchSourceWithTarget(722)) - ContainerBalancer matched source datanode 7b7a48f3-6e6c-40c8-bae0-dc076d7190a8 with target datanode 2d681fd5-2e55-4a11-859d-3964a107aab2 for container move.
2023-08-31 10:29:38,333 [main] INFO  balancer.ContainerBalancerTask (ContainerBalancerTask.java:processMoveSelection(569)) - ContainerBalancer is trying to move container #84 with size 4294967296B from source datanode 7b7a48f3-6e6c-40c8-bae0-dc076d7190a8 to target datanode 2d681fd5-2e55-4a11-859d-3964a107aab2
2023-08-31 10:29:38,333 [main] DEBUG balancer.ContainerBalancerTask (ContainerBalancerTask.java:lambda$moveContainer$3(837)) - Container move completed for container #84 from source 7b7a48f3-6e6c-40c8-bae0-dc076d7190a8 to target 2d681fd5-2e55-4a11-859d-3964a107aab2
2023-08-31 10:29:38,337 [main] DEBUG balancer.ContainerBalancerTask (ContainerBalancerTask.java:matchSourceWithTarget(708)) - ContainerBalancer is finding suitable target for source datanode 0da966ec-d304-4aba-a3c4-6da3d30bdd94
2023-08-31 10:29:38,338 [main] INFO  balancer.ContainerBalancerTask (ContainerBalancerTask.java:matchSourceWithTarget(722)) - ContainerBalancer matched source datanode 0da966ec-d304-4aba-a3c4-6da3d30bdd94 with target datanode 2d681fd5-2e55-4a11-859d-3964a107aab2 for container move.
2023-08-31 10:29:38,338 [main] INFO  balancer.ContainerBalancerTask (ContainerBalancerTask.java:processMoveSelection(569)) - ContainerBalancer is trying to move container #67 with size 4294967296B from source datanode 0da966ec-d304-4aba-a3c4-6da3d30bdd94 to target datanode 2d681fd5-2e55-4a11-859d-3964a107aab2
2023-08-31 10:29:38,338 [main] DEBUG balancer.ContainerBalancerTask (ContainerBalancerTask.java:lambda$moveContainer$3(837)) - Container move completed for container #67 from source 0da966ec-d304-4aba-a3c4-6da3d30bdd94 to target 2d681fd5-2e55-4a11-859d-3964a107aab2
2023-08-31 10:29:38,342 [main] DEBUG balancer.ContainerBalancerTask (ContainerBalancerTask.java:matchSourceWithTarget(708)) - ContainerBalancer is finding suitable target for source datanode 7b7a48f3-6e6c-40c8-bae0-dc076d7190a8
2023-08-31 10:29:38,342 [main] INFO  balancer.ContainerBalancerTask (ContainerBalancerTask.java:matchSourceWithTarget(722)) - ContainerBalancer matched source datanode 7b7a48f3-6e6c-40c8-bae0-dc076d7190a8 with target datanode 2d681fd5-2e55-4a11-859d-3964a107aab2 for container move.
2023-08-31 10:29:38,342 [main] INFO  balancer.ContainerBalancerTask (ContainerBalancerTask.java:processMoveSelection(569)) - ContainerBalancer is trying to move container #83 with size 3221225472B from source datanode 7b7a48f3-6e6c-40c8-bae0-dc076d7190a8 to target datanode 2d681fd5-2e55-4a11-859d-3964a107aab2
2023-08-31 10:29:38,342 [main] DEBUG balancer.ContainerBalancerTask (ContainerBalancerTask.java:lambda$moveContainer$3(837)) - Container move completed for container #83 from source 7b7a48f3-6e6c-40c8-bae0-dc076d7190a8 to target 2d681fd5-2e55-4a11-859d-3964a107aab2
2023-08-31 10:29:38,346 [main] DEBUG balancer.ContainerBalancerTask (ContainerBalancerTask.java:matchSourceWithTarget(708)) - ContainerBalancer is finding suitable target for source datanode 0fd63a37-cd50-44c6-a0ff-79fd9e4bfe1a
2023-08-31 10:29:38,346 [main] INFO  balancer.ContainerBalancerTask (ContainerBalancerTask.java:matchSourceWithTarget(722)) - ContainerBalancer matched source datanode 0fd63a37-cd50-44c6-a0ff-79fd9e4bfe1a with target datanode e4dd84d2-26e1-49fb-97da-c18f91d47e4d for container move.
2023-08-31 10:29:38,346 [main] INFO  balancer.ContainerBalancerTask (ContainerBalancerTask.java:processMoveSelection(569)) - ContainerBalancer is trying to move container #89 with size 4294967296B from source datanode 0fd63a37-cd50-44c6-a0ff-79fd9e4bfe1a to target datanode e4dd84d2-26e1-49fb-97da-c18f91d47e4d
2023-08-31 10:29:38,346 [main] DEBUG balancer.ContainerBalancerTask (ContainerBalancerTask.java:lambda$moveContainer$3(837)) - Container move completed for container #89 from source 0fd63a37-cd50-44c6-a0ff-79fd9e4bfe1a to target e4dd84d2-26e1-49fb-97da-c18f91d47e4d
2023-08-31 10:29:38,351 [main] DEBUG balancer.ContainerBalancerTask (ContainerBalancerTask.java:matchSourceWithTarget(708)) - ContainerBalancer is finding suitable target for source datanode 0da966ec-d304-4aba-a3c4-6da3d30bdd94
2023-08-31 10:29:38,351 [main] INFO  balancer.ContainerBalancerTask (ContainerBalancerTask.java:matchSourceWithTarget(722)) - ContainerBalancer matched source datanode 0da966ec-d304-4aba-a3c4-6da3d30bdd94 with target datanode 2d681fd5-2e55-4a11-859d-3964a107aab2 for container move.
2023-08-31 10:29:38,351 [main] INFO  balancer.ContainerBalancerTask (ContainerBalancerTask.java:processMoveSelection(569)) - ContainerBalancer is trying to move container #52 with size 4294967296B from source datanode 0da966ec-d304-4aba-a3c4-6da3d30bdd94 to target datanode 2d681fd5-2e55-4a11-859d-3964a107aab2
2023-08-31 10:29:38,351 [main] DEBUG balancer.ContainerBalancerTask (ContainerBalancerTask.java:lambda$moveContainer$3(837)) - Container move completed for container #52 from source 0da966ec-d304-4aba-a3c4-6da3d30bdd94 to target 2d681fd5-2e55-4a11-859d-3964a107aab2
2023-08-31 10:29:38,355 [main] DEBUG balancer.ContainerBalancerTask (ContainerBalancerTask.java:matchSourceWithTarget(708)) - ContainerBalancer is finding suitable target for source datanode 7b7a48f3-6e6c-40c8-bae0-dc076d7190a8
2023-08-31 10:29:38,356 [main] INFO  balancer.ContainerBalancerTask (ContainerBalancerTask.java:matchSourceWithTarget(722)) - ContainerBalancer matched source datanode 7b7a48f3-6e6c-40c8-bae0-dc076d7190a8 with target datanode 2d681fd5-2e55-4a11-859d-3964a107aab2 for container move.
2023-08-31 10:29:38,356 [main] INFO  balancer.ContainerBalancerTask (ContainerBalancerTask.java:processMoveSelection(569)) - ContainerBalancer is trying to move container #71 with size 3221225472B from source datanode 7b7a48f3-6e6c-40c8-bae0-dc076d7190a8 to target datanode 2d681fd5-2e55-4a11-859d-3964a107aab2
2023-08-31 10:29:38,356 [main] DEBUG balancer.ContainerBalancerTask (ContainerBalancerTask.java:lambda$moveContainer$3(837)) - Container move completed for container #71 from source 7b7a48f3-6e6c-40c8-bae0-dc076d7190a8 to target 2d681fd5-2e55-4a11-859d-3964a107aab2
2023-08-31 10:29:38,361 [main] DEBUG balancer.ContainerBalancerTask (ContainerBalancerTask.java:matchSourceWithTarget(708)) - ContainerBalancer is finding suitable target for source datanode 0da966ec-d304-4aba-a3c4-6da3d30bdd94
2023-08-31 10:29:38,361 [main] INFO  balancer.ContainerBalancerTask (ContainerBalancerTask.java:matchSourceWithTarget(722)) - ContainerBalancer matched source datanode 0da966ec-d304-4aba-a3c4-6da3d30bdd94 with target datanode 2d681fd5-2e55-4a11-859d-3964a107aab2 for container move.
2023-08-31 10:29:38,361 [main] INFO  balancer.ContainerBalancerTask (ContainerBalancerTask.java:processMoveSelection(569)) - ContainerBalancer is trying to move container #39 with size 4294967296B from source datanode 0da966ec-d304-4aba-a3c4-6da3d30bdd94 to target datanode 2d681fd5-2e55-4a11-859d-3964a107aab2
2023-08-31 10:29:38,361 [main] DEBUG balancer.ContainerBalancerTask (ContainerBalancerTask.java:lambda$moveContainer$3(837)) - Container move completed for container #39 from source 0da966ec-d304-4aba-a3c4-6da3d30bdd94 to target 2d681fd5-2e55-4a11-859d-3964a107aab2
2023-08-31 10:29:38,365 [main] DEBUG balancer.ContainerBalancerTask (ContainerBalancerTask.java:matchSourceWithTarget(708)) - ContainerBalancer is finding suitable target for source datanode 7b7a48f3-6e6c-40c8-bae0-dc076d7190a8
2023-08-31 10:29:38,365 [main] INFO  balancer.ContainerBalancerTask (ContainerBalancerTask.java:matchSourceWithTarget(722)) - ContainerBalancer matched source datanode 7b7a48f3-6e6c-40c8-bae0-dc076d7190a8 with target datanode 2d681fd5-2e55-4a11-859d-3964a107aab2 for container move.
2023-08-31 10:29:38,366 [main] INFO  balancer.ContainerBalancerTask (ContainerBalancerTask.java:processMoveSelection(569)) - ContainerBalancer is trying to move container #66 with size 3221225472B from source datanode 7b7a48f3-6e6c-40c8-bae0-dc076d7190a8 to target datanode 2d681fd5-2e55-4a11-859d-3964a107aab2
2023-08-31 10:29:38,366 [main] DEBUG balancer.ContainerBalancerTask (ContainerBalancerTask.java:lambda$moveContainer$3(837)) - Container move completed for container #66 from source 7b7a48f3-6e6c-40c8-bae0-dc076d7190a8 to target 2d681fd5-2e55-4a11-859d-3964a107aab2
2023-08-31 10:29:38,370 [main] DEBUG balancer.ContainerBalancerTask (ContainerBalancerTask.java:matchSourceWithTarget(708)) - ContainerBalancer is finding suitable target for source datanode 0fd63a37-cd50-44c6-a0ff-79fd9e4bfe1a
2023-08-31 10:29:38,370 [main] INFO  balancer.ContainerBalancerTask (ContainerBalancerTask.java:matchSourceWithTarget(722)) - ContainerBalancer matched source datanode 0fd63a37-cd50-44c6-a0ff-79fd9e4bfe1a with target datanode 2d681fd5-2e55-4a11-859d-3964a107aab2 for container move.
2023-08-31 10:29:38,370 [main] INFO  balancer.ContainerBalancerTask (ContainerBalancerTask.java:processMoveSelection(569)) - ContainerBalancer is trying to move container #86 with size 1073741824B from source datanode 0fd63a37-cd50-44c6-a0ff-79fd9e4bfe1a to target datanode 2d681fd5-2e55-4a11-859d-3964a107aab2
2023-08-31 10:29:38,370 [main] DEBUG balancer.ContainerBalancerTask (ContainerBalancerTask.java:lambda$moveContainer$3(837)) - Container move completed for container #86 from source 0fd63a37-cd50-44c6-a0ff-79fd9e4bfe1a to target 2d681fd5-2e55-4a11-859d-3964a107aab2
2023-08-31 10:29:38,370 [main] WARN  balancer.ContainerBalancerTask (ContainerBalancerTask.java:reachedMaxSizeToMovePerIteration(733)) - Reached max size to move limit. 53687091200 bytes have already been scheduled for balancing and the limit is 53687091200 bytes.
2023-08-31 10:29:38,370 [main] INFO  balancer.ContainerBalancerTask (ContainerBalancerTask.java:checkIterationMoveResults(642)) - Iteration Summary. Number of Datanodes involved: 5. Size moved: 50 GB (53687091200 Bytes). Number of Container moves completed: 13.
2023-08-31 10:29:38,371 [main] INFO  balancer.ContainerBalancerTask (ContainerBalancerTask.java:balance(259)) - Result of this iteration of Container Balancer: ITERATION_COMPLETED
2023-08-31 10:29:38,371 [main] INFO  balancer.ContainerBalancerTask (ContainerBalancerTask.java:tryStopWithSaveConfiguration(308)) - Save Configuration for stopping. Reason: Completed all iterations.
2023-08-31 10:29:38,372 [main] DEBUG balancer.ContainerBalancerTask (ContainerBalancerTask.java:initializeIteration(374)) - Average utilization of the cluster is 0.3844231587733851
2023-08-31 10:29:38,372 [main] DEBUG balancer.ContainerBalancerTask (ContainerBalancerTask.java:initializeIteration(386)) - Lower limit for utilization is 0.20390897602604346 and Upper limit for utilization is 0.5649373415207268
2023-08-31 10:29:38,372 [main] DEBUG balancer.ContainerBalancerTask (ContainerBalancerTask.java:initializeIteration(398)) - Utilization for node 0fd63a37-cd50-44c6-a0ff-79fd9e4bfe1a with capacity 65617555911B, used 59055800320B, and remaining 6561755591B is 0.900000000001524
2023-08-31 10:29:38,372 [main] DEBUG balancer.ContainerBalancerTask (ContainerBalancerTask.java:initializeIteration(398)) - Utilization for node 7b7a48f3-6e6c-40c8-bae0-dc076d7190a8 with capacity 76504104960B, used 61203283968B, and remaining 15300820992B is 0.8
2023-08-31 10:29:38,372 [main] DEBUG balancer.ContainerBalancerTask (ContainerBalancerTask.java:initializeIteration(398)) - Utilization for node 0da966ec-d304-4aba-a3c4-6da3d30bdd94 with capacity 82831512137B, used 57982058496B, and remaining 24849453641B is 0.7000000000012073
2023-08-31 10:29:38,372 [main] DEBUG balancer.ContainerBalancerTask (ContainerBalancerTask.java:initializeIteration(398)) - Utilization for node 54a67142-cf3c-479c-a664-446e6b66c15b with capacity 55476660906B, used 33285996544B, and remaining 22190664362B is 0.6000000000072102
2023-08-31 10:29:38,373 [main] DEBUG balancer.ContainerBalancerTask (ContainerBalancerTask.java:initializeIteration(398)) - Utilization for node e4f2c464-f8de-4df4-9ba1-d9809d16eaa0 with capacity 96636764160B, used 48318382080B, and remaining 48318382080B is 0.5
2023-08-31 10:29:38,373 [main] DEBUG balancer.ContainerBalancerTask (ContainerBalancerTask.java:initializeIteration(398)) - Utilization for node 298e8999-667d-4130-a3f3-d54ad17f81af with capacity 99321118720B, used 39728447488B, and remaining 59592671232B is 0.4
2023-08-31 10:29:38,373 [main] DEBUG balancer.ContainerBalancerTask (ContainerBalancerTask.java:initializeIteration(398)) - Utilization for node ea5c1859-a2ef-4183-83ff-b7e36fcf01d4 with capacity 96636764160B, used 28991029248B, and remaining 67645734912B is 0.3
2023-08-31 10:29:38,373 [main] DEBUG balancer.ContainerBalancerTask (ContainerBalancerTask.java:initializeIteration(398)) - Utilization for node 0f36dd41-558e-4ec6-8642-9fd9e057ab75 with capacity 187904819200B, used 37580963840B, and remaining 150323855360B is 0.2
2023-08-31 10:29:38,373 [main] DEBUG balancer.ContainerBalancerTask (ContainerBalancerTask.java:initializeIteration(398)) - Utilization for node 2d681fd5-2e55-4a11-859d-3964a107aab2 with capacity 225485783040B, used 22548578304B, and remaining 202937204736B is 0.1
2023-08-31 10:29:38,373 [main] DEBUG balancer.ContainerBalancerTask (ContainerBalancerTask.java:initializeIteration(398)) - Utilization for node e4dd84d2-26e1-49fb-97da-c18f91d47e4d with capacity 24696061952B, used 0B, and remaining 24696061952B is 0.0
2023-08-31 10:29:38,373 [main] INFO  balancer.ContainerBalancerTask (ContainerBalancerTask.java:initializeIteration(447)) - Container Balancer has identified 4 Over-Utilized and 3 Under-Utilized Datanodes that need to be balanced.
2023-08-31 10:29:38,373 [main] DEBUG balancer.ContainerBalancerTask (ContainerBalancerTask.java:lambda$initializeIteration$1(453)) - Datanode localhost-116.130.156.111 0fd63a37-cd50-44c6-a0ff-79fd9e4bfe1a is Over-Utilized.
2023-08-31 10:29:38,373 [main] DEBUG balancer.ContainerBalancerTask (ContainerBalancerTask.java:lambda$initializeIteration$1(453)) - Datanode localhost-241.232.196.95 7b7a48f3-6e6c-40c8-bae0-dc076d7190a8 is Over-Utilized.
2023-08-31 10:29:38,373 [main] DEBUG balancer.ContainerBalancerTask (ContainerBalancerTask.java:lambda$initializeIteration$1(453)) - Datanode localhost-212.248.109.79 0da966ec-d304-4aba-a3c4-6da3d30bdd94 is Over-Utilized.
2023-08-31 10:29:38,374 [main] DEBUG balancer.ContainerBalancerTask (ContainerBalancerTask.java:lambda$initializeIteration$1(453)) - Datanode localhost-231.218.40.56 54a67142-cf3c-479c-a664-446e6b66c15b is Over-Utilized.
2023-08-31 10:29:38,374 [main] DEBUG balancer.ContainerBalancerTask (ContainerBalancerTask.java:lambda$initializeIteration$2(459)) - Datanode localhost-83.167.164.80 e4dd84d2-26e1-49fb-97da-c18f91d47e4d is Under-Utilized.
2023-08-31 10:29:38,374 [main] DEBUG balancer.ContainerBalancerTask (ContainerBalancerTask.java:lambda$initializeIteration$2(459)) - Datanode localhost-228.245.218.11 2d681fd5-2e55-4a11-859d-3964a107aab2 is Under-Utilized.
2023-08-31 10:29:38,374 [main] DEBUG balancer.ContainerBalancerTask (ContainerBalancerTask.java:lambda$initializeIteration$2(459)) - Datanode localhost-79.203.57.104 0f36dd41-558e-4ec6-8642-9fd9e057ab75 is Under-Utilized.
2023-08-31 10:29:38,377 [main] DEBUG balancer.ContainerBalancerTask (ContainerBalancerTask.java:matchSourceWithTarget(708)) - ContainerBalancer is finding suitable target for source datanode 0fd63a37-cd50-44c6-a0ff-79fd9e4bfe1a
2023-08-31 10:29:38,377 [main] INFO  balancer.ContainerBalancerTask (ContainerBalancerTask.java:matchSourceWithTarget(722)) - ContainerBalancer matched source datanode 0fd63a37-cd50-44c6-a0ff-79fd9e4bfe1a with target datanode e4dd84d2-26e1-49fb-97da-c18f91d47e4d for container move.
2023-08-31 10:29:38,378 [main] INFO  balancer.ContainerBalancerTask (ContainerBalancerTask.java:processMoveSelection(569)) - ContainerBalancer is trying to move container #85 with size 5368709120B from source datanode 0fd63a37-cd50-44c6-a0ff-79fd9e4bfe1a to target datanode e4dd84d2-26e1-49fb-97da-c18f91d47e4d
2023-08-31 10:29:38,378 [main] DEBUG balancer.ContainerBalancerTask (ContainerBalancerTask.java:lambda$moveContainer$3(837)) - Container move completed for container #85 from source 0fd63a37-cd50-44c6-a0ff-79fd9e4bfe1a to target e4dd84d2-26e1-49fb-97da-c18f91d47e4d
2023-08-31 10:29:38,381 [main] DEBUG balancer.ContainerBalancerTask (ContainerBalancerTask.java:matchSourceWithTarget(708)) - ContainerBalancer is finding suitable target for source datanode 0fd63a37-cd50-44c6-a0ff-79fd9e4bfe1a
2023-08-31 10:29:38,381 [main] INFO  balancer.ContainerBalancerTask (ContainerBalancerTask.java:matchSourceWithTarget(722)) - ContainerBalancer matched source datanode 0fd63a37-cd50-44c6-a0ff-79fd9e4bfe1a with target datanode 2d681fd5-2e55-4a11-859d-3964a107aab2 for container move.
2023-08-31 10:29:38,381 [main] INFO  balancer.ContainerBalancerTask (ContainerBalancerTask.java:processMoveSelection(569)) - ContainerBalancer is trying to move container #68 with size 5368709120B from source datanode 0fd63a37-cd50-44c6-a0ff-79fd9e4bfe1a to target datanode 2d681fd5-2e55-4a11-859d-3964a107aab2
2023-08-31 10:29:38,381 [main] DEBUG balancer.ContainerBalancerTask (ContainerBalancerTask.java:lambda$moveContainer$3(837)) - Container move completed for container #68 from source 0fd63a37-cd50-44c6-a0ff-79fd9e4bfe1a to target 2d681fd5-2e55-4a11-859d-3964a107aab2
2023-08-31 10:29:38,385 [main] DEBUG balancer.ContainerBalancerTask (ContainerBalancerTask.java:matchSourceWithTarget(708)) - ContainerBalancer is finding suitable target for source datanode 7b7a48f3-6e6c-40c8-bae0-dc076d7190a8
2023-08-31 10:29:38,385 [main] INFO  balancer.ContainerBalancerTask (ContainerBalancerTask.java:matchSourceWithTarget(722)) - ContainerBalancer matched source datanode 7b7a48f3-6e6c-40c8-bae0-dc076d7190a8 with target datanode 2d681fd5-2e55-4a11-859d-3964a107aab2 for container move.
2023-08-31 10:29:38,385 [main] INFO  balancer.ContainerBalancerTask (ContainerBalancerTask.java:processMoveSelection(569)) - ContainerBalancer is trying to move container #53 with size 5368709120B from source datanode 7b7a48f3-6e6c-40c8-bae0-dc076d7190a8 to target datanode 2d681fd5-2e55-4a11-859d-3964a107aab2
2023-08-31 10:29:38,386 [main] DEBUG balancer.ContainerBalancerTask (ContainerBalancerTask.java:lambda$moveContainer$3(837)) - Container move completed for container #53 from source 7b7a48f3-6e6c-40c8-bae0-dc076d7190a8 to target 2d681fd5-2e55-4a11-859d-3964a107aab2
2023-08-31 10:29:38,389 [main] DEBUG balancer.ContainerBalancerTask (ContainerBalancerTask.java:matchSourceWithTarget(708)) - ContainerBalancer is finding suitable target for source datanode 0fd63a37-cd50-44c6-a0ff-79fd9e4bfe1a
2023-08-31 10:29:38,389 [main] INFO  balancer.ContainerBalancerTask (ContainerBalancerTask.java:matchSourceWithTarget(722)) - ContainerBalancer matched source datanode 0fd63a37-cd50-44c6-a0ff-79fd9e4bfe1a with target datanode 2d681fd5-2e55-4a11-859d-3964a107aab2 for container move.
2023-08-31 10:29:38,389 [main] INFO  balancer.ContainerBalancerTask (ContainerBalancerTask.java:processMoveSelection(569)) - ContainerBalancer is trying to move container #29 with size 5368709120B from source datanode 0fd63a37-cd50-44c6-a0ff-79fd9e4bfe1a to target datanode 2d681fd5-2e55-4a11-859d-3964a107aab2
2023-08-31 10:29:38,389 [main] DEBUG balancer.ContainerBalancerTask (ContainerBalancerTask.java:lambda$moveContainer$3(837)) - Container move completed for container #29 from source 0fd63a37-cd50-44c6-a0ff-79fd9e4bfe1a to target 2d681fd5-2e55-4a11-859d-3964a107aab2
2023-08-31 10:29:38,393 [main] DEBUG balancer.ContainerBalancerTask (ContainerBalancerTask.java:matchSourceWithTarget(708)) - ContainerBalancer is finding suitable target for source datanode 7b7a48f3-6e6c-40c8-bae0-dc076d7190a8
2023-08-31 10:29:38,393 [main] INFO  balancer.ContainerBalancerTask (ContainerBalancerTask.java:matchSourceWithTarget(722)) - ContainerBalancer matched source datanode 7b7a48f3-6e6c-40c8-bae0-dc076d7190a8 with target datanode 2d681fd5-2e55-4a11-859d-3964a107aab2 for container move.
2023-08-31 10:29:38,393 [main] INFO  balancer.ContainerBalancerTask (ContainerBalancerTask.java:processMoveSelection(569)) - ContainerBalancer is trying to move container #84 with size 4294967296B from source datanode 7b7a48f3-6e6c-40c8-bae0-dc076d7190a8 to target datanode 2d681fd5-2e55-4a11-859d-3964a107aab2
2023-08-31 10:29:38,394 [main] DEBUG balancer.ContainerBalancerTask (ContainerBalancerTask.java:lambda$moveContainer$3(837)) - Container move completed for container #84 from source 7b7a48f3-6e6c-40c8-bae0-dc076d7190a8 to target 2d681fd5-2e55-4a11-859d-3964a107aab2
2023-08-31 10:29:38,398 [main] DEBUG balancer.ContainerBalancerTask (ContainerBalancerTask.java:matchSourceWithTarget(708)) - ContainerBalancer is finding suitable target for source datanode 0da966ec-d304-4aba-a3c4-6da3d30bdd94
2023-08-31 10:29:38,398 [main] INFO  balancer.ContainerBalancerTask (ContainerBalancerTask.java:matchSourceWithTarget(722)) - ContainerBalancer matched source datanode 0da966ec-d304-4aba-a3c4-6da3d30bdd94 with target datanode 2d681fd5-2e55-4a11-859d-3964a107aab2 for container move.
2023-08-31 10:29:38,398 [main] INFO  balancer.ContainerBalancerTask (ContainerBalancerTask.java:processMoveSelection(569)) - ContainerBalancer is trying to move container #67 with size 4294967296B from source datanode 0da966ec-d304-4aba-a3c4-6da3d30bdd94 to target datanode 2d681fd5-2e55-4a11-859d-3964a107aab2
2023-08-31 10:29:38,398 [main] DEBUG balancer.ContainerBalancerTask (ContainerBalancerTask.java:lambda$moveContainer$3(837)) - Container move completed for container #67 from source 0da966ec-d304-4aba-a3c4-6da3d30bdd94 to target 2d681fd5-2e55-4a11-859d-3964a107aab2
2023-08-31 10:29:38,402 [main] DEBUG balancer.ContainerBalancerTask (ContainerBalancerTask.java:matchSourceWithTarget(708)) - ContainerBalancer is finding suitable target for source datanode 7b7a48f3-6e6c-40c8-bae0-dc076d7190a8
2023-08-31 10:29:38,402 [main] INFO  balancer.ContainerBalancerTask (ContainerBalancerTask.java:matchSourceWithTarget(722)) - ContainerBalancer matched source datanode 7b7a48f3-6e6c-40c8-bae0-dc076d7190a8 with target datanode 0f36dd41-558e-4ec6-8642-9fd9e057ab75 for container move.
2023-08-31 10:29:38,402 [main] INFO  balancer.ContainerBalancerTask (ContainerBalancerTask.java:processMoveSelection(569)) - ContainerBalancer is trying to move container #71 with size 3221225472B from source datanode 7b7a48f3-6e6c-40c8-bae0-dc076d7190a8 to target datanode 0f36dd41-558e-4ec6-8642-9fd9e057ab75
2023-08-31 10:29:38,403 [main] DEBUG balancer.ContainerBalancerTask (ContainerBalancerTask.java:lambda$moveContainer$3(837)) - Container move completed for container #71 from source 7b7a48f3-6e6c-40c8-bae0-dc076d7190a8 to target 0f36dd41-558e-4ec6-8642-9fd9e057ab75
2023-08-31 10:29:38,406 [main] DEBUG balancer.ContainerBalancerTask (ContainerBalancerTask.java:matchSourceWithTarget(708)) - ContainerBalancer is finding suitable target for source datanode 0fd63a37-cd50-44c6-a0ff-79fd9e4bfe1a
2023-08-31 10:29:38,406 [main] INFO  balancer.ContainerBalancerTask (ContainerBalancerTask.java:matchSourceWithTarget(722)) - ContainerBalancer matched source datanode 0fd63a37-cd50-44c6-a0ff-79fd9e4bfe1a with target datanode 2d681fd5-2e55-4a11-859d-3964a107aab2 for container move.
2023-08-31 10:29:38,406 [main] INFO  balancer.ContainerBalancerTask (ContainerBalancerTask.java:processMoveSelection(569)) - ContainerBalancer is trying to move container #52 with size 4294967296B from source datanode 0fd63a37-cd50-44c6-a0ff-79fd9e4bfe1a to target datanode 2d681fd5-2e55-4a11-859d-3964a107aab2
2023-08-31 10:29:38,406 [main] DEBUG balancer.ContainerBalancerTask (ContainerBalancerTask.java:lambda$moveContainer$3(837)) - Container move completed for container #52 from source 0fd63a37-cd50-44c6-a0ff-79fd9e4bfe1a to target 2d681fd5-2e55-4a11-859d-3964a107aab2
2023-08-31 10:29:38,411 [main] DEBUG balancer.ContainerBalancerTask (ContainerBalancerTask.java:matchSourceWithTarget(708)) - ContainerBalancer is finding suitable target for source datanode 0da966ec-d304-4aba-a3c4-6da3d30bdd94
2023-08-31 10:29:38,411 [main] INFO  balancer.ContainerBalancerTask (ContainerBalancerTask.java:matchSourceWithTarget(722)) - ContainerBalancer matched source datanode 0da966ec-d304-4aba-a3c4-6da3d30bdd94 with target datanode 0f36dd41-558e-4ec6-8642-9fd9e057ab75 for container move.
2023-08-31 10:29:38,411 [main] INFO  balancer.ContainerBalancerTask (ContainerBalancerTask.java:processMoveSelection(569)) - ContainerBalancer is trying to move container #39 with size 4294967296B from source datanode 0da966ec-d304-4aba-a3c4-6da3d30bdd94 to target datanode 0f36dd41-558e-4ec6-8642-9fd9e057ab75
2023-08-31 10:29:38,411 [main] DEBUG balancer.ContainerBalancerTask (ContainerBalancerTask.java:lambda$moveContainer$3(837)) - Container move completed for container #39 from source 0da966ec-d304-4aba-a3c4-6da3d30bdd94 to target 0f36dd41-558e-4ec6-8642-9fd9e057ab75
2023-08-31 10:29:38,415 [main] DEBUG balancer.ContainerBalancerTask (ContainerBalancerTask.java:matchSourceWithTarget(708)) - ContainerBalancer is finding suitable target for source datanode 7b7a48f3-6e6c-40c8-bae0-dc076d7190a8
2023-08-31 10:29:38,415 [main] INFO  balancer.ContainerBalancerTask (ContainerBalancerTask.java:matchSourceWithTarget(722)) - ContainerBalancer matched source datanode 7b7a48f3-6e6c-40c8-bae0-dc076d7190a8 with target datanode e4dd84d2-26e1-49fb-97da-c18f91d47e4d for container move.
2023-08-31 10:29:38,416 [main] INFO  balancer.ContainerBalancerTask (ContainerBalancerTask.java:processMoveSelection(569)) - ContainerBalancer is trying to move container #89 with size 4294967296B from source datanode 7b7a48f3-6e6c-40c8-bae0-dc076d7190a8 to target datanode e4dd84d2-26e1-49fb-97da-c18f91d47e4d
2023-08-31 10:29:38,416 [main] DEBUG balancer.ContainerBalancerTask (ContainerBalancerTask.java:lambda$moveContainer$3(837)) - Container move completed for container #89 from source 7b7a48f3-6e6c-40c8-bae0-dc076d7190a8 to target e4dd84d2-26e1-49fb-97da-c18f91d47e4d
2023-08-31 10:29:38,418 [main] DEBUG balancer.ContainerBalancerTask (ContainerBalancerTask.java:matchSourceWithTarget(708)) - ContainerBalancer is finding suitable target for source datanode 54a67142-cf3c-479c-a664-446e6b66c15b
2023-08-31 10:29:38,419 [main] INFO  balancer.ContainerBalancerTask (ContainerBalancerTask.java:matchSourceWithTarget(722)) - ContainerBalancer matched source datanode 54a67142-cf3c-479c-a664-446e6b66c15b with target datanode 2d681fd5-2e55-4a11-859d-3964a107aab2 for container move.
2023-08-31 10:29:38,419 [main] INFO  balancer.ContainerBalancerTask (ContainerBalancerTask.java:processMoveSelection(569)) - ContainerBalancer is trying to move container #19 with size 4294967296B from source datanode 54a67142-cf3c-479c-a664-446e6b66c15b to target datanode 2d681fd5-2e55-4a11-859d-3964a107aab2
2023-08-31 10:29:38,419 [main] DEBUG balancer.ContainerBalancerTask (ContainerBalancerTask.java:lambda$moveContainer$3(837)) - Container move completed for container #19 from source 54a67142-cf3c-479c-a664-446e6b66c15b to target 2d681fd5-2e55-4a11-859d-3964a107aab2
2023-08-31 10:29:38,423 [main] DEBUG balancer.ContainerBalancerTask (ContainerBalancerTask.java:matchSourceWithTarget(708)) - ContainerBalancer is finding suitable target for source datanode 0da966ec-d304-4aba-a3c4-6da3d30bdd94
2023-08-31 10:29:38,424 [main] INFO  balancer.ContainerBalancerTask (ContainerBalancerTask.java:matchSourceWithTarget(722)) - ContainerBalancer matched source datanode 0da966ec-d304-4aba-a3c4-6da3d30bdd94 with target datanode 0f36dd41-558e-4ec6-8642-9fd9e057ab75 for container move.
2023-08-31 10:29:38,424 [main] INFO  balancer.ContainerBalancerTask (ContainerBalancerTask.java:processMoveSelection(569)) - ContainerBalancer is trying to move container #88 with size 3221225472B from source datanode 0da966ec-d304-4aba-a3c4-6da3d30bdd94 to target datanode 0f36dd41-558e-4ec6-8642-9fd9e057ab75
2023-08-31 10:29:38,424 [main] DEBUG balancer.ContainerBalancerTask (ContainerBalancerTask.java:lambda$moveContainer$3(837)) - Container move completed for container #88 from source 0da966ec-d304-4aba-a3c4-6da3d30bdd94 to target 0f36dd41-558e-4ec6-8642-9fd9e057ab75
2023-08-31 10:29:38,424 [main] WARN  balancer.ContainerBalancerTask (ContainerBalancerTask.java:reachedMaxSizeToMovePerIteration(733)) - Reached max size to move limit. 53687091200 bytes have already been scheduled for balancing and the limit is 53687091200 bytes.
2023-08-31 10:29:38,424 [main] INFO  balancer.ContainerBalancerTask (ContainerBalancerTask.java:checkIterationMoveResults(642)) - Iteration Summary. Number of Datanodes involved: 7. Size moved: 50 GB (53687091200 Bytes). Number of Container moves completed: 12.
2023-08-31 10:29:38,424 [main] INFO  balancer.ContainerBalancerTask (ContainerBalancerTask.java:balance(259)) - Result of this iteration of Container Balancer: ITERATION_COMPLETED
2023-08-31 10:29:38,425 [main] INFO  balancer.ContainerBalancerTask (ContainerBalancerTask.java:tryStopWithSaveConfiguration(308)) - Save Configuration for stopping. Reason: Completed all iterations.
2023-08-31 10:29:38,425 [main] DEBUG balancer.ContainerBalancerTask (ContainerBalancerTask.java:initializeIteration(374)) - Average utilization of the cluster is 0.3844231587733851
2023-08-31 10:29:38,426 [main] DEBUG balancer.ContainerBalancerTask (ContainerBalancerTask.java:initializeIteration(386)) - Lower limit for utilization is 0.04939652299226832 and Upper limit for utilization is 0.719449794554502
2023-08-31 10:29:38,426 [main] DEBUG balancer.ContainerBalancerTask (ContainerBalancerTask.java:initializeIteration(398)) - Utilization for node 0fd63a37-cd50-44c6-a0ff-79fd9e4bfe1a with capacity 65617555911B, used 59055800320B, and remaining 6561755591B is 0.900000000001524
2023-08-31 10:29:38,426 [main] DEBUG balancer.ContainerBalancerTask (ContainerBalancerTask.java:initializeIteration(398)) - Utilization for node 7b7a48f3-6e6c-40c8-bae0-dc076d7190a8 with capacity 76504104960B, used 61203283968B, and remaining 15300820992B is 0.8
2023-08-31 10:29:38,426 [main] DEBUG balancer.ContainerBalancerTask (ContainerBalancerTask.java:initializeIteration(398)) - Utilization for node 0da966ec-d304-4aba-a3c4-6da3d30bdd94 with capacity 82831512137B, used 57982058496B, and remaining 24849453641B is 0.7000000000012073
2023-08-31 10:29:38,426 [main] DEBUG balancer.ContainerBalancerTask (ContainerBalancerTask.java:initializeIteration(398)) - Utilization for node 54a67142-cf3c-479c-a664-446e6b66c15b with capacity 55476660906B, used 33285996544B, and remaining 22190664362B is 0.6000000000072102
2023-08-31 10:29:38,426 [main] DEBUG balancer.ContainerBalancerTask (ContainerBalancerTask.java:initializeIteration(398)) - Utilization for node e4f2c464-f8de-4df4-9ba1-d9809d16eaa0 with capacity 96636764160B, used 48318382080B, and remaining 48318382080B is 0.5
2023-08-31 10:29:38,426 [main] DEBUG balancer.ContainerBalancerTask (ContainerBalancerTask.java:initializeIteration(398)) - Utilization for node 298e8999-667d-4130-a3f3-d54ad17f81af with capacity 99321118720B, used 39728447488B, and remaining 59592671232B is 0.4
2023-08-31 10:29:38,426 [main] DEBUG balancer.ContainerBalancerTask (ContainerBalancerTask.java:initializeIteration(398)) - Utilization for node ea5c1859-a2ef-4183-83ff-b7e36fcf01d4 with capacity 96636764160B, used 28991029248B, and remaining 67645734912B is 0.3
2023-08-31 10:29:38,426 [main] DEBUG balancer.ContainerBalancerTask (ContainerBalancerTask.java:initializeIteration(398)) - Utilization for node 0f36dd41-558e-4ec6-8642-9fd9e057ab75 with capacity 187904819200B, used 37580963840B, and remaining 150323855360B is 0.2
2023-08-31 10:29:38,426 [main] DEBUG balancer.ContainerBalancerTask (ContainerBalancerTask.java:initializeIteration(398)) - Utilization for node 2d681fd5-2e55-4a11-859d-3964a107aab2 with capacity 225485783040B, used 22548578304B, and remaining 202937204736B is 0.1
2023-08-31 10:29:38,427 [main] DEBUG balancer.ContainerBalancerTask (ContainerBalancerTask.java:initializeIteration(398)) - Utilization for node e4dd84d2-26e1-49fb-97da-c18f91d47e4d with capacity 24696061952B, used 0B, and remaining 24696061952B is 0.0
2023-08-31 10:29:38,427 [main] INFO  balancer.ContainerBalancerTask (ContainerBalancerTask.java:initializeIteration(447)) - Container Balancer has identified 2 Over-Utilized and 1 Under-Utilized Datanodes that need to be balanced.
2023-08-31 10:29:38,427 [main] DEBUG balancer.ContainerBalancerTask (ContainerBalancerTask.java:lambda$initializeIteration$1(453)) - Datanode localhost-116.130.156.111 0fd63a37-cd50-44c6-a0ff-79fd9e4bfe1a is Over-Utilized.
2023-08-31 10:29:38,427 [main] DEBUG balancer.ContainerBalancerTask (ContainerBalancerTask.java:lambda$initializeIteration$1(453)) - Datanode localhost-241.232.196.95 7b7a48f3-6e6c-40c8-bae0-dc076d7190a8 is Over-Utilized.
2023-08-31 10:29:38,427 [main] DEBUG balancer.ContainerBalancerTask (ContainerBalancerTask.java:lambda$initializeIteration$2(459)) - Datanode localhost-83.167.164.80 e4dd84d2-26e1-49fb-97da-c18f91d47e4d is Under-Utilized.
2023-08-31 10:29:38,430 [main] DEBUG balancer.ContainerBalancerTask (ContainerBalancerTask.java:matchSourceWithTarget(708)) - ContainerBalancer is finding suitable target for source datanode 0fd63a37-cd50-44c6-a0ff-79fd9e4bfe1a
2023-08-31 10:29:38,430 [main] INFO  balancer.ContainerBalancerTask (ContainerBalancerTask.java:matchSourceWithTarget(722)) - ContainerBalancer matched source datanode 0fd63a37-cd50-44c6-a0ff-79fd9e4bfe1a with target datanode e4dd84d2-26e1-49fb-97da-c18f91d47e4d for container move.
2023-08-31 10:29:38,430 [main] INFO  balancer.ContainerBalancerTask (ContainerBalancerTask.java:processMoveSelection(569)) - ContainerBalancer is trying to move container #85 with size 5368709120B from source datanode 0fd63a37-cd50-44c6-a0ff-79fd9e4bfe1a to target datanode e4dd84d2-26e1-49fb-97da-c18f91d47e4d
2023-08-31 10:29:38,430 [main] DEBUG balancer.ContainerBalancerTask (ContainerBalancerTask.java:lambda$moveContainer$3(837)) - Container move completed for container #85 from source 0fd63a37-cd50-44c6-a0ff-79fd9e4bfe1a to target e4dd84d2-26e1-49fb-97da-c18f91d47e4d
2023-08-31 10:29:38,433 [main] DEBUG balancer.ContainerBalancerTask (ContainerBalancerTask.java:matchSourceWithTarget(708)) - ContainerBalancer is finding suitable target for source datanode 0fd63a37-cd50-44c6-a0ff-79fd9e4bfe1a
2023-08-31 10:29:38,434 [main] INFO  balancer.ContainerBalancerTask (ContainerBalancerTask.java:matchSourceWithTarget(722)) - ContainerBalancer matched source datanode 0fd63a37-cd50-44c6-a0ff-79fd9e4bfe1a with target datanode e4dd84d2-26e1-49fb-97da-c18f91d47e4d for container move.
2023-08-31 10:29:38,434 [main] INFO  balancer.ContainerBalancerTask (ContainerBalancerTask.java:processMoveSelection(569)) - ContainerBalancer is trying to move container #68 with size 5368709120B from source datanode 0fd63a37-cd50-44c6-a0ff-79fd9e4bfe1a to target datanode e4dd84d2-26e1-49fb-97da-c18f91d47e4d
2023-08-31 10:29:38,434 [main] DEBUG balancer.ContainerBalancerTask (ContainerBalancerTask.java:lambda$moveContainer$3(837)) - Container move completed for container #68 from source 0fd63a37-cd50-44c6-a0ff-79fd9e4bfe1a to target e4dd84d2-26e1-49fb-97da-c18f91d47e4d
2023-08-31 10:29:38,437 [main] DEBUG balancer.ContainerBalancerTask (ContainerBalancerTask.java:matchSourceWithTarget(708)) - ContainerBalancer is finding suitable target for source datanode 7b7a48f3-6e6c-40c8-bae0-dc076d7190a8
2023-08-31 10:29:38,437 [main] INFO  balancer.ContainerBalancerTask (ContainerBalancerTask.java:matchSourceWithTarget(722)) - ContainerBalancer matched source datanode 7b7a48f3-6e6c-40c8-bae0-dc076d7190a8 with target datanode e4dd84d2-26e1-49fb-97da-c18f91d47e4d for container move.
2023-08-31 10:29:38,437 [main] INFO  balancer.ContainerBalancerTask (ContainerBalancerTask.java:processMoveSelection(569)) - ContainerBalancer is trying to move container #53 with size 5368709120B from source datanode 7b7a48f3-6e6c-40c8-bae0-dc076d7190a8 to target datanode e4dd84d2-26e1-49fb-97da-c18f91d47e4d
2023-08-31 10:29:38,438 [main] DEBUG balancer.ContainerBalancerTask (ContainerBalancerTask.java:lambda$moveContainer$3(837)) - Container move completed for container #53 from source 7b7a48f3-6e6c-40c8-bae0-dc076d7190a8 to target e4dd84d2-26e1-49fb-97da-c18f91d47e4d
2023-08-31 10:29:38,441 [main] DEBUG balancer.ContainerBalancerTask (ContainerBalancerTask.java:matchSourceWithTarget(708)) - ContainerBalancer is finding suitable target for source datanode 0fd63a37-cd50-44c6-a0ff-79fd9e4bfe1a
2023-08-31 10:29:38,441 [main] INFO  balancer.ContainerBalancerTask (ContainerBalancerTask.java:matchSourceWithTarget(722)) - ContainerBalancer matched source datanode 0fd63a37-cd50-44c6-a0ff-79fd9e4bfe1a with target datanode e4dd84d2-26e1-49fb-97da-c18f91d47e4d for container move.
2023-08-31 10:29:38,441 [main] INFO  balancer.ContainerBalancerTask (ContainerBalancerTask.java:processMoveSelection(569)) - ContainerBalancer is trying to move container #86 with size 1073741824B from source datanode 0fd63a37-cd50-44c6-a0ff-79fd9e4bfe1a to target datanode e4dd84d2-26e1-49fb-97da-c18f91d47e4d
2023-08-31 10:29:38,442 [main] DEBUG balancer.ContainerBalancerTask (ContainerBalancerTask.java:lambda$moveContainer$3(837)) - Container move completed for container #86 from source 0fd63a37-cd50-44c6-a0ff-79fd9e4bfe1a to target e4dd84d2-26e1-49fb-97da-c18f91d47e4d
2023-08-31 10:29:38,445 [main] DEBUG balancer.ContainerBalancerTask (ContainerBalancerTask.java:matchSourceWithTarget(708)) - ContainerBalancer is finding suitable target for source datanode 7b7a48f3-6e6c-40c8-bae0-dc076d7190a8
2023-08-31 10:29:38,446 [main] INFO  balancer.FindTargetGreedyByUsageInfo (AbstractFindTargetGreedy.java:findTargetForContainerMove(133)) - Container Balancer could not find a target for source datanode 7b7a48f3-6e6c-40c8-bae0-dc076d7190a8
2023-08-31 10:29:38,446 [main] DEBUG balancer.ContainerBalancerTask (ContainerBalancerTask.java:matchSourceWithTarget(717)) - ContainerBalancer could not find a suitable target for source node 7b7a48f3-6e6c-40c8-bae0-dc076d7190a8.
2023-08-31 10:29:38,449 [main] DEBUG balancer.ContainerBalancerTask (ContainerBalancerTask.java:matchSourceWithTarget(708)) - ContainerBalancer is finding suitable target for source datanode 0fd63a37-cd50-44c6-a0ff-79fd9e4bfe1a
2023-08-31 10:29:38,450 [main] INFO  balancer.FindTargetGreedyByUsageInfo (AbstractFindTargetGreedy.java:findTargetForContainerMove(133)) - Container Balancer could not find a target for source datanode 0fd63a37-cd50-44c6-a0ff-79fd9e4bfe1a
2023-08-31 10:29:38,450 [main] DEBUG balancer.ContainerBalancerTask (ContainerBalancerTask.java:matchSourceWithTarget(717)) - ContainerBalancer could not find a suitable target for source node 0fd63a37-cd50-44c6-a0ff-79fd9e4bfe1a.
2023-08-31 10:29:38,450 [main] INFO  balancer.FindSourceGreedy (FindSourceGreedy.java:getNextCandidateSourceDataNode(126)) - no more candidate source data node
2023-08-31 10:29:38,450 [main] INFO  balancer.ContainerBalancerTask (ContainerBalancerTask.java:checkIterationMoveResults(642)) - Iteration Summary. Number of Datanodes involved: 3. Size moved: 16 GB (17179869184 Bytes). Number of Container moves completed: 4.
2023-08-31 10:29:38,450 [main] INFO  balancer.ContainerBalancerTask (ContainerBalancerTask.java:balance(259)) - Result of this iteration of Container Balancer: ITERATION_COMPLETED
2023-08-31 10:29:38,450 [main] INFO  balancer.ContainerBalancerTask (ContainerBalancerTask.java:tryStopWithSaveConfiguration(308)) - Save Configuration for stopping. Reason: Completed all iterations.
2023-08-31 10:29:38,451 [main] DEBUG balancer.ContainerBalancerTask (ContainerBalancerTask.java:initializeIteration(374)) - Average utilization of the cluster is 0.3844231587733851
2023-08-31 10:29:38,451 [main] DEBUG balancer.ContainerBalancerTask (ContainerBalancerTask.java:initializeIteration(386)) - Lower limit for utilization is -0.441715962396051 and Upper limit for utilization is 1.2105622799428213
2023-08-31 10:29:38,452 [main] DEBUG balancer.ContainerBalancerTask (ContainerBalancerTask.java:initializeIteration(398)) - Utilization for node 0fd63a37-cd50-44c6-a0ff-79fd9e4bfe1a with capacity 65617555911B, used 59055800320B, and remaining 6561755591B is 0.900000000001524
2023-08-31 10:29:38,452 [main] DEBUG balancer.ContainerBalancerTask (ContainerBalancerTask.java:initializeIteration(398)) - Utilization for node 7b7a48f3-6e6c-40c8-bae0-dc076d7190a8 with capacity 76504104960B, used 61203283968B, and remaining 15300820992B is 0.8
2023-08-31 10:29:38,452 [main] DEBUG balancer.ContainerBalancerTask (ContainerBalancerTask.java:initializeIteration(398)) - Utilization for node 0da966ec-d304-4aba-a3c4-6da3d30bdd94 with capacity 82831512137B, used 57982058496B, and remaining 24849453641B is 0.7000000000012073
2023-08-31 10:29:38,452 [main] DEBUG balancer.ContainerBalancerTask (ContainerBalancerTask.java:initializeIteration(398)) - Utilization for node 54a67142-cf3c-479c-a664-446e6b66c15b with capacity 55476660906B, used 33285996544B, and remaining 22190664362B is 0.6000000000072102
2023-08-31 10:29:38,452 [main] DEBUG balancer.ContainerBalancerTask (ContainerBalancerTask.java:initializeIteration(398)) - Utilization for node e4f2c464-f8de-4df4-9ba1-d9809d16eaa0 with capacity 96636764160B, used 48318382080B, and remaining 48318382080B is 0.5
2023-08-31 10:29:38,452 [main] DEBUG balancer.ContainerBalancerTask (ContainerBalancerTask.java:initializeIteration(398)) - Utilization for node 298e8999-667d-4130-a3f3-d54ad17f81af with capacity 99321118720B, used 39728447488B, and remaining 59592671232B is 0.4
2023-08-31 10:29:38,452 [main] DEBUG balancer.ContainerBalancerTask (ContainerBalancerTask.java:initializeIteration(398)) - Utilization for node ea5c1859-a2ef-4183-83ff-b7e36fcf01d4 with capacity 96636764160B, used 28991029248B, and remaining 67645734912B is 0.3
2023-08-31 10:29:38,452 [main] DEBUG balancer.ContainerBalancerTask (ContainerBalancerTask.java:initializeIteration(398)) - Utilization for node 0f36dd41-558e-4ec6-8642-9fd9e057ab75 with capacity 187904819200B, used 37580963840B, and remaining 150323855360B is 0.2
2023-08-31 10:29:38,452 [main] DEBUG balancer.ContainerBalancerTask (ContainerBalancerTask.java:initializeIteration(398)) - Utilization for node 2d681fd5-2e55-4a11-859d-3964a107aab2 with capacity 225485783040B, used 22548578304B, and remaining 202937204736B is 0.1
2023-08-31 10:29:38,453 [main] DEBUG balancer.ContainerBalancerTask (ContainerBalancerTask.java:initializeIteration(398)) - Utilization for node e4dd84d2-26e1-49fb-97da-c18f91d47e4d with capacity 24696061952B, used 0B, and remaining 24696061952B is 0.0
2023-08-31 10:29:38,453 [main] INFO  balancer.ContainerBalancerTask (ContainerBalancerTask.java:initializeIteration(443)) - Did not find any unbalanced Datanodes.
2023-08-31 10:29:38,453 [main] INFO  balancer.ContainerBalancerTask (ContainerBalancerTask.java:tryStopWithSaveConfiguration(308)) - Save Configuration for stopping. Reason: Could not initialize ContainerBalancer's iteration number 0
2023-08-31 10:29:38,454 [main] DEBUG balancer.ContainerBalancerTask (ContainerBalancerTask.java:initializeIteration(374)) - Average utilization of the cluster is 0.3844231587733851
2023-08-31 10:29:38,454 [main] DEBUG balancer.ContainerBalancerTask (ContainerBalancerTask.java:initializeIteration(386)) - Lower limit for utilization is -0.05312031504853071 and Upper limit for utilization is 0.821966632595301
2023-08-31 10:29:38,454 [main] DEBUG balancer.ContainerBalancerTask (ContainerBalancerTask.java:initializeIteration(398)) - Utilization for node 0fd63a37-cd50-44c6-a0ff-79fd9e4bfe1a with capacity 65617555911B, used 59055800320B, and remaining 6561755591B is 0.900000000001524
2023-08-31 10:29:38,454 [main] DEBUG balancer.ContainerBalancerTask (ContainerBalancerTask.java:initializeIteration(398)) - Utilization for node 7b7a48f3-6e6c-40c8-bae0-dc076d7190a8 with capacity 76504104960B, used 61203283968B, and remaining 15300820992B is 0.8
2023-08-31 10:29:38,456 [main] DEBUG balancer.ContainerBalancerTask (ContainerBalancerTask.java:initializeIteration(398)) - Utilization for node 0da966ec-d304-4aba-a3c4-6da3d30bdd94 with capacity 82831512137B, used 57982058496B, and remaining 24849453641B is 0.7000000000012073
2023-08-31 10:29:38,456 [main] DEBUG balancer.ContainerBalancerTask (ContainerBalancerTask.java:initializeIteration(398)) - Utilization for node 54a67142-cf3c-479c-a664-446e6b66c15b with capacity 55476660906B, used 33285996544B, and remaining 22190664362B is 0.6000000000072102
2023-08-31 10:29:38,456 [main] DEBUG balancer.ContainerBalancerTask (ContainerBalancerTask.java:initializeIteration(398)) - Utilization for node e4f2c464-f8de-4df4-9ba1-d9809d16eaa0 with capacity 96636764160B, used 48318382080B, and remaining 48318382080B is 0.5
2023-08-31 10:29:38,456 [main] DEBUG balancer.ContainerBalancerTask (ContainerBalancerTask.java:initializeIteration(398)) - Utilization for node 298e8999-667d-4130-a3f3-d54ad17f81af with capacity 99321118720B, used 39728447488B, and remaining 59592671232B is 0.4
2023-08-31 10:29:38,456 [main] DEBUG balancer.ContainerBalancerTask (ContainerBalancerTask.java:initializeIteration(398)) - Utilization for node ea5c1859-a2ef-4183-83ff-b7e36fcf01d4 with capacity 96636764160B, used 28991029248B, and remaining 67645734912B is 0.3
2023-08-31 10:29:38,456 [main] DEBUG balancer.ContainerBalancerTask (ContainerBalancerTask.java:initializeIteration(398)) - Utilization for node 0f36dd41-558e-4ec6-8642-9fd9e057ab75 with capacity 187904819200B, used 37580963840B, and remaining 150323855360B is 0.2
2023-08-31 10:29:38,456 [main] DEBUG balancer.ContainerBalancerTask (ContainerBalancerTask.java:initializeIteration(398)) - Utilization for node 2d681fd5-2e55-4a11-859d-3964a107aab2 with capacity 225485783040B, used 22548578304B, and remaining 202937204736B is 0.1
2023-08-31 10:29:38,456 [main] DEBUG balancer.ContainerBalancerTask (ContainerBalancerTask.java:initializeIteration(398)) - Utilization for node e4dd84d2-26e1-49fb-97da-c18f91d47e4d with capacity 24696061952B, used 0B, and remaining 24696061952B is 0.0
2023-08-31 10:29:38,457 [main] INFO  balancer.ContainerBalancerTask (ContainerBalancerTask.java:initializeIteration(447)) - Container Balancer has identified 1 Over-Utilized and 0 Under-Utilized Datanodes that need to be balanced.
2023-08-31 10:29:38,457 [main] DEBUG balancer.ContainerBalancerTask (ContainerBalancerTask.java:lambda$initializeIteration$1(453)) - Datanode localhost-116.130.156.111 0fd63a37-cd50-44c6-a0ff-79fd9e4bfe1a is Over-Utilized.
2023-08-31 10:29:38,460 [main] DEBUG balancer.ContainerBalancerTask (ContainerBalancerTask.java:matchSourceWithTarget(708)) - ContainerBalancer is finding suitable target for source datanode 0fd63a37-cd50-44c6-a0ff-79fd9e4bfe1a
2023-08-31 10:29:38,460 [main] INFO  balancer.FindTargetGreedyByUsageInfo (AbstractFindTargetGreedy.java:findTargetForContainerMove(133)) - Container Balancer could not find a target for source datanode 0fd63a37-cd50-44c6-a0ff-79fd9e4bfe1a
2023-08-31 10:29:38,460 [main] DEBUG balancer.ContainerBalancerTask (ContainerBalancerTask.java:matchSourceWithTarget(717)) - ContainerBalancer could not find a suitable target for source node 0fd63a37-cd50-44c6-a0ff-79fd9e4bfe1a.
2023-08-31 10:29:38,460 [main] INFO  balancer.FindSourceGreedy (FindSourceGreedy.java:getNextCandidateSourceDataNode(126)) - no more candidate source data node
2023-08-31 10:29:38,460 [main] INFO  balancer.ContainerBalancerTask (ContainerBalancerTask.java:balance(259)) - Result of this iteration of Container Balancer: CAN_NOT_BALANCE_ANY_MORE
2023-08-31 10:29:38,460 [main] INFO  balancer.ContainerBalancerTask (ContainerBalancerTask.java:tryStopWithSaveConfiguration(308)) - Save Configuration for stopping. Reason: CAN_NOT_BALANCE_ANY_MORE
2023-08-31 10:29:38,461 [main] DEBUG balancer.ContainerBalancerTask (ContainerBalancerTask.java:initializeIteration(374)) - Average utilization of the cluster is 0.3844231587733851
2023-08-31 10:29:38,461 [main] DEBUG balancer.ContainerBalancerTask (ContainerBalancerTask.java:initializeIteration(386)) - Lower limit for utilization is -0.029745433949876887 and Upper limit for utilization is 0.7985917514966472
2023-08-31 10:29:38,461 [main] DEBUG balancer.ContainerBalancerTask (ContainerBalancerTask.java:initializeIteration(398)) - Utilization for node 0fd63a37-cd50-44c6-a0ff-79fd9e4bfe1a with capacity 65617555911B, used 59055800320B, and remaining 6561755591B is 0.900000000001524
2023-08-31 10:29:38,461 [main] DEBUG balancer.ContainerBalancerTask (ContainerBalancerTask.java:initializeIteration(398)) - Utilization for node 7b7a48f3-6e6c-40c8-bae0-dc076d7190a8 with capacity 76504104960B, used 61203283968B, and remaining 15300820992B is 0.8
2023-08-31 10:29:38,461 [main] DEBUG balancer.ContainerBalancerTask (ContainerBalancerTask.java:initializeIteration(398)) - Utilization for node 0da966ec-d304-4aba-a3c4-6da3d30bdd94 with capacity 82831512137B, used 57982058496B, and remaining 24849453641B is 0.7000000000012073
2023-08-31 10:29:38,462 [main] DEBUG balancer.ContainerBalancerTask (ContainerBalancerTask.java:initializeIteration(398)) - Utilization for node 54a67142-cf3c-479c-a664-446e6b66c15b with capacity 55476660906B, used 33285996544B, and remaining 22190664362B is 0.6000000000072102
2023-08-31 10:29:38,462 [main] DEBUG balancer.ContainerBalancerTask (ContainerBalancerTask.java:initializeIteration(398)) - Utilization for node e4f2c464-f8de-4df4-9ba1-d9809d16eaa0 with capacity 96636764160B, used 48318382080B, and remaining 48318382080B is 0.5
2023-08-31 10:29:38,462 [main] DEBUG balancer.ContainerBalancerTask (ContainerBalancerTask.java:initializeIteration(398)) - Utilization for node 298e8999-667d-4130-a3f3-d54ad17f81af with capacity 99321118720B, used 39728447488B, and remaining 59592671232B is 0.4
2023-08-31 10:29:38,462 [main] DEBUG balancer.ContainerBalancerTask (ContainerBalancerTask.java:initializeIteration(398)) - Utilization for node ea5c1859-a2ef-4183-83ff-b7e36fcf01d4 with capacity 96636764160B, used 28991029248B, and remaining 67645734912B is 0.3
2023-08-31 10:29:38,462 [main] DEBUG balancer.ContainerBalancerTask (ContainerBalancerTask.java:initializeIteration(398)) - Utilization for node 0f36dd41-558e-4ec6-8642-9fd9e057ab75 with capacity 187904819200B, used 37580963840B, and remaining 150323855360B is 0.2
2023-08-31 10:29:38,462 [main] DEBUG balancer.ContainerBalancerTask (ContainerBalancerTask.java:initializeIteration(398)) - Utilization for node 2d681fd5-2e55-4a11-859d-3964a107aab2 with capacity 225485783040B, used 22548578304B, and remaining 202937204736B is 0.1
2023-08-31 10:29:38,462 [main] DEBUG balancer.ContainerBalancerTask (ContainerBalancerTask.java:initializeIteration(398)) - Utilization for node e4dd84d2-26e1-49fb-97da-c18f91d47e4d with capacity 24696061952B, used 0B, and remaining 24696061952B is 0.0
2023-08-31 10:29:38,462 [main] INFO  balancer.ContainerBalancerTask (ContainerBalancerTask.java:initializeIteration(447)) - Container Balancer has identified 2 Over-Utilized and 0 Under-Utilized Datanodes that need to be balanced.
2023-08-31 10:29:38,462 [main] DEBUG balancer.ContainerBalancerTask (ContainerBalancerTask.java:lambda$initializeIteration$1(453)) - Datanode localhost-116.130.156.111 0fd63a37-cd50-44c6-a0ff-79fd9e4bfe1a is Over-Utilized.
2023-08-31 10:29:38,462 [main] DEBUG balancer.ContainerBalancerTask (ContainerBalancerTask.java:lambda$initializeIteration$1(453)) - Datanode localhost-241.232.196.95 7b7a48f3-6e6c-40c8-bae0-dc076d7190a8 is Over-Utilized.
2023-08-31 10:29:38,465 [main] DEBUG balancer.ContainerBalancerTask (ContainerBalancerTask.java:matchSourceWithTarget(708)) - ContainerBalancer is finding suitable target for source datanode 0fd63a37-cd50-44c6-a0ff-79fd9e4bfe1a
2023-08-31 10:29:38,466 [main] INFO  balancer.FindTargetGreedyByUsageInfo (AbstractFindTargetGreedy.java:findTargetForContainerMove(133)) - Container Balancer could not find a target for source datanode 0fd63a37-cd50-44c6-a0ff-79fd9e4bfe1a
2023-08-31 10:29:38,466 [main] DEBUG balancer.ContainerBalancerTask (ContainerBalancerTask.java:matchSourceWithTarget(717)) - ContainerBalancer could not find a suitable target for source node 0fd63a37-cd50-44c6-a0ff-79fd9e4bfe1a.
2023-08-31 10:29:38,469 [main] DEBUG balancer.ContainerBalancerTask (ContainerBalancerTask.java:matchSourceWithTarget(708)) - ContainerBalancer is finding suitable target for source datanode 7b7a48f3-6e6c-40c8-bae0-dc076d7190a8
2023-08-31 10:29:38,469 [main] INFO  balancer.FindTargetGreedyByUsageInfo (AbstractFindTargetGreedy.java:findTargetForContainerMove(133)) - Container Balancer could not find a target for source datanode 7b7a48f3-6e6c-40c8-bae0-dc076d7190a8
2023-08-31 10:29:38,469 [main] DEBUG balancer.ContainerBalancerTask (ContainerBalancerTask.java:matchSourceWithTarget(717)) - ContainerBalancer could not find a suitable target for source node 7b7a48f3-6e6c-40c8-bae0-dc076d7190a8.
2023-08-31 10:29:38,469 [main] INFO  balancer.FindSourceGreedy (FindSourceGreedy.java:getNextCandidateSourceDataNode(126)) - no more candidate source data node
2023-08-31 10:29:38,469 [main] INFO  balancer.ContainerBalancerTask (ContainerBalancerTask.java:balance(259)) - Result of this iteration of Container Balancer: CAN_NOT_BALANCE_ANY_MORE
2023-08-31 10:29:38,469 [main] INFO  balancer.ContainerBalancerTask (ContainerBalancerTask.java:tryStopWithSaveConfiguration(308)) - Save Configuration for stopping. Reason: CAN_NOT_BALANCE_ANY_MORE
2023-08-31 10:29:38,470 [main] DEBUG balancer.ContainerBalancerTask (ContainerBalancerTask.java:initializeIteration(374)) - Average utilization of the cluster is 0.3844231587733851
2023-08-31 10:29:38,470 [main] DEBUG balancer.ContainerBalancerTask (ContainerBalancerTask.java:initializeIteration(386)) - Lower limit for utilization is -0.18317136533109374 and Upper limit for utilization is 0.9520176828778639
2023-08-31 10:29:38,470 [main] DEBUG balancer.ContainerBalancerTask (ContainerBalancerTask.java:initializeIteration(398)) - Utilization for node 0fd63a37-cd50-44c6-a0ff-79fd9e4bfe1a with capacity 65617555911B, used 59055800320B, and remaining 6561755591B is 0.900000000001524
2023-08-31 10:29:38,470 [main] DEBUG balancer.ContainerBalancerTask (ContainerBalancerTask.java:initializeIteration(398)) - Utilization for node 7b7a48f3-6e6c-40c8-bae0-dc076d7190a8 with capacity 76504104960B, used 61203283968B, and remaining 15300820992B is 0.8
2023-08-31 10:29:38,471 [main] DEBUG balancer.ContainerBalancerTask (ContainerBalancerTask.java:initializeIteration(398)) - Utilization for node 0da966ec-d304-4aba-a3c4-6da3d30bdd94 with capacity 82831512137B, used 57982058496B, and remaining 24849453641B is 0.7000000000012073
2023-08-31 10:29:38,471 [main] DEBUG balancer.ContainerBalancerTask (ContainerBalancerTask.java:initializeIteration(398)) - Utilization for node 54a67142-cf3c-479c-a664-446e6b66c15b with capacity 55476660906B, used 33285996544B, and remaining 22190664362B is 0.6000000000072102
2023-08-31 10:29:38,471 [main] DEBUG balancer.ContainerBalancerTask (ContainerBalancerTask.java:initializeIteration(398)) - Utilization for node e4f2c464-f8de-4df4-9ba1-d9809d16eaa0 with capacity 96636764160B, used 48318382080B, and remaining 48318382080B is 0.5
2023-08-31 10:29:38,471 [main] DEBUG balancer.ContainerBalancerTask (ContainerBalancerTask.java:initializeIteration(398)) - Utilization for node 298e8999-667d-4130-a3f3-d54ad17f81af with capacity 99321118720B, used 39728447488B, and remaining 59592671232B is 0.4
2023-08-31 10:29:38,471 [main] DEBUG balancer.ContainerBalancerTask (ContainerBalancerTask.java:initializeIteration(398)) - Utilization for node ea5c1859-a2ef-4183-83ff-b7e36fcf01d4 with capacity 96636764160B, used 28991029248B, and remaining 67645734912B is 0.3
2023-08-31 10:29:38,471 [main] DEBUG balancer.ContainerBalancerTask (ContainerBalancerTask.java:initializeIteration(398)) - Utilization for node 0f36dd41-558e-4ec6-8642-9fd9e057ab75 with capacity 187904819200B, used 37580963840B, and remaining 150323855360B is 0.2
2023-08-31 10:29:38,471 [main] DEBUG balancer.ContainerBalancerTask (ContainerBalancerTask.java:initializeIteration(398)) - Utilization for node 2d681fd5-2e55-4a11-859d-3964a107aab2 with capacity 225485783040B, used 22548578304B, and remaining 202937204736B is 0.1
2023-08-31 10:29:38,471 [main] DEBUG balancer.ContainerBalancerTask (ContainerBalancerTask.java:initializeIteration(398)) - Utilization for node e4dd84d2-26e1-49fb-97da-c18f91d47e4d with capacity 24696061952B, used 0B, and remaining 24696061952B is 0.0
2023-08-31 10:29:38,471 [main] INFO  balancer.ContainerBalancerTask (ContainerBalancerTask.java:initializeIteration(443)) - Did not find any unbalanced Datanodes.
2023-08-31 10:29:38,471 [main] INFO  balancer.ContainerBalancerTask (ContainerBalancerTask.java:tryStopWithSaveConfiguration(308)) - Save Configuration for stopping. Reason: Could not initialize ContainerBalancer's iteration number 0
2023-08-31 10:29:38,476 [main] DEBUG balancer.ContainerBalancerTask (ContainerBalancerTask.java:initializeIteration(374)) - Average utilization of the cluster is 0.3844231587733851
2023-08-31 10:29:38,476 [main] DEBUG balancer.ContainerBalancerTask (ContainerBalancerTask.java:initializeIteration(386)) - Lower limit for utilization is -0.33918788100643554 and Upper limit for utilization is 1.1080341985532058
2023-08-31 10:29:38,476 [main] DEBUG balancer.ContainerBalancerTask (ContainerBalancerTask.java:initializeIteration(398)) - Utilization for node 0fd63a37-cd50-44c6-a0ff-79fd9e4bfe1a with capacity 65617555911B, used 59055800320B, and remaining 6561755591B is 0.900000000001524
2023-08-31 10:29:38,477 [main] DEBUG balancer.ContainerBalancerTask (ContainerBalancerTask.java:initializeIteration(398)) - Utilization for node 7b7a48f3-6e6c-40c8-bae0-dc076d7190a8 with capacity 76504104960B, used 61203283968B, and remaining 15300820992B is 0.8
2023-08-31 10:29:38,477 [main] DEBUG balancer.ContainerBalancerTask (ContainerBalancerTask.java:initializeIteration(398)) - Utilization for node 0da966ec-d304-4aba-a3c4-6da3d30bdd94 with capacity 82831512137B, used 57982058496B, and remaining 24849453641B is 0.7000000000012073
2023-08-31 10:29:38,477 [main] DEBUG balancer.ContainerBalancerTask (ContainerBalancerTask.java:initializeIteration(398)) - Utilization for node 54a67142-cf3c-479c-a664-446e6b66c15b with capacity 55476660906B, used 33285996544B, and remaining 22190664362B is 0.6000000000072102
2023-08-31 10:29:38,477 [main] DEBUG balancer.ContainerBalancerTask (ContainerBalancerTask.java:initializeIteration(398)) - Utilization for node e4f2c464-f8de-4df4-9ba1-d9809d16eaa0 with capacity 96636764160B, used 48318382080B, and remaining 48318382080B is 0.5
2023-08-31 10:29:38,477 [main] DEBUG balancer.ContainerBalancerTask (ContainerBalancerTask.java:initializeIteration(398)) - Utilization for node 298e8999-667d-4130-a3f3-d54ad17f81af with capacity 99321118720B, used 39728447488B, and remaining 59592671232B is 0.4
2023-08-31 10:29:38,477 [main] DEBUG balancer.ContainerBalancerTask (ContainerBalancerTask.java:initializeIteration(398)) - Utilization for node ea5c1859-a2ef-4183-83ff-b7e36fcf01d4 with capacity 96636764160B, used 28991029248B, and remaining 67645734912B is 0.3
2023-08-31 10:29:38,477 [main] DEBUG balancer.ContainerBalancerTask (ContainerBalancerTask.java:initializeIteration(398)) - Utilization for node 0f36dd41-558e-4ec6-8642-9fd9e057ab75 with capacity 187904819200B, used 37580963840B, and remaining 150323855360B is 0.2
2023-08-31 10:29:38,477 [main] DEBUG balancer.ContainerBalancerTask (ContainerBalancerTask.java:initializeIteration(398)) - Utilization for node 2d681fd5-2e55-4a11-859d-3964a107aab2 with capacity 225485783040B, used 22548578304B, and remaining 202937204736B is 0.1
2023-08-31 10:29:38,477 [main] DEBUG balancer.ContainerBalancerTask (ContainerBalancerTask.java:initializeIteration(398)) - Utilization for node e4dd84d2-26e1-49fb-97da-c18f91d47e4d with capacity 24696061952B, used 0B, and remaining 24696061952B is 0.0
2023-08-31 10:29:38,477 [main] INFO  balancer.ContainerBalancerTask (ContainerBalancerTask.java:initializeIteration(443)) - Did not find any unbalanced Datanodes.
2023-08-31 10:29:38,478 [main] INFO  balancer.ContainerBalancerTask (ContainerBalancerTask.java:tryStopWithSaveConfiguration(308)) - Save Configuration for stopping. Reason: Could not initialize ContainerBalancer's iteration number 0
2023-08-31 10:29:38,479 [main] DEBUG balancer.ContainerBalancerTask (ContainerBalancerTask.java:initializeIteration(374)) - Average utilization of the cluster is 0.3844231587733851
2023-08-31 10:29:38,479 [main] DEBUG balancer.ContainerBalancerTask (ContainerBalancerTask.java:initializeIteration(386)) - Lower limit for utilization is 0.19544360314235337 and Upper limit for utilization is 0.5734027144044169
2023-08-31 10:29:38,479 [main] DEBUG balancer.ContainerBalancerTask (ContainerBalancerTask.java:initializeIteration(398)) - Utilization for node 0fd63a37-cd50-44c6-a0ff-79fd9e4bfe1a with capacity 65617555911B, used 59055800320B, and remaining 6561755591B is 0.900000000001524
2023-08-31 10:29:38,479 [main] DEBUG balancer.ContainerBalancerTask (ContainerBalancerTask.java:initializeIteration(398)) - Utilization for node 7b7a48f3-6e6c-40c8-bae0-dc076d7190a8 with capacity 76504104960B, used 61203283968B, and remaining 15300820992B is 0.8
2023-08-31 10:29:38,479 [main] DEBUG balancer.ContainerBalancerTask (ContainerBalancerTask.java:initializeIteration(398)) - Utilization for node 0da966ec-d304-4aba-a3c4-6da3d30bdd94 with capacity 82831512137B, used 57982058496B, and remaining 24849453641B is 0.7000000000012073
2023-08-31 10:29:38,479 [main] DEBUG balancer.ContainerBalancerTask (ContainerBalancerTask.java:initializeIteration(398)) - Utilization for node 54a67142-cf3c-479c-a664-446e6b66c15b with capacity 55476660906B, used 33285996544B, and remaining 22190664362B is 0.6000000000072102
2023-08-31 10:29:38,479 [main] DEBUG balancer.ContainerBalancerTask (ContainerBalancerTask.java:initializeIteration(398)) - Utilization for node e4f2c464-f8de-4df4-9ba1-d9809d16eaa0 with capacity 96636764160B, used 48318382080B, and remaining 48318382080B is 0.5
2023-08-31 10:29:38,480 [main] DEBUG balancer.ContainerBalancerTask (ContainerBalancerTask.java:initializeIteration(398)) - Utilization for node 298e8999-667d-4130-a3f3-d54ad17f81af with capacity 99321118720B, used 39728447488B, and remaining 59592671232B is 0.4
2023-08-31 10:29:38,480 [main] DEBUG balancer.ContainerBalancerTask (ContainerBalancerTask.java:initializeIteration(398)) - Utilization for node ea5c1859-a2ef-4183-83ff-b7e36fcf01d4 with capacity 96636764160B, used 28991029248B, and remaining 67645734912B is 0.3
2023-08-31 10:29:38,482 [main] DEBUG balancer.ContainerBalancerTask (ContainerBalancerTask.java:initializeIteration(398)) - Utilization for node 0f36dd41-558e-4ec6-8642-9fd9e057ab75 with capacity 187904819200B, used 37580963840B, and remaining 150323855360B is 0.2
2023-08-31 10:29:38,482 [main] DEBUG balancer.ContainerBalancerTask (ContainerBalancerTask.java:initializeIteration(398)) - Utilization for node 2d681fd5-2e55-4a11-859d-3964a107aab2 with capacity 225485783040B, used 22548578304B, and remaining 202937204736B is 0.1
2023-08-31 10:29:38,483 [main] DEBUG balancer.ContainerBalancerTask (ContainerBalancerTask.java:initializeIteration(398)) - Utilization for node e4dd84d2-26e1-49fb-97da-c18f91d47e4d with capacity 24696061952B, used 0B, and remaining 24696061952B is 0.0
2023-08-31 10:29:38,483 [main] INFO  balancer.ContainerBalancerTask (ContainerBalancerTask.java:initializeIteration(447)) - Container Balancer has identified 4 Over-Utilized and 2 Under-Utilized Datanodes that need to be balanced.
2023-08-31 10:29:38,483 [main] DEBUG balancer.ContainerBalancerTask (ContainerBalancerTask.java:lambda$initializeIteration$1(453)) - Datanode localhost-116.130.156.111 0fd63a37-cd50-44c6-a0ff-79fd9e4bfe1a is Over-Utilized.
2023-08-31 10:29:38,483 [main] DEBUG balancer.ContainerBalancerTask (ContainerBalancerTask.java:lambda$initializeIteration$1(453)) - Datanode localhost-241.232.196.95 7b7a48f3-6e6c-40c8-bae0-dc076d7190a8 is Over-Utilized.
2023-08-31 10:29:38,483 [main] DEBUG balancer.ContainerBalancerTask (ContainerBalancerTask.java:lambda$initializeIteration$1(453)) - Datanode localhost-212.248.109.79 0da966ec-d304-4aba-a3c4-6da3d30bdd94 is Over-Utilized.
2023-08-31 10:29:38,483 [main] DEBUG balancer.ContainerBalancerTask (ContainerBalancerTask.java:lambda$initializeIteration$1(453)) - Datanode localhost-231.218.40.56 54a67142-cf3c-479c-a664-446e6b66c15b is Over-Utilized.
2023-08-31 10:29:38,483 [main] DEBUG balancer.ContainerBalancerTask (ContainerBalancerTask.java:lambda$initializeIteration$2(459)) - Datanode localhost-83.167.164.80 e4dd84d2-26e1-49fb-97da-c18f91d47e4d is Under-Utilized.
2023-08-31 10:29:38,483 [main] DEBUG balancer.ContainerBalancerTask (ContainerBalancerTask.java:lambda$initializeIteration$2(459)) - Datanode localhost-228.245.218.11 2d681fd5-2e55-4a11-859d-3964a107aab2 is Under-Utilized.
2023-08-31 10:29:38,487 [main] DEBUG balancer.ContainerBalancerTask (ContainerBalancerTask.java:matchSourceWithTarget(708)) - ContainerBalancer is finding suitable target for source datanode 0fd63a37-cd50-44c6-a0ff-79fd9e4bfe1a
2023-08-31 10:29:38,487 [main] INFO  balancer.ContainerBalancerTask (ContainerBalancerTask.java:matchSourceWithTarget(722)) - ContainerBalancer matched source datanode 0fd63a37-cd50-44c6-a0ff-79fd9e4bfe1a with target datanode e4dd84d2-26e1-49fb-97da-c18f91d47e4d for container move.
2023-08-31 10:29:38,487 [main] INFO  balancer.ContainerBalancerTask (ContainerBalancerTask.java:processMoveSelection(569)) - ContainerBalancer is trying to move container #85 with size 5368709120B from source datanode 0fd63a37-cd50-44c6-a0ff-79fd9e4bfe1a to target datanode e4dd84d2-26e1-49fb-97da-c18f91d47e4d
2023-08-31 10:29:38,487 [main] DEBUG balancer.ContainerBalancerTask (ContainerBalancerTask.java:lambda$moveContainer$3(837)) - Container move completed for container #85 from source 0fd63a37-cd50-44c6-a0ff-79fd9e4bfe1a to target e4dd84d2-26e1-49fb-97da-c18f91d47e4d
2023-08-31 10:29:38,490 [main] DEBUG balancer.ContainerBalancerTask (ContainerBalancerTask.java:matchSourceWithTarget(708)) - ContainerBalancer is finding suitable target for source datanode 0fd63a37-cd50-44c6-a0ff-79fd9e4bfe1a
2023-08-31 10:29:38,490 [main] INFO  balancer.ContainerBalancerTask (ContainerBalancerTask.java:matchSourceWithTarget(722)) - ContainerBalancer matched source datanode 0fd63a37-cd50-44c6-a0ff-79fd9e4bfe1a with target datanode 2d681fd5-2e55-4a11-859d-3964a107aab2 for container move.
2023-08-31 10:29:38,490 [main] INFO  balancer.ContainerBalancerTask (ContainerBalancerTask.java:processMoveSelection(569)) - ContainerBalancer is trying to move container #68 with size 5368709120B from source datanode 0fd63a37-cd50-44c6-a0ff-79fd9e4bfe1a to target datanode 2d681fd5-2e55-4a11-859d-3964a107aab2
2023-08-31 10:29:38,491 [main] DEBUG balancer.ContainerBalancerTask (ContainerBalancerTask.java:lambda$moveContainer$3(837)) - Container move completed for container #68 from source 0fd63a37-cd50-44c6-a0ff-79fd9e4bfe1a to target 2d681fd5-2e55-4a11-859d-3964a107aab2
2023-08-31 10:29:38,495 [main] DEBUG balancer.ContainerBalancerTask (ContainerBalancerTask.java:matchSourceWithTarget(708)) - ContainerBalancer is finding suitable target for source datanode 7b7a48f3-6e6c-40c8-bae0-dc076d7190a8
2023-08-31 10:29:38,495 [main] INFO  balancer.ContainerBalancerTask (ContainerBalancerTask.java:matchSourceWithTarget(722)) - ContainerBalancer matched source datanode 7b7a48f3-6e6c-40c8-bae0-dc076d7190a8 with target datanode 2d681fd5-2e55-4a11-859d-3964a107aab2 for container move.
2023-08-31 10:29:38,495 [main] INFO  balancer.ContainerBalancerTask (ContainerBalancerTask.java:processMoveSelection(569)) - ContainerBalancer is trying to move container #53 with size 5368709120B from source datanode 7b7a48f3-6e6c-40c8-bae0-dc076d7190a8 to target datanode 2d681fd5-2e55-4a11-859d-3964a107aab2
2023-08-31 10:29:38,495 [main] DEBUG balancer.ContainerBalancerTask (ContainerBalancerTask.java:lambda$moveContainer$3(837)) - Container move completed for container #53 from source 7b7a48f3-6e6c-40c8-bae0-dc076d7190a8 to target 2d681fd5-2e55-4a11-859d-3964a107aab2
2023-08-31 10:29:38,498 [main] DEBUG balancer.ContainerBalancerTask (ContainerBalancerTask.java:matchSourceWithTarget(708)) - ContainerBalancer is finding suitable target for source datanode 0fd63a37-cd50-44c6-a0ff-79fd9e4bfe1a
2023-08-31 10:29:38,498 [main] INFO  balancer.ContainerBalancerTask (ContainerBalancerTask.java:matchSourceWithTarget(722)) - ContainerBalancer matched source datanode 0fd63a37-cd50-44c6-a0ff-79fd9e4bfe1a with target datanode 2d681fd5-2e55-4a11-859d-3964a107aab2 for container move.
2023-08-31 10:29:38,498 [main] INFO  balancer.ContainerBalancerTask (ContainerBalancerTask.java:processMoveSelection(569)) - ContainerBalancer is trying to move container #29 with size 5368709120B from source datanode 0fd63a37-cd50-44c6-a0ff-79fd9e4bfe1a to target datanode 2d681fd5-2e55-4a11-859d-3964a107aab2
2023-08-31 10:29:38,499 [main] DEBUG balancer.ContainerBalancerTask (ContainerBalancerTask.java:lambda$moveContainer$3(837)) - Container move completed for container #29 from source 0fd63a37-cd50-44c6-a0ff-79fd9e4bfe1a to target 2d681fd5-2e55-4a11-859d-3964a107aab2
2023-08-31 10:29:38,502 [main] DEBUG balancer.ContainerBalancerTask (ContainerBalancerTask.java:matchSourceWithTarget(708)) - ContainerBalancer is finding suitable target for source datanode 7b7a48f3-6e6c-40c8-bae0-dc076d7190a8
2023-08-31 10:29:38,502 [main] INFO  balancer.ContainerBalancerTask (ContainerBalancerTask.java:matchSourceWithTarget(722)) - ContainerBalancer matched source datanode 7b7a48f3-6e6c-40c8-bae0-dc076d7190a8 with target datanode 2d681fd5-2e55-4a11-859d-3964a107aab2 for container move.
2023-08-31 10:29:38,503 [main] INFO  balancer.ContainerBalancerTask (ContainerBalancerTask.java:processMoveSelection(569)) - ContainerBalancer is trying to move container #84 with size 4294967296B from source datanode 7b7a48f3-6e6c-40c8-bae0-dc076d7190a8 to target datanode 2d681fd5-2e55-4a11-859d-3964a107aab2
2023-08-31 10:29:38,503 [main] DEBUG balancer.ContainerBalancerTask (ContainerBalancerTask.java:lambda$moveContainer$3(837)) - Container move completed for container #84 from source 7b7a48f3-6e6c-40c8-bae0-dc076d7190a8 to target 2d681fd5-2e55-4a11-859d-3964a107aab2
2023-08-31 10:29:38,506 [main] DEBUG balancer.ContainerBalancerTask (ContainerBalancerTask.java:matchSourceWithTarget(708)) - ContainerBalancer is finding suitable target for source datanode 0da966ec-d304-4aba-a3c4-6da3d30bdd94
2023-08-31 10:29:38,507 [main] INFO  balancer.ContainerBalancerTask (ContainerBalancerTask.java:matchSourceWithTarget(722)) - ContainerBalancer matched source datanode 0da966ec-d304-4aba-a3c4-6da3d30bdd94 with target datanode 2d681fd5-2e55-4a11-859d-3964a107aab2 for container move.
2023-08-31 10:29:38,507 [main] INFO  balancer.ContainerBalancerTask (ContainerBalancerTask.java:processMoveSelection(569)) - ContainerBalancer is trying to move container #67 with size 4294967296B from source datanode 0da966ec-d304-4aba-a3c4-6da3d30bdd94 to target datanode 2d681fd5-2e55-4a11-859d-3964a107aab2
2023-08-31 10:29:38,507 [main] DEBUG balancer.ContainerBalancerTask (ContainerBalancerTask.java:lambda$moveContainer$3(837)) - Container move completed for container #67 from source 0da966ec-d304-4aba-a3c4-6da3d30bdd94 to target 2d681fd5-2e55-4a11-859d-3964a107aab2
2023-08-31 10:29:38,510 [main] DEBUG balancer.ContainerBalancerTask (ContainerBalancerTask.java:matchSourceWithTarget(708)) - ContainerBalancer is finding suitable target for source datanode 7b7a48f3-6e6c-40c8-bae0-dc076d7190a8
2023-08-31 10:29:38,511 [main] INFO  balancer.ContainerBalancerTask (ContainerBalancerTask.java:matchSourceWithTarget(722)) - ContainerBalancer matched source datanode 7b7a48f3-6e6c-40c8-bae0-dc076d7190a8 with target datanode 2d681fd5-2e55-4a11-859d-3964a107aab2 for container move.
2023-08-31 10:29:38,511 [main] INFO  balancer.ContainerBalancerTask (ContainerBalancerTask.java:processMoveSelection(569)) - ContainerBalancer is trying to move container #83 with size 3221225472B from source datanode 7b7a48f3-6e6c-40c8-bae0-dc076d7190a8 to target datanode 2d681fd5-2e55-4a11-859d-3964a107aab2
2023-08-31 10:29:38,511 [main] DEBUG balancer.ContainerBalancerTask (ContainerBalancerTask.java:lambda$moveContainer$3(837)) - Container move completed for container #83 from source 7b7a48f3-6e6c-40c8-bae0-dc076d7190a8 to target 2d681fd5-2e55-4a11-859d-3964a107aab2
2023-08-31 10:29:38,514 [main] DEBUG balancer.ContainerBalancerTask (ContainerBalancerTask.java:matchSourceWithTarget(708)) - ContainerBalancer is finding suitable target for source datanode 0fd63a37-cd50-44c6-a0ff-79fd9e4bfe1a
2023-08-31 10:29:38,514 [main] INFO  balancer.ContainerBalancerTask (ContainerBalancerTask.java:matchSourceWithTarget(722)) - ContainerBalancer matched source datanode 0fd63a37-cd50-44c6-a0ff-79fd9e4bfe1a with target datanode e4dd84d2-26e1-49fb-97da-c18f91d47e4d for container move.
2023-08-31 10:29:38,514 [main] INFO  balancer.ContainerBalancerTask (ContainerBalancerTask.java:processMoveSelection(569)) - ContainerBalancer is trying to move container #89 with size 4294967296B from source datanode 0fd63a37-cd50-44c6-a0ff-79fd9e4bfe1a to target datanode e4dd84d2-26e1-49fb-97da-c18f91d47e4d
2023-08-31 10:29:38,514 [main] DEBUG balancer.ContainerBalancerTask (ContainerBalancerTask.java:lambda$moveContainer$3(837)) - Container move completed for container #89 from source 0fd63a37-cd50-44c6-a0ff-79fd9e4bfe1a to target e4dd84d2-26e1-49fb-97da-c18f91d47e4d
2023-08-31 10:29:38,518 [main] DEBUG balancer.ContainerBalancerTask (ContainerBalancerTask.java:matchSourceWithTarget(708)) - ContainerBalancer is finding suitable target for source datanode 0da966ec-d304-4aba-a3c4-6da3d30bdd94
2023-08-31 10:29:38,518 [main] INFO  balancer.ContainerBalancerTask (ContainerBalancerTask.java:matchSourceWithTarget(722)) - ContainerBalancer matched source datanode 0da966ec-d304-4aba-a3c4-6da3d30bdd94 with target datanode 2d681fd5-2e55-4a11-859d-3964a107aab2 for container move.
2023-08-31 10:29:38,519 [main] INFO  balancer.ContainerBalancerTask (ContainerBalancerTask.java:processMoveSelection(569)) - ContainerBalancer is trying to move container #52 with size 4294967296B from source datanode 0da966ec-d304-4aba-a3c4-6da3d30bdd94 to target datanode 2d681fd5-2e55-4a11-859d-3964a107aab2
2023-08-31 10:29:38,519 [main] DEBUG balancer.ContainerBalancerTask (ContainerBalancerTask.java:lambda$moveContainer$3(837)) - Container move completed for container #52 from source 0da966ec-d304-4aba-a3c4-6da3d30bdd94 to target 2d681fd5-2e55-4a11-859d-3964a107aab2
2023-08-31 10:29:38,522 [main] DEBUG balancer.ContainerBalancerTask (ContainerBalancerTask.java:matchSourceWithTarget(708)) - ContainerBalancer is finding suitable target for source datanode 7b7a48f3-6e6c-40c8-bae0-dc076d7190a8
2023-08-31 10:29:38,522 [main] INFO  balancer.ContainerBalancerTask (ContainerBalancerTask.java:matchSourceWithTarget(722)) - ContainerBalancer matched source datanode 7b7a48f3-6e6c-40c8-bae0-dc076d7190a8 with target datanode 2d681fd5-2e55-4a11-859d-3964a107aab2 for container move.
2023-08-31 10:29:38,522 [main] INFO  balancer.ContainerBalancerTask (ContainerBalancerTask.java:processMoveSelection(569)) - ContainerBalancer is trying to move container #71 with size 3221225472B from source datanode 7b7a48f3-6e6c-40c8-bae0-dc076d7190a8 to target datanode 2d681fd5-2e55-4a11-859d-3964a107aab2
2023-08-31 10:29:38,523 [main] DEBUG balancer.ContainerBalancerTask (ContainerBalancerTask.java:lambda$moveContainer$3(837)) - Container move completed for container #71 from source 7b7a48f3-6e6c-40c8-bae0-dc076d7190a8 to target 2d681fd5-2e55-4a11-859d-3964a107aab2
2023-08-31 10:29:38,525 [main] DEBUG balancer.ContainerBalancerTask (ContainerBalancerTask.java:matchSourceWithTarget(708)) - ContainerBalancer is finding suitable target for source datanode 54a67142-cf3c-479c-a664-446e6b66c15b
2023-08-31 10:29:38,526 [main] INFO  balancer.ContainerBalancerTask (ContainerBalancerTask.java:matchSourceWithTarget(722)) - ContainerBalancer matched source datanode 54a67142-cf3c-479c-a664-446e6b66c15b with target datanode 2d681fd5-2e55-4a11-859d-3964a107aab2 for container move.
2023-08-31 10:29:38,526 [main] INFO  balancer.ContainerBalancerTask (ContainerBalancerTask.java:processMoveSelection(569)) - ContainerBalancer is trying to move container #39 with size 4294967296B from source datanode 54a67142-cf3c-479c-a664-446e6b66c15b to target datanode 2d681fd5-2e55-4a11-859d-3964a107aab2
2023-08-31 10:29:38,526 [main] DEBUG balancer.ContainerBalancerTask (ContainerBalancerTask.java:lambda$moveContainer$3(837)) - Container move completed for container #39 from source 54a67142-cf3c-479c-a664-446e6b66c15b to target 2d681fd5-2e55-4a11-859d-3964a107aab2
2023-08-31 10:29:38,530 [main] DEBUG balancer.ContainerBalancerTask (ContainerBalancerTask.java:matchSourceWithTarget(708)) - ContainerBalancer is finding suitable target for source datanode 0da966ec-d304-4aba-a3c4-6da3d30bdd94
2023-08-31 10:29:38,530 [main] INFO  balancer.ContainerBalancerTask (ContainerBalancerTask.java:matchSourceWithTarget(722)) - ContainerBalancer matched source datanode 0da966ec-d304-4aba-a3c4-6da3d30bdd94 with target datanode 2d681fd5-2e55-4a11-859d-3964a107aab2 for container move.
2023-08-31 10:29:38,530 [main] INFO  balancer.ContainerBalancerTask (ContainerBalancerTask.java:processMoveSelection(569)) - ContainerBalancer is trying to move container #28 with size 4294967296B from source datanode 0da966ec-d304-4aba-a3c4-6da3d30bdd94 to target datanode 2d681fd5-2e55-4a11-859d-3964a107aab2
2023-08-31 10:29:38,530 [main] DEBUG balancer.ContainerBalancerTask (ContainerBalancerTask.java:lambda$moveContainer$3(837)) - Container move completed for container #28 from source 0da966ec-d304-4aba-a3c4-6da3d30bdd94 to target 2d681fd5-2e55-4a11-859d-3964a107aab2
2023-08-31 10:29:38,530 [main] WARN  balancer.ContainerBalancerTask (ContainerBalancerTask.java:reachedMaxSizeToMovePerIteration(733)) - Reached max size to move limit. 53687091200 bytes have already been scheduled for balancing and the limit is 53687091200 bytes.
2023-08-31 10:29:38,530 [main] INFO  balancer.ContainerBalancerTask (ContainerBalancerTask.java:checkIterationMoveResults(642)) - Iteration Summary. Number of Datanodes involved: 6. Size moved: 50 GB (53687091200 Bytes). Number of Container moves completed: 12.
2023-08-31 10:29:38,531 [main] INFO  balancer.ContainerBalancerTask (ContainerBalancerTask.java:balance(259)) - Result of this iteration of Container Balancer: ITERATION_COMPLETED
2023-08-31 10:29:38,531 [main] INFO  balancer.ContainerBalancerTask (ContainerBalancerTask.java:tryStopWithSaveConfiguration(308)) - Save Configuration for stopping. Reason: Completed all iterations.
2023-08-31 10:29:38,532 [main] DEBUG balancer.ContainerBalancerTask (ContainerBalancerTask.java:initializeIteration(374)) - Average utilization of the cluster is 0.3844231587733851
2023-08-31 10:29:38,532 [main] DEBUG balancer.ContainerBalancerTask (ContainerBalancerTask.java:initializeIteration(386)) - Lower limit for utilization is -0.45636205861991613 and Upper limit for utilization is 1.2252083761666863
2023-08-31 10:29:38,532 [main] DEBUG balancer.ContainerBalancerTask (ContainerBalancerTask.java:initializeIteration(398)) - Utilization for node 0fd63a37-cd50-44c6-a0ff-79fd9e4bfe1a with capacity 65617555911B, used 59055800320B, and remaining 6561755591B is 0.900000000001524
2023-08-31 10:29:38,532 [main] DEBUG balancer.ContainerBalancerTask (ContainerBalancerTask.java:initializeIteration(398)) - Utilization for node 7b7a48f3-6e6c-40c8-bae0-dc076d7190a8 with capacity 76504104960B, used 61203283968B, and remaining 15300820992B is 0.8
2023-08-31 10:29:38,532 [main] DEBUG balancer.ContainerBalancerTask (ContainerBalancerTask.java:initializeIteration(398)) - Utilization for node 0da966ec-d304-4aba-a3c4-6da3d30bdd94 with capacity 82831512137B, used 57982058496B, and remaining 24849453641B is 0.7000000000012073
2023-08-31 10:29:38,532 [main] DEBUG balancer.ContainerBalancerTask (ContainerBalancerTask.java:initializeIteration(398)) - Utilization for node 54a67142-cf3c-479c-a664-446e6b66c15b with capacity 55476660906B, used 33285996544B, and remaining 22190664362B is 0.6000000000072102
2023-08-31 10:29:38,532 [main] DEBUG balancer.ContainerBalancerTask (ContainerBalancerTask.java:initializeIteration(398)) - Utilization for node e4f2c464-f8de-4df4-9ba1-d9809d16eaa0 with capacity 96636764160B, used 48318382080B, and remaining 48318382080B is 0.5
2023-08-31 10:29:38,532 [main] DEBUG balancer.ContainerBalancerTask (ContainerBalancerTask.java:initializeIteration(398)) - Utilization for node 298e8999-667d-4130-a3f3-d54ad17f81af with capacity 99321118720B, used 39728447488B, and remaining 59592671232B is 0.4
2023-08-31 10:29:38,532 [main] DEBUG balancer.ContainerBalancerTask (ContainerBalancerTask.java:initializeIteration(398)) - Utilization for node ea5c1859-a2ef-4183-83ff-b7e36fcf01d4 with capacity 96636764160B, used 28991029248B, and remaining 67645734912B is 0.3
2023-08-31 10:29:38,533 [main] DEBUG balancer.ContainerBalancerTask (ContainerBalancerTask.java:initializeIteration(398)) - Utilization for node 0f36dd41-558e-4ec6-8642-9fd9e057ab75 with capacity 187904819200B, used 37580963840B, and remaining 150323855360B is 0.2
2023-08-31 10:29:38,533 [main] DEBUG balancer.ContainerBalancerTask (ContainerBalancerTask.java:initializeIteration(398)) - Utilization for node 2d681fd5-2e55-4a11-859d-3964a107aab2 with capacity 225485783040B, used 22548578304B, and remaining 202937204736B is 0.1
2023-08-31 10:29:38,533 [main] DEBUG balancer.ContainerBalancerTask (ContainerBalancerTask.java:initializeIteration(398)) - Utilization for node e4dd84d2-26e1-49fb-97da-c18f91d47e4d with capacity 24696061952B, used 0B, and remaining 24696061952B is 0.0
2023-08-31 10:29:38,533 [main] INFO  balancer.ContainerBalancerTask (ContainerBalancerTask.java:initializeIteration(443)) - Did not find any unbalanced Datanodes.
2023-08-31 10:29:38,533 [main] INFO  balancer.ContainerBalancerTask (ContainerBalancerTask.java:tryStopWithSaveConfiguration(308)) - Save Configuration for stopping. Reason: Could not initialize ContainerBalancer's iteration number 0
2023-08-31 10:29:38,534 [main] DEBUG balancer.ContainerBalancerTask (ContainerBalancerTask.java:initializeIteration(374)) - Average utilization of the cluster is 0.3844231587733851
2023-08-31 10:29:38,534 [main] DEBUG balancer.ContainerBalancerTask (ContainerBalancerTask.java:initializeIteration(386)) - Lower limit for utilization is -0.14069908358808997 and Upper limit for utilization is 0.9095454011348603
2023-08-31 10:29:38,534 [main] DEBUG balancer.ContainerBalancerTask (ContainerBalancerTask.java:initializeIteration(398)) - Utilization for node 0fd63a37-cd50-44c6-a0ff-79fd9e4bfe1a with capacity 65617555911B, used 59055800320B, and remaining 6561755591B is 0.900000000001524
2023-08-31 10:29:38,534 [main] DEBUG balancer.ContainerBalancerTask (ContainerBalancerTask.java:initializeIteration(398)) - Utilization for node 7b7a48f3-6e6c-40c8-bae0-dc076d7190a8 with capacity 76504104960B, used 61203283968B, and remaining 15300820992B is 0.8
2023-08-31 10:29:38,534 [main] DEBUG balancer.ContainerBalancerTask (ContainerBalancerTask.java:initializeIteration(398)) - Utilization for node 0da966ec-d304-4aba-a3c4-6da3d30bdd94 with capacity 82831512137B, used 57982058496B, and remaining 24849453641B is 0.7000000000012073
2023-08-31 10:29:38,534 [main] DEBUG balancer.ContainerBalancerTask (ContainerBalancerTask.java:initializeIteration(398)) - Utilization for node 54a67142-cf3c-479c-a664-446e6b66c15b with capacity 55476660906B, used 33285996544B, and remaining 22190664362B is 0.6000000000072102
2023-08-31 10:29:38,534 [main] DEBUG balancer.ContainerBalancerTask (ContainerBalancerTask.java:initializeIteration(398)) - Utilization for node e4f2c464-f8de-4df4-9ba1-d9809d16eaa0 with capacity 96636764160B, used 48318382080B, and remaining 48318382080B is 0.5
2023-08-31 10:29:38,534 [main] DEBUG balancer.ContainerBalancerTask (ContainerBalancerTask.java:initializeIteration(398)) - Utilization for node 298e8999-667d-4130-a3f3-d54ad17f81af with capacity 99321118720B, used 39728447488B, and remaining 59592671232B is 0.4
2023-08-31 10:29:38,534 [main] DEBUG balancer.ContainerBalancerTask (ContainerBalancerTask.java:initializeIteration(398)) - Utilization for node ea5c1859-a2ef-4183-83ff-b7e36fcf01d4 with capacity 96636764160B, used 28991029248B, and remaining 67645734912B is 0.3
2023-08-31 10:29:38,535 [main] DEBUG balancer.ContainerBalancerTask (ContainerBalancerTask.java:initializeIteration(398)) - Utilization for node 0f36dd41-558e-4ec6-8642-9fd9e057ab75 with capacity 187904819200B, used 37580963840B, and remaining 150323855360B is 0.2
2023-08-31 10:29:38,535 [main] DEBUG balancer.ContainerBalancerTask (ContainerBalancerTask.java:initializeIteration(398)) - Utilization for node 2d681fd5-2e55-4a11-859d-3964a107aab2 with capacity 225485783040B, used 22548578304B, and remaining 202937204736B is 0.1
2023-08-31 10:29:38,535 [main] DEBUG balancer.ContainerBalancerTask (ContainerBalancerTask.java:initializeIteration(398)) - Utilization for node e4dd84d2-26e1-49fb-97da-c18f91d47e4d with capacity 24696061952B, used 0B, and remaining 24696061952B is 0.0
2023-08-31 10:29:38,535 [main] INFO  balancer.ContainerBalancerTask (ContainerBalancerTask.java:initializeIteration(443)) - Did not find any unbalanced Datanodes.
2023-08-31 10:29:38,535 [main] INFO  balancer.ContainerBalancerTask (ContainerBalancerTask.java:tryStopWithSaveConfiguration(308)) - Save Configuration for stopping. Reason: Could not initialize ContainerBalancer's iteration number 0
2023-08-31 10:29:38,536 [main] DEBUG balancer.ContainerBalancerTask (ContainerBalancerTask.java:initializeIteration(374)) - Average utilization of the cluster is 0.3844231587733851
2023-08-31 10:29:38,536 [main] DEBUG balancer.ContainerBalancerTask (ContainerBalancerTask.java:initializeIteration(386)) - Lower limit for utilization is 0.11289510984362144 and Upper limit for utilization is 0.6559512077031489
2023-08-31 10:29:38,536 [main] DEBUG balancer.ContainerBalancerTask (ContainerBalancerTask.java:initializeIteration(398)) - Utilization for node 0fd63a37-cd50-44c6-a0ff-79fd9e4bfe1a with capacity 65617555911B, used 59055800320B, and remaining 6561755591B is 0.900000000001524
2023-08-31 10:29:38,536 [main] DEBUG balancer.ContainerBalancerTask (ContainerBalancerTask.java:initializeIteration(398)) - Utilization for node 7b7a48f3-6e6c-40c8-bae0-dc076d7190a8 with capacity 76504104960B, used 61203283968B, and remaining 15300820992B is 0.8
2023-08-31 10:29:38,536 [main] DEBUG balancer.ContainerBalancerTask (ContainerBalancerTask.java:initializeIteration(398)) - Utilization for node 0da966ec-d304-4aba-a3c4-6da3d30bdd94 with capacity 82831512137B, used 57982058496B, and remaining 24849453641B is 0.7000000000012073
2023-08-31 10:29:38,536 [main] DEBUG balancer.ContainerBalancerTask (ContainerBalancerTask.java:initializeIteration(398)) - Utilization for node 54a67142-cf3c-479c-a664-446e6b66c15b with capacity 55476660906B, used 33285996544B, and remaining 22190664362B is 0.6000000000072102
2023-08-31 10:29:38,536 [main] DEBUG balancer.ContainerBalancerTask (ContainerBalancerTask.java:initializeIteration(398)) - Utilization for node e4f2c464-f8de-4df4-9ba1-d9809d16eaa0 with capacity 96636764160B, used 48318382080B, and remaining 48318382080B is 0.5
2023-08-31 10:29:38,536 [main] DEBUG balancer.ContainerBalancerTask (ContainerBalancerTask.java:initializeIteration(398)) - Utilization for node 298e8999-667d-4130-a3f3-d54ad17f81af with capacity 99321118720B, used 39728447488B, and remaining 59592671232B is 0.4
2023-08-31 10:29:38,537 [main] DEBUG balancer.ContainerBalancerTask (ContainerBalancerTask.java:initializeIteration(398)) - Utilization for node ea5c1859-a2ef-4183-83ff-b7e36fcf01d4 with capacity 96636764160B, used 28991029248B, and remaining 67645734912B is 0.3
2023-08-31 10:29:38,537 [main] DEBUG balancer.ContainerBalancerTask (ContainerBalancerTask.java:initializeIteration(398)) - Utilization for node 0f36dd41-558e-4ec6-8642-9fd9e057ab75 with capacity 187904819200B, used 37580963840B, and remaining 150323855360B is 0.2
2023-08-31 10:29:38,537 [main] DEBUG balancer.ContainerBalancerTask (ContainerBalancerTask.java:initializeIteration(398)) - Utilization for node 2d681fd5-2e55-4a11-859d-3964a107aab2 with capacity 225485783040B, used 22548578304B, and remaining 202937204736B is 0.1
2023-08-31 10:29:38,537 [main] DEBUG balancer.ContainerBalancerTask (ContainerBalancerTask.java:initializeIteration(398)) - Utilization for node e4dd84d2-26e1-49fb-97da-c18f91d47e4d with capacity 24696061952B, used 0B, and remaining 24696061952B is 0.0
2023-08-31 10:29:38,537 [main] INFO  balancer.ContainerBalancerTask (ContainerBalancerTask.java:initializeIteration(447)) - Container Balancer has identified 3 Over-Utilized and 2 Under-Utilized Datanodes that need to be balanced.
2023-08-31 10:29:38,537 [main] DEBUG balancer.ContainerBalancerTask (ContainerBalancerTask.java:lambda$initializeIteration$1(453)) - Datanode localhost-116.130.156.111 0fd63a37-cd50-44c6-a0ff-79fd9e4bfe1a is Over-Utilized.
2023-08-31 10:29:38,537 [main] DEBUG balancer.ContainerBalancerTask (ContainerBalancerTask.java:lambda$initializeIteration$1(453)) - Datanode localhost-241.232.196.95 7b7a48f3-6e6c-40c8-bae0-dc076d7190a8 is Over-Utilized.
2023-08-31 10:29:38,537 [main] DEBUG balancer.ContainerBalancerTask (ContainerBalancerTask.java:lambda$initializeIteration$1(453)) - Datanode localhost-212.248.109.79 0da966ec-d304-4aba-a3c4-6da3d30bdd94 is Over-Utilized.
2023-08-31 10:29:38,537 [main] DEBUG balancer.ContainerBalancerTask (ContainerBalancerTask.java:lambda$initializeIteration$2(459)) - Datanode localhost-83.167.164.80 e4dd84d2-26e1-49fb-97da-c18f91d47e4d is Under-Utilized.
2023-08-31 10:29:38,537 [main] DEBUG balancer.ContainerBalancerTask (ContainerBalancerTask.java:lambda$initializeIteration$2(459)) - Datanode localhost-228.245.218.11 2d681fd5-2e55-4a11-859d-3964a107aab2 is Under-Utilized.
2023-08-31 10:29:38,540 [main] DEBUG balancer.ContainerBalancerTask (ContainerBalancerTask.java:matchSourceWithTarget(708)) - ContainerBalancer is finding suitable target for source datanode 0fd63a37-cd50-44c6-a0ff-79fd9e4bfe1a
2023-08-31 10:29:38,541 [main] INFO  balancer.ContainerBalancerTask (ContainerBalancerTask.java:matchSourceWithTarget(722)) - ContainerBalancer matched source datanode 0fd63a37-cd50-44c6-a0ff-79fd9e4bfe1a with target datanode e4dd84d2-26e1-49fb-97da-c18f91d47e4d for container move.
2023-08-31 10:29:38,541 [main] INFO  balancer.ContainerBalancerTask (ContainerBalancerTask.java:processMoveSelection(569)) - ContainerBalancer is trying to move container #85 with size 5368709120B from source datanode 0fd63a37-cd50-44c6-a0ff-79fd9e4bfe1a to target datanode e4dd84d2-26e1-49fb-97da-c18f91d47e4d
2023-08-31 10:29:38,541 [main] DEBUG balancer.ContainerBalancerTask (ContainerBalancerTask.java:lambda$moveContainer$3(837)) - Container move completed for container #85 from source 0fd63a37-cd50-44c6-a0ff-79fd9e4bfe1a to target e4dd84d2-26e1-49fb-97da-c18f91d47e4d
2023-08-31 10:29:38,544 [main] DEBUG balancer.ContainerBalancerTask (ContainerBalancerTask.java:matchSourceWithTarget(708)) - ContainerBalancer is finding suitable target for source datanode 0fd63a37-cd50-44c6-a0ff-79fd9e4bfe1a
2023-08-31 10:29:38,544 [main] INFO  balancer.ContainerBalancerTask (ContainerBalancerTask.java:matchSourceWithTarget(722)) - ContainerBalancer matched source datanode 0fd63a37-cd50-44c6-a0ff-79fd9e4bfe1a with target datanode 2d681fd5-2e55-4a11-859d-3964a107aab2 for container move.
2023-08-31 10:29:38,544 [main] INFO  balancer.ContainerBalancerTask (ContainerBalancerTask.java:processMoveSelection(569)) - ContainerBalancer is trying to move container #68 with size 5368709120B from source datanode 0fd63a37-cd50-44c6-a0ff-79fd9e4bfe1a to target datanode 2d681fd5-2e55-4a11-859d-3964a107aab2
2023-08-31 10:29:38,544 [main] DEBUG balancer.ContainerBalancerTask (ContainerBalancerTask.java:lambda$moveContainer$3(837)) - Container move completed for container #68 from source 0fd63a37-cd50-44c6-a0ff-79fd9e4bfe1a to target 2d681fd5-2e55-4a11-859d-3964a107aab2
2023-08-31 10:29:38,548 [main] DEBUG balancer.ContainerBalancerTask (ContainerBalancerTask.java:matchSourceWithTarget(708)) - ContainerBalancer is finding suitable target for source datanode 7b7a48f3-6e6c-40c8-bae0-dc076d7190a8
2023-08-31 10:29:38,548 [main] INFO  balancer.ContainerBalancerTask (ContainerBalancerTask.java:matchSourceWithTarget(722)) - ContainerBalancer matched source datanode 7b7a48f3-6e6c-40c8-bae0-dc076d7190a8 with target datanode 2d681fd5-2e55-4a11-859d-3964a107aab2 for container move.
2023-08-31 10:29:38,548 [main] INFO  balancer.ContainerBalancerTask (ContainerBalancerTask.java:processMoveSelection(569)) - ContainerBalancer is trying to move container #53 with size 5368709120B from source datanode 7b7a48f3-6e6c-40c8-bae0-dc076d7190a8 to target datanode 2d681fd5-2e55-4a11-859d-3964a107aab2
2023-08-31 10:29:38,548 [main] DEBUG balancer.ContainerBalancerTask (ContainerBalancerTask.java:lambda$moveContainer$3(837)) - Container move completed for container #53 from source 7b7a48f3-6e6c-40c8-bae0-dc076d7190a8 to target 2d681fd5-2e55-4a11-859d-3964a107aab2
2023-08-31 10:29:38,551 [main] DEBUG balancer.ContainerBalancerTask (ContainerBalancerTask.java:matchSourceWithTarget(708)) - ContainerBalancer is finding suitable target for source datanode 0fd63a37-cd50-44c6-a0ff-79fd9e4bfe1a
2023-08-31 10:29:38,551 [main] INFO  balancer.ContainerBalancerTask (ContainerBalancerTask.java:matchSourceWithTarget(722)) - ContainerBalancer matched source datanode 0fd63a37-cd50-44c6-a0ff-79fd9e4bfe1a with target datanode 2d681fd5-2e55-4a11-859d-3964a107aab2 for container move.
2023-08-31 10:29:38,551 [main] INFO  balancer.ContainerBalancerTask (ContainerBalancerTask.java:processMoveSelection(569)) - ContainerBalancer is trying to move container #29 with size 5368709120B from source datanode 0fd63a37-cd50-44c6-a0ff-79fd9e4bfe1a to target datanode 2d681fd5-2e55-4a11-859d-3964a107aab2
2023-08-31 10:29:38,552 [main] DEBUG balancer.ContainerBalancerTask (ContainerBalancerTask.java:lambda$moveContainer$3(837)) - Container move completed for container #29 from source 0fd63a37-cd50-44c6-a0ff-79fd9e4bfe1a to target 2d681fd5-2e55-4a11-859d-3964a107aab2
2023-08-31 10:29:38,556 [main] DEBUG balancer.ContainerBalancerTask (ContainerBalancerTask.java:matchSourceWithTarget(708)) - ContainerBalancer is finding suitable target for source datanode 7b7a48f3-6e6c-40c8-bae0-dc076d7190a8
2023-08-31 10:29:38,556 [main] INFO  balancer.ContainerBalancerTask (ContainerBalancerTask.java:matchSourceWithTarget(722)) - ContainerBalancer matched source datanode 7b7a48f3-6e6c-40c8-bae0-dc076d7190a8 with target datanode 2d681fd5-2e55-4a11-859d-3964a107aab2 for container move.
2023-08-31 10:29:38,556 [main] INFO  balancer.ContainerBalancerTask (ContainerBalancerTask.java:processMoveSelection(569)) - ContainerBalancer is trying to move container #84 with size 4294967296B from source datanode 7b7a48f3-6e6c-40c8-bae0-dc076d7190a8 to target datanode 2d681fd5-2e55-4a11-859d-3964a107aab2
2023-08-31 10:29:38,557 [main] DEBUG balancer.ContainerBalancerTask (ContainerBalancerTask.java:lambda$moveContainer$3(837)) - Container move completed for container #84 from source 7b7a48f3-6e6c-40c8-bae0-dc076d7190a8 to target 2d681fd5-2e55-4a11-859d-3964a107aab2
2023-08-31 10:29:38,561 [main] DEBUG balancer.ContainerBalancerTask (ContainerBalancerTask.java:matchSourceWithTarget(708)) - ContainerBalancer is finding suitable target for source datanode 0da966ec-d304-4aba-a3c4-6da3d30bdd94
2023-08-31 10:29:38,561 [main] INFO  balancer.ContainerBalancerTask (ContainerBalancerTask.java:matchSourceWithTarget(722)) - ContainerBalancer matched source datanode 0da966ec-d304-4aba-a3c4-6da3d30bdd94 with target datanode 2d681fd5-2e55-4a11-859d-3964a107aab2 for container move.
2023-08-31 10:29:38,561 [main] INFO  balancer.ContainerBalancerTask (ContainerBalancerTask.java:processMoveSelection(569)) - ContainerBalancer is trying to move container #67 with size 4294967296B from source datanode 0da966ec-d304-4aba-a3c4-6da3d30bdd94 to target datanode 2d681fd5-2e55-4a11-859d-3964a107aab2
2023-08-31 10:29:38,561 [main] DEBUG balancer.ContainerBalancerTask (ContainerBalancerTask.java:lambda$moveContainer$3(837)) - Container move completed for container #67 from source 0da966ec-d304-4aba-a3c4-6da3d30bdd94 to target 2d681fd5-2e55-4a11-859d-3964a107aab2
2023-08-31 10:29:38,564 [main] DEBUG balancer.ContainerBalancerTask (ContainerBalancerTask.java:matchSourceWithTarget(708)) - ContainerBalancer is finding suitable target for source datanode 7b7a48f3-6e6c-40c8-bae0-dc076d7190a8
2023-08-31 10:29:38,565 [main] INFO  balancer.ContainerBalancerTask (ContainerBalancerTask.java:matchSourceWithTarget(722)) - ContainerBalancer matched source datanode 7b7a48f3-6e6c-40c8-bae0-dc076d7190a8 with target datanode 2d681fd5-2e55-4a11-859d-3964a107aab2 for container move.
2023-08-31 10:29:38,565 [main] INFO  balancer.ContainerBalancerTask (ContainerBalancerTask.java:processMoveSelection(569)) - ContainerBalancer is trying to move container #83 with size 3221225472B from source datanode 7b7a48f3-6e6c-40c8-bae0-dc076d7190a8 to target datanode 2d681fd5-2e55-4a11-859d-3964a107aab2
2023-08-31 10:29:38,565 [main] DEBUG balancer.ContainerBalancerTask (ContainerBalancerTask.java:lambda$moveContainer$3(837)) - Container move completed for container #83 from source 7b7a48f3-6e6c-40c8-bae0-dc076d7190a8 to target 2d681fd5-2e55-4a11-859d-3964a107aab2
2023-08-31 10:29:38,568 [main] DEBUG balancer.ContainerBalancerTask (ContainerBalancerTask.java:matchSourceWithTarget(708)) - ContainerBalancer is finding suitable target for source datanode 0fd63a37-cd50-44c6-a0ff-79fd9e4bfe1a
2023-08-31 10:29:38,568 [main] INFO  balancer.ContainerBalancerTask (ContainerBalancerTask.java:matchSourceWithTarget(722)) - ContainerBalancer matched source datanode 0fd63a37-cd50-44c6-a0ff-79fd9e4bfe1a with target datanode e4dd84d2-26e1-49fb-97da-c18f91d47e4d for container move.
2023-08-31 10:29:38,568 [main] INFO  balancer.ContainerBalancerTask (ContainerBalancerTask.java:processMoveSelection(569)) - ContainerBalancer is trying to move container #89 with size 4294967296B from source datanode 0fd63a37-cd50-44c6-a0ff-79fd9e4bfe1a to target datanode e4dd84d2-26e1-49fb-97da-c18f91d47e4d
2023-08-31 10:29:38,568 [main] DEBUG balancer.ContainerBalancerTask (ContainerBalancerTask.java:lambda$moveContainer$3(837)) - Container move completed for container #89 from source 0fd63a37-cd50-44c6-a0ff-79fd9e4bfe1a to target e4dd84d2-26e1-49fb-97da-c18f91d47e4d
2023-08-31 10:29:38,572 [main] DEBUG balancer.ContainerBalancerTask (ContainerBalancerTask.java:matchSourceWithTarget(708)) - ContainerBalancer is finding suitable target for source datanode 0da966ec-d304-4aba-a3c4-6da3d30bdd94
2023-08-31 10:29:38,573 [main] INFO  balancer.ContainerBalancerTask (ContainerBalancerTask.java:matchSourceWithTarget(722)) - ContainerBalancer matched source datanode 0da966ec-d304-4aba-a3c4-6da3d30bdd94 with target datanode 2d681fd5-2e55-4a11-859d-3964a107aab2 for container move.
2023-08-31 10:29:38,573 [main] INFO  balancer.ContainerBalancerTask (ContainerBalancerTask.java:processMoveSelection(569)) - ContainerBalancer is trying to move container #52 with size 4294967296B from source datanode 0da966ec-d304-4aba-a3c4-6da3d30bdd94 to target datanode 2d681fd5-2e55-4a11-859d-3964a107aab2
2023-08-31 10:29:38,573 [main] DEBUG balancer.ContainerBalancerTask (ContainerBalancerTask.java:lambda$moveContainer$3(837)) - Container move completed for container #52 from source 0da966ec-d304-4aba-a3c4-6da3d30bdd94 to target 2d681fd5-2e55-4a11-859d-3964a107aab2
2023-08-31 10:29:38,576 [main] DEBUG balancer.ContainerBalancerTask (ContainerBalancerTask.java:matchSourceWithTarget(708)) - ContainerBalancer is finding suitable target for source datanode 7b7a48f3-6e6c-40c8-bae0-dc076d7190a8
2023-08-31 10:29:38,576 [main] INFO  balancer.ContainerBalancerTask (ContainerBalancerTask.java:matchSourceWithTarget(722)) - ContainerBalancer matched source datanode 7b7a48f3-6e6c-40c8-bae0-dc076d7190a8 with target datanode 2d681fd5-2e55-4a11-859d-3964a107aab2 for container move.
2023-08-31 10:29:38,577 [main] INFO  balancer.ContainerBalancerTask (ContainerBalancerTask.java:processMoveSelection(569)) - ContainerBalancer is trying to move container #71 with size 3221225472B from source datanode 7b7a48f3-6e6c-40c8-bae0-dc076d7190a8 to target datanode 2d681fd5-2e55-4a11-859d-3964a107aab2
2023-08-31 10:29:38,577 [main] DEBUG balancer.ContainerBalancerTask (ContainerBalancerTask.java:lambda$moveContainer$3(837)) - Container move completed for container #71 from source 7b7a48f3-6e6c-40c8-bae0-dc076d7190a8 to target 2d681fd5-2e55-4a11-859d-3964a107aab2
2023-08-31 10:29:38,581 [main] DEBUG balancer.ContainerBalancerTask (ContainerBalancerTask.java:matchSourceWithTarget(708)) - ContainerBalancer is finding suitable target for source datanode 0da966ec-d304-4aba-a3c4-6da3d30bdd94
2023-08-31 10:29:38,581 [main] INFO  balancer.ContainerBalancerTask (ContainerBalancerTask.java:matchSourceWithTarget(722)) - ContainerBalancer matched source datanode 0da966ec-d304-4aba-a3c4-6da3d30bdd94 with target datanode 2d681fd5-2e55-4a11-859d-3964a107aab2 for container move.
2023-08-31 10:29:38,581 [main] INFO  balancer.ContainerBalancerTask (ContainerBalancerTask.java:processMoveSelection(569)) - ContainerBalancer is trying to move container #39 with size 4294967296B from source datanode 0da966ec-d304-4aba-a3c4-6da3d30bdd94 to target datanode 2d681fd5-2e55-4a11-859d-3964a107aab2
2023-08-31 10:29:38,581 [main] DEBUG balancer.ContainerBalancerTask (ContainerBalancerTask.java:lambda$moveContainer$3(837)) - Container move completed for container #39 from source 0da966ec-d304-4aba-a3c4-6da3d30bdd94 to target 2d681fd5-2e55-4a11-859d-3964a107aab2
2023-08-31 10:29:38,585 [main] DEBUG balancer.ContainerBalancerTask (ContainerBalancerTask.java:matchSourceWithTarget(708)) - ContainerBalancer is finding suitable target for source datanode 7b7a48f3-6e6c-40c8-bae0-dc076d7190a8
2023-08-31 10:29:38,585 [main] INFO  balancer.ContainerBalancerTask (ContainerBalancerTask.java:matchSourceWithTarget(722)) - ContainerBalancer matched source datanode 7b7a48f3-6e6c-40c8-bae0-dc076d7190a8 with target datanode 2d681fd5-2e55-4a11-859d-3964a107aab2 for container move.
2023-08-31 10:29:38,585 [main] INFO  balancer.ContainerBalancerTask (ContainerBalancerTask.java:processMoveSelection(569)) - ContainerBalancer is trying to move container #66 with size 3221225472B from source datanode 7b7a48f3-6e6c-40c8-bae0-dc076d7190a8 to target datanode 2d681fd5-2e55-4a11-859d-3964a107aab2
2023-08-31 10:29:38,585 [main] DEBUG balancer.ContainerBalancerTask (ContainerBalancerTask.java:lambda$moveContainer$3(837)) - Container move completed for container #66 from source 7b7a48f3-6e6c-40c8-bae0-dc076d7190a8 to target 2d681fd5-2e55-4a11-859d-3964a107aab2
2023-08-31 10:29:38,588 [main] DEBUG balancer.ContainerBalancerTask (ContainerBalancerTask.java:matchSourceWithTarget(708)) - ContainerBalancer is finding suitable target for source datanode 0fd63a37-cd50-44c6-a0ff-79fd9e4bfe1a
2023-08-31 10:29:38,589 [main] INFO  balancer.ContainerBalancerTask (ContainerBalancerTask.java:matchSourceWithTarget(722)) - ContainerBalancer matched source datanode 0fd63a37-cd50-44c6-a0ff-79fd9e4bfe1a with target datanode 2d681fd5-2e55-4a11-859d-3964a107aab2 for container move.
2023-08-31 10:29:38,589 [main] INFO  balancer.ContainerBalancerTask (ContainerBalancerTask.java:processMoveSelection(569)) - ContainerBalancer is trying to move container #86 with size 1073741824B from source datanode 0fd63a37-cd50-44c6-a0ff-79fd9e4bfe1a to target datanode 2d681fd5-2e55-4a11-859d-3964a107aab2
2023-08-31 10:29:38,589 [main] DEBUG balancer.ContainerBalancerTask (ContainerBalancerTask.java:lambda$moveContainer$3(837)) - Container move completed for container #86 from source 0fd63a37-cd50-44c6-a0ff-79fd9e4bfe1a to target 2d681fd5-2e55-4a11-859d-3964a107aab2
2023-08-31 10:29:38,589 [main] WARN  balancer.ContainerBalancerTask (ContainerBalancerTask.java:reachedMaxSizeToMovePerIteration(733)) - Reached max size to move limit. 53687091200 bytes have already been scheduled for balancing and the limit is 53687091200 bytes.
2023-08-31 10:29:38,591 [main] INFO  balancer.ContainerBalancerTask (ContainerBalancerTask.java:checkIterationMoveResults(642)) - Iteration Summary. Number of Datanodes involved: 5. Size moved: 50 GB (53687091200 Bytes). Number of Container moves completed: 13.
2023-08-31 10:29:38,592 [main] INFO  balancer.ContainerBalancerTask (ContainerBalancerTask.java:balance(259)) - Result of this iteration of Container Balancer: ITERATION_COMPLETED
2023-08-31 10:29:38,592 [main] INFO  balancer.ContainerBalancerTask (ContainerBalancerTask.java:tryStopWithSaveConfiguration(308)) - Save Configuration for stopping. Reason: Completed all iterations.
2023-08-31 10:29:38,593 [main] DEBUG balancer.ContainerBalancerTask (ContainerBalancerTask.java:initializeIteration(374)) - Average utilization of the cluster is 0.3844231587733851
2023-08-31 10:29:38,593 [main] DEBUG balancer.ContainerBalancerTask (ContainerBalancerTask.java:initializeIteration(386)) - Lower limit for utilization is 0.008321814500079072 and Upper limit for utilization is 0.7605245030466912
2023-08-31 10:29:38,593 [main] DEBUG balancer.ContainerBalancerTask (ContainerBalancerTask.java:initializeIteration(398)) - Utilization for node 0fd63a37-cd50-44c6-a0ff-79fd9e4bfe1a with capacity 65617555911B, used 59055800320B, and remaining 6561755591B is 0.900000000001524
2023-08-31 10:29:38,593 [main] DEBUG balancer.ContainerBalancerTask (ContainerBalancerTask.java:initializeIteration(398)) - Utilization for node 7b7a48f3-6e6c-40c8-bae0-dc076d7190a8 with capacity 76504104960B, used 61203283968B, and remaining 15300820992B is 0.8
2023-08-31 10:29:38,593 [main] DEBUG balancer.ContainerBalancerTask (ContainerBalancerTask.java:initializeIteration(398)) - Utilization for node 0da966ec-d304-4aba-a3c4-6da3d30bdd94 with capacity 82831512137B, used 57982058496B, and remaining 24849453641B is 0.7000000000012073
2023-08-31 10:29:38,593 [main] DEBUG balancer.ContainerBalancerTask (ContainerBalancerTask.java:initializeIteration(398)) - Utilization for node 54a67142-cf3c-479c-a664-446e6b66c15b with capacity 55476660906B, used 33285996544B, and remaining 22190664362B is 0.6000000000072102
2023-08-31 10:29:38,593 [main] DEBUG balancer.ContainerBalancerTask (ContainerBalancerTask.java:initializeIteration(398)) - Utilization for node e4f2c464-f8de-4df4-9ba1-d9809d16eaa0 with capacity 96636764160B, used 48318382080B, and remaining 48318382080B is 0.5
2023-08-31 10:29:38,593 [main] DEBUG balancer.ContainerBalancerTask (ContainerBalancerTask.java:initializeIteration(398)) - Utilization for node 298e8999-667d-4130-a3f3-d54ad17f81af with capacity 99321118720B, used 39728447488B, and remaining 59592671232B is 0.4
2023-08-31 10:29:38,593 [main] DEBUG balancer.ContainerBalancerTask (ContainerBalancerTask.java:initializeIteration(398)) - Utilization for node ea5c1859-a2ef-4183-83ff-b7e36fcf01d4 with capacity 96636764160B, used 28991029248B, and remaining 67645734912B is 0.3
2023-08-31 10:29:38,594 [main] DEBUG balancer.ContainerBalancerTask (ContainerBalancerTask.java:initializeIteration(398)) - Utilization for node 0f36dd41-558e-4ec6-8642-9fd9e057ab75 with capacity 187904819200B, used 37580963840B, and remaining 150323855360B is 0.2
2023-08-31 10:29:38,594 [main] DEBUG balancer.ContainerBalancerTask (ContainerBalancerTask.java:initializeIteration(398)) - Utilization for node 2d681fd5-2e55-4a11-859d-3964a107aab2 with capacity 225485783040B, used 22548578304B, and remaining 202937204736B is 0.1
2023-08-31 10:29:38,594 [main] DEBUG balancer.ContainerBalancerTask (ContainerBalancerTask.java:initializeIteration(398)) - Utilization for node e4dd84d2-26e1-49fb-97da-c18f91d47e4d with capacity 24696061952B, used 0B, and remaining 24696061952B is 0.0
2023-08-31 10:29:38,594 [main] INFO  balancer.ContainerBalancerTask (ContainerBalancerTask.java:initializeIteration(447)) - Container Balancer has identified 2 Over-Utilized and 1 Under-Utilized Datanodes that need to be balanced.
2023-08-31 10:29:38,594 [main] DEBUG balancer.ContainerBalancerTask (ContainerBalancerTask.java:lambda$initializeIteration$1(453)) - Datanode localhost-116.130.156.111 0fd63a37-cd50-44c6-a0ff-79fd9e4bfe1a is Over-Utilized.
2023-08-31 10:29:38,594 [main] DEBUG balancer.ContainerBalancerTask (ContainerBalancerTask.java:lambda$initializeIteration$1(453)) - Datanode localhost-241.232.196.95 7b7a48f3-6e6c-40c8-bae0-dc076d7190a8 is Over-Utilized.
2023-08-31 10:29:38,594 [main] DEBUG balancer.ContainerBalancerTask (ContainerBalancerTask.java:lambda$initializeIteration$2(459)) - Datanode localhost-83.167.164.80 e4dd84d2-26e1-49fb-97da-c18f91d47e4d is Under-Utilized.
2023-08-31 10:29:38,597 [main] DEBUG balancer.ContainerBalancerTask (ContainerBalancerTask.java:matchSourceWithTarget(708)) - ContainerBalancer is finding suitable target for source datanode 0fd63a37-cd50-44c6-a0ff-79fd9e4bfe1a
2023-08-31 10:29:38,597 [main] INFO  balancer.ContainerBalancerTask (ContainerBalancerTask.java:matchSourceWithTarget(722)) - ContainerBalancer matched source datanode 0fd63a37-cd50-44c6-a0ff-79fd9e4bfe1a with target datanode e4dd84d2-26e1-49fb-97da-c18f91d47e4d for container move.
2023-08-31 10:29:38,597 [main] INFO  balancer.ContainerBalancerTask (ContainerBalancerTask.java:processMoveSelection(569)) - ContainerBalancer is trying to move container #85 with size 5368709120B from source datanode 0fd63a37-cd50-44c6-a0ff-79fd9e4bfe1a to target datanode e4dd84d2-26e1-49fb-97da-c18f91d47e4d
2023-08-31 10:29:38,598 [main] DEBUG balancer.ContainerBalancerTask (ContainerBalancerTask.java:lambda$moveContainer$3(837)) - Container move completed for container #85 from source 0fd63a37-cd50-44c6-a0ff-79fd9e4bfe1a to target e4dd84d2-26e1-49fb-97da-c18f91d47e4d
2023-08-31 10:29:38,601 [main] DEBUG balancer.ContainerBalancerTask (ContainerBalancerTask.java:matchSourceWithTarget(708)) - ContainerBalancer is finding suitable target for source datanode 0fd63a37-cd50-44c6-a0ff-79fd9e4bfe1a
2023-08-31 10:29:38,601 [main] INFO  balancer.ContainerBalancerTask (ContainerBalancerTask.java:matchSourceWithTarget(722)) - ContainerBalancer matched source datanode 0fd63a37-cd50-44c6-a0ff-79fd9e4bfe1a with target datanode e4dd84d2-26e1-49fb-97da-c18f91d47e4d for container move.
2023-08-31 10:29:38,601 [main] INFO  balancer.ContainerBalancerTask (ContainerBalancerTask.java:processMoveSelection(569)) - ContainerBalancer is trying to move container #68 with size 5368709120B from source datanode 0fd63a37-cd50-44c6-a0ff-79fd9e4bfe1a to target datanode e4dd84d2-26e1-49fb-97da-c18f91d47e4d
2023-08-31 10:29:38,601 [main] DEBUG balancer.ContainerBalancerTask (ContainerBalancerTask.java:lambda$moveContainer$3(837)) - Container move completed for container #68 from source 0fd63a37-cd50-44c6-a0ff-79fd9e4bfe1a to target e4dd84d2-26e1-49fb-97da-c18f91d47e4d
2023-08-31 10:29:38,604 [main] DEBUG balancer.ContainerBalancerTask (ContainerBalancerTask.java:matchSourceWithTarget(708)) - ContainerBalancer is finding suitable target for source datanode 7b7a48f3-6e6c-40c8-bae0-dc076d7190a8
2023-08-31 10:29:38,604 [main] INFO  balancer.ContainerBalancerTask (ContainerBalancerTask.java:matchSourceWithTarget(722)) - ContainerBalancer matched source datanode 7b7a48f3-6e6c-40c8-bae0-dc076d7190a8 with target datanode e4dd84d2-26e1-49fb-97da-c18f91d47e4d for container move.
2023-08-31 10:29:38,605 [main] INFO  balancer.ContainerBalancerTask (ContainerBalancerTask.java:processMoveSelection(569)) - ContainerBalancer is trying to move container #53 with size 5368709120B from source datanode 7b7a48f3-6e6c-40c8-bae0-dc076d7190a8 to target datanode e4dd84d2-26e1-49fb-97da-c18f91d47e4d
2023-08-31 10:29:38,605 [main] DEBUG balancer.ContainerBalancerTask (ContainerBalancerTask.java:lambda$moveContainer$3(837)) - Container move completed for container #53 from source 7b7a48f3-6e6c-40c8-bae0-dc076d7190a8 to target e4dd84d2-26e1-49fb-97da-c18f91d47e4d
2023-08-31 10:29:38,608 [main] DEBUG balancer.ContainerBalancerTask (ContainerBalancerTask.java:matchSourceWithTarget(708)) - ContainerBalancer is finding suitable target for source datanode 0fd63a37-cd50-44c6-a0ff-79fd9e4bfe1a
2023-08-31 10:29:38,608 [main] INFO  balancer.ContainerBalancerTask (ContainerBalancerTask.java:matchSourceWithTarget(722)) - ContainerBalancer matched source datanode 0fd63a37-cd50-44c6-a0ff-79fd9e4bfe1a with target datanode e4dd84d2-26e1-49fb-97da-c18f91d47e4d for container move.
2023-08-31 10:29:38,608 [main] INFO  balancer.ContainerBalancerTask (ContainerBalancerTask.java:processMoveSelection(569)) - ContainerBalancer is trying to move container #87 with size 2147483648B from source datanode 0fd63a37-cd50-44c6-a0ff-79fd9e4bfe1a to target datanode e4dd84d2-26e1-49fb-97da-c18f91d47e4d
2023-08-31 10:29:38,609 [main] DEBUG balancer.ContainerBalancerTask (ContainerBalancerTask.java:lambda$moveContainer$3(837)) - Container move completed for container #87 from source 0fd63a37-cd50-44c6-a0ff-79fd9e4bfe1a to target e4dd84d2-26e1-49fb-97da-c18f91d47e4d
2023-08-31 10:29:38,612 [main] DEBUG balancer.ContainerBalancerTask (ContainerBalancerTask.java:matchSourceWithTarget(708)) - ContainerBalancer is finding suitable target for source datanode 7b7a48f3-6e6c-40c8-bae0-dc076d7190a8
2023-08-31 10:29:38,613 [main] INFO  balancer.FindTargetGreedyByUsageInfo (AbstractFindTargetGreedy.java:findTargetForContainerMove(133)) - Container Balancer could not find a target for source datanode 7b7a48f3-6e6c-40c8-bae0-dc076d7190a8
2023-08-31 10:29:38,613 [main] DEBUG balancer.ContainerBalancerTask (ContainerBalancerTask.java:matchSourceWithTarget(717)) - ContainerBalancer could not find a suitable target for source node 7b7a48f3-6e6c-40c8-bae0-dc076d7190a8.
2023-08-31 10:29:38,616 [main] DEBUG balancer.ContainerBalancerTask (ContainerBalancerTask.java:matchSourceWithTarget(708)) - ContainerBalancer is finding suitable target for source datanode 0fd63a37-cd50-44c6-a0ff-79fd9e4bfe1a
2023-08-31 10:29:38,617 [main] INFO  balancer.FindTargetGreedyByUsageInfo (AbstractFindTargetGreedy.java:findTargetForContainerMove(133)) - Container Balancer could not find a target for source datanode 0fd63a37-cd50-44c6-a0ff-79fd9e4bfe1a
2023-08-31 10:29:38,617 [main] DEBUG balancer.ContainerBalancerTask (ContainerBalancerTask.java:matchSourceWithTarget(717)) - ContainerBalancer could not find a suitable target for source node 0fd63a37-cd50-44c6-a0ff-79fd9e4bfe1a.
2023-08-31 10:29:38,617 [main] INFO  balancer.FindSourceGreedy (FindSourceGreedy.java:getNextCandidateSourceDataNode(126)) - no more candidate source data node
2023-08-31 10:29:38,617 [main] INFO  balancer.ContainerBalancerTask (ContainerBalancerTask.java:checkIterationMoveResults(642)) - Iteration Summary. Number of Datanodes involved: 3. Size moved: 17 GB (18253611008 Bytes). Number of Container moves completed: 4.
2023-08-31 10:29:38,617 [main] INFO  balancer.ContainerBalancerTask (ContainerBalancerTask.java:balance(259)) - Result of this iteration of Container Balancer: ITERATION_COMPLETED
2023-08-31 10:29:38,617 [main] INFO  balancer.ContainerBalancerTask (ContainerBalancerTask.java:tryStopWithSaveConfiguration(308)) - Save Configuration for stopping. Reason: Completed all iterations.
2023-08-31 10:29:38,618 [main] DEBUG balancer.ContainerBalancerTask (ContainerBalancerTask.java:initializeIteration(374)) - Average utilization of the cluster is 0.3844231587733851
2023-08-31 10:29:38,618 [main] DEBUG balancer.ContainerBalancerTask (ContainerBalancerTask.java:initializeIteration(386)) - Lower limit for utilization is 0.2736398509612376 and Upper limit for utilization is 0.49520646658553263
2023-08-31 10:29:38,618 [main] DEBUG balancer.ContainerBalancerTask (ContainerBalancerTask.java:initializeIteration(398)) - Utilization for node 0fd63a37-cd50-44c6-a0ff-79fd9e4bfe1a with capacity 65617555911B, used 59055800320B, and remaining 6561755591B is 0.900000000001524
2023-08-31 10:29:38,619 [main] DEBUG balancer.ContainerBalancerTask (ContainerBalancerTask.java:initializeIteration(398)) - Utilization for node 7b7a48f3-6e6c-40c8-bae0-dc076d7190a8 with capacity 76504104960B, used 61203283968B, and remaining 15300820992B is 0.8
2023-08-31 10:29:38,619 [main] DEBUG balancer.ContainerBalancerTask (ContainerBalancerTask.java:initializeIteration(398)) - Utilization for node 0da966ec-d304-4aba-a3c4-6da3d30bdd94 with capacity 82831512137B, used 57982058496B, and remaining 24849453641B is 0.7000000000012073
2023-08-31 10:29:38,619 [main] DEBUG balancer.ContainerBalancerTask (ContainerBalancerTask.java:initializeIteration(398)) - Utilization for node 54a67142-cf3c-479c-a664-446e6b66c15b with capacity 55476660906B, used 33285996544B, and remaining 22190664362B is 0.6000000000072102
2023-08-31 10:29:38,619 [main] DEBUG balancer.ContainerBalancerTask (ContainerBalancerTask.java:initializeIteration(398)) - Utilization for node e4f2c464-f8de-4df4-9ba1-d9809d16eaa0 with capacity 96636764160B, used 48318382080B, and remaining 48318382080B is 0.5
2023-08-31 10:29:38,619 [main] DEBUG balancer.ContainerBalancerTask (ContainerBalancerTask.java:initializeIteration(398)) - Utilization for node 298e8999-667d-4130-a3f3-d54ad17f81af with capacity 99321118720B, used 39728447488B, and remaining 59592671232B is 0.4
2023-08-31 10:29:38,620 [main] DEBUG balancer.ContainerBalancerTask (ContainerBalancerTask.java:initializeIteration(398)) - Utilization for node ea5c1859-a2ef-4183-83ff-b7e36fcf01d4 with capacity 96636764160B, used 28991029248B, and remaining 67645734912B is 0.3
2023-08-31 10:29:38,620 [main] DEBUG balancer.ContainerBalancerTask (ContainerBalancerTask.java:initializeIteration(398)) - Utilization for node 0f36dd41-558e-4ec6-8642-9fd9e057ab75 with capacity 187904819200B, used 37580963840B, and remaining 150323855360B is 0.2
2023-08-31 10:29:38,620 [main] DEBUG balancer.ContainerBalancerTask (ContainerBalancerTask.java:initializeIteration(398)) - Utilization for node 2d681fd5-2e55-4a11-859d-3964a107aab2 with capacity 225485783040B, used 22548578304B, and remaining 202937204736B is 0.1
2023-08-31 10:29:38,620 [main] DEBUG balancer.ContainerBalancerTask (ContainerBalancerTask.java:initializeIteration(398)) - Utilization for node e4dd84d2-26e1-49fb-97da-c18f91d47e4d with capacity 24696061952B, used 0B, and remaining 24696061952B is 0.0
2023-08-31 10:29:38,620 [main] INFO  balancer.ContainerBalancerTask (ContainerBalancerTask.java:initializeIteration(447)) - Container Balancer has identified 5 Over-Utilized and 3 Under-Utilized Datanodes that need to be balanced.
2023-08-31 10:29:38,620 [main] DEBUG balancer.ContainerBalancerTask (ContainerBalancerTask.java:lambda$initializeIteration$1(453)) - Datanode localhost-116.130.156.111 0fd63a37-cd50-44c6-a0ff-79fd9e4bfe1a is Over-Utilized.
2023-08-31 10:29:38,620 [main] DEBUG balancer.ContainerBalancerTask (ContainerBalancerTask.java:lambda$initializeIteration$1(453)) - Datanode localhost-241.232.196.95 7b7a48f3-6e6c-40c8-bae0-dc076d7190a8 is Over-Utilized.
2023-08-31 10:29:38,620 [main] DEBUG balancer.ContainerBalancerTask (ContainerBalancerTask.java:lambda$initializeIteration$1(453)) - Datanode localhost-212.248.109.79 0da966ec-d304-4aba-a3c4-6da3d30bdd94 is Over-Utilized.
2023-08-31 10:29:38,620 [main] DEBUG balancer.ContainerBalancerTask (ContainerBalancerTask.java:lambda$initializeIteration$1(453)) - Datanode localhost-231.218.40.56 54a67142-cf3c-479c-a664-446e6b66c15b is Over-Utilized.
2023-08-31 10:29:38,621 [main] DEBUG balancer.ContainerBalancerTask (ContainerBalancerTask.java:lambda$initializeIteration$1(453)) - Datanode localhost-153.106.33.56 e4f2c464-f8de-4df4-9ba1-d9809d16eaa0 is Over-Utilized.
2023-08-31 10:29:38,621 [main] DEBUG balancer.ContainerBalancerTask (ContainerBalancerTask.java:lambda$initializeIteration$2(459)) - Datanode localhost-83.167.164.80 e4dd84d2-26e1-49fb-97da-c18f91d47e4d is Under-Utilized.
2023-08-31 10:29:38,621 [main] DEBUG balancer.ContainerBalancerTask (ContainerBalancerTask.java:lambda$initializeIteration$2(459)) - Datanode localhost-228.245.218.11 2d681fd5-2e55-4a11-859d-3964a107aab2 is Under-Utilized.
2023-08-31 10:29:38,621 [main] DEBUG balancer.ContainerBalancerTask (ContainerBalancerTask.java:lambda$initializeIteration$2(459)) - Datanode localhost-79.203.57.104 0f36dd41-558e-4ec6-8642-9fd9e057ab75 is Under-Utilized.
2023-08-31 10:29:38,624 [main] DEBUG balancer.ContainerBalancerTask (ContainerBalancerTask.java:matchSourceWithTarget(708)) - ContainerBalancer is finding suitable target for source datanode 0fd63a37-cd50-44c6-a0ff-79fd9e4bfe1a
2023-08-31 10:29:38,624 [main] INFO  balancer.ContainerBalancerTask (ContainerBalancerTask.java:matchSourceWithTarget(722)) - ContainerBalancer matched source datanode 0fd63a37-cd50-44c6-a0ff-79fd9e4bfe1a with target datanode e4dd84d2-26e1-49fb-97da-c18f91d47e4d for container move.
2023-08-31 10:29:38,624 [main] INFO  balancer.ContainerBalancerTask (ContainerBalancerTask.java:processMoveSelection(569)) - ContainerBalancer is trying to move container #85 with size 5368709120B from source datanode 0fd63a37-cd50-44c6-a0ff-79fd9e4bfe1a to target datanode e4dd84d2-26e1-49fb-97da-c18f91d47e4d
2023-08-31 10:29:38,624 [main] DEBUG balancer.ContainerBalancerTask (ContainerBalancerTask.java:lambda$moveContainer$3(837)) - Container move completed for container #85 from source 0fd63a37-cd50-44c6-a0ff-79fd9e4bfe1a to target e4dd84d2-26e1-49fb-97da-c18f91d47e4d
2023-08-31 10:29:38,627 [main] DEBUG balancer.ContainerBalancerTask (ContainerBalancerTask.java:matchSourceWithTarget(708)) - ContainerBalancer is finding suitable target for source datanode 0fd63a37-cd50-44c6-a0ff-79fd9e4bfe1a
2023-08-31 10:29:38,627 [main] INFO  balancer.ContainerBalancerTask (ContainerBalancerTask.java:matchSourceWithTarget(722)) - ContainerBalancer matched source datanode 0fd63a37-cd50-44c6-a0ff-79fd9e4bfe1a with target datanode 2d681fd5-2e55-4a11-859d-3964a107aab2 for container move.
2023-08-31 10:29:38,628 [main] INFO  balancer.ContainerBalancerTask (ContainerBalancerTask.java:processMoveSelection(569)) - ContainerBalancer is trying to move container #68 with size 5368709120B from source datanode 0fd63a37-cd50-44c6-a0ff-79fd9e4bfe1a to target datanode 2d681fd5-2e55-4a11-859d-3964a107aab2
2023-08-31 10:29:38,628 [main] DEBUG balancer.ContainerBalancerTask (ContainerBalancerTask.java:lambda$moveContainer$3(837)) - Container move completed for container #68 from source 0fd63a37-cd50-44c6-a0ff-79fd9e4bfe1a to target 2d681fd5-2e55-4a11-859d-3964a107aab2
2023-08-31 10:29:38,631 [main] DEBUG balancer.ContainerBalancerTask (ContainerBalancerTask.java:matchSourceWithTarget(708)) - ContainerBalancer is finding suitable target for source datanode 7b7a48f3-6e6c-40c8-bae0-dc076d7190a8
2023-08-31 10:29:38,631 [main] INFO  balancer.ContainerBalancerTask (ContainerBalancerTask.java:matchSourceWithTarget(722)) - ContainerBalancer matched source datanode 7b7a48f3-6e6c-40c8-bae0-dc076d7190a8 with target datanode 2d681fd5-2e55-4a11-859d-3964a107aab2 for container move.
2023-08-31 10:29:38,633 [main] INFO  balancer.ContainerBalancerTask (ContainerBalancerTask.java:processMoveSelection(569)) - ContainerBalancer is trying to move container #53 with size 5368709120B from source datanode 7b7a48f3-6e6c-40c8-bae0-dc076d7190a8 to target datanode 2d681fd5-2e55-4a11-859d-3964a107aab2
2023-08-31 10:29:38,633 [main] DEBUG balancer.ContainerBalancerTask (ContainerBalancerTask.java:lambda$moveContainer$3(837)) - Container move completed for container #53 from source 7b7a48f3-6e6c-40c8-bae0-dc076d7190a8 to target 2d681fd5-2e55-4a11-859d-3964a107aab2
2023-08-31 10:29:38,636 [main] DEBUG balancer.ContainerBalancerTask (ContainerBalancerTask.java:matchSourceWithTarget(708)) - ContainerBalancer is finding suitable target for source datanode 0fd63a37-cd50-44c6-a0ff-79fd9e4bfe1a
2023-08-31 10:29:38,636 [main] INFO  balancer.ContainerBalancerTask (ContainerBalancerTask.java:matchSourceWithTarget(722)) - ContainerBalancer matched source datanode 0fd63a37-cd50-44c6-a0ff-79fd9e4bfe1a with target datanode 2d681fd5-2e55-4a11-859d-3964a107aab2 for container move.
2023-08-31 10:29:38,637 [main] INFO  balancer.ContainerBalancerTask (ContainerBalancerTask.java:processMoveSelection(569)) - ContainerBalancer is trying to move container #29 with size 5368709120B from source datanode 0fd63a37-cd50-44c6-a0ff-79fd9e4bfe1a to target datanode 2d681fd5-2e55-4a11-859d-3964a107aab2
2023-08-31 10:29:38,637 [main] DEBUG balancer.ContainerBalancerTask (ContainerBalancerTask.java:lambda$moveContainer$3(837)) - Container move completed for container #29 from source 0fd63a37-cd50-44c6-a0ff-79fd9e4bfe1a to target 2d681fd5-2e55-4a11-859d-3964a107aab2
2023-08-31 10:29:38,640 [main] DEBUG balancer.ContainerBalancerTask (ContainerBalancerTask.java:matchSourceWithTarget(708)) - ContainerBalancer is finding suitable target for source datanode 7b7a48f3-6e6c-40c8-bae0-dc076d7190a8
2023-08-31 10:29:38,640 [main] INFO  balancer.ContainerBalancerTask (ContainerBalancerTask.java:matchSourceWithTarget(722)) - ContainerBalancer matched source datanode 7b7a48f3-6e6c-40c8-bae0-dc076d7190a8 with target datanode 2d681fd5-2e55-4a11-859d-3964a107aab2 for container move.
2023-08-31 10:29:38,640 [main] INFO  balancer.ContainerBalancerTask (ContainerBalancerTask.java:processMoveSelection(569)) - ContainerBalancer is trying to move container #84 with size 4294967296B from source datanode 7b7a48f3-6e6c-40c8-bae0-dc076d7190a8 to target datanode 2d681fd5-2e55-4a11-859d-3964a107aab2
2023-08-31 10:29:38,641 [main] DEBUG balancer.ContainerBalancerTask (ContainerBalancerTask.java:lambda$moveContainer$3(837)) - Container move completed for container #84 from source 7b7a48f3-6e6c-40c8-bae0-dc076d7190a8 to target 2d681fd5-2e55-4a11-859d-3964a107aab2
2023-08-31 10:29:38,645 [main] DEBUG balancer.ContainerBalancerTask (ContainerBalancerTask.java:matchSourceWithTarget(708)) - ContainerBalancer is finding suitable target for source datanode 0da966ec-d304-4aba-a3c4-6da3d30bdd94
2023-08-31 10:29:38,645 [main] INFO  balancer.ContainerBalancerTask (ContainerBalancerTask.java:matchSourceWithTarget(722)) - ContainerBalancer matched source datanode 0da966ec-d304-4aba-a3c4-6da3d30bdd94 with target datanode 2d681fd5-2e55-4a11-859d-3964a107aab2 for container move.
2023-08-31 10:29:38,645 [main] INFO  balancer.ContainerBalancerTask (ContainerBalancerTask.java:processMoveSelection(569)) - ContainerBalancer is trying to move container #67 with size 4294967296B from source datanode 0da966ec-d304-4aba-a3c4-6da3d30bdd94 to target datanode 2d681fd5-2e55-4a11-859d-3964a107aab2
2023-08-31 10:29:38,646 [main] DEBUG balancer.ContainerBalancerTask (ContainerBalancerTask.java:lambda$moveContainer$3(837)) - Container move completed for container #67 from source 0da966ec-d304-4aba-a3c4-6da3d30bdd94 to target 2d681fd5-2e55-4a11-859d-3964a107aab2
2023-08-31 10:29:38,649 [main] DEBUG balancer.ContainerBalancerTask (ContainerBalancerTask.java:matchSourceWithTarget(708)) - ContainerBalancer is finding suitable target for source datanode 7b7a48f3-6e6c-40c8-bae0-dc076d7190a8
2023-08-31 10:29:38,649 [main] INFO  balancer.ContainerBalancerTask (ContainerBalancerTask.java:matchSourceWithTarget(722)) - ContainerBalancer matched source datanode 7b7a48f3-6e6c-40c8-bae0-dc076d7190a8 with target datanode 0f36dd41-558e-4ec6-8642-9fd9e057ab75 for container move.
2023-08-31 10:29:38,649 [main] INFO  balancer.ContainerBalancerTask (ContainerBalancerTask.java:processMoveSelection(569)) - ContainerBalancer is trying to move container #71 with size 3221225472B from source datanode 7b7a48f3-6e6c-40c8-bae0-dc076d7190a8 to target datanode 0f36dd41-558e-4ec6-8642-9fd9e057ab75
2023-08-31 10:29:38,649 [main] DEBUG balancer.ContainerBalancerTask (ContainerBalancerTask.java:lambda$moveContainer$3(837)) - Container move completed for container #71 from source 7b7a48f3-6e6c-40c8-bae0-dc076d7190a8 to target 0f36dd41-558e-4ec6-8642-9fd9e057ab75
2023-08-31 10:29:38,652 [main] DEBUG balancer.ContainerBalancerTask (ContainerBalancerTask.java:matchSourceWithTarget(708)) - ContainerBalancer is finding suitable target for source datanode 0fd63a37-cd50-44c6-a0ff-79fd9e4bfe1a
2023-08-31 10:29:38,653 [main] INFO  balancer.ContainerBalancerTask (ContainerBalancerTask.java:matchSourceWithTarget(722)) - ContainerBalancer matched source datanode 0fd63a37-cd50-44c6-a0ff-79fd9e4bfe1a with target datanode 2d681fd5-2e55-4a11-859d-3964a107aab2 for container move.
2023-08-31 10:29:38,653 [main] INFO  balancer.ContainerBalancerTask (ContainerBalancerTask.java:processMoveSelection(569)) - ContainerBalancer is trying to move container #52 with size 4294967296B from source datanode 0fd63a37-cd50-44c6-a0ff-79fd9e4bfe1a to target datanode 2d681fd5-2e55-4a11-859d-3964a107aab2
2023-08-31 10:29:38,653 [main] DEBUG balancer.ContainerBalancerTask (ContainerBalancerTask.java:lambda$moveContainer$3(837)) - Container move completed for container #52 from source 0fd63a37-cd50-44c6-a0ff-79fd9e4bfe1a to target 2d681fd5-2e55-4a11-859d-3964a107aab2
2023-08-31 10:29:38,657 [main] DEBUG balancer.ContainerBalancerTask (ContainerBalancerTask.java:matchSourceWithTarget(708)) - ContainerBalancer is finding suitable target for source datanode 0da966ec-d304-4aba-a3c4-6da3d30bdd94
2023-08-31 10:29:38,657 [main] INFO  balancer.ContainerBalancerTask (ContainerBalancerTask.java:matchSourceWithTarget(722)) - ContainerBalancer matched source datanode 0da966ec-d304-4aba-a3c4-6da3d30bdd94 with target datanode 0f36dd41-558e-4ec6-8642-9fd9e057ab75 for container move.
2023-08-31 10:29:38,657 [main] INFO  balancer.ContainerBalancerTask (ContainerBalancerTask.java:processMoveSelection(569)) - ContainerBalancer is trying to move container #39 with size 4294967296B from source datanode 0da966ec-d304-4aba-a3c4-6da3d30bdd94 to target datanode 0f36dd41-558e-4ec6-8642-9fd9e057ab75
2023-08-31 10:29:38,657 [main] DEBUG balancer.ContainerBalancerTask (ContainerBalancerTask.java:lambda$moveContainer$3(837)) - Container move completed for container #39 from source 0da966ec-d304-4aba-a3c4-6da3d30bdd94 to target 0f36dd41-558e-4ec6-8642-9fd9e057ab75
2023-08-31 10:29:38,661 [main] DEBUG balancer.ContainerBalancerTask (ContainerBalancerTask.java:matchSourceWithTarget(708)) - ContainerBalancer is finding suitable target for source datanode 7b7a48f3-6e6c-40c8-bae0-dc076d7190a8
2023-08-31 10:29:38,661 [main] INFO  balancer.ContainerBalancerTask (ContainerBalancerTask.java:matchSourceWithTarget(722)) - ContainerBalancer matched source datanode 7b7a48f3-6e6c-40c8-bae0-dc076d7190a8 with target datanode e4dd84d2-26e1-49fb-97da-c18f91d47e4d for container move.
2023-08-31 10:29:38,661 [main] INFO  balancer.ContainerBalancerTask (ContainerBalancerTask.java:processMoveSelection(569)) - ContainerBalancer is trying to move container #89 with size 4294967296B from source datanode 7b7a48f3-6e6c-40c8-bae0-dc076d7190a8 to target datanode e4dd84d2-26e1-49fb-97da-c18f91d47e4d
2023-08-31 10:29:38,661 [main] DEBUG balancer.ContainerBalancerTask (ContainerBalancerTask.java:lambda$moveContainer$3(837)) - Container move completed for container #89 from source 7b7a48f3-6e6c-40c8-bae0-dc076d7190a8 to target e4dd84d2-26e1-49fb-97da-c18f91d47e4d
2023-08-31 10:29:38,664 [main] DEBUG balancer.ContainerBalancerTask (ContainerBalancerTask.java:matchSourceWithTarget(708)) - ContainerBalancer is finding suitable target for source datanode 54a67142-cf3c-479c-a664-446e6b66c15b
2023-08-31 10:29:38,664 [main] INFO  balancer.ContainerBalancerTask (ContainerBalancerTask.java:matchSourceWithTarget(722)) - ContainerBalancer matched source datanode 54a67142-cf3c-479c-a664-446e6b66c15b with target datanode 2d681fd5-2e55-4a11-859d-3964a107aab2 for container move.
2023-08-31 10:29:38,664 [main] INFO  balancer.ContainerBalancerTask (ContainerBalancerTask.java:processMoveSelection(569)) - ContainerBalancer is trying to move container #19 with size 4294967296B from source datanode 54a67142-cf3c-479c-a664-446e6b66c15b to target datanode 2d681fd5-2e55-4a11-859d-3964a107aab2
2023-08-31 10:29:38,664 [main] DEBUG balancer.ContainerBalancerTask (ContainerBalancerTask.java:lambda$moveContainer$3(837)) - Container move completed for container #19 from source 54a67142-cf3c-479c-a664-446e6b66c15b to target 2d681fd5-2e55-4a11-859d-3964a107aab2
2023-08-31 10:29:38,668 [main] DEBUG balancer.ContainerBalancerTask (ContainerBalancerTask.java:matchSourceWithTarget(708)) - ContainerBalancer is finding suitable target for source datanode 0da966ec-d304-4aba-a3c4-6da3d30bdd94
2023-08-31 10:29:38,668 [main] INFO  balancer.ContainerBalancerTask (ContainerBalancerTask.java:matchSourceWithTarget(722)) - ContainerBalancer matched source datanode 0da966ec-d304-4aba-a3c4-6da3d30bdd94 with target datanode 0f36dd41-558e-4ec6-8642-9fd9e057ab75 for container move.
2023-08-31 10:29:38,668 [main] INFO  balancer.ContainerBalancerTask (ContainerBalancerTask.java:processMoveSelection(569)) - ContainerBalancer is trying to move container #88 with size 3221225472B from source datanode 0da966ec-d304-4aba-a3c4-6da3d30bdd94 to target datanode 0f36dd41-558e-4ec6-8642-9fd9e057ab75
2023-08-31 10:29:38,669 [main] DEBUG balancer.ContainerBalancerTask (ContainerBalancerTask.java:lambda$moveContainer$3(837)) - Container move completed for container #88 from source 0da966ec-d304-4aba-a3c4-6da3d30bdd94 to target 0f36dd41-558e-4ec6-8642-9fd9e057ab75
2023-08-31 10:29:38,669 [main] WARN  balancer.ContainerBalancerTask (ContainerBalancerTask.java:reachedMaxSizeToMovePerIteration(733)) - Reached max size to move limit. 53687091200 bytes have already been scheduled for balancing and the limit is 53687091200 bytes.
2023-08-31 10:29:38,669 [main] INFO  balancer.ContainerBalancerTask (ContainerBalancerTask.java:checkIterationMoveResults(642)) - Iteration Summary. Number of Datanodes involved: 7. Size moved: 50 GB (53687091200 Bytes). Number of Container moves completed: 12.
2023-08-31 10:29:38,670 [main] INFO  balancer.ContainerBalancerTask (ContainerBalancerTask.java:balance(259)) - Result of this iteration of Container Balancer: ITERATION_COMPLETED
2023-08-31 10:29:38,670 [main] INFO  balancer.ContainerBalancerTask (ContainerBalancerTask.java:tryStopWithSaveConfiguration(308)) - Save Configuration for stopping. Reason: Completed all iterations.
2023-08-31 10:29:38,671 [main] DEBUG balancer.ContainerBalancerTask (ContainerBalancerTask.java:initializeIteration(374)) - Average utilization of the cluster is 0.3844231587733851
2023-08-31 10:29:38,671 [main] DEBUG balancer.ContainerBalancerTask (ContainerBalancerTask.java:initializeIteration(386)) - Lower limit for utilization is -0.4871672705063525 and Upper limit for utilization is 1.2560135880531227
2023-08-31 10:29:38,671 [main] DEBUG balancer.ContainerBalancerTask (ContainerBalancerTask.java:initializeIteration(398)) - Utilization for node 0fd63a37-cd50-44c6-a0ff-79fd9e4bfe1a with capacity 65617555911B, used 59055800320B, and remaining 6561755591B is 0.900000000001524
2023-08-31 10:29:38,671 [main] DEBUG balancer.ContainerBalancerTask (ContainerBalancerTask.java:initializeIteration(398)) - Utilization for node 7b7a48f3-6e6c-40c8-bae0-dc076d7190a8 with capacity 76504104960B, used 61203283968B, and remaining 15300820992B is 0.8
2023-08-31 10:29:38,671 [main] DEBUG balancer.ContainerBalancerTask (ContainerBalancerTask.java:initializeIteration(398)) - Utilization for node 0da966ec-d304-4aba-a3c4-6da3d30bdd94 with capacity 82831512137B, used 57982058496B, and remaining 24849453641B is 0.7000000000012073
2023-08-31 10:29:38,671 [main] DEBUG balancer.ContainerBalancerTask (ContainerBalancerTask.java:initializeIteration(398)) - Utilization for node 54a67142-cf3c-479c-a664-446e6b66c15b with capacity 55476660906B, used 33285996544B, and remaining 22190664362B is 0.6000000000072102
2023-08-31 10:29:38,671 [main] DEBUG balancer.ContainerBalancerTask (ContainerBalancerTask.java:initializeIteration(398)) - Utilization for node e4f2c464-f8de-4df4-9ba1-d9809d16eaa0 with capacity 96636764160B, used 48318382080B, and remaining 48318382080B is 0.5
2023-08-31 10:29:38,671 [main] DEBUG balancer.ContainerBalancerTask (ContainerBalancerTask.java:initializeIteration(398)) - Utilization for node 298e8999-667d-4130-a3f3-d54ad17f81af with capacity 99321118720B, used 39728447488B, and remaining 59592671232B is 0.4
2023-08-31 10:29:38,671 [main] DEBUG balancer.ContainerBalancerTask (ContainerBalancerTask.java:initializeIteration(398)) - Utilization for node ea5c1859-a2ef-4183-83ff-b7e36fcf01d4 with capacity 96636764160B, used 28991029248B, and remaining 67645734912B is 0.3
2023-08-31 10:29:38,672 [main] DEBUG balancer.ContainerBalancerTask (ContainerBalancerTask.java:initializeIteration(398)) - Utilization for node 0f36dd41-558e-4ec6-8642-9fd9e057ab75 with capacity 187904819200B, used 37580963840B, and remaining 150323855360B is 0.2
2023-08-31 10:29:38,672 [main] DEBUG balancer.ContainerBalancerTask (ContainerBalancerTask.java:initializeIteration(398)) - Utilization for node 2d681fd5-2e55-4a11-859d-3964a107aab2 with capacity 225485783040B, used 22548578304B, and remaining 202937204736B is 0.1
2023-08-31 10:29:38,672 [main] DEBUG balancer.ContainerBalancerTask (ContainerBalancerTask.java:initializeIteration(398)) - Utilization for node e4dd84d2-26e1-49fb-97da-c18f91d47e4d with capacity 24696061952B, used 0B, and remaining 24696061952B is 0.0
2023-08-31 10:29:38,672 [main] INFO  balancer.ContainerBalancerTask (ContainerBalancerTask.java:initializeIteration(443)) - Did not find any unbalanced Datanodes.
2023-08-31 10:29:38,672 [main] INFO  balancer.ContainerBalancerTask (ContainerBalancerTask.java:tryStopWithSaveConfiguration(308)) - Save Configuration for stopping. Reason: Could not initialize ContainerBalancer's iteration number 0
2023-08-31 10:29:38,673 [main] DEBUG balancer.ContainerBalancerTask (ContainerBalancerTask.java:initializeIteration(374)) - Average utilization of the cluster is 0.3844231587733851
2023-08-31 10:29:38,673 [main] DEBUG balancer.ContainerBalancerTask (ContainerBalancerTask.java:initializeIteration(386)) - Lower limit for utilization is -0.40083017429183504 and Upper limit for utilization is 1.1696764918386053
2023-08-31 10:29:38,673 [main] DEBUG balancer.ContainerBalancerTask (ContainerBalancerTask.java:initializeIteration(398)) - Utilization for node 0fd63a37-cd50-44c6-a0ff-79fd9e4bfe1a with capacity 65617555911B, used 59055800320B, and remaining 6561755591B is 0.900000000001524
2023-08-31 10:29:38,673 [main] DEBUG balancer.ContainerBalancerTask (ContainerBalancerTask.java:initializeIteration(398)) - Utilization for node 7b7a48f3-6e6c-40c8-bae0-dc076d7190a8 with capacity 76504104960B, used 61203283968B, and remaining 15300820992B is 0.8
2023-08-31 10:29:38,673 [main] DEBUG balancer.ContainerBalancerTask (ContainerBalancerTask.java:initializeIteration(398)) - Utilization for node 0da966ec-d304-4aba-a3c4-6da3d30bdd94 with capacity 82831512137B, used 57982058496B, and remaining 24849453641B is 0.7000000000012073
2023-08-31 10:29:38,673 [main] DEBUG balancer.ContainerBalancerTask (ContainerBalancerTask.java:initializeIteration(398)) - Utilization for node 54a67142-cf3c-479c-a664-446e6b66c15b with capacity 55476660906B, used 33285996544B, and remaining 22190664362B is 0.6000000000072102
2023-08-31 10:29:38,673 [main] DEBUG balancer.ContainerBalancerTask (ContainerBalancerTask.java:initializeIteration(398)) - Utilization for node e4f2c464-f8de-4df4-9ba1-d9809d16eaa0 with capacity 96636764160B, used 48318382080B, and remaining 48318382080B is 0.5
2023-08-31 10:29:38,673 [main] DEBUG balancer.ContainerBalancerTask (ContainerBalancerTask.java:initializeIteration(398)) - Utilization for node 298e8999-667d-4130-a3f3-d54ad17f81af with capacity 99321118720B, used 39728447488B, and remaining 59592671232B is 0.4
2023-08-31 10:29:38,674 [main] DEBUG balancer.ContainerBalancerTask (ContainerBalancerTask.java:initializeIteration(398)) - Utilization for node ea5c1859-a2ef-4183-83ff-b7e36fcf01d4 with capacity 96636764160B, used 28991029248B, and remaining 67645734912B is 0.3
2023-08-31 10:29:38,674 [main] DEBUG balancer.ContainerBalancerTask (ContainerBalancerTask.java:initializeIteration(398)) - Utilization for node 0f36dd41-558e-4ec6-8642-9fd9e057ab75 with capacity 187904819200B, used 37580963840B, and remaining 150323855360B is 0.2
2023-08-31 10:29:38,674 [main] DEBUG balancer.ContainerBalancerTask (ContainerBalancerTask.java:initializeIteration(398)) - Utilization for node 2d681fd5-2e55-4a11-859d-3964a107aab2 with capacity 225485783040B, used 22548578304B, and remaining 202937204736B is 0.1
2023-08-31 10:29:38,674 [main] DEBUG balancer.ContainerBalancerTask (ContainerBalancerTask.java:initializeIteration(398)) - Utilization for node e4dd84d2-26e1-49fb-97da-c18f91d47e4d with capacity 24696061952B, used 0B, and remaining 24696061952B is 0.0
2023-08-31 10:29:38,674 [main] INFO  balancer.ContainerBalancerTask (ContainerBalancerTask.java:initializeIteration(443)) - Did not find any unbalanced Datanodes.
2023-08-31 10:29:38,674 [main] INFO  balancer.ContainerBalancerTask (ContainerBalancerTask.java:tryStopWithSaveConfiguration(308)) - Save Configuration for stopping. Reason: Could not initialize ContainerBalancer's iteration number 0
2023-08-31 10:29:38,675 [main] DEBUG balancer.ContainerBalancerTask (ContainerBalancerTask.java:initializeIteration(374)) - Average utilization of the cluster is 0.3844231587733851
2023-08-31 10:29:38,675 [main] DEBUG balancer.ContainerBalancerTask (ContainerBalancerTask.java:initializeIteration(386)) - Lower limit for utilization is -0.4023187337123301 and Upper limit for utilization is 1.1711650512591003
2023-08-31 10:29:38,675 [main] DEBUG balancer.ContainerBalancerTask (ContainerBalancerTask.java:initializeIteration(398)) - Utilization for node 0fd63a37-cd50-44c6-a0ff-79fd9e4bfe1a with capacity 65617555911B, used 59055800320B, and remaining 6561755591B is 0.900000000001524
2023-08-31 10:29:38,675 [main] DEBUG balancer.ContainerBalancerTask (ContainerBalancerTask.java:initializeIteration(398)) - Utilization for node 7b7a48f3-6e6c-40c8-bae0-dc076d7190a8 with capacity 76504104960B, used 61203283968B, and remaining 15300820992B is 0.8
2023-08-31 10:29:38,675 [main] DEBUG balancer.ContainerBalancerTask (ContainerBalancerTask.java:initializeIteration(398)) - Utilization for node 0da966ec-d304-4aba-a3c4-6da3d30bdd94 with capacity 82831512137B, used 57982058496B, and remaining 24849453641B is 0.7000000000012073
2023-08-31 10:29:38,676 [main] DEBUG balancer.ContainerBalancerTask (ContainerBalancerTask.java:initializeIteration(398)) - Utilization for node 54a67142-cf3c-479c-a664-446e6b66c15b with capacity 55476660906B, used 33285996544B, and remaining 22190664362B is 0.6000000000072102
2023-08-31 10:29:38,676 [main] DEBUG balancer.ContainerBalancerTask (ContainerBalancerTask.java:initializeIteration(398)) - Utilization for node e4f2c464-f8de-4df4-9ba1-d9809d16eaa0 with capacity 96636764160B, used 48318382080B, and remaining 48318382080B is 0.5
2023-08-31 10:29:38,676 [main] DEBUG balancer.ContainerBalancerTask (ContainerBalancerTask.java:initializeIteration(398)) - Utilization for node 298e8999-667d-4130-a3f3-d54ad17f81af with capacity 99321118720B, used 39728447488B, and remaining 59592671232B is 0.4
2023-08-31 10:29:38,676 [main] DEBUG balancer.ContainerBalancerTask (ContainerBalancerTask.java:initializeIteration(398)) - Utilization for node ea5c1859-a2ef-4183-83ff-b7e36fcf01d4 with capacity 96636764160B, used 28991029248B, and remaining 67645734912B is 0.3
2023-08-31 10:29:38,676 [main] DEBUG balancer.ContainerBalancerTask (ContainerBalancerTask.java:initializeIteration(398)) - Utilization for node 0f36dd41-558e-4ec6-8642-9fd9e057ab75 with capacity 187904819200B, used 37580963840B, and remaining 150323855360B is 0.2
2023-08-31 10:29:38,676 [main] DEBUG balancer.ContainerBalancerTask (ContainerBalancerTask.java:initializeIteration(398)) - Utilization for node 2d681fd5-2e55-4a11-859d-3964a107aab2 with capacity 225485783040B, used 22548578304B, and remaining 202937204736B is 0.1
2023-08-31 10:29:38,676 [main] DEBUG balancer.ContainerBalancerTask (ContainerBalancerTask.java:initializeIteration(398)) - Utilization for node e4dd84d2-26e1-49fb-97da-c18f91d47e4d with capacity 24696061952B, used 0B, and remaining 24696061952B is 0.0
2023-08-31 10:29:38,676 [main] INFO  balancer.ContainerBalancerTask (ContainerBalancerTask.java:initializeIteration(443)) - Did not find any unbalanced Datanodes.
2023-08-31 10:29:38,676 [main] INFO  balancer.ContainerBalancerTask (ContainerBalancerTask.java:tryStopWithSaveConfiguration(308)) - Save Configuration for stopping. Reason: Could not initialize ContainerBalancer's iteration number 0
2023-08-31 10:29:38,682 [main] DEBUG balancer.ContainerBalancerTask (ContainerBalancerTask.java:initializeIteration(374)) - Average utilization of the cluster is 0.3844231587733851
2023-08-31 10:29:38,683 [main] DEBUG balancer.ContainerBalancerTask (ContainerBalancerTask.java:initializeIteration(386)) - Lower limit for utilization is -0.42776237206203943 and Upper limit for utilization is 1.1966086896088097
2023-08-31 10:29:38,683 [main] DEBUG balancer.ContainerBalancerTask (ContainerBalancerTask.java:initializeIteration(398)) - Utilization for node 0fd63a37-cd50-44c6-a0ff-79fd9e4bfe1a with capacity 65617555911B, used 59055800320B, and remaining 6561755591B is 0.900000000001524
2023-08-31 10:29:38,683 [main] DEBUG balancer.ContainerBalancerTask (ContainerBalancerTask.java:initializeIteration(398)) - Utilization for node 7b7a48f3-6e6c-40c8-bae0-dc076d7190a8 with capacity 76504104960B, used 61203283968B, and remaining 15300820992B is 0.8
2023-08-31 10:29:38,683 [main] DEBUG balancer.ContainerBalancerTask (ContainerBalancerTask.java:initializeIteration(398)) - Utilization for node 0da966ec-d304-4aba-a3c4-6da3d30bdd94 with capacity 82831512137B, used 57982058496B, and remaining 24849453641B is 0.7000000000012073
2023-08-31 10:29:38,688 [main] DEBUG balancer.ContainerBalancerTask (ContainerBalancerTask.java:initializeIteration(398)) - Utilization for node 54a67142-cf3c-479c-a664-446e6b66c15b with capacity 55476660906B, used 33285996544B, and remaining 22190664362B is 0.6000000000072102
2023-08-31 10:29:38,688 [main] DEBUG balancer.ContainerBalancerTask (ContainerBalancerTask.java:initializeIteration(398)) - Utilization for node e4f2c464-f8de-4df4-9ba1-d9809d16eaa0 with capacity 96636764160B, used 48318382080B, and remaining 48318382080B is 0.5
2023-08-31 10:29:38,688 [main] DEBUG balancer.ContainerBalancerTask (ContainerBalancerTask.java:initializeIteration(398)) - Utilization for node 298e8999-667d-4130-a3f3-d54ad17f81af with capacity 99321118720B, used 39728447488B, and remaining 59592671232B is 0.4
2023-08-31 10:29:38,689 [main] DEBUG balancer.ContainerBalancerTask (ContainerBalancerTask.java:initializeIteration(398)) - Utilization for node ea5c1859-a2ef-4183-83ff-b7e36fcf01d4 with capacity 96636764160B, used 28991029248B, and remaining 67645734912B is 0.3
2023-08-31 10:29:38,689 [main] DEBUG balancer.ContainerBalancerTask (ContainerBalancerTask.java:initializeIteration(398)) - Utilization for node 0f36dd41-558e-4ec6-8642-9fd9e057ab75 with capacity 187904819200B, used 37580963840B, and remaining 150323855360B is 0.2
2023-08-31 10:29:38,689 [main] DEBUG balancer.ContainerBalancerTask (ContainerBalancerTask.java:initializeIteration(398)) - Utilization for node 2d681fd5-2e55-4a11-859d-3964a107aab2 with capacity 225485783040B, used 22548578304B, and remaining 202937204736B is 0.1
2023-08-31 10:29:38,689 [main] DEBUG balancer.ContainerBalancerTask (ContainerBalancerTask.java:initializeIteration(398)) - Utilization for node e4dd84d2-26e1-49fb-97da-c18f91d47e4d with capacity 24696061952B, used 0B, and remaining 24696061952B is 0.0
2023-08-31 10:29:38,689 [main] INFO  balancer.ContainerBalancerTask (ContainerBalancerTask.java:initializeIteration(443)) - Did not find any unbalanced Datanodes.
2023-08-31 10:29:38,689 [main] INFO  balancer.ContainerBalancerTask (ContainerBalancerTask.java:tryStopWithSaveConfiguration(308)) - Save Configuration for stopping. Reason: Could not initialize ContainerBalancer's iteration number 0
2023-08-31 10:29:38,690 [main] DEBUG balancer.ContainerBalancerTask (ContainerBalancerTask.java:initializeIteration(374)) - Average utilization of the cluster is 0.3844231587733851
2023-08-31 10:29:38,690 [main] DEBUG balancer.ContainerBalancerTask (ContainerBalancerTask.java:initializeIteration(386)) - Lower limit for utilization is -0.5938561905131294 and Upper limit for utilization is 1.3627025080598996
2023-08-31 10:29:38,690 [main] DEBUG balancer.ContainerBalancerTask (ContainerBalancerTask.java:initializeIteration(398)) - Utilization for node 0fd63a37-cd50-44c6-a0ff-79fd9e4bfe1a with capacity 65617555911B, used 59055800320B, and remaining 6561755591B is 0.900000000001524
2023-08-31 10:29:38,690 [main] DEBUG balancer.ContainerBalancerTask (ContainerBalancerTask.java:initializeIteration(398)) - Utilization for node 7b7a48f3-6e6c-40c8-bae0-dc076d7190a8 with capacity 76504104960B, used 61203283968B, and remaining 15300820992B is 0.8
2023-08-31 10:29:38,690 [main] DEBUG balancer.ContainerBalancerTask (ContainerBalancerTask.java:initializeIteration(398)) - Utilization for node 0da966ec-d304-4aba-a3c4-6da3d30bdd94 with capacity 82831512137B, used 57982058496B, and remaining 24849453641B is 0.7000000000012073
2023-08-31 10:29:38,690 [main] DEBUG balancer.ContainerBalancerTask (ContainerBalancerTask.java:initializeIteration(398)) - Utilization for node 54a67142-cf3c-479c-a664-446e6b66c15b with capacity 55476660906B, used 33285996544B, and remaining 22190664362B is 0.6000000000072102
2023-08-31 10:29:38,690 [main] DEBUG balancer.ContainerBalancerTask (ContainerBalancerTask.java:initializeIteration(398)) - Utilization for node e4f2c464-f8de-4df4-9ba1-d9809d16eaa0 with capacity 96636764160B, used 48318382080B, and remaining 48318382080B is 0.5
2023-08-31 10:29:38,691 [main] DEBUG balancer.ContainerBalancerTask (ContainerBalancerTask.java:initializeIteration(398)) - Utilization for node 298e8999-667d-4130-a3f3-d54ad17f81af with capacity 99321118720B, used 39728447488B, and remaining 59592671232B is 0.4
2023-08-31 10:29:38,691 [main] DEBUG balancer.ContainerBalancerTask (ContainerBalancerTask.java:initializeIteration(398)) - Utilization for node ea5c1859-a2ef-4183-83ff-b7e36fcf01d4 with capacity 96636764160B, used 28991029248B, and remaining 67645734912B is 0.3
2023-08-31 10:29:38,691 [main] DEBUG balancer.ContainerBalancerTask (ContainerBalancerTask.java:initializeIteration(398)) - Utilization for node 0f36dd41-558e-4ec6-8642-9fd9e057ab75 with capacity 187904819200B, used 37580963840B, and remaining 150323855360B is 0.2
2023-08-31 10:29:38,691 [main] DEBUG balancer.ContainerBalancerTask (ContainerBalancerTask.java:initializeIteration(398)) - Utilization for node 2d681fd5-2e55-4a11-859d-3964a107aab2 with capacity 225485783040B, used 22548578304B, and remaining 202937204736B is 0.1
2023-08-31 10:29:38,691 [main] DEBUG balancer.ContainerBalancerTask (ContainerBalancerTask.java:initializeIteration(398)) - Utilization for node e4dd84d2-26e1-49fb-97da-c18f91d47e4d with capacity 24696061952B, used 0B, and remaining 24696061952B is 0.0
2023-08-31 10:29:38,691 [main] INFO  balancer.ContainerBalancerTask (ContainerBalancerTask.java:initializeIteration(443)) - Did not find any unbalanced Datanodes.
2023-08-31 10:29:38,691 [main] INFO  balancer.ContainerBalancerTask (ContainerBalancerTask.java:tryStopWithSaveConfiguration(308)) - Save Configuration for stopping. Reason: Could not initialize ContainerBalancer's iteration number 0
2023-08-31 10:29:38,692 [main] DEBUG balancer.ContainerBalancerTask (ContainerBalancerTask.java:initializeIteration(374)) - Average utilization of the cluster is 0.3844231587733851
2023-08-31 10:29:38,692 [main] DEBUG balancer.ContainerBalancerTask (ContainerBalancerTask.java:initializeIteration(386)) - Lower limit for utilization is 0.15950185530296784 and Upper limit for utilization is 0.6093444622438025
2023-08-31 10:29:38,692 [main] DEBUG balancer.ContainerBalancerTask (ContainerBalancerTask.java:initializeIteration(398)) - Utilization for node 0fd63a37-cd50-44c6-a0ff-79fd9e4bfe1a with capacity 65617555911B, used 59055800320B, and remaining 6561755591B is 0.900000000001524
2023-08-31 10:29:38,692 [main] DEBUG balancer.ContainerBalancerTask (ContainerBalancerTask.java:initializeIteration(398)) - Utilization for node 7b7a48f3-6e6c-40c8-bae0-dc076d7190a8 with capacity 76504104960B, used 61203283968B, and remaining 15300820992B is 0.8
2023-08-31 10:29:38,692 [main] DEBUG balancer.ContainerBalancerTask (ContainerBalancerTask.java:initializeIteration(398)) - Utilization for node 0da966ec-d304-4aba-a3c4-6da3d30bdd94 with capacity 82831512137B, used 57982058496B, and remaining 24849453641B is 0.7000000000012073
2023-08-31 10:29:38,692 [main] DEBUG balancer.ContainerBalancerTask (ContainerBalancerTask.java:initializeIteration(398)) - Utilization for node 54a67142-cf3c-479c-a664-446e6b66c15b with capacity 55476660906B, used 33285996544B, and remaining 22190664362B is 0.6000000000072102
2023-08-31 10:29:38,692 [main] DEBUG balancer.ContainerBalancerTask (ContainerBalancerTask.java:initializeIteration(398)) - Utilization for node e4f2c464-f8de-4df4-9ba1-d9809d16eaa0 with capacity 96636764160B, used 48318382080B, and remaining 48318382080B is 0.5
2023-08-31 10:29:38,693 [main] DEBUG balancer.ContainerBalancerTask (ContainerBalancerTask.java:initializeIteration(398)) - Utilization for node 298e8999-667d-4130-a3f3-d54ad17f81af with capacity 99321118720B, used 39728447488B, and remaining 59592671232B is 0.4
2023-08-31 10:29:38,693 [main] DEBUG balancer.ContainerBalancerTask (ContainerBalancerTask.java:initializeIteration(398)) - Utilization for node ea5c1859-a2ef-4183-83ff-b7e36fcf01d4 with capacity 96636764160B, used 28991029248B, and remaining 67645734912B is 0.3
2023-08-31 10:29:38,693 [main] DEBUG balancer.ContainerBalancerTask (ContainerBalancerTask.java:initializeIteration(398)) - Utilization for node 0f36dd41-558e-4ec6-8642-9fd9e057ab75 with capacity 187904819200B, used 37580963840B, and remaining 150323855360B is 0.2
2023-08-31 10:29:38,693 [main] DEBUG balancer.ContainerBalancerTask (ContainerBalancerTask.java:initializeIteration(398)) - Utilization for node 2d681fd5-2e55-4a11-859d-3964a107aab2 with capacity 225485783040B, used 22548578304B, and remaining 202937204736B is 0.1
2023-08-31 10:29:38,693 [main] DEBUG balancer.ContainerBalancerTask (ContainerBalancerTask.java:initializeIteration(398)) - Utilization for node e4dd84d2-26e1-49fb-97da-c18f91d47e4d with capacity 24696061952B, used 0B, and remaining 24696061952B is 0.0
2023-08-31 10:29:38,693 [main] INFO  balancer.ContainerBalancerTask (ContainerBalancerTask.java:initializeIteration(447)) - Container Balancer has identified 3 Over-Utilized and 2 Under-Utilized Datanodes that need to be balanced.
2023-08-31 10:29:38,693 [main] DEBUG balancer.ContainerBalancerTask (ContainerBalancerTask.java:lambda$initializeIteration$1(453)) - Datanode localhost-116.130.156.111 0fd63a37-cd50-44c6-a0ff-79fd9e4bfe1a is Over-Utilized.
2023-08-31 10:29:38,693 [main] DEBUG balancer.ContainerBalancerTask (ContainerBalancerTask.java:lambda$initializeIteration$1(453)) - Datanode localhost-241.232.196.95 7b7a48f3-6e6c-40c8-bae0-dc076d7190a8 is Over-Utilized.
2023-08-31 10:29:38,693 [main] DEBUG balancer.ContainerBalancerTask (ContainerBalancerTask.java:lambda$initializeIteration$1(453)) - Datanode localhost-212.248.109.79 0da966ec-d304-4aba-a3c4-6da3d30bdd94 is Over-Utilized.
2023-08-31 10:29:38,693 [main] DEBUG balancer.ContainerBalancerTask (ContainerBalancerTask.java:lambda$initializeIteration$2(459)) - Datanode localhost-83.167.164.80 e4dd84d2-26e1-49fb-97da-c18f91d47e4d is Under-Utilized.
2023-08-31 10:29:38,694 [main] DEBUG balancer.ContainerBalancerTask (ContainerBalancerTask.java:lambda$initializeIteration$2(459)) - Datanode localhost-228.245.218.11 2d681fd5-2e55-4a11-859d-3964a107aab2 is Under-Utilized.
2023-08-31 10:29:38,697 [main] DEBUG balancer.ContainerBalancerTask (ContainerBalancerTask.java:matchSourceWithTarget(708)) - ContainerBalancer is finding suitable target for source datanode 0fd63a37-cd50-44c6-a0ff-79fd9e4bfe1a
2023-08-31 10:29:38,697 [main] INFO  balancer.ContainerBalancerTask (ContainerBalancerTask.java:matchSourceWithTarget(722)) - ContainerBalancer matched source datanode 0fd63a37-cd50-44c6-a0ff-79fd9e4bfe1a with target datanode e4dd84d2-26e1-49fb-97da-c18f91d47e4d for container move.
2023-08-31 10:29:38,697 [main] INFO  balancer.ContainerBalancerTask (ContainerBalancerTask.java:processMoveSelection(569)) - ContainerBalancer is trying to move container #85 with size 5368709120B from source datanode 0fd63a37-cd50-44c6-a0ff-79fd9e4bfe1a to target datanode e4dd84d2-26e1-49fb-97da-c18f91d47e4d
2023-08-31 10:29:38,697 [main] DEBUG balancer.ContainerBalancerTask (ContainerBalancerTask.java:lambda$moveContainer$3(837)) - Container move completed for container #85 from source 0fd63a37-cd50-44c6-a0ff-79fd9e4bfe1a to target e4dd84d2-26e1-49fb-97da-c18f91d47e4d
2023-08-31 10:29:38,700 [main] DEBUG balancer.ContainerBalancerTask (ContainerBalancerTask.java:matchSourceWithTarget(708)) - ContainerBalancer is finding suitable target for source datanode 0fd63a37-cd50-44c6-a0ff-79fd9e4bfe1a
2023-08-31 10:29:38,700 [main] INFO  balancer.ContainerBalancerTask (ContainerBalancerTask.java:matchSourceWithTarget(722)) - ContainerBalancer matched source datanode 0fd63a37-cd50-44c6-a0ff-79fd9e4bfe1a with target datanode 2d681fd5-2e55-4a11-859d-3964a107aab2 for container move.
2023-08-31 10:29:38,700 [main] INFO  balancer.ContainerBalancerTask (ContainerBalancerTask.java:processMoveSelection(569)) - ContainerBalancer is trying to move container #68 with size 5368709120B from source datanode 0fd63a37-cd50-44c6-a0ff-79fd9e4bfe1a to target datanode 2d681fd5-2e55-4a11-859d-3964a107aab2
2023-08-31 10:29:38,701 [main] DEBUG balancer.ContainerBalancerTask (ContainerBalancerTask.java:lambda$moveContainer$3(837)) - Container move completed for container #68 from source 0fd63a37-cd50-44c6-a0ff-79fd9e4bfe1a to target 2d681fd5-2e55-4a11-859d-3964a107aab2
2023-08-31 10:29:38,704 [main] DEBUG balancer.ContainerBalancerTask (ContainerBalancerTask.java:matchSourceWithTarget(708)) - ContainerBalancer is finding suitable target for source datanode 7b7a48f3-6e6c-40c8-bae0-dc076d7190a8
2023-08-31 10:29:38,704 [main] INFO  balancer.ContainerBalancerTask (ContainerBalancerTask.java:matchSourceWithTarget(722)) - ContainerBalancer matched source datanode 7b7a48f3-6e6c-40c8-bae0-dc076d7190a8 with target datanode 2d681fd5-2e55-4a11-859d-3964a107aab2 for container move.
2023-08-31 10:29:38,704 [main] INFO  balancer.ContainerBalancerTask (ContainerBalancerTask.java:processMoveSelection(569)) - ContainerBalancer is trying to move container #53 with size 5368709120B from source datanode 7b7a48f3-6e6c-40c8-bae0-dc076d7190a8 to target datanode 2d681fd5-2e55-4a11-859d-3964a107aab2
2023-08-31 10:29:38,704 [main] DEBUG balancer.ContainerBalancerTask (ContainerBalancerTask.java:lambda$moveContainer$3(837)) - Container move completed for container #53 from source 7b7a48f3-6e6c-40c8-bae0-dc076d7190a8 to target 2d681fd5-2e55-4a11-859d-3964a107aab2
2023-08-31 10:29:38,707 [main] DEBUG balancer.ContainerBalancerTask (ContainerBalancerTask.java:matchSourceWithTarget(708)) - ContainerBalancer is finding suitable target for source datanode 0fd63a37-cd50-44c6-a0ff-79fd9e4bfe1a
2023-08-31 10:29:38,707 [main] INFO  balancer.ContainerBalancerTask (ContainerBalancerTask.java:matchSourceWithTarget(722)) - ContainerBalancer matched source datanode 0fd63a37-cd50-44c6-a0ff-79fd9e4bfe1a with target datanode 2d681fd5-2e55-4a11-859d-3964a107aab2 for container move.
2023-08-31 10:29:38,710 [main] INFO  balancer.ContainerBalancerTask (ContainerBalancerTask.java:processMoveSelection(569)) - ContainerBalancer is trying to move container #29 with size 5368709120B from source datanode 0fd63a37-cd50-44c6-a0ff-79fd9e4bfe1a to target datanode 2d681fd5-2e55-4a11-859d-3964a107aab2
2023-08-31 10:29:38,710 [main] DEBUG balancer.ContainerBalancerTask (ContainerBalancerTask.java:lambda$moveContainer$3(837)) - Container move completed for container #29 from source 0fd63a37-cd50-44c6-a0ff-79fd9e4bfe1a to target 2d681fd5-2e55-4a11-859d-3964a107aab2
2023-08-31 10:29:38,713 [main] DEBUG balancer.ContainerBalancerTask (ContainerBalancerTask.java:matchSourceWithTarget(708)) - ContainerBalancer is finding suitable target for source datanode 7b7a48f3-6e6c-40c8-bae0-dc076d7190a8
2023-08-31 10:29:38,713 [main] INFO  balancer.ContainerBalancerTask (ContainerBalancerTask.java:matchSourceWithTarget(722)) - ContainerBalancer matched source datanode 7b7a48f3-6e6c-40c8-bae0-dc076d7190a8 with target datanode 2d681fd5-2e55-4a11-859d-3964a107aab2 for container move.
2023-08-31 10:29:38,714 [main] INFO  balancer.ContainerBalancerTask (ContainerBalancerTask.java:processMoveSelection(569)) - ContainerBalancer is trying to move container #84 with size 4294967296B from source datanode 7b7a48f3-6e6c-40c8-bae0-dc076d7190a8 to target datanode 2d681fd5-2e55-4a11-859d-3964a107aab2
2023-08-31 10:29:38,714 [main] DEBUG balancer.ContainerBalancerTask (ContainerBalancerTask.java:lambda$moveContainer$3(837)) - Container move completed for container #84 from source 7b7a48f3-6e6c-40c8-bae0-dc076d7190a8 to target 2d681fd5-2e55-4a11-859d-3964a107aab2
2023-08-31 10:29:38,717 [main] DEBUG balancer.ContainerBalancerTask (ContainerBalancerTask.java:matchSourceWithTarget(708)) - ContainerBalancer is finding suitable target for source datanode 0da966ec-d304-4aba-a3c4-6da3d30bdd94
2023-08-31 10:29:38,718 [main] INFO  balancer.ContainerBalancerTask (ContainerBalancerTask.java:matchSourceWithTarget(722)) - ContainerBalancer matched source datanode 0da966ec-d304-4aba-a3c4-6da3d30bdd94 with target datanode 2d681fd5-2e55-4a11-859d-3964a107aab2 for container move.
2023-08-31 10:29:38,718 [main] INFO  balancer.ContainerBalancerTask (ContainerBalancerTask.java:processMoveSelection(569)) - ContainerBalancer is trying to move container #67 with size 4294967296B from source datanode 0da966ec-d304-4aba-a3c4-6da3d30bdd94 to target datanode 2d681fd5-2e55-4a11-859d-3964a107aab2
2023-08-31 10:29:38,718 [main] DEBUG balancer.ContainerBalancerTask (ContainerBalancerTask.java:lambda$moveContainer$3(837)) - Container move completed for container #67 from source 0da966ec-d304-4aba-a3c4-6da3d30bdd94 to target 2d681fd5-2e55-4a11-859d-3964a107aab2
2023-08-31 10:29:38,721 [main] DEBUG balancer.ContainerBalancerTask (ContainerBalancerTask.java:matchSourceWithTarget(708)) - ContainerBalancer is finding suitable target for source datanode 7b7a48f3-6e6c-40c8-bae0-dc076d7190a8
2023-08-31 10:29:38,721 [main] INFO  balancer.ContainerBalancerTask (ContainerBalancerTask.java:matchSourceWithTarget(722)) - ContainerBalancer matched source datanode 7b7a48f3-6e6c-40c8-bae0-dc076d7190a8 with target datanode 2d681fd5-2e55-4a11-859d-3964a107aab2 for container move.
2023-08-31 10:29:38,722 [main] INFO  balancer.ContainerBalancerTask (ContainerBalancerTask.java:processMoveSelection(569)) - ContainerBalancer is trying to move container #83 with size 3221225472B from source datanode 7b7a48f3-6e6c-40c8-bae0-dc076d7190a8 to target datanode 2d681fd5-2e55-4a11-859d-3964a107aab2
2023-08-31 10:29:38,722 [main] DEBUG balancer.ContainerBalancerTask (ContainerBalancerTask.java:lambda$moveContainer$3(837)) - Container move completed for container #83 from source 7b7a48f3-6e6c-40c8-bae0-dc076d7190a8 to target 2d681fd5-2e55-4a11-859d-3964a107aab2
2023-08-31 10:29:38,725 [main] DEBUG balancer.ContainerBalancerTask (ContainerBalancerTask.java:matchSourceWithTarget(708)) - ContainerBalancer is finding suitable target for source datanode 0fd63a37-cd50-44c6-a0ff-79fd9e4bfe1a
2023-08-31 10:29:38,725 [main] INFO  balancer.ContainerBalancerTask (ContainerBalancerTask.java:matchSourceWithTarget(722)) - ContainerBalancer matched source datanode 0fd63a37-cd50-44c6-a0ff-79fd9e4bfe1a with target datanode e4dd84d2-26e1-49fb-97da-c18f91d47e4d for container move.
2023-08-31 10:29:38,725 [main] INFO  balancer.ContainerBalancerTask (ContainerBalancerTask.java:processMoveSelection(569)) - ContainerBalancer is trying to move container #89 with size 4294967296B from source datanode 0fd63a37-cd50-44c6-a0ff-79fd9e4bfe1a to target datanode e4dd84d2-26e1-49fb-97da-c18f91d47e4d
2023-08-31 10:29:38,726 [main] DEBUG balancer.ContainerBalancerTask (ContainerBalancerTask.java:lambda$moveContainer$3(837)) - Container move completed for container #89 from source 0fd63a37-cd50-44c6-a0ff-79fd9e4bfe1a to target e4dd84d2-26e1-49fb-97da-c18f91d47e4d
2023-08-31 10:29:38,730 [main] DEBUG balancer.ContainerBalancerTask (ContainerBalancerTask.java:matchSourceWithTarget(708)) - ContainerBalancer is finding suitable target for source datanode 0da966ec-d304-4aba-a3c4-6da3d30bdd94
2023-08-31 10:29:38,730 [main] INFO  balancer.ContainerBalancerTask (ContainerBalancerTask.java:matchSourceWithTarget(722)) - ContainerBalancer matched source datanode 0da966ec-d304-4aba-a3c4-6da3d30bdd94 with target datanode 2d681fd5-2e55-4a11-859d-3964a107aab2 for container move.
2023-08-31 10:29:38,730 [main] INFO  balancer.ContainerBalancerTask (ContainerBalancerTask.java:processMoveSelection(569)) - ContainerBalancer is trying to move container #52 with size 4294967296B from source datanode 0da966ec-d304-4aba-a3c4-6da3d30bdd94 to target datanode 2d681fd5-2e55-4a11-859d-3964a107aab2
2023-08-31 10:29:38,734 [main] DEBUG balancer.ContainerBalancerTask (ContainerBalancerTask.java:lambda$moveContainer$3(837)) - Container move completed for container #52 from source 0da966ec-d304-4aba-a3c4-6da3d30bdd94 to target 2d681fd5-2e55-4a11-859d-3964a107aab2
2023-08-31 10:29:38,738 [main] DEBUG balancer.ContainerBalancerTask (ContainerBalancerTask.java:matchSourceWithTarget(708)) - ContainerBalancer is finding suitable target for source datanode 7b7a48f3-6e6c-40c8-bae0-dc076d7190a8
2023-08-31 10:29:38,738 [main] INFO  balancer.ContainerBalancerTask (ContainerBalancerTask.java:matchSourceWithTarget(722)) - ContainerBalancer matched source datanode 7b7a48f3-6e6c-40c8-bae0-dc076d7190a8 with target datanode 2d681fd5-2e55-4a11-859d-3964a107aab2 for container move.
2023-08-31 10:29:38,738 [main] INFO  balancer.ContainerBalancerTask (ContainerBalancerTask.java:processMoveSelection(569)) - ContainerBalancer is trying to move container #71 with size 3221225472B from source datanode 7b7a48f3-6e6c-40c8-bae0-dc076d7190a8 to target datanode 2d681fd5-2e55-4a11-859d-3964a107aab2
2023-08-31 10:29:38,738 [main] DEBUG balancer.ContainerBalancerTask (ContainerBalancerTask.java:lambda$moveContainer$3(837)) - Container move completed for container #71 from source 7b7a48f3-6e6c-40c8-bae0-dc076d7190a8 to target 2d681fd5-2e55-4a11-859d-3964a107aab2
2023-08-31 10:29:38,743 [main] DEBUG balancer.ContainerBalancerTask (ContainerBalancerTask.java:matchSourceWithTarget(708)) - ContainerBalancer is finding suitable target for source datanode 0da966ec-d304-4aba-a3c4-6da3d30bdd94
2023-08-31 10:29:38,743 [main] INFO  balancer.ContainerBalancerTask (ContainerBalancerTask.java:matchSourceWithTarget(722)) - ContainerBalancer matched source datanode 0da966ec-d304-4aba-a3c4-6da3d30bdd94 with target datanode 2d681fd5-2e55-4a11-859d-3964a107aab2 for container move.
2023-08-31 10:29:38,743 [main] INFO  balancer.ContainerBalancerTask (ContainerBalancerTask.java:processMoveSelection(569)) - ContainerBalancer is trying to move container #39 with size 4294967296B from source datanode 0da966ec-d304-4aba-a3c4-6da3d30bdd94 to target datanode 2d681fd5-2e55-4a11-859d-3964a107aab2
2023-08-31 10:29:38,743 [main] DEBUG balancer.ContainerBalancerTask (ContainerBalancerTask.java:lambda$moveContainer$3(837)) - Container move completed for container #39 from source 0da966ec-d304-4aba-a3c4-6da3d30bdd94 to target 2d681fd5-2e55-4a11-859d-3964a107aab2
2023-08-31 10:29:38,747 [main] DEBUG balancer.ContainerBalancerTask (ContainerBalancerTask.java:matchSourceWithTarget(708)) - ContainerBalancer is finding suitable target for source datanode 7b7a48f3-6e6c-40c8-bae0-dc076d7190a8
2023-08-31 10:29:38,747 [main] INFO  balancer.ContainerBalancerTask (ContainerBalancerTask.java:matchSourceWithTarget(722)) - ContainerBalancer matched source datanode 7b7a48f3-6e6c-40c8-bae0-dc076d7190a8 with target datanode 2d681fd5-2e55-4a11-859d-3964a107aab2 for container move.
2023-08-31 10:29:38,748 [main] INFO  balancer.ContainerBalancerTask (ContainerBalancerTask.java:processMoveSelection(569)) - ContainerBalancer is trying to move container #66 with size 3221225472B from source datanode 7b7a48f3-6e6c-40c8-bae0-dc076d7190a8 to target datanode 2d681fd5-2e55-4a11-859d-3964a107aab2
2023-08-31 10:29:38,748 [main] DEBUG balancer.ContainerBalancerTask (ContainerBalancerTask.java:lambda$moveContainer$3(837)) - Container move completed for container #66 from source 7b7a48f3-6e6c-40c8-bae0-dc076d7190a8 to target 2d681fd5-2e55-4a11-859d-3964a107aab2
2023-08-31 10:29:38,751 [main] DEBUG balancer.ContainerBalancerTask (ContainerBalancerTask.java:matchSourceWithTarget(708)) - ContainerBalancer is finding suitable target for source datanode 0fd63a37-cd50-44c6-a0ff-79fd9e4bfe1a
2023-08-31 10:29:38,751 [main] INFO  balancer.ContainerBalancerTask (ContainerBalancerTask.java:matchSourceWithTarget(722)) - ContainerBalancer matched source datanode 0fd63a37-cd50-44c6-a0ff-79fd9e4bfe1a with target datanode 2d681fd5-2e55-4a11-859d-3964a107aab2 for container move.
2023-08-31 10:29:38,751 [main] INFO  balancer.ContainerBalancerTask (ContainerBalancerTask.java:processMoveSelection(569)) - ContainerBalancer is trying to move container #86 with size 1073741824B from source datanode 0fd63a37-cd50-44c6-a0ff-79fd9e4bfe1a to target datanode 2d681fd5-2e55-4a11-859d-3964a107aab2
2023-08-31 10:29:38,751 [main] DEBUG balancer.ContainerBalancerTask (ContainerBalancerTask.java:lambda$moveContainer$3(837)) - Container move completed for container #86 from source 0fd63a37-cd50-44c6-a0ff-79fd9e4bfe1a to target 2d681fd5-2e55-4a11-859d-3964a107aab2
2023-08-31 10:29:38,752 [main] WARN  balancer.ContainerBalancerTask (ContainerBalancerTask.java:reachedMaxSizeToMovePerIteration(733)) - Reached max size to move limit. 53687091200 bytes have already been scheduled for balancing and the limit is 53687091200 bytes.
2023-08-31 10:29:38,753 [main] INFO  balancer.ContainerBalancerTask (ContainerBalancerTask.java:checkIterationMoveResults(642)) - Iteration Summary. Number of Datanodes involved: 5. Size moved: 50 GB (53687091200 Bytes). Number of Container moves completed: 13.
2023-08-31 10:29:38,753 [main] INFO  balancer.ContainerBalancerTask (ContainerBalancerTask.java:balance(259)) - Result of this iteration of Container Balancer: ITERATION_COMPLETED
2023-08-31 10:29:38,753 [main] INFO  balancer.ContainerBalancerTask (ContainerBalancerTask.java:tryStopWithSaveConfiguration(308)) - Save Configuration for stopping. Reason: Completed all iterations.
2023-08-31 10:29:38,754 [main] DEBUG balancer.ContainerBalancerTask (ContainerBalancerTask.java:initializeIteration(374)) - Average utilization of the cluster is 0.3844231587733851
2023-08-31 10:29:38,754 [main] DEBUG balancer.ContainerBalancerTask (ContainerBalancerTask.java:initializeIteration(386)) - Lower limit for utilization is 0.251243802017533 and Upper limit for utilization is 0.5176025155292372
2023-08-31 10:29:38,754 [main] DEBUG balancer.ContainerBalancerTask (ContainerBalancerTask.java:initializeIteration(398)) - Utilization for node 0fd63a37-cd50-44c6-a0ff-79fd9e4bfe1a with capacity 65617555911B, used 59055800320B, and remaining 6561755591B is 0.900000000001524
2023-08-31 10:29:38,754 [main] DEBUG balancer.ContainerBalancerTask (ContainerBalancerTask.java:initializeIteration(398)) - Utilization for node 7b7a48f3-6e6c-40c8-bae0-dc076d7190a8 with capacity 76504104960B, used 61203283968B, and remaining 15300820992B is 0.8
2023-08-31 10:29:38,754 [main] DEBUG balancer.ContainerBalancerTask (ContainerBalancerTask.java:initializeIteration(398)) - Utilization for node 0da966ec-d304-4aba-a3c4-6da3d30bdd94 with capacity 82831512137B, used 57982058496B, and remaining 24849453641B is 0.7000000000012073
2023-08-31 10:29:38,754 [main] DEBUG balancer.ContainerBalancerTask (ContainerBalancerTask.java:initializeIteration(398)) - Utilization for node 54a67142-cf3c-479c-a664-446e6b66c15b with capacity 55476660906B, used 33285996544B, and remaining 22190664362B is 0.6000000000072102
2023-08-31 10:29:38,754 [main] DEBUG balancer.ContainerBalancerTask (ContainerBalancerTask.java:initializeIteration(398)) - Utilization for node e4f2c464-f8de-4df4-9ba1-d9809d16eaa0 with capacity 96636764160B, used 48318382080B, and remaining 48318382080B is 0.5
2023-08-31 10:29:38,754 [main] DEBUG balancer.ContainerBalancerTask (ContainerBalancerTask.java:initializeIteration(398)) - Utilization for node 298e8999-667d-4130-a3f3-d54ad17f81af with capacity 99321118720B, used 39728447488B, and remaining 59592671232B is 0.4
2023-08-31 10:29:38,754 [main] DEBUG balancer.ContainerBalancerTask (ContainerBalancerTask.java:initializeIteration(398)) - Utilization for node ea5c1859-a2ef-4183-83ff-b7e36fcf01d4 with capacity 96636764160B, used 28991029248B, and remaining 67645734912B is 0.3
2023-08-31 10:29:38,755 [main] DEBUG balancer.ContainerBalancerTask (ContainerBalancerTask.java:initializeIteration(398)) - Utilization for node 0f36dd41-558e-4ec6-8642-9fd9e057ab75 with capacity 187904819200B, used 37580963840B, and remaining 150323855360B is 0.2
2023-08-31 10:29:38,756 [main] DEBUG balancer.ContainerBalancerTask (ContainerBalancerTask.java:initializeIteration(398)) - Utilization for node 2d681fd5-2e55-4a11-859d-3964a107aab2 with capacity 225485783040B, used 22548578304B, and remaining 202937204736B is 0.1
2023-08-31 10:29:38,756 [main] DEBUG balancer.ContainerBalancerTask (ContainerBalancerTask.java:initializeIteration(398)) - Utilization for node e4dd84d2-26e1-49fb-97da-c18f91d47e4d with capacity 24696061952B, used 0B, and remaining 24696061952B is 0.0
2023-08-31 10:29:38,757 [main] INFO  balancer.ContainerBalancerTask (ContainerBalancerTask.java:initializeIteration(447)) - Container Balancer has identified 4 Over-Utilized and 3 Under-Utilized Datanodes that need to be balanced.
2023-08-31 10:29:38,757 [main] DEBUG balancer.ContainerBalancerTask (ContainerBalancerTask.java:lambda$initializeIteration$1(453)) - Datanode localhost-116.130.156.111 0fd63a37-cd50-44c6-a0ff-79fd9e4bfe1a is Over-Utilized.
2023-08-31 10:29:38,757 [main] DEBUG balancer.ContainerBalancerTask (ContainerBalancerTask.java:lambda$initializeIteration$1(453)) - Datanode localhost-241.232.196.95 7b7a48f3-6e6c-40c8-bae0-dc076d7190a8 is Over-Utilized.
2023-08-31 10:29:38,757 [main] DEBUG balancer.ContainerBalancerTask (ContainerBalancerTask.java:lambda$initializeIteration$1(453)) - Datanode localhost-212.248.109.79 0da966ec-d304-4aba-a3c4-6da3d30bdd94 is Over-Utilized.
2023-08-31 10:29:38,757 [main] DEBUG balancer.ContainerBalancerTask (ContainerBalancerTask.java:lambda$initializeIteration$1(453)) - Datanode localhost-231.218.40.56 54a67142-cf3c-479c-a664-446e6b66c15b is Over-Utilized.
2023-08-31 10:29:38,757 [main] DEBUG balancer.ContainerBalancerTask (ContainerBalancerTask.java:lambda$initializeIteration$2(459)) - Datanode localhost-83.167.164.80 e4dd84d2-26e1-49fb-97da-c18f91d47e4d is Under-Utilized.
2023-08-31 10:29:38,757 [main] DEBUG balancer.ContainerBalancerTask (ContainerBalancerTask.java:lambda$initializeIteration$2(459)) - Datanode localhost-228.245.218.11 2d681fd5-2e55-4a11-859d-3964a107aab2 is Under-Utilized.
2023-08-31 10:29:38,759 [main] DEBUG balancer.ContainerBalancerTask (ContainerBalancerTask.java:lambda$initializeIteration$2(459)) - Datanode localhost-79.203.57.104 0f36dd41-558e-4ec6-8642-9fd9e057ab75 is Under-Utilized.
2023-08-31 10:29:38,763 [main] DEBUG balancer.ContainerBalancerTask (ContainerBalancerTask.java:matchSourceWithTarget(708)) - ContainerBalancer is finding suitable target for source datanode 0fd63a37-cd50-44c6-a0ff-79fd9e4bfe1a
2023-08-31 10:29:38,763 [main] INFO  balancer.ContainerBalancerTask (ContainerBalancerTask.java:matchSourceWithTarget(722)) - ContainerBalancer matched source datanode 0fd63a37-cd50-44c6-a0ff-79fd9e4bfe1a with target datanode e4dd84d2-26e1-49fb-97da-c18f91d47e4d for container move.
2023-08-31 10:29:38,763 [main] INFO  balancer.ContainerBalancerTask (ContainerBalancerTask.java:processMoveSelection(569)) - ContainerBalancer is trying to move container #85 with size 5368709120B from source datanode 0fd63a37-cd50-44c6-a0ff-79fd9e4bfe1a to target datanode e4dd84d2-26e1-49fb-97da-c18f91d47e4d
2023-08-31 10:29:38,763 [main] DEBUG balancer.ContainerBalancerTask (ContainerBalancerTask.java:lambda$moveContainer$3(837)) - Container move completed for container #85 from source 0fd63a37-cd50-44c6-a0ff-79fd9e4bfe1a to target e4dd84d2-26e1-49fb-97da-c18f91d47e4d
2023-08-31 10:29:38,767 [main] DEBUG balancer.ContainerBalancerTask (ContainerBalancerTask.java:matchSourceWithTarget(708)) - ContainerBalancer is finding suitable target for source datanode 0fd63a37-cd50-44c6-a0ff-79fd9e4bfe1a
2023-08-31 10:29:38,767 [main] INFO  balancer.ContainerBalancerTask (ContainerBalancerTask.java:matchSourceWithTarget(722)) - ContainerBalancer matched source datanode 0fd63a37-cd50-44c6-a0ff-79fd9e4bfe1a with target datanode 2d681fd5-2e55-4a11-859d-3964a107aab2 for container move.
2023-08-31 10:29:38,767 [main] INFO  balancer.ContainerBalancerTask (ContainerBalancerTask.java:processMoveSelection(569)) - ContainerBalancer is trying to move container #68 with size 5368709120B from source datanode 0fd63a37-cd50-44c6-a0ff-79fd9e4bfe1a to target datanode 2d681fd5-2e55-4a11-859d-3964a107aab2
2023-08-31 10:29:38,768 [main] DEBUG balancer.ContainerBalancerTask (ContainerBalancerTask.java:lambda$moveContainer$3(837)) - Container move completed for container #68 from source 0fd63a37-cd50-44c6-a0ff-79fd9e4bfe1a to target 2d681fd5-2e55-4a11-859d-3964a107aab2
2023-08-31 10:29:38,771 [main] DEBUG balancer.ContainerBalancerTask (ContainerBalancerTask.java:matchSourceWithTarget(708)) - ContainerBalancer is finding suitable target for source datanode 7b7a48f3-6e6c-40c8-bae0-dc076d7190a8
2023-08-31 10:29:38,772 [main] INFO  balancer.ContainerBalancerTask (ContainerBalancerTask.java:matchSourceWithTarget(722)) - ContainerBalancer matched source datanode 7b7a48f3-6e6c-40c8-bae0-dc076d7190a8 with target datanode 2d681fd5-2e55-4a11-859d-3964a107aab2 for container move.
2023-08-31 10:29:38,772 [main] INFO  balancer.ContainerBalancerTask (ContainerBalancerTask.java:processMoveSelection(569)) - ContainerBalancer is trying to move container #53 with size 5368709120B from source datanode 7b7a48f3-6e6c-40c8-bae0-dc076d7190a8 to target datanode 2d681fd5-2e55-4a11-859d-3964a107aab2
2023-08-31 10:29:38,772 [main] DEBUG balancer.ContainerBalancerTask (ContainerBalancerTask.java:lambda$moveContainer$3(837)) - Container move completed for container #53 from source 7b7a48f3-6e6c-40c8-bae0-dc076d7190a8 to target 2d681fd5-2e55-4a11-859d-3964a107aab2
2023-08-31 10:29:38,775 [main] DEBUG balancer.ContainerBalancerTask (ContainerBalancerTask.java:matchSourceWithTarget(708)) - ContainerBalancer is finding suitable target for source datanode 0fd63a37-cd50-44c6-a0ff-79fd9e4bfe1a
2023-08-31 10:29:38,776 [main] INFO  balancer.ContainerBalancerTask (ContainerBalancerTask.java:matchSourceWithTarget(722)) - ContainerBalancer matched source datanode 0fd63a37-cd50-44c6-a0ff-79fd9e4bfe1a with target datanode 2d681fd5-2e55-4a11-859d-3964a107aab2 for container move.
2023-08-31 10:29:38,776 [main] INFO  balancer.ContainerBalancerTask (ContainerBalancerTask.java:processMoveSelection(569)) - ContainerBalancer is trying to move container #29 with size 5368709120B from source datanode 0fd63a37-cd50-44c6-a0ff-79fd9e4bfe1a to target datanode 2d681fd5-2e55-4a11-859d-3964a107aab2
2023-08-31 10:29:38,776 [main] DEBUG balancer.ContainerBalancerTask (ContainerBalancerTask.java:lambda$moveContainer$3(837)) - Container move completed for container #29 from source 0fd63a37-cd50-44c6-a0ff-79fd9e4bfe1a to target 2d681fd5-2e55-4a11-859d-3964a107aab2
2023-08-31 10:29:38,783 [main] DEBUG balancer.ContainerBalancerTask (ContainerBalancerTask.java:matchSourceWithTarget(708)) - ContainerBalancer is finding suitable target for source datanode 7b7a48f3-6e6c-40c8-bae0-dc076d7190a8
2023-08-31 10:29:38,783 [main] INFO  balancer.ContainerBalancerTask (ContainerBalancerTask.java:matchSourceWithTarget(722)) - ContainerBalancer matched source datanode 7b7a48f3-6e6c-40c8-bae0-dc076d7190a8 with target datanode 2d681fd5-2e55-4a11-859d-3964a107aab2 for container move.
2023-08-31 10:29:38,783 [main] INFO  balancer.ContainerBalancerTask (ContainerBalancerTask.java:processMoveSelection(569)) - ContainerBalancer is trying to move container #84 with size 4294967296B from source datanode 7b7a48f3-6e6c-40c8-bae0-dc076d7190a8 to target datanode 2d681fd5-2e55-4a11-859d-3964a107aab2
2023-08-31 10:29:38,783 [main] DEBUG balancer.ContainerBalancerTask (ContainerBalancerTask.java:lambda$moveContainer$3(837)) - Container move completed for container #84 from source 7b7a48f3-6e6c-40c8-bae0-dc076d7190a8 to target 2d681fd5-2e55-4a11-859d-3964a107aab2
2023-08-31 10:29:38,788 [main] DEBUG balancer.ContainerBalancerTask (ContainerBalancerTask.java:matchSourceWithTarget(708)) - ContainerBalancer is finding suitable target for source datanode 0da966ec-d304-4aba-a3c4-6da3d30bdd94
2023-08-31 10:29:38,788 [main] INFO  balancer.ContainerBalancerTask (ContainerBalancerTask.java:matchSourceWithTarget(722)) - ContainerBalancer matched source datanode 0da966ec-d304-4aba-a3c4-6da3d30bdd94 with target datanode 2d681fd5-2e55-4a11-859d-3964a107aab2 for container move.
2023-08-31 10:29:38,788 [main] INFO  balancer.ContainerBalancerTask (ContainerBalancerTask.java:processMoveSelection(569)) - ContainerBalancer is trying to move container #67 with size 4294967296B from source datanode 0da966ec-d304-4aba-a3c4-6da3d30bdd94 to target datanode 2d681fd5-2e55-4a11-859d-3964a107aab2
2023-08-31 10:29:38,789 [main] DEBUG balancer.ContainerBalancerTask (ContainerBalancerTask.java:lambda$moveContainer$3(837)) - Container move completed for container #67 from source 0da966ec-d304-4aba-a3c4-6da3d30bdd94 to target 2d681fd5-2e55-4a11-859d-3964a107aab2
2023-08-31 10:29:38,793 [main] DEBUG balancer.ContainerBalancerTask (ContainerBalancerTask.java:matchSourceWithTarget(708)) - ContainerBalancer is finding suitable target for source datanode 7b7a48f3-6e6c-40c8-bae0-dc076d7190a8
2023-08-31 10:29:38,793 [main] INFO  balancer.ContainerBalancerTask (ContainerBalancerTask.java:matchSourceWithTarget(722)) - ContainerBalancer matched source datanode 7b7a48f3-6e6c-40c8-bae0-dc076d7190a8 with target datanode 0f36dd41-558e-4ec6-8642-9fd9e057ab75 for container move.
2023-08-31 10:29:38,793 [main] INFO  balancer.ContainerBalancerTask (ContainerBalancerTask.java:processMoveSelection(569)) - ContainerBalancer is trying to move container #71 with size 3221225472B from source datanode 7b7a48f3-6e6c-40c8-bae0-dc076d7190a8 to target datanode 0f36dd41-558e-4ec6-8642-9fd9e057ab75
2023-08-31 10:29:38,793 [main] DEBUG balancer.ContainerBalancerTask (ContainerBalancerTask.java:lambda$moveContainer$3(837)) - Container move completed for container #71 from source 7b7a48f3-6e6c-40c8-bae0-dc076d7190a8 to target 0f36dd41-558e-4ec6-8642-9fd9e057ab75
2023-08-31 10:29:38,797 [main] DEBUG balancer.ContainerBalancerTask (ContainerBalancerTask.java:matchSourceWithTarget(708)) - ContainerBalancer is finding suitable target for source datanode 0fd63a37-cd50-44c6-a0ff-79fd9e4bfe1a
2023-08-31 10:29:38,797 [main] INFO  balancer.ContainerBalancerTask (ContainerBalancerTask.java:matchSourceWithTarget(722)) - ContainerBalancer matched source datanode 0fd63a37-cd50-44c6-a0ff-79fd9e4bfe1a with target datanode 2d681fd5-2e55-4a11-859d-3964a107aab2 for container move.
2023-08-31 10:29:38,797 [main] INFO  balancer.ContainerBalancerTask (ContainerBalancerTask.java:processMoveSelection(569)) - ContainerBalancer is trying to move container #52 with size 4294967296B from source datanode 0fd63a37-cd50-44c6-a0ff-79fd9e4bfe1a to target datanode 2d681fd5-2e55-4a11-859d-3964a107aab2
2023-08-31 10:29:38,797 [main] DEBUG balancer.ContainerBalancerTask (ContainerBalancerTask.java:lambda$moveContainer$3(837)) - Container move completed for container #52 from source 0fd63a37-cd50-44c6-a0ff-79fd9e4bfe1a to target 2d681fd5-2e55-4a11-859d-3964a107aab2
2023-08-31 10:29:38,801 [main] DEBUG balancer.ContainerBalancerTask (ContainerBalancerTask.java:matchSourceWithTarget(708)) - ContainerBalancer is finding suitable target for source datanode 0da966ec-d304-4aba-a3c4-6da3d30bdd94
2023-08-31 10:29:38,801 [main] INFO  balancer.ContainerBalancerTask (ContainerBalancerTask.java:matchSourceWithTarget(722)) - ContainerBalancer matched source datanode 0da966ec-d304-4aba-a3c4-6da3d30bdd94 with target datanode 0f36dd41-558e-4ec6-8642-9fd9e057ab75 for container move.
2023-08-31 10:29:38,801 [main] INFO  balancer.ContainerBalancerTask (ContainerBalancerTask.java:processMoveSelection(569)) - ContainerBalancer is trying to move container #39 with size 4294967296B from source datanode 0da966ec-d304-4aba-a3c4-6da3d30bdd94 to target datanode 0f36dd41-558e-4ec6-8642-9fd9e057ab75
2023-08-31 10:29:38,801 [main] DEBUG balancer.ContainerBalancerTask (ContainerBalancerTask.java:lambda$moveContainer$3(837)) - Container move completed for container #39 from source 0da966ec-d304-4aba-a3c4-6da3d30bdd94 to target 0f36dd41-558e-4ec6-8642-9fd9e057ab75
2023-08-31 10:29:38,805 [main] DEBUG balancer.ContainerBalancerTask (ContainerBalancerTask.java:matchSourceWithTarget(708)) - ContainerBalancer is finding suitable target for source datanode 7b7a48f3-6e6c-40c8-bae0-dc076d7190a8
2023-08-31 10:29:38,805 [main] INFO  balancer.ContainerBalancerTask (ContainerBalancerTask.java:matchSourceWithTarget(722)) - ContainerBalancer matched source datanode 7b7a48f3-6e6c-40c8-bae0-dc076d7190a8 with target datanode e4dd84d2-26e1-49fb-97da-c18f91d47e4d for container move.
2023-08-31 10:29:38,805 [main] INFO  balancer.ContainerBalancerTask (ContainerBalancerTask.java:processMoveSelection(569)) - ContainerBalancer is trying to move container #89 with size 4294967296B from source datanode 7b7a48f3-6e6c-40c8-bae0-dc076d7190a8 to target datanode e4dd84d2-26e1-49fb-97da-c18f91d47e4d
2023-08-31 10:29:38,806 [main] DEBUG balancer.ContainerBalancerTask (ContainerBalancerTask.java:lambda$moveContainer$3(837)) - Container move completed for container #89 from source 7b7a48f3-6e6c-40c8-bae0-dc076d7190a8 to target e4dd84d2-26e1-49fb-97da-c18f91d47e4d
2023-08-31 10:29:38,808 [main] DEBUG balancer.ContainerBalancerTask (ContainerBalancerTask.java:matchSourceWithTarget(708)) - ContainerBalancer is finding suitable target for source datanode 54a67142-cf3c-479c-a664-446e6b66c15b
2023-08-31 10:29:38,808 [main] INFO  balancer.ContainerBalancerTask (ContainerBalancerTask.java:matchSourceWithTarget(722)) - ContainerBalancer matched source datanode 54a67142-cf3c-479c-a664-446e6b66c15b with target datanode 2d681fd5-2e55-4a11-859d-3964a107aab2 for container move.
2023-08-31 10:29:38,809 [main] INFO  balancer.ContainerBalancerTask (ContainerBalancerTask.java:processMoveSelection(569)) - ContainerBalancer is trying to move container #19 with size 4294967296B from source datanode 54a67142-cf3c-479c-a664-446e6b66c15b to target datanode 2d681fd5-2e55-4a11-859d-3964a107aab2
2023-08-31 10:29:38,809 [main] DEBUG balancer.ContainerBalancerTask (ContainerBalancerTask.java:lambda$moveContainer$3(837)) - Container move completed for container #19 from source 54a67142-cf3c-479c-a664-446e6b66c15b to target 2d681fd5-2e55-4a11-859d-3964a107aab2
2023-08-31 10:29:38,813 [main] DEBUG balancer.ContainerBalancerTask (ContainerBalancerTask.java:matchSourceWithTarget(708)) - ContainerBalancer is finding suitable target for source datanode 0da966ec-d304-4aba-a3c4-6da3d30bdd94
2023-08-31 10:29:38,813 [main] INFO  balancer.ContainerBalancerTask (ContainerBalancerTask.java:matchSourceWithTarget(722)) - ContainerBalancer matched source datanode 0da966ec-d304-4aba-a3c4-6da3d30bdd94 with target datanode 0f36dd41-558e-4ec6-8642-9fd9e057ab75 for container move.
2023-08-31 10:29:38,813 [main] INFO  balancer.ContainerBalancerTask (ContainerBalancerTask.java:processMoveSelection(569)) - ContainerBalancer is trying to move container #88 with size 3221225472B from source datanode 0da966ec-d304-4aba-a3c4-6da3d30bdd94 to target datanode 0f36dd41-558e-4ec6-8642-9fd9e057ab75
2023-08-31 10:29:38,813 [main] DEBUG balancer.ContainerBalancerTask (ContainerBalancerTask.java:lambda$moveContainer$3(837)) - Container move completed for container #88 from source 0da966ec-d304-4aba-a3c4-6da3d30bdd94 to target 0f36dd41-558e-4ec6-8642-9fd9e057ab75
2023-08-31 10:29:38,813 [main] WARN  balancer.ContainerBalancerTask (ContainerBalancerTask.java:reachedMaxSizeToMovePerIteration(733)) - Reached max size to move limit. 53687091200 bytes have already been scheduled for balancing and the limit is 53687091200 bytes.
2023-08-31 10:29:38,814 [main] INFO  balancer.ContainerBalancerTask (ContainerBalancerTask.java:checkIterationMoveResults(642)) - Iteration Summary. Number of Datanodes involved: 7. Size moved: 50 GB (53687091200 Bytes). Number of Container moves completed: 12.
2023-08-31 10:29:38,814 [main] INFO  balancer.ContainerBalancerTask (ContainerBalancerTask.java:balance(259)) - Result of this iteration of Container Balancer: ITERATION_COMPLETED
2023-08-31 10:29:38,814 [main] INFO  balancer.ContainerBalancerTask (ContainerBalancerTask.java:tryStopWithSaveConfiguration(308)) - Save Configuration for stopping. Reason: Completed all iterations.
2023-08-31 10:29:38,815 [main] DEBUG balancer.ContainerBalancerTask (ContainerBalancerTask.java:initializeIteration(374)) - Average utilization of the cluster is 0.3844231587733851
2023-08-31 10:29:38,815 [main] DEBUG balancer.ContainerBalancerTask (ContainerBalancerTask.java:initializeIteration(386)) - Lower limit for utilization is 0.2675519680092327 and Upper limit for utilization is 0.5012943495375376
2023-08-31 10:29:38,815 [main] DEBUG balancer.ContainerBalancerTask (ContainerBalancerTask.java:initializeIteration(398)) - Utilization for node 0fd63a37-cd50-44c6-a0ff-79fd9e4bfe1a with capacity 65617555911B, used 59055800320B, and remaining 6561755591B is 0.900000000001524
2023-08-31 10:29:38,815 [main] DEBUG balancer.ContainerBalancerTask (ContainerBalancerTask.java:initializeIteration(398)) - Utilization for node 7b7a48f3-6e6c-40c8-bae0-dc076d7190a8 with capacity 76504104960B, used 61203283968B, and remaining 15300820992B is 0.8
2023-08-31 10:29:38,815 [main] DEBUG balancer.ContainerBalancerTask (ContainerBalancerTask.java:initializeIteration(398)) - Utilization for node 0da966ec-d304-4aba-a3c4-6da3d30bdd94 with capacity 82831512137B, used 57982058496B, and remaining 24849453641B is 0.7000000000012073
2023-08-31 10:29:38,815 [main] DEBUG balancer.ContainerBalancerTask (ContainerBalancerTask.java:initializeIteration(398)) - Utilization for node 54a67142-cf3c-479c-a664-446e6b66c15b with capacity 55476660906B, used 33285996544B, and remaining 22190664362B is 0.6000000000072102
2023-08-31 10:29:38,815 [main] DEBUG balancer.ContainerBalancerTask (ContainerBalancerTask.java:initializeIteration(398)) - Utilization for node e4f2c464-f8de-4df4-9ba1-d9809d16eaa0 with capacity 96636764160B, used 48318382080B, and remaining 48318382080B is 0.5
2023-08-31 10:29:38,816 [main] DEBUG balancer.ContainerBalancerTask (ContainerBalancerTask.java:initializeIteration(398)) - Utilization for node 298e8999-667d-4130-a3f3-d54ad17f81af with capacity 99321118720B, used 39728447488B, and remaining 59592671232B is 0.4
2023-08-31 10:29:38,816 [main] DEBUG balancer.ContainerBalancerTask (ContainerBalancerTask.java:initializeIteration(398)) - Utilization for node ea5c1859-a2ef-4183-83ff-b7e36fcf01d4 with capacity 96636764160B, used 28991029248B, and remaining 67645734912B is 0.3
2023-08-31 10:29:38,816 [main] DEBUG balancer.ContainerBalancerTask (ContainerBalancerTask.java:initializeIteration(398)) - Utilization for node 0f36dd41-558e-4ec6-8642-9fd9e057ab75 with capacity 187904819200B, used 37580963840B, and remaining 150323855360B is 0.2
2023-08-31 10:29:38,816 [main] DEBUG balancer.ContainerBalancerTask (ContainerBalancerTask.java:initializeIteration(398)) - Utilization for node 2d681fd5-2e55-4a11-859d-3964a107aab2 with capacity 225485783040B, used 22548578304B, and remaining 202937204736B is 0.1
2023-08-31 10:29:38,816 [main] DEBUG balancer.ContainerBalancerTask (ContainerBalancerTask.java:initializeIteration(398)) - Utilization for node e4dd84d2-26e1-49fb-97da-c18f91d47e4d with capacity 24696061952B, used 0B, and remaining 24696061952B is 0.0
2023-08-31 10:29:38,816 [main] INFO  balancer.ContainerBalancerTask (ContainerBalancerTask.java:initializeIteration(447)) - Container Balancer has identified 4 Over-Utilized and 3 Under-Utilized Datanodes that need to be balanced.
2023-08-31 10:29:38,816 [main] DEBUG balancer.ContainerBalancerTask (ContainerBalancerTask.java:lambda$initializeIteration$1(453)) - Datanode localhost-116.130.156.111 0fd63a37-cd50-44c6-a0ff-79fd9e4bfe1a is Over-Utilized.
2023-08-31 10:29:38,816 [main] DEBUG balancer.ContainerBalancerTask (ContainerBalancerTask.java:lambda$initializeIteration$1(453)) - Datanode localhost-241.232.196.95 7b7a48f3-6e6c-40c8-bae0-dc076d7190a8 is Over-Utilized.
2023-08-31 10:29:38,816 [main] DEBUG balancer.ContainerBalancerTask (ContainerBalancerTask.java:lambda$initializeIteration$1(453)) - Datanode localhost-212.248.109.79 0da966ec-d304-4aba-a3c4-6da3d30bdd94 is Over-Utilized.
2023-08-31 10:29:38,816 [main] DEBUG balancer.ContainerBalancerTask (ContainerBalancerTask.java:lambda$initializeIteration$1(453)) - Datanode localhost-231.218.40.56 54a67142-cf3c-479c-a664-446e6b66c15b is Over-Utilized.
2023-08-31 10:29:38,817 [main] DEBUG balancer.ContainerBalancerTask (ContainerBalancerTask.java:lambda$initializeIteration$2(459)) - Datanode localhost-83.167.164.80 e4dd84d2-26e1-49fb-97da-c18f91d47e4d is Under-Utilized.
2023-08-31 10:29:38,817 [main] DEBUG balancer.ContainerBalancerTask (ContainerBalancerTask.java:lambda$initializeIteration$2(459)) - Datanode localhost-228.245.218.11 2d681fd5-2e55-4a11-859d-3964a107aab2 is Under-Utilized.
2023-08-31 10:29:38,817 [main] DEBUG balancer.ContainerBalancerTask (ContainerBalancerTask.java:lambda$initializeIteration$2(459)) - Datanode localhost-79.203.57.104 0f36dd41-558e-4ec6-8642-9fd9e057ab75 is Under-Utilized.
2023-08-31 10:29:38,820 [main] DEBUG balancer.ContainerBalancerTask (ContainerBalancerTask.java:matchSourceWithTarget(708)) - ContainerBalancer is finding suitable target for source datanode 0fd63a37-cd50-44c6-a0ff-79fd9e4bfe1a
2023-08-31 10:29:38,820 [main] INFO  balancer.ContainerBalancerTask (ContainerBalancerTask.java:matchSourceWithTarget(722)) - ContainerBalancer matched source datanode 0fd63a37-cd50-44c6-a0ff-79fd9e4bfe1a with target datanode e4dd84d2-26e1-49fb-97da-c18f91d47e4d for container move.
2023-08-31 10:29:38,820 [main] INFO  balancer.ContainerBalancerTask (ContainerBalancerTask.java:processMoveSelection(569)) - ContainerBalancer is trying to move container #85 with size 5368709120B from source datanode 0fd63a37-cd50-44c6-a0ff-79fd9e4bfe1a to target datanode e4dd84d2-26e1-49fb-97da-c18f91d47e4d
2023-08-31 10:29:38,820 [main] DEBUG balancer.ContainerBalancerTask (ContainerBalancerTask.java:lambda$moveContainer$3(837)) - Container move completed for container #85 from source 0fd63a37-cd50-44c6-a0ff-79fd9e4bfe1a to target e4dd84d2-26e1-49fb-97da-c18f91d47e4d
2023-08-31 10:29:38,823 [main] DEBUG balancer.ContainerBalancerTask (ContainerBalancerTask.java:matchSourceWithTarget(708)) - ContainerBalancer is finding suitable target for source datanode 0fd63a37-cd50-44c6-a0ff-79fd9e4bfe1a
2023-08-31 10:29:38,823 [main] INFO  balancer.ContainerBalancerTask (ContainerBalancerTask.java:matchSourceWithTarget(722)) - ContainerBalancer matched source datanode 0fd63a37-cd50-44c6-a0ff-79fd9e4bfe1a with target datanode 2d681fd5-2e55-4a11-859d-3964a107aab2 for container move.
2023-08-31 10:29:38,824 [main] INFO  balancer.ContainerBalancerTask (ContainerBalancerTask.java:processMoveSelection(569)) - ContainerBalancer is trying to move container #68 with size 5368709120B from source datanode 0fd63a37-cd50-44c6-a0ff-79fd9e4bfe1a to target datanode 2d681fd5-2e55-4a11-859d-3964a107aab2
2023-08-31 10:29:38,824 [main] DEBUG balancer.ContainerBalancerTask (ContainerBalancerTask.java:lambda$moveContainer$3(837)) - Container move completed for container #68 from source 0fd63a37-cd50-44c6-a0ff-79fd9e4bfe1a to target 2d681fd5-2e55-4a11-859d-3964a107aab2
2023-08-31 10:29:38,827 [main] DEBUG balancer.ContainerBalancerTask (ContainerBalancerTask.java:matchSourceWithTarget(708)) - ContainerBalancer is finding suitable target for source datanode 7b7a48f3-6e6c-40c8-bae0-dc076d7190a8
2023-08-31 10:29:38,827 [main] INFO  balancer.ContainerBalancerTask (ContainerBalancerTask.java:matchSourceWithTarget(722)) - ContainerBalancer matched source datanode 7b7a48f3-6e6c-40c8-bae0-dc076d7190a8 with target datanode 2d681fd5-2e55-4a11-859d-3964a107aab2 for container move.
2023-08-31 10:29:38,827 [main] INFO  balancer.ContainerBalancerTask (ContainerBalancerTask.java:processMoveSelection(569)) - ContainerBalancer is trying to move container #53 with size 5368709120B from source datanode 7b7a48f3-6e6c-40c8-bae0-dc076d7190a8 to target datanode 2d681fd5-2e55-4a11-859d-3964a107aab2
2023-08-31 10:29:38,827 [main] DEBUG balancer.ContainerBalancerTask (ContainerBalancerTask.java:lambda$moveContainer$3(837)) - Container move completed for container #53 from source 7b7a48f3-6e6c-40c8-bae0-dc076d7190a8 to target 2d681fd5-2e55-4a11-859d-3964a107aab2
2023-08-31 10:29:38,830 [main] DEBUG balancer.ContainerBalancerTask (ContainerBalancerTask.java:matchSourceWithTarget(708)) - ContainerBalancer is finding suitable target for source datanode 0fd63a37-cd50-44c6-a0ff-79fd9e4bfe1a
2023-08-31 10:29:38,831 [main] INFO  balancer.ContainerBalancerTask (ContainerBalancerTask.java:matchSourceWithTarget(722)) - ContainerBalancer matched source datanode 0fd63a37-cd50-44c6-a0ff-79fd9e4bfe1a with target datanode 2d681fd5-2e55-4a11-859d-3964a107aab2 for container move.
2023-08-31 10:29:38,831 [main] INFO  balancer.ContainerBalancerTask (ContainerBalancerTask.java:processMoveSelection(569)) - ContainerBalancer is trying to move container #29 with size 5368709120B from source datanode 0fd63a37-cd50-44c6-a0ff-79fd9e4bfe1a to target datanode 2d681fd5-2e55-4a11-859d-3964a107aab2
2023-08-31 10:29:38,831 [main] DEBUG balancer.ContainerBalancerTask (ContainerBalancerTask.java:lambda$moveContainer$3(837)) - Container move completed for container #29 from source 0fd63a37-cd50-44c6-a0ff-79fd9e4bfe1a to target 2d681fd5-2e55-4a11-859d-3964a107aab2
2023-08-31 10:29:38,834 [main] DEBUG balancer.ContainerBalancerTask (ContainerBalancerTask.java:matchSourceWithTarget(708)) - ContainerBalancer is finding suitable target for source datanode 7b7a48f3-6e6c-40c8-bae0-dc076d7190a8
2023-08-31 10:29:38,834 [main] INFO  balancer.ContainerBalancerTask (ContainerBalancerTask.java:matchSourceWithTarget(722)) - ContainerBalancer matched source datanode 7b7a48f3-6e6c-40c8-bae0-dc076d7190a8 with target datanode 2d681fd5-2e55-4a11-859d-3964a107aab2 for container move.
2023-08-31 10:29:38,834 [main] INFO  balancer.ContainerBalancerTask (ContainerBalancerTask.java:processMoveSelection(569)) - ContainerBalancer is trying to move container #84 with size 4294967296B from source datanode 7b7a48f3-6e6c-40c8-bae0-dc076d7190a8 to target datanode 2d681fd5-2e55-4a11-859d-3964a107aab2
2023-08-31 10:29:38,835 [main] DEBUG balancer.ContainerBalancerTask (ContainerBalancerTask.java:lambda$moveContainer$3(837)) - Container move completed for container #84 from source 7b7a48f3-6e6c-40c8-bae0-dc076d7190a8 to target 2d681fd5-2e55-4a11-859d-3964a107aab2
2023-08-31 10:29:38,838 [main] DEBUG balancer.ContainerBalancerTask (ContainerBalancerTask.java:matchSourceWithTarget(708)) - ContainerBalancer is finding suitable target for source datanode 0da966ec-d304-4aba-a3c4-6da3d30bdd94
2023-08-31 10:29:38,839 [main] INFO  balancer.ContainerBalancerTask (ContainerBalancerTask.java:matchSourceWithTarget(722)) - ContainerBalancer matched source datanode 0da966ec-d304-4aba-a3c4-6da3d30bdd94 with target datanode 2d681fd5-2e55-4a11-859d-3964a107aab2 for container move.
2023-08-31 10:29:38,839 [main] INFO  balancer.ContainerBalancerTask (ContainerBalancerTask.java:processMoveSelection(569)) - ContainerBalancer is trying to move container #67 with size 4294967296B from source datanode 0da966ec-d304-4aba-a3c4-6da3d30bdd94 to target datanode 2d681fd5-2e55-4a11-859d-3964a107aab2
2023-08-31 10:29:38,839 [main] DEBUG balancer.ContainerBalancerTask (ContainerBalancerTask.java:lambda$moveContainer$3(837)) - Container move completed for container #67 from source 0da966ec-d304-4aba-a3c4-6da3d30bdd94 to target 2d681fd5-2e55-4a11-859d-3964a107aab2
2023-08-31 10:29:38,842 [main] DEBUG balancer.ContainerBalancerTask (ContainerBalancerTask.java:matchSourceWithTarget(708)) - ContainerBalancer is finding suitable target for source datanode 7b7a48f3-6e6c-40c8-bae0-dc076d7190a8
2023-08-31 10:29:38,842 [main] INFO  balancer.ContainerBalancerTask (ContainerBalancerTask.java:matchSourceWithTarget(722)) - ContainerBalancer matched source datanode 7b7a48f3-6e6c-40c8-bae0-dc076d7190a8 with target datanode 0f36dd41-558e-4ec6-8642-9fd9e057ab75 for container move.
2023-08-31 10:29:38,843 [main] INFO  balancer.ContainerBalancerTask (ContainerBalancerTask.java:processMoveSelection(569)) - ContainerBalancer is trying to move container #71 with size 3221225472B from source datanode 7b7a48f3-6e6c-40c8-bae0-dc076d7190a8 to target datanode 0f36dd41-558e-4ec6-8642-9fd9e057ab75
2023-08-31 10:29:38,843 [main] DEBUG balancer.ContainerBalancerTask (ContainerBalancerTask.java:lambda$moveContainer$3(837)) - Container move completed for container #71 from source 7b7a48f3-6e6c-40c8-bae0-dc076d7190a8 to target 0f36dd41-558e-4ec6-8642-9fd9e057ab75
2023-08-31 10:29:38,846 [main] DEBUG balancer.ContainerBalancerTask (ContainerBalancerTask.java:matchSourceWithTarget(708)) - ContainerBalancer is finding suitable target for source datanode 0fd63a37-cd50-44c6-a0ff-79fd9e4bfe1a
2023-08-31 10:29:38,846 [main] INFO  balancer.ContainerBalancerTask (ContainerBalancerTask.java:matchSourceWithTarget(722)) - ContainerBalancer matched source datanode 0fd63a37-cd50-44c6-a0ff-79fd9e4bfe1a with target datanode 2d681fd5-2e55-4a11-859d-3964a107aab2 for container move.
2023-08-31 10:29:38,846 [main] INFO  balancer.ContainerBalancerTask (ContainerBalancerTask.java:processMoveSelection(569)) - ContainerBalancer is trying to move container #52 with size 4294967296B from source datanode 0fd63a37-cd50-44c6-a0ff-79fd9e4bfe1a to target datanode 2d681fd5-2e55-4a11-859d-3964a107aab2
2023-08-31 10:29:38,846 [main] DEBUG balancer.ContainerBalancerTask (ContainerBalancerTask.java:lambda$moveContainer$3(837)) - Container move completed for container #52 from source 0fd63a37-cd50-44c6-a0ff-79fd9e4bfe1a to target 2d681fd5-2e55-4a11-859d-3964a107aab2
2023-08-31 10:29:38,850 [main] DEBUG balancer.ContainerBalancerTask (ContainerBalancerTask.java:matchSourceWithTarget(708)) - ContainerBalancer is finding suitable target for source datanode 0da966ec-d304-4aba-a3c4-6da3d30bdd94
2023-08-31 10:29:38,850 [main] INFO  balancer.ContainerBalancerTask (ContainerBalancerTask.java:matchSourceWithTarget(722)) - ContainerBalancer matched source datanode 0da966ec-d304-4aba-a3c4-6da3d30bdd94 with target datanode 0f36dd41-558e-4ec6-8642-9fd9e057ab75 for container move.
2023-08-31 10:29:38,850 [main] INFO  balancer.ContainerBalancerTask (ContainerBalancerTask.java:processMoveSelection(569)) - ContainerBalancer is trying to move container #39 with size 4294967296B from source datanode 0da966ec-d304-4aba-a3c4-6da3d30bdd94 to target datanode 0f36dd41-558e-4ec6-8642-9fd9e057ab75
2023-08-31 10:29:38,851 [main] DEBUG balancer.ContainerBalancerTask (ContainerBalancerTask.java:lambda$moveContainer$3(837)) - Container move completed for container #39 from source 0da966ec-d304-4aba-a3c4-6da3d30bdd94 to target 0f36dd41-558e-4ec6-8642-9fd9e057ab75
2023-08-31 10:29:38,854 [main] DEBUG balancer.ContainerBalancerTask (ContainerBalancerTask.java:matchSourceWithTarget(708)) - ContainerBalancer is finding suitable target for source datanode 7b7a48f3-6e6c-40c8-bae0-dc076d7190a8
2023-08-31 10:29:38,855 [main] INFO  balancer.ContainerBalancerTask (ContainerBalancerTask.java:matchSourceWithTarget(722)) - ContainerBalancer matched source datanode 7b7a48f3-6e6c-40c8-bae0-dc076d7190a8 with target datanode e4dd84d2-26e1-49fb-97da-c18f91d47e4d for container move.
2023-08-31 10:29:38,855 [main] INFO  balancer.ContainerBalancerTask (ContainerBalancerTask.java:processMoveSelection(569)) - ContainerBalancer is trying to move container #89 with size 4294967296B from source datanode 7b7a48f3-6e6c-40c8-bae0-dc076d7190a8 to target datanode e4dd84d2-26e1-49fb-97da-c18f91d47e4d
2023-08-31 10:29:38,855 [main] DEBUG balancer.ContainerBalancerTask (ContainerBalancerTask.java:lambda$moveContainer$3(837)) - Container move completed for container #89 from source 7b7a48f3-6e6c-40c8-bae0-dc076d7190a8 to target e4dd84d2-26e1-49fb-97da-c18f91d47e4d
2023-08-31 10:29:38,857 [main] DEBUG balancer.ContainerBalancerTask (ContainerBalancerTask.java:matchSourceWithTarget(708)) - ContainerBalancer is finding suitable target for source datanode 54a67142-cf3c-479c-a664-446e6b66c15b
2023-08-31 10:29:38,858 [main] INFO  balancer.ContainerBalancerTask (ContainerBalancerTask.java:matchSourceWithTarget(722)) - ContainerBalancer matched source datanode 54a67142-cf3c-479c-a664-446e6b66c15b with target datanode 2d681fd5-2e55-4a11-859d-3964a107aab2 for container move.
2023-08-31 10:29:38,858 [main] INFO  balancer.ContainerBalancerTask (ContainerBalancerTask.java:processMoveSelection(569)) - ContainerBalancer is trying to move container #19 with size 4294967296B from source datanode 54a67142-cf3c-479c-a664-446e6b66c15b to target datanode 2d681fd5-2e55-4a11-859d-3964a107aab2
2023-08-31 10:29:38,858 [main] DEBUG balancer.ContainerBalancerTask (ContainerBalancerTask.java:lambda$moveContainer$3(837)) - Container move completed for container #19 from source 54a67142-cf3c-479c-a664-446e6b66c15b to target 2d681fd5-2e55-4a11-859d-3964a107aab2
2023-08-31 10:29:38,862 [main] DEBUG balancer.ContainerBalancerTask (ContainerBalancerTask.java:matchSourceWithTarget(708)) - ContainerBalancer is finding suitable target for source datanode 0da966ec-d304-4aba-a3c4-6da3d30bdd94
2023-08-31 10:29:38,862 [main] INFO  balancer.ContainerBalancerTask (ContainerBalancerTask.java:matchSourceWithTarget(722)) - ContainerBalancer matched source datanode 0da966ec-d304-4aba-a3c4-6da3d30bdd94 with target datanode 0f36dd41-558e-4ec6-8642-9fd9e057ab75 for container move.
2023-08-31 10:29:38,862 [main] INFO  balancer.ContainerBalancerTask (ContainerBalancerTask.java:processMoveSelection(569)) - ContainerBalancer is trying to move container #88 with size 3221225472B from source datanode 0da966ec-d304-4aba-a3c4-6da3d30bdd94 to target datanode 0f36dd41-558e-4ec6-8642-9fd9e057ab75
2023-08-31 10:29:38,862 [main] DEBUG balancer.ContainerBalancerTask (ContainerBalancerTask.java:lambda$moveContainer$3(837)) - Container move completed for container #88 from source 0da966ec-d304-4aba-a3c4-6da3d30bdd94 to target 0f36dd41-558e-4ec6-8642-9fd9e057ab75
2023-08-31 10:29:38,863 [main] WARN  balancer.ContainerBalancerTask (ContainerBalancerTask.java:reachedMaxSizeToMovePerIteration(733)) - Reached max size to move limit. 53687091200 bytes have already been scheduled for balancing and the limit is 53687091200 bytes.
2023-08-31 10:29:38,863 [main] INFO  balancer.ContainerBalancerTask (ContainerBalancerTask.java:checkIterationMoveResults(642)) - Iteration Summary. Number of Datanodes involved: 7. Size moved: 50 GB (53687091200 Bytes). Number of Container moves completed: 12.
2023-08-31 10:29:38,863 [main] INFO  balancer.ContainerBalancerTask (ContainerBalancerTask.java:balance(259)) - Result of this iteration of Container Balancer: ITERATION_COMPLETED
2023-08-31 10:29:38,863 [main] INFO  balancer.ContainerBalancerTask (ContainerBalancerTask.java:tryStopWithSaveConfiguration(308)) - Save Configuration for stopping. Reason: Completed all iterations.
2023-08-31 10:29:38,865 [main] DEBUG balancer.ContainerBalancerTask (ContainerBalancerTask.java:initializeIteration(374)) - Average utilization of the cluster is 0.3844231587733851
2023-08-31 10:29:38,865 [main] DEBUG balancer.ContainerBalancerTask (ContainerBalancerTask.java:initializeIteration(386)) - Lower limit for utilization is 0.07306012479367013 and Upper limit for utilization is 0.6957861927531002
2023-08-31 10:29:38,865 [main] DEBUG balancer.ContainerBalancerTask (ContainerBalancerTask.java:initializeIteration(398)) - Utilization for node 0fd63a37-cd50-44c6-a0ff-79fd9e4bfe1a with capacity 65617555911B, used 59055800320B, and remaining 6561755591B is 0.900000000001524
2023-08-31 10:29:38,866 [main] DEBUG balancer.ContainerBalancerTask (ContainerBalancerTask.java:initializeIteration(398)) - Utilization for node 7b7a48f3-6e6c-40c8-bae0-dc076d7190a8 with capacity 76504104960B, used 61203283968B, and remaining 15300820992B is 0.8
2023-08-31 10:29:38,866 [main] DEBUG balancer.ContainerBalancerTask (ContainerBalancerTask.java:initializeIteration(398)) - Utilization for node 0da966ec-d304-4aba-a3c4-6da3d30bdd94 with capacity 82831512137B, used 57982058496B, and remaining 24849453641B is 0.7000000000012073
2023-08-31 10:29:38,866 [main] DEBUG balancer.ContainerBalancerTask (ContainerBalancerTask.java:initializeIteration(398)) - Utilization for node 54a67142-cf3c-479c-a664-446e6b66c15b with capacity 55476660906B, used 33285996544B, and remaining 22190664362B is 0.6000000000072102
2023-08-31 10:29:38,866 [main] DEBUG balancer.ContainerBalancerTask (ContainerBalancerTask.java:initializeIteration(398)) - Utilization for node e4f2c464-f8de-4df4-9ba1-d9809d16eaa0 with capacity 96636764160B, used 48318382080B, and remaining 48318382080B is 0.5
2023-08-31 10:29:38,866 [main] DEBUG balancer.ContainerBalancerTask (ContainerBalancerTask.java:initializeIteration(398)) - Utilization for node 298e8999-667d-4130-a3f3-d54ad17f81af with capacity 99321118720B, used 39728447488B, and remaining 59592671232B is 0.4
2023-08-31 10:29:38,866 [main] DEBUG balancer.ContainerBalancerTask (ContainerBalancerTask.java:initializeIteration(398)) - Utilization for node ea5c1859-a2ef-4183-83ff-b7e36fcf01d4 with capacity 96636764160B, used 28991029248B, and remaining 67645734912B is 0.3
2023-08-31 10:29:38,866 [main] DEBUG balancer.ContainerBalancerTask (ContainerBalancerTask.java:initializeIteration(398)) - Utilization for node 0f36dd41-558e-4ec6-8642-9fd9e057ab75 with capacity 187904819200B, used 37580963840B, and remaining 150323855360B is 0.2
2023-08-31 10:29:38,866 [main] DEBUG balancer.ContainerBalancerTask (ContainerBalancerTask.java:initializeIteration(398)) - Utilization for node 2d681fd5-2e55-4a11-859d-3964a107aab2 with capacity 225485783040B, used 22548578304B, and remaining 202937204736B is 0.1
2023-08-31 10:29:38,866 [main] DEBUG balancer.ContainerBalancerTask (ContainerBalancerTask.java:initializeIteration(398)) - Utilization for node e4dd84d2-26e1-49fb-97da-c18f91d47e4d with capacity 24696061952B, used 0B, and remaining 24696061952B is 0.0
2023-08-31 10:29:38,867 [main] INFO  balancer.ContainerBalancerTask (ContainerBalancerTask.java:initializeIteration(447)) - Container Balancer has identified 3 Over-Utilized and 1 Under-Utilized Datanodes that need to be balanced.
2023-08-31 10:29:38,867 [main] DEBUG balancer.ContainerBalancerTask (ContainerBalancerTask.java:lambda$initializeIteration$1(453)) - Datanode localhost-116.130.156.111 0fd63a37-cd50-44c6-a0ff-79fd9e4bfe1a is Over-Utilized.
2023-08-31 10:29:38,867 [main] DEBUG balancer.ContainerBalancerTask (ContainerBalancerTask.java:lambda$initializeIteration$1(453)) - Datanode localhost-241.232.196.95 7b7a48f3-6e6c-40c8-bae0-dc076d7190a8 is Over-Utilized.
2023-08-31 10:29:38,867 [main] DEBUG balancer.ContainerBalancerTask (ContainerBalancerTask.java:lambda$initializeIteration$1(453)) - Datanode localhost-212.248.109.79 0da966ec-d304-4aba-a3c4-6da3d30bdd94 is Over-Utilized.
2023-08-31 10:29:38,867 [main] DEBUG balancer.ContainerBalancerTask (ContainerBalancerTask.java:lambda$initializeIteration$2(459)) - Datanode localhost-83.167.164.80 e4dd84d2-26e1-49fb-97da-c18f91d47e4d is Under-Utilized.
2023-08-31 10:29:38,870 [main] DEBUG balancer.ContainerBalancerTask (ContainerBalancerTask.java:matchSourceWithTarget(708)) - ContainerBalancer is finding suitable target for source datanode 0fd63a37-cd50-44c6-a0ff-79fd9e4bfe1a
2023-08-31 10:29:38,870 [main] INFO  balancer.ContainerBalancerTask (ContainerBalancerTask.java:matchSourceWithTarget(722)) - ContainerBalancer matched source datanode 0fd63a37-cd50-44c6-a0ff-79fd9e4bfe1a with target datanode e4dd84d2-26e1-49fb-97da-c18f91d47e4d for container move.
2023-08-31 10:29:38,871 [main] INFO  balancer.ContainerBalancerTask (ContainerBalancerTask.java:processMoveSelection(569)) - ContainerBalancer is trying to move container #85 with size 5368709120B from source datanode 0fd63a37-cd50-44c6-a0ff-79fd9e4bfe1a to target datanode e4dd84d2-26e1-49fb-97da-c18f91d47e4d
2023-08-31 10:29:38,871 [main] DEBUG balancer.ContainerBalancerTask (ContainerBalancerTask.java:lambda$moveContainer$3(837)) - Container move completed for container #85 from source 0fd63a37-cd50-44c6-a0ff-79fd9e4bfe1a to target e4dd84d2-26e1-49fb-97da-c18f91d47e4d
2023-08-31 10:29:38,874 [main] DEBUG balancer.ContainerBalancerTask (ContainerBalancerTask.java:matchSourceWithTarget(708)) - ContainerBalancer is finding suitable target for source datanode 0fd63a37-cd50-44c6-a0ff-79fd9e4bfe1a
2023-08-31 10:29:38,874 [main] INFO  balancer.ContainerBalancerTask (ContainerBalancerTask.java:matchSourceWithTarget(722)) - ContainerBalancer matched source datanode 0fd63a37-cd50-44c6-a0ff-79fd9e4bfe1a with target datanode e4dd84d2-26e1-49fb-97da-c18f91d47e4d for container move.
2023-08-31 10:29:38,874 [main] INFO  balancer.ContainerBalancerTask (ContainerBalancerTask.java:processMoveSelection(569)) - ContainerBalancer is trying to move container #68 with size 5368709120B from source datanode 0fd63a37-cd50-44c6-a0ff-79fd9e4bfe1a to target datanode e4dd84d2-26e1-49fb-97da-c18f91d47e4d
2023-08-31 10:29:38,874 [main] DEBUG balancer.ContainerBalancerTask (ContainerBalancerTask.java:lambda$moveContainer$3(837)) - Container move completed for container #68 from source 0fd63a37-cd50-44c6-a0ff-79fd9e4bfe1a to target e4dd84d2-26e1-49fb-97da-c18f91d47e4d
2023-08-31 10:29:38,878 [main] DEBUG balancer.ContainerBalancerTask (ContainerBalancerTask.java:matchSourceWithTarget(708)) - ContainerBalancer is finding suitable target for source datanode 7b7a48f3-6e6c-40c8-bae0-dc076d7190a8
2023-08-31 10:29:38,878 [main] INFO  balancer.ContainerBalancerTask (ContainerBalancerTask.java:matchSourceWithTarget(722)) - ContainerBalancer matched source datanode 7b7a48f3-6e6c-40c8-bae0-dc076d7190a8 with target datanode e4dd84d2-26e1-49fb-97da-c18f91d47e4d for container move.
2023-08-31 10:29:38,878 [main] INFO  balancer.ContainerBalancerTask (ContainerBalancerTask.java:processMoveSelection(569)) - ContainerBalancer is trying to move container #53 with size 5368709120B from source datanode 7b7a48f3-6e6c-40c8-bae0-dc076d7190a8 to target datanode e4dd84d2-26e1-49fb-97da-c18f91d47e4d
2023-08-31 10:29:38,878 [main] DEBUG balancer.ContainerBalancerTask (ContainerBalancerTask.java:lambda$moveContainer$3(837)) - Container move completed for container #53 from source 7b7a48f3-6e6c-40c8-bae0-dc076d7190a8 to target e4dd84d2-26e1-49fb-97da-c18f91d47e4d
2023-08-31 10:29:38,881 [main] DEBUG balancer.ContainerBalancerTask (ContainerBalancerTask.java:matchSourceWithTarget(708)) - ContainerBalancer is finding suitable target for source datanode 0fd63a37-cd50-44c6-a0ff-79fd9e4bfe1a
2023-08-31 10:29:38,882 [main] INFO  balancer.ContainerBalancerTask (ContainerBalancerTask.java:matchSourceWithTarget(722)) - ContainerBalancer matched source datanode 0fd63a37-cd50-44c6-a0ff-79fd9e4bfe1a with target datanode e4dd84d2-26e1-49fb-97da-c18f91d47e4d for container move.
2023-08-31 10:29:38,882 [main] INFO  balancer.ContainerBalancerTask (ContainerBalancerTask.java:processMoveSelection(569)) - ContainerBalancer is trying to move container #86 with size 1073741824B from source datanode 0fd63a37-cd50-44c6-a0ff-79fd9e4bfe1a to target datanode e4dd84d2-26e1-49fb-97da-c18f91d47e4d
2023-08-31 10:29:38,882 [main] DEBUG balancer.ContainerBalancerTask (ContainerBalancerTask.java:lambda$moveContainer$3(837)) - Container move completed for container #86 from source 0fd63a37-cd50-44c6-a0ff-79fd9e4bfe1a to target e4dd84d2-26e1-49fb-97da-c18f91d47e4d
2023-08-31 10:29:38,886 [main] DEBUG balancer.ContainerBalancerTask (ContainerBalancerTask.java:matchSourceWithTarget(708)) - ContainerBalancer is finding suitable target for source datanode 7b7a48f3-6e6c-40c8-bae0-dc076d7190a8
2023-08-31 10:29:38,887 [main] INFO  balancer.FindTargetGreedyByUsageInfo (AbstractFindTargetGreedy.java:findTargetForContainerMove(133)) - Container Balancer could not find a target for source datanode 7b7a48f3-6e6c-40c8-bae0-dc076d7190a8
2023-08-31 10:29:38,887 [main] DEBUG balancer.ContainerBalancerTask (ContainerBalancerTask.java:matchSourceWithTarget(717)) - ContainerBalancer could not find a suitable target for source node 7b7a48f3-6e6c-40c8-bae0-dc076d7190a8.
2023-08-31 10:29:38,890 [main] DEBUG balancer.ContainerBalancerTask (ContainerBalancerTask.java:matchSourceWithTarget(708)) - ContainerBalancer is finding suitable target for source datanode 0fd63a37-cd50-44c6-a0ff-79fd9e4bfe1a
2023-08-31 10:29:38,891 [main] INFO  balancer.FindTargetGreedyByUsageInfo (AbstractFindTargetGreedy.java:findTargetForContainerMove(133)) - Container Balancer could not find a target for source datanode 0fd63a37-cd50-44c6-a0ff-79fd9e4bfe1a
2023-08-31 10:29:38,891 [main] DEBUG balancer.ContainerBalancerTask (ContainerBalancerTask.java:matchSourceWithTarget(717)) - ContainerBalancer could not find a suitable target for source node 0fd63a37-cd50-44c6-a0ff-79fd9e4bfe1a.
2023-08-31 10:29:38,894 [main] DEBUG balancer.ContainerBalancerTask (ContainerBalancerTask.java:matchSourceWithTarget(708)) - ContainerBalancer is finding suitable target for source datanode 0da966ec-d304-4aba-a3c4-6da3d30bdd94
2023-08-31 10:29:38,895 [main] INFO  balancer.FindTargetGreedyByUsageInfo (AbstractFindTargetGreedy.java:findTargetForContainerMove(133)) - Container Balancer could not find a target for source datanode 0da966ec-d304-4aba-a3c4-6da3d30bdd94
2023-08-31 10:29:38,896 [main] DEBUG balancer.ContainerBalancerTask (ContainerBalancerTask.java:matchSourceWithTarget(717)) - ContainerBalancer could not find a suitable target for source node 0da966ec-d304-4aba-a3c4-6da3d30bdd94.
2023-08-31 10:29:38,896 [main] INFO  balancer.FindSourceGreedy (FindSourceGreedy.java:getNextCandidateSourceDataNode(126)) - no more candidate source data node
2023-08-31 10:29:38,896 [main] INFO  balancer.ContainerBalancerTask (ContainerBalancerTask.java:checkIterationMoveResults(642)) - Iteration Summary. Number of Datanodes involved: 3. Size moved: 16 GB (17179869184 Bytes). Number of Container moves completed: 4.
2023-08-31 10:29:38,896 [main] INFO  balancer.ContainerBalancerTask (ContainerBalancerTask.java:balance(259)) - Result of this iteration of Container Balancer: ITERATION_COMPLETED
2023-08-31 10:29:38,896 [main] INFO  balancer.ContainerBalancerTask (ContainerBalancerTask.java:tryStopWithSaveConfiguration(308)) - Save Configuration for stopping. Reason: Completed all iterations.
2023-08-31 10:29:38,897 [main] DEBUG balancer.ContainerBalancerTask (ContainerBalancerTask.java:initializeIteration(374)) - Average utilization of the cluster is 0.3844231587733851
2023-08-31 10:29:38,897 [main] DEBUG balancer.ContainerBalancerTask (ContainerBalancerTask.java:initializeIteration(386)) - Lower limit for utilization is 0.05561726704794134 and Upper limit for utilization is 0.7132290504988289
2023-08-31 10:29:38,897 [main] DEBUG balancer.ContainerBalancerTask (ContainerBalancerTask.java:initializeIteration(398)) - Utilization for node 0fd63a37-cd50-44c6-a0ff-79fd9e4bfe1a with capacity 65617555911B, used 59055800320B, and remaining 6561755591B is 0.900000000001524
2023-08-31 10:29:38,897 [main] DEBUG balancer.ContainerBalancerTask (ContainerBalancerTask.java:initializeIteration(398)) - Utilization for node 7b7a48f3-6e6c-40c8-bae0-dc076d7190a8 with capacity 76504104960B, used 61203283968B, and remaining 15300820992B is 0.8
2023-08-31 10:29:38,897 [main] DEBUG balancer.ContainerBalancerTask (ContainerBalancerTask.java:initializeIteration(398)) - Utilization for node 0da966ec-d304-4aba-a3c4-6da3d30bdd94 with capacity 82831512137B, used 57982058496B, and remaining 24849453641B is 0.7000000000012073
2023-08-31 10:29:38,897 [main] DEBUG balancer.ContainerBalancerTask (ContainerBalancerTask.java:initializeIteration(398)) - Utilization for node 54a67142-cf3c-479c-a664-446e6b66c15b with capacity 55476660906B, used 33285996544B, and remaining 22190664362B is 0.6000000000072102
2023-08-31 10:29:38,898 [main] DEBUG balancer.ContainerBalancerTask (ContainerBalancerTask.java:initializeIteration(398)) - Utilization for node e4f2c464-f8de-4df4-9ba1-d9809d16eaa0 with capacity 96636764160B, used 48318382080B, and remaining 48318382080B is 0.5
2023-08-31 10:29:38,898 [main] DEBUG balancer.ContainerBalancerTask (ContainerBalancerTask.java:initializeIteration(398)) - Utilization for node 298e8999-667d-4130-a3f3-d54ad17f81af with capacity 99321118720B, used 39728447488B, and remaining 59592671232B is 0.4
2023-08-31 10:29:38,898 [main] DEBUG balancer.ContainerBalancerTask (ContainerBalancerTask.java:initializeIteration(398)) - Utilization for node ea5c1859-a2ef-4183-83ff-b7e36fcf01d4 with capacity 96636764160B, used 28991029248B, and remaining 67645734912B is 0.3
2023-08-31 10:29:38,898 [main] DEBUG balancer.ContainerBalancerTask (ContainerBalancerTask.java:initializeIteration(398)) - Utilization for node 0f36dd41-558e-4ec6-8642-9fd9e057ab75 with capacity 187904819200B, used 37580963840B, and remaining 150323855360B is 0.2
2023-08-31 10:29:38,898 [main] DEBUG balancer.ContainerBalancerTask (ContainerBalancerTask.java:initializeIteration(398)) - Utilization for node 2d681fd5-2e55-4a11-859d-3964a107aab2 with capacity 225485783040B, used 22548578304B, and remaining 202937204736B is 0.1
2023-08-31 10:29:38,898 [main] DEBUG balancer.ContainerBalancerTask (ContainerBalancerTask.java:initializeIteration(398)) - Utilization for node e4dd84d2-26e1-49fb-97da-c18f91d47e4d with capacity 24696061952B, used 0B, and remaining 24696061952B is 0.0
2023-08-31 10:29:38,898 [main] INFO  balancer.ContainerBalancerTask (ContainerBalancerTask.java:initializeIteration(447)) - Container Balancer has identified 2 Over-Utilized and 1 Under-Utilized Datanodes that need to be balanced.
2023-08-31 10:29:38,898 [main] DEBUG balancer.ContainerBalancerTask (ContainerBalancerTask.java:lambda$initializeIteration$1(453)) - Datanode localhost-116.130.156.111 0fd63a37-cd50-44c6-a0ff-79fd9e4bfe1a is Over-Utilized.
2023-08-31 10:29:38,898 [main] DEBUG balancer.ContainerBalancerTask (ContainerBalancerTask.java:lambda$initializeIteration$1(453)) - Datanode localhost-241.232.196.95 7b7a48f3-6e6c-40c8-bae0-dc076d7190a8 is Over-Utilized.
2023-08-31 10:29:38,898 [main] DEBUG balancer.ContainerBalancerTask (ContainerBalancerTask.java:lambda$initializeIteration$2(459)) - Datanode localhost-83.167.164.80 e4dd84d2-26e1-49fb-97da-c18f91d47e4d is Under-Utilized.
2023-08-31 10:29:38,901 [main] DEBUG balancer.ContainerBalancerTask (ContainerBalancerTask.java:matchSourceWithTarget(708)) - ContainerBalancer is finding suitable target for source datanode 0fd63a37-cd50-44c6-a0ff-79fd9e4bfe1a
2023-08-31 10:29:38,902 [main] INFO  balancer.ContainerBalancerTask (ContainerBalancerTask.java:matchSourceWithTarget(722)) - ContainerBalancer matched source datanode 0fd63a37-cd50-44c6-a0ff-79fd9e4bfe1a with target datanode e4dd84d2-26e1-49fb-97da-c18f91d47e4d for container move.
2023-08-31 10:29:38,902 [main] INFO  balancer.ContainerBalancerTask (ContainerBalancerTask.java:processMoveSelection(569)) - ContainerBalancer is trying to move container #85 with size 5368709120B from source datanode 0fd63a37-cd50-44c6-a0ff-79fd9e4bfe1a to target datanode e4dd84d2-26e1-49fb-97da-c18f91d47e4d
2023-08-31 10:29:38,902 [main] DEBUG balancer.ContainerBalancerTask (ContainerBalancerTask.java:lambda$moveContainer$3(837)) - Container move completed for container #85 from source 0fd63a37-cd50-44c6-a0ff-79fd9e4bfe1a to target e4dd84d2-26e1-49fb-97da-c18f91d47e4d
2023-08-31 10:29:38,905 [main] DEBUG balancer.ContainerBalancerTask (ContainerBalancerTask.java:matchSourceWithTarget(708)) - ContainerBalancer is finding suitable target for source datanode 0fd63a37-cd50-44c6-a0ff-79fd9e4bfe1a
2023-08-31 10:29:38,905 [main] INFO  balancer.ContainerBalancerTask (ContainerBalancerTask.java:matchSourceWithTarget(722)) - ContainerBalancer matched source datanode 0fd63a37-cd50-44c6-a0ff-79fd9e4bfe1a with target datanode e4dd84d2-26e1-49fb-97da-c18f91d47e4d for container move.
2023-08-31 10:29:38,905 [main] INFO  balancer.ContainerBalancerTask (ContainerBalancerTask.java:processMoveSelection(569)) - ContainerBalancer is trying to move container #68 with size 5368709120B from source datanode 0fd63a37-cd50-44c6-a0ff-79fd9e4bfe1a to target datanode e4dd84d2-26e1-49fb-97da-c18f91d47e4d
2023-08-31 10:29:38,906 [main] DEBUG balancer.ContainerBalancerTask (ContainerBalancerTask.java:lambda$moveContainer$3(837)) - Container move completed for container #68 from source 0fd63a37-cd50-44c6-a0ff-79fd9e4bfe1a to target e4dd84d2-26e1-49fb-97da-c18f91d47e4d
2023-08-31 10:29:38,909 [main] DEBUG balancer.ContainerBalancerTask (ContainerBalancerTask.java:matchSourceWithTarget(708)) - ContainerBalancer is finding suitable target for source datanode 7b7a48f3-6e6c-40c8-bae0-dc076d7190a8
2023-08-31 10:29:38,909 [main] INFO  balancer.ContainerBalancerTask (ContainerBalancerTask.java:matchSourceWithTarget(722)) - ContainerBalancer matched source datanode 7b7a48f3-6e6c-40c8-bae0-dc076d7190a8 with target datanode e4dd84d2-26e1-49fb-97da-c18f91d47e4d for container move.
2023-08-31 10:29:38,909 [main] INFO  balancer.ContainerBalancerTask (ContainerBalancerTask.java:processMoveSelection(569)) - ContainerBalancer is trying to move container #53 with size 5368709120B from source datanode 7b7a48f3-6e6c-40c8-bae0-dc076d7190a8 to target datanode e4dd84d2-26e1-49fb-97da-c18f91d47e4d
2023-08-31 10:29:38,909 [main] DEBUG balancer.ContainerBalancerTask (ContainerBalancerTask.java:lambda$moveContainer$3(837)) - Container move completed for container #53 from source 7b7a48f3-6e6c-40c8-bae0-dc076d7190a8 to target e4dd84d2-26e1-49fb-97da-c18f91d47e4d
2023-08-31 10:29:38,912 [main] DEBUG balancer.ContainerBalancerTask (ContainerBalancerTask.java:matchSourceWithTarget(708)) - ContainerBalancer is finding suitable target for source datanode 0fd63a37-cd50-44c6-a0ff-79fd9e4bfe1a
2023-08-31 10:29:38,913 [main] INFO  balancer.ContainerBalancerTask (ContainerBalancerTask.java:matchSourceWithTarget(722)) - ContainerBalancer matched source datanode 0fd63a37-cd50-44c6-a0ff-79fd9e4bfe1a with target datanode e4dd84d2-26e1-49fb-97da-c18f91d47e4d for container move.
2023-08-31 10:29:38,913 [main] INFO  balancer.ContainerBalancerTask (ContainerBalancerTask.java:processMoveSelection(569)) - ContainerBalancer is trying to move container #86 with size 1073741824B from source datanode 0fd63a37-cd50-44c6-a0ff-79fd9e4bfe1a to target datanode e4dd84d2-26e1-49fb-97da-c18f91d47e4d
2023-08-31 10:29:38,913 [main] DEBUG balancer.ContainerBalancerTask (ContainerBalancerTask.java:lambda$moveContainer$3(837)) - Container move completed for container #86 from source 0fd63a37-cd50-44c6-a0ff-79fd9e4bfe1a to target e4dd84d2-26e1-49fb-97da-c18f91d47e4d
2023-08-31 10:29:38,917 [main] DEBUG balancer.ContainerBalancerTask (ContainerBalancerTask.java:matchSourceWithTarget(708)) - ContainerBalancer is finding suitable target for source datanode 7b7a48f3-6e6c-40c8-bae0-dc076d7190a8
2023-08-31 10:29:38,918 [main] INFO  balancer.FindTargetGreedyByUsageInfo (AbstractFindTargetGreedy.java:findTargetForContainerMove(133)) - Container Balancer could not find a target for source datanode 7b7a48f3-6e6c-40c8-bae0-dc076d7190a8
2023-08-31 10:29:38,918 [main] DEBUG balancer.ContainerBalancerTask (ContainerBalancerTask.java:matchSourceWithTarget(717)) - ContainerBalancer could not find a suitable target for source node 7b7a48f3-6e6c-40c8-bae0-dc076d7190a8.
2023-08-31 10:29:38,921 [main] DEBUG balancer.ContainerBalancerTask (ContainerBalancerTask.java:matchSourceWithTarget(708)) - ContainerBalancer is finding suitable target for source datanode 0fd63a37-cd50-44c6-a0ff-79fd9e4bfe1a
2023-08-31 10:29:38,922 [main] INFO  balancer.FindTargetGreedyByUsageInfo (AbstractFindTargetGreedy.java:findTargetForContainerMove(133)) - Container Balancer could not find a target for source datanode 0fd63a37-cd50-44c6-a0ff-79fd9e4bfe1a
2023-08-31 10:29:38,922 [main] DEBUG balancer.ContainerBalancerTask (ContainerBalancerTask.java:matchSourceWithTarget(717)) - ContainerBalancer could not find a suitable target for source node 0fd63a37-cd50-44c6-a0ff-79fd9e4bfe1a.
2023-08-31 10:29:38,924 [main] INFO  balancer.FindSourceGreedy (FindSourceGreedy.java:getNextCandidateSourceDataNode(126)) - no more candidate source data node
2023-08-31 10:29:38,924 [main] INFO  balancer.ContainerBalancerTask (ContainerBalancerTask.java:checkIterationMoveResults(642)) - Iteration Summary. Number of Datanodes involved: 3. Size moved: 16 GB (17179869184 Bytes). Number of Container moves completed: 4.
2023-08-31 10:29:38,924 [main] INFO  balancer.ContainerBalancerTask (ContainerBalancerTask.java:balance(259)) - Result of this iteration of Container Balancer: ITERATION_COMPLETED
2023-08-31 10:29:38,924 [main] INFO  balancer.ContainerBalancerTask (ContainerBalancerTask.java:tryStopWithSaveConfiguration(308)) - Save Configuration for stopping. Reason: Completed all iterations.
2023-08-31 10:29:38,926 [main] DEBUG balancer.ContainerBalancerTask (ContainerBalancerTask.java:initializeIteration(374)) - Average utilization of the cluster is 0.3844231587733851
2023-08-31 10:29:38,926 [main] DEBUG balancer.ContainerBalancerTask (ContainerBalancerTask.java:initializeIteration(386)) - Lower limit for utilization is -0.4016252039147819 and Upper limit for utilization is 1.1704715214615522
2023-08-31 10:29:38,926 [main] DEBUG balancer.ContainerBalancerTask (ContainerBalancerTask.java:initializeIteration(398)) - Utilization for node 0fd63a37-cd50-44c6-a0ff-79fd9e4bfe1a with capacity 65617555911B, used 59055800320B, and remaining 6561755591B is 0.900000000001524
2023-08-31 10:29:38,926 [main] DEBUG balancer.ContainerBalancerTask (ContainerBalancerTask.java:initializeIteration(398)) - Utilization for node 7b7a48f3-6e6c-40c8-bae0-dc076d7190a8 with capacity 76504104960B, used 61203283968B, and remaining 15300820992B is 0.8
2023-08-31 10:29:38,926 [main] DEBUG balancer.ContainerBalancerTask (ContainerBalancerTask.java:initializeIteration(398)) - Utilization for node 0da966ec-d304-4aba-a3c4-6da3d30bdd94 with capacity 82831512137B, used 57982058496B, and remaining 24849453641B is 0.7000000000012073
2023-08-31 10:29:38,926 [main] DEBUG balancer.ContainerBalancerTask (ContainerBalancerTask.java:initializeIteration(398)) - Utilization for node 54a67142-cf3c-479c-a664-446e6b66c15b with capacity 55476660906B, used 33285996544B, and remaining 22190664362B is 0.6000000000072102
2023-08-31 10:29:38,927 [main] DEBUG balancer.ContainerBalancerTask (ContainerBalancerTask.java:initializeIteration(398)) - Utilization for node e4f2c464-f8de-4df4-9ba1-d9809d16eaa0 with capacity 96636764160B, used 48318382080B, and remaining 48318382080B is 0.5
2023-08-31 10:29:38,928 [main] DEBUG balancer.ContainerBalancerTask (ContainerBalancerTask.java:initializeIteration(398)) - Utilization for node 298e8999-667d-4130-a3f3-d54ad17f81af with capacity 99321118720B, used 39728447488B, and remaining 59592671232B is 0.4
2023-08-31 10:29:38,928 [main] DEBUG balancer.ContainerBalancerTask (ContainerBalancerTask.java:initializeIteration(398)) - Utilization for node ea5c1859-a2ef-4183-83ff-b7e36fcf01d4 with capacity 96636764160B, used 28991029248B, and remaining 67645734912B is 0.3
2023-08-31 10:29:38,928 [main] DEBUG balancer.ContainerBalancerTask (ContainerBalancerTask.java:initializeIteration(398)) - Utilization for node 0f36dd41-558e-4ec6-8642-9fd9e057ab75 with capacity 187904819200B, used 37580963840B, and remaining 150323855360B is 0.2
2023-08-31 10:29:38,928 [main] DEBUG balancer.ContainerBalancerTask (ContainerBalancerTask.java:initializeIteration(398)) - Utilization for node 2d681fd5-2e55-4a11-859d-3964a107aab2 with capacity 225485783040B, used 22548578304B, and remaining 202937204736B is 0.1
2023-08-31 10:29:38,928 [main] DEBUG balancer.ContainerBalancerTask (ContainerBalancerTask.java:initializeIteration(398)) - Utilization for node e4dd84d2-26e1-49fb-97da-c18f91d47e4d with capacity 24696061952B, used 0B, and remaining 24696061952B is 0.0
2023-08-31 10:29:38,928 [main] INFO  balancer.ContainerBalancerTask (ContainerBalancerTask.java:initializeIteration(443)) - Did not find any unbalanced Datanodes.
2023-08-31 10:29:38,928 [main] INFO  balancer.ContainerBalancerTask (ContainerBalancerTask.java:tryStopWithSaveConfiguration(308)) - Save Configuration for stopping. Reason: Could not initialize ContainerBalancer's iteration number 0
2023-08-31 10:29:38,929 [main] DEBUG balancer.ContainerBalancerTask (ContainerBalancerTask.java:initializeIteration(374)) - Average utilization of the cluster is 0.3844231587733851
2023-08-31 10:29:38,930 [main] DEBUG balancer.ContainerBalancerTask (ContainerBalancerTask.java:initializeIteration(386)) - Lower limit for utilization is 0.16597643668535594 and Upper limit for utilization is 0.6028698808614144
2023-08-31 10:29:38,930 [main] DEBUG balancer.ContainerBalancerTask (ContainerBalancerTask.java:initializeIteration(398)) - Utilization for node 0fd63a37-cd50-44c6-a0ff-79fd9e4bfe1a with capacity 65617555911B, used 59055800320B, and remaining 6561755591B is 0.900000000001524
2023-08-31 10:29:38,930 [main] DEBUG balancer.ContainerBalancerTask (ContainerBalancerTask.java:initializeIteration(398)) - Utilization for node 7b7a48f3-6e6c-40c8-bae0-dc076d7190a8 with capacity 76504104960B, used 61203283968B, and remaining 15300820992B is 0.8
2023-08-31 10:29:38,930 [main] DEBUG balancer.ContainerBalancerTask (ContainerBalancerTask.java:initializeIteration(398)) - Utilization for node 0da966ec-d304-4aba-a3c4-6da3d30bdd94 with capacity 82831512137B, used 57982058496B, and remaining 24849453641B is 0.7000000000012073
2023-08-31 10:29:38,930 [main] DEBUG balancer.ContainerBalancerTask (ContainerBalancerTask.java:initializeIteration(398)) - Utilization for node 54a67142-cf3c-479c-a664-446e6b66c15b with capacity 55476660906B, used 33285996544B, and remaining 22190664362B is 0.6000000000072102
2023-08-31 10:29:38,930 [main] DEBUG balancer.ContainerBalancerTask (ContainerBalancerTask.java:initializeIteration(398)) - Utilization for node e4f2c464-f8de-4df4-9ba1-d9809d16eaa0 with capacity 96636764160B, used 48318382080B, and remaining 48318382080B is 0.5
2023-08-31 10:29:38,930 [main] DEBUG balancer.ContainerBalancerTask (ContainerBalancerTask.java:initializeIteration(398)) - Utilization for node 298e8999-667d-4130-a3f3-d54ad17f81af with capacity 99321118720B, used 39728447488B, and remaining 59592671232B is 0.4
2023-08-31 10:29:38,930 [main] DEBUG balancer.ContainerBalancerTask (ContainerBalancerTask.java:initializeIteration(398)) - Utilization for node ea5c1859-a2ef-4183-83ff-b7e36fcf01d4 with capacity 96636764160B, used 28991029248B, and remaining 67645734912B is 0.3
2023-08-31 10:29:38,930 [main] DEBUG balancer.ContainerBalancerTask (ContainerBalancerTask.java:initializeIteration(398)) - Utilization for node 0f36dd41-558e-4ec6-8642-9fd9e057ab75 with capacity 187904819200B, used 37580963840B, and remaining 150323855360B is 0.2
2023-08-31 10:29:38,931 [main] DEBUG balancer.ContainerBalancerTask (ContainerBalancerTask.java:initializeIteration(398)) - Utilization for node 2d681fd5-2e55-4a11-859d-3964a107aab2 with capacity 225485783040B, used 22548578304B, and remaining 202937204736B is 0.1
2023-08-31 10:29:38,931 [main] DEBUG balancer.ContainerBalancerTask (ContainerBalancerTask.java:initializeIteration(398)) - Utilization for node e4dd84d2-26e1-49fb-97da-c18f91d47e4d with capacity 24696061952B, used 0B, and remaining 24696061952B is 0.0
2023-08-31 10:29:38,931 [main] INFO  balancer.ContainerBalancerTask (ContainerBalancerTask.java:initializeIteration(447)) - Container Balancer has identified 3 Over-Utilized and 2 Under-Utilized Datanodes that need to be balanced.
2023-08-31 10:29:38,931 [main] DEBUG balancer.ContainerBalancerTask (ContainerBalancerTask.java:lambda$initializeIteration$1(453)) - Datanode localhost-116.130.156.111 0fd63a37-cd50-44c6-a0ff-79fd9e4bfe1a is Over-Utilized.
2023-08-31 10:29:38,931 [main] DEBUG balancer.ContainerBalancerTask (ContainerBalancerTask.java:lambda$initializeIteration$1(453)) - Datanode localhost-241.232.196.95 7b7a48f3-6e6c-40c8-bae0-dc076d7190a8 is Over-Utilized.
2023-08-31 10:29:38,931 [main] DEBUG balancer.ContainerBalancerTask (ContainerBalancerTask.java:lambda$initializeIteration$1(453)) - Datanode localhost-212.248.109.79 0da966ec-d304-4aba-a3c4-6da3d30bdd94 is Over-Utilized.
2023-08-31 10:29:38,931 [main] DEBUG balancer.ContainerBalancerTask (ContainerBalancerTask.java:lambda$initializeIteration$2(459)) - Datanode localhost-83.167.164.80 e4dd84d2-26e1-49fb-97da-c18f91d47e4d is Under-Utilized.
2023-08-31 10:29:38,931 [main] DEBUG balancer.ContainerBalancerTask (ContainerBalancerTask.java:lambda$initializeIteration$2(459)) - Datanode localhost-228.245.218.11 2d681fd5-2e55-4a11-859d-3964a107aab2 is Under-Utilized.
2023-08-31 10:29:38,934 [main] DEBUG balancer.ContainerBalancerTask (ContainerBalancerTask.java:matchSourceWithTarget(708)) - ContainerBalancer is finding suitable target for source datanode 0fd63a37-cd50-44c6-a0ff-79fd9e4bfe1a
2023-08-31 10:29:38,934 [main] INFO  balancer.ContainerBalancerTask (ContainerBalancerTask.java:matchSourceWithTarget(722)) - ContainerBalancer matched source datanode 0fd63a37-cd50-44c6-a0ff-79fd9e4bfe1a with target datanode e4dd84d2-26e1-49fb-97da-c18f91d47e4d for container move.
2023-08-31 10:29:38,935 [main] INFO  balancer.ContainerBalancerTask (ContainerBalancerTask.java:processMoveSelection(569)) - ContainerBalancer is trying to move container #85 with size 5368709120B from source datanode 0fd63a37-cd50-44c6-a0ff-79fd9e4bfe1a to target datanode e4dd84d2-26e1-49fb-97da-c18f91d47e4d
2023-08-31 10:29:38,935 [main] DEBUG balancer.ContainerBalancerTask (ContainerBalancerTask.java:lambda$moveContainer$3(837)) - Container move completed for container #85 from source 0fd63a37-cd50-44c6-a0ff-79fd9e4bfe1a to target e4dd84d2-26e1-49fb-97da-c18f91d47e4d
2023-08-31 10:29:38,940 [main] DEBUG balancer.ContainerBalancerTask (ContainerBalancerTask.java:matchSourceWithTarget(708)) - ContainerBalancer is finding suitable target for source datanode 0fd63a37-cd50-44c6-a0ff-79fd9e4bfe1a
2023-08-31 10:29:38,940 [main] INFO  balancer.ContainerBalancerTask (ContainerBalancerTask.java:matchSourceWithTarget(722)) - ContainerBalancer matched source datanode 0fd63a37-cd50-44c6-a0ff-79fd9e4bfe1a with target datanode 2d681fd5-2e55-4a11-859d-3964a107aab2 for container move.
2023-08-31 10:29:38,940 [main] INFO  balancer.ContainerBalancerTask (ContainerBalancerTask.java:processMoveSelection(569)) - ContainerBalancer is trying to move container #68 with size 5368709120B from source datanode 0fd63a37-cd50-44c6-a0ff-79fd9e4bfe1a to target datanode 2d681fd5-2e55-4a11-859d-3964a107aab2
2023-08-31 10:29:38,940 [main] DEBUG balancer.ContainerBalancerTask (ContainerBalancerTask.java:lambda$moveContainer$3(837)) - Container move completed for container #68 from source 0fd63a37-cd50-44c6-a0ff-79fd9e4bfe1a to target 2d681fd5-2e55-4a11-859d-3964a107aab2
2023-08-31 10:29:38,943 [main] DEBUG balancer.ContainerBalancerTask (ContainerBalancerTask.java:matchSourceWithTarget(708)) - ContainerBalancer is finding suitable target for source datanode 7b7a48f3-6e6c-40c8-bae0-dc076d7190a8
2023-08-31 10:29:38,944 [main] INFO  balancer.ContainerBalancerTask (ContainerBalancerTask.java:matchSourceWithTarget(722)) - ContainerBalancer matched source datanode 7b7a48f3-6e6c-40c8-bae0-dc076d7190a8 with target datanode 2d681fd5-2e55-4a11-859d-3964a107aab2 for container move.
2023-08-31 10:29:38,944 [main] INFO  balancer.ContainerBalancerTask (ContainerBalancerTask.java:processMoveSelection(569)) - ContainerBalancer is trying to move container #53 with size 5368709120B from source datanode 7b7a48f3-6e6c-40c8-bae0-dc076d7190a8 to target datanode 2d681fd5-2e55-4a11-859d-3964a107aab2
2023-08-31 10:29:38,944 [main] DEBUG balancer.ContainerBalancerTask (ContainerBalancerTask.java:lambda$moveContainer$3(837)) - Container move completed for container #53 from source 7b7a48f3-6e6c-40c8-bae0-dc076d7190a8 to target 2d681fd5-2e55-4a11-859d-3964a107aab2
2023-08-31 10:29:38,947 [main] DEBUG balancer.ContainerBalancerTask (ContainerBalancerTask.java:matchSourceWithTarget(708)) - ContainerBalancer is finding suitable target for source datanode 0fd63a37-cd50-44c6-a0ff-79fd9e4bfe1a
2023-08-31 10:29:38,947 [main] INFO  balancer.ContainerBalancerTask (ContainerBalancerTask.java:matchSourceWithTarget(722)) - ContainerBalancer matched source datanode 0fd63a37-cd50-44c6-a0ff-79fd9e4bfe1a with target datanode 2d681fd5-2e55-4a11-859d-3964a107aab2 for container move.
2023-08-31 10:29:38,947 [main] INFO  balancer.ContainerBalancerTask (ContainerBalancerTask.java:processMoveSelection(569)) - ContainerBalancer is trying to move container #29 with size 5368709120B from source datanode 0fd63a37-cd50-44c6-a0ff-79fd9e4bfe1a to target datanode 2d681fd5-2e55-4a11-859d-3964a107aab2
2023-08-31 10:29:38,947 [main] DEBUG balancer.ContainerBalancerTask (ContainerBalancerTask.java:lambda$moveContainer$3(837)) - Container move completed for container #29 from source 0fd63a37-cd50-44c6-a0ff-79fd9e4bfe1a to target 2d681fd5-2e55-4a11-859d-3964a107aab2
2023-08-31 10:29:38,951 [main] DEBUG balancer.ContainerBalancerTask (ContainerBalancerTask.java:matchSourceWithTarget(708)) - ContainerBalancer is finding suitable target for source datanode 7b7a48f3-6e6c-40c8-bae0-dc076d7190a8
2023-08-31 10:29:38,951 [main] INFO  balancer.ContainerBalancerTask (ContainerBalancerTask.java:matchSourceWithTarget(722)) - ContainerBalancer matched source datanode 7b7a48f3-6e6c-40c8-bae0-dc076d7190a8 with target datanode 2d681fd5-2e55-4a11-859d-3964a107aab2 for container move.
2023-08-31 10:29:38,951 [main] INFO  balancer.ContainerBalancerTask (ContainerBalancerTask.java:processMoveSelection(569)) - ContainerBalancer is trying to move container #84 with size 4294967296B from source datanode 7b7a48f3-6e6c-40c8-bae0-dc076d7190a8 to target datanode 2d681fd5-2e55-4a11-859d-3964a107aab2
2023-08-31 10:29:38,951 [main] DEBUG balancer.ContainerBalancerTask (ContainerBalancerTask.java:lambda$moveContainer$3(837)) - Container move completed for container #84 from source 7b7a48f3-6e6c-40c8-bae0-dc076d7190a8 to target 2d681fd5-2e55-4a11-859d-3964a107aab2
2023-08-31 10:29:38,955 [main] DEBUG balancer.ContainerBalancerTask (ContainerBalancerTask.java:matchSourceWithTarget(708)) - ContainerBalancer is finding suitable target for source datanode 0da966ec-d304-4aba-a3c4-6da3d30bdd94
2023-08-31 10:29:38,955 [main] INFO  balancer.ContainerBalancerTask (ContainerBalancerTask.java:matchSourceWithTarget(722)) - ContainerBalancer matched source datanode 0da966ec-d304-4aba-a3c4-6da3d30bdd94 with target datanode 2d681fd5-2e55-4a11-859d-3964a107aab2 for container move.
2023-08-31 10:29:38,955 [main] INFO  balancer.ContainerBalancerTask (ContainerBalancerTask.java:processMoveSelection(569)) - ContainerBalancer is trying to move container #67 with size 4294967296B from source datanode 0da966ec-d304-4aba-a3c4-6da3d30bdd94 to target datanode 2d681fd5-2e55-4a11-859d-3964a107aab2
2023-08-31 10:29:38,955 [main] DEBUG balancer.ContainerBalancerTask (ContainerBalancerTask.java:lambda$moveContainer$3(837)) - Container move completed for container #67 from source 0da966ec-d304-4aba-a3c4-6da3d30bdd94 to target 2d681fd5-2e55-4a11-859d-3964a107aab2
2023-08-31 10:29:38,959 [main] DEBUG balancer.ContainerBalancerTask (ContainerBalancerTask.java:matchSourceWithTarget(708)) - ContainerBalancer is finding suitable target for source datanode 7b7a48f3-6e6c-40c8-bae0-dc076d7190a8
2023-08-31 10:29:38,959 [main] INFO  balancer.ContainerBalancerTask (ContainerBalancerTask.java:matchSourceWithTarget(722)) - ContainerBalancer matched source datanode 7b7a48f3-6e6c-40c8-bae0-dc076d7190a8 with target datanode 2d681fd5-2e55-4a11-859d-3964a107aab2 for container move.
2023-08-31 10:29:38,959 [main] INFO  balancer.ContainerBalancerTask (ContainerBalancerTask.java:processMoveSelection(569)) - ContainerBalancer is trying to move container #83 with size 3221225472B from source datanode 7b7a48f3-6e6c-40c8-bae0-dc076d7190a8 to target datanode 2d681fd5-2e55-4a11-859d-3964a107aab2
2023-08-31 10:29:38,959 [main] DEBUG balancer.ContainerBalancerTask (ContainerBalancerTask.java:lambda$moveContainer$3(837)) - Container move completed for container #83 from source 7b7a48f3-6e6c-40c8-bae0-dc076d7190a8 to target 2d681fd5-2e55-4a11-859d-3964a107aab2
2023-08-31 10:29:38,962 [main] DEBUG balancer.ContainerBalancerTask (ContainerBalancerTask.java:matchSourceWithTarget(708)) - ContainerBalancer is finding suitable target for source datanode 0fd63a37-cd50-44c6-a0ff-79fd9e4bfe1a
2023-08-31 10:29:38,962 [main] INFO  balancer.ContainerBalancerTask (ContainerBalancerTask.java:matchSourceWithTarget(722)) - ContainerBalancer matched source datanode 0fd63a37-cd50-44c6-a0ff-79fd9e4bfe1a with target datanode e4dd84d2-26e1-49fb-97da-c18f91d47e4d for container move.
2023-08-31 10:29:38,963 [main] INFO  balancer.ContainerBalancerTask (ContainerBalancerTask.java:processMoveSelection(569)) - ContainerBalancer is trying to move container #89 with size 4294967296B from source datanode 0fd63a37-cd50-44c6-a0ff-79fd9e4bfe1a to target datanode e4dd84d2-26e1-49fb-97da-c18f91d47e4d
2023-08-31 10:29:38,963 [main] DEBUG balancer.ContainerBalancerTask (ContainerBalancerTask.java:lambda$moveContainer$3(837)) - Container move completed for container #89 from source 0fd63a37-cd50-44c6-a0ff-79fd9e4bfe1a to target e4dd84d2-26e1-49fb-97da-c18f91d47e4d
2023-08-31 10:29:38,967 [main] DEBUG balancer.ContainerBalancerTask (ContainerBalancerTask.java:matchSourceWithTarget(708)) - ContainerBalancer is finding suitable target for source datanode 0da966ec-d304-4aba-a3c4-6da3d30bdd94
2023-08-31 10:29:38,967 [main] INFO  balancer.ContainerBalancerTask (ContainerBalancerTask.java:matchSourceWithTarget(722)) - ContainerBalancer matched source datanode 0da966ec-d304-4aba-a3c4-6da3d30bdd94 with target datanode 2d681fd5-2e55-4a11-859d-3964a107aab2 for container move.
2023-08-31 10:29:38,967 [main] INFO  balancer.ContainerBalancerTask (ContainerBalancerTask.java:processMoveSelection(569)) - ContainerBalancer is trying to move container #52 with size 4294967296B from source datanode 0da966ec-d304-4aba-a3c4-6da3d30bdd94 to target datanode 2d681fd5-2e55-4a11-859d-3964a107aab2
2023-08-31 10:29:38,967 [main] DEBUG balancer.ContainerBalancerTask (ContainerBalancerTask.java:lambda$moveContainer$3(837)) - Container move completed for container #52 from source 0da966ec-d304-4aba-a3c4-6da3d30bdd94 to target 2d681fd5-2e55-4a11-859d-3964a107aab2
2023-08-31 10:29:38,970 [main] DEBUG balancer.ContainerBalancerTask (ContainerBalancerTask.java:matchSourceWithTarget(708)) - ContainerBalancer is finding suitable target for source datanode 7b7a48f3-6e6c-40c8-bae0-dc076d7190a8
2023-08-31 10:29:38,971 [main] INFO  balancer.ContainerBalancerTask (ContainerBalancerTask.java:matchSourceWithTarget(722)) - ContainerBalancer matched source datanode 7b7a48f3-6e6c-40c8-bae0-dc076d7190a8 with target datanode 2d681fd5-2e55-4a11-859d-3964a107aab2 for container move.
2023-08-31 10:29:38,971 [main] INFO  balancer.ContainerBalancerTask (ContainerBalancerTask.java:processMoveSelection(569)) - ContainerBalancer is trying to move container #71 with size 3221225472B from source datanode 7b7a48f3-6e6c-40c8-bae0-dc076d7190a8 to target datanode 2d681fd5-2e55-4a11-859d-3964a107aab2
2023-08-31 10:29:38,971 [main] DEBUG balancer.ContainerBalancerTask (ContainerBalancerTask.java:lambda$moveContainer$3(837)) - Container move completed for container #71 from source 7b7a48f3-6e6c-40c8-bae0-dc076d7190a8 to target 2d681fd5-2e55-4a11-859d-3964a107aab2
2023-08-31 10:29:38,975 [main] DEBUG balancer.ContainerBalancerTask (ContainerBalancerTask.java:matchSourceWithTarget(708)) - ContainerBalancer is finding suitable target for source datanode 0da966ec-d304-4aba-a3c4-6da3d30bdd94
2023-08-31 10:29:38,975 [main] INFO  balancer.ContainerBalancerTask (ContainerBalancerTask.java:matchSourceWithTarget(722)) - ContainerBalancer matched source datanode 0da966ec-d304-4aba-a3c4-6da3d30bdd94 with target datanode 2d681fd5-2e55-4a11-859d-3964a107aab2 for container move.
2023-08-31 10:29:38,975 [main] INFO  balancer.ContainerBalancerTask (ContainerBalancerTask.java:processMoveSelection(569)) - ContainerBalancer is trying to move container #39 with size 4294967296B from source datanode 0da966ec-d304-4aba-a3c4-6da3d30bdd94 to target datanode 2d681fd5-2e55-4a11-859d-3964a107aab2
2023-08-31 10:29:38,975 [main] DEBUG balancer.ContainerBalancerTask (ContainerBalancerTask.java:lambda$moveContainer$3(837)) - Container move completed for container #39 from source 0da966ec-d304-4aba-a3c4-6da3d30bdd94 to target 2d681fd5-2e55-4a11-859d-3964a107aab2
2023-08-31 10:29:38,979 [main] DEBUG balancer.ContainerBalancerTask (ContainerBalancerTask.java:matchSourceWithTarget(708)) - ContainerBalancer is finding suitable target for source datanode 7b7a48f3-6e6c-40c8-bae0-dc076d7190a8
2023-08-31 10:29:38,979 [main] INFO  balancer.ContainerBalancerTask (ContainerBalancerTask.java:matchSourceWithTarget(722)) - ContainerBalancer matched source datanode 7b7a48f3-6e6c-40c8-bae0-dc076d7190a8 with target datanode 2d681fd5-2e55-4a11-859d-3964a107aab2 for container move.
2023-08-31 10:29:38,979 [main] INFO  balancer.ContainerBalancerTask (ContainerBalancerTask.java:processMoveSelection(569)) - ContainerBalancer is trying to move container #66 with size 3221225472B from source datanode 7b7a48f3-6e6c-40c8-bae0-dc076d7190a8 to target datanode 2d681fd5-2e55-4a11-859d-3964a107aab2
2023-08-31 10:29:38,979 [main] DEBUG balancer.ContainerBalancerTask (ContainerBalancerTask.java:lambda$moveContainer$3(837)) - Container move completed for container #66 from source 7b7a48f3-6e6c-40c8-bae0-dc076d7190a8 to target 2d681fd5-2e55-4a11-859d-3964a107aab2
2023-08-31 10:29:38,983 [main] DEBUG balancer.ContainerBalancerTask (ContainerBalancerTask.java:matchSourceWithTarget(708)) - ContainerBalancer is finding suitable target for source datanode 0fd63a37-cd50-44c6-a0ff-79fd9e4bfe1a
2023-08-31 10:29:38,983 [main] INFO  balancer.ContainerBalancerTask (ContainerBalancerTask.java:matchSourceWithTarget(722)) - ContainerBalancer matched source datanode 0fd63a37-cd50-44c6-a0ff-79fd9e4bfe1a with target datanode 2d681fd5-2e55-4a11-859d-3964a107aab2 for container move.
2023-08-31 10:29:38,983 [main] INFO  balancer.ContainerBalancerTask (ContainerBalancerTask.java:processMoveSelection(569)) - ContainerBalancer is trying to move container #86 with size 1073741824B from source datanode 0fd63a37-cd50-44c6-a0ff-79fd9e4bfe1a to target datanode 2d681fd5-2e55-4a11-859d-3964a107aab2
2023-08-31 10:29:38,983 [main] DEBUG balancer.ContainerBalancerTask (ContainerBalancerTask.java:lambda$moveContainer$3(837)) - Container move completed for container #86 from source 0fd63a37-cd50-44c6-a0ff-79fd9e4bfe1a to target 2d681fd5-2e55-4a11-859d-3964a107aab2
2023-08-31 10:29:38,983 [main] WARN  balancer.ContainerBalancerTask (ContainerBalancerTask.java:reachedMaxSizeToMovePerIteration(733)) - Reached max size to move limit. 53687091200 bytes have already been scheduled for balancing and the limit is 53687091200 bytes.
2023-08-31 10:29:38,984 [main] INFO  balancer.ContainerBalancerTask (ContainerBalancerTask.java:checkIterationMoveResults(642)) - Iteration Summary. Number of Datanodes involved: 5. Size moved: 50 GB (53687091200 Bytes). Number of Container moves completed: 13.
2023-08-31 10:29:38,984 [main] INFO  balancer.ContainerBalancerTask (ContainerBalancerTask.java:balance(259)) - Result of this iteration of Container Balancer: ITERATION_COMPLETED
2023-08-31 10:29:38,984 [main] INFO  balancer.ContainerBalancerTask (ContainerBalancerTask.java:tryStopWithSaveConfiguration(308)) - Save Configuration for stopping. Reason: Completed all iterations.
2023-08-31 10:29:38,985 [main] DEBUG balancer.ContainerBalancerTask (ContainerBalancerTask.java:initializeIteration(374)) - Average utilization of the cluster is 0.3844231587733851
2023-08-31 10:29:38,985 [main] DEBUG balancer.ContainerBalancerTask (ContainerBalancerTask.java:initializeIteration(386)) - Lower limit for utilization is -0.3661484303114548 and Upper limit for utilization is 1.134994747858225
2023-08-31 10:29:38,985 [main] DEBUG balancer.ContainerBalancerTask (ContainerBalancerTask.java:initializeIteration(398)) - Utilization for node 0fd63a37-cd50-44c6-a0ff-79fd9e4bfe1a with capacity 65617555911B, used 59055800320B, and remaining 6561755591B is 0.900000000001524
2023-08-31 10:29:38,985 [main] DEBUG balancer.ContainerBalancerTask (ContainerBalancerTask.java:initializeIteration(398)) - Utilization for node 7b7a48f3-6e6c-40c8-bae0-dc076d7190a8 with capacity 76504104960B, used 61203283968B, and remaining 15300820992B is 0.8
2023-08-31 10:29:38,985 [main] DEBUG balancer.ContainerBalancerTask (ContainerBalancerTask.java:initializeIteration(398)) - Utilization for node 0da966ec-d304-4aba-a3c4-6da3d30bdd94 with capacity 82831512137B, used 57982058496B, and remaining 24849453641B is 0.7000000000012073
2023-08-31 10:29:38,985 [main] DEBUG balancer.ContainerBalancerTask (ContainerBalancerTask.java:initializeIteration(398)) - Utilization for node 54a67142-cf3c-479c-a664-446e6b66c15b with capacity 55476660906B, used 33285996544B, and remaining 22190664362B is 0.6000000000072102
2023-08-31 10:29:38,985 [main] DEBUG balancer.ContainerBalancerTask (ContainerBalancerTask.java:initializeIteration(398)) - Utilization for node e4f2c464-f8de-4df4-9ba1-d9809d16eaa0 with capacity 96636764160B, used 48318382080B, and remaining 48318382080B is 0.5
2023-08-31 10:29:38,985 [main] DEBUG balancer.ContainerBalancerTask (ContainerBalancerTask.java:initializeIteration(398)) - Utilization for node 298e8999-667d-4130-a3f3-d54ad17f81af with capacity 99321118720B, used 39728447488B, and remaining 59592671232B is 0.4
2023-08-31 10:29:38,985 [main] DEBUG balancer.ContainerBalancerTask (ContainerBalancerTask.java:initializeIteration(398)) - Utilization for node ea5c1859-a2ef-4183-83ff-b7e36fcf01d4 with capacity 96636764160B, used 28991029248B, and remaining 67645734912B is 0.3
2023-08-31 10:29:38,986 [main] DEBUG balancer.ContainerBalancerTask (ContainerBalancerTask.java:initializeIteration(398)) - Utilization for node 0f36dd41-558e-4ec6-8642-9fd9e057ab75 with capacity 187904819200B, used 37580963840B, and remaining 150323855360B is 0.2
2023-08-31 10:29:38,986 [main] DEBUG balancer.ContainerBalancerTask (ContainerBalancerTask.java:initializeIteration(398)) - Utilization for node 2d681fd5-2e55-4a11-859d-3964a107aab2 with capacity 225485783040B, used 22548578304B, and remaining 202937204736B is 0.1
2023-08-31 10:29:38,986 [main] DEBUG balancer.ContainerBalancerTask (ContainerBalancerTask.java:initializeIteration(398)) - Utilization for node e4dd84d2-26e1-49fb-97da-c18f91d47e4d with capacity 24696061952B, used 0B, and remaining 24696061952B is 0.0
2023-08-31 10:29:38,986 [main] INFO  balancer.ContainerBalancerTask (ContainerBalancerTask.java:initializeIteration(443)) - Did not find any unbalanced Datanodes.
2023-08-31 10:29:38,986 [main] INFO  balancer.ContainerBalancerTask (ContainerBalancerTask.java:tryStopWithSaveConfiguration(308)) - Save Configuration for stopping. Reason: Could not initialize ContainerBalancer's iteration number 0
2023-08-31 10:29:38,987 [main] DEBUG balancer.ContainerBalancerTask (ContainerBalancerTask.java:initializeIteration(374)) - Average utilization of the cluster is 0.3844231587733851
2023-08-31 10:29:38,987 [main] DEBUG balancer.ContainerBalancerTask (ContainerBalancerTask.java:initializeIteration(386)) - Lower limit for utilization is -0.5203327218724714 and Upper limit for utilization is 1.2891790394192417
2023-08-31 10:29:38,987 [main] DEBUG balancer.ContainerBalancerTask (ContainerBalancerTask.java:initializeIteration(398)) - Utilization for node 0fd63a37-cd50-44c6-a0ff-79fd9e4bfe1a with capacity 65617555911B, used 59055800320B, and remaining 6561755591B is 0.900000000001524
2023-08-31 10:29:38,987 [main] DEBUG balancer.ContainerBalancerTask (ContainerBalancerTask.java:initializeIteration(398)) - Utilization for node 7b7a48f3-6e6c-40c8-bae0-dc076d7190a8 with capacity 76504104960B, used 61203283968B, and remaining 15300820992B is 0.8
2023-08-31 10:29:38,987 [main] DEBUG balancer.ContainerBalancerTask (ContainerBalancerTask.java:initializeIteration(398)) - Utilization for node 0da966ec-d304-4aba-a3c4-6da3d30bdd94 with capacity 82831512137B, used 57982058496B, and remaining 24849453641B is 0.7000000000012073
2023-08-31 10:29:38,987 [main] DEBUG balancer.ContainerBalancerTask (ContainerBalancerTask.java:initializeIteration(398)) - Utilization for node 54a67142-cf3c-479c-a664-446e6b66c15b with capacity 55476660906B, used 33285996544B, and remaining 22190664362B is 0.6000000000072102
2023-08-31 10:29:38,987 [main] DEBUG balancer.ContainerBalancerTask (ContainerBalancerTask.java:initializeIteration(398)) - Utilization for node e4f2c464-f8de-4df4-9ba1-d9809d16eaa0 with capacity 96636764160B, used 48318382080B, and remaining 48318382080B is 0.5
2023-08-31 10:29:38,987 [main] DEBUG balancer.ContainerBalancerTask (ContainerBalancerTask.java:initializeIteration(398)) - Utilization for node 298e8999-667d-4130-a3f3-d54ad17f81af with capacity 99321118720B, used 39728447488B, and remaining 59592671232B is 0.4
2023-08-31 10:29:38,987 [main] DEBUG balancer.ContainerBalancerTask (ContainerBalancerTask.java:initializeIteration(398)) - Utilization for node ea5c1859-a2ef-4183-83ff-b7e36fcf01d4 with capacity 96636764160B, used 28991029248B, and remaining 67645734912B is 0.3
2023-08-31 10:29:38,988 [main] DEBUG balancer.ContainerBalancerTask (ContainerBalancerTask.java:initializeIteration(398)) - Utilization for node 0f36dd41-558e-4ec6-8642-9fd9e057ab75 with capacity 187904819200B, used 37580963840B, and remaining 150323855360B is 0.2
2023-08-31 10:29:38,988 [main] DEBUG balancer.ContainerBalancerTask (ContainerBalancerTask.java:initializeIteration(398)) - Utilization for node 2d681fd5-2e55-4a11-859d-3964a107aab2 with capacity 225485783040B, used 22548578304B, and remaining 202937204736B is 0.1
2023-08-31 10:29:38,988 [main] DEBUG balancer.ContainerBalancerTask (ContainerBalancerTask.java:initializeIteration(398)) - Utilization for node e4dd84d2-26e1-49fb-97da-c18f91d47e4d with capacity 24696061952B, used 0B, and remaining 24696061952B is 0.0
2023-08-31 10:29:38,988 [main] INFO  balancer.ContainerBalancerTask (ContainerBalancerTask.java:initializeIteration(443)) - Did not find any unbalanced Datanodes.
2023-08-31 10:29:38,988 [main] INFO  balancer.ContainerBalancerTask (ContainerBalancerTask.java:tryStopWithSaveConfiguration(308)) - Save Configuration for stopping. Reason: Could not initialize ContainerBalancer's iteration number 0
2023-08-31 10:29:38,989 [main] DEBUG balancer.ContainerBalancerTask (ContainerBalancerTask.java:initializeIteration(374)) - Average utilization of the cluster is 0.3844231587733851
2023-08-31 10:29:38,989 [main] DEBUG balancer.ContainerBalancerTask (ContainerBalancerTask.java:initializeIteration(386)) - Lower limit for utilization is -0.11864101852027281 and Upper limit for utilization is 0.887487336067043
2023-08-31 10:29:38,989 [main] DEBUG balancer.ContainerBalancerTask (ContainerBalancerTask.java:initializeIteration(398)) - Utilization for node 0fd63a37-cd50-44c6-a0ff-79fd9e4bfe1a with capacity 65617555911B, used 59055800320B, and remaining 6561755591B is 0.900000000001524
2023-08-31 10:29:38,989 [main] DEBUG balancer.ContainerBalancerTask (ContainerBalancerTask.java:initializeIteration(398)) - Utilization for node 7b7a48f3-6e6c-40c8-bae0-dc076d7190a8 with capacity 76504104960B, used 61203283968B, and remaining 15300820992B is 0.8
2023-08-31 10:29:38,989 [main] DEBUG balancer.ContainerBalancerTask (ContainerBalancerTask.java:initializeIteration(398)) - Utilization for node 0da966ec-d304-4aba-a3c4-6da3d30bdd94 with capacity 82831512137B, used 57982058496B, and remaining 24849453641B is 0.7000000000012073
2023-08-31 10:29:38,989 [main] DEBUG balancer.ContainerBalancerTask (ContainerBalancerTask.java:initializeIteration(398)) - Utilization for node 54a67142-cf3c-479c-a664-446e6b66c15b with capacity 55476660906B, used 33285996544B, and remaining 22190664362B is 0.6000000000072102
2023-08-31 10:29:38,989 [main] DEBUG balancer.ContainerBalancerTask (ContainerBalancerTask.java:initializeIteration(398)) - Utilization for node e4f2c464-f8de-4df4-9ba1-d9809d16eaa0 with capacity 96636764160B, used 48318382080B, and remaining 48318382080B is 0.5
2023-08-31 10:29:38,989 [main] DEBUG balancer.ContainerBalancerTask (ContainerBalancerTask.java:initializeIteration(398)) - Utilization for node 298e8999-667d-4130-a3f3-d54ad17f81af with capacity 99321118720B, used 39728447488B, and remaining 59592671232B is 0.4
2023-08-31 10:29:38,989 [main] DEBUG balancer.ContainerBalancerTask (ContainerBalancerTask.java:initializeIteration(398)) - Utilization for node ea5c1859-a2ef-4183-83ff-b7e36fcf01d4 with capacity 96636764160B, used 28991029248B, and remaining 67645734912B is 0.3
2023-08-31 10:29:38,990 [main] DEBUG balancer.ContainerBalancerTask (ContainerBalancerTask.java:initializeIteration(398)) - Utilization for node 0f36dd41-558e-4ec6-8642-9fd9e057ab75 with capacity 187904819200B, used 37580963840B, and remaining 150323855360B is 0.2
2023-08-31 10:29:38,990 [main] DEBUG balancer.ContainerBalancerTask (ContainerBalancerTask.java:initializeIteration(398)) - Utilization for node 2d681fd5-2e55-4a11-859d-3964a107aab2 with capacity 225485783040B, used 22548578304B, and remaining 202937204736B is 0.1
2023-08-31 10:29:38,990 [main] DEBUG balancer.ContainerBalancerTask (ContainerBalancerTask.java:initializeIteration(398)) - Utilization for node e4dd84d2-26e1-49fb-97da-c18f91d47e4d with capacity 24696061952B, used 0B, and remaining 24696061952B is 0.0
2023-08-31 10:29:38,990 [main] INFO  balancer.ContainerBalancerTask (ContainerBalancerTask.java:initializeIteration(447)) - Container Balancer has identified 1 Over-Utilized and 0 Under-Utilized Datanodes that need to be balanced.
2023-08-31 10:29:38,990 [main] DEBUG balancer.ContainerBalancerTask (ContainerBalancerTask.java:lambda$initializeIteration$1(453)) - Datanode localhost-116.130.156.111 0fd63a37-cd50-44c6-a0ff-79fd9e4bfe1a is Over-Utilized.
2023-08-31 10:29:38,993 [main] DEBUG balancer.ContainerBalancerTask (ContainerBalancerTask.java:matchSourceWithTarget(708)) - ContainerBalancer is finding suitable target for source datanode 0fd63a37-cd50-44c6-a0ff-79fd9e4bfe1a
2023-08-31 10:29:38,993 [main] INFO  balancer.FindTargetGreedyByUsageInfo (AbstractFindTargetGreedy.java:findTargetForContainerMove(133)) - Container Balancer could not find a target for source datanode 0fd63a37-cd50-44c6-a0ff-79fd9e4bfe1a
2023-08-31 10:29:38,993 [main] DEBUG balancer.ContainerBalancerTask (ContainerBalancerTask.java:matchSourceWithTarget(717)) - ContainerBalancer could not find a suitable target for source node 0fd63a37-cd50-44c6-a0ff-79fd9e4bfe1a.
2023-08-31 10:29:38,993 [main] INFO  balancer.FindSourceGreedy (FindSourceGreedy.java:getNextCandidateSourceDataNode(126)) - no more candidate source data node
2023-08-31 10:29:38,993 [main] INFO  balancer.ContainerBalancerTask (ContainerBalancerTask.java:balance(259)) - Result of this iteration of Container Balancer: CAN_NOT_BALANCE_ANY_MORE
2023-08-31 10:29:38,994 [main] INFO  balancer.ContainerBalancerTask (ContainerBalancerTask.java:tryStopWithSaveConfiguration(308)) - Save Configuration for stopping. Reason: CAN_NOT_BALANCE_ANY_MORE
2023-08-31 10:29:38,994 [main] DEBUG balancer.ContainerBalancerTask (ContainerBalancerTask.java:initializeIteration(374)) - Average utilization of the cluster is 0.3844231587733851
2023-08-31 10:29:38,994 [main] DEBUG balancer.ContainerBalancerTask (ContainerBalancerTask.java:initializeIteration(386)) - Lower limit for utilization is -0.3779065371873655 and Upper limit for utilization is 1.1467528547341357
2023-08-31 10:29:38,995 [main] DEBUG balancer.ContainerBalancerTask (ContainerBalancerTask.java:initializeIteration(398)) - Utilization for node 0fd63a37-cd50-44c6-a0ff-79fd9e4bfe1a with capacity 65617555911B, used 59055800320B, and remaining 6561755591B is 0.900000000001524
2023-08-31 10:29:38,995 [main] DEBUG balancer.ContainerBalancerTask (ContainerBalancerTask.java:initializeIteration(398)) - Utilization for node 7b7a48f3-6e6c-40c8-bae0-dc076d7190a8 with capacity 76504104960B, used 61203283968B, and remaining 15300820992B is 0.8
2023-08-31 10:29:38,995 [main] DEBUG balancer.ContainerBalancerTask (ContainerBalancerTask.java:initializeIteration(398)) - Utilization for node 0da966ec-d304-4aba-a3c4-6da3d30bdd94 with capacity 82831512137B, used 57982058496B, and remaining 24849453641B is 0.7000000000012073
2023-08-31 10:29:38,995 [main] DEBUG balancer.ContainerBalancerTask (ContainerBalancerTask.java:initializeIteration(398)) - Utilization for node 54a67142-cf3c-479c-a664-446e6b66c15b with capacity 55476660906B, used 33285996544B, and remaining 22190664362B is 0.6000000000072102
2023-08-31 10:29:38,995 [main] DEBUG balancer.ContainerBalancerTask (ContainerBalancerTask.java:initializeIteration(398)) - Utilization for node e4f2c464-f8de-4df4-9ba1-d9809d16eaa0 with capacity 96636764160B, used 48318382080B, and remaining 48318382080B is 0.5
2023-08-31 10:29:38,995 [main] DEBUG balancer.ContainerBalancerTask (ContainerBalancerTask.java:initializeIteration(398)) - Utilization for node 298e8999-667d-4130-a3f3-d54ad17f81af with capacity 99321118720B, used 39728447488B, and remaining 59592671232B is 0.4
2023-08-31 10:29:38,995 [main] DEBUG balancer.ContainerBalancerTask (ContainerBalancerTask.java:initializeIteration(398)) - Utilization for node ea5c1859-a2ef-4183-83ff-b7e36fcf01d4 with capacity 96636764160B, used 28991029248B, and remaining 67645734912B is 0.3
2023-08-31 10:29:38,995 [main] DEBUG balancer.ContainerBalancerTask (ContainerBalancerTask.java:initializeIteration(398)) - Utilization for node 0f36dd41-558e-4ec6-8642-9fd9e057ab75 with capacity 187904819200B, used 37580963840B, and remaining 150323855360B is 0.2
2023-08-31 10:29:38,995 [main] DEBUG balancer.ContainerBalancerTask (ContainerBalancerTask.java:initializeIteration(398)) - Utilization for node 2d681fd5-2e55-4a11-859d-3964a107aab2 with capacity 225485783040B, used 22548578304B, and remaining 202937204736B is 0.1
2023-08-31 10:29:38,995 [main] DEBUG balancer.ContainerBalancerTask (ContainerBalancerTask.java:initializeIteration(398)) - Utilization for node e4dd84d2-26e1-49fb-97da-c18f91d47e4d with capacity 24696061952B, used 0B, and remaining 24696061952B is 0.0
2023-08-31 10:29:38,996 [main] INFO  balancer.ContainerBalancerTask (ContainerBalancerTask.java:initializeIteration(443)) - Did not find any unbalanced Datanodes.
2023-08-31 10:29:38,996 [main] INFO  balancer.ContainerBalancerTask (ContainerBalancerTask.java:tryStopWithSaveConfiguration(308)) - Save Configuration for stopping. Reason: Could not initialize ContainerBalancer's iteration number 0
2023-08-31 10:29:38,996 [main] DEBUG balancer.ContainerBalancerTask (ContainerBalancerTask.java:initializeIteration(374)) - Average utilization of the cluster is 0.3844231587733851
2023-08-31 10:29:38,996 [main] DEBUG balancer.ContainerBalancerTask (ContainerBalancerTask.java:initializeIteration(386)) - Lower limit for utilization is 0.34238618521347314 and Upper limit for utilization is 0.4264601323332971
2023-08-31 10:29:38,997 [main] DEBUG balancer.ContainerBalancerTask (ContainerBalancerTask.java:initializeIteration(398)) - Utilization for node 0fd63a37-cd50-44c6-a0ff-79fd9e4bfe1a with capacity 65617555911B, used 59055800320B, and remaining 6561755591B is 0.900000000001524
2023-08-31 10:29:38,997 [main] DEBUG balancer.ContainerBalancerTask (ContainerBalancerTask.java:initializeIteration(398)) - Utilization for node 7b7a48f3-6e6c-40c8-bae0-dc076d7190a8 with capacity 76504104960B, used 61203283968B, and remaining 15300820992B is 0.8
2023-08-31 10:29:38,997 [main] DEBUG balancer.ContainerBalancerTask (ContainerBalancerTask.java:initializeIteration(398)) - Utilization for node 0da966ec-d304-4aba-a3c4-6da3d30bdd94 with capacity 82831512137B, used 57982058496B, and remaining 24849453641B is 0.7000000000012073
2023-08-31 10:29:38,997 [main] DEBUG balancer.ContainerBalancerTask (ContainerBalancerTask.java:initializeIteration(398)) - Utilization for node 54a67142-cf3c-479c-a664-446e6b66c15b with capacity 55476660906B, used 33285996544B, and remaining 22190664362B is 0.6000000000072102
2023-08-31 10:29:38,997 [main] DEBUG balancer.ContainerBalancerTask (ContainerBalancerTask.java:initializeIteration(398)) - Utilization for node e4f2c464-f8de-4df4-9ba1-d9809d16eaa0 with capacity 96636764160B, used 48318382080B, and remaining 48318382080B is 0.5
2023-08-31 10:29:38,997 [main] DEBUG balancer.ContainerBalancerTask (ContainerBalancerTask.java:initializeIteration(398)) - Utilization for node 298e8999-667d-4130-a3f3-d54ad17f81af with capacity 99321118720B, used 39728447488B, and remaining 59592671232B is 0.4
2023-08-31 10:29:38,997 [main] DEBUG balancer.ContainerBalancerTask (ContainerBalancerTask.java:initializeIteration(398)) - Utilization for node ea5c1859-a2ef-4183-83ff-b7e36fcf01d4 with capacity 96636764160B, used 28991029248B, and remaining 67645734912B is 0.3
2023-08-31 10:29:38,997 [main] DEBUG balancer.ContainerBalancerTask (ContainerBalancerTask.java:initializeIteration(398)) - Utilization for node 0f36dd41-558e-4ec6-8642-9fd9e057ab75 with capacity 187904819200B, used 37580963840B, and remaining 150323855360B is 0.2
2023-08-31 10:29:38,997 [main] DEBUG balancer.ContainerBalancerTask (ContainerBalancerTask.java:initializeIteration(398)) - Utilization for node 2d681fd5-2e55-4a11-859d-3964a107aab2 with capacity 225485783040B, used 22548578304B, and remaining 202937204736B is 0.1
2023-08-31 10:29:39,000 [main] DEBUG balancer.ContainerBalancerTask (ContainerBalancerTask.java:initializeIteration(398)) - Utilization for node e4dd84d2-26e1-49fb-97da-c18f91d47e4d with capacity 24696061952B, used 0B, and remaining 24696061952B is 0.0
2023-08-31 10:29:39,000 [main] INFO  balancer.ContainerBalancerTask (ContainerBalancerTask.java:initializeIteration(447)) - Container Balancer has identified 5 Over-Utilized and 4 Under-Utilized Datanodes that need to be balanced.
2023-08-31 10:29:39,000 [main] DEBUG balancer.ContainerBalancerTask (ContainerBalancerTask.java:lambda$initializeIteration$1(453)) - Datanode localhost-116.130.156.111 0fd63a37-cd50-44c6-a0ff-79fd9e4bfe1a is Over-Utilized.
2023-08-31 10:29:39,000 [main] DEBUG balancer.ContainerBalancerTask (ContainerBalancerTask.java:lambda$initializeIteration$1(453)) - Datanode localhost-241.232.196.95 7b7a48f3-6e6c-40c8-bae0-dc076d7190a8 is Over-Utilized.
2023-08-31 10:29:39,000 [main] DEBUG balancer.ContainerBalancerTask (ContainerBalancerTask.java:lambda$initializeIteration$1(453)) - Datanode localhost-212.248.109.79 0da966ec-d304-4aba-a3c4-6da3d30bdd94 is Over-Utilized.
2023-08-31 10:29:39,000 [main] DEBUG balancer.ContainerBalancerTask (ContainerBalancerTask.java:lambda$initializeIteration$1(453)) - Datanode localhost-231.218.40.56 54a67142-cf3c-479c-a664-446e6b66c15b is Over-Utilized.
2023-08-31 10:29:39,000 [main] DEBUG balancer.ContainerBalancerTask (ContainerBalancerTask.java:lambda$initializeIteration$1(453)) - Datanode localhost-153.106.33.56 e4f2c464-f8de-4df4-9ba1-d9809d16eaa0 is Over-Utilized.
2023-08-31 10:29:39,000 [main] DEBUG balancer.ContainerBalancerTask (ContainerBalancerTask.java:lambda$initializeIteration$2(459)) - Datanode localhost-83.167.164.80 e4dd84d2-26e1-49fb-97da-c18f91d47e4d is Under-Utilized.
2023-08-31 10:29:39,000 [main] DEBUG balancer.ContainerBalancerTask (ContainerBalancerTask.java:lambda$initializeIteration$2(459)) - Datanode localhost-228.245.218.11 2d681fd5-2e55-4a11-859d-3964a107aab2 is Under-Utilized.
2023-08-31 10:29:39,001 [main] DEBUG balancer.ContainerBalancerTask (ContainerBalancerTask.java:lambda$initializeIteration$2(459)) - Datanode localhost-79.203.57.104 0f36dd41-558e-4ec6-8642-9fd9e057ab75 is Under-Utilized.
2023-08-31 10:29:39,001 [main] DEBUG balancer.ContainerBalancerTask (ContainerBalancerTask.java:lambda$initializeIteration$2(459)) - Datanode localhost-151.165.117.103 ea5c1859-a2ef-4183-83ff-b7e36fcf01d4 is Under-Utilized.
2023-08-31 10:29:39,004 [main] DEBUG balancer.ContainerBalancerTask (ContainerBalancerTask.java:matchSourceWithTarget(708)) - ContainerBalancer is finding suitable target for source datanode 0fd63a37-cd50-44c6-a0ff-79fd9e4bfe1a
2023-08-31 10:29:39,004 [main] INFO  balancer.ContainerBalancerTask (ContainerBalancerTask.java:matchSourceWithTarget(722)) - ContainerBalancer matched source datanode 0fd63a37-cd50-44c6-a0ff-79fd9e4bfe1a with target datanode e4dd84d2-26e1-49fb-97da-c18f91d47e4d for container move.
2023-08-31 10:29:39,004 [main] INFO  balancer.ContainerBalancerTask (ContainerBalancerTask.java:processMoveSelection(569)) - ContainerBalancer is trying to move container #85 with size 5368709120B from source datanode 0fd63a37-cd50-44c6-a0ff-79fd9e4bfe1a to target datanode e4dd84d2-26e1-49fb-97da-c18f91d47e4d
2023-08-31 10:29:39,004 [main] DEBUG balancer.ContainerBalancerTask (ContainerBalancerTask.java:lambda$moveContainer$3(837)) - Container move completed for container #85 from source 0fd63a37-cd50-44c6-a0ff-79fd9e4bfe1a to target e4dd84d2-26e1-49fb-97da-c18f91d47e4d
2023-08-31 10:29:39,007 [main] DEBUG balancer.ContainerBalancerTask (ContainerBalancerTask.java:matchSourceWithTarget(708)) - ContainerBalancer is finding suitable target for source datanode 0fd63a37-cd50-44c6-a0ff-79fd9e4bfe1a
2023-08-31 10:29:39,007 [main] INFO  balancer.ContainerBalancerTask (ContainerBalancerTask.java:matchSourceWithTarget(722)) - ContainerBalancer matched source datanode 0fd63a37-cd50-44c6-a0ff-79fd9e4bfe1a with target datanode 2d681fd5-2e55-4a11-859d-3964a107aab2 for container move.
2023-08-31 10:29:39,008 [main] INFO  balancer.ContainerBalancerTask (ContainerBalancerTask.java:processMoveSelection(569)) - ContainerBalancer is trying to move container #68 with size 5368709120B from source datanode 0fd63a37-cd50-44c6-a0ff-79fd9e4bfe1a to target datanode 2d681fd5-2e55-4a11-859d-3964a107aab2
2023-08-31 10:29:39,008 [main] DEBUG balancer.ContainerBalancerTask (ContainerBalancerTask.java:lambda$moveContainer$3(837)) - Container move completed for container #68 from source 0fd63a37-cd50-44c6-a0ff-79fd9e4bfe1a to target 2d681fd5-2e55-4a11-859d-3964a107aab2
2023-08-31 10:29:39,011 [main] DEBUG balancer.ContainerBalancerTask (ContainerBalancerTask.java:matchSourceWithTarget(708)) - ContainerBalancer is finding suitable target for source datanode 7b7a48f3-6e6c-40c8-bae0-dc076d7190a8
2023-08-31 10:29:39,011 [main] INFO  balancer.ContainerBalancerTask (ContainerBalancerTask.java:matchSourceWithTarget(722)) - ContainerBalancer matched source datanode 7b7a48f3-6e6c-40c8-bae0-dc076d7190a8 with target datanode 2d681fd5-2e55-4a11-859d-3964a107aab2 for container move.
2023-08-31 10:29:39,011 [main] INFO  balancer.ContainerBalancerTask (ContainerBalancerTask.java:processMoveSelection(569)) - ContainerBalancer is trying to move container #53 with size 5368709120B from source datanode 7b7a48f3-6e6c-40c8-bae0-dc076d7190a8 to target datanode 2d681fd5-2e55-4a11-859d-3964a107aab2
2023-08-31 10:29:39,012 [main] DEBUG balancer.ContainerBalancerTask (ContainerBalancerTask.java:lambda$moveContainer$3(837)) - Container move completed for container #53 from source 7b7a48f3-6e6c-40c8-bae0-dc076d7190a8 to target 2d681fd5-2e55-4a11-859d-3964a107aab2
2023-08-31 10:29:39,014 [main] DEBUG balancer.ContainerBalancerTask (ContainerBalancerTask.java:matchSourceWithTarget(708)) - ContainerBalancer is finding suitable target for source datanode 0fd63a37-cd50-44c6-a0ff-79fd9e4bfe1a
2023-08-31 10:29:39,015 [main] INFO  balancer.ContainerBalancerTask (ContainerBalancerTask.java:matchSourceWithTarget(722)) - ContainerBalancer matched source datanode 0fd63a37-cd50-44c6-a0ff-79fd9e4bfe1a with target datanode 2d681fd5-2e55-4a11-859d-3964a107aab2 for container move.
2023-08-31 10:29:39,015 [main] INFO  balancer.ContainerBalancerTask (ContainerBalancerTask.java:processMoveSelection(569)) - ContainerBalancer is trying to move container #29 with size 5368709120B from source datanode 0fd63a37-cd50-44c6-a0ff-79fd9e4bfe1a to target datanode 2d681fd5-2e55-4a11-859d-3964a107aab2
2023-08-31 10:29:39,015 [main] DEBUG balancer.ContainerBalancerTask (ContainerBalancerTask.java:lambda$moveContainer$3(837)) - Container move completed for container #29 from source 0fd63a37-cd50-44c6-a0ff-79fd9e4bfe1a to target 2d681fd5-2e55-4a11-859d-3964a107aab2
2023-08-31 10:29:39,018 [main] DEBUG balancer.ContainerBalancerTask (ContainerBalancerTask.java:matchSourceWithTarget(708)) - ContainerBalancer is finding suitable target for source datanode 7b7a48f3-6e6c-40c8-bae0-dc076d7190a8
2023-08-31 10:29:39,018 [main] INFO  balancer.ContainerBalancerTask (ContainerBalancerTask.java:matchSourceWithTarget(722)) - ContainerBalancer matched source datanode 7b7a48f3-6e6c-40c8-bae0-dc076d7190a8 with target datanode 2d681fd5-2e55-4a11-859d-3964a107aab2 for container move.
2023-08-31 10:29:39,018 [main] INFO  balancer.ContainerBalancerTask (ContainerBalancerTask.java:processMoveSelection(569)) - ContainerBalancer is trying to move container #84 with size 4294967296B from source datanode 7b7a48f3-6e6c-40c8-bae0-dc076d7190a8 to target datanode 2d681fd5-2e55-4a11-859d-3964a107aab2
2023-08-31 10:29:39,019 [main] DEBUG balancer.ContainerBalancerTask (ContainerBalancerTask.java:lambda$moveContainer$3(837)) - Container move completed for container #84 from source 7b7a48f3-6e6c-40c8-bae0-dc076d7190a8 to target 2d681fd5-2e55-4a11-859d-3964a107aab2
2023-08-31 10:29:39,022 [main] DEBUG balancer.ContainerBalancerTask (ContainerBalancerTask.java:matchSourceWithTarget(708)) - ContainerBalancer is finding suitable target for source datanode 0da966ec-d304-4aba-a3c4-6da3d30bdd94
2023-08-31 10:29:39,023 [main] INFO  balancer.ContainerBalancerTask (ContainerBalancerTask.java:matchSourceWithTarget(722)) - ContainerBalancer matched source datanode 0da966ec-d304-4aba-a3c4-6da3d30bdd94 with target datanode 2d681fd5-2e55-4a11-859d-3964a107aab2 for container move.
2023-08-31 10:29:39,023 [main] INFO  balancer.ContainerBalancerTask (ContainerBalancerTask.java:processMoveSelection(569)) - ContainerBalancer is trying to move container #67 with size 4294967296B from source datanode 0da966ec-d304-4aba-a3c4-6da3d30bdd94 to target datanode 2d681fd5-2e55-4a11-859d-3964a107aab2
2023-08-31 10:29:39,023 [main] DEBUG balancer.ContainerBalancerTask (ContainerBalancerTask.java:lambda$moveContainer$3(837)) - Container move completed for container #67 from source 0da966ec-d304-4aba-a3c4-6da3d30bdd94 to target 2d681fd5-2e55-4a11-859d-3964a107aab2
2023-08-31 10:29:39,026 [main] DEBUG balancer.ContainerBalancerTask (ContainerBalancerTask.java:matchSourceWithTarget(708)) - ContainerBalancer is finding suitable target for source datanode 7b7a48f3-6e6c-40c8-bae0-dc076d7190a8
2023-08-31 10:29:39,026 [main] INFO  balancer.ContainerBalancerTask (ContainerBalancerTask.java:matchSourceWithTarget(722)) - ContainerBalancer matched source datanode 7b7a48f3-6e6c-40c8-bae0-dc076d7190a8 with target datanode 0f36dd41-558e-4ec6-8642-9fd9e057ab75 for container move.
2023-08-31 10:29:39,027 [main] INFO  balancer.ContainerBalancerTask (ContainerBalancerTask.java:processMoveSelection(569)) - ContainerBalancer is trying to move container #71 with size 3221225472B from source datanode 7b7a48f3-6e6c-40c8-bae0-dc076d7190a8 to target datanode 0f36dd41-558e-4ec6-8642-9fd9e057ab75
2023-08-31 10:29:39,027 [main] DEBUG balancer.ContainerBalancerTask (ContainerBalancerTask.java:lambda$moveContainer$3(837)) - Container move completed for container #71 from source 7b7a48f3-6e6c-40c8-bae0-dc076d7190a8 to target 0f36dd41-558e-4ec6-8642-9fd9e057ab75
2023-08-31 10:29:39,030 [main] DEBUG balancer.ContainerBalancerTask (ContainerBalancerTask.java:matchSourceWithTarget(708)) - ContainerBalancer is finding suitable target for source datanode 0fd63a37-cd50-44c6-a0ff-79fd9e4bfe1a
2023-08-31 10:29:39,030 [main] INFO  balancer.ContainerBalancerTask (ContainerBalancerTask.java:matchSourceWithTarget(722)) - ContainerBalancer matched source datanode 0fd63a37-cd50-44c6-a0ff-79fd9e4bfe1a with target datanode 2d681fd5-2e55-4a11-859d-3964a107aab2 for container move.
2023-08-31 10:29:39,030 [main] INFO  balancer.ContainerBalancerTask (ContainerBalancerTask.java:processMoveSelection(569)) - ContainerBalancer is trying to move container #52 with size 4294967296B from source datanode 0fd63a37-cd50-44c6-a0ff-79fd9e4bfe1a to target datanode 2d681fd5-2e55-4a11-859d-3964a107aab2
2023-08-31 10:29:39,030 [main] DEBUG balancer.ContainerBalancerTask (ContainerBalancerTask.java:lambda$moveContainer$3(837)) - Container move completed for container #52 from source 0fd63a37-cd50-44c6-a0ff-79fd9e4bfe1a to target 2d681fd5-2e55-4a11-859d-3964a107aab2
2023-08-31 10:29:39,034 [main] DEBUG balancer.ContainerBalancerTask (ContainerBalancerTask.java:matchSourceWithTarget(708)) - ContainerBalancer is finding suitable target for source datanode 0da966ec-d304-4aba-a3c4-6da3d30bdd94
2023-08-31 10:29:39,035 [main] INFO  balancer.ContainerBalancerTask (ContainerBalancerTask.java:matchSourceWithTarget(722)) - ContainerBalancer matched source datanode 0da966ec-d304-4aba-a3c4-6da3d30bdd94 with target datanode 0f36dd41-558e-4ec6-8642-9fd9e057ab75 for container move.
2023-08-31 10:29:39,035 [main] INFO  balancer.ContainerBalancerTask (ContainerBalancerTask.java:processMoveSelection(569)) - ContainerBalancer is trying to move container #39 with size 4294967296B from source datanode 0da966ec-d304-4aba-a3c4-6da3d30bdd94 to target datanode 0f36dd41-558e-4ec6-8642-9fd9e057ab75
2023-08-31 10:29:39,035 [main] DEBUG balancer.ContainerBalancerTask (ContainerBalancerTask.java:lambda$moveContainer$3(837)) - Container move completed for container #39 from source 0da966ec-d304-4aba-a3c4-6da3d30bdd94 to target 0f36dd41-558e-4ec6-8642-9fd9e057ab75
2023-08-31 10:29:39,039 [main] DEBUG balancer.ContainerBalancerTask (ContainerBalancerTask.java:matchSourceWithTarget(708)) - ContainerBalancer is finding suitable target for source datanode 7b7a48f3-6e6c-40c8-bae0-dc076d7190a8
2023-08-31 10:29:39,039 [main] INFO  balancer.ContainerBalancerTask (ContainerBalancerTask.java:matchSourceWithTarget(722)) - ContainerBalancer matched source datanode 7b7a48f3-6e6c-40c8-bae0-dc076d7190a8 with target datanode e4dd84d2-26e1-49fb-97da-c18f91d47e4d for container move.
2023-08-31 10:29:39,039 [main] INFO  balancer.ContainerBalancerTask (ContainerBalancerTask.java:processMoveSelection(569)) - ContainerBalancer is trying to move container #89 with size 4294967296B from source datanode 7b7a48f3-6e6c-40c8-bae0-dc076d7190a8 to target datanode e4dd84d2-26e1-49fb-97da-c18f91d47e4d
2023-08-31 10:29:39,039 [main] DEBUG balancer.ContainerBalancerTask (ContainerBalancerTask.java:lambda$moveContainer$3(837)) - Container move completed for container #89 from source 7b7a48f3-6e6c-40c8-bae0-dc076d7190a8 to target e4dd84d2-26e1-49fb-97da-c18f91d47e4d
2023-08-31 10:29:39,042 [main] DEBUG balancer.ContainerBalancerTask (ContainerBalancerTask.java:matchSourceWithTarget(708)) - ContainerBalancer is finding suitable target for source datanode 54a67142-cf3c-479c-a664-446e6b66c15b
2023-08-31 10:29:39,042 [main] INFO  balancer.ContainerBalancerTask (ContainerBalancerTask.java:matchSourceWithTarget(722)) - ContainerBalancer matched source datanode 54a67142-cf3c-479c-a664-446e6b66c15b with target datanode 2d681fd5-2e55-4a11-859d-3964a107aab2 for container move.
2023-08-31 10:29:39,042 [main] INFO  balancer.ContainerBalancerTask (ContainerBalancerTask.java:processMoveSelection(569)) - ContainerBalancer is trying to move container #19 with size 4294967296B from source datanode 54a67142-cf3c-479c-a664-446e6b66c15b to target datanode 2d681fd5-2e55-4a11-859d-3964a107aab2
2023-08-31 10:29:39,042 [main] DEBUG balancer.ContainerBalancerTask (ContainerBalancerTask.java:lambda$moveContainer$3(837)) - Container move completed for container #19 from source 54a67142-cf3c-479c-a664-446e6b66c15b to target 2d681fd5-2e55-4a11-859d-3964a107aab2
2023-08-31 10:29:39,046 [main] DEBUG balancer.ContainerBalancerTask (ContainerBalancerTask.java:matchSourceWithTarget(708)) - ContainerBalancer is finding suitable target for source datanode 0da966ec-d304-4aba-a3c4-6da3d30bdd94
2023-08-31 10:29:39,046 [main] INFO  balancer.ContainerBalancerTask (ContainerBalancerTask.java:matchSourceWithTarget(722)) - ContainerBalancer matched source datanode 0da966ec-d304-4aba-a3c4-6da3d30bdd94 with target datanode 0f36dd41-558e-4ec6-8642-9fd9e057ab75 for container move.
2023-08-31 10:29:39,047 [main] INFO  balancer.ContainerBalancerTask (ContainerBalancerTask.java:processMoveSelection(569)) - ContainerBalancer is trying to move container #88 with size 3221225472B from source datanode 0da966ec-d304-4aba-a3c4-6da3d30bdd94 to target datanode 0f36dd41-558e-4ec6-8642-9fd9e057ab75
2023-08-31 10:29:39,047 [main] DEBUG balancer.ContainerBalancerTask (ContainerBalancerTask.java:lambda$moveContainer$3(837)) - Container move completed for container #88 from source 0da966ec-d304-4aba-a3c4-6da3d30bdd94 to target 0f36dd41-558e-4ec6-8642-9fd9e057ab75
2023-08-31 10:29:39,047 [main] WARN  balancer.ContainerBalancerTask (ContainerBalancerTask.java:reachedMaxSizeToMovePerIteration(733)) - Reached max size to move limit. 53687091200 bytes have already been scheduled for balancing and the limit is 53687091200 bytes.
2023-08-31 10:29:39,047 [main] INFO  balancer.ContainerBalancerTask (ContainerBalancerTask.java:checkIterationMoveResults(642)) - Iteration Summary. Number of Datanodes involved: 7. Size moved: 50 GB (53687091200 Bytes). Number of Container moves completed: 12.
2023-08-31 10:29:39,047 [main] INFO  balancer.ContainerBalancerTask (ContainerBalancerTask.java:balance(259)) - Result of this iteration of Container Balancer: ITERATION_COMPLETED
2023-08-31 10:29:39,047 [main] INFO  balancer.ContainerBalancerTask (ContainerBalancerTask.java:tryStopWithSaveConfiguration(308)) - Save Configuration for stopping. Reason: Completed all iterations.
2023-08-31 10:29:39,048 [main] DEBUG balancer.ContainerBalancerTask (ContainerBalancerTask.java:initializeIteration(374)) - Average utilization of the cluster is 0.3844231587733851
2023-08-31 10:29:39,048 [main] DEBUG balancer.ContainerBalancerTask (ContainerBalancerTask.java:initializeIteration(386)) - Lower limit for utilization is -0.5226026578890919 and Upper limit for utilization is 1.291448975435862
2023-08-31 10:29:39,048 [main] DEBUG balancer.ContainerBalancerTask (ContainerBalancerTask.java:initializeIteration(398)) - Utilization for node 0fd63a37-cd50-44c6-a0ff-79fd9e4bfe1a with capacity 65617555911B, used 59055800320B, and remaining 6561755591B is 0.900000000001524
2023-08-31 10:29:39,049 [main] DEBUG balancer.ContainerBalancerTask (ContainerBalancerTask.java:initializeIteration(398)) - Utilization for node 7b7a48f3-6e6c-40c8-bae0-dc076d7190a8 with capacity 76504104960B, used 61203283968B, and remaining 15300820992B is 0.8
2023-08-31 10:29:39,049 [main] DEBUG balancer.ContainerBalancerTask (ContainerBalancerTask.java:initializeIteration(398)) - Utilization for node 0da966ec-d304-4aba-a3c4-6da3d30bdd94 with capacity 82831512137B, used 57982058496B, and remaining 24849453641B is 0.7000000000012073
2023-08-31 10:29:39,049 [main] DEBUG balancer.ContainerBalancerTask (ContainerBalancerTask.java:initializeIteration(398)) - Utilization for node 54a67142-cf3c-479c-a664-446e6b66c15b with capacity 55476660906B, used 33285996544B, and remaining 22190664362B is 0.6000000000072102
2023-08-31 10:29:39,049 [main] DEBUG balancer.ContainerBalancerTask (ContainerBalancerTask.java:initializeIteration(398)) - Utilization for node e4f2c464-f8de-4df4-9ba1-d9809d16eaa0 with capacity 96636764160B, used 48318382080B, and remaining 48318382080B is 0.5
2023-08-31 10:29:39,049 [main] DEBUG balancer.ContainerBalancerTask (ContainerBalancerTask.java:initializeIteration(398)) - Utilization for node 298e8999-667d-4130-a3f3-d54ad17f81af with capacity 99321118720B, used 39728447488B, and remaining 59592671232B is 0.4
2023-08-31 10:29:39,049 [main] DEBUG balancer.ContainerBalancerTask (ContainerBalancerTask.java:initializeIteration(398)) - Utilization for node ea5c1859-a2ef-4183-83ff-b7e36fcf01d4 with capacity 96636764160B, used 28991029248B, and remaining 67645734912B is 0.3
2023-08-31 10:29:39,049 [main] DEBUG balancer.ContainerBalancerTask (ContainerBalancerTask.java:initializeIteration(398)) - Utilization for node 0f36dd41-558e-4ec6-8642-9fd9e057ab75 with capacity 187904819200B, used 37580963840B, and remaining 150323855360B is 0.2
2023-08-31 10:29:39,049 [main] DEBUG balancer.ContainerBalancerTask (ContainerBalancerTask.java:initializeIteration(398)) - Utilization for node 2d681fd5-2e55-4a11-859d-3964a107aab2 with capacity 225485783040B, used 22548578304B, and remaining 202937204736B is 0.1
2023-08-31 10:29:39,049 [main] DEBUG balancer.ContainerBalancerTask (ContainerBalancerTask.java:initializeIteration(398)) - Utilization for node e4dd84d2-26e1-49fb-97da-c18f91d47e4d with capacity 24696061952B, used 0B, and remaining 24696061952B is 0.0
2023-08-31 10:29:39,049 [main] INFO  balancer.ContainerBalancerTask (ContainerBalancerTask.java:initializeIteration(443)) - Did not find any unbalanced Datanodes.
2023-08-31 10:29:39,050 [main] INFO  balancer.ContainerBalancerTask (ContainerBalancerTask.java:tryStopWithSaveConfiguration(308)) - Save Configuration for stopping. Reason: Could not initialize ContainerBalancer's iteration number 0
2023-08-31 10:29:39,050 [main] DEBUG balancer.ContainerBalancerTask (ContainerBalancerTask.java:initializeIteration(374)) - Average utilization of the cluster is 0.3844231587733851
2023-08-31 10:29:39,050 [main] DEBUG balancer.ContainerBalancerTask (ContainerBalancerTask.java:initializeIteration(386)) - Lower limit for utilization is -0.14022880185432735 and Upper limit for utilization is 0.9090751194010975
2023-08-31 10:29:39,050 [main] DEBUG balancer.ContainerBalancerTask (ContainerBalancerTask.java:initializeIteration(398)) - Utilization for node 0fd63a37-cd50-44c6-a0ff-79fd9e4bfe1a with capacity 65617555911B, used 59055800320B, and remaining 6561755591B is 0.900000000001524
2023-08-31 10:29:39,051 [main] DEBUG balancer.ContainerBalancerTask (ContainerBalancerTask.java:initializeIteration(398)) - Utilization for node 7b7a48f3-6e6c-40c8-bae0-dc076d7190a8 with capacity 76504104960B, used 61203283968B, and remaining 15300820992B is 0.8
2023-08-31 10:29:39,051 [main] DEBUG balancer.ContainerBalancerTask (ContainerBalancerTask.java:initializeIteration(398)) - Utilization for node 0da966ec-d304-4aba-a3c4-6da3d30bdd94 with capacity 82831512137B, used 57982058496B, and remaining 24849453641B is 0.7000000000012073
2023-08-31 10:29:39,051 [main] DEBUG balancer.ContainerBalancerTask (ContainerBalancerTask.java:initializeIteration(398)) - Utilization for node 54a67142-cf3c-479c-a664-446e6b66c15b with capacity 55476660906B, used 33285996544B, and remaining 22190664362B is 0.6000000000072102
2023-08-31 10:29:39,051 [main] DEBUG balancer.ContainerBalancerTask (ContainerBalancerTask.java:initializeIteration(398)) - Utilization for node e4f2c464-f8de-4df4-9ba1-d9809d16eaa0 with capacity 96636764160B, used 48318382080B, and remaining 48318382080B is 0.5
2023-08-31 10:29:39,051 [main] DEBUG balancer.ContainerBalancerTask (ContainerBalancerTask.java:initializeIteration(398)) - Utilization for node 298e8999-667d-4130-a3f3-d54ad17f81af with capacity 99321118720B, used 39728447488B, and remaining 59592671232B is 0.4
2023-08-31 10:29:39,051 [main] DEBUG balancer.ContainerBalancerTask (ContainerBalancerTask.java:initializeIteration(398)) - Utilization for node ea5c1859-a2ef-4183-83ff-b7e36fcf01d4 with capacity 96636764160B, used 28991029248B, and remaining 67645734912B is 0.3
2023-08-31 10:29:39,051 [main] DEBUG balancer.ContainerBalancerTask (ContainerBalancerTask.java:initializeIteration(398)) - Utilization for node 0f36dd41-558e-4ec6-8642-9fd9e057ab75 with capacity 187904819200B, used 37580963840B, and remaining 150323855360B is 0.2
2023-08-31 10:29:39,051 [main] DEBUG balancer.ContainerBalancerTask (ContainerBalancerTask.java:initializeIteration(398)) - Utilization for node 2d681fd5-2e55-4a11-859d-3964a107aab2 with capacity 225485783040B, used 22548578304B, and remaining 202937204736B is 0.1
2023-08-31 10:29:39,051 [main] DEBUG balancer.ContainerBalancerTask (ContainerBalancerTask.java:initializeIteration(398)) - Utilization for node e4dd84d2-26e1-49fb-97da-c18f91d47e4d with capacity 24696061952B, used 0B, and remaining 24696061952B is 0.0
2023-08-31 10:29:39,051 [main] INFO  balancer.ContainerBalancerTask (ContainerBalancerTask.java:initializeIteration(443)) - Did not find any unbalanced Datanodes.
2023-08-31 10:29:39,052 [main] INFO  balancer.ContainerBalancerTask (ContainerBalancerTask.java:tryStopWithSaveConfiguration(308)) - Save Configuration for stopping. Reason: Could not initialize ContainerBalancer's iteration number 0
2023-08-31 10:29:39,052 [main] DEBUG balancer.ContainerBalancerTask (ContainerBalancerTask.java:initializeIteration(374)) - Average utilization of the cluster is 0.3844231587733851
2023-08-31 10:29:39,052 [main] DEBUG balancer.ContainerBalancerTask (ContainerBalancerTask.java:initializeIteration(386)) - Lower limit for utilization is -0.36789155141933144 and Upper limit for utilization is 1.1367378689661016
2023-08-31 10:29:39,053 [main] DEBUG balancer.ContainerBalancerTask (ContainerBalancerTask.java:initializeIteration(398)) - Utilization for node 0fd63a37-cd50-44c6-a0ff-79fd9e4bfe1a with capacity 65617555911B, used 59055800320B, and remaining 6561755591B is 0.900000000001524
2023-08-31 10:29:39,053 [main] DEBUG balancer.ContainerBalancerTask (ContainerBalancerTask.java:initializeIteration(398)) - Utilization for node 7b7a48f3-6e6c-40c8-bae0-dc076d7190a8 with capacity 76504104960B, used 61203283968B, and remaining 15300820992B is 0.8
2023-08-31 10:29:39,053 [main] DEBUG balancer.ContainerBalancerTask (ContainerBalancerTask.java:initializeIteration(398)) - Utilization for node 0da966ec-d304-4aba-a3c4-6da3d30bdd94 with capacity 82831512137B, used 57982058496B, and remaining 24849453641B is 0.7000000000012073
2023-08-31 10:29:39,053 [main] DEBUG balancer.ContainerBalancerTask (ContainerBalancerTask.java:initializeIteration(398)) - Utilization for node 54a67142-cf3c-479c-a664-446e6b66c15b with capacity 55476660906B, used 33285996544B, and remaining 22190664362B is 0.6000000000072102
2023-08-31 10:29:39,053 [main] DEBUG balancer.ContainerBalancerTask (ContainerBalancerTask.java:initializeIteration(398)) - Utilization for node e4f2c464-f8de-4df4-9ba1-d9809d16eaa0 with capacity 96636764160B, used 48318382080B, and remaining 48318382080B is 0.5
2023-08-31 10:29:39,053 [main] DEBUG balancer.ContainerBalancerTask (ContainerBalancerTask.java:initializeIteration(398)) - Utilization for node 298e8999-667d-4130-a3f3-d54ad17f81af with capacity 99321118720B, used 39728447488B, and remaining 59592671232B is 0.4
2023-08-31 10:29:39,053 [main] DEBUG balancer.ContainerBalancerTask (ContainerBalancerTask.java:initializeIteration(398)) - Utilization for node ea5c1859-a2ef-4183-83ff-b7e36fcf01d4 with capacity 96636764160B, used 28991029248B, and remaining 67645734912B is 0.3
2023-08-31 10:29:39,053 [main] DEBUG balancer.ContainerBalancerTask (ContainerBalancerTask.java:initializeIteration(398)) - Utilization for node 0f36dd41-558e-4ec6-8642-9fd9e057ab75 with capacity 187904819200B, used 37580963840B, and remaining 150323855360B is 0.2
2023-08-31 10:29:39,053 [main] DEBUG balancer.ContainerBalancerTask (ContainerBalancerTask.java:initializeIteration(398)) - Utilization for node 2d681fd5-2e55-4a11-859d-3964a107aab2 with capacity 225485783040B, used 22548578304B, and remaining 202937204736B is 0.1
2023-08-31 10:29:39,053 [main] DEBUG balancer.ContainerBalancerTask (ContainerBalancerTask.java:initializeIteration(398)) - Utilization for node e4dd84d2-26e1-49fb-97da-c18f91d47e4d with capacity 24696061952B, used 0B, and remaining 24696061952B is 0.0
2023-08-31 10:29:39,054 [main] INFO  balancer.ContainerBalancerTask (ContainerBalancerTask.java:initializeIteration(443)) - Did not find any unbalanced Datanodes.
2023-08-31 10:29:39,054 [main] INFO  balancer.ContainerBalancerTask (ContainerBalancerTask.java:tryStopWithSaveConfiguration(308)) - Save Configuration for stopping. Reason: Could not initialize ContainerBalancer's iteration number 0
2023-08-31 10:29:39,054 [main] DEBUG balancer.ContainerBalancerTask (ContainerBalancerTask.java:initializeIteration(374)) - Average utilization of the cluster is 0.3844231587733851
2023-08-31 10:29:39,054 [main] DEBUG balancer.ContainerBalancerTask (ContainerBalancerTask.java:initializeIteration(386)) - Lower limit for utilization is 0.1512068956943639 and Upper limit for utilization is 0.6176394218524064
2023-08-31 10:29:39,054 [main] DEBUG balancer.ContainerBalancerTask (ContainerBalancerTask.java:initializeIteration(398)) - Utilization for node 0fd63a37-cd50-44c6-a0ff-79fd9e4bfe1a with capacity 65617555911B, used 59055800320B, and remaining 6561755591B is 0.900000000001524
2023-08-31 10:29:39,055 [main] DEBUG balancer.ContainerBalancerTask (ContainerBalancerTask.java:initializeIteration(398)) - Utilization for node 7b7a48f3-6e6c-40c8-bae0-dc076d7190a8 with capacity 76504104960B, used 61203283968B, and remaining 15300820992B is 0.8
2023-08-31 10:29:39,055 [main] DEBUG balancer.ContainerBalancerTask (ContainerBalancerTask.java:initializeIteration(398)) - Utilization for node 0da966ec-d304-4aba-a3c4-6da3d30bdd94 with capacity 82831512137B, used 57982058496B, and remaining 24849453641B is 0.7000000000012073
2023-08-31 10:29:39,055 [main] DEBUG balancer.ContainerBalancerTask (ContainerBalancerTask.java:initializeIteration(398)) - Utilization for node 54a67142-cf3c-479c-a664-446e6b66c15b with capacity 55476660906B, used 33285996544B, and remaining 22190664362B is 0.6000000000072102
2023-08-31 10:29:39,055 [main] DEBUG balancer.ContainerBalancerTask (ContainerBalancerTask.java:initializeIteration(398)) - Utilization for node e4f2c464-f8de-4df4-9ba1-d9809d16eaa0 with capacity 96636764160B, used 48318382080B, and remaining 48318382080B is 0.5
2023-08-31 10:29:39,055 [main] DEBUG balancer.ContainerBalancerTask (ContainerBalancerTask.java:initializeIteration(398)) - Utilization for node 298e8999-667d-4130-a3f3-d54ad17f81af with capacity 99321118720B, used 39728447488B, and remaining 59592671232B is 0.4
2023-08-31 10:29:39,055 [main] DEBUG balancer.ContainerBalancerTask (ContainerBalancerTask.java:initializeIteration(398)) - Utilization for node ea5c1859-a2ef-4183-83ff-b7e36fcf01d4 with capacity 96636764160B, used 28991029248B, and remaining 67645734912B is 0.3
2023-08-31 10:29:39,055 [main] DEBUG balancer.ContainerBalancerTask (ContainerBalancerTask.java:initializeIteration(398)) - Utilization for node 0f36dd41-558e-4ec6-8642-9fd9e057ab75 with capacity 187904819200B, used 37580963840B, and remaining 150323855360B is 0.2
2023-08-31 10:29:39,055 [main] DEBUG balancer.ContainerBalancerTask (ContainerBalancerTask.java:initializeIteration(398)) - Utilization for node 2d681fd5-2e55-4a11-859d-3964a107aab2 with capacity 225485783040B, used 22548578304B, and remaining 202937204736B is 0.1
2023-08-31 10:29:39,055 [main] DEBUG balancer.ContainerBalancerTask (ContainerBalancerTask.java:initializeIteration(398)) - Utilization for node e4dd84d2-26e1-49fb-97da-c18f91d47e4d with capacity 24696061952B, used 0B, and remaining 24696061952B is 0.0
2023-08-31 10:29:39,055 [main] INFO  balancer.ContainerBalancerTask (ContainerBalancerTask.java:initializeIteration(447)) - Container Balancer has identified 3 Over-Utilized and 2 Under-Utilized Datanodes that need to be balanced.
2023-08-31 10:29:39,056 [main] DEBUG balancer.ContainerBalancerTask (ContainerBalancerTask.java:lambda$initializeIteration$1(453)) - Datanode localhost-116.130.156.111 0fd63a37-cd50-44c6-a0ff-79fd9e4bfe1a is Over-Utilized.
2023-08-31 10:29:39,056 [main] DEBUG balancer.ContainerBalancerTask (ContainerBalancerTask.java:lambda$initializeIteration$1(453)) - Datanode localhost-241.232.196.95 7b7a48f3-6e6c-40c8-bae0-dc076d7190a8 is Over-Utilized.
2023-08-31 10:29:39,056 [main] DEBUG balancer.ContainerBalancerTask (ContainerBalancerTask.java:lambda$initializeIteration$1(453)) - Datanode localhost-212.248.109.79 0da966ec-d304-4aba-a3c4-6da3d30bdd94 is Over-Utilized.
2023-08-31 10:29:39,056 [main] DEBUG balancer.ContainerBalancerTask (ContainerBalancerTask.java:lambda$initializeIteration$2(459)) - Datanode localhost-83.167.164.80 e4dd84d2-26e1-49fb-97da-c18f91d47e4d is Under-Utilized.
2023-08-31 10:29:39,056 [main] DEBUG balancer.ContainerBalancerTask (ContainerBalancerTask.java:lambda$initializeIteration$2(459)) - Datanode localhost-228.245.218.11 2d681fd5-2e55-4a11-859d-3964a107aab2 is Under-Utilized.
2023-08-31 10:29:39,059 [main] DEBUG balancer.ContainerBalancerTask (ContainerBalancerTask.java:matchSourceWithTarget(708)) - ContainerBalancer is finding suitable target for source datanode 0fd63a37-cd50-44c6-a0ff-79fd9e4bfe1a
2023-08-31 10:29:39,059 [main] INFO  balancer.ContainerBalancerTask (ContainerBalancerTask.java:matchSourceWithTarget(722)) - ContainerBalancer matched source datanode 0fd63a37-cd50-44c6-a0ff-79fd9e4bfe1a with target datanode e4dd84d2-26e1-49fb-97da-c18f91d47e4d for container move.
2023-08-31 10:29:39,059 [main] INFO  balancer.ContainerBalancerTask (ContainerBalancerTask.java:processMoveSelection(569)) - ContainerBalancer is trying to move container #85 with size 5368709120B from source datanode 0fd63a37-cd50-44c6-a0ff-79fd9e4bfe1a to target datanode e4dd84d2-26e1-49fb-97da-c18f91d47e4d
2023-08-31 10:29:39,059 [main] DEBUG balancer.ContainerBalancerTask (ContainerBalancerTask.java:lambda$moveContainer$3(837)) - Container move completed for container #85 from source 0fd63a37-cd50-44c6-a0ff-79fd9e4bfe1a to target e4dd84d2-26e1-49fb-97da-c18f91d47e4d
2023-08-31 10:29:39,062 [main] DEBUG balancer.ContainerBalancerTask (ContainerBalancerTask.java:matchSourceWithTarget(708)) - ContainerBalancer is finding suitable target for source datanode 0fd63a37-cd50-44c6-a0ff-79fd9e4bfe1a
2023-08-31 10:29:39,063 [main] INFO  balancer.ContainerBalancerTask (ContainerBalancerTask.java:matchSourceWithTarget(722)) - ContainerBalancer matched source datanode 0fd63a37-cd50-44c6-a0ff-79fd9e4bfe1a with target datanode 2d681fd5-2e55-4a11-859d-3964a107aab2 for container move.
2023-08-31 10:29:39,063 [main] INFO  balancer.ContainerBalancerTask (ContainerBalancerTask.java:processMoveSelection(569)) - ContainerBalancer is trying to move container #68 with size 5368709120B from source datanode 0fd63a37-cd50-44c6-a0ff-79fd9e4bfe1a to target datanode 2d681fd5-2e55-4a11-859d-3964a107aab2
2023-08-31 10:29:39,063 [main] DEBUG balancer.ContainerBalancerTask (ContainerBalancerTask.java:lambda$moveContainer$3(837)) - Container move completed for container #68 from source 0fd63a37-cd50-44c6-a0ff-79fd9e4bfe1a to target 2d681fd5-2e55-4a11-859d-3964a107aab2
2023-08-31 10:29:39,066 [main] DEBUG balancer.ContainerBalancerTask (ContainerBalancerTask.java:matchSourceWithTarget(708)) - ContainerBalancer is finding suitable target for source datanode 7b7a48f3-6e6c-40c8-bae0-dc076d7190a8
2023-08-31 10:29:39,066 [main] INFO  balancer.ContainerBalancerTask (ContainerBalancerTask.java:matchSourceWithTarget(722)) - ContainerBalancer matched source datanode 7b7a48f3-6e6c-40c8-bae0-dc076d7190a8 with target datanode 2d681fd5-2e55-4a11-859d-3964a107aab2 for container move.
2023-08-31 10:29:39,066 [main] INFO  balancer.ContainerBalancerTask (ContainerBalancerTask.java:processMoveSelection(569)) - ContainerBalancer is trying to move container #53 with size 5368709120B from source datanode 7b7a48f3-6e6c-40c8-bae0-dc076d7190a8 to target datanode 2d681fd5-2e55-4a11-859d-3964a107aab2
2023-08-31 10:29:39,067 [main] DEBUG balancer.ContainerBalancerTask (ContainerBalancerTask.java:lambda$moveContainer$3(837)) - Container move completed for container #53 from source 7b7a48f3-6e6c-40c8-bae0-dc076d7190a8 to target 2d681fd5-2e55-4a11-859d-3964a107aab2
2023-08-31 10:29:39,070 [main] DEBUG balancer.ContainerBalancerTask (ContainerBalancerTask.java:matchSourceWithTarget(708)) - ContainerBalancer is finding suitable target for source datanode 0fd63a37-cd50-44c6-a0ff-79fd9e4bfe1a
2023-08-31 10:29:39,070 [main] INFO  balancer.ContainerBalancerTask (ContainerBalancerTask.java:matchSourceWithTarget(722)) - ContainerBalancer matched source datanode 0fd63a37-cd50-44c6-a0ff-79fd9e4bfe1a with target datanode 2d681fd5-2e55-4a11-859d-3964a107aab2 for container move.
2023-08-31 10:29:39,070 [main] INFO  balancer.ContainerBalancerTask (ContainerBalancerTask.java:processMoveSelection(569)) - ContainerBalancer is trying to move container #29 with size 5368709120B from source datanode 0fd63a37-cd50-44c6-a0ff-79fd9e4bfe1a to target datanode 2d681fd5-2e55-4a11-859d-3964a107aab2
2023-08-31 10:29:39,070 [main] DEBUG balancer.ContainerBalancerTask (ContainerBalancerTask.java:lambda$moveContainer$3(837)) - Container move completed for container #29 from source 0fd63a37-cd50-44c6-a0ff-79fd9e4bfe1a to target 2d681fd5-2e55-4a11-859d-3964a107aab2
2023-08-31 10:29:39,073 [main] DEBUG balancer.ContainerBalancerTask (ContainerBalancerTask.java:matchSourceWithTarget(708)) - ContainerBalancer is finding suitable target for source datanode 7b7a48f3-6e6c-40c8-bae0-dc076d7190a8
2023-08-31 10:29:39,074 [main] INFO  balancer.ContainerBalancerTask (ContainerBalancerTask.java:matchSourceWithTarget(722)) - ContainerBalancer matched source datanode 7b7a48f3-6e6c-40c8-bae0-dc076d7190a8 with target datanode 2d681fd5-2e55-4a11-859d-3964a107aab2 for container move.
2023-08-31 10:29:39,074 [main] INFO  balancer.ContainerBalancerTask (ContainerBalancerTask.java:processMoveSelection(569)) - ContainerBalancer is trying to move container #84 with size 4294967296B from source datanode 7b7a48f3-6e6c-40c8-bae0-dc076d7190a8 to target datanode 2d681fd5-2e55-4a11-859d-3964a107aab2
2023-08-31 10:29:39,074 [main] DEBUG balancer.ContainerBalancerTask (ContainerBalancerTask.java:lambda$moveContainer$3(837)) - Container move completed for container #84 from source 7b7a48f3-6e6c-40c8-bae0-dc076d7190a8 to target 2d681fd5-2e55-4a11-859d-3964a107aab2
2023-08-31 10:29:39,077 [main] DEBUG balancer.ContainerBalancerTask (ContainerBalancerTask.java:matchSourceWithTarget(708)) - ContainerBalancer is finding suitable target for source datanode 0da966ec-d304-4aba-a3c4-6da3d30bdd94
2023-08-31 10:29:39,078 [main] INFO  balancer.ContainerBalancerTask (ContainerBalancerTask.java:matchSourceWithTarget(722)) - ContainerBalancer matched source datanode 0da966ec-d304-4aba-a3c4-6da3d30bdd94 with target datanode 2d681fd5-2e55-4a11-859d-3964a107aab2 for container move.
2023-08-31 10:29:39,078 [main] INFO  balancer.ContainerBalancerTask (ContainerBalancerTask.java:processMoveSelection(569)) - ContainerBalancer is trying to move container #67 with size 4294967296B from source datanode 0da966ec-d304-4aba-a3c4-6da3d30bdd94 to target datanode 2d681fd5-2e55-4a11-859d-3964a107aab2
2023-08-31 10:29:39,078 [main] DEBUG balancer.ContainerBalancerTask (ContainerBalancerTask.java:lambda$moveContainer$3(837)) - Container move completed for container #67 from source 0da966ec-d304-4aba-a3c4-6da3d30bdd94 to target 2d681fd5-2e55-4a11-859d-3964a107aab2
2023-08-31 10:29:39,081 [main] DEBUG balancer.ContainerBalancerTask (ContainerBalancerTask.java:matchSourceWithTarget(708)) - ContainerBalancer is finding suitable target for source datanode 7b7a48f3-6e6c-40c8-bae0-dc076d7190a8
2023-08-31 10:29:39,081 [main] INFO  balancer.ContainerBalancerTask (ContainerBalancerTask.java:matchSourceWithTarget(722)) - ContainerBalancer matched source datanode 7b7a48f3-6e6c-40c8-bae0-dc076d7190a8 with target datanode 2d681fd5-2e55-4a11-859d-3964a107aab2 for container move.
2023-08-31 10:29:39,082 [main] INFO  balancer.ContainerBalancerTask (ContainerBalancerTask.java:processMoveSelection(569)) - ContainerBalancer is trying to move container #83 with size 3221225472B from source datanode 7b7a48f3-6e6c-40c8-bae0-dc076d7190a8 to target datanode 2d681fd5-2e55-4a11-859d-3964a107aab2
2023-08-31 10:29:39,082 [main] DEBUG balancer.ContainerBalancerTask (ContainerBalancerTask.java:lambda$moveContainer$3(837)) - Container move completed for container #83 from source 7b7a48f3-6e6c-40c8-bae0-dc076d7190a8 to target 2d681fd5-2e55-4a11-859d-3964a107aab2
2023-08-31 10:29:39,085 [main] DEBUG balancer.ContainerBalancerTask (ContainerBalancerTask.java:matchSourceWithTarget(708)) - ContainerBalancer is finding suitable target for source datanode 0fd63a37-cd50-44c6-a0ff-79fd9e4bfe1a
2023-08-31 10:29:39,085 [main] INFO  balancer.ContainerBalancerTask (ContainerBalancerTask.java:matchSourceWithTarget(722)) - ContainerBalancer matched source datanode 0fd63a37-cd50-44c6-a0ff-79fd9e4bfe1a with target datanode e4dd84d2-26e1-49fb-97da-c18f91d47e4d for container move.
2023-08-31 10:29:39,085 [main] INFO  balancer.ContainerBalancerTask (ContainerBalancerTask.java:processMoveSelection(569)) - ContainerBalancer is trying to move container #89 with size 4294967296B from source datanode 0fd63a37-cd50-44c6-a0ff-79fd9e4bfe1a to target datanode e4dd84d2-26e1-49fb-97da-c18f91d47e4d
2023-08-31 10:29:39,085 [main] DEBUG balancer.ContainerBalancerTask (ContainerBalancerTask.java:lambda$moveContainer$3(837)) - Container move completed for container #89 from source 0fd63a37-cd50-44c6-a0ff-79fd9e4bfe1a to target e4dd84d2-26e1-49fb-97da-c18f91d47e4d
2023-08-31 10:29:39,089 [main] DEBUG balancer.ContainerBalancerTask (ContainerBalancerTask.java:matchSourceWithTarget(708)) - ContainerBalancer is finding suitable target for source datanode 0da966ec-d304-4aba-a3c4-6da3d30bdd94
2023-08-31 10:29:39,089 [main] INFO  balancer.ContainerBalancerTask (ContainerBalancerTask.java:matchSourceWithTarget(722)) - ContainerBalancer matched source datanode 0da966ec-d304-4aba-a3c4-6da3d30bdd94 with target datanode 2d681fd5-2e55-4a11-859d-3964a107aab2 for container move.
2023-08-31 10:29:39,089 [main] INFO  balancer.ContainerBalancerTask (ContainerBalancerTask.java:processMoveSelection(569)) - ContainerBalancer is trying to move container #52 with size 4294967296B from source datanode 0da966ec-d304-4aba-a3c4-6da3d30bdd94 to target datanode 2d681fd5-2e55-4a11-859d-3964a107aab2
2023-08-31 10:29:39,090 [main] DEBUG balancer.ContainerBalancerTask (ContainerBalancerTask.java:lambda$moveContainer$3(837)) - Container move completed for container #52 from source 0da966ec-d304-4aba-a3c4-6da3d30bdd94 to target 2d681fd5-2e55-4a11-859d-3964a107aab2
2023-08-31 10:29:39,093 [main] DEBUG balancer.ContainerBalancerTask (ContainerBalancerTask.java:matchSourceWithTarget(708)) - ContainerBalancer is finding suitable target for source datanode 7b7a48f3-6e6c-40c8-bae0-dc076d7190a8
2023-08-31 10:29:39,093 [main] INFO  balancer.ContainerBalancerTask (ContainerBalancerTask.java:matchSourceWithTarget(722)) - ContainerBalancer matched source datanode 7b7a48f3-6e6c-40c8-bae0-dc076d7190a8 with target datanode 2d681fd5-2e55-4a11-859d-3964a107aab2 for container move.
2023-08-31 10:29:39,093 [main] INFO  balancer.ContainerBalancerTask (ContainerBalancerTask.java:processMoveSelection(569)) - ContainerBalancer is trying to move container #71 with size 3221225472B from source datanode 7b7a48f3-6e6c-40c8-bae0-dc076d7190a8 to target datanode 2d681fd5-2e55-4a11-859d-3964a107aab2
2023-08-31 10:29:39,093 [main] DEBUG balancer.ContainerBalancerTask (ContainerBalancerTask.java:lambda$moveContainer$3(837)) - Container move completed for container #71 from source 7b7a48f3-6e6c-40c8-bae0-dc076d7190a8 to target 2d681fd5-2e55-4a11-859d-3964a107aab2
2023-08-31 10:29:39,097 [main] DEBUG balancer.ContainerBalancerTask (ContainerBalancerTask.java:matchSourceWithTarget(708)) - ContainerBalancer is finding suitable target for source datanode 0da966ec-d304-4aba-a3c4-6da3d30bdd94
2023-08-31 10:29:39,098 [main] INFO  balancer.ContainerBalancerTask (ContainerBalancerTask.java:matchSourceWithTarget(722)) - ContainerBalancer matched source datanode 0da966ec-d304-4aba-a3c4-6da3d30bdd94 with target datanode 2d681fd5-2e55-4a11-859d-3964a107aab2 for container move.
2023-08-31 10:29:39,098 [main] INFO  balancer.ContainerBalancerTask (ContainerBalancerTask.java:processMoveSelection(569)) - ContainerBalancer is trying to move container #39 with size 4294967296B from source datanode 0da966ec-d304-4aba-a3c4-6da3d30bdd94 to target datanode 2d681fd5-2e55-4a11-859d-3964a107aab2
2023-08-31 10:29:39,098 [main] DEBUG balancer.ContainerBalancerTask (ContainerBalancerTask.java:lambda$moveContainer$3(837)) - Container move completed for container #39 from source 0da966ec-d304-4aba-a3c4-6da3d30bdd94 to target 2d681fd5-2e55-4a11-859d-3964a107aab2
2023-08-31 10:29:39,101 [main] DEBUG balancer.ContainerBalancerTask (ContainerBalancerTask.java:matchSourceWithTarget(708)) - ContainerBalancer is finding suitable target for source datanode 7b7a48f3-6e6c-40c8-bae0-dc076d7190a8
2023-08-31 10:29:39,101 [main] INFO  balancer.ContainerBalancerTask (ContainerBalancerTask.java:matchSourceWithTarget(722)) - ContainerBalancer matched source datanode 7b7a48f3-6e6c-40c8-bae0-dc076d7190a8 with target datanode 2d681fd5-2e55-4a11-859d-3964a107aab2 for container move.
2023-08-31 10:29:39,102 [main] INFO  balancer.ContainerBalancerTask (ContainerBalancerTask.java:processMoveSelection(569)) - ContainerBalancer is trying to move container #66 with size 3221225472B from source datanode 7b7a48f3-6e6c-40c8-bae0-dc076d7190a8 to target datanode 2d681fd5-2e55-4a11-859d-3964a107aab2
2023-08-31 10:29:39,102 [main] DEBUG balancer.ContainerBalancerTask (ContainerBalancerTask.java:lambda$moveContainer$3(837)) - Container move completed for container #66 from source 7b7a48f3-6e6c-40c8-bae0-dc076d7190a8 to target 2d681fd5-2e55-4a11-859d-3964a107aab2
2023-08-31 10:29:39,105 [main] DEBUG balancer.ContainerBalancerTask (ContainerBalancerTask.java:matchSourceWithTarget(708)) - ContainerBalancer is finding suitable target for source datanode 0fd63a37-cd50-44c6-a0ff-79fd9e4bfe1a
2023-08-31 10:29:39,105 [main] INFO  balancer.ContainerBalancerTask (ContainerBalancerTask.java:matchSourceWithTarget(722)) - ContainerBalancer matched source datanode 0fd63a37-cd50-44c6-a0ff-79fd9e4bfe1a with target datanode 2d681fd5-2e55-4a11-859d-3964a107aab2 for container move.
2023-08-31 10:29:39,105 [main] INFO  balancer.ContainerBalancerTask (ContainerBalancerTask.java:processMoveSelection(569)) - ContainerBalancer is trying to move container #86 with size 1073741824B from source datanode 0fd63a37-cd50-44c6-a0ff-79fd9e4bfe1a to target datanode 2d681fd5-2e55-4a11-859d-3964a107aab2
2023-08-31 10:29:39,105 [main] DEBUG balancer.ContainerBalancerTask (ContainerBalancerTask.java:lambda$moveContainer$3(837)) - Container move completed for container #86 from source 0fd63a37-cd50-44c6-a0ff-79fd9e4bfe1a to target 2d681fd5-2e55-4a11-859d-3964a107aab2
2023-08-31 10:29:39,106 [main] WARN  balancer.ContainerBalancerTask (ContainerBalancerTask.java:reachedMaxSizeToMovePerIteration(733)) - Reached max size to move limit. 53687091200 bytes have already been scheduled for balancing and the limit is 53687091200 bytes.
2023-08-31 10:29:39,106 [main] INFO  balancer.ContainerBalancerTask (ContainerBalancerTask.java:checkIterationMoveResults(642)) - Iteration Summary. Number of Datanodes involved: 5. Size moved: 50 GB (53687091200 Bytes). Number of Container moves completed: 13.
2023-08-31 10:29:39,106 [main] INFO  balancer.ContainerBalancerTask (ContainerBalancerTask.java:balance(259)) - Result of this iteration of Container Balancer: ITERATION_COMPLETED
2023-08-31 10:29:39,106 [main] INFO  balancer.ContainerBalancerTask (ContainerBalancerTask.java:tryStopWithSaveConfiguration(308)) - Save Configuration for stopping. Reason: Completed all iterations.
2023-08-31 10:29:39,107 [main] DEBUG balancer.ContainerBalancerTask (ContainerBalancerTask.java:initializeIteration(374)) - Average utilization of the cluster is 0.3844231587733851
2023-08-31 10:29:39,107 [main] DEBUG balancer.ContainerBalancerTask (ContainerBalancerTask.java:initializeIteration(386)) - Lower limit for utilization is -0.42531333905162744 and Upper limit for utilization is 1.1941596565983976
2023-08-31 10:29:39,107 [main] DEBUG balancer.ContainerBalancerTask (ContainerBalancerTask.java:initializeIteration(398)) - Utilization for node 0fd63a37-cd50-44c6-a0ff-79fd9e4bfe1a with capacity 65617555911B, used 59055800320B, and remaining 6561755591B is 0.900000000001524
2023-08-31 10:29:39,107 [main] DEBUG balancer.ContainerBalancerTask (ContainerBalancerTask.java:initializeIteration(398)) - Utilization for node 7b7a48f3-6e6c-40c8-bae0-dc076d7190a8 with capacity 76504104960B, used 61203283968B, and remaining 15300820992B is 0.8
2023-08-31 10:29:39,107 [main] DEBUG balancer.ContainerBalancerTask (ContainerBalancerTask.java:initializeIteration(398)) - Utilization for node 0da966ec-d304-4aba-a3c4-6da3d30bdd94 with capacity 82831512137B, used 57982058496B, and remaining 24849453641B is 0.7000000000012073
2023-08-31 10:29:39,107 [main] DEBUG balancer.ContainerBalancerTask (ContainerBalancerTask.java:initializeIteration(398)) - Utilization for node 54a67142-cf3c-479c-a664-446e6b66c15b with capacity 55476660906B, used 33285996544B, and remaining 22190664362B is 0.6000000000072102
2023-08-31 10:29:39,107 [main] DEBUG balancer.ContainerBalancerTask (ContainerBalancerTask.java:initializeIteration(398)) - Utilization for node e4f2c464-f8de-4df4-9ba1-d9809d16eaa0 with capacity 96636764160B, used 48318382080B, and remaining 48318382080B is 0.5
2023-08-31 10:29:39,108 [main] DEBUG balancer.ContainerBalancerTask (ContainerBalancerTask.java:initializeIteration(398)) - Utilization for node 298e8999-667d-4130-a3f3-d54ad17f81af with capacity 99321118720B, used 39728447488B, and remaining 59592671232B is 0.4
2023-08-31 10:29:39,108 [main] DEBUG balancer.ContainerBalancerTask (ContainerBalancerTask.java:initializeIteration(398)) - Utilization for node ea5c1859-a2ef-4183-83ff-b7e36fcf01d4 with capacity 96636764160B, used 28991029248B, and remaining 67645734912B is 0.3
2023-08-31 10:29:39,108 [main] DEBUG balancer.ContainerBalancerTask (ContainerBalancerTask.java:initializeIteration(398)) - Utilization for node 0f36dd41-558e-4ec6-8642-9fd9e057ab75 with capacity 187904819200B, used 37580963840B, and remaining 150323855360B is 0.2
2023-08-31 10:29:39,108 [main] DEBUG balancer.ContainerBalancerTask (ContainerBalancerTask.java:initializeIteration(398)) - Utilization for node 2d681fd5-2e55-4a11-859d-3964a107aab2 with capacity 225485783040B, used 22548578304B, and remaining 202937204736B is 0.1
2023-08-31 10:29:39,108 [main] DEBUG balancer.ContainerBalancerTask (ContainerBalancerTask.java:initializeIteration(398)) - Utilization for node e4dd84d2-26e1-49fb-97da-c18f91d47e4d with capacity 24696061952B, used 0B, and remaining 24696061952B is 0.0
2023-08-31 10:29:39,108 [main] INFO  balancer.ContainerBalancerTask (ContainerBalancerTask.java:initializeIteration(443)) - Did not find any unbalanced Datanodes.
2023-08-31 10:29:39,108 [main] INFO  balancer.ContainerBalancerTask (ContainerBalancerTask.java:tryStopWithSaveConfiguration(308)) - Save Configuration for stopping. Reason: Could not initialize ContainerBalancer's iteration number 0
2023-08-31 10:29:39,109 [main] DEBUG balancer.ContainerBalancerTask (ContainerBalancerTask.java:initializeIteration(374)) - Average utilization of the cluster is 0.3844231587733851
2023-08-31 10:29:39,109 [main] DEBUG balancer.ContainerBalancerTask (ContainerBalancerTask.java:initializeIteration(386)) - Lower limit for utilization is -0.009646327442851155 and Upper limit for utilization is 0.7784926449896215
2023-08-31 10:29:39,109 [main] DEBUG balancer.ContainerBalancerTask (ContainerBalancerTask.java:initializeIteration(398)) - Utilization for node 0fd63a37-cd50-44c6-a0ff-79fd9e4bfe1a with capacity 65617555911B, used 59055800320B, and remaining 6561755591B is 0.900000000001524
2023-08-31 10:29:39,109 [main] DEBUG balancer.ContainerBalancerTask (ContainerBalancerTask.java:initializeIteration(398)) - Utilization for node 7b7a48f3-6e6c-40c8-bae0-dc076d7190a8 with capacity 76504104960B, used 61203283968B, and remaining 15300820992B is 0.8
2023-08-31 10:29:39,109 [main] DEBUG balancer.ContainerBalancerTask (ContainerBalancerTask.java:initializeIteration(398)) - Utilization for node 0da966ec-d304-4aba-a3c4-6da3d30bdd94 with capacity 82831512137B, used 57982058496B, and remaining 24849453641B is 0.7000000000012073
2023-08-31 10:29:39,109 [main] DEBUG balancer.ContainerBalancerTask (ContainerBalancerTask.java:initializeIteration(398)) - Utilization for node 54a67142-cf3c-479c-a664-446e6b66c15b with capacity 55476660906B, used 33285996544B, and remaining 22190664362B is 0.6000000000072102
2023-08-31 10:29:39,109 [main] DEBUG balancer.ContainerBalancerTask (ContainerBalancerTask.java:initializeIteration(398)) - Utilization for node e4f2c464-f8de-4df4-9ba1-d9809d16eaa0 with capacity 96636764160B, used 48318382080B, and remaining 48318382080B is 0.5
2023-08-31 10:29:39,110 [main] DEBUG balancer.ContainerBalancerTask (ContainerBalancerTask.java:initializeIteration(398)) - Utilization for node 298e8999-667d-4130-a3f3-d54ad17f81af with capacity 99321118720B, used 39728447488B, and remaining 59592671232B is 0.4
2023-08-31 10:29:39,110 [main] DEBUG balancer.ContainerBalancerTask (ContainerBalancerTask.java:initializeIteration(398)) - Utilization for node ea5c1859-a2ef-4183-83ff-b7e36fcf01d4 with capacity 96636764160B, used 28991029248B, and remaining 67645734912B is 0.3
2023-08-31 10:29:39,110 [main] DEBUG balancer.ContainerBalancerTask (ContainerBalancerTask.java:initializeIteration(398)) - Utilization for node 0f36dd41-558e-4ec6-8642-9fd9e057ab75 with capacity 187904819200B, used 37580963840B, and remaining 150323855360B is 0.2
2023-08-31 10:29:39,110 [main] DEBUG balancer.ContainerBalancerTask (ContainerBalancerTask.java:initializeIteration(398)) - Utilization for node 2d681fd5-2e55-4a11-859d-3964a107aab2 with capacity 225485783040B, used 22548578304B, and remaining 202937204736B is 0.1
2023-08-31 10:29:39,110 [main] DEBUG balancer.ContainerBalancerTask (ContainerBalancerTask.java:initializeIteration(398)) - Utilization for node e4dd84d2-26e1-49fb-97da-c18f91d47e4d with capacity 24696061952B, used 0B, and remaining 24696061952B is 0.0
2023-08-31 10:29:39,110 [main] INFO  balancer.ContainerBalancerTask (ContainerBalancerTask.java:initializeIteration(447)) - Container Balancer has identified 2 Over-Utilized and 0 Under-Utilized Datanodes that need to be balanced.
2023-08-31 10:29:39,110 [main] DEBUG balancer.ContainerBalancerTask (ContainerBalancerTask.java:lambda$initializeIteration$1(453)) - Datanode localhost-116.130.156.111 0fd63a37-cd50-44c6-a0ff-79fd9e4bfe1a is Over-Utilized.
2023-08-31 10:29:39,110 [main] DEBUG balancer.ContainerBalancerTask (ContainerBalancerTask.java:lambda$initializeIteration$1(453)) - Datanode localhost-241.232.196.95 7b7a48f3-6e6c-40c8-bae0-dc076d7190a8 is Over-Utilized.
2023-08-31 10:29:39,113 [main] DEBUG balancer.ContainerBalancerTask (ContainerBalancerTask.java:matchSourceWithTarget(708)) - ContainerBalancer is finding suitable target for source datanode 0fd63a37-cd50-44c6-a0ff-79fd9e4bfe1a
2023-08-31 10:29:39,113 [main] INFO  balancer.FindTargetGreedyByUsageInfo (AbstractFindTargetGreedy.java:findTargetForContainerMove(133)) - Container Balancer could not find a target for source datanode 0fd63a37-cd50-44c6-a0ff-79fd9e4bfe1a
2023-08-31 10:29:39,113 [main] DEBUG balancer.ContainerBalancerTask (ContainerBalancerTask.java:matchSourceWithTarget(717)) - ContainerBalancer could not find a suitable target for source node 0fd63a37-cd50-44c6-a0ff-79fd9e4bfe1a.
2023-08-31 10:29:39,117 [main] DEBUG balancer.ContainerBalancerTask (ContainerBalancerTask.java:matchSourceWithTarget(708)) - ContainerBalancer is finding suitable target for source datanode 7b7a48f3-6e6c-40c8-bae0-dc076d7190a8
2023-08-31 10:29:39,117 [main] INFO  balancer.FindTargetGreedyByUsageInfo (AbstractFindTargetGreedy.java:findTargetForContainerMove(133)) - Container Balancer could not find a target for source datanode 7b7a48f3-6e6c-40c8-bae0-dc076d7190a8
2023-08-31 10:29:39,117 [main] DEBUG balancer.ContainerBalancerTask (ContainerBalancerTask.java:matchSourceWithTarget(717)) - ContainerBalancer could not find a suitable target for source node 7b7a48f3-6e6c-40c8-bae0-dc076d7190a8.
2023-08-31 10:29:39,117 [main] INFO  balancer.FindSourceGreedy (FindSourceGreedy.java:getNextCandidateSourceDataNode(126)) - no more candidate source data node
2023-08-31 10:29:39,117 [main] INFO  balancer.ContainerBalancerTask (ContainerBalancerTask.java:balance(259)) - Result of this iteration of Container Balancer: CAN_NOT_BALANCE_ANY_MORE
2023-08-31 10:29:39,117 [main] INFO  balancer.ContainerBalancerTask (ContainerBalancerTask.java:tryStopWithSaveConfiguration(308)) - Save Configuration for stopping. Reason: CAN_NOT_BALANCE_ANY_MORE
2023-08-31 10:29:39,118 [main] DEBUG balancer.ContainerBalancerTask (ContainerBalancerTask.java:initializeIteration(374)) - Average utilization of the cluster is 0.3844231587733851
2023-08-31 10:29:39,118 [main] DEBUG balancer.ContainerBalancerTask (ContainerBalancerTask.java:initializeIteration(386)) - Lower limit for utilization is -0.38661177204641634 and Upper limit for utilization is 1.1554580895931865
2023-08-31 10:29:39,118 [main] DEBUG balancer.ContainerBalancerTask (ContainerBalancerTask.java:initializeIteration(398)) - Utilization for node 0fd63a37-cd50-44c6-a0ff-79fd9e4bfe1a with capacity 65617555911B, used 59055800320B, and remaining 6561755591B is 0.900000000001524
2023-08-31 10:29:39,118 [main] DEBUG balancer.ContainerBalancerTask (ContainerBalancerTask.java:initializeIteration(398)) - Utilization for node 7b7a48f3-6e6c-40c8-bae0-dc076d7190a8 with capacity 76504104960B, used 61203283968B, and remaining 15300820992B is 0.8
2023-08-31 10:29:39,118 [main] DEBUG balancer.ContainerBalancerTask (ContainerBalancerTask.java:initializeIteration(398)) - Utilization for node 0da966ec-d304-4aba-a3c4-6da3d30bdd94 with capacity 82831512137B, used 57982058496B, and remaining 24849453641B is 0.7000000000012073
2023-08-31 10:29:39,118 [main] DEBUG balancer.ContainerBalancerTask (ContainerBalancerTask.java:initializeIteration(398)) - Utilization for node 54a67142-cf3c-479c-a664-446e6b66c15b with capacity 55476660906B, used 33285996544B, and remaining 22190664362B is 0.6000000000072102
2023-08-31 10:29:39,118 [main] DEBUG balancer.ContainerBalancerTask (ContainerBalancerTask.java:initializeIteration(398)) - Utilization for node e4f2c464-f8de-4df4-9ba1-d9809d16eaa0 with capacity 96636764160B, used 48318382080B, and remaining 48318382080B is 0.5
2023-08-31 10:29:39,118 [main] DEBUG balancer.ContainerBalancerTask (ContainerBalancerTask.java:initializeIteration(398)) - Utilization for node 298e8999-667d-4130-a3f3-d54ad17f81af with capacity 99321118720B, used 39728447488B, and remaining 59592671232B is 0.4
2023-08-31 10:29:39,119 [main] DEBUG balancer.ContainerBalancerTask (ContainerBalancerTask.java:initializeIteration(398)) - Utilization for node ea5c1859-a2ef-4183-83ff-b7e36fcf01d4 with capacity 96636764160B, used 28991029248B, and remaining 67645734912B is 0.3
2023-08-31 10:29:39,119 [main] DEBUG balancer.ContainerBalancerTask (ContainerBalancerTask.java:initializeIteration(398)) - Utilization for node 0f36dd41-558e-4ec6-8642-9fd9e057ab75 with capacity 187904819200B, used 37580963840B, and remaining 150323855360B is 0.2
2023-08-31 10:29:39,119 [main] DEBUG balancer.ContainerBalancerTask (ContainerBalancerTask.java:initializeIteration(398)) - Utilization for node 2d681fd5-2e55-4a11-859d-3964a107aab2 with capacity 225485783040B, used 22548578304B, and remaining 202937204736B is 0.1
2023-08-31 10:29:39,119 [main] DEBUG balancer.ContainerBalancerTask (ContainerBalancerTask.java:initializeIteration(398)) - Utilization for node e4dd84d2-26e1-49fb-97da-c18f91d47e4d with capacity 24696061952B, used 0B, and remaining 24696061952B is 0.0
2023-08-31 10:29:39,119 [main] INFO  balancer.ContainerBalancerTask (ContainerBalancerTask.java:initializeIteration(443)) - Did not find any unbalanced Datanodes.
2023-08-31 10:29:39,119 [main] INFO  balancer.ContainerBalancerTask (ContainerBalancerTask.java:tryStopWithSaveConfiguration(308)) - Save Configuration for stopping. Reason: Could not initialize ContainerBalancer's iteration number 0
2023-08-31 10:29:39,120 [main] DEBUG balancer.ContainerBalancerTask (ContainerBalancerTask.java:initializeIteration(374)) - Average utilization of the cluster is 0.3844231587733851
2023-08-31 10:29:39,120 [main] DEBUG balancer.ContainerBalancerTask (ContainerBalancerTask.java:initializeIteration(386)) - Lower limit for utilization is -0.17391339413621182 and Upper limit for utilization is 0.942759711682982
2023-08-31 10:29:39,120 [main] DEBUG balancer.ContainerBalancerTask (ContainerBalancerTask.java:initializeIteration(398)) - Utilization for node 0fd63a37-cd50-44c6-a0ff-79fd9e4bfe1a with capacity 65617555911B, used 59055800320B, and remaining 6561755591B is 0.900000000001524
2023-08-31 10:29:39,120 [main] DEBUG balancer.ContainerBalancerTask (ContainerBalancerTask.java:initializeIteration(398)) - Utilization for node 7b7a48f3-6e6c-40c8-bae0-dc076d7190a8 with capacity 76504104960B, used 61203283968B, and remaining 15300820992B is 0.8
2023-08-31 10:29:39,120 [main] DEBUG balancer.ContainerBalancerTask (ContainerBalancerTask.java:initializeIteration(398)) - Utilization for node 0da966ec-d304-4aba-a3c4-6da3d30bdd94 with capacity 82831512137B, used 57982058496B, and remaining 24849453641B is 0.7000000000012073
2023-08-31 10:29:39,120 [main] DEBUG balancer.ContainerBalancerTask (ContainerBalancerTask.java:initializeIteration(398)) - Utilization for node 54a67142-cf3c-479c-a664-446e6b66c15b with capacity 55476660906B, used 33285996544B, and remaining 22190664362B is 0.6000000000072102
2023-08-31 10:29:39,120 [main] DEBUG balancer.ContainerBalancerTask (ContainerBalancerTask.java:initializeIteration(398)) - Utilization for node e4f2c464-f8de-4df4-9ba1-d9809d16eaa0 with capacity 96636764160B, used 48318382080B, and remaining 48318382080B is 0.5
2023-08-31 10:29:39,120 [main] DEBUG balancer.ContainerBalancerTask (ContainerBalancerTask.java:initializeIteration(398)) - Utilization for node 298e8999-667d-4130-a3f3-d54ad17f81af with capacity 99321118720B, used 39728447488B, and remaining 59592671232B is 0.4
2023-08-31 10:29:39,120 [main] DEBUG balancer.ContainerBalancerTask (ContainerBalancerTask.java:initializeIteration(398)) - Utilization for node ea5c1859-a2ef-4183-83ff-b7e36fcf01d4 with capacity 96636764160B, used 28991029248B, and remaining 67645734912B is 0.3
2023-08-31 10:29:39,121 [main] DEBUG balancer.ContainerBalancerTask (ContainerBalancerTask.java:initializeIteration(398)) - Utilization for node 0f36dd41-558e-4ec6-8642-9fd9e057ab75 with capacity 187904819200B, used 37580963840B, and remaining 150323855360B is 0.2
2023-08-31 10:29:39,121 [main] DEBUG balancer.ContainerBalancerTask (ContainerBalancerTask.java:initializeIteration(398)) - Utilization for node 2d681fd5-2e55-4a11-859d-3964a107aab2 with capacity 225485783040B, used 22548578304B, and remaining 202937204736B is 0.1
2023-08-31 10:29:39,121 [main] DEBUG balancer.ContainerBalancerTask (ContainerBalancerTask.java:initializeIteration(398)) - Utilization for node e4dd84d2-26e1-49fb-97da-c18f91d47e4d with capacity 24696061952B, used 0B, and remaining 24696061952B is 0.0
2023-08-31 10:29:39,121 [main] INFO  balancer.ContainerBalancerTask (ContainerBalancerTask.java:initializeIteration(443)) - Did not find any unbalanced Datanodes.
2023-08-31 10:29:39,121 [main] INFO  balancer.ContainerBalancerTask (ContainerBalancerTask.java:tryStopWithSaveConfiguration(308)) - Save Configuration for stopping. Reason: Could not initialize ContainerBalancer's iteration number 0
2023-08-31 10:29:39,122 [main] DEBUG balancer.ContainerBalancerTask (ContainerBalancerTask.java:initializeIteration(374)) - Average utilization of the cluster is 0.3844231587733851
2023-08-31 10:29:39,122 [main] DEBUG balancer.ContainerBalancerTask (ContainerBalancerTask.java:initializeIteration(386)) - Lower limit for utilization is 0.3643020649024124 and Upper limit for utilization is 0.40454425264435784
2023-08-31 10:29:39,122 [main] DEBUG balancer.ContainerBalancerTask (ContainerBalancerTask.java:initializeIteration(398)) - Utilization for node 0fd63a37-cd50-44c6-a0ff-79fd9e4bfe1a with capacity 65617555911B, used 59055800320B, and remaining 6561755591B is 0.900000000001524
2023-08-31 10:29:39,122 [main] DEBUG balancer.ContainerBalancerTask (ContainerBalancerTask.java:initializeIteration(398)) - Utilization for node 7b7a48f3-6e6c-40c8-bae0-dc076d7190a8 with capacity 76504104960B, used 61203283968B, and remaining 15300820992B is 0.8
2023-08-31 10:29:39,122 [main] DEBUG balancer.ContainerBalancerTask (ContainerBalancerTask.java:initializeIteration(398)) - Utilization for node 0da966ec-d304-4aba-a3c4-6da3d30bdd94 with capacity 82831512137B, used 57982058496B, and remaining 24849453641B is 0.7000000000012073
2023-08-31 10:29:39,122 [main] DEBUG balancer.ContainerBalancerTask (ContainerBalancerTask.java:initializeIteration(398)) - Utilization for node 54a67142-cf3c-479c-a664-446e6b66c15b with capacity 55476660906B, used 33285996544B, and remaining 22190664362B is 0.6000000000072102
2023-08-31 10:29:39,122 [main] DEBUG balancer.ContainerBalancerTask (ContainerBalancerTask.java:initializeIteration(398)) - Utilization for node e4f2c464-f8de-4df4-9ba1-d9809d16eaa0 with capacity 96636764160B, used 48318382080B, and remaining 48318382080B is 0.5
2023-08-31 10:29:39,122 [main] DEBUG balancer.ContainerBalancerTask (ContainerBalancerTask.java:initializeIteration(398)) - Utilization for node 298e8999-667d-4130-a3f3-d54ad17f81af with capacity 99321118720B, used 39728447488B, and remaining 59592671232B is 0.4
2023-08-31 10:29:39,122 [main] DEBUG balancer.ContainerBalancerTask (ContainerBalancerTask.java:initializeIteration(398)) - Utilization for node ea5c1859-a2ef-4183-83ff-b7e36fcf01d4 with capacity 96636764160B, used 28991029248B, and remaining 67645734912B is 0.3
2023-08-31 10:29:39,122 [main] DEBUG balancer.ContainerBalancerTask (ContainerBalancerTask.java:initializeIteration(398)) - Utilization for node 0f36dd41-558e-4ec6-8642-9fd9e057ab75 with capacity 187904819200B, used 37580963840B, and remaining 150323855360B is 0.2
2023-08-31 10:29:39,123 [main] DEBUG balancer.ContainerBalancerTask (ContainerBalancerTask.java:initializeIteration(398)) - Utilization for node 2d681fd5-2e55-4a11-859d-3964a107aab2 with capacity 225485783040B, used 22548578304B, and remaining 202937204736B is 0.1
2023-08-31 10:29:39,123 [main] DEBUG balancer.ContainerBalancerTask (ContainerBalancerTask.java:initializeIteration(398)) - Utilization for node e4dd84d2-26e1-49fb-97da-c18f91d47e4d with capacity 24696061952B, used 0B, and remaining 24696061952B is 0.0
2023-08-31 10:29:39,123 [main] INFO  balancer.ContainerBalancerTask (ContainerBalancerTask.java:initializeIteration(447)) - Container Balancer has identified 5 Over-Utilized and 4 Under-Utilized Datanodes that need to be balanced.
2023-08-31 10:29:39,123 [main] DEBUG balancer.ContainerBalancerTask (ContainerBalancerTask.java:lambda$initializeIteration$1(453)) - Datanode localhost-116.130.156.111 0fd63a37-cd50-44c6-a0ff-79fd9e4bfe1a is Over-Utilized.
2023-08-31 10:29:39,123 [main] DEBUG balancer.ContainerBalancerTask (ContainerBalancerTask.java:lambda$initializeIteration$1(453)) - Datanode localhost-241.232.196.95 7b7a48f3-6e6c-40c8-bae0-dc076d7190a8 is Over-Utilized.
2023-08-31 10:29:39,123 [main] DEBUG balancer.ContainerBalancerTask (ContainerBalancerTask.java:lambda$initializeIteration$1(453)) - Datanode localhost-212.248.109.79 0da966ec-d304-4aba-a3c4-6da3d30bdd94 is Over-Utilized.
2023-08-31 10:29:39,123 [main] DEBUG balancer.ContainerBalancerTask (ContainerBalancerTask.java:lambda$initializeIteration$1(453)) - Datanode localhost-231.218.40.56 54a67142-cf3c-479c-a664-446e6b66c15b is Over-Utilized.
2023-08-31 10:29:39,123 [main] DEBUG balancer.ContainerBalancerTask (ContainerBalancerTask.java:lambda$initializeIteration$1(453)) - Datanode localhost-153.106.33.56 e4f2c464-f8de-4df4-9ba1-d9809d16eaa0 is Over-Utilized.
2023-08-31 10:29:39,123 [main] DEBUG balancer.ContainerBalancerTask (ContainerBalancerTask.java:lambda$initializeIteration$2(459)) - Datanode localhost-83.167.164.80 e4dd84d2-26e1-49fb-97da-c18f91d47e4d is Under-Utilized.
2023-08-31 10:29:39,123 [main] DEBUG balancer.ContainerBalancerTask (ContainerBalancerTask.java:lambda$initializeIteration$2(459)) - Datanode localhost-228.245.218.11 2d681fd5-2e55-4a11-859d-3964a107aab2 is Under-Utilized.
2023-08-31 10:29:39,124 [main] DEBUG balancer.ContainerBalancerTask (ContainerBalancerTask.java:lambda$initializeIteration$2(459)) - Datanode localhost-79.203.57.104 0f36dd41-558e-4ec6-8642-9fd9e057ab75 is Under-Utilized.
2023-08-31 10:29:39,124 [main] DEBUG balancer.ContainerBalancerTask (ContainerBalancerTask.java:lambda$initializeIteration$2(459)) - Datanode localhost-151.165.117.103 ea5c1859-a2ef-4183-83ff-b7e36fcf01d4 is Under-Utilized.
2023-08-31 10:29:39,127 [main] DEBUG balancer.ContainerBalancerTask (ContainerBalancerTask.java:matchSourceWithTarget(708)) - ContainerBalancer is finding suitable target for source datanode 0fd63a37-cd50-44c6-a0ff-79fd9e4bfe1a
2023-08-31 10:29:39,127 [main] INFO  balancer.ContainerBalancerTask (ContainerBalancerTask.java:matchSourceWithTarget(722)) - ContainerBalancer matched source datanode 0fd63a37-cd50-44c6-a0ff-79fd9e4bfe1a with target datanode e4dd84d2-26e1-49fb-97da-c18f91d47e4d for container move.
2023-08-31 10:29:39,127 [main] INFO  balancer.ContainerBalancerTask (ContainerBalancerTask.java:processMoveSelection(569)) - ContainerBalancer is trying to move container #85 with size 5368709120B from source datanode 0fd63a37-cd50-44c6-a0ff-79fd9e4bfe1a to target datanode e4dd84d2-26e1-49fb-97da-c18f91d47e4d
2023-08-31 10:29:39,127 [main] DEBUG balancer.ContainerBalancerTask (ContainerBalancerTask.java:lambda$moveContainer$3(837)) - Container move completed for container #85 from source 0fd63a37-cd50-44c6-a0ff-79fd9e4bfe1a to target e4dd84d2-26e1-49fb-97da-c18f91d47e4d
2023-08-31 10:29:39,130 [main] DEBUG balancer.ContainerBalancerTask (ContainerBalancerTask.java:matchSourceWithTarget(708)) - ContainerBalancer is finding suitable target for source datanode 0fd63a37-cd50-44c6-a0ff-79fd9e4bfe1a
2023-08-31 10:29:39,130 [main] INFO  balancer.ContainerBalancerTask (ContainerBalancerTask.java:matchSourceWithTarget(722)) - ContainerBalancer matched source datanode 0fd63a37-cd50-44c6-a0ff-79fd9e4bfe1a with target datanode 2d681fd5-2e55-4a11-859d-3964a107aab2 for container move.
2023-08-31 10:29:39,130 [main] INFO  balancer.ContainerBalancerTask (ContainerBalancerTask.java:processMoveSelection(569)) - ContainerBalancer is trying to move container #68 with size 5368709120B from source datanode 0fd63a37-cd50-44c6-a0ff-79fd9e4bfe1a to target datanode 2d681fd5-2e55-4a11-859d-3964a107aab2
2023-08-31 10:29:39,131 [main] DEBUG balancer.ContainerBalancerTask (ContainerBalancerTask.java:lambda$moveContainer$3(837)) - Container move completed for container #68 from source 0fd63a37-cd50-44c6-a0ff-79fd9e4bfe1a to target 2d681fd5-2e55-4a11-859d-3964a107aab2
2023-08-31 10:29:39,134 [main] DEBUG balancer.ContainerBalancerTask (ContainerBalancerTask.java:matchSourceWithTarget(708)) - ContainerBalancer is finding suitable target for source datanode 7b7a48f3-6e6c-40c8-bae0-dc076d7190a8
2023-08-31 10:29:39,134 [main] INFO  balancer.ContainerBalancerTask (ContainerBalancerTask.java:matchSourceWithTarget(722)) - ContainerBalancer matched source datanode 7b7a48f3-6e6c-40c8-bae0-dc076d7190a8 with target datanode 2d681fd5-2e55-4a11-859d-3964a107aab2 for container move.
2023-08-31 10:29:39,134 [main] INFO  balancer.ContainerBalancerTask (ContainerBalancerTask.java:processMoveSelection(569)) - ContainerBalancer is trying to move container #53 with size 5368709120B from source datanode 7b7a48f3-6e6c-40c8-bae0-dc076d7190a8 to target datanode 2d681fd5-2e55-4a11-859d-3964a107aab2
2023-08-31 10:29:39,134 [main] DEBUG balancer.ContainerBalancerTask (ContainerBalancerTask.java:lambda$moveContainer$3(837)) - Container move completed for container #53 from source 7b7a48f3-6e6c-40c8-bae0-dc076d7190a8 to target 2d681fd5-2e55-4a11-859d-3964a107aab2
2023-08-31 10:29:39,137 [main] DEBUG balancer.ContainerBalancerTask (ContainerBalancerTask.java:matchSourceWithTarget(708)) - ContainerBalancer is finding suitable target for source datanode 0fd63a37-cd50-44c6-a0ff-79fd9e4bfe1a
2023-08-31 10:29:39,137 [main] INFO  balancer.ContainerBalancerTask (ContainerBalancerTask.java:matchSourceWithTarget(722)) - ContainerBalancer matched source datanode 0fd63a37-cd50-44c6-a0ff-79fd9e4bfe1a with target datanode 2d681fd5-2e55-4a11-859d-3964a107aab2 for container move.
2023-08-31 10:29:39,137 [main] INFO  balancer.ContainerBalancerTask (ContainerBalancerTask.java:processMoveSelection(569)) - ContainerBalancer is trying to move container #29 with size 5368709120B from source datanode 0fd63a37-cd50-44c6-a0ff-79fd9e4bfe1a to target datanode 2d681fd5-2e55-4a11-859d-3964a107aab2
2023-08-31 10:29:39,138 [main] DEBUG balancer.ContainerBalancerTask (ContainerBalancerTask.java:lambda$moveContainer$3(837)) - Container move completed for container #29 from source 0fd63a37-cd50-44c6-a0ff-79fd9e4bfe1a to target 2d681fd5-2e55-4a11-859d-3964a107aab2
2023-08-31 10:29:39,141 [main] DEBUG balancer.ContainerBalancerTask (ContainerBalancerTask.java:matchSourceWithTarget(708)) - ContainerBalancer is finding suitable target for source datanode 7b7a48f3-6e6c-40c8-bae0-dc076d7190a8
2023-08-31 10:29:39,141 [main] INFO  balancer.ContainerBalancerTask (ContainerBalancerTask.java:matchSourceWithTarget(722)) - ContainerBalancer matched source datanode 7b7a48f3-6e6c-40c8-bae0-dc076d7190a8 with target datanode 2d681fd5-2e55-4a11-859d-3964a107aab2 for container move.
2023-08-31 10:29:39,141 [main] INFO  balancer.ContainerBalancerTask (ContainerBalancerTask.java:processMoveSelection(569)) - ContainerBalancer is trying to move container #84 with size 4294967296B from source datanode 7b7a48f3-6e6c-40c8-bae0-dc076d7190a8 to target datanode 2d681fd5-2e55-4a11-859d-3964a107aab2
2023-08-31 10:29:39,141 [main] DEBUG balancer.ContainerBalancerTask (ContainerBalancerTask.java:lambda$moveContainer$3(837)) - Container move completed for container #84 from source 7b7a48f3-6e6c-40c8-bae0-dc076d7190a8 to target 2d681fd5-2e55-4a11-859d-3964a107aab2
2023-08-31 10:29:39,145 [main] DEBUG balancer.ContainerBalancerTask (ContainerBalancerTask.java:matchSourceWithTarget(708)) - ContainerBalancer is finding suitable target for source datanode 0da966ec-d304-4aba-a3c4-6da3d30bdd94
2023-08-31 10:29:39,145 [main] INFO  balancer.ContainerBalancerTask (ContainerBalancerTask.java:matchSourceWithTarget(722)) - ContainerBalancer matched source datanode 0da966ec-d304-4aba-a3c4-6da3d30bdd94 with target datanode 2d681fd5-2e55-4a11-859d-3964a107aab2 for container move.
2023-08-31 10:29:39,145 [main] INFO  balancer.ContainerBalancerTask (ContainerBalancerTask.java:processMoveSelection(569)) - ContainerBalancer is trying to move container #67 with size 4294967296B from source datanode 0da966ec-d304-4aba-a3c4-6da3d30bdd94 to target datanode 2d681fd5-2e55-4a11-859d-3964a107aab2
2023-08-31 10:29:39,145 [main] DEBUG balancer.ContainerBalancerTask (ContainerBalancerTask.java:lambda$moveContainer$3(837)) - Container move completed for container #67 from source 0da966ec-d304-4aba-a3c4-6da3d30bdd94 to target 2d681fd5-2e55-4a11-859d-3964a107aab2
2023-08-31 10:29:39,149 [main] DEBUG balancer.ContainerBalancerTask (ContainerBalancerTask.java:matchSourceWithTarget(708)) - ContainerBalancer is finding suitable target for source datanode 7b7a48f3-6e6c-40c8-bae0-dc076d7190a8
2023-08-31 10:29:39,149 [main] INFO  balancer.ContainerBalancerTask (ContainerBalancerTask.java:matchSourceWithTarget(722)) - ContainerBalancer matched source datanode 7b7a48f3-6e6c-40c8-bae0-dc076d7190a8 with target datanode 0f36dd41-558e-4ec6-8642-9fd9e057ab75 for container move.
2023-08-31 10:29:39,149 [main] INFO  balancer.ContainerBalancerTask (ContainerBalancerTask.java:processMoveSelection(569)) - ContainerBalancer is trying to move container #71 with size 3221225472B from source datanode 7b7a48f3-6e6c-40c8-bae0-dc076d7190a8 to target datanode 0f36dd41-558e-4ec6-8642-9fd9e057ab75
2023-08-31 10:29:39,149 [main] DEBUG balancer.ContainerBalancerTask (ContainerBalancerTask.java:lambda$moveContainer$3(837)) - Container move completed for container #71 from source 7b7a48f3-6e6c-40c8-bae0-dc076d7190a8 to target 0f36dd41-558e-4ec6-8642-9fd9e057ab75
2023-08-31 10:29:39,152 [main] DEBUG balancer.ContainerBalancerTask (ContainerBalancerTask.java:matchSourceWithTarget(708)) - ContainerBalancer is finding suitable target for source datanode 0fd63a37-cd50-44c6-a0ff-79fd9e4bfe1a
2023-08-31 10:29:39,152 [main] INFO  balancer.ContainerBalancerTask (ContainerBalancerTask.java:matchSourceWithTarget(722)) - ContainerBalancer matched source datanode 0fd63a37-cd50-44c6-a0ff-79fd9e4bfe1a with target datanode 2d681fd5-2e55-4a11-859d-3964a107aab2 for container move.
2023-08-31 10:29:39,153 [main] INFO  balancer.ContainerBalancerTask (ContainerBalancerTask.java:processMoveSelection(569)) - ContainerBalancer is trying to move container #52 with size 4294967296B from source datanode 0fd63a37-cd50-44c6-a0ff-79fd9e4bfe1a to target datanode 2d681fd5-2e55-4a11-859d-3964a107aab2
2023-08-31 10:29:39,153 [main] DEBUG balancer.ContainerBalancerTask (ContainerBalancerTask.java:lambda$moveContainer$3(837)) - Container move completed for container #52 from source 0fd63a37-cd50-44c6-a0ff-79fd9e4bfe1a to target 2d681fd5-2e55-4a11-859d-3964a107aab2
2023-08-31 10:29:39,157 [main] DEBUG balancer.ContainerBalancerTask (ContainerBalancerTask.java:matchSourceWithTarget(708)) - ContainerBalancer is finding suitable target for source datanode 0da966ec-d304-4aba-a3c4-6da3d30bdd94
2023-08-31 10:29:39,157 [main] INFO  balancer.ContainerBalancerTask (ContainerBalancerTask.java:matchSourceWithTarget(722)) - ContainerBalancer matched source datanode 0da966ec-d304-4aba-a3c4-6da3d30bdd94 with target datanode 0f36dd41-558e-4ec6-8642-9fd9e057ab75 for container move.
2023-08-31 10:29:39,157 [main] INFO  balancer.ContainerBalancerTask (ContainerBalancerTask.java:processMoveSelection(569)) - ContainerBalancer is trying to move container #39 with size 4294967296B from source datanode 0da966ec-d304-4aba-a3c4-6da3d30bdd94 to target datanode 0f36dd41-558e-4ec6-8642-9fd9e057ab75
2023-08-31 10:29:39,157 [main] DEBUG balancer.ContainerBalancerTask (ContainerBalancerTask.java:lambda$moveContainer$3(837)) - Container move completed for container #39 from source 0da966ec-d304-4aba-a3c4-6da3d30bdd94 to target 0f36dd41-558e-4ec6-8642-9fd9e057ab75
2023-08-31 10:29:39,160 [main] DEBUG balancer.ContainerBalancerTask (ContainerBalancerTask.java:matchSourceWithTarget(708)) - ContainerBalancer is finding suitable target for source datanode 7b7a48f3-6e6c-40c8-bae0-dc076d7190a8
2023-08-31 10:29:39,161 [main] INFO  balancer.ContainerBalancerTask (ContainerBalancerTask.java:matchSourceWithTarget(722)) - ContainerBalancer matched source datanode 7b7a48f3-6e6c-40c8-bae0-dc076d7190a8 with target datanode e4dd84d2-26e1-49fb-97da-c18f91d47e4d for container move.
2023-08-31 10:29:39,161 [main] INFO  balancer.ContainerBalancerTask (ContainerBalancerTask.java:processMoveSelection(569)) - ContainerBalancer is trying to move container #89 with size 4294967296B from source datanode 7b7a48f3-6e6c-40c8-bae0-dc076d7190a8 to target datanode e4dd84d2-26e1-49fb-97da-c18f91d47e4d
2023-08-31 10:29:39,161 [main] DEBUG balancer.ContainerBalancerTask (ContainerBalancerTask.java:lambda$moveContainer$3(837)) - Container move completed for container #89 from source 7b7a48f3-6e6c-40c8-bae0-dc076d7190a8 to target e4dd84d2-26e1-49fb-97da-c18f91d47e4d
2023-08-31 10:29:39,163 [main] DEBUG balancer.ContainerBalancerTask (ContainerBalancerTask.java:matchSourceWithTarget(708)) - ContainerBalancer is finding suitable target for source datanode 54a67142-cf3c-479c-a664-446e6b66c15b
2023-08-31 10:29:39,164 [main] INFO  balancer.ContainerBalancerTask (ContainerBalancerTask.java:matchSourceWithTarget(722)) - ContainerBalancer matched source datanode 54a67142-cf3c-479c-a664-446e6b66c15b with target datanode 2d681fd5-2e55-4a11-859d-3964a107aab2 for container move.
2023-08-31 10:29:39,164 [main] INFO  balancer.ContainerBalancerTask (ContainerBalancerTask.java:processMoveSelection(569)) - ContainerBalancer is trying to move container #19 with size 4294967296B from source datanode 54a67142-cf3c-479c-a664-446e6b66c15b to target datanode 2d681fd5-2e55-4a11-859d-3964a107aab2
2023-08-31 10:29:39,164 [main] DEBUG balancer.ContainerBalancerTask (ContainerBalancerTask.java:lambda$moveContainer$3(837)) - Container move completed for container #19 from source 54a67142-cf3c-479c-a664-446e6b66c15b to target 2d681fd5-2e55-4a11-859d-3964a107aab2
2023-08-31 10:29:39,168 [main] DEBUG balancer.ContainerBalancerTask (ContainerBalancerTask.java:matchSourceWithTarget(708)) - ContainerBalancer is finding suitable target for source datanode 0da966ec-d304-4aba-a3c4-6da3d30bdd94
2023-08-31 10:29:39,168 [main] INFO  balancer.ContainerBalancerTask (ContainerBalancerTask.java:matchSourceWithTarget(722)) - ContainerBalancer matched source datanode 0da966ec-d304-4aba-a3c4-6da3d30bdd94 with target datanode 0f36dd41-558e-4ec6-8642-9fd9e057ab75 for container move.
2023-08-31 10:29:39,168 [main] INFO  balancer.ContainerBalancerTask (ContainerBalancerTask.java:processMoveSelection(569)) - ContainerBalancer is trying to move container #88 with size 3221225472B from source datanode 0da966ec-d304-4aba-a3c4-6da3d30bdd94 to target datanode 0f36dd41-558e-4ec6-8642-9fd9e057ab75
2023-08-31 10:29:39,168 [main] DEBUG balancer.ContainerBalancerTask (ContainerBalancerTask.java:lambda$moveContainer$3(837)) - Container move completed for container #88 from source 0da966ec-d304-4aba-a3c4-6da3d30bdd94 to target 0f36dd41-558e-4ec6-8642-9fd9e057ab75
2023-08-31 10:29:39,169 [main] WARN  balancer.ContainerBalancerTask (ContainerBalancerTask.java:reachedMaxSizeToMovePerIteration(733)) - Reached max size to move limit. 53687091200 bytes have already been scheduled for balancing and the limit is 53687091200 bytes.
2023-08-31 10:29:39,169 [main] INFO  balancer.ContainerBalancerTask (ContainerBalancerTask.java:checkIterationMoveResults(642)) - Iteration Summary. Number of Datanodes involved: 7. Size moved: 50 GB (53687091200 Bytes). Number of Container moves completed: 12.
2023-08-31 10:29:39,169 [main] INFO  balancer.ContainerBalancerTask (ContainerBalancerTask.java:balance(259)) - Result of this iteration of Container Balancer: ITERATION_COMPLETED
2023-08-31 10:29:39,169 [main] INFO  balancer.ContainerBalancerTask (ContainerBalancerTask.java:tryStopWithSaveConfiguration(308)) - Save Configuration for stopping. Reason: Completed all iterations.
2023-08-31 10:29:39,170 [main] DEBUG balancer.ContainerBalancerTask (ContainerBalancerTask.java:initializeIteration(374)) - Average utilization of the cluster is 0.3844231587733851
2023-08-31 10:29:39,170 [main] DEBUG balancer.ContainerBalancerTask (ContainerBalancerTask.java:initializeIteration(386)) - Lower limit for utilization is -0.0608172706277092 and Upper limit for utilization is 0.8296635881744794
2023-08-31 10:29:39,170 [main] DEBUG balancer.ContainerBalancerTask (ContainerBalancerTask.java:initializeIteration(398)) - Utilization for node 0fd63a37-cd50-44c6-a0ff-79fd9e4bfe1a with capacity 65617555911B, used 59055800320B, and remaining 6561755591B is 0.900000000001524
2023-08-31 10:29:39,170 [main] DEBUG balancer.ContainerBalancerTask (ContainerBalancerTask.java:initializeIteration(398)) - Utilization for node 7b7a48f3-6e6c-40c8-bae0-dc076d7190a8 with capacity 76504104960B, used 61203283968B, and remaining 15300820992B is 0.8
2023-08-31 10:29:39,170 [main] DEBUG balancer.ContainerBalancerTask (ContainerBalancerTask.java:initializeIteration(398)) - Utilization for node 0da966ec-d304-4aba-a3c4-6da3d30bdd94 with capacity 82831512137B, used 57982058496B, and remaining 24849453641B is 0.7000000000012073
2023-08-31 10:29:39,170 [main] DEBUG balancer.ContainerBalancerTask (ContainerBalancerTask.java:initializeIteration(398)) - Utilization for node 54a67142-cf3c-479c-a664-446e6b66c15b with capacity 55476660906B, used 33285996544B, and remaining 22190664362B is 0.6000000000072102
2023-08-31 10:29:39,170 [main] DEBUG balancer.ContainerBalancerTask (ContainerBalancerTask.java:initializeIteration(398)) - Utilization for node e4f2c464-f8de-4df4-9ba1-d9809d16eaa0 with capacity 96636764160B, used 48318382080B, and remaining 48318382080B is 0.5
2023-08-31 10:29:39,171 [main] DEBUG balancer.ContainerBalancerTask (ContainerBalancerTask.java:initializeIteration(398)) - Utilization for node 298e8999-667d-4130-a3f3-d54ad17f81af with capacity 99321118720B, used 39728447488B, and remaining 59592671232B is 0.4
2023-08-31 10:29:39,171 [main] DEBUG balancer.ContainerBalancerTask (ContainerBalancerTask.java:initializeIteration(398)) - Utilization for node ea5c1859-a2ef-4183-83ff-b7e36fcf01d4 with capacity 96636764160B, used 28991029248B, and remaining 67645734912B is 0.3
2023-08-31 10:29:39,171 [main] DEBUG balancer.ContainerBalancerTask (ContainerBalancerTask.java:initializeIteration(398)) - Utilization for node 0f36dd41-558e-4ec6-8642-9fd9e057ab75 with capacity 187904819200B, used 37580963840B, and remaining 150323855360B is 0.2
2023-08-31 10:29:39,171 [main] DEBUG balancer.ContainerBalancerTask (ContainerBalancerTask.java:initializeIteration(398)) - Utilization for node 2d681fd5-2e55-4a11-859d-3964a107aab2 with capacity 225485783040B, used 22548578304B, and remaining 202937204736B is 0.1
2023-08-31 10:29:39,171 [main] DEBUG balancer.ContainerBalancerTask (ContainerBalancerTask.java:initializeIteration(398)) - Utilization for node e4dd84d2-26e1-49fb-97da-c18f91d47e4d with capacity 24696061952B, used 0B, and remaining 24696061952B is 0.0
2023-08-31 10:29:39,171 [main] INFO  balancer.ContainerBalancerTask (ContainerBalancerTask.java:initializeIteration(447)) - Container Balancer has identified 1 Over-Utilized and 0 Under-Utilized Datanodes that need to be balanced.
2023-08-31 10:29:39,172 [main] DEBUG balancer.ContainerBalancerTask (ContainerBalancerTask.java:lambda$initializeIteration$1(453)) - Datanode localhost-116.130.156.111 0fd63a37-cd50-44c6-a0ff-79fd9e4bfe1a is Over-Utilized.
2023-08-31 10:29:39,175 [main] DEBUG balancer.ContainerBalancerTask (ContainerBalancerTask.java:matchSourceWithTarget(708)) - ContainerBalancer is finding suitable target for source datanode 0fd63a37-cd50-44c6-a0ff-79fd9e4bfe1a
2023-08-31 10:29:39,175 [main] INFO  balancer.FindTargetGreedyByUsageInfo (AbstractFindTargetGreedy.java:findTargetForContainerMove(133)) - Container Balancer could not find a target for source datanode 0fd63a37-cd50-44c6-a0ff-79fd9e4bfe1a
2023-08-31 10:29:39,175 [main] DEBUG balancer.ContainerBalancerTask (ContainerBalancerTask.java:matchSourceWithTarget(717)) - ContainerBalancer could not find a suitable target for source node 0fd63a37-cd50-44c6-a0ff-79fd9e4bfe1a.
2023-08-31 10:29:39,175 [main] INFO  balancer.FindSourceGreedy (FindSourceGreedy.java:getNextCandidateSourceDataNode(126)) - no more candidate source data node
2023-08-31 10:29:39,175 [main] INFO  balancer.ContainerBalancerTask (ContainerBalancerTask.java:balance(259)) - Result of this iteration of Container Balancer: CAN_NOT_BALANCE_ANY_MORE
2023-08-31 10:29:39,175 [main] INFO  balancer.ContainerBalancerTask (ContainerBalancerTask.java:tryStopWithSaveConfiguration(308)) - Save Configuration for stopping. Reason: CAN_NOT_BALANCE_ANY_MORE
2023-08-31 10:29:39,176 [main] DEBUG balancer.ContainerBalancerTask (ContainerBalancerTask.java:initializeIteration(374)) - Average utilization of the cluster is 0.3844231587733851
2023-08-31 10:29:39,176 [main] DEBUG balancer.ContainerBalancerTask (ContainerBalancerTask.java:initializeIteration(386)) - Lower limit for utilization is 0.08078732819777085 and Upper limit for utilization is 0.6880589893489995
2023-08-31 10:29:39,176 [main] DEBUG balancer.ContainerBalancerTask (ContainerBalancerTask.java:initializeIteration(398)) - Utilization for node 0fd63a37-cd50-44c6-a0ff-79fd9e4bfe1a with capacity 65617555911B, used 59055800320B, and remaining 6561755591B is 0.900000000001524
2023-08-31 10:29:39,177 [main] DEBUG balancer.ContainerBalancerTask (ContainerBalancerTask.java:initializeIteration(398)) - Utilization for node 7b7a48f3-6e6c-40c8-bae0-dc076d7190a8 with capacity 76504104960B, used 61203283968B, and remaining 15300820992B is 0.8
2023-08-31 10:29:39,177 [main] DEBUG balancer.ContainerBalancerTask (ContainerBalancerTask.java:initializeIteration(398)) - Utilization for node 0da966ec-d304-4aba-a3c4-6da3d30bdd94 with capacity 82831512137B, used 57982058496B, and remaining 24849453641B is 0.7000000000012073
2023-08-31 10:29:39,177 [main] DEBUG balancer.ContainerBalancerTask (ContainerBalancerTask.java:initializeIteration(398)) - Utilization for node 54a67142-cf3c-479c-a664-446e6b66c15b with capacity 55476660906B, used 33285996544B, and remaining 22190664362B is 0.6000000000072102
2023-08-31 10:29:39,177 [main] DEBUG balancer.ContainerBalancerTask (ContainerBalancerTask.java:initializeIteration(398)) - Utilization for node e4f2c464-f8de-4df4-9ba1-d9809d16eaa0 with capacity 96636764160B, used 48318382080B, and remaining 48318382080B is 0.5
2023-08-31 10:29:39,177 [main] DEBUG balancer.ContainerBalancerTask (ContainerBalancerTask.java:initializeIteration(398)) - Utilization for node 298e8999-667d-4130-a3f3-d54ad17f81af with capacity 99321118720B, used 39728447488B, and remaining 59592671232B is 0.4
2023-08-31 10:29:39,177 [main] DEBUG balancer.ContainerBalancerTask (ContainerBalancerTask.java:initializeIteration(398)) - Utilization for node ea5c1859-a2ef-4183-83ff-b7e36fcf01d4 with capacity 96636764160B, used 28991029248B, and remaining 67645734912B is 0.3
2023-08-31 10:29:39,177 [main] DEBUG balancer.ContainerBalancerTask (ContainerBalancerTask.java:initializeIteration(398)) - Utilization for node 0f36dd41-558e-4ec6-8642-9fd9e057ab75 with capacity 187904819200B, used 37580963840B, and remaining 150323855360B is 0.2
2023-08-31 10:29:39,177 [main] DEBUG balancer.ContainerBalancerTask (ContainerBalancerTask.java:initializeIteration(398)) - Utilization for node 2d681fd5-2e55-4a11-859d-3964a107aab2 with capacity 225485783040B, used 22548578304B, and remaining 202937204736B is 0.1
2023-08-31 10:29:39,177 [main] DEBUG balancer.ContainerBalancerTask (ContainerBalancerTask.java:initializeIteration(398)) - Utilization for node e4dd84d2-26e1-49fb-97da-c18f91d47e4d with capacity 24696061952B, used 0B, and remaining 24696061952B is 0.0
2023-08-31 10:29:39,177 [main] INFO  balancer.ContainerBalancerTask (ContainerBalancerTask.java:initializeIteration(447)) - Container Balancer has identified 3 Over-Utilized and 1 Under-Utilized Datanodes that need to be balanced.
2023-08-31 10:29:39,178 [main] DEBUG balancer.ContainerBalancerTask (ContainerBalancerTask.java:lambda$initializeIteration$1(453)) - Datanode localhost-116.130.156.111 0fd63a37-cd50-44c6-a0ff-79fd9e4bfe1a is Over-Utilized.
2023-08-31 10:29:39,178 [main] DEBUG balancer.ContainerBalancerTask (ContainerBalancerTask.java:lambda$initializeIteration$1(453)) - Datanode localhost-241.232.196.95 7b7a48f3-6e6c-40c8-bae0-dc076d7190a8 is Over-Utilized.
2023-08-31 10:29:39,178 [main] DEBUG balancer.ContainerBalancerTask (ContainerBalancerTask.java:lambda$initializeIteration$1(453)) - Datanode localhost-212.248.109.79 0da966ec-d304-4aba-a3c4-6da3d30bdd94 is Over-Utilized.
2023-08-31 10:29:39,178 [main] DEBUG balancer.ContainerBalancerTask (ContainerBalancerTask.java:lambda$initializeIteration$2(459)) - Datanode localhost-83.167.164.80 e4dd84d2-26e1-49fb-97da-c18f91d47e4d is Under-Utilized.
2023-08-31 10:29:39,181 [main] DEBUG balancer.ContainerBalancerTask (ContainerBalancerTask.java:matchSourceWithTarget(708)) - ContainerBalancer is finding suitable target for source datanode 0fd63a37-cd50-44c6-a0ff-79fd9e4bfe1a
2023-08-31 10:29:39,181 [main] INFO  balancer.ContainerBalancerTask (ContainerBalancerTask.java:matchSourceWithTarget(722)) - ContainerBalancer matched source datanode 0fd63a37-cd50-44c6-a0ff-79fd9e4bfe1a with target datanode e4dd84d2-26e1-49fb-97da-c18f91d47e4d for container move.
2023-08-31 10:29:39,181 [main] INFO  balancer.ContainerBalancerTask (ContainerBalancerTask.java:processMoveSelection(569)) - ContainerBalancer is trying to move container #85 with size 5368709120B from source datanode 0fd63a37-cd50-44c6-a0ff-79fd9e4bfe1a to target datanode e4dd84d2-26e1-49fb-97da-c18f91d47e4d
2023-08-31 10:29:39,181 [main] DEBUG balancer.ContainerBalancerTask (ContainerBalancerTask.java:lambda$moveContainer$3(837)) - Container move completed for container #85 from source 0fd63a37-cd50-44c6-a0ff-79fd9e4bfe1a to target e4dd84d2-26e1-49fb-97da-c18f91d47e4d
2023-08-31 10:29:39,184 [main] DEBUG balancer.ContainerBalancerTask (ContainerBalancerTask.java:matchSourceWithTarget(708)) - ContainerBalancer is finding suitable target for source datanode 0fd63a37-cd50-44c6-a0ff-79fd9e4bfe1a
2023-08-31 10:29:39,184 [main] INFO  balancer.ContainerBalancerTask (ContainerBalancerTask.java:matchSourceWithTarget(722)) - ContainerBalancer matched source datanode 0fd63a37-cd50-44c6-a0ff-79fd9e4bfe1a with target datanode e4dd84d2-26e1-49fb-97da-c18f91d47e4d for container move.
2023-08-31 10:29:39,185 [main] INFO  balancer.ContainerBalancerTask (ContainerBalancerTask.java:processMoveSelection(569)) - ContainerBalancer is trying to move container #68 with size 5368709120B from source datanode 0fd63a37-cd50-44c6-a0ff-79fd9e4bfe1a to target datanode e4dd84d2-26e1-49fb-97da-c18f91d47e4d
2023-08-31 10:29:39,185 [main] DEBUG balancer.ContainerBalancerTask (ContainerBalancerTask.java:lambda$moveContainer$3(837)) - Container move completed for container #68 from source 0fd63a37-cd50-44c6-a0ff-79fd9e4bfe1a to target e4dd84d2-26e1-49fb-97da-c18f91d47e4d
2023-08-31 10:29:39,188 [main] DEBUG balancer.ContainerBalancerTask (ContainerBalancerTask.java:matchSourceWithTarget(708)) - ContainerBalancer is finding suitable target for source datanode 7b7a48f3-6e6c-40c8-bae0-dc076d7190a8
2023-08-31 10:29:39,188 [main] INFO  balancer.ContainerBalancerTask (ContainerBalancerTask.java:matchSourceWithTarget(722)) - ContainerBalancer matched source datanode 7b7a48f3-6e6c-40c8-bae0-dc076d7190a8 with target datanode e4dd84d2-26e1-49fb-97da-c18f91d47e4d for container move.
2023-08-31 10:29:39,188 [main] INFO  balancer.ContainerBalancerTask (ContainerBalancerTask.java:processMoveSelection(569)) - ContainerBalancer is trying to move container #53 with size 5368709120B from source datanode 7b7a48f3-6e6c-40c8-bae0-dc076d7190a8 to target datanode e4dd84d2-26e1-49fb-97da-c18f91d47e4d
2023-08-31 10:29:39,188 [main] DEBUG balancer.ContainerBalancerTask (ContainerBalancerTask.java:lambda$moveContainer$3(837)) - Container move completed for container #53 from source 7b7a48f3-6e6c-40c8-bae0-dc076d7190a8 to target e4dd84d2-26e1-49fb-97da-c18f91d47e4d
2023-08-31 10:29:39,191 [main] DEBUG balancer.ContainerBalancerTask (ContainerBalancerTask.java:matchSourceWithTarget(708)) - ContainerBalancer is finding suitable target for source datanode 0fd63a37-cd50-44c6-a0ff-79fd9e4bfe1a
2023-08-31 10:29:39,192 [main] INFO  balancer.FindTargetGreedyByUsageInfo (AbstractFindTargetGreedy.java:findTargetForContainerMove(133)) - Container Balancer could not find a target for source datanode 0fd63a37-cd50-44c6-a0ff-79fd9e4bfe1a
2023-08-31 10:29:39,192 [main] DEBUG balancer.ContainerBalancerTask (ContainerBalancerTask.java:matchSourceWithTarget(717)) - ContainerBalancer could not find a suitable target for source node 0fd63a37-cd50-44c6-a0ff-79fd9e4bfe1a.
2023-08-31 10:29:39,196 [main] DEBUG balancer.ContainerBalancerTask (ContainerBalancerTask.java:matchSourceWithTarget(708)) - ContainerBalancer is finding suitable target for source datanode 7b7a48f3-6e6c-40c8-bae0-dc076d7190a8
2023-08-31 10:29:39,197 [main] INFO  balancer.FindTargetGreedyByUsageInfo (AbstractFindTargetGreedy.java:findTargetForContainerMove(133)) - Container Balancer could not find a target for source datanode 7b7a48f3-6e6c-40c8-bae0-dc076d7190a8
2023-08-31 10:29:39,197 [main] DEBUG balancer.ContainerBalancerTask (ContainerBalancerTask.java:matchSourceWithTarget(717)) - ContainerBalancer could not find a suitable target for source node 7b7a48f3-6e6c-40c8-bae0-dc076d7190a8.
2023-08-31 10:29:39,200 [main] DEBUG balancer.ContainerBalancerTask (ContainerBalancerTask.java:matchSourceWithTarget(708)) - ContainerBalancer is finding suitable target for source datanode 0da966ec-d304-4aba-a3c4-6da3d30bdd94
2023-08-31 10:29:39,201 [main] INFO  balancer.FindTargetGreedyByUsageInfo (AbstractFindTargetGreedy.java:findTargetForContainerMove(133)) - Container Balancer could not find a target for source datanode 0da966ec-d304-4aba-a3c4-6da3d30bdd94
2023-08-31 10:29:39,201 [main] DEBUG balancer.ContainerBalancerTask (ContainerBalancerTask.java:matchSourceWithTarget(717)) - ContainerBalancer could not find a suitable target for source node 0da966ec-d304-4aba-a3c4-6da3d30bdd94.
2023-08-31 10:29:39,201 [main] INFO  balancer.FindSourceGreedy (FindSourceGreedy.java:getNextCandidateSourceDataNode(126)) - no more candidate source data node
2023-08-31 10:29:39,202 [main] INFO  balancer.ContainerBalancerTask (ContainerBalancerTask.java:checkIterationMoveResults(642)) - Iteration Summary. Number of Datanodes involved: 3. Size moved: 15 GB (16106127360 Bytes). Number of Container moves completed: 3.
2023-08-31 10:29:39,202 [main] INFO  balancer.ContainerBalancerTask (ContainerBalancerTask.java:balance(259)) - Result of this iteration of Container Balancer: ITERATION_COMPLETED
2023-08-31 10:29:39,202 [main] INFO  balancer.ContainerBalancerTask (ContainerBalancerTask.java:tryStopWithSaveConfiguration(308)) - Save Configuration for stopping. Reason: Completed all iterations.
2023-08-31 10:29:39,203 [main] DEBUG balancer.ContainerBalancerTask (ContainerBalancerTask.java:initializeIteration(374)) - Average utilization of the cluster is 0.3844231587733851
2023-08-31 10:29:39,203 [main] DEBUG balancer.ContainerBalancerTask (ContainerBalancerTask.java:initializeIteration(386)) - Lower limit for utilization is -0.24777203262747743 and Upper limit for utilization is 1.0166183501742476
2023-08-31 10:29:39,203 [main] DEBUG balancer.ContainerBalancerTask (ContainerBalancerTask.java:initializeIteration(398)) - Utilization for node 0fd63a37-cd50-44c6-a0ff-79fd9e4bfe1a with capacity 65617555911B, used 59055800320B, and remaining 6561755591B is 0.900000000001524
2023-08-31 10:29:39,203 [main] DEBUG balancer.ContainerBalancerTask (ContainerBalancerTask.java:initializeIteration(398)) - Utilization for node 7b7a48f3-6e6c-40c8-bae0-dc076d7190a8 with capacity 76504104960B, used 61203283968B, and remaining 15300820992B is 0.8
2023-08-31 10:29:39,203 [main] DEBUG balancer.ContainerBalancerTask (ContainerBalancerTask.java:initializeIteration(398)) - Utilization for node 0da966ec-d304-4aba-a3c4-6da3d30bdd94 with capacity 82831512137B, used 57982058496B, and remaining 24849453641B is 0.7000000000012073
2023-08-31 10:29:39,203 [main] DEBUG balancer.ContainerBalancerTask (ContainerBalancerTask.java:initializeIteration(398)) - Utilization for node 54a67142-cf3c-479c-a664-446e6b66c15b with capacity 55476660906B, used 33285996544B, and remaining 22190664362B is 0.6000000000072102
2023-08-31 10:29:39,203 [main] DEBUG balancer.ContainerBalancerTask (ContainerBalancerTask.java:initializeIteration(398)) - Utilization for node e4f2c464-f8de-4df4-9ba1-d9809d16eaa0 with capacity 96636764160B, used 48318382080B, and remaining 48318382080B is 0.5
2023-08-31 10:29:39,203 [main] DEBUG balancer.ContainerBalancerTask (ContainerBalancerTask.java:initializeIteration(398)) - Utilization for node 298e8999-667d-4130-a3f3-d54ad17f81af with capacity 99321118720B, used 39728447488B, and remaining 59592671232B is 0.4
2023-08-31 10:29:39,203 [main] DEBUG balancer.ContainerBalancerTask (ContainerBalancerTask.java:initializeIteration(398)) - Utilization for node ea5c1859-a2ef-4183-83ff-b7e36fcf01d4 with capacity 96636764160B, used 28991029248B, and remaining 67645734912B is 0.3
2023-08-31 10:29:39,204 [main] DEBUG balancer.ContainerBalancerTask (ContainerBalancerTask.java:initializeIteration(398)) - Utilization for node 0f36dd41-558e-4ec6-8642-9fd9e057ab75 with capacity 187904819200B, used 37580963840B, and remaining 150323855360B is 0.2
2023-08-31 10:29:39,204 [main] DEBUG balancer.ContainerBalancerTask (ContainerBalancerTask.java:initializeIteration(398)) - Utilization for node 2d681fd5-2e55-4a11-859d-3964a107aab2 with capacity 225485783040B, used 22548578304B, and remaining 202937204736B is 0.1
2023-08-31 10:29:39,204 [main] DEBUG balancer.ContainerBalancerTask (ContainerBalancerTask.java:initializeIteration(398)) - Utilization for node e4dd84d2-26e1-49fb-97da-c18f91d47e4d with capacity 24696061952B, used 0B, and remaining 24696061952B is 0.0
2023-08-31 10:29:39,204 [main] INFO  balancer.ContainerBalancerTask (ContainerBalancerTask.java:initializeIteration(443)) - Did not find any unbalanced Datanodes.
2023-08-31 10:29:39,204 [main] INFO  balancer.ContainerBalancerTask (ContainerBalancerTask.java:tryStopWithSaveConfiguration(308)) - Save Configuration for stopping. Reason: Could not initialize ContainerBalancer's iteration number 0
2023-08-31 10:29:39,205 [main] DEBUG balancer.ContainerBalancerTask (ContainerBalancerTask.java:initializeIteration(374)) - Average utilization of the cluster is 0.3844231587733851
2023-08-31 10:29:39,205 [main] DEBUG balancer.ContainerBalancerTask (ContainerBalancerTask.java:initializeIteration(386)) - Lower limit for utilization is -0.5624112245515811 and Upper limit for utilization is 1.3312575420983512
2023-08-31 10:29:39,205 [main] DEBUG balancer.ContainerBalancerTask (ContainerBalancerTask.java:initializeIteration(398)) - Utilization for node 0fd63a37-cd50-44c6-a0ff-79fd9e4bfe1a with capacity 65617555911B, used 59055800320B, and remaining 6561755591B is 0.900000000001524
2023-08-31 10:29:39,205 [main] DEBUG balancer.ContainerBalancerTask (ContainerBalancerTask.java:initializeIteration(398)) - Utilization for node 7b7a48f3-6e6c-40c8-bae0-dc076d7190a8 with capacity 76504104960B, used 61203283968B, and remaining 15300820992B is 0.8
2023-08-31 10:29:39,205 [main] DEBUG balancer.ContainerBalancerTask (ContainerBalancerTask.java:initializeIteration(398)) - Utilization for node 0da966ec-d304-4aba-a3c4-6da3d30bdd94 with capacity 82831512137B, used 57982058496B, and remaining 24849453641B is 0.7000000000012073
2023-08-31 10:29:39,205 [main] DEBUG balancer.ContainerBalancerTask (ContainerBalancerTask.java:initializeIteration(398)) - Utilization for node 54a67142-cf3c-479c-a664-446e6b66c15b with capacity 55476660906B, used 33285996544B, and remaining 22190664362B is 0.6000000000072102
2023-08-31 10:29:39,205 [main] DEBUG balancer.ContainerBalancerTask (ContainerBalancerTask.java:initializeIteration(398)) - Utilization for node e4f2c464-f8de-4df4-9ba1-d9809d16eaa0 with capacity 96636764160B, used 48318382080B, and remaining 48318382080B is 0.5
2023-08-31 10:29:39,205 [main] DEBUG balancer.ContainerBalancerTask (ContainerBalancerTask.java:initializeIteration(398)) - Utilization for node 298e8999-667d-4130-a3f3-d54ad17f81af with capacity 99321118720B, used 39728447488B, and remaining 59592671232B is 0.4
2023-08-31 10:29:39,206 [main] DEBUG balancer.ContainerBalancerTask (ContainerBalancerTask.java:initializeIteration(398)) - Utilization for node ea5c1859-a2ef-4183-83ff-b7e36fcf01d4 with capacity 96636764160B, used 28991029248B, and remaining 67645734912B is 0.3
2023-08-31 10:29:39,206 [main] DEBUG balancer.ContainerBalancerTask (ContainerBalancerTask.java:initializeIteration(398)) - Utilization for node 0f36dd41-558e-4ec6-8642-9fd9e057ab75 with capacity 187904819200B, used 37580963840B, and remaining 150323855360B is 0.2
2023-08-31 10:29:39,206 [main] DEBUG balancer.ContainerBalancerTask (ContainerBalancerTask.java:initializeIteration(398)) - Utilization for node 2d681fd5-2e55-4a11-859d-3964a107aab2 with capacity 225485783040B, used 22548578304B, and remaining 202937204736B is 0.1
2023-08-31 10:29:39,206 [main] DEBUG balancer.ContainerBalancerTask (ContainerBalancerTask.java:initializeIteration(398)) - Utilization for node e4dd84d2-26e1-49fb-97da-c18f91d47e4d with capacity 24696061952B, used 0B, and remaining 24696061952B is 0.0
2023-08-31 10:29:39,206 [main] INFO  balancer.ContainerBalancerTask (ContainerBalancerTask.java:initializeIteration(443)) - Did not find any unbalanced Datanodes.
2023-08-31 10:29:39,206 [main] INFO  balancer.ContainerBalancerTask (ContainerBalancerTask.java:tryStopWithSaveConfiguration(308)) - Save Configuration for stopping. Reason: Could not initialize ContainerBalancer's iteration number 0
2023-08-31 10:29:39,207 [main] DEBUG balancer.ContainerBalancerTask (ContainerBalancerTask.java:initializeIteration(374)) - Average utilization of the cluster is 0.3844231587733851
2023-08-31 10:29:39,207 [main] DEBUG balancer.ContainerBalancerTask (ContainerBalancerTask.java:initializeIteration(386)) - Lower limit for utilization is -0.4566773038700562 and Upper limit for utilization is 1.2255236214168264
2023-08-31 10:29:39,207 [main] DEBUG balancer.ContainerBalancerTask (ContainerBalancerTask.java:initializeIteration(398)) - Utilization for node 0fd63a37-cd50-44c6-a0ff-79fd9e4bfe1a with capacity 65617555911B, used 59055800320B, and remaining 6561755591B is 0.900000000001524
2023-08-31 10:29:39,207 [main] DEBUG balancer.ContainerBalancerTask (ContainerBalancerTask.java:initializeIteration(398)) - Utilization for node 7b7a48f3-6e6c-40c8-bae0-dc076d7190a8 with capacity 76504104960B, used 61203283968B, and remaining 15300820992B is 0.8
2023-08-31 10:29:39,207 [main] DEBUG balancer.ContainerBalancerTask (ContainerBalancerTask.java:initializeIteration(398)) - Utilization for node 0da966ec-d304-4aba-a3c4-6da3d30bdd94 with capacity 82831512137B, used 57982058496B, and remaining 24849453641B is 0.7000000000012073
2023-08-31 10:29:39,207 [main] DEBUG balancer.ContainerBalancerTask (ContainerBalancerTask.java:initializeIteration(398)) - Utilization for node 54a67142-cf3c-479c-a664-446e6b66c15b with capacity 55476660906B, used 33285996544B, and remaining 22190664362B is 0.6000000000072102
2023-08-31 10:29:39,207 [main] DEBUG balancer.ContainerBalancerTask (ContainerBalancerTask.java:initializeIteration(398)) - Utilization for node e4f2c464-f8de-4df4-9ba1-d9809d16eaa0 with capacity 96636764160B, used 48318382080B, and remaining 48318382080B is 0.5
2023-08-31 10:29:39,207 [main] DEBUG balancer.ContainerBalancerTask (ContainerBalancerTask.java:initializeIteration(398)) - Utilization for node 298e8999-667d-4130-a3f3-d54ad17f81af with capacity 99321118720B, used 39728447488B, and remaining 59592671232B is 0.4
2023-08-31 10:29:39,207 [main] DEBUG balancer.ContainerBalancerTask (ContainerBalancerTask.java:initializeIteration(398)) - Utilization for node ea5c1859-a2ef-4183-83ff-b7e36fcf01d4 with capacity 96636764160B, used 28991029248B, and remaining 67645734912B is 0.3
2023-08-31 10:29:39,208 [main] DEBUG balancer.ContainerBalancerTask (ContainerBalancerTask.java:initializeIteration(398)) - Utilization for node 0f36dd41-558e-4ec6-8642-9fd9e057ab75 with capacity 187904819200B, used 37580963840B, and remaining 150323855360B is 0.2
2023-08-31 10:29:39,208 [main] DEBUG balancer.ContainerBalancerTask (ContainerBalancerTask.java:initializeIteration(398)) - Utilization for node 2d681fd5-2e55-4a11-859d-3964a107aab2 with capacity 225485783040B, used 22548578304B, and remaining 202937204736B is 0.1
2023-08-31 10:29:39,208 [main] DEBUG balancer.ContainerBalancerTask (ContainerBalancerTask.java:initializeIteration(398)) - Utilization for node e4dd84d2-26e1-49fb-97da-c18f91d47e4d with capacity 24696061952B, used 0B, and remaining 24696061952B is 0.0
2023-08-31 10:29:39,208 [main] INFO  balancer.ContainerBalancerTask (ContainerBalancerTask.java:initializeIteration(443)) - Did not find any unbalanced Datanodes.
2023-08-31 10:29:39,208 [main] INFO  balancer.ContainerBalancerTask (ContainerBalancerTask.java:tryStopWithSaveConfiguration(308)) - Save Configuration for stopping. Reason: Could not initialize ContainerBalancer's iteration number 0
2023-08-31 10:29:39,209 [main] DEBUG balancer.ContainerBalancerTask (ContainerBalancerTask.java:initializeIteration(374)) - Average utilization of the cluster is 0.3844231587733851
2023-08-31 10:29:39,209 [main] DEBUG balancer.ContainerBalancerTask (ContainerBalancerTask.java:initializeIteration(386)) - Lower limit for utilization is 0.04923984047975022 and Upper limit for utilization is 0.7196064770670201
2023-08-31 10:29:39,209 [main] DEBUG balancer.ContainerBalancerTask (ContainerBalancerTask.java:initializeIteration(398)) - Utilization for node 0fd63a37-cd50-44c6-a0ff-79fd9e4bfe1a with capacity 65617555911B, used 59055800320B, and remaining 6561755591B is 0.900000000001524
2023-08-31 10:29:39,209 [main] DEBUG balancer.ContainerBalancerTask (ContainerBalancerTask.java:initializeIteration(398)) - Utilization for node 7b7a48f3-6e6c-40c8-bae0-dc076d7190a8 with capacity 76504104960B, used 61203283968B, and remaining 15300820992B is 0.8
2023-08-31 10:29:39,209 [main] DEBUG balancer.ContainerBalancerTask (ContainerBalancerTask.java:initializeIteration(398)) - Utilization for node 0da966ec-d304-4aba-a3c4-6da3d30bdd94 with capacity 82831512137B, used 57982058496B, and remaining 24849453641B is 0.7000000000012073
2023-08-31 10:29:39,209 [main] DEBUG balancer.ContainerBalancerTask (ContainerBalancerTask.java:initializeIteration(398)) - Utilization for node 54a67142-cf3c-479c-a664-446e6b66c15b with capacity 55476660906B, used 33285996544B, and remaining 22190664362B is 0.6000000000072102
2023-08-31 10:29:39,209 [main] DEBUG balancer.ContainerBalancerTask (ContainerBalancerTask.java:initializeIteration(398)) - Utilization for node e4f2c464-f8de-4df4-9ba1-d9809d16eaa0 with capacity 96636764160B, used 48318382080B, and remaining 48318382080B is 0.5
2023-08-31 10:29:39,209 [main] DEBUG balancer.ContainerBalancerTask (ContainerBalancerTask.java:initializeIteration(398)) - Utilization for node 298e8999-667d-4130-a3f3-d54ad17f81af with capacity 99321118720B, used 39728447488B, and remaining 59592671232B is 0.4
2023-08-31 10:29:39,209 [main] DEBUG balancer.ContainerBalancerTask (ContainerBalancerTask.java:initializeIteration(398)) - Utilization for node ea5c1859-a2ef-4183-83ff-b7e36fcf01d4 with capacity 96636764160B, used 28991029248B, and remaining 67645734912B is 0.3
2023-08-31 10:29:39,209 [main] DEBUG balancer.ContainerBalancerTask (ContainerBalancerTask.java:initializeIteration(398)) - Utilization for node 0f36dd41-558e-4ec6-8642-9fd9e057ab75 with capacity 187904819200B, used 37580963840B, and remaining 150323855360B is 0.2
2023-08-31 10:29:39,210 [main] DEBUG balancer.ContainerBalancerTask (ContainerBalancerTask.java:initializeIteration(398)) - Utilization for node 2d681fd5-2e55-4a11-859d-3964a107aab2 with capacity 225485783040B, used 22548578304B, and remaining 202937204736B is 0.1
2023-08-31 10:29:39,210 [main] DEBUG balancer.ContainerBalancerTask (ContainerBalancerTask.java:initializeIteration(398)) - Utilization for node e4dd84d2-26e1-49fb-97da-c18f91d47e4d with capacity 24696061952B, used 0B, and remaining 24696061952B is 0.0
2023-08-31 10:29:39,210 [main] INFO  balancer.ContainerBalancerTask (ContainerBalancerTask.java:initializeIteration(447)) - Container Balancer has identified 2 Over-Utilized and 1 Under-Utilized Datanodes that need to be balanced.
2023-08-31 10:29:39,210 [main] DEBUG balancer.ContainerBalancerTask (ContainerBalancerTask.java:lambda$initializeIteration$1(453)) - Datanode localhost-116.130.156.111 0fd63a37-cd50-44c6-a0ff-79fd9e4bfe1a is Over-Utilized.
2023-08-31 10:29:39,210 [main] DEBUG balancer.ContainerBalancerTask (ContainerBalancerTask.java:lambda$initializeIteration$1(453)) - Datanode localhost-241.232.196.95 7b7a48f3-6e6c-40c8-bae0-dc076d7190a8 is Over-Utilized.
2023-08-31 10:29:39,210 [main] DEBUG balancer.ContainerBalancerTask (ContainerBalancerTask.java:lambda$initializeIteration$2(459)) - Datanode localhost-83.167.164.80 e4dd84d2-26e1-49fb-97da-c18f91d47e4d is Under-Utilized.
2023-08-31 10:29:39,213 [main] DEBUG balancer.ContainerBalancerTask (ContainerBalancerTask.java:matchSourceWithTarget(708)) - ContainerBalancer is finding suitable target for source datanode 0fd63a37-cd50-44c6-a0ff-79fd9e4bfe1a
2023-08-31 10:29:39,213 [main] INFO  balancer.ContainerBalancerTask (ContainerBalancerTask.java:matchSourceWithTarget(722)) - ContainerBalancer matched source datanode 0fd63a37-cd50-44c6-a0ff-79fd9e4bfe1a with target datanode e4dd84d2-26e1-49fb-97da-c18f91d47e4d for container move.
2023-08-31 10:29:39,213 [main] INFO  balancer.ContainerBalancerTask (ContainerBalancerTask.java:processMoveSelection(569)) - ContainerBalancer is trying to move container #85 with size 5368709120B from source datanode 0fd63a37-cd50-44c6-a0ff-79fd9e4bfe1a to target datanode e4dd84d2-26e1-49fb-97da-c18f91d47e4d
2023-08-31 10:29:39,214 [main] DEBUG balancer.ContainerBalancerTask (ContainerBalancerTask.java:lambda$moveContainer$3(837)) - Container move completed for container #85 from source 0fd63a37-cd50-44c6-a0ff-79fd9e4bfe1a to target e4dd84d2-26e1-49fb-97da-c18f91d47e4d
2023-08-31 10:29:39,216 [main] DEBUG balancer.ContainerBalancerTask (ContainerBalancerTask.java:matchSourceWithTarget(708)) - ContainerBalancer is finding suitable target for source datanode 0fd63a37-cd50-44c6-a0ff-79fd9e4bfe1a
2023-08-31 10:29:39,217 [main] INFO  balancer.ContainerBalancerTask (ContainerBalancerTask.java:matchSourceWithTarget(722)) - ContainerBalancer matched source datanode 0fd63a37-cd50-44c6-a0ff-79fd9e4bfe1a with target datanode e4dd84d2-26e1-49fb-97da-c18f91d47e4d for container move.
2023-08-31 10:29:39,217 [main] INFO  balancer.ContainerBalancerTask (ContainerBalancerTask.java:processMoveSelection(569)) - ContainerBalancer is trying to move container #68 with size 5368709120B from source datanode 0fd63a37-cd50-44c6-a0ff-79fd9e4bfe1a to target datanode e4dd84d2-26e1-49fb-97da-c18f91d47e4d
2023-08-31 10:29:39,217 [main] DEBUG balancer.ContainerBalancerTask (ContainerBalancerTask.java:lambda$moveContainer$3(837)) - Container move completed for container #68 from source 0fd63a37-cd50-44c6-a0ff-79fd9e4bfe1a to target e4dd84d2-26e1-49fb-97da-c18f91d47e4d
2023-08-31 10:29:39,220 [main] DEBUG balancer.ContainerBalancerTask (ContainerBalancerTask.java:matchSourceWithTarget(708)) - ContainerBalancer is finding suitable target for source datanode 7b7a48f3-6e6c-40c8-bae0-dc076d7190a8
2023-08-31 10:29:39,220 [main] INFO  balancer.ContainerBalancerTask (ContainerBalancerTask.java:matchSourceWithTarget(722)) - ContainerBalancer matched source datanode 7b7a48f3-6e6c-40c8-bae0-dc076d7190a8 with target datanode e4dd84d2-26e1-49fb-97da-c18f91d47e4d for container move.
2023-08-31 10:29:39,221 [main] INFO  balancer.ContainerBalancerTask (ContainerBalancerTask.java:processMoveSelection(569)) - ContainerBalancer is trying to move container #53 with size 5368709120B from source datanode 7b7a48f3-6e6c-40c8-bae0-dc076d7190a8 to target datanode e4dd84d2-26e1-49fb-97da-c18f91d47e4d
2023-08-31 10:29:39,221 [main] DEBUG balancer.ContainerBalancerTask (ContainerBalancerTask.java:lambda$moveContainer$3(837)) - Container move completed for container #53 from source 7b7a48f3-6e6c-40c8-bae0-dc076d7190a8 to target e4dd84d2-26e1-49fb-97da-c18f91d47e4d
2023-08-31 10:29:39,224 [main] DEBUG balancer.ContainerBalancerTask (ContainerBalancerTask.java:matchSourceWithTarget(708)) - ContainerBalancer is finding suitable target for source datanode 0fd63a37-cd50-44c6-a0ff-79fd9e4bfe1a
2023-08-31 10:29:39,224 [main] INFO  balancer.ContainerBalancerTask (ContainerBalancerTask.java:matchSourceWithTarget(722)) - ContainerBalancer matched source datanode 0fd63a37-cd50-44c6-a0ff-79fd9e4bfe1a with target datanode e4dd84d2-26e1-49fb-97da-c18f91d47e4d for container move.
2023-08-31 10:29:39,225 [main] INFO  balancer.ContainerBalancerTask (ContainerBalancerTask.java:processMoveSelection(569)) - ContainerBalancer is trying to move container #86 with size 1073741824B from source datanode 0fd63a37-cd50-44c6-a0ff-79fd9e4bfe1a to target datanode e4dd84d2-26e1-49fb-97da-c18f91d47e4d
2023-08-31 10:29:39,225 [main] DEBUG balancer.ContainerBalancerTask (ContainerBalancerTask.java:lambda$moveContainer$3(837)) - Container move completed for container #86 from source 0fd63a37-cd50-44c6-a0ff-79fd9e4bfe1a to target e4dd84d2-26e1-49fb-97da-c18f91d47e4d
2023-08-31 10:29:39,228 [main] DEBUG balancer.ContainerBalancerTask (ContainerBalancerTask.java:matchSourceWithTarget(708)) - ContainerBalancer is finding suitable target for source datanode 7b7a48f3-6e6c-40c8-bae0-dc076d7190a8
2023-08-31 10:29:39,229 [main] INFO  balancer.FindTargetGreedyByUsageInfo (AbstractFindTargetGreedy.java:findTargetForContainerMove(133)) - Container Balancer could not find a target for source datanode 7b7a48f3-6e6c-40c8-bae0-dc076d7190a8
2023-08-31 10:29:39,229 [main] DEBUG balancer.ContainerBalancerTask (ContainerBalancerTask.java:matchSourceWithTarget(717)) - ContainerBalancer could not find a suitable target for source node 7b7a48f3-6e6c-40c8-bae0-dc076d7190a8.
2023-08-31 10:29:39,232 [main] DEBUG balancer.ContainerBalancerTask (ContainerBalancerTask.java:matchSourceWithTarget(708)) - ContainerBalancer is finding suitable target for source datanode 0fd63a37-cd50-44c6-a0ff-79fd9e4bfe1a
2023-08-31 10:29:39,233 [main] INFO  balancer.FindTargetGreedyByUsageInfo (AbstractFindTargetGreedy.java:findTargetForContainerMove(133)) - Container Balancer could not find a target for source datanode 0fd63a37-cd50-44c6-a0ff-79fd9e4bfe1a
2023-08-31 10:29:39,233 [main] DEBUG balancer.ContainerBalancerTask (ContainerBalancerTask.java:matchSourceWithTarget(717)) - ContainerBalancer could not find a suitable target for source node 0fd63a37-cd50-44c6-a0ff-79fd9e4bfe1a.
2023-08-31 10:29:39,233 [main] INFO  balancer.FindSourceGreedy (FindSourceGreedy.java:getNextCandidateSourceDataNode(126)) - no more candidate source data node
2023-08-31 10:29:39,233 [main] INFO  balancer.ContainerBalancerTask (ContainerBalancerTask.java:checkIterationMoveResults(642)) - Iteration Summary. Number of Datanodes involved: 3. Size moved: 16 GB (17179869184 Bytes). Number of Container moves completed: 4.
2023-08-31 10:29:39,233 [main] INFO  balancer.ContainerBalancerTask (ContainerBalancerTask.java:balance(259)) - Result of this iteration of Container Balancer: ITERATION_COMPLETED
2023-08-31 10:29:39,234 [main] INFO  balancer.ContainerBalancerTask (ContainerBalancerTask.java:tryStopWithSaveConfiguration(308)) - Save Configuration for stopping. Reason: Completed all iterations.
2023-08-31 10:29:39,235 [main] DEBUG balancer.ContainerBalancerTask (ContainerBalancerTask.java:initializeIteration(374)) - Average utilization of the cluster is 0.3844231587733851
2023-08-31 10:29:39,235 [main] DEBUG balancer.ContainerBalancerTask (ContainerBalancerTask.java:initializeIteration(386)) - Lower limit for utilization is -0.17546344942373565 and Upper limit for utilization is 0.9443097669705058
2023-08-31 10:29:39,235 [main] DEBUG balancer.ContainerBalancerTask (ContainerBalancerTask.java:initializeIteration(398)) - Utilization for node 0fd63a37-cd50-44c6-a0ff-79fd9e4bfe1a with capacity 65617555911B, used 59055800320B, and remaining 6561755591B is 0.900000000001524
2023-08-31 10:29:39,235 [main] DEBUG balancer.ContainerBalancerTask (ContainerBalancerTask.java:initializeIteration(398)) - Utilization for node 7b7a48f3-6e6c-40c8-bae0-dc076d7190a8 with capacity 76504104960B, used 61203283968B, and remaining 15300820992B is 0.8
2023-08-31 10:29:39,235 [main] DEBUG balancer.ContainerBalancerTask (ContainerBalancerTask.java:initializeIteration(398)) - Utilization for node 0da966ec-d304-4aba-a3c4-6da3d30bdd94 with capacity 82831512137B, used 57982058496B, and remaining 24849453641B is 0.7000000000012073
2023-08-31 10:29:39,235 [main] DEBUG balancer.ContainerBalancerTask (ContainerBalancerTask.java:initializeIteration(398)) - Utilization for node 54a67142-cf3c-479c-a664-446e6b66c15b with capacity 55476660906B, used 33285996544B, and remaining 22190664362B is 0.6000000000072102
2023-08-31 10:29:39,235 [main] DEBUG balancer.ContainerBalancerTask (ContainerBalancerTask.java:initializeIteration(398)) - Utilization for node e4f2c464-f8de-4df4-9ba1-d9809d16eaa0 with capacity 96636764160B, used 48318382080B, and remaining 48318382080B is 0.5
2023-08-31 10:29:39,235 [main] DEBUG balancer.ContainerBalancerTask (ContainerBalancerTask.java:initializeIteration(398)) - Utilization for node 298e8999-667d-4130-a3f3-d54ad17f81af with capacity 99321118720B, used 39728447488B, and remaining 59592671232B is 0.4
2023-08-31 10:29:39,235 [main] DEBUG balancer.ContainerBalancerTask (ContainerBalancerTask.java:initializeIteration(398)) - Utilization for node ea5c1859-a2ef-4183-83ff-b7e36fcf01d4 with capacity 96636764160B, used 28991029248B, and remaining 67645734912B is 0.3
2023-08-31 10:29:39,235 [main] DEBUG balancer.ContainerBalancerTask (ContainerBalancerTask.java:initializeIteration(398)) - Utilization for node 0f36dd41-558e-4ec6-8642-9fd9e057ab75 with capacity 187904819200B, used 37580963840B, and remaining 150323855360B is 0.2
2023-08-31 10:29:39,236 [main] DEBUG balancer.ContainerBalancerTask (ContainerBalancerTask.java:initializeIteration(398)) - Utilization for node 2d681fd5-2e55-4a11-859d-3964a107aab2 with capacity 225485783040B, used 22548578304B, and remaining 202937204736B is 0.1
2023-08-31 10:29:39,236 [main] DEBUG balancer.ContainerBalancerTask (ContainerBalancerTask.java:initializeIteration(398)) - Utilization for node e4dd84d2-26e1-49fb-97da-c18f91d47e4d with capacity 24696061952B, used 0B, and remaining 24696061952B is 0.0
2023-08-31 10:29:39,236 [main] INFO  balancer.ContainerBalancerTask (ContainerBalancerTask.java:initializeIteration(443)) - Did not find any unbalanced Datanodes.
2023-08-31 10:29:39,236 [main] INFO  balancer.ContainerBalancerTask (ContainerBalancerTask.java:tryStopWithSaveConfiguration(308)) - Save Configuration for stopping. Reason: Could not initialize ContainerBalancer's iteration number 0
2023-08-31 10:29:39,237 [main] DEBUG balancer.ContainerBalancerTask (ContainerBalancerTask.java:initializeIteration(374)) - Average utilization of the cluster is 0.3844231587733851
2023-08-31 10:29:39,237 [main] DEBUG balancer.ContainerBalancerTask (ContainerBalancerTask.java:initializeIteration(386)) - Lower limit for utilization is -0.3532056357796602 and Upper limit for utilization is 1.1220519533264304
2023-08-31 10:29:39,237 [main] DEBUG balancer.ContainerBalancerTask (ContainerBalancerTask.java:initializeIteration(398)) - Utilization for node 0fd63a37-cd50-44c6-a0ff-79fd9e4bfe1a with capacity 65617555911B, used 59055800320B, and remaining 6561755591B is 0.900000000001524
2023-08-31 10:29:39,237 [main] DEBUG balancer.ContainerBalancerTask (ContainerBalancerTask.java:initializeIteration(398)) - Utilization for node 7b7a48f3-6e6c-40c8-bae0-dc076d7190a8 with capacity 76504104960B, used 61203283968B, and remaining 15300820992B is 0.8
2023-08-31 10:29:39,237 [main] DEBUG balancer.ContainerBalancerTask (ContainerBalancerTask.java:initializeIteration(398)) - Utilization for node 0da966ec-d304-4aba-a3c4-6da3d30bdd94 with capacity 82831512137B, used 57982058496B, and remaining 24849453641B is 0.7000000000012073
2023-08-31 10:29:39,237 [main] DEBUG balancer.ContainerBalancerTask (ContainerBalancerTask.java:initializeIteration(398)) - Utilization for node 54a67142-cf3c-479c-a664-446e6b66c15b with capacity 55476660906B, used 33285996544B, and remaining 22190664362B is 0.6000000000072102
2023-08-31 10:29:39,237 [main] DEBUG balancer.ContainerBalancerTask (ContainerBalancerTask.java:initializeIteration(398)) - Utilization for node e4f2c464-f8de-4df4-9ba1-d9809d16eaa0 with capacity 96636764160B, used 48318382080B, and remaining 48318382080B is 0.5
2023-08-31 10:29:39,237 [main] DEBUG balancer.ContainerBalancerTask (ContainerBalancerTask.java:initializeIteration(398)) - Utilization for node 298e8999-667d-4130-a3f3-d54ad17f81af with capacity 99321118720B, used 39728447488B, and remaining 59592671232B is 0.4
2023-08-31 10:29:39,237 [main] DEBUG balancer.ContainerBalancerTask (ContainerBalancerTask.java:initializeIteration(398)) - Utilization for node ea5c1859-a2ef-4183-83ff-b7e36fcf01d4 with capacity 96636764160B, used 28991029248B, and remaining 67645734912B is 0.3
2023-08-31 10:29:39,238 [main] DEBUG balancer.ContainerBalancerTask (ContainerBalancerTask.java:initializeIteration(398)) - Utilization for node 0f36dd41-558e-4ec6-8642-9fd9e057ab75 with capacity 187904819200B, used 37580963840B, and remaining 150323855360B is 0.2
2023-08-31 10:29:39,238 [main] DEBUG balancer.ContainerBalancerTask (ContainerBalancerTask.java:initializeIteration(398)) - Utilization for node 2d681fd5-2e55-4a11-859d-3964a107aab2 with capacity 225485783040B, used 22548578304B, and remaining 202937204736B is 0.1
2023-08-31 10:29:39,238 [main] DEBUG balancer.ContainerBalancerTask (ContainerBalancerTask.java:initializeIteration(398)) - Utilization for node e4dd84d2-26e1-49fb-97da-c18f91d47e4d with capacity 24696061952B, used 0B, and remaining 24696061952B is 0.0
2023-08-31 10:29:39,238 [main] INFO  balancer.ContainerBalancerTask (ContainerBalancerTask.java:initializeIteration(443)) - Did not find any unbalanced Datanodes.
2023-08-31 10:29:39,238 [main] INFO  balancer.ContainerBalancerTask (ContainerBalancerTask.java:tryStopWithSaveConfiguration(308)) - Save Configuration for stopping. Reason: Could not initialize ContainerBalancer's iteration number 0
]]></system-out>
  </testcase>
  <testcase name="balancerShouldObeyMaxSizeEnteringTargetLimit" classname="org.apache.hadoop.hdds.scm.container.balancer.TestContainerBalancerTask" time="0.73">
    <system-out><![CDATA[2023-08-31 10:29:39,273 [main] INFO  net.NodeSchemaLoader (NodeSchemaLoader.java:loadSchemaFromFile(129)) - Loading schema from [file:/home/runner/work/ozone/ozone/hadoop-hdds/common/target/classes/network-topology-default.xml]
2023-08-31 10:29:39,274 [main] INFO  net.NodeSchemaLoader (NodeSchemaLoader.java:loadSchema(176)) - Loading network topology layer schema file
2023-08-31 10:29:39,278 [main] INFO  net.NetworkTopologyImpl (NetworkTopologyImpl.java:add(112)) - Added a new node: /default-rack/b8fd4667-b473-4dce-bc08-778c664fa1fc
2023-08-31 10:29:39,279 [main] INFO  net.NetworkTopologyImpl (NetworkTopologyImpl.java:add(112)) - Added a new node: /default-rack/47c46efe-210e-4c95-8246-6fda73780b57
2023-08-31 10:29:39,279 [main] INFO  net.NetworkTopologyImpl (NetworkTopologyImpl.java:add(112)) - Added a new node: /default-rack/fb9f2c03-fb16-4cf6-aed9-8dd598966574
2023-08-31 10:29:39,279 [main] INFO  net.NetworkTopologyImpl (NetworkTopologyImpl.java:add(112)) - Added a new node: /default-rack/ded9a94b-bb28-46d1-aec0-9e92ac21e7ae
2023-08-31 10:29:39,279 [main] INFO  net.NetworkTopologyImpl (NetworkTopologyImpl.java:add(112)) - Added a new node: /default-rack/7c7bb1a2-e160-4d4d-a148-0c0a208269cd
2023-08-31 10:29:39,279 [main] INFO  net.NetworkTopologyImpl (NetworkTopologyImpl.java:add(112)) - Added a new node: /default-rack/24a3d4b1-b311-4f54-9d73-9afbb37bf9ce
2023-08-31 10:29:39,279 [main] INFO  net.NetworkTopologyImpl (NetworkTopologyImpl.java:add(112)) - Added a new node: /default-rack/0089e807-e1f0-4b85-83af-00289f20d061
2023-08-31 10:29:39,279 [main] INFO  net.NetworkTopologyImpl (NetworkTopologyImpl.java:add(112)) - Added a new node: /default-rack/dee9af8b-2c7c-4d1f-bde2-d41b95f1bc74
2023-08-31 10:29:39,279 [main] INFO  net.NetworkTopologyImpl (NetworkTopologyImpl.java:add(112)) - Added a new node: /default-rack/f5b9dd81-4cba-478f-b4dc-b2a19a122aec
2023-08-31 10:29:39,279 [main] INFO  net.NetworkTopologyImpl (NetworkTopologyImpl.java:add(112)) - Added a new node: /default-rack/7b0b304a-28a1-4862-846d-b4247593e2a7
2023-08-31 10:29:39,280 [main] INFO  algorithms.ContainerPlacementPolicyFactory (ContainerPlacementPolicyFactory.java:getPolicyInternal(86)) - Create container placement policy of type org.apache.hadoop.hdds.scm.container.placement.algorithms.SCMContainerPlacementRackAware
2023-08-31 10:29:39,280 [main] INFO  algorithms.ContainerPlacementPolicyFactory (ContainerPlacementPolicyFactory.java:getPolicyInternal(86)) - Create container placement policy of type org.apache.hadoop.hdds.scm.container.placement.algorithms.SCMContainerPlacementRackScatter
2023-08-31 10:29:39,283 [main] DEBUG balancer.ContainerBalancerTask (ContainerBalancerTask.java:initializeIteration(374)) - Average utilization of the cluster is 0.3481500382754011
2023-08-31 10:29:39,283 [main] DEBUG balancer.ContainerBalancerTask (ContainerBalancerTask.java:initializeIteration(386)) - Lower limit for utilization is 0.24815003827540108 and Upper limit for utilization is 0.4481500382754011
2023-08-31 10:29:39,283 [main] DEBUG balancer.ContainerBalancerTask (ContainerBalancerTask.java:initializeIteration(398)) - Utilization for node 7c7bb1a2-e160-4d4d-a148-0c0a208269cd with capacity 54880137671B, used 49392123904B, and remaining 5488013767B is 0.9000000000018221
2023-08-31 10:29:39,283 [main] DEBUG balancer.ContainerBalancerTask (ContainerBalancerTask.java:initializeIteration(398)) - Utilization for node fb9f2c03-fb16-4cf6-aed9-8dd598966574 with capacity 72477573120B, used 57982058496B, and remaining 14495514624B is 0.8
2023-08-31 10:29:39,283 [main] DEBUG balancer.ContainerBalancerTask (ContainerBalancerTask.java:initializeIteration(398)) - Utilization for node 47c46efe-210e-4c95-8246-6fda73780b57 with capacity 64424509440B, used 45097156608B, and remaining 19327352832B is 0.7
2023-08-31 10:29:39,283 [main] DEBUG balancer.ContainerBalancerTask (ContainerBalancerTask.java:initializeIteration(398)) - Utilization for node 24a3d4b1-b311-4f54-9d73-9afbb37bf9ce with capacity 87688915626B, used 52613349376B, and remaining 35075566250B is 0.6000000000045616
2023-08-31 10:29:39,283 [main] DEBUG balancer.ContainerBalancerTask (ContainerBalancerTask.java:initializeIteration(398)) - Utilization for node dee9af8b-2c7c-4d1f-bde2-d41b95f1bc74 with capacity 105226698752B, used 52613349376B, and remaining 52613349376B is 0.5
2023-08-31 10:29:39,283 [main] DEBUG balancer.ContainerBalancerTask (ContainerBalancerTask.java:initializeIteration(398)) - Utilization for node b8fd4667-b473-4dce-bc08-778c664fa1fc with capacity 85899345920B, used 34359738368B, and remaining 51539607552B is 0.4
2023-08-31 10:29:39,283 [main] DEBUG balancer.ContainerBalancerTask (ContainerBalancerTask.java:initializeIteration(398)) - Utilization for node 0089e807-e1f0-4b85-83af-00289f20d061 with capacity 153902994773B, used 46170898432B, and remaining 107732096341B is 0.30000000000064975
2023-08-31 10:29:39,284 [main] DEBUG balancer.ContainerBalancerTask (ContainerBalancerTask.java:initializeIteration(398)) - Utilization for node 7b0b304a-28a1-4862-846d-b4247593e2a7 with capacity 193273528320B, used 38654705664B, and remaining 154618822656B is 0.2
2023-08-31 10:29:39,284 [main] DEBUG balancer.ContainerBalancerTask (ContainerBalancerTask.java:initializeIteration(398)) - Utilization for node f5b9dd81-4cba-478f-b4dc-b2a19a122aec with capacity 300647710720B, used 30064771072B, and remaining 270582939648B is 0.1
2023-08-31 10:29:39,284 [main] DEBUG balancer.ContainerBalancerTask (ContainerBalancerTask.java:initializeIteration(398)) - Utilization for node ded9a94b-bb28-46d1-aec0-9e92ac21e7ae with capacity 50465865728B, used 0B, and remaining 50465865728B is 0.0
2023-08-31 10:29:39,284 [main] INFO  balancer.ContainerBalancerTask (ContainerBalancerTask.java:initializeIteration(447)) - Container Balancer has identified 5 Over-Utilized and 3 Under-Utilized Datanodes that need to be balanced.
2023-08-31 10:29:39,284 [main] DEBUG balancer.ContainerBalancerTask (ContainerBalancerTask.java:lambda$initializeIteration$1(453)) - Datanode localhost-127.250.7.186 7c7bb1a2-e160-4d4d-a148-0c0a208269cd is Over-Utilized.
2023-08-31 10:29:39,284 [main] DEBUG balancer.ContainerBalancerTask (ContainerBalancerTask.java:lambda$initializeIteration$1(453)) - Datanode localhost-66.73.109.7 fb9f2c03-fb16-4cf6-aed9-8dd598966574 is Over-Utilized.
2023-08-31 10:29:39,284 [main] DEBUG balancer.ContainerBalancerTask (ContainerBalancerTask.java:lambda$initializeIteration$1(453)) - Datanode localhost-131.6.130.10 47c46efe-210e-4c95-8246-6fda73780b57 is Over-Utilized.
2023-08-31 10:29:39,284 [main] DEBUG balancer.ContainerBalancerTask (ContainerBalancerTask.java:lambda$initializeIteration$1(453)) - Datanode localhost-116.83.113.42 24a3d4b1-b311-4f54-9d73-9afbb37bf9ce is Over-Utilized.
2023-08-31 10:29:39,284 [main] DEBUG balancer.ContainerBalancerTask (ContainerBalancerTask.java:lambda$initializeIteration$1(453)) - Datanode localhost-32.59.131.127 dee9af8b-2c7c-4d1f-bde2-d41b95f1bc74 is Over-Utilized.
2023-08-31 10:29:39,285 [main] DEBUG balancer.ContainerBalancerTask (ContainerBalancerTask.java:lambda$initializeIteration$2(459)) - Datanode localhost-33.208.111.45 ded9a94b-bb28-46d1-aec0-9e92ac21e7ae is Under-Utilized.
2023-08-31 10:29:39,285 [main] DEBUG balancer.ContainerBalancerTask (ContainerBalancerTask.java:lambda$initializeIteration$2(459)) - Datanode localhost-138.234.174.53 f5b9dd81-4cba-478f-b4dc-b2a19a122aec is Under-Utilized.
2023-08-31 10:29:39,285 [main] DEBUG balancer.ContainerBalancerTask (ContainerBalancerTask.java:lambda$initializeIteration$2(459)) - Datanode localhost-40.185.131.157 7b0b304a-28a1-4862-846d-b4247593e2a7 is Under-Utilized.
2023-08-31 10:29:39,287 [main] DEBUG balancer.ContainerBalancerTask (ContainerBalancerTask.java:matchSourceWithTarget(708)) - ContainerBalancer is finding suitable target for source datanode 7c7bb1a2-e160-4d4d-a148-0c0a208269cd
2023-08-31 10:29:39,290 [main] INFO  balancer.FindTargetGreedyByUsageInfo (AbstractFindTargetGreedy.java:findTargetForContainerMove(133)) - Container Balancer could not find a target for source datanode 7c7bb1a2-e160-4d4d-a148-0c0a208269cd
2023-08-31 10:29:39,290 [main] DEBUG balancer.ContainerBalancerTask (ContainerBalancerTask.java:matchSourceWithTarget(717)) - ContainerBalancer could not find a suitable target for source node 7c7bb1a2-e160-4d4d-a148-0c0a208269cd.
2023-08-31 10:29:39,293 [main] DEBUG balancer.ContainerBalancerTask (ContainerBalancerTask.java:matchSourceWithTarget(708)) - ContainerBalancer is finding suitable target for source datanode fb9f2c03-fb16-4cf6-aed9-8dd598966574
2023-08-31 10:29:39,696 [main] INFO  balancer.FindTargetGreedyByUsageInfo (AbstractFindTargetGreedy.java:findTargetForContainerMove(133)) - Container Balancer could not find a target for source datanode fb9f2c03-fb16-4cf6-aed9-8dd598966574
2023-08-31 10:29:39,697 [main] DEBUG balancer.ContainerBalancerTask (ContainerBalancerTask.java:matchSourceWithTarget(717)) - ContainerBalancer could not find a suitable target for source node fb9f2c03-fb16-4cf6-aed9-8dd598966574.
2023-08-31 10:29:39,699 [main] DEBUG balancer.ContainerBalancerTask (ContainerBalancerTask.java:matchSourceWithTarget(708)) - ContainerBalancer is finding suitable target for source datanode 47c46efe-210e-4c95-8246-6fda73780b57
2023-08-31 10:29:39,701 [main] INFO  balancer.FindTargetGreedyByUsageInfo (AbstractFindTargetGreedy.java:findTargetForContainerMove(133)) - Container Balancer could not find a target for source datanode 47c46efe-210e-4c95-8246-6fda73780b57
2023-08-31 10:29:39,701 [main] DEBUG balancer.ContainerBalancerTask (ContainerBalancerTask.java:matchSourceWithTarget(717)) - ContainerBalancer could not find a suitable target for source node 47c46efe-210e-4c95-8246-6fda73780b57.
2023-08-31 10:29:39,705 [main] DEBUG balancer.ContainerBalancerTask (ContainerBalancerTask.java:matchSourceWithTarget(708)) - ContainerBalancer is finding suitable target for source datanode 24a3d4b1-b311-4f54-9d73-9afbb37bf9ce
2023-08-31 10:29:39,707 [main] INFO  balancer.FindTargetGreedyByUsageInfo (AbstractFindTargetGreedy.java:findTargetForContainerMove(133)) - Container Balancer could not find a target for source datanode 24a3d4b1-b311-4f54-9d73-9afbb37bf9ce
2023-08-31 10:29:39,707 [main] DEBUG balancer.ContainerBalancerTask (ContainerBalancerTask.java:matchSourceWithTarget(717)) - ContainerBalancer could not find a suitable target for source node 24a3d4b1-b311-4f54-9d73-9afbb37bf9ce.
2023-08-31 10:29:39,710 [main] DEBUG balancer.ContainerBalancerTask (ContainerBalancerTask.java:matchSourceWithTarget(708)) - ContainerBalancer is finding suitable target for source datanode dee9af8b-2c7c-4d1f-bde2-d41b95f1bc74
2023-08-31 10:29:39,713 [main] INFO  balancer.FindTargetGreedyByUsageInfo (AbstractFindTargetGreedy.java:findTargetForContainerMove(133)) - Container Balancer could not find a target for source datanode dee9af8b-2c7c-4d1f-bde2-d41b95f1bc74
2023-08-31 10:29:39,713 [main] DEBUG balancer.ContainerBalancerTask (ContainerBalancerTask.java:matchSourceWithTarget(717)) - ContainerBalancer could not find a suitable target for source node dee9af8b-2c7c-4d1f-bde2-d41b95f1bc74.
2023-08-31 10:29:39,713 [main] INFO  balancer.FindSourceGreedy (FindSourceGreedy.java:getNextCandidateSourceDataNode(126)) - no more candidate source data node
2023-08-31 10:29:39,714 [main] INFO  balancer.ContainerBalancerTask (ContainerBalancerTask.java:balance(259)) - Result of this iteration of Container Balancer: CAN_NOT_BALANCE_ANY_MORE
2023-08-31 10:29:39,714 [main] INFO  balancer.ContainerBalancerTask (ContainerBalancerTask.java:tryStopWithSaveConfiguration(308)) - Save Configuration for stopping. Reason: CAN_NOT_BALANCE_ANY_MORE
2023-08-31 10:29:39,727 [main] DEBUG balancer.ContainerBalancerTask (ContainerBalancerTask.java:initializeIteration(374)) - Average utilization of the cluster is 0.3481500382754011
2023-08-31 10:29:39,727 [main] DEBUG balancer.ContainerBalancerTask (ContainerBalancerTask.java:initializeIteration(386)) - Lower limit for utilization is 0.24815003827540108 and Upper limit for utilization is 0.4481500382754011
2023-08-31 10:29:39,728 [main] DEBUG balancer.ContainerBalancerTask (ContainerBalancerTask.java:initializeIteration(398)) - Utilization for node 7c7bb1a2-e160-4d4d-a148-0c0a208269cd with capacity 54880137671B, used 49392123904B, and remaining 5488013767B is 0.9000000000018221
2023-08-31 10:29:39,728 [main] DEBUG balancer.ContainerBalancerTask (ContainerBalancerTask.java:initializeIteration(398)) - Utilization for node fb9f2c03-fb16-4cf6-aed9-8dd598966574 with capacity 72477573120B, used 57982058496B, and remaining 14495514624B is 0.8
2023-08-31 10:29:39,728 [main] DEBUG balancer.ContainerBalancerTask (ContainerBalancerTask.java:initializeIteration(398)) - Utilization for node 47c46efe-210e-4c95-8246-6fda73780b57 with capacity 64424509440B, used 45097156608B, and remaining 19327352832B is 0.7
2023-08-31 10:29:39,728 [main] DEBUG balancer.ContainerBalancerTask (ContainerBalancerTask.java:initializeIteration(398)) - Utilization for node 24a3d4b1-b311-4f54-9d73-9afbb37bf9ce with capacity 87688915626B, used 52613349376B, and remaining 35075566250B is 0.6000000000045616
2023-08-31 10:29:39,728 [main] DEBUG balancer.ContainerBalancerTask (ContainerBalancerTask.java:initializeIteration(398)) - Utilization for node dee9af8b-2c7c-4d1f-bde2-d41b95f1bc74 with capacity 105226698752B, used 52613349376B, and remaining 52613349376B is 0.5
2023-08-31 10:29:39,728 [main] DEBUG balancer.ContainerBalancerTask (ContainerBalancerTask.java:initializeIteration(398)) - Utilization for node b8fd4667-b473-4dce-bc08-778c664fa1fc with capacity 85899345920B, used 34359738368B, and remaining 51539607552B is 0.4
2023-08-31 10:29:39,728 [main] DEBUG balancer.ContainerBalancerTask (ContainerBalancerTask.java:initializeIteration(398)) - Utilization for node 0089e807-e1f0-4b85-83af-00289f20d061 with capacity 153902994773B, used 46170898432B, and remaining 107732096341B is 0.30000000000064975
2023-08-31 10:29:39,728 [main] DEBUG balancer.ContainerBalancerTask (ContainerBalancerTask.java:initializeIteration(398)) - Utilization for node 7b0b304a-28a1-4862-846d-b4247593e2a7 with capacity 193273528320B, used 38654705664B, and remaining 154618822656B is 0.2
2023-08-31 10:29:39,728 [main] DEBUG balancer.ContainerBalancerTask (ContainerBalancerTask.java:initializeIteration(398)) - Utilization for node f5b9dd81-4cba-478f-b4dc-b2a19a122aec with capacity 300647710720B, used 30064771072B, and remaining 270582939648B is 0.1
2023-08-31 10:29:39,728 [main] DEBUG balancer.ContainerBalancerTask (ContainerBalancerTask.java:initializeIteration(398)) - Utilization for node ded9a94b-bb28-46d1-aec0-9e92ac21e7ae with capacity 50465865728B, used 0B, and remaining 50465865728B is 0.0
2023-08-31 10:29:39,729 [main] INFO  balancer.ContainerBalancerTask (ContainerBalancerTask.java:initializeIteration(447)) - Container Balancer has identified 5 Over-Utilized and 3 Under-Utilized Datanodes that need to be balanced.
2023-08-31 10:29:39,729 [main] DEBUG balancer.ContainerBalancerTask (ContainerBalancerTask.java:lambda$initializeIteration$1(453)) - Datanode localhost-127.250.7.186 7c7bb1a2-e160-4d4d-a148-0c0a208269cd is Over-Utilized.
2023-08-31 10:29:39,729 [main] DEBUG balancer.ContainerBalancerTask (ContainerBalancerTask.java:lambda$initializeIteration$1(453)) - Datanode localhost-66.73.109.7 fb9f2c03-fb16-4cf6-aed9-8dd598966574 is Over-Utilized.
2023-08-31 10:29:39,729 [main] DEBUG balancer.ContainerBalancerTask (ContainerBalancerTask.java:lambda$initializeIteration$1(453)) - Datanode localhost-131.6.130.10 47c46efe-210e-4c95-8246-6fda73780b57 is Over-Utilized.
2023-08-31 10:29:39,729 [main] DEBUG balancer.ContainerBalancerTask (ContainerBalancerTask.java:lambda$initializeIteration$1(453)) - Datanode localhost-116.83.113.42 24a3d4b1-b311-4f54-9d73-9afbb37bf9ce is Over-Utilized.
2023-08-31 10:29:39,729 [main] DEBUG balancer.ContainerBalancerTask (ContainerBalancerTask.java:lambda$initializeIteration$1(453)) - Datanode localhost-32.59.131.127 dee9af8b-2c7c-4d1f-bde2-d41b95f1bc74 is Over-Utilized.
2023-08-31 10:29:39,729 [main] DEBUG balancer.ContainerBalancerTask (ContainerBalancerTask.java:lambda$initializeIteration$2(459)) - Datanode localhost-33.208.111.45 ded9a94b-bb28-46d1-aec0-9e92ac21e7ae is Under-Utilized.
2023-08-31 10:29:39,729 [main] DEBUG balancer.ContainerBalancerTask (ContainerBalancerTask.java:lambda$initializeIteration$2(459)) - Datanode localhost-138.234.174.53 f5b9dd81-4cba-478f-b4dc-b2a19a122aec is Under-Utilized.
2023-08-31 10:29:39,729 [main] DEBUG balancer.ContainerBalancerTask (ContainerBalancerTask.java:lambda$initializeIteration$2(459)) - Datanode localhost-40.185.131.157 7b0b304a-28a1-4862-846d-b4247593e2a7 is Under-Utilized.
2023-08-31 10:29:39,732 [main] DEBUG balancer.ContainerBalancerTask (ContainerBalancerTask.java:matchSourceWithTarget(708)) - ContainerBalancer is finding suitable target for source datanode 7c7bb1a2-e160-4d4d-a148-0c0a208269cd
2023-08-31 10:29:39,732 [main] INFO  balancer.ContainerBalancerTask (ContainerBalancerTask.java:matchSourceWithTarget(722)) - ContainerBalancer matched source datanode 7c7bb1a2-e160-4d4d-a148-0c0a208269cd with target datanode ded9a94b-bb28-46d1-aec0-9e92ac21e7ae for container move.
2023-08-31 10:29:39,732 [main] INFO  balancer.ContainerBalancerTask (ContainerBalancerTask.java:processMoveSelection(569)) - ContainerBalancer is trying to move container #85 with size 5368709120B from source datanode 7c7bb1a2-e160-4d4d-a148-0c0a208269cd to target datanode ded9a94b-bb28-46d1-aec0-9e92ac21e7ae
2023-08-31 10:29:39,733 [main] DEBUG balancer.ContainerBalancerTask (ContainerBalancerTask.java:lambda$moveContainer$3(837)) - Container move completed for container #85 from source 7c7bb1a2-e160-4d4d-a148-0c0a208269cd to target ded9a94b-bb28-46d1-aec0-9e92ac21e7ae
2023-08-31 10:29:39,733 [main] DEBUG balancer.ContainerBalancerTask (ContainerBalancerTask.java:adaptOnReachingIterationLimits(782)) - Reached max datanodes to involve limit. 2 datanodes have already been selected for balancing and the limit is 2. Only already selected sources and targets can be involved in balancing now.
2023-08-31 10:29:39,735 [main] DEBUG balancer.ContainerBalancerTask (ContainerBalancerTask.java:matchSourceWithTarget(708)) - ContainerBalancer is finding suitable target for source datanode 7c7bb1a2-e160-4d4d-a148-0c0a208269cd
2023-08-31 10:29:39,736 [main] INFO  balancer.ContainerBalancerTask (ContainerBalancerTask.java:matchSourceWithTarget(722)) - ContainerBalancer matched source datanode 7c7bb1a2-e160-4d4d-a148-0c0a208269cd with target datanode ded9a94b-bb28-46d1-aec0-9e92ac21e7ae for container move.
2023-08-31 10:29:39,736 [main] INFO  balancer.ContainerBalancerTask (ContainerBalancerTask.java:processMoveSelection(569)) - ContainerBalancer is trying to move container #68 with size 5368709120B from source datanode 7c7bb1a2-e160-4d4d-a148-0c0a208269cd to target datanode ded9a94b-bb28-46d1-aec0-9e92ac21e7ae
2023-08-31 10:29:39,736 [main] DEBUG balancer.ContainerBalancerTask (ContainerBalancerTask.java:lambda$moveContainer$3(837)) - Container move completed for container #68 from source 7c7bb1a2-e160-4d4d-a148-0c0a208269cd to target ded9a94b-bb28-46d1-aec0-9e92ac21e7ae
2023-08-31 10:29:39,739 [main] DEBUG balancer.ContainerBalancerTask (ContainerBalancerTask.java:matchSourceWithTarget(708)) - ContainerBalancer is finding suitable target for source datanode 7c7bb1a2-e160-4d4d-a148-0c0a208269cd
2023-08-31 10:29:39,739 [main] INFO  balancer.ContainerBalancerTask (ContainerBalancerTask.java:matchSourceWithTarget(722)) - ContainerBalancer matched source datanode 7c7bb1a2-e160-4d4d-a148-0c0a208269cd with target datanode ded9a94b-bb28-46d1-aec0-9e92ac21e7ae for container move.
2023-08-31 10:29:39,739 [main] INFO  balancer.ContainerBalancerTask (ContainerBalancerTask.java:processMoveSelection(569)) - ContainerBalancer is trying to move container #29 with size 5368709120B from source datanode 7c7bb1a2-e160-4d4d-a148-0c0a208269cd to target datanode ded9a94b-bb28-46d1-aec0-9e92ac21e7ae
2023-08-31 10:29:39,739 [main] DEBUG balancer.ContainerBalancerTask (ContainerBalancerTask.java:lambda$moveContainer$3(837)) - Container move completed for container #29 from source 7c7bb1a2-e160-4d4d-a148-0c0a208269cd to target ded9a94b-bb28-46d1-aec0-9e92ac21e7ae
2023-08-31 10:29:39,742 [main] DEBUG balancer.ContainerBalancerTask (ContainerBalancerTask.java:matchSourceWithTarget(708)) - ContainerBalancer is finding suitable target for source datanode 7c7bb1a2-e160-4d4d-a148-0c0a208269cd
2023-08-31 10:29:39,742 [main] INFO  balancer.ContainerBalancerTask (ContainerBalancerTask.java:matchSourceWithTarget(722)) - ContainerBalancer matched source datanode 7c7bb1a2-e160-4d4d-a148-0c0a208269cd with target datanode ded9a94b-bb28-46d1-aec0-9e92ac21e7ae for container move.
2023-08-31 10:29:39,742 [main] INFO  balancer.ContainerBalancerTask (ContainerBalancerTask.java:processMoveSelection(569)) - ContainerBalancer is trying to move container #89 with size 4294967296B from source datanode 7c7bb1a2-e160-4d4d-a148-0c0a208269cd to target datanode ded9a94b-bb28-46d1-aec0-9e92ac21e7ae
2023-08-31 10:29:39,742 [main] DEBUG balancer.ContainerBalancerTask (ContainerBalancerTask.java:lambda$moveContainer$3(837)) - Container move completed for container #89 from source 7c7bb1a2-e160-4d4d-a148-0c0a208269cd to target ded9a94b-bb28-46d1-aec0-9e92ac21e7ae
2023-08-31 10:29:39,745 [main] DEBUG balancer.ContainerBalancerTask (ContainerBalancerTask.java:matchSourceWithTarget(708)) - ContainerBalancer is finding suitable target for source datanode 7c7bb1a2-e160-4d4d-a148-0c0a208269cd
2023-08-31 10:29:39,745 [main] INFO  balancer.ContainerBalancerTask (ContainerBalancerTask.java:matchSourceWithTarget(722)) - ContainerBalancer matched source datanode 7c7bb1a2-e160-4d4d-a148-0c0a208269cd with target datanode ded9a94b-bb28-46d1-aec0-9e92ac21e7ae for container move.
2023-08-31 10:29:39,745 [main] INFO  balancer.ContainerBalancerTask (ContainerBalancerTask.java:processMoveSelection(569)) - ContainerBalancer is trying to move container #87 with size 2147483648B from source datanode 7c7bb1a2-e160-4d4d-a148-0c0a208269cd to target datanode ded9a94b-bb28-46d1-aec0-9e92ac21e7ae
2023-08-31 10:29:39,746 [main] DEBUG balancer.ContainerBalancerTask (ContainerBalancerTask.java:lambda$moveContainer$3(837)) - Container move completed for container #87 from source 7c7bb1a2-e160-4d4d-a148-0c0a208269cd to target ded9a94b-bb28-46d1-aec0-9e92ac21e7ae
2023-08-31 10:29:39,748 [main] DEBUG balancer.ContainerBalancerTask (ContainerBalancerTask.java:matchSourceWithTarget(708)) - ContainerBalancer is finding suitable target for source datanode 7c7bb1a2-e160-4d4d-a148-0c0a208269cd
2023-08-31 10:29:39,749 [main] INFO  balancer.FindTargetGreedyByUsageInfo (AbstractFindTargetGreedy.java:findTargetForContainerMove(133)) - Container Balancer could not find a target for source datanode 7c7bb1a2-e160-4d4d-a148-0c0a208269cd
2023-08-31 10:29:39,749 [main] DEBUG balancer.ContainerBalancerTask (ContainerBalancerTask.java:matchSourceWithTarget(717)) - ContainerBalancer could not find a suitable target for source node 7c7bb1a2-e160-4d4d-a148-0c0a208269cd.
2023-08-31 10:29:39,749 [main] INFO  balancer.FindSourceGreedy (FindSourceGreedy.java:getNextCandidateSourceDataNode(126)) - no more candidate source data node
2023-08-31 10:29:39,749 [main] INFO  balancer.ContainerBalancerTask (ContainerBalancerTask.java:checkIterationMoveResults(642)) - Iteration Summary. Number of Datanodes involved: 2. Size moved: 21 GB (22548578304 Bytes). Number of Container moves completed: 5.
2023-08-31 10:29:39,749 [main] INFO  balancer.ContainerBalancerTask (ContainerBalancerTask.java:balance(259)) - Result of this iteration of Container Balancer: ITERATION_COMPLETED
2023-08-31 10:29:39,751 [main] DEBUG balancer.ContainerBalancerTask (ContainerBalancerTask.java:initializeIteration(374)) - Average utilization of the cluster is 0.3481500382754011
2023-08-31 10:29:39,751 [main] DEBUG balancer.ContainerBalancerTask (ContainerBalancerTask.java:initializeIteration(386)) - Lower limit for utilization is 0.24815003827540108 and Upper limit for utilization is 0.4481500382754011
2023-08-31 10:29:39,751 [main] DEBUG balancer.ContainerBalancerTask (ContainerBalancerTask.java:initializeIteration(398)) - Utilization for node 7c7bb1a2-e160-4d4d-a148-0c0a208269cd with capacity 54880137671B, used 49392123904B, and remaining 5488013767B is 0.9000000000018221
2023-08-31 10:29:39,751 [main] DEBUG balancer.ContainerBalancerTask (ContainerBalancerTask.java:initializeIteration(398)) - Utilization for node fb9f2c03-fb16-4cf6-aed9-8dd598966574 with capacity 72477573120B, used 57982058496B, and remaining 14495514624B is 0.8
2023-08-31 10:29:39,751 [main] DEBUG balancer.ContainerBalancerTask (ContainerBalancerTask.java:initializeIteration(398)) - Utilization for node 47c46efe-210e-4c95-8246-6fda73780b57 with capacity 64424509440B, used 45097156608B, and remaining 19327352832B is 0.7
2023-08-31 10:29:39,752 [main] DEBUG balancer.ContainerBalancerTask (ContainerBalancerTask.java:initializeIteration(398)) - Utilization for node 24a3d4b1-b311-4f54-9d73-9afbb37bf9ce with capacity 87688915626B, used 52613349376B, and remaining 35075566250B is 0.6000000000045616
2023-08-31 10:29:39,752 [main] DEBUG balancer.ContainerBalancerTask (ContainerBalancerTask.java:initializeIteration(398)) - Utilization for node dee9af8b-2c7c-4d1f-bde2-d41b95f1bc74 with capacity 105226698752B, used 52613349376B, and remaining 52613349376B is 0.5
2023-08-31 10:29:39,752 [main] DEBUG balancer.ContainerBalancerTask (ContainerBalancerTask.java:initializeIteration(398)) - Utilization for node b8fd4667-b473-4dce-bc08-778c664fa1fc with capacity 85899345920B, used 34359738368B, and remaining 51539607552B is 0.4
2023-08-31 10:29:39,752 [main] DEBUG balancer.ContainerBalancerTask (ContainerBalancerTask.java:initializeIteration(398)) - Utilization for node 0089e807-e1f0-4b85-83af-00289f20d061 with capacity 153902994773B, used 46170898432B, and remaining 107732096341B is 0.30000000000064975
2023-08-31 10:29:39,752 [main] DEBUG balancer.ContainerBalancerTask (ContainerBalancerTask.java:initializeIteration(398)) - Utilization for node 7b0b304a-28a1-4862-846d-b4247593e2a7 with capacity 193273528320B, used 38654705664B, and remaining 154618822656B is 0.2
2023-08-31 10:29:39,752 [main] DEBUG balancer.ContainerBalancerTask (ContainerBalancerTask.java:initializeIteration(398)) - Utilization for node f5b9dd81-4cba-478f-b4dc-b2a19a122aec with capacity 300647710720B, used 30064771072B, and remaining 270582939648B is 0.1
2023-08-31 10:29:39,752 [main] DEBUG balancer.ContainerBalancerTask (ContainerBalancerTask.java:initializeIteration(398)) - Utilization for node ded9a94b-bb28-46d1-aec0-9e92ac21e7ae with capacity 50465865728B, used 0B, and remaining 50465865728B is 0.0
2023-08-31 10:29:39,753 [main] INFO  balancer.ContainerBalancerTask (ContainerBalancerTask.java:initializeIteration(447)) - Container Balancer has identified 5 Over-Utilized and 3 Under-Utilized Datanodes that need to be balanced.
2023-08-31 10:29:39,753 [main] DEBUG balancer.ContainerBalancerTask (ContainerBalancerTask.java:lambda$initializeIteration$1(453)) - Datanode localhost-127.250.7.186 7c7bb1a2-e160-4d4d-a148-0c0a208269cd is Over-Utilized.
2023-08-31 10:29:39,753 [main] DEBUG balancer.ContainerBalancerTask (ContainerBalancerTask.java:lambda$initializeIteration$1(453)) - Datanode localhost-66.73.109.7 fb9f2c03-fb16-4cf6-aed9-8dd598966574 is Over-Utilized.
2023-08-31 10:29:39,753 [main] DEBUG balancer.ContainerBalancerTask (ContainerBalancerTask.java:lambda$initializeIteration$1(453)) - Datanode localhost-131.6.130.10 47c46efe-210e-4c95-8246-6fda73780b57 is Over-Utilized.
2023-08-31 10:29:39,753 [main] DEBUG balancer.ContainerBalancerTask (ContainerBalancerTask.java:lambda$initializeIteration$1(453)) - Datanode localhost-116.83.113.42 24a3d4b1-b311-4f54-9d73-9afbb37bf9ce is Over-Utilized.
2023-08-31 10:29:39,753 [main] DEBUG balancer.ContainerBalancerTask (ContainerBalancerTask.java:lambda$initializeIteration$1(453)) - Datanode localhost-32.59.131.127 dee9af8b-2c7c-4d1f-bde2-d41b95f1bc74 is Over-Utilized.
2023-08-31 10:29:39,753 [main] DEBUG balancer.ContainerBalancerTask (ContainerBalancerTask.java:lambda$initializeIteration$2(459)) - Datanode localhost-33.208.111.45 ded9a94b-bb28-46d1-aec0-9e92ac21e7ae is Under-Utilized.
2023-08-31 10:29:39,753 [main] DEBUG balancer.ContainerBalancerTask (ContainerBalancerTask.java:lambda$initializeIteration$2(459)) - Datanode localhost-138.234.174.53 f5b9dd81-4cba-478f-b4dc-b2a19a122aec is Under-Utilized.
2023-08-31 10:29:39,753 [main] DEBUG balancer.ContainerBalancerTask (ContainerBalancerTask.java:lambda$initializeIteration$2(459)) - Datanode localhost-40.185.131.157 7b0b304a-28a1-4862-846d-b4247593e2a7 is Under-Utilized.
2023-08-31 10:29:39,756 [main] DEBUG balancer.ContainerBalancerTask (ContainerBalancerTask.java:matchSourceWithTarget(708)) - ContainerBalancer is finding suitable target for source datanode 7c7bb1a2-e160-4d4d-a148-0c0a208269cd
2023-08-31 10:29:39,756 [main] INFO  balancer.ContainerBalancerTask (ContainerBalancerTask.java:matchSourceWithTarget(722)) - ContainerBalancer matched source datanode 7c7bb1a2-e160-4d4d-a148-0c0a208269cd with target datanode ded9a94b-bb28-46d1-aec0-9e92ac21e7ae for container move.
2023-08-31 10:29:39,756 [main] INFO  balancer.ContainerBalancerTask (ContainerBalancerTask.java:processMoveSelection(569)) - ContainerBalancer is trying to move container #85 with size 5368709120B from source datanode 7c7bb1a2-e160-4d4d-a148-0c0a208269cd to target datanode ded9a94b-bb28-46d1-aec0-9e92ac21e7ae
2023-08-31 10:29:39,757 [main] DEBUG balancer.ContainerBalancerTask (ContainerBalancerTask.java:lambda$moveContainer$3(837)) - Container move completed for container #85 from source 7c7bb1a2-e160-4d4d-a148-0c0a208269cd to target ded9a94b-bb28-46d1-aec0-9e92ac21e7ae
2023-08-31 10:29:39,757 [main] DEBUG balancer.ContainerBalancerTask (ContainerBalancerTask.java:adaptOnReachingIterationLimits(782)) - Reached max datanodes to involve limit. 2 datanodes have already been selected for balancing and the limit is 2. Only already selected sources and targets can be involved in balancing now.
2023-08-31 10:29:39,759 [main] DEBUG balancer.ContainerBalancerTask (ContainerBalancerTask.java:matchSourceWithTarget(708)) - ContainerBalancer is finding suitable target for source datanode 7c7bb1a2-e160-4d4d-a148-0c0a208269cd
2023-08-31 10:29:39,760 [main] INFO  balancer.ContainerBalancerTask (ContainerBalancerTask.java:matchSourceWithTarget(722)) - ContainerBalancer matched source datanode 7c7bb1a2-e160-4d4d-a148-0c0a208269cd with target datanode ded9a94b-bb28-46d1-aec0-9e92ac21e7ae for container move.
2023-08-31 10:29:39,760 [main] INFO  balancer.ContainerBalancerTask (ContainerBalancerTask.java:processMoveSelection(569)) - ContainerBalancer is trying to move container #68 with size 5368709120B from source datanode 7c7bb1a2-e160-4d4d-a148-0c0a208269cd to target datanode ded9a94b-bb28-46d1-aec0-9e92ac21e7ae
2023-08-31 10:29:39,760 [main] DEBUG balancer.ContainerBalancerTask (ContainerBalancerTask.java:lambda$moveContainer$3(837)) - Container move completed for container #68 from source 7c7bb1a2-e160-4d4d-a148-0c0a208269cd to target ded9a94b-bb28-46d1-aec0-9e92ac21e7ae
2023-08-31 10:29:39,763 [main] DEBUG balancer.ContainerBalancerTask (ContainerBalancerTask.java:matchSourceWithTarget(708)) - ContainerBalancer is finding suitable target for source datanode 7c7bb1a2-e160-4d4d-a148-0c0a208269cd
2023-08-31 10:29:39,763 [main] INFO  balancer.ContainerBalancerTask (ContainerBalancerTask.java:matchSourceWithTarget(722)) - ContainerBalancer matched source datanode 7c7bb1a2-e160-4d4d-a148-0c0a208269cd with target datanode ded9a94b-bb28-46d1-aec0-9e92ac21e7ae for container move.
2023-08-31 10:29:39,763 [main] INFO  balancer.ContainerBalancerTask (ContainerBalancerTask.java:processMoveSelection(569)) - ContainerBalancer is trying to move container #29 with size 5368709120B from source datanode 7c7bb1a2-e160-4d4d-a148-0c0a208269cd to target datanode ded9a94b-bb28-46d1-aec0-9e92ac21e7ae
2023-08-31 10:29:39,764 [main] DEBUG balancer.ContainerBalancerTask (ContainerBalancerTask.java:lambda$moveContainer$3(837)) - Container move completed for container #29 from source 7c7bb1a2-e160-4d4d-a148-0c0a208269cd to target ded9a94b-bb28-46d1-aec0-9e92ac21e7ae
2023-08-31 10:29:39,766 [main] DEBUG balancer.ContainerBalancerTask (ContainerBalancerTask.java:matchSourceWithTarget(708)) - ContainerBalancer is finding suitable target for source datanode 7c7bb1a2-e160-4d4d-a148-0c0a208269cd
2023-08-31 10:29:39,766 [main] INFO  balancer.ContainerBalancerTask (ContainerBalancerTask.java:matchSourceWithTarget(722)) - ContainerBalancer matched source datanode 7c7bb1a2-e160-4d4d-a148-0c0a208269cd with target datanode ded9a94b-bb28-46d1-aec0-9e92ac21e7ae for container move.
2023-08-31 10:29:39,767 [main] INFO  balancer.ContainerBalancerTask (ContainerBalancerTask.java:processMoveSelection(569)) - ContainerBalancer is trying to move container #89 with size 4294967296B from source datanode 7c7bb1a2-e160-4d4d-a148-0c0a208269cd to target datanode ded9a94b-bb28-46d1-aec0-9e92ac21e7ae
2023-08-31 10:29:39,767 [main] DEBUG balancer.ContainerBalancerTask (ContainerBalancerTask.java:lambda$moveContainer$3(837)) - Container move completed for container #89 from source 7c7bb1a2-e160-4d4d-a148-0c0a208269cd to target ded9a94b-bb28-46d1-aec0-9e92ac21e7ae
2023-08-31 10:29:39,769 [main] DEBUG balancer.ContainerBalancerTask (ContainerBalancerTask.java:matchSourceWithTarget(708)) - ContainerBalancer is finding suitable target for source datanode 7c7bb1a2-e160-4d4d-a148-0c0a208269cd
2023-08-31 10:29:39,770 [main] INFO  balancer.ContainerBalancerTask (ContainerBalancerTask.java:matchSourceWithTarget(722)) - ContainerBalancer matched source datanode 7c7bb1a2-e160-4d4d-a148-0c0a208269cd with target datanode ded9a94b-bb28-46d1-aec0-9e92ac21e7ae for container move.
2023-08-31 10:29:39,770 [main] INFO  balancer.ContainerBalancerTask (ContainerBalancerTask.java:processMoveSelection(569)) - ContainerBalancer is trying to move container #87 with size 2147483648B from source datanode 7c7bb1a2-e160-4d4d-a148-0c0a208269cd to target datanode ded9a94b-bb28-46d1-aec0-9e92ac21e7ae
2023-08-31 10:29:39,770 [main] DEBUG balancer.ContainerBalancerTask (ContainerBalancerTask.java:lambda$moveContainer$3(837)) - Container move completed for container #87 from source 7c7bb1a2-e160-4d4d-a148-0c0a208269cd to target ded9a94b-bb28-46d1-aec0-9e92ac21e7ae
2023-08-31 10:29:39,773 [main] DEBUG balancer.ContainerBalancerTask (ContainerBalancerTask.java:matchSourceWithTarget(708)) - ContainerBalancer is finding suitable target for source datanode 7c7bb1a2-e160-4d4d-a148-0c0a208269cd
2023-08-31 10:29:39,773 [main] INFO  balancer.FindTargetGreedyByUsageInfo (AbstractFindTargetGreedy.java:findTargetForContainerMove(133)) - Container Balancer could not find a target for source datanode 7c7bb1a2-e160-4d4d-a148-0c0a208269cd
2023-08-31 10:29:39,773 [main] DEBUG balancer.ContainerBalancerTask (ContainerBalancerTask.java:matchSourceWithTarget(717)) - ContainerBalancer could not find a suitable target for source node 7c7bb1a2-e160-4d4d-a148-0c0a208269cd.
2023-08-31 10:29:39,774 [main] INFO  balancer.FindSourceGreedy (FindSourceGreedy.java:getNextCandidateSourceDataNode(126)) - no more candidate source data node
2023-08-31 10:29:39,774 [main] INFO  balancer.ContainerBalancerTask (ContainerBalancerTask.java:checkIterationMoveResults(642)) - Iteration Summary. Number of Datanodes involved: 2. Size moved: 21 GB (22548578304 Bytes). Number of Container moves completed: 5.
2023-08-31 10:29:39,774 [main] INFO  balancer.ContainerBalancerTask (ContainerBalancerTask.java:balance(259)) - Result of this iteration of Container Balancer: ITERATION_COMPLETED
2023-08-31 10:29:39,775 [main] DEBUG balancer.ContainerBalancerTask (ContainerBalancerTask.java:initializeIteration(374)) - Average utilization of the cluster is 0.3481500382754011
2023-08-31 10:29:39,775 [main] DEBUG balancer.ContainerBalancerTask (ContainerBalancerTask.java:initializeIteration(386)) - Lower limit for utilization is 0.24815003827540108 and Upper limit for utilization is 0.4481500382754011
2023-08-31 10:29:39,776 [main] DEBUG balancer.ContainerBalancerTask (ContainerBalancerTask.java:initializeIteration(398)) - Utilization for node 7c7bb1a2-e160-4d4d-a148-0c0a208269cd with capacity 54880137671B, used 49392123904B, and remaining 5488013767B is 0.9000000000018221
2023-08-31 10:29:39,776 [main] DEBUG balancer.ContainerBalancerTask (ContainerBalancerTask.java:initializeIteration(398)) - Utilization for node fb9f2c03-fb16-4cf6-aed9-8dd598966574 with capacity 72477573120B, used 57982058496B, and remaining 14495514624B is 0.8
2023-08-31 10:29:39,776 [main] DEBUG balancer.ContainerBalancerTask (ContainerBalancerTask.java:initializeIteration(398)) - Utilization for node 47c46efe-210e-4c95-8246-6fda73780b57 with capacity 64424509440B, used 45097156608B, and remaining 19327352832B is 0.7
2023-08-31 10:29:39,776 [main] DEBUG balancer.ContainerBalancerTask (ContainerBalancerTask.java:initializeIteration(398)) - Utilization for node 24a3d4b1-b311-4f54-9d73-9afbb37bf9ce with capacity 87688915626B, used 52613349376B, and remaining 35075566250B is 0.6000000000045616
2023-08-31 10:29:39,776 [main] DEBUG balancer.ContainerBalancerTask (ContainerBalancerTask.java:initializeIteration(398)) - Utilization for node dee9af8b-2c7c-4d1f-bde2-d41b95f1bc74 with capacity 105226698752B, used 52613349376B, and remaining 52613349376B is 0.5
2023-08-31 10:29:39,776 [main] DEBUG balancer.ContainerBalancerTask (ContainerBalancerTask.java:initializeIteration(398)) - Utilization for node b8fd4667-b473-4dce-bc08-778c664fa1fc with capacity 85899345920B, used 34359738368B, and remaining 51539607552B is 0.4
2023-08-31 10:29:39,776 [main] DEBUG balancer.ContainerBalancerTask (ContainerBalancerTask.java:initializeIteration(398)) - Utilization for node 0089e807-e1f0-4b85-83af-00289f20d061 with capacity 153902994773B, used 46170898432B, and remaining 107732096341B is 0.30000000000064975
2023-08-31 10:29:39,776 [main] DEBUG balancer.ContainerBalancerTask (ContainerBalancerTask.java:initializeIteration(398)) - Utilization for node 7b0b304a-28a1-4862-846d-b4247593e2a7 with capacity 193273528320B, used 38654705664B, and remaining 154618822656B is 0.2
2023-08-31 10:29:39,776 [main] DEBUG balancer.ContainerBalancerTask (ContainerBalancerTask.java:initializeIteration(398)) - Utilization for node f5b9dd81-4cba-478f-b4dc-b2a19a122aec with capacity 300647710720B, used 30064771072B, and remaining 270582939648B is 0.1
2023-08-31 10:29:39,777 [main] DEBUG balancer.ContainerBalancerTask (ContainerBalancerTask.java:initializeIteration(398)) - Utilization for node ded9a94b-bb28-46d1-aec0-9e92ac21e7ae with capacity 50465865728B, used 0B, and remaining 50465865728B is 0.0
2023-08-31 10:29:39,777 [main] INFO  balancer.ContainerBalancerTask (ContainerBalancerTask.java:initializeIteration(447)) - Container Balancer has identified 5 Over-Utilized and 3 Under-Utilized Datanodes that need to be balanced.
2023-08-31 10:29:39,777 [main] DEBUG balancer.ContainerBalancerTask (ContainerBalancerTask.java:lambda$initializeIteration$1(453)) - Datanode localhost-127.250.7.186 7c7bb1a2-e160-4d4d-a148-0c0a208269cd is Over-Utilized.
2023-08-31 10:29:39,777 [main] DEBUG balancer.ContainerBalancerTask (ContainerBalancerTask.java:lambda$initializeIteration$1(453)) - Datanode localhost-66.73.109.7 fb9f2c03-fb16-4cf6-aed9-8dd598966574 is Over-Utilized.
2023-08-31 10:29:39,777 [main] DEBUG balancer.ContainerBalancerTask (ContainerBalancerTask.java:lambda$initializeIteration$1(453)) - Datanode localhost-131.6.130.10 47c46efe-210e-4c95-8246-6fda73780b57 is Over-Utilized.
2023-08-31 10:29:39,777 [main] DEBUG balancer.ContainerBalancerTask (ContainerBalancerTask.java:lambda$initializeIteration$1(453)) - Datanode localhost-116.83.113.42 24a3d4b1-b311-4f54-9d73-9afbb37bf9ce is Over-Utilized.
2023-08-31 10:29:39,777 [main] DEBUG balancer.ContainerBalancerTask (ContainerBalancerTask.java:lambda$initializeIteration$1(453)) - Datanode localhost-32.59.131.127 dee9af8b-2c7c-4d1f-bde2-d41b95f1bc74 is Over-Utilized.
2023-08-31 10:29:39,777 [main] DEBUG balancer.ContainerBalancerTask (ContainerBalancerTask.java:lambda$initializeIteration$2(459)) - Datanode localhost-33.208.111.45 ded9a94b-bb28-46d1-aec0-9e92ac21e7ae is Under-Utilized.
2023-08-31 10:29:39,777 [main] DEBUG balancer.ContainerBalancerTask (ContainerBalancerTask.java:lambda$initializeIteration$2(459)) - Datanode localhost-138.234.174.53 f5b9dd81-4cba-478f-b4dc-b2a19a122aec is Under-Utilized.
2023-08-31 10:29:39,777 [main] DEBUG balancer.ContainerBalancerTask (ContainerBalancerTask.java:lambda$initializeIteration$2(459)) - Datanode localhost-40.185.131.157 7b0b304a-28a1-4862-846d-b4247593e2a7 is Under-Utilized.
2023-08-31 10:29:39,780 [main] DEBUG balancer.ContainerBalancerTask (ContainerBalancerTask.java:matchSourceWithTarget(708)) - ContainerBalancer is finding suitable target for source datanode 7c7bb1a2-e160-4d4d-a148-0c0a208269cd
2023-08-31 10:29:39,780 [main] INFO  balancer.ContainerBalancerTask (ContainerBalancerTask.java:matchSourceWithTarget(722)) - ContainerBalancer matched source datanode 7c7bb1a2-e160-4d4d-a148-0c0a208269cd with target datanode ded9a94b-bb28-46d1-aec0-9e92ac21e7ae for container move.
2023-08-31 10:29:39,780 [main] INFO  balancer.ContainerBalancerTask (ContainerBalancerTask.java:processMoveSelection(569)) - ContainerBalancer is trying to move container #85 with size 5368709120B from source datanode 7c7bb1a2-e160-4d4d-a148-0c0a208269cd to target datanode ded9a94b-bb28-46d1-aec0-9e92ac21e7ae
2023-08-31 10:29:39,782 [main] DEBUG balancer.ContainerBalancerTask (ContainerBalancerTask.java:lambda$moveContainer$3(837)) - Container move completed for container #85 from source 7c7bb1a2-e160-4d4d-a148-0c0a208269cd to target ded9a94b-bb28-46d1-aec0-9e92ac21e7ae
2023-08-31 10:29:39,782 [main] DEBUG balancer.ContainerBalancerTask (ContainerBalancerTask.java:adaptOnReachingIterationLimits(782)) - Reached max datanodes to involve limit. 2 datanodes have already been selected for balancing and the limit is 2. Only already selected sources and targets can be involved in balancing now.
2023-08-31 10:29:39,785 [main] DEBUG balancer.ContainerBalancerTask (ContainerBalancerTask.java:matchSourceWithTarget(708)) - ContainerBalancer is finding suitable target for source datanode 7c7bb1a2-e160-4d4d-a148-0c0a208269cd
2023-08-31 10:29:39,785 [main] INFO  balancer.ContainerBalancerTask (ContainerBalancerTask.java:matchSourceWithTarget(722)) - ContainerBalancer matched source datanode 7c7bb1a2-e160-4d4d-a148-0c0a208269cd with target datanode ded9a94b-bb28-46d1-aec0-9e92ac21e7ae for container move.
2023-08-31 10:29:39,785 [main] INFO  balancer.ContainerBalancerTask (ContainerBalancerTask.java:processMoveSelection(569)) - ContainerBalancer is trying to move container #68 with size 5368709120B from source datanode 7c7bb1a2-e160-4d4d-a148-0c0a208269cd to target datanode ded9a94b-bb28-46d1-aec0-9e92ac21e7ae
2023-08-31 10:29:39,785 [main] DEBUG balancer.ContainerBalancerTask (ContainerBalancerTask.java:lambda$moveContainer$3(837)) - Container move completed for container #68 from source 7c7bb1a2-e160-4d4d-a148-0c0a208269cd to target ded9a94b-bb28-46d1-aec0-9e92ac21e7ae
2023-08-31 10:29:39,788 [main] DEBUG balancer.ContainerBalancerTask (ContainerBalancerTask.java:matchSourceWithTarget(708)) - ContainerBalancer is finding suitable target for source datanode 7c7bb1a2-e160-4d4d-a148-0c0a208269cd
2023-08-31 10:29:39,788 [main] INFO  balancer.ContainerBalancerTask (ContainerBalancerTask.java:matchSourceWithTarget(722)) - ContainerBalancer matched source datanode 7c7bb1a2-e160-4d4d-a148-0c0a208269cd with target datanode ded9a94b-bb28-46d1-aec0-9e92ac21e7ae for container move.
2023-08-31 10:29:39,788 [main] INFO  balancer.ContainerBalancerTask (ContainerBalancerTask.java:processMoveSelection(569)) - ContainerBalancer is trying to move container #29 with size 5368709120B from source datanode 7c7bb1a2-e160-4d4d-a148-0c0a208269cd to target datanode ded9a94b-bb28-46d1-aec0-9e92ac21e7ae
2023-08-31 10:29:39,789 [main] DEBUG balancer.ContainerBalancerTask (ContainerBalancerTask.java:lambda$moveContainer$3(837)) - Container move completed for container #29 from source 7c7bb1a2-e160-4d4d-a148-0c0a208269cd to target ded9a94b-bb28-46d1-aec0-9e92ac21e7ae
2023-08-31 10:29:39,791 [main] DEBUG balancer.ContainerBalancerTask (ContainerBalancerTask.java:matchSourceWithTarget(708)) - ContainerBalancer is finding suitable target for source datanode 7c7bb1a2-e160-4d4d-a148-0c0a208269cd
2023-08-31 10:29:39,791 [main] INFO  balancer.ContainerBalancerTask (ContainerBalancerTask.java:matchSourceWithTarget(722)) - ContainerBalancer matched source datanode 7c7bb1a2-e160-4d4d-a148-0c0a208269cd with target datanode ded9a94b-bb28-46d1-aec0-9e92ac21e7ae for container move.
2023-08-31 10:29:39,791 [main] INFO  balancer.ContainerBalancerTask (ContainerBalancerTask.java:processMoveSelection(569)) - ContainerBalancer is trying to move container #89 with size 4294967296B from source datanode 7c7bb1a2-e160-4d4d-a148-0c0a208269cd to target datanode ded9a94b-bb28-46d1-aec0-9e92ac21e7ae
2023-08-31 10:29:39,792 [main] DEBUG balancer.ContainerBalancerTask (ContainerBalancerTask.java:lambda$moveContainer$3(837)) - Container move completed for container #89 from source 7c7bb1a2-e160-4d4d-a148-0c0a208269cd to target ded9a94b-bb28-46d1-aec0-9e92ac21e7ae
2023-08-31 10:29:39,794 [main] DEBUG balancer.ContainerBalancerTask (ContainerBalancerTask.java:matchSourceWithTarget(708)) - ContainerBalancer is finding suitable target for source datanode 7c7bb1a2-e160-4d4d-a148-0c0a208269cd
2023-08-31 10:29:39,795 [main] INFO  balancer.ContainerBalancerTask (ContainerBalancerTask.java:matchSourceWithTarget(722)) - ContainerBalancer matched source datanode 7c7bb1a2-e160-4d4d-a148-0c0a208269cd with target datanode ded9a94b-bb28-46d1-aec0-9e92ac21e7ae for container move.
2023-08-31 10:29:39,795 [main] INFO  balancer.ContainerBalancerTask (ContainerBalancerTask.java:processMoveSelection(569)) - ContainerBalancer is trying to move container #87 with size 2147483648B from source datanode 7c7bb1a2-e160-4d4d-a148-0c0a208269cd to target datanode ded9a94b-bb28-46d1-aec0-9e92ac21e7ae
2023-08-31 10:29:39,795 [main] DEBUG balancer.ContainerBalancerTask (ContainerBalancerTask.java:lambda$moveContainer$3(837)) - Container move completed for container #87 from source 7c7bb1a2-e160-4d4d-a148-0c0a208269cd to target ded9a94b-bb28-46d1-aec0-9e92ac21e7ae
2023-08-31 10:29:39,797 [main] DEBUG balancer.ContainerBalancerTask (ContainerBalancerTask.java:matchSourceWithTarget(708)) - ContainerBalancer is finding suitable target for source datanode 7c7bb1a2-e160-4d4d-a148-0c0a208269cd
2023-08-31 10:29:39,798 [main] INFO  balancer.FindTargetGreedyByUsageInfo (AbstractFindTargetGreedy.java:findTargetForContainerMove(133)) - Container Balancer could not find a target for source datanode 7c7bb1a2-e160-4d4d-a148-0c0a208269cd
2023-08-31 10:29:39,798 [main] DEBUG balancer.ContainerBalancerTask (ContainerBalancerTask.java:matchSourceWithTarget(717)) - ContainerBalancer could not find a suitable target for source node 7c7bb1a2-e160-4d4d-a148-0c0a208269cd.
2023-08-31 10:29:39,798 [main] INFO  balancer.FindSourceGreedy (FindSourceGreedy.java:getNextCandidateSourceDataNode(126)) - no more candidate source data node
2023-08-31 10:29:39,799 [main] INFO  balancer.ContainerBalancerTask (ContainerBalancerTask.java:checkIterationMoveResults(642)) - Iteration Summary. Number of Datanodes involved: 2. Size moved: 21 GB (22548578304 Bytes). Number of Container moves completed: 5.
2023-08-31 10:29:39,799 [main] INFO  balancer.ContainerBalancerTask (ContainerBalancerTask.java:balance(259)) - Result of this iteration of Container Balancer: ITERATION_COMPLETED
2023-08-31 10:29:39,801 [main] DEBUG balancer.ContainerBalancerTask (ContainerBalancerTask.java:initializeIteration(374)) - Average utilization of the cluster is 0.3481500382754011
2023-08-31 10:29:39,801 [main] DEBUG balancer.ContainerBalancerTask (ContainerBalancerTask.java:initializeIteration(386)) - Lower limit for utilization is 0.24815003827540108 and Upper limit for utilization is 0.4481500382754011
2023-08-31 10:29:39,801 [main] DEBUG balancer.ContainerBalancerTask (ContainerBalancerTask.java:initializeIteration(398)) - Utilization for node 7c7bb1a2-e160-4d4d-a148-0c0a208269cd with capacity 54880137671B, used 49392123904B, and remaining 5488013767B is 0.9000000000018221
2023-08-31 10:29:39,801 [main] DEBUG balancer.ContainerBalancerTask (ContainerBalancerTask.java:initializeIteration(398)) - Utilization for node fb9f2c03-fb16-4cf6-aed9-8dd598966574 with capacity 72477573120B, used 57982058496B, and remaining 14495514624B is 0.8
2023-08-31 10:29:39,801 [main] DEBUG balancer.ContainerBalancerTask (ContainerBalancerTask.java:initializeIteration(398)) - Utilization for node 47c46efe-210e-4c95-8246-6fda73780b57 with capacity 64424509440B, used 45097156608B, and remaining 19327352832B is 0.7
2023-08-31 10:29:39,801 [main] DEBUG balancer.ContainerBalancerTask (ContainerBalancerTask.java:initializeIteration(398)) - Utilization for node 24a3d4b1-b311-4f54-9d73-9afbb37bf9ce with capacity 87688915626B, used 52613349376B, and remaining 35075566250B is 0.6000000000045616
2023-08-31 10:29:39,801 [main] DEBUG balancer.ContainerBalancerTask (ContainerBalancerTask.java:initializeIteration(398)) - Utilization for node dee9af8b-2c7c-4d1f-bde2-d41b95f1bc74 with capacity 105226698752B, used 52613349376B, and remaining 52613349376B is 0.5
2023-08-31 10:29:39,801 [main] DEBUG balancer.ContainerBalancerTask (ContainerBalancerTask.java:initializeIteration(398)) - Utilization for node b8fd4667-b473-4dce-bc08-778c664fa1fc with capacity 85899345920B, used 34359738368B, and remaining 51539607552B is 0.4
2023-08-31 10:29:39,802 [main] DEBUG balancer.ContainerBalancerTask (ContainerBalancerTask.java:initializeIteration(398)) - Utilization for node 0089e807-e1f0-4b85-83af-00289f20d061 with capacity 153902994773B, used 46170898432B, and remaining 107732096341B is 0.30000000000064975
2023-08-31 10:29:39,802 [main] DEBUG balancer.ContainerBalancerTask (ContainerBalancerTask.java:initializeIteration(398)) - Utilization for node 7b0b304a-28a1-4862-846d-b4247593e2a7 with capacity 193273528320B, used 38654705664B, and remaining 154618822656B is 0.2
2023-08-31 10:29:39,802 [main] DEBUG balancer.ContainerBalancerTask (ContainerBalancerTask.java:initializeIteration(398)) - Utilization for node f5b9dd81-4cba-478f-b4dc-b2a19a122aec with capacity 300647710720B, used 30064771072B, and remaining 270582939648B is 0.1
2023-08-31 10:29:39,802 [main] DEBUG balancer.ContainerBalancerTask (ContainerBalancerTask.java:initializeIteration(398)) - Utilization for node ded9a94b-bb28-46d1-aec0-9e92ac21e7ae with capacity 50465865728B, used 0B, and remaining 50465865728B is 0.0
2023-08-31 10:29:39,802 [main] INFO  balancer.ContainerBalancerTask (ContainerBalancerTask.java:initializeIteration(447)) - Container Balancer has identified 5 Over-Utilized and 3 Under-Utilized Datanodes that need to be balanced.
2023-08-31 10:29:39,802 [main] DEBUG balancer.ContainerBalancerTask (ContainerBalancerTask.java:lambda$initializeIteration$1(453)) - Datanode localhost-127.250.7.186 7c7bb1a2-e160-4d4d-a148-0c0a208269cd is Over-Utilized.
2023-08-31 10:29:39,802 [main] DEBUG balancer.ContainerBalancerTask (ContainerBalancerTask.java:lambda$initializeIteration$1(453)) - Datanode localhost-66.73.109.7 fb9f2c03-fb16-4cf6-aed9-8dd598966574 is Over-Utilized.
2023-08-31 10:29:39,802 [main] DEBUG balancer.ContainerBalancerTask (ContainerBalancerTask.java:lambda$initializeIteration$1(453)) - Datanode localhost-131.6.130.10 47c46efe-210e-4c95-8246-6fda73780b57 is Over-Utilized.
2023-08-31 10:29:39,802 [main] DEBUG balancer.ContainerBalancerTask (ContainerBalancerTask.java:lambda$initializeIteration$1(453)) - Datanode localhost-116.83.113.42 24a3d4b1-b311-4f54-9d73-9afbb37bf9ce is Over-Utilized.
2023-08-31 10:29:39,802 [main] DEBUG balancer.ContainerBalancerTask (ContainerBalancerTask.java:lambda$initializeIteration$1(453)) - Datanode localhost-32.59.131.127 dee9af8b-2c7c-4d1f-bde2-d41b95f1bc74 is Over-Utilized.
2023-08-31 10:29:39,803 [main] DEBUG balancer.ContainerBalancerTask (ContainerBalancerTask.java:lambda$initializeIteration$2(459)) - Datanode localhost-33.208.111.45 ded9a94b-bb28-46d1-aec0-9e92ac21e7ae is Under-Utilized.
2023-08-31 10:29:39,803 [main] DEBUG balancer.ContainerBalancerTask (ContainerBalancerTask.java:lambda$initializeIteration$2(459)) - Datanode localhost-138.234.174.53 f5b9dd81-4cba-478f-b4dc-b2a19a122aec is Under-Utilized.
2023-08-31 10:29:39,803 [main] DEBUG balancer.ContainerBalancerTask (ContainerBalancerTask.java:lambda$initializeIteration$2(459)) - Datanode localhost-40.185.131.157 7b0b304a-28a1-4862-846d-b4247593e2a7 is Under-Utilized.
2023-08-31 10:29:39,808 [main] DEBUG balancer.ContainerBalancerTask (ContainerBalancerTask.java:matchSourceWithTarget(708)) - ContainerBalancer is finding suitable target for source datanode 7c7bb1a2-e160-4d4d-a148-0c0a208269cd
2023-08-31 10:29:39,808 [main] INFO  balancer.ContainerBalancerTask (ContainerBalancerTask.java:matchSourceWithTarget(722)) - ContainerBalancer matched source datanode 7c7bb1a2-e160-4d4d-a148-0c0a208269cd with target datanode ded9a94b-bb28-46d1-aec0-9e92ac21e7ae for container move.
2023-08-31 10:29:39,809 [main] INFO  balancer.ContainerBalancerTask (ContainerBalancerTask.java:processMoveSelection(569)) - ContainerBalancer is trying to move container #85 with size 5368709120B from source datanode 7c7bb1a2-e160-4d4d-a148-0c0a208269cd to target datanode ded9a94b-bb28-46d1-aec0-9e92ac21e7ae
2023-08-31 10:29:39,809 [main] DEBUG balancer.ContainerBalancerTask (ContainerBalancerTask.java:lambda$moveContainer$3(837)) - Container move completed for container #85 from source 7c7bb1a2-e160-4d4d-a148-0c0a208269cd to target ded9a94b-bb28-46d1-aec0-9e92ac21e7ae
2023-08-31 10:29:39,809 [main] DEBUG balancer.ContainerBalancerTask (ContainerBalancerTask.java:adaptOnReachingIterationLimits(782)) - Reached max datanodes to involve limit. 2 datanodes have already been selected for balancing and the limit is 2. Only already selected sources and targets can be involved in balancing now.
2023-08-31 10:29:39,811 [main] DEBUG balancer.ContainerBalancerTask (ContainerBalancerTask.java:matchSourceWithTarget(708)) - ContainerBalancer is finding suitable target for source datanode 7c7bb1a2-e160-4d4d-a148-0c0a208269cd
2023-08-31 10:29:39,812 [main] INFO  balancer.ContainerBalancerTask (ContainerBalancerTask.java:matchSourceWithTarget(722)) - ContainerBalancer matched source datanode 7c7bb1a2-e160-4d4d-a148-0c0a208269cd with target datanode ded9a94b-bb28-46d1-aec0-9e92ac21e7ae for container move.
2023-08-31 10:29:39,812 [main] INFO  balancer.ContainerBalancerTask (ContainerBalancerTask.java:processMoveSelection(569)) - ContainerBalancer is trying to move container #68 with size 5368709120B from source datanode 7c7bb1a2-e160-4d4d-a148-0c0a208269cd to target datanode ded9a94b-bb28-46d1-aec0-9e92ac21e7ae
2023-08-31 10:29:39,812 [main] DEBUG balancer.ContainerBalancerTask (ContainerBalancerTask.java:lambda$moveContainer$3(837)) - Container move completed for container #68 from source 7c7bb1a2-e160-4d4d-a148-0c0a208269cd to target ded9a94b-bb28-46d1-aec0-9e92ac21e7ae
2023-08-31 10:29:39,815 [main] DEBUG balancer.ContainerBalancerTask (ContainerBalancerTask.java:matchSourceWithTarget(708)) - ContainerBalancer is finding suitable target for source datanode 7c7bb1a2-e160-4d4d-a148-0c0a208269cd
2023-08-31 10:29:39,815 [main] INFO  balancer.ContainerBalancerTask (ContainerBalancerTask.java:matchSourceWithTarget(722)) - ContainerBalancer matched source datanode 7c7bb1a2-e160-4d4d-a148-0c0a208269cd with target datanode ded9a94b-bb28-46d1-aec0-9e92ac21e7ae for container move.
2023-08-31 10:29:39,815 [main] INFO  balancer.ContainerBalancerTask (ContainerBalancerTask.java:processMoveSelection(569)) - ContainerBalancer is trying to move container #29 with size 5368709120B from source datanode 7c7bb1a2-e160-4d4d-a148-0c0a208269cd to target datanode ded9a94b-bb28-46d1-aec0-9e92ac21e7ae
2023-08-31 10:29:39,815 [main] DEBUG balancer.ContainerBalancerTask (ContainerBalancerTask.java:lambda$moveContainer$3(837)) - Container move completed for container #29 from source 7c7bb1a2-e160-4d4d-a148-0c0a208269cd to target ded9a94b-bb28-46d1-aec0-9e92ac21e7ae
2023-08-31 10:29:39,818 [main] DEBUG balancer.ContainerBalancerTask (ContainerBalancerTask.java:matchSourceWithTarget(708)) - ContainerBalancer is finding suitable target for source datanode 7c7bb1a2-e160-4d4d-a148-0c0a208269cd
2023-08-31 10:29:39,818 [main] INFO  balancer.ContainerBalancerTask (ContainerBalancerTask.java:matchSourceWithTarget(722)) - ContainerBalancer matched source datanode 7c7bb1a2-e160-4d4d-a148-0c0a208269cd with target datanode ded9a94b-bb28-46d1-aec0-9e92ac21e7ae for container move.
2023-08-31 10:29:39,818 [main] INFO  balancer.ContainerBalancerTask (ContainerBalancerTask.java:processMoveSelection(569)) - ContainerBalancer is trying to move container #89 with size 4294967296B from source datanode 7c7bb1a2-e160-4d4d-a148-0c0a208269cd to target datanode ded9a94b-bb28-46d1-aec0-9e92ac21e7ae
2023-08-31 10:29:39,818 [main] DEBUG balancer.ContainerBalancerTask (ContainerBalancerTask.java:lambda$moveContainer$3(837)) - Container move completed for container #89 from source 7c7bb1a2-e160-4d4d-a148-0c0a208269cd to target ded9a94b-bb28-46d1-aec0-9e92ac21e7ae
2023-08-31 10:29:39,821 [main] DEBUG balancer.ContainerBalancerTask (ContainerBalancerTask.java:matchSourceWithTarget(708)) - ContainerBalancer is finding suitable target for source datanode 7c7bb1a2-e160-4d4d-a148-0c0a208269cd
2023-08-31 10:29:39,821 [main] INFO  balancer.ContainerBalancerTask (ContainerBalancerTask.java:matchSourceWithTarget(722)) - ContainerBalancer matched source datanode 7c7bb1a2-e160-4d4d-a148-0c0a208269cd with target datanode ded9a94b-bb28-46d1-aec0-9e92ac21e7ae for container move.
2023-08-31 10:29:39,822 [main] INFO  balancer.ContainerBalancerTask (ContainerBalancerTask.java:processMoveSelection(569)) - ContainerBalancer is trying to move container #87 with size 2147483648B from source datanode 7c7bb1a2-e160-4d4d-a148-0c0a208269cd to target datanode ded9a94b-bb28-46d1-aec0-9e92ac21e7ae
2023-08-31 10:29:39,822 [main] DEBUG balancer.ContainerBalancerTask (ContainerBalancerTask.java:lambda$moveContainer$3(837)) - Container move completed for container #87 from source 7c7bb1a2-e160-4d4d-a148-0c0a208269cd to target ded9a94b-bb28-46d1-aec0-9e92ac21e7ae
2023-08-31 10:29:39,824 [main] DEBUG balancer.ContainerBalancerTask (ContainerBalancerTask.java:matchSourceWithTarget(708)) - ContainerBalancer is finding suitable target for source datanode 7c7bb1a2-e160-4d4d-a148-0c0a208269cd
2023-08-31 10:29:39,825 [main] INFO  balancer.FindTargetGreedyByUsageInfo (AbstractFindTargetGreedy.java:findTargetForContainerMove(133)) - Container Balancer could not find a target for source datanode 7c7bb1a2-e160-4d4d-a148-0c0a208269cd
2023-08-31 10:29:39,825 [main] DEBUG balancer.ContainerBalancerTask (ContainerBalancerTask.java:matchSourceWithTarget(717)) - ContainerBalancer could not find a suitable target for source node 7c7bb1a2-e160-4d4d-a148-0c0a208269cd.
2023-08-31 10:29:39,825 [main] INFO  balancer.FindSourceGreedy (FindSourceGreedy.java:getNextCandidateSourceDataNode(126)) - no more candidate source data node
2023-08-31 10:29:39,825 [main] INFO  balancer.ContainerBalancerTask (ContainerBalancerTask.java:checkIterationMoveResults(642)) - Iteration Summary. Number of Datanodes involved: 2. Size moved: 21 GB (22548578304 Bytes). Number of Container moves completed: 5.
2023-08-31 10:29:39,826 [main] INFO  balancer.ContainerBalancerTask (ContainerBalancerTask.java:balance(259)) - Result of this iteration of Container Balancer: ITERATION_COMPLETED
2023-08-31 10:29:39,827 [main] DEBUG balancer.ContainerBalancerTask (ContainerBalancerTask.java:initializeIteration(374)) - Average utilization of the cluster is 0.3481500382754011
2023-08-31 10:29:39,827 [main] DEBUG balancer.ContainerBalancerTask (ContainerBalancerTask.java:initializeIteration(386)) - Lower limit for utilization is 0.24815003827540108 and Upper limit for utilization is 0.4481500382754011
2023-08-31 10:29:39,827 [main] DEBUG balancer.ContainerBalancerTask (ContainerBalancerTask.java:initializeIteration(398)) - Utilization for node 7c7bb1a2-e160-4d4d-a148-0c0a208269cd with capacity 54880137671B, used 49392123904B, and remaining 5488013767B is 0.9000000000018221
2023-08-31 10:29:39,827 [main] DEBUG balancer.ContainerBalancerTask (ContainerBalancerTask.java:initializeIteration(398)) - Utilization for node fb9f2c03-fb16-4cf6-aed9-8dd598966574 with capacity 72477573120B, used 57982058496B, and remaining 14495514624B is 0.8
2023-08-31 10:29:39,827 [main] DEBUG balancer.ContainerBalancerTask (ContainerBalancerTask.java:initializeIteration(398)) - Utilization for node 47c46efe-210e-4c95-8246-6fda73780b57 with capacity 64424509440B, used 45097156608B, and remaining 19327352832B is 0.7
2023-08-31 10:29:39,828 [main] DEBUG balancer.ContainerBalancerTask (ContainerBalancerTask.java:initializeIteration(398)) - Utilization for node 24a3d4b1-b311-4f54-9d73-9afbb37bf9ce with capacity 87688915626B, used 52613349376B, and remaining 35075566250B is 0.6000000000045616
2023-08-31 10:29:39,828 [main] DEBUG balancer.ContainerBalancerTask (ContainerBalancerTask.java:initializeIteration(398)) - Utilization for node dee9af8b-2c7c-4d1f-bde2-d41b95f1bc74 with capacity 105226698752B, used 52613349376B, and remaining 52613349376B is 0.5
2023-08-31 10:29:39,828 [main] DEBUG balancer.ContainerBalancerTask (ContainerBalancerTask.java:initializeIteration(398)) - Utilization for node b8fd4667-b473-4dce-bc08-778c664fa1fc with capacity 85899345920B, used 34359738368B, and remaining 51539607552B is 0.4
2023-08-31 10:29:39,828 [main] DEBUG balancer.ContainerBalancerTask (ContainerBalancerTask.java:initializeIteration(398)) - Utilization for node 0089e807-e1f0-4b85-83af-00289f20d061 with capacity 153902994773B, used 46170898432B, and remaining 107732096341B is 0.30000000000064975
2023-08-31 10:29:39,828 [main] DEBUG balancer.ContainerBalancerTask (ContainerBalancerTask.java:initializeIteration(398)) - Utilization for node 7b0b304a-28a1-4862-846d-b4247593e2a7 with capacity 193273528320B, used 38654705664B, and remaining 154618822656B is 0.2
2023-08-31 10:29:39,828 [main] DEBUG balancer.ContainerBalancerTask (ContainerBalancerTask.java:initializeIteration(398)) - Utilization for node f5b9dd81-4cba-478f-b4dc-b2a19a122aec with capacity 300647710720B, used 30064771072B, and remaining 270582939648B is 0.1
2023-08-31 10:29:39,828 [main] DEBUG balancer.ContainerBalancerTask (ContainerBalancerTask.java:initializeIteration(398)) - Utilization for node ded9a94b-bb28-46d1-aec0-9e92ac21e7ae with capacity 50465865728B, used 0B, and remaining 50465865728B is 0.0
2023-08-31 10:29:39,828 [main] INFO  balancer.ContainerBalancerTask (ContainerBalancerTask.java:initializeIteration(447)) - Container Balancer has identified 5 Over-Utilized and 3 Under-Utilized Datanodes that need to be balanced.
2023-08-31 10:29:39,828 [main] DEBUG balancer.ContainerBalancerTask (ContainerBalancerTask.java:lambda$initializeIteration$1(453)) - Datanode localhost-127.250.7.186 7c7bb1a2-e160-4d4d-a148-0c0a208269cd is Over-Utilized.
2023-08-31 10:29:39,829 [main] DEBUG balancer.ContainerBalancerTask (ContainerBalancerTask.java:lambda$initializeIteration$1(453)) - Datanode localhost-66.73.109.7 fb9f2c03-fb16-4cf6-aed9-8dd598966574 is Over-Utilized.
2023-08-31 10:29:39,829 [main] DEBUG balancer.ContainerBalancerTask (ContainerBalancerTask.java:lambda$initializeIteration$1(453)) - Datanode localhost-131.6.130.10 47c46efe-210e-4c95-8246-6fda73780b57 is Over-Utilized.
2023-08-31 10:29:39,829 [main] DEBUG balancer.ContainerBalancerTask (ContainerBalancerTask.java:lambda$initializeIteration$1(453)) - Datanode localhost-116.83.113.42 24a3d4b1-b311-4f54-9d73-9afbb37bf9ce is Over-Utilized.
2023-08-31 10:29:39,829 [main] DEBUG balancer.ContainerBalancerTask (ContainerBalancerTask.java:lambda$initializeIteration$1(453)) - Datanode localhost-32.59.131.127 dee9af8b-2c7c-4d1f-bde2-d41b95f1bc74 is Over-Utilized.
2023-08-31 10:29:39,829 [main] DEBUG balancer.ContainerBalancerTask (ContainerBalancerTask.java:lambda$initializeIteration$2(459)) - Datanode localhost-33.208.111.45 ded9a94b-bb28-46d1-aec0-9e92ac21e7ae is Under-Utilized.
2023-08-31 10:29:39,829 [main] DEBUG balancer.ContainerBalancerTask (ContainerBalancerTask.java:lambda$initializeIteration$2(459)) - Datanode localhost-138.234.174.53 f5b9dd81-4cba-478f-b4dc-b2a19a122aec is Under-Utilized.
2023-08-31 10:29:39,829 [main] DEBUG balancer.ContainerBalancerTask (ContainerBalancerTask.java:lambda$initializeIteration$2(459)) - Datanode localhost-40.185.131.157 7b0b304a-28a1-4862-846d-b4247593e2a7 is Under-Utilized.
2023-08-31 10:29:39,832 [main] DEBUG balancer.ContainerBalancerTask (ContainerBalancerTask.java:matchSourceWithTarget(708)) - ContainerBalancer is finding suitable target for source datanode 7c7bb1a2-e160-4d4d-a148-0c0a208269cd
2023-08-31 10:29:39,832 [main] INFO  balancer.ContainerBalancerTask (ContainerBalancerTask.java:matchSourceWithTarget(722)) - ContainerBalancer matched source datanode 7c7bb1a2-e160-4d4d-a148-0c0a208269cd with target datanode ded9a94b-bb28-46d1-aec0-9e92ac21e7ae for container move.
2023-08-31 10:29:39,832 [main] INFO  balancer.ContainerBalancerTask (ContainerBalancerTask.java:processMoveSelection(569)) - ContainerBalancer is trying to move container #85 with size 5368709120B from source datanode 7c7bb1a2-e160-4d4d-a148-0c0a208269cd to target datanode ded9a94b-bb28-46d1-aec0-9e92ac21e7ae
2023-08-31 10:29:39,832 [main] DEBUG balancer.ContainerBalancerTask (ContainerBalancerTask.java:lambda$moveContainer$3(837)) - Container move completed for container #85 from source 7c7bb1a2-e160-4d4d-a148-0c0a208269cd to target ded9a94b-bb28-46d1-aec0-9e92ac21e7ae
2023-08-31 10:29:39,832 [main] DEBUG balancer.ContainerBalancerTask (ContainerBalancerTask.java:adaptOnReachingIterationLimits(782)) - Reached max datanodes to involve limit. 2 datanodes have already been selected for balancing and the limit is 2. Only already selected sources and targets can be involved in balancing now.
2023-08-31 10:29:39,835 [main] DEBUG balancer.ContainerBalancerTask (ContainerBalancerTask.java:matchSourceWithTarget(708)) - ContainerBalancer is finding suitable target for source datanode 7c7bb1a2-e160-4d4d-a148-0c0a208269cd
2023-08-31 10:29:39,835 [main] INFO  balancer.ContainerBalancerTask (ContainerBalancerTask.java:matchSourceWithTarget(722)) - ContainerBalancer matched source datanode 7c7bb1a2-e160-4d4d-a148-0c0a208269cd with target datanode ded9a94b-bb28-46d1-aec0-9e92ac21e7ae for container move.
2023-08-31 10:29:39,835 [main] INFO  balancer.ContainerBalancerTask (ContainerBalancerTask.java:processMoveSelection(569)) - ContainerBalancer is trying to move container #68 with size 5368709120B from source datanode 7c7bb1a2-e160-4d4d-a148-0c0a208269cd to target datanode ded9a94b-bb28-46d1-aec0-9e92ac21e7ae
2023-08-31 10:29:39,835 [main] DEBUG balancer.ContainerBalancerTask (ContainerBalancerTask.java:lambda$moveContainer$3(837)) - Container move completed for container #68 from source 7c7bb1a2-e160-4d4d-a148-0c0a208269cd to target ded9a94b-bb28-46d1-aec0-9e92ac21e7ae
2023-08-31 10:29:39,838 [main] DEBUG balancer.ContainerBalancerTask (ContainerBalancerTask.java:matchSourceWithTarget(708)) - ContainerBalancer is finding suitable target for source datanode 7c7bb1a2-e160-4d4d-a148-0c0a208269cd
2023-08-31 10:29:39,838 [main] INFO  balancer.ContainerBalancerTask (ContainerBalancerTask.java:matchSourceWithTarget(722)) - ContainerBalancer matched source datanode 7c7bb1a2-e160-4d4d-a148-0c0a208269cd with target datanode ded9a94b-bb28-46d1-aec0-9e92ac21e7ae for container move.
2023-08-31 10:29:39,838 [main] INFO  balancer.ContainerBalancerTask (ContainerBalancerTask.java:processMoveSelection(569)) - ContainerBalancer is trying to move container #29 with size 5368709120B from source datanode 7c7bb1a2-e160-4d4d-a148-0c0a208269cd to target datanode ded9a94b-bb28-46d1-aec0-9e92ac21e7ae
2023-08-31 10:29:39,839 [main] DEBUG balancer.ContainerBalancerTask (ContainerBalancerTask.java:lambda$moveContainer$3(837)) - Container move completed for container #29 from source 7c7bb1a2-e160-4d4d-a148-0c0a208269cd to target ded9a94b-bb28-46d1-aec0-9e92ac21e7ae
2023-08-31 10:29:39,841 [main] DEBUG balancer.ContainerBalancerTask (ContainerBalancerTask.java:matchSourceWithTarget(708)) - ContainerBalancer is finding suitable target for source datanode 7c7bb1a2-e160-4d4d-a148-0c0a208269cd
2023-08-31 10:29:39,841 [main] INFO  balancer.ContainerBalancerTask (ContainerBalancerTask.java:matchSourceWithTarget(722)) - ContainerBalancer matched source datanode 7c7bb1a2-e160-4d4d-a148-0c0a208269cd with target datanode ded9a94b-bb28-46d1-aec0-9e92ac21e7ae for container move.
2023-08-31 10:29:39,841 [main] INFO  balancer.ContainerBalancerTask (ContainerBalancerTask.java:processMoveSelection(569)) - ContainerBalancer is trying to move container #89 with size 4294967296B from source datanode 7c7bb1a2-e160-4d4d-a148-0c0a208269cd to target datanode ded9a94b-bb28-46d1-aec0-9e92ac21e7ae
2023-08-31 10:29:39,842 [main] DEBUG balancer.ContainerBalancerTask (ContainerBalancerTask.java:lambda$moveContainer$3(837)) - Container move completed for container #89 from source 7c7bb1a2-e160-4d4d-a148-0c0a208269cd to target ded9a94b-bb28-46d1-aec0-9e92ac21e7ae
2023-08-31 10:29:39,844 [main] DEBUG balancer.ContainerBalancerTask (ContainerBalancerTask.java:matchSourceWithTarget(708)) - ContainerBalancer is finding suitable target for source datanode 7c7bb1a2-e160-4d4d-a148-0c0a208269cd
2023-08-31 10:29:39,845 [main] INFO  balancer.ContainerBalancerTask (ContainerBalancerTask.java:matchSourceWithTarget(722)) - ContainerBalancer matched source datanode 7c7bb1a2-e160-4d4d-a148-0c0a208269cd with target datanode ded9a94b-bb28-46d1-aec0-9e92ac21e7ae for container move.
2023-08-31 10:29:39,845 [main] INFO  balancer.ContainerBalancerTask (ContainerBalancerTask.java:processMoveSelection(569)) - ContainerBalancer is trying to move container #87 with size 2147483648B from source datanode 7c7bb1a2-e160-4d4d-a148-0c0a208269cd to target datanode ded9a94b-bb28-46d1-aec0-9e92ac21e7ae
2023-08-31 10:29:39,845 [main] DEBUG balancer.ContainerBalancerTask (ContainerBalancerTask.java:lambda$moveContainer$3(837)) - Container move completed for container #87 from source 7c7bb1a2-e160-4d4d-a148-0c0a208269cd to target ded9a94b-bb28-46d1-aec0-9e92ac21e7ae
2023-08-31 10:29:39,847 [main] DEBUG balancer.ContainerBalancerTask (ContainerBalancerTask.java:matchSourceWithTarget(708)) - ContainerBalancer is finding suitable target for source datanode 7c7bb1a2-e160-4d4d-a148-0c0a208269cd
2023-08-31 10:29:39,848 [main] INFO  balancer.FindTargetGreedyByUsageInfo (AbstractFindTargetGreedy.java:findTargetForContainerMove(133)) - Container Balancer could not find a target for source datanode 7c7bb1a2-e160-4d4d-a148-0c0a208269cd
2023-08-31 10:29:39,848 [main] DEBUG balancer.ContainerBalancerTask (ContainerBalancerTask.java:matchSourceWithTarget(717)) - ContainerBalancer could not find a suitable target for source node 7c7bb1a2-e160-4d4d-a148-0c0a208269cd.
2023-08-31 10:29:39,848 [main] INFO  balancer.FindSourceGreedy (FindSourceGreedy.java:getNextCandidateSourceDataNode(126)) - no more candidate source data node
2023-08-31 10:29:39,849 [main] INFO  balancer.ContainerBalancerTask (ContainerBalancerTask.java:checkIterationMoveResults(642)) - Iteration Summary. Number of Datanodes involved: 2. Size moved: 21 GB (22548578304 Bytes). Number of Container moves completed: 5.
2023-08-31 10:29:39,849 [main] INFO  balancer.ContainerBalancerTask (ContainerBalancerTask.java:balance(259)) - Result of this iteration of Container Balancer: ITERATION_COMPLETED
2023-08-31 10:29:39,850 [main] DEBUG balancer.ContainerBalancerTask (ContainerBalancerTask.java:initializeIteration(374)) - Average utilization of the cluster is 0.3481500382754011
2023-08-31 10:29:39,850 [main] DEBUG balancer.ContainerBalancerTask (ContainerBalancerTask.java:initializeIteration(386)) - Lower limit for utilization is 0.24815003827540108 and Upper limit for utilization is 0.4481500382754011
2023-08-31 10:29:39,850 [main] DEBUG balancer.ContainerBalancerTask (ContainerBalancerTask.java:initializeIteration(398)) - Utilization for node 7c7bb1a2-e160-4d4d-a148-0c0a208269cd with capacity 54880137671B, used 49392123904B, and remaining 5488013767B is 0.9000000000018221
2023-08-31 10:29:39,851 [main] DEBUG balancer.ContainerBalancerTask (ContainerBalancerTask.java:initializeIteration(398)) - Utilization for node fb9f2c03-fb16-4cf6-aed9-8dd598966574 with capacity 72477573120B, used 57982058496B, and remaining 14495514624B is 0.8
2023-08-31 10:29:39,851 [main] DEBUG balancer.ContainerBalancerTask (ContainerBalancerTask.java:initializeIteration(398)) - Utilization for node 47c46efe-210e-4c95-8246-6fda73780b57 with capacity 64424509440B, used 45097156608B, and remaining 19327352832B is 0.7
2023-08-31 10:29:39,851 [main] DEBUG balancer.ContainerBalancerTask (ContainerBalancerTask.java:initializeIteration(398)) - Utilization for node 24a3d4b1-b311-4f54-9d73-9afbb37bf9ce with capacity 87688915626B, used 52613349376B, and remaining 35075566250B is 0.6000000000045616
2023-08-31 10:29:39,851 [main] DEBUG balancer.ContainerBalancerTask (ContainerBalancerTask.java:initializeIteration(398)) - Utilization for node dee9af8b-2c7c-4d1f-bde2-d41b95f1bc74 with capacity 105226698752B, used 52613349376B, and remaining 52613349376B is 0.5
2023-08-31 10:29:39,851 [main] DEBUG balancer.ContainerBalancerTask (ContainerBalancerTask.java:initializeIteration(398)) - Utilization for node b8fd4667-b473-4dce-bc08-778c664fa1fc with capacity 85899345920B, used 34359738368B, and remaining 51539607552B is 0.4
2023-08-31 10:29:39,851 [main] DEBUG balancer.ContainerBalancerTask (ContainerBalancerTask.java:initializeIteration(398)) - Utilization for node 0089e807-e1f0-4b85-83af-00289f20d061 with capacity 153902994773B, used 46170898432B, and remaining 107732096341B is 0.30000000000064975
2023-08-31 10:29:39,851 [main] DEBUG balancer.ContainerBalancerTask (ContainerBalancerTask.java:initializeIteration(398)) - Utilization for node 7b0b304a-28a1-4862-846d-b4247593e2a7 with capacity 193273528320B, used 38654705664B, and remaining 154618822656B is 0.2
2023-08-31 10:29:39,851 [main] DEBUG balancer.ContainerBalancerTask (ContainerBalancerTask.java:initializeIteration(398)) - Utilization for node f5b9dd81-4cba-478f-b4dc-b2a19a122aec with capacity 300647710720B, used 30064771072B, and remaining 270582939648B is 0.1
2023-08-31 10:29:39,851 [main] DEBUG balancer.ContainerBalancerTask (ContainerBalancerTask.java:initializeIteration(398)) - Utilization for node ded9a94b-bb28-46d1-aec0-9e92ac21e7ae with capacity 50465865728B, used 0B, and remaining 50465865728B is 0.0
2023-08-31 10:29:39,851 [main] INFO  balancer.ContainerBalancerTask (ContainerBalancerTask.java:initializeIteration(447)) - Container Balancer has identified 5 Over-Utilized and 3 Under-Utilized Datanodes that need to be balanced.
2023-08-31 10:29:39,852 [main] DEBUG balancer.ContainerBalancerTask (ContainerBalancerTask.java:lambda$initializeIteration$1(453)) - Datanode localhost-127.250.7.186 7c7bb1a2-e160-4d4d-a148-0c0a208269cd is Over-Utilized.
2023-08-31 10:29:39,852 [main] DEBUG balancer.ContainerBalancerTask (ContainerBalancerTask.java:lambda$initializeIteration$1(453)) - Datanode localhost-66.73.109.7 fb9f2c03-fb16-4cf6-aed9-8dd598966574 is Over-Utilized.
2023-08-31 10:29:39,852 [main] DEBUG balancer.ContainerBalancerTask (ContainerBalancerTask.java:lambda$initializeIteration$1(453)) - Datanode localhost-131.6.130.10 47c46efe-210e-4c95-8246-6fda73780b57 is Over-Utilized.
2023-08-31 10:29:39,852 [main] DEBUG balancer.ContainerBalancerTask (ContainerBalancerTask.java:lambda$initializeIteration$1(453)) - Datanode localhost-116.83.113.42 24a3d4b1-b311-4f54-9d73-9afbb37bf9ce is Over-Utilized.
2023-08-31 10:29:39,852 [main] DEBUG balancer.ContainerBalancerTask (ContainerBalancerTask.java:lambda$initializeIteration$1(453)) - Datanode localhost-32.59.131.127 dee9af8b-2c7c-4d1f-bde2-d41b95f1bc74 is Over-Utilized.
2023-08-31 10:29:39,852 [main] DEBUG balancer.ContainerBalancerTask (ContainerBalancerTask.java:lambda$initializeIteration$2(459)) - Datanode localhost-33.208.111.45 ded9a94b-bb28-46d1-aec0-9e92ac21e7ae is Under-Utilized.
2023-08-31 10:29:39,852 [main] DEBUG balancer.ContainerBalancerTask (ContainerBalancerTask.java:lambda$initializeIteration$2(459)) - Datanode localhost-138.234.174.53 f5b9dd81-4cba-478f-b4dc-b2a19a122aec is Under-Utilized.
2023-08-31 10:29:39,852 [main] DEBUG balancer.ContainerBalancerTask (ContainerBalancerTask.java:lambda$initializeIteration$2(459)) - Datanode localhost-40.185.131.157 7b0b304a-28a1-4862-846d-b4247593e2a7 is Under-Utilized.
2023-08-31 10:29:39,855 [main] DEBUG balancer.ContainerBalancerTask (ContainerBalancerTask.java:matchSourceWithTarget(708)) - ContainerBalancer is finding suitable target for source datanode 7c7bb1a2-e160-4d4d-a148-0c0a208269cd
2023-08-31 10:29:39,855 [main] INFO  balancer.ContainerBalancerTask (ContainerBalancerTask.java:matchSourceWithTarget(722)) - ContainerBalancer matched source datanode 7c7bb1a2-e160-4d4d-a148-0c0a208269cd with target datanode ded9a94b-bb28-46d1-aec0-9e92ac21e7ae for container move.
2023-08-31 10:29:39,855 [main] INFO  balancer.ContainerBalancerTask (ContainerBalancerTask.java:processMoveSelection(569)) - ContainerBalancer is trying to move container #85 with size 5368709120B from source datanode 7c7bb1a2-e160-4d4d-a148-0c0a208269cd to target datanode ded9a94b-bb28-46d1-aec0-9e92ac21e7ae
2023-08-31 10:29:39,855 [main] DEBUG balancer.ContainerBalancerTask (ContainerBalancerTask.java:lambda$moveContainer$3(837)) - Container move completed for container #85 from source 7c7bb1a2-e160-4d4d-a148-0c0a208269cd to target ded9a94b-bb28-46d1-aec0-9e92ac21e7ae
2023-08-31 10:29:39,856 [main] DEBUG balancer.ContainerBalancerTask (ContainerBalancerTask.java:adaptOnReachingIterationLimits(782)) - Reached max datanodes to involve limit. 2 datanodes have already been selected for balancing and the limit is 2. Only already selected sources and targets can be involved in balancing now.
2023-08-31 10:29:39,858 [main] DEBUG balancer.ContainerBalancerTask (ContainerBalancerTask.java:matchSourceWithTarget(708)) - ContainerBalancer is finding suitable target for source datanode 7c7bb1a2-e160-4d4d-a148-0c0a208269cd
2023-08-31 10:29:39,858 [main] INFO  balancer.ContainerBalancerTask (ContainerBalancerTask.java:matchSourceWithTarget(722)) - ContainerBalancer matched source datanode 7c7bb1a2-e160-4d4d-a148-0c0a208269cd with target datanode ded9a94b-bb28-46d1-aec0-9e92ac21e7ae for container move.
2023-08-31 10:29:39,858 [main] INFO  balancer.ContainerBalancerTask (ContainerBalancerTask.java:processMoveSelection(569)) - ContainerBalancer is trying to move container #68 with size 5368709120B from source datanode 7c7bb1a2-e160-4d4d-a148-0c0a208269cd to target datanode ded9a94b-bb28-46d1-aec0-9e92ac21e7ae
2023-08-31 10:29:39,859 [main] DEBUG balancer.ContainerBalancerTask (ContainerBalancerTask.java:lambda$moveContainer$3(837)) - Container move completed for container #68 from source 7c7bb1a2-e160-4d4d-a148-0c0a208269cd to target ded9a94b-bb28-46d1-aec0-9e92ac21e7ae
2023-08-31 10:29:39,861 [main] DEBUG balancer.ContainerBalancerTask (ContainerBalancerTask.java:matchSourceWithTarget(708)) - ContainerBalancer is finding suitable target for source datanode 7c7bb1a2-e160-4d4d-a148-0c0a208269cd
2023-08-31 10:29:39,861 [main] INFO  balancer.ContainerBalancerTask (ContainerBalancerTask.java:matchSourceWithTarget(722)) - ContainerBalancer matched source datanode 7c7bb1a2-e160-4d4d-a148-0c0a208269cd with target datanode ded9a94b-bb28-46d1-aec0-9e92ac21e7ae for container move.
2023-08-31 10:29:39,862 [main] INFO  balancer.ContainerBalancerTask (ContainerBalancerTask.java:processMoveSelection(569)) - ContainerBalancer is trying to move container #29 with size 5368709120B from source datanode 7c7bb1a2-e160-4d4d-a148-0c0a208269cd to target datanode ded9a94b-bb28-46d1-aec0-9e92ac21e7ae
2023-08-31 10:29:39,862 [main] DEBUG balancer.ContainerBalancerTask (ContainerBalancerTask.java:lambda$moveContainer$3(837)) - Container move completed for container #29 from source 7c7bb1a2-e160-4d4d-a148-0c0a208269cd to target ded9a94b-bb28-46d1-aec0-9e92ac21e7ae
2023-08-31 10:29:39,864 [main] DEBUG balancer.ContainerBalancerTask (ContainerBalancerTask.java:matchSourceWithTarget(708)) - ContainerBalancer is finding suitable target for source datanode 7c7bb1a2-e160-4d4d-a148-0c0a208269cd
2023-08-31 10:29:39,865 [main] INFO  balancer.ContainerBalancerTask (ContainerBalancerTask.java:matchSourceWithTarget(722)) - ContainerBalancer matched source datanode 7c7bb1a2-e160-4d4d-a148-0c0a208269cd with target datanode ded9a94b-bb28-46d1-aec0-9e92ac21e7ae for container move.
2023-08-31 10:29:39,865 [main] INFO  balancer.ContainerBalancerTask (ContainerBalancerTask.java:processMoveSelection(569)) - ContainerBalancer is trying to move container #89 with size 4294967296B from source datanode 7c7bb1a2-e160-4d4d-a148-0c0a208269cd to target datanode ded9a94b-bb28-46d1-aec0-9e92ac21e7ae
2023-08-31 10:29:39,865 [main] DEBUG balancer.ContainerBalancerTask (ContainerBalancerTask.java:lambda$moveContainer$3(837)) - Container move completed for container #89 from source 7c7bb1a2-e160-4d4d-a148-0c0a208269cd to target ded9a94b-bb28-46d1-aec0-9e92ac21e7ae
2023-08-31 10:29:39,867 [main] DEBUG balancer.ContainerBalancerTask (ContainerBalancerTask.java:matchSourceWithTarget(708)) - ContainerBalancer is finding suitable target for source datanode 7c7bb1a2-e160-4d4d-a148-0c0a208269cd
2023-08-31 10:29:39,868 [main] INFO  balancer.ContainerBalancerTask (ContainerBalancerTask.java:matchSourceWithTarget(722)) - ContainerBalancer matched source datanode 7c7bb1a2-e160-4d4d-a148-0c0a208269cd with target datanode ded9a94b-bb28-46d1-aec0-9e92ac21e7ae for container move.
2023-08-31 10:29:39,868 [main] INFO  balancer.ContainerBalancerTask (ContainerBalancerTask.java:processMoveSelection(569)) - ContainerBalancer is trying to move container #87 with size 2147483648B from source datanode 7c7bb1a2-e160-4d4d-a148-0c0a208269cd to target datanode ded9a94b-bb28-46d1-aec0-9e92ac21e7ae
2023-08-31 10:29:39,868 [main] DEBUG balancer.ContainerBalancerTask (ContainerBalancerTask.java:lambda$moveContainer$3(837)) - Container move completed for container #87 from source 7c7bb1a2-e160-4d4d-a148-0c0a208269cd to target ded9a94b-bb28-46d1-aec0-9e92ac21e7ae
2023-08-31 10:29:39,871 [main] DEBUG balancer.ContainerBalancerTask (ContainerBalancerTask.java:matchSourceWithTarget(708)) - ContainerBalancer is finding suitable target for source datanode 7c7bb1a2-e160-4d4d-a148-0c0a208269cd
2023-08-31 10:29:39,871 [main] INFO  balancer.FindTargetGreedyByUsageInfo (AbstractFindTargetGreedy.java:findTargetForContainerMove(133)) - Container Balancer could not find a target for source datanode 7c7bb1a2-e160-4d4d-a148-0c0a208269cd
2023-08-31 10:29:39,874 [main] DEBUG balancer.ContainerBalancerTask (ContainerBalancerTask.java:matchSourceWithTarget(717)) - ContainerBalancer could not find a suitable target for source node 7c7bb1a2-e160-4d4d-a148-0c0a208269cd.
2023-08-31 10:29:39,874 [main] INFO  balancer.FindSourceGreedy (FindSourceGreedy.java:getNextCandidateSourceDataNode(126)) - no more candidate source data node
2023-08-31 10:29:39,874 [main] INFO  balancer.ContainerBalancerTask (ContainerBalancerTask.java:checkIterationMoveResults(642)) - Iteration Summary. Number of Datanodes involved: 2. Size moved: 21 GB (22548578304 Bytes). Number of Container moves completed: 5.
2023-08-31 10:29:39,874 [main] INFO  balancer.ContainerBalancerTask (ContainerBalancerTask.java:balance(259)) - Result of this iteration of Container Balancer: ITERATION_COMPLETED
2023-08-31 10:29:39,876 [main] DEBUG balancer.ContainerBalancerTask (ContainerBalancerTask.java:initializeIteration(374)) - Average utilization of the cluster is 0.3481500382754011
2023-08-31 10:29:39,876 [main] DEBUG balancer.ContainerBalancerTask (ContainerBalancerTask.java:initializeIteration(386)) - Lower limit for utilization is 0.24815003827540108 and Upper limit for utilization is 0.4481500382754011
2023-08-31 10:29:39,876 [main] DEBUG balancer.ContainerBalancerTask (ContainerBalancerTask.java:initializeIteration(398)) - Utilization for node 7c7bb1a2-e160-4d4d-a148-0c0a208269cd with capacity 54880137671B, used 49392123904B, and remaining 5488013767B is 0.9000000000018221
2023-08-31 10:29:39,876 [main] DEBUG balancer.ContainerBalancerTask (ContainerBalancerTask.java:initializeIteration(398)) - Utilization for node fb9f2c03-fb16-4cf6-aed9-8dd598966574 with capacity 72477573120B, used 57982058496B, and remaining 14495514624B is 0.8
2023-08-31 10:29:39,876 [main] DEBUG balancer.ContainerBalancerTask (ContainerBalancerTask.java:initializeIteration(398)) - Utilization for node 47c46efe-210e-4c95-8246-6fda73780b57 with capacity 64424509440B, used 45097156608B, and remaining 19327352832B is 0.7
2023-08-31 10:29:39,876 [main] DEBUG balancer.ContainerBalancerTask (ContainerBalancerTask.java:initializeIteration(398)) - Utilization for node 24a3d4b1-b311-4f54-9d73-9afbb37bf9ce with capacity 87688915626B, used 52613349376B, and remaining 35075566250B is 0.6000000000045616
2023-08-31 10:29:39,876 [main] DEBUG balancer.ContainerBalancerTask (ContainerBalancerTask.java:initializeIteration(398)) - Utilization for node dee9af8b-2c7c-4d1f-bde2-d41b95f1bc74 with capacity 105226698752B, used 52613349376B, and remaining 52613349376B is 0.5
2023-08-31 10:29:39,876 [main] DEBUG balancer.ContainerBalancerTask (ContainerBalancerTask.java:initializeIteration(398)) - Utilization for node b8fd4667-b473-4dce-bc08-778c664fa1fc with capacity 85899345920B, used 34359738368B, and remaining 51539607552B is 0.4
2023-08-31 10:29:39,877 [main] DEBUG balancer.ContainerBalancerTask (ContainerBalancerTask.java:initializeIteration(398)) - Utilization for node 0089e807-e1f0-4b85-83af-00289f20d061 with capacity 153902994773B, used 46170898432B, and remaining 107732096341B is 0.30000000000064975
2023-08-31 10:29:39,877 [main] DEBUG balancer.ContainerBalancerTask (ContainerBalancerTask.java:initializeIteration(398)) - Utilization for node 7b0b304a-28a1-4862-846d-b4247593e2a7 with capacity 193273528320B, used 38654705664B, and remaining 154618822656B is 0.2
2023-08-31 10:29:39,877 [main] DEBUG balancer.ContainerBalancerTask (ContainerBalancerTask.java:initializeIteration(398)) - Utilization for node f5b9dd81-4cba-478f-b4dc-b2a19a122aec with capacity 300647710720B, used 30064771072B, and remaining 270582939648B is 0.1
2023-08-31 10:29:39,877 [main] DEBUG balancer.ContainerBalancerTask (ContainerBalancerTask.java:initializeIteration(398)) - Utilization for node ded9a94b-bb28-46d1-aec0-9e92ac21e7ae with capacity 50465865728B, used 0B, and remaining 50465865728B is 0.0
2023-08-31 10:29:39,877 [main] INFO  balancer.ContainerBalancerTask (ContainerBalancerTask.java:initializeIteration(447)) - Container Balancer has identified 5 Over-Utilized and 3 Under-Utilized Datanodes that need to be balanced.
2023-08-31 10:29:39,877 [main] DEBUG balancer.ContainerBalancerTask (ContainerBalancerTask.java:lambda$initializeIteration$1(453)) - Datanode localhost-127.250.7.186 7c7bb1a2-e160-4d4d-a148-0c0a208269cd is Over-Utilized.
2023-08-31 10:29:39,877 [main] DEBUG balancer.ContainerBalancerTask (ContainerBalancerTask.java:lambda$initializeIteration$1(453)) - Datanode localhost-66.73.109.7 fb9f2c03-fb16-4cf6-aed9-8dd598966574 is Over-Utilized.
2023-08-31 10:29:39,877 [main] DEBUG balancer.ContainerBalancerTask (ContainerBalancerTask.java:lambda$initializeIteration$1(453)) - Datanode localhost-131.6.130.10 47c46efe-210e-4c95-8246-6fda73780b57 is Over-Utilized.
2023-08-31 10:29:39,877 [main] DEBUG balancer.ContainerBalancerTask (ContainerBalancerTask.java:lambda$initializeIteration$1(453)) - Datanode localhost-116.83.113.42 24a3d4b1-b311-4f54-9d73-9afbb37bf9ce is Over-Utilized.
2023-08-31 10:29:39,877 [main] DEBUG balancer.ContainerBalancerTask (ContainerBalancerTask.java:lambda$initializeIteration$1(453)) - Datanode localhost-32.59.131.127 dee9af8b-2c7c-4d1f-bde2-d41b95f1bc74 is Over-Utilized.
2023-08-31 10:29:39,878 [main] DEBUG balancer.ContainerBalancerTask (ContainerBalancerTask.java:lambda$initializeIteration$2(459)) - Datanode localhost-33.208.111.45 ded9a94b-bb28-46d1-aec0-9e92ac21e7ae is Under-Utilized.
2023-08-31 10:29:39,878 [main] DEBUG balancer.ContainerBalancerTask (ContainerBalancerTask.java:lambda$initializeIteration$2(459)) - Datanode localhost-138.234.174.53 f5b9dd81-4cba-478f-b4dc-b2a19a122aec is Under-Utilized.
2023-08-31 10:29:39,878 [main] DEBUG balancer.ContainerBalancerTask (ContainerBalancerTask.java:lambda$initializeIteration$2(459)) - Datanode localhost-40.185.131.157 7b0b304a-28a1-4862-846d-b4247593e2a7 is Under-Utilized.
2023-08-31 10:29:39,880 [main] DEBUG balancer.ContainerBalancerTask (ContainerBalancerTask.java:matchSourceWithTarget(708)) - ContainerBalancer is finding suitable target for source datanode 7c7bb1a2-e160-4d4d-a148-0c0a208269cd
2023-08-31 10:29:39,881 [main] INFO  balancer.ContainerBalancerTask (ContainerBalancerTask.java:matchSourceWithTarget(722)) - ContainerBalancer matched source datanode 7c7bb1a2-e160-4d4d-a148-0c0a208269cd with target datanode ded9a94b-bb28-46d1-aec0-9e92ac21e7ae for container move.
2023-08-31 10:29:39,881 [main] INFO  balancer.ContainerBalancerTask (ContainerBalancerTask.java:processMoveSelection(569)) - ContainerBalancer is trying to move container #85 with size 5368709120B from source datanode 7c7bb1a2-e160-4d4d-a148-0c0a208269cd to target datanode ded9a94b-bb28-46d1-aec0-9e92ac21e7ae
2023-08-31 10:29:39,881 [main] DEBUG balancer.ContainerBalancerTask (ContainerBalancerTask.java:lambda$moveContainer$3(837)) - Container move completed for container #85 from source 7c7bb1a2-e160-4d4d-a148-0c0a208269cd to target ded9a94b-bb28-46d1-aec0-9e92ac21e7ae
2023-08-31 10:29:39,881 [main] DEBUG balancer.ContainerBalancerTask (ContainerBalancerTask.java:adaptOnReachingIterationLimits(782)) - Reached max datanodes to involve limit. 2 datanodes have already been selected for balancing and the limit is 2. Only already selected sources and targets can be involved in balancing now.
2023-08-31 10:29:39,884 [main] DEBUG balancer.ContainerBalancerTask (ContainerBalancerTask.java:matchSourceWithTarget(708)) - ContainerBalancer is finding suitable target for source datanode 7c7bb1a2-e160-4d4d-a148-0c0a208269cd
2023-08-31 10:29:39,884 [main] INFO  balancer.ContainerBalancerTask (ContainerBalancerTask.java:matchSourceWithTarget(722)) - ContainerBalancer matched source datanode 7c7bb1a2-e160-4d4d-a148-0c0a208269cd with target datanode ded9a94b-bb28-46d1-aec0-9e92ac21e7ae for container move.
2023-08-31 10:29:39,884 [main] INFO  balancer.ContainerBalancerTask (ContainerBalancerTask.java:processMoveSelection(569)) - ContainerBalancer is trying to move container #68 with size 5368709120B from source datanode 7c7bb1a2-e160-4d4d-a148-0c0a208269cd to target datanode ded9a94b-bb28-46d1-aec0-9e92ac21e7ae
2023-08-31 10:29:39,884 [main] DEBUG balancer.ContainerBalancerTask (ContainerBalancerTask.java:lambda$moveContainer$3(837)) - Container move completed for container #68 from source 7c7bb1a2-e160-4d4d-a148-0c0a208269cd to target ded9a94b-bb28-46d1-aec0-9e92ac21e7ae
2023-08-31 10:29:39,887 [main] DEBUG balancer.ContainerBalancerTask (ContainerBalancerTask.java:matchSourceWithTarget(708)) - ContainerBalancer is finding suitable target for source datanode 7c7bb1a2-e160-4d4d-a148-0c0a208269cd
2023-08-31 10:29:39,887 [main] INFO  balancer.ContainerBalancerTask (ContainerBalancerTask.java:matchSourceWithTarget(722)) - ContainerBalancer matched source datanode 7c7bb1a2-e160-4d4d-a148-0c0a208269cd with target datanode ded9a94b-bb28-46d1-aec0-9e92ac21e7ae for container move.
2023-08-31 10:29:39,887 [main] INFO  balancer.ContainerBalancerTask (ContainerBalancerTask.java:processMoveSelection(569)) - ContainerBalancer is trying to move container #29 with size 5368709120B from source datanode 7c7bb1a2-e160-4d4d-a148-0c0a208269cd to target datanode ded9a94b-bb28-46d1-aec0-9e92ac21e7ae
2023-08-31 10:29:39,887 [main] DEBUG balancer.ContainerBalancerTask (ContainerBalancerTask.java:lambda$moveContainer$3(837)) - Container move completed for container #29 from source 7c7bb1a2-e160-4d4d-a148-0c0a208269cd to target ded9a94b-bb28-46d1-aec0-9e92ac21e7ae
2023-08-31 10:29:39,890 [main] DEBUG balancer.ContainerBalancerTask (ContainerBalancerTask.java:matchSourceWithTarget(708)) - ContainerBalancer is finding suitable target for source datanode 7c7bb1a2-e160-4d4d-a148-0c0a208269cd
2023-08-31 10:29:39,890 [main] INFO  balancer.ContainerBalancerTask (ContainerBalancerTask.java:matchSourceWithTarget(722)) - ContainerBalancer matched source datanode 7c7bb1a2-e160-4d4d-a148-0c0a208269cd with target datanode ded9a94b-bb28-46d1-aec0-9e92ac21e7ae for container move.
2023-08-31 10:29:39,890 [main] INFO  balancer.ContainerBalancerTask (ContainerBalancerTask.java:processMoveSelection(569)) - ContainerBalancer is trying to move container #89 with size 4294967296B from source datanode 7c7bb1a2-e160-4d4d-a148-0c0a208269cd to target datanode ded9a94b-bb28-46d1-aec0-9e92ac21e7ae
2023-08-31 10:29:39,890 [main] DEBUG balancer.ContainerBalancerTask (ContainerBalancerTask.java:lambda$moveContainer$3(837)) - Container move completed for container #89 from source 7c7bb1a2-e160-4d4d-a148-0c0a208269cd to target ded9a94b-bb28-46d1-aec0-9e92ac21e7ae
2023-08-31 10:29:39,893 [main] DEBUG balancer.ContainerBalancerTask (ContainerBalancerTask.java:matchSourceWithTarget(708)) - ContainerBalancer is finding suitable target for source datanode 7c7bb1a2-e160-4d4d-a148-0c0a208269cd
2023-08-31 10:29:39,893 [main] INFO  balancer.ContainerBalancerTask (ContainerBalancerTask.java:matchSourceWithTarget(722)) - ContainerBalancer matched source datanode 7c7bb1a2-e160-4d4d-a148-0c0a208269cd with target datanode ded9a94b-bb28-46d1-aec0-9e92ac21e7ae for container move.
2023-08-31 10:29:39,893 [main] INFO  balancer.ContainerBalancerTask (ContainerBalancerTask.java:processMoveSelection(569)) - ContainerBalancer is trying to move container #87 with size 2147483648B from source datanode 7c7bb1a2-e160-4d4d-a148-0c0a208269cd to target datanode ded9a94b-bb28-46d1-aec0-9e92ac21e7ae
2023-08-31 10:29:39,894 [main] DEBUG balancer.ContainerBalancerTask (ContainerBalancerTask.java:lambda$moveContainer$3(837)) - Container move completed for container #87 from source 7c7bb1a2-e160-4d4d-a148-0c0a208269cd to target ded9a94b-bb28-46d1-aec0-9e92ac21e7ae
2023-08-31 10:29:39,896 [main] DEBUG balancer.ContainerBalancerTask (ContainerBalancerTask.java:matchSourceWithTarget(708)) - ContainerBalancer is finding suitable target for source datanode 7c7bb1a2-e160-4d4d-a148-0c0a208269cd
2023-08-31 10:29:39,897 [main] INFO  balancer.FindTargetGreedyByUsageInfo (AbstractFindTargetGreedy.java:findTargetForContainerMove(133)) - Container Balancer could not find a target for source datanode 7c7bb1a2-e160-4d4d-a148-0c0a208269cd
2023-08-31 10:29:39,897 [main] DEBUG balancer.ContainerBalancerTask (ContainerBalancerTask.java:matchSourceWithTarget(717)) - ContainerBalancer could not find a suitable target for source node 7c7bb1a2-e160-4d4d-a148-0c0a208269cd.
2023-08-31 10:29:39,897 [main] INFO  balancer.FindSourceGreedy (FindSourceGreedy.java:getNextCandidateSourceDataNode(126)) - no more candidate source data node
2023-08-31 10:29:39,897 [main] INFO  balancer.ContainerBalancerTask (ContainerBalancerTask.java:checkIterationMoveResults(642)) - Iteration Summary. Number of Datanodes involved: 2. Size moved: 21 GB (22548578304 Bytes). Number of Container moves completed: 5.
2023-08-31 10:29:39,897 [main] INFO  balancer.ContainerBalancerTask (ContainerBalancerTask.java:balance(259)) - Result of this iteration of Container Balancer: ITERATION_COMPLETED
2023-08-31 10:29:39,899 [main] DEBUG balancer.ContainerBalancerTask (ContainerBalancerTask.java:initializeIteration(374)) - Average utilization of the cluster is 0.3481500382754011
2023-08-31 10:29:39,899 [main] DEBUG balancer.ContainerBalancerTask (ContainerBalancerTask.java:initializeIteration(386)) - Lower limit for utilization is 0.24815003827540108 and Upper limit for utilization is 0.4481500382754011
2023-08-31 10:29:39,899 [main] DEBUG balancer.ContainerBalancerTask (ContainerBalancerTask.java:initializeIteration(398)) - Utilization for node 7c7bb1a2-e160-4d4d-a148-0c0a208269cd with capacity 54880137671B, used 49392123904B, and remaining 5488013767B is 0.9000000000018221
2023-08-31 10:29:39,899 [main] DEBUG balancer.ContainerBalancerTask (ContainerBalancerTask.java:initializeIteration(398)) - Utilization for node fb9f2c03-fb16-4cf6-aed9-8dd598966574 with capacity 72477573120B, used 57982058496B, and remaining 14495514624B is 0.8
2023-08-31 10:29:39,899 [main] DEBUG balancer.ContainerBalancerTask (ContainerBalancerTask.java:initializeIteration(398)) - Utilization for node 47c46efe-210e-4c95-8246-6fda73780b57 with capacity 64424509440B, used 45097156608B, and remaining 19327352832B is 0.7
2023-08-31 10:29:39,900 [main] DEBUG balancer.ContainerBalancerTask (ContainerBalancerTask.java:initializeIteration(398)) - Utilization for node 24a3d4b1-b311-4f54-9d73-9afbb37bf9ce with capacity 87688915626B, used 52613349376B, and remaining 35075566250B is 0.6000000000045616
2023-08-31 10:29:39,900 [main] DEBUG balancer.ContainerBalancerTask (ContainerBalancerTask.java:initializeIteration(398)) - Utilization for node dee9af8b-2c7c-4d1f-bde2-d41b95f1bc74 with capacity 105226698752B, used 52613349376B, and remaining 52613349376B is 0.5
2023-08-31 10:29:39,900 [main] DEBUG balancer.ContainerBalancerTask (ContainerBalancerTask.java:initializeIteration(398)) - Utilization for node b8fd4667-b473-4dce-bc08-778c664fa1fc with capacity 85899345920B, used 34359738368B, and remaining 51539607552B is 0.4
2023-08-31 10:29:39,900 [main] DEBUG balancer.ContainerBalancerTask (ContainerBalancerTask.java:initializeIteration(398)) - Utilization for node 0089e807-e1f0-4b85-83af-00289f20d061 with capacity 153902994773B, used 46170898432B, and remaining 107732096341B is 0.30000000000064975
2023-08-31 10:29:39,900 [main] DEBUG balancer.ContainerBalancerTask (ContainerBalancerTask.java:initializeIteration(398)) - Utilization for node 7b0b304a-28a1-4862-846d-b4247593e2a7 with capacity 193273528320B, used 38654705664B, and remaining 154618822656B is 0.2
2023-08-31 10:29:39,900 [main] DEBUG balancer.ContainerBalancerTask (ContainerBalancerTask.java:initializeIteration(398)) - Utilization for node f5b9dd81-4cba-478f-b4dc-b2a19a122aec with capacity 300647710720B, used 30064771072B, and remaining 270582939648B is 0.1
2023-08-31 10:29:39,900 [main] DEBUG balancer.ContainerBalancerTask (ContainerBalancerTask.java:initializeIteration(398)) - Utilization for node ded9a94b-bb28-46d1-aec0-9e92ac21e7ae with capacity 50465865728B, used 0B, and remaining 50465865728B is 0.0
2023-08-31 10:29:39,900 [main] INFO  balancer.ContainerBalancerTask (ContainerBalancerTask.java:initializeIteration(447)) - Container Balancer has identified 5 Over-Utilized and 3 Under-Utilized Datanodes that need to be balanced.
2023-08-31 10:29:39,900 [main] DEBUG balancer.ContainerBalancerTask (ContainerBalancerTask.java:lambda$initializeIteration$1(453)) - Datanode localhost-127.250.7.186 7c7bb1a2-e160-4d4d-a148-0c0a208269cd is Over-Utilized.
2023-08-31 10:29:39,900 [main] DEBUG balancer.ContainerBalancerTask (ContainerBalancerTask.java:lambda$initializeIteration$1(453)) - Datanode localhost-66.73.109.7 fb9f2c03-fb16-4cf6-aed9-8dd598966574 is Over-Utilized.
2023-08-31 10:29:39,901 [main] DEBUG balancer.ContainerBalancerTask (ContainerBalancerTask.java:lambda$initializeIteration$1(453)) - Datanode localhost-131.6.130.10 47c46efe-210e-4c95-8246-6fda73780b57 is Over-Utilized.
2023-08-31 10:29:39,901 [main] DEBUG balancer.ContainerBalancerTask (ContainerBalancerTask.java:lambda$initializeIteration$1(453)) - Datanode localhost-116.83.113.42 24a3d4b1-b311-4f54-9d73-9afbb37bf9ce is Over-Utilized.
2023-08-31 10:29:39,901 [main] DEBUG balancer.ContainerBalancerTask (ContainerBalancerTask.java:lambda$initializeIteration$1(453)) - Datanode localhost-32.59.131.127 dee9af8b-2c7c-4d1f-bde2-d41b95f1bc74 is Over-Utilized.
2023-08-31 10:29:39,901 [main] DEBUG balancer.ContainerBalancerTask (ContainerBalancerTask.java:lambda$initializeIteration$2(459)) - Datanode localhost-33.208.111.45 ded9a94b-bb28-46d1-aec0-9e92ac21e7ae is Under-Utilized.
2023-08-31 10:29:39,901 [main] DEBUG balancer.ContainerBalancerTask (ContainerBalancerTask.java:lambda$initializeIteration$2(459)) - Datanode localhost-138.234.174.53 f5b9dd81-4cba-478f-b4dc-b2a19a122aec is Under-Utilized.
2023-08-31 10:29:39,901 [main] DEBUG balancer.ContainerBalancerTask (ContainerBalancerTask.java:lambda$initializeIteration$2(459)) - Datanode localhost-40.185.131.157 7b0b304a-28a1-4862-846d-b4247593e2a7 is Under-Utilized.
2023-08-31 10:29:39,904 [main] DEBUG balancer.ContainerBalancerTask (ContainerBalancerTask.java:matchSourceWithTarget(708)) - ContainerBalancer is finding suitable target for source datanode 7c7bb1a2-e160-4d4d-a148-0c0a208269cd
2023-08-31 10:29:39,904 [main] INFO  balancer.ContainerBalancerTask (ContainerBalancerTask.java:matchSourceWithTarget(722)) - ContainerBalancer matched source datanode 7c7bb1a2-e160-4d4d-a148-0c0a208269cd with target datanode ded9a94b-bb28-46d1-aec0-9e92ac21e7ae for container move.
2023-08-31 10:29:39,904 [main] INFO  balancer.ContainerBalancerTask (ContainerBalancerTask.java:processMoveSelection(569)) - ContainerBalancer is trying to move container #85 with size 5368709120B from source datanode 7c7bb1a2-e160-4d4d-a148-0c0a208269cd to target datanode ded9a94b-bb28-46d1-aec0-9e92ac21e7ae
2023-08-31 10:29:39,904 [main] DEBUG balancer.ContainerBalancerTask (ContainerBalancerTask.java:lambda$moveContainer$3(837)) - Container move completed for container #85 from source 7c7bb1a2-e160-4d4d-a148-0c0a208269cd to target ded9a94b-bb28-46d1-aec0-9e92ac21e7ae
2023-08-31 10:29:39,904 [main] DEBUG balancer.ContainerBalancerTask (ContainerBalancerTask.java:adaptOnReachingIterationLimits(782)) - Reached max datanodes to involve limit. 2 datanodes have already been selected for balancing and the limit is 2. Only already selected sources and targets can be involved in balancing now.
2023-08-31 10:29:39,907 [main] DEBUG balancer.ContainerBalancerTask (ContainerBalancerTask.java:matchSourceWithTarget(708)) - ContainerBalancer is finding suitable target for source datanode 7c7bb1a2-e160-4d4d-a148-0c0a208269cd
2023-08-31 10:29:39,907 [main] INFO  balancer.ContainerBalancerTask (ContainerBalancerTask.java:matchSourceWithTarget(722)) - ContainerBalancer matched source datanode 7c7bb1a2-e160-4d4d-a148-0c0a208269cd with target datanode ded9a94b-bb28-46d1-aec0-9e92ac21e7ae for container move.
2023-08-31 10:29:39,907 [main] INFO  balancer.ContainerBalancerTask (ContainerBalancerTask.java:processMoveSelection(569)) - ContainerBalancer is trying to move container #68 with size 5368709120B from source datanode 7c7bb1a2-e160-4d4d-a148-0c0a208269cd to target datanode ded9a94b-bb28-46d1-aec0-9e92ac21e7ae
2023-08-31 10:29:39,907 [main] DEBUG balancer.ContainerBalancerTask (ContainerBalancerTask.java:lambda$moveContainer$3(837)) - Container move completed for container #68 from source 7c7bb1a2-e160-4d4d-a148-0c0a208269cd to target ded9a94b-bb28-46d1-aec0-9e92ac21e7ae
2023-08-31 10:29:39,910 [main] DEBUG balancer.ContainerBalancerTask (ContainerBalancerTask.java:matchSourceWithTarget(708)) - ContainerBalancer is finding suitable target for source datanode 7c7bb1a2-e160-4d4d-a148-0c0a208269cd
2023-08-31 10:29:39,910 [main] INFO  balancer.ContainerBalancerTask (ContainerBalancerTask.java:matchSourceWithTarget(722)) - ContainerBalancer matched source datanode 7c7bb1a2-e160-4d4d-a148-0c0a208269cd with target datanode ded9a94b-bb28-46d1-aec0-9e92ac21e7ae for container move.
2023-08-31 10:29:39,910 [main] INFO  balancer.ContainerBalancerTask (ContainerBalancerTask.java:processMoveSelection(569)) - ContainerBalancer is trying to move container #29 with size 5368709120B from source datanode 7c7bb1a2-e160-4d4d-a148-0c0a208269cd to target datanode ded9a94b-bb28-46d1-aec0-9e92ac21e7ae
2023-08-31 10:29:39,911 [main] DEBUG balancer.ContainerBalancerTask (ContainerBalancerTask.java:lambda$moveContainer$3(837)) - Container move completed for container #29 from source 7c7bb1a2-e160-4d4d-a148-0c0a208269cd to target ded9a94b-bb28-46d1-aec0-9e92ac21e7ae
2023-08-31 10:29:39,913 [main] DEBUG balancer.ContainerBalancerTask (ContainerBalancerTask.java:matchSourceWithTarget(708)) - ContainerBalancer is finding suitable target for source datanode 7c7bb1a2-e160-4d4d-a148-0c0a208269cd
2023-08-31 10:29:39,913 [main] INFO  balancer.ContainerBalancerTask (ContainerBalancerTask.java:matchSourceWithTarget(722)) - ContainerBalancer matched source datanode 7c7bb1a2-e160-4d4d-a148-0c0a208269cd with target datanode ded9a94b-bb28-46d1-aec0-9e92ac21e7ae for container move.
2023-08-31 10:29:39,914 [main] INFO  balancer.ContainerBalancerTask (ContainerBalancerTask.java:processMoveSelection(569)) - ContainerBalancer is trying to move container #89 with size 4294967296B from source datanode 7c7bb1a2-e160-4d4d-a148-0c0a208269cd to target datanode ded9a94b-bb28-46d1-aec0-9e92ac21e7ae
2023-08-31 10:29:39,914 [main] DEBUG balancer.ContainerBalancerTask (ContainerBalancerTask.java:lambda$moveContainer$3(837)) - Container move completed for container #89 from source 7c7bb1a2-e160-4d4d-a148-0c0a208269cd to target ded9a94b-bb28-46d1-aec0-9e92ac21e7ae
2023-08-31 10:29:39,916 [main] DEBUG balancer.ContainerBalancerTask (ContainerBalancerTask.java:matchSourceWithTarget(708)) - ContainerBalancer is finding suitable target for source datanode 7c7bb1a2-e160-4d4d-a148-0c0a208269cd
2023-08-31 10:29:39,917 [main] INFO  balancer.ContainerBalancerTask (ContainerBalancerTask.java:matchSourceWithTarget(722)) - ContainerBalancer matched source datanode 7c7bb1a2-e160-4d4d-a148-0c0a208269cd with target datanode ded9a94b-bb28-46d1-aec0-9e92ac21e7ae for container move.
2023-08-31 10:29:39,917 [main] INFO  balancer.ContainerBalancerTask (ContainerBalancerTask.java:processMoveSelection(569)) - ContainerBalancer is trying to move container #87 with size 2147483648B from source datanode 7c7bb1a2-e160-4d4d-a148-0c0a208269cd to target datanode ded9a94b-bb28-46d1-aec0-9e92ac21e7ae
2023-08-31 10:29:39,917 [main] DEBUG balancer.ContainerBalancerTask (ContainerBalancerTask.java:lambda$moveContainer$3(837)) - Container move completed for container #87 from source 7c7bb1a2-e160-4d4d-a148-0c0a208269cd to target ded9a94b-bb28-46d1-aec0-9e92ac21e7ae
2023-08-31 10:29:39,919 [main] DEBUG balancer.ContainerBalancerTask (ContainerBalancerTask.java:matchSourceWithTarget(708)) - ContainerBalancer is finding suitable target for source datanode 7c7bb1a2-e160-4d4d-a148-0c0a208269cd
2023-08-31 10:29:39,920 [main] INFO  balancer.FindTargetGreedyByUsageInfo (AbstractFindTargetGreedy.java:findTargetForContainerMove(133)) - Container Balancer could not find a target for source datanode 7c7bb1a2-e160-4d4d-a148-0c0a208269cd
2023-08-31 10:29:39,920 [main] DEBUG balancer.ContainerBalancerTask (ContainerBalancerTask.java:matchSourceWithTarget(717)) - ContainerBalancer could not find a suitable target for source node 7c7bb1a2-e160-4d4d-a148-0c0a208269cd.
2023-08-31 10:29:39,920 [main] INFO  balancer.FindSourceGreedy (FindSourceGreedy.java:getNextCandidateSourceDataNode(126)) - no more candidate source data node
2023-08-31 10:29:39,921 [main] INFO  balancer.ContainerBalancerTask (ContainerBalancerTask.java:checkIterationMoveResults(642)) - Iteration Summary. Number of Datanodes involved: 2. Size moved: 21 GB (22548578304 Bytes). Number of Container moves completed: 5.
2023-08-31 10:29:39,921 [main] INFO  balancer.ContainerBalancerTask (ContainerBalancerTask.java:balance(259)) - Result of this iteration of Container Balancer: ITERATION_COMPLETED
2023-08-31 10:29:39,922 [main] DEBUG balancer.ContainerBalancerTask (ContainerBalancerTask.java:initializeIteration(374)) - Average utilization of the cluster is 0.3481500382754011
2023-08-31 10:29:39,922 [main] DEBUG balancer.ContainerBalancerTask (ContainerBalancerTask.java:initializeIteration(386)) - Lower limit for utilization is 0.24815003827540108 and Upper limit for utilization is 0.4481500382754011
2023-08-31 10:29:39,923 [main] DEBUG balancer.ContainerBalancerTask (ContainerBalancerTask.java:initializeIteration(398)) - Utilization for node 7c7bb1a2-e160-4d4d-a148-0c0a208269cd with capacity 54880137671B, used 49392123904B, and remaining 5488013767B is 0.9000000000018221
2023-08-31 10:29:39,923 [main] DEBUG balancer.ContainerBalancerTask (ContainerBalancerTask.java:initializeIteration(398)) - Utilization for node fb9f2c03-fb16-4cf6-aed9-8dd598966574 with capacity 72477573120B, used 57982058496B, and remaining 14495514624B is 0.8
2023-08-31 10:29:39,923 [main] DEBUG balancer.ContainerBalancerTask (ContainerBalancerTask.java:initializeIteration(398)) - Utilization for node 47c46efe-210e-4c95-8246-6fda73780b57 with capacity 64424509440B, used 45097156608B, and remaining 19327352832B is 0.7
2023-08-31 10:29:39,923 [main] DEBUG balancer.ContainerBalancerTask (ContainerBalancerTask.java:initializeIteration(398)) - Utilization for node 24a3d4b1-b311-4f54-9d73-9afbb37bf9ce with capacity 87688915626B, used 52613349376B, and remaining 35075566250B is 0.6000000000045616
2023-08-31 10:29:39,923 [main] DEBUG balancer.ContainerBalancerTask (ContainerBalancerTask.java:initializeIteration(398)) - Utilization for node dee9af8b-2c7c-4d1f-bde2-d41b95f1bc74 with capacity 105226698752B, used 52613349376B, and remaining 52613349376B is 0.5
2023-08-31 10:29:39,923 [main] DEBUG balancer.ContainerBalancerTask (ContainerBalancerTask.java:initializeIteration(398)) - Utilization for node b8fd4667-b473-4dce-bc08-778c664fa1fc with capacity 85899345920B, used 34359738368B, and remaining 51539607552B is 0.4
2023-08-31 10:29:39,923 [main] DEBUG balancer.ContainerBalancerTask (ContainerBalancerTask.java:initializeIteration(398)) - Utilization for node 0089e807-e1f0-4b85-83af-00289f20d061 with capacity 153902994773B, used 46170898432B, and remaining 107732096341B is 0.30000000000064975
2023-08-31 10:29:39,923 [main] DEBUG balancer.ContainerBalancerTask (ContainerBalancerTask.java:initializeIteration(398)) - Utilization for node 7b0b304a-28a1-4862-846d-b4247593e2a7 with capacity 193273528320B, used 38654705664B, and remaining 154618822656B is 0.2
2023-08-31 10:29:39,923 [main] DEBUG balancer.ContainerBalancerTask (ContainerBalancerTask.java:initializeIteration(398)) - Utilization for node f5b9dd81-4cba-478f-b4dc-b2a19a122aec with capacity 300647710720B, used 30064771072B, and remaining 270582939648B is 0.1
2023-08-31 10:29:39,924 [main] DEBUG balancer.ContainerBalancerTask (ContainerBalancerTask.java:initializeIteration(398)) - Utilization for node ded9a94b-bb28-46d1-aec0-9e92ac21e7ae with capacity 50465865728B, used 0B, and remaining 50465865728B is 0.0
2023-08-31 10:29:39,924 [main] INFO  balancer.ContainerBalancerTask (ContainerBalancerTask.java:initializeIteration(447)) - Container Balancer has identified 5 Over-Utilized and 3 Under-Utilized Datanodes that need to be balanced.
2023-08-31 10:29:39,924 [main] DEBUG balancer.ContainerBalancerTask (ContainerBalancerTask.java:lambda$initializeIteration$1(453)) - Datanode localhost-127.250.7.186 7c7bb1a2-e160-4d4d-a148-0c0a208269cd is Over-Utilized.
2023-08-31 10:29:39,924 [main] DEBUG balancer.ContainerBalancerTask (ContainerBalancerTask.java:lambda$initializeIteration$1(453)) - Datanode localhost-66.73.109.7 fb9f2c03-fb16-4cf6-aed9-8dd598966574 is Over-Utilized.
2023-08-31 10:29:39,924 [main] DEBUG balancer.ContainerBalancerTask (ContainerBalancerTask.java:lambda$initializeIteration$1(453)) - Datanode localhost-131.6.130.10 47c46efe-210e-4c95-8246-6fda73780b57 is Over-Utilized.
2023-08-31 10:29:39,924 [main] DEBUG balancer.ContainerBalancerTask (ContainerBalancerTask.java:lambda$initializeIteration$1(453)) - Datanode localhost-116.83.113.42 24a3d4b1-b311-4f54-9d73-9afbb37bf9ce is Over-Utilized.
2023-08-31 10:29:39,924 [main] DEBUG balancer.ContainerBalancerTask (ContainerBalancerTask.java:lambda$initializeIteration$1(453)) - Datanode localhost-32.59.131.127 dee9af8b-2c7c-4d1f-bde2-d41b95f1bc74 is Over-Utilized.
2023-08-31 10:29:39,924 [main] DEBUG balancer.ContainerBalancerTask (ContainerBalancerTask.java:lambda$initializeIteration$2(459)) - Datanode localhost-33.208.111.45 ded9a94b-bb28-46d1-aec0-9e92ac21e7ae is Under-Utilized.
2023-08-31 10:29:39,924 [main] DEBUG balancer.ContainerBalancerTask (ContainerBalancerTask.java:lambda$initializeIteration$2(459)) - Datanode localhost-138.234.174.53 f5b9dd81-4cba-478f-b4dc-b2a19a122aec is Under-Utilized.
2023-08-31 10:29:39,924 [main] DEBUG balancer.ContainerBalancerTask (ContainerBalancerTask.java:lambda$initializeIteration$2(459)) - Datanode localhost-40.185.131.157 7b0b304a-28a1-4862-846d-b4247593e2a7 is Under-Utilized.
2023-08-31 10:29:39,927 [main] DEBUG balancer.ContainerBalancerTask (ContainerBalancerTask.java:matchSourceWithTarget(708)) - ContainerBalancer is finding suitable target for source datanode 7c7bb1a2-e160-4d4d-a148-0c0a208269cd
2023-08-31 10:29:39,927 [main] INFO  balancer.ContainerBalancerTask (ContainerBalancerTask.java:matchSourceWithTarget(722)) - ContainerBalancer matched source datanode 7c7bb1a2-e160-4d4d-a148-0c0a208269cd with target datanode ded9a94b-bb28-46d1-aec0-9e92ac21e7ae for container move.
2023-08-31 10:29:39,927 [main] INFO  balancer.ContainerBalancerTask (ContainerBalancerTask.java:processMoveSelection(569)) - ContainerBalancer is trying to move container #85 with size 5368709120B from source datanode 7c7bb1a2-e160-4d4d-a148-0c0a208269cd to target datanode ded9a94b-bb28-46d1-aec0-9e92ac21e7ae
2023-08-31 10:29:39,928 [main] DEBUG balancer.ContainerBalancerTask (ContainerBalancerTask.java:lambda$moveContainer$3(837)) - Container move completed for container #85 from source 7c7bb1a2-e160-4d4d-a148-0c0a208269cd to target ded9a94b-bb28-46d1-aec0-9e92ac21e7ae
2023-08-31 10:29:39,928 [main] DEBUG balancer.ContainerBalancerTask (ContainerBalancerTask.java:adaptOnReachingIterationLimits(782)) - Reached max datanodes to involve limit. 2 datanodes have already been selected for balancing and the limit is 2. Only already selected sources and targets can be involved in balancing now.
2023-08-31 10:29:39,930 [main] DEBUG balancer.ContainerBalancerTask (ContainerBalancerTask.java:matchSourceWithTarget(708)) - ContainerBalancer is finding suitable target for source datanode 7c7bb1a2-e160-4d4d-a148-0c0a208269cd
2023-08-31 10:29:39,931 [main] INFO  balancer.ContainerBalancerTask (ContainerBalancerTask.java:matchSourceWithTarget(722)) - ContainerBalancer matched source datanode 7c7bb1a2-e160-4d4d-a148-0c0a208269cd with target datanode ded9a94b-bb28-46d1-aec0-9e92ac21e7ae for container move.
2023-08-31 10:29:39,931 [main] INFO  balancer.ContainerBalancerTask (ContainerBalancerTask.java:processMoveSelection(569)) - ContainerBalancer is trying to move container #68 with size 5368709120B from source datanode 7c7bb1a2-e160-4d4d-a148-0c0a208269cd to target datanode ded9a94b-bb28-46d1-aec0-9e92ac21e7ae
2023-08-31 10:29:39,931 [main] DEBUG balancer.ContainerBalancerTask (ContainerBalancerTask.java:lambda$moveContainer$3(837)) - Container move completed for container #68 from source 7c7bb1a2-e160-4d4d-a148-0c0a208269cd to target ded9a94b-bb28-46d1-aec0-9e92ac21e7ae
2023-08-31 10:29:39,933 [main] DEBUG balancer.ContainerBalancerTask (ContainerBalancerTask.java:matchSourceWithTarget(708)) - ContainerBalancer is finding suitable target for source datanode 7c7bb1a2-e160-4d4d-a148-0c0a208269cd
2023-08-31 10:29:39,934 [main] INFO  balancer.ContainerBalancerTask (ContainerBalancerTask.java:matchSourceWithTarget(722)) - ContainerBalancer matched source datanode 7c7bb1a2-e160-4d4d-a148-0c0a208269cd with target datanode ded9a94b-bb28-46d1-aec0-9e92ac21e7ae for container move.
2023-08-31 10:29:39,934 [main] INFO  balancer.ContainerBalancerTask (ContainerBalancerTask.java:processMoveSelection(569)) - ContainerBalancer is trying to move container #29 with size 5368709120B from source datanode 7c7bb1a2-e160-4d4d-a148-0c0a208269cd to target datanode ded9a94b-bb28-46d1-aec0-9e92ac21e7ae
2023-08-31 10:29:39,934 [main] DEBUG balancer.ContainerBalancerTask (ContainerBalancerTask.java:lambda$moveContainer$3(837)) - Container move completed for container #29 from source 7c7bb1a2-e160-4d4d-a148-0c0a208269cd to target ded9a94b-bb28-46d1-aec0-9e92ac21e7ae
2023-08-31 10:29:39,937 [main] DEBUG balancer.ContainerBalancerTask (ContainerBalancerTask.java:matchSourceWithTarget(708)) - ContainerBalancer is finding suitable target for source datanode 7c7bb1a2-e160-4d4d-a148-0c0a208269cd
2023-08-31 10:29:39,937 [main] INFO  balancer.ContainerBalancerTask (ContainerBalancerTask.java:matchSourceWithTarget(722)) - ContainerBalancer matched source datanode 7c7bb1a2-e160-4d4d-a148-0c0a208269cd with target datanode ded9a94b-bb28-46d1-aec0-9e92ac21e7ae for container move.
2023-08-31 10:29:39,937 [main] INFO  balancer.ContainerBalancerTask (ContainerBalancerTask.java:processMoveSelection(569)) - ContainerBalancer is trying to move container #89 with size 4294967296B from source datanode 7c7bb1a2-e160-4d4d-a148-0c0a208269cd to target datanode ded9a94b-bb28-46d1-aec0-9e92ac21e7ae
2023-08-31 10:29:39,937 [main] DEBUG balancer.ContainerBalancerTask (ContainerBalancerTask.java:lambda$moveContainer$3(837)) - Container move completed for container #89 from source 7c7bb1a2-e160-4d4d-a148-0c0a208269cd to target ded9a94b-bb28-46d1-aec0-9e92ac21e7ae
2023-08-31 10:29:39,940 [main] DEBUG balancer.ContainerBalancerTask (ContainerBalancerTask.java:matchSourceWithTarget(708)) - ContainerBalancer is finding suitable target for source datanode 7c7bb1a2-e160-4d4d-a148-0c0a208269cd
2023-08-31 10:29:39,940 [main] INFO  balancer.ContainerBalancerTask (ContainerBalancerTask.java:matchSourceWithTarget(722)) - ContainerBalancer matched source datanode 7c7bb1a2-e160-4d4d-a148-0c0a208269cd with target datanode ded9a94b-bb28-46d1-aec0-9e92ac21e7ae for container move.
2023-08-31 10:29:39,940 [main] INFO  balancer.ContainerBalancerTask (ContainerBalancerTask.java:processMoveSelection(569)) - ContainerBalancer is trying to move container #87 with size 2147483648B from source datanode 7c7bb1a2-e160-4d4d-a148-0c0a208269cd to target datanode ded9a94b-bb28-46d1-aec0-9e92ac21e7ae
2023-08-31 10:29:39,940 [main] DEBUG balancer.ContainerBalancerTask (ContainerBalancerTask.java:lambda$moveContainer$3(837)) - Container move completed for container #87 from source 7c7bb1a2-e160-4d4d-a148-0c0a208269cd to target ded9a94b-bb28-46d1-aec0-9e92ac21e7ae
2023-08-31 10:29:39,943 [main] DEBUG balancer.ContainerBalancerTask (ContainerBalancerTask.java:matchSourceWithTarget(708)) - ContainerBalancer is finding suitable target for source datanode 7c7bb1a2-e160-4d4d-a148-0c0a208269cd
2023-08-31 10:29:39,944 [main] INFO  balancer.FindTargetGreedyByUsageInfo (AbstractFindTargetGreedy.java:findTargetForContainerMove(133)) - Container Balancer could not find a target for source datanode 7c7bb1a2-e160-4d4d-a148-0c0a208269cd
2023-08-31 10:29:39,944 [main] DEBUG balancer.ContainerBalancerTask (ContainerBalancerTask.java:matchSourceWithTarget(717)) - ContainerBalancer could not find a suitable target for source node 7c7bb1a2-e160-4d4d-a148-0c0a208269cd.
2023-08-31 10:29:39,944 [main] INFO  balancer.FindSourceGreedy (FindSourceGreedy.java:getNextCandidateSourceDataNode(126)) - no more candidate source data node
2023-08-31 10:29:39,944 [main] INFO  balancer.ContainerBalancerTask (ContainerBalancerTask.java:checkIterationMoveResults(642)) - Iteration Summary. Number of Datanodes involved: 2. Size moved: 21 GB (22548578304 Bytes). Number of Container moves completed: 5.
2023-08-31 10:29:39,944 [main] INFO  balancer.ContainerBalancerTask (ContainerBalancerTask.java:balance(259)) - Result of this iteration of Container Balancer: ITERATION_COMPLETED
2023-08-31 10:29:39,946 [main] DEBUG balancer.ContainerBalancerTask (ContainerBalancerTask.java:initializeIteration(374)) - Average utilization of the cluster is 0.3481500382754011
2023-08-31 10:29:39,946 [main] DEBUG balancer.ContainerBalancerTask (ContainerBalancerTask.java:initializeIteration(386)) - Lower limit for utilization is 0.24815003827540108 and Upper limit for utilization is 0.4481500382754011
2023-08-31 10:29:39,946 [main] DEBUG balancer.ContainerBalancerTask (ContainerBalancerTask.java:initializeIteration(398)) - Utilization for node 7c7bb1a2-e160-4d4d-a148-0c0a208269cd with capacity 54880137671B, used 49392123904B, and remaining 5488013767B is 0.9000000000018221
2023-08-31 10:29:39,946 [main] DEBUG balancer.ContainerBalancerTask (ContainerBalancerTask.java:initializeIteration(398)) - Utilization for node fb9f2c03-fb16-4cf6-aed9-8dd598966574 with capacity 72477573120B, used 57982058496B, and remaining 14495514624B is 0.8
2023-08-31 10:29:39,946 [main] DEBUG balancer.ContainerBalancerTask (ContainerBalancerTask.java:initializeIteration(398)) - Utilization for node 47c46efe-210e-4c95-8246-6fda73780b57 with capacity 64424509440B, used 45097156608B, and remaining 19327352832B is 0.7
2023-08-31 10:29:39,946 [main] DEBUG balancer.ContainerBalancerTask (ContainerBalancerTask.java:initializeIteration(398)) - Utilization for node 24a3d4b1-b311-4f54-9d73-9afbb37bf9ce with capacity 87688915626B, used 52613349376B, and remaining 35075566250B is 0.6000000000045616
2023-08-31 10:29:39,946 [main] DEBUG balancer.ContainerBalancerTask (ContainerBalancerTask.java:initializeIteration(398)) - Utilization for node dee9af8b-2c7c-4d1f-bde2-d41b95f1bc74 with capacity 105226698752B, used 52613349376B, and remaining 52613349376B is 0.5
2023-08-31 10:29:39,947 [main] DEBUG balancer.ContainerBalancerTask (ContainerBalancerTask.java:initializeIteration(398)) - Utilization for node b8fd4667-b473-4dce-bc08-778c664fa1fc with capacity 85899345920B, used 34359738368B, and remaining 51539607552B is 0.4
2023-08-31 10:29:39,947 [main] DEBUG balancer.ContainerBalancerTask (ContainerBalancerTask.java:initializeIteration(398)) - Utilization for node 0089e807-e1f0-4b85-83af-00289f20d061 with capacity 153902994773B, used 46170898432B, and remaining 107732096341B is 0.30000000000064975
2023-08-31 10:29:39,947 [main] DEBUG balancer.ContainerBalancerTask (ContainerBalancerTask.java:initializeIteration(398)) - Utilization for node 7b0b304a-28a1-4862-846d-b4247593e2a7 with capacity 193273528320B, used 38654705664B, and remaining 154618822656B is 0.2
2023-08-31 10:29:39,947 [main] DEBUG balancer.ContainerBalancerTask (ContainerBalancerTask.java:initializeIteration(398)) - Utilization for node f5b9dd81-4cba-478f-b4dc-b2a19a122aec with capacity 300647710720B, used 30064771072B, and remaining 270582939648B is 0.1
2023-08-31 10:29:39,947 [main] DEBUG balancer.ContainerBalancerTask (ContainerBalancerTask.java:initializeIteration(398)) - Utilization for node ded9a94b-bb28-46d1-aec0-9e92ac21e7ae with capacity 50465865728B, used 0B, and remaining 50465865728B is 0.0
2023-08-31 10:29:39,947 [main] INFO  balancer.ContainerBalancerTask (ContainerBalancerTask.java:initializeIteration(447)) - Container Balancer has identified 5 Over-Utilized and 3 Under-Utilized Datanodes that need to be balanced.
2023-08-31 10:29:39,947 [main] DEBUG balancer.ContainerBalancerTask (ContainerBalancerTask.java:lambda$initializeIteration$1(453)) - Datanode localhost-127.250.7.186 7c7bb1a2-e160-4d4d-a148-0c0a208269cd is Over-Utilized.
2023-08-31 10:29:39,947 [main] DEBUG balancer.ContainerBalancerTask (ContainerBalancerTask.java:lambda$initializeIteration$1(453)) - Datanode localhost-66.73.109.7 fb9f2c03-fb16-4cf6-aed9-8dd598966574 is Over-Utilized.
2023-08-31 10:29:39,947 [main] DEBUG balancer.ContainerBalancerTask (ContainerBalancerTask.java:lambda$initializeIteration$1(453)) - Datanode localhost-131.6.130.10 47c46efe-210e-4c95-8246-6fda73780b57 is Over-Utilized.
2023-08-31 10:29:39,947 [main] DEBUG balancer.ContainerBalancerTask (ContainerBalancerTask.java:lambda$initializeIteration$1(453)) - Datanode localhost-116.83.113.42 24a3d4b1-b311-4f54-9d73-9afbb37bf9ce is Over-Utilized.
2023-08-31 10:29:39,948 [main] DEBUG balancer.ContainerBalancerTask (ContainerBalancerTask.java:lambda$initializeIteration$1(453)) - Datanode localhost-32.59.131.127 dee9af8b-2c7c-4d1f-bde2-d41b95f1bc74 is Over-Utilized.
2023-08-31 10:29:39,948 [main] DEBUG balancer.ContainerBalancerTask (ContainerBalancerTask.java:lambda$initializeIteration$2(459)) - Datanode localhost-33.208.111.45 ded9a94b-bb28-46d1-aec0-9e92ac21e7ae is Under-Utilized.
2023-08-31 10:29:39,950 [main] DEBUG balancer.ContainerBalancerTask (ContainerBalancerTask.java:lambda$initializeIteration$2(459)) - Datanode localhost-138.234.174.53 f5b9dd81-4cba-478f-b4dc-b2a19a122aec is Under-Utilized.
2023-08-31 10:29:39,950 [main] DEBUG balancer.ContainerBalancerTask (ContainerBalancerTask.java:lambda$initializeIteration$2(459)) - Datanode localhost-40.185.131.157 7b0b304a-28a1-4862-846d-b4247593e2a7 is Under-Utilized.
2023-08-31 10:29:39,953 [main] DEBUG balancer.ContainerBalancerTask (ContainerBalancerTask.java:matchSourceWithTarget(708)) - ContainerBalancer is finding suitable target for source datanode 7c7bb1a2-e160-4d4d-a148-0c0a208269cd
2023-08-31 10:29:39,953 [main] INFO  balancer.ContainerBalancerTask (ContainerBalancerTask.java:matchSourceWithTarget(722)) - ContainerBalancer matched source datanode 7c7bb1a2-e160-4d4d-a148-0c0a208269cd with target datanode ded9a94b-bb28-46d1-aec0-9e92ac21e7ae for container move.
2023-08-31 10:29:39,953 [main] INFO  balancer.ContainerBalancerTask (ContainerBalancerTask.java:processMoveSelection(569)) - ContainerBalancer is trying to move container #85 with size 5368709120B from source datanode 7c7bb1a2-e160-4d4d-a148-0c0a208269cd to target datanode ded9a94b-bb28-46d1-aec0-9e92ac21e7ae
2023-08-31 10:29:39,953 [main] DEBUG balancer.ContainerBalancerTask (ContainerBalancerTask.java:lambda$moveContainer$3(837)) - Container move completed for container #85 from source 7c7bb1a2-e160-4d4d-a148-0c0a208269cd to target ded9a94b-bb28-46d1-aec0-9e92ac21e7ae
2023-08-31 10:29:39,953 [main] DEBUG balancer.ContainerBalancerTask (ContainerBalancerTask.java:adaptOnReachingIterationLimits(782)) - Reached max datanodes to involve limit. 2 datanodes have already been selected for balancing and the limit is 2. Only already selected sources and targets can be involved in balancing now.
2023-08-31 10:29:39,956 [main] DEBUG balancer.ContainerBalancerTask (ContainerBalancerTask.java:matchSourceWithTarget(708)) - ContainerBalancer is finding suitable target for source datanode 7c7bb1a2-e160-4d4d-a148-0c0a208269cd
2023-08-31 10:29:39,956 [main] INFO  balancer.ContainerBalancerTask (ContainerBalancerTask.java:matchSourceWithTarget(722)) - ContainerBalancer matched source datanode 7c7bb1a2-e160-4d4d-a148-0c0a208269cd with target datanode ded9a94b-bb28-46d1-aec0-9e92ac21e7ae for container move.
2023-08-31 10:29:39,956 [main] INFO  balancer.ContainerBalancerTask (ContainerBalancerTask.java:processMoveSelection(569)) - ContainerBalancer is trying to move container #68 with size 5368709120B from source datanode 7c7bb1a2-e160-4d4d-a148-0c0a208269cd to target datanode ded9a94b-bb28-46d1-aec0-9e92ac21e7ae
2023-08-31 10:29:39,957 [main] DEBUG balancer.ContainerBalancerTask (ContainerBalancerTask.java:lambda$moveContainer$3(837)) - Container move completed for container #68 from source 7c7bb1a2-e160-4d4d-a148-0c0a208269cd to target ded9a94b-bb28-46d1-aec0-9e92ac21e7ae
2023-08-31 10:29:39,959 [main] DEBUG balancer.ContainerBalancerTask (ContainerBalancerTask.java:matchSourceWithTarget(708)) - ContainerBalancer is finding suitable target for source datanode 7c7bb1a2-e160-4d4d-a148-0c0a208269cd
2023-08-31 10:29:39,959 [main] INFO  balancer.ContainerBalancerTask (ContainerBalancerTask.java:matchSourceWithTarget(722)) - ContainerBalancer matched source datanode 7c7bb1a2-e160-4d4d-a148-0c0a208269cd with target datanode ded9a94b-bb28-46d1-aec0-9e92ac21e7ae for container move.
2023-08-31 10:29:39,959 [main] INFO  balancer.ContainerBalancerTask (ContainerBalancerTask.java:processMoveSelection(569)) - ContainerBalancer is trying to move container #29 with size 5368709120B from source datanode 7c7bb1a2-e160-4d4d-a148-0c0a208269cd to target datanode ded9a94b-bb28-46d1-aec0-9e92ac21e7ae
2023-08-31 10:29:39,960 [main] DEBUG balancer.ContainerBalancerTask (ContainerBalancerTask.java:lambda$moveContainer$3(837)) - Container move completed for container #29 from source 7c7bb1a2-e160-4d4d-a148-0c0a208269cd to target ded9a94b-bb28-46d1-aec0-9e92ac21e7ae
2023-08-31 10:29:39,962 [main] DEBUG balancer.ContainerBalancerTask (ContainerBalancerTask.java:matchSourceWithTarget(708)) - ContainerBalancer is finding suitable target for source datanode 7c7bb1a2-e160-4d4d-a148-0c0a208269cd
2023-08-31 10:29:39,962 [main] INFO  balancer.ContainerBalancerTask (ContainerBalancerTask.java:matchSourceWithTarget(722)) - ContainerBalancer matched source datanode 7c7bb1a2-e160-4d4d-a148-0c0a208269cd with target datanode ded9a94b-bb28-46d1-aec0-9e92ac21e7ae for container move.
2023-08-31 10:29:39,963 [main] INFO  balancer.ContainerBalancerTask (ContainerBalancerTask.java:processMoveSelection(569)) - ContainerBalancer is trying to move container #89 with size 4294967296B from source datanode 7c7bb1a2-e160-4d4d-a148-0c0a208269cd to target datanode ded9a94b-bb28-46d1-aec0-9e92ac21e7ae
2023-08-31 10:29:39,963 [main] DEBUG balancer.ContainerBalancerTask (ContainerBalancerTask.java:lambda$moveContainer$3(837)) - Container move completed for container #89 from source 7c7bb1a2-e160-4d4d-a148-0c0a208269cd to target ded9a94b-bb28-46d1-aec0-9e92ac21e7ae
2023-08-31 10:29:39,965 [main] DEBUG balancer.ContainerBalancerTask (ContainerBalancerTask.java:matchSourceWithTarget(708)) - ContainerBalancer is finding suitable target for source datanode 7c7bb1a2-e160-4d4d-a148-0c0a208269cd
2023-08-31 10:29:39,966 [main] INFO  balancer.ContainerBalancerTask (ContainerBalancerTask.java:matchSourceWithTarget(722)) - ContainerBalancer matched source datanode 7c7bb1a2-e160-4d4d-a148-0c0a208269cd with target datanode ded9a94b-bb28-46d1-aec0-9e92ac21e7ae for container move.
2023-08-31 10:29:39,966 [main] INFO  balancer.ContainerBalancerTask (ContainerBalancerTask.java:processMoveSelection(569)) - ContainerBalancer is trying to move container #87 with size 2147483648B from source datanode 7c7bb1a2-e160-4d4d-a148-0c0a208269cd to target datanode ded9a94b-bb28-46d1-aec0-9e92ac21e7ae
2023-08-31 10:29:39,966 [main] DEBUG balancer.ContainerBalancerTask (ContainerBalancerTask.java:lambda$moveContainer$3(837)) - Container move completed for container #87 from source 7c7bb1a2-e160-4d4d-a148-0c0a208269cd to target ded9a94b-bb28-46d1-aec0-9e92ac21e7ae
2023-08-31 10:29:39,969 [main] DEBUG balancer.ContainerBalancerTask (ContainerBalancerTask.java:matchSourceWithTarget(708)) - ContainerBalancer is finding suitable target for source datanode 7c7bb1a2-e160-4d4d-a148-0c0a208269cd
2023-08-31 10:29:39,969 [main] INFO  balancer.FindTargetGreedyByUsageInfo (AbstractFindTargetGreedy.java:findTargetForContainerMove(133)) - Container Balancer could not find a target for source datanode 7c7bb1a2-e160-4d4d-a148-0c0a208269cd
2023-08-31 10:29:39,969 [main] DEBUG balancer.ContainerBalancerTask (ContainerBalancerTask.java:matchSourceWithTarget(717)) - ContainerBalancer could not find a suitable target for source node 7c7bb1a2-e160-4d4d-a148-0c0a208269cd.
2023-08-31 10:29:39,970 [main] INFO  balancer.FindSourceGreedy (FindSourceGreedy.java:getNextCandidateSourceDataNode(126)) - no more candidate source data node
2023-08-31 10:29:39,970 [main] INFO  balancer.ContainerBalancerTask (ContainerBalancerTask.java:checkIterationMoveResults(642)) - Iteration Summary. Number of Datanodes involved: 2. Size moved: 21 GB (22548578304 Bytes). Number of Container moves completed: 5.
2023-08-31 10:29:39,970 [main] INFO  balancer.ContainerBalancerTask (ContainerBalancerTask.java:balance(259)) - Result of this iteration of Container Balancer: ITERATION_COMPLETED
2023-08-31 10:29:39,970 [main] INFO  balancer.ContainerBalancerTask (ContainerBalancerTask.java:tryStopWithSaveConfiguration(308)) - Save Configuration for stopping. Reason: Completed all iterations.
]]></system-out>
  </testcase>
  <testcase name="selectedContainerShouldNotAlreadyHaveBeenSelected" classname="org.apache.hadoop.hdds.scm.container.balancer.TestContainerBalancerTask" time="0.166">
    <system-out><![CDATA[2023-08-31 10:29:39,997 [main] INFO  net.NodeSchemaLoader (NodeSchemaLoader.java:loadSchemaFromFile(129)) - Loading schema from [file:/home/runner/work/ozone/ozone/hadoop-hdds/common/target/classes/network-topology-default.xml]
2023-08-31 10:29:39,997 [main] INFO  net.NodeSchemaLoader (NodeSchemaLoader.java:loadSchema(176)) - Loading network topology layer schema file
2023-08-31 10:29:39,998 [main] INFO  net.NetworkTopologyImpl (NetworkTopologyImpl.java:add(112)) - Added a new node: /default-rack/90f2a5be-fb84-4150-ba74-6cc07b1bc597
2023-08-31 10:29:39,998 [main] INFO  net.NetworkTopologyImpl (NetworkTopologyImpl.java:add(112)) - Added a new node: /default-rack/105f74f2-08fc-4c35-acef-6f02e277e17f
2023-08-31 10:29:39,998 [main] INFO  net.NetworkTopologyImpl (NetworkTopologyImpl.java:add(112)) - Added a new node: /default-rack/8bb28ba1-9103-45de-bd51-9f2c81138783
2023-08-31 10:29:39,999 [main] INFO  net.NetworkTopologyImpl (NetworkTopologyImpl.java:add(112)) - Added a new node: /default-rack/7c091e58-77ba-4859-a6e6-d91861cef491
2023-08-31 10:29:39,999 [main] INFO  net.NetworkTopologyImpl (NetworkTopologyImpl.java:add(112)) - Added a new node: /default-rack/a088e81b-68a8-4052-9bc2-5932fa083596
2023-08-31 10:29:39,999 [main] INFO  net.NetworkTopologyImpl (NetworkTopologyImpl.java:add(112)) - Added a new node: /default-rack/5909e583-670e-43c2-94cd-168bd52b6bc2
2023-08-31 10:29:39,999 [main] INFO  net.NetworkTopologyImpl (NetworkTopologyImpl.java:add(112)) - Added a new node: /default-rack/05ab7531-bac6-485d-a4e3-38a23741068b
2023-08-31 10:29:39,999 [main] INFO  net.NetworkTopologyImpl (NetworkTopologyImpl.java:add(112)) - Added a new node: /default-rack/52003a80-fa2c-447c-9f94-51585358528b
2023-08-31 10:29:39,999 [main] INFO  net.NetworkTopologyImpl (NetworkTopologyImpl.java:add(112)) - Added a new node: /default-rack/6d0f9e3c-84a9-4c42-94d0-2a6366939d77
2023-08-31 10:29:39,999 [main] INFO  net.NetworkTopologyImpl (NetworkTopologyImpl.java:add(112)) - Added a new node: /default-rack/09b65ea1-7e82-4b8d-849a-a0c72781e7fb
2023-08-31 10:29:39,999 [main] INFO  algorithms.ContainerPlacementPolicyFactory (ContainerPlacementPolicyFactory.java:getPolicyInternal(86)) - Create container placement policy of type org.apache.hadoop.hdds.scm.container.placement.algorithms.SCMContainerPlacementRackAware
2023-08-31 10:29:40,000 [main] INFO  algorithms.ContainerPlacementPolicyFactory (ContainerPlacementPolicyFactory.java:getPolicyInternal(86)) - Create container placement policy of type org.apache.hadoop.hdds.scm.container.placement.algorithms.SCMContainerPlacementRackScatter
2023-08-31 10:29:40,005 [main] DEBUG balancer.ContainerBalancerTask (ContainerBalancerTask.java:initializeIteration(374)) - Average utilization of the cluster is 0.3270692682718933
2023-08-31 10:29:40,005 [main] DEBUG balancer.ContainerBalancerTask (ContainerBalancerTask.java:initializeIteration(386)) - Lower limit for utilization is 0.2270692682718933 and Upper limit for utilization is 0.4270692682718933
2023-08-31 10:29:40,005 [main] DEBUG balancer.ContainerBalancerTask (ContainerBalancerTask.java:initializeIteration(398)) - Utilization for node a088e81b-68a8-4052-9bc2-5932fa083596 with capacity 50107951786B, used 45097156608B, and remaining 5010795178B is 0.9000000000119741
2023-08-31 10:29:40,005 [main] DEBUG balancer.ContainerBalancerTask (ContainerBalancerTask.java:initializeIteration(398)) - Utilization for node 7c091e58-77ba-4859-a6e6-d91861cef491 with capacity 60397977600B, used 48318382080B, and remaining 12079595520B is 0.8
2023-08-31 10:29:40,005 [main] DEBUG balancer.ContainerBalancerTask (ContainerBalancerTask.java:initializeIteration(398)) - Utilization for node 09b65ea1-7e82-4b8d-849a-a0c72781e7fb with capacity 65958426331B, used 46170898432B, and remaining 19787527899B is 0.7000000000045483
2023-08-31 10:29:40,005 [main] DEBUG balancer.ContainerBalancerTask (ContainerBalancerTask.java:initializeIteration(398)) - Utilization for node 105f74f2-08fc-4c35-acef-6f02e277e17f with capacity 55476660906B, used 33285996544B, and remaining 22190664362B is 0.6000000000072102
2023-08-31 10:29:40,005 [main] DEBUG balancer.ContainerBalancerTask (ContainerBalancerTask.java:initializeIteration(398)) - Utilization for node 6d0f9e3c-84a9-4c42-94d0-2a6366939d77 with capacity 94489280512B, used 47244640256B, and remaining 47244640256B is 0.5
2023-08-31 10:29:40,005 [main] DEBUG balancer.ContainerBalancerTask (ContainerBalancerTask.java:initializeIteration(398)) - Utilization for node 5909e583-670e-43c2-94cd-168bd52b6bc2 with capacity 93952409600B, used 37580963840B, and remaining 56371445760B is 0.4
2023-08-31 10:29:40,006 [main] DEBUG balancer.ContainerBalancerTask (ContainerBalancerTask.java:initializeIteration(398)) - Utilization for node 52003a80-fa2c-447c-9f94-51585358528b with capacity 182536110080B, used 54760833024B, and remaining 127775277056B is 0.3
2023-08-31 10:29:40,006 [main] DEBUG balancer.ContainerBalancerTask (ContainerBalancerTask.java:initializeIteration(398)) - Utilization for node 90f2a5be-fb84-4150-ba74-6cc07b1bc597 with capacity 198642237440B, used 39728447488B, and remaining 158913789952B is 0.2
2023-08-31 10:29:40,006 [main] DEBUG balancer.ContainerBalancerTask (ContainerBalancerTask.java:initializeIteration(398)) - Utilization for node 05ab7531-bac6-485d-a4e3-38a23741068b with capacity 311385128960B, used 31138512896B, and remaining 280246616064B is 0.1
2023-08-31 10:29:40,006 [main] DEBUG balancer.ContainerBalancerTask (ContainerBalancerTask.java:initializeIteration(398)) - Utilization for node 8bb28ba1-9103-45de-bd51-9f2c81138783 with capacity 59055800320B, used 0B, and remaining 59055800320B is 0.0
2023-08-31 10:29:40,006 [main] INFO  balancer.ContainerBalancerTask (ContainerBalancerTask.java:initializeIteration(447)) - Container Balancer has identified 5 Over-Utilized and 3 Under-Utilized Datanodes that need to be balanced.
2023-08-31 10:29:40,006 [main] DEBUG balancer.ContainerBalancerTask (ContainerBalancerTask.java:lambda$initializeIteration$1(453)) - Datanode localhost-118.63.172.176 a088e81b-68a8-4052-9bc2-5932fa083596 is Over-Utilized.
2023-08-31 10:29:40,006 [main] DEBUG balancer.ContainerBalancerTask (ContainerBalancerTask.java:lambda$initializeIteration$1(453)) - Datanode localhost-29.235.133.94 7c091e58-77ba-4859-a6e6-d91861cef491 is Over-Utilized.
2023-08-31 10:29:40,006 [main] DEBUG balancer.ContainerBalancerTask (ContainerBalancerTask.java:lambda$initializeIteration$1(453)) - Datanode localhost-218.56.223.102 09b65ea1-7e82-4b8d-849a-a0c72781e7fb is Over-Utilized.
2023-08-31 10:29:40,006 [main] DEBUG balancer.ContainerBalancerTask (ContainerBalancerTask.java:lambda$initializeIteration$1(453)) - Datanode localhost-59.13.73.67 105f74f2-08fc-4c35-acef-6f02e277e17f is Over-Utilized.
2023-08-31 10:29:40,006 [main] DEBUG balancer.ContainerBalancerTask (ContainerBalancerTask.java:lambda$initializeIteration$1(453)) - Datanode localhost-59.73.222.239 6d0f9e3c-84a9-4c42-94d0-2a6366939d77 is Over-Utilized.
2023-08-31 10:29:40,007 [main] DEBUG balancer.ContainerBalancerTask (ContainerBalancerTask.java:lambda$initializeIteration$2(459)) - Datanode localhost-160.135.92.178 8bb28ba1-9103-45de-bd51-9f2c81138783 is Under-Utilized.
2023-08-31 10:29:40,007 [main] DEBUG balancer.ContainerBalancerTask (ContainerBalancerTask.java:lambda$initializeIteration$2(459)) - Datanode localhost-100.1.13.152 05ab7531-bac6-485d-a4e3-38a23741068b is Under-Utilized.
2023-08-31 10:29:40,007 [main] DEBUG balancer.ContainerBalancerTask (ContainerBalancerTask.java:lambda$initializeIteration$2(459)) - Datanode localhost-237.154.128.231 90f2a5be-fb84-4150-ba74-6cc07b1bc597 is Under-Utilized.
2023-08-31 10:29:40,009 [main] DEBUG balancer.ContainerBalancerTask (ContainerBalancerTask.java:matchSourceWithTarget(708)) - ContainerBalancer is finding suitable target for source datanode a088e81b-68a8-4052-9bc2-5932fa083596
2023-08-31 10:29:40,011 [main] INFO  balancer.ContainerBalancerTask (ContainerBalancerTask.java:matchSourceWithTarget(722)) - ContainerBalancer matched source datanode a088e81b-68a8-4052-9bc2-5932fa083596 with target datanode 8bb28ba1-9103-45de-bd51-9f2c81138783 for container move.
2023-08-31 10:29:40,011 [main] INFO  balancer.ContainerBalancerTask (ContainerBalancerTask.java:processMoveSelection(569)) - ContainerBalancer is trying to move container #84 with size 4294967296B from source datanode a088e81b-68a8-4052-9bc2-5932fa083596 to target datanode 8bb28ba1-9103-45de-bd51-9f2c81138783
2023-08-31 10:29:40,012 [main] DEBUG balancer.ContainerBalancerTask (ContainerBalancerTask.java:lambda$moveContainer$3(837)) - Container move completed for container #84 from source a088e81b-68a8-4052-9bc2-5932fa083596 to target 8bb28ba1-9103-45de-bd51-9f2c81138783
2023-08-31 10:29:40,014 [main] DEBUG balancer.ContainerBalancerTask (ContainerBalancerTask.java:matchSourceWithTarget(708)) - ContainerBalancer is finding suitable target for source datanode a088e81b-68a8-4052-9bc2-5932fa083596
2023-08-31 10:29:40,014 [main] INFO  balancer.ContainerBalancerTask (ContainerBalancerTask.java:matchSourceWithTarget(722)) - ContainerBalancer matched source datanode a088e81b-68a8-4052-9bc2-5932fa083596 with target datanode 8bb28ba1-9103-45de-bd51-9f2c81138783 for container move.
2023-08-31 10:29:40,014 [main] INFO  balancer.ContainerBalancerTask (ContainerBalancerTask.java:processMoveSelection(569)) - ContainerBalancer is trying to move container #52 with size 4294967296B from source datanode a088e81b-68a8-4052-9bc2-5932fa083596 to target datanode 8bb28ba1-9103-45de-bd51-9f2c81138783
2023-08-31 10:29:40,014 [main] DEBUG balancer.ContainerBalancerTask (ContainerBalancerTask.java:lambda$moveContainer$3(837)) - Container move completed for container #52 from source a088e81b-68a8-4052-9bc2-5932fa083596 to target 8bb28ba1-9103-45de-bd51-9f2c81138783
2023-08-31 10:29:40,017 [main] DEBUG balancer.ContainerBalancerTask (ContainerBalancerTask.java:matchSourceWithTarget(708)) - ContainerBalancer is finding suitable target for source datanode 7c091e58-77ba-4859-a6e6-d91861cef491
2023-08-31 10:29:40,017 [main] INFO  balancer.ContainerBalancerTask (ContainerBalancerTask.java:matchSourceWithTarget(722)) - ContainerBalancer matched source datanode 7c091e58-77ba-4859-a6e6-d91861cef491 with target datanode 05ab7531-bac6-485d-a4e3-38a23741068b for container move.
2023-08-31 10:29:40,018 [main] INFO  balancer.ContainerBalancerTask (ContainerBalancerTask.java:processMoveSelection(569)) - ContainerBalancer is trying to move container #68 with size 5368709120B from source datanode 7c091e58-77ba-4859-a6e6-d91861cef491 to target datanode 05ab7531-bac6-485d-a4e3-38a23741068b
2023-08-31 10:29:40,018 [main] DEBUG balancer.ContainerBalancerTask (ContainerBalancerTask.java:lambda$moveContainer$3(837)) - Container move completed for container #68 from source 7c091e58-77ba-4859-a6e6-d91861cef491 to target 05ab7531-bac6-485d-a4e3-38a23741068b
2023-08-31 10:29:40,020 [main] DEBUG balancer.ContainerBalancerTask (ContainerBalancerTask.java:matchSourceWithTarget(708)) - ContainerBalancer is finding suitable target for source datanode a088e81b-68a8-4052-9bc2-5932fa083596
2023-08-31 10:29:40,020 [main] INFO  balancer.ContainerBalancerTask (ContainerBalancerTask.java:matchSourceWithTarget(722)) - ContainerBalancer matched source datanode a088e81b-68a8-4052-9bc2-5932fa083596 with target datanode 05ab7531-bac6-485d-a4e3-38a23741068b for container move.
2023-08-31 10:29:40,020 [main] INFO  balancer.ContainerBalancerTask (ContainerBalancerTask.java:processMoveSelection(569)) - ContainerBalancer is trying to move container #28 with size 4294967296B from source datanode a088e81b-68a8-4052-9bc2-5932fa083596 to target datanode 05ab7531-bac6-485d-a4e3-38a23741068b
2023-08-31 10:29:40,021 [main] DEBUG balancer.ContainerBalancerTask (ContainerBalancerTask.java:lambda$moveContainer$3(837)) - Container move completed for container #28 from source a088e81b-68a8-4052-9bc2-5932fa083596 to target 05ab7531-bac6-485d-a4e3-38a23741068b
2023-08-31 10:29:40,024 [main] DEBUG balancer.ContainerBalancerTask (ContainerBalancerTask.java:matchSourceWithTarget(708)) - ContainerBalancer is finding suitable target for source datanode 7c091e58-77ba-4859-a6e6-d91861cef491
2023-08-31 10:29:40,024 [main] INFO  balancer.ContainerBalancerTask (ContainerBalancerTask.java:matchSourceWithTarget(722)) - ContainerBalancer matched source datanode 7c091e58-77ba-4859-a6e6-d91861cef491 with target datanode 05ab7531-bac6-485d-a4e3-38a23741068b for container move.
2023-08-31 10:29:40,024 [main] INFO  balancer.ContainerBalancerTask (ContainerBalancerTask.java:processMoveSelection(569)) - ContainerBalancer is trying to move container #66 with size 3221225472B from source datanode 7c091e58-77ba-4859-a6e6-d91861cef491 to target datanode 05ab7531-bac6-485d-a4e3-38a23741068b
2023-08-31 10:29:40,024 [main] DEBUG balancer.ContainerBalancerTask (ContainerBalancerTask.java:lambda$moveContainer$3(837)) - Container move completed for container #66 from source 7c091e58-77ba-4859-a6e6-d91861cef491 to target 05ab7531-bac6-485d-a4e3-38a23741068b
2023-08-31 10:29:40,027 [main] DEBUG balancer.ContainerBalancerTask (ContainerBalancerTask.java:matchSourceWithTarget(708)) - ContainerBalancer is finding suitable target for source datanode 09b65ea1-7e82-4b8d-849a-a0c72781e7fb
2023-08-31 10:29:40,027 [main] INFO  balancer.ContainerBalancerTask (ContainerBalancerTask.java:matchSourceWithTarget(722)) - ContainerBalancer matched source datanode 09b65ea1-7e82-4b8d-849a-a0c72781e7fb with target datanode 05ab7531-bac6-485d-a4e3-38a23741068b for container move.
2023-08-31 10:29:40,027 [main] INFO  balancer.ContainerBalancerTask (ContainerBalancerTask.java:processMoveSelection(569)) - ContainerBalancer is trying to move container #88 with size 3221225472B from source datanode 09b65ea1-7e82-4b8d-849a-a0c72781e7fb to target datanode 05ab7531-bac6-485d-a4e3-38a23741068b
2023-08-31 10:29:40,027 [main] DEBUG balancer.ContainerBalancerTask (ContainerBalancerTask.java:lambda$moveContainer$3(837)) - Container move completed for container #88 from source 09b65ea1-7e82-4b8d-849a-a0c72781e7fb to target 05ab7531-bac6-485d-a4e3-38a23741068b
2023-08-31 10:29:40,030 [main] DEBUG balancer.ContainerBalancerTask (ContainerBalancerTask.java:matchSourceWithTarget(708)) - ContainerBalancer is finding suitable target for source datanode 7c091e58-77ba-4859-a6e6-d91861cef491
2023-08-31 10:29:40,031 [main] INFO  balancer.ContainerBalancerTask (ContainerBalancerTask.java:matchSourceWithTarget(722)) - ContainerBalancer matched source datanode 7c091e58-77ba-4859-a6e6-d91861cef491 with target datanode 8bb28ba1-9103-45de-bd51-9f2c81138783 for container move.
2023-08-31 10:29:40,031 [main] INFO  balancer.ContainerBalancerTask (ContainerBalancerTask.java:processMoveSelection(569)) - ContainerBalancer is trying to move container #70 with size 2147483648B from source datanode 7c091e58-77ba-4859-a6e6-d91861cef491 to target datanode 8bb28ba1-9103-45de-bd51-9f2c81138783
2023-08-31 10:29:40,031 [main] DEBUG balancer.ContainerBalancerTask (ContainerBalancerTask.java:lambda$moveContainer$3(837)) - Container move completed for container #70 from source 7c091e58-77ba-4859-a6e6-d91861cef491 to target 8bb28ba1-9103-45de-bd51-9f2c81138783
2023-08-31 10:29:40,034 [main] DEBUG balancer.ContainerBalancerTask (ContainerBalancerTask.java:matchSourceWithTarget(708)) - ContainerBalancer is finding suitable target for source datanode 09b65ea1-7e82-4b8d-849a-a0c72781e7fb
2023-08-31 10:29:40,034 [main] INFO  balancer.ContainerBalancerTask (ContainerBalancerTask.java:matchSourceWithTarget(722)) - ContainerBalancer matched source datanode 09b65ea1-7e82-4b8d-849a-a0c72781e7fb with target datanode 05ab7531-bac6-485d-a4e3-38a23741068b for container move.
2023-08-31 10:29:40,034 [main] INFO  balancer.ContainerBalancerTask (ContainerBalancerTask.java:processMoveSelection(569)) - ContainerBalancer is trying to move container #50 with size 2147483648B from source datanode 09b65ea1-7e82-4b8d-849a-a0c72781e7fb to target datanode 05ab7531-bac6-485d-a4e3-38a23741068b
2023-08-31 10:29:40,034 [main] DEBUG balancer.ContainerBalancerTask (ContainerBalancerTask.java:lambda$moveContainer$3(837)) - Container move completed for container #50 from source 09b65ea1-7e82-4b8d-849a-a0c72781e7fb to target 05ab7531-bac6-485d-a4e3-38a23741068b
2023-08-31 10:29:40,037 [main] DEBUG balancer.ContainerBalancerTask (ContainerBalancerTask.java:matchSourceWithTarget(708)) - ContainerBalancer is finding suitable target for source datanode a088e81b-68a8-4052-9bc2-5932fa083596
2023-08-31 10:29:40,037 [main] INFO  balancer.ContainerBalancerTask (ContainerBalancerTask.java:matchSourceWithTarget(722)) - ContainerBalancer matched source datanode a088e81b-68a8-4052-9bc2-5932fa083596 with target datanode 05ab7531-bac6-485d-a4e3-38a23741068b for container move.
2023-08-31 10:29:40,037 [main] INFO  balancer.ContainerBalancerTask (ContainerBalancerTask.java:processMoveSelection(569)) - ContainerBalancer is trying to move container #82 with size 2147483648B from source datanode a088e81b-68a8-4052-9bc2-5932fa083596 to target datanode 05ab7531-bac6-485d-a4e3-38a23741068b
2023-08-31 10:29:40,037 [main] DEBUG balancer.ContainerBalancerTask (ContainerBalancerTask.java:lambda$moveContainer$3(837)) - Container move completed for container #82 from source a088e81b-68a8-4052-9bc2-5932fa083596 to target 05ab7531-bac6-485d-a4e3-38a23741068b
2023-08-31 10:29:40,041 [main] DEBUG balancer.ContainerBalancerTask (ContainerBalancerTask.java:matchSourceWithTarget(708)) - ContainerBalancer is finding suitable target for source datanode 7c091e58-77ba-4859-a6e6-d91861cef491
2023-08-31 10:29:40,041 [main] INFO  balancer.ContainerBalancerTask (ContainerBalancerTask.java:matchSourceWithTarget(722)) - ContainerBalancer matched source datanode 7c091e58-77ba-4859-a6e6-d91861cef491 with target datanode 05ab7531-bac6-485d-a4e3-38a23741068b for container move.
2023-08-31 10:29:40,041 [main] INFO  balancer.ContainerBalancerTask (ContainerBalancerTask.java:processMoveSelection(569)) - ContainerBalancer is trying to move container #26 with size 2147483648B from source datanode 7c091e58-77ba-4859-a6e6-d91861cef491 to target datanode 05ab7531-bac6-485d-a4e3-38a23741068b
2023-08-31 10:29:40,041 [main] DEBUG balancer.ContainerBalancerTask (ContainerBalancerTask.java:lambda$moveContainer$3(837)) - Container move completed for container #26 from source 7c091e58-77ba-4859-a6e6-d91861cef491 to target 05ab7531-bac6-485d-a4e3-38a23741068b
2023-08-31 10:29:40,044 [main] DEBUG balancer.ContainerBalancerTask (ContainerBalancerTask.java:matchSourceWithTarget(708)) - ContainerBalancer is finding suitable target for source datanode 09b65ea1-7e82-4b8d-849a-a0c72781e7fb
2023-08-31 10:29:40,044 [main] INFO  balancer.ContainerBalancerTask (ContainerBalancerTask.java:matchSourceWithTarget(722)) - ContainerBalancer matched source datanode 09b65ea1-7e82-4b8d-849a-a0c72781e7fb with target datanode 05ab7531-bac6-485d-a4e3-38a23741068b for container move.
2023-08-31 10:29:40,045 [main] INFO  balancer.ContainerBalancerTask (ContainerBalancerTask.java:processMoveSelection(569)) - ContainerBalancer is trying to move container #54 with size 1073741824B from source datanode 09b65ea1-7e82-4b8d-849a-a0c72781e7fb to target datanode 05ab7531-bac6-485d-a4e3-38a23741068b
2023-08-31 10:29:40,045 [main] DEBUG balancer.ContainerBalancerTask (ContainerBalancerTask.java:lambda$moveContainer$3(837)) - Container move completed for container #54 from source 09b65ea1-7e82-4b8d-849a-a0c72781e7fb to target 05ab7531-bac6-485d-a4e3-38a23741068b
2023-08-31 10:29:40,048 [main] DEBUG balancer.ContainerBalancerTask (ContainerBalancerTask.java:matchSourceWithTarget(708)) - ContainerBalancer is finding suitable target for source datanode 09b65ea1-7e82-4b8d-849a-a0c72781e7fb
2023-08-31 10:29:40,049 [main] INFO  balancer.ContainerBalancerTask (ContainerBalancerTask.java:matchSourceWithTarget(722)) - ContainerBalancer matched source datanode 09b65ea1-7e82-4b8d-849a-a0c72781e7fb with target datanode 8bb28ba1-9103-45de-bd51-9f2c81138783 for container move.
2023-08-31 10:29:40,049 [main] INFO  balancer.ContainerBalancerTask (ContainerBalancerTask.java:processMoveSelection(569)) - ContainerBalancer is trying to move container #86 with size 1073741824B from source datanode 09b65ea1-7e82-4b8d-849a-a0c72781e7fb to target datanode 8bb28ba1-9103-45de-bd51-9f2c81138783
2023-08-31 10:29:40,050 [main] DEBUG balancer.ContainerBalancerTask (ContainerBalancerTask.java:lambda$moveContainer$3(837)) - Container move completed for container #86 from source 09b65ea1-7e82-4b8d-849a-a0c72781e7fb to target 8bb28ba1-9103-45de-bd51-9f2c81138783
2023-08-31 10:29:40,053 [main] DEBUG balancer.ContainerBalancerTask (ContainerBalancerTask.java:matchSourceWithTarget(708)) - ContainerBalancer is finding suitable target for source datanode a088e81b-68a8-4052-9bc2-5932fa083596
2023-08-31 10:29:40,053 [main] INFO  balancer.ContainerBalancerTask (ContainerBalancerTask.java:matchSourceWithTarget(722)) - ContainerBalancer matched source datanode a088e81b-68a8-4052-9bc2-5932fa083596 with target datanode 05ab7531-bac6-485d-a4e3-38a23741068b for container move.
2023-08-31 10:29:40,053 [main] INFO  balancer.ContainerBalancerTask (ContainerBalancerTask.java:processMoveSelection(569)) - ContainerBalancer is trying to move container #36 with size 1073741824B from source datanode a088e81b-68a8-4052-9bc2-5932fa083596 to target datanode 05ab7531-bac6-485d-a4e3-38a23741068b
2023-08-31 10:29:40,053 [main] DEBUG balancer.ContainerBalancerTask (ContainerBalancerTask.java:lambda$moveContainer$3(837)) - Container move completed for container #36 from source a088e81b-68a8-4052-9bc2-5932fa083596 to target 05ab7531-bac6-485d-a4e3-38a23741068b
2023-08-31 10:29:40,057 [main] DEBUG balancer.ContainerBalancerTask (ContainerBalancerTask.java:matchSourceWithTarget(708)) - ContainerBalancer is finding suitable target for source datanode 105f74f2-08fc-4c35-acef-6f02e277e17f
2023-08-31 10:29:40,057 [main] INFO  balancer.ContainerBalancerTask (ContainerBalancerTask.java:matchSourceWithTarget(722)) - ContainerBalancer matched source datanode 105f74f2-08fc-4c35-acef-6f02e277e17f with target datanode 05ab7531-bac6-485d-a4e3-38a23741068b for container move.
2023-08-31 10:29:40,057 [main] INFO  balancer.ContainerBalancerTask (ContainerBalancerTask.java:processMoveSelection(569)) - ContainerBalancer is trying to move container #40 with size 5368709120B from source datanode 105f74f2-08fc-4c35-acef-6f02e277e17f to target datanode 05ab7531-bac6-485d-a4e3-38a23741068b
2023-08-31 10:29:40,057 [main] DEBUG balancer.ContainerBalancerTask (ContainerBalancerTask.java:lambda$moveContainer$3(837)) - Container move completed for container #40 from source 105f74f2-08fc-4c35-acef-6f02e277e17f to target 05ab7531-bac6-485d-a4e3-38a23741068b
2023-08-31 10:29:40,061 [main] DEBUG balancer.ContainerBalancerTask (ContainerBalancerTask.java:matchSourceWithTarget(708)) - ContainerBalancer is finding suitable target for source datanode 7c091e58-77ba-4859-a6e6-d91861cef491
2023-08-31 10:29:40,062 [main] INFO  balancer.ContainerBalancerTask (ContainerBalancerTask.java:matchSourceWithTarget(722)) - ContainerBalancer matched source datanode 7c091e58-77ba-4859-a6e6-d91861cef491 with target datanode 05ab7531-bac6-485d-a4e3-38a23741068b for container move.
2023-08-31 10:29:40,062 [main] INFO  balancer.ContainerBalancerTask (ContainerBalancerTask.java:processMoveSelection(569)) - ContainerBalancer is trying to move container #10 with size 2147483648B from source datanode 7c091e58-77ba-4859-a6e6-d91861cef491 to target datanode 05ab7531-bac6-485d-a4e3-38a23741068b
2023-08-31 10:29:40,062 [main] DEBUG balancer.ContainerBalancerTask (ContainerBalancerTask.java:lambda$moveContainer$3(837)) - Container move completed for container #10 from source 7c091e58-77ba-4859-a6e6-d91861cef491 to target 05ab7531-bac6-485d-a4e3-38a23741068b
2023-08-31 10:29:40,065 [main] DEBUG balancer.ContainerBalancerTask (ContainerBalancerTask.java:matchSourceWithTarget(701)) - ContainerBalancer could not find any candidate containers for datanode 09b65ea1-7e82-4b8d-849a-a0c72781e7fb
2023-08-31 10:29:40,068 [main] DEBUG balancer.ContainerBalancerTask (ContainerBalancerTask.java:matchSourceWithTarget(701)) - ContainerBalancer could not find any candidate containers for datanode a088e81b-68a8-4052-9bc2-5932fa083596
2023-08-31 10:29:40,072 [main] DEBUG balancer.ContainerBalancerTask (ContainerBalancerTask.java:matchSourceWithTarget(708)) - ContainerBalancer is finding suitable target for source datanode 7c091e58-77ba-4859-a6e6-d91861cef491
2023-08-31 10:29:40,073 [main] INFO  balancer.ContainerBalancerTask (ContainerBalancerTask.java:matchSourceWithTarget(722)) - ContainerBalancer matched source datanode 7c091e58-77ba-4859-a6e6-d91861cef491 with target datanode 8bb28ba1-9103-45de-bd51-9f2c81138783 for container move.
2023-08-31 10:29:40,073 [main] INFO  balancer.ContainerBalancerTask (ContainerBalancerTask.java:processMoveSelection(569)) - ContainerBalancer is trying to move container #64 with size 1073741824B from source datanode 7c091e58-77ba-4859-a6e6-d91861cef491 to target datanode 8bb28ba1-9103-45de-bd51-9f2c81138783
2023-08-31 10:29:40,073 [main] DEBUG balancer.ContainerBalancerTask (ContainerBalancerTask.java:lambda$moveContainer$3(837)) - Container move completed for container #64 from source 7c091e58-77ba-4859-a6e6-d91861cef491 to target 8bb28ba1-9103-45de-bd51-9f2c81138783
2023-08-31 10:29:40,077 [main] DEBUG balancer.ContainerBalancerTask (ContainerBalancerTask.java:matchSourceWithTarget(708)) - ContainerBalancer is finding suitable target for source datanode 7c091e58-77ba-4859-a6e6-d91861cef491
2023-08-31 10:29:40,078 [main] INFO  balancer.ContainerBalancerTask (ContainerBalancerTask.java:matchSourceWithTarget(722)) - ContainerBalancer matched source datanode 7c091e58-77ba-4859-a6e6-d91861cef491 with target datanode 90f2a5be-fb84-4150-ba74-6cc07b1bc597 for container move.
2023-08-31 10:29:40,078 [main] INFO  balancer.ContainerBalancerTask (ContainerBalancerTask.java:processMoveSelection(569)) - ContainerBalancer is trying to move container #16 with size 1073741824B from source datanode 7c091e58-77ba-4859-a6e6-d91861cef491 to target datanode 90f2a5be-fb84-4150-ba74-6cc07b1bc597
2023-08-31 10:29:40,078 [main] DEBUG balancer.ContainerBalancerTask (ContainerBalancerTask.java:lambda$moveContainer$3(837)) - Container move completed for container #16 from source 7c091e58-77ba-4859-a6e6-d91861cef491 to target 90f2a5be-fb84-4150-ba74-6cc07b1bc597
2023-08-31 10:29:40,082 [main] DEBUG balancer.ContainerBalancerTask (ContainerBalancerTask.java:matchSourceWithTarget(708)) - ContainerBalancer is finding suitable target for source datanode 7c091e58-77ba-4859-a6e6-d91861cef491
2023-08-31 10:29:40,082 [main] INFO  balancer.ContainerBalancerTask (ContainerBalancerTask.java:matchSourceWithTarget(722)) - ContainerBalancer matched source datanode 7c091e58-77ba-4859-a6e6-d91861cef491 with target datanode 05ab7531-bac6-485d-a4e3-38a23741068b for container move.
2023-08-31 10:29:40,082 [main] INFO  balancer.ContainerBalancerTask (ContainerBalancerTask.java:processMoveSelection(569)) - ContainerBalancer is trying to move container #4 with size 1073741824B from source datanode 7c091e58-77ba-4859-a6e6-d91861cef491 to target datanode 05ab7531-bac6-485d-a4e3-38a23741068b
2023-08-31 10:29:40,082 [main] DEBUG balancer.ContainerBalancerTask (ContainerBalancerTask.java:lambda$moveContainer$3(837)) - Container move completed for container #4 from source 7c091e58-77ba-4859-a6e6-d91861cef491 to target 05ab7531-bac6-485d-a4e3-38a23741068b
2023-08-31 10:29:40,084 [main] DEBUG balancer.ContainerBalancerTask (ContainerBalancerTask.java:matchSourceWithTarget(708)) - ContainerBalancer is finding suitable target for source datanode 105f74f2-08fc-4c35-acef-6f02e277e17f
2023-08-31 10:29:40,084 [main] INFO  balancer.ContainerBalancerTask (ContainerBalancerTask.java:matchSourceWithTarget(722)) - ContainerBalancer matched source datanode 105f74f2-08fc-4c35-acef-6f02e277e17f with target datanode 05ab7531-bac6-485d-a4e3-38a23741068b for container move.
2023-08-31 10:29:40,085 [main] INFO  balancer.ContainerBalancerTask (ContainerBalancerTask.java:processMoveSelection(569)) - ContainerBalancer is trying to move container #38 with size 3221225472B from source datanode 105f74f2-08fc-4c35-acef-6f02e277e17f to target datanode 05ab7531-bac6-485d-a4e3-38a23741068b
2023-08-31 10:29:40,085 [main] DEBUG balancer.ContainerBalancerTask (ContainerBalancerTask.java:lambda$moveContainer$3(837)) - Container move completed for container #38 from source 105f74f2-08fc-4c35-acef-6f02e277e17f to target 05ab7531-bac6-485d-a4e3-38a23741068b
2023-08-31 10:29:40,087 [main] DEBUG balancer.ContainerBalancerTask (ContainerBalancerTask.java:matchSourceWithTarget(701)) - ContainerBalancer could not find any candidate containers for datanode 6d0f9e3c-84a9-4c42-94d0-2a6366939d77
2023-08-31 10:29:40,089 [main] DEBUG balancer.ContainerBalancerTask (ContainerBalancerTask.java:matchSourceWithTarget(701)) - ContainerBalancer could not find any candidate containers for datanode 7c091e58-77ba-4859-a6e6-d91861cef491
2023-08-31 10:29:40,091 [main] DEBUG balancer.ContainerBalancerTask (ContainerBalancerTask.java:matchSourceWithTarget(701)) - ContainerBalancer could not find any candidate containers for datanode 105f74f2-08fc-4c35-acef-6f02e277e17f
2023-08-31 10:29:40,091 [main] INFO  balancer.FindSourceGreedy (FindSourceGreedy.java:getNextCandidateSourceDataNode(126)) - no more candidate source data node
2023-08-31 10:29:40,091 [main] INFO  balancer.ContainerBalancerTask (ContainerBalancerTask.java:checkIterationMoveResults(642)) - Iteration Summary. Number of Datanodes involved: 7. Size moved: 47 GB (50465865728 Bytes). Number of Container moves completed: 19.
2023-08-31 10:29:40,091 [main] INFO  balancer.ContainerBalancerTask (ContainerBalancerTask.java:balance(259)) - Result of this iteration of Container Balancer: ITERATION_COMPLETED
2023-08-31 10:29:40,091 [main] INFO  balancer.ContainerBalancerTask (ContainerBalancerTask.java:tryStopWithSaveConfiguration(308)) - Save Configuration for stopping. Reason: Completed all iterations.
2023-08-31 10:29:40,093 [main] DEBUG balancer.ContainerBalancerTask (ContainerBalancerTask.java:initializeIteration(374)) - Average utilization of the cluster is 0.3270692682718933
2023-08-31 10:29:40,093 [main] DEBUG balancer.ContainerBalancerTask (ContainerBalancerTask.java:initializeIteration(386)) - Lower limit for utilization is 0.2270692682718933 and Upper limit for utilization is 0.4270692682718933
2023-08-31 10:29:40,093 [main] DEBUG balancer.ContainerBalancerTask (ContainerBalancerTask.java:initializeIteration(398)) - Utilization for node a088e81b-68a8-4052-9bc2-5932fa083596 with capacity 50107951786B, used 45097156608B, and remaining 5010795178B is 0.9000000000119741
2023-08-31 10:29:40,093 [main] DEBUG balancer.ContainerBalancerTask (ContainerBalancerTask.java:initializeIteration(398)) - Utilization for node 7c091e58-77ba-4859-a6e6-d91861cef491 with capacity 60397977600B, used 48318382080B, and remaining 12079595520B is 0.8
2023-08-31 10:29:40,093 [main] DEBUG balancer.ContainerBalancerTask (ContainerBalancerTask.java:initializeIteration(398)) - Utilization for node 09b65ea1-7e82-4b8d-849a-a0c72781e7fb with capacity 65958426331B, used 46170898432B, and remaining 19787527899B is 0.7000000000045483
2023-08-31 10:29:40,093 [main] DEBUG balancer.ContainerBalancerTask (ContainerBalancerTask.java:initializeIteration(398)) - Utilization for node 105f74f2-08fc-4c35-acef-6f02e277e17f with capacity 55476660906B, used 33285996544B, and remaining 22190664362B is 0.6000000000072102
2023-08-31 10:29:40,093 [main] DEBUG balancer.ContainerBalancerTask (ContainerBalancerTask.java:initializeIteration(398)) - Utilization for node 6d0f9e3c-84a9-4c42-94d0-2a6366939d77 with capacity 94489280512B, used 47244640256B, and remaining 47244640256B is 0.5
2023-08-31 10:29:40,093 [main] DEBUG balancer.ContainerBalancerTask (ContainerBalancerTask.java:initializeIteration(398)) - Utilization for node 5909e583-670e-43c2-94cd-168bd52b6bc2 with capacity 93952409600B, used 37580963840B, and remaining 56371445760B is 0.4
2023-08-31 10:29:40,094 [main] DEBUG balancer.ContainerBalancerTask (ContainerBalancerTask.java:initializeIteration(398)) - Utilization for node 52003a80-fa2c-447c-9f94-51585358528b with capacity 182536110080B, used 54760833024B, and remaining 127775277056B is 0.3
2023-08-31 10:29:40,094 [main] DEBUG balancer.ContainerBalancerTask (ContainerBalancerTask.java:initializeIteration(398)) - Utilization for node 90f2a5be-fb84-4150-ba74-6cc07b1bc597 with capacity 198642237440B, used 39728447488B, and remaining 158913789952B is 0.2
2023-08-31 10:29:40,094 [main] DEBUG balancer.ContainerBalancerTask (ContainerBalancerTask.java:initializeIteration(398)) - Utilization for node 05ab7531-bac6-485d-a4e3-38a23741068b with capacity 311385128960B, used 31138512896B, and remaining 280246616064B is 0.1
2023-08-31 10:29:40,094 [main] DEBUG balancer.ContainerBalancerTask (ContainerBalancerTask.java:initializeIteration(398)) - Utilization for node 8bb28ba1-9103-45de-bd51-9f2c81138783 with capacity 59055800320B, used 0B, and remaining 59055800320B is 0.0
2023-08-31 10:29:40,094 [main] INFO  balancer.ContainerBalancerTask (ContainerBalancerTask.java:initializeIteration(447)) - Container Balancer has identified 5 Over-Utilized and 3 Under-Utilized Datanodes that need to be balanced.
2023-08-31 10:29:40,094 [main] DEBUG balancer.ContainerBalancerTask (ContainerBalancerTask.java:lambda$initializeIteration$1(453)) - Datanode localhost-118.63.172.176 a088e81b-68a8-4052-9bc2-5932fa083596 is Over-Utilized.
2023-08-31 10:29:40,094 [main] DEBUG balancer.ContainerBalancerTask (ContainerBalancerTask.java:lambda$initializeIteration$1(453)) - Datanode localhost-29.235.133.94 7c091e58-77ba-4859-a6e6-d91861cef491 is Over-Utilized.
2023-08-31 10:29:40,094 [main] DEBUG balancer.ContainerBalancerTask (ContainerBalancerTask.java:lambda$initializeIteration$1(453)) - Datanode localhost-218.56.223.102 09b65ea1-7e82-4b8d-849a-a0c72781e7fb is Over-Utilized.
2023-08-31 10:29:40,094 [main] DEBUG balancer.ContainerBalancerTask (ContainerBalancerTask.java:lambda$initializeIteration$1(453)) - Datanode localhost-59.13.73.67 105f74f2-08fc-4c35-acef-6f02e277e17f is Over-Utilized.
2023-08-31 10:29:40,094 [main] DEBUG balancer.ContainerBalancerTask (ContainerBalancerTask.java:lambda$initializeIteration$1(453)) - Datanode localhost-59.73.222.239 6d0f9e3c-84a9-4c42-94d0-2a6366939d77 is Over-Utilized.
2023-08-31 10:29:40,095 [main] DEBUG balancer.ContainerBalancerTask (ContainerBalancerTask.java:lambda$initializeIteration$2(459)) - Datanode localhost-160.135.92.178 8bb28ba1-9103-45de-bd51-9f2c81138783 is Under-Utilized.
2023-08-31 10:29:40,095 [main] DEBUG balancer.ContainerBalancerTask (ContainerBalancerTask.java:lambda$initializeIteration$2(459)) - Datanode localhost-100.1.13.152 05ab7531-bac6-485d-a4e3-38a23741068b is Under-Utilized.
2023-08-31 10:29:40,095 [main] DEBUG balancer.ContainerBalancerTask (ContainerBalancerTask.java:lambda$initializeIteration$2(459)) - Datanode localhost-237.154.128.231 90f2a5be-fb84-4150-ba74-6cc07b1bc597 is Under-Utilized.
2023-08-31 10:29:40,097 [main] DEBUG balancer.ContainerBalancerTask (ContainerBalancerTask.java:matchSourceWithTarget(708)) - ContainerBalancer is finding suitable target for source datanode a088e81b-68a8-4052-9bc2-5932fa083596
2023-08-31 10:29:40,097 [main] INFO  balancer.ContainerBalancerTask (ContainerBalancerTask.java:matchSourceWithTarget(722)) - ContainerBalancer matched source datanode a088e81b-68a8-4052-9bc2-5932fa083596 with target datanode 8bb28ba1-9103-45de-bd51-9f2c81138783 for container move.
2023-08-31 10:29:40,097 [main] INFO  balancer.ContainerBalancerTask (ContainerBalancerTask.java:processMoveSelection(569)) - ContainerBalancer is trying to move container #85 with size 5368709120B from source datanode a088e81b-68a8-4052-9bc2-5932fa083596 to target datanode 8bb28ba1-9103-45de-bd51-9f2c81138783
2023-08-31 10:29:40,098 [main] DEBUG balancer.ContainerBalancerTask (ContainerBalancerTask.java:lambda$moveContainer$3(837)) - Container move completed for container #85 from source a088e81b-68a8-4052-9bc2-5932fa083596 to target 8bb28ba1-9103-45de-bd51-9f2c81138783
2023-08-31 10:29:40,100 [main] DEBUG balancer.ContainerBalancerTask (ContainerBalancerTask.java:matchSourceWithTarget(708)) - ContainerBalancer is finding suitable target for source datanode 7c091e58-77ba-4859-a6e6-d91861cef491
2023-08-31 10:29:40,101 [main] INFO  balancer.ContainerBalancerTask (ContainerBalancerTask.java:matchSourceWithTarget(722)) - ContainerBalancer matched source datanode 7c091e58-77ba-4859-a6e6-d91861cef491 with target datanode 8bb28ba1-9103-45de-bd51-9f2c81138783 for container move.
2023-08-31 10:29:40,101 [main] INFO  balancer.ContainerBalancerTask (ContainerBalancerTask.java:processMoveSelection(569)) - ContainerBalancer is trying to move container #68 with size 5368709120B from source datanode 7c091e58-77ba-4859-a6e6-d91861cef491 to target datanode 8bb28ba1-9103-45de-bd51-9f2c81138783
2023-08-31 10:29:40,101 [main] DEBUG balancer.ContainerBalancerTask (ContainerBalancerTask.java:lambda$moveContainer$3(837)) - Container move completed for container #68 from source 7c091e58-77ba-4859-a6e6-d91861cef491 to target 8bb28ba1-9103-45de-bd51-9f2c81138783
2023-08-31 10:29:40,103 [main] DEBUG balancer.ContainerBalancerTask (ContainerBalancerTask.java:matchSourceWithTarget(708)) - ContainerBalancer is finding suitable target for source datanode a088e81b-68a8-4052-9bc2-5932fa083596
2023-08-31 10:29:40,104 [main] INFO  balancer.ContainerBalancerTask (ContainerBalancerTask.java:matchSourceWithTarget(722)) - ContainerBalancer matched source datanode a088e81b-68a8-4052-9bc2-5932fa083596 with target datanode 05ab7531-bac6-485d-a4e3-38a23741068b for container move.
2023-08-31 10:29:40,104 [main] INFO  balancer.ContainerBalancerTask (ContainerBalancerTask.java:processMoveSelection(569)) - ContainerBalancer is trying to move container #84 with size 4294967296B from source datanode a088e81b-68a8-4052-9bc2-5932fa083596 to target datanode 05ab7531-bac6-485d-a4e3-38a23741068b
2023-08-31 10:29:40,104 [main] DEBUG balancer.ContainerBalancerTask (ContainerBalancerTask.java:lambda$moveContainer$3(837)) - Container move completed for container #84 from source a088e81b-68a8-4052-9bc2-5932fa083596 to target 05ab7531-bac6-485d-a4e3-38a23741068b
2023-08-31 10:29:40,107 [main] DEBUG balancer.ContainerBalancerTask (ContainerBalancerTask.java:matchSourceWithTarget(708)) - ContainerBalancer is finding suitable target for source datanode 7c091e58-77ba-4859-a6e6-d91861cef491
2023-08-31 10:29:40,107 [main] INFO  balancer.ContainerBalancerTask (ContainerBalancerTask.java:matchSourceWithTarget(722)) - ContainerBalancer matched source datanode 7c091e58-77ba-4859-a6e6-d91861cef491 with target datanode 05ab7531-bac6-485d-a4e3-38a23741068b for container move.
2023-08-31 10:29:40,107 [main] INFO  balancer.ContainerBalancerTask (ContainerBalancerTask.java:processMoveSelection(569)) - ContainerBalancer is trying to move container #67 with size 4294967296B from source datanode 7c091e58-77ba-4859-a6e6-d91861cef491 to target datanode 05ab7531-bac6-485d-a4e3-38a23741068b
2023-08-31 10:29:40,107 [main] DEBUG balancer.ContainerBalancerTask (ContainerBalancerTask.java:lambda$moveContainer$3(837)) - Container move completed for container #67 from source 7c091e58-77ba-4859-a6e6-d91861cef491 to target 05ab7531-bac6-485d-a4e3-38a23741068b
2023-08-31 10:29:40,110 [main] DEBUG balancer.ContainerBalancerTask (ContainerBalancerTask.java:matchSourceWithTarget(708)) - ContainerBalancer is finding suitable target for source datanode a088e81b-68a8-4052-9bc2-5932fa083596
2023-08-31 10:29:40,110 [main] INFO  balancer.ContainerBalancerTask (ContainerBalancerTask.java:matchSourceWithTarget(722)) - ContainerBalancer matched source datanode a088e81b-68a8-4052-9bc2-5932fa083596 with target datanode 05ab7531-bac6-485d-a4e3-38a23741068b for container move.
2023-08-31 10:29:40,110 [main] INFO  balancer.ContainerBalancerTask (ContainerBalancerTask.java:processMoveSelection(569)) - ContainerBalancer is trying to move container #52 with size 4294967296B from source datanode a088e81b-68a8-4052-9bc2-5932fa083596 to target datanode 05ab7531-bac6-485d-a4e3-38a23741068b
2023-08-31 10:29:40,110 [main] DEBUG balancer.ContainerBalancerTask (ContainerBalancerTask.java:lambda$moveContainer$3(837)) - Container move completed for container #52 from source a088e81b-68a8-4052-9bc2-5932fa083596 to target 05ab7531-bac6-485d-a4e3-38a23741068b
2023-08-31 10:29:40,113 [main] DEBUG balancer.ContainerBalancerTask (ContainerBalancerTask.java:matchSourceWithTarget(708)) - ContainerBalancer is finding suitable target for source datanode 09b65ea1-7e82-4b8d-849a-a0c72781e7fb
2023-08-31 10:29:40,113 [main] INFO  balancer.ContainerBalancerTask (ContainerBalancerTask.java:matchSourceWithTarget(722)) - ContainerBalancer matched source datanode 09b65ea1-7e82-4b8d-849a-a0c72781e7fb with target datanode 05ab7531-bac6-485d-a4e3-38a23741068b for container move.
2023-08-31 10:29:40,114 [main] INFO  balancer.ContainerBalancerTask (ContainerBalancerTask.java:processMoveSelection(569)) - ContainerBalancer is trying to move container #29 with size 5368709120B from source datanode 09b65ea1-7e82-4b8d-849a-a0c72781e7fb to target datanode 05ab7531-bac6-485d-a4e3-38a23741068b
2023-08-31 10:29:40,114 [main] DEBUG balancer.ContainerBalancerTask (ContainerBalancerTask.java:lambda$moveContainer$3(837)) - Container move completed for container #29 from source 09b65ea1-7e82-4b8d-849a-a0c72781e7fb to target 05ab7531-bac6-485d-a4e3-38a23741068b
2023-08-31 10:29:40,117 [main] DEBUG balancer.ContainerBalancerTask (ContainerBalancerTask.java:matchSourceWithTarget(708)) - ContainerBalancer is finding suitable target for source datanode 7c091e58-77ba-4859-a6e6-d91861cef491
2023-08-31 10:29:40,117 [main] INFO  balancer.ContainerBalancerTask (ContainerBalancerTask.java:matchSourceWithTarget(722)) - ContainerBalancer matched source datanode 7c091e58-77ba-4859-a6e6-d91861cef491 with target datanode 05ab7531-bac6-485d-a4e3-38a23741068b for container move.
2023-08-31 10:29:40,118 [main] INFO  balancer.ContainerBalancerTask (ContainerBalancerTask.java:processMoveSelection(569)) - ContainerBalancer is trying to move container #71 with size 3221225472B from source datanode 7c091e58-77ba-4859-a6e6-d91861cef491 to target datanode 05ab7531-bac6-485d-a4e3-38a23741068b
2023-08-31 10:29:40,119 [main] DEBUG balancer.ContainerBalancerTask (ContainerBalancerTask.java:lambda$moveContainer$3(837)) - Container move completed for container #71 from source 7c091e58-77ba-4859-a6e6-d91861cef491 to target 05ab7531-bac6-485d-a4e3-38a23741068b
2023-08-31 10:29:40,122 [main] DEBUG balancer.ContainerBalancerTask (ContainerBalancerTask.java:matchSourceWithTarget(708)) - ContainerBalancer is finding suitable target for source datanode a088e81b-68a8-4052-9bc2-5932fa083596
2023-08-31 10:29:40,122 [main] INFO  balancer.ContainerBalancerTask (ContainerBalancerTask.java:matchSourceWithTarget(722)) - ContainerBalancer matched source datanode a088e81b-68a8-4052-9bc2-5932fa083596 with target datanode 05ab7531-bac6-485d-a4e3-38a23741068b for container move.
2023-08-31 10:29:40,123 [main] INFO  balancer.ContainerBalancerTask (ContainerBalancerTask.java:processMoveSelection(569)) - ContainerBalancer is trying to move container #28 with size 4294967296B from source datanode a088e81b-68a8-4052-9bc2-5932fa083596 to target datanode 05ab7531-bac6-485d-a4e3-38a23741068b
2023-08-31 10:29:40,123 [main] DEBUG balancer.ContainerBalancerTask (ContainerBalancerTask.java:lambda$moveContainer$3(837)) - Container move completed for container #28 from source a088e81b-68a8-4052-9bc2-5932fa083596 to target 05ab7531-bac6-485d-a4e3-38a23741068b
2023-08-31 10:29:40,125 [main] DEBUG balancer.ContainerBalancerTask (ContainerBalancerTask.java:matchSourceWithTarget(708)) - ContainerBalancer is finding suitable target for source datanode 09b65ea1-7e82-4b8d-849a-a0c72781e7fb
2023-08-31 10:29:40,126 [main] INFO  balancer.ContainerBalancerTask (ContainerBalancerTask.java:matchSourceWithTarget(722)) - ContainerBalancer matched source datanode 09b65ea1-7e82-4b8d-849a-a0c72781e7fb with target datanode 8bb28ba1-9103-45de-bd51-9f2c81138783 for container move.
2023-08-31 10:29:40,126 [main] INFO  balancer.ContainerBalancerTask (ContainerBalancerTask.java:processMoveSelection(569)) - ContainerBalancer is trying to move container #53 with size 5368709120B from source datanode 09b65ea1-7e82-4b8d-849a-a0c72781e7fb to target datanode 8bb28ba1-9103-45de-bd51-9f2c81138783
2023-08-31 10:29:40,126 [main] DEBUG balancer.ContainerBalancerTask (ContainerBalancerTask.java:lambda$moveContainer$3(837)) - Container move completed for container #53 from source 09b65ea1-7e82-4b8d-849a-a0c72781e7fb to target 8bb28ba1-9103-45de-bd51-9f2c81138783
2023-08-31 10:29:40,129 [main] DEBUG balancer.ContainerBalancerTask (ContainerBalancerTask.java:matchSourceWithTarget(708)) - ContainerBalancer is finding suitable target for source datanode 105f74f2-08fc-4c35-acef-6f02e277e17f
2023-08-31 10:29:40,129 [main] INFO  balancer.ContainerBalancerTask (ContainerBalancerTask.java:matchSourceWithTarget(722)) - ContainerBalancer matched source datanode 105f74f2-08fc-4c35-acef-6f02e277e17f with target datanode 05ab7531-bac6-485d-a4e3-38a23741068b for container move.
2023-08-31 10:29:40,129 [main] INFO  balancer.ContainerBalancerTask (ContainerBalancerTask.java:processMoveSelection(569)) - ContainerBalancer is trying to move container #40 with size 5368709120B from source datanode 105f74f2-08fc-4c35-acef-6f02e277e17f to target datanode 05ab7531-bac6-485d-a4e3-38a23741068b
2023-08-31 10:29:40,130 [main] DEBUG balancer.ContainerBalancerTask (ContainerBalancerTask.java:lambda$moveContainer$3(837)) - Container move completed for container #40 from source 105f74f2-08fc-4c35-acef-6f02e277e17f to target 05ab7531-bac6-485d-a4e3-38a23741068b
2023-08-31 10:29:40,133 [main] DEBUG balancer.ContainerBalancerTask (ContainerBalancerTask.java:matchSourceWithTarget(708)) - ContainerBalancer is finding suitable target for source datanode 7c091e58-77ba-4859-a6e6-d91861cef491
2023-08-31 10:29:40,133 [main] INFO  balancer.ContainerBalancerTask (ContainerBalancerTask.java:matchSourceWithTarget(722)) - ContainerBalancer matched source datanode 7c091e58-77ba-4859-a6e6-d91861cef491 with target datanode 90f2a5be-fb84-4150-ba74-6cc07b1bc597 for container move.
2023-08-31 10:29:40,133 [main] INFO  balancer.ContainerBalancerTask (ContainerBalancerTask.java:processMoveSelection(569)) - ContainerBalancer is trying to move container #66 with size 3221225472B from source datanode 7c091e58-77ba-4859-a6e6-d91861cef491 to target datanode 90f2a5be-fb84-4150-ba74-6cc07b1bc597
2023-08-31 10:29:40,133 [main] DEBUG balancer.ContainerBalancerTask (ContainerBalancerTask.java:lambda$moveContainer$3(837)) - Container move completed for container #66 from source 7c091e58-77ba-4859-a6e6-d91861cef491 to target 90f2a5be-fb84-4150-ba74-6cc07b1bc597
2023-08-31 10:29:40,136 [main] DEBUG balancer.ContainerBalancerTask (ContainerBalancerTask.java:matchSourceWithTarget(708)) - ContainerBalancer is finding suitable target for source datanode 09b65ea1-7e82-4b8d-849a-a0c72781e7fb
2023-08-31 10:29:40,137 [main] INFO  balancer.ContainerBalancerTask (ContainerBalancerTask.java:matchSourceWithTarget(722)) - ContainerBalancer matched source datanode 09b65ea1-7e82-4b8d-849a-a0c72781e7fb with target datanode 05ab7531-bac6-485d-a4e3-38a23741068b for container move.
2023-08-31 10:29:40,137 [main] INFO  balancer.ContainerBalancerTask (ContainerBalancerTask.java:processMoveSelection(569)) - ContainerBalancer is trying to move container #88 with size 3221225472B from source datanode 09b65ea1-7e82-4b8d-849a-a0c72781e7fb to target datanode 05ab7531-bac6-485d-a4e3-38a23741068b
2023-08-31 10:29:40,137 [main] DEBUG balancer.ContainerBalancerTask (ContainerBalancerTask.java:lambda$moveContainer$3(837)) - Container move completed for container #88 from source 09b65ea1-7e82-4b8d-849a-a0c72781e7fb to target 05ab7531-bac6-485d-a4e3-38a23741068b
2023-08-31 10:29:40,137 [main] WARN  balancer.ContainerBalancerTask (ContainerBalancerTask.java:reachedMaxSizeToMovePerIteration(733)) - Reached max size to move limit. 53687091200 bytes have already been scheduled for balancing and the limit is 53687091200 bytes.
2023-08-31 10:29:40,137 [main] INFO  balancer.ContainerBalancerTask (ContainerBalancerTask.java:checkIterationMoveResults(642)) - Iteration Summary. Number of Datanodes involved: 7. Size moved: 50 GB (53687091200 Bytes). Number of Container moves completed: 12.
2023-08-31 10:29:40,137 [main] INFO  balancer.ContainerBalancerTask (ContainerBalancerTask.java:balance(259)) - Result of this iteration of Container Balancer: ITERATION_COMPLETED
2023-08-31 10:29:40,138 [main] INFO  balancer.ContainerBalancerTask (ContainerBalancerTask.java:tryStopWithSaveConfiguration(308)) - Save Configuration for stopping. Reason: Completed all iterations.
]]></system-out>
  </testcase>
  <testcase name="containerBalancerShouldSelectOnlyClosedContainers" classname="org.apache.hadoop.hdds.scm.container.balancer.TestContainerBalancerTask" time="0.095">
    <system-out><![CDATA[2023-08-31 10:29:40,165 [main] INFO  net.NodeSchemaLoader (NodeSchemaLoader.java:loadSchemaFromFile(129)) - Loading schema from [file:/home/runner/work/ozone/ozone/hadoop-hdds/common/target/classes/network-topology-default.xml]
2023-08-31 10:29:40,166 [main] INFO  net.NodeSchemaLoader (NodeSchemaLoader.java:loadSchema(176)) - Loading network topology layer schema file
2023-08-31 10:29:40,167 [main] INFO  net.NetworkTopologyImpl (NetworkTopologyImpl.java:add(112)) - Added a new node: /default-rack/baa835cf-3aa8-42d1-9fb5-b637a51e4f40
2023-08-31 10:29:40,167 [main] INFO  net.NetworkTopologyImpl (NetworkTopologyImpl.java:add(112)) - Added a new node: /default-rack/4d349d2c-d714-43bb-8a98-1ea615af93f5
2023-08-31 10:29:40,167 [main] INFO  net.NetworkTopologyImpl (NetworkTopologyImpl.java:add(112)) - Added a new node: /default-rack/6f14094d-541a-4c1b-8bef-14d98192c3f9
2023-08-31 10:29:40,168 [main] INFO  net.NetworkTopologyImpl (NetworkTopologyImpl.java:add(112)) - Added a new node: /default-rack/6e95aaeb-41f5-4fbb-ae66-abea7a4ed874
2023-08-31 10:29:40,168 [main] INFO  net.NetworkTopologyImpl (NetworkTopologyImpl.java:add(112)) - Added a new node: /default-rack/55f1d584-79f8-4328-9899-2266abd3f61e
2023-08-31 10:29:40,168 [main] INFO  net.NetworkTopologyImpl (NetworkTopologyImpl.java:add(112)) - Added a new node: /default-rack/31e5fe2d-0da3-4d44-bfe7-2460cef53205
2023-08-31 10:29:40,168 [main] INFO  net.NetworkTopologyImpl (NetworkTopologyImpl.java:add(112)) - Added a new node: /default-rack/36200a26-6e22-4fa5-bc73-86285257a705
2023-08-31 10:29:40,168 [main] INFO  net.NetworkTopologyImpl (NetworkTopologyImpl.java:add(112)) - Added a new node: /default-rack/9555d7ec-4c59-4e1e-ba92-43cc0b6996b2
2023-08-31 10:29:40,168 [main] INFO  net.NetworkTopologyImpl (NetworkTopologyImpl.java:add(112)) - Added a new node: /default-rack/202a7c65-d816-4f0f-b472-a3ad6378a51e
2023-08-31 10:29:40,168 [main] INFO  net.NetworkTopologyImpl (NetworkTopologyImpl.java:add(112)) - Added a new node: /default-rack/df61809b-2573-487a-9ac3-8d311a61afef
2023-08-31 10:29:40,168 [main] INFO  algorithms.ContainerPlacementPolicyFactory (ContainerPlacementPolicyFactory.java:getPolicyInternal(86)) - Create container placement policy of type org.apache.hadoop.hdds.scm.container.placement.algorithms.SCMContainerPlacementRackAware
2023-08-31 10:29:40,169 [main] INFO  algorithms.ContainerPlacementPolicyFactory (ContainerPlacementPolicyFactory.java:getPolicyInternal(86)) - Create container placement policy of type org.apache.hadoop.hdds.scm.container.placement.algorithms.SCMContainerPlacementRackScatter
2023-08-31 10:29:40,171 [main] DEBUG balancer.ContainerBalancerTask (ContainerBalancerTask.java:initializeIteration(374)) - Average utilization of the cluster is 0.3166114824768955
2023-08-31 10:29:40,171 [main] DEBUG balancer.ContainerBalancerTask (ContainerBalancerTask.java:initializeIteration(386)) - Lower limit for utilization is 0.21661148247689552 and Upper limit for utilization is 0.4166114824768955
2023-08-31 10:29:40,171 [main] DEBUG balancer.ContainerBalancerTask (ContainerBalancerTask.java:initializeIteration(398)) - Utilization for node 6f14094d-541a-4c1b-8bef-14d98192c3f9 with capacity 57266230613B, used 51539607552B, and remaining 5726623061B is 0.9000000000052387
2023-08-31 10:29:40,171 [main] DEBUG balancer.ContainerBalancerTask (ContainerBalancerTask.java:initializeIteration(398)) - Utilization for node 55f1d584-79f8-4328-9899-2266abd3f61e with capacity 56371445760B, used 45097156608B, and remaining 11274289152B is 0.8
2023-08-31 10:29:40,171 [main] DEBUG balancer.ContainerBalancerTask (ContainerBalancerTask.java:initializeIteration(398)) - Utilization for node 4d349d2c-d714-43bb-8a98-1ea615af93f5 with capacity 46017506742B, used 32212254720B, and remaining 13805252022B is 0.7000000000130385
2023-08-31 10:29:40,171 [main] DEBUG balancer.ContainerBalancerTask (ContainerBalancerTask.java:initializeIteration(398)) - Utilization for node baa835cf-3aa8-42d1-9fb5-b637a51e4f40 with capacity 80530636800B, used 48318382080B, and remaining 32212254720B is 0.6
2023-08-31 10:29:40,172 [main] DEBUG balancer.ContainerBalancerTask (ContainerBalancerTask.java:initializeIteration(398)) - Utilization for node df61809b-2573-487a-9ac3-8d311a61afef with capacity 66571993088B, used 33285996544B, and remaining 33285996544B is 0.5
2023-08-31 10:29:40,172 [main] DEBUG balancer.ContainerBalancerTask (ContainerBalancerTask.java:initializeIteration(398)) - Utilization for node 36200a26-6e22-4fa5-bc73-86285257a705 with capacity 80530636800B, used 32212254720B, and remaining 48318382080B is 0.4
2023-08-31 10:29:40,172 [main] DEBUG balancer.ContainerBalancerTask (ContainerBalancerTask.java:initializeIteration(398)) - Utilization for node 202a7c65-d816-4f0f-b472-a3ad6378a51e with capacity 189694388906B, used 56908316672B, and remaining 132786072234B is 0.3000000000010543
2023-08-31 10:29:40,172 [main] DEBUG balancer.ContainerBalancerTask (ContainerBalancerTask.java:initializeIteration(398)) - Utilization for node 6e95aaeb-41f5-4fbb-ae66-abea7a4ed874 with capacity 252329328640B, used 50465865728B, and remaining 201863462912B is 0.2
2023-08-31 10:29:40,172 [main] DEBUG balancer.ContainerBalancerTask (ContainerBalancerTask.java:initializeIteration(398)) - Utilization for node 9555d7ec-4c59-4e1e-ba92-43cc0b6996b2 with capacity 386547056640B, used 38654705664B, and remaining 347892350976B is 0.1
2023-08-31 10:29:40,172 [main] DEBUG balancer.ContainerBalancerTask (ContainerBalancerTask.java:initializeIteration(398)) - Utilization for node 31e5fe2d-0da3-4d44-bfe7-2460cef53205 with capacity 11811160064B, used 0B, and remaining 11811160064B is 0.0
2023-08-31 10:29:40,172 [main] INFO  balancer.ContainerBalancerTask (ContainerBalancerTask.java:initializeIteration(447)) - Container Balancer has identified 5 Over-Utilized and 3 Under-Utilized Datanodes that need to be balanced.
2023-08-31 10:29:40,172 [main] DEBUG balancer.ContainerBalancerTask (ContainerBalancerTask.java:lambda$initializeIteration$1(453)) - Datanode localhost-217.137.169.144 6f14094d-541a-4c1b-8bef-14d98192c3f9 is Over-Utilized.
2023-08-31 10:29:40,172 [main] DEBUG balancer.ContainerBalancerTask (ContainerBalancerTask.java:lambda$initializeIteration$1(453)) - Datanode localhost-125.180.22.228 55f1d584-79f8-4328-9899-2266abd3f61e is Over-Utilized.
2023-08-31 10:29:40,173 [main] DEBUG balancer.ContainerBalancerTask (ContainerBalancerTask.java:lambda$initializeIteration$1(453)) - Datanode localhost-91.95.38.28 4d349d2c-d714-43bb-8a98-1ea615af93f5 is Over-Utilized.
2023-08-31 10:29:40,173 [main] DEBUG balancer.ContainerBalancerTask (ContainerBalancerTask.java:lambda$initializeIteration$1(453)) - Datanode localhost-46.53.60.116 baa835cf-3aa8-42d1-9fb5-b637a51e4f40 is Over-Utilized.
2023-08-31 10:29:40,173 [main] DEBUG balancer.ContainerBalancerTask (ContainerBalancerTask.java:lambda$initializeIteration$1(453)) - Datanode localhost-160.72.1.101 df61809b-2573-487a-9ac3-8d311a61afef is Over-Utilized.
2023-08-31 10:29:40,173 [main] DEBUG balancer.ContainerBalancerTask (ContainerBalancerTask.java:lambda$initializeIteration$2(459)) - Datanode localhost-241.75.247.253 31e5fe2d-0da3-4d44-bfe7-2460cef53205 is Under-Utilized.
2023-08-31 10:29:40,173 [main] DEBUG balancer.ContainerBalancerTask (ContainerBalancerTask.java:lambda$initializeIteration$2(459)) - Datanode localhost-27.141.43.90 9555d7ec-4c59-4e1e-ba92-43cc0b6996b2 is Under-Utilized.
2023-08-31 10:29:40,173 [main] DEBUG balancer.ContainerBalancerTask (ContainerBalancerTask.java:lambda$initializeIteration$2(459)) - Datanode localhost-54.96.173.200 6e95aaeb-41f5-4fbb-ae66-abea7a4ed874 is Under-Utilized.
2023-08-31 10:29:40,175 [main] DEBUG balancer.ContainerBalancerTask (ContainerBalancerTask.java:matchSourceWithTarget(701)) - ContainerBalancer could not find any candidate containers for datanode 6f14094d-541a-4c1b-8bef-14d98192c3f9
2023-08-31 10:29:40,177 [main] DEBUG balancer.ContainerBalancerTask (ContainerBalancerTask.java:matchSourceWithTarget(701)) - ContainerBalancer could not find any candidate containers for datanode 55f1d584-79f8-4328-9899-2266abd3f61e
2023-08-31 10:29:40,184 [main] DEBUG balancer.ContainerBalancerTask (ContainerBalancerTask.java:matchSourceWithTarget(701)) - ContainerBalancer could not find any candidate containers for datanode 4d349d2c-d714-43bb-8a98-1ea615af93f5
2023-08-31 10:29:40,186 [main] DEBUG balancer.ContainerBalancerTask (ContainerBalancerTask.java:matchSourceWithTarget(701)) - ContainerBalancer could not find any candidate containers for datanode baa835cf-3aa8-42d1-9fb5-b637a51e4f40
2023-08-31 10:29:40,187 [main] DEBUG balancer.ContainerBalancerTask (ContainerBalancerTask.java:matchSourceWithTarget(701)) - ContainerBalancer could not find any candidate containers for datanode df61809b-2573-487a-9ac3-8d311a61afef
2023-08-31 10:29:40,187 [main] INFO  balancer.FindSourceGreedy (FindSourceGreedy.java:getNextCandidateSourceDataNode(126)) - no more candidate source data node
2023-08-31 10:29:40,187 [main] INFO  balancer.ContainerBalancerTask (ContainerBalancerTask.java:balance(259)) - Result of this iteration of Container Balancer: CAN_NOT_BALANCE_ANY_MORE
2023-08-31 10:29:40,187 [main] INFO  balancer.ContainerBalancerTask (ContainerBalancerTask.java:tryStopWithSaveConfiguration(308)) - Save Configuration for stopping. Reason: CAN_NOT_BALANCE_ANY_MORE
2023-08-31 10:29:40,189 [main] DEBUG balancer.ContainerBalancerTask (ContainerBalancerTask.java:initializeIteration(374)) - Average utilization of the cluster is 0.3166114824768955
2023-08-31 10:29:40,189 [main] DEBUG balancer.ContainerBalancerTask (ContainerBalancerTask.java:initializeIteration(386)) - Lower limit for utilization is 0.21661148247689552 and Upper limit for utilization is 0.4166114824768955
2023-08-31 10:29:40,189 [main] DEBUG balancer.ContainerBalancerTask (ContainerBalancerTask.java:initializeIteration(398)) - Utilization for node 6f14094d-541a-4c1b-8bef-14d98192c3f9 with capacity 57266230613B, used 51539607552B, and remaining 5726623061B is 0.9000000000052387
2023-08-31 10:29:40,189 [main] DEBUG balancer.ContainerBalancerTask (ContainerBalancerTask.java:initializeIteration(398)) - Utilization for node 55f1d584-79f8-4328-9899-2266abd3f61e with capacity 56371445760B, used 45097156608B, and remaining 11274289152B is 0.8
2023-08-31 10:29:40,189 [main] DEBUG balancer.ContainerBalancerTask (ContainerBalancerTask.java:initializeIteration(398)) - Utilization for node 4d349d2c-d714-43bb-8a98-1ea615af93f5 with capacity 46017506742B, used 32212254720B, and remaining 13805252022B is 0.7000000000130385
2023-08-31 10:29:40,190 [main] DEBUG balancer.ContainerBalancerTask (ContainerBalancerTask.java:initializeIteration(398)) - Utilization for node baa835cf-3aa8-42d1-9fb5-b637a51e4f40 with capacity 80530636800B, used 48318382080B, and remaining 32212254720B is 0.6
2023-08-31 10:29:40,190 [main] DEBUG balancer.ContainerBalancerTask (ContainerBalancerTask.java:initializeIteration(398)) - Utilization for node df61809b-2573-487a-9ac3-8d311a61afef with capacity 66571993088B, used 33285996544B, and remaining 33285996544B is 0.5
2023-08-31 10:29:40,190 [main] DEBUG balancer.ContainerBalancerTask (ContainerBalancerTask.java:initializeIteration(398)) - Utilization for node 36200a26-6e22-4fa5-bc73-86285257a705 with capacity 80530636800B, used 32212254720B, and remaining 48318382080B is 0.4
2023-08-31 10:29:40,190 [main] DEBUG balancer.ContainerBalancerTask (ContainerBalancerTask.java:initializeIteration(398)) - Utilization for node 202a7c65-d816-4f0f-b472-a3ad6378a51e with capacity 189694388906B, used 56908316672B, and remaining 132786072234B is 0.3000000000010543
2023-08-31 10:29:40,190 [main] DEBUG balancer.ContainerBalancerTask (ContainerBalancerTask.java:initializeIteration(398)) - Utilization for node 6e95aaeb-41f5-4fbb-ae66-abea7a4ed874 with capacity 252329328640B, used 50465865728B, and remaining 201863462912B is 0.2
2023-08-31 10:29:40,190 [main] DEBUG balancer.ContainerBalancerTask (ContainerBalancerTask.java:initializeIteration(398)) - Utilization for node 9555d7ec-4c59-4e1e-ba92-43cc0b6996b2 with capacity 386547056640B, used 38654705664B, and remaining 347892350976B is 0.1
2023-08-31 10:29:40,190 [main] DEBUG balancer.ContainerBalancerTask (ContainerBalancerTask.java:initializeIteration(398)) - Utilization for node 31e5fe2d-0da3-4d44-bfe7-2460cef53205 with capacity 11811160064B, used 0B, and remaining 11811160064B is 0.0
2023-08-31 10:29:40,190 [main] INFO  balancer.ContainerBalancerTask (ContainerBalancerTask.java:initializeIteration(447)) - Container Balancer has identified 5 Over-Utilized and 3 Under-Utilized Datanodes that need to be balanced.
2023-08-31 10:29:40,190 [main] DEBUG balancer.ContainerBalancerTask (ContainerBalancerTask.java:lambda$initializeIteration$1(453)) - Datanode localhost-217.137.169.144 6f14094d-541a-4c1b-8bef-14d98192c3f9 is Over-Utilized.
2023-08-31 10:29:40,190 [main] DEBUG balancer.ContainerBalancerTask (ContainerBalancerTask.java:lambda$initializeIteration$1(453)) - Datanode localhost-125.180.22.228 55f1d584-79f8-4328-9899-2266abd3f61e is Over-Utilized.
2023-08-31 10:29:40,191 [main] DEBUG balancer.ContainerBalancerTask (ContainerBalancerTask.java:lambda$initializeIteration$1(453)) - Datanode localhost-91.95.38.28 4d349d2c-d714-43bb-8a98-1ea615af93f5 is Over-Utilized.
2023-08-31 10:29:40,191 [main] DEBUG balancer.ContainerBalancerTask (ContainerBalancerTask.java:lambda$initializeIteration$1(453)) - Datanode localhost-46.53.60.116 baa835cf-3aa8-42d1-9fb5-b637a51e4f40 is Over-Utilized.
2023-08-31 10:29:40,191 [main] DEBUG balancer.ContainerBalancerTask (ContainerBalancerTask.java:lambda$initializeIteration$1(453)) - Datanode localhost-160.72.1.101 df61809b-2573-487a-9ac3-8d311a61afef is Over-Utilized.
2023-08-31 10:29:40,191 [main] DEBUG balancer.ContainerBalancerTask (ContainerBalancerTask.java:lambda$initializeIteration$2(459)) - Datanode localhost-241.75.247.253 31e5fe2d-0da3-4d44-bfe7-2460cef53205 is Under-Utilized.
2023-08-31 10:29:40,191 [main] DEBUG balancer.ContainerBalancerTask (ContainerBalancerTask.java:lambda$initializeIteration$2(459)) - Datanode localhost-27.141.43.90 9555d7ec-4c59-4e1e-ba92-43cc0b6996b2 is Under-Utilized.
2023-08-31 10:29:40,191 [main] DEBUG balancer.ContainerBalancerTask (ContainerBalancerTask.java:lambda$initializeIteration$2(459)) - Datanode localhost-54.96.173.200 6e95aaeb-41f5-4fbb-ae66-abea7a4ed874 is Under-Utilized.
2023-08-31 10:29:40,194 [main] DEBUG balancer.ContainerBalancerTask (ContainerBalancerTask.java:matchSourceWithTarget(708)) - ContainerBalancer is finding suitable target for source datanode 6f14094d-541a-4c1b-8bef-14d98192c3f9
2023-08-31 10:29:40,194 [main] INFO  balancer.ContainerBalancerTask (ContainerBalancerTask.java:matchSourceWithTarget(722)) - ContainerBalancer matched source datanode 6f14094d-541a-4c1b-8bef-14d98192c3f9 with target datanode 31e5fe2d-0da3-4d44-bfe7-2460cef53205 for container move.
2023-08-31 10:29:40,194 [main] INFO  balancer.ContainerBalancerTask (ContainerBalancerTask.java:processMoveSelection(569)) - ContainerBalancer is trying to move container #89 with size 4294967296B from source datanode 6f14094d-541a-4c1b-8bef-14d98192c3f9 to target datanode 31e5fe2d-0da3-4d44-bfe7-2460cef53205
2023-08-31 10:29:40,194 [main] DEBUG balancer.ContainerBalancerTask (ContainerBalancerTask.java:lambda$moveContainer$3(837)) - Container move completed for container #89 from source 6f14094d-541a-4c1b-8bef-14d98192c3f9 to target 31e5fe2d-0da3-4d44-bfe7-2460cef53205
2023-08-31 10:29:40,197 [main] DEBUG balancer.ContainerBalancerTask (ContainerBalancerTask.java:matchSourceWithTarget(708)) - ContainerBalancer is finding suitable target for source datanode 6f14094d-541a-4c1b-8bef-14d98192c3f9
2023-08-31 10:29:40,197 [main] INFO  balancer.ContainerBalancerTask (ContainerBalancerTask.java:matchSourceWithTarget(722)) - ContainerBalancer matched source datanode 6f14094d-541a-4c1b-8bef-14d98192c3f9 with target datanode 9555d7ec-4c59-4e1e-ba92-43cc0b6996b2 for container move.
2023-08-31 10:29:40,197 [main] INFO  balancer.ContainerBalancerTask (ContainerBalancerTask.java:processMoveSelection(569)) - ContainerBalancer is trying to move container #85 with size 5368709120B from source datanode 6f14094d-541a-4c1b-8bef-14d98192c3f9 to target datanode 9555d7ec-4c59-4e1e-ba92-43cc0b6996b2
2023-08-31 10:29:40,198 [main] DEBUG balancer.ContainerBalancerTask (ContainerBalancerTask.java:lambda$moveContainer$3(837)) - Container move completed for container #85 from source 6f14094d-541a-4c1b-8bef-14d98192c3f9 to target 9555d7ec-4c59-4e1e-ba92-43cc0b6996b2
2023-08-31 10:29:40,200 [main] DEBUG balancer.ContainerBalancerTask (ContainerBalancerTask.java:matchSourceWithTarget(708)) - ContainerBalancer is finding suitable target for source datanode 55f1d584-79f8-4328-9899-2266abd3f61e
2023-08-31 10:29:40,200 [main] INFO  balancer.ContainerBalancerTask (ContainerBalancerTask.java:matchSourceWithTarget(722)) - ContainerBalancer matched source datanode 55f1d584-79f8-4328-9899-2266abd3f61e with target datanode 9555d7ec-4c59-4e1e-ba92-43cc0b6996b2 for container move.
2023-08-31 10:29:40,201 [main] INFO  balancer.ContainerBalancerTask (ContainerBalancerTask.java:processMoveSelection(569)) - ContainerBalancer is trying to move container #53 with size 5368709120B from source datanode 55f1d584-79f8-4328-9899-2266abd3f61e to target datanode 9555d7ec-4c59-4e1e-ba92-43cc0b6996b2
2023-08-31 10:29:40,201 [main] DEBUG balancer.ContainerBalancerTask (ContainerBalancerTask.java:lambda$moveContainer$3(837)) - Container move completed for container #53 from source 55f1d584-79f8-4328-9899-2266abd3f61e to target 9555d7ec-4c59-4e1e-ba92-43cc0b6996b2
2023-08-31 10:29:40,203 [main] DEBUG balancer.ContainerBalancerTask (ContainerBalancerTask.java:matchSourceWithTarget(708)) - ContainerBalancer is finding suitable target for source datanode 6f14094d-541a-4c1b-8bef-14d98192c3f9
2023-08-31 10:29:40,204 [main] INFO  balancer.ContainerBalancerTask (ContainerBalancerTask.java:matchSourceWithTarget(722)) - ContainerBalancer matched source datanode 6f14094d-541a-4c1b-8bef-14d98192c3f9 with target datanode 9555d7ec-4c59-4e1e-ba92-43cc0b6996b2 for container move.
2023-08-31 10:29:40,204 [main] INFO  balancer.ContainerBalancerTask (ContainerBalancerTask.java:processMoveSelection(569)) - ContainerBalancer is trying to move container #29 with size 5368709120B from source datanode 6f14094d-541a-4c1b-8bef-14d98192c3f9 to target datanode 9555d7ec-4c59-4e1e-ba92-43cc0b6996b2
2023-08-31 10:29:40,204 [main] DEBUG balancer.ContainerBalancerTask (ContainerBalancerTask.java:lambda$moveContainer$3(837)) - Container move completed for container #29 from source 6f14094d-541a-4c1b-8bef-14d98192c3f9 to target 9555d7ec-4c59-4e1e-ba92-43cc0b6996b2
2023-08-31 10:29:40,207 [main] DEBUG balancer.ContainerBalancerTask (ContainerBalancerTask.java:matchSourceWithTarget(708)) - ContainerBalancer is finding suitable target for source datanode 55f1d584-79f8-4328-9899-2266abd3f61e
2023-08-31 10:29:40,207 [main] INFO  balancer.ContainerBalancerTask (ContainerBalancerTask.java:matchSourceWithTarget(722)) - ContainerBalancer matched source datanode 55f1d584-79f8-4328-9899-2266abd3f61e with target datanode 9555d7ec-4c59-4e1e-ba92-43cc0b6996b2 for container move.
2023-08-31 10:29:40,207 [main] INFO  balancer.ContainerBalancerTask (ContainerBalancerTask.java:processMoveSelection(569)) - ContainerBalancer is trying to move container #67 with size 4294967296B from source datanode 55f1d584-79f8-4328-9899-2266abd3f61e to target datanode 9555d7ec-4c59-4e1e-ba92-43cc0b6996b2
2023-08-31 10:29:40,207 [main] DEBUG balancer.ContainerBalancerTask (ContainerBalancerTask.java:lambda$moveContainer$3(837)) - Container move completed for container #67 from source 55f1d584-79f8-4328-9899-2266abd3f61e to target 9555d7ec-4c59-4e1e-ba92-43cc0b6996b2
2023-08-31 10:29:40,209 [main] DEBUG balancer.ContainerBalancerTask (ContainerBalancerTask.java:matchSourceWithTarget(708)) - ContainerBalancer is finding suitable target for source datanode 4d349d2c-d714-43bb-8a98-1ea615af93f5
2023-08-31 10:29:40,210 [main] INFO  balancer.ContainerBalancerTask (ContainerBalancerTask.java:matchSourceWithTarget(722)) - ContainerBalancer matched source datanode 4d349d2c-d714-43bb-8a98-1ea615af93f5 with target datanode 9555d7ec-4c59-4e1e-ba92-43cc0b6996b2 for container move.
2023-08-31 10:29:40,210 [main] INFO  balancer.ContainerBalancerTask (ContainerBalancerTask.java:processMoveSelection(569)) - ContainerBalancer is trying to move container #71 with size 3221225472B from source datanode 4d349d2c-d714-43bb-8a98-1ea615af93f5 to target datanode 9555d7ec-4c59-4e1e-ba92-43cc0b6996b2
2023-08-31 10:29:40,210 [main] DEBUG balancer.ContainerBalancerTask (ContainerBalancerTask.java:lambda$moveContainer$3(837)) - Container move completed for container #71 from source 4d349d2c-d714-43bb-8a98-1ea615af93f5 to target 9555d7ec-4c59-4e1e-ba92-43cc0b6996b2
2023-08-31 10:29:40,213 [main] DEBUG balancer.ContainerBalancerTask (ContainerBalancerTask.java:matchSourceWithTarget(708)) - ContainerBalancer is finding suitable target for source datanode 6f14094d-541a-4c1b-8bef-14d98192c3f9
2023-08-31 10:29:40,213 [main] INFO  balancer.ContainerBalancerTask (ContainerBalancerTask.java:matchSourceWithTarget(722)) - ContainerBalancer matched source datanode 6f14094d-541a-4c1b-8bef-14d98192c3f9 with target datanode 9555d7ec-4c59-4e1e-ba92-43cc0b6996b2 for container move.
2023-08-31 10:29:40,213 [main] INFO  balancer.ContainerBalancerTask (ContainerBalancerTask.java:processMoveSelection(569)) - ContainerBalancer is trying to move container #84 with size 4294967296B from source datanode 6f14094d-541a-4c1b-8bef-14d98192c3f9 to target datanode 9555d7ec-4c59-4e1e-ba92-43cc0b6996b2
2023-08-31 10:29:40,213 [main] DEBUG balancer.ContainerBalancerTask (ContainerBalancerTask.java:lambda$moveContainer$3(837)) - Container move completed for container #84 from source 6f14094d-541a-4c1b-8bef-14d98192c3f9 to target 9555d7ec-4c59-4e1e-ba92-43cc0b6996b2
2023-08-31 10:29:40,216 [main] DEBUG balancer.ContainerBalancerTask (ContainerBalancerTask.java:matchSourceWithTarget(708)) - ContainerBalancer is finding suitable target for source datanode 4d349d2c-d714-43bb-8a98-1ea615af93f5
2023-08-31 10:29:40,216 [main] INFO  balancer.ContainerBalancerTask (ContainerBalancerTask.java:matchSourceWithTarget(722)) - ContainerBalancer matched source datanode 4d349d2c-d714-43bb-8a98-1ea615af93f5 with target datanode 9555d7ec-4c59-4e1e-ba92-43cc0b6996b2 for container move.
2023-08-31 10:29:40,216 [main] INFO  balancer.ContainerBalancerTask (ContainerBalancerTask.java:processMoveSelection(569)) - ContainerBalancer is trying to move container #51 with size 3221225472B from source datanode 4d349d2c-d714-43bb-8a98-1ea615af93f5 to target datanode 9555d7ec-4c59-4e1e-ba92-43cc0b6996b2
2023-08-31 10:29:40,216 [main] DEBUG balancer.ContainerBalancerTask (ContainerBalancerTask.java:lambda$moveContainer$3(837)) - Container move completed for container #51 from source 4d349d2c-d714-43bb-8a98-1ea615af93f5 to target 9555d7ec-4c59-4e1e-ba92-43cc0b6996b2
2023-08-31 10:29:40,219 [main] DEBUG balancer.ContainerBalancerTask (ContainerBalancerTask.java:matchSourceWithTarget(708)) - ContainerBalancer is finding suitable target for source datanode 55f1d584-79f8-4328-9899-2266abd3f61e
2023-08-31 10:29:40,219 [main] INFO  balancer.ContainerBalancerTask (ContainerBalancerTask.java:matchSourceWithTarget(722)) - ContainerBalancer matched source datanode 55f1d584-79f8-4328-9899-2266abd3f61e with target datanode 9555d7ec-4c59-4e1e-ba92-43cc0b6996b2 for container move.
2023-08-31 10:29:40,220 [main] INFO  balancer.ContainerBalancerTask (ContainerBalancerTask.java:processMoveSelection(569)) - ContainerBalancer is trying to move container #19 with size 4294967296B from source datanode 55f1d584-79f8-4328-9899-2266abd3f61e to target datanode 9555d7ec-4c59-4e1e-ba92-43cc0b6996b2
2023-08-31 10:29:40,220 [main] DEBUG balancer.ContainerBalancerTask (ContainerBalancerTask.java:lambda$moveContainer$3(837)) - Container move completed for container #19 from source 55f1d584-79f8-4328-9899-2266abd3f61e to target 9555d7ec-4c59-4e1e-ba92-43cc0b6996b2
2023-08-31 10:29:40,223 [main] DEBUG balancer.ContainerBalancerTask (ContainerBalancerTask.java:matchSourceWithTarget(708)) - ContainerBalancer is finding suitable target for source datanode baa835cf-3aa8-42d1-9fb5-b637a51e4f40
2023-08-31 10:29:40,223 [main] INFO  balancer.ContainerBalancerTask (ContainerBalancerTask.java:matchSourceWithTarget(722)) - ContainerBalancer matched source datanode baa835cf-3aa8-42d1-9fb5-b637a51e4f40 with target datanode 9555d7ec-4c59-4e1e-ba92-43cc0b6996b2 for container move.
2023-08-31 10:29:40,223 [main] INFO  balancer.ContainerBalancerTask (ContainerBalancerTask.java:processMoveSelection(569)) - ContainerBalancer is trying to move container #39 with size 4294967296B from source datanode baa835cf-3aa8-42d1-9fb5-b637a51e4f40 to target datanode 9555d7ec-4c59-4e1e-ba92-43cc0b6996b2
2023-08-31 10:29:40,224 [main] DEBUG balancer.ContainerBalancerTask (ContainerBalancerTask.java:lambda$moveContainer$3(837)) - Container move completed for container #39 from source baa835cf-3aa8-42d1-9fb5-b637a51e4f40 to target 9555d7ec-4c59-4e1e-ba92-43cc0b6996b2
2023-08-31 10:29:40,227 [main] DEBUG balancer.ContainerBalancerTask (ContainerBalancerTask.java:matchSourceWithTarget(708)) - ContainerBalancer is finding suitable target for source datanode 6f14094d-541a-4c1b-8bef-14d98192c3f9
2023-08-31 10:29:40,227 [main] INFO  balancer.ContainerBalancerTask (ContainerBalancerTask.java:matchSourceWithTarget(722)) - ContainerBalancer matched source datanode 6f14094d-541a-4c1b-8bef-14d98192c3f9 with target datanode 6e95aaeb-41f5-4fbb-ae66-abea7a4ed874 for container move.
2023-08-31 10:29:40,227 [main] INFO  balancer.ContainerBalancerTask (ContainerBalancerTask.java:processMoveSelection(569)) - ContainerBalancer is trying to move container #28 with size 4294967296B from source datanode 6f14094d-541a-4c1b-8bef-14d98192c3f9 to target datanode 6e95aaeb-41f5-4fbb-ae66-abea7a4ed874
2023-08-31 10:29:40,227 [main] DEBUG balancer.ContainerBalancerTask (ContainerBalancerTask.java:lambda$moveContainer$3(837)) - Container move completed for container #28 from source 6f14094d-541a-4c1b-8bef-14d98192c3f9 to target 6e95aaeb-41f5-4fbb-ae66-abea7a4ed874
2023-08-31 10:29:40,230 [main] DEBUG balancer.ContainerBalancerTask (ContainerBalancerTask.java:matchSourceWithTarget(708)) - ContainerBalancer is finding suitable target for source datanode 4d349d2c-d714-43bb-8a98-1ea615af93f5
2023-08-31 10:29:40,230 [main] INFO  balancer.ContainerBalancerTask (ContainerBalancerTask.java:matchSourceWithTarget(722)) - ContainerBalancer matched source datanode 4d349d2c-d714-43bb-8a98-1ea615af93f5 with target datanode 9555d7ec-4c59-4e1e-ba92-43cc0b6996b2 for container move.
2023-08-31 10:29:40,230 [main] INFO  balancer.ContainerBalancerTask (ContainerBalancerTask.java:processMoveSelection(569)) - ContainerBalancer is trying to move container #18 with size 3221225472B from source datanode 4d349d2c-d714-43bb-8a98-1ea615af93f5 to target datanode 9555d7ec-4c59-4e1e-ba92-43cc0b6996b2
2023-08-31 10:29:40,231 [main] DEBUG balancer.ContainerBalancerTask (ContainerBalancerTask.java:lambda$moveContainer$3(837)) - Container move completed for container #18 from source 4d349d2c-d714-43bb-8a98-1ea615af93f5 to target 9555d7ec-4c59-4e1e-ba92-43cc0b6996b2
2023-08-31 10:29:40,234 [main] DEBUG balancer.ContainerBalancerTask (ContainerBalancerTask.java:matchSourceWithTarget(708)) - ContainerBalancer is finding suitable target for source datanode 55f1d584-79f8-4328-9899-2266abd3f61e
2023-08-31 10:29:40,234 [main] INFO  balancer.ContainerBalancerTask (ContainerBalancerTask.java:matchSourceWithTarget(722)) - ContainerBalancer matched source datanode 55f1d584-79f8-4328-9899-2266abd3f61e with target datanode 9555d7ec-4c59-4e1e-ba92-43cc0b6996b2 for container move.
2023-08-31 10:29:40,234 [main] INFO  balancer.ContainerBalancerTask (ContainerBalancerTask.java:processMoveSelection(569)) - ContainerBalancer is trying to move container #70 with size 2147483648B from source datanode 55f1d584-79f8-4328-9899-2266abd3f61e to target datanode 9555d7ec-4c59-4e1e-ba92-43cc0b6996b2
2023-08-31 10:29:40,234 [main] DEBUG balancer.ContainerBalancerTask (ContainerBalancerTask.java:lambda$moveContainer$3(837)) - Container move completed for container #70 from source 55f1d584-79f8-4328-9899-2266abd3f61e to target 9555d7ec-4c59-4e1e-ba92-43cc0b6996b2
2023-08-31 10:29:40,234 [main] WARN  balancer.ContainerBalancerTask (ContainerBalancerTask.java:reachedMaxSizeToMovePerIteration(733)) - Reached max size to move limit. 53687091200 bytes have already been scheduled for balancing and the limit is 53687091200 bytes.
2023-08-31 10:29:40,234 [main] INFO  balancer.ContainerBalancerTask (ContainerBalancerTask.java:checkIterationMoveResults(642)) - Iteration Summary. Number of Datanodes involved: 7. Size moved: 50 GB (53687091200 Bytes). Number of Container moves completed: 13.
2023-08-31 10:29:40,235 [main] INFO  balancer.ContainerBalancerTask (ContainerBalancerTask.java:balance(259)) - Result of this iteration of Container Balancer: ITERATION_COMPLETED
2023-08-31 10:29:40,235 [main] INFO  balancer.ContainerBalancerTask (ContainerBalancerTask.java:tryStopWithSaveConfiguration(308)) - Save Configuration for stopping. Reason: Completed all iterations.
]]></system-out>
  </testcase>
</testsuite>